Component 105
1	-1	0	TCACAACTATCATCCTTTGCCCGT	1
2	1	1	CACAACTATCATCCTTTGCCCGTT	1
3	2	1	ACAACTATCATCCTTTGCCCGTTT	1
4	3	1	CAACTATCATCCTTTGCCCGTTTG	1
5	4	1	AACTATCATCCTTTGCCCGTTTGC	1
6	5	1	ACTATCATCCTTTGCCCGTTTGCT	1
7	6	2	CTATCATCCTTTGCCCGTTTGCTT	1
8	7	2	TATCATCCTTTGCCCGTTTGCTTC	1
9	8	2	ATCATCCTTTGCCCGTTTGCTTCT	1
10	9	2	TCATCCTTTGCCCGTTTGCTTCTC	1
11	10	2	CATCCTTTGCCCGTTTGCTTCTCC	1
12	11	2	ATCCTTTGCCCGTTTGCTTCTCCA	1
13	12	2	TCCTTTGCCCGTTTGCTTCTCCAA	1
14	13	2	CCTTTGCCCGTTTGCTTCTCCAAG	1
15	14	2	CTTTGCCCGTTTGCTTCTCCAAGG	1
16	15	2	TTTGCCCGTTTGCTTCTCCAAGGC	1
17	16	2	TTGCCCGTTTGCTTCTCCAAGGCT	1
18	17	2	TGCCCGTTTGCTTCTCCAAGGCTA	1
19	18	2	GCCCGTTTGCTTCTCCAAGGCTAA	1
20	19	2	CCCGTTTGCTTCTCCAAGGCTAAG	1
21	20	2	CCGTTTGCTTCTCCAAGGCTAAGG	1
22	21	2	CGTTTGCTTCTCCAAGGCTAAGGG	1
23	22	2	GTTTGCTTCTCCAAGGCTAAGGGG	1
24	23	3	TTTGCTTCTCCAAGGCTAAGGGGG	1
25	24	3	TTGCTTCTCCAAGGCTAAGGGGGC	1
26	25	3	TGCTTCTCCAAGGCTAAGGGGGCT	1
27	26	3	GCTTCTCCAAGGCTAAGGGGGCTA	1
28	27	3	CTTCTCCAAGGCTAAGGGGGCTAA	1
29	28	3	TTCTCCAAGGCTAAGGGGGCTAAG	1
30	29	3	TCTCCAAGGCTAAGGGGGCTAAGG	1
31	30	3	CTCCAAGGCTAAGGGGGCTAAGGT	1
32	31	3	TCCAAGGCTAAGGGGGCTAAGGTT	1
33	32	3	CCAAGGCTAAGGGGGCTAAGGTTT	1
34	33	4	CAAGGCTAAGGGGGCTAAGGTTTG	1
35	34	4	AAGGCTAAGGGGGCTAAGGTTTGG	1
36	35	4	AGGCTAAGGGGGCTAAGGTTTGGG	1
37	36	4	GGCTAAGGGGGCTAAGGTTTGGGA	1
38	37	4	GCTAAGGGGGCTAAGGTTTGGGAT	1
39	38	4	CTAAGGGGGCTAAGGTTTGGGATC	1
40	39	4	TAAGGGGGCTAAGGTTTGGGATCC	1
41	40	4	AAGGGGGCTAAGGTTTGGGATCCT	1
42	41	4	AGGGGGCTAAGGTTTGGGATCCTG	1
43	42	4	GGGGGCTAAGGTTTGGGATCCTGA	1
44	43	4	GGGGCTAAGGTTTGGGATCCTGAA	1
45	44	4	GGGCTAAGGTTTGGGATCCTGAAG	1
46	45	3	GGCTAAGGTTTGGGATCCTGAAGG	1
47	46	3	GCTAAGGTTTGGGATCCTGAAGGA	1
48	47	3	CTAAGGTTTGGGATCCTGAAGGAA	1
49	48	3	TAAGGTTTGGGATCCTGAAGGAAG	1
50	49	3	AAGGTTTGGGATCCTGAAGGAAGA	1
51	50	2	AGGTTTGGGATCCTGAAGGAAGAG	1
52	51	2	GGTTTGGGATCCTGAAGGAAGAGA	1
53	52	2	GTTTGGGATCCTGAAGGAAGAGAA	1
54	53	2	TTTGGGATCCTGAAGGAAGAGAAT	1
55	54	2	TTGGGATCCTGAAGGAAGAGAATA	1
56	55	2	TGGGATCCTGAAGGAAGAGAATAC	1
57	56	3	GGGATCCTGAAGGAAGAGAATACC	1
58	57	4	GGATCCTGAAGGAAGAGAATACCT	1
59	58	5	GATCCTGAAGGAAGAGAATACCTT	1
60	59	4	ATCCTGAAGGAAGAGAATACCTTG	1
61	60	4	TCCTGAAGGAAGAGAATACCTTGA	1
62	61	4	CCTGAAGGAAGAGAATACCTTGAC	1
63	62	4	CTGAAGGAAGAGAATACCTTGACT	1
64	63	4	TGAAGGAAGAGAATACCTTGACTT	1
65	64	4	GAAGGAAGAGAATACCTTGACTTT	1
66	65	4	AAGGAAGAGAATACCTTGACTTTT	1
67	66	4	AGGAAGAGAATACCTTGACTTTTT	1
68	67	3	GGAAGAGAATACCTTGACTTTTTG	1
69	68	3	GAAGAGAATACCTTGACTTTTTGT	1
70	69	3	AAGAGAATACCTTGACTTTTTGTC	1
71	70	3	AGAGAATACCTTGACTTTTTGTCC	1
72	71	3	GAGAATACCTTGACTTTTTGTCCG	1
73	72	4	AGAATACCTTGACTTTTTGTCCGC	1
74	73	4	GAATACCTTGACTTTTTGTCCGCA	1
75	74	4	AATACCTTGACTTTTTGTCCGCAT	1
76	75	4	ATACCTTGACTTTTTGTCCGCATA	1
77	76	5	TACCTTGACTTTTTGTCCGCATAC	1
78	77	5	ACCTTGACTTTTTGTCCGCATACT	1
79	78	5	CCTTGACTTTTTGTCCGCATACTC	1
80	79	5	CTTGACTTTTTGTCCGCATACTCT	1
81	80	5	TTGACTTTTTGTCCGCATACTCTG	1
82	81	4	TGACTTTTTGTCCGCATACTCTGC	1
83	82	4	GACTTTTTGTCCGCATACTCTGCG	1
84	83	4	ACTTTTTGTCCGCATACTCTGCGG	1
85	84	4	CTTTTTGTCCGCATACTCTGCGGT	1
86	85	4	TTTTTGTCCGCATACTCTGCGGTC	1
87	86	4	TTTTGTCCGCATACTCTGCGGTCA	1
88	87	4	TTTGTCCGCATACTCTGCGGTCAA	1
89	88	4	TTGTCCGCATACTCTGCGGTCAAC	1
90	89	4	TGTCCGCATACTCTGCGGTCAACC	1
91	90	4	GTCCGCATACTCTGCGGTCAACCA	1
92	91	4	TCCGCATACTCTGCGGTCAACCAA	1
93	92	4	CCGCATACTCTGCGGTCAACCAAG	1
94	93	4	CGCATACTCTGCGGTCAACCAAGG	1
95	94	4	GCATACTCTGCGGTCAACCAAGGT	1
96	95	4	CATACTCTGCGGTCAACCAAGGTC	1
97	96	4	ATACTCTGCGGTCAACCAAGGTCA	1
98	97	4	TACTCTGCGGTCAACCAAGGTCAT	1
99	98	4	ACTCTGCGGTCAACCAAGGTCATT	1
100	99	4	CTCTGCGGTCAACCAAGGTCATTG	1
101	100	4	TCTGCGGTCAACCAAGGTCATTGC	1
102	101	3	CTGCGGTCAACCAAGGTCATTGCC	1
103	102	2	TGCGGTCAACCAAGGTCATTGCCA	1
104	103	2	GCGGTCAACCAAGGTCATTGCCAT	1
105	104	2	CGGTCAACCAAGGTCATTGCCATC	1
106	105	2	GGTCAACCAAGGTCATTGCCATCC	1
107	106	2	GTCAACCAAGGTCATTGCCATCCT	1
108	107	2	TCAACCAAGGTCATTGCCATCCTA	1
109	108	2	CAACCAAGGTCATTGCCATCCTAA	1
110	109	2	AACCAAGGTCATTGCCATCCTAAA	1
111	110	2	ACCAAGGTCATTGCCATCCTAAAA	1
112	111	2	CCAAGGTCATTGCCATCCTAAAAT	1
113	112	2	CAAGGTCATTGCCATCCTAAAATT	1
114	113	2	AAGGTCATTGCCATCCTAAAATTA	1
115	114	2	AGGTCATTGCCATCCTAAAATTAT	1
116	115	2	GGTCATTGCCATCCTAAAATTATT	1
117	116	1	GTCATTGCCATCCTAAAATTATTG	1
118	117	1	TCATTGCCATCCTAAAATTATTGA	1
119	118	1	CATTGCCATCCTAAAATTATTGAA	1
120	119	1	ATTGCCATCCTAAAATTATTGAAG	1
121	-1	0	TCGAATCTGAAAAAGAGTAAACAT	1
122	121	3	CGAATCTGAAAAAGAGTAAACATC	1
123	122	3	GAATCTGAAAAAGAGTAAACATCA	1
124	123	3	AATCTGAAAAAGAGTAAACATCAA	1
125	124	3	ATCTGAAAAAGAGTAAACATCAAG	1
126	125	3	TCTGAAAAAGAGTAAACATCAAGG	1
127	126	3	CTGAAAAAGAGTAAACATCAAGGC	1
128	127	3	TGAAAAAGAGTAAACATCAAGGCA	1
129	128	3	GAAAAAGAGTAAACATCAAGGCAA	1
130	129	3	AAAAAGAGTAAACATCAAGGCAAA	1
131	130	4	AAAAGAGTAAACATCAAGGCAAAG	1
132	131	4	AAAGAGTAAACATCAAGGCAAAGT	1
133	132	4	AAGAGTAAACATCAAGGCAAAGTC	1
134	133	4	AGAGTAAACATCAAGGCAAAGTCA	1
135	134	3	GAGTAAACATCAAGGCAAAGTCAG	1
136	135	4	AGTAAACATCAAGGCAAAGTCAGA	1
137	136	4	GTAAACATCAAGGCAAAGTCAGAT	1
138	137	4	TAAACATCAAGGCAAAGTCAGATT	1
139	138	4	AAACATCAAGGCAAAGTCAGATTA	1
140	139	4	AACATCAAGGCAAAGTCAGATTAT	1
141	140	4	ACATCAAGGCAAAGTCAGATTATC	1
142	141	4	CATCAAGGCAAAGTCAGATTATCA	1
143	142	4	ATCAAGGCAAAGTCAGATTATCAA	1
144	143	4	TCAAGGCAAAGTCAGATTATCAAA	1
145	144	4	CAAGGCAAAGTCAGATTATCAAAG	1
146	145	4	AAGGCAAAGTCAGATTATCAAAGG	1
147	146	4	AGGCAAAGTCAGATTATCAAAGGA	1
148	147	4	GGCAAAGTCAGATTATCAAAGGAG	1
149	148	4	GCAAAGTCAGATTATCAAAGGAGT	1
150	149	4	CAAAGTCAGATTATCAAAGGAGTT	1
151	150	4	AAAGTCAGATTATCAAAGGAGTTA	1
152	151	4	AAGTCAGATTATCAAAGGAGTTAA	1
153	152	4	AGTCAGATTATCAAAGGAGTTAAG	1
154	153	4	GTCAGATTATCAAAGGAGTTAAGA	1
155	154	4	TCAGATTATCAAAGGAGTTAAGAG	1
156	155	4	CAGATTATCAAAGGAGTTAAGAGA	1
157	156	4	AGATTATCAAAGGAGTTAAGAGAT	1
158	157	4	GATTATCAAAGGAGTTAAGAGATT	1
159	158	4	ATTATCAAAGGAGTTAAGAGATTA	1
160	159	4	TTATCAAAGGAGTTAAGAGATTAT	1
161	160	4	TATCAAAGGAGTTAAGAGATTATT	1
162	161	4	ATCAAAGGAGTTAAGAGATTATTG	1
163	162	4	TCAAAGGAGTTAAGAGATTATTGT	1
164	163	4	CAAAGGAGTTAAGAGATTATTGTG	1
165	164	4	AAAGGAGTTAAGAGATTATTGTGT	1
166	165	2	AAGGAGTTAAGAGATTATTGTGTA	1
167	166	2	AGGAGTTAAGAGATTATTGTGTAA	1
168	167	2	GGAGTTAAGAGATTATTGTGTAAT	1
169	168	2	GAGTTAAGAGATTATTGTGTAATC	1
170	169	2	AGTTAAGAGATTATTGTGTAATCT	1
171	170	2	GTTAAGAGATTATTGTGTAATCTT	1
172	171	2	TTAAGAGATTATTGTGTAATCTTG	1
173	172	2	TAAGAGATTATTGTGTAATCTTGA	1
174	173	2	AAGAGATTATTGTGTAATCTTGAA	1
175	174	1	AGAGATTATTGTGTAATCTTGAAT	1
176	175	1	GAGATTATTGTGTAATCTTGAATC	1
177	176	1	AGATTATTGTGTAATCTTGAATCA	1
178	177	2	GATTATTGTGTAATCTTGAATCAG	1
179	178	3	ATTATTGTGTAATCTTGAATCAGT	1
180	179	2	TTATTGTGTAATCTTGAATCAGTT	1
181	180	2	TATTGTGTAATCTTGAATCAGTTT	1
182	181	2	ATTGTGTAATCTTGAATCAGTTTT	1
183	182	2	TTGTGTAATCTTGAATCAGTTTTC	1
184	183	2	TGTGTAATCTTGAATCAGTTTTCT	1
185	184	2	GTGTAATCTTGAATCAGTTTTCTT	1
186	185	2	TGTAATCTTGAATCAGTTTTCTTT	1
187	186	2	GTAATCTTGAATCAGTTTTCTTTA	1
188	187	2	TAATCTTGAATCAGTTTTCTTTAG	1
189	188	2	AATCTTGAATCAGTTTTCTTTAGG	1
190	189	2	ATCTTGAATCAGTTTTCTTTAGGT	1
191	190	2	TCTTGAATCAGTTTTCTTTAGGTC	1
192	191	2	CTTGAATCAGTTTTCTTTAGGTCT	1
193	192	2	TTGAATCAGTTTTCTTTAGGTCTT	1
194	193	2	TGAATCAGTTTTCTTTAGGTCTTA	1
195	194	2	GAATCAGTTTTCTTTAGGTCTTAG	1
196	195	2	AATCAGTTTTCTTTAGGTCTTAGT	1
197	196	2	ATCAGTTTTCTTTAGGTCTTAGTA	1
198	197	2	TCAGTTTTCTTTAGGTCTTAGTAA	1
199	198	2	CAGTTTTCTTTAGGTCTTAGTAAA	1
200	199	2	AGTTTTCTTTAGGTCTTAGTAAAT	1
201	200	2	GTTTTCTTTAGGTCTTAGTAAATT	1
202	201	2	TTTTCTTTAGGTCTTAGTAAATTC	1
203	202	2	TTTCTTTAGGTCTTAGTAAATTCT	1
204	203	2	TTCTTTAGGTCTTAGTAAATTCTT	1
205	204	2	TCTTTAGGTCTTAGTAAATTCTTC	1
206	205	2	CTTTAGGTCTTAGTAAATTCTTCA	1
207	206	2	TTTAGGTCTTAGTAAATTCTTCAT	1
208	207	2	TTAGGTCTTAGTAAATTCTTCATT	1
209	208	2	TAGGTCTTAGTAAATTCTTCATTA	1
210	209	2	AGGTCTTAGTAAATTCTTCATTAT	1
211	210	2	GGTCTTAGTAAATTCTTCATTATG	1
212	211	2	GTCTTAGTAAATTCTTCATTATGT	1
213	212	2	TCTTAGTAAATTCTTCATTATGTC	1
214	213	2	CTTAGTAAATTCTTCATTATGTCA	1
215	214	2	TTAGTAAATTCTTCATTATGTCAG	1
216	215	2	TAGTAAATTCTTCATTATGTCAGC	1
217	216	2	AGTAAATTCTTCATTATGTCAGCC	1
218	217	2	GTAAATTCTTCATTATGTCAGCCG	1
219	218	2	TAAATTCTTCATTATGTCAGCCGA	1
220	219	2	AAATTCTTCATTATGTCAGCCGAA	1
221	220	2	AATTCTTCATTATGTCAGCCGAAT	1
222	221	1	ATTCTTCATTATGTCAGCCGAATC	1
