Component 106
1	-1	0	GCATTGGCCAAGAAGCTGTAGCTG	1
2	1	1	CATTGGCCAAGAAGCTGTAGCTGC	1
3	2	1	ATTGGCCAAGAAGCTGTAGCTGCA	1
4	3	1	TTGGCCAAGAAGCTGTAGCTGCAG	1
5	4	1	TGGCCAAGAAGCTGTAGCTGCAGG	1
6	5	1	GGCCAAGAAGCTGTAGCTGCAGGA	1
7	6	1	GCCAAGAAGCTGTAGCTGCAGGAA	1
8	7	1	CCAAGAAGCTGTAGCTGCAGGAAT	1
9	8	1	CAAGAAGCTGTAGCTGCAGGAATT	1
10	9	1	AAGAAGCTGTAGCTGCAGGAATTG	1
11	10	1	AGAAGCTGTAGCTGCAGGAATTGA	1
12	11	1	GAAGCTGTAGCTGCAGGAATTGAA	1
13	12	1	AAGCTGTAGCTGCAGGAATTGAAG	1
14	13	1	AGCTGTAGCTGCAGGAATTGAAGG	1
15	14	1	GCTGTAGCTGCAGGAATTGAAGGT	1
16	15	1	CTGTAGCTGCAGGAATTGAAGGTG	1
17	16	1	TGTAGCTGCAGGAATTGAAGGTGC	1
18	17	1	GTAGCTGCAGGAATTGAAGGTGCT	1
19	18	1	TAGCTGCAGGAATTGAAGGTGCTA	1
20	19	1	AGCTGCAGGAATTGAAGGTGCTAT	1
21	20	1	GCTGCAGGAATTGAAGGTGCTATT	1
22	21	1	CTGCAGGAATTGAAGGTGCTATTA	1
23	22	1	TGCAGGAATTGAAGGTGCTATTAC	1
24	23	1	GCAGGAATTGAAGGTGCTATTACA	1
25	24	1	CAGGAATTGAAGGTGCTATTACAC	1
26	25	1	AGGAATTGAAGGTGCTATTACACT	1
27	26	1	GGAATTGAAGGTGCTATTACACTT	1
28	27	1	GAATTGAAGGTGCTATTACACTTG	1
29	28	1	AATTGAAGGTGCTATTACACTTGA	1
30	29	1	ATTGAAGGTGCTATTACACTTGAC	1
31	30	1	TTGAAGGTGCTATTACACTTGACG	1
32	31	1	TGAAGGTGCTATTACACTTGACGA	1
33	32	2	GAAGGTGCTATTACACTTGACGAC	1
34	33	2	AAGGTGCTATTACACTTGACGACA	1
35	34	2	AGGTGCTATTACACTTGACGACAG	1
36	35	2	GGTGCTATTACACTTGACGACAGT	1
37	36	2	GTGCTATTACACTTGACGACAGTA	1
38	37	2	TGCTATTACACTTGACGACAGTAT	1
39	38	2	GCTATTACACTTGACGACAGTATT	1
40	39	2	CTATTACACTTGACGACAGTATTA	1
41	40	2	TATTACACTTGACGACAGTATTAT	1
42	41	2	ATTACACTTGACGACAGTATTATC	1
43	42	2	TTACACTTGACGACAGTATTATCA	1
44	43	2	TACACTTGACGACAGTATTATCAC	1
45	44	2	ACACTTGACGACAGTATTATCACA	1
46	45	1	CACTTGACGACAGTATTATCACAT	1
47	46	1	ACTTGACGACAGTATTATCACATC	1
48	47	1	CTTGACGACAGTATTATCACATCT	1
49	48	1	TTGACGACAGTATTATCACATCTT	1
50	49	1	TGACGACAGTATTATCACATCTTA	1
51	50	1	GACGACAGTATTATCACATCTTAT	1
52	51	1	ACGACAGTATTATCACATCTTATA	1
53	52	1	CGACAGTATTATCACATCTTATAG	1
54	53	1	GACAGTATTATCACATCTTATAGA	1
55	54	1	ACAGTATTATCACATCTTATAGAT	1
56	55	1	CAGTATTATCACATCTTATAGATG	1
57	56	1	AGTATTATCACATCTTATAGATGC	1
58	57	1	GTATTATCACATCTTATAGATGCC	1
59	58	1	TATTATCACATCTTATAGATGCCA	1
60	59	1	ATTATCACATCTTATAGATGCCAC	1
61	60	1	TTATCACATCTTATAGATGCCACG	1
62	61	1	TATCACATCTTATAGATGCCACGG	1
63	62	1	ATCACATCTTATAGATGCCACGGT	1
64	63	1	TCACATCTTATAGATGCCACGGTT	1
65	64	1	CACATCTTATAGATGCCACGGTTT	1
66	65	1	ACATCTTATAGATGCCACGGTTTT	1
67	66	1	CATCTTATAGATGCCACGGTTTTG	1
68	67	1	ATCTTATAGATGCCACGGTTTTGC	1
69	68	1	TCTTATAGATGCCACGGTTTTGCT	1
70	69	1	CTTATAGATGCCACGGTTTTGCTT	1
71	70	1	TTATAGATGCCACGGTTTTGCTTA	1
72	71	1	TATAGATGCCACGGTTTTGCTTAT	1
73	72	3	ATAGATGCCACGGTTTTGCTTATA	1
74	73	4	TAGATGCCACGGTTTTGCTTATAC	1
75	74	4	AGATGCCACGGTTTTGCTTATACC	1
76	75	4	GATGCCACGGTTTTGCTTATACCC	1
77	76	4	ATGCCACGGTTTTGCTTATACCCG	1
78	77	4	TGCCACGGTTTTGCTTATACCCGT	1
79	78	4	GCCACGGTTTTGCTTATACCCGTG	1
80	79	4	CCACGGTTTTGCTTATACCCGTGG	1
81	80	4	CACGGTTTTGCTTATACCCGTGGT	1
82	81	4	ACGGTTTTGCTTATACCCGTGGTT	1
83	82	4	CGGTTTTGCTTATACCCGTGGTTT	1
84	83	4	GGTTTTGCTTATACCCGTGGTTTG	1
85	84	4	GTTTTGCTTATACCCGTGGTTTGT	1
86	85	4	TTTTGCTTATACCCGTGGTTTGTC	1
87	86	4	TTTGCTTATACCCGTGGTTTGTCA	1
88	87	4	TTGCTTATACCCGTGGTTTGTCAA	1
89	88	4	TGCTTATACCCGTGGTTTGTCAAT	1
90	89	4	GCTTATACCCGTGGTTTGTCAATT	1
91	90	4	CTTATACCCGTGGTTTGTCAATTC	1
92	91	4	TTATACCCGTGGTTTGTCAATTCG	1
93	92	4	TATACCCGTGGTTTGTCAATTCGA	1
94	93	4	ATACCCGTGGTTTGTCAATTCGAA	1
95	94	4	TACCCGTGGTTTGTCAATTCGAAG	1
96	95	4	ACCCGTGGTTTGTCAATTCGAAGC	1
97	96	4	CCCGTGGTTTGTCAATTCGAAGCA	1
98	97	4	CCGTGGTTTGTCAATTCGAAGCAT	1
99	98	4	CGTGGTTTGTCAATTCGAAGCATT	1
100	99	4	GTGGTTTGTCAATTCGAAGCATTA	1
101	100	4	TGGTTTGTCAATTCGAAGCATTAT	1
102	101	4	GGTTTGTCAATTCGAAGCATTATT	1
103	102	4	GTTTGTCAATTCGAAGCATTATTG	1
104	103	4	TTTGTCAATTCGAAGCATTATTGG	1
105	104	4	TTGTCAATTCGAAGCATTATTGGT	1
106	105	4	TGTCAATTCGAAGCATTATTGGTG	1
107	106	4	GTCAATTCGAAGCATTATTGGTGA	1
108	107	4	TCAATTCGAAGCATTATTGGTGAG	1
109	108	4	CAATTCGAAGCATTATTGGTGAGC	1
110	109	4	AATTCGAAGCATTATTGGTGAGCT	1
111	110	4	ATTCGAAGCATTATTGGTGAGCTC	1
112	111	4	TTCGAAGCATTATTGGTGAGCTCA	1
113	112	4	TCGAAGCATTATTGGTGAGCTCAT	1
114	113	4	CGAAGCATTATTGGTGAGCTCATG	1
115	114	4	GAAGCATTATTGGTGAGCTCATGG	1
116	115	4	AAGCATTATTGGTGAGCTCATGGG	1
117	116	2	AGCATTATTGGTGAGCTCATGGGA	1
118	117	1	GCATTATTGGTGAGCTCATGGGAC	1
119	118	1	CATTATTGGTGAGCTCATGGGACG	1
120	119	1	ATTATTGGTGAGCTCATGGGACGT	1
121	-1	0	CTTCTATGGTGGTAATGGTATTGT	1
122	121	2	TTCTATGGTGGTAATGGTATTGTT	1
123	122	2	TCTATGGTGGTAATGGTATTGTTG	1
124	123	2	CTATGGTGGTAATGGTATTGTTGG	1
125	124	2	TATGGTGGTAATGGTATTGTTGGT	1
126	125	2	ATGGTGGTAATGGTATTGTTGGTG	1
127	126	2	TGGTGGTAATGGTATTGTTGGTGC	1
128	127	2	GGTGGTAATGGTATTGTTGGTGCT	1
129	128	2	GTGGTAATGGTATTGTTGGTGCTC	1
130	129	2	TGGTAATGGTATTGTTGGTGCTCA	1
131	130	2	GGTAATGGTATTGTTGGTGCTCAA	1
132	131	2	GTAATGGTATTGTTGGTGCTCAAA	1
133	132	2	TAATGGTATTGTTGGTGCTCAAAT	1
134	133	2	AATGGTATTGTTGGTGCTCAAATT	1
135	134	2	ATGGTATTGTTGGTGCTCAAATTC	1
136	135	2	TGGTATTGTTGGTGCTCAAATTCC	1
137	136	2	GGTATTGTTGGTGCTCAAATTCCT	1
138	137	2	GTATTGTTGGTGCTCAAATTCCTT	1
139	138	4	TATTGTTGGTGCTCAAATTCCTTT	1
140	139	4	ATTGTTGGTGCTCAAATTCCTTTG	1
141	140	4	TTGTTGGTGCTCAAATTCCTTTGG	1
142	141	4	TGTTGGTGCTCAAATTCCTTTGGG	1
143	142	4	GTTGGTGCTCAAATTCCTTTGGGT	1
144	143	4	TTGGTGCTCAAATTCCTTTGGGTG	1
145	144	4	TGGTGCTCAAATTCCTTTGGGTGC	1
146	145	4	GGTGCTCAAATTCCTTTGGGTGCT	1
147	146	4	GTGCTCAAATTCCTTTGGGTGCTG	1
148	147	4	TGCTCAAATTCCTTTGGGTGCTGG	1
149	148	4	GCTCAAATTCCTTTGGGTGCTGGT	1
150	149	4	CTCAAATTCCTTTGGGTGCTGGTA	1
151	150	4	TCAAATTCCTTTGGGTGCTGGTAT	1
152	151	4	CAAATTCCTTTGGGTGCTGGTATT	1
153	152	4	AAATTCCTTTGGGTGCTGGTATTG	1
154	153	4	AATTCCTTTGGGTGCTGGTATTGG	1
155	154	4	ATTCCTTTGGGTGCTGGTATTGGT	1
156	155	4	TTCCTTTGGGTGCTGGTATTGGTT	1
157	156	4	TCCTTTGGGTGCTGGTATTGGTTT	1
158	157	4	CCTTTGGGTGCTGGTATTGGTTTC	1
159	158	4	CTTTGGGTGCTGGTATTGGTTTCG	1
160	159	4	TTTGGGTGCTGGTATTGGTTTCGC	1
161	160	4	TTGGGTGCTGGTATTGGTTTCGCA	1
162	161	4	TGGGTGCTGGTATTGGTTTCGCAC	1
163	162	4	GGGTGCTGGTATTGGTTTCGCACA	1
164	163	4	GGTGCTGGTATTGGTTTCGCACAG	1
165	164	4	GTGCTGGTATTGGTTTCGCACAGA	1
166	165	2	TGCTGGTATTGGTTTCGCACAGAA	1
167	166	2	GCTGGTATTGGTTTCGCACAGAAG	1
168	167	2	CTGGTATTGGTTTCGCACAGAAGT	1
169	168	2	TGGTATTGGTTTCGCACAGAAGTA	1
170	169	2	GGTATTGGTTTCGCACAGAAGTAT	1
171	170	2	GTATTGGTTTCGCACAGAAGTATC	1
172	171	2	TATTGGTTTCGCACAGAAGTATCT	1
173	172	2	ATTGGTTTCGCACAGAAGTATCTT	1
174	173	2	TTGGTTTCGCACAGAAGTATCTTG	1
175	174	2	TGGTTTCGCACAGAAGTATCTTGA	1
176	175	2	GGTTTCGCACAGAAGTATCTTGAA	1
177	176	2	GTTTCGCACAGAAGTATCTTGAAA	1
178	177	2	TTTCGCACAGAAGTATCTTGAAAA	1
179	178	2	TTCGCACAGAAGTATCTTGAAAAA	1
180	179	2	TCGCACAGAAGTATCTTGAAAAAC	1
181	180	2	CGCACAGAAGTATCTTGAAAAACC	1
182	181	3	GCACAGAAGTATCTTGAAAAACCC	1
183	182	2	CACAGAAGTATCTTGAAAAACCCA	1
184	183	2	ACAGAAGTATCTTGAAAAACCCAC	1
185	184	2	CAGAAGTATCTTGAAAAACCCACT	1
186	185	2	AGAAGTATCTTGAAAAACCCACTA	1
187	186	2	GAAGTATCTTGAAAAACCCACTAC	1
188	187	2	AAGTATCTTGAAAAACCCACTACT	1
189	188	2	AGTATCTTGAAAAACCCACTACTA	1
190	189	2	GTATCTTGAAAAACCCACTACTAC	1
191	190	2	TATCTTGAAAAACCCACTACTACT	1
192	191	2	ATCTTGAAAAACCCACTACTACTT	1
193	192	2	TCTTGAAAAACCCACTACTACTTT	1
194	193	2	CTTGAAAAACCCACTACTACTTTT	1
195	194	2	TTGAAAAACCCACTACTACTTTTG	1
196	195	2	TGAAAAACCCACTACTACTTTTGC	1
197	196	2	GAAAAACCCACTACTACTTTTGCT	1
198	197	2	AAAAACCCACTACTACTTTTGCTC	1
199	198	2	AAAACCCACTACTACTTTTGCTCT	1
200	199	2	AAACCCACTACTACTTTTGCTCTA	1
201	200	2	AACCCACTACTACTTTTGCTCTAT	1
202	201	2	ACCCACTACTACTTTTGCTCTATA	1
203	202	2	CCCACTACTACTTTTGCTCTATAT	1
204	203	2	CCACTACTACTTTTGCTCTATATG	1
205	204	2	CACTACTACTTTTGCTCTATATGG	1
206	205	2	ACTACTACTTTTGCTCTATATGGT	1
207	206	2	CTACTACTTTTGCTCTATATGGTG	1
208	207	2	TACTACTTTTGCTCTATATGGTGA	1
209	208	2	ACTACTTTTGCTCTATATGGTGAT	1
210	209	2	CTACTTTTGCTCTATATGGTGATG	1
211	210	2	TACTTTTGCTCTATATGGTGATGG	1
212	211	2	ACTTTTGCTCTATATGGTGATGGT	1
213	212	2	CTTTTGCTCTATATGGTGATGGTG	1
214	213	2	TTTTGCTCTATATGGTGATGGTGC	1
215	214	2	TTTGCTCTATATGGTGATGGTGCA	1
216	215	2	TTGCTCTATATGGTGATGGTGCAT	1
217	216	2	TGCTCTATATGGTGATGGTGCATC	1
218	217	2	GCTCTATATGGTGATGGTGCATCT	1
219	218	2	CTCTATATGGTGATGGTGCATCTA	1
220	219	2	TCTATATGGTGATGGTGCATCTAA	1
221	220	2	CTATATGGTGATGGTGCATCTAAC	1
222	221	2	TATATGGTGATGGTGCATCTAACC	1
223	222	2	ATATGGTGATGGTGCATCTAACCA	1
224	223	2	TATGGTGATGGTGCATCTAACCAA	1
225	224	2	ATGGTGATGGTGCATCTAACCAAG	1
226	225	1	TGGTGATGGTGCATCTAACCAAGA	1
