Component 108
1	-1	0	TTTTGATGAAGCTATTGTAGCCGC	1
2	1	1	TTTGATGAAGCTATTGTAGCCGCT	1
3	2	1	TTGATGAAGCTATTGTAGCCGCTC	1
4	3	1	TGATGAAGCTATTGTAGCCGCTCT	1
5	4	1	GATGAAGCTATTGTAGCCGCTCTT	1
6	5	1	ATGAAGCTATTGTAGCCGCTCTTG	1
7	6	1	TGAAGCTATTGTAGCCGCTCTTGA	1
8	7	1	GAAGCTATTGTAGCCGCTCTTGAT	1
9	8	1	AAGCTATTGTAGCCGCTCTTGATC	1
10	9	1	AGCTATTGTAGCCGCTCTTGATCC	1
11	10	1	GCTATTGTAGCCGCTCTTGATCCT	1
12	11	1	CTATTGTAGCCGCTCTTGATCCTC	1
13	12	1	TATTGTAGCCGCTCTTGATCCTCC	1
14	13	1	ATTGTAGCCGCTCTTGATCCTCCT	1
15	14	1	TTGTAGCCGCTCTTGATCCTCCTG	1
16	15	2	TGTAGCCGCTCTTGATCCTCCTGT	1
17	16	2	GTAGCCGCTCTTGATCCTCCTGTT	1
18	17	2	TAGCCGCTCTTGATCCTCCTGTTC	1
19	18	2	AGCCGCTCTTGATCCTCCTGTTCC	1
20	19	2	GCCGCTCTTGATCCTCCTGTTCCT	1
21	20	2	CCGCTCTTGATCCTCCTGTTCCTC	1
22	21	2	CGCTCTTGATCCTCCTGTTCCTCA	1
23	22	2	GCTCTTGATCCTCCTGTTCCTCAC	1
24	23	2	CTCTTGATCCTCCTGTTCCTCACA	1
25	24	2	TCTTGATCCTCCTGTTCCTCACAA	1
26	25	2	CTTGATCCTCCTGTTCCTCACAAG	1
27	26	2	TTGATCCTCCTGTTCCTCACAAGA	1
28	27	2	TGATCCTCCTGTTCCTCACAAGAA	1
29	28	2	GATCCTCCTGTTCCTCACAAGAAA	1
30	29	2	ATCCTCCTGTTCCTCACAAGAAAA	1
31	30	2	TCCTCCTGTTCCTCACAAGAAAAA	1
32	31	2	CCTCCTGTTCCTCACAAGAAAAAG	1
33	32	2	CTCCTGTTCCTCACAAGAAAAAGT	1
34	33	2	TCCTGTTCCTCACAAGAAAAAGTC	1
35	34	2	CCTGTTCCTCACAAGAAAAAGTCA	1
36	35	2	CTGTTCCTCACAAGAAAAAGTCAA	1
37	36	2	TGTTCCTCACAAGAAAAAGTCAAA	1
38	37	2	GTTCCTCACAAGAAAAAGTCAAAG	1
39	38	2	TTCCTCACAAGAAAAAGTCAAAGT	1
40	39	2	TCCTCACAAGAAAAAGTCAAAGTG	1
41	40	2	CCTCACAAGAAAAAGTCAAAGTGT	1
42	41	2	CTCACAAGAAAAAGTCAAAGTGTT	1
43	42	2	TCACAAGAAAAAGTCAAAGTGTTT	1
44	43	2	CACAAGAAAAAGTCAAAGTGTTTG	1
45	44	2	ACAAGAAAAAGTCAAAGTGTTTGG	1
46	45	1	CAAGAAAAAGTCAAAGTGTTTGGT	1
47	46	1	AAGAAAAAGTCAAAGTGTTTGGTA	1
48	47	1	AGAAAAAGTCAAAGTGTTTGGTAC	1
49	48	1	GAAAAAGTCAAAGTGTTTGGTACT	1
50	49	1	AAAAAGTCAAAGTGTTTGGTACTG	1
51	50	1	AAAAGTCAAAGTGTTTGGTACTGT	1
52	51	2	AAAGTCAAAGTGTTTGGTACTGTA	1
53	52	2	AAGTCAAAGTGTTTGGTACTGTAA	1
54	53	2	AGTCAAAGTGTTTGGTACTGTAAT	1
55	54	2	GTCAAAGTGTTTGGTACTGTAATT	1
56	55	2	TCAAAGTGTTTGGTACTGTAATTT	1
57	56	2	CAAAGTGTTTGGTACTGTAATTTA	1
58	57	2	AAAGTGTTTGGTACTGTAATTTAA	1
59	58	2	AAGTGTTTGGTACTGTAATTTAAC	1
60	59	1	AGTGTTTGGTACTGTAATTTAACC	1
61	60	1	GTGTTTGGTACTGTAATTTAACCC	1
62	61	1	TGTTTGGTACTGTAATTTAACCCC	1
63	62	1	GTTTGGTACTGTAATTTAACCCCT	1
64	63	1	TTTGGTACTGTAATTTAACCCCTG	1
65	64	1	TTGGTACTGTAATTTAACCCCTGG	1
66	65	2	TGGTACTGTAATTTAACCCCTGGT	1
67	66	2	GGTACTGTAATTTAACCCCTGGTT	1
68	67	2	GTACTGTAATTTAACCCCTGGTTT	1
69	68	2	TACTGTAATTTAACCCCTGGTTTT	1
70	69	2	ACTGTAATTTAACCCCTGGTTTTC	1
71	70	2	CTGTAATTTAACCCCTGGTTTTCT	1
72	71	2	TGTAATTTAACCCCTGGTTTTCTT	1
73	72	2	GTAATTTAACCCCTGGTTTTCTTT	1
74	73	2	TAATTTAACCCCTGGTTTTCTTTC	1
75	74	2	AATTTAACCCCTGGTTTTCTTTCC	1
76	75	2	ATTTAACCCCTGGTTTTCTTTCCT	1
77	76	2	TTTAACCCCTGGTTTTCTTTCCTT	1
78	77	2	TTAACCCCTGGTTTTCTTTCCTTT	1
79	78	2	TAACCCCTGGTTTTCTTTCCTTTT	1
80	79	2	AACCCCTGGTTTTCTTTCCTTTTC	1
81	80	2	ACCCCTGGTTTTCTTTCCTTTTCC	1
82	81	2	CCCCTGGTTTTCTTTCCTTTTCCG	1
83	82	2	CCCTGGTTTTCTTTCCTTTTCCGA	1
84	83	2	CCTGGTTTTCTTTCCTTTTCCGAA	1
85	84	2	CTGGTTTTCTTTCCTTTTCCGAAA	1
86	85	2	TGGTTTTCTTTCCTTTTCCGAAAT	1
87	86	2	GGTTTTCTTTCCTTTTCCGAAATT	1
88	87	2	GTTTTCTTTCCTTTTCCGAAATTT	1
89	88	2	TTTTCTTTCCTTTTCCGAAATTTC	1
90	89	2	TTTCTTTCCTTTTCCGAAATTTCC	1
91	90	3	TTCTTTCCTTTTCCGAAATTTCCT	1
92	91	3	TCTTTCCTTTTCCGAAATTTCCTT	1
93	92	3	CTTTCCTTTTCCGAAATTTCCTTA	1
94	93	3	TTTCCTTTTCCGAAATTTCCTTAA	1
95	94	3	TTCCTTTTCCGAAATTTCCTTAAT	1
96	95	2	TCCTTTTCCGAAATTTCCTTAATA	1
97	96	3	CCTTTTCCGAAATTTCCTTAATAC	1
98	97	3	CTTTTCCGAAATTTCCTTAATACA	1
99	98	3	TTTTCCGAAATTTCCTTAATACAG	1
100	99	3	TTTCCGAAATTTCCTTAATACAGC	1
101	100	3	TTCCGAAATTTCCTTAATACAGCT	1
102	101	4	TCCGAAATTTCCTTAATACAGCTA	1
103	102	4	CCGAAATTTCCTTAATACAGCTAG	1
104	103	4	CGAAATTTCCTTAATACAGCTAGT	1
105	104	4	GAAATTTCCTTAATACAGCTAGTT	1
106	105	4	AAATTTCCTTAATACAGCTAGTTT	1
107	106	4	AATTTCCTTAATACAGCTAGTTTA	1
108	107	4	ATTTCCTTAATACAGCTAGTTTAC	1
109	108	4	TTTCCTTAATACAGCTAGTTTACA	1
110	109	3	TTCCTTAATACAGCTAGTTTACAA	1
111	110	3	TCCTTAATACAGCTAGTTTACAAC	1
112	111	3	CCTTAATACAGCTAGTTTACAACA	1
113	112	3	CTTAATACAGCTAGTTTACAACAG	1
114	113	3	TTAATACAGCTAGTTTACAACAGT	1
115	114	3	TAATACAGCTAGTTTACAACAGTA	1
116	115	3	AATACAGCTAGTTTACAACAGTAA	1
117	116	3	ATACAGCTAGTTTACAACAGTAAA	1
118	117	3	TACAGCTAGTTTACAACAGTAAAC	1
119	118	3	ACAGCTAGTTTACAACAGTAAACA	1
120	119	3	CAGCTAGTTTACAACAGTAAACAA	1
121	120	3	AGCTAGTTTACAACAGTAAACAAT	1
122	121	3	GCTAGTTTACAACAGTAAACAATG	1
123	122	3	CTAGTTTACAACAGTAAACAATGT	1
124	123	3	TAGTTTACAACAGTAAACAATGTC	1
125	124	3	AGTTTACAACAGTAAACAATGTCT	1
126	125	3	GTTTACAACAGTAAACAATGTCTT	1
127	126	3	TTTACAACAGTAAACAATGTCTTA	1
128	127	3	TTACAACAGTAAACAATGTCTTAG	1
129	128	4	TACAACAGTAAACAATGTCTTAGC	1
130	129	4	ACAACAGTAAACAATGTCTTAGCT	1
131	130	4	CAACAGTAAACAATGTCTTAGCTT	1
132	131	5	AACAGTAAACAATGTCTTAGCTTT	1
133	132	5	ACAGTAAACAATGTCTTAGCTTTC	1
134	133	5	CAGTAAACAATGTCTTAGCTTTCT	1
135	134	4	AGTAAACAATGTCTTAGCTTTCTT	1
136	135	4	GTAAACAATGTCTTAGCTTTCTTT	1
137	136	4	TAAACAATGTCTTAGCTTTCTTTA	1
138	137	4	AAACAATGTCTTAGCTTTCTTTAA	1
139	138	4	AACAATGTCTTAGCTTTCTTTAAC	1
140	139	4	ACAATGTCTTAGCTTTCTTTAACG	1
141	140	3	CAATGTCTTAGCTTTCTTTAACGA	1
142	141	3	AATGTCTTAGCTTTCTTTAACGAT	1
143	142	3	ATGTCTTAGCTTTCTTTAACGATC	1
144	143	3	TGTCTTAGCTTTCTTTAACGATCC	1
145	144	3	GTCTTAGCTTTCTTTAACGATCCC	1
146	145	2	TCTTAGCTTTCTTTAACGATCCCT	1
147	146	2	CTTAGCTTTCTTTAACGATCCCTC	1
148	147	2	TTAGCTTTCTTTAACGATCCCTCA	1
149	148	2	TAGCTTTCTTTAACGATCCCTCAT	1
150	149	2	AGCTTTCTTTAACGATCCCTCATA	1
151	150	2	GCTTTCTTTAACGATCCCTCATAT	1
152	151	2	CTTTCTTTAACGATCCCTCATATT	1
153	152	2	TTTCTTTAACGATCCCTCATATTT	1
154	153	2	TTCTTTAACGATCCCTCATATTTG	1
155	154	2	TCTTTAACGATCCCTCATATTTGC	1
156	155	2	CTTTAACGATCCCTCATATTTGCA	1
157	156	2	TTTAACGATCCCTCATATTTGCAA	1
158	157	2	TTAACGATCCCTCATATTTGCAAA	1
159	158	2	TAACGATCCCTCATATTTGCAAAG	1
160	159	2	AACGATCCCTCATATTTGCAAAGA	1
161	160	2	ACGATCCCTCATATTTGCAAAGAT	1
162	161	2	CGATCCCTCATATTTGCAAAGATA	1
163	162	2	GATCCCTCATATTTGCAAAGATAT	1
164	163	2	ATCCCTCATATTTGCAAAGATATT	1
165	164	2	TCCCTCATATTTGCAAAGATATTT	1
166	165	2	CCCTCATATTTGCAAAGATATTTG	1
167	166	2	CCTCATATTTGCAAAGATATTTGC	1
168	167	2	CTCATATTTGCAAAGATATTTGCT	1
169	168	2	TCATATTTGCAAAGATATTTGCTA	1
170	169	2	CATATTTGCAAAGATATTTGCTAT	1
171	170	2	ATATTTGCAAAGATATTTGCTATT	1
172	171	2	TATTTGCAAAGATATTTGCTATTT	1
173	172	1	ATTTGCAAAGATATTTGCTATTTG	1
174	173	1	TTTGCAAAGATATTTGCTATTTGT	1
175	174	1	TTGCAAAGATATTTGCTATTTGTT	1
176	-1	0	CGAAGTTCATCATCATTGTCCGGG	1
177	176	1	GAAGTTCATCATCATTGTCCGGGC	1
178	177	1	AAGTTCATCATCATTGTCCGGGCG	1
179	178	1	AGTTCATCATCATTGTCCGGGCGT	1
180	179	1	GTTCATCATCATTGTCCGGGCGTC	1
181	180	1	TTCATCATCATTGTCCGGGCGTCC	1
182	181	1	TCATCATCATTGTCCGGGCGTCCC	1
183	182	1	CATCATCATTGTCCGGGCGTCCCG	1
184	183	1	ATCATCATTGTCCGGGCGTCCCGT	1
185	184	1	TCATCATTGTCCGGGCGTCCCGTG	1
186	185	1	CATCATTGTCCGGGCGTCCCGTGC	1
187	186	1	ATCATTGTCCGGGCGTCCCGTGCT	1
188	187	1	TCATTGTCCGGGCGTCCCGTGCTT	1
189	188	1	CATTGTCCGGGCGTCCCGTGCTTA	1
190	189	1	ATTGTCCGGGCGTCCCGTGCTTAA	1
191	190	1	TTGTCCGGGCGTCCCGTGCTTAAT	1
192	191	1	TGTCCGGGCGTCCCGTGCTTAATT	1
193	192	1	GTCCGGGCGTCCCGTGCTTAATTG	1
194	193	1	TCCGGGCGTCCCGTGCTTAATTGT	1
195	194	1	CCGGGCGTCCCGTGCTTAATTGTT	1
196	195	1	CGGGCGTCCCGTGCTTAATTGTTG	1
197	196	1	GGGCGTCCCGTGCTTAATTGTTGG	1
198	197	1	GGCGTCCCGTGCTTAATTGTTGGT	1
199	198	1	GCGTCCCGTGCTTAATTGTTGGTA	1
200	199	1	CGTCCCGTGCTTAATTGTTGGTAC	1
201	200	2	GTCCCGTGCTTAATTGTTGGTACC	1
202	201	2	TCCCGTGCTTAATTGTTGGTACCC	1
203	202	2	CCCGTGCTTAATTGTTGGTACCCA	1
204	203	2	CCGTGCTTAATTGTTGGTACCCAA	1
205	204	3	CGTGCTTAATTGTTGGTACCCAAA	1
206	205	3	GTGCTTAATTGTTGGTACCCAAAT	1
207	206	3	TGCTTAATTGTTGGTACCCAAATT	1
208	207	3	GCTTAATTGTTGGTACCCAAATTG	1
209	208	3	CTTAATTGTTGGTACCCAAATTGA	1
210	209	3	TTAATTGTTGGTACCCAAATTGAT	1
211	210	3	TAATTGTTGGTACCCAAATTGATT	1
212	211	3	AATTGTTGGTACCCAAATTGATTT	1
213	212	3	ATTGTTGGTACCCAAATTGATTTA	1
214	213	3	TTGTTGGTACCCAAATTGATTTAC	1
215	214	3	TGTTGGTACCCAAATTGATTTACG	1
216	215	3	GTTGGTACCCAAATTGATTTACGT	1
217	216	3	TTGGTACCCAAATTGATTTACGTG	1
218	217	3	TGGTACCCAAATTGATTTACGTGA	1
219	218	3	GGTACCCAAATTGATTTACGTGAT	1
220	219	3	GTACCCAAATTGATTTACGTGATG	1
221	220	2	TACCCAAATTGATTTACGTGATGA	1
222	221	2	ACCCAAATTGATTTACGTGATGAC	1
223	222	2	CCCAAATTGATTTACGTGATGACC	1
224	223	2	CCAAATTGATTTACGTGATGACCC	1
225	224	2	CAAATTGATTTACGTGATGACCCT	1
226	225	2	AAATTGATTTACGTGATGACCCTT	1
227	226	2	AATTGATTTACGTGATGACCCTTC	1
228	227	2	ATTGATTTACGTGATGACCCTTCT	1
229	228	2	TTGATTTACGTGATGACCCTTCTG	1
230	229	2	TGATTTACGTGATGACCCTTCTGT	1
231	230	2	GATTTACGTGATGACCCTTCTGTG	1
232	231	2	ATTTACGTGATGACCCTTCTGTGC	1
233	232	2	TTTACGTGATGACCCTTCTGTGCA	1
234	233	2	TTACGTGATGACCCTTCTGTGCAA	1
235	234	2	TACGTGATGACCCTTCTGTGCAAC	1
236	235	2	ACGTGATGACCCTTCTGTGCAACA	1
237	236	2	CGTGATGACCCTTCTGTGCAACAG	1
238	237	2	GTGATGACCCTTCTGTGCAACAGA	1
239	238	2	TGATGACCCTTCTGTGCAACAGAA	1
240	239	2	GATGACCCTTCTGTGCAACAGAAA	1
241	240	2	ATGACCCTTCTGTGCAACAGAAAC	1
242	241	2	TGACCCTTCTGTGCAACAGAAACT	1
243	242	2	GACCCTTCTGTGCAACAGAAACTA	1
244	243	2	ACCCTTCTGTGCAACAGAAACTAG	1
245	244	1	CCCTTCTGTGCAACAGAAACTAGC	1
246	245	2	CCTTCTGTGCAACAGAAACTAGCT	1
247	246	2	CTTCTGTGCAACAGAAACTAGCTC	1
248	247	2	TTCTGTGCAACAGAAACTAGCTCG	1
249	248	1	TCTGTGCAACAGAAACTAGCTCGC	1
250	249	1	CTGTGCAACAGAAACTAGCTCGCC	1
251	250	1	TGTGCAACAGAAACTAGCTCGCCA	1
252	251	1	GTGCAACAGAAACTAGCTCGCCAG	1
253	252	1	TGCAACAGAAACTAGCTCGCCAGC	1
254	253	1	GCAACAGAAACTAGCTCGCCAGCA	1
255	254	1	CAACAGAAACTAGCTCGCCAGCAT	1
256	255	1	AACAGAAACTAGCTCGCCAGCATC	1
257	256	1	ACAGAAACTAGCTCGCCAGCATCA	1
258	257	1	CAGAAACTAGCTCGCCAGCATCAG	1
259	258	1	AGAAACTAGCTCGCCAGCATCAGC	1
260	259	1	GAAACTAGCTCGCCAGCATCAGCA	1
261	260	1	AAACTAGCTCGCCAGCATCAGCAT	1
262	261	1	AACTAGCTCGCCAGCATCAGCATC	1
263	262	1	ACTAGCTCGCCAGCATCAGCATCC	1
264	263	1	CTAGCTCGCCAGCATCAGCATCCC	1
265	264	1	TAGCTCGCCAGCATCAGCATCCCC	1
266	265	1	AGCTCGCCAGCATCAGCATCCCCT	1
267	266	1	GCTCGCCAGCATCAGCATCCCCTT	1
268	267	1	CTCGCCAGCATCAGCATCCCCTTA	1
269	268	1	TCGCCAGCATCAGCATCCCCTTAC	1
270	269	1	CGCCAGCATCAGCATCCCCTTACA	1
271	270	1	GCCAGCATCAGCATCCCCTTACAC	1
272	271	1	CCAGCATCAGCATCCCCTTACACA	1
273	272	1	CAGCATCAGCATCCCCTTACACAT	1
274	273	1	AGCATCAGCATCCCCTTACACATG	1
275	274	1	GCATCAGCATCCCCTTACACATGA	1
276	275	1	CATCAGCATCCCCTTACACATGAG	1
277	276	1	ATCAGCATCCCCTTACACATGAGC	1
278	277	1	TCAGCATCCCCTTACACATGAGCA	1
279	278	1	CAGCATCCCCTTACACATGAGCAA	1
280	279	1	AGCATCCCCTTACACATGAGCAAG	1
281	280	1	GCATCCCCTTACACATGAGCAAGG	1
282	281	1	CATCCCCTTACACATGAGCAAGGT	1
283	282	1	ATCCCCTTACACATGAGCAAGGTG	1
284	283	1	TCCCCTTACACATGAGCAAGGTGA	1
285	284	1	CCCCTTACACATGAGCAAGGTGAA	1
286	285	1	CCCTTACACATGAGCAAGGTGAAC	1
287	286	1	CCTTACACATGAGCAAGGTGAACG	1
288	287	1	CTTACACATGAGCAAGGTGAACGA	1
289	288	1	TTACACATGAGCAAGGTGAACGAT	1
