Component 110
1	-1	0	CATCAATTCCGTTATATCATATTG	1
2	1	1	ATCAATTCCGTTATATCATATTGG	1
3	2	1	TCAATTCCGTTATATCATATTGGA	1
4	3	1	CAATTCCGTTATATCATATTGGAT	1
5	4	1	AATTCCGTTATATCATATTGGATT	1
6	5	1	ATTCCGTTATATCATATTGGATTC	1
7	6	1	TTCCGTTATATCATATTGGATTCA	1
8	7	1	TCCGTTATATCATATTGGATTCAA	1
9	8	1	CCGTTATATCATATTGGATTCAAC	1
10	9	1	CGTTATATCATATTGGATTCAACT	1
11	10	1	GTTATATCATATTGGATTCAACTT	1
12	11	1	TTATATCATATTGGATTCAACTTC	1
13	12	1	TATATCATATTGGATTCAACTTCG	1
14	13	1	ATATCATATTGGATTCAACTTCGC	1
15	14	1	TATCATATTGGATTCAACTTCGCT	1
16	15	1	ATCATATTGGATTCAACTTCGCTT	1
17	16	1	TCATATTGGATTCAACTTCGCTTA	1
18	17	1	CATATTGGATTCAACTTCGCTTAT	1
19	18	1	ATATTGGATTCAACTTCGCTTATG	1
20	19	1	TATTGGATTCAACTTCGCTTATGC	1
21	20	1	ATTGGATTCAACTTCGCTTATGCT	1
22	21	1	TTGGATTCAACTTCGCTTATGCTG	1
23	22	1	TGGATTCAACTTCGCTTATGCTGA	1
24	23	1	GGATTCAACTTCGCTTATGCTGAA	1
25	24	1	GATTCAACTTCGCTTATGCTGAAA	1
26	25	1	ATTCAACTTCGCTTATGCTGAAAG	1
27	26	1	TTCAACTTCGCTTATGCTGAAAGA	1
28	27	1	TCAACTTCGCTTATGCTGAAAGAC	1
29	28	1	CAACTTCGCTTATGCTGAAAGACA	1
30	29	1	AACTTCGCTTATGCTGAAAGACAT	1
31	30	1	ACTTCGCTTATGCTGAAAGACATT	1
32	31	1	CTTCGCTTATGCTGAAAGACATTT	1
33	32	1	TTCGCTTATGCTGAAAGACATTTT	1
34	33	1	TCGCTTATGCTGAAAGACATTTTG	1
35	34	1	CGCTTATGCTGAAAGACATTTTGT	1
36	35	1	GCTTATGCTGAAAGACATTTTGTT	1
37	36	1	CTTATGCTGAAAGACATTTTGTTA	1
38	37	1	TTATGCTGAAAGACATTTTGTTAT	1
39	38	1	TATGCTGAAAGACATTTTGTTATG	1
40	39	1	ATGCTGAAAGACATTTTGTTATGC	1
41	40	1	TGCTGAAAGACATTTTGTTATGCA	1
42	41	2	GCTGAAAGACATTTTGTTATGCAT	1
43	42	2	CTGAAAGACATTTTGTTATGCATC	1
44	43	2	TGAAAGACATTTTGTTATGCATCC	1
45	44	2	GAAAGACATTTTGTTATGCATCCC	1
46	45	1	AAAGACATTTTGTTATGCATCCCA	1
47	46	1	AAGACATTTTGTTATGCATCCCAG	1
48	47	1	AGACATTTTGTTATGCATCCCAGA	1
49	48	1	GACATTTTGTTATGCATCCCAGAG	1
50	49	1	ACATTTTGTTATGCATCCCAGAGT	1
51	50	1	CATTTTGTTATGCATCCCAGAGTA	1
52	51	1	ATTTTGTTATGCATCCCAGAGTAA	1
53	52	1	TTTTGTTATGCATCCCAGAGTAAA	1
54	53	1	TTTGTTATGCATCCCAGAGTAAAG	1
55	54	1	TTGTTATGCATCCCAGAGTAAAGG	1
56	55	1	TGTTATGCATCCCAGAGTAAAGGG	1
57	56	1	GTTATGCATCCCAGAGTAAAGGGT	1
58	57	1	TTATGCATCCCAGAGTAAAGGGTG	1
59	58	1	TATGCATCCCAGAGTAAAGGGTGT	1
60	59	1	ATGCATCCCAGAGTAAAGGGTGTC	1
61	60	1	TGCATCCCAGAGTAAAGGGTGTCA	1
62	61	1	GCATCCCAGAGTAAAGGGTGTCAG	1
63	62	1	CATCCCAGAGTAAAGGGTGTCAGT	1
64	63	1	ATCCCAGAGTAAAGGGTGTCAGTA	1
65	64	1	TCCCAGAGTAAAGGGTGTCAGTAT	1
66	65	1	CCCAGAGTAAAGGGTGTCAGTATG	1
67	66	1	CCAGAGTAAAGGGTGTCAGTATGG	1
68	67	1	CAGAGTAAAGGGTGTCAGTATGGC	1
69	68	1	AGAGTAAAGGGTGTCAGTATGGCT	1
70	69	1	GAGTAAAGGGTGTCAGTATGGCTG	1
71	70	2	AGTAAAGGGTGTCAGTATGGCTGT	1
72	71	2	GTAAAGGGTGTCAGTATGGCTGTT	1
73	72	3	TAAAGGGTGTCAGTATGGCTGTTG	1
74	73	3	AAAGGGTGTCAGTATGGCTGTTGC	1
75	74	3	AAGGGTGTCAGTATGGCTGTTGCT	1
76	75	3	AGGGTGTCAGTATGGCTGTTGCTC	1
77	76	3	GGGTGTCAGTATGGCTGTTGCTCT	1
78	77	3	GGTGTCAGTATGGCTGTTGCTCTG	1
79	78	4	GTGTCAGTATGGCTGTTGCTCTGT	1
80	79	4	TGTCAGTATGGCTGTTGCTCTGTT	1
81	80	4	GTCAGTATGGCTGTTGCTCTGTTT	1
82	81	4	TCAGTATGGCTGTTGCTCTGTTTT	1
83	82	4	CAGTATGGCTGTTGCTCTGTTTTT	1
84	83	4	AGTATGGCTGTTGCTCTGTTTTTA	1
85	84	4	GTATGGCTGTTGCTCTGTTTTTAC	1
86	85	3	TATGGCTGTTGCTCTGTTTTTACT	1
87	86	3	ATGGCTGTTGCTCTGTTTTTACTT	1
88	87	3	TGGCTGTTGCTCTGTTTTTACTTC	1
89	88	3	GGCTGTTGCTCTGTTTTTACTTCC	1
90	89	3	GCTGTTGCTCTGTTTTTACTTCCT	1
91	90	3	CTGTTGCTCTGTTTTTACTTCCTC	1
92	91	3	TGTTGCTCTGTTTTTACTTCCTCA	1
93	92	3	GTTGCTCTGTTTTTACTTCCTCAT	1
94	93	3	TTGCTCTGTTTTTACTTCCTCATT	1
95	94	3	TGCTCTGTTTTTACTTCCTCATTC	1
96	95	3	GCTCTGTTTTTACTTCCTCATTCT	1
97	96	3	CTCTGTTTTTACTTCCTCATTCTC	1
98	97	3	TCTGTTTTTACTTCCTCATTCTCA	1
99	98	3	CTGTTTTTACTTCCTCATTCTCAG	1
100	99	3	TGTTTTTACTTCCTCATTCTCAGG	1
101	100	3	GTTTTTACTTCCTCATTCTCAGGA	1
102	101	3	TTTTTACTTCCTCATTCTCAGGAT	1
103	102	3	TTTTACTTCCTCATTCTCAGGATT	1
104	103	3	TTTACTTCCTCATTCTCAGGATTT	1
105	104	3	TTACTTCCTCATTCTCAGGATTTT	1
106	105	3	TACTTCCTCATTCTCAGGATTTTG	1
107	106	3	ACTTCCTCATTCTCAGGATTTTGT	1
108	107	3	CTTCCTCATTCTCAGGATTTTGTT	1
109	108	3	TTCCTCATTCTCAGGATTTTGTTG	1
110	109	3	TCCTCATTCTCAGGATTTTGTTGA	1
111	110	3	CCTCATTCTCAGGATTTTGTTGAT	1
112	111	3	CTCATTCTCAGGATTTTGTTGATC	1
113	112	4	TCATTCTCAGGATTTTGTTGATCT	1
114	113	4	CATTCTCAGGATTTTGTTGATCTC	1
115	114	3	ATTCTCAGGATTTTGTTGATCTCG	1
116	115	3	TTCTCAGGATTTTGTTGATCTCGT	1
117	116	2	TCTCAGGATTTTGTTGATCTCGTT	1
118	117	2	CTCAGGATTTTGTTGATCTCGTTC	1
119	118	2	TCAGGATTTTGTTGATCTCGTTCA	1
120	119	2	CAGGATTTTGTTGATCTCGTTCAT	1
121	120	2	AGGATTTTGTTGATCTCGTTCATG	1
122	121	3	GGATTTTGTTGATCTCGTTCATGC	1
123	122	2	GATTTTGTTGATCTCGTTCATGCC	1
124	123	2	ATTTTGTTGATCTCGTTCATGCCC	1
125	124	2	TTTTGTTGATCTCGTTCATGCCCA	1
126	125	2	TTTGTTGATCTCGTTCATGCCCAA	1
127	126	2	TTGTTGATCTCGTTCATGCCCAAG	1
128	127	2	TGTTGATCTCGTTCATGCCCAAGG	1
129	128	2	GTTGATCTCGTTCATGCCCAAGGT	1
130	129	2	TTGATCTCGTTCATGCCCAAGGTA	1
131	130	2	TGATCTCGTTCATGCCCAAGGTAA	1
132	131	2	GATCTCGTTCATGCCCAAGGTAAA	1
133	132	2	ATCTCGTTCATGCCCAAGGTAAAC	1
134	133	2	TCTCGTTCATGCCCAAGGTAAACA	1
135	134	2	CTCGTTCATGCCCAAGGTAAACAA	1
136	135	2	TCGTTCATGCCCAAGGTAAACAAG	1
137	136	2	CGTTCATGCCCAAGGTAAACAAGT	1
138	137	2	GTTCATGCCCAAGGTAAACAAGTC	1
139	138	2	TTCATGCCCAAGGTAAACAAGTCT	1
140	139	2	TCATGCCCAAGGTAAACAAGTCTT	1
141	140	2	CATGCCCAAGGTAAACAAGTCTTT	1
142	141	2	ATGCCCAAGGTAAACAAGTCTTTG	1
143	142	2	TGCCCAAGGTAAACAAGTCTTTGC	1
144	143	2	GCCCAAGGTAAACAAGTCTTTGCA	1
145	144	2	CCCAAGGTAAACAAGTCTTTGCAT	1
146	145	2	CCAAGGTAAACAAGTCTTTGCATG	1
147	146	2	CAAGGTAAACAAGTCTTTGCATGG	1
148	147	2	AAGGTAAACAAGTCTTTGCATGGA	1
149	148	2	AGGTAAACAAGTCTTTGCATGGAC	1
150	149	2	GGTAAACAAGTCTTTGCATGGACT	1
151	150	2	GTAAACAAGTCTTTGCATGGACTT	1
152	151	2	TAAACAAGTCTTTGCATGGACTTT	1
153	152	2	AAACAAGTCTTTGCATGGACTTTA	1
154	153	2	AACAAGTCTTTGCATGGACTTTAA	1
155	154	2	ACAAGTCTTTGCATGGACTTTAAA	1
156	155	1	CAAGTCTTTGCATGGACTTTAAAC	1
157	156	1	AAGTCTTTGCATGGACTTTAAACA	1
158	157	1	AGTCTTTGCATGGACTTTAAACAC	1
159	158	1	GTCTTTGCATGGACTTTAAACACA	1
160	159	1	TCTTTGCATGGACTTTAAACACAC	1
161	160	1	CTTTGCATGGACTTTAAACACACC	1
162	161	1	TTTGCATGGACTTTAAACACACCT	1
163	162	1	TTGCATGGACTTTAAACACACCTT	1
164	163	1	TGCATGGACTTTAAACACACCTTC	1
165	164	1	GCATGGACTTTAAACACACCTTCT	1
166	-1	0	GTTGACATTAAGCCAGTAAACGAT	1
167	166	1	TTGACATTAAGCCAGTAAACGATT	1
168	167	1	TGACATTAAGCCAGTAAACGATTT	1
169	168	1	GACATTAAGCCAGTAAACGATTTG	1
170	169	1	ACATTAAGCCAGTAAACGATTTGT	1
171	170	1	CATTAAGCCAGTAAACGATTTGTT	1
172	171	1	ATTAAGCCAGTAAACGATTTGTTA	1
173	172	1	TTAAGCCAGTAAACGATTTGTTAA	1
174	173	1	TAAGCCAGTAAACGATTTGTTAAT	1
175	174	1	AAGCCAGTAAACGATTTGTTAATT	1
176	175	1	AGCCAGTAAACGATTTGTTAATTA	1
177	176	1	GCCAGTAAACGATTTGTTAATTAT	1
178	177	1	CCAGTAAACGATTTGTTAATTATT	1
179	178	1	CAGTAAACGATTTGTTAATTATTC	1
180	179	3	AGTAAACGATTTGTTAATTATTCC	1
181	180	3	GTAAACGATTTGTTAATTATTCCC	1
182	181	3	TAAACGATTTGTTAATTATTCCCA	1
183	182	3	AAACGATTTGTTAATTATTCCCAG	1
184	183	3	AACGATTTGTTAATTATTCCCAGA	1
185	184	3	ACGATTTGTTAATTATTCCCAGAA	1
186	185	3	CGATTTGTTAATTATTCCCAGAAT	1
187	186	3	GATTTGTTAATTATTCCCAGAATG	1
188	187	3	ATTTGTTAATTATTCCCAGAATGG	1
189	188	3	TTTGTTAATTATTCCCAGAATGGT	1
190	189	3	TTGTTAATTATTCCCAGAATGGTT	1
191	190	3	TGTTAATTATTCCCAGAATGGTTG	1
192	191	3	GTTAATTATTCCCAGAATGGTTGA	1
193	192	3	TTAATTATTCCCAGAATGGTTGAT	1
194	193	3	TAATTATTCCCAGAATGGTTGATG	1
195	194	3	AATTATTCCCAGAATGGTTGATGC	1
196	195	3	ATTATTCCCAGAATGGTTGATGCA	1
197	196	3	TTATTCCCAGAATGGTTGATGCAA	1
198	197	3	TATTCCCAGAATGGTTGATGCAAT	1
199	198	3	ATTCCCAGAATGGTTGATGCAATG	1
200	199	3	TTCCCAGAATGGTTGATGCAATGC	1
201	200	3	TCCCAGAATGGTTGATGCAATGCT	1
202	201	3	CCCAGAATGGTTGATGCAATGCTT	1
203	202	3	CCAGAATGGTTGATGCAATGCTTC	1
204	203	3	CAGAATGGTTGATGCAATGCTTCG	1
205	204	3	AGAATGGTTGATGCAATGCTTCGG	1
206	205	3	GAATGGTTGATGCAATGCTTCGGG	1
207	206	3	AATGGTTGATGCAATGCTTCGGGT	1
208	207	3	ATGGTTGATGCAATGCTTCGGGTT	1
209	208	3	TGGTTGATGCAATGCTTCGGGTTA	1
210	209	3	GGTTGATGCAATGCTTCGGGTTAA	1
211	210	3	GTTGATGCAATGCTTCGGGTTAAT	1
212	211	3	TTGATGCAATGCTTCGGGTTAATT	1
213	212	3	TGATGCAATGCTTCGGGTTAATTC	1
214	213	3	GATGCAATGCTTCGGGTTAATTCT	1
215	214	3	ATGCAATGCTTCGGGTTAATTCTG	1
216	215	3	TGCAATGCTTCGGGTTAATTCTGA	1
217	216	3	GCAATGCTTCGGGTTAATTCTGAT	1
218	217	3	CAATGCTTCGGGTTAATTCTGATT	1
219	218	3	AATGCTTCGGGTTAATTCTGATTT	1
220	219	3	ATGCTTCGGGTTAATTCTGATTTA	1
221	220	3	TGCTTCGGGTTAATTCTGATTTAG	1
222	221	3	GCTTCGGGTTAATTCTGATTTAGA	1
223	222	3	CTTCGGGTTAATTCTGATTTAGAC	1
224	223	1	TTCGGGTTAATTCTGATTTAGACT	1
225	224	1	TCGGGTTAATTCTGATTTAGACTT	1
226	225	1	CGGGTTAATTCTGATTTAGACTTT	1
227	226	1	GGGTTAATTCTGATTTAGACTTTT	1
228	227	1	GGTTAATTCTGATTTAGACTTTTG	1
229	228	1	GTTAATTCTGATTTAGACTTTTGG	1
230	229	1	TTAATTCTGATTTAGACTTTTGGA	1
231	230	1	TAATTCTGATTTAGACTTTTGGAA	1
232	231	1	AATTCTGATTTAGACTTTTGGAAA	1
233	232	1	ATTCTGATTTAGACTTTTGGAAAG	1
234	233	1	TTCTGATTTAGACTTTTGGAAAGA	1
235	234	1	TCTGATTTAGACTTTTGGAAAGAC	1
236	235	1	CTGATTTAGACTTTTGGAAAGACA	1
237	236	1	TGATTTAGACTTTTGGAAAGACAA	1
238	237	1	GATTTAGACTTTTGGAAAGACAAA	1
239	238	1	ATTTAGACTTTTGGAAAGACAAAG	1
240	239	1	TTTAGACTTTTGGAAAGACAAAGT	1
241	240	1	TTAGACTTTTGGAAAGACAAAGTA	1
242	241	1	TAGACTTTTGGAAAGACAAAGTAT	1
243	242	1	AGACTTTTGGAAAGACAAAGTATC	1
244	243	1	GACTTTTGGAAAGACAAAGTATCG	1
245	244	1	ACTTTTGGAAAGACAAAGTATCGT	1
246	245	1	CTTTTGGAAAGACAAAGTATCGTT	1
247	246	1	TTTTGGAAAGACAAAGTATCGTTT	1
248	247	1	TTTGGAAAGACAAAGTATCGTTTT	1
249	248	1	TTGGAAAGACAAAGTATCGTTTTG	1
250	249	1	TGGAAAGACAAAGTATCGTTTTGT	1
251	250	1	GGAAAGACAAAGTATCGTTTTGTT	1
252	251	1	GAAAGACAAAGTATCGTTTTGTTT	1
253	252	1	AAAGACAAAGTATCGTTTTGTTTA	1
254	253	1	AAGACAAAGTATCGTTTTGTTTAT	1
