Component 115
1	-1	0	AATGTAAAAACTAATTTATCGTTT	1
2	1	1	ATGTAAAAACTAATTTATCGTTTT	1
3	2	1	TGTAAAAACTAATTTATCGTTTTA	1
4	3	1	GTAAAAACTAATTTATCGTTTTAT	1
5	4	1	TAAAAACTAATTTATCGTTTTATG	1
6	5	1	AAAAACTAATTTATCGTTTTATGG	1
7	6	1	AAAACTAATTTATCGTTTTATGGT	1
8	7	1	AAACTAATTTATCGTTTTATGGTT	1
9	8	1	AACTAATTTATCGTTTTATGGTTT	1
10	9	1	ACTAATTTATCGTTTTATGGTTTT	1
11	10	1	CTAATTTATCGTTTTATGGTTTTG	1
12	11	1	TAATTTATCGTTTTATGGTTTTGA	1
13	12	1	AATTTATCGTTTTATGGTTTTGAG	1
14	13	1	ATTTATCGTTTTATGGTTTTGAGC	1
15	14	1	TTTATCGTTTTATGGTTTTGAGCA	1
16	15	1	TTATCGTTTTATGGTTTTGAGCAG	1
17	16	1	TATCGTTTTATGGTTTTGAGCAGA	1
18	17	1	ATCGTTTTATGGTTTTGAGCAGAA	1
19	18	1	TCGTTTTATGGTTTTGAGCAGAAA	1
20	19	1	CGTTTTATGGTTTTGAGCAGAAAA	1
21	20	1	GTTTTATGGTTTTGAGCAGAAAAA	1
22	21	1	TTTTATGGTTTTGAGCAGAAAAAG	1
23	22	1	TTTATGGTTTTGAGCAGAAAAAGA	1
24	23	1	TTATGGTTTTGAGCAGAAAAAGAA	1
25	24	1	TATGGTTTTGAGCAGAAAAAGAAC	1
26	25	2	ATGGTTTTGAGCAGAAAAAGAACA	1
27	26	2	TGGTTTTGAGCAGAAAAAGAACAC	1
28	27	2	GGTTTTGAGCAGAAAAAGAACACC	1
29	28	2	GTTTTGAGCAGAAAAAGAACACCC	1
30	29	2	TTTTGAGCAGAAAAAGAACACCCC	1
31	30	2	TTTGAGCAGAAAAAGAACACCCCT	1
32	31	2	TTGAGCAGAAAAAGAACACCCCTA	1
33	32	2	TGAGCAGAAAAAGAACACCCCTAG	1
34	33	2	GAGCAGAAAAAGAACACCCCTAGT	1
35	34	2	AGCAGAAAAAGAACACCCCTAGTA	1
36	35	2	GCAGAAAAAGAACACCCCTAGTAC	1
37	36	2	CAGAAAAAGAACACCCCTAGTACT	1
38	37	2	AGAAAAAGAACACCCCTAGTACTT	1
39	38	2	GAAAAAGAACACCCCTAGTACTTT	1
40	39	2	AAAAAGAACACCCCTAGTACTTTC	1
41	40	2	AAAAGAACACCCCTAGTACTTTCC	1
42	41	2	AAAGAACACCCCTAGTACTTTCCG	1
43	42	2	AAGAACACCCCTAGTACTTTCCGT	1
44	43	2	AGAACACCCCTAGTACTTTCCGTC	1
45	44	2	GAACACCCCTAGTACTTTCCGTCA	1
46	45	2	AACACCCCTAGTACTTTCCGTCAT	1
47	46	2	ACACCCCTAGTACTTTCCGTCATA	1
48	47	2	CACCCCTAGTACTTTCCGTCATAT	1
49	48	2	ACCCCTAGTACTTTCCGTCATATC	1
50	49	2	CCCCTAGTACTTTCCGTCATATCA	1
51	50	2	CCCTAGTACTTTCCGTCATATCAT	1
52	51	2	CCTAGTACTTTCCGTCATATCATT	1
53	52	3	CTAGTACTTTCCGTCATATCATTA	1
54	53	3	TAGTACTTTCCGTCATATCATTAC	1
55	54	3	AGTACTTTCCGTCATATCATTACT	1
56	55	3	GTACTTTCCGTCATATCATTACTT	1
57	56	3	TACTTTCCGTCATATCATTACTTT	1
58	57	3	ACTTTCCGTCATATCATTACTTTT	1
59	58	2	CTTTCCGTCATATCATTACTTTTG	1
60	59	2	TTTCCGTCATATCATTACTTTTGA	1
61	60	2	TTCCGTCATATCATTACTTTTGAT	1
62	61	2	TCCGTCATATCATTACTTTTGATA	1
63	62	2	CCGTCATATCATTACTTTTGATAA	1
64	63	2	CGTCATATCATTACTTTTGATAAG	1
65	64	2	GTCATATCATTACTTTTGATAAGA	1
66	65	2	TCATATCATTACTTTTGATAAGAA	1
67	66	2	CATATCATTACTTTTGATAAGAAA	1
68	67	2	ATATCATTACTTTTGATAAGAAAA	1
69	68	2	TATCATTACTTTTGATAAGAAAAC	1
70	69	1	ATCATTACTTTTGATAAGAAAACA	1
71	70	1	TCATTACTTTTGATAAGAAAACAT	1
72	71	1	CATTACTTTTGATAAGAAAACATG	1
73	72	1	ATTACTTTTGATAAGAAAACATGC	1
74	73	1	TTACTTTTGATAAGAAAACATGCA	1
75	74	1	TACTTTTGATAAGAAAACATGCAA	1
76	75	1	ACTTTTGATAAGAAAACATGCAAT	1
77	76	1	CTTTTGATAAGAAAACATGCAATT	1
78	77	1	TTTTGATAAGAAAACATGCAATTC	1
79	78	2	TTTGATAAGAAAACATGCAATTCA	1
80	79	2	TTGATAAGAAAACATGCAATTCAC	1
81	80	2	TGATAAGAAAACATGCAATTCACT	1
82	81	2	GATAAGAAAACATGCAATTCACTT	1
83	82	2	ATAAGAAAACATGCAATTCACTTT	1
84	83	2	TAAGAAAACATGCAATTCACTTTT	1
85	84	2	AAGAAAACATGCAATTCACTTTTT	1
86	85	2	AGAAAACATGCAATTCACTTTTTA	1
87	86	2	GAAAACATGCAATTCACTTTTTAT	1
88	87	2	AAAACATGCAATTCACTTTTTATG	1
89	88	2	AAACATGCAATTCACTTTTTATGG	1
90	89	2	AACATGCAATTCACTTTTTATGGC	1
91	90	2	ACATGCAATTCACTTTTTATGGCG	1
92	91	2	CATGCAATTCACTTTTTATGGCGC	1
93	92	2	ATGCAATTCACTTTTTATGGCGCC	1
94	93	2	TGCAATTCACTTTTTATGGCGCCT	1
95	94	2	GCAATTCACTTTTTATGGCGCCTA	1
96	95	2	CAATTCACTTTTTATGGCGCCTAA	1
97	96	1	AATTCACTTTTTATGGCGCCTAAG	1
98	97	1	ATTCACTTTTTATGGCGCCTAAGG	1
99	98	1	TTCACTTTTTATGGCGCCTAAGGG	1
100	99	1	TCACTTTTTATGGCGCCTAAGGGT	1
101	100	1	CACTTTTTATGGCGCCTAAGGGTA	1
102	101	1	ACTTTTTATGGCGCCTAAGGGTAG	1
103	102	1	CTTTTTATGGCGCCTAAGGGTAGA	1
104	103	1	TTTTTATGGCGCCTAAGGGTAGAT	1
105	104	2	TTTTATGGCGCCTAAGGGTAGATT	1
106	105	2	TTTATGGCGCCTAAGGGTAGATTT	1
107	106	2	TTATGGCGCCTAAGGGTAGATTTA	1
108	107	2	TATGGCGCCTAAGGGTAGATTTAT	1
109	108	2	ATGGCGCCTAAGGGTAGATTTATG	1
110	109	2	TGGCGCCTAAGGGTAGATTTATGG	1
111	110	2	GGCGCCTAAGGGTAGATTTATGGT	1
112	111	2	GCGCCTAAGGGTAGATTTATGGTT	1
113	112	2	CGCCTAAGGGTAGATTTATGGTTG	1
114	113	2	GCCTAAGGGTAGATTTATGGTTGC	1
115	114	2	CCTAAGGGTAGATTTATGGTTGCT	1
116	115	2	CTAAGGGTAGATTTATGGTTGCTG	1
117	116	2	TAAGGGTAGATTTATGGTTGCTGC	1
118	117	2	AAGGGTAGATTTATGGTTGCTGCA	1
119	118	2	AGGGTAGATTTATGGTTGCTGCAA	1
120	119	2	GGGTAGATTTATGGTTGCTGCAAC	1
121	120	2	GGTAGATTTATGGTTGCTGCAACC	1
122	121	2	GTAGATTTATGGTTGCTGCAACCC	1
123	122	1	TAGATTTATGGTTGCTGCAACCCT	1
124	123	1	AGATTTATGGTTGCTGCAACCCTT	1
125	124	1	GATTTATGGTTGCTGCAACCCTTG	1
126	125	1	ATTTATGGTTGCTGCAACCCTTGG	1
127	126	1	TTTATGGTTGCTGCAACCCTTGGT	1
128	127	1	TTATGGTTGCTGCAACCCTTGGTT	1
129	128	1	TATGGTTGCTGCAACCCTTGGTTC	1
130	129	1	ATGGTTGCTGCAACCCTTGGTTCC	1
131	130	1	TGGTTGCTGCAACCCTTGGTTCCT	1
132	131	1	GGTTGCTGCAACCCTTGGTTCCTC	1
133	132	1	GTTGCTGCAACCCTTGGTTCCTCT	1
134	133	1	TTGCTGCAACCCTTGGTTCCTCTA	1
135	134	2	TGCTGCAACCCTTGGTTCCTCTAC	1
136	135	2	GCTGCAACCCTTGGTTCCTCTACT	1
137	136	2	CTGCAACCCTTGGTTCCTCTACTC	1
138	137	2	TGCAACCCTTGGTTCCTCTACTCA	1
139	138	2	GCAACCCTTGGTTCCTCTACTCAA	1
140	139	2	CAACCCTTGGTTCCTCTACTCAAT	1
141	140	2	AACCCTTGGTTCCTCTACTCAATA	1
142	141	2	ACCCTTGGTTCCTCTACTCAATAT	1
143	142	2	CCCTTGGTTCCTCTACTCAATATG	1
144	143	2	CCTTGGTTCCTCTACTCAATATGA	1
145	144	3	CTTGGTTCCTCTACTCAATATGAT	1
146	145	3	TTGGTTCCTCTACTCAATATGATT	1
147	146	3	TGGTTCCTCTACTCAATATGATTT	1
148	147	3	GGTTCCTCTACTCAATATGATTTG	1
149	148	2	GTTCCTCTACTCAATATGATTTGG	1
150	149	2	TTCCTCTACTCAATATGATTTGGA	1
151	150	2	TCCTCTACTCAATATGATTTGGAG	1
152	151	2	CCTCTACTCAATATGATTTGGAGT	1
153	152	2	CTCTACTCAATATGATTTGGAGTT	1
154	153	2	TCTACTCAATATGATTTGGAGTTT	1
155	154	2	CTACTCAATATGATTTGGAGTTTT	1
156	155	2	TACTCAATATGATTTGGAGTTTTA	1
157	156	2	ACTCAATATGATTTGGAGTTTTAC	1
158	157	2	CTCAATATGATTTGGAGTTTTACG	1
159	158	2	TCAATATGATTTGGAGTTTTACGA	1
160	159	2	CAATATGATTTGGAGTTTTACGAC	1
161	160	2	AATATGATTTGGAGTTTTACGACT	1
162	161	2	ATATGATTTGGAGTTTTACGACTT	1
163	162	2	TATGATTTGGAGTTTTACGACTTA	1
164	163	2	ATGATTTGGAGTTTTACGACTTAG	1
165	164	2	TGATTTGGAGTTTTACGACTTAGA	1
166	165	2	GATTTGGAGTTTTACGACTTAGAT	1
167	166	2	ATTTGGAGTTTTACGACTTAGATT	1
168	167	2	TTTGGAGTTTTACGACTTAGATTT	1
169	168	2	TTGGAGTTTTACGACTTAGATTTT	1
170	169	2	TGGAGTTTTACGACTTAGATTTTG	1
171	170	2	GGAGTTTTACGACTTAGATTTTGA	1
172	171	2	GAGTTTTACGACTTAGATTTTGAT	1
173	172	2	AGTTTTACGACTTAGATTTTGATA	1
174	173	2	GTTTTACGACTTAGATTTTGATAC	1
175	174	2	TTTTACGACTTAGATTTTGATACC	1
176	175	2	TTTACGACTTAGATTTTGATACCG	1
177	176	2	TTACGACTTAGATTTTGATACCGA	1
178	177	2	TACGACTTAGATTTTGATACCGAA	1
179	178	1	ACGACTTAGATTTTGATACCGAAA	1
180	179	1	CGACTTAGATTTTGATACCGAAAA	1
181	180	1	GACTTAGATTTTGATACCGAAAAG	1
182	181	1	ACTTAGATTTTGATACCGAAAAGA	1
183	182	1	CTTAGATTTTGATACCGAAAAGAA	1
184	183	1	TTAGATTTTGATACCGAAAAGAAA	1
185	184	1	TAGATTTTGATACCGAAAAGAAAG	1
186	185	1	AGATTTTGATACCGAAAAGAAAGA	1
187	186	1	GATTTTGATACCGAAAAGAAAGAA	1
188	187	1	ATTTTGATACCGAAAAGAAAGAAC	1
189	-1	0	ACTATCCGTACGAAAAATCTTTTC	1
190	189	1	CTATCCGTACGAAAAATCTTTTCA	1
191	190	1	TATCCGTACGAAAAATCTTTTCAA	1
192	191	1	ATCCGTACGAAAAATCTTTTCAAT	1
193	192	1	TCCGTACGAAAAATCTTTTCAATG	1
194	193	1	CCGTACGAAAAATCTTTTCAATGT	1
195	194	1	CGTACGAAAAATCTTTTCAATGTT	1
196	195	1	GTACGAAAAATCTTTTCAATGTTT	1
197	196	1	TACGAAAAATCTTTTCAATGTTTC	1
198	197	1	ACGAAAAATCTTTTCAATGTTTCC	1
199	198	3	CGAAAAATCTTTTCAATGTTTCCG	1
200	199	3	GAAAAATCTTTTCAATGTTTCCGA	1
201	200	3	AAAAATCTTTTCAATGTTTCCGAC	1
202	201	3	AAAATCTTTTCAATGTTTCCGACT	1
203	202	3	AAATCTTTTCAATGTTTCCGACTG	1
204	203	3	AATCTTTTCAATGTTTCCGACTGT	1
205	204	3	ATCTTTTCAATGTTTCCGACTGTA	1
206	205	3	TCTTTTCAATGTTTCCGACTGTAA	1
207	206	3	CTTTTCAATGTTTCCGACTGTAAG	1
208	207	3	TTTTCAATGTTTCCGACTGTAAGT	1
209	208	3	TTTCAATGTTTCCGACTGTAAGTT	1
210	209	4	TTCAATGTTTCCGACTGTAAGTTG	1
211	210	4	TCAATGTTTCCGACTGTAAGTTGT	1
212	211	4	CAATGTTTCCGACTGTAAGTTGTA	1
213	212	4	AATGTTTCCGACTGTAAGTTGTAC	1
214	213	4	ATGTTTCCGACTGTAAGTTGTACT	1
215	214	4	TGTTTCCGACTGTAAGTTGTACTG	1
216	215	4	GTTTCCGACTGTAAGTTGTACTGG	1
217	216	4	TTTCCGACTGTAAGTTGTACTGGC	1
218	217	4	TTCCGACTGTAAGTTGTACTGGCA	1
219	218	4	TCCGACTGTAAGTTGTACTGGCAG	1
220	219	4	CCGACTGTAAGTTGTACTGGCAGT	1
221	220	5	CGACTGTAAGTTGTACTGGCAGTC	1
222	221	5	GACTGTAAGTTGTACTGGCAGTCT	1
223	222	5	ACTGTAAGTTGTACTGGCAGTCTA	1
224	223	5	CTGTAAGTTGTACTGGCAGTCTAA	1
225	224	5	TGTAAGTTGTACTGGCAGTCTAAT	1
226	225	5	GTAAGTTGTACTGGCAGTCTAATG	1
227	226	5	TAAGTTGTACTGGCAGTCTAATGG	1
228	227	5	AAGTTGTACTGGCAGTCTAATGGT	1
229	228	5	AGTTGTACTGGCAGTCTAATGGTG	1
230	229	5	GTTGTACTGGCAGTCTAATGGTGA	1
231	230	5	TTGTACTGGCAGTCTAATGGTGAT	1
232	231	5	TGTACTGGCAGTCTAATGGTGATT	1
233	232	5	GTACTGGCAGTCTAATGGTGATTA	1
234	233	4	TACTGGCAGTCTAATGGTGATTAT	1
235	234	4	ACTGGCAGTCTAATGGTGATTATT	1
236	235	4	CTGGCAGTCTAATGGTGATTATTT	1
237	236	4	TGGCAGTCTAATGGTGATTATTTA	1
238	237	4	GGCAGTCTAATGGTGATTATTTAT	1
239	238	4	GCAGTCTAATGGTGATTATTTATG	1
240	239	3	CAGTCTAATGGTGATTATTTATGT	1
241	240	3	AGTCTAATGGTGATTATTTATGTG	1
242	241	3	GTCTAATGGTGATTATTTATGTGT	1
243	242	2	TCTAATGGTGATTATTTATGTGTT	1
244	243	2	CTAATGGTGATTATTTATGTGTTA	1
245	244	2	TAATGGTGATTATTTATGTGTTAA	1
246	245	2	AATGGTGATTATTTATGTGTTAAG	1
247	246	2	ATGGTGATTATTTATGTGTTAAGG	1
248	247	2	TGGTGATTATTTATGTGTTAAGGT	1
249	248	2	GGTGATTATTTATGTGTTAAGGTT	1
250	249	2	GTGATTATTTATGTGTTAAGGTTG	1
251	250	2	TGATTATTTATGTGTTAAGGTTGA	1
252	251	2	GATTATTTATGTGTTAAGGTTGAT	1
253	252	2	ATTATTTATGTGTTAAGGTTGATC	1
254	253	1	TTATTTATGTGTTAAGGTTGATCG	1
255	254	1	TATTTATGTGTTAAGGTTGATCGT	1
256	255	1	ATTTATGTGTTAAGGTTGATCGTC	1
257	256	1	TTTATGTGTTAAGGTTGATCGTCA	1
258	257	1	TTATGTGTTAAGGTTGATCGTCAC	1
259	258	1	TATGTGTTAAGGTTGATCGTCACA	1
260	259	1	ATGTGTTAAGGTTGATCGTCACAC	1
261	260	1	TGTGTTAAGGTTGATCGTCACACA	1
262	261	1	GTGTTAAGGTTGATCGTCACACAA	1
263	262	1	TGTTAAGGTTGATCGTCACACAAA	1
264	263	1	GTTAAGGTTGATCGTCACACAAAA	1
