Component 117
1	-1	0	CTCGTGGACGCGGTGCAGCTTCCG	1
2	1	2	TCGTGGACGCGGTGCAGCTTCCGG	1
3	2	2	CGTGGACGCGGTGCAGCTTCCGGT	1
4	3	2	GTGGACGCGGTGCAGCTTCCGGTA	1
5	4	2	TGGACGCGGTGCAGCTTCCGGTAC	1
6	5	3	GGACGCGGTGCAGCTTCCGGTACT	1
7	6	3	GACGCGGTGCAGCTTCCGGTACTA	1
8	7	4	ACGCGGTGCAGCTTCCGGTACTAA	1
9	8	4	CGCGGTGCAGCTTCCGGTACTAAG	1
10	9	4	GCGGTGCAGCTTCCGGTACTAAGT	1
11	10	4	CGGTGCAGCTTCCGGTACTAAGTA	1
12	11	4	GGTGCAGCTTCCGGTACTAAGTAC	1
13	12	4	GTGCAGCTTCCGGTACTAAGTACA	1
14	13	4	TGCAGCTTCCGGTACTAAGTACAG	1
15	14	5	GCAGCTTCCGGTACTAAGTACAGG	1
16	15	7	CAGCTTCCGGTACTAAGTACAGGA	1
17	16	7	AGCTTCCGGTACTAAGTACAGGAT	1
18	17	7	GCTTCCGGTACTAAGTACAGGATG	1
19	18	7	CTTCCGGTACTAAGTACAGGATGA	1
20	19	7	TTCCGGTACTAAGTACAGGATGAC	1
21	20	8	TCCGGTACTAAGTACAGGATGACC	1
22	21	8	CCGGTACTAAGTACAGGATGACCT	1
23	22	8	CGGTACTAAGTACAGGATGACCTT	1
24	23	8	GGTACTAAGTACAGGATGACCTTG	1
25	24	8	GTACTAAGTACAGGATGACCTTGG	1
26	25	8	TACTAAGTACAGGATGACCTTGGG	1
27	26	8	ACTAAGTACAGGATGACCTTGGGT	1
28	27	8	CTAAGTACAGGATGACCTTGGGTC	1
29	28	8	TAAGTACAGGATGACCTTGGGTCT	1
30	29	8	AAGTACAGGATGACCTTGGGTCTT	1
31	30	8	AGTACAGGATGACCTTGGGTCTTC	1
32	31	8	GTACAGGATGACCTTGGGTCTTCC	1
33	32	8	TACAGGATGACCTTGGGTCTTCCT	1
34	33	8	ACAGGATGACCTTGGGTCTTCCTG	1
35	34	8	CAGGATGACCTTGGGTCTTCCTGT	1
36	35	8	AGGATGACCTTGGGTCTTCCTGTT	1
37	36	8	GGATGACCTTGGGTCTTCCTGTTC	1
38	37	9	GATGACCTTGGGTCTTCCTGTTCA	1
39	38	9	ATGACCTTGGGTCTTCCTGTTCAA	1
40	39	9	TGACCTTGGGTCTTCCTGTTCAAG	1
41	40	9	GACCTTGGGTCTTCCTGTTCAAGC	1
42	41	9	ACCTTGGGTCTTCCTGTTCAAGCC	1
43	42	9	CCTTGGGTCTTCCTGTTCAAGCCA	1
44	43	9	CTTGGGTCTTCCTGTTCAAGCCAT	1
45	44	9	TTGGGTCTTCCTGTTCAAGCCATC	1
46	45	7	TGGGTCTTCCTGTTCAAGCCATCA	1
47	46	7	GGGTCTTCCTGTTCAAGCCATCAT	1
48	47	7	GGTCTTCCTGTTCAAGCCATCATG	1
49	48	7	GTCTTCCTGTTCAAGCCATCATGA	1
50	49	6	TCTTCCTGTTCAAGCCATCATGAA	1
51	50	6	CTTCCTGTTCAAGCCATCATGAAT	1
52	51	6	TTCCTGTTCAAGCCATCATGAATT	1
53	52	6	TCCTGTTCAAGCCATCATGAATTG	1
54	53	6	CCTGTTCAAGCCATCATGAATTGT	1
55	54	6	CTGTTCAAGCCATCATGAATTGTG	1
56	55	6	TGTTCAAGCCATCATGAATTGTGC	1
57	56	6	GTTCAAGCCATCATGAATTGTGCT	1
58	57	5	TTCAAGCCATCATGAATTGTGCTG	1
59	58	4	TCAAGCCATCATGAATTGTGCTGA	1
60	59	2	CAAGCCATCATGAATTGTGCTGAC	1
61	60	2	AAGCCATCATGAATTGTGCTGACA	1
62	61	2	AGCCATCATGAATTGTGCTGACAA	1
63	62	2	GCCATCATGAATTGTGCTGACAAC	1
64	63	2	CCATCATGAATTGTGCTGACAACT	1
65	64	1	CATCATGAATTGTGCTGACAACTC	1
66	65	1	ATCATGAATTGTGCTGACAACTCT	1
67	66	1	TCATGAATTGTGCTGACAACTCTG	1
68	67	1	CATGAATTGTGCTGACAACTCTGG	1
69	68	2	ATGAATTGTGCTGACAACTCTGGT	1
70	69	3	TGAATTGTGCTGACAACTCTGGTG	1
71	70	3	GAATTGTGCTGACAACTCTGGTGC	1
72	71	3	AATTGTGCTGACAACTCTGGTGCT	1
73	72	4	ATTGTGCTGACAACTCTGGTGCTA	1
74	73	4	TTGTGCTGACAACTCTGGTGCTAA	1
75	74	4	TGTGCTGACAACTCTGGTGCTAAG	1
76	75	5	GTGCTGACAACTCTGGTGCTAAGA	1
77	76	5	TGCTGACAACTCTGGTGCTAAGAA	1
78	77	5	GCTGACAACTCTGGTGCTAAGAAC	1
79	78	5	CTGACAACTCTGGTGCTAAGAACC	1
80	79	5	TGACAACTCTGGTGCTAAGAACCT	1
81	80	5	GACAACTCTGGTGCTAAGAACCTT	1
82	81	4	ACAACTCTGGTGCTAAGAACCTTT	1
83	82	4	CAACTCTGGTGCTAAGAACCTTTA	1
84	83	4	AACTCTGGTGCTAAGAACCTTTAT	1
85	84	4	ACTCTGGTGCTAAGAACCTTTATA	1
86	85	4	CTCTGGTGCTAAGAACCTTTATAT	1
87	86	4	TCTGGTGCTAAGAACCTTTATATC	1
88	87	4	CTGGTGCTAAGAACCTTTATATCG	1
89	88	5	TGGTGCTAAGAACCTTTATATCGT	1
90	89	5	GGTGCTAAGAACCTTTATATCGTG	1
91	90	5	GTGCTAAGAACCTTTATATCGTGT	1
92	91	5	TGCTAAGAACCTTTATATCGTGTC	1
93	92	6	GCTAAGAACCTTTATATCGTGTCT	1
94	93	6	CTAAGAACCTTTATATCGTGTCTG	1
95	94	6	TAAGAACCTTTATATCGTGTCTGT	1
96	95	6	AAGAACCTTTATATCGTGTCTGTC	1
97	96	6	AGAACCTTTATATCGTGTCTGTCT	1
98	97	6	GAACCTTTATATCGTGTCTGTCTT	1
99	98	6	AACCTTTATATCGTGTCTGTCTTC	1
100	99	6	ACCTTTATATCGTGTCTGTCTTCG	1
101	100	6	CCTTTATATCGTGTCTGTCTTCGG	1
102	101	6	CTTTATATCGTGTCTGTCTTCGGC	1
103	102	7	TTTATATCGTGTCTGTCTTCGGCA	1
104	103	7	TTATATCGTGTCTGTCTTCGGCAC	1
105	104	7	TATATCGTGTCTGTCTTCGGCACT	1
106	105	7	ATATCGTGTCTGTCTTCGGCACTG	1
107	106	7	TATCGTGTCTGTCTTCGGCACTGG	1
108	107	7	ATCGTGTCTGTCTTCGGCACTGGT	1
109	108	7	TCGTGTCTGTCTTCGGCACTGGTG	1
110	109	7	CGTGTCTGTCTTCGGCACTGGTGC	1
111	110	7	GTGTCTGTCTTCGGCACTGGTGCA	1
112	111	7	TGTCTGTCTTCGGCACTGGTGCAC	1
113	112	6	GTCTGTCTTCGGCACTGGTGCACG	1
114	113	5	TCTGTCTTCGGCACTGGTGCACGT	1
115	114	5	CTGTCTTCGGCACTGGTGCACGTC	1
116	115	5	TGTCTTCGGCACTGGTGCACGTCT	1
117	116	4	GTCTTCGGCACTGGTGCACGTCTT	1
118	117	5	TCTTCGGCACTGGTGCACGTCTTA	1
119	118	5	CTTCGGCACTGGTGCACGTCTTAA	1
120	119	4	TTCGGCACTGGTGCACGTCTTAAT	1
121	120	5	TCGGCACTGGTGCACGTCTTAATC	1
122	121	5	CGGCACTGGTGCACGTCTTAATCG	1
123	122	5	GGCACTGGTGCACGTCTTAATCGT	1
124	123	5	GCACTGGTGCACGTCTTAATCGTC	1
125	124	5	CACTGGTGCACGTCTTAATCGTCT	1
126	125	5	ACTGGTGCACGTCTTAATCGTCTA	1
127	126	5	CTGGTGCACGTCTTAATCGTCTAC	1
128	127	5	TGGTGCACGTCTTAATCGTCTACC	1
129	128	5	GGTGCACGTCTTAATCGTCTACCA	1
130	129	5	GTGCACGTCTTAATCGTCTACCAG	1
131	130	4	TGCACGTCTTAATCGTCTACCAGC	1
132	131	4	GCACGTCTTAATCGTCTACCAGCT	1
133	132	3	CACGTCTTAATCGTCTACCAGCTG	1
134	133	3	ACGTCTTAATCGTCTACCAGCTGC	1
135	134	3	CGTCTTAATCGTCTACCAGCTGCA	1
136	135	3	GTCTTAATCGTCTACCAGCTGCAA	1
137	136	3	TCTTAATCGTCTACCAGCTGCAAG	1
138	137	3	CTTAATCGTCTACCAGCTGCAAGC	1
139	138	3	TTAATCGTCTACCAGCTGCAAGCT	1
140	139	3	TAATCGTCTACCAGCTGCAAGCTG	1
141	140	3	AATCGTCTACCAGCTGCAAGCTGT	1
142	141	3	ATCGTCTACCAGCTGCAAGCTGTG	1
143	142	3	TCGTCTACCAGCTGCAAGCTGTGG	1
144	143	3	CGTCTACCAGCTGCAAGCTGTGGT	1
145	144	4	GTCTACCAGCTGCAAGCTGTGGTG	1
146	145	4	TCTACCAGCTGCAAGCTGTGGTGA	1
147	146	3	CTACCAGCTGCAAGCTGTGGTGAT	1
148	147	3	TACCAGCTGCAAGCTGTGGTGATA	1
149	148	3	ACCAGCTGCAAGCTGTGGTGATAT	1
150	149	3	CCAGCTGCAAGCTGTGGTGATATG	1
151	150	3	CAGCTGCAAGCTGTGGTGATATGG	1
152	151	4	AGCTGCAAGCTGTGGTGATATGGT	1
153	152	4	GCTGCAAGCTGTGGTGATATGGTC	1
154	153	4	CTGCAAGCTGTGGTGATATGGTCC	1
155	154	4	TGCAAGCTGTGGTGATATGGTCCT	1
156	155	4	GCAAGCTGTGGTGATATGGTCCTT	1
157	156	4	CAAGCTGTGGTGATATGGTCCTTG	1
158	157	4	AAGCTGTGGTGATATGGTCCTTGC	1
159	158	5	AGCTGTGGTGATATGGTCCTTGCT	1
160	159	5	GCTGTGGTGATATGGTCCTTGCTA	1
161	160	5	CTGTGGTGATATGGTCCTTGCTAC	1
162	161	4	TGTGGTGATATGGTCCTTGCTACT	1
163	162	4	GTGGTGATATGGTCCTTGCTACTG	1
164	163	4	TGGTGATATGGTCCTTGCTACTGT	1
165	164	4	GGTGATATGGTCCTTGCTACTGTG	1
166	165	4	GTGATATGGTCCTTGCTACTGTGA	1
167	166	5	TGATATGGTCCTTGCTACTGTGAA	1
168	167	5	GATATGGTCCTTGCTACTGTGAAG	1
169	168	5	ATATGGTCCTTGCTACTGTGAAGA	1
170	169	5	TATGGTCCTTGCTACTGTGAAGAA	1
171	170	5	ATGGTCCTTGCTACTGTGAAGAAG	1
172	171	5	TGGTCCTTGCTACTGTGAAGAAGG	1
173	172	5	GGTCCTTGCTACTGTGAAGAAGGG	1
174	173	5	GTCCTTGCTACTGTGAAGAAGGGT	1
175	174	5	TCCTTGCTACTGTGAAGAAGGGTA	1
176	175	5	CCTTGCTACTGTGAAGAAGGGTAA	1
177	176	5	CTTGCTACTGTGAAGAAGGGTAAA	1
178	177	5	TTGCTACTGTGAAGAAGGGTAAAC	1
179	178	5	TGCTACTGTGAAGAAGGGTAAACC	1
180	179	5	GCTACTGTGAAGAAGGGTAAACCC	1
181	180	5	CTACTGTGAAGAAGGGTAAACCCG	1
182	181	5	TACTGTGAAGAAGGGTAAACCCGA	1
183	182	5	ACTGTGAAGAAGGGTAAACCCGAC	1
184	183	5	CTGTGAAGAAGGGTAAACCCGACT	1
185	184	5	TGTGAAGAAGGGTAAACCCGACTT	1
186	185	5	GTGAAGAAGGGTAAACCCGACTTG	1
187	186	5	TGAAGAAGGGTAAACCCGACTTGC	1
188	187	5	GAAGAAGGGTAAACCCGACTTGCG	1
189	188	4	AAGAAGGGTAAACCCGACTTGCGT	1
190	189	4	AGAAGGGTAAACCCGACTTGCGTA	1
191	190	4	GAAGGGTAAACCCGACTTGCGTAA	1
192	191	4	AAGGGTAAACCCGACTTGCGTAAG	1
193	192	4	AGGGTAAACCCGACTTGCGTAAGA	1
194	193	4	GGGTAAACCCGACTTGCGTAAGAA	1
195	194	4	GGTAAACCCGACTTGCGTAAGAAG	1
196	195	3	GTAAACCCGACTTGCGTAAGAAGA	1
197	196	3	TAAACCCGACTTGCGTAAGAAGAT	1
198	197	3	AAACCCGACTTGCGTAAGAAGATC	1
199	198	3	AACCCGACTTGCGTAAGAAGATCA	1
200	199	3	ACCCGACTTGCGTAAGAAGATCAT	1
201	200	3	CCCGACTTGCGTAAGAAGATCATG	1
202	201	3	CCGACTTGCGTAAGAAGATCATGC	1
203	202	2	CGACTTGCGTAAGAAGATCATGCC	1
204	203	2	GACTTGCGTAAGAAGATCATGCCT	1
205	-1	0	AATCATGCCTGCTATTGTTGTTCG	1
206	205	1	ATCATGCCTGCTATTGTTGTTCGC	1
207	206	1	TCATGCCTGCTATTGTTGTTCGCC	1
208	207	1	CATGCCTGCTATTGTTGTTCGCCA	1
209	208	1	ATGCCTGCTATTGTTGTTCGCCAG	1
210	209	1	TGCCTGCTATTGTTGTTCGCCAGC	1
211	210	3	GCCTGCTATTGTTGTTCGCCAGCG	1
212	211	3	CCTGCTATTGTTGTTCGCCAGCGT	1
213	212	3	CTGCTATTGTTGTTCGCCAGCGTA	1
214	213	3	TGCTATTGTTGTTCGCCAGCGTAA	1
215	214	3	GCTATTGTTGTTCGCCAGCGTAAG	1
216	215	4	CTATTGTTGTTCGCCAGCGTAAGG	1
217	216	4	TATTGTTGTTCGCCAGCGTAAGGC	1
218	217	4	ATTGTTGTTCGCCAGCGTAAGGCT	1
219	218	5	TTGTTGTTCGCCAGCGTAAGGCTT	1
220	219	5	TGTTGTTCGCCAGCGTAAGGCTTG	1
221	220	5	GTTGTTCGCCAGCGTAAGGCTTGG	1
222	221	5	TTGTTCGCCAGCGTAAGGCTTGGC	1
223	222	5	TGTTCGCCAGCGTAAGGCTTGGCG	1
224	223	5	GTTCGCCAGCGTAAGGCTTGGCGC	1
225	224	6	TTCGCCAGCGTAAGGCTTGGCGCC	1
226	225	6	TCGCCAGCGTAAGGCTTGGCGCCG	1
227	226	6	CGCCAGCGTAAGGCTTGGCGCCGC	1
228	227	7	GCCAGCGTAAGGCTTGGCGCCGCA	1
229	228	7	CCAGCGTAAGGCTTGGCGCCGCAA	1
230	229	7	CAGCGTAAGGCTTGGCGCCGCAAG	1
231	230	6	AGCGTAAGGCTTGGCGCCGCAAGG	1
232	231	6	GCGTAAGGCTTGGCGCCGCAAGGA	1
233	232	6	CGTAAGGCTTGGCGCCGCAAGGAT	1
234	233	6	GTAAGGCTTGGCGCCGCAAGGATG	1
235	234	6	TAAGGCTTGGCGCCGCAAGGATGG	1
236	235	6	AAGGCTTGGCGCCGCAAGGATGGT	1
237	236	6	AGGCTTGGCGCCGCAAGGATGGTG	1
238	237	5	GGCTTGGCGCCGCAAGGATGGTGT	1
239	238	6	GCTTGGCGCCGCAAGGATGGTGTC	1
240	239	6	CTTGGCGCCGCAAGGATGGTGTCT	1
241	240	6	TTGGCGCCGCAAGGATGGTGTCTA	1
242	241	6	TGGCGCCGCAAGGATGGTGTCTAT	1
243	242	6	GGCGCCGCAAGGATGGTGTCTATC	1
244	243	6	GCGCCGCAAGGATGGTGTCTATCT	1
245	244	6	CGCCGCAAGGATGGTGTCTATCTT	1
246	245	6	GCCGCAAGGATGGTGTCTATCTTT	1
247	246	7	CCGCAAGGATGGTGTCTATCTTTA	1
248	247	7	CGCAAGGATGGTGTCTATCTTTAC	1
249	248	7	GCAAGGATGGTGTCTATCTTTACT	1
250	249	6	CAAGGATGGTGTCTATCTTTACTT	1
251	250	6	AAGGATGGTGTCTATCTTTACTTT	1
252	251	6	AGGATGGTGTCTATCTTTACTTTG	1
253	252	7	GGATGGTGTCTATCTTTACTTTGA	1
254	253	7	GATGGTGTCTATCTTTACTTTGAG	1
255	254	5	ATGGTGTCTATCTTTACTTTGAGG	1
256	255	6	TGGTGTCTATCTTTACTTTGAGGA	1
257	256	7	GGTGTCTATCTTTACTTTGAGGAC	1
258	257	7	GTGTCTATCTTTACTTTGAGGACA	1
259	258	7	TGTCTATCTTTACTTTGAGGACAA	1
260	259	6	GTCTATCTTTACTTTGAGGACAAT	1
261	260	6	TCTATCTTTACTTTGAGGACAATG	1
262	261	6	CTATCTTTACTTTGAGGACAATGC	1
263	262	6	TATCTTTACTTTGAGGACAATGCC	1
264	263	5	ATCTTTACTTTGAGGACAATGCCG	1
265	264	5	TCTTTACTTTGAGGACAATGCCGG	1
266	265	5	CTTTACTTTGAGGACAATGCCGGT	1
267	266	6	TTTACTTTGAGGACAATGCCGGTG	1
268	267	6	TTACTTTGAGGACAATGCCGGTGT	1
269	268	5	TACTTTGAGGACAATGCCGGTGTT	1
270	269	5	ACTTTGAGGACAATGCCGGTGTTA	1
271	270	5	CTTTGAGGACAATGCCGGTGTTAT	1
272	271	5	TTTGAGGACAATGCCGGTGTTATT	1
273	272	5	TTGAGGACAATGCCGGTGTTATTG	1
274	273	5	TGAGGACAATGCCGGTGTTATTGT	1
275	274	5	GAGGACAATGCCGGTGTTATTGTC	1
276	275	5	AGGACAATGCCGGTGTTATTGTCA	1
277	276	5	GGACAATGCCGGTGTTATTGTCAA	1
278	277	6	GACAATGCCGGTGTTATTGTCAAC	1
279	278	6	ACAATGCCGGTGTTATTGTCAACC	1
280	279	6	CAATGCCGGTGTTATTGTCAACCC	1
281	280	6	AATGCCGGTGTTATTGTCAACCCT	1
282	281	5	ATGCCGGTGTTATTGTCAACCCTA	1
283	282	5	TGCCGGTGTTATTGTCAACCCTAA	1
284	283	5	GCCGGTGTTATTGTCAACCCTAAG	1
285	284	5	CCGGTGTTATTGTCAACCCTAAGG	1
286	285	5	CGGTGTTATTGTCAACCCTAAGGG	1
287	286	5	GGTGTTATTGTCAACCCTAAGGGT	1
288	287	5	GTGTTATTGTCAACCCTAAGGGTG	1
289	288	5	TGTTATTGTCAACCCTAAGGGTGA	1
290	289	6	GTTATTGTCAACCCTAAGGGTGAA	1
291	290	5	TTATTGTCAACCCTAAGGGTGAAA	1
292	291	5	TATTGTCAACCCTAAGGGTGAAAT	1
293	292	5	ATTGTCAACCCTAAGGGTGAAATG	1
294	293	5	TTGTCAACCCTAAGGGTGAAATGA	1
295	294	5	TGTCAACCCTAAGGGTGAAATGAA	1
296	295	5	GTCAACCCTAAGGGTGAAATGAAG	1
297	296	4	TCAACCCTAAGGGTGAAATGAAGG	1
298	297	4	CAACCCTAAGGGTGAAATGAAGGG	1
299	298	4	AACCCTAAGGGTGAAATGAAGGGT	1
300	299	3	ACCCTAAGGGTGAAATGAAGGGTT	1
301	300	3	CCCTAAGGGTGAAATGAAGGGTTC	1
302	301	3	CCTAAGGGTGAAATGAAGGGTTCT	1
303	302	3	CTAAGGGTGAAATGAAGGGTTCTG	1
304	303	3	TAAGGGTGAAATGAAGGGTTCTGC	1
305	304	3	AAGGGTGAAATGAAGGGTTCTGCA	1
306	305	3	AGGGTGAAATGAAGGGTTCTGCAA	1
307	306	3	GGGTGAAATGAAGGGTTCTGCAAT	1
308	307	3	GGTGAAATGAAGGGTTCTGCAATC	1
309	308	3	GTGAAATGAAGGGTTCTGCAATCA	1
310	309	3	TGAAATGAAGGGTTCTGCAATCAC	1
311	310	2	GAAATGAAGGGTTCTGCAATCACT	1
312	311	2	AAATGAAGGGTTCTGCAATCACTG	1
313	312	2	AATGAAGGGTTCTGCAATCACTGG	1
314	313	2	ATGAAGGGTTCTGCAATCACTGGT	1
315	314	2	TGAAGGGTTCTGCAATCACTGGTC	1
316	315	2	GAAGGGTTCTGCAATCACTGGTCC	1
317	316	2	AAGGGTTCTGCAATCACTGGTCCC	1
318	317	2	AGGGTTCTGCAATCACTGGTCCCG	1
319	318	2	GGGTTCTGCAATCACTGGTCCCGT	1
320	319	2	GGTTCTGCAATCACTGGTCCCGTT	1
321	320	2	GTTCTGCAATCACTGGTCCCGTTG	1
322	321	1	TTCTGCAATCACTGGTCCCGTTGC	1
323	322	2	TCTGCAATCACTGGTCCCGTTGCT	1
324	323	2	CTGCAATCACTGGTCCCGTTGCTA	1
325	324	3	TGCAATCACTGGTCCCGTTGCTAA	1
326	325	3	GCAATCACTGGTCCCGTTGCTAAG	1
327	326	3	CAATCACTGGTCCCGTTGCTAAGG	1
328	327	3	AATCACTGGTCCCGTTGCTAAGGA	1
329	328	3	ATCACTGGTCCCGTTGCTAAGGAG	1
330	329	3	TCACTGGTCCCGTTGCTAAGGAGT	1
331	330	3	CACTGGTCCCGTTGCTAAGGAGTG	1
332	331	3	ACTGGTCCCGTTGCTAAGGAGTGT	1
333	332	3	CTGGTCCCGTTGCTAAGGAGTGTG	1
334	333	2	TGGTCCCGTTGCTAAGGAGTGTGC	1
335	334	2	GGTCCCGTTGCTAAGGAGTGTGCT	1
336	335	2	GTCCCGTTGCTAAGGAGTGTGCTG	1
337	336	2	TCCCGTTGCTAAGGAGTGTGCTGA	1
338	337	2	CCCGTTGCTAAGGAGTGTGCTGAC	1
339	338	2	CCGTTGCTAAGGAGTGTGCTGACC	1
340	339	2	CGTTGCTAAGGAGTGTGCTGACCT	1
341	340	2	GTTGCTAAGGAGTGTGCTGACCTT	1
342	341	2	TTGCTAAGGAGTGTGCTGACCTTT	1
343	342	2	TGCTAAGGAGTGTGCTGACCTTTG	1
344	343	2	GCTAAGGAGTGTGCTGACCTTTGG	1
345	344	2	CTAAGGAGTGTGCTGACCTTTGGC	1
346	345	2	TAAGGAGTGTGCTGACCTTTGGCC	1
347	346	2	AAGGAGTGTGCTGACCTTTGGCCT	1
348	347	2	AGGAGTGTGCTGACCTTTGGCCTC	1
349	348	2	GGAGTGTGCTGACCTTTGGCCTCG	1
350	349	2	GAGTGTGCTGACCTTTGGCCTCGT	1
351	350	2	AGTGTGCTGACCTTTGGCCTCGTA	1
352	351	2	GTGTGCTGACCTTTGGCCTCGTAT	1
353	352	2	TGTGCTGACCTTTGGCCTCGTATT	1
354	353	2	GTGCTGACCTTTGGCCTCGTATTG	1
355	354	2	TGCTGACCTTTGGCCTCGTATTGC	1
356	355	2	GCTGACCTTTGGCCTCGTATTGCC	1
357	356	2	CTGACCTTTGGCCTCGTATTGCCT	1
358	357	2	TGACCTTTGGCCTCGTATTGCCTC	1
359	358	2	GACCTTTGGCCTCGTATTGCCTCT	1
360	359	2	ACCTTTGGCCTCGTATTGCCTCTA	1
361	360	3	CCTTTGGCCTCGTATTGCCTCTAA	1
362	361	3	CTTTGGCCTCGTATTGCCTCTAAT	1
363	362	3	TTTGGCCTCGTATTGCCTCTAATG	1
364	363	3	TTGGCCTCGTATTGCCTCTAATGC	1
365	364	4	TGGCCTCGTATTGCCTCTAATGCC	1
366	365	4	GGCCTCGTATTGCCTCTAATGCCG	1
367	366	3	GCCTCGTATTGCCTCTAATGCCGG	1
368	367	2	CCTCGTATTGCCTCTAATGCCGGT	1
369	368	2	CTCGTATTGCCTCTAATGCCGGTA	1
370	369	2	TCGTATTGCCTCTAATGCCGGTAC	1
371	370	3	CGTATTGCCTCTAATGCCGGTACT	1
372	371	3	GTATTGCCTCTAATGCCGGTACTG	1
373	372	3	TATTGCCTCTAATGCCGGTACTGT	1
374	373	3	ATTGCCTCTAATGCCGGTACTGTA	1
375	374	3	TTGCCTCTAATGCCGGTACTGTAG	1
376	375	4	TGCCTCTAATGCCGGTACTGTAGT	1
377	376	4	GCCTCTAATGCCGGTACTGTAGTT	1
378	377	4	CCTCTAATGCCGGTACTGTAGTTT	1
379	378	4	CTCTAATGCCGGTACTGTAGTTTA	1
380	379	5	TCTAATGCCGGTACTGTAGTTTAA	1
381	380	5	CTAATGCCGGTACTGTAGTTTAAA	1
382	381	5	TAATGCCGGTACTGTAGTTTAAAT	1
383	382	5	AATGCCGGTACTGTAGTTTAAATT	1
384	383	5	ATGCCGGTACTGTAGTTTAAATTC	1
385	384	5	TGCCGGTACTGTAGTTTAAATTCA	1
386	385	5	GCCGGTACTGTAGTTTAAATTCAT	1
387	386	6	CCGGTACTGTAGTTTAAATTCATT	1
388	387	6	CGGTACTGTAGTTTAAATTCATTT	1
389	388	6	GGTACTGTAGTTTAAATTCATTTA	1
390	389	6	GTACTGTAGTTTAAATTCATTTAT	1
391	390	7	TACTGTAGTTTAAATTCATTTATT	1
392	391	7	ACTGTAGTTTAAATTCATTTATTG	1
393	392	7	CTGTAGTTTAAATTCATTTATTGA	1
394	393	7	TGTAGTTTAAATTCATTTATTGAA	1
395	394	7	GTAGTTTAAATTCATTTATTGAAT	1
396	395	7	TAGTTTAAATTCATTTATTGAATA	1
397	396	7	AGTTTAAATTCATTTATTGAATAA	1
398	397	7	GTTTAAATTCATTTATTGAATAAT	1
399	398	7	TTTAAATTCATTTATTGAATAATA	1
400	399	7	TTAAATTCATTTATTGAATAATAT	1
401	400	7	TAAATTCATTTATTGAATAATATT	1
402	401	7	AAATTCATTTATTGAATAATATTT	1
403	402	7	AATTCATTTATTGAATAATATTTT	1
404	403	7	ATTCATTTATTGAATAATATTTTG	1
405	404	6	TTCATTTATTGAATAATATTTTGG	1
406	405	6	TCATTTATTGAATAATATTTTGGG	1
407	406	5	CATTTATTGAATAATATTTTGGGA	1
408	407	4	ATTTATTGAATAATATTTTGGGAT	1
409	408	3	TTTATTGAATAATATTTTGGGATT	1
410	409	3	TTATTGAATAATATTTTGGGATTA	1
411	410	3	TATTGAATAATATTTTGGGATTAC	1
412	411	3	ATTGAATAATATTTTGGGATTACG	1
413	412	3	TTGAATAATATTTTGGGATTACGA	1
414	413	3	TGAATAATATTTTGGGATTACGAG	1
415	414	3	GAATAATATTTTGGGATTACGAGA	1
416	415	3	AATAATATTTTGGGATTACGAGAC	1
417	416	3	ATAATATTTTGGGATTACGAGACA	1
418	417	3	TAATATTTTGGGATTACGAGACAA	1
419	418	3	AATATTTTGGGATTACGAGACAAT	1
420	419	2	ATATTTTGGGATTACGAGACAATG	1
421	420	2	TATTTTGGGATTACGAGACAATGT	1
422	421	2	ATTTTGGGATTACGAGACAATGTC	1
423	422	2	TTTTGGGATTACGAGACAATGTCA	1
424	423	2	TTTGGGATTACGAGACAATGTCAA	1
425	424	2	TTGGGATTACGAGACAATGTCAAC	1
426	425	2	TGGGATTACGAGACAATGTCAACA	1
427	426	2	GGGATTACGAGACAATGTCAACAA	1
428	427	2	GGATTACGAGACAATGTCAACAAA	1
429	428	2	GATTACGAGACAATGTCAACAAAA	1
430	429	2	ATTACGAGACAATGTCAACAAAAT	1
431	430	1	TTACGAGACAATGTCAACAAAATC	1
432	431	1	TACGAGACAATGTCAACAAAATCT	1
433	432	1	ACGAGACAATGTCAACAAAATCTA	1
434	433	1	CGAGACAATGTCAACAAAATCTAA	1
