Component 122
1	-1	0	TCGCCGTAATTATCTTCTTTATGC	1
2	1	1	CGCCGTAATTATCTTCTTTATGCC	1
3	2	1	GCCGTAATTATCTTCTTTATGCCA	1
4	3	1	CCGTAATTATCTTCTTTATGCCAT	1
5	4	1	CGTAATTATCTTCTTTATGCCATG	1
6	5	1	GTAATTATCTTCTTTATGCCATGG	1
7	6	1	TAATTATCTTCTTTATGCCATGGA	1
8	7	1	AATTATCTTCTTTATGCCATGGAC	1
9	8	1	ATTATCTTCTTTATGCCATGGACA	1
10	9	1	TTATCTTCTTTATGCCATGGACAC	1
11	10	1	TATCTTCTTTATGCCATGGACACA	1
12	11	1	ATCTTCTTTATGCCATGGACACAT	1
13	12	1	TCTTCTTTATGCCATGGACACATA	1
14	13	1	CTTCTTTATGCCATGGACACATAC	1
15	14	1	TTCTTTATGCCATGGACACATACT	1
16	15	1	TCTTTATGCCATGGACACATACTT	1
17	16	1	CTTTATGCCATGGACACATACTTA	1
18	17	1	TTTATGCCATGGACACATACTTAC	1
19	18	1	TTATGCCATGGACACATACTTACC	1
20	19	1	TATGCCATGGACACATACTTACCA	1
21	20	1	ATGCCATGGACACATACTTACCAA	1
22	21	1	TGCCATGGACACATACTTACCAAA	1
23	22	1	GCCATGGACACATACTTACCAAAA	1
24	23	1	CCATGGACACATACTTACCAAAAT	1
25	24	1	CATGGACACATACTTACCAAAATC	1
26	25	1	ATGGACACATACTTACCAAAATCG	1
27	26	1	TGGACACATACTTACCAAAATCGG	1
28	27	1	GGACACATACTTACCAAAATCGGT	1
29	28	1	GACACATACTTACCAAAATCGGTC	1
30	29	1	ACACATACTTACCAAAATCGGTCT	1
31	30	1	CACATACTTACCAAAATCGGTCTG	1
32	31	2	ACATACTTACCAAAATCGGTCTGC	1
33	32	2	CATACTTACCAAAATCGGTCTGCT	1
34	33	2	ATACTTACCAAAATCGGTCTGCTC	1
35	34	2	TACTTACCAAAATCGGTCTGCTCT	1
36	35	2	ACTTACCAAAATCGGTCTGCTCTT	1
37	36	2	CTTACCAAAATCGGTCTGCTCTTA	1
38	37	2	TTACCAAAATCGGTCTGCTCTTAT	1
39	38	2	TACCAAAATCGGTCTGCTCTTATA	1
40	39	2	ACCAAAATCGGTCTGCTCTTATAT	1
41	40	2	CCAAAATCGGTCTGCTCTTATATC	1
42	41	2	CAAAATCGGTCTGCTCTTATATCC	1
43	42	2	AAAATCGGTCTGCTCTTATATCCC	1
44	43	2	AAATCGGTCTGCTCTTATATCCCT	1
45	44	2	AATCGGTCTGCTCTTATATCCCTC	1
46	45	1	ATCGGTCTGCTCTTATATCCCTCC	1
47	46	1	TCGGTCTGCTCTTATATCCCTCCT	1
48	47	1	CGGTCTGCTCTTATATCCCTCCTG	1
49	48	1	GGTCTGCTCTTATATCCCTCCTGT	1
50	49	1	GTCTGCTCTTATATCCCTCCTGTC	1
51	50	1	TCTGCTCTTATATCCCTCCTGTCG	1
52	51	1	CTGCTCTTATATCCCTCCTGTCGC	1
53	52	1	TGCTCTTATATCCCTCCTGTCGCT	1
54	53	1	GCTCTTATATCCCTCCTGTCGCTG	1
55	54	1	CTCTTATATCCCTCCTGTCGCTGG	1
56	55	1	TCTTATATCCCTCCTGTCGCTGGT	1
57	56	1	CTTATATCCCTCCTGTCGCTGGTA	1
58	57	2	TTATATCCCTCCTGTCGCTGGTAT	1
59	58	2	TATATCCCTCCTGTCGCTGGTATG	1
60	59	2	ATATCCCTCCTGTCGCTGGTATGT	1
61	60	2	TATCCCTCCTGTCGCTGGTATGTT	1
62	61	2	ATCCCTCCTGTCGCTGGTATGTTT	1
63	62	2	TCCCTCCTGTCGCTGGTATGTTTA	1
64	63	2	CCCTCCTGTCGCTGGTATGTTTAT	1
65	64	2	CCTCCTGTCGCTGGTATGTTTATT	1
66	65	2	CTCCTGTCGCTGGTATGTTTATTT	1
67	66	2	TCCTGTCGCTGGTATGTTTATTTG	1
68	67	2	CCTGTCGCTGGTATGTTTATTTGG	1
69	68	2	CTGTCGCTGGTATGTTTATTTGGT	1
70	69	2	TGTCGCTGGTATGTTTATTTGGTT	1
71	70	2	GTCGCTGGTATGTTTATTTGGTTC	1
72	71	2	TCGCTGGTATGTTTATTTGGTTCG	1
73	72	2	CGCTGGTATGTTTATTTGGTTCGA	1
74	73	2	GCTGGTATGTTTATTTGGTTCGAA	1
75	74	2	CTGGTATGTTTATTTGGTTCGAAG	1
76	75	1	TGGTATGTTTATTTGGTTCGAAGT	1
77	76	1	GGTATGTTTATTTGGTTCGAAGTT	1
78	77	1	GTATGTTTATTTGGTTCGAAGTTG	1
79	78	1	TATGTTTATTTGGTTCGAAGTTGA	1
80	79	1	ATGTTTATTTGGTTCGAAGTTGAC	1
81	80	1	TGTTTATTTGGTTCGAAGTTGACA	1
82	81	1	GTTTATTTGGTTCGAAGTTGACAA	1
83	82	1	TTTATTTGGTTCGAAGTTGACAAA	1
84	83	1	TTATTTGGTTCGAAGTTGACAAAT	1
85	84	1	TATTTGGTTCGAAGTTGACAAATC	1
86	85	1	ATTTGGTTCGAAGTTGACAAATCG	1
87	86	2	TTTGGTTCGAAGTTGACAAATCGC	1
88	87	2	TTGGTTCGAAGTTGACAAATCGCG	1
89	88	2	TGGTTCGAAGTTGACAAATCGCGC	1
90	89	2	GGTTCGAAGTTGACAAATCGCGCT	1
91	90	2	GTTCGAAGTTGACAAATCGCGCTA	1
92	91	2	TTCGAAGTTGACAAATCGCGCTAC	1
93	92	2	TCGAAGTTGACAAATCGCGCTACA	1
94	93	2	CGAAGTTGACAAATCGCGCTACAT	1
95	94	2	GAAGTTGACAAATCGCGCTACATC	1
96	95	2	AAGTTGACAAATCGCGCTACATCC	1
97	96	2	AGTTGACAAATCGCGCTACATCCA	1
98	97	2	GTTGACAAATCGCGCTACATCCAT	1
99	98	2	TTGACAAATCGCGCTACATCCATG	1
100	99	2	TGACAAATCGCGCTACATCCATGC	1
101	100	2	GACAAATCGCGCTACATCCATGCC	1
102	101	2	ACAAATCGCGCTACATCCATGCCG	1
103	102	2	CAAATCGCGCTACATCCATGCCGA	1
104	103	2	AAATCGCGCTACATCCATGCCGAT	1
105	104	3	AATCGCGCTACATCCATGCCGATA	1
106	105	3	ATCGCGCTACATCCATGCCGATAA	1
107	106	3	TCGCGCTACATCCATGCCGATAAA	1
108	107	3	CGCGCTACATCCATGCCGATAAAA	1
109	108	3	GCGCTACATCCATGCCGATAAAAA	1
110	109	3	CGCTACATCCATGCCGATAAAAAT	1
111	110	3	GCTACATCCATGCCGATAAAAATG	1
112	111	3	CTACATCCATGCCGATAAAAATGA	1
113	112	3	TACATCCATGCCGATAAAAATGAA	1
114	113	3	ACATCCATGCCGATAAAAATGAAT	1
115	114	3	CATCCATGCCGATAAAAATGAATC	1
116	115	3	ATCCATGCCGATAAAAATGAATCT	1
117	116	3	TCCATGCCGATAAAAATGAATCTA	1
118	117	3	CCATGCCGATAAAAATGAATCTAT	1
119	118	3	CATGCCGATAAAAATGAATCTATT	1
120	119	3	ATGCCGATAAAAATGAATCTATTC	1
121	120	3	TGCCGATAAAAATGAATCTATTCC	1
122	121	3	GCCGATAAAAATGAATCTATTCCC	1
123	122	3	CCGATAAAAATGAATCTATTCCCG	1
124	123	3	CGATAAAAATGAATCTATTCCCGA	1
125	124	3	GATAAAAATGAATCTATTCCCGAA	1
126	125	3	ATAAAAATGAATCTATTCCCGAAA	1
127	126	3	TAAAAATGAATCTATTCCCGAAAT	1
128	127	3	AAAAATGAATCTATTCCCGAAATC	1
129	128	3	AAAATGAATCTATTCCCGAAATCG	1
130	129	3	AAATGAATCTATTCCCGAAATCGA	1
131	130	2	AATGAATCTATTCCCGAAATCGAA	1
132	131	2	ATGAATCTATTCCCGAAATCGAAT	1
133	132	2	TGAATCTATTCCCGAAATCGAATC	1
134	133	2	GAATCTATTCCCGAAATCGAATCT	1
135	134	2	AATCTATTCCCGAAATCGAATCTA	1
136	135	2	ATCTATTCCCGAAATCGAATCTAA	1
137	136	2	TCTATTCCCGAAATCGAATCTAAA	1
138	137	2	CTATTCCCGAAATCGAATCTAAAA	1
139	138	2	TATTCCCGAAATCGAATCTAAAAT	1
140	139	2	ATTCCCGAAATCGAATCTAAAATC	1
141	140	2	TTCCCGAAATCGAATCTAAAATCC	1
142	141	2	TCCCGAAATCGAATCTAAAATCCA	1
143	142	2	CCCGAAATCGAATCTAAAATCCAT	1
144	143	2	CCGAAATCGAATCTAAAATCCATG	1
145	144	2	CGAAATCGAATCTAAAATCCATGC	1
146	145	1	GAAATCGAATCTAAAATCCATGCT	1
147	146	1	AAATCGAATCTAAAATCCATGCTG	1
148	147	1	AATCGAATCTAAAATCCATGCTGA	1
149	-1	0	TTTTCCTCATTAAATGATAGTGCA	1
150	149	1	TTTCCTCATTAAATGATAGTGCAG	1
151	150	1	TTCCTCATTAAATGATAGTGCAGT	1
152	151	1	TCCTCATTAAATGATAGTGCAGTA	1
153	152	1	CCTCATTAAATGATAGTGCAGTAT	1
154	153	1	CTCATTAAATGATAGTGCAGTATT	1
155	154	1	TCATTAAATGATAGTGCAGTATTT	1
156	155	1	CATTAAATGATAGTGCAGTATTTT	1
157	156	1	ATTAAATGATAGTGCAGTATTTTT	1
158	157	1	TTAAATGATAGTGCAGTATTTTTG	1
159	158	1	TAAATGATAGTGCAGTATTTTTGT	1
160	159	1	AAATGATAGTGCAGTATTTTTGTT	1
161	160	1	AATGATAGTGCAGTATTTTTGTTA	1
162	161	1	ATGATAGTGCAGTATTTTTGTTAA	1
163	162	1	TGATAGTGCAGTATTTTTGTTAAA	1
164	163	1	GATAGTGCAGTATTTTTGTTAAAA	1
165	164	1	ATAGTGCAGTATTTTTGTTAAAAT	1
166	165	3	TAGTGCAGTATTTTTGTTAAAATA	1
167	166	3	AGTGCAGTATTTTTGTTAAAATAT	1
168	167	3	GTGCAGTATTTTTGTTAAAATATG	1
169	168	3	TGCAGTATTTTTGTTAAAATATGT	1
170	169	3	GCAGTATTTTTGTTAAAATATGTC	1
171	170	3	CAGTATTTTTGTTAAAATATGTCT	1
172	171	3	AGTATTTTTGTTAAAATATGTCTC	1
173	172	3	GTATTTTTGTTAAAATATGTCTCG	1
174	173	3	TATTTTTGTTAAAATATGTCTCGT	1
175	174	3	ATTTTTGTTAAAATATGTCTCGTG	1
176	175	3	TTTTTGTTAAAATATGTCTCGTGA	1
177	176	3	TTTTGTTAAAATATGTCTCGTGAC	1
178	177	3	TTTGTTAAAATATGTCTCGTGACC	1
179	178	3	TTGTTAAAATATGTCTCGTGACCT	1
180	179	3	TGTTAAAATATGTCTCGTGACCTG	1
181	180	3	GTTAAAATATGTCTCGTGACCTGC	1
182	181	3	TTAAAATATGTCTCGTGACCTGCA	1
183	182	3	TAAAATATGTCTCGTGACCTGCAT	1
184	183	3	AAAATATGTCTCGTGACCTGCATT	1
185	184	3	AAATATGTCTCGTGACCTGCATTT	1
186	185	3	AATATGTCTCGTGACCTGCATTTC	1
187	186	3	ATATGTCTCGTGACCTGCATTTCA	1
188	187	3	TATGTCTCGTGACCTGCATTTCAA	1
189	188	3	ATGTCTCGTGACCTGCATTTCAAA	1
190	189	3	TGTCTCGTGACCTGCATTTCAAAT	1
191	190	3	GTCTCGTGACCTGCATTTCAAATA	1
192	191	3	TCTCGTGACCTGCATTTCAAATAT	1
193	192	3	CTCGTGACCTGCATTTCAAATATC	1
194	193	2	TCGTGACCTGCATTTCAAATATCT	1
195	194	2	CGTGACCTGCATTTCAAATATCTA	1
196	195	2	GTGACCTGCATTTCAAATATCTAT	1
197	196	2	TGACCTGCATTTCAAATATCTATC	1
198	197	2	GACCTGCATTTCAAATATCTATCC	1
199	198	2	ACCTGCATTTCAAATATCTATCCG	1
200	199	2	CCTGCATTTCAAATATCTATCCGT	1
201	200	2	CTGCATTTCAAATATCTATCCGTA	1
202	201	2	TGCATTTCAAATATCTATCCGTAC	1
203	202	2	GCATTTCAAATATCTATCCGTACT	1
204	203	2	CATTTCAAATATCTATCCGTACTA	1
205	204	2	ATTTCAAATATCTATCCGTACTAA	1
206	205	2	TTTCAAATATCTATCCGTACTAAT	1
207	206	2	TTCAAATATCTATCCGTACTAATT	1
208	207	2	TCAAATATCTATCCGTACTAATTC	1
209	208	1	CAAATATCTATCCGTACTAATTCC	1
