Component 13
1	-1	0	TTTGTTGGCAAATCTTTGTTTACC	1
2	1	1	TTGTTGGCAAATCTTTGTTTACCA	1
3	2	1	TGTTGGCAAATCTTTGTTTACCAA	1
4	3	1	GTTGGCAAATCTTTGTTTACCAAG	1
5	4	1	TTGGCAAATCTTTGTTTACCAAGT	1
6	5	1	TGGCAAATCTTTGTTTACCAAGTC	1
7	6	1	GGCAAATCTTTGTTTACCAAGTCG	1
8	7	1	GCAAATCTTTGTTTACCAAGTCGA	1
9	8	1	CAAATCTTTGTTTACCAAGTCGAT	1
10	9	1	AAATCTTTGTTTACCAAGTCGATC	1
11	10	1	AATCTTTGTTTACCAAGTCGATCC	1
12	11	1	ATCTTTGTTTACCAAGTCGATCCG	1
13	12	1	TCTTTGTTTACCAAGTCGATCCGT	1
14	13	1	CTTTGTTTACCAAGTCGATCCGTT	1
15	14	1	TTTGTTTACCAAGTCGATCCGTTG	1
16	15	1	TTGTTTACCAAGTCGATCCGTTGA	1
17	16	1	TGTTTACCAAGTCGATCCGTTGAA	1
18	17	1	GTTTACCAAGTCGATCCGTTGAAT	1
19	18	1	TTTACCAAGTCGATCCGTTGAATC	1
20	19	1	TTACCAAGTCGATCCGTTGAATCC	1
21	20	1	TACCAAGTCGATCCGTTGAATCCA	1
22	21	1	ACCAAGTCGATCCGTTGAATCCAC	1
23	22	1	CCAAGTCGATCCGTTGAATCCACG	1
24	23	1	CAAGTCGATCCGTTGAATCCACGT	1
25	24	1	AAGTCGATCCGTTGAATCCACGTT	1
26	25	1	AGTCGATCCGTTGAATCCACGTTT	1
27	26	1	GTCGATCCGTTGAATCCACGTTTT	1
28	27	1	TCGATCCGTTGAATCCACGTTTTT	1
29	28	2	CGATCCGTTGAATCCACGTTTTTT	1
30	29	2	GATCCGTTGAATCCACGTTTTTTC	1
31	30	2	ATCCGTTGAATCCACGTTTTTTCA	1
32	31	2	TCCGTTGAATCCACGTTTTTTCAA	1
33	32	2	CCGTTGAATCCACGTTTTTTCAAC	1
34	33	2	CGTTGAATCCACGTTTTTTCAACT	1
35	34	3	GTTGAATCCACGTTTTTTCAACTC	1
36	35	3	TTGAATCCACGTTTTTTCAACTCC	1
37	36	3	TGAATCCACGTTTTTTCAACTCCA	1
38	37	3	GAATCCACGTTTTTTCAACTCCAA	1
39	38	3	AATCCACGTTTTTTCAACTCCAAG	1
40	39	3	ATCCACGTTTTTTCAACTCCAAGC	1
41	40	3	TCCACGTTTTTTCAACTCCAAGCA	1
42	41	3	CCACGTTTTTTCAACTCCAAGCAG	1
43	42	3	CACGTTTTTTCAACTCCAAGCAGA	1
44	43	3	ACGTTTTTTCAACTCCAAGCAGAG	1
45	44	3	CGTTTTTTCAACTCCAAGCAGAGA	1
46	45	2	GTTTTTTCAACTCCAAGCAGAGAT	1
47	46	2	TTTTTTCAACTCCAAGCAGAGATC	1
48	47	2	TTTTTCAACTCCAAGCAGAGATCG	1
49	48	2	TTTTCAACTCCAAGCAGAGATCGA	1
50	49	2	TTTCAACTCCAAGCAGAGATCGAA	1
51	50	2	TTCAACTCCAAGCAGAGATCGAAT	1
52	51	2	TCAACTCCAAGCAGAGATCGAATC	1
53	52	2	CAACTCCAAGCAGAGATCGAATCT	1
54	53	2	AACTCCAAGCAGAGATCGAATCTC	1
55	54	2	ACTCCAAGCAGAGATCGAATCTCG	1
56	55	2	CTCCAAGCAGAGATCGAATCTCGT	1
57	56	2	TCCAAGCAGAGATCGAATCTCGTT	1
58	57	2	CCAAGCAGAGATCGAATCTCGTTT	1
59	58	2	CAAGCAGAGATCGAATCTCGTTTC	1
60	59	2	AAGCAGAGATCGAATCTCGTTTCC	1
61	60	2	AGCAGAGATCGAATCTCGTTTCCT	1
62	61	2	GCAGAGATCGAATCTCGTTTCCTT	1
63	62	2	CAGAGATCGAATCTCGTTTCCTTA	1
64	63	2	AGAGATCGAATCTCGTTTCCTTAT	1
65	64	2	GAGATCGAATCTCGTTTCCTTATT	1
66	65	3	AGATCGAATCTCGTTTCCTTATTT	1
67	66	3	GATCGAATCTCGTTTCCTTATTTC	1
68	67	3	ATCGAATCTCGTTTCCTTATTTCT	1
69	68	3	TCGAATCTCGTTTCCTTATTTCTC	1
70	69	3	CGAATCTCGTTTCCTTATTTCTCG	1
71	70	3	GAATCTCGTTTCCTTATTTCTCGA	1
72	71	2	AATCTCGTTTCCTTATTTCTCGAT	1
73	72	2	ATCTCGTTTCCTTATTTCTCGATA	1
74	73	2	TCTCGTTTCCTTATTTCTCGATAT	1
75	74	2	CTCGTTTCCTTATTTCTCGATATC	1
76	75	2	TCGTTTCCTTATTTCTCGATATCG	1
77	76	2	CGTTTCCTTATTTCTCGATATCGT	1
78	77	2	GTTTCCTTATTTCTCGATATCGTC	1
79	78	1	TTTCCTTATTTCTCGATATCGTCA	1
80	79	1	TTCCTTATTTCTCGATATCGTCAG	1
81	80	1	TCCTTATTTCTCGATATCGTCAGG	1
82	81	1	CCTTATTTCTCGATATCGTCAGGG	1
83	82	1	CTTATTTCTCGATATCGTCAGGGA	1
84	83	1	TTATTTCTCGATATCGTCAGGGAT	1
85	84	1	TATTTCTCGATATCGTCAGGGATA	1
86	85	1	ATTTCTCGATATCGTCAGGGATAT	1
87	86	1	TTTCTCGATATCGTCAGGGATATT	1
88	87	1	TTCTCGATATCGTCAGGGATATTG	1
89	88	1	TCTCGATATCGTCAGGGATATTGT	1
90	89	1	CTCGATATCGTCAGGGATATTGTT	1
91	90	1	TCGATATCGTCAGGGATATTGTTA	1
92	91	1	CGATATCGTCAGGGATATTGTTAT	1
93	92	1	GATATCGTCAGGGATATTGTTATT	1
94	93	1	ATATCGTCAGGGATATTGTTATTT	1
95	94	1	TATCGTCAGGGATATTGTTATTTT	1
96	95	1	ATCGTCAGGGATATTGTTATTTTA	1
97	96	1	TCGTCAGGGATATTGTTATTTTAT	1
98	97	1	CGTCAGGGATATTGTTATTTTATT	1
99	98	1	GTCAGGGATATTGTTATTTTATTT	1
100	99	1	TCAGGGATATTGTTATTTTATTTT	1
101	100	1	CAGGGATATTGTTATTTTATTTTT	1
102	101	1	AGGGATATTGTTATTTTATTTTTT	1
103	102	1	GGGATATTGTTATTTTATTTTTTC	1
104	103	1	GGATATTGTTATTTTATTTTTTCA	1
105	104	1	GATATTGTTATTTTATTTTTTCAT	1
106	105	1	ATATTGTTATTTTATTTTTTCATC	1
107	106	1	TATTGTTATTTTATTTTTTCATCC	1
108	107	1	ATTGTTATTTTATTTTTTCATCCC	1
109	108	1	TTGTTATTTTATTTTTTCATCCCG	1
110	-1	0	TTTCAGCTTCCGTTCCTTATTCCC	1
111	110	1	TTCAGCTTCCGTTCCTTATTCCCT	1
112	111	1	TCAGCTTCCGTTCCTTATTCCCTT	1
113	112	1	CAGCTTCCGTTCCTTATTCCCTTG	1
114	113	2	AGCTTCCGTTCCTTATTCCCTTGC	1
115	114	2	GCTTCCGTTCCTTATTCCCTTGCT	1
116	115	2	CTTCCGTTCCTTATTCCCTTGCTT	1
117	116	2	TTCCGTTCCTTATTCCCTTGCTTT	1
118	117	2	TCCGTTCCTTATTCCCTTGCTTTG	1
119	118	2	CCGTTCCTTATTCCCTTGCTTTGG	1
120	119	2	CGTTCCTTATTCCCTTGCTTTGGA	1
121	120	2	GTTCCTTATTCCCTTGCTTTGGAA	1
122	121	2	TTCCTTATTCCCTTGCTTTGGAAT	1
123	122	2	TCCTTATTCCCTTGCTTTGGAATA	1
124	123	2	CCTTATTCCCTTGCTTTGGAATAG	1
125	124	2	CTTATTCCCTTGCTTTGGAATAGT	1
126	125	2	TTATTCCCTTGCTTTGGAATAGTC	1
127	126	2	TATTCCCTTGCTTTGGAATAGTCT	1
128	127	2	ATTCCCTTGCTTTGGAATAGTCTT	1
129	128	2	TTCCCTTGCTTTGGAATAGTCTTT	1
130	129	2	TCCCTTGCTTTGGAATAGTCTTTT	1
131	130	2	CCCTTGCTTTGGAATAGTCTTTTT	1
132	131	2	CCTTGCTTTGGAATAGTCTTTTTC	1
133	132	2	CTTGCTTTGGAATAGTCTTTTTCT	1
134	133	2	TTGCTTTGGAATAGTCTTTTTCTT	1
135	134	3	TGCTTTGGAATAGTCTTTTTCTTT	1
136	135	3	GCTTTGGAATAGTCTTTTTCTTTT	1
137	136	3	CTTTGGAATAGTCTTTTTCTTTTT	1
138	137	3	TTTGGAATAGTCTTTTTCTTTTTT	1
139	138	3	TTGGAATAGTCTTTTTCTTTTTTC	1
140	139	3	TGGAATAGTCTTTTTCTTTTTTCT	1
141	140	3	GGAATAGTCTTTTTCTTTTTTCTT	1
142	141	3	GAATAGTCTTTTTCTTTTTTCTTC	1
143	142	3	AATAGTCTTTTTCTTTTTTCTTCC	1
144	143	3	ATAGTCTTTTTCTTTTTTCTTCCA	1
145	144	3	TAGTCTTTTTCTTTTTTCTTCCAC	1
146	145	3	AGTCTTTTTCTTTTTTCTTCCACC	1
147	146	3	GTCTTTTTCTTTTTTCTTCCACCT	1
148	147	3	TCTTTTTCTTTTTTCTTCCACCTA	1
149	148	4	CTTTTTCTTTTTTCTTCCACCTAC	1
150	149	4	TTTTTCTTTTTTCTTCCACCTACC	1
151	150	4	TTTTCTTTTTTCTTCCACCTACCC	1
152	151	4	TTTCTTTTTTCTTCCACCTACCCG	1
153	152	4	TTCTTTTTTCTTCCACCTACCCGC	1
154	153	4	TCTTTTTTCTTCCACCTACCCGCA	1
155	154	3	CTTTTTTCTTCCACCTACCCGCAT	1
156	155	3	TTTTTTCTTCCACCTACCCGCATC	1
157	156	3	TTTTTCTTCCACCTACCCGCATCC	1
158	157	2	TTTTCTTCCACCTACCCGCATCCC	1
159	158	2	TTTCTTCCACCTACCCGCATCCCC	1
160	159	2	TTCTTCCACCTACCCGCATCCCCT	1
161	160	2	TCTTCCACCTACCCGCATCCCCTT	1
162	161	2	CTTCCACCTACCCGCATCCCCTTC	1
163	162	2	TTCCACCTACCCGCATCCCCTTCC	1
164	163	2	TCCACCTACCCGCATCCCCTTCCT	1
165	164	2	CCACCTACCCGCATCCCCTTCCTC	1
166	165	2	CACCTACCCGCATCCCCTTCCTCG	1
167	166	2	ACCTACCCGCATCCCCTTCCTCGC	1
168	167	2	CCTACCCGCATCCCCTTCCTCGCT	1
169	168	2	CTACCCGCATCCCCTTCCTCGCTT	1
170	169	2	TACCCGCATCCCCTTCCTCGCTTT	1
171	170	2	ACCCGCATCCCCTTCCTCGCTTTT	1
172	171	2	CCCGCATCCCCTTCCTCGCTTTTT	1
173	172	2	CCGCATCCCCTTCCTCGCTTTTTT	1
174	173	2	CGCATCCCCTTCCTCGCTTTTTTT	1
175	174	2	GCATCCCCTTCCTCGCTTTTTTTG	1
176	175	2	CATCCCCTTCCTCGCTTTTTTTGT	1
177	176	2	ATCCCCTTCCTCGCTTTTTTTGTG	1
178	177	2	TCCCCTTCCTCGCTTTTTTTGTGC	1
179	178	1	CCCCTTCCTCGCTTTTTTTGTGCA	1
180	179	1	CCCTTCCTCGCTTTTTTTGTGCAA	1
181	180	1	CCTTCCTCGCTTTTTTTGTGCAAA	1
182	181	1	CTTCCTCGCTTTTTTTGTGCAAAT	1
183	182	1	TTCCTCGCTTTTTTTGTGCAAATA	1
184	183	1	TCCTCGCTTTTTTTGTGCAAATAT	1
185	184	1	CCTCGCTTTTTTTGTGCAAATATC	1
186	185	1	CTCGCTTTTTTTGTGCAAATATCA	1
187	186	1	TCGCTTTTTTTGTGCAAATATCAC	1
188	187	1	CGCTTTTTTTGTGCAAATATCACA	1
189	188	1	GCTTTTTTTGTGCAAATATCACAA	1
190	189	1	CTTTTTTTGTGCAAATATCACAAC	1
191	190	1	TTTTTTTGTGCAAATATCACAACG	1
192	191	1	TTTTTTGTGCAAATATCACAACGC	1
193	192	1	TTTTTGTGCAAATATCACAACGCA	1
194	193	1	TTTTGTGCAAATATCACAACGCAG	1
195	194	1	TTTGTGCAAATATCACAACGCAGT	1
196	195	1	TTGTGCAAATATCACAACGCAGTG	1
197	196	1	TGTGCAAATATCACAACGCAGTGA	1
198	197	1	GTGCAAATATCACAACGCAGTGAG	1
199	198	1	TGCAAATATCACAACGCAGTGAGC	1
200	199	1	GCAAATATCACAACGCAGTGAGCG	1
201	200	1	CAAATATCACAACGCAGTGAGCGG	1
202	201	1	AAATATCACAACGCAGTGAGCGGG	1
203	202	1	AATATCACAACGCAGTGAGCGGGC	1
204	203	1	ATATCACAACGCAGTGAGCGGGCT	1
205	204	1	TATCACAACGCAGTGAGCGGGCTG	1
206	205	1	ATCACAACGCAGTGAGCGGGCTGA	1
207	206	1	TCACAACGCAGTGAGCGGGCTGAA	1
208	207	1	CACAACGCAGTGAGCGGGCTGAAC	1
209	208	1	ACAACGCAGTGAGCGGGCTGAACT	1
210	209	1	CAACGCAGTGAGCGGGCTGAACTC	1
211	210	1	AACGCAGTGAGCGGGCTGAACTCA	1
212	211	1	ACGCAGTGAGCGGGCTGAACTCAT	1
213	212	1	CGCAGTGAGCGGGCTGAACTCATC	1
214	213	1	GCAGTGAGCGGGCTGAACTCATCC	1
215	214	1	CAGTGAGCGGGCTGAACTCATCCG	1
216	215	1	AGTGAGCGGGCTGAACTCATCCGT	1
217	216	1	GTGAGCGGGCTGAACTCATCCGTA	1
218	217	1	TGAGCGGGCTGAACTCATCCGTAT	1
219	218	1	GAGCGGGCTGAACTCATCCGTATT	1
220	219	1	AGCGGGCTGAACTCATCCGTATTT	1
221	220	1	GCGGGCTGAACTCATCCGTATTTT	1
222	221	1	CGGGCTGAACTCATCCGTATTTTC	1
223	222	1	GGGCTGAACTCATCCGTATTTTCA	1
224	223	1	GGCTGAACTCATCCGTATTTTCAT	1
225	224	1	GCTGAACTCATCCGTATTTTCATT	1
226	225	1	CTGAACTCATCCGTATTTTCATTT	1
227	226	1	TGAACTCATCCGTATTTTCATTTA	1
228	227	1	GAACTCATCCGTATTTTCATTTAA	1
229	228	1	AACTCATCCGTATTTTCATTTAAA	1
230	229	1	ACTCATCCGTATTTTCATTTAAAG	1
231	230	1	CTCATCCGTATTTTCATTTAAAGA	1
232	231	1	TCATCCGTATTTTCATTTAAAGAA	1
233	232	1	CATCCGTATTTTCATTTAAAGAAC	1
234	233	1	ATCCGTATTTTCATTTAAAGAACT	1
235	234	1	TCCGTATTTTCATTTAAAGAACTC	1
236	235	1	CCGTATTTTCATTTAAAGAACTCG	1
