Component 137
1	-1	0	CGAACTTGCTCCTGCTTCTCCTAA	1
2	1	2	GAACTTGCTCCTGCTTCTCCTAAC	1
3	2	2	AACTTGCTCCTGCTTCTCCTAACA	1
4	3	2	ACTTGCTCCTGCTTCTCCTAACAC	1
5	4	2	CTTGCTCCTGCTTCTCCTAACACC	1
6	5	3	TTGCTCCTGCTTCTCCTAACACCT	1
7	6	3	TGCTCCTGCTTCTCCTAACACCTC	1
8	7	3	GCTCCTGCTTCTCCTAACACCTCT	1
9	8	3	CTCCTGCTTCTCCTAACACCTCTA	1
10	9	3	TCCTGCTTCTCCTAACACCTCTAT	1
11	10	2	CCTGCTTCTCCTAACACCTCTATT	1
12	11	2	CTGCTTCTCCTAACACCTCTATTT	1
13	12	2	TGCTTCTCCTAACACCTCTATTTC	1
14	13	2	GCTTCTCCTAACACCTCTATTTCT	1
15	14	2	CTTCTCCTAACACCTCTATTTCTT	1
16	15	2	TTCTCCTAACACCTCTATTTCTTG	1
17	16	2	TCTCCTAACACCTCTATTTCTTGG	1
18	17	2	CTCCTAACACCTCTATTTCTTGGA	1
19	18	2	TCCTAACACCTCTATTTCTTGGAT	1
20	19	2	CCTAACACCTCTATTTCTTGGATT	1
21	20	2	CTAACACCTCTATTTCTTGGATTC	1
22	21	2	TAACACCTCTATTTCTTGGATTCA	1
23	22	2	AACACCTCTATTTCTTGGATTCAA	1
24	23	2	ACACCTCTATTTCTTGGATTCAAT	1
25	24	2	CACCTCTATTTCTTGGATTCAATC	1
26	25	2	ACCTCTATTTCTTGGATTCAATCA	1
27	26	2	CCTCTATTTCTTGGATTCAATCAT	1
28	27	2	CTCTATTTCTTGGATTCAATCATA	1
29	28	2	TCTATTTCTTGGATTCAATCATAC	1
30	29	2	CTATTTCTTGGATTCAATCATACT	1
31	30	2	TATTTCTTGGATTCAATCATACTC	1
32	31	2	ATTTCTTGGATTCAATCATACTCT	1
33	32	2	TTTCTTGGATTCAATCATACTCTC	1
34	33	2	TTCTTGGATTCAATCATACTCTCC	1
35	34	2	TCTTGGATTCAATCATACTCTCCT	1
36	35	3	CTTGGATTCAATCATACTCTCCTA	1
37	36	4	TTGGATTCAATCATACTCTCCTAG	1
38	37	4	TGGATTCAATCATACTCTCCTAGA	1
39	38	4	GGATTCAATCATACTCTCCTAGAA	1
40	39	4	GATTCAATCATACTCTCCTAGAAT	1
41	40	4	ATTCAATCATACTCTCCTAGAATT	1
42	41	4	TTCAATCATACTCTCCTAGAATTG	1
43	42	4	TCAATCATACTCTCCTAGAATTGG	1
44	43	4	CAATCATACTCTCCTAGAATTGGT	1
45	44	4	AATCATACTCTCCTAGAATTGGTG	1
46	45	2	ATCATACTCTCCTAGAATTGGTGT	1
47	46	2	TCATACTCTCCTAGAATTGGTGTC	1
48	47	2	CATACTCTCCTAGAATTGGTGTCA	1
49	48	2	ATACTCTCCTAGAATTGGTGTCAC	1
50	49	1	TACTCTCCTAGAATTGGTGTCACC	1
51	50	1	ACTCTCCTAGAATTGGTGTCACCC	1
52	51	1	CTCTCCTAGAATTGGTGTCACCCT	1
53	52	1	TCTCCTAGAATTGGTGTCACCCTT	1
54	53	1	CTCCTAGAATTGGTGTCACCCTTC	1
55	54	1	TCCTAGAATTGGTGTCACCCTTCA	1
56	55	1	CCTAGAATTGGTGTCACCCTTCAA	1
57	56	1	CTAGAATTGGTGTCACCCTTCAAG	1
58	57	1	TAGAATTGGTGTCACCCTTCAAGT	1
59	58	2	AGAATTGGTGTCACCCTTCAAGTC	1
60	59	2	GAATTGGTGTCACCCTTCAAGTCT	1
61	60	2	AATTGGTGTCACCCTTCAAGTCTA	1
62	61	2	ATTGGTGTCACCCTTCAAGTCTAC	1
63	62	4	TTGGTGTCACCCTTCAAGTCTACT	1
64	63	4	TGGTGTCACCCTTCAAGTCTACTC	1
65	64	4	GGTGTCACCCTTCAAGTCTACTCC	1
66	65	4	GTGTCACCCTTCAAGTCTACTCCA	1
67	66	4	TGTCACCCTTCAAGTCTACTCCAA	1
68	67	4	GTCACCCTTCAAGTCTACTCCAAT	1
69	68	4	TCACCCTTCAAGTCTACTCCAATG	1
70	69	4	CACCCTTCAAGTCTACTCCAATGC	1
71	70	4	ACCCTTCAAGTCTACTCCAATGCT	1
72	71	4	CCCTTCAAGTCTACTCCAATGCTA	1
73	72	4	CCTTCAAGTCTACTCCAATGCTAA	1
74	73	4	CTTCAAGTCTACTCCAATGCTAAC	1
75	74	4	TTCAAGTCTACTCCAATGCTAACT	1
76	75	4	TCAAGTCTACTCCAATGCTAACTT	1
77	76	4	CAAGTCTACTCCAATGCTAACTTC	1
78	77	4	AAGTCTACTCCAATGCTAACTTCG	1
79	78	4	AGTCTACTCCAATGCTAACTTCGA	1
80	79	4	GTCTACTCCAATGCTAACTTCGAT	1
81	80	3	TCTACTCCAATGCTAACTTCGATT	1
82	81	3	CTACTCCAATGCTAACTTCGATTA	1
83	82	3	TACTCCAATGCTAACTTCGATTAG	1
84	83	3	ACTCCAATGCTAACTTCGATTAGA	1
85	84	3	CTCCAATGCTAACTTCGATTAGAC	1
86	85	3	TCCAATGCTAACTTCGATTAGACT	1
87	86	3	CCAATGCTAACTTCGATTAGACTG	1
88	87	3	CAATGCTAACTTCGATTAGACTGG	1
89	88	3	AATGCTAACTTCGATTAGACTGGC	1
90	89	3	ATGCTAACTTCGATTAGACTGGCA	1
91	90	3	TGCTAACTTCGATTAGACTGGCAG	1
92	91	4	GCTAACTTCGATTAGACTGGCAGT	1
93	92	4	CTAACTTCGATTAGACTGGCAGTT	1
94	93	4	TAACTTCGATTAGACTGGCAGTTG	1
95	94	4	AACTTCGATTAGACTGGCAGTTGC	1
96	95	4	ACTTCGATTAGACTGGCAGTTGCT	1
97	96	4	CTTCGATTAGACTGGCAGTTGCTG	1
98	97	4	TTCGATTAGACTGGCAGTTGCTGG	1
99	98	4	TCGATTAGACTGGCAGTTGCTGGG	1
100	99	4	CGATTAGACTGGCAGTTGCTGGGT	1
101	100	4	GATTAGACTGGCAGTTGCTGGGTT	1
102	101	4	ATTAGACTGGCAGTTGCTGGGTTC	1
103	102	3	TTAGACTGGCAGTTGCTGGGTTCC	1
104	103	3	TAGACTGGCAGTTGCTGGGTTCCC	1
105	104	3	AGACTGGCAGTTGCTGGGTTCCCT	1
106	105	3	GACTGGCAGTTGCTGGGTTCCCTG	1
107	106	1	ACTGGCAGTTGCTGGGTTCCCTGT	1
108	107	1	CTGGCAGTTGCTGGGTTCCCTGTC	1
109	108	1	TGGCAGTTGCTGGGTTCCCTGTCC	1
110	109	1	GGCAGTTGCTGGGTTCCCTGTCCT	1
111	110	1	GCAGTTGCTGGGTTCCCTGTCCTT	1
112	111	1	CAGTTGCTGGGTTCCCTGTCCTTC	1
113	112	1	AGTTGCTGGGTTCCCTGTCCTTCA	1
114	113	1	GTTGCTGGGTTCCCTGTCCTTCAT	1
115	114	1	TTGCTGGGTTCCCTGTCCTTCATT	1
116	115	1	TGCTGGGTTCCCTGTCCTTCATTC	1
117	116	1	GCTGGGTTCCCTGTCCTTCATTCG	1
118	117	1	CTGGGTTCCCTGTCCTTCATTCGT	1
119	118	1	TGGGTTCCCTGTCCTTCATTCGTA	1
120	119	1	GGGTTCCCTGTCCTTCATTCGTAT	1
121	120	1	GGTTCCCTGTCCTTCATTCGTATG	1
122	121	1	GTTCCCTGTCCTTCATTCGTATGC	1
123	122	1	TTCCCTGTCCTTCATTCGTATGCG	1
124	123	1	TCCCTGTCCTTCATTCGTATGCGA	1
125	124	1	CCCTGTCCTTCATTCGTATGCGAT	1
126	125	1	CCTGTCCTTCATTCGTATGCGATG	1
127	126	1	CTGTCCTTCATTCGTATGCGATGT	1
128	127	1	TGTCCTTCATTCGTATGCGATGTT	1
129	128	1	GTCCTTCATTCGTATGCGATGTTG	1
130	129	1	TCCTTCATTCGTATGCGATGTTGC	1
131	130	1	CCTTCATTCGTATGCGATGTTGCA	1
132	131	1	CTTCATTCGTATGCGATGTTGCAT	1
133	132	1	TTCATTCGTATGCGATGTTGCATT	1
134	133	1	TCATTCGTATGCGATGTTGCATTC	1
135	134	1	CATTCGTATGCGATGTTGCATTCG	1
136	-1	0	AAATTTTGTCCTTGTTTACGTAAT	1
137	136	1	AATTTTGTCCTTGTTTACGTAATG	1
138	137	1	ATTTTGTCCTTGTTTACGTAATGA	1
139	138	1	TTTTGTCCTTGTTTACGTAATGAT	1
140	139	1	TTTGTCCTTGTTTACGTAATGATG	1
141	140	1	TTGTCCTTGTTTACGTAATGATGC	1
142	141	1	TGTCCTTGTTTACGTAATGATGCG	1
143	142	1	GTCCTTGTTTACGTAATGATGCGT	1
144	143	1	TCCTTGTTTACGTAATGATGCGTG	1
145	144	2	CCTTGTTTACGTAATGATGCGTGT	1
146	145	2	CTTGTTTACGTAATGATGCGTGTG	1
147	146	2	TTGTTTACGTAATGATGCGTGTGC	1
148	147	2	TGTTTACGTAATGATGCGTGTGCT	1
149	148	2	GTTTACGTAATGATGCGTGTGCTT	1
150	149	2	TTTACGTAATGATGCGTGTGCTTG	1
151	150	2	TTACGTAATGATGCGTGTGCTTGT	1
152	151	2	TACGTAATGATGCGTGTGCTTGTT	1
153	152	2	ACGTAATGATGCGTGTGCTTGTTG	1
154	153	2	CGTAATGATGCGTGTGCTTGTTGT	1
155	154	2	GTAATGATGCGTGTGCTTGTTGTA	1
156	155	3	TAATGATGCGTGTGCTTGTTGTAC	1
157	156	3	AATGATGCGTGTGCTTGTTGTACT	1
158	157	3	ATGATGCGTGTGCTTGTTGTACTG	1
159	158	3	TGATGCGTGTGCTTGTTGTACTGG	1
160	159	3	GATGCGTGTGCTTGTTGTACTGGA	1
161	160	3	ATGCGTGTGCTTGTTGTACTGGAT	1
162	161	3	TGCGTGTGCTTGTTGTACTGGATG	1
163	162	3	GCGTGTGCTTGTTGTACTGGATGA	1
164	163	3	CGTGTGCTTGTTGTACTGGATGAG	1
165	164	3	GTGTGCTTGTTGTACTGGATGAGA	1
166	165	3	TGTGCTTGTTGTACTGGATGAGAC	1
167	166	3	GTGCTTGTTGTACTGGATGAGACC	1
168	167	3	TGCTTGTTGTACTGGATGAGACCT	1
169	168	3	GCTTGTTGTACTGGATGAGACCTC	1
170	169	3	CTTGTTGTACTGGATGAGACCTCT	1
171	170	4	TTGTTGTACTGGATGAGACCTCTT	1
172	171	4	TGTTGTACTGGATGAGACCTCTTC	1
173	172	4	GTTGTACTGGATGAGACCTCTTCT	1
174	173	4	TTGTACTGGATGAGACCTCTTCTA	1
175	174	4	TGTACTGGATGAGACCTCTTCTAG	1
176	175	4	GTACTGGATGAGACCTCTTCTAGT	1
177	176	4	TACTGGATGAGACCTCTTCTAGTT	1
178	177	4	ACTGGATGAGACCTCTTCTAGTTT	1
179	178	6	CTGGATGAGACCTCTTCTAGTTTA	1
180	179	6	TGGATGAGACCTCTTCTAGTTTAA	1
181	180	5	GGATGAGACCTCTTCTAGTTTAAG	1
182	181	5	GATGAGACCTCTTCTAGTTTAAGC	1
183	182	5	ATGAGACCTCTTCTAGTTTAAGCG	1
184	183	5	TGAGACCTCTTCTAGTTTAAGCGC	1
185	184	5	GAGACCTCTTCTAGTTTAAGCGCG	1
186	185	5	AGACCTCTTCTAGTTTAAGCGCGC	1
187	186	5	GACCTCTTCTAGTTTAAGCGCGCG	1
188	187	5	ACCTCTTCTAGTTTAAGCGCGCGT	1
189	188	4	CCTCTTCTAGTTTAAGCGCGCGTG	1
190	189	5	CTCTTCTAGTTTAAGCGCGCGTGC	1
191	190	5	TCTTCTAGTTTAAGCGCGCGTGCA	1
192	191	5	CTTCTAGTTTAAGCGCGCGTGCAC	1
193	192	5	TTCTAGTTTAAGCGCGCGTGCACT	1
194	193	5	TCTAGTTTAAGCGCGCGTGCACTT	1
195	194	5	CTAGTTTAAGCGCGCGTGCACTTT	1
196	195	5	TAGTTTAAGCGCGCGTGCACTTTA	1
197	196	5	AGTTTAAGCGCGCGTGCACTTTAC	1
198	197	5	GTTTAAGCGCGCGTGCACTTTACT	1
199	198	5	TTTAAGCGCGCGTGCACTTTACTA	1
200	199	5	TTAAGCGCGCGTGCACTTTACTAT	1
201	200	5	TAAGCGCGCGTGCACTTTACTATT	1
202	201	5	AAGCGCGCGTGCACTTTACTATTA	1
203	202	5	AGCGCGCGTGCACTTTACTATTAA	1
204	203	5	GCGCGCGTGCACTTTACTATTAAC	1
205	204	5	CGCGCGTGCACTTTACTATTAACC	1
206	205	5	GCGCGTGCACTTTACTATTAACCT	1
207	206	5	CGCGTGCACTTTACTATTAACCTC	1
208	207	5	GCGTGCACTTTACTATTAACCTCT	1
209	208	5	CGTGCACTTTACTATTAACCTCTA	1
210	209	5	GTGCACTTTACTATTAACCTCTAT	1
211	210	5	TGCACTTTACTATTAACCTCTATT	1
212	211	5	GCACTTTACTATTAACCTCTATTT	1
213	212	5	CACTTTACTATTAACCTCTATTTA	1
214	213	5	ACTTTACTATTAACCTCTATTTAC	1
215	214	4	CTTTACTATTAACCTCTATTTACC	1
216	215	4	TTTACTATTAACCTCTATTTACCG	1
217	216	4	TTACTATTAACCTCTATTTACCGG	1
218	217	4	TACTATTAACCTCTATTTACCGGT	1
219	218	4	ACTATTAACCTCTATTTACCGGTT	1
220	219	4	CTATTAACCTCTATTTACCGGTTC	1
221	220	4	TATTAACCTCTATTTACCGGTTCC	1
222	221	3	ATTAACCTCTATTTACCGGTTCCC	1
