Component 140
1	-1	0	GTTTTAAATTTTTGCAAGATTATC	1
2	1	1	TTTTAAATTTTTGCAAGATTATCA	1
3	2	1	TTTAAATTTTTGCAAGATTATCAA	1
4	3	1	TTAAATTTTTGCAAGATTATCAAA	1
5	4	1	TAAATTTTTGCAAGATTATCAAAA	1
6	5	1	AAATTTTTGCAAGATTATCAAAAT	1
7	6	1	AATTTTTGCAAGATTATCAAAATA	1
8	7	1	ATTTTTGCAAGATTATCAAAATAC	1
9	8	1	TTTTTGCAAGATTATCAAAATACT	1
10	9	1	TTTTGCAAGATTATCAAAATACTT	1
11	10	1	TTTGCAAGATTATCAAAATACTTT	1
12	11	1	TTGCAAGATTATCAAAATACTTTT	1
13	12	1	TGCAAGATTATCAAAATACTTTTG	1
14	13	1	GCAAGATTATCAAAATACTTTTGA	1
15	14	1	CAAGATTATCAAAATACTTTTGAT	1
16	15	1	AAGATTATCAAAATACTTTTGATG	1
17	16	1	AGATTATCAAAATACTTTTGATGT	1
18	17	1	GATTATCAAAATACTTTTGATGTG	1
19	18	1	ATTATCAAAATACTTTTGATGTGA	1
20	19	1	TTATCAAAATACTTTTGATGTGAT	1
21	20	1	TATCAAAATACTTTTGATGTGATT	1
22	21	1	ATCAAAATACTTTTGATGTGATTA	1
23	22	1	TCAAAATACTTTTGATGTGATTAT	1
24	23	1	CAAAATACTTTTGATGTGATTATT	1
25	24	1	AAAATACTTTTGATGTGATTATTA	1
26	25	1	AAATACTTTTGATGTGATTATTAC	1
27	26	1	AATACTTTTGATGTGATTATTACA	1
28	27	1	ATACTTTTGATGTGATTATTACAG	1
29	28	1	TACTTTTGATGTGATTATTACAGA	1
30	29	1	ACTTTTGATGTGATTATTACAGAC	1
31	30	1	CTTTTGATGTGATTATTACAGACT	1
32	31	1	TTTTGATGTGATTATTACAGACTC	1
33	32	2	TTTGATGTGATTATTACAGACTCT	1
34	33	2	TTGATGTGATTATTACAGACTCTT	1
35	34	2	TGATGTGATTATTACAGACTCTTC	1
36	35	2	GATGTGATTATTACAGACTCTTCC	1
37	36	2	ATGTGATTATTACAGACTCTTCCG	1
38	37	2	TGTGATTATTACAGACTCTTCCGA	1
39	38	2	GTGATTATTACAGACTCTTCCGAT	1
40	39	2	TGATTATTACAGACTCTTCCGATC	1
41	40	2	GATTATTACAGACTCTTCCGATCC	1
42	41	2	ATTATTACAGACTCTTCCGATCCT	1
43	42	2	TTATTACAGACTCTTCCGATCCTG	1
44	43	2	TATTACAGACTCTTCCGATCCTGA	1
45	44	2	ATTACAGACTCTTCCGATCCTGAC	1
46	45	1	TTACAGACTCTTCCGATCCTGACG	1
47	46	1	TACAGACTCTTCCGATCCTGACGG	1
48	47	1	ACAGACTCTTCCGATCCTGACGGT	1
49	48	1	CAGACTCTTCCGATCCTGACGGTC	1
50	49	2	AGACTCTTCCGATCCTGACGGTCC	1
51	50	2	GACTCTTCCGATCCTGACGGTCCT	1
52	51	2	ACTCTTCCGATCCTGACGGTCCTG	1
53	52	2	CTCTTCCGATCCTGACGGTCCTGC	1
54	53	2	TCTTCCGATCCTGACGGTCCTGCC	1
55	54	2	CTTCCGATCCTGACGGTCCTGCCG	1
56	55	2	TTCCGATCCTGACGGTCCTGCCGA	1
57	56	2	TCCGATCCTGACGGTCCTGCCGAA	1
58	57	2	CCGATCCTGACGGTCCTGCCGAAG	1
59	58	2	CGATCCTGACGGTCCTGCCGAAGC	1
60	59	2	GATCCTGACGGTCCTGCCGAAGCC	1
61	60	2	ATCCTGACGGTCCTGCCGAAGCCT	1
62	61	2	TCCTGACGGTCCTGCCGAAGCCTT	1
63	62	2	CCTGACGGTCCTGCCGAAGCCTTG	1
64	63	2	CTGACGGTCCTGCCGAAGCCTTGT	1
65	64	2	TGACGGTCCTGCCGAAGCCTTGTT	1
66	65	2	GACGGTCCTGCCGAAGCCTTGTTC	1
67	66	2	ACGGTCCTGCCGAAGCCTTGTTCC	1
68	67	2	CGGTCCTGCCGAAGCCTTGTTCCA	1
69	68	2	GGTCCTGCCGAAGCCTTGTTCCAA	1
70	69	2	GTCCTGCCGAAGCCTTGTTCCAAA	1
71	70	2	TCCTGCCGAAGCCTTGTTCCAAAA	1
72	71	2	CCTGCCGAAGCCTTGTTCCAAAAA	1
73	72	2	CTGCCGAAGCCTTGTTCCAAAAAC	1
74	73	2	TGCCGAAGCCTTGTTCCAAAAACC	1
75	74	3	GCCGAAGCCTTGTTCCAAAAACCT	1
76	75	3	CCGAAGCCTTGTTCCAAAAACCTT	1
77	76	2	CGAAGCCTTGTTCCAAAAACCTTA	1
78	77	2	GAAGCCTTGTTCCAAAAACCTTAC	1
79	78	2	AAGCCTTGTTCCAAAAACCTTACT	1
80	79	2	AGCCTTGTTCCAAAAACCTTACTT	1
81	80	2	GCCTTGTTCCAAAAACCTTACTTT	1
82	81	2	CCTTGTTCCAAAAACCTTACTTTC	1
83	82	2	CTTGTTCCAAAAACCTTACTTTCA	1
84	83	2	TTGTTCCAAAAACCTTACTTTCAA	1
85	84	2	TGTTCCAAAAACCTTACTTTCAAC	1
86	85	2	GTTCCAAAAACCTTACTTTCAACT	1
87	86	2	TTCCAAAAACCTTACTTTCAACTT	1
88	87	2	TCCAAAAACCTTACTTTCAACTTC	1
89	88	2	CCAAAAACCTTACTTTCAACTTCT	1
90	89	2	CAAAAACCTTACTTTCAACTTCTT	1
91	90	2	AAAAACCTTACTTTCAACTTCTTT	1
92	91	2	AAAACCTTACTTTCAACTTCTTTC	1
93	92	2	AAACCTTACTTTCAACTTCTTTCC	1
94	93	1	AACCTTACTTTCAACTTCTTTCCG	1
95	94	1	ACCTTACTTTCAACTTCTTTCCGA	1
96	95	1	CCTTACTTTCAACTTCTTTCCGAT	1
97	96	1	CTTACTTTCAACTTCTTTCCGATG	1
98	97	1	TTACTTTCAACTTCTTTCCGATGC	1
99	98	1	TACTTTCAACTTCTTTCCGATGCT	1
100	99	1	ACTTTCAACTTCTTTCCGATGCTC	1
101	100	1	CTTTCAACTTCTTTCCGATGCTCT	1
102	101	1	TTTCAACTTCTTTCCGATGCTCTT	1
103	102	1	TTCAACTTCTTTCCGATGCTCTTC	1
104	103	1	TCAACTTCTTTCCGATGCTCTTCG	1
105	104	1	CAACTTCTTTCCGATGCTCTTCGT	1
106	105	1	AACTTCTTTCCGATGCTCTTCGTG	1
107	106	1	ACTTCTTTCCGATGCTCTTCGTGG	1
108	107	1	CTTCTTTCCGATGCTCTTCGTGGA	1
109	108	1	TTCTTTCCGATGCTCTTCGTGGAG	1
110	109	1	TCTTTCCGATGCTCTTCGTGGAGG	1
111	110	1	CTTTCCGATGCTCTTCGTGGAGGC	1
112	111	1	TTTCCGATGCTCTTCGTGGAGGCG	1
113	112	1	TTCCGATGCTCTTCGTGGAGGCGG	1
114	113	1	TCCGATGCTCTTCGTGGAGGCGGT	1
115	114	1	CCGATGCTCTTCGTGGAGGCGGTG	1
116	115	1	CGATGCTCTTCGTGGAGGCGGTGT	1
117	116	1	GATGCTCTTCGTGGAGGCGGTGTC	1
118	117	1	ATGCTCTTCGTGGAGGCGGTGTCA	1
119	-1	0	ACTCAAGCTGAGTGTATGTGGATT	1
120	119	1	CTCAAGCTGAGTGTATGTGGATTC	1
121	120	1	TCAAGCTGAGTGTATGTGGATTCA	1
122	121	1	CAAGCTGAGTGTATGTGGATTCAT	1
123	122	1	AAGCTGAGTGTATGTGGATTCATT	1
124	123	1	AGCTGAGTGTATGTGGATTCATTT	1
125	124	1	GCTGAGTGTATGTGGATTCATTTG	1
126	125	1	CTGAGTGTATGTGGATTCATTTGG	1
127	126	1	TGAGTGTATGTGGATTCATTTGGG	1
128	127	1	GAGTGTATGTGGATTCATTTGGGT	1
129	128	1	AGTGTATGTGGATTCATTTGGGTG	1
130	129	1	GTGTATGTGGATTCATTTGGGTGT	1
131	130	1	TGTATGTGGATTCATTTGGGTGTC	1
132	131	1	GTATGTGGATTCATTTGGGTGTCA	1
133	132	1	TATGTGGATTCATTTGGGTGTCAT	1
134	133	1	ATGTGGATTCATTTGGGTGTCATC	1
135	134	1	TGTGGATTCATTTGGGTGTCATCA	1
136	135	1	GTGGATTCATTTGGGTGTCATCAG	1
137	136	1	TGGATTCATTTGGGTGTCATCAGC	1
138	137	1	GGATTCATTTGGGTGTCATCAGCA	1
139	138	1	GATTCATTTGGGTGTCATCAGCAA	1
140	139	1	ATTCATTTGGGTGTCATCAGCAAT	1
141	140	1	TTCATTTGGGTGTCATCAGCAATG	1
142	141	1	TCATTTGGGTGTCATCAGCAATGT	1
143	142	1	CATTTGGGTGTCATCAGCAATGTC	1
144	143	1	ATTTGGGTGTCATCAGCAATGTCT	1
145	144	1	TTTGGGTGTCATCAGCAATGTCTT	1
146	145	1	TTGGGTGTCATCAGCAATGTCTTG	1
147	146	1	TGGGTGTCATCAGCAATGTCTTGA	1
148	147	1	GGGTGTCATCAGCAATGTCTTGAC	1
149	148	1	GGTGTCATCAGCAATGTCTTGACT	1
150	149	1	GTGTCATCAGCAATGTCTTGACTG	1
151	150	1	TGTCATCAGCAATGTCTTGACTGC	1
152	151	1	GTCATCAGCAATGTCTTGACTGCC	1
153	152	1	TCATCAGCAATGTCTTGACTGCCG	1
154	153	1	CATCAGCAATGTCTTGACTGCCGT	1
155	154	2	ATCAGCAATGTCTTGACTGCCGTT	1
156	155	2	TCAGCAATGTCTTGACTGCCGTTA	1
157	156	3	CAGCAATGTCTTGACTGCCGTTAA	1
158	157	3	AGCAATGTCTTGACTGCCGTTAAA	1
159	158	3	GCAATGTCTTGACTGCCGTTAAAA	1
160	159	3	CAATGTCTTGACTGCCGTTAAAAC	1
161	160	3	AATGTCTTGACTGCCGTTAAAACA	1
162	161	3	ATGTCTTGACTGCCGTTAAAACAG	1
163	162	3	TGTCTTGACTGCCGTTAAAACAGT	1
164	163	2	GTCTTGACTGCCGTTAAAACAGTT	1
165	164	2	TCTTGACTGCCGTTAAAACAGTTT	1
166	165	2	CTTGACTGCCGTTAAAACAGTTTT	1
167	166	2	TTGACTGCCGTTAAAACAGTTTTC	1
168	167	2	TGACTGCCGTTAAAACAGTTTTCC	1
169	168	2	GACTGCCGTTAAAACAGTTTTCCC	1
170	169	2	ACTGCCGTTAAAACAGTTTTCCCC	1
171	170	2	CTGCCGTTAAAACAGTTTTCCCCA	1
172	171	2	TGCCGTTAAAACAGTTTTCCCCAA	1
173	172	2	GCCGTTAAAACAGTTTTCCCCAAT	1
174	173	2	CCGTTAAAACAGTTTTCCCCAATG	1
175	174	2	CGTTAAAACAGTTTTCCCCAATGT	1
176	175	2	GTTAAAACAGTTTTCCCCAATGTT	1
177	176	2	TTAAAACAGTTTTCCCCAATGTTC	1
178	177	2	TAAAACAGTTTTCCCCAATGTTCG	1
179	178	2	AAAACAGTTTTCCCCAATGTTCGT	1
180	179	2	AAACAGTTTTCCCCAATGTTCGTT	1
181	180	2	AACAGTTTTCCCCAATGTTCGTTA	1
182	181	2	ACAGTTTTCCCCAATGTTCGTTAC	1
183	182	2	CAGTTTTCCCCAATGTTCGTTACG	1
184	183	2	AGTTTTCCCCAATGTTCGTTACGC	1
185	184	2	GTTTTCCCCAATGTTCGTTACGCA	1
186	185	2	TTTTCCCCAATGTTCGTTACGCAT	1
187	186	2	TTTCCCCAATGTTCGTTACGCATA	1
188	187	2	TTCCCCAATGTTCGTTACGCATAC	1
189	188	2	TCCCCAATGTTCGTTACGCATACA	1
190	189	2	CCCCAATGTTCGTTACGCATACAC	1
191	190	2	CCCAATGTTCGTTACGCATACACT	1
192	191	2	CCAATGTTCGTTACGCATACACTA	1
193	192	2	CAATGTTCGTTACGCATACACTAC	1
194	193	2	AATGTTCGTTACGCATACACTACT	1
195	194	2	ATGTTCGTTACGCATACACTACTA	1
196	195	2	TGTTCGTTACGCATACACTACTAT	1
197	196	2	GTTCGTTACGCATACACTACTATC	1
198	197	2	TTCGTTACGCATACACTACTATCC	1
199	198	1	TCGTTACGCATACACTACTATCCC	1
