Component 145
1	-1	0	CAACGTTATACTCTGAAAAAACGG	1
2	1	1	AACGTTATACTCTGAAAAAACGGT	1
3	2	1	ACGTTATACTCTGAAAAAACGGTT	1
4	3	1	CGTTATACTCTGAAAAAACGGTTT	1
5	4	1	GTTATACTCTGAAAAAACGGTTTC	1
6	5	1	TTATACTCTGAAAAAACGGTTTCA	1
7	6	1	TATACTCTGAAAAAACGGTTTCAT	1
8	7	1	ATACTCTGAAAAAACGGTTTCATG	1
9	8	1	TACTCTGAAAAAACGGTTTCATGT	1
10	9	1	ACTCTGAAAAAACGGTTTCATGTA	1
11	10	1	CTCTGAAAAAACGGTTTCATGTAC	1
12	11	1	TCTGAAAAAACGGTTTCATGTACT	1
13	12	1	CTGAAAAAACGGTTTCATGTACTA	1
14	13	1	TGAAAAAACGGTTTCATGTACTAC	1
15	14	1	GAAAAAACGGTTTCATGTACTACT	1
16	15	1	AAAAAACGGTTTCATGTACTACTT	1
17	16	1	AAAAACGGTTTCATGTACTACTTA	1
18	17	1	AAAACGGTTTCATGTACTACTTAC	1
19	18	1	AAACGGTTTCATGTACTACTTACT	1
20	19	1	AACGGTTTCATGTACTACTTACTC	1
21	20	1	ACGGTTTCATGTACTACTTACTCA	1
22	21	1	CGGTTTCATGTACTACTTACTCAA	1
23	22	1	GGTTTCATGTACTACTTACTCAAT	1
24	23	1	GTTTCATGTACTACTTACTCAATT	1
25	24	1	TTTCATGTACTACTTACTCAATTG	1
26	25	1	TTCATGTACTACTTACTCAATTGC	1
27	26	1	TCATGTACTACTTACTCAATTGCC	1
28	27	1	CATGTACTACTTACTCAATTGCCT	1
29	28	1	ATGTACTACTTACTCAATTGCCTG	1
30	29	1	TGTACTACTTACTCAATTGCCTGC	1
31	30	1	GTACTACTTACTCAATTGCCTGCA	1
32	31	1	TACTACTTACTCAATTGCCTGCAA	1
33	32	1	ACTACTTACTCAATTGCCTGCAAA	1
34	33	1	CTACTTACTCAATTGCCTGCAAAA	1
35	34	1	TACTTACTCAATTGCCTGCAAAAC	1
36	35	2	ACTTACTCAATTGCCTGCAAAACC	1
37	36	2	CTTACTCAATTGCCTGCAAAACCT	1
38	37	2	TTACTCAATTGCCTGCAAAACCTT	1
39	38	2	TACTCAATTGCCTGCAAAACCTTA	1
40	39	2	ACTCAATTGCCTGCAAAACCTTAC	1
41	40	2	CTCAATTGCCTGCAAAACCTTACT	1
42	41	2	TCAATTGCCTGCAAAACCTTACTG	1
43	42	4	CAATTGCCTGCAAAACCTTACTGA	1
44	43	4	AATTGCCTGCAAAACCTTACTGAG	1
45	44	4	ATTGCCTGCAAAACCTTACTGAGC	1
46	45	3	TTGCCTGCAAAACCTTACTGAGCA	1
47	46	3	TGCCTGCAAAACCTTACTGAGCAA	1
48	47	3	GCCTGCAAAACCTTACTGAGCAAA	1
49	48	3	CCTGCAAAACCTTACTGAGCAAAT	1
50	49	3	CTGCAAAACCTTACTGAGCAAATA	1
51	50	3	TGCAAAACCTTACTGAGCAAATAA	1
52	51	3	GCAAAACCTTACTGAGCAAATAAG	1
53	52	3	CAAAACCTTACTGAGCAAATAAGA	1
54	53	4	AAAACCTTACTGAGCAAATAAGAA	1
55	54	4	AAACCTTACTGAGCAAATAAGAAA	1
56	55	4	AACCTTACTGAGCAAATAAGAAAA	1
57	56	5	ACCTTACTGAGCAAATAAGAAAAC	1
58	57	5	CCTTACTGAGCAAATAAGAAAACG	1
59	58	5	CTTACTGAGCAAATAAGAAAACGT	1
60	59	5	TTACTGAGCAAATAAGAAAACGTC	1
61	60	5	TACTGAGCAAATAAGAAAACGTCG	1
62	61	5	ACTGAGCAAATAAGAAAACGTCGA	1
63	62	5	CTGAGCAAATAAGAAAACGTCGAA	1
64	63	5	TGAGCAAATAAGAAAACGTCGAAA	1
65	64	5	GAGCAAATAAGAAAACGTCGAAAA	1
66	65	5	AGCAAATAAGAAAACGTCGAAAAA	1
67	66	5	GCAAATAAGAAAACGTCGAAAAAT	1
68	67	5	CAAATAAGAAAACGTCGAAAAATT	1
69	68	5	AAATAAGAAAACGTCGAAAAATTT	1
70	69	5	AATAAGAAAACGTCGAAAAATTTT	1
71	70	5	ATAAGAAAACGTCGAAAAATTTTC	1
72	71	5	TAAGAAAACGTCGAAAAATTTTCG	1
73	72	5	AAGAAAACGTCGAAAAATTTTCGC	1
74	73	5	AGAAAACGTCGAAAAATTTTCGCC	1
75	74	5	GAAAACGTCGAAAAATTTTCGCCT	1
76	75	5	AAAACGTCGAAAAATTTTCGCCTT	1
77	76	5	AAACGTCGAAAAATTTTCGCCTTT	1
78	77	5	AACGTCGAAAAATTTTCGCCTTTA	1
79	78	5	ACGTCGAAAAATTTTCGCCTTTAG	1
80	79	4	CGTCGAAAAATTTTCGCCTTTAGA	1
81	80	4	GTCGAAAAATTTTCGCCTTTAGAA	1
82	81	4	TCGAAAAATTTTCGCCTTTAGAAG	1
83	82	4	CGAAAAATTTTCGCCTTTAGAAGG	1
84	83	4	GAAAAATTTTCGCCTTTAGAAGGG	1
85	84	4	AAAAATTTTCGCCTTTAGAAGGGA	1
86	85	3	AAAATTTTCGCCTTTAGAAGGGAG	1
87	86	2	AAATTTTCGCCTTTAGAAGGGAGC	1
88	87	2	AATTTTCGCCTTTAGAAGGGAGCT	1
89	88	2	ATTTTCGCCTTTAGAAGGGAGCTA	1
90	89	2	TTTTCGCCTTTAGAAGGGAGCTAC	1
91	90	2	TTTCGCCTTTAGAAGGGAGCTACA	1
92	91	2	TTCGCCTTTAGAAGGGAGCTACAT	1
93	92	2	TCGCCTTTAGAAGGGAGCTACATA	1
94	93	2	CGCCTTTAGAAGGGAGCTACATAA	1
95	94	2	GCCTTTAGAAGGGAGCTACATAAG	1
96	95	2	CCTTTAGAAGGGAGCTACATAAGT	1
97	96	2	CTTTAGAAGGGAGCTACATAAGTA	1
98	97	1	TTTAGAAGGGAGCTACATAAGTAT	1
99	98	1	TTAGAAGGGAGCTACATAAGTATG	1
100	99	1	TAGAAGGGAGCTACATAAGTATGG	1
101	-1	0	CACCATAGGAAAATTGTAATATCC	1
102	101	1	ACCATAGGAAAATTGTAATATCCG	1
103	102	1	CCATAGGAAAATTGTAATATCCGT	1
104	103	1	CATAGGAAAATTGTAATATCCGTT	1
105	104	1	ATAGGAAAATTGTAATATCCGTTT	1
106	105	1	TAGGAAAATTGTAATATCCGTTTT	1
107	106	1	AGGAAAATTGTAATATCCGTTTTT	1
108	107	1	GGAAAATTGTAATATCCGTTTTTT	1
109	108	3	GAAAATTGTAATATCCGTTTTTTT	1
110	109	5	AAAATTGTAATATCCGTTTTTTTT	1
111	110	5	AAATTGTAATATCCGTTTTTTTTT	1
112	111	5	AATTGTAATATCCGTTTTTTTTTT	1
113	112	4	ATTGTAATATCCGTTTTTTTTTTC	1
114	113	3	TTGTAATATCCGTTTTTTTTTTCA	1
115	114	3	TGTAATATCCGTTTTTTTTTTCAC	1
116	115	3	GTAATATCCGTTTTTTTTTTCACA	1
117	116	3	TAATATCCGTTTTTTTTTTCACAA	1
118	117	3	AATATCCGTTTTTTTTTTCACAAT	1
119	118	3	ATATCCGTTTTTTTTTTCACAATG	1
120	119	3	TATCCGTTTTTTTTTTCACAATGC	1
121	120	3	ATCCGTTTTTTTTTTCACAATGCA	1
122	121	3	TCCGTTTTTTTTTTCACAATGCAT	1
123	122	3	CCGTTTTTTTTTTCACAATGCATT	1
124	123	3	CGTTTTTTTTTTCACAATGCATTT	1
125	124	3	GTTTTTTTTTTCACAATGCATTTG	1
126	125	4	TTTTTTTTTTCACAATGCATTTGA	1
127	126	6	TTTTTTTTTCACAATGCATTTGAT	1
128	127	6	TTTTTTTTCACAATGCATTTGATG	1
129	128	5	TTTTTTTCACAATGCATTTGATGT	1
130	129	5	TTTTTTCACAATGCATTTGATGTA	1
131	130	5	TTTTTCACAATGCATTTGATGTAT	1
132	131	5	TTTTCACAATGCATTTGATGTATT	1
133	132	5	TTTCACAATGCATTTGATGTATTA	1
134	133	5	TTCACAATGCATTTGATGTATTAT	1
135	134	5	TCACAATGCATTTGATGTATTATT	1
136	135	5	CACAATGCATTTGATGTATTATTT	1
137	136	5	ACAATGCATTTGATGTATTATTTA	1
138	137	5	CAATGCATTTGATGTATTATTTAA	1
139	138	5	AATGCATTTGATGTATTATTTAAA	1
140	139	5	ATGCATTTGATGTATTATTTAAAT	1
141	140	5	TGCATTTGATGTATTATTTAAATG	1
142	141	5	GCATTTGATGTATTATTTAAATGA	1
143	142	5	CATTTGATGTATTATTTAAATGAT	1
144	143	5	ATTTGATGTATTATTTAAATGATG	1
145	144	5	TTTGATGTATTATTTAAATGATGA	1
146	145	5	TTGATGTATTATTTAAATGATGAG	1
147	146	5	TGATGTATTATTTAAATGATGAGG	1
148	147	5	GATGTATTATTTAAATGATGAGGG	1
149	148	5	ATGTATTATTTAAATGATGAGGGA	1
150	149	5	TGTATTATTTAAATGATGAGGGAA	1
151	150	5	GTATTATTTAAATGATGAGGGAAA	1
152	151	5	TATTATTTAAATGATGAGGGAAAG	1
153	152	4	ATTATTTAAATGATGAGGGAAAGC	1
154	153	2	TTATTTAAATGATGAGGGAAAGCG	1
155	154	2	TATTTAAATGATGAGGGAAAGCGT	1
156	155	2	ATTTAAATGATGAGGGAAAGCGTG	1
157	156	3	TTTAAATGATGAGGGAAAGCGTGT	1
158	157	3	TTAAATGATGAGGGAAAGCGTGTT	1
159	158	3	TAAATGATGAGGGAAAGCGTGTTT	1
160	159	3	AAATGATGAGGGAAAGCGTGTTTA	1
161	160	3	AATGATGAGGGAAAGCGTGTTTAT	1
162	161	3	ATGATGAGGGAAAGCGTGTTTATA	1
163	162	3	TGATGAGGGAAAGCGTGTTTATAC	1
164	163	3	GATGAGGGAAAGCGTGTTTATACT	1
165	164	3	ATGAGGGAAAGCGTGTTTATACTT	1
166	165	3	TGAGGGAAAGCGTGTTTATACTTT	1
167	166	3	GAGGGAAAGCGTGTTTATACTTTA	1
168	167	3	AGGGAAAGCGTGTTTATACTTTAA	1
169	168	2	GGGAAAGCGTGTTTATACTTTAAA	1
170	169	1	GGAAAGCGTGTTTATACTTTAAAA	1
171	170	1	GAAAGCGTGTTTATACTTTAAAAA	1
172	171	1	AAAGCGTGTTTATACTTTAAAAAA	1
173	172	1	AAGCGTGTTTATACTTTAAAAAAG	1
174	173	1	AGCGTGTTTATACTTTAAAAAAGG	1
175	174	1	GCGTGTTTATACTTTAAAAAAGGT	1
176	175	1	CGTGTTTATACTTTAAAAAAGGTA	1
177	176	1	GTGTTTATACTTTAAAAAAGGTAT	1
178	177	1	TGTTTATACTTTAAAAAAGGTATC	1
179	178	1	GTTTATACTTTAAAAAAGGTATCT	1
180	179	1	TTTATACTTTAAAAAAGGTATCTC	1
181	180	1	TTATACTTTAAAAAAGGTATCTCC	1
182	181	1	TATACTTTAAAAAAGGTATCTCCA	1
183	182	1	ATACTTTAAAAAAGGTATCTCCAG	1
184	183	1	TACTTTAAAAAAGGTATCTCCAGA	1
185	184	1	ACTTTAAAAAAGGTATCTCCAGAT	1
186	185	1	CTTTAAAAAAGGTATCTCCAGATG	1
187	186	1	TTTAAAAAAGGTATCTCCAGATGG	1
188	187	1	TTAAAAAAGGTATCTCCAGATGGA	1
189	188	1	TAAAAAAGGTATCTCCAGATGGAA	1
190	189	1	AAAAAAGGTATCTCCAGATGGAAG	1
191	190	1	AAAAAGGTATCTCCAGATGGAAGA	1
192	191	1	AAAAGGTATCTCCAGATGGAAGAG	1
193	192	1	AAAGGTATCTCCAGATGGAAGAGT	1
194	193	1	AAGGTATCTCCAGATGGAAGAGTC	1
195	194	1	AGGTATCTCCAGATGGAAGAGTCA	1
196	195	1	GGTATCTCCAGATGGAAGAGTCAC	1
197	196	1	GTATCTCCAGATGGAAGAGTCACA	1
198	197	1	TATCTCCAGATGGAAGAGTCACAA	1
199	198	1	ATCTCCAGATGGAAGAGTCACAAA	1
200	199	1	TCTCCAGATGGAAGAGTCACAAAA	1
