Component 149
1	-1	0	CAAAATGGCCAAGTCGAAGAATCA	1
2	1	1	AAAATGGCCAAGTCGAAGAATCAT	1
3	2	2	AAATGGCCAAGTCGAAGAATCATA	1
4	3	2	AATGGCCAAGTCGAAGAATCATAC	1
5	4	2	ATGGCCAAGTCGAAGAATCATACT	1
6	5	2	TGGCCAAGTCGAAGAATCATACTA	1
7	6	2	GGCCAAGTCGAAGAATCATACTAA	1
8	7	2	GCCAAGTCGAAGAATCATACTAAT	1
9	8	3	CCAAGTCGAAGAATCATACTAATC	1
10	9	3	CAAGTCGAAGAATCATACTAATCA	1
11	10	3	AAGTCGAAGAATCATACTAATCAC	1
12	11	3	AGTCGAAGAATCATACTAATCACA	1
13	12	3	GTCGAAGAATCATACTAATCACAA	1
14	13	3	TCGAAGAATCATACTAATCACAAC	1
15	14	3	CGAAGAATCATACTAATCACAACC	1
16	15	3	GAAGAATCATACTAATCACAACCA	1
17	16	3	AAGAATCATACTAATCACAACCAA	1
18	17	3	AGAATCATACTAATCACAACCAAA	1
19	18	3	GAATCATACTAATCACAACCAAAA	1
20	19	3	AATCATACTAATCACAACCAAAAC	1
21	20	3	ATCATACTAATCACAACCAAAACA	1
22	21	4	TCATACTAATCACAACCAAAACAA	1
23	22	4	CATACTAATCACAACCAAAACAAG	1
24	23	4	ATACTAATCACAACCAAAACAAGA	1
25	24	4	TACTAATCACAACCAAAACAAGAA	1
26	25	4	ACTAATCACAACCAAAACAAGAAG	1
27	26	4	CTAATCACAACCAAAACAAGAAGG	1
28	27	4	TAATCACAACCAAAACAAGAAGGC	1
29	28	4	AATCACAACCAAAACAAGAAGGCT	1
30	29	4	ATCACAACCAAAACAAGAAGGCTC	1
31	30	4	TCACAACCAAAACAAGAAGGCTCA	1
32	31	4	CACAACCAAAACAAGAAGGCTCAC	1
33	32	5	ACAACCAAAACAAGAAGGCTCACC	1
34	33	5	CAACCAAAACAAGAAGGCTCACCG	1
35	34	5	AACCAAAACAAGAAGGCTCACCGT	1
36	35	5	ACCAAAACAAGAAGGCTCACCGTA	1
37	36	5	CCAAAACAAGAAGGCTCACCGTAA	1
38	37	5	CAAAACAAGAAGGCTCACCGTAAC	1
39	38	5	AAAACAAGAAGGCTCACCGTAACG	1
40	39	5	AAACAAGAAGGCTCACCGTAACGG	1
41	40	5	AACAAGAAGGCTCACCGTAACGGT	1
42	41	5	ACAAGAAGGCTCACCGTAACGGTA	1
43	42	5	CAAGAAGGCTCACCGTAACGGTAT	1
44	43	5	AAGAAGGCTCACCGTAACGGTATT	1
45	44	5	AGAAGGCTCACCGTAACGGTATTA	1
46	45	4	GAAGGCTCACCGTAACGGTATTAA	1
47	46	3	AAGGCTCACCGTAACGGTATTAAG	1
48	47	3	AGGCTCACCGTAACGGTATTAAGC	1
49	48	3	GGCTCACCGTAACGGTATTAAGCG	1
50	49	3	GCTCACCGTAACGGTATTAAGCGT	1
51	50	3	CTCACCGTAACGGTATTAAGCGTC	1
52	51	3	TCACCGTAACGGTATTAAGCGTCC	1
53	52	2	CACCGTAACGGTATTAAGCGTCCT	1
54	53	2	ACCGTAACGGTATTAAGCGTCCTC	1
55	54	2	CCGTAACGGTATTAAGCGTCCTCA	1
56	55	2	CGTAACGGTATTAAGCGTCCTCAA	1
57	56	2	GTAACGGTATTAAGCGTCCTCAAA	1
58	57	2	TAACGGTATTAAGCGTCCTCAAAA	1
59	58	2	AACGGTATTAAGCGTCCTCAAAAG	1
60	59	2	ACGGTATTAAGCGTCCTCAAAAGC	1
61	60	2	CGGTATTAAGCGTCCTCAAAAGCA	1
62	61	2	GGTATTAAGCGTCCTCAAAAGCAC	1
63	62	2	GTATTAAGCGTCCTCAAAAGCACC	1
64	63	2	TATTAAGCGTCCTCAAAAGCACCG	1
65	64	2	ATTAAGCGTCCTCAAAAGCACCGT	1
66	65	1	TTAAGCGTCCTCAAAAGCACCGTT	1
67	66	1	TAAGCGTCCTCAAAAGCACCGTTA	1
68	67	1	AAGCGTCCTCAAAAGCACCGTTAC	1
69	68	1	AGCGTCCTCAAAAGCACCGTTACG	1
70	69	1	GCGTCCTCAAAAGCACCGTTACGA	1
71	70	2	CGTCCTCAAAAGCACCGTTACGAT	1
72	71	2	GTCCTCAAAAGCACCGTTACGATT	1
73	72	2	TCCTCAAAAGCACCGTTACGATTC	1
74	73	2	CCTCAAAAGCACCGTTACGATTCT	1
75	74	2	CTCAAAAGCACCGTTACGATTCTC	1
76	75	2	TCAAAAGCACCGTTACGATTCTCT	1
77	76	1	CAAAAGCACCGTTACGATTCTCTT	1
78	77	1	AAAAGCACCGTTACGATTCTCTTA	1
79	78	1	AAAGCACCGTTACGATTCTCTTAA	1
80	79	1	AAGCACCGTTACGATTCTCTTAAG	1
81	80	1	AGCACCGTTACGATTCTCTTAAGT	1
82	81	1	GCACCGTTACGATTCTCTTAAGTA	1
83	82	1	CACCGTTACGATTCTCTTAAGTAC	1
84	83	1	ACCGTTACGATTCTCTTAAGTACC	1
85	84	1	CCGTTACGATTCTCTTAAGTACCG	1
86	85	1	CGTTACGATTCTCTTAAGTACCGT	1
87	86	1	GTTACGATTCTCTTAAGTACCGTG	1
88	87	1	TTACGATTCTCTTAAGTACCGTGA	1
89	88	1	TACGATTCTCTTAAGTACCGTGAT	1
90	89	1	ACGATTCTCTTAAGTACCGTGATG	1
91	90	1	CGATTCTCTTAAGTACCGTGATGC	1
92	91	1	GATTCTCTTAAGTACCGTGATGCT	1
93	92	2	ATTCTCTTAAGTACCGTGATGCTA	1
94	93	2	TTCTCTTAAGTACCGTGATGCTAA	1
95	94	2	TCTCTTAAGTACCGTGATGCTAAG	1
96	95	2	CTCTTAAGTACCGTGATGCTAAGT	1
97	96	2	TCTTAAGTACCGTGATGCTAAGTT	1
98	97	2	CTTAAGTACCGTGATGCTAAGTTC	1
99	98	2	TTAAGTACCGTGATGCTAAGTTCC	1
100	99	2	TAAGTACCGTGATGCTAAGTTCCG	1
101	100	2	AAGTACCGTGATGCTAAGTTCCGC	1
102	101	2	AGTACCGTGATGCTAAGTTCCGCC	1
103	102	2	GTACCGTGATGCTAAGTTCCGCCG	1
104	103	2	TACCGTGATGCTAAGTTCCGCCGC	1
105	104	2	ACCGTGATGCTAAGTTCCGCCGCA	1
106	105	2	CCGTGATGCTAAGTTCCGCCGCAA	1
107	106	2	CGTGATGCTAAGTTCCGCCGCAAC	1
108	107	2	GTGATGCTAAGTTCCGCCGCAACC	1
109	108	2	TGATGCTAAGTTCCGCCGCAACCA	1
110	109	2	GATGCTAAGTTCCGCCGCAACCAA	1
111	110	2	ATGCTAAGTTCCGCCGCAACCAAA	1
112	111	2	TGCTAAGTTCCGCCGCAACCAAAA	1
113	112	2	GCTAAGTTCCGCCGCAACCAAAAG	1
114	113	2	CTAAGTTCCGCCGCAACCAAAAGT	1
115	114	1	TAAGTTCCGCCGCAACCAAAAGTT	1
116	115	1	AAGTTCCGCCGCAACCAAAAGTTT	1
117	116	1	AGTTCCGCCGCAACCAAAAGTTTG	1
118	117	1	GTTCCGCCGCAACCAAAAGTTTGC	1
119	118	1	TTCCGCCGCAACCAAAAGTTTGCC	1
120	119	1	TCCGCCGCAACCAAAAGTTTGCCA	1
121	120	1	CCGCCGCAACCAAAAGTTTGCCAA	1
122	121	1	CGCCGCAACCAAAAGTTTGCCAAC	1
123	122	1	GCCGCAACCAAAAGTTTGCCAACC	1
124	123	1	CCGCAACCAAAAGTTTGCCAACCG	1
125	124	1	CGCAACCAAAAGTTTGCCAACCGT	1
126	125	1	GCAACCAAAAGTTTGCCAACCGTG	1
127	126	1	CAACCAAAAGTTTGCCAACCGTGG	1
128	127	1	AACCAAAAGTTTGCCAACCGTGGT	1
129	128	1	ACCAAAAGTTTGCCAACCGTGGTA	1
130	129	1	CCAAAAGTTTGCCAACCGTGGTAC	1
131	130	1	CAAAAGTTTGCCAACCGTGGTACC	1
132	131	1	AAAAGTTTGCCAACCGTGGTACCG	1
133	132	1	AAAGTTTGCCAACCGTGGTACCGT	1
134	133	1	AAGTTTGCCAACCGTGGTACCGTC	1
135	134	1	AGTTTGCCAACCGTGGTACCGTCG	1
136	135	1	GTTTGCCAACCGTGGTACCGTCGA	1
137	-1	0	GGTACCGTCGAAGCTATTCGTCAA	1
138	137	1	GTACCGTCGAAGCTATTCGTCAAG	1
139	138	1	TACCGTCGAAGCTATTCGTCAAGC	1
140	139	1	ACCGTCGAAGCTATTCGTCAAGCT	1
141	140	1	CCGTCGAAGCTATTCGTCAAGCTA	1
142	141	1	CGTCGAAGCTATTCGTCAAGCTAA	1
143	142	1	GTCGAAGCTATTCGTCAAGCTAAG	1
144	143	1	TCGAAGCTATTCGTCAAGCTAAGG	1
145	144	1	CGAAGCTATTCGTCAAGCTAAGGC	1
146	145	1	GAAGCTATTCGTCAAGCTAAGGCC	1
147	146	1	AAGCTATTCGTCAAGCTAAGGCCT	1
148	147	1	AGCTATTCGTCAAGCTAAGGCCTC	1
149	148	1	GCTATTCGTCAAGCTAAGGCCTCT	1
150	149	1	CTATTCGTCAAGCTAAGGCCTCTG	1
151	150	1	TATTCGTCAAGCTAAGGCCTCTGC	1
152	151	2	ATTCGTCAAGCTAAGGCCTCTGCT	1
153	152	2	TTCGTCAAGCTAAGGCCTCTGCTT	1
154	153	2	TCGTCAAGCTAAGGCCTCTGCTTA	1
155	154	2	CGTCAAGCTAAGGCCTCTGCTTAA	1
156	155	2	GTCAAGCTAAGGCCTCTGCTTAAA	1
157	156	2	TCAAGCTAAGGCCTCTGCTTAAAA	1
158	157	2	CAAGCTAAGGCCTCTGCTTAAAAT	1
159	158	2	AAGCTAAGGCCTCTGCTTAAAATG	1
160	159	2	AGCTAAGGCCTCTGCTTAAAATGC	1
161	160	2	GCTAAGGCCTCTGCTTAAAATGCT	1
162	161	2	CTAAGGCCTCTGCTTAAAATGCTT	1
163	162	2	TAAGGCCTCTGCTTAAAATGCTTG	1
164	163	2	AAGGCCTCTGCTTAAAATGCTTGG	1
165	164	3	AGGCCTCTGCTTAAAATGCTTGGA	1
166	165	3	GGCCTCTGCTTAAAATGCTTGGAA	1
167	166	3	GCCTCTGCTTAAAATGCTTGGAAT	1
168	167	3	CCTCTGCTTAAAATGCTTGGAATT	1
169	168	3	CTCTGCTTAAAATGCTTGGAATTA	1
170	169	3	TCTGCTTAAAATGCTTGGAATTAG	1
171	170	3	CTGCTTAAAATGCTTGGAATTAGT	1
172	171	3	TGCTTAAAATGCTTGGAATTAGTT	1
173	172	3	GCTTAAAATGCTTGGAATTAGTTG	1
174	173	3	CTTAAAATGCTTGGAATTAGTTGT	1
175	174	3	TTAAAATGCTTGGAATTAGTTGTC	1
176	175	3	TAAAATGCTTGGAATTAGTTGTCT	1
177	176	3	AAAATGCTTGGAATTAGTTGTCTT	1
178	177	3	AAATGCTTGGAATTAGTTGTCTTA	1
179	178	3	AATGCTTGGAATTAGTTGTCTTAG	1
180	179	3	ATGCTTGGAATTAGTTGTCTTAGT	1
181	180	3	TGCTTGGAATTAGTTGTCTTAGTT	1
182	181	2	GCTTGGAATTAGTTGTCTTAGTTT	1
183	182	2	CTTGGAATTAGTTGTCTTAGTTTG	1
184	183	2	TTGGAATTAGTTGTCTTAGTTTGG	1
185	184	2	TGGAATTAGTTGTCTTAGTTTGGT	1
186	185	2	GGAATTAGTTGTCTTAGTTTGGTT	1
187	186	2	GAATTAGTTGTCTTAGTTTGGTTT	1
188	187	2	AATTAGTTGTCTTAGTTTGGTTTC	1
189	188	2	ATTAGTTGTCTTAGTTTGGTTTCT	1
190	189	2	TTAGTTGTCTTAGTTTGGTTTCTA	1
191	190	2	TAGTTGTCTTAGTTTGGTTTCTAC	1
192	191	2	AGTTGTCTTAGTTTGGTTTCTACA	1
193	192	2	GTTGTCTTAGTTTGGTTTCTACAT	1
194	193	2	TTGTCTTAGTTTGGTTTCTACATA	1
195	194	2	TGTCTTAGTTTGGTTTCTACATAA	1
196	195	1	GTCTTAGTTTGGTTTCTACATAAA	1
197	196	1	TCTTAGTTTGGTTTCTACATAAAT	1
198	197	1	CTTAGTTTGGTTTCTACATAAATG	1
199	198	1	TTAGTTTGGTTTCTACATAAATGG	1
200	199	1	TAGTTTGGTTTCTACATAAATGGC	1
201	200	1	AGTTTGGTTTCTACATAAATGGCA	1
202	201	1	GTTTGGTTTCTACATAAATGGCAT	1
203	202	1	TTTGGTTTCTACATAAATGGCATA	1
204	203	1	TTGGTTTCTACATAAATGGCATAA	1
205	204	1	TGGTTTCTACATAAATGGCATAAT	1
206	205	1	GGTTTCTACATAAATGGCATAATT	1
207	206	1	GTTTCTACATAAATGGCATAATTC	1
208	207	1	TTTCTACATAAATGGCATAATTCA	1
209	208	1	TTCTACATAAATGGCATAATTCAA	1
210	209	1	TCTACATAAATGGCATAATTCAAC	1
211	210	1	CTACATAAATGGCATAATTCAACG	1
212	211	1	TACATAAATGGCATAATTCAACGT	1
213	212	1	ACATAAATGGCATAATTCAACGTT	1
214	213	1	CATAAATGGCATAATTCAACGTTT	1
215	214	1	ATAAATGGCATAATTCAACGTTTT	1
216	215	1	TAAATGGCATAATTCAACGTTTTA	1
217	216	1	AAATGGCATAATTCAACGTTTTAA	1
218	217	1	AATGGCATAATTCAACGTTTTAAA	1
219	218	1	ATGGCATAATTCAACGTTTTAAAA	1
220	219	1	TGGCATAATTCAACGTTTTAAAAA	1
221	220	1	GGCATAATTCAACGTTTTAAAAAT	1
222	221	1	GCATAATTCAACGTTTTAAAAATT	1
223	222	1	CATAATTCAACGTTTTAAAAATTT	1
224	223	1	ATAATTCAACGTTTTAAAAATTTT	1
225	224	1	TAATTCAACGTTTTAAAAATTTTG	1
226	225	1	AATTCAACGTTTTAAAAATTTTGG	1
227	226	1	ATTCAACGTTTTAAAAATTTTGGA	1
228	227	1	TTCAACGTTTTAAAAATTTTGGAT	1
229	228	1	TCAACGTTTTAAAAATTTTGGATT	1
230	229	1	CAACGTTTTAAAAATTTTGGATTT	1
231	230	1	AACGTTTTAAAAATTTTGGATTTC	1
232	231	1	ACGTTTTAAAAATTTTGGATTTCT	1
233	232	1	CGTTTTAAAAATTTTGGATTTCTA	1
234	233	1	GTTTTAAAAATTTTGGATTTCTAA	1
235	234	2	TTTTAAAAATTTTGGATTTCTAAA	1
236	235	2	TTTAAAAATTTTGGATTTCTAAAA	1
237	236	2	TTAAAAATTTTGGATTTCTAAAAT	1
238	237	2	TAAAAATTTTGGATTTCTAAAATG	1
239	238	2	AAAAATTTTGGATTTCTAAAATGA	1
240	239	2	AAAATTTTGGATTTCTAAAATGAG	1
241	240	2	AAATTTTGGATTTCTAAAATGAGA	1
242	241	3	AATTTTGGATTTCTAAAATGAGAA	1
243	242	3	ATTTTGGATTTCTAAAATGAGAAT	1
244	243	3	TTTTGGATTTCTAAAATGAGAATC	1
245	244	4	TTTGGATTTCTAAAATGAGAATCT	1
246	245	4	TTGGATTTCTAAAATGAGAATCTC	1
247	246	4	TGGATTTCTAAAATGAGAATCTCG	1
248	247	4	GGATTTCTAAAATGAGAATCTCGT	1
249	248	4	GATTTCTAAAATGAGAATCTCGTT	1
250	249	4	ATTTCTAAAATGAGAATCTCGTTT	1
251	250	4	TTTCTAAAATGAGAATCTCGTTTG	1
252	251	4	TTCTAAAATGAGAATCTCGTTTGA	1
253	252	3	TCTAAAATGAGAATCTCGTTTGAT	1
254	253	3	CTAAAATGAGAATCTCGTTTGATT	1
255	254	3	TAAAATGAGAATCTCGTTTGATTT	1
256	255	3	AAAATGAGAATCTCGTTTGATTTG	1
257	256	3	AAATGAGAATCTCGTTTGATTTGT	1
258	257	3	AATGAGAATCTCGTTTGATTTGTG	1
259	258	3	ATGAGAATCTCGTTTGATTTGTGC	1
260	259	3	TGAGAATCTCGTTTGATTTGTGCT	1
261	260	3	GAGAATCTCGTTTGATTTGTGCTT	1
262	261	3	AGAATCTCGTTTGATTTGTGCTTC	1
263	262	3	GAATCTCGTTTGATTTGTGCTTCT	1
264	263	3	AATCTCGTTTGATTTGTGCTTCTA	1
265	264	3	ATCTCGTTTGATTTGTGCTTCTAA	1
266	265	3	TCTCGTTTGATTTGTGCTTCTAAA	1
267	266	3	CTCGTTTGATTTGTGCTTCTAAAA	1
268	267	3	TCGTTTGATTTGTGCTTCTAAAAA	1
269	268	3	CGTTTGATTTGTGCTTCTAAAAAT	1
270	269	3	GTTTGATTTGTGCTTCTAAAAATA	1
271	270	3	TTTGATTTGTGCTTCTAAAAATAA	1
272	271	3	TTGATTTGTGCTTCTAAAAATAAA	1
273	272	3	TGATTTGTGCTTCTAAAAATAAAG	1
274	273	2	GATTTGTGCTTCTAAAAATAAAGG	1
275	274	2	ATTTGTGCTTCTAAAAATAAAGGT	1
276	275	2	TTTGTGCTTCTAAAAATAAAGGTA	1
277	276	2	TTGTGCTTCTAAAAATAAAGGTAG	1
278	277	2	TGTGCTTCTAAAAATAAAGGTAGT	1
279	278	2	GTGCTTCTAAAAATAAAGGTAGTC	1
280	279	2	TGCTTCTAAAAATAAAGGTAGTCT	1
281	280	2	GCTTCTAAAAATAAAGGTAGTCTG	1
282	281	2	CTTCTAAAAATAAAGGTAGTCTGC	1
283	282	2	TTCTAAAAATAAAGGTAGTCTGCC	1
284	283	2	TCTAAAAATAAAGGTAGTCTGCCG	1
285	284	2	CTAAAAATAAAGGTAGTCTGCCGG	1
286	285	1	TAAAAATAAAGGTAGTCTGCCGGT	1
287	286	1	AAAAATAAAGGTAGTCTGCCGGTT	1
288	287	1	AAAATAAAGGTAGTCTGCCGGTTA	1
