Component 156
1	-1	0	TTCAGACGTGTGCTCTTCCGATCT	1
2	1	1	TCAGACGTGTGCTCTTCCGATCTT	1
3	2	1	CAGACGTGTGCTCTTCCGATCTTG	1
4	3	1	AGACGTGTGCTCTTCCGATCTTGG	1
5	4	1	GACGTGTGCTCTTCCGATCTTGGT	1
6	5	1	ACGTGTGCTCTTCCGATCTTGGTA	1
7	6	1	CGTGTGCTCTTCCGATCTTGGTAT	1
8	7	1	GTGTGCTCTTCCGATCTTGGTATT	1
9	8	1	TGTGCTCTTCCGATCTTGGTATTG	1
10	9	1	GTGCTCTTCCGATCTTGGTATTGC	1
11	10	1	TGCTCTTCCGATCTTGGTATTGCT	1
12	11	1	GCTCTTCCGATCTTGGTATTGCTA	1
13	12	1	CTCTTCCGATCTTGGTATTGCTAT	1
14	13	1	TCTTCCGATCTTGGTATTGCTATA	1
15	14	1	CTTCCGATCTTGGTATTGCTATAG	1
16	15	1	TTCCGATCTTGGTATTGCTATAGC	1
17	16	1	TCCGATCTTGGTATTGCTATAGCT	1
18	17	1	CCGATCTTGGTATTGCTATAGCTG	1
19	18	1	CGATCTTGGTATTGCTATAGCTGG	1
20	19	1	GATCTTGGTATTGCTATAGCTGGT	1
21	20	1	ATCTTGGTATTGCTATAGCTGGTT	1
22	21	1	TCTTGGTATTGCTATAGCTGGTTT	1
23	22	1	CTTGGTATTGCTATAGCTGGTTTG	1
24	23	1	TTGGTATTGCTATAGCTGGTTTGG	1
25	24	2	TGGTATTGCTATAGCTGGTTTGGC	1
26	25	3	GGTATTGCTATAGCTGGTTTGGCT	1
27	26	3	GTATTGCTATAGCTGGTTTGGCTC	1
28	27	3	TATTGCTATAGCTGGTTTGGCTCC	1
29	28	3	ATTGCTATAGCTGGTTTGGCTCCT	1
30	29	4	TTGCTATAGCTGGTTTGGCTCCTG	1
31	30	4	TGCTATAGCTGGTTTGGCTCCTGA	1
32	31	4	GCTATAGCTGGTTTGGCTCCTGAC	1
33	32	4	CTATAGCTGGTTTGGCTCCTGACG	1
34	33	4	TATAGCTGGTTTGGCTCCTGACGC	1
35	34	4	ATAGCTGGTTTGGCTCCTGACGCC	1
36	35	3	TAGCTGGTTTGGCTCCTGACGCCA	1
37	36	3	AGCTGGTTTGGCTCCTGACGCCAG	1
38	37	3	GCTGGTTTGGCTCCTGACGCCAGA	1
39	38	2	CTGGTTTGGCTCCTGACGCCAGAG	1
40	39	2	TGGTTTGGCTCCTGACGCCAGAGT	1
41	40	2	GGTTTGGCTCCTGACGCCAGAGTT	1
42	41	2	GTTTGGCTCCTGACGCCAGAGTTT	1
43	42	2	TTTGGCTCCTGACGCCAGAGTTTT	1
44	43	2	TTGGCTCCTGACGCCAGAGTTTTG	1
45	44	2	TGGCTCCTGACGCCAGAGTTTTGA	1
46	45	2	GGCTCCTGACGCCAGAGTTTTGAG	1
47	46	1	GCTCCTGACGCCAGAGTTTTGAGT	1
48	47	1	CTCCTGACGCCAGAGTTTTGAGTA	1
49	48	1	TCCTGACGCCAGAGTTTTGAGTAA	1
50	49	1	CCTGACGCCAGAGTTTTGAGTAAC	1
51	50	1	CTGACGCCAGAGTTTTGAGTAACT	1
52	51	1	TGACGCCAGAGTTTTGAGTAACTA	1
53	52	1	GACGCCAGAGTTTTGAGTAACTAT	1
54	53	1	ACGCCAGAGTTTTGAGTAACTATA	1
55	54	1	CGCCAGAGTTTTGAGTAACTATAT	1
56	55	1	GCCAGAGTTTTGAGTAACTATATG	1
57	56	1	CCAGAGTTTTGAGTAACTATATGA	1
58	57	1	CAGAGTTTTGAGTAACTATATGAA	1
59	58	1	AGAGTTTTGAGTAACTATATGAAG	1
60	59	1	GAGTTTTGAGTAACTATATGAAGC	1
61	60	1	AGTTTTGAGTAACTATATGAAGCA	1
62	61	1	GTTTTGAGTAACTATATGAAGCAA	1
63	62	1	TTTTGAGTAACTATATGAAGCAAG	1
64	63	1	TTTGAGTAACTATATGAAGCAAGA	1
65	64	1	TTGAGTAACTATATGAAGCAAGAA	1
66	65	1	TGAGTAACTATATGAAGCAAGAAG	1
67	66	1	GAGTAACTATATGAAGCAAGAAGC	1
68	67	1	AGTAACTATATGAAGCAAGAAGCT	1
69	68	1	GTAACTATATGAAGCAAGAAGCTT	1
70	69	1	TAACTATATGAAGCAAGAAGCTTT	1
71	70	1	AACTATATGAAGCAAGAAGCTTTA	1
72	71	1	ACTATATGAAGCAAGAAGCTTTAT	1
73	72	2	CTATATGAAGCAAGAAGCTTTATC	1
74	73	1	TATATGAAGCAAGAAGCTTTATCG	1
75	74	1	ATATGAAGCAAGAAGCTTTATCGT	1
76	75	1	TATGAAGCAAGAAGCTTTATCGTC	1
77	76	1	ATGAAGCAAGAAGCTTTATCGTCT	1
78	77	1	TGAAGCAAGAAGCTTTATCGTCTA	1
79	78	1	GAAGCAAGAAGCTTTATCGTCTAA	1
80	79	1	AAGCAAGAAGCTTTATCGTCTAAG	1
81	80	1	AGCAAGAAGCTTTATCGTCTAAGA	1
82	81	1	GCAAGAAGCTTTATCGTCTAAGAC	1
83	82	1	CAAGAAGCTTTATCGTCTAAGACT	1
84	83	1	AAGAAGCTTTATCGTCTAAGACTT	1
85	84	1	AGAAGCTTTATCGTCTAAGACTTT	1
86	85	1	GAAGCTTTATCGTCTAAGACTTTG	1
87	86	1	AAGCTTTATCGTCTAAGACTTTGT	1
88	87	1	AGCTTTATCGTCTAAGACTTTGTT	1
89	88	1	GCTTTATCGTCTAAGACTTTGTTT	1
90	89	1	CTTTATCGTCTAAGACTTTGTTTA	1
91	90	1	TTTATCGTCTAAGACTTTGTTTAC	1
92	91	1	TTATCGTCTAAGACTTTGTTTACT	1
93	92	1	TATCGTCTAAGACTTTGTTTACTC	1
94	93	1	ATCGTCTAAGACTTTGTTTACTCG	1
95	94	1	TCGTCTAAGACTTTGTTTACTCGA	1
96	95	1	CGTCTAAGACTTTGTTTACTCGAC	1
97	96	1	GTCTAAGACTTTGTTTACTCGACC	1
98	97	1	TCTAAGACTTTGTTTACTCGACCT	1
99	98	1	CTAAGACTTTGTTTACTCGACCTA	1
100	99	1	TAAGACTTTGTTTACTCGACCTAT	1
101	100	1	AAGACTTTGTTTACTCGACCTATT	1
102	101	1	AGACTTTGTTTACTCGACCTATTC	1
103	102	1	GACTTTGTTTACTCGACCTATTCC	1
104	103	1	ACTTTGTTTACTCGACCTATTCCT	1
105	104	1	CTTTGTTTACTCGACCTATTCCTG	1
106	105	1	TTTGTTTACTCGACCTATTCCTGT	1
107	106	1	TTGTTTACTCGACCTATTCCTGTC	1
108	107	1	TGTTTACTCGACCTATTCCTGTCC	1
109	108	2	GTTTACTCGACCTATTCCTGTCCG	1
110	109	2	TTTACTCGACCTATTCCTGTCCGT	1
111	110	2	TTACTCGACCTATTCCTGTCCGTC	1
112	111	2	TACTCGACCTATTCCTGTCCGTCG	1
113	112	2	ACTCGACCTATTCCTGTCCGTCGT	1
114	113	2	CTCGACCTATTCCTGTCCGTCGTC	1
115	114	2	TCGACCTATTCCTGTCCGTCGTCT	1
116	115	2	CGACCTATTCCTGTCCGTCGTCTA	1
117	116	1	GACCTATTCCTGTCCGTCGTCTAA	1
118	117	1	ACCTATTCCTGTCCGTCGTCTAAT	1
119	118	2	CCTATTCCTGTCCGTCGTCTAATG	1
120	119	2	CTATTCCTGTCCGTCGTCTAATGA	1
121	120	2	TATTCCTGTCCGTCGTCTAATGAG	1
122	121	2	ATTCCTGTCCGTCGTCTAATGAGC	1
123	122	2	TTCCTGTCCGTCGTCTAATGAGCA	1
124	123	2	TCCTGTCCGTCGTCTAATGAGCAA	1
125	124	2	CCTGTCCGTCGTCTAATGAGCAAG	1
126	125	2	CTGTCCGTCGTCTAATGAGCAAGG	1
127	126	2	TGTCCGTCGTCTAATGAGCAAGGT	1
128	127	2	GTCCGTCGTCTAATGAGCAAGGTT	1
129	128	2	TCCGTCGTCTAATGAGCAAGGTTG	1
130	129	2	CCGTCGTCTAATGAGCAAGGTTGC	1
131	130	2	CGTCGTCTAATGAGCAAGGTTGCT	1
132	131	2	GTCGTCTAATGAGCAAGGTTGCTG	1
133	132	2	TCGTCTAATGAGCAAGGTTGCTGA	1
134	133	2	CGTCTAATGAGCAAGGTTGCTGAA	1
135	134	3	GTCTAATGAGCAAGGTTGCTGAAA	1
136	135	3	TCTAATGAGCAAGGTTGCTGAAAA	1
137	136	3	CTAATGAGCAAGGTTGCTGAAAAG	1
138	137	3	TAATGAGCAAGGTTGCTGAAAAGG	1
139	138	3	AATGAGCAAGGTTGCTGAAAAGGC	1
140	139	3	ATGAGCAAGGTTGCTGAAAAGGCT	1
141	140	3	TGAGCAAGGTTGCTGAAAAGGCTC	1
142	141	3	GAGCAAGGTTGCTGAAAAGGCTCA	1
143	142	3	AGCAAGGTTGCTGAAAAGGCTCAA	1
144	143	3	GCAAGGTTGCTGAAAAGGCTCAAA	1
145	144	3	CAAGGTTGCTGAAAAGGCTCAAAT	1
146	145	3	AAGGTTGCTGAAAAGGCTCAAATT	1
147	146	3	AGGTTGCTGAAAAGGCTCAAATTA	1
148	147	3	GGTTGCTGAAAAGGCTCAAATTAA	1
149	148	3	GTTGCTGAAAAGGCTCAAATTAAT	1
150	149	3	TTGCTGAAAAGGCTCAAATTAATA	1
151	150	3	TGCTGAAAAGGCTCAAATTAATAC	1
152	151	3	GCTGAAAAGGCTCAAATTAATACT	1
153	152	2	CTGAAAAGGCTCAAATTAATACTC	1
154	153	2	TGAAAAGGCTCAAATTAATACTCA	1
155	154	2	GAAAAGGCTCAAATTAATACTCAG	1
156	155	2	AAAAGGCTCAAATTAATACTCAGG	1
157	156	2	AAAGGCTCAAATTAATACTCAGGA	1
158	157	2	AAGGCTCAAATTAATACTCAGGAG	1
159	158	2	AGGCTCAAATTAATACTCAGGAGT	1
160	159	2	GGCTCAAATTAATACTCAGGAGTA	1
161	160	2	GCTCAAATTAATACTCAGGAGTAC	1
162	161	2	CTCAAATTAATACTCAGGAGTACG	1
163	162	1	TCAAATTAATACTCAGGAGTACGG	1
164	163	1	CAAATTAATACTCAGGAGTACGGA	1
165	164	1	AAATTAATACTCAGGAGTACGGAA	1
166	165	1	AATTAATACTCAGGAGTACGGAAG	1
167	166	1	ATTAATACTCAGGAGTACGGAAGG	1
168	167	1	TTAATACTCAGGAGTACGGAAGGA	1
169	168	1	TAATACTCAGGAGTACGGAAGGAG	1
170	169	1	AATACTCAGGAGTACGGAAGGAGA	1
171	170	1	ATACTCAGGAGTACGGAAGGAGAC	1
172	171	1	TACTCAGGAGTACGGAAGGAGACC	1
173	172	1	ACTCAGGAGTACGGAAGGAGACCT	1
174	173	1	CTCAGGAGTACGGAAGGAGACCTT	1
175	174	1	TCAGGAGTACGGAAGGAGACCTTA	1
176	175	1	CAGGAGTACGGAAGGAGACCTTAT	1
177	176	1	AGGAGTACGGAAGGAGACCTTATG	1
178	177	1	GGAGTACGGAAGGAGACCTTATGG	1
179	-1	0	TTAGAAATCAATATGATGGAGATG	1
180	179	2	TAGAAATCAATATGATGGAGATGC	1
181	180	2	AGAAATCAATATGATGGAGATGCG	1
182	181	2	GAAATCAATATGATGGAGATGCGA	1
183	182	2	AAATCAATATGATGGAGATGCGAC	1
184	183	2	AATCAATATGATGGAGATGCGACT	1
185	184	2	ATCAATATGATGGAGATGCGACTA	1
186	185	2	TCAATATGATGGAGATGCGACTAC	1
187	186	2	CAATATGATGGAGATGCGACTACG	1
188	187	2	AATATGATGGAGATGCGACTACGT	1
189	188	2	ATATGATGGAGATGCGACTACGTG	1
190	189	2	TATGATGGAGATGCGACTACGTGG	1
191	190	2	ATGATGGAGATGCGACTACGTGGA	1
192	191	2	TGATGGAGATGCGACTACGTGGAG	1
193	192	2	GATGGAGATGCGACTACGTGGAGC	1
194	193	1	ATGGAGATGCGACTACGTGGAGCC	1
195	194	1	TGGAGATGCGACTACGTGGAGCCC	1
196	195	1	GGAGATGCGACTACGTGGAGCCCT	1
197	196	1	GAGATGCGACTACGTGGAGCCCTC	1
198	197	1	AGATGCGACTACGTGGAGCCCTCA	1
199	198	1	GATGCGACTACGTGGAGCCCTCAA	1
200	199	1	ATGCGACTACGTGGAGCCCTCAAG	1
201	200	1	TGCGACTACGTGGAGCCCTCAAGG	1
202	201	2	GCGACTACGTGGAGCCCTCAAGGA	1
203	202	2	CGACTACGTGGAGCCCTCAAGGAA	1
204	203	2	GACTACGTGGAGCCCTCAAGGAAG	1
205	204	2	ACTACGTGGAGCCCTCAAGGAAGA	1
206	205	2	CTACGTGGAGCCCTCAAGGAAGAC	1
207	206	2	TACGTGGAGCCCTCAAGGAAGACT	1
208	207	2	ACGTGGAGCCCTCAAGGAAGACTC	1
209	208	2	CGTGGAGCCCTCAAGGAAGACTCC	1
210	209	2	GTGGAGCCCTCAAGGAAGACTCCA	1
211	210	2	TGGAGCCCTCAAGGAAGACTCCAT	1
212	211	2	GGAGCCCTCAAGGAAGACTCCATC	1
213	212	2	GAGCCCTCAAGGAAGACTCCATCA	1
214	213	2	AGCCCTCAAGGAAGACTCCATCAA	1
215	214	2	GCCCTCAAGGAAGACTCCATCAAG	1
216	215	2	CCCTCAAGGAAGACTCCATCAAGT	1
217	216	2	CCTCAAGGAAGACTCCATCAAGTA	1
218	217	2	CTCAAGGAAGACTCCATCAAGTAG	1
219	218	3	TCAAGGAAGACTCCATCAAGTAGA	1
220	219	3	CAAGGAAGACTCCATCAAGTAGAA	1
221	220	3	AAGGAAGACTCCATCAAGTAGAAT	1
222	221	3	AGGAAGACTCCATCAAGTAGAATA	1
223	222	3	GGAAGACTCCATCAAGTAGAATAC	1
224	223	1	GAAGACTCCATCAAGTAGAATACG	1
225	224	1	AAGACTCCATCAAGTAGAATACGC	1
226	225	1	AGACTCCATCAAGTAGAATACGCA	1
227	226	1	GACTCCATCAAGTAGAATACGCAT	1
228	227	1	ACTCCATCAAGTAGAATACGCATT	1
229	228	1	CTCCATCAAGTAGAATACGCATTA	1
230	229	1	TCCATCAAGTAGAATACGCATTAG	1
231	230	1	CCATCAAGTAGAATACGCATTAGA	1
232	231	1	CATCAAGTAGAATACGCATTAGAA	1
233	232	1	ATCAAGTAGAATACGCATTAGAAG	1
234	233	1	TCAAGTAGAATACGCATTAGAAGC	1
235	234	1	CAAGTAGAATACGCATTAGAAGCT	1
236	235	1	AAGTAGAATACGCATTAGAAGCTA	1
237	236	1	AGTAGAATACGCATTAGAAGCTAT	1
238	237	1	GTAGAATACGCATTAGAAGCTATT	1
239	238	1	TAGAATACGCATTAGAAGCTATTA	1
240	239	1	AGAATACGCATTAGAAGCTATTAA	1
241	240	1	GAATACGCATTAGAAGCTATTAAA	1
242	241	1	AATACGCATTAGAAGCTATTAAAC	1
243	242	1	ATACGCATTAGAAGCTATTAAACA	1
244	243	1	TACGCATTAGAAGCTATTAAACAA	1
245	244	1	ACGCATTAGAAGCTATTAAACAAG	1
