Component 16
1	-1	0	ATTTATGGTTTCGGTGGTTAAACT	1
2	1	0	TTTATGGTTTCGGTGGTTAAACTG	1
3	2	0	TTATGGTTTCGGTGGTTAAACTGG	1
4	3	0	TATGGTTTCGGTGGTTAAACTGGT	1
5	4	0	ATGGTTTCGGTGGTTAAACTGGTT	1
6	5	0	TGGTTTCGGTGGTTAAACTGGTTG	1
7	6	0	GGTTTCGGTGGTTAAACTGGTTGC	1
8	7	0	GTTTCGGTGGTTAAACTGGTTGCA	1
9	8	0	TTTCGGTGGTTAAACTGGTTGCAC	1
10	9	1	TTCGGTGGTTAAACTGGTTGCACA	1
11	10	3	TCGGTGGTTAAACTGGTTGCACAC	1
12	11	3	CGGTGGTTAAACTGGTTGCACACT	1
13	12	3	GGTGGTTAAACTGGTTGCACACTT	1
14	13	3	GTGGTTAAACTGGTTGCACACTTT	1
15	14	3	TGGTTAAACTGGTTGCACACTTTT	1
16	15	3	GGTTAAACTGGTTGCACACTTTTC	1
17	16	3	GTTAAACTGGTTGCACACTTTTCG	1
18	17	3	TTAAACTGGTTGCACACTTTTCGA	1
19	18	3	TAAACTGGTTGCACACTTTTCGAT	1
20	19	3	AAACTGGTTGCACACTTTTCGATA	1
21	20	3	AACTGGTTGCACACTTTTCGATAT	1
22	21	3	ACTGGTTGCACACTTTTCGATATT	1
23	22	3	CTGGTTGCACACTTTTCGATATTG	1
24	23	3	TGGTTGCACACTTTTCGATATTGA	1
25	24	3	GGTTGCACACTTTTCGATATTGAA	1
26	25	3	GTTGCACACTTTTCGATATTGAAG	1
27	26	3	TTGCACACTTTTCGATATTGAAGT	1
28	27	3	TGCACACTTTTCGATATTGAAGTG	1
29	28	4	GCACACTTTTCGATATTGAAGTGA	1
30	29	4	CACACTTTTCGATATTGAAGTGAA	1
31	30	4	ACACTTTTCGATATTGAAGTGAAT	1
32	31	4	CACTTTTCGATATTGAAGTGAATT	1
33	32	4	ACTTTTCGATATTGAAGTGAATTG	1
34	33	4	CTTTTCGATATTGAAGTGAATTGT	1
35	34	4	TTTTCGATATTGAAGTGAATTGTA	1
36	35	4	TTTCGATATTGAAGTGAATTGTAT	1
37	36	4	TTCGATATTGAAGTGAATTGTATT	1
38	37	4	TCGATATTGAAGTGAATTGTATTT	1
39	38	4	CGATATTGAAGTGAATTGTATTTT	1
40	39	4	GATATTGAAGTGAATTGTATTTTC	1
41	40	4	ATATTGAAGTGAATTGTATTTTCT	1
42	41	4	TATTGAAGTGAATTGTATTTTCTT	1
43	42	4	ATTGAAGTGAATTGTATTTTCTTT	1
44	43	5	TTGAAGTGAATTGTATTTTCTTTT	1
45	44	5	TGAAGTGAATTGTATTTTCTTTTT	1
46	45	5	GAAGTGAATTGTATTTTCTTTTTC	1
47	46	5	AAGTGAATTGTATTTTCTTTTTCT	1
48	47	5	AGTGAATTGTATTTTCTTTTTCTT	1
49	48	5	GTGAATTGTATTTTCTTTTTCTTT	1
50	49	5	TGAATTGTATTTTCTTTTTCTTTT	1
51	50	5	GAATTGTATTTTCTTTTTCTTTTT	1
52	51	5	AATTGTATTTTCTTTTTCTTTTTT	1
53	52	5	ATTGTATTTTCTTTTTCTTTTTTT	1
54	53	4	TTGTATTTTCTTTTTCTTTTTTTC	1
55	54	1	TGTATTTTCTTTTTCTTTTTTTCC	1
56	55	1	GTATTTTCTTTTTCTTTTTTTCCT	1
57	56	1	TATTTTCTTTTTCTTTTTTTCCTA	1
58	57	1	ATTTTCTTTTTCTTTTTTTCCTAC	1
59	58	1	TTTTCTTTTTCTTTTTTTCCTACT	1
60	59	1	TTTCTTTTTCTTTTTTTCCTACTT	1
61	60	1	TTCTTTTTCTTTTTTTCCTACTTT	1
62	61	1	TCTTTTTCTTTTTTTCCTACTTTG	1
63	62	1	CTTTTTCTTTTTTTCCTACTTTGC	1
64	63	1	TTTTTCTTTTTTTCCTACTTTGCA	1
65	64	1	TTTTCTTTTTTTCCTACTTTGCAT	1
66	65	1	TTTCTTTTTTTCCTACTTTGCATA	1
67	66	1	TTCTTTTTTTCCTACTTTGCATAT	1
68	67	1	TCTTTTTTTCCTACTTTGCATATT	1
69	68	1	CTTTTTTTCCTACTTTGCATATTA	1
70	69	1	TTTTTTTCCTACTTTGCATATTAA	1
71	70	1	TTTTTTCCTACTTTGCATATTAAT	1
72	71	1	TTTTTCCTACTTTGCATATTAATA	1
73	72	1	TTTTCCTACTTTGCATATTAATAG	1
74	73	1	TTTCCTACTTTGCATATTAATAGT	1
75	74	1	TTCCTACTTTGCATATTAATAGTT	1
76	75	1	TCCTACTTTGCATATTAATAGTTG	1
77	76	1	CCTACTTTGCATATTAATAGTTGT	1
78	77	1	CTACTTTGCATATTAATAGTTGTT	1
79	78	1	TACTTTGCATATTAATAGTTGTTT	1
80	79	1	ACTTTGCATATTAATAGTTGTTTC	1
81	80	1	CTTTGCATATTAATAGTTGTTTCT	1
82	81	1	TTTGCATATTAATAGTTGTTTCTC	1
83	82	1	TTGCATATTAATAGTTGTTTCTCT	1
84	83	1	TGCATATTAATAGTTGTTTCTCTT	1
85	84	1	GCATATTAATAGTTGTTTCTCTTT	1
86	85	1	CATATTAATAGTTGTTTCTCTTTT	1
87	86	1	ATATTAATAGTTGTTTCTCTTTTT	1
88	-1	0	GCCATTCGTCGTCTTGCTCGTCGT	1
89	88	1	CCATTCGTCGTCTTGCTCGTCGTG	1
90	89	1	CATTCGTCGTCTTGCTCGTCGTGG	1
91	90	1	ATTCGTCGTCTTGCTCGTCGTGGC	1
92	91	1	TTCGTCGTCTTGCTCGTCGTGGCG	1
93	92	1	TCGTCGTCTTGCTCGTCGTGGCGG	1
94	93	1	CGTCGTCTTGCTCGTCGTGGCGGT	1
95	94	1	GTCGTCTTGCTCGTCGTGGCGGTG	1
96	95	2	TCGTCTTGCTCGTCGTGGCGGTGT	1
97	96	2	CGTCTTGCTCGTCGTGGCGGTGTT	1
98	97	2	GTCTTGCTCGTCGTGGCGGTGTTA	1
99	98	2	TCTTGCTCGTCGTGGCGGTGTTAA	1
100	99	3	CTTGCTCGTCGTGGCGGTGTTAAG	1
101	100	3	TTGCTCGTCGTGGCGGTGTTAAGC	1
102	101	3	TGCTCGTCGTGGCGGTGTTAAGCG	1
103	102	3	GCTCGTCGTGGCGGTGTTAAGCGT	1
104	103	3	CTCGTCGTGGCGGTGTTAAGCGTA	1
105	104	3	TCGTCGTGGCGGTGTTAAGCGTAT	1
106	105	3	CGTCGTGGCGGTGTTAAGCGTATT	1
107	106	3	GTCGTGGCGGTGTTAAGCGTATTT	1
108	107	3	TCGTGGCGGTGTTAAGCGTATTTC	1
109	108	3	CGTGGCGGTGTTAAGCGTATTTCT	1
110	109	3	GTGGCGGTGTTAAGCGTATTTCTG	1
111	110	3	TGGCGGTGTTAAGCGTATTTCTGC	1
112	111	3	GGCGGTGTTAAGCGTATTTCTGCT	1
113	112	3	GCGGTGTTAAGCGTATTTCTGCTT	1
114	113	3	CGGTGTTAAGCGTATTTCTGCTTT	1
115	114	3	GGTGTTAAGCGTATTTCTGCTTTG	1
116	115	3	GTGTTAAGCGTATTTCTGCTTTGG	1
117	116	3	TGTTAAGCGTATTTCTGCTTTGGT	1
118	117	3	GTTAAGCGTATTTCTGCTTTGGTT	1
119	118	3	TTAAGCGTATTTCTGCTTTGGTTT	1
120	119	3	TAAGCGTATTTCTGCTTTGGTTTA	1
121	120	3	AAGCGTATTTCTGCTTTGGTTTAC	1
122	121	3	AGCGTATTTCTGCTTTGGTTTACG	1
123	122	3	GCGTATTTCTGCTTTGGTTTACGA	1
124	123	3	CGTATTTCTGCTTTGGTTTACGAA	1
125	124	4	GTATTTCTGCTTTGGTTTACGAAG	1
126	125	4	TATTTCTGCTTTGGTTTACGAAGA	1
127	126	4	ATTTCTGCTTTGGTTTACGAAGAG	1
128	127	4	TTTCTGCTTTGGTTTACGAAGAGA	1
129	128	4	TTCTGCTTTGGTTTACGAAGAGAC	1
130	129	4	TCTGCTTTGGTTTACGAAGAGACT	1
131	130	4	CTGCTTTGGTTTACGAAGAGACTC	1
132	131	4	TGCTTTGGTTTACGAAGAGACTCG	1
133	132	2	GCTTTGGTTTACGAAGAGACTCGT	1
134	133	2	CTTTGGTTTACGAAGAGACTCGTG	1
135	134	2	TTTGGTTTACGAAGAGACTCGTGC	1
136	135	2	TTGGTTTACGAAGAGACTCGTGCC	1
137	136	2	TGGTTTACGAAGAGACTCGTGCCG	1
138	137	2	GGTTTACGAAGAGACTCGTGCCGT	1
139	138	2	GTTTACGAAGAGACTCGTGCCGTT	1
140	139	1	TTTACGAAGAGACTCGTGCCGTTC	1
141	140	1	TTACGAAGAGACTCGTGCCGTTCT	1
142	141	1	TACGAAGAGACTCGTGCCGTTCTC	1
143	142	1	ACGAAGAGACTCGTGCCGTTCTCA	1
144	143	1	CGAAGAGACTCGTGCCGTTCTCAA	1
145	144	1	GAAGAGACTCGTGCCGTTCTCAAG	1
146	145	1	AAGAGACTCGTGCCGTTCTCAAGC	1
147	146	1	AGAGACTCGTGCCGTTCTCAAGCT	1
148	147	1	GAGACTCGTGCCGTTCTCAAGCTT	1
149	148	1	AGACTCGTGCCGTTCTCAAGCTTT	1
150	149	1	GACTCGTGCCGTTCTCAAGCTTTT	1
151	150	1	ACTCGTGCCGTTCTCAAGCTTTTC	1
152	151	1	CTCGTGCCGTTCTCAAGCTTTTCT	1
153	152	1	TCGTGCCGTTCTCAAGCTTTTCTT	1
154	153	1	CGTGCCGTTCTCAAGCTTTTCTTG	1
155	154	1	GTGCCGTTCTCAAGCTTTTCTTGG	1
156	155	2	TGCCGTTCTCAAGCTTTTCTTGGA	1
157	156	2	GCCGTTCTCAAGCTTTTCTTGGAA	1
158	157	2	CCGTTCTCAAGCTTTTCTTGGAAA	1
159	158	2	CGTTCTCAAGCTTTTCTTGGAAAA	1
160	159	2	GTTCTCAAGCTTTTCTTGGAAAAC	1
161	160	2	TTCTCAAGCTTTTCTTGGAAAACG	1
162	161	3	TCTCAAGCTTTTCTTGGAAAACGT	1
163	162	3	CTCAAGCTTTTCTTGGAAAACGTT	1
164	163	3	TCAAGCTTTTCTTGGAAAACGTTA	1
165	164	3	CAAGCTTTTCTTGGAAAACGTTAT	1
166	165	3	AAGCTTTTCTTGGAAAACGTTATC	1
167	166	3	AGCTTTTCTTGGAAAACGTTATCC	1
168	167	3	GCTTTTCTTGGAAAACGTTATCCG	1
169	168	2	CTTTTCTTGGAAAACGTTATCCGT	1
170	169	2	TTTTCTTGGAAAACGTTATCCGTG	1
171	170	2	TTTCTTGGAAAACGTTATCCGTGA	1
172	171	2	TTCTTGGAAAACGTTATCCGTGAT	1
173	172	2	TCTTGGAAAACGTTATCCGTGATG	1
174	173	2	CTTGGAAAACGTTATCCGTGATGC	1
175	174	2	TTGGAAAACGTTATCCGTGATGCA	1
176	175	2	TGGAAAACGTTATCCGTGATGCAG	1
177	176	2	GGAAAACGTTATCCGTGATGCAGT	1
178	177	2	GAAAACGTTATCCGTGATGCAGTT	1
179	178	2	AAAACGTTATCCGTGATGCAGTTA	1
180	179	2	AAACGTTATCCGTGATGCAGTTAC	1
181	180	2	AACGTTATCCGTGATGCAGTTACC	1
182	181	2	ACGTTATCCGTGATGCAGTTACCT	1
183	182	2	CGTTATCCGTGATGCAGTTACCTA	1
184	183	2	GTTATCCGTGATGCAGTTACCTAC	1
185	184	2	TTATCCGTGATGCAGTTACCTACA	1
186	185	2	TATCCGTGATGCAGTTACCTACAC	1
187	186	2	ATCCGTGATGCAGTTACCTACACT	1
188	187	2	TCCGTGATGCAGTTACCTACACTG	1
189	188	2	CCGTGATGCAGTTACCTACACTGA	1
190	189	2	CGTGATGCAGTTACCTACACTGAA	1
191	190	2	GTGATGCAGTTACCTACACTGAAC	1
192	191	2	TGATGCAGTTACCTACACTGAACA	1
193	192	2	GATGCAGTTACCTACACTGAACAC	1
194	193	2	ATGCAGTTACCTACACTGAACACG	1
195	194	2	TGCAGTTACCTACACTGAACACGC	1
196	195	2	GCAGTTACCTACACTGAACACGCC	1
197	196	2	CAGTTACCTACACTGAACACGCCA	1
198	197	2	AGTTACCTACACTGAACACGCCAA	1
199	198	2	GTTACCTACACTGAACACGCCAAG	1
200	199	1	TTACCTACACTGAACACGCCAAGC	1
201	200	1	TACCTACACTGAACACGCCAAGCG	1
202	201	1	ACCTACACTGAACACGCCAAGCGT	1
203	202	1	CCTACACTGAACACGCCAAGCGTA	1
204	203	1	CTACACTGAACACGCCAAGCGTAA	1
205	204	1	TACACTGAACACGCCAAGCGTAAG	1
