Component 165
1	-1	0	CCAAAAAGGAGAACAAAAATGCAA	1
2	1	1	CAAAAAGGAGAACAAAAATGCAAG	1
3	2	1	AAAAAGGAGAACAAAAATGCAAGG	1
4	3	1	AAAAGGAGAACAAAAATGCAAGGA	1
5	4	1	AAAGGAGAACAAAAATGCAAGGAA	1
6	5	1	AAGGAGAACAAAAATGCAAGGAAC	1
7	6	1	AGGAGAACAAAAATGCAAGGAACA	1
8	7	1	GGAGAACAAAAATGCAAGGAACAC	1
9	8	1	GAGAACAAAAATGCAAGGAACACT	1
10	9	1	AGAACAAAAATGCAAGGAACACTT	1
11	10	1	GAACAAAAATGCAAGGAACACTTG	1
12	11	1	AACAAAAATGCAAGGAACACTTGG	1
13	12	2	ACAAAAATGCAAGGAACACTTGGC	1
14	13	2	CAAAAATGCAAGGAACACTTGGCT	1
15	14	2	AAAAATGCAAGGAACACTTGGCTT	1
16	15	2	AAAATGCAAGGAACACTTGGCTTT	1
17	16	2	AAATGCAAGGAACACTTGGCTTTA	1
18	17	2	AATGCAAGGAACACTTGGCTTTAA	1
19	18	2	ATGCAAGGAACACTTGGCTTTAAA	1
20	19	2	TGCAAGGAACACTTGGCTTTAAAC	1
21	20	2	GCAAGGAACACTTGGCTTTAAACC	1
22	21	2	CAAGGAACACTTGGCTTTAAACCC	1
23	22	2	AAGGAACACTTGGCTTTAAACCCC	1
24	23	2	AGGAACACTTGGCTTTAAACCCCA	1
25	24	2	GGAACACTTGGCTTTAAACCCCAA	1
26	25	2	GAACACTTGGCTTTAAACCCCAAT	1
27	26	2	AACACTTGGCTTTAAACCCCAATG	1
28	27	2	ACACTTGGCTTTAAACCCCAATGG	1
29	28	2	CACTTGGCTTTAAACCCCAATGGA	1
30	29	2	ACTTGGCTTTAAACCCCAATGGAA	1
31	30	2	CTTGGCTTTAAACCCCAATGGAAG	1
32	31	2	TTGGCTTTAAACCCCAATGGAAGA	1
33	32	2	TGGCTTTAAACCCCAATGGAAGAG	1
34	33	2	GGCTTTAAACCCCAATGGAAGAGT	1
35	34	3	GCTTTAAACCCCAATGGAAGAGTA	1
36	35	3	CTTTAAACCCCAATGGAAGAGTAC	1
37	36	3	TTTAAACCCCAATGGAAGAGTACC	1
38	37	3	TTAAACCCCAATGGAAGAGTACCT	1
39	38	3	TAAACCCCAATGGAAGAGTACCTA	1
40	39	3	AAACCCCAATGGAAGAGTACCTAC	1
41	40	3	AACCCCAATGGAAGAGTACCTACT	1
42	41	3	ACCCCAATGGAAGAGTACCTACTT	1
43	42	3	CCCCAATGGAAGAGTACCTACTTT	1
44	43	3	CCCAATGGAAGAGTACCTACTTTA	1
45	44	4	CCAATGGAAGAGTACCTACTTTAG	1
46	45	3	CAATGGAAGAGTACCTACTTTAGT	1
47	46	3	AATGGAAGAGTACCTACTTTAGTT	1
48	47	3	ATGGAAGAGTACCTACTTTAGTTG	1
49	48	3	TGGAAGAGTACCTACTTTAGTTGA	1
50	49	3	GGAAGAGTACCTACTTTAGTTGAC	1
51	50	3	GAAGAGTACCTACTTTAGTTGACC	1
52	51	3	AAGAGTACCTACTTTAGTTGACCA	1
53	52	3	AGAGTACCTACTTTAGTTGACCAC	1
54	53	3	GAGTACCTACTTTAGTTGACCACA	1
55	54	3	AGTACCTACTTTAGTTGACCACAA	1
56	55	3	GTACCTACTTTAGTTGACCACAAA	1
57	56	2	TACCTACTTTAGTTGACCACAAAA	1
58	57	2	ACCTACTTTAGTTGACCACAAAAA	1
59	58	2	CCTACTTTAGTTGACCACAAAAAC	1
60	59	2	CTACTTTAGTTGACCACAAAAACA	1
61	60	1	TACTTTAGTTGACCACAAAAACAC	1
62	61	1	ACTTTAGTTGACCACAAAAACACT	1
63	62	1	CTTTAGTTGACCACAAAAACACTG	1
64	63	1	TTTAGTTGACCACAAAAACACTGA	1
65	64	1	TTAGTTGACCACAAAAACACTGAT	1
66	65	1	TAGTTGACCACAAAAACACTGATT	1
67	66	1	AGTTGACCACAAAAACACTGATTA	1
68	67	1	GTTGACCACAAAAACACTGATTAT	1
69	68	1	TTGACCACAAAAACACTGATTATA	1
70	69	1	TGACCACAAAAACACTGATTATAC	1
71	70	1	GACCACAAAAACACTGATTATACT	1
72	71	1	ACCACAAAAACACTGATTATACTA	1
73	72	1	CCACAAAAACACTGATTATACTAT	1
74	73	1	CACAAAAACACTGATTATACTATT	1
75	74	1	ACAAAAACACTGATTATACTATTT	1
76	75	1	CAAAAACACTGATTATACTATTTG	1
77	76	1	AAAAACACTGATTATACTATTTGG	1
78	77	1	AAAACACTGATTATACTATTTGGG	1
79	78	1	AAACACTGATTATACTATTTGGGA	1
80	79	1	AACACTGATTATACTATTTGGGAA	1
81	80	1	ACACTGATTATACTATTTGGGAAT	1
82	81	1	CACTGATTATACTATTTGGGAATC	1
83	82	1	ACTGATTATACTATTTGGGAATCA	1
84	83	1	CTGATTATACTATTTGGGAATCAG	1
85	84	1	TGATTATACTATTTGGGAATCAGA	1
86	85	2	GATTATACTATTTGGGAATCAGAC	1
87	86	2	ATTATACTATTTGGGAATCAGACG	1
88	87	2	TTATACTATTTGGGAATCAGACGC	1
89	88	1	TATACTATTTGGGAATCAGACGCC	1
90	89	1	ATACTATTTGGGAATCAGACGCCA	1
91	90	1	TACTATTTGGGAATCAGACGCCAT	1
92	91	2	ACTATTTGGGAATCAGACGCCATT	1
93	92	2	CTATTTGGGAATCAGACGCCATTT	1
94	93	2	TATTTGGGAATCAGACGCCATTTT	1
95	94	2	ATTTGGGAATCAGACGCCATTTTG	1
96	95	2	TTTGGGAATCAGACGCCATTTTGA	1
97	96	2	TTGGGAATCAGACGCCATTTTGAT	1
98	97	2	TGGGAATCAGACGCCATTTTGATT	1
99	98	2	GGGAATCAGACGCCATTTTGATTT	1
100	99	2	GGAATCAGACGCCATTTTGATTTA	1
101	100	2	GAATCAGACGCCATTTTGATTTAT	1
102	101	2	AATCAGACGCCATTTTGATTTATT	1
103	102	2	ATCAGACGCCATTTTGATTTATTT	1
104	103	2	TCAGACGCCATTTTGATTTATTTG	1
105	104	2	CAGACGCCATTTTGATTTATTTGG	1
106	105	2	AGACGCCATTTTGATTTATTTGGC	1
107	106	1	GACGCCATTTTGATTTATTTGGCT	1
108	107	1	ACGCCATTTTGATTTATTTGGCTG	1
109	108	1	CGCCATTTTGATTTATTTGGCTGA	1
110	109	1	GCCATTTTGATTTATTTGGCTGAC	1
111	110	1	CCATTTTGATTTATTTGGCTGACA	1
112	111	1	CATTTTGATTTATTTGGCTGACAA	1
113	112	1	ATTTTGATTTATTTGGCTGACAAG	1
114	113	1	TTTTGATTTATTTGGCTGACAAGT	1
115	114	1	TTTGATTTATTTGGCTGACAAGTA	1
116	115	1	TTGATTTATTTGGCTGACAAGTAT	1
117	116	1	TGATTTATTTGGCTGACAAGTATG	1
118	117	1	GATTTATTTGGCTGACAAGTATGA	1
119	118	1	ATTTATTTGGCTGACAAGTATGAT	1
120	119	1	TTTATTTGGCTGACAAGTATGATA	1
121	120	1	TTATTTGGCTGACAAGTATGATAC	1
122	121	1	TATTTGGCTGACAAGTATGATACG	1
123	122	1	ATTTGGCTGACAAGTATGATACGG	1
124	123	1	TTTGGCTGACAAGTATGATACGGA	1
125	124	1	TTGGCTGACAAGTATGATACGGAT	1
126	125	1	TGGCTGACAAGTATGATACGGATC	1
127	126	1	GGCTGACAAGTATGATACGGATCG	1
128	127	1	GCTGACAAGTATGATACGGATCGA	1
129	128	1	CTGACAAGTATGATACGGATCGAA	1
130	129	1	TGACAAGTATGATACGGATCGAAA	1
131	130	1	GACAAGTATGATACGGATCGAAAG	1
132	131	1	ACAAGTATGATACGGATCGAAAGA	1
133	132	1	CAAGTATGATACGGATCGAAAGAT	1
134	133	1	AAGTATGATACGGATCGAAAGATT	1
135	134	1	AGTATGATACGGATCGAAAGATTT	1
136	-1	0	TTTTAGCCAGAATTCCAATTTTAT	1
137	136	1	TTTAGCCAGAATTCCAATTTTATG	1
138	137	2	TTAGCCAGAATTCCAATTTTATGG	1
139	138	2	TAGCCAGAATTCCAATTTTATGGC	1
140	139	2	AGCCAGAATTCCAATTTTATGGCT	1
141	140	2	GCCAGAATTCCAATTTTATGGCTC	1
142	141	3	CCAGAATTCCAATTTTATGGCTCA	1
143	142	3	CAGAATTCCAATTTTATGGCTCAT	1
144	143	3	AGAATTCCAATTTTATGGCTCATT	1
145	144	4	GAATTCCAATTTTATGGCTCATTT	1
146	145	4	AATTCCAATTTTATGGCTCATTTT	1
147	146	4	ATTCCAATTTTATGGCTCATTTTA	1
148	147	4	TTCCAATTTTATGGCTCATTTTAC	1
149	148	4	TCCAATTTTATGGCTCATTTTACT	1
150	149	4	CCAATTTTATGGCTCATTTTACTT	1
151	150	4	CAATTTTATGGCTCATTTTACTTT	1
152	151	5	AATTTTATGGCTCATTTTACTTTA	1
153	152	5	ATTTTATGGCTCATTTTACTTTAT	1
154	153	5	TTTTATGGCTCATTTTACTTTATA	1
155	154	5	TTTATGGCTCATTTTACTTTATAC	1
156	155	5	TTATGGCTCATTTTACTTTATACT	1
157	156	5	TATGGCTCATTTTACTTTATACTC	1
158	157	5	ATGGCTCATTTTACTTTATACTCG	1
159	158	5	TGGCTCATTTTACTTTATACTCGC	1
160	159	5	GGCTCATTTTACTTTATACTCGCA	1
161	160	5	GCTCATTTTACTTTATACTCGCAT	1
162	161	5	CTCATTTTACTTTATACTCGCATG	1
163	162	5	TCATTTTACTTTATACTCGCATGC	1
164	163	5	CATTTTACTTTATACTCGCATGCT	1
165	164	5	ATTTTACTTTATACTCGCATGCTG	1
166	165	5	TTTTACTTTATACTCGCATGCTGG	1
167	166	5	TTTACTTTATACTCGCATGCTGGA	1
168	167	5	TTACTTTATACTCGCATGCTGGAG	1
169	168	5	TACTTTATACTCGCATGCTGGAGG	1
170	169	5	ACTTTATACTCGCATGCTGGAGGA	1
171	170	5	CTTTATACTCGCATGCTGGAGGAC	1
172	171	5	TTTATACTCGCATGCTGGAGGACC	1
173	172	5	TTATACTCGCATGCTGGAGGACCC	1
174	173	5	TATACTCGCATGCTGGAGGACCCA	1
175	174	5	ATACTCGCATGCTGGAGGACCCAA	1
176	175	5	TACTCGCATGCTGGAGGACCCAAT	1
177	176	5	ACTCGCATGCTGGAGGACCCAATC	1
178	177	5	CTCGCATGCTGGAGGACCCAATCC	1
179	178	5	TCGCATGCTGGAGGACCCAATCCT	1
180	179	5	CGCATGCTGGAGGACCCAATCCTT	1
181	180	4	GCATGCTGGAGGACCCAATCCTTG	1
182	181	3	CATGCTGGAGGACCCAATCCTTGG	1
183	182	3	ATGCTGGAGGACCCAATCCTTGGA	1
184	183	3	TGCTGGAGGACCCAATCCTTGGAA	1
185	184	3	GCTGGAGGACCCAATCCTTGGAAG	1
186	185	2	CTGGAGGACCCAATCCTTGGAAGG	1
187	186	2	TGGAGGACCCAATCCTTGGAAGGT	1
188	187	2	GGAGGACCCAATCCTTGGAAGGTG	1
189	188	1	GAGGACCCAATCCTTGGAAGGTGG	1
190	189	1	AGGACCCAATCCTTGGAAGGTGGT	1
191	190	1	GGACCCAATCCTTGGAAGGTGGTC	1
192	191	1	GACCCAATCCTTGGAAGGTGGTCC	1
193	192	1	ACCCAATCCTTGGAAGGTGGTCCT	1
194	193	1	CCCAATCCTTGGAAGGTGGTCCTT	1
195	194	1	CCAATCCTTGGAAGGTGGTCCTTG	1
