Component 166
1	-1	0	AGTATCTTCAGTTTTGATTTTATG	1
2	1	1	GTATCTTCAGTTTTGATTTTATGT	1
3	2	2	TATCTTCAGTTTTGATTTTATGTT	1
4	3	2	ATCTTCAGTTTTGATTTTATGTTG	1
5	4	2	TCTTCAGTTTTGATTTTATGTTGT	1
6	5	2	CTTCAGTTTTGATTTTATGTTGTT	1
7	6	2	TTCAGTTTTGATTTTATGTTGTTA	1
8	7	2	TCAGTTTTGATTTTATGTTGTTAA	1
9	8	2	CAGTTTTGATTTTATGTTGTTAAT	1
10	9	2	AGTTTTGATTTTATGTTGTTAATA	1
11	10	2	GTTTTGATTTTATGTTGTTAATAC	1
12	11	2	TTTTGATTTTATGTTGTTAATACA	1
13	12	2	TTTGATTTTATGTTGTTAATACAG	1
14	13	2	TTGATTTTATGTTGTTAATACAGA	1
15	14	2	TGATTTTATGTTGTTAATACAGAA	1
16	15	2	GATTTTATGTTGTTAATACAGAAT	1
17	16	2	ATTTTATGTTGTTAATACAGAATT	1
18	17	2	TTTTATGTTGTTAATACAGAATTC	1
19	18	2	TTTATGTTGTTAATACAGAATTCC	1
20	19	3	TTATGTTGTTAATACAGAATTCCA	1
21	20	3	TATGTTGTTAATACAGAATTCCAT	1
22	21	3	ATGTTGTTAATACAGAATTCCATA	1
23	22	3	TGTTGTTAATACAGAATTCCATAG	1
24	23	3	GTTGTTAATACAGAATTCCATAGT	1
25	24	3	TTGTTAATACAGAATTCCATAGTA	1
26	25	3	TGTTAATACAGAATTCCATAGTAA	1
27	26	4	GTTAATACAGAATTCCATAGTAAT	1
28	27	4	TTAATACAGAATTCCATAGTAATG	1
29	28	4	TAATACAGAATTCCATAGTAATGA	1
30	29	4	AATACAGAATTCCATAGTAATGAT	1
31	30	4	ATACAGAATTCCATAGTAATGATG	1
32	31	4	TACAGAATTCCATAGTAATGATGA	1
33	32	4	ACAGAATTCCATAGTAATGATGAG	1
34	33	4	CAGAATTCCATAGTAATGATGAGT	1
35	34	4	AGAATTCCATAGTAATGATGAGTA	1
36	35	4	GAATTCCATAGTAATGATGAGTAT	1
37	36	4	AATTCCATAGTAATGATGAGTATA	1
38	37	4	ATTCCATAGTAATGATGAGTATAC	1
39	38	4	TTCCATAGTAATGATGAGTATACA	1
40	39	4	TCCATAGTAATGATGAGTATACAT	1
41	40	4	CCATAGTAATGATGAGTATACATG	1
42	41	4	CATAGTAATGATGAGTATACATGT	1
43	42	4	ATAGTAATGATGAGTATACATGTT	1
44	43	4	TAGTAATGATGAGTATACATGTTT	1
45	44	4	AGTAATGATGAGTATACATGTTTA	1
46	45	3	GTAATGATGAGTATACATGTTTAT	1
47	46	2	TAATGATGAGTATACATGTTTATG	1
48	47	2	AATGATGAGTATACATGTTTATGA	1
49	48	2	ATGATGAGTATACATGTTTATGAT	1
50	49	2	TGATGAGTATACATGTTTATGATC	1
51	50	2	GATGAGTATACATGTTTATGATCT	1
52	51	2	ATGAGTATACATGTTTATGATCTT	1
53	52	2	TGAGTATACATGTTTATGATCTTA	1
54	53	2	GAGTATACATGTTTATGATCTTAT	1
55	54	2	AGTATACATGTTTATGATCTTATG	1
56	55	2	GTATACATGTTTATGATCTTATGA	1
57	56	2	TATACATGTTTATGATCTTATGAA	1
58	57	2	ATACATGTTTATGATCTTATGAAT	1
59	58	2	TACATGTTTATGATCTTATGAATA	1
60	59	2	ACATGTTTATGATCTTATGAATAT	1
61	60	2	CATGTTTATGATCTTATGAATATT	1
62	61	2	ATGTTTATGATCTTATGAATATTA	1
63	62	2	TGTTTATGATCTTATGAATATTAT	1
64	63	1	GTTTATGATCTTATGAATATTATT	1
65	64	1	TTTATGATCTTATGAATATTATTT	1
66	65	1	TTATGATCTTATGAATATTATTTC	1
67	66	1	TATGATCTTATGAATATTATTTCA	1
68	67	1	ATGATCTTATGAATATTATTTCAT	1
69	68	1	TGATCTTATGAATATTATTTCATT	1
70	69	1	GATCTTATGAATATTATTTCATTC	1
71	-1	0	TTTCGCACCGTAGTACTTTTTGTA	1
72	71	2	TTCGCACCGTAGTACTTTTTGTAA	1
73	72	7	TCGCACCGTAGTACTTTTTGTAAG	1
74	73	8	CGCACCGTAGTACTTTTTGTAAGC	1
75	74	11	GCACCGTAGTACTTTTTGTAAGCC	1
76	75	12	CACCGTAGTACTTTTTGTAAGCCG	1
77	76	12	ACCGTAGTACTTTTTGTAAGCCGT	1
78	77	12	CCGTAGTACTTTTTGTAAGCCGTT	1
79	78	13	CGTAGTACTTTTTGTAAGCCGTTT	1
80	79	13	GTAGTACTTTTTGTAAGCCGTTTT	1
81	80	13	TAGTACTTTTTGTAAGCCGTTTTA	1
82	81	13	AGTACTTTTTGTAAGCCGTTTTAT	1
83	82	13	GTACTTTTTGTAAGCCGTTTTATT	1
84	83	13	TACTTTTTGTAAGCCGTTTTATTA	1
85	84	13	ACTTTTTGTAAGCCGTTTTATTAA	1
86	85	14	CTTTTTGTAAGCCGTTTTATTAAA	1
87	86	16	TTTTTGTAAGCCGTTTTATTAAAT	1
88	87	18	TTTTGTAAGCCGTTTTATTAAATC	1
89	88	19	TTTGTAAGCCGTTTTATTAAATCA	1
90	89	19	TTGTAAGCCGTTTTATTAAATCAG	1
91	90	19	TGTAAGCCGTTTTATTAAATCAGA	1
92	91	19	GTAAGCCGTTTTATTAAATCAGAA	1
93	92	19	TAAGCCGTTTTATTAAATCAGAAA	1
94	93	20	AAGCCGTTTTATTAAATCAGAAAG	1
95	94	20	AGCCGTTTTATTAAATCAGAAAGA	1
96	95	21	GCCGTTTTATTAAATCAGAAAGAA	1
97	96	21	CCGTTTTATTAAATCAGAAAGAAC	1
98	97	21	CGTTTTATTAAATCAGAAAGAACT	1
99	98	21	GTTTTATTAAATCAGAAAGAACTC	1
100	99	22	TTTTATTAAATCAGAAAGAACTCC	1
101	100	22	TTTATTAAATCAGAAAGAACTCCA	1
102	101	22	TTATTAAATCAGAAAGAACTCCAA	1
103	102	22	TATTAAATCAGAAAGAACTCCAAT	1
104	103	22	ATTAAATCAGAAAGAACTCCAATT	1
105	104	22	TTAAATCAGAAAGAACTCCAATTT	1
106	105	22	TAAATCAGAAAGAACTCCAATTTT	1
107	106	22	AAATCAGAAAGAACTCCAATTTTA	1
108	107	22	AATCAGAAAGAACTCCAATTTTAT	1
109	108	22	ATCAGAAAGAACTCCAATTTTATT	1
110	109	22	TCAGAAAGAACTCCAATTTTATTT	1
111	110	22	CAGAAAGAACTCCAATTTTATTTA	1
112	111	22	AGAAAGAACTCCAATTTTATTTAT	1
113	112	22	GAAAGAACTCCAATTTTATTTATA	1
114	113	23	AAAGAACTCCAATTTTATTTATAA	1
115	114	23	AAGAACTCCAATTTTATTTATAAA	1
116	115	21	AGAACTCCAATTTTATTTATAAAC	1
117	116	16	GAACTCCAATTTTATTTATAAACA	1
118	117	15	AACTCCAATTTTATTTATAAACAA	1
119	118	12	ACTCCAATTTTATTTATAAACAAT	1
120	119	10	CTCCAATTTTATTTATAAACAATG	1
121	120	11	TCCAATTTTATTTATAAACAATGC	1
122	121	12	CCAATTTTATTTATAAACAATGCC	1
123	122	11	CAATTTTATTTATAAACAATGCCT	1
124	123	11	AATTTTATTTATAAACAATGCCTG	1
125	124	11	ATTTTATTTATAAACAATGCCTGA	1
126	125	12	TTTTATTTATAAACAATGCCTGAT	1
127	126	12	TTTATTTATAAACAATGCCTGATC	1
128	127	12	TTATTTATAAACAATGCCTGATCC	1
129	128	12	TATTTATAAACAATGCCTGATCCT	1
130	129	11	ATTTATAAACAATGCCTGATCCTA	1
131	130	9	TTTATAAACAATGCCTGATCCTAA	1
132	131	7	TTATAAACAATGCCTGATCCTAAT	1
133	132	6	TATAAACAATGCCTGATCCTAATC	1
134	133	6	ATAAACAATGCCTGATCCTAATCG	1
135	134	6	TAAACAATGCCTGATCCTAATCGT	1
136	135	6	AAACAATGCCTGATCCTAATCGTG	1
137	136	6	AACAATGCCTGATCCTAATCGTGT	1
138	137	6	ACAATGCCTGATCCTAATCGTGTT	1
139	138	6	CAATGCCTGATCCTAATCGTGTTC	1
140	139	5	AATGCCTGATCCTAATCGTGTTCT	1
141	140	4	ATGCCTGATCCTAATCGTGTTCTC	1
142	141	4	TGCCTGATCCTAATCGTGTTCTCG	1
143	142	4	GCCTGATCCTAATCGTGTTCTCGC	1
144	143	4	CCTGATCCTAATCGTGTTCTCGCT	1
145	144	4	CTGATCCTAATCGTGTTCTCGCTG	1
146	145	4	TGATCCTAATCGTGTTCTCGCTGG	1
147	146	4	GATCCTAATCGTGTTCTCGCTGGC	1
148	147	4	ATCCTAATCGTGTTCTCGCTGGCA	1
149	148	4	TCCTAATCGTGTTCTCGCTGGCAA	1
150	149	4	CCTAATCGTGTTCTCGCTGGCAAG	1
151	150	4	CTAATCGTGTTCTCGCTGGCAAGA	1
152	151	4	TAATCGTGTTCTCGCTGGCAAGAA	1
153	152	4	AATCGTGTTCTCGCTGGCAAGAAA	1
154	153	4	ATCGTGTTCTCGCTGGCAAGAAAG	1
155	154	4	TCGTGTTCTCGCTGGCAAGAAAGC	1
156	155	4	CGTGTTCTCGCTGGCAAGAAAGCC	1
157	156	3	GTGTTCTCGCTGGCAAGAAAGCCA	1
158	157	3	TGTTCTCGCTGGCAAGAAAGCCAC	1
159	158	3	GTTCTCGCTGGCAAGAAAGCCACC	1
160	159	3	TTCTCGCTGGCAAGAAAGCCACCC	1
161	160	3	TCTCGCTGGCAAGAAAGCCACCCT	1
162	161	3	CTCGCTGGCAAGAAAGCCACCCTA	1
163	162	3	TCGCTGGCAAGAAAGCCACCCTAC	1
164	163	3	CGCTGGCAAGAAAGCCACCCTACA	1
165	164	2	GCTGGCAAGAAAGCCACCCTACAC	1
166	165	2	CTGGCAAGAAAGCCACCCTACACA	1
167	166	2	TGGCAAGAAAGCCACCCTACACAA	1
168	167	2	GGCAAGAAAGCCACCCTACACAAT	1
169	168	2	GCAAGAAAGCCACCCTACACAATC	1
170	169	1	CAAGAAAGCCACCCTACACAATCC	1
171	170	1	AAGAAAGCCACCCTACACAATCCC	1
172	171	1	AGAAAGCCACCCTACACAATCCCA	1
173	172	1	GAAAGCCACCCTACACAATCCCAA	1
174	173	2	AAAGCCACCCTACACAATCCCAAT	1
175	174	2	AAGCCACCCTACACAATCCCAATG	1
176	175	2	AGCCACCCTACACAATCCCAATGT	1
177	176	2	GCCACCCTACACAATCCCAATGTA	1
178	177	2	CCACCCTACACAATCCCAATGTAT	1
179	178	2	CACCCTACACAATCCCAATGTATC	1
180	179	2	ACCCTACACAATCCCAATGTATCA	1
181	180	2	CCCTACACAATCCCAATGTATCAC	1
182	181	2	CCTACACAATCCCAATGTATCACA	1
183	182	2	CTACACAATCCCAATGTATCACAA	1
184	183	3	TACACAATCCCAATGTATCACAAC	1
185	184	3	ACACAATCCCAATGTATCACAACA	1
186	185	4	CACAATCCCAATGTATCACAACAA	1
187	186	4	ACAATCCCAATGTATCACAACAAG	1
188	187	3	CAATCCCAATGTATCACAACAAGC	1
189	188	3	AATCCCAATGTATCACAACAAGCC	1
190	189	3	ATCCCAATGTATCACAACAAGCCA	1
191	190	3	TCCCAATGTATCACAACAAGCCAA	1
192	191	3	CCCAATGTATCACAACAAGCCAAA	1
193	192	3	CCAATGTATCACAACAAGCCAAAG	1
194	193	3	CAATGTATCACAACAAGCCAAAGA	1
195	194	3	AATGTATCACAACAAGCCAAAGAA	1
196	195	3	ATGTATCACAACAAGCCAAAGAAA	1
197	196	3	TGTATCACAACAAGCCAAAGAAAG	1
198	197	3	GTATCACAACAAGCCAAAGAAAGA	1
199	198	3	TATCACAACAAGCCAAAGAAAGAG	1
200	199	3	ATCACAACAAGCCAAAGAAAGAGC	1
201	200	3	TCACAACAAGCCAAAGAAAGAGCC	1
202	201	4	CACAACAAGCCAAAGAAAGAGCCG	1
203	202	4	ACAACAAGCCAAAGAAAGAGCCGA	1
204	203	4	CAACAAGCCAAAGAAAGAGCCGAA	1
205	204	4	AACAAGCCAAAGAAAGAGCCGAAG	1
206	205	4	ACAAGCCAAAGAAAGAGCCGAAGA	1
207	206	4	CAAGCCAAAGAAAGAGCCGAAGAC	1
208	207	4	AAGCCAAAGAAAGAGCCGAAGACT	1
209	208	4	AGCCAAAGAAAGAGCCGAAGACTA	1
210	209	4	GCCAAAGAAAGAGCCGAAGACTAT	1
211	210	4	CCAAAGAAAGAGCCGAAGACTATA	1
212	211	4	CAAAGAAAGAGCCGAAGACTATAT	1
213	212	4	AAAGAAAGAGCCGAAGACTATATA	1
214	213	4	AAGAAAGAGCCGAAGACTATATAG	1
215	214	4	AGAAAGAGCCGAAGACTATATAGA	1
216	215	4	GAAAGAGCCGAAGACTATATAGAA	1
217	216	4	AAAGAGCCGAAGACTATATAGAAA	1
218	217	3	AAGAGCCGAAGACTATATAGAAAG	1
219	218	3	AGAGCCGAAGACTATATAGAAAGT	1
220	219	3	GAGCCGAAGACTATATAGAAAGTC	1
221	220	3	AGCCGAAGACTATATAGAAAGTCA	1
222	221	3	GCCGAAGACTATATAGAAAGTCAT	1
223	222	3	CCGAAGACTATATAGAAAGTCATT	1
224	223	4	CGAAGACTATATAGAAAGTCATTC	1
225	224	4	GAAGACTATATAGAAAGTCATTCT	1
226	225	4	AAGACTATATAGAAAGTCATTCTT	1
227	226	4	AGACTATATAGAAAGTCATTCTTC	1
228	227	3	GACTATATAGAAAGTCATTCTTCC	1
229	228	3	ACTATATAGAAAGTCATTCTTCCG	1
230	229	2	CTATATAGAAAGTCATTCTTCCGG	1
231	230	2	TATATAGAAAGTCATTCTTCCGGC	1
232	231	2	ATATAGAAAGTCATTCTTCCGGCC	1
233	232	2	TATAGAAAGTCATTCTTCCGGCCA	1
234	233	2	ATAGAAAGTCATTCTTCCGGCCAA	1
235	234	2	TAGAAAGTCATTCTTCCGGCCAAG	1
236	235	2	AGAAAGTCATTCTTCCGGCCAAGA	1
237	236	2	GAAAGTCATTCTTCCGGCCAAGAG	1
238	237	2	AAAGTCATTCTTCCGGCCAAGAGA	1
239	238	2	AAGTCATTCTTCCGGCCAAGAGAC	1
240	239	2	AGTCATTCTTCCGGCCAAGAGACT	1
241	240	2	GTCATTCTTCCGGCCAAGAGACTG	1
242	241	3	TCATTCTTCCGGCCAAGAGACTGG	1
243	242	3	CATTCTTCCGGCCAAGAGACTGGT	1
244	243	4	ATTCTTCCGGCCAAGAGACTGGTG	1
245	244	4	TTCTTCCGGCCAAGAGACTGGTGA	1
246	245	3	TCTTCCGGCCAAGAGACTGGTGAT	1
247	246	3	CTTCCGGCCAAGAGACTGGTGATT	1
248	247	3	TTCCGGCCAAGAGACTGGTGATTA	1
249	248	3	TCCGGCCAAGAGACTGGTGATTAT	1
250	249	3	CCGGCCAAGAGACTGGTGATTATT	1
251	250	3	CGGCCAAGAGACTGGTGATTATTC	1
252	251	3	GGCCAAGAGACTGGTGATTATTCC	1
253	252	3	GCCAAGAGACTGGTGATTATTCCG	1
254	253	3	CCAAGAGACTGGTGATTATTCCGC	1
255	254	4	CAAGAGACTGGTGATTATTCCGCT	1
256	255	4	AAGAGACTGGTGATTATTCCGCTC	1
257	256	4	AGAGACTGGTGATTATTCCGCTCA	1
258	257	4	GAGACTGGTGATTATTCCGCTCAA	1
259	258	4	AGACTGGTGATTATTCCGCTCAAG	1
260	259	4	GACTGGTGATTATTCCGCTCAAGC	1
261	260	4	ACTGGTGATTATTCCGCTCAAGCT	1
262	261	4	CTGGTGATTATTCCGCTCAAGCTG	1
263	262	4	TGGTGATTATTCCGCTCAAGCTGG	1
264	263	4	GGTGATTATTCCGCTCAAGCTGGA	1
265	264	5	GTGATTATTCCGCTCAAGCTGGAG	1
266	265	5	TGATTATTCCGCTCAAGCTGGAGG	1
267	266	5	GATTATTCCGCTCAAGCTGGAGGC	1
268	267	4	ATTATTCCGCTCAAGCTGGAGGCC	1
269	268	4	TTATTCCGCTCAAGCTGGAGGCCG	1
270	269	5	TATTCCGCTCAAGCTGGAGGCCGT	1
271	270	5	ATTCCGCTCAAGCTGGAGGCCGTG	1
272	271	5	TTCCGCTCAAGCTGGAGGCCGTGA	1
273	272	5	TCCGCTCAAGCTGGAGGCCGTGAT	1
274	273	5	CCGCTCAAGCTGGAGGCCGTGATC	1
275	274	5	CGCTCAAGCTGGAGGCCGTGATCT	1
276	275	8	GCTCAAGCTGGAGGCCGTGATCTT	1
277	276	8	CTCAAGCTGGAGGCCGTGATCTTG	1
278	277	8	TCAAGCTGGAGGCCGTGATCTTGA	1
279	278	8	CAAGCTGGAGGCCGTGATCTTGAT	1
280	279	9	AAGCTGGAGGCCGTGATCTTGATT	1
281	280	9	AGCTGGAGGCCGTGATCTTGATTA	1
282	281	9	GCTGGAGGCCGTGATCTTGATTAT	1
283	282	10	CTGGAGGCCGTGATCTTGATTATG	1
284	283	16	TGGAGGCCGTGATCTTGATTATGA	1
285	284	17	GGAGGCCGTGATCTTGATTATGAG	1
286	285	17	GAGGCCGTGATCTTGATTATGAGG	1
287	286	18	AGGCCGTGATCTTGATTATGAGGA	1
288	287	18	GGCCGTGATCTTGATTATGAGGAT	1
289	288	18	GCCGTGATCTTGATTATGAGGATC	1
290	289	20	CCGTGATCTTGATTATGAGGATCT	1
291	290	21	CGTGATCTTGATTATGAGGATCTC	1
292	291	21	GTGATCTTGATTATGAGGATCTCG	1
293	292	21	TGATCTTGATTATGAGGATCTCGG	1
294	293	21	GATCTTGATTATGAGGATCTCGGT	1
295	294	21	ATCTTGATTATGAGGATCTCGGTG	1
296	295	21	TCTTGATTATGAGGATCTCGGTGA	1
297	296	21	CTTGATTATGAGGATCTCGGTGAT	1
298	297	21	TTGATTATGAGGATCTCGGTGATT	1
299	298	22	TGATTATGAGGATCTCGGTGATTA	1
300	299	23	GATTATGAGGATCTCGGTGATTAT	1
301	300	25	ATTATGAGGATCTCGGTGATTATG	1
302	301	25	TTATGAGGATCTCGGTGATTATGA	1
303	302	25	TATGAGGATCTCGGTGATTATGAT	1
304	303	26	ATGAGGATCTCGGTGATTATGATG	1
305	304	26	TGAGGATCTCGGTGATTATGATGA	1
306	305	28	GAGGATCTCGGTGATTATGATGAG	1
307	306	27	AGGATCTCGGTGATTATGATGAGG	1
308	307	27	GGATCTCGGTGATTATGATGAGGA	1
309	308	26	GATCTCGGTGATTATGATGAGGAT	1
310	309	25	ATCTCGGTGATTATGATGAGGATG	1
311	310	25	TCTCGGTGATTATGATGAGGATGC	1
312	311	25	CTCGGTGATTATGATGAGGATGCA	1
313	312	26	TCGGTGATTATGATGAGGATGCAG	1
314	313	25	CGGTGATTATGATGAGGATGCAGA	1
315	314	25	GGTGATTATGATGAGGATGCAGAC	1
316	315	25	GTGATTATGATGAGGATGCAGACT	1
317	316	25	TGATTATGATGAGGATGCAGACTT	1
318	317	25	GATTATGATGAGGATGCAGACTTT	1
319	318	25	ATTATGATGAGGATGCAGACTTTG	1
320	319	22	TTATGATGAGGATGCAGACTTTGA	1
321	320	22	TATGATGAGGATGCAGACTTTGAC	1
322	321	22	ATGATGAGGATGCAGACTTTGACA	1
323	322	22	TGATGAGGATGCAGACTTTGACAA	1
324	323	22	GATGAGGATGCAGACTTTGACAAC	1
325	324	22	ATGAGGATGCAGACTTTGACAACG	1
326	325	22	TGAGGATGCAGACTTTGACAACGA	1
327	326	21	GAGGATGCAGACTTTGACAACGAG	1
328	327	14	AGGATGCAGACTTTGACAACGAGG	1
329	328	13	GGATGCAGACTTTGACAACGAGGA	1
330	329	13	GATGCAGACTTTGACAACGAGGAG	1
331	330	12	ATGCAGACTTTGACAACGAGGAGG	1
332	331	12	TGCAGACTTTGACAACGAGGAGGG	1
333	332	11	GCAGACTTTGACAACGAGGAGGGT	1
334	333	11	CAGACTTTGACAACGAGGAGGGTC	1
335	334	11	AGACTTTGACAACGAGGAGGGTCT	1
336	335	11	GACTTTGACAACGAGGAGGGTCTA	1
337	336	12	ACTTTGACAACGAGGAGGGTCTAA	1
338	337	12	CTTTGACAACGAGGAGGGTCTAAA	1
339	338	13	TTTGACAACGAGGAGGGTCTAAAT	1
340	339	13	TTGACAACGAGGAGGGTCTAAATG	1
341	340	13	TGACAACGAGGAGGGTCTAAATGT	1
342	341	13	GACAACGAGGAGGGTCTAAATGTG	1
343	342	12	ACAACGAGGAGGGTCTAAATGTGT	1
344	343	11	CAACGAGGAGGGTCTAAATGTGTT	1
345	344	8	AACGAGGAGGGTCTAAATGTGTTG	1
346	345	8	ACGAGGAGGGTCTAAATGTGTTGG	1
347	346	8	CGAGGAGGGTCTAAATGTGTTGGG	1
348	347	8	GAGGAGGGTCTAAATGTGTTGGGA	1
349	348	8	AGGAGGGTCTAAATGTGTTGGGAG	1
350	349	7	GGAGGGTCTAAATGTGTTGGGAGA	1
351	350	7	GAGGGTCTAAATGTGTTGGGAGAT	1
352	351	7	AGGGTCTAAATGTGTTGGGAGATG	1
353	352	7	GGGTCTAAATGTGTTGGGAGATGA	1
354	353	7	GGTCTAAATGTGTTGGGAGATGAG	1
355	354	7	GTCTAAATGTGTTGGGAGATGAGT	1
356	355	7	TCTAAATGTGTTGGGAGATGAGTC	1
357	356	6	CTAAATGTGTTGGGAGATGAGTCG	1
358	357	6	TAAATGTGTTGGGAGATGAGTCGG	1
359	358	6	AAATGTGTTGGGAGATGAGTCGGG	1
360	359	6	AATGTGTTGGGAGATGAGTCGGGT	1
361	360	6	ATGTGTTGGGAGATGAGTCGGGTT	1
362	361	6	TGTGTTGGGAGATGAGTCGGGTTT	1
363	362	6	GTGTTGGGAGATGAGTCGGGTTTT	1
364	363	6	TGTTGGGAGATGAGTCGGGTTTTG	1
365	364	6	GTTGGGAGATGAGTCGGGTTTTGT	1
366	365	6	TTGGGAGATGAGTCGGGTTTTGTT	1
367	366	6	TGGGAGATGAGTCGGGTTTTGTTG	1
368	367	5	GGGAGATGAGTCGGGTTTTGTTGA	1
369	368	5	GGAGATGAGTCGGGTTTTGTTGAT	1
370	369	5	GAGATGAGTCGGGTTTTGTTGATG	1
371	370	9	AGATGAGTCGGGTTTTGTTGATGA	1
372	371	9	GATGAGTCGGGTTTTGTTGATGAT	1
373	372	8	ATGAGTCGGGTTTTGTTGATGATC	1
374	373	8	TGAGTCGGGTTTTGTTGATGATCC	1
375	374	8	GAGTCGGGTTTTGTTGATGATCCT	1
376	375	8	AGTCGGGTTTTGTTGATGATCCTA	1
377	376	8	GTCGGGTTTTGTTGATGATCCTAT	1
378	377	9	TCGGGTTTTGTTGATGATCCTATG	1
379	378	9	CGGGTTTTGTTGATGATCCTATGA	1
380	379	11	GGGTTTTGTTGATGATCCTATGAA	1
381	380	10	GGTTTTGTTGATGATCCTATGAAA	1
382	381	10	GTTTTGTTGATGATCCTATGAAAA	1
383	382	9	TTTTGTTGATGATCCTATGAAAAC	1
384	383	9	TTTGTTGATGATCCTATGAAAACA	1
385	384	9	TTGTTGATGATCCTATGAAAACAG	1
386	385	9	TGTTGATGATCCTATGAAAACAGG	1
387	386	9	GTTGATGATCCTATGAAAACAGGT	1
388	387	9	TTGATGATCCTATGAAAACAGGTG	1
389	388	9	TGATGATCCTATGAAAACAGGTGA	1
390	389	9	GATGATCCTATGAAAACAGGTGAT	1
391	390	9	ATGATCCTATGAAAACAGGTGATT	1
392	391	8	TGATCCTATGAAAACAGGTGATTT	1
393	392	8	GATCCTATGAAAACAGGTGATTTG	1
394	393	8	ATCCTATGAAAACAGGTGATTTGG	1
395	394	9	TCCTATGAAAACAGGTGATTTGGT	1
396	395	9	CCTATGAAAACAGGTGATTTGGTC	1
397	396	9	CTATGAAAACAGGTGATTTGGTCG	1
398	397	9	TATGAAAACAGGTGATTTGGTCGA	1
399	398	9	ATGAAAACAGGTGATTTGGTCGAA	1
400	399	9	TGAAAACAGGTGATTTGGTCGAAG	1
401	400	9	GAAAACAGGTGATTTGGTCGAAGA	1
402	401	9	AAAACAGGTGATTTGGTCGAAGAA	1
403	402	9	AAACAGGTGATTTGGTCGAAGAAG	1
404	403	9	AACAGGTGATTTGGTCGAAGAAGA	1
405	404	9	ACAGGTGATTTGGTCGAAGAAGAT	1
406	405	9	CAGGTGATTTGGTCGAAGAAGATC	1
407	406	9	AGGTGATTTGGTCGAAGAAGATCA	1
408	407	9	GGTGATTTGGTCGAAGAAGATCAA	1
409	408	9	GTGATTTGGTCGAAGAAGATCAAC	1
410	409	9	TGATTTGGTCGAAGAAGATCAACT	1
411	410	9	GATTTGGTCGAAGAAGATCAACTT	1
412	411	8	ATTTGGTCGAAGAAGATCAACTTG	1
413	412	8	TTTGGTCGAAGAAGATCAACTTGA	1
414	413	8	TTGGTCGAAGAAGATCAACTTGAG	1
415	414	5	TGGTCGAAGAAGATCAACTTGAGG	1
416	415	5	GGTCGAAGAAGATCAACTTGAGGG	1
417	416	5	GTCGAAGAAGATCAACTTGAGGGC	1
418	417	5	TCGAAGAAGATCAACTTGAGGGCA	1
419	418	5	CGAAGAAGATCAACTTGAGGGCAA	1
420	419	5	GAAGAAGATCAACTTGAGGGCAAG	1
421	420	5	AAGAAGATCAACTTGAGGGCAAGA	1
422	421	4	AGAAGATCAACTTGAGGGCAAGAA	1
423	422	3	GAAGATCAACTTGAGGGCAAGAAC	1
424	423	2	AAGATCAACTTGAGGGCAAGAACA	1
425	424	2	AGATCAACTTGAGGGCAAGAACAT	1
426	425	3	GATCAACTTGAGGGCAAGAACATT	1
427	426	3	ATCAACTTGAGGGCAAGAACATTG	1
428	427	3	TCAACTTGAGGGCAAGAACATTGA	1
429	428	3	CAACTTGAGGGCAAGAACATTGAA	1
430	429	3	AACTTGAGGGCAAGAACATTGAAA	1
431	430	3	ACTTGAGGGCAAGAACATTGAAAA	1
432	431	3	CTTGAGGGCAAGAACATTGAAAAT	1
433	432	3	TTGAGGGCAAGAACATTGAAAATG	1
434	433	3	TGAGGGCAAGAACATTGAAAATGT	1
435	434	3	GAGGGCAAGAACATTGAAAATGTC	1
436	435	3	AGGGCAAGAACATTGAAAATGTCC	1
437	436	3	GGGCAAGAACATTGAAAATGTCCG	1
438	437	3	GGCAAGAACATTGAAAATGTCCGA	1
439	438	2	GCAAGAACATTGAAAATGTCCGAG	1
440	439	2	CAAGAACATTGAAAATGTCCGAGG	1
441	440	2	AAGAACATTGAAAATGTCCGAGGA	1
442	441	2	AGAACATTGAAAATGTCCGAGGAG	1
443	442	3	GAACATTGAAAATGTCCGAGGAGG	1
444	443	3	AACATTGAAAATGTCCGAGGAGGT	1
445	444	3	ACATTGAAAATGTCCGAGGAGGTT	1
446	445	3	CATTGAAAATGTCCGAGGAGGTTA	1
447	446	3	ATTGAAAATGTCCGAGGAGGTTAT	1
448	447	3	TTGAAAATGTCCGAGGAGGTTATA	1
449	448	3	TGAAAATGTCCGAGGAGGTTATAA	1
450	449	3	GAAAATGTCCGAGGAGGTTATAAA	1
451	450	3	AAAATGTCCGAGGAGGTTATAAAG	1
452	451	3	AAATGTCCGAGGAGGTTATAAAGC	1
453	452	3	AATGTCCGAGGAGGTTATAAAGCT	1
454	453	3	ATGTCCGAGGAGGTTATAAAGCTA	1
455	454	3	TGTCCGAGGAGGTTATAAAGCTAC	1
456	455	3	GTCCGAGGAGGTTATAAAGCTACT	1
457	456	3	TCCGAGGAGGTTATAAAGCTACTA	1
458	457	3	CCGAGGAGGTTATAAAGCTACTAT	1
459	458	3	CGAGGAGGTTATAAAGCTACTATG	1
460	459	4	GAGGAGGTTATAAAGCTACTATGC	1
461	460	4	AGGAGGTTATAAAGCTACTATGCA	1
462	461	4	GGAGGTTATAAAGCTACTATGCAT	1
463	462	4	GAGGTTATAAAGCTACTATGCATA	1
464	463	4	AGGTTATAAAGCTACTATGCATAA	1
465	464	5	GGTTATAAAGCTACTATGCATAAT	1
466	465	5	GTTATAAAGCTACTATGCATAATC	1
467	466	5	TTATAAAGCTACTATGCATAATCC	1
468	467	4	TATAAAGCTACTATGCATAATCCT	1
469	468	4	ATAAAGCTACTATGCATAATCCTA	1
470	469	3	TAAAGCTACTATGCATAATCCTAA	1
471	470	3	AAAGCTACTATGCATAATCCTAAT	1
472	471	3	AAGCTACTATGCATAATCCTAATG	1
473	472	3	AGCTACTATGCATAATCCTAATGT	1
474	473	3	GCTACTATGCATAATCCTAATGTA	1
475	474	3	CTACTATGCATAATCCTAATGTAT	1
476	475	3	TACTATGCATAATCCTAATGTATC	1
477	476	3	ACTATGCATAATCCTAATGTATCC	1
478	477	3	CTATGCATAATCCTAATGTATCCA	1
479	478	3	TATGCATAATCCTAATGTATCCAA	1
480	479	3	ATGCATAATCCTAATGTATCCAAG	1
481	480	3	TGCATAATCCTAATGTATCCAAGC	1
482	481	3	GCATAATCCTAATGTATCCAAGCA	1
483	482	3	CATAATCCTAATGTATCCAAGCAA	1
484	483	3	ATAATCCTAATGTATCCAAGCAAG	1
485	484	3	TAATCCTAATGTATCCAAGCAAGC	1
486	485	3	AATCCTAATGTATCCAAGCAAGCC	1
487	486	2	ATCCTAATGTATCCAAGCAAGCCA	1
488	487	2	TCCTAATGTATCCAAGCAAGCCAA	1
489	488	2	CCTAATGTATCCAAGCAAGCCAAA	1
490	489	3	CTAATGTATCCAAGCAAGCCAAAA	1
491	490	3	TAATGTATCCAAGCAAGCCAAAAC	1
492	491	3	AATGTATCCAAGCAAGCCAAAACC	1
493	492	3	ATGTATCCAAGCAAGCCAAAACCC	1
494	493	3	TGTATCCAAGCAAGCCAAAACCCG	1
495	494	3	GTATCCAAGCAAGCCAAAACCCGC	1
496	495	3	TATCCAAGCAAGCCAAAACCCGCG	1
497	496	3	ATCCAAGCAAGCCAAAACCCGCGC	1
498	497	4	TCCAAGCAAGCCAAAACCCGCGCC	1
499	498	4	CCAAGCAAGCCAAAACCCGCGCCC	1
500	499	4	CAAGCAAGCCAAAACCCGCGCCCA	1
501	500	4	AAGCAAGCCAAAACCCGCGCCCAA	1
502	501	4	AGCAAGCCAAAACCCGCGCCCAAA	1
503	502	4	GCAAGCCAAAACCCGCGCCCAAAG	1
504	503	3	CAAGCCAAAACCCGCGCCCAAAGA	1
505	504	4	AAGCCAAAACCCGCGCCCAAAGAG	1
506	505	4	AGCCAAAACCCGCGCCCAAAGAGC	1
507	506	4	GCCAAAACCCGCGCCCAAAGAGCC	1
508	507	7	CCAAAACCCGCGCCCAAAGAGCCC	1
509	508	6	CAAAACCCGCGCCCAAAGAGCCCT	1
510	509	6	AAAACCCGCGCCCAAAGAGCCCTT	1
511	510	6	AAACCCGCGCCCAAAGAGCCCTTG	1
512	511	6	AACCCGCGCCCAAAGAGCCCTTGA	1
513	512	6	ACCCGCGCCCAAAGAGCCCTTGAA	1
514	513	7	CCCGCGCCCAAAGAGCCCTTGAAG	1
515	514	7	CCGCGCCCAAAGAGCCCTTGAAGA	1
516	515	7	CGCGCCCAAAGAGCCCTTGAAGAA	1
517	516	7	GCGCCCAAAGAGCCCTTGAAGAAA	1
518	517	7	CGCCCAAAGAGCCCTTGAAGAAAT	1
519	518	7	GCCCAAAGAGCCCTTGAAGAAATT	1
520	519	7	CCCAAAGAGCCCTTGAAGAAATTG	1
521	520	7	CCAAAGAGCCCTTGAAGAAATTGA	1
522	521	7	CAAAGAGCCCTTGAAGAAATTGAT	1
523	522	7	AAAGAGCCCTTGAAGAAATTGATG	1
524	523	7	AAGAGCCCTTGAAGAAATTGATGA	1
525	524	7	AGAGCCCTTGAAGAAATTGATGAT	1
526	525	7	GAGCCCTTGAAGAAATTGATGATG	1
527	526	7	AGCCCTTGAAGAAATTGATGATGA	1
528	527	7	GCCCTTGAAGAAATTGATGATGAA	1
529	528	6	CCCTTGAAGAAATTGATGATGAAA	1
530	529	6	CCTTGAAGAAATTGATGATGAAAC	1
531	530	6	CTTGAAGAAATTGATGATGAAACC	1
532	531	6	TTGAAGAAATTGATGATGAAACCC	1
533	532	5	TGAAGAAATTGATGATGAAACCCA	1
534	533	5	GAAGAAATTGATGATGAAACCCAA	1
535	534	5	AAGAAATTGATGATGAAACCCAAG	1
536	535	5	AGAAATTGATGATGAAACCCAAGC	1
537	536	5	GAAATTGATGATGAAACCCAAGCT	1
538	537	5	AAATTGATGATGAAACCCAAGCTT	1
539	538	5	AATTGATGATGAAACCCAAGCTTA	1
540	539	5	ATTGATGATGAAACCCAAGCTTAA	1
541	540	5	TTGATGATGAAACCCAAGCTTAAT	1
542	541	4	TGATGATGAAACCCAAGCTTAATT	1
543	542	4	GATGATGAAACCCAAGCTTAATTG	1
544	543	4	ATGATGAAACCCAAGCTTAATTGC	1
545	544	4	TGATGAAACCCAAGCTTAATTGCT	1
546	545	4	GATGAAACCCAAGCTTAATTGCTG	1
547	546	4	ATGAAACCCAAGCTTAATTGCTGC	1
548	547	4	TGAAACCCAAGCTTAATTGCTGCC	1
549	548	3	GAAACCCAAGCTTAATTGCTGCCC	1
550	549	3	AAACCCAAGCTTAATTGCTGCCCA	1
551	550	3	AACCCAAGCTTAATTGCTGCCCAG	1
552	551	1	ACCCAAGCTTAATTGCTGCCCAGT	1
553	552	1	CCCAAGCTTAATTGCTGCCCAGTT	1
554	553	1	CCAAGCTTAATTGCTGCCCAGTTG	1
555	554	1	CAAGCTTAATTGCTGCCCAGTTGA	1
556	555	1	AAGCTTAATTGCTGCCCAGTTGAT	1
557	556	1	AGCTTAATTGCTGCCCAGTTGATT	1
