Component 169
1	-1	0	AGAAGATTTAGACAACATTGTTAT	1
2	1	1	GAAGATTTAGACAACATTGTTATG	1
3	2	1	AAGATTTAGACAACATTGTTATGC	1
4	3	1	AGATTTAGACAACATTGTTATGCT	1
5	4	1	GATTTAGACAACATTGTTATGCTT	1
6	5	1	ATTTAGACAACATTGTTATGCTTG	1
7	6	1	TTTAGACAACATTGTTATGCTTGC	1
8	7	1	TTAGACAACATTGTTATGCTTGCA	1
9	8	1	TAGACAACATTGTTATGCTTGCAG	1
10	9	1	AGACAACATTGTTATGCTTGCAGA	1
11	10	1	GACAACATTGTTATGCTTGCAGAT	1
12	11	1	ACAACATTGTTATGCTTGCAGATC	1
13	12	1	CAACATTGTTATGCTTGCAGATCA	1
14	13	1	AACATTGTTATGCTTGCAGATCAA	1
15	14	1	ACATTGTTATGCTTGCAGATCAAG	1
16	15	1	CATTGTTATGCTTGCAGATCAAGT	1
17	16	1	ATTGTTATGCTTGCAGATCAAGTC	1
18	17	1	TTGTTATGCTTGCAGATCAAGTCC	1
19	18	1	TGTTATGCTTGCAGATCAAGTCCT	1
20	19	1	GTTATGCTTGCAGATCAAGTCCTT	1
21	20	1	TTATGCTTGCAGATCAAGTCCTTG	1
22	21	1	TATGCTTGCAGATCAAGTCCTTGA	1
23	22	1	ATGCTTGCAGATCAAGTCCTTGAG	1
24	23	1	TGCTTGCAGATCAAGTCCTTGAGC	1
25	24	1	GCTTGCAGATCAAGTCCTTGAGCT	1
26	25	1	CTTGCAGATCAAGTCCTTGAGCTT	1
27	26	1	TTGCAGATCAAGTCCTTGAGCTTG	1
28	27	1	TGCAGATCAAGTCCTTGAGCTTGC	1
29	28	2	GCAGATCAAGTCCTTGAGCTTGCT	1
30	29	2	CAGATCAAGTCCTTGAGCTTGCTT	1
31	30	2	AGATCAAGTCCTTGAGCTTGCTTC	1
32	31	2	GATCAAGTCCTTGAGCTTGCTTCT	1
33	32	2	ATCAAGTCCTTGAGCTTGCTTCTT	1
34	33	2	TCAAGTCCTTGAGCTTGCTTCTTA	1
35	34	2	CAAGTCCTTGAGCTTGCTTCTTAT	1
36	35	2	AAGTCCTTGAGCTTGCTTCTTATC	1
37	36	2	AGTCCTTGAGCTTGCTTCTTATCG	1
38	37	2	GTCCTTGAGCTTGCTTCTTATCGT	1
39	38	2	TCCTTGAGCTTGCTTCTTATCGTG	1
40	39	2	CCTTGAGCTTGCTTCTTATCGTGC	1
41	40	2	CTTGAGCTTGCTTCTTATCGTGCC	1
42	41	3	TTGAGCTTGCTTCTTATCGTGCCC	1
43	42	3	TGAGCTTGCTTCTTATCGTGCCCA	1
44	43	3	GAGCTTGCTTCTTATCGTGCCCAA	1
45	44	3	AGCTTGCTTCTTATCGTGCCCAAT	1
46	45	2	GCTTGCTTCTTATCGTGCCCAATT	1
47	46	2	CTTGCTTCTTATCGTGCCCAATTA	1
48	47	2	TTGCTTCTTATCGTGCCCAATTAT	1
49	48	2	TGCTTCTTATCGTGCCCAATTATC	1
50	49	2	GCTTCTTATCGTGCCCAATTATCT	1
51	50	2	CTTCTTATCGTGCCCAATTATCTG	1
52	51	2	TTCTTATCGTGCCCAATTATCTGA	1
53	52	2	TCTTATCGTGCCCAATTATCTGAA	1
54	53	2	CTTATCGTGCCCAATTATCTGAAT	1
55	54	2	TTATCGTGCCCAATTATCTGAATA	1
56	55	2	TATCGTGCCCAATTATCTGAATAT	1
57	56	2	ATCGTGCCCAATTATCTGAATATC	1
58	57	2	TCGTGCCCAATTATCTGAATATCT	1
59	58	2	CGTGCCCAATTATCTGAATATCTT	1
60	59	2	GTGCCCAATTATCTGAATATCTTC	1
61	60	2	TGCCCAATTATCTGAATATCTTCG	1
62	61	2	GCCCAATTATCTGAATATCTTCGG	1
63	62	2	CCCAATTATCTGAATATCTTCGGA	1
64	63	2	CCAATTATCTGAATATCTTCGGAA	1
65	64	2	CAATTATCTGAATATCTTCGGAAC	1
66	65	2	AATTATCTGAATATCTTCGGAACC	1
67	66	2	ATTATCTGAATATCTTCGGAACCG	1
68	67	2	TTATCTGAATATCTTCGGAACCGT	1
69	68	2	TATCTGAATATCTTCGGAACCGTA	1
70	69	2	ATCTGAATATCTTCGGAACCGTAT	1
71	70	2	TCTGAATATCTTCGGAACCGTATG	1
72	71	1	CTGAATATCTTCGGAACCGTATGC	1
73	72	1	TGAATATCTTCGGAACCGTATGCA	1
74	73	1	GAATATCTTCGGAACCGTATGCAG	1
75	74	1	AATATCTTCGGAACCGTATGCAGG	1
76	75	1	ATATCTTCGGAACCGTATGCAGGC	1
77	76	1	TATCTTCGGAACCGTATGCAGGCT	1
78	77	1	ATCTTCGGAACCGTATGCAGGCTA	1
79	78	1	TCTTCGGAACCGTATGCAGGCTAT	1
80	79	1	CTTCGGAACCGTATGCAGGCTATT	1
81	80	1	TTCGGAACCGTATGCAGGCTATTG	1
82	81	1	TCGGAACCGTATGCAGGCTATTGC	1
83	82	1	CGGAACCGTATGCAGGCTATTGCC	1
84	83	1	GGAACCGTATGCAGGCTATTGCCC	1
85	84	1	GAACCGTATGCAGGCTATTGCCCC	1
86	-1	0	CCGGCTTCTACAATACAAATTTTG	1
87	86	1	CGGCTTCTACAATACAAATTTTGG	1
88	87	1	GGCTTCTACAATACAAATTTTGGG	1
89	88	1	GCTTCTACAATACAAATTTTGGGA	1
90	89	1	CTTCTACAATACAAATTTTGGGAG	1
91	90	1	TTCTACAATACAAATTTTGGGAGC	1
92	91	1	TCTACAATACAAATTTTGGGAGCT	1
93	92	1	CTACAATACAAATTTTGGGAGCTG	1
94	93	1	TACAATACAAATTTTGGGAGCTGA	1
95	94	1	ACAATACAAATTTTGGGAGCTGAG	1
96	95	1	CAATACAAATTTTGGGAGCTGAGA	1
97	96	1	AATACAAATTTTGGGAGCTGAGAA	1
98	97	1	ATACAAATTTTGGGAGCTGAGAAG	1
99	98	1	TACAAATTTTGGGAGCTGAGAAGG	1
100	99	1	ACAAATTTTGGGAGCTGAGAAGGC	1
101	100	1	CAAATTTTGGGAGCTGAGAAGGCT	1
102	101	1	AAATTTTGGGAGCTGAGAAGGCTT	1
103	102	1	AATTTTGGGAGCTGAGAAGGCTTT	1
104	103	1	ATTTTGGGAGCTGAGAAGGCTTTA	1
105	104	1	TTTTGGGAGCTGAGAAGGCTTTAT	1
106	105	1	TTTGGGAGCTGAGAAGGCTTTATT	1
107	106	1	TTGGGAGCTGAGAAGGCTTTATTC	1
108	107	1	TGGGAGCTGAGAAGGCTTTATTCC	1
109	108	1	GGGAGCTGAGAAGGCTTTATTCCG	1
110	109	1	GGAGCTGAGAAGGCTTTATTCCGT	1
111	110	1	GAGCTGAGAAGGCTTTATTCCGTG	1
112	111	1	AGCTGAGAAGGCTTTATTCCGTGC	1
113	112	1	GCTGAGAAGGCTTTATTCCGTGCT	1
114	113	1	CTGAGAAGGCTTTATTCCGTGCTT	1
115	114	1	TGAGAAGGCTTTATTCCGTGCTTT	1
116	115	1	GAGAAGGCTTTATTCCGTGCTTTG	1
117	116	1	AGAAGGCTTTATTCCGTGCTTTGA	1
118	117	1	GAAGGCTTTATTCCGTGCTTTGAA	1
119	118	1	AAGGCTTTATTCCGTGCTTTGAAG	1
120	119	1	AGGCTTTATTCCGTGCTTTGAAGA	1
121	120	1	GGCTTTATTCCGTGCTTTGAAGAC	1
122	121	1	GCTTTATTCCGTGCTTTGAAGACA	1
123	122	1	CTTTATTCCGTGCTTTGAAGACAA	1
124	123	2	TTTATTCCGTGCTTTGAAGACAAA	1
125	124	2	TTATTCCGTGCTTTGAAGACAAAG	1
126	125	2	TATTCCGTGCTTTGAAGACAAAGC	1
127	126	2	ATTCCGTGCTTTGAAGACAAAGCA	1
128	127	2	TTCCGTGCTTTGAAGACAAAGCAT	1
129	128	2	TCCGTGCTTTGAAGACAAAGCATA	1
130	129	2	CCGTGCTTTGAAGACAAAGCATAG	1
131	130	1	CGTGCTTTGAAGACAAAGCATAGT	1
132	131	1	GTGCTTTGAAGACAAAGCATAGTA	1
133	132	1	TGCTTTGAAGACAAAGCATAGTAC	1
134	133	1	GCTTTGAAGACAAAGCATAGTACA	1
135	134	1	CTTTGAAGACAAAGCATAGTACAC	1
136	135	2	TTTGAAGACAAAGCATAGTACACC	1
137	136	2	TTGAAGACAAAGCATAGTACACCT	1
138	137	2	TGAAGACAAAGCATAGTACACCTA	1
139	138	2	GAAGACAAAGCATAGTACACCTAA	1
140	139	2	AAGACAAAGCATAGTACACCTAAA	1
141	140	2	AGACAAAGCATAGTACACCTAAAT	1
142	141	2	GACAAAGCATAGTACACCTAAATA	1
143	142	2	ACAAAGCATAGTACACCTAAATAT	1
144	143	2	CAAAGCATAGTACACCTAAATATG	1
145	144	2	AAAGCATAGTACACCTAAATATGG	1
146	145	2	AAGCATAGTACACCTAAATATGGT	1
147	146	2	AGCATAGTACACCTAAATATGGTC	1
148	147	2	GCATAGTACACCTAAATATGGTCT	1
149	148	3	CATAGTACACCTAAATATGGTCTT	1
150	149	3	ATAGTACACCTAAATATGGTCTTA	1
151	150	3	TAGTACACCTAAATATGGTCTTAT	1
152	151	3	AGTACACCTAAATATGGTCTTATT	1
153	152	3	GTACACCTAAATATGGTCTTATTT	1
154	153	3	TACACCTAAATATGGTCTTATTTA	1
155	154	3	ACACCTAAATATGGTCTTATTTAT	1
156	155	3	CACCTAAATATGGTCTTATTTATC	1
157	156	3	ACCTAAATATGGTCTTATTTATCA	1
158	157	3	CCTAAATATGGTCTTATTTATCAT	1
159	158	2	CTAAATATGGTCTTATTTATCATG	1
160	159	2	TAAATATGGTCTTATTTATCATGC	1
161	160	2	AAATATGGTCTTATTTATCATGCA	1
162	161	2	AATATGGTCTTATTTATCATGCAA	1
163	162	2	ATATGGTCTTATTTATCATGCAAG	1
164	163	2	TATGGTCTTATTTATCATGCAAGT	1
165	164	2	ATGGTCTTATTTATCATGCAAGTT	1
166	165	2	TGGTCTTATTTATCATGCAAGTTT	1
167	166	2	GGTCTTATTTATCATGCAAGTTTG	1
168	167	1	GTCTTATTTATCATGCAAGTTTGG	1
169	168	1	TCTTATTTATCATGCAAGTTTGGT	1
170	169	1	CTTATTTATCATGCAAGTTTGGTT	1
171	170	1	TTATTTATCATGCAAGTTTGGTTG	1
172	171	1	TATTTATCATGCAAGTTTGGTTGG	1
173	172	1	ATTTATCATGCAAGTTTGGTTGGT	1
174	173	1	TTTATCATGCAAGTTTGGTTGGTC	1
175	174	1	TTATCATGCAAGTTTGGTTGGTCA	1
176	175	1	TATCATGCAAGTTTGGTTGGTCAA	1
177	176	1	ATCATGCAAGTTTGGTTGGTCAAG	1
178	177	1	TCATGCAAGTTTGGTTGGTCAAGC	1
179	178	1	CATGCAAGTTTGGTTGGTCAAGCG	1
