Component 17
1	-1	0	CAAAAATTTGACTTCATAAGTGTC	1
2	1	1	AAAAATTTGACTTCATAAGTGTCA	1
3	2	1	AAAATTTGACTTCATAAGTGTCAA	1
4	3	1	AAATTTGACTTCATAAGTGTCAAA	1
5	4	1	AATTTGACTTCATAAGTGTCAAAA	1
6	5	1	ATTTGACTTCATAAGTGTCAAAAG	1
7	6	2	TTTGACTTCATAAGTGTCAAAAGC	1
8	7	2	TTGACTTCATAAGTGTCAAAAGCG	1
9	8	2	TGACTTCATAAGTGTCAAAAGCGG	1
10	9	2	GACTTCATAAGTGTCAAAAGCGGT	1
11	10	2	ACTTCATAAGTGTCAAAAGCGGTT	1
12	11	2	CTTCATAAGTGTCAAAAGCGGTTA	1
13	12	2	TTCATAAGTGTCAAAAGCGGTTAT	1
14	13	2	TCATAAGTGTCAAAAGCGGTTATA	1
15	14	2	CATAAGTGTCAAAAGCGGTTATAT	1
16	15	2	ATAAGTGTCAAAAGCGGTTATATT	1
17	16	2	TAAGTGTCAAAAGCGGTTATATTG	1
18	17	2	AAGTGTCAAAAGCGGTTATATTGG	1
19	18	2	AGTGTCAAAAGCGGTTATATTGGA	1
20	19	2	GTGTCAAAAGCGGTTATATTGGAT	1
21	20	2	TGTCAAAAGCGGTTATATTGGATA	1
22	21	2	GTCAAAAGCGGTTATATTGGATAC	1
23	22	2	TCAAAAGCGGTTATATTGGATACC	1
24	23	2	CAAAAGCGGTTATATTGGATACCT	1
25	24	2	AAAAGCGGTTATATTGGATACCTG	1
26	25	2	AAAGCGGTTATATTGGATACCTGT	1
27	26	2	AAGCGGTTATATTGGATACCTGTA	1
28	27	2	AGCGGTTATATTGGATACCTGTAA	1
29	28	2	GCGGTTATATTGGATACCTGTAAA	1
30	29	2	CGGTTATATTGGATACCTGTAAAA	1
31	30	2	GGTTATATTGGATACCTGTAAAAT	1
32	31	2	GTTATATTGGATACCTGTAAAATG	1
33	32	2	TTATATTGGATACCTGTAAAATGT	1
34	33	2	TATATTGGATACCTGTAAAATGTC	1
35	34	2	ATATTGGATACCTGTAAAATGTCG	1
36	35	2	TATTGGATACCTGTAAAATGTCGA	1
37	36	3	ATTGGATACCTGTAAAATGTCGAA	1
38	37	3	TTGGATACCTGTAAAATGTCGAAC	1
39	38	3	TGGATACCTGTAAAATGTCGAACC	1
40	39	3	GGATACCTGTAAAATGTCGAACCC	1
41	40	3	GATACCTGTAAAATGTCGAACCCA	1
42	41	3	ATACCTGTAAAATGTCGAACCCAG	1
43	42	3	TACCTGTAAAATGTCGAACCCAGA	1
44	43	4	ACCTGTAAAATGTCGAACCCAGAT	1
45	44	4	CCTGTAAAATGTCGAACCCAGATG	1
46	45	3	CTGTAAAATGTCGAACCCAGATGT	1
47	46	3	TGTAAAATGTCGAACCCAGATGTG	1
48	47	3	GTAAAATGTCGAACCCAGATGTGG	1
49	48	3	TAAAATGTCGAACCCAGATGTGGA	1
50	49	3	AAAATGTCGAACCCAGATGTGGAT	1
51	50	2	AAATGTCGAACCCAGATGTGGATT	1
52	51	2	AATGTCGAACCCAGATGTGGATTT	1
53	52	2	ATGTCGAACCCAGATGTGGATTTG	1
54	53	2	TGTCGAACCCAGATGTGGATTTGG	1
55	54	2	GTCGAACCCAGATGTGGATTTGGA	1
56	55	2	TCGAACCCAGATGTGGATTTGGAT	1
57	56	2	CGAACCCAGATGTGGATTTGGATT	1
58	57	2	GAACCCAGATGTGGATTTGGATTC	1
59	58	2	AACCCAGATGTGGATTTGGATTCC	1
60	59	2	ACCCAGATGTGGATTTGGATTCCA	1
61	60	2	CCCAGATGTGGATTTGGATTCCAT	1
62	61	2	CCAGATGTGGATTTGGATTCCATT	1
63	62	2	CAGATGTGGATTTGGATTCCATTA	1
64	63	2	AGATGTGGATTTGGATTCCATTAT	1
65	64	2	GATGTGGATTTGGATTCCATTATC	1
66	65	2	ATGTGGATTTGGATTCCATTATCG	1
67	66	2	TGTGGATTTGGATTCCATTATCGA	1
68	67	2	GTGGATTTGGATTCCATTATCGAC	1
69	68	2	TGGATTTGGATTCCATTATCGACC	1
70	69	2	GGATTTGGATTCCATTATCGACCG	1
71	70	2	GATTTGGATTCCATTATCGACCGC	1
72	71	2	ATTTGGATTCCATTATCGACCGCT	1
73	72	2	TTTGGATTCCATTATCGACCGCTT	1
74	73	2	TTGGATTCCATTATCGACCGCTTG	1
75	74	2	TGGATTCCATTATCGACCGCTTGT	1
76	75	2	GGATTCCATTATCGACCGCTTGTT	1
77	76	2	GATTCCATTATCGACCGCTTGTTA	1
78	77	2	ATTCCATTATCGACCGCTTGTTAG	1
79	78	2	TTCCATTATCGACCGCTTGTTAGA	1
80	79	2	TCCATTATCGACCGCTTGTTAGAA	1
81	80	1	CCATTATCGACCGCTTGTTAGAAG	1
82	81	1	CATTATCGACCGCTTGTTAGAAGT	1
83	82	1	ATTATCGACCGCTTGTTAGAAGTC	1
84	83	1	TTATCGACCGCTTGTTAGAAGTCC	1
85	84	1	TATCGACCGCTTGTTAGAAGTCCG	1
86	85	1	ATCGACCGCTTGTTAGAAGTCCGT	1
87	86	1	TCGACCGCTTGTTAGAAGTCCGTG	1
88	-1	0	TTTATTTCTGAGTTAGCAGCAAAT	1
89	88	1	TTATTTCTGAGTTAGCAGCAAATA	1
90	89	1	TATTTCTGAGTTAGCAGCAAATAT	1
91	90	1	ATTTCTGAGTTAGCAGCAAATATT	1
92	91	1	TTTCTGAGTTAGCAGCAAATATTG	1
93	92	1	TTCTGAGTTAGCAGCAAATATTGC	1
94	93	1	TCTGAGTTAGCAGCAAATATTGCT	1
95	94	1	CTGAGTTAGCAGCAAATATTGCTT	1
96	95	2	TGAGTTAGCAGCAAATATTGCTTT	1
97	96	2	GAGTTAGCAGCAAATATTGCTTTT	1
98	97	2	AGTTAGCAGCAAATATTGCTTTTA	1
99	98	2	GTTAGCAGCAAATATTGCTTTTAA	1
100	99	2	TTAGCAGCAAATATTGCTTTTAAA	1
101	100	2	TAGCAGCAAATATTGCTTTTAAAC	1
102	101	2	AGCAGCAAATATTGCTTTTAAACG	1
103	102	2	GCAGCAAATATTGCTTTTAAACGG	1
104	103	2	CAGCAAATATTGCTTTTAAACGGT	1
105	104	2	AGCAAATATTGCTTTTAAACGGTT	1
106	105	2	GCAAATATTGCTTTTAAACGGTTT	1
107	106	2	CAAATATTGCTTTTAAACGGTTTG	1
108	107	2	AAATATTGCTTTTAAACGGTTTGC	1
109	108	2	AATATTGCTTTTAAACGGTTTGCC	1
110	109	2	ATATTGCTTTTAAACGGTTTGCCG	1
111	110	2	TATTGCTTTTAAACGGTTTGCCGA	1
112	111	2	ATTGCTTTTAAACGGTTTGCCGAC	1
113	112	2	TTGCTTTTAAACGGTTTGCCGACT	1
114	113	2	TGCTTTTAAACGGTTTGCCGACTG	1
115	114	2	GCTTTTAAACGGTTTGCCGACTGA	1
116	115	2	CTTTTAAACGGTTTGCCGACTGAA	1
117	116	2	TTTTAAACGGTTTGCCGACTGAAT	1
118	117	2	TTTAAACGGTTTGCCGACTGAATA	1
119	118	2	TTAAACGGTTTGCCGACTGAATAC	1
120	119	2	TAAACGGTTTGCCGACTGAATACC	1
121	120	2	AAACGGTTTGCCGACTGAATACCG	1
122	121	2	AACGGTTTGCCGACTGAATACCGT	1
123	122	2	ACGGTTTGCCGACTGAATACCGTT	1
124	123	2	CGGTTTGCCGACTGAATACCGTTC	1
125	124	2	GGTTTGCCGACTGAATACCGTTCT	1
126	125	3	GTTTGCCGACTGAATACCGTTCTC	1
127	126	3	TTTGCCGACTGAATACCGTTCTCC	1
128	127	3	TTGCCGACTGAATACCGTTCTCCG	1
129	128	3	TGCCGACTGAATACCGTTCTCCGT	1
130	129	3	GCCGACTGAATACCGTTCTCCGTC	1
131	130	3	CCGACTGAATACCGTTCTCCGTCC	1
132	131	3	CGACTGAATACCGTTCTCCGTCCG	1
133	132	2	GACTGAATACCGTTCTCCGTCCGT	1
134	133	3	ACTGAATACCGTTCTCCGTCCGTC	1
135	134	3	CTGAATACCGTTCTCCGTCCGTCT	1
136	135	3	TGAATACCGTTCTCCGTCCGTCTT	1
137	136	3	GAATACCGTTCTCCGTCCGTCTTA	1
138	137	3	AATACCGTTCTCCGTCCGTCTTAC	1
139	138	3	ATACCGTTCTCCGTCCGTCTTACT	1
140	139	2	TACCGTTCTCCGTCCGTCTTACTT	1
141	140	2	ACCGTTCTCCGTCCGTCTTACTTT	1
142	141	2	CCGTTCTCCGTCCGTCTTACTTTT	1
143	142	2	CGTTCTCCGTCCGTCTTACTTTTC	1
144	143	2	GTTCTCCGTCCGTCTTACTTTTCC	1
145	144	2	TTCTCCGTCCGTCTTACTTTTCCT	1
146	145	2	TCTCCGTCCGTCTTACTTTTCCTC	1
147	146	2	CTCCGTCCGTCTTACTTTTCCTCG	1
148	147	2	TCCGTCCGTCTTACTTTTCCTCGG	1
149	148	2	CCGTCCGTCTTACTTTTCCTCGGA	1
150	149	2	CGTCCGTCTTACTTTTCCTCGGAA	1
151	150	2	GTCCGTCTTACTTTTCCTCGGAAC	1
152	151	2	TCCGTCTTACTTTTCCTCGGAACA	1
153	152	2	CCGTCTTACTTTTCCTCGGAACAC	1
154	153	2	CGTCTTACTTTTCCTCGGAACACT	1
155	154	2	GTCTTACTTTTCCTCGGAACACTT	1
156	155	3	TCTTACTTTTCCTCGGAACACTTT	1
157	156	3	CTTACTTTTCCTCGGAACACTTTA	1
158	157	3	TTACTTTTCCTCGGAACACTTTAC	1
159	158	3	TACTTTTCCTCGGAACACTTTACT	1
160	159	3	ACTTTTCCTCGGAACACTTTACTT	1
161	160	3	CTTTTCCTCGGAACACTTTACTTG	1
162	161	3	TTTTCCTCGGAACACTTTACTTGG	1
163	162	3	TTTCCTCGGAACACTTTACTTGGA	1
164	163	3	TTCCTCGGAACACTTTACTTGGAA	1
165	164	3	TCCTCGGAACACTTTACTTGGAAG	1
166	165	3	CCTCGGAACACTTTACTTGGAAGA	1
167	166	3	CTCGGAACACTTTACTTGGAAGAA	1
168	167	3	TCGGAACACTTTACTTGGAAGAAA	1
169	168	3	CGGAACACTTTACTTGGAAGAAAA	1
170	169	2	GGAACACTTTACTTGGAAGAAAAA	1
171	170	2	GAACACTTTACTTGGAAGAAAAAT	1
172	171	2	AACACTTTACTTGGAAGAAAAATC	1
173	172	2	ACACTTTACTTGGAAGAAAAATCG	1
174	173	2	CACTTTACTTGGAAGAAAAATCGT	1
175	174	2	ACTTTACTTGGAAGAAAAATCGTC	1
176	175	2	CTTTACTTGGAAGAAAAATCGTCG	1
177	176	2	TTTACTTGGAAGAAAAATCGTCGA	1
178	177	1	TTACTTGGAAGAAAAATCGTCGAA	1
179	178	1	TACTTGGAAGAAAAATCGTCGAAA	1
180	179	1	ACTTGGAAGAAAAATCGTCGAAAT	1
181	180	1	CTTGGAAGAAAAATCGTCGAAATT	1
182	181	1	TTGGAAGAAAAATCGTCGAAATTC	1
183	182	1	TGGAAGAAAAATCGTCGAAATTCG	1
184	183	1	GGAAGAAAAATCGTCGAAATTCGG	1
185	184	1	GAAGAAAAATCGTCGAAATTCGGT	1
186	185	1	AAGAAAAATCGTCGAAATTCGGTC	1
187	186	1	AGAAAAATCGTCGAAATTCGGTCG	1
188	187	1	GAAAAATCGTCGAAATTCGGTCGA	1
189	188	1	AAAAATCGTCGAAATTCGGTCGAG	1
190	189	1	AAAATCGTCGAAATTCGGTCGAGT	1
191	190	1	AAATCGTCGAAATTCGGTCGAGTA	1
192	191	1	AATCGTCGAAATTCGGTCGAGTAA	1
193	192	1	ATCGTCGAAATTCGGTCGAGTAAA	1
194	193	1	TCGTCGAAATTCGGTCGAGTAAAA	1
195	194	1	CGTCGAAATTCGGTCGAGTAAAAA	1
196	195	1	GTCGAAATTCGGTCGAGTAAAAAA	1
197	196	1	TCGAAATTCGGTCGAGTAAAAAAT	1
198	197	1	CGAAATTCGGTCGAGTAAAAAATT	1
199	198	1	GAAATTCGGTCGAGTAAAAAATTA	1
