Component 175
1	-1	0	GACTATAGTATTCCATGTTTTATA	1
2	1	1	ACTATAGTATTCCATGTTTTATAA	1
3	2	1	CTATAGTATTCCATGTTTTATAAA	1
4	3	1	TATAGTATTCCATGTTTTATAAAA	1
5	4	1	ATAGTATTCCATGTTTTATAAAAG	1
6	5	1	TAGTATTCCATGTTTTATAAAAGG	1
7	6	2	AGTATTCCATGTTTTATAAAAGGT	1
8	7	2	GTATTCCATGTTTTATAAAAGGTT	1
9	8	2	TATTCCATGTTTTATAAAAGGTTA	1
10	9	2	ATTCCATGTTTTATAAAAGGTTAT	1
11	10	2	TTCCATGTTTTATAAAAGGTTATG	1
12	11	2	TCCATGTTTTATAAAAGGTTATGT	1
13	12	2	CCATGTTTTATAAAAGGTTATGTT	1
14	13	2	CATGTTTTATAAAAGGTTATGTTC	1
15	14	2	ATGTTTTATAAAAGGTTATGTTCG	1
16	15	2	TGTTTTATAAAAGGTTATGTTCGC	1
17	16	2	GTTTTATAAAAGGTTATGTTCGCA	1
18	17	3	TTTTATAAAAGGTTATGTTCGCAG	1
19	18	3	TTTATAAAAGGTTATGTTCGCAGA	1
20	19	3	TTATAAAAGGTTATGTTCGCAGAT	1
21	20	3	TATAAAAGGTTATGTTCGCAGATT	1
22	21	3	ATAAAAGGTTATGTTCGCAGATTC	1
23	22	3	TAAAAGGTTATGTTCGCAGATTCT	1
24	23	3	AAAAGGTTATGTTCGCAGATTCTG	1
25	24	3	AAAGGTTATGTTCGCAGATTCTGG	1
26	25	3	AAGGTTATGTTCGCAGATTCTGGA	1
27	26	3	AGGTTATGTTCGCAGATTCTGGAT	1
28	27	3	GGTTATGTTCGCAGATTCTGGATG	1
29	28	3	GTTATGTTCGCAGATTCTGGATGC	1
30	29	3	TTATGTTCGCAGATTCTGGATGCG	1
31	30	3	TATGTTCGCAGATTCTGGATGCGT	1
32	31	3	ATGTTCGCAGATTCTGGATGCGTA	1
33	32	3	TGTTCGCAGATTCTGGATGCGTAG	1
34	33	3	GTTCGCAGATTCTGGATGCGTAGT	1
35	34	3	TTCGCAGATTCTGGATGCGTAGTG	1
36	35	3	TCGCAGATTCTGGATGCGTAGTGA	1
37	36	3	CGCAGATTCTGGATGCGTAGTGAG	1
38	37	3	GCAGATTCTGGATGCGTAGTGAGG	1
39	38	3	CAGATTCTGGATGCGTAGTGAGGA	1
40	39	3	AGATTCTGGATGCGTAGTGAGGAT	1
41	40	3	GATTCTGGATGCGTAGTGAGGATC	1
42	41	3	ATTCTGGATGCGTAGTGAGGATCA	1
43	42	3	TTCTGGATGCGTAGTGAGGATCAT	1
44	43	3	TCTGGATGCGTAGTGAGGATCATA	1
45	44	3	CTGGATGCGTAGTGAGGATCATAG	1
46	45	2	TGGATGCGTAGTGAGGATCATAGG	1
47	46	2	GGATGCGTAGTGAGGATCATAGGG	1
48	47	2	GATGCGTAGTGAGGATCATAGGGG	1
49	48	2	ATGCGTAGTGAGGATCATAGGGGC	1
50	49	1	TGCGTAGTGAGGATCATAGGGGCA	1
51	50	1	GCGTAGTGAGGATCATAGGGGCAC	1
52	51	1	CGTAGTGAGGATCATAGGGGCACT	1
53	52	1	GTAGTGAGGATCATAGGGGCACTG	1
54	53	1	TAGTGAGGATCATAGGGGCACTGT	1
55	54	1	AGTGAGGATCATAGGGGCACTGTT	1
56	55	1	GTGAGGATCATAGGGGCACTGTTA	1
57	56	1	TGAGGATCATAGGGGCACTGTTAA	1
58	57	1	GAGGATCATAGGGGCACTGTTAAC	1
59	58	1	AGGATCATAGGGGCACTGTTAACT	1
60	59	1	GGATCATAGGGGCACTGTTAACTC	1
61	60	2	GATCATAGGGGCACTGTTAACTCA	1
62	61	1	ATCATAGGGGCACTGTTAACTCAC	1
63	62	1	TCATAGGGGCACTGTTAACTCACC	1
64	63	1	CATAGGGGCACTGTTAACTCACCT	1
65	64	1	ATAGGGGCACTGTTAACTCACCTG	1
66	65	1	TAGGGGCACTGTTAACTCACCTGG	1
67	66	1	AGGGGCACTGTTAACTCACCTGGT	1
68	67	1	GGGGCACTGTTAACTCACCTGGTC	1
69	68	1	GGGCACTGTTAACTCACCTGGTCT	1
70	69	1	GGCACTGTTAACTCACCTGGTCTC	1
71	70	1	GCACTGTTAACTCACCTGGTCTCG	1
72	71	1	CACTGTTAACTCACCTGGTCTCGT	1
73	72	1	ACTGTTAACTCACCTGGTCTCGTT	1
74	73	1	CTGTTAACTCACCTGGTCTCGTTC	1
75	74	1	TGTTAACTCACCTGGTCTCGTTCT	1
76	75	1	GTTAACTCACCTGGTCTCGTTCTC	1
77	76	1	TTAACTCACCTGGTCTCGTTCTCA	1
78	77	1	TAACTCACCTGGTCTCGTTCTCAC	1
79	78	1	AACTCACCTGGTCTCGTTCTCACC	1
80	79	1	ACTCACCTGGTCTCGTTCTCACCT	1
81	80	1	CTCACCTGGTCTCGTTCTCACCTT	1
82	81	1	TCACCTGGTCTCGTTCTCACCTTG	1
83	82	1	CACCTGGTCTCGTTCTCACCTTGA	1
84	83	1	ACCTGGTCTCGTTCTCACCTTGAT	1
85	84	1	CCTGGTCTCGTTCTCACCTTGATA	1
86	85	1	CTGGTCTCGTTCTCACCTTGATAC	1
87	86	1	TGGTCTCGTTCTCACCTTGATACC	1
88	87	1	GGTCTCGTTCTCACCTTGATACCT	1
89	88	1	GTCTCGTTCTCACCTTGATACCTT	1
90	89	1	TCTCGTTCTCACCTTGATACCTTA	1
91	90	1	CTCGTTCTCACCTTGATACCTTAT	1
92	91	1	TCGTTCTCACCTTGATACCTTATG	1
93	92	1	CGTTCTCACCTTGATACCTTATGA	1
94	93	1	GTTCTCACCTTGATACCTTATGAA	1
95	94	1	TTCTCACCTTGATACCTTATGAAG	1
96	95	1	TCTCACCTTGATACCTTATGAAGA	1
97	96	1	CTCACCTTGATACCTTATGAAGAA	1
98	97	1	TCACCTTGATACCTTATGAAGAAT	1
99	98	1	CACCTTGATACCTTATGAAGAATG	1
100	99	1	ACCTTGATACCTTATGAAGAATGG	1
101	100	1	CCTTGATACCTTATGAAGAATGGA	1
102	101	1	CTTGATACCTTATGAAGAATGGAA	1
103	102	1	TTGATACCTTATGAAGAATGGAAG	1
104	103	2	TGATACCTTATGAAGAATGGAAGC	1
105	104	1	GATACCTTATGAAGAATGGAAGCA	1
106	105	1	ATACCTTATGAAGAATGGAAGCAA	1
107	106	1	TACCTTATGAAGAATGGAAGCAAT	1
108	107	1	ACCTTATGAAGAATGGAAGCAATT	1
109	108	1	CCTTATGAAGAATGGAAGCAATTT	1
110	109	1	CTTATGAAGAATGGAAGCAATTTT	1
111	110	1	TTATGAAGAATGGAAGCAATTTTC	1
112	111	1	TATGAAGAATGGAAGCAATTTTCT	1
113	112	1	ATGAAGAATGGAAGCAATTTTCTG	1
114	113	1	TGAAGAATGGAAGCAATTTTCTGA	1
115	114	1	GAAGAATGGAAGCAATTTTCTGAC	1
116	115	1	AAGAATGGAAGCAATTTTCTGACT	1
117	116	1	AGAATGGAAGCAATTTTCTGACTG	1
118	117	1	GAATGGAAGCAATTTTCTGACTGG	1
119	118	1	AATGGAAGCAATTTTCTGACTGGT	1
120	119	1	ATGGAAGCAATTTTCTGACTGGTC	1
121	120	1	TGGAAGCAATTTTCTGACTGGTCT	1
122	121	1	GGAAGCAATTTTCTGACTGGTCTT	1
123	122	1	GAAGCAATTTTCTGACTGGTCTTT	1
124	123	1	AAGCAATTTTCTGACTGGTCTTTC	1
125	124	1	AGCAATTTTCTGACTGGTCTTTCA	1
126	125	1	GCAATTTTCTGACTGGTCTTTCAC	1
127	126	1	CAATTTTCTGACTGGTCTTTCACC	1
128	127	1	AATTTTCTGACTGGTCTTTCACCC	1
129	128	1	ATTTTCTGACTGGTCTTTCACCCC	1
130	129	1	TTTTCTGACTGGTCTTTCACCCCG	1
131	130	1	TTTCTGACTGGTCTTTCACCCCGT	1
132	131	1	TTCTGACTGGTCTTTCACCCCGTT	1
133	132	1	TCTGACTGGTCTTTCACCCCGTTT	1
134	133	1	CTGACTGGTCTTTCACCCCGTTTG	1
135	134	1	TGACTGGTCTTTCACCCCGTTTGA	1
136	135	1	GACTGGTCTTTCACCCCGTTTGAT	1
137	136	1	ACTGGTCTTTCACCCCGTTTGATG	1
138	137	1	CTGGTCTTTCACCCCGTTTGATGA	1
139	138	1	TGGTCTTTCACCCCGTTTGATGAA	1
140	139	1	GGTCTTTCACCCCGTTTGATGAAG	1
141	140	1	GTCTTTCACCCCGTTTGATGAAGG	1
142	141	1	TCTTTCACCCCGTTTGATGAAGGA	1
143	142	1	CTTTCACCCCGTTTGATGAAGGAT	1
144	143	1	TTTCACCCCGTTTGATGAAGGATG	1
145	144	1	TTCACCCCGTTTGATGAAGGATGC	1
146	145	1	TCACCCCGTTTGATGAAGGATGCT	1
147	146	1	CACCCCGTTTGATGAAGGATGCTG	1
148	-1	0	TTTTGGAGAATTGTCTCGTTTACG	1
149	148	1	TTTGGAGAATTGTCTCGTTTACGT	1
150	149	1	TTGGAGAATTGTCTCGTTTACGTG	1
151	150	1	TGGAGAATTGTCTCGTTTACGTGG	1
152	151	1	GGAGAATTGTCTCGTTTACGTGGG	1
153	152	1	GAGAATTGTCTCGTTTACGTGGGT	1
154	153	1	AGAATTGTCTCGTTTACGTGGGTA	1
155	154	1	GAATTGTCTCGTTTACGTGGGTAC	1
156	155	1	AATTGTCTCGTTTACGTGGGTACT	1
157	156	1	ATTGTCTCGTTTACGTGGGTACTT	1
158	157	1	TTGTCTCGTTTACGTGGGTACTTC	1
159	158	1	TGTCTCGTTTACGTGGGTACTTCA	1
160	159	1	GTCTCGTTTACGTGGGTACTTCAA	1
161	160	1	TCTCGTTTACGTGGGTACTTCAAA	1
162	161	1	CTCGTTTACGTGGGTACTTCAAAG	1
163	162	1	TCGTTTACGTGGGTACTTCAAAGA	1
164	163	1	CGTTTACGTGGGTACTTCAAAGAG	1
165	164	1	GTTTACGTGGGTACTTCAAAGAGT	1
166	165	1	TTTACGTGGGTACTTCAAAGAGTC	1
167	166	1	TTACGTGGGTACTTCAAAGAGTCC	1
168	167	1	TACGTGGGTACTTCAAAGAGTCCC	1
169	168	1	ACGTGGGTACTTCAAAGAGTCCCC	1
170	169	1	CGTGGGTACTTCAAAGAGTCCCCA	1
171	170	1	GTGGGTACTTCAAAGAGTCCCCAA	1
172	171	1	TGGGTACTTCAAAGAGTCCCCAAT	1
173	172	1	GGGTACTTCAAAGAGTCCCCAATT	1
174	173	1	GGTACTTCAAAGAGTCCCCAATTT	1
175	174	1	GTACTTCAAAGAGTCCCCAATTTC	1
176	175	1	TACTTCAAAGAGTCCCCAATTTCA	1
177	176	1	ACTTCAAAGAGTCCCCAATTTCAG	1
178	177	1	CTTCAAAGAGTCCCCAATTTCAGC	1
179	178	1	TTCAAAGAGTCCCCAATTTCAGCC	1
180	179	1	TCAAAGAGTCCCCAATTTCAGCCC	1
181	180	1	CAAAGAGTCCCCAATTTCAGCCCT	1
182	181	3	AAAGAGTCCCCAATTTCAGCCCTC	1
183	182	3	AAGAGTCCCCAATTTCAGCCCTCA	1
184	183	3	AGAGTCCCCAATTTCAGCCCTCAG	1
185	184	3	GAGTCCCCAATTTCAGCCCTCAGA	1
186	185	3	AGTCCCCAATTTCAGCCCTCAGAC	1
187	186	3	GTCCCCAATTTCAGCCCTCAGACG	1
188	187	3	TCCCCAATTTCAGCCCTCAGACGA	1
189	188	3	CCCCAATTTCAGCCCTCAGACGAC	1
190	189	3	CCCAATTTCAGCCCTCAGACGACC	1
191	190	3	CCAATTTCAGCCCTCAGACGACCT	1
192	191	3	CAATTTCAGCCCTCAGACGACCTA	1
193	192	2	AATTTCAGCCCTCAGACGACCTAA	1
194	193	2	ATTTCAGCCCTCAGACGACCTAAC	1
195	194	2	TTTCAGCCCTCAGACGACCTAACT	1
196	195	3	TTCAGCCCTCAGACGACCTAACTC	1
197	196	3	TCAGCCCTCAGACGACCTAACTCA	1
198	197	3	CAGCCCTCAGACGACCTAACTCAA	1
199	198	3	AGCCCTCAGACGACCTAACTCAAA	1
200	199	3	GCCCTCAGACGACCTAACTCAAAT	1
201	200	3	CCCTCAGACGACCTAACTCAAATG	1
202	201	3	CCTCAGACGACCTAACTCAAATGG	1
203	202	3	CTCAGACGACCTAACTCAAATGGC	1
204	203	3	TCAGACGACCTAACTCAAATGGCT	1
205	204	3	CAGACGACCTAACTCAAATGGCTA	1
206	205	3	AGACGACCTAACTCAAATGGCTAA	1
207	206	3	GACGACCTAACTCAAATGGCTAAA	1
208	207	3	ACGACCTAACTCAAATGGCTAAAA	1
209	208	3	CGACCTAACTCAAATGGCTAAAAT	1
210	209	3	GACCTAACTCAAATGGCTAAAATC	1
211	210	3	ACCTAACTCAAATGGCTAAAATCA	1
212	211	3	CCTAACTCAAATGGCTAAAATCAT	1
213	212	3	CTAACTCAAATGGCTAAAATCATT	1
214	213	3	TAACTCAAATGGCTAAAATCATTT	1
215	214	3	AACTCAAATGGCTAAAATCATTTC	1
216	215	3	ACTCAAATGGCTAAAATCATTTCT	1
217	216	3	CTCAAATGGCTAAAATCATTTCTA	1
218	217	3	TCAAATGGCTAAAATCATTTCTAC	1
219	218	3	CAAATGGCTAAAATCATTTCTACA	1
220	219	3	AAATGGCTAAAATCATTTCTACAC	1
221	220	3	AATGGCTAAAATCATTTCTACACG	1
222	221	3	ATGGCTAAAATCATTTCTACACGA	1
223	222	3	TGGCTAAAATCATTTCTACACGAA	1
224	223	3	GGCTAAAATCATTTCTACACGAAG	1
225	224	3	GCTAAAATCATTTCTACACGAAGA	1
226	225	1	CTAAAATCATTTCTACACGAAGAG	1
227	226	1	TAAAATCATTTCTACACGAAGAGG	1
228	227	1	AAAATCATTTCTACACGAAGAGGA	1
229	228	1	AAATCATTTCTACACGAAGAGGAA	1
230	229	1	AATCATTTCTACACGAAGAGGAAA	1
231	230	1	ATCATTTCTACACGAAGAGGAAAG	1
232	231	1	TCATTTCTACACGAAGAGGAAAGA	1
233	232	1	CATTTCTACACGAAGAGGAAAGAG	1
234	233	1	ATTTCTACACGAAGAGGAAAGAGC	1
235	234	1	TTTCTACACGAAGAGGAAAGAGCG	1
236	235	1	TTCTACACGAAGAGGAAAGAGCGG	1
237	236	1	TCTACACGAAGAGGAAAGAGCGGA	1
238	237	1	CTACACGAAGAGGAAAGAGCGGAG	1
239	238	1	TACACGAAGAGGAAAGAGCGGAGA	1
