Component 177
1	-1	0	TTCGTCCTAACGGTACCAAGAAGG	1
2	1	1	TCGTCCTAACGGTACCAAGAAGGC	1
3	2	1	CGTCCTAACGGTACCAAGAAGGCT	1
4	3	1	GTCCTAACGGTACCAAGAAGGCTT	1
5	4	1	TCCTAACGGTACCAAGAAGGCTTT	1
6	5	1	CCTAACGGTACCAAGAAGGCTTTC	1
7	6	1	CTAACGGTACCAAGAAGGCTTTCG	1
8	7	2	TAACGGTACCAAGAAGGCTTTCGT	1
9	8	2	AACGGTACCAAGAAGGCTTTCGTT	1
10	9	2	ACGGTACCAAGAAGGCTTTCGTTA	1
11	10	2	CGGTACCAAGAAGGCTTTCGTTAA	1
12	11	2	GGTACCAAGAAGGCTTTCGTTAAG	1
13	12	2	GTACCAAGAAGGCTTTCGTTAAGT	1
14	13	2	TACCAAGAAGGCTTTCGTTAAGTT	1
15	14	2	ACCAAGAAGGCTTTCGTTAAGTTG	1
16	15	2	CCAAGAAGGCTTTCGTTAAGTTGT	1
17	16	2	CAAGAAGGCTTTCGTTAAGTTGTC	1
18	17	2	AAGAAGGCTTTCGTTAAGTTGTCT	1
19	18	2	AGAAGGCTTTCGTTAAGTTGTCTG	1
20	19	2	GAAGGCTTTCGTTAAGTTGTCTGC	1
21	20	2	AAGGCTTTCGTTAAGTTGTCTGCT	1
22	21	2	AGGCTTTCGTTAAGTTGTCTGCTG	1
23	22	2	GGCTTTCGTTAAGTTGTCTGCTGA	1
24	23	2	GCTTTCGTTAAGTTGTCTGCTGAT	1
25	24	2	CTTTCGTTAAGTTGTCTGCTGATG	1
26	25	2	TTTCGTTAAGTTGTCTGCTGATGC	1
27	26	2	TTCGTTAAGTTGTCTGCTGATGCT	1
28	27	2	TCGTTAAGTTGTCTGCTGATGCTG	1
29	28	2	CGTTAAGTTGTCTGCTGATGCTGA	1
30	29	2	GTTAAGTTGTCTGCTGATGCTGAT	1
31	30	2	TTAAGTTGTCTGCTGATGCTGATG	1
32	31	2	TAAGTTGTCTGCTGATGCTGATGC	1
33	32	2	AAGTTGTCTGCTGATGCTGATGCT	1
34	33	2	AGTTGTCTGCTGATGCTGATGCTC	1
35	34	2	GTTGTCTGCTGATGCTGATGCTCT	1
36	35	2	TTGTCTGCTGATGCTGATGCTCTT	1
37	36	2	TGTCTGCTGATGCTGATGCTCTTG	1
38	37	2	GTCTGCTGATGCTGATGCTCTTGA	1
39	38	2	TCTGCTGATGCTGATGCTCTTGAT	1
40	39	2	CTGCTGATGCTGATGCTCTTGATG	1
41	40	2	TGCTGATGCTGATGCTCTTGATGT	1
42	41	2	GCTGATGCTGATGCTCTTGATGTT	1
43	42	3	CTGATGCTGATGCTCTTGATGTTG	1
44	43	4	TGATGCTGATGCTCTTGATGTTGC	1
45	44	5	GATGCTGATGCTCTTGATGTTGCT	1
46	45	4	ATGCTGATGCTCTTGATGTTGCTA	1
47	46	4	TGCTGATGCTCTTGATGTTGCTAA	1
48	47	4	GCTGATGCTCTTGATGTTGCTAAC	1
49	48	4	CTGATGCTCTTGATGTTGCTAACC	1
50	49	4	TGATGCTCTTGATGTTGCTAACCG	1
51	50	4	GATGCTCTTGATGTTGCTAACCGC	1
52	51	3	ATGCTCTTGATGTTGCTAACCGCA	1
53	52	3	TGCTCTTGATGTTGCTAACCGCAT	1
54	53	3	GCTCTTGATGTTGCTAACCGCATT	1
55	54	3	CTCTTGATGTTGCTAACCGCATTG	1
56	55	3	TCTTGATGTTGCTAACCGCATTGG	1
57	56	3	CTTGATGTTGCTAACCGCATTGGT	1
58	57	3	TTGATGTTGCTAACCGCATTGGTT	1
59	58	3	TGATGTTGCTAACCGCATTGGTTT	1
60	59	3	GATGTTGCTAACCGCATTGGTTTC	1
61	60	3	ATGTTGCTAACCGCATTGGTTTCC	1
62	61	3	TGTTGCTAACCGCATTGGTTTCCT	1
63	62	3	GTTGCTAACCGCATTGGTTTCCTT	1
64	63	3	TTGCTAACCGCATTGGTTTCCTTT	1
65	64	3	TGCTAACCGCATTGGTTTCCTTTA	1
66	65	3	GCTAACCGCATTGGTTTCCTTTAA	1
67	66	3	CTAACCGCATTGGTTTCCTTTAAA	1
68	67	3	TAACCGCATTGGTTTCCTTTAAAC	1
69	68	3	AACCGCATTGGTTTCCTTTAAACA	1
70	69	3	ACCGCATTGGTTTCCTTTAAACAA	1
71	70	3	CCGCATTGGTTTCCTTTAAACAAT	1
72	71	3	CGCATTGGTTTCCTTTAAACAATG	1
73	72	3	GCATTGGTTTCCTTTAAACAATGT	1
74	73	3	CATTGGTTTCCTTTAAACAATGTA	1
75	74	3	ATTGGTTTCCTTTAAACAATGTAC	1
76	75	3	TTGGTTTCCTTTAAACAATGTACC	1
77	76	3	TGGTTTCCTTTAAACAATGTACCT	1
78	77	3	GGTTTCCTTTAAACAATGTACCTA	1
79	78	3	GTTTCCTTTAAACAATGTACCTAT	1
80	79	3	TTTCCTTTAAACAATGTACCTATA	1
81	80	3	TTCCTTTAAACAATGTACCTATAG	1
82	81	3	TCCTTTAAACAATGTACCTATAGT	1
83	82	3	CCTTTAAACAATGTACCTATAGTC	1
84	83	3	CTTTAAACAATGTACCTATAGTCA	1
85	84	3	TTTAAACAATGTACCTATAGTCAA	1
86	85	3	TTAAACAATGTACCTATAGTCAAG	1
87	86	2	TAAACAATGTACCTATAGTCAAGC	1
88	87	1	AAACAATGTACCTATAGTCAAGCA	1
89	-1	0	CAACTCTTAATTGACAGGACATCA	1
90	89	2	AACTCTTAATTGACAGGACATCAT	1
91	90	2	ACTCTTAATTGACAGGACATCATG	1
92	91	2	CTCTTAATTGACAGGACATCATGA	1
93	92	3	TCTTAATTGACAGGACATCATGAG	1
94	93	5	CTTAATTGACAGGACATCATGAGC	1
95	94	7	TTAATTGACAGGACATCATGAGCG	1
96	95	7	TAATTGACAGGACATCATGAGCGT	1
97	96	7	AATTGACAGGACATCATGAGCGTT	1
98	97	8	ATTGACAGGACATCATGAGCGTTG	1
99	98	8	TTGACAGGACATCATGAGCGTTGC	1
100	99	8	TGACAGGACATCATGAGCGTTGCT	1
101	100	9	GACAGGACATCATGAGCGTTGCTA	1
102	101	9	ACAGGACATCATGAGCGTTGCTAA	1
103	102	9	CAGGACATCATGAGCGTTGCTAAA	1
104	103	10	AGGACATCATGAGCGTTGCTAAAG	1
105	104	10	GGACATCATGAGCGTTGCTAAAGC	1
106	105	10	GACATCATGAGCGTTGCTAAAGCC	1
107	106	11	ACATCATGAGCGTTGCTAAAGCCA	1
108	107	10	CATCATGAGCGTTGCTAAAGCCAA	1
109	108	10	ATCATGAGCGTTGCTAAAGCCAAA	1
110	109	10	TCATGAGCGTTGCTAAAGCCAAAG	1
111	110	10	CATGAGCGTTGCTAAAGCCAAAGG	1
112	111	10	ATGAGCGTTGCTAAAGCCAAAGGA	1
113	112	10	TGAGCGTTGCTAAAGCCAAAGGAG	1
114	113	10	GAGCGTTGCTAAAGCCAAAGGAGC	1
115	114	11	AGCGTTGCTAAAGCCAAAGGAGCA	1
116	115	11	GCGTTGCTAAAGCCAAAGGAGCAC	1
117	116	12	CGTTGCTAAAGCCAAAGGAGCACA	1
118	117	13	GTTGCTAAAGCCAAAGGAGCACAG	1
119	118	14	TTGCTAAAGCCAAAGGAGCACAGA	1
120	119	14	TGCTAAAGCCAAAGGAGCACAGAA	1
121	120	14	GCTAAAGCCAAAGGAGCACAGAAG	1
122	121	14	CTAAAGCCAAAGGAGCACAGAAGA	1
123	122	14	TAAAGCCAAAGGAGCACAGAAGAC	1
124	123	14	AAAGCCAAAGGAGCACAGAAGACC	1
125	124	14	AAGCCAAAGGAGCACAGAAGACCG	1
126	125	14	AGCCAAAGGAGCACAGAAGACCGT	1
127	126	14	GCCAAAGGAGCACAGAAGACCGTT	1
128	127	14	CCAAAGGAGCACAGAAGACCGTTC	1
129	128	14	CAAAGGAGCACAGAAGACCGTTCA	1
130	129	15	AAAGGAGCACAGAAGACCGTTCAA	1
131	130	15	AAGGAGCACAGAAGACCGTTCAAA	1
132	131	15	AGGAGCACAGAAGACCGTTCAAAA	1
133	132	16	GGAGCACAGAAGACCGTTCAAAAG	1
134	133	14	GAGCACAGAAGACCGTTCAAAAGG	1
135	134	14	AGCACAGAAGACCGTTCAAAAGGG	1
136	135	14	GCACAGAAGACCGTTCAAAAGGGT	1
137	136	14	CACAGAAGACCGTTCAAAAGGGTA	1
138	137	12	ACAGAAGACCGTTCAAAAGGGTAT	1
139	138	9	CAGAAGACCGTTCAAAAGGGTATC	1
140	139	9	AGAAGACCGTTCAAAAGGGTATCC	1
141	140	9	GAAGACCGTTCAAAAGGGTATCCA	1
142	141	8	AAGACCGTTCAAAAGGGTATCCAT	1
143	142	8	AGACCGTTCAAAAGGGTATCCATA	1
144	143	8	GACCGTTCAAAAGGGTATCCATAA	1
145	144	7	ACCGTTCAAAAGGGTATCCATAAC	1
146	145	7	CCGTTCAAAAGGGTATCCATAACA	1
147	146	7	CGTTCAAAAGGGTATCCATAACAA	1
148	147	7	GTTCAAAAGGGTATCCATAACAAG	1
149	148	7	TTCAAAAGGGTATCCATAACAAGG	1
150	149	7	TCAAAAGGGTATCCATAACAAGGT	1
151	150	6	CAAAAGGGTATCCATAACAAGGTT	1
152	151	6	AAAAGGGTATCCATAACAAGGTTG	1
153	152	6	AAAGGGTATCCATAACAAGGTTGC	1
154	153	6	AAGGGTATCCATAACAAGGTTGCT	1
155	154	6	AGGGTATCCATAACAAGGTTGCTA	1
156	155	5	GGGTATCCATAACAAGGTTGCTAA	1
157	156	5	GGTATCCATAACAAGGTTGCTAAG	1
158	157	5	GTATCCATAACAAGGTTGCTAAGA	1
159	158	4	TATCCATAACAAGGTTGCTAAGAA	1
160	159	4	ATCCATAACAAGGTTGCTAAGAAG	1
161	160	4	TCCATAACAAGGTTGCTAAGAAGG	1
162	161	3	CCATAACAAGGTTGCTAAGAAGGT	1
163	162	2	CATAACAAGGTTGCTAAGAAGGTT	1
164	163	2	ATAACAAGGTTGCTAAGAAGGTTC	1
165	164	2	TAACAAGGTTGCTAAGAAGGTTCG	1
166	165	2	AACAAGGTTGCTAAGAAGGTTCGC	1
167	166	3	ACAAGGTTGCTAAGAAGGTTCGCA	1
168	167	3	CAAGGTTGCTAAGAAGGTTCGCAC	1
169	168	5	AAGGTTGCTAAGAAGGTTCGCACT	1
170	169	5	AGGTTGCTAAGAAGGTTCGCACTT	1
171	170	5	GGTTGCTAAGAAGGTTCGCACTTC	1
172	171	5	GTTGCTAAGAAGGTTCGCACTTCT	1
173	172	5	TTGCTAAGAAGGTTCGCACTTCTA	1
174	173	4	TGCTAAGAAGGTTCGCACTTCTAC	1
175	174	4	GCTAAGAAGGTTCGCACTTCTACC	1
176	175	4	CTAAGAAGGTTCGCACTTCTACCA	1
177	176	4	TAAGAAGGTTCGCACTTCTACCAC	1
178	177	4	AAGAAGGTTCGCACTTCTACCACC	1
179	178	4	AGAAGGTTCGCACTTCTACCACCT	1
180	179	4	GAAGGTTCGCACTTCTACCACCTT	1
181	180	4	AAGGTTCGCACTTCTACCACCTTC	1
182	181	4	AGGTTCGCACTTCTACCACCTTCC	1
183	182	4	GGTTCGCACTTCTACCACCTTCCG	1
184	183	4	GTTCGCACTTCTACCACCTTCCGT	1
185	184	4	TTCGCACTTCTACCACCTTCCGTC	1
186	185	4	TCGCACTTCTACCACCTTCCGTCG	1
187	186	4	CGCACTTCTACCACCTTCCGTCGC	1
188	187	4	GCACTTCTACCACCTTCCGTCGCC	1
189	188	4	CACTTCTACCACCTTCCGTCGCCC	1
190	189	4	ACTTCTACCACCTTCCGTCGCCCC	1
191	190	5	CTTCTACCACCTTCCGTCGCCCCA	1
192	191	4	TTCTACCACCTTCCGTCGCCCCAA	1
193	192	4	TCTACCACCTTCCGTCGCCCCAAA	1
194	193	4	CTACCACCTTCCGTCGCCCCAAAA	1
195	194	4	TACCACCTTCCGTCGCCCCAAAAC	1
196	195	4	ACCACCTTCCGTCGCCCCAAAACT	1
197	196	4	CCACCTTCCGTCGCCCCAAAACTC	1
198	197	4	CACCTTCCGTCGCCCCAAAACTCT	1
199	198	4	ACCTTCCGTCGCCCCAAAACTCTT	1
200	199	4	CCTTCCGTCGCCCCAAAACTCTTC	1
201	200	4	CTTCCGTCGCCCCAAAACTCTTCA	1
202	201	4	TTCCGTCGCCCCAAAACTCTTCAG	1
203	202	4	TCCGTCGCCCCAAAACTCTTCAGC	1
204	203	4	CCGTCGCCCCAAAACTCTTCAGCT	1
205	204	4	CGTCGCCCCAAAACTCTTCAGCTT	1
206	205	4	GTCGCCCCAAAACTCTTCAGCTTT	1
207	206	4	TCGCCCCAAAACTCTTCAGCTTTC	1
208	207	4	CGCCCCAAAACTCTTCAGCTTTCT	1
209	208	4	GCCCCAAAACTCTTCAGCTTTCTC	1
210	209	4	CCCCAAAACTCTTCAGCTTTCTCG	1
211	210	3	CCCAAAACTCTTCAGCTTTCTCGC	1
212	211	3	CCAAAACTCTTCAGCTTTCTCGCA	1
213	212	1	CAAAACTCTTCAGCTTTCTCGCAA	1
214	213	1	AAAACTCTTCAGCTTTCTCGCAAG	1
215	214	1	AAACTCTTCAGCTTTCTCGCAAGC	1
216	215	1	AACTCTTCAGCTTTCTCGCAAGCC	1
217	216	1	ACTCTTCAGCTTTCTCGCAAGCCC	1
218	217	1	CTCTTCAGCTTTCTCGCAAGCCCA	1
219	218	1	TCTTCAGCTTTCTCGCAAGCCCAA	1
220	219	1	CTTCAGCTTTCTCGCAAGCCCAAG	1
221	220	1	TTCAGCTTTCTCGCAAGCCCAAGT	1
222	221	1	TCAGCTTTCTCGCAAGCCCAAGTA	1
223	222	1	CAGCTTTCTCGCAAGCCCAAGTAT	1
224	223	2	AGCTTTCTCGCAAGCCCAAGTATG	1
225	224	2	GCTTTCTCGCAAGCCCAAGTATGC	1
226	225	2	CTTTCTCGCAAGCCCAAGTATGCT	1
227	226	2	TTTCTCGCAAGCCCAAGTATGCTC	1
228	227	2	TTCTCGCAAGCCCAAGTATGCTCG	1
229	228	2	TCTCGCAAGCCCAAGTATGCTCGC	1
230	229	2	CTCGCAAGCCCAAGTATGCTCGCA	1
231	230	2	TCGCAAGCCCAAGTATGCTCGCAA	1
232	231	3	CGCAAGCCCAAGTATGCTCGCAAG	1
233	232	3	GCAAGCCCAAGTATGCTCGCAAGA	1
234	233	3	CAAGCCCAAGTATGCTCGCAAGAG	1
235	234	2	AAGCCCAAGTATGCTCGCAAGAGT	1
236	235	2	AGCCCAAGTATGCTCGCAAGAGTG	1
237	236	2	GCCCAAGTATGCTCGCAAGAGTGT	1
238	237	2	CCCAAGTATGCTCGCAAGAGTGTT	1
239	238	2	CCAAGTATGCTCGCAAGAGTGTTG	1
240	239	2	CAAGTATGCTCGCAAGAGTGTTGC	1
241	240	2	AAGTATGCTCGCAAGAGTGTTGCT	1
242	241	2	AGTATGCTCGCAAGAGTGTTGCTC	1
243	242	2	GTATGCTCGCAAGAGTGTTGCTCA	1
244	243	2	TATGCTCGCAAGAGTGTTGCTCAT	1
245	244	2	ATGCTCGCAAGAGTGTTGCTCATG	1
246	245	2	TGCTCGCAAGAGTGTTGCTCATGC	1
247	246	2	GCTCGCAAGAGTGTTGCTCATGCT	1
248	247	2	CTCGCAAGAGTGTTGCTCATGCTC	1
249	248	2	TCGCAAGAGTGTTGCTCATGCTCC	1
250	249	2	CGCAAGAGTGTTGCTCATGCTCCT	1
251	250	3	GCAAGAGTGTTGCTCATGCTCCTC	1
252	251	3	CAAGAGTGTTGCTCATGCTCCTCG	1
253	252	3	AAGAGTGTTGCTCATGCTCCTCGT	1
254	253	3	AGAGTGTTGCTCATGCTCCTCGTC	1
255	254	3	GAGTGTTGCTCATGCTCCTCGTCT	1
256	255	3	AGTGTTGCTCATGCTCCTCGTCTC	1
257	256	3	GTGTTGCTCATGCTCCTCGTCTCG	1
258	257	3	TGTTGCTCATGCTCCTCGTCTCGA	1
259	258	3	GTTGCTCATGCTCCTCGTCTCGAT	1
260	259	4	TTGCTCATGCTCCTCGTCTCGATG	1
261	260	4	TGCTCATGCTCCTCGTCTCGATGA	1
262	261	4	GCTCATGCTCCTCGTCTCGATGAG	1
263	262	4	CTCATGCTCCTCGTCTCGATGAGT	1
264	263	4	TCATGCTCCTCGTCTCGATGAGTA	1
265	264	4	CATGCTCCTCGTCTCGATGAGTAC	1
266	265	4	ATGCTCCTCGTCTCGATGAGTACA	1
267	266	4	TGCTCCTCGTCTCGATGAGTACAA	1
268	267	3	GCTCCTCGTCTCGATGAGTACAAA	1
269	268	3	CTCCTCGTCTCGATGAGTACAAAA	1
270	269	3	TCCTCGTCTCGATGAGTACAAAAT	1
271	270	3	CCTCGTCTCGATGAGTACAAAATC	1
272	271	3	CTCGTCTCGATGAGTACAAAATCA	1
273	272	3	TCGTCTCGATGAGTACAAAATCAT	1
274	273	3	CGTCTCGATGAGTACAAAATCATC	1
275	274	3	GTCTCGATGAGTACAAAATCATCG	1
276	275	2	TCTCGATGAGTACAAAATCATCGT	1
277	276	2	CTCGATGAGTACAAAATCATCGTC	1
278	277	2	TCGATGAGTACAAAATCATCGTCA	1
279	278	2	CGATGAGTACAAAATCATCGTCAA	1
280	279	2	GATGAGTACAAAATCATCGTCAAT	1
281	280	2	ATGAGTACAAAATCATCGTCAATC	1
282	281	2	TGAGTACAAAATCATCGTCAATCC	1
283	282	2	GAGTACAAAATCATCGTCAATCCC	1
284	283	2	AGTACAAAATCATCGTCAATCCCA	1
285	284	2	GTACAAAATCATCGTCAATCCCAT	1
286	285	3	TACAAAATCATCGTCAATCCCATT	1
287	286	3	ACAAAATCATCGTCAATCCCATTA	1
288	287	3	CAAAATCATCGTCAATCCCATTAA	1
289	288	3	AAAATCATCGTCAATCCCATTAAT	1
290	289	3	AAATCATCGTCAATCCCATTAATA	1
291	290	4	AATCATCGTCAATCCCATTAATAG	1
292	291	4	ATCATCGTCAATCCCATTAATAGC	1
293	292	4	TCATCGTCAATCCCATTAATAGCG	1
294	293	4	CATCGTCAATCCCATTAATAGCGA	1
295	294	5	ATCGTCAATCCCATTAATAGCGAG	1
296	295	5	TCGTCAATCCCATTAATAGCGAGT	1
297	296	5	CGTCAATCCCATTAATAGCGAGTC	1
298	297	5	GTCAATCCCATTAATAGCGAGTCC	1
299	298	6	TCAATCCCATTAATAGCGAGTCCG	1
300	299	6	CAATCCCATTAATAGCGAGTCCGC	1
301	300	6	AATCCCATTAATAGCGAGTCCGCT	1
302	301	7	ATCCCATTAATAGCGAGTCCGCTA	1
303	302	8	TCCCATTAATAGCGAGTCCGCTAT	1
304	303	7	CCCATTAATAGCGAGTCCGCTATG	1
305	304	7	CCATTAATAGCGAGTCCGCTATGA	1
306	305	7	CATTAATAGCGAGTCCGCTATGAA	1
307	306	7	ATTAATAGCGAGTCCGCTATGAAG	1
308	307	8	TTAATAGCGAGTCCGCTATGAAGA	1
309	308	10	TAATAGCGAGTCCGCTATGAAGAA	1
310	309	11	AATAGCGAGTCCGCTATGAAGAAG	1
311	310	11	ATAGCGAGTCCGCTATGAAGAAGA	1
312	311	11	TAGCGAGTCCGCTATGAAGAAGAT	1
313	312	11	AGCGAGTCCGCTATGAAGAAGATT	1
314	313	11	GCGAGTCCGCTATGAAGAAGATTG	1
315	314	13	CGAGTCCGCTATGAAGAAGATTGA	1
316	315	13	GAGTCCGCTATGAAGAAGATTGAA	1
317	316	13	AGTCCGCTATGAAGAAGATTGAAG	1
318	317	13	GTCCGCTATGAAGAAGATTGAAGA	1
319	318	13	TCCGCTATGAAGAAGATTGAAGAT	1
320	319	13	CCGCTATGAAGAAGATTGAAGATG	1
321	320	13	CGCTATGAAGAAGATTGAAGATGA	1
322	321	13	GCTATGAAGAAGATTGAAGATGAC	1
323	322	13	CTATGAAGAAGATTGAAGATGACA	1
324	323	13	TATGAAGAAGATTGAAGATGACAA	1
325	324	13	ATGAAGAAGATTGAAGATGACAAC	1
326	325	13	TGAAGAAGATTGAAGATGACAACA	1
327	326	13	GAAGAAGATTGAAGATGACAACAC	1
328	327	13	AAGAAGATTGAAGATGACAACACT	1
329	328	13	AGAAGATTGAAGATGACAACACTC	1
330	329	12	GAAGATTGAAGATGACAACACTCT	1
331	330	12	AAGATTGAAGATGACAACACTCTT	1
332	331	12	AGATTGAAGATGACAACACTCTTG	1
333	332	12	GATTGAAGATGACAACACTCTTGT	1
334	333	12	ATTGAAGATGACAACACTCTTGTC	1
335	334	11	TTGAAGATGACAACACTCTTGTCT	1
336	335	11	TGAAGATGACAACACTCTTGTCTT	1
337	336	11	GAAGATGACAACACTCTTGTCTTC	1
338	337	11	AAGATGACAACACTCTTGTCTTCC	1
339	338	9	AGATGACAACACTCTTGTCTTCCA	1
340	339	9	GATGACAACACTCTTGTCTTCCAT	1
341	340	9	ATGACAACACTCTTGTCTTCCATG	1
342	341	9	TGACAACACTCTTGTCTTCCATGT	1
343	342	8	GACAACACTCTTGTCTTCCATGTC	1
344	343	8	ACAACACTCTTGTCTTCCATGTCC	1
345	344	8	CAACACTCTTGTCTTCCATGTCCA	1
346	345	6	AACACTCTTGTCTTCCATGTCCAT	1
347	346	6	ACACTCTTGTCTTCCATGTCCATC	1
348	347	6	CACTCTTGTCTTCCATGTCCATCT	1
349	348	6	ACTCTTGTCTTCCATGTCCATCTT	1
350	349	6	CTCTTGTCTTCCATGTCCATCTTA	1
351	350	6	TCTTGTCTTCCATGTCCATCTTAA	1
352	351	5	CTTGTCTTCCATGTCCATCTTAAA	1
353	352	3	TTGTCTTCCATGTCCATCTTAAAG	1
354	353	2	TGTCTTCCATGTCCATCTTAAAGC	1
355	354	2	GTCTTCCATGTCCATCTTAAAGCC	1
356	355	2	TCTTCCATGTCCATCTTAAAGCCA	1
357	356	3	CTTCCATGTCCATCTTAAAGCCAA	1
358	357	4	TTCCATGTCCATCTTAAAGCCAAC	1
359	358	2	TCCATGTCCATCTTAAAGCCAACA	1
360	359	2	CCATGTCCATCTTAAAGCCAACAA	1
361	360	2	CATGTCCATCTTAAAGCCAACAAG	1
362	361	2	ATGTCCATCTTAAAGCCAACAAGT	1
363	362	3	TGTCCATCTTAAAGCCAACAAGTT	1
364	363	3	GTCCATCTTAAAGCCAACAAGTTC	1
365	364	4	TCCATCTTAAAGCCAACAAGTTCA	1
366	365	5	CCATCTTAAAGCCAACAAGTTCAC	1
367	366	5	CATCTTAAAGCCAACAAGTTCACC	1
368	367	5	ATCTTAAAGCCAACAAGTTCACCA	1
369	368	6	TCTTAAAGCCAACAAGTTCACCAT	1
370	369	6	CTTAAAGCCAACAAGTTCACCATT	1
371	370	6	TTAAAGCCAACAAGTTCACCATTA	1
372	371	6	TAAAGCCAACAAGTTCACCATTAA	1
373	372	6	AAAGCCAACAAGTTCACCATTAAG	1
374	373	6	AAGCCAACAAGTTCACCATTAAGG	1
375	374	7	AGCCAACAAGTTCACCATTAAGGA	1
376	375	7	GCCAACAAGTTCACCATTAAGGAG	1
377	376	7	CCAACAAGTTCACCATTAAGGAGG	1
378	377	7	CAACAAGTTCACCATTAAGGAGGC	1
379	378	7	AACAAGTTCACCATTAAGGAGGCT	1
380	379	7	ACAAGTTCACCATTAAGGAGGCTG	1
381	380	7	CAAGTTCACCATTAAGGAGGCTGT	1
382	381	7	AAGTTCACCATTAAGGAGGCTGTT	1
383	382	7	AGTTCACCATTAAGGAGGCTGTTC	1
384	383	7	GTTCACCATTAAGGAGGCTGTTCG	1
385	384	7	TTCACCATTAAGGAGGCTGTTCGT	1
386	385	7	TCACCATTAAGGAGGCTGTTCGTA	1
387	386	7	CACCATTAAGGAGGCTGTTCGTAA	1
388	387	8	ACCATTAAGGAGGCTGTTCGTAAG	1
389	388	8	CCATTAAGGAGGCTGTTCGTAAGC	1
390	389	8	CATTAAGGAGGCTGTTCGTAAGCT	1
391	390	8	ATTAAGGAGGCTGTTCGTAAGCTT	1
392	391	8	TTAAGGAGGCTGTTCGTAAGCTTT	1
393	392	8	TAAGGAGGCTGTTCGTAAGCTTTA	1
394	393	8	AAGGAGGCTGTTCGTAAGCTTTAC	1
395	394	8	AGGAGGCTGTTCGTAAGCTTTACA	1
396	395	8	GGAGGCTGTTCGTAAGCTTTACAG	1
397	396	8	GAGGCTGTTCGTAAGCTTTACAGC	1
398	397	8	AGGCTGTTCGTAAGCTTTACAGCG	1
399	398	8	GGCTGTTCGTAAGCTTTACAGCGT	1
400	399	8	GCTGTTCGTAAGCTTTACAGCGTT	1
401	400	7	CTGTTCGTAAGCTTTACAGCGTTG	1
402	401	6	TGTTCGTAAGCTTTACAGCGTTGA	1
403	402	6	GTTCGTAAGCTTTACAGCGTTGAA	1
404	403	6	TTCGTAAGCTTTACAGCGTTGAAC	1
405	404	6	TCGTAAGCTTTACAGCGTTGAACC	1
406	405	6	CGTAAGCTTTACAGCGTTGAACCC	1
407	406	5	GTAAGCTTTACAGCGTTGAACCCG	1
408	407	4	TAAGCTTTACAGCGTTGAACCCGT	1
409	408	4	AAGCTTTACAGCGTTGAACCCGTC	1
410	409	3	AGCTTTACAGCGTTGAACCCGTCA	1
411	410	3	GCTTTACAGCGTTGAACCCGTCAA	1
412	411	3	CTTTACAGCGTTGAACCCGTCAAG	1
413	412	2	TTTACAGCGTTGAACCCGTCAAGA	1
414	413	2	TTACAGCGTTGAACCCGTCAAGAT	1
415	414	2	TACAGCGTTGAACCCGTCAAGATC	1
416	415	2	ACAGCGTTGAACCCGTCAAGATCA	1
417	416	2	CAGCGTTGAACCCGTCAAGATCAA	1
418	417	2	AGCGTTGAACCCGTCAAGATCAAC	1
419	418	1	GCGTTGAACCCGTCAAGATCAACA	1
420	419	1	CGTTGAACCCGTCAAGATCAACAC	1
421	420	1	GTTGAACCCGTCAAGATCAACACT	1
422	421	1	TTGAACCCGTCAAGATCAACACTT	1
423	422	1	TGAACCCGTCAAGATCAACACTTT	1
424	423	1	GAACCCGTCAAGATCAACACTTTG	1
425	424	1	AACCCGTCAAGATCAACACTTTGA	1
426	425	1	ACCCGTCAAGATCAACACTTTGAT	1
427	426	1	CCCGTCAAGATCAACACTTTGATT	1
428	427	1	CCGTCAAGATCAACACTTTGATTC	1
429	428	1	CGTCAAGATCAACACTTTGATTCG	1
430	429	1	GTCAAGATCAACACTTTGATTCGT	1
431	430	1	TCAAGATCAACACTTTGATTCGTC	1
