Component 179
1	-1	0	GACGAAAGTGGCTTGATTCATTAT	1
2	1	1	ACGAAAGTGGCTTGATTCATTATC	1
3	2	1	CGAAAGTGGCTTGATTCATTATCT	1
4	3	1	GAAAGTGGCTTGATTCATTATCTA	1
5	4	1	AAAGTGGCTTGATTCATTATCTAG	1
6	5	1	AAGTGGCTTGATTCATTATCTAGC	1
7	6	1	AGTGGCTTGATTCATTATCTAGCT	1
8	7	1	GTGGCTTGATTCATTATCTAGCTC	1
9	8	1	TGGCTTGATTCATTATCTAGCTCA	1
10	9	1	GGCTTGATTCATTATCTAGCTCAT	1
11	10	1	GCTTGATTCATTATCTAGCTCATT	1
12	11	1	CTTGATTCATTATCTAGCTCATTA	1
13	12	1	TTGATTCATTATCTAGCTCATTAC	1
14	13	1	TGATTCATTATCTAGCTCATTACC	1
15	14	1	GATTCATTATCTAGCTCATTACCT	1
16	15	1	ATTCATTATCTAGCTCATTACCTT	1
17	16	1	TTCATTATCTAGCTCATTACCTTC	1
18	17	1	TCATTATCTAGCTCATTACCTTCG	1
19	18	1	CATTATCTAGCTCATTACCTTCGA	1
20	19	1	ATTATCTAGCTCATTACCTTCGAG	1
21	20	1	TTATCTAGCTCATTACCTTCGAGT	1
22	21	1	TATCTAGCTCATTACCTTCGAGTC	1
23	22	1	ATCTAGCTCATTACCTTCGAGTCT	1
24	23	1	TCTAGCTCATTACCTTCGAGTCTC	1
25	24	1	CTAGCTCATTACCTTCGAGTCTCT	1
26	25	1	TAGCTCATTACCTTCGAGTCTCTT	1
27	26	1	AGCTCATTACCTTCGAGTCTCTTG	1
28	27	1	GCTCATTACCTTCGAGTCTCTTGA	1
29	28	1	CTCATTACCTTCGAGTCTCTTGAA	1
30	29	1	TCATTACCTTCGAGTCTCTTGAAC	1
31	30	1	CATTACCTTCGAGTCTCTTGAACA	1
32	31	1	ATTACCTTCGAGTCTCTTGAACAG	1
33	32	1	TTACCTTCGAGTCTCTTGAACAGA	1
34	33	1	TACCTTCGAGTCTCTTGAACAGAG	1
35	34	1	ACCTTCGAGTCTCTTGAACAGAGG	1
36	35	1	CCTTCGAGTCTCTTGAACAGAGGT	1
37	36	1	CTTCGAGTCTCTTGAACAGAGGTT	1
38	37	1	TTCGAGTCTCTTGAACAGAGGTTC	1
39	38	1	TCGAGTCTCTTGAACAGAGGTTCT	1
40	39	1	CGAGTCTCTTGAACAGAGGTTCTT	1
41	40	4	GAGTCTCTTGAACAGAGGTTCTTC	1
42	41	4	AGTCTCTTGAACAGAGGTTCTTCT	1
43	42	4	GTCTCTTGAACAGAGGTTCTTCTA	1
44	43	4	TCTCTTGAACAGAGGTTCTTCTAC	1
45	44	4	CTCTTGAACAGAGGTTCTTCTACG	1
46	45	3	TCTTGAACAGAGGTTCTTCTACGC	1
47	46	3	CTTGAACAGAGGTTCTTCTACGCA	1
48	47	3	TTGAACAGAGGTTCTTCTACGCAT	1
49	48	3	TGAACAGAGGTTCTTCTACGCATT	1
50	49	3	GAACAGAGGTTCTTCTACGCATTC	1
51	50	3	AACAGAGGTTCTTCTACGCATTCT	1
52	51	3	ACAGAGGTTCTTCTACGCATTCTT	1
53	52	3	CAGAGGTTCTTCTACGCATTCTTG	1
54	53	3	AGAGGTTCTTCTACGCATTCTTGG	1
55	54	3	GAGGTTCTTCTACGCATTCTTGGG	1
56	55	3	AGGTTCTTCTACGCATTCTTGGGA	1
57	56	3	GGTTCTTCTACGCATTCTTGGGAG	1
58	57	3	GTTCTTCTACGCATTCTTGGGAGA	1
59	58	3	TTCTTCTACGCATTCTTGGGAGAA	1
60	59	3	TCTTCTACGCATTCTTGGGAGAAA	1
61	60	3	CTTCTACGCATTCTTGGGAGAAAC	1
62	61	3	TTCTACGCATTCTTGGGAGAAACT	1
63	62	3	TCTACGCATTCTTGGGAGAAACTA	1
64	63	3	CTACGCATTCTTGGGAGAAACTAA	1
65	64	3	TACGCATTCTTGGGAGAAACTAAC	1
66	65	3	ACGCATTCTTGGGAGAAACTAACA	1
67	66	3	CGCATTCTTGGGAGAAACTAACAA	1
68	67	3	GCATTCTTGGGAGAAACTAACAAA	1
69	68	3	CATTCTTGGGAGAAACTAACAAAT	1
70	69	3	ATTCTTGGGAGAAACTAACAAATG	1
71	70	3	TTCTTGGGAGAAACTAACAAATGC	1
72	71	3	TCTTGGGAGAAACTAACAAATGCC	1
73	72	3	CTTGGGAGAAACTAACAAATGCCT	1
74	73	3	TTGGGAGAAACTAACAAATGCCTC	1
75	74	3	TGGGAGAAACTAACAAATGCCTCT	1
76	75	3	GGGAGAAACTAACAAATGCCTCTA	1
77	76	3	GGAGAAACTAACAAATGCCTCTAC	1
78	77	3	GAGAAACTAACAAATGCCTCTACC	1
79	78	3	AGAAACTAACAAATGCCTCTACCG	1
80	79	3	GAAACTAACAAATGCCTCTACCGA	1
81	80	3	AAACTAACAAATGCCTCTACCGAG	1
82	81	3	AACTAACAAATGCCTCTACCGAGG	1
83	82	3	ACTAACAAATGCCTCTACCGAGGA	1
84	83	3	CTAACAAATGCCTCTACCGAGGAA	1
85	-1	0	CGAAAGTATTCCCAGAGGACTCTA	1
86	85	1	GAAAGTATTCCCAGAGGACTCTAG	1
87	86	1	AAAGTATTCCCAGAGGACTCTAGA	1
88	87	1	AAGTATTCCCAGAGGACTCTAGAC	1
89	88	1	AGTATTCCCAGAGGACTCTAGACT	1
90	89	1	GTATTCCCAGAGGACTCTAGACTA	1
91	90	1	TATTCCCAGAGGACTCTAGACTAC	1
92	91	1	ATTCCCAGAGGACTCTAGACTACT	1
93	92	1	TTCCCAGAGGACTCTAGACTACTA	1
94	93	1	TCCCAGAGGACTCTAGACTACTAT	1
95	94	1	CCCAGAGGACTCTAGACTACTATT	1
96	95	1	CCAGAGGACTCTAGACTACTATTT	1
97	96	1	CAGAGGACTCTAGACTACTATTTG	1
98	97	1	AGAGGACTCTAGACTACTATTTGC	1
99	98	1	GAGGACTCTAGACTACTATTTGCT	1
100	99	1	AGGACTCTAGACTACTATTTGCTG	1
101	100	1	GGACTCTAGACTACTATTTGCTGA	1
102	101	1	GACTCTAGACTACTATTTGCTGAG	1
103	102	1	ACTCTAGACTACTATTTGCTGAGC	1
104	103	2	CTCTAGACTACTATTTGCTGAGCA	1
105	104	2	TCTAGACTACTATTTGCTGAGCAA	1
106	105	2	CTAGACTACTATTTGCTGAGCAAT	1
107	106	2	TAGACTACTATTTGCTGAGCAATC	1
108	107	2	AGACTACTATTTGCTGAGCAATCG	1
109	108	2	GACTACTATTTGCTGAGCAATCGC	1
110	109	2	ACTACTATTTGCTGAGCAATCGCG	1
111	110	2	CTACTATTTGCTGAGCAATCGCGA	1
112	111	2	TACTATTTGCTGAGCAATCGCGAC	1
113	112	2	ACTATTTGCTGAGCAATCGCGACA	1
114	113	2	CTATTTGCTGAGCAATCGCGACAC	1
115	114	2	TATTTGCTGAGCAATCGCGACACC	1
116	115	2	ATTTGCTGAGCAATCGCGACACCC	1
117	116	3	TTTGCTGAGCAATCGCGACACCCC	1
118	117	3	TTGCTGAGCAATCGCGACACCCCA	1
119	118	3	TGCTGAGCAATCGCGACACCCCAA	1
120	119	3	GCTGAGCAATCGCGACACCCCAAG	1
121	120	3	CTGAGCAATCGCGACACCCCAAGT	1
122	121	3	TGAGCAATCGCGACACCCCAAGTA	1
123	122	3	GAGCAATCGCGACACCCCAAGTAC	1
124	123	3	AGCAATCGCGACACCCCAAGTACA	1
125	124	3	GCAATCGCGACACCCCAAGTACAC	1
126	125	3	CAATCGCGACACCCCAAGTACACC	1
127	126	3	AATCGCGACACCCCAAGTACACCG	1
128	127	3	ATCGCGACACCCCAAGTACACCGA	1
129	128	2	TCGCGACACCCCAAGTACACCGAT	1
130	129	2	CGCGACACCCCAAGTACACCGATA	1
131	130	2	GCGACACCCCAAGTACACCGATAT	1
132	131	2	CGACACCCCAAGTACACCGATATT	1
133	132	2	GACACCCCAAGTACACCGATATTA	1
134	133	2	ACACCCCAAGTACACCGATATTAT	1
135	134	2	CACCCCAAGTACACCGATATTATT	1
136	135	2	ACCCCAAGTACACCGATATTATTC	1
137	136	2	CCCCAAGTACACCGATATTATTCA	1
138	137	2	CCCAAGTACACCGATATTATTCAA	1
139	138	2	CCAAGTACACCGATATTATTCAAA	1
140	139	2	CAAGTACACCGATATTATTCAAAA	1
141	140	2	AAGTACACCGATATTATTCAAAAA	1
142	141	2	AGTACACCGATATTATTCAAAAAT	1
143	142	2	GTACACCGATATTATTCAAAAATT	1
144	143	2	TACACCGATATTATTCAAAAATTA	1
145	144	2	ACACCGATATTATTCAAAAATTAA	1
146	145	2	CACCGATATTATTCAAAAATTAAA	1
147	146	2	ACCGATATTATTCAAAAATTAAAG	1
148	147	1	CCGATATTATTCAAAAATTAAAGA	1
149	148	1	CGATATTATTCAAAAATTAAAGAA	1
150	149	1	GATATTATTCAAAAATTAAAGAAA	1
151	150	1	ATATTATTCAAAAATTAAAGAAAC	1
152	151	1	TATTATTCAAAAATTAAAGAAACC	1
153	152	1	ATTATTCAAAAATTAAAGAAACCG	1
154	153	1	TTATTCAAAAATTAAAGAAACCGT	1
155	154	1	TATTCAAAAATTAAAGAAACCGTC	1
156	155	2	ATTCAAAAATTAAAGAAACCGTCT	1
157	156	2	TTCAAAAATTAAAGAAACCGTCTC	1
158	157	2	TCAAAAATTAAAGAAACCGTCTCG	1
159	158	2	CAAAAATTAAAGAAACCGTCTCGC	1
160	159	2	AAAAATTAAAGAAACCGTCTCGCG	1
161	160	1	AAAATTAAAGAAACCGTCTCGCGA	1
162	161	1	AAATTAAAGAAACCGTCTCGCGAA	1
163	162	1	AATTAAAGAAACCGTCTCGCGAAA	1
164	163	1	ATTAAAGAAACCGTCTCGCGAAAA	1
165	164	1	TTAAAGAAACCGTCTCGCGAAAAG	1
166	165	1	TAAAGAAACCGTCTCGCGAAAAGT	1
167	166	1	AAAGAAACCGTCTCGCGAAAAGTC	1
168	167	1	AAGAAACCGTCTCGCGAAAAGTCT	1
169	168	1	AGAAACCGTCTCGCGAAAAGTCTT	1
170	169	1	GAAACCGTCTCGCGAAAAGTCTTT	1
171	170	1	AAACCGTCTCGCGAAAAGTCTTTT	1
172	171	1	AACCGTCTCGCGAAAAGTCTTTTA	1
173	172	1	ACCGTCTCGCGAAAAGTCTTTTAC	1
174	173	1	CCGTCTCGCGAAAAGTCTTTTACT	1
175	174	1	CGTCTCGCGAAAAGTCTTTTACTT	1
176	175	1	GTCTCGCGAAAAGTCTTTTACTTC	1
177	176	1	TCTCGCGAAAAGTCTTTTACTTCT	1
178	177	1	CTCGCGAAAAGTCTTTTACTTCTT	1
179	178	1	TCGCGAAAAGTCTTTTACTTCTTC	1
180	179	2	CGCGAAAAGTCTTTTACTTCTTCT	1
181	180	2	GCGAAAAGTCTTTTACTTCTTCTT	1
182	181	2	CGAAAAGTCTTTTACTTCTTCTTC	1
183	182	2	GAAAAGTCTTTTACTTCTTCTTCA	1
184	183	2	AAAAGTCTTTTACTTCTTCTTCAG	1
185	184	2	AAAGTCTTTTACTTCTTCTTCAGA	1
186	185	2	AAGTCTTTTACTTCTTCTTCAGAA	1
187	186	2	AGTCTTTTACTTCTTCTTCAGAAT	1
188	187	2	GTCTTTTACTTCTTCTTCAGAATA	1
189	188	2	TCTTTTACTTCTTCTTCAGAATAT	1
190	189	2	CTTTTACTTCTTCTTCAGAATATT	1
191	190	2	TTTTACTTCTTCTTCAGAATATTC	1
192	191	2	TTTACTTCTTCTTCAGAATATTCA	1
193	192	2	TTACTTCTTCTTCAGAATATTCAC	1
194	193	2	TACTTCTTCTTCAGAATATTCACT	1
195	194	2	ACTTCTTCTTCAGAATATTCACTT	1
196	195	2	CTTCTTCTTCAGAATATTCACTTC	1
197	196	2	TTCTTCTTCAGAATATTCACTTCC	1
198	197	2	TCTTCTTCAGAATATTCACTTCCA	1
199	198	2	CTTCTTCAGAATATTCACTTCCAT	1
200	199	1	TTCTTCAGAATATTCACTTCCATT	1
201	200	1	TCTTCAGAATATTCACTTCCATTT	1
202	201	1	CTTCAGAATATTCACTTCCATTTA	1
203	202	1	TTCAGAATATTCACTTCCATTTAT	1
204	203	1	TCAGAATATTCACTTCCATTTATA	1
205	204	1	CAGAATATTCACTTCCATTTATAT	1
206	205	1	AGAATATTCACTTCCATTTATATC	1
207	206	1	GAATATTCACTTCCATTTATATCA	1
208	207	1	AATATTCACTTCCATTTATATCAC	1
209	208	1	ATATTCACTTCCATTTATATCACC	1
210	209	1	TATTCACTTCCATTTATATCACCG	1
211	210	1	ATTCACTTCCATTTATATCACCGG	1
212	211	1	TTCACTTCCATTTATATCACCGGC	1
213	212	1	TCACTTCCATTTATATCACCGGCT	1
214	213	1	CACTTCCATTTATATCACCGGCTT	1
215	214	1	ACTTCCATTTATATCACCGGCTTC	1
216	215	1	CTTCCATTTATATCACCGGCTTCG	1
217	216	1	TTCCATTTATATCACCGGCTTCGG	1
218	217	1	TCCATTTATATCACCGGCTTCGGA	1
219	218	1	CCATTTATATCACCGGCTTCGGAT	1
220	219	1	CATTTATATCACCGGCTTCGGATT	1
221	220	1	ATTTATATCACCGGCTTCGGATTA	1
222	221	1	TTTATATCACCGGCTTCGGATTAC	1
223	222	1	TTATATCACCGGCTTCGGATTACC	1
