Component 181
1	-1	0	ATTTTGAAATATACTGCTGATGAG	1
2	1	1	TTTTGAAATATACTGCTGATGAGG	1
3	2	1	TTTGAAATATACTGCTGATGAGGC	1
4	3	1	TTGAAATATACTGCTGATGAGGCA	1
5	4	1	TGAAATATACTGCTGATGAGGCAC	1
6	5	1	GAAATATACTGCTGATGAGGCACG	1
7	6	1	AAATATACTGCTGATGAGGCACGC	1
8	7	1	AATATACTGCTGATGAGGCACGCA	1
9	8	1	ATATACTGCTGATGAGGCACGCAC	1
10	9	1	TATACTGCTGATGAGGCACGCACC	1
11	10	1	ATACTGCTGATGAGGCACGCACCT	1
12	11	1	TACTGCTGATGAGGCACGCACCTT	1
13	12	1	ACTGCTGATGAGGCACGCACCTTG	1
14	13	1	CTGCTGATGAGGCACGCACCTTGA	1
15	14	1	TGCTGATGAGGCACGCACCTTGAA	1
16	15	1	GCTGATGAGGCACGCACCTTGAAA	1
17	16	1	CTGATGAGGCACGCACCTTGAAAA	1
18	17	1	TGATGAGGCACGCACCTTGAAAAA	1
19	18	1	GATGAGGCACGCACCTTGAAAAAT	1
20	19	1	ATGAGGCACGCACCTTGAAAAATC	1
21	20	1	TGAGGCACGCACCTTGAAAAATCA	1
22	21	1	GAGGCACGCACCTTGAAAAATCAA	1
23	22	2	AGGCACGCACCTTGAAAAATCAAG	1
24	23	2	GGCACGCACCTTGAAAAATCAAGG	1
25	24	2	GCACGCACCTTGAAAAATCAAGGC	1
26	25	2	CACGCACCTTGAAAAATCAAGGCG	1
27	26	2	ACGCACCTTGAAAAATCAAGGCGA	1
28	27	2	CGCACCTTGAAAAATCAAGGCGAA	1
29	28	2	GCACCTTGAAAAATCAAGGCGAAT	1
30	29	2	CACCTTGAAAAATCAAGGCGAATT	1
31	30	2	ACCTTGAAAAATCAAGGCGAATTG	1
32	31	2	CCTTGAAAAATCAAGGCGAATTGC	1
33	32	2	CTTGAAAAATCAAGGCGAATTGCC	1
34	33	2	TTGAAAAATCAAGGCGAATTGCCC	1
35	34	2	TGAAAAATCAAGGCGAATTGCCCG	1
36	35	5	GAAAAATCAAGGCGAATTGCCCGA	1
37	36	5	AAAAATCAAGGCGAATTGCCCGAA	1
38	37	5	AAAATCAAGGCGAATTGCCCGAAA	1
39	38	5	AAATCAAGGCGAATTGCCCGAAAC	1
40	39	5	AATCAAGGCGAATTGCCCGAAACA	1
41	40	5	ATCAAGGCGAATTGCCCGAAACAG	1
42	41	5	TCAAGGCGAATTGCCCGAAACAGC	1
43	42	5	CAAGGCGAATTGCCCGAAACAGCC	1
44	43	5	AAGGCGAATTGCCCGAAACAGCCA	1
45	44	5	AGGCGAATTGCCCGAAACAGCCAA	1
46	45	4	GGCGAATTGCCCGAAACAGCCAAG	1
47	46	4	GCGAATTGCCCGAAACAGCCAAGA	1
48	47	4	CGAATTGCCCGAAACAGCCAAGAT	1
49	48	4	GAATTGCCCGAAACAGCCAAGATC	1
50	49	4	AATTGCCCGAAACAGCCAAGATCA	1
51	50	4	ATTGCCCGAAACAGCCAAGATCAA	1
52	51	4	TTGCCCGAAACAGCCAAGATCAAC	1
53	52	4	TGCCCGAAACAGCCAAGATCAACG	1
54	53	4	GCCCGAAACAGCCAAGATCAACGA	1
55	54	4	CCCGAAACAGCCAAGATCAACGAA	1
56	55	4	CCGAAACAGCCAAGATCAACGAAA	1
57	56	4	CGAAACAGCCAAGATCAACGAAAC	1
58	57	4	GAAACAGCCAAGATCAACGAAACG	1
59	58	4	AAACAGCCAAGATCAACGAAACGG	1
60	59	4	AACAGCCAAGATCAACGAAACGGA	1
61	60	4	ACAGCCAAGATCAACGAAACGGAT	1
62	61	4	CAGCCAAGATCAACGAAACGGATA	1
63	62	4	AGCCAAGATCAACGAAACGGATAC	1
64	63	4	GCCAAGATCAACGAAACGGATACA	1
65	64	4	CCAAGATCAACGAAACGGATACAT	1
66	65	4	CAAGATCAACGAAACGGATACATT	1
67	66	3	AAGATCAACGAAACGGATACATTT	1
68	67	3	AGATCAACGAAACGGATACATTTG	1
69	68	3	GATCAACGAAACGGATACATTTGG	1
70	69	3	ATCAACGAAACGGATACATTTGGC	1
71	70	3	TCAACGAAACGGATACATTTGGCG	1
72	71	2	CAACGAAACGGATACATTTGGCGC	1
73	72	2	AACGAAACGGATACATTTGGCGCT	1
74	73	2	ACGAAACGGATACATTTGGCGCTG	1
75	74	2	CGAAACGGATACATTTGGCGCTGA	1
76	75	2	GAAACGGATACATTTGGCGCTGAA	1
77	76	3	AAACGGATACATTTGGCGCTGAAG	1
78	77	3	AACGGATACATTTGGCGCTGAAGG	1
79	78	3	ACGGATACATTTGGCGCTGAAGGA	1
80	79	1	CGGATACATTTGGCGCTGAAGGAG	1
81	80	1	GGATACATTTGGCGCTGAAGGAGA	1
82	81	1	GATACATTTGGCGCTGAAGGAGAG	1
83	82	1	ATACATTTGGCGCTGAAGGAGAGG	1
84	83	1	TACATTTGGCGCTGAAGGAGAGGA	1
85	84	1	ACATTTGGCGCTGAAGGAGAGGAT	1
86	85	1	CATTTGGCGCTGAAGGAGAGGATG	1
87	86	1	ATTTGGCGCTGAAGGAGAGGATGA	1
88	87	1	TTTGGCGCTGAAGGAGAGGATGAT	1
89	88	1	TTGGCGCTGAAGGAGAGGATGATC	1
90	89	1	TGGCGCTGAAGGAGAGGATGATCT	1
91	90	1	GGCGCTGAAGGAGAGGATGATCTT	1
92	91	1	GCGCTGAAGGAGAGGATGATCTTG	1
93	92	1	CGCTGAAGGAGAGGATGATCTTGA	1
94	93	1	GCTGAAGGAGAGGATGATCTTGAC	1
95	94	1	CTGAAGGAGAGGATGATCTTGACT	1
96	95	1	TGAAGGAGAGGATGATCTTGACTT	1
97	96	1	GAAGGAGAGGATGATCTTGACTTT	1
98	97	1	AAGGAGAGGATGATCTTGACTTTG	1
99	98	1	AGGAGAGGATGATCTTGACTTTGA	1
100	99	1	GGAGAGGATGATCTTGACTTTGAG	1
101	100	1	GAGAGGATGATCTTGACTTTGAGT	1
102	101	1	AGAGGATGATCTTGACTTTGAGTT	1
103	102	1	GAGGATGATCTTGACTTTGAGTTT	1
104	103	1	AGGATGATCTTGACTTTGAGTTTG	1
105	104	1	GGATGATCTTGACTTTGAGTTTGA	1
106	105	2	GATGATCTTGACTTTGAGTTTGAT	1
107	106	2	ATGATCTTGACTTTGAGTTTGATG	1
108	107	2	TGATCTTGACTTTGAGTTTGATGT	1
109	108	2	GATCTTGACTTTGAGTTTGATGTC	1
110	109	2	ATCTTGACTTTGAGTTTGATGTCG	1
111	110	2	TCTTGACTTTGAGTTTGATGTCGA	1
112	111	2	CTTGACTTTGAGTTTGATGTCGAT	1
113	112	2	TTGACTTTGAGTTTGATGTCGATG	1
114	113	2	TGACTTTGAGTTTGATGTCGATGC	1
115	114	3	GACTTTGAGTTTGATGTCGATGCT	1
116	115	3	ACTTTGAGTTTGATGTCGATGCTA	1
117	116	3	CTTTGAGTTTGATGTCGATGCTAT	1
118	117	3	TTTGAGTTTGATGTCGATGCTATT	1
119	118	3	TTGAGTTTGATGTCGATGCTATTT	1
120	119	3	TGAGTTTGATGTCGATGCTATTTA	1
121	120	2	GAGTTTGATGTCGATGCTATTTAA	1
122	121	2	AGTTTGATGTCGATGCTATTTAAA	1
123	122	2	GTTTGATGTCGATGCTATTTAAAA	1
124	123	2	TTTGATGTCGATGCTATTTAAAAT	1
125	124	2	TTGATGTCGATGCTATTTAAAATT	1
126	125	2	TGATGTCGATGCTATTTAAAATTT	1
127	126	2	GATGTCGATGCTATTTAAAATTTT	1
128	127	2	ATGTCGATGCTATTTAAAATTTTT	1
129	128	2	TGTCGATGCTATTTAAAATTTTTC	1
130	129	2	GTCGATGCTATTTAAAATTTTTCG	1
131	130	2	TCGATGCTATTTAAAATTTTTCGG	1
132	131	2	CGATGCTATTTAAAATTTTTCGGA	1
133	132	2	GATGCTATTTAAAATTTTTCGGAA	1
134	133	2	ATGCTATTTAAAATTTTTCGGAAG	1
135	134	3	TGCTATTTAAAATTTTTCGGAAGG	1
136	135	3	GCTATTTAAAATTTTTCGGAAGGA	1
137	136	3	CTATTTAAAATTTTTCGGAAGGAT	1
138	137	3	TATTTAAAATTTTTCGGAAGGATA	1
139	138	3	ATTTAAAATTTTTCGGAAGGATAA	1
140	139	3	TTTAAAATTTTTCGGAAGGATAAG	1
141	140	3	TTAAAATTTTTCGGAAGGATAAGG	1
142	141	3	TAAAATTTTTCGGAAGGATAAGGT	1
143	142	3	AAAATTTTTCGGAAGGATAAGGTT	1
144	143	3	AAATTTTTCGGAAGGATAAGGTTT	1
145	144	3	AATTTTTCGGAAGGATAAGGTTTA	1
146	145	3	ATTTTTCGGAAGGATAAGGTTTAT	1
147	146	3	TTTTTCGGAAGGATAAGGTTTATT	1
148	147	3	TTTTCGGAAGGATAAGGTTTATTT	1
149	148	3	TTTCGGAAGGATAAGGTTTATTTT	1
150	149	2	TTCGGAAGGATAAGGTTTATTTTA	1
151	150	2	TCGGAAGGATAAGGTTTATTTTAT	1
152	151	2	CGGAAGGATAAGGTTTATTTTATT	1
153	152	2	GGAAGGATAAGGTTTATTTTATTA	1
154	153	2	GAAGGATAAGGTTTATTTTATTAA	1
155	154	3	AAGGATAAGGTTTATTTTATTAAG	1
156	155	2	AGGATAAGGTTTATTTTATTAAGT	1
157	156	2	GGATAAGGTTTATTTTATTAAGTG	1
158	157	2	GATAAGGTTTATTTTATTAAGTGG	1
159	158	2	ATAAGGTTTATTTTATTAAGTGGG	1
160	159	2	TAAGGTTTATTTTATTAAGTGGGT	1
161	160	2	AAGGTTTATTTTATTAAGTGGGTT	1
162	161	2	AGGTTTATTTTATTAAGTGGGTTT	1
163	162	2	GGTTTATTTTATTAAGTGGGTTTT	1
164	163	2	GTTTATTTTATTAAGTGGGTTTTT	1
165	164	2	TTTATTTTATTAAGTGGGTTTTTC	1
166	165	2	TTATTTTATTAAGTGGGTTTTTCT	1
167	166	2	TATTTTATTAAGTGGGTTTTTCTA	1
168	167	2	ATTTTATTAAGTGGGTTTTTCTAC	1
169	168	2	TTTTATTAAGTGGGTTTTTCTACC	1
170	169	2	TTTATTAAGTGGGTTTTTCTACCA	1
171	170	2	TTATTAAGTGGGTTTTTCTACCAT	1
172	171	2	TATTAAGTGGGTTTTTCTACCATG	1
173	172	2	ATTAAGTGGGTTTTTCTACCATGT	1
174	173	2	TTAAGTGGGTTTTTCTACCATGTT	1
175	174	2	TAAGTGGGTTTTTCTACCATGTTT	1
176	175	2	AAGTGGGTTTTTCTACCATGTTTC	1
177	176	2	AGTGGGTTTTTCTACCATGTTTCC	1
178	177	1	GTGGGTTTTTCTACCATGTTTCCT	1
179	-1	0	CTTTTTTTTCTTTTTTTAAAAATT	1
180	179	1	TTTTTTTTCTTTTTTTAAAAATTT	1
181	180	1	TTTTTTTCTTTTTTTAAAAATTTT	1
182	181	1	TTTTTTCTTTTTTTAAAAATTTTG	1
183	182	1	TTTTTCTTTTTTTAAAAATTTTGG	1
184	183	1	TTTTCTTTTTTTAAAAATTTTGGT	1
185	184	1	TTTCTTTTTTTAAAAATTTTGGTT	1
186	185	1	TTCTTTTTTTAAAAATTTTGGTTT	1
187	186	1	TCTTTTTTTAAAAATTTTGGTTTC	1
188	187	1	CTTTTTTTAAAAATTTTGGTTTCC	1
189	188	1	TTTTTTTAAAAATTTTGGTTTCCG	1
190	189	5	TTTTTTAAAAATTTTGGTTTCCGG	1
191	190	5	TTTTTAAAAATTTTGGTTTCCGGC	1
192	191	6	TTTTAAAAATTTTGGTTTCCGGCA	1
193	192	6	TTTAAAAATTTTGGTTTCCGGCAT	1
194	193	6	TTAAAAATTTTGGTTTCCGGCATG	1
195	194	6	TAAAAATTTTGGTTTCCGGCATGT	1
196	195	6	AAAAATTTTGGTTTCCGGCATGTC	1
197	196	6	AAAATTTTGGTTTCCGGCATGTCA	1
198	197	6	AAATTTTGGTTTCCGGCATGTCAT	1
199	198	6	AATTTTGGTTTCCGGCATGTCATG	1
200	199	6	ATTTTGGTTTCCGGCATGTCATGT	1
201	200	5	TTTTGGTTTCCGGCATGTCATGTT	1
202	201	5	TTTGGTTTCCGGCATGTCATGTTT	1
203	202	5	TTGGTTTCCGGCATGTCATGTTTT	1
204	203	5	TGGTTTCCGGCATGTCATGTTTTT	1
205	204	5	GGTTTCCGGCATGTCATGTTTTTT	1
206	205	5	GTTTCCGGCATGTCATGTTTTTTG	1
207	206	5	TTTCCGGCATGTCATGTTTTTTGC	1
208	207	5	TTCCGGCATGTCATGTTTTTTGCA	1
209	208	5	TCCGGCATGTCATGTTTTTTGCAG	1
210	209	5	CCGGCATGTCATGTTTTTTGCAGG	1
211	210	5	CGGCATGTCATGTTTTTTGCAGGG	1
212	211	5	GGCATGTCATGTTTTTTGCAGGGT	1
213	212	5	GCATGTCATGTTTTTTGCAGGGTT	1
214	213	5	CATGTCATGTTTTTTGCAGGGTTT	1
215	214	5	ATGTCATGTTTTTTGCAGGGTTTT	1
216	215	5	TGTCATGTTTTTTGCAGGGTTTTT	1
217	216	5	GTCATGTTTTTTGCAGGGTTTTTA	1
218	217	5	TCATGTTTTTTGCAGGGTTTTTAT	1
219	218	5	CATGTTTTTTGCAGGGTTTTTATC	1
220	219	5	ATGTTTTTTGCAGGGTTTTTATCT	1
221	220	5	TGTTTTTTGCAGGGTTTTTATCTT	1
222	221	5	GTTTTTTGCAGGGTTTTTATCTTT	1
223	222	5	TTTTTTGCAGGGTTTTTATCTTTT	1
224	223	4	TTTTTGCAGGGTTTTTATCTTTTT	1
225	224	4	TTTTGCAGGGTTTTTATCTTTTTA	1
226	225	5	TTTGCAGGGTTTTTATCTTTTTAG	1
227	226	5	TTGCAGGGTTTTTATCTTTTTAGT	1
228	227	5	TGCAGGGTTTTTATCTTTTTAGTC	1
229	228	5	GCAGGGTTTTTATCTTTTTAGTCT	1
230	229	5	CAGGGTTTTTATCTTTTTAGTCTC	1
231	230	5	AGGGTTTTTATCTTTTTAGTCTCT	1
232	231	5	GGGTTTTTATCTTTTTAGTCTCTC	1
233	232	5	GGTTTTTATCTTTTTAGTCTCTCC	1
234	233	1	GTTTTTATCTTTTTAGTCTCTCCC	1
235	234	1	TTTTTATCTTTTTAGTCTCTCCCC	1
