Component 185
1	-1	0	CTTTGTTACCACCACTGGTTGCCG	1
2	1	1	TTTGTTACCACCACTGGTTGCCGT	1
3	2	1	TTGTTACCACCACTGGTTGCCGTG	1
4	3	1	TGTTACCACCACTGGTTGCCGTGA	1
5	4	1	GTTACCACCACTGGTTGCCGTGAC	1
6	5	1	TTACCACCACTGGTTGCCGTGACA	1
7	6	1	TACCACCACTGGTTGCCGTGACAT	1
8	7	1	ACCACCACTGGTTGCCGTGACATT	1
9	8	1	CCACCACTGGTTGCCGTGACATTA	1
10	9	1	CACCACTGGTTGCCGTGACATTAT	1
11	10	1	ACCACTGGTTGCCGTGACATTATT	1
12	11	1	CCACTGGTTGCCGTGACATTATTC	1
13	12	1	CACTGGTTGCCGTGACATTATTCG	1
14	13	1	ACTGGTTGCCGTGACATTATTCGT	1
15	14	1	CTGGTTGCCGTGACATTATTCGTG	1
16	15	1	TGGTTGCCGTGACATTATTCGTGG	1
17	16	1	GGTTGCCGTGACATTATTCGTGGT	1
18	17	1	GTTGCCGTGACATTATTCGTGGTG	1
19	18	1	TTGCCGTGACATTATTCGTGGTGA	1
20	19	1	TGCCGTGACATTATTCGTGGTGAG	1
21	20	1	GCCGTGACATTATTCGTGGTGAGC	1
22	21	1	CCGTGACATTATTCGTGGTGAGCA	1
23	22	1	CGTGACATTATTCGTGGTGAGCAC	1
24	23	1	GTGACATTATTCGTGGTGAGCACT	1
25	24	1	TGACATTATTCGTGGTGAGCACTT	1
26	25	1	GACATTATTCGTGGTGAGCACTTC	1
27	26	1	ACATTATTCGTGGTGAGCACTTCA	1
28	27	1	CATTATTCGTGGTGAGCACTTCAA	1
29	28	1	ATTATTCGTGGTGAGCACTTCAAC	1
30	29	1	TTATTCGTGGTGAGCACTTCAACG	1
31	30	1	TATTCGTGGTGAGCACTTCAACGA	1
32	31	1	ATTCGTGGTGAGCACTTCAACGAA	1
33	32	1	TTCGTGGTGAGCACTTCAACGAAA	1
34	33	1	TCGTGGTGAGCACTTCAACGAAAT	1
35	34	1	CGTGGTGAGCACTTCAACGAAATG	1
36	35	1	GTGGTGAGCACTTCAACGAAATGA	1
37	36	2	TGGTGAGCACTTCAACGAAATGAA	1
38	37	2	GGTGAGCACTTCAACGAAATGAAG	1
39	38	2	GTGAGCACTTCAACGAAATGAAGG	1
40	39	2	TGAGCACTTCAACGAAATGAAGGA	1
41	40	2	GAGCACTTCAACGAAATGAAGGAG	1
42	41	2	AGCACTTCAACGAAATGAAGGAGG	1
43	42	2	GCACTTCAACGAAATGAAGGAGGA	1
44	43	2	CACTTCAACGAAATGAAGGAGGAC	1
45	44	2	ACTTCAACGAAATGAAGGAGGACT	1
46	45	1	CTTCAACGAAATGAAGGAGGACTC	1
47	46	1	TTCAACGAAATGAAGGAGGACTCT	1
48	47	1	TCAACGAAATGAAGGAGGACTCTA	1
49	48	1	CAACGAAATGAAGGAGGACTCTAT	1
50	49	1	AACGAAATGAAGGAGGACTCTATC	1
51	50	1	ACGAAATGAAGGAGGACTCTATCG	1
52	51	1	CGAAATGAAGGAGGACTCTATCGT	1
53	52	1	GAAATGAAGGAGGACTCTATCGTT	1
54	53	1	AAATGAAGGAGGACTCTATCGTTT	1
55	54	1	AATGAAGGAGGACTCTATCGTTTG	1
56	55	1	ATGAAGGAGGACTCTATCGTTTGT	1
57	56	1	TGAAGGAGGACTCTATCGTTTGTA	1
58	57	1	GAAGGAGGACTCTATCGTTTGTAA	1
59	58	1	AAGGAGGACTCTATCGTTTGTAAC	1
60	59	1	AGGAGGACTCTATCGTTTGTAACA	1
61	60	1	GGAGGACTCTATCGTTTGTAACAT	1
62	61	1	GAGGACTCTATCGTTTGTAACATT	1
63	62	2	AGGACTCTATCGTTTGTAACATTG	1
64	63	2	GGACTCTATCGTTTGTAACATTGG	1
65	64	2	GACTCTATCGTTTGTAACATTGGT	1
66	65	2	ACTCTATCGTTTGTAACATTGGTC	1
67	66	2	CTCTATCGTTTGTAACATTGGTCA	1
68	67	3	TCTATCGTTTGTAACATTGGTCAT	1
69	68	3	CTATCGTTTGTAACATTGGTCATT	1
70	69	3	TATCGTTTGTAACATTGGTCATTT	1
71	70	3	ATCGTTTGTAACATTGGTCATTTT	1
72	71	3	TCGTTTGTAACATTGGTCATTTTG	1
73	72	3	CGTTTGTAACATTGGTCATTTTGA	1
74	73	3	GTTTGTAACATTGGTCATTTTGAT	1
75	74	3	TTTGTAACATTGGTCATTTTGATG	1
76	75	3	TTGTAACATTGGTCATTTTGATGT	1
77	76	3	TGTAACATTGGTCATTTTGATGTC	1
78	77	3	GTAACATTGGTCATTTTGATGTCG	1
79	78	3	TAACATTGGTCATTTTGATGTCGA	1
80	79	3	AACATTGGTCATTTTGATGTCGAG	1
81	80	2	ACATTGGTCATTTTGATGTCGAGA	1
82	81	2	CATTGGTCATTTTGATGTCGAGAT	1
83	82	2	ATTGGTCATTTTGATGTCGAGATC	1
84	83	2	TTGGTCATTTTGATGTCGAGATCG	1
85	84	2	TGGTCATTTTGATGTCGAGATCGA	1
86	85	2	GGTCATTTTGATGTCGAGATCGAT	1
87	86	2	GTCATTTTGATGTCGAGATCGATG	1
88	87	4	TCATTTTGATGTCGAGATCGATGT	1
89	88	4	CATTTTGATGTCGAGATCGATGTC	1
90	89	4	ATTTTGATGTCGAGATCGATGTCG	1
91	90	4	TTTTGATGTCGAGATCGATGTCGC	1
92	91	4	TTTGATGTCGAGATCGATGTCGCT	1
93	92	4	TTGATGTCGAGATCGATGTCGCTT	1
94	93	4	TGATGTCGAGATCGATGTCGCTTG	1
95	94	4	GATGTCGAGATCGATGTCGCTTGG	1
96	95	4	ATGTCGAGATCGATGTCGCTTGGT	1
97	96	4	TGTCGAGATCGATGTCGCTTGGTT	1
98	97	4	GTCGAGATCGATGTCGCTTGGTTG	1
99	98	4	TCGAGATCGATGTCGCTTGGTTGA	1
100	99	4	CGAGATCGATGTCGCTTGGTTGAA	1
101	100	4	GAGATCGATGTCGCTTGGTTGAAG	1
102	101	4	AGATCGATGTCGCTTGGTTGAAGG	1
103	102	4	GATCGATGTCGCTTGGTTGAAGGC	1
104	103	4	ATCGATGTCGCTTGGTTGAAGGCT	1
105	104	4	TCGATGTCGCTTGGTTGAAGGCTA	1
106	105	4	CGATGTCGCTTGGTTGAAGGCTAA	1
107	106	3	GATGTCGCTTGGTTGAAGGCTAAC	1
108	107	3	ATGTCGCTTGGTTGAAGGCTAACG	1
109	108	3	TGTCGCTTGGTTGAAGGCTAACGC	1
110	109	3	GTCGCTTGGTTGAAGGCTAACGCT	1
111	110	3	TCGCTTGGTTGAAGGCTAACGCTA	1
112	111	2	CGCTTGGTTGAAGGCTAACGCTAA	1
113	112	2	GCTTGGTTGAAGGCTAACGCTAAG	1
114	113	3	CTTGGTTGAAGGCTAACGCTAAGG	1
115	114	3	TTGGTTGAAGGCTAACGCTAAGGA	1
116	115	3	TGGTTGAAGGCTAACGCTAAGGAT	1
117	116	3	GGTTGAAGGCTAACGCTAAGGATG	1
118	117	3	GTTGAAGGCTAACGCTAAGGATGT	1
119	118	3	TTGAAGGCTAACGCTAAGGATGTT	1
120	119	3	TGAAGGCTAACGCTAAGGATGTTG	1
121	120	3	GAAGGCTAACGCTAAGGATGTTGT	1
122	121	3	AAGGCTAACGCTAAGGATGTTGTT	1
123	122	3	AGGCTAACGCTAAGGATGTTGTTA	1
124	123	3	GGCTAACGCTAAGGATGTTGTTAA	1
125	124	3	GCTAACGCTAAGGATGTTGTTAAC	1
126	125	3	CTAACGCTAAGGATGTTGTTAACA	1
127	126	3	TAACGCTAAGGATGTTGTTAACAT	1
128	127	3	AACGCTAAGGATGTTGTTAACATC	1
129	128	3	ACGCTAAGGATGTTGTTAACATCA	1
130	129	3	CGCTAAGGATGTTGTTAACATCAA	1
131	130	4	GCTAAGGATGTTGTTAACATCAAG	1
132	131	2	CTAAGGATGTTGTTAACATCAAGC	1
133	132	2	TAAGGATGTTGTTAACATCAAGCC	1
134	133	2	AAGGATGTTGTTAACATCAAGCCC	1
135	134	2	AGGATGTTGTTAACATCAAGCCCC	1
136	135	2	GGATGTTGTTAACATCAAGCCCCA	1
137	136	2	GATGTTGTTAACATCAAGCCCCAG	1
138	137	2	ATGTTGTTAACATCAAGCCCCAGG	1
139	138	2	TGTTGTTAACATCAAGCCCCAGGT	1
140	139	2	GTTGTTAACATCAAGCCCCAGGTT	1
141	140	2	TTGTTAACATCAAGCCCCAGGTTG	1
142	141	2	TGTTAACATCAAGCCCCAGGTTGA	1
143	142	2	GTTAACATCAAGCCCCAGGTTGAT	1
144	143	2	TTAACATCAAGCCCCAGGTTGATC	1
145	144	2	TAACATCAAGCCCCAGGTTGATCG	1
146	145	2	AACATCAAGCCCCAGGTTGATCGT	1
147	146	2	ACATCAAGCCCCAGGTTGATCGTT	1
148	147	2	CATCAAGCCCCAGGTTGATCGTTA	1
149	148	2	ATCAAGCCCCAGGTTGATCGTTAT	1
150	149	2	TCAAGCCCCAGGTTGATCGTTATG	1
151	150	2	CAAGCCCCAGGTTGATCGTTATGA	1
152	151	2	AAGCCCCAGGTTGATCGTTATGAA	1
153	152	2	AGCCCCAGGTTGATCGTTATGAAT	1
154	153	2	GCCCCAGGTTGATCGTTATGAATT	1
155	154	2	CCCCAGGTTGATCGTTATGAATTG	1
156	155	2	CCCAGGTTGATCGTTATGAATTGA	1
157	156	2	CCAGGTTGATCGTTATGAATTGAA	1
158	157	1	CAGGTTGATCGTTATGAATTGAAG	1
159	158	1	AGGTTGATCGTTATGAATTGAAGA	1
160	159	1	GGTTGATCGTTATGAATTGAAGAA	1
161	160	1	GTTGATCGTTATGAATTGAAGAAC	1
162	161	1	TTGATCGTTATGAATTGAAGAACG	1
163	162	1	TGATCGTTATGAATTGAAGAACGG	1
164	163	1	GATCGTTATGAATTGAAGAACGGT	1
165	164	1	ATCGTTATGAATTGAAGAACGGTC	1
166	165	1	TCGTTATGAATTGAAGAACGGTCG	1
167	166	1	CGTTATGAATTGAAGAACGGTCGT	1
168	167	1	GTTATGAATTGAAGAACGGTCGTC	1
169	168	1	TTATGAATTGAAGAACGGTCGTCA	1
170	169	1	TATGAATTGAAGAACGGTCGTCAT	1
171	170	1	ATGAATTGAAGAACGGTCGTCATA	1
172	171	1	TGAATTGAAGAACGGTCGTCATAT	1
173	172	1	GAATTGAAGAACGGTCGTCATATC	1
174	173	1	AATTGAAGAACGGTCGTCATATCA	1
175	-1	0	CTCGTTAACCTTGGTTGTGCCACC	1
176	175	1	TCGTTAACCTTGGTTGTGCCACCG	1
177	176	1	CGTTAACCTTGGTTGTGCCACCGG	1
178	177	1	GTTAACCTTGGTTGTGCCACCGGA	1
179	178	1	TTAACCTTGGTTGTGCCACCGGAC	1
180	179	1	TAACCTTGGTTGTGCCACCGGACA	1
181	180	1	AACCTTGGTTGTGCCACCGGACAT	1
182	181	1	ACCTTGGTTGTGCCACCGGACATC	1
183	182	1	CCTTGGTTGTGCCACCGGACATCC	1
184	183	1	CTTGGTTGTGCCACCGGACATCCC	1
185	184	1	TTGGTTGTGCCACCGGACATCCCT	1
186	185	1	TGGTTGTGCCACCGGACATCCCTC	1
187	186	1	GGTTGTGCCACCGGACATCCCTCT	1
188	187	2	GTTGTGCCACCGGACATCCCTCTT	1
189	188	2	TTGTGCCACCGGACATCCCTCTTT	1
190	189	2	TGTGCCACCGGACATCCCTCTTTT	1
191	190	2	GTGCCACCGGACATCCCTCTTTTG	1
192	191	2	TGCCACCGGACATCCCTCTTTTGT	1
193	192	2	GCCACCGGACATCCCTCTTTTGTT	1
194	193	2	CCACCGGACATCCCTCTTTTGTTA	1
195	194	2	CACCGGACATCCCTCTTTTGTTAT	1
196	195	2	ACCGGACATCCCTCTTTTGTTATG	1
197	196	3	CCGGACATCCCTCTTTTGTTATGT	1
198	197	4	CGGACATCCCTCTTTTGTTATGTC	1
199	198	4	GGACATCCCTCTTTTGTTATGTCC	1
200	199	4	GACATCCCTCTTTTGTTATGTCCT	1
201	200	4	ACATCCCTCTTTTGTTATGTCCTG	1
202	201	4	CATCCCTCTTTTGTTATGTCCTGC	1
203	202	4	ATCCCTCTTTTGTTATGTCCTGCT	1
204	203	4	TCCCTCTTTTGTTATGTCCTGCTC	1
205	204	4	CCCTCTTTTGTTATGTCCTGCTCT	1
206	205	4	CCTCTTTTGTTATGTCCTGCTCTT	1
207	206	4	CTCTTTTGTTATGTCCTGCTCTTT	1
208	207	4	TCTTTTGTTATGTCCTGCTCTTTC	1
209	208	4	CTTTTGTTATGTCCTGCTCTTTCA	1
210	209	4	TTTTGTTATGTCCTGCTCTTTCAC	1
211	210	4	TTTGTTATGTCCTGCTCTTTCACT	1
212	211	5	TTGTTATGTCCTGCTCTTTCACTA	1
213	212	5	TGTTATGTCCTGCTCTTTCACTAA	1
214	213	5	GTTATGTCCTGCTCTTTCACTAAC	1
215	214	5	TTATGTCCTGCTCTTTCACTAACC	1
216	215	5	TATGTCCTGCTCTTTCACTAACCA	1
217	216	5	ATGTCCTGCTCTTTCACTAACCAG	1
218	217	5	TGTCCTGCTCTTTCACTAACCAGG	1
219	218	5	GTCCTGCTCTTTCACTAACCAGGT	1
220	219	4	TCCTGCTCTTTCACTAACCAGGTC	1
221	220	4	CCTGCTCTTTCACTAACCAGGTCC	1
222	221	4	CTGCTCTTTCACTAACCAGGTCCT	1
223	222	4	TGCTCTTTCACTAACCAGGTCCTT	1
224	223	4	GCTCTTTCACTAACCAGGTCCTTG	1
225	224	4	CTCTTTCACTAACCAGGTCCTTGC	1
226	225	4	TCTTTCACTAACCAGGTCCTTGCC	1
227	226	4	CTTTCACTAACCAGGTCCTTGCCC	1
228	227	4	TTTCACTAACCAGGTCCTTGCCCA	1
229	228	4	TTCACTAACCAGGTCCTTGCCCAA	1
230	229	4	TCACTAACCAGGTCCTTGCCCAAA	1
231	230	3	CACTAACCAGGTCCTTGCCCAAAT	1
232	231	3	ACTAACCAGGTCCTTGCCCAAATC	1
233	232	3	CTAACCAGGTCCTTGCCCAAATCG	1
234	233	3	TAACCAGGTCCTTGCCCAAATCGC	1
235	234	3	AACCAGGTCCTTGCCCAAATCGCT	1
236	235	3	ACCAGGTCCTTGCCCAAATCGCTT	1
237	236	3	CCAGGTCCTTGCCCAAATCGCTTT	1
238	237	3	CAGGTCCTTGCCCAAATCGCTTTG	1
239	238	2	AGGTCCTTGCCCAAATCGCTTTGT	1
240	239	2	GGTCCTTGCCCAAATCGCTTTGTG	1
241	240	2	GTCCTTGCCCAAATCGCTTTGTGG	1
242	241	1	TCCTTGCCCAAATCGCTTTGTGGA	1
243	242	1	CCTTGCCCAAATCGCTTTGTGGAC	1
244	243	1	CTTGCCCAAATCGCTTTGTGGACC	1
245	244	1	TTGCCCAAATCGCTTTGTGGACCG	1
246	245	1	TGCCCAAATCGCTTTGTGGACCGA	1
247	246	1	GCCCAAATCGCTTTGTGGACCGAT	1
248	247	1	CCCAAATCGCTTTGTGGACCGATA	1
249	248	1	CCAAATCGCTTTGTGGACCGATAA	1
250	249	1	CAAATCGCTTTGTGGACCGATAAC	1
251	250	1	AAATCGCTTTGTGGACCGATAACA	1
252	251	1	AATCGCTTTGTGGACCGATAACAC	1
253	252	1	ATCGCTTTGTGGACCGATAACACC	1
254	253	1	TCGCTTTGTGGACCGATAACACCA	1
255	254	1	CGCTTTGTGGACCGATAACACCAG	1
