Component 188
1	-1	0	CAGATGTTCGTGACCAGCAAACTG	1
2	1	1	AGATGTTCGTGACCAGCAAACTGA	1
3	2	2	GATGTTCGTGACCAGCAAACTGAT	1
4	3	2	ATGTTCGTGACCAGCAAACTGATT	1
5	4	2	TGTTCGTGACCAGCAAACTGATTT	1
6	5	2	GTTCGTGACCAGCAAACTGATTTG	1
7	6	2	TTCGTGACCAGCAAACTGATTTGC	1
8	7	2	TCGTGACCAGCAAACTGATTTGCC	1
9	8	2	CGTGACCAGCAAACTGATTTGCCT	1
10	9	2	GTGACCAGCAAACTGATTTGCCTC	1
11	10	2	TGACCAGCAAACTGATTTGCCTCT	1
12	11	2	GACCAGCAAACTGATTTGCCTCTT	1
13	12	2	ACCAGCAAACTGATTTGCCTCTTG	1
14	13	2	CCAGCAAACTGATTTGCCTCTTGA	1
15	14	2	CAGCAAACTGATTTGCCTCTTGAG	1
16	15	2	AGCAAACTGATTTGCCTCTTGAGA	1
17	16	2	GCAAACTGATTTGCCTCTTGAGAA	1
18	17	2	CAAACTGATTTGCCTCTTGAGAAA	1
19	18	2	AAACTGATTTGCCTCTTGAGAAAC	1
20	19	2	AACTGATTTGCCTCTTGAGAAACG	1
21	20	2	ACTGATTTGCCTCTTGAGAAACGT	1
22	21	2	CTGATTTGCCTCTTGAGAAACGTC	1
23	22	2	TGATTTGCCTCTTGAGAAACGTCC	1
24	23	2	GATTTGCCTCTTGAGAAACGTCCT	1
25	24	2	ATTTGCCTCTTGAGAAACGTCCTT	1
26	25	2	TTTGCCTCTTGAGAAACGTCCTTG	1
27	26	2	TTGCCTCTTGAGAAACGTCCTTGG	1
28	27	2	TGCCTCTTGAGAAACGTCCTTGGA	1
29	28	2	GCCTCTTGAGAAACGTCCTTGGAT	1
30	29	2	CCTCTTGAGAAACGTCCTTGGATT	1
31	30	2	CTCTTGAGAAACGTCCTTGGATTA	1
32	31	2	TCTTGAGAAACGTCCTTGGATTAA	1
33	32	2	CTTGAGAAACGTCCTTGGATTAAT	1
34	33	2	TTGAGAAACGTCCTTGGATTAATA	1
35	34	2	TGAGAAACGTCCTTGGATTAATAC	1
36	35	2	GAGAAACGTCCTTGGATTAATACG	1
37	36	2	AGAAACGTCCTTGGATTAATACGG	1
38	37	2	GAAACGTCCTTGGATTAATACGGA	1
39	38	2	AAACGTCCTTGGATTAATACGGAC	1
40	39	2	AACGTCCTTGGATTAATACGGACA	1
41	40	2	ACGTCCTTGGATTAATACGGACAT	1
42	41	2	CGTCCTTGGATTAATACGGACATC	1
43	42	2	GTCCTTGGATTAATACGGACATCG	1
44	43	2	TCCTTGGATTAATACGGACATCGT	1
45	44	2	CCTTGGATTAATACGGACATCGTC	1
46	45	1	CTTGGATTAATACGGACATCGTCT	1
47	-1	0	ATATGACTTGTATTTACAAACATG	1
48	47	1	TATGACTTGTATTTACAAACATGC	1
49	48	1	ATGACTTGTATTTACAAACATGCT	1
50	49	1	TGACTTGTATTTACAAACATGCTC	1
51	50	1	GACTTGTATTTACAAACATGCTCT	1
52	51	1	ACTTGTATTTACAAACATGCTCTT	1
53	52	1	CTTGTATTTACAAACATGCTCTTC	1
54	53	1	TTGTATTTACAAACATGCTCTTCC	1
55	54	1	TGTATTTACAAACATGCTCTTCCT	1
56	55	1	GTATTTACAAACATGCTCTTCCTT	1
57	56	1	TATTTACAAACATGCTCTTCCTTA	1
58	57	1	ATTTACAAACATGCTCTTCCTTAT	1
59	58	1	TTTACAAACATGCTCTTCCTTATG	1
60	59	1	TTACAAACATGCTCTTCCTTATGG	1
61	60	1	TACAAACATGCTCTTCCTTATGGC	1
62	61	1	ACAAACATGCTCTTCCTTATGGCT	1
63	62	1	CAAACATGCTCTTCCTTATGGCTA	1
64	63	2	AAACATGCTCTTCCTTATGGCTAC	1
65	64	2	AACATGCTCTTCCTTATGGCTACG	1
66	65	2	ACATGCTCTTCCTTATGGCTACGT	1
67	66	2	CATGCTCTTCCTTATGGCTACGTG	1
68	67	2	ATGCTCTTCCTTATGGCTACGTGC	1
69	68	2	TGCTCTTCCTTATGGCTACGTGCT	1
70	69	2	GCTCTTCCTTATGGCTACGTGCTT	1
71	70	2	CTCTTCCTTATGGCTACGTGCTTA	1
72	71	2	TCTTCCTTATGGCTACGTGCTTAG	1
73	72	2	CTTCCTTATGGCTACGTGCTTAGT	1
74	73	2	TTCCTTATGGCTACGTGCTTAGTC	1
75	74	2	TCCTTATGGCTACGTGCTTAGTCG	1
76	75	2	CCTTATGGCTACGTGCTTAGTCGC	1
77	76	2	CTTATGGCTACGTGCTTAGTCGCG	1
78	77	2	TTATGGCTACGTGCTTAGTCGCGA	1
79	78	2	TATGGCTACGTGCTTAGTCGCGAC	1
80	79	2	ATGGCTACGTGCTTAGTCGCGACA	1
81	80	2	TGGCTACGTGCTTAGTCGCGACAA	1
82	81	2	GGCTACGTGCTTAGTCGCGACAAG	1
83	82	2	GCTACGTGCTTAGTCGCGACAAGA	1
84	83	2	CTACGTGCTTAGTCGCGACAAGAA	1
85	84	2	TACGTGCTTAGTCGCGACAAGAAA	1
86	85	2	ACGTGCTTAGTCGCGACAAGAAAA	1
87	86	2	CGTGCTTAGTCGCGACAAGAAAAA	1
88	87	2	GTGCTTAGTCGCGACAAGAAAAAG	1
89	88	2	TGCTTAGTCGCGACAAGAAAAAGG	1
90	89	2	GCTTAGTCGCGACAAGAAAAAGGA	1
91	90	2	CTTAGTCGCGACAAGAAAAAGGAT	1
92	91	1	TTAGTCGCGACAAGAAAAAGGATG	1
93	92	2	TAGTCGCGACAAGAAAAAGGATGA	1
94	93	2	AGTCGCGACAAGAAAAAGGATGAT	1
95	94	2	GTCGCGACAAGAAAAAGGATGATA	1
96	95	2	TCGCGACAAGAAAAAGGATGATAC	1
97	96	2	CGCGACAAGAAAAAGGATGATACT	1
98	97	2	GCGACAAGAAAAAGGATGATACTA	1
99	98	2	CGACAAGAAAAAGGATGATACTAA	1
100	99	2	GACAAGAAAAAGGATGATACTAAA	1
101	100	2	ACAAGAAAAAGGATGATACTAAAG	1
102	101	2	CAAGAAAAAGGATGATACTAAAGA	1
103	102	2	AAGAAAAAGGATGATACTAAAGAA	1
104	103	2	AGAAAAAGGATGATACTAAAGAAG	1
105	104	2	GAAAAAGGATGATACTAAAGAAGA	1
106	105	2	AAAAAGGATGATACTAAAGAAGAA	1
107	106	1	AAAAGGATGATACTAAAGAAGAAA	1
108	107	1	AAAGGATGATACTAAAGAAGAAAT	1
109	108	2	AAGGATGATACTAAAGAAGAAATT	1
110	109	2	AGGATGATACTAAAGAAGAAATTA	1
111	110	2	GGATGATACTAAAGAAGAAATTAG	1
112	111	2	GATGATACTAAAGAAGAAATTAGT	1
113	112	2	ATGATACTAAAGAAGAAATTAGTC	1
114	113	2	TGATACTAAAGAAGAAATTAGTCT	1
115	114	2	GATACTAAAGAAGAAATTAGTCTT	1
116	115	2	ATACTAAAGAAGAAATTAGTCTTG	1
117	116	2	TACTAAAGAAGAAATTAGTCTTGA	1
118	117	2	ACTAAAGAAGAAATTAGTCTTGAG	1
119	118	2	CTAAAGAAGAAATTAGTCTTGAGG	1
120	119	2	TAAAGAAGAAATTAGTCTTGAGGC	1
121	120	2	AAAGAAGAAATTAGTCTTGAGGCC	1
122	121	2	AAGAAGAAATTAGTCTTGAGGCCT	1
123	122	2	AGAAGAAATTAGTCTTGAGGCCTT	1
124	123	3	GAAGAAATTAGTCTTGAGGCCTTT	1
125	124	3	AAGAAATTAGTCTTGAGGCCTTTA	1
126	125	3	AGAAATTAGTCTTGAGGCCTTTAT	1
127	126	3	GAAATTAGTCTTGAGGCCTTTATT	1
128	127	3	AAATTAGTCTTGAGGCCTTTATTG	1
129	128	3	AATTAGTCTTGAGGCCTTTATTGA	1
130	129	3	ATTAGTCTTGAGGCCTTTATTGAG	1
131	130	3	TTAGTCTTGAGGCCTTTATTGAGA	1
132	131	4	TAGTCTTGAGGCCTTTATTGAGAT	1
133	132	4	AGTCTTGAGGCCTTTATTGAGATT	1
134	133	4	GTCTTGAGGCCTTTATTGAGATTG	1
135	134	4	TCTTGAGGCCTTTATTGAGATTGA	1
136	135	4	CTTGAGGCCTTTATTGAGATTGAG	1
137	136	3	TTGAGGCCTTTATTGAGATTGAGC	1
138	137	3	TGAGGCCTTTATTGAGATTGAGCG	1
139	138	3	GAGGCCTTTATTGAGATTGAGCGC	1
140	139	3	AGGCCTTTATTGAGATTGAGCGCC	1
141	140	3	GGCCTTTATTGAGATTGAGCGCCA	1
142	141	3	GCCTTTATTGAGATTGAGCGCCAT	1
143	142	3	CCTTTATTGAGATTGAGCGCCATA	1
144	143	3	CTTTATTGAGATTGAGCGCCATAG	1
145	144	3	TTTATTGAGATTGAGCGCCATAGA	1
146	145	3	TTATTGAGATTGAGCGCCATAGAT	1
147	146	3	TATTGAGATTGAGCGCCATAGATT	1
148	147	3	ATTGAGATTGAGCGCCATAGATTA	1
149	148	3	TTGAGATTGAGCGCCATAGATTAG	1
150	149	3	TGAGATTGAGCGCCATAGATTAGG	1
151	150	3	GAGATTGAGCGCCATAGATTAGGG	1
152	151	3	AGATTGAGCGCCATAGATTAGGGC	1
153	152	2	GATTGAGCGCCATAGATTAGGGCC	1
154	153	2	ATTGAGCGCCATAGATTAGGGCCT	1
155	154	2	TTGAGCGCCATAGATTAGGGCCTA	1
156	155	2	TGAGCGCCATAGATTAGGGCCTAA	1
157	156	2	GAGCGCCATAGATTAGGGCCTAAT	1
158	157	2	AGCGCCATAGATTAGGGCCTAATC	1
159	158	2	GCGCCATAGATTAGGGCCTAATCT	1
160	159	2	CGCCATAGATTAGGGCCTAATCTT	1
161	160	2	GCCATAGATTAGGGCCTAATCTTA	1
162	161	2	CCATAGATTAGGGCCTAATCTTAC	1
163	162	2	CATAGATTAGGGCCTAATCTTACC	1
164	163	3	ATAGATTAGGGCCTAATCTTACCC	1
165	164	3	TAGATTAGGGCCTAATCTTACCCC	1
166	165	2	AGATTAGGGCCTAATCTTACCCCT	1
167	166	2	GATTAGGGCCTAATCTTACCCCTG	1
168	167	2	ATTAGGGCCTAATCTTACCCCTGT	1
169	168	2	TTAGGGCCTAATCTTACCCCTGTA	1
170	169	2	TAGGGCCTAATCTTACCCCTGTAA	1
171	170	2	AGGGCCTAATCTTACCCCTGTAAC	1
172	171	2	GGGCCTAATCTTACCCCTGTAACT	1
173	172	2	GGCCTAATCTTACCCCTGTAACTG	1
174	173	2	GCCTAATCTTACCCCTGTAACTGA	1
175	174	2	CCTAATCTTACCCCTGTAACTGAA	1
176	175	1	CTAATCTTACCCCTGTAACTGAAG	1
177	176	1	TAATCTTACCCCTGTAACTGAAGA	1
178	177	1	AATCTTACCCCTGTAACTGAAGAA	1
179	178	1	ATCTTACCCCTGTAACTGAAGAAA	1
180	179	1	TCTTACCCCTGTAACTGAAGAAAA	1
181	180	1	CTTACCCCTGTAACTGAAGAAAAC	1
182	181	1	TTACCCCTGTAACTGAAGAAAACT	1
183	182	1	TACCCCTGTAACTGAAGAAAACTT	1
184	183	1	ACCCCTGTAACTGAAGAAAACTTT	1
185	184	1	CCCCTGTAACTGAAGAAAACTTTA	1
186	185	1	CCCTGTAACTGAAGAAAACTTTAA	1
187	186	1	CCTGTAACTGAAGAAAACTTTAAA	1
188	187	1	CTGTAACTGAAGAAAACTTTAAAA	1
189	188	1	TGTAACTGAAGAAAACTTTAAAAA	1
190	189	1	GTAACTGAAGAAAACTTTAAAAAA	1
191	190	1	TAACTGAAGAAAACTTTAAAAAAT	1
192	191	1	AACTGAAGAAAACTTTAAAAAATG	1
193	192	1	ACTGAAGAAAACTTTAAAAAATGG	1
194	193	1	CTGAAGAAAACTTTAAAAAATGGA	1
195	194	1	TGAAGAAAACTTTAAAAAATGGAG	1
196	195	1	GAAGAAAACTTTAAAAAATGGAGT	1
197	196	1	AAGAAAACTTTAAAAAATGGAGTG	1
198	197	1	AGAAAACTTTAAAAAATGGAGTGA	1
199	198	1	GAAAACTTTAAAAAATGGAGTGAT	1
200	199	1	AAAACTTTAAAAAATGGAGTGATG	1
201	200	1	AAACTTTAAAAAATGGAGTGATGG	1
202	201	1	AACTTTAAAAAATGGAGTGATGGT	1
203	202	1	ACTTTAAAAAATGGAGTGATGGTC	1
204	203	1	CTTTAAAAAATGGAGTGATGGTCG	1
205	204	1	TTTAAAAAATGGAGTGATGGTCGG	1
206	205	1	TTAAAAAATGGAGTGATGGTCGGA	1
207	206	1	TAAAAAATGGAGTGATGGTCGGAG	1
