Component 189
1	-1	0	CGTACCGGTCTTGGTCAATTTGCT	1
2	1	2	GTACCGGTCTTGGTCAATTTGCTT	1
3	2	2	TACCGGTCTTGGTCAATTTGCTTT	1
4	3	2	ACCGGTCTTGGTCAATTTGCTTTC	1
5	4	2	CCGGTCTTGGTCAATTTGCTTTCT	1
6	5	2	CGGTCTTGGTCAATTTGCTTTCTA	1
7	6	2	GGTCTTGGTCAATTTGCTTTCTAC	1
8	7	2	GTCTTGGTCAATTTGCTTTCTACG	1
9	8	2	TCTTGGTCAATTTGCTTTCTACGA	1
10	9	2	CTTGGTCAATTTGCTTTCTACGAA	1
11	10	2	TTGGTCAATTTGCTTTCTACGAAA	1
12	11	2	TGGTCAATTTGCTTTCTACGAAAT	1
13	12	3	GGTCAATTTGCTTTCTACGAAATC	1
14	13	3	GTCAATTTGCTTTCTACGAAATCC	1
15	14	4	TCAATTTGCTTTCTACGAAATCCG	1
16	15	4	CAATTTGCTTTCTACGAAATCCGT	1
17	16	4	AATTTGCTTTCTACGAAATCCGTT	1
18	17	4	ATTTGCTTTCTACGAAATCCGTTA	1
19	18	4	TTTGCTTTCTACGAAATCCGTTAC	1
20	19	4	TTGCTTTCTACGAAATCCGTTACG	1
21	20	4	TGCTTTCTACGAAATCCGTTACGA	1
22	21	4	GCTTTCTACGAAATCCGTTACGAT	1
23	22	4	CTTTCTACGAAATCCGTTACGATG	1
24	23	4	TTTCTACGAAATCCGTTACGATGC	1
25	24	4	TTCTACGAAATCCGTTACGATGCG	1
26	25	4	TCTACGAAATCCGTTACGATGCGG	1
27	26	4	CTACGAAATCCGTTACGATGCGGA	1
28	27	4	TACGAAATCCGTTACGATGCGGAC	1
29	28	4	ACGAAATCCGTTACGATGCGGACG	1
30	29	4	CGAAATCCGTTACGATGCGGACGG	1
31	30	4	GAAATCCGTTACGATGCGGACGGA	1
32	31	4	AAATCCGTTACGATGCGGACGGAA	1
33	32	4	AATCCGTTACGATGCGGACGGAAA	1
34	33	4	ATCCGTTACGATGCGGACGGAAAG	1
35	34	4	TCCGTTACGATGCGGACGGAAAGG	1
36	35	4	CCGTTACGATGCGGACGGAAAGGA	1
37	36	4	CGTTACGATGCGGACGGAAAGGAG	1
38	37	4	GTTACGATGCGGACGGAAAGGAGA	1
39	38	4	TTACGATGCGGACGGAAAGGAGAT	1
40	39	4	TACGATGCGGACGGAAAGGAGATA	1
41	40	4	ACGATGCGGACGGAAAGGAGATAC	1
42	41	4	CGATGCGGACGGAAAGGAGATACC	1
43	42	3	GATGCGGACGGAAAGGAGATACCC	1
44	43	2	ATGCGGACGGAAAGGAGATACCCG	1
45	44	1	TGCGGACGGAAAGGAGATACCCGA	1
46	-1	0	TTCTATTATTACTAACAAGAACTA	1
47	46	1	TCTATTATTACTAACAAGAACTAT	1
48	47	1	CTATTATTACTAACAAGAACTATG	1
49	48	1	TATTATTACTAACAAGAACTATGA	1
50	49	1	ATTATTACTAACAAGAACTATGAT	1
51	50	1	TTATTACTAACAAGAACTATGATC	1
52	51	1	TATTACTAACAAGAACTATGATCC	1
53	52	1	ATTACTAACAAGAACTATGATCCC	1
54	53	1	TTACTAACAAGAACTATGATCCCA	1
55	54	1	TACTAACAAGAACTATGATCCCAG	1
56	55	1	ACTAACAAGAACTATGATCCCAGC	1
57	56	1	CTAACAAGAACTATGATCCCAGCC	1
58	57	1	TAACAAGAACTATGATCCCAGCCA	1
59	58	1	AACAAGAACTATGATCCCAGCCAT	1
60	59	1	ACAAGAACTATGATCCCAGCCATG	1
61	60	1	CAAGAACTATGATCCCAGCCATGA	1
62	61	2	AAGAACTATGATCCCAGCCATGAT	1
63	62	2	AGAACTATGATCCCAGCCATGATG	1
64	63	2	GAACTATGATCCCAGCCATGATGT	1
65	64	2	AACTATGATCCCAGCCATGATGTA	1
66	65	2	ACTATGATCCCAGCCATGATGTAG	1
67	66	2	CTATGATCCCAGCCATGATGTAGA	1
68	67	2	TATGATCCCAGCCATGATGTAGAG	1
69	68	2	ATGATCCCAGCCATGATGTAGAGG	1
70	69	2	TGATCCCAGCCATGATGTAGAGGG	1
71	70	2	GATCCCAGCCATGATGTAGAGGGT	1
72	71	2	ATCCCAGCCATGATGTAGAGGGTG	1
73	72	2	TCCCAGCCATGATGTAGAGGGTGA	1
74	73	2	CCCAGCCATGATGTAGAGGGTGAT	1
75	74	2	CCAGCCATGATGTAGAGGGTGATA	1
76	75	2	CAGCCATGATGTAGAGGGTGATAT	1
77	76	2	AGCCATGATGTAGAGGGTGATATA	1
78	77	2	GCCATGATGTAGAGGGTGATATAG	1
79	78	2	CCATGATGTAGAGGGTGATATAGG	1
80	79	2	CATGATGTAGAGGGTGATATAGGC	1
81	80	2	ATGATGTAGAGGGTGATATAGGCC	1
82	81	2	TGATGTAGAGGGTGATATAGGCCT	1
83	82	2	GATGTAGAGGGTGATATAGGCCTT	1
84	83	2	ATGTAGAGGGTGATATAGGCCTTT	1
85	84	2	TGTAGAGGGTGATATAGGCCTTTC	1
86	85	2	GTAGAGGGTGATATAGGCCTTTCT	1
87	86	2	TAGAGGGTGATATAGGCCTTTCTG	1
88	87	2	AGAGGGTGATATAGGCCTTTCTGT	1
89	88	2	GAGGGTGATATAGGCCTTTCTGTT	1
90	89	2	AGGGTGATATAGGCCTTTCTGTTG	1
91	90	1	GGGTGATATAGGCCTTTCTGTTGA	1
92	91	1	GGTGATATAGGCCTTTCTGTTGAC	1
93	92	1	GTGATATAGGCCTTTCTGTTGACG	1
94	93	1	TGATATAGGCCTTTCTGTTGACGA	1
95	94	1	GATATAGGCCTTTCTGTTGACGAT	1
96	95	1	ATATAGGCCTTTCTGTTGACGATG	1
97	96	1	TATAGGCCTTTCTGTTGACGATGC	1
98	97	1	ATAGGCCTTTCTGTTGACGATGCT	1
99	98	1	TAGGCCTTTCTGTTGACGATGCTA	1
100	99	1	AGGCCTTTCTGTTGACGATGCTAC	1
101	100	1	GGCCTTTCTGTTGACGATGCTACT	1
102	101	1	GCCTTTCTGTTGACGATGCTACTG	1
103	102	1	CCTTTCTGTTGACGATGCTACTGA	1
104	103	1	CTTTCTGTTGACGATGCTACTGAT	1
105	104	1	TTTCTGTTGACGATGCTACTGATG	1
106	105	1	TTCTGTTGACGATGCTACTGATGC	1
107	106	1	TCTGTTGACGATGCTACTGATGCA	1
108	107	1	CTGTTGACGATGCTACTGATGCAG	1
109	108	1	TGTTGACGATGCTACTGATGCAGT	1
110	109	1	GTTGACGATGCTACTGATGCAGTT	1
111	110	1	TTGACGATGCTACTGATGCAGTTA	1
112	111	1	TGACGATGCTACTGATGCAGTTAC	1
113	112	1	GACGATGCTACTGATGCAGTTACT	1
114	113	1	ACGATGCTACTGATGCAGTTACTG	1
115	114	1	CGATGCTACTGATGCAGTTACTGA	1
116	115	2	GATGCTACTGATGCAGTTACTGAT	1
117	116	2	ATGCTACTGATGCAGTTACTGATG	1
118	117	2	TGCTACTGATGCAGTTACTGATGC	1
119	118	2	GCTACTGATGCAGTTACTGATGCT	1
120	119	2	CTACTGATGCAGTTACTGATGCTG	1
121	120	2	TACTGATGCAGTTACTGATGCTGA	1
122	121	2	ACTGATGCAGTTACTGATGCTGAT	1
123	122	2	CTGATGCAGTTACTGATGCTGATG	1
124	123	2	TGATGCAGTTACTGATGCTGATGG	1
125	124	2	GATGCAGTTACTGATGCTGATGGC	1
126	125	2	ATGCAGTTACTGATGCTGATGGCA	1
127	126	3	TGCAGTTACTGATGCTGATGGCAT	1
128	127	3	GCAGTTACTGATGCTGATGGCATT	1
129	128	3	CAGTTACTGATGCTGATGGCATTG	1
130	129	3	AGTTACTGATGCTGATGGCATTGC	1
131	130	3	GTTACTGATGCTGATGGCATTGCC	1
132	131	3	TTACTGATGCTGATGGCATTGCCA	1
133	132	3	TACTGATGCTGATGGCATTGCCAC	1
134	133	3	ACTGATGCTGATGGCATTGCCACT	1
135	134	3	CTGATGCTGATGGCATTGCCACTA	1
136	135	3	TGATGCTGATGGCATTGCCACTAA	1
137	136	3	GATGCTGATGGCATTGCCACTAAT	1
138	137	3	ATGCTGATGGCATTGCCACTAATG	1
139	138	3	TGCTGATGGCATTGCCACTAATGT	1
140	139	3	GCTGATGGCATTGCCACTAATGTT	1
141	140	4	CTGATGGCATTGCCACTAATGTTG	1
142	141	4	TGATGGCATTGCCACTAATGTTGC	1
143	142	4	GATGGCATTGCCACTAATGTTGCT	1
144	143	4	ATGGCATTGCCACTAATGTTGCTG	1
145	144	4	TGGCATTGCCACTAATGTTGCTGG	1
146	145	4	GGCATTGCCACTAATGTTGCTGGT	1
147	146	4	GCATTGCCACTAATGTTGCTGGTT	1
148	147	4	CATTGCCACTAATGTTGCTGGTTC	1
149	148	4	ATTGCCACTAATGTTGCTGGTTCT	1
150	149	3	TTGCCACTAATGTTGCTGGTTCTG	1
151	150	3	TGCCACTAATGTTGCTGGTTCTGT	1
152	151	3	GCCACTAATGTTGCTGGTTCTGTA	1
153	152	4	CCACTAATGTTGCTGGTTCTGTAT	1
154	153	4	CACTAATGTTGCTGGTTCTGTATC	1
155	154	5	ACTAATGTTGCTGGTTCTGTATCT	1
156	155	5	CTAATGTTGCTGGTTCTGTATCTT	1
157	156	5	TAATGTTGCTGGTTCTGTATCTTC	1
158	157	5	AATGTTGCTGGTTCTGTATCTTCT	1
159	158	5	ATGTTGCTGGTTCTGTATCTTCTG	1
160	159	4	TGTTGCTGGTTCTGTATCTTCTGG	1
161	160	4	GTTGCTGGTTCTGTATCTTCTGGA	1
162	161	4	TTGCTGGTTCTGTATCTTCTGGAT	1
163	162	4	TGCTGGTTCTGTATCTTCTGGATC	1
164	163	4	GCTGGTTCTGTATCTTCTGGATCT	1
165	164	4	CTGGTTCTGTATCTTCTGGATCTG	1
166	165	4	TGGTTCTGTATCTTCTGGATCTGC	1
167	166	4	GGTTCTGTATCTTCTGGATCTGCC	1
168	167	4	GTTCTGTATCTTCTGGATCTGCCG	1
169	168	4	TTCTGTATCTTCTGGATCTGCCGG	1
170	169	4	TCTGTATCTTCTGGATCTGCCGGT	1
171	170	3	CTGTATCTTCTGGATCTGCCGGTA	1
172	171	3	TGTATCTTCTGGATCTGCCGGTAT	1
173	172	3	GTATCTTCTGGATCTGCCGGTATT	1
174	173	3	TATCTTCTGGATCTGCCGGTATTC	1
175	174	3	ATCTTCTGGATCTGCCGGTATTCC	1
176	175	3	TCTTCTGGATCTGCCGGTATTCCC	1
177	176	3	CTTCTGGATCTGCCGGTATTCCCA	1
178	177	3	TTCTGGATCTGCCGGTATTCCCAA	1
179	178	3	TCTGGATCTGCCGGTATTCCCAAA	1
180	179	4	CTGGATCTGCCGGTATTCCCAAAT	1
181	180	4	TGGATCTGCCGGTATTCCCAAATT	1
182	181	3	GGATCTGCCGGTATTCCCAAATTC	1
183	182	3	GATCTGCCGGTATTCCCAAATTCA	1
184	183	3	ATCTGCCGGTATTCCCAAATTCAC	1
185	184	3	TCTGCCGGTATTCCCAAATTCACC	1
186	185	3	CTGCCGGTATTCCCAAATTCACCG	1
187	186	3	TGCCGGTATTCCCAAATTCACCGT	1
188	187	3	GCCGGTATTCCCAAATTCACCGTC	1
189	188	3	CCGGTATTCCCAAATTCACCGTCG	1
190	189	3	CGGTATTCCCAAATTCACCGTCGT	1
191	190	3	GGTATTCCCAAATTCACCGTCGTT	1
192	191	3	GTATTCCCAAATTCACCGTCGTTG	1
193	192	3	TATTCCCAAATTCACCGTCGTTGA	1
194	193	3	ATTCCCAAATTCACCGTCGTTGAA	1
195	194	3	TTCCCAAATTCACCGTCGTTGAAG	1
196	195	3	TCCCAAATTCACCGTCGTTGAAGG	1
197	196	2	CCCAAATTCACCGTCGTTGAAGGC	1
198	197	2	CCAAATTCACCGTCGTTGAAGGCA	1
199	198	1	CAAATTCACCGTCGTTGAAGGCAT	1
200	199	1	AAATTCACCGTCGTTGAAGGCATT	1
201	200	1	AATTCACCGTCGTTGAAGGCATTG	1
202	201	1	ATTCACCGTCGTTGAAGGCATTGC	1
203	202	1	TTCACCGTCGTTGAAGGCATTGCT	1
204	203	1	TCACCGTCGTTGAAGGCATTGCTG	1
205	204	1	CACCGTCGTTGAAGGCATTGCTGC	1
206	205	1	ACCGTCGTTGAAGGCATTGCTGCT	1
207	206	1	CCGTCGTTGAAGGCATTGCTGCTC	1
208	207	2	CGTCGTTGAAGGCATTGCTGCTCC	1
209	208	2	GTCGTTGAAGGCATTGCTGCTCCT	1
210	209	2	TCGTTGAAGGCATTGCTGCTCCTT	1
211	210	2	CGTTGAAGGCATTGCTGCTCCTTT	1
212	211	2	GTTGAAGGCATTGCTGCTCCTTTG	1
213	212	2	TTGAAGGCATTGCTGCTCCTTTGC	1
214	213	2	TGAAGGCATTGCTGCTCCTTTGCC	1
215	214	2	GAAGGCATTGCTGCTCCTTTGCCT	1
216	215	2	AAGGCATTGCTGCTCCTTTGCCTA	1
217	216	2	AGGCATTGCTGCTCCTTTGCCTAT	1
218	217	2	GGCATTGCTGCTCCTTTGCCTATG	1
219	218	3	GCATTGCTGCTCCTTTGCCTATGG	1
220	219	3	CATTGCTGCTCCTTTGCCTATGGC	1
221	220	3	ATTGCTGCTCCTTTGCCTATGGCT	1
222	221	3	TTGCTGCTCCTTTGCCTATGGCTA	1
223	222	3	TGCTGCTCCTTTGCCTATGGCTAA	1
224	223	2	GCTGCTCCTTTGCCTATGGCTAAT	1
225	224	2	CTGCTCCTTTGCCTATGGCTAATG	1
226	225	2	TGCTCCTTTGCCTATGGCTAATGT	1
227	226	2	GCTCCTTTGCCTATGGCTAATGTC	1
228	227	2	CTCCTTTGCCTATGGCTAATGTCG	1
229	228	2	TCCTTTGCCTATGGCTAATGTCGA	1
230	229	2	CCTTTGCCTATGGCTAATGTCGAC	1
231	230	2	CTTTGCCTATGGCTAATGTCGACA	1
232	231	2	TTTGCCTATGGCTAATGTCGACAC	1
233	232	2	TTGCCTATGGCTAATGTCGACACT	1
234	233	2	TGCCTATGGCTAATGTCGACACTG	1
235	234	2	GCCTATGGCTAATGTCGACACTGA	1
236	235	2	CCTATGGCTAATGTCGACACTGAC	1
237	236	2	CTATGGCTAATGTCGACACTGACA	1
238	237	2	TATGGCTAATGTCGACACTGACAA	1
239	238	2	ATGGCTAATGTCGACACTGACAAA	1
240	239	2	TGGCTAATGTCGACACTGACAAAA	1
241	240	2	GGCTAATGTCGACACTGACAAAAT	1
242	241	2	GCTAATGTCGACACTGACAAAATT	1
243	242	2	CTAATGTCGACACTGACAAAATTA	1
244	243	2	TAATGTCGACACTGACAAAATTAT	1
245	244	1	AATGTCGACACTGACAAAATTATT	1
246	245	1	ATGTCGACACTGACAAAATTATTC	1
247	246	1	TGTCGACACTGACAAAATTATTCC	1
248	247	1	GTCGACACTGACAAAATTATTCCC	1
249	248	1	TCGACACTGACAAAATTATTCCCA	1
250	249	2	CGACACTGACAAAATTATTCCCAA	1
251	250	2	GACACTGACAAAATTATTCCCAAG	1
252	251	2	ACACTGACAAAATTATTCCCAAGC	1
253	252	2	CACTGACAAAATTATTCCCAAGCA	1
254	253	2	ACTGACAAAATTATTCCCAAGCAA	1
255	254	2	CTGACAAAATTATTCCCAAGCAAT	1
256	255	2	TGACAAAATTATTCCCAAGCAATT	1
257	256	2	GACAAAATTATTCCCAAGCAATTT	1
258	257	2	ACAAAATTATTCCCAAGCAATTTT	1
259	258	2	CAAAATTATTCCCAAGCAATTTTT	1
260	259	2	AAAATTATTCCCAAGCAATTTTTG	1
261	260	2	AAATTATTCCCAAGCAATTTTTGA	1
262	261	2	AATTATTCCCAAGCAATTTTTGAA	1
263	262	1	ATTATTCCCAAGCAATTTTTGAAG	1
264	263	1	TTATTCCCAAGCAATTTTTGAAGA	1
265	264	1	TATTCCCAAGCAATTTTTGAAGAC	1
266	265	1	ATTCCCAAGCAATTTTTGAAGACC	1
267	266	1	TTCCCAAGCAATTTTTGAAGACCA	1
268	267	1	TCCCAAGCAATTTTTGAAGACCAT	1
269	268	1	CCCAAGCAATTTTTGAAGACCATT	1
270	269	1	CCAAGCAATTTTTGAAGACCATTA	1
271	270	1	CAAGCAATTTTTGAAGACCATTAA	1
272	271	1	AAGCAATTTTTGAAGACCATTAAA	1
273	272	1	AGCAATTTTTGAAGACCATTAAAC	1
274	273	1	GCAATTTTTGAAGACCATTAAACG	1
275	274	1	CAATTTTTGAAGACCATTAAACGT	1
276	275	1	AATTTTTGAAGACCATTAAACGTA	1
277	276	1	ATTTTTGAAGACCATTAAACGTAC	1
278	277	1	TTTTTGAAGACCATTAAACGTACC	1
279	278	1	TTTTGAAGACCATTAAACGTACCG	1
280	279	1	TTTGAAGACCATTAAACGTACCGG	1
281	280	1	TTGAAGACCATTAAACGTACCGGT	1
282	281	1	TGAAGACCATTAAACGTACCGGTC	1
283	282	1	GAAGACCATTAAACGTACCGGTCT	1
284	283	1	AAGACCATTAAACGTACCGGTCTT	1
285	284	1	AGACCATTAAACGTACCGGTCTTG	1
286	285	1	GACCATTAAACGTACCGGTCTTGG	1
287	286	1	ACCATTAAACGTACCGGTCTTGGT	1
288	287	1	CCATTAAACGTACCGGTCTTGGTC	1
289	288	1	CATTAAACGTACCGGTCTTGGTCA	1
290	289	1	ATTAAACGTACCGGTCTTGGTCAA	1
291	290	1	TTAAACGTACCGGTCTTGGTCAAT	1
292	291	1	TAAACGTACCGGTCTTGGTCAATT	1
293	292	1	AAACGTACCGGTCTTGGTCAATTT	1
