Component 199
1	-1	0	TTTTCGTTTATAGAATAGCTTTGA	1
2	1	1	TTTCGTTTATAGAATAGCTTTGAA	1
3	2	2	TTCGTTTATAGAATAGCTTTGAAA	1
4	3	2	TCGTTTATAGAATAGCTTTGAAAT	1
5	4	2	CGTTTATAGAATAGCTTTGAAATT	1
6	5	2	GTTTATAGAATAGCTTTGAAATTT	1
7	6	2	TTTATAGAATAGCTTTGAAATTTG	1
8	7	2	TTATAGAATAGCTTTGAAATTTGA	1
9	8	2	TATAGAATAGCTTTGAAATTTGAA	1
10	9	2	ATAGAATAGCTTTGAAATTTGAAG	1
11	10	2	TAGAATAGCTTTGAAATTTGAAGA	1
12	11	2	AGAATAGCTTTGAAATTTGAAGAA	1
13	12	2	GAATAGCTTTGAAATTTGAAGAAC	1
14	13	2	AATAGCTTTGAAATTTGAAGAACC	1
15	14	2	ATAGCTTTGAAATTTGAAGAACCT	1
16	15	2	TAGCTTTGAAATTTGAAGAACCTT	1
17	16	2	AGCTTTGAAATTTGAAGAACCTTT	1
18	17	2	GCTTTGAAATTTGAAGAACCTTTT	1
19	18	2	CTTTGAAATTTGAAGAACCTTTTA	1
20	19	2	TTTGAAATTTGAAGAACCTTTTAC	1
21	20	2	TTGAAATTTGAAGAACCTTTTACT	1
22	21	2	TGAAATTTGAAGAACCTTTTACTG	1
23	22	2	GAAATTTGAAGAACCTTTTACTGC	1
24	23	2	AAATTTGAAGAACCTTTTACTGCT	1
25	24	2	AATTTGAAGAACCTTTTACTGCTA	1
26	25	3	ATTTGAAGAACCTTTTACTGCTAA	1
27	26	3	TTTGAAGAACCTTTTACTGCTAAA	1
28	27	3	TTGAAGAACCTTTTACTGCTAAAA	1
29	28	3	TGAAGAACCTTTTACTGCTAAAAT	1
30	29	3	GAAGAACCTTTTACTGCTAAAATT	1
31	30	3	AAGAACCTTTTACTGCTAAAATTT	1
32	31	3	AGAACCTTTTACTGCTAAAATTTA	1
33	32	3	GAACCTTTTACTGCTAAAATTTAC	1
34	33	3	AACCTTTTACTGCTAAAATTTACG	1
35	34	3	ACCTTTTACTGCTAAAATTTACGC	1
36	35	3	CCTTTTACTGCTAAAATTTACGCT	1
37	36	3	CTTTTACTGCTAAAATTTACGCTG	1
38	37	3	TTTTACTGCTAAAATTTACGCTGC	1
39	38	3	TTTACTGCTAAAATTTACGCTGCT	1
40	39	3	TTACTGCTAAAATTTACGCTGCTC	1
41	40	3	TACTGCTAAAATTTACGCTGCTCG	1
42	41	4	ACTGCTAAAATTTACGCTGCTCGT	1
43	42	3	CTGCTAAAATTTACGCTGCTCGTG	1
44	43	3	TGCTAAAATTTACGCTGCTCGTGA	1
45	44	3	GCTAAAATTTACGCTGCTCGTGAT	1
46	45	2	CTAAAATTTACGCTGCTCGTGATA	1
47	46	1	TAAAATTTACGCTGCTCGTGATAG	1
48	47	1	AAAATTTACGCTGCTCGTGATAGC	1
49	48	1	AAATTTACGCTGCTCGTGATAGCA	1
50	49	2	AATTTACGCTGCTCGTGATAGCAA	1
51	50	2	ATTTACGCTGCTCGTGATAGCAAG	1
52	51	2	TTTACGCTGCTCGTGATAGCAAGC	1
53	52	2	TTACGCTGCTCGTGATAGCAAGCA	1
54	53	3	TACGCTGCTCGTGATAGCAAGCAA	1
55	54	3	ACGCTGCTCGTGATAGCAAGCAAG	1
56	55	3	CGCTGCTCGTGATAGCAAGCAAGC	1
57	56	3	GCTGCTCGTGATAGCAAGCAAGCT	1
58	57	3	CTGCTCGTGATAGCAAGCAAGCTA	1
59	58	3	TGCTCGTGATAGCAAGCAAGCTAA	1
60	59	3	GCTCGTGATAGCAAGCAAGCTAAA	1
61	60	3	CTCGTGATAGCAAGCAAGCTAAAA	1
62	61	3	TCGTGATAGCAAGCAAGCTAAAAA	1
63	62	3	CGTGATAGCAAGCAAGCTAAAAAA	1
64	63	3	GTGATAGCAAGCAAGCTAAAAAAT	1
65	64	3	TGATAGCAAGCAAGCTAAAAAATC	1
66	65	3	GATAGCAAGCAAGCTAAAAAATCC	1
67	66	3	ATAGCAAGCAAGCTAAAAAATCCG	1
68	67	4	TAGCAAGCAAGCTAAAAAATCCGA	1
69	68	4	AGCAAGCAAGCTAAAAAATCCGAG	1
70	69	3	GCAAGCAAGCTAAAAAATCCGAGT	1
71	70	3	CAAGCAAGCTAAAAAATCCGAGTG	1
72	71	3	AAGCAAGCTAAAAAATCCGAGTGA	1
73	72	3	AGCAAGCTAAAAAATCCGAGTGAA	1
74	73	4	GCAAGCTAAAAAATCCGAGTGAAG	1
75	74	4	CAAGCTAAAAAATCCGAGTGAAGC	1
76	75	4	AAGCTAAAAAATCCGAGTGAAGCA	1
77	76	4	AGCTAAAAAATCCGAGTGAAGCAG	1
78	77	4	GCTAAAAAATCCGAGTGAAGCAGC	1
79	78	4	CTAAAAAATCCGAGTGAAGCAGCT	1
80	79	4	TAAAAAATCCGAGTGAAGCAGCTG	1
81	80	4	AAAAAATCCGAGTGAAGCAGCTGA	1
82	81	4	AAAAATCCGAGTGAAGCAGCTGAT	1
83	82	4	AAAATCCGAGTGAAGCAGCTGATT	1
84	83	4	AAATCCGAGTGAAGCAGCTGATTT	1
85	84	4	AATCCGAGTGAAGCAGCTGATTTG	1
86	85	3	ATCCGAGTGAAGCAGCTGATTTGA	1
87	86	3	TCCGAGTGAAGCAGCTGATTTGAA	1
88	87	3	CCGAGTGAAGCAGCTGATTTGAAG	1
89	88	3	CGAGTGAAGCAGCTGATTTGAAGT	1
90	89	3	GAGTGAAGCAGCTGATTTGAAGTG	1
91	90	3	AGTGAAGCAGCTGATTTGAAGTGG	1
92	91	3	GTGAAGCAGCTGATTTGAAGTGGC	1
93	92	3	TGAAGCAGCTGATTTGAAGTGGCC	1
94	93	2	GAAGCAGCTGATTTGAAGTGGCCA	1
95	94	2	AAGCAGCTGATTTGAAGTGGCCAT	1
96	95	2	AGCAGCTGATTTGAAGTGGCCATA	1
97	96	2	GCAGCTGATTTGAAGTGGCCATAA	1
98	97	1	CAGCTGATTTGAAGTGGCCATAAG	1
99	98	1	AGCTGATTTGAAGTGGCCATAAGT	1
100	99	1	GCTGATTTGAAGTGGCCATAAGTT	1
101	100	1	CTGATTTGAAGTGGCCATAAGTTA	1
102	101	1	TGATTTGAAGTGGCCATAAGTTAA	1
103	102	1	GATTTGAAGTGGCCATAAGTTAAA	1
104	103	1	ATTTGAAGTGGCCATAAGTTAAAG	1
105	104	1	TTTGAAGTGGCCATAAGTTAAAGC	1
106	105	1	TTGAAGTGGCCATAAGTTAAAGCT	1
107	106	1	TGAAGTGGCCATAAGTTAAAGCTT	1
108	107	1	GAAGTGGCCATAAGTTAAAGCTTC	1
109	108	1	AAGTGGCCATAAGTTAAAGCTTCA	1
110	109	1	AGTGGCCATAAGTTAAAGCTTCAT	1
111	110	1	GTGGCCATAAGTTAAAGCTTCATT	1
112	111	1	TGGCCATAAGTTAAAGCTTCATTA	1
113	112	1	GGCCATAAGTTAAAGCTTCATTAG	1
114	113	1	GCCATAAGTTAAAGCTTCATTAGA	1
115	114	1	CCATAAGTTAAAGCTTCATTAGAG	1
116	115	1	CATAAGTTAAAGCTTCATTAGAGT	1
117	116	1	ATAAGTTAAAGCTTCATTAGAGTT	1
118	-1	0	AAAAAAAAAAAGGAACAATTTTAA	1
119	118	1	AAAAAAAAAAGGAACAATTTTAAA	1
120	119	1	AAAAAAAAAGGAACAATTTTAAAT	1
121	120	1	AAAAAAAAGGAACAATTTTAAATG	1
122	121	1	AAAAAAAGGAACAATTTTAAATGG	1
123	122	2	AAAAAAGGAACAATTTTAAATGGA	1
124	123	2	AAAAAGGAACAATTTTAAATGGAA	1
125	124	2	AAAAGGAACAATTTTAAATGGAAT	1
126	125	2	AAAGGAACAATTTTAAATGGAATG	1
127	126	2	AAGGAACAATTTTAAATGGAATGT	1
128	127	2	AGGAACAATTTTAAATGGAATGTT	1
129	128	2	GGAACAATTTTAAATGGAATGTTC	1
130	129	2	GAACAATTTTAAATGGAATGTTCT	1
131	130	3	AACAATTTTAAATGGAATGTTCTG	1
132	131	3	ACAATTTTAAATGGAATGTTCTGT	1
133	132	3	CAATTTTAAATGGAATGTTCTGTT	1
134	133	3	AATTTTAAATGGAATGTTCTGTTC	1
135	134	3	ATTTTAAATGGAATGTTCTGTTCA	1
136	135	3	TTTTAAATGGAATGTTCTGTTCAT	1
137	136	3	TTTAAATGGAATGTTCTGTTCATG	1
138	137	3	TTAAATGGAATGTTCTGTTCATGA	1
139	138	3	TAAATGGAATGTTCTGTTCATGAC	1
140	139	3	AAATGGAATGTTCTGTTCATGACT	1
141	140	3	AATGGAATGTTCTGTTCATGACTA	1
142	141	3	ATGGAATGTTCTGTTCATGACTAG	1
143	142	3	TGGAATGTTCTGTTCATGACTAGT	1
144	143	3	GGAATGTTCTGTTCATGACTAGTC	1
145	144	3	GAATGTTCTGTTCATGACTAGTCC	1
146	145	3	AATGTTCTGTTCATGACTAGTCCT	1
147	146	3	ATGTTCTGTTCATGACTAGTCCTT	1
148	147	3	TGTTCTGTTCATGACTAGTCCTTA	1
149	148	3	GTTCTGTTCATGACTAGTCCTTAC	1
150	149	3	TTCTGTTCATGACTAGTCCTTACC	1
151	150	3	TCTGTTCATGACTAGTCCTTACCT	1
152	151	3	CTGTTCATGACTAGTCCTTACCTT	1
153	152	3	TGTTCATGACTAGTCCTTACCTTT	1
154	153	3	GTTCATGACTAGTCCTTACCTTTA	1
155	154	3	TTCATGACTAGTCCTTACCTTTAC	1
156	155	3	TCATGACTAGTCCTTACCTTTACT	1
157	156	3	CATGACTAGTCCTTACCTTTACTA	1
158	157	3	ATGACTAGTCCTTACCTTTACTAA	1
159	158	3	TGACTAGTCCTTACCTTTACTAAC	1
160	159	3	GACTAGTCCTTACCTTTACTAACG	1
161	160	3	ACTAGTCCTTACCTTTACTAACGC	1
162	161	3	CTAGTCCTTACCTTTACTAACGCT	1
163	162	2	TAGTCCTTACCTTTACTAACGCTC	1
164	163	2	AGTCCTTACCTTTACTAACGCTCC	1
165	164	2	GTCCTTACCTTTACTAACGCTCCT	1
166	165	2	TCCTTACCTTTACTAACGCTCCTC	1
167	166	1	CCTTACCTTTACTAACGCTCCTCC	1
168	167	1	CTTACCTTTACTAACGCTCCTCCT	1
169	168	1	TTACCTTTACTAACGCTCCTCCTT	1
170	169	2	TACCTTTACTAACGCTCCTCCTTT	1
171	170	2	ACCTTTACTAACGCTCCTCCTTTA	1
172	171	2	CCTTTACTAACGCTCCTCCTTTAA	1
173	172	2	CTTTACTAACGCTCCTCCTTTAAC	1
174	173	2	TTTACTAACGCTCCTCCTTTAACC	1
175	174	1	TTACTAACGCTCCTCCTTTAACCG	1
176	175	1	TACTAACGCTCCTCCTTTAACCGA	1
177	176	1	ACTAACGCTCCTCCTTTAACCGAT	1
178	177	1	CTAACGCTCCTCCTTTAACCGATT	1
179	178	1	TAACGCTCCTCCTTTAACCGATTT	1
180	179	1	AACGCTCCTCCTTTAACCGATTTT	1
181	180	1	ACGCTCCTCCTTTAACCGATTTTG	1
182	181	1	CGCTCCTCCTTTAACCGATTTTGC	1
183	182	1	GCTCCTCCTTTAACCGATTTTGCC	1
184	183	1	CTCCTCCTTTAACCGATTTTGCCC	1
185	184	1	TCCTCCTTTAACCGATTTTGCCCT	1
186	185	1	CCTCCTTTAACCGATTTTGCCCTA	1
187	186	1	CTCCTTTAACCGATTTTGCCCTAT	1
188	187	1	TCCTTTAACCGATTTTGCCCTATG	1
189	188	1	CCTTTAACCGATTTTGCCCTATGT	1
190	189	1	CTTTAACCGATTTTGCCCTATGTA	1
191	190	1	TTTAACCGATTTTGCCCTATGTAC	1
192	191	1	TTAACCGATTTTGCCCTATGTACT	1
193	192	1	TAACCGATTTTGCCCTATGTACTT	1
194	193	1	AACCGATTTTGCCCTATGTACTTT	1
195	194	1	ACCGATTTTGCCCTATGTACTTTG	1
196	195	1	CCGATTTTGCCCTATGTACTTTGA	1
197	196	1	CGATTTTGCCCTATGTACTTTGAC	1
198	197	1	GATTTTGCCCTATGTACTTTGACG	1
199	198	1	ATTTTGCCCTATGTACTTTGACGA	1
200	199	1	TTTTGCCCTATGTACTTTGACGAC	1
201	200	1	TTTGCCCTATGTACTTTGACGACT	1
202	201	1	TTGCCCTATGTACTTTGACGACTT	1
203	202	1	TGCCCTATGTACTTTGACGACTTC	1
204	203	1	GCCCTATGTACTTTGACGACTTCA	1
205	204	1	CCCTATGTACTTTGACGACTTCAA	1
206	205	1	CCTATGTACTTTGACGACTTCAAC	1
207	206	1	CTATGTACTTTGACGACTTCAACG	1
208	207	1	TATGTACTTTGACGACTTCAACGT	1
209	208	1	ATGTACTTTGACGACTTCAACGTC	1
210	209	1	TGTACTTTGACGACTTCAACGTCT	1
211	210	1	GTACTTTGACGACTTCAACGTCTG	1
212	211	1	TACTTTGACGACTTCAACGTCTGT	1
213	212	1	ACTTTGACGACTTCAACGTCTGTA	1
