Component 201
1	-1	0	GACGTGGTAGTTGATCTTTTGCTT	1
2	1	1	ACGTGGTAGTTGATCTTTTGCTTG	1
3	2	1	CGTGGTAGTTGATCTTTTGCTTGA	1
4	3	1	GTGGTAGTTGATCTTTTGCTTGAT	1
5	4	2	TGGTAGTTGATCTTTTGCTTGATA	1
6	5	3	GGTAGTTGATCTTTTGCTTGATAC	1
7	6	3	GTAGTTGATCTTTTGCTTGATACA	1
8	7	3	TAGTTGATCTTTTGCTTGATACAT	1
9	8	3	AGTTGATCTTTTGCTTGATACATC	1
10	9	3	GTTGATCTTTTGCTTGATACATCT	1
11	10	3	TTGATCTTTTGCTTGATACATCTA	1
12	11	3	TGATCTTTTGCTTGATACATCTAT	1
13	12	4	GATCTTTTGCTTGATACATCTATT	1
14	13	4	ATCTTTTGCTTGATACATCTATTT	1
15	14	4	TCTTTTGCTTGATACATCTATTTT	1
16	15	4	CTTTTGCTTGATACATCTATTTTT	1
17	16	4	TTTTGCTTGATACATCTATTTTTT	1
18	17	5	TTTGCTTGATACATCTATTTTTTT	1
19	18	5	TTGCTTGATACATCTATTTTTTTT	1
20	19	4	TGCTTGATACATCTATTTTTTTTT	1
21	20	4	GCTTGATACATCTATTTTTTTTTA	1
22	21	4	CTTGATACATCTATTTTTTTTTAC	1
23	22	4	TTGATACATCTATTTTTTTTTACT	1
24	23	4	TGATACATCTATTTTTTTTTACTA	1
25	24	4	GATACATCTATTTTTTTTTACTAT	1
26	25	4	ATACATCTATTTTTTTTTACTATT	1
27	26	4	TACATCTATTTTTTTTTACTATTT	1
28	27	4	ACATCTATTTTTTTTTACTATTTT	1
29	28	4	CATCTATTTTTTTTTACTATTTTT	1
30	29	4	ATCTATTTTTTTTTACTATTTTTA	1
31	30	4	TCTATTTTTTTTTACTATTTTTAA	1
32	31	4	CTATTTTTTTTTACTATTTTTAAT	1
33	32	4	TATTTTTTTTTACTATTTTTAATA	1
34	33	4	ATTTTTTTTTACTATTTTTAATAG	1
35	34	4	TTTTTTTTTACTATTTTTAATAGA	1
36	35	4	TTTTTTTTACTATTTTTAATAGAA	1
37	36	4	TTTTTTTACTATTTTTAATAGAAT	1
38	37	4	TTTTTTACTATTTTTAATAGAATC	1
39	38	4	TTTTTACTATTTTTAATAGAATCA	1
40	39	4	TTTTACTATTTTTAATAGAATCAT	1
41	40	4	TTTACTATTTTTAATAGAATCATA	1
42	41	4	TTACTATTTTTAATAGAATCATAT	1
43	42	4	TACTATTTTTAATAGAATCATATA	1
44	43	4	ACTATTTTTAATAGAATCATATAA	1
45	44	4	CTATTTTTAATAGAATCATATAAT	1
46	45	3	TATTTTTAATAGAATCATATAATT	1
47	46	3	ATTTTTAATAGAATCATATAATTT	1
48	47	3	TTTTTAATAGAATCATATAATTTT	1
49	48	3	TTTTAATAGAATCATATAATTTTT	1
50	49	2	TTTAATAGAATCATATAATTTTTT	1
51	50	2	TTAATAGAATCATATAATTTTTTA	1
52	51	2	TAATAGAATCATATAATTTTTTAA	1
53	52	2	AATAGAATCATATAATTTTTTAAC	1
54	53	2	ATAGAATCATATAATTTTTTAACT	1
55	54	2	TAGAATCATATAATTTTTTAACTC	1
56	55	2	AGAATCATATAATTTTTTAACTCA	1
57	56	1	GAATCATATAATTTTTTAACTCAT	1
58	57	2	AATCATATAATTTTTTAACTCATT	1
59	58	3	ATCATATAATTTTTTAACTCATTA	1
60	59	3	TCATATAATTTTTTAACTCATTAT	1
61	60	3	CATATAATTTTTTAACTCATTATG	1
62	61	2	ATATAATTTTTTAACTCATTATGG	1
63	62	2	TATAATTTTTTAACTCATTATGGC	1
64	63	2	ATAATTTTTTAACTCATTATGGCT	1
65	64	2	TAATTTTTTAACTCATTATGGCTA	1
66	65	2	AATTTTTTAACTCATTATGGCTAC	1
67	66	2	ATTTTTTAACTCATTATGGCTACT	1
68	67	2	TTTTTTAACTCATTATGGCTACTC	1
69	68	1	TTTTTAACTCATTATGGCTACTCA	1
70	69	1	TTTTAACTCATTATGGCTACTCAA	1
71	70	1	TTTAACTCATTATGGCTACTCAAA	1
72	71	1	TTAACTCATTATGGCTACTCAAAA	1
73	72	1	TAACTCATTATGGCTACTCAAAAC	1
74	73	1	AACTCATTATGGCTACTCAAAACT	1
75	74	1	ACTCATTATGGCTACTCAAAACTA	1
76	75	1	CTCATTATGGCTACTCAAAACTAC	1
77	76	1	TCATTATGGCTACTCAAAACTACA	1
78	77	1	CATTATGGCTACTCAAAACTACAA	1
79	78	1	ATTATGGCTACTCAAAACTACAAA	1
80	79	1	TTATGGCTACTCAAAACTACAAAG	1
81	80	1	TATGGCTACTCAAAACTACAAAGT	1
82	81	1	ATGGCTACTCAAAACTACAAAGTT	1
83	82	1	TGGCTACTCAAAACTACAAAGTTG	1
84	83	1	GGCTACTCAAAACTACAAAGTTGC	1
85	84	1	GCTACTCAAAACTACAAAGTTGCT	1
86	85	1	CTACTCAAAACTACAAAGTTGCTG	1
87	86	1	TACTCAAAACTACAAAGTTGCTGA	1
88	87	1	ACTCAAAACTACAAAGTTGCTGAT	1
89	88	1	CTCAAAACTACAAAGTTGCTGATA	1
90	89	1	TCAAAACTACAAAGTTGCTGATAT	1
91	90	1	CAAAACTACAAAGTTGCTGATATC	1
92	91	1	AAAACTACAAAGTTGCTGATATCT	1
93	92	1	AAACTACAAAGTTGCTGATATCTC	1
94	93	1	AACTACAAAGTTGCTGATATCTCT	1
95	94	1	ACTACAAAGTTGCTGATATCTCTC	1
96	95	1	CTACAAAGTTGCTGATATCTCTCT	1
97	96	1	TACAAAGTTGCTGATATCTCTCTT	1
98	97	1	ACAAAGTTGCTGATATCTCTCTTG	1
99	98	1	CAAAGTTGCTGATATCTCTCTTGC	1
100	99	1	AAAGTTGCTGATATCTCTCTTGCT	1
101	100	1	AAGTTGCTGATATCTCTCTTGCTG	1
102	101	1	AGTTGCTGATATCTCTCTTGCTGC	1
103	102	1	GTTGCTGATATCTCTCTTGCTGCC	1
104	103	1	TTGCTGATATCTCTCTTGCTGCCT	1
105	104	1	TGCTGATATCTCTCTTGCTGCCTT	1
106	105	1	GCTGATATCTCTCTTGCTGCCTTT	1
107	106	1	CTGATATCTCTCTTGCTGCCTTTG	1
108	107	1	TGATATCTCTCTTGCTGCCTTTGG	1
109	108	1	GATATCTCTCTTGCTGCCTTTGGT	1
110	109	1	ATATCTCTCTTGCTGCCTTTGGTC	1
111	110	1	TATCTCTCTTGCTGCCTTTGGTCG	1
112	111	1	ATCTCTCTTGCTGCCTTTGGTCGC	1
113	112	1	TCTCTCTTGCTGCCTTTGGTCGCA	1
114	113	1	CTCTCTTGCTGCCTTTGGTCGCAA	1
115	114	1	TCTCTTGCTGCCTTTGGTCGCAAG	1
116	115	1	CTCTTGCTGCCTTTGGTCGCAAGG	1
117	116	1	TCTTGCTGCCTTTGGTCGCAAGGA	1
118	117	1	CTTGCTGCCTTTGGTCGCAAGGAG	1
119	118	1	TTGCTGCCTTTGGTCGCAAGGAGC	1
120	119	1	TGCTGCCTTTGGTCGCAAGGAGCT	1
121	120	1	GCTGCCTTTGGTCGCAAGGAGCTC	1
122	121	1	CTGCCTTTGGTCGCAAGGAGCTCG	1
123	122	1	TGCCTTTGGTCGCAAGGAGCTCGA	1
124	123	1	GCCTTTGGTCGCAAGGAGCTCGAA	1
125	124	1	CCTTTGGTCGCAAGGAGCTCGAAA	1
126	125	1	CTTTGGTCGCAAGGAGCTCGAAAT	1
127	126	1	TTTGGTCGCAAGGAGCTCGAAATC	1
128	127	1	TTGGTCGCAAGGAGCTCGAAATCG	1
129	128	1	TGGTCGCAAGGAGCTCGAAATCGC	1
130	129	1	GGTCGCAAGGAGCTCGAAATCGCT	1
131	130	1	GTCGCAAGGAGCTCGAAATCGCTG	1
132	131	1	TCGCAAGGAGCTCGAAATCGCTGA	1
133	132	1	CGCAAGGAGCTCGAAATCGCTGAA	1
134	133	1	GCAAGGAGCTCGAAATCGCTGAAA	1
135	134	1	CAAGGAGCTCGAAATCGCTGAAAA	1
136	135	1	AAGGAGCTCGAAATCGCTGAAAAT	1
137	136	1	AGGAGCTCGAAATCGCTGAAAATG	1
138	137	1	GGAGCTCGAAATCGCTGAAAATGA	1
139	138	1	GAGCTCGAAATCGCTGAAAATGAG	1
140	139	1	AGCTCGAAATCGCTGAAAATGAGA	1
141	140	1	GCTCGAAATCGCTGAAAATGAGAT	1
142	141	1	CTCGAAATCGCTGAAAATGAGATG	1
143	142	1	TCGAAATCGCTGAAAATGAGATGC	1
144	143	1	CGAAATCGCTGAAAATGAGATGCC	1
145	144	1	GAAATCGCTGAAAATGAGATGCCC	1
146	145	2	AAATCGCTGAAAATGAGATGCCCG	1
147	146	2	AATCGCTGAAAATGAGATGCCCGG	1
148	147	2	ATCGCTGAAAATGAGATGCCCGGT	1
149	148	2	TCGCTGAAAATGAGATGCCCGGTT	1
150	149	2	CGCTGAAAATGAGATGCCCGGTTT	1
151	150	2	GCTGAAAATGAGATGCCCGGTTTG	1
152	151	2	CTGAAAATGAGATGCCCGGTTTGA	1
153	152	2	TGAAAATGAGATGCCCGGTTTGAT	1
154	153	2	GAAAATGAGATGCCCGGTTTGATC	1
155	154	2	AAAATGAGATGCCCGGTTTGATCG	1
156	155	2	AAATGAGATGCCCGGTTTGATCGC	1
157	156	2	AATGAGATGCCCGGTTTGATCGCT	1
158	157	2	ATGAGATGCCCGGTTTGATCGCTG	1
159	158	2	TGAGATGCCCGGTTTGATCGCTGT	1
160	159	2	GAGATGCCCGGTTTGATCGCTGTT	1
161	160	2	AGATGCCCGGTTTGATCGCTGTTC	1
162	161	2	GATGCCCGGTTTGATCGCTGTTCG	1
163	162	2	ATGCCCGGTTTGATCGCTGTTCGC	1
164	163	2	TGCCCGGTTTGATCGCTGTTCGCG	1
165	164	2	GCCCGGTTTGATCGCTGTTCGCGA	1
166	165	2	CCCGGTTTGATCGCTGTTCGCGAG	1
167	166	2	CCGGTTTGATCGCTGTTCGCGAGA	1
168	167	2	CGGTTTGATCGCTGTTCGCGAGAA	1
169	168	2	GGTTTGATCGCTGTTCGCGAGAAA	1
170	169	2	GTTTGATCGCTGTTCGCGAGAAAT	1
171	170	2	TTTGATCGCTGTTCGCGAGAAATA	1
172	171	3	TTGATCGCTGTTCGCGAGAAATAT	1
173	172	3	TGATCGCTGTTCGCGAGAAATATG	1
174	173	3	GATCGCTGTTCGCGAGAAATATGC	1
175	174	3	ATCGCTGTTCGCGAGAAATATGCC	1
176	175	3	TCGCTGTTCGCGAGAAATATGCCA	1
177	176	2	CGCTGTTCGCGAGAAATATGCCAA	1
178	177	2	GCTGTTCGCGAGAAATATGCCAAG	1
179	178	3	CTGTTCGCGAGAAATATGCCAAGT	1
180	179	3	TGTTCGCGAGAAATATGCCAAGTC	1
181	180	3	GTTCGCGAGAAATATGCCAAGTCT	1
182	181	3	TTCGCGAGAAATATGCCAAGTCTC	1
183	182	3	TCGCGAGAAATATGCCAAGTCTCA	1
184	183	3	CGCGAGAAATATGCCAAGTCTCAG	1
185	184	3	GCGAGAAATATGCCAAGTCTCAGC	1
186	185	3	CGAGAAATATGCCAAGTCTCAGCC	1
187	186	3	GAGAAATATGCCAAGTCTCAGCCT	1
188	187	3	AGAAATATGCCAAGTCTCAGCCTT	1
189	188	3	GAAATATGCCAAGTCTCAGCCTTT	1
190	189	3	AAATATGCCAAGTCTCAGCCTTTG	1
191	190	3	AATATGCCAAGTCTCAGCCTTTGA	1
192	191	3	ATATGCCAAGTCTCAGCCTTTGAA	1
193	192	3	TATGCCAAGTCTCAGCCTTTGAAG	1
194	193	3	ATGCCAAGTCTCAGCCTTTGAAGG	1
195	194	5	TGCCAAGTCTCAGCCTTTGAAGGG	1
196	195	5	GCCAAGTCTCAGCCTTTGAAGGGA	1
197	196	5	CCAAGTCTCAGCCTTTGAAGGGAG	1
198	197	5	CAAGTCTCAGCCTTTGAAGGGAGC	1
199	198	5	AAGTCTCAGCCTTTGAAGGGAGCC	1
200	199	5	AGTCTCAGCCTTTGAAGGGAGCCC	1
201	200	5	GTCTCAGCCTTTGAAGGGAGCCCG	1
202	201	5	TCTCAGCCTTTGAAGGGAGCCCGT	1
203	202	5	CTCAGCCTTTGAAGGGAGCCCGTA	1
204	203	5	TCAGCCTTTGAAGGGAGCCCGTAT	1
205	204	5	CAGCCTTTGAAGGGAGCCCGTATT	1
206	205	5	AGCCTTTGAAGGGAGCCCGTATTG	1
207	206	5	GCCTTTGAAGGGAGCCCGTATTGC	1
208	207	5	CCTTTGAAGGGAGCCCGTATTGCT	1
209	208	5	CTTTGAAGGGAGCCCGTATTGCTG	1
210	209	5	TTTGAAGGGAGCCCGTATTGCTGG	1
211	210	5	TTGAAGGGAGCCCGTATTGCTGGT	1
212	211	5	TGAAGGGAGCCCGTATTGCTGGTT	1
213	212	5	GAAGGGAGCCCGTATTGCTGGTTG	1
214	213	5	AAGGGAGCCCGTATTGCTGGTTGC	1
215	214	5	AGGGAGCCCGTATTGCTGGTTGCC	1
216	215	4	GGGAGCCCGTATTGCTGGTTGCCT	1
217	216	4	GGAGCCCGTATTGCTGGTTGCCTT	1
218	217	4	GAGCCCGTATTGCTGGTTGCCTTC	1
219	218	4	AGCCCGTATTGCTGGTTGCCTTCA	1
220	219	4	GCCCGTATTGCTGGTTGCCTTCAC	1
221	220	4	CCCGTATTGCTGGTTGCCTTCACA	1
222	221	4	CCGTATTGCTGGTTGCCTTCACAT	1
223	222	3	CGTATTGCTGGTTGCCTTCACATG	1
224	223	3	GTATTGCTGGTTGCCTTCACATGA	1
225	224	3	TATTGCTGGTTGCCTTCACATGAC	1
226	225	4	ATTGCTGGTTGCCTTCACATGACC	1
227	226	4	TTGCTGGTTGCCTTCACATGACCA	1
228	227	4	TGCTGGTTGCCTTCACATGACCAT	1
229	228	4	GCTGGTTGCCTTCACATGACCATC	1
230	229	4	CTGGTTGCCTTCACATGACCATCC	1
231	230	4	TGGTTGCCTTCACATGACCATCCA	1
232	231	4	GGTTGCCTTCACATGACCATCCAA	1
233	232	4	GTTGCCTTCACATGACCATCCAAA	1
234	233	3	TTGCCTTCACATGACCATCCAAAC	1
235	234	3	TGCCTTCACATGACCATCCAAACC	1
236	235	3	GCCTTCACATGACCATCCAAACCG	1
237	236	3	CCTTCACATGACCATCCAAACCGC	1
238	237	3	CTTCACATGACCATCCAAACCGCC	1
239	238	2	TTCACATGACCATCCAAACCGCCG	1
240	239	2	TCACATGACCATCCAAACCGCCGT	1
241	240	2	CACATGACCATCCAAACCGCCGTC	1
242	241	3	ACATGACCATCCAAACCGCCGTCC	1
243	242	3	CATGACCATCCAAACCGCCGTCCT	1
244	243	4	ATGACCATCCAAACCGCCGTCCTC	1
245	244	4	TGACCATCCAAACCGCCGTCCTCA	1
246	245	4	GACCATCCAAACCGCCGTCCTCAT	1
247	246	4	ACCATCCAAACCGCCGTCCTCATC	1
248	247	4	CCATCCAAACCGCCGTCCTCATCG	1
249	248	4	CATCCAAACCGCCGTCCTCATCGA	1
250	249	4	ATCCAAACCGCCGTCCTCATCGAA	1
251	250	4	TCCAAACCGCCGTCCTCATCGAAA	1
252	251	4	CCAAACCGCCGTCCTCATCGAAAC	1
253	252	4	CAAACCGCCGTCCTCATCGAAACT	1
254	253	4	AAACCGCCGTCCTCATCGAAACTT	1
255	254	4	AACCGCCGTCCTCATCGAAACTTT	1
256	255	4	ACCGCCGTCCTCATCGAAACTTTG	1
257	256	4	CCGCCGTCCTCATCGAAACTTTGG	1
258	257	4	CGCCGTCCTCATCGAAACTTTGGT	1
259	258	4	GCCGTCCTCATCGAAACTTTGGTT	1
260	259	4	CCGTCCTCATCGAAACTTTGGTTG	1
261	260	4	CGTCCTCATCGAAACTTTGGTTGC	1
262	261	4	GTCCTCATCGAAACTTTGGTTGCT	1
263	262	4	TCCTCATCGAAACTTTGGTTGCTT	1
264	263	4	CCTCATCGAAACTTTGGTTGCTTT	1
265	264	4	CTCATCGAAACTTTGGTTGCTTTG	1
266	265	4	TCATCGAAACTTTGGTTGCTTTGG	1
267	266	4	CATCGAAACTTTGGTTGCTTTGGG	1
268	267	5	ATCGAAACTTTGGTTGCTTTGGGT	1
269	268	5	TCGAAACTTTGGTTGCTTTGGGTG	1
270	269	4	CGAAACTTTGGTTGCTTTGGGTGC	1
271	270	4	GAAACTTTGGTTGCTTTGGGTGCT	1
272	271	4	AAACTTTGGTTGCTTTGGGTGCTG	1
273	272	4	AACTTTGGTTGCTTTGGGTGCTGA	1
274	273	4	ACTTTGGTTGCTTTGGGTGCTGAA	1
275	274	4	CTTTGGTTGCTTTGGGTGCTGAAG	1
276	275	4	TTTGGTTGCTTTGGGTGCTGAAGT	1
277	276	4	TTGGTTGCTTTGGGTGCTGAAGTT	1
278	277	4	TGGTTGCTTTGGGTGCTGAAGTTA	1
279	278	4	GGTTGCTTTGGGTGCTGAAGTTAC	1
280	279	4	GTTGCTTTGGGTGCTGAAGTTACC	1
281	280	4	TTGCTTTGGGTGCTGAAGTTACCT	1
282	281	4	TGCTTTGGGTGCTGAAGTTACCTG	1
283	282	3	GCTTTGGGTGCTGAAGTTACCTGG	1
284	283	3	CTTTGGGTGCTGAAGTTACCTGGT	1
285	284	3	TTTGGGTGCTGAAGTTACCTGGTC	1
286	285	2	TTGGGTGCTGAAGTTACCTGGTCC	1
287	286	2	TGGGTGCTGAAGTTACCTGGTCCT	1
288	287	1	GGGTGCTGAAGTTACCTGGTCCTC	1
289	288	2	GGTGCTGAAGTTACCTGGTCCTCT	1
290	289	2	GTGCTGAAGTTACCTGGTCCTCTT	1
291	290	2	TGCTGAAGTTACCTGGTCCTCTTG	1
292	291	2	GCTGAAGTTACCTGGTCCTCTTGC	1
293	292	2	CTGAAGTTACCTGGTCCTCTTGCA	1
294	293	2	TGAAGTTACCTGGTCCTCTTGCAA	1
295	294	2	GAAGTTACCTGGTCCTCTTGCAAC	1
296	295	2	AAGTTACCTGGTCCTCTTGCAACA	1
297	296	2	AGTTACCTGGTCCTCTTGCAACAT	1
298	297	2	GTTACCTGGTCCTCTTGCAACATT	1
299	298	2	TTACCTGGTCCTCTTGCAACATTT	1
300	299	2	TACCTGGTCCTCTTGCAACATTTA	1
301	300	2	ACCTGGTCCTCTTGCAACATTTAT	1
302	301	2	CCTGGTCCTCTTGCAACATTTATT	1
303	302	2	CTGGTCCTCTTGCAACATTTATTC	1
304	303	2	TGGTCCTCTTGCAACATTTATTCT	1
305	304	2	GGTCCTCTTGCAACATTTATTCTA	1
306	305	2	GTCCTCTTGCAACATTTATTCTAC	1
307	306	2	TCCTCTTGCAACATTTATTCTACT	1
308	307	2	CCTCTTGCAACATTTATTCTACTC	1
309	308	2	CTCTTGCAACATTTATTCTACTCA	1
310	309	1	TCTTGCAACATTTATTCTACTCAA	1
311	310	1	CTTGCAACATTTATTCTACTCAAG	1
312	311	1	TTGCAACATTTATTCTACTCAAGA	1
313	312	1	TGCAACATTTATTCTACTCAAGAT	1
314	313	1	GCAACATTTATTCTACTCAAGATC	1
315	314	1	CAACATTTATTCTACTCAAGATCA	1
316	315	1	AACATTTATTCTACTCAAGATCAT	1
317	316	1	ACATTTATTCTACTCAAGATCATG	1
318	317	1	CATTTATTCTACTCAAGATCATGC	1
319	318	1	ATTTATTCTACTCAAGATCATGCT	1
320	319	1	TTTATTCTACTCAAGATCATGCTG	1
321	320	1	TTATTCTACTCAAGATCATGCTGC	1
322	321	1	TATTCTACTCAAGATCATGCTGCT	1
323	322	1	ATTCTACTCAAGATCATGCTGCTG	1
324	323	1	TTCTACTCAAGATCATGCTGCTGC	1
325	324	1	TCTACTCAAGATCATGCTGCTGCT	1
326	325	1	CTACTCAAGATCATGCTGCTGCTG	1
327	326	1	TACTCAAGATCATGCTGCTGCTGC	1
328	327	1	ACTCAAGATCATGCTGCTGCTGCC	1
329	328	1	CTCAAGATCATGCTGCTGCTGCCA	1
330	329	1	TCAAGATCATGCTGCTGCTGCCAT	1
331	330	1	CAAGATCATGCTGCTGCTGCCATT	1
332	331	1	AAGATCATGCTGCTGCTGCCATTG	1
333	-1	0	TTTCGCCTGGAAGGGTGAGACTGA	1
334	333	1	TTCGCCTGGAAGGGTGAGACTGAG	1
335	334	1	TCGCCTGGAAGGGTGAGACTGAGG	1
336	335	1	CGCCTGGAAGGGTGAGACTGAGGA	1
337	336	1	GCCTGGAAGGGTGAGACTGAGGAA	1
338	337	1	CCTGGAAGGGTGAGACTGAGGAAG	1
339	338	1	CTGGAAGGGTGAGACTGAGGAAGA	1
340	339	1	TGGAAGGGTGAGACTGAGGAAGAA	1
341	340	1	GGAAGGGTGAGACTGAGGAAGAAT	1
342	341	1	GAAGGGTGAGACTGAGGAAGAATA	1
343	342	1	AAGGGTGAGACTGAGGAAGAATAC	1
344	343	1	AGGGTGAGACTGAGGAAGAATACC	1
345	344	1	GGGTGAGACTGAGGAAGAATACCT	1
346	345	1	GGTGAGACTGAGGAAGAATACCTC	1
347	346	1	GTGAGACTGAGGAAGAATACCTCT	1
348	347	1	TGAGACTGAGGAAGAATACCTCTG	1
349	348	1	GAGACTGAGGAAGAATACCTCTGG	1
350	349	1	AGACTGAGGAAGAATACCTCTGGT	1
351	350	1	GACTGAGGAAGAATACCTCTGGTG	1
352	351	1	ACTGAGGAAGAATACCTCTGGTGT	1
353	352	1	CTGAGGAAGAATACCTCTGGTGTA	1
354	353	1	TGAGGAAGAATACCTCTGGTGTAT	1
355	354	1	GAGGAAGAATACCTCTGGTGTATT	1
356	355	1	AGGAAGAATACCTCTGGTGTATTG	1
357	356	1	GGAAGAATACCTCTGGTGTATTGA	1
358	357	1	GAAGAATACCTCTGGTGTATTGAG	1
359	358	1	AAGAATACCTCTGGTGTATTGAGC	1
360	359	1	AGAATACCTCTGGTGTATTGAGCA	1
361	360	1	GAATACCTCTGGTGTATTGAGCAA	1
362	361	1	AATACCTCTGGTGTATTGAGCAAC	1
363	362	1	ATACCTCTGGTGTATTGAGCAACA	1
364	363	1	TACCTCTGGTGTATTGAGCAACAA	1
365	364	1	ACCTCTGGTGTATTGAGCAACAAT	1
366	365	1	CCTCTGGTGTATTGAGCAACAATT	1
367	366	1	CTCTGGTGTATTGAGCAACAATTG	1
368	367	1	TCTGGTGTATTGAGCAACAATTGA	1
369	368	1	CTGGTGTATTGAGCAACAATTGAA	1
370	369	1	TGGTGTATTGAGCAACAATTGAAG	1
371	370	1	GGTGTATTGAGCAACAATTGAAGT	1
372	371	1	GTGTATTGAGCAACAATTGAAGTC	1
373	372	2	TGTATTGAGCAACAATTGAAGTCT	1
374	373	4	GTATTGAGCAACAATTGAAGTCTT	1
375	374	4	TATTGAGCAACAATTGAAGTCTTT	1
376	375	4	ATTGAGCAACAATTGAAGTCTTTC	1
377	376	4	TTGAGCAACAATTGAAGTCTTTCC	1
378	377	3	TGAGCAACAATTGAAGTCTTTCCC	1
379	378	3	GAGCAACAATTGAAGTCTTTCCCT	1
380	379	3	AGCAACAATTGAAGTCTTTCCCTA	1
381	380	3	GCAACAATTGAAGTCTTTCCCTAG	1
382	381	3	CAACAATTGAAGTCTTTCCCTAGT	1
383	382	4	AACAATTGAAGTCTTTCCCTAGTG	1
384	383	4	ACAATTGAAGTCTTTCCCTAGTGG	1
385	384	4	CAATTGAAGTCTTTCCCTAGTGGT	1
386	385	4	AATTGAAGTCTTTCCCTAGTGGTA	1
387	386	4	ATTGAAGTCTTTCCCTAGTGGTAA	1
388	387	4	TTGAAGTCTTTCCCTAGTGGTAAG	1
389	388	4	TGAAGTCTTTCCCTAGTGGTAAGC	1
390	389	4	GAAGTCTTTCCCTAGTGGTAAGCC	1
391	390	5	AAGTCTTTCCCTAGTGGTAAGCCT	1
392	391	5	AGTCTTTCCCTAGTGGTAAGCCTT	1
393	392	5	GTCTTTCCCTAGTGGTAAGCCTTT	1
394	393	5	TCTTTCCCTAGTGGTAAGCCTTTG	1
395	394	5	CTTTCCCTAGTGGTAAGCCTTTGA	1
396	395	5	TTTCCCTAGTGGTAAGCCTTTGAA	1
397	396	5	TTCCCTAGTGGTAAGCCTTTGAAC	1
398	397	5	TCCCTAGTGGTAAGCCTTTGAACA	1
399	398	6	CCCTAGTGGTAAGCCTTTGAACAT	1
400	399	6	CCTAGTGGTAAGCCTTTGAACATG	1
401	400	6	CTAGTGGTAAGCCTTTGAACATGA	1
402	401	6	TAGTGGTAAGCCTTTGAACATGAT	1
403	402	6	AGTGGTAAGCCTTTGAACATGATT	1
404	403	6	GTGGTAAGCCTTTGAACATGATTT	1
405	404	6	TGGTAAGCCTTTGAACATGATTTT	1
406	405	6	GGTAAGCCTTTGAACATGATTTTG	1
407	406	6	GTAAGCCTTTGAACATGATTTTGG	1
408	407	6	TAAGCCTTTGAACATGATTTTGGA	1
409	408	6	AAGCCTTTGAACATGATTTTGGAT	1
410	409	6	AGCCTTTGAACATGATTTTGGATG	1
411	410	6	GCCTTTGAACATGATTTTGGATGA	1
412	411	6	CCTTTGAACATGATTTTGGATGAT	1
413	412	6	CTTTGAACATGATTTTGGATGATG	1
414	413	6	TTTGAACATGATTTTGGATGATGG	1
415	414	6	TTGAACATGATTTTGGATGATGGT	1
416	415	6	TGAACATGATTTTGGATGATGGTG	1
417	416	5	GAACATGATTTTGGATGATGGTGG	1
418	417	3	AACATGATTTTGGATGATGGTGGA	1
419	418	3	ACATGATTTTGGATGATGGTGGAG	1
420	419	3	CATGATTTTGGATGATGGTGGAGA	1
421	420	3	ATGATTTTGGATGATGGTGGAGAT	1
422	421	3	TGATTTTGGATGATGGTGGAGATT	1
423	422	3	GATTTTGGATGATGGTGGAGATTT	1
424	423	3	ATTTTGGATGATGGTGGAGATTTG	1
425	424	3	TTTTGGATGATGGTGGAGATTTGA	1
426	425	3	TTTGGATGATGGTGGAGATTTGAC	1
427	426	2	TTGGATGATGGTGGAGATTTGACT	1
428	427	2	TGGATGATGGTGGAGATTTGACTG	1
429	428	2	GGATGATGGTGGAGATTTGACTGC	1
430	429	2	GATGATGGTGGAGATTTGACTGCT	1
431	430	2	ATGATGGTGGAGATTTGACTGCTC	1
432	431	2	TGATGGTGGAGATTTGACTGCTCT	1
433	432	2	GATGGTGGAGATTTGACTGCTCTT	1
434	433	2	ATGGTGGAGATTTGACTGCTCTTG	1
435	434	1	TGGTGGAGATTTGACTGCTCTTGT	1
436	435	1	GGTGGAGATTTGACTGCTCTTGTT	1
437	436	1	GTGGAGATTTGACTGCTCTTGTTC	1
438	437	1	TGGAGATTTGACTGCTCTTGTTCA	1
439	438	1	GGAGATTTGACTGCTCTTGTTCAT	1
440	439	1	GAGATTTGACTGCTCTTGTTCATG	1
441	440	1	AGATTTGACTGCTCTTGTTCATGA	1
442	441	1	GATTTGACTGCTCTTGTTCATGAG	1
