Component 202
1	-1	0	CTCAACTTCAACATATCTTCCAAA	1
2	1	1	TCAACTTCAACATATCTTCCAAAT	1
3	2	1	CAACTTCAACATATCTTCCAAATA	1
4	3	1	AACTTCAACATATCTTCCAAATAG	1
5	4	1	ACTTCAACATATCTTCCAAATAGT	1
6	5	1	CTTCAACATATCTTCCAAATAGTC	1
7	6	1	TTCAACATATCTTCCAAATAGTCA	1
8	7	1	TCAACATATCTTCCAAATAGTCAA	1
9	8	1	CAACATATCTTCCAAATAGTCAAC	1
10	9	1	AACATATCTTCCAAATAGTCAACG	1
11	10	1	ACATATCTTCCAAATAGTCAACGT	1
12	11	1	CATATCTTCCAAATAGTCAACGTA	1
13	12	1	ATATCTTCCAAATAGTCAACGTAT	1
14	13	1	TATCTTCCAAATAGTCAACGTATA	1
15	14	1	ATCTTCCAAATAGTCAACGTATAA	1
16	15	1	TCTTCCAAATAGTCAACGTATAAT	1
17	16	1	CTTCCAAATAGTCAACGTATAATC	1
18	17	1	TTCCAAATAGTCAACGTATAATCA	1
19	18	3	TCCAAATAGTCAACGTATAATCAA	1
20	19	4	CCAAATAGTCAACGTATAATCAAC	1
21	20	4	CAAATAGTCAACGTATAATCAACA	1
22	21	15	AAATAGTCAACGTATAATCAACAA	1
23	22	15	AATAGTCAACGTATAATCAACAAA	1
24	23	15	ATAGTCAACGTATAATCAACAAAG	1
25	24	15	TAGTCAACGTATAATCAACAAAGC	1
26	25	15	AGTCAACGTATAATCAACAAAGCT	1
27	26	17	GTCAACGTATAATCAACAAAGCTC	1
28	27	17	TCAACGTATAATCAACAAAGCTCG	1
29	28	17	CAACGTATAATCAACAAAGCTCGG	1
30	29	17	AACGTATAATCAACAAAGCTCGGG	1
31	30	17	ACGTATAATCAACAAAGCTCGGGA	1
32	31	17	CGTATAATCAACAAAGCTCGGGAC	1
33	32	20	GTATAATCAACAAAGCTCGGGACC	1
34	33	20	TATAATCAACAAAGCTCGGGACCT	1
35	34	20	ATAATCAACAAAGCTCGGGACCTT	1
36	35	19	TAATCAACAAAGCTCGGGACCTTG	1
37	36	19	AATCAACAAAGCTCGGGACCTTGC	1
38	37	19	ATCAACAAAGCTCGGGACCTTGCC	1
39	38	19	TCAACAAAGCTCGGGACCTTGCCT	1
40	39	19	CAACAAAGCTCGGGACCTTGCCTA	1
41	40	19	AACAAAGCTCGGGACCTTGCCTAA	1
42	41	19	ACAAAGCTCGGGACCTTGCCTAAA	1
43	42	19	CAAAGCTCGGGACCTTGCCTAAAA	1
44	43	20	AAAGCTCGGGACCTTGCCTAAAAG	1
45	44	20	AAGCTCGGGACCTTGCCTAAAAGT	1
46	45	20	AGCTCGGGACCTTGCCTAAAAGTA	1
47	46	20	GCTCGGGACCTTGCCTAAAAGTAT	1
48	47	20	CTCGGGACCTTGCCTAAAAGTATC	1
49	48	20	TCGGGACCTTGCCTAAAAGTATCT	1
50	49	20	CGGGACCTTGCCTAAAAGTATCTA	1
51	50	21	GGGACCTTGCCTAAAAGTATCTAA	1
52	51	22	GGACCTTGCCTAAAAGTATCTAAA	1
53	52	22	GACCTTGCCTAAAAGTATCTAAAA	1
54	53	22	ACCTTGCCTAAAAGTATCTAAAAC	1
55	54	22	CCTTGCCTAAAAGTATCTAAAACG	1
56	55	22	CTTGCCTAAAAGTATCTAAAACGA	1
57	56	22	TTGCCTAAAAGTATCTAAAACGAC	1
58	57	22	TGCCTAAAAGTATCTAAAACGACT	1
59	58	22	GCCTAAAAGTATCTAAAACGACTT	1
60	59	22	CCTAAAAGTATCTAAAACGACTTC	1
61	60	23	CTAAAAGTATCTAAAACGACTTCC	1
62	61	23	TAAAAGTATCTAAAACGACTTCCA	1
63	62	21	AAAAGTATCTAAAACGACTTCCAA	1
64	63	21	AAAGTATCTAAAACGACTTCCAAA	1
65	64	21	AAGTATCTAAAACGACTTCCAAAA	1
66	65	10	AGTATCTAAAACGACTTCCAAAAG	1
67	66	10	GTATCTAAAACGACTTCCAAAAGC	1
68	67	10	TATCTAAAACGACTTCCAAAAGCG	1
69	68	10	ATCTAAAACGACTTCCAAAAGCGT	1
70	69	10	TCTAAAACGACTTCCAAAAGCGTA	1
71	70	8	CTAAAACGACTTCCAAAAGCGTAC	1
72	71	7	TAAAACGACTTCCAAAAGCGTACC	1
73	72	7	AAAACGACTTCCAAAAGCGTACCT	1
74	73	7	AAACGACTTCCAAAAGCGTACCTC	1
75	74	7	AACGACTTCCAAAAGCGTACCTCG	1
76	75	7	ACGACTTCCAAAAGCGTACCTCGA	1
77	76	6	CGACTTCCAAAAGCGTACCTCGAA	1
78	77	6	GACTTCCAAAAGCGTACCTCGAAC	1
79	78	6	ACTTCCAAAAGCGTACCTCGAACT	1
80	79	6	CTTCCAAAAGCGTACCTCGAACTT	1
81	80	6	TTCCAAAAGCGTACCTCGAACTTG	1
82	81	6	TCCAAAAGCGTACCTCGAACTTGT	1
83	82	6	CCAAAAGCGTACCTCGAACTTGTT	1
84	83	6	CAAAAGCGTACCTCGAACTTGTTA	1
85	84	6	AAAAGCGTACCTCGAACTTGTTAA	1
86	85	6	AAAGCGTACCTCGAACTTGTTAAG	1
87	86	6	AAGCGTACCTCGAACTTGTTAAGT	1
88	87	5	AGCGTACCTCGAACTTGTTAAGTT	1
89	88	4	GCGTACCTCGAACTTGTTAAGTTT	1
90	89	3	CGTACCTCGAACTTGTTAAGTTTA	1
91	90	3	GTACCTCGAACTTGTTAAGTTTAA	1
92	91	3	TACCTCGAACTTGTTAAGTTTAAG	1
93	92	3	ACCTCGAACTTGTTAAGTTTAAGT	1
94	93	3	CCTCGAACTTGTTAAGTTTAAGTG	1
95	94	2	CTCGAACTTGTTAAGTTTAAGTGT	1
96	95	1	TCGAACTTGTTAAGTTTAAGTGTC	1
97	96	1	CGAACTTGTTAAGTTTAAGTGTCT	1
98	97	1	GAACTTGTTAAGTTTAAGTGTCTA	1
99	98	1	AACTTGTTAAGTTTAAGTGTCTAG	1
100	99	1	ACTTGTTAAGTTTAAGTGTCTAGT	1
101	100	1	CTTGTTAAGTTTAAGTGTCTAGTA	1
102	101	2	TTGTTAAGTTTAAGTGTCTAGTAT	1
103	102	2	TGTTAAGTTTAAGTGTCTAGTATC	1
104	103	2	GTTAAGTTTAAGTGTCTAGTATCT	1
105	104	2	TTAAGTTTAAGTGTCTAGTATCTT	1
106	105	2	TAAGTTTAAGTGTCTAGTATCTTC	1
107	106	2	AAGTTTAAGTGTCTAGTATCTTCT	1
108	107	2	AGTTTAAGTGTCTAGTATCTTCTG	1
109	108	2	GTTTAAGTGTCTAGTATCTTCTGA	1
110	109	2	TTTAAGTGTCTAGTATCTTCTGAA	1
111	110	2	TTAAGTGTCTAGTATCTTCTGAAG	1
112	111	2	TAAGTGTCTAGTATCTTCTGAAGA	1
113	112	2	AAGTGTCTAGTATCTTCTGAAGAA	1
114	113	2	AGTGTCTAGTATCTTCTGAAGAAA	1
115	114	2	GTGTCTAGTATCTTCTGAAGAAAA	1
116	115	2	TGTCTAGTATCTTCTGAAGAAAAG	1
117	116	2	GTCTAGTATCTTCTGAAGAAAAGA	1
118	117	2	TCTAGTATCTTCTGAAGAAAAGAA	1
119	118	2	CTAGTATCTTCTGAAGAAAAGAAG	1
120	119	3	TAGTATCTTCTGAAGAAAAGAAGA	1
121	120	2	AGTATCTTCTGAAGAAAAGAAGAA	1
122	121	2	GTATCTTCTGAAGAAAAGAAGAAT	1
123	122	2	TATCTTCTGAAGAAAAGAAGAATC	1
124	123	2	ATCTTCTGAAGAAAAGAAGAATCA	1
125	124	2	TCTTCTGAAGAAAAGAAGAATCAA	1
126	125	2	CTTCTGAAGAAAAGAAGAATCAAC	1
127	126	2	TTCTGAAGAAAAGAAGAATCAACC	1
128	127	2	TCTGAAGAAAAGAAGAATCAACCT	1
129	128	2	CTGAAGAAAAGAAGAATCAACCTT	1
130	129	2	TGAAGAAAAGAAGAATCAACCTTT	1
131	130	2	GAAGAAAAGAAGAATCAACCTTTC	1
132	131	2	AAGAAAAGAAGAATCAACCTTTCA	1
133	132	3	AGAAAAGAAGAATCAACCTTTCAA	1
134	133	3	GAAAAGAAGAATCAACCTTTCAAC	1
135	134	3	AAAAGAAGAATCAACCTTTCAACT	1
136	135	3	AAAGAAGAATCAACCTTTCAACTG	1
137	136	3	AAGAAGAATCAACCTTTCAACTGG	1
138	137	3	AGAAGAATCAACCTTTCAACTGGA	1
139	138	3	GAAGAATCAACCTTTCAACTGGAC	1
140	139	3	AAGAATCAACCTTTCAACTGGACA	1
141	140	3	AGAATCAACCTTTCAACTGGACAT	1
142	141	3	GAATCAACCTTTCAACTGGACATT	1
143	142	2	AATCAACCTTTCAACTGGACATTT	1
144	143	2	ATCAACCTTTCAACTGGACATTTT	1
145	144	2	TCAACCTTTCAACTGGACATTTTC	1
146	145	2	CAACCTTTCAACTGGACATTTTCT	1
147	146	2	AACCTTTCAACTGGACATTTTCTA	1
148	147	2	ACCTTTCAACTGGACATTTTCTAT	1
149	148	2	CCTTTCAACTGGACATTTTCTATT	1
150	149	2	CTTTCAACTGGACATTTTCTATTG	1
151	150	2	TTTCAACTGGACATTTTCTATTGA	1
152	151	2	TTCAACTGGACATTTTCTATTGAA	1
153	152	2	TCAACTGGACATTTTCTATTGAAA	1
154	153	2	CAACTGGACATTTTCTATTGAAAT	1
155	154	2	AACTGGACATTTTCTATTGAAATT	1
156	155	2	ACTGGACATTTTCTATTGAAATTT	1
157	156	2	CTGGACATTTTCTATTGAAATTTC	1
158	157	2	TGGACATTTTCTATTGAAATTTCT	1
159	158	3	GGACATTTTCTATTGAAATTTCTT	1
160	159	3	GACATTTTCTATTGAAATTTCTTT	1
161	160	4	ACATTTTCTATTGAAATTTCTTTT	1
162	161	4	CATTTTCTATTGAAATTTCTTTTA	1
163	162	5	ATTTTCTATTGAAATTTCTTTTAC	1
164	163	4	TTTTCTATTGAAATTTCTTTTACC	1
165	164	4	TTTCTATTGAAATTTCTTTTACCC	1
166	165	4	TTCTATTGAAATTTCTTTTACCCC	1
167	166	4	TCTATTGAAATTTCTTTTACCCCC	1
168	167	6	CTATTGAAATTTCTTTTACCCCCC	1
169	168	7	TATTGAAATTTCTTTTACCCCCCT	1
170	169	8	ATTGAAATTTCTTTTACCCCCCTC	1
171	170	8	TTGAAATTTCTTTTACCCCCCTCT	1
172	171	8	TGAAATTTCTTTTACCCCCCTCTC	1
173	172	8	GAAATTTCTTTTACCCCCCTCTCT	1
174	173	8	AAATTTCTTTTACCCCCCTCTCTG	1
175	174	8	AATTTCTTTTACCCCCCTCTCTGT	1
176	175	8	ATTTCTTTTACCCCCCTCTCTGTC	1
177	176	7	TTTCTTTTACCCCCCTCTCTGTCT	1
178	177	7	TTCTTTTACCCCCCTCTCTGTCTC	1
179	178	7	TCTTTTACCCCCCTCTCTGTCTCA	1
180	179	7	CTTTTACCCCCCTCTCTGTCTCAC	1
181	180	7	TTTTACCCCCCTCTCTGTCTCACA	1
182	181	7	TTTACCCCCCTCTCTGTCTCACAC	1
183	182	7	TTACCCCCCTCTCTGTCTCACACA	1
184	183	7	TACCCCCCTCTCTGTCTCACACAC	1
185	184	7	ACCCCCCTCTCTGTCTCACACACA	1
186	185	7	CCCCCCTCTCTGTCTCACACACAC	1
187	186	7	CCCCCTCTCTGTCTCACACACACT	1
188	187	7	CCCCTCTCTGTCTCACACACACTC	1
189	188	7	CCCTCTCTGTCTCACACACACTCT	1
190	189	7	CCTCTCTGTCTCACACACACTCTC	1
191	190	7	CTCTCTGTCTCACACACACTCTCT	1
192	191	7	TCTCTGTCTCACACACACTCTCTC	1
193	192	7	CTCTGTCTCACACACACTCTCTCT	1
194	193	7	TCTGTCTCACACACACTCTCTCTA	1
195	194	7	CTGTCTCACACACACTCTCTCTAT	1
196	195	7	TGTCTCACACACACTCTCTCTATT	1
197	196	7	GTCTCACACACACTCTCTCTATTT	1
198	197	8	TCTCACACACACTCTCTCTATTTT	1
199	198	8	CTCACACACACTCTCTCTATTTTT	1
200	199	8	TCACACACACTCTCTCTATTTTTT	1
201	200	8	CACACACACTCTCTCTATTTTTTT	1
202	201	8	ACACACACTCTCTCTATTTTTTTT	1
203	202	7	CACACACTCTCTCTATTTTTTTTA	1
204	203	7	ACACACTCTCTCTATTTTTTTTAA	1
205	204	6	CACACTCTCTCTATTTTTTTTAAA	1
206	205	6	ACACTCTCTCTATTTTTTTTAAAT	1
207	206	5	CACTCTCTCTATTTTTTTTAAATA	1
208	207	5	ACTCTCTCTATTTTTTTTAAATAC	1
209	208	5	CTCTCTCTATTTTTTTTAAATACC	1
210	209	5	TCTCTCTATTTTTTTTAAATACCC	1
211	210	5	CTCTCTATTTTTTTTAAATACCCG	1
212	211	3	TCTCTATTTTTTTTAAATACCCGT	1
213	212	2	CTCTATTTTTTTTAAATACCCGTG	1
214	213	1	TCTATTTTTTTTAAATACCCGTGT	1
215	214	1	CTATTTTTTTTAAATACCCGTGTT	1
216	215	1	TATTTTTTTTAAATACCCGTGTTC	1
217	216	1	ATTTTTTTTAAATACCCGTGTTCT	1
218	217	2	TTTTTTTTAAATACCCGTGTTCTC	1
219	218	2	TTTTTTTAAATACCCGTGTTCTCT	1
220	219	2	TTTTTTAAATACCCGTGTTCTCTA	1
221	220	2	TTTTTAAATACCCGTGTTCTCTAC	1
222	221	2	TTTTAAATACCCGTGTTCTCTACT	1
223	222	2	TTTAAATACCCGTGTTCTCTACTT	1
224	223	3	TTAAATACCCGTGTTCTCTACTTT	1
225	224	3	TAAATACCCGTGTTCTCTACTTTG	1
226	225	3	AAATACCCGTGTTCTCTACTTTGC	1
227	226	3	AATACCCGTGTTCTCTACTTTGCT	1
228	227	3	ATACCCGTGTTCTCTACTTTGCTT	1
229	228	3	TACCCGTGTTCTCTACTTTGCTTT	1
230	229	3	ACCCGTGTTCTCTACTTTGCTTTG	1
231	230	3	CCCGTGTTCTCTACTTTGCTTTGC	1
232	231	3	CCGTGTTCTCTACTTTGCTTTGCG	1
233	232	4	CGTGTTCTCTACTTTGCTTTGCGA	1
234	233	4	GTGTTCTCTACTTTGCTTTGCGAA	1
235	234	4	TGTTCTCTACTTTGCTTTGCGAAT	1
236	235	4	GTTCTCTACTTTGCTTTGCGAATT	1
237	236	4	TTCTCTACTTTGCTTTGCGAATTT	1
238	237	4	TCTCTACTTTGCTTTGCGAATTTG	1
239	238	4	CTCTACTTTGCTTTGCGAATTTGT	1
240	239	7	TCTACTTTGCTTTGCGAATTTGTA	1
241	240	7	CTACTTTGCTTTGCGAATTTGTAC	1
242	241	6	TACTTTGCTTTGCGAATTTGTACC	1
243	242	6	ACTTTGCTTTGCGAATTTGTACCT	1
244	243	6	CTTTGCTTTGCGAATTTGTACCTT	1
245	244	8	TTTGCTTTGCGAATTTGTACCTTT	1
246	245	8	TTGCTTTGCGAATTTGTACCTTTC	1
247	246	8	TGCTTTGCGAATTTGTACCTTTCA	1
248	247	8	GCTTTGCGAATTTGTACCTTTCAA	1
249	248	8	CTTTGCGAATTTGTACCTTTCAAA	1
250	249	8	TTTGCGAATTTGTACCTTTCAAAG	1
251	250	8	TTGCGAATTTGTACCTTTCAAAGA	1
252	251	8	TGCGAATTTGTACCTTTCAAAGAT	1
253	252	8	GCGAATTTGTACCTTTCAAAGATG	1
254	253	8	CGAATTTGTACCTTTCAAAGATGT	1
255	254	8	GAATTTGTACCTTTCAAAGATGTT	1
256	255	10	AATTTGTACCTTTCAAAGATGTTT	1
257	256	11	ATTTGTACCTTTCAAAGATGTTTG	1
258	257	11	TTTGTACCTTTCAAAGATGTTTGC	1
259	258	12	TTGTACCTTTCAAAGATGTTTGCC	1
260	259	12	TGTACCTTTCAAAGATGTTTGCCA	1
261	260	12	GTACCTTTCAAAGATGTTTGCCAA	1
262	261	11	TACCTTTCAAAGATGTTTGCCAAA	1
263	262	14	ACCTTTCAAAGATGTTTGCCAAAG	1
264	263	16	CCTTTCAAAGATGTTTGCCAAAGT	1
265	264	16	CTTTCAAAGATGTTTGCCAAAGTA	1
266	265	16	TTTCAAAGATGTTTGCCAAAGTAG	1
267	266	17	TTCAAAGATGTTTGCCAAAGTAGC	1
268	267	16	TCAAAGATGTTTGCCAAAGTAGCT	1
269	268	17	CAAAGATGTTTGCCAAAGTAGCTT	1
270	269	17	AAAGATGTTTGCCAAAGTAGCTTT	1
271	270	17	AAGATGTTTGCCAAAGTAGCTTTC	1
272	271	17	AGATGTTTGCCAAAGTAGCTTTCA	1
273	272	17	GATGTTTGCCAAAGTAGCTTTCAA	1
274	273	17	ATGTTTGCCAAAGTAGCTTTCAAA	1
275	274	17	TGTTTGCCAAAGTAGCTTTCAAAA	1
276	275	16	GTTTGCCAAAGTAGCTTTCAAAAA	1
277	276	16	TTTGCCAAAGTAGCTTTCAAAAAC	1
278	277	16	TTGCCAAAGTAGCTTTCAAAAACT	1
279	278	16	TGCCAAAGTAGCTTTCAAAAACTT	1
280	279	16	GCCAAAGTAGCTTTCAAAAACTTT	1
281	280	16	CCAAAGTAGCTTTCAAAAACTTTA	1
282	281	17	CAAAGTAGCTTTCAAAAACTTTAC	1
283	282	17	AAAGTAGCTTTCAAAAACTTTACT	1
284	283	14	AAGTAGCTTTCAAAAACTTTACTC	1
285	284	14	AGTAGCTTTCAAAAACTTTACTCC	1
286	285	14	GTAGCTTTCAAAAACTTTACTCCC	1
287	286	14	TAGCTTTCAAAAACTTTACTCCCC	1
288	287	13	AGCTTTCAAAAACTTTACTCCCCT	1
289	288	13	GCTTTCAAAAACTTTACTCCCCTT	1
290	289	13	CTTTCAAAAACTTTACTCCCCTTA	1
291	290	13	TTTCAAAAACTTTACTCCCCTTAA	1
292	291	13	TTCAAAAACTTTACTCCCCTTAAG	1
293	292	13	TCAAAAACTTTACTCCCCTTAAGA	1
294	293	14	CAAAAACTTTACTCCCCTTAAGAG	1
295	294	14	AAAAACTTTACTCCCCTTAAGAGT	1
296	295	14	AAAACTTTACTCCCCTTAAGAGTA	1
297	296	14	AAACTTTACTCCCCTTAAGAGTAT	1
298	297	16	AACTTTACTCCCCTTAAGAGTATC	1
299	298	17	ACTTTACTCCCCTTAAGAGTATCG	1
300	299	15	CTTTACTCCCCTTAAGAGTATCGC	1
301	300	13	TTTACTCCCCTTAAGAGTATCGCT	1
302	301	15	TTACTCCCCTTAAGAGTATCGCTC	1
303	302	16	TACTCCCCTTAAGAGTATCGCTCC	1
304	303	15	ACTCCCCTTAAGAGTATCGCTCCC	1
305	304	16	CTCCCCTTAAGAGTATCGCTCCCC	1
306	305	14	TCCCCTTAAGAGTATCGCTCCCCG	1
307	306	9	CCCCTTAAGAGTATCGCTCCCCGT	1
308	307	9	CCCTTAAGAGTATCGCTCCCCGTT	1
309	308	9	CCTTAAGAGTATCGCTCCCCGTTC	1
310	309	9	CTTAAGAGTATCGCTCCCCGTTCT	1
311	310	8	TTAAGAGTATCGCTCCCCGTTCTT	1
312	311	8	TAAGAGTATCGCTCCCCGTTCTTT	1
313	312	8	AAGAGTATCGCTCCCCGTTCTTTT	1
314	313	8	AGAGTATCGCTCCCCGTTCTTTTT	1
315	314	8	GAGTATCGCTCCCCGTTCTTTTTC	1
316	315	8	AGTATCGCTCCCCGTTCTTTTTCT	1
317	316	8	GTATCGCTCCCCGTTCTTTTTCTA	1
318	317	8	TATCGCTCCCCGTTCTTTTTCTAC	1
319	318	8	ATCGCTCCCCGTTCTTTTTCTACG	1
320	319	9	TCGCTCCCCGTTCTTTTTCTACGA	1
321	320	9	CGCTCCCCGTTCTTTTTCTACGAC	1
322	321	9	GCTCCCCGTTCTTTTTCTACGACC	1
323	322	9	CTCCCCGTTCTTTTTCTACGACCT	1
324	323	9	TCCCCGTTCTTTTTCTACGACCTC	1
325	324	9	CCCCGTTCTTTTTCTACGACCTCC	1
326	325	10	CCCGTTCTTTTTCTACGACCTCCA	1
327	326	10	CCGTTCTTTTTCTACGACCTCCAG	1
328	327	10	CGTTCTTTTTCTACGACCTCCAGT	1
329	328	10	GTTCTTTTTCTACGACCTCCAGTC	1
330	329	10	TTCTTTTTCTACGACCTCCAGTCG	1
331	330	12	TCTTTTTCTACGACCTCCAGTCGC	1
332	331	12	CTTTTTCTACGACCTCCAGTCGCG	1
333	332	11	TTTTTCTACGACCTCCAGTCGCGC	1
334	333	11	TTTTCTACGACCTCCAGTCGCGCA	1
335	334	11	TTTCTACGACCTCCAGTCGCGCAT	1
336	335	11	TTCTACGACCTCCAGTCGCGCATT	1
337	336	11	TCTACGACCTCCAGTCGCGCATTC	1
338	337	10	CTACGACCTCCAGTCGCGCATTCA	1
339	338	10	TACGACCTCCAGTCGCGCATTCAA	1
340	339	10	ACGACCTCCAGTCGCGCATTCAAA	1
341	340	10	CGACCTCCAGTCGCGCATTCAAAG	1
342	341	8	GACCTCCAGTCGCGCATTCAAAGT	1
343	342	7	ACCTCCAGTCGCGCATTCAAAGTA	1
344	343	7	CCTCCAGTCGCGCATTCAAAGTAG	1
345	344	7	CTCCAGTCGCGCATTCAAAGTAGC	1
346	345	5	TCCAGTCGCGCATTCAAAGTAGCC	1
347	346	4	CCAGTCGCGCATTCAAAGTAGCCG	1
348	347	4	CAGTCGCGCATTCAAAGTAGCCGT	1
349	348	3	AGTCGCGCATTCAAAGTAGCCGTT	1
350	349	3	GTCGCGCATTCAAAGTAGCCGTTT	1
351	350	4	TCGCGCATTCAAAGTAGCCGTTTT	1
352	351	5	CGCGCATTCAAAGTAGCCGTTTTG	1
353	352	5	GCGCATTCAAAGTAGCCGTTTTGG	1
354	353	5	CGCATTCAAAGTAGCCGTTTTGGG	1
355	354	5	GCATTCAAAGTAGCCGTTTTGGGT	1
356	355	5	CATTCAAAGTAGCCGTTTTGGGTG	1
357	356	5	ATTCAAAGTAGCCGTTTTGGGTGC	1
358	357	5	TTCAAAGTAGCCGTTTTGGGTGCT	1
359	358	5	TCAAAGTAGCCGTTTTGGGTGCTG	1
360	359	5	CAAAGTAGCCGTTTTGGGTGCTGG	1
361	360	5	AAAGTAGCCGTTTTGGGTGCTGGA	1
362	361	5	AAGTAGCCGTTTTGGGTGCTGGAG	1
363	362	5	AGTAGCCGTTTTGGGTGCTGGAGG	1
364	363	4	GTAGCCGTTTTGGGTGCTGGAGGA	1
365	364	4	TAGCCGTTTTGGGTGCTGGAGGAG	1
366	365	4	AGCCGTTTTGGGTGCTGGAGGAGG	1
367	366	4	GCCGTTTTGGGTGCTGGAGGAGGT	1
368	367	5	CCGTTTTGGGTGCTGGAGGAGGTA	1
369	368	5	CGTTTTGGGTGCTGGAGGAGGTAT	1
370	369	5	GTTTTGGGTGCTGGAGGAGGTATT	1
371	370	5	TTTTGGGTGCTGGAGGAGGTATTG	1
372	371	5	TTTGGGTGCTGGAGGAGGTATTGG	1
373	372	5	TTGGGTGCTGGAGGAGGTATTGGC	1
374	373	5	TGGGTGCTGGAGGAGGTATTGGCC	1
375	374	4	GGGTGCTGGAGGAGGTATTGGCCA	1
376	375	4	GGTGCTGGAGGAGGTATTGGCCAG	1
377	376	4	GTGCTGGAGGAGGTATTGGCCAGC	1
378	377	4	TGCTGGAGGAGGTATTGGCCAGCC	1
379	378	5	GCTGGAGGAGGTATTGGCCAGCCT	1
380	379	6	CTGGAGGAGGTATTGGCCAGCCTT	1
381	380	6	TGGAGGAGGTATTGGCCAGCCTTT	1
382	381	6	GGAGGAGGTATTGGCCAGCCTTTG	1
383	382	5	GAGGAGGTATTGGCCAGCCTTTGT	1
384	383	5	AGGAGGTATTGGCCAGCCTTTGTC	1
385	384	5	GGAGGTATTGGCCAGCCTTTGTCA	1
386	385	5	GAGGTATTGGCCAGCCTTTGTCAA	1
387	386	5	AGGTATTGGCCAGCCTTTGTCAAT	1
388	387	5	GGTATTGGCCAGCCTTTGTCAATG	1
389	388	5	GTATTGGCCAGCCTTTGTCAATGC	1
390	389	7	TATTGGCCAGCCTTTGTCAATGCT	1
391	390	7	ATTGGCCAGCCTTTGTCAATGCTT	1
392	391	7	TTGGCCAGCCTTTGTCAATGCTTT	1
393	392	7	TGGCCAGCCTTTGTCAATGCTTTT	1
394	393	7	GGCCAGCCTTTGTCAATGCTTTTA	1
395	394	7	GCCAGCCTTTGTCAATGCTTTTAA	1
396	395	6	CCAGCCTTTGTCAATGCTTTTAAA	1
397	396	6	CAGCCTTTGTCAATGCTTTTAAAA	1
398	397	8	AGCCTTTGTCAATGCTTTTAAAAC	1
399	398	8	GCCTTTGTCAATGCTTTTAAAACT	1
400	399	8	CCTTTGTCAATGCTTTTAAAACTG	1
401	400	8	CTTTGTCAATGCTTTTAAAACTGA	1
402	401	8	TTTGTCAATGCTTTTAAAACTGAA	1
403	402	7	TTGTCAATGCTTTTAAAACTGAAC	1
404	403	7	TGTCAATGCTTTTAAAACTGAACG	1
405	404	6	GTCAATGCTTTTAAAACTGAACGA	1
406	405	6	TCAATGCTTTTAAAACTGAACGAT	1
407	406	6	CAATGCTTTTAAAACTGAACGATA	1
408	407	6	AATGCTTTTAAAACTGAACGATAA	1
409	408	6	ATGCTTTTAAAACTGAACGATAAG	1
410	409	6	TGCTTTTAAAACTGAACGATAAGG	1
411	410	6	GCTTTTAAAACTGAACGATAAGGT	1
412	411	6	CTTTTAAAACTGAACGATAAGGTT	1
413	412	6	TTTTAAAACTGAACGATAAGGTTA	1
414	413	6	TTTAAAACTGAACGATAAGGTTAG	1
415	414	6	TTAAAACTGAACGATAAGGTTAGT	1
416	415	8	TAAAACTGAACGATAAGGTTAGTG	1
417	416	8	AAAACTGAACGATAAGGTTAGTGA	1
418	417	8	AAACTGAACGATAAGGTTAGTGAA	1
419	418	8	AACTGAACGATAAGGTTAGTGAAT	1
420	419	8	ACTGAACGATAAGGTTAGTGAATT	1
421	420	8	CTGAACGATAAGGTTAGTGAATTG	1
422	421	8	TGAACGATAAGGTTAGTGAATTGG	1
423	422	7	GAACGATAAGGTTAGTGAATTGGC	1
424	423	7	AACGATAAGGTTAGTGAATTGGCC	1
425	424	7	ACGATAAGGTTAGTGAATTGGCCT	1
426	425	7	CGATAAGGTTAGTGAATTGGCCTT	1
427	426	8	GATAAGGTTAGTGAATTGGCCTTG	1
428	427	8	ATAAGGTTAGTGAATTGGCCTTGT	1
429	428	8	TAAGGTTAGTGAATTGGCCTTGTT	1
430	429	8	AAGGTTAGTGAATTGGCCTTGTTC	1
431	430	8	AGGTTAGTGAATTGGCCTTGTTCG	1
432	431	8	GGTTAGTGAATTGGCCTTGTTCGA	1
433	432	9	GTTAGTGAATTGGCCTTGTTCGAT	1
434	433	7	TTAGTGAATTGGCCTTGTTCGATA	1
435	434	8	TAGTGAATTGGCCTTGTTCGATAT	1
436	435	9	AGTGAATTGGCCTTGTTCGATATT	1
437	436	10	GTGAATTGGCCTTGTTCGATATTA	1
438	437	10	TGAATTGGCCTTGTTCGATATTAG	1
439	438	7	GAATTGGCCTTGTTCGATATTAGG	1
440	439	7	AATTGGCCTTGTTCGATATTAGGG	1
441	440	7	ATTGGCCTTGTTCGATATTAGGGG	1
442	441	5	TTGGCCTTGTTCGATATTAGGGGA	1
443	442	6	TGGCCTTGTTCGATATTAGGGGAG	1
444	443	6	GGCCTTGTTCGATATTAGGGGAGC	1
445	444	6	GCCTTGTTCGATATTAGGGGAGCT	1
446	445	6	CCTTGTTCGATATTAGGGGAGCTC	1
447	446	6	CTTGTTCGATATTAGGGGAGCTCC	1
448	447	6	TTGTTCGATATTAGGGGAGCTCCT	1
449	448	6	TGTTCGATATTAGGGGAGCTCCTG	1
450	449	6	GTTCGATATTAGGGGAGCTCCTGG	1
451	450	7	TTCGATATTAGGGGAGCTCCTGGC	1
452	451	7	TCGATATTAGGGGAGCTCCTGGCG	1
453	452	8	CGATATTAGGGGAGCTCCTGGCGT	1
454	453	8	GATATTAGGGGAGCTCCTGGCGTT	1
455	454	8	ATATTAGGGGAGCTCCTGGCGTTG	1
456	455	8	TATTAGGGGAGCTCCTGGCGTTGC	1
457	456	8	ATTAGGGGAGCTCCTGGCGTTGCT	1
458	457	8	TTAGGGGAGCTCCTGGCGTTGCTG	1
459	458	9	TAGGGGAGCTCCTGGCGTTGCTGC	1
460	459	7	AGGGGAGCTCCTGGCGTTGCTGCC	1
461	460	7	GGGGAGCTCCTGGCGTTGCTGCCG	1
462	461	7	GGGAGCTCCTGGCGTTGCTGCCGA	1
463	462	7	GGAGCTCCTGGCGTTGCTGCCGAT	1
464	463	9	GAGCTCCTGGCGTTGCTGCCGATA	1
465	464	9	AGCTCCTGGCGTTGCTGCCGATAT	1
466	465	9	GCTCCTGGCGTTGCTGCCGATATT	1
467	466	10	CTCCTGGCGTTGCTGCCGATATTG	1
468	467	10	TCCTGGCGTTGCTGCCGATATTGG	1
469	468	10	CCTGGCGTTGCTGCCGATATTGGA	1
470	469	10	CTGGCGTTGCTGCCGATATTGGAC	1
471	470	9	TGGCGTTGCTGCCGATATTGGACA	1
472	471	9	GGCGTTGCTGCCGATATTGGACAT	1
473	472	10	GCGTTGCTGCCGATATTGGACATA	1
474	473	10	CGTTGCTGCCGATATTGGACATAT	1
475	474	10	GTTGCTGCCGATATTGGACATATC	1
476	475	10	TTGCTGCCGATATTGGACATATCA	1
477	476	8	TGCTGCCGATATTGGACATATCAA	1
478	477	8	GCTGCCGATATTGGACATATCAAT	1
479	478	7	CTGCCGATATTGGACATATCAATA	1
480	479	7	TGCCGATATTGGACATATCAATAC	1
481	480	6	GCCGATATTGGACATATCAATACC	1
482	481	7	CCGATATTGGACATATCAATACCA	1
483	482	7	CGATATTGGACATATCAATACCAC	1
484	483	7	GATATTGGACATATCAATACCACT	1
485	484	7	ATATTGGACATATCAATACCACTT	1
486	485	7	TATTGGACATATCAATACCACTTC	1
487	486	6	ATTGGACATATCAATACCACTTCC	1
488	487	6	TTGGACATATCAATACCACTTCCA	1
489	488	6	TGGACATATCAATACCACTTCCAA	1
490	489	6	GGACATATCAATACCACTTCCAAT	1
491	490	6	GACATATCAATACCACTTCCAATG	1
492	491	7	ACATATCAATACCACTTCCAATGT	1
493	492	7	CATATCAATACCACTTCCAATGTT	1
494	493	7	ATATCAATACCACTTCCAATGTTG	1
495	494	6	TATCAATACCACTTCCAATGTTGT	1
496	495	6	ATCAATACCACTTCCAATGTTGTT	1
497	496	5	TCAATACCACTTCCAATGTTGTTG	1
498	497	5	CAATACCACTTCCAATGTTGTTGG	1
499	498	5	AATACCACTTCCAATGTTGTTGGC	1
500	499	5	ATACCACTTCCAATGTTGTTGGCT	1
501	500	5	TACCACTTCCAATGTTGTTGGCTA	1
502	501	5	ACCACTTCCAATGTTGTTGGCTAT	1
503	502	4	CCACTTCCAATGTTGTTGGCTATG	1
504	503	4	CACTTCCAATGTTGTTGGCTATGC	1
505	504	5	ACTTCCAATGTTGTTGGCTATGCT	1
506	505	5	CTTCCAATGTTGTTGGCTATGCTC	1
507	506	6	TTCCAATGTTGTTGGCTATGCTCC	1
508	507	6	TCCAATGTTGTTGGCTATGCTCCT	1
509	508	6	CCAATGTTGTTGGCTATGCTCCTG	1
510	509	6	CAATGTTGTTGGCTATGCTCCTGA	1
511	510	5	AATGTTGTTGGCTATGCTCCTGAT	1
512	511	5	ATGTTGTTGGCTATGCTCCTGATG	1
513	512	5	TGTTGTTGGCTATGCTCCTGATGA	1
514	513	5	GTTGTTGGCTATGCTCCTGATGAC	1
515	514	5	TTGTTGGCTATGCTCCTGATGACA	1
516	515	5	TGTTGGCTATGCTCCTGATGACAA	1
517	516	5	GTTGGCTATGCTCCTGATGACAAG	1
518	517	5	TTGGCTATGCTCCTGATGACAAGG	1
519	518	6	TGGCTATGCTCCTGATGACAAGGG	1
520	519	6	GGCTATGCTCCTGATGACAAGGGA	1
521	520	6	GCTATGCTCCTGATGACAAGGGAC	1
522	521	6	CTATGCTCCTGATGACAAGGGACT	1
523	522	6	TATGCTCCTGATGACAAGGGACTT	1
524	523	6	ATGCTCCTGATGACAAGGGACTTG	1
525	524	6	TGCTCCTGATGACAAGGGACTTGA	1
526	525	5	GCTCCTGATGACAAGGGACTTGAA	1
527	526	5	CTCCTGATGACAAGGGACTTGAAA	1
528	527	6	TCCTGATGACAAGGGACTTGAAAA	1
529	528	6	CCTGATGACAAGGGACTTGAAAAA	1
530	529	7	CTGATGACAAGGGACTTGAAAAAG	1
531	530	8	TGATGACAAGGGACTTGAAAAAGC	1
532	531	9	GATGACAAGGGACTTGAAAAAGCC	1
533	532	10	ATGACAAGGGACTTGAAAAAGCCT	1
534	533	11	TGACAAGGGACTTGAAAAAGCCTT	1
535	534	12	GACAAGGGACTTGAAAAAGCCTTG	1
536	535	11	ACAAGGGACTTGAAAAAGCCTTGA	1
537	536	12	CAAGGGACTTGAAAAAGCCTTGAA	1
538	537	12	AAGGGACTTGAAAAAGCCTTGAAC	1
539	538	13	AGGGACTTGAAAAAGCCTTGAACG	1
540	539	13	GGGACTTGAAAAAGCCTTGAACGG	1
541	540	14	GGACTTGAAAAAGCCTTGAACGGT	1
542	541	15	GACTTGAAAAAGCCTTGAACGGTG	1
543	542	15	ACTTGAAAAAGCCTTGAACGGTGC	1
544	543	15	CTTGAAAAAGCCTTGAACGGTGCT	1
545	544	15	TTGAAAAAGCCTTGAACGGTGCTG	1
546	545	15	TGAAAAAGCCTTGAACGGTGCTGA	1
547	546	15	GAAAAAGCCTTGAACGGTGCTGAT	1
548	547	15	AAAAAGCCTTGAACGGTGCTGATG	1
549	548	14	AAAAGCCTTGAACGGTGCTGATGT	1
550	549	14	AAAGCCTTGAACGGTGCTGATGTG	1
551	550	13	AAGCCTTGAACGGTGCTGATGTGG	1
552	551	12	AGCCTTGAACGGTGCTGATGTGGT	1
553	552	12	GCCTTGAACGGTGCTGATGTGGTC	1
554	553	12	CCTTGAACGGTGCTGATGTGGTCA	1
555	554	12	CTTGAACGGTGCTGATGTGGTCAT	1
556	555	12	TTGAACGGTGCTGATGTGGTCATT	1
557	556	12	TGAACGGTGCTGATGTGGTCATTA	1
558	557	12	GAACGGTGCTGATGTGGTCATTAT	1
559	558	13	AACGGTGCTGATGTGGTCATTATT	1
560	559	13	ACGGTGCTGATGTGGTCATTATTC	1
561	560	12	CGGTGCTGATGTGGTCATTATTCC	1
562	561	11	GGTGCTGATGTGGTCATTATTCCT	1
563	562	11	GTGCTGATGTGGTCATTATTCCTG	1
564	563	11	TGCTGATGTGGTCATTATTCCTGC	1
565	564	11	GCTGATGTGGTCATTATTCCTGCT	1
566	565	11	CTGATGTGGTCATTATTCCTGCTG	1
567	566	12	TGATGTGGTCATTATTCCTGCTGG	1
568	567	13	GATGTGGTCATTATTCCTGCTGGT	1
569	568	14	ATGTGGTCATTATTCCTGCTGGTG	1
570	569	14	TGTGGTCATTATTCCTGCTGGTGT	1
571	570	13	GTGGTCATTATTCCTGCTGGTGTT	1
572	571	13	TGGTCATTATTCCTGCTGGTGTTC	1
573	572	13	GGTCATTATTCCTGCTGGTGTTCC	1
574	573	12	GTCATTATTCCTGCTGGTGTTCCC	1
575	574	13	TCATTATTCCTGCTGGTGTTCCCC	1
576	575	12	CATTATTCCTGCTGGTGTTCCCCG	1
577	576	12	ATTATTCCTGCTGGTGTTCCCCGT	1
578	577	11	TTATTCCTGCTGGTGTTCCCCGTA	1
579	578	10	TATTCCTGCTGGTGTTCCCCGTAA	1
580	579	10	ATTCCTGCTGGTGTTCCCCGTAAG	1
581	580	9	TTCCTGCTGGTGTTCCCCGTAAGC	1
582	581	9	TCCTGCTGGTGTTCCCCGTAAGCC	1
583	582	10	CCTGCTGGTGTTCCCCGTAAGCCC	1
584	583	10	CTGCTGGTGTTCCCCGTAAGCCCG	1
585	584	10	TGCTGGTGTTCCCCGTAAGCCCGG	1
586	585	9	GCTGGTGTTCCCCGTAAGCCCGGA	1
587	586	9	CTGGTGTTCCCCGTAAGCCCGGAA	1
588	587	9	TGGTGTTCCCCGTAAGCCCGGAAT	1
589	588	9	GGTGTTCCCCGTAAGCCCGGAATG	1
590	589	9	GTGTTCCCCGTAAGCCCGGAATGA	1
591	590	9	TGTTCCCCGTAAGCCCGGAATGAC	1
592	591	9	GTTCCCCGTAAGCCCGGAATGACT	1
593	592	9	TTCCCCGTAAGCCCGGAATGACTC	1
594	593	9	TCCCCGTAAGCCCGGAATGACTCG	1
595	594	9	CCCCGTAAGCCCGGAATGACTCGT	1
596	595	9	CCCGTAAGCCCGGAATGACTCGTG	1
597	596	9	CCGTAAGCCCGGAATGACTCGTGA	1
598	597	9	CGTAAGCCCGGAATGACTCGTGAT	1
599	598	9	GTAAGCCCGGAATGACTCGTGATG	1
600	599	9	TAAGCCCGGAATGACTCGTGATGA	1
601	600	9	AAGCCCGGAATGACTCGTGATGAT	1
602	601	9	AGCCCGGAATGACTCGTGATGATC	1
603	602	8	GCCCGGAATGACTCGTGATGATCT	1
604	603	8	CCCGGAATGACTCGTGATGATCTC	1
605	604	9	CCGGAATGACTCGTGATGATCTCT	1
606	605	9	CGGAATGACTCGTGATGATCTCTT	1
607	606	9	GGAATGACTCGTGATGATCTCTTT	1
608	607	9	GAATGACTCGTGATGATCTCTTTG	1
609	608	9	AATGACTCGTGATGATCTCTTTGC	1
610	609	9	ATGACTCGTGATGATCTCTTTGCT	1
611	610	8	TGACTCGTGATGATCTCTTTGCTA	1
612	611	7	GACTCGTGATGATCTCTTTGCTAC	1
613	612	6	ACTCGTGATGATCTCTTTGCTACT	1
614	613	6	CTCGTGATGATCTCTTTGCTACTA	1
615	614	6	TCGTGATGATCTCTTTGCTACTAA	1
616	615	6	CGTGATGATCTCTTTGCTACTAAC	1
617	616	6	GTGATGATCTCTTTGCTACTAACG	1
618	617	5	TGATGATCTCTTTGCTACTAACGC	1
619	618	3	GATGATCTCTTTGCTACTAACGCA	1
620	619	3	ATGATCTCTTTGCTACTAACGCAT	1
621	620	3	TGATCTCTTTGCTACTAACGCATC	1
622	621	3	GATCTCTTTGCTACTAACGCATCG	1
623	622	3	ATCTCTTTGCTACTAACGCATCGA	1
624	623	3	TCTCTTTGCTACTAACGCATCGAT	1
625	624	3	CTCTTTGCTACTAACGCATCGATT	1
626	625	3	TCTTTGCTACTAACGCATCGATTG	1
627	626	1	CTTTGCTACTAACGCATCGATTGT	1
628	627	1	TTTGCTACTAACGCATCGATTGTG	1
629	628	1	TTGCTACTAACGCATCGATTGTGC	1
630	629	1	TGCTACTAACGCATCGATTGTGCG	1
631	630	1	GCTACTAACGCATCGATTGTGCGG	1
632	631	1	CTACTAACGCATCGATTGTGCGGG	1
633	632	1	TACTAACGCATCGATTGTGCGGGA	1
634	633	1	ACTAACGCATCGATTGTGCGGGAC	1
635	634	1	CTAACGCATCGATTGTGCGGGACC	1
636	635	1	TAACGCATCGATTGTGCGGGACCT	1
637	636	1	AACGCATCGATTGTGCGGGACCTT	1
638	637	1	ACGCATCGATTGTGCGGGACCTTG	1
639	638	1	CGCATCGATTGTGCGGGACCTTGC	1
640	639	1	GCATCGATTGTGCGGGACCTTGCT	1
641	640	1	CATCGATTGTGCGGGACCTTGCTT	1
642	641	1	ATCGATTGTGCGGGACCTTGCTTT	1
643	642	1	TCGATTGTGCGGGACCTTGCTTTT	1
644	643	4	CGATTGTGCGGGACCTTGCTTTTG	1
645	644	4	GATTGTGCGGGACCTTGCTTTTGC	1
646	645	4	ATTGTGCGGGACCTTGCTTTTGCA	1
647	646	4	TTGTGCGGGACCTTGCTTTTGCAG	1
648	647	7	TGTGCGGGACCTTGCTTTTGCAGC	1
649	648	6	GTGCGGGACCTTGCTTTTGCAGCA	1
650	649	6	TGCGGGACCTTGCTTTTGCAGCAG	1
651	650	6	GCGGGACCTTGCTTTTGCAGCAGG	1
652	651	10	CGGGACCTTGCTTTTGCAGCAGGT	1
653	652	10	GGGACCTTGCTTTTGCAGCAGGTG	1
654	653	11	GGACCTTGCTTTTGCAGCAGGTGA	1
655	654	11	GACCTTGCTTTTGCAGCAGGTGAA	1
656	655	11	ACCTTGCTTTTGCAGCAGGTGAAA	1
657	656	12	CCTTGCTTTTGCAGCAGGTGAAAC	1
658	657	12	CTTGCTTTTGCAGCAGGTGAAACT	1
659	658	12	TTGCTTTTGCAGCAGGTGAAACTT	1
660	659	12	TGCTTTTGCAGCAGGTGAAACTTG	1
661	660	12	GCTTTTGCAGCAGGTGAAACTTGT	1
662	661	12	CTTTTGCAGCAGGTGAAACTTGTC	1
663	662	12	TTTTGCAGCAGGTGAAACTTGTCC	1
664	663	12	TTTGCAGCAGGTGAAACTTGTCCC	1
665	664	12	TTGCAGCAGGTGAAACTTGTCCCG	1
666	665	13	TGCAGCAGGTGAAACTTGTCCCGA	1
667	666	14	GCAGCAGGTGAAACTTGTCCCGAA	1
668	667	14	CAGCAGGTGAAACTTGTCCCGAAG	1
669	668	15	AGCAGGTGAAACTTGTCCCGAAGC	1
670	669	15	GCAGGTGAAACTTGTCCCGAAGCC	1
671	670	16	CAGGTGAAACTTGTCCCGAAGCCA	1
672	671	16	AGGTGAAACTTGTCCCGAAGCCAA	1
673	672	16	GGTGAAACTTGTCCCGAAGCCAAA	1
674	673	16	GTGAAACTTGTCCCGAAGCCAAAT	1
675	674	16	TGAAACTTGTCCCGAAGCCAAATA	1
676	675	16	GAAACTTGTCCCGAAGCCAAATAT	1
677	676	16	AAACTTGTCCCGAAGCCAAATATC	1
678	677	17	AACTTGTCCCGAAGCCAAATATCT	1
679	678	17	ACTTGTCCCGAAGCCAAATATCTC	1
680	679	17	CTTGTCCCGAAGCCAAATATCTCG	1
681	680	17	TTGTCCCGAAGCCAAATATCTCGT	1
682	681	17	TGTCCCGAAGCCAAATATCTCGTT	1
683	682	17	GTCCCGAAGCCAAATATCTCGTTG	1
684	683	17	TCCCGAAGCCAAATATCTCGTTGT	1
685	684	17	CCCGAAGCCAAATATCTCGTTGTC	1
686	685	18	CCGAAGCCAAATATCTCGTTGTCA	1
687	686	18	CGAAGCCAAATATCTCGTTGTCAC	1
688	687	15	GAAGCCAAATATCTCGTTGTCACT	1
689	688	15	AAGCCAAATATCTCGTTGTCACTA	1
690	689	15	AGCCAAATATCTCGTTGTCACTAA	1
691	690	15	GCCAAATATCTCGTTGTCACTAAC	1
692	691	12	CCAAATATCTCGTTGTCACTAACC	1
693	692	12	CAAATATCTCGTTGTCACTAACCC	1
694	693	12	AAATATCTCGTTGTCACTAACCCC	1
695	694	12	AATATCTCGTTGTCACTAACCCCG	1
696	695	7	ATATCTCGTTGTCACTAACCCCGT	1
697	696	7	TATCTCGTTGTCACTAACCCCGTA	1
698	697	7	ATCTCGTTGTCACTAACCCCGTAA	1
699	698	6	TCTCGTTGTCACTAACCCCGTAAA	1
700	699	6	CTCGTTGTCACTAACCCCGTAAAC	1
701	700	5	TCGTTGTCACTAACCCCGTAAACT	1
702	701	6	CGTTGTCACTAACCCCGTAAACTC	1
703	702	6	GTTGTCACTAACCCCGTAAACTCT	1
704	703	6	TTGTCACTAACCCCGTAAACTCTA	1
705	704	6	TGTCACTAACCCCGTAAACTCTAC	1
706	705	6	GTCACTAACCCCGTAAACTCTACT	1
707	706	7	TCACTAACCCCGTAAACTCTACTG	1
708	707	7	CACTAACCCCGTAAACTCTACTGT	1
709	708	7	ACTAACCCCGTAAACTCTACTGTG	1
710	709	6	CTAACCCCGTAAACTCTACTGTGC	1
711	710	5	TAACCCCGTAAACTCTACTGTGCC	1
712	711	5	AACCCCGTAAACTCTACTGTGCCC	1
713	712	4	ACCCCGTAAACTCTACTGTGCCCA	1
714	713	3	CCCCGTAAACTCTACTGTGCCCAT	1
715	714	3	CCCGTAAACTCTACTGTGCCCATC	1
716	715	3	CCGTAAACTCTACTGTGCCCATCT	1
717	716	3	CGTAAACTCTACTGTGCCCATCTT	1
718	717	4	GTAAACTCTACTGTGCCCATCTTT	1
719	718	4	TAAACTCTACTGTGCCCATCTTTA	1
720	719	5	AAACTCTACTGTGCCCATCTTTAA	1
721	720	5	AACTCTACTGTGCCCATCTTTAAA	1
722	721	5	ACTCTACTGTGCCCATCTTTAAAA	1
723	722	5	CTCTACTGTGCCCATCTTTAAAAA	1
724	723	6	TCTACTGTGCCCATCTTTAAAAAG	1
725	724	6	CTACTGTGCCCATCTTTAAAAAGG	1
726	725	7	TACTGTGCCCATCTTTAAAAAGGC	1
727	726	7	ACTGTGCCCATCTTTAAAAAGGCT	1
728	727	7	CTGTGCCCATCTTTAAAAAGGCTT	1
729	728	8	TGTGCCCATCTTTAAAAAGGCTTT	1
730	729	7	GTGCCCATCTTTAAAAAGGCTTTA	1
731	730	7	TGCCCATCTTTAAAAAGGCTTTAG	1
732	731	8	GCCCATCTTTAAAAAGGCTTTAGA	1
733	732	8	CCCATCTTTAAAAAGGCTTTAGAA	1
734	733	8	CCATCTTTAAAAAGGCTTTAGAAC	1
735	734	8	CATCTTTAAAAAGGCTTTAGAACG	1
736	735	8	ATCTTTAAAAAGGCTTTAGAACGT	1
737	736	8	TCTTTAAAAAGGCTTTAGAACGTG	1
738	737	8	CTTTAAAAAGGCTTTAGAACGTGT	1
739	738	8	TTTAAAAAGGCTTTAGAACGTGTT	1
740	739	8	TTAAAAAGGCTTTAGAACGTGTTG	1
741	740	8	TAAAAAGGCTTTAGAACGTGTTGG	1
742	741	8	AAAAAGGCTTTAGAACGTGTTGGC	1
743	742	8	AAAAGGCTTTAGAACGTGTTGGCG	1
744	743	8	AAAGGCTTTAGAACGTGTTGGCGT	1
745	744	8	AAGGCTTTAGAACGTGTTGGCGTT	1
746	745	7	AGGCTTTAGAACGTGTTGGCGTTC	1
747	746	7	GGCTTTAGAACGTGTTGGCGTTCA	1
748	747	7	GCTTTAGAACGTGTTGGCGTTCAT	1
749	748	7	CTTTAGAACGTGTTGGCGTTCATC	1
750	749	7	TTTAGAACGTGTTGGCGTTCATCA	1
751	750	8	TTAGAACGTGTTGGCGTTCATCAA	1
752	751	8	TAGAACGTGTTGGCGTTCATCAAC	1
753	752	8	AGAACGTGTTGGCGTTCATCAACC	1
754	753	8	GAACGTGTTGGCGTTCATCAACCC	1
755	754	8	AACGTGTTGGCGTTCATCAACCCA	1
756	755	8	ACGTGTTGGCGTTCATCAACCCAA	1
757	756	8	CGTGTTGGCGTTCATCAACCCAAA	1
758	757	9	GTGTTGGCGTTCATCAACCCAAAC	1
759	758	9	TGTTGGCGTTCATCAACCCAAACA	1
760	759	10	GTTGGCGTTCATCAACCCAAACAT	1
761	760	10	TTGGCGTTCATCAACCCAAACATT	1
762	761	9	TGGCGTTCATCAACCCAAACATTT	1
763	762	9	GGCGTTCATCAACCCAAACATTTG	1
764	763	9	GCGTTCATCAACCCAAACATTTGT	1
765	764	9	CGTTCATCAACCCAAACATTTGTT	1
766	765	9	GTTCATCAACCCAAACATTTGTTT	1
767	766	9	TTCATCAACCCAAACATTTGTTTG	1
768	767	8	TCATCAACCCAAACATTTGTTTGG	1
769	768	8	CATCAACCCAAACATTTGTTTGGT	1
770	769	7	ATCAACCCAAACATTTGTTTGGTG	1
771	770	7	TCAACCCAAACATTTGTTTGGTGT	1
772	771	7	CAACCCAAACATTTGTTTGGTGTC	1
773	772	6	AACCCAAACATTTGTTTGGTGTCA	1
774	773	6	ACCCAAACATTTGTTTGGTGTCAC	1
775	774	6	CCCAAACATTTGTTTGGTGTCACC	1
776	775	5	CCAAACATTTGTTTGGTGTCACCA	1
777	776	5	CAAACATTTGTTTGGTGTCACCAC	1
778	777	5	AAACATTTGTTTGGTGTCACCACA	1
779	778	5	AACATTTGTTTGGTGTCACCACAC	1
780	779	5	ACATTTGTTTGGTGTCACCACACT	1
781	780	5	CATTTGTTTGGTGTCACCACACTT	1
782	781	5	ATTTGTTTGGTGTCACCACACTTG	1
783	782	6	TTTGTTTGGTGTCACCACACTTGA	1
784	783	6	TTGTTTGGTGTCACCACACTTGAC	1
785	784	6	TGTTTGGTGTCACCACACTTGACT	1
786	785	6	GTTTGGTGTCACCACACTTGACTC	1
787	786	6	TTTGGTGTCACCACACTTGACTCT	1
788	787	7	TTGGTGTCACCACACTTGACTCTG	1
789	788	7	TGGTGTCACCACACTTGACTCTGT	1
790	789	8	GGTGTCACCACACTTGACTCTGTT	1
791	790	8	GTGTCACCACACTTGACTCTGTTC	1
792	791	8	TGTCACCACACTTGACTCTGTTCG	1
793	792	7	GTCACCACACTTGACTCTGTTCGT	1
794	793	7	TCACCACACTTGACTCTGTTCGTG	1
795	794	5	CACCACACTTGACTCTGTTCGTGC	1
796	795	5	ACCACACTTGACTCTGTTCGTGCC	1
797	796	5	CCACACTTGACTCTGTTCGTGCCA	1
798	797	6	CACACTTGACTCTGTTCGTGCCAG	1
799	798	6	ACACTTGACTCTGTTCGTGCCAGC	1
800	799	6	CACTTGACTCTGTTCGTGCCAGCC	1
801	800	6	ACTTGACTCTGTTCGTGCCAGCCG	1
802	801	7	CTTGACTCTGTTCGTGCCAGCCGT	1
803	802	7	TTGACTCTGTTCGTGCCAGCCGTT	1
804	803	6	TGACTCTGTTCGTGCCAGCCGTTT	1
805	804	6	GACTCTGTTCGTGCCAGCCGTTTC	1
806	805	6	ACTCTGTTCGTGCCAGCCGTTTCA	1
807	806	6	CTCTGTTCGTGCCAGCCGTTTCAC	1
808	807	6	TCTGTTCGTGCCAGCCGTTTCACC	1
809	808	6	CTGTTCGTGCCAGCCGTTTCACCT	1
810	809	6	TGTTCGTGCCAGCCGTTTCACCTC	1
811	810	6	GTTCGTGCCAGCCGTTTCACCTCT	1
812	811	7	TTCGTGCCAGCCGTTTCACCTCTC	1
813	812	7	TCGTGCCAGCCGTTTCACCTCTCA	1
814	813	7	CGTGCCAGCCGTTTCACCTCTCAA	1
815	814	7	GTGCCAGCCGTTTCACCTCTCAAG	1
816	815	7	TGCCAGCCGTTTCACCTCTCAAGT	1
817	816	7	GCCAGCCGTTTCACCTCTCAAGTC	1
818	817	7	CCAGCCGTTTCACCTCTCAAGTCA	1
819	818	7	CAGCCGTTTCACCTCTCAAGTCAC	1
820	819	7	AGCCGTTTCACCTCTCAAGTCACT	1
821	820	7	GCCGTTTCACCTCTCAAGTCACTA	1
822	821	8	CCGTTTCACCTCTCAAGTCACTAA	1
823	822	7	CGTTTCACCTCTCAAGTCACTAAT	1
824	823	7	GTTTCACCTCTCAAGTCACTAATG	1
825	824	7	TTTCACCTCTCAAGTCACTAATGG	1
826	825	7	TTCACCTCTCAAGTCACTAATGGC	1
827	826	6	TCACCTCTCAAGTCACTAATGGCA	1
828	827	6	CACCTCTCAAGTCACTAATGGCAA	1
829	828	6	ACCTCTCAAGTCACTAATGGCAAG	1
830	829	6	CCTCTCAAGTCACTAATGGCAAGG	1
831	830	6	CTCTCAAGTCACTAATGGCAAGGC	1
832	831	5	TCTCAAGTCACTAATGGCAAGGCA	1
833	832	5	CTCAAGTCACTAATGGCAAGGCAG	1
834	833	6	TCAAGTCACTAATGGCAAGGCAGA	1
835	834	6	CAAGTCACTAATGGCAAGGCAGAA	1
836	835	6	AAGTCACTAATGGCAAGGCAGAAC	1
837	836	6	AGTCACTAATGGCAAGGCAGAACT	1
838	837	6	GTCACTAATGGCAAGGCAGAACTT	1
839	838	6	TCACTAATGGCAAGGCAGAACTTC	1
840	839	6	CACTAATGGCAAGGCAGAACTTCT	1
841	840	6	ACTAATGGCAAGGCAGAACTTCTT	1
842	841	5	CTAATGGCAAGGCAGAACTTCTTC	1
843	842	5	TAATGGCAAGGCAGAACTTCTTCA	1
844	843	5	AATGGCAAGGCAGAACTTCTTCAT	1
845	844	5	ATGGCAAGGCAGAACTTCTTCATA	1
846	845	4	TGGCAAGGCAGAACTTCTTCATAT	1
847	846	4	GGCAAGGCAGAACTTCTTCATATT	1
848	847	4	GCAAGGCAGAACTTCTTCATATTC	1
849	848	5	CAAGGCAGAACTTCTTCATATTCC	1
850	849	6	AAGGCAGAACTTCTTCATATTCCT	1
851	850	6	AGGCAGAACTTCTTCATATTCCTG	1
852	851	6	GGCAGAACTTCTTCATATTCCTGT	1
853	852	6	GCAGAACTTCTTCATATTCCTGTT	1
854	853	6	CAGAACTTCTTCATATTCCTGTTG	1
855	854	6	AGAACTTCTTCATATTCCTGTTGT	1
856	855	5	GAACTTCTTCATATTCCTGTTGTT	1
857	856	6	AACTTCTTCATATTCCTGTTGTTG	1
858	857	6	ACTTCTTCATATTCCTGTTGTTGG	1
859	858	6	CTTCTTCATATTCCTGTTGTTGGC	1
860	859	7	TTCTTCATATTCCTGTTGTTGGCG	1
861	860	7	TCTTCATATTCCTGTTGTTGGCGG	1
862	861	7	CTTCATATTCCTGTTGTTGGCGGT	1
863	862	7	TTCATATTCCTGTTGTTGGCGGTC	1
864	863	7	TCATATTCCTGTTGTTGGCGGTCA	1
865	864	7	CATATTCCTGTTGTTGGCGGTCAT	1
866	865	6	ATATTCCTGTTGTTGGCGGTCATT	1
867	866	6	TATTCCTGTTGTTGGCGGTCATTC	1
868	867	6	ATTCCTGTTGTTGGCGGTCATTCC	1
869	868	6	TTCCTGTTGTTGGCGGTCATTCCG	1
870	869	6	TCCTGTTGTTGGCGGTCATTCCGG	1
871	870	6	CCTGTTGTTGGCGGTCATTCCGGT	1
872	871	6	CTGTTGTTGGCGGTCATTCCGGTG	1
873	872	6	TGTTGTTGGCGGTCATTCCGGTGC	1
874	873	6	GTTGTTGGCGGTCATTCCGGTGCG	1
875	874	7	TTGTTGGCGGTCATTCCGGTGCGA	1
876	875	7	TGTTGGCGGTCATTCCGGTGCGAC	1
877	876	7	GTTGGCGGTCATTCCGGTGCGACC	1
878	877	6	TTGGCGGTCATTCCGGTGCGACCA	1
879	878	6	TGGCGGTCATTCCGGTGCGACCAT	1
880	879	6	GGCGGTCATTCCGGTGCGACCATC	1
881	880	6	GCGGTCATTCCGGTGCGACCATCG	1
882	881	6	CGGTCATTCCGGTGCGACCATCGT	1
883	882	6	GGTCATTCCGGTGCGACCATCGTA	1
884	883	6	GTCATTCCGGTGCGACCATCGTAC	1
885	884	6	TCATTCCGGTGCGACCATCGTACC	1
886	885	6	CATTCCGGTGCGACCATCGTACCT	1
887	886	6	ATTCCGGTGCGACCATCGTACCTT	1
888	887	7	TTCCGGTGCGACCATCGTACCTTT	1
889	888	7	TCCGGTGCGACCATCGTACCTTTG	1
890	889	7	CCGGTGCGACCATCGTACCTTTGT	1
891	890	7	CGGTGCGACCATCGTACCTTTGTT	1
892	891	7	GGTGCGACCATCGTACCTTTGTTG	1
893	892	6	GTGCGACCATCGTACCTTTGTTGT	1
894	893	5	TGCGACCATCGTACCTTTGTTGTC	1
895	894	6	GCGACCATCGTACCTTTGTTGTCC	1
896	895	6	CGACCATCGTACCTTTGTTGTCCC	1
897	896	6	GACCATCGTACCTTTGTTGTCCCA	1
898	897	6	ACCATCGTACCTTTGTTGTCCCAA	1
899	898	6	CCATCGTACCTTTGTTGTCCCAAG	1
900	899	6	CATCGTACCTTTGTTGTCCCAAGG	1
901	900	5	ATCGTACCTTTGTTGTCCCAAGGC	1
902	901	5	TCGTACCTTTGTTGTCCCAAGGCG	1
903	902	6	CGTACCTTTGTTGTCCCAAGGCGG	1
904	903	5	GTACCTTTGTTGTCCCAAGGCGGT	1
905	904	5	TACCTTTGTTGTCCCAAGGCGGTG	1
906	905	5	ACCTTTGTTGTCCCAAGGCGGTGT	1
907	906	5	CCTTTGTTGTCCCAAGGCGGTGTT	1
908	907	5	CTTTGTTGTCCCAAGGCGGTGTTG	1
909	908	5	TTTGTTGTCCCAAGGCGGTGTTGA	1
910	909	5	TTGTTGTCCCAAGGCGGTGTTGAA	1
911	910	5	TGTTGTCCCAAGGCGGTGTTGAAT	1
912	911	5	GTTGTCCCAAGGCGGTGTTGAATT	1
913	912	5	TTGTCCCAAGGCGGTGTTGAATTG	1
914	913	5	TGTCCCAAGGCGGTGTTGAATTGA	1
915	914	6	GTCCCAAGGCGGTGTTGAATTGAC	1
916	915	6	TCCCAAGGCGGTGTTGAATTGACT	1
917	916	6	CCCAAGGCGGTGTTGAATTGACTG	1
918	917	6	CCAAGGCGGTGTTGAATTGACTGG	1
919	918	5	CAAGGCGGTGTTGAATTGACTGGT	1
920	919	5	AAGGCGGTGTTGAATTGACTGGTG	1
921	920	5	AGGCGGTGTTGAATTGACTGGTGA	1
922	921	5	GGCGGTGTTGAATTGACTGGTGAA	1
923	922	5	GCGGTGTTGAATTGACTGGTGAAA	1
924	923	7	CGGTGTTGAATTGACTGGTGAAAA	1
925	924	8	GGTGTTGAATTGACTGGTGAAAAG	1
926	925	8	GTGTTGAATTGACTGGTGAAAAGC	1
927	926	8	TGTTGAATTGACTGGTGAAAAGCG	1
928	927	8	GTTGAATTGACTGGTGAAAAGCGT	1
929	928	8	TTGAATTGACTGGTGAAAAGCGTG	1
930	929	8	TGAATTGACTGGTGAAAAGCGTGA	1
931	930	8	GAATTGACTGGTGAAAAGCGTGAC	1
932	931	7	AATTGACTGGTGAAAAGCGTGACG	1
933	932	8	ATTGACTGGTGAAAAGCGTGACGC	1
934	933	7	TTGACTGGTGAAAAGCGTGACGCA	1
935	934	7	TGACTGGTGAAAAGCGTGACGCAC	1
936	935	7	GACTGGTGAAAAGCGTGACGCACT	1
937	936	7	ACTGGTGAAAAGCGTGACGCACTT	1
938	937	7	CTGGTGAAAAGCGTGACGCACTTA	1
939	938	6	TGGTGAAAAGCGTGACGCACTTAT	1
940	939	6	GGTGAAAAGCGTGACGCACTTATT	1
941	940	6	GTGAAAAGCGTGACGCACTTATTC	1
942	941	6	TGAAAAGCGTGACGCACTTATTCA	1
943	942	5	GAAAAGCGTGACGCACTTATTCAC	1
944	943	5	AAAAGCGTGACGCACTTATTCACC	1
945	944	5	AAAGCGTGACGCACTTATTCACCG	1
946	945	5	AAGCGTGACGCACTTATTCACCGT	1
947	946	4	AGCGTGACGCACTTATTCACCGTA	1
948	947	4	GCGTGACGCACTTATTCACCGTAT	1
949	948	4	CGTGACGCACTTATTCACCGTATC	1
950	949	4	GTGACGCACTTATTCACCGTATCC	1
951	950	4	TGACGCACTTATTCACCGTATCCA	1
952	951	4	GACGCACTTATTCACCGTATCCAA	1
953	952	4	ACGCACTTATTCACCGTATCCAAT	1
954	953	4	CGCACTTATTCACCGTATCCAATT	1
955	954	5	GCACTTATTCACCGTATCCAATTT	1
956	955	5	CACTTATTCACCGTATCCAATTTG	1
957	956	6	ACTTATTCACCGTATCCAATTTGG	1
958	957	7	CTTATTCACCGTATCCAATTTGGT	1
959	958	7	TTATTCACCGTATCCAATTTGGTG	1
960	959	7	TATTCACCGTATCCAATTTGGTGG	1
961	960	7	ATTCACCGTATCCAATTTGGTGGT	1
962	961	7	TTCACCGTATCCAATTTGGTGGTG	1
963	962	7	TCACCGTATCCAATTTGGTGGTGA	1
964	963	7	CACCGTATCCAATTTGGTGGTGAT	1
965	964	7	ACCGTATCCAATTTGGTGGTGATG	1
966	965	7	CCGTATCCAATTTGGTGGTGATGA	1
967	966	8	CGTATCCAATTTGGTGGTGATGAG	1
968	967	6	GTATCCAATTTGGTGGTGATGAGG	1
969	968	5	TATCCAATTTGGTGGTGATGAGGT	1
970	969	5	ATCCAATTTGGTGGTGATGAGGTT	1
971	970	7	TCCAATTTGGTGGTGATGAGGTTG	1
972	971	7	CCAATTTGGTGGTGATGAGGTTGT	1
973	972	7	CAATTTGGTGGTGATGAGGTTGTA	1
974	973	7	AATTTGGTGGTGATGAGGTTGTAA	1
975	974	7	ATTTGGTGGTGATGAGGTTGTAAA	1
976	975	8	TTTGGTGGTGATGAGGTTGTAAAG	1
977	976	7	TTGGTGGTGATGAGGTTGTAAAGG	1
978	977	7	TGGTGGTGATGAGGTTGTAAAGGC	1
979	978	7	GGTGGTGATGAGGTTGTAAAGGCG	1
980	979	7	GTGGTGATGAGGTTGTAAAGGCGA	1
981	980	8	TGGTGATGAGGTTGTAAAGGCGAA	1
982	981	8	GGTGATGAGGTTGTAAAGGCGAAG	1
983	982	8	GTGATGAGGTTGTAAAGGCGAAGG	1
984	983	8	TGATGAGGTTGTAAAGGCGAAGGC	1
985	984	8	GATGAGGTTGTAAAGGCGAAGGCT	1
986	985	9	ATGAGGTTGTAAAGGCGAAGGCTG	1
987	986	9	TGAGGTTGTAAAGGCGAAGGCTGG	1
988	987	9	GAGGTTGTAAAGGCGAAGGCTGGT	1
989	988	9	AGGTTGTAAAGGCGAAGGCTGGTG	1
990	989	9	GGTTGTAAAGGCGAAGGCTGGTGC	1
991	990	9	GTTGTAAAGGCGAAGGCTGGTGCT	1
992	991	9	TTGTAAAGGCGAAGGCTGGTGCTG	1
993	992	9	TGTAAAGGCGAAGGCTGGTGCTGG	1
994	993	9	GTAAAGGCGAAGGCTGGTGCTGGA	1
995	994	9	TAAAGGCGAAGGCTGGTGCTGGAA	1
996	995	9	AAAGGCGAAGGCTGGTGCTGGAAG	1
997	996	9	AAGGCGAAGGCTGGTGCTGGAAGT	1
998	997	9	AGGCGAAGGCTGGTGCTGGAAGTG	1
999	998	8	GGCGAAGGCTGGTGCTGGAAGTGC	1
1000	999	9	GCGAAGGCTGGTGCTGGAAGTGCG	1
1001	1000	9	CGAAGGCTGGTGCTGGAAGTGCGA	1
1002	1001	8	GAAGGCTGGTGCTGGAAGTGCGAC	1
1003	1002	9	AAGGCTGGTGCTGGAAGTGCGACC	1
1004	1003	9	AGGCTGGTGCTGGAAGTGCGACCT	1
1005	1004	9	GGCTGGTGCTGGAAGTGCGACCTT	1
1006	1005	9	GCTGGTGCTGGAAGTGCGACCTTG	1
1007	1006	9	CTGGTGCTGGAAGTGCGACCTTGT	1
1008	1007	9	TGGTGCTGGAAGTGCGACCTTGTC	1
1009	1008	9	GGTGCTGGAAGTGCGACCTTGTCT	1
1010	1009	8	GTGCTGGAAGTGCGACCTTGTCTA	1
1011	1010	8	TGCTGGAAGTGCGACCTTGTCTAT	1
1012	1011	8	GCTGGAAGTGCGACCTTGTCTATG	1
1013	1012	8	CTGGAAGTGCGACCTTGTCTATGG	1
1014	1013	8	TGGAAGTGCGACCTTGTCTATGGC	1
1015	1014	6	GGAAGTGCGACCTTGTCTATGGCC	1
1016	1015	6	GAAGTGCGACCTTGTCTATGGCCT	1
1017	1016	6	AAGTGCGACCTTGTCTATGGCCTA	1
1018	1017	6	AGTGCGACCTTGTCTATGGCCTAT	1
1019	1018	6	GTGCGACCTTGTCTATGGCCTATG	1
1020	1019	5	TGCGACCTTGTCTATGGCCTATGC	1
1021	1020	5	GCGACCTTGTCTATGGCCTATGCC	1
1022	1021	5	CGACCTTGTCTATGGCCTATGCCG	1
1023	1022	5	GACCTTGTCTATGGCCTATGCCGG	1
1024	1023	5	ACCTTGTCTATGGCCTATGCCGGT	1
1025	1024	4	CCTTGTCTATGGCCTATGCCGGTG	1
1026	1025	4	CTTGTCTATGGCCTATGCCGGTGC	1
1027	1026	4	TTGTCTATGGCCTATGCCGGTGCT	1
1028	1027	4	TGTCTATGGCCTATGCCGGTGCTC	1
1029	1028	4	GTCTATGGCCTATGCCGGTGCTCG	1
1030	1029	3	TCTATGGCCTATGCCGGTGCTCGT	1
1031	1030	3	CTATGGCCTATGCCGGTGCTCGTA	1
1032	1031	3	TATGGCCTATGCCGGTGCTCGTAT	1
1033	1032	3	ATGGCCTATGCCGGTGCTCGTATG	1
1034	1033	3	TGGCCTATGCCGGTGCTCGTATGG	1
1035	1034	4	GGCCTATGCCGGTGCTCGTATGGC	1
1036	1035	4	GCCTATGCCGGTGCTCGTATGGCC	1
1037	1036	4	CCTATGCCGGTGCTCGTATGGCCT	1
1038	1037	4	CTATGCCGGTGCTCGTATGGCCTC	1
1039	1038	4	TATGCCGGTGCTCGTATGGCCTCC	1
1040	1039	4	ATGCCGGTGCTCGTATGGCCTCCT	1
1041	1040	4	TGCCGGTGCTCGTATGGCCTCCTC	1
1042	1041	5	GCCGGTGCTCGTATGGCCTCCTCC	1
1043	1042	5	CCGGTGCTCGTATGGCCTCCTCCG	1
1044	1043	3	CGGTGCTCGTATGGCCTCCTCCGT	1
1045	1044	3	GGTGCTCGTATGGCCTCCTCCGTA	1
1046	1045	3	GTGCTCGTATGGCCTCCTCCGTAC	1
1047	1046	2	TGCTCGTATGGCCTCCTCCGTACT	1
1048	1047	2	GCTCGTATGGCCTCCTCCGTACTC	1
1049	1048	2	CTCGTATGGCCTCCTCCGTACTCC	1
1050	1049	2	TCGTATGGCCTCCTCCGTACTCCG	1
1051	1050	2	CGTATGGCCTCCTCCGTACTCCGT	1
1052	1051	2	GTATGGCCTCCTCCGTACTCCGTG	1
1053	1052	3	TATGGCCTCCTCCGTACTCCGTGC	1
1054	1053	3	ATGGCCTCCTCCGTACTCCGTGCT	1
1055	1054	3	TGGCCTCCTCCGTACTCCGTGCTT	1
1056	1055	4	GGCCTCCTCCGTACTCCGTGCTTT	1
1057	1056	4	GCCTCCTCCGTACTCCGTGCTTTG	1
1058	1057	6	CCTCCTCCGTACTCCGTGCTTTGG	1
1059	1058	7	CTCCTCCGTACTCCGTGCTTTGGC	1
1060	1059	8	TCCTCCGTACTCCGTGCTTTGGCT	1
1061	1060	8	CCTCCGTACTCCGTGCTTTGGCTG	1
1062	1061	8	CTCCGTACTCCGTGCTTTGGCTGG	1
1063	1062	8	TCCGTACTCCGTGCTTTGGCTGGT	1
1064	1063	9	CCGTACTCCGTGCTTTGGCTGGTG	1
1065	1064	9	CGTACTCCGTGCTTTGGCTGGTGA	1
1066	1065	9	GTACTCCGTGCTTTGGCTGGTGAG	1
1067	1066	9	TACTCCGTGCTTTGGCTGGTGAGT	1
1068	1067	11	ACTCCGTGCTTTGGCTGGTGAGTC	1
1069	1068	11	CTCCGTGCTTTGGCTGGTGAGTCT	1
1070	1069	11	TCCGTGCTTTGGCTGGTGAGTCTG	1
1071	1070	11	CCGTGCTTTGGCTGGTGAGTCTGG	1
1072	1071	11	CGTGCTTTGGCTGGTGAGTCTGGC	1
1073	1072	11	GTGCTTTGGCTGGTGAGTCTGGCG	1
1074	1073	11	TGCTTTGGCTGGTGAGTCTGGCGT	1
1075	1074	11	GCTTTGGCTGGTGAGTCTGGCGTT	1
1076	1075	11	CTTTGGCTGGTGAGTCTGGCGTTG	1
1077	1076	11	TTTGGCTGGTGAGTCTGGCGTTGA	1
1078	1077	11	TTGGCTGGTGAGTCTGGCGTTGAG	1
1079	1078	10	TGGCTGGTGAGTCTGGCGTTGAGG	1
1080	1079	10	GGCTGGTGAGTCTGGCGTTGAGGA	1
1081	1080	10	GCTGGTGAGTCTGGCGTTGAGGAA	1
1082	1081	10	CTGGTGAGTCTGGCGTTGAGGAAT	1
1083	1082	10	TGGTGAGTCTGGCGTTGAGGAATG	1
1084	1083	10	GGTGAGTCTGGCGTTGAGGAATGC	1
1085	1084	10	GTGAGTCTGGCGTTGAGGAATGCA	1
1086	1085	9	TGAGTCTGGCGTTGAGGAATGCAC	1
1087	1086	9	GAGTCTGGCGTTGAGGAATGCACC	1
1088	1087	9	AGTCTGGCGTTGAGGAATGCACCT	1
1089	1088	9	GTCTGGCGTTGAGGAATGCACCTT	1
1090	1089	9	TCTGGCGTTGAGGAATGCACCTTT	1
1091	1090	9	CTGGCGTTGAGGAATGCACCTTTG	1
1092	1091	8	TGGCGTTGAGGAATGCACCTTTGT	1
1093	1092	8	GGCGTTGAGGAATGCACCTTTGTG	1
1094	1093	8	GCGTTGAGGAATGCACCTTTGTGG	1
1095	1094	8	CGTTGAGGAATGCACCTTTGTGGA	1
1096	1095	8	GTTGAGGAATGCACCTTTGTGGAG	1
1097	1096	7	TTGAGGAATGCACCTTTGTGGAGT	1
1098	1097	6	TGAGGAATGCACCTTTGTGGAGTC	1
1099	1098	6	GAGGAATGCACCTTTGTGGAGTCC	1
1100	1099	6	AGGAATGCACCTTTGTGGAGTCCC	1
1101	1100	6	GGAATGCACCTTTGTGGAGTCCCC	1
1102	1101	3	GAATGCACCTTTGTGGAGTCCCCT	1
1103	1102	3	AATGCACCTTTGTGGAGTCCCCTC	1
1104	1103	2	ATGCACCTTTGTGGAGTCCCCTCT	1
1105	1104	2	TGCACCTTTGTGGAGTCCCCTCTG	1
1106	1105	2	GCACCTTTGTGGAGTCCCCTCTGT	1
1107	1106	2	CACCTTTGTGGAGTCCCCTCTGTA	1
1108	1107	1	ACCTTTGTGGAGTCCCCTCTGTAC	1
1109	1108	1	CCTTTGTGGAGTCCCCTCTGTACA	1
1110	1109	1	CTTTGTGGAGTCCCCTCTGTACAA	1
1111	1110	1	TTTGTGGAGTCCCCTCTGTACAAG	1
1112	-1	0	TGTGGAGTCCCCTCTGTACAAGGA	1
1113	1112	1	GTGGAGTCCCCTCTGTACAAGGAT	1
1114	1113	1	TGGAGTCCCCTCTGTACAAGGATC	1
1115	1114	1	GGAGTCCCCTCTGTACAAGGATCA	1
1116	1115	1	GAGTCCCCTCTGTACAAGGATCAA	1
1117	1116	1	AGTCCCCTCTGTACAAGGATCAAG	1
1118	1117	1	GTCCCCTCTGTACAAGGATCAAGG	1
1119	1118	1	TCCCCTCTGTACAAGGATCAAGGA	1
1120	1119	1	CCCCTCTGTACAAGGATCAAGGAA	1
1121	1120	1	CCCTCTGTACAAGGATCAAGGAAT	1
1122	1121	1	CCTCTGTACAAGGATCAAGGAATT	1
1123	1122	1	CTCTGTACAAGGATCAAGGAATTG	1
1124	1123	1	TCTGTACAAGGATCAAGGAATTGA	1
1125	1124	1	CTGTACAAGGATCAAGGAATTGAT	1
1126	1125	1	TGTACAAGGATCAAGGAATTGATT	1
1127	1126	1	GTACAAGGATCAAGGAATTGATTT	1
1128	1127	1	TACAAGGATCAAGGAATTGATTTC	1
1129	1128	1	ACAAGGATCAAGGAATTGATTTCT	1
1130	1129	1	CAAGGATCAAGGAATTGATTTCTT	1
1131	1130	1	AAGGATCAAGGAATTGATTTCTTT	1
1132	1131	1	AGGATCAAGGAATTGATTTCTTTG	1
1133	1132	1	GGATCAAGGAATTGATTTCTTTGC	1
1134	1133	1	GATCAAGGAATTGATTTCTTTGCC	1
1135	1134	1	ATCAAGGAATTGATTTCTTTGCCT	1
1136	1135	1	TCAAGGAATTGATTTCTTTGCCTC	1
1137	1136	1	CAAGGAATTGATTTCTTTGCCTCT	1
1138	1137	1	AAGGAATTGATTTCTTTGCCTCTC	1
1139	1138	1	AGGAATTGATTTCTTTGCCTCTCG	1
1140	1139	1	GGAATTGATTTCTTTGCCTCTCGT	1
1141	1140	1	GAATTGATTTCTTTGCCTCTCGTG	1
1142	1141	1	AATTGATTTCTTTGCCTCTCGTGT	1
1143	1142	1	ATTGATTTCTTTGCCTCTCGTGTA	1
1144	1143	1	TTGATTTCTTTGCCTCTCGTGTAA	1
1145	1144	1	TGATTTCTTTGCCTCTCGTGTAAC	1
1146	1145	1	GATTTCTTTGCCTCTCGTGTAACT	1
1147	1146	1	ATTTCTTTGCCTCTCGTGTAACTT	1
1148	1147	2	TTTCTTTGCCTCTCGTGTAACTTT	1
1149	1148	2	TTCTTTGCCTCTCGTGTAACTTTG	1
1150	1149	2	TCTTTGCCTCTCGTGTAACTTTGG	1
1151	1150	2	CTTTGCCTCTCGTGTAACTTTGGG	1
1152	1151	2	TTTGCCTCTCGTGTAACTTTGGGT	1
1153	1152	2	TTGCCTCTCGTGTAACTTTGGGTA	1
1154	1153	2	TGCCTCTCGTGTAACTTTGGGTAA	1
1155	1154	2	GCCTCTCGTGTAACTTTGGGTAAG	1
1156	1155	2	CCTCTCGTGTAACTTTGGGTAAGG	1
1157	1156	1	CTCTCGTGTAACTTTGGGTAAGGA	1
1158	1157	1	TCTCGTGTAACTTTGGGTAAGGAT	1
1159	1158	1	CTCGTGTAACTTTGGGTAAGGATG	1
1160	1159	1	TCGTGTAACTTTGGGTAAGGATGG	1
1161	1160	1	CGTGTAACTTTGGGTAAGGATGGG	1
1162	1161	1	GTGTAACTTTGGGTAAGGATGGGG	1
1163	1162	1	TGTAACTTTGGGTAAGGATGGGGT	1
1164	1163	1	GTAACTTTGGGTAAGGATGGGGTT	1
1165	1164	1	TAACTTTGGGTAAGGATGGGGTTG	1
1166	1165	1	AACTTTGGGTAAGGATGGGGTTGA	1
1167	1166	1	ACTTTGGGTAAGGATGGGGTTGAC	1
1168	1167	1	CTTTGGGTAAGGATGGGGTTGACA	1
1169	1168	1	TTTGGGTAAGGATGGGGTTGACAC	1
1170	1169	1	TTGGGTAAGGATGGGGTTGACACC	1
1171	1170	1	TGGGTAAGGATGGGGTTGACACCA	1
1172	1171	1	GGGTAAGGATGGGGTTGACACCAT	1
1173	1172	1	GGTAAGGATGGGGTTGACACCATT	1
1174	1173	1	GTAAGGATGGGGTTGACACCATTC	1
1175	1174	1	TAAGGATGGGGTTGACACCATTCA	1
1176	1175	1	AAGGATGGGGTTGACACCATTCAC	1
1177	1176	1	AGGATGGGGTTGACACCATTCACC	1
1178	1177	1	GGATGGGGTTGACACCATTCACCC	1
1179	1178	1	GATGGGGTTGACACCATTCACCCT	1
1180	1179	1	ATGGGGTTGACACCATTCACCCTG	1
1181	1180	1	TGGGGTTGACACCATTCACCCTGT	1
1182	1181	1	GGGGTTGACACCATTCACCCTGTT	1
1183	1182	1	GGGTTGACACCATTCACCCTGTTG	1
1184	1183	1	GGTTGACACCATTCACCCTGTTGG	1
1185	1184	2	GTTGACACCATTCACCCTGTTGGT	1
1186	1185	2	TTGACACCATTCACCCTGTTGGTA	1
1187	1186	2	TGACACCATTCACCCTGTTGGTAA	1
1188	1187	2	GACACCATTCACCCTGTTGGTAAA	1
1189	1188	3	ACACCATTCACCCTGTTGGTAAAA	1
1190	1189	3	CACCATTCACCCTGTTGGTAAAAT	1
1191	1190	3	ACCATTCACCCTGTTGGTAAAATC	1
1192	1191	2	CCATTCACCCTGTTGGTAAAATCA	1
1193	1192	2	CATTCACCCTGTTGGTAAAATCAA	1
1194	1193	2	ATTCACCCTGTTGGTAAAATCAAT	1
1195	1194	2	TTCACCCTGTTGGTAAAATCAATG	1
1196	1195	2	TCACCCTGTTGGTAAAATCAATGA	1
1197	1196	2	CACCCTGTTGGTAAAATCAATGAT	1
1198	1197	2	ACCCTGTTGGTAAAATCAATGATT	1
1199	1198	2	CCCTGTTGGTAAAATCAATGATTA	1
1200	1199	2	CCTGTTGGTAAAATCAATGATTAT	1
1201	1200	2	CTGTTGGTAAAATCAATGATTATG	1
1202	1201	2	TGTTGGTAAAATCAATGATTATGA	1
1203	1202	2	GTTGGTAAAATCAATGATTATGAG	1
1204	1203	2	TTGGTAAAATCAATGATTATGAGG	1
1205	1204	2	TGGTAAAATCAATGATTATGAGGA	1
1206	1205	2	GGTAAAATCAATGATTATGAGGAG	1
1207	1206	2	GTAAAATCAATGATTATGAGGAGA	1
1208	1207	2	TAAAATCAATGATTATGAGGAGAG	1
1209	1208	2	AAAATCAATGATTATGAGGAGAGC	1
1210	1209	2	AAATCAATGATTATGAGGAGAGCC	1
1211	1210	3	AATCAATGATTATGAGGAGAGCCT	1
1212	1211	3	ATCAATGATTATGAGGAGAGCCTT	1
1213	1212	3	TCAATGATTATGAGGAGAGCCTTC	1
1214	1213	3	CAATGATTATGAGGAGAGCCTTCT	1
1215	1214	3	AATGATTATGAGGAGAGCCTTCTT	1
1216	1215	3	ATGATTATGAGGAGAGCCTTCTTA	1
1217	1216	4	TGATTATGAGGAGAGCCTTCTTAA	1
1218	1217	4	GATTATGAGGAGAGCCTTCTTAAG	1
1219	1218	4	ATTATGAGGAGAGCCTTCTTAAGG	1
1220	1219	4	TTATGAGGAGAGCCTTCTTAAGGT	1
1221	1220	4	TATGAGGAGAGCCTTCTTAAGGTA	1
1222	1221	4	ATGAGGAGAGCCTTCTTAAGGTAG	1
1223	1222	4	TGAGGAGAGCCTTCTTAAGGTAGC	1
1224	1223	4	GAGGAGAGCCTTCTTAAGGTAGCT	1
1225	1224	4	AGGAGAGCCTTCTTAAGGTAGCTT	1
1226	1225	5	GGAGAGCCTTCTTAAGGTAGCTTT	1
1227	1226	5	GAGAGCCTTCTTAAGGTAGCTTTG	1
1228	1227	5	AGAGCCTTCTTAAGGTAGCTTTGG	1
1229	1228	4	GAGCCTTCTTAAGGTAGCTTTGGG	1
1230	1229	4	AGCCTTCTTAAGGTAGCTTTGGGT	1
1231	1230	4	GCCTTCTTAAGGTAGCTTTGGGTG	1
1232	1231	4	CCTTCTTAAGGTAGCTTTGGGTGA	1
1233	1232	3	CTTCTTAAGGTAGCTTTGGGTGAG	1
1234	1233	3	TTCTTAAGGTAGCTTTGGGTGAGC	1
1235	1234	3	TCTTAAGGTAGCTTTGGGTGAGCT	1
1236	1235	3	CTTAAGGTAGCTTTGGGTGAGCTG	1
1237	1236	3	TTAAGGTAGCTTTGGGTGAGCTGA	1
1238	1237	3	TAAGGTAGCTTTGGGTGAGCTGAA	1
1239	1238	3	AAGGTAGCTTTGGGTGAGCTGAAA	1
1240	1239	3	AGGTAGCTTTGGGTGAGCTGAAAA	1
1241	1240	3	GGTAGCTTTGGGTGAGCTGAAAAA	1
1242	1241	3	GTAGCTTTGGGTGAGCTGAAAAAG	1
1243	1242	3	TAGCTTTGGGTGAGCTGAAAAAGA	1
1244	1243	3	AGCTTTGGGTGAGCTGAAAAAGAG	1
1245	1244	3	GCTTTGGGTGAGCTGAAAAAGAGC	1
1246	1245	3	CTTTGGGTGAGCTGAAAAAGAGCA	1
1247	1246	3	TTTGGGTGAGCTGAAAAAGAGCAT	1
1248	1247	3	TTGGGTGAGCTGAAAAAGAGCATT	1
1249	1248	3	TGGGTGAGCTGAAAAAGAGCATTA	1
1250	1249	3	GGGTGAGCTGAAAAAGAGCATTAC	1
1251	1250	3	GGTGAGCTGAAAAAGAGCATTACG	1
1252	1251	3	GTGAGCTGAAAAAGAGCATTACGA	1
1253	1252	3	TGAGCTGAAAAAGAGCATTACGAA	1
1254	1253	3	GAGCTGAAAAAGAGCATTACGAAG	1
1255	1254	2	AGCTGAAAAAGAGCATTACGAAGG	1
1256	1255	2	GCTGAAAAAGAGCATTACGAAGGG	1
1257	1256	2	CTGAAAAAGAGCATTACGAAGGGT	1
1258	1257	2	TGAAAAAGAGCATTACGAAGGGTG	1
1259	1258	2	GAAAAAGAGCATTACGAAGGGTGA	1
1260	1259	2	AAAAAGAGCATTACGAAGGGTGAG	1
1261	1260	1	AAAAGAGCATTACGAAGGGTGAGC	1
1262	1261	1	AAAGAGCATTACGAAGGGTGAGCA	1
1263	1262	1	AAGAGCATTACGAAGGGTGAGCAA	1
1264	1263	1	AGAGCATTACGAAGGGTGAGCAAT	1
1265	1264	1	GAGCATTACGAAGGGTGAGCAATT	1
1266	1265	1	AGCATTACGAAGGGTGAGCAATTT	1
1267	1266	1	GCATTACGAAGGGTGAGCAATTTG	1
1268	1267	1	CATTACGAAGGGTGAGCAATTTGT	1
1269	1268	1	ATTACGAAGGGTGAGCAATTTGTA	1
