Component 207
1	-1	0	CCGGGTTTACTTCTTTCCTAGGCT	1
2	1	1	CGGGTTTACTTCTTTCCTAGGCTT	1
3	2	1	GGGTTTACTTCTTTCCTAGGCTTT	1
4	3	1	GGTTTACTTCTTTCCTAGGCTTTT	1
5	4	1	GTTTACTTCTTTCCTAGGCTTTTT	1
6	5	1	TTTACTTCTTTCCTAGGCTTTTTA	1
7	6	1	TTACTTCTTTCCTAGGCTTTTTAG	1
8	7	1	TACTTCTTTCCTAGGCTTTTTAGT	1
9	8	1	ACTTCTTTCCTAGGCTTTTTAGTT	1
10	9	1	CTTCTTTCCTAGGCTTTTTAGTTC	1
11	10	1	TTCTTTCCTAGGCTTTTTAGTTCT	1
12	11	1	TCTTTCCTAGGCTTTTTAGTTCTT	1
13	12	1	CTTTCCTAGGCTTTTTAGTTCTTC	1
14	13	1	TTTCCTAGGCTTTTTAGTTCTTCT	1
15	14	1	TTCCTAGGCTTTTTAGTTCTTCTT	1
16	15	1	TCCTAGGCTTTTTAGTTCTTCTTG	1
17	16	1	CCTAGGCTTTTTAGTTCTTCTTGC	1
18	17	1	CTAGGCTTTTTAGTTCTTCTTGCA	1
19	18	1	TAGGCTTTTTAGTTCTTCTTGCAG	1
20	19	1	AGGCTTTTTAGTTCTTCTTGCAGG	1
21	20	1	GGCTTTTTAGTTCTTCTTGCAGGT	1
22	21	1	GCTTTTTAGTTCTTCTTGCAGGTA	1
23	22	1	CTTTTTAGTTCTTCTTGCAGGTAT	1
24	23	1	TTTTTAGTTCTTCTTGCAGGTATC	1
25	24	2	TTTTAGTTCTTCTTGCAGGTATCG	1
26	25	2	TTTAGTTCTTCTTGCAGGTATCGC	1
27	26	2	TTAGTTCTTCTTGCAGGTATCGCC	1
28	27	2	TAGTTCTTCTTGCAGGTATCGCCT	1
29	28	2	AGTTCTTCTTGCAGGTATCGCCTA	1
30	29	2	GTTCTTCTTGCAGGTATCGCCTAC	1
31	30	4	TTCTTCTTGCAGGTATCGCCTACT	1
32	31	4	TCTTCTTGCAGGTATCGCCTACTG	1
33	32	4	CTTCTTGCAGGTATCGCCTACTGT	1
34	33	4	TTCTTGCAGGTATCGCCTACTGTG	1
35	34	4	TCTTGCAGGTATCGCCTACTGTGG	1
36	35	4	CTTGCAGGTATCGCCTACTGTGGT	1
37	36	5	TTGCAGGTATCGCCTACTGTGGTG	1
38	37	5	TGCAGGTATCGCCTACTGTGGTGC	1
39	38	5	GCAGGTATCGCCTACTGTGGTGCA	1
40	39	5	CAGGTATCGCCTACTGTGGTGCAA	1
41	40	5	AGGTATCGCCTACTGTGGTGCAAA	1
42	41	5	GGTATCGCCTACTGTGGTGCAAAC	1
43	42	5	GTATCGCCTACTGTGGTGCAAACT	1
44	43	5	TATCGCCTACTGTGGTGCAAACTA	1
45	44	5	ATCGCCTACTGTGGTGCAAACTAC	1
46	45	4	TCGCCTACTGTGGTGCAAACTACG	1
47	46	4	CGCCTACTGTGGTGCAAACTACGT	1
48	47	4	GCCTACTGTGGTGCAAACTACGTA	1
49	48	4	CCTACTGTGGTGCAAACTACGTAG	1
50	49	4	CTACTGTGGTGCAAACTACGTAGC	1
51	50	4	TACTGTGGTGCAAACTACGTAGCA	1
52	51	4	ACTGTGGTGCAAACTACGTAGCAG	1
53	52	4	CTGTGGTGCAAACTACGTAGCAGG	1
54	53	4	TGTGGTGCAAACTACGTAGCAGGA	1
55	54	4	GTGGTGCAAACTACGTAGCAGGAT	1
56	55	4	TGGTGCAAACTACGTAGCAGGATT	1
57	56	3	GGTGCAAACTACGTAGCAGGATTG	1
58	57	3	GTGCAAACTACGTAGCAGGATTGC	1
59	58	3	TGCAAACTACGTAGCAGGATTGCA	1
60	59	3	GCAAACTACGTAGCAGGATTGCAA	1
61	60	3	CAAACTACGTAGCAGGATTGCAAG	1
62	61	3	AAACTACGTAGCAGGATTGCAAGA	1
63	62	3	AACTACGTAGCAGGATTGCAAGAC	1
64	63	3	ACTACGTAGCAGGATTGCAAGACT	1
65	64	3	CTACGTAGCAGGATTGCAAGACTA	1
66	65	3	TACGTAGCAGGATTGCAAGACTAC	1
67	66	3	ACGTAGCAGGATTGCAAGACTACG	1
68	67	3	CGTAGCAGGATTGCAAGACTACGC	1
69	68	2	GTAGCAGGATTGCAAGACTACGCT	1
70	69	2	TAGCAGGATTGCAAGACTACGCTC	1
71	70	2	AGCAGGATTGCAAGACTACGCTCC	1
72	71	2	GCAGGATTGCAAGACTACGCTCCC	1
73	72	2	CAGGATTGCAAGACTACGCTCCCA	1
74	73	2	AGGATTGCAAGACTACGCTCCCAG	1
75	-1	0	CTAAAATACATATTGCTTGAAAAA	1
76	75	2	TAAAATACATATTGCTTGAAAAAT	1
77	76	2	AAAATACATATTGCTTGAAAAATT	1
78	77	2	AAATACATATTGCTTGAAAAATTT	1
79	78	2	AATACATATTGCTTGAAAAATTTA	1
80	79	4	ATACATATTGCTTGAAAAATTTAA	1
81	80	4	TACATATTGCTTGAAAAATTTAAT	1
82	81	4	ACATATTGCTTGAAAAATTTAATA	1
83	82	4	CATATTGCTTGAAAAATTTAATAT	1
84	83	4	ATATTGCTTGAAAAATTTAATATT	1
85	84	4	TATTGCTTGAAAAATTTAATATTG	1
86	85	4	ATTGCTTGAAAAATTTAATATTGG	1
87	86	4	TTGCTTGAAAAATTTAATATTGGT	1
88	87	4	TGCTTGAAAAATTTAATATTGGTT	1
89	88	4	GCTTGAAAAATTTAATATTGGTTG	1
90	89	4	CTTGAAAAATTTAATATTGGTTGC	1
91	90	4	TTGAAAAATTTAATATTGGTTGCA	1
92	91	4	TGAAAAATTTAATATTGGTTGCAT	1
93	92	4	GAAAAATTTAATATTGGTTGCATA	1
94	93	4	AAAAATTTAATATTGGTTGCATAC	1
95	94	4	AAAATTTAATATTGGTTGCATACA	1
96	95	3	AAATTTAATATTGGTTGCATACAC	1
97	96	3	AATTTAATATTGGTTGCATACACT	1
98	97	3	ATTTAATATTGGTTGCATACACTT	1
99	98	3	TTTAATATTGGTTGCATACACTTA	1
100	99	3	TTAATATTGGTTGCATACACTTAA	1
101	100	3	TAATATTGGTTGCATACACTTAAT	1
102	101	3	AATATTGGTTGCATACACTTAATT	1
103	102	3	ATATTGGTTGCATACACTTAATTC	1
104	103	3	TATTGGTTGCATACACTTAATTCA	1
105	104	3	ATTGGTTGCATACACTTAATTCAC	1
106	105	3	TTGGTTGCATACACTTAATTCACA	1
107	106	3	TGGTTGCATACACTTAATTCACAA	1
108	107	3	GGTTGCATACACTTAATTCACAAT	1
109	108	3	GTTGCATACACTTAATTCACAATG	1
110	109	3	TTGCATACACTTAATTCACAATGG	1
111	110	3	TGCATACACTTAATTCACAATGGA	1
112	111	3	GCATACACTTAATTCACAATGGAT	1
113	112	3	CATACACTTAATTCACAATGGATA	1
114	113	4	ATACACTTAATTCACAATGGATAA	1
115	114	4	TACACTTAATTCACAATGGATAAA	1
116	115	4	ACACTTAATTCACAATGGATAAAA	1
117	116	4	CACTTAATTCACAATGGATAAAAC	1
118	117	4	ACTTAATTCACAATGGATAAAACA	1
119	118	4	CTTAATTCACAATGGATAAAACAA	1
120	119	2	TTAATTCACAATGGATAAAACAAA	1
121	120	3	TAATTCACAATGGATAAAACAAAA	1
122	121	2	AATTCACAATGGATAAAACAAAAA	1
123	122	2	ATTCACAATGGATAAAACAAAAAT	1
124	123	1	TTCACAATGGATAAAACAAAAATG	1
125	124	1	TCACAATGGATAAAACAAAAATGT	1
126	125	1	CACAATGGATAAAACAAAAATGTT	1
127	126	1	ACAATGGATAAAACAAAAATGTTT	1
128	127	1	CAATGGATAAAACAAAAATGTTTA	1
129	128	1	AATGGATAAAACAAAAATGTTTAG	1
130	129	1	ATGGATAAAACAAAAATGTTTAGT	1
131	130	1	TGGATAAAACAAAAATGTTTAGTG	1
132	131	1	GGATAAAACAAAAATGTTTAGTGC	1
133	132	1	GATAAAACAAAAATGTTTAGTGCC	1
134	133	1	ATAAAACAAAAATGTTTAGTGCCA	1
135	134	1	TAAAACAAAAATGTTTAGTGCCAT	1
136	135	1	AAAACAAAAATGTTTAGTGCCATT	1
137	136	1	AAACAAAAATGTTTAGTGCCATTA	1
138	137	1	AACAAAAATGTTTAGTGCCATTAA	1
139	138	1	ACAAAAATGTTTAGTGCCATTAAT	1
140	139	1	CAAAAATGTTTAGTGCCATTAATT	1
141	140	2	AAAAATGTTTAGTGCCATTAATTT	1
142	141	2	AAAATGTTTAGTGCCATTAATTTG	1
143	142	2	AAATGTTTAGTGCCATTAATTTGG	1
144	143	2	AATGTTTAGTGCCATTAATTTGGG	1
145	144	2	ATGTTTAGTGCCATTAATTTGGGC	1
146	145	2	TGTTTAGTGCCATTAATTTGGGCG	1
147	146	2	GTTTAGTGCCATTAATTTGGGCGT	1
148	147	2	TTTAGTGCCATTAATTTGGGCGTA	1
149	148	2	TTAGTGCCATTAATTTGGGCGTAG	1
150	149	2	TAGTGCCATTAATTTGGGCGTAGG	1
151	150	2	AGTGCCATTAATTTGGGCGTAGGT	1
152	151	2	GTGCCATTAATTTGGGCGTAGGTG	1
153	152	2	TGCCATTAATTTGGGCGTAGGTGG	1
154	153	2	GCCATTAATTTGGGCGTAGGTGGT	1
155	154	2	CCATTAATTTGGGCGTAGGTGGTA	1
156	155	2	CATTAATTTGGGCGTAGGTGGTAT	1
157	156	2	ATTAATTTGGGCGTAGGTGGTATC	1
158	157	1	TTAATTTGGGCGTAGGTGGTATCT	1
159	158	1	TAATTTGGGCGTAGGTGGTATCTT	1
160	159	1	AATTTGGGCGTAGGTGGTATCTTC	1
161	160	1	ATTTGGGCGTAGGTGGTATCTTCG	1
162	161	1	TTTGGGCGTAGGTGGTATCTTCGT	1
163	162	1	TTGGGCGTAGGTGGTATCTTCGTT	1
164	163	1	TGGGCGTAGGTGGTATCTTCGTTT	1
165	164	1	GGGCGTAGGTGGTATCTTCGTTTT	1
166	165	1	GGCGTAGGTGGTATCTTCGTTTTA	1
167	166	1	GCGTAGGTGGTATCTTCGTTTTAA	1
168	167	1	CGTAGGTGGTATCTTCGTTTTAAG	1
169	168	1	GTAGGTGGTATCTTCGTTTTAAGC	1
170	169	1	TAGGTGGTATCTTCGTTTTAAGCG	1
171	170	1	AGGTGGTATCTTCGTTTTAAGCGG	1
172	171	1	GGTGGTATCTTCGTTTTAAGCGGA	1
173	172	1	GTGGTATCTTCGTTTTAAGCGGAT	1
174	173	1	TGGTATCTTCGTTTTAAGCGGATT	1
175	174	1	GGTATCTTCGTTTTAAGCGGATTT	1
176	175	1	GTATCTTCGTTTTAAGCGGATTTA	1
177	176	1	TATCTTCGTTTTAAGCGGATTTAT	1
178	177	1	ATCTTCGTTTTAAGCGGATTTATC	1
179	178	1	TCTTCGTTTTAAGCGGATTTATCA	1
180	179	1	CTTCGTTTTAAGCGGATTTATCAA	1
181	180	1	TTCGTTTTAAGCGGATTTATCAAG	1
182	181	1	TCGTTTTAAGCGGATTTATCAAGT	1
183	182	1	CGTTTTAAGCGGATTTATCAAGTT	1
184	183	1	GTTTTAAGCGGATTTATCAAGTTA	1
