Component 208
1	-1	0	CATCTCCACTCACCCAATAAAGAA	1
2	1	1	ATCTCCACTCACCCAATAAAGAAC	1
3	2	1	TCTCCACTCACCCAATAAAGAACA	1
4	3	1	CTCCACTCACCCAATAAAGAACAG	1
5	4	1	TCCACTCACCCAATAAAGAACAGG	1
6	5	1	CCACTCACCCAATAAAGAACAGGG	1
7	6	1	CACTCACCCAATAAAGAACAGGGA	1
8	7	3	ACTCACCCAATAAAGAACAGGGAA	1
9	8	3	CTCACCCAATAAAGAACAGGGAAT	1
10	9	3	TCACCCAATAAAGAACAGGGAATT	1
11	10	3	CACCCAATAAAGAACAGGGAATTT	1
12	11	3	ACCCAATAAAGAACAGGGAATTTA	1
13	12	3	CCCAATAAAGAACAGGGAATTTAA	1
14	13	3	CCAATAAAGAACAGGGAATTTAAG	1
15	14	3	CAATAAAGAACAGGGAATTTAAGC	1
16	15	3	AATAAAGAACAGGGAATTTAAGCA	1
17	16	3	ATAAAGAACAGGGAATTTAAGCAA	1
18	17	3	TAAAGAACAGGGAATTTAAGCAAA	1
19	18	3	AAAGAACAGGGAATTTAAGCAAAT	1
20	19	3	AAGAACAGGGAATTTAAGCAAATT	1
21	20	3	AGAACAGGGAATTTAAGCAAATTC	1
22	21	3	GAACAGGGAATTTAAGCAAATTCT	1
23	22	3	AACAGGGAATTTAAGCAAATTCTA	1
24	23	3	ACAGGGAATTTAAGCAAATTCTAG	1
25	24	3	CAGGGAATTTAAGCAAATTCTAGT	1
26	25	3	AGGGAATTTAAGCAAATTCTAGTA	1
27	26	3	GGGAATTTAAGCAAATTCTAGTAT	1
28	27	4	GGAATTTAAGCAAATTCTAGTATT	1
29	28	4	GAATTTAAGCAAATTCTAGTATTT	1
30	29	4	AATTTAAGCAAATTCTAGTATTTG	1
31	30	4	ATTTAAGCAAATTCTAGTATTTGA	1
32	31	4	TTTAAGCAAATTCTAGTATTTGAG	1
33	32	4	TTAAGCAAATTCTAGTATTTGAGT	1
34	33	4	TAAGCAAATTCTAGTATTTGAGTC	1
35	34	4	AAGCAAATTCTAGTATTTGAGTCA	1
36	35	4	AGCAAATTCTAGTATTTGAGTCAA	1
37	36	4	GCAAATTCTAGTATTTGAGTCAAA	1
38	37	5	CAAATTCTAGTATTTGAGTCAAAA	1
39	38	5	AAATTCTAGTATTTGAGTCAAAAC	1
40	39	5	AATTCTAGTATTTGAGTCAAAACA	1
41	40	5	ATTCTAGTATTTGAGTCAAAACAG	1
42	41	5	TTCTAGTATTTGAGTCAAAACAGA	1
43	42	5	TCTAGTATTTGAGTCAAAACAGAG	1
44	43	5	CTAGTATTTGAGTCAAAACAGAGC	1
45	44	5	TAGTATTTGAGTCAAAACAGAGCG	1
46	45	4	AGTATTTGAGTCAAAACAGAGCGA	1
47	46	4	GTATTTGAGTCAAAACAGAGCGAA	1
48	47	4	TATTTGAGTCAAAACAGAGCGAAA	1
49	48	4	ATTTGAGTCAAAACAGAGCGAAAC	1
50	49	4	TTTGAGTCAAAACAGAGCGAAACG	1
51	50	4	TTGAGTCAAAACAGAGCGAAACGT	1
52	51	2	TGAGTCAAAACAGAGCGAAACGTG	1
53	52	2	GAGTCAAAACAGAGCGAAACGTGA	1
54	53	2	AGTCAAAACAGAGCGAAACGTGAA	1
55	54	2	GTCAAAACAGAGCGAAACGTGAAG	1
56	55	2	TCAAAACAGAGCGAAACGTGAAGA	1
57	56	2	CAAAACAGAGCGAAACGTGAAGAT	1
58	57	2	AAAACAGAGCGAAACGTGAAGATG	1
59	58	2	AAACAGAGCGAAACGTGAAGATGT	1
60	59	2	AACAGAGCGAAACGTGAAGATGTT	1
61	60	2	ACAGAGCGAAACGTGAAGATGTTT	1
62	61	2	CAGAGCGAAACGTGAAGATGTTTC	1
63	62	2	AGAGCGAAACGTGAAGATGTTTCA	1
64	63	2	GAGCGAAACGTGAAGATGTTTCAA	1
65	64	2	AGCGAAACGTGAAGATGTTTCAAT	1
66	65	2	GCGAAACGTGAAGATGTTTCAATT	1
67	66	2	CGAAACGTGAAGATGTTTCAATTT	1
68	67	2	GAAACGTGAAGATGTTTCAATTTG	1
69	68	2	AAACGTGAAGATGTTTCAATTTGT	1
70	69	2	AACGTGAAGATGTTTCAATTTGTA	1
71	70	2	ACGTGAAGATGTTTCAATTTGTAA	1
72	71	1	CGTGAAGATGTTTCAATTTGTAAA	1
73	72	3	GTGAAGATGTTTCAATTTGTAAAG	1
74	73	3	TGAAGATGTTTCAATTTGTAAAGA	1
75	74	4	GAAGATGTTTCAATTTGTAAAGAA	1
76	75	4	AAGATGTTTCAATTTGTAAAGAAA	1
77	76	4	AGATGTTTCAATTTGTAAAGAAAA	1
78	77	4	GATGTTTCAATTTGTAAAGAAAAA	1
79	78	4	ATGTTTCAATTTGTAAAGAAAAAA	1
80	79	4	TGTTTCAATTTGTAAAGAAAAAAA	1
81	80	4	GTTTCAATTTGTAAAGAAAAAAAA	1
82	81	3	TTTCAATTTGTAAAGAAAAAAAAT	1
83	82	3	TTCAATTTGTAAAGAAAAAAAATG	1
84	83	3	TCAATTTGTAAAGAAAAAAAATGA	1
85	84	3	CAATTTGTAAAGAAAAAAAATGAG	1
86	85	3	AATTTGTAAAGAAAAAAAATGAGT	1
87	86	3	ATTTGTAAAGAAAAAAAATGAGTT	1
88	87	3	TTTGTAAAGAAAAAAAATGAGTTT	1
89	88	3	TTGTAAAGAAAAAAAATGAGTTTT	1
90	89	3	TGTAAAGAAAAAAAATGAGTTTTT	1
91	90	3	GTAAAGAAAAAAAATGAGTTTTTA	1
92	91	3	TAAAGAAAAAAAATGAGTTTTTAA	1
93	92	3	AAAGAAAAAAAATGAGTTTTTAAA	1
94	93	3	AAGAAAAAAAATGAGTTTTTAAAA	1
95	94	3	AGAAAAAAAATGAGTTTTTAAAAT	1
96	95	3	GAAAAAAAATGAGTTTTTAAAATT	1
97	96	3	AAAAAAAATGAGTTTTTAAAATTT	1
98	97	3	AAAAAAATGAGTTTTTAAAATTTG	1
99	98	3	AAAAAATGAGTTTTTAAAATTTGC	1
100	99	3	AAAAATGAGTTTTTAAAATTTGCG	1
101	100	3	AAAATGAGTTTTTAAAATTTGCGA	1
102	101	3	AAATGAGTTTTTAAAATTTGCGAG	1
103	102	3	AATGAGTTTTTAAAATTTGCGAGA	1
104	103	3	ATGAGTTTTTAAAATTTGCGAGAC	1
105	104	3	TGAGTTTTTAAAATTTGCGAGACT	1
106	105	3	GAGTTTTTAAAATTTGCGAGACTT	1
107	106	3	AGTTTTTAAAATTTGCGAGACTTG	1
108	107	3	GTTTTTAAAATTTGCGAGACTTGG	1
109	108	3	TTTTTAAAATTTGCGAGACTTGGC	1
110	109	3	TTTTAAAATTTGCGAGACTTGGCT	1
111	110	3	TTTAAAATTTGCGAGACTTGGCTC	1
112	111	3	TTAAAATTTGCGAGACTTGGCTCT	1
113	112	3	TAAAATTTGCGAGACTTGGCTCTC	1
114	113	3	AAAATTTGCGAGACTTGGCTCTCG	1
115	114	3	AAATTTGCGAGACTTGGCTCTCGA	1
116	115	3	AATTTGCGAGACTTGGCTCTCGAG	1
117	116	1	ATTTGCGAGACTTGGCTCTCGAGC	1
118	117	1	TTTGCGAGACTTGGCTCTCGAGCA	1
119	-1	0	TTTCCGTAGACATGATAGCCTTGT	1
120	119	2	TTCCGTAGACATGATAGCCTTGTA	1
121	120	2	TCCGTAGACATGATAGCCTTGTAT	1
122	121	2	CCGTAGACATGATAGCCTTGTATT	1
123	122	2	CGTAGACATGATAGCCTTGTATTA	1
124	123	2	GTAGACATGATAGCCTTGTATTAT	1
125	124	2	TAGACATGATAGCCTTGTATTATA	1
126	125	2	AGACATGATAGCCTTGTATTATAA	1
127	126	2	GACATGATAGCCTTGTATTATAAC	1
128	127	2	ACATGATAGCCTTGTATTATAACG	1
129	128	2	CATGATAGCCTTGTATTATAACGT	1
130	129	2	ATGATAGCCTTGTATTATAACGTG	1
131	130	2	TGATAGCCTTGTATTATAACGTGT	1
132	131	2	GATAGCCTTGTATTATAACGTGTA	1
133	132	3	ATAGCCTTGTATTATAACGTGTAT	1
134	133	4	TAGCCTTGTATTATAACGTGTATG	1
135	134	4	AGCCTTGTATTATAACGTGTATGG	1
136	135	5	GCCTTGTATTATAACGTGTATGGT	1
137	136	5	CCTTGTATTATAACGTGTATGGTC	1
138	137	5	CTTGTATTATAACGTGTATGGTCC	1
139	138	5	TTGTATTATAACGTGTATGGTCCA	1
140	139	5	TGTATTATAACGTGTATGGTCCAA	1
141	140	5	GTATTATAACGTGTATGGTCCAAG	1
142	141	5	TATTATAACGTGTATGGTCCAAGT	1
143	142	5	ATTATAACGTGTATGGTCCAAGTT	1
144	143	5	TTATAACGTGTATGGTCCAAGTTT	1
145	144	5	TATAACGTGTATGGTCCAAGTTTG	1
146	145	5	ATAACGTGTATGGTCCAAGTTTGT	1
147	146	5	TAACGTGTATGGTCCAAGTTTGTC	1
148	147	5	AACGTGTATGGTCCAAGTTTGTCC	1
149	148	5	ACGTGTATGGTCCAAGTTTGTCCG	1
150	149	5	CGTGTATGGTCCAAGTTTGTCCGC	1
151	150	4	GTGTATGGTCCAAGTTTGTCCGCT	1
152	151	4	TGTATGGTCCAAGTTTGTCCGCTG	1
153	152	4	GTATGGTCCAAGTTTGTCCGCTGG	1
154	153	4	TATGGTCCAAGTTTGTCCGCTGGC	1
155	154	5	ATGGTCCAAGTTTGTCCGCTGGCA	1
156	155	5	TGGTCCAAGTTTGTCCGCTGGCAC	1
157	156	5	GGTCCAAGTTTGTCCGCTGGCACT	1
158	157	5	GTCCAAGTTTGTCCGCTGGCACTC	1
159	158	5	TCCAAGTTTGTCCGCTGGCACTCC	1
160	159	5	CCAAGTTTGTCCGCTGGCACTCCA	1
161	160	5	CAAGTTTGTCCGCTGGCACTCCAA	1
162	161	5	AAGTTTGTCCGCTGGCACTCCAAA	1
163	162	5	AGTTTGTCCGCTGGCACTCCAAAG	1
164	163	3	GTTTGTCCGCTGGCACTCCAAAGG	1
165	164	3	TTTGTCCGCTGGCACTCCAAAGGA	1
166	165	3	TTGTCCGCTGGCACTCCAAAGGAA	1
167	166	3	TGTCCGCTGGCACTCCAAAGGAAG	1
168	167	4	GTCCGCTGGCACTCCAAAGGAAGA	1
169	168	4	TCCGCTGGCACTCCAAAGGAAGAA	1
170	169	4	CCGCTGGCACTCCAAAGGAAGAAG	1
171	170	4	CGCTGGCACTCCAAAGGAAGAAGG	1
172	171	4	GCTGGCACTCCAAAGGAAGAAGGT	1
173	172	4	CTGGCACTCCAAAGGAAGAAGGTC	1
174	173	4	TGGCACTCCAAAGGAAGAAGGTCT	1
175	174	4	GGCACTCCAAAGGAAGAAGGTCTC	1
176	175	4	GCACTCCAAAGGAAGAAGGTCTCC	1
177	176	3	CACTCCAAAGGAAGAAGGTCTCCA	1
178	177	2	ACTCCAAAGGAAGAAGGTCTCCAT	1
179	178	2	CTCCAAAGGAAGAAGGTCTCCATT	1
180	179	2	TCCAAAGGAAGAAGGTCTCCATTT	1
181	180	2	CCAAAGGAAGAAGGTCTCCATTTT	1
182	181	2	CAAAGGAAGAAGGTCTCCATTTTA	1
183	182	2	AAAGGAAGAAGGTCTCCATTTTAT	1
184	183	2	AAGGAAGAAGGTCTCCATTTTATC	1
185	184	2	AGGAAGAAGGTCTCCATTTTATCC	1
186	185	2	GGAAGAAGGTCTCCATTTTATCCA	1
187	186	2	GAAGAAGGTCTCCATTTTATCCAA	1
188	187	2	AAGAAGGTCTCCATTTTATCCAAC	1
189	188	2	AGAAGGTCTCCATTTTATCCAACA	1
190	189	2	GAAGGTCTCCATTTTATCCAACAC	1
191	190	2	AAGGTCTCCATTTTATCCAACACG	1
192	191	2	AGGTCTCCATTTTATCCAACACGA	1
193	192	2	GGTCTCCATTTTATCCAACACGAT	1
194	193	2	GTCTCCATTTTATCCAACACGATT	1
195	194	2	TCTCCATTTTATCCAACACGATTG	1
196	195	2	CTCCATTTTATCCAACACGATTGG	1
197	196	2	TCCATTTTATCCAACACGATTGGC	1
198	197	1	CCATTTTATCCAACACGATTGGCC	1
