Component 216
1	-1	0	TACATGAAACTAGGTTTGAATTGC	1
2	1	1	ACATGAAACTAGGTTTGAATTGCT	1
3	2	1	CATGAAACTAGGTTTGAATTGCTG	1
4	3	1	ATGAAACTAGGTTTGAATTGCTGT	1
5	4	1	TGAAACTAGGTTTGAATTGCTGTC	1
6	5	1	GAAACTAGGTTTGAATTGCTGTCT	1
7	6	1	AAACTAGGTTTGAATTGCTGTCTT	1
8	7	1	AACTAGGTTTGAATTGCTGTCTTA	1
9	8	1	ACTAGGTTTGAATTGCTGTCTTAG	1
10	9	1	CTAGGTTTGAATTGCTGTCTTAGG	1
11	10	1	TAGGTTTGAATTGCTGTCTTAGGT	1
12	11	1	AGGTTTGAATTGCTGTCTTAGGTT	1
13	12	1	GGTTTGAATTGCTGTCTTAGGTTA	1
14	13	1	GTTTGAATTGCTGTCTTAGGTTAG	1
15	14	1	TTTGAATTGCTGTCTTAGGTTAGG	1
16	15	2	TTGAATTGCTGTCTTAGGTTAGGT	1
17	16	2	TGAATTGCTGTCTTAGGTTAGGTC	1
18	17	2	GAATTGCTGTCTTAGGTTAGGTCT	1
19	18	2	AATTGCTGTCTTAGGTTAGGTCTA	1
20	19	2	ATTGCTGTCTTAGGTTAGGTCTAC	1
21	20	2	TTGCTGTCTTAGGTTAGGTCTACA	1
22	21	2	TGCTGTCTTAGGTTAGGTCTACAT	1
23	22	2	GCTGTCTTAGGTTAGGTCTACATA	1
24	23	2	CTGTCTTAGGTTAGGTCTACATAG	1
25	24	2	TGTCTTAGGTTAGGTCTACATAGA	1
26	25	2	GTCTTAGGTTAGGTCTACATAGAA	1
27	26	2	TCTTAGGTTAGGTCTACATAGAAA	1
28	27	2	CTTAGGTTAGGTCTACATAGAAAT	1
29	28	2	TTAGGTTAGGTCTACATAGAAATA	1
30	29	2	TAGGTTAGGTCTACATAGAAATAT	1
31	30	2	AGGTTAGGTCTACATAGAAATATT	1
32	31	2	GGTTAGGTCTACATAGAAATATTA	1
33	32	2	GTTAGGTCTACATAGAAATATTAC	1
34	33	2	TTAGGTCTACATAGAAATATTACA	1
35	34	2	TAGGTCTACATAGAAATATTACAG	1
36	35	2	AGGTCTACATAGAAATATTACAGA	1
37	36	2	GGTCTACATAGAAATATTACAGAA	1
38	37	2	GTCTACATAGAAATATTACAGAAG	1
39	38	2	TCTACATAGAAATATTACAGAAGG	1
40	39	2	CTACATAGAAATATTACAGAAGGA	1
41	40	2	TACATAGAAATATTACAGAAGGAT	1
42	41	2	ACATAGAAATATTACAGAAGGATT	1
43	42	2	CATAGAAATATTACAGAAGGATTT	1
44	43	2	ATAGAAATATTACAGAAGGATTTA	1
45	44	2	TAGAAATATTACAGAAGGATTTAC	1
46	45	1	AGAAATATTACAGAAGGATTTACG	1
47	46	1	GAAATATTACAGAAGGATTTACGG	1
48	47	1	AAATATTACAGAAGGATTTACGGA	1
49	48	1	AATATTACAGAAGGATTTACGGAG	1
50	49	1	ATATTACAGAAGGATTTACGGAGG	1
51	50	1	TATTACAGAAGGATTTACGGAGGA	1
52	51	1	ATTACAGAAGGATTTACGGAGGAA	1
53	52	1	TTACAGAAGGATTTACGGAGGAAC	1
54	53	1	TACAGAAGGATTTACGGAGGAACA	1
55	54	2	ACAGAAGGATTTACGGAGGAACAA	1
56	55	2	CAGAAGGATTTACGGAGGAACAAA	1
57	56	2	AGAAGGATTTACGGAGGAACAAAT	1
58	57	2	GAAGGATTTACGGAGGAACAAATT	1
59	58	2	AAGGATTTACGGAGGAACAAATTG	1
60	59	1	AGGATTTACGGAGGAACAAATTGA	1
61	60	2	GGATTTACGGAGGAACAAATTGAT	1
62	61	2	GATTTACGGAGGAACAAATTGATA	1
63	62	2	ATTTACGGAGGAACAAATTGATAG	1
64	63	2	TTTACGGAGGAACAAATTGATAGC	1
65	64	2	TTACGGAGGAACAAATTGATAGCA	1
66	65	2	TACGGAGGAACAAATTGATAGCAG	1
67	66	2	ACGGAGGAACAAATTGATAGCAGA	1
68	67	2	CGGAGGAACAAATTGATAGCAGAA	1
69	68	2	GGAGGAACAAATTGATAGCAGAAG	1
70	69	2	GAGGAACAAATTGATAGCAGAAGA	1
71	70	2	AGGAACAAATTGATAGCAGAAGAC	1
72	71	2	GGAACAAATTGATAGCAGAAGACG	1
73	72	2	GAACAAATTGATAGCAGAAGACGT	1
74	73	2	AACAAATTGATAGCAGAAGACGTA	1
75	74	2	ACAAATTGATAGCAGAAGACGTAT	1
76	75	2	CAAATTGATAGCAGAAGACGTATT	1
77	76	2	AAATTGATAGCAGAAGACGTATTT	1
78	77	2	AATTGATAGCAGAAGACGTATTTT	1
79	78	2	ATTGATAGCAGAAGACGTATTTTC	1
80	79	2	TTGATAGCAGAAGACGTATTTTCT	1
81	80	2	TGATAGCAGAAGACGTATTTTCTG	1
82	81	2	GATAGCAGAAGACGTATTTTCTGG	1
83	82	2	ATAGCAGAAGACGTATTTTCTGGG	1
84	83	2	TAGCAGAAGACGTATTTTCTGGGC	1
85	84	2	AGCAGAAGACGTATTTTCTGGGCA	1
86	85	2	GCAGAAGACGTATTTTCTGGGCAA	1
87	86	2	CAGAAGACGTATTTTCTGGGCAAT	1
88	87	2	AGAAGACGTATTTTCTGGGCAATT	1
89	88	2	GAAGACGTATTTTCTGGGCAATTT	1
90	89	2	AAGACGTATTTTCTGGGCAATTTA	1
91	90	2	AGACGTATTTTCTGGGCAATTTAC	1
92	91	2	GACGTATTTTCTGGGCAATTTACT	1
93	92	2	ACGTATTTTCTGGGCAATTTACTG	1
94	93	2	CGTATTTTCTGGGCAATTTACTGT	1
95	94	2	GTATTTTCTGGGCAATTTACTGTT	1
96	95	2	TATTTTCTGGGCAATTTACTGTTA	1
97	96	2	ATTTTCTGGGCAATTTACTGTTAT	1
98	97	2	TTTTCTGGGCAATTTACTGTTATG	1
99	98	1	TTTCTGGGCAATTTACTGTTATGA	1
100	99	1	TTCTGGGCAATTTACTGTTATGAC	1
101	100	1	TCTGGGCAATTTACTGTTATGACC	1
102	101	1	CTGGGCAATTTACTGTTATGACCG	1
103	102	1	TGGGCAATTTACTGTTATGACCGG	1
104	103	1	GGGCAATTTACTGTTATGACCGGC	1
105	-1	0	GATTCGTCTTTTATATTCCGGTAA	1
106	105	1	ATTCGTCTTTTATATTCCGGTAAT	1
107	106	1	TTCGTCTTTTATATTCCGGTAATT	1
108	107	1	TCGTCTTTTATATTCCGGTAATTA	1
109	108	1	CGTCTTTTATATTCCGGTAATTAT	1
110	109	1	GTCTTTTATATTCCGGTAATTATC	1
111	110	1	TCTTTTATATTCCGGTAATTATCA	1
112	111	1	CTTTTATATTCCGGTAATTATCAA	1
113	112	1	TTTTATATTCCGGTAATTATCAAG	1
114	113	1	TTTATATTCCGGTAATTATCAAGG	1
115	114	1	TTATATTCCGGTAATTATCAAGGC	1
116	115	1	TATATTCCGGTAATTATCAAGGCA	1
117	116	1	ATATTCCGGTAATTATCAAGGCAA	1
118	117	1	TATTCCGGTAATTATCAAGGCAAC	1
119	118	1	ATTCCGGTAATTATCAAGGCAACT	1
120	119	1	TTCCGGTAATTATCAAGGCAACTT	1
121	120	1	TCCGGTAATTATCAAGGCAACTTT	1
122	121	1	CCGGTAATTATCAAGGCAACTTTT	1
123	122	1	CGGTAATTATCAAGGCAACTTTTT	1
124	123	2	GGTAATTATCAAGGCAACTTTTTT	1
125	124	2	GTAATTATCAAGGCAACTTTTTTC	1
126	125	2	TAATTATCAAGGCAACTTTTTTCC	1
127	126	2	AATTATCAAGGCAACTTTTTTCCA	1
128	127	2	ATTATCAAGGCAACTTTTTTCCAC	1
129	128	2	TTATCAAGGCAACTTTTTTCCACT	1
130	129	2	TATCAAGGCAACTTTTTTCCACTA	1
131	130	2	ATCAAGGCAACTTTTTTCCACTAT	1
132	131	2	TCAAGGCAACTTTTTTCCACTATT	1
133	132	2	CAAGGCAACTTTTTTCCACTATTT	1
134	133	2	AAGGCAACTTTTTTCCACTATTTT	1
135	134	2	AGGCAACTTTTTTCCACTATTTTT	1
136	135	2	GGCAACTTTTTTCCACTATTTTTA	1
137	136	3	GCAACTTTTTTCCACTATTTTTAT	1
138	137	3	CAACTTTTTTCCACTATTTTTATC	1
139	138	3	AACTTTTTTCCACTATTTTTATCT	1
140	139	3	ACTTTTTTCCACTATTTTTATCTA	1
141	140	3	CTTTTTTCCACTATTTTTATCTAT	1
142	141	3	TTTTTTCCACTATTTTTATCTATT	1
143	142	3	TTTTTCCACTATTTTTATCTATTT	1
144	143	3	TTTTCCACTATTTTTATCTATTTT	1
145	144	3	TTTCCACTATTTTTATCTATTTTG	1
146	145	3	TTCCACTATTTTTATCTATTTTGT	1
147	146	3	TCCACTATTTTTATCTATTTTGTG	1
148	147	3	CCACTATTTTTATCTATTTTGTGT	1
149	148	3	CACTATTTTTATCTATTTTGTGTG	1
150	149	2	ACTATTTTTATCTATTTTGTGTGT	1
151	150	2	CTATTTTTATCTATTTTGTGTGTA	1
152	151	2	TATTTTTATCTATTTTGTGTGTAG	1
153	152	2	ATTTTTATCTATTTTGTGTGTAGG	1
154	153	2	TTTTTATCTATTTTGTGTGTAGGT	1
155	154	2	TTTTATCTATTTTGTGTGTAGGTT	1
156	155	2	TTTATCTATTTTGTGTGTAGGTTA	1
157	156	2	TTATCTATTTTGTGTGTAGGTTAC	1
158	157	2	TATCTATTTTGTGTGTAGGTTACT	1
159	158	2	ATCTATTTTGTGTGTAGGTTACTA	1
160	159	2	TCTATTTTGTGTGTAGGTTACTAT	1
161	160	2	CTATTTTGTGTGTAGGTTACTATC	1
162	161	2	TATTTTGTGTGTAGGTTACTATCA	1
163	162	2	ATTTTGTGTGTAGGTTACTATCAT	1
164	163	2	TTTTGTGTGTAGGTTACTATCATC	1
165	164	2	TTTGTGTGTAGGTTACTATCATCA	1
166	165	3	TTGTGTGTAGGTTACTATCATCAT	1
167	166	3	TGTGTGTAGGTTACTATCATCATC	1
168	167	2	GTGTGTAGGTTACTATCATCATCT	1
169	168	2	TGTGTAGGTTACTATCATCATCTT	1
170	169	2	GTGTAGGTTACTATCATCATCTTC	1
171	170	2	TGTAGGTTACTATCATCATCTTCT	1
172	171	2	GTAGGTTACTATCATCATCTTCTT	1
173	172	2	TAGGTTACTATCATCATCTTCTTA	1
174	173	2	AGGTTACTATCATCATCTTCTTAA	1
175	174	2	GGTTACTATCATCATCTTCTTAAT	1
176	175	2	GTTACTATCATCATCTTCTTAATA	1
177	176	2	TTACTATCATCATCTTCTTAATAA	1
178	177	2	TACTATCATCATCTTCTTAATAAC	1
179	178	2	ACTATCATCATCTTCTTAATAACC	1
180	179	2	CTATCATCATCTTCTTAATAACCC	1
181	180	1	TATCATCATCTTCTTAATAACCCC	1
182	181	1	ATCATCATCTTCTTAATAACCCCA	1
183	182	1	TCATCATCTTCTTAATAACCCCAG	1
184	183	1	CATCATCTTCTTAATAACCCCAGT	1
185	184	1	ATCATCTTCTTAATAACCCCAGTA	1
186	185	1	TCATCTTCTTAATAACCCCAGTAA	1
187	186	1	CATCTTCTTAATAACCCCAGTAAC	1
188	187	1	ATCTTCTTAATAACCCCAGTAACA	1
189	188	1	TCTTCTTAATAACCCCAGTAACAC	1
190	189	1	CTTCTTAATAACCCCAGTAACACC	1
191	190	1	TTCTTAATAACCCCAGTAACACCG	1
192	191	1	TCTTAATAACCCCAGTAACACCGA	1
193	192	1	CTTAATAACCCCAGTAACACCGAG	1
194	193	1	TTAATAACCCCAGTAACACCGAGT	1
195	194	1	TAATAACCCCAGTAACACCGAGTT	1
196	195	1	AATAACCCCAGTAACACCGAGTTA	1
197	196	1	ATAACCCCAGTAACACCGAGTTAC	1
198	197	1	TAACCCCAGTAACACCGAGTTACA	1
199	198	1	AACCCCAGTAACACCGAGTTACAA	1
200	199	1	ACCCCAGTAACACCGAGTTACAAA	1
201	200	1	CCCCAGTAACACCGAGTTACAAAG	1
202	201	1	CCCAGTAACACCGAGTTACAAAGT	1
203	202	1	CCAGTAACACCGAGTTACAAAGTT	1
204	203	1	CAGTAACACCGAGTTACAAAGTTT	1
205	204	1	AGTAACACCGAGTTACAAAGTTTA	1
206	205	1	GTAACACCGAGTTACAAAGTTTAA	1
207	206	1	TAACACCGAGTTACAAAGTTTAAT	1
208	207	1	AACACCGAGTTACAAAGTTTAATC	1
209	208	1	ACACCGAGTTACAAAGTTTAATCA	1
