Component 217
1	-1	0	GATGGTTATGAACTTCAGATTCAA	1
2	1	1	ATGGTTATGAACTTCAGATTCAAA	1
3	2	1	TGGTTATGAACTTCAGATTCAAAC	1
4	3	1	GGTTATGAACTTCAGATTCAAACC	1
5	4	1	GTTATGAACTTCAGATTCAAACCA	1
6	5	1	TTATGAACTTCAGATTCAAACCAA	1
7	6	1	TATGAACTTCAGATTCAAACCAAC	1
8	7	1	ATGAACTTCAGATTCAAACCAACT	1
9	8	1	TGAACTTCAGATTCAAACCAACTA	1
10	9	1	GAACTTCAGATTCAAACCAACTAC	1
11	10	1	AACTTCAGATTCAAACCAACTACC	1
12	11	1	ACTTCAGATTCAAACCAACTACCT	1
13	12	1	CTTCAGATTCAAACCAACTACCTT	1
14	13	1	TTCAGATTCAAACCAACTACCTTT	1
15	14	2	TCAGATTCAAACCAACTACCTTTC	1
16	15	2	CAGATTCAAACCAACTACCTTTCA	1
17	16	2	AGATTCAAACCAACTACCTTTCAC	1
18	17	2	GATTCAAACCAACTACCTTTCACA	1
19	18	2	ATTCAAACCAACTACCTTTCACAT	1
20	19	2	TTCAAACCAACTACCTTTCACATT	1
21	20	2	TCAAACCAACTACCTTTCACATTA	1
22	21	2	CAAACCAACTACCTTTCACATTAC	1
23	22	2	AAACCAACTACCTTTCACATTACT	1
24	23	2	AACCAACTACCTTTCACATTACTT	1
25	24	2	ACCAACTACCTTTCACATTACTTG	1
26	25	2	CCAACTACCTTTCACATTACTTGT	1
27	26	2	CAACTACCTTTCACATTACTTGTT	1
28	27	2	AACTACCTTTCACATTACTTGTTC	1
29	28	2	ACTACCTTTCACATTACTTGTTCA	1
30	29	2	CTACCTTTCACATTACTTGTTCAC	1
31	30	2	TACCTTTCACATTACTTGTTCACT	1
32	31	2	ACCTTTCACATTACTTGTTCACTG	1
33	32	2	CCTTTCACATTACTTGTTCACTGA	1
34	33	2	CTTTCACATTACTTGTTCACTGAG	1
35	34	2	TTTCACATTACTTGTTCACTGAGC	1
36	35	3	TTCACATTACTTGTTCACTGAGCT	1
37	36	3	TCACATTACTTGTTCACTGAGCTC	1
38	37	3	CACATTACTTGTTCACTGAGCTCT	1
39	38	3	ACATTACTTGTTCACTGAGCTCTT	1
40	39	3	CATTACTTGTTCACTGAGCTCTTG	1
41	40	3	ATTACTTGTTCACTGAGCTCTTGC	1
42	41	3	TTACTTGTTCACTGAGCTCTTGCT	1
43	42	3	TACTTGTTCACTGAGCTCTTGCTC	1
44	43	3	ACTTGTTCACTGAGCTCTTGCTCC	1
45	44	3	CTTGTTCACTGAGCTCTTGCTCCC	1
46	45	2	TTGTTCACTGAGCTCTTGCTCCCC	1
47	46	2	TGTTCACTGAGCTCTTGCTCCCCA	1
48	47	3	GTTCACTGAGCTCTTGCTCCCCAC	1
49	48	3	TTCACTGAGCTCTTGCTCCCCACA	1
50	49	3	TCACTGAGCTCTTGCTCCCCACAC	1
51	50	3	CACTGAGCTCTTGCTCCCCACACT	1
52	51	3	ACTGAGCTCTTGCTCCCCACACTC	1
53	52	3	CTGAGCTCTTGCTCCCCACACTCC	1
54	53	3	TGAGCTCTTGCTCCCCACACTCCG	1
55	54	3	GAGCTCTTGCTCCCCACACTCCGT	1
56	55	3	AGCTCTTGCTCCCCACACTCCGTC	1
57	56	3	GCTCTTGCTCCCCACACTCCGTCG	1
58	57	3	CTCTTGCTCCCCACACTCCGTCGT	1
59	58	2	TCTTGCTCCCCACACTCCGTCGTA	1
60	59	2	CTTGCTCCCCACACTCCGTCGTAC	1
61	60	2	TTGCTCCCCACACTCCGTCGTACT	1
62	61	2	TGCTCCCCACACTCCGTCGTACTG	1
63	62	2	GCTCCCCACACTCCGTCGTACTGC	1
64	63	2	CTCCCCACACTCCGTCGTACTGCA	1
65	64	2	TCCCCACACTCCGTCGTACTGCAG	1
66	65	2	CCCCACACTCCGTCGTACTGCAGA	1
67	66	2	CCCACACTCCGTCGTACTGCAGAA	1
68	67	2	CCACACTCCGTCGTACTGCAGAAG	1
69	68	2	CACACTCCGTCGTACTGCAGAAGA	1
70	69	2	ACACTCCGTCGTACTGCAGAAGAA	1
71	70	2	CACTCCGTCGTACTGCAGAAGAAT	1
72	71	2	ACTCCGTCGTACTGCAGAAGAATG	1
73	72	2	CTCCGTCGTACTGCAGAAGAATGT	1
74	73	2	TCCGTCGTACTGCAGAAGAATGTC	1
75	74	2	CCGTCGTACTGCAGAAGAATGTCG	1
76	75	2	CGTCGTACTGCAGAAGAATGTCGA	1
77	76	2	GTCGTACTGCAGAAGAATGTCGAC	1
78	77	2	TCGTACTGCAGAAGAATGTCGACC	1
79	78	2	CGTACTGCAGAAGAATGTCGACCT	1
80	79	1	GTACTGCAGAAGAATGTCGACCTG	1
81	80	1	TACTGCAGAAGAATGTCGACCTGG	1
82	81	1	ACTGCAGAAGAATGTCGACCTGGC	1
83	82	1	CTGCAGAAGAATGTCGACCTGGCG	1
84	83	1	TGCAGAAGAATGTCGACCTGGCGA	1
85	84	1	GCAGAAGAATGTCGACCTGGCGAT	1
86	85	1	CAGAAGAATGTCGACCTGGCGATG	1
87	86	1	AGAAGAATGTCGACCTGGCGATGT	1
88	87	1	GAAGAATGTCGACCTGGCGATGTT	1
89	88	1	AAGAATGTCGACCTGGCGATGTTA	1
90	89	1	AGAATGTCGACCTGGCGATGTTAG	1
91	90	2	GAATGTCGACCTGGCGATGTTAGA	1
92	91	1	AATGTCGACCTGGCGATGTTAGAA	1
93	92	1	ATGTCGACCTGGCGATGTTAGAAT	1
94	93	1	TGTCGACCTGGCGATGTTAGAATA	1
95	94	1	GTCGACCTGGCGATGTTAGAATAG	1
96	95	1	TCGACCTGGCGATGTTAGAATAGT	1
97	96	1	CGACCTGGCGATGTTAGAATAGTT	1
98	97	1	GACCTGGCGATGTTAGAATAGTTC	1
99	98	1	ACCTGGCGATGTTAGAATAGTTCA	1
100	99	1	CCTGGCGATGTTAGAATAGTTCAC	1
101	100	1	CTGGCGATGTTAGAATAGTTCACG	1
102	101	1	TGGCGATGTTAGAATAGTTCACGT	1
103	102	1	GGCGATGTTAGAATAGTTCACGTC	1
104	103	1	GCGATGTTAGAATAGTTCACGTCG	1
105	104	1	CGATGTTAGAATAGTTCACGTCGC	1
106	105	1	GATGTTAGAATAGTTCACGTCGCA	1
107	106	1	ATGTTAGAATAGTTCACGTCGCAA	1
108	107	1	TGTTAGAATAGTTCACGTCGCAAG	1
109	108	1	GTTAGAATAGTTCACGTCGCAAGC	1
110	109	1	TTAGAATAGTTCACGTCGCAAGCA	1
111	110	1	TAGAATAGTTCACGTCGCAAGCAT	1
112	111	1	AGAATAGTTCACGTCGCAAGCATG	1
113	112	1	GAATAGTTCACGTCGCAAGCATGG	1
114	113	1	AATAGTTCACGTCGCAAGCATGGC	1
115	114	1	ATAGTTCACGTCGCAAGCATGGCA	1
116	115	1	TAGTTCACGTCGCAAGCATGGCAT	1
117	116	1	AGTTCACGTCGCAAGCATGGCATA	1
118	117	1	GTTCACGTCGCAAGCATGGCATAT	1
119	118	1	TTCACGTCGCAAGCATGGCATATT	1
120	119	1	TCACGTCGCAAGCATGGCATATTT	1
121	120	1	CACGTCGCAAGCATGGCATATTTG	1
122	121	1	ACGTCGCAAGCATGGCATATTTGC	1
123	122	1	CGTCGCAAGCATGGCATATTTGCC	1
124	123	1	GTCGCAAGCATGGCATATTTGCCG	1
125	124	1	TCGCAAGCATGGCATATTTGCCGG	1
126	125	1	CGCAAGCATGGCATATTTGCCGGC	1
127	126	1	GCAAGCATGGCATATTTGCCGGCC	1
128	127	1	CAAGCATGGCATATTTGCCGGCCC	1
129	128	1	AAGCATGGCATATTTGCCGGCCCC	1
130	129	1	AGCATGGCATATTTGCCGGCCCCT	1
131	130	1	GCATGGCATATTTGCCGGCCCCTT	1
132	131	1	CATGGCATATTTGCCGGCCCCTTA	1
133	132	1	ATGGCATATTTGCCGGCCCCTTAT	1
134	133	1	TGGCATATTTGCCGGCCCCTTATT	1
135	-1	0	CTGGTATCTACTTCCCTGACCTAA	1
136	135	1	TGGTATCTACTTCCCTGACCTAAA	1
137	136	1	GGTATCTACTTCCCTGACCTAAAT	1
138	137	1	GTATCTACTTCCCTGACCTAAATC	1
139	138	1	TATCTACTTCCCTGACCTAAATCT	1
140	139	1	ATCTACTTCCCTGACCTAAATCTC	1
141	140	1	TCTACTTCCCTGACCTAAATCTCC	1
142	141	1	CTACTTCCCTGACCTAAATCTCCC	1
143	142	1	TACTTCCCTGACCTAAATCTCCCG	1
144	143	1	ACTTCCCTGACCTAAATCTCCCGC	1
145	144	1	CTTCCCTGACCTAAATCTCCCGCA	1
146	145	1	TTCCCTGACCTAAATCTCCCGCAT	1
147	146	1	TCCCTGACCTAAATCTCCCGCATG	1
148	147	1	CCCTGACCTAAATCTCCCGCATGT	1
149	148	1	CCTGACCTAAATCTCCCGCATGTA	1
150	149	2	CTGACCTAAATCTCCCGCATGTAC	1
151	150	2	TGACCTAAATCTCCCGCATGTACT	1
152	151	2	GACCTAAATCTCCCGCATGTACTT	1
153	152	2	ACCTAAATCTCCCGCATGTACTTT	1
154	153	2	CCTAAATCTCCCGCATGTACTTTT	1
155	154	2	CTAAATCTCCCGCATGTACTTTTG	1
156	155	2	TAAATCTCCCGCATGTACTTTTGG	1
157	156	2	AAATCTCCCGCATGTACTTTTGGG	1
158	157	3	AATCTCCCGCATGTACTTTTGGGT	1
159	158	3	ATCTCCCGCATGTACTTTTGGGTA	1
160	159	3	TCTCCCGCATGTACTTTTGGGTAC	1
161	160	3	CTCCCGCATGTACTTTTGGGTACT	1
162	161	3	TCCCGCATGTACTTTTGGGTACTT	1
163	162	3	CCCGCATGTACTTTTGGGTACTTT	1
164	163	3	CCGCATGTACTTTTGGGTACTTTT	1
165	164	3	CGCATGTACTTTTGGGTACTTTTG	1
166	165	3	GCATGTACTTTTGGGTACTTTTGC	1
167	166	3	CATGTACTTTTGGGTACTTTTGCT	1
168	167	3	ATGTACTTTTGGGTACTTTTGCTC	1
169	168	3	TGTACTTTTGGGTACTTTTGCTCG	1
170	169	3	GTACTTTTGGGTACTTTTGCTCGT	1
171	170	3	TACTTTTGGGTACTTTTGCTCGTT	1
172	171	3	ACTTTTGGGTACTTTTGCTCGTTA	1
173	172	3	CTTTTGGGTACTTTTGCTCGTTAT	1
174	173	3	TTTTGGGTACTTTTGCTCGTTATG	1
175	174	3	TTTGGGTACTTTTGCTCGTTATGG	1
176	175	3	TTGGGTACTTTTGCTCGTTATGGA	1
177	176	3	TGGGTACTTTTGCTCGTTATGGAC	1
178	177	3	GGGTACTTTTGCTCGTTATGGACA	1
179	178	3	GGTACTTTTGCTCGTTATGGACAA	1
180	179	2	GTACTTTTGCTCGTTATGGACAAT	1
181	180	2	TACTTTTGCTCGTTATGGACAATC	1
182	181	2	ACTTTTGCTCGTTATGGACAATCT	1
183	182	2	CTTTTGCTCGTTATGGACAATCTA	1
184	183	2	TTTTGCTCGTTATGGACAATCTAA	1
185	184	2	TTTGCTCGTTATGGACAATCTAAG	1
186	185	2	TTGCTCGTTATGGACAATCTAAGT	1
187	186	3	TGCTCGTTATGGACAATCTAAGTA	1
188	187	3	GCTCGTTATGGACAATCTAAGTAT	1
189	188	3	CTCGTTATGGACAATCTAAGTATG	1
190	189	3	TCGTTATGGACAATCTAAGTATGC	1
191	190	3	CGTTATGGACAATCTAAGTATGCC	1
192	191	3	GTTATGGACAATCTAAGTATGCCC	1
193	192	3	TTATGGACAATCTAAGTATGCCCA	1
194	193	2	TATGGACAATCTAAGTATGCCCAG	1
195	194	2	ATGGACAATCTAAGTATGCCCAGA	1
196	195	2	TGGACAATCTAAGTATGCCCAGAT	1
197	196	2	GGACAATCTAAGTATGCCCAGATC	1
198	197	2	GACAATCTAAGTATGCCCAGATCC	1
199	198	2	ACAATCTAAGTATGCCCAGATCCT	1
200	199	2	CAATCTAAGTATGCCCAGATCCTT	1
201	200	2	AATCTAAGTATGCCCAGATCCTTT	1
202	201	1	ATCTAAGTATGCCCAGATCCTTTA	1
203	202	1	TCTAAGTATGCCCAGATCCTTTAT	1
204	203	1	CTAAGTATGCCCAGATCCTTTATT	1
205	204	1	TAAGTATGCCCAGATCCTTTATTC	1
206	205	1	AAGTATGCCCAGATCCTTTATTCC	1
207	206	1	AGTATGCCCAGATCCTTTATTCCA	1
208	207	1	GTATGCCCAGATCCTTTATTCCAT	1
209	208	1	TATGCCCAGATCCTTTATTCCATT	1
210	209	1	ATGCCCAGATCCTTTATTCCATTG	1
211	210	1	TGCCCAGATCCTTTATTCCATTGC	1
212	211	1	GCCCAGATCCTTTATTCCATTGCT	1
213	212	1	CCCAGATCCTTTATTCCATTGCTT	1
214	213	1	CCAGATCCTTTATTCCATTGCTTT	1
215	214	1	CAGATCCTTTATTCCATTGCTTTA	1
216	215	1	AGATCCTTTATTCCATTGCTTTAG	1
217	216	1	GATCCTTTATTCCATTGCTTTAGC	1
218	217	1	ATCCTTTATTCCATTGCTTTAGCC	1
219	218	1	TCCTTTATTCCATTGCTTTAGCCA	1
220	219	1	CCTTTATTCCATTGCTTTAGCCAA	1
221	220	1	CTTTATTCCATTGCTTTAGCCAAA	1
222	221	1	TTTATTCCATTGCTTTAGCCAAAC	1
223	222	1	TTATTCCATTGCTTTAGCCAAACG	1
224	223	1	TATTCCATTGCTTTAGCCAAACGT	1
225	224	1	ATTCCATTGCTTTAGCCAAACGTT	1
226	225	1	TTCCATTGCTTTAGCCAAACGTTT	1
227	226	1	TCCATTGCTTTAGCCAAACGTTTA	1
228	227	1	CCATTGCTTTAGCCAAACGTTTAG	1
229	228	1	CATTGCTTTAGCCAAACGTTTAGA	1
230	229	1	ATTGCTTTAGCCAAACGTTTAGAA	1
