Component 218
1	-1	0	AGGCGCTACCCAACCATTTCGAGG	1
2	1	1	GGCGCTACCCAACCATTTCGAGGT	1
3	2	1	GCGCTACCCAACCATTTCGAGGTT	1
4	3	1	CGCTACCCAACCATTTCGAGGTTT	1
5	4	1	GCTACCCAACCATTTCGAGGTTTA	1
6	5	2	CTACCCAACCATTTCGAGGTTTAT	1
7	6	2	TACCCAACCATTTCGAGGTTTATG	1
8	7	2	ACCCAACCATTTCGAGGTTTATGC	1
9	8	2	CCCAACCATTTCGAGGTTTATGCT	1
10	9	2	CCAACCATTTCGAGGTTTATGCTG	1
11	10	2	CAACCATTTCGAGGTTTATGCTGC	1
12	11	2	AACCATTTCGAGGTTTATGCTGCT	1
13	12	2	ACCATTTCGAGGTTTATGCTGCTT	1
14	13	2	CCATTTCGAGGTTTATGCTGCTTG	1
15	14	2	CATTTCGAGGTTTATGCTGCTTGG	1
16	15	2	ATTTCGAGGTTTATGCTGCTTGGG	1
17	16	2	TTTCGAGGTTTATGCTGCTTGGGA	1
18	17	2	TTCGAGGTTTATGCTGCTTGGGAG	1
19	18	2	TCGAGGTTTATGCTGCTTGGGAGC	1
20	19	2	CGAGGTTTATGCTGCTTGGGAGCG	1
21	20	2	GAGGTTTATGCTGCTTGGGAGCGC	1
22	21	2	AGGTTTATGCTGCTTGGGAGCGCC	1
23	22	2	GGTTTATGCTGCTTGGGAGCGCCG	1
24	23	2	GTTTATGCTGCTTGGGAGCGCCGT	1
25	24	2	TTTATGCTGCTTGGGAGCGCCGTG	1
26	25	2	TTATGCTGCTTGGGAGCGCCGTGC	1
27	26	2	TATGCTGCTTGGGAGCGCCGTGCT	1
28	27	2	ATGCTGCTTGGGAGCGCCGTGCTA	1
29	28	2	TGCTGCTTGGGAGCGCCGTGCTAC	1
30	29	2	GCTGCTTGGGAGCGCCGTGCTACC	1
31	30	2	CTGCTTGGGAGCGCCGTGCTACCA	1
32	31	2	TGCTTGGGAGCGCCGTGCTACCAG	1
33	32	2	GCTTGGGAGCGCCGTGCTACCAGC	1
34	33	3	CTTGGGAGCGCCGTGCTACCAGCA	1
35	34	3	TTGGGAGCGCCGTGCTACCAGCAC	1
36	35	3	TGGGAGCGCCGTGCTACCAGCACC	1
37	36	3	GGGAGCGCCGTGCTACCAGCACCG	1
38	37	3	GGAGCGCCGTGCTACCAGCACCGA	1
39	38	3	GAGCGCCGTGCTACCAGCACCGAA	1
40	39	3	AGCGCCGTGCTACCAGCACCGAAT	1
41	40	3	GCGCCGTGCTACCAGCACCGAATC	1
42	41	3	CGCCGTGCTACCAGCACCGAATCG	1
43	42	3	GCCGTGCTACCAGCACCGAATCGA	1
44	43	3	CCGTGCTACCAGCACCGAATCGAA	1
45	44	3	CGTGCTACCAGCACCGAATCGAAA	1
46	45	2	GTGCTACCAGCACCGAATCGAAAG	1
47	46	2	TGCTACCAGCACCGAATCGAAAGC	1
48	47	2	GCTACCAGCACCGAATCGAAAGCC	1
49	48	1	CTACCAGCACCGAATCGAAAGCCC	1
50	49	1	TACCAGCACCGAATCGAAAGCCCG	1
51	50	1	ACCAGCACCGAATCGAAAGCCCGC	1
52	51	1	CCAGCACCGAATCGAAAGCCCGCG	1
53	52	1	CAGCACCGAATCGAAAGCCCGCGC	1
54	53	1	AGCACCGAATCGAAAGCCCGCGCT	1
55	54	1	GCACCGAATCGAAAGCCCGCGCTG	1
56	55	1	CACCGAATCGAAAGCCCGCGCTGC	1
57	56	1	ACCGAATCGAAAGCCCGCGCTGCC	1
58	57	1	CCGAATCGAAAGCCCGCGCTGCCT	1
59	58	1	CGAATCGAAAGCCCGCGCTGCCTT	1
60	59	1	GAATCGAAAGCCCGCGCTGCCTTT	1
61	60	1	AATCGAAAGCCCGCGCTGCCTTTC	1
62	61	1	ATCGAAAGCCCGCGCTGCCTTTCC	1
63	62	1	TCGAAAGCCCGCGCTGCCTTTCCA	1
64	63	1	CGAAAGCCCGCGCTGCCTTTCCAA	1
65	64	1	GAAAGCCCGCGCTGCCTTTCCAAA	1
66	65	1	AAAGCCCGCGCTGCCTTTCCAAAC	1
67	66	1	AAGCCCGCGCTGCCTTTCCAAACG	1
68	67	2	AGCCCGCGCTGCCTTTCCAAACGT	1
69	68	2	GCCCGCGCTGCCTTTCCAAACGTA	1
70	69	3	CCCGCGCTGCCTTTCCAAACGTAA	1
71	70	3	CCGCGCTGCCTTTCCAAACGTAAA	1
72	71	3	CGCGCTGCCTTTCCAAACGTAAAG	1
73	72	3	GCGCTGCCTTTCCAAACGTAAAGG	1
74	73	3	CGCTGCCTTTCCAAACGTAAAGGT	1
75	74	3	GCTGCCTTTCCAAACGTAAAGGTG	1
76	75	3	CTGCCTTTCCAAACGTAAAGGTGT	1
77	76	3	TGCCTTTCCAAACGTAAAGGTGTA	1
78	77	2	GCCTTTCCAAACGTAAAGGTGTAC	1
79	78	2	CCTTTCCAAACGTAAAGGTGTACA	1
80	79	2	CTTTCCAAACGTAAAGGTGTACAC	1
81	80	3	TTTCCAAACGTAAAGGTGTACACC	1
82	81	3	TTCCAAACGTAAAGGTGTACACCA	1
83	82	3	TCCAAACGTAAAGGTGTACACCAA	1
84	83	3	CCAAACGTAAAGGTGTACACCAAA	1
85	84	3	CAAACGTAAAGGTGTACACCAAAC	1
86	85	3	AAACGTAAAGGTGTACACCAAACT	1
87	86	3	AACGTAAAGGTGTACACCAAACTC	1
88	87	3	ACGTAAAGGTGTACACCAAACTCG	1
89	88	3	CGTAAAGGTGTACACCAAACTCGA	1
90	89	3	GTAAAGGTGTACACCAAACTCGAC	1
91	90	3	TAAAGGTGTACACCAAACTCGACG	1
92	91	3	AAAGGTGTACACCAAACTCGACGA	1
93	92	3	AAGGTGTACACCAAACTCGACGAG	1
94	93	3	AGGTGTACACCAAACTCGACGAGC	1
95	94	3	GGTGTACACCAAACTCGACGAGCT	1
96	95	4	GTGTACACCAAACTCGACGAGCTC	1
97	96	5	TGTACACCAAACTCGACGAGCTCT	1
98	97	5	GTACACCAAACTCGACGAGCTCTT	1
99	98	5	TACACCAAACTCGACGAGCTCTTG	1
100	99	5	ACACCAAACTCGACGAGCTCTTGG	1
101	100	5	CACCAAACTCGACGAGCTCTTGGC	1
102	101	5	ACCAAACTCGACGAGCTCTTGGCT	1
103	102	5	CCAAACTCGACGAGCTCTTGGCTG	1
104	103	5	CAAACTCGACGAGCTCTTGGCTGA	1
105	104	5	AAACTCGACGAGCTCTTGGCTGAC	1
106	105	4	AACTCGACGAGCTCTTGGCTGACT	1
107	106	4	ACTCGACGAGCTCTTGGCTGACTC	1
108	107	4	CTCGACGAGCTCTTGGCTGACTCC	1
109	108	4	TCGACGAGCTCTTGGCTGACTCCA	1
110	109	4	CGACGAGCTCTTGGCTGACTCCAA	1
111	110	4	GACGAGCTCTTGGCTGACTCCAAC	1
112	111	3	ACGAGCTCTTGGCTGACTCCAACA	1
113	112	3	CGAGCTCTTGGCTGACTCCAACAT	1
114	113	3	GAGCTCTTGGCTGACTCCAACATC	1
115	114	3	AGCTCTTGGCTGACTCCAACATCG	1
116	115	3	GCTCTTGGCTGACTCCAACATCGA	1
117	116	3	CTCTTGGCTGACTCCAACATCGAA	1
118	117	3	TCTTGGCTGACTCCAACATCGAAT	1
119	118	3	CTTGGCTGACTCCAACATCGAATT	1
120	119	3	TTGGCTGACTCCAACATCGAATTA	1
121	120	3	TGGCTGACTCCAACATCGAATTAG	1
122	121	3	GGCTGACTCCAACATCGAATTAGT	1
123	122	3	GCTGACTCCAACATCGAATTAGTC	1
124	123	3	CTGACTCCAACATCGAATTAGTCG	1
125	124	2	TGACTCCAACATCGAATTAGTCGT	1
126	125	2	GACTCCAACATCGAATTAGTCGTC	1
127	126	2	ACTCCAACATCGAATTAGTCGTCA	1
128	127	2	CTCCAACATCGAATTAGTCGTCAT	1
129	128	2	TCCAACATCGAATTAGTCGTCATT	1
130	129	2	CCAACATCGAATTAGTCGTCATTT	1
131	130	2	CAACATCGAATTAGTCGTCATTTC	1
132	131	2	AACATCGAATTAGTCGTCATTTCA	1
133	132	2	ACATCGAATTAGTCGTCATTTCAC	1
134	133	2	CATCGAATTAGTCGTCATTTCACT	1
135	134	2	ATCGAATTAGTCGTCATTTCACTC	1
136	135	2	TCGAATTAGTCGTCATTTCACTCC	1
137	136	2	CGAATTAGTCGTCATTTCACTCCC	1
138	137	2	GAATTAGTCGTCATTTCACTCCCT	1
139	138	2	AATTAGTCGTCATTTCACTCCCTC	1
140	139	1	ATTAGTCGTCATTTCACTCCCTCC	1
141	-1	0	AACCAACTAGCTAGGTTGACATTA	1
142	141	1	ACCAACTAGCTAGGTTGACATTAG	1
143	142	1	CCAACTAGCTAGGTTGACATTAGA	1
144	143	1	CAACTAGCTAGGTTGACATTAGAA	1
145	144	2	AACTAGCTAGGTTGACATTAGAAT	1
146	145	2	ACTAGCTAGGTTGACATTAGAATC	1
147	146	2	CTAGCTAGGTTGACATTAGAATCC	1
148	147	2	TAGCTAGGTTGACATTAGAATCCA	1
149	148	2	AGCTAGGTTGACATTAGAATCCAT	1
150	149	2	GCTAGGTTGACATTAGAATCCATT	1
151	150	5	CTAGGTTGACATTAGAATCCATTG	1
152	151	5	TAGGTTGACATTAGAATCCATTGT	1
153	152	5	AGGTTGACATTAGAATCCATTGTG	1
154	153	5	GGTTGACATTAGAATCCATTGTGG	1
155	154	6	GTTGACATTAGAATCCATTGTGGT	1
156	155	6	TTGACATTAGAATCCATTGTGGTC	1
157	156	6	TGACATTAGAATCCATTGTGGTCC	1
158	157	6	GACATTAGAATCCATTGTGGTCCA	1
159	158	6	ACATTAGAATCCATTGTGGTCCAT	1
160	159	6	CATTAGAATCCATTGTGGTCCATA	1
161	160	6	ATTAGAATCCATTGTGGTCCATAG	1
162	161	6	TTAGAATCCATTGTGGTCCATAGG	1
163	162	7	TAGAATCCATTGTGGTCCATAGGA	1
164	163	7	AGAATCCATTGTGGTCCATAGGAA	1
165	164	7	GAATCCATTGTGGTCCATAGGAAA	1
166	165	8	AATCCATTGTGGTCCATAGGAAAC	1
167	166	8	ATCCATTGTGGTCCATAGGAAACA	1
168	167	7	TCCATTGTGGTCCATAGGAAACAA	1
169	168	7	CCATTGTGGTCCATAGGAAACAAG	1
170	169	7	CATTGTGGTCCATAGGAAACAAGC	1
171	170	7	ATTGTGGTCCATAGGAAACAAGCT	1
172	171	7	TTGTGGTCCATAGGAAACAAGCTT	1
173	172	7	TGTGGTCCATAGGAAACAAGCTTA	1
174	173	7	GTGGTCCATAGGAAACAAGCTTAA	1
175	174	7	TGGTCCATAGGAAACAAGCTTAAC	1
176	175	7	GGTCCATAGGAAACAAGCTTAACA	1
177	176	7	GTCCATAGGAAACAAGCTTAACAA	1
178	177	7	TCCATAGGAAACAAGCTTAACAAG	1
179	178	7	CCATAGGAAACAAGCTTAACAAGC	1
180	179	7	CATAGGAAACAAGCTTAACAAGCG	1
181	180	7	ATAGGAAACAAGCTTAACAAGCGG	1
182	181	7	TAGGAAACAAGCTTAACAAGCGGG	1
183	182	7	AGGAAACAAGCTTAACAAGCGGGC	1
184	183	7	GGAAACAAGCTTAACAAGCGGGCC	1
185	184	7	GAAACAAGCTTAACAAGCGGGCCG	1
186	185	6	AAACAAGCTTAACAAGCGGGCCGA	1
187	186	6	AACAAGCTTAACAAGCGGGCCGAC	1
188	187	6	ACAAGCTTAACAAGCGGGCCGACT	1
189	188	5	CAAGCTTAACAAGCGGGCCGACTG	1
190	189	5	AAGCTTAACAAGCGGGCCGACTGT	1
191	190	5	AGCTTAACAAGCGGGCCGACTGTA	1
192	191	5	GCTTAACAAGCGGGCCGACTGTAT	1
193	192	6	CTTAACAAGCGGGCCGACTGTATT	1
194	193	6	TTAACAAGCGGGCCGACTGTATTT	1
195	194	3	TAACAAGCGGGCCGACTGTATTTA	1
196	195	3	AACAAGCGGGCCGACTGTATTTAC	1
197	196	3	ACAAGCGGGCCGACTGTATTTACA	1
198	197	3	CAAGCGGGCCGACTGTATTTACAT	1
199	198	2	AAGCGGGCCGACTGTATTTACATT	1
200	199	2	AGCGGGCCGACTGTATTTACATTA	1
201	200	2	GCGGGCCGACTGTATTTACATTAT	1
202	201	2	CGGGCCGACTGTATTTACATTATA	1
203	202	2	GGGCCGACTGTATTTACATTATAT	1
204	203	2	GGCCGACTGTATTTACATTATATT	1
205	204	2	GCCGACTGTATTTACATTATATTT	1
206	205	2	CCGACTGTATTTACATTATATTTT	1
207	206	1	CGACTGTATTTACATTATATTTTA	1
208	207	1	GACTGTATTTACATTATATTTTAT	1
209	208	1	ACTGTATTTACATTATATTTTATT	1
