Component 219
1	-1	0	CTAAGATGCTTGGAAATGGACGTA	1
2	1	1	TAAGATGCTTGGAAATGGACGTAT	1
3	2	1	AAGATGCTTGGAAATGGACGTATT	1
4	3	1	AGATGCTTGGAAATGGACGTATTG	1
5	4	1	GATGCTTGGAAATGGACGTATTGA	1
6	5	1	ATGCTTGGAAATGGACGTATTGAG	1
7	6	1	TGCTTGGAAATGGACGTATTGAGG	1
8	7	1	GCTTGGAAATGGACGTATTGAGGC	1
9	8	1	CTTGGAAATGGACGTATTGAGGCT	1
10	9	1	TTGGAAATGGACGTATTGAGGCTG	1
11	10	1	TGGAAATGGACGTATTGAGGCTGC	1
12	11	1	GGAAATGGACGTATTGAGGCTGCT	1
13	12	1	GAAATGGACGTATTGAGGCTGCTT	1
14	13	1	AAATGGACGTATTGAGGCTGCTTG	1
15	14	1	AATGGACGTATTGAGGCTGCTTGC	1
16	15	1	ATGGACGTATTGAGGCTGCTTGCT	1
17	16	1	TGGACGTATTGAGGCTGCTTGCTT	1
18	17	1	GGACGTATTGAGGCTGCTTGCTTT	1
19	18	1	GACGTATTGAGGCTGCTTGCTTTG	1
20	19	1	ACGTATTGAGGCTGCTTGCTTTGA	1
21	20	1	CGTATTGAGGCTGCTTGCTTTGAC	1
22	21	1	GTATTGAGGCTGCTTGCTTTGACG	1
23	22	1	TATTGAGGCTGCTTGCTTTGACGG	1
24	23	1	ATTGAGGCTGCTTGCTTTGACGGT	1
25	24	1	TTGAGGCTGCTTGCTTTGACGGTG	1
26	25	1	TGAGGCTGCTTGCTTTGACGGTGT	1
27	26	1	GAGGCTGCTTGCTTTGACGGTGTC	1
28	27	1	AGGCTGCTTGCTTTGACGGTGTCA	1
29	28	1	GGCTGCTTGCTTTGACGGTGTCAA	1
30	29	1	GCTGCTTGCTTTGACGGTGTCAAG	1
31	30	1	CTGCTTGCTTTGACGGTGTCAAGC	1
32	31	1	TGCTTGCTTTGACGGTGTCAAGCG	1
33	32	1	GCTTGCTTTGACGGTGTCAAGCGA	1
34	33	1	CTTGCTTTGACGGTGTCAAGCGAT	1
35	34	1	TTGCTTTGACGGTGTCAAGCGATT	1
36	35	1	TGCTTTGACGGTGTCAAGCGATTA	1
37	36	1	GCTTTGACGGTGTCAAGCGATTAG	1
38	37	1	CTTTGACGGTGTCAAGCGATTAGG	1
39	38	2	TTTGACGGTGTCAAGCGATTAGGC	1
40	39	3	TTGACGGTGTCAAGCGATTAGGCC	1
41	40	3	TGACGGTGTCAAGCGATTAGGCCA	1
42	41	4	GACGGTGTCAAGCGATTAGGCCAC	1
43	42	4	ACGGTGTCAAGCGATTAGGCCACA	1
44	43	4	CGGTGTCAAGCGATTAGGCCACAT	1
45	44	4	GGTGTCAAGCGATTAGGCCACATT	1
46	45	3	GTGTCAAGCGATTAGGCCACATTC	1
47	46	3	TGTCAAGCGATTAGGCCACATTCG	1
48	47	3	GTCAAGCGATTAGGCCACATTCGT	1
49	48	3	TCAAGCGATTAGGCCACATTCGTG	1
50	49	3	CAAGCGATTAGGCCACATTCGTGG	1
51	50	3	AAGCGATTAGGCCACATTCGTGGA	1
52	51	3	AGCGATTAGGCCACATTCGTGGAA	1
53	52	3	GCGATTAGGCCACATTCGTGGAAA	1
54	53	3	CGATTAGGCCACATTCGTGGAAAA	1
55	54	3	GATTAGGCCACATTCGTGGAAAAT	1
56	55	3	ATTAGGCCACATTCGTGGAAAATT	1
57	56	3	TTAGGCCACATTCGTGGAAAATTA	1
58	57	3	TAGGCCACATTCGTGGAAAATTAA	1
59	58	3	AGGCCACATTCGTGGAAAATTAAG	1
60	59	3	GGCCACATTCGTGGAAAATTAAGA	1
61	60	3	GCCACATTCGTGGAAAATTAAGAA	1
62	61	3	CCACATTCGTGGAAAATTAAGAAA	1
63	62	3	CACATTCGTGGAAAATTAAGAAAG	1
64	63	3	ACATTCGTGGAAAATTAAGAAAGA	1
65	64	3	CATTCGTGGAAAATTAAGAAAGAA	1
66	65	4	ATTCGTGGAAAATTAAGAAAGAAA	1
67	66	4	TTCGTGGAAAATTAAGAAAGAAAG	1
68	67	4	TCGTGGAAAATTAAGAAAGAAAGT	1
69	68	4	CGTGGAAAATTAAGAAAGAAAGTC	1
70	69	4	GTGGAAAATTAAGAAAGAAAGTCT	1
71	70	4	TGGAAAATTAAGAAAGAAAGTCTG	1
72	71	4	GGAAAATTAAGAAAGAAAGTCTGG	1
73	72	4	GAAAATTAAGAAAGAAAGTCTGGA	1
74	73	4	AAAATTAAGAAAGAAAGTCTGGAT	1
75	74	4	AAATTAAGAAAGAAAGTCTGGATT	1
76	75	4	AATTAAGAAAGAAAGTCTGGATTA	1
77	76	4	ATTAAGAAAGAAAGTCTGGATTAA	1
78	77	4	TTAAGAAAGAAAGTCTGGATTAAT	1
79	78	4	TAAGAAAGAAAGTCTGGATTAATC	1
80	79	4	AAGAAAGAAAGTCTGGATTAATCA	1
81	80	4	AGAAAGAAAGTCTGGATTAATCAA	1
82	81	4	GAAAGAAAGTCTGGATTAATCAAG	1
83	82	3	AAAGAAAGTCTGGATTAATCAAGG	1
84	83	2	AAGAAAGTCTGGATTAATCAAGGT	1
85	84	2	AGAAAGTCTGGATTAATCAAGGTG	1
86	85	1	GAAAGTCTGGATTAATCAAGGTGA	1
87	86	4	AAAGTCTGGATTAATCAAGGTGAT	1
88	87	4	AAGTCTGGATTAATCAAGGTGATA	1
89	88	4	AGTCTGGATTAATCAAGGTGATAT	1
90	89	4	GTCTGGATTAATCAAGGTGATATA	1
91	90	4	TCTGGATTAATCAAGGTGATATAA	1
92	91	4	CTGGATTAATCAAGGTGATATAAT	1
93	92	4	TGGATTAATCAAGGTGATATAATT	1
94	93	4	GGATTAATCAAGGTGATATAATTT	1
95	94	4	GATTAATCAAGGTGATATAATTTT	1
96	95	4	ATTAATCAAGGTGATATAATTTTA	1
97	96	4	TTAATCAAGGTGATATAATTTTAT	1
98	97	4	TAATCAAGGTGATATAATTTTATT	1
99	98	4	AATCAAGGTGATATAATTTTATTG	1
100	99	4	ATCAAGGTGATATAATTTTATTGT	1
101	100	4	TCAAGGTGATATAATTTTATTGTC	1
102	101	4	CAAGGTGATATAATTTTATTGTCT	1
103	102	4	AAGGTGATATAATTTTATTGTCTC	1
104	103	3	AGGTGATATAATTTTATTGTCTCT	1
105	104	3	GGTGATATAATTTTATTGTCTCTC	1
106	105	3	GTGATATAATTTTATTGTCTCTCA	1
107	106	3	TGATATAATTTTATTGTCTCTCAG	1
108	107	3	GATATAATTTTATTGTCTCTCAGA	1
109	108	3	ATATAATTTTATTGTCTCTCAGAG	1
110	109	3	TATAATTTTATTGTCTCTCAGAGA	1
111	110	3	ATAATTTTATTGTCTCTCAGAGAA	1
112	111	3	TAATTTTATTGTCTCTCAGAGAAT	1
113	112	3	AATTTTATTGTCTCTCAGAGAATT	1
114	113	3	ATTTTATTGTCTCTCAGAGAATTT	1
115	114	4	TTTTATTGTCTCTCAGAGAATTTC	1
116	115	4	TTTATTGTCTCTCAGAGAATTTCA	1
117	116	4	TTATTGTCTCTCAGAGAATTTCAA	1
118	117	4	TATTGTCTCTCAGAGAATTTCAAG	1
119	118	4	ATTGTCTCTCAGAGAATTTCAAGA	1
120	119	4	TTGTCTCTCAGAGAATTTCAAGAT	1
121	120	4	TGTCTCTCAGAGAATTTCAAGATG	1
122	121	4	GTCTCTCAGAGAATTTCAAGATGA	1
123	122	4	TCTCTCAGAGAATTTCAAGATGAA	1
124	123	4	CTCTCAGAGAATTTCAAGATGAAA	1
125	124	4	TCTCAGAGAATTTCAAGATGAAAA	1
126	125	4	CTCAGAGAATTTCAAGATGAAAAA	1
127	126	4	TCAGAGAATTTCAAGATGAAAAAG	1
128	127	4	CAGAGAATTTCAAGATGAAAAAGG	1
129	128	4	AGAGAATTTCAAGATGAAAAAGGT	1
130	129	4	GAGAATTTCAAGATGAAAAAGGTG	1
131	130	1	AGAATTTCAAGATGAAAAAGGTGA	1
132	131	1	GAATTTCAAGATGAAAAAGGTGAT	1
133	132	1	AATTTCAAGATGAAAAAGGTGATG	1
134	133	1	ATTTCAAGATGAAAAAGGTGATGT	1
135	134	1	TTTCAAGATGAAAAAGGTGATGTT	1
136	135	1	TTCAAGATGAAAAAGGTGATGTTA	1
137	136	1	TCAAGATGAAAAAGGTGATGTTAT	1
138	137	1	CAAGATGAAAAAGGTGATGTTATT	1
139	138	1	AAGATGAAAAAGGTGATGTTATTT	1
140	139	1	AGATGAAAAAGGTGATGTTATTTT	1
141	140	1	GATGAAAAAGGTGATGTTATTTTG	1
142	141	1	ATGAAAAAGGTGATGTTATTTTGA	1
143	142	1	TGAAAAAGGTGATGTTATTTTGAA	1
144	143	1	GAAAAAGGTGATGTTATTTTGAAA	1
145	144	1	AAAAAGGTGATGTTATTTTGAAAT	1
146	145	1	AAAAGGTGATGTTATTTTGAAATA	1
147	146	1	AAAGGTGATGTTATTTTGAAATAT	1
148	147	1	AAGGTGATGTTATTTTGAAATATA	1
149	148	1	AGGTGATGTTATTTTGAAATATAC	1
150	149	1	GGTGATGTTATTTTGAAATATACT	1
151	150	1	GTGATGTTATTTTGAAATATACTG	1
152	151	1	TGATGTTATTTTGAAATATACTGC	1
153	152	1	GATGTTATTTTGAAATATACTGCT	1
154	153	1	ATGTTATTTTGAAATATACTGCTG	1
155	154	1	TGTTATTTTGAAATATACTGCTGA	1
156	155	1	GTTATTTTGAAATATACTGCTGAT	1
157	156	1	TTATTTTGAAATATACTGCTGATG	1
158	157	1	TATTTTGAAATATACTGCTGATGA	1
159	-1	0	GAATGCCCAAAAACAAAGGAAAAG	1
160	159	2	AATGCCCAAAAACAAAGGAAAAGG	1
161	160	2	ATGCCCAAAAACAAAGGAAAAGGT	1
162	161	2	TGCCCAAAAACAAAGGAAAAGGTG	1
163	162	2	GCCCAAAAACAAAGGAAAAGGTGG	1
164	163	2	CCCAAAAACAAAGGAAAAGGTGGT	1
165	164	3	CCAAAAACAAAGGAAAAGGTGGTA	1
166	165	4	CAAAAACAAAGGAAAAGGTGGTAA	1
167	166	6	AAAAACAAAGGAAAAGGTGGTAAA	1
168	167	6	AAAACAAAGGAAAAGGTGGTAAAA	1
169	168	7	AAACAAAGGAAAAGGTGGTAAAAA	1
170	169	7	AACAAAGGAAAAGGTGGTAAAAAT	1
171	170	7	ACAAAGGAAAAGGTGGTAAAAATC	1
172	171	8	CAAAGGAAAAGGTGGTAAAAATCG	1
173	172	8	AAAGGAAAAGGTGGTAAAAATCGT	1
174	173	8	AAGGAAAAGGTGGTAAAAATCGTC	1
175	174	8	AGGAAAAGGTGGTAAAAATCGTCG	1
176	175	8	GGAAAAGGTGGTAAAAATCGTCGT	1
177	176	8	GAAAAGGTGGTAAAAATCGTCGTC	1
178	177	8	AAAAGGTGGTAAAAATCGTCGTCG	1
179	178	8	AAAGGTGGTAAAAATCGTCGTCGT	1
180	179	8	AAGGTGGTAAAAATCGTCGTCGTG	1
181	180	8	AGGTGGTAAAAATCGTCGTCGTGG	1
182	181	8	GGTGGTAAAAATCGTCGTCGTGGA	1
183	182	8	GTGGTAAAAATCGTCGTCGTGGAA	1
184	183	8	TGGTAAAAATCGTCGTCGTGGAAA	1
185	184	8	GGTAAAAATCGTCGTCGTGGAAAA	1
186	185	8	GTAAAAATCGTCGTCGTGGAAAAA	1
187	186	8	TAAAAATCGTCGTCGTGGAAAAAA	1
188	187	8	AAAAATCGTCGTCGTGGAAAAAAC	1
189	188	8	AAAATCGTCGTCGTGGAAAAAACG	1
190	189	8	AAATCGTCGTCGTGGAAAAAACGA	1
191	190	7	AATCGTCGTCGTGGAAAAAACGAA	1
192	191	7	ATCGTCGTCGTGGAAAAAACGAAA	1
193	192	7	TCGTCGTCGTGGAAAAAACGAAAA	1
194	193	7	CGTCGTCGTGGAAAAAACGAAAAC	1
195	194	7	GTCGTCGTGGAAAAAACGAAAACG	1
196	195	7	TCGTCGTGGAAAAAACGAAAACGA	1
197	196	7	CGTCGTGGAAAAAACGAAAACGAA	1
198	197	7	GTCGTGGAAAAAACGAAAACGAAA	1
199	198	7	TCGTGGAAAAAACGAAAACGAAAA	1
200	199	7	CGTGGAAAAAACGAAAACGAAAAT	1
201	200	6	GTGGAAAAAACGAAAACGAAAATG	1
202	201	6	TGGAAAAAACGAAAACGAAAATGA	1
203	202	6	GGAAAAAACGAAAACGAAAATGAA	1
204	203	5	GAAAAAACGAAAACGAAAATGAAA	1
205	204	5	AAAAAACGAAAACGAAAATGAAAA	1
206	205	5	AAAAACGAAAACGAAAATGAAAAG	1
207	206	5	AAAACGAAAACGAAAATGAAAAGC	1
208	207	5	AAACGAAAACGAAAATGAAAAGCG	1
209	208	5	AACGAAAACGAAAATGAAAAGCGT	1
210	209	4	ACGAAAACGAAAATGAAAAGCGTG	1
211	210	2	CGAAAACGAAAATGAAAAGCGTGA	1
212	211	2	GAAAACGAAAATGAAAAGCGTGAA	1
213	212	1	AAAACGAAAATGAAAAGCGTGAAT	1
214	213	1	AAACGAAAATGAAAAGCGTGAATT	1
215	214	1	AACGAAAATGAAAAGCGTGAATTA	1
