Component 221
1	-1	0	AATTTTTTTTAAATTTAATCGTTG	1
2	1	1	ATTTTTTTTAAATTTAATCGTTGT	1
3	2	1	TTTTTTTTAAATTTAATCGTTGTC	1
4	3	1	TTTTTTTAAATTTAATCGTTGTCG	1
5	4	3	TTTTTTAAATTTAATCGTTGTCGT	1
6	5	3	TTTTTAAATTTAATCGTTGTCGTT	1
7	6	3	TTTTAAATTTAATCGTTGTCGTTC	1
8	7	3	TTTAAATTTAATCGTTGTCGTTCT	1
9	8	3	TTAAATTTAATCGTTGTCGTTCTG	1
10	9	3	TAAATTTAATCGTTGTCGTTCTGC	1
11	10	3	AAATTTAATCGTTGTCGTTCTGCA	1
12	11	3	AATTTAATCGTTGTCGTTCTGCAA	1
13	12	3	ATTTAATCGTTGTCGTTCTGCAAT	1
14	13	3	TTTAATCGTTGTCGTTCTGCAATA	1
15	14	3	TTAATCGTTGTCGTTCTGCAATAT	1
16	15	3	TAATCGTTGTCGTTCTGCAATATT	1
17	16	3	AATCGTTGTCGTTCTGCAATATTC	1
18	17	3	ATCGTTGTCGTTCTGCAATATTCG	1
19	18	3	TCGTTGTCGTTCTGCAATATTCGT	1
20	19	3	CGTTGTCGTTCTGCAATATTCGTT	1
21	20	3	GTTGTCGTTCTGCAATATTCGTTA	1
22	21	3	TTGTCGTTCTGCAATATTCGTTAA	1
23	22	3	TGTCGTTCTGCAATATTCGTTAAT	1
24	23	3	GTCGTTCTGCAATATTCGTTAATA	1
25	24	3	TCGTTCTGCAATATTCGTTAATAT	1
26	25	3	CGTTCTGCAATATTCGTTAATATC	1
27	26	3	GTTCTGCAATATTCGTTAATATCT	1
28	27	4	TTCTGCAATATTCGTTAATATCTT	1
29	28	4	TCTGCAATATTCGTTAATATCTTA	1
30	29	4	CTGCAATATTCGTTAATATCTTAT	1
31	30	7	TGCAATATTCGTTAATATCTTATA	1
32	31	7	GCAATATTCGTTAATATCTTATAA	1
33	32	8	CAATATTCGTTAATATCTTATAAT	1
34	33	11	AATATTCGTTAATATCTTATAATT	1
35	34	11	ATATTCGTTAATATCTTATAATTT	1
36	35	11	TATTCGTTAATATCTTATAATTTC	1
37	36	11	ATTCGTTAATATCTTATAATTTCG	1
38	37	12	TTCGTTAATATCTTATAATTTCGA	1
39	38	12	TCGTTAATATCTTATAATTTCGAA	1
40	39	12	CGTTAATATCTTATAATTTCGAAG	1
41	40	13	GTTAATATCTTATAATTTCGAAGA	1
42	41	13	TTAATATCTTATAATTTCGAAGAG	1
43	42	13	TAATATCTTATAATTTCGAAGAGG	1
44	43	13	AATATCTTATAATTTCGAAGAGGA	1
45	44	13	ATATCTTATAATTTCGAAGAGGAC	1
46	45	12	TATCTTATAATTTCGAAGAGGACA	1
47	46	11	ATCTTATAATTTCGAAGAGGACAT	1
48	47	11	TCTTATAATTTCGAAGAGGACATC	1
49	48	10	CTTATAATTTCGAAGAGGACATCG	1
50	49	11	TTATAATTTCGAAGAGGACATCGG	1
51	50	11	TATAATTTCGAAGAGGACATCGGT	1
52	51	11	ATAATTTCGAAGAGGACATCGGTT	1
53	52	11	TAATTTCGAAGAGGACATCGGTTA	1
54	53	11	AATTTCGAAGAGGACATCGGTTAA	1
55	54	11	ATTTCGAAGAGGACATCGGTTAAA	1
56	55	11	TTTCGAAGAGGACATCGGTTAAAC	1
57	56	12	TTCGAAGAGGACATCGGTTAAACA	1
58	57	12	TCGAAGAGGACATCGGTTAAACAG	1
59	58	12	CGAAGAGGACATCGGTTAAACAGT	1
60	59	12	GAAGAGGACATCGGTTAAACAGTT	1
61	60	12	AAGAGGACATCGGTTAAACAGTTG	1
62	61	12	AGAGGACATCGGTTAAACAGTTGT	1
63	62	12	GAGGACATCGGTTAAACAGTTGTC	1
64	63	12	AGGACATCGGTTAAACAGTTGTCT	1
65	64	12	GGACATCGGTTAAACAGTTGTCTG	1
66	65	12	GACATCGGTTAAACAGTTGTCTGC	1
67	66	12	ACATCGGTTAAACAGTTGTCTGCT	1
68	67	12	CATCGGTTAAACAGTTGTCTGCTT	1
69	68	13	ATCGGTTAAACAGTTGTCTGCTTT	1
70	69	13	TCGGTTAAACAGTTGTCTGCTTTT	1
71	70	13	CGGTTAAACAGTTGTCTGCTTTTT	1
72	71	12	GGTTAAACAGTTGTCTGCTTTTTT	1
73	72	12	GTTAAACAGTTGTCTGCTTTTTTT	1
74	73	12	TTAAACAGTTGTCTGCTTTTTTTA	1
75	74	9	TAAACAGTTGTCTGCTTTTTTTAT	1
76	75	9	AAACAGTTGTCTGCTTTTTTTATA	1
77	76	9	AACAGTTGTCTGCTTTTTTTATAA	1
78	77	6	ACAGTTGTCTGCTTTTTTTATAAT	1
79	78	6	CAGTTGTCTGCTTTTTTTATAATT	1
80	79	6	AGTTGTCTGCTTTTTTTATAATTT	1
81	80	6	GTTGTCTGCTTTTTTTATAATTTT	1
82	81	5	TTGTCTGCTTTTTTTATAATTTTA	1
83	82	5	TGTCTGCTTTTTTTATAATTTTAT	1
84	83	5	GTCTGCTTTTTTTATAATTTTATA	1
85	84	4	TCTGCTTTTTTTATAATTTTATAA	1
86	85	4	CTGCTTTTTTTATAATTTTATAAC	1
87	86	4	TGCTTTTTTTATAATTTTATAACA	1
88	87	4	GCTTTTTTTATAATTTTATAACAT	1
89	88	4	CTTTTTTTATAATTTTATAACATT	1
90	89	4	TTTTTTTATAATTTTATAACATTA	1
91	90	5	TTTTTTATAATTTTATAACATTAA	1
92	91	5	TTTTTATAATTTTATAACATTAAT	1
93	92	5	TTTTATAATTTTATAACATTAATC	1
94	93	4	TTTATAATTTTATAACATTAATCA	1
95	94	4	TTATAATTTTATAACATTAATCAC	1
96	95	4	TATAATTTTATAACATTAATCACA	1
97	96	4	ATAATTTTATAACATTAATCACAA	1
98	97	4	TAATTTTATAACATTAATCACAAA	1
99	98	4	AATTTTATAACATTAATCACAAAT	1
100	99	4	ATTTTATAACATTAATCACAAATT	1
101	100	3	TTTTATAACATTAATCACAAATTT	1
102	101	3	TTTATAACATTAATCACAAATTTT	1
103	102	3	TTATAACATTAATCACAAATTTTA	1
104	103	3	TATAACATTAATCACAAATTTTAA	1
105	104	2	ATAACATTAATCACAAATTTTAAT	1
106	105	2	TAACATTAATCACAAATTTTAATC	1
107	106	2	AACATTAATCACAAATTTTAATCA	1
108	107	2	ACATTAATCACAAATTTTAATCAT	1
109	108	2	CATTAATCACAAATTTTAATCATG	1
110	109	2	ATTAATCACAAATTTTAATCATGA	1
111	110	2	TTAATCACAAATTTTAATCATGAA	1
112	111	2	TAATCACAAATTTTAATCATGAAG	1
113	112	2	AATCACAAATTTTAATCATGAAGT	1
114	113	2	ATCACAAATTTTAATCATGAAGTT	1
115	114	2	TCACAAATTTTAATCATGAAGTTT	1
116	115	2	CACAAATTTTAATCATGAAGTTTT	1
117	116	2	ACAAATTTTAATCATGAAGTTTTT	1
118	117	2	CAAATTTTAATCATGAAGTTTTTC	1
119	118	3	AAATTTTAATCATGAAGTTTTTCT	1
120	119	3	AATTTTAATCATGAAGTTTTTCTG	1
121	120	2	ATTTTAATCATGAAGTTTTTCTGG	1
122	121	2	TTTTAATCATGAAGTTTTTCTGGG	1
123	122	3	TTTAATCATGAAGTTTTTCTGGGT	1
124	123	4	TTAATCATGAAGTTTTTCTGGGTC	1
125	124	4	TAATCATGAAGTTTTTCTGGGTCT	1
126	125	4	AATCATGAAGTTTTTCTGGGTCTC	1
127	126	4	ATCATGAAGTTTTTCTGGGTCTCA	1
128	127	4	TCATGAAGTTTTTCTGGGTCTCAT	1
129	128	4	CATGAAGTTTTTCTGGGTCTCATC	1
130	129	4	ATGAAGTTTTTCTGGGTCTCATCG	1
131	130	4	TGAAGTTTTTCTGGGTCTCATCGT	1
132	131	4	GAAGTTTTTCTGGGTCTCATCGTT	1
133	132	4	AAGTTTTTCTGGGTCTCATCGTTA	1
134	133	4	AGTTTTTCTGGGTCTCATCGTTAT	1
135	134	3	GTTTTTCTGGGTCTCATCGTTATT	1
136	135	3	TTTTTCTGGGTCTCATCGTTATTA	1
137	136	4	TTTTCTGGGTCTCATCGTTATTAG	1
138	137	4	TTTCTGGGTCTCATCGTTATTAGG	1
139	138	4	TTCTGGGTCTCATCGTTATTAGGA	1
140	139	4	TCTGGGTCTCATCGTTATTAGGAT	1
141	140	4	CTGGGTCTCATCGTTATTAGGATT	1
142	141	4	TGGGTCTCATCGTTATTAGGATTG	1
143	142	4	GGGTCTCATCGTTATTAGGATTGC	1
144	143	4	GGTCTCATCGTTATTAGGATTGCT	1
145	144	4	GTCTCATCGTTATTAGGATTGCTT	1
146	145	4	TCTCATCGTTATTAGGATTGCTTG	1
147	146	4	CTCATCGTTATTAGGATTGCTTGG	1
148	147	4	TCATCGTTATTAGGATTGCTTGGT	1
149	148	4	CATCGTTATTAGGATTGCTTGGTC	1
150	149	4	ATCGTTATTAGGATTGCTTGGTCT	1
151	150	4	TCGTTATTAGGATTGCTTGGTCTT	1
152	151	4	CGTTATTAGGATTGCTTGGTCTTT	1
153	152	4	GTTATTAGGATTGCTTGGTCTTTC	1
154	153	4	TTATTAGGATTGCTTGGTCTTTCA	1
155	154	4	TATTAGGATTGCTTGGTCTTTCAA	1
156	155	4	ATTAGGATTGCTTGGTCTTTCAAC	1
157	156	4	TTAGGATTGCTTGGTCTTTCAACT	1
158	157	4	TAGGATTGCTTGGTCTTTCAACTG	1
159	158	4	AGGATTGCTTGGTCTTTCAACTGC	1
160	159	4	GGATTGCTTGGTCTTTCAACTGCT	1
161	160	4	GATTGCTTGGTCTTTCAACTGCTA	1
162	161	4	ATTGCTTGGTCTTTCAACTGCTAT	1
163	162	3	TTGCTTGGTCTTTCAACTGCTATT	1
164	163	3	TGCTTGGTCTTTCAACTGCTATTC	1
165	164	3	GCTTGGTCTTTCAACTGCTATTCC	1
166	165	3	CTTGGTCTTTCAACTGCTATTCCA	1
167	166	2	TTGGTCTTTCAACTGCTATTCCAC	1
168	167	1	TGGTCTTTCAACTGCTATTCCACT	1
169	168	1	GGTCTTTCAACTGCTATTCCACTT	1
170	169	1	GTCTTTCAACTGCTATTCCACTTA	1
171	170	1	TCTTTCAACTGCTATTCCACTTAG	1
172	171	1	CTTTCAACTGCTATTCCACTTAGT	1
173	172	2	TTTCAACTGCTATTCCACTTAGTA	1
174	173	2	TTCAACTGCTATTCCACTTAGTAC	1
175	174	2	TCAACTGCTATTCCACTTAGTACC	1
176	175	2	CAACTGCTATTCCACTTAGTACCG	1
177	176	2	AACTGCTATTCCACTTAGTACCGA	1
178	177	2	ACTGCTATTCCACTTAGTACCGAA	1
179	178	2	CTGCTATTCCACTTAGTACCGAAG	1
180	179	2	TGCTATTCCACTTAGTACCGAAGC	1
181	180	2	GCTATTCCACTTAGTACCGAAGCT	1
182	181	2	CTATTCCACTTAGTACCGAAGCTG	1
183	182	3	TATTCCACTTAGTACCGAAGCTGA	1
184	183	3	ATTCCACTTAGTACCGAAGCTGAT	1
185	184	3	TTCCACTTAGTACCGAAGCTGATG	1
186	185	4	TCCACTTAGTACCGAAGCTGATGC	1
187	186	4	CCACTTAGTACCGAAGCTGATGCT	1
188	187	4	CACTTAGTACCGAAGCTGATGCTT	1
189	188	4	ACTTAGTACCGAAGCTGATGCTTT	1
190	189	4	CTTAGTACCGAAGCTGATGCTTTA	1
191	190	4	TTAGTACCGAAGCTGATGCTTTAC	1
192	191	4	TAGTACCGAAGCTGATGCTTTACT	1
193	192	4	AGTACCGAAGCTGATGCTTTACTA	1
194	193	4	GTACCGAAGCTGATGCTTTACTAG	1
195	194	4	TACCGAAGCTGATGCTTTACTAGA	1
196	195	4	ACCGAAGCTGATGCTTTACTAGAC	1
197	196	5	CCGAAGCTGATGCTTTACTAGACA	1
198	197	5	CGAAGCTGATGCTTTACTAGACAG	1
199	198	6	GAAGCTGATGCTTTACTAGACAGA	1
200	199	6	AAGCTGATGCTTTACTAGACAGAA	1
201	200	6	AGCTGATGCTTTACTAGACAGAAA	1
202	201	6	GCTGATGCTTTACTAGACAGAAAG	1
203	202	6	CTGATGCTTTACTAGACAGAAAGA	1
204	203	7	TGATGCTTTACTAGACAGAAAGAC	1
205	204	7	GATGCTTTACTAGACAGAAAGACT	1
206	205	7	ATGCTTTACTAGACAGAAAGACTA	1
207	206	8	TGCTTTACTAGACAGAAAGACTAT	1
208	207	9	GCTTTACTAGACAGAAAGACTATT	1
209	208	9	CTTTACTAGACAGAAAGACTATTT	1
210	209	10	TTTACTAGACAGAAAGACTATTTA	1
211	210	10	TTACTAGACAGAAAGACTATTTAT	1
212	211	11	TACTAGACAGAAAGACTATTTATT	1
213	212	11	ACTAGACAGAAAGACTATTTATTT	1
214	213	11	CTAGACAGAAAGACTATTTATTTC	1
215	214	11	TAGACAGAAAGACTATTTATTTCG	1
216	215	11	AGACAGAAAGACTATTTATTTCGG	1
217	216	10	GACAGAAAGACTATTTATTTCGGA	1
218	217	9	ACAGAAAGACTATTTATTTCGGAA	1
219	218	9	CAGAAAGACTATTTATTTCGGAAT	1
220	219	10	AGAAAGACTATTTATTTCGGAATG	1
221	220	10	GAAAGACTATTTATTTCGGAATGA	1
222	221	10	AAAGACTATTTATTTCGGAATGAA	1
223	222	10	AAGACTATTTATTTCGGAATGAAG	1
224	223	10	AGACTATTTATTTCGGAATGAAGG	1
225	224	9	GACTATTTATTTCGGAATGAAGGC	1
226	225	9	ACTATTTATTTCGGAATGAAGGCC	1
227	226	9	CTATTTATTTCGGAATGAAGGCCT	1
228	227	9	TATTTATTTCGGAATGAAGGCCTA	1
229	228	9	ATTTATTTCGGAATGAAGGCCTAC	1
230	229	8	TTTATTTCGGAATGAAGGCCTACG	1
231	230	8	TTATTTCGGAATGAAGGCCTACGA	1
232	231	8	TATTTCGGAATGAAGGCCTACGAT	1
233	232	8	ATTTCGGAATGAAGGCCTACGATG	1
234	233	8	TTTCGGAATGAAGGCCTACGATGA	1
235	234	10	TTCGGAATGAAGGCCTACGATGAT	1
236	235	10	TCGGAATGAAGGCCTACGATGATG	1
237	236	10	CGGAATGAAGGCCTACGATGATGT	1
238	237	10	GGAATGAAGGCCTACGATGATGTT	1
239	238	10	GAATGAAGGCCTACGATGATGTTA	1
240	239	10	AATGAAGGCCTACGATGATGTTAA	1
241	240	9	ATGAAGGCCTACGATGATGTTAAC	1
242	241	9	TGAAGGCCTACGATGATGTTAACT	1
243	242	9	GAAGGCCTACGATGATGTTAACTG	1
244	243	10	AAGGCCTACGATGATGTTAACTGC	1
245	244	10	AGGCCTACGATGATGTTAACTGCA	1
246	245	10	GGCCTACGATGATGTTAACTGCAA	1
247	246	10	GCCTACGATGATGTTAACTGCAAG	1
248	247	9	CCTACGATGATGTTAACTGCAAGG	1
249	248	9	CTACGATGATGTTAACTGCAAGGG	1
250	249	9	TACGATGATGTTAACTGCAAGGGA	1
251	250	7	ACGATGATGTTAACTGCAAGGGAT	1
252	251	7	CGATGATGTTAACTGCAAGGGATC	1
253	252	7	GATGATGTTAACTGCAAGGGATCT	1
254	253	6	ATGATGTTAACTGCAAGGGATCTA	1
255	254	6	TGATGTTAACTGCAAGGGATCTAC	1
256	255	5	GATGTTAACTGCAAGGGATCTACC	1
257	256	5	ATGTTAACTGCAAGGGATCTACCT	1
258	257	6	TGTTAACTGCAAGGGATCTACCTC	1
259	258	6	GTTAACTGCAAGGGATCTACCTCT	1
260	259	6	TTAACTGCAAGGGATCTACCTCTT	1
261	260	6	TAACTGCAAGGGATCTACCTCTTA	1
262	261	6	AACTGCAAGGGATCTACCTCTTAT	1
263	262	6	ACTGCAAGGGATCTACCTCTTATA	1
264	263	6	CTGCAAGGGATCTACCTCTTATAC	1
265	264	6	TGCAAGGGATCTACCTCTTATACC	1
266	265	6	GCAAGGGATCTACCTCTTATACCA	1
267	266	7	CAAGGGATCTACCTCTTATACCAT	1
268	267	9	AAGGGATCTACCTCTTATACCATT	1
269	268	9	AGGGATCTACCTCTTATACCATTT	1
270	269	9	GGGATCTACCTCTTATACCATTTC	1
271	270	12	GGATCTACCTCTTATACCATTTCC	1
272	271	12	GATCTACCTCTTATACCATTTCCT	1
273	272	12	ATCTACCTCTTATACCATTTCCTT	1
274	273	12	TCTACCTCTTATACCATTTCCTTC	1
275	274	12	CTACCTCTTATACCATTTCCTTCA	1
276	275	12	TACCTCTTATACCATTTCCTTCAA	1
277	276	12	ACCTCTTATACCATTTCCTTCAAC	1
278	277	12	CCTCTTATACCATTTCCTTCAACA	1
279	278	10	CTCTTATACCATTTCCTTCAACAA	1
280	279	10	TCTTATACCATTTCCTTCAACAAA	1
281	280	11	CTTATACCATTTCCTTCAACAAAT	1
282	281	11	TTATACCATTTCCTTCAACAAATG	1
283	282	11	TATACCATTTCCTTCAACAAATGC	1
284	283	11	ATACCATTTCCTTCAACAAATGCC	1
285	284	11	TACCATTTCCTTCAACAAATGCCA	1
286	285	11	ACCATTTCCTTCAACAAATGCCAG	1
287	286	10	CCATTTCCTTCAACAAATGCCAGG	1
288	287	9	CATTTCCTTCAACAAATGCCAGGC	1
289	288	10	ATTTCCTTCAACAAATGCCAGGCA	1
290	289	10	TTTCCTTCAACAAATGCCAGGCAT	1
291	290	10	TTCCTTCAACAAATGCCAGGCATA	1
292	291	10	TCCTTCAACAAATGCCAGGCATAT	1
293	292	10	CCTTCAACAAATGCCAGGCATATC	1
294	293	11	CTTCAACAAATGCCAGGCATATCC	1
295	294	11	TTCAACAAATGCCAGGCATATCCT	1
296	295	11	TCAACAAATGCCAGGCATATCCTA	1
297	296	11	CAACAAATGCCAGGCATATCCTAA	1
298	297	11	AACAAATGCCAGGCATATCCTAAT	1
299	298	11	ACAAATGCCAGGCATATCCTAATA	1
300	299	11	CAAATGCCAGGCATATCCTAATAT	1
301	300	11	AAATGCCAGGCATATCCTAATATT	1
302	301	11	AATGCCAGGCATATCCTAATATTA	1
303	302	11	ATGCCAGGCATATCCTAATATTAA	1
304	303	12	TGCCAGGCATATCCTAATATTAAT	1
305	304	12	GCCAGGCATATCCTAATATTAATT	1
306	305	12	CCAGGCATATCCTAATATTAATTC	1
307	306	12	CAGGCATATCCTAATATTAATTCC	1
308	307	12	AGGCATATCCTAATATTAATTCCA	1
309	308	12	GGCATATCCTAATATTAATTCCAT	1
310	309	12	GCATATCCTAATATTAATTCCATT	1
311	310	11	CATATCCTAATATTAATTCCATTA	1
312	311	9	ATATCCTAATATTAATTCCATTAA	1
313	312	9	TATCCTAATATTAATTCCATTAAT	1
314	313	9	ATCCTAATATTAATTCCATTAATG	1
315	314	7	TCCTAATATTAATTCCATTAATGC	1
316	315	7	CCTAATATTAATTCCATTAATGCC	1
317	316	7	CTAATATTAATTCCATTAATGCCC	1
318	317	7	TAATATTAATTCCATTAATGCCCT	1
319	318	7	AATATTAATTCCATTAATGCCCTC	1
320	319	7	ATATTAATTCCATTAATGCCCTCA	1
321	320	7	TATTAATTCCATTAATGCCCTCAC	1
322	321	7	ATTAATTCCATTAATGCCCTCACT	1
323	322	7	TTAATTCCATTAATGCCCTCACTG	1
324	323	7	TAATTCCATTAATGCCCTCACTGA	1
325	324	6	AATTCCATTAATGCCCTCACTGAT	1
326	325	6	ATTCCATTAATGCCCTCACTGATG	1
327	326	6	TTCCATTAATGCCCTCACTGATGG	1
328	327	6	TCCATTAATGCCCTCACTGATGGC	1
329	328	6	CCATTAATGCCCTCACTGATGGCG	1
330	329	6	CATTAATGCCCTCACTGATGGCGC	1
331	330	6	ATTAATGCCCTCACTGATGGCGCT	1
332	331	6	TTAATGCCCTCACTGATGGCGCTG	1
333	332	5	TAATGCCCTCACTGATGGCGCTGT	1
334	333	5	AATGCCCTCACTGATGGCGCTGTT	1
335	334	5	ATGCCCTCACTGATGGCGCTGTTT	1
336	335	5	TGCCCTCACTGATGGCGCTGTTTG	1
337	336	5	GCCCTCACTGATGGCGCTGTTTGT	1
338	337	4	CCCTCACTGATGGCGCTGTTTGTA	1
339	338	4	CCTCACTGATGGCGCTGTTTGTAC	1
340	339	3	CTCACTGATGGCGCTGTTTGTACC	1
341	340	3	TCACTGATGGCGCTGTTTGTACCG	1
342	341	3	CACTGATGGCGCTGTTTGTACCGT	1
343	342	3	ACTGATGGCGCTGTTTGTACCGTT	1
344	343	3	CTGATGGCGCTGTTTGTACCGTTT	1
345	344	3	TGATGGCGCTGTTTGTACCGTTTA	1
346	345	3	GATGGCGCTGTTTGTACCGTTTAT	1
347	346	3	ATGGCGCTGTTTGTACCGTTTATG	1
348	347	2	TGGCGCTGTTTGTACCGTTTATGT	1
349	348	2	GGCGCTGTTTGTACCGTTTATGTT	1
350	349	2	GCGCTGTTTGTACCGTTTATGTTT	1
351	350	3	CGCTGTTTGTACCGTTTATGTTTA	1
352	351	2	GCTGTTTGTACCGTTTATGTTTAT	1
353	352	2	CTGTTTGTACCGTTTATGTTTATT	1
354	353	2	TGTTTGTACCGTTTATGTTTATTC	1
355	354	3	GTTTGTACCGTTTATGTTTATTCC	1
356	355	3	TTTGTACCGTTTATGTTTATTCCA	1
357	356	3	TTGTACCGTTTATGTTTATTCCAG	1
358	357	3	TGTACCGTTTATGTTTATTCCAGC	1
359	358	2	GTACCGTTTATGTTTATTCCAGCA	1
360	359	2	TACCGTTTATGTTTATTCCAGCAA	1
361	360	2	ACCGTTTATGTTTATTCCAGCAAT	1
362	361	2	CCGTTTATGTTTATTCCAGCAATA	1
363	362	2	CGTTTATGTTTATTCCAGCAATAA	1
364	363	2	GTTTATGTTTATTCCAGCAATAAC	1
365	364	2	TTTATGTTTATTCCAGCAATAACT	1
366	365	2	TTATGTTTATTCCAGCAATAACTG	1
367	366	2	TATGTTTATTCCAGCAATAACTGC	1
368	367	2	ATGTTTATTCCAGCAATAACTGCA	1
369	368	2	TGTTTATTCCAGCAATAACTGCAC	1
370	369	2	GTTTATTCCAGCAATAACTGCACT	1
371	370	2	TTTATTCCAGCAATAACTGCACTG	1
372	371	2	TTATTCCAGCAATAACTGCACTGG	1
373	372	2	TATTCCAGCAATAACTGCACTGGA	1
374	373	2	ATTCCAGCAATAACTGCACTGGAG	1
375	374	2	TTCCAGCAATAACTGCACTGGAGA	1
376	375	2	TCCAGCAATAACTGCACTGGAGAA	1
377	376	2	CCAGCAATAACTGCACTGGAGAAC	1
378	377	2	CAGCAATAACTGCACTGGAGAACC	1
379	378	2	AGCAATAACTGCACTGGAGAACCT	1
380	379	2	GCAATAACTGCACTGGAGAACCTG	1
381	380	2	CAATAACTGCACTGGAGAACCTGT	1
382	381	2	AATAACTGCACTGGAGAACCTGTT	1
383	382	2	ATAACTGCACTGGAGAACCTGTTT	1
384	383	2	TAACTGCACTGGAGAACCTGTTTT	1
385	384	2	AACTGCACTGGAGAACCTGTTTTC	1
386	385	2	ACTGCACTGGAGAACCTGTTTTCC	1
387	386	2	CTGCACTGGAGAACCTGTTTTCCA	1
388	387	2	TGCACTGGAGAACCTGTTTTCCAA	1
389	388	2	GCACTGGAGAACCTGTTTTCCAAA	1
390	389	2	CACTGGAGAACCTGTTTTCCAAAC	1
391	390	2	ACTGGAGAACCTGTTTTCCAAACT	1
392	391	2	CTGGAGAACCTGTTTTCCAAACTG	1
393	392	2	TGGAGAACCTGTTTTCCAAACTGA	1
394	393	2	GGAGAACCTGTTTTCCAAACTGAT	1
395	394	1	GAGAACCTGTTTTCCAAACTGATT	1
396	395	1	AGAACCTGTTTTCCAAACTGATTC	1
397	396	1	GAACCTGTTTTCCAAACTGATTCC	1
398	397	1	AACCTGTTTTCCAAACTGATTCCG	1
399	-1	0	GATTCCGATGGTATTGAATGCATC	1
400	399	5	ATTCCGATGGTATTGAATGCATCA	1
401	400	6	TTCCGATGGTATTGAATGCATCAA	1
402	401	6	TCCGATGGTATTGAATGCATCAAT	1
403	402	7	CCGATGGTATTGAATGCATCAATG	1
404	403	7	CGATGGTATTGAATGCATCAATGT	1
405	404	7	GATGGTATTGAATGCATCAATGTT	1
406	405	7	ATGGTATTGAATGCATCAATGTTG	1
407	406	7	TGGTATTGAATGCATCAATGTTGA	1
408	407	7	GGTATTGAATGCATCAATGTTGAT	1
409	408	7	GTATTGAATGCATCAATGTTGATG	1
410	409	7	TATTGAATGCATCAATGTTGATGC	1
411	410	7	ATTGAATGCATCAATGTTGATGCT	1
412	411	7	TTGAATGCATCAATGTTGATGCTT	1
413	412	7	TGAATGCATCAATGTTGATGCTTT	1
414	413	7	GAATGCATCAATGTTGATGCTTTT	1
415	414	7	AATGCATCAATGTTGATGCTTTTG	1
416	415	7	ATGCATCAATGTTGATGCTTTTGA	1
417	416	7	TGCATCAATGTTGATGCTTTTGAA	1
418	417	7	GCATCAATGTTGATGCTTTTGAAA	1
419	418	7	CATCAATGTTGATGCTTTTGAAAC	1
420	419	7	ATCAATGTTGATGCTTTTGAAACC	1
421	420	7	TCAATGTTGATGCTTTTGAAACCG	1
422	421	7	CAATGTTGATGCTTTTGAAACCGG	1
423	422	7	AATGTTGATGCTTTTGAAACCGGT	1
424	423	7	ATGTTGATGCTTTTGAAACCGGTT	1
425	424	7	TGTTGATGCTTTTGAAACCGGTTC	1
426	425	7	GTTGATGCTTTTGAAACCGGTTCT	1
427	426	7	TTGATGCTTTTGAAACCGGTTCTT	1
428	427	7	TGATGCTTTTGAAACCGGTTCTTG	1
429	428	7	GATGCTTTTGAAACCGGTTCTTGG	1
430	429	7	ATGCTTTTGAAACCGGTTCTTGGA	1
431	430	7	TGCTTTTGAAACCGGTTCTTGGAA	1
432	431	7	GCTTTTGAAACCGGTTCTTGGAAA	1
433	432	7	CTTTTGAAACCGGTTCTTGGAAAT	1
434	433	7	TTTTGAAACCGGTTCTTGGAAATT	1
435	434	7	TTTGAAACCGGTTCTTGGAAATTC	1
436	435	7	TTGAAACCGGTTCTTGGAAATTCA	1
437	436	7	TGAAACCGGTTCTTGGAAATTCAA	1
438	437	7	GAAACCGGTTCTTGGAAATTCAAA	1
439	438	7	AAACCGGTTCTTGGAAATTCAAAT	1
440	439	7	AACCGGTTCTTGGAAATTCAAATG	1
441	440	7	ACCGGTTCTTGGAAATTCAAATGC	1
442	441	7	CCGGTTCTTGGAAATTCAAATGCT	1
443	442	7	CGGTTCTTGGAAATTCAAATGCTA	1
444	443	2	GGTTCTTGGAAATTCAAATGCTAG	1
445	444	1	GTTCTTGGAAATTCAAATGCTAGA	1
446	445	1	TTCTTGGAAATTCAAATGCTAGAG	1
