Component 228
1	48	19	TAACGGACGCAACAAGCACGGCCG	1
2	1	2	AACGGACGCAACAAGCACGGCCGC	1
3	2	2	ACGGACGCAACAAGCACGGCCGCG	1
4	3	2	CGGACGCAACAAGCACGGCCGCGG	1
5	4	2	GGACGCAACAAGCACGGCCGCGGA	1
6	5	2	GACGCAACAAGCACGGCCGCGGAC	1
7	6	2	ACGCAACAAGCACGGCCGCGGACA	1
8	7	2	CGCAACAAGCACGGCCGCGGACAC	1
9	8	2	GCAACAAGCACGGCCGCGGACACG	1
10	9	2	CAACAAGCACGGCCGCGGACACGT	1
11	10	2	AACAAGCACGGCCGCGGACACGTT	1
12	11	2	ACAAGCACGGCCGCGGACACGTTA	1
13	12	2	CAAGCACGGCCGCGGACACGTTAA	1
14	13	2	AAGCACGGCCGCGGACACGTTAAA	1
15	14	2	AGCACGGCCGCGGACACGTTAAAT	1
16	15	2	GCACGGCCGCGGACACGTTAAATT	1
17	16	1	CACGGCCGCGGACACGTTAAATTC	1
18	17	1	ACGGCCGCGGACACGTTAAATTCG	1
19	18	1	CGGCCGCGGACACGTTAAATTCGT	1
20	19	1	GGCCGCGGACACGTTAAATTCGTT	1
21	20	1	GCCGCGGACACGTTAAATTCGTTC	1
22	21	1	CCGCGGACACGTTAAATTCGTTCG	1
23	22	1	CGCGGACACGTTAAATTCGTTCGC	1
24	23	1	GCGGACACGTTAAATTCGTTCGCT	1
25	24	1	CGGACACGTTAAATTCGTTCGCTG	1
26	72	23	GGACACGTTAAATTCGTTCGCTGC	1
26	25	1	GGACACGTTAAATTCGTTCGCTGC	1
27	-1	0	CCATGACTCAGAAGAGAAGAAATA	1
28	27	1	CATGACTCAGAAGAGAAGAAATAA	1
29	28	2	ATGACTCAGAAGAGAAGAAATAAC	1
30	29	2	TGACTCAGAAGAGAAGAAATAACG	1
31	30	2	GACTCAGAAGAGAAGAAATAACGG	1
32	31	2	ACTCAGAAGAGAAGAAATAACGGA	1
33	32	3	CTCAGAAGAGAAGAAATAACGGAC	1
34	33	6	TCAGAAGAGAAGAAATAACGGACG	1
35	34	7	CAGAAGAGAAGAAATAACGGACGC	1
36	35	8	AGAAGAGAAGAAATAACGGACGCA	1
37	36	10	GAAGAGAAGAAATAACGGACGCAA	1
38	37	11	AAGAGAAGAAATAACGGACGCAAC	1
39	38	12	AGAGAAGAAATAACGGACGCAACA	1
40	39	12	GAGAAGAAATAACGGACGCAACAA	1
41	40	12	AGAAGAAATAACGGACGCAACAAG	1
42	41	14	GAAGAAATAACGGACGCAACAAGC	1
43	42	15	AAGAAATAACGGACGCAACAAGCA	1
44	43	16	AGAAATAACGGACGCAACAAGCAC	1
45	44	16	GAAATAACGGACGCAACAAGCACG	1
46	45	18	AAATAACGGACGCAACAAGCACGG	1
47	46	19	AATAACGGACGCAACAAGCACGGC	1
48	47	19	ATAACGGACGCAACAAGCACGGCC	1
49	1	17	AACGGACGCAACAAGCACGGCCGT	1
50	49	19	ACGGACGCAACAAGCACGGCCGTG	1
51	50	19	CGGACGCAACAAGCACGGCCGTGG	1
52	51	21	GGACGCAACAAGCACGGCCGTGGA	1
53	52	21	GACGCAACAAGCACGGCCGTGGAC	1
54	53	21	ACGCAACAAGCACGGCCGTGGACA	1
55	54	21	CGCAACAAGCACGGCCGTGGACAC	1
56	55	21	GCAACAAGCACGGCCGTGGACACG	1
57	56	22	CAACAAGCACGGCCGTGGACACGT	1
58	57	22	AACAAGCACGGCCGTGGACACGTT	1
59	58	23	ACAAGCACGGCCGTGGACACGTTA	1
60	59	23	CAAGCACGGCCGTGGACACGTTAA	1
61	60	23	AAGCACGGCCGTGGACACGTTAAA	1
62	61	23	AGCACGGCCGTGGACACGTTAAAT	1
63	62	23	GCACGGCCGTGGACACGTTAAATT	1
64	63	23	CACGGCCGTGGACACGTTAAATTC	1
65	64	23	ACGGCCGTGGACACGTTAAATTCG	1
66	65	23	CGGCCGTGGACACGTTAAATTCGT	1
67	66	24	GGCCGTGGACACGTTAAATTCGTT	1
68	67	24	GCCGTGGACACGTTAAATTCGTTC	1
69	68	24	CCGTGGACACGTTAAATTCGTTCG	1
70	69	24	CGTGGACACGTTAAATTCGTTCGC	1
71	70	23	GTGGACACGTTAAATTCGTTCGCT	1
72	71	23	TGGACACGTTAAATTCGTTCGCTG	1
73	26	25	GACACGTTAAATTCGTTCGCTGCA	1
74	73	25	ACACGTTAAATTCGTTCGCTGCAT	1
75	74	24	CACGTTAAATTCGTTCGCTGCATC	1
76	75	21	ACGTTAAATTCGTTCGCTGCATCA	1
77	76	20	CGTTAAATTCGTTCGCTGCATCAA	1
78	77	19	GTTAAATTCGTTCGCTGCATCAAC	1
79	78	17	TTAAATTCGTTCGCTGCATCAACT	1
80	79	16	TAAATTCGTTCGCTGCATCAACTG	1
81	80	15	AAATTCGTTCGCTGCATCAACTGC	1
82	81	15	AATTCGTTCGCTGCATCAACTGCA	1
83	82	14	ATTCGTTCGCTGCATCAACTGCAG	1
84	83	12	TTCGTTCGCTGCATCAACTGCAGC	1
85	84	10	TCGTTCGCTGCATCAACTGCAGCC	1
86	85	10	CGTTCGCTGCATCAACTGCAGCCG	1
87	86	10	GTTCGCTGCATCAACTGCAGCCGC	1
88	87	7	TTCGCTGCATCAACTGCAGCCGCG	1
89	88	6	TCGCTGCATCAACTGCAGCCGCGC	1
90	89	6	CGCTGCATCAACTGCAGCCGCGCT	1
91	90	6	GCTGCATCAACTGCAGCCGCGCTG	1
92	91	6	CTGCATCAACTGCAGCCGCGCTGT	1
93	92	4	TGCATCAACTGCAGCCGCGCTGTC	1
94	93	4	GCATCAACTGCAGCCGCGCTGTCC	1
95	94	2	CATCAACTGCAGCCGCGCTGTCCC	1
96	95	2	ATCAACTGCAGCCGCGCTGTCCCC	1
97	96	2	TCAACTGCAGCCGCGCTGTCCCCA	1
98	97	2	CAACTGCAGCCGCGCTGTCCCCAA	1
99	98	2	AACTGCAGCCGCGCTGTCCCCAAG	1
100	99	2	ACTGCAGCCGCGCTGTCCCCAAGG	1
101	100	2	CTGCAGCCGCGCTGTCCCCAAGGA	1
102	101	2	TGCAGCCGCGCTGTCCCCAAGGAC	1
103	102	2	GCAGCCGCGCTGTCCCCAAGGACA	1
104	103	2	CAGCCGCGCTGTCCCCAAGGACAA	1
105	104	3	AGCCGCGCTGTCCCCAAGGACAAA	1
106	105	3	GCCGCGCTGTCCCCAAGGACAAAG	1
107	106	3	CCGCGCTGTCCCCAAGGACAAAGC	1
108	107	3	CGCGCTGTCCCCAAGGACAAAGCC	1
109	108	3	GCGCTGTCCCCAAGGACAAAGCCA	1
110	109	2	CGCTGTCCCCAAGGACAAAGCCAT	1
111	110	2	GCTGTCCCCAAGGACAAAGCCATT	1
112	111	2	CTGTCCCCAAGGACAAAGCCATTA	1
113	112	2	TGTCCCCAAGGACAAAGCCATTAA	1
114	113	2	GTCCCCAAGGACAAAGCCATTAAG	1
115	114	2	TCCCCAAGGACAAAGCCATTAAGC	1
116	115	2	CCCCAAGGACAAAGCCATTAAGCG	1
117	116	1	CCCAAGGACAAAGCCATTAAGCGC	1
118	117	1	CCAAGGACAAAGCCATTAAGCGCT	1
119	118	1	CAAGGACAAAGCCATTAAGCGCTG	1
120	119	1	AAGGACAAAGCCATTAAGCGCTGG	1
121	120	1	AGGACAAAGCCATTAAGCGCTGGA	1
122	121	1	GGACAAAGCCATTAAGCGCTGGAC	1
123	122	1	GACAAAGCCATTAAGCGCTGGACT	1
124	123	1	ACAAAGCCATTAAGCGCTGGACTA	1
125	124	1	CAAAGCCATTAAGCGCTGGACTAT	1
126	125	1	AAAGCCATTAAGCGCTGGACTATC	1
127	126	1	AAGCCATTAAGCGCTGGACTATCC	1
128	127	1	AGCCATTAAGCGCTGGACTATCCG	1
129	128	1	GCCATTAAGCGCTGGACTATCCGT	1
130	129	1	CCATTAAGCGCTGGACTATCCGTA	1
131	130	1	CATTAAGCGCTGGACTATCCGTAA	1
132	131	1	ATTAAGCGCTGGACTATCCGTAAC	1
133	132	1	TTAAGCGCTGGACTATCCGTAACA	1
134	133	1	TAAGCGCTGGACTATCCGTAACAT	1
135	134	1	AAGCGCTGGACTATCCGTAACATG	1
136	135	1	AGCGCTGGACTATCCGTAACATGG	1
137	136	1	GCGCTGGACTATCCGTAACATGGT	1
138	137	1	CGCTGGACTATCCGTAACATGGTT	1
139	138	1	GCTGGACTATCCGTAACATGGTTG	1
140	139	4	CTGGACTATCCGTAACATGGTTGA	1
141	140	4	TGGACTATCCGTAACATGGTTGAA	1
142	141	4	GGACTATCCGTAACATGGTTGAAA	1
143	142	4	GACTATCCGTAACATGGTTGAAAC	1
144	143	5	ACTATCCGTAACATGGTTGAAACT	1
145	144	5	CTATCCGTAACATGGTTGAAACTG	1
146	145	5	TATCCGTAACATGGTTGAAACTGC	1
147	146	5	ATCCGTAACATGGTTGAAACTGCC	1
148	147	5	TCCGTAACATGGTTGAAACTGCCG	1
149	148	4	CCGTAACATGGTTGAAACTGCCGC	1
150	149	4	CGTAACATGGTTGAAACTGCCGCC	1
151	150	4	GTAACATGGTTGAAACTGCCGCCA	1
152	151	5	TAACATGGTTGAAACTGCCGCCAT	1
153	152	5	AACATGGTTGAAACTGCCGCCATT	1
154	153	5	ACATGGTTGAAACTGCCGCCATTC	1
155	154	5	CATGGTTGAAACTGCCGCCATTCG	1
156	155	5	ATGGTTGAAACTGCCGCCATTCGT	1
157	156	5	TGGTTGAAACTGCCGCCATTCGTG	1
158	157	5	GGTTGAAACTGCCGCCATTCGTGA	1
159	158	6	GTTGAAACTGCCGCCATTCGTGAC	1
160	159	6	TTGAAACTGCCGCCATTCGTGACT	1
161	160	6	TGAAACTGCCGCCATTCGTGACTT	1
162	161	6	GAAACTGCCGCCATTCGTGACTTG	1
163	162	6	AAACTGCCGCCATTCGTGACTTGT	1
164	163	7	AACTGCCGCCATTCGTGACTTGTC	1
165	164	7	ACTGCCGCCATTCGTGACTTGTCT	1
166	165	7	CTGCCGCCATTCGTGACTTGTCTG	1
167	166	7	TGCCGCCATTCGTGACTTGTCTGA	1
168	167	7	GCCGCCATTCGTGACTTGTCTGAG	1
169	168	7	CCGCCATTCGTGACTTGTCTGAGG	1
170	169	7	CGCCATTCGTGACTTGTCTGAGGC	1
171	170	7	GCCATTCGTGACTTGTCTGAGGCT	1
172	171	7	CCATTCGTGACTTGTCTGAGGCTT	1
173	172	7	CATTCGTGACTTGTCTGAGGCTTC	1
174	173	7	ATTCGTGACTTGTCTGAGGCTTCC	1
175	174	7	TTCGTGACTTGTCTGAGGCTTCCG	1
176	175	7	TCGTGACTTGTCTGAGGCTTCCGT	1
177	176	7	CGTGACTTGTCTGAGGCTTCCGTT	1
178	177	7	GTGACTTGTCTGAGGCTTCCGTTT	1
179	178	7	TGACTTGTCTGAGGCTTCCGTTTA	1
180	179	7	GACTTGTCTGAGGCTTCCGTTTAC	1
181	180	7	ACTTGTCTGAGGCTTCCGTTTACA	1
182	181	7	CTTGTCTGAGGCTTCCGTTTACAG	1
183	182	7	TTGTCTGAGGCTTCCGTTTACAGC	1
184	183	4	TGTCTGAGGCTTCCGTTTACAGCG	1
185	184	5	GTCTGAGGCTTCCGTTTACAGCGA	1
186	185	5	TCTGAGGCTTCCGTTTACAGCGAG	1
187	186	5	CTGAGGCTTCCGTTTACAGCGAGT	1
188	187	4	TGAGGCTTCCGTTTACAGCGAGTA	1
189	188	4	GAGGCTTCCGTTTACAGCGAGTAC	1
190	189	4	AGGCTTCCGTTTACAGCGAGTACA	1
191	190	4	GGCTTCCGTTTACAGCGAGTACAC	1
192	191	4	GCTTCCGTTTACAGCGAGTACACC	1
193	192	4	CTTCCGTTTACAGCGAGTACACCA	1
194	193	4	TTCCGTTTACAGCGAGTACACCAT	1
195	194	4	TCCGTTTACAGCGAGTACACCATC	1
196	195	3	CCGTTTACAGCGAGTACACCATCC	1
197	196	3	CGTTTACAGCGAGTACACCATCCC	1
198	197	2	GTTTACAGCGAGTACACCATCCCC	1
199	198	2	TTTACAGCGAGTACACCATCCCCA	1
200	199	2	TTACAGCGAGTACACCATCCCCAA	1
201	200	2	TACAGCGAGTACACCATCCCCAAG	1
202	201	2	ACAGCGAGTACACCATCCCCAAGT	1
203	202	2	CAGCGAGTACACCATCCCCAAGTT	1
204	203	2	AGCGAGTACACCATCCCCAAGTTG	1
205	204	3	GCGAGTACACCATCCCCAAGTTGT	1
206	205	4	CGAGTACACCATCCCCAAGTTGTA	1
207	206	5	GAGTACACCATCCCCAAGTTGTAC	1
208	207	5	AGTACACCATCCCCAAGTTGTACA	1
209	208	5	GTACACCATCCCCAAGTTGTACAT	1
210	209	5	TACACCATCCCCAAGTTGTACATC	1
211	210	5	ACACCATCCCCAAGTTGTACATCA	1
212	211	5	CACCATCCCCAAGTTGTACATCAA	1
213	212	6	ACCATCCCCAAGTTGTACATCAAG	1
214	213	6	CCATCCCCAAGTTGTACATCAAGT	1
215	214	6	CATCCCCAAGTTGTACATCAAGTT	1
216	215	6	ATCCCCAAGTTGTACATCAAGTTG	1
217	216	6	TCCCCAAGTTGTACATCAAGTTGC	1
218	217	6	CCCCAAGTTGTACATCAAGTTGCA	1
219	218	6	CCCAAGTTGTACATCAAGTTGCAA	1
220	219	6	CCAAGTTGTACATCAAGTTGCAAT	1
221	220	8	CAAGTTGTACATCAAGTTGCAATA	1
222	221	8	AAGTTGTACATCAAGTTGCAATAT	1
223	222	8	AGTTGTACATCAAGTTGCAATATT	1
224	223	8	GTTGTACATCAAGTTGCAATATTG	1
225	224	8	TTGTACATCAAGTTGCAATATTGT	1
226	225	8	TGTACATCAAGTTGCAATATTGTG	1
227	226	8	GTACATCAAGTTGCAATATTGTGT	1
228	227	8	TACATCAAGTTGCAATATTGTGTC	1
229	228	7	ACATCAAGTTGCAATATTGTGTCT	1
230	229	7	CATCAAGTTGCAATATTGTGTCTC	1
231	230	7	ATCAAGTTGCAATATTGTGTCTCT	1
232	231	6	TCAAGTTGCAATATTGTGTCTCTT	1
233	232	6	CAAGTTGCAATATTGTGTCTCTTG	1
234	233	6	AAGTTGCAATATTGTGTCTCTTGC	1
235	234	6	AGTTGCAATATTGTGTCTCTTGCG	1
236	235	6	GTTGCAATATTGTGTCTCTTGCGC	1
237	236	6	TTGCAATATTGTGTCTCTTGCGCT	1
238	237	6	TGCAATATTGTGTCTCTTGCGCTA	1
239	238	6	GCAATATTGTGTCTCTTGCGCTAT	1
240	239	6	CAATATTGTGTCTCTTGCGCTATT	1
241	240	6	AATATTGTGTCTCTTGCGCTATTC	1
242	241	6	ATATTGTGTCTCTTGCGCTATTCA	1
243	242	5	TATTGTGTCTCTTGCGCTATTCAC	1
244	243	4	ATTGTGTCTCTTGCGCTATTCACT	1
245	244	4	TTGTGTCTCTTGCGCTATTCACTC	1
246	245	5	TGTGTCTCTTGCGCTATTCACTCT	1
247	246	5	GTGTCTCTTGCGCTATTCACTCTC	1
248	247	6	TGTCTCTTGCGCTATTCACTCTCG	1
249	248	7	GTCTCTTGCGCTATTCACTCTCGT	1
250	249	6	TCTCTTGCGCTATTCACTCTCGTG	1
251	250	6	CTCTTGCGCTATTCACTCTCGTGT	1
252	251	7	TCTTGCGCTATTCACTCTCGTGTG	1
253	252	7	CTTGCGCTATTCACTCTCGTGTGG	1
254	253	11	TTGCGCTATTCACTCTCGTGTGGT	1
255	254	12	TGCGCTATTCACTCTCGTGTGGTC	1
256	255	12	GCGCTATTCACTCTCGTGTGGTCC	1
257	256	11	CGCTATTCACTCTCGTGTGGTCCG	1
258	257	11	GCTATTCACTCTCGTGTGGTCCGT	1
259	258	12	CTATTCACTCTCGTGTGGTCCGTG	1
260	259	13	TATTCACTCTCGTGTGGTCCGTGT	1
261	260	13	ATTCACTCTCGTGTGGTCCGTGTT	1
262	261	13	TTCACTCTCGTGTGGTCCGTGTTC	1
263	262	14	TCACTCTCGTGTGGTCCGTGTTCG	1
264	263	14	CACTCTCGTGTGGTCCGTGTTCGC	1
265	264	13	ACTCTCGTGTGGTCCGTGTTCGCT	1
266	265	14	CTCTCGTGTGGTCCGTGTTCGCTC	1
267	266	14	TCTCGTGTGGTCCGTGTTCGCTCT	1
268	267	13	CTCGTGTGGTCCGTGTTCGCTCTC	1
269	268	14	TCGTGTGGTCCGTGTTCGCTCTCG	1
270	269	14	CGTGTGGTCCGTGTTCGCTCTCGC	1
271	270	14	GTGTGGTCCGTGTTCGCTCTCGCG	1
272	271	14	TGTGGTCCGTGTTCGCTCTCGCGA	1
273	272	14	GTGGTCCGTGTTCGCTCTCGCGAG	1
274	273	14	TGGTCCGTGTTCGCTCTCGCGAGG	1
275	274	14	GGTCCGTGTTCGCTCTCGCGAGGG	1
276	275	14	GTCCGTGTTCGCTCTCGCGAGGGA	1
277	276	14	TCCGTGTTCGCTCTCGCGAGGGAC	1
278	277	15	CCGTGTTCGCTCTCGCGAGGGACG	1
279	278	15	CGTGTTCGCTCTCGCGAGGGACGT	1
280	279	15	GTGTTCGCTCTCGCGAGGGACGTC	1
281	280	15	TGTTCGCTCTCGCGAGGGACGTCG	1
282	281	15	GTTCGCTCTCGCGAGGGACGTCGT	1
283	282	16	TTCGCTCTCGCGAGGGACGTCGTA	1
284	283	16	TCGCTCTCGCGAGGGACGTCGTAT	1
285	284	16	CGCTCTCGCGAGGGACGTCGTATT	1
286	285	16	GCTCTCGCGAGGGACGTCGTATTC	1
287	286	16	CTCTCGCGAGGGACGTCGTATTCG	1
288	287	16	TCTCGCGAGGGACGTCGTATTCGT	1
289	288	16	CTCGCGAGGGACGTCGTATTCGTA	1
290	289	15	TCGCGAGGGACGTCGTATTCGTAC	1
291	290	15	CGCGAGGGACGTCGTATTCGTACA	1
292	291	14	GCGAGGGACGTCGTATTCGTACAC	1
293	292	14	CGAGGGACGTCGTATTCGTACACC	1
294	293	15	GAGGGACGTCGTATTCGTACACCT	1
295	294	14	AGGGACGTCGTATTCGTACACCTC	1
296	295	13	GGGACGTCGTATTCGTACACCTCC	1
297	296	10	GGACGTCGTATTCGTACACCTCCT	1
298	297	7	GACGTCGTATTCGTACACCTCCTC	1
299	298	6	ACGTCGTATTCGTACACCTCCTCC	1
300	299	6	CGTCGTATTCGTACACCTCCTCCC	1
301	300	6	GTCGTATTCGTACACCTCCTCCCC	1
302	301	6	TCGTATTCGTACACCTCCTCCCCG	1
303	302	6	CGTATTCGTACACCTCCTCCCCGT	1
304	303	5	GTATTCGTACACCTCCTCCCCGTG	1
305	304	5	TATTCGTACACCTCCTCCCCGTGT	1
306	305	5	ATTCGTACACCTCCTCCCCGTGTA	1
307	306	4	TTCGTACACCTCCTCCCCGTGTAC	1
308	307	4	TCGTACACCTCCTCCCCGTGTACG	1
309	308	4	CGTACACCTCCTCCCCGTGTACGC	1
310	309	3	GTACACCTCCTCCCCGTGTACGCT	1
311	310	3	TACACCTCCTCCCCGTGTACGCTA	1
312	311	3	ACACCTCCTCCCCGTGTACGCTAC	1
313	312	2	CACCTCCTCCCCGTGTACGCTACA	1
314	313	2	ACCTCCTCCCCGTGTACGCTACAA	1
315	314	2	CCTCCTCCCCGTGTACGCTACAAC	1
316	315	2	CTCCTCCCCGTGTACGCTACAACC	1
317	316	2	TCCTCCCCGTGTACGCTACAACCG	1
318	317	2	CCTCCCCGTGTACGCTACAACCGC	1
319	318	2	CTCCCCGTGTACGCTACAACCGCG	1
320	319	2	TCCCCGTGTACGCTACAACCGCGA	1
321	320	2	CCCCGTGTACGCTACAACCGCGAT	1
322	321	2	CCCGTGTACGCTACAACCGCGATG	1
323	322	2	CCGTGTACGCTACAACCGCGATGG	1
324	323	2	CGTGTACGCTACAACCGCGATGGC	1
325	324	3	GTGTACGCTACAACCGCGATGGCA	1
326	325	3	TGTACGCTACAACCGCGATGGCAA	1
327	326	2	GTACGCTACAACCGCGATGGCAAG	1
328	327	2	TACGCTACAACCGCGATGGCAAGA	1
329	328	2	ACGCTACAACCGCGATGGCAAGAA	1
330	329	2	CGCTACAACCGCGATGGCAAGAAG	1
331	330	3	GCTACAACCGCGATGGCAAGAAGG	1
332	331	3	CTACAACCGCGATGGCAAGAAGGT	1
333	332	3	TACAACCGCGATGGCAAGAAGGTT	1
334	333	4	ACAACCGCGATGGCAAGAAGGTTA	1
335	334	4	CAACCGCGATGGCAAGAAGGTTAA	1
336	335	4	AACCGCGATGGCAAGAAGGTTAAC	1
337	336	4	ACCGCGATGGCAAGAAGGTTAACC	1
338	337	3	CCGCGATGGCAAGAAGGTTAACCC	1
339	338	3	CGCGATGGCAAGAAGGTTAACCCT	1
340	339	3	GCGATGGCAAGAAGGTTAACCCTA	1
341	340	3	CGATGGCAAGAAGGTTAACCCTAC	1
342	341	3	GATGGCAAGAAGGTTAACCCTACT	1
343	342	3	ATGGCAAGAAGGTTAACCCTACTG	1
344	343	3	TGGCAAGAAGGTTAACCCTACTGC	1
345	344	3	GGCAAGAAGGTTAACCCTACTGCC	1
346	345	4	GCAAGAAGGTTAACCCTACTGCCG	1
347	346	4	CAAGAAGGTTAACCCTACTGCCGT	1
348	347	4	AAGAAGGTTAACCCTACTGCCGTT	1
349	348	4	AGAAGGTTAACCCTACTGCCGTTG	1
350	349	4	GAAGGTTAACCCTACTGCCGTTGC	1
351	350	4	AAGGTTAACCCTACTGCCGTTGCC	1
352	351	4	AGGTTAACCCTACTGCCGTTGCCA	1
353	352	4	GGTTAACCCTACTGCCGTTGCCAA	1
354	353	4	GTTAACCCTACTGCCGTTGCCAAA	1
355	354	4	TTAACCCTACTGCCGTTGCCAAAA	1
356	355	5	TAACCCTACTGCCGTTGCCAAAAA	1
357	356	6	AACCCTACTGCCGTTGCCAAAAAT	1
358	357	6	ACCCTACTGCCGTTGCCAAAAATT	1
359	358	6	CCCTACTGCCGTTGCCAAAAATTT	1
360	359	6	CCTACTGCCGTTGCCAAAAATTTG	1
361	360	6	CTACTGCCGTTGCCAAAAATTTGT	1
362	361	6	TACTGCCGTTGCCAAAAATTTGTA	1
363	362	6	ACTGCCGTTGCCAAAAATTTGTAG	1
364	363	6	CTGCCGTTGCCAAAAATTTGTAGA	1
365	364	6	TGCCGTTGCCAAAAATTTGTAGAT	1
366	365	6	GCCGTTGCCAAAAATTTGTAGATA	1
367	366	6	CCGTTGCCAAAAATTTGTAGATAA	1
368	367	6	CGTTGCCAAAAATTTGTAGATAAT	1
369	368	5	GTTGCCAAAAATTTGTAGATAATG	1
370	369	5	TTGCCAAAAATTTGTAGATAATGA	1
371	370	5	TGCCAAAAATTTGTAGATAATGAC	1
372	371	5	GCCAAAAATTTGTAGATAATGACA	1
373	372	5	CCAAAAATTTGTAGATAATGACAA	1
374	373	5	CAAAAATTTGTAGATAATGACAAC	1
375	374	4	AAAAATTTGTAGATAATGACAACG	1
376	375	4	AAAATTTGTAGATAATGACAACGT	1
377	376	4	AAATTTGTAGATAATGACAACGTA	1
378	377	3	AATTTGTAGATAATGACAACGTAA	1
379	378	3	ATTTGTAGATAATGACAACGTAAC	1
380	379	3	TTTGTAGATAATGACAACGTAACG	1
381	380	3	TTGTAGATAATGACAACGTAACGT	1
382	381	3	TGTAGATAATGACAACGTAACGTC	1
383	382	3	GTAGATAATGACAACGTAACGTCA	1
384	383	3	TAGATAATGACAACGTAACGTCAT	1
385	384	3	AGATAATGACAACGTAACGTCATT	1
386	385	3	GATAATGACAACGTAACGTCATTC	1
387	386	3	ATAATGACAACGTAACGTCATTCA	1
388	387	3	TAATGACAACGTAACGTCATTCAA	1
389	388	3	AATGACAACGTAACGTCATTCAAG	1
390	389	2	ATGACAACGTAACGTCATTCAAGC	1
391	390	2	TGACAACGTAACGTCATTCAAGCT	1
392	391	2	GACAACGTAACGTCATTCAAGCTA	1
393	392	2	ACAACGTAACGTCATTCAAGCTAG	1
394	393	2	CAACGTAACGTCATTCAAGCTAGT	1
395	394	2	AACGTAACGTCATTCAAGCTAGTT	1
396	395	2	ACGTAACGTCATTCAAGCTAGTTT	1
397	396	2	CGTAACGTCATTCAAGCTAGTTTC	1
398	397	2	GTAACGTCATTCAAGCTAGTTTCA	1
399	398	2	TAACGTCATTCAAGCTAGTTTCAC	1
400	399	1	AACGTCATTCAAGCTAGTTTCACA	1
