Component 231
1	-1	0	ATTTGATTCTCCGTCACGATGCTG	1
2	1	1	TTTGATTCTCCGTCACGATGCTGC	1
3	2	1	TTGATTCTCCGTCACGATGCTGCT	1
4	3	1	TGATTCTCCGTCACGATGCTGCTT	1
5	4	1	GATTCTCCGTCACGATGCTGCTTC	1
6	5	1	ATTCTCCGTCACGATGCTGCTTCT	1
7	6	1	TTCTCCGTCACGATGCTGCTTCTT	1
8	7	1	TCTCCGTCACGATGCTGCTTCTTG	1
9	8	1	CTCCGTCACGATGCTGCTTCTTGG	1
10	9	1	TCCGTCACGATGCTGCTTCTTGGG	1
11	10	1	CCGTCACGATGCTGCTTCTTGGGC	1
12	11	1	CGTCACGATGCTGCTTCTTGGGCA	1
13	12	1	GTCACGATGCTGCTTCTTGGGCAG	1
14	13	1	TCACGATGCTGCTTCTTGGGCAGT	1
15	14	1	CACGATGCTGCTTCTTGGGCAGTT	1
16	15	1	ACGATGCTGCTTCTTGGGCAGTTA	1
17	16	1	CGATGCTGCTTCTTGGGCAGTTAC	1
18	17	1	GATGCTGCTTCTTGGGCAGTTACT	1
19	18	1	ATGCTGCTTCTTGGGCAGTTACTT	1
20	19	1	TGCTGCTTCTTGGGCAGTTACTTT	1
21	20	1	GCTGCTTCTTGGGCAGTTACTTTC	1
22	21	1	CTGCTTCTTGGGCAGTTACTTTCC	1
23	22	1	TGCTTCTTGGGCAGTTACTTTCCA	1
24	23	2	GCTTCTTGGGCAGTTACTTTCCAG	1
25	24	2	CTTCTTGGGCAGTTACTTTCCAGA	1
26	25	2	TTCTTGGGCAGTTACTTTCCAGAG	1
27	26	2	TCTTGGGCAGTTACTTTCCAGAGT	1
28	27	3	CTTGGGCAGTTACTTTCCAGAGTT	1
29	28	3	TTGGGCAGTTACTTTCCAGAGTTT	1
30	29	3	TGGGCAGTTACTTTCCAGAGTTTG	1
31	30	3	GGGCAGTTACTTTCCAGAGTTTGA	1
32	31	3	GGCAGTTACTTTCCAGAGTTTGAT	1
33	32	3	GCAGTTACTTTCCAGAGTTTGATT	1
34	33	3	CAGTTACTTTCCAGAGTTTGATTA	1
35	34	3	AGTTACTTTCCAGAGTTTGATTAA	1
36	35	3	GTTACTTTCCAGAGTTTGATTAAG	1
37	36	3	TTACTTTCCAGAGTTTGATTAAGG	1
38	37	4	TACTTTCCAGAGTTTGATTAAGGA	1
39	38	4	ACTTTCCAGAGTTTGATTAAGGAA	1
40	39	4	CTTTCCAGAGTTTGATTAAGGAAT	1
41	40	4	TTTCCAGAGTTTGATTAAGGAATC	1
42	41	4	TTCCAGAGTTTGATTAAGGAATCT	1
43	42	4	TCCAGAGTTTGATTAAGGAATCTT	1
44	43	4	CCAGAGTTTGATTAAGGAATCTTG	1
45	44	4	CAGAGTTTGATTAAGGAATCTTGG	1
46	45	3	AGAGTTTGATTAAGGAATCTTGGA	1
47	46	3	GAGTTTGATTAAGGAATCTTGGAA	1
48	47	3	AGTTTGATTAAGGAATCTTGGAAG	1
49	48	3	GTTTGATTAAGGAATCTTGGAAGG	1
50	49	3	TTTGATTAAGGAATCTTGGAAGGA	1
51	50	3	TTGATTAAGGAATCTTGGAAGGAA	1
52	51	3	TGATTAAGGAATCTTGGAAGGAAC	1
53	52	3	GATTAAGGAATCTTGGAAGGAACA	1
54	53	3	ATTAAGGAATCTTGGAAGGAACAA	1
55	54	3	TTAAGGAATCTTGGAAGGAACAAA	1
56	55	3	TAAGGAATCTTGGAAGGAACAAAT	1
57	56	3	AAGGAATCTTGGAAGGAACAAATC	1
58	57	3	AGGAATCTTGGAAGGAACAAATCG	1
59	58	3	GGAATCTTGGAAGGAACAAATCGA	1
60	59	4	GAATCTTGGAAGGAACAAATCGAT	1
61	60	4	AATCTTGGAAGGAACAAATCGATA	1
62	61	4	ATCTTGGAAGGAACAAATCGATAT	1
63	62	4	TCTTGGAAGGAACAAATCGATATG	1
64	63	4	CTTGGAAGGAACAAATCGATATGC	1
65	64	4	TTGGAAGGAACAAATCGATATGCA	1
66	65	4	TGGAAGGAACAAATCGATATGCAA	1
67	66	4	GGAAGGAACAAATCGATATGCAAC	1
68	67	3	GAAGGAACAAATCGATATGCAACG	1
69	68	3	AAGGAACAAATCGATATGCAACGG	1
70	69	3	AGGAACAAATCGATATGCAACGGA	1
71	70	3	GGAACAAATCGATATGCAACGGAT	1
72	71	2	GAACAAATCGATATGCAACGGATT	1
73	72	2	AACAAATCGATATGCAACGGATTC	1
74	73	2	ACAAATCGATATGCAACGGATTCC	1
75	74	2	CAAATCGATATGCAACGGATTCCA	1
76	75	2	AAATCGATATGCAACGGATTCCAG	1
77	76	2	AATCGATATGCAACGGATTCCAGC	1
78	77	2	ATCGATATGCAACGGATTCCAGCA	1
79	78	2	TCGATATGCAACGGATTCCAGCAT	1
80	79	2	CGATATGCAACGGATTCCAGCATT	1
81	80	2	GATATGCAACGGATTCCAGCATTC	1
82	81	1	ATATGCAACGGATTCCAGCATTCA	1
83	82	1	TATGCAACGGATTCCAGCATTCAC	1
84	83	1	ATGCAACGGATTCCAGCATTCACC	1
85	84	1	TGCAACGGATTCCAGCATTCACCG	1
86	85	1	GCAACGGATTCCAGCATTCACCGC	1
87	86	1	CAACGGATTCCAGCATTCACCGCA	1
88	87	1	AACGGATTCCAGCATTCACCGCAC	1
89	88	1	ACGGATTCCAGCATTCACCGCACA	1
90	89	1	CGGATTCCAGCATTCACCGCACAA	1
91	90	1	GGATTCCAGCATTCACCGCACAAC	1
92	91	1	GATTCCAGCATTCACCGCACAACT	1
93	92	1	ATTCCAGCATTCACCGCACAACTT	1
94	93	1	TTCCAGCATTCACCGCACAACTTA	1
95	94	1	TCCAGCATTCACCGCACAACTTAT	1
96	95	1	CCAGCATTCACCGCACAACTTATC	1
97	96	1	CAGCATTCACCGCACAACTTATCA	1
98	97	1	AGCATTCACCGCACAACTTATCAA	1
99	98	1	GCATTCACCGCACAACTTATCAAG	1
100	99	1	CATTCACCGCACAACTTATCAAGG	1
101	100	1	ATTCACCGCACAACTTATCAAGGA	1
102	101	1	TTCACCGCACAACTTATCAAGGAG	1
103	102	1	TCACCGCACAACTTATCAAGGAGC	1
104	-1	0	TATCAAAATGCACAAAAGCGCTTG	1
105	104	1	ATCAAAATGCACAAAAGCGCTTGA	1
106	105	1	TCAAAATGCACAAAAGCGCTTGAT	1
107	106	1	CAAAATGCACAAAAGCGCTTGATT	1
108	107	1	AAAATGCACAAAAGCGCTTGATTT	1
109	108	1	AAATGCACAAAAGCGCTTGATTTT	1
110	109	1	AATGCACAAAAGCGCTTGATTTTA	1
111	110	1	ATGCACAAAAGCGCTTGATTTTAC	1
112	111	1	TGCACAAAAGCGCTTGATTTTACT	1
113	112	1	GCACAAAAGCGCTTGATTTTACTT	1
114	113	1	CACAAAAGCGCTTGATTTTACTTT	1
115	114	1	ACAAAAGCGCTTGATTTTACTTTA	1
116	115	1	CAAAAGCGCTTGATTTTACTTTAT	1
117	116	1	AAAAGCGCTTGATTTTACTTTATT	1
118	117	1	AAAGCGCTTGATTTTACTTTATTT	1
119	118	1	AAGCGCTTGATTTTACTTTATTTT	1
120	119	1	AGCGCTTGATTTTACTTTATTTTG	1
121	120	1	GCGCTTGATTTTACTTTATTTTGA	1
122	121	1	CGCTTGATTTTACTTTATTTTGAA	1
123	122	1	GCTTGATTTTACTTTATTTTGAAG	1
124	123	1	CTTGATTTTACTTTATTTTGAAGG	1
125	124	1	TTGATTTTACTTTATTTTGAAGGA	1
126	125	1	TGATTTTACTTTATTTTGAAGGAA	1
127	126	1	GATTTTACTTTATTTTGAAGGAAC	1
128	127	1	ATTTTACTTTATTTTGAAGGAACC	1
129	128	1	TTTTACTTTATTTTGAAGGAACCA	1
130	129	1	TTTACTTTATTTTGAAGGAACCAT	1
131	130	1	TTACTTTATTTTGAAGGAACCATT	1
132	131	2	TACTTTATTTTGAAGGAACCATTT	1
133	132	2	ACTTTATTTTGAAGGAACCATTTC	1
134	133	2	CTTTATTTTGAAGGAACCATTTCC	1
135	134	2	TTTATTTTGAAGGAACCATTTCCA	1
136	135	2	TTATTTTGAAGGAACCATTTCCAC	1
137	136	2	TATTTTGAAGGAACCATTTCCACT	1
138	137	3	ATTTTGAAGGAACCATTTCCACTT	1
139	138	3	TTTTGAAGGAACCATTTCCACTTG	1
140	139	3	TTTGAAGGAACCATTTCCACTTGG	1
141	140	3	TTGAAGGAACCATTTCCACTTGGG	1
142	141	3	TGAAGGAACCATTTCCACTTGGGG	1
143	142	3	GAAGGAACCATTTCCACTTGGGGT	1
144	143	3	AAGGAACCATTTCCACTTGGGGTT	1
145	144	3	AGGAACCATTTCCACTTGGGGTTC	1
146	145	3	GGAACCATTTCCACTTGGGGTTCT	1
147	146	3	GAACCATTTCCACTTGGGGTTCTC	1
148	147	3	AACCATTTCCACTTGGGGTTCTCA	1
149	148	2	ACCATTTCCACTTGGGGTTCTCAA	1
150	149	3	CCATTTCCACTTGGGGTTCTCAAT	1
151	150	3	CATTTCCACTTGGGGTTCTCAATA	1
152	151	3	ATTTCCACTTGGGGTTCTCAATAC	1
153	152	3	TTTCCACTTGGGGTTCTCAATACC	1
154	153	3	TTCCACTTGGGGTTCTCAATACCA	1
155	154	3	TCCACTTGGGGTTCTCAATACCAT	1
156	155	3	CCACTTGGGGTTCTCAATACCATA	1
157	156	3	CACTTGGGGTTCTCAATACCATAA	1
158	157	3	ACTTGGGGTTCTCAATACCATAAC	1
159	158	3	CTTGGGGTTCTCAATACCATAACG	1
160	159	3	TTGGGGTTCTCAATACCATAACGT	1
161	160	3	TGGGGTTCTCAATACCATAACGTT	1
162	161	3	GGGGTTCTCAATACCATAACGTTA	1
163	162	3	GGGTTCTCAATACCATAACGTTAT	1
164	163	3	GGTTCTCAATACCATAACGTTATG	1
165	164	4	GTTCTCAATACCATAACGTTATGA	1
166	165	4	TTCTCAATACCATAACGTTATGAC	1
167	166	4	TCTCAATACCATAACGTTATGACG	1
168	167	4	CTCAATACCATAACGTTATGACGA	1
169	168	4	TCAATACCATAACGTTATGACGAG	1
170	169	4	CAATACCATAACGTTATGACGAGT	1
171	170	4	AATACCATAACGTTATGACGAGTT	1
172	171	4	ATACCATAACGTTATGACGAGTTT	1
173	172	4	TACCATAACGTTATGACGAGTTTG	1
174	173	4	ACCATAACGTTATGACGAGTTTGC	1
175	174	4	CCATAACGTTATGACGAGTTTGCA	1
176	175	3	CATAACGTTATGACGAGTTTGCAA	1
177	176	3	ATAACGTTATGACGAGTTTGCAAC	1
178	177	3	TAACGTTATGACGAGTTTGCAACG	1
179	178	3	AACGTTATGACGAGTTTGCAACGT	1
180	179	2	ACGTTATGACGAGTTTGCAACGTA	1
181	180	2	CGTTATGACGAGTTTGCAACGTAC	1
182	181	3	GTTATGACGAGTTTGCAACGTACT	1
183	182	3	TTATGACGAGTTTGCAACGTACTA	1
184	183	3	TATGACGAGTTTGCAACGTACTAT	1
185	184	3	ATGACGAGTTTGCAACGTACTATC	1
186	185	3	TGACGAGTTTGCAACGTACTATCA	1
187	186	3	GACGAGTTTGCAACGTACTATCAA	1
188	187	3	ACGAGTTTGCAACGTACTATCAAT	1
189	188	3	CGAGTTTGCAACGTACTATCAATT	1
190	189	3	GAGTTTGCAACGTACTATCAATTT	1
191	190	3	AGTTTGCAACGTACTATCAATTTG	1
192	191	3	GTTTGCAACGTACTATCAATTTGC	1
193	192	3	TTTGCAACGTACTATCAATTTGCT	1
194	193	2	TTGCAACGTACTATCAATTTGCTG	1
195	194	2	TGCAACGTACTATCAATTTGCTGA	1
196	195	2	GCAACGTACTATCAATTTGCTGAA	1
197	196	2	CAACGTACTATCAATTTGCTGAAC	1
198	197	2	AACGTACTATCAATTTGCTGAACA	1
199	198	2	ACGTACTATCAATTTGCTGAACAT	1
200	199	2	CGTACTATCAATTTGCTGAACATG	1
201	200	2	GTACTATCAATTTGCTGAACATGT	1
202	201	2	TACTATCAATTTGCTGAACATGTT	1
203	202	2	ACTATCAATTTGCTGAACATGTTG	1
204	203	2	CTATCAATTTGCTGAACATGTTGA	1
205	204	2	TATCAATTTGCTGAACATGTTGAC	1
206	205	2	ATCAATTTGCTGAACATGTTGACG	1
207	206	2	TCAATTTGCTGAACATGTTGACGT	1
208	207	2	CAATTTGCTGAACATGTTGACGTC	1
209	208	1	AATTTGCTGAACATGTTGACGTCT	1
210	209	1	ATTTGCTGAACATGTTGACGTCTG	1
211	210	1	TTTGCTGAACATGTTGACGTCTGA	1
212	211	1	TTGCTGAACATGTTGACGTCTGAT	1
213	212	1	TGCTGAACATGTTGACGTCTGATC	1
214	213	1	GCTGAACATGTTGACGTCTGATCC	1
215	214	1	CTGAACATGTTGACGTCTGATCCT	1
216	215	1	TGAACATGTTGACGTCTGATCCTA	1
217	216	1	GAACATGTTGACGTCTGATCCTAA	1
218	217	2	AACATGTTGACGTCTGATCCTAAA	1
219	218	2	ACATGTTGACGTCTGATCCTAAAA	1
220	219	2	CATGTTGACGTCTGATCCTAAAAA	1
221	220	2	ATGTTGACGTCTGATCCTAAAAAC	1
222	221	2	TGTTGACGTCTGATCCTAAAAACA	1
223	222	2	GTTGACGTCTGATCCTAAAAACAC	1
224	223	2	TTGACGTCTGATCCTAAAAACACT	1
225	224	2	TGACGTCTGATCCTAAAAACACTG	1
226	225	1	GACGTCTGATCCTAAAAACACTGT	1
227	226	1	ACGTCTGATCCTAAAAACACTGTT	1
228	227	1	CGTCTGATCCTAAAAACACTGTTT	1
229	228	1	GTCTGATCCTAAAAACACTGTTTA	1
230	229	1	TCTGATCCTAAAAACACTGTTTAC	1
231	230	1	CTGATCCTAAAAACACTGTTTACG	1
232	231	1	TGATCCTAAAAACACTGTTTACGT	1
233	232	1	GATCCTAAAAACACTGTTTACGTT	1
234	233	1	ATCCTAAAAACACTGTTTACGTTT	1
235	234	1	TCCTAAAAACACTGTTTACGTTTT	1
236	235	1	CCTAAAAACACTGTTTACGTTTTC	1
237	236	1	CTAAAAACACTGTTTACGTTTTCA	1
238	237	1	TAAAAACACTGTTTACGTTTTCAG	1
239	238	1	AAAAACACTGTTTACGTTTTCAGT	1
240	239	1	AAAACACTGTTTACGTTTTCAGTG	1
241	240	1	AAACACTGTTTACGTTTTCAGTGC	1
242	241	1	AACACTGTTTACGTTTTCAGTGCG	1
243	242	1	ACACTGTTTACGTTTTCAGTGCGC	1
244	243	1	CACTGTTTACGTTTTCAGTGCGCT	1
245	244	1	ACTGTTTACGTTTTCAGTGCGCTT	1
246	245	1	CTGTTTACGTTTTCAGTGCGCTTA	1
247	246	1	TGTTTACGTTTTCAGTGCGCTTAG	1
248	247	1	GTTTACGTTTTCAGTGCGCTTAGC	1
249	248	1	TTTACGTTTTCAGTGCGCTTAGCT	1
250	249	1	TTACGTTTTCAGTGCGCTTAGCTG	1
251	250	1	TACGTTTTCAGTGCGCTTAGCTGT	1
252	251	1	ACGTTTTCAGTGCGCTTAGCTGTC	1
253	252	1	CGTTTTCAGTGCGCTTAGCTGTCA	1
254	253	1	GTTTTCAGTGCGCTTAGCTGTCAG	1
255	254	1	TTTTCAGTGCGCTTAGCTGTCAGG	1
256	255	1	TTTCAGTGCGCTTAGCTGTCAGGA	1
257	256	1	TTCAGTGCGCTTAGCTGTCAGGAG	1
258	257	1	TCAGTGCGCTTAGCTGTCAGGAGC	1
259	258	1	CAGTGCGCTTAGCTGTCAGGAGCT	1
260	259	1	AGTGCGCTTAGCTGTCAGGAGCTG	1
261	260	1	GTGCGCTTAGCTGTCAGGAGCTGG	1
