Component 237
1	-1	0	ACGTTGTCATGGACCGCCCTGGTA	1
2	1	1	CGTTGTCATGGACCGCCCTGGTAT	1
3	2	1	GTTGTCATGGACCGCCCTGGTATG	1
4	3	1	TTGTCATGGACCGCCCTGGTATGC	1
5	4	1	TGTCATGGACCGCCCTGGTATGCG	1
6	5	1	GTCATGGACCGCCCTGGTATGCGT	1
7	6	1	TCATGGACCGCCCTGGTATGCGTG	1
8	7	1	CATGGACCGCCCTGGTATGCGTGT	1
9	8	1	ATGGACCGCCCTGGTATGCGTGTA	1
10	9	1	TGGACCGCCCTGGTATGCGTGTAG	1
11	10	1	GGACCGCCCTGGTATGCGTGTAGC	1
12	11	1	GACCGCCCTGGTATGCGTGTAGCT	1
13	12	1	ACCGCCCTGGTATGCGTGTAGCTC	1
14	13	1	CCGCCCTGGTATGCGTGTAGCTCG	1
15	14	1	CGCCCTGGTATGCGTGTAGCTCGT	1
16	15	1	GCCCTGGTATGCGTGTAGCTCGTC	1
17	16	1	CCCTGGTATGCGTGTAGCTCGTCG	1
18	17	1	CCTGGTATGCGTGTAGCTCGTCGT	1
19	18	1	CTGGTATGCGTGTAGCTCGTCGTA	1
20	19	1	TGGTATGCGTGTAGCTCGTCGTAA	1
21	20	1	GGTATGCGTGTAGCTCGTCGTAAG	1
22	21	1	GTATGCGTGTAGCTCGTCGTAAGG	1
23	22	3	TATGCGTGTAGCTCGTCGTAAGGC	1
24	23	3	ATGCGTGTAGCTCGTCGTAAGGCC	1
25	24	3	TGCGTGTAGCTCGTCGTAAGGCCC	1
26	25	3	GCGTGTAGCTCGTCGTAAGGCCCA	1
27	26	3	CGTGTAGCTCGTCGTAAGGCCCAA	1
28	27	3	GTGTAGCTCGTCGTAAGGCCCAAC	1
29	28	3	TGTAGCTCGTCGTAAGGCCCAACG	1
30	29	3	GTAGCTCGTCGTAAGGCCCAACGT	1
31	30	3	TAGCTCGTCGTAAGGCCCAACGTG	1
32	31	3	AGCTCGTCGTAAGGCCCAACGTGG	1
33	32	3	GCTCGTCGTAAGGCCCAACGTGGC	1
34	33	3	CTCGTCGTAAGGCCCAACGTGGCC	1
35	34	3	TCGTCGTAAGGCCCAACGTGGCCG	1
36	35	3	CGTCGTAAGGCCCAACGTGGCCGT	1
37	36	3	GTCGTAAGGCCCAACGTGGCCGTG	1
38	37	3	TCGTAAGGCCCAACGTGGCCGTGT	1
39	38	3	CGTAAGGCCCAACGTGGCCGTGTT	1
40	39	3	GTAAGGCCCAACGTGGCCGTGTTG	1
41	40	3	TAAGGCCCAACGTGGCCGTGTTGG	1
42	41	3	AAGGCCCAACGTGGCCGTGTTGGT	1
43	42	3	AGGCCCAACGTGGCCGTGTTGGTT	1
44	43	3	GGCCCAACGTGGCCGTGTTGGTTA	1
45	44	3	GCCCAACGTGGCCGTGTTGGTTAC	1
46	45	2	CCCAACGTGGCCGTGTTGGTTACA	1
47	46	2	CCAACGTGGCCGTGTTGGTTACAC	1
48	47	2	CAACGTGGCCGTGTTGGTTACACT	1
49	48	2	AACGTGGCCGTGTTGGTTACACTC	1
50	49	2	ACGTGGCCGTGTTGGTTACACTCA	1
51	50	2	CGTGGCCGTGTTGGTTACACTCAC	1
52	51	2	GTGGCCGTGTTGGTTACACTCACA	1
53	52	2	TGGCCGTGTTGGTTACACTCACAA	1
54	53	2	GGCCGTGTTGGTTACACTCACAAA	1
55	54	2	GCCGTGTTGGTTACACTCACAAAA	1
56	55	2	CCGTGTTGGTTACACTCACAAAAT	1
57	56	2	CGTGTTGGTTACACTCACAAAATC	1
58	57	2	GTGTTGGTTACACTCACAAAATCA	1
59	58	2	TGTTGGTTACACTCACAAAATCAA	1
60	59	2	GTTGGTTACACTCACAAAATCAAT	1
61	60	3	TTGGTTACACTCACAAAATCAATG	1
62	61	4	TGGTTACACTCACAAAATCAATGC	1
63	62	4	GGTTACACTCACAAAATCAATGCT	1
64	63	4	GTTACACTCACAAAATCAATGCTG	1
65	64	4	TTACACTCACAAAATCAATGCTGA	1
66	65	4	TACACTCACAAAATCAATGCTGAG	1
67	66	2	ACACTCACAAAATCAATGCTGAGG	1
68	67	2	CACTCACAAAATCAATGCTGAGGA	1
69	68	2	ACTCACAAAATCAATGCTGAGGAC	1
70	69	2	CTCACAAAATCAATGCTGAGGACA	1
71	70	2	TCACAAAATCAATGCTGAGGACAC	1
72	71	2	CACAAAATCAATGCTGAGGACACC	1
73	72	2	ACAAAATCAATGCTGAGGACACCA	1
74	73	2	CAAAATCAATGCTGAGGACACCAT	1
75	74	2	AAAATCAATGCTGAGGACACCATC	1
76	75	2	AAATCAATGCTGAGGACACCATCA	1
77	76	2	AATCAATGCTGAGGACACCATCAA	1
78	77	2	ATCAATGCTGAGGACACCATCAAC	1
79	78	2	TCAATGCTGAGGACACCATCAACT	1
80	79	2	CAATGCTGAGGACACCATCAACTG	1
81	80	2	AATGCTGAGGACACCATCAACTGG	1
82	81	3	ATGCTGAGGACACCATCAACTGGT	1
83	82	3	TGCTGAGGACACCATCAACTGGTT	1
84	83	3	GCTGAGGACACCATCAACTGGTTC	1
85	84	3	CTGAGGACACCATCAACTGGTTCA	1
86	85	3	TGAGGACACCATCAACTGGTTCAA	1
87	86	3	GAGGACACCATCAACTGGTTCAAG	1
88	87	3	AGGACACCATCAACTGGTTCAAGC	1
89	88	3	GGACACCATCAACTGGTTCAAGCA	1
90	89	3	GACACCATCAACTGGTTCAAGCAA	1
91	90	3	ACACCATCAACTGGTTCAAGCAAA	1
92	91	3	CACCATCAACTGGTTCAAGCAAAA	1
93	92	3	ACCATCAACTGGTTCAAGCAAAAG	1
94	93	4	CCATCAACTGGTTCAAGCAAAAGT	1
95	94	4	CATCAACTGGTTCAAGCAAAAGTA	1
96	95	4	ATCAACTGGTTCAAGCAAAAGTAT	1
97	96	4	TCAACTGGTTCAAGCAAAAGTATG	1
98	97	4	CAACTGGTTCAAGCAAAAGTATGA	1
99	98	4	AACTGGTTCAAGCAAAAGTATGAT	1
100	99	4	ACTGGTTCAAGCAAAAGTATGATG	1
101	100	4	CTGGTTCAAGCAAAAGTATGATGC	1
102	101	4	TGGTTCAAGCAAAAGTATGATGCC	1
103	102	4	GGTTCAAGCAAAAGTATGATGCCG	1
104	103	4	GTTCAAGCAAAAGTATGATGCCGT	1
105	104	2	TTCAAGCAAAAGTATGATGCCGTC	1
106	105	1	TCAAGCAAAAGTATGATGCCGTCG	1
107	106	1	CAAGCAAAAGTATGATGCCGTCGT	1
108	107	1	AAGCAAAAGTATGATGCCGTCGTT	1
109	108	1	AGCAAAAGTATGATGCCGTCGTTT	1
110	109	1	GCAAAAGTATGATGCCGTCGTTTT	1
111	110	1	CAAAAGTATGATGCCGTCGTTTTA	1
112	111	1	AAAAGTATGATGCCGTCGTTTTAG	1
113	112	1	AAAGTATGATGCCGTCGTTTTAGG	1
114	113	1	AAGTATGATGCCGTCGTTTTAGGA	1
115	114	1	AGTATGATGCCGTCGTTTTAGGAA	1
116	115	1	GTATGATGCCGTCGTTTTAGGAAA	1
117	116	1	TATGATGCCGTCGTTTTAGGAAAG	1
118	117	1	ATGATGCCGTCGTTTTAGGAAAGT	1
119	118	1	TGATGCCGTCGTTTTAGGAAAGTA	1
120	119	1	GATGCCGTCGTTTTAGGAAAGTAA	1
121	120	1	ATGCCGTCGTTTTAGGAAAGTAAA	1
122	121	1	TGCCGTCGTTTTAGGAAAGTAAAC	1
123	122	1	GCCGTCGTTTTAGGAAAGTAAACT	1
124	123	1	CCGTCGTTTTAGGAAAGTAAACTT	1
125	124	1	CGTCGTTTTAGGAAAGTAAACTTC	1
126	-1	0	GGCAGAGAAGGCTCAAAACCCCAT	1
127	126	1	GCAGAGAAGGCTCAAAACCCCATG	1
128	127	2	CAGAGAAGGCTCAAAACCCCATGA	1
129	128	2	AGAGAAGGCTCAAAACCCCATGAA	1
130	129	3	GAGAAGGCTCAAAACCCCATGAAG	1
131	130	5	AGAAGGCTCAAAACCCCATGAAGG	1
132	131	5	GAAGGCTCAAAACCCCATGAAGGA	1
133	132	8	AAGGCTCAAAACCCCATGAAGGAG	1
134	133	8	AGGCTCAAAACCCCATGAAGGAGC	1
135	134	8	GGCTCAAAACCCCATGAAGGAGCT	1
136	135	9	GCTCAAAACCCCATGAAGGAGCTT	1
137	136	10	CTCAAAACCCCATGAAGGAGCTTC	1
138	137	12	TCAAAACCCCATGAAGGAGCTTCG	1
139	138	13	CAAAACCCCATGAAGGAGCTTCGT	1
140	139	14	AAAACCCCATGAAGGAGCTTCGTA	1
141	140	14	AAACCCCATGAAGGAGCTTCGTAT	1
142	141	14	AACCCCATGAAGGAGCTTCGTATC	1
143	142	14	ACCCCATGAAGGAGCTTCGTATCT	1
144	143	14	CCCCATGAAGGAGCTTCGTATCTC	1
145	144	14	CCCATGAAGGAGCTTCGTATCTCC	1
146	145	14	CCATGAAGGAGCTTCGTATCTCCA	1
147	146	14	CATGAAGGAGCTTCGTATCTCCAA	1
148	147	14	ATGAAGGAGCTTCGTATCTCCAAG	1
149	148	14	TGAAGGAGCTTCGTATCTCCAAGC	1
150	149	14	GAAGGAGCTTCGTATCTCCAAGCT	1
151	150	14	AAGGAGCTTCGTATCTCCAAGCTT	1
152	151	14	AGGAGCTTCGTATCTCCAAGCTTG	1
153	152	14	GGAGCTTCGTATCTCCAAGCTTGT	1
154	153	14	GAGCTTCGTATCTCCAAGCTTGTC	1
155	154	15	AGCTTCGTATCTCCAAGCTTGTCT	1
156	155	15	GCTTCGTATCTCCAAGCTTGTCTT	1
157	156	15	CTTCGTATCTCCAAGCTTGTCTTG	1
158	157	15	TTCGTATCTCCAAGCTTGTCTTGA	1
159	158	15	TCGTATCTCCAAGCTTGTCTTGAA	1
160	159	15	CGTATCTCCAAGCTTGTCTTGAAC	1
161	160	16	GTATCTCCAAGCTTGTCTTGAACA	1
162	161	16	TATCTCCAAGCTTGTCTTGAACAT	1
163	162	16	ATCTCCAAGCTTGTCTTGAACATT	1
164	163	16	TCTCCAAGCTTGTCTTGAACATTT	1
165	164	16	CTCCAAGCTTGTCTTGAACATTTC	1
166	165	16	TCCAAGCTTGTCTTGAACATTTCT	1
167	166	16	CCAAGCTTGTCTTGAACATTTCTT	1
168	167	16	CAAGCTTGTCTTGAACATTTCTTT	1
169	168	16	AAGCTTGTCTTGAACATTTCTTTG	1
170	169	16	AGCTTGTCTTGAACATTTCTTTGG	1
171	170	15	GCTTGTCTTGAACATTTCTTTGGG	1
172	171	14	CTTGTCTTGAACATTTCTTTGGGA	1
173	172	14	TTGTCTTGAACATTTCTTTGGGAG	1
174	173	13	TGTCTTGAACATTTCTTTGGGAGA	1
175	174	11	GTCTTGAACATTTCTTTGGGAGAA	1
176	175	11	TCTTGAACATTTCTTTGGGAGAAT	1
177	176	8	CTTGAACATTTCTTTGGGAGAATC	1
178	177	8	TTGAACATTTCTTTGGGAGAATCT	1
179	178	8	TGAACATTTCTTTGGGAGAATCTG	1
180	179	8	GAACATTTCTTTGGGAGAATCTGG	1
181	180	7	AACATTTCTTTGGGAGAATCTGGT	1
182	181	5	ACATTTCTTTGGGAGAATCTGGTG	1
183	182	4	CATTTCTTTGGGAGAATCTGGTGA	1
184	183	3	ATTTCTTTGGGAGAATCTGGTGAT	1
185	184	3	TTTCTTTGGGAGAATCTGGTGATC	1
186	185	3	TTCTTTGGGAGAATCTGGTGATCG	1
187	186	3	TCTTTGGGAGAATCTGGTGATCGT	1
188	187	3	CTTTGGGAGAATCTGGTGATCGTC	1
189	188	3	TTTGGGAGAATCTGGTGATCGTCT	1
190	189	3	TTGGGAGAATCTGGTGATCGTCTC	1
191	190	3	TGGGAGAATCTGGTGATCGTCTCA	1
192	191	3	GGGAGAATCTGGTGATCGTCTCAC	1
193	192	3	GGAGAATCTGGTGATCGTCTCACC	1
194	193	3	GAGAATCTGGTGATCGTCTCACCC	1
195	194	3	AGAATCTGGTGATCGTCTCACCCG	1
196	195	3	GAATCTGGTGATCGTCTCACCCGT	1
197	196	4	AATCTGGTGATCGTCTCACCCGTG	1
198	197	4	ATCTGGTGATCGTCTCACCCGTGC	1
199	198	3	TCTGGTGATCGTCTCACCCGTGCT	1
200	199	3	CTGGTGATCGTCTCACCCGTGCTG	1
201	200	3	TGGTGATCGTCTCACCCGTGCTGC	1
202	201	3	GGTGATCGTCTCACCCGTGCTGCC	1
203	202	3	GTGATCGTCTCACCCGTGCTGCCA	1
204	203	3	TGATCGTCTCACCCGTGCTGCCAA	1
205	204	2	GATCGTCTCACCCGTGCTGCCAAG	1
206	205	2	ATCGTCTCACCCGTGCTGCCAAGG	1
207	206	2	TCGTCTCACCCGTGCTGCCAAGGT	1
208	207	2	CGTCTCACCCGTGCTGCCAAGGTT	1
209	208	2	GTCTCACCCGTGCTGCCAAGGTTT	1
210	209	2	TCTCACCCGTGCTGCCAAGGTTTT	1
211	210	2	CTCACCCGTGCTGCCAAGGTTTTG	1
212	211	2	TCACCCGTGCTGCCAAGGTTTTGG	1
213	212	2	CACCCGTGCTGCCAAGGTTTTGGA	1
214	213	2	ACCCGTGCTGCCAAGGTTTTGGAG	1
215	214	2	CCCGTGCTGCCAAGGTTTTGGAGC	1
216	215	2	CCGTGCTGCCAAGGTTTTGGAGCA	1
217	216	2	CGTGCTGCCAAGGTTTTGGAGCAA	1
218	217	2	GTGCTGCCAAGGTTTTGGAGCAAC	1
219	218	2	TGCTGCCAAGGTTTTGGAGCAACT	1
220	219	2	GCTGCCAAGGTTTTGGAGCAACTT	1
221	220	2	CTGCCAAGGTTTTGGAGCAACTTT	1
222	221	2	TGCCAAGGTTTTGGAGCAACTTTC	1
223	222	2	GCCAAGGTTTTGGAGCAACTTTCG	1
224	223	1	CCAAGGTTTTGGAGCAACTTTCGG	1
225	224	2	CAAGGTTTTGGAGCAACTTTCGGG	1
226	225	2	AAGGTTTTGGAGCAACTTTCGGGT	1
227	226	2	AGGTTTTGGAGCAACTTTCGGGTC	1
228	227	2	GGTTTTGGAGCAACTTTCGGGTCA	1
229	228	2	GTTTTGGAGCAACTTTCGGGTCAA	1
230	229	2	TTTTGGAGCAACTTTCGGGTCAAA	1
231	230	2	TTTGGAGCAACTTTCGGGTCAAAC	1
232	231	2	TTGGAGCAACTTTCGGGTCAAACC	1
233	232	2	TGGAGCAACTTTCGGGTCAAACCC	1
234	233	2	GGAGCAACTTTCGGGTCAAACCCC	1
235	234	2	GAGCAACTTTCGGGTCAAACCCCC	1
236	235	2	AGCAACTTTCGGGTCAAACCCCCG	1
237	236	3	GCAACTTTCGGGTCAAACCCCCGT	1
238	237	4	CAACTTTCGGGTCAAACCCCCGTT	1
239	238	5	AACTTTCGGGTCAAACCCCCGTTT	1
240	239	5	ACTTTCGGGTCAAACCCCCGTTTT	1
241	240	4	CTTTCGGGTCAAACCCCCGTTTTT	1
242	241	4	TTTCGGGTCAAACCCCCGTTTTTT	1
243	242	3	TTCGGGTCAAACCCCCGTTTTTTC	1
244	243	3	TCGGGTCAAACCCCCGTTTTTTCT	1
245	244	3	CGGGTCAAACCCCCGTTTTTTCTA	1
246	245	3	GGGTCAAACCCCCGTTTTTTCTAA	1
247	246	3	GGTCAAACCCCCGTTTTTTCTAAG	1
248	247	3	GTCAAACCCCCGTTTTTTCTAAGG	1
249	248	3	TCAAACCCCCGTTTTTTCTAAGGC	1
250	249	3	CAAACCCCCGTTTTTTCTAAGGCT	1
251	250	3	AAACCCCCGTTTTTTCTAAGGCTC	1
252	251	3	AACCCCCGTTTTTTCTAAGGCTCG	1
253	252	3	ACCCCCGTTTTTTCTAAGGCTCGT	1
254	253	3	CCCCCGTTTTTTCTAAGGCTCGTT	1
255	254	3	CCCCGTTTTTTCTAAGGCTCGTTA	1
256	255	3	CCCGTTTTTTCTAAGGCTCGTTAT	1
257	256	3	CCGTTTTTTCTAAGGCTCGTTATA	1
258	257	3	CGTTTTTTCTAAGGCTCGTTATAC	1
259	258	3	GTTTTTTCTAAGGCTCGTTATACC	1
260	259	4	TTTTTTCTAAGGCTCGTTATACCA	1
261	260	5	TTTTTCTAAGGCTCGTTATACCAT	1
262	261	5	TTTTCTAAGGCTCGTTATACCATT	1
263	262	5	TTTCTAAGGCTCGTTATACCATTC	1
264	263	5	TTCTAAGGCTCGTTATACCATTCG	1
265	264	5	TCTAAGGCTCGTTATACCATTCGT	1
266	265	5	CTAAGGCTCGTTATACCATTCGTC	1
267	266	5	TAAGGCTCGTTATACCATTCGTCG	1
268	267	5	AAGGCTCGTTATACCATTCGTCGT	1
269	268	4	AGGCTCGTTATACCATTCGTCGTT	1
270	269	4	GGCTCGTTATACCATTCGTCGTTT	1
271	270	4	GCTCGTTATACCATTCGTCGTTTT	1
272	271	4	CTCGTTATACCATTCGTCGTTTTG	1
273	272	5	TCGTTATACCATTCGTCGTTTTGG	1
274	273	5	CGTTATACCATTCGTCGTTTTGGT	1
275	274	5	GTTATACCATTCGTCGTTTTGGTA	1
276	275	5	TTATACCATTCGTCGTTTTGGTAT	1
277	276	5	TATACCATTCGTCGTTTTGGTATC	1
278	277	5	ATACCATTCGTCGTTTTGGTATCC	1
279	278	5	TACCATTCGTCGTTTTGGTATCCG	1
280	279	5	ACCATTCGTCGTTTTGGTATCCGC	1
281	280	3	CCATTCGTCGTTTTGGTATCCGCC	1
282	281	4	CATTCGTCGTTTTGGTATCCGCCG	1
283	282	3	ATTCGTCGTTTTGGTATCCGCCGT	1
284	283	3	TTCGTCGTTTTGGTATCCGCCGTA	1
285	284	3	TCGTCGTTTTGGTATCCGCCGTAA	1
286	285	4	CGTCGTTTTGGTATCCGCCGTAAT	1
287	286	5	GTCGTTTTGGTATCCGCCGTAATG	1
288	287	5	TCGTTTTGGTATCCGCCGTAATGA	1
289	288	6	CGTTTTGGTATCCGCCGTAATGAG	1
290	289	6	GTTTTGGTATCCGCCGTAATGAGA	1
291	290	6	TTTTGGTATCCGCCGTAATGAGAA	1
292	291	6	TTTGGTATCCGCCGTAATGAGAAG	1
293	292	6	TTGGTATCCGCCGTAATGAGAAGA	1
294	293	6	TGGTATCCGCCGTAATGAGAAGAT	1
295	294	6	GGTATCCGCCGTAATGAGAAGATT	1
296	295	6	GTATCCGCCGTAATGAGAAGATTG	1
297	296	6	TATCCGCCGTAATGAGAAGATTGC	1
298	297	6	ATCCGCCGTAATGAGAAGATTGCT	1
299	298	6	TCCGCCGTAATGAGAAGATTGCTT	1
300	299	6	CCGCCGTAATGAGAAGATTGCTTG	1
301	300	5	CGCCGTAATGAGAAGATTGCTTGC	1
302	301	5	GCCGTAATGAGAAGATTGCTTGCC	1
303	302	5	CCGTAATGAGAAGATTGCTTGCCA	1
304	303	4	CGTAATGAGAAGATTGCTTGCCAT	1
305	304	4	GTAATGAGAAGATTGCTTGCCATG	1
306	305	4	TAATGAGAAGATTGCTTGCCATGT	1
307	306	4	AATGAGAAGATTGCTTGCCATGTT	1
308	307	4	ATGAGAAGATTGCTTGCCATGTTA	1
309	308	4	TGAGAAGATTGCTTGCCATGTTAC	1
310	309	4	GAGAAGATTGCTTGCCATGTTACT	1
311	310	5	AGAAGATTGCTTGCCATGTTACTG	1
312	311	5	GAAGATTGCTTGCCATGTTACTGT	1
313	312	6	AAGATTGCTTGCCATGTTACTGTT	1
314	313	6	AGATTGCTTGCCATGTTACTGTTC	1
315	314	6	GATTGCTTGCCATGTTACTGTTCG	1
316	315	6	ATTGCTTGCCATGTTACTGTTCGT	1
317	316	5	TTGCTTGCCATGTTACTGTTCGTG	1
318	317	5	TGCTTGCCATGTTACTGTTCGTGG	1
319	318	5	GCTTGCCATGTTACTGTTCGTGGT	1
320	319	5	CTTGCCATGTTACTGTTCGTGGTC	1
321	320	5	TTGCCATGTTACTGTTCGTGGTCC	1
322	321	5	TGCCATGTTACTGTTCGTGGTCCC	1
323	322	5	GCCATGTTACTGTTCGTGGTCCCA	1
324	323	5	CCATGTTACTGTTCGTGGTCCCAA	1
325	324	6	CATGTTACTGTTCGTGGTCCCAAG	1
326	325	6	ATGTTACTGTTCGTGGTCCCAAGG	1
327	326	6	TGTTACTGTTCGTGGTCCCAAGGC	1
328	327	6	GTTACTGTTCGTGGTCCCAAGGCC	1
329	328	6	TTACTGTTCGTGGTCCCAAGGCCG	1
330	329	5	TACTGTTCGTGGTCCCAAGGCCGA	1
331	330	4	ACTGTTCGTGGTCCCAAGGCCGAG	1
332	331	4	CTGTTCGTGGTCCCAAGGCCGAGG	1
333	332	3	TGTTCGTGGTCCCAAGGCCGAGGA	1
334	333	3	GTTCGTGGTCCCAAGGCCGAGGAG	1
335	334	4	TTCGTGGTCCCAAGGCCGAGGAGA	1
336	335	4	TCGTGGTCCCAAGGCCGAGGAGAT	1
337	336	4	CGTGGTCCCAAGGCCGAGGAGATT	1
338	337	5	GTGGTCCCAAGGCCGAGGAGATTT	1
339	338	5	TGGTCCCAAGGCCGAGGAGATTTT	1
340	339	6	GGTCCCAAGGCCGAGGAGATTTTA	1
341	340	6	GTCCCAAGGCCGAGGAGATTTTAG	1
342	341	6	TCCCAAGGCCGAGGAGATTTTAGA	1
343	342	6	CCCAAGGCCGAGGAGATTTTAGAG	1
344	343	6	CCAAGGCCGAGGAGATTTTAGAGC	1
345	344	6	CAAGGCCGAGGAGATTTTAGAGCG	1
346	345	6	AAGGCCGAGGAGATTTTAGAGCGT	1
347	346	6	AGGCCGAGGAGATTTTAGAGCGTG	1
348	347	6	GGCCGAGGAGATTTTAGAGCGTGG	1
349	348	9	GCCGAGGAGATTTTAGAGCGTGGC	1
350	349	9	CCGAGGAGATTTTAGAGCGTGGCC	1
351	350	9	CGAGGAGATTTTAGAGCGTGGCCT	1
352	351	9	GAGGAGATTTTAGAGCGTGGCCTT	1
353	352	9	AGGAGATTTTAGAGCGTGGCCTTA	1
354	353	9	GGAGATTTTAGAGCGTGGCCTTAA	1
355	354	8	GAGATTTTAGAGCGTGGCCTTAAG	1
356	355	9	AGATTTTAGAGCGTGGCCTTAAGG	1
357	356	8	GATTTTAGAGCGTGGCCTTAAGGT	1
358	357	8	ATTTTAGAGCGTGGCCTTAAGGTC	1
359	358	8	TTTTAGAGCGTGGCCTTAAGGTCA	1
360	359	8	TTTAGAGCGTGGCCTTAAGGTCAA	1
361	360	8	TTAGAGCGTGGCCTTAAGGTCAAG	1
362	361	8	TAGAGCGTGGCCTTAAGGTCAAGG	1
363	362	8	AGAGCGTGGCCTTAAGGTCAAGGA	1
364	363	8	GAGCGTGGCCTTAAGGTCAAGGAA	1
365	364	8	AGCGTGGCCTTAAGGTCAAGGAAT	1
366	365	8	GCGTGGCCTTAAGGTCAAGGAATA	1
367	366	8	CGTGGCCTTAAGGTCAAGGAATAC	1
368	367	8	GTGGCCTTAAGGTCAAGGAATACG	1
369	368	7	TGGCCTTAAGGTCAAGGAATACGA	1
370	369	7	GGCCTTAAGGTCAAGGAATACGAG	1
371	370	7	GCCTTAAGGTCAAGGAATACGAGT	1
372	371	8	CCTTAAGGTCAAGGAATACGAGTT	1
373	372	8	CTTAAGGTCAAGGAATACGAGTTG	1
374	373	8	TTAAGGTCAAGGAATACGAGTTGA	1
375	374	8	TAAGGTCAAGGAATACGAGTTGAA	1
376	375	8	AAGGTCAAGGAATACGAGTTGAAA	1
377	376	8	AGGTCAAGGAATACGAGTTGAAAA	1
378	377	9	GGTCAAGGAATACGAGTTGAAAAA	1
379	378	8	GTCAAGGAATACGAGTTGAAAAAG	1
380	379	9	TCAAGGAATACGAGTTGAAAAAGC	1
381	380	8	CAAGGAATACGAGTTGAAAAAGCG	1
382	381	8	AAGGAATACGAGTTGAAAAAGCGT	1
383	382	9	AGGAATACGAGTTGAAAAAGCGTA	1
384	383	8	GGAATACGAGTTGAAAAAGCGTAA	1
385	384	8	GAATACGAGTTGAAAAAGCGTAAC	1
386	385	8	AATACGAGTTGAAAAAGCGTAACT	1
387	386	8	ATACGAGTTGAAAAAGCGTAACTT	1
388	387	8	TACGAGTTGAAAAAGCGTAACTTT	1
389	388	9	ACGAGTTGAAAAAGCGTAACTTTT	1
390	389	9	CGAGTTGAAAAAGCGTAACTTTTC	1
391	390	9	GAGTTGAAAAAGCGTAACTTTTCT	1
392	391	9	AGTTGAAAAAGCGTAACTTTTCTG	1
393	392	6	GTTGAAAAAGCGTAACTTTTCTGC	1
394	393	6	TTGAAAAAGCGTAACTTTTCTGCC	1
395	394	6	TGAAAAAGCGTAACTTTTCTGCCA	1
396	395	6	GAAAAAGCGTAACTTTTCTGCCAC	1
397	396	6	AAAAAGCGTAACTTTTCTGCCACC	1
398	397	6	AAAAGCGTAACTTTTCTGCCACCG	1
399	398	6	AAAGCGTAACTTTTCTGCCACCGG	1
400	399	5	AAGCGTAACTTTTCTGCCACCGGT	1
401	400	5	AGCGTAACTTTTCTGCCACCGGTA	1
402	401	5	GCGTAACTTTTCTGCCACCGGTAA	1
403	402	5	CGTAACTTTTCTGCCACCGGTAAC	1
404	403	5	GTAACTTTTCTGCCACCGGTAACT	1
405	404	5	TAACTTTTCTGCCACCGGTAACTT	1
406	405	5	AACTTTTCTGCCACCGGTAACTTT	1
407	406	5	ACTTTTCTGCCACCGGTAACTTTG	1
408	407	5	CTTTTCTGCCACCGGTAACTTTGG	1
409	408	6	TTTTCTGCCACCGGTAACTTTGGT	1
410	409	6	TTTCTGCCACCGGTAACTTTGGTT	1
411	410	6	TTCTGCCACCGGTAACTTTGGTTT	1
412	411	6	TCTGCCACCGGTAACTTTGGTTTT	1
413	412	6	CTGCCACCGGTAACTTTGGTTTTG	1
414	413	6	TGCCACCGGTAACTTTGGTTTTGG	1
415	414	6	GCCACCGGTAACTTTGGTTTTGGT	1
416	415	5	CCACCGGTAACTTTGGTTTTGGTA	1
417	416	4	CACCGGTAACTTTGGTTTTGGTAT	1
418	417	4	ACCGGTAACTTTGGTTTTGGTATC	1
419	418	4	CCGGTAACTTTGGTTTTGGTATCC	1
420	419	4	CGGTAACTTTGGTTTTGGTATCCA	1
421	420	4	GGTAACTTTGGTTTTGGTATCCAG	1
422	421	4	GTAACTTTGGTTTTGGTATCCAGG	1
423	422	4	TAACTTTGGTTTTGGTATCCAGGA	1
424	423	3	AACTTTGGTTTTGGTATCCAGGAG	1
425	424	3	ACTTTGGTTTTGGTATCCAGGAGC	1
426	425	2	CTTTGGTTTTGGTATCCAGGAGCA	1
427	426	2	TTTGGTTTTGGTATCCAGGAGCAC	1
428	427	2	TTGGTTTTGGTATCCAGGAGCACA	1
429	428	2	TGGTTTTGGTATCCAGGAGCACAT	1
430	429	2	GGTTTTGGTATCCAGGAGCACATT	1
431	430	2	GTTTTGGTATCCAGGAGCACATTG	1
432	431	2	TTTTGGTATCCAGGAGCACATTGA	1
433	432	1	TTTGGTATCCAGGAGCACATTGAC	1
434	433	1	TTGGTATCCAGGAGCACATTGACT	1
435	434	1	TGGTATCCAGGAGCACATTGACTT	1
436	435	1	GGTATCCAGGAGCACATTGACTTG	1
437	436	1	GTATCCAGGAGCACATTGACTTGG	1
438	437	1	TATCCAGGAGCACATTGACTTGGG	1
439	438	1	ATCCAGGAGCACATTGACTTGGGC	1
440	439	1	TCCAGGAGCACATTGACTTGGGCA	1
441	440	1	CCAGGAGCACATTGACTTGGGCAT	1
442	441	1	CAGGAGCACATTGACTTGGGCATC	1
443	442	1	AGGAGCACATTGACTTGGGCATCA	1
444	443	1	GGAGCACATTGACTTGGGCATCAA	1
445	444	1	GAGCACATTGACTTGGGCATCAAG	1
446	445	1	AGCACATTGACTTGGGCATCAAGT	1
447	446	1	GCACATTGACTTGGGCATCAAGTA	1
448	447	2	CACATTGACTTGGGCATCAAGTAC	1
449	448	4	ACATTGACTTGGGCATCAAGTACG	1
450	449	4	CATTGACTTGGGCATCAAGTACGA	1
451	450	5	ATTGACTTGGGCATCAAGTACGAT	1
452	451	5	TTGACTTGGGCATCAAGTACGATC	1
453	452	5	TGACTTGGGCATCAAGTACGATCC	1
454	453	5	GACTTGGGCATCAAGTACGATCCT	1
455	454	5	ACTTGGGCATCAAGTACGATCCTT	1
456	455	7	CTTGGGCATCAAGTACGATCCTTC	1
457	456	7	TTGGGCATCAAGTACGATCCTTCC	1
458	457	8	TGGGCATCAAGTACGATCCTTCCA	1
459	458	8	GGGCATCAAGTACGATCCTTCCAT	1
460	459	8	GGCATCAAGTACGATCCTTCCATT	1
461	460	8	GCATCAAGTACGATCCTTCCATTG	1
462	461	8	CATCAAGTACGATCCTTCCATTGG	1
463	462	8	ATCAAGTACGATCCTTCCATTGGT	1
464	463	8	TCAAGTACGATCCTTCCATTGGTA	1
465	464	8	CAAGTACGATCCTTCCATTGGTAT	1
466	465	8	AAGTACGATCCTTCCATTGGTATT	1
467	466	8	AGTACGATCCTTCCATTGGTATTT	1
468	467	8	GTACGATCCTTCCATTGGTATTTA	1
469	468	8	TACGATCCTTCCATTGGTATTTAT	1
470	469	8	ACGATCCTTCCATTGGTATTTATG	1
471	470	8	CGATCCTTCCATTGGTATTTATGG	1
472	471	8	GATCCTTCCATTGGTATTTATGGT	1
473	472	8	ATCCTTCCATTGGTATTTATGGTA	1
474	473	8	TCCTTCCATTGGTATTTATGGTAT	1
475	474	8	CCTTCCATTGGTATTTATGGTATG	1
476	475	8	CTTCCATTGGTATTTATGGTATGG	1
477	476	8	TTCCATTGGTATTTATGGTATGGA	1
478	477	8	TCCATTGGTATTTATGGTATGGAT	1
479	478	8	CCATTGGTATTTATGGTATGGATT	1
480	479	8	CATTGGTATTTATGGTATGGATTT	1
481	480	8	ATTGGTATTTATGGTATGGATTTC	1
482	481	8	TTGGTATTTATGGTATGGATTTCT	1
483	482	8	TGGTATTTATGGTATGGATTTCTA	1
484	483	8	GGTATTTATGGTATGGATTTCTAC	1
485	484	8	GTATTTATGGTATGGATTTCTACG	1
486	485	8	TATTTATGGTATGGATTTCTACGT	1
487	486	8	ATTTATGGTATGGATTTCTACGTT	1
488	487	8	TTTATGGTATGGATTTCTACGTTG	1
489	488	8	TTATGGTATGGATTTCTACGTTGT	1
490	489	8	TATGGTATGGATTTCTACGTTGTC	1
491	490	8	ATGGTATGGATTTCTACGTTGTCA	1
492	491	7	TGGTATGGATTTCTACGTTGTCAT	1
493	492	5	GGTATGGATTTCTACGTTGTCATG	1
494	493	4	GTATGGATTTCTACGTTGTCATGG	1
495	494	4	TATGGATTTCTACGTTGTCATGGA	1
496	495	4	ATGGATTTCTACGTTGTCATGGAC	1
497	496	3	TGGATTTCTACGTTGTCATGGACC	1
498	497	2	GGATTTCTACGTTGTCATGGACCG	1
499	498	2	GATTTCTACGTTGTCATGGACCGC	1
500	499	1	ATTTCTACGTTGTCATGGACCGCC	1
501	500	1	TTTCTACGTTGTCATGGACCGCCC	1
