Component 241
1	-1	0	TCCTCTCAGCACTTAGAGCTTTAC	1
2	1	1	CCTCTCAGCACTTAGAGCTTTACG	1
3	2	1	CTCTCAGCACTTAGAGCTTTACGT	1
4	3	1	TCTCAGCACTTAGAGCTTTACGTG	1
5	4	1	CTCAGCACTTAGAGCTTTACGTGA	1
6	5	1	TCAGCACTTAGAGCTTTACGTGAT	1
7	6	1	CAGCACTTAGAGCTTTACGTGATA	1
8	7	1	AGCACTTAGAGCTTTACGTGATAC	1
9	8	1	GCACTTAGAGCTTTACGTGATACT	1
10	9	1	CACTTAGAGCTTTACGTGATACTC	1
11	10	1	ACTTAGAGCTTTACGTGATACTCT	1
12	11	1	CTTAGAGCTTTACGTGATACTCTT	1
13	12	1	TTAGAGCTTTACGTGATACTCTTT	1
14	13	1	TAGAGCTTTACGTGATACTCTTTC	1
15	14	1	AGAGCTTTACGTGATACTCTTTCA	1
16	15	1	GAGCTTTACGTGATACTCTTTCAA	1
17	16	1	AGCTTTACGTGATACTCTTTCAAA	1
18	17	1	GCTTTACGTGATACTCTTTCAAAA	1
19	18	2	CTTTACGTGATACTCTTTCAAAAG	1
20	19	2	TTTACGTGATACTCTTTCAAAAGA	1
21	20	2	TTACGTGATACTCTTTCAAAAGAC	1
22	21	2	TACGTGATACTCTTTCAAAAGACC	1
23	22	2	ACGTGATACTCTTTCAAAAGACCA	1
24	23	2	CGTGATACTCTTTCAAAAGACCAA	1
25	24	2	GTGATACTCTTTCAAAAGACCAAG	1
26	25	2	TGATACTCTTTCAAAAGACCAAGA	1
27	26	2	GATACTCTTTCAAAAGACCAAGAA	1
28	27	2	ATACTCTTTCAAAAGACCAAGAAC	1
29	28	2	TACTCTTTCAAAAGACCAAGAACT	1
30	29	2	ACTCTTTCAAAAGACCAAGAACTG	1
31	30	2	CTCTTTCAAAAGACCAAGAACTGA	1
32	31	2	TCTTTCAAAAGACCAAGAACTGAC	1
33	32	2	CTTTCAAAAGACCAAGAACTGACC	1
34	33	2	TTTCAAAAGACCAAGAACTGACCG	1
35	34	2	TTCAAAAGACCAAGAACTGACCGA	1
36	35	2	TCAAAAGACCAAGAACTGACCGAA	1
37	36	2	CAAAAGACCAAGAACTGACCGAAG	1
38	37	3	AAAAGACCAAGAACTGACCGAAGA	1
39	38	3	AAAGACCAAGAACTGACCGAAGAA	1
40	39	3	AAGACCAAGAACTGACCGAAGAAA	1
41	40	3	AGACCAAGAACTGACCGAAGAAAA	1
42	41	3	GACCAAGAACTGACCGAAGAAAAC	1
43	42	3	ACCAAGAACTGACCGAAGAAAACG	1
44	43	3	CCAAGAACTGACCGAAGAAAACGT	1
45	44	3	CAAGAACTGACCGAAGAAAACGTT	1
46	45	2	AAGAACTGACCGAAGAAAACGTTT	1
47	46	2	AGAACTGACCGAAGAAAACGTTTC	1
48	47	2	GAACTGACCGAAGAAAACGTTTCT	1
49	48	2	AACTGACCGAAGAAAACGTTTCTA	1
50	49	2	ACTGACCGAAGAAAACGTTTCTAT	1
51	50	2	CTGACCGAAGAAAACGTTTCTATA	1
52	51	2	TGACCGAAGAAAACGTTTCTATAT	1
53	52	2	GACCGAAGAAAACGTTTCTATATC	1
54	53	3	ACCGAAGAAAACGTTTCTATATCC	1
55	54	3	CCGAAGAAAACGTTTCTATATCCG	1
56	55	3	CGAAGAAAACGTTTCTATATCCGT	1
57	56	3	GAAGAAAACGTTTCTATATCCGTC	1
58	57	3	AAGAAAACGTTTCTATATCCGTCA	1
59	58	3	AGAAAACGTTTCTATATCCGTCAT	1
60	59	3	GAAAACGTTTCTATATCCGTCATT	1
61	60	3	AAAACGTTTCTATATCCGTCATTG	1
62	61	3	AAACGTTTCTATATCCGTCATTGG	1
63	62	2	AACGTTTCTATATCCGTCATTGGA	1
64	63	2	ACGTTTCTATATCCGTCATTGGAA	1
65	64	2	CGTTTCTATATCCGTCATTGGAAA	1
66	65	2	GTTTCTATATCCGTCATTGGAAAA	1
67	66	2	TTTCTATATCCGTCATTGGAAAAG	1
68	67	2	TTCTATATCCGTCATTGGAAAAGA	1
69	68	2	TCTATATCCGTCATTGGAAAAGAT	1
70	69	2	CTATATCCGTCATTGGAAAAGATG	1
71	70	2	TATATCCGTCATTGGAAAAGATGA	1
72	71	2	ATATCCGTCATTGGAAAAGATGAA	1
73	72	2	TATCCGTCATTGGAAAAGATGAAA	1
74	73	2	ATCCGTCATTGGAAAAGATGAAAA	1
75	74	2	TCCGTCATTGGAAAAGATGAAAAA	1
76	75	2	CCGTCATTGGAAAAGATGAAAAAT	1
77	76	2	CGTCATTGGAAAAGATGAAAAATA	1
78	77	2	GTCATTGGAAAAGATGAAAAATAT	1
79	78	2	TCATTGGAAAAGATGAAAAATATA	1
80	79	2	CATTGGAAAAGATGAAAAATATAC	1
81	80	2	ATTGGAAAAGATGAAAAATATACT	1
82	81	1	TTGGAAAAGATGAAAAATATACTC	1
83	82	1	TGGAAAAGATGAAAAATATACTCT	1
84	83	1	GGAAAAGATGAAAAATATACTCTT	1
85	84	1	GAAAAGATGAAAAATATACTCTTT	1
86	85	2	AAAAGATGAAAAATATACTCTTTA	1
87	86	2	AAAGATGAAAAATATACTCTTTAC	1
88	87	2	AAGATGAAAAATATACTCTTTACG	1
89	88	2	AGATGAAAAATATACTCTTTACGA	1
90	89	2	GATGAAAAATATACTCTTTACGAT	1
91	90	2	ATGAAAAATATACTCTTTACGATC	1
92	91	2	TGAAAAATATACTCTTTACGATCA	1
93	92	2	GAAAAATATACTCTTTACGATCAA	1
94	93	2	AAAAATATACTCTTTACGATCAAA	1
95	94	2	AAAATATACTCTTTACGATCAAAA	1
96	95	2	AAATATACTCTTTACGATCAAAAT	1
97	96	2	AATATACTCTTTACGATCAAAATG	1
98	97	1	ATATACTCTTTACGATCAAAATGA	1
99	98	1	TATACTCTTTACGATCAAAATGAC	1
100	99	1	ATACTCTTTACGATCAAAATGACA	1
101	100	1	TACTCTTTACGATCAAAATGACAC	1
102	101	1	ACTCTTTACGATCAAAATGACACA	1
103	102	1	CTCTTTACGATCAAAATGACACAA	1
104	103	1	TCTTTACGATCAAAATGACACAAA	1
105	104	1	CTTTACGATCAAAATGACACAAAA	1
106	105	1	TTTACGATCAAAATGACACAAAAG	1
107	106	1	TTACGATCAAAATGACACAAAAGA	1
108	107	1	TACGATCAAAATGACACAAAAGAA	1
109	108	1	ACGATCAAAATGACACAAAAGAAT	1
110	109	1	CGATCAAAATGACACAAAAGAATG	1
111	110	1	GATCAAAATGACACAAAAGAATGG	1
112	111	1	ATCAAAATGACACAAAAGAATGGC	1
113	112	1	TCAAAATGACACAAAAGAATGGCT	1
114	113	1	CAAAATGACACAAAAGAATGGCTT	1
115	114	1	AAAATGACACAAAAGAATGGCTTG	1
116	115	1	AAATGACACAAAAGAATGGCTTGA	1
117	116	1	AATGACACAAAAGAATGGCTTGAT	1
118	117	1	ATGACACAAAAGAATGGCTTGATA	1
119	118	1	TGACACAAAAGAATGGCTTGATAA	1
120	119	1	GACACAAAAGAATGGCTTGATAAA	1
121	120	1	ACACAAAAGAATGGCTTGATAAAT	1
122	121	1	CACAAAAGAATGGCTTGATAAATT	1
123	122	1	ACAAAAGAATGGCTTGATAAATTA	1
124	123	1	CAAAAGAATGGCTTGATAAATTAG	1
125	124	1	AAAAGAATGGCTTGATAAATTAGG	1
126	125	1	AAAGAATGGCTTGATAAATTAGGC	1
127	126	1	AAGAATGGCTTGATAAATTAGGCG	1
128	127	1	AGAATGGCTTGATAAATTAGGCGA	1
129	128	1	GAATGGCTTGATAAATTAGGCGAC	1
130	-1	0	GAACCTCAAGCGCCTACTGCGGAG	1
131	130	1	AACCTCAAGCGCCTACTGCGGAGG	1
132	131	1	ACCTCAAGCGCCTACTGCGGAGGC	1
133	132	1	CCTCAAGCGCCTACTGCGGAGGCT	1
134	133	1	CTCAAGCGCCTACTGCGGAGGCTA	1
135	134	1	TCAAGCGCCTACTGCGGAGGCTAT	1
136	135	1	CAAGCGCCTACTGCGGAGGCTATA	1
137	136	1	AAGCGCCTACTGCGGAGGCTATAC	1
138	137	1	AGCGCCTACTGCGGAGGCTATACT	1
139	138	1	GCGCCTACTGCGGAGGCTATACTT	1
140	139	1	CGCCTACTGCGGAGGCTATACTTG	1
141	140	1	GCCTACTGCGGAGGCTATACTTGA	1
142	141	1	CCTACTGCGGAGGCTATACTTGAC	1
143	142	1	CTACTGCGGAGGCTATACTTGACT	1
144	143	1	TACTGCGGAGGCTATACTTGACTC	1
145	144	1	ACTGCGGAGGCTATACTTGACTCT	1
146	145	1	CTGCGGAGGCTATACTTGACTCTG	1
147	146	1	TGCGGAGGCTATACTTGACTCTGC	1
148	147	1	GCGGAGGCTATACTTGACTCTGCT	1
149	148	2	CGGAGGCTATACTTGACTCTGCTG	1
150	149	2	GGAGGCTATACTTGACTCTGCTGA	1
151	150	2	GAGGCTATACTTGACTCTGCTGAT	1
152	151	2	AGGCTATACTTGACTCTGCTGATG	1
153	152	2	GGCTATACTTGACTCTGCTGATGC	1
154	153	2	GCTATACTTGACTCTGCTGATGCC	1
155	154	2	CTATACTTGACTCTGCTGATGCCA	1
156	155	2	TATACTTGACTCTGCTGATGCCAT	1
157	156	2	ATACTTGACTCTGCTGATGCCATG	1
158	157	2	TACTTGACTCTGCTGATGCCATGG	1
159	158	2	ACTTGACTCTGCTGATGCCATGGA	1
160	159	2	CTTGACTCTGCTGATGCCATGGAA	1
161	160	2	TTGACTCTGCTGATGCCATGGAAA	1
162	161	2	TGACTCTGCTGATGCCATGGAAAC	1
163	162	2	GACTCTGCTGATGCCATGGAAACT	1
164	163	2	ACTCTGCTGATGCCATGGAAACTG	1
165	164	2	CTCTGCTGATGCCATGGAAACTGA	1
166	165	2	TCTGCTGATGCCATGGAAACTGAT	1
167	166	2	CTGCTGATGCCATGGAAACTGATT	1
168	167	2	TGCTGATGCCATGGAAACTGATTA	1
169	168	2	GCTGATGCCATGGAAACTGATTAA	1
170	169	2	CTGATGCCATGGAAACTGATTAAT	1
171	170	2	TGATGCCATGGAAACTGATTAATT	1
172	171	2	GATGCCATGGAAACTGATTAATTG	1
173	172	2	ATGCCATGGAAACTGATTAATTGC	1
174	173	2	TGCCATGGAAACTGATTAATTGCC	1
175	174	1	GCCATGGAAACTGATTAATTGCCA	1
176	175	1	CCATGGAAACTGATTAATTGCCAT	1
177	176	1	CATGGAAACTGATTAATTGCCATG	1
178	177	1	ATGGAAACTGATTAATTGCCATGA	1
179	178	1	TGGAAACTGATTAATTGCCATGAT	1
180	179	1	GGAAACTGATTAATTGCCATGATT	1
181	180	2	GAAACTGATTAATTGCCATGATTC	1
182	181	2	AAACTGATTAATTGCCATGATTCA	1
183	182	2	AACTGATTAATTGCCATGATTCAA	1
184	183	2	ACTGATTAATTGCCATGATTCAAA	1
185	184	2	CTGATTAATTGCCATGATTCAAAT	1
186	185	2	TGATTAATTGCCATGATTCAAATG	1
187	186	2	GATTAATTGCCATGATTCAAATGA	1
188	187	3	ATTAATTGCCATGATTCAAATGAT	1
189	188	3	TTAATTGCCATGATTCAAATGATA	1
190	189	3	TAATTGCCATGATTCAAATGATAC	1
191	190	3	AATTGCCATGATTCAAATGATACC	1
192	191	3	ATTGCCATGATTCAAATGATACCT	1
193	192	2	TTGCCATGATTCAAATGATACCTT	1
194	193	2	TGCCATGATTCAAATGATACCTTT	1
195	194	2	GCCATGATTCAAATGATACCTTTC	1
196	195	2	CCATGATTCAAATGATACCTTTCT	1
197	196	2	CATGATTCAAATGATACCTTTCTT	1
198	197	2	ATGATTCAAATGATACCTTTCTTA	1
199	198	2	TGATTCAAATGATACCTTTCTTAA	1
200	199	2	GATTCAAATGATACCTTTCTTAAG	1
201	200	2	ATTCAAATGATACCTTTCTTAAGT	1
202	201	2	TTCAAATGATACCTTTCTTAAGTA	1
203	202	2	TCAAATGATACCTTTCTTAAGTAC	1
204	203	2	CAAATGATACCTTTCTTAAGTACA	1
205	204	2	AAATGATACCTTTCTTAAGTACAT	1
206	205	2	AATGATACCTTTCTTAAGTACATA	1
207	206	2	ATGATACCTTTCTTAAGTACATAT	1
208	207	2	TGATACCTTTCTTAAGTACATATG	1
209	208	2	GATACCTTTCTTAAGTACATATGT	1
210	209	2	ATACCTTTCTTAAGTACATATGTC	1
211	210	3	TACCTTTCTTAAGTACATATGTCA	1
212	211	3	ACCTTTCTTAAGTACATATGTCAT	1
213	212	3	CCTTTCTTAAGTACATATGTCATA	1
214	213	3	CTTTCTTAAGTACATATGTCATAG	1
215	214	3	TTTCTTAAGTACATATGTCATAGA	1
216	215	3	TTCTTAAGTACATATGTCATAGAA	1
217	216	3	TCTTAAGTACATATGTCATAGAAT	1
218	217	3	CTTAAGTACATATGTCATAGAATT	1
219	218	3	TTAAGTACATATGTCATAGAATTC	1
220	219	3	TAAGTACATATGTCATAGAATTCC	1
221	220	3	AAGTACATATGTCATAGAATTCCG	1
222	221	3	AGTACATATGTCATAGAATTCCGA	1
223	222	3	GTACATATGTCATAGAATTCCGAA	1
224	223	3	TACATATGTCATAGAATTCCGAAA	1
225	224	2	ACATATGTCATAGAATTCCGAAAA	1
226	225	2	CATATGTCATAGAATTCCGAAAAG	1
227	226	2	ATATGTCATAGAATTCCGAAAAGA	1
228	227	2	TATGTCATAGAATTCCGAAAAGAT	1
229	228	2	ATGTCATAGAATTCCGAAAAGATG	1
230	229	2	TGTCATAGAATTCCGAAAAGATGA	1
231	230	2	GTCATAGAATTCCGAAAAGATGAT	1
232	231	1	TCATAGAATTCCGAAAAGATGATT	1
233	232	1	CATAGAATTCCGAAAAGATGATTA	1
234	233	1	ATAGAATTCCGAAAAGATGATTAT	1
235	234	1	TAGAATTCCGAAAAGATGATTATC	1
236	235	1	AGAATTCCGAAAAGATGATTATCC	1
237	236	1	GAATTCCGAAAAGATGATTATCCT	1
238	237	1	AATTCCGAAAAGATGATTATCCTT	1
239	238	1	ATTCCGAAAAGATGATTATCCTTT	1
240	239	1	TTCCGAAAAGATGATTATCCTTTA	1
241	240	1	TCCGAAAAGATGATTATCCTTTAT	1
242	241	1	CCGAAAAGATGATTATCCTTTATA	1
243	242	1	CGAAAAGATGATTATCCTTTATAG	1
244	243	1	GAAAAGATGATTATCCTTTATAGG	1
245	244	1	AAAAGATGATTATCCTTTATAGGG	1
246	245	1	AAAGATGATTATCCTTTATAGGGA	1
247	246	1	AAGATGATTATCCTTTATAGGGAT	1
248	247	1	AGATGATTATCCTTTATAGGGATT	1
249	248	1	GATGATTATCCTTTATAGGGATTT	1
250	249	1	ATGATTATCCTTTATAGGGATTTT	1
251	250	1	TGATTATCCTTTATAGGGATTTTT	1
252	251	1	GATTATCCTTTATAGGGATTTTTC	1
253	252	1	ATTATCCTTTATAGGGATTTTTCT	1
254	253	1	TTATCCTTTATAGGGATTTTTCTT	1
