Component 248
1	-1	0	CAGAATGAGATGACATCTATGAAA	1
2	1	1	AGAATGAGATGACATCTATGAAAG	1
3	2	1	GAATGAGATGACATCTATGAAAGG	1
4	3	2	AATGAGATGACATCTATGAAAGGC	1
5	4	2	ATGAGATGACATCTATGAAAGGCG	1
6	5	2	TGAGATGACATCTATGAAAGGCGA	1
7	6	2	GAGATGACATCTATGAAAGGCGAA	1
8	7	2	AGATGACATCTATGAAAGGCGAAA	1
9	8	2	GATGACATCTATGAAAGGCGAAAT	1
10	9	2	ATGACATCTATGAAAGGCGAAATG	1
11	10	2	TGACATCTATGAAAGGCGAAATGG	1
12	11	2	GACATCTATGAAAGGCGAAATGGC	1
13	12	2	ACATCTATGAAAGGCGAAATGGCC	1
14	13	2	CATCTATGAAAGGCGAAATGGCCG	1
15	14	2	ATCTATGAAAGGCGAAATGGCCGA	1
16	15	2	TCTATGAAAGGCGAAATGGCCGAA	1
17	16	2	CTATGAAAGGCGAAATGGCCGAAA	1
18	17	2	TATGAAAGGCGAAATGGCCGAAAT	1
19	18	2	ATGAAAGGCGAAATGGCCGAAATG	1
20	19	2	TGAAAGGCGAAATGGCCGAAATGA	1
21	20	2	GAAAGGCGAAATGGCCGAAATGAA	1
22	21	2	AAAGGCGAAATGGCCGAAATGAAA	1
23	22	2	AAGGCGAAATGGCCGAAATGAAAG	1
24	23	2	AGGCGAAATGGCCGAAATGAAAGT	1
25	24	2	GGCGAAATGGCCGAAATGAAAGTT	1
26	25	2	GCGAAATGGCCGAAATGAAAGTTG	1
27	26	2	CGAAATGGCCGAAATGAAAGTTGA	1
28	27	2	GAAATGGCCGAAATGAAAGTTGAA	1
29	28	2	AAATGGCCGAAATGAAAGTTGAAA	1
30	29	2	AATGGCCGAAATGAAAGTTGAAAT	1
31	30	2	ATGGCCGAAATGAAAGTTGAAATG	1
32	31	2	TGGCCGAAATGAAAGTTGAAATGG	1
33	32	2	GGCCGAAATGAAAGTTGAAATGGT	1
34	33	2	GCCGAAATGAAAGTTGAAATGGTT	1
35	34	2	CCGAAATGAAAGTTGAAATGGTTG	1
36	35	2	CGAAATGAAAGTTGAAATGGTTGA	1
37	36	2	GAAATGAAAGTTGAAATGGTTGAA	1
38	37	2	AAATGAAAGTTGAAATGGTTGAAA	1
39	38	2	AATGAAAGTTGAAATGGTTGAAAT	1
40	39	2	ATGAAAGTTGAAATGGTTGAAATG	1
41	40	2	TGAAAGTTGAAATGGTTGAAATGA	1
42	41	2	GAAAGTTGAAATGGTTGAAATGAA	1
43	42	2	AAAGTTGAAATGGTTGAAATGAAA	1
44	43	2	AAGTTGAAATGGTTGAAATGAAAA	1
45	44	2	AGTTGAAATGGTTGAAATGAAAAG	1
46	45	1	GTTGAAATGGTTGAAATGAAAAGG	1
47	46	1	TTGAAATGGTTGAAATGAAAAGGG	1
48	-1	0	AAATGAAATATGAAATTGAATGCA	1
49	48	1	AATGAAATATGAAATTGAATGCAA	1
50	49	1	ATGAAATATGAAATTGAATGCAAT	1
51	50	1	TGAAATATGAAATTGAATGCAATG	1
52	51	1	GAAATATGAAATTGAATGCAATGA	1
53	52	1	AAATATGAAATTGAATGCAATGAA	1
54	53	1	AATATGAAATTGAATGCAATGAAA	1
55	54	1	ATATGAAATTGAATGCAATGAAAG	1
56	55	1	TATGAAATTGAATGCAATGAAAGG	1
57	56	1	ATGAAATTGAATGCAATGAAAGGC	1
58	57	1	TGAAATTGAATGCAATGAAAGGCT	1
59	58	1	GAAATTGAATGCAATGAAAGGCTA	1
60	59	1	AAATTGAATGCAATGAAAGGCTAC	1
61	60	1	AATTGAATGCAATGAAAGGCTACA	1
62	61	1	ATTGAATGCAATGAAAGGCTACAA	1
63	62	1	TTGAATGCAATGAAAGGCTACAAG	1
64	63	1	TGAATGCAATGAAAGGCTACAAGG	1
65	64	1	GAATGCAATGAAAGGCTACAAGGA	1
66	65	1	AATGCAATGAAAGGCTACAAGGAT	1
67	66	1	ATGCAATGAAAGGCTACAAGGATG	1
68	67	1	TGCAATGAAAGGCTACAAGGATGG	1
69	68	1	GCAATGAAAGGCTACAAGGATGGA	1
70	69	1	CAATGAAAGGCTACAAGGATGGAA	1
71	70	1	AATGAAAGGCTACAAGGATGGAAA	1
72	71	1	ATGAAAGGCTACAAGGATGGAAAA	1
73	72	1	TGAAAGGCTACAAGGATGGAAAAA	1
74	73	2	GAAAGGCTACAAGGATGGAAAAAG	1
75	74	2	AAAGGCTACAAGGATGGAAAAAGT	1
76	75	2	AAGGCTACAAGGATGGAAAAAGTT	1
77	76	2	AGGCTACAAGGATGGAAAAAGTTA	1
78	77	2	GGCTACAAGGATGGAAAAAGTTAG	1
79	78	2	GCTACAAGGATGGAAAAAGTTAGC	1
80	79	2	CTACAAGGATGGAAAAAGTTAGCG	1
81	80	2	TACAAGGATGGAAAAAGTTAGCGA	1
82	81	2	ACAAGGATGGAAAAAGTTAGCGAT	1
83	82	2	CAAGGATGGAAAAAGTTAGCGATT	1
84	83	4	AAGGATGGAAAAAGTTAGCGATTG	1
85	84	4	AGGATGGAAAAAGTTAGCGATTGA	1
86	85	4	GGATGGAAAAAGTTAGCGATTGAA	1
87	86	4	GATGGAAAAAGTTAGCGATTGAAA	1
88	87	4	ATGGAAAAAGTTAGCGATTGAAAG	1
89	88	3	TGGAAAAAGTTAGCGATTGAAAGG	1
90	89	3	GGAAAAAGTTAGCGATTGAAAGGG	1
91	90	3	GAAAAAGTTAGCGATTGAAAGGGA	1
92	91	3	AAAAAGTTAGCGATTGAAAGGGAA	1
93	92	2	AAAAGTTAGCGATTGAAAGGGAAA	1
94	93	2	AAAGTTAGCGATTGAAAGGGAAAT	1
95	94	2	AAGTTAGCGATTGAAAGGGAAATT	1
96	95	2	AGTTAGCGATTGAAAGGGAAATTT	1
97	96	2	GTTAGCGATTGAAAGGGAAATTTC	1
98	97	2	TTAGCGATTGAAAGGGAAATTTCT	1
99	98	2	TAGCGATTGAAAGGGAAATTTCTG	1
100	99	2	AGCGATTGAAAGGGAAATTTCTGA	1
101	100	2	GCGATTGAAAGGGAAATTTCTGAA	1
102	101	2	CGATTGAAAGGGAAATTTCTGAAG	1
103	102	2	GATTGAAAGGGAAATTTCTGAAGA	1
104	103	2	ATTGAAAGGGAAATTTCTGAAGAA	1
105	104	2	TTGAAAGGGAAATTTCTGAAGAAC	1
106	105	2	TGAAAGGGAAATTTCTGAAGAACA	1
107	106	2	GAAAGGGAAATTTCTGAAGAACAA	1
108	107	2	AAAGGGAAATTTCTGAAGAACAAT	1
109	108	2	AAGGGAAATTTCTGAAGAACAATC	1
110	109	2	AGGGAAATTTCTGAAGAACAATCG	1
111	110	2	GGGAAATTTCTGAAGAACAATCGG	1
112	111	2	GGAAATTTCTGAAGAACAATCGGG	1
113	112	2	GAAATTTCTGAAGAACAATCGGGA	1
114	113	3	AAATTTCTGAAGAACAATCGGGAG	1
115	114	3	AATTTCTGAAGAACAATCGGGAGA	1
116	115	3	ATTTCTGAAGAACAATCGGGAGAA	1
117	116	3	TTTCTGAAGAACAATCGGGAGAAG	1
118	117	2	TTCTGAAGAACAATCGGGAGAAGT	1
119	118	2	TCTGAAGAACAATCGGGAGAAGTA	1
120	119	2	CTGAAGAACAATCGGGAGAAGTAC	1
121	120	2	TGAAGAACAATCGGGAGAAGTACA	1
122	121	2	GAAGAACAATCGGGAGAAGTACAA	1
123	122	2	AAGAACAATCGGGAGAAGTACAAT	1
124	123	2	AGAACAATCGGGAGAAGTACAATT	1
125	124	2	GAACAATCGGGAGAAGTACAATTT	1
126	125	3	AACAATCGGGAGAAGTACAATTTC	1
127	126	3	ACAATCGGGAGAAGTACAATTTCC	1
128	127	1	CAATCGGGAGAAGTACAATTTCCA	1
129	128	1	AATCGGGAGAAGTACAATTTCCAC	1
130	129	1	ATCGGGAGAAGTACAATTTCCACG	1
131	130	1	TCGGGAGAAGTACAATTTCCACGC	1
132	131	1	CGGGAGAAGTACAATTTCCACGCT	1
133	132	1	GGGAGAAGTACAATTTCCACGCTG	1
134	133	1	GGAGAAGTACAATTTCCACGCTGG	1
135	134	1	GAGAAGTACAATTTCCACGCTGGA	1
136	135	1	AGAAGTACAATTTCCACGCTGGAT	1
137	136	1	GAAGTACAATTTCCACGCTGGATA	1
138	137	1	AAGTACAATTTCCACGCTGGATAG	1
139	138	1	AGTACAATTTCCACGCTGGATAGA	1
140	139	1	GTACAATTTCCACGCTGGATAGAT	1
141	140	2	TACAATTTCCACGCTGGATAGATG	1
142	141	2	ACAATTTCCACGCTGGATAGATGA	1
143	142	2	CAATTTCCACGCTGGATAGATGAA	1
144	143	2	AATTTCCACGCTGGATAGATGAAT	1
145	144	2	ATTTCCACGCTGGATAGATGAATG	1
146	145	2	TTTCCACGCTGGATAGATGAATGG	1
147	146	2	TTCCACGCTGGATAGATGAATGGG	1
148	147	2	TCCACGCTGGATAGATGAATGGGC	1
149	148	2	CCACGCTGGATAGATGAATGGGCA	1
150	149	2	CACGCTGGATAGATGAATGGGCAA	1
151	150	2	ACGCTGGATAGATGAATGGGCAAA	1
152	151	2	CGCTGGATAGATGAATGGGCAAAC	1
153	152	1	GCTGGATAGATGAATGGGCAAACA	1
154	153	1	CTGGATAGATGAATGGGCAAACAC	1
155	154	1	TGGATAGATGAATGGGCAAACACT	1
156	155	1	GGATAGATGAATGGGCAAACACTA	1
157	156	1	GATAGATGAATGGGCAAACACTAA	1
158	157	1	ATAGATGAATGGGCAAACACTAAA	1
159	158	1	TAGATGAATGGGCAAACACTAAAC	1
160	159	1	AGATGAATGGGCAAACACTAAACT	1
161	160	1	GATGAATGGGCAAACACTAAACTA	1
162	161	1	ATGAATGGGCAAACACTAAACTAG	1
163	162	1	TGAATGGGCAAACACTAAACTAGG	1
164	163	1	GAATGGGCAAACACTAAACTAGGT	1
165	164	1	AATGGGCAAACACTAAACTAGGTG	1
166	165	1	ATGGGCAAACACTAAACTAGGTGG	1
167	166	1	TGGGCAAACACTAAACTAGGTGGA	1
168	167	1	GGGCAAACACTAAACTAGGTGGAA	1
169	168	1	GGCAAACACTAAACTAGGTGGAAT	1
170	169	1	GCAAACACTAAACTAGGTGGAATT	1
171	170	1	CAAACACTAAACTAGGTGGAATTT	1
172	171	1	AAACACTAAACTAGGTGGAATTTT	1
173	172	1	AACACTAAACTAGGTGGAATTTTC	1
174	173	1	ACACTAAACTAGGTGGAATTTTCG	1
175	174	1	CACTAAACTAGGTGGAATTTTCGA	1
176	175	1	ACTAAACTAGGTGGAATTTTCGAA	1
177	176	1	CTAAACTAGGTGGAATTTTCGAAC	1
178	177	1	TAAACTAGGTGGAATTTTCGAACG	1
179	178	1	AAACTAGGTGGAATTTTCGAACGA	1
180	179	1	AACTAGGTGGAATTTTCGAACGAA	1
181	180	1	ACTAGGTGGAATTTTCGAACGAAT	1
182	181	1	CTAGGTGGAATTTTCGAACGAATA	1
183	182	1	TAGGTGGAATTTTCGAACGAATAT	1
184	183	1	AGGTGGAATTTTCGAACGAATATT	1
