Component 257
1	-1	0	GTTCCAAGTACTTGTATACCTTGG	1
2	1	1	TTCCAAGTACTTGTATACCTTGGT	1
3	2	1	TCCAAGTACTTGTATACCTTGGTT	1
4	3	1	CCAAGTACTTGTATACCTTGGTTG	1
5	4	1	CAAGTACTTGTATACCTTGGTTGT	1
6	5	1	AAGTACTTGTATACCTTGGTTGTC	1
7	6	1	AGTACTTGTATACCTTGGTTGTCG	1
8	7	1	GTACTTGTATACCTTGGTTGTCGC	1
9	8	1	TACTTGTATACCTTGGTTGTCGCT	1
10	9	1	ACTTGTATACCTTGGTTGTCGCTG	1
11	10	1	CTTGTATACCTTGGTTGTCGCTGA	1
12	11	1	TTGTATACCTTGGTTGTCGCTGAC	1
13	12	1	TGTATACCTTGGTTGTCGCTGACG	1
14	13	1	GTATACCTTGGTTGTCGCTGACGC	1
15	14	1	TATACCTTGGTTGTCGCTGACGCC	1
16	15	1	ATACCTTGGTTGTCGCTGACGCCA	1
17	16	1	TACCTTGGTTGTCGCTGACGCCAA	1
18	17	1	ACCTTGGTTGTCGCTGACGCCAAG	1
19	18	1	CCTTGGTTGTCGCTGACGCCAAGA	1
20	19	1	CTTGGTTGTCGCTGACGCCAAGAA	1
21	20	1	TTGGTTGTCGCTGACGCCAAGAAG	1
22	21	1	TGGTTGTCGCTGACGCCAAGAAGG	1
23	22	1	GGTTGTCGCTGACGCCAAGAAGGC	1
24	23	1	GTTGTCGCTGACGCCAAGAAGGCT	1
25	24	1	TTGTCGCTGACGCCAAGAAGGCTG	1
26	25	1	TGTCGCTGACGCCAAGAAGGCTGA	1
27	26	1	GTCGCTGACGCCAAGAAGGCTGAG	1
28	27	1	TCGCTGACGCCAAGAAGGCTGAGA	1
29	28	1	CGCTGACGCCAAGAAGGCTGAGAA	1
30	29	1	GCTGACGCCAAGAAGGCTGAGAAG	1
31	30	1	CTGACGCCAAGAAGGCTGAGAAGC	1
32	31	1	TGACGCCAAGAAGGCTGAGAAGCT	1
33	32	1	GACGCCAAGAAGGCTGAGAAGCTC	1
34	33	1	ACGCCAAGAAGGCTGAGAAGCTCC	1
35	34	1	CGCCAAGAAGGCTGAGAAGCTCCG	1
36	35	1	GCCAAGAAGGCTGAGAAGCTCCGT	1
37	36	1	CCAAGAAGGCTGAGAAGCTCCGTC	1
38	37	2	CAAGAAGGCTGAGAAGCTCCGTCA	1
39	38	2	AAGAAGGCTGAGAAGCTCCGTCAA	1
40	39	2	AGAAGGCTGAGAAGCTCCGTCAAT	1
41	40	2	GAAGGCTGAGAAGCTCCGTCAATC	1
42	41	2	AAGGCTGAGAAGCTCCGTCAATCT	1
43	42	2	AGGCTGAGAAGCTCCGTCAATCTC	1
44	43	2	GGCTGAGAAGCTCCGTCAATCTCT	1
45	44	2	GCTGAGAAGCTCCGTCAATCTCTT	1
46	45	1	CTGAGAAGCTCCGTCAATCTCTTC	1
47	46	1	TGAGAAGCTCCGTCAATCTCTTCC	1
48	47	1	GAGAAGCTCCGTCAATCTCTTCCT	1
49	48	1	AGAAGCTCCGTCAATCTCTTCCTC	1
50	49	1	GAAGCTCCGTCAATCTCTTCCTCC	1
51	50	1	AAGCTCCGTCAATCTCTTCCTCCC	1
52	51	1	AGCTCCGTCAATCTCTTCCTCCCG	1
53	52	1	GCTCCGTCAATCTCTTCCTCCCGA	1
54	53	1	CTCCGTCAATCTCTTCCTCCCGAT	1
55	54	1	TCCGTCAATCTCTTCCTCCCGATT	1
56	55	1	CCGTCAATCTCTTCCTCCCGATTT	1
57	56	2	CGTCAATCTCTTCCTCCCGATTTG	1
58	57	2	GTCAATCTCTTCCTCCCGATTTGA	1
59	58	1	TCAATCTCTTCCTCCCGATTTGAC	1
60	59	1	CAATCTCTTCCTCCCGATTTGACC	1
61	60	1	AATCTCTTCCTCCCGATTTGACCG	1
62	61	1	ATCTCTTCCTCCCGATTTGACCGT	1
63	62	1	TCTCTTCCTCCCGATTTGACCGTT	1
64	63	1	CTCTTCCTCCCGATTTGACCGTTA	1
65	64	1	TCTTCCTCCCGATTTGACCGTTAC	1
66	65	1	CTTCCTCCCGATTTGACCGTTACT	1
67	66	2	TTCCTCCCGATTTGACCGTTACTG	1
68	67	2	TCCTCCCGATTTGACCGTTACTGA	1
69	68	2	CCTCCCGATTTGACCGTTACTGAG	1
70	69	2	CTCCCGATTTGACCGTTACTGAGG	1
71	70	2	TCCCGATTTGACCGTTACTGAGGT	1
72	71	2	CCCGATTTGACCGTTACTGAGGTT	1
73	72	3	CCGATTTGACCGTTACTGAGGTTG	1
74	73	3	CGATTTGACCGTTACTGAGGTTGG	1
75	74	3	GATTTGACCGTTACTGAGGTTGGA	1
76	75	4	ATTTGACCGTTACTGAGGTTGGAA	1
77	76	6	TTTGACCGTTACTGAGGTTGGAAA	1
78	77	6	TTGACCGTTACTGAGGTTGGAAAG	1
79	78	6	TGACCGTTACTGAGGTTGGAAAGA	1
80	79	6	GACCGTTACTGAGGTTGGAAAGAA	1
81	80	6	ACCGTTACTGAGGTTGGAAAGAAG	1
82	81	6	CCGTTACTGAGGTTGGAAAGAAGG	1
83	82	6	CGTTACTGAGGTTGGAAAGAAGGC	1
84	83	6	GTTACTGAGGTTGGAAAGAAGGCA	1
85	84	6	TTACTGAGGTTGGAAAGAAGGCAT	1
86	85	6	TACTGAGGTTGGAAAGAAGGCATA	1
87	86	6	ACTGAGGTTGGAAAGAAGGCATAA	1
88	87	6	CTGAGGTTGGAAAGAAGGCATAAA	1
89	88	6	TGAGGTTGGAAAGAAGGCATAAAG	1
90	89	6	GAGGTTGGAAAGAAGGCATAAAGT	1
91	90	6	AGGTTGGAAAGAAGGCATAAAGTT	1
92	91	5	GGTTGGAAAGAAGGCATAAAGTTT	1
93	92	5	GTTGGAAAGAAGGCATAAAGTTTC	1
94	93	5	TTGGAAAGAAGGCATAAAGTTTCT	1
95	94	5	TGGAAAGAAGGCATAAAGTTTCTG	1
96	95	5	GGAAAGAAGGCATAAAGTTTCTGG	1
97	96	5	GAAAGAAGGCATAAAGTTTCTGGT	1
98	97	5	AAAGAAGGCATAAAGTTTCTGGTT	1
99	98	5	AAGAAGGCATAAAGTTTCTGGTTG	1
100	99	5	AGAAGGCATAAAGTTTCTGGTTGA	1
101	100	4	GAAGGCATAAAGTTTCTGGTTGAG	1
102	101	4	AAGGCATAAAGTTTCTGGTTGAGT	1
103	102	4	AGGCATAAAGTTTCTGGTTGAGTG	1
104	103	4	GGCATAAAGTTTCTGGTTGAGTGA	1
105	104	4	GCATAAAGTTTCTGGTTGAGTGAT	1
106	105	4	CATAAAGTTTCTGGTTGAGTGATT	1
107	106	4	ATAAAGTTTCTGGTTGAGTGATTA	1
108	107	4	TAAAGTTTCTGGTTGAGTGATTAA	1
109	108	4	AAAGTTTCTGGTTGAGTGATTAAT	1
110	109	4	AAGTTTCTGGTTGAGTGATTAATG	1
111	110	4	AGTTTCTGGTTGAGTGATTAATGA	1
112	111	4	GTTTCTGGTTGAGTGATTAATGAA	1
113	112	4	TTTCTGGTTGAGTGATTAATGAAA	1
114	113	4	TTCTGGTTGAGTGATTAATGAAAA	1
115	114	4	TCTGGTTGAGTGATTAATGAAAAA	1
116	115	4	CTGGTTGAGTGATTAATGAAAAAG	1
117	116	3	TGGTTGAGTGATTAATGAAAAAGA	1
118	117	3	GGTTGAGTGATTAATGAAAAAGAA	1
119	118	1	GTTGAGTGATTAATGAAAAAGAAA	1
120	119	1	TTGAGTGATTAATGAAAAAGAAAC	1
121	-1	0	AACAAAATGCCTCGTCAAATCAGT	1
122	121	1	ACAAAATGCCTCGTCAAATCAGTG	1
123	122	1	CAAAATGCCTCGTCAAATCAGTGA	1
124	123	2	AAAATGCCTCGTCAAATCAGTGAC	1
125	124	2	AAATGCCTCGTCAAATCAGTGACA	1
126	125	3	AATGCCTCGTCAAATCAGTGACAT	1
127	126	3	ATGCCTCGTCAAATCAGTGACATT	1
128	127	3	TGCCTCGTCAAATCAGTGACATTA	1
129	128	3	GCCTCGTCAAATCAGTGACATTAA	1
130	129	3	CCTCGTCAAATCAGTGACATTAAG	1
131	130	3	CTCGTCAAATCAGTGACATTAAGC	1
132	131	4	TCGTCAAATCAGTGACATTAAGCA	1
133	132	4	CGTCAAATCAGTGACATTAAGCAA	1
134	133	4	GTCAAATCAGTGACATTAAGCAAT	1
135	134	4	TCAAATCAGTGACATTAAGCAATT	1
136	135	4	CAAATCAGTGACATTAAGCAATTC	1
137	136	5	AAATCAGTGACATTAAGCAATTCT	1
138	137	5	AATCAGTGACATTAAGCAATTCTT	1
139	138	5	ATCAGTGACATTAAGCAATTCTTG	1
140	139	5	TCAGTGACATTAAGCAATTCTTGG	1
141	140	5	CAGTGACATTAAGCAATTCTTGGA	1
142	141	5	AGTGACATTAAGCAATTCTTGGAG	1
143	142	5	GTGACATTAAGCAATTCTTGGAGA	1
144	143	6	TGACATTAAGCAATTCTTGGAGAT	1
145	144	6	GACATTAAGCAATTCTTGGAGATC	1
146	145	6	ACATTAAGCAATTCTTGGAGATCG	1
147	146	6	CATTAAGCAATTCTTGGAGATCGC	1
148	147	6	ATTAAGCAATTCTTGGAGATCGCT	1
149	148	6	TTAAGCAATTCTTGGAGATCGCTC	1
150	149	6	TAAGCAATTCTTGGAGATCGCTCG	1
151	150	6	AAGCAATTCTTGGAGATCGCTCGC	1
152	151	6	AGCAATTCTTGGAGATCGCTCGCA	1
153	152	6	GCAATTCTTGGAGATCGCTCGCAG	1
154	153	6	CAATTCTTGGAGATCGCTCGCAGA	1
155	154	6	AATTCTTGGAGATCGCTCGCAGAA	1
156	155	6	ATTCTTGGAGATCGCTCGCAGAAA	1
157	156	6	TTCTTGGAGATCGCTCGCAGAAAG	1
158	157	6	TCTTGGAGATCGCTCGCAGAAAGG	1
159	158	6	CTTGGAGATCGCTCGCAGAAAGGA	1
160	159	6	TTGGAGATCGCTCGCAGAAAGGAT	1
161	160	7	TGGAGATCGCTCGCAGAAAGGATG	1
162	161	6	GGAGATCGCTCGCAGAAAGGATGC	1
163	162	6	GAGATCGCTCGCAGAAAGGATGCT	1
164	163	6	AGATCGCTCGCAGAAAGGATGCTA	1
165	164	6	GATCGCTCGCAGAAAGGATGCTAC	1
166	165	5	ATCGCTCGCAGAAAGGATGCTACT	1
167	166	5	TCGCTCGCAGAAAGGATGCTACTT	1
168	167	4	CGCTCGCAGAAAGGATGCTACTTC	1
169	168	4	GCTCGCAGAAAGGATGCTACTTCT	1
170	169	4	CTCGCAGAAAGGATGCTACTTCTG	1
171	170	4	TCGCAGAAAGGATGCTACTTCTGC	1
172	171	4	CGCAGAAAGGATGCTACTTCTGCC	1
173	172	4	GCAGAAAGGATGCTACTTCTGCCC	1
174	173	4	CAGAAAGGATGCTACTTCTGCCCG	1
175	174	4	AGAAAGGATGCTACTTCTGCCCGC	1
176	175	3	GAAAGGATGCTACTTCTGCCCGCA	1
177	176	3	AAAGGATGCTACTTCTGCCCGCAT	1
178	177	3	AAGGATGCTACTTCTGCCCGCATC	1
179	178	3	AGGATGCTACTTCTGCCCGCATCA	1
180	179	3	GGATGCTACTTCTGCCCGCATCAA	1
181	180	2	GATGCTACTTCTGCCCGCATCAAG	1
182	181	2	ATGCTACTTCTGCCCGCATCAAGA	1
183	182	2	TGCTACTTCTGCCCGCATCAAGAA	1
184	183	2	GCTACTTCTGCCCGCATCAAGAAG	1
185	184	2	CTACTTCTGCCCGCATCAAGAAGA	1
186	185	2	TACTTCTGCCCGCATCAAGAAGAA	1
187	186	2	ACTTCTGCCCGCATCAAGAAGAAC	1
188	187	1	CTTCTGCCCGCATCAAGAAGAACA	1
189	188	1	TTCTGCCCGCATCAAGAAGAACAC	1
190	189	1	TCTGCCCGCATCAAGAAGAACACT	1
191	190	1	CTGCCCGCATCAAGAAGAACACTA	1
192	191	1	TGCCCGCATCAAGAAGAACACTAA	1
193	192	1	GCCCGCATCAAGAAGAACACTAAC	1
194	193	1	CCCGCATCAAGAAGAACACTAACA	1
195	194	1	CCGCATCAAGAAGAACACTAACAA	1
196	195	1	CGCATCAAGAAGAACACTAACAAG	1
197	196	1	GCATCAAGAAGAACACTAACAAGG	1
198	197	1	CATCAAGAAGAACACTAACAAGGA	1
199	198	1	ATCAAGAAGAACACTAACAAGGAC	1
200	199	1	TCAAGAAGAACACTAACAAGGACG	1
201	200	1	CAAGAAGAACACTAACAAGGACGT	1
202	201	1	AAGAAGAACACTAACAAGGACGTT	1
203	202	1	AGAAGAACACTAACAAGGACGTTA	1
204	203	1	GAAGAACACTAACAAGGACGTTAA	1
