Component 258
1	-1	0	TAACGCTTCATACACAATTCGTGA	1
2	1	1	AACGCTTCATACACAATTCGTGAA	1
3	2	1	ACGCTTCATACACAATTCGTGAAT	1
4	3	1	CGCTTCATACACAATTCGTGAATT	1
5	4	2	GCTTCATACACAATTCGTGAATTT	1
6	5	2	CTTCATACACAATTCGTGAATTTG	1
7	6	2	TTCATACACAATTCGTGAATTTGA	1
8	7	2	TCATACACAATTCGTGAATTTGAA	1
9	8	2	CATACACAATTCGTGAATTTGAAA	1
10	9	3	ATACACAATTCGTGAATTTGAAAG	1
11	10	3	TACACAATTCGTGAATTTGAAAGT	1
12	11	3	ACACAATTCGTGAATTTGAAAGTT	1
13	12	3	CACAATTCGTGAATTTGAAAGTTT	1
14	13	4	ACAATTCGTGAATTTGAAAGTTTT	1
15	14	4	CAATTCGTGAATTTGAAAGTTTTT	1
16	15	4	AATTCGTGAATTTGAAAGTTTTTT	1
17	16	4	ATTCGTGAATTTGAAAGTTTTTTT	1
18	17	3	TTCGTGAATTTGAAAGTTTTTTTT	1
19	18	3	TCGTGAATTTGAAAGTTTTTTTTA	1
20	19	3	CGTGAATTTGAAAGTTTTTTTTAT	1
21	20	4	GTGAATTTGAAAGTTTTTTTTATT	1
22	21	4	TGAATTTGAAAGTTTTTTTTATTT	1
23	22	4	GAATTTGAAAGTTTTTTTTATTTA	1
24	23	4	AATTTGAAAGTTTTTTTTATTTAA	1
25	24	4	ATTTGAAAGTTTTTTTTATTTAAG	1
26	25	4	TTTGAAAGTTTTTTTTATTTAAGT	1
27	26	4	TTGAAAGTTTTTTTTATTTAAGTT	1
28	27	4	TGAAAGTTTTTTTTATTTAAGTTT	1
29	28	4	GAAAGTTTTTTTTATTTAAGTTTT	1
30	29	4	AAAGTTTTTTTTATTTAAGTTTTA	1
31	30	4	AAGTTTTTTTTATTTAAGTTTTAT	1
32	31	4	AGTTTTTTTTATTTAAGTTTTATA	1
33	32	4	GTTTTTTTTATTTAAGTTTTATAA	1
34	33	4	TTTTTTTTATTTAAGTTTTATAAA	1
35	34	4	TTTTTTTATTTAAGTTTTATAAAA	1
36	35	5	TTTTTTATTTAAGTTTTATAAAAT	1
37	36	4	TTTTTATTTAAGTTTTATAAAATG	1
38	37	4	TTTTATTTAAGTTTTATAAAATGT	1
39	38	4	TTTATTTAAGTTTTATAAAATGTC	1
40	39	4	TTATTTAAGTTTTATAAAATGTCT	1
41	40	4	TATTTAAGTTTTATAAAATGTCTT	1
42	41	4	ATTTAAGTTTTATAAAATGTCTTC	1
43	42	5	TTTAAGTTTTATAAAATGTCTTCA	1
44	43	5	TTAAGTTTTATAAAATGTCTTCAT	1
45	44	5	TAAGTTTTATAAAATGTCTTCATT	1
46	45	5	AAGTTTTATAAAATGTCTTCATTA	1
47	46	5	AGTTTTATAAAATGTCTTCATTAT	1
48	47	5	GTTTTATAAAATGTCTTCATTATC	1
49	48	4	TTTTATAAAATGTCTTCATTATCA	1
50	49	4	TTTATAAAATGTCTTCATTATCAC	1
51	50	4	TTATAAAATGTCTTCATTATCACC	1
52	51	3	TATAAAATGTCTTCATTATCACCA	1
53	52	3	ATAAAATGTCTTCATTATCACCAG	1
54	53	3	TAAAATGTCTTCATTATCACCAGA	1
55	54	3	AAAATGTCTTCATTATCACCAGAA	1
56	55	3	AAATGTCTTCATTATCACCAGAAT	1
57	56	3	AATGTCTTCATTATCACCAGAATT	1
58	57	2	ATGTCTTCATTATCACCAGAATTA	1
59	58	2	TGTCTTCATTATCACCAGAATTAT	1
60	59	2	GTCTTCATTATCACCAGAATTATA	1
61	60	2	TCTTCATTATCACCAGAATTATAT	1
62	61	2	CTTCATTATCACCAGAATTATATG	1
63	62	2	TTCATTATCACCAGAATTATATGG	1
64	63	2	TCATTATCACCAGAATTATATGGC	1
65	64	1	CATTATCACCAGAATTATATGGCT	1
66	65	1	ATTATCACCAGAATTATATGGCTG	1
67	66	1	TTATCACCAGAATTATATGGCTGT	1
68	67	1	TATCACCAGAATTATATGGCTGTC	1
69	68	1	ATCACCAGAATTATATGGCTGTCT	1
70	69	1	TCACCAGAATTATATGGCTGTCTA	1
71	70	1	CACCAGAATTATATGGCTGTCTAG	1
72	71	1	ACCAGAATTATATGGCTGTCTAGG	1
73	72	1	CCAGAATTATATGGCTGTCTAGGA	1
74	73	1	CAGAATTATATGGCTGTCTAGGAA	1
75	74	1	AGAATTATATGGCTGTCTAGGAAA	1
76	75	1	GAATTATATGGCTGTCTAGGAAAT	1
77	76	1	AATTATATGGCTGTCTAGGAAATT	1
78	77	1	ATTATATGGCTGTCTAGGAAATTC	1
79	78	1	TTATATGGCTGTCTAGGAAATTCT	1
80	79	1	TATATGGCTGTCTAGGAAATTCTG	1
81	80	1	ATATGGCTGTCTAGGAAATTCTGG	1
82	81	1	TATGGCTGTCTAGGAAATTCTGGA	1
83	82	1	ATGGCTGTCTAGGAAATTCTGGAC	1
84	83	1	TGGCTGTCTAGGAAATTCTGGACT	1
85	84	1	GGCTGTCTAGGAAATTCTGGACTC	1
86	85	1	GCTGTCTAGGAAATTCTGGACTCA	1
87	-1	0	AAAAGAATATTGGGAAGATTGGGT	1
88	87	1	AAAGAATATTGGGAAGATTGGGTG	1
89	88	1	AAGAATATTGGGAAGATTGGGTGC	1
90	89	1	AGAATATTGGGAAGATTGGGTGCT	1
91	90	1	GAATATTGGGAAGATTGGGTGCTT	1
92	91	1	AATATTGGGAAGATTGGGTGCTTG	1
93	92	1	ATATTGGGAAGATTGGGTGCTTGA	1
94	93	1	TATTGGGAAGATTGGGTGCTTGAA	1
95	94	1	ATTGGGAAGATTGGGTGCTTGAAG	1
96	95	1	TTGGGAAGATTGGGTGCTTGAAGA	1
97	96	1	TGGGAAGATTGGGTGCTTGAAGAC	1
98	97	1	GGGAAGATTGGGTGCTTGAAGACG	1
99	98	2	GGAAGATTGGGTGCTTGAAGACGA	1
100	99	2	GAAGATTGGGTGCTTGAAGACGAA	1
101	100	2	AAGATTGGGTGCTTGAAGACGAAG	1
102	101	2	AGATTGGGTGCTTGAAGACGAAGA	1
103	102	2	GATTGGGTGCTTGAAGACGAAGAG	1
104	103	1	ATTGGGTGCTTGAAGACGAAGAGG	1
105	104	1	TTGGGTGCTTGAAGACGAAGAGGA	1
106	105	1	TGGGTGCTTGAAGACGAAGAGGAG	1
107	106	1	GGGTGCTTGAAGACGAAGAGGAGG	1
108	107	2	GGTGCTTGAAGACGAAGAGGAGGT	1
109	108	2	GTGCTTGAAGACGAAGAGGAGGTT	1
110	109	2	TGCTTGAAGACGAAGAGGAGGTTT	1
111	110	2	GCTTGAAGACGAAGAGGAGGTTTT	1
112	111	2	CTTGAAGACGAAGAGGAGGTTTTC	1
113	112	2	TTGAAGACGAAGAGGAGGTTTTCA	1
114	113	3	TGAAGACGAAGAGGAGGTTTTCAA	1
115	114	3	GAAGACGAAGAGGAGGTTTTCAAA	1
116	115	3	AAGACGAAGAGGAGGTTTTCAAAA	1
117	116	3	AGACGAAGAGGAGGTTTTCAAAAT	1
118	117	3	GACGAAGAGGAGGTTTTCAAAATA	1
119	118	3	ACGAAGAGGAGGTTTTCAAAATAA	1
120	119	3	CGAAGAGGAGGTTTTCAAAATAAT	1
121	120	3	GAAGAGGAGGTTTTCAAAATAATG	1
122	121	3	AAGAGGAGGTTTTCAAAATAATGA	1
123	122	3	AGAGGAGGTTTTCAAAATAATGAA	1
124	123	3	GAGGAGGTTTTCAAAATAATGAAG	1
125	124	3	AGGAGGTTTTCAAAATAATGAAGG	1
126	125	3	GGAGGTTTTCAAAATAATGAAGGC	1
127	126	3	GAGGTTTTCAAAATAATGAAGGCT	1
128	127	3	AGGTTTTCAAAATAATGAAGGCTG	1
129	128	3	GGTTTTCAAAATAATGAAGGCTGC	1
130	129	3	GTTTTCAAAATAATGAAGGCTGCC	1
131	130	3	TTTTCAAAATAATGAAGGCTGCCT	1
132	131	2	TTTCAAAATAATGAAGGCTGCCTA	1
133	132	2	TTCAAAATAATGAAGGCTGCCTAT	1
134	133	2	TCAAAATAATGAAGGCTGCCTATG	1
135	134	2	CAAAATAATGAAGGCTGCCTATGA	1
136	135	3	AAAATAATGAAGGCTGCCTATGAT	1
137	136	3	AAATAATGAAGGCTGCCTATGATG	1
138	137	3	AATAATGAAGGCTGCCTATGATGC	1
139	138	3	ATAATGAAGGCTGCCTATGATGCT	1
140	139	3	TAATGAAGGCTGCCTATGATGCTG	1
141	140	3	AATGAAGGCTGCCTATGATGCTGG	1
142	141	3	ATGAAGGCTGCCTATGATGCTGGG	1
143	142	3	TGAAGGCTGCCTATGATGCTGGGA	1
144	143	3	GAAGGCTGCCTATGATGCTGGGAT	1
145	144	3	AAGGCTGCCTATGATGCTGGGATT	1
146	145	3	AGGCTGCCTATGATGCTGGGATTC	1
147	146	3	GGCTGCCTATGATGCTGGGATTCG	1
148	147	3	GCTGCCTATGATGCTGGGATTCGT	1
149	148	2	CTGCCTATGATGCTGGGATTCGTA	1
150	149	2	TGCCTATGATGCTGGGATTCGTAC	1
151	150	2	GCCTATGATGCTGGGATTCGTACA	1
152	151	2	CCTATGATGCTGGGATTCGTACAT	1
153	152	2	CTATGATGCTGGGATTCGTACATT	1
154	153	2	TATGATGCTGGGATTCGTACATTT	1
155	154	2	ATGATGCTGGGATTCGTACATTTG	1
156	155	2	TGATGCTGGGATTCGTACATTTGA	1
157	156	2	GATGCTGGGATTCGTACATTTGAC	1
158	157	1	ATGCTGGGATTCGTACATTTGACA	1
159	158	1	TGCTGGGATTCGTACATTTGACAC	1
160	159	1	GCTGGGATTCGTACATTTGACACA	1
161	160	1	CTGGGATTCGTACATTTGACACAG	1
162	161	1	TGGGATTCGTACATTTGACACAGC	1
163	162	1	GGGATTCGTACATTTGACACAGCA	1
164	163	1	GGATTCGTACATTTGACACAGCAA	1
165	164	1	GATTCGTACATTTGACACAGCAAA	1
166	165	1	ATTCGTACATTTGACACAGCAAAC	1
167	166	1	TTCGTACATTTGACACAGCAAACT	1
168	167	1	TCGTACATTTGACACAGCAAACTG	1
169	168	1	CGTACATTTGACACAGCAAACTGT	1
170	169	1	GTACATTTGACACAGCAAACTGTT	1
171	170	1	TACATTTGACACAGCAAACTGTTA	1
172	171	1	ACATTTGACACAGCAAACTGTTAT	1
173	172	2	CATTTGACACAGCAAACTGTTATT	1
174	173	2	ATTTGACACAGCAAACTGTTATTC	1
175	174	2	TTTGACACAGCAAACTGTTATTCT	1
176	175	2	TTGACACAGCAAACTGTTATTCTG	1
177	176	2	TGACACAGCAAACTGTTATTCTGC	1
178	177	2	GACACAGCAAACTGTTATTCTGCT	1
179	178	2	ACACAGCAAACTGTTATTCTGCTG	1
180	179	1	CACAGCAAACTGTTATTCTGCTGG	1
181	180	1	ACAGCAAACTGTTATTCTGCTGGA	1
182	181	1	CAGCAAACTGTTATTCTGCTGGAG	1
183	182	1	AGCAAACTGTTATTCTGCTGGAGT	1
184	183	1	GCAAACTGTTATTCTGCTGGAGTA	1
185	184	1	CAAACTGTTATTCTGCTGGAGTAT	1
186	185	1	AAACTGTTATTCTGCTGGAGTATC	1
187	186	1	AACTGTTATTCTGCTGGAGTATCA	1
188	187	1	ACTGTTATTCTGCTGGAGTATCAG	1
189	188	1	CTGTTATTCTGCTGGAGTATCAGA	1
190	189	1	TGTTATTCTGCTGGAGTATCAGAA	1
191	190	1	GTTATTCTGCTGGAGTATCAGAAG	1
192	191	1	TTATTCTGCTGGAGTATCAGAAGA	1
193	192	1	TATTCTGCTGGAGTATCAGAAGAA	1
194	193	1	ATTCTGCTGGAGTATCAGAAGAAT	1
195	194	1	TTCTGCTGGAGTATCAGAAGAATT	1
196	195	1	TCTGCTGGAGTATCAGAAGAATTA	1
197	196	1	CTGCTGGAGTATCAGAAGAATTAG	1
198	197	1	TGCTGGAGTATCAGAAGAATTAGT	1
199	198	1	GCTGGAGTATCAGAAGAATTAGTT	1
200	199	1	CTGGAGTATCAGAAGAATTAGTTG	1
201	200	1	TGGAGTATCAGAAGAATTAGTTGG	1
202	201	1	GGAGTATCAGAAGAATTAGTTGGA	1
203	202	1	GAGTATCAGAAGAATTAGTTGGAA	1
204	203	1	AGTATCAGAAGAATTAGTTGGAAA	1
205	204	1	GTATCAGAAGAATTAGTTGGAAAG	1
206	205	1	TATCAGAAGAATTAGTTGGAAAGT	1
207	206	1	ATCAGAAGAATTAGTTGGAAAGTT	1
208	207	1	TCAGAAGAATTAGTTGGAAAGTTT	1
209	208	1	CAGAAGAATTAGTTGGAAAGTTTA	1
210	209	1	AGAAGAATTAGTTGGAAAGTTTAT	1
211	210	1	GAAGAATTAGTTGGAAAGTTTATT	1
212	211	1	AAGAATTAGTTGGAAAGTTTATTC	1
213	212	1	AGAATTAGTTGGAAAGTTTATTCG	1
214	213	1	GAATTAGTTGGAAAGTTTATTCGA	1
215	214	1	AATTAGTTGGAAAGTTTATTCGAA	1
216	215	1	ATTAGTTGGAAAGTTTATTCGAAA	1
