Component 261
1	-1	0	TATGGACCATTCTTATTCCTGCTT	1
2	1	1	ATGGACCATTCTTATTCCTGCTTG	1
3	2	1	TGGACCATTCTTATTCCTGCTTGC	1
4	3	1	GGACCATTCTTATTCCTGCTTGCT	1
5	4	1	GACCATTCTTATTCCTGCTTGCTC	1
6	5	1	ACCATTCTTATTCCTGCTTGCTCT	1
7	6	1	CCATTCTTATTCCTGCTTGCTCTA	1
8	7	1	CATTCTTATTCCTGCTTGCTCTAT	1
9	8	1	ATTCTTATTCCTGCTTGCTCTATT	1
10	9	1	TTCTTATTCCTGCTTGCTCTATTC	1
11	10	1	TCTTATTCCTGCTTGCTCTATTCC	1
12	11	1	CTTATTCCTGCTTGCTCTATTCCT	1
13	12	1	TTATTCCTGCTTGCTCTATTCCTT	1
14	13	1	TATTCCTGCTTGCTCTATTCCTTT	1
15	14	1	ATTCCTGCTTGCTCTATTCCTTTC	1
16	15	1	TTCCTGCTTGCTCTATTCCTTTCC	1
17	16	1	TCCTGCTTGCTCTATTCCTTTCCT	1
18	17	1	CCTGCTTGCTCTATTCCTTTCCTT	1
19	18	1	CTGCTTGCTCTATTCCTTTCCTTG	1
20	19	1	TGCTTGCTCTATTCCTTTCCTTGC	1
21	20	1	GCTTGCTCTATTCCTTTCCTTGCC	1
22	21	1	CTTGCTCTATTCCTTTCCTTGCCG	1
23	22	1	TTGCTCTATTCCTTTCCTTGCCGT	1
24	23	1	TGCTCTATTCCTTTCCTTGCCGTT	1
25	24	1	GCTCTATTCCTTTCCTTGCCGTTT	1
26	25	1	CTCTATTCCTTTCCTTGCCGTTTA	1
27	26	1	TCTATTCCTTTCCTTGCCGTTTAT	1
28	27	1	CTATTCCTTTCCTTGCCGTTTATT	1
29	28	1	TATTCCTTTCCTTGCCGTTTATTC	1
30	29	2	ATTCCTTTCCTTGCCGTTTATTCA	1
31	30	2	TTCCTTTCCTTGCCGTTTATTCAT	1
32	31	2	TCCTTTCCTTGCCGTTTATTCATA	1
33	32	2	CCTTTCCTTGCCGTTTATTCATAT	1
34	33	2	CTTTCCTTGCCGTTTATTCATATT	1
35	34	2	TTTCCTTGCCGTTTATTCATATTA	1
36	35	2	TTCCTTGCCGTTTATTCATATTAT	1
37	36	2	TCCTTGCCGTTTATTCATATTATC	1
38	37	2	CCTTGCCGTTTATTCATATTATCA	1
39	38	2	CTTGCCGTTTATTCATATTATCAA	1
40	39	2	TTGCCGTTTATTCATATTATCAAT	1
41	40	1	TGCCGTTTATTCATATTATCAATT	1
42	41	1	GCCGTTTATTCATATTATCAATTC	1
43	42	1	CCGTTTATTCATATTATCAATTCC	1
44	43	1	CGTTTATTCATATTATCAATTCCG	1
45	44	1	GTTTATTCATATTATCAATTCCGA	1
46	45	1	TTTATTCATATTATCAATTCCGAG	1
47	46	1	TTATTCATATTATCAATTCCGAGC	1
48	47	1	TATTCATATTATCAATTCCGAGCT	1
49	48	1	ATTCATATTATCAATTCCGAGCTT	1
50	49	1	TTCATATTATCAATTCCGAGCTTG	1
51	50	1	TCATATTATCAATTCCGAGCTTGG	1
52	51	1	CATATTATCAATTCCGAGCTTGGC	1
53	52	1	ATATTATCAATTCCGAGCTTGGCG	1
54	53	1	TATTATCAATTCCGAGCTTGGCGG	1
55	54	1	ATTATCAATTCCGAGCTTGGCGGG	1
56	55	1	TTATCAATTCCGAGCTTGGCGGGA	1
57	56	1	TATCAATTCCGAGCTTGGCGGGAG	1
58	57	1	ATCAATTCCGAGCTTGGCGGGAGG	1
59	58	1	TCAATTCCGAGCTTGGCGGGAGGG	1
60	59	1	CAATTCCGAGCTTGGCGGGAGGGT	1
61	60	1	AATTCCGAGCTTGGCGGGAGGGTG	1
62	61	1	ATTCCGAGCTTGGCGGGAGGGTGC	1
63	62	1	TTCCGAGCTTGGCGGGAGGGTGCT	1
64	63	1	TCCGAGCTTGGCGGGAGGGTGCTT	1
65	64	1	CCGAGCTTGGCGGGAGGGTGCTTT	1
66	65	1	CGAGCTTGGCGGGAGGGTGCTTTG	1
67	66	1	GAGCTTGGCGGGAGGGTGCTTTGA	1
68	67	1	AGCTTGGCGGGAGGGTGCTTTGAA	1
69	68	1	GCTTGGCGGGAGGGTGCTTTGAAG	1
70	69	1	CTTGGCGGGAGGGTGCTTTGAAGG	1
71	70	3	TTGGCGGGAGGGTGCTTTGAAGGG	1
72	71	3	TGGCGGGAGGGTGCTTTGAAGGGA	1
73	72	3	GGCGGGAGGGTGCTTTGAAGGGAA	1
74	73	2	GCGGGAGGGTGCTTTGAAGGGAAC	1
75	74	2	CGGGAGGGTGCTTTGAAGGGAACG	1
76	75	2	GGGAGGGTGCTTTGAAGGGAACGC	1
77	76	2	GGAGGGTGCTTTGAAGGGAACGCT	1
78	77	2	GAGGGTGCTTTGAAGGGAACGCTT	1
79	78	2	AGGGTGCTTTGAAGGGAACGCTTA	1
80	79	2	GGGTGCTTTGAAGGGAACGCTTAC	1
81	80	2	GGTGCTTTGAAGGGAACGCTTACA	1
82	81	2	GTGCTTTGAAGGGAACGCTTACAA	1
83	82	2	TGCTTTGAAGGGAACGCTTACAAT	1
84	83	2	GCTTTGAAGGGAACGCTTACAATT	1
85	84	2	CTTTGAAGGGAACGCTTACAATTA	1
86	85	2	TTTGAAGGGAACGCTTACAATTAA	1
87	86	2	TTGAAGGGAACGCTTACAATTAAC	1
88	87	2	TGAAGGGAACGCTTACAATTAACC	1
89	88	2	GAAGGGAACGCTTACAATTAACCC	1
90	89	2	AAGGGAACGCTTACAATTAACCCT	1
91	90	2	AGGGAACGCTTACAATTAACCCTG	1
92	91	2	GGGAACGCTTACAATTAACCCTGT	1
93	92	2	GGAACGCTTACAATTAACCCTGTT	1
94	93	2	GAACGCTTACAATTAACCCTGTTG	1
95	94	2	AACGCTTACAATTAACCCTGTTGA	1
96	95	2	ACGCTTACAATTAACCCTGTTGAA	1
97	96	2	CGCTTACAATTAACCCTGTTGAAT	1
98	97	2	GCTTACAATTAACCCTGTTGAATT	1
99	98	2	CTTACAATTAACCCTGTTGAATTG	1
100	99	2	TTACAATTAACCCTGTTGAATTGT	1
101	100	2	TACAATTAACCCTGTTGAATTGTT	1
102	101	2	ACAATTAACCCTGTTGAATTGTTC	1
103	102	2	CAATTAACCCTGTTGAATTGTTCA	1
104	103	2	AATTAACCCTGTTGAATTGTTCAA	1
105	104	2	ATTAACCCTGTTGAATTGTTCAAA	1
106	105	2	TTAACCCTGTTGAATTGTTCAAAA	1
107	106	2	TAACCCTGTTGAATTGTTCAAAAA	1
108	107	2	AACCCTGTTGAATTGTTCAAAAAA	1
109	108	2	ACCCTGTTGAATTGTTCAAAAAAC	1
110	109	2	CCCTGTTGAATTGTTCAAAAAACT	1
111	110	2	CCTGTTGAATTGTTCAAAAAACTC	1
112	111	2	CTGTTGAATTGTTCAAAAAACTCG	1
113	112	2	TGTTGAATTGTTCAAAAAACTCGA	1
114	113	2	GTTGAATTGTTCAAAAAACTCGAC	1
115	-1	0	CGTTGAGTTGATTATGACAATCTT	1
116	115	1	GTTGAGTTGATTATGACAATCTTT	1
117	116	1	TTGAGTTGATTATGACAATCTTTA	1
118	117	1	TGAGTTGATTATGACAATCTTTAT	1
119	118	1	GAGTTGATTATGACAATCTTTATG	1
120	119	1	AGTTGATTATGACAATCTTTATGG	1
121	120	1	GTTGATTATGACAATCTTTATGGC	1
122	121	1	TTGATTATGACAATCTTTATGGCG	1
123	122	1	TGATTATGACAATCTTTATGGCGG	1
124	123	1	GATTATGACAATCTTTATGGCGGA	1
125	124	1	ATTATGACAATCTTTATGGCGGAT	1
126	125	1	TTATGACAATCTTTATGGCGGATA	1
127	126	1	TATGACAATCTTTATGGCGGATAC	1
128	127	1	ATGACAATCTTTATGGCGGATACC	1
129	128	1	TGACAATCTTTATGGCGGATACCT	1
130	129	1	GACAATCTTTATGGCGGATACCTC	1
131	130	2	ACAATCTTTATGGCGGATACCTCT	1
132	131	2	CAATCTTTATGGCGGATACCTCTT	1
133	132	2	AATCTTTATGGCGGATACCTCTTC	1
134	133	2	ATCTTTATGGCGGATACCTCTTCT	1
135	134	2	TCTTTATGGCGGATACCTCTTCTA	1
136	135	2	CTTTATGGCGGATACCTCTTCTAT	1
137	136	2	TTTATGGCGGATACCTCTTCTATG	1
138	137	2	TTATGGCGGATACCTCTTCTATGG	1
139	138	2	TATGGCGGATACCTCTTCTATGGC	1
140	139	2	ATGGCGGATACCTCTTCTATGGCT	1
141	140	2	TGGCGGATACCTCTTCTATGGCTA	1
142	141	2	GGCGGATACCTCTTCTATGGCTAA	1
143	142	2	GCGGATACCTCTTCTATGGCTAAC	1
144	143	2	CGGATACCTCTTCTATGGCTAACC	1
145	144	2	GGATACCTCTTCTATGGCTAACCG	1
146	145	2	GATACCTCTTCTATGGCTAACCGC	1
147	146	2	ATACCTCTTCTATGGCTAACCGCT	1
148	147	2	TACCTCTTCTATGGCTAACCGCTC	1
149	148	2	ACCTCTTCTATGGCTAACCGCTCT	1
150	149	3	CCTCTTCTATGGCTAACCGCTCTC	1
151	150	4	CTCTTCTATGGCTAACCGCTCTCT	1
152	151	4	TCTTCTATGGCTAACCGCTCTCTT	1
153	152	4	CTTCTATGGCTAACCGCTCTCTTG	1
154	153	4	TTCTATGGCTAACCGCTCTCTTGT	1
155	154	4	TCTATGGCTAACCGCTCTCTTGTT	1
156	155	4	CTATGGCTAACCGCTCTCTTGTTT	1
157	156	4	TATGGCTAACCGCTCTCTTGTTTT	1
158	157	4	ATGGCTAACCGCTCTCTTGTTTTA	1
159	158	4	TGGCTAACCGCTCTCTTGTTTTAG	1
160	159	3	GGCTAACCGCTCTCTTGTTTTAGG	1
161	160	3	GCTAACCGCTCTCTTGTTTTAGGC	1
162	161	3	CTAACCGCTCTCTTGTTTTAGGCA	1
163	162	4	TAACCGCTCTCTTGTTTTAGGCAT	1
164	163	4	AACCGCTCTCTTGTTTTAGGCATT	1
165	164	4	ACCGCTCTCTTGTTTTAGGCATTT	1
166	165	4	CCGCTCTCTTGTTTTAGGCATTTC	1
167	166	4	CGCTCTCTTGTTTTAGGCATTTCT	1
168	167	4	GCTCTCTTGTTTTAGGCATTTCTT	1
169	168	4	CTCTCTTGTTTTAGGCATTTCTTA	1
170	169	4	TCTCTTGTTTTAGGCATTTCTTAC	1
171	170	4	CTCTTGTTTTAGGCATTTCTTACC	1
172	171	4	TCTTGTTTTAGGCATTTCTTACCT	1
173	172	4	CTTGTTTTAGGCATTTCTTACCTG	1
174	173	4	TTGTTTTAGGCATTTCTTACCTGC	1
175	174	3	TGTTTTAGGCATTTCTTACCTGCC	1
176	175	3	GTTTTAGGCATTTCTTACCTGCCA	1
177	176	3	TTTTAGGCATTTCTTACCTGCCAT	1
178	177	3	TTTAGGCATTTCTTACCTGCCATT	1
179	178	3	TTAGGCATTTCTTACCTGCCATTC	1
180	179	3	TAGGCATTTCTTACCTGCCATTCG	1
181	180	3	AGGCATTTCTTACCTGCCATTCGT	1
182	181	3	GGCATTTCTTACCTGCCATTCGTC	1
183	182	3	GCATTTCTTACCTGCCATTCGTCG	1
184	183	3	CATTTCTTACCTGCCATTCGTCGT	1
185	184	3	ATTTCTTACCTGCCATTCGTCGTA	1
186	185	3	TTTCTTACCTGCCATTCGTCGTAA	1
187	186	3	TTCTTACCTGCCATTCGTCGTAAC	1
188	187	3	TCTTACCTGCCATTCGTCGTAACA	1
189	188	3	CTTACCTGCCATTCGTCGTAACAA	1
190	189	3	TTACCTGCCATTCGTCGTAACAAT	1
191	190	3	TACCTGCCATTCGTCGTAACAATT	1
192	191	3	ACCTGCCATTCGTCGTAACAATTT	1
193	192	3	CCTGCCATTCGTCGTAACAATTTG	1
194	193	2	CTGCCATTCGTCGTAACAATTTGG	1
195	194	1	TGCCATTCGTCGTAACAATTTGGA	1
196	195	1	GCCATTCGTCGTAACAATTTGGAT	1
197	196	1	CCATTCGTCGTAACAATTTGGATC	1
198	197	1	CATTCGTCGTAACAATTTGGATCG	1
199	198	1	ATTCGTCGTAACAATTTGGATCGG	1
200	199	1	TTCGTCGTAACAATTTGGATCGGC	1
201	200	1	TCGTCGTAACAATTTGGATCGGCC	1
202	201	1	CGTCGTAACAATTTGGATCGGCCC	1
203	202	1	GTCGTAACAATTTGGATCGGCCCC	1
204	203	1	TCGTAACAATTTGGATCGGCCCCA	1
205	204	1	CGTAACAATTTGGATCGGCCCCAG	1
206	205	1	GTAACAATTTGGATCGGCCCCAGA	1
207	206	1	TAACAATTTGGATCGGCCCCAGAG	1
208	207	1	AACAATTTGGATCGGCCCCAGAGT	1
209	208	1	ACAATTTGGATCGGCCCCAGAGTT	1
210	209	1	CAATTTGGATCGGCCCCAGAGTTG	1
211	210	1	AATTTGGATCGGCCCCAGAGTTGC	1
212	211	1	ATTTGGATCGGCCCCAGAGTTGCG	1
213	212	1	TTTGGATCGGCCCCAGAGTTGCGC	1
214	213	1	TTGGATCGGCCCCAGAGTTGCGCA	1
215	214	1	TGGATCGGCCCCAGAGTTGCGCAG	1
216	215	1	GGATCGGCCCCAGAGTTGCGCAGG	1
217	216	1	GATCGGCCCCAGAGTTGCGCAGGA	1
218	217	1	ATCGGCCCCAGAGTTGCGCAGGAA	1
219	218	1	TCGGCCCCAGAGTTGCGCAGGAAT	1
220	219	1	CGGCCCCAGAGTTGCGCAGGAATT	1
221	220	1	GGCCCCAGAGTTGCGCAGGAATTT	1
222	221	1	GCCCCAGAGTTGCGCAGGAATTTT	1
223	222	1	CCCCAGAGTTGCGCAGGAATTTTA	1
224	223	1	CCCAGAGTTGCGCAGGAATTTTAT	1
225	224	1	CCAGAGTTGCGCAGGAATTTTATA	1
226	225	1	CAGAGTTGCGCAGGAATTTTATAT	1
227	226	1	AGAGTTGCGCAGGAATTTTATATG	1
228	227	1	GAGTTGCGCAGGAATTTTATATGC	1
229	228	1	AGTTGCGCAGGAATTTTATATGCA	1
230	229	1	GTTGCGCAGGAATTTTATATGCAT	1
231	230	1	TTGCGCAGGAATTTTATATGCATT	1
232	231	1	TGCGCAGGAATTTTATATGCATTC	1
233	232	1	GCGCAGGAATTTTATATGCATTCT	1
234	233	1	CGCAGGAATTTTATATGCATTCTA	1
235	234	1	GCAGGAATTTTATATGCATTCTAC	1
236	235	1	CAGGAATTTTATATGCATTCTACA	1
237	236	1	AGGAATTTTATATGCATTCTACAT	1
238	237	1	GGAATTTTATATGCATTCTACATG	1
239	238	1	GAATTTTATATGCATTCTACATGG	1
240	239	1	AATTTTATATGCATTCTACATGGC	1
241	240	1	ATTTTATATGCATTCTACATGGCG	1
242	241	1	TTTTATATGCATTCTACATGGCGC	1
243	242	1	TTTATATGCATTCTACATGGCGCT	1
244	243	1	TTATATGCATTCTACATGGCGCTG	1
245	244	1	TATATGCATTCTACATGGCGCTGG	1
