Component 265
1	-1	0	GTTATTTATAACCCATTTCCCACT	1
2	1	1	TTATTTATAACCCATTTCCCACTA	1
3	2	1	TATTTATAACCCATTTCCCACTAA	1
4	3	1	ATTTATAACCCATTTCCCACTAAG	1
5	4	1	TTTATAACCCATTTCCCACTAAGT	1
6	5	1	TTATAACCCATTTCCCACTAAGTT	1
7	6	3	TATAACCCATTTCCCACTAAGTTC	1
8	7	3	ATAACCCATTTCCCACTAAGTTCC	1
9	8	3	TAACCCATTTCCCACTAAGTTCCT	1
10	9	3	AACCCATTTCCCACTAAGTTCCTT	1
11	10	3	ACCCATTTCCCACTAAGTTCCTTT	1
12	11	3	CCCATTTCCCACTAAGTTCCTTTG	1
13	12	3	CCATTTCCCACTAAGTTCCTTTGT	1
14	13	3	CATTTCCCACTAAGTTCCTTTGTT	1
15	14	3	ATTTCCCACTAAGTTCCTTTGTTG	1
16	15	4	TTTCCCACTAAGTTCCTTTGTTGA	1
17	16	4	TTCCCACTAAGTTCCTTTGTTGAA	1
18	17	5	TCCCACTAAGTTCCTTTGTTGAAC	1
19	18	5	CCCACTAAGTTCCTTTGTTGAACG	1
20	19	5	CCACTAAGTTCCTTTGTTGAACGC	1
21	20	5	CACTAAGTTCCTTTGTTGAACGCT	1
22	21	5	ACTAAGTTCCTTTGTTGAACGCTT	1
23	22	5	CTAAGTTCCTTTGTTGAACGCTTA	1
24	23	5	TAAGTTCCTTTGTTGAACGCTTAA	1
25	24	5	AAGTTCCTTTGTTGAACGCTTAAA	1
26	25	5	AGTTCCTTTGTTGAACGCTTAAAA	1
27	26	5	GTTCCTTTGTTGAACGCTTAAAAG	1
28	27	5	TTCCTTTGTTGAACGCTTAAAAGA	1
29	28	5	TCCTTTGTTGAACGCTTAAAAGAT	1
30	29	5	CCTTTGTTGAACGCTTAAAAGATT	1
31	30	5	CTTTGTTGAACGCTTAAAAGATTG	1
32	31	7	TTTGTTGAACGCTTAAAAGATTGT	1
33	32	7	TTGTTGAACGCTTAAAAGATTGTT	1
34	33	7	TGTTGAACGCTTAAAAGATTGTTC	1
35	34	7	GTTGAACGCTTAAAAGATTGTTCA	1
36	35	7	TTGAACGCTTAAAAGATTGTTCAT	1
37	36	7	TGAACGCTTAAAAGATTGTTCATA	1
38	37	7	GAACGCTTAAAAGATTGTTCATAC	1
39	38	7	AACGCTTAAAAGATTGTTCATACG	1
40	39	7	ACGCTTAAAAGATTGTTCATACGT	1
41	40	7	CGCTTAAAAGATTGTTCATACGTT	1
42	41	7	GCTTAAAAGATTGTTCATACGTTT	1
43	42	7	CTTAAAAGATTGTTCATACGTTTG	1
44	43	7	TTAAAAGATTGTTCATACGTTTGA	1
45	44	7	TAAAAGATTGTTCATACGTTTGAA	1
46	45	6	AAAAGATTGTTCATACGTTTGAAC	1
47	46	6	AAAGATTGTTCATACGTTTGAACA	1
48	47	6	AAGATTGTTCATACGTTTGAACAT	1
49	48	6	AGATTGTTCATACGTTTGAACATA	1
50	49	6	GATTGTTCATACGTTTGAACATAT	1
51	50	4	ATTGTTCATACGTTTGAACATATT	1
52	51	4	TTGTTCATACGTTTGAACATATTT	1
53	52	4	TGTTCATACGTTTGAACATATTTA	1
54	53	4	GTTCATACGTTTGAACATATTTAA	1
55	54	6	TTCATACGTTTGAACATATTTAAA	1
56	55	6	TCATACGTTTGAACATATTTAAAA	1
57	56	6	CATACGTTTGAACATATTTAAAAT	1
58	57	6	ATACGTTTGAACATATTTAAAATC	1
59	58	6	TACGTTTGAACATATTTAAAATCA	1
60	59	5	ACGTTTGAACATATTTAAAATCAC	1
61	60	5	CGTTTGAACATATTTAAAATCACG	1
62	61	4	GTTTGAACATATTTAAAATCACGT	1
63	62	4	TTTGAACATATTTAAAATCACGTT	1
64	63	4	TTGAACATATTTAAAATCACGTTA	1
65	64	4	TGAACATATTTAAAATCACGTTAT	1
66	65	5	GAACATATTTAAAATCACGTTATA	1
67	66	5	AACATATTTAAAATCACGTTATAG	1
68	67	5	ACATATTTAAAATCACGTTATAGC	1
69	68	5	CATATTTAAAATCACGTTATAGCT	1
70	69	5	ATATTTAAAATCACGTTATAGCTG	1
71	70	5	TATTTAAAATCACGTTATAGCTGA	1
72	71	5	ATTTAAAATCACGTTATAGCTGAG	1
73	72	6	TTTAAAATCACGTTATAGCTGAGA	1
74	73	6	TTAAAATCACGTTATAGCTGAGAA	1
75	74	6	TAAAATCACGTTATAGCTGAGAAG	1
76	75	4	AAAATCACGTTATAGCTGAGAAGA	1
77	76	4	AAATCACGTTATAGCTGAGAAGAA	1
78	77	4	AATCACGTTATAGCTGAGAAGAAA	1
79	78	4	ATCACGTTATAGCTGAGAAGAAAA	1
80	79	4	TCACGTTATAGCTGAGAAGAAAAC	1
81	80	4	CACGTTATAGCTGAGAAGAAAACC	1
82	81	5	ACGTTATAGCTGAGAAGAAAACCC	1
83	82	5	CGTTATAGCTGAGAAGAAAACCCC	1
84	83	5	GTTATAGCTGAGAAGAAAACCCCT	1
85	84	5	TTATAGCTGAGAAGAAAACCCCTT	1
86	85	5	TATAGCTGAGAAGAAAACCCCTTT	1
87	86	5	ATAGCTGAGAAGAAAACCCCTTTT	1
88	87	5	TAGCTGAGAAGAAAACCCCTTTTC	1
89	88	5	AGCTGAGAAGAAAACCCCTTTTCA	1
90	89	5	GCTGAGAAGAAAACCCCTTTTCAA	1
91	90	5	CTGAGAAGAAAACCCCTTTTCAAG	1
92	91	5	TGAGAAGAAAACCCCTTTTCAAGT	1
93	92	5	GAGAAGAAAACCCCTTTTCAAGTA	1
94	93	5	AGAAGAAAACCCCTTTTCAAGTAA	1
95	94	5	GAAGAAAACCCCTTTTCAAGTAAT	1
96	95	5	AAGAAAACCCCTTTTCAAGTAATA	1
97	96	5	AGAAAACCCCTTTTCAAGTAATAA	1
98	97	5	GAAAACCCCTTTTCAAGTAATAAA	1
99	98	3	AAAACCCCTTTTCAAGTAATAAAA	1
100	99	3	AAACCCCTTTTCAAGTAATAAAAG	1
101	100	3	AACCCCTTTTCAAGTAATAAAAGT	1
102	101	3	ACCCCTTTTCAAGTAATAAAAGTA	1
103	102	3	CCCCTTTTCAAGTAATAAAAGTAT	1
104	103	3	CCCTTTTCAAGTAATAAAAGTATA	1
105	104	3	CCTTTTCAAGTAATAAAAGTATAT	1
106	105	3	CTTTTCAAGTAATAAAAGTATATT	1
107	106	3	TTTTCAAGTAATAAAAGTATATTT	1
108	107	3	TTTCAAGTAATAAAAGTATATTTA	1
109	108	4	TTCAAGTAATAAAAGTATATTTAA	1
110	109	3	TCAAGTAATAAAAGTATATTTAAT	1
111	110	3	CAAGTAATAAAAGTATATTTAATT	1
112	111	3	AAGTAATAAAAGTATATTTAATTA	1
113	112	3	AGTAATAAAAGTATATTTAATTAC	1
114	113	3	GTAATAAAAGTATATTTAATTACT	1
115	114	3	TAATAAAAGTATATTTAATTACTT	1
116	115	3	AATAAAAGTATATTTAATTACTTA	1
117	116	2	ATAAAAGTATATTTAATTACTTAT	1
118	117	2	TAAAAGTATATTTAATTACTTATT	1
119	118	3	AAAAGTATATTTAATTACTTATTT	1
120	119	3	AAAGTATATTTAATTACTTATTTT	1
121	120	3	AAGTATATTTAATTACTTATTTTA	1
122	121	3	AGTATATTTAATTACTTATTTTAC	1
123	122	3	GTATATTTAATTACTTATTTTACC	1
124	123	3	TATATTTAATTACTTATTTTACCC	1
125	124	3	ATATTTAATTACTTATTTTACCCT	1
126	125	2	TATTTAATTACTTATTTTACCCTT	1
127	126	2	ATTTAATTACTTATTTTACCCTTT	1
128	127	2	TTTAATTACTTATTTTACCCTTTA	1
129	128	2	TTAATTACTTATTTTACCCTTTAT	1
130	129	2	TAATTACTTATTTTACCCTTTATA	1
131	130	2	AATTACTTATTTTACCCTTTATAT	1
132	131	2	ATTACTTATTTTACCCTTTATATT	1
133	132	2	TTACTTATTTTACCCTTTATATTA	1
134	133	2	TACTTATTTTACCCTTTATATTAC	1
135	134	2	ACTTATTTTACCCTTTATATTACG	1
136	135	2	CTTATTTTACCCTTTATATTACGA	1
137	136	2	TTATTTTACCCTTTATATTACGAA	1
138	137	3	TATTTTACCCTTTATATTACGAAC	1
139	138	3	ATTTTACCCTTTATATTACGAACT	1
140	139	3	TTTTACCCTTTATATTACGAACTG	1
141	140	3	TTTACCCTTTATATTACGAACTGT	1
142	141	3	TTACCCTTTATATTACGAACTGTA	1
143	142	3	TACCCTTTATATTACGAACTGTAC	1
144	143	3	ACCCTTTATATTACGAACTGTACG	1
145	144	3	CCCTTTATATTACGAACTGTACGA	1
146	145	3	CCTTTATATTACGAACTGTACGAC	1
147	146	3	CTTTATATTACGAACTGTACGACT	1
148	147	3	TTTATATTACGAACTGTACGACTT	1
149	148	3	TTATATTACGAACTGTACGACTTA	1
150	149	3	TATATTACGAACTGTACGACTTAA	1
151	150	3	ATATTACGAACTGTACGACTTAAC	1
152	151	3	TATTACGAACTGTACGACTTAACC	1
153	152	2	ATTACGAACTGTACGACTTAACCG	1
154	153	2	TTACGAACTGTACGACTTAACCGG	1
155	154	2	TACGAACTGTACGACTTAACCGGT	1
156	155	2	ACGAACTGTACGACTTAACCGGTT	1
157	156	3	CGAACTGTACGACTTAACCGGTTT	1
158	157	3	GAACTGTACGACTTAACCGGTTTT	1
159	158	4	AACTGTACGACTTAACCGGTTTTA	1
160	159	4	ACTGTACGACTTAACCGGTTTTAT	1
161	160	4	CTGTACGACTTAACCGGTTTTATC	1
162	161	4	TGTACGACTTAACCGGTTTTATCT	1
163	162	3	GTACGACTTAACCGGTTTTATCTA	1
164	163	3	TACGACTTAACCGGTTTTATCTAT	1
165	164	3	ACGACTTAACCGGTTTTATCTATA	1
166	165	3	CGACTTAACCGGTTTTATCTATAA	1
167	166	4	GACTTAACCGGTTTTATCTATAAA	1
168	167	4	ACTTAACCGGTTTTATCTATAAAT	1
169	168	4	CTTAACCGGTTTTATCTATAAATT	1
170	169	5	TTAACCGGTTTTATCTATAAATTC	1
171	170	5	TAACCGGTTTTATCTATAAATTCC	1
172	171	5	AACCGGTTTTATCTATAAATTCCT	1
173	172	5	ACCGGTTTTATCTATAAATTCCTT	1
174	173	6	CCGGTTTTATCTATAAATTCCTTC	1
175	174	6	CGGTTTTATCTATAAATTCCTTCA	1
176	175	6	GGTTTTATCTATAAATTCCTTCAT	1
177	176	6	GTTTTATCTATAAATTCCTTCATT	1
178	177	7	TTTTATCTATAAATTCCTTCATTT	1
179	178	8	TTTATCTATAAATTCCTTCATTTT	1
180	179	8	TTATCTATAAATTCCTTCATTTTT	1
181	180	8	TATCTATAAATTCCTTCATTTTTC	1
182	181	7	ATCTATAAATTCCTTCATTTTTCT	1
183	182	7	TCTATAAATTCCTTCATTTTTCTT	1
184	183	7	CTATAAATTCCTTCATTTTTCTTT	1
185	184	8	TATAAATTCCTTCATTTTTCTTTG	1
186	185	8	ATAAATTCCTTCATTTTTCTTTGT	1
187	186	8	TAAATTCCTTCATTTTTCTTTGTT	1
188	187	8	AAATTCCTTCATTTTTCTTTGTTT	1
189	188	8	AATTCCTTCATTTTTCTTTGTTTT	1
190	189	9	ATTCCTTCATTTTTCTTTGTTTTC	1
191	190	11	TTCCTTCATTTTTCTTTGTTTTCG	1
192	191	11	TCCTTCATTTTTCTTTGTTTTCGT	1
193	192	11	CCTTCATTTTTCTTTGTTTTCGTT	1
194	193	11	CTTCATTTTTCTTTGTTTTCGTTT	1
195	194	11	TTCATTTTTCTTTGTTTTCGTTTT	1
196	195	11	TCATTTTTCTTTGTTTTCGTTTTC	1
197	196	11	CATTTTTCTTTGTTTTCGTTTTCA	1
198	197	11	ATTTTTCTTTGTTTTCGTTTTCAA	1
199	198	12	TTTTTCTTTGTTTTCGTTTTCAAT	1
200	199	14	TTTTCTTTGTTTTCGTTTTCAATT	1
201	200	13	TTTCTTTGTTTTCGTTTTCAATTT	1
202	201	13	TTCTTTGTTTTCGTTTTCAATTTG	1
203	202	12	TCTTTGTTTTCGTTTTCAATTTGA	1
204	203	12	CTTTGTTTTCGTTTTCAATTTGAT	1
205	204	12	TTTGTTTTCGTTTTCAATTTGATT	1
206	205	12	TTGTTTTCGTTTTCAATTTGATTT	1
207	206	12	TGTTTTCGTTTTCAATTTGATTTC	1
208	207	12	GTTTTCGTTTTCAATTTGATTTCA	1
209	208	12	TTTTCGTTTTCAATTTGATTTCAT	1
210	209	12	TTTCGTTTTCAATTTGATTTCATT	1
211	210	11	TTCGTTTTCAATTTGATTTCATTA	1
212	211	12	TCGTTTTCAATTTGATTTCATTAC	1
213	212	12	CGTTTTCAATTTGATTTCATTACA	1
214	213	11	GTTTTCAATTTGATTTCATTACAA	1
215	214	11	TTTTCAATTTGATTTCATTACAAA	1
216	215	11	TTTCAATTTGATTTCATTACAAAA	1
217	216	11	TTCAATTTGATTTCATTACAAAAT	1
218	217	10	TCAATTTGATTTCATTACAAAATG	1
219	218	10	CAATTTGATTTCATTACAAAATGT	1
220	219	10	AATTTGATTTCATTACAAAATGTC	1
221	220	10	ATTTGATTTCATTACAAAATGTCG	1
222	221	9	TTTGATTTCATTACAAAATGTCGA	1
223	222	8	TTGATTTCATTACAAAATGTCGAA	1
224	223	8	TGATTTCATTACAAAATGTCGAAC	1
225	224	8	GATTTCATTACAAAATGTCGAACA	1
226	225	8	ATTTCATTACAAAATGTCGAACAC	1
227	226	8	TTTCATTACAAAATGTCGAACACA	1
228	227	9	TTCATTACAAAATGTCGAACACAG	1
229	228	8	TCATTACAAAATGTCGAACACAGA	1
230	229	8	CATTACAAAATGTCGAACACAGAA	1
231	230	8	ATTACAAAATGTCGAACACAGAAA	1
232	231	8	TTACAAAATGTCGAACACAGAAAC	1
233	232	8	TACAAAATGTCGAACACAGAAACT	1
234	233	7	ACAAAATGTCGAACACAGAAACTT	1
235	234	5	CAAAATGTCGAACACAGAAACTTT	1
236	235	5	AAAATGTCGAACACAGAAACTTTC	1
237	236	5	AAATGTCGAACACAGAAACTTTCA	1
238	237	5	AATGTCGAACACAGAAACTTTCAA	1
239	238	5	ATGTCGAACACAGAAACTTTCAAG	1
240	239	5	TGTCGAACACAGAAACTTTCAAGT	1
241	240	6	GTCGAACACAGAAACTTTCAAGTT	1
242	241	6	TCGAACACAGAAACTTTCAAGTTT	1
243	242	5	CGAACACAGAAACTTTCAAGTTTG	1
244	243	3	GAACACAGAAACTTTCAAGTTTGA	1
245	244	3	AACACAGAAACTTTCAAGTTTGAG	1
246	245	3	ACACAGAAACTTTCAAGTTTGAGG	1
247	246	3	CACAGAAACTTTCAAGTTTGAGGC	1
248	247	3	ACAGAAACTTTCAAGTTTGAGGCT	1
249	248	3	CAGAAACTTTCAAGTTTGAGGCTG	1
250	249	3	AGAAACTTTCAAGTTTGAGGCTGA	1
251	250	3	GAAACTTTCAAGTTTGAGGCTGAA	1
252	251	4	AAACTTTCAAGTTTGAGGCTGAAA	1
253	252	4	AACTTTCAAGTTTGAGGCTGAAAT	1
254	253	4	ACTTTCAAGTTTGAGGCTGAAATC	1
255	254	4	CTTTCAAGTTTGAGGCTGAAATCA	1
256	255	3	TTTCAAGTTTGAGGCTGAAATCAG	1
257	256	3	TTCAAGTTTGAGGCTGAAATCAGC	1
258	257	3	TCAAGTTTGAGGCTGAAATCAGCC	1
259	258	3	CAAGTTTGAGGCTGAAATCAGCCA	1
260	259	3	AAGTTTGAGGCTGAAATCAGCCAG	1
261	260	3	AGTTTGAGGCTGAAATCAGCCAGT	1
262	261	3	GTTTGAGGCTGAAATCAGCCAGTT	1
263	262	3	TTTGAGGCTGAAATCAGCCAGTTG	1
264	263	3	TTGAGGCTGAAATCAGCCAGTTGA	1
265	264	3	TGAGGCTGAAATCAGCCAGTTGAT	1
266	265	3	GAGGCTGAAATCAGCCAGTTGATG	1
267	266	3	AGGCTGAAATCAGCCAGTTGATGT	1
268	267	3	GGCTGAAATCAGCCAGTTGATGTC	1
269	268	3	GCTGAAATCAGCCAGTTGATGTCT	1
270	269	3	CTGAAATCAGCCAGTTGATGTCTT	1
271	270	3	TGAAATCAGCCAGTTGATGTCTTT	1
272	271	2	GAAATCAGCCAGTTGATGTCTTTA	1
273	272	2	AAATCAGCCAGTTGATGTCTTTAA	1
274	273	2	AATCAGCCAGTTGATGTCTTTAAT	1
275	274	2	ATCAGCCAGTTGATGTCTTTAATC	1
276	275	2	TCAGCCAGTTGATGTCTTTAATCA	1
277	276	2	CAGCCAGTTGATGTCTTTAATCAT	1
278	277	2	AGCCAGTTGATGTCTTTAATCATC	1
279	278	2	GCCAGTTGATGTCTTTAATCATCA	1
280	279	2	CCAGTTGATGTCTTTAATCATCAA	1
281	280	2	CAGTTGATGTCTTTAATCATCAAC	1
282	281	2	AGTTGATGTCTTTAATCATCAACA	1
283	282	2	GTTGATGTCTTTAATCATCAACAC	1
284	283	2	TTGATGTCTTTAATCATCAACACT	1
285	284	1	TGATGTCTTTAATCATCAACACTG	1
286	285	1	GATGTCTTTAATCATCAACACTGT	1
287	286	1	ATGTCTTTAATCATCAACACTGTT	1
288	287	1	TGTCTTTAATCATCAACACTGTTT	1
289	288	1	GTCTTTAATCATCAACACTGTTTA	1
290	289	1	TCTTTAATCATCAACACTGTTTAT	1
291	290	1	CTTTAATCATCAACACTGTTTATT	1
292	291	1	TTTAATCATCAACACTGTTTATTC	1
293	292	1	TTAATCATCAACACTGTTTATTCT	1
294	293	1	TAATCATCAACACTGTTTATTCTA	1
295	294	1	AATCATCAACACTGTTTATTCTAA	1
296	-1	0	TTCTAACAAGGAAATTTTCCTTCG	1
297	296	1	TCTAACAAGGAAATTTTCCTTCGT	1
298	297	1	CTAACAAGGAAATTTTCCTTCGTG	1
299	298	1	TAACAAGGAAATTTTCCTTCGTGA	1
300	299	1	AACAAGGAAATTTTCCTTCGTGAG	1
301	300	2	ACAAGGAAATTTTCCTTCGTGAGC	1
302	301	5	CAAGGAAATTTTCCTTCGTGAGCT	1
303	302	5	AAGGAAATTTTCCTTCGTGAGCTT	1
304	303	6	AGGAAATTTTCCTTCGTGAGCTTA	1
305	304	7	GGAAATTTTCCTTCGTGAGCTTAT	1
306	305	7	GAAATTTTCCTTCGTGAGCTTATT	1
307	306	7	AAATTTTCCTTCGTGAGCTTATTT	1
308	307	7	AATTTTCCTTCGTGAGCTTATTTC	1
309	308	7	ATTTTCCTTCGTGAGCTTATTTCC	1
310	309	7	TTTTCCTTCGTGAGCTTATTTCCA	1
311	310	7	TTTCCTTCGTGAGCTTATTTCCAA	1
312	311	9	TTCCTTCGTGAGCTTATTTCCAAC	1
313	312	9	TCCTTCGTGAGCTTATTTCCAACG	1
314	313	9	CCTTCGTGAGCTTATTTCCAACGC	1
315	314	9	CTTCGTGAGCTTATTTCCAACGCT	1
316	315	9	TTCGTGAGCTTATTTCCAACGCTT	1
317	316	9	TCGTGAGCTTATTTCCAACGCTTC	1
318	317	9	CGTGAGCTTATTTCCAACGCTTCC	1
319	318	9	GTGAGCTTATTTCCAACGCTTCCG	1
320	319	10	TGAGCTTATTTCCAACGCTTCCGA	1
321	320	10	GAGCTTATTTCCAACGCTTCCGAT	1
322	321	10	AGCTTATTTCCAACGCTTCCGATG	1
323	322	10	GCTTATTTCCAACGCTTCCGATGC	1
324	323	10	CTTATTTCCAACGCTTCCGATGCC	1
325	324	10	TTATTTCCAACGCTTCCGATGCCT	1
326	325	10	TATTTCCAACGCTTCCGATGCCTT	1
327	326	10	ATTTCCAACGCTTCCGATGCCTTG	1
328	327	10	TTTCCAACGCTTCCGATGCCTTGG	1
329	328	10	TTCCAACGCTTCCGATGCCTTGGA	1
330	329	10	TCCAACGCTTCCGATGCCTTGGAC	1
331	330	10	CCAACGCTTCCGATGCCTTGGACA	1
332	331	10	CAACGCTTCCGATGCCTTGGACAA	1
333	332	11	AACGCTTCCGATGCCTTGGACAAA	1
334	333	11	ACGCTTCCGATGCCTTGGACAAAA	1
335	334	11	CGCTTCCGATGCCTTGGACAAAAT	1
336	335	11	GCTTCCGATGCCTTGGACAAAATT	1
337	336	12	CTTCCGATGCCTTGGACAAAATTC	1
338	337	12	TTCCGATGCCTTGGACAAAATTCG	1
339	338	12	TCCGATGCCTTGGACAAAATTCGT	1
340	339	12	CCGATGCCTTGGACAAAATTCGTT	1
341	340	11	CGATGCCTTGGACAAAATTCGTTA	1
342	341	11	GATGCCTTGGACAAAATTCGTTAT	1
343	342	11	ATGCCTTGGACAAAATTCGTTATC	1
344	343	11	TGCCTTGGACAAAATTCGTTATCA	1
345	344	10	GCCTTGGACAAAATTCGTTATCAA	1
346	345	7	CCTTGGACAAAATTCGTTATCAAA	1
347	346	7	CTTGGACAAAATTCGTTATCAAAG	1
348	347	6	TTGGACAAAATTCGTTATCAAAGC	1
349	348	6	TGGACAAAATTCGTTATCAAAGCC	1
350	349	7	GGACAAAATTCGTTATCAAAGCCT	1
351	350	7	GACAAAATTCGTTATCAAAGCCTT	1
352	351	10	ACAAAATTCGTTATCAAAGCCTTT	1
353	352	10	CAAAATTCGTTATCAAAGCCTTTC	1
354	353	12	AAAATTCGTTATCAAAGCCTTTCC	1
355	354	12	AAATTCGTTATCAAAGCCTTTCCG	1
356	355	10	AATTCGTTATCAAAGCCTTTCCGA	1
357	356	10	ATTCGTTATCAAAGCCTTTCCGAT	1
358	357	10	TTCGTTATCAAAGCCTTTCCGATC	1
359	358	10	TCGTTATCAAAGCCTTTCCGATCC	1
360	359	10	CGTTATCAAAGCCTTTCCGATCCT	1
361	360	10	GTTATCAAAGCCTTTCCGATCCTC	1
362	361	10	TTATCAAAGCCTTTCCGATCCTCA	1
363	362	10	TATCAAAGCCTTTCCGATCCTCAT	1
364	363	9	ATCAAAGCCTTTCCGATCCTCATG	1
365	364	9	TCAAAGCCTTTCCGATCCTCATGC	1
366	365	9	CAAAGCCTTTCCGATCCTCATGCC	1
367	366	9	AAAGCCTTTCCGATCCTCATGCCT	1
368	367	9	AAGCCTTTCCGATCCTCATGCCTT	1
369	368	9	AGCCTTTCCGATCCTCATGCCTTA	1
370	369	9	GCCTTTCCGATCCTCATGCCTTAG	1
371	370	10	CCTTTCCGATCCTCATGCCTTAGA	1
372	371	10	CTTTCCGATCCTCATGCCTTAGAC	1
373	372	10	TTTCCGATCCTCATGCCTTAGACG	1
374	373	10	TTCCGATCCTCATGCCTTAGACGC	1
375	374	10	TCCGATCCTCATGCCTTAGACGCT	1
376	375	10	CCGATCCTCATGCCTTAGACGCTG	1
377	376	9	CGATCCTCATGCCTTAGACGCTGA	1
378	377	9	GATCCTCATGCCTTAGACGCTGAG	1
379	378	9	ATCCTCATGCCTTAGACGCTGAGA	1
380	379	9	TCCTCATGCCTTAGACGCTGAGAA	1
381	380	10	CCTCATGCCTTAGACGCTGAGAAG	1
382	381	10	CTCATGCCTTAGACGCTGAGAAGG	1
383	382	12	TCATGCCTTAGACGCTGAGAAGGA	1
384	383	12	CATGCCTTAGACGCTGAGAAGGAT	1
385	384	12	ATGCCTTAGACGCTGAGAAGGATC	1
386	385	12	TGCCTTAGACGCTGAGAAGGATCT	1
387	386	12	GCCTTAGACGCTGAGAAGGATCTT	1
388	387	12	CCTTAGACGCTGAGAAGGATCTTT	1
389	388	12	CTTAGACGCTGAGAAGGATCTTTT	1
390	389	12	TTAGACGCTGAGAAGGATCTTTTC	1
391	390	12	TAGACGCTGAGAAGGATCTTTTCA	1
392	391	12	AGACGCTGAGAAGGATCTTTTCAT	1
393	392	13	GACGCTGAGAAGGATCTTTTCATT	1
394	393	12	ACGCTGAGAAGGATCTTTTCATTC	1
395	394	13	CGCTGAGAAGGATCTTTTCATTCG	1
396	395	10	GCTGAGAAGGATCTTTTCATTCGC	1
397	396	9	CTGAGAAGGATCTTTTCATTCGCA	1
398	397	8	TGAGAAGGATCTTTTCATTCGCAT	1
399	398	8	GAGAAGGATCTTTTCATTCGCATT	1
400	399	9	AGAAGGATCTTTTCATTCGCATTA	1
401	400	9	GAAGGATCTTTTCATTCGCATTAC	1
402	401	9	AAGGATCTTTTCATTCGCATTACT	1
403	402	9	AGGATCTTTTCATTCGCATTACTC	1
404	403	9	GGATCTTTTCATTCGCATTACTCC	1
405	404	9	GATCTTTTCATTCGCATTACTCCT	1
406	405	10	ATCTTTTCATTCGCATTACTCCTG	1
407	406	11	TCTTTTCATTCGCATTACTCCTGA	1
408	407	11	CTTTTCATTCGCATTACTCCTGAC	1
409	408	11	TTTTCATTCGCATTACTCCTGACA	1
410	409	12	TTTCATTCGCATTACTCCTGACAA	1
411	410	12	TTCATTCGCATTACTCCTGACAAG	1
412	411	12	TCATTCGCATTACTCCTGACAAGG	1
413	412	12	CATTCGCATTACTCCTGACAAGGA	1
414	413	12	ATTCGCATTACTCCTGACAAGGAG	1
415	414	11	TTCGCATTACTCCTGACAAGGAGA	1
416	415	11	TCGCATTACTCCTGACAAGGAGAA	1
417	416	11	CGCATTACTCCTGACAAGGAGAAC	1
418	417	11	GCATTACTCCTGACAAGGAGAACA	1
419	418	11	CATTACTCCTGACAAGGAGAACAA	1
420	419	11	ATTACTCCTGACAAGGAGAACAAA	1
421	420	11	TTACTCCTGACAAGGAGAACAAAA	1
422	421	12	TACTCCTGACAAGGAGAACAAAAT	1
423	422	11	ACTCCTGACAAGGAGAACAAAATC	1
424	423	11	CTCCTGACAAGGAGAACAAAATCC	1
425	424	10	TCCTGACAAGGAGAACAAAATCCT	1
426	425	10	CCTGACAAGGAGAACAAAATCCTT	1
427	426	8	CTGACAAGGAGAACAAAATCCTTA	1
428	427	8	TGACAAGGAGAACAAAATCCTTAG	1
429	428	9	GACAAGGAGAACAAAATCCTTAGC	1
430	429	9	ACAAGGAGAACAAAATCCTTAGCA	1
431	430	10	CAAGGAGAACAAAATCCTTAGCAT	1
432	431	10	AAGGAGAACAAAATCCTTAGCATT	1
433	432	10	AGGAGAACAAAATCCTTAGCATTC	1
434	433	10	GGAGAACAAAATCCTTAGCATTCG	1
435	434	10	GAGAACAAAATCCTTAGCATTCGC	1
436	435	9	AGAACAAAATCCTTAGCATTCGCG	1
437	436	8	GAACAAAATCCTTAGCATTCGCGA	1
438	437	7	AACAAAATCCTTAGCATTCGCGAT	1
439	438	7	ACAAAATCCTTAGCATTCGCGATA	1
440	439	7	CAAAATCCTTAGCATTCGCGATAC	1
441	440	8	AAAATCCTTAGCATTCGCGATACC	1
442	441	8	AAATCCTTAGCATTCGCGATACCG	1
443	442	8	AATCCTTAGCATTCGCGATACCGG	1
444	443	7	ATCCTTAGCATTCGCGATACCGGT	1
445	444	7	TCCTTAGCATTCGCGATACCGGTA	1
446	445	7	CCTTAGCATTCGCGATACCGGTAT	1
447	446	7	CTTAGCATTCGCGATACCGGTATT	1
448	447	7	TTAGCATTCGCGATACCGGTATTG	1
449	448	7	TAGCATTCGCGATACCGGTATTGG	1
450	449	6	AGCATTCGCGATACCGGTATTGGT	1
451	450	5	GCATTCGCGATACCGGTATTGGTA	1
452	451	5	CATTCGCGATACCGGTATTGGTAT	1
453	452	5	ATTCGCGATACCGGTATTGGTATG	1
454	453	4	TTCGCGATACCGGTATTGGTATGA	1
455	454	4	TCGCGATACCGGTATTGGTATGAC	1
456	455	4	CGCGATACCGGTATTGGTATGACC	1
457	456	4	GCGATACCGGTATTGGTATGACCA	1
458	457	5	CGATACCGGTATTGGTATGACCAA	1
459	458	5	GATACCGGTATTGGTATGACCAAG	1
460	459	5	ATACCGGTATTGGTATGACCAAGA	1
461	460	5	TACCGGTATTGGTATGACCAAGAA	1
462	461	5	ACCGGTATTGGTATGACCAAGAAT	1
463	462	5	CCGGTATTGGTATGACCAAGAATG	1
464	463	5	CGGTATTGGTATGACCAAGAATGA	1
465	464	5	GGTATTGGTATGACCAAGAATGAC	1
466	465	4	GTATTGGTATGACCAAGAATGACC	1
467	466	4	TATTGGTATGACCAAGAATGACCT	1
468	467	4	ATTGGTATGACCAAGAATGACCTT	1
469	468	4	TTGGTATGACCAAGAATGACCTTA	1
470	469	4	TGGTATGACCAAGAATGACCTTAT	1
471	470	4	GGTATGACCAAGAATGACCTTATC	1
472	471	4	GTATGACCAAGAATGACCTTATCA	1
473	472	3	TATGACCAAGAATGACCTTATCAA	1
474	473	3	ATGACCAAGAATGACCTTATCAAC	1
475	474	2	TGACCAAGAATGACCTTATCAACA	1
476	475	2	GACCAAGAATGACCTTATCAACAA	1
477	476	2	ACCAAGAATGACCTTATCAACAAC	1
478	477	2	CCAAGAATGACCTTATCAACAACC	1
479	478	2	CAAGAATGACCTTATCAACAACCT	1
480	479	3	AAGAATGACCTTATCAACAACCTT	1
481	480	3	AGAATGACCTTATCAACAACCTTG	1
482	481	3	GAATGACCTTATCAACAACCTTGG	1
483	482	3	AATGACCTTATCAACAACCTTGGT	1
484	483	3	ATGACCTTATCAACAACCTTGGTG	1
485	484	2	TGACCTTATCAACAACCTTGGTGT	1
486	485	2	GACCTTATCAACAACCTTGGTGTT	1
487	486	2	ACCTTATCAACAACCTTGGTGTTA	1
488	487	2	CCTTATCAACAACCTTGGTGTTAT	1
489	488	2	CTTATCAACAACCTTGGTGTTATC	1
490	489	2	TTATCAACAACCTTGGTGTTATCG	1
491	490	2	TATCAACAACCTTGGTGTTATCGC	1
492	491	2	ATCAACAACCTTGGTGTTATCGCC	1
493	492	2	TCAACAACCTTGGTGTTATCGCCA	1
494	493	2	CAACAACCTTGGTGTTATCGCCAA	1
495	494	4	AACAACCTTGGTGTTATCGCCAAG	1
496	495	4	ACAACCTTGGTGTTATCGCCAAGT	1
497	496	4	CAACCTTGGTGTTATCGCCAAGTC	1
498	497	4	AACCTTGGTGTTATCGCCAAGTCT	1
499	498	4	ACCTTGGTGTTATCGCCAAGTCTG	1
500	499	4	CCTTGGTGTTATCGCCAAGTCTGG	1
501	500	4	CTTGGTGTTATCGCCAAGTCTGGT	1
502	501	3	TTGGTGTTATCGCCAAGTCTGGTA	1
503	502	4	TGGTGTTATCGCCAAGTCTGGTAC	1
504	503	4	GGTGTTATCGCCAAGTCTGGTACT	1
505	504	4	GTGTTATCGCCAAGTCTGGTACTA	1
506	505	4	TGTTATCGCCAAGTCTGGTACTAA	1
507	506	4	GTTATCGCCAAGTCTGGTACTAAG	1
508	507	5	TTATCGCCAAGTCTGGTACTAAGC	1
509	508	5	TATCGCCAAGTCTGGTACTAAGCA	1
510	509	6	ATCGCCAAGTCTGGTACTAAGCAG	1
511	510	6	TCGCCAAGTCTGGTACTAAGCAGT	1
512	511	6	CGCCAAGTCTGGTACTAAGCAGTT	1
513	512	5	GCCAAGTCTGGTACTAAGCAGTTT	1
514	513	5	CCAAGTCTGGTACTAAGCAGTTTA	1
515	514	5	CAAGTCTGGTACTAAGCAGTTTAT	1
516	515	5	AAGTCTGGTACTAAGCAGTTTATG	1
517	516	5	AGTCTGGTACTAAGCAGTTTATGG	1
518	517	4	GTCTGGTACTAAGCAGTTTATGGA	1
519	518	4	TCTGGTACTAAGCAGTTTATGGAA	1
520	519	4	CTGGTACTAAGCAGTTTATGGAAG	1
521	520	4	TGGTACTAAGCAGTTTATGGAAGC	1
522	521	4	GGTACTAAGCAGTTTATGGAAGCT	1
523	522	5	GTACTAAGCAGTTTATGGAAGCTG	1
524	523	4	TACTAAGCAGTTTATGGAAGCTGC	1
525	524	4	ACTAAGCAGTTTATGGAAGCTGCT	1
526	525	4	CTAAGCAGTTTATGGAAGCTGCTG	1
527	526	4	TAAGCAGTTTATGGAAGCTGCTGC	1
528	527	4	AAGCAGTTTATGGAAGCTGCTGCT	1
529	528	4	AGCAGTTTATGGAAGCTGCTGCTT	1
530	529	4	GCAGTTTATGGAAGCTGCTGCTTC	1
531	530	4	CAGTTTATGGAAGCTGCTGCTTCT	1
532	531	4	AGTTTATGGAAGCTGCTGCTTCTG	1
533	532	4	GTTTATGGAAGCTGCTGCTTCTGG	1
534	533	4	TTTATGGAAGCTGCTGCTTCTGGT	1
535	534	4	TTATGGAAGCTGCTGCTTCTGGTG	1
536	535	5	TATGGAAGCTGCTGCTTCTGGTGC	1
537	536	5	ATGGAAGCTGCTGCTTCTGGTGCT	1
538	537	4	TGGAAGCTGCTGCTTCTGGTGCTG	1
539	538	3	GGAAGCTGCTGCTTCTGGTGCTGA	1
540	539	3	GAAGCTGCTGCTTCTGGTGCTGAT	1
541	540	3	AAGCTGCTGCTTCTGGTGCTGATA	1
542	541	2	AGCTGCTGCTTCTGGTGCTGATAT	1
543	542	3	GCTGCTGCTTCTGGTGCTGATATC	1
544	543	3	CTGCTGCTTCTGGTGCTGATATCT	1
545	544	3	TGCTGCTTCTGGTGCTGATATCTC	1
546	545	3	GCTGCTTCTGGTGCTGATATCTCC	1
547	546	3	CTGCTTCTGGTGCTGATATCTCCA	1
548	547	4	TGCTTCTGGTGCTGATATCTCCAT	1
549	548	4	GCTTCTGGTGCTGATATCTCCATG	1
550	549	4	CTTCTGGTGCTGATATCTCCATGA	1
551	550	4	TTCTGGTGCTGATATCTCCATGAT	1
552	551	3	TCTGGTGCTGATATCTCCATGATT	1
553	552	3	CTGGTGCTGATATCTCCATGATTG	1
554	553	3	TGGTGCTGATATCTCCATGATTGG	1
555	554	3	GGTGCTGATATCTCCATGATTGGT	1
556	555	3	GTGCTGATATCTCCATGATTGGTC	1
557	556	3	TGCTGATATCTCCATGATTGGTCA	1
558	557	3	GCTGATATCTCCATGATTGGTCAA	1
559	558	3	CTGATATCTCCATGATTGGTCAAT	1
560	559	2	TGATATCTCCATGATTGGTCAATT	1
561	560	2	GATATCTCCATGATTGGTCAATTC	1
562	561	2	ATATCTCCATGATTGGTCAATTCG	1
563	562	2	TATCTCCATGATTGGTCAATTCGG	1
564	563	2	ATCTCCATGATTGGTCAATTCGGT	1
565	564	2	TCTCCATGATTGGTCAATTCGGTG	1
566	565	2	CTCCATGATTGGTCAATTCGGTGT	1
567	566	2	TCCATGATTGGTCAATTCGGTGTT	1
568	567	2	CCATGATTGGTCAATTCGGTGTTG	1
569	568	6	CATGATTGGTCAATTCGGTGTTGG	1
570	569	6	ATGATTGGTCAATTCGGTGTTGGT	1
571	570	7	TGATTGGTCAATTCGGTGTTGGTT	1
572	571	7	GATTGGTCAATTCGGTGTTGGTTT	1
573	572	8	ATTGGTCAATTCGGTGTTGGTTTC	1
574	573	8	TTGGTCAATTCGGTGTTGGTTTCT	1
575	574	10	TGGTCAATTCGGTGTTGGTTTCTA	1
576	575	10	GGTCAATTCGGTGTTGGTTTCTAC	1
577	576	10	GTCAATTCGGTGTTGGTTTCTACT	1
578	577	10	TCAATTCGGTGTTGGTTTCTACTC	1
579	578	10	CAATTCGGTGTTGGTTTCTACTCT	1
580	579	10	AATTCGGTGTTGGTTTCTACTCTG	1
581	580	10	ATTCGGTGTTGGTTTCTACTCTGC	1
582	581	11	TTCGGTGTTGGTTTCTACTCTGCA	1
583	582	11	TCGGTGTTGGTTTCTACTCTGCAT	1
584	583	11	CGGTGTTGGTTTCTACTCTGCATA	1
585	584	12	GGTGTTGGTTTCTACTCTGCATAC	1
586	585	12	GTGTTGGTTTCTACTCTGCATACT	1
587	586	12	TGTTGGTTTCTACTCTGCATACTT	1
588	587	13	GTTGGTTTCTACTCTGCATACTTG	1
589	588	13	TTGGTTTCTACTCTGCATACTTGG	1
590	589	13	TGGTTTCTACTCTGCATACTTGGT	1
591	590	12	GGTTTCTACTCTGCATACTTGGTT	1
592	591	11	GTTTCTACTCTGCATACTTGGTTG	1
593	592	11	TTTCTACTCTGCATACTTGGTTGC	1
594	593	12	TTCTACTCTGCATACTTGGTTGCC	1
595	594	12	TCTACTCTGCATACTTGGTTGCCG	1
596	595	12	CTACTCTGCATACTTGGTTGCCGA	1
597	596	12	TACTCTGCATACTTGGTTGCCGAC	1
598	597	12	ACTCTGCATACTTGGTTGCCGACA	1
599	598	12	CTCTGCATACTTGGTTGCCGACAA	1
600	599	12	TCTGCATACTTGGTTGCCGACAAG	1
601	600	12	CTGCATACTTGGTTGCCGACAAGG	1
602	601	12	TGCATACTTGGTTGCCGACAAGGT	1
603	602	14	GCATACTTGGTTGCCGACAAGGTC	1
604	603	15	CATACTTGGTTGCCGACAAGGTCC	1
605	604	15	ATACTTGGTTGCCGACAAGGTCCA	1
606	605	15	TACTTGGTTGCCGACAAGGTCCAA	1
607	606	15	ACTTGGTTGCCGACAAGGTCCAAG	1
608	607	15	CTTGGTTGCCGACAAGGTCCAAGT	1
609	608	16	TTGGTTGCCGACAAGGTCCAAGTC	1
610	609	16	TGGTTGCCGACAAGGTCCAAGTCG	1
611	610	16	GGTTGCCGACAAGGTCCAAGTCGT	1
612	611	16	GTTGCCGACAAGGTCCAAGTCGTA	1
613	612	13	TTGCCGACAAGGTCCAAGTCGTAA	1
614	613	13	TGCCGACAAGGTCCAAGTCGTAAG	1
615	614	12	GCCGACAAGGTCCAAGTCGTAAGT	1
616	615	12	CCGACAAGGTCCAAGTCGTAAGTA	1
617	616	11	CGACAAGGTCCAAGTCGTAAGTAA	1
618	617	12	GACAAGGTCCAAGTCGTAAGTAAG	1
619	618	10	ACAAGGTCCAAGTCGTAAGTAAGC	1
620	619	10	CAAGGTCCAAGTCGTAAGTAAGCA	1
621	620	11	AAGGTCCAAGTCGTAAGTAAGCAT	1
622	621	11	AGGTCCAAGTCGTAAGTAAGCATA	1
623	622	11	GGTCCAAGTCGTAAGTAAGCATAA	1
624	623	11	GTCCAAGTCGTAAGTAAGCATAAT	1
625	624	11	TCCAAGTCGTAAGTAAGCATAATG	1
626	625	10	CCAAGTCGTAAGTAAGCATAATGA	1
627	626	11	CAAGTCGTAAGTAAGCATAATGAC	1
628	627	11	AAGTCGTAAGTAAGCATAATGACG	1
629	628	10	AGTCGTAAGTAAGCATAATGACGA	1
630	629	10	GTCGTAAGTAAGCATAATGACGAT	1
631	630	11	TCGTAAGTAAGCATAATGACGATG	1
632	631	10	CGTAAGTAAGCATAATGACGATGA	1
633	632	12	GTAAGTAAGCATAATGACGATGAG	1
634	633	12	TAAGTAAGCATAATGACGATGAGC	1
635	634	12	AAGTAAGCATAATGACGATGAGCA	1
636	635	12	AGTAAGCATAATGACGATGAGCAA	1
637	636	12	GTAAGCATAATGACGATGAGCAAT	1
638	637	11	TAAGCATAATGACGATGAGCAATA	1
639	638	11	AAGCATAATGACGATGAGCAATAC	1
640	639	11	AGCATAATGACGATGAGCAATACA	1
641	640	11	GCATAATGACGATGAGCAATACAT	1
642	641	11	CATAATGACGATGAGCAATACATC	1
643	642	10	ATAATGACGATGAGCAATACATCT	1
644	643	10	TAATGACGATGAGCAATACATCTG	1
645	644	10	AATGACGATGAGCAATACATCTGG	1
646	645	10	ATGACGATGAGCAATACATCTGGG	1
647	646	9	TGACGATGAGCAATACATCTGGGA	1
648	647	8	GACGATGAGCAATACATCTGGGAA	1
649	648	8	ACGATGAGCAATACATCTGGGAAT	1
650	649	8	CGATGAGCAATACATCTGGGAATC	1
651	650	8	GATGAGCAATACATCTGGGAATCC	1
652	651	8	ATGAGCAATACATCTGGGAATCCT	1
653	652	6	TGAGCAATACATCTGGGAATCCTC	1
654	653	6	GAGCAATACATCTGGGAATCCTCT	1
655	654	7	AGCAATACATCTGGGAATCCTCTG	1
656	655	7	GCAATACATCTGGGAATCCTCTGC	1
657	656	7	CAATACATCTGGGAATCCTCTGCT	1
658	657	7	AATACATCTGGGAATCCTCTGCTG	1
659	658	7	ATACATCTGGGAATCCTCTGCTGG	1
660	659	7	TACATCTGGGAATCCTCTGCTGGT	1
661	660	7	ACATCTGGGAATCCTCTGCTGGTG	1
662	661	6	CATCTGGGAATCCTCTGCTGGTGG	1
663	662	6	ATCTGGGAATCCTCTGCTGGTGGT	1
664	663	6	TCTGGGAATCCTCTGCTGGTGGTA	1
665	664	5	CTGGGAATCCTCTGCTGGTGGTAG	1
666	665	6	TGGGAATCCTCTGCTGGTGGTAGC	1
667	666	7	GGGAATCCTCTGCTGGTGGTAGCT	1
668	667	7	GGAATCCTCTGCTGGTGGTAGCTT	1
669	668	7	GAATCCTCTGCTGGTGGTAGCTTC	1
670	669	8	AATCCTCTGCTGGTGGTAGCTTCA	1
671	670	7	ATCCTCTGCTGGTGGTAGCTTCAC	1
672	671	7	TCCTCTGCTGGTGGTAGCTTCACC	1
673	672	7	CCTCTGCTGGTGGTAGCTTCACCG	1
674	673	7	CTCTGCTGGTGGTAGCTTCACCGT	1
675	674	6	TCTGCTGGTGGTAGCTTCACCGTC	1
676	675	6	CTGCTGGTGGTAGCTTCACCGTCA	1
677	676	4	TGCTGGTGGTAGCTTCACCGTCAC	1
678	677	4	GCTGGTGGTAGCTTCACCGTCACT	1
679	678	4	CTGGTGGTAGCTTCACCGTCACTT	1
680	679	4	TGGTGGTAGCTTCACCGTCACTTT	1
681	680	4	GGTGGTAGCTTCACCGTCACTTTG	1
682	681	4	GTGGTAGCTTCACCGTCACTTTGG	1
683	682	4	TGGTAGCTTCACCGTCACTTTGGA	1
684	683	4	GGTAGCTTCACCGTCACTTTGGAC	1
685	684	5	GTAGCTTCACCGTCACTTTGGACA	1
686	685	5	TAGCTTCACCGTCACTTTGGACAC	1
687	686	5	AGCTTCACCGTCACTTTGGACACC	1
688	687	5	GCTTCACCGTCACTTTGGACACCG	1
689	688	5	CTTCACCGTCACTTTGGACACCGA	1
690	689	5	TTCACCGTCACTTTGGACACCGAT	1
691	690	5	TCACCGTCACTTTGGACACCGATG	1
692	691	5	CACCGTCACTTTGGACACCGATGG	1
693	692	5	ACCGTCACTTTGGACACCGATGGA	1
694	693	5	CCGTCACTTTGGACACCGATGGAC	1
695	694	5	CGTCACTTTGGACACCGATGGACC	1
696	695	5	GTCACTTTGGACACCGATGGACCT	1
697	696	5	TCACTTTGGACACCGATGGACCTC	1
698	697	5	CACTTTGGACACCGATGGACCTCG	1
699	698	4	ACTTTGGACACCGATGGACCTCGC	1
700	699	4	CTTTGGACACCGATGGACCTCGCT	1
701	700	4	TTTGGACACCGATGGACCTCGCTT	1
702	701	6	TTGGACACCGATGGACCTCGCTTG	1
703	702	6	TGGACACCGATGGACCTCGCTTGT	1
704	703	6	GGACACCGATGGACCTCGCTTGTT	1
705	704	6	GACACCGATGGACCTCGCTTGTTA	1
706	705	6	ACACCGATGGACCTCGCTTGTTAC	1
707	706	6	CACCGATGGACCTCGCTTGTTACG	1
708	707	6	ACCGATGGACCTCGCTTGTTACGT	1
709	708	6	CCGATGGACCTCGCTTGTTACGTG	1
710	709	5	CGATGGACCTCGCTTGTTACGTGG	1
711	710	5	GATGGACCTCGCTTGTTACGTGGT	1
712	711	6	ATGGACCTCGCTTGTTACGTGGTA	1
713	712	7	TGGACCTCGCTTGTTACGTGGTAC	1
714	713	7	GGACCTCGCTTGTTACGTGGTACC	1
715	714	7	GACCTCGCTTGTTACGTGGTACCG	1
716	715	8	ACCTCGCTTGTTACGTGGTACCGA	1
717	716	8	CCTCGCTTGTTACGTGGTACCGAG	1
718	717	8	CTCGCTTGTTACGTGGTACCGAGA	1
719	718	8	TCGCTTGTTACGTGGTACCGAGAT	1
720	719	8	CGCTTGTTACGTGGTACCGAGATT	1
721	720	8	GCTTGTTACGTGGTACCGAGATTC	1
722	721	8	CTTGTTACGTGGTACCGAGATTCG	1
723	722	8	TTGTTACGTGGTACCGAGATTCGT	1
724	723	8	TGTTACGTGGTACCGAGATTCGTC	1
725	724	8	GTTACGTGGTACCGAGATTCGTCT	1
726	725	8	TTACGTGGTACCGAGATTCGTCTC	1
727	726	8	TACGTGGTACCGAGATTCGTCTCT	1
728	727	8	ACGTGGTACCGAGATTCGTCTCTT	1
729	728	7	CGTGGTACCGAGATTCGTCTCTTC	1
730	729	7	GTGGTACCGAGATTCGTCTCTTCA	1
731	730	7	TGGTACCGAGATTCGTCTCTTCAT	1
732	731	8	GGTACCGAGATTCGTCTCTTCATG	1
733	732	8	GTACCGAGATTCGTCTCTTCATGA	1
734	733	8	TACCGAGATTCGTCTCTTCATGAA	1
735	734	8	ACCGAGATTCGTCTCTTCATGAAA	1
736	735	8	CCGAGATTCGTCTCTTCATGAAAG	1
737	736	8	CGAGATTCGTCTCTTCATGAAAGA	1
738	737	9	GAGATTCGTCTCTTCATGAAAGAA	1
739	738	10	AGATTCGTCTCTTCATGAAAGAAG	1
740	739	10	GATTCGTCTCTTCATGAAAGAAGA	1
741	740	10	ATTCGTCTCTTCATGAAAGAAGAC	1
742	741	11	TTCGTCTCTTCATGAAAGAAGACC	1
743	742	11	TCGTCTCTTCATGAAAGAAGACCA	1
744	743	11	CGTCTCTTCATGAAAGAAGACCAA	1
745	744	11	GTCTCTTCATGAAAGAAGACCAAC	1
746	745	9	TCTCTTCATGAAAGAAGACCAACT	1
747	746	9	CTCTTCATGAAAGAAGACCAACTT	1
748	747	9	TCTTCATGAAAGAAGACCAACTTC	1
749	748	9	CTTCATGAAAGAAGACCAACTTCA	1
750	749	9	TTCATGAAAGAAGACCAACTTCAA	1
751	750	9	TCATGAAAGAAGACCAACTTCAAT	1
752	751	9	CATGAAAGAAGACCAACTTCAATA	1
753	752	9	ATGAAAGAAGACCAACTTCAATAC	1
754	753	9	TGAAAGAAGACCAACTTCAATACC	1
755	754	8	GAAAGAAGACCAACTTCAATACCT	1
756	755	7	AAAGAAGACCAACTTCAATACCTC	1
757	756	6	AAGAAGACCAACTTCAATACCTCG	1
758	757	6	AGAAGACCAACTTCAATACCTCGA	1
759	758	6	GAAGACCAACTTCAATACCTCGAG	1
760	759	5	AAGACCAACTTCAATACCTCGAGG	1
761	760	6	AGACCAACTTCAATACCTCGAGGA	1
762	761	7	GACCAACTTCAATACCTCGAGGAA	1
763	762	7	ACCAACTTCAATACCTCGAGGAAA	1
764	763	7	CCAACTTCAATACCTCGAGGAAAA	1
765	764	7	CAACTTCAATACCTCGAGGAAAAG	1
766	765	9	AACTTCAATACCTCGAGGAAAAGA	1
767	766	10	ACTTCAATACCTCGAGGAAAAGAC	1
768	767	10	CTTCAATACCTCGAGGAAAAGACT	1
769	768	11	TTCAATACCTCGAGGAAAAGACTA	1
770	769	11	TCAATACCTCGAGGAAAAGACTAT	1
771	770	11	CAATACCTCGAGGAAAAGACTATC	1
772	771	11	AATACCTCGAGGAAAAGACTATCA	1
773	772	11	ATACCTCGAGGAAAAGACTATCAA	1
774	773	11	TACCTCGAGGAAAAGACTATCAAA	1
775	774	11	ACCTCGAGGAAAAGACTATCAAAG	1
776	775	10	CCTCGAGGAAAAGACTATCAAAGA	1
777	776	10	CTCGAGGAAAAGACTATCAAAGAT	1
778	777	10	TCGAGGAAAAGACTATCAAAGATA	1
779	778	10	CGAGGAAAAGACTATCAAAGATAC	1
780	779	10	GAGGAAAAGACTATCAAAGATACC	1
781	780	10	AGGAAAAGACTATCAAAGATACCG	1
782	781	8	GGAAAAGACTATCAAAGATACCGT	1
783	782	8	GAAAAGACTATCAAAGATACCGTC	1
784	783	8	AAAAGACTATCAAAGATACCGTCA	1
785	784	8	AAAGACTATCAAAGATACCGTCAA	1
786	785	7	AAGACTATCAAAGATACCGTCAAG	1
787	786	7	AGACTATCAAAGATACCGTCAAGA	1
788	787	7	GACTATCAAAGATACCGTCAAGAA	1
789	788	7	ACTATCAAAGATACCGTCAAGAAA	1
790	789	8	CTATCAAAGATACCGTCAAGAAAC	1
791	790	9	TATCAAAGATACCGTCAAGAAACA	1
792	791	8	ATCAAAGATACCGTCAAGAAACAT	1
793	792	8	TCAAAGATACCGTCAAGAAACATA	1
794	793	8	CAAAGATACCGTCAAGAAACATAG	1
795	794	8	AAAGATACCGTCAAGAAACATAGT	1
796	795	8	AAGATACCGTCAAGAAACATAGTG	1
797	796	8	AGATACCGTCAAGAAACATAGTGA	1
798	797	8	GATACCGTCAAGAAACATAGTGAG	1
799	798	9	ATACCGTCAAGAAACATAGTGAGT	1
800	799	9	TACCGTCAAGAAACATAGTGAGTT	1
801	800	9	ACCGTCAAGAAACATAGTGAGTTC	1
802	801	8	CCGTCAAGAAACATAGTGAGTTCA	1
803	802	8	CGTCAAGAAACATAGTGAGTTCAT	1
804	803	8	GTCAAGAAACATAGTGAGTTCATC	1
805	804	9	TCAAGAAACATAGTGAGTTCATCT	1
806	805	8	CAAGAAACATAGTGAGTTCATCTC	1
807	806	8	AAGAAACATAGTGAGTTCATCTCT	1
808	807	8	AGAAACATAGTGAGTTCATCTCTT	1
809	808	7	GAAACATAGTGAGTTCATCTCTTA	1
810	809	7	AAACATAGTGAGTTCATCTCTTAC	1
811	810	6	AACATAGTGAGTTCATCTCTTACC	1
812	811	6	ACATAGTGAGTTCATCTCTTACCC	1
813	812	6	CATAGTGAGTTCATCTCTTACCCC	1
814	813	6	ATAGTGAGTTCATCTCTTACCCCA	1
815	814	7	TAGTGAGTTCATCTCTTACCCCAT	1
816	815	7	AGTGAGTTCATCTCTTACCCCATT	1
817	816	8	GTGAGTTCATCTCTTACCCCATTC	1
818	817	9	TGAGTTCATCTCTTACCCCATTCA	1
819	818	9	GAGTTCATCTCTTACCCCATTCAA	1
820	819	9	AGTTCATCTCTTACCCCATTCAAT	1
821	820	9	GTTCATCTCTTACCCCATTCAATT	1
822	821	9	TTCATCTCTTACCCCATTCAATTA	1
823	822	9	TCATCTCTTACCCCATTCAATTAG	1
824	823	10	CATCTCTTACCCCATTCAATTAGT	1
825	824	10	ATCTCTTACCCCATTCAATTAGTT	1
826	825	10	TCTCTTACCCCATTCAATTAGTTG	1
827	826	10	CTCTTACCCCATTCAATTAGTTGT	1
828	827	10	TCTTACCCCATTCAATTAGTTGTT	1
829	828	11	CTTACCCCATTCAATTAGTTGTTA	1
830	829	11	TTACCCCATTCAATTAGTTGTTAC	1
831	830	11	TACCCCATTCAATTAGTTGTTACC	1
832	831	11	ACCCCATTCAATTAGTTGTTACCC	1
833	832	11	CCCCATTCAATTAGTTGTTACCCG	1
834	833	10	CCCATTCAATTAGTTGTTACCCGT	1
835	834	9	CCATTCAATTAGTTGTTACCCGTG	1
836	835	9	CATTCAATTAGTTGTTACCCGTGA	1
837	836	9	ATTCAATTAGTTGTTACCCGTGAG	1
838	837	9	TTCAATTAGTTGTTACCCGTGAGG	1
839	838	9	TCAATTAGTTGTTACCCGTGAGGT	1
840	839	9	CAATTAGTTGTTACCCGTGAGGTT	1
841	840	9	AATTAGTTGTTACCCGTGAGGTTG	1
842	841	9	ATTAGTTGTTACCCGTGAGGTTGA	1
843	842	8	TTAGTTGTTACCCGTGAGGTTGAG	1
844	843	8	TAGTTGTTACCCGTGAGGTTGAGA	1
845	844	8	AGTTGTTACCCGTGAGGTTGAGAA	1
846	845	11	GTTGTTACCCGTGAGGTTGAGAAG	1
847	846	11	TTGTTACCCGTGAGGTTGAGAAGG	1
848	847	11	TGTTACCCGTGAGGTTGAGAAGGA	1
849	848	9	GTTACCCGTGAGGTTGAGAAGGAG	1
850	849	9	TTACCCGTGAGGTTGAGAAGGAGG	1
851	850	11	TACCCGTGAGGTTGAGAAGGAGGT	1
852	851	11	ACCCGTGAGGTTGAGAAGGAGGTC	1
853	852	12	CCCGTGAGGTTGAGAAGGAGGTCC	1
854	853	11	CCGTGAGGTTGAGAAGGAGGTCCC	1
855	854	11	CGTGAGGTTGAGAAGGAGGTCCCT	1
856	855	11	GTGAGGTTGAGAAGGAGGTCCCTG	1
857	856	11	TGAGGTTGAGAAGGAGGTCCCTGA	1
858	857	11	GAGGTTGAGAAGGAGGTCCCTGAA	1
859	858	10	AGGTTGAGAAGGAGGTCCCTGAAG	1
860	859	10	GGTTGAGAAGGAGGTCCCTGAAGA	1
861	860	9	GTTGAGAAGGAGGTCCCTGAAGAA	1
862	861	8	TTGAGAAGGAGGTCCCTGAAGAAG	1
863	862	8	TGAGAAGGAGGTCCCTGAAGAAGA	1
864	863	8	GAGAAGGAGGTCCCTGAAGAAGAA	1
865	864	8	AGAAGGAGGTCCCTGAAGAAGAAG	1
866	865	8	GAAGGAGGTCCCTGAAGAAGAAGA	1
867	866	8	AAGGAGGTCCCTGAAGAAGAAGAG	1
868	867	7	AGGAGGTCCCTGAAGAAGAAGAGA	1
869	868	7	GGAGGTCCCTGAAGAAGAAGAGAC	1
870	869	7	GAGGTCCCTGAAGAAGAAGAGACC	1
871	870	7	AGGTCCCTGAAGAAGAAGAGACCG	1
872	871	7	GGTCCCTGAAGAAGAAGAGACCGA	1
873	872	6	GTCCCTGAAGAAGAAGAGACCGAA	1
874	873	6	TCCCTGAAGAAGAAGAGACCGAAG	1
875	874	6	CCCTGAAGAAGAAGAGACCGAAGA	1
876	875	6	CCTGAAGAAGAAGAGACCGAAGAA	1
877	876	6	CTGAAGAAGAAGAGACCGAAGAAG	1
878	877	6	TGAAGAAGAAGAGACCGAAGAAGT	1
879	878	6	GAAGAAGAAGAGACCGAAGAAGTT	1
880	879	6	AAGAAGAAGAGACCGAAGAAGTTA	1
881	880	6	AGAAGAAGAGACCGAAGAAGTTAA	1
882	881	6	GAAGAAGAGACCGAAGAAGTTAAG	1
883	882	6	AAGAAGAGACCGAAGAAGTTAAGA	1
884	883	6	AGAAGAGACCGAAGAAGTTAAGAA	1
885	884	6	GAAGAGACCGAAGAAGTTAAGAAT	1
886	885	6	AAGAGACCGAAGAAGTTAAGAATG	1
887	886	6	AGAGACCGAAGAAGTTAAGAATGA	1
888	887	6	GAGACCGAAGAAGTTAAGAATGAA	1
889	888	6	AGACCGAAGAAGTTAAGAATGAAG	1
890	889	3	GACCGAAGAAGTTAAGAATGAAGA	1
891	890	3	ACCGAAGAAGTTAAGAATGAAGAA	1
892	891	3	CCGAAGAAGTTAAGAATGAAGAAG	1
893	892	3	CGAAGAAGTTAAGAATGAAGAAGA	1
894	893	3	GAAGAAGTTAAGAATGAAGAAGAC	1
895	894	1	AAGAAGTTAAGAATGAAGAAGACG	1
896	895	1	AGAAGTTAAGAATGAAGAAGACGA	1
897	896	1	GAAGTTAAGAATGAAGAAGACGAT	1
898	897	1	AAGTTAAGAATGAAGAAGACGATA	1
899	898	1	AGTTAAGAATGAAGAAGACGATAA	1
900	899	1	GTTAAGAATGAAGAAGACGATAAG	1
901	900	2	TTAAGAATGAAGAAGACGATAAGG	1
902	901	2	TAAGAATGAAGAAGACGATAAGGC	1
903	902	4	AAGAATGAAGAAGACGATAAGGCT	1
904	903	5	AGAATGAAGAAGACGATAAGGCTC	1
905	904	5	GAATGAAGAAGACGATAAGGCTCC	1
906	905	5	AATGAAGAAGACGATAAGGCTCCT	1
907	906	5	ATGAAGAAGACGATAAGGCTCCTA	1
908	907	5	TGAAGAAGACGATAAGGCTCCTAA	1
909	908	5	GAAGAAGACGATAAGGCTCCTAAG	1
910	909	5	AAGAAGACGATAAGGCTCCTAAGA	1
911	910	5	AGAAGACGATAAGGCTCCTAAGAT	1
912	911	6	GAAGACGATAAGGCTCCTAAGATT	1
913	912	6	AAGACGATAAGGCTCCTAAGATTG	1
914	913	6	AGACGATAAGGCTCCTAAGATTGA	1
915	914	6	GACGATAAGGCTCCTAAGATTGAG	1
916	915	6	ACGATAAGGCTCCTAAGATTGAGG	1
917	916	6	CGATAAGGCTCCTAAGATTGAGGA	1
918	917	6	GATAAGGCTCCTAAGATTGAGGAG	1
919	918	6	ATAAGGCTCCTAAGATTGAGGAGG	1
920	919	6	TAAGGCTCCTAAGATTGAGGAGGT	1
921	920	6	AAGGCTCCTAAGATTGAGGAGGTT	1
922	921	6	AGGCTCCTAAGATTGAGGAGGTTG	1
923	922	6	GGCTCCTAAGATTGAGGAGGTTGA	1
924	923	6	GCTCCTAAGATTGAGGAGGTTGAT	1
925	924	6	CTCCTAAGATTGAGGAGGTTGATG	1
926	925	7	TCCTAAGATTGAGGAGGTTGATGA	1
927	926	7	CCTAAGATTGAGGAGGTTGATGAT	1
928	927	10	CTAAGATTGAGGAGGTTGATGATG	1
929	928	10	TAAGATTGAGGAGGTTGATGATGA	1
930	929	10	AAGATTGAGGAGGTTGATGATGAA	1
931	930	10	AGATTGAGGAGGTTGATGATGAAT	1
932	931	10	GATTGAGGAGGTTGATGATGAATC	1
933	932	10	ATTGAGGAGGTTGATGATGAATCT	1
934	933	10	TTGAGGAGGTTGATGATGAATCTG	1
935	934	10	TGAGGAGGTTGATGATGAATCTGA	1
936	935	11	GAGGAGGTTGATGATGAATCTGAG	1
937	936	11	AGGAGGTTGATGATGAATCTGAGA	1
938	937	11	GGAGGTTGATGATGAATCTGAGAA	1
939	938	11	GAGGTTGATGATGAATCTGAGAAG	1
940	939	11	AGGTTGATGATGAATCTGAGAAGA	1
941	940	10	GGTTGATGATGAATCTGAGAAGAA	1
942	941	10	GTTGATGATGAATCTGAGAAGAAG	1
943	942	10	TTGATGATGAATCTGAGAAGAAGG	1
944	943	10	TGATGATGAATCTGAGAAGAAGGA	1
945	944	10	GATGATGAATCTGAGAAGAAGGAG	1
946	945	9	ATGATGAATCTGAGAAGAAGGAGA	1
947	946	8	TGATGAATCTGAGAAGAAGGAGAA	1
948	947	6	GATGAATCTGAGAAGAAGGAGAAG	1
949	948	6	ATGAATCTGAGAAGAAGGAGAAGA	1
950	949	6	TGAATCTGAGAAGAAGGAGAAGAA	1
951	950	6	GAATCTGAGAAGAAGGAGAAGAAG	1
952	951	6	AATCTGAGAAGAAGGAGAAGAAGA	1
953	952	6	ATCTGAGAAGAAGGAGAAGAAGAC	1
954	953	6	TCTGAGAAGAAGGAGAAGAAGACC	1
955	954	5	CTGAGAAGAAGGAGAAGAAGACCA	1
956	955	5	TGAGAAGAAGGAGAAGAAGACCAA	1
957	956	5	GAGAAGAAGGAGAAGAAGACCAAG	1
958	957	5	AGAAGAAGGAGAAGAAGACCAAGA	1
959	958	5	GAAGAAGGAGAAGAAGACCAAGAA	1
960	959	5	AAGAAGGAGAAGAAGACCAAGAAG	1
961	960	5	AGAAGGAGAAGAAGACCAAGAAGG	1
962	961	5	GAAGGAGAAGAAGACCAAGAAGGT	1
963	962	6	AAGGAGAAGAAGACCAAGAAGGTC	1
964	963	6	AGGAGAAGAAGACCAAGAAGGTCA	1
965	964	6	GGAGAAGAAGACCAAGAAGGTCAA	1
966	965	6	GAGAAGAAGACCAAGAAGGTCAAG	1
967	966	6	AGAAGAAGACCAAGAAGGTCAAGG	1
968	967	6	GAAGAAGACCAAGAAGGTCAAGGA	1
969	968	6	AAGAAGACCAAGAAGGTCAAGGAG	1
970	969	5	AGAAGACCAAGAAGGTCAAGGAGA	1
971	970	6	GAAGACCAAGAAGGTCAAGGAGAC	1
972	971	4	AAGACCAAGAAGGTCAAGGAGACC	1
973	972	4	AGACCAAGAAGGTCAAGGAGACCA	1
974	973	4	GACCAAGAAGGTCAAGGAGACCAC	1
975	974	4	ACCAAGAAGGTCAAGGAGACCACC	1
976	975	4	CCAAGAAGGTCAAGGAGACCACCA	1
977	976	5	CAAGAAGGTCAAGGAGACCACCAC	1
978	977	5	AAGAAGGTCAAGGAGACCACCACT	1
979	978	5	AGAAGGTCAAGGAGACCACCACTG	1
980	979	4	GAAGGTCAAGGAGACCACCACTGA	1
981	980	4	AAGGTCAAGGAGACCACCACTGAG	1
982	981	4	AGGTCAAGGAGACCACCACTGAGA	1
983	982	4	GGTCAAGGAGACCACCACTGAGAC	1
984	983	5	GTCAAGGAGACCACCACTGAGACT	1
985	984	5	TCAAGGAGACCACCACTGAGACTG	1
986	985	5	CAAGGAGACCACCACTGAGACTGA	1
987	986	5	AAGGAGACCACCACTGAGACTGAG	1
988	987	5	AGGAGACCACCACTGAGACTGAGG	1
989	988	5	GGAGACCACCACTGAGACTGAGGA	1
990	989	5	GAGACCACCACTGAGACTGAGGAG	1
991	990	5	AGACCACCACTGAGACTGAGGAGT	1
992	991	5	GACCACCACTGAGACTGAGGAGTT	1
993	992	6	ACCACCACTGAGACTGAGGAGTTG	1
994	993	6	CCACCACTGAGACTGAGGAGTTGA	1
995	994	6	CACCACTGAGACTGAGGAGTTGAA	1
996	995	7	ACCACTGAGACTGAGGAGTTGAAC	1
997	996	7	CCACTGAGACTGAGGAGTTGAACA	1
998	997	7	CACTGAGACTGAGGAGTTGAACAA	1
999	998	7	ACTGAGACTGAGGAGTTGAACAAG	1
1000	999	6	CTGAGACTGAGGAGTTGAACAAGA	1
1001	1000	7	TGAGACTGAGGAGTTGAACAAGAC	1
1002	1001	7	GAGACTGAGGAGTTGAACAAGACC	1
1003	1002	7	AGACTGAGGAGTTGAACAAGACCA	1
1004	1003	7	GACTGAGGAGTTGAACAAGACCAA	1
1005	1004	7	ACTGAGGAGTTGAACAAGACCAAG	1
1006	1005	7	CTGAGGAGTTGAACAAGACCAAGC	1
1007	1006	6	TGAGGAGTTGAACAAGACCAAGCC	1
1008	1007	6	GAGGAGTTGAACAAGACCAAGCCC	1
1009	1008	6	AGGAGTTGAACAAGACCAAGCCCA	1
1010	1009	6	GGAGTTGAACAAGACCAAGCCCAT	1
1011	1010	6	GAGTTGAACAAGACCAAGCCCATT	1
1012	1011	6	AGTTGAACAAGACCAAGCCCATTT	1
1013	1012	7	GTTGAACAAGACCAAGCCCATTTG	1
1014	1013	8	TTGAACAAGACCAAGCCCATTTGG	1
1015	1014	7	TGAACAAGACCAAGCCCATTTGGA	1
1016	1015	7	GAACAAGACCAAGCCCATTTGGAC	1
1017	1016	7	AACAAGACCAAGCCCATTTGGACT	1
1018	1017	7	ACAAGACCAAGCCCATTTGGACTC	1
1019	1018	7	CAAGACCAAGCCCATTTGGACTCG	1
1020	1019	7	AAGACCAAGCCCATTTGGACTCGC	1
1021	1020	6	AGACCAAGCCCATTTGGACTCGCA	1
1022	1021	6	GACCAAGCCCATTTGGACTCGCAA	1
1023	1022	6	ACCAAGCCCATTTGGACTCGCAAC	1
1024	1023	6	CCAAGCCCATTTGGACTCGCAACC	1
1025	1024	6	CAAGCCCATTTGGACTCGCAACCC	1
1026	1025	6	AAGCCCATTTGGACTCGCAACCCC	1
1027	1026	6	AGCCCATTTGGACTCGCAACCCCA	1
1028	1027	5	GCCCATTTGGACTCGCAACCCCAG	1
1029	1028	7	CCCATTTGGACTCGCAACCCCAGT	1
1030	1029	7	CCATTTGGACTCGCAACCCCAGTG	1
1031	1030	7	CATTTGGACTCGCAACCCCAGTGA	1
1032	1031	7	ATTTGGACTCGCAACCCCAGTGAA	1
1033	1032	7	TTTGGACTCGCAACCCCAGTGAAG	1
1034	1033	7	TTGGACTCGCAACCCCAGTGAAGT	1
1035	1034	8	TGGACTCGCAACCCCAGTGAAGTT	1
1036	1035	8	GGACTCGCAACCCCAGTGAAGTTA	1
1037	1036	8	GACTCGCAACCCCAGTGAAGTTAC	1
1038	1037	8	ACTCGCAACCCCAGTGAAGTTACC	1
1039	1038	8	CTCGCAACCCCAGTGAAGTTACCA	1
1040	1039	8	TCGCAACCCCAGTGAAGTTACCAA	1
1041	1040	8	CGCAACCCCAGTGAAGTTACCAAG	1
1042	1041	8	GCAACCCCAGTGAAGTTACCAAGG	1
1043	1042	8	CAACCCCAGTGAAGTTACCAAGGA	1
1044	1043	8	AACCCCAGTGAAGTTACCAAGGAA	1
1045	1044	7	ACCCCAGTGAAGTTACCAAGGAAG	1
1046	1045	7	CCCCAGTGAAGTTACCAAGGAAGA	1
1047	1046	7	CCCAGTGAAGTTACCAAGGAAGAG	1
1048	1047	7	CCAGTGAAGTTACCAAGGAAGAGT	1
1049	1048	7	CAGTGAAGTTACCAAGGAAGAGTA	1
1050	1049	7	AGTGAAGTTACCAAGGAAGAGTAT	1
1051	1050	7	GTGAAGTTACCAAGGAAGAGTATG	1
1052	1051	7	TGAAGTTACCAAGGAAGAGTATGC	1
1053	1052	7	GAAGTTACCAAGGAAGAGTATGCC	1
1054	1053	7	AAGTTACCAAGGAAGAGTATGCCT	1
1055	1054	7	AGTTACCAAGGAAGAGTATGCCTC	1
1056	1055	7	GTTACCAAGGAAGAGTATGCCTCT	1
1057	1056	6	TTACCAAGGAAGAGTATGCCTCTT	1
1058	1057	5	TACCAAGGAAGAGTATGCCTCTTT	1
1059	1058	5	ACCAAGGAAGAGTATGCCTCTTTC	1
1060	1059	5	CCAAGGAAGAGTATGCCTCTTTCT	1
1061	1060	5	CAAGGAAGAGTATGCCTCTTTCTA	1
1062	1061	5	AAGGAAGAGTATGCCTCTTTCTAC	1
1063	1062	5	AGGAAGAGTATGCCTCTTTCTACA	1
1064	1063	5	GGAAGAGTATGCCTCTTTCTACAA	1
1065	1064	5	GAAGAGTATGCCTCTTTCTACAAG	1
1066	1065	6	AAGAGTATGCCTCTTTCTACAAGT	1
1067	1066	6	AGAGTATGCCTCTTTCTACAAGTC	1
1068	1067	6	GAGTATGCCTCTTTCTACAAGTCT	1
1069	1068	6	AGTATGCCTCTTTCTACAAGTCTT	1
1070	1069	6	GTATGCCTCTTTCTACAAGTCTTT	1
1071	1070	6	TATGCCTCTTTCTACAAGTCTTTG	1
1072	1071	6	ATGCCTCTTTCTACAAGTCTTTGA	1
1073	1072	4	TGCCTCTTTCTACAAGTCTTTGAC	1
1074	1073	4	GCCTCTTTCTACAAGTCTTTGACT	1
1075	1074	4	CCTCTTTCTACAAGTCTTTGACTA	1
1076	1075	4	CTCTTTCTACAAGTCTTTGACTAA	1
1077	1076	4	TCTTTCTACAAGTCTTTGACTAAC	1
1078	1077	4	CTTTCTACAAGTCTTTGACTAACG	1
1079	1078	4	TTTCTACAAGTCTTTGACTAACGA	1
1080	1079	4	TTCTACAAGTCTTTGACTAACGAC	1
1081	1080	3	TCTACAAGTCTTTGACTAACGACT	1
1082	1081	3	CTACAAGTCTTTGACTAACGACTG	1
1083	1082	3	TACAAGTCTTTGACTAACGACTGG	1
1084	1083	3	ACAAGTCTTTGACTAACGACTGGG	1
1085	1084	3	CAAGTCTTTGACTAACGACTGGGA	1
1086	1085	3	AAGTCTTTGACTAACGACTGGGAA	1
1087	1086	3	AGTCTTTGACTAACGACTGGGAAG	1
1088	1087	3	GTCTTTGACTAACGACTGGGAAGA	1
1089	1088	3	TCTTTGACTAACGACTGGGAAGAC	1
1090	1089	3	CTTTGACTAACGACTGGGAAGACC	1
1091	1090	4	TTTGACTAACGACTGGGAAGACCA	1
1092	1091	4	TTGACTAACGACTGGGAAGACCAT	1
1093	1092	4	TGACTAACGACTGGGAAGACCATT	1
1094	1093	4	GACTAACGACTGGGAAGACCATTT	1
1095	1094	4	ACTAACGACTGGGAAGACCATTTG	1
1096	1095	4	CTAACGACTGGGAAGACCATTTGG	1
1097	1096	4	TAACGACTGGGAAGACCATTTGGC	1
1098	1097	4	AACGACTGGGAAGACCATTTGGCC	1
1099	1098	4	ACGACTGGGAAGACCATTTGGCCG	1
1100	1099	4	CGACTGGGAAGACCATTTGGCCGT	1
1101	1100	4	GACTGGGAAGACCATTTGGCCGTC	1
1102	1101	4	ACTGGGAAGACCATTTGGCCGTCA	1
1103	1102	4	CTGGGAAGACCATTTGGCCGTCAA	1
1104	1103	4	TGGGAAGACCATTTGGCCGTCAAG	1
1105	1104	4	GGGAAGACCATTTGGCCGTCAAGC	1
1106	1105	4	GGAAGACCATTTGGCCGTCAAGCA	1
1107	1106	5	GAAGACCATTTGGCCGTCAAGCAC	1
1108	1107	5	AAGACCATTTGGCCGTCAAGCACT	1
1109	1108	8	AGACCATTTGGCCGTCAAGCACTT	1
1110	1109	7	GACCATTTGGCCGTCAAGCACTTC	1
1111	1110	7	ACCATTTGGCCGTCAAGCACTTCA	1
1112	1111	7	CCATTTGGCCGTCAAGCACTTCAG	1
1113	1112	7	CATTTGGCCGTCAAGCACTTCAGC	1
1114	1113	8	ATTTGGCCGTCAAGCACTTCAGCG	1
1115	1114	8	TTTGGCCGTCAAGCACTTCAGCGT	1
1116	1115	8	TTGGCCGTCAAGCACTTCAGCGTT	1
1117	1116	8	TGGCCGTCAAGCACTTCAGCGTTG	1
1118	1117	9	GGCCGTCAAGCACTTCAGCGTTGA	1
1119	1118	9	GCCGTCAAGCACTTCAGCGTTGAA	1
1120	1119	9	CCGTCAAGCACTTCAGCGTTGAAG	1
1121	1120	9	CGTCAAGCACTTCAGCGTTGAAGG	1
1122	1121	9	GTCAAGCACTTCAGCGTTGAAGGT	1
1123	1122	8	TCAAGCACTTCAGCGTTGAAGGTC	1
1124	1123	8	CAAGCACTTCAGCGTTGAAGGTCA	1
1125	1124	8	AAGCACTTCAGCGTTGAAGGTCAA	1
1126	1125	9	AGCACTTCAGCGTTGAAGGTCAAT	1
1127	1126	9	GCACTTCAGCGTTGAAGGTCAATT	1
1128	1127	8	CACTTCAGCGTTGAAGGTCAATTG	1
1129	1128	8	ACTTCAGCGTTGAAGGTCAATTGG	1
1130	1129	8	CTTCAGCGTTGAAGGTCAATTGGA	1
1131	1130	8	TTCAGCGTTGAAGGTCAATTGGAA	1
1132	1131	8	TCAGCGTTGAAGGTCAATTGGAAT	1
1133	1132	8	CAGCGTTGAAGGTCAATTGGAATT	1
1134	1133	8	AGCGTTGAAGGTCAATTGGAATTC	1
1135	1134	7	GCGTTGAAGGTCAATTGGAATTCC	1
1136	1135	7	CGTTGAAGGTCAATTGGAATTCCG	1
1137	1136	7	GTTGAAGGTCAATTGGAATTCCGT	1
1138	1137	7	TTGAAGGTCAATTGGAATTCCGTG	1
1139	1138	7	TGAAGGTCAATTGGAATTCCGTGC	1
1140	1139	7	GAAGGTCAATTGGAATTCCGTGCC	1
1141	1140	7	AAGGTCAATTGGAATTCCGTGCCA	1
1142	1141	7	AGGTCAATTGGAATTCCGTGCCAT	1
1143	1142	7	GGTCAATTGGAATTCCGTGCCATT	1
1144	1143	7	GTCAATTGGAATTCCGTGCCATTC	1
1145	1144	7	TCAATTGGAATTCCGTGCCATTCT	1
1146	1145	7	CAATTGGAATTCCGTGCCATTCTT	1
1147	1146	7	AATTGGAATTCCGTGCCATTCTTT	1
1148	1147	7	ATTGGAATTCCGTGCCATTCTTTT	1
1149	1148	7	TTGGAATTCCGTGCCATTCTTTTC	1
1150	1149	8	TGGAATTCCGTGCCATTCTTTTCG	1
1151	1150	6	GGAATTCCGTGCCATTCTTTTCGT	1
1152	1151	6	GAATTCCGTGCCATTCTTTTCGTC	1
1153	1152	3	AATTCCGTGCCATTCTTTTCGTCC	1
1154	1153	3	ATTCCGTGCCATTCTTTTCGTCCC	1
1155	1154	3	TTCCGTGCCATTCTTTTCGTCCCC	1
1156	1155	3	TCCGTGCCATTCTTTTCGTCCCCC	1
1157	1156	4	CCGTGCCATTCTTTTCGTCCCCCG	1
1158	1157	3	CGTGCCATTCTTTTCGTCCCCCGC	1
1159	1158	4	GTGCCATTCTTTTCGTCCCCCGCC	1
1160	1159	4	TGCCATTCTTTTCGTCCCCCGCCG	1
1161	1160	4	GCCATTCTTTTCGTCCCCCGCCGC	1
1162	1161	3	CCATTCTTTTCGTCCCCCGCCGCG	1
1163	1162	3	CATTCTTTTCGTCCCCCGCCGCGC	1
1164	1163	3	ATTCTTTTCGTCCCCCGCCGCGCT	1
1165	1164	3	TTCTTTTCGTCCCCCGCCGCGCTC	1
1166	1165	3	TCTTTTCGTCCCCCGCCGCGCTCC	1
1167	1166	5	CTTTTCGTCCCCCGCCGCGCTCCT	1
1168	1167	5	TTTTCGTCCCCCGCCGCGCTCCTA	1
1169	1168	6	TTTCGTCCCCCGCCGCGCTCCTAT	1
1170	1169	5	TTCGTCCCCCGCCGCGCTCCTATG	1
1171	1170	5	TCGTCCCCCGCCGCGCTCCTATGG	1
1172	1171	5	CGTCCCCCGCCGCGCTCCTATGGA	1
1173	1172	5	GTCCCCCGCCGCGCTCCTATGGAC	1
1174	1173	5	TCCCCCGCCGCGCTCCTATGGACC	1
1175	1174	5	CCCCCGCCGCGCTCCTATGGACCT	1
1176	1175	6	CCCCGCCGCGCTCCTATGGACCTT	1
1177	1176	6	CCCGCCGCGCTCCTATGGACCTTT	1
1178	1177	6	CCGCCGCGCTCCTATGGACCTTTT	1
1179	1178	6	CGCCGCGCTCCTATGGACCTTTTT	1
1180	1179	6	GCCGCGCTCCTATGGACCTTTTTG	1
1181	1180	6	CCGCGCTCCTATGGACCTTTTTGA	1
1182	1181	7	CGCGCTCCTATGGACCTTTTTGAG	1
1183	1182	7	GCGCTCCTATGGACCTTTTTGAGG	1
1184	1183	7	CGCTCCTATGGACCTTTTTGAGGC	1
1185	1184	7	GCTCCTATGGACCTTTTTGAGGCC	1
1186	1185	7	CTCCTATGGACCTTTTTGAGGCCA	1
1187	1186	7	TCCTATGGACCTTTTTGAGGCCAA	1
1188	1187	7	CCTATGGACCTTTTTGAGGCCAAG	1
1189	1188	7	CTATGGACCTTTTTGAGGCCAAGC	1
1190	1189	7	TATGGACCTTTTTGAGGCCAAGCG	1
1191	1190	7	ATGGACCTTTTTGAGGCCAAGCGT	1
1192	1191	6	TGGACCTTTTTGAGGCCAAGCGTA	1
1193	1192	6	GGACCTTTTTGAGGCCAAGCGTAA	1
1194	1193	5	GACCTTTTTGAGGCCAAGCGTAAG	1
1195	1194	5	ACCTTTTTGAGGCCAAGCGTAAGA	1
1196	1195	5	CCTTTTTGAGGCCAAGCGTAAGAA	1
1197	1196	5	CTTTTTGAGGCCAAGCGTAAGAAG	1
1198	1197	5	TTTTTGAGGCCAAGCGTAAGAAGA	1
1199	1198	5	TTTTGAGGCCAAGCGTAAGAAGAA	1
1200	1199	5	TTTGAGGCCAAGCGTAAGAAGAAC	1
1201	1200	4	TTGAGGCCAAGCGTAAGAAGAACA	1
1202	1201	3	TGAGGCCAAGCGTAAGAAGAACAA	1
1203	1202	3	GAGGCCAAGCGTAAGAAGAACAAC	1
1204	1203	3	AGGCCAAGCGTAAGAAGAACAACA	1
1205	1204	3	GGCCAAGCGTAAGAAGAACAACAT	1
1206	1205	3	GCCAAGCGTAAGAAGAACAACATC	1
1207	1206	3	CCAAGCGTAAGAAGAACAACATCA	1
1208	1207	3	CAAGCGTAAGAAGAACAACATCAA	1
1209	1208	3	AAGCGTAAGAAGAACAACATCAAG	1
1210	1209	3	AGCGTAAGAAGAACAACATCAAGC	1
1211	1210	1	GCGTAAGAAGAACAACATCAAGCT	1
1212	1211	1	CGTAAGAAGAACAACATCAAGCTC	1
1213	1212	1	GTAAGAAGAACAACATCAAGCTCT	1
1214	1213	1	TAAGAAGAACAACATCAAGCTCTA	1
1215	1214	1	AAGAAGAACAACATCAAGCTCTAT	1
1216	1215	1	AGAAGAACAACATCAAGCTCTATG	1
1217	1216	2	GAAGAACAACATCAAGCTCTATGT	1
1218	1217	2	AAGAACAACATCAAGCTCTATGTT	1
1219	1218	2	AGAACAACATCAAGCTCTATGTTC	1
1220	1219	2	GAACAACATCAAGCTCTATGTTCG	1
1221	1220	2	AACAACATCAAGCTCTATGTTCGC	1
1222	1221	3	ACAACATCAAGCTCTATGTTCGCC	1
1223	1222	5	CAACATCAAGCTCTATGTTCGCCG	1
1224	1223	5	AACATCAAGCTCTATGTTCGCCGT	1
1225	1224	4	ACATCAAGCTCTATGTTCGCCGTG	1
1226	1225	5	CATCAAGCTCTATGTTCGCCGTGT	1
1227	1226	5	ATCAAGCTCTATGTTCGCCGTGTT	1
1228	1227	5	TCAAGCTCTATGTTCGCCGTGTTT	1
1229	1228	5	CAAGCTCTATGTTCGCCGTGTTTT	1
1230	1229	5	AAGCTCTATGTTCGCCGTGTTTTC	1
1231	1230	5	AGCTCTATGTTCGCCGTGTTTTCA	1
1232	1231	5	GCTCTATGTTCGCCGTGTTTTCAT	1
1233	1232	5	CTCTATGTTCGCCGTGTTTTCATT	1
1234	1233	5	TCTATGTTCGCCGTGTTTTCATTA	1
1235	1234	5	CTATGTTCGCCGTGTTTTCATTAC	1
1236	1235	5	TATGTTCGCCGTGTTTTCATTACC	1
1237	1236	5	ATGTTCGCCGTGTTTTCATTACCG	1
1238	1237	5	TGTTCGCCGTGTTTTCATTACCGA	1
1239	1238	5	GTTCGCCGTGTTTTCATTACCGAC	1
1240	1239	5	TTCGCCGTGTTTTCATTACCGACG	1
1241	1240	5	TCGCCGTGTTTTCATTACCGACGA	1
1242	1241	5	CGCCGTGTTTTCATTACCGACGAC	1
1243	1242	5	GCCGTGTTTTCATTACCGACGACT	1
1244	1243	5	CCGTGTTTTCATTACCGACGACTG	1
1245	1244	7	CGTGTTTTCATTACCGACGACTGT	1
1246	1245	7	GTGTTTTCATTACCGACGACTGTG	1
1247	1246	7	TGTTTTCATTACCGACGACTGTGA	1
1248	1247	7	GTTTTCATTACCGACGACTGTGAA	1
1249	1248	9	TTTTCATTACCGACGACTGTGAAG	1
1250	1249	9	TTTCATTACCGACGACTGTGAAGA	1
1251	1250	10	TTCATTACCGACGACTGTGAAGAG	1
1252	1251	10	TCATTACCGACGACTGTGAAGAGT	1
1253	1252	10	CATTACCGACGACTGTGAAGAGTT	1
1254	1253	10	ATTACCGACGACTGTGAAGAGTTG	1
1255	1254	12	TTACCGACGACTGTGAAGAGTTGA	1
1256	1255	12	TACCGACGACTGTGAAGAGTTGAT	1
1257	1256	12	ACCGACGACTGTGAAGAGTTGATT	1
1258	1257	12	CCGACGACTGTGAAGAGTTGATTC	1
1259	1258	12	CGACGACTGTGAAGAGTTGATTCC	1
1260	1259	12	GACGACTGTGAAGAGTTGATTCCT	1
1261	1260	11	ACGACTGTGAAGAGTTGATTCCTG	1
1262	1261	11	CGACTGTGAAGAGTTGATTCCTGA	1
1263	1262	11	GACTGTGAAGAGTTGATTCCTGAA	1
1264	1263	12	ACTGTGAAGAGTTGATTCCTGAAT	1
1265	1264	12	CTGTGAAGAGTTGATTCCTGAATG	1
1266	1265	11	TGTGAAGAGTTGATTCCTGAATGG	1
1267	1266	9	GTGAAGAGTTGATTCCTGAATGGT	1
1268	1267	9	TGAAGAGTTGATTCCTGAATGGTT	1
1269	1268	9	GAAGAGTTGATTCCTGAATGGTTG	1
1270	1269	8	AAGAGTTGATTCCTGAATGGTTGG	1
1271	1270	8	AGAGTTGATTCCTGAATGGTTGGG	1
1272	1271	8	GAGTTGATTCCTGAATGGTTGGGT	1
1273	1272	8	AGTTGATTCCTGAATGGTTGGGTT	1
1274	1273	8	GTTGATTCCTGAATGGTTGGGTTT	1
1275	1274	8	TTGATTCCTGAATGGTTGGGTTTC	1
1276	1275	8	TGATTCCTGAATGGTTGGGTTTCA	1
1277	1276	9	GATTCCTGAATGGTTGGGTTTCAT	1
1278	1277	9	ATTCCTGAATGGTTGGGTTTCATT	1
1279	1278	9	TTCCTGAATGGTTGGGTTTCATTA	1
1280	1279	9	TCCTGAATGGTTGGGTTTCATTAA	1
1281	1280	10	CCTGAATGGTTGGGTTTCATTAAG	1
1282	1281	10	CTGAATGGTTGGGTTTCATTAAGG	1
1283	1282	10	TGAATGGTTGGGTTTCATTAAGGG	1
1284	1283	10	GAATGGTTGGGTTTCATTAAGGGT	1
1285	1284	10	AATGGTTGGGTTTCATTAAGGGTG	1
1286	1285	10	ATGGTTGGGTTTCATTAAGGGTGT	1
1287	1286	10	TGGTTGGGTTTCATTAAGGGTGTT	1
1288	1287	11	GGTTGGGTTTCATTAAGGGTGTTG	1
1289	1288	9	GTTGGGTTTCATTAAGGGTGTTGT	1
1290	1289	10	TTGGGTTTCATTAAGGGTGTTGTT	1
1291	1290	11	TGGGTTTCATTAAGGGTGTTGTTG	1
1292	1291	11	GGGTTTCATTAAGGGTGTTGTTGA	1
1293	1292	9	GGTTTCATTAAGGGTGTTGTTGAT	1
1294	1293	9	GTTTCATTAAGGGTGTTGTTGATT	1
1295	1294	9	TTTCATTAAGGGTGTTGTTGATTC	1
1296	1295	10	TTCATTAAGGGTGTTGTTGATTCT	1
1297	1296	10	TCATTAAGGGTGTTGTTGATTCTG	1
1298	1297	11	CATTAAGGGTGTTGTTGATTCTGA	1
1299	1298	10	ATTAAGGGTGTTGTTGATTCTGAG	1
1300	1299	10	TTAAGGGTGTTGTTGATTCTGAGG	1
1301	1300	12	TAAGGGTGTTGTTGATTCTGAGGA	1
1302	1301	12	AAGGGTGTTGTTGATTCTGAGGAC	1
1303	1302	12	AGGGTGTTGTTGATTCTGAGGACT	1
1304	1303	12	GGGTGTTGTTGATTCTGAGGACTT	1
1305	1304	13	GGTGTTGTTGATTCTGAGGACTTG	1
1306	1305	13	GTGTTGTTGATTCTGAGGACTTGC	1
1307	1306	13	TGTTGTTGATTCTGAGGACTTGCC	1
1308	1307	12	GTTGTTGATTCTGAGGACTTGCCC	1
1309	1308	12	TTGTTGATTCTGAGGACTTGCCCT	1
1310	1309	12	TGTTGATTCTGAGGACTTGCCCTT	1
1311	1310	12	GTTGATTCTGAGGACTTGCCCTTG	1
1312	1311	12	TTGATTCTGAGGACTTGCCCTTGA	1
1313	1312	12	TGATTCTGAGGACTTGCCCTTGAA	1
1314	1313	12	GATTCTGAGGACTTGCCCTTGAAC	1
1315	1314	12	ATTCTGAGGACTTGCCCTTGAACT	1
1316	1315	12	TTCTGAGGACTTGCCCTTGAACTT	1
1317	1316	12	TCTGAGGACTTGCCCTTGAACTTG	1
1318	1317	13	CTGAGGACTTGCCCTTGAACTTGT	1
1319	1318	13	TGAGGACTTGCCCTTGAACTTGTC	1
1320	1319	13	GAGGACTTGCCCTTGAACTTGTCT	1
1321	1320	12	AGGACTTGCCCTTGAACTTGTCTC	1
1322	1321	12	GGACTTGCCCTTGAACTTGTCTCG	1
1323	1322	12	GACTTGCCCTTGAACTTGTCTCGT	1
1324	1323	12	ACTTGCCCTTGAACTTGTCTCGTG	1
1325	1324	11	CTTGCCCTTGAACTTGTCTCGTGA	1
1326	1325	12	TTGCCCTTGAACTTGTCTCGTGAG	1
1327	1326	12	TGCCCTTGAACTTGTCTCGTGAGA	1
1328	1327	12	GCCCTTGAACTTGTCTCGTGAGAT	1
1329	1328	12	CCCTTGAACTTGTCTCGTGAGATG	1
1330	1329	12	CCTTGAACTTGTCTCGTGAGATGC	1
1331	1330	12	CTTGAACTTGTCTCGTGAGATGCT	1
1332	1331	14	TTGAACTTGTCTCGTGAGATGCTT	1
1333	1332	14	TGAACTTGTCTCGTGAGATGCTTC	1
1334	1333	13	GAACTTGTCTCGTGAGATGCTTCA	1
1335	1334	12	AACTTGTCTCGTGAGATGCTTCAA	1
1336	1335	12	ACTTGTCTCGTGAGATGCTTCAAC	1
1337	1336	12	CTTGTCTCGTGAGATGCTTCAACA	1
1338	1337	13	TTGTCTCGTGAGATGCTTCAACAA	1
1339	1338	12	TGTCTCGTGAGATGCTTCAACAAA	1
1340	1339	11	GTCTCGTGAGATGCTTCAACAAAA	1
1341	1340	11	TCTCGTGAGATGCTTCAACAAAAC	1
1342	1341	10	CTCGTGAGATGCTTCAACAAAACA	1
1343	1342	9	TCGTGAGATGCTTCAACAAAACAA	1
1344	1343	9	CGTGAGATGCTTCAACAAAACAAG	1
1345	1344	7	GTGAGATGCTTCAACAAAACAAGA	1
1346	1345	7	TGAGATGCTTCAACAAAACAAGAT	1
1347	1346	7	GAGATGCTTCAACAAAACAAGATC	1
1348	1347	7	AGATGCTTCAACAAAACAAGATCA	1
1349	1348	6	GATGCTTCAACAAAACAAGATCAT	1
1350	1349	6	ATGCTTCAACAAAACAAGATCATG	1
1351	1350	6	TGCTTCAACAAAACAAGATCATGA	1
1352	1351	6	GCTTCAACAAAACAAGATCATGAA	1
1353	1352	6	CTTCAACAAAACAAGATCATGAAG	1
1354	1353	7	TTCAACAAAACAAGATCATGAAGG	1
1355	1354	7	TCAACAAAACAAGATCATGAAGGT	1
1356	1355	7	CAACAAAACAAGATCATGAAGGTT	1
1357	1356	7	AACAAAACAAGATCATGAAGGTTA	1
1358	1357	7	ACAAAACAAGATCATGAAGGTTAT	1
1359	1358	9	CAAAACAAGATCATGAAGGTTATT	1
1360	1359	9	AAAACAAGATCATGAAGGTTATTC	1
1361	1360	9	AAACAAGATCATGAAGGTTATTCG	1
1362	1361	8	AACAAGATCATGAAGGTTATTCGT	1
1363	1362	8	ACAAGATCATGAAGGTTATTCGTA	1
1364	1363	8	CAAGATCATGAAGGTTATTCGTAA	1
1365	1364	8	AAGATCATGAAGGTTATTCGTAAG	1
1366	1365	8	AGATCATGAAGGTTATTCGTAAGA	1
1367	1366	8	GATCATGAAGGTTATTCGTAAGAA	1
1368	1367	8	ATCATGAAGGTTATTCGTAAGAAC	1
1369	1368	8	TCATGAAGGTTATTCGTAAGAACC	1
1370	1369	7	CATGAAGGTTATTCGTAAGAACCT	1
1371	1370	7	ATGAAGGTTATTCGTAAGAACCTT	1
1372	1371	7	TGAAGGTTATTCGTAAGAACCTTG	1
1373	1372	7	GAAGGTTATTCGTAAGAACCTTGT	1
1374	1373	7	AAGGTTATTCGTAAGAACCTTGTC	1
1375	1374	7	AGGTTATTCGTAAGAACCTTGTCC	1
1376	1375	4	GGTTATTCGTAAGAACCTTGTCCG	1
1377	1376	4	GTTATTCGTAAGAACCTTGTCCGT	1
1378	1377	4	TTATTCGTAAGAACCTTGTCCGTC	1
1379	1378	4	TATTCGTAAGAACCTTGTCCGTCG	1
1380	1379	4	ATTCGTAAGAACCTTGTCCGTCGT	1
1381	1380	5	TTCGTAAGAACCTTGTCCGTCGTT	1
1382	1381	5	TCGTAAGAACCTTGTCCGTCGTTG	1
1383	1382	5	CGTAAGAACCTTGTCCGTCGTTGT	1
1384	1383	5	GTAAGAACCTTGTCCGTCGTTGTC	1
1385	1384	6	TAAGAACCTTGTCCGTCGTTGTCT	1
1386	1385	6	AAGAACCTTGTCCGTCGTTGTCTT	1
1387	1386	6	AGAACCTTGTCCGTCGTTGTCTTG	1
1388	1387	6	GAACCTTGTCCGTCGTTGTCTTGA	1
1389	1388	6	AACCTTGTCCGTCGTTGTCTTGAT	1
1390	1389	6	ACCTTGTCCGTCGTTGTCTTGATA	1
1391	1390	6	CCTTGTCCGTCGTTGTCTTGATAT	1
1392	1391	6	CTTGTCCGTCGTTGTCTTGATATG	1
1393	1392	6	TTGTCCGTCGTTGTCTTGATATGT	1
1394	1393	6	TGTCCGTCGTTGTCTTGATATGTT	1
1395	1394	6	GTCCGTCGTTGTCTTGATATGTTC	1
1396	1395	6	TCCGTCGTTGTCTTGATATGTTCA	1
1397	1396	6	CCGTCGTTGTCTTGATATGTTCAA	1
1398	1397	5	CGTCGTTGTCTTGATATGTTCAAC	1
1399	1398	6	GTCGTTGTCTTGATATGTTCAACG	1
1400	1399	6	TCGTTGTCTTGATATGTTCAACGA	1
1401	1400	6	CGTTGTCTTGATATGTTCAACGAG	1
1402	1401	6	GTTGTCTTGATATGTTCAACGAGA	1
1403	1402	5	TTGTCTTGATATGTTCAACGAGAT	1
1404	1403	5	TGTCTTGATATGTTCAACGAGATT	1
1405	1404	5	GTCTTGATATGTTCAACGAGATTG	1
1406	1405	5	TCTTGATATGTTCAACGAGATTGC	1
1407	1406	4	CTTGATATGTTCAACGAGATTGCC	1
1408	1407	4	TTGATATGTTCAACGAGATTGCCG	1
1409	1408	5	TGATATGTTCAACGAGATTGCCGA	1
1410	1409	6	GATATGTTCAACGAGATTGCCGAG	1
1411	1410	6	ATATGTTCAACGAGATTGCCGAGG	1
1412	1411	6	TATGTTCAACGAGATTGCCGAGGA	1
1413	1412	7	ATGTTCAACGAGATTGCCGAGGAC	1
1414	1413	7	TGTTCAACGAGATTGCCGAGGACA	1
1415	1414	7	GTTCAACGAGATTGCCGAGGACAA	1
1416	1415	7	TTCAACGAGATTGCCGAGGACAAG	1
1417	1416	7	TCAACGAGATTGCCGAGGACAAGG	1
1418	1417	7	CAACGAGATTGCCGAGGACAAGGA	1
1419	1418	7	AACGAGATTGCCGAGGACAAGGAG	1
1420	1419	7	ACGAGATTGCCGAGGACAAGGAGA	1
1421	1420	7	CGAGATTGCCGAGGACAAGGAGAA	1
1422	1421	7	GAGATTGCCGAGGACAAGGAGAAC	1
1423	1422	6	AGATTGCCGAGGACAAGGAGAACT	1
1424	1423	6	GATTGCCGAGGACAAGGAGAACTT	1
1425	1424	5	ATTGCCGAGGACAAGGAGAACTTC	1
1426	1425	4	TTGCCGAGGACAAGGAGAACTTCA	1
1427	1426	4	TGCCGAGGACAAGGAGAACTTCAA	1
1428	1427	4	GCCGAGGACAAGGAGAACTTCAAG	1
1429	1428	4	CCGAGGACAAGGAGAACTTCAAGA	1
1430	1429	4	CGAGGACAAGGAGAACTTCAAGAC	1
1431	1430	4	GAGGACAAGGAGAACTTCAAGACT	1
1432	1431	4	AGGACAAGGAGAACTTCAAGACTT	1
1433	1432	4	GGACAAGGAGAACTTCAAGACTTT	1
1434	1433	4	GACAAGGAGAACTTCAAGACTTTC	1
1435	1434	4	ACAAGGAGAACTTCAAGACTTTCT	1
1436	1435	4	CAAGGAGAACTTCAAGACTTTCTA	1
1437	1436	4	AAGGAGAACTTCAAGACTTTCTAC	1
1438	1437	4	AGGAGAACTTCAAGACTTTCTACG	1
1439	1438	4	GGAGAACTTCAAGACTTTCTACGA	1
1440	1439	4	GAGAACTTCAAGACTTTCTACGAT	1
1441	1440	5	AGAACTTCAAGACTTTCTACGATG	1
1442	1441	5	GAACTTCAAGACTTTCTACGATGC	1
1443	1442	4	AACTTCAAGACTTTCTACGATGCT	1
1444	1443	4	ACTTCAAGACTTTCTACGATGCTT	1
1445	1444	4	CTTCAAGACTTTCTACGATGCTTT	1
1446	1445	4	TTCAAGACTTTCTACGATGCTTTC	1
1447	1446	3	TCAAGACTTTCTACGATGCTTTCA	1
1448	1447	4	CAAGACTTTCTACGATGCTTTCAG	1
1449	1448	4	AAGACTTTCTACGATGCTTTCAGC	1
1450	1449	5	AGACTTTCTACGATGCTTTCAGCA	1
1451	1450	5	GACTTTCTACGATGCTTTCAGCAA	1
1452	1451	5	ACTTTCTACGATGCTTTCAGCAAG	1
1453	1452	4	CTTTCTACGATGCTTTCAGCAAGA	1
1454	1453	3	TTTCTACGATGCTTTCAGCAAGAA	1
1455	1454	3	TTCTACGATGCTTTCAGCAAGAAT	1
1456	1455	3	TCTACGATGCTTTCAGCAAGAATT	1
1457	1456	3	CTACGATGCTTTCAGCAAGAATTT	1
1458	1457	3	TACGATGCTTTCAGCAAGAATTTG	1
1459	1458	3	ACGATGCTTTCAGCAAGAATTTGA	1
1460	1459	3	CGATGCTTTCAGCAAGAATTTGAA	1
1461	1460	3	GATGCTTTCAGCAAGAATTTGAAG	1
1462	1461	4	ATGCTTTCAGCAAGAATTTGAAGC	1
1463	1462	4	TGCTTTCAGCAAGAATTTGAAGCT	1
1464	1463	4	GCTTTCAGCAAGAATTTGAAGCTT	1
1465	1464	4	CTTTCAGCAAGAATTTGAAGCTTG	1
1466	1465	4	TTTCAGCAAGAATTTGAAGCTTGG	1
1467	1466	4	TTCAGCAAGAATTTGAAGCTTGGT	1
1468	1467	4	TCAGCAAGAATTTGAAGCTTGGTA	1
1469	1468	4	CAGCAAGAATTTGAAGCTTGGTAT	1
1470	1469	4	AGCAAGAATTTGAAGCTTGGTATC	1
1471	1470	4	GCAAGAATTTGAAGCTTGGTATCC	1
1472	1471	4	CAAGAATTTGAAGCTTGGTATCCA	1
1473	1472	5	AAGAATTTGAAGCTTGGTATCCAT	1
1474	1473	6	AGAATTTGAAGCTTGGTATCCATG	1
1475	1474	6	GAATTTGAAGCTTGGTATCCATGA	1
1476	1475	6	AATTTGAAGCTTGGTATCCATGAG	1
1477	1476	6	ATTTGAAGCTTGGTATCCATGAGG	1
1478	1477	6	TTTGAAGCTTGGTATCCATGAGGA	1
1479	1478	6	TTGAAGCTTGGTATCCATGAGGAT	1
1480	1479	6	TGAAGCTTGGTATCCATGAGGATG	1
1481	1480	6	GAAGCTTGGTATCCATGAGGATGC	1
1482	1481	7	AAGCTTGGTATCCATGAGGATGCT	1
1483	1482	8	AGCTTGGTATCCATGAGGATGCTG	1
1484	1483	8	GCTTGGTATCCATGAGGATGCTGC	1
1485	1484	7	CTTGGTATCCATGAGGATGCTGCT	1
1486	1485	7	TTGGTATCCATGAGGATGCTGCTA	1
1487	1486	8	TGGTATCCATGAGGATGCTGCTAA	1
1488	1487	8	GGTATCCATGAGGATGCTGCTAAC	1
1489	1488	8	GTATCCATGAGGATGCTGCTAACC	1
1490	1489	7	TATCCATGAGGATGCTGCTAACCG	1
1491	1490	8	ATCCATGAGGATGCTGCTAACCGC	1
1492	1491	8	TCCATGAGGATGCTGCTAACCGCC	1
1493	1492	8	CCATGAGGATGCTGCTAACCGCCC	1
1494	1493	7	CATGAGGATGCTGCTAACCGCCCT	1
1495	1494	7	ATGAGGATGCTGCTAACCGCCCTG	1
1496	1495	7	TGAGGATGCTGCTAACCGCCCTGC	1
1497	1496	7	GAGGATGCTGCTAACCGCCCTGCT	1
1498	1497	7	AGGATGCTGCTAACCGCCCTGCTT	1
1499	1498	7	GGATGCTGCTAACCGCCCTGCTTT	1
1500	1499	9	GATGCTGCTAACCGCCCTGCTTTA	1
1501	1500	10	ATGCTGCTAACCGCCCTGCTTTAG	1
1502	1501	10	TGCTGCTAACCGCCCTGCTTTAGC	1
1503	1502	10	GCTGCTAACCGCCCTGCTTTAGCC	1
1504	1503	10	CTGCTAACCGCCCTGCTTTAGCCA	1
1505	1504	11	TGCTAACCGCCCTGCTTTAGCCAA	1
1506	1505	10	GCTAACCGCCCTGCTTTAGCCAAG	1
1507	1506	10	CTAACCGCCCTGCTTTAGCCAAGC	1
1508	1507	10	TAACCGCCCTGCTTTAGCCAAGCT	1
1509	1508	10	AACCGCCCTGCTTTAGCCAAGCTT	1
1510	1509	10	ACCGCCCTGCTTTAGCCAAGCTTT	1
1511	1510	10	CCGCCCTGCTTTAGCCAAGCTTTT	1
1512	1511	10	CGCCCTGCTTTAGCCAAGCTTTTG	1
1513	1512	10	GCCCTGCTTTAGCCAAGCTTTTGC	1
1514	1513	10	CCCTGCTTTAGCCAAGCTTTTGCG	1
1515	1514	10	CCTGCTTTAGCCAAGCTTTTGCGT	1
1516	1515	10	CTGCTTTAGCCAAGCTTTTGCGTT	1
1517	1516	9	TGCTTTAGCCAAGCTTTTGCGTTA	1
1518	1517	8	GCTTTAGCCAAGCTTTTGCGTTAC	1
1519	1518	9	CTTTAGCCAAGCTTTTGCGTTACA	1
1520	1519	9	TTTAGCCAAGCTTTTGCGTTACAA	1
1521	1520	9	TTAGCCAAGCTTTTGCGTTACAAC	1
1522	1521	9	TAGCCAAGCTTTTGCGTTACAACT	1
1523	1522	9	AGCCAAGCTTTTGCGTTACAACTC	1
1524	1523	9	GCCAAGCTTTTGCGTTACAACTCC	1
1525	1524	10	CCAAGCTTTTGCGTTACAACTCCC	1
1526	1525	10	CAAGCTTTTGCGTTACAACTCCCT	1
1527	1526	10	AAGCTTTTGCGTTACAACTCCCTT	1
1528	1527	10	AGCTTTTGCGTTACAACTCCCTTA	1
1529	1528	10	GCTTTTGCGTTACAACTCCCTTAA	1
1530	1529	11	CTTTTGCGTTACAACTCCCTTAAC	1
1531	1530	10	TTTTGCGTTACAACTCCCTTAACT	1
1532	1531	11	TTTGCGTTACAACTCCCTTAACTC	1
1533	1532	11	TTGCGTTACAACTCCCTTAACTCC	1
1534	1533	11	TGCGTTACAACTCCCTTAACTCCC	1
1535	1534	11	GCGTTACAACTCCCTTAACTCCCC	1
1536	1535	15	CGTTACAACTCCCTTAACTCCCCT	1
1537	1536	15	GTTACAACTCCCTTAACTCCCCTG	1
1538	1537	16	TTACAACTCCCTTAACTCCCCTGA	1
1539	1538	16	TACAACTCCCTTAACTCCCCTGAT	1
1540	1539	16	ACAACTCCCTTAACTCCCCTGATG	1
1541	1540	16	CAACTCCCTTAACTCCCCTGATGA	1
1542	1541	16	AACTCCCTTAACTCCCCTGATGAT	1
1543	1542	16	ACTCCCTTAACTCCCCTGATGATC	1
1544	1543	14	CTCCCTTAACTCCCCTGATGATCT	1
1545	1544	13	TCCCTTAACTCCCCTGATGATCTT	1
1546	1545	14	CCCTTAACTCCCCTGATGATCTTA	1
1547	1546	15	CCTTAACTCCCCTGATGATCTTAT	1
1548	1547	16	CTTAACTCCCCTGATGATCTTATC	1
1549	1548	15	TTAACTCCCCTGATGATCTTATCA	1
1550	1549	16	TAACTCCCCTGATGATCTTATCAG	1
1551	1550	17	AACTCCCCTGATGATCTTATCAGT	1
1552	1551	17	ACTCCCCTGATGATCTTATCAGTC	1
1553	1552	17	CTCCCCTGATGATCTTATCAGTCT	1
1554	1553	17	TCCCCTGATGATCTTATCAGTCTT	1
1555	1554	17	CCCCTGATGATCTTATCAGTCTTG	1
1556	1555	17	CCCTGATGATCTTATCAGTCTTGA	1
1557	1556	18	CCTGATGATCTTATCAGTCTTGAG	1
1558	1557	18	CTGATGATCTTATCAGTCTTGAGG	1
1559	1558	19	TGATGATCTTATCAGTCTTGAGGA	1
1560	1559	19	GATGATCTTATCAGTCTTGAGGAC	1
1561	1560	19	ATGATCTTATCAGTCTTGAGGACT	1
1562	1561	19	TGATCTTATCAGTCTTGAGGACTA	1
1563	1562	18	GATCTTATCAGTCTTGAGGACTAC	1
1564	1563	17	ATCTTATCAGTCTTGAGGACTACA	1
1565	1564	17	TCTTATCAGTCTTGAGGACTACAT	1
1566	1565	17	CTTATCAGTCTTGAGGACTACATC	1
1567	1566	17	TTATCAGTCTTGAGGACTACATCA	1
1568	1567	17	TATCAGTCTTGAGGACTACATCAC	1
1569	1568	17	ATCAGTCTTGAGGACTACATCACT	1
1570	1569	17	TCAGTCTTGAGGACTACATCACTA	1
1571	1570	17	CAGTCTTGAGGACTACATCACTAA	1
1572	1571	17	AGTCTTGAGGACTACATCACTAAG	1
1573	1572	17	GTCTTGAGGACTACATCACTAAGA	1
1574	1573	16	TCTTGAGGACTACATCACTAAGAT	1
1575	1574	16	CTTGAGGACTACATCACTAAGATG	1
1576	1575	16	TTGAGGACTACATCACTAAGATGC	1
1577	1576	19	TGAGGACTACATCACTAAGATGCC	1
1578	1577	19	GAGGACTACATCACTAAGATGCCC	1
1579	1578	18	AGGACTACATCACTAAGATGCCCG	1
1580	1579	14	GGACTACATCACTAAGATGCCCGA	1
1581	1580	17	GACTACATCACTAAGATGCCCGAA	1
1582	1581	16	ACTACATCACTAAGATGCCCGAAC	1
1583	1582	16	CTACATCACTAAGATGCCCGAACA	1
1584	1583	16	TACATCACTAAGATGCCCGAACAT	1
1585	1584	17	ACATCACTAAGATGCCCGAACATC	1
1586	1585	17	CATCACTAAGATGCCCGAACATCA	1
1587	1586	17	ATCACTAAGATGCCCGAACATCAA	1
1588	1587	17	TCACTAAGATGCCCGAACATCAAA	1
1589	1588	17	CACTAAGATGCCCGAACATCAAAA	1
1590	1589	16	ACTAAGATGCCCGAACATCAAAAG	1
1591	1590	14	CTAAGATGCCCGAACATCAAAAGA	1
1592	1591	13	TAAGATGCCCGAACATCAAAAGAA	1
1593	1592	13	AAGATGCCCGAACATCAAAAGAAC	1
1594	1593	11	AGATGCCCGAACATCAAAAGAACA	1
1595	1594	11	GATGCCCGAACATCAAAAGAACAT	1
1596	1595	11	ATGCCCGAACATCAAAAGAACATT	1
1597	1596	13	TGCCCGAACATCAAAAGAACATTT	1
1598	1597	13	GCCCGAACATCAAAAGAACATTTA	1
1599	1598	13	CCCGAACATCAAAAGAACATTTAT	1
1600	1599	14	CCGAACATCAAAAGAACATTTATT	1
1601	1600	13	CGAACATCAAAAGAACATTTATTT	1
1602	1601	14	GAACATCAAAAGAACATTTATTTC	1
1603	1602	13	AACATCAAAAGAACATTTATTTCA	1
1604	1603	13	ACATCAAAAGAACATTTATTTCAT	1
1605	1604	13	CATCAAAAGAACATTTATTTCATC	1
1606	1605	13	ATCAAAAGAACATTTATTTCATCA	1
1607	1606	13	TCAAAAGAACATTTATTTCATCAC	1
1608	1607	13	CAAAAGAACATTTATTTCATCACT	1
1609	1608	13	AAAAGAACATTTATTTCATCACTG	1
1610	1609	13	AAAGAACATTTATTTCATCACTGG	1
1611	1610	13	AAGAACATTTATTTCATCACTGGT	1
1612	1611	13	AGAACATTTATTTCATCACTGGTG	1
1613	1612	13	GAACATTTATTTCATCACTGGTGA	1
1614	1613	13	AACATTTATTTCATCACTGGTGAA	1
1615	1614	12	ACATTTATTTCATCACTGGTGAAT	1
1616	1615	12	CATTTATTTCATCACTGGTGAATC	1
1617	1616	12	ATTTATTTCATCACTGGTGAATCT	1
1618	1617	12	TTTATTTCATCACTGGTGAATCTA	1
1619	1618	12	TTATTTCATCACTGGTGAATCTAA	1
1620	1619	11	TATTTCATCACTGGTGAATCTAAG	1
1621	1620	8	ATTTCATCACTGGTGAATCTAAGC	1
1622	1621	8	TTTCATCACTGGTGAATCTAAGCA	1
1623	1622	8	TTCATCACTGGTGAATCTAAGCAA	1
1624	1623	8	TCATCACTGGTGAATCTAAGCAAG	1
1625	1624	5	CATCACTGGTGAATCTAAGCAAGC	1
1626	1625	6	ATCACTGGTGAATCTAAGCAAGCC	1
1627	1626	6	TCACTGGTGAATCTAAGCAAGCCG	1
1628	1627	5	CACTGGTGAATCTAAGCAAGCCGT	1
1629	1628	5	ACTGGTGAATCTAAGCAAGCCGTT	1
1630	1629	5	CTGGTGAATCTAAGCAAGCCGTTG	1
1631	1630	5	TGGTGAATCTAAGCAAGCCGTTGA	1
1632	1631	5	GGTGAATCTAAGCAAGCCGTTGAG	1
1633	1632	5	GTGAATCTAAGCAAGCCGTTGAGA	1
1634	1633	5	TGAATCTAAGCAAGCCGTTGAGAA	1
1635	1634	5	GAATCTAAGCAAGCCGTTGAGAAC	1
1636	1635	5	AATCTAAGCAAGCCGTTGAGAACT	1
1637	1636	5	ATCTAAGCAAGCCGTTGAGAACTC	1
1638	1637	5	TCTAAGCAAGCCGTTGAGAACTCT	1
1639	1638	5	CTAAGCAAGCCGTTGAGAACTCTC	1
1640	1639	4	TAAGCAAGCCGTTGAGAACTCTCC	1
1641	1640	3	AAGCAAGCCGTTGAGAACTCTCCC	1
1642	1641	3	AGCAAGCCGTTGAGAACTCTCCCT	1
1643	1642	3	GCAAGCCGTTGAGAACTCTCCCTT	1
1644	1643	2	CAAGCCGTTGAGAACTCTCCCTTC	1
1645	1644	3	AAGCCGTTGAGAACTCTCCCTTCT	1
1646	1645	3	AGCCGTTGAGAACTCTCCCTTCTT	1
1647	1646	3	GCCGTTGAGAACTCTCCCTTCTTG	1
1648	1647	3	CCGTTGAGAACTCTCCCTTCTTGG	1
1649	1648	3	CGTTGAGAACTCTCCCTTCTTGGA	1
1650	1649	3	GTTGAGAACTCTCCCTTCTTGGAA	1
1651	1650	3	TTGAGAACTCTCCCTTCTTGGAAA	1
1652	1651	3	TGAGAACTCTCCCTTCTTGGAAAT	1
1653	1652	4	GAGAACTCTCCCTTCTTGGAAATC	1
1654	1653	4	AGAACTCTCCCTTCTTGGAAATCT	1
1655	1654	4	GAACTCTCCCTTCTTGGAAATCTT	1
1656	1655	4	AACTCTCCCTTCTTGGAAATCTTC	1
1657	1656	4	ACTCTCCCTTCTTGGAAATCTTCC	1
1658	1657	4	CTCTCCCTTCTTGGAAATCTTCCG	1
1659	1658	4	TCTCCCTTCTTGGAAATCTTCCGT	1
1660	1659	4	CTCCCTTCTTGGAAATCTTCCGTG	1
1661	1660	5	TCCCTTCTTGGAAATCTTCCGTGC	1
1662	1661	5	CCCTTCTTGGAAATCTTCCGTGCC	1
1663	1662	5	CCTTCTTGGAAATCTTCCGTGCCA	1
1664	1663	6	CTTCTTGGAAATCTTCCGTGCCAA	1
1665	1664	5	TTCTTGGAAATCTTCCGTGCCAAG	1
1666	1665	5	TCTTGGAAATCTTCCGTGCCAAGA	1
1667	1666	5	CTTGGAAATCTTCCGTGCCAAGAA	1
1668	1667	6	TTGGAAATCTTCCGTGCCAAGAAG	1
1669	1668	6	TGGAAATCTTCCGTGCCAAGAAGT	1
1670	1669	6	GGAAATCTTCCGTGCCAAGAAGTT	1
1671	1670	6	GAAATCTTCCGTGCCAAGAAGTTT	1
1672	1671	8	AAATCTTCCGTGCCAAGAAGTTTG	1
1673	1672	7	AATCTTCCGTGCCAAGAAGTTTGA	1
1674	1673	7	ATCTTCCGTGCCAAGAAGTTTGAT	1
1675	1674	8	TCTTCCGTGCCAAGAAGTTTGATG	1
1676	1675	8	CTTCCGTGCCAAGAAGTTTGATGT	1
1677	1676	9	TTCCGTGCCAAGAAGTTTGATGTT	1
1678	1677	11	TCCGTGCCAAGAAGTTTGATGTTC	1
1679	1678	11	CCGTGCCAAGAAGTTTGATGTTCT	1
1680	1679	11	CGTGCCAAGAAGTTTGATGTTCTC	1
1681	1680	11	GTGCCAAGAAGTTTGATGTTCTCT	1
1682	1681	14	TGCCAAGAAGTTTGATGTTCTCTT	1
1683	1682	15	GCCAAGAAGTTTGATGTTCTCTTC	1
1684	1683	15	CCAAGAAGTTTGATGTTCTCTTCA	1
1685	1684	16	CAAGAAGTTTGATGTTCTCTTCAT	1
1686	1685	16	AAGAAGTTTGATGTTCTCTTCATG	1
1687	1686	16	AGAAGTTTGATGTTCTCTTCATGG	1
1688	1687	17	GAAGTTTGATGTTCTCTTCATGGT	1
1689	1688	18	AAGTTTGATGTTCTCTTCATGGTT	1
1690	1689	18	AGTTTGATGTTCTCTTCATGGTTG	1
1691	1690	19	GTTTGATGTTCTCTTCATGGTTGA	1
1692	1691	21	TTTGATGTTCTCTTCATGGTTGAC	1
1693	1692	21	TTGATGTTCTCTTCATGGTTGACC	1
1694	1693	21	TGATGTTCTCTTCATGGTTGACCC	1
1695	1694	21	GATGTTCTCTTCATGGTTGACCCC	1
1696	1695	21	ATGTTCTCTTCATGGTTGACCCCA	1
1697	1696	21	TGTTCTCTTCATGGTTGACCCCAT	1
1698	1697	21	GTTCTCTTCATGGTTGACCCCATT	1
1699	1698	21	TTCTCTTCATGGTTGACCCCATTG	1
1700	1699	21	TCTCTTCATGGTTGACCCCATTGA	1
1701	1700	21	CTCTTCATGGTTGACCCCATTGAT	1
1702	1701	21	TCTTCATGGTTGACCCCATTGATG	1
1703	1702	21	CTTCATGGTTGACCCCATTGATGA	1
1704	1703	21	TTCATGGTTGACCCCATTGATGAG	1
1705	1704	20	TCATGGTTGACCCCATTGATGAGT	1
1706	1705	21	CATGGTTGACCCCATTGATGAGTA	1
1707	1706	21	ATGGTTGACCCCATTGATGAGTAC	1
1708	1707	20	TGGTTGACCCCATTGATGAGTACG	1
1709	1708	19	GGTTGACCCCATTGATGAGTACGC	1
1710	1709	19	GTTGACCCCATTGATGAGTACGCT	1
1711	1710	19	TTGACCCCATTGATGAGTACGCTG	1
1712	1711	18	TGACCCCATTGATGAGTACGCTGT	1
1713	1712	18	GACCCCATTGATGAGTACGCTGTC	1
1714	1713	18	ACCCCATTGATGAGTACGCTGTCA	1
1715	1714	17	CCCCATTGATGAGTACGCTGTCAC	1
1716	1715	15	CCCATTGATGAGTACGCTGTCACT	1
1717	1716	15	CCATTGATGAGTACGCTGTCACTC	1
1718	1717	15	CATTGATGAGTACGCTGTCACTCA	1
1719	1718	14	ATTGATGAGTACGCTGTCACTCAA	1
1720	1719	14	TTGATGAGTACGCTGTCACTCAAC	1
1721	1720	13	TGATGAGTACGCTGTCACTCAACT	1
1722	1721	10	GATGAGTACGCTGTCACTCAACTC	1
1723	1722	10	ATGAGTACGCTGTCACTCAACTCA	1
1724	1723	10	TGAGTACGCTGTCACTCAACTCAA	1
1725	1724	10	GAGTACGCTGTCACTCAACTCAAG	1
1726	1725	7	AGTACGCTGTCACTCAACTCAAGG	1
1727	1726	7	GTACGCTGTCACTCAACTCAAGGA	1
1728	1727	7	TACGCTGTCACTCAACTCAAGGAA	1
1729	1728	7	ACGCTGTCACTCAACTCAAGGAAT	1
1730	1729	7	CGCTGTCACTCAACTCAAGGAATT	1
1731	1730	7	GCTGTCACTCAACTCAAGGAATTC	1
1732	1731	6	CTGTCACTCAACTCAAGGAATTCG	1
1733	1732	4	TGTCACTCAACTCAAGGAATTCGA	1
1734	1733	4	GTCACTCAACTCAAGGAATTCGAG	1
1735	1734	3	TCACTCAACTCAAGGAATTCGAGG	1
1736	1735	1	CACTCAACTCAAGGAATTCGAGGG	1
1737	1736	1	ACTCAACTCAAGGAATTCGAGGGC	1
1738	1737	1	CTCAACTCAAGGAATTCGAGGGCA	1
1739	1738	1	TCAACTCAAGGAATTCGAGGGCAA	1
1740	1739	1	CAACTCAAGGAATTCGAGGGCAAG	1
1741	1740	1	AACTCAAGGAATTCGAGGGCAAGA	1
1742	1741	1	ACTCAAGGAATTCGAGGGCAAGAA	1
1743	1742	1	CTCAAGGAATTCGAGGGCAAGAAA	1
1744	1743	1	TCAAGGAATTCGAGGGCAAGAAAT	1
1745	1744	2	CAAGGAATTCGAGGGCAAGAAATT	1
1746	1745	2	AAGGAATTCGAGGGCAAGAAATTG	1
1747	1746	3	AGGAATTCGAGGGCAAGAAATTGG	1
1748	1747	6	GGAATTCGAGGGCAAGAAATTGGT	1
1749	1748	6	GAATTCGAGGGCAAGAAATTGGTT	1
1750	1749	6	AATTCGAGGGCAAGAAATTGGTTA	1
1751	1750	7	ATTCGAGGGCAAGAAATTGGTTAA	1
1752	1751	7	TTCGAGGGCAAGAAATTGGTTAAC	1
1753	1752	7	TCGAGGGCAAGAAATTGGTTAACA	1
1754	1753	8	CGAGGGCAAGAAATTGGTTAACAT	1
1755	1754	8	GAGGGCAAGAAATTGGTTAACATT	1
1756	1755	8	AGGGCAAGAAATTGGTTAACATTA	1
1757	1756	8	GGGCAAGAAATTGGTTAACATTAC	1
1758	1757	8	GGCAAGAAATTGGTTAACATTACT	1
1759	1758	8	GCAAGAAATTGGTTAACATTACTA	1
1760	1759	8	CAAGAAATTGGTTAACATTACTAA	1
1761	1760	8	AAGAAATTGGTTAACATTACTAAG	1
1762	1761	9	AGAAATTGGTTAACATTACTAAGG	1
1763	1762	9	GAAATTGGTTAACATTACTAAGGA	1
1764	1763	9	AAATTGGTTAACATTACTAAGGAT	1
1765	1764	9	AATTGGTTAACATTACTAAGGATG	1
1766	1765	10	ATTGGTTAACATTACTAAGGATGG	1
1767	1766	10	TTGGTTAACATTACTAAGGATGGT	1
1768	1767	10	TGGTTAACATTACTAAGGATGGTC	1
1769	1768	11	GGTTAACATTACTAAGGATGGTCT	1
1770	1769	11	GTTAACATTACTAAGGATGGTCTT	1
1771	1770	11	TTAACATTACTAAGGATGGTCTTG	1
1772	1771	11	TAACATTACTAAGGATGGTCTTGA	1
1773	1772	11	AACATTACTAAGGATGGTCTTGAG	1
1774	1773	11	ACATTACTAAGGATGGTCTTGAGT	1
1775	1774	11	CATTACTAAGGATGGTCTTGAGTT	1
1776	1775	11	ATTACTAAGGATGGTCTTGAGTTG	1
1777	1776	11	TTACTAAGGATGGTCTTGAGTTGG	1
1778	1777	11	TACTAAGGATGGTCTTGAGTTGGA	1
1779	1778	11	ACTAAGGATGGTCTTGAGTTGGAA	1
1780	1779	11	CTAAGGATGGTCTTGAGTTGGAAG	1
1781	1780	12	TAAGGATGGTCTTGAGTTGGAAGA	1
1782	1781	12	AAGGATGGTCTTGAGTTGGAAGAG	1
1783	1782	12	AGGATGGTCTTGAGTTGGAAGAGA	1
1784	1783	12	GGATGGTCTTGAGTTGGAAGAGAC	1
1785	1784	13	GATGGTCTTGAGTTGGAAGAGACT	1
1786	1785	13	ATGGTCTTGAGTTGGAAGAGACTG	1
1787	1786	13	TGGTCTTGAGTTGGAAGAGACTGA	1
1788	1787	13	GGTCTTGAGTTGGAAGAGACTGAC	1
1789	1788	12	GTCTTGAGTTGGAAGAGACTGACG	1
1790	1789	12	TCTTGAGTTGGAAGAGACTGACGA	1
1791	1790	12	CTTGAGTTGGAAGAGACTGACGAG	1
1792	1791	11	TTGAGTTGGAAGAGACTGACGAGG	1
1793	1792	11	TGAGTTGGAAGAGACTGACGAGGA	1
1794	1793	10	GAGTTGGAAGAGACTGACGAGGAG	1
1795	1794	9	AGTTGGAAGAGACTGACGAGGAGA	1
1796	1795	10	GTTGGAAGAGACTGACGAGGAGAA	1
1797	1796	10	TTGGAAGAGACTGACGAGGAGAAG	1
1798	1797	9	TGGAAGAGACTGACGAGGAGAAGG	1
1799	1798	9	GGAAGAGACTGACGAGGAGAAGGC	1
1800	1799	9	GAAGAGACTGACGAGGAGAAGGCT	1
1801	1800	8	AAGAGACTGACGAGGAGAAGGCTG	1
1802	1801	8	AGAGACTGACGAGGAGAAGGCTGC	1
1803	1802	8	GAGACTGACGAGGAGAAGGCTGCT	1
1804	1803	8	AGACTGACGAGGAGAAGGCTGCTC	1
1805	1804	8	GACTGACGAGGAGAAGGCTGCTCG	1
1806	1805	7	ACTGACGAGGAGAAGGCTGCTCGC	1
1807	1806	8	CTGACGAGGAGAAGGCTGCTCGCG	1
1808	1807	10	TGACGAGGAGAAGGCTGCTCGCGA	1
1809	1808	10	GACGAGGAGAAGGCTGCTCGCGAG	1
1810	1809	10	ACGAGGAGAAGGCTGCTCGCGAGA	1
1811	1810	10	CGAGGAGAAGGCTGCTCGCGAGAA	1
1812	1811	12	GAGGAGAAGGCTGCTCGCGAGAAG	1
1813	1812	11	AGGAGAAGGCTGCTCGCGAGAAGC	1
1814	1813	11	GGAGAAGGCTGCTCGCGAGAAGCT	1
1815	1814	10	GAGAAGGCTGCTCGCGAGAAGCTC	1
1816	1815	10	AGAAGGCTGCTCGCGAGAAGCTCG	1
1817	1816	11	GAAGGCTGCTCGCGAGAAGCTCGA	1
1818	1817	11	AAGGCTGCTCGCGAGAAGCTCGAA	1
1819	1818	11	AGGCTGCTCGCGAGAAGCTCGAAA	1
1820	1819	11	GGCTGCTCGCGAGAAGCTCGAAAA	1
1821	1820	11	GCTGCTCGCGAGAAGCTCGAAAAA	1
1822	1821	12	CTGCTCGCGAGAAGCTCGAAAAAG	1
1823	1822	12	TGCTCGCGAGAAGCTCGAAAAAGA	1
1824	1823	12	GCTCGCGAGAAGCTCGAAAAAGAG	1
1825	1824	13	CTCGCGAGAAGCTCGAAAAAGAGT	1
1826	1825	13	TCGCGAGAAGCTCGAAAAAGAGTA	1
1827	1826	13	CGCGAGAAGCTCGAAAAAGAGTAT	1
1828	1827	13	GCGAGAAGCTCGAAAAAGAGTATG	1
1829	1828	13	CGAGAAGCTCGAAAAAGAGTATGA	1
1830	1829	13	GAGAAGCTCGAAAAAGAGTATGAG	1
1831	1830	13	AGAAGCTCGAAAAAGAGTATGAGG	1
1832	1831	13	GAAGCTCGAAAAAGAGTATGAGGA	1
1833	1832	13	AAGCTCGAAAAAGAGTATGAGGAG	1
1834	1833	13	AGCTCGAAAAAGAGTATGAGGAGT	1
1835	1834	13	GCTCGAAAAAGAGTATGAGGAGTT	1
1836	1835	12	CTCGAAAAAGAGTATGAGGAGTTT	1
1837	1836	13	TCGAAAAAGAGTATGAGGAGTTTG	1
1838	1837	13	CGAAAAAGAGTATGAGGAGTTTGC	1
1839	1838	12	GAAAAAGAGTATGAGGAGTTTGCT	1
1840	1839	11	AAAAAGAGTATGAGGAGTTTGCTA	1
1841	1840	11	AAAAGAGTATGAGGAGTTTGCTAA	1
1842	1841	11	AAAGAGTATGAGGAGTTTGCTAAG	1
1843	1842	11	AAGAGTATGAGGAGTTTGCTAAGC	1
1844	1843	11	AGAGTATGAGGAGTTTGCTAAGCA	1
1845	1844	11	GAGTATGAGGAGTTTGCTAAGCAA	1
1846	1845	11	AGTATGAGGAGTTTGCTAAGCAAC	1
1847	1846	11	GTATGAGGAGTTTGCTAAGCAACT	1
1848	1847	11	TATGAGGAGTTTGCTAAGCAACTT	1
1849	1848	11	ATGAGGAGTTTGCTAAGCAACTTA	1
1850	1849	12	TGAGGAGTTTGCTAAGCAACTTAA	1
1851	1850	12	GAGGAGTTTGCTAAGCAACTTAAG	1
1852	1851	10	AGGAGTTTGCTAAGCAACTTAAGA	1
1853	1852	10	GGAGTTTGCTAAGCAACTTAAGAC	1
1854	1853	12	GAGTTTGCTAAGCAACTTAAGACC	1
1855	1854	12	AGTTTGCTAAGCAACTTAAGACCA	1
1856	1855	11	GTTTGCTAAGCAACTTAAGACCAT	1
1857	1856	13	TTTGCTAAGCAACTTAAGACCATT	1
1858	1857	13	TTGCTAAGCAACTTAAGACCATTT	1
1859	1858	14	TGCTAAGCAACTTAAGACCATTTT	1
1860	1859	14	GCTAAGCAACTTAAGACCATTTTG	1
1861	1860	14	CTAAGCAACTTAAGACCATTTTGG	1
1862	1861	14	TAAGCAACTTAAGACCATTTTGGG	1
1863	1862	14	AAGCAACTTAAGACCATTTTGGGT	1
1864	1863	14	AGCAACTTAAGACCATTTTGGGTG	1
1865	1864	14	GCAACTTAAGACCATTTTGGGTGA	1
1866	1865	14	CAACTTAAGACCATTTTGGGTGAC	1
1867	1866	14	AACTTAAGACCATTTTGGGTGACA	1
1868	1867	14	ACTTAAGACCATTTTGGGTGACAA	1
1869	1868	12	CTTAAGACCATTTTGGGTGACAAG	1
1870	1869	12	TTAAGACCATTTTGGGTGACAAGG	1
1871	1870	14	TAAGACCATTTTGGGTGACAAGGT	1
1872	1871	14	AAGACCATTTTGGGTGACAAGGTT	1
1873	1872	13	AGACCATTTTGGGTGACAAGGTTG	1
1874	1873	13	GACCATTTTGGGTGACAAGGTTGA	1
1875	1874	13	ACCATTTTGGGTGACAAGGTTGAA	1
1876	1875	13	CCATTTTGGGTGACAAGGTTGAAA	1
1877	1876	14	CATTTTGGGTGACAAGGTTGAAAA	1
1878	1877	14	ATTTTGGGTGACAAGGTTGAAAAG	1
1879	1878	15	TTTTGGGTGACAAGGTTGAAAAGG	1
1880	1879	15	TTTGGGTGACAAGGTTGAAAAGGT	1
1881	1880	14	TTGGGTGACAAGGTTGAAAAGGTT	1
1882	1881	14	TGGGTGACAAGGTTGAAAAGGTTG	1
1883	1882	16	GGGTGACAAGGTTGAAAAGGTTGT	1
1884	1883	17	GGTGACAAGGTTGAAAAGGTTGTT	1
1885	1884	23	GTGACAAGGTTGAAAAGGTTGTTG	1
1886	1885	23	TGACAAGGTTGAAAAGGTTGTTGT	1
1887	1886	23	GACAAGGTTGAAAAGGTTGTTGTT	1
1888	1887	23	ACAAGGTTGAAAAGGTTGTTGTTT	1
1889	1888	23	CAAGGTTGAAAAGGTTGTTGTTTC	1
1890	1889	23	AAGGTTGAAAAGGTTGTTGTTTCT	1
1891	1890	23	AGGTTGAAAAGGTTGTTGTTTCTA	1
1892	1891	23	GGTTGAAAAGGTTGTTGTTTCTAA	1
1893	1892	23	GTTGAAAAGGTTGTTGTTTCTAAC	1
1894	1893	22	TTGAAAAGGTTGTTGTTTCTAACA	1
1895	1894	22	TGAAAAGGTTGTTGTTTCTAACAA	1
1896	1895	24	GAAAAGGTTGTTGTTTCTAACAAG	1
1897	1896	24	AAAAGGTTGTTGTTTCTAACAAGA	1
1898	1897	21	AAAGGTTGTTGTTTCTAACAAGAT	1
1899	1898	21	AAGGTTGTTGTTTCTAACAAGATT	1
1900	1899	20	AGGTTGTTGTTTCTAACAAGATTG	1
1901	1900	18	GGTTGTTGTTTCTAACAAGATTGT	1
1902	1901	19	GTTGTTGTTTCTAACAAGATTGTT	1
1903	1902	18	TTGTTGTTTCTAACAAGATTGTTG	1
1904	1903	18	TGTTGTTTCTAACAAGATTGTTGG	1
1905	1904	18	GTTGTTTCTAACAAGATTGTTGGT	1
1906	1905	21	TTGTTTCTAACAAGATTGTTGGTT	1
1907	1906	21	TGTTTCTAACAAGATTGTTGGTTC	1
1908	1907	21	GTTTCTAACAAGATTGTTGGTTCT	1
1909	1908	21	TTTCTAACAAGATTGTTGGTTCTC	1
1910	1909	21	TTCTAACAAGATTGTTGGTTCTCC	1
1911	1910	22	TCTAACAAGATTGTTGGTTCTCCT	1
1912	1911	22	CTAACAAGATTGTTGGTTCTCCTT	1
1913	1912	22	TAACAAGATTGTTGGTTCTCCTTG	1
1914	1913	22	AACAAGATTGTTGGTTCTCCTTGC	1
1915	1914	20	ACAAGATTGTTGGTTCTCCTTGCT	1
1916	1915	20	CAAGATTGTTGGTTCTCCTTGCTT	1
1917	1916	20	AAGATTGTTGGTTCTCCTTGCTTG	1
1918	1917	20	AGATTGTTGGTTCTCCTTGCTTGT	1
1919	1918	20	GATTGTTGGTTCTCCTTGCTTGTT	1
1920	1919	21	ATTGTTGGTTCTCCTTGCTTGTTA	1
1921	1920	20	TTGTTGGTTCTCCTTGCTTGTTAA	1
1922	1921	20	TGTTGGTTCTCCTTGCTTGTTAAC	1
1923	1922	19	GTTGGTTCTCCTTGCTTGTTAACT	1
1924	1923	20	TTGGTTCTCCTTGCTTGTTAACTA	1
1925	1924	20	TGGTTCTCCTTGCTTGTTAACTAC	1
1926	1925	20	GGTTCTCCTTGCTTGTTAACTACC	1
1927	1926	18	GTTCTCCTTGCTTGTTAACTACCG	1
1928	1927	17	TTCTCCTTGCTTGTTAACTACCGG	1
1929	1928	12	TCTCCTTGCTTGTTAACTACCGGT	1
1930	1929	12	CTCCTTGCTTGTTAACTACCGGTC	1
1931	1930	12	TCCTTGCTTGTTAACTACCGGTCA	1
1932	1931	12	CCTTGCTTGTTAACTACCGGTCAA	1
1933	1932	12	CTTGCTTGTTAACTACCGGTCAAT	1
1934	1933	12	TTGCTTGTTAACTACCGGTCAATA	1
1935	1934	13	TGCTTGTTAACTACCGGTCAATAT	1
1936	1935	13	GCTTGTTAACTACCGGTCAATATG	1
1937	1936	13	CTTGTTAACTACCGGTCAATATGG	1
1938	1937	13	TTGTTAACTACCGGTCAATATGGT	1
1939	1938	14	TGTTAACTACCGGTCAATATGGTT	1
1940	1939	12	GTTAACTACCGGTCAATATGGTTG	1
1941	1940	12	TTAACTACCGGTCAATATGGTTGG	1
1942	1941	12	TAACTACCGGTCAATATGGTTGGT	1
1943	1942	12	AACTACCGGTCAATATGGTTGGTC	1
1944	1943	12	ACTACCGGTCAATATGGTTGGTCT	1
1945	1944	12	CTACCGGTCAATATGGTTGGTCTG	1
1946	1945	12	TACCGGTCAATATGGTTGGTCTGC	1
1947	1946	12	ACCGGTCAATATGGTTGGTCTGCT	1
1948	1947	12	CCGGTCAATATGGTTGGTCTGCTA	1
1949	1948	11	CGGTCAATATGGTTGGTCTGCTAA	1
1950	1949	8	GGTCAATATGGTTGGTCTGCTAAC	1
1951	1950	10	GTCAATATGGTTGGTCTGCTAACA	1
1952	1951	10	TCAATATGGTTGGTCTGCTAACAT	1
1953	1952	10	CAATATGGTTGGTCTGCTAACATG	1
1954	1953	9	AATATGGTTGGTCTGCTAACATGG	1
1955	1954	8	ATATGGTTGGTCTGCTAACATGGA	1
1956	1955	8	TATGGTTGGTCTGCTAACATGGAA	1
1957	1956	9	ATGGTTGGTCTGCTAACATGGAAC	1
1958	1957	9	TGGTTGGTCTGCTAACATGGAACG	1
1959	1958	9	GGTTGGTCTGCTAACATGGAACGT	1
1960	1959	10	GTTGGTCTGCTAACATGGAACGTA	1
1961	1960	9	TTGGTCTGCTAACATGGAACGTAT	1
1962	1961	9	TGGTCTGCTAACATGGAACGTATC	1
1963	1962	9	GGTCTGCTAACATGGAACGTATCA	1
1964	1963	8	GTCTGCTAACATGGAACGTATCAT	1
1965	1964	8	TCTGCTAACATGGAACGTATCATG	1
1966	1965	8	CTGCTAACATGGAACGTATCATGA	1
1967	1966	9	TGCTAACATGGAACGTATCATGAA	1
1968	1967	8	GCTAACATGGAACGTATCATGAAG	1
1969	1968	8	CTAACATGGAACGTATCATGAAGG	1
1970	1969	10	TAACATGGAACGTATCATGAAGGC	1
1971	1970	10	AACATGGAACGTATCATGAAGGCT	1
1972	1971	10	ACATGGAACGTATCATGAAGGCTC	1
1973	1972	11	CATGGAACGTATCATGAAGGCTCA	1
1974	1973	12	ATGGAACGTATCATGAAGGCTCAA	1
1975	1974	12	TGGAACGTATCATGAAGGCTCAAG	1
1976	1975	13	GGAACGTATCATGAAGGCTCAAGC	1
1977	1976	13	GAACGTATCATGAAGGCTCAAGCC	1
1978	1977	12	AACGTATCATGAAGGCTCAAGCCC	1
1979	1978	11	ACGTATCATGAAGGCTCAAGCCCT	1
1980	1979	11	CGTATCATGAAGGCTCAAGCCCTT	1
1981	1980	11	GTATCATGAAGGCTCAAGCCCTTC	1
1982	1981	11	TATCATGAAGGCTCAAGCCCTTCG	1
1983	1982	10	ATCATGAAGGCTCAAGCCCTTCGT	1
1984	1983	10	TCATGAAGGCTCAAGCCCTTCGTG	1
1985	1984	12	CATGAAGGCTCAAGCCCTTCGTGA	1
1986	1985	12	ATGAAGGCTCAAGCCCTTCGTGAT	1
1987	1986	12	TGAAGGCTCAAGCCCTTCGTGATA	1
1988	1987	13	GAAGGCTCAAGCCCTTCGTGATAC	1
1989	1988	13	AAGGCTCAAGCCCTTCGTGATACT	1
1990	1989	14	AGGCTCAAGCCCTTCGTGATACTT	1
1991	1990	19	GGCTCAAGCCCTTCGTGATACTTC	1
1992	1991	22	GCTCAAGCCCTTCGTGATACTTCT	1
1993	1992	22	CTCAAGCCCTTCGTGATACTTCTA	1
1994	1993	23	TCAAGCCCTTCGTGATACTTCTAT	1
1995	1994	22	CAAGCCCTTCGTGATACTTCTATG	1
1996	1995	23	AAGCCCTTCGTGATACTTCTATGA	1
1997	1996	23	AGCCCTTCGTGATACTTCTATGAG	1
1998	1997	22	GCCCTTCGTGATACTTCTATGAGT	1
1999	1998	22	CCCTTCGTGATACTTCTATGAGTG	1
2000	1999	22	CCTTCGTGATACTTCTATGAGTGC	1
2001	2000	22	CTTCGTGATACTTCTATGAGTGCC	1
2002	2001	24	TTCGTGATACTTCTATGAGTGCCT	1
2003	2002	24	TCGTGATACTTCTATGAGTGCCTA	1
2004	2003	23	CGTGATACTTCTATGAGTGCCTAT	1
2005	2004	23	GTGATACTTCTATGAGTGCCTATA	1
2006	2005	23	TGATACTTCTATGAGTGCCTATAT	1
2007	2006	23	GATACTTCTATGAGTGCCTATATG	1
2008	2007	23	ATACTTCTATGAGTGCCTATATGT	1
2009	2008	23	TACTTCTATGAGTGCCTATATGTC	1
2010	2009	23	ACTTCTATGAGTGCCTATATGTCT	1
2011	2010	22	CTTCTATGAGTGCCTATATGTCTA	1
2012	2011	22	TTCTATGAGTGCCTATATGTCTAG	1
2013	2012	22	TCTATGAGTGCCTATATGTCTAGC	1
2014	2013	20	CTATGAGTGCCTATATGTCTAGCC	1
2015	2014	20	TATGAGTGCCTATATGTCTAGCCG	1
2016	2015	21	ATGAGTGCCTATATGTCTAGCCGC	1
2017	2016	21	TGAGTGCCTATATGTCTAGCCGCA	1
2018	2017	20	GAGTGCCTATATGTCTAGCCGCAA	1
2019	2018	20	AGTGCCTATATGTCTAGCCGCAAG	1
2020	2019	19	GTGCCTATATGTCTAGCCGCAAGA	1
2021	2020	20	TGCCTATATGTCTAGCCGCAAGAC	1
2022	2021	20	GCCTATATGTCTAGCCGCAAGACT	1
2023	2022	21	CCTATATGTCTAGCCGCAAGACTT	1
2024	2023	21	CTATATGTCTAGCCGCAAGACTTT	1
2025	2024	21	TATATGTCTAGCCGCAAGACTTTT	1
2026	2025	22	ATATGTCTAGCCGCAAGACTTTTG	1
2027	2026	22	TATGTCTAGCCGCAAGACTTTTGA	1
2028	2027	22	ATGTCTAGCCGCAAGACTTTTGAG	1
2029	2028	20	TGTCTAGCCGCAAGACTTTTGAGA	1
2030	2029	20	GTCTAGCCGCAAGACTTTTGAGAT	1
2031	2030	21	TCTAGCCGCAAGACTTTTGAGATT	1
2032	2031	20	CTAGCCGCAAGACTTTTGAGATTA	1
2033	2032	20	TAGCCGCAAGACTTTTGAGATTAA	1
2034	2033	18	AGCCGCAAGACTTTTGAGATTAAC	1
2035	2034	13	GCCGCAAGACTTTTGAGATTAACC	1
2036	2035	11	CCGCAAGACTTTTGAGATTAACCC	1
2037	2036	10	CGCAAGACTTTTGAGATTAACCCC	1
2038	2037	7	GCAAGACTTTTGAGATTAACCCCA	1
2039	2038	7	CAAGACTTTTGAGATTAACCCCAA	1
2040	2039	6	AAGACTTTTGAGATTAACCCCAAG	1
2041	2040	6	AGACTTTTGAGATTAACCCCAAGT	1
2042	2041	6	GACTTTTGAGATTAACCCCAAGTC	1
2043	2042	5	ACTTTTGAGATTAACCCCAAGTCT	1
2044	2043	5	CTTTTGAGATTAACCCCAAGTCTC	1
2045	2044	6	TTTTGAGATTAACCCCAAGTCTCC	1
2046	2045	5	TTTGAGATTAACCCCAAGTCTCCC	1
2047	2046	6	TTGAGATTAACCCCAAGTCTCCCA	1
2048	2047	6	TGAGATTAACCCCAAGTCTCCCAT	1
2049	2048	7	GAGATTAACCCCAAGTCTCCCATC	1
2050	2049	6	AGATTAACCCCAAGTCTCCCATCA	1
2051	2050	6	GATTAACCCCAAGTCTCCCATCAT	1
2052	2051	6	ATTAACCCCAAGTCTCCCATCATT	1
2053	2052	6	TTAACCCCAAGTCTCCCATCATTG	1
2054	2053	7	TAACCCCAAGTCTCCCATCATTGC	1
2055	2054	7	AACCCCAAGTCTCCCATCATTGCT	1
2056	2055	8	ACCCCAAGTCTCCCATCATTGCTG	1
2057	2056	8	CCCCAAGTCTCCCATCATTGCTGA	1
2058	2057	8	CCCAAGTCTCCCATCATTGCTGAG	1
2059	2058	8	CCAAGTCTCCCATCATTGCTGAGC	1
2060	2059	10	CAAGTCTCCCATCATTGCTGAGCT	1
2061	2060	13	AAGTCTCCCATCATTGCTGAGCTC	1
2062	2061	13	AGTCTCCCATCATTGCTGAGCTCA	1
2063	2062	15	GTCTCCCATCATTGCTGAGCTCAA	1
2064	2063	15	TCTCCCATCATTGCTGAGCTCAAG	1
2065	2064	14	CTCCCATCATTGCTGAGCTCAAGA	1
2066	2065	14	TCCCATCATTGCTGAGCTCAAGAA	1
2067	2066	14	CCCATCATTGCTGAGCTCAAGAAG	1
2068	2067	13	CCATCATTGCTGAGCTCAAGAAGA	1
2069	2068	13	CATCATTGCTGAGCTCAAGAAGAA	1
2070	2069	12	ATCATTGCTGAGCTCAAGAAGAAG	1
2071	2070	12	TCATTGCTGAGCTCAAGAAGAAGG	1
2072	2071	12	CATTGCTGAGCTCAAGAAGAAGGT	1
2073	2072	12	ATTGCTGAGCTCAAGAAGAAGGTT	1
2074	2073	12	TTGCTGAGCTCAAGAAGAAGGTTG	1
2075	2074	12	TGCTGAGCTCAAGAAGAAGGTTGA	1
2076	2075	12	GCTGAGCTCAAGAAGAAGGTTGAG	1
2077	2076	12	CTGAGCTCAAGAAGAAGGTTGAGG	1
2078	2077	12	TGAGCTCAAGAAGAAGGTTGAGGA	1
2079	2078	12	GAGCTCAAGAAGAAGGTTGAGGAG	1
2080	2079	11	AGCTCAAGAAGAAGGTTGAGGAGA	1
2081	2080	11	GCTCAAGAAGAAGGTTGAGGAGAA	1
2082	2081	11	CTCAAGAAGAAGGTTGAGGAGAAT	1
2083	2082	11	TCAAGAAGAAGGTTGAGGAGAATG	1
2084	2083	11	CAAGAAGAAGGTTGAGGAGAATGG	1
2085	2084	11	AAGAAGAAGGTTGAGGAGAATGGT	1
2086	2085	11	AGAAGAAGGTTGAGGAGAATGGTG	1
2087	2086	11	GAAGAAGGTTGAGGAGAATGGTGC	1
2088	2087	11	AAGAAGGTTGAGGAGAATGGTGCC	1
2089	2088	10	AGAAGGTTGAGGAGAATGGTGCCG	1
2090	2089	10	GAAGGTTGAGGAGAATGGTGCCGA	1
2091	2090	9	AAGGTTGAGGAGAATGGTGCCGAA	1
2092	2091	11	AGGTTGAGGAGAATGGTGCCGAAG	1
2093	2092	11	GGTTGAGGAGAATGGTGCCGAAGA	1
2094	2093	11	GTTGAGGAGAATGGTGCCGAAGAC	1
2095	2094	11	TTGAGGAGAATGGTGCCGAAGACC	1
2096	2095	11	TGAGGAGAATGGTGCCGAAGACCG	1
2097	2096	11	GAGGAGAATGGTGCCGAAGACCGC	1
2098	2097	10	AGGAGAATGGTGCCGAAGACCGCT	1
2099	2098	10	GGAGAATGGTGCCGAAGACCGCTC	1
2100	2099	11	GAGAATGGTGCCGAAGACCGCTCT	1
2101	2100	11	AGAATGGTGCCGAAGACCGCTCTG	1
2102	2101	11	GAATGGTGCCGAAGACCGCTCTGT	1
2103	2102	11	AATGGTGCCGAAGACCGCTCTGTG	1
2104	2103	9	ATGGTGCCGAAGACCGCTCTGTGA	1
2105	2104	6	TGGTGCCGAAGACCGCTCTGTGAA	1
2106	2105	7	GGTGCCGAAGACCGCTCTGTGAAG	1
2107	2106	6	GTGCCGAAGACCGCTCTGTGAAGG	1
2108	2107	6	TGCCGAAGACCGCTCTGTGAAGGA	1
2109	2108	6	GCCGAAGACCGCTCTGTGAAGGAT	1
2110	2109	6	CCGAAGACCGCTCTGTGAAGGATC	1
2111	2110	6	CGAAGACCGCTCTGTGAAGGATCT	1
2112	2111	6	GAAGACCGCTCTGTGAAGGATCTT	1
2113	2112	7	AAGACCGCTCTGTGAAGGATCTTG	1
2114	2113	7	AGACCGCTCTGTGAAGGATCTTGC	1
2115	2114	7	GACCGCTCTGTGAAGGATCTTGCT	1
2116	2115	7	ACCGCTCTGTGAAGGATCTTGCTA	1
2117	2116	8	CCGCTCTGTGAAGGATCTTGCTAC	1
2118	2117	10	CGCTCTGTGAAGGATCTTGCTACT	1
2119	2118	11	GCTCTGTGAAGGATCTTGCTACTA	1
2120	2119	16	CTCTGTGAAGGATCTTGCTACTAT	1
2121	2120	16	TCTGTGAAGGATCTTGCTACTATT	1
2122	2121	16	CTGTGAAGGATCTTGCTACTATTT	1
2123	2122	17	TGTGAAGGATCTTGCTACTATTTT	1
2124	2123	17	GTGAAGGATCTTGCTACTATTTTG	1
2125	2124	17	TGAAGGATCTTGCTACTATTTTGT	1
2126	2125	21	GAAGGATCTTGCTACTATTTTGTA	1
2127	2126	21	AAGGATCTTGCTACTATTTTGTAT	1
2128	2127	21	AGGATCTTGCTACTATTTTGTATG	1
2129	2128	22	GGATCTTGCTACTATTTTGTATGA	1
2130	2129	23	GATCTTGCTACTATTTTGTATGAG	1
2131	2130	23	ATCTTGCTACTATTTTGTATGAGA	1
2132	2131	24	TCTTGCTACTATTTTGTATGAGAC	1
2133	2132	24	CTTGCTACTATTTTGTATGAGACC	1
2134	2133	23	TTGCTACTATTTTGTATGAGACCG	1
2135	2134	22	TGCTACTATTTTGTATGAGACCGC	1
2136	2135	21	GCTACTATTTTGTATGAGACCGCC	1
2137	2136	21	CTACTATTTTGTATGAGACCGCCT	1
2138	2137	21	TACTATTTTGTATGAGACCGCCTT	1
2139	2138	21	ACTATTTTGTATGAGACCGCCTTG	1
2140	2139	21	CTATTTTGTATGAGACCGCCTTGT	1
2141	2140	21	TATTTTGTATGAGACCGCCTTGTT	1
2142	2141	24	ATTTTGTATGAGACCGCCTTGTTG	1
2143	2142	25	TTTTGTATGAGACCGCCTTGTTGT	1
2144	2143	24	TTTGTATGAGACCGCCTTGTTGTC	1
2145	2144	24	TTGTATGAGACCGCCTTGTTGTCC	1
2146	2145	23	TGTATGAGACCGCCTTGTTGTCCT	1
2147	2146	24	GTATGAGACCGCCTTGTTGTCCTC	1
2148	2147	24	TATGAGACCGCCTTGTTGTCCTCT	1
2149	2148	24	ATGAGACCGCCTTGTTGTCCTCTG	1
2150	2149	24	TGAGACCGCCTTGTTGTCCTCTGG	1
2151	2150	24	GAGACCGCCTTGTTGTCCTCTGGT	1
2152	2151	25	AGACCGCCTTGTTGTCCTCTGGTT	1
2153	2152	26	GACCGCCTTGTTGTCCTCTGGTTT	1
2154	2153	26	ACCGCCTTGTTGTCCTCTGGTTTC	1
2155	2154	26	CCGCCTTGTTGTCCTCTGGTTTCA	1
2156	2155	27	CGCCTTGTTGTCCTCTGGTTTCAC	1
2157	2156	25	GCCTTGTTGTCCTCTGGTTTCACT	1
2158	2157	25	CCTTGTTGTCCTCTGGTTTCACTC	1
2159	2158	25	CTTGTTGTCCTCTGGTTTCACTCT	1
2160	2159	26	TTGTTGTCCTCTGGTTTCACTCTT	1
2161	2160	25	TGTTGTCCTCTGGTTTCACTCTTG	1
2162	2161	23	GTTGTCCTCTGGTTTCACTCTTGA	1
2163	2162	23	TTGTCCTCTGGTTTCACTCTTGAT	1
2164	2163	18	TGTCCTCTGGTTTCACTCTTGATG	1
2165	2164	18	GTCCTCTGGTTTCACTCTTGATGA	1
2166	2165	18	TCCTCTGGTTTCACTCTTGATGAC	1
2167	2166	17	CCTCTGGTTTCACTCTTGATGACC	1
2168	2167	17	CTCTGGTTTCACTCTTGATGACCC	1
2169	2168	14	TCTGGTTTCACTCTTGATGACCCT	1
2170	2169	16	CTGGTTTCACTCTTGATGACCCTA	1
2171	2170	17	TGGTTTCACTCTTGATGACCCTAG	1
2172	2171	16	GGTTTCACTCTTGATGACCCTAGT	1
2173	2172	16	GTTTCACTCTTGATGACCCTAGTG	1
2174	2173	15	TTTCACTCTTGATGACCCTAGTGC	1
2175	2174	16	TTCACTCTTGATGACCCTAGTGCT	1
2176	2175	15	TCACTCTTGATGACCCTAGTGCTT	1
2177	2176	15	CACTCTTGATGACCCTAGTGCTTA	1
2178	2177	15	ACTCTTGATGACCCTAGTGCTTAT	1
2179	2178	15	CTCTTGATGACCCTAGTGCTTATG	1
2180	2179	16	TCTTGATGACCCTAGTGCTTATGC	1
2181	2180	15	CTTGATGACCCTAGTGCTTATGCT	1
2182	2181	16	TTGATGACCCTAGTGCTTATGCTC	1
2183	2182	15	TGATGACCCTAGTGCTTATGCTCA	1
2184	2183	15	GATGACCCTAGTGCTTATGCTCAA	1
2185	2184	15	ATGACCCTAGTGCTTATGCTCAAC	1
2186	2185	12	TGACCCTAGTGCTTATGCTCAACG	1
2187	2186	11	GACCCTAGTGCTTATGCTCAACGT	1
2188	2187	11	ACCCTAGTGCTTATGCTCAACGTA	1
2189	2188	11	CCCTAGTGCTTATGCTCAACGTAT	1
2190	2189	11	CCTAGTGCTTATGCTCAACGTATC	1
2191	2190	10	CTAGTGCTTATGCTCAACGTATCA	1
2192	2191	10	TAGTGCTTATGCTCAACGTATCAA	1
2193	2192	10	AGTGCTTATGCTCAACGTATCAAC	1
2194	2193	10	GTGCTTATGCTCAACGTATCAACC	1
2195	2194	10	TGCTTATGCTCAACGTATCAACCG	1
2196	2195	9	GCTTATGCTCAACGTATCAACCGT	1
2197	2196	8	CTTATGCTCAACGTATCAACCGTC	1
2198	2197	8	TTATGCTCAACGTATCAACCGTCT	1
2199	2198	8	TATGCTCAACGTATCAACCGTCTT	1
2200	2199	7	ATGCTCAACGTATCAACCGTCTTA	1
2201	2200	7	TGCTCAACGTATCAACCGTCTTAT	1
2202	2201	7	GCTCAACGTATCAACCGTCTTATT	1
2203	2202	7	CTCAACGTATCAACCGTCTTATTT	1
2204	2203	7	TCAACGTATCAACCGTCTTATTTC	1
2205	2204	7	CAACGTATCAACCGTCTTATTTCT	1
2206	2205	7	AACGTATCAACCGTCTTATTTCTC	1
2207	2206	7	ACGTATCAACCGTCTTATTTCTCT	1
2208	2207	7	CGTATCAACCGTCTTATTTCTCTT	1
2209	2208	7	GTATCAACCGTCTTATTTCTCTTG	1
2210	2209	7	TATCAACCGTCTTATTTCTCTTGG	1
2211	2210	7	ATCAACCGTCTTATTTCTCTTGGT	1
2212	2211	7	TCAACCGTCTTATTTCTCTTGGTC	1
2213	2212	7	CAACCGTCTTATTTCTCTTGGTCT	1
2214	2213	5	AACCGTCTTATTTCTCTTGGTCTT	1
2215	2214	5	ACCGTCTTATTTCTCTTGGTCTTA	1
2216	2215	5	CCGTCTTATTTCTCTTGGTCTTAG	1
2217	2216	5	CGTCTTATTTCTCTTGGTCTTAGC	1
2218	2217	5	GTCTTATTTCTCTTGGTCTTAGCA	1
2219	2218	5	TCTTATTTCTCTTGGTCTTAGCAT	1
2220	2219	5	CTTATTTCTCTTGGTCTTAGCATT	1
2221	2220	5	TTATTTCTCTTGGTCTTAGCATTG	1
2222	2221	5	TATTTCTCTTGGTCTTAGCATTGA	1
2223	2222	5	ATTTCTCTTGGTCTTAGCATTGAC	1
2224	2223	5	TTTCTCTTGGTCTTAGCATTGACG	1
2225	2224	6	TTCTCTTGGTCTTAGCATTGACGA	1
2226	2225	6	TCTCTTGGTCTTAGCATTGACGAA	1
2227	2226	6	CTCTTGGTCTTAGCATTGACGAAG	1
2228	2227	6	TCTTGGTCTTAGCATTGACGAAGA	1
2229	2228	6	CTTGGTCTTAGCATTGACGAAGAG	1
2230	2229	6	TTGGTCTTAGCATTGACGAAGAGG	1
2231	2230	6	TGGTCTTAGCATTGACGAAGAGGA	1
2232	2231	6	GGTCTTAGCATTGACGAAGAGGAG	1
2233	2232	6	GTCTTAGCATTGACGAAGAGGAGG	1
2234	2233	7	TCTTAGCATTGACGAAGAGGAGGA	1
2235	2234	7	CTTAGCATTGACGAAGAGGAGGAG	1
2236	2235	7	TTAGCATTGACGAAGAGGAGGAGG	1
2237	2236	8	TAGCATTGACGAAGAGGAGGAGGC	1
2238	2237	7	AGCATTGACGAAGAGGAGGAGGCT	1
2239	2238	7	GCATTGACGAAGAGGAGGAGGCTC	1
2240	2239	7	CATTGACGAAGAGGAGGAGGCTCC	1
2241	2240	7	ATTGACGAAGAGGAGGAGGCTCCT	1
2242	2241	7	TTGACGAAGAGGAGGAGGCTCCTA	1
2243	2242	7	TGACGAAGAGGAGGAGGCTCCTAT	1
2244	2243	7	GACGAAGAGGAGGAGGCTCCTATT	1
2245	2244	7	ACGAAGAGGAGGAGGCTCCTATTG	1
2246	2245	7	CGAAGAGGAGGAGGCTCCTATTGA	1
2247	2246	7	GAAGAGGAGGAGGCTCCTATTGAG	1
2248	2247	7	AAGAGGAGGAGGCTCCTATTGAGG	1
2249	2248	8	AGAGGAGGAGGCTCCTATTGAGGA	1
2250	2249	8	GAGGAGGAGGCTCCTATTGAGGAA	1
2251	2250	8	AGGAGGAGGCTCCTATTGAGGAAA	1
2252	2251	8	GGAGGAGGCTCCTATTGAGGAAAT	1
2253	2252	8	GAGGAGGCTCCTATTGAGGAAATT	1
2254	2253	8	AGGAGGCTCCTATTGAGGAAATTT	1
2255	2254	8	GGAGGCTCCTATTGAGGAAATTTC	1
2256	2255	8	GAGGCTCCTATTGAGGAAATTTCT	1
2257	2256	7	AGGCTCCTATTGAGGAAATTTCTA	1
2258	2257	7	GGCTCCTATTGAGGAAATTTCTAC	1
2259	2258	7	GCTCCTATTGAGGAAATTTCTACC	1
2260	2259	7	CTCCTATTGAGGAAATTTCTACCG	1
2261	2260	8	TCCTATTGAGGAAATTTCTACCGA	1
2262	2261	8	CCTATTGAGGAAATTTCTACCGAA	1
2263	2262	7	CTATTGAGGAAATTTCTACCGAAT	1
2264	2263	7	TATTGAGGAAATTTCTACCGAATC	1
2265	2264	7	ATTGAGGAAATTTCTACCGAATCC	1
2266	2265	8	TTGAGGAAATTTCTACCGAATCCG	1
2267	2266	8	TGAGGAAATTTCTACCGAATCCGT	1
2268	2267	7	GAGGAAATTTCTACCGAATCCGTC	1
2269	2268	6	AGGAAATTTCTACCGAATCCGTCG	1
2270	2269	6	GGAAATTTCTACCGAATCCGTCGC	1
2271	2270	6	GAAATTTCTACCGAATCCGTCGCT	1
2272	2271	8	AAATTTCTACCGAATCCGTCGCTG	1
2273	2272	8	AATTTCTACCGAATCCGTCGCTGC	1
2274	2273	8	ATTTCTACCGAATCCGTCGCTGCT	1
2275	2274	8	TTTCTACCGAATCCGTCGCTGCTG	1
2276	2275	8	TTCTACCGAATCCGTCGCTGCTGA	1
2277	2276	8	TCTACCGAATCCGTCGCTGCTGAA	1
2278	2277	6	CTACCGAATCCGTCGCTGCTGAAA	1
2279	2278	6	TACCGAATCCGTCGCTGCTGAAAA	1
2280	2279	6	ACCGAATCCGTCGCTGCTGAAAAC	1
2281	2280	6	CCGAATCCGTCGCTGCTGAAAACA	1
2282	2281	6	CGAATCCGTCGCTGCTGAAAACAA	1
2283	2282	6	GAATCCGTCGCTGCTGAAAACAAT	1
2284	2283	6	AATCCGTCGCTGCTGAAAACAATG	1
2285	2284	6	ATCCGTCGCTGCTGAAAACAATGC	1
2286	2285	6	TCCGTCGCTGCTGAAAACAATGCT	1
2287	2286	6	CCGTCGCTGCTGAAAACAATGCTG	1
2288	2287	6	CGTCGCTGCTGAAAACAATGCTGA	1
2289	2288	6	GTCGCTGCTGAAAACAATGCTGAG	1
2290	2289	6	TCGCTGCTGAAAACAATGCTGAGA	1
2291	2290	6	CGCTGCTGAAAACAATGCTGAGAG	1
2292	2291	6	GCTGCTGAAAACAATGCTGAGAGC	1
2293	2292	5	CTGCTGAAAACAATGCTGAGAGCA	1
2294	2293	5	TGCTGAAAACAATGCTGAGAGCAA	1
2295	2294	5	GCTGAAAACAATGCTGAGAGCAAG	1
2296	2295	5	CTGAAAACAATGCTGAGAGCAAGA	1
2297	2296	5	TGAAAACAATGCTGAGAGCAAGAT	1
2298	2297	5	GAAAACAATGCTGAGAGCAAGATG	1
2299	2298	5	AAAACAATGCTGAGAGCAAGATGG	1
2300	2299	5	AAACAATGCTGAGAGCAAGATGGA	1
2301	2300	5	AACAATGCTGAGAGCAAGATGGAG	1
2302	2301	5	ACAATGCTGAGAGCAAGATGGAGG	1
2303	2302	4	CAATGCTGAGAGCAAGATGGAGGA	1
2304	2303	4	AATGCTGAGAGCAAGATGGAGGAA	1
2305	2304	3	ATGCTGAGAGCAAGATGGAGGAAG	1
2306	2305	3	TGCTGAGAGCAAGATGGAGGAAGT	1
2307	2306	3	GCTGAGAGCAAGATGGAGGAAGTC	1
2308	2307	3	CTGAGAGCAAGATGGAGGAAGTCG	1
2309	2308	3	TGAGAGCAAGATGGAGGAAGTCGA	1
2310	2309	2	GAGAGCAAGATGGAGGAAGTCGAT	1
2311	2310	2	AGAGCAAGATGGAGGAAGTCGATT	1
2312	2311	2	GAGCAAGATGGAGGAAGTCGATTA	1
2313	2312	2	AGCAAGATGGAGGAAGTCGATTAA	1
2314	2313	2	GCAAGATGGAGGAAGTCGATTAAA	1
2315	2314	3	CAAGATGGAGGAAGTCGATTAAAT	1
2316	2315	2	AAGATGGAGGAAGTCGATTAAATC	1
2317	2316	2	AGATGGAGGAAGTCGATTAAATCA	1
2318	2317	2	GATGGAGGAAGTCGATTAAATCAA	1
2319	2318	2	ATGGAGGAAGTCGATTAAATCAAA	1
2320	2319	3	TGGAGGAAGTCGATTAAATCAAAT	1
2321	2320	3	GGAGGAAGTCGATTAAATCAAATG	1
2322	2321	3	GAGGAAGTCGATTAAATCAAATGC	1
2323	2322	3	AGGAAGTCGATTAAATCAAATGCA	1
2324	2323	3	GGAAGTCGATTAAATCAAATGCAT	1
2325	2324	3	GAAGTCGATTAAATCAAATGCATC	1
2326	2325	3	AAGTCGATTAAATCAAATGCATCT	1
2327	2326	3	AGTCGATTAAATCAAATGCATCTA	1
2328	2327	3	GTCGATTAAATCAAATGCATCTAA	1
2329	2328	3	TCGATTAAATCAAATGCATCTAAT	1
2330	2329	3	CGATTAAATCAAATGCATCTAATG	1
2331	2330	3	GATTAAATCAAATGCATCTAATGT	1
2332	2331	4	ATTAAATCAAATGCATCTAATGTG	1
2333	2332	4	TTAAATCAAATGCATCTAATGTGT	1
2334	2333	4	TAAATCAAATGCATCTAATGTGTC	1
2335	2334	4	AAATCAAATGCATCTAATGTGTCT	1
2336	2335	4	AATCAAATGCATCTAATGTGTCTT	1
2337	2336	4	ATCAAATGCATCTAATGTGTCTTT	1
2338	2337	4	TCAAATGCATCTAATGTGTCTTTC	1
2339	2338	4	CAAATGCATCTAATGTGTCTTTCC	1
2340	2339	4	AAATGCATCTAATGTGTCTTTCCA	1
2341	2340	4	AATGCATCTAATGTGTCTTTCCAA	1
2342	2341	5	ATGCATCTAATGTGTCTTTCCAAA	1
2343	2342	6	TGCATCTAATGTGTCTTTCCAAAA	1
2344	2343	6	GCATCTAATGTGTCTTTCCAAAAT	1
2345	2344	6	CATCTAATGTGTCTTTCCAAAATT	1
2346	2345	6	ATCTAATGTGTCTTTCCAAAATTT	1
2347	2346	6	TCTAATGTGTCTTTCCAAAATTTA	1
2348	2347	6	CTAATGTGTCTTTCCAAAATTTAT	1
2349	2348	6	TAATGTGTCTTTCCAAAATTTATG	1
2350	2349	6	AATGTGTCTTTCCAAAATTTATGC	1
2351	2350	6	ATGTGTCTTTCCAAAATTTATGCA	1
2352	2351	6	TGTGTCTTTCCAAAATTTATGCAT	1
2353	2352	6	GTGTCTTTCCAAAATTTATGCATA	1
2354	2353	6	TGTCTTTCCAAAATTTATGCATAT	1
2355	2354	6	GTCTTTCCAAAATTTATGCATATA	1
2356	2355	6	TCTTTCCAAAATTTATGCATATAA	1
2357	2356	6	CTTTCCAAAATTTATGCATATAAT	1
2358	2357	6	TTTCCAAAATTTATGCATATAATG	1
2359	2358	5	TTCCAAAATTTATGCATATAATGT	1
2360	2359	5	TCCAAAATTTATGCATATAATGTT	1
2361	2360	5	CCAAAATTTATGCATATAATGTTT	1
2362	2361	6	CAAAATTTATGCATATAATGTTTT	1
2363	2362	6	AAAATTTATGCATATAATGTTTTT	1
2364	2363	5	AAATTTATGCATATAATGTTTTTC	1
2365	2364	5	AATTTATGCATATAATGTTTTTCT	1
2366	2365	5	ATTTATGCATATAATGTTTTTCTT	1
2367	2366	5	TTTATGCATATAATGTTTTTCTTG	1
2368	2367	5	TTATGCATATAATGTTTTTCTTGG	1
2369	2368	4	TATGCATATAATGTTTTTCTTGGA	1
2370	2369	4	ATGCATATAATGTTTTTCTTGGAT	1
2371	2370	4	TGCATATAATGTTTTTCTTGGATT	1
2372	2371	4	GCATATAATGTTTTTCTTGGATTA	1
2373	2372	4	CATATAATGTTTTTCTTGGATTAA	1
2374	2373	4	ATATAATGTTTTTCTTGGATTAAA	1
2375	2374	4	TATAATGTTTTTCTTGGATTAAAG	1
2376	2375	3	ATAATGTTTTTCTTGGATTAAAGC	1
2377	2376	3	TAATGTTTTTCTTGGATTAAAGCA	1
2378	2377	3	AATGTTTTTCTTGGATTAAAGCAA	1
2379	2378	3	ATGTTTTTCTTGGATTAAAGCAAG	1
2380	2379	3	TGTTTTTCTTGGATTAAAGCAAGT	1
2381	2380	3	GTTTTTCTTGGATTAAAGCAAGTT	1
2382	2381	3	TTTTTCTTGGATTAAAGCAAGTTA	1
2383	2382	3	TTTTCTTGGATTAAAGCAAGTTAT	1
2384	2383	3	TTTCTTGGATTAAAGCAAGTTATC	1
2385	2384	3	TTCTTGGATTAAAGCAAGTTATCC	1
2386	2385	2	TCTTGGATTAAAGCAAGTTATCCT	1
2387	2386	1	CTTGGATTAAAGCAAGTTATCCTA	1
2388	2387	1	TTGGATTAAAGCAAGTTATCCTAT	1
2389	2388	2	TGGATTAAAGCAAGTTATCCTATA	1
2390	2389	4	GGATTAAAGCAAGTTATCCTATAC	1
2391	2390	5	GATTAAAGCAAGTTATCCTATACA	1
2392	2391	5	ATTAAAGCAAGTTATCCTATACAT	1
2393	2392	5	TTAAAGCAAGTTATCCTATACATT	1
2394	2393	5	TAAAGCAAGTTATCCTATACATTG	1
2395	2394	5	AAAGCAAGTTATCCTATACATTGT	1
2396	2395	5	AAGCAAGTTATCCTATACATTGTT	1
2397	2396	5	AGCAAGTTATCCTATACATTGTTA	1
2398	2397	5	GCAAGTTATCCTATACATTGTTAA	1
2399	2398	5	CAAGTTATCCTATACATTGTTAAC	1
2400	2399	5	AAGTTATCCTATACATTGTTAACG	1
2401	2400	5	AGTTATCCTATACATTGTTAACGA	1
2402	2401	5	GTTATCCTATACATTGTTAACGAT	1
2403	2402	5	TTATCCTATACATTGTTAACGATT	1
2404	2403	5	TATCCTATACATTGTTAACGATTC	1
2405	2404	6	ATCCTATACATTGTTAACGATTCT	1
2406	2405	5	TCCTATACATTGTTAACGATTCTA	1
2407	2406	5	CCTATACATTGTTAACGATTCTAG	1
2408	2407	5	CTATACATTGTTAACGATTCTAGT	1
2409	2408	5	TATACATTGTTAACGATTCTAGTG	1
2410	2409	5	ATACATTGTTAACGATTCTAGTGT	1
2411	2410	5	TACATTGTTAACGATTCTAGTGTC	1
2412	2411	5	ACATTGTTAACGATTCTAGTGTCT	1
2413	2412	5	CATTGTTAACGATTCTAGTGTCTG	1
2414	2413	5	ATTGTTAACGATTCTAGTGTCTGT	1
2415	2414	5	TTGTTAACGATTCTAGTGTCTGTT	1
2416	2415	5	TGTTAACGATTCTAGTGTCTGTTG	1
2417	2416	5	GTTAACGATTCTAGTGTCTGTTGT	1
2418	2417	5	TTAACGATTCTAGTGTCTGTTGTC	1
2419	2418	5	TAACGATTCTAGTGTCTGTTGTCA	1
2420	2419	5	AACGATTCTAGTGTCTGTTGTCAT	1
2421	2420	5	ACGATTCTAGTGTCTGTTGTCATT	1
2422	2421	5	CGATTCTAGTGTCTGTTGTCATTC	1
2423	2422	5	GATTCTAGTGTCTGTTGTCATTCA	1
2424	2423	6	ATTCTAGTGTCTGTTGTCATTCAA	1
2425	2424	6	TTCTAGTGTCTGTTGTCATTCAAA	1
2426	2425	6	TCTAGTGTCTGTTGTCATTCAAAA	1
2427	2426	6	CTAGTGTCTGTTGTCATTCAAAAA	1
2428	2427	6	TAGTGTCTGTTGTCATTCAAAAAT	1
2429	2428	6	AGTGTCTGTTGTCATTCAAAAATT	1
2430	2429	6	GTGTCTGTTGTCATTCAAAAATTT	1
2431	2430	6	TGTCTGTTGTCATTCAAAAATTTC	1
2432	2431	6	GTCTGTTGTCATTCAAAAATTTCT	1
2433	2432	5	TCTGTTGTCATTCAAAAATTTCTT	1
2434	2433	3	CTGTTGTCATTCAAAAATTTCTTT	1
2435	2434	2	TGTTGTCATTCAAAAATTTCTTTC	1
2436	2435	2	GTTGTCATTCAAAAATTTCTTTCT	1
2437	2436	2	TTGTCATTCAAAAATTTCTTTCTA	1
2438	2437	2	TGTCATTCAAAAATTTCTTTCTAC	1
2439	2438	2	GTCATTCAAAAATTTCTTTCTACA	1
2440	2439	2	TCATTCAAAAATTTCTTTCTACAC	1
2441	2440	2	CATTCAAAAATTTCTTTCTACACG	1
2442	2441	2	ATTCAAAAATTTCTTTCTACACGA	1
2443	2442	2	TTCAAAAATTTCTTTCTACACGAT	1
2444	2443	2	TCAAAAATTTCTTTCTACACGATT	1
2445	2444	2	CAAAAATTTCTTTCTACACGATTT	1
2446	2445	2	AAAAATTTCTTTCTACACGATTTT	1
2447	2446	2	AAAATTTCTTTCTACACGATTTTT	1
2448	2447	2	AAATTTCTTTCTACACGATTTTTC	1
2449	2448	1	AATTTCTTTCTACACGATTTTTCT	1
2450	2449	1	ATTTCTTTCTACACGATTTTTCTT	1
2451	2450	1	TTTCTTTCTACACGATTTTTCTTA	1
2452	2451	3	TTCTTTCTACACGATTTTTCTTAA	1
2453	2452	3	TCTTTCTACACGATTTTTCTTAAT	1
2454	2453	3	CTTTCTACACGATTTTTCTTAATA	1
2455	2454	3	TTTCTACACGATTTTTCTTAATAC	1
2456	2455	3	TTCTACACGATTTTTCTTAATACA	1
2457	2456	3	TCTACACGATTTTTCTTAATACAC	1
2458	2457	3	CTACACGATTTTTCTTAATACACA	1
2459	2458	3	TACACGATTTTTCTTAATACACAC	1
2460	2459	3	ACACGATTTTTCTTAATACACACT	1
2461	2460	3	CACGATTTTTCTTAATACACACTA	1
2462	2461	3	ACGATTTTTCTTAATACACACTAG	1
2463	2462	3	CGATTTTTCTTAATACACACTAGA	1
2464	2463	3	GATTTTTCTTAATACACACTAGAT	1
2465	2464	3	ATTTTTCTTAATACACACTAGATT	1
2466	2465	3	TTTTTCTTAATACACACTAGATTA	1
2467	2466	3	TTTTCTTAATACACACTAGATTAC	1
2468	2467	2	TTTCTTAATACACACTAGATTACA	1
2469	2468	2	TTCTTAATACACACTAGATTACAG	1
2470	2469	2	TCTTAATACACACTAGATTACAGG	1
2471	2470	2	CTTAATACACACTAGATTACAGGT	1
2472	2471	2	TTAATACACACTAGATTACAGGTT	1
2473	2472	2	TAATACACACTAGATTACAGGTTG	1
2474	2473	2	AATACACACTAGATTACAGGTTGT	1
2475	2474	2	ATACACACTAGATTACAGGTTGTT	1
2476	2475	2	TACACACTAGATTACAGGTTGTTT	1
2477	2476	2	ACACACTAGATTACAGGTTGTTTG	1
2478	2477	2	CACACTAGATTACAGGTTGTTTGG	1
2479	2478	2	ACACTAGATTACAGGTTGTTTGGA	1
2480	2479	3	CACTAGATTACAGGTTGTTTGGAA	1
2481	2480	3	ACTAGATTACAGGTTGTTTGGAAG	1
2482	2481	3	CTAGATTACAGGTTGTTTGGAAGT	1
2483	2482	3	TAGATTACAGGTTGTTTGGAAGTT	1
2484	2483	3	AGATTACAGGTTGTTTGGAAGTTG	1
2485	2484	3	GATTACAGGTTGTTTGGAAGTTGT	1
2486	2485	3	ATTACAGGTTGTTTGGAAGTTGTT	1
2487	2486	3	TTACAGGTTGTTTGGAAGTTGTTA	1
2488	2487	3	TACAGGTTGTTTGGAAGTTGTTAT	1
2489	2488	3	ACAGGTTGTTTGGAAGTTGTTATA	1
2490	2489	3	CAGGTTGTTTGGAAGTTGTTATAA	1
2491	2490	4	AGGTTGTTTGGAAGTTGTTATAAT	1
2492	2491	4	GGTTGTTTGGAAGTTGTTATAATA	1
2493	2492	4	GTTGTTTGGAAGTTGTTATAATAT	1
2494	2493	4	TTGTTTGGAAGTTGTTATAATATG	1
2495	2494	5	TGTTTGGAAGTTGTTATAATATGG	1
2496	2495	3	GTTTGGAAGTTGTTATAATATGGA	1
2497	2496	3	TTTGGAAGTTGTTATAATATGGAA	1
2498	2497	3	TTGGAAGTTGTTATAATATGGAAT	1
2499	2498	3	TGGAAGTTGTTATAATATGGAATG	1
2500	2499	4	GGAAGTTGTTATAATATGGAATGT	1
2501	2500	4	GAAGTTGTTATAATATGGAATGTT	1
2502	2501	4	AAGTTGTTATAATATGGAATGTTG	1
2503	2502	4	AGTTGTTATAATATGGAATGTTGA	1
2504	2503	4	GTTGTTATAATATGGAATGTTGAT	1
2505	2504	4	TTGTTATAATATGGAATGTTGATT	1
2506	2505	4	TGTTATAATATGGAATGTTGATTA	1
2507	2506	4	GTTATAATATGGAATGTTGATTAG	1
2508	2507	4	TTATAATATGGAATGTTGATTAGT	1
2509	2508	4	TATAATATGGAATGTTGATTAGTA	1
2510	2509	4	ATAATATGGAATGTTGATTAGTAA	1
2511	2510	4	TAATATGGAATGTTGATTAGTAAT	1
2512	2511	4	AATATGGAATGTTGATTAGTAATA	1
2513	2512	4	ATATGGAATGTTGATTAGTAATAT	1
2514	2513	4	TATGGAATGTTGATTAGTAATATT	1
2515	2514	4	ATGGAATGTTGATTAGTAATATTA	1
2516	2515	4	TGGAATGTTGATTAGTAATATTAA	1
2517	2516	4	GGAATGTTGATTAGTAATATTAAA	1
2518	2517	4	GAATGTTGATTAGTAATATTAAAG	1
2519	2518	4	AATGTTGATTAGTAATATTAAAGT	1
2520	2519	4	ATGTTGATTAGTAATATTAAAGTT	1
2521	2520	4	TGTTGATTAGTAATATTAAAGTTT	1
2522	2521	4	GTTGATTAGTAATATTAAAGTTTA	1
2523	2522	4	TTGATTAGTAATATTAAAGTTTAT	1
2524	2523	3	TGATTAGTAATATTAAAGTTTATG	1
2525	2524	3	GATTAGTAATATTAAAGTTTATGG	1
2526	2525	3	ATTAGTAATATTAAAGTTTATGGA	1
2527	2526	3	TTAGTAATATTAAAGTTTATGGAT	1
2528	2527	3	TAGTAATATTAAAGTTTATGGATA	1
2529	2528	3	AGTAATATTAAAGTTTATGGATAC	1
2530	2529	3	GTAATATTAAAGTTTATGGATACT	1
2531	2530	3	TAATATTAAAGTTTATGGATACTT	1
2532	2531	3	AATATTAAAGTTTATGGATACTTA	1
2533	2532	3	ATATTAAAGTTTATGGATACTTAT	1
2534	2533	3	TATTAAAGTTTATGGATACTTATT	1
2535	2534	2	ATTAAAGTTTATGGATACTTATTA	1
2536	2535	2	TTAAAGTTTATGGATACTTATTAG	1
2537	2536	2	TAAAGTTTATGGATACTTATTAGT	1
2538	2537	2	AAAGTTTATGGATACTTATTAGTA	1
2539	2538	1	AAGTTTATGGATACTTATTAGTAC	1
2540	2539	1	AGTTTATGGATACTTATTAGTACA	1
2541	2540	1	GTTTATGGATACTTATTAGTACAT	1
2542	2541	1	TTTATGGATACTTATTAGTACATC	1
2543	2542	1	TTATGGATACTTATTAGTACATCA	1
