Component 267
1	-1	0	CTATACCATTAATACATTTTATTA	1
2	1	1	TATACCATTAATACATTTTATTAT	1
3	2	2	ATACCATTAATACATTTTATTATT	1
4	3	2	TACCATTAATACATTTTATTATTG	1
5	4	2	ACCATTAATACATTTTATTATTGG	1
6	5	2	CCATTAATACATTTTATTATTGGT	1
7	6	2	CATTAATACATTTTATTATTGGTT	1
8	7	2	ATTAATACATTTTATTATTGGTTT	1
9	8	2	TTAATACATTTTATTATTGGTTTT	1
10	9	2	TAATACATTTTATTATTGGTTTTG	1
11	10	2	AATACATTTTATTATTGGTTTTGT	1
12	11	2	ATACATTTTATTATTGGTTTTGTG	1
13	12	2	TACATTTTATTATTGGTTTTGTGA	1
14	13	2	ACATTTTATTATTGGTTTTGTGAG	1
15	14	2	CATTTTATTATTGGTTTTGTGAGT	1
16	15	2	ATTTTATTATTGGTTTTGTGAGTG	1
17	16	2	TTTTATTATTGGTTTTGTGAGTGA	1
18	17	2	TTTATTATTGGTTTTGTGAGTGAC	1
19	18	2	TTATTATTGGTTTTGTGAGTGACG	1
20	19	2	TATTATTGGTTTTGTGAGTGACGG	1
21	20	2	ATTATTGGTTTTGTGAGTGACGGC	1
22	21	2	TTATTGGTTTTGTGAGTGACGGCT	1
23	22	2	TATTGGTTTTGTGAGTGACGGCTA	1
24	23	2	ATTGGTTTTGTGAGTGACGGCTAA	1
25	24	2	TTGGTTTTGTGAGTGACGGCTAAG	1
26	25	2	TGGTTTTGTGAGTGACGGCTAAGT	1
27	26	2	GGTTTTGTGAGTGACGGCTAAGTG	1
28	27	2	GTTTTGTGAGTGACGGCTAAGTGA	1
29	28	2	TTTTGTGAGTGACGGCTAAGTGAT	1
30	29	2	TTTGTGAGTGACGGCTAAGTGATT	1
31	30	2	TTGTGAGTGACGGCTAAGTGATTT	1
32	31	2	TGTGAGTGACGGCTAAGTGATTTT	1
33	32	2	GTGAGTGACGGCTAAGTGATTTTC	1
34	33	2	TGAGTGACGGCTAAGTGATTTTCT	1
35	34	2	GAGTGACGGCTAAGTGATTTTCTA	1
36	35	2	AGTGACGGCTAAGTGATTTTCTAC	1
37	36	2	GTGACGGCTAAGTGATTTTCTACT	1
38	37	2	TGACGGCTAAGTGATTTTCTACTA	1
39	38	2	GACGGCTAAGTGATTTTCTACTAA	1
40	39	2	ACGGCTAAGTGATTTTCTACTAAT	1
41	40	2	CGGCTAAGTGATTTTCTACTAATT	1
42	41	2	GGCTAAGTGATTTTCTACTAATTA	1
43	42	2	GCTAAGTGATTTTCTACTAATTAA	1
44	43	3	CTAAGTGATTTTCTACTAATTAAA	1
45	44	3	TAAGTGATTTTCTACTAATTAAAC	1
46	45	2	AAGTGATTTTCTACTAATTAAACC	1
47	46	1	AGTGATTTTCTACTAATTAAACCC	1
48	47	1	GTGATTTTCTACTAATTAAACCCC	1
49	48	2	TGATTTTCTACTAATTAAACCCCC	1
50	49	2	GATTTTCTACTAATTAAACCCCCT	1
51	50	2	ATTTTCTACTAATTAAACCCCCTC	1
52	51	2	TTTTCTACTAATTAAACCCCCTCT	1
53	52	2	TTTCTACTAATTAAACCCCCTCTT	1
54	53	2	TTCTACTAATTAAACCCCCTCTTC	1
55	54	2	TCTACTAATTAAACCCCCTCTTCT	1
56	55	2	CTACTAATTAAACCCCCTCTTCTT	1
57	56	2	TACTAATTAAACCCCCTCTTCTTT	1
58	57	2	ACTAATTAAACCCCCTCTTCTTTT	1
59	58	2	CTAATTAAACCCCCTCTTCTTTTG	1
60	59	2	TAATTAAACCCCCTCTTCTTTTGG	1
61	60	2	AATTAAACCCCCTCTTCTTTTGGG	1
62	61	2	ATTAAACCCCCTCTTCTTTTGGGC	1
63	62	2	TTAAACCCCCTCTTCTTTTGGGCA	1
64	63	2	TAAACCCCCTCTTCTTTTGGGCAT	1
65	64	2	AAACCCCCTCTTCTTTTGGGCATT	1
66	65	2	AACCCCCTCTTCTTTTGGGCATTT	1
67	66	2	ACCCCCTCTTCTTTTGGGCATTTG	1
68	67	2	CCCCCTCTTCTTTTGGGCATTTGT	1
69	68	2	CCCCTCTTCTTTTGGGCATTTGTC	1
70	69	2	CCCTCTTCTTTTGGGCATTTGTCT	1
71	70	2	CCTCTTCTTTTGGGCATTTGTCTC	1
72	71	2	CTCTTCTTTTGGGCATTTGTCTCT	1
73	72	2	TCTTCTTTTGGGCATTTGTCTCTC	1
74	73	2	CTTCTTTTGGGCATTTGTCTCTCC	1
75	74	2	TTCTTTTGGGCATTTGTCTCTCCT	1
76	75	2	TCTTTTGGGCATTTGTCTCTCCTT	1
77	76	1	CTTTTGGGCATTTGTCTCTCCTTT	1
78	77	1	TTTTGGGCATTTGTCTCTCCTTTT	1
79	78	1	TTTGGGCATTTGTCTCTCCTTTTT	1
80	79	1	TTGGGCATTTGTCTCTCCTTTTTA	1
81	80	1	TGGGCATTTGTCTCTCCTTTTTAA	1
82	81	1	GGGCATTTGTCTCTCCTTTTTAAT	1
83	82	1	GGCATTTGTCTCTCCTTTTTAATT	1
84	83	1	GCATTTGTCTCTCCTTTTTAATTA	1
85	84	1	CATTTGTCTCTCCTTTTTAATTAA	1
86	85	1	ATTTGTCTCTCCTTTTTAATTAAA	1
87	86	1	TTTGTCTCTCCTTTTTAATTAAAC	1
88	87	1	TTGTCTCTCCTTTTTAATTAAACT	1
89	88	1	TGTCTCTCCTTTTTAATTAAACTC	1
90	89	1	GTCTCTCCTTTTTAATTAAACTCT	1
91	90	1	TCTCTCCTTTTTAATTAAACTCTT	1
92	91	1	CTCTCCTTTTTAATTAAACTCTTT	1
93	-1	0	AGCGTCCATTCGAGCAAGCAATTC	1
94	93	1	GCGTCCATTCGAGCAAGCAATTCC	1
95	94	1	CGTCCATTCGAGCAAGCAATTCCT	1
96	95	1	GTCCATTCGAGCAAGCAATTCCTA	1
97	96	1	TCCATTCGAGCAAGCAATTCCTAA	1
98	97	1	CCATTCGAGCAAGCAATTCCTAAT	1
99	98	1	CATTCGAGCAAGCAATTCCTAATT	1
100	99	1	ATTCGAGCAAGCAATTCCTAATTA	1
101	100	1	TTCGAGCAAGCAATTCCTAATTAT	1
102	101	1	TCGAGCAAGCAATTCCTAATTATA	1
103	102	1	CGAGCAAGCAATTCCTAATTATAA	1
104	103	1	GAGCAAGCAATTCCTAATTATAAC	1
105	104	1	AGCAAGCAATTCCTAATTATAACT	1
106	105	1	GCAAGCAATTCCTAATTATAACTG	1
107	106	1	CAAGCAATTCCTAATTATAACTGG	1
108	107	1	AAGCAATTCCTAATTATAACTGGG	1
109	108	1	AGCAATTCCTAATTATAACTGGGC	1
110	109	1	GCAATTCCTAATTATAACTGGGCC	1
111	110	1	CAATTCCTAATTATAACTGGGCCA	1
112	111	1	AATTCCTAATTATAACTGGGCCAA	1
113	112	1	ATTCCTAATTATAACTGGGCCAAT	1
114	113	1	TTCCTAATTATAACTGGGCCAATC	1
115	114	1	TCCTAATTATAACTGGGCCAATCC	1
116	115	1	CCTAATTATAACTGGGCCAATCCT	1
117	116	1	CTAATTATAACTGGGCCAATCCTC	1
118	117	1	TAATTATAACTGGGCCAATCCTCC	1
119	118	1	AATTATAACTGGGCCAATCCTCCT	1
120	119	1	ATTATAACTGGGCCAATCCTCCTC	1
121	120	1	TTATAACTGGGCCAATCCTCCTCA	1
122	121	2	TATAACTGGGCCAATCCTCCTCAA	1
123	122	2	ATAACTGGGCCAATCCTCCTCAAG	1
124	123	3	TAACTGGGCCAATCCTCCTCAAGA	1
125	124	3	AACTGGGCCAATCCTCCTCAAGAC	1
126	125	3	ACTGGGCCAATCCTCCTCAAGACT	1
127	126	3	CTGGGCCAATCCTCCTCAAGACTT	1
128	127	3	TGGGCCAATCCTCCTCAAGACTTT	1
129	128	3	GGGCCAATCCTCCTCAAGACTTTG	1
130	129	3	GGCCAATCCTCCTCAAGACTTTGA	1
131	130	3	GCCAATCCTCCTCAAGACTTTGAA	1
132	131	3	CCAATCCTCCTCAAGACTTTGAAG	1
133	132	3	CAATCCTCCTCAAGACTTTGAAGA	1
134	133	3	AATCCTCCTCAAGACTTTGAAGAA	1
135	134	3	ATCCTCCTCAAGACTTTGAAGAAC	1
136	135	3	TCCTCCTCAAGACTTTGAAGAACC	1
137	136	3	CCTCCTCAAGACTTTGAAGAACCG	1
138	137	2	CTCCTCAAGACTTTGAAGAACCGG	1
139	138	2	TCCTCAAGACTTTGAAGAACCGGA	1
140	139	2	CCTCAAGACTTTGAAGAACCGGAA	1
141	140	2	CTCAAGACTTTGAAGAACCGGAAT	1
142	141	2	TCAAGACTTTGAAGAACCGGAATG	1
143	142	2	CAAGACTTTGAAGAACCGGAATGG	1
144	143	2	AAGACTTTGAAGAACCGGAATGGT	1
145	144	2	AGACTTTGAAGAACCGGAATGGTT	1
146	145	2	GACTTTGAAGAACCGGAATGGTTG	1
147	146	2	ACTTTGAAGAACCGGAATGGTTGA	1
148	147	2	CTTTGAAGAACCGGAATGGTTGAA	1
149	148	2	TTTGAAGAACCGGAATGGTTGAAG	1
150	149	2	TTGAAGAACCGGAATGGTTGAAGC	1
151	150	2	TGAAGAACCGGAATGGTTGAAGCC	1
152	151	2	GAAGAACCGGAATGGTTGAAGCCG	1
153	152	2	AAGAACCGGAATGGTTGAAGCCGT	1
154	153	2	AGAACCGGAATGGTTGAAGCCGTT	1
155	154	2	GAACCGGAATGGTTGAAGCCGTTT	1
156	155	2	AACCGGAATGGTTGAAGCCGTTTG	1
157	156	2	ACCGGAATGGTTGAAGCCGTTTGA	1
158	157	2	CCGGAATGGTTGAAGCCGTTTGAC	1
159	158	2	CGGAATGGTTGAAGCCGTTTGACG	1
160	159	2	GGAATGGTTGAAGCCGTTTGACGT	1
161	160	2	GAATGGTTGAAGCCGTTTGACGTT	1
162	161	2	AATGGTTGAAGCCGTTTGACGTTG	1
163	162	2	ATGGTTGAAGCCGTTTGACGTTGT	1
164	163	2	TGGTTGAAGCCGTTTGACGTTGTC	1
165	164	2	GGTTGAAGCCGTTTGACGTTGTCA	1
166	165	1	GTTGAAGCCGTTTGACGTTGTCAT	1
167	166	1	TTGAAGCCGTTTGACGTTGTCATG	1
168	167	1	TGAAGCCGTTTGACGTTGTCATGG	1
169	168	1	GAAGCCGTTTGACGTTGTCATGGA	1
170	169	1	AAGCCGTTTGACGTTGTCATGGAG	1
171	170	1	AGCCGTTTGACGTTGTCATGGAGG	1
172	171	1	GCCGTTTGACGTTGTCATGGAGGG	1
173	172	1	CCGTTTGACGTTGTCATGGAGGGT	1
174	173	1	CGTTTGACGTTGTCATGGAGGGTA	1
175	174	1	GTTTGACGTTGTCATGGAGGGTAC	1
176	175	1	TTTGACGTTGTCATGGAGGGTACC	1
177	176	1	TTGACGTTGTCATGGAGGGTACCA	1
178	177	1	TGACGTTGTCATGGAGGGTACCAA	1
179	178	1	GACGTTGTCATGGAGGGTACCAAT	1
180	179	1	ACGTTGTCATGGAGGGTACCAATG	1
181	180	1	CGTTGTCATGGAGGGTACCAATGA	1
182	181	1	GTTGTCATGGAGGGTACCAATGAG	1
183	182	1	TTGTCATGGAGGGTACCAATGAGA	1
184	183	1	TGTCATGGAGGGTACCAATGAGAG	1
185	184	1	GTCATGGAGGGTACCAATGAGAGA	1
186	185	1	TCATGGAGGGTACCAATGAGAGAT	1
187	186	1	CATGGAGGGTACCAATGAGAGATT	1
188	187	1	ATGGAGGGTACCAATGAGAGATTA	1
