Component 269
1	-1	0	CATGGCTGTAGCATCGTCAACGGT	1
2	1	3	ATGGCTGTAGCATCGTCAACGGTC	1
3	2	3	TGGCTGTAGCATCGTCAACGGTCC	1
4	3	3	GGCTGTAGCATCGTCAACGGTCCC	1
5	4	5	GCTGTAGCATCGTCAACGGTCCCC	1
6	5	6	CTGTAGCATCGTCAACGGTCCCCT	1
7	6	8	TGTAGCATCGTCAACGGTCCCCTC	1
8	7	8	GTAGCATCGTCAACGGTCCCCTCA	1
9	8	8	TAGCATCGTCAACGGTCCCCTCAA	1
10	9	8	AGCATCGTCAACGGTCCCCTCAAA	1
11	10	9	GCATCGTCAACGGTCCCCTCAAAG	1
12	11	9	CATCGTCAACGGTCCCCTCAAAGG	1
13	12	10	ATCGTCAACGGTCCCCTCAAAGGA	1
14	13	10	TCGTCAACGGTCCCCTCAAAGGAG	1
15	14	10	CGTCAACGGTCCCCTCAAAGGAGC	1
16	15	13	GTCAACGGTCCCCTCAAAGGAGCA	1
17	16	15	TCAACGGTCCCCTCAAAGGAGCAA	1
18	17	15	CAACGGTCCCCTCAAAGGAGCAAA	1
19	18	16	AACGGTCCCCTCAAAGGAGCAAAT	1
20	19	16	ACGGTCCCCTCAAAGGAGCAAATC	1
21	20	15	CGGTCCCCTCAAAGGAGCAAATCT	1
22	21	15	GGTCCCCTCAAAGGAGCAAATCTT	1
23	22	15	GTCCCCTCAAAGGAGCAAATCTTT	1
24	23	15	TCCCCTCAAAGGAGCAAATCTTTG	1
25	24	15	CCCCTCAAAGGAGCAAATCTTTGC	1
26	25	15	CCCTCAAAGGAGCAAATCTTTGCT	1
27	26	15	CCTCAAAGGAGCAAATCTTTGCTC	1
28	27	15	CTCAAAGGAGCAAATCTTTGCTCC	1
29	28	16	TCAAAGGAGCAAATCTTTGCTCCT	1
30	29	16	CAAAGGAGCAAATCTTTGCTCCTG	1
31	30	18	AAAGGAGCAAATCTTTGCTCCTGA	1
32	31	18	AAGGAGCAAATCTTTGCTCCTGAG	1
33	32	18	AGGAGCAAATCTTTGCTCCTGAGT	1
34	33	18	GGAGCAAATCTTTGCTCCTGAGTC	1
35	34	18	GAGCAAATCTTTGCTCCTGAGTCT	1
36	35	18	AGCAAATCTTTGCTCCTGAGTCTC	1
37	36	19	GCAAATCTTTGCTCCTGAGTCTCT	1
38	37	19	CAAATCTTTGCTCCTGAGTCTCTT	1
39	38	19	AAATCTTTGCTCCTGAGTCTCTTT	1
40	39	19	AATCTTTGCTCCTGAGTCTCTTTT	1
41	40	19	ATCTTTGCTCCTGAGTCTCTTTTG	1
42	41	19	TCTTTGCTCCTGAGTCTCTTTTGA	1
43	42	19	CTTTGCTCCTGAGTCTCTTTTGAA	1
44	43	20	TTTGCTCCTGAGTCTCTTTTGAAG	1
45	44	20	TTGCTCCTGAGTCTCTTTTGAAGA	1
46	45	18	TGCTCCTGAGTCTCTTTTGAAGAA	1
47	46	18	GCTCCTGAGTCTCTTTTGAAGAAG	1
48	47	18	CTCCTGAGTCTCTTTTGAAGAAGA	1
49	48	16	TCCTGAGTCTCTTTTGAAGAAGAA	1
50	49	15	CCTGAGTCTCTTTTGAAGAAGAAG	1
51	50	14	CTGAGTCTCTTTTGAAGAAGAAGA	1
52	51	14	TGAGTCTCTTTTGAAGAAGAAGAA	1
53	52	14	GAGTCTCTTTTGAAGAAGAAGAAG	1
54	53	14	AGTCTCTTTTGAAGAAGAAGAAGA	1
55	54	11	GTCTCTTTTGAAGAAGAAGAAGAC	1
56	55	11	TCTCTTTTGAAGAAGAAGAAGACC	1
57	56	10	CTCTTTTGAAGAAGAAGAAGACCC	1
58	57	10	TCTTTTGAAGAAGAAGAAGACCCA	1
59	58	10	CTTTTGAAGAAGAAGAAGACCCAA	1
60	59	7	TTTTGAAGAAGAAGAAGACCCAAG	1
61	60	5	TTTGAAGAAGAAGAAGACCCAAGA	1
62	61	5	TTGAAGAAGAAGAAGACCCAAGAG	1
63	62	4	TGAAGAAGAAGAAGACCCAAGAGC	1
64	63	4	GAAGAAGAAGAAGACCCAAGAGCA	1
65	64	4	AAGAAGAAGAAGACCCAAGAGCAG	1
66	65	4	AGAAGAAGAAGACCCAAGAGCAGT	1
67	66	4	GAAGAAGAAGACCCAAGAGCAGTC	1
68	67	4	AAGAAGAAGACCCAAGAGCAGTCT	1
69	68	4	AGAAGAAGACCCAAGAGCAGTCTC	1
70	69	4	GAAGAAGACCCAAGAGCAGTCTCG	1
71	70	4	AAGAAGACCCAAGAGCAGTCTCGT	1
72	71	4	AGAAGACCCAAGAGCAGTCTCGTG	1
73	72	3	GAAGACCCAAGAGCAGTCTCGTGA	1
74	73	3	AAGACCCAAGAGCAGTCTCGTGAA	1
75	74	1	AGACCCAAGAGCAGTCTCGTGAAC	1
76	75	1	GACCCAAGAGCAGTCTCGTGAACA	1
77	76	1	ACCCAAGAGCAGTCTCGTGAACAG	1
78	77	1	CCCAAGAGCAGTCTCGTGAACAGC	1
79	78	1	CCAAGAGCAGTCTCGTGAACAGCG	1
80	79	1	CAAGAGCAGTCTCGTGAACAGCGT	1
81	80	1	AAGAGCAGTCTCGTGAACAGCGTG	1
82	81	1	AGAGCAGTCTCGTGAACAGCGTGT	1
83	82	1	GAGCAGTCTCGTGAACAGCGTGTT	1
84	83	1	AGCAGTCTCGTGAACAGCGTGTTG	1
85	84	1	GCAGTCTCGTGAACAGCGTGTTGC	1
86	85	2	CAGTCTCGTGAACAGCGTGTTGCT	1
87	86	2	AGTCTCGTGAACAGCGTGTTGCTG	1
88	87	1	GTCTCGTGAACAGCGTGTTGCTGC	1
89	88	1	TCTCGTGAACAGCGTGTTGCTGCC	1
90	89	1	CTCGTGAACAGCGTGTTGCTGCCG	1
91	90	1	TCGTGAACAGCGTGTTGCTGCCGC	1
92	91	1	CGTGAACAGCGTGTTGCTGCCGCT	1
93	92	1	GTGAACAGCGTGTTGCTGCCGCTG	1
94	93	2	TGAACAGCGTGTTGCTGCCGCTGC	1
95	94	2	GAACAGCGTGTTGCTGCCGCTGCC	1
96	95	2	AACAGCGTGTTGCTGCCGCTGCCG	1
97	96	2	ACAGCGTGTTGCTGCCGCTGCCGA	1
98	97	2	CAGCGTGTTGCTGCCGCTGCCGAG	1
99	98	2	AGCGTGTTGCTGCCGCTGCCGAGA	1
100	99	2	GCGTGTTGCTGCCGCTGCCGAGAA	1
101	100	2	CGTGTTGCTGCCGCTGCCGAGAAG	1
102	101	2	GTGTTGCTGCCGCTGCCGAGAAGA	1
103	102	2	TGTTGCTGCCGCTGCCGAGAAGAA	1
104	103	2	GTTGCTGCCGCTGCCGAGAAGAAA	1
105	104	2	TTGCTGCCGCTGCCGAGAAGAAAG	1
106	105	2	TGCTGCCGCTGCCGAGAAGAAAGC	1
107	106	2	GCTGCCGCTGCCGAGAAGAAAGCT	1
108	107	2	CTGCCGCTGCCGAGAAGAAAGCTG	1
109	108	2	TGCCGCTGCCGAGAAGAAAGCTGC	1
110	109	2	GCCGCTGCCGAGAAGAAAGCTGCT	1
111	110	2	CCGCTGCCGAGAAGAAAGCTGCTC	1
112	111	2	CGCTGCCGAGAAGAAAGCTGCTCA	1
113	112	2	GCTGCCGAGAAGAAAGCTGCTCAA	1
114	113	2	CTGCCGAGAAGAAAGCTGCTCAAC	1
115	114	1	TGCCGAGAAGAAAGCTGCTCAACA	1
116	115	1	GCCGAGAAGAAAGCTGCTCAACAA	1
117	116	1	CCGAGAAGAAAGCTGCTCAACAAA	1
118	117	1	CGAGAAGAAAGCTGCTCAACAAAA	1
119	118	1	GAGAAGAAAGCTGCTCAACAAAAG	1
120	119	1	AGAAGAAAGCTGCTCAACAAAAGA	1
121	120	1	GAAGAAAGCTGCTCAACAAAAGAA	1
122	121	1	AAGAAAGCTGCTCAACAAAAGAAG	1
123	122	1	AGAAAGCTGCTCAACAAAAGAAGC	1
124	123	1	GAAAGCTGCTCAACAAAAGAAGCG	1
125	124	1	AAAGCTGCTCAACAAAAGAAGCGT	1
126	125	1	AAGCTGCTCAACAAAAGAAGCGTG	1
127	126	1	AGCTGCTCAACAAAAGAAGCGTGA	1
128	127	3	GCTGCTCAACAAAAGAAGCGTGAG	1
129	128	3	CTGCTCAACAAAAGAAGCGTGAGC	1
130	129	2	TGCTCAACAAAAGAAGCGTGAGCT	1
131	130	2	GCTCAACAAAAGAAGCGTGAGCTC	1
132	131	2	CTCAACAAAAGAAGCGTGAGCTCA	1
133	132	2	TCAACAAAAGAAGCGTGAGCTCAT	1
134	133	2	CAACAAAAGAAGCGTGAGCTCATT	1
135	134	2	AACAAAAGAAGCGTGAGCTCATTG	1
136	135	2	ACAAAAGAAGCGTGAGCTCATTGC	1
137	136	2	CAAAAGAAGCGTGAGCTCATTGCA	1
138	137	2	AAAAGAAGCGTGAGCTCATTGCAA	1
139	138	2	AAAGAAGCGTGAGCTCATTGCAAA	1
140	139	2	AAGAAGCGTGAGCTCATTGCAAAG	1
141	140	2	AGAAGCGTGAGCTCATTGCAAAGC	1
142	141	2	GAAGCGTGAGCTCATTGCAAAGCG	1
143	142	2	AAGCGTGAGCTCATTGCAAAGCGC	1
144	143	2	AGCGTGAGCTCATTGCAAAGCGCG	1
145	144	2	GCGTGAGCTCATTGCAAAGCGCGC	1
146	145	2	CGTGAGCTCATTGCAAAGCGCGCC	1
147	146	2	GTGAGCTCATTGCAAAGCGCGCCG	1
148	147	2	TGAGCTCATTGCAAAGCGCGCCGA	1
149	148	2	GAGCTCATTGCAAAGCGCGCCGAA	1
150	149	2	AGCTCATTGCAAAGCGCGCCGAAT	1
151	150	2	GCTCATTGCAAAGCGCGCCGAATC	1
152	151	2	CTCATTGCAAAGCGCGCCGAATCT	1
153	152	2	TCATTGCAAAGCGCGCCGAATCTT	1
154	153	2	CATTGCAAAGCGCGCCGAATCTTA	1
155	154	2	ATTGCAAAGCGCGCCGAATCTTAC	1
156	155	2	TTGCAAAGCGCGCCGAATCTTACG	1
157	156	3	TGCAAAGCGCGCCGAATCTTACGA	1
158	157	3	GCAAAGCGCGCCGAATCTTACGAT	1
159	158	4	CAAAGCGCGCCGAATCTTACGATG	1
160	159	4	AAAGCGCGCCGAATCTTACGATGC	1
161	160	4	AAGCGCGCCGAATCTTACGATGCT	1
162	161	4	AGCGCGCCGAATCTTACGATGCTG	1
163	162	4	GCGCGCCGAATCTTACGATGCTGA	1
164	163	4	CGCGCCGAATCTTACGATGCTGAG	1
165	164	5	GCGCCGAATCTTACGATGCTGAGT	1
166	165	5	CGCCGAATCTTACGATGCTGAGTA	1
167	166	5	GCCGAATCTTACGATGCTGAGTAC	1
168	167	5	CCGAATCTTACGATGCTGAGTACC	1
169	168	5	CGAATCTTACGATGCTGAGTACCG	1
170	169	5	GAATCTTACGATGCTGAGTACCGC	1
171	170	5	AATCTTACGATGCTGAGTACCGCA	1
172	171	3	ATCTTACGATGCTGAGTACCGCAA	1
173	172	3	TCTTACGATGCTGAGTACCGCAAG	1
174	173	3	CTTACGATGCTGAGTACCGCAAGG	1
175	174	7	TTACGATGCTGAGTACCGCAAGGC	1
176	175	7	TACGATGCTGAGTACCGCAAGGCC	1
177	176	7	ACGATGCTGAGTACCGCAAGGCCG	1
178	177	8	CGATGCTGAGTACCGCAAGGCCGA	1
179	178	8	GATGCTGAGTACCGCAAGGCCGAA	1
180	179	8	ATGCTGAGTACCGCAAGGCCGAAC	1
181	180	8	TGCTGAGTACCGCAAGGCCGAACG	1
182	181	8	GCTGAGTACCGCAAGGCCGAACGT	1
183	182	8	CTGAGTACCGCAAGGCCGAACGTG	1
184	183	8	TGAGTACCGCAAGGCCGAACGTGA	1
185	184	8	GAGTACCGCAAGGCCGAACGTGAG	1
186	185	8	AGTACCGCAAGGCCGAACGTGAGC	1
187	186	8	GTACCGCAAGGCCGAACGTGAGCA	1
188	187	8	TACCGCAAGGCCGAACGTGAGCAA	1
189	188	8	ACCGCAAGGCCGAACGTGAGCAAA	1
190	189	8	CCGCAAGGCCGAACGTGAGCAAAT	1
191	190	8	CGCAAGGCCGAACGTGAGCAAATC	1
192	191	8	GCAAGGCCGAACGTGAGCAAATCG	1
193	192	9	CAAGGCCGAACGTGAGCAAATCGA	1
194	193	9	AAGGCCGAACGTGAGCAAATCGAA	1
195	194	9	AGGCCGAACGTGAGCAAATCGAAC	1
196	195	9	GGCCGAACGTGAGCAAATCGAACT	1
197	196	9	GCCGAACGTGAGCAAATCGAACTC	1
198	197	9	CCGAACGTGAGCAAATCGAACTCG	1
199	198	10	CGAACGTGAGCAAATCGAACTCGG	1
200	199	11	GAACGTGAGCAAATCGAACTCGGT	1
201	200	10	AACGTGAGCAAATCGAACTCGGTC	1
202	201	10	ACGTGAGCAAATCGAACTCGGTCG	1
203	202	10	CGTGAGCAAATCGAACTCGGTCGC	1
204	203	10	GTGAGCAAATCGAACTCGGTCGCA	1
205	204	10	TGAGCAAATCGAACTCGGTCGCAA	1
206	205	10	GAGCAAATCGAACTCGGTCGCAAG	1
207	206	10	AGCAAATCGAACTCGGTCGCAAGG	1
208	207	11	GCAAATCGAACTCGGTCGCAAGGC	1
209	208	10	CAAATCGAACTCGGTCGCAAGGCT	1
210	209	10	AAATCGAACTCGGTCGCAAGGCTC	1
211	210	10	AATCGAACTCGGTCGCAAGGCTCG	1
212	211	10	ATCGAACTCGGTCGCAAGGCTCGT	1
213	212	9	TCGAACTCGGTCGCAAGGCTCGTG	1
214	213	9	CGAACTCGGTCGCAAGGCTCGTGC	1
215	214	8	GAACTCGGTCGCAAGGCTCGTGCT	1
216	215	8	AACTCGGTCGCAAGGCTCGTGCTG	1
217	216	8	ACTCGGTCGCAAGGCTCGTGCTGA	1
218	217	8	CTCGGTCGCAAGGCTCGTGCTGAG	1
219	218	5	TCGGTCGCAAGGCTCGTGCTGAGG	1
220	219	5	CGGTCGCAAGGCTCGTGCTGAGGG	1
221	220	5	GGTCGCAAGGCTCGTGCTGAGGGC	1
222	221	3	GTCGCAAGGCTCGTGCTGAGGGCA	1
223	222	3	TCGCAAGGCTCGTGCTGAGGGCAA	1
224	223	3	CGCAAGGCTCGTGCTGAGGGCAAC	1
225	224	3	GCAAGGCTCGTGCTGAGGGCAACT	1
226	225	3	CAAGGCTCGTGCTGAGGGCAACTA	1
227	226	3	AAGGCTCGTGCTGAGGGCAACTAC	1
228	227	3	AGGCTCGTGCTGAGGGCAACTACT	1
229	228	3	GGCTCGTGCTGAGGGCAACTACTA	1
230	229	4	GCTCGTGCTGAGGGCAACTACTAC	1
231	230	4	CTCGTGCTGAGGGCAACTACTACG	1
232	231	5	TCGTGCTGAGGGCAACTACTACGT	1
233	232	5	CGTGCTGAGGGCAACTACTACGTC	1
234	233	5	GTGCTGAGGGCAACTACTACGTCC	1
235	234	5	TGCTGAGGGCAACTACTACGTCCC	1
236	235	7	GCTGAGGGCAACTACTACGTCCCT	1
237	236	6	CTGAGGGCAACTACTACGTCCCTG	1
238	237	7	TGAGGGCAACTACTACGTCCCTGA	1
239	238	7	GAGGGCAACTACTACGTCCCTGAC	1
240	239	7	AGGGCAACTACTACGTCCCTGACG	1
241	240	6	GGGCAACTACTACGTCCCTGACGA	1
242	241	6	GGCAACTACTACGTCCCTGACGAA	1
243	242	6	GCAACTACTACGTCCCTGACGAAA	1
244	243	6	CAACTACTACGTCCCTGACGAAAC	1
245	244	7	AACTACTACGTCCCTGACGAAACC	1
246	245	8	ACTACTACGTCCCTGACGAAACCA	1
247	246	9	CTACTACGTCCCTGACGAAACCAA	1
248	247	9	TACTACGTCCCTGACGAAACCAAG	1
249	248	9	ACTACGTCCCTGACGAAACCAAGT	1
250	249	9	CTACGTCCCTGACGAAACCAAGTT	1
251	250	11	TACGTCCCTGACGAAACCAAGTTG	1
252	251	10	ACGTCCCTGACGAAACCAAGTTGG	1
253	252	11	CGTCCCTGACGAAACCAAGTTGGT	1
254	253	11	GTCCCTGACGAAACCAAGTTGGTC	1
255	254	11	TCCCTGACGAAACCAAGTTGGTCT	1
256	255	11	CCCTGACGAAACCAAGTTGGTCTT	1
257	256	11	CCTGACGAAACCAAGTTGGTCTTT	1
258	257	11	CTGACGAAACCAAGTTGGTCTTTG	1
259	258	11	TGACGAAACCAAGTTGGTCTTTGT	1
260	259	11	GACGAAACCAAGTTGGTCTTTGTC	1
261	260	11	ACGAAACCAAGTTGGTCTTTGTCA	1
262	261	11	CGAAACCAAGTTGGTCTTTGTCAT	1
263	262	14	GAAACCAAGTTGGTCTTTGTCATC	1
264	263	14	AAACCAAGTTGGTCTTTGTCATCC	1
265	264	14	AACCAAGTTGGTCTTTGTCATCCG	1
266	265	14	ACCAAGTTGGTCTTTGTCATCCGT	1
267	266	14	CCAAGTTGGTCTTTGTCATCCGTA	1
268	267	14	CAAGTTGGTCTTTGTCATCCGTAT	1
269	268	14	AAGTTGGTCTTTGTCATCCGTATT	1
270	269	14	AGTTGGTCTTTGTCATCCGTATTC	1
271	270	15	GTTGGTCTTTGTCATCCGTATTCG	1
272	271	15	TTGGTCTTTGTCATCCGTATTCGT	1
273	272	15	TGGTCTTTGTCATCCGTATTCGTG	1
274	273	15	GGTCTTTGTCATCCGTATTCGTGG	1
275	274	15	GTCTTTGTCATCCGTATTCGTGGT	1
276	275	14	TCTTTGTCATCCGTATTCGTGGTA	1
277	276	14	CTTTGTCATCCGTATTCGTGGTAT	1
278	277	15	TTTGTCATCCGTATTCGTGGTATC	1
279	278	18	TTGTCATCCGTATTCGTGGTATCA	1
280	279	17	TGTCATCCGTATTCGTGGTATCAA	1
281	280	17	GTCATCCGTATTCGTGGTATCAAC	1
282	281	16	TCATCCGTATTCGTGGTATCAACA	1
283	282	15	CATCCGTATTCGTGGTATCAACAA	1
284	283	15	ATCCGTATTCGTGGTATCAACAAC	1
285	284	14	TCCGTATTCGTGGTATCAACAACA	1
286	285	13	CCGTATTCGTGGTATCAACAACAT	1
287	286	13	CGTATTCGTGGTATCAACAACATT	1
288	287	13	GTATTCGTGGTATCAACAACATTC	1
289	288	12	TATTCGTGGTATCAACAACATTCC	1
290	289	9	ATTCGTGGTATCAACAACATTCCT	1
291	290	9	TTCGTGGTATCAACAACATTCCTC	1
292	291	11	TCGTGGTATCAACAACATTCCTCC	1
293	292	11	CGTGGTATCAACAACATTCCTCCC	1
294	293	10	GTGGTATCAACAACATTCCTCCCA	1
295	294	11	TGGTATCAACAACATTCCTCCCAA	1
296	295	11	GGTATCAACAACATTCCTCCCAAG	1
297	296	11	GTATCAACAACATTCCTCCCAAGG	1
298	297	11	TATCAACAACATTCCTCCCAAGGC	1
299	298	11	ATCAACAACATTCCTCCCAAGGCC	1
300	299	11	TCAACAACATTCCTCCCAAGGCCC	1
301	300	11	CAACAACATTCCTCCCAAGGCCCG	1
302	301	11	AACAACATTCCTCCCAAGGCCCGT	1
303	302	10	ACAACATTCCTCCCAAGGCCCGTA	1
304	303	10	CAACATTCCTCCCAAGGCCCGTAA	1
305	304	10	AACATTCCTCCCAAGGCCCGTAAG	1
306	305	10	ACATTCCTCCCAAGGCCCGTAAGA	1
307	306	7	CATTCCTCCCAAGGCCCGTAAGAT	1
308	307	7	ATTCCTCCCAAGGCCCGTAAGATC	1
309	308	7	TTCCTCCCAAGGCCCGTAAGATCA	1
310	309	7	TCCTCCCAAGGCCCGTAAGATCAT	1
311	310	7	CCTCCCAAGGCCCGTAAGATCATG	1
312	311	8	CTCCCAAGGCCCGTAAGATCATGC	1
313	312	8	TCCCAAGGCCCGTAAGATCATGCA	1
314	313	7	CCCAAGGCCCGTAAGATCATGCAA	1
315	314	7	CCAAGGCCCGTAAGATCATGCAAT	1
316	315	7	CAAGGCCCGTAAGATCATGCAATT	1
317	316	7	AAGGCCCGTAAGATCATGCAATTA	1
318	317	7	AGGCCCGTAAGATCATGCAATTAC	1
319	318	7	GGCCCGTAAGATCATGCAATTACT	1
320	319	7	GCCCGTAAGATCATGCAATTACTC	1
321	320	7	CCCGTAAGATCATGCAATTACTCC	1
322	321	6	CCGTAAGATCATGCAATTACTCCG	1
323	322	3	CGTAAGATCATGCAATTACTCCGT	1
324	323	3	GTAAGATCATGCAATTACTCCGTC	1
325	324	3	TAAGATCATGCAATTACTCCGTCT	1
326	325	3	AAGATCATGCAATTACTCCGTCTT	1
327	326	3	AGATCATGCAATTACTCCGTCTTA	1
328	327	4	GATCATGCAATTACTCCGTCTTAT	1
329	328	4	ATCATGCAATTACTCCGTCTTATT	1
330	329	4	TCATGCAATTACTCCGTCTTATTC	1
331	330	4	CATGCAATTACTCCGTCTTATTCA	1
332	331	5	ATGCAATTACTCCGTCTTATTCAA	1
333	332	7	TGCAATTACTCCGTCTTATTCAAA	1
334	333	8	GCAATTACTCCGTCTTATTCAAAT	1
335	334	9	CAATTACTCCGTCTTATTCAAATC	1
336	335	8	AATTACTCCGTCTTATTCAAATCA	1
337	336	8	ATTACTCCGTCTTATTCAAATCAA	1
338	337	8	TTACTCCGTCTTATTCAAATCAAC	1
339	338	7	TACTCCGTCTTATTCAAATCAACA	1
340	339	7	ACTCCGTCTTATTCAAATCAACAA	1
341	340	7	CTCCGTCTTATTCAAATCAACAAC	1
342	341	7	TCCGTCTTATTCAAATCAACAACG	1
343	342	7	CCGTCTTATTCAAATCAACAACGG	1
344	343	7	CGTCTTATTCAAATCAACAACGGT	1
345	344	7	GTCTTATTCAAATCAACAACGGTG	1
346	345	7	TCTTATTCAAATCAACAACGGTGT	1
347	346	7	CTTATTCAAATCAACAACGGTGTC	1
348	347	7	TTATTCAAATCAACAACGGTGTCT	1
349	348	7	TATTCAAATCAACAACGGTGTCTT	1
350	349	7	ATTCAAATCAACAACGGTGTCTTT	1
351	350	7	TTCAAATCAACAACGGTGTCTTTG	1
352	351	7	TCAAATCAACAACGGTGTCTTTGT	1
353	352	7	CAAATCAACAACGGTGTCTTTGTT	1
354	353	7	AAATCAACAACGGTGTCTTTGTTA	1
355	354	7	AATCAACAACGGTGTCTTTGTTAA	1
356	355	7	ATCAACAACGGTGTCTTTGTTAAA	1
357	356	7	TCAACAACGGTGTCTTTGTTAAAT	1
358	357	7	CAACAACGGTGTCTTTGTTAAATT	1
359	358	8	AACAACGGTGTCTTTGTTAAATTT	1
360	359	8	ACAACGGTGTCTTTGTTAAATTTA	1
361	360	8	CAACGGTGTCTTTGTTAAATTTAA	1
362	361	8	AACGGTGTCTTTGTTAAATTTAAC	1
363	362	8	ACGGTGTCTTTGTTAAATTTAACA	1
364	363	9	CGGTGTCTTTGTTAAATTTAACAA	1
365	364	9	GGTGTCTTTGTTAAATTTAACAAG	1
366	365	9	GTGTCTTTGTTAAATTTAACAAGG	1
367	366	9	TGTCTTTGTTAAATTTAACAAGGC	1
368	367	9	GTCTTTGTTAAATTTAACAAGGCT	1
369	368	10	TCTTTGTTAAATTTAACAAGGCTA	1
370	369	10	CTTTGTTAAATTTAACAAGGCTAC	1
371	370	10	TTTGTTAAATTTAACAAGGCTACC	1
372	371	10	TTGTTAAATTTAACAAGGCTACCA	1
373	372	10	TGTTAAATTTAACAAGGCTACCAA	1
374	373	10	GTTAAATTTAACAAGGCTACCAAA	1
375	374	11	TTAAATTTAACAAGGCTACCAAAG	1
376	375	10	TAAATTTAACAAGGCTACCAAAGA	1
377	376	8	AAATTTAACAAGGCTACCAAAGAA	1
378	377	7	AATTTAACAAGGCTACCAAAGAAA	1
379	378	6	ATTTAACAAGGCTACCAAAGAAAT	1
380	379	5	TTTAACAAGGCTACCAAAGAAATG	1
381	380	5	TTAACAAGGCTACCAAAGAAATGC	1
382	381	5	TAACAAGGCTACCAAAGAAATGCT	1
383	382	5	AACAAGGCTACCAAAGAAATGCTT	1
384	383	5	ACAAGGCTACCAAAGAAATGCTTC	1
385	384	5	CAAGGCTACCAAAGAAATGCTTCA	1
386	385	5	AAGGCTACCAAAGAAATGCTTCAA	1
387	386	5	AGGCTACCAAAGAAATGCTTCAAG	1
388	387	5	GGCTACCAAAGAAATGCTTCAAGT	1
389	388	5	GCTACCAAAGAAATGCTTCAAGTC	1
390	389	5	CTACCAAAGAAATGCTTCAAGTCG	1
391	390	5	TACCAAAGAAATGCTTCAAGTCGT	1
392	391	5	ACCAAAGAAATGCTTCAAGTCGTT	1
393	392	6	CCAAAGAAATGCTTCAAGTCGTTG	1
394	393	6	CAAAGAAATGCTTCAAGTCGTTGA	1
395	394	6	AAAGAAATGCTTCAAGTCGTTGAA	1
396	395	7	AAGAAATGCTTCAAGTCGTTGAAC	1
397	396	8	AGAAATGCTTCAAGTCGTTGAACC	1
398	397	8	GAAATGCTTCAAGTCGTTGAACCT	1
399	398	8	AAATGCTTCAAGTCGTTGAACCTT	1
400	399	7	AATGCTTCAAGTCGTTGAACCTTA	1
401	400	7	ATGCTTCAAGTCGTTGAACCTTAT	1
402	401	7	TGCTTCAAGTCGTTGAACCTTATG	1
403	402	6	GCTTCAAGTCGTTGAACCTTATGT	1
404	403	6	CTTCAAGTCGTTGAACCTTATGTT	1
405	404	6	TTCAAGTCGTTGAACCTTATGTTA	1
406	405	6	TCAAGTCGTTGAACCTTATGTTAC	1
407	406	6	CAAGTCGTTGAACCTTATGTTACT	1
408	407	5	AAGTCGTTGAACCTTATGTTACTT	1
409	408	5	AGTCGTTGAACCTTATGTTACTTA	1
410	409	5	GTCGTTGAACCTTATGTTACTTAT	1
411	410	5	TCGTTGAACCTTATGTTACTTATG	1
412	411	5	CGTTGAACCTTATGTTACTTATGG	1
413	412	5	GTTGAACCTTATGTTACTTATGGT	1
414	413	5	TTGAACCTTATGTTACTTATGGTA	1
415	414	5	TGAACCTTATGTTACTTATGGTAT	1
416	415	5	GAACCTTATGTTACTTATGGTATT	1
417	416	5	AACCTTATGTTACTTATGGTATTC	1
418	417	5	ACCTTATGTTACTTATGGTATTCC	1
419	418	4	CCTTATGTTACTTATGGTATTCCT	1
420	419	4	CTTATGTTACTTATGGTATTCCTA	1
421	420	4	TTATGTTACTTATGGTATTCCTAA	1
422	421	4	TATGTTACTTATGGTATTCCTAAC	1
423	422	3	ATGTTACTTATGGTATTCCTAACC	1
424	423	4	TGTTACTTATGGTATTCCTAACCT	1
425	424	4	GTTACTTATGGTATTCCTAACCTC	1
426	425	4	TTACTTATGGTATTCCTAACCTCA	1
427	426	4	TACTTATGGTATTCCTAACCTCAA	1
428	427	4	ACTTATGGTATTCCTAACCTCAAG	1
429	428	4	CTTATGGTATTCCTAACCTCAAGA	1
430	429	4	TTATGGTATTCCTAACCTCAAGAC	1
431	430	4	TATGGTATTCCTAACCTCAAGACT	1
432	431	5	ATGGTATTCCTAACCTCAAGACTG	1
433	432	5	TGGTATTCCTAACCTCAAGACTGT	1
434	433	5	GGTATTCCTAACCTCAAGACTGTT	1
435	434	5	GTATTCCTAACCTCAAGACTGTTC	1
436	435	5	TATTCCTAACCTCAAGACTGTTCG	1
437	436	4	ATTCCTAACCTCAAGACTGTTCGT	1
438	437	4	TTCCTAACCTCAAGACTGTTCGTG	1
439	438	4	TCCTAACCTCAAGACTGTTCGTGA	1
440	439	3	CCTAACCTCAAGACTGTTCGTGAG	1
441	440	2	CTAACCTCAAGACTGTTCGTGAGC	1
442	441	2	TAACCTCAAGACTGTTCGTGAGCT	1
443	442	2	AACCTCAAGACTGTTCGTGAGCTC	1
444	443	2	ACCTCAAGACTGTTCGTGAGCTCC	1
445	444	2	CCTCAAGACTGTTCGTGAGCTCCT	1
446	445	2	CTCAAGACTGTTCGTGAGCTCCTT	1
447	446	2	TCAAGACTGTTCGTGAGCTCCTTT	1
448	447	2	CAAGACTGTTCGTGAGCTCCTTTA	1
449	448	2	AAGACTGTTCGTGAGCTCCTTTAC	1
450	449	2	AGACTGTTCGTGAGCTCCTTTACA	1
451	450	2	GACTGTTCGTGAGCTCCTTTACAA	1
452	451	2	ACTGTTCGTGAGCTCCTTTACAAG	1
453	452	2	CTGTTCGTGAGCTCCTTTACAAGC	1
454	453	3	TGTTCGTGAGCTCCTTTACAAGCG	1
455	454	3	GTTCGTGAGCTCCTTTACAAGCGT	1
456	455	3	TTCGTGAGCTCCTTTACAAGCGTG	1
457	456	3	TCGTGAGCTCCTTTACAAGCGTGG	1
458	457	3	CGTGAGCTCCTTTACAAGCGTGGT	1
459	458	3	GTGAGCTCCTTTACAAGCGTGGTT	1
460	459	3	TGAGCTCCTTTACAAGCGTGGTTT	1
461	460	3	GAGCTCCTTTACAAGCGTGGTTTT	1
462	461	3	AGCTCCTTTACAAGCGTGGTTTTG	1
463	462	3	GCTCCTTTACAAGCGTGGTTTTGG	1
464	463	3	CTCCTTTACAAGCGTGGTTTTGGT	1
465	464	3	TCCTTTACAAGCGTGGTTTTGGTA	1
466	465	3	CCTTTACAAGCGTGGTTTTGGTAA	1
467	466	3	CTTTACAAGCGTGGTTTTGGTAAG	1
468	467	2	TTTACAAGCGTGGTTTTGGTAAGG	1
469	468	4	TTACAAGCGTGGTTTTGGTAAGGT	1
470	469	4	TACAAGCGTGGTTTTGGTAAGGTC	1
471	470	4	ACAAGCGTGGTTTTGGTAAGGTCA	1
472	471	4	CAAGCGTGGTTTTGGTAAGGTCAA	1
473	472	4	AAGCGTGGTTTTGGTAAGGTCAAC	1
474	473	4	AGCGTGGTTTTGGTAAGGTCAACA	1
475	474	4	GCGTGGTTTTGGTAAGGTCAACAA	1
476	475	3	CGTGGTTTTGGTAAGGTCAACAAA	1
477	476	3	GTGGTTTTGGTAAGGTCAACAAAC	1
478	477	3	TGGTTTTGGTAAGGTCAACAAACA	1
479	478	3	GGTTTTGGTAAGGTCAACAAACAA	1
480	479	3	GTTTTGGTAAGGTCAACAAACAAC	1
481	480	3	TTTTGGTAAGGTCAACAAACAACG	1
482	481	3	TTTGGTAAGGTCAACAAACAACGC	1
483	482	3	TTGGTAAGGTCAACAAACAACGCA	1
484	483	3	TGGTAAGGTCAACAAACAACGCAT	1
485	484	3	GGTAAGGTCAACAAACAACGCATT	1
486	485	3	GTAAGGTCAACAAACAACGCATTG	1
487	486	3	TAAGGTCAACAAACAACGCATTGC	1
488	487	3	AAGGTCAACAAACAACGCATTGCT	1
489	488	3	AGGTCAACAAACAACGCATTGCTC	1
490	489	3	GGTCAACAAACAACGCATTGCTCT	1
491	490	3	GTCAACAAACAACGCATTGCTCTT	1
492	491	3	TCAACAAACAACGCATTGCTCTTT	1
493	492	3	CAACAAACAACGCATTGCTCTTTC	1
494	493	3	AACAAACAACGCATTGCTCTTTCT	1
495	494	3	ACAAACAACGCATTGCTCTTTCTG	1
496	495	3	CAAACAACGCATTGCTCTTTCTGA	1
497	496	4	AAACAACGCATTGCTCTTTCTGAC	1
498	497	3	AACAACGCATTGCTCTTTCTGACA	1
499	498	3	ACAACGCATTGCTCTTTCTGACAA	1
500	499	4	CAACGCATTGCTCTTTCTGACAAT	1
501	500	4	AACGCATTGCTCTTTCTGACAATG	1
502	501	4	ACGCATTGCTCTTTCTGACAATGC	1
503	502	4	CGCATTGCTCTTTCTGACAATGCT	1
504	503	4	GCATTGCTCTTTCTGACAATGCTA	1
505	504	4	CATTGCTCTTTCTGACAATGCTAT	1
506	505	4	ATTGCTCTTTCTGACAATGCTATC	1
507	506	4	TTGCTCTTTCTGACAATGCTATCA	1
508	507	4	TGCTCTTTCTGACAATGCTATCAT	1
509	508	4	GCTCTTTCTGACAATGCTATCATC	1
510	509	4	CTCTTTCTGACAATGCTATCATCG	1
511	510	4	TCTTTCTGACAATGCTATCATCGA	1
512	511	4	CTTTCTGACAATGCTATCATCGAA	1
513	512	2	TTTCTGACAATGCTATCATCGAAG	1
514	513	2	TTCTGACAATGCTATCATCGAAGC	1
515	514	2	TCTGACAATGCTATCATCGAAGCT	1
516	515	2	CTGACAATGCTATCATCGAAGCTG	1
517	516	2	TGACAATGCTATCATCGAAGCTGC	1
518	517	2	GACAATGCTATCATCGAAGCTGCT	1
519	518	3	ACAATGCTATCATCGAAGCTGCTT	1
520	519	3	CAATGCTATCATCGAAGCTGCTTT	1
521	520	3	AATGCTATCATCGAAGCTGCTTTG	1
522	521	3	ATGCTATCATCGAAGCTGCTTTGG	1
523	522	3	TGCTATCATCGAAGCTGCTTTGGG	1
524	523	3	GCTATCATCGAAGCTGCTTTGGGC	1
525	524	4	CTATCATCGAAGCTGCTTTGGGCA	1
526	525	7	TATCATCGAAGCTGCTTTGGGCAA	1
527	526	7	ATCATCGAAGCTGCTTTGGGCAAG	1
528	527	7	TCATCGAAGCTGCTTTGGGCAAGT	1
529	528	7	CATCGAAGCTGCTTTGGGCAAGTA	1
530	529	7	ATCGAAGCTGCTTTGGGCAAGTAC	1
531	530	7	TCGAAGCTGCTTTGGGCAAGTACT	1
532	531	7	CGAAGCTGCTTTGGGCAAGTACTC	1
533	532	10	GAAGCTGCTTTGGGCAAGTACTCT	1
534	533	12	AAGCTGCTTTGGGCAAGTACTCTA	1
535	534	12	AGCTGCTTTGGGCAAGTACTCTAT	1
536	535	12	GCTGCTTTGGGCAAGTACTCTATC	1
537	536	12	CTGCTTTGGGCAAGTACTCTATCT	1
538	537	13	TGCTTTGGGCAAGTACTCTATCTT	1
539	538	13	GCTTTGGGCAAGTACTCTATCTTG	1
540	539	13	CTTTGGGCAAGTACTCTATCTTGT	1
541	540	12	TTTGGGCAAGTACTCTATCTTGTC	1
542	541	12	TTGGGCAAGTACTCTATCTTGTCT	1
543	542	12	TGGGCAAGTACTCTATCTTGTCTA	1
544	543	11	GGGCAAGTACTCTATCTTGTCTAT	1
545	544	11	GGCAAGTACTCTATCTTGTCTATC	1
546	545	11	GCAAGTACTCTATCTTGTCTATCG	1
547	546	12	CAAGTACTCTATCTTGTCTATCGA	1
548	547	12	AAGTACTCTATCTTGTCTATCGAG	1
549	548	12	AGTACTCTATCTTGTCTATCGAGG	1
550	549	11	GTACTCTATCTTGTCTATCGAGGA	1
551	550	11	TACTCTATCTTGTCTATCGAGGAT	1
552	551	11	ACTCTATCTTGTCTATCGAGGATT	1
553	552	11	CTCTATCTTGTCTATCGAGGATTT	1
554	553	12	TCTATCTTGTCTATCGAGGATTTG	1
555	554	12	CTATCTTGTCTATCGAGGATTTGA	1
556	555	12	TATCTTGTCTATCGAGGATTTGAT	1
557	556	12	ATCTTGTCTATCGAGGATTTGATT	1
558	557	13	TCTTGTCTATCGAGGATTTGATTC	1
559	558	13	CTTGTCTATCGAGGATTTGATTCA	1
560	559	13	TTGTCTATCGAGGATTTGATTCAC	1
561	560	13	TGTCTATCGAGGATTTGATTCACG	1
562	561	13	GTCTATCGAGGATTTGATTCACGA	1
563	562	13	TCTATCGAGGATTTGATTCACGAA	1
564	563	13	CTATCGAGGATTTGATTCACGAAA	1
565	564	13	TATCGAGGATTTGATTCACGAAAT	1
566	565	13	ATCGAGGATTTGATTCACGAAATT	1
567	566	13	TCGAGGATTTGATTCACGAAATTT	1
568	567	13	CGAGGATTTGATTCACGAAATTTA	1
569	568	13	GAGGATTTGATTCACGAAATTTAC	1
570	569	10	AGGATTTGATTCACGAAATTTACA	1
571	570	10	GGATTTGATTCACGAAATTTACAC	1
572	571	10	GATTTGATTCACGAAATTTACACC	1
573	572	10	ATTTGATTCACGAAATTTACACCG	1
574	573	9	TTTGATTCACGAAATTTACACCGT	1
575	574	8	TTGATTCACGAAATTTACACCGTC	1
576	575	8	TGATTCACGAAATTTACACCGTCG	1
577	576	7	GATTCACGAAATTTACACCGTCGG	1
578	577	5	ATTCACGAAATTTACACCGTCGGT	1
579	578	5	TTCACGAAATTTACACCGTCGGTC	1
580	579	5	TCACGAAATTTACACCGTCGGTCC	1
581	580	5	CACGAAATTTACACCGTCGGTCCC	1
582	581	4	ACGAAATTTACACCGTCGGTCCCA	1
583	582	4	CGAAATTTACACCGTCGGTCCCAA	1
584	583	4	GAAATTTACACCGTCGGTCCCAAC	1
585	584	4	AAATTTACACCGTCGGTCCCAACT	1
586	585	4	AATTTACACCGTCGGTCCCAACTT	1
587	586	4	ATTTACACCGTCGGTCCCAACTTC	1
588	587	4	TTTACACCGTCGGTCCCAACTTCA	1
589	588	4	TTACACCGTCGGTCCCAACTTCAA	1
590	589	4	TACACCGTCGGTCCCAACTTCAAG	1
591	590	3	ACACCGTCGGTCCCAACTTCAAGC	1
592	591	4	CACCGTCGGTCCCAACTTCAAGCA	1
593	592	4	ACCGTCGGTCCCAACTTCAAGCAA	1
594	593	4	CCGTCGGTCCCAACTTCAAGCAAG	1
595	594	4	CGTCGGTCCCAACTTCAAGCAAGC	1
596	595	4	GTCGGTCCCAACTTCAAGCAAGCT	1
597	596	4	TCGGTCCCAACTTCAAGCAAGCTG	1
598	597	3	CGGTCCCAACTTCAAGCAAGCTGC	1
599	598	3	GGTCCCAACTTCAAGCAAGCTGCC	1
600	599	3	GTCCCAACTTCAAGCAAGCTGCCA	1
601	600	3	TCCCAACTTCAAGCAAGCTGCCAA	1
602	601	2	CCCAACTTCAAGCAAGCTGCCAAC	1
603	602	2	CCAACTTCAAGCAAGCTGCCAACT	1
604	603	2	CAACTTCAAGCAAGCTGCCAACTT	1
605	604	2	AACTTCAAGCAAGCTGCCAACTTC	1
606	605	2	ACTTCAAGCAAGCTGCCAACTTCA	1
607	606	2	CTTCAAGCAAGCTGCCAACTTCAT	1
608	607	2	TTCAAGCAAGCTGCCAACTTCATC	1
609	608	2	TCAAGCAAGCTGCCAACTTCATCT	1
610	609	2	CAAGCAAGCTGCCAACTTCATCTG	1
611	610	2	AAGCAAGCTGCCAACTTCATCTGG	1
612	611	2	AGCAAGCTGCCAACTTCATCTGGC	1
613	612	1	GCAAGCTGCCAACTTCATCTGGCC	1
614	613	1	CAAGCTGCCAACTTCATCTGGCCC	1
615	614	1	AAGCTGCCAACTTCATCTGGCCCT	1
616	615	1	AGCTGCCAACTTCATCTGGCCCTT	1
617	616	1	GCTGCCAACTTCATCTGGCCCTTC	1
618	617	1	CTGCCAACTTCATCTGGCCCTTCC	1
619	618	1	TGCCAACTTCATCTGGCCCTTCCA	1
620	619	2	GCCAACTTCATCTGGCCCTTCCAA	1
621	620	2	CCAACTTCATCTGGCCCTTCCAAC	1
622	621	2	CAACTTCATCTGGCCCTTCCAACT	1
623	622	2	AACTTCATCTGGCCCTTCCAACTT	1
624	623	2	ACTTCATCTGGCCCTTCCAACTTT	1
625	624	2	CTTCATCTGGCCCTTCCAACTTTC	1
626	625	2	TTCATCTGGCCCTTCCAACTTTCT	1
627	626	2	TCATCTGGCCCTTCCAACTTTCTT	1
628	627	2	CATCTGGCCCTTCCAACTTTCTTC	1
629	628	2	ATCTGGCCCTTCCAACTTTCTTCT	1
630	629	2	TCTGGCCCTTCCAACTTTCTTCTC	1
631	630	2	CTGGCCCTTCCAACTTTCTTCTCC	1
632	631	2	TGGCCCTTCCAACTTTCTTCTCCC	1
633	632	2	GGCCCTTCCAACTTTCTTCTCCCT	1
634	633	2	GCCCTTCCAACTTTCTTCTCCCTT	1
635	634	2	CCCTTCCAACTTTCTTCTCCCTTG	1
636	635	1	CCTTCCAACTTTCTTCTCCCTTGG	1
637	636	1	CTTCCAACTTTCTTCTCCCTTGGG	1
638	637	1	TTCCAACTTTCTTCTCCCTTGGGT	1
639	638	1	TCCAACTTTCTTCTCCCTTGGGTG	1
640	639	1	CCAACTTTCTTCTCCCTTGGGTGG	1
641	640	1	CAACTTTCTTCTCCCTTGGGTGGC	1
642	641	1	AACTTTCTTCTCCCTTGGGTGGCT	1
643	642	1	ACTTTCTTCTCCCTTGGGTGGCTG	1
644	643	1	CTTTCTTCTCCCTTGGGTGGCTGG	1
645	644	1	TTTCTTCTCCCTTGGGTGGCTGGA	1
646	645	1	TTCTTCTCCCTTGGGTGGCTGGAG	1
647	646	1	TCTTCTCCCTTGGGTGGCTGGAGA	1
648	647	1	CTTCTCCCTTGGGTGGCTGGAGAG	1
649	648	1	TTCTCCCTTGGGTGGCTGGAGAGA	1
650	649	1	TCTCCCTTGGGTGGCTGGAGAGAT	1
651	650	1	CTCCCTTGGGTGGCTGGAGAGATC	1
652	651	1	TCCCTTGGGTGGCTGGAGAGATCG	1
653	652	1	CCCTTGGGTGGCTGGAGAGATCGC	1
654	653	1	CCTTGGGTGGCTGGAGAGATCGCA	1
655	654	1	CTTGGGTGGCTGGAGAGATCGCAA	1
656	655	1	TTGGGTGGCTGGAGAGATCGCAAG	1
657	656	1	TGGGTGGCTGGAGAGATCGCAAGT	1
658	657	1	GGGTGGCTGGAGAGATCGCAAGTT	1
659	658	1	GGTGGCTGGAGAGATCGCAAGTTC	1
660	659	1	GTGGCTGGAGAGATCGCAAGTTCA	1
661	660	2	TGGCTGGAGAGATCGCAAGTTCAA	1
662	661	2	GGCTGGAGAGATCGCAAGTTCAAG	1
663	662	2	GCTGGAGAGATCGCAAGTTCAAGC	1
664	663	1	CTGGAGAGATCGCAAGTTCAAGCA	1
665	664	1	TGGAGAGATCGCAAGTTCAAGCAT	1
666	665	1	GGAGAGATCGCAAGTTCAAGCATT	1
667	666	1	GAGAGATCGCAAGTTCAAGCATTT	1
668	667	1	AGAGATCGCAAGTTCAAGCATTTC	1
669	668	1	GAGATCGCAAGTTCAAGCATTTCA	1
670	669	1	AGATCGCAAGTTCAAGCATTTCAT	1
671	670	1	GATCGCAAGTTCAAGCATTTCATC	1
672	671	1	ATCGCAAGTTCAAGCATTTCATCG	1
673	672	1	TCGCAAGTTCAAGCATTTCATCGA	1
674	673	1	CGCAAGTTCAAGCATTTCATCGAA	1
675	674	1	GCAAGTTCAAGCATTTCATCGAAG	1
676	675	1	CAAGTTCAAGCATTTCATCGAAGG	1
677	676	1	AAGTTCAAGCATTTCATCGAAGGT	1
678	677	1	AGTTCAAGCATTTCATCGAAGGTG	1
679	678	1	GTTCAAGCATTTCATCGAAGGTGG	1
680	679	1	TTCAAGCATTTCATCGAAGGTGGT	1
681	680	1	TCAAGCATTTCATCGAAGGTGGTG	1
682	681	1	CAAGCATTTCATCGAAGGTGGTGA	1
683	682	1	AAGCATTTCATCGAAGGTGGTGAT	1
684	683	1	AGCATTTCATCGAAGGTGGTGATG	1
685	684	1	GCATTTCATCGAAGGTGGTGATGC	1
686	685	1	CATTTCATCGAAGGTGGTGATGCT	1
687	686	1	ATTTCATCGAAGGTGGTGATGCTG	1
688	687	1	TTTCATCGAAGGTGGTGATGCTGG	1
689	688	1	TTCATCGAAGGTGGTGATGCTGGC	1
690	689	1	TCATCGAAGGTGGTGATGCTGGCA	1
691	690	1	CATCGAAGGTGGTGATGCTGGCAA	1
692	691	1	ATCGAAGGTGGTGATGCTGGCAAG	1
693	692	1	TCGAAGGTGGTGATGCTGGCAAGC	1
694	693	1	CGAAGGTGGTGATGCTGGCAAGCG	1
695	694	1	GAAGGTGGTGATGCTGGCAAGCGT	1
696	695	1	AAGGTGGTGATGCTGGCAAGCGTG	1
697	696	1	AGGTGGTGATGCTGGCAAGCGTGA	1
698	697	1	GGTGGTGATGCTGGCAAGCGTGAT	1
699	698	1	GTGGTGATGCTGGCAAGCGTGATG	1
700	699	1	TGGTGATGCTGGCAAGCGTGATGA	1
701	700	1	GGTGATGCTGGCAAGCGTGATGAG	1
702	701	1	GTGATGCTGGCAAGCGTGATGAGC	1
703	702	1	TGATGCTGGCAAGCGTGATGAGCA	1
704	703	1	GATGCTGGCAAGCGTGATGAGCAA	1
705	-1	0	TCTCGTTAGAAAGATGCTTTAATT	1
706	705	1	CTCGTTAGAAAGATGCTTTAATTT	1
707	706	1	TCGTTAGAAAGATGCTTTAATTTG	1
708	707	1	CGTTAGAAAGATGCTTTAATTTGG	1
709	708	1	GTTAGAAAGATGCTTTAATTTGGT	1
710	709	1	TTAGAAAGATGCTTTAATTTGGTG	1
711	710	1	TAGAAAGATGCTTTAATTTGGTGT	1
712	711	1	AGAAAGATGCTTTAATTTGGTGTA	1
713	712	1	GAAAGATGCTTTAATTTGGTGTAG	1
714	713	1	AAAGATGCTTTAATTTGGTGTAGA	1
715	714	2	AAGATGCTTTAATTTGGTGTAGAT	1
716	715	2	AGATGCTTTAATTTGGTGTAGATG	1
717	716	2	GATGCTTTAATTTGGTGTAGATGT	1
718	717	2	ATGCTTTAATTTGGTGTAGATGTT	1
719	718	2	TGCTTTAATTTGGTGTAGATGTTA	1
720	719	2	GCTTTAATTTGGTGTAGATGTTAA	1
721	720	2	CTTTAATTTGGTGTAGATGTTAAA	1
722	721	2	TTTAATTTGGTGTAGATGTTAAAA	1
723	722	2	TTAATTTGGTGTAGATGTTAAAAA	1
724	723	2	TAATTTGGTGTAGATGTTAAAAAT	1
725	724	2	AATTTGGTGTAGATGTTAAAAATA	1
726	725	2	ATTTGGTGTAGATGTTAAAAATAA	1
727	726	2	TTTGGTGTAGATGTTAAAAATAAC	1
728	727	2	TTGGTGTAGATGTTAAAAATAACC	1
729	728	2	TGGTGTAGATGTTAAAAATAACCA	1
730	729	2	GGTGTAGATGTTAAAAATAACCAT	1
731	730	2	GTGTAGATGTTAAAAATAACCATA	1
732	731	2	TGTAGATGTTAAAAATAACCATAT	1
733	732	2	GTAGATGTTAAAAATAACCATATC	1
734	733	2	TAGATGTTAAAAATAACCATATCT	1
735	734	2	AGATGTTAAAAATAACCATATCTT	1
736	735	2	GATGTTAAAAATAACCATATCTTT	1
737	736	2	ATGTTAAAAATAACCATATCTTTC	1
738	737	2	TGTTAAAAATAACCATATCTTTCC	1
739	738	2	GTTAAAAATAACCATATCTTTCCT	1
740	739	2	TTAAAAATAACCATATCTTTCCTA	1
741	740	2	TAAAAATAACCATATCTTTCCTAG	1
742	741	2	AAAAATAACCATATCTTTCCTAGC	1
743	742	2	AAAATAACCATATCTTTCCTAGCT	1
744	743	2	AAATAACCATATCTTTCCTAGCTT	1
745	744	2	AATAACCATATCTTTCCTAGCTTT	1
746	745	2	ATAACCATATCTTTCCTAGCTTTG	1
747	746	2	TAACCATATCTTTCCTAGCTTTGA	1
748	747	2	AACCATATCTTTCCTAGCTTTGAC	1
749	748	2	ACCATATCTTTCCTAGCTTTGACA	1
750	749	1	CCATATCTTTCCTAGCTTTGACAA	1
751	750	1	CATATCTTTCCTAGCTTTGACAAA	1
752	751	1	ATATCTTTCCTAGCTTTGACAAAA	1
753	752	1	TATCTTTCCTAGCTTTGACAAAAA	1
754	753	1	ATCTTTCCTAGCTTTGACAAAAAA	1
755	754	1	TCTTTCCTAGCTTTGACAAAAAAA	1
756	755	1	CTTTCCTAGCTTTGACAAAAAAAA	1
757	756	1	TTTCCTAGCTTTGACAAAAAAAAA	1
758	757	1	TTCCTAGCTTTGACAAAAAAAAAA	1
