Component 271
1	-1	0	TTCGCAAGAAGATGCGGCCGTTTG	1
2	1	1	TCGCAAGAAGATGCGGCCGTTTGG	1
3	2	1	CGCAAGAAGATGCGGCCGTTTGGC	1
4	3	2	GCAAGAAGATGCGGCCGTTTGGCC	1
5	4	2	CAAGAAGATGCGGCCGTTTGGCCA	1
6	5	3	AAGAAGATGCGGCCGTTTGGCCAA	1
7	6	4	AGAAGATGCGGCCGTTTGGCCAAT	1
8	7	4	GAAGATGCGGCCGTTTGGCCAATC	1
9	8	5	AAGATGCGGCCGTTTGGCCAATCG	1
10	9	6	AGATGCGGCCGTTTGGCCAATCGC	1
11	10	5	GATGCGGCCGTTTGGCCAATCGCT	1
12	11	5	ATGCGGCCGTTTGGCCAATCGCTT	1
13	12	5	TGCGGCCGTTTGGCCAATCGCTTT	1
14	13	5	GCGGCCGTTTGGCCAATCGCTTTG	1
15	14	5	CGGCCGTTTGGCCAATCGCTTTGT	1
16	15	5	GGCCGTTTGGCCAATCGCTTTGTT	1
17	16	5	GCCGTTTGGCCAATCGCTTTGTTC	1
18	17	5	CCGTTTGGCCAATCGCTTTGTTCG	1
19	18	5	CGTTTGGCCAATCGCTTTGTTCGA	1
20	19	5	GTTTGGCCAATCGCTTTGTTCGAT	1
21	20	5	TTTGGCCAATCGCTTTGTTCGATT	1
22	21	5	TTGGCCAATCGCTTTGTTCGATTG	1
23	22	5	TGGCCAATCGCTTTGTTCGATTGA	1
24	23	5	GGCCAATCGCTTTGTTCGATTGAA	1
25	24	5	GCCAATCGCTTTGTTCGATTGAAA	1
26	25	5	CCAATCGCTTTGTTCGATTGAAAT	1
27	26	5	CAATCGCTTTGTTCGATTGAAATC	1
28	27	5	AATCGCTTTGTTCGATTGAAATCA	1
29	28	5	ATCGCTTTGTTCGATTGAAATCAA	1
30	29	5	TCGCTTTGTTCGATTGAAATCAAC	1
31	30	5	CGCTTTGTTCGATTGAAATCAACC	1
32	31	5	GCTTTGTTCGATTGAAATCAACCT	1
33	32	5	CTTTGTTCGATTGAAATCAACCTC	1
34	33	5	TTTGTTCGATTGAAATCAACCTCT	1
35	34	5	TTGTTCGATTGAAATCAACCTCTG	1
36	35	5	TGTTCGATTGAAATCAACCTCTGC	1
37	36	5	GTTCGATTGAAATCAACCTCTGCC	1
38	37	5	TTCGATTGAAATCAACCTCTGCCA	1
39	38	5	TCGATTGAAATCAACCTCTGCCAC	1
40	39	7	CGATTGAAATCAACCTCTGCCACT	1
41	40	7	GATTGAAATCAACCTCTGCCACTT	1
42	41	7	ATTGAAATCAACCTCTGCCACTTC	1
43	42	6	TTGAAATCAACCTCTGCCACTTCT	1
44	43	6	TGAAATCAACCTCTGCCACTTCTC	1
45	44	6	GAAATCAACCTCTGCCACTTCTCC	1
46	45	5	AAATCAACCTCTGCCACTTCTCCC	1
47	46	5	AATCAACCTCTGCCACTTCTCCCA	1
48	47	5	ATCAACCTCTGCCACTTCTCCCAT	1
49	48	5	TCAACCTCTGCCACTTCTCCCATC	1
50	49	3	CAACCTCTGCCACTTCTCCCATCA	1
51	50	2	AACCTCTGCCACTTCTCCCATCAC	1
52	51	2	ACCTCTGCCACTTCTCCCATCACA	1
53	52	2	CCTCTGCCACTTCTCCCATCACAT	1
54	53	1	CTCTGCCACTTCTCCCATCACATA	1
55	54	1	TCTGCCACTTCTCCCATCACATAC	1
56	55	1	CTGCCACTTCTCCCATCACATACA	1
57	56	1	TGCCACTTCTCCCATCACATACAA	1
58	57	1	GCCACTTCTCCCATCACATACAAG	1
59	58	1	CCACTTCTCCCATCACATACAAGG	1
60	59	1	CACTTCTCCCATCACATACAAGGC	1
61	60	1	ACTTCTCCCATCACATACAAGGCG	1
62	61	1	CTTCTCCCATCACATACAAGGCGT	1
63	62	1	TTCTCCCATCACATACAAGGCGTT	1
64	63	1	TCTCCCATCACATACAAGGCGTTG	1
65	64	1	CTCCCATCACATACAAGGCGTTGC	1
66	65	1	TCCCATCACATACAAGGCGTTGCA	1
67	66	1	CCCATCACATACAAGGCGTTGCAT	1
68	67	1	CCATCACATACAAGGCGTTGCATG	1
69	68	1	CATCACATACAAGGCGTTGCATGC	1
70	69	1	ATCACATACAAGGCGTTGCATGCG	1
71	70	1	TCACATACAAGGCGTTGCATGCGA	1
72	71	1	CACATACAAGGCGTTGCATGCGAA	1
73	72	1	ACATACAAGGCGTTGCATGCGAAT	1
74	73	1	CATACAAGGCGTTGCATGCGAATT	1
75	74	1	ATACAAGGCGTTGCATGCGAATTC	1
76	75	1	TACAAGGCGTTGCATGCGAATTCC	1
77	76	1	ACAAGGCGTTGCATGCGAATTCCC	1
78	77	1	CAAGGCGTTGCATGCGAATTCCCC	1
79	78	1	AAGGCGTTGCATGCGAATTCCCCC	1
80	79	1	AGGCGTTGCATGCGAATTCCCCCT	1
81	80	1	GGCGTTGCATGCGAATTCCCCCTT	1
82	81	1	GCGTTGCATGCGAATTCCCCCTTG	1
83	82	1	CGTTGCATGCGAATTCCCCCTTGC	1
84	-1	0	TGAGCCTCCTAGGGCTACTGTTCC	1
85	84	1	GAGCCTCCTAGGGCTACTGTTCCA	1
86	85	1	AGCCTCCTAGGGCTACTGTTCCAG	1
87	86	1	GCCTCCTAGGGCTACTGTTCCAGA	1
88	87	1	CCTCCTAGGGCTACTGTTCCAGAG	1
89	88	1	CTCCTAGGGCTACTGTTCCAGAGG	1
90	89	1	TCCTAGGGCTACTGTTCCAGAGGC	1
91	90	1	CCTAGGGCTACTGTTCCAGAGGCT	1
92	91	1	CTAGGGCTACTGTTCCAGAGGCTG	1
93	92	1	TAGGGCTACTGTTCCAGAGGCTGT	1
94	93	1	AGGGCTACTGTTCCAGAGGCTGTT	1
95	94	1	GGGCTACTGTTCCAGAGGCTGTTT	1
96	95	1	GGCTACTGTTCCAGAGGCTGTTTC	1
97	96	1	GCTACTGTTCCAGAGGCTGTTTCT	1
98	97	1	CTACTGTTCCAGAGGCTGTTTCTA	1
99	98	1	TACTGTTCCAGAGGCTGTTTCTAA	1
100	99	1	ACTGTTCCAGAGGCTGTTTCTAAT	1
101	100	1	CTGTTCCAGAGGCTGTTTCTAATA	1
102	101	1	TGTTCCAGAGGCTGTTTCTAATAT	1
103	102	2	GTTCCAGAGGCTGTTTCTAATATT	1
104	103	2	TTCCAGAGGCTGTTTCTAATATTA	1
105	104	3	TCCAGAGGCTGTTTCTAATATTAT	1
106	105	3	CCAGAGGCTGTTTCTAATATTATA	1
107	106	3	CAGAGGCTGTTTCTAATATTATAA	1
108	107	3	AGAGGCTGTTTCTAATATTATAAT	1
109	108	3	GAGGCTGTTTCTAATATTATAATG	1
110	109	3	AGGCTGTTTCTAATATTATAATGT	1
111	110	3	GGCTGTTTCTAATATTATAATGTC	1
112	111	3	GCTGTTTCTAATATTATAATGTCA	1
113	112	3	CTGTTTCTAATATTATAATGTCAA	1
114	113	3	TGTTTCTAATATTATAATGTCAAC	1
115	114	3	GTTTCTAATATTATAATGTCAACC	1
116	115	3	TTTCTAATATTATAATGTCAACCC	1
117	116	3	TTCTAATATTATAATGTCAACCCC	1
118	117	3	TCTAATATTATAATGTCAACCCCC	1
119	118	3	CTAATATTATAATGTCAACCCCCT	1
120	119	3	TAATATTATAATGTCAACCCCCTT	1
121	120	3	AATATTATAATGTCAACCCCCTTC	1
122	121	3	ATATTATAATGTCAACCCCCTTCA	1
123	122	3	TATTATAATGTCAACCCCCTTCAA	1
124	123	3	ATTATAATGTCAACCCCCTTCAAC	1
125	124	3	TTATAATGTCAACCCCCTTCAACC	1
126	125	3	TATAATGTCAACCCCCTTCAACCG	1
127	126	3	ATAATGTCAACCCCCTTCAACCGT	1
128	127	3	TAATGTCAACCCCCTTCAACCGTG	1
129	128	2	AATGTCAACCCCCTTCAACCGTGT	1
130	129	2	ATGTCAACCCCCTTCAACCGTGTG	1
131	130	2	TGTCAACCCCCTTCAACCGTGTGC	1
132	131	2	GTCAACCCCCTTCAACCGTGTGCA	1
133	132	2	TCAACCCCCTTCAACCGTGTGCAA	1
134	133	2	CAACCCCCTTCAACCGTGTGCAAA	1
135	134	2	AACCCCCTTCAACCGTGTGCAAAG	1
136	135	2	ACCCCCTTCAACCGTGTGCAAAGA	1
137	136	2	CCCCCTTCAACCGTGTGCAAAGAC	1
138	137	2	CCCCTTCAACCGTGTGCAAAGACC	1
139	138	2	CCCTTCAACCGTGTGCAAAGACCC	1
140	139	2	CCTTCAACCGTGTGCAAAGACCCA	1
141	140	2	CTTCAACCGTGTGCAAAGACCCAA	1
142	141	3	TTCAACCGTGTGCAAAGACCCAAA	1
143	142	3	TCAACCGTGTGCAAAGACCCAAAC	1
144	143	3	CAACCGTGTGCAAAGACCCAAACG	1
145	144	3	AACCGTGTGCAAAGACCCAAACGC	1
146	145	3	ACCGTGTGCAAAGACCCAAACGCC	1
147	146	2	CCGTGTGCAAAGACCCAAACGCCA	1
148	147	1	CGTGTGCAAAGACCCAAACGCCAT	1
149	148	1	GTGTGCAAAGACCCAAACGCCATG	1
150	149	1	TGTGCAAAGACCCAAACGCCATGT	1
151	150	1	GTGCAAAGACCCAAACGCCATGTC	1
152	151	1	TGCAAAGACCCAAACGCCATGTCT	1
153	152	1	GCAAAGACCCAAACGCCATGTCTT	1
154	153	1	CAAAGACCCAAACGCCATGTCTTC	1
155	154	1	AAAGACCCAAACGCCATGTCTTCA	1
156	155	1	AAGACCCAAACGCCATGTCTTCAA	1
157	156	1	AGACCCAAACGCCATGTCTTCAAT	1
158	157	1	GACCCAAACGCCATGTCTTCAATT	1
159	158	1	ACCCAAACGCCATGTCTTCAATTG	1
160	159	1	CCCAAACGCCATGTCTTCAATTGC	1
161	160	1	CCAAACGCCATGTCTTCAATTGCT	1
162	161	1	CAAACGCCATGTCTTCAATTGCTT	1
163	162	1	AAACGCCATGTCTTCAATTGCTTA	1
164	163	1	AACGCCATGTCTTCAATTGCTTAG	1
165	164	1	ACGCCATGTCTTCAATTGCTTAGT	1
166	165	1	CGCCATGTCTTCAATTGCTTAGTA	1
167	166	1	GCCATGTCTTCAATTGCTTAGTAC	1
168	167	1	CCATGTCTTCAATTGCTTAGTACA	1
169	168	1	CATGTCTTCAATTGCTTAGTACAG	1
170	169	1	ATGTCTTCAATTGCTTAGTACAGA	1
171	170	1	TGTCTTCAATTGCTTAGTACAGAA	1
172	171	1	GTCTTCAATTGCTTAGTACAGAAT	1
173	172	1	TCTTCAATTGCTTAGTACAGAATG	1
174	173	1	CTTCAATTGCTTAGTACAGAATGA	1
175	174	2	TTCAATTGCTTAGTACAGAATGAG	1
176	175	2	TCAATTGCTTAGTACAGAATGAGC	1
177	176	2	CAATTGCTTAGTACAGAATGAGCC	1
178	177	3	AATTGCTTAGTACAGAATGAGCCT	1
179	178	3	ATTGCTTAGTACAGAATGAGCCTG	1
180	179	3	TTGCTTAGTACAGAATGAGCCTGG	1
181	180	3	TGCTTAGTACAGAATGAGCCTGGT	1
182	181	3	GCTTAGTACAGAATGAGCCTGGTG	1
183	182	3	CTTAGTACAGAATGAGCCTGGTGT	1
184	183	3	TTAGTACAGAATGAGCCTGGTGTT	1
185	184	3	TAGTACAGAATGAGCCTGGTGTTT	1
186	185	2	AGTACAGAATGAGCCTGGTGTTTT	1
187	186	2	GTACAGAATGAGCCTGGTGTTTTA	1
188	187	2	TACAGAATGAGCCTGGTGTTTTAT	1
189	188	2	ACAGAATGAGCCTGGTGTTTTATC	1
190	189	2	CAGAATGAGCCTGGTGTTTTATCC	1
191	190	2	AGAATGAGCCTGGTGTTTTATCCC	1
192	191	2	GAATGAGCCTGGTGTTTTATCCCG	1
193	192	2	AATGAGCCTGGTGTTTTATCCCGT	1
194	193	2	ATGAGCCTGGTGTTTTATCCCGTC	1
195	194	2	TGAGCCTGGTGTTTTATCCCGTCT	1
196	195	2	GAGCCTGGTGTTTTATCCCGTCTT	1
197	196	2	AGCCTGGTGTTTTATCCCGTCTTT	1
198	197	2	GCCTGGTGTTTTATCCCGTCTTTC	1
199	198	2	CCTGGTGTTTTATCCCGTCTTTCT	1
200	199	2	CTGGTGTTTTATCCCGTCTTTCTG	1
201	200	2	TGGTGTTTTATCCCGTCTTTCTGG	1
202	201	2	GGTGTTTTATCCCGTCTTTCTGGT	1
203	202	2	GTGTTTTATCCCGTCTTTCTGGTA	1
204	203	2	TGTTTTATCCCGTCTTTCTGGTAT	1
205	204	2	GTTTTATCCCGTCTTTCTGGTATT	1
206	205	2	TTTTATCCCGTCTTTCTGGTATTT	1
207	206	2	TTTATCCCGTCTTTCTGGTATTTT	1
208	207	2	TTATCCCGTCTTTCTGGTATTTTG	1
209	208	2	TATCCCGTCTTTCTGGTATTTTGG	1
210	209	2	ATCCCGTCTTTCTGGTATTTTGGC	1
211	210	2	TCCCGTCTTTCTGGTATTTTGGCC	1
212	211	2	CCCGTCTTTCTGGTATTTTGGCCG	1
213	212	2	CCGTCTTTCTGGTATTTTGGCCGC	1
214	213	2	CGTCTTTCTGGTATTTTGGCCGCT	1
215	214	2	GTCTTTCTGGTATTTTGGCCGCTC	1
216	215	2	TCTTTCTGGTATTTTGGCCGCTCG	1
217	216	2	CTTTCTGGTATTTTGGCCGCTCGT	1
218	217	2	TTTCTGGTATTTTGGCCGCTCGTG	1
219	218	1	TTCTGGTATTTTGGCCGCTCGTGG	1
220	219	1	TCTGGTATTTTGGCCGCTCGTGGA	1
221	220	1	CTGGTATTTTGGCCGCTCGTGGAT	1
