Component 289
1	-1	0	ATGCGACTCCAAGGAGGAAGCCCA	1
2	1	1	TGCGACTCCAAGGAGGAAGCCCAA	1
3	2	1	GCGACTCCAAGGAGGAAGCCCAAT	1
4	3	2	CGACTCCAAGGAGGAAGCCCAATT	1
5	4	2	GACTCCAAGGAGGAAGCCCAATTT	1
6	5	2	ACTCCAAGGAGGAAGCCCAATTTT	1
7	6	2	CTCCAAGGAGGAAGCCCAATTTTA	1
8	7	3	TCCAAGGAGGAAGCCCAATTTTAT	1
9	8	3	CCAAGGAGGAAGCCCAATTTTATT	1
10	9	3	CAAGGAGGAAGCCCAATTTTATTT	1
11	10	3	AAGGAGGAAGCCCAATTTTATTTG	1
12	11	3	AGGAGGAAGCCCAATTTTATTTGG	1
13	12	3	GGAGGAAGCCCAATTTTATTTGGG	1
14	13	3	GAGGAAGCCCAATTTTATTTGGGT	1
15	14	3	AGGAAGCCCAATTTTATTTGGGTA	1
16	15	3	GGAAGCCCAATTTTATTTGGGTAA	1
17	16	3	GAAGCCCAATTTTATTTGGGTAAG	1
18	17	3	AAGCCCAATTTTATTTGGGTAAGC	1
19	18	3	AGCCCAATTTTATTTGGGTAAGCG	1
20	19	3	GCCCAATTTTATTTGGGTAAGCGT	1
21	20	3	CCCAATTTTATTTGGGTAAGCGTG	1
22	21	4	CCAATTTTATTTGGGTAAGCGTGT	1
23	22	4	CAATTTTATTTGGGTAAGCGTGTT	1
24	23	4	AATTTTATTTGGGTAAGCGTGTTT	1
25	24	3	ATTTTATTTGGGTAAGCGTGTTTG	1
26	25	3	TTTTATTTGGGTAAGCGTGTTTGC	1
27	26	3	TTTATTTGGGTAAGCGTGTTTGCT	1
28	27	3	TTATTTGGGTAAGCGTGTTTGCTA	1
29	28	3	TATTTGGGTAAGCGTGTTTGCTAT	1
30	29	3	ATTTGGGTAAGCGTGTTTGCTATG	1
31	30	3	TTTGGGTAAGCGTGTTTGCTATGT	1
32	31	3	TTGGGTAAGCGTGTTTGCTATGTT	1
33	32	3	TGGGTAAGCGTGTTTGCTATGTTT	1
34	33	3	GGGTAAGCGTGTTTGCTATGTTTA	1
35	34	3	GGTAAGCGTGTTTGCTATGTTTAT	1
36	35	3	GTAAGCGTGTTTGCTATGTTTATA	1
37	36	4	TAAGCGTGTTTGCTATGTTTATAA	1
38	37	4	AAGCGTGTTTGCTATGTTTATAAG	1
39	38	4	AGCGTGTTTGCTATGTTTATAAGA	1
40	39	4	GCGTGTTTGCTATGTTTATAAGAG	1
41	40	4	CGTGTTTGCTATGTTTATAAGAGC	1
42	41	4	GTGTTTGCTATGTTTATAAGAGCT	1
43	42	4	TGTTTGCTATGTTTATAAGAGCTC	1
44	43	4	GTTTGCTATGTTTATAAGAGCTCC	1
45	44	3	TTTGCTATGTTTATAAGAGCTCCA	1
46	45	3	TTGCTATGTTTATAAGAGCTCCAA	1
47	46	3	TGCTATGTTTATAAGAGCTCCAAG	1
48	47	3	GCTATGTTTATAAGAGCTCCAAGG	1
49	48	3	CTATGTTTATAAGAGCTCCAAGGC	1
50	49	3	TATGTTTATAAGAGCTCCAAGGCC	1
51	50	3	ATGTTTATAAGAGCTCCAAGGCCG	1
52	51	2	TGTTTATAAGAGCTCCAAGGCCGT	1
53	52	2	GTTTATAAGAGCTCCAAGGCCGTC	1
54	53	2	TTTATAAGAGCTCCAAGGCCGTCC	1
55	54	2	TTATAAGAGCTCCAAGGCCGTCCG	1
56	55	2	TATAAGAGCTCCAAGGCCGTCCGT	1
57	56	2	ATAAGAGCTCCAAGGCCGTCCGTG	1
58	57	2	TAAGAGCTCCAAGGCCGTCCGTGG	1
59	58	2	AAGAGCTCCAAGGCCGTCCGTGGA	1
60	59	2	AGAGCTCCAAGGCCGTCCGTGGAT	1
61	60	2	GAGCTCCAAGGCCGTCCGTGGATC	1
62	61	2	AGCTCCAAGGCCGTCCGTGGATCC	1
63	62	2	GCTCCAAGGCCGTCCGTGGATCCA	1
64	63	2	CTCCAAGGCCGTCCGTGGATCCAA	1
65	64	2	TCCAAGGCCGTCCGTGGATCCAAG	1
66	65	1	CCAAGGCCGTCCGTGGATCCAAGA	1
67	66	1	CAAGGCCGTCCGTGGATCCAAGAT	1
68	67	2	AAGGCCGTCCGTGGATCCAAGATT	1
69	68	2	AGGCCGTCCGTGGATCCAAGATTC	1
70	69	3	GGCCGTCCGTGGATCCAAGATTCG	1
71	70	4	GCCGTCCGTGGATCCAAGATTCGT	1
72	71	4	CCGTCCGTGGATCCAAGATTCGTG	1
73	72	5	CGTCCGTGGATCCAAGATTCGTGT	1
74	73	5	GTCCGTGGATCCAAGATTCGTGTT	1
75	74	5	TCCGTGGATCCAAGATTCGTGTTA	1
76	75	5	CCGTGGATCCAAGATTCGTGTTAT	1
77	76	5	CGTGGATCCAAGATTCGTGTTATC	1
78	77	5	GTGGATCCAAGATTCGTGTTATCT	1
79	78	5	TGGATCCAAGATTCGTGTTATCTG	1
80	79	5	GGATCCAAGATTCGTGTTATCTGG	1
81	80	4	GATCCAAGATTCGTGTTATCTGGG	1
82	81	4	ATCCAAGATTCGTGTTATCTGGGG	1
83	82	4	TCCAAGATTCGTGTTATCTGGGGT	1
84	83	4	CCAAGATTCGTGTTATCTGGGGTA	1
85	84	4	CAAGATTCGTGTTATCTGGGGTAC	1
86	85	3	AAGATTCGTGTTATCTGGGGTACC	1
87	86	3	AGATTCGTGTTATCTGGGGTACCA	1
88	87	3	GATTCGTGTTATCTGGGGTACCAT	1
89	88	3	ATTCGTGTTATCTGGGGTACCATT	1
90	89	3	TTCGTGTTATCTGGGGTACCATTG	1
91	90	3	TCGTGTTATCTGGGGTACCATTGC	1
92	91	3	CGTGTTATCTGGGGTACCATTGCT	1
93	92	3	GTGTTATCTGGGGTACCATTGCTC	1
94	93	3	TGTTATCTGGGGTACCATTGCTCG	1
95	94	3	GTTATCTGGGGTACCATTGCTCGT	1
96	95	3	TTATCTGGGGTACCATTGCTCGTC	1
97	96	3	TATCTGGGGTACCATTGCTCGTCC	1
98	97	3	ATCTGGGGTACCATTGCTCGTCCT	1
99	98	3	TCTGGGGTACCATTGCTCGTCCTC	1
100	99	3	CTGGGGTACCATTGCTCGTCCTCA	1
101	100	3	TGGGGTACCATTGCTCGTCCTCAT	1
102	101	5	GGGGTACCATTGCTCGTCCTCATG	1
103	102	6	GGGTACCATTGCTCGTCCTCATGG	1
104	103	6	GGTACCATTGCTCGTCCTCATGGA	1
105	104	6	GTACCATTGCTCGTCCTCATGGAA	1
106	105	6	TACCATTGCTCGTCCTCATGGAAA	1
107	106	6	ACCATTGCTCGTCCTCATGGAAAC	1
108	107	6	CCATTGCTCGTCCTCATGGAAACT	1
109	108	6	CATTGCTCGTCCTCATGGAAACTC	1
110	109	6	ATTGCTCGTCCTCATGGAAACTCC	1
111	110	5	TTGCTCGTCCTCATGGAAACTCCG	1
112	111	5	TGCTCGTCCTCATGGAAACTCCGG	1
113	112	5	GCTCGTCCTCATGGAAACTCCGGT	1
114	113	5	CTCGTCCTCATGGAAACTCCGGTG	1
115	114	4	TCGTCCTCATGGAAACTCCGGTGC	1
116	115	4	CGTCCTCATGGAAACTCCGGTGCT	1
117	116	3	GTCCTCATGGAAACTCCGGTGCTG	1
118	117	3	TCCTCATGGAAACTCCGGTGCTGT	1
119	118	3	CCTCATGGAAACTCCGGTGCTGTT	1
120	119	3	CTCATGGAAACTCCGGTGCTGTTC	1
121	120	3	TCATGGAAACTCCGGTGCTGTTCG	1
122	121	3	CATGGAAACTCCGGTGCTGTTCGT	1
123	122	3	ATGGAAACTCCGGTGCTGTTCGTG	1
124	123	3	TGGAAACTCCGGTGCTGTTCGTGC	1
125	124	3	GGAAACTCCGGTGCTGTTCGTGCT	1
126	125	3	GAAACTCCGGTGCTGTTCGTGCTC	1
127	126	3	AAACTCCGGTGCTGTTCGTGCTCG	1
128	127	4	AACTCCGGTGCTGTTCGTGCTCGC	1
129	128	4	ACTCCGGTGCTGTTCGTGCTCGCT	1
130	129	5	CTCCGGTGCTGTTCGTGCTCGCTT	1
131	130	7	TCCGGTGCTGTTCGTGCTCGCTTC	1
132	131	7	CCGGTGCTGTTCGTGCTCGCTTCG	1
133	132	7	CGGTGCTGTTCGTGCTCGCTTCGT	1
134	133	7	GGTGCTGTTCGTGCTCGCTTCGTT	1
135	134	7	GTGCTGTTCGTGCTCGCTTCGTTC	1
136	135	7	TGCTGTTCGTGCTCGCTTCGTTCA	1
137	136	7	GCTGTTCGTGCTCGCTTCGTTCAC	1
138	137	7	CTGTTCGTGCTCGCTTCGTTCACA	1
139	138	7	TGTTCGTGCTCGCTTCGTTCACAA	1
140	139	8	GTTCGTGCTCGCTTCGTTCACAAC	1
141	140	8	TTCGTGCTCGCTTCGTTCACAACT	1
142	141	9	TCGTGCTCGCTTCGTTCACAACTT	1
143	142	9	CGTGCTCGCTTCGTTCACAACTTG	1
144	143	9	GTGCTCGCTTCGTTCACAACTTGC	1
145	144	9	TGCTCGCTTCGTTCACAACTTGCC	1
146	145	7	GCTCGCTTCGTTCACAACTTGCCT	1
147	146	6	CTCGCTTCGTTCACAACTTGCCTG	1
148	147	6	TCGCTTCGTTCACAACTTGCCTGC	1
149	148	7	CGCTTCGTTCACAACTTGCCTGCT	1
150	149	7	GCTTCGTTCACAACTTGCCTGCTA	1
151	150	7	CTTCGTTCACAACTTGCCTGCTAA	1
152	151	7	TTCGTTCACAACTTGCCTGCTAAA	1
153	152	7	TCGTTCACAACTTGCCTGCTAAAA	1
154	153	7	CGTTCACAACTTGCCTGCTAAAAC	1
155	154	7	GTTCACAACTTGCCTGCTAAAACT	1
156	155	7	TTCACAACTTGCCTGCTAAAACTT	1
157	156	7	TCACAACTTGCCTGCTAAAACTTT	1
158	157	7	CACAACTTGCCTGCTAAAACTTTT	1
159	158	7	ACAACTTGCCTGCTAAAACTTTTG	1
160	159	7	CAACTTGCCTGCTAAAACTTTTGG	1
161	160	7	AACTTGCCTGCTAAAACTTTTGGC	1
162	161	7	ACTTGCCTGCTAAAACTTTTGGCT	1
163	162	8	CTTGCCTGCTAAAACTTTTGGCTC	1
164	163	9	TTGCCTGCTAAAACTTTTGGCTCT	1
165	164	9	TGCCTGCTAAAACTTTTGGCTCTT	1
166	165	9	GCCTGCTAAAACTTTTGGCTCTTC	1
167	166	8	CCTGCTAAAACTTTTGGCTCTTCT	1
168	167	9	CTGCTAAAACTTTTGGCTCTTCTC	1
169	168	9	TGCTAAAACTTTTGGCTCTTCTCT	1
170	169	10	GCTAAAACTTTTGGCTCTTCTCTC	1
171	170	10	CTAAAACTTTTGGCTCTTCTCTCC	1
172	171	9	TAAAACTTTTGGCTCTTCTCTCCG	1
173	172	9	AAAACTTTTGGCTCTTCTCTCCGA	1
174	173	8	AAACTTTTGGCTCTTCTCTCCGAG	1
175	174	7	AACTTTTGGCTCTTCTCTCCGAGT	1
176	175	8	ACTTTTGGCTCTTCTCTCCGAGTC	1
177	176	8	CTTTTGGCTCTTCTCTCCGAGTCA	1
178	177	8	TTTTGGCTCTTCTCTCCGAGTCAT	1
179	178	8	TTTGGCTCTTCTCTCCGAGTCATG	1
180	179	8	TTGGCTCTTCTCTCCGAGTCATGC	1
181	180	8	TGGCTCTTCTCTCCGAGTCATGCT	1
182	181	8	GGCTCTTCTCTCCGAGTCATGCTT	1
183	182	8	GCTCTTCTCTCCGAGTCATGCTTT	1
184	183	6	CTCTTCTCTCCGAGTCATGCTTTA	1
185	184	6	TCTTCTCTCCGAGTCATGCTTTAC	1
186	185	5	CTTCTCTCCGAGTCATGCTTTACC	1
187	186	4	TTCTCTCCGAGTCATGCTTTACCC	1
188	187	4	TCTCTCCGAGTCATGCTTTACCCC	1
189	188	4	CTCTCCGAGTCATGCTTTACCCCT	1
190	189	4	TCTCCGAGTCATGCTTTACCCCTC	1
191	190	4	CTCCGAGTCATGCTTTACCCCTCC	1
192	191	4	TCCGAGTCATGCTTTACCCCTCCA	1
193	192	3	CCGAGTCATGCTTTACCCCTCCAA	1
194	193	3	CGAGTCATGCTTTACCCCTCCAAC	1
195	194	3	GAGTCATGCTTTACCCCTCCAACA	1
196	195	3	AGTCATGCTTTACCCCTCCAACAT	1
197	196	3	GTCATGCTTTACCCCTCCAACATT	1
198	197	3	TCATGCTTTACCCCTCCAACATTT	1
199	198	3	CATGCTTTACCCCTCCAACATTTA	1
200	199	3	ATGCTTTACCCCTCCAACATTTAA	1
201	200	3	TGCTTTACCCCTCCAACATTTAAA	1
202	201	3	GCTTTACCCCTCCAACATTTAAAT	1
203	202	3	CTTTACCCCTCCAACATTTAAATA	1
204	203	3	TTTACCCCTCCAACATTTAAATAA	1
205	204	3	TTACCCCTCCAACATTTAAATAAA	1
206	205	3	TACCCCTCCAACATTTAAATAAAA	1
207	206	3	ACCCCTCCAACATTTAAATAAAAT	1
208	207	3	CCCCTCCAACATTTAAATAAAATA	1
209	208	3	CCCTCCAACATTTAAATAAAATAG	1
210	209	3	CCTCCAACATTTAAATAAAATAGT	1
211	210	3	CTCCAACATTTAAATAAAATAGTG	1
212	211	2	TCCAACATTTAAATAAAATAGTGG	1
213	212	1	CCAACATTTAAATAAAATAGTGGT	1
214	213	1	CAACATTTAAATAAAATAGTGGTA	1
215	214	1	AACATTTAAATAAAATAGTGGTAT	1
216	215	1	ACATTTAAATAAAATAGTGGTATT	1
217	216	1	CATTTAAATAAAATAGTGGTATTT	1
218	217	1	ATTTAAATAAAATAGTGGTATTTC	1
219	218	1	TTTAAATAAAATAGTGGTATTTCG	1
220	-1	0	CTCATTGCAAAAATGCCAGCTCAA	1
221	220	5	TCATTGCAAAAATGCCAGCTCAAG	1
222	221	7	CATTGCAAAAATGCCAGCTCAAGG	1
223	222	8	ATTGCAAAAATGCCAGCTCAAGGA	1
224	223	8	TTGCAAAAATGCCAGCTCAAGGAC	1
225	224	8	TGCAAAAATGCCAGCTCAAGGACA	1
226	225	8	GCAAAAATGCCAGCTCAAGGACAT	1
227	226	13	CAAAAATGCCAGCTCAAGGACATA	1
228	227	17	AAAAATGCCAGCTCAAGGACATAG	1
229	228	17	AAAATGCCAGCTCAAGGACATAGA	1
230	229	17	AAATGCCAGCTCAAGGACATAGAC	1
231	230	16	AATGCCAGCTCAAGGACATAGACT	1
232	231	16	ATGCCAGCTCAAGGACATAGACTG	1
233	232	16	TGCCAGCTCAAGGACATAGACTGT	1
234	233	16	GCCAGCTCAAGGACATAGACTGTA	1
235	234	16	CCAGCTCAAGGACATAGACTGTAC	1
236	235	16	CAGCTCAAGGACATAGACTGTACG	1
237	236	17	AGCTCAAGGACATAGACTGTACGT	1
238	237	17	GCTCAAGGACATAGACTGTACGTT	1
239	238	17	CTCAAGGACATAGACTGTACGTTA	1
240	239	18	TCAAGGACATAGACTGTACGTTAA	1
241	240	18	CAAGGACATAGACTGTACGTTAAG	1
242	241	18	AAGGACATAGACTGTACGTTAAGG	1
243	242	18	AGGACATAGACTGTACGTTAAGGC	1
244	243	18	GGACATAGACTGTACGTTAAGGCC	1
245	244	18	GACATAGACTGTACGTTAAGGCCA	1
246	245	19	ACATAGACTGTACGTTAAGGCCAA	1
247	246	19	CATAGACTGTACGTTAAGGCCAAG	1
248	247	19	ATAGACTGTACGTTAAGGCCAAGC	1
249	248	19	TAGACTGTACGTTAAGGCCAAGCA	1
250	249	19	AGACTGTACGTTAAGGCCAAGCAT	1
251	250	19	GACTGTACGTTAAGGCCAAGCATC	1
252	251	19	ACTGTACGTTAAGGCCAAGCATCT	1
253	252	20	CTGTACGTTAAGGCCAAGCATCTT	1
254	253	20	TGTACGTTAAGGCCAAGCATCTTT	1
255	254	20	GTACGTTAAGGCCAAGCATCTTTC	1
256	255	21	TACGTTAAGGCCAAGCATCTTTCC	1
257	256	21	ACGTTAAGGCCAAGCATCTTTCCT	1
258	257	21	CGTTAAGGCCAAGCATCTTTCCTT	1
259	258	21	GTTAAGGCCAAGCATCTTTCCTTT	1
260	259	21	TTAAGGCCAAGCATCTTTCCTTTC	1
261	260	21	TAAGGCCAAGCATCTTTCCTTTCA	1
262	261	21	AAGGCCAAGCATCTTTCCTTTCAA	1
263	262	21	AGGCCAAGCATCTTTCCTTTCAAC	1
264	263	21	GGCCAAGCATCTTTCCTTTCAACG	1
265	264	15	GCCAAGCATCTTTCCTTTCAACGT	1
266	265	13	CCAAGCATCTTTCCTTTCAACGTT	1
267	266	12	CAAGCATCTTTCCTTTCAACGTTC	1
268	267	12	AAGCATCTTTCCTTTCAACGTTCT	1
269	268	12	AGCATCTTTCCTTTCAACGTTCTA	1
270	269	12	GCATCTTTCCTTTCAACGTTCTAA	1
271	270	6	CATCTTTCCTTTCAACGTTCTAAG	1
272	271	2	ATCTTTCCTTTCAACGTTCTAAGC	1
273	272	2	TCTTTCCTTTCAACGTTCTAAGCA	1
274	273	2	CTTTCCTTTCAACGTTCTAAGCAC	1
275	274	2	TTTCCTTTCAACGTTCTAAGCACG	1
276	275	2	TTCCTTTCAACGTTCTAAGCACGT	1
277	276	2	TCCTTTCAACGTTCTAAGCACGTT	1
278	277	2	CCTTTCAACGTTCTAAGCACGTTA	1
279	278	2	CTTTCAACGTTCTAAGCACGTTAT	1
280	279	2	TTTCAACGTTCTAAGCACGTTATT	1
281	280	2	TTCAACGTTCTAAGCACGTTATTC	1
282	281	2	TCAACGTTCTAAGCACGTTATTCA	1
283	282	2	CAACGTTCTAAGCACGTTATTCAT	1
284	283	1	AACGTTCTAAGCACGTTATTCATC	1
285	284	1	ACGTTCTAAGCACGTTATTCATCC	1
286	285	1	CGTTCTAAGCACGTTATTCATCCT	1
287	286	2	GTTCTAAGCACGTTATTCATCCTG	1
288	287	2	TTCTAAGCACGTTATTCATCCTGG	1
289	288	2	TCTAAGCACGTTATTCATCCTGGT	1
290	289	1	CTAAGCACGTTATTCATCCTGGTA	1
291	290	1	TAAGCACGTTATTCATCCTGGTAC	1
292	291	1	AAGCACGTTATTCATCCTGGTACT	1
293	292	1	AGCACGTTATTCATCCTGGTACTT	1
294	293	1	GCACGTTATTCATCCTGGTACTTC	1
295	294	1	CACGTTATTCATCCTGGTACTTCC	1
296	295	1	ACGTTATTCATCCTGGTACTTCCA	1
297	296	1	CGTTATTCATCCTGGTACTTCCAT	1
298	297	1	GTTATTCATCCTGGTACTTCCATT	1
299	298	1	TTATTCATCCTGGTACTTCCATTG	1
300	299	1	TATTCATCCTGGTACTTCCATTGT	1
301	300	1	ATTCATCCTGGTACTTCCATTGTG	1
302	301	1	TTCATCCTGGTACTTCCATTGTGA	1
303	302	1	TCATCCTGGTACTTCCATTGTGAA	1
304	303	1	CATCCTGGTACTTCCATTGTGAAG	1
305	304	1	ATCCTGGTACTTCCATTGTGAAGA	1
306	305	1	TCCTGGTACTTCCATTGTGAAGAT	1
307	306	1	CCTGGTACTTCCATTGTGAAGATT	1
308	307	1	CTGGTACTTCCATTGTGAAGATTG	1
309	308	1	TGGTACTTCCATTGTGAAGATTGA	1
310	309	1	GGTACTTCCATTGTGAAGATTGAG	1
311	310	1	GTACTTCCATTGTGAAGATTGAGG	1
312	311	1	TACTTCCATTGTGAAGATTGAGGG	1
313	312	1	ACTTCCATTGTGAAGATTGAGGGA	1
314	313	1	CTTCCATTGTGAAGATTGAGGGAT	1
315	314	1	TTCCATTGTGAAGATTGAGGGATG	1
316	315	1	TCCATTGTGAAGATTGAGGGATGC	1
317	316	1	CCATTGTGAAGATTGAGGGATGCG	1
318	317	1	CATTGTGAAGATTGAGGGATGCGA	1
319	318	2	ATTGTGAAGATTGAGGGATGCGAC	1
320	319	2	TTGTGAAGATTGAGGGATGCGACT	1
321	320	2	TGTGAAGATTGAGGGATGCGACTC	1
322	321	2	GTGAAGATTGAGGGATGCGACTCC	1
323	322	2	TGAAGATTGAGGGATGCGACTCCA	1
324	323	2	GAAGATTGAGGGATGCGACTCCAA	1
325	324	2	AAGATTGAGGGATGCGACTCCAAG	1
326	325	2	AGATTGAGGGATGCGACTCCAAGG	1
327	326	2	GATTGAGGGATGCGACTCCAAGGA	1
328	327	2	ATTGAGGGATGCGACTCCAAGGAG	1
329	328	1	TTGAGGGATGCGACTCCAAGGAGG	1
330	329	1	TGAGGGATGCGACTCCAAGGAGGA	1
