Component 291
1	-1	0	ATATTAATGGCAGTAATACTTTGG	1
2	1	1	TATTAATGGCAGTAATACTTTGGC	1
3	2	2	ATTAATGGCAGTAATACTTTGGCT	1
4	3	2	TTAATGGCAGTAATACTTTGGCTT	1
5	4	3	TAATGGCAGTAATACTTTGGCTTG	1
6	5	3	AATGGCAGTAATACTTTGGCTTGC	1
7	6	3	ATGGCAGTAATACTTTGGCTTGCA	1
8	7	3	TGGCAGTAATACTTTGGCTTGCAT	1
9	8	3	GGCAGTAATACTTTGGCTTGCATC	1
10	9	3	GCAGTAATACTTTGGCTTGCATCT	1
11	10	3	CAGTAATACTTTGGCTTGCATCTG	1
12	11	3	AGTAATACTTTGGCTTGCATCTGT	1
13	12	3	GTAATACTTTGGCTTGCATCTGTA	1
14	13	3	TAATACTTTGGCTTGCATCTGTAA	1
15	14	3	AATACTTTGGCTTGCATCTGTAAC	1
16	15	3	ATACTTTGGCTTGCATCTGTAACA	1
17	16	3	TACTTTGGCTTGCATCTGTAACAT	1
18	17	3	ACTTTGGCTTGCATCTGTAACATT	1
19	18	3	CTTTGGCTTGCATCTGTAACATTA	1
20	19	3	TTTGGCTTGCATCTGTAACATTAA	1
21	20	3	TTGGCTTGCATCTGTAACATTAAA	1
22	21	3	TGGCTTGCATCTGTAACATTAAAA	1
23	22	3	GGCTTGCATCTGTAACATTAAAAA	1
24	23	3	GCTTGCATCTGTAACATTAAAAAA	1
25	24	4	CTTGCATCTGTAACATTAAAAAAG	1
26	25	4	TTGCATCTGTAACATTAAAAAAGA	1
27	26	4	TGCATCTGTAACATTAAAAAAGAT	1
28	27	4	GCATCTGTAACATTAAAAAAGATA	1
29	28	4	CATCTGTAACATTAAAAAAGATAA	1
30	29	4	ATCTGTAACATTAAAAAAGATAAC	1
31	30	4	TCTGTAACATTAAAAAAGATAACA	1
32	31	4	CTGTAACATTAAAAAAGATAACAA	1
33	32	4	TGTAACATTAAAAAAGATAACAAA	1
34	33	4	GTAACATTAAAAAAGATAACAAAC	1
35	34	5	TAACATTAAAAAAGATAACAAACC	1
36	35	5	AACATTAAAAAAGATAACAAACCT	1
37	36	5	ACATTAAAAAAGATAACAAACCTA	1
38	37	5	CATTAAAAAAGATAACAAACCTAC	1
39	38	5	ATTAAAAAAGATAACAAACCTACT	1
40	39	5	TTAAAAAAGATAACAAACCTACTA	1
41	40	5	TAAAAAAGATAACAAACCTACTAA	1
42	41	5	AAAAAAGATAACAAACCTACTAAA	1
43	42	5	AAAAAGATAACAAACCTACTAAAA	1
44	43	5	AAAAGATAACAAACCTACTAAAAT	1
45	44	5	AAAGATAACAAACCTACTAAAATT	1
46	45	4	AAGATAACAAACCTACTAAAATTT	1
47	46	4	AGATAACAAACCTACTAAAATTTA	1
48	47	4	GATAACAAACCTACTAAAATTTAC	1
49	48	3	ATAACAAACCTACTAAAATTTACC	1
50	49	3	TAACAAACCTACTAAAATTTACCC	1
51	50	2	AACAAACCTACTAAAATTTACCCC	1
52	51	3	ACAAACCTACTAAAATTTACCCCT	1
53	52	3	CAAACCTACTAAAATTTACCCCTT	1
54	53	3	AAACCTACTAAAATTTACCCCTTA	1
55	54	3	AACCTACTAAAATTTACCCCTTAC	1
56	55	3	ACCTACTAAAATTTACCCCTTACC	1
57	56	3	CCTACTAAAATTTACCCCTTACCT	1
58	57	3	CTACTAAAATTTACCCCTTACCTC	1
59	58	3	TACTAAAATTTACCCCTTACCTCA	1
60	59	3	ACTAAAATTTACCCCTTACCTCAT	1
61	60	3	CTAAAATTTACCCCTTACCTCATT	1
62	61	3	TAAAATTTACCCCTTACCTCATTG	1
63	62	3	AAAATTTACCCCTTACCTCATTGC	1
64	63	3	AAATTTACCCCTTACCTCATTGCT	1
65	64	3	AATTTACCCCTTACCTCATTGCTT	1
66	65	3	ATTTACCCCTTACCTCATTGCTTC	1
67	66	3	TTTACCCCTTACCTCATTGCTTCA	1
68	67	3	TTACCCCTTACCTCATTGCTTCAT	1
69	68	3	TACCCCTTACCTCATTGCTTCATC	1
70	69	3	ACCCCTTACCTCATTGCTTCATCG	1
71	70	3	CCCCTTACCTCATTGCTTCATCGT	1
72	71	3	CCCTTACCTCATTGCTTCATCGTA	1
73	72	3	CCTTACCTCATTGCTTCATCGTAA	1
74	73	3	CTTACCTCATTGCTTCATCGTAAA	1
75	74	3	TTACCTCATTGCTTCATCGTAAAG	1
76	75	3	TACCTCATTGCTTCATCGTAAAGG	1
77	76	3	ACCTCATTGCTTCATCGTAAAGGA	1
78	77	3	CCTCATTGCTTCATCGTAAAGGAT	1
79	78	2	CTCATTGCTTCATCGTAAAGGATC	1
80	79	2	TCATTGCTTCATCGTAAAGGATCT	1
81	80	2	CATTGCTTCATCGTAAAGGATCTC	1
82	81	2	ATTGCTTCATCGTAAAGGATCTCG	1
83	82	2	TTGCTTCATCGTAAAGGATCTCGT	1
84	83	2	TGCTTCATCGTAAAGGATCTCGTA	1
85	84	2	GCTTCATCGTAAAGGATCTCGTAC	1
86	85	2	CTTCATCGTAAAGGATCTCGTACC	1
87	86	2	TTCATCGTAAAGGATCTCGTACCT	1
88	87	2	TCATCGTAAAGGATCTCGTACCTG	1
89	88	3	CATCGTAAAGGATCTCGTACCTGA	1
90	89	3	ATCGTAAAGGATCTCGTACCTGAC	1
91	90	2	TCGTAAAGGATCTCGTACCTGACC	1
92	91	2	CGTAAAGGATCTCGTACCTGACCT	1
93	92	2	GTAAAGGATCTCGTACCTGACCTA	1
94	93	2	TAAAGGATCTCGTACCTGACCTAA	1
95	94	2	AAAGGATCTCGTACCTGACCTAAC	1
96	95	1	AAGGATCTCGTACCTGACCTAACC	1
97	96	1	AGGATCTCGTACCTGACCTAACCT	1
98	97	1	GGATCTCGTACCTGACCTAACCTA	1
99	98	1	GATCTCGTACCTGACCTAACCTAC	1
100	99	1	ATCTCGTACCTGACCTAACCTACT	1
101	100	2	TCTCGTACCTGACCTAACCTACTT	1
102	101	2	CTCGTACCTGACCTAACCTACTTT	1
103	102	2	TCGTACCTGACCTAACCTACTTTT	1
104	103	2	CGTACCTGACCTAACCTACTTTTA	1
105	104	2	GTACCTGACCTAACCTACTTTTAT	1
106	105	2	TACCTGACCTAACCTACTTTTATA	1
107	106	2	ACCTGACCTAACCTACTTTTATAA	1
108	107	2	CCTGACCTAACCTACTTTTATAAG	1
109	108	2	CTGACCTAACCTACTTTTATAAGC	1
110	109	2	TGACCTAACCTACTTTTATAAGCA	1
111	110	2	GACCTAACCTACTTTTATAAGCAA	1
112	111	2	ACCTAACCTACTTTTATAAGCAAT	1
113	112	2	CCTAACCTACTTTTATAAGCAATA	1
114	113	2	CTAACCTACTTTTATAAGCAATAT	1
115	114	2	TAACCTACTTTTATAAGCAATATA	1
116	115	2	AACCTACTTTTATAAGCAATATAA	1
117	116	2	ACCTACTTTTATAAGCAATATAAG	1
118	117	2	CCTACTTTTATAAGCAATATAAGA	1
119	118	2	CTACTTTTATAAGCAATATAAGAG	1
120	119	2	TACTTTTATAAGCAATATAAGAGT	1
121	120	2	ACTTTTATAAGCAATATAAGAGTA	1
122	121	2	CTTTTATAAGCAATATAAGAGTAT	1
123	122	2	TTTTATAAGCAATATAAGAGTATT	1
124	123	2	TTTATAAGCAATATAAGAGTATTG	1
125	124	2	TTATAAGCAATATAAGAGTATTGA	1
126	125	2	TATAAGCAATATAAGAGTATTGAA	1
127	126	2	ATAAGCAATATAAGAGTATTGAAC	1
128	127	2	TAAGCAATATAAGAGTATTGAACC	1
129	128	2	AAGCAATATAAGAGTATTGAACCC	1
130	129	2	AGCAATATAAGAGTATTGAACCCT	1
131	130	2	GCAATATAAGAGTATTGAACCCTG	1
132	131	2	CAATATAAGAGTATTGAACCCTGG	1
133	132	1	AATATAAGAGTATTGAACCCTGGT	1
134	133	1	ATATAAGAGTATTGAACCCTGGTT	1
135	134	1	TATAAGAGTATTGAACCCTGGTTG	1
136	135	1	ATAAGAGTATTGAACCCTGGTTGC	1
137	136	1	TAAGAGTATTGAACCCTGGTTGCA	1
138	137	1	AAGAGTATTGAACCCTGGTTGCAA	1
139	138	1	AGAGTATTGAACCCTGGTTGCAAA	1
140	139	1	GAGTATTGAACCCTGGTTGCAAAA	1
141	140	1	AGTATTGAACCCTGGTTGCAAAAC	1
142	141	1	GTATTGAACCCTGGTTGCAAAACG	1
143	142	1	TATTGAACCCTGGTTGCAAAACGA	1
144	143	1	ATTGAACCCTGGTTGCAAAACGAT	1
145	-1	0	CAATATTAAAAATCAAAACATATC	1
146	145	2	AATATTAAAAATCAAAACATATCG	1
147	146	2	ATATTAAAAATCAAAACATATCGA	1
148	147	2	TATTAAAAATCAAAACATATCGAG	1
149	148	2	ATTAAAAATCAAAACATATCGAGA	1
150	149	2	TTAAAAATCAAAACATATCGAGAT	1
151	150	2	TAAAAATCAAAACATATCGAGATG	1
152	151	3	AAAAATCAAAACATATCGAGATGT	1
153	152	4	AAAATCAAAACATATCGAGATGTT	1
154	153	4	AAATCAAAACATATCGAGATGTTC	1
155	154	4	AATCAAAACATATCGAGATGTTCA	1
156	155	4	ATCAAAACATATCGAGATGTTCAG	1
157	156	4	TCAAAACATATCGAGATGTTCAGC	1
158	157	6	CAAAACATATCGAGATGTTCAGCC	1
159	158	6	AAAACATATCGAGATGTTCAGCCG	1
160	159	6	AAACATATCGAGATGTTCAGCCGT	1
161	160	6	AACATATCGAGATGTTCAGCCGTC	1
162	161	6	ACATATCGAGATGTTCAGCCGTCG	1
163	162	6	CATATCGAGATGTTCAGCCGTCGA	1
164	163	6	ATATCGAGATGTTCAGCCGTCGAA	1
165	164	6	TATCGAGATGTTCAGCCGTCGAAT	1
166	165	6	ATCGAGATGTTCAGCCGTCGAATT	1
167	166	6	TCGAGATGTTCAGCCGTCGAATTC	1
168	167	7	CGAGATGTTCAGCCGTCGAATTCA	1
169	168	7	GAGATGTTCAGCCGTCGAATTCAA	1
170	169	7	AGATGTTCAGCCGTCGAATTCAAG	1
171	170	7	GATGTTCAGCCGTCGAATTCAAGT	1
172	171	7	ATGTTCAGCCGTCGAATTCAAGTT	1
173	172	7	TGTTCAGCCGTCGAATTCAAGTTT	1
174	173	7	GTTCAGCCGTCGAATTCAAGTTTT	1
175	174	7	TTCAGCCGTCGAATTCAAGTTTTG	1
176	175	7	TCAGCCGTCGAATTCAAGTTTTGA	1
177	176	7	CAGCCGTCGAATTCAAGTTTTGAG	1
178	177	7	AGCCGTCGAATTCAAGTTTTGAGC	1
179	178	7	GCCGTCGAATTCAAGTTTTGAGCC	1
180	179	7	CCGTCGAATTCAAGTTTTGAGCCC	1
181	180	7	CGTCGAATTCAAGTTTTGAGCCCG	1
182	181	7	GTCGAATTCAAGTTTTGAGCCCGT	1
183	182	7	TCGAATTCAAGTTTTGAGCCCGTT	1
184	183	7	CGAATTCAAGTTTTGAGCCCGTTT	1
185	184	7	GAATTCAAGTTTTGAGCCCGTTTT	1
186	185	7	AATTCAAGTTTTGAGCCCGTTTTT	1
187	186	7	ATTCAAGTTTTGAGCCCGTTTTTG	1
188	187	7	TTCAAGTTTTGAGCCCGTTTTTGA	1
189	188	7	TCAAGTTTTGAGCCCGTTTTTGAA	1
190	189	5	CAAGTTTTGAGCCCGTTTTTGAAG	1
191	190	5	AAGTTTTGAGCCCGTTTTTGAAGC	1
192	191	5	AGTTTTGAGCCCGTTTTTGAAGCA	1
193	192	5	GTTTTGAGCCCGTTTTTGAAGCAT	1
194	193	5	TTTTGAGCCCGTTTTTGAAGCATT	1
195	194	5	TTTGAGCCCGTTTTTGAAGCATTT	1
196	195	4	TTGAGCCCGTTTTTGAAGCATTTT	1
197	196	3	TGAGCCCGTTTTTGAAGCATTTTG	1
198	197	3	GAGCCCGTTTTTGAAGCATTTTGT	1
199	198	3	AGCCCGTTTTTGAAGCATTTTGTT	1
200	199	3	GCCCGTTTTTGAAGCATTTTGTTA	1
201	200	3	CCCGTTTTTGAAGCATTTTGTTAA	1
202	201	1	CCGTTTTTGAAGCATTTTGTTAAC	1
203	202	1	CGTTTTTGAAGCATTTTGTTAACA	1
204	203	2	GTTTTTGAAGCATTTTGTTAACAG	1
205	204	2	TTTTTGAAGCATTTTGTTAACAGA	1
206	205	2	TTTTGAAGCATTTTGTTAACAGAA	1
207	206	2	TTTGAAGCATTTTGTTAACAGAAA	1
208	207	2	TTGAAGCATTTTGTTAACAGAAAT	1
209	208	2	TGAAGCATTTTGTTAACAGAAATG	1
210	209	2	GAAGCATTTTGTTAACAGAAATGC	1
211	210	2	AAGCATTTTGTTAACAGAAATGCC	1
212	211	2	AGCATTTTGTTAACAGAAATGCCC	1
213	212	2	GCATTTTGTTAACAGAAATGCCCG	1
214	213	2	CATTTTGTTAACAGAAATGCCCGT	1
215	214	2	ATTTTGTTAACAGAAATGCCCGTA	1
216	215	2	TTTTGTTAACAGAAATGCCCGTAT	1
217	216	2	TTTGTTAACAGAAATGCCCGTATG	1
218	217	2	TTGTTAACAGAAATGCCCGTATGA	1
219	218	2	TGTTAACAGAAATGCCCGTATGAT	1
220	219	2	GTTAACAGAAATGCCCGTATGATG	1
221	220	2	TTAACAGAAATGCCCGTATGATGG	1
222	221	2	TAACAGAAATGCCCGTATGATGGC	1
223	222	2	AACAGAAATGCCCGTATGATGGCT	1
224	223	2	ACAGAAATGCCCGTATGATGGCTA	1
225	224	2	CAGAAATGCCCGTATGATGGCTAC	1
226	225	2	AGAAATGCCCGTATGATGGCTACA	1
227	226	2	GAAATGCCCGTATGATGGCTACAG	1
228	227	2	AAATGCCCGTATGATGGCTACAGA	1
229	228	2	AATGCCCGTATGATGGCTACAGAG	1
230	229	2	ATGCCCGTATGATGGCTACAGAGG	1
231	230	2	TGCCCGTATGATGGCTACAGAGGC	1
232	231	2	GCCCGTATGATGGCTACAGAGGCC	1
233	232	2	CCCGTATGATGGCTACAGAGGCCA	1
234	233	2	CCGTATGATGGCTACAGAGGCCAA	1
235	234	2	CGTATGATGGCTACAGAGGCCAAC	1
236	235	2	GTATGATGGCTACAGAGGCCAACA	1
237	236	2	TATGATGGCTACAGAGGCCAACAT	1
238	237	2	ATGATGGCTACAGAGGCCAACATA	1
239	238	2	TGATGGCTACAGAGGCCAACATAT	1
240	239	2	GATGGCTACAGAGGCCAACATATC	1
241	240	3	ATGGCTACAGAGGCCAACATATCT	1
242	241	3	TGGCTACAGAGGCCAACATATCTG	1
243	242	3	GGCTACAGAGGCCAACATATCTGC	1
244	243	3	GCTACAGAGGCCAACATATCTGCC	1
245	244	3	CTACAGAGGCCAACATATCTGCCA	1
246	245	3	TACAGAGGCCAACATATCTGCCAC	1
247	246	3	ACAGAGGCCAACATATCTGCCACT	1
248	247	2	CAGAGGCCAACATATCTGCCACTT	1
249	248	2	AGAGGCCAACATATCTGCCACTTC	1
250	249	2	GAGGCCAACATATCTGCCACTTCT	1
251	250	2	AGGCCAACATATCTGCCACTTCTG	1
252	251	2	GGCCAACATATCTGCCACTTCTGC	1
253	252	2	GCCAACATATCTGCCACTTCTGCT	1
254	253	3	CCAACATATCTGCCACTTCTGCTA	1
255	254	3	CAACATATCTGCCACTTCTGCTAA	1
256	255	2	AACATATCTGCCACTTCTGCTAAT	1
257	256	2	ACATATCTGCCACTTCTGCTAATC	1
258	257	2	CATATCTGCCACTTCTGCTAATCC	1
259	258	2	ATATCTGCCACTTCTGCTAATCCT	1
260	259	2	TATCTGCCACTTCTGCTAATCCTC	1
261	260	2	ATCTGCCACTTCTGCTAATCCTCA	1
262	261	2	TCTGCCACTTCTGCTAATCCTCAG	1
263	262	2	CTGCCACTTCTGCTAATCCTCAGT	1
264	263	2	TGCCACTTCTGCTAATCCTCAGTC	1
265	264	2	GCCACTTCTGCTAATCCTCAGTCA	1
266	265	2	CCACTTCTGCTAATCCTCAGTCAC	1
267	266	3	CACTTCTGCTAATCCTCAGTCACA	1
268	267	4	ACTTCTGCTAATCCTCAGTCACAG	1
269	268	4	CTTCTGCTAATCCTCAGTCACAGG	1
270	269	5	TTCTGCTAATCCTCAGTCACAGGG	1
271	270	5	TCTGCTAATCCTCAGTCACAGGGT	1
272	271	5	CTGCTAATCCTCAGTCACAGGGTG	1
273	272	5	TGCTAATCCTCAGTCACAGGGTGA	1
274	273	5	GCTAATCCTCAGTCACAGGGTGAA	1
275	274	5	CTAATCCTCAGTCACAGGGTGAAA	1
276	275	6	TAATCCTCAGTCACAGGGTGAAAA	1
277	276	6	AATCCTCAGTCACAGGGTGAAAAT	1
278	277	6	ATCCTCAGTCACAGGGTGAAAATT	1
279	278	6	TCCTCAGTCACAGGGTGAAAATTT	1
280	279	6	CCTCAGTCACAGGGTGAAAATTTA	1
281	280	6	CTCAGTCACAGGGTGAAAATTTAA	1
282	281	6	TCAGTCACAGGGTGAAAATTTAAA	1
283	282	6	CAGTCACAGGGTGAAAATTTAAAA	1
284	283	6	AGTCACAGGGTGAAAATTTAAAAA	1
285	284	6	GTCACAGGGTGAAAATTTAAAAAC	1
286	285	6	TCACAGGGTGAAAATTTAAAAACT	1
287	286	6	CACAGGGTGAAAATTTAAAAACTT	1
288	287	6	ACAGGGTGAAAATTTAAAAACTTT	1
289	288	6	CAGGGTGAAAATTTAAAAACTTTC	1
290	289	6	AGGGTGAAAATTTAAAAACTTTCG	1
291	290	6	GGGTGAAAATTTAAAAACTTTCGA	1
292	291	6	GGTGAAAATTTAAAAACTTTCGAG	1
293	292	6	GTGAAAATTTAAAAACTTTCGAGA	1
294	293	6	TGAAAATTTAAAAACTTTCGAGAT	1
295	294	6	GAAAATTTAAAAACTTTCGAGATT	1
296	295	6	AAAATTTAAAAACTTTCGAGATTT	1
297	296	6	AAATTTAAAAACTTTCGAGATTTA	1
298	297	5	AATTTAAAAACTTTCGAGATTTAT	1
299	298	5	ATTTAAAAACTTTCGAGATTTATC	1
300	299	5	TTTAAAAACTTTCGAGATTTATCG	1
301	300	5	TTAAAAACTTTCGAGATTTATCGC	1
302	301	5	TAAAAACTTTCGAGATTTATCGCT	1
303	302	5	AAAAACTTTCGAGATTTATCGCTG	1
304	303	5	AAAACTTTCGAGATTTATCGCTGG	1
305	304	5	AAACTTTCGAGATTTATCGCTGGA	1
306	305	5	AACTTTCGAGATTTATCGCTGGAA	1
307	306	5	ACTTTCGAGATTTATCGCTGGAAC	1
308	307	5	CTTTCGAGATTTATCGCTGGAACC	1
309	308	5	TTTCGAGATTTATCGCTGGAACCC	1
310	309	7	TTCGAGATTTATCGCTGGAACCCA	1
311	310	6	TCGAGATTTATCGCTGGAACCCAG	1
312	311	5	CGAGATTTATCGCTGGAACCCAGA	1
313	312	5	GAGATTTATCGCTGGAACCCAGAG	1
314	313	4	AGATTTATCGCTGGAACCCAGAGA	1
315	314	4	GATTTATCGCTGGAACCCAGAGAA	1
316	315	4	ATTTATCGCTGGAACCCAGAGAAA	1
317	316	4	TTTATCGCTGGAACCCAGAGAAAC	1
318	317	4	TTATCGCTGGAACCCAGAGAAACC	1
319	318	4	TATCGCTGGAACCCAGAGAAACCA	1
320	319	3	ATCGCTGGAACCCAGAGAAACCAG	1
321	320	3	TCGCTGGAACCCAGAGAAACCAGA	1
322	321	3	CGCTGGAACCCAGAGAAACCAGAA	1
323	322	3	GCTGGAACCCAGAGAAACCAGAAG	1
324	323	3	CTGGAACCCAGAGAAACCAGAAGT	1
325	324	5	TGGAACCCAGAGAAACCAGAAGTA	1
326	325	5	GGAACCCAGAGAAACCAGAAGTAA	1
327	326	5	GAACCCAGAGAAACCAGAAGTAAA	1
328	327	5	AACCCAGAGAAACCAGAAGTAAAG	1
329	328	4	ACCCAGAGAAACCAGAAGTAAAGC	1
330	329	4	CCCAGAGAAACCAGAAGTAAAGCC	1
331	330	4	CCAGAGAAACCAGAAGTAAAGCCA	1
332	331	4	CAGAGAAACCAGAAGTAAAGCCAA	1
333	332	4	AGAGAAACCAGAAGTAAAGCCAAA	1
334	333	4	GAGAAACCAGAAGTAAAGCCAAAG	1
335	334	4	AGAAACCAGAAGTAAAGCCAAAGC	1
336	335	4	GAAACCAGAAGTAAAGCCAAAGCT	1
337	336	4	AAACCAGAAGTAAAGCCAAAGCTT	1
338	337	4	AACCAGAAGTAAAGCCAAAGCTTC	1
339	338	4	ACCAGAAGTAAAGCCAAAGCTTCA	1
340	339	4	CCAGAAGTAAAGCCAAAGCTTCAA	1
341	340	4	CAGAAGTAAAGCCAAAGCTTCAAA	1
342	341	4	AGAAGTAAAGCCAAAGCTTCAAAA	1
343	342	4	GAAGTAAAGCCAAAGCTTCAAAAG	1
344	343	4	AAGTAAAGCCAAAGCTTCAAAAGT	1
345	344	4	AGTAAAGCCAAAGCTTCAAAAGTA	1
346	345	4	GTAAAGCCAAAGCTTCAAAAGTAT	1
347	346	4	TAAAGCCAAAGCTTCAAAAGTATA	1
348	347	4	AAAGCCAAAGCTTCAAAAGTATAC	1
349	348	4	AAGCCAAAGCTTCAAAAGTATACA	1
350	349	4	AGCCAAAGCTTCAAAAGTATACAG	1
351	350	4	GCCAAAGCTTCAAAAGTATACAGT	1
352	351	4	CCAAAGCTTCAAAAGTATACAGTC	1
353	352	4	CAAAGCTTCAAAAGTATACAGTCG	1
354	353	2	AAAGCTTCAAAAGTATACAGTCGA	1
355	354	2	AAGCTTCAAAAGTATACAGTCGAC	1
356	355	2	AGCTTCAAAAGTATACAGTCGACT	1
357	356	2	GCTTCAAAAGTATACAGTCGACTT	1
358	357	2	CTTCAAAAGTATACAGTCGACTTA	1
359	358	2	TTCAAAAGTATACAGTCGACTTAA	1
360	359	2	TCAAAAGTATACAGTCGACTTAAC	1
361	360	2	CAAAAGTATACAGTCGACTTAACA	1
362	361	2	AAAAGTATACAGTCGACTTAACAA	1
363	362	2	AAAGTATACAGTCGACTTAACAAA	1
364	363	2	AAGTATACAGTCGACTTAACAAAA	1
365	364	2	AGTATACAGTCGACTTAACAAAAT	1
366	365	2	GTATACAGTCGACTTAACAAAATG	1
367	366	2	TATACAGTCGACTTAACAAAATGC	1
368	367	2	ATACAGTCGACTTAACAAAATGCG	1
