Component 297
1	-1	0	CCTAAGTACACCGTTTGGTACTTT	1
2	1	1	CTAAGTACACCGTTTGGTACTTTC	1
3	2	1	TAAGTACACCGTTTGGTACTTTCC	1
4	3	1	AAGTACACCGTTTGGTACTTTCCA	1
5	4	1	AGTACACCGTTTGGTACTTTCCAC	1
6	5	1	GTACACCGTTTGGTACTTTCCACG	1
7	6	1	TACACCGTTTGGTACTTTCCACGA	1
8	7	1	ACACCGTTTGGTACTTTCCACGAA	1
9	8	1	CACCGTTTGGTACTTTCCACGAAC	1
10	9	1	ACCGTTTGGTACTTTCCACGAACG	1
11	10	1	CCGTTTGGTACTTTCCACGAACGT	1
12	11	1	CGTTTGGTACTTTCCACGAACGTA	1
13	12	1	GTTTGGTACTTTCCACGAACGTAC	1
14	13	1	TTTGGTACTTTCCACGAACGTACC	1
15	14	1	TTGGTACTTTCCACGAACGTACCA	1
16	15	1	TGGTACTTTCCACGAACGTACCAT	1
17	16	1	GGTACTTTCCACGAACGTACCATT	1
18	17	1	GTACTTTCCACGAACGTACCATTT	1
19	18	1	TACTTTCCACGAACGTACCATTTC	1
20	19	1	ACTTTCCACGAACGTACCATTTCC	1
21	20	1	CTTTCCACGAACGTACCATTTCCT	1
22	21	1	TTTCCACGAACGTACCATTTCCTC	1
23	22	1	TTCCACGAACGTACCATTTCCTCA	1
24	23	1	TCCACGAACGTACCATTTCCTCAT	1
25	24	1	CCACGAACGTACCATTTCCTCATT	1
26	25	1	CACGAACGTACCATTTCCTCATTA	1
27	26	1	ACGAACGTACCATTTCCTCATTAA	1
28	27	1	CGAACGTACCATTTCCTCATTAAT	1
29	28	1	GAACGTACCATTTCCTCATTAATT	1
30	29	1	AACGTACCATTTCCTCATTAATTT	1
31	30	1	ACGTACCATTTCCTCATTAATTTT	1
32	31	1	CGTACCATTTCCTCATTAATTTTC	1
33	32	1	GTACCATTTCCTCATTAATTTTCC	1
34	33	1	TACCATTTCCTCATTAATTTTCCT	1
35	34	1	ACCATTTCCTCATTAATTTTCCTT	1
36	35	1	CCATTTCCTCATTAATTTTCCTTG	1
37	36	1	CATTTCCTCATTAATTTTCCTTGT	1
38	37	2	ATTTCCTCATTAATTTTCCTTGTA	1
39	38	2	TTTCCTCATTAATTTTCCTTGTAA	1
40	39	2	TTCCTCATTAATTTTCCTTGTAAA	1
41	40	2	TCCTCATTAATTTTCCTTGTAAAG	1
42	41	3	CCTCATTAATTTTCCTTGTAAAGG	1
43	42	3	CTCATTAATTTTCCTTGTAAAGGA	1
44	43	3	TCATTAATTTTCCTTGTAAAGGAG	1
45	44	3	CATTAATTTTCCTTGTAAAGGAGT	1
46	45	2	ATTAATTTTCCTTGTAAAGGAGTA	1
47	46	2	TTAATTTTCCTTGTAAAGGAGTAA	1
48	47	2	TAATTTTCCTTGTAAAGGAGTAAA	1
49	48	2	AATTTTCCTTGTAAAGGAGTAAAA	1
50	49	2	ATTTTCCTTGTAAAGGAGTAAAAA	1
51	50	2	TTTTCCTTGTAAAGGAGTAAAAAT	1
52	51	2	TTTCCTTGTAAAGGAGTAAAAATT	1
53	52	2	TTCCTTGTAAAGGAGTAAAAATTA	1
54	53	2	TCCTTGTAAAGGAGTAAAAATTAT	1
55	54	2	CCTTGTAAAGGAGTAAAAATTATC	1
56	55	2	CTTGTAAAGGAGTAAAAATTATCC	1
57	56	2	TTGTAAAGGAGTAAAAATTATCCA	1
58	57	2	TGTAAAGGAGTAAAAATTATCCAC	1
59	58	2	GTAAAGGAGTAAAAATTATCCACA	1
60	59	2	TAAAGGAGTAAAAATTATCCACAT	1
61	60	2	AAAGGAGTAAAAATTATCCACATT	1
62	61	2	AAGGAGTAAAAATTATCCACATTC	1
63	62	2	AGGAGTAAAAATTATCCACATTCA	1
64	63	2	GGAGTAAAAATTATCCACATTCAT	1
65	64	2	GAGTAAAAATTATCCACATTCATA	1
66	65	2	AGTAAAAATTATCCACATTCATAA	1
67	66	2	GTAAAAATTATCCACATTCATAAG	1
68	67	2	TAAAAATTATCCACATTCATAAGT	1
69	68	2	AAAAATTATCCACATTCATAAGTT	1
70	69	3	AAAATTATCCACATTCATAAGTTT	1
71	70	3	AAATTATCCACATTCATAAGTTTT	1
72	71	3	AATTATCCACATTCATAAGTTTTA	1
73	72	3	ATTATCCACATTCATAAGTTTTAA	1
74	73	3	TTATCCACATTCATAAGTTTTAAC	1
75	74	3	TATCCACATTCATAAGTTTTAACG	1
76	75	3	ATCCACATTCATAAGTTTTAACGT	1
77	76	3	TCCACATTCATAAGTTTTAACGTT	1
78	77	3	CCACATTCATAAGTTTTAACGTTA	1
79	78	3	CACATTCATAAGTTTTAACGTTAT	1
80	79	3	ACATTCATAAGTTTTAACGTTATA	1
81	80	3	CATTCATAAGTTTTAACGTTATAC	1
82	81	2	ATTCATAAGTTTTAACGTTATACT	1
83	82	2	TTCATAAGTTTTAACGTTATACTT	1
84	83	2	TCATAAGTTTTAACGTTATACTTA	1
85	84	2	CATAAGTTTTAACGTTATACTTAA	1
86	85	1	ATAAGTTTTAACGTTATACTTAAA	1
87	86	1	TAAGTTTTAACGTTATACTTAAAC	1
88	87	1	AAGTTTTAACGTTATACTTAAACA	1
89	88	1	AGTTTTAACGTTATACTTAAACAA	1
90	89	1	GTTTTAACGTTATACTTAAACAAA	1
91	90	1	TTTTAACGTTATACTTAAACAAAA	1
92	91	1	TTTAACGTTATACTTAAACAAAAT	1
93	92	1	TTAACGTTATACTTAAACAAAATG	1
94	93	1	TAACGTTATACTTAAACAAAATGG	1
95	94	1	AACGTTATACTTAAACAAAATGGG	1
96	95	1	ACGTTATACTTAAACAAAATGGGC	1
97	96	1	CGTTATACTTAAACAAAATGGGCA	1
98	97	1	GTTATACTTAAACAAAATGGGCAT	1
99	98	1	TTATACTTAAACAAAATGGGCATT	1
100	99	1	TATACTTAAACAAAATGGGCATTT	1
101	100	1	ATACTTAAACAAAATGGGCATTTT	1
102	101	1	TACTTAAACAAAATGGGCATTTTC	1
103	102	1	ACTTAAACAAAATGGGCATTTTCG	1
104	103	1	CTTAAACAAAATGGGCATTTTCGG	1
105	104	1	TTAAACAAAATGGGCATTTTCGGT	1
106	105	1	TAAACAAAATGGGCATTTTCGGTG	1
107	106	1	AAACAAAATGGGCATTTTCGGTGG	1
108	107	1	AACAAAATGGGCATTTTCGGTGGA	1
109	108	1	ACAAAATGGGCATTTTCGGTGGAA	1
110	109	1	CAAAATGGGCATTTTCGGTGGAAA	1
111	110	1	AAAATGGGCATTTTCGGTGGAAAT	1
112	111	1	AAATGGGCATTTTCGGTGGAAATA	1
113	112	1	AATGGGCATTTTCGGTGGAAATAG	1
114	-1	0	AAAAAATCCATTTTCATGAAACAA	1
115	114	1	AAAAATCCATTTTCATGAAACAAA	1
116	115	1	AAAATCCATTTTCATGAAACAAAT	1
117	116	1	AAATCCATTTTCATGAAACAAATT	1
118	117	1	AATCCATTTTCATGAAACAAATTC	1
119	118	1	ATCCATTTTCATGAAACAAATTCG	1
120	119	1	TCCATTTTCATGAAACAAATTCGT	1
121	120	1	CCATTTTCATGAAACAAATTCGTC	1
122	121	1	CATTTTCATGAAACAAATTCGTCA	1
123	122	1	ATTTTCATGAAACAAATTCGTCAG	1
124	123	1	TTTTCATGAAACAAATTCGTCAGG	1
125	124	1	TTTCATGAAACAAATTCGTCAGGA	1
126	125	1	TTCATGAAACAAATTCGTCAGGAA	1
127	126	1	TCATGAAACAAATTCGTCAGGAAC	1
128	127	1	CATGAAACAAATTCGTCAGGAACT	1
129	128	1	ATGAAACAAATTCGTCAGGAACTT	1
130	129	1	TGAAACAAATTCGTCAGGAACTTG	1
131	130	1	GAAACAAATTCGTCAGGAACTTGC	1
132	131	1	AAACAAATTCGTCAGGAACTTGCT	1
133	132	1	AACAAATTCGTCAGGAACTTGCTG	1
134	133	1	ACAAATTCGTCAGGAACTTGCTGT	1
135	134	1	CAAATTCGTCAGGAACTTGCTGTT	1
136	135	1	AAATTCGTCAGGAACTTGCTGTTG	1
137	136	1	AATTCGTCAGGAACTTGCTGTTGC	1
138	137	1	ATTCGTCAGGAACTTGCTGTTGCT	1
139	138	1	TTCGTCAGGAACTTGCTGTTGCTC	1
140	139	1	TCGTCAGGAACTTGCTGTTGCTCA	1
141	140	1	CGTCAGGAACTTGCTGTTGCTCAA	1
142	141	1	GTCAGGAACTTGCTGTTGCTCAAG	1
143	142	1	TCAGGAACTTGCTGTTGCTCAAGC	1
144	143	1	CAGGAACTTGCTGTTGCTCAAGCT	1
145	144	1	AGGAACTTGCTGTTGCTCAAGCTG	1
146	145	1	GGAACTTGCTGTTGCTCAAGCTGG	1
147	146	1	GAACTTGCTGTTGCTCAAGCTGGC	1
148	147	1	AACTTGCTGTTGCTCAAGCTGGCG	1
149	148	1	ACTTGCTGTTGCTCAAGCTGGCGA	1
150	149	1	CTTGCTGTTGCTCAAGCTGGCGAA	1
151	150	2	TTGCTGTTGCTCAAGCTGGCGAAT	1
152	151	3	TGCTGTTGCTCAAGCTGGCGAATT	1
153	152	5	GCTGTTGCTCAAGCTGGCGAATTG	1
154	153	5	CTGTTGCTCAAGCTGGCGAATTGA	1
155	154	5	TGTTGCTCAAGCTGGCGAATTGAT	1
156	155	5	GTTGCTCAAGCTGGCGAATTGATA	1
157	156	5	TTGCTCAAGCTGGCGAATTGATAA	1
158	157	5	TGCTCAAGCTGGCGAATTGATAAG	1
159	158	4	GCTCAAGCTGGCGAATTGATAAGT	1
160	159	4	CTCAAGCTGGCGAATTGATAAGTA	1
161	160	4	TCAAGCTGGCGAATTGATAAGTAA	1
162	161	4	CAAGCTGGCGAATTGATAAGTAAA	1
163	162	4	AAGCTGGCGAATTGATAAGTAAAA	1
164	163	4	AGCTGGCGAATTGATAAGTAAAAT	1
165	164	4	GCTGGCGAATTGATAAGTAAAATC	1
166	165	4	CTGGCGAATTGATAAGTAAAATCA	1
167	166	4	TGGCGAATTGATAAGTAAAATCAA	1
168	167	4	GGCGAATTGATAAGTAAAATCAAT	1
169	168	4	GCGAATTGATAAGTAAAATCAATG	1
170	169	4	CGAATTGATAAGTAAAATCAATGA	1
171	170	4	GAATTGATAAGTAAAATCAATGAG	1
172	171	4	AATTGATAAGTAAAATCAATGAGA	1
173	172	4	ATTGATAAGTAAAATCAATGAGAA	1
174	173	4	TTGATAAGTAAAATCAATGAGAAC	1
175	174	4	TGATAAGTAAAATCAATGAGAACT	1
176	175	4	GATAAGTAAAATCAATGAGAACTG	1
177	176	4	ATAAGTAAAATCAATGAGAACTGT	1
178	177	4	TAAGTAAAATCAATGAGAACTGTT	1
179	178	4	AAGTAAAATCAATGAGAACTGTTT	1
180	179	4	AGTAAAATCAATGAGAACTGTTTT	1
181	180	4	GTAAAATCAATGAGAACTGTTTTG	1
182	181	4	TAAAATCAATGAGAACTGTTTTGA	1
183	182	4	AAAATCAATGAGAACTGTTTTGAT	1
184	183	4	AAATCAATGAGAACTGTTTTGATA	1
185	184	4	AATCAATGAGAACTGTTTTGATAA	1
186	185	4	ATCAATGAGAACTGTTTTGATAAA	1
187	186	4	TCAATGAGAACTGTTTTGATAAAT	1
188	187	4	CAATGAGAACTGTTTTGATAAATG	1
189	188	4	AATGAGAACTGTTTTGATAAATGT	1
190	189	4	ATGAGAACTGTTTTGATAAATGTA	1
191	190	4	TGAGAACTGTTTTGATAAATGTAT	1
192	191	4	GAGAACTGTTTTGATAAATGTATC	1
193	192	5	AGAACTGTTTTGATAAATGTATCC	1
194	193	5	GAACTGTTTTGATAAATGTATCCC	1
195	194	4	AACTGTTTTGATAAATGTATCCCG	1
196	195	3	ACTGTTTTGATAAATGTATCCCGG	1
197	196	1	CTGTTTTGATAAATGTATCCCGGA	1
198	197	1	TGTTTTGATAAATGTATCCCGGAG	1
199	198	1	GTTTTGATAAATGTATCCCGGAGC	1
200	199	1	TTTTGATAAATGTATCCCGGAGCC	1
201	200	1	TTTGATAAATGTATCCCGGAGCCT	1
202	201	1	TTGATAAATGTATCCCGGAGCCTG	1
203	202	1	TGATAAATGTATCCCGGAGCCTGG	1
204	203	1	GATAAATGTATCCCGGAGCCTGGT	1
205	204	1	ATAAATGTATCCCGGAGCCTGGTT	1
206	205	1	TAAATGTATCCCGGAGCCTGGTTC	1
207	206	1	AAATGTATCCCGGAGCCTGGTTCC	1
208	207	1	AATGTATCCCGGAGCCTGGTTCCA	1
209	208	1	ATGTATCCCGGAGCCTGGTTCCAC	1
210	209	1	TGTATCCCGGAGCCTGGTTCCACA	1
211	210	1	GTATCCCGGAGCCTGGTTCCACAT	1
212	211	1	TATCCCGGAGCCTGGTTCCACATT	1
213	212	1	ATCCCGGAGCCTGGTTCCACATTC	1
214	213	1	TCCCGGAGCCTGGTTCCACATTCG	1
215	214	1	CCCGGAGCCTGGTTCCACATTCGA	1
216	215	1	CCGGAGCCTGGTTCCACATTCGAT	1
217	216	1	CGGAGCCTGGTTCCACATTCGATC	1
218	217	1	GGAGCCTGGTTCCACATTCGATCC	1
219	218	1	GAGCCTGGTTCCACATTCGATCCC	1
220	219	1	AGCCTGGTTCCACATTCGATCCCA	1
221	220	1	GCCTGGTTCCACATTCGATCCCAA	1
222	221	1	CCTGGTTCCACATTCGATCCCAAT	1
223	222	1	CTGGTTCCACATTCGATCCCAATG	1
224	223	1	TGGTTCCACATTCGATCCCAATGA	1
225	224	1	GGTTCCACATTCGATCCCAATGAA	1
226	225	1	GTTCCACATTCGATCCCAATGAAA	1
227	226	1	TTCCACATTCGATCCCAATGAAAA	1
228	227	1	TCCACATTCGATCCCAATGAAAAG	1
229	228	1	CCACATTCGATCCCAATGAAAAGT	1
230	229	1	CACATTCGATCCCAATGAAAAGTC	1
231	230	1	ACATTCGATCCCAATGAAAAGTCT	1
232	231	1	CATTCGATCCCAATGAAAAGTCTT	1
233	232	1	ATTCGATCCCAATGAAAAGTCTTG	1
234	233	1	TTCGATCCCAATGAAAAGTCTTGC	1
235	234	1	TCGATCCCAATGAAAAGTCTTGCG	1
236	235	1	CGATCCCAATGAAAAGTCTTGCGT	1
