Component 299
1	-1	0	AAGTCATTGAACTTGGATTATTCA	1
2	1	2	AGTCATTGAACTTGGATTATTCAT	1
3	2	2	GTCATTGAACTTGGATTATTCATG	1
4	3	2	TCATTGAACTTGGATTATTCATGC	1
5	4	2	CATTGAACTTGGATTATTCATGCA	1
6	5	2	ATTGAACTTGGATTATTCATGCAC	1
7	6	3	TTGAACTTGGATTATTCATGCACG	1
8	7	3	TGAACTTGGATTATTCATGCACGA	1
9	8	3	GAACTTGGATTATTCATGCACGAT	1
10	9	3	AACTTGGATTATTCATGCACGATT	1
11	10	3	ACTTGGATTATTCATGCACGATTG	1
12	11	3	CTTGGATTATTCATGCACGATTGT	1
13	12	3	TTGGATTATTCATGCACGATTGTG	1
14	13	3	TGGATTATTCATGCACGATTGTGA	1
15	14	3	GGATTATTCATGCACGATTGTGAA	1
16	15	3	GATTATTCATGCACGATTGTGAAG	1
17	16	3	ATTATTCATGCACGATTGTGAAGG	1
18	17	3	TTATTCATGCACGATTGTGAAGGA	1
19	18	3	TATTCATGCACGATTGTGAAGGAG	1
20	19	4	ATTCATGCACGATTGTGAAGGAGA	1
21	20	4	TTCATGCACGATTGTGAAGGAGAA	1
22	21	4	TCATGCACGATTGTGAAGGAGAAA	1
23	22	4	CATGCACGATTGTGAAGGAGAAAT	1
24	23	3	ATGCACGATTGTGAAGGAGAAATG	1
25	24	3	TGCACGATTGTGAAGGAGAAATGG	1
26	25	3	GCACGATTGTGAAGGAGAAATGGT	1
27	26	3	CACGATTGTGAAGGAGAAATGGTT	1
28	27	3	ACGATTGTGAAGGAGAAATGGTTT	1
29	28	3	CGATTGTGAAGGAGAAATGGTTTG	1
30	29	3	GATTGTGAAGGAGAAATGGTTTGC	1
31	30	3	ATTGTGAAGGAGAAATGGTTTGCC	1
32	31	3	TTGTGAAGGAGAAATGGTTTGCCA	1
33	32	3	TGTGAAGGAGAAATGGTTTGCCAG	1
34	33	3	GTGAAGGAGAAATGGTTTGCCAGT	1
35	34	3	TGAAGGAGAAATGGTTTGCCAGTC	1
36	35	3	GAAGGAGAAATGGTTTGCCAGTCA	1
37	36	3	AAGGAGAAATGGTTTGCCAGTCAA	1
38	37	4	AGGAGAAATGGTTTGCCAGTCAAC	1
39	38	4	GGAGAAATGGTTTGCCAGTCAACC	1
40	39	4	GAGAAATGGTTTGCCAGTCAACCA	1
41	40	4	AGAAATGGTTTGCCAGTCAACCAA	1
42	41	4	GAAATGGTTTGCCAGTCAACCAAT	1
43	42	4	AAATGGTTTGCCAGTCAACCAATG	1
44	43	4	AATGGTTTGCCAGTCAACCAATGT	1
45	44	4	ATGGTTTGCCAGTCAACCAATGTT	1
46	45	3	TGGTTTGCCAGTCAACCAATGTTA	1
47	46	3	GGTTTGCCAGTCAACCAATGTTAA	1
48	47	4	GTTTGCCAGTCAACCAATGTTAAA	1
49	48	4	TTTGCCAGTCAACCAATGTTAAAA	1
50	49	4	TTGCCAGTCAACCAATGTTAAAAT	1
51	50	3	TGCCAGTCAACCAATGTTAAAATA	1
52	51	3	GCCAGTCAACCAATGTTAAAATAC	1
53	52	3	CCAGTCAACCAATGTTAAAATACC	1
54	53	3	CAGTCAACCAATGTTAAAATACCT	1
55	54	3	AGTCAACCAATGTTAAAATACCTT	1
56	55	3	GTCAACCAATGTTAAAATACCTTA	1
57	56	3	TCAACCAATGTTAAAATACCTTAT	1
58	57	4	CAACCAATGTTAAAATACCTTATT	1
59	58	4	AACCAATGTTAAAATACCTTATTT	1
60	59	4	ACCAATGTTAAAATACCTTATTTC	1
61	60	4	CCAATGTTAAAATACCTTATTTCA	1
62	61	4	CAATGTTAAAATACCTTATTTCAA	1
63	62	5	AATGTTAAAATACCTTATTTCAAT	1
64	63	4	ATGTTAAAATACCTTATTTCAATG	1
65	64	5	TGTTAAAATACCTTATTTCAATGC	1
66	65	5	GTTAAAATACCTTATTTCAATGCC	1
67	66	5	TTAAAATACCTTATTTCAATGCCC	1
68	67	5	TAAAATACCTTATTTCAATGCCCC	1
69	68	5	AAAATACCTTATTTCAATGCCCCT	1
70	69	5	AAATACCTTATTTCAATGCCCCTA	1
71	70	5	AATACCTTATTTCAATGCCCCTAT	1
72	71	5	ATACCTTATTTCAATGCCCCTATT	1
73	72	5	TACCTTATTTCAATGCCCCTATTT	1
74	73	6	ACCTTATTTCAATGCCCCTATTTA	1
75	74	6	CCTTATTTCAATGCCCCTATTTAT	1
76	75	6	CTTATTTCAATGCCCCTATTTATC	1
77	76	7	TTATTTCAATGCCCCTATTTATCT	1
78	77	7	TATTTCAATGCCCCTATTTATCTG	1
79	78	7	ATTTCAATGCCCCTATTTATCTGG	1
80	79	8	TTTCAATGCCCCTATTTATCTGGA	1
81	80	8	TTCAATGCCCCTATTTATCTGGAG	1
82	81	7	TCAATGCCCCTATTTATCTGGAGA	1
83	82	7	CAATGCCCCTATTTATCTGGAGAA	1
84	83	7	AATGCCCCTATTTATCTGGAGAAC	1
85	84	7	ATGCCCCTATTTATCTGGAGAACA	1
86	85	8	TGCCCCTATTTATCTGGAGAACAA	1
87	86	8	GCCCCTATTTATCTGGAGAACAAG	1
88	87	8	CCCCTATTTATCTGGAGAACAAGT	1
89	88	8	CCCTATTTATCTGGAGAACAAGTC	1
90	89	8	CCTATTTATCTGGAGAACAAGTCC	1
91	90	8	CTATTTATCTGGAGAACAAGTCCC	1
92	91	7	TATTTATCTGGAGAACAAGTCCCA	1
93	92	7	ATTTATCTGGAGAACAAGTCCCAA	1
94	93	7	TTTATCTGGAGAACAAGTCCCAAA	1
95	94	7	TTATCTGGAGAACAAGTCCCAAAT	1
96	95	7	TATCTGGAGAACAAGTCCCAAATT	1
97	96	7	ATCTGGAGAACAAGTCCCAAATTG	1
98	97	7	TCTGGAGAACAAGTCCCAAATTGG	1
99	98	7	CTGGAGAACAAGTCCCAAATTGGT	1
100	99	7	TGGAGAACAAGTCCCAAATTGGTA	1
101	100	7	GGAGAACAAGTCCCAAATTGGTAA	1
102	101	7	GAGAACAAGTCCCAAATTGGTAAA	1
103	102	7	AGAACAAGTCCCAAATTGGTAAAA	1
104	103	7	GAACAAGTCCCAAATTGGTAAAAT	1
105	104	7	AACAAGTCCCAAATTGGTAAAATA	1
106	105	7	ACAAGTCCCAAATTGGTAAAATAG	1
107	106	7	CAAGTCCCAAATTGGTAAAATAGA	1
108	107	7	AAGTCCCAAATTGGTAAAATAGAT	1
109	108	6	AGTCCCAAATTGGTAAAATAGATG	1
110	109	6	GTCCCAAATTGGTAAAATAGATGA	1
111	110	6	TCCCAAATTGGTAAAATAGATGAA	1
112	111	6	CCCAAATTGGTAAAATAGATGAAG	1
113	112	6	CCAAATTGGTAAAATAGATGAAGT	1
114	113	6	CAAATTGGTAAAATAGATGAAGTC	1
115	114	6	AAATTGGTAAAATAGATGAAGTCT	1
116	115	6	AATTGGTAAAATAGATGAAGTCTT	1
117	116	6	ATTGGTAAAATAGATGAAGTCTTT	1
118	117	5	TTGGTAAAATAGATGAAGTCTTTG	1
119	118	5	TGGTAAAATAGATGAAGTCTTTGG	1
120	119	5	GGTAAAATAGATGAAGTCTTTGGC	1
121	120	4	GTAAAATAGATGAAGTCTTTGGCC	1
122	121	4	TAAAATAGATGAAGTCTTTGGCCC	1
123	122	3	AAAATAGATGAAGTCTTTGGCCCT	1
124	123	3	AAATAGATGAAGTCTTTGGCCCTA	1
125	124	3	AATAGATGAAGTCTTTGGCCCTAT	1
126	125	3	ATAGATGAAGTCTTTGGCCCTATG	1
127	126	3	TAGATGAAGTCTTTGGCCCTATGA	1
128	127	3	AGATGAAGTCTTTGGCCCTATGAA	1
129	128	3	GATGAAGTCTTTGGCCCTATGAAC	1
130	129	2	ATGAAGTCTTTGGCCCTATGAACC	1
131	130	2	TGAAGTCTTTGGCCCTATGAACCA	1
132	131	2	GAAGTCTTTGGCCCTATGAACCAA	1
133	132	2	AAGTCTTTGGCCCTATGAACCAAG	1
134	133	2	AGTCTTTGGCCCTATGAACCAAGT	1
135	134	3	GTCTTTGGCCCTATGAACCAAGTA	1
136	135	3	TCTTTGGCCCTATGAACCAAGTAT	1
137	136	3	CTTTGGCCCTATGAACCAAGTATA	1
138	137	3	TTTGGCCCTATGAACCAAGTATAT	1
139	138	3	TTGGCCCTATGAACCAAGTATATT	1
140	139	3	TGGCCCTATGAACCAAGTATATTT	1
141	140	3	GGCCCTATGAACCAAGTATATTTT	1
142	141	3	GCCCTATGAACCAAGTATATTTTA	1
143	142	3	CCCTATGAACCAAGTATATTTTAC	1
144	143	3	CCTATGAACCAAGTATATTTTACT	1
145	144	3	CTATGAACCAAGTATATTTTACTG	1
146	145	3	TATGAACCAAGTATATTTTACTGT	1
147	146	3	ATGAACCAAGTATATTTTACTGTG	1
148	147	3	TGAACCAAGTATATTTTACTGTGA	1
149	148	3	GAACCAAGTATATTTTACTGTGAA	1
150	149	3	AACCAAGTATATTTTACTGTGAAG	1
151	150	2	ACCAAGTATATTTTACTGTGAAGC	1
152	151	2	CCAAGTATATTTTACTGTGAAGCC	1
153	152	1	CAAGTATATTTTACTGTGAAGCCT	1
154	153	1	AAGTATATTTTACTGTGAAGCCTT	1
155	154	1	AGTATATTTTACTGTGAAGCCTTC	1
156	155	1	GTATATTTTACTGTGAAGCCTTCT	1
157	-1	0	CAGTAGTCTAACTGCCAAGCTGAA	1
158	157	4	AGTAGTCTAACTGCCAAGCTGAAA	1
159	158	4	GTAGTCTAACTGCCAAGCTGAAAT	1
160	159	5	TAGTCTAACTGCCAAGCTGAAATG	1
161	160	5	AGTCTAACTGCCAAGCTGAAATGA	1
162	161	7	GTCTAACTGCCAAGCTGAAATGAG	1
163	162	8	TCTAACTGCCAAGCTGAAATGAGT	1
164	163	8	CTAACTGCCAAGCTGAAATGAGTT	1
165	164	9	TAACTGCCAAGCTGAAATGAGTTT	1
166	165	10	AACTGCCAAGCTGAAATGAGTTTT	1
167	166	10	ACTGCCAAGCTGAAATGAGTTTTA	1
168	167	10	CTGCCAAGCTGAAATGAGTTTTAG	1
169	168	12	TGCCAAGCTGAAATGAGTTTTAGA	1
170	169	12	GCCAAGCTGAAATGAGTTTTAGAG	1
171	170	12	CCAAGCTGAAATGAGTTTTAGAGG	1
172	171	12	CAAGCTGAAATGAGTTTTAGAGGC	1
173	172	12	AAGCTGAAATGAGTTTTAGAGGCG	1
174	173	12	AGCTGAAATGAGTTTTAGAGGCGG	1
175	174	11	GCTGAAATGAGTTTTAGAGGCGGT	1
176	175	10	CTGAAATGAGTTTTAGAGGCGGTC	1
177	176	10	TGAAATGAGTTTTAGAGGCGGTCG	1
178	177	10	GAAATGAGTTTTAGAGGCGGTCGC	1
179	178	10	AAATGAGTTTTAGAGGCGGTCGCG	1
180	179	10	AATGAGTTTTAGAGGCGGTCGCGG	1
181	180	7	ATGAGTTTTAGAGGCGGTCGCGGT	1
182	181	7	TGAGTTTTAGAGGCGGTCGCGGTG	1
183	182	7	GAGTTTTAGAGGCGGTCGCGGTGG	1
184	183	3	AGTTTTAGAGGCGGTCGCGGTGGT	1
185	184	3	GTTTTAGAGGCGGTCGCGGTGGTG	1
186	185	3	TTTTAGAGGCGGTCGCGGTGGTGG	1
187	186	2	TTTAGAGGCGGTCGCGGTGGTGGA	1
188	187	2	TTAGAGGCGGTCGCGGTGGTGGAT	1
189	188	2	TAGAGGCGGTCGCGGTGGTGGATT	1
190	189	2	AGAGGCGGTCGCGGTGGTGGATTT	1
191	190	1	GAGGCGGTCGCGGTGGTGGATTTT	1
192	191	1	AGGCGGTCGCGGTGGTGGATTTTG	1
193	192	1	GGCGGTCGCGGTGGTGGATTTTGA	1
194	193	1	GCGGTCGCGGTGGTGGATTTTGAG	1
195	194	1	CGGTCGCGGTGGTGGATTTTGAGG	1
196	195	1	GGTCGCGGTGGTGGATTTTGAGGA	1
197	196	1	GTCGCGGTGGTGGATTTTGAGGAG	1
198	197	1	TCGCGGTGGTGGATTTTGAGGAGG	1
199	198	1	CGCGGTGGTGGATTTTGAGGAGGG	1
200	199	1	GCGGTGGTGGATTTTGAGGAGGGC	1
201	200	1	CGGTGGTGGATTTTGAGGAGGGCG	1
202	201	1	GGTGGTGGATTTTGAGGAGGGCGC	1
203	202	1	GTGGTGGATTTTGAGGAGGGCGCG	1
204	203	1	TGGTGGATTTTGAGGAGGGCGCGG	1
205	204	1	GGTGGATTTTGAGGAGGGCGCGGG	1
206	205	1	GTGGATTTTGAGGAGGGCGCGGGG	1
