Component 303
1	-1	0	TCAGATTGCTGCATTTGTGCATCA	1
2	1	1	CAGATTGCTGCATTTGTGCATCAA	1
3	2	1	AGATTGCTGCATTTGTGCATCAAA	1
4	3	2	GATTGCTGCATTTGTGCATCAAAT	1
5	4	2	ATTGCTGCATTTGTGCATCAAATT	1
6	5	2	TTGCTGCATTTGTGCATCAAATTC	1
7	6	2	TGCTGCATTTGTGCATCAAATTCA	1
8	7	2	GCTGCATTTGTGCATCAAATTCAT	1
9	8	2	CTGCATTTGTGCATCAAATTCATG	1
10	9	2	TGCATTTGTGCATCAAATTCATGA	1
11	10	2	GCATTTGTGCATCAAATTCATGAG	1
12	11	2	CATTTGTGCATCAAATTCATGAGT	1
13	12	2	ATTTGTGCATCAAATTCATGAGTA	1
14	13	2	TTTGTGCATCAAATTCATGAGTAT	1
15	14	2	TTGTGCATCAAATTCATGAGTATC	1
16	15	2	TGTGCATCAAATTCATGAGTATCT	1
17	16	2	GTGCATCAAATTCATGAGTATCTT	1
18	17	2	TGCATCAAATTCATGAGTATCTTT	1
19	18	2	GCATCAAATTCATGAGTATCTTTT	1
20	19	2	CATCAAATTCATGAGTATCTTTTT	1
21	20	2	ATCAAATTCATGAGTATCTTTTTC	1
22	21	2	TCAAATTCATGAGTATCTTTTTCA	1
23	22	2	CAAATTCATGAGTATCTTTTTCAA	1
24	23	2	AAATTCATGAGTATCTTTTTCAAG	1
25	24	2	AATTCATGAGTATCTTTTTCAAGT	1
26	25	2	ATTCATGAGTATCTTTTTCAAGTG	1
27	26	2	TTCATGAGTATCTTTTTCAAGTGC	1
28	27	2	TCATGAGTATCTTTTTCAAGTGCA	1
29	28	2	CATGAGTATCTTTTTCAAGTGCAA	1
30	29	2	ATGAGTATCTTTTTCAAGTGCAAA	1
31	30	2	TGAGTATCTTTTTCAAGTGCAAAT	1
32	31	2	GAGTATCTTTTTCAAGTGCAAATG	1
33	32	2	AGTATCTTTTTCAAGTGCAAATGA	1
34	33	2	GTATCTTTTTCAAGTGCAAATGAC	1
35	34	2	TATCTTTTTCAAGTGCAAATGACA	1
36	35	2	ATCTTTTTCAAGTGCAAATGACAT	1
37	36	2	TCTTTTTCAAGTGCAAATGACATC	1
38	37	2	CTTTTTCAAGTGCAAATGACATCG	1
39	38	2	TTTTTCAAGTGCAAATGACATCGG	1
40	39	2	TTTTCAAGTGCAAATGACATCGGG	1
41	40	2	TTTCAAGTGCAAATGACATCGGGT	1
42	41	2	TTCAAGTGCAAATGACATCGGGTC	1
43	42	2	TCAAGTGCAAATGACATCGGGTCC	1
44	43	2	CAAGTGCAAATGACATCGGGTCCA	1
45	44	2	AAGTGCAAATGACATCGGGTCCAA	1
46	45	1	AGTGCAAATGACATCGGGTCCAAG	1
47	46	1	GTGCAAATGACATCGGGTCCAAGT	1
48	-1	0	GATCAACCTGCTTCCCTGACTGCT	1
49	48	1	ATCAACCTGCTTCCCTGACTGCTT	1
50	49	1	TCAACCTGCTTCCCTGACTGCTTA	1
51	50	1	CAACCTGCTTCCCTGACTGCTTAT	1
52	51	1	AACCTGCTTCCCTGACTGCTTATG	1
53	52	1	ACCTGCTTCCCTGACTGCTTATGT	1
54	53	1	CCTGCTTCCCTGACTGCTTATGTT	1
55	54	1	CTGCTTCCCTGACTGCTTATGTTG	1
56	55	1	TGCTTCCCTGACTGCTTATGTTGA	1
57	56	1	GCTTCCCTGACTGCTTATGTTGAT	1
58	57	1	CTTCCCTGACTGCTTATGTTGATG	1
59	58	1	TTCCCTGACTGCTTATGTTGATGC	1
60	59	1	TCCCTGACTGCTTATGTTGATGCA	1
61	60	1	CCCTGACTGCTTATGTTGATGCAA	1
62	61	1	CCTGACTGCTTATGTTGATGCAAA	1
63	62	1	CTGACTGCTTATGTTGATGCAAAT	1
64	63	1	TGACTGCTTATGTTGATGCAAATA	1
65	64	1	GACTGCTTATGTTGATGCAAATAG	1
66	65	1	ACTGCTTATGTTGATGCAAATAGT	1
67	66	1	CTGCTTATGTTGATGCAAATAGTA	1
68	67	1	TGCTTATGTTGATGCAAATAGTAG	1
69	68	1	GCTTATGTTGATGCAAATAGTAGT	1
70	69	1	CTTATGTTGATGCAAATAGTAGTT	1
71	70	1	TTATGTTGATGCAAATAGTAGTTC	1
72	71	1	TATGTTGATGCAAATAGTAGTTCT	1
73	72	1	ATGTTGATGCAAATAGTAGTTCTT	1
74	73	1	TGTTGATGCAAATAGTAGTTCTTT	1
75	74	1	GTTGATGCAAATAGTAGTTCTTTT	1
76	75	1	TTGATGCAAATAGTAGTTCTTTTA	1
77	76	1	TGATGCAAATAGTAGTTCTTTTAC	1
78	77	1	GATGCAAATAGTAGTTCTTTTACG	1
79	78	1	ATGCAAATAGTAGTTCTTTTACGA	1
80	79	1	TGCAAATAGTAGTTCTTTTACGAA	1
81	80	2	GCAAATAGTAGTTCTTTTACGAAA	1
82	81	3	CAAATAGTAGTTCTTTTACGAAAT	1
83	82	3	AAATAGTAGTTCTTTTACGAAATC	1
84	83	3	AATAGTAGTTCTTTTACGAAATCA	1
85	84	3	ATAGTAGTTCTTTTACGAAATCAA	1
86	85	3	TAGTAGTTCTTTTACGAAATCAAA	1
87	86	3	AGTAGTTCTTTTACGAAATCAAAA	1
88	87	3	GTAGTTCTTTTACGAAATCAAAAC	1
89	88	3	TAGTTCTTTTACGAAATCAAAACC	1
90	89	3	AGTTCTTTTACGAAATCAAAACCT	1
91	90	3	GTTCTTTTACGAAATCAAAACCTG	1
92	91	3	TTCTTTTACGAAATCAAAACCTGA	1
93	92	2	TCTTTTACGAAATCAAAACCTGAA	1
94	93	2	CTTTTACGAAATCAAAACCTGAAC	1
95	94	2	TTTTACGAAATCAAAACCTGAACC	1
96	95	2	TTTACGAAATCAAAACCTGAACCG	1
97	96	2	TTACGAAATCAAAACCTGAACCGT	1
98	97	2	TACGAAATCAAAACCTGAACCGTC	1
99	98	2	ACGAAATCAAAACCTGAACCGTCT	1
100	99	2	CGAAATCAAAACCTGAACCGTCTT	1
101	100	2	GAAATCAAAACCTGAACCGTCTTT	1
102	101	2	AAATCAAAACCTGAACCGTCTTTA	1
103	102	2	AATCAAAACCTGAACCGTCTTTAT	1
104	103	2	ATCAAAACCTGAACCGTCTTTATC	1
105	104	2	TCAAAACCTGAACCGTCTTTATCT	1
106	105	2	CAAAACCTGAACCGTCTTTATCTC	1
107	106	2	AAAACCTGAACCGTCTTTATCTCT	1
108	107	2	AAACCTGAACCGTCTTTATCTCTA	1
109	108	2	AACCTGAACCGTCTTTATCTCTAT	1
110	109	2	ACCTGAACCGTCTTTATCTCTATG	1
111	110	2	CCTGAACCGTCTTTATCTCTATGA	1
112	111	2	CTGAACCGTCTTTATCTCTATGAT	1
113	112	3	TGAACCGTCTTTATCTCTATGATA	1
114	113	3	GAACCGTCTTTATCTCTATGATAT	1
115	114	3	AACCGTCTTTATCTCTATGATATG	1
116	115	3	ACCGTCTTTATCTCTATGATATGA	1
117	116	3	CCGTCTTTATCTCTATGATATGAA	1
118	117	3	CGTCTTTATCTCTATGATATGAAA	1
119	118	3	GTCTTTATCTCTATGATATGAAAT	1
120	119	3	TCTTTATCTCTATGATATGAAATA	1
121	120	3	CTTTATCTCTATGATATGAAATAA	1
122	121	3	TTTATCTCTATGATATGAAATAAA	1
123	122	4	TTATCTCTATGATATGAAATAAAC	1
124	123	4	TATCTCTATGATATGAAATAAACG	1
125	124	3	ATCTCTATGATATGAAATAAACGC	1
126	125	2	TCTCTATGATATGAAATAAACGCA	1
127	126	2	CTCTATGATATGAAATAAACGCAT	1
128	127	2	TCTATGATATGAAATAAACGCATA	1
129	128	2	CTATGATATGAAATAAACGCATAT	1
130	129	2	TATGATATGAAATAAACGCATATC	1
131	130	2	ATGATATGAAATAAACGCATATCT	1
132	131	2	TGATATGAAATAAACGCATATCTT	1
133	132	2	GATATGAAATAAACGCATATCTTT	1
134	133	2	ATATGAAATAAACGCATATCTTTC	1
135	134	2	TATGAAATAAACGCATATCTTTCA	1
136	135	2	ATGAAATAAACGCATATCTTTCAA	1
137	136	2	TGAAATAAACGCATATCTTTCAAT	1
138	137	2	GAAATAAACGCATATCTTTCAATT	1
139	138	2	AAATAAACGCATATCTTTCAATTG	1
140	139	2	AATAAACGCATATCTTTCAATTGT	1
141	140	2	ATAAACGCATATCTTTCAATTGTT	1
142	141	2	TAAACGCATATCTTTCAATTGTTT	1
143	142	2	AAACGCATATCTTTCAATTGTTTT	1
144	143	2	AACGCATATCTTTCAATTGTTTTT	1
145	144	2	ACGCATATCTTTCAATTGTTTTTG	1
146	145	2	CGCATATCTTTCAATTGTTTTTGA	1
147	146	3	GCATATCTTTCAATTGTTTTTGAA	1
148	147	3	CATATCTTTCAATTGTTTTTGAAT	1
149	148	3	ATATCTTTCAATTGTTTTTGAATT	1
150	149	3	TATCTTTCAATTGTTTTTGAATTT	1
151	150	3	ATCTTTCAATTGTTTTTGAATTTC	1
152	151	3	TCTTTCAATTGTTTTTGAATTTCA	1
153	152	3	CTTTCAATTGTTTTTGAATTTCAT	1
154	153	3	TTTCAATTGTTTTTGAATTTCATG	1
155	154	3	TTCAATTGTTTTTGAATTTCATGA	1
156	155	3	TCAATTGTTTTTGAATTTCATGAA	1
157	156	2	CAATTGTTTTTGAATTTCATGAAT	1
158	157	2	AATTGTTTTTGAATTTCATGAATC	1
159	158	2	ATTGTTTTTGAATTTCATGAATCT	1
160	159	2	TTGTTTTTGAATTTCATGAATCTA	1
161	160	2	TGTTTTTGAATTTCATGAATCTAC	1
162	161	2	GTTTTTGAATTTCATGAATCTACA	1
163	162	2	TTTTTGAATTTCATGAATCTACAT	1
164	163	2	TTTTGAATTTCATGAATCTACATT	1
165	164	2	TTTGAATTTCATGAATCTACATTT	1
166	165	2	TTGAATTTCATGAATCTACATTTT	1
167	166	1	TGAATTTCATGAATCTACATTTTC	1
168	167	1	GAATTTCATGAATCTACATTTTCC	1
169	168	1	AATTTCATGAATCTACATTTTCCG	1
170	169	1	ATTTCATGAATCTACATTTTCCGA	1
171	170	1	TTTCATGAATCTACATTTTCCGAT	1
172	171	1	TTCATGAATCTACATTTTCCGATT	1
173	172	1	TCATGAATCTACATTTTCCGATTT	1
174	173	1	CATGAATCTACATTTTCCGATTTT	1
175	174	1	ATGAATCTACATTTTCCGATTTTG	1
176	175	1	TGAATCTACATTTTCCGATTTTGG	1
177	176	1	GAATCTACATTTTCCGATTTTGGT	1
178	177	1	AATCTACATTTTCCGATTTTGGTA	1
179	178	1	ATCTACATTTTCCGATTTTGGTAG	1
180	179	1	TCTACATTTTCCGATTTTGGTAGT	1
181	180	1	CTACATTTTCCGATTTTGGTAGTT	1
182	181	1	TACATTTTCCGATTTTGGTAGTTA	1
183	182	1	ACATTTTCCGATTTTGGTAGTTAC	1
184	183	1	CATTTTCCGATTTTGGTAGTTACG	1
185	184	1	ATTTTCCGATTTTGGTAGTTACGG	1
186	185	1	TTTTCCGATTTTGGTAGTTACGGA	1
187	186	1	TTTCCGATTTTGGTAGTTACGGAA	1
188	187	1	TTCCGATTTTGGTAGTTACGGAAA	1
189	188	1	TCCGATTTTGGTAGTTACGGAAAC	1
190	189	1	CCGATTTTGGTAGTTACGGAAACA	1
