Component 304
1	-1	0	TGAAGATTAACGGCTCCCTTGCTC	1
2	1	1	GAAGATTAACGGCTCCCTTGCTCG	1
3	2	1	AAGATTAACGGCTCCCTTGCTCGT	1
4	3	1	AGATTAACGGCTCCCTTGCTCGTA	1
5	4	1	GATTAACGGCTCCCTTGCTCGTAT	1
6	5	2	ATTAACGGCTCCCTTGCTCGTATC	1
7	6	2	TTAACGGCTCCCTTGCTCGTATCG	1
8	7	4	TAACGGCTCCCTTGCTCGTATCGC	1
9	8	4	AACGGCTCCCTTGCTCGTATCGCC	1
10	9	4	ACGGCTCCCTTGCTCGTATCGCCA	1
11	10	5	CGGCTCCCTTGCTCGTATCGCCAT	1
12	11	6	GGCTCCCTTGCTCGTATCGCCATT	1
13	12	7	GCTCCCTTGCTCGTATCGCCATTC	1
14	13	7	CTCCCTTGCTCGTATCGCCATTCG	1
15	14	7	TCCCTTGCTCGTATCGCCATTCGT	1
16	15	7	CCCTTGCTCGTATCGCCATTCGTG	1
17	16	8	CCTTGCTCGTATCGCCATTCGTGA	1
18	17	8	CTTGCTCGTATCGCCATTCGTGAT	1
19	18	8	TTGCTCGTATCGCCATTCGTGATT	1
20	19	10	TGCTCGTATCGCCATTCGTGATTT	1
21	20	10	GCTCGTATCGCCATTCGTGATTTG	1
22	21	10	CTCGTATCGCCATTCGTGATTTGG	1
23	22	10	TCGTATCGCCATTCGTGATTTGGC	1
24	23	10	CGTATCGCCATTCGTGATTTGGCC	1
25	24	10	GTATCGCCATTCGTGATTTGGCCG	1
26	25	10	TATCGCCATTCGTGATTTGGCCGA	1
27	26	10	ATCGCCATTCGTGATTTGGCCGAG	1
28	27	11	TCGCCATTCGTGATTTGGCCGAGC	1
29	28	11	CGCCATTCGTGATTTGGCCGAGCG	1
30	29	11	GCCATTCGTGATTTGGCCGAGCGT	1
31	30	11	CCATTCGTGATTTGGCCGAGCGTG	1
32	31	11	CATTCGTGATTTGGCCGAGCGTGG	1
33	32	11	ATTCGTGATTTGGCCGAGCGTGGT	1
34	33	11	TTCGTGATTTGGCCGAGCGTGGTG	1
35	34	11	TCGTGATTTGGCCGAGCGTGGTGT	1
36	35	11	CGTGATTTGGCCGAGCGTGGTGTC	1
37	36	11	GTGATTTGGCCGAGCGTGGTGTCA	1
38	37	11	TGATTTGGCCGAGCGTGGTGTCAT	1
39	38	11	GATTTGGCCGAGCGTGGTGTCATT	1
40	39	11	ATTTGGCCGAGCGTGGTGTCATTC	1
41	40	11	TTTGGCCGAGCGTGGTGTCATTCA	1
42	41	11	TTGGCCGAGCGTGGTGTCATTCAA	1
43	42	11	TGGCCGAGCGTGGTGTCATTCAAA	1
44	43	11	GGCCGAGCGTGGTGTCATTCAAAA	1
45	44	11	GCCGAGCGTGGTGTCATTCAAAAA	1
46	45	10	CCGAGCGTGGTGTCATTCAAAAAG	1
47	46	10	CGAGCGTGGTGTCATTCAAAAAGT	1
48	47	10	GAGCGTGGTGTCATTCAAAAAGTT	1
49	48	11	AGCGTGGTGTCATTCAAAAAGTTG	1
50	49	10	GCGTGGTGTCATTCAAAAAGTTGA	1
51	50	10	CGTGGTGTCATTCAAAAAGTTGAT	1
52	51	9	GTGGTGTCATTCAAAAAGTTGATC	1
53	52	9	TGGTGTCATTCAAAAAGTTGATCA	1
54	53	9	GGTGTCATTCAAAAAGTTGATCAA	1
55	54	8	GTGTCATTCAAAAAGTTGATCAAC	1
56	55	7	TGTCATTCAAAAAGTTGATCAACA	1
57	56	6	GTCATTCAAAAAGTTGATCAACAC	1
58	57	6	TCATTCAAAAAGTTGATCAACACT	1
59	58	6	CATTCAAAAAGTTGATCAACACTC	1
60	59	6	ATTCAAAAAGTTGATCAACACTCC	1
61	60	5	TTCAAAAAGTTGATCAACACTCCA	1
62	61	5	TCAAAAAGTTGATCAACACTCCAA	1
63	62	5	CAAAAAGTTGATCAACACTCCAAG	1
64	63	3	AAAAAGTTGATCAACACTCCAAGC	1
65	64	3	AAAAGTTGATCAACACTCCAAGCA	1
66	65	3	AAAGTTGATCAACACTCCAAGCAA	1
67	66	3	AAGTTGATCAACACTCCAAGCAAG	1
68	67	3	AGTTGATCAACACTCCAAGCAAGC	1
69	68	4	GTTGATCAACACTCCAAGCAAGCG	1
70	69	4	TTGATCAACACTCCAAGCAAGCGA	1
71	70	3	TGATCAACACTCCAAGCAAGCGAT	1
72	71	4	GATCAACACTCCAAGCAAGCGATT	1
73	72	4	ATCAACACTCCAAGCAAGCGATTT	1
74	73	4	TCAACACTCCAAGCAAGCGATTTA	1
75	74	4	CAACACTCCAAGCAAGCGATTTAC	1
76	75	4	AACACTCCAAGCAAGCGATTTACA	1
77	76	4	ACACTCCAAGCAAGCGATTTACAC	1
78	77	4	CACTCCAAGCAAGCGATTTACACT	1
79	78	4	ACTCCAAGCAAGCGATTTACACTC	1
80	79	4	CTCCAAGCAAGCGATTTACACTCG	1
81	80	4	TCCAAGCAAGCGATTTACACTCGT	1
82	81	4	CCAAGCAAGCGATTTACACTCGTG	1
83	82	4	CAAGCAAGCGATTTACACTCGTGC	1
84	83	4	AAGCAAGCGATTTACACTCGTGCG	1
85	84	5	AGCAAGCGATTTACACTCGTGCGG	1
86	85	5	GCAAGCGATTTACACTCGTGCGGC	1
87	86	5	CAAGCGATTTACACTCGTGCGGCT	1
88	87	5	AAGCGATTTACACTCGTGCGGCTG	1
89	88	5	AGCGATTTACACTCGTGCGGCTGC	1
90	89	5	GCGATTTACACTCGTGCGGCTGCT	1
91	90	5	CGATTTACACTCGTGCGGCTGCTT	1
92	91	5	GATTTACACTCGTGCGGCTGCTTC	1
93	92	4	ATTTACACTCGTGCGGCTGCTTCA	1
94	93	4	TTTACACTCGTGCGGCTGCTTCAG	1
95	94	4	TTACACTCGTGCGGCTGCTTCAGC	1
96	95	3	TACACTCGTGCGGCTGCTTCAGCT	1
97	96	3	ACACTCGTGCGGCTGCTTCAGCTT	1
98	97	3	CACTCGTGCGGCTGCTTCAGCTTA	1
99	98	3	ACTCGTGCGGCTGCTTCAGCTTAA	1
100	99	3	CTCGTGCGGCTGCTTCAGCTTAAA	1
101	100	3	TCGTGCGGCTGCTTCAGCTTAAAT	1
102	101	3	CGTGCGGCTGCTTCAGCTTAAATG	1
103	102	3	GTGCGGCTGCTTCAGCTTAAATGA	1
104	103	3	TGCGGCTGCTTCAGCTTAAATGAC	1
105	104	3	GCGGCTGCTTCAGCTTAAATGACT	1
106	105	3	CGGCTGCTTCAGCTTAAATGACTT	1
107	106	3	GGCTGCTTCAGCTTAAATGACTTG	1
108	107	3	GCTGCTTCAGCTTAAATGACTTGA	1
109	108	3	CTGCTTCAGCTTAAATGACTTGAG	1
110	109	3	TGCTTCAGCTTAAATGACTTGAGA	1
111	110	3	GCTTCAGCTTAAATGACTTGAGAA	1
112	111	3	CTTCAGCTTAAATGACTTGAGAAC	1
113	112	2	TTCAGCTTAAATGACTTGAGAACG	1
114	113	2	TCAGCTTAAATGACTTGAGAACGA	1
115	114	1	CAGCTTAAATGACTTGAGAACGAA	1
116	115	1	AGCTTAAATGACTTGAGAACGAAA	1
117	116	1	GCTTAAATGACTTGAGAACGAAAA	1
118	117	1	CTTAAATGACTTGAGAACGAAAAA	1
119	118	1	TTAAATGACTTGAGAACGAAAAAT	1
120	119	1	TAAATGACTTGAGAACGAAAAATA	1
121	120	1	AAATGACTTGAGAACGAAAAATAA	1
122	121	1	AATGACTTGAGAACGAAAAATAAA	1
123	122	1	ATGACTTGAGAACGAAAAATAAAT	1
124	123	1	TGACTTGAGAACGAAAAATAAATT	1
125	124	1	GACTTGAGAACGAAAAATAAATTT	1
126	125	1	ACTTGAGAACGAAAAATAAATTTA	1
127	126	1	CTTGAGAACGAAAAATAAATTTAT	1
128	127	1	TTGAGAACGAAAAATAAATTTATT	1
129	-1	0	CAAACTTCATCAAAAATGGCACCT	1
130	129	1	AAACTTCATCAAAAATGGCACCTA	1
131	130	1	AACTTCATCAAAAATGGCACCTAA	1
132	131	1	ACTTCATCAAAAATGGCACCTAAG	1
133	132	1	CTTCATCAAAAATGGCACCTAAGA	1
134	133	1	TTCATCAAAAATGGCACCTAAGAA	1
135	134	1	TCATCAAAAATGGCACCTAAGAAG	1
136	135	1	CATCAAAAATGGCACCTAAGAAGA	1
137	136	1	ATCAAAAATGGCACCTAAGAAGAA	1
138	137	1	TCAAAAATGGCACCTAAGAAGAAA	1
139	138	1	CAAAAATGGCACCTAAGAAGAAAT	1
140	139	3	AAAAATGGCACCTAAGAAGAAATG	1
141	140	3	AAAATGGCACCTAAGAAGAAATGG	1
142	141	3	AAATGGCACCTAAGAAGAAATGGT	1
143	142	3	AATGGCACCTAAGAAGAAATGGTC	1
144	143	3	ATGGCACCTAAGAAGAAATGGTCT	1
145	144	3	TGGCACCTAAGAAGAAATGGTCTA	1
146	145	3	GGCACCTAAGAAGAAATGGTCTAA	1
147	146	3	GCACCTAAGAAGAAATGGTCTAAG	1
148	147	3	CACCTAAGAAGAAATGGTCTAAGG	1
149	148	4	ACCTAAGAAGAAATGGTCTAAGGG	1
150	149	4	CCTAAGAAGAAATGGTCTAAGGGT	1
151	150	5	CTAAGAAGAAATGGTCTAAGGGTA	1
152	151	5	TAAGAAGAAATGGTCTAAGGGTAA	1
153	152	5	AAGAAGAAATGGTCTAAGGGTAAA	1
154	153	5	AGAAGAAATGGTCTAAGGGTAAAG	1
155	154	5	GAAGAAATGGTCTAAGGGTAAAGT	1
156	155	10	AAGAAATGGTCTAAGGGTAAAGTG	1
157	156	12	AGAAATGGTCTAAGGGTAAAGTGA	1
158	157	12	GAAATGGTCTAAGGGTAAAGTGAA	1
159	158	12	AAATGGTCTAAGGGTAAAGTGAAG	1
160	159	12	AATGGTCTAAGGGTAAAGTGAAGG	1
161	160	12	ATGGTCTAAGGGTAAAGTGAAGGA	1
162	161	12	TGGTCTAAGGGTAAAGTGAAGGAC	1
163	162	12	GGTCTAAGGGTAAAGTGAAGGACA	1
164	163	12	GTCTAAGGGTAAAGTGAAGGACAA	1
165	164	12	TCTAAGGGTAAAGTGAAGGACAAG	1
166	165	12	CTAAGGGTAAAGTGAAGGACAAGG	1
167	166	12	TAAGGGTAAAGTGAAGGACAAGGC	1
168	167	11	AAGGGTAAAGTGAAGGACAAGGCT	1
169	168	11	AGGGTAAAGTGAAGGACAAGGCTC	1
170	169	11	GGGTAAAGTGAAGGACAAGGCTCA	1
171	170	11	GGTAAAGTGAAGGACAAGGCTCAA	1
172	171	11	GTAAAGTGAAGGACAAGGCTCAAC	1
173	172	11	TAAAGTGAAGGACAAGGCTCAACA	1
174	173	10	AAAGTGAAGGACAAGGCTCAACAT	1
175	174	11	AAGTGAAGGACAAGGCTCAACATG	1
176	175	11	AGTGAAGGACAAGGCTCAACATGC	1
177	176	11	GTGAAGGACAAGGCTCAACATGCC	1
178	177	11	TGAAGGACAAGGCTCAACATGCCA	1
179	178	11	GAAGGACAAGGCTCAACATGCCAC	1
180	179	11	AAGGACAAGGCTCAACATGCCACT	1
181	180	11	AGGACAAGGCTCAACATGCCACTG	1
182	181	11	GGACAAGGCTCAACATGCCACTGT	1
183	182	11	GACAAGGCTCAACATGCCACTGTC	1
184	183	9	ACAAGGCTCAACATGCCACTGTCT	1
185	184	9	CAAGGCTCAACATGCCACTGTCTT	1
186	185	9	AAGGCTCAACATGCCACTGTCTTC	1
187	186	9	AGGCTCAACATGCCACTGTCTTCG	1
188	187	9	GGCTCAACATGCCACTGTCTTCGA	1
189	188	9	GCTCAACATGCCACTGTCTTCGAC	1
190	189	11	CTCAACATGCCACTGTCTTCGACA	1
191	190	11	TCAACATGCCACTGTCTTCGACAA	1
192	191	11	CAACATGCCACTGTCTTCGACAAG	1
193	192	11	AACATGCCACTGTCTTCGACAAGA	1
194	193	11	ACATGCCACTGTCTTCGACAAGAG	1
195	194	10	CATGCCACTGTCTTCGACAAGAGC	1
196	195	10	ATGCCACTGTCTTCGACAAGAGCA	1
197	196	10	TGCCACTGTCTTCGACAAGAGCAT	1
198	197	10	GCCACTGTCTTCGACAAGAGCATC	1
199	198	10	CCACTGTCTTCGACAAGAGCATCA	1
200	199	4	CACTGTCTTCGACAAGAGCATCAT	1
201	200	2	ACTGTCTTCGACAAGAGCATCATT	1
202	201	2	CTGTCTTCGACAAGAGCATCATTG	1
203	202	2	TGTCTTCGACAAGAGCATCATTGA	1
204	203	2	GTCTTCGACAAGAGCATCATTGAC	1
205	204	2	TCTTCGACAAGAGCATCATTGACC	1
206	205	2	CTTCGACAAGAGCATCATTGACCG	1
207	206	2	TTCGACAAGAGCATCATTGACCGT	1
208	207	2	TCGACAAGAGCATCATTGACCGTA	1
209	208	2	CGACAAGAGCATCATTGACCGTAT	1
210	209	2	GACAAGAGCATCATTGACCGTATC	1
211	210	2	ACAAGAGCATCATTGACCGTATCA	1
212	211	2	CAAGAGCATCATTGACCGTATCAA	1
213	212	2	AAGAGCATCATTGACCGTATCAAC	1
214	213	2	AGAGCATCATTGACCGTATCAACA	1
215	214	2	GAGCATCATTGACCGTATCAACAA	1
216	215	2	AGCATCATTGACCGTATCAACAAG	1
217	216	2	GCATCATTGACCGTATCAACAAGG	1
218	217	2	CATCATTGACCGTATCAACAAGGA	1
219	218	2	ATCATTGACCGTATCAACAAGGAA	1
220	219	2	TCATTGACCGTATCAACAAGGAAG	1
221	220	2	CATTGACCGTATCAACAAGGAAGT	1
222	221	2	ATTGACCGTATCAACAAGGAAGTT	1
223	222	2	TTGACCGTATCAACAAGGAAGTTC	1
224	223	2	TGACCGTATCAACAAGGAAGTTCC	1
225	224	2	GACCGTATCAACAAGGAAGTTCCT	1
226	225	2	ACCGTATCAACAAGGAAGTTCCTG	1
227	226	2	CCGTATCAACAAGGAAGTTCCTGC	1
228	227	2	CGTATCAACAAGGAAGTTCCTGCC	1
229	228	2	GTATCAACAAGGAAGTTCCTGCCT	1
230	229	2	TATCAACAAGGAAGTTCCTGCCTT	1
231	230	2	ATCAACAAGGAAGTTCCTGCCTTC	1
232	231	2	TCAACAAGGAAGTTCCTGCCTTCA	1
233	232	2	CAACAAGGAAGTTCCTGCCTTCAA	1
