Component 308
1	-1	0	CGTACGTTAGAAAAAATCAAACAA	1
2	1	1	GTACGTTAGAAAAAATCAAACAAC	1
3	2	1	TACGTTAGAAAAAATCAAACAACA	1
4	3	1	ACGTTAGAAAAAATCAAACAACAG	1
5	4	1	CGTTAGAAAAAATCAAACAACAGC	1
6	5	2	GTTAGAAAAAATCAAACAACAGCA	1
7	6	2	TTAGAAAAAATCAAACAACAGCAA	1
8	7	2	TAGAAAAAATCAAACAACAGCAAC	1
9	8	2	AGAAAAAATCAAACAACAGCAACA	1
10	9	4	GAAAAAATCAAACAACAGCAACAT	1
11	10	5	AAAAAATCAAACAACAGCAACATG	1
12	11	7	AAAAATCAAACAACAGCAACATGG	1
13	12	7	AAAATCAAACAACAGCAACATGGG	1
14	13	7	AAATCAAACAACAGCAACATGGGC	1
15	14	8	AATCAAACAACAGCAACATGGGCC	1
16	15	8	ATCAAACAACAGCAACATGGGCCG	1
17	16	8	TCAAACAACAGCAACATGGGCCGC	1
18	17	7	CAAACAACAGCAACATGGGCCGCG	1
19	18	7	AAACAACAGCAACATGGGCCGCGA	1
20	19	7	AACAACAGCAACATGGGCCGCGAT	1
21	20	7	ACAACAGCAACATGGGCCGCGATA	1
22	21	7	CAACAGCAACATGGGCCGCGATAT	1
23	22	8	AACAGCAACATGGGCCGCGATATT	1
24	23	8	ACAGCAACATGGGCCGCGATATTT	1
25	24	8	CAGCAACATGGGCCGCGATATTTA	1
26	25	10	AGCAACATGGGCCGCGATATTTAC	1
27	26	10	GCAACATGGGCCGCGATATTTACA	1
28	27	10	CAACATGGGCCGCGATATTTACAA	1
29	28	10	AACATGGGCCGCGATATTTACAAG	1
30	29	10	ACATGGGCCGCGATATTTACAAGG	1
31	30	10	CATGGGCCGCGATATTTACAAGGA	1
32	31	9	ATGGGCCGCGATATTTACAAGGAC	1
33	32	9	TGGGCCGCGATATTTACAAGGACG	1
34	33	9	GGGCCGCGATATTTACAAGGACGA	1
35	34	10	GGCCGCGATATTTACAAGGACGAG	1
36	35	10	GCCGCGATATTTACAAGGACGAGA	1
37	36	10	CCGCGATATTTACAAGGACGAGAC	1
38	37	10	CGCGATATTTACAAGGACGAGACA	1
39	38	10	GCGATATTTACAAGGACGAGACAT	1
40	39	10	CGATATTTACAAGGACGAGACATT	1
41	40	10	GATATTTACAAGGACGAGACATTG	1
42	41	10	ATATTTACAAGGACGAGACATTGA	1
43	42	10	TATTTACAAGGACGAGACATTGAC	1
44	43	10	ATTTACAAGGACGAGACATTGACG	1
45	44	10	TTTACAAGGACGAGACATTGACGA	1
46	45	9	TTACAAGGACGAGACATTGACGAT	1
47	46	9	TACAAGGACGAGACATTGACGATC	1
48	47	9	ACAAGGACGAGACATTGACGATCC	1
49	48	9	CAAGGACGAGACATTGACGATCCC	1
50	49	8	AAGGACGAGACATTGACGATCCCT	1
51	50	8	AGGACGAGACATTGACGATCCCTG	1
52	51	8	GGACGAGACATTGACGATCCCTGA	1
53	52	8	GACGAGACATTGACGATCCCTGAG	1
54	53	6	ACGAGACATTGACGATCCCTGAGG	1
55	54	5	CGAGACATTGACGATCCCTGAGGG	1
56	55	3	GAGACATTGACGATCCCTGAGGGC	1
57	56	4	AGACATTGACGATCCCTGAGGGCG	1
58	57	4	GACATTGACGATCCCTGAGGGCGT	1
59	58	3	ACATTGACGATCCCTGAGGGCGTT	1
60	59	3	CATTGACGATCCCTGAGGGCGTTT	1
61	60	3	ATTGACGATCCCTGAGGGCGTTTC	1
62	61	3	TTGACGATCCCTGAGGGCGTTTCA	1
63	62	3	TGACGATCCCTGAGGGCGTTTCAG	1
64	63	3	GACGATCCCTGAGGGCGTTTCAGT	1
65	64	3	ACGATCCCTGAGGGCGTTTCAGTT	1
66	65	3	CGATCCCTGAGGGCGTTTCAGTTG	1
67	66	4	GATCCCTGAGGGCGTTTCAGTTGA	1
68	67	5	ATCCCTGAGGGCGTTTCAGTTGAC	1
69	68	5	TCCCTGAGGGCGTTTCAGTTGACA	1
70	69	3	CCCTGAGGGCGTTTCAGTTGACAT	1
71	70	3	CCTGAGGGCGTTTCAGTTGACATC	1
72	71	3	CTGAGGGCGTTTCAGTTGACATCA	1
73	72	3	TGAGGGCGTTTCAGTTGACATCAA	1
74	73	3	GAGGGCGTTTCAGTTGACATCAAG	1
75	74	3	AGGGCGTTTCAGTTGACATCAAGG	1
76	75	3	GGGCGTTTCAGTTGACATCAAGGC	1
77	76	3	GGCGTTTCAGTTGACATCAAGGCT	1
78	77	3	GCGTTTCAGTTGACATCAAGGCTC	1
79	78	3	CGTTTCAGTTGACATCAAGGCTCG	1
80	79	3	GTTTCAGTTGACATCAAGGCTCGT	1
81	80	3	TTTCAGTTGACATCAAGGCTCGTT	1
82	81	4	TTCAGTTGACATCAAGGCTCGTTT	1
83	82	4	TCAGTTGACATCAAGGCTCGTTTG	1
84	83	4	CAGTTGACATCAAGGCTCGTTTGG	1
85	84	4	AGTTGACATCAAGGCTCGTTTGGT	1
86	85	4	GTTGACATCAAGGCTCGTTTGGTG	1
87	86	4	TTGACATCAAGGCTCGTTTGGTGA	1
88	87	4	TGACATCAAGGCTCGTTTGGTGAC	1
89	88	4	GACATCAAGGCTCGTTTGGTGACT	1
90	89	4	ACATCAAGGCTCGTTTGGTGACTG	1
91	90	4	CATCAAGGCTCGTTTGGTGACTGT	1
92	91	4	ATCAAGGCTCGTTTGGTGACTGTA	1
93	92	4	TCAAGGCTCGTTTGGTGACTGTAA	1
94	93	4	CAAGGCTCGTTTGGTGACTGTAAA	1
95	94	4	AAGGCTCGTTTGGTGACTGTAAAA	1
96	95	4	AGGCTCGTTTGGTGACTGTAAAAG	1
97	96	3	GGCTCGTTTGGTGACTGTAAAAGG	1
98	97	3	GCTCGTTTGGTGACTGTAAAAGGC	1
99	98	3	CTCGTTTGGTGACTGTAAAAGGCC	1
100	99	3	TCGTTTGGTGACTGTAAAAGGCCC	1
101	100	2	CGTTTGGTGACTGTAAAAGGCCCT	1
102	101	2	GTTTGGTGACTGTAAAAGGCCCTC	1
103	102	2	TTTGGTGACTGTAAAAGGCCCTCG	1
104	103	2	TTGGTGACTGTAAAAGGCCCTCGT	1
105	104	2	TGGTGACTGTAAAAGGCCCTCGTG	1
106	105	2	GGTGACTGTAAAAGGCCCTCGTGG	1
107	106	2	GTGACTGTAAAAGGCCCTCGTGGT	1
108	107	2	TGACTGTAAAAGGCCCTCGTGGTG	1
109	108	3	GACTGTAAAAGGCCCTCGTGGTGT	1
110	109	3	ACTGTAAAAGGCCCTCGTGGTGTT	1
111	110	2	CTGTAAAAGGCCCTCGTGGTGTTT	1
112	111	2	TGTAAAAGGCCCTCGTGGTGTTTT	1
113	112	2	GTAAAAGGCCCTCGTGGTGTTTTG	1
114	113	2	TAAAAGGCCCTCGTGGTGTTTTGA	1
115	114	2	AAAAGGCCCTCGTGGTGTTTTGAA	1
116	115	3	AAAGGCCCTCGTGGTGTTTTGAAG	1
117	116	3	AAGGCCCTCGTGGTGTTTTGAAGC	1
118	117	3	AGGCCCTCGTGGTGTTTTGAAGCA	1
119	118	3	GGCCCTCGTGGTGTTTTGAAGCAA	1
120	119	4	GCCCTCGTGGTGTTTTGAAGCAAA	1
121	120	4	CCCTCGTGGTGTTTTGAAGCAAAA	1
122	121	4	CCTCGTGGTGTTTTGAAGCAAAAC	1
123	122	4	CTCGTGGTGTTTTGAAGCAAAACT	1
124	123	4	TCGTGGTGTTTTGAAGCAAAACTT	1
125	124	4	CGTGGTGTTTTGAAGCAAAACTTG	1
126	125	3	GTGGTGTTTTGAAGCAAAACTTGC	1
127	126	3	TGGTGTTTTGAAGCAAAACTTGCG	1
128	127	2	GGTGTTTTGAAGCAAAACTTGCGC	1
129	128	3	GTGTTTTGAAGCAAAACTTGCGCC	1
130	129	3	TGTTTTGAAGCAAAACTTGCGCCG	1
131	130	3	GTTTTGAAGCAAAACTTGCGCCGT	1
132	131	3	TTTTGAAGCAAAACTTGCGCCGTG	1
133	132	3	TTTGAAGCAAAACTTGCGCCGTGT	1
134	133	3	TTGAAGCAAAACTTGCGCCGTGTG	1
135	134	3	TGAAGCAAAACTTGCGCCGTGTGG	1
136	135	3	GAAGCAAAACTTGCGCCGTGTGGA	1
137	136	4	AAGCAAAACTTGCGCCGTGTGGAT	1
138	137	4	AGCAAAACTTGCGCCGTGTGGATA	1
139	138	3	GCAAAACTTGCGCCGTGTGGATAT	1
140	139	3	CAAAACTTGCGCCGTGTGGATATT	1
141	140	3	AAAACTTGCGCCGTGTGGATATTG	1
142	141	3	AAACTTGCGCCGTGTGGATATTGA	1
143	142	3	AACTTGCGCCGTGTGGATATTGAG	1
144	143	3	ACTTGCGCCGTGTGGATATTGAGT	1
145	144	3	CTTGCGCCGTGTGGATATTGAGTT	1
146	145	3	TTGCGCCGTGTGGATATTGAGTTG	1
147	146	3	TGCGCCGTGTGGATATTGAGTTGA	1
148	147	3	GCGCCGTGTGGATATTGAGTTGAA	1
149	148	3	CGCCGTGTGGATATTGAGTTGAAG	1
150	149	3	GCCGTGTGGATATTGAGTTGAAGA	1
151	150	3	CCGTGTGGATATTGAGTTGAAGAA	1
152	151	3	CGTGTGGATATTGAGTTGAAGAAG	1
153	152	3	GTGTGGATATTGAGTTGAAGAAGC	1
154	153	2	TGTGGATATTGAGTTGAAGAAGCA	1
155	154	2	GTGGATATTGAGTTGAAGAAGCAA	1
156	155	2	TGGATATTGAGTTGAAGAAGCAAG	1
157	156	2	GGATATTGAGTTGAAGAAGCAAGG	1
158	157	2	GATATTGAGTTGAAGAAGCAAGGC	1
159	158	2	ATATTGAGTTGAAGAAGCAAGGCA	1
160	159	2	TATTGAGTTGAAGAAGCAAGGCAA	1
161	160	3	ATTGAGTTGAAGAAGCAAGGCAAC	1
162	161	3	TTGAGTTGAAGAAGCAAGGCAACA	1
163	162	3	TGAGTTGAAGAAGCAAGGCAACAC	1
164	163	2	GAGTTGAAGAAGCAAGGCAACACT	1
165	164	2	AGTTGAAGAAGCAAGGCAACACTA	1
166	165	2	GTTGAAGAAGCAAGGCAACACTAT	1
167	166	3	TTGAAGAAGCAAGGCAACACTATC	1
168	167	3	TGAAGAAGCAAGGCAACACTATCA	1
169	168	3	GAAGAAGCAAGGCAACACTATCAA	1
170	169	3	AAGAAGCAAGGCAACACTATCAAG	1
171	170	4	AGAAGCAAGGCAACACTATCAAGT	1
172	171	4	GAAGCAAGGCAACACTATCAAGTT	1
173	172	3	AAGCAAGGCAACACTATCAAGTTT	1
174	173	3	AGCAAGGCAACACTATCAAGTTTA	1
175	174	3	GCAAGGCAACACTATCAAGTTTAT	1
176	175	3	CAAGGCAACACTATCAAGTTTATT	1
177	176	3	AAGGCAACACTATCAAGTTTATTG	1
178	177	3	AGGCAACACTATCAAGTTTATTGT	1
179	178	3	GGCAACACTATCAAGTTTATTGTC	1
180	179	3	GCAACACTATCAAGTTTATTGTCT	1
181	180	3	CAACACTATCAAGTTTATTGTCTG	1
182	181	3	AACACTATCAAGTTTATTGTCTGG	1
183	182	3	ACACTATCAAGTTTATTGTCTGGC	1
184	183	3	CACTATCAAGTTTATTGTCTGGCA	1
185	184	3	ACTATCAAGTTTATTGTCTGGCAT	1
186	185	3	CTATCAAGTTTATTGTCTGGCATG	1
187	186	3	TATCAAGTTTATTGTCTGGCATGG	1
188	187	3	ATCAAGTTTATTGTCTGGCATGGC	1
189	188	3	TCAAGTTTATTGTCTGGCATGGCT	1
190	189	3	CAAGTTTATTGTCTGGCATGGCTC	1
191	190	3	AAGTTTATTGTCTGGCATGGCTCT	1
192	191	3	AGTTTATTGTCTGGCATGGCTCTC	1
193	192	3	GTTTATTGTCTGGCATGGCTCTCG	1
194	193	3	TTTATTGTCTGGCATGGCTCTCGT	1
195	194	3	TTATTGTCTGGCATGGCTCTCGTA	1
196	195	4	TATTGTCTGGCATGGCTCTCGTAA	1
197	196	4	ATTGTCTGGCATGGCTCTCGTAAG	1
198	197	4	TTGTCTGGCATGGCTCTCGTAAGC	1
199	198	4	TGTCTGGCATGGCTCTCGTAAGCA	1
200	199	4	GTCTGGCATGGCTCTCGTAAGCAT	1
201	200	4	TCTGGCATGGCTCTCGTAAGCATA	1
202	201	4	CTGGCATGGCTCTCGTAAGCATAA	1
203	202	4	TGGCATGGCTCTCGTAAGCATAAT	1
204	203	4	GGCATGGCTCTCGTAAGCATAATG	1
205	204	3	GCATGGCTCTCGTAAGCATAATGC	1
206	205	3	CATGGCTCTCGTAAGCATAATGCT	1
207	206	3	ATGGCTCTCGTAAGCATAATGCTT	1
208	207	3	TGGCTCTCGTAAGCATAATGCTTG	1
209	208	4	GGCTCTCGTAAGCATAATGCTTGC	1
210	209	4	GCTCTCGTAAGCATAATGCTTGCA	1
211	210	3	CTCTCGTAAGCATAATGCTTGCAT	1
212	211	3	TCTCGTAAGCATAATGCTTGCATT	1
213	212	3	CTCGTAAGCATAATGCTTGCATTC	1
214	213	5	TCGTAAGCATAATGCTTGCATTCG	1
215	214	4	CGTAAGCATAATGCTTGCATTCGT	1
216	215	5	GTAAGCATAATGCTTGCATTCGTA	1
217	216	5	TAAGCATAATGCTTGCATTCGTAC	1
218	217	5	AAGCATAATGCTTGCATTCGTACC	1
219	218	5	AGCATAATGCTTGCATTCGTACCG	1
220	219	5	GCATAATGCTTGCATTCGTACCGC	1
221	220	5	CATAATGCTTGCATTCGTACCGCC	1
222	221	5	ATAATGCTTGCATTCGTACCGCCT	1
223	222	5	TAATGCTTGCATTCGTACCGCCTA	1
224	223	5	AATGCTTGCATTCGTACCGCCTAT	1
225	224	5	ATGCTTGCATTCGTACCGCCTATT	1
226	225	5	TGCTTGCATTCGTACCGCCTATTC	1
227	226	5	GCTTGCATTCGTACCGCCTATTCC	1
228	227	5	CTTGCATTCGTACCGCCTATTCCA	1
229	228	5	TTGCATTCGTACCGCCTATTCCAT	1
230	229	6	TGCATTCGTACCGCCTATTCCATC	1
231	230	7	GCATTCGTACCGCCTATTCCATCA	1
232	231	7	CATTCGTACCGCCTATTCCATCAT	1
233	232	7	ATTCGTACCGCCTATTCCATCATC	1
234	233	7	TTCGTACCGCCTATTCCATCATCA	1
235	234	7	TCGTACCGCCTATTCCATCATCAA	1
236	235	7	CGTACCGCCTATTCCATCATCAAT	1
237	236	7	GTACCGCCTATTCCATCATCAATA	1
238	237	7	TACCGCCTATTCCATCATCAATAA	1
239	238	7	ACCGCCTATTCCATCATCAATAAC	1
240	239	6	CCGCCTATTCCATCATCAATAACA	1
241	240	6	CGCCTATTCCATCATCAATAACAT	1
242	241	6	GCCTATTCCATCATCAATAACATG	1
243	242	6	CCTATTCCATCATCAATAACATGA	1
244	243	6	CTATTCCATCATCAATAACATGAT	1
245	244	6	TATTCCATCATCAATAACATGATC	1
246	245	6	ATTCCATCATCAATAACATGATCA	1
247	246	6	TTCCATCATCAATAACATGATCAT	1
248	247	6	TCCATCATCAATAACATGATCATT	1
249	248	7	CCATCATCAATAACATGATCATTG	1
250	249	7	CATCATCAATAACATGATCATTGG	1
251	250	7	ATCATCAATAACATGATCATTGGC	1
252	251	7	TCATCAATAACATGATCATTGGCG	1
253	252	7	CATCAATAACATGATCATTGGCGT	1
254	253	7	ATCAATAACATGATCATTGGCGTT	1
255	254	7	TCAATAACATGATCATTGGCGTTA	1
256	255	7	CAATAACATGATCATTGGCGTTAC	1
257	256	7	AATAACATGATCATTGGCGTTACC	1
258	257	5	ATAACATGATCATTGGCGTTACCC	1
259	258	8	TAACATGATCATTGGCGTTACCCA	1
260	259	9	AACATGATCATTGGCGTTACCCAA	1
261	260	9	ACATGATCATTGGCGTTACCCAAG	1
262	261	9	CATGATCATTGGCGTTACCCAAGG	1
263	262	9	ATGATCATTGGCGTTACCCAAGGT	1
264	263	9	TGATCATTGGCGTTACCCAAGGTT	1
265	264	9	GATCATTGGCGTTACCCAAGGTTT	1
266	265	9	ATCATTGGCGTTACCCAAGGTTTC	1
267	266	10	TCATTGGCGTTACCCAAGGTTTCC	1
268	267	10	CATTGGCGTTACCCAAGGTTTCCG	1
269	268	10	ATTGGCGTTACCCAAGGTTTCCGC	1
270	269	10	TTGGCGTTACCCAAGGTTTCCGCT	1
271	270	10	TGGCGTTACCCAAGGTTTCCGCTA	1
272	271	10	GGCGTTACCCAAGGTTTCCGCTAC	1
273	272	10	GCGTTACCCAAGGTTTCCGCTACA	1
274	273	10	CGTTACCCAAGGTTTCCGCTACAA	1
275	274	10	GTTACCCAAGGTTTCCGCTACAAG	1
276	275	10	TTACCCAAGGTTTCCGCTACAAGA	1
277	276	10	TACCCAAGGTTTCCGCTACAAGAT	1
278	277	10	ACCCAAGGTTTCCGCTACAAGATG	1
279	278	10	CCCAAGGTTTCCGCTACAAGATGC	1
280	279	10	CCAAGGTTTCCGCTACAAGATGCG	1
281	280	11	CAAGGTTTCCGCTACAAGATGCGT	1
282	281	11	AAGGTTTCCGCTACAAGATGCGTC	1
283	282	11	AGGTTTCCGCTACAAGATGCGTCT	1
284	283	11	GGTTTCCGCTACAAGATGCGTCTT	1
285	284	11	GTTTCCGCTACAAGATGCGTCTTG	1
286	285	11	TTTCCGCTACAAGATGCGTCTTGT	1
287	286	11	TTCCGCTACAAGATGCGTCTTGTC	1
288	287	11	TCCGCTACAAGATGCGTCTTGTCT	1
289	288	11	CCGCTACAAGATGCGTCTTGTCTA	1
290	289	11	CGCTACAAGATGCGTCTTGTCTAT	1
291	290	11	GCTACAAGATGCGTCTTGTCTATG	1
292	291	11	CTACAAGATGCGTCTTGTCTATGC	1
293	292	10	TACAAGATGCGTCTTGTCTATGCT	1
294	293	10	ACAAGATGCGTCTTGTCTATGCTC	1
295	294	10	CAAGATGCGTCTTGTCTATGCTCA	1
296	295	10	AAGATGCGTCTTGTCTATGCTCAC	1
297	296	9	AGATGCGTCTTGTCTATGCTCACT	1
298	297	9	GATGCGTCTTGTCTATGCTCACTT	1
299	298	9	ATGCGTCTTGTCTATGCTCACTTT	1
300	299	9	TGCGTCTTGTCTATGCTCACTTTC	1
301	300	9	GCGTCTTGTCTATGCTCACTTTCC	1
302	301	8	CGTCTTGTCTATGCTCACTTTCCC	1
303	302	4	GTCTTGTCTATGCTCACTTTCCCA	1
304	303	3	TCTTGTCTATGCTCACTTTCCCAT	1
305	304	4	CTTGTCTATGCTCACTTTCCCATC	1
306	305	4	TTGTCTATGCTCACTTTCCCATCA	1
307	306	4	TGTCTATGCTCACTTTCCCATCAA	1
308	307	4	GTCTATGCTCACTTTCCCATCAAC	1
309	308	4	TCTATGCTCACTTTCCCATCAACA	1
310	309	3	CTATGCTCACTTTCCCATCAACAT	1
311	310	3	TATGCTCACTTTCCCATCAACATC	1
312	311	3	ATGCTCACTTTCCCATCAACATCA	1
313	312	3	TGCTCACTTTCCCATCAACATCAA	1
314	313	3	GCTCACTTTCCCATCAACATCAAT	1
315	314	3	CTCACTTTCCCATCAACATCAATT	1
316	315	3	TCACTTTCCCATCAACATCAATTT	1
317	316	3	CACTTTCCCATCAACATCAATTTG	1
318	317	2	ACTTTCCCATCAACATCAATTTGA	1
319	318	2	CTTTCCCATCAACATCAATTTGAC	1
320	319	3	TTTCCCATCAACATCAATTTGACT	1
321	320	3	TTCCCATCAACATCAATTTGACTG	1
322	321	3	TCCCATCAACATCAATTTGACTGA	1
323	322	3	CCCATCAACATCAATTTGACTGAG	1
324	323	3	CCATCAACATCAATTTGACTGAGA	1
325	324	2	CATCAACATCAATTTGACTGAGAA	1
326	325	2	ATCAACATCAATTTGACTGAGAAC	1
327	326	2	TCAACATCAATTTGACTGAGAACG	1
328	327	2	CAACATCAATTTGACTGAGAACGG	1
329	328	2	AACATCAATTTGACTGAGAACGGA	1
330	329	1	ACATCAATTTGACTGAGAACGGAA	1
331	330	1	CATCAATTTGACTGAGAACGGAAC	1
332	331	1	ATCAATTTGACTGAGAACGGAACC	1
333	332	1	TCAATTTGACTGAGAACGGAACCG	1
334	333	1	CAATTTGACTGAGAACGGAACCGT	1
335	334	2	AATTTGACTGAGAACGGAACCGTT	1
336	335	2	ATTTGACTGAGAACGGAACCGTTG	1
337	336	2	TTTGACTGAGAACGGAACCGTTGT	1
338	337	2	TTGACTGAGAACGGAACCGTTGTT	1
339	338	2	TGACTGAGAACGGAACCGTTGTTG	1
340	339	2	GACTGAGAACGGAACCGTTGTTGA	1
341	340	2	ACTGAGAACGGAACCGTTGTTGAG	1
342	341	2	CTGAGAACGGAACCGTTGTTGAGA	1
343	342	2	TGAGAACGGAACCGTTGTTGAGAT	1
344	343	2	GAGAACGGAACCGTTGTTGAGATC	1
345	344	2	AGAACGGAACCGTTGTTGAGATCC	1
346	345	2	GAACGGAACCGTTGTTGAGATCCG	1
347	346	2	AACGGAACCGTTGTTGAGATCCGT	1
348	347	2	ACGGAACCGTTGTTGAGATCCGTA	1
349	348	1	CGGAACCGTTGTTGAGATCCGTAA	1
350	349	1	GGAACCGTTGTTGAGATCCGTAAC	1
351	350	1	GAACCGTTGTTGAGATCCGTAACT	1
352	351	1	AACCGTTGTTGAGATCCGTAACTT	1
353	352	1	ACCGTTGTTGAGATCCGTAACTTT	1
354	353	1	CCGTTGTTGAGATCCGTAACTTTT	1
355	354	1	CGTTGTTGAGATCCGTAACTTTTT	1
356	355	1	GTTGTTGAGATCCGTAACTTTTTG	1
357	356	1	TTGTTGAGATCCGTAACTTTTTGG	1
358	357	1	TGTTGAGATCCGTAACTTTTTGGG	1
359	358	1	GTTGAGATCCGTAACTTTTTGGGC	1
360	359	1	TTGAGATCCGTAACTTTTTGGGCG	1
361	360	1	TGAGATCCGTAACTTTTTGGGCGA	1
362	361	1	GAGATCCGTAACTTTTTGGGCGAA	1
363	362	1	AGATCCGTAACTTTTTGGGCGAAC	1
364	-1	0	ACTCGTGTCATCAAGTGTTTGCCT	1
365	364	1	CTCGTGTCATCAAGTGTTTGCCTG	1
366	365	1	TCGTGTCATCAAGTGTTTGCCTGG	1
367	366	1	CGTGTCATCAAGTGTTTGCCTGGC	1
368	367	1	GTGTCATCAAGTGTTTGCCTGGCG	1
369	368	1	TGTCATCAAGTGTTTGCCTGGCGT	1
370	369	1	GTCATCAAGTGTTTGCCTGGCGTT	1
371	370	1	TCATCAAGTGTTTGCCTGGCGTTA	1
372	371	1	CATCAAGTGTTTGCCTGGCGTTAC	1
373	372	1	ATCAAGTGTTTGCCTGGCGTTACC	1
374	373	1	TCAAGTGTTTGCCTGGCGTTACCG	1
375	374	1	CAAGTGTTTGCCTGGCGTTACCGT	1
376	375	1	AAGTGTTTGCCTGGCGTTACCGTT	1
377	376	1	AGTGTTTGCCTGGCGTTACCGTTT	1
378	377	1	GTGTTTGCCTGGCGTTACCGTTTC	1
379	378	1	TGTTTGCCTGGCGTTACCGTTTCC	1
380	379	1	GTTTGCCTGGCGTTACCGTTTCCA	1
381	380	1	TTTGCCTGGCGTTACCGTTTCCAT	1
382	381	1	TTGCCTGGCGTTACCGTTTCCATT	1
383	382	1	TGCCTGGCGTTACCGTTTCCATTT	1
384	383	1	GCCTGGCGTTACCGTTTCCATTTC	1
385	384	1	CCTGGCGTTACCGTTTCCATTTCT	1
386	385	1	CTGGCGTTACCGTTTCCATTTCTT	1
387	386	1	TGGCGTTACCGTTTCCATTTCTTC	1
388	387	1	GGCGTTACCGTTTCCATTTCTTCT	1
389	388	1	GCGTTACCGTTTCCATTTCTTCTG	1
390	389	1	CGTTACCGTTTCCATTTCTTCTGC	1
391	390	1	GTTACCGTTTCCATTTCTTCTGCC	1
392	391	3	TTACCGTTTCCATTTCTTCTGCCG	1
393	392	3	TACCGTTTCCATTTCTTCTGCCGT	1
394	393	3	ACCGTTTCCATTTCTTCTGCCGTC	1
395	394	4	CCGTTTCCATTTCTTCTGCCGTCA	1
396	395	4	CGTTTCCATTTCTTCTGCCGTCAA	1
397	396	4	GTTTCCATTTCTTCTGCCGTCAAG	1
398	397	4	TTTCCATTTCTTCTGCCGTCAAGG	1
399	398	4	TTCCATTTCTTCTGCCGTCAAGGA	1
400	399	4	TCCATTTCTTCTGCCGTCAAGGAT	1
401	400	4	CCATTTCTTCTGCCGTCAAGGATG	1
402	401	4	CATTTCTTCTGCCGTCAAGGATGA	1
403	402	4	ATTTCTTCTGCCGTCAAGGATGAG	1
404	403	5	TTTCTTCTGCCGTCAAGGATGAGA	1
405	404	5	TTCTTCTGCCGTCAAGGATGAGAT	1
406	405	6	TCTTCTGCCGTCAAGGATGAGATT	1
407	406	6	CTTCTGCCGTCAAGGATGAGATTA	1
408	407	6	TTCTGCCGTCAAGGATGAGATTAT	1
409	408	5	TCTGCCGTCAAGGATGAGATTATA	1
410	409	5	CTGCCGTCAAGGATGAGATTATAA	1
411	410	5	TGCCGTCAAGGATGAGATTATAAT	1
412	411	5	GCCGTCAAGGATGAGATTATAATT	1
413	412	5	CCGTCAAGGATGAGATTATAATTG	1
414	413	5	CGTCAAGGATGAGATTATAATTGA	1
415	414	5	GTCAAGGATGAGATTATAATTGAA	1
416	415	5	TCAAGGATGAGATTATAATTGAAG	1
417	416	5	CAAGGATGAGATTATAATTGAAGG	1
418	417	5	AAGGATGAGATTATAATTGAAGGT	1
419	418	5	AGGATGAGATTATAATTGAAGGTA	1
420	419	5	GGATGAGATTATAATTGAAGGTAA	1
421	420	5	GATGAGATTATAATTGAAGGTAAC	1
422	421	5	ATGAGATTATAATTGAAGGTAACT	1
423	422	5	TGAGATTATAATTGAAGGTAACTC	1
424	423	5	GAGATTATAATTGAAGGTAACTCC	1
425	424	5	AGATTATAATTGAAGGTAACTCCT	1
426	425	5	GATTATAATTGAAGGTAACTCCTT	1
427	426	5	ATTATAATTGAAGGTAACTCCTTG	1
428	427	5	TTATAATTGAAGGTAACTCCTTGG	1
429	428	5	TATAATTGAAGGTAACTCCTTGGA	1
430	429	5	ATAATTGAAGGTAACTCCTTGGAG	1
431	430	5	TAATTGAAGGTAACTCCTTGGAGA	1
432	431	5	AATTGAAGGTAACTCCTTGGAGAA	1
433	432	5	ATTGAAGGTAACTCCTTGGAGAAT	1
434	433	5	TTGAAGGTAACTCCTTGGAGAATG	1
435	434	5	TGAAGGTAACTCCTTGGAGAATGT	1
436	435	3	GAAGGTAACTCCTTGGAGAATGTT	1
437	436	3	AAGGTAACTCCTTGGAGAATGTTT	1
438	437	3	AGGTAACTCCTTGGAGAATGTTTC	1
439	438	2	GGTAACTCCTTGGAGAATGTTTCT	1
440	439	2	GTAACTCCTTGGAGAATGTTTCTC	1
441	440	2	TAACTCCTTGGAGAATGTTTCTCA	1
442	441	3	AACTCCTTGGAGAATGTTTCTCAA	1
443	442	3	ACTCCTTGGAGAATGTTTCTCAAT	1
444	443	3	CTCCTTGGAGAATGTTTCTCAATC	1
445	444	3	TCCTTGGAGAATGTTTCTCAATCC	1
446	445	3	CCTTGGAGAATGTTTCTCAATCCG	1
447	446	3	CTTGGAGAATGTTTCTCAATCCGC	1
448	447	2	TTGGAGAATGTTTCTCAATCCGCT	1
449	448	2	TGGAGAATGTTTCTCAATCCGCTG	1
450	449	1	GGAGAATGTTTCTCAATCCGCTGC	1
451	450	1	GAGAATGTTTCTCAATCCGCTGCC	1
452	451	1	AGAATGTTTCTCAATCCGCTGCCA	1
453	452	1	GAATGTTTCTCAATCCGCTGCCAA	1
454	453	1	AATGTTTCTCAATCCGCTGCCAAC	1
455	454	1	ATGTTTCTCAATCCGCTGCCAACA	1
456	455	1	TGTTTCTCAATCCGCTGCCAACAT	1
457	456	1	GTTTCTCAATCCGCTGCCAACATC	1
458	457	1	TTTCTCAATCCGCTGCCAACATCA	1
459	458	1	TTCTCAATCCGCTGCCAACATCAA	1
460	459	1	TCTCAATCCGCTGCCAACATCAAG	1
461	460	1	CTCAATCCGCTGCCAACATCAAGC	1
462	461	1	TCAATCCGCTGCCAACATCAAGCA	1
463	462	1	CAATCCGCTGCCAACATCAAGCAA	1
464	463	1	AATCCGCTGCCAACATCAAGCAAA	1
465	464	1	ATCCGCTGCCAACATCAAGCAAAT	1
466	465	1	TCCGCTGCCAACATCAAGCAAATT	1
467	466	1	CCGCTGCCAACATCAAGCAAATTT	1
468	467	1	CGCTGCCAACATCAAGCAAATTTG	1
469	468	1	GCTGCCAACATCAAGCAAATTTGC	1
470	469	1	CTGCCAACATCAAGCAAATTTGCA	1
471	470	1	TGCCAACATCAAGCAAATTTGCAA	1
472	471	1	GCCAACATCAAGCAAATTTGCAAT	1
473	472	1	CCAACATCAAGCAAATTTGCAATG	1
474	473	1	CAACATCAAGCAAATTTGCAATGT	1
475	474	1	AACATCAAGCAAATTTGCAATGTC	1
476	475	1	ACATCAAGCAAATTTGCAATGTCC	1
477	476	1	CATCAAGCAAATTTGCAATGTCCG	1
478	477	1	ATCAAGCAAATTTGCAATGTCCGC	1
479	478	1	TCAAGCAAATTTGCAATGTCCGCA	1
480	479	1	CAAGCAAATTTGCAATGTCCGCAA	1
481	480	1	AAGCAAATTTGCAATGTCCGCAAC	1
482	481	1	AGCAAATTTGCAATGTCCGCAACA	1
483	482	1	GCAAATTTGCAATGTCCGCAACAA	1
484	483	1	CAAATTTGCAATGTCCGCAACAAG	1
485	484	1	AAATTTGCAATGTCCGCAACAAGG	1
