Component 31
1	-1	0	CACAGCTTCATTCTTCACTGTCGT	1
2	1	2	ACAGCTTCATTCTTCACTGTCGTG	1
3	2	2	CAGCTTCATTCTTCACTGTCGTGC	1
4	3	2	AGCTTCATTCTTCACTGTCGTGCT	1
5	4	2	GCTTCATTCTTCACTGTCGTGCTT	1
6	5	2	CTTCATTCTTCACTGTCGTGCTTC	1
7	6	4	TTCATTCTTCACTGTCGTGCTTCG	1
8	7	4	TCATTCTTCACTGTCGTGCTTCGA	1
9	8	4	CATTCTTCACTGTCGTGCTTCGAT	1
10	9	5	ATTCTTCACTGTCGTGCTTCGATT	1
11	10	5	TTCTTCACTGTCGTGCTTCGATTT	1
12	11	5	TCTTCACTGTCGTGCTTCGATTTC	1
13	12	5	CTTCACTGTCGTGCTTCGATTTCG	1
14	13	6	TTCACTGTCGTGCTTCGATTTCGT	1
15	14	7	TCACTGTCGTGCTTCGATTTCGTT	1
16	15	7	CACTGTCGTGCTTCGATTTCGTTA	1
17	16	7	ACTGTCGTGCTTCGATTTCGTTAT	1
18	17	7	CTGTCGTGCTTCGATTTCGTTATT	1
19	18	8	TGTCGTGCTTCGATTTCGTTATTT	1
20	19	8	GTCGTGCTTCGATTTCGTTATTTT	1
21	20	8	TCGTGCTTCGATTTCGTTATTTTA	1
22	21	8	CGTGCTTCGATTTCGTTATTTTAT	1
23	22	9	GTGCTTCGATTTCGTTATTTTATT	1
24	23	9	TGCTTCGATTTCGTTATTTTATTA	1
25	24	9	GCTTCGATTTCGTTATTTTATTAC	1
26	25	9	CTTCGATTTCGTTATTTTATTACT	1
27	26	9	TTCGATTTCGTTATTTTATTACTC	1
28	27	9	TCGATTTCGTTATTTTATTACTCC	1
29	28	9	CGATTTCGTTATTTTATTACTCCA	1
30	29	9	GATTTCGTTATTTTATTACTCCAG	1
31	30	9	ATTTCGTTATTTTATTACTCCAGC	1
32	31	10	TTTCGTTATTTTATTACTCCAGCG	1
33	32	10	TTCGTTATTTTATTACTCCAGCGT	1
34	33	10	TCGTTATTTTATTACTCCAGCGTT	1
35	34	10	CGTTATTTTATTACTCCAGCGTTT	1
36	35	10	GTTATTTTATTACTCCAGCGTTTT	1
37	36	10	TTATTTTATTACTCCAGCGTTTTA	1
38	37	10	TATTTTATTACTCCAGCGTTTTAT	1
39	38	10	ATTTTATTACTCCAGCGTTTTATT	1
40	39	10	TTTTATTACTCCAGCGTTTTATTA	1
41	40	10	TTTATTACTCCAGCGTTTTATTAA	1
42	41	10	TTATTACTCCAGCGTTTTATTAAA	1
43	42	10	TATTACTCCAGCGTTTTATTAAAC	1
44	43	10	ATTACTCCAGCGTTTTATTAAACC	1
45	44	10	TTACTCCAGCGTTTTATTAAACCC	1
46	45	8	TACTCCAGCGTTTTATTAAACCCA	1
47	46	8	ACTCCAGCGTTTTATTAAACCCAG	1
48	47	8	CTCCAGCGTTTTATTAAACCCAGT	1
49	48	8	TCCAGCGTTTTATTAAACCCAGTA	1
50	49	8	CCAGCGTTTTATTAAACCCAGTAT	1
51	50	6	CAGCGTTTTATTAAACCCAGTATG	1
52	51	6	AGCGTTTTATTAAACCCAGTATGT	1
53	52	6	GCGTTTTATTAAACCCAGTATGTC	1
54	53	5	CGTTTTATTAAACCCAGTATGTCT	1
55	54	5	GTTTTATTAAACCCAGTATGTCTA	1
56	55	5	TTTTATTAAACCCAGTATGTCTAC	1
57	56	5	TTTATTAAACCCAGTATGTCTACC	1
58	57	4	TTATTAAACCCAGTATGTCTACCG	1
59	58	3	TATTAAACCCAGTATGTCTACCGC	1
60	59	3	ATTAAACCCAGTATGTCTACCGCA	1
61	60	3	TTAAACCCAGTATGTCTACCGCAA	1
62	61	3	TAAACCCAGTATGTCTACCGCAAA	1
63	62	2	AAACCCAGTATGTCTACCGCAAAC	1
64	63	2	AACCCAGTATGTCTACCGCAAACA	1
65	64	2	ACCCAGTATGTCTACCGCAAACAC	1
66	65	2	CCCAGTATGTCTACCGCAAACACC	1
67	66	2	CCAGTATGTCTACCGCAAACACCG	1
68	67	2	CAGTATGTCTACCGCAAACACCGT	1
69	68	2	AGTATGTCTACCGCAAACACCGTC	1
70	69	2	GTATGTCTACCGCAAACACCGTCG	1
71	70	2	TATGTCTACCGCAAACACCGTCGC	1
72	71	2	ATGTCTACCGCAAACACCGTCGCT	1
73	72	2	TGTCTACCGCAAACACCGTCGCTA	1
74	73	2	GTCTACCGCAAACACCGTCGCTAT	1
75	74	2	TCTACCGCAAACACCGTCGCTATT	1
76	75	1	CTACCGCAAACACCGTCGCTATTG	1
77	76	1	TACCGCAAACACCGTCGCTATTGT	1
78	77	1	ACCGCAAACACCGTCGCTATTGTG	1
79	78	1	CCGCAAACACCGTCGCTATTGTGA	1
80	79	1	CGCAAACACCGTCGCTATTGTGAT	1
81	80	1	GCAAACACCGTCGCTATTGTGATT	1
82	81	1	CAAACACCGTCGCTATTGTGATTT	1
83	82	1	AAACACCGTCGCTATTGTGATTTA	1
84	83	1	AACACCGTCGCTATTGTGATTTAT	1
85	84	1	ACACCGTCGCTATTGTGATTTATT	1
86	85	1	CACCGTCGCTATTGTGATTTATTC	1
87	86	1	ACCGTCGCTATTGTGATTTATTCC	1
88	87	1	CCGTCGCTATTGTGATTTATTCCA	1
89	88	1	CGTCGCTATTGTGATTTATTCCAC	1
90	89	1	GTCGCTATTGTGATTTATTCCACT	1
91	90	2	TCGCTATTGTGATTTATTCCACTT	1
92	91	2	CGCTATTGTGATTTATTCCACTTA	1
93	92	2	GCTATTGTGATTTATTCCACTTAT	1
94	93	2	CTATTGTGATTTATTCCACTTATG	1
95	94	2	TATTGTGATTTATTCCACTTATGG	1
96	95	2	ATTGTGATTTATTCCACTTATGGC	1
97	96	2	TTGTGATTTATTCCACTTATGGCC	1
98	97	2	TGTGATTTATTCCACTTATGGCCA	1
99	98	2	GTGATTTATTCCACTTATGGCCAT	1
100	99	2	TGATTTATTCCACTTATGGCCATG	1
101	100	2	GATTTATTCCACTTATGGCCATGT	1
102	101	2	ATTTATTCCACTTATGGCCATGTC	1
103	102	2	TTTATTCCACTTATGGCCATGTCG	1
104	103	2	TTATTCCACTTATGGCCATGTCGT	1
105	104	2	TATTCCACTTATGGCCATGTCGTC	1
106	105	2	ATTCCACTTATGGCCATGTCGTCA	1
107	106	2	TTCCACTTATGGCCATGTCGTCAA	1
108	107	2	TCCACTTATGGCCATGTCGTCAAA	1
109	108	2	CCACTTATGGCCATGTCGTCAAAC	1
110	109	2	CACTTATGGCCATGTCGTCAAACT	1
111	110	1	ACTTATGGCCATGTCGTCAAACTG	1
112	111	1	CTTATGGCCATGTCGTCAAACTGG	1
113	112	1	TTATGGCCATGTCGTCAAACTGGC	1
114	113	1	TATGGCCATGTCGTCAAACTGGCT	1
115	114	1	ATGGCCATGTCGTCAAACTGGCTG	1
116	115	1	TGGCCATGTCGTCAAACTGGCTGA	1
117	116	1	GGCCATGTCGTCAAACTGGCTGAG	1
118	117	1	GCCATGTCGTCAAACTGGCTGAGG	1
119	118	1	CCATGTCGTCAAACTGGCTGAGGC	1
120	119	1	CATGTCGTCAAACTGGCTGAGGCC	1
121	120	1	ATGTCGTCAAACTGGCTGAGGCCG	1
122	121	1	TGTCGTCAAACTGGCTGAGGCCGA	1
123	122	1	GTCGTCAAACTGGCTGAGGCCGAA	1
124	123	1	TCGTCAAACTGGCTGAGGCCGAAA	1
125	124	1	CGTCAAACTGGCTGAGGCCGAAAA	1
126	125	1	GTCAAACTGGCTGAGGCCGAAAAG	1
127	126	1	TCAAACTGGCTGAGGCCGAAAAGG	1
128	127	1	CAAACTGGCTGAGGCCGAAAAGGC	1
129	128	1	AAACTGGCTGAGGCCGAAAAGGCT	1
130	129	1	AACTGGCTGAGGCCGAAAAGGCTG	1
131	130	1	ACTGGCTGAGGCCGAAAAGGCTGG	1
132	131	1	CTGGCTGAGGCCGAAAAGGCTGGC	1
133	132	1	TGGCTGAGGCCGAAAAGGCTGGCA	1
134	133	1	GGCTGAGGCCGAAAAGGCTGGCAT	1
135	-1	0	AAACTGGCTGAGTCCGAAAAGGCT	1
136	135	1	AACTGGCTGAGTCCGAAAAGGCTG	1
137	136	1	ACTGGCTGAGTCCGAAAAGGCTGG	1
138	137	1	CTGGCTGAGTCCGAAAAGGCTGGC	1
139	138	1	TGGCTGAGTCCGAAAAGGCTGGCA	1
140	139	1	GGCTGAGTCCGAAAAGGCTGGCAT	1
141	140	1	GCTGAGTCCGAAAAGGCTGGCATT	1
142	141	1	CTGAGTCCGAAAAGGCTGGCATTG	1
143	142	1	TGAGTCCGAAAAGGCTGGCATTGA	1
144	143	1	GAGTCCGAAAAGGCTGGCATTGAG	1
145	144	1	AGTCCGAAAAGGCTGGCATTGAGA	1
146	145	1	GTCCGAAAAGGCTGGCATTGAGAA	1
147	146	1	TCCGAAAAGGCTGGCATTGAGAAA	1
148	147	1	CCGAAAAGGCTGGCATTGAGAAAG	1
149	148	2	CGAAAAGGCTGGCATTGAGAAAGC	1
150	149	2	GAAAAGGCTGGCATTGAGAAAGCT	1
151	150	3	AAAAGGCTGGCATTGAGAAAGCTG	1
152	151	3	AAAGGCTGGCATTGAGAAAGCTGG	1
153	152	3	AAGGCTGGCATTGAGAAAGCTGGT	1
154	153	3	AGGCTGGCATTGAGAAAGCTGGTG	1
155	154	3	GGCTGGCATTGAGAAAGCTGGTGG	1
156	155	3	GCTGGCATTGAGAAAGCTGGTGGA	1
157	156	3	CTGGCATTGAGAAAGCTGGTGGAA	1
158	157	4	TGGCATTGAGAAAGCTGGTGGAAA	1
159	158	4	GGCATTGAGAAAGCTGGTGGAAAA	1
160	159	4	GCATTGAGAAAGCTGGTGGAAAAG	1
161	160	4	CATTGAGAAAGCTGGTGGAAAAGC	1
162	161	5	ATTGAGAAAGCTGGTGGAAAAGCT	1
163	162	5	TTGAGAAAGCTGGTGGAAAAGCTG	1
164	163	5	TGAGAAAGCTGGTGGAAAAGCTGT	1
165	164	5	GAGAAAGCTGGTGGAAAAGCTGTC	1
166	165	5	AGAAAGCTGGTGGAAAAGCTGTCA	1
167	166	5	GAAAGCTGGTGGAAAAGCTGTCAT	1
168	167	5	AAAGCTGGTGGAAAAGCTGTCATT	1
169	168	5	AAGCTGGTGGAAAAGCTGTCATTT	1
170	169	5	AGCTGGTGGAAAAGCTGTCATTTA	1
171	170	5	GCTGGTGGAAAAGCTGTCATTTAT	1
172	171	5	CTGGTGGAAAAGCTGTCATTTATC	1
173	172	5	TGGTGGAAAAGCTGTCATTTATCA	1
174	173	5	GGTGGAAAAGCTGTCATTTATCAG	1
175	174	5	GTGGAAAAGCTGTCATTTATCAGT	1
176	175	5	TGGAAAAGCTGTCATTTATCAGTT	1
177	176	5	GGAAAAGCTGTCATTTATCAGTTC	1
178	177	5	GAAAAGCTGTCATTTATCAGTTCC	1
179	178	6	AAAAGCTGTCATTTATCAGTTCCC	1
180	179	5	AAAGCTGTCATTTATCAGTTCCCC	1
181	180	5	AAGCTGTCATTTATCAGTTCCCCG	1
182	181	5	AGCTGTCATTTATCAGTTCCCCGA	1
183	182	5	GCTGTCATTTATCAGTTCCCCGAG	1
184	183	4	CTGTCATTTATCAGTTCCCCGAGA	1
185	184	6	TGTCATTTATCAGTTCCCCGAGAC	1
186	185	6	GTCATTTATCAGTTCCCCGAGACA	1
187	186	6	TCATTTATCAGTTCCCCGAGACAT	1
188	187	6	CATTTATCAGTTCCCCGAGACATT	1
189	188	6	ATTTATCAGTTCCCCGAGACATTG	1
190	189	6	TTTATCAGTTCCCCGAGACATTGA	1
191	190	6	TTATCAGTTCCCCGAGACATTGAG	1
192	191	6	TATCAGTTCCCCGAGACATTGAGT	1
193	192	6	ATCAGTTCCCCGAGACATTGAGTC	1
194	193	6	TCAGTTCCCCGAGACATTGAGTCC	1
195	194	6	CAGTTCCCCGAGACATTGAGTCCT	1
196	195	6	AGTTCCCCGAGACATTGAGTCCTG	1
197	196	6	GTTCCCCGAGACATTGAGTCCTGA	1
198	197	6	TTCCCCGAGACATTGAGTCCTGAA	1
199	198	6	TCCCCGAGACATTGAGTCCTGAAA	1
200	199	6	CCCCGAGACATTGAGTCCTGAAAT	1
201	200	6	CCCGAGACATTGAGTCCTGAAATC	1
202	201	5	CCGAGACATTGAGTCCTGAAATCT	1
203	202	5	CGAGACATTGAGTCCTGAAATCTT	1
204	203	5	GAGACATTGAGTCCTGAAATCTTG	1
205	204	5	AGACATTGAGTCCTGAAATCTTGG	1
206	205	4	GACATTGAGTCCTGAAATCTTGGA	1
207	206	4	ACATTGAGTCCTGAAATCTTGGAG	1
208	207	4	CATTGAGTCCTGAAATCTTGGAGA	1
209	208	4	ATTGAGTCCTGAAATCTTGGAGAA	1
210	209	4	TTGAGTCCTGAAATCTTGGAGAAG	1
211	210	4	TGAGTCCTGAAATCTTGGAGAAGA	1
212	211	4	GAGTCCTGAAATCTTGGAGAAGAT	1
213	212	4	AGTCCTGAAATCTTGGAGAAGATG	1
214	213	4	GTCCTGAAATCTTGGAGAAGATGC	1
215	214	4	TCCTGAAATCTTGGAGAAGATGCA	1
216	215	4	CCTGAAATCTTGGAGAAGATGCAT	1
217	216	4	CTGAAATCTTGGAGAAGATGCATG	1
218	217	4	TGAAATCTTGGAGAAGATGCATGC	1
219	218	4	GAAATCTTGGAGAAGATGCATGCT	1
220	219	4	AAATCTTGGAGAAGATGCATGCTG	1
221	220	4	AATCTTGGAGAAGATGCATGCTGC	1
222	221	4	ATCTTGGAGAAGATGCATGCTGCA	1
223	222	3	TCTTGGAGAAGATGCATGCTGCAC	1
224	223	3	CTTGGAGAAGATGCATGCTGCACC	1
225	224	3	TTGGAGAAGATGCATGCTGCACCC	1
226	225	3	TGGAGAAGATGCATGCTGCACCCA	1
227	226	3	GGAGAAGATGCATGCTGCACCCAA	1
228	227	3	GAGAAGATGCATGCTGCACCCAAA	1
229	228	1	AGAAGATGCATGCTGCACCCAAAC	1
230	229	1	GAAGATGCATGCTGCACCCAAACC	1
231	230	2	AAGATGCATGCTGCACCCAAACCC	1
232	231	2	AGATGCATGCTGCACCCAAACCCA	1
233	232	2	GATGCATGCTGCACCCAAACCCAA	1
234	233	2	ATGCATGCTGCACCCAAACCCAAT	1
235	234	2	TGCATGCTGCACCCAAACCCAATT	1
236	235	2	GCATGCTGCACCCAAACCCAATTA	1
237	236	2	CATGCTGCACCCAAACCCAATTAC	1
238	237	2	ATGCTGCACCCAAACCCAATTACC	1
239	238	1	TGCTGCACCCAAACCCAATTACCC	1
240	239	1	GCTGCACCCAAACCCAATTACCCT	1
241	240	1	CTGCACCCAAACCCAATTACCCTG	1
242	241	1	TGCACCCAAACCCAATTACCCTGT	1
243	242	1	GCACCCAAACCCAATTACCCTGTT	1
244	243	1	CACCCAAACCCAATTACCCTGTTG	1
245	244	1	ACCCAAACCCAATTACCCTGTTGT	1
246	245	1	CCCAAACCCAATTACCCTGTTGTT	1
247	246	1	CCAAACCCAATTACCCTGTTGTTA	1
248	247	1	CAAACCCAATTACCCTGTTGTTAC	1
249	248	1	AAACCCAATTACCCTGTTGTTACA	1
250	249	2	AACCCAATTACCCTGTTGTTACAC	1
251	250	2	ACCCAATTACCCTGTTGTTACACT	1
252	251	2	CCCAATTACCCTGTTGTTACACTC	1
253	252	2	CCAATTACCCTGTTGTTACACTCG	1
254	253	2	CAATTACCCTGTTGTTACACTCGA	1
255	254	2	AATTACCCTGTTGTTACACTCGAT	1
256	255	2	ATTACCCTGTTGTTACACTCGATG	1
257	256	2	TTACCCTGTTGTTACACTCGATGT	1
258	257	2	TACCCTGTTGTTACACTCGATGTC	1
259	258	2	ACCCTGTTGTTACACTCGATGTCT	1
260	259	2	CCCTGTTGTTACACTCGATGTCTT	1
261	260	3	CCTGTTGTTACACTCGATGTCTTA	1
262	261	3	CTGTTGTTACACTCGATGTCTTAA	1
263	262	3	TGTTGTTACACTCGATGTCTTAAC	1
264	263	3	GTTGTTACACTCGATGTCTTAACG	1
265	264	3	TTGTTACACTCGATGTCTTAACGC	1
266	265	3	TGTTACACTCGATGTCTTAACGCA	1
267	266	3	GTTACACTCGATGTCTTAACGCAG	1
268	267	3	TTACACTCGATGTCTTAACGCAGT	1
269	268	3	TACACTCGATGTCTTAACGCAGTA	1
270	269	3	ACACTCGATGTCTTAACGCAGTAT	1
271	270	4	CACTCGATGTCTTAACGCAGTATG	1
272	271	4	ACTCGATGTCTTAACGCAGTATGA	1
273	272	4	CTCGATGTCTTAACGCAGTATGAT	1
274	273	4	TCGATGTCTTAACGCAGTATGATG	1
275	274	3	CGATGTCTTAACGCAGTATGATGC	1
276	275	3	GATGTCTTAACGCAGTATGATGCC	1
277	276	3	ATGTCTTAACGCAGTATGATGCCT	1
278	277	4	TGTCTTAACGCAGTATGATGCCTT	1
279	278	4	GTCTTAACGCAGTATGATGCCTTC	1
280	279	4	TCTTAACGCAGTATGATGCCTTCC	1
281	280	4	CTTAACGCAGTATGATGCCTTCCT	1
282	281	4	TTAACGCAGTATGATGCCTTCCTC	1
283	282	4	TAACGCAGTATGATGCCTTCCTCT	1
284	283	4	AACGCAGTATGATGCCTTCCTCTT	1
285	284	4	ACGCAGTATGATGCCTTCCTCTTC	1
286	285	4	CGCAGTATGATGCCTTCCTCTTCG	1
287	286	4	GCAGTATGATGCCTTCCTCTTCGG	1
288	287	4	CAGTATGATGCCTTCCTCTTCGGT	1
289	288	4	AGTATGATGCCTTCCTCTTCGGTT	1
290	289	4	GTATGATGCCTTCCTCTTCGGTTA	1
291	290	4	TATGATGCCTTCCTCTTCGGTTAT	1
292	291	4	ATGATGCCTTCCTCTTCGGTTATC	1
293	292	5	TGATGCCTTCCTCTTCGGTTATCC	1
294	293	3	GATGCCTTCCTCTTCGGTTATCCT	1
295	294	3	ATGCCTTCCTCTTCGGTTATCCTA	1
296	295	3	TGCCTTCCTCTTCGGTTATCCTAC	1
297	296	3	GCCTTCCTCTTCGGTTATCCTACA	1
298	297	3	CCTTCCTCTTCGGTTATCCTACAC	1
299	298	3	CTTCCTCTTCGGTTATCCTACACG	1
300	299	3	TTCCTCTTCGGTTATCCTACACGC	1
301	300	3	TCCTCTTCGGTTATCCTACACGCT	1
302	301	3	CCTCTTCGGTTATCCTACACGCTA	1
303	302	3	CTCTTCGGTTATCCTACACGCTAC	1
304	303	3	TCTTCGGTTATCCTACACGCTACG	1
305	304	3	CTTCGGTTATCCTACACGCTACGG	1
306	305	3	TTCGGTTATCCTACACGCTACGGC	1
307	306	3	TCGGTTATCCTACACGCTACGGCA	1
308	307	3	CGGTTATCCTACACGCTACGGCAC	1
309	308	3	GGTTATCCTACACGCTACGGCACT	1
310	309	3	GTTATCCTACACGCTACGGCACTC	1
311	310	3	TTATCCTACACGCTACGGCACTCC	1
312	311	3	TATCCTACACGCTACGGCACTCCT	1
313	312	3	ATCCTACACGCTACGGCACTCCTC	1
314	313	3	TCCTACACGCTACGGCACTCCTCC	1
315	314	2	CCTACACGCTACGGCACTCCTCCT	1
316	315	2	CTACACGCTACGGCACTCCTCCTG	1
317	316	2	TACACGCTACGGCACTCCTCCTGC	1
318	317	2	ACACGCTACGGCACTCCTCCTGCT	1
319	318	2	CACGCTACGGCACTCCTCCTGCTC	1
320	319	2	ACGCTACGGCACTCCTCCTGCTCA	1
321	320	2	CGCTACGGCACTCCTCCTGCTCAG	1
322	321	1	GCTACGGCACTCCTCCTGCTCAGT	1
323	322	1	CTACGGCACTCCTCCTGCTCAGTT	1
324	323	1	TACGGCACTCCTCCTGCTCAGTTC	1
325	324	1	ACGGCACTCCTCCTGCTCAGTTCC	1
326	325	1	CGGCACTCCTCCTGCTCAGTTCCG	1
327	326	1	GGCACTCCTCCTGCTCAGTTCCGT	1
328	327	1	GCACTCCTCCTGCTCAGTTCCGTA	1
329	328	1	CACTCCTCCTGCTCAGTTCCGTAC	1
330	329	1	ACTCCTCCTGCTCAGTTCCGTACT	1
331	330	1	CTCCTCCTGCTCAGTTCCGTACTT	1
332	331	1	TCCTCCTGCTCAGTTCCGTACTTT	1
333	332	1	CCTCCTGCTCAGTTCCGTACTTTT	1
334	333	1	CTCCTGCTCAGTTCCGTACTTTTT	1
335	334	1	TCCTGCTCAGTTCCGTACTTTTTG	1
336	335	1	CCTGCTCAGTTCCGTACTTTTTGG	1
