Component 318
1	-1	0	GAGACTGTGAAGGCTTGTTTGGAT	1
2	1	1	AGACTGTGAAGGCTTGTTTGGATG	1
3	2	1	GACTGTGAAGGCTTGTTTGGATGC	1
4	3	1	ACTGTGAAGGCTTGTTTGGATGCT	1
5	4	1	CTGTGAAGGCTTGTTTGGATGCTG	1
6	5	1	TGTGAAGGCTTGTTTGGATGCTGA	1
7	6	1	GTGAAGGCTTGTTTGGATGCTGAC	1
8	7	1	TGAAGGCTTGTTTGGATGCTGACG	1
9	8	1	GAAGGCTTGTTTGGATGCTGACGG	1
10	9	1	AAGGCTTGTTTGGATGCTGACGGT	1
11	10	1	AGGCTTGTTTGGATGCTGACGGTG	1
12	11	1	GGCTTGTTTGGATGCTGACGGTGT	1
13	12	1	GCTTGTTTGGATGCTGACGGTGTT	1
14	13	1	CTTGTTTGGATGCTGACGGTGTTC	1
15	14	1	TTGTTTGGATGCTGACGGTGTTCT	1
16	15	1	TGTTTGGATGCTGACGGTGTTCTT	1
17	16	1	GTTTGGATGCTGACGGTGTTCTTT	1
18	17	1	TTTGGATGCTGACGGTGTTCTTTT	1
19	18	1	TTGGATGCTGACGGTGTTCTTTTG	1
20	19	1	TGGATGCTGACGGTGTTCTTTTGG	1
21	20	1	GGATGCTGACGGTGTTCTTTTGGG	1
22	21	1	GATGCTGACGGTGTTCTTTTGGGT	1
23	22	1	ATGCTGACGGTGTTCTTTTGGGTG	1
24	23	1	TGCTGACGGTGTTCTTTTGGGTGC	1
25	24	1	GCTGACGGTGTTCTTTTGGGTGCC	1
26	25	2	CTGACGGTGTTCTTTTGGGTGCCG	1
27	26	2	TGACGGTGTTCTTTTGGGTGCCGT	1
28	27	2	GACGGTGTTCTTTTGGGTGCCGTT	1
29	28	2	ACGGTGTTCTTTTGGGTGCCGTTG	1
30	29	2	CGGTGTTCTTTTGGGTGCCGTTGG	1
31	30	2	GGTGTTCTTTTGGGTGCCGTTGGT	1
32	31	2	GTGTTCTTTTGGGTGCCGTTGGTG	1
33	32	2	TGTTCTTTTGGGTGCCGTTGGTGG	1
34	33	2	GTTCTTTTGGGTGCCGTTGGTGGT	1
35	34	2	TTCTTTTGGGTGCCGTTGGTGGTC	1
36	35	2	TCTTTTGGGTGCCGTTGGTGGTCC	1
37	36	2	CTTTTGGGTGCCGTTGGTGGTCCT	1
38	37	2	TTTTGGGTGCCGTTGGTGGTCCTG	1
39	38	2	TTTGGGTGCCGTTGGTGGTCCTGA	1
40	39	2	TTGGGTGCCGTTGGTGGTCCTGAA	1
41	40	2	TGGGTGCCGTTGGTGGTCCTGAAT	1
42	41	2	GGGTGCCGTTGGTGGTCCTGAATG	1
43	42	2	GGTGCCGTTGGTGGTCCTGAATGG	1
44	43	2	GTGCCGTTGGTGGTCCTGAATGGA	1
45	44	2	TGCCGTTGGTGGTCCTGAATGGAC	1
46	45	1	GCCGTTGGTGGTCCTGAATGGACC	1
47	46	1	CCGTTGGTGGTCCTGAATGGACCA	1
48	47	1	CGTTGGTGGTCCTGAATGGACCAA	1
49	48	1	GTTGGTGGTCCTGAATGGACCAAC	1
50	49	1	TTGGTGGTCCTGAATGGACCAACC	1
51	50	1	TGGTGGTCCTGAATGGACCAACCC	1
52	51	1	GGTGGTCCTGAATGGACCAACCCC	1
53	52	1	GTGGTCCTGAATGGACCAACCCCA	1
54	53	1	TGGTCCTGAATGGACCAACCCCAA	1
55	54	1	GGTCCTGAATGGACCAACCCCAAT	1
56	55	2	GTCCTGAATGGACCAACCCCAATT	1
57	56	2	TCCTGAATGGACCAACCCCAATTG	1
58	57	2	CCTGAATGGACCAACCCCAATTGT	1
59	58	2	CTGAATGGACCAACCCCAATTGTC	1
60	59	2	TGAATGGACCAACCCCAATTGTCG	1
61	60	1	GAATGGACCAACCCCAATTGTCGT	1
62	61	1	AATGGACCAACCCCAATTGTCGTC	1
63	62	2	ATGGACCAACCCCAATTGTCGTCC	1
64	63	2	TGGACCAACCCCAATTGTCGTCCT	1
65	64	2	GGACCAACCCCAATTGTCGTCCTG	1
66	65	2	GACCAACCCCAATTGTCGTCCTGA	1
67	66	2	ACCAACCCCAATTGTCGTCCTGAG	1
68	67	2	CCAACCCCAATTGTCGTCCTGAGC	1
69	68	2	CAACCCCAATTGTCGTCCTGAGCA	1
70	69	2	AACCCCAATTGTCGTCCTGAGCAA	1
71	70	2	ACCCCAATTGTCGTCCTGAGCAAG	1
72	71	2	CCCCAATTGTCGTCCTGAGCAAGG	1
73	72	2	CCCAATTGTCGTCCTGAGCAAGGT	1
74	73	2	CCAATTGTCGTCCTGAGCAAGGTT	1
75	74	2	CAATTGTCGTCCTGAGCAAGGTTT	1
76	75	2	AATTGTCGTCCTGAGCAAGGTTTA	1
77	76	2	ATTGTCGTCCTGAGCAAGGTTTAT	1
78	77	2	TTGTCGTCCTGAGCAAGGTTTATT	1
79	78	2	TGTCGTCCTGAGCAAGGTTTATTG	1
80	79	2	GTCGTCCTGAGCAAGGTTTATTGA	1
81	80	2	TCGTCCTGAGCAAGGTTTATTGAA	1
82	81	2	CGTCCTGAGCAAGGTTTATTGAAG	1
83	82	2	GTCCTGAGCAAGGTTTATTGAAGC	1
84	83	2	TCCTGAGCAAGGTTTATTGAAGCT	1
85	84	2	CCTGAGCAAGGTTTATTGAAGCTT	1
86	85	2	CTGAGCAAGGTTTATTGAAGCTTC	1
87	86	2	TGAGCAAGGTTTATTGAAGCTTCG	1
88	87	2	GAGCAAGGTTTATTGAAGCTTCGT	1
89	88	2	AGCAAGGTTTATTGAAGCTTCGTA	1
90	89	2	GCAAGGTTTATTGAAGCTTCGTAA	1
91	90	2	CAAGGTTTATTGAAGCTTCGTAAG	1
92	91	2	AAGGTTTATTGAAGCTTCGTAAGA	1
93	92	2	AGGTTTATTGAAGCTTCGTAAGAG	1
94	93	2	GGTTTATTGAAGCTTCGTAAGAGT	1
95	94	2	GTTTATTGAAGCTTCGTAAGAGTA	1
96	95	2	TTTATTGAAGCTTCGTAAGAGTAT	1
97	96	2	TTATTGAAGCTTCGTAAGAGTATG	1
98	97	2	TATTGAAGCTTCGTAAGAGTATGG	1
99	98	2	ATTGAAGCTTCGTAAGAGTATGGG	1
100	99	1	TTGAAGCTTCGTAAGAGTATGGGT	1
101	100	1	TGAAGCTTCGTAAGAGTATGGGTG	1
102	101	1	GAAGCTTCGTAAGAGTATGGGTGT	1
103	102	1	AAGCTTCGTAAGAGTATGGGTGTT	1
104	103	1	AGCTTCGTAAGAGTATGGGTGTTT	1
105	104	1	GCTTCGTAAGAGTATGGGTGTTTG	1
106	105	1	CTTCGTAAGAGTATGGGTGTTTGG	1
107	-1	0	TGAAACTTTCACGAAACCATTTCA	1
108	107	1	GAAACTTTCACGAAACCATTTCAC	1
109	108	1	AAACTTTCACGAAACCATTTCACA	1
110	109	1	AACTTTCACGAAACCATTTCACAA	1
111	110	1	ACTTTCACGAAACCATTTCACAAC	1
112	111	1	CTTTCACGAAACCATTTCACAACA	1
113	112	1	TTTCACGAAACCATTTCACAACAA	1
114	113	1	TTCACGAAACCATTTCACAACAAA	1
115	114	1	TCACGAAACCATTTCACAACAAAA	1
116	115	1	CACGAAACCATTTCACAACAAAAC	1
117	116	1	ACGAAACCATTTCACAACAAAACT	1
118	117	1	CGAAACCATTTCACAACAAAACTT	1
119	118	1	GAAACCATTTCACAACAAAACTTC	1
120	119	1	AAACCATTTCACAACAAAACTTCT	1
121	120	1	AACCATTTCACAACAAAACTTCTT	1
122	121	1	ACCATTTCACAACAAAACTTCTTC	1
123	122	1	CCATTTCACAACAAAACTTCTTCA	1
124	123	1	CATTTCACAACAAAACTTCTTCAA	1
125	124	1	ATTTCACAACAAAACTTCTTCAAC	1
126	125	1	TTTCACAACAAAACTTCTTCAACA	1
127	126	1	TTCACAACAAAACTTCTTCAACAA	1
128	127	1	TCACAACAAAACTTCTTCAACAAC	1
129	128	1	CACAACAAAACTTCTTCAACAACA	1
130	129	1	ACAACAAAACTTCTTCAACAACAT	1
131	130	1	CAACAAAACTTCTTCAACAACATG	1
132	131	1	AACAAAACTTCTTCAACAACATGT	1
133	132	1	ACAAAACTTCTTCAACAACATGTG	1
134	133	1	CAAAACTTCTTCAACAACATGTGT	1
135	134	1	AAAACTTCTTCAACAACATGTGTG	1
136	135	1	AAACTTCTTCAACAACATGTGTGC	1
137	136	1	AACTTCTTCAACAACATGTGTGCA	1
138	137	1	ACTTCTTCAACAACATGTGTGCAA	1
139	138	1	CTTCTTCAACAACATGTGTGCAAA	1
140	139	2	TTCTTCAACAACATGTGTGCAAAG	1
141	140	3	TCTTCAACAACATGTGTGCAAAGA	1
142	141	3	CTTCAACAACATGTGTGCAAAGAA	1
143	142	3	TTCAACAACATGTGTGCAAAGAAA	1
144	143	3	TCAACAACATGTGTGCAAAGAAAA	1
145	144	3	CAACAACATGTGTGCAAAGAAAAT	1
146	145	3	AACAACATGTGTGCAAAGAAAATC	1
147	146	3	ACAACATGTGTGCAAAGAAAATCG	1
148	147	4	CAACATGTGTGCAAAGAAAATCGT	1
149	148	4	AACATGTGTGCAAAGAAAATCGTC	1
150	149	4	ACATGTGTGCAAAGAAAATCGTCG	1
151	150	4	CATGTGTGCAAAGAAAATCGTCGT	1
152	151	3	ATGTGTGCAAAGAAAATCGTCGTC	1
153	152	3	TGTGTGCAAAGAAAATCGTCGTCT	1
154	153	3	GTGTGCAAAGAAAATCGTCGTCTT	1
155	154	3	TGTGCAAAGAAAATCGTCGTCTTA	1
156	155	3	GTGCAAAGAAAATCGTCGTCTTAC	1
157	156	3	TGCAAAGAAAATCGTCGTCTTACC	1
158	157	3	GCAAAGAAAATCGTCGTCTTACCA	1
159	158	3	CAAAGAAAATCGTCGTCTTACCAG	1
160	159	3	AAAGAAAATCGTCGTCTTACCAGG	1
161	160	3	AAGAAAATCGTCGTCTTACCAGGA	1
162	161	3	AGAAAATCGTCGTCTTACCAGGAG	1
163	162	3	GAAAATCGTCGTCTTACCAGGAGA	1
164	163	4	AAAATCGTCGTCTTACCAGGAGAC	1
165	164	4	AAATCGTCGTCTTACCAGGAGACC	1
166	165	4	AATCGTCGTCTTACCAGGAGACCA	1
167	166	4	ATCGTCGTCTTACCAGGAGACCAT	1
168	167	4	TCGTCGTCTTACCAGGAGACCATA	1
169	168	4	CGTCGTCTTACCAGGAGACCATAT	1
170	169	4	GTCGTCTTACCAGGAGACCATATT	1
171	170	4	TCGTCTTACCAGGAGACCATATTG	1
172	171	4	CGTCTTACCAGGAGACCATATTGG	1
173	172	4	GTCTTACCAGGAGACCATATTGGC	1
174	173	4	TCTTACCAGGAGACCATATTGGCC	1
175	174	4	CTTACCAGGAGACCATATTGGCCC	1
176	175	4	TTACCAGGAGACCATATTGGCCCT	1
177	176	4	TACCAGGAGACCATATTGGCCCTG	1
178	177	4	ACCAGGAGACCATATTGGCCCTGA	1
179	178	4	CCAGGAGACCATATTGGCCCTGAA	1
180	179	4	CAGGAGACCATATTGGCCCTGAAA	1
181	180	4	AGGAGACCATATTGGCCCTGAAAT	1
182	181	4	GGAGACCATATTGGCCCTGAAATT	1
183	182	4	GAGACCATATTGGCCCTGAAATTG	1
184	183	3	AGACCATATTGGCCCTGAAATTGT	1
185	184	2	GACCATATTGGCCCTGAAATTGTT	1
186	185	2	ACCATATTGGCCCTGAAATTGTTG	1
187	186	2	CCATATTGGCCCTGAAATTGTTGC	1
188	187	2	CATATTGGCCCTGAAATTGTTGCT	1
189	188	2	ATATTGGCCCTGAAATTGTTGCTT	1
190	189	2	TATTGGCCCTGAAATTGTTGCTTC	1
191	190	2	ATTGGCCCTGAAATTGTTGCTTCT	1
192	191	1	TTGGCCCTGAAATTGTTGCTTCTG	1
193	192	1	TGGCCCTGAAATTGTTGCTTCTGC	1
194	193	1	GGCCCTGAAATTGTTGCTTCTGCC	1
195	194	1	GCCCTGAAATTGTTGCTTCTGCCT	1
196	195	1	CCCTGAAATTGTTGCTTCTGCCTT	1
197	196	1	CCTGAAATTGTTGCTTCTGCCTTG	1
198	197	1	CTGAAATTGTTGCTTCTGCCTTGG	1
199	198	1	TGAAATTGTTGCTTCTGCCTTGGA	1
200	199	1	GAAATTGTTGCTTCTGCCTTGGAG	1
201	200	1	AAATTGTTGCTTCTGCCTTGGAGG	1
202	201	1	AATTGTTGCTTCTGCCTTGGAGGT	1
203	202	1	ATTGTTGCTTCTGCCTTGGAGGTT	1
204	203	1	TTGTTGCTTCTGCCTTGGAGGTTT	1
205	204	1	TGTTGCTTCTGCCTTGGAGGTTTT	1
206	205	1	GTTGCTTCTGCCTTGGAGGTTTTG	1
207	206	1	TTGCTTCTGCCTTGGAGGTTTTGA	1
