Component 319
1	-1	0	CAAGGCATATATTTGATGTCAATC	1
2	1	1	AAGGCATATATTTGATGTCAATCC	1
3	2	1	AGGCATATATTTGATGTCAATCCG	1
4	3	1	GGCATATATTTGATGTCAATCCGT	1
5	4	1	GCATATATTTGATGTCAATCCGTA	1
6	5	1	CATATATTTGATGTCAATCCGTAA	1
7	6	1	ATATATTTGATGTCAATCCGTAAT	1
8	7	1	TATATTTGATGTCAATCCGTAATT	1
9	8	1	ATATTTGATGTCAATCCGTAATTT	1
10	9	1	TATTTGATGTCAATCCGTAATTTT	1
11	10	1	ATTTGATGTCAATCCGTAATTTTT	1
12	11	1	TTTGATGTCAATCCGTAATTTTTC	1
13	12	1	TTGATGTCAATCCGTAATTTTTCT	1
14	13	1	TGATGTCAATCCGTAATTTTTCTG	1
15	14	1	GATGTCAATCCGTAATTTTTCTGG	1
16	15	1	ATGTCAATCCGTAATTTTTCTGGT	1
17	16	1	TGTCAATCCGTAATTTTTCTGGTG	1
18	17	1	GTCAATCCGTAATTTTTCTGGTGC	1
19	18	1	TCAATCCGTAATTTTTCTGGTGCC	1
20	19	1	CAATCCGTAATTTTTCTGGTGCCG	1
21	20	1	AATCCGTAATTTTTCTGGTGCCGC	1
22	21	1	ATCCGTAATTTTTCTGGTGCCGCC	1
23	22	1	TCCGTAATTTTTCTGGTGCCGCCG	1
24	23	1	CCGTAATTTTTCTGGTGCCGCCGA	1
25	24	1	CGTAATTTTTCTGGTGCCGCCGAC	1
26	25	1	GTAATTTTTCTGGTGCCGCCGACC	1
27	26	1	TAATTTTTCTGGTGCCGCCGACCT	1
28	27	1	AATTTTTCTGGTGCCGCCGACCTT	1
29	28	1	ATTTTTCTGGTGCCGCCGACCTTC	1
30	29	1	TTTTTCTGGTGCCGCCGACCTTCT	1
31	30	1	TTTTCTGGTGCCGCCGACCTTCTC	1
32	31	3	TTTCTGGTGCCGCCGACCTTCTCT	1
33	32	3	TTCTGGTGCCGCCGACCTTCTCTT	1
34	33	3	TCTGGTGCCGCCGACCTTCTCTTG	1
35	34	3	CTGGTGCCGCCGACCTTCTCTTGG	1
36	35	3	TGGTGCCGCCGACCTTCTCTTGGA	1
37	36	3	GGTGCCGCCGACCTTCTCTTGGAT	1
38	37	3	GTGCCGCCGACCTTCTCTTGGATT	1
39	38	3	TGCCGCCGACCTTCTCTTGGATTG	1
40	39	3	GCCGCCGACCTTCTCTTGGATTGT	1
41	40	3	CCGCCGACCTTCTCTTGGATTGTA	1
42	41	3	CGCCGACCTTCTCTTGGATTGTAT	1
43	42	3	GCCGACCTTCTCTTGGATTGTATG	1
44	43	3	CCGACCTTCTCTTGGATTGTATGT	1
45	44	3	CGACCTTCTCTTGGATTGTATGTC	1
46	45	2	GACCTTCTCTTGGATTGTATGTCA	1
47	46	2	ACCTTCTCTTGGATTGTATGTCAA	1
48	47	2	CCTTCTCTTGGATTGTATGTCAAC	1
49	48	2	CTTCTCTTGGATTGTATGTCAACT	1
50	49	2	TTCTCTTGGATTGTATGTCAACTT	1
51	50	2	TCTCTTGGATTGTATGTCAACTTT	1
52	51	2	CTCTTGGATTGTATGTCAACTTTC	1
53	52	2	TCTTGGATTGTATGTCAACTTTCT	1
54	53	2	CTTGGATTGTATGTCAACTTTCTC	1
55	54	2	TTGGATTGTATGTCAACTTTCTCT	1
56	55	2	TGGATTGTATGTCAACTTTCTCTT	1
57	56	2	GGATTGTATGTCAACTTTCTCTTC	1
58	57	2	GATTGTATGTCAACTTTCTCTTCC	1
59	58	2	ATTGTATGTCAACTTTCTCTTCCA	1
60	59	2	TTGTATGTCAACTTTCTCTTCCAC	1
61	60	2	TGTATGTCAACTTTCTCTTCCACC	1
62	61	2	GTATGTCAACTTTCTCTTCCACCG	1
63	62	2	TATGTCAACTTTCTCTTCCACCGA	1
64	63	2	ATGTCAACTTTCTCTTCCACCGAA	1
65	64	2	TGTCAACTTTCTCTTCCACCGAAC	1
66	65	2	GTCAACTTTCTCTTCCACCGAACT	1
67	66	2	TCAACTTTCTCTTCCACCGAACTA	1
68	67	2	CAACTTTCTCTTCCACCGAACTAC	1
69	68	2	AACTTTCTCTTCCACCGAACTACT	1
70	69	2	ACTTTCTCTTCCACCGAACTACTT	1
71	70	2	CTTTCTCTTCCACCGAACTACTTC	1
72	71	2	TTTCTCTTCCACCGAACTACTTCC	1
73	72	2	TTCTCTTCCACCGAACTACTTCCA	1
74	73	1	TCTCTTCCACCGAACTACTTCCAT	1
75	74	1	CTCTTCCACCGAACTACTTCCATA	1
76	-1	0	GAAATTTTAGAAGCCATGAAAAAC	1
77	76	1	AAATTTTAGAAGCCATGAAAAACA	1
78	77	1	AATTTTAGAAGCCATGAAAAACAA	1
79	78	1	ATTTTAGAAGCCATGAAAAACAAA	1
80	79	1	TTTTAGAAGCCATGAAAAACAAAG	1
81	80	1	TTTAGAAGCCATGAAAAACAAAGC	1
82	81	1	TTAGAAGCCATGAAAAACAAAGCT	1
83	82	1	TAGAAGCCATGAAAAACAAAGCTG	1
84	83	1	AGAAGCCATGAAAAACAAAGCTGA	1
85	84	1	GAAGCCATGAAAAACAAAGCTGAT	1
86	85	1	AAGCCATGAAAAACAAAGCTGATT	1
87	86	1	AGCCATGAAAAACAAAGCTGATTA	1
88	87	1	GCCATGAAAAACAAAGCTGATTAT	1
89	88	1	CCATGAAAAACAAAGCTGATTATT	1
90	89	1	CATGAAAAACAAAGCTGATTATTA	1
91	90	1	ATGAAAAACAAAGCTGATTATTAT	1
92	91	1	TGAAAAACAAAGCTGATTATTATA	1
93	92	1	GAAAAACAAAGCTGATTATTATAC	1
94	93	1	AAAAACAAAGCTGATTATTATACG	1
95	94	1	AAAACAAAGCTGATTATTATACGA	1
96	95	1	AAACAAAGCTGATTATTATACGAA	1
97	96	1	AACAAAGCTGATTATTATACGAAT	1
98	97	1	ACAAAGCTGATTATTATACGAATA	1
99	98	1	CAAAGCTGATTATTATACGAATAT	1
100	99	1	AAAGCTGATTATTATACGAATATA	1
101	100	1	AAGCTGATTATTATACGAATATAT	1
102	101	1	AGCTGATTATTATACGAATATATG	1
103	102	1	GCTGATTATTATACGAATATATGC	1
104	103	1	CTGATTATTATACGAATATATGCG	1
105	104	1	TGATTATTATACGAATATATGCGA	1
106	105	1	GATTATTATACGAATATATGCGAT	1
107	106	1	ATTATTATACGAATATATGCGATA	1
108	107	1	TTATTATACGAATATATGCGATAG	1
109	108	1	TATTATACGAATATATGCGATAGA	1
110	109	1	ATTATACGAATATATGCGATAGAG	1
111	110	1	TTATACGAATATATGCGATAGAGA	1
112	111	1	TATACGAATATATGCGATAGAGAA	1
113	112	1	ATACGAATATATGCGATAGAGAAC	1
114	113	1	TACGAATATATGCGATAGAGAACG	1
115	114	1	ACGAATATATGCGATAGAGAACGT	1
116	115	1	CGAATATATGCGATAGAGAACGTG	1
117	116	2	GAATATATGCGATAGAGAACGTGG	1
118	117	2	AATATATGCGATAGAGAACGTGGT	1
119	118	2	ATATATGCGATAGAGAACGTGGTG	1
120	119	2	TATATGCGATAGAGAACGTGGTGT	1
121	120	1	ATATGCGATAGAGAACGTGGTGTA	1
122	121	1	TATGCGATAGAGAACGTGGTGTAC	1
123	122	1	ATGCGATAGAGAACGTGGTGTACA	1
124	123	1	TGCGATAGAGAACGTGGTGTACAG	1
125	124	1	GCGATAGAGAACGTGGTGTACAGT	1
126	125	1	CGATAGAGAACGTGGTGTACAGTT	1
127	126	1	GATAGAGAACGTGGTGTACAGTTA	1
128	127	1	ATAGAGAACGTGGTGTACAGTTAT	1
129	128	1	TAGAGAACGTGGTGTACAGTTATG	1
130	129	1	AGAGAACGTGGTGTACAGTTATGC	1
131	130	1	GAGAACGTGGTGTACAGTTATGCG	1
132	131	1	AGAACGTGGTGTACAGTTATGCGA	1
133	132	1	GAACGTGGTGTACAGTTATGCGAT	1
134	133	2	AACGTGGTGTACAGTTATGCGATG	1
135	134	2	ACGTGGTGTACAGTTATGCGATGA	1
136	135	2	CGTGGTGTACAGTTATGCGATGAA	1
137	136	2	GTGGTGTACAGTTATGCGATGAAA	1
138	137	2	TGGTGTACAGTTATGCGATGAAAC	1
139	138	2	GGTGTACAGTTATGCGATGAAACT	1
140	139	2	GTGTACAGTTATGCGATGAAACTT	1
141	140	2	TGTACAGTTATGCGATGAAACTTT	1
142	141	2	GTACAGTTATGCGATGAAACTTTT	1
143	142	2	TACAGTTATGCGATGAAACTTTTG	1
144	143	2	ACAGTTATGCGATGAAACTTTTGA	1
145	144	2	CAGTTATGCGATGAAACTTTTGAA	1
146	145	3	AGTTATGCGATGAAACTTTTGAAC	1
147	146	3	GTTATGCGATGAAACTTTTGAACG	1
148	147	3	TTATGCGATGAAACTTTTGAACGA	1
149	148	3	TATGCGATGAAACTTTTGAACGAG	1
150	149	3	ATGCGATGAAACTTTTGAACGAGC	1
151	150	3	TGCGATGAAACTTTTGAACGAGCA	1
152	151	3	GCGATGAAACTTTTGAACGAGCAA	1
153	152	3	CGATGAAACTTTTGAACGAGCAAC	1
154	153	3	GATGAAACTTTTGAACGAGCAACA	1
155	154	3	ATGAAACTTTTGAACGAGCAACAT	1
156	155	3	TGAAACTTTTGAACGAGCAACATT	1
157	156	3	GAAACTTTTGAACGAGCAACATTG	1
158	157	3	AAACTTTTGAACGAGCAACATTGA	1
159	158	3	AACTTTTGAACGAGCAACATTGAC	1
160	159	3	ACTTTTGAACGAGCAACATTGACC	1
161	160	2	CTTTTGAACGAGCAACATTGACCG	1
162	161	2	TTTTGAACGAGCAACATTGACCGG	1
163	162	2	TTTGAACGAGCAACATTGACCGGA	1
164	163	2	TTGAACGAGCAACATTGACCGGAA	1
165	164	2	TGAACGAGCAACATTGACCGGAAT	1
166	165	2	GAACGAGCAACATTGACCGGAATG	1
167	166	2	AACGAGCAACATTGACCGGAATGA	1
168	167	2	ACGAGCAACATTGACCGGAATGAA	1
169	168	2	CGAGCAACATTGACCGGAATGAAG	1
170	169	2	GAGCAACATTGACCGGAATGAAGA	1
171	170	2	AGCAACATTGACCGGAATGAAGAT	1
172	171	2	GCAACATTGACCGGAATGAAGATT	1
173	172	2	CAACATTGACCGGAATGAAGATTG	1
174	173	2	AACATTGACCGGAATGAAGATTGA	1
175	174	2	ACATTGACCGGAATGAAGATTGAT	1
176	175	2	CATTGACCGGAATGAAGATTGATG	1
177	176	2	ATTGACCGGAATGAAGATTGATGT	1
178	177	1	TTGACCGGAATGAAGATTGATGTT	1
179	178	1	TGACCGGAATGAAGATTGATGTTC	1
180	179	1	GACCGGAATGAAGATTGATGTTCT	1
181	180	1	ACCGGAATGAAGATTGATGTTCTT	1
182	181	1	CCGGAATGAAGATTGATGTTCTTT	1
183	182	1	CGGAATGAAGATTGATGTTCTTTT	1
184	183	1	GGAATGAAGATTGATGTTCTTTTT	1
185	184	1	GAATGAAGATTGATGTTCTTTTTT	1
186	185	1	AATGAAGATTGATGTTCTTTTTTC	1
187	186	1	ATGAAGATTGATGTTCTTTTTTCC	1
188	187	1	TGAAGATTGATGTTCTTTTTTCCA	1
189	188	1	GAAGATTGATGTTCTTTTTTCCAA	1
