Component 32
1	-1	0	GTTTGACCATCACCAACTACGGCA	1
2	1	1	TTTGACCATCACCAACTACGGCAT	1
3	2	1	TTGACCATCACCAACTACGGCATA	1
4	3	1	TGACCATCACCAACTACGGCATAA	1
5	4	1	GACCATCACCAACTACGGCATAAA	1
6	5	1	ACCATCACCAACTACGGCATAAAA	1
7	6	1	CCATCACCAACTACGGCATAAAAT	1
8	7	1	CATCACCAACTACGGCATAAAATC	1
9	8	1	ATCACCAACTACGGCATAAAATCC	1
10	9	1	TCACCAACTACGGCATAAAATCCA	1
11	10	1	CACCAACTACGGCATAAAATCCAA	1
12	11	2	ACCAACTACGGCATAAAATCCAAT	1
13	12	2	CCAACTACGGCATAAAATCCAATA	1
14	13	2	CAACTACGGCATAAAATCCAATAC	1
15	14	2	AACTACGGCATAAAATCCAATACA	1
16	15	2	ACTACGGCATAAAATCCAATACAC	1
17	16	2	CTACGGCATAAAATCCAATACACA	1
18	17	6	TACGGCATAAAATCCAATACACAG	1
19	18	7	ACGGCATAAAATCCAATACACAGC	1
20	19	7	CGGCATAAAATCCAATACACAGCA	1
21	20	8	GGCATAAAATCCAATACACAGCAT	1
22	21	8	GCATAAAATCCAATACACAGCATG	1
23	22	10	CATAAAATCCAATACACAGCATGG	1
24	23	12	ATAAAATCCAATACACAGCATGGC	1
25	24	13	TAAAATCCAATACACAGCATGGCC	1
26	25	13	AAAATCCAATACACAGCATGGCCG	1
27	26	15	AAATCCAATACACAGCATGGCCGA	1
28	27	16	AATCCAATACACAGCATGGCCGAA	1
29	28	17	ATCCAATACACAGCATGGCCGAAG	1
30	29	17	TCCAATACACAGCATGGCCGAAGA	1
31	30	17	CCAATACACAGCATGGCCGAAGAA	1
32	31	19	CAATACACAGCATGGCCGAAGAAC	1
33	32	19	AATACACAGCATGGCCGAAGAACA	1
34	33	19	ATACACAGCATGGCCGAAGAACAT	1
35	34	19	TACACAGCATGGCCGAAGAACATG	1
36	35	19	ACACAGCATGGCCGAAGAACATGA	1
37	36	19	CACAGCATGGCCGAAGAACATGAT	1
38	37	19	ACAGCATGGCCGAAGAACATGATG	1
39	38	19	CAGCATGGCCGAAGAACATGATGA	1
40	39	19	AGCATGGCCGAAGAACATGATGAA	1
41	40	19	GCATGGCCGAAGAACATGATGAAG	1
42	41	20	CATGGCCGAAGAACATGATGAAGC	1
43	42	21	ATGGCCGAAGAACATGATGAAGCC	1
44	43	21	TGGCCGAAGAACATGATGAAGCCG	1
45	44	20	GGCCGAAGAACATGATGAAGCCGT	1
46	45	19	GCCGAAGAACATGATGAAGCCGTT	1
47	46	20	CCGAAGAACATGATGAAGCCGTTC	1
48	47	20	CGAAGAACATGATGAAGCCGTTCG	1
49	48	20	GAAGAACATGATGAAGCCGTTCGC	1
50	49	20	AAGAACATGATGAAGCCGTTCGCG	1
51	50	20	AGAACATGATGAAGCCGTTCGCGT	1
52	51	20	GAACATGATGAAGCCGTTCGCGTT	1
53	52	20	AACATGATGAAGCCGTTCGCGTTG	1
54	53	21	ACATGATGAAGCCGTTCGCGTTGC	1
55	54	21	CATGATGAAGCCGTTCGCGTTGCC	1
56	55	20	ATGATGAAGCCGTTCGCGTTGCCG	1
57	56	20	TGATGAAGCCGTTCGCGTTGCCGA	1
58	57	20	GATGAAGCCGTTCGCGTTGCCGAA	1
59	58	20	ATGAAGCCGTTCGCGTTGCCGAAC	1
60	59	20	TGAAGCCGTTCGCGTTGCCGAACT	1
61	60	20	GAAGCCGTTCGCGTTGCCGAACTG	1
62	61	19	AAGCCGTTCGCGTTGCCGAACTGA	1
63	62	18	AGCCGTTCGCGTTGCCGAACTGAG	1
64	63	18	GCCGTTCGCGTTGCCGAACTGAGA	1
65	64	18	CCGTTCGCGTTGCCGAACTGAGAA	1
66	65	18	CGTTCGCGTTGCCGAACTGAGAAA	1
67	66	16	GTTCGCGTTGCCGAACTGAGAAAG	1
68	67	14	TTCGCGTTGCCGAACTGAGAAAGA	1
69	68	14	TCGCGTTGCCGAACTGAGAAAGAA	1
70	69	14	CGCGTTGCCGAACTGAGAAAGAAG	1
71	70	12	GCGTTGCCGAACTGAGAAAGAAGA	1
72	71	11	CGTTGCCGAACTGAGAAAGAAGAG	1
73	72	12	GTTGCCGAACTGAGAAAGAAGAGA	1
74	73	12	TTGCCGAACTGAGAAAGAAGAGAA	1
75	74	12	TGCCGAACTGAGAAAGAAGAGAAG	1
76	75	10	GCCGAACTGAGAAAGAAGAGAAGT	1
77	76	11	CCGAACTGAGAAAGAAGAGAAGTT	1
78	77	11	CGAACTGAGAAAGAAGAGAAGTTT	1
79	78	11	GAACTGAGAAAGAAGAGAAGTTTC	1
80	79	11	AACTGAGAAAGAAGAGAAGTTTCC	1
81	80	11	ACTGAGAAAGAAGAGAAGTTTCCG	1
82	81	11	CTGAGAAAGAAGAGAAGTTTCCGT	1
83	82	11	TGAGAAAGAAGAGAAGTTTCCGTA	1
84	83	11	GAGAAAGAAGAGAAGTTTCCGTAC	1
85	84	11	AGAAAGAAGAGAAGTTTCCGTACT	1
86	85	10	GAAAGAAGAGAAGTTTCCGTACTT	1
87	86	9	AAAGAAGAGAAGTTTCCGTACTTT	1
88	87	9	AAGAAGAGAAGTTTCCGTACTTTT	1
89	88	9	AGAAGAGAAGTTTCCGTACTTTTG	1
90	89	9	GAAGAGAAGTTTCCGTACTTTTGC	1
91	90	8	AAGAGAAGTTTCCGTACTTTTGCT	1
92	91	8	AGAGAAGTTTCCGTACTTTTGCTT	1
93	92	9	GAGAAGTTTCCGTACTTTTGCTTA	1
94	93	10	AGAAGTTTCCGTACTTTTGCTTAC	1
95	94	10	GAAGTTTCCGTACTTTTGCTTACC	1
96	95	10	AAGTTTCCGTACTTTTGCTTACCG	1
97	96	10	AGTTTCCGTACTTTTGCTTACCGT	1
98	97	9	GTTTCCGTACTTTTGCTTACCGTG	1
99	98	9	TTTCCGTACTTTTGCTTACCGTGG	1
100	99	9	TTCCGTACTTTTGCTTACCGTGGT	1
101	100	9	TCCGTACTTTTGCTTACCGTGGTG	1
102	101	9	CCGTACTTTTGCTTACCGTGGTGT	1
103	102	9	CGTACTTTTGCTTACCGTGGTGTT	1
104	103	9	GTACTTTTGCTTACCGTGGTGTTG	1
105	104	8	TACTTTTGCTTACCGTGGTGTTGA	1
106	105	6	ACTTTTGCTTACCGTGGTGTTGAG	1
107	106	6	CTTTTGCTTACCGTGGTGTTGAGC	1
108	107	6	TTTTGCTTACCGTGGTGTTGAGCT	1
109	108	5	TTTGCTTACCGTGGTGTTGAGCTT	1
110	109	5	TTGCTTACCGTGGTGTTGAGCTTG	1
111	110	5	TGCTTACCGTGGTGTTGAGCTTGA	1
112	111	5	GCTTACCGTGGTGTTGAGCTTGAG	1
113	112	5	CTTACCGTGGTGTTGAGCTTGAGC	1
114	113	5	TTACCGTGGTGTTGAGCTTGAGCA	1
115	114	5	TACCGTGGTGTTGAGCTTGAGCAG	1
116	115	5	ACCGTGGTGTTGAGCTTGAGCAGC	1
117	116	3	CCGTGGTGTTGAGCTTGAGCAGCT	1
118	117	3	CGTGGTGTTGAGCTTGAGCAGCTT	1
119	118	4	GTGGTGTTGAGCTTGAGCAGCTTT	1
120	119	4	TGGTGTTGAGCTTGAGCAGCTTTT	1
121	120	3	GGTGTTGAGCTTGAGCAGCTTTTG	1
122	121	3	GTGTTGAGCTTGAGCAGCTTTTGG	1
123	122	4	TGTTGAGCTTGAGCAGCTTTTGGA	1
124	123	5	GTTGAGCTTGAGCAGCTTTTGGAT	1
125	124	5	TTGAGCTTGAGCAGCTTTTGGATC	1
126	125	5	TGAGCTTGAGCAGCTTTTGGATCT	1
127	126	5	GAGCTTGAGCAGCTTTTGGATCTC	1
128	127	5	AGCTTGAGCAGCTTTTGGATCTCT	1
129	128	5	GCTTGAGCAGCTTTTGGATCTCTC	1
130	129	5	CTTGAGCAGCTTTTGGATCTCTCT	1
131	130	5	TTGAGCAGCTTTTGGATCTCTCTG	1
132	131	5	TGAGCAGCTTTTGGATCTCTCTGC	1
133	132	5	GAGCAGCTTTTGGATCTCTCTGCT	1
134	133	5	AGCAGCTTTTGGATCTCTCTGCTG	1
135	134	5	GCAGCTTTTGGATCTCTCTGCTGA	1
136	135	5	CAGCTTTTGGATCTCTCTGCTGAG	1
137	136	4	AGCTTTTGGATCTCTCTGCTGAGC	1
138	137	3	GCTTTTGGATCTCTCTGCTGAGCA	1
139	138	3	CTTTTGGATCTCTCTGCTGAGCAA	1
140	139	2	TTTTGGATCTCTCTGCTGAGCAAT	1
141	140	3	TTTGGATCTCTCTGCTGAGCAATT	1
142	141	3	TTGGATCTCTCTGCTGAGCAATTG	1
143	142	3	TGGATCTCTCTGCTGAGCAATTGG	1
144	143	3	GGATCTCTCTGCTGAGCAATTGGT	1
145	144	3	GATCTCTCTGCTGAGCAATTGGTT	1
146	145	3	ATCTCTCTGCTGAGCAATTGGTTG	1
147	146	3	TCTCTCTGCTGAGCAATTGGTTGA	1
148	147	3	CTCTCTGCTGAGCAATTGGTTGAT	1
149	148	3	TCTCTGCTGAGCAATTGGTTGATT	1
150	149	3	CTCTGCTGAGCAATTGGTTGATTT	1
151	150	3	TCTGCTGAGCAATTGGTTGATTTG	1
152	151	3	CTGCTGAGCAATTGGTTGATTTGT	1
153	152	3	TGCTGAGCAATTGGTTGATTTGTT	1
154	153	3	GCTGAGCAATTGGTTGATTTGTTC	1
155	154	3	CTGAGCAATTGGTTGATTTGTTCC	1
156	155	3	TGAGCAATTGGTTGATTTGTTCCA	1
157	156	3	GAGCAATTGGTTGATTTGTTCCAT	1
158	157	3	AGCAATTGGTTGATTTGTTCCATG	1
159	158	3	GCAATTGGTTGATTTGTTCCATGC	1
160	159	3	CAATTGGTTGATTTGTTCCATGCC	1
161	160	3	AATTGGTTGATTTGTTCCATGCCC	1
162	161	3	ATTGGTTGATTTGTTCCATGCCCG	1
163	162	3	TTGGTTGATTTGTTCCATGCCCGT	1
164	163	3	TGGTTGATTTGTTCCATGCCCGTG	1
165	164	3	GGTTGATTTGTTCCATGCCCGTGC	1
166	165	3	GTTGATTTGTTCCATGCCCGTGCT	1
167	166	2	TTGATTTGTTCCATGCCCGTGCTC	1
168	167	1	TGATTTGTTCCATGCCCGTGCTCG	1
169	168	1	GATTTGTTCCATGCCCGTGCTCGT	1
170	169	1	ATTTGTTCCATGCCCGTGCTCGTC	1
171	170	1	TTTGTTCCATGCCCGTGCTCGTCG	1
172	171	2	TTGTTCCATGCCCGTGCTCGTCGT	1
173	172	3	TGTTCCATGCCCGTGCTCGTCGTC	1
174	173	3	GTTCCATGCCCGTGCTCGTCGTCG	1
175	174	3	TTCCATGCCCGTGCTCGTCGTCGT	1
176	175	3	TCCATGCCCGTGCTCGTCGTCGTA	1
177	176	3	CCATGCCCGTGCTCGTCGTCGTAT	1
178	177	4	CATGCCCGTGCTCGTCGTCGTATG	1
179	178	4	ATGCCCGTGCTCGTCGTCGTATGC	1
180	179	4	TGCCCGTGCTCGTCGTCGTATGCT	1
181	180	4	GCCCGTGCTCGTCGTCGTATGCTT	1
182	181	5	CCCGTGCTCGTCGTCGTATGCTTC	1
183	182	5	CCGTGCTCGTCGTCGTATGCTTCG	1
184	183	6	CGTGCTCGTCGTCGTATGCTTCGT	1
185	184	5	GTGCTCGTCGTCGTATGCTTCGTG	1
186	185	5	TGCTCGTCGTCGTATGCTTCGTGG	1
187	186	5	GCTCGTCGTCGTATGCTTCGTGGT	1
188	187	5	CTCGTCGTCGTATGCTTCGTGGTC	1
189	188	5	TCGTCGTCGTATGCTTCGTGGTCT	1
190	189	5	CGTCGTCGTATGCTTCGTGGTCTT	1
191	190	5	GTCGTCGTATGCTTCGTGGTCTTG	1
192	191	5	TCGTCGTATGCTTCGTGGTCTTGG	1
193	192	4	CGTCGTATGCTTCGTGGTCTTGGA	1
194	193	4	GTCGTATGCTTCGTGGTCTTGGAC	1
195	194	4	TCGTATGCTTCGTGGTCTTGGACC	1
196	195	4	CGTATGCTTCGTGGTCTTGGACCC	1
197	196	4	GTATGCTTCGTGGTCTTGGACCCA	1
198	197	4	TATGCTTCGTGGTCTTGGACCCAA	1
199	198	4	ATGCTTCGTGGTCTTGGACCCAAT	1
200	199	4	TGCTTCGTGGTCTTGGACCCAATG	1
201	200	4	GCTTCGTGGTCTTGGACCCAATGC	1
202	201	4	CTTCGTGGTCTTGGACCCAATGCC	1
203	202	4	TTCGTGGTCTTGGACCCAATGCCT	1
204	203	4	TCGTGGTCTTGGACCCAATGCCTC	1
205	204	4	CGTGGTCTTGGACCCAATGCCTCT	1
206	205	4	GTGGTCTTGGACCCAATGCCTCTC	1
207	206	4	TGGTCTTGGACCCAATGCCTCTCG	1
208	207	4	GGTCTTGGACCCAATGCCTCTCGC	1
209	208	4	GTCTTGGACCCAATGCCTCTCGCT	1
210	209	4	TCTTGGACCCAATGCCTCTCGCTT	1
211	210	4	CTTGGACCCAATGCCTCTCGCTTC	1
212	211	4	TTGGACCCAATGCCTCTCGCTTCA	1
213	212	4	TGGACCCAATGCCTCTCGCTTCAT	1
214	213	4	GGACCCAATGCCTCTCGCTTCATC	1
215	214	5	GACCCAATGCCTCTCGCTTCATCC	1
216	215	5	ACCCAATGCCTCTCGCTTCATCCG	1
217	216	4	CCCAATGCCTCTCGCTTCATCCGT	1
218	217	6	CCAATGCCTCTCGCTTCATCCGTA	1
219	218	6	CAATGCCTCTCGCTTCATCCGTAA	1
220	219	8	AATGCCTCTCGCTTCATCCGTAAG	1
221	220	12	ATGCCTCTCGCTTCATCCGTAAGC	1
222	221	12	TGCCTCTCGCTTCATCCGTAAGCT	1
223	222	12	GCCTCTCGCTTCATCCGTAAGCTC	1
224	223	14	CCTCTCGCTTCATCCGTAAGCTCC	1
225	224	14	CTCTCGCTTCATCCGTAAGCTCCG	1
226	225	14	TCTCGCTTCATCCGTAAGCTCCGC	1
227	226	14	CTCGCTTCATCCGTAAGCTCCGCA	1
228	227	13	TCGCTTCATCCGTAAGCTCCGCAA	1
229	228	13	CGCTTCATCCGTAAGCTCCGCAAG	1
230	229	13	GCTTCATCCGTAAGCTCCGCAAGG	1
231	230	14	CTTCATCCGTAAGCTCCGCAAGGC	1
232	231	14	TTCATCCGTAAGCTCCGCAAGGCT	1
233	232	14	TCATCCGTAAGCTCCGCAAGGCTA	1
234	233	14	CATCCGTAAGCTCCGCAAGGCTAA	1
235	234	14	ATCCGTAAGCTCCGCAAGGCTAAG	1
236	235	14	TCCGTAAGCTCCGCAAGGCTAAGA	1
237	236	14	CCGTAAGCTCCGCAAGGCTAAGAC	1
238	237	14	CGTAAGCTCCGCAAGGCTAAGACT	1
239	238	14	GTAAGCTCCGCAAGGCTAAGACTG	1
240	239	14	TAAGCTCCGCAAGGCTAAGACTGA	1
241	240	15	AAGCTCCGCAAGGCTAAGACTGAA	1
242	241	15	AGCTCCGCAAGGCTAAGACTGAAG	1
243	242	15	GCTCCGCAAGGCTAAGACTGAAGC	1
244	243	16	CTCCGCAAGGCTAAGACTGAAGCT	1
245	244	16	TCCGCAAGGCTAAGACTGAAGCTC	1
246	245	16	CCGCAAGGCTAAGACTGAAGCTCC	1
247	246	19	CGCAAGGCTAAGACTGAAGCTCCT	1
248	247	18	GCAAGGCTAAGACTGAAGCTCCTC	1
249	248	18	CAAGGCTAAGACTGAAGCTCCTCT	1
250	249	16	AAGGCTAAGACTGAAGCTCCTCTT	1
251	250	16	AGGCTAAGACTGAAGCTCCTCTTA	1
252	251	16	GGCTAAGACTGAAGCTCCTCTTAA	1
253	252	15	GCTAAGACTGAAGCTCCTCTTAAT	1
254	253	15	CTAAGACTGAAGCTCCTCTTAATG	1
255	254	15	TAAGACTGAAGCTCCTCTTAATGA	1
256	255	15	AAGACTGAAGCTCCTCTTAATGAG	1
257	256	15	AGACTGAAGCTCCTCTTAATGAGA	1
258	257	15	GACTGAAGCTCCTCTTAATGAGAA	1
259	258	14	ACTGAAGCTCCTCTTAATGAGAAG	1
260	259	13	CTGAAGCTCCTCTTAATGAGAAGC	1
261	260	13	TGAAGCTCCTCTTAATGAGAAGCC	1
262	261	11	GAAGCTCCTCTTAATGAGAAGCCC	1
263	262	11	AAGCTCCTCTTAATGAGAAGCCCG	1
264	263	9	AGCTCCTCTTAATGAGAAGCCCGC	1
265	264	6	GCTCCTCTTAATGAGAAGCCCGCC	1
266	265	4	CTCCTCTTAATGAGAAGCCCGCCA	1
267	266	4	TCCTCTTAATGAGAAGCCCGCCAC	1
268	267	3	CCTCTTAATGAGAAGCCCGCCACT	1
269	268	3	CTCTTAATGAGAAGCCCGCCACTG	1
270	269	3	TCTTAATGAGAAGCCCGCCACTGT	1
271	270	3	CTTAATGAGAAGCCCGCCACTGTT	1
272	271	3	TTAATGAGAAGCCCGCCACTGTTA	1
273	272	4	TAATGAGAAGCCCGCCACTGTTAA	1
274	273	4	AATGAGAAGCCCGCCACTGTTAAG	1
275	274	4	ATGAGAAGCCCGCCACTGTTAAGA	1
276	275	4	TGAGAAGCCCGCCACTGTTAAGAC	1
277	276	3	GAGAAGCCCGCCACTGTTAAGACC	1
278	277	4	AGAAGCCCGCCACTGTTAAGACCC	1
279	278	3	GAAGCCCGCCACTGTTAAGACCCA	1
280	279	3	AAGCCCGCCACTGTTAAGACCCAT	1
281	280	3	AGCCCGCCACTGTTAAGACCCATT	1
282	281	3	GCCCGCCACTGTTAAGACCCATTT	1
283	282	3	CCCGCCACTGTTAAGACCCATTTG	1
284	283	3	CCGCCACTGTTAAGACCCATTTGC	1
285	284	3	CGCCACTGTTAAGACCCATTTGCG	1
286	285	2	GCCACTGTTAAGACCCATTTGCGT	1
287	286	2	CCACTGTTAAGACCCATTTGCGTA	1
288	287	2	CACTGTTAAGACCCATTTGCGTAA	1
289	288	2	ACTGTTAAGACCCATTTGCGTAAC	1
290	289	2	CTGTTAAGACCCATTTGCGTAACA	1
291	290	2	TGTTAAGACCCATTTGCGTAACAT	1
292	291	2	GTTAAGACCCATTTGCGTAACATG	1
293	292	2	TTAAGACCCATTTGCGTAACATGA	1
294	293	3	TAAGACCCATTTGCGTAACATGAT	1
295	294	3	AAGACCCATTTGCGTAACATGATC	1
296	295	3	AGACCCATTTGCGTAACATGATCA	1
297	296	3	GACCCATTTGCGTAACATGATCAT	1
298	297	3	ACCCATTTGCGTAACATGATCATC	1
299	298	3	CCCATTTGCGTAACATGATCATCC	1
300	299	3	CCATTTGCGTAACATGATCATCCT	1
301	300	3	CATTTGCGTAACATGATCATCCTT	1
302	301	3	ATTTGCGTAACATGATCATCCTTC	1
303	302	3	TTTGCGTAACATGATCATCCTTCC	1
304	303	2	TTGCGTAACATGATCATCCTTCCC	1
305	-1	0	CATGATCATCCTTCCCGAGATGGT	1
306	305	1	ATGATCATCCTTCCCGAGATGGTC	1
307	306	1	TGATCATCCTTCCCGAGATGGTCG	1
308	307	1	GATCATCCTTCCCGAGATGGTCGG	1
309	308	1	ATCATCCTTCCCGAGATGGTCGGT	1
310	309	1	TCATCCTTCCCGAGATGGTCGGTT	1
311	310	1	CATCCTTCCCGAGATGGTCGGTTC	1
312	311	1	ATCCTTCCCGAGATGGTCGGTTCT	1
313	312	1	TCCTTCCCGAGATGGTCGGTTCTG	1
314	313	1	CCTTCCCGAGATGGTCGGTTCTGT	1
315	314	2	CTTCCCGAGATGGTCGGTTCTGTC	1
316	315	2	TTCCCGAGATGGTCGGTTCTGTCG	1
317	316	2	TCCCGAGATGGTCGGTTCTGTCGT	1
318	317	2	CCCGAGATGGTCGGTTCTGTCGTT	1
319	318	3	CCGAGATGGTCGGTTCTGTCGTTG	1
320	319	3	CGAGATGGTCGGTTCTGTCGTTGG	1
321	320	3	GAGATGGTCGGTTCTGTCGTTGGT	1
322	321	3	AGATGGTCGGTTCTGTCGTTGGTA	1
323	322	3	GATGGTCGGTTCTGTCGTTGGTAT	1
324	323	3	ATGGTCGGTTCTGTCGTTGGTATT	1
325	324	3	TGGTCGGTTCTGTCGTTGGTATTT	1
326	325	4	GGTCGGTTCTGTCGTTGGTATTTA	1
327	326	4	GTCGGTTCTGTCGTTGGTATTTAC	1
328	327	4	TCGGTTCTGTCGTTGGTATTTACA	1
329	328	3	CGGTTCTGTCGTTGGTATTTACAA	1
330	329	3	GGTTCTGTCGTTGGTATTTACAAC	1
331	330	2	GTTCTGTCGTTGGTATTTACAACG	1
332	331	2	TTCTGTCGTTGGTATTTACAACGG	1
333	332	2	TCTGTCGTTGGTATTTACAACGGT	1
334	333	3	CTGTCGTTGGTATTTACAACGGTA	1
335	334	3	TGTCGTTGGTATTTACAACGGTAA	1
336	335	3	GTCGTTGGTATTTACAACGGTAAG	1
337	336	3	TCGTTGGTATTTACAACGGTAAGC	1
338	337	3	CGTTGGTATTTACAACGGTAAGCT	1
339	338	3	GTTGGTATTTACAACGGTAAGCTC	1
340	339	3	TTGGTATTTACAACGGTAAGCTCT	1
341	340	3	TGGTATTTACAACGGTAAGCTCTT	1
342	341	3	GGTATTTACAACGGTAAGCTCTTC	1
343	342	3	GTATTTACAACGGTAAGCTCTTCA	1
344	343	3	TATTTACAACGGTAAGCTCTTCAA	1
345	344	3	ATTTACAACGGTAAGCTCTTCAAC	1
346	345	3	TTTACAACGGTAAGCTCTTCAACC	1
347	346	3	TTACAACGGTAAGCTCTTCAACCA	1
348	347	3	TACAACGGTAAGCTCTTCAACCAA	1
349	348	3	ACAACGGTAAGCTCTTCAACCAAG	1
350	349	3	CAACGGTAAGCTCTTCAACCAAGT	1
351	350	3	AACGGTAAGCTCTTCAACCAAGTT	1
352	351	3	ACGGTAAGCTCTTCAACCAAGTTG	1
353	352	3	CGGTAAGCTCTTCAACCAAGTTGA	1
354	353	4	GGTAAGCTCTTCAACCAAGTTGAG	1
355	354	4	GTAAGCTCTTCAACCAAGTTGAGA	1
356	355	4	TAAGCTCTTCAACCAAGTTGAGAT	1
357	356	4	AAGCTCTTCAACCAAGTTGAGATT	1
358	357	4	AGCTCTTCAACCAAGTTGAGATTC	1
359	358	3	GCTCTTCAACCAAGTTGAGATTCG	1
360	359	3	CTCTTCAACCAAGTTGAGATTCGT	1
361	360	3	TCTTCAACCAAGTTGAGATTCGTC	1
362	361	3	CTTCAACCAAGTTGAGATTCGTCC	1
363	362	2	TTCAACCAAGTTGAGATTCGTCCT	1
364	363	2	TCAACCAAGTTGAGATTCGTCCTG	1
365	364	5	CAACCAAGTTGAGATTCGTCCTGA	1
366	365	5	AACCAAGTTGAGATTCGTCCTGAA	1
367	366	5	ACCAAGTTGAGATTCGTCCTGAAA	1
368	367	5	CCAAGTTGAGATTCGTCCTGAAAT	1
369	368	6	CAAGTTGAGATTCGTCCTGAAATG	1
370	369	5	AAGTTGAGATTCGTCCTGAAATGA	1
371	370	5	AGTTGAGATTCGTCCTGAAATGAT	1
372	371	5	GTTGAGATTCGTCCTGAAATGATT	1
373	372	5	TTGAGATTCGTCCTGAAATGATTG	1
374	373	5	TGAGATTCGTCCTGAAATGATTGG	1
375	374	5	GAGATTCGTCCTGAAATGATTGGT	1
376	375	5	AGATTCGTCCTGAAATGATTGGTC	1
377	376	5	GATTCGTCCTGAAATGATTGGTCA	1
378	377	4	ATTCGTCCTGAAATGATTGGTCAC	1
379	378	4	TTCGTCCTGAAATGATTGGTCACT	1
380	379	4	TCGTCCTGAAATGATTGGTCACTA	1
381	380	4	CGTCCTGAAATGATTGGTCACTAC	1
382	381	4	GTCCTGAAATGATTGGTCACTACT	1
383	382	4	TCCTGAAATGATTGGTCACTACTT	1
384	383	4	CCTGAAATGATTGGTCACTACTTG	1
385	384	4	CTGAAATGATTGGTCACTACTTGG	1
386	385	4	TGAAATGATTGGTCACTACTTGGG	1
387	386	5	GAAATGATTGGTCACTACTTGGGT	1
388	387	6	AAATGATTGGTCACTACTTGGGTG	1
389	388	7	AATGATTGGTCACTACTTGGGTGA	1
390	389	7	ATGATTGGTCACTACTTGGGTGAG	1
391	390	7	TGATTGGTCACTACTTGGGTGAGT	1
392	391	7	GATTGGTCACTACTTGGGTGAGTT	1
393	392	7	ATTGGTCACTACTTGGGTGAGTTC	1
394	393	7	TTGGTCACTACTTGGGTGAGTTCT	1
395	394	7	TGGTCACTACTTGGGTGAGTTCTC	1
396	395	7	GGTCACTACTTGGGTGAGTTCTCT	1
397	396	7	GTCACTACTTGGGTGAGTTCTCTA	1
398	397	7	TCACTACTTGGGTGAGTTCTCTAT	1
399	398	7	CACTACTTGGGTGAGTTCTCTATC	1
400	399	7	ACTACTTGGGTGAGTTCTCTATCA	1
401	400	7	CTACTTGGGTGAGTTCTCTATCAC	1
402	401	7	TACTTGGGTGAGTTCTCTATCACT	1
403	402	7	ACTTGGGTGAGTTCTCTATCACTT	1
404	403	7	CTTGGGTGAGTTCTCTATCACTTA	1
405	404	7	TTGGGTGAGTTCTCTATCACTTAC	1
406	405	7	TGGGTGAGTTCTCTATCACTTACA	1
407	406	7	GGGTGAGTTCTCTATCACTTACAA	1
408	407	7	GGTGAGTTCTCTATCACTTACAAG	1
409	408	4	GTGAGTTCTCTATCACTTACAAGC	1
410	409	4	TGAGTTCTCTATCACTTACAAGCC	1
411	410	4	GAGTTCTCTATCACTTACAAGCCT	1
412	411	4	AGTTCTCTATCACTTACAAGCCTA	1
413	412	3	GTTCTCTATCACTTACAAGCCTAC	1
414	413	3	TTCTCTATCACTTACAAGCCTACT	1
415	414	3	TCTCTATCACTTACAAGCCTACTA	1
416	415	3	CTCTATCACTTACAAGCCTACTAA	1
417	416	3	TCTATCACTTACAAGCCTACTAAG	1
418	417	3	CTATCACTTACAAGCCTACTAAGC	1
419	418	3	TATCACTTACAAGCCTACTAAGCA	1
420	419	3	ATCACTTACAAGCCTACTAAGCAC	1
421	420	3	TCACTTACAAGCCTACTAAGCACG	1
422	421	3	CACTTACAAGCCTACTAAGCACGG	1
423	422	3	ACTTACAAGCCTACTAAGCACGGT	1
424	423	3	CTTACAAGCCTACTAAGCACGGTC	1
425	424	3	TTACAAGCCTACTAAGCACGGTCG	1
426	425	3	TACAAGCCTACTAAGCACGGTCGT	1
427	426	3	ACAAGCCTACTAAGCACGGTCGTC	1
428	427	3	CAAGCCTACTAAGCACGGTCGTCC	1
429	428	3	AAGCCTACTAAGCACGGTCGTCCC	1
430	429	3	AGCCTACTAAGCACGGTCGTCCCG	1
431	430	2	GCCTACTAAGCACGGTCGTCCCGG	1
432	431	1	CCTACTAAGCACGGTCGTCCCGGT	1
