Component 321
1	-1	0	GCCTGCTGACAAAGTCGTGGAAGT	1
2	1	1	CCTGCTGACAAAGTCGTGGAAGTT	1
3	2	1	CTGCTGACAAAGTCGTGGAAGTTG	1
4	3	1	TGCTGACAAAGTCGTGGAAGTTGT	1
5	4	1	GCTGACAAAGTCGTGGAAGTTGTC	1
6	5	1	CTGACAAAGTCGTGGAAGTTGTCG	1
7	6	1	TGACAAAGTCGTGGAAGTTGTCGA	1
8	7	1	GACAAAGTCGTGGAAGTTGTCGAA	1
9	8	1	ACAAAGTCGTGGAAGTTGTCGAAA	1
10	9	1	CAAAGTCGTGGAAGTTGTCGAAAA	1
11	10	1	AAAGTCGTGGAAGTTGTCGAAAAA	1
12	11	1	AAGTCGTGGAAGTTGTCGAAAAAG	1
13	12	1	AGTCGTGGAAGTTGTCGAAAAAGC	1
14	13	1	GTCGTGGAAGTTGTCGAAAAAGCC	1
15	14	1	TCGTGGAAGTTGTCGAAAAAGCCC	1
16	15	1	CGTGGAAGTTGTCGAAAAAGCCCT	1
17	16	1	GTGGAAGTTGTCGAAAAAGCCCTT	1
18	17	1	TGGAAGTTGTCGAAAAAGCCCTTG	1
19	18	1	GGAAGTTGTCGAAAAAGCCCTTGG	1
20	19	1	GAAGTTGTCGAAAAAGCCCTTGGT	1
21	20	1	AAGTTGTCGAAAAAGCCCTTGGTC	1
22	21	1	AGTTGTCGAAAAAGCCCTTGGTCC	1
23	22	1	GTTGTCGAAAAAGCCCTTGGTCCT	1
24	23	1	TTGTCGAAAAAGCCCTTGGTCCTC	1
25	24	1	TGTCGAAAAAGCCCTTGGTCCTCA	1
26	25	1	GTCGAAAAAGCCCTTGGTCCTCAT	1
27	26	1	TCGAAAAAGCCCTTGGTCCTCATA	1
28	27	1	CGAAAAAGCCCTTGGTCCTCATAA	1
29	28	1	GAAAAAGCCCTTGGTCCTCATAAA	1
30	29	1	AAAAAGCCCTTGGTCCTCATAAAT	1
31	30	1	AAAAGCCCTTGGTCCTCATAAATC	1
32	31	1	AAAGCCCTTGGTCCTCATAAATCG	1
33	32	1	AAGCCCTTGGTCCTCATAAATCGG	1
34	33	1	AGCCCTTGGTCCTCATAAATCGGC	1
35	34	1	GCCCTTGGTCCTCATAAATCGGCA	1
36	35	1	CCCTTGGTCCTCATAAATCGGCAC	1
37	36	1	CCTTGGTCCTCATAAATCGGCACT	1
38	37	1	CTTGGTCCTCATAAATCGGCACTC	1
39	38	2	TTGGTCCTCATAAATCGGCACTCC	1
40	39	2	TGGTCCTCATAAATCGGCACTCCT	1
41	40	2	GGTCCTCATAAATCGGCACTCCTT	1
42	41	2	GTCCTCATAAATCGGCACTCCTTC	1
43	42	2	TCCTCATAAATCGGCACTCCTTCA	1
44	43	2	CCTCATAAATCGGCACTCCTTCAT	1
45	44	2	CTCATAAATCGGCACTCCTTCATT	1
46	45	1	TCATAAATCGGCACTCCTTCATTG	1
47	46	1	CATAAATCGGCACTCCTTCATTGC	1
48	47	1	ATAAATCGGCACTCCTTCATTGCG	1
49	48	1	TAAATCGGCACTCCTTCATTGCGC	1
50	49	1	AAATCGGCACTCCTTCATTGCGCA	1
51	50	1	AATCGGCACTCCTTCATTGCGCAA	1
52	51	1	ATCGGCACTCCTTCATTGCGCAAT	1
53	52	1	TCGGCACTCCTTCATTGCGCAATC	1
54	53	1	CGGCACTCCTTCATTGCGCAATCC	1
55	54	1	GGCACTCCTTCATTGCGCAATCCG	1
56	55	1	GCACTCCTTCATTGCGCAATCCGT	1
57	56	1	CACTCCTTCATTGCGCAATCCGTC	1
58	57	1	ACTCCTTCATTGCGCAATCCGTCA	1
59	58	1	CTCCTTCATTGCGCAATCCGTCAA	1
60	59	1	TCCTTCATTGCGCAATCCGTCAAT	1
61	60	1	CCTTCATTGCGCAATCCGTCAATC	1
62	61	1	CTTCATTGCGCAATCCGTCAATCT	1
63	62	2	TTCATTGCGCAATCCGTCAATCTC	1
64	63	2	TCATTGCGCAATCCGTCAATCTCG	1
65	64	2	CATTGCGCAATCCGTCAATCTCGC	1
66	65	2	ATTGCGCAATCCGTCAATCTCGCA	1
67	66	2	TTGCGCAATCCGTCAATCTCGCAG	1
68	67	2	TGCGCAATCCGTCAATCTCGCAGT	1
69	68	2	GCGCAATCCGTCAATCTCGCAGTC	1
70	69	2	CGCAATCCGTCAATCTCGCAGTCT	1
71	70	2	GCAATCCGTCAATCTCGCAGTCTT	1
72	71	2	CAATCCGTCAATCTCGCAGTCTTT	1
73	72	3	AATCCGTCAATCTCGCAGTCTTTC	1
74	73	3	ATCCGTCAATCTCGCAGTCTTTCT	1
75	74	3	TCCGTCAATCTCGCAGTCTTTCTG	1
76	75	3	CCGTCAATCTCGCAGTCTTTCTGT	1
77	76	3	CGTCAATCTCGCAGTCTTTCTGTT	1
78	77	3	GTCAATCTCGCAGTCTTTCTGTTG	1
79	78	3	TCAATCTCGCAGTCTTTCTGTTGG	1
80	79	4	CAATCTCGCAGTCTTTCTGTTGGA	1
81	80	4	AATCTCGCAGTCTTTCTGTTGGAA	1
82	81	4	ATCTCGCAGTCTTTCTGTTGGAAA	1
83	82	3	TCTCGCAGTCTTTCTGTTGGAAAT	1
84	83	3	CTCGCAGTCTTTCTGTTGGAAATA	1
85	84	3	TCGCAGTCTTTCTGTTGGAAATAC	1
86	85	3	CGCAGTCTTTCTGTTGGAAATACC	1
87	86	3	GCAGTCTTTCTGTTGGAAATACCA	1
88	87	3	CAGTCTTTCTGTTGGAAATACCAG	1
89	88	3	AGTCTTTCTGTTGGAAATACCAGA	1
90	89	4	GTCTTTCTGTTGGAAATACCAGAT	1
91	90	4	TCTTTCTGTTGGAAATACCAGATC	1
92	91	4	CTTTCTGTTGGAAATACCAGATCC	1
93	92	4	TTTCTGTTGGAAATACCAGATCCC	1
94	93	4	TTCTGTTGGAAATACCAGATCCCT	1
95	94	4	TCTGTTGGAAATACCAGATCCCTT	1
96	95	4	CTGTTGGAAATACCAGATCCCTTA	1
97	96	4	TGTTGGAAATACCAGATCCCTTAA	1
98	97	4	GTTGGAAATACCAGATCCCTTAAG	1
99	98	4	TTGGAAATACCAGATCCCTTAAGC	1
100	99	4	TGGAAATACCAGATCCCTTAAGCG	1
101	100	4	GGAAATACCAGATCCCTTAAGCGT	1
102	101	4	GAAATACCAGATCCCTTAAGCGTG	1
103	102	4	AAATACCAGATCCCTTAAGCGTGA	1
104	103	4	AATACCAGATCCCTTAAGCGTGAT	1
105	104	4	ATACCAGATCCCTTAAGCGTGATT	1
106	105	4	TACCAGATCCCTTAAGCGTGATTC	1
107	106	3	ACCAGATCCCTTAAGCGTGATTCT	1
108	107	3	CCAGATCCCTTAAGCGTGATTCTC	1
109	108	3	CAGATCCCTTAAGCGTGATTCTCG	1
110	109	3	AGATCCCTTAAGCGTGATTCTCGA	1
111	110	3	GATCCCTTAAGCGTGATTCTCGAG	1
112	111	3	ATCCCTTAAGCGTGATTCTCGAGG	1
113	112	3	TCCCTTAAGCGTGATTCTCGAGGC	1
114	113	3	CCCTTAAGCGTGATTCTCGAGGCT	1
115	114	3	CCTTAAGCGTGATTCTCGAGGCTC	1
116	115	3	CTTAAGCGTGATTCTCGAGGCTCA	1
117	116	2	TTAAGCGTGATTCTCGAGGCTCAT	1
118	117	2	TAAGCGTGATTCTCGAGGCTCATC	1
119	118	2	AAGCGTGATTCTCGAGGCTCATCT	1
120	119	2	AGCGTGATTCTCGAGGCTCATCTG	1
121	120	2	GCGTGATTCTCGAGGCTCATCTGA	1
122	121	2	CGTGATTCTCGAGGCTCATCTGAC	1
123	122	2	GTGATTCTCGAGGCTCATCTGACC	1
124	123	1	TGATTCTCGAGGCTCATCTGACCA	1
125	124	2	GATTCTCGAGGCTCATCTGACCAC	1
126	125	2	ATTCTCGAGGCTCATCTGACCACC	1
127	126	2	TTCTCGAGGCTCATCTGACCACCT	1
128	127	2	TCTCGAGGCTCATCTGACCACCTC	1
129	128	2	CTCGAGGCTCATCTGACCACCTCC	1
130	129	2	TCGAGGCTCATCTGACCACCTCCT	1
131	130	2	CGAGGCTCATCTGACCACCTCCTC	1
132	131	2	GAGGCTCATCTGACCACCTCCTCA	1
133	132	2	AGGCTCATCTGACCACCTCCTCAC	1
134	133	1	GGCTCATCTGACCACCTCCTCACC	1
135	134	1	GCTCATCTGACCACCTCCTCACCC	1
136	135	1	CTCATCTGACCACCTCCTCACCCG	1
137	136	1	TCATCTGACCACCTCCTCACCCGG	1
138	137	1	CATCTGACCACCTCCTCACCCGGA	1
139	138	1	ATCTGACCACCTCCTCACCCGGAA	1
140	139	1	TCTGACCACCTCCTCACCCGGAAT	1
141	140	1	CTGACCACCTCCTCACCCGGAATA	1
142	141	1	TGACCACCTCCTCACCCGGAATAG	1
143	142	1	GACCACCTCCTCACCCGGAATAGA	1
144	143	1	ACCACCTCCTCACCCGGAATAGAT	1
145	144	1	CCACCTCCTCACCCGGAATAGATC	1
146	145	1	CACCTCCTCACCCGGAATAGATCC	1
147	146	1	ACCTCCTCACCCGGAATAGATCCA	1
148	147	2	CCTCCTCACCCGGAATAGATCCAA	1
149	148	2	CTCCTCACCCGGAATAGATCCAAT	1
150	149	2	TCCTCACCCGGAATAGATCCAATT	1
151	150	2	CCTCACCCGGAATAGATCCAATTC	1
152	151	2	CTCACCCGGAATAGATCCAATTCT	1
153	152	2	TCACCCGGAATAGATCCAATTCTA	1
154	153	2	CACCCGGAATAGATCCAATTCTAC	1
155	154	2	ACCCGGAATAGATCCAATTCTACT	1
156	155	2	CCCGGAATAGATCCAATTCTACTC	1
157	156	2	CCGGAATAGATCCAATTCTACTCC	1
158	157	2	CGGAATAGATCCAATTCTACTCCT	1
159	158	2	GGAATAGATCCAATTCTACTCCTG	1
160	159	2	GAATAGATCCAATTCTACTCCTGG	1
161	160	2	AATAGATCCAATTCTACTCCTGGT	1
162	161	2	ATAGATCCAATTCTACTCCTGGTA	1
163	162	2	TAGATCCAATTCTACTCCTGGTAG	1
164	163	2	AGATCCAATTCTACTCCTGGTAGT	1
165	164	2	GATCCAATTCTACTCCTGGTAGTA	1
166	165	2	ATCCAATTCTACTCCTGGTAGTAT	1
167	166	2	TCCAATTCTACTCCTGGTAGTATT	1
168	167	2	CCAATTCTACTCCTGGTAGTATTT	1
169	168	1	CAATTCTACTCCTGGTAGTATTTC	1
170	169	1	AATTCTACTCCTGGTAGTATTTCC	1
171	170	1	ATTCTACTCCTGGTAGTATTTCCG	1
172	171	1	TTCTACTCCTGGTAGTATTTCCGC	1
173	172	1	TCTACTCCTGGTAGTATTTCCGCT	1
174	173	1	CTACTCCTGGTAGTATTTCCGCTG	1
175	174	1	TACTCCTGGTAGTATTTCCGCTGA	1
176	175	1	ACTCCTGGTAGTATTTCCGCTGAT	1
177	176	1	CTCCTGGTAGTATTTCCGCTGATT	1
178	177	1	TCCTGGTAGTATTTCCGCTGATTA	1
179	178	1	CCTGGTAGTATTTCCGCTGATTAT	1
180	179	1	CTGGTAGTATTTCCGCTGATTATC	1
181	180	1	TGGTAGTATTTCCGCTGATTATCG	1
182	181	1	GGTAGTATTTCCGCTGATTATCGC	1
183	182	1	GTAGTATTTCCGCTGATTATCGCA	1
184	183	1	TAGTATTTCCGCTGATTATCGCAC	1
185	184	1	AGTATTTCCGCTGATTATCGCACT	1
186	185	1	GTATTTCCGCTGATTATCGCACTA	1
187	186	1	TATTTCCGCTGATTATCGCACTAC	1
188	187	1	ATTTCCGCTGATTATCGCACTACA	1
189	188	1	TTTCCGCTGATTATCGCACTACAG	1
190	189	1	TTCCGCTGATTATCGCACTACAGC	1
191	190	1	TCCGCTGATTATCGCACTACAGCT	1
192	-1	0	TCGCTGTTGTGCTCAACCCATCTG	1
193	192	1	CGCTGTTGTGCTCAACCCATCTGT	1
194	193	2	GCTGTTGTGCTCAACCCATCTGTT	1
195	194	2	CTGTTGTGCTCAACCCATCTGTTC	1
196	195	2	TGTTGTGCTCAACCCATCTGTTCT	1
197	196	2	GTTGTGCTCAACCCATCTGTTCTG	1
198	197	2	TTGTGCTCAACCCATCTGTTCTGA	1
199	198	2	TGTGCTCAACCCATCTGTTCTGAA	1
200	199	2	GTGCTCAACCCATCTGTTCTGAAT	1
201	200	2	TGCTCAACCCATCTGTTCTGAATG	1
202	201	2	GCTCAACCCATCTGTTCTGAATGC	1
203	202	4	CTCAACCCATCTGTTCTGAATGCT	1
204	203	4	TCAACCCATCTGTTCTGAATGCTT	1
205	204	4	CAACCCATCTGTTCTGAATGCTTT	1
206	205	4	AACCCATCTGTTCTGAATGCTTTG	1
207	206	4	ACCCATCTGTTCTGAATGCTTTGT	1
208	207	4	CCCATCTGTTCTGAATGCTTTGTT	1
209	208	4	CCATCTGTTCTGAATGCTTTGTTG	1
210	209	4	CATCTGTTCTGAATGCTTTGTTGA	1
211	210	4	ATCTGTTCTGAATGCTTTGTTGAA	1
212	211	4	TCTGTTCTGAATGCTTTGTTGAAA	1
213	212	4	CTGTTCTGAATGCTTTGTTGAAAT	1
214	213	4	TGTTCTGAATGCTTTGTTGAAATT	1
215	214	4	GTTCTGAATGCTTTGTTGAAATTC	1
216	215	4	TTCTGAATGCTTTGTTGAAATTCG	1
217	216	4	TCTGAATGCTTTGTTGAAATTCGA	1
218	217	4	CTGAATGCTTTGTTGAAATTCGAC	1
219	218	4	TGAATGCTTTGTTGAAATTCGACG	1
220	219	4	GAATGCTTTGTTGAAATTCGACGA	1
221	220	4	AATGCTTTGTTGAAATTCGACGAG	1
222	221	4	ATGCTTTGTTGAAATTCGACGAGC	1
223	222	4	TGCTTTGTTGAAATTCGACGAGCA	1
224	223	4	GCTTTGTTGAAATTCGACGAGCAG	1
225	224	4	CTTTGTTGAAATTCGACGAGCAGA	1
226	225	4	TTTGTTGAAATTCGACGAGCAGAA	1
227	226	4	TTGTTGAAATTCGACGAGCAGAAC	1
228	227	4	TGTTGAAATTCGACGAGCAGAACC	1
229	228	4	GTTGAAATTCGACGAGCAGAACCA	1
230	229	4	TTGAAATTCGACGAGCAGAACCAC	1
231	230	4	TGAAATTCGACGAGCAGAACCACA	1
232	231	4	GAAATTCGACGAGCAGAACCACAT	1
233	232	4	AAATTCGACGAGCAGAACCACATT	1
234	233	4	AATTCGACGAGCAGAACCACATTT	1
235	234	4	ATTCGACGAGCAGAACCACATTTA	1
236	235	4	TTCGACGAGCAGAACCACATTTAC	1
237	236	3	TCGACGAGCAGAACCACATTTACC	1
238	237	2	CGACGAGCAGAACCACATTTACCT	1
239	238	2	GACGAGCAGAACCACATTTACCTA	1
240	239	2	ACGAGCAGAACCACATTTACCTAC	1
241	240	2	CGAGCAGAACCACATTTACCTACT	1
242	241	2	GAGCAGAACCACATTTACCTACTG	1
243	242	2	AGCAGAACCACATTTACCTACTGT	1
244	243	2	GCAGAACCACATTTACCTACTGTA	1
245	244	2	CAGAACCACATTTACCTACTGTAC	1
246	245	2	AGAACCACATTTACCTACTGTACA	1
