Component 323
1	-1	0	TGCTTTATTAGCTGTTGGTCTTAA	1
2	1	1	GCTTTATTAGCTGTTGGTCTTAAT	1
3	2	1	CTTTATTAGCTGTTGGTCTTAATG	1
4	3	1	TTTATTAGCTGTTGGTCTTAATGC	1
5	4	1	TTATTAGCTGTTGGTCTTAATGCT	1
6	5	1	TATTAGCTGTTGGTCTTAATGCTG	1
7	6	1	ATTAGCTGTTGGTCTTAATGCTGA	1
8	7	2	TTAGCTGTTGGTCTTAATGCTGAC	1
9	8	2	TAGCTGTTGGTCTTAATGCTGACG	1
10	9	2	AGCTGTTGGTCTTAATGCTGACGA	1
11	10	2	GCTGTTGGTCTTAATGCTGACGAA	1
12	11	2	CTGTTGGTCTTAATGCTGACGAAC	1
13	12	2	TGTTGGTCTTAATGCTGACGAACT	1
14	13	2	GTTGGTCTTAATGCTGACGAACTT	1
15	14	2	TTGGTCTTAATGCTGACGAACTTC	1
16	15	2	TGGTCTTAATGCTGACGAACTTCA	1
17	16	2	GGTCTTAATGCTGACGAACTTCAA	1
18	17	2	GTCTTAATGCTGACGAACTTCAAA	1
19	18	2	TCTTAATGCTGACGAACTTCAAAT	1
20	19	2	CTTAATGCTGACGAACTTCAAATA	1
21	20	2	TTAATGCTGACGAACTTCAAATAT	1
22	21	2	TAATGCTGACGAACTTCAAATATG	1
23	22	2	AATGCTGACGAACTTCAAATATGG	1
24	23	2	ATGCTGACGAACTTCAAATATGGA	1
25	24	2	TGCTGACGAACTTCAAATATGGAA	1
26	25	2	GCTGACGAACTTCAAATATGGAAG	1
27	26	2	CTGACGAACTTCAAATATGGAAGG	1
28	27	2	TGACGAACTTCAAATATGGAAGGA	1
29	28	2	GACGAACTTCAAATATGGAAGGAA	1
30	29	2	ACGAACTTCAAATATGGAAGGAAG	1
31	30	2	CGAACTTCAAATATGGAAGGAAGT	1
32	31	2	GAACTTCAAATATGGAAGGAAGTT	1
33	32	2	AACTTCAAATATGGAAGGAAGTTG	1
34	33	2	ACTTCAAATATGGAAGGAAGTTGA	1
35	34	2	CTTCAAATATGGAAGGAAGTTGAT	1
36	35	2	TTCAAATATGGAAGGAAGTTGATG	1
37	36	2	TCAAATATGGAAGGAAGTTGATGG	1
38	37	2	CAAATATGGAAGGAAGTTGATGGC	1
39	38	2	AAATATGGAAGGAAGTTGATGGCA	1
40	39	2	AATATGGAAGGAAGTTGATGGCAT	1
41	40	2	ATATGGAAGGAAGTTGATGGCATT	1
42	41	3	TATGGAAGGAAGTTGATGGCATTT	1
43	42	3	ATGGAAGGAAGTTGATGGCATTTT	1
44	43	3	TGGAAGGAAGTTGATGGCATTTTC	1
45	44	3	GGAAGGAAGTTGATGGCATTTTCA	1
46	45	2	GAAGGAAGTTGATGGCATTTTCAC	1
47	46	2	AAGGAAGTTGATGGCATTTTCACA	1
48	47	2	AGGAAGTTGATGGCATTTTCACAG	1
49	48	3	GGAAGTTGATGGCATTTTCACAGC	1
50	49	3	GAAGTTGATGGCATTTTCACAGCT	1
51	50	3	AAGTTGATGGCATTTTCACAGCTG	1
52	51	2	AGTTGATGGCATTTTCACAGCTGA	1
53	52	2	GTTGATGGCATTTTCACAGCTGAT	1
54	53	2	TTGATGGCATTTTCACAGCTGATC	1
55	54	2	TGATGGCATTTTCACAGCTGATCC	1
56	55	2	GATGGCATTTTCACAGCTGATCCC	1
57	56	2	ATGGCATTTTCACAGCTGATCCCC	1
58	57	2	TGGCATTTTCACAGCTGATCCCCG	1
59	58	2	GGCATTTTCACAGCTGATCCCCGT	1
60	59	2	GCATTTTCACAGCTGATCCCCGTA	1
61	60	2	CATTTTCACAGCTGATCCCCGTAA	1
62	61	2	ATTTTCACAGCTGATCCCCGTAAG	1
63	62	2	TTTTCACAGCTGATCCCCGTAAGG	1
64	63	3	TTTCACAGCTGATCCCCGTAAGGT	1
65	64	3	TTCACAGCTGATCCCCGTAAGGTT	1
66	65	3	TCACAGCTGATCCCCGTAAGGTTC	1
67	66	3	CACAGCTGATCCCCGTAAGGTTCC	1
68	67	3	ACAGCTGATCCCCGTAAGGTTCCA	1
69	68	3	CAGCTGATCCCCGTAAGGTTCCAA	1
70	69	3	AGCTGATCCCCGTAAGGTTCCAAC	1
71	70	3	GCTGATCCCCGTAAGGTTCCAACT	1
72	71	3	CTGATCCCCGTAAGGTTCCAACTG	1
73	72	3	TGATCCCCGTAAGGTTCCAACTGC	1
74	73	3	GATCCCCGTAAGGTTCCAACTGCT	1
75	74	3	ATCCCCGTAAGGTTCCAACTGCTC	1
76	75	3	TCCCCGTAAGGTTCCAACTGCTCG	1
77	76	3	CCCCGTAAGGTTCCAACTGCTCGA	1
78	77	3	CCCGTAAGGTTCCAACTGCTCGAC	1
79	78	3	CCGTAAGGTTCCAACTGCTCGACT	1
80	79	3	CGTAAGGTTCCAACTGCTCGACTT	1
81	80	3	GTAAGGTTCCAACTGCTCGACTTC	1
82	81	3	TAAGGTTCCAACTGCTCGACTTCT	1
83	82	3	AAGGTTCCAACTGCTCGACTTCTT	1
84	83	3	AGGTTCCAACTGCTCGACTTCTTC	1
85	84	3	GGTTCCAACTGCTCGACTTCTTCC	1
86	85	2	GTTCCAACTGCTCGACTTCTTCCT	1
87	86	2	TTCCAACTGCTCGACTTCTTCCTC	1
88	87	2	TCCAACTGCTCGACTTCTTCCTCT	1
89	88	2	CCAACTGCTCGACTTCTTCCTCTC	1
90	89	2	CAACTGCTCGACTTCTTCCTCTCA	1
91	90	2	AACTGCTCGACTTCTTCCTCTCAT	1
92	91	2	ACTGCTCGACTTCTTCCTCTCATC	1
93	92	1	CTGCTCGACTTCTTCCTCTCATCA	1
94	93	1	TGCTCGACTTCTTCCTCTCATCAC	1
95	94	1	GCTCGACTTCTTCCTCTCATCACA	1
96	95	1	CTCGACTTCTTCCTCTCATCACAC	1
97	96	1	TCGACTTCTTCCTCTCATCACACC	1
98	97	1	CGACTTCTTCCTCTCATCACACCT	1
99	98	1	GACTTCTTCCTCTCATCACACCTG	1
100	99	1	ACTTCTTCCTCTCATCACACCTGA	1
101	100	1	CTTCTTCCTCTCATCACACCTGAA	1
102	101	1	TTCTTCCTCTCATCACACCTGAAG	1
103	102	1	TCTTCCTCTCATCACACCTGAAGA	1
104	103	1	CTTCCTCTCATCACACCTGAAGAA	1
105	104	1	TTCCTCTCATCACACCTGAAGAAG	1
106	105	1	TCCTCTCATCACACCTGAAGAAGC	1
107	106	1	CCTCTCATCACACCTGAAGAAGCT	1
108	-1	0	GCGGCAGTTTTGAAAGATCAAGGG	1
109	108	1	CGGCAGTTTTGAAAGATCAAGGGA	1
110	109	1	GGCAGTTTTGAAAGATCAAGGGAT	1
111	110	1	GCAGTTTTGAAAGATCAAGGGATC	1
112	111	1	CAGTTTTGAAAGATCAAGGGATCG	1
113	112	1	AGTTTTGAAAGATCAAGGGATCGA	1
114	113	1	GTTTTGAAAGATCAAGGGATCGAT	1
115	114	1	TTTTGAAAGATCAAGGGATCGATT	1
116	115	1	TTTGAAAGATCAAGGGATCGATTC	1
117	116	1	TTGAAAGATCAAGGGATCGATTCT	1
118	117	3	TGAAAGATCAAGGGATCGATTCTG	1
119	118	3	GAAAGATCAAGGGATCGATTCTGA	1
120	119	3	AAAGATCAAGGGATCGATTCTGAG	1
121	120	3	AAGATCAAGGGATCGATTCTGAGT	1
122	121	3	AGATCAAGGGATCGATTCTGAGTT	1
123	122	3	GATCAAGGGATCGATTCTGAGTTT	1
124	123	3	ATCAAGGGATCGATTCTGAGTTTA	1
125	124	3	TCAAGGGATCGATTCTGAGTTTAT	1
126	125	3	CAAGGGATCGATTCTGAGTTTATT	1
127	126	3	AAGGGATCGATTCTGAGTTTATTG	1
128	127	3	AGGGATCGATTCTGAGTTTATTGA	1
129	128	4	GGGATCGATTCTGAGTTTATTGAT	1
130	129	3	GGATCGATTCTGAGTTTATTGATA	1
131	130	3	GATCGATTCTGAGTTTATTGATAT	1
132	131	3	ATCGATTCTGAGTTTATTGATATG	1
133	132	3	TCGATTCTGAGTTTATTGATATGA	1
134	133	3	CGATTCTGAGTTTATTGATATGAG	1
135	134	3	GATTCTGAGTTTATTGATATGAGT	1
136	135	3	ATTCTGAGTTTATTGATATGAGTC	1
137	136	3	TTCTGAGTTTATTGATATGAGTCA	1
138	137	3	TCTGAGTTTATTGATATGAGTCAT	1
139	138	3	CTGAGTTTATTGATATGAGTCATA	1
140	139	3	TGAGTTTATTGATATGAGTCATAT	1
141	140	3	GAGTTTATTGATATGAGTCATATA	1
142	141	3	AGTTTATTGATATGAGTCATATAA	1
143	142	3	GTTTATTGATATGAGTCATATAAT	1
144	143	3	TTTATTGATATGAGTCATATAATT	1
145	144	3	TTATTGATATGAGTCATATAATTG	1
146	145	3	TATTGATATGAGTCATATAATTGA	1
147	146	3	ATTGATATGAGTCATATAATTGAC	1
148	147	3	TTGATATGAGTCATATAATTGACG	1
149	148	3	TGATATGAGTCATATAATTGACGA	1
150	149	3	GATATGAGTCATATAATTGACGAG	1
151	150	3	ATATGAGTCATATAATTGACGAGC	1
152	151	3	TATGAGTCATATAATTGACGAGCA	1
153	152	3	ATGAGTCATATAATTGACGAGCAA	1
154	153	3	TGAGTCATATAATTGACGAGCAAA	1
155	154	3	GAGTCATATAATTGACGAGCAAAG	1
156	155	3	AGTCATATAATTGACGAGCAAAGA	1
157	156	3	GTCATATAATTGACGAGCAAAGAG	1
158	157	3	TCATATAATTGACGAGCAAAGAGA	1
159	158	3	CATATAATTGACGAGCAAAGAGAG	1
160	159	3	ATATAATTGACGAGCAAAGAGAGT	1
161	160	3	TATAATTGACGAGCAAAGAGAGTG	1
162	161	1	ATAATTGACGAGCAAAGAGAGTGG	1
163	162	1	TAATTGACGAGCAAAGAGAGTGGA	1
164	163	2	AATTGACGAGCAAAGAGAGTGGAG	1
165	164	2	ATTGACGAGCAAAGAGAGTGGAGG	1
166	165	2	TTGACGAGCAAAGAGAGTGGAGGA	1
167	166	2	TGACGAGCAAAGAGAGTGGAGGAA	1
168	167	2	GACGAGCAAAGAGAGTGGAGGAAT	1
169	168	2	ACGAGCAAAGAGAGTGGAGGAATC	1
170	169	2	CGAGCAAAGAGAGTGGAGGAATCT	1
171	170	2	GAGCAAAGAGAGTGGAGGAATCTT	1
172	171	2	AGCAAAGAGAGTGGAGGAATCTTG	1
173	172	1	GCAAAGAGAGTGGAGGAATCTTGA	1
174	173	1	CAAAGAGAGTGGAGGAATCTTGAT	1
175	174	1	AAAGAGAGTGGAGGAATCTTGATG	1
176	175	1	AAGAGAGTGGAGGAATCTTGATGC	1
177	176	1	AGAGAGTGGAGGAATCTTGATGCA	1
178	177	1	GAGAGTGGAGGAATCTTGATGCAT	1
179	178	1	AGAGTGGAGGAATCTTGATGCATC	1
180	179	1	GAGTGGAGGAATCTTGATGCATCC	1
181	180	1	AGTGGAGGAATCTTGATGCATCCT	1
182	181	1	GTGGAGGAATCTTGATGCATCCTT	1
183	182	1	TGGAGGAATCTTGATGCATCCTTT	1
184	183	1	GGAGGAATCTTGATGCATCCTTTT	1
185	184	1	GAGGAATCTTGATGCATCCTTTTA	1
186	185	2	AGGAATCTTGATGCATCCTTTTAC	1
187	186	2	GGAATCTTGATGCATCCTTTTACG	1
188	187	3	GAATCTTGATGCATCCTTTTACGC	1
189	188	3	AATCTTGATGCATCCTTTTACGCA	1
190	189	3	ATCTTGATGCATCCTTTTACGCAT	1
191	190	3	TCTTGATGCATCCTTTTACGCATA	1
192	191	3	CTTGATGCATCCTTTTACGCATAT	1
193	192	3	TTGATGCATCCTTTTACGCATATC	1
194	193	3	TGATGCATCCTTTTACGCATATCT	1
195	194	3	GATGCATCCTTTTACGCATATCTT	1
196	195	3	ATGCATCCTTTTACGCATATCTTG	1
197	196	3	TGCATCCTTTTACGCATATCTTGC	1
198	197	3	GCATCCTTTTACGCATATCTTGCT	1
199	198	3	CATCCTTTTACGCATATCTTGCTT	1
200	199	3	ATCCTTTTACGCATATCTTGCTTC	1
201	200	3	TCCTTTTACGCATATCTTGCTTCC	1
202	201	3	CCTTTTACGCATATCTTGCTTCCC	1
203	202	3	CTTTTACGCATATCTTGCTTCCCA	1
204	203	3	TTTTACGCATATCTTGCTTCCCAA	1
205	204	3	TTTACGCATATCTTGCTTCCCAAC	1
206	205	3	TTACGCATATCTTGCTTCCCAACT	1
207	206	3	TACGCATATCTTGCTTCCCAACTT	1
208	207	2	ACGCATATCTTGCTTCCCAACTTG	1
209	208	2	CGCATATCTTGCTTCCCAACTTGC	1
210	209	2	GCATATCTTGCTTCCCAACTTGCT	1
211	210	2	CATATCTTGCTTCCCAACTTGCTA	1
212	211	2	ATATCTTGCTTCCCAACTTGCTAG	1
213	212	2	TATCTTGCTTCCCAACTTGCTAGT	1
214	213	2	ATCTTGCTTCCCAACTTGCTAGTA	1
215	214	2	TCTTGCTTCCCAACTTGCTAGTAA	1
216	215	2	CTTGCTTCCCAACTTGCTAGTAAA	1
217	216	2	TTGCTTCCCAACTTGCTAGTAAAG	1
218	217	2	TGCTTCCCAACTTGCTAGTAAAGT	1
219	218	2	GCTTCCCAACTTGCTAGTAAAGTT	1
220	219	2	CTTCCCAACTTGCTAGTAAAGTTA	1
221	220	2	TTCCCAACTTGCTAGTAAAGTTAC	1
222	221	2	TCCCAACTTGCTAGTAAAGTTACC	1
223	222	2	CCCAACTTGCTAGTAAAGTTACCG	1
224	223	2	CCAACTTGCTAGTAAAGTTACCGC	1
225	224	2	CAACTTGCTAGTAAAGTTACCGCT	1
226	225	2	AACTTGCTAGTAAAGTTACCGCTG	1
227	226	2	ACTTGCTAGTAAAGTTACCGCTGT	1
228	227	2	CTTGCTAGTAAAGTTACCGCTGTT	1
229	228	2	TTGCTAGTAAAGTTACCGCTGTTG	1
230	229	1	TGCTAGTAAAGTTACCGCTGTTGG	1
231	230	1	GCTAGTAAAGTTACCGCTGTTGGA	1
