Component 325
1	-1	0	CTGGAAGCTCCGTTACTTCCACCG	1
2	1	2	TGGAAGCTCCGTTACTTCCACCGG	1
3	2	2	GGAAGCTCCGTTACTTCCACCGGT	1
4	3	2	GAAGCTCCGTTACTTCCACCGGTA	1
5	4	2	AAGCTCCGTTACTTCCACCGGTAC	1
6	5	2	AGCTCCGTTACTTCCACCGGTACT	1
7	6	2	GCTCCGTTACTTCCACCGGTACTG	1
8	7	2	CTCCGTTACTTCCACCGGTACTGG	1
9	8	2	TCCGTTACTTCCACCGGTACTGGA	1
10	9	2	CCGTTACTTCCACCGGTACTGGAA	1
11	10	2	CGTTACTTCCACCGGTACTGGAAC	1
12	11	2	GTTACTTCCACCGGTACTGGAACC	1
13	12	2	TTACTTCCACCGGTACTGGAACCA	1
14	13	2	TACTTCCACCGGTACTGGAACCAC	1
15	14	2	ACTTCCACCGGTACTGGAACCACG	1
16	15	2	CTTCCACCGGTACTGGAACCACGA	1
17	16	2	TTCCACCGGTACTGGAACCACGAC	1
18	17	2	TCCACCGGTACTGGAACCACGACT	1
19	18	2	CCACCGGTACTGGAACCACGACTG	1
20	19	2	CACCGGTACTGGAACCACGACTGG	1
21	20	2	ACCGGTACTGGAACCACGACTGGT	1
22	21	2	CCGGTACTGGAACCACGACTGGTG	1
23	22	2	CGGTACTGGAACCACGACTGGTGT	1
24	23	2	GGTACTGGAACCACGACTGGTGTT	1
25	24	2	GTACTGGAACCACGACTGGTGTTA	1
26	25	2	TACTGGAACCACGACTGGTGTTAC	1
27	26	2	ACTGGAACCACGACTGGTGTTACC	1
28	27	2	CTGGAACCACGACTGGTGTTACCG	1
29	28	2	TGGAACCACGACTGGTGTTACCGA	1
30	29	2	GGAACCACGACTGGTGTTACCGAA	1
31	30	2	GAACCACGACTGGTGTTACCGAAG	1
32	31	2	AACCACGACTGGTGTTACCGAAGT	1
33	32	3	ACCACGACTGGTGTTACCGAAGTT	1
34	33	3	CCACGACTGGTGTTACCGAAGTTA	1
35	34	3	CACGACTGGTGTTACCGAAGTTAC	1
36	35	3	ACGACTGGTGTTACCGAAGTTACT	1
37	36	3	CGACTGGTGTTACCGAAGTTACTG	1
38	37	3	GACTGGTGTTACCGAAGTTACTGA	1
39	38	3	ACTGGTGTTACCGAAGTTACTGAA	1
40	39	3	CTGGTGTTACCGAAGTTACTGAAA	1
41	40	3	TGGTGTTACCGAAGTTACTGAAAC	1
42	41	4	GGTGTTACCGAAGTTACTGAAACT	1
43	42	4	GTGTTACCGAAGTTACTGAAACTT	1
44	43	4	TGTTACCGAAGTTACTGAAACTTC	1
45	44	4	GTTACCGAAGTTACTGAAACTTCG	1
46	45	2	TTACCGAAGTTACTGAAACTTCGA	1
47	46	2	TACCGAAGTTACTGAAACTTCGAC	1
48	47	2	ACCGAAGTTACTGAAACTTCGACA	1
49	48	2	CCGAAGTTACTGAAACTTCGACAT	1
50	49	2	CGAAGTTACTGAAACTTCGACATT	1
51	50	2	GAAGTTACTGAAACTTCGACATTT	1
52	51	2	AAGTTACTGAAACTTCGACATTTG	1
53	52	2	AGTTACTGAAACTTCGACATTTGA	1
54	53	2	GTTACTGAAACTTCGACATTTGAA	1
55	54	2	TTACTGAAACTTCGACATTTGAAA	1
56	55	2	TACTGAAACTTCGACATTTGAAAC	1
57	56	2	ACTGAAACTTCGACATTTGAAACT	1
58	57	2	CTGAAACTTCGACATTTGAAACTA	1
59	58	2	TGAAACTTCGACATTTGAAACTAC	1
60	59	2	GAAACTTCGACATTTGAAACTACT	1
61	60	2	AAACTTCGACATTTGAAACTACTG	1
62	61	2	AACTTCGACATTTGAAACTACTGA	1
63	62	2	ACTTCGACATTTGAAACTACTGAG	1
64	63	2	CTTCGACATTTGAAACTACTGAGA	1
65	64	2	TTCGACATTTGAAACTACTGAGAT	1
66	65	2	TCGACATTTGAAACTACTGAGATT	1
67	66	2	CGACATTTGAAACTACTGAGATTA	1
68	67	2	GACATTTGAAACTACTGAGATTAT	1
69	68	2	ACATTTGAAACTACTGAGATTATA	1
70	69	2	CATTTGAAACTACTGAGATTATAA	1
71	70	2	ATTTGAAACTACTGAGATTATAAC	1
72	71	2	TTTGAAACTACTGAGATTATAACT	1
73	72	2	TTGAAACTACTGAGATTATAACTT	1
74	73	2	TGAAACTACTGAGATTATAACTTC	1
75	74	2	GAAACTACTGAGATTATAACTTCT	1
76	75	2	AAACTACTGAGATTATAACTTCTA	1
77	76	1	AACTACTGAGATTATAACTTCTAC	1
78	77	1	ACTACTGAGATTATAACTTCTACC	1
79	78	1	CTACTGAGATTATAACTTCTACCA	1
80	79	1	TACTGAGATTATAACTTCTACCAT	1
81	80	2	ACTGAGATTATAACTTCTACCATT	1
82	81	2	CTGAGATTATAACTTCTACCATTG	1
83	82	2	TGAGATTATAACTTCTACCATTGA	1
84	83	2	GAGATTATAACTTCTACCATTGAA	1
85	84	2	AGATTATAACTTCTACCATTGAAC	1
86	85	1	GATTATAACTTCTACCATTGAACC	1
87	86	1	ATTATAACTTCTACCATTGAACCC	1
88	87	1	TTATAACTTCTACCATTGAACCCA	1
89	88	1	TATAACTTCTACCATTGAACCCAC	1
90	89	1	ATAACTTCTACCATTGAACCCACC	1
91	90	1	TAACTTCTACCATTGAACCCACCA	1
92	91	1	AACTTCTACCATTGAACCCACCAC	1
93	92	1	ACTTCTACCATTGAACCCACCACT	1
94	93	1	CTTCTACCATTGAACCCACCACTG	1
95	94	1	TTCTACCATTGAACCCACCACTGC	1
96	95	1	TCTACCATTGAACCCACCACTGCA	1
97	96	1	CTACCATTGAACCCACCACTGCAA	1
98	97	1	TACCATTGAACCCACCACTGCAAG	1
99	98	1	ACCATTGAACCCACCACTGCAAGT	1
100	99	1	CCATTGAACCCACCACTGCAAGTG	1
101	100	1	CATTGAACCCACCACTGCAAGTGG	1
102	101	1	ATTGAACCCACCACTGCAAGTGGA	1
103	102	1	TTGAACCCACCACTGCAAGTGGAA	1
104	103	1	TGAACCCACCACTGCAAGTGGAAC	1
105	104	1	GAACCCACCACTGCAAGTGGAACT	1
106	105	1	AACCCACCACTGCAAGTGGAACTG	1
107	106	1	ACCCACCACTGCAAGTGGAACTGG	1
108	107	1	CCCACCACTGCAAGTGGAACTGGC	1
109	108	1	CCACCACTGCAAGTGGAACTGGCG	1
110	109	1	CACCACTGCAAGTGGAACTGGCGG	1
111	110	1	ACCACTGCAAGTGGAACTGGCGGC	1
112	111	2	CCACTGCAAGTGGAACTGGCGGCG	1
113	112	2	CACTGCAAGTGGAACTGGCGGCGG	1
114	113	2	ACTGCAAGTGGAACTGGCGGCGGT	1
115	114	2	CTGCAAGTGGAACTGGCGGCGGTA	1
116	115	2	TGCAAGTGGAACTGGCGGCGGTAA	1
117	116	2	GCAAGTGGAACTGGCGGCGGTAAC	1
118	117	2	CAAGTGGAACTGGCGGCGGTAACC	1
119	118	2	AAGTGGAACTGGCGGCGGTAACCC	1
120	119	2	AGTGGAACTGGCGGCGGTAACCCA	1
121	120	2	GTGGAACTGGCGGCGGTAACCCAA	1
122	121	3	TGGAACTGGCGGCGGTAACCCAAC	1
123	122	3	GGAACTGGCGGCGGTAACCCAACA	1
124	123	3	GAACTGGCGGCGGTAACCCAACAG	1
125	124	2	AACTGGCGGCGGTAACCCAACAGC	1
126	125	2	ACTGGCGGCGGTAACCCAACAGCT	1
127	126	2	CTGGCGGCGGTAACCCAACAGCTG	1
128	127	2	TGGCGGCGGTAACCCAACAGCTGC	1
129	128	2	GGCGGCGGTAACCCAACAGCTGCT	1
130	129	2	GCGGCGGTAACCCAACAGCTGCTC	1
131	130	2	CGGCGGTAACCCAACAGCTGCTCC	1
132	131	2	GGCGGTAACCCAACAGCTGCTCCT	1
133	132	2	GCGGTAACCCAACAGCTGCTCCTA	1
134	133	2	CGGTAACCCAACAGCTGCTCCTAC	1
135	134	2	GGTAACCCAACAGCTGCTCCTACC	1
136	135	2	GTAACCCAACAGCTGCTCCTACCA	1
137	136	2	TAACCCAACAGCTGCTCCTACCAA	1
138	137	2	AACCCAACAGCTGCTCCTACCAAC	1
139	138	2	ACCCAACAGCTGCTCCTACCAACG	1
140	139	2	CCCAACAGCTGCTCCTACCAACGA	1
141	140	2	CCAACAGCTGCTCCTACCAACGAA	1
142	141	2	CAACAGCTGCTCCTACCAACGAAC	1
143	142	2	AACAGCTGCTCCTACCAACGAACC	1
144	143	2	ACAGCTGCTCCTACCAACGAACCA	1
145	144	2	CAGCTGCTCCTACCAACGAACCAA	1
146	145	2	AGCTGCTCCTACCAACGAACCAAC	1
147	146	2	GCTGCTCCTACCAACGAACCAACC	1
148	147	2	CTGCTCCTACCAACGAACCAACCG	1
149	148	2	TGCTCCTACCAACGAACCAACCGT	1
150	149	2	GCTCCTACCAACGAACCAACCGTT	1
151	150	2	CTCCTACCAACGAACCAACCGTTA	1
152	151	2	TCCTACCAACGAACCAACCGTTAC	1
153	152	3	CCTACCAACGAACCAACCGTTACT	1
154	153	3	CTACCAACGAACCAACCGTTACTA	1
155	154	3	TACCAACGAACCAACCGTTACTAC	1
156	155	2	ACCAACGAACCAACCGTTACTACC	1
157	156	2	CCAACGAACCAACCGTTACTACCG	1
158	157	2	CAACGAACCAACCGTTACTACCGG	1
159	158	2	AACGAACCAACCGTTACTACCGGA	1
160	159	2	ACGAACCAACCGTTACTACCGGAA	1
161	160	2	CGAACCAACCGTTACTACCGGAAC	1
162	161	2	GAACCAACCGTTACTACCGGAACT	1
163	162	2	AACCAACCGTTACTACCGGAACTG	1
164	163	3	ACCAACCGTTACTACCGGAACTGA	1
165	164	3	CCAACCGTTACTACCGGAACTGAA	1
166	165	2	CAACCGTTACTACCGGAACTGAAA	1
167	166	2	AACCGTTACTACCGGAACTGAAAC	1
168	167	2	ACCGTTACTACCGGAACTGAAACG	1
169	168	2	CCGTTACTACCGGAACTGAAACGA	1
170	169	2	CGTTACTACCGGAACTGAAACGAC	1
171	170	3	GTTACTACCGGAACTGAAACGACC	1
172	171	3	TTACTACCGGAACTGAAACGACCG	1
173	172	3	TACTACCGGAACTGAAACGACCGA	1
174	173	3	ACTACCGGAACTGAAACGACCGAG	1
175	174	3	CTACCGGAACTGAAACGACCGAGG	1
176	175	3	TACCGGAACTGAAACGACCGAGGG	1
177	176	4	ACCGGAACTGAAACGACCGAGGGT	1
178	177	4	CCGGAACTGAAACGACCGAGGGTA	1
179	178	4	CGGAACTGAAACGACCGAGGGTAC	1
180	179	4	GGAACTGAAACGACCGAGGGTACT	1
181	180	4	GAACTGAAACGACCGAGGGTACTG	1
182	181	4	AACTGAAACGACCGAGGGTACTGC	1
183	182	4	ACTGAAACGACCGAGGGTACTGCT	1
184	183	5	CTGAAACGACCGAGGGTACTGCTA	1
185	184	5	TGAAACGACCGAGGGTACTGCTAC	1
186	185	5	GAAACGACCGAGGGTACTGCTACT	1
187	186	5	AAACGACCGAGGGTACTGCTACTT	1
188	187	5	AACGACCGAGGGTACTGCTACTTA	1
189	188	5	ACGACCGAGGGTACTGCTACTTAC	1
190	189	5	CGACCGAGGGTACTGCTACTTACA	1
191	190	5	GACCGAGGGTACTGCTACTTACAC	1
192	191	5	ACCGAGGGTACTGCTACTTACACT	1
193	192	5	CCGAGGGTACTGCTACTTACACTG	1
194	193	5	CGAGGGTACTGCTACTTACACTGA	1
195	194	5	GAGGGTACTGCTACTTACACTGAG	1
196	195	5	AGGGTACTGCTACTTACACTGAGC	1
197	196	4	GGGTACTGCTACTTACACTGAGCC	1
198	197	4	GGTACTGCTACTTACACTGAGCCT	1
199	198	4	GTACTGCTACTTACACTGAGCCTA	1
200	199	4	TACTGCTACTTACACTGAGCCTAC	1
201	200	4	ACTGCTACTTACACTGAGCCTACC	1
202	201	4	CTGCTACTTACACTGAGCCTACCA	1
203	202	4	TGCTACTTACACTGAGCCTACCAC	1
204	203	4	GCTACTTACACTGAGCCTACCACA	1
205	204	4	CTACTTACACTGAGCCTACCACAT	1
206	205	4	TACTTACACTGAGCCTACCACATT	1
207	206	4	ACTTACACTGAGCCTACCACATTC	1
208	207	3	CTTACACTGAGCCTACCACATTCA	1
209	208	3	TTACACTGAGCCTACCACATTCAC	1
210	209	3	TACACTGAGCCTACCACATTCACC	1
211	210	3	ACACTGAGCCTACCACATTCACCA	1
212	211	3	CACTGAGCCTACCACATTCACCAG	1
213	212	3	ACTGAGCCTACCACATTCACCAGT	1
214	213	3	CTGAGCCTACCACATTCACCAGTA	1
215	214	2	TGAGCCTACCACATTCACCAGTAC	1
216	215	2	GAGCCTACCACATTCACCAGTACC	1
217	216	2	AGCCTACCACATTCACCAGTACCT	1
218	217	2	GCCTACCACATTCACCAGTACCTT	1
219	218	2	CCTACCACATTCACCAGTACCTTC	1
220	219	2	CTACCACATTCACCAGTACCTTCT	1
221	220	1	TACCACATTCACCAGTACCTTCTC	1
222	221	1	ACCACATTCACCAGTACCTTCTCC	1
223	222	1	CCACATTCACCAGTACCTTCTCCT	1
224	223	1	CACATTCACCAGTACCTTCTCCTT	1
225	224	1	ACATTCACCAGTACCTTCTCCTTC	1
226	225	1	CATTCACCAGTACCTTCTCCTTCA	1
227	226	1	ATTCACCAGTACCTTCTCCTTCAC	1
228	-1	0	GCAGCATCATCCCTACTGAAACCT	1
229	228	1	CAGCATCATCCCTACTGAAACCTT	1
230	229	1	AGCATCATCCCTACTGAAACCTTT	1
231	230	1	GCATCATCCCTACTGAAACCTTTG	1
232	231	1	CATCATCCCTACTGAAACCTTTGG	1
233	232	1	ATCATCCCTACTGAAACCTTTGGT	1
234	233	1	TCATCCCTACTGAAACCTTTGGTT	1
235	234	1	CATCCCTACTGAAACCTTTGGTTC	1
236	235	1	ATCCCTACTGAAACCTTTGGTTCT	1
237	236	1	TCCCTACTGAAACCTTTGGTTCTA	1
238	237	1	CCCTACTGAAACCTTTGGTTCTAC	1
239	238	1	CCTACTGAAACCTTTGGTTCTACT	1
240	239	1	CTACTGAAACCTTTGGTTCTACTT	1
241	240	1	TACTGAAACCTTTGGTTCTACTTC	1
242	241	1	ACTGAAACCTTTGGTTCTACTTCT	1
243	242	1	CTGAAACCTTTGGTTCTACTTCTG	1
244	243	2	TGAAACCTTTGGTTCTACTTCTGG	1
245	244	2	GAAACCTTTGGTTCTACTTCTGGT	1
246	245	2	AAACCTTTGGTTCTACTTCTGGTT	1
247	246	2	AACCTTTGGTTCTACTTCTGGTTC	1
248	247	2	ACCTTTGGTTCTACTTCTGGTTCT	1
249	248	2	CCTTTGGTTCTACTTCTGGTTCTG	1
250	249	2	CTTTGGTTCTACTTCTGGTTCTGC	1
251	250	2	TTTGGTTCTACTTCTGGTTCTGCA	1
252	251	2	TTGGTTCTACTTCTGGTTCTGCAA	1
253	252	2	TGGTTCTACTTCTGGTTCTGCAAC	1
254	253	3	GGTTCTACTTCTGGTTCTGCAACC	1
255	254	3	GTTCTACTTCTGGTTCTGCAACCG	1
256	255	3	TTCTACTTCTGGTTCTGCAACCGG	1
257	256	3	TCTACTTCTGGTTCTGCAACCGGT	1
258	257	3	CTACTTCTGGTTCTGCAACCGGTA	1
259	258	3	TACTTCTGGTTCTGCAACCGGTAC	1
260	259	3	ACTTCTGGTTCTGCAACCGGTACT	1
261	260	3	CTTCTGGTTCTGCAACCGGTACTC	1
262	261	3	TTCTGGTTCTGCAACCGGTACTCG	1
263	262	3	TCTGGTTCTGCAACCGGTACTCGT	1
264	263	3	CTGGTTCTGCAACCGGTACTCGTC	1
265	264	3	TGGTTCTGCAACCGGTACTCGTCC	1
266	265	4	GGTTCTGCAACCGGTACTCGTCCC	1
267	266	4	GTTCTGCAACCGGTACTCGTCCCA	1
268	267	4	TTCTGCAACCGGTACTCGTCCCAC	1
269	268	4	TCTGCAACCGGTACTCGTCCCACT	1
270	269	4	CTGCAACCGGTACTCGTCCCACTG	1
271	270	4	TGCAACCGGTACTCGTCCCACTGG	1
272	271	4	GCAACCGGTACTCGTCCCACTGGA	1
273	272	3	CAACCGGTACTCGTCCCACTGGAA	1
274	273	3	AACCGGTACTCGTCCCACTGGAAG	1
275	274	3	ACCGGTACTCGTCCCACTGGAAGT	1
276	275	3	CCGGTACTCGTCCCACTGGAAGTT	1
277	276	3	CGGTACTCGTCCCACTGGAAGTTC	1
278	277	3	GGTACTCGTCCCACTGGAAGTTCC	1
279	278	3	GTACTCGTCCCACTGGAAGTTCCT	1
280	279	3	TACTCGTCCCACTGGAAGTTCCTC	1
281	280	3	ACTCGTCCCACTGGAAGTTCCTCT	1
282	281	3	CTCGTCCCACTGGAAGTTCCTCTC	1
283	282	3	TCGTCCCACTGGAAGTTCCTCTCA	1
284	283	3	CGTCCCACTGGAAGTTCCTCTCAG	1
285	284	3	GTCCCACTGGAAGTTCCTCTCAGG	1
286	285	3	TCCCACTGGAAGTTCCTCTCAGGG	1
287	286	3	CCCACTGGAAGTTCCTCTCAGGGC	1
288	287	2	CCACTGGAAGTTCCTCTCAGGGCA	1
289	288	2	CACTGGAAGTTCCTCTCAGGGCAG	1
290	289	2	ACTGGAAGTTCCTCTCAGGGCAGT	1
291	290	2	CTGGAAGTTCCTCTCAGGGCAGTG	1
292	291	2	TGGAAGTTCCTCTCAGGGCAGTGT	1
293	292	2	GGAAGTTCCTCTCAGGGCAGTGTC	1
294	293	2	GAAGTTCCTCTCAGGGCAGTGTCG	1
295	294	2	AAGTTCCTCTCAGGGCAGTGTCGT	1
296	295	2	AGTTCCTCTCAGGGCAGTGTCGTT	1
297	296	2	GTTCCTCTCAGGGCAGTGTCGTTC	1
298	297	1	TTCCTCTCAGGGCAGTGTCGTTCC	1
299	298	1	TCCTCTCAGGGCAGTGTCGTTCCT	1
300	299	1	CCTCTCAGGGCAGTGTCGTTCCTA	1
301	300	1	CTCTCAGGGCAGTGTCGTTCCTAC	1
302	301	1	TCTCAGGGCAGTGTCGTTCCTACC	1
303	302	1	CTCAGGGCAGTGTCGTTCCTACCA	1
304	303	1	TCAGGGCAGTGTCGTTCCTACCAC	1
305	304	1	CAGGGCAGTGTCGTTCCTACCACT	1
306	305	1	AGGGCAGTGTCGTTCCTACCACTA	1
307	306	1	GGGCAGTGTCGTTCCTACCACTAG	1
308	307	1	GGCAGTGTCGTTCCTACCACTAGT	1
309	308	1	GCAGTGTCGTTCCTACCACTAGTA	1
