Component 33
1	-1	0	GCTAAGTACGACGAAAGCCGTCGT	1
2	1	1	CTAAGTACGACGAAAGCCGTCGTA	1
3	2	1	TAAGTACGACGAAAGCCGTCGTAA	1
4	3	2	AAGTACGACGAAAGCCGTCGTAAG	1
5	4	2	AGTACGACGAAAGCCGTCGTAAGT	1
6	5	2	GTACGACGAAAGCCGTCGTAAGTG	1
7	6	2	TACGACGAAAGCCGTCGTAAGTGG	1
8	7	2	ACGACGAAAGCCGTCGTAAGTGGG	1
9	8	2	CGACGAAAGCCGTCGTAAGTGGGG	1
10	9	2	GACGAAAGCCGTCGTAAGTGGGGT	1
11	10	2	ACGAAAGCCGTCGTAAGTGGGGTG	1
12	11	2	CGAAAGCCGTCGTAAGTGGGGTGG	1
13	12	2	GAAAGCCGTCGTAAGTGGGGTGGT	1
14	13	2	AAAGCCGTCGTAAGTGGGGTGGTG	1
15	14	2	AAGCCGTCGTAAGTGGGGTGGTGG	1
16	15	2	AGCCGTCGTAAGTGGGGTGGTGGT	1
17	16	2	GCCGTCGTAAGTGGGGTGGTGGTA	1
18	17	2	CCGTCGTAAGTGGGGTGGTGGTAT	1
19	18	2	CGTCGTAAGTGGGGTGGTGGTATC	1
20	19	2	GTCGTAAGTGGGGTGGTGGTATCA	1
21	20	2	TCGTAAGTGGGGTGGTGGTATCAT	1
22	21	2	CGTAAGTGGGGTGGTGGTATCATG	1
23	22	2	GTAAGTGGGGTGGTGGTATCATGG	1
24	23	3	TAAGTGGGGTGGTGGTATCATGGG	1
25	24	4	AAGTGGGGTGGTGGTATCATGGGT	1
26	25	4	AGTGGGGTGGTGGTATCATGGGTG	1
27	26	4	GTGGGGTGGTGGTATCATGGGTGG	1
28	27	4	TGGGGTGGTGGTATCATGGGTGGT	1
29	28	5	GGGGTGGTGGTATCATGGGTGGTA	1
30	29	5	GGGTGGTGGTATCATGGGTGGTAA	1
31	30	5	GGTGGTGGTATCATGGGTGGTAAG	1
32	31	5	GTGGTGGTATCATGGGTGGTAAGA	1
33	32	5	TGGTGGTATCATGGGTGGTAAGAC	1
34	33	5	GGTGGTATCATGGGTGGTAAGACC	1
35	34	5	GTGGTATCATGGGTGGTAAGACCC	1
36	35	5	TGGTATCATGGGTGGTAAGACCCA	1
37	36	5	GGTATCATGGGTGGTAAGACCCAA	1
38	37	5	GTATCATGGGTGGTAAGACCCAAG	1
39	38	5	TATCATGGGTGGTAAGACCCAAGC	1
40	39	5	ATCATGGGTGGTAAGACCCAAGCT	1
41	40	5	TCATGGGTGGTAAGACCCAAGCTT	1
42	41	5	CATGGGTGGTAAGACCCAAGCTTT	1
43	42	5	ATGGGTGGTAAGACCCAAGCTTTG	1
44	43	5	TGGGTGGTAAGACCCAAGCTTTGC	1
45	44	5	GGGTGGTAAGACCCAAGCTTTGCT	1
46	45	4	GGTGGTAAGACCCAAGCTTTGCTC	1
47	46	4	GTGGTAAGACCCAAGCTTTGCTCG	1
48	47	3	TGGTAAGACCCAAGCTTTGCTCGC	1
49	48	3	GGTAAGACCCAAGCTTTGCTCGCT	1
50	49	3	GTAAGACCCAAGCTTTGCTCGCTA	1
51	50	3	TAAGACCCAAGCTTTGCTCGCTAA	1
52	51	3	AAGACCCAAGCTTTGCTCGCTAAG	1
53	52	3	AGACCCAAGCTTTGCTCGCTAAGC	1
54	53	3	GACCCAAGCTTTGCTCGCTAAGCG	1
55	54	3	ACCCAAGCTTTGCTCGCTAAGCGT	1
56	55	3	CCCAAGCTTTGCTCGCTAAGCGTG	1
57	56	3	CCAAGCTTTGCTCGCTAAGCGTGC	1
58	57	3	CAAGCTTTGCTCGCTAAGCGTGCT	1
59	58	3	AAGCTTTGCTCGCTAAGCGTGCTA	1
60	59	3	AGCTTTGCTCGCTAAGCGTGCTAA	1
61	60	3	GCTTTGCTCGCTAAGCGTGCTAAG	1
62	61	3	CTTTGCTCGCTAAGCGTGCTAAGG	1
63	62	3	TTTGCTCGCTAAGCGTGCTAAGGC	1
64	63	3	TTGCTCGCTAAGCGTGCTAAGGCT	1
65	64	3	TGCTCGCTAAGCGTGCTAAGGCTG	1
66	65	3	GCTCGCTAAGCGTGCTAAGGCTGC	1
67	66	3	CTCGCTAAGCGTGCTAAGGCTGCT	1
68	67	2	TCGCTAAGCGTGCTAAGGCTGCTG	1
69	68	1	CGCTAAGCGTGCTAAGGCTGCTGC	1
70	69	1	GCTAAGCGTGCTAAGGCTGCTGCC	1
71	70	2	CTAAGCGTGCTAAGGCTGCTGCCG	1
72	71	2	TAAGCGTGCTAAGGCTGCTGCCGC	1
73	72	1	AAGCGTGCTAAGGCTGCTGCCGCT	1
74	73	1	AGCGTGCTAAGGCTGCTGCCGCTA	1
75	74	1	GCGTGCTAAGGCTGCTGCCGCTAC	1
76	75	1	CGTGCTAAGGCTGCTGCCGCTACT	1
77	76	1	GTGCTAAGGCTGCTGCCGCTACTG	1
78	77	1	TGCTAAGGCTGCTGCCGCTACTGT	1
79	78	1	GCTAAGGCTGCTGCCGCTACTGTT	1
80	79	1	CTAAGGCTGCTGCCGCTACTGTTC	1
81	80	1	TAAGGCTGCTGCCGCTACTGTTCG	1
82	81	1	AAGGCTGCTGCCGCTACTGTTCGT	1
83	82	1	AGGCTGCTGCCGCTACTGTTCGTC	1
84	83	1	GGCTGCTGCCGCTACTGTTCGTCT	1
85	84	1	GCTGCTGCCGCTACTGTTCGTCTC	1
86	85	1	CTGCTGCCGCTACTGTTCGTCTCT	1
87	86	1	TGCTGCCGCTACTGTTCGTCTCTA	1
88	87	1	GCTGCCGCTACTGTTCGTCTCTAG	1
89	88	1	CTGCCGCTACTGTTCGTCTCTAGA	1
90	89	1	TGCCGCTACTGTTCGTCTCTAGAT	1
91	90	5	GCCGCTACTGTTCGTCTCTAGATA	1
92	91	5	CCGCTACTGTTCGTCTCTAGATAA	1
93	92	5	CGCTACTGTTCGTCTCTAGATAAA	1
94	93	5	GCTACTGTTCGTCTCTAGATAAAT	1
95	94	5	CTACTGTTCGTCTCTAGATAAATT	1
96	95	5	TACTGTTCGTCTCTAGATAAATTC	1
97	96	5	ACTGTTCGTCTCTAGATAAATTCA	1
98	97	5	CTGTTCGTCTCTAGATAAATTCAT	1
99	98	5	TGTTCGTCTCTAGATAAATTCATC	1
100	99	5	GTTCGTCTCTAGATAAATTCATCT	1
101	100	5	TTCGTCTCTAGATAAATTCATCTG	1
102	101	5	TCGTCTCTAGATAAATTCATCTGG	1
103	102	5	CGTCTCTAGATAAATTCATCTGGA	1
104	103	5	GTCTCTAGATAAATTCATCTGGAT	1
105	104	5	TCTCTAGATAAATTCATCTGGATT	1
106	105	5	CTCTAGATAAATTCATCTGGATTG	1
107	106	5	TCTAGATAAATTCATCTGGATTGA	1
108	107	5	CTAGATAAATTCATCTGGATTGAA	1
109	108	6	TAGATAAATTCATCTGGATTGAAA	1
110	109	6	AGATAAATTCATCTGGATTGAAAA	1
111	110	6	GATAAATTCATCTGGATTGAAAAT	1
112	111	6	ATAAATTCATCTGGATTGAAAATG	1
113	112	6	TAAATTCATCTGGATTGAAAATGG	1
114	113	5	AAATTCATCTGGATTGAAAATGGA	1
115	114	4	AATTCATCTGGATTGAAAATGGAA	1
116	115	4	ATTCATCTGGATTGAAAATGGAAA	1
117	116	4	TTCATCTGGATTGAAAATGGAAAT	1
118	117	4	TCATCTGGATTGAAAATGGAAATT	1
119	118	4	CATCTGGATTGAAAATGGAAATTC	1
120	119	4	ATCTGGATTGAAAATGGAAATTCT	1
121	120	4	TCTGGATTGAAAATGGAAATTCTT	1
122	121	4	CTGGATTGAAAATGGAAATTCTTA	1
123	122	4	TGGATTGAAAATGGAAATTCTTAA	1
124	123	4	GGATTGAAAATGGAAATTCTTAAG	1
125	124	4	GATTGAAAATGGAAATTCTTAAGT	1
126	125	4	ATTGAAAATGGAAATTCTTAAGTT	1
127	126	4	TTGAAAATGGAAATTCTTAAGTTC	1
128	127	4	TGAAAATGGAAATTCTTAAGTTCT	1
129	128	4	GAAAATGGAAATTCTTAAGTTCTT	1
130	129	4	AAAATGGAAATTCTTAAGTTCTTT	1
131	130	4	AAATGGAAATTCTTAAGTTCTTTT	1
132	131	4	AATGGAAATTCTTAAGTTCTTTTG	1
133	132	4	ATGGAAATTCTTAAGTTCTTTTGG	1
134	133	5	TGGAAATTCTTAAGTTCTTTTGGG	1
135	134	2	GGAAATTCTTAAGTTCTTTTGGGA	1
136	135	2	GAAATTCTTAAGTTCTTTTGGGAG	1
137	136	2	AAATTCTTAAGTTCTTTTGGGAGA	1
138	137	2	AATTCTTAAGTTCTTTTGGGAGAA	1
139	138	2	ATTCTTAAGTTCTTTTGGGAGAAG	1
140	139	2	TTCTTAAGTTCTTTTGGGAGAAGT	1
141	140	2	TCTTAAGTTCTTTTGGGAGAAGTT	1
142	141	2	CTTAAGTTCTTTTGGGAGAAGTTT	1
143	142	2	TTAAGTTCTTTTGGGAGAAGTTTA	1
144	143	2	TAAGTTCTTTTGGGAGAAGTTTAT	1
145	144	2	AAGTTCTTTTGGGAGAAGTTTATA	1
146	145	2	AGTTCTTTTGGGAGAAGTTTATAA	1
147	146	2	GTTCTTTTGGGAGAAGTTTATAAT	1
148	147	2	TTCTTTTGGGAGAAGTTTATAATT	1
149	148	2	TCTTTTGGGAGAAGTTTATAATTG	1
150	149	2	CTTTTGGGAGAAGTTTATAATTGG	1
151	150	1	TTTTGGGAGAAGTTTATAATTGGC	1
152	151	1	TTTGGGAGAAGTTTATAATTGGCG	1
153	152	1	TTGGGAGAAGTTTATAATTGGCGT	1
154	153	1	TGGGAGAAGTTTATAATTGGCGTG	1
155	154	1	GGGAGAAGTTTATAATTGGCGTGT	1
156	155	1	GGAGAAGTTTATAATTGGCGTGTT	1
157	156	1	GAGAAGTTTATAATTGGCGTGTTA	1
158	157	1	AGAAGTTTATAATTGGCGTGTTAT	1
159	158	1	GAAGTTTATAATTGGCGTGTTATG	1
160	159	1	AAGTTTATAATTGGCGTGTTATGT	1
161	160	1	AGTTTATAATTGGCGTGTTATGTA	1
162	161	1	GTTTATAATTGGCGTGTTATGTAG	1
163	162	1	TTTATAATTGGCGTGTTATGTAGT	1
164	163	1	TTATAATTGGCGTGTTATGTAGTT	1
165	164	1	TATAATTGGCGTGTTATGTAGTTA	1
166	165	1	ATAATTGGCGTGTTATGTAGTTAA	1
167	166	1	TAATTGGCGTGTTATGTAGTTAAT	1
168	167	1	AATTGGCGTGTTATGTAGTTAATC	1
169	168	1	ATTGGCGTGTTATGTAGTTAATCA	1
170	169	1	TTGGCGTGTTATGTAGTTAATCAA	1
171	170	1	TGGCGTGTTATGTAGTTAATCAAT	1
172	171	1	GGCGTGTTATGTAGTTAATCAATG	1
173	172	1	GCGTGTTATGTAGTTAATCAATGA	1
174	173	1	CGTGTTATGTAGTTAATCAATGAC	1
175	174	1	GTGTTATGTAGTTAATCAATGACG	1
176	175	1	TGTTATGTAGTTAATCAATGACGC	1
177	176	1	GTTATGTAGTTAATCAATGACGCG	1
178	-1	0	CCAAAAATGGCACCCAAGTCTAAA	1
179	178	2	CAAAAATGGCACCCAAGTCTAAAA	1
180	179	5	AAAAATGGCACCCAAGTCTAAAAA	1
181	180	6	AAAATGGCACCCAAGTCTAAAAAG	1
182	181	8	AAATGGCACCCAAGTCTAAAAAGG	1
183	182	8	AATGGCACCCAAGTCTAAAAAGGT	1
184	183	8	ATGGCACCCAAGTCTAAAAAGGTC	1
185	184	9	TGGCACCCAAGTCTAAAAAGGTCG	1
186	185	9	GGCACCCAAGTCTAAAAAGGTCGC	1
187	186	10	GCACCCAAGTCTAAAAAGGTCGCA	1
188	187	10	CACCCAAGTCTAAAAAGGTCGCAC	1
189	188	10	ACCCAAGTCTAAAAAGGTCGCACC	1
190	189	10	CCCAAGTCTAAAAAGGTCGCACCC	1
191	190	19	CCAAGTCTAAAAAGGTCGCACCCT	1
192	191	20	CAAGTCTAAAAAGGTCGCACCCTC	1
193	192	21	AAGTCTAAAAAGGTCGCACCCTCA	1
194	193	21	AGTCTAAAAAGGTCGCACCCTCAC	1
195	194	21	GTCTAAAAAGGTCGCACCCTCACC	1
196	195	21	TCTAAAAAGGTCGCACCCTCACCT	1
197	196	21	CTAAAAAGGTCGCACCCTCACCTT	1
198	197	22	TAAAAAGGTCGCACCCTCACCTTT	1
199	198	23	AAAAAGGTCGCACCCTCACCTTTT	1
200	199	23	AAAAGGTCGCACCCTCACCTTTTG	1
201	200	23	AAAGGTCGCACCCTCACCTTTTGC	1
202	201	24	AAGGTCGCACCCTCACCTTTTGCT	1
203	202	26	AGGTCGCACCCTCACCTTTTGCTC	1
204	203	26	GGTCGCACCCTCACCTTTTGCTCA	1
205	204	27	GTCGCACCCTCACCTTTTGCTCAG	1
206	205	29	TCGCACCCTCACCTTTTGCTCAGC	1
207	206	29	CGCACCCTCACCTTTTGCTCAGCC	1
208	207	29	GCACCCTCACCTTTTGCTCAGCCT	1
209	208	29	CACCCTCACCTTTTGCTCAGCCTA	1
210	209	30	ACCCTCACCTTTTGCTCAGCCTAA	1
211	210	30	CCCTCACCTTTTGCTCAGCCTAAG	1
212	211	30	CCTCACCTTTTGCTCAGCCTAAGG	1
213	212	30	CTCACCTTTTGCTCAGCCTAAGGC	1
214	213	30	TCACCTTTTGCTCAGCCTAAGGCT	1
215	214	30	CACCTTTTGCTCAGCCTAAGGCTG	1
216	215	29	ACCTTTTGCTCAGCCTAAGGCTGC	1
217	216	29	CCTTTTGCTCAGCCTAAGGCTGCA	1
218	217	29	CTTTTGCTCAGCCTAAGGCTGCAA	1
219	218	30	TTTTGCTCAGCCTAAGGCTGCAAA	1
220	219	32	TTTGCTCAGCCTAAGGCTGCAAAA	1
221	220	32	TTGCTCAGCCTAAGGCTGCAAAAA	1
222	221	32	TGCTCAGCCTAAGGCTGCAAAAAC	1
223	222	30	GCTCAGCCTAAGGCTGCAAAAACT	1
224	223	28	CTCAGCCTAAGGCTGCAAAAACTA	1
225	224	27	TCAGCCTAAGGCTGCAAAAACTAC	1
226	225	25	CAGCCTAAGGCTGCAAAAACTACT	1
227	226	25	AGCCTAAGGCTGCAAAAACTACTA	1
228	227	25	GCCTAAGGCTGCAAAAACTACTAA	1
229	228	24	CCTAAGGCTGCAAAAACTACTAAG	1
230	229	24	CTAAGGCTGCAAAAACTACTAAGA	1
231	230	23	TAAGGCTGCAAAAACTACTAAGAA	1
232	231	23	AAGGCTGCAAAAACTACTAAGAAC	1
233	232	23	AGGCTGCAAAAACTACTAAGAACC	1
234	233	23	GGCTGCAAAAACTACTAAGAACCC	1
235	234	14	GCTGCAAAAACTACTAAGAACCCT	1
236	235	13	CTGCAAAAACTACTAAGAACCCTT	1
237	236	12	TGCAAAAACTACTAAGAACCCTTT	1
238	237	13	GCAAAAACTACTAAGAACCCTTTG	1
239	238	13	CAAAAACTACTAAGAACCCTTTGT	1
240	239	13	AAAAACTACTAAGAACCCTTTGTT	1
241	240	15	AAAACTACTAAGAACCCTTTGTTC	1
242	241	14	AAACTACTAAGAACCCTTTGTTCG	1
243	242	13	AACTACTAAGAACCCTTTGTTCGT	1
244	243	13	ACTACTAAGAACCCTTTGTTCGTG	1
245	244	13	CTACTAAGAACCCTTTGTTCGTGA	1
246	245	12	TACTAAGAACCCTTTGTTCGTGAG	1
247	246	10	ACTAAGAACCCTTTGTTCGTGAGC	1
248	247	10	CTAAGAACCCTTTGTTCGTGAGCC	1
249	248	9	TAAGAACCCTTTGTTCGTGAGCCG	1
250	249	7	AAGAACCCTTTGTTCGTGAGCCGT	1
251	250	7	AGAACCCTTTGTTCGTGAGCCGTC	1
252	251	7	GAACCCTTTGTTCGTGAGCCGTCC	1
253	252	7	AACCCTTTGTTCGTGAGCCGTCCC	1
254	253	6	ACCCTTTGTTCGTGAGCCGTCCCC	1
255	254	6	CCCTTTGTTCGTGAGCCGTCCCCG	1
256	255	6	CCTTTGTTCGTGAGCCGTCCCCGT	1
257	256	6	CTTTGTTCGTGAGCCGTCCCCGTT	1
258	257	7	TTTGTTCGTGAGCCGTCCCCGTTC	1
259	258	7	TTGTTCGTGAGCCGTCCCCGTTCC	1
260	259	7	TGTTCGTGAGCCGTCCCCGTTCCT	1
261	260	7	GTTCGTGAGCCGTCCCCGTTCCTT	1
262	261	7	TTCGTGAGCCGTCCCCGTTCCTTT	1
263	262	7	TCGTGAGCCGTCCCCGTTCCTTTG	1
264	263	5	CGTGAGCCGTCCCCGTTCCTTTGG	1
265	264	5	GTGAGCCGTCCCCGTTCCTTTGGT	1
266	265	6	TGAGCCGTCCCCGTTCCTTTGGTA	1
267	266	6	GAGCCGTCCCCGTTCCTTTGGTAT	1
268	267	5	AGCCGTCCCCGTTCCTTTGGTATT	1
269	268	5	GCCGTCCCCGTTCCTTTGGTATTG	1
270	269	5	CCGTCCCCGTTCCTTTGGTATTGG	1
271	270	5	CGTCCCCGTTCCTTTGGTATTGGA	1
272	271	5	GTCCCCGTTCCTTTGGTATTGGAC	1
273	272	5	TCCCCGTTCCTTTGGTATTGGACA	1
274	273	5	CCCCGTTCCTTTGGTATTGGACAA	1
275	274	5	CCCGTTCCTTTGGTATTGGACAAG	1
276	275	5	CCGTTCCTTTGGTATTGGACAAGA	1
277	276	5	CGTTCCTTTGGTATTGGACAAGAC	1
278	277	6	GTTCCTTTGGTATTGGACAAGACA	1
279	278	6	TTCCTTTGGTATTGGACAAGACAT	1
280	279	6	TCCTTTGGTATTGGACAAGACATC	1
281	280	6	CCTTTGGTATTGGACAAGACATCC	1
282	281	5	CTTTGGTATTGGACAAGACATCCA	1
283	282	5	TTTGGTATTGGACAAGACATCCAA	1
284	283	4	TTGGTATTGGACAAGACATCCAAC	1
285	284	3	TGGTATTGGACAAGACATCCAACC	1
286	285	3	GGTATTGGACAAGACATCCAACCT	1
287	286	3	GTATTGGACAAGACATCCAACCTA	1
288	287	3	TATTGGACAAGACATCCAACCTAA	1
289	288	3	ATTGGACAAGACATCCAACCTAAG	1
290	289	3	TTGGACAAGACATCCAACCTAAGC	1
291	290	3	TGGACAAGACATCCAACCTAAGCG	1
292	291	3	GGACAAGACATCCAACCTAAGCGT	1
293	292	3	GACAAGACATCCAACCTAAGCGTG	1
294	293	3	ACAAGACATCCAACCTAAGCGTGA	1
295	294	3	CAAGACATCCAACCTAAGCGTGAC	1
296	295	3	AAGACATCCAACCTAAGCGTGACT	1
297	296	4	AGACATCCAACCTAAGCGTGACTT	1
298	297	4	GACATCCAACCTAAGCGTGACTTG	1
299	298	6	ACATCCAACCTAAGCGTGACTTGA	1
300	299	6	CATCCAACCTAAGCGTGACTTGAG	1
301	300	6	ATCCAACCTAAGCGTGACTTGAGC	1
302	301	5	TCCAACCTAAGCGTGACTTGAGCC	1
303	302	5	CCAACCTAAGCGTGACTTGAGCCG	1
304	303	5	CAACCTAAGCGTGACTTGAGCCGT	1
305	304	6	AACCTAAGCGTGACTTGAGCCGTT	1
306	305	6	ACCTAAGCGTGACTTGAGCCGTTT	1
307	306	7	CCTAAGCGTGACTTGAGCCGTTTT	1
308	307	7	CTAAGCGTGACTTGAGCCGTTTTG	1
309	308	7	TAAGCGTGACTTGAGCCGTTTTGT	1
310	309	6	AAGCGTGACTTGAGCCGTTTTGTT	1
311	310	6	AGCGTGACTTGAGCCGTTTTGTTA	1
312	311	6	GCGTGACTTGAGCCGTTTTGTTAA	1
313	312	6	CGTGACTTGAGCCGTTTTGTTAAG	1
314	313	7	GTGACTTGAGCCGTTTTGTTAAGT	1
315	314	7	TGACTTGAGCCGTTTTGTTAAGTG	1
316	315	7	GACTTGAGCCGTTTTGTTAAGTGG	1
317	316	7	ACTTGAGCCGTTTTGTTAAGTGGC	1
318	317	8	CTTGAGCCGTTTTGTTAAGTGGCC	1
319	318	8	TTGAGCCGTTTTGTTAAGTGGCCT	1
320	319	8	TGAGCCGTTTTGTTAAGTGGCCTG	1
321	320	8	GAGCCGTTTTGTTAAGTGGCCTGA	1
322	321	7	AGCCGTTTTGTTAAGTGGCCTGAG	1
323	322	7	GCCGTTTTGTTAAGTGGCCTGAGT	1
324	323	7	CCGTTTTGTTAAGTGGCCTGAGTA	1
325	324	7	CGTTTTGTTAAGTGGCCTGAGTAT	1
326	325	7	GTTTTGTTAAGTGGCCTGAGTATA	1
327	326	8	TTTTGTTAAGTGGCCTGAGTATAT	1
328	327	8	TTTGTTAAGTGGCCTGAGTATATC	1
329	328	9	TTGTTAAGTGGCCTGAGTATATCC	1
330	329	9	TGTTAAGTGGCCTGAGTATATCCG	1
331	330	9	GTTAAGTGGCCTGAGTATATCCGC	1
332	331	12	TTAAGTGGCCTGAGTATATCCGCC	1
333	332	12	TAAGTGGCCTGAGTATATCCGCCT	1
334	333	13	AAGTGGCCTGAGTATATCCGCCTT	1
335	334	13	AGTGGCCTGAGTATATCCGCCTTC	1
336	335	13	GTGGCCTGAGTATATCCGCCTTCA	1
337	336	13	TGGCCTGAGTATATCCGCCTTCAA	1
338	337	15	GGCCTGAGTATATCCGCCTTCAAC	1
339	338	19	GCCTGAGTATATCCGCCTTCAACG	1
340	339	19	CCTGAGTATATCCGCCTTCAACGC	1
341	340	18	CTGAGTATATCCGCCTTCAACGCC	1
342	341	19	TGAGTATATCCGCCTTCAACGCCG	1
343	342	17	GAGTATATCCGCCTTCAACGCCGT	1
344	343	17	AGTATATCCGCCTTCAACGCCGTC	1
345	344	18	GTATATCCGCCTTCAACGCCGTCG	1
346	345	18	TATATCCGCCTTCAACGCCGTCGC	1
347	346	18	ATATCCGCCTTCAACGCCGTCGCA	1
348	347	18	TATCCGCCTTCAACGCCGTCGCAA	1
349	348	17	ATCCGCCTTCAACGCCGTCGCAAG	1
350	349	17	TCCGCCTTCAACGCCGTCGCAAGA	1
351	350	18	CCGCCTTCAACGCCGTCGCAAGAT	1
352	351	18	CGCCTTCAACGCCGTCGCAAGATT	1
353	352	18	GCCTTCAACGCCGTCGCAAGATTT	1
354	353	20	CCTTCAACGCCGTCGCAAGATTTT	1
355	354	21	CTTCAACGCCGTCGCAAGATTTTG	1
356	355	22	TTCAACGCCGTCGCAAGATTTTGA	1
357	356	23	TCAACGCCGTCGCAAGATTTTGAA	1
358	357	22	CAACGCCGTCGCAAGATTTTGAAC	1
359	358	22	AACGCCGTCGCAAGATTTTGAACT	1
360	359	22	ACGCCGTCGCAAGATTTTGAACTT	1
361	360	22	CGCCGTCGCAAGATTTTGAACTTG	1
362	361	21	GCCGTCGCAAGATTTTGAACTTGC	1
363	362	24	CCGTCGCAAGATTTTGAACTTGCG	1
364	363	25	CGTCGCAAGATTTTGAACTTGCGT	1
365	364	25	GTCGCAAGATTTTGAACTTGCGTT	1
366	365	25	TCGCAAGATTTTGAACTTGCGTTT	1
367	366	25	CGCAAGATTTTGAACTTGCGTTTG	1
368	367	25	GCAAGATTTTGAACTTGCGTTTGA	1
369	368	25	CAAGATTTTGAACTTGCGTTTGAA	1
370	369	25	AAGATTTTGAACTTGCGTTTGAAG	1
371	370	26	AGATTTTGAACTTGCGTTTGAAGG	1
372	371	27	GATTTTGAACTTGCGTTTGAAGGT	1
373	372	26	ATTTTGAACTTGCGTTTGAAGGTT	1
374	373	28	TTTTGAACTTGCGTTTGAAGGTTC	1
375	374	28	TTTGAACTTGCGTTTGAAGGTTCC	1
376	375	25	TTGAACTTGCGTTTGAAGGTTCCT	1
377	376	25	TGAACTTGCGTTTGAAGGTTCCTC	1
378	377	24	GAACTTGCGTTTGAAGGTTCCTCC	1
379	378	24	AACTTGCGTTTGAAGGTTCCTCCT	1
380	379	24	ACTTGCGTTTGAAGGTTCCTCCTG	1
381	380	24	CTTGCGTTTGAAGGTTCCTCCTGC	1
382	381	22	TTGCGTTTGAAGGTTCCTCCTGCC	1
383	382	18	TGCGTTTGAAGGTTCCTCCTGCCA	1
384	383	18	GCGTTTGAAGGTTCCTCCTGCCAT	1
385	384	18	CGTTTGAAGGTTCCTCCTGCCATT	1
386	385	17	GTTTGAAGGTTCCTCCTGCCATTG	1
387	386	17	TTTGAAGGTTCCTCCTGCCATTGC	1
388	387	18	TTGAAGGTTCCTCCTGCCATTGCT	1
389	388	17	TGAAGGTTCCTCCTGCCATTGCTC	1
390	389	17	GAAGGTTCCTCCTGCCATTGCTCA	1
391	390	17	AAGGTTCCTCCTGCCATTGCTCAG	1
392	391	17	AGGTTCCTCCTGCCATTGCTCAGT	1
393	392	17	GGTTCCTCCTGCCATTGCTCAGTT	1
394	393	18	GTTCCTCCTGCCATTGCTCAGTTC	1
395	394	17	TTCCTCCTGCCATTGCTCAGTTCC	1
396	395	16	TCCTCCTGCCATTGCTCAGTTCCA	1
397	396	16	CCTCCTGCCATTGCTCAGTTCCAG	1
398	397	14	CTCCTGCCATTGCTCAGTTCCAGA	1
399	398	12	TCCTGCCATTGCTCAGTTCCAGAA	1
400	399	12	CCTGCCATTGCTCAGTTCCAGAAG	1
401	400	12	CTGCCATTGCTCAGTTCCAGAAGA	1
402	401	12	TGCCATTGCTCAGTTCCAGAAGAC	1
403	402	12	GCCATTGCTCAGTTCCAGAAGACT	1
404	403	12	CCATTGCTCAGTTCCAGAAGACTT	1
405	404	12	CATTGCTCAGTTCCAGAAGACTTT	1
406	405	13	ATTGCTCAGTTCCAGAAGACTTTG	1
407	406	10	TTGCTCAGTTCCAGAAGACTTTGG	1
408	407	9	TGCTCAGTTCCAGAAGACTTTGGA	1
409	408	9	GCTCAGTTCCAGAAGACTTTGGAC	1
410	409	10	CTCAGTTCCAGAAGACTTTGGACA	1
411	410	10	TCAGTTCCAGAAGACTTTGGACAA	1
412	411	10	CAGTTCCAGAAGACTTTGGACAAA	1
413	412	11	AGTTCCAGAAGACTTTGGACAAAA	1
414	413	10	GTTCCAGAAGACTTTGGACAAAAA	1
415	414	9	TTCCAGAAGACTTTGGACAAAAAC	1
416	415	9	TCCAGAAGACTTTGGACAAAAACA	1
417	416	9	CCAGAAGACTTTGGACAAAAACAC	1
418	417	7	CAGAAGACTTTGGACAAAAACACT	1
419	418	7	AGAAGACTTTGGACAAAAACACTG	1
420	419	7	GAAGACTTTGGACAAAAACACTGC	1
421	420	7	AAGACTTTGGACAAAAACACTGCT	1
422	421	8	AGACTTTGGACAAAAACACTGCTA	1
423	422	8	GACTTTGGACAAAAACACTGCTAC	1
424	423	8	ACTTTGGACAAAAACACTGCTACT	1
425	424	9	CTTTGGACAAAAACACTGCTACTC	1
426	425	9	TTTGGACAAAAACACTGCTACTCA	1
427	426	9	TTGGACAAAAACACTGCTACTCAG	1
428	427	9	TGGACAAAAACACTGCTACTCAGG	1
429	428	9	GGACAAAAACACTGCTACTCAGGT	1
430	429	10	GACAAAAACACTGCTACTCAGGTC	1
431	430	10	ACAAAAACACTGCTACTCAGGTCT	1
432	431	10	CAAAAACACTGCTACTCAGGTCTT	1
433	432	10	AAAAACACTGCTACTCAGGTCTTC	1
434	433	9	AAAACACTGCTACTCAGGTCTTCA	1
435	434	10	AAACACTGCTACTCAGGTCTTCAA	1
436	435	10	AACACTGCTACTCAGGTCTTCAAG	1
437	436	10	ACACTGCTACTCAGGTCTTCAAGT	1
438	437	10	CACTGCTACTCAGGTCTTCAAGTT	1
439	438	9	ACTGCTACTCAGGTCTTCAAGTTG	1
440	439	9	CTGCTACTCAGGTCTTCAAGTTGC	1
441	440	10	TGCTACTCAGGTCTTCAAGTTGCT	1
442	441	10	GCTACTCAGGTCTTCAAGTTGCTT	1
443	442	11	CTACTCAGGTCTTCAAGTTGCTTA	1
444	443	11	TACTCAGGTCTTCAAGTTGCTTAA	1
445	444	10	ACTCAGGTCTTCAAGTTGCTTAAC	1
446	445	10	CTCAGGTCTTCAAGTTGCTTAACA	1
447	446	11	TCAGGTCTTCAAGTTGCTTAACAA	1
448	447	11	CAGGTCTTCAAGTTGCTTAACAAG	1
449	448	11	AGGTCTTCAAGTTGCTTAACAAGT	1
450	449	11	GGTCTTCAAGTTGCTTAACAAGTA	1
451	450	12	GTCTTCAAGTTGCTTAACAAGTAC	1
452	451	12	TCTTCAAGTTGCTTAACAAGTACC	1
453	452	12	CTTCAAGTTGCTTAACAAGTACCG	1
454	453	12	TTCAAGTTGCTTAACAAGTACCGT	1
455	454	12	TCAAGTTGCTTAACAAGTACCGTC	1
456	455	12	CAAGTTGCTTAACAAGTACCGTCC	1
457	456	11	AAGTTGCTTAACAAGTACCGTCCT	1
458	457	11	AGTTGCTTAACAAGTACCGTCCTG	1
459	458	11	GTTGCTTAACAAGTACCGTCCTGA	1
460	459	11	TTGCTTAACAAGTACCGTCCTGAG	1
461	460	11	TGCTTAACAAGTACCGTCCTGAGA	1
462	461	11	GCTTAACAAGTACCGTCCTGAGAC	1
463	462	11	CTTAACAAGTACCGTCCTGAGACT	1
464	463	11	TTAACAAGTACCGTCCTGAGACTG	1
465	464	11	TAACAAGTACCGTCCTGAGACTGC	1
466	465	11	AACAAGTACCGTCCTGAGACTGCT	1
467	466	11	ACAAGTACCGTCCTGAGACTGCTG	1
468	467	11	CAAGTACCGTCCTGAGACTGCTGC	1
469	468	10	AAGTACCGTCCTGAGACTGCTGCT	1
470	469	10	AGTACCGTCCTGAGACTGCTGCTG	1
471	470	10	GTACCGTCCTGAGACTGCTGCTGA	1
472	471	10	TACCGTCCTGAGACTGCTGCTGAA	1
473	472	10	ACCGTCCTGAGACTGCTGCTGAAA	1
474	473	9	CCGTCCTGAGACTGCTGCTGAAAA	1
475	474	10	CGTCCTGAGACTGCTGCTGAAAAG	1
476	475	10	GTCCTGAGACTGCTGCTGAAAAGA	1
477	476	10	TCCTGAGACTGCTGCTGAAAAGAA	1
478	477	10	CCTGAGACTGCTGCTGAAAAGAAG	1
479	478	10	CTGAGACTGCTGCTGAAAAGAAGC	1
480	479	10	TGAGACTGCTGCTGAAAAGAAGCA	1
481	480	11	GAGACTGCTGCTGAAAAGAAGCAA	1
482	481	10	AGACTGCTGCTGAAAAGAAGCAAC	1
483	482	11	GACTGCTGCTGAAAAGAAGCAACG	1
484	483	11	ACTGCTGCTGAAAAGAAGCAACGT	1
485	484	10	CTGCTGCTGAAAAGAAGCAACGTT	1
486	485	10	TGCTGCTGAAAAGAAGCAACGTTT	1
487	486	10	GCTGCTGAAAAGAAGCAACGTTTG	1
488	487	10	CTGCTGAAAAGAAGCAACGTTTGG	1
489	488	10	TGCTGAAAAGAAGCAACGTTTGGT	1
490	489	10	GCTGAAAAGAAGCAACGTTTGGTT	1
491	490	10	CTGAAAAGAAGCAACGTTTGGTTG	1
492	491	11	TGAAAAGAAGCAACGTTTGGTTGC	1
493	492	12	GAAAAGAAGCAACGTTTGGTTGCT	1
494	493	12	AAAAGAAGCAACGTTTGGTTGCTG	1
495	494	11	AAAGAAGCAACGTTTGGTTGCTGA	1
496	495	11	AAGAAGCAACGTTTGGTTGCTGAA	1
497	496	11	AGAAGCAACGTTTGGTTGCTGAAG	1
498	497	10	GAAGCAACGTTTGGTTGCTGAAGC	1
499	498	10	AAGCAACGTTTGGTTGCTGAAGCC	1
500	499	11	AGCAACGTTTGGTTGCTGAAGCCG	1
501	500	11	GCAACGTTTGGTTGCTGAAGCCGA	1
502	501	14	CAACGTTTGGTTGCTGAAGCCGAG	1
503	502	11	AACGTTTGGTTGCTGAAGCCGAGG	1
504	503	12	ACGTTTGGTTGCTGAAGCCGAGGC	1
505	504	12	CGTTTGGTTGCTGAAGCCGAGGCT	1
506	505	12	GTTTGGTTGCTGAAGCCGAGGCTG	1
507	506	12	TTTGGTTGCTGAAGCCGAGGCTGT	1
508	507	12	TTGGTTGCTGAAGCCGAGGCTGTT	1
509	508	12	TGGTTGCTGAAGCCGAGGCTGTTG	1
510	509	11	GGTTGCTGAAGCCGAGGCTGTTGC	1
511	510	12	GTTGCTGAAGCCGAGGCTGTTGCC	1
512	511	12	TTGCTGAAGCCGAGGCTGTTGCCA	1
513	512	13	TGCTGAAGCCGAGGCTGTTGCCAA	1
514	513	13	GCTGAAGCCGAGGCTGTTGCCAAC	1
515	514	13	CTGAAGCCGAGGCTGTTGCCAACG	1
516	515	13	TGAAGCCGAGGCTGTTGCCAACGG	1
517	516	13	GAAGCCGAGGCTGTTGCCAACGGC	1
518	517	13	AAGCCGAGGCTGTTGCCAACGGCA	1
519	518	13	AGCCGAGGCTGTTGCCAACGGCAA	1
520	519	13	GCCGAGGCTGTTGCCAACGGCAAG	1
521	520	14	CCGAGGCTGTTGCCAACGGCAAGT	1
522	521	14	CGAGGCTGTTGCCAACGGCAAGTC	1
523	522	14	GAGGCTGTTGCCAACGGCAAGTCT	1
524	523	14	AGGCTGTTGCCAACGGCAAGTCTG	1
525	524	13	GGCTGTTGCCAACGGCAAGTCTGC	1
526	525	13	GCTGTTGCCAACGGCAAGTCTGCT	1
527	526	12	CTGTTGCCAACGGCAAGTCTGCTC	1
528	527	12	TGTTGCCAACGGCAAGTCTGCTCA	1
529	528	12	GTTGCCAACGGCAAGTCTGCTCAA	1
530	529	12	TTGCCAACGGCAAGTCTGCTCAAG	1
531	530	11	TGCCAACGGCAAGTCTGCTCAAGA	1
532	531	11	GCCAACGGCAAGTCTGCTCAAGAC	1
533	532	12	CCAACGGCAAGTCTGCTCAAGACG	1
534	533	13	CAACGGCAAGTCTGCTCAAGACGT	1
535	534	12	AACGGCAAGTCTGCTCAAGACGTC	1
536	535	11	ACGGCAAGTCTGCTCAAGACGTCT	1
537	536	10	CGGCAAGTCTGCTCAAGACGTCTC	1
538	537	10	GGCAAGTCTGCTCAAGACGTCTCT	1
539	538	11	GCAAGTCTGCTCAAGACGTCTCTA	1
540	539	11	CAAGTCTGCTCAAGACGTCTCTAA	1
541	540	11	AAGTCTGCTCAAGACGTCTCTAAG	1
542	541	10	AGTCTGCTCAAGACGTCTCTAAGA	1
543	542	10	GTCTGCTCAAGACGTCTCTAAGAA	1
544	543	9	TCTGCTCAAGACGTCTCTAAGAAG	1
545	544	9	CTGCTCAAGACGTCTCTAAGAAGC	1
546	545	6	TGCTCAAGACGTCTCTAAGAAGCC	1
547	546	5	GCTCAAGACGTCTCTAAGAAGCCT	1
548	547	6	CTCAAGACGTCTCTAAGAAGCCTT	1
549	548	6	TCAAGACGTCTCTAAGAAGCCTTA	1
550	549	6	CAAGACGTCTCTAAGAAGCCTTAC	1
551	550	6	AAGACGTCTCTAAGAAGCCTTACA	1
552	551	6	AGACGTCTCTAAGAAGCCTTACAA	1
553	552	6	GACGTCTCTAAGAAGCCTTACAAT	1
554	553	6	ACGTCTCTAAGAAGCCTTACAATG	1
555	554	5	CGTCTCTAAGAAGCCTTACAATGT	1
556	555	5	GTCTCTAAGAAGCCTTACAATGTT	1
557	556	5	TCTCTAAGAAGCCTTACAATGTTA	1
558	557	5	CTCTAAGAAGCCTTACAATGTTAA	1
559	558	5	TCTAAGAAGCCTTACAATGTTAAA	1
560	559	5	CTAAGAAGCCTTACAATGTTAAAT	1
561	560	5	TAAGAAGCCTTACAATGTTAAATA	1
562	561	5	AAGAAGCCTTACAATGTTAAATAT	1
563	562	5	AGAAGCCTTACAATGTTAAATATG	1
564	563	5	GAAGCCTTACAATGTTAAATATGG	1
565	564	4	AAGCCTTACAATGTTAAATATGGT	1
566	565	4	AGCCTTACAATGTTAAATATGGTT	1
567	566	4	GCCTTACAATGTTAAATATGGTTT	1
568	567	4	CCTTACAATGTTAAATATGGTTTG	1
569	568	4	CTTACAATGTTAAATATGGTTTGA	1
570	569	4	TTACAATGTTAAATATGGTTTGAA	1
571	570	4	TACAATGTTAAATATGGTTTGAAC	1
572	571	4	ACAATGTTAAATATGGTTTGAACC	1
573	572	4	CAATGTTAAATATGGTTTGAACCA	1
574	573	4	AATGTTAAATATGGTTTGAACCAT	1
575	574	4	ATGTTAAATATGGTTTGAACCATG	1
576	575	4	TGTTAAATATGGTTTGAACCATGT	1
577	576	3	GTTAAATATGGTTTGAACCATGTT	1
578	577	2	TTAAATATGGTTTGAACCATGTTG	1
579	578	2	TAAATATGGTTTGAACCATGTTGT	1
580	579	2	AAATATGGTTTGAACCATGTTGTA	1
581	580	2	AATATGGTTTGAACCATGTTGTAG	1
582	581	2	ATATGGTTTGAACCATGTTGTAGC	1
583	582	1	TATGGTTTGAACCATGTTGTAGCT	1
584	583	1	ATGGTTTGAACCATGTTGTAGCTC	1
585	584	1	TGGTTTGAACCATGTTGTAGCTCT	1
586	585	1	GGTTTGAACCATGTTGTAGCTCTC	1
587	586	1	GTTTGAACCATGTTGTAGCTCTCA	1
588	587	2	TTTGAACCATGTTGTAGCTCTCAT	1
589	588	3	TTGAACCATGTTGTAGCTCTCATT	1
590	589	4	TGAACCATGTTGTAGCTCTCATTG	1
591	590	14	GAACCATGTTGTAGCTCTCATTGA	1
592	591	13	AACCATGTTGTAGCTCTCATTGAG	1
593	592	14	ACCATGTTGTAGCTCTCATTGAGG	1
594	593	16	CCATGTTGTAGCTCTCATTGAGGC	1
595	594	16	CATGTTGTAGCTCTCATTGAGGCC	1
596	595	17	ATGTTGTAGCTCTCATTGAGGCCA	1
597	596	17	TGTTGTAGCTCTCATTGAGGCCAA	1
598	597	17	GTTGTAGCTCTCATTGAGGCCAAG	1
599	598	17	TTGTAGCTCTCATTGAGGCCAAGA	1
600	599	17	TGTAGCTCTCATTGAGGCCAAGAA	1
601	600	17	GTAGCTCTCATTGAGGCCAAGAAG	1
602	601	17	TAGCTCTCATTGAGGCCAAGAAGG	1
603	602	17	AGCTCTCATTGAGGCCAAGAAGGC	1
604	603	17	GCTCTCATTGAGGCCAAGAAGGCT	1
605	604	17	CTCTCATTGAGGCCAAGAAGGCTA	1
606	605	17	TCTCATTGAGGCCAAGAAGGCTAA	1
607	606	17	CTCATTGAGGCCAAGAAGGCTAAG	1
608	607	17	TCATTGAGGCCAAGAAGGCTAAGT	1
609	608	17	CATTGAGGCCAAGAAGGCTAAGTT	1
610	609	17	ATTGAGGCCAAGAAGGCTAAGTTG	1
611	610	17	TTGAGGCCAAGAAGGCTAAGTTGG	1
612	611	17	TGAGGCCAAGAAGGCTAAGTTGGT	1
613	612	17	GAGGCCAAGAAGGCTAAGTTGGTT	1
614	613	17	AGGCCAAGAAGGCTAAGTTGGTTC	1
615	614	17	GGCCAAGAAGGCTAAGTTGGTTCT	1
616	615	17	GCCAAGAAGGCTAAGTTGGTTCTC	1
617	616	17	CCAAGAAGGCTAAGTTGGTTCTCA	1
618	617	17	CAAGAAGGCTAAGTTGGTTCTCAT	1
619	618	17	AAGAAGGCTAAGTTGGTTCTCATT	1
620	619	17	AGAAGGCTAAGTTGGTTCTCATTG	1
621	620	17	GAAGGCTAAGTTGGTTCTCATTGC	1
622	621	17	AAGGCTAAGTTGGTTCTCATTGCC	1
623	622	17	AGGCTAAGTTGGTTCTCATTGCCA	1
624	623	17	GGCTAAGTTGGTTCTCATTGCCAG	1
625	624	18	GCTAAGTTGGTTCTCATTGCCAGC	1
626	625	18	CTAAGTTGGTTCTCATTGCCAGCG	1
627	626	18	TAAGTTGGTTCTCATTGCCAGCGA	1
628	627	18	AAGTTGGTTCTCATTGCCAGCGAT	1
629	628	18	AGTTGGTTCTCATTGCCAGCGATG	1
630	629	18	GTTGGTTCTCATTGCCAGCGATGT	1
631	630	18	TTGGTTCTCATTGCCAGCGATGTC	1
632	631	17	TGGTTCTCATTGCCAGCGATGTCG	1
633	632	16	GGTTCTCATTGCCAGCGATGTCGA	1
634	633	15	GTTCTCATTGCCAGCGATGTCGAC	1
635	634	5	TTCTCATTGCCAGCGATGTCGACC	1
636	635	5	TCTCATTGCCAGCGATGTCGACCC	1
637	636	4	CTCATTGCCAGCGATGTCGACCCC	1
638	637	2	TCATTGCCAGCGATGTCGACCCCA	1
639	638	2	CATTGCCAGCGATGTCGACCCCAT	1
640	639	1	ATTGCCAGCGATGTCGACCCCATT	1
641	640	1	TTGCCAGCGATGTCGACCCCATTG	1
642	641	2	TGCCAGCGATGTCGACCCCATTGA	1
643	642	2	GCCAGCGATGTCGACCCCATTGAA	1
644	643	2	CCAGCGATGTCGACCCCATTGAAC	1
645	644	2	CAGCGATGTCGACCCCATTGAACT	1
646	645	3	AGCGATGTCGACCCCATTGAACTC	1
647	646	3	GCGATGTCGACCCCATTGAACTCG	1
648	647	5	CGATGTCGACCCCATTGAACTCGT	1
649	648	5	GATGTCGACCCCATTGAACTCGTC	1
650	649	6	ATGTCGACCCCATTGAACTCGTCG	1
651	650	6	TGTCGACCCCATTGAACTCGTCGT	1
652	651	6	GTCGACCCCATTGAACTCGTCGTT	1
653	652	6	TCGACCCCATTGAACTCGTCGTTT	1
654	653	6	CGACCCCATTGAACTCGTCGTTTT	1
655	654	6	GACCCCATTGAACTCGTCGTTTTC	1
656	655	6	ACCCCATTGAACTCGTCGTTTTCT	1
657	656	6	CCCCATTGAACTCGTCGTTTTCTT	1
658	657	6	CCCATTGAACTCGTCGTTTTCTTG	1
659	658	6	CCATTGAACTCGTCGTTTTCTTGC	1
660	659	7	CATTGAACTCGTCGTTTTCTTGCC	1
661	660	7	ATTGAACTCGTCGTTTTCTTGCCT	1
662	661	8	TTGAACTCGTCGTTTTCTTGCCTG	1
663	662	10	TGAACTCGTCGTTTTCTTGCCTGC	1
664	663	10	GAACTCGTCGTTTTCTTGCCTGCT	1
665	664	10	AACTCGTCGTTTTCTTGCCTGCTT	1
666	665	10	ACTCGTCGTTTTCTTGCCTGCTTT	1
667	666	11	CTCGTCGTTTTCTTGCCTGCTTTG	1
668	667	11	TCGTCGTTTTCTTGCCTGCTTTGT	1
669	668	10	CGTCGTTTTCTTGCCTGCTTTGTG	1
670	669	11	GTCGTTTTCTTGCCTGCTTTGTGC	1
671	670	11	TCGTTTTCTTGCCTGCTTTGTGCA	1
672	671	12	CGTTTTCTTGCCTGCTTTGTGCAA	1
673	672	12	GTTTTCTTGCCTGCTTTGTGCAAG	1
674	673	12	TTTTCTTGCCTGCTTTGTGCAAGA	1
675	674	12	TTTCTTGCCTGCTTTGTGCAAGAA	1
676	675	12	TTCTTGCCTGCTTTGTGCAAGAAG	1
677	676	12	TCTTGCCTGCTTTGTGCAAGAAGA	1
678	677	13	CTTGCCTGCTTTGTGCAAGAAGAT	1
679	678	13	TTGCCTGCTTTGTGCAAGAAGATG	1
680	679	13	TGCCTGCTTTGTGCAAGAAGATGG	1
681	680	13	GCCTGCTTTGTGCAAGAAGATGGG	1
682	681	13	CCTGCTTTGTGCAAGAAGATGGGT	1
683	682	13	CTGCTTTGTGCAAGAAGATGGGTG	1
684	683	14	TGCTTTGTGCAAGAAGATGGGTGT	1
685	684	14	GCTTTGTGCAAGAAGATGGGTGTT	1
686	685	13	CTTTGTGCAAGAAGATGGGTGTTC	1
687	686	14	TTTGTGCAAGAAGATGGGTGTTCC	1
688	687	15	TTGTGCAAGAAGATGGGTGTTCCT	1
689	688	15	TGTGCAAGAAGATGGGTGTTCCTT	1
690	689	15	GTGCAAGAAGATGGGTGTTCCTTA	1
691	690	15	TGCAAGAAGATGGGTGTTCCTTAT	1
692	691	13	GCAAGAAGATGGGTGTTCCTTATG	1
693	692	12	CAAGAAGATGGGTGTTCCTTATGC	1
694	693	11	AAGAAGATGGGTGTTCCTTATGCC	1
695	694	11	AGAAGATGGGTGTTCCTTATGCCA	1
696	695	11	GAAGATGGGTGTTCCTTATGCCAT	1
697	696	11	AAGATGGGTGTTCCTTATGCCATT	1
698	697	11	AGATGGGTGTTCCTTATGCCATTG	1
699	698	11	GATGGGTGTTCCTTATGCCATTGT	1
700	699	11	ATGGGTGTTCCTTATGCCATTGTC	1
701	700	11	TGGGTGTTCCTTATGCCATTGTCA	1
702	701	11	GGGTGTTCCTTATGCCATTGTCAA	1
703	702	12	GGTGTTCCTTATGCCATTGTCAAG	1
704	703	11	GTGTTCCTTATGCCATTGTCAAGA	1
705	704	11	TGTTCCTTATGCCATTGTCAAGAA	1
706	705	10	GTTCCTTATGCCATTGTCAAGAAC	1
707	706	8	TTCCTTATGCCATTGTCAAGAACA	1
708	707	8	TCCTTATGCCATTGTCAAGAACAA	1
709	708	8	CCTTATGCCATTGTCAAGAACAAG	1
710	709	8	CTTATGCCATTGTCAAGAACAAGG	1
711	710	7	TTATGCCATTGTCAAGAACAAGGC	1
712	711	7	TATGCCATTGTCAAGAACAAGGCC	1
713	712	7	ATGCCATTGTCAAGAACAAGGCCC	1
714	713	7	TGCCATTGTCAAGAACAAGGCCCG	1
715	714	6	GCCATTGTCAAGAACAAGGCCCGC	1
716	715	6	CCATTGTCAAGAACAAGGCCCGCC	1
717	716	6	CATTGTCAAGAACAAGGCCCGCCT	1
718	717	7	ATTGTCAAGAACAAGGCCCGCCTT	1
719	718	7	TTGTCAAGAACAAGGCCCGCCTTG	1
720	719	7	TGTCAAGAACAAGGCCCGCCTTGG	1
721	720	7	GTCAAGAACAAGGCCCGCCTTGGT	1
722	721	8	TCAAGAACAAGGCCCGCCTTGGTA	1
723	722	9	CAAGAACAAGGCCCGCCTTGGTAC	1
724	723	9	AAGAACAAGGCCCGCCTTGGTACT	1
725	724	9	AGAACAAGGCCCGCCTTGGTACTG	1
726	725	9	GAACAAGGCCCGCCTTGGTACTGT	1
727	726	9	AACAAGGCCCGCCTTGGTACTGTC	1
728	727	8	ACAAGGCCCGCCTTGGTACTGTCA	1
729	728	9	CAAGGCCCGCCTTGGTACTGTCAT	1
730	729	9	AAGGCCCGCCTTGGTACTGTCATT	1
731	730	8	AGGCCCGCCTTGGTACTGTCATTC	1
732	731	7	GGCCCGCCTTGGTACTGTCATTCA	1
733	732	7	GCCCGCCTTGGTACTGTCATTCAC	1
734	733	6	CCCGCCTTGGTACTGTCATTCACC	1
735	734	6	CCGCCTTGGTACTGTCATTCACCA	1
736	735	6	CGCCTTGGTACTGTCATTCACCAA	1
737	736	6	GCCTTGGTACTGTCATTCACCAAA	1
738	737	6	CCTTGGTACTGTCATTCACCAAAA	1
739	738	6	CTTGGTACTGTCATTCACCAAAAG	1
740	739	6	TTGGTACTGTCATTCACCAAAAGA	1
741	740	7	TGGTACTGTCATTCACCAAAAGAC	1
742	741	7	GGTACTGTCATTCACCAAAAGACT	1
743	742	7	GTACTGTCATTCACCAAAAGACTG	1
744	743	7	TACTGTCATTCACCAAAAGACTGC	1
745	744	7	ACTGTCATTCACCAAAAGACTGCT	1
746	745	7	CTGTCATTCACCAAAAGACTGCTG	1
747	746	6	TGTCATTCACCAAAAGACTGCTGC	1
748	747	6	GTCATTCACCAAAAGACTGCTGCT	1
749	748	6	TCATTCACCAAAAGACTGCTGCTG	1
750	749	6	CATTCACCAAAAGACTGCTGCTGT	1
751	750	6	ATTCACCAAAAGACTGCTGCTGTT	1
752	751	6	TTCACCAAAAGACTGCTGCTGTTT	1
753	752	6	TCACCAAAAGACTGCTGCTGTTTT	1
754	753	6	CACCAAAAGACTGCTGCTGTTTTA	1
755	754	6	ACCAAAAGACTGCTGCTGTTTTAG	1
756	755	6	CCAAAAGACTGCTGCTGTTTTAGC	1
757	756	6	CAAAAGACTGCTGCTGTTTTAGCT	1
758	757	6	AAAAGACTGCTGCTGTTTTAGCTG	1
759	758	6	AAAGACTGCTGCTGTTTTAGCTGT	1
760	759	6	AAGACTGCTGCTGTTTTAGCTGTC	1
761	760	6	AGACTGCTGCTGTTTTAGCTGTCA	1
762	761	6	GACTGCTGCTGTTTTAGCTGTCAC	1
763	762	6	ACTGCTGCTGTTTTAGCTGTCACT	1
764	763	6	CTGCTGCTGTTTTAGCTGTCACTG	1
765	764	6	TGCTGCTGTTTTAGCTGTCACTGA	1
766	765	4	GCTGCTGTTTTAGCTGTCACTGAG	1
767	766	3	CTGCTGTTTTAGCTGTCACTGAGG	1
768	767	3	TGCTGTTTTAGCTGTCACTGAGGT	1
769	768	3	GCTGTTTTAGCTGTCACTGAGGTC	1
770	769	3	CTGTTTTAGCTGTCACTGAGGTCC	1
771	770	4	TGTTTTAGCTGTCACTGAGGTCCG	1
772	771	4	GTTTTAGCTGTCACTGAGGTCCGT	1
773	772	3	TTTTAGCTGTCACTGAGGTCCGTG	1
774	773	3	TTTAGCTGTCACTGAGGTCCGTGA	1
775	774	3	TTAGCTGTCACTGAGGTCCGTGAG	1
776	775	3	TAGCTGTCACTGAGGTCCGTGAGG	1
777	776	3	AGCTGTCACTGAGGTCCGTGAGGA	1
778	777	3	GCTGTCACTGAGGTCCGTGAGGAA	1
779	778	3	CTGTCACTGAGGTCCGTGAGGAAG	1
780	779	3	TGTCACTGAGGTCCGTGAGGAAGA	1
781	780	3	GTCACTGAGGTCCGTGAGGAAGAC	1
782	781	3	TCACTGAGGTCCGTGAGGAAGACA	1
783	782	3	CACTGAGGTCCGTGAGGAAGACAA	1
784	783	3	ACTGAGGTCCGTGAGGAAGACAAG	1
785	784	2	CTGAGGTCCGTGAGGAAGACAAGA	1
786	785	2	TGAGGTCCGTGAGGAAGACAAGAA	1
787	786	3	GAGGTCCGTGAGGAAGACAAGAAC	1
788	787	3	AGGTCCGTGAGGAAGACAAGAACG	1
789	788	3	GGTCCGTGAGGAAGACAAGAACGA	1
790	789	3	GTCCGTGAGGAAGACAAGAACGAA	1
791	790	3	TCCGTGAGGAAGACAAGAACGAAC	1
792	791	3	CCGTGAGGAAGACAAGAACGAACT	1
793	792	4	CGTGAGGAAGACAAGAACGAACTC	1
794	793	4	GTGAGGAAGACAAGAACGAACTCG	1
795	794	4	TGAGGAAGACAAGAACGAACTCGC	1
796	795	4	GAGGAAGACAAGAACGAACTCGCT	1
797	796	4	AGGAAGACAAGAACGAACTCGCTT	1
798	797	4	GGAAGACAAGAACGAACTCGCTTC	1
799	798	4	GAAGACAAGAACGAACTCGCTTCT	1
800	799	4	AAGACAAGAACGAACTCGCTTCTA	1
801	800	4	AGACAAGAACGAACTCGCTTCTAT	1
802	801	3	GACAAGAACGAACTCGCTTCTATT	1
803	802	3	ACAAGAACGAACTCGCTTCTATTG	1
804	803	4	CAAGAACGAACTCGCTTCTATTGT	1
805	804	5	AAGAACGAACTCGCTTCTATTGTC	1
806	805	5	AGAACGAACTCGCTTCTATTGTCT	1
807	806	5	GAACGAACTCGCTTCTATTGTCTC	1
808	807	5	AACGAACTCGCTTCTATTGTCTCC	1
809	808	5	ACGAACTCGCTTCTATTGTCTCCG	1
810	809	5	CGAACTCGCTTCTATTGTCTCCGC	1
811	810	5	GAACTCGCTTCTATTGTCTCCGCC	1
812	811	5	AACTCGCTTCTATTGTCTCCGCCG	1
813	812	5	ACTCGCTTCTATTGTCTCCGCCGT	1
814	813	5	CTCGCTTCTATTGTCTCCGCCGTT	1
815	814	4	TCGCTTCTATTGTCTCCGCCGTTG	1
816	815	4	CGCTTCTATTGTCTCCGCCGTTGA	1
817	816	4	GCTTCTATTGTCTCCGCCGTTGAT	1
818	817	4	CTTCTATTGTCTCCGCCGTTGATG	1
819	818	4	TTCTATTGTCTCCGCCGTTGATGC	1
820	819	4	TCTATTGTCTCCGCCGTTGATGCT	1
821	820	4	CTATTGTCTCCGCCGTTGATGCTA	1
822	821	4	TATTGTCTCCGCCGTTGATGCTAA	1
823	822	4	ATTGTCTCCGCCGTTGATGCTAAC	1
824	823	4	TTGTCTCCGCCGTTGATGCTAACT	1
825	824	4	TGTCTCCGCCGTTGATGCTAACTT	1
826	825	4	GTCTCCGCCGTTGATGCTAACTTC	1
827	826	4	TCTCCGCCGTTGATGCTAACTTCT	1
828	827	4	CTCCGCCGTTGATGCTAACTTCTC	1
829	828	4	TCCGCCGTTGATGCTAACTTCTCT	1
830	829	4	CCGCCGTTGATGCTAACTTCTCTG	1
831	830	3	CGCCGTTGATGCTAACTTCTCTGC	1
832	831	3	GCCGTTGATGCTAACTTCTCTGCT	1
833	832	3	CCGTTGATGCTAACTTCTCTGCTA	1
834	833	3	CGTTGATGCTAACTTCTCTGCTAA	1
835	834	3	GTTGATGCTAACTTCTCTGCTAAG	1
836	835	3	TTGATGCTAACTTCTCTGCTAAGT	1
837	836	2	TGATGCTAACTTCTCTGCTAAGTA	1
838	837	2	GATGCTAACTTCTCTGCTAAGTAC	1
839	838	2	ATGCTAACTTCTCTGCTAAGTACG	1
840	839	2	TGCTAACTTCTCTGCTAAGTACGA	1
841	840	2	GCTAACTTCTCTGCTAAGTACGAC	1
842	841	2	CTAACTTCTCTGCTAAGTACGACG	1
843	842	2	TAACTTCTCTGCTAAGTACGACGA	1
844	843	2	AACTTCTCTGCTAAGTACGACGAA	1
845	844	2	ACTTCTCTGCTAAGTACGACGAAA	1
846	845	2	CTTCTCTGCTAAGTACGACGAAAG	1
847	846	2	TTCTCTGCTAAGTACGACGAAAGC	1
848	847	1	TCTCTGCTAAGTACGACGAAAGCC	1
