Component 332
1	-1	0	CTCCTATGGGAATGTATCCCTTAC	1
2	1	1	TCCTATGGGAATGTATCCCTTACC	1
3	2	1	CCTATGGGAATGTATCCCTTACCT	1
4	3	1	CTATGGGAATGTATCCCTTACCTT	1
5	4	1	TATGGGAATGTATCCCTTACCTTT	1
6	5	1	ATGGGAATGTATCCCTTACCTTTC	1
7	6	1	TGGGAATGTATCCCTTACCTTTCT	1
8	7	1	GGGAATGTATCCCTTACCTTTCTC	1
9	8	1	GGAATGTATCCCTTACCTTTCTCC	1
10	9	1	GAATGTATCCCTTACCTTTCTCCC	1
11	10	1	AATGTATCCCTTACCTTTCTCCCC	1
12	11	1	ATGTATCCCTTACCTTTCTCCCCT	1
13	12	1	TGTATCCCTTACCTTTCTCCCCTT	1
14	13	1	GTATCCCTTACCTTTCTCCCCTTT	1
15	14	1	TATCCCTTACCTTTCTCCCCTTTA	1
16	15	1	ATCCCTTACCTTTCTCCCCTTTAC	1
17	16	1	TCCCTTACCTTTCTCCCCTTTACC	1
18	17	2	CCCTTACCTTTCTCCCCTTTACCT	1
19	18	2	CCTTACCTTTCTCCCCTTTACCTT	1
20	19	2	CTTACCTTTCTCCCCTTTACCTTC	1
21	20	2	TTACCTTTCTCCCCTTTACCTTCT	1
22	21	2	TACCTTTCTCCCCTTTACCTTCTG	1
23	22	2	ACCTTTCTCCCCTTTACCTTCTGC	1
24	23	2	CCTTTCTCCCCTTTACCTTCTGCA	1
25	24	2	CTTTCTCCCCTTTACCTTCTGCAG	1
26	25	2	TTTCTCCCCTTTACCTTCTGCAGC	1
27	26	2	TTCTCCCCTTTACCTTCTGCAGCT	1
28	27	2	TCTCCCCTTTACCTTCTGCAGCTC	1
29	28	2	CTCCCCTTTACCTTCTGCAGCTCC	1
30	29	2	TCCCCTTTACCTTCTGCAGCTCCG	1
31	30	2	CCCCTTTACCTTCTGCAGCTCCGC	1
32	31	2	CCCTTTACCTTCTGCAGCTCCGCC	1
33	32	2	CCTTTACCTTCTGCAGCTCCGCCT	1
34	33	2	CTTTACCTTCTGCAGCTCCGCCTA	1
35	34	2	TTTACCTTCTGCAGCTCCGCCTAT	1
36	35	2	TTACCTTCTGCAGCTCCGCCTATT	1
37	36	2	TACCTTCTGCAGCTCCGCCTATTC	1
38	37	2	ACCTTCTGCAGCTCCGCCTATTCC	1
39	38	2	CCTTCTGCAGCTCCGCCTATTCCT	1
40	39	2	CTTCTGCAGCTCCGCCTATTCCTT	1
41	40	2	TTCTGCAGCTCCGCCTATTCCTTT	1
42	41	2	TCTGCAGCTCCGCCTATTCCTTTT	1
43	42	2	CTGCAGCTCCGCCTATTCCTTTTT	1
44	43	2	TGCAGCTCCGCCTATTCCTTTTTC	1
45	44	2	GCAGCTCCGCCTATTCCTTTTTCC	1
46	45	1	CAGCTCCGCCTATTCCTTTTTCCC	1
47	46	1	AGCTCCGCCTATTCCTTTTTCCCC	1
48	47	1	GCTCCGCCTATTCCTTTTTCCCCT	1
49	48	1	CTCCGCCTATTCCTTTTTCCCCTA	1
50	49	1	TCCGCCTATTCCTTTTTCCCCTAA	1
51	50	1	CCGCCTATTCCTTTTTCCCCTAAC	1
52	51	1	CGCCTATTCCTTTTTCCCCTAACG	1
53	52	1	GCCTATTCCTTTTTCCCCTAACGT	1
54	53	1	CCTATTCCTTTTTCCCCTAACGTC	1
55	54	1	CTATTCCTTTTTCCCCTAACGTCT	1
56	55	1	TATTCCTTTTTCCCCTAACGTCTC	1
57	56	1	ATTCCTTTTTCCCCTAACGTCTCT	1
58	57	2	TTCCTTTTTCCCCTAACGTCTCTT	1
59	58	2	TCCTTTTTCCCCTAACGTCTCTTC	1
60	59	2	CCTTTTTCCCCTAACGTCTCTTCC	1
61	60	2	CTTTTTCCCCTAACGTCTCTTCCC	1
62	61	1	TTTTTCCCCTAACGTCTCTTCCCA	1
63	62	1	TTTTCCCCTAACGTCTCTTCCCAT	1
64	63	1	TTTCCCCTAACGTCTCTTCCCATC	1
65	64	1	TTCCCCTAACGTCTCTTCCCATCC	1
66	65	1	TCCCCTAACGTCTCTTCCCATCCA	1
67	66	1	CCCCTAACGTCTCTTCCCATCCAC	1
68	67	1	CCCTAACGTCTCTTCCCATCCACA	1
69	68	1	CCTAACGTCTCTTCCCATCCACAT	1
70	69	1	CTAACGTCTCTTCCCATCCACATA	1
71	70	1	TAACGTCTCTTCCCATCCACATAT	1
72	71	1	AACGTCTCTTCCCATCCACATATG	1
73	72	1	ACGTCTCTTCCCATCCACATATGG	1
74	73	1	CGTCTCTTCCCATCCACATATGGC	1
75	74	1	GTCTCTTCCCATCCACATATGGCT	1
76	75	1	TCTCTTCCCATCCACATATGGCTT	1
77	76	1	CTCTTCCCATCCACATATGGCTTT	1
78	77	2	TCTTCCCATCCACATATGGCTTTT	1
79	78	2	CTTCCCATCCACATATGGCTTTTC	1
80	79	2	TTCCCATCCACATATGGCTTTTCT	1
81	80	2	TCCCATCCACATATGGCTTTTCTT	1
82	81	2	CCCATCCACATATGGCTTTTCTTC	1
83	82	2	CCATCCACATATGGCTTTTCTTCC	1
84	83	2	CATCCACATATGGCTTTTCTTCCA	1
85	84	2	ATCCACATATGGCTTTTCTTCCAG	1
86	85	2	TCCACATATGGCTTTTCTTCCAGC	1
87	86	2	CCACATATGGCTTTTCTTCCAGCC	1
88	87	2	CACATATGGCTTTTCTTCCAGCCA	1
89	88	2	ACATATGGCTTTTCTTCCAGCCAC	1
90	89	2	CATATGGCTTTTCTTCCAGCCACT	1
91	90	2	ATATGGCTTTTCTTCCAGCCACTG	1
92	91	2	TATGGCTTTTCTTCCAGCCACTGT	1
93	92	2	ATGGCTTTTCTTCCAGCCACTGTA	1
94	93	2	TGGCTTTTCTTCCAGCCACTGTAC	1
95	94	2	GGCTTTTCTTCCAGCCACTGTACC	1
96	95	2	GCTTTTCTTCCAGCCACTGTACCA	1
97	96	2	CTTTTCTTCCAGCCACTGTACCAA	1
98	97	2	TTTTCTTCCAGCCACTGTACCAAC	1
99	98	2	TTTCTTCCAGCCACTGTACCAACT	1
100	99	2	TTCTTCCAGCCACTGTACCAACTC	1
101	100	2	TCTTCCAGCCACTGTACCAACTCA	1
102	101	1	CTTCCAGCCACTGTACCAACTCAT	1
103	102	1	TTCCAGCCACTGTACCAACTCATT	1
104	103	1	TCCAGCCACTGTACCAACTCATTC	1
105	104	2	CCAGCCACTGTACCAACTCATTCT	1
106	105	2	CAGCCACTGTACCAACTCATTCTG	1
107	106	2	AGCCACTGTACCAACTCATTCTGC	1
108	107	2	GCCACTGTACCAACTCATTCTGCT	1
109	108	2	CCACTGTACCAACTCATTCTGCTC	1
110	109	2	CACTGTACCAACTCATTCTGCTCC	1
111	110	2	ACTGTACCAACTCATTCTGCTCCT	1
112	111	2	CTGTACCAACTCATTCTGCTCCTC	1
113	112	2	TGTACCAACTCATTCTGCTCCTCC	1
114	113	2	GTACCAACTCATTCTGCTCCTCCT	1
115	114	2	TACCAACTCATTCTGCTCCTCCTG	1
116	115	2	ACCAACTCATTCTGCTCCTCCTGG	1
117	116	2	CCAACTCATTCTGCTCCTCCTGGA	1
118	117	2	CAACTCATTCTGCTCCTCCTGGAT	1
119	118	2	AACTCATTCTGCTCCTCCTGGATT	1
120	119	2	ACTCATTCTGCTCCTCCTGGATTT	1
121	120	2	CTCATTCTGCTCCTCCTGGATTTG	1
122	121	1	TCATTCTGCTCCTCCTGGATTTGT	1
123	122	1	CATTCTGCTCCTCCTGGATTTGTC	1
124	123	1	ATTCTGCTCCTCCTGGATTTGTCC	1
125	124	1	TTCTGCTCCTCCTGGATTTGTCCC	1
126	125	1	TCTGCTCCTCCTGGATTTGTCCCT	1
127	126	1	CTGCTCCTCCTGGATTTGTCCCTT	1
128	127	1	TGCTCCTCCTGGATTTGTCCCTTA	1
129	128	1	GCTCCTCCTGGATTTGTCCCTTAC	1
130	129	1	CTCCTCCTGGATTTGTCCCTTACG	1
131	130	1	TCCTCCTGGATTTGTCCCTTACGA	1
132	131	1	CCTCCTGGATTTGTCCCTTACGAT	1
133	132	1	CTCCTGGATTTGTCCCTTACGATT	1
134	133	1	TCCTGGATTTGTCCCTTACGATTT	1
135	134	1	CCTGGATTTGTCCCTTACGATTTT	1
136	135	1	CTGGATTTGTCCCTTACGATTTTC	1
137	136	1	TGGATTTGTCCCTTACGATTTTCC	1
138	137	1	GGATTTGTCCCTTACGATTTTCCT	1
139	138	1	GATTTGTCCCTTACGATTTTCCTA	1
140	139	1	ATTTGTCCCTTACGATTTTCCTAT	1
141	140	1	TTTGTCCCTTACGATTTTCCTATT	1
142	141	1	TTGTCCCTTACGATTTTCCTATTA	1
143	142	1	TGTCCCTTACGATTTTCCTATTAC	1
144	143	1	GTCCCTTACGATTTTCCTATTACA	1
145	144	1	TCCCTTACGATTTTCCTATTACAA	1
146	145	1	CCCTTACGATTTTCCTATTACAAA	1
147	146	1	CCTTACGATTTTCCTATTACAAAT	1
148	-1	0	TAACACCTCTTTTCCTAATTCCCA	1
149	148	1	AACACCTCTTTTCCTAATTCCCAA	1
150	149	1	ACACCTCTTTTCCTAATTCCCAAG	1
151	150	1	CACCTCTTTTCCTAATTCCCAAGG	1
152	151	1	ACCTCTTTTCCTAATTCCCAAGGG	1
153	152	1	CCTCTTTTCCTAATTCCCAAGGGA	1
154	153	1	CTCTTTTCCTAATTCCCAAGGGAA	1
155	154	1	TCTTTTCCTAATTCCCAAGGGAAA	1
156	155	1	CTTTTCCTAATTCCCAAGGGAAAG	1
157	156	2	TTTTCCTAATTCCCAAGGGAAAGA	1
158	157	2	TTTCCTAATTCCCAAGGGAAAGAG	1
159	158	2	TTCCTAATTCCCAAGGGAAAGAGG	1
160	159	2	TCCTAATTCCCAAGGGAAAGAGGG	1
161	160	2	CCTAATTCCCAAGGGAAAGAGGGA	1
162	161	2	CTAATTCCCAAGGGAAAGAGGGAA	1
163	162	2	TAATTCCCAAGGGAAAGAGGGAAA	1
164	163	2	AATTCCCAAGGGAAAGAGGGAAAA	1
165	164	2	ATTCCCAAGGGAAAGAGGGAAAAA	1
166	165	2	TTCCCAAGGGAAAGAGGGAAAAAA	1
167	166	2	TCCCAAGGGAAAGAGGGAAAAAAT	1
168	167	2	CCCAAGGGAAAGAGGGAAAAAATT	1
169	168	2	CCAAGGGAAAGAGGGAAAAAATTC	1
170	169	2	CAAGGGAAAGAGGGAAAAAATTCG	1
171	170	2	AAGGGAAAGAGGGAAAAAATTCGG	1
172	171	2	AGGGAAAGAGGGAAAAAATTCGGG	1
173	172	2	GGGAAAGAGGGAAAAAATTCGGGG	1
174	173	2	GGAAAGAGGGAAAAAATTCGGGGT	1
175	174	2	GAAAGAGGGAAAAAATTCGGGGTA	1
176	175	3	AAAGAGGGAAAAAATTCGGGGTAT	1
177	176	3	AAGAGGGAAAAAATTCGGGGTATC	1
178	177	3	AGAGGGAAAAAATTCGGGGTATCG	1
179	178	3	GAGGGAAAAAATTCGGGGTATCGT	1
180	179	3	AGGGAAAAAATTCGGGGTATCGTA	1
181	180	3	GGGAAAAAATTCGGGGTATCGTAA	1
182	181	3	GGAAAAAATTCGGGGTATCGTAAA	1
183	182	3	GAAAAAATTCGGGGTATCGTAAAT	1
184	183	3	AAAAAATTCGGGGTATCGTAAATC	1
185	184	3	AAAAATTCGGGGTATCGTAAATCG	1
186	185	3	AAAATTCGGGGTATCGTAAATCGT	1
187	186	3	AAATTCGGGGTATCGTAAATCGTC	1
188	187	3	AATTCGGGGTATCGTAAATCGTCA	1
189	188	3	ATTCGGGGTATCGTAAATCGTCAA	1
190	189	3	TTCGGGGTATCGTAAATCGTCAAG	1
191	190	3	TCGGGGTATCGTAAATCGTCAAGG	1
192	191	3	CGGGGTATCGTAAATCGTCAAGGA	1
193	192	2	GGGGTATCGTAAATCGTCAAGGAT	1
194	193	2	GGGTATCGTAAATCGTCAAGGATC	1
195	194	2	GGTATCGTAAATCGTCAAGGATCC	1
196	195	2	GTATCGTAAATCGTCAAGGATCCT	1
197	196	2	TATCGTAAATCGTCAAGGATCCTC	1
198	197	2	ATCGTAAATCGTCAAGGATCCTCG	1
199	198	2	TCGTAAATCGTCAAGGATCCTCGA	1
200	199	2	CGTAAATCGTCAAGGATCCTCGAT	1
201	200	1	GTAAATCGTCAAGGATCCTCGATA	1
202	201	1	TAAATCGTCAAGGATCCTCGATAT	1
203	202	1	AAATCGTCAAGGATCCTCGATATC	1
204	203	1	AATCGTCAAGGATCCTCGATATCC	1
205	204	1	ATCGTCAAGGATCCTCGATATCCG	1
206	205	1	TCGTCAAGGATCCTCGATATCCGT	1
207	206	1	CGTCAAGGATCCTCGATATCCGTG	1
208	207	1	GTCAAGGATCCTCGATATCCGTGT	1
209	208	1	TCAAGGATCCTCGATATCCGTGTA	1
210	209	1	CAAGGATCCTCGATATCCGTGTAA	1
211	210	1	AAGGATCCTCGATATCCGTGTAAA	1
212	211	1	AGGATCCTCGATATCCGTGTAAAG	1
213	212	1	GGATCCTCGATATCCGTGTAAAGT	1
214	213	1	GATCCTCGATATCCGTGTAAAGTT	1
215	214	1	ATCCTCGATATCCGTGTAAAGTTT	1
216	215	1	TCCTCGATATCCGTGTAAAGTTTG	1
217	216	1	CCTCGATATCCGTGTAAAGTTTGG	1
218	217	1	CTCGATATCCGTGTAAAGTTTGGA	1
219	218	1	TCGATATCCGTGTAAAGTTTGGAA	1
