Component 338
1	-1	0	TGAGGCTGAATCTAATATGAATGA	1
2	1	1	GAGGCTGAATCTAATATGAATGAC	1
3	2	1	AGGCTGAATCTAATATGAATGACT	1
4	3	1	GGCTGAATCTAATATGAATGACTT	1
5	4	1	GCTGAATCTAATATGAATGACTTG	1
6	5	1	CTGAATCTAATATGAATGACTTGG	1
7	6	1	TGAATCTAATATGAATGACTTGGT	1
8	7	2	GAATCTAATATGAATGACTTGGTT	1
9	8	2	AATCTAATATGAATGACTTGGTTA	1
10	9	2	ATCTAATATGAATGACTTGGTTAG	1
11	10	2	TCTAATATGAATGACTTGGTTAGC	1
12	11	2	CTAATATGAATGACTTGGTTAGCG	1
13	12	2	TAATATGAATGACTTGGTTAGCGA	1
14	13	2	AATATGAATGACTTGGTTAGCGAA	1
15	14	2	ATATGAATGACTTGGTTAGCGAAT	1
16	15	2	TATGAATGACTTGGTTAGCGAATA	1
17	16	2	ATGAATGACTTGGTTAGCGAATAT	1
18	17	2	TGAATGACTTGGTTAGCGAATATC	1
19	18	2	GAATGACTTGGTTAGCGAATATCA	1
20	19	2	AATGACTTGGTTAGCGAATATCAA	1
21	20	2	ATGACTTGGTTAGCGAATATCAAC	1
22	21	2	TGACTTGGTTAGCGAATATCAACA	1
23	22	2	GACTTGGTTAGCGAATATCAACAA	1
24	23	2	ACTTGGTTAGCGAATATCAACAAT	1
25	24	2	CTTGGTTAGCGAATATCAACAATA	1
26	25	2	TTGGTTAGCGAATATCAACAATAC	1
27	26	2	TGGTTAGCGAATATCAACAATACC	1
28	27	2	GGTTAGCGAATATCAACAATACCA	1
29	28	2	GTTAGCGAATATCAACAATACCAG	1
30	29	2	TTAGCGAATATCAACAATACCAGG	1
31	30	2	TAGCGAATATCAACAATACCAGGA	1
32	31	2	AGCGAATATCAACAATACCAGGAG	1
33	32	3	GCGAATATCAACAATACCAGGAGG	1
34	33	4	CGAATATCAACAATACCAGGAGGC	1
35	34	4	GAATATCAACAATACCAGGAGGCT	1
36	35	4	AATATCAACAATACCAGGAGGCTG	1
37	36	4	ATATCAACAATACCAGGAGGCTGG	1
38	37	4	TATCAACAATACCAGGAGGCTGGT	1
39	38	4	ATCAACAATACCAGGAGGCTGGTA	1
40	39	4	TCAACAATACCAGGAGGCTGGTAT	1
41	40	4	CAACAATACCAGGAGGCTGGTATC	1
42	41	4	AACAATACCAGGAGGCTGGTATCG	1
43	42	4	ACAATACCAGGAGGCTGGTATCGA	1
44	43	4	CAATACCAGGAGGCTGGTATCGAT	1
45	44	4	AATACCAGGAGGCTGGTATCGATG	1
46	45	3	ATACCAGGAGGCTGGTATCGATGA	1
47	46	3	TACCAGGAGGCTGGTATCGATGAG	1
48	47	3	ACCAGGAGGCTGGTATCGATGAGG	1
49	48	3	CCAGGAGGCTGGTATCGATGAGGG	1
50	49	3	CAGGAGGCTGGTATCGATGAGGGT	1
51	50	3	AGGAGGCTGGTATCGATGAGGGTG	1
52	51	2	GGAGGCTGGTATCGATGAGGGTGA	1
53	52	2	GAGGCTGGTATCGATGAGGGTGAT	1
54	53	2	AGGCTGGTATCGATGAGGGTGATG	1
55	54	2	GGCTGGTATCGATGAGGGTGATGA	1
56	55	2	GCTGGTATCGATGAGGGTGATGAA	1
57	56	3	CTGGTATCGATGAGGGTGATGAAG	1
58	57	3	TGGTATCGATGAGGGTGATGAAGA	1
59	58	4	GGTATCGATGAGGGTGATGAAGAT	1
60	59	4	GTATCGATGAGGGTGATGAAGATT	1
61	60	4	TATCGATGAGGGTGATGAAGATTA	1
62	61	4	ATCGATGAGGGTGATGAAGATTAT	1
63	62	4	TCGATGAGGGTGATGAAGATTATG	1
64	63	4	CGATGAGGGTGATGAAGATTATGA	1
65	64	4	GATGAGGGTGATGAAGATTATGAA	1
66	65	4	ATGAGGGTGATGAAGATTATGAAA	1
67	66	4	TGAGGGTGATGAAGATTATGAAAT	1
68	67	4	GAGGGTGATGAAGATTATGAAATT	1
69	68	4	AGGGTGATGAAGATTATGAAATTG	1
70	69	4	GGGTGATGAAGATTATGAAATTGA	1
71	70	4	GGTGATGAAGATTATGAAATTGAA	1
72	71	4	GTGATGAAGATTATGAAATTGAAG	1
73	72	4	TGATGAAGATTATGAAATTGAAGA	1
74	73	4	GATGAAGATTATGAAATTGAAGAA	1
75	74	4	ATGAAGATTATGAAATTGAAGAAG	1
76	75	4	TGAAGATTATGAAATTGAAGAAGA	1
77	76	3	GAAGATTATGAAATTGAAGAAGAG	1
78	77	2	AAGATTATGAAATTGAAGAAGAGA	1
79	78	2	AGATTATGAAATTGAAGAAGAGAA	1
80	79	2	GATTATGAAATTGAAGAAGAGAAG	1
81	80	2	ATTATGAAATTGAAGAAGAGAAGG	1
82	81	2	TTATGAAATTGAAGAAGAGAAGGA	1
83	82	2	TATGAAATTGAAGAAGAGAAGGAG	1
84	83	2	ATGAAATTGAAGAAGAGAAGGAGC	1
85	84	2	TGAAATTGAAGAAGAGAAGGAGCC	1
86	85	2	GAAATTGAAGAAGAGAAGGAGCCT	1
87	86	2	AAATTGAAGAAGAGAAGGAGCCTC	1
88	87	2	AATTGAAGAAGAGAAGGAGCCTCT	1
89	88	2	ATTGAAGAAGAGAAGGAGCCTCTC	1
90	89	2	TTGAAGAAGAGAAGGAGCCTCTCG	1
91	90	2	TGAAGAAGAGAAGGAGCCTCTCGA	1
92	91	2	GAAGAAGAGAAGGAGCCTCTCGAG	1
93	92	2	AAGAAGAGAAGGAGCCTCTCGAGT	1
94	93	2	AGAAGAGAAGGAGCCTCTCGAGTA	1
95	94	2	GAAGAGAAGGAGCCTCTCGAGTAT	1
96	95	2	AAGAGAAGGAGCCTCTCGAGTATT	1
97	96	2	AGAGAAGGAGCCTCTCGAGTATTA	1
98	97	2	GAGAAGGAGCCTCTCGAGTATTAA	1
99	98	2	AGAAGGAGCCTCTCGAGTATTAAA	1
100	99	2	GAAGGAGCCTCTCGAGTATTAAAC	1
101	100	1	AAGGAGCCTCTCGAGTATTAAACC	1
102	101	1	AGGAGCCTCTCGAGTATTAAACCC	1
103	-1	0	TCCTTTTTTCCTACATTCATTCAA	1
104	103	1	CCTTTTTTCCTACATTCATTCAAA	1
105	104	1	CTTTTTTCCTACATTCATTCAAAT	1
106	105	1	TTTTTTCCTACATTCATTCAAATG	1
107	106	1	TTTTTCCTACATTCATTCAAATGC	1
108	107	1	TTTTCCTACATTCATTCAAATGCT	1
109	108	1	TTTCCTACATTCATTCAAATGCTT	1
110	109	1	TTCCTACATTCATTCAAATGCTTT	1
111	110	1	TCCTACATTCATTCAAATGCTTTA	1
112	111	1	CCTACATTCATTCAAATGCTTTAT	1
113	112	1	CTACATTCATTCAAATGCTTTATT	1
114	113	1	TACATTCATTCAAATGCTTTATTT	1
115	114	1	ACATTCATTCAAATGCTTTATTTT	1
116	115	1	CATTCATTCAAATGCTTTATTTTA	1
117	116	1	ATTCATTCAAATGCTTTATTTTAC	1
118	117	1	TTCATTCAAATGCTTTATTTTACT	1
119	118	1	TCATTCAAATGCTTTATTTTACTC	1
120	119	1	CATTCAAATGCTTTATTTTACTCC	1
121	120	1	ATTCAAATGCTTTATTTTACTCCG	1
122	121	1	TTCAAATGCTTTATTTTACTCCGA	1
123	122	1	TCAAATGCTTTATTTTACTCCGAT	1
124	123	1	CAAATGCTTTATTTTACTCCGATG	1
125	124	1	AAATGCTTTATTTTACTCCGATGC	1
126	125	1	AATGCTTTATTTTACTCCGATGCA	1
127	126	1	ATGCTTTATTTTACTCCGATGCAT	1
128	127	1	TGCTTTATTTTACTCCGATGCATA	1
129	128	1	GCTTTATTTTACTCCGATGCATAT	1
130	129	1	CTTTATTTTACTCCGATGCATATG	1
131	130	1	TTTATTTTACTCCGATGCATATGG	1
132	131	1	TTATTTTACTCCGATGCATATGGA	1
133	132	1	TATTTTACTCCGATGCATATGGAT	1
134	133	1	ATTTTACTCCGATGCATATGGATT	1
135	134	1	TTTTACTCCGATGCATATGGATTC	1
136	135	1	TTTACTCCGATGCATATGGATTCC	1
137	136	1	TTACTCCGATGCATATGGATTCCA	1
138	137	1	TACTCCGATGCATATGGATTCCAA	1
139	138	1	ACTCCGATGCATATGGATTCCAAG	1
140	139	1	CTCCGATGCATATGGATTCCAAGC	1
141	140	1	TCCGATGCATATGGATTCCAAGCA	1
142	141	1	CCGATGCATATGGATTCCAAGCAT	1
143	142	1	CGATGCATATGGATTCCAAGCATC	1
144	143	1	GATGCATATGGATTCCAAGCATCG	1
145	144	1	ATGCATATGGATTCCAAGCATCGT	1
146	145	1	TGCATATGGATTCCAAGCATCGTC	1
147	146	3	GCATATGGATTCCAAGCATCGTCT	1
148	147	2	CATATGGATTCCAAGCATCGTCTG	1
149	148	2	ATATGGATTCCAAGCATCGTCTGT	1
150	149	3	TATGGATTCCAAGCATCGTCTGTG	1
151	150	3	ATGGATTCCAAGCATCGTCTGTGC	1
152	151	3	TGGATTCCAAGCATCGTCTGTGCT	1
153	152	3	GGATTCCAAGCATCGTCTGTGCTA	1
154	153	3	GATTCCAAGCATCGTCTGTGCTAA	1
155	154	3	ATTCCAAGCATCGTCTGTGCTAAA	1
156	155	3	TTCCAAGCATCGTCTGTGCTAAAC	1
157	156	3	TCCAAGCATCGTCTGTGCTAAACG	1
158	157	3	CCAAGCATCGTCTGTGCTAAACGC	1
159	158	3	CAAGCATCGTCTGTGCTAAACGCT	1
160	159	3	AAGCATCGTCTGTGCTAAACGCTC	1
161	160	3	AGCATCGTCTGTGCTAAACGCTCT	1
162	161	3	GCATCGTCTGTGCTAAACGCTCTT	1
163	162	3	CATCGTCTGTGCTAAACGCTCTTT	1
164	163	3	ATCGTCTGTGCTAAACGCTCTTTA	1
165	164	3	TCGTCTGTGCTAAACGCTCTTTAC	1
166	165	3	CGTCTGTGCTAAACGCTCTTTACT	1
167	166	3	GTCTGTGCTAAACGCTCTTTACTT	1
168	167	3	TCTGTGCTAAACGCTCTTTACTTT	1
169	168	3	CTGTGCTAAACGCTCTTTACTTTT	1
170	169	3	TGTGCTAAACGCTCTTTACTTTTT	1
171	170	3	GTGCTAAACGCTCTTTACTTTTTT	1
172	171	3	TGCTAAACGCTCTTTACTTTTTTT	1
173	172	3	GCTAAACGCTCTTTACTTTTTTTC	1
174	173	3	CTAAACGCTCTTTACTTTTTTTCA	1
175	174	3	TAAACGCTCTTTACTTTTTTTCAT	1
176	175	3	AAACGCTCTTTACTTTTTTTCATA	1
177	176	3	AACGCTCTTTACTTTTTTTCATAG	1
178	177	3	ACGCTCTTTACTTTTTTTCATAGC	1
179	178	3	CGCTCTTTACTTTTTTTCATAGCT	1
180	179	3	GCTCTTTACTTTTTTTCATAGCTT	1
181	180	3	CTCTTTACTTTTTTTCATAGCTTT	1
182	181	3	TCTTTACTTTTTTTCATAGCTTTG	1
183	182	3	CTTTACTTTTTTTCATAGCTTTGA	1
184	183	3	TTTACTTTTTTTCATAGCTTTGAA	1
185	184	3	TTACTTTTTTTCATAGCTTTGAAA	1
186	185	3	TACTTTTTTTCATAGCTTTGAAAT	1
187	186	3	ACTTTTTTTCATAGCTTTGAAATG	1
188	187	3	CTTTTTTTCATAGCTTTGAAATGC	1
189	188	3	TTTTTTTCATAGCTTTGAAATGCT	1
190	189	3	TTTTTTCATAGCTTTGAAATGCTC	1
191	190	1	TTTTTCATAGCTTTGAAATGCTCC	1
192	191	1	TTTTCATAGCTTTGAAATGCTCCT	1
193	192	1	TTTCATAGCTTTGAAATGCTCCTT	1
