Component 34
1	-1	0	TTATCGGTTCTACTACTGCTGGAT	1
2	1	1	TATCGGTTCTACTACTGCTGGATA	1
3	2	1	ATCGGTTCTACTACTGCTGGATAC	1
4	3	1	TCGGTTCTACTACTGCTGGATACC	1
5	4	1	CGGTTCTACTACTGCTGGATACCA	1
6	5	1	GGTTCTACTACTGCTGGATACCAC	1
7	6	1	GTTCTACTACTGCTGGATACCACG	1
8	7	1	TTCTACTACTGCTGGATACCACGG	1
9	8	1	TCTACTACTGCTGGATACCACGGG	1
10	9	1	CTACTACTGCTGGATACCACGGGT	1
11	10	2	TACTACTGCTGGATACCACGGGTG	1
12	11	2	ACTACTGCTGGATACCACGGGTGG	1
13	12	2	CTACTGCTGGATACCACGGGTGGT	1
14	13	2	TACTGCTGGATACCACGGGTGGTT	1
15	14	2	ACTGCTGGATACCACGGGTGGTTT	1
16	15	2	CTGCTGGATACCACGGGTGGTTTG	1
17	16	2	TGCTGGATACCACGGGTGGTTTGA	1
18	17	2	GCTGGATACCACGGGTGGTTTGAC	1
19	18	2	CTGGATACCACGGGTGGTTTGACT	1
20	19	2	TGGATACCACGGGTGGTTTGACTA	1
21	20	2	GGATACCACGGGTGGTTTGACTAT	1
22	21	2	GATACCACGGGTGGTTTGACTATT	1
23	22	2	ATACCACGGGTGGTTTGACTATTC	1
24	23	2	TACCACGGGTGGTTTGACTATTCA	1
25	24	2	ACCACGGGTGGTTTGACTATTCAC	1
26	25	2	CCACGGGTGGTTTGACTATTCACA	1
27	26	2	CACGGGTGGTTTGACTATTCACAC	1
28	27	2	ACGGGTGGTTTGACTATTCACACG	1
29	28	2	CGGGTGGTTTGACTATTCACACGT	1
30	29	2	GGGTGGTTTGACTATTCACACGTT	1
31	30	2	GGTGGTTTGACTATTCACACGTTA	1
32	31	2	GTGGTTTGACTATTCACACGTTAT	1
33	32	2	TGGTTTGACTATTCACACGTTATA	1
34	33	2	GGTTTGACTATTCACACGTTATAT	1
35	34	2	GTTTGACTATTCACACGTTATATC	1
36	35	2	TTTGACTATTCACACGTTATATCT	1
37	36	2	TTGACTATTCACACGTTATATCTC	1
38	37	2	TGACTATTCACACGTTATATCTCG	1
39	38	2	GACTATTCACACGTTATATCTCGA	1
40	39	2	ACTATTCACACGTTATATCTCGAT	1
41	40	2	CTATTCACACGTTATATCTCGATT	1
42	41	2	TATTCACACGTTATATCTCGATTT	1
43	42	2	ATTCACACGTTATATCTCGATTTA	1
44	43	2	TTCACACGTTATATCTCGATTTAA	1
45	44	2	TCACACGTTATATCTCGATTTAAT	1
46	45	1	CACACGTTATATCTCGATTTAATG	1
47	46	1	ACACGTTATATCTCGATTTAATGA	1
48	47	1	CACGTTATATCTCGATTTAATGAA	1
49	48	1	ACGTTATATCTCGATTTAATGAAG	1
50	49	1	CGTTATATCTCGATTTAATGAAGT	1
51	50	1	GTTATATCTCGATTTAATGAAGTC	1
52	51	1	TTATATCTCGATTTAATGAAGTCC	1
53	52	1	TATATCTCGATTTAATGAAGTCCC	1
54	53	1	ATATCTCGATTTAATGAAGTCCCT	1
55	-1	0	GTTCGCTTATTATTTTCGTTGCCT	1
56	55	1	TTCGCTTATTATTTTCGTTGCCTT	1
57	56	1	TCGCTTATTATTTTCGTTGCCTTG	1
58	57	1	CGCTTATTATTTTCGTTGCCTTGT	1
59	58	1	GCTTATTATTTTCGTTGCCTTGTT	1
60	59	1	CTTATTATTTTCGTTGCCTTGTTC	1
61	60	1	TTATTATTTTCGTTGCCTTGTTCG	1
62	61	1	TATTATTTTCGTTGCCTTGTTCGC	1
63	62	1	ATTATTTTCGTTGCCTTGTTCGCT	1
64	63	1	TTATTTTCGTTGCCTTGTTCGCTA	1
65	64	1	TATTTTCGTTGCCTTGTTCGCTAC	1
66	65	1	ATTTTCGTTGCCTTGTTCGCTACG	1
67	66	1	TTTTCGTTGCCTTGTTCGCTACGA	1
68	67	1	TTTCGTTGCCTTGTTCGCTACGAC	1
69	68	1	TTCGTTGCCTTGTTCGCTACGACT	1
70	69	1	TCGTTGCCTTGTTCGCTACGACTT	1
71	70	1	CGTTGCCTTGTTCGCTACGACTTT	1
72	71	1	GTTGCCTTGTTCGCTACGACTTTA	1
73	72	1	TTGCCTTGTTCGCTACGACTTTAC	1
74	73	1	TGCCTTGTTCGCTACGACTTTACT	1
75	74	1	GCCTTGTTCGCTACGACTTTACTA	1
76	75	1	CCTTGTTCGCTACGACTTTACTAA	1
77	76	1	CTTGTTCGCTACGACTTTACTAAA	1
78	77	1	TTGTTCGCTACGACTTTACTAAAA	1
79	78	1	TGTTCGCTACGACTTTACTAAAAA	1
80	79	1	GTTCGCTACGACTTTACTAAAAAG	1
81	80	2	TTCGCTACGACTTTACTAAAAAGA	1
82	81	2	TCGCTACGACTTTACTAAAAAGAA	1
83	82	2	CGCTACGACTTTACTAAAAAGAAC	1
84	83	2	GCTACGACTTTACTAAAAAGAACA	1
85	84	2	CTACGACTTTACTAAAAAGAACAA	1
86	85	2	TACGACTTTACTAAAAAGAACAAT	1
87	86	2	ACGACTTTACTAAAAAGAACAATC	1
88	87	2	CGACTTTACTAAAAAGAACAATCG	1
89	88	3	GACTTTACTAAAAAGAACAATCGG	1
90	89	3	ACTTTACTAAAAAGAACAATCGGT	1
91	90	3	CTTTACTAAAAAGAACAATCGGTC	1
92	91	3	TTTACTAAAAAGAACAATCGGTCA	1
93	92	3	TTACTAAAAAGAACAATCGGTCAA	1
94	93	3	TACTAAAAAGAACAATCGGTCAAT	1
95	94	3	ACTAAAAAGAACAATCGGTCAATT	1
96	95	3	CTAAAAAGAACAATCGGTCAATTG	1
97	96	3	TAAAAAGAACAATCGGTCAATTGC	1
98	97	3	AAAAAGAACAATCGGTCAATTGCA	1
99	98	3	AAAAGAACAATCGGTCAATTGCAA	1
100	99	2	AAAGAACAATCGGTCAATTGCAAT	1
101	100	2	AAGAACAATCGGTCAATTGCAATG	1
102	101	2	AGAACAATCGGTCAATTGCAATGG	1
103	102	2	GAACAATCGGTCAATTGCAATGGC	1
104	103	2	AACAATCGGTCAATTGCAATGGCT	1
105	104	2	ACAATCGGTCAATTGCAATGGCTC	1
106	105	2	CAATCGGTCAATTGCAATGGCTCT	1
107	106	2	AATCGGTCAATTGCAATGGCTCTC	1
108	107	2	ATCGGTCAATTGCAATGGCTCTCA	1
109	108	2	TCGGTCAATTGCAATGGCTCTCAC	1
110	109	2	CGGTCAATTGCAATGGCTCTCACT	1
111	110	2	GGTCAATTGCAATGGCTCTCACTG	1
112	111	2	GTCAATTGCAATGGCTCTCACTGA	1
113	112	2	TCAATTGCAATGGCTCTCACTGAG	1
114	113	2	CAATTGCAATGGCTCTCACTGAGT	1
115	114	2	AATTGCAATGGCTCTCACTGAGTT	1
116	115	2	ATTGCAATGGCTCTCACTGAGTTT	1
117	116	2	TTGCAATGGCTCTCACTGAGTTTC	1
118	117	2	TGCAATGGCTCTCACTGAGTTTCG	1
119	118	2	GCAATGGCTCTCACTGAGTTTCGT	1
120	119	2	CAATGGCTCTCACTGAGTTTCGTA	1
121	120	2	AATGGCTCTCACTGAGTTTCGTAG	1
122	121	2	ATGGCTCTCACTGAGTTTCGTAGT	1
123	122	2	TGGCTCTCACTGAGTTTCGTAGTT	1
124	123	2	GGCTCTCACTGAGTTTCGTAGTTT	1
125	124	1	GCTCTCACTGAGTTTCGTAGTTTT	1
126	125	1	CTCTCACTGAGTTTCGTAGTTTTA	1
127	126	2	TCTCACTGAGTTTCGTAGTTTTAG	1
128	127	2	CTCACTGAGTTTCGTAGTTTTAGG	1
129	128	2	TCACTGAGTTTCGTAGTTTTAGGA	1
130	129	2	CACTGAGTTTCGTAGTTTTAGGAG	1
131	130	2	ACTGAGTTTCGTAGTTTTAGGAGT	1
132	131	2	CTGAGTTTCGTAGTTTTAGGAGTT	1
133	132	1	TGAGTTTCGTAGTTTTAGGAGTTG	1
134	133	1	GAGTTTCGTAGTTTTAGGAGTTGC	1
135	134	1	AGTTTCGTAGTTTTAGGAGTTGCA	1
136	135	1	GTTTCGTAGTTTTAGGAGTTGCAA	1
137	136	1	TTTCGTAGTTTTAGGAGTTGCAAT	1
138	137	1	TTCGTAGTTTTAGGAGTTGCAATT	1
139	138	1	TCGTAGTTTTAGGAGTTGCAATTG	1
140	139	1	CGTAGTTTTAGGAGTTGCAATTGT	1
141	140	1	GTAGTTTTAGGAGTTGCAATTGTT	1
142	141	1	TAGTTTTAGGAGTTGCAATTGTTG	1
143	142	1	AGTTTTAGGAGTTGCAATTGTTGG	1
144	143	1	GTTTTAGGAGTTGCAATTGTTGGT	1
145	144	1	TTTTAGGAGTTGCAATTGTTGGTT	1
146	145	1	TTTAGGAGTTGCAATTGTTGGTTA	1
147	146	1	TTAGGAGTTGCAATTGTTGGTTAT	1
148	147	1	TAGGAGTTGCAATTGTTGGTTATT	1
149	148	1	AGGAGTTGCAATTGTTGGTTATTC	1
150	149	1	GGAGTTGCAATTGTTGGTTATTCT	1
151	150	1	GAGTTGCAATTGTTGGTTATTCTG	1
152	151	1	AGTTGCAATTGTTGGTTATTCTGG	1
153	152	1	GTTGCAATTGTTGGTTATTCTGGA	1
154	153	1	TTGCAATTGTTGGTTATTCTGGAT	1
155	154	1	TGCAATTGTTGGTTATTCTGGATC	1
156	155	1	GCAATTGTTGGTTATTCTGGATCC	1
157	156	1	CAATTGTTGGTTATTCTGGATCCT	1
158	157	2	AATTGTTGGTTATTCTGGATCCTC	1
159	158	2	ATTGTTGGTTATTCTGGATCCTCT	1
160	159	2	TTGTTGGTTATTCTGGATCCTCTT	1
161	160	2	TGTTGGTTATTCTGGATCCTCTTC	1
162	161	2	GTTGGTTATTCTGGATCCTCTTCT	1
163	162	2	TTGGTTATTCTGGATCCTCTTCTT	1
164	163	2	TGGTTATTCTGGATCCTCTTCTTC	1
165	164	2	GGTTATTCTGGATCCTCTTCTTCT	1
166	165	2	GTTATTCTGGATCCTCTTCTTCTA	1
167	166	2	TTATTCTGGATCCTCTTCTTCTAT	1
168	167	3	TATTCTGGATCCTCTTCTTCTATT	1
169	168	3	ATTCTGGATCCTCTTCTTCTATTG	1
170	169	3	TTCTGGATCCTCTTCTTCTATTGG	1
171	170	2	TCTGGATCCTCTTCTTCTATTGGT	1
172	171	2	CTGGATCCTCTTCTTCTATTGGTT	1
173	172	2	TGGATCCTCTTCTTCTATTGGTTC	1
174	173	2	GGATCCTCTTCTTCTATTGGTTCA	1
175	174	2	GATCCTCTTCTTCTATTGGTTCAA	1
176	175	2	ATCCTCTTCTTCTATTGGTTCAAA	1
177	176	2	TCCTCTTCTTCTATTGGTTCAAAT	1
178	177	2	CCTCTTCTTCTATTGGTTCAAATC	1
179	178	2	CTCTTCTTCTATTGGTTCAAATCC	1
180	179	2	TCTTCTTCTATTGGTTCAAATCCC	1
181	180	2	CTTCTTCTATTGGTTCAAATCCCA	1
182	181	2	TTCTTCTATTGGTTCAAATCCCAT	1
183	182	2	TCTTCTATTGGTTCAAATCCCATT	1
184	183	2	CTTCTATTGGTTCAAATCCCATTT	1
185	184	2	TTCTATTGGTTCAAATCCCATTTT	1
186	185	2	TCTATTGGTTCAAATCCCATTTTA	1
187	186	2	CTATTGGTTCAAATCCCATTTTAG	1
188	187	2	TATTGGTTCAAATCCCATTTTAGG	1
189	188	2	ATTGGTTCAAATCCCATTTTAGGA	1
190	189	2	TTGGTTCAAATCCCATTTTAGGAA	1
191	190	2	TGGTTCAAATCCCATTTTAGGAAT	1
192	191	2	GGTTCAAATCCCATTTTAGGAATT	1
193	192	2	GTTCAAATCCCATTTTAGGAATTA	1
194	193	2	TTCAAATCCCATTTTAGGAATTAC	1
195	194	2	TCAAATCCCATTTTAGGAATTACT	1
196	195	2	CAAATCCCATTTTAGGAATTACTG	1
197	196	2	AAATCCCATTTTAGGAATTACTGC	1
198	197	2	AATCCCATTTTAGGAATTACTGCA	1
199	198	2	ATCCCATTTTAGGAATTACTGCAG	1
200	199	2	TCCCATTTTAGGAATTACTGCAGT	1
201	200	2	CCCATTTTAGGAATTACTGCAGTT	1
202	201	1	CCATTTTAGGAATTACTGCAGTTT	1
203	202	1	CATTTTAGGAATTACTGCAGTTTT	1
204	203	1	ATTTTAGGAATTACTGCAGTTTTA	1
205	204	1	TTTTAGGAATTACTGCAGTTTTAA	1
206	205	1	TTTAGGAATTACTGCAGTTTTAAT	1
207	206	1	TTAGGAATTACTGCAGTTTTAATC	1
208	207	1	TAGGAATTACTGCAGTTTTAATCG	1
209	208	1	AGGAATTACTGCAGTTTTAATCGG	1
210	209	1	GGAATTACTGCAGTTTTAATCGGC	1
211	210	1	GAATTACTGCAGTTTTAATCGGCC	1
