Component 341
1	-1	0	TGGTACTGGTAAAACTACATTCTG	1
2	1	1	GGTACTGGTAAAACTACATTCTGC	1
3	2	1	GTACTGGTAAAACTACATTCTGCA	1
4	3	1	TACTGGTAAAACTACATTCTGCAA	1
5	4	1	ACTGGTAAAACTACATTCTGCAAG	1
6	5	1	CTGGTAAAACTACATTCTGCAAGT	1
7	6	1	TGGTAAAACTACATTCTGCAAGTG	1
8	7	1	GGTAAAACTACATTCTGCAAGTGG	1
9	8	1	GTAAAACTACATTCTGCAAGTGGA	1
10	9	1	TAAAACTACATTCTGCAAGTGGAT	1
11	10	1	AAAACTACATTCTGCAAGTGGATG	1
12	11	1	AAACTACATTCTGCAAGTGGATGG	1
13	12	1	AACTACATTCTGCAAGTGGATGGC	1
14	13	1	ACTACATTCTGCAAGTGGATGGCT	1
15	14	1	CTACATTCTGCAAGTGGATGGCTA	1
16	15	3	TACATTCTGCAAGTGGATGGCTAA	1
17	16	3	ACATTCTGCAAGTGGATGGCTAAG	1
18	17	3	CATTCTGCAAGTGGATGGCTAAGA	1
19	18	3	ATTCTGCAAGTGGATGGCTAAGAA	1
20	19	3	TTCTGCAAGTGGATGGCTAAGAAC	1
21	20	3	TCTGCAAGTGGATGGCTAAGAACT	1
22	21	3	CTGCAAGTGGATGGCTAAGAACTC	1
23	22	3	TGCAAGTGGATGGCTAAGAACTCG	1
24	23	3	GCAAGTGGATGGCTAAGAACTCGG	1
25	24	3	CAAGTGGATGGCTAAGAACTCGGA	1
26	25	3	AAGTGGATGGCTAAGAACTCGGAT	1
27	26	3	AGTGGATGGCTAAGAACTCGGATT	1
28	27	3	GTGGATGGCTAAGAACTCGGATTT	1
29	28	3	TGGATGGCTAAGAACTCGGATTTG	1
30	29	3	GGATGGCTAAGAACTCGGATTTGA	1
31	30	3	GATGGCTAAGAACTCGGATTTGAA	1
32	31	3	ATGGCTAAGAACTCGGATTTGAAG	1
33	32	3	TGGCTAAGAACTCGGATTTGAAGA	1
34	33	3	GGCTAAGAACTCGGATTTGAAGAT	1
35	34	3	GCTAAGAACTCGGATTTGAAGATT	1
36	35	3	CTAAGAACTCGGATTTGAAGATTA	1
37	36	3	TAAGAACTCGGATTTGAAGATTAG	1
38	37	3	AAGAACTCGGATTTGAAGATTAGC	1
39	38	3	AGAACTCGGATTTGAAGATTAGCA	1
40	39	3	GAACTCGGATTTGAAGATTAGCAT	1
41	40	3	AACTCGGATTTGAAGATTAGCATG	1
42	41	3	ACTCGGATTTGAAGATTAGCATGA	1
43	42	3	CTCGGATTTGAAGATTAGCATGAA	1
44	43	3	TCGGATTTGAAGATTAGCATGAAG	1
45	44	3	CGGATTTGAAGATTAGCATGAAGC	1
46	45	2	GGATTTGAAGATTAGCATGAAGCC	1
47	46	3	GATTTGAAGATTAGCATGAAGCCC	1
48	47	3	ATTTGAAGATTAGCATGAAGCCCC	1
49	48	3	TTTGAAGATTAGCATGAAGCCCCA	1
50	49	3	TTGAAGATTAGCATGAAGCCCCAA	1
51	50	3	TGAAGATTAGCATGAAGCCCCAAA	1
52	51	3	GAAGATTAGCATGAAGCCCCAAAC	1
53	52	3	AAGATTAGCATGAAGCCCCAAACA	1
54	53	3	AGATTAGCATGAAGCCCCAAACAA	1
55	54	3	GATTAGCATGAAGCCCCAAACAAT	1
56	55	3	ATTAGCATGAAGCCCCAAACAATC	1
57	56	3	TTAGCATGAAGCCCCAAACAATCG	1
58	57	3	TAGCATGAAGCCCCAAACAATCGC	1
59	58	3	AGCATGAAGCCCCAAACAATCGCA	1
60	59	1	GCATGAAGCCCCAAACAATCGCAC	1
61	60	1	CATGAAGCCCCAAACAATCGCACC	1
62	61	1	ATGAAGCCCCAAACAATCGCACCT	1
63	62	1	TGAAGCCCCAAACAATCGCACCTA	1
64	63	1	GAAGCCCCAAACAATCGCACCTAA	1
65	64	1	AAGCCCCAAACAATCGCACCTAAA	1
66	65	1	AGCCCCAAACAATCGCACCTAAAT	1
67	66	1	GCCCCAAACAATCGCACCTAAATT	1
68	67	1	CCCCAAACAATCGCACCTAAATTT	1
69	68	1	CCCAAACAATCGCACCTAAATTTC	1
70	69	1	CCAAACAATCGCACCTAAATTTCA	1
71	70	1	CAAACAATCGCACCTAAATTTCAA	1
72	71	1	AAACAATCGCACCTAAATTTCAAG	1
73	72	1	AACAATCGCACCTAAATTTCAAGG	1
74	73	1	ACAATCGCACCTAAATTTCAAGGT	1
75	74	1	CAATCGCACCTAAATTTCAAGGTA	1
76	75	1	AATCGCACCTAAATTTCAAGGTAC	1
77	76	1	ATCGCACCTAAATTTCAAGGTACC	1
78	77	1	TCGCACCTAAATTTCAAGGTACCG	1
79	78	1	CGCACCTAAATTTCAAGGTACCGT	1
80	79	1	GCACCTAAATTTCAAGGTACCGTA	1
81	-1	0	CGAGCCTTCGTCTTATTTGGATAT	1
82	81	2	GAGCCTTCGTCTTATTTGGATATT	1
83	82	2	AGCCTTCGTCTTATTTGGATATTA	1
84	83	2	GCCTTCGTCTTATTTGGATATTAA	1
85	84	2	CCTTCGTCTTATTTGGATATTAAA	1
86	85	2	CTTCGTCTTATTTGGATATTAAAC	1
87	86	2	TTCGTCTTATTTGGATATTAAACA	1
88	87	2	TCGTCTTATTTGGATATTAAACAA	1
89	88	2	CGTCTTATTTGGATATTAAACAAC	1
90	89	2	GTCTTATTTGGATATTAAACAACG	1
91	90	2	TCTTATTTGGATATTAAACAACGT	1
92	91	2	CTTATTTGGATATTAAACAACGTC	1
93	92	2	TTATTTGGATATTAAACAACGTCT	1
94	93	2	TATTTGGATATTAAACAACGTCTC	1
95	94	2	ATTTGGATATTAAACAACGTCTCA	1
96	95	2	TTTGGATATTAAACAACGTCTCAA	1
97	96	2	TTGGATATTAAACAACGTCTCAAA	1
98	97	2	TGGATATTAAACAACGTCTCAAAG	1
99	98	2	GGATATTAAACAACGTCTCAAAGC	1
100	99	2	GATATTAAACAACGTCTCAAAGCT	1
101	100	2	ATATTAAACAACGTCTCAAAGCTG	1
102	101	2	TATTAAACAACGTCTCAAAGCTGG	1
103	102	2	ATTAAACAACGTCTCAAAGCTGGT	1
104	103	2	TTAAACAACGTCTCAAAGCTGGTC	1
105	104	2	TAAACAACGTCTCAAAGCTGGTCG	1
106	105	2	AAACAACGTCTCAAAGCTGGTCGT	1
107	106	2	AACAACGTCTCAAAGCTGGTCGTG	1
108	107	2	ACAACGTCTCAAAGCTGGTCGTGT	1
109	108	2	CAACGTCTCAAAGCTGGTCGTGTA	1
110	109	2	AACGTCTCAAAGCTGGTCGTGTAA	1
111	110	2	ACGTCTCAAAGCTGGTCGTGTAAT	1
112	111	3	CGTCTCAAAGCTGGTCGTGTAATC	1
113	112	3	GTCTCAAAGCTGGTCGTGTAATCC	1
114	113	3	TCTCAAAGCTGGTCGTGTAATCCG	1
115	114	3	CTCAAAGCTGGTCGTGTAATCCGC	1
116	115	3	TCAAAGCTGGTCGTGTAATCCGCA	1
117	116	3	CAAAGCTGGTCGTGTAATCCGCAG	1
118	117	3	AAAGCTGGTCGTGTAATCCGCAGC	1
119	118	3	AAGCTGGTCGTGTAATCCGCAGCT	1
120	119	3	AGCTGGTCGTGTAATCCGCAGCTT	1
121	120	3	GCTGGTCGTGTAATCCGCAGCTTG	1
122	121	3	CTGGTCGTGTAATCCGCAGCTTGT	1
123	122	3	TGGTCGTGTAATCCGCAGCTTGTT	1
124	123	3	GGTCGTGTAATCCGCAGCTTGTTG	1
125	124	3	GTCGTGTAATCCGCAGCTTGTTGG	1
126	125	1	TCGTGTAATCCGCAGCTTGTTGGC	1
127	126	1	CGTGTAATCCGCAGCTTGTTGGCT	1
128	127	1	GTGTAATCCGCAGCTTGTTGGCTA	1
129	128	1	TGTAATCCGCAGCTTGTTGGCTAC	1
130	129	1	GTAATCCGCAGCTTGTTGGCTACT	1
131	130	1	TAATCCGCAGCTTGTTGGCTACTA	1
132	131	1	AATCCGCAGCTTGTTGGCTACTAC	1
133	132	1	ATCCGCAGCTTGTTGGCTACTACC	1
134	133	1	TCCGCAGCTTGTTGGCTACTACCA	1
135	134	1	CCGCAGCTTGTTGGCTACTACCAA	1
136	135	1	CGCAGCTTGTTGGCTACTACCAAC	1
137	136	1	GCAGCTTGTTGGCTACTACCAACT	1
138	137	1	CAGCTTGTTGGCTACTACCAACTA	1
139	138	1	AGCTTGTTGGCTACTACCAACTAT	1
140	139	1	GCTTGTTGGCTACTACCAACTATG	1
141	140	1	CTTGTTGGCTACTACCAACTATGT	1
142	141	1	TTGTTGGCTACTACCAACTATGTG	1
143	142	1	TGTTGGCTACTACCAACTATGTGA	1
144	143	1	GTTGGCTACTACCAACTATGTGAT	1
145	144	1	TTGGCTACTACCAACTATGTGATT	1
146	145	1	TGGCTACTACCAACTATGTGATTG	1
147	146	1	GGCTACTACCAACTATGTGATTGT	1
148	147	1	GCTACTACCAACTATGTGATTGTT	1
149	148	1	CTACTACCAACTATGTGATTGTTG	1
150	149	1	TACTACCAACTATGTGATTGTTGT	1
151	150	1	ACTACCAACTATGTGATTGTTGTT	1
152	151	1	CTACCAACTATGTGATTGTTGTTG	1
153	152	1	TACCAACTATGTGATTGTTGTTGA	1
154	153	1	ACCAACTATGTGATTGTTGTTGAA	1
155	154	1	CCAACTATGTGATTGTTGTTGAAC	1
156	-1	0	ATGGTGTTGTCACTCTCCCCTATT	1
157	156	1	TGGTGTTGTCACTCTCCCCTATTC	1
158	157	1	GGTGTTGTCACTCTCCCCTATTCT	1
159	158	1	GTGTTGTCACTCTCCCCTATTCTG	1
160	159	1	TGTTGTCACTCTCCCCTATTCTGT	1
161	160	1	GTTGTCACTCTCCCCTATTCTGTT	1
162	161	1	TTGTCACTCTCCCCTATTCTGTTC	1
163	162	1	TGTCACTCTCCCCTATTCTGTTCG	1
164	163	1	GTCACTCTCCCCTATTCTGTTCGT	1
165	164	1	TCACTCTCCCCTATTCTGTTCGTG	1
166	165	1	CACTCTCCCCTATTCTGTTCGTGA	1
167	166	1	ACTCTCCCCTATTCTGTTCGTGAA	1
168	167	1	CTCTCCCCTATTCTGTTCGTGAAG	1
169	168	1	TCTCCCCTATTCTGTTCGTGAAGG	1
170	169	1	CTCCCCTATTCTGTTCGTGAAGGT	1
171	170	1	TCCCCTATTCTGTTCGTGAAGGTA	1
172	171	1	CCCCTATTCTGTTCGTGAAGGTAT	1
173	172	1	CCCTATTCTGTTCGTGAAGGTATT	1
174	173	1	CCTATTCTGTTCGTGAAGGTATTA	1
175	174	1	CTATTCTGTTCGTGAAGGTATTAA	1
176	175	1	TATTCTGTTCGTGAAGGTATTAAT	1
177	176	1	ATTCTGTTCGTGAAGGTATTAATA	1
178	177	1	TTCTGTTCGTGAAGGTATTAATAT	1
179	178	1	TCTGTTCGTGAAGGTATTAATATT	1
180	179	1	CTGTTCGTGAAGGTATTAATATTT	1
181	180	1	TGTTCGTGAAGGTATTAATATTTT	1
182	181	1	GTTCGTGAAGGTATTAATATTTTC	1
183	182	1	TTCGTGAAGGTATTAATATTTTCC	1
184	183	1	TCGTGAAGGTATTAATATTTTCCT	1
185	184	1	CGTGAAGGTATTAATATTTTCCTT	1
186	185	2	GTGAAGGTATTAATATTTTCCTTG	1
187	186	2	TGAAGGTATTAATATTTTCCTTGA	1
188	187	2	GAAGGTATTAATATTTTCCTTGAC	1
189	188	2	AAGGTATTAATATTTTCCTTGACG	1
190	189	2	AGGTATTAATATTTTCCTTGACGG	1
191	190	2	GGTATTAATATTTTCCTTGACGGT	1
192	191	2	GTATTAATATTTTCCTTGACGGTC	1
193	192	2	TATTAATATTTTCCTTGACGGTCA	1
194	193	2	ATTAATATTTTCCTTGACGGTCAT	1
195	194	2	TTAATATTTTCCTTGACGGTCATA	1
196	195	2	TAATATTTTCCTTGACGGTCATAT	1
197	196	2	AATATTTTCCTTGACGGTCATATT	1
198	197	2	ATATTTTCCTTGACGGTCATATTC	1
199	198	2	TATTTTCCTTGACGGTCATATTCC	1
200	199	2	ATTTTCCTTGACGGTCATATTCCT	1
201	200	1	TTTTCCTTGACGGTCATATTCCTA	1
202	201	1	TTTCCTTGACGGTCATATTCCTAC	1
203	202	1	TTCCTTGACGGTCATATTCCTACC	1
204	203	1	TCCTTGACGGTCATATTCCTACCG	1
205	204	1	CCTTGACGGTCATATTCCTACCGA	1
206	205	1	CTTGACGGTCATATTCCTACCGAG	1
207	206	1	TTGACGGTCATATTCCTACCGAGA	1
208	207	2	TGACGGTCATATTCCTACCGAGAA	1
209	208	2	GACGGTCATATTCCTACCGAGAAT	1
210	209	2	ACGGTCATATTCCTACCGAGAATT	1
211	210	2	CGGTCATATTCCTACCGAGAATTT	1
212	211	2	GGTCATATTCCTACCGAGAATTTG	1
213	212	2	GTCATATTCCTACCGAGAATTTGA	1
214	213	2	TCATATTCCTACCGAGAATTTGAG	1
215	214	2	CATATTCCTACCGAGAATTTGAGA	1
216	215	2	ATATTCCTACCGAGAATTTGAGAT	1
217	216	2	TATTCCTACCGAGAATTTGAGATT	1
218	217	2	ATTCCTACCGAGAATTTGAGATTC	1
219	218	2	TTCCTACCGAGAATTTGAGATTCC	1
220	219	2	TCCTACCGAGAATTTGAGATTCCG	1
221	220	2	CCTACCGAGAATTTGAGATTCCGT	1
222	221	2	CTACCGAGAATTTGAGATTCCGTT	1
223	222	2	TACCGAGAATTTGAGATTCCGTTC	1
224	223	2	ACCGAGAATTTGAGATTCCGTTCT	1
225	224	2	CCGAGAATTTGAGATTCCGTTCTG	1
226	225	2	CGAGAATTTGAGATTCCGTTCTGA	1
227	226	2	GAGAATTTGAGATTCCGTTCTGAG	1
228	227	3	AGAATTTGAGATTCCGTTCTGAGG	1
229	228	3	GAATTTGAGATTCCGTTCTGAGGC	1
230	229	2	AATTTGAGATTCCGTTCTGAGGCA	1
231	230	2	ATTTGAGATTCCGTTCTGAGGCAT	1
232	231	2	TTTGAGATTCCGTTCTGAGGCATT	1
233	232	2	TTGAGATTCCGTTCTGAGGCATTG	1
234	233	2	TGAGATTCCGTTCTGAGGCATTGA	1
235	234	2	GAGATTCCGTTCTGAGGCATTGAC	1
236	235	2	AGATTCCGTTCTGAGGCATTGACA	1
237	236	2	GATTCCGTTCTGAGGCATTGACAT	1
238	237	2	ATTCCGTTCTGAGGCATTGACATT	1
239	238	2	TTCCGTTCTGAGGCATTGACATTC	1
240	239	2	TCCGTTCTGAGGCATTGACATTCC	1
241	240	2	CCGTTCTGAGGCATTGACATTCCG	1
242	241	2	CGTTCTGAGGCATTGACATTCCGT	1
243	242	2	GTTCTGAGGCATTGACATTCCGTC	1
244	243	2	TTCTGAGGCATTGACATTCCGTCT	1
245	244	2	TCTGAGGCATTGACATTCCGTCTT	1
246	245	2	CTGAGGCATTGACATTCCGTCTTG	1
247	246	2	TGAGGCATTGACATTCCGTCTTGC	1
248	247	2	GAGGCATTGACATTCCGTCTTGCT	1
249	248	3	AGGCATTGACATTCCGTCTTGCTG	1
250	249	3	GGCATTGACATTCCGTCTTGCTGA	1
251	250	3	GCATTGACATTCCGTCTTGCTGAC	1
252	251	2	CATTGACATTCCGTCTTGCTGACG	1
253	252	2	ATTGACATTCCGTCTTGCTGACGC	1
254	253	2	TTGACATTCCGTCTTGCTGACGCA	1
255	254	2	TGACATTCCGTCTTGCTGACGCAT	1
256	255	2	GACATTCCGTCTTGCTGACGCATC	1
257	256	2	ACATTCCGTCTTGCTGACGCATCT	1
258	257	2	CATTCCGTCTTGCTGACGCATCTG	1
259	258	2	ATTCCGTCTTGCTGACGCATCTGA	1
260	259	2	TTCCGTCTTGCTGACGCATCTGAT	1
261	260	2	TCCGTCTTGCTGACGCATCTGATG	1
262	261	2	CCGTCTTGCTGACGCATCTGATGA	1
263	262	2	CGTCTTGCTGACGCATCTGATGAA	1
264	263	2	GTCTTGCTGACGCATCTGATGAAA	1
265	264	2	TCTTGCTGACGCATCTGATGAAAT	1
266	265	2	CTTGCTGACGCATCTGATGAAATT	1
267	266	2	TTGCTGACGCATCTGATGAAATTA	1
268	267	2	TGCTGACGCATCTGATGAAATTAC	1
269	268	2	GCTGACGCATCTGATGAAATTACC	1
270	269	2	CTGACGCATCTGATGAAATTACCG	1
271	270	2	TGACGCATCTGATGAAATTACCGC	1
272	271	1	GACGCATCTGATGAAATTACCGCT	1
273	272	1	ACGCATCTGATGAAATTACCGCTG	1
274	273	1	CGCATCTGATGAAATTACCGCTGA	1
275	274	1	GCATCTGATGAAATTACCGCTGAC	1
276	275	2	CATCTGATGAAATTACCGCTGACA	1
277	276	2	ATCTGATGAAATTACCGCTGACAG	1
278	277	2	TCTGATGAAATTACCGCTGACAGA	1
279	278	2	CTGATGAAATTACCGCTGACAGAA	1
280	279	2	TGATGAAATTACCGCTGACAGAAC	1
281	280	2	GATGAAATTACCGCTGACAGAACT	1
282	281	3	ATGAAATTACCGCTGACAGAACTG	1
283	282	3	TGAAATTACCGCTGACAGAACTGC	1
284	283	3	GAAATTACCGCTGACAGAACTGCG	1
285	284	3	AAATTACCGCTGACAGAACTGCGG	1
286	285	3	AATTACCGCTGACAGAACTGCGGA	1
287	286	3	ATTACCGCTGACAGAACTGCGGAG	1
288	287	3	TTACCGCTGACAGAACTGCGGAGT	1
289	288	3	TACCGCTGACAGAACTGCGGAGTA	1
290	289	3	ACCGCTGACAGAACTGCGGAGTAC	1
291	290	3	CCGCTGACAGAACTGCGGAGTACA	1
292	291	3	CGCTGACAGAACTGCGGAGTACAA	1
293	292	2	GCTGACAGAACTGCGGAGTACAAT	1
294	293	2	CTGACAGAACTGCGGAGTACAATT	1
295	294	2	TGACAGAACTGCGGAGTACAATTA	1
296	295	2	GACAGAACTGCGGAGTACAATTAT	1
297	296	2	ACAGAACTGCGGAGTACAATTATC	1
298	297	2	CAGAACTGCGGAGTACAATTATCC	1
299	298	2	AGAACTGCGGAGTACAATTATCCC	1
300	299	2	GAACTGCGGAGTACAATTATCCCG	1
301	300	2	AACTGCGGAGTACAATTATCCCGA	1
302	301	2	ACTGCGGAGTACAATTATCCCGAT	1
303	302	2	CTGCGGAGTACAATTATCCCGATC	1
304	303	2	TGCGGAGTACAATTATCCCGATCA	1
305	304	2	GCGGAGTACAATTATCCCGATCAT	1
306	305	2	CGGAGTACAATTATCCCGATCATG	1
307	306	3	GGAGTACAATTATCCCGATCATGT	1
308	307	3	GAGTACAATTATCCCGATCATGTC	1
309	308	3	AGTACAATTATCCCGATCATGTCA	1
310	309	3	GTACAATTATCCCGATCATGTCAT	1
311	310	3	TACAATTATCCCGATCATGTCATT	1
312	311	3	ACAATTATCCCGATCATGTCATTG	1
313	312	3	CAATTATCCCGATCATGTCATTGA	1
314	313	3	AATTATCCCGATCATGTCATTGAG	1
315	314	3	ATTATCCCGATCATGTCATTGAGC	1
316	315	3	TTATCCCGATCATGTCATTGAGCA	1
317	316	3	TATCCCGATCATGTCATTGAGCAA	1
318	317	3	ATCCCGATCATGTCATTGAGCAAG	1
319	318	3	TCCCGATCATGTCATTGAGCAAGG	1
320	319	2	CCCGATCATGTCATTGAGCAAGGT	1
321	320	2	CCGATCATGTCATTGAGCAAGGTG	1
322	321	2	CGATCATGTCATTGAGCAAGGTGA	1
323	322	2	GATCATGTCATTGAGCAAGGTGAT	1
324	323	2	ATCATGTCATTGAGCAAGGTGATT	1
325	324	2	TCATGTCATTGAGCAAGGTGATTT	1
326	325	1	CATGTCATTGAGCAAGGTGATTTC	1
327	326	1	ATGTCATTGAGCAAGGTGATTTCA	1
328	327	1	TGTCATTGAGCAAGGTGATTTCAA	1
329	328	1	GTCATTGAGCAAGGTGATTTCAAG	1
330	329	1	TCATTGAGCAAGGTGATTTCAAGC	1
331	330	1	CATTGAGCAAGGTGATTTCAAGCT	1
332	331	1	ATTGAGCAAGGTGATTTCAAGCTT	1
333	332	1	TTGAGCAAGGTGATTTCAAGCTTA	1
334	333	1	TGAGCAAGGTGATTTCAAGCTTAC	1
335	334	1	GAGCAAGGTGATTTCAAGCTTACA	1
336	335	1	AGCAAGGTGATTTCAAGCTTACAA	1
337	336	1	GCAAGGTGATTTCAAGCTTACAAT	1
338	337	1	CAAGGTGATTTCAAGCTTACAATT	1
339	338	1	AAGGTGATTTCAAGCTTACAATTA	1
340	339	1	AGGTGATTTCAAGCTTACAATTAA	1
341	340	1	GGTGATTTCAAGCTTACAATTAAG	1
342	341	1	GTGATTTCAAGCTTACAATTAAGT	1
343	342	1	TGATTTCAAGCTTACAATTAAGTC	1
344	343	1	GATTTCAAGCTTACAATTAAGTCT	1
345	344	1	ATTTCAAGCTTACAATTAAGTCTG	1
346	345	1	TTTCAAGCTTACAATTAAGTCTGG	1
347	346	1	TTCAAGCTTACAATTAAGTCTGGT	1
348	347	1	TCAAGCTTACAATTAAGTCTGGTG	1
349	348	1	CAAGCTTACAATTAAGTCTGGTGG	1
350	349	1	AAGCTTACAATTAAGTCTGGTGGT	1
