Component 348
1	-1	0	GGCTGACTATAATGCTTTGGCGAC	1
2	1	1	GCTGACTATAATGCTTTGGCGACC	1
3	2	1	CTGACTATAATGCTTTGGCGACCC	1
4	3	1	TGACTATAATGCTTTGGCGACCCA	1
5	4	1	GACTATAATGCTTTGGCGACCCAG	1
6	5	1	ACTATAATGCTTTGGCGACCCAGT	1
7	6	1	CTATAATGCTTTGGCGACCCAGTT	1
8	7	2	TATAATGCTTTGGCGACCCAGTTC	1
9	8	2	ATAATGCTTTGGCGACCCAGTTCA	1
10	9	2	TAATGCTTTGGCGACCCAGTTCAC	1
11	10	2	AATGCTTTGGCGACCCAGTTCACT	1
12	11	2	ATGCTTTGGCGACCCAGTTCACTC	1
13	12	2	TGCTTTGGCGACCCAGTTCACTCA	1
14	13	2	GCTTTGGCGACCCAGTTCACTCAA	1
15	14	4	CTTTGGCGACCCAGTTCACTCAAT	1
16	15	4	TTTGGCGACCCAGTTCACTCAATT	1
17	16	4	TTGGCGACCCAGTTCACTCAATTT	1
18	17	4	TGGCGACCCAGTTCACTCAATTTT	1
19	18	4	GGCGACCCAGTTCACTCAATTTTA	1
20	19	4	GCGACCCAGTTCACTCAATTTTAC	1
21	20	4	CGACCCAGTTCACTCAATTTTACT	1
22	21	4	GACCCAGTTCACTCAATTTTACTA	1
23	22	4	ACCCAGTTCACTCAATTTTACTAC	1
24	23	4	CCCAGTTCACTCAATTTTACTACC	1
25	24	4	CCAGTTCACTCAATTTTACTACCA	1
26	25	4	CAGTTCACTCAATTTTACTACCAA	1
27	26	4	AGTTCACTCAATTTTACTACCAAA	1
28	27	4	GTTCACTCAATTTTACTACCAAAC	1
29	28	4	TTCACTCAATTTTACTACCAAACT	1
30	29	4	TCACTCAATTTTACTACCAAACTT	1
31	30	4	CACTCAATTTTACTACCAAACTTT	1
32	31	4	ACTCAATTTTACTACCAAACTTTC	1
33	32	4	CTCAATTTTACTACCAAACTTTCG	1
34	33	3	TCAATTTTACTACCAAACTTTCGA	1
35	34	3	CAATTTTACTACCAAACTTTCGAT	1
36	35	3	AATTTTACTACCAAACTTTCGATT	1
37	36	3	ATTTTACTACCAAACTTTCGATTC	1
38	37	3	TTTTACTACCAAACTTTCGATTCC	1
39	38	3	TTTACTACCAAACTTTCGATTCCG	1
40	39	3	TTACTACCAAACTTTCGATTCCGA	1
41	40	3	TACTACCAAACTTTCGATTCCGAT	1
42	41	3	ACTACCAAACTTTCGATTCCGATC	1
43	42	3	CTACCAAACTTTCGATTCCGATCG	1
44	43	3	TACCAAACTTTCGATTCCGATCGT	1
45	44	3	ACCAAACTTTCGATTCCGATCGTT	1
46	45	2	CCAAACTTTCGATTCCGATCGTTC	1
47	46	2	CAAACTTTCGATTCCGATCGTTCT	1
48	47	2	AAACTTTCGATTCCGATCGTTCTC	1
49	48	2	AACTTTCGATTCCGATCGTTCTCA	1
50	49	2	ACTTTCGATTCCGATCGTTCTCAA	1
51	50	2	CTTTCGATTCCGATCGTTCTCAAC	1
52	51	1	TTTCGATTCCGATCGTTCTCAACT	1
53	52	1	TTCGATTCCGATCGTTCTCAACTT	1
54	53	1	TCGATTCCGATCGTTCTCAACTTT	1
55	54	1	CGATTCCGATCGTTCTCAACTTTC	1
56	55	1	GATTCCGATCGTTCTCAACTTTCT	1
57	56	1	ATTCCGATCGTTCTCAACTTTCTT	1
58	57	1	TTCCGATCGTTCTCAACTTTCTTC	1
59	-1	0	GACCTGTTTCGTTTGAACTATGGT	1
60	59	1	ACCTGTTTCGTTTGAACTATGGTT	1
61	60	2	CCTGTTTCGTTTGAACTATGGTTG	1
62	61	2	CTGTTTCGTTTGAACTATGGTTGA	1
63	62	2	TGTTTCGTTTGAACTATGGTTGAA	1
64	63	2	GTTTCGTTTGAACTATGGTTGAAG	1
65	64	3	TTTCGTTTGAACTATGGTTGAAGA	1
66	65	3	TTCGTTTGAACTATGGTTGAAGAA	1
67	66	3	TCGTTTGAACTATGGTTGAAGAAT	1
68	67	3	CGTTTGAACTATGGTTGAAGAATA	1
69	68	3	GTTTGAACTATGGTTGAAGAATAT	1
70	69	3	TTTGAACTATGGTTGAAGAATATC	1
71	70	3	TTGAACTATGGTTGAAGAATATCA	1
72	71	3	TGAACTATGGTTGAAGAATATCAT	1
73	72	3	GAACTATGGTTGAAGAATATCATA	1
74	73	3	AACTATGGTTGAAGAATATCATAG	1
75	74	3	ACTATGGTTGAAGAATATCATAGT	1
76	75	3	CTATGGTTGAAGAATATCATAGTG	1
77	76	3	TATGGTTGAAGAATATCATAGTGA	1
78	77	3	ATGGTTGAAGAATATCATAGTGAA	1
79	78	3	TGGTTGAAGAATATCATAGTGAAA	1
80	79	3	GGTTGAAGAATATCATAGTGAAAA	1
81	80	3	GTTGAAGAATATCATAGTGAAAAT	1
82	81	3	TTGAAGAATATCATAGTGAAAATA	1
83	82	3	TGAAGAATATCATAGTGAAAATAT	1
84	83	3	GAAGAATATCATAGTGAAAATATT	1
85	84	3	AAGAATATCATAGTGAAAATATTT	1
86	85	3	AGAATATCATAGTGAAAATATTTA	1
87	86	3	GAATATCATAGTGAAAATATTTAA	1
88	87	3	AATATCATAGTGAAAATATTTAAT	1
89	88	3	ATATCATAGTGAAAATATTTAATA	1
90	89	3	TATCATAGTGAAAATATTTAATAC	1
91	90	3	ATCATAGTGAAAATATTTAATACA	1
92	91	3	TCATAGTGAAAATATTTAATACAA	1
93	92	3	CATAGTGAAAATATTTAATACAAG	1
94	93	3	ATAGTGAAAATATTTAATACAAGT	1
95	94	3	TAGTGAAAATATTTAATACAAGTA	1
96	95	3	AGTGAAAATATTTAATACAAGTAT	1
97	96	3	GTGAAAATATTTAATACAAGTATC	1
98	97	3	TGAAAATATTTAATACAAGTATCT	1
99	98	3	GAAAATATTTAATACAAGTATCTT	1
100	99	3	AAAATATTTAATACAAGTATCTTG	1
101	100	3	AAATATTTAATACAAGTATCTTGA	1
102	101	3	AATATTTAATACAAGTATCTTGAT	1
103	102	3	ATATTTAATACAAGTATCTTGATT	1
104	103	2	TATTTAATACAAGTATCTTGATTA	1
105	104	1	ATTTAATACAAGTATCTTGATTAT	1
106	105	1	TTTAATACAAGTATCTTGATTATC	1
107	106	1	TTAATACAAGTATCTTGATTATCT	1
108	107	1	TAATACAAGTATCTTGATTATCTG	1
109	-1	0	TGTGGAAAAACTTGTTAGCCTGCC	1
110	109	1	GTGGAAAAACTTGTTAGCCTGCCT	1
111	110	1	TGGAAAAACTTGTTAGCCTGCCTT	1
112	111	1	GGAAAAACTTGTTAGCCTGCCTTT	1
113	112	1	GAAAAACTTGTTAGCCTGCCTTTT	1
114	113	1	AAAAACTTGTTAGCCTGCCTTTTC	1
115	114	1	AAAACTTGTTAGCCTGCCTTTTCA	1
116	115	1	AAACTTGTTAGCCTGCCTTTTCAA	1
117	116	1	AACTTGTTAGCCTGCCTTTTCAAC	1
118	117	1	ACTTGTTAGCCTGCCTTTTCAACG	1
119	118	1	CTTGTTAGCCTGCCTTTTCAACGC	1
120	119	2	TTGTTAGCCTGCCTTTTCAACGCG	1
121	120	2	TGTTAGCCTGCCTTTTCAACGCGT	1
122	121	2	GTTAGCCTGCCTTTTCAACGCGTT	1
123	122	2	TTAGCCTGCCTTTTCAACGCGTTC	1
124	123	2	TAGCCTGCCTTTTCAACGCGTTCA	1
125	124	2	AGCCTGCCTTTTCAACGCGTTCAA	1
126	125	2	GCCTGCCTTTTCAACGCGTTCAAC	1
127	126	2	CCTGCCTTTTCAACGCGTTCAACA	1
128	127	2	CTGCCTTTTCAACGCGTTCAACAC	1
129	128	2	TGCCTTTTCAACGCGTTCAACACC	1
130	129	2	GCCTTTTCAACGCGTTCAACACCG	1
131	130	2	CCTTTTCAACGCGTTCAACACCGC	1
132	131	2	CTTTTCAACGCGTTCAACACCGCA	1
133	132	2	TTTTCAACGCGTTCAACACCGCAT	1
134	133	2	TTTCAACGCGTTCAACACCGCATC	1
135	134	2	TTCAACGCGTTCAACACCGCATCT	1
136	135	2	TCAACGCGTTCAACACCGCATCTC	1
137	136	2	CAACGCGTTCAACACCGCATCTCA	1
138	137	2	AACGCGTTCAACACCGCATCTCAA	1
139	138	2	ACGCGTTCAACACCGCATCTCAAC	1
140	139	2	CGCGTTCAACACCGCATCTCAACT	1
141	140	2	GCGTTCAACACCGCATCTCAACTT	1
142	141	2	CGTTCAACACCGCATCTCAACTTT	1
143	142	2	GTTCAACACCGCATCTCAACTTTG	1
144	143	2	TTCAACACCGCATCTCAACTTTGG	1
145	144	2	TCAACACCGCATCTCAACTTTGGA	1
146	145	2	CAACACCGCATCTCAACTTTGGAT	1
147	146	2	AACACCGCATCTCAACTTTGGATG	1
148	147	3	ACACCGCATCTCAACTTTGGATGC	1
149	148	3	CACCGCATCTCAACTTTGGATGCT	1
150	149	3	ACCGCATCTCAACTTTGGATGCTC	1
151	150	3	CCGCATCTCAACTTTGGATGCTCA	1
152	151	3	CGCATCTCAACTTTGGATGCTCAA	1
153	152	4	GCATCTCAACTTTGGATGCTCAAC	1
154	153	3	CATCTCAACTTTGGATGCTCAACC	1
155	154	3	ATCTCAACTTTGGATGCTCAACCT	1
156	155	2	TCTCAACTTTGGATGCTCAACCTA	1
157	156	2	CTCAACTTTGGATGCTCAACCTAC	1
158	157	2	TCAACTTTGGATGCTCAACCTACT	1
159	158	2	CAACTTTGGATGCTCAACCTACTG	1
160	159	2	AACTTTGGATGCTCAACCTACTGG	1
161	160	2	ACTTTGGATGCTCAACCTACTGGT	1
162	161	2	CTTTGGATGCTCAACCTACTGGTA	1
163	162	2	TTTGGATGCTCAACCTACTGGTAC	1
164	163	2	TTGGATGCTCAACCTACTGGTACT	1
165	164	2	TGGATGCTCAACCTACTGGTACTA	1
166	165	2	GGATGCTCAACCTACTGGTACTAC	1
167	166	1	GATGCTCAACCTACTGGTACTACT	1
168	167	1	ATGCTCAACCTACTGGTACTACTG	1
169	168	1	TGCTCAACCTACTGGTACTACTGG	1
170	169	1	GCTCAACCTACTGGTACTACTGGA	1
171	170	1	CTCAACCTACTGGTACTACTGGAT	1
172	171	1	TCAACCTACTGGTACTACTGGATC	1
173	172	1	CAACCTACTGGTACTACTGGATCC	1
174	173	1	AACCTACTGGTACTACTGGATCCG	1
175	174	1	ACCTACTGGTACTACTGGATCCGT	1
176	175	2	CCTACTGGTACTACTGGATCCGTA	1
177	176	3	CTACTGGTACTACTGGATCCGTAA	1
178	177	3	TACTGGTACTACTGGATCCGTAAT	1
179	178	3	ACTGGTACTACTGGATCCGTAATC	1
180	179	3	CTGGTACTACTGGATCCGTAATCG	1
181	180	3	TGGTACTACTGGATCCGTAATCGT	1
182	181	3	GGTACTACTGGATCCGTAATCGTT	1
183	182	3	GTACTACTGGATCCGTAATCGTTA	1
184	183	4	TACTACTGGATCCGTAATCGTTAT	1
185	184	4	ACTACTGGATCCGTAATCGTTATG	1
186	185	4	CTACTGGATCCGTAATCGTTATGG	1
187	186	4	TACTGGATCCGTAATCGTTATGGT	1
188	187	4	ACTGGATCCGTAATCGTTATGGTT	1
189	188	4	CTGGATCCGTAATCGTTATGGTTA	1
190	189	4	TGGATCCGTAATCGTTATGGTTAC	1
191	190	4	GGATCCGTAATCGTTATGGTTACA	1
192	191	4	GATCCGTAATCGTTATGGTTACAG	1
193	192	4	ATCCGTAATCGTTATGGTTACAGG	1
194	193	4	TCCGTAATCGTTATGGTTACAGGT	1
195	194	4	CCGTAATCGTTATGGTTACAGGTG	1
196	195	4	CGTAATCGTTATGGTTACAGGTGA	1
197	196	3	GTAATCGTTATGGTTACAGGTGAG	1
198	197	3	TAATCGTTATGGTTACAGGTGAGC	1
199	198	3	AATCGTTATGGTTACAGGTGAGCT	1
200	199	3	ATCGTTATGGTTACAGGTGAGCTT	1
201	200	3	TCGTTATGGTTACAGGTGAGCTTT	1
202	201	2	CGTTATGGTTACAGGTGAGCTTTT	1
203	202	2	GTTATGGTTACAGGTGAGCTTTTG	1
204	203	2	TTATGGTTACAGGTGAGCTTTTGT	1
205	204	2	TATGGTTACAGGTGAGCTTTTGTT	1
206	205	2	ATGGTTACAGGTGAGCTTTTGTTG	1
207	206	2	TGGTTACAGGTGAGCTTTTGTTGG	1
208	207	2	GGTTACAGGTGAGCTTTTGTTGGA	1
209	208	2	GTTACAGGTGAGCTTTTGTTGGAT	1
210	209	2	TTACAGGTGAGCTTTTGTTGGATG	1
211	210	2	TACAGGTGAGCTTTTGTTGGATGA	1
212	211	2	ACAGGTGAGCTTTTGTTGGATGAA	1
213	212	2	CAGGTGAGCTTTTGTTGGATGAAG	1
214	213	2	AGGTGAGCTTTTGTTGGATGAAGA	1
215	214	2	GGTGAGCTTTTGTTGGATGAAGAG	1
216	215	2	GTGAGCTTTTGTTGGATGAAGAGC	1
217	216	2	TGAGCTTTTGTTGGATGAAGAGCA	1
218	217	2	GAGCTTTTGTTGGATGAAGAGCAA	1
219	218	2	AGCTTTTGTTGGATGAAGAGCAAA	1
220	219	2	GCTTTTGTTGGATGAAGAGCAAAT	1
221	220	1	CTTTTGTTGGATGAAGAGCAAATG	1
222	221	1	TTTTGTTGGATGAAGAGCAAATGG	1
223	222	1	TTTGTTGGATGAAGAGCAAATGGC	1
224	223	1	TTGTTGGATGAAGAGCAAATGGCC	1
225	224	1	TGTTGGATGAAGAGCAAATGGCCC	1
226	225	1	GTTGGATGAAGAGCAAATGGCCCA	1
227	226	1	TTGGATGAAGAGCAAATGGCCCAG	1
