Component 356
1	-1	0	CTCTGGCTGGACTGATAATCTCAT	1
2	1	1	TCTGGCTGGACTGATAATCTCATT	1
3	2	2	CTGGCTGGACTGATAATCTCATTC	1
4	3	3	TGGCTGGACTGATAATCTCATTCG	1
5	4	3	GGCTGGACTGATAATCTCATTCGT	1
6	5	3	GCTGGACTGATAATCTCATTCGTG	1
7	6	3	CTGGACTGATAATCTCATTCGTGT	1
8	7	4	TGGACTGATAATCTCATTCGTGTC	1
9	8	5	GGACTGATAATCTCATTCGTGTCT	1
10	9	5	GACTGATAATCTCATTCGTGTCTG	1
11	10	5	ACTGATAATCTCATTCGTGTCTGG	1
12	11	5	CTGATAATCTCATTCGTGTCTGGC	1
13	12	5	TGATAATCTCATTCGTGTCTGGCA	1
14	13	5	GATAATCTCATTCGTGTCTGGCAA	1
15	14	5	ATAATCTCATTCGTGTCTGGCAAG	1
16	15	5	TAATCTCATTCGTGTCTGGCAAGT	1
17	16	5	AATCTCATTCGTGTCTGGCAAGTT	1
18	17	5	ATCTCATTCGTGTCTGGCAAGTTA	1
19	18	5	TCTCATTCGTGTCTGGCAAGTTAC	1
20	19	5	CTCATTCGTGTCTGGCAAGTTACC	1
21	20	5	TCATTCGTGTCTGGCAAGTTACCA	1
22	21	5	CATTCGTGTCTGGCAAGTTACCAA	1
23	22	5	ATTCGTGTCTGGCAAGTTACCAAG	1
24	23	5	TTCGTGTCTGGCAAGTTACCAAGT	1
25	24	5	TCGTGTCTGGCAAGTTACCAAGTA	1
26	25	5	CGTGTCTGGCAAGTTACCAAGTAA	1
27	26	5	GTGTCTGGCAAGTTACCAAGTAAA	1
28	27	5	TGTCTGGCAAGTTACCAAGTAAAA	1
29	28	5	GTCTGGCAAGTTACCAAGTAAAAA	1
30	29	5	TCTGGCAAGTTACCAAGTAAAAAT	1
31	30	5	CTGGCAAGTTACCAAGTAAAAATA	1
32	31	5	TGGCAAGTTACCAAGTAAAAATAA	1
33	32	5	GGCAAGTTACCAAGTAAAAATAAG	1
34	33	5	GCAAGTTACCAAGTAAAAATAAGA	1
35	34	5	CAAGTTACCAAGTAAAAATAAGAT	1
36	35	5	AAGTTACCAAGTAAAAATAAGATT	1
37	36	5	AGTTACCAAGTAAAAATAAGATTT	1
38	37	5	GTTACCAAGTAAAAATAAGATTTT	1
39	38	5	TTACCAAGTAAAAATAAGATTTTA	1
40	39	5	TACCAAGTAAAAATAAGATTTTAA	1
41	40	5	ACCAAGTAAAAATAAGATTTTAAT	1
42	41	5	CCAAGTAAAAATAAGATTTTAATT	1
43	42	5	CAAGTAAAAATAAGATTTTAATTG	1
44	43	5	AAGTAAAAATAAGATTTTAATTGT	1
45	44	5	AGTAAAAATAAGATTTTAATTGTT	1
46	45	4	GTAAAAATAAGATTTTAATTGTTG	1
47	46	2	TAAAAATAAGATTTTAATTGTTGC	1
48	-1	0	CCCGACCAGTCAACATGCCAGAAC	1
49	48	1	CCGACCAGTCAACATGCCAGAACA	1
50	49	1	CGACCAGTCAACATGCCAGAACAA	1
51	50	3	GACCAGTCAACATGCCAGAACAAC	1
52	51	4	ACCAGTCAACATGCCAGAACAACT	1
53	52	4	CCAGTCAACATGCCAGAACAACTT	1
54	53	4	CAGTCAACATGCCAGAACAACTTG	1
55	54	4	AGTCAACATGCCAGAACAACTTGT	1
56	55	12	GTCAACATGCCAGAACAACTTGTG	1
57	56	13	TCAACATGCCAGAACAACTTGTGC	1
58	57	14	CAACATGCCAGAACAACTTGTGCT	1
59	58	18	AACATGCCAGAACAACTTGTGCTC	1
60	59	18	ACATGCCAGAACAACTTGTGCTCC	1
61	60	18	CATGCCAGAACAACTTGTGCTCCG	1
62	61	18	ATGCCAGAACAACTTGTGCTCCGT	1
63	62	19	TGCCAGAACAACTTGTGCTCCGTG	1
64	63	19	GCCAGAACAACTTGTGCTCCGTGC	1
65	64	22	CCAGAACAACTTGTGCTCCGTGCA	1
66	65	24	CAGAACAACTTGTGCTCCGTGCAA	1
67	66	24	AGAACAACTTGTGCTCCGTGCAAC	1
68	67	24	GAACAACTTGTGCTCCGTGCAACT	1
69	68	24	AACAACTTGTGCTCCGTGCAACTC	1
70	69	24	ACAACTTGTGCTCCGTGCAACTCT	1
71	70	24	CAACTTGTGCTCCGTGCAACTCTC	1
72	71	24	AACTTGTGCTCCGTGCAACTCTCG	1
73	72	24	ACTTGTGCTCCGTGCAACTCTCGA	1
74	73	24	CTTGTGCTCCGTGCAACTCTCGAA	1
75	74	24	TTGTGCTCCGTGCAACTCTCGAAG	1
76	75	24	TGTGCTCCGTGCAACTCTCGAAGG	1
77	76	24	GTGCTCCGTGCAACTCTCGAAGGT	1
78	77	24	TGCTCCGTGCAACTCTCGAAGGTC	1
79	78	24	GCTCCGTGCAACTCTCGAAGGTCA	1
80	79	24	CTCCGTGCAACTCTCGAAGGTCAC	1
81	80	24	TCCGTGCAACTCTCGAAGGTCACT	1
82	81	24	CCGTGCAACTCTCGAAGGTCACTC	1
83	82	24	CGTGCAACTCTCGAAGGTCACTCT	1
84	83	24	GTGCAACTCTCGAAGGTCACTCTG	1
85	84	25	TGCAACTCTCGAAGGTCACTCTGG	1
86	85	25	GCAACTCTCGAAGGTCACTCTGGA	1
87	86	25	CAACTCTCGAAGGTCACTCTGGAT	1
88	87	26	AACTCTCGAAGGTCACTCTGGATG	1
89	88	25	ACTCTCGAAGGTCACTCTGGATGG	1
90	89	25	CTCTCGAAGGTCACTCTGGATGGG	1
91	90	25	TCTCGAAGGTCACTCTGGATGGGT	1
92	91	25	CTCGAAGGTCACTCTGGATGGGTT	1
93	92	24	TCGAAGGTCACTCTGGATGGGTTA	1
94	93	25	CGAAGGTCACTCTGGATGGGTTAC	1
95	94	23	GAAGGTCACTCTGGATGGGTTACA	1
96	95	22	AAGGTCACTCTGGATGGGTTACAT	1
97	96	22	AGGTCACTCTGGATGGGTTACATC	1
98	97	22	GGTCACTCTGGATGGGTTACATCT	1
99	98	22	GTCACTCTGGATGGGTTACATCTC	1
100	99	15	TCACTCTGGATGGGTTACATCTCT	1
101	100	14	CACTCTGGATGGGTTACATCTCTT	1
102	101	13	ACTCTGGATGGGTTACATCTCTTT	1
103	102	9	CTCTGGATGGGTTACATCTCTTTC	1
104	103	9	TCTGGATGGGTTACATCTCTTTCT	1
105	104	10	CTGGATGGGTTACATCTCTTTCTA	1
106	105	10	TGGATGGGTTACATCTCTTTCTAC	1
107	106	9	GGATGGGTTACATCTCTTTCTACT	1
108	107	10	GATGGGTTACATCTCTTTCTACTG	1
109	108	7	ATGGGTTACATCTCTTTCTACTGC	1
110	109	5	TGGGTTACATCTCTTTCTACTGCC	1
111	110	5	GGGTTACATCTCTTTCTACTGCCC	1
112	111	5	GGTTACATCTCTTTCTACTGCCCC	1
113	112	5	GTTACATCTCTTTCTACTGCCCCC	1
114	113	5	TTACATCTCTTTCTACTGCCCCCG	1
115	114	5	TACATCTCTTTCTACTGCCCCCGA	1
116	115	6	ACATCTCTTTCTACTGCCCCCGAG	1
117	116	6	CATCTCTTTCTACTGCCCCCGAGA	1
118	117	6	ATCTCTTTCTACTGCCCCCGAGAA	1
119	118	7	TCTCTTTCTACTGCCCCCGAGAAC	1
120	119	7	CTCTTTCTACTGCCCCCGAGAACC	1
121	120	7	TCTTTCTACTGCCCCCGAGAACCC	1
122	121	7	CTTTCTACTGCCCCCGAGAACCCT	1
123	122	7	TTTCTACTGCCCCCGAGAACCCTG	1
124	123	7	TTCTACTGCCCCCGAGAACCCTGA	1
125	124	7	TCTACTGCCCCCGAGAACCCTGAT	1
126	125	7	CTACTGCCCCCGAGAACCCTGATA	1
127	126	7	TACTGCCCCCGAGAACCCTGATAT	1
128	127	7	ACTGCCCCCGAGAACCCTGATATT	1
129	128	6	CTGCCCCCGAGAACCCTGATATTC	1
130	129	6	TGCCCCCGAGAACCCTGATATTCT	1
131	130	6	GCCCCCGAGAACCCTGATATTCTT	1
132	131	6	CCCCCGAGAACCCTGATATTCTTC	1
133	132	6	CCCCGAGAACCCTGATATTCTTCT	1
134	133	6	CCCGAGAACCCTGATATTCTTCTT	1
135	134	6	CCGAGAACCCTGATATTCTTCTTT	1
136	135	6	CGAGAACCCTGATATTCTTCTTTC	1
137	136	6	GAGAACCCTGATATTCTTCTTTCC	1
138	137	5	AGAACCCTGATATTCTTCTTTCCG	1
139	138	4	GAACCCTGATATTCTTCTTTCCGG	1
140	139	4	AACCCTGATATTCTTCTTTCCGGT	1
141	140	4	ACCCTGATATTCTTCTTTCCGGTT	1
142	141	4	CCCTGATATTCTTCTTTCCGGTTC	1
143	142	4	CCTGATATTCTTCTTTCCGGTTCT	1
144	143	4	CTGATATTCTTCTTTCCGGTTCTC	1
145	144	7	TGATATTCTTCTTTCCGGTTCTCG	1
146	145	7	GATATTCTTCTTTCCGGTTCTCGT	1
147	146	7	ATATTCTTCTTTCCGGTTCTCGTG	1
148	147	7	TATTCTTCTTTCCGGTTCTCGTGA	1
149	148	6	ATTCTTCTTTCCGGTTCTCGTGAC	1
150	149	6	TTCTTCTTTCCGGTTCTCGTGACA	1
151	150	6	TCTTCTTTCCGGTTCTCGTGACAA	1
152	151	5	CTTCTTTCCGGTTCTCGTGACAAG	1
153	152	6	TTCTTTCCGGTTCTCGTGACAAGT	1
154	153	6	TCTTTCCGGTTCTCGTGACAAGTC	1
155	154	6	CTTTCCGGTTCTCGTGACAAGTCC	1
156	155	6	TTTCCGGTTCTCGTGACAAGTCCA	1
157	156	6	TTCCGGTTCTCGTGACAAGTCCAT	1
158	157	6	TCCGGTTCTCGTGACAAGTCCATC	1
159	158	6	CCGGTTCTCGTGACAAGTCCATCA	1
160	159	5	CGGTTCTCGTGACAAGTCCATCAT	1
161	160	5	GGTTCTCGTGACAAGTCCATCATT	1
162	161	5	GTTCTCGTGACAAGTCCATCATTT	1
163	162	5	TTCTCGTGACAAGTCCATCATTTT	1
164	163	5	TCTCGTGACAAGTCCATCATTTTG	1
165	164	5	CTCGTGACAAGTCCATCATTTTGT	1
166	165	5	TCGTGACAAGTCCATCATTTTGTG	1
167	166	5	CGTGACAAGTCCATCATTTTGTGG	1
168	167	5	GTGACAAGTCCATCATTTTGTGGA	1
169	168	5	TGACAAGTCCATCATTTTGTGGAA	1
170	169	5	GACAAGTCCATCATTTTGTGGAAC	1
171	170	6	ACAAGTCCATCATTTTGTGGAACT	1
172	171	6	CAAGTCCATCATTTTGTGGAACTT	1
173	172	6	AAGTCCATCATTTTGTGGAACTTG	1
174	173	6	AGTCCATCATTTTGTGGAACTTGG	1
175	174	6	GTCCATCATTTTGTGGAACTTGGT	1
176	175	6	TCCATCATTTTGTGGAACTTGGTC	1
177	176	6	CCATCATTTTGTGGAACTTGGTCC	1
178	177	6	CATCATTTTGTGGAACTTGGTCCG	1
179	178	8	ATCATTTTGTGGAACTTGGTCCGT	1
180	179	8	TCATTTTGTGGAACTTGGTCCGTG	1
181	180	8	CATTTTGTGGAACTTGGTCCGTGA	1
182	181	8	ATTTTGTGGAACTTGGTCCGTGAT	1
183	182	8	TTTTGTGGAACTTGGTCCGTGATG	1
184	183	9	TTTGTGGAACTTGGTCCGTGATGA	1
185	184	10	TTGTGGAACTTGGTCCGTGATGAC	1
186	185	11	TGTGGAACTTGGTCCGTGATGACG	1
187	186	11	GTGGAACTTGGTCCGTGATGACGT	1
188	187	11	TGGAACTTGGTCCGTGATGACGTG	1
189	188	9	GGAACTTGGTCCGTGATGACGTGA	1
190	189	9	GAACTTGGTCCGTGATGACGTGAA	1
191	190	9	AACTTGGTCCGTGATGACGTGAAT	1
192	191	9	ACTTGGTCCGTGATGACGTGAATT	1
193	192	9	CTTGGTCCGTGATGACGTGAATTA	1
194	193	9	TTGGTCCGTGATGACGTGAATTAT	1
195	194	9	TGGTCCGTGATGACGTGAATTATG	1
196	195	9	GGTCCGTGATGACGTGAATTATGG	1
197	196	8	GTCCGTGATGACGTGAATTATGGA	1
198	197	7	TCCGTGATGACGTGAATTATGGAG	1
199	198	7	CCGTGATGACGTGAATTATGGAGT	1
200	199	7	CGTGATGACGTGAATTATGGAGTC	1
201	200	7	GTGATGACGTGAATTATGGAGTCG	1
202	201	7	TGATGACGTGAATTATGGAGTCGC	1
203	202	8	GATGACGTGAATTATGGAGTCGCA	1
204	203	8	ATGACGTGAATTATGGAGTCGCAC	1
205	204	8	TGACGTGAATTATGGAGTCGCACA	1
206	205	8	GACGTGAATTATGGAGTCGCACAG	1
207	206	7	ACGTGAATTATGGAGTCGCACAGA	1
208	207	7	CGTGAATTATGGAGTCGCACAGAG	1
209	208	9	GTGAATTATGGAGTCGCACAGAGA	1
210	209	9	TGAATTATGGAGTCGCACAGAGAC	1
211	210	9	GAATTATGGAGTCGCACAGAGACG	1
212	211	10	AATTATGGAGTCGCACAGAGACGT	1
213	212	10	ATTATGGAGTCGCACAGAGACGTT	1
214	213	10	TTATGGAGTCGCACAGAGACGTTT	1
215	214	9	TATGGAGTCGCACAGAGACGTTTG	1
216	215	9	ATGGAGTCGCACAGAGACGTTTGA	1
217	216	9	TGGAGTCGCACAGAGACGTTTGAC	1
218	217	9	GGAGTCGCACAGAGACGTTTGACC	1
219	218	10	GAGTCGCACAGAGACGTTTGACCG	1
220	219	9	AGTCGCACAGAGACGTTTGACCGG	1
221	220	9	GTCGCACAGAGACGTTTGACCGGC	1
222	221	9	TCGCACAGAGACGTTTGACCGGCC	1
223	222	9	CGCACAGAGACGTTTGACCGGCCA	1
224	223	11	GCACAGAGACGTTTGACCGGCCAC	1
225	224	11	CACAGAGACGTTTGACCGGCCACA	1
226	225	11	ACAGAGACGTTTGACCGGCCACAG	1
227	226	10	CAGAGACGTTTGACCGGCCACAGC	1
228	227	10	AGAGACGTTTGACCGGCCACAGCC	1
229	228	8	GAGACGTTTGACCGGCCACAGCCA	1
230	229	8	AGACGTTTGACCGGCCACAGCCAC	1
231	230	8	GACGTTTGACCGGCCACAGCCACT	1
232	231	8	ACGTTTGACCGGCCACAGCCACTT	1
233	232	8	CGTTTGACCGGCCACAGCCACTTC	1
234	233	8	GTTTGACCGGCCACAGCCACTTCG	1
235	234	8	TTTGACCGGCCACAGCCACTTCGT	1
236	235	9	TTGACCGGCCACAGCCACTTCGTT	1
237	236	10	TGACCGGCCACAGCCACTTCGTTT	1
238	237	11	GACCGGCCACAGCCACTTCGTTTC	1
239	238	11	ACCGGCCACAGCCACTTCGTTTCT	1
240	239	11	CCGGCCACAGCCACTTCGTTTCTG	1
241	240	12	CGGCCACAGCCACTTCGTTTCTGA	1
242	241	13	GGCCACAGCCACTTCGTTTCTGAC	1
243	242	13	GCCACAGCCACTTCGTTTCTGACT	1
244	243	15	CCACAGCCACTTCGTTTCTGACTG	1
245	244	17	CACAGCCACTTCGTTTCTGACTGT	1
246	245	17	ACAGCCACTTCGTTTCTGACTGTG	1
247	246	16	CAGCCACTTCGTTTCTGACTGTGC	1
248	247	17	AGCCACTTCGTTTCTGACTGTGCC	1
249	248	17	GCCACTTCGTTTCTGACTGTGCCC	1
250	249	18	CCACTTCGTTTCTGACTGTGCCCT	1
251	250	17	CACTTCGTTTCTGACTGTGCCCTT	1
252	251	21	ACTTCGTTTCTGACTGTGCCCTTT	1
253	252	19	CTTCGTTTCTGACTGTGCCCTTTC	1
254	253	19	TTCGTTTCTGACTGTGCCCTTTCC	1
255	254	19	TCGTTTCTGACTGTGCCCTTTCCT	1
256	255	19	CGTTTCTGACTGTGCCCTTTCCTT	1
257	256	19	GTTTCTGACTGTGCCCTTTCCTTC	1
258	257	20	TTTCTGACTGTGCCCTTTCCTTCG	1
259	258	20	TTCTGACTGTGCCCTTTCCTTCGA	1
260	259	20	TCTGACTGTGCCCTTTCCTTCGAT	1
261	260	20	CTGACTGTGCCCTTTCCTTCGATA	1
262	261	20	TGACTGTGCCCTTTCCTTCGATAG	1
263	262	19	GACTGTGCCCTTTCCTTCGATAGT	1
264	263	19	ACTGTGCCCTTTCCTTCGATAGTC	1
265	264	19	CTGTGCCCTTTCCTTCGATAGTCA	1
266	265	19	TGTGCCCTTTCCTTCGATAGTCAC	1
267	266	18	GTGCCCTTTCCTTCGATAGTCACT	1
268	267	15	TGCCCTTTCCTTCGATAGTCACTA	1
269	268	14	GCCCTTTCCTTCGATAGTCACTAT	1
270	269	14	CCCTTTCCTTCGATAGTCACTATG	1
271	270	14	CCTTTCCTTCGATAGTCACTATGC	1
272	271	14	CTTTCCTTCGATAGTCACTATGCC	1
273	272	14	TTTCCTTCGATAGTCACTATGCCT	1
274	273	13	TTCCTTCGATAGTCACTATGCCTT	1
275	274	13	TCCTTCGATAGTCACTATGCCTTG	1
276	275	13	CCTTCGATAGTCACTATGCCTTGT	1
277	276	13	CTTCGATAGTCACTATGCCTTGTC	1
278	277	13	TTCGATAGTCACTATGCCTTGTCT	1
279	278	13	TCGATAGTCACTATGCCTTGTCTG	1
280	279	14	CGATAGTCACTATGCCTTGTCTGC	1
281	280	13	GATAGTCACTATGCCTTGTCTGCC	1
282	281	12	ATAGTCACTATGCCTTGTCTGCCT	1
283	282	12	TAGTCACTATGCCTTGTCTGCCTC	1
284	283	12	AGTCACTATGCCTTGTCTGCCTCT	1
285	284	11	GTCACTATGCCTTGTCTGCCTCTT	1
286	285	11	TCACTATGCCTTGTCTGCCTCTTG	1
287	286	11	CACTATGCCTTGTCTGCCTCTTGG	1
288	287	9	ACTATGCCTTGTCTGCCTCTTGGG	1
289	288	9	CTATGCCTTGTCTGCCTCTTGGGA	1
290	289	9	TATGCCTTGTCTGCCTCTTGGGAT	1
291	290	9	ATGCCTTGTCTGCCTCTTGGGATA	1
292	291	9	TGCCTTGTCTGCCTCTTGGGATAA	1
293	292	9	GCCTTGTCTGCCTCTTGGGATAAG	1
294	293	10	CCTTGTCTGCCTCTTGGGATAAGA	1
295	294	10	CTTGTCTGCCTCTTGGGATAAGAC	1
296	295	8	TTGTCTGCCTCTTGGGATAAGACC	1
297	296	8	TGTCTGCCTCTTGGGATAAGACCA	1
298	297	8	GTCTGCCTCTTGGGATAAGACCAT	1
299	298	8	TCTGCCTCTTGGGATAAGACCATC	1
300	299	9	CTGCCTCTTGGGATAAGACCATCC	1
301	300	9	TGCCTCTTGGGATAAGACCATCCG	1
302	301	8	GCCTCTTGGGATAAGACCATCCGT	1
303	302	8	CCTCTTGGGATAAGACCATCCGTT	1
304	303	8	CTCTTGGGATAAGACCATCCGTTT	1
305	304	8	TCTTGGGATAAGACCATCCGTTTG	1
306	305	8	CTTGGGATAAGACCATCCGTTTGT	1
307	306	9	TTGGGATAAGACCATCCGTTTGTG	1
308	307	10	TGGGATAAGACCATCCGTTTGTGG	1
309	308	10	GGGATAAGACCATCCGTTTGTGGG	1
310	309	10	GGATAAGACCATCCGTTTGTGGGA	1
311	310	10	GATAAGACCATCCGTTTGTGGGAT	1
312	311	10	ATAAGACCATCCGTTTGTGGGATC	1
313	312	10	TAAGACCATCCGTTTGTGGGATCT	1
314	313	11	AAGACCATCCGTTTGTGGGATCTT	1
315	314	11	AGACCATCCGTTTGTGGGATCTTG	1
316	315	11	GACCATCCGTTTGTGGGATCTTGA	1
317	316	10	ACCATCCGTTTGTGGGATCTTGAG	1
318	317	10	CCATCCGTTTGTGGGATCTTGAGA	1
319	318	10	CATCCGTTTGTGGGATCTTGAGAA	1
320	319	10	ATCCGTTTGTGGGATCTTGAGAAG	1
321	320	10	TCCGTTTGTGGGATCTTGAGAAGG	1
322	321	10	CCGTTTGTGGGATCTTGAGAAGGG	1
323	322	9	CGTTTGTGGGATCTTGAGAAGGGT	1
324	323	8	GTTTGTGGGATCTTGAGAAGGGTG	1
325	324	9	TTTGTGGGATCTTGAGAAGGGTGA	1
326	325	9	TTGTGGGATCTTGAGAAGGGTGAG	1
327	326	9	TGTGGGATCTTGAGAAGGGTGAGT	1
328	327	9	GTGGGATCTTGAGAAGGGTGAGTG	1
329	328	9	TGGGATCTTGAGAAGGGTGAGTGC	1
330	329	8	GGGATCTTGAGAAGGGTGAGTGCA	1
331	330	9	GGATCTTGAGAAGGGTGAGTGCAC	1
332	331	9	GATCTTGAGAAGGGTGAGTGCACT	1
333	332	9	ATCTTGAGAAGGGTGAGTGCACTC	1
334	333	10	TCTTGAGAAGGGTGAGTGCACTCA	1
335	334	10	CTTGAGAAGGGTGAGTGCACTCAC	1
336	335	11	TTGAGAAGGGTGAGTGCACTCACC	1
337	336	13	TGAGAAGGGTGAGTGCACTCACCA	1
338	337	13	GAGAAGGGTGAGTGCACTCACCAA	1
339	338	13	AGAAGGGTGAGTGCACTCACCAAT	1
340	339	12	GAAGGGTGAGTGCACTCACCAATT	1
341	340	12	AAGGGTGAGTGCACTCACCAATTC	1
342	341	12	AGGGTGAGTGCACTCACCAATTCG	1
343	342	12	GGGTGAGTGCACTCACCAATTCGT	1
344	343	11	GGTGAGTGCACTCACCAATTCGTT	1
345	344	12	GTGAGTGCACTCACCAATTCGTTG	1
346	345	12	TGAGTGCACTCACCAATTCGTTGG	1
347	346	13	GAGTGCACTCACCAATTCGTTGGC	1
348	347	13	AGTGCACTCACCAATTCGTTGGCC	1
349	348	13	GTGCACTCACCAATTCGTTGGCCA	1
350	349	13	TGCACTCACCAATTCGTTGGCCAC	1
351	350	13	GCACTCACCAATTCGTTGGCCACA	1
352	351	12	CACTCACCAATTCGTTGGCCACAC	1
353	352	12	ACTCACCAATTCGTTGGCCACACC	1
354	353	12	CTCACCAATTCGTTGGCCACACCA	1
355	354	12	TCACCAATTCGTTGGCCACACCAG	1
356	355	12	CACCAATTCGTTGGCCACACCAGC	1
357	356	12	ACCAATTCGTTGGCCACACCAGCG	1
358	357	11	CCAATTCGTTGGCCACACCAGCGA	1
359	358	11	CAATTCGTTGGCCACACCAGCGAT	1
360	359	11	AATTCGTTGGCCACACCAGCGATG	1
361	360	12	ATTCGTTGGCCACACCAGCGATGT	1
362	361	12	TTCGTTGGCCACACCAGCGATGTC	1
363	362	12	TCGTTGGCCACACCAGCGATGTCT	1
364	363	12	CGTTGGCCACACCAGCGATGTCTT	1
365	364	12	GTTGGCCACACCAGCGATGTCTTA	1
366	365	13	TTGGCCACACCAGCGATGTCTTAT	1
367	366	13	TGGCCACACCAGCGATGTCTTATC	1
368	367	13	GGCCACACCAGCGATGTCTTATCT	1
369	368	12	GCCACACCAGCGATGTCTTATCTG	1
370	369	13	CCACACCAGCGATGTCTTATCTGT	1
371	370	13	CACACCAGCGATGTCTTATCTGTC	1
372	371	13	ACACCAGCGATGTCTTATCTGTCT	1
373	372	13	CACCAGCGATGTCTTATCTGTCTC	1
374	373	13	ACCAGCGATGTCTTATCTGTCTCC	1
375	374	12	CCAGCGATGTCTTATCTGTCTCCA	1
376	375	13	CAGCGATGTCTTATCTGTCTCCAT	1
377	376	18	AGCGATGTCTTATCTGTCTCCATT	1
378	377	17	GCGATGTCTTATCTGTCTCCATTT	1
379	378	17	CGATGTCTTATCTGTCTCCATTTC	1
380	379	13	GATGTCTTATCTGTCTCCATTTCT	1
381	380	12	ATGTCTTATCTGTCTCCATTTCTC	1
382	381	11	TGTCTTATCTGTCTCCATTTCTCC	1
383	382	11	GTCTTATCTGTCTCCATTTCTCCT	1
384	383	11	TCTTATCTGTCTCCATTTCTCCTG	1
385	384	11	CTTATCTGTCTCCATTTCTCCTGA	1
386	385	11	TTATCTGTCTCCATTTCTCCTGAC	1
387	386	11	TATCTGTCTCCATTTCTCCTGACA	1
388	387	11	ATCTGTCTCCATTTCTCCTGACAA	1
389	388	10	TCTGTCTCCATTTCTCCTGACAAC	1
390	389	10	CTGTCTCCATTTCTCCTGACAACC	1
391	390	10	TGTCTCCATTTCTCCTGACAACCG	1
392	391	11	GTCTCCATTTCTCCTGACAACCGC	1
393	392	11	TCTCCATTTCTCCTGACAACCGCC	1
394	393	11	CTCCATTTCTCCTGACAACCGCCA	1
395	394	10	TCCATTTCTCCTGACAACCGCCAG	1
396	395	10	CCATTTCTCCTGACAACCGCCAGG	1
397	396	10	CATTTCTCCTGACAACCGCCAGGT	1
398	397	10	ATTTCTCCTGACAACCGCCAGGTT	1
399	398	10	TTTCTCCTGACAACCGCCAGGTTG	1
400	399	10	TTCTCCTGACAACCGCCAGGTTGT	1
401	400	10	TCTCCTGACAACCGCCAGGTTGTT	1
402	401	10	CTCCTGACAACCGCCAGGTTGTTT	1
403	402	11	TCCTGACAACCGCCAGGTTGTTTC	1
404	403	11	CCTGACAACCGCCAGGTTGTTTCT	1
405	404	10	CTGACAACCGCCAGGTTGTTTCTG	1
406	405	11	TGACAACCGCCAGGTTGTTTCTGG	1
407	406	12	GACAACCGCCAGGTTGTTTCTGGT	1
408	407	12	ACAACCGCCAGGTTGTTTCTGGTT	1
409	408	12	CAACCGCCAGGTTGTTTCTGGTTC	1
410	409	11	AACCGCCAGGTTGTTTCTGGTTCC	1
411	410	10	ACCGCCAGGTTGTTTCTGGTTCCC	1
412	411	11	CCGCCAGGTTGTTTCTGGTTCCCG	1
413	412	11	CGCCAGGTTGTTTCTGGTTCCCGT	1
414	413	10	GCCAGGTTGTTTCTGGTTCCCGTG	1
415	414	10	CCAGGTTGTTTCTGGTTCCCGTGA	1
416	415	11	CAGGTTGTTTCTGGTTCCCGTGAC	1
417	416	11	AGGTTGTTTCTGGTTCCCGTGACA	1
418	417	11	GGTTGTTTCTGGTTCCCGTGACAA	1
419	418	12	GTTGTTTCTGGTTCCCGTGACAAG	1
420	419	12	TTGTTTCTGGTTCCCGTGACAAGA	1
421	420	8	TGTTTCTGGTTCCCGTGACAAGAC	1
422	421	8	GTTTCTGGTTCCCGTGACAAGACC	1
423	422	8	TTTCTGGTTCCCGTGACAAGACCA	1
424	423	7	TTCTGGTTCCCGTGACAAGACCAT	1
425	424	8	TCTGGTTCCCGTGACAAGACCATT	1
426	425	8	CTGGTTCCCGTGACAAGACCATTA	1
427	426	8	TGGTTCCCGTGACAAGACCATTAA	1
428	427	8	GGTTCCCGTGACAAGACCATTAAG	1
429	428	9	GTTCCCGTGACAAGACCATTAAGA	1
430	429	9	TTCCCGTGACAAGACCATTAAGAT	1
431	430	9	TCCCGTGACAAGACCATTAAGATT	1
432	431	9	CCCGTGACAAGACCATTAAGATTT	1
433	432	9	CCGTGACAAGACCATTAAGATTTG	1
434	433	9	CGTGACAAGACCATTAAGATTTGG	1
435	434	9	GTGACAAGACCATTAAGATTTGGA	1
436	435	8	TGACAAGACCATTAAGATTTGGAA	1
437	436	8	GACAAGACCATTAAGATTTGGAAC	1
438	437	8	ACAAGACCATTAAGATTTGGAACA	1
439	438	8	CAAGACCATTAAGATTTGGAACAT	1
440	439	9	AAGACCATTAAGATTTGGAACATT	1
441	440	10	AGACCATTAAGATTTGGAACATTA	1
442	441	10	GACCATTAAGATTTGGAACATTAT	1
443	442	10	ACCATTAAGATTTGGAACATTATT	1
444	443	10	CCATTAAGATTTGGAACATTATTG	1
445	444	11	CATTAAGATTTGGAACATTATTGG	1
446	445	11	ATTAAGATTTGGAACATTATTGGT	1
447	446	10	TTAAGATTTGGAACATTATTGGTA	1
448	447	12	TAAGATTTGGAACATTATTGGTAA	1
449	448	13	AAGATTTGGAACATTATTGGTAAC	1
450	449	12	AGATTTGGAACATTATTGGTAACT	1
451	450	11	GATTTGGAACATTATTGGTAACTG	1
452	451	11	ATTTGGAACATTATTGGTAACTGC	1
453	452	11	TTTGGAACATTATTGGTAACTGCA	1
454	453	11	TTGGAACATTATTGGTAACTGCAA	1
455	454	11	TGGAACATTATTGGTAACTGCAAG	1
456	455	10	GGAACATTATTGGTAACTGCAAGT	1
457	456	10	GAACATTATTGGTAACTGCAAGTA	1
458	457	11	AACATTATTGGTAACTGCAAGTAC	1
459	458	11	ACATTATTGGTAACTGCAAGTACA	1
460	459	12	CATTATTGGTAACTGCAAGTACAC	1
461	460	12	ATTATTGGTAACTGCAAGTACACT	1
462	461	12	TTATTGGTAACTGCAAGTACACTA	1
463	462	11	TATTGGTAACTGCAAGTACACTAT	1
464	463	11	ATTGGTAACTGCAAGTACACTATC	1
465	464	12	TTGGTAACTGCAAGTACACTATCA	1
466	465	12	TGGTAACTGCAAGTACACTATCAC	1
467	466	12	GGTAACTGCAAGTACACTATCACC	1
468	467	13	GTAACTGCAAGTACACTATCACCG	1
469	468	12	TAACTGCAAGTACACTATCACCGA	1
470	469	12	AACTGCAAGTACACTATCACCGAT	1
471	470	12	ACTGCAAGTACACTATCACCGATG	1
472	471	12	CTGCAAGTACACTATCACCGATGG	1
473	472	13	TGCAAGTACACTATCACCGATGGT	1
474	473	13	GCAAGTACACTATCACCGATGGTG	1
475	474	13	CAAGTACACTATCACCGATGGTGG	1
476	475	16	AAGTACACTATCACCGATGGTGGT	1
477	476	17	AGTACACTATCACCGATGGTGGTC	1
478	477	17	GTACACTATCACCGATGGTGGTCA	1
479	478	17	TACACTATCACCGATGGTGGTCAC	1
480	479	17	ACACTATCACCGATGGTGGTCACT	1
481	480	17	CACTATCACCGATGGTGGTCACTC	1
482	481	17	ACTATCACCGATGGTGGTCACTCT	1
483	482	17	CTATCACCGATGGTGGTCACTCTG	1
484	483	16	TATCACCGATGGTGGTCACTCTGA	1
485	484	16	ATCACCGATGGTGGTCACTCTGAC	1
486	485	15	TCACCGATGGTGGTCACTCTGACT	1
487	486	15	CACCGATGGTGGTCACTCTGACTG	1
488	487	16	ACCGATGGTGGTCACTCTGACTGG	1
489	488	15	CCGATGGTGGTCACTCTGACTGGG	1
490	489	15	CGATGGTGGTCACTCTGACTGGGT	1
491	490	14	GATGGTGGTCACTCTGACTGGGTT	1
492	491	13	ATGGTGGTCACTCTGACTGGGTTT	1
493	492	13	TGGTGGTCACTCTGACTGGGTTTC	1
494	493	13	GGTGGTCACTCTGACTGGGTTTCT	1
495	494	13	GTGGTCACTCTGACTGGGTTTCTT	1
496	495	13	TGGTCACTCTGACTGGGTTTCTTG	1
497	496	13	GGTCACTCTGACTGGGTTTCTTGT	1
498	497	14	GTCACTCTGACTGGGTTTCTTGTG	1
499	498	14	TCACTCTGACTGGGTTTCTTGTGT	1
500	499	14	CACTCTGACTGGGTTTCTTGTGTG	1
501	500	14	ACTCTGACTGGGTTTCTTGTGTGC	1
502	501	13	CTCTGACTGGGTTTCTTGTGTGCG	1
503	502	14	TCTGACTGGGTTTCTTGTGTGCGC	1
504	503	13	CTGACTGGGTTTCTTGTGTGCGCT	1
505	504	13	TGACTGGGTTTCTTGTGTGCGCTT	1
506	505	13	GACTGGGTTTCTTGTGTGCGCTTC	1
507	506	14	ACTGGGTTTCTTGTGTGCGCTTCT	1
508	507	14	CTGGGTTTCTTGTGTGCGCTTCTC	1
509	508	13	TGGGTTTCTTGTGTGCGCTTCTCT	1
510	509	13	GGGTTTCTTGTGTGCGCTTCTCTC	1
511	510	13	GGTTTCTTGTGTGCGCTTCTCTCC	1
512	511	12	GTTTCTTGTGTGCGCTTCTCTCCT	1
513	512	12	TTTCTTGTGTGCGCTTCTCTCCTA	1
514	513	12	TTCTTGTGTGCGCTTCTCTCCTAA	1
515	514	12	TCTTGTGTGCGCTTCTCTCCTAAC	1
516	515	12	CTTGTGTGCGCTTCTCTCCTAACC	1
517	516	10	TTGTGTGCGCTTCTCTCCTAACCC	1
518	517	10	TGTGTGCGCTTCTCTCCTAACCCC	1
519	518	10	GTGTGCGCTTCTCTCCTAACCCCG	1
520	519	7	TGTGCGCTTCTCTCCTAACCCCGA	1
521	520	6	GTGCGCTTCTCTCCTAACCCCGAT	1
522	521	6	TGCGCTTCTCTCCTAACCCCGATA	1
523	522	6	GCGCTTCTCTCCTAACCCCGATAA	1
524	523	6	CGCTTCTCTCCTAACCCCGATAAC	1
525	524	7	GCTTCTCTCCTAACCCCGATAACC	1
526	525	7	CTTCTCTCCTAACCCCGATAACCT	1
527	526	7	TTCTCTCCTAACCCCGATAACCTT	1
528	527	6	TCTCTCCTAACCCCGATAACCTTA	1
529	528	6	CTCTCCTAACCCCGATAACCTTAC	1
530	529	6	TCTCCTAACCCCGATAACCTTACC	1
531	530	6	CTCCTAACCCCGATAACCTTACCT	1
532	531	5	TCCTAACCCCGATAACCTTACCTT	1
533	532	5	CCTAACCCCGATAACCTTACCTTC	1
534	533	5	CTAACCCCGATAACCTTACCTTCG	1
535	534	5	TAACCCCGATAACCTTACCTTCGT	1
536	535	5	AACCCCGATAACCTTACCTTCGTC	1
537	536	6	ACCCCGATAACCTTACCTTCGTCT	1
538	537	6	CCCCGATAACCTTACCTTCGTCTC	1
539	538	6	CCCGATAACCTTACCTTCGTCTCT	1
540	539	9	CCGATAACCTTACCTTCGTCTCTG	1
541	540	12	CGATAACCTTACCTTCGTCTCTGC	1
542	541	13	GATAACCTTACCTTCGTCTCTGCT	1
543	542	13	ATAACCTTACCTTCGTCTCTGCTG	1
544	543	12	TAACCTTACCTTCGTCTCTGCTGG	1
545	544	12	AACCTTACCTTCGTCTCTGCTGGT	1
546	545	13	ACCTTACCTTCGTCTCTGCTGGTT	1
547	546	13	CCTTACCTTCGTCTCTGCTGGTTG	1
548	547	14	CTTACCTTCGTCTCTGCTGGTTGG	1
549	548	15	TTACCTTCGTCTCTGCTGGTTGGG	1
550	549	15	TACCTTCGTCTCTGCTGGTTGGGA	1
551	550	15	ACCTTCGTCTCTGCTGGTTGGGAC	1
552	551	15	CCTTCGTCTCTGCTGGTTGGGACA	1
553	552	15	CTTCGTCTCTGCTGGTTGGGACAA	1
554	553	15	TTCGTCTCTGCTGGTTGGGACAAG	1
555	554	15	TCGTCTCTGCTGGTTGGGACAAGG	1
556	555	15	CGTCTCTGCTGGTTGGGACAAGGC	1
557	556	17	GTCTCTGCTGGTTGGGACAAGGCC	1
558	557	17	TCTCTGCTGGTTGGGACAAGGCCG	1
559	558	18	CTCTGCTGGTTGGGACAAGGCCGT	1
560	559	19	TCTGCTGGTTGGGACAAGGCCGTT	1
561	560	19	CTGCTGGTTGGGACAAGGCCGTTA	1
562	561	20	TGCTGGTTGGGACAAGGCCGTTAA	1
563	562	20	GCTGGTTGGGACAAGGCCGTTAAG	1
564	563	21	CTGGTTGGGACAAGGCCGTTAAGG	1
565	564	22	TGGTTGGGACAAGGCCGTTAAGGT	1
566	565	22	GGTTGGGACAAGGCCGTTAAGGTT	1
567	566	22	GTTGGGACAAGGCCGTTAAGGTTT	1
568	567	22	TTGGGACAAGGCCGTTAAGGTTTG	1
569	568	21	TGGGACAAGGCCGTTAAGGTTTGG	1
570	569	21	GGGACAAGGCCGTTAAGGTTTGGG	1
571	570	21	GGACAAGGCCGTTAAGGTTTGGGA	1
572	571	21	GACAAGGCCGTTAAGGTTTGGGAT	1
573	572	21	ACAAGGCCGTTAAGGTTTGGGATT	1
574	573	21	CAAGGCCGTTAAGGTTTGGGATTT	1
575	574	22	AAGGCCGTTAAGGTTTGGGATTTG	1
576	575	23	AGGCCGTTAAGGTTTGGGATTTGG	1
577	576	22	GGCCGTTAAGGTTTGGGATTTGGA	1
578	577	24	GCCGTTAAGGTTTGGGATTTGGAA	1
579	578	25	CCGTTAAGGTTTGGGATTTGGAAA	1
580	579	24	CGTTAAGGTTTGGGATTTGGAAAC	1
581	580	23	GTTAAGGTTTGGGATTTGGAAACC	1
582	581	24	TTAAGGTTTGGGATTTGGAAACCT	1
583	582	24	TAAGGTTTGGGATTTGGAAACCTT	1
584	583	21	AAGGTTTGGGATTTGGAAACCTTC	1
585	584	19	AGGTTTGGGATTTGGAAACCTTCT	1
586	585	17	GGTTTGGGATTTGGAAACCTTCTC	1
587	586	18	GTTTGGGATTTGGAAACCTTCTCC	1
588	587	18	TTTGGGATTTGGAAACCTTCTCCC	1
589	588	19	TTGGGATTTGGAAACCTTCTCCCT	1
590	589	18	TGGGATTTGGAAACCTTCTCCCTT	1
591	590	18	GGGATTTGGAAACCTTCTCCCTTC	1
592	591	18	GGATTTGGAAACCTTCTCCCTTCG	1
593	592	17	GATTTGGAAACCTTCTCCCTTCGC	1
594	593	17	ATTTGGAAACCTTCTCCCTTCGCA	1
595	594	17	TTTGGAAACCTTCTCCCTTCGCAC	1
596	595	17	TTGGAAACCTTCTCCCTTCGCACT	1
597	596	17	TGGAAACCTTCTCCCTTCGCACTT	1
598	597	17	GGAAACCTTCTCCCTTCGCACTTC	1
599	598	17	GAAACCTTCTCCCTTCGCACTTCT	1
600	599	17	AAACCTTCTCCCTTCGCACTTCTC	1
601	600	16	AACCTTCTCCCTTCGCACTTCTCA	1
602	601	16	ACCTTCTCCCTTCGCACTTCTCAC	1
603	602	15	CCTTCTCCCTTCGCACTTCTCACT	1
604	603	14	CTTCTCCCTTCGCACTTCTCACTA	1
605	604	14	TTCTCCCTTCGCACTTCTCACTAT	1
606	605	13	TCTCCCTTCGCACTTCTCACTATG	1
607	606	13	CTCCCTTCGCACTTCTCACTATGG	1
608	607	12	TCCCTTCGCACTTCTCACTATGGC	1
609	608	11	CCCTTCGCACTTCTCACTATGGCC	1
610	609	11	CCTTCGCACTTCTCACTATGGCCA	1
611	610	11	CTTCGCACTTCTCACTATGGCCAT	1
612	611	11	TTCGCACTTCTCACTATGGCCATA	1
613	612	11	TCGCACTTCTCACTATGGCCATAC	1
614	613	11	CGCACTTCTCACTATGGCCATACT	1
615	614	11	GCACTTCTCACTATGGCCATACTG	1
616	615	11	CACTTCTCACTATGGCCATACTGG	1
617	616	10	ACTTCTCACTATGGCCATACTGGT	1
618	617	10	CTTCTCACTATGGCCATACTGGTT	1
619	618	9	TTCTCACTATGGCCATACTGGTTA	1
620	619	8	TCTCACTATGGCCATACTGGTTAC	1
621	620	8	CTCACTATGGCCATACTGGTTACG	1
622	621	7	TCACTATGGCCATACTGGTTACGT	1
623	622	6	CACTATGGCCATACTGGTTACGTA	1
624	623	6	ACTATGGCCATACTGGTTACGTAT	1
625	624	6	CTATGGCCATACTGGTTACGTATC	1
626	625	5	TATGGCCATACTGGTTACGTATCT	1
627	626	5	ATGGCCATACTGGTTACGTATCTG	1
628	627	5	TGGCCATACTGGTTACGTATCTGC	1
629	628	3	GGCCATACTGGTTACGTATCTGCA	1
630	629	3	GCCATACTGGTTACGTATCTGCAG	1
631	630	3	CCATACTGGTTACGTATCTGCAGT	1
632	631	3	CATACTGGTTACGTATCTGCAGTC	1
633	632	2	ATACTGGTTACGTATCTGCAGTCA	1
634	633	2	TACTGGTTACGTATCTGCAGTCAC	1
635	634	2	ACTGGTTACGTATCTGCAGTCACC	1
636	635	2	CTGGTTACGTATCTGCAGTCACCA	1
637	636	3	TGGTTACGTATCTGCAGTCACCAT	1
638	637	3	GGTTACGTATCTGCAGTCACCATC	1
639	638	3	GTTACGTATCTGCAGTCACCATCT	1
640	639	3	TTACGTATCTGCAGTCACCATCTC	1
641	640	3	TACGTATCTGCAGTCACCATCTCC	1
642	641	3	ACGTATCTGCAGTCACCATCTCCC	1
643	642	3	CGTATCTGCAGTCACCATCTCCCC	1
644	643	3	GTATCTGCAGTCACCATCTCCCCT	1
645	644	2	TATCTGCAGTCACCATCTCCCCTG	1
646	645	2	ATCTGCAGTCACCATCTCCCCTGA	1
647	646	2	TCTGCAGTCACCATCTCCCCTGAT	1
648	647	2	CTGCAGTCACCATCTCCCCTGATG	1
649	648	2	TGCAGTCACCATCTCCCCTGATGG	1
650	649	2	GCAGTCACCATCTCCCCTGATGGA	1
651	650	2	CAGTCACCATCTCCCCTGATGGAT	1
652	651	2	AGTCACCATCTCCCCTGATGGATC	1
653	652	2	GTCACCATCTCCCCTGATGGATCT	1
654	653	3	TCACCATCTCCCCTGATGGATCTC	1
655	654	3	CACCATCTCCCCTGATGGATCTCT	1
656	655	3	ACCATCTCCCCTGATGGATCTCTT	1
657	656	3	CCATCTCCCCTGATGGATCTCTTT	1
658	657	3	CATCTCCCCTGATGGATCTCTTTG	1
659	658	3	ATCTCCCCTGATGGATCTCTTTGT	1
660	659	3	TCTCCCCTGATGGATCTCTTTGTG	1
661	660	3	CTCCCCTGATGGATCTCTTTGTGC	1
662	661	3	TCCCCTGATGGATCTCTTTGTGCT	1
663	662	3	CCCCTGATGGATCTCTTTGTGCTT	1
664	663	5	CCCTGATGGATCTCTTTGTGCTTC	1
665	664	5	CCTGATGGATCTCTTTGTGCTTCC	1
666	665	5	CTGATGGATCTCTTTGTGCTTCCG	1
667	666	5	TGATGGATCTCTTTGTGCTTCCGG	1
668	667	5	GATGGATCTCTTTGTGCTTCCGGT	1
669	668	5	ATGGATCTCTTTGTGCTTCCGGTG	1
670	669	5	TGGATCTCTTTGTGCTTCCGGTGG	1
671	670	6	GGATCTCTTTGTGCTTCCGGTGGA	1
672	671	6	GATCTCTTTGTGCTTCCGGTGGAA	1
673	672	6	ATCTCTTTGTGCTTCCGGTGGAAG	1
674	673	6	TCTCTTTGTGCTTCCGGTGGAAGA	1
675	674	5	CTCTTTGTGCTTCCGGTGGAAGAG	1
676	675	5	TCTTTGTGCTTCCGGTGGAAGAGA	1
677	676	5	CTTTGTGCTTCCGGTGGAAGAGAC	1
678	677	5	TTTGTGCTTCCGGTGGAAGAGACG	1
679	678	5	TTGTGCTTCCGGTGGAAGAGACGG	1
680	679	5	TGTGCTTCCGGTGGAAGAGACGGT	1
681	680	4	GTGCTTCCGGTGGAAGAGACGGTA	1
682	681	4	TGCTTCCGGTGGAAGAGACGGTAC	1
683	682	4	GCTTCCGGTGGAAGAGACGGTACC	1
684	683	4	CTTCCGGTGGAAGAGACGGTACCT	1
685	684	4	TTCCGGTGGAAGAGACGGTACCTT	1
686	685	5	TCCGGTGGAAGAGACGGTACCTTG	1
687	686	5	CCGGTGGAAGAGACGGTACCTTGA	1
688	687	5	CGGTGGAAGAGACGGTACCTTGAT	1
689	688	5	GGTGGAAGAGACGGTACCTTGATG	1
690	689	5	GTGGAAGAGACGGTACCTTGATGC	1
691	690	5	TGGAAGAGACGGTACCTTGATGCT	1
692	691	5	GGAAGAGACGGTACCTTGATGCTT	1
693	692	5	GAAGAGACGGTACCTTGATGCTTT	1
694	693	5	AAGAGACGGTACCTTGATGCTTTG	1
695	694	5	AGAGACGGTACCTTGATGCTTTGG	1
696	695	5	GAGACGGTACCTTGATGCTTTGGG	1
697	696	5	AGACGGTACCTTGATGCTTTGGGA	1
698	697	4	GACGGTACCTTGATGCTTTGGGAT	1
699	698	4	ACGGTACCTTGATGCTTTGGGATC	1
700	699	4	CGGTACCTTGATGCTTTGGGATCT	1
701	700	4	GGTACCTTGATGCTTTGGGATCTT	1
702	701	4	GTACCTTGATGCTTTGGGATCTTA	1
703	702	4	TACCTTGATGCTTTGGGATCTTAA	1
704	703	4	ACCTTGATGCTTTGGGATCTTAAC	1
705	704	5	CCTTGATGCTTTGGGATCTTAACG	1
706	705	6	CTTGATGCTTTGGGATCTTAACGA	1
707	706	7	TTGATGCTTTGGGATCTTAACGAG	1
708	707	5	TGATGCTTTGGGATCTTAACGAGT	1
709	708	5	GATGCTTTGGGATCTTAACGAGTC	1
710	709	6	ATGCTTTGGGATCTTAACGAGTCT	1
711	710	6	TGCTTTGGGATCTTAACGAGTCTA	1
712	711	7	GCTTTGGGATCTTAACGAGTCTAC	1
713	712	7	CTTTGGGATCTTAACGAGTCTACC	1
714	713	7	TTTGGGATCTTAACGAGTCTACCC	1
715	714	6	TTGGGATCTTAACGAGTCTACCCA	1
716	715	6	TGGGATCTTAACGAGTCTACCCAC	1
717	716	7	GGGATCTTAACGAGTCTACCCACC	1
718	717	10	GGATCTTAACGAGTCTACCCACCT	1
719	718	11	GATCTTAACGAGTCTACCCACCTC	1
720	719	14	ATCTTAACGAGTCTACCCACCTCT	1
721	720	19	TCTTAACGAGTCTACCCACCTCTA	1
722	721	19	CTTAACGAGTCTACCCACCTCTAC	1
723	722	20	TTAACGAGTCTACCCACCTCTACT	1
724	723	21	TAACGAGTCTACCCACCTCTACTC	1
725	724	22	AACGAGTCTACCCACCTCTACTCT	1
726	725	22	ACGAGTCTACCCACCTCTACTCTT	1
727	726	22	CGAGTCTACCCACCTCTACTCTTT	1
728	727	24	GAGTCTACCCACCTCTACTCTTTG	1
729	728	25	AGTCTACCCACCTCTACTCTTTGG	1
730	729	24	GTCTACCCACCTCTACTCTTTGGA	1
731	730	24	TCTACCCACCTCTACTCTTTGGAA	1
732	731	24	CTACCCACCTCTACTCTTTGGAAG	1
733	732	24	TACCCACCTCTACTCTTTGGAAGC	1
734	733	24	ACCCACCTCTACTCTTTGGAAGCC	1
735	734	24	CCCACCTCTACTCTTTGGAAGCCA	1
736	735	23	CCACCTCTACTCTTTGGAAGCCAA	1
737	736	23	CACCTCTACTCTTTGGAAGCCAAG	1
738	737	23	ACCTCTACTCTTTGGAAGCCAAGG	1
739	738	23	CCTCTACTCTTTGGAAGCCAAGGC	1
740	739	23	CTCTACTCTTTGGAAGCCAAGGCT	1
741	740	24	TCTACTCTTTGGAAGCCAAGGCTA	1
742	741	24	CTACTCTTTGGAAGCCAAGGCTAA	1
743	742	24	TACTCTTTGGAAGCCAAGGCTAAC	1
744	743	24	ACTCTTTGGAAGCCAAGGCTAACA	1
745	744	25	CTCTTTGGAAGCCAAGGCTAACAT	1
746	745	25	TCTTTGGAAGCCAAGGCTAACATT	1
747	746	25	CTTTGGAAGCCAAGGCTAACATTA	1
748	747	26	TTTGGAAGCCAAGGCTAACATTAA	1
749	748	25	TTGGAAGCCAAGGCTAACATTAAT	1
750	749	24	TGGAAGCCAAGGCTAACATTAATG	1
751	750	23	GGAAGCCAAGGCTAACATTAATGC	1
752	751	23	GAAGCCAAGGCTAACATTAATGCC	1
753	752	24	AAGCCAAGGCTAACATTAATGCCC	1
754	753	23	AGCCAAGGCTAACATTAATGCCCT	1
755	754	22	GCCAAGGCTAACATTAATGCCCTT	1
756	755	22	CCAAGGCTAACATTAATGCCCTTG	1
757	756	21	CAAGGCTAACATTAATGCCCTTGT	1
758	757	21	AAGGCTAACATTAATGCCCTTGTT	1
759	758	21	AGGCTAACATTAATGCCCTTGTTT	1
760	759	21	GGCTAACATTAATGCCCTTGTTTT	1
761	760	21	GCTAACATTAATGCCCTTGTTTTC	1
762	761	18	CTAACATTAATGCCCTTGTTTTCT	1
763	762	17	TAACATTAATGCCCTTGTTTTCTC	1
764	763	15	AACATTAATGCCCTTGTTTTCTCC	1
765	764	11	ACATTAATGCCCTTGTTTTCTCCC	1
766	765	11	CATTAATGCCCTTGTTTTCTCCCC	1
767	766	8	ATTAATGCCCTTGTTTTCTCCCCT	1
768	767	9	TTAATGCCCTTGTTTTCTCCCCTA	1
769	768	8	TAATGCCCTTGTTTTCTCCCCTAA	1
770	769	8	AATGCCCTTGTTTTCTCCCCTAAC	1
771	770	8	ATGCCCTTGTTTTCTCCCCTAACC	1
772	771	6	TGCCCTTGTTTTCTCCCCTAACCG	1
773	772	6	GCCCTTGTTTTCTCCCCTAACCGT	1
774	773	6	CCCTTGTTTTCTCCCCTAACCGTT	1
775	774	6	CCTTGTTTTCTCCCCTAACCGTTA	1
776	775	6	CTTGTTTTCTCCCCTAACCGTTAC	1
777	776	6	TTGTTTTCTCCCCTAACCGTTACT	1
778	777	6	TGTTTTCTCCCCTAACCGTTACTG	1
779	778	6	GTTTTCTCCCCTAACCGTTACTGG	1
780	779	5	TTTTCTCCCCTAACCGTTACTGGC	1
781	780	5	TTTCTCCCCTAACCGTTACTGGCT	1
782	781	5	TTCTCCCCTAACCGTTACTGGCTT	1
783	782	5	TCTCCCCTAACCGTTACTGGCTTT	1
784	783	5	CTCCCCTAACCGTTACTGGCTTTG	1
785	784	4	TCCCCTAACCGTTACTGGCTTTGT	1
786	785	4	CCCCTAACCGTTACTGGCTTTGTG	1
787	786	4	CCCTAACCGTTACTGGCTTTGTGC	1
788	787	4	CCTAACCGTTACTGGCTTTGTGCC	1
789	788	2	CTAACCGTTACTGGCTTTGTGCCG	1
790	789	2	TAACCGTTACTGGCTTTGTGCCGC	1
791	790	2	AACCGTTACTGGCTTTGTGCCGCC	1
792	791	1	ACCGTTACTGGCTTTGTGCCGCCA	1
793	792	1	CCGTTACTGGCTTTGTGCCGCCAC	1
794	793	2	CGTTACTGGCTTTGTGCCGCCACT	1
795	794	2	GTTACTGGCTTTGTGCCGCCACTG	1
796	795	3	TTACTGGCTTTGTGCCGCCACTGG	1
797	796	2	TACTGGCTTTGTGCCGCCACTGGT	1
798	797	2	ACTGGCTTTGTGCCGCCACTGGTT	1
799	798	2	CTGGCTTTGTGCCGCCACTGGTTC	1
800	799	2	TGGCTTTGTGCCGCCACTGGTTCT	1
801	800	2	GGCTTTGTGCCGCCACTGGTTCTT	1
802	801	2	GCTTTGTGCCGCCACTGGTTCTTC	1
803	802	3	CTTTGTGCCGCCACTGGTTCTTCC	1
804	803	3	TTTGTGCCGCCACTGGTTCTTCCA	1
805	804	4	TTGTGCCGCCACTGGTTCTTCCAT	1
806	805	4	TGTGCCGCCACTGGTTCTTCCATT	1
807	806	4	GTGCCGCCACTGGTTCTTCCATTC	1
808	807	4	TGCCGCCACTGGTTCTTCCATTCG	1
809	808	4	GCCGCCACTGGTTCTTCCATTCGT	1
810	809	4	CCGCCACTGGTTCTTCCATTCGTA	1
811	810	3	CGCCACTGGTTCTTCCATTCGTAT	1
812	811	3	GCCACTGGTTCTTCCATTCGTATC	1
813	812	3	CCACTGGTTCTTCCATTCGTATCT	1
814	813	3	CACTGGTTCTTCCATTCGTATCTT	1
815	814	3	ACTGGTTCTTCCATTCGTATCTTC	1
816	815	3	CTGGTTCTTCCATTCGTATCTTCG	1
817	816	2	TGGTTCTTCCATTCGTATCTTCGA	1
818	817	2	GGTTCTTCCATTCGTATCTTCGAT	1
819	818	2	GTTCTTCCATTCGTATCTTCGATT	1
820	819	2	TTCTTCCATTCGTATCTTCGATTT	1
821	820	2	TCTTCCATTCGTATCTTCGATTTG	1
822	821	2	CTTCCATTCGTATCTTCGATTTGG	1
823	822	2	TTCCATTCGTATCTTCGATTTGGA	1
824	823	2	TCCATTCGTATCTTCGATTTGGAG	1
825	824	2	CCATTCGTATCTTCGATTTGGAGA	1
826	825	2	CATTCGTATCTTCGATTTGGAGAC	1
827	826	2	ATTCGTATCTTCGATTTGGAGACT	1
828	827	2	TTCGTATCTTCGATTTGGAGACTC	1
829	828	3	TCGTATCTTCGATTTGGAGACTCA	1
830	829	3	CGTATCTTCGATTTGGAGACTCAA	1
831	830	3	GTATCTTCGATTTGGAGACTCAAG	1
832	831	3	TATCTTCGATTTGGAGACTCAAGA	1
833	832	3	ATCTTCGATTTGGAGACTCAAGAG	1
834	833	3	TCTTCGATTTGGAGACTCAAGAGA	1
835	834	3	CTTCGATTTGGAGACTCAAGAGAA	1
836	835	3	TTCGATTTGGAGACTCAAGAGAAG	1
837	836	3	TCGATTTGGAGACTCAAGAGAAGG	1
838	837	3	CGATTTGGAGACTCAAGAGAAGGT	1
839	838	3	GATTTGGAGACTCAAGAGAAGGTT	1
840	839	2	ATTTGGAGACTCAAGAGAAGGTTG	1
841	840	2	TTTGGAGACTCAAGAGAAGGTTGA	1
842	841	2	TTGGAGACTCAAGAGAAGGTTGAT	1
843	842	2	TGGAGACTCAAGAGAAGGTTGATG	1
844	843	3	GGAGACTCAAGAGAAGGTTGATGA	1
845	844	4	GAGACTCAAGAGAAGGTTGATGAA	1
846	845	4	AGACTCAAGAGAAGGTTGATGAAC	1
847	846	3	GACTCAAGAGAAGGTTGATGAACT	1
848	847	5	ACTCAAGAGAAGGTTGATGAACTT	1
849	848	5	CTCAAGAGAAGGTTGATGAACTTA	1
850	849	6	TCAAGAGAAGGTTGATGAACTTAC	1
851	850	6	CAAGAGAAGGTTGATGAACTTACT	1
852	851	6	AAGAGAAGGTTGATGAACTTACTG	1
853	852	6	AGAGAAGGTTGATGAACTTACTGT	1
854	853	6	GAGAAGGTTGATGAACTTACTGTT	1
855	854	6	AGAAGGTTGATGAACTTACTGTTG	1
856	855	6	GAAGGTTGATGAACTTACTGTTGA	1
857	856	6	AAGGTTGATGAACTTACTGTTGAC	1
858	857	6	AGGTTGATGAACTTACTGTTGACT	1
859	858	6	GGTTGATGAACTTACTGTTGACTT	1
860	859	6	GTTGATGAACTTACTGTTGACTTT	1
861	860	6	TTGATGAACTTACTGTTGACTTTG	1
862	861	6	TGATGAACTTACTGTTGACTTTGT	1
863	862	6	GATGAACTTACTGTTGACTTTGTT	1
864	863	6	ATGAACTTACTGTTGACTTTGTTG	1
865	864	6	TGAACTTACTGTTGACTTTGTTGG	1
866	865	6	GAACTTACTGTTGACTTTGTTGGT	1
867	866	6	AACTTACTGTTGACTTTGTTGGTG	1
868	867	6	ACTTACTGTTGACTTTGTTGGTGT	1
869	868	6	CTTACTGTTGACTTTGTTGGTGTT	1
870	869	6	TTACTGTTGACTTTGTTGGTGTTG	1
871	870	6	TACTGTTGACTTTGTTGGTGTTGG	1
872	871	6	ACTGTTGACTTTGTTGGTGTTGGC	1
873	872	5	CTGTTGACTTTGTTGGTGTTGGCA	1
874	873	5	TGTTGACTTTGTTGGTGTTGGCAA	1
875	874	6	GTTGACTTTGTTGGTGTTGGCAAG	1
876	875	6	TTGACTTTGTTGGTGTTGGCAAGA	1
877	876	6	TGACTTTGTTGGTGTTGGCAAGAA	1
878	877	6	GACTTTGTTGGTGTTGGCAAGAAG	1
879	878	6	ACTTTGTTGGTGTTGGCAAGAAGA	1
880	879	8	CTTTGTTGGTGTTGGCAAGAAGAG	1
881	880	8	TTTGTTGGTGTTGGCAAGAAGAGC	1
882	881	8	TTGTTGGTGTTGGCAAGAAGAGCT	1
883	882	9	TGTTGGTGTTGGCAAGAAGAGCTC	1
884	883	9	GTTGGTGTTGGCAAGAAGAGCTCT	1
885	884	9	TTGGTGTTGGCAAGAAGAGCTCTG	1
886	885	9	TGGTGTTGGCAAGAAGAGCTCTGA	1
887	886	9	GGTGTTGGCAAGAAGAGCTCTGAG	1
888	887	8	GTGTTGGCAAGAAGAGCTCTGAGC	1
889	888	7	TGTTGGCAAGAAGAGCTCTGAGCC	1
890	889	7	GTTGGCAAGAAGAGCTCTGAGCCT	1
891	890	8	TTGGCAAGAAGAGCTCTGAGCCTG	1
892	891	6	TGGCAAGAAGAGCTCTGAGCCTGA	1
893	892	6	GGCAAGAAGAGCTCTGAGCCTGAG	1
894	893	5	GCAAGAAGAGCTCTGAGCCTGAGT	1
895	894	5	CAAGAAGAGCTCTGAGCCTGAGTG	1
896	895	6	AAGAAGAGCTCTGAGCCTGAGTGT	1
897	896	6	AGAAGAGCTCTGAGCCTGAGTGTA	1
898	897	6	GAAGAGCTCTGAGCCTGAGTGTAT	1
899	898	6	AAGAGCTCTGAGCCTGAGTGTATT	1
900	899	6	AGAGCTCTGAGCCTGAGTGTATTT	1
901	900	6	GAGCTCTGAGCCTGAGTGTATTTC	1
902	901	7	AGCTCTGAGCCTGAGTGTATTTCT	1
903	902	7	GCTCTGAGCCTGAGTGTATTTCTC	1
904	903	7	CTCTGAGCCTGAGTGTATTTCTCT	1
905	904	8	TCTGAGCCTGAGTGTATTTCTCTT	1
906	905	8	CTGAGCCTGAGTGTATTTCTCTTA	1
907	906	8	TGAGCCTGAGTGTATTTCTCTTAC	1
908	907	8	GAGCCTGAGTGTATTTCTCTTACC	1
909	908	8	AGCCTGAGTGTATTTCTCTTACCT	1
910	909	8	GCCTGAGTGTATTTCTCTTACCTG	1
911	910	8	CCTGAGTGTATTTCTCTTACCTGG	1
912	911	8	CTGAGTGTATTTCTCTTACCTGGT	1
913	912	8	TGAGTGTATTTCTCTTACCTGGTC	1
914	913	8	GAGTGTATTTCTCTTACCTGGTCT	1
915	914	8	AGTGTATTTCTCTTACCTGGTCTC	1
916	915	8	GTGTATTTCTCTTACCTGGTCTCC	1
917	916	8	TGTATTTCTCTTACCTGGTCTCCT	1
918	917	8	GTATTTCTCTTACCTGGTCTCCTG	1
919	918	7	TATTTCTCTTACCTGGTCTCCTGA	1
920	919	7	ATTTCTCTTACCTGGTCTCCTGAT	1
921	920	7	TTTCTCTTACCTGGTCTCCTGATG	1
922	921	7	TTCTCTTACCTGGTCTCCTGATGG	1
923	922	7	TCTCTTACCTGGTCTCCTGATGGC	1
924	923	5	CTCTTACCTGGTCTCCTGATGGCC	1
925	924	5	TCTTACCTGGTCTCCTGATGGCCA	1
926	925	5	CTTACCTGGTCTCCTGATGGCCAA	1
927	926	4	TTACCTGGTCTCCTGATGGCCAAA	1
928	927	4	TACCTGGTCTCCTGATGGCCAAAC	1
929	928	4	ACCTGGTCTCCTGATGGCCAAACT	1
930	929	4	CCTGGTCTCCTGATGGCCAAACTT	1
931	930	4	CTGGTCTCCTGATGGCCAAACTTT	1
932	931	4	TGGTCTCCTGATGGCCAAACTTTG	1
933	932	4	GGTCTCCTGATGGCCAAACTTTGT	1
934	933	4	GTCTCCTGATGGCCAAACTTTGTT	1
935	934	3	TCTCCTGATGGCCAAACTTTGTTC	1
936	935	3	CTCCTGATGGCCAAACTTTGTTCT	1
937	936	3	TCCTGATGGCCAAACTTTGTTCTC	1
938	937	3	CCTGATGGCCAAACTTTGTTCTCT	1
939	938	3	CTGATGGCCAAACTTTGTTCTCTG	1
940	939	2	TGATGGCCAAACTTTGTTCTCTGG	1
941	940	2	GATGGCCAAACTTTGTTCTCTGGC	1
942	941	2	ATGGCCAAACTTTGTTCTCTGGCT	1
943	942	2	TGGCCAAACTTTGTTCTCTGGCTG	1
944	943	2	GGCCAAACTTTGTTCTCTGGCTGG	1
945	944	2	GCCAAACTTTGTTCTCTGGCTGGA	1
946	945	1	CCAAACTTTGTTCTCTGGCTGGAC	1
947	946	1	CAAACTTTGTTCTCTGGCTGGACT	1
948	947	1	AAACTTTGTTCTCTGGCTGGACTG	1
949	-1	0	TAATGATGAATGGCTTTAGGGTGC	1
950	949	1	AATGATGAATGGCTTTAGGGTGCA	1
951	950	1	ATGATGAATGGCTTTAGGGTGCAT	1
952	951	1	TGATGAATGGCTTTAGGGTGCATC	1
953	952	1	GATGAATGGCTTTAGGGTGCATCG	1
954	953	1	ATGAATGGCTTTAGGGTGCATCGT	1
955	954	1	TGAATGGCTTTAGGGTGCATCGTT	1
956	955	1	GAATGGCTTTAGGGTGCATCGTTT	1
957	956	1	AATGGCTTTAGGGTGCATCGTTTT	1
958	957	1	ATGGCTTTAGGGTGCATCGTTTTC	1
959	958	1	TGGCTTTAGGGTGCATCGTTTTCT	1
960	959	1	GGCTTTAGGGTGCATCGTTTTCTT	1
961	960	2	GCTTTAGGGTGCATCGTTTTCTTT	1
962	961	2	CTTTAGGGTGCATCGTTTTCTTTA	1
963	962	2	TTTAGGGTGCATCGTTTTCTTTAA	1
964	963	2	TTAGGGTGCATCGTTTTCTTTAAA	1
965	964	2	TAGGGTGCATCGTTTTCTTTAAAC	1
966	965	2	AGGGTGCATCGTTTTCTTTAAACT	1
967	966	2	GGGTGCATCGTTTTCTTTAAACTC	1
968	967	2	GGTGCATCGTTTTCTTTAAACTCT	1
969	968	3	GTGCATCGTTTTCTTTAAACTCTG	1
970	969	3	TGCATCGTTTTCTTTAAACTCTGA	1
971	970	3	GCATCGTTTTCTTTAAACTCTGAA	1
972	971	3	CATCGTTTTCTTTAAACTCTGAAT	1
973	972	3	ATCGTTTTCTTTAAACTCTGAATC	1
974	973	3	TCGTTTTCTTTAAACTCTGAATCA	1
975	974	3	CGTTTTCTTTAAACTCTGAATCAA	1
976	975	3	GTTTTCTTTAAACTCTGAATCAAA	1
977	976	3	TTTTCTTTAAACTCTGAATCAAAT	1
978	977	3	TTTCTTTAAACTCTGAATCAAATT	1
979	978	3	TTCTTTAAACTCTGAATCAAATTC	1
980	979	3	TCTTTAAACTCTGAATCAAATTCG	1
981	980	3	CTTTAAACTCTGAATCAAATTCGA	1
982	981	3	TTTAAACTCTGAATCAAATTCGAT	1
983	982	3	TTAAACTCTGAATCAAATTCGATT	1
984	983	3	TAAACTCTGAATCAAATTCGATTC	1
985	984	3	AAACTCTGAATCAAATTCGATTCC	1
986	985	3	AACTCTGAATCAAATTCGATTCCC	1
987	986	3	ACTCTGAATCAAATTCGATTCCCA	1
988	987	3	CTCTGAATCAAATTCGATTCCCAA	1
989	988	3	TCTGAATCAAATTCGATTCCCAAA	1
990	989	3	CTGAATCAAATTCGATTCCCAAAG	1
991	990	3	TGAATCAAATTCGATTCCCAAAGA	1
992	991	3	GAATCAAATTCGATTCCCAAAGAA	1
993	992	2	AATCAAATTCGATTCCCAAAGAAT	1
994	993	2	ATCAAATTCGATTCCCAAAGAATA	1
995	994	2	TCAAATTCGATTCCCAAAGAATAT	1
996	995	2	CAAATTCGATTCCCAAAGAATATA	1
997	996	2	AAATTCGATTCCCAAAGAATATAT	1
998	997	2	AATTCGATTCCCAAAGAATATATA	1
999	998	2	ATTCGATTCCCAAAGAATATATAT	1
1000	999	2	TTCGATTCCCAAAGAATATATATT	1
1001	1000	2	TCGATTCCCAAAGAATATATATTA	1
1002	1001	2	CGATTCCCAAAGAATATATATTAG	1
1003	1002	2	GATTCCCAAAGAATATATATTAGC	1
1004	1003	2	ATTCCCAAAGAATATATATTAGCG	1
1005	1004	1	TTCCCAAAGAATATATATTAGCGG	1
1006	1005	1	TCCCAAAGAATATATATTAGCGGT	1
1007	1006	1	CCCAAAGAATATATATTAGCGGTT	1
1008	1007	1	CCAAAGAATATATATTAGCGGTTT	1
1009	1008	1	CAAAGAATATATATTAGCGGTTTT	1
1010	1009	1	AAAGAATATATATTAGCGGTTTTT	1
1011	1010	1	AAGAATATATATTAGCGGTTTTTG	1
1012	1011	1	AGAATATATATTAGCGGTTTTTGT	1
