Component 358
1	-1	0	ACTGGACGTCGCGGTAAGACCGTC	1
2	1	1	CTGGACGTCGCGGTAAGACCGTCG	1
3	2	1	TGGACGTCGCGGTAAGACCGTCGG	1
4	3	1	GGACGTCGCGGTAAGACCGTCGGT	1
5	4	1	GACGTCGCGGTAAGACCGTCGGTG	1
6	5	1	ACGTCGCGGTAAGACCGTCGGTGT	1
7	6	1	CGTCGCGGTAAGACCGTCGGTGTC	1
8	7	1	GTCGCGGTAAGACCGTCGGTGTCT	1
9	8	1	TCGCGGTAAGACCGTCGGTGTCTC	1
10	9	1	CGCGGTAAGACCGTCGGTGTCTCC	1
11	10	1	GCGGTAAGACCGTCGGTGTCTCCA	1
12	11	1	CGGTAAGACCGTCGGTGTCTCCAA	1
13	12	1	GGTAAGACCGTCGGTGTCTCCAAG	1
14	13	1	GTAAGACCGTCGGTGTCTCCAAGA	1
15	14	1	TAAGACCGTCGGTGTCTCCAAGAA	1
16	15	2	AAGACCGTCGGTGTCTCCAAGAAG	1
17	16	3	AGACCGTCGGTGTCTCCAAGAAGA	1
18	17	3	GACCGTCGGTGTCTCCAAGAAGAA	1
19	18	3	ACCGTCGGTGTCTCCAAGAAGAAG	1
20	19	3	CCGTCGGTGTCTCCAAGAAGAAGT	1
21	20	3	CGTCGGTGTCTCCAAGAAGAAGTA	1
22	21	3	GTCGGTGTCTCCAAGAAGAAGTAA	1
23	22	3	TCGGTGTCTCCAAGAAGAAGTAAT	1
24	23	3	CGGTGTCTCCAAGAAGAAGTAATC	1
25	24	3	GGTGTCTCCAAGAAGAAGTAATCA	1
26	25	3	GTGTCTCCAAGAAGAAGTAATCAT	1
27	26	3	TGTCTCCAAGAAGAAGTAATCATA	1
28	27	3	GTCTCCAAGAAGAAGTAATCATAA	1
29	28	3	TCTCCAAGAAGAAGTAATCATAAA	1
30	29	3	CTCCAAGAAGAAGTAATCATAAAA	1
31	30	3	TCCAAGAAGAAGTAATCATAAAAT	1
32	31	3	CCAAGAAGAAGTAATCATAAAATT	1
33	32	3	CAAGAAGAAGTAATCATAAAATTC	1
34	33	3	AAGAAGAAGTAATCATAAAATTCA	1
35	34	3	AGAAGAAGTAATCATAAAATTCAT	1
36	35	3	GAAGAAGTAATCATAAAATTCATT	1
37	36	3	AAGAAGTAATCATAAAATTCATTG	1
38	37	3	AGAAGTAATCATAAAATTCATTGT	1
39	38	3	GAAGTAATCATAAAATTCATTGTC	1
40	39	3	AAGTAATCATAAAATTCATTGTCT	1
41	40	4	AGTAATCATAAAATTCATTGTCTT	1
42	41	4	GTAATCATAAAATTCATTGTCTTT	1
43	42	5	TAATCATAAAATTCATTGTCTTTT	1
44	43	5	AATCATAAAATTCATTGTCTTTTG	1
45	44	5	ATCATAAAATTCATTGTCTTTTGT	1
46	45	4	TCATAAAATTCATTGTCTTTTGTG	1
47	46	4	CATAAAATTCATTGTCTTTTGTGT	1
48	47	4	ATAAAATTCATTGTCTTTTGTGTA	1
49	48	4	TAAAATTCATTGTCTTTTGTGTAG	1
50	49	4	AAAATTCATTGTCTTTTGTGTAGC	1
51	50	4	AAATTCATTGTCTTTTGTGTAGCT	1
52	51	4	AATTCATTGTCTTTTGTGTAGCTA	1
53	52	4	ATTCATTGTCTTTTGTGTAGCTAA	1
54	53	4	TTCATTGTCTTTTGTGTAGCTAAA	1
55	54	4	TCATTGTCTTTTGTGTAGCTAAAT	1
56	55	4	CATTGTCTTTTGTGTAGCTAAATA	1
57	56	4	ATTGTCTTTTGTGTAGCTAAATAC	1
58	57	4	TTGTCTTTTGTGTAGCTAAATACT	1
59	58	4	TGTCTTTTGTGTAGCTAAATACTG	1
60	59	3	GTCTTTTGTGTAGCTAAATACTGG	1
61	60	2	TCTTTTGTGTAGCTAAATACTGGT	1
62	61	2	CTTTTGTGTAGCTAAATACTGGTT	1
63	62	2	TTTTGTGTAGCTAAATACTGGTTT	1
64	63	2	TTTGTGTAGCTAAATACTGGTTTT	1
65	64	2	TTGTGTAGCTAAATACTGGTTTTG	1
66	65	2	TGTGTAGCTAAATACTGGTTTTGA	1
67	66	2	GTGTAGCTAAATACTGGTTTTGAC	1
68	67	2	TGTAGCTAAATACTGGTTTTGACG	1
69	68	2	GTAGCTAAATACTGGTTTTGACGA	1
70	69	2	TAGCTAAATACTGGTTTTGACGAT	1
71	70	2	AGCTAAATACTGGTTTTGACGATT	1
72	71	2	GCTAAATACTGGTTTTGACGATTG	1
73	72	2	CTAAATACTGGTTTTGACGATTGT	1
74	73	2	TAAATACTGGTTTTGACGATTGTC	1
75	74	2	AAATACTGGTTTTGACGATTGTCG	1
76	75	2	AATACTGGTTTTGACGATTGTCGT	1
77	76	2	ATACTGGTTTTGACGATTGTCGTA	1
78	77	2	TACTGGTTTTGACGATTGTCGTAC	1
79	78	2	ACTGGTTTTGACGATTGTCGTACA	1
80	79	2	CTGGTTTTGACGATTGTCGTACAT	1
81	80	2	TGGTTTTGACGATTGTCGTACATA	1
82	81	2	GGTTTTGACGATTGTCGTACATAC	1
83	82	2	GTTTTGACGATTGTCGTACATACT	1
84	83	2	TTTTGACGATTGTCGTACATACTG	1
85	84	1	TTTGACGATTGTCGTACATACTGA	1
86	85	1	TTGACGATTGTCGTACATACTGAA	1
87	-1	0	AGAAGATTCAAACTCACCGTGGTC	1
88	87	1	GAAGATTCAAACTCACCGTGGTCT	1
89	88	1	AAGATTCAAACTCACCGTGGTCTT	1
90	89	1	AGATTCAAACTCACCGTGGTCTTC	1
91	90	1	GATTCAAACTCACCGTGGTCTTCG	1
92	91	1	ATTCAAACTCACCGTGGTCTTCGT	1
93	92	2	TTCAAACTCACCGTGGTCTTCGTC	1
94	93	2	TCAAACTCACCGTGGTCTTCGTCA	1
95	94	4	CAAACTCACCGTGGTCTTCGTCAC	1
96	95	4	AAACTCACCGTGGTCTTCGTCACG	1
97	96	4	AACTCACCGTGGTCTTCGTCACGC	1
98	97	4	ACTCACCGTGGTCTTCGTCACGCT	1
99	98	4	CTCACCGTGGTCTTCGTCACGCTC	1
100	99	4	TCACCGTGGTCTTCGTCACGCTCT	1
101	100	4	CACCGTGGTCTTCGTCACGCTCTT	1
102	101	4	ACCGTGGTCTTCGTCACGCTCTTG	1
103	102	4	CCGTGGTCTTCGTCACGCTCTTGA	1
104	103	4	CGTGGTCTTCGTCACGCTCTTGAC	1
105	104	3	GTGGTCTTCGTCACGCTCTTGACC	1
106	105	3	TGGTCTTCGTCACGCTCTTGACCT	1
107	106	3	GGTCTTCGTCACGCTCTTGACCTC	1
108	107	3	GTCTTCGTCACGCTCTTGACCTCC	1
109	108	3	TCTTCGTCACGCTCTTGACCTCCG	1
110	109	3	CTTCGTCACGCTCTTGACCTCCGT	1
111	110	3	TTCGTCACGCTCTTGACCTCCGTG	1
112	111	3	TCGTCACGCTCTTGACCTCCGTGT	1
113	112	3	CGTCACGCTCTTGACCTCCGTGTT	1
114	113	3	GTCACGCTCTTGACCTCCGTGTTC	1
115	114	3	TCACGCTCTTGACCTCCGTGTTCG	1
116	115	3	CACGCTCTTGACCTCCGTGTTCGT	1
117	116	3	ACGCTCTTGACCTCCGTGTTCGTG	1
118	117	3	CGCTCTTGACCTCCGTGTTCGTGG	1
119	118	3	GCTCTTGACCTCCGTGTTCGTGGT	1
120	119	3	CTCTTGACCTCCGTGTTCGTGGTC	1
121	120	3	TCTTGACCTCCGTGTTCGTGGTCA	1
122	121	3	CTTGACCTCCGTGTTCGTGGTCAG	1
123	122	3	TTGACCTCCGTGTTCGTGGTCAGC	1
124	123	3	TGACCTCCGTGTTCGTGGTCAGCA	1
125	124	3	GACCTCCGTGTTCGTGGTCAGCAC	1
126	125	3	ACCTCCGTGTTCGTGGTCAGCACA	1
127	126	3	CCTCCGTGTTCGTGGTCAGCACAC	1
128	127	3	CTCCGTGTTCGTGGTCAGCACACT	1
129	128	3	TCCGTGTTCGTGGTCAGCACACTA	1
130	129	4	CCGTGTTCGTGGTCAGCACACTAA	1
131	130	4	CGTGTTCGTGGTCAGCACACTAAG	1
132	131	3	GTGTTCGTGGTCAGCACACTAAGA	1
133	132	3	TGTTCGTGGTCAGCACACTAAGAC	1
134	133	3	GTTCGTGGTCAGCACACTAAGACT	1
135	134	3	TTCGTGGTCAGCACACTAAGACTA	1
136	135	3	TCGTGGTCAGCACACTAAGACTAC	1
137	136	2	CGTGGTCAGCACACTAAGACTACT	1
138	137	2	GTGGTCAGCACACTAAGACTACTG	1
139	-1	0	CCAGTATCTCAACATGTCTCTGGT	1
140	139	1	CAGTATCTCAACATGTCTCTGGTT	1
141	140	5	AGTATCTCAACATGTCTCTGGTTG	1
142	141	6	GTATCTCAACATGTCTCTGGTTGT	1
143	142	6	TATCTCAACATGTCTCTGGTTGTT	1
144	143	8	ATCTCAACATGTCTCTGGTTGTTC	1
145	144	8	TCTCAACATGTCTCTGGTTGTTCC	1
146	145	12	CTCAACATGTCTCTGGTTGTTCCC	1
147	146	14	TCAACATGTCTCTGGTTGTTCCCG	1
148	147	15	CAACATGTCTCTGGTTGTTCCCGA	1
149	148	16	AACATGTCTCTGGTTGTTCCCGAC	1
150	149	18	ACATGTCTCTGGTTGTTCCCGACA	1
151	150	18	CATGTCTCTGGTTGTTCCCGACAA	1
152	151	18	ATGTCTCTGGTTGTTCCCGACAAT	1
153	152	18	TGTCTCTGGTTGTTCCCGACAATT	1
154	153	18	GTCTCTGGTTGTTCCCGACAATTT	1
155	154	20	TCTCTGGTTGTTCCCGACAATTTC	1
156	155	20	CTCTGGTTGTTCCCGACAATTTCC	1
157	156	21	TCTGGTTGTTCCCGACAATTTCCA	1
158	157	22	CTGGTTGTTCCCGACAATTTCCAA	1
159	158	23	TGGTTGTTCCCGACAATTTCCAAC	1
160	159	23	GGTTGTTCCCGACAATTTCCAACA	1
161	160	23	GTTGTTCCCGACAATTTCCAACAC	1
162	161	23	TTGTTCCCGACAATTTCCAACACA	1
163	162	23	TGTTCCCGACAATTTCCAACACAT	1
164	163	24	GTTCCCGACAATTTCCAACACATT	1
165	164	25	TTCCCGACAATTTCCAACACATTC	1
166	165	25	TCCCGACAATTTCCAACACATTCT	1
167	166	25	CCCGACAATTTCCAACACATTCTC	1
168	167	25	CCGACAATTTCCAACACATTCTCC	1
169	168	25	CGACAATTTCCAACACATTCTCCG	1
170	169	26	GACAATTTCCAACACATTCTCCGT	1
171	170	26	ACAATTTCCAACACATTCTCCGTC	1
172	171	26	CAATTTCCAACACATTCTCCGTCT	1
173	172	26	AATTTCCAACACATTCTCCGTCTC	1
174	173	26	ATTTCCAACACATTCTCCGTCTCC	1
175	174	26	TTTCCAACACATTCTCCGTCTCCT	1
176	175	26	TTCCAACACATTCTCCGTCTCCTC	1
177	176	26	TCCAACACATTCTCCGTCTCCTCA	1
178	177	26	CCAACACATTCTCCGTCTCCTCAA	1
179	178	26	CAACACATTCTCCGTCTCCTCAAC	1
180	179	26	AACACATTCTCCGTCTCCTCAACA	1
181	180	27	ACACATTCTCCGTCTCCTCAACAC	1
182	181	27	CACATTCTCCGTCTCCTCAACACC	1
183	182	27	ACATTCTCCGTCTCCTCAACACCA	1
184	183	26	CATTCTCCGTCTCCTCAACACCAA	1
185	184	22	ATTCTCCGTCTCCTCAACACCAAC	1
186	185	21	TTCTCCGTCTCCTCAACACCAACG	1
187	186	21	TCTCCGTCTCCTCAACACCAACGT	1
188	187	19	CTCCGTCTCCTCAACACCAACGTT	1
189	188	19	TCCGTCTCCTCAACACCAACGTTG	1
190	189	15	CCGTCTCCTCAACACCAACGTTGA	1
191	190	13	CGTCTCCTCAACACCAACGTTGAT	1
192	191	12	GTCTCCTCAACACCAACGTTGATG	1
193	192	11	TCTCCTCAACACCAACGTTGATGG	1
194	193	9	CTCCTCAACACCAACGTTGATGGC	1
195	194	9	TCCTCAACACCAACGTTGATGGCA	1
196	195	9	CCTCAACACCAACGTTGATGGCAA	1
197	196	9	CTCAACACCAACGTTGATGGCAAG	1
198	197	9	TCAACACCAACGTTGATGGCAAGG	1
199	198	7	CAACACCAACGTTGATGGCAAGGT	1
200	199	6	AACACCAACGTTGATGGCAAGGTC	1
201	200	5	ACACCAACGTTGATGGCAAGGTCA	1
202	201	4	CACCAACGTTGATGGCAAGGTCAA	1
203	202	4	ACCAACGTTGATGGCAAGGTCAAG	1
204	203	4	CCAACGTTGATGGCAAGGTCAAGG	1
205	204	4	CAACGTTGATGGCAAGGTCAAGGT	1
206	205	4	AACGTTGATGGCAAGGTCAAGGTC	1
207	206	4	ACGTTGATGGCAAGGTCAAGGTCA	1
208	207	3	CGTTGATGGCAAGGTCAAGGTCAT	1
209	208	2	GTTGATGGCAAGGTCAAGGTCATG	1
210	209	2	TTGATGGCAAGGTCAAGGTCATGT	1
211	210	2	TGATGGCAAGGTCAAGGTCATGTT	1
212	211	2	GATGGCAAGGTCAAGGTCATGTTC	1
213	212	2	ATGGCAAGGTCAAGGTCATGTTCG	1
214	213	1	TGGCAAGGTCAAGGTCATGTTCGC	1
215	214	1	GGCAAGGTCAAGGTCATGTTCGCC	1
216	215	1	GCAAGGTCAAGGTCATGTTCGCCA	1
217	216	1	CAAGGTCAAGGTCATGTTCGCCAT	1
218	217	1	AAGGTCAAGGTCATGTTCGCCATG	1
219	218	1	AGGTCAAGGTCATGTTCGCCATGA	1
220	219	1	GGTCAAGGTCATGTTCGCCATGAC	1
221	220	1	GTCAAGGTCATGTTCGCCATGACC	1
222	221	1	TCAAGGTCATGTTCGCCATGACCC	1
223	222	1	CAAGGTCATGTTCGCCATGACCCA	1
224	223	2	AAGGTCATGTTCGCCATGACCCAA	1
225	224	2	AGGTCATGTTCGCCATGACCCAAA	1
226	225	2	GGTCATGTTCGCCATGACCCAAAT	1
227	226	2	GTCATGTTCGCCATGACCCAAATC	1
228	227	3	TCATGTTCGCCATGACCCAAATCA	1
229	228	3	CATGTTCGCCATGACCCAAATCAA	1
230	229	3	ATGTTCGCCATGACCCAAATCAAG	1
231	230	3	TGTTCGCCATGACCCAAATCAAGG	1
232	231	3	GTTCGCCATGACCCAAATCAAGGG	1
233	232	3	TTCGCCATGACCCAAATCAAGGGT	1
234	233	3	TCGCCATGACCCAAATCAAGGGTG	1
235	234	3	CGCCATGACCCAAATCAAGGGTGT	1
236	235	3	GCCATGACCCAAATCAAGGGTGTT	1
237	236	4	CCATGACCCAAATCAAGGGTGTTG	1
238	237	4	CATGACCCAAATCAAGGGTGTTGG	1
239	238	4	ATGACCCAAATCAAGGGTGTTGGT	1
240	239	4	TGACCCAAATCAAGGGTGTTGGTC	1
241	240	4	GACCCAAATCAAGGGTGTTGGTCG	1
242	241	3	ACCCAAATCAAGGGTGTTGGTCGT	1
243	242	3	CCCAAATCAAGGGTGTTGGTCGTC	1
244	243	3	CCAAATCAAGGGTGTTGGTCGTCG	1
245	244	3	CAAATCAAGGGTGTTGGTCGTCGT	1
246	245	3	AAATCAAGGGTGTTGGTCGTCGTT	1
247	246	2	AATCAAGGGTGTTGGTCGTCGTTA	1
248	247	2	ATCAAGGGTGTTGGTCGTCGTTAC	1
249	248	2	TCAAGGGTGTTGGTCGTCGTTACG	1
250	249	2	CAAGGGTGTTGGTCGTCGTTACGC	1
251	250	2	AAGGGTGTTGGTCGTCGTTACGCT	1
252	251	2	AGGGTGTTGGTCGTCGTTACGCTA	1
253	252	2	GGGTGTTGGTCGTCGTTACGCTAA	1
254	253	2	GGTGTTGGTCGTCGTTACGCTAAC	1
255	254	2	GTGTTGGTCGTCGTTACGCTAACA	1
256	255	2	TGTTGGTCGTCGTTACGCTAACAT	1
257	256	2	GTTGGTCGTCGTTACGCTAACATT	1
258	257	2	TTGGTCGTCGTTACGCTAACATTG	1
259	258	2	TGGTCGTCGTTACGCTAACATTGT	1
260	259	2	GGTCGTCGTTACGCTAACATTGTT	1
261	260	2	GTCGTCGTTACGCTAACATTGTTT	1
262	261	2	TCGTCGTTACGCTAACATTGTTTG	1
263	262	2	CGTCGTTACGCTAACATTGTTTGC	1
264	263	2	GTCGTTACGCTAACATTGTTTGCA	1
265	264	4	TCGTTACGCTAACATTGTTTGCAA	1
266	265	4	CGTTACGCTAACATTGTTTGCAAG	1
267	266	4	GTTACGCTAACATTGTTTGCAAGA	1
268	267	4	TTACGCTAACATTGTTTGCAAGAA	1
269	268	4	TACGCTAACATTGTTTGCAAGAAG	1
270	269	4	ACGCTAACATTGTTTGCAAGAAGG	1
271	270	4	CGCTAACATTGTTTGCAAGAAGGC	1
272	271	3	GCTAACATTGTTTGCAAGAAGGCC	1
273	272	3	CTAACATTGTTTGCAAGAAGGCCG	1
274	273	3	TAACATTGTTTGCAAGAAGGCCGA	1
275	274	3	AACATTGTTTGCAAGAAGGCCGAT	1
276	275	3	ACATTGTTTGCAAGAAGGCCGATA	1
277	276	4	CATTGTTTGCAAGAAGGCCGATAT	1
278	277	4	ATTGTTTGCAAGAAGGCCGATATT	1
279	278	4	TTGTTTGCAAGAAGGCCGATATTG	1
280	279	4	TGTTTGCAAGAAGGCCGATATTGA	1
281	280	4	GTTTGCAAGAAGGCCGATATTGAC	1
282	281	4	TTTGCAAGAAGGCCGATATTGACA	1
283	282	3	TTGCAAGAAGGCCGATATTGACAT	1
284	283	3	TGCAAGAAGGCCGATATTGACATG	1
285	284	3	GCAAGAAGGCCGATATTGACATGT	1
286	285	3	CAAGAAGGCCGATATTGACATGTC	1
287	286	2	AAGAAGGCCGATATTGACATGTCG	1
288	287	2	AGAAGGCCGATATTGACATGTCGA	1
289	288	2	GAAGGCCGATATTGACATGTCGAA	1
290	289	2	AAGGCCGATATTGACATGTCGAAG	1
291	290	2	AGGCCGATATTGACATGTCGAAGC	1
292	291	2	GGCCGATATTGACATGTCGAAGCG	1
293	292	2	GCCGATATTGACATGTCGAAGCGC	1
294	293	2	CCGATATTGACATGTCGAAGCGCG	1
295	294	2	CGATATTGACATGTCGAAGCGCGC	1
296	295	2	GATATTGACATGTCGAAGCGCGCT	1
297	296	2	ATATTGACATGTCGAAGCGCGCTG	1
298	297	2	TATTGACATGTCGAAGCGCGCTGG	1
299	298	2	ATTGACATGTCGAAGCGCGCTGGT	1
300	299	2	TTGACATGTCGAAGCGCGCTGGTG	1
301	300	3	TGACATGTCGAAGCGCGCTGGTGA	1
302	301	4	GACATGTCGAAGCGCGCTGGTGAG	1
303	302	4	ACATGTCGAAGCGCGCTGGTGAGC	1
304	303	8	CATGTCGAAGCGCGCTGGTGAGCT	1
305	304	8	ATGTCGAAGCGCGCTGGTGAGCTT	1
306	305	9	TGTCGAAGCGCGCTGGTGAGCTTA	1
307	306	11	GTCGAAGCGCGCTGGTGAGCTTAC	1
308	307	13	TCGAAGCGCGCTGGTGAGCTTACC	1
309	308	11	CGAAGCGCGCTGGTGAGCTTACCA	1
310	309	11	GAAGCGCGCTGGTGAGCTTACCAC	1
311	310	11	AAGCGCGCTGGTGAGCTTACCACT	1
312	311	11	AGCGCGCTGGTGAGCTTACCACTG	1
313	312	11	GCGCGCTGGTGAGCTTACCACTGA	1
314	313	11	CGCGCTGGTGAGCTTACCACTGAA	1
315	314	11	GCGCTGGTGAGCTTACCACTGAAG	1
316	315	11	CGCTGGTGAGCTTACCACTGAAGA	1
317	316	11	GCTGGTGAGCTTACCACTGAAGAA	1
318	317	11	CTGGTGAGCTTACCACTGAAGAAT	1
319	318	13	TGGTGAGCTTACCACTGAAGAATT	1
320	319	12	GGTGAGCTTACCACTGAAGAATTG	1
321	320	12	GTGAGCTTACCACTGAAGAATTGG	1
322	321	12	TGAGCTTACCACTGAAGAATTGGA	1
323	322	12	GAGCTTACCACTGAAGAATTGGAG	1
324	323	13	AGCTTACCACTGAAGAATTGGAGC	1
325	324	13	GCTTACCACTGAAGAATTGGAGCG	1
326	325	13	CTTACCACTGAAGAATTGGAGCGT	1
327	326	13	TTACCACTGAAGAATTGGAGCGTA	1
328	327	13	TACCACTGAAGAATTGGAGCGTAT	1
329	328	13	ACCACTGAAGAATTGGAGCGTATT	1
330	329	13	CCACTGAAGAATTGGAGCGTATTG	1
331	330	13	CACTGAAGAATTGGAGCGTATTGT	1
332	331	13	ACTGAAGAATTGGAGCGTATTGTT	1
333	332	13	CTGAAGAATTGGAGCGTATTGTTA	1
334	333	13	TGAAGAATTGGAGCGTATTGTTAC	1
335	334	13	GAAGAATTGGAGCGTATTGTTACC	1
336	335	13	AAGAATTGGAGCGTATTGTTACCA	1
337	336	13	AGAATTGGAGCGTATTGTTACCAT	1
338	337	13	GAATTGGAGCGTATTGTTACCATT	1
339	338	13	AATTGGAGCGTATTGTTACCATTA	1
340	339	13	ATTGGAGCGTATTGTTACCATTAT	1
341	340	13	TTGGAGCGTATTGTTACCATTATT	1
342	341	24	TGGAGCGTATTGTTACCATTATTC	1
343	342	24	GGAGCGTATTGTTACCATTATTCA	1
344	343	24	GAGCGTATTGTTACCATTATTCAA	1
345	344	24	AGCGTATTGTTACCATTATTCAAA	1
346	345	22	GCGTATTGTTACCATTATTCAAAA	1
347	346	25	CGTATTGTTACCATTATTCAAAAC	1
348	347	22	GTATTGTTACCATTATTCAAAACC	1
349	348	21	TATTGTTACCATTATTCAAAACCC	1
350	349	21	ATTGTTACCATTATTCAAAACCCT	1
351	350	13	TTGTTACCATTATTCAAAACCCTT	1
352	351	12	TGTTACCATTATTCAAAACCCTTC	1
353	352	7	GTTACCATTATTCAAAACCCTTCT	1
354	353	7	TTACCATTATTCAAAACCCTTCTC	1
355	354	7	TACCATTATTCAAAACCCTTCTCA	1
356	355	7	ACCATTATTCAAAACCCTTCTCAA	1
357	356	7	CCATTATTCAAAACCCTTCTCAAT	1
358	357	7	CATTATTCAAAACCCTTCTCAATT	1
359	358	9	ATTATTCAAAACCCTTCTCAATTC	1
360	359	9	TTATTCAAAACCCTTCTCAATTCA	1
361	360	9	TATTCAAAACCCTTCTCAATTCAA	1
362	361	9	ATTCAAAACCCTTCTCAATTCAAG	1
363	362	8	TTCAAAACCCTTCTCAATTCAAGA	1
364	363	8	TCAAAACCCTTCTCAATTCAAGAT	1
365	364	8	CAAAACCCTTCTCAATTCAAGATT	1
366	365	8	AAAACCCTTCTCAATTCAAGATTC	1
367	366	8	AAACCCTTCTCAATTCAAGATTCC	1
368	367	7	AACCCTTCTCAATTCAAGATTCCT	1
369	368	7	ACCCTTCTCAATTCAAGATTCCTT	1
370	369	7	CCCTTCTCAATTCAAGATTCCTTC	1
371	370	7	CCTTCTCAATTCAAGATTCCTTCC	1
372	371	7	CTTCTCAATTCAAGATTCCTTCCT	1
373	372	7	TTCTCAATTCAAGATTCCTTCCTG	1
374	373	7	TCTCAATTCAAGATTCCTTCCTGG	1
375	374	7	CTCAATTCAAGATTCCTTCCTGGT	1
376	375	7	TCAATTCAAGATTCCTTCCTGGTT	1
377	376	7	CAATTCAAGATTCCTTCCTGGTTC	1
378	377	8	AATTCAAGATTCCTTCCTGGTTCC	1
379	378	8	ATTCAAGATTCCTTCCTGGTTCCT	1
380	379	8	TTCAAGATTCCTTCCTGGTTCCTT	1
381	380	8	TCAAGATTCCTTCCTGGTTCCTTA	1
382	381	8	CAAGATTCCTTCCTGGTTCCTTAA	1
383	382	8	AAGATTCCTTCCTGGTTCCTTAAC	1
384	383	10	AGATTCCTTCCTGGTTCCTTAACC	1
385	384	10	GATTCCTTCCTGGTTCCTTAACCG	1
386	385	9	ATTCCTTCCTGGTTCCTTAACCGT	1
387	386	9	TTCCTTCCTGGTTCCTTAACCGTC	1
388	387	9	TCCTTCCTGGTTCCTTAACCGTCA	1
389	388	9	CCTTCCTGGTTCCTTAACCGTCAA	1
390	389	9	CTTCCTGGTTCCTTAACCGTCAAA	1
391	390	7	TTCCTGGTTCCTTAACCGTCAAAA	1
392	391	6	TCCTGGTTCCTTAACCGTCAAAAG	1
393	392	6	CCTGGTTCCTTAACCGTCAAAAGG	1
394	393	6	CTGGTTCCTTAACCGTCAAAAGGA	1
395	394	6	TGGTTCCTTAACCGTCAAAAGGAT	1
396	395	7	GGTTCCTTAACCGTCAAAAGGATA	1
397	396	9	GTTCCTTAACCGTCAAAAGGATAT	1
398	397	9	TTCCTTAACCGTCAAAAGGATATA	1
399	398	9	TCCTTAACCGTCAAAAGGATATAA	1
400	399	9	CCTTAACCGTCAAAAGGATATAAA	1
401	400	9	CTTAACCGTCAAAAGGATATAAAC	1
402	401	9	TTAACCGTCAAAAGGATATAAACG	1
403	402	9	TAACCGTCAAAAGGATATAAACGA	1
404	403	10	AACCGTCAAAAGGATATAAACGAT	1
405	404	10	ACCGTCAAAAGGATATAAACGATG	1
406	405	10	CCGTCAAAAGGATATAAACGATGG	1
407	406	9	CGTCAAAAGGATATAAACGATGGC	1
408	407	9	GTCAAAAGGATATAAACGATGGCA	1
409	408	9	TCAAAAGGATATAAACGATGGCAA	1
410	409	10	CAAAAGGATATAAACGATGGCAAG	1
411	410	10	AAAAGGATATAAACGATGGCAAGT	1
412	411	10	AAAGGATATAAACGATGGCAAGTC	1
413	412	10	AAGGATATAAACGATGGCAAGTCC	1
414	413	10	AGGATATAAACGATGGCAAGTCCT	1
415	414	10	GGATATAAACGATGGCAAGTCCTT	1
416	415	10	GATATAAACGATGGCAAGTCCTTC	1
417	416	10	ATATAAACGATGGCAAGTCCTTCC	1
418	417	10	TATAAACGATGGCAAGTCCTTCCA	1
419	418	9	ATAAACGATGGCAAGTCCTTCCAA	1
420	419	9	TAAACGATGGCAAGTCCTTCCAAT	1
421	420	9	AAACGATGGCAAGTCCTTCCAATT	1
422	421	9	AACGATGGCAAGTCCTTCCAATTG	1
423	422	9	ACGATGGCAAGTCCTTCCAATTGC	1
424	423	9	CGATGGCAAGTCCTTCCAATTGCT	1
425	424	9	GATGGCAAGTCCTTCCAATTGCTT	1
426	425	9	ATGGCAAGTCCTTCCAATTGCTTG	1
427	426	9	TGGCAAGTCCTTCCAATTGCTTGC	1
428	427	7	GGCAAGTCCTTCCAATTGCTTGCC	1
429	428	7	GCAAGTCCTTCCAATTGCTTGCCA	1
430	429	7	CAAGTCCTTCCAATTGCTTGCCAA	1
431	430	7	AAGTCCTTCCAATTGCTTGCCAAC	1
432	431	7	AGTCCTTCCAATTGCTTGCCAACA	1
433	432	7	GTCCTTCCAATTGCTTGCCAACAA	1
434	433	7	TCCTTCCAATTGCTTGCCAACAAC	1
435	434	7	CCTTCCAATTGCTTGCCAACAACG	1
436	435	7	CTTCCAATTGCTTGCCAACAACGT	1
437	436	7	TTCCAATTGCTTGCCAACAACGTT	1
438	437	7	TCCAATTGCTTGCCAACAACGTTG	1
439	438	7	CCAATTGCTTGCCAACAACGTTGA	1
440	439	6	CAATTGCTTGCCAACAACGTTGAC	1
441	440	4	AATTGCTTGCCAACAACGTTGACA	1
442	441	4	ATTGCTTGCCAACAACGTTGACAG	1
443	442	4	TTGCTTGCCAACAACGTTGACAGC	1
444	443	4	TGCTTGCCAACAACGTTGACAGCA	1
445	444	6	GCTTGCCAACAACGTTGACAGCAA	1
446	445	6	CTTGCCAACAACGTTGACAGCAAG	1
447	446	5	TTGCCAACAACGTTGACAGCAAGC	1
448	447	5	TGCCAACAACGTTGACAGCAAGCT	1
449	448	5	GCCAACAACGTTGACAGCAAGCTT	1
450	449	6	CCAACAACGTTGACAGCAAGCTTC	1
451	450	6	CAACAACGTTGACAGCAAGCTTCG	1
452	451	5	AACAACGTTGACAGCAAGCTTCGT	1
453	452	5	ACAACGTTGACAGCAAGCTTCGTG	1
454	453	4	CAACGTTGACAGCAAGCTTCGTGA	1
455	454	4	AACGTTGACAGCAAGCTTCGTGAG	1
456	455	4	ACGTTGACAGCAAGCTTCGTGAGG	1
457	456	4	CGTTGACAGCAAGCTTCGTGAGGA	1
458	457	4	GTTGACAGCAAGCTTCGTGAGGAT	1
459	458	4	TTGACAGCAAGCTTCGTGAGGATC	1
460	459	4	TGACAGCAAGCTTCGTGAGGATCT	1
461	460	4	GACAGCAAGCTTCGTGAGGATCTT	1
462	461	4	ACAGCAAGCTTCGTGAGGATCTTG	1
463	462	4	CAGCAAGCTTCGTGAGGATCTTGA	1
464	463	4	AGCAAGCTTCGTGAGGATCTTGAG	1
465	464	4	GCAAGCTTCGTGAGGATCTTGAGC	1
466	465	4	CAAGCTTCGTGAGGATCTTGAGCG	1
467	466	4	AAGCTTCGTGAGGATCTTGAGCGT	1
468	467	4	AGCTTCGTGAGGATCTTGAGCGTC	1
469	468	4	GCTTCGTGAGGATCTTGAGCGTCT	1
470	469	4	CTTCGTGAGGATCTTGAGCGTCTC	1
471	470	4	TTCGTGAGGATCTTGAGCGTCTCA	1
472	471	4	TCGTGAGGATCTTGAGCGTCTCAA	1
473	472	4	CGTGAGGATCTTGAGCGTCTCAAG	1
474	473	4	GTGAGGATCTTGAGCGTCTCAAGA	1
475	474	4	TGAGGATCTTGAGCGTCTCAAGAA	1
476	475	4	GAGGATCTTGAGCGTCTCAAGAAG	1
477	476	4	AGGATCTTGAGCGTCTCAAGAAGA	1
478	477	4	GGATCTTGAGCGTCTCAAGAAGAT	1
479	478	4	GATCTTGAGCGTCTCAAGAAGATT	1
480	479	4	ATCTTGAGCGTCTCAAGAAGATTC	1
481	480	4	TCTTGAGCGTCTCAAGAAGATTCA	1
482	481	4	CTTGAGCGTCTCAAGAAGATTCAA	1
483	482	4	TTGAGCGTCTCAAGAAGATTCAAA	1
484	483	4	TGAGCGTCTCAAGAAGATTCAAAC	1
485	484	5	GAGCGTCTCAAGAAGATTCAAACT	1
486	485	5	AGCGTCTCAAGAAGATTCAAACTC	1
487	486	5	GCGTCTCAAGAAGATTCAAACTCA	1
488	487	5	CGTCTCAAGAAGATTCAAACTCAC	1
489	488	3	GTCTCAAGAAGATTCAAACTCACC	1
490	489	3	TCTCAAGAAGATTCAAACTCACCG	1
491	490	2	CTCAAGAAGATTCAAACTCACCGT	1
492	491	1	TCAAGAAGATTCAAACTCACCGTG	1
493	492	1	CAAGAAGATTCAAACTCACCGTGG	1
