Component 359
1	-1	0	AAAGGCTCTTTCCCTCAGTCCCCT	1
2	1	1	AAGGCTCTTTCCCTCAGTCCCCTA	1
3	2	1	AGGCTCTTTCCCTCAGTCCCCTAA	1
4	3	1	GGCTCTTTCCCTCAGTCCCCTAAC	1
5	4	1	GCTCTTTCCCTCAGTCCCCTAACG	1
6	5	1	CTCTTTCCCTCAGTCCCCTAACGG	1
7	6	1	TCTTTCCCTCAGTCCCCTAACGGT	1
8	7	2	CTTTCCCTCAGTCCCCTAACGGTC	1
9	8	2	TTTCCCTCAGTCCCCTAACGGTCC	1
10	9	2	TTCCCTCAGTCCCCTAACGGTCCC	1
11	10	2	TCCCTCAGTCCCCTAACGGTCCCT	1
12	11	2	CCCTCAGTCCCCTAACGGTCCCTA	1
13	12	2	CCTCAGTCCCCTAACGGTCCCTAC	1
14	13	2	CTCAGTCCCCTAACGGTCCCTACA	1
15	14	2	TCAGTCCCCTAACGGTCCCTACAT	1
16	15	2	CAGTCCCCTAACGGTCCCTACATG	1
17	16	2	AGTCCCCTAACGGTCCCTACATGT	1
18	17	2	GTCCCCTAACGGTCCCTACATGTA	1
19	18	2	TCCCCTAACGGTCCCTACATGTAT	1
20	19	2	CCCCTAACGGTCCCTACATGTATC	1
21	20	2	CCCTAACGGTCCCTACATGTATCC	1
22	21	3	CCTAACGGTCCCTACATGTATCCC	1
23	22	3	CTAACGGTCCCTACATGTATCCCG	1
24	23	3	TAACGGTCCCTACATGTATCCCGC	1
25	24	3	AACGGTCCCTACATGTATCCCGCC	1
26	25	3	ACGGTCCCTACATGTATCCCGCCG	1
27	26	3	CGGTCCCTACATGTATCCCGCCGC	1
28	27	4	GGTCCCTACATGTATCCCGCCGCT	1
29	28	4	GTCCCTACATGTATCCCGCCGCTG	1
30	29	4	TCCCTACATGTATCCCGCCGCTGT	1
31	30	4	CCCTACATGTATCCCGCCGCTGTC	1
32	1179	9	CCTACATGTATCCCGCCGCTGTCT	1
32	31	4	CCTACATGTATCCCGCCGCTGTCT	1
33	-1	0	CAAATTGTGTGACTTTGTTTTGCC	1
34	33	2	AAATTGTGTGACTTTGTTTTGCCC	1
35	34	6	AATTGTGTGACTTTGTTTTGCCCT	1
36	35	10	ATTGTGTGACTTTGTTTTGCCCTT	1
37	36	10	TTGTGTGACTTTGTTTTGCCCTTG	1
38	37	10	TGTGTGACTTTGTTTTGCCCTTGT	1
39	38	10	GTGTGACTTTGTTTTGCCCTTGTT	1
40	39	13	TGTGACTTTGTTTTGCCCTTGTTT	1
41	40	19	GTGACTTTGTTTTGCCCTTGTTTA	1
42	41	23	TGACTTTGTTTTGCCCTTGTTTAA	1
43	42	25	GACTTTGTTTTGCCCTTGTTTAAG	1
44	43	26	ACTTTGTTTTGCCCTTGTTTAAGT	1
45	44	26	CTTTGTTTTGCCCTTGTTTAAGTA	1
46	45	28	TTTGTTTTGCCCTTGTTTAAGTAA	1
47	46	29	TTGTTTTGCCCTTGTTTAAGTAAG	1
48	47	28	TGTTTTGCCCTTGTTTAAGTAAGT	1
49	48	28	GTTTTGCCCTTGTTTAAGTAAGTA	1
50	49	28	TTTTGCCCTTGTTTAAGTAAGTAA	1
51	50	28	TTTGCCCTTGTTTAAGTAAGTAAG	1
52	51	28	TTGCCCTTGTTTAAGTAAGTAAGA	1
53	52	28	TGCCCTTGTTTAAGTAAGTAAGAA	1
54	53	28	GCCCTTGTTTAAGTAAGTAAGAAA	1
55	54	28	CCCTTGTTTAAGTAAGTAAGAAAA	1
56	55	28	CCTTGTTTAAGTAAGTAAGAAAAA	1
57	56	28	CTTGTTTAAGTAAGTAAGAAAAAA	1
58	57	27	TTGTTTAAGTAAGTAAGAAAAAAT	1
59	58	27	TGTTTAAGTAAGTAAGAAAAAATA	1
60	59	27	GTTTAAGTAAGTAAGAAAAAATAA	1
61	60	28	TTTAAGTAAGTAAGAAAAAATAAA	1
62	61	28	TTAAGTAAGTAAGAAAAAATAAAC	1
63	62	28	TAAGTAAGTAAGAAAAAATAAACG	1
64	63	28	AAGTAAGTAAGAAAAAATAAACGA	1
65	64	28	AGTAAGTAAGAAAAAATAAACGAG	1
66	65	28	GTAAGTAAGAAAAAATAAACGAGC	1
67	66	28	TAAGTAAGAAAAAATAAACGAGCT	1
68	67	28	AAGTAAGAAAAAATAAACGAGCTT	1
69	68	28	AGTAAGAAAAAATAAACGAGCTTG	1
70	69	28	GTAAGAAAAAATAAACGAGCTTGT	1
71	70	28	TAAGAAAAAATAAACGAGCTTGTC	1
72	71	28	AAGAAAAAATAAACGAGCTTGTCT	1
73	72	28	AGAAAAAATAAACGAGCTTGTCTT	1
74	73	28	GAAAAAATAAACGAGCTTGTCTTG	1
75	74	29	AAAAAATAAACGAGCTTGTCTTGT	1
76	75	31	AAAAATAAACGAGCTTGTCTTGTG	1
77	76	31	AAAATAAACGAGCTTGTCTTGTGA	1
78	77	29	AAATAAACGAGCTTGTCTTGTGAA	1
79	78	26	AATAAACGAGCTTGTCTTGTGAAA	1
80	79	23	ATAAACGAGCTTGTCTTGTGAAAT	1
81	80	23	TAAACGAGCTTGTCTTGTGAAATA	1
82	81	23	AAACGAGCTTGTCTTGTGAAATAT	1
83	82	25	AACGAGCTTGTCTTGTGAAATATC	1
84	83	22	ACGAGCTTGTCTTGTGAAATATCA	1
85	84	16	CGAGCTTGTCTTGTGAAATATCAA	1
86	85	12	GAGCTTGTCTTGTGAAATATCAAG	1
87	86	10	AGCTTGTCTTGTGAAATATCAAGC	1
88	87	9	GCTTGTCTTGTGAAATATCAAGCC	1
89	88	8	CTTGTCTTGTGAAATATCAAGCCT	1
90	89	9	TTGTCTTGTGAAATATCAAGCCTA	1
91	90	8	TGTCTTGTGAAATATCAAGCCTAC	1
92	91	8	GTCTTGTGAAATATCAAGCCTACC	1
93	92	8	TCTTGTGAAATATCAAGCCTACCT	1
94	93	8	CTTGTGAAATATCAAGCCTACCTC	1
95	94	8	TTGTGAAATATCAAGCCTACCTCT	1
96	95	8	TGTGAAATATCAAGCCTACCTCTC	1
97	96	8	GTGAAATATCAAGCCTACCTCTCT	1
98	97	9	TGAAATATCAAGCCTACCTCTCTC	1
99	98	9	GAAATATCAAGCCTACCTCTCTCT	1
100	99	10	AAATATCAAGCCTACCTCTCTCTC	1
101	100	10	AATATCAAGCCTACCTCTCTCTCT	1
102	101	10	ATATCAAGCCTACCTCTCTCTCTC	1
103	102	10	TATCAAGCCTACCTCTCTCTCTCT	1
104	103	10	ATCAAGCCTACCTCTCTCTCTCTC	1
105	104	9	TCAAGCCTACCTCTCTCTCTCTCT	1
106	105	9	CAAGCCTACCTCTCTCTCTCTCTC	1
107	106	9	AAGCCTACCTCTCTCTCTCTCTCT	1
108	107	10	AGCCTACCTCTCTCTCTCTCTCTC	1
109	108	10	GCCTACCTCTCTCTCTCTCTCTCT	1
110	109	9	CCTACCTCTCTCTCTCTCTCTCTC	1
111	110	11	CTACCTCTCTCTCTCTCTCTCTCT	1
112	111	11	TACCTCTCTCTCTCTCTCTCTCTG	1
113	112	11	ACCTCTCTCTCTCTCTCTCTCTGT	1
114	113	11	CCTCTCTCTCTCTCTCTCTCTGTG	1
115	114	11	CTCTCTCTCTCTCTCTCTCTGTGC	1
116	115	11	TCTCTCTCTCTCTCTCTCTGTGCT	1
117	116	11	CTCTCTCTCTCTCTCTCTGTGCTT	1
118	117	12	TCTCTCTCTCTCTCTCTGTGCTTC	1
119	118	11	CTCTCTCTCTCTCTCTGTGCTTCC	1
120	119	9	TCTCTCTCTCTCTCTGTGCTTCCC	1
121	120	8	CTCTCTCTCTCTCTGTGCTTCCCT	1
122	121	8	TCTCTCTCTCTCTGTGCTTCCCTG	1
123	122	9	CTCTCTCTCTCTGTGCTTCCCTGC	1
124	123	9	TCTCTCTCTCTGTGCTTCCCTGCT	1
125	124	9	CTCTCTCTCTGTGCTTCCCTGCTA	1
126	125	9	TCTCTCTCTGTGCTTCCCTGCTAC	1
127	126	8	CTCTCTCTGTGCTTCCCTGCTACT	1
128	127	8	TCTCTCTGTGCTTCCCTGCTACTC	1
129	128	7	CTCTCTGTGCTTCCCTGCTACTCT	1
130	129	7	TCTCTGTGCTTCCCTGCTACTCTA	1
131	130	7	CTCTGTGCTTCCCTGCTACTCTAC	1
132	131	7	TCTGTGCTTCCCTGCTACTCTACT	1
133	132	7	CTGTGCTTCCCTGCTACTCTACTC	1
134	133	6	TGTGCTTCCCTGCTACTCTACTCC	1
135	134	6	GTGCTTCCCTGCTACTCTACTCCT	1
136	135	7	TGCTTCCCTGCTACTCTACTCCTA	1
137	136	7	GCTTCCCTGCTACTCTACTCCTAA	1
138	137	7	CTTCCCTGCTACTCTACTCCTAAT	1
139	138	7	TTCCCTGCTACTCTACTCCTAATA	1
140	139	7	TCCCTGCTACTCTACTCCTAATAC	1
141	140	7	CCCTGCTACTCTACTCCTAATACT	1
142	141	6	CCTGCTACTCTACTCCTAATACTA	1
143	142	6	CTGCTACTCTACTCCTAATACTAC	1
144	143	6	TGCTACTCTACTCCTAATACTACT	1
145	144	6	GCTACTCTACTCCTAATACTACTA	1
146	145	6	CTACTCTACTCCTAATACTACTAC	1
147	146	6	TACTCTACTCCTAATACTACTACT	1
148	147	6	ACTCTACTCCTAATACTACTACTA	1
149	148	6	CTCTACTCCTAATACTACTACTAC	1
150	149	5	TCTACTCCTAATACTACTACTACT	1
151	150	5	CTACTCCTAATACTACTACTACTA	1
152	151	4	TACTCCTAATACTACTACTACTAC	1
153	152	4	ACTCCTAATACTACTACTACTACC	1
154	153	4	CTCCTAATACTACTACTACTACCA	1
155	154	3	TCCTAATACTACTACTACTACCAC	1
156	155	3	CCTAATACTACTACTACTACCACG	1
157	156	3	CTAATACTACTACTACTACCACGT	1
158	157	3	TAATACTACTACTACTACCACGTT	1
159	158	3	AATACTACTACTACTACCACGTTT	1
160	159	3	ATACTACTACTACTACCACGTTTG	1
161	160	3	TACTACTACTACTACCACGTTTGT	1
162	161	5	ACTACTACTACTACCACGTTTGTT	1
163	162	5	CTACTACTACTACCACGTTTGTTA	1
164	163	5	TACTACTACTACCACGTTTGTTAG	1
165	164	6	ACTACTACTACCACGTTTGTTAGT	1
166	165	6	CTACTACTACCACGTTTGTTAGTT	1
167	166	5	TACTACTACCACGTTTGTTAGTTG	1
168	167	6	ACTACTACCACGTTTGTTAGTTGT	1
169	168	8	CTACTACCACGTTTGTTAGTTGTA	1
170	169	7	TACTACCACGTTTGTTAGTTGTAG	1
171	170	7	ACTACCACGTTTGTTAGTTGTAGT	1
172	171	8	CTACCACGTTTGTTAGTTGTAGTT	1
173	172	8	TACCACGTTTGTTAGTTGTAGTTT	1
174	173	8	ACCACGTTTGTTAGTTGTAGTTTT	1
175	174	8	CCACGTTTGTTAGTTGTAGTTTTT	1
176	175	8	CACGTTTGTTAGTTGTAGTTTTTT	1
177	176	8	ACGTTTGTTAGTTGTAGTTTTTTT	1
178	177	8	CGTTTGTTAGTTGTAGTTTTTTTT	1
179	178	6	GTTTGTTAGTTGTAGTTTTTTTTG	1
180	179	5	TTTGTTAGTTGTAGTTTTTTTTGG	1
181	180	5	TTGTTAGTTGTAGTTTTTTTTGGT	1
182	181	5	TGTTAGTTGTAGTTTTTTTTGGTT	1
183	182	5	GTTAGTTGTAGTTTTTTTTGGTTG	1
184	183	6	TTAGTTGTAGTTTTTTTTGGTTGG	1
185	184	6	TAGTTGTAGTTTTTTTTGGTTGGA	1
186	185	6	AGTTGTAGTTTTTTTTGGTTGGAT	1
187	186	6	GTTGTAGTTTTTTTTGGTTGGATT	1
188	187	6	TTGTAGTTTTTTTTGGTTGGATTG	1
189	188	6	TGTAGTTTTTTTTGGTTGGATTGC	1
190	189	7	GTAGTTTTTTTTGGTTGGATTGCT	1
191	190	7	TAGTTTTTTTTGGTTGGATTGCTA	1
192	191	7	AGTTTTTTTTGGTTGGATTGCTAT	1
193	192	7	GTTTTTTTTGGTTGGATTGCTATT	1
194	193	7	TTTTTTTTGGTTGGATTGCTATTT	1
195	194	10	TTTTTTTGGTTGGATTGCTATTTT	1
196	195	10	TTTTTTGGTTGGATTGCTATTTTG	1
197	196	10	TTTTTGGTTGGATTGCTATTTTGA	1
198	197	10	TTTTGGTTGGATTGCTATTTTGAA	1
199	198	10	TTTGGTTGGATTGCTATTTTGAAA	1
200	199	9	TTGGTTGGATTGCTATTTTGAAAA	1
201	200	9	TGGTTGGATTGCTATTTTGAAAAA	1
202	201	9	GGTTGGATTGCTATTTTGAAAAAG	1
203	202	9	GTTGGATTGCTATTTTGAAAAAGA	1
204	203	9	TTGGATTGCTATTTTGAAAAAGAC	1
205	204	7	TGGATTGCTATTTTGAAAAAGACC	1
206	205	7	GGATTGCTATTTTGAAAAAGACCT	1
207	206	7	GATTGCTATTTTGAAAAAGACCTC	1
208	207	7	ATTGCTATTTTGAAAAAGACCTCG	1
209	208	8	TTGCTATTTTGAAAAAGACCTCGT	1
210	209	8	TGCTATTTTGAAAAAGACCTCGTT	1
211	210	8	GCTATTTTGAAAAAGACCTCGTTC	1
212	211	9	CTATTTTGAAAAAGACCTCGTTCG	1
213	212	9	TATTTTGAAAAAGACCTCGTTCGT	1
214	213	10	ATTTTGAAAAAGACCTCGTTCGTC	1
215	214	10	TTTTGAAAAAGACCTCGTTCGTCG	1
216	215	9	TTTGAAAAAGACCTCGTTCGTCGC	1
217	216	9	TTGAAAAAGACCTCGTTCGTCGCT	1
218	217	9	TGAAAAAGACCTCGTTCGTCGCTT	1
219	218	9	GAAAAAGACCTCGTTCGTCGCTTC	1
220	219	9	AAAAAGACCTCGTTCGTCGCTTCT	1
221	220	9	AAAAGACCTCGTTCGTCGCTTCTT	1
222	221	9	AAAGACCTCGTTCGTCGCTTCTTT	1
223	222	9	AAGACCTCGTTCGTCGCTTCTTTT	1
224	223	9	AGACCTCGTTCGTCGCTTCTTTTT	1
225	224	10	GACCTCGTTCGTCGCTTCTTTTTA	1
226	225	10	ACCTCGTTCGTCGCTTCTTTTTAT	1
227	226	10	CCTCGTTCGTCGCTTCTTTTTATA	1
228	227	9	CTCGTTCGTCGCTTCTTTTTATAT	1
229	228	9	TCGTTCGTCGCTTCTTTTTATATT	1
230	229	9	CGTTCGTCGCTTCTTTTTATATTT	1
231	230	9	GTTCGTCGCTTCTTTTTATATTTT	1
232	231	8	TTCGTCGCTTCTTTTTATATTTTT	1
233	232	8	TCGTCGCTTCTTTTTATATTTTTA	1
234	233	7	CGTCGCTTCTTTTTATATTTTTAA	1
235	234	8	GTCGCTTCTTTTTATATTTTTAAT	1
236	235	8	TCGCTTCTTTTTATATTTTTAATT	1
237	236	7	CGCTTCTTTTTATATTTTTAATTT	1
238	237	7	GCTTCTTTTTATATTTTTAATTTC	1
239	238	7	CTTCTTTTTATATTTTTAATTTCT	1
240	239	7	TTCTTTTTATATTTTTAATTTCTT	1
241	240	7	TCTTTTTATATTTTTAATTTCTTT	1
242	241	7	CTTTTTATATTTTTAATTTCTTTT	1
243	242	8	TTTTTATATTTTTAATTTCTTTTC	1
244	243	8	TTTTATATTTTTAATTTCTTTTCG	1
245	244	8	TTTATATTTTTAATTTCTTTTCGT	1
246	245	8	TTATATTTTTAATTTCTTTTCGTG	1
247	246	7	TATATTTTTAATTTCTTTTCGTGT	1
248	247	7	ATATTTTTAATTTCTTTTCGTGTC	1
249	248	7	TATTTTTAATTTCTTTTCGTGTCG	1
250	249	7	ATTTTTAATTTCTTTTCGTGTCGG	1
251	250	14	TTTTTAATTTCTTTTCGTGTCGGT	1
252	251	14	TTTTAATTTCTTTTCGTGTCGGTG	1
253	252	15	TTTAATTTCTTTTCGTGTCGGTGC	1
254	253	15	TTAATTTCTTTTCGTGTCGGTGCG	1
255	254	15	TAATTTCTTTTCGTGTCGGTGCGT	1
256	255	12	AATTTCTTTTCGTGTCGGTGCGTG	1
257	256	11	ATTTCTTTTCGTGTCGGTGCGTGT	1
258	257	14	TTTCTTTTCGTGTCGGTGCGTGTG	1
259	258	15	TTCTTTTCGTGTCGGTGCGTGTGG	1
260	259	23	TCTTTTCGTGTCGGTGCGTGTGGA	1
261	260	27	CTTTTCGTGTCGGTGCGTGTGGAA	1
262	261	30	TTTTCGTGTCGGTGCGTGTGGAAA	1
263	262	31	TTTCGTGTCGGTGCGTGTGGAAAA	1
264	263	31	TTCGTGTCGGTGCGTGTGGAAAAC	1
265	264	31	TCGTGTCGGTGCGTGTGGAAAACC	1
266	265	31	CGTGTCGGTGCGTGTGGAAAACCT	1
267	266	30	GTGTCGGTGCGTGTGGAAAACCTA	1
268	267	30	TGTCGGTGCGTGTGGAAAACCTAG	1
269	268	30	GTCGGTGCGTGTGGAAAACCTAGT	1
270	269	31	TCGGTGCGTGTGGAAAACCTAGTT	1
271	270	31	CGGTGCGTGTGGAAAACCTAGTTG	1
272	271	31	GGTGCGTGTGGAAAACCTAGTTGA	1
273	272	31	GTGCGTGTGGAAAACCTAGTTGAT	1
274	273	31	TGCGTGTGGAAAACCTAGTTGATT	1
275	274	32	GCGTGTGGAAAACCTAGTTGATTC	1
276	275	32	CGTGTGGAAAACCTAGTTGATTCT	1
277	276	35	GTGTGGAAAACCTAGTTGATTCTA	1
278	277	35	TGTGGAAAACCTAGTTGATTCTAC	1
279	278	35	GTGGAAAACCTAGTTGATTCTACC	1
280	279	35	TGGAAAACCTAGTTGATTCTACCT	1
281	280	35	GGAAAACCTAGTTGATTCTACCTT	1
282	281	36	GAAAACCTAGTTGATTCTACCTTA	1
283	282	36	AAAACCTAGTTGATTCTACCTTAC	1
284	283	36	AAACCTAGTTGATTCTACCTTACC	1
285	284	36	AACCTAGTTGATTCTACCTTACCT	1
286	285	36	ACCTAGTTGATTCTACCTTACCTT	1
287	286	36	CCTAGTTGATTCTACCTTACCTTA	1
288	287	36	CTAGTTGATTCTACCTTACCTTAA	1
289	288	37	TAGTTGATTCTACCTTACCTTAAT	1
290	289	37	AGTTGATTCTACCTTACCTTAATA	1
291	290	38	GTTGATTCTACCTTACCTTAATAA	1
292	291	38	TTGATTCTACCTTACCTTAATAAA	1
293	292	38	TGATTCTACCTTACCTTAATAAAA	1
294	293	38	GATTCTACCTTACCTTAATAAAAC	1
295	294	31	ATTCTACCTTACCTTAATAAAACA	1
296	295	31	TTCTACCTTACCTTAATAAAACAC	1
297	296	30	TCTACCTTACCTTAATAAAACACT	1
298	297	30	CTACCTTACCTTAATAAAACACTA	1
299	298	30	TACCTTACCTTAATAAAACACTAT	1
300	299	30	ACCTTACCTTAATAAAACACTATC	1
301	300	31	CCTTACCTTAATAAAACACTATCG	1
302	301	28	CTTACCTTAATAAAACACTATCGC	1
303	302	26	TTACCTTAATAAAACACTATCGCC	1
304	303	16	TACCTTAATAAAACACTATCGCCT	1
305	304	15	ACCTTAATAAAACACTATCGCCTC	1
306	305	13	CCTTAATAAAACACTATCGCCTCT	1
307	306	13	CTTAATAAAACACTATCGCCTCTT	1
308	307	13	TTAATAAAACACTATCGCCTCTTT	1
309	308	13	TAATAAAACACTATCGCCTCTTTT	1
310	309	13	AATAAAACACTATCGCCTCTTTTT	1
311	310	13	ATAAAACACTATCGCCTCTTTTTT	1
312	311	13	TAAAACACTATCGCCTCTTTTTTT	1
313	312	13	AAAACACTATCGCCTCTTTTTTTG	1
314	313	13	AAACACTATCGCCTCTTTTTTTGT	1
315	314	13	AACACTATCGCCTCTTTTTTTGTA	1
316	315	14	ACACTATCGCCTCTTTTTTTGTAT	1
317	316	14	CACTATCGCCTCTTTTTTTGTATA	1
318	317	14	ACTATCGCCTCTTTTTTTGTATAT	1
319	318	13	CTATCGCCTCTTTTTTTGTATATC	1
320	319	13	TATCGCCTCTTTTTTTGTATATCT	1
321	320	12	ATCGCCTCTTTTTTTGTATATCTA	1
322	321	12	TCGCCTCTTTTTTTGTATATCTAT	1
323	322	12	CGCCTCTTTTTTTGTATATCTATA	1
324	323	14	GCCTCTTTTTTTGTATATCTATAA	1
325	324	14	CCTCTTTTTTTGTATATCTATAAA	1
326	325	14	CTCTTTTTTTGTATATCTATAAAT	1
327	326	14	TCTTTTTTTGTATATCTATAAATC	1
328	327	14	CTTTTTTTGTATATCTATAAATCT	1
329	328	15	TTTTTTTGTATATCTATAAATCTA	1
330	329	16	TTTTTTGTATATCTATAAATCTAT	1
331	330	15	TTTTTGTATATCTATAAATCTATA	1
332	331	16	TTTTGTATATCTATAAATCTATAC	1
333	332	15	TTTGTATATCTATAAATCTATACA	1
334	333	15	TTGTATATCTATAAATCTATACAA	1
335	334	14	TGTATATCTATAAATCTATACAAT	1
336	335	14	GTATATCTATAAATCTATACAATG	1
337	336	14	TATATCTATAAATCTATACAATGG	1
338	337	14	ATATCTATAAATCTATACAATGGT	1
339	338	14	TATCTATAAATCTATACAATGGTT	1
340	339	13	ATCTATAAATCTATACAATGGTTC	1
341	340	12	TCTATAAATCTATACAATGGTTCA	1
342	341	12	CTATAAATCTATACAATGGTTCAA	1
343	342	12	TATAAATCTATACAATGGTTCAAG	1
344	343	12	ATAAATCTATACAATGGTTCAAGC	1
345	344	11	TAAATCTATACAATGGTTCAAGCT	1
346	345	12	AAATCTATACAATGGTTCAAGCTC	1
347	346	11	AATCTATACAATGGTTCAAGCTCT	1
348	347	12	ATCTATACAATGGTTCAAGCTCTT	1
349	348	11	TCTATACAATGGTTCAAGCTCTTA	1
350	349	11	CTATACAATGGTTCAAGCTCTTAC	1
351	350	11	TATACAATGGTTCAAGCTCTTACT	1
352	351	11	ATACAATGGTTCAAGCTCTTACTG	1
353	352	11	TACAATGGTTCAAGCTCTTACTGC	1
354	353	11	ACAATGGTTCAAGCTCTTACTGCT	1
355	354	11	CAATGGTTCAAGCTCTTACTGCTT	1
356	355	13	AATGGTTCAAGCTCTTACTGCTTC	1
357	356	13	ATGGTTCAAGCTCTTACTGCTTCT	1
358	357	12	TGGTTCAAGCTCTTACTGCTTCTT	1
359	358	11	GGTTCAAGCTCTTACTGCTTCTTT	1
360	359	11	GTTCAAGCTCTTACTGCTTCTTTA	1
361	360	11	TTCAAGCTCTTACTGCTTCTTTAA	1
362	361	11	TCAAGCTCTTACTGCTTCTTTAAT	1
363	362	11	CAAGCTCTTACTGCTTCTTTAATG	1
364	363	11	AAGCTCTTACTGCTTCTTTAATGG	1
365	364	10	AGCTCTTACTGCTTCTTTAATGGC	1
366	365	11	GCTCTTACTGCTTCTTTAATGGCC	1
367	366	11	CTCTTACTGCTTCTTTAATGGCCG	1
368	367	9	TCTTACTGCTTCTTTAATGGCCGG	1
369	368	8	CTTACTGCTTCTTTAATGGCCGGC	1
370	369	7	TTACTGCTTCTTTAATGGCCGGCG	1
371	370	6	TACTGCTTCTTTAATGGCCGGCGC	1
372	371	5	ACTGCTTCTTTAATGGCCGGCGCT	1
373	372	4	CTGCTTCTTTAATGGCCGGCGCTC	1
374	373	4	TGCTTCTTTAATGGCCGGCGCTCT	1
375	374	4	GCTTCTTTAATGGCCGGCGCTCTC	1
376	375	4	CTTCTTTAATGGCCGGCGCTCTCT	1
377	376	4	TTCTTTAATGGCCGGCGCTCTCTT	1
378	377	4	TCTTTAATGGCCGGCGCTCTCTTG	1
379	378	4	CTTTAATGGCCGGCGCTCTCTTGG	1
380	379	4	TTTAATGGCCGGCGCTCTCTTGGC	1
381	380	4	TTAATGGCCGGCGCTCTCTTGGCG	1
382	381	4	TAATGGCCGGCGCTCTCTTGGCGC	1
383	382	4	AATGGCCGGCGCTCTCTTGGCGCG	1
384	383	4	ATGGCCGGCGCTCTCTTGGCGCGC	1
385	384	4	TGGCCGGCGCTCTCTTGGCGCGCG	1
386	385	4	GGCCGGCGCTCTCTTGGCGCGCGG	1
387	386	5	GCCGGCGCTCTCTTGGCGCGCGGT	1
388	387	5	CCGGCGCTCTCTTGGCGCGCGGTA	1
389	388	5	CGGCGCTCTCTTGGCGCGCGGTAT	1
390	389	5	GGCGCTCTCTTGGCGCGCGGTATC	1
391	390	5	GCGCTCTCTTGGCGCGCGGTATCA	1
392	391	4	CGCTCTCTTGGCGCGCGGTATCAT	1
393	392	7	GCTCTCTTGGCGCGCGGTATCATC	1
394	393	7	CTCTCTTGGCGCGCGGTATCATCG	1
395	394	7	TCTCTTGGCGCGCGGTATCATCGG	1
396	395	7	CTCTTGGCGCGCGGTATCATCGGT	1
397	396	7	TCTTGGCGCGCGGTATCATCGGTG	1
398	397	7	CTTGGCGCGCGGTATCATCGGTGC	1
399	398	7	TTGGCGCGCGGTATCATCGGTGCT	1
400	399	5	TGGCGCGCGGTATCATCGGTGCTA	1
401	400	7	GGCGCGCGGTATCATCGGTGCTAA	1
402	401	9	GCGCGCGGTATCATCGGTGCTAAG	1
403	402	9	CGCGCGGTATCATCGGTGCTAAGG	1
404	403	11	GCGCGGTATCATCGGTGCTAAGGC	1
405	404	11	CGCGGTATCATCGGTGCTAAGGCC	1
406	405	11	GCGGTATCATCGGTGCTAAGGCCG	1
407	406	11	CGGTATCATCGGTGCTAAGGCCGA	1
408	407	11	GGTATCATCGGTGCTAAGGCCGAT	1
409	408	13	GTATCATCGGTGCTAAGGCCGATC	1
410	409	14	TATCATCGGTGCTAAGGCCGATCC	1
411	410	14	ATCATCGGTGCTAAGGCCGATCCA	1
412	411	14	TCATCGGTGCTAAGGCCGATCCAG	1
413	412	14	CATCGGTGCTAAGGCCGATCCAGT	1
414	413	14	ATCGGTGCTAAGGCCGATCCAGTT	1
415	414	16	TCGGTGCTAAGGCCGATCCAGTTA	1
416	415	16	CGGTGCTAAGGCCGATCCAGTTAA	1
417	416	16	GGTGCTAAGGCCGATCCAGTTAAC	1
418	417	16	GTGCTAAGGCCGATCCAGTTAACT	1
419	418	17	TGCTAAGGCCGATCCAGTTAACTT	1
420	419	18	GCTAAGGCCGATCCAGTTAACTTT	1
421	420	18	CTAAGGCCGATCCAGTTAACTTTG	1
422	421	18	TAAGGCCGATCCAGTTAACTTTGC	1
423	422	18	AAGGCCGATCCAGTTAACTTTGCT	1
424	423	18	AGGCCGATCCAGTTAACTTTGCTG	1
425	424	18	GGCCGATCCAGTTAACTTTGCTGG	1
426	425	18	GCCGATCCAGTTAACTTTGCTGGT	1
427	426	18	CCGATCCAGTTAACTTTGCTGGTA	1
428	427	18	CGATCCAGTTAACTTTGCTGGTAT	1
429	428	19	GATCCAGTTAACTTTGCTGGTATT	1
430	429	19	ATCCAGTTAACTTTGCTGGTATTG	1
431	430	18	TCCAGTTAACTTTGCTGGTATTGG	1
432	431	18	CCAGTTAACTTTGCTGGTATTGGC	1
433	432	18	CAGTTAACTTTGCTGGTATTGGCG	1
434	433	17	AGTTAACTTTGCTGGTATTGGCGG	1
435	434	17	GTTAACTTTGCTGGTATTGGCGGT	1
436	435	17	TTAACTTTGCTGGTATTGGCGGTG	1
437	436	14	TAACTTTGCTGGTATTGGCGGTGC	1
438	437	15	AACTTTGCTGGTATTGGCGGTGCC	1
439	438	15	ACTTTGCTGGTATTGGCGGTGCCG	1
440	439	15	CTTTGCTGGTATTGGCGGTGCCGC	1
441	440	15	TTTGCTGGTATTGGCGGTGCCGCT	1
442	441	15	TTGCTGGTATTGGCGGTGCCGCTT	1
443	442	15	TGCTGGTATTGGCGGTGCCGCTTA	1
444	443	15	GCTGGTATTGGCGGTGCCGCTTAC	1
445	444	13	CTGGTATTGGCGGTGCCGCTTACG	1
446	445	11	TGGTATTGGCGGTGCCGCTTACGA	1
447	446	12	GGTATTGGCGGTGCCGCTTACGAA	1
448	447	10	GTATTGGCGGTGCCGCTTACGAAT	1
449	448	10	TATTGGCGGTGCCGCTTACGAATA	1
450	449	10	ATTGGCGGTGCCGCTTACGAATAC	1
451	450	11	TTGGCGGTGCCGCTTACGAATACA	1
452	451	11	TGGCGGTGCCGCTTACGAATACAA	1
453	452	9	GGCGGTGCCGCTTACGAATACAAC	1
454	453	8	GCGGTGCCGCTTACGAATACAACT	1
455	454	8	CGGTGCCGCTTACGAATACAACTA	1
456	455	8	GGTGCCGCTTACGAATACAACTAC	1
457	456	8	GTGCCGCTTACGAATACAACTACA	1
458	457	8	TGCCGCTTACGAATACAACTACAC	1
459	458	7	GCCGCTTACGAATACAACTACACT	1
460	459	7	CCGCTTACGAATACAACTACACTG	1
461	460	7	CGCTTACGAATACAACTACACTGC	1
462	461	6	GCTTACGAATACAACTACACTGCT	1
463	462	6	CTTACGAATACAACTACACTGCTA	1
464	463	5	TTACGAATACAACTACACTGCTAC	1
465	464	5	TACGAATACAACTACACTGCTACT	1
466	465	5	ACGAATACAACTACACTGCTACTG	1
467	466	5	CGAATACAACTACACTGCTACTGG	1
468	467	5	GAATACAACTACACTGCTACTGGT	1
469	468	5	AATACAACTACACTGCTACTGGTT	1
470	469	5	ATACAACTACACTGCTACTGGTTC	1
471	470	6	TACAACTACACTGCTACTGGTTCC	1
472	471	6	ACAACTACACTGCTACTGGTTCCT	1
473	472	5	CAACTACACTGCTACTGGTTCCTT	1
474	473	5	AACTACACTGCTACTGGTTCCTTT	1
475	474	5	ACTACACTGCTACTGGTTCCTTTA	1
476	475	5	CTACACTGCTACTGGTTCCTTTAA	1
477	476	5	TACACTGCTACTGGTTCCTTTAAT	1
478	477	5	ACACTGCTACTGGTTCCTTTAATC	1
479	478	7	CACTGCTACTGGTTCCTTTAATCA	1
480	479	7	ACTGCTACTGGTTCCTTTAATCAA	1
481	480	7	CTGCTACTGGTTCCTTTAATCAAT	1
482	481	6	TGCTACTGGTTCCTTTAATCAATC	1
483	482	6	GCTACTGGTTCCTTTAATCAATCT	1
484	483	6	CTACTGGTTCCTTTAATCAATCTA	1
485	484	5	TACTGGTTCCTTTAATCAATCTAT	1
486	485	5	ACTGGTTCCTTTAATCAATCTATC	1
487	486	5	CTGGTTCCTTTAATCAATCTATCA	1
488	487	5	TGGTTCCTTTAATCAATCTATCAT	1
489	488	5	GGTTCCTTTAATCAATCTATCATG	1
490	489	5	GTTCCTTTAATCAATCTATCATGC	1
491	490	6	TTCCTTTAATCAATCTATCATGCC	1
492	491	6	TCCTTTAATCAATCTATCATGCCT	1
493	492	6	CCTTTAATCAATCTATCATGCCTG	1
494	493	6	CTTTAATCAATCTATCATGCCTGC	1
495	494	7	TTTAATCAATCTATCATGCCTGCT	1
496	495	7	TTAATCAATCTATCATGCCTGCTA	1
497	496	7	TAATCAATCTATCATGCCTGCTAA	1
498	497	7	AATCAATCTATCATGCCTGCTAAC	1
499	498	8	ATCAATCTATCATGCCTGCTAACT	1
500	499	8	TCAATCTATCATGCCTGCTAACTT	1
501	500	8	CAATCTATCATGCCTGCTAACTTT	1
502	501	7	AATCTATCATGCCTGCTAACTTTA	1
503	502	9	ATCTATCATGCCTGCTAACTTTAC	1
504	503	10	TCTATCATGCCTGCTAACTTTACT	1
505	504	10	CTATCATGCCTGCTAACTTTACTC	1
506	505	15	TATCATGCCTGCTAACTTTACTCC	1
507	506	15	ATCATGCCTGCTAACTTTACTCCT	1
508	507	15	TCATGCCTGCTAACTTTACTCCTG	1
509	508	15	CATGCCTGCTAACTTTACTCCTGC	1
510	509	15	ATGCCTGCTAACTTTACTCCTGCT	1
511	510	15	TGCCTGCTAACTTTACTCCTGCTG	1
512	511	14	GCCTGCTAACTTTACTCCTGCTGG	1
513	512	15	CCTGCTAACTTTACTCCTGCTGGC	1
514	513	15	CTGCTAACTTTACTCCTGCTGGCG	1
515	514	16	TGCTAACTTTACTCCTGCTGGCGG	1
516	515	16	GCTAACTTTACTCCTGCTGGCGGC	1
517	516	16	CTAACTTTACTCCTGCTGGCGGCA	1
518	517	16	TAACTTTACTCCTGCTGGCGGCAT	1
519	518	16	AACTTTACTCCTGCTGGCGGCATC	1
520	519	16	ACTTTACTCCTGCTGGCGGCATCG	1
521	520	16	CTTTACTCCTGCTGGCGGCATCGA	1
522	521	17	TTTACTCCTGCTGGCGGCATCGAT	1
523	522	17	TTACTCCTGCTGGCGGCATCGATA	1
524	523	19	TACTCCTGCTGGCGGCATCGATAC	1
525	524	19	ACTCCTGCTGGCGGCATCGATACT	1
526	525	19	CTCCTGCTGGCGGCATCGATACTA	1
527	526	20	TCCTGCTGGCGGCATCGATACTAA	1
528	527	20	CCTGCTGGCGGCATCGATACTAAT	1
529	528	20	CTGCTGGCGGCATCGATACTAATG	1
530	529	21	TGCTGGCGGCATCGATACTAATGA	1
531	530	21	GCTGGCGGCATCGATACTAATGAT	1
532	531	21	CTGGCGGCATCGATACTAATGATA	1
533	532	22	TGGCGGCATCGATACTAATGATAG	1
534	533	22	GGCGGCATCGATACTAATGATAGC	1
535	534	20	GCGGCATCGATACTAATGATAGCA	1
536	535	20	CGGCATCGATACTAATGATAGCAG	1
537	536	20	GGCATCGATACTAATGATAGCAGC	1
538	537	20	GCATCGATACTAATGATAGCAGCC	1
539	538	18	CATCGATACTAATGATAGCAGCCC	1
540	539	19	ATCGATACTAATGATAGCAGCCCT	1
541	540	21	TCGATACTAATGATAGCAGCCCTA	1
542	541	21	CGATACTAATGATAGCAGCCCTAC	1
543	542	22	GATACTAATGATAGCAGCCCTACT	1
544	543	24	ATACTAATGATAGCAGCCCTACTT	1
545	544	24	TACTAATGATAGCAGCCCTACTTA	1
546	545	25	ACTAATGATAGCAGCCCTACTTAT	1
547	546	23	CTAATGATAGCAGCCCTACTTATC	1
548	547	22	TAATGATAGCAGCCCTACTTATCA	1
549	548	22	AATGATAGCAGCCCTACTTATCAC	1
550	549	18	ATGATAGCAGCCCTACTTATCACC	1
551	550	19	TGATAGCAGCCCTACTTATCACCC	1
552	551	19	GATAGCAGCCCTACTTATCACCCT	1
553	552	19	ATAGCAGCCCTACTTATCACCCTT	1
554	553	21	TAGCAGCCCTACTTATCACCCTTT	1
555	554	22	AGCAGCCCTACTTATCACCCTTTC	1
556	555	24	GCAGCCCTACTTATCACCCTTTCA	1
557	556	23	CAGCCCTACTTATCACCCTTTCAG	1
558	557	23	AGCCCTACTTATCACCCTTTCAGT	1
559	558	22	GCCCTACTTATCACCCTTTCAGTG	1
560	559	22	CCCTACTTATCACCCTTTCAGTGA	1
561	560	23	CCTACTTATCACCCTTTCAGTGAC	1
562	561	23	CTACTTATCACCCTTTCAGTGACT	1
563	562	23	TACTTATCACCCTTTCAGTGACTT	1
564	563	22	ACTTATCACCCTTTCAGTGACTTT	1
565	564	22	CTTATCACCCTTTCAGTGACTTTG	1
566	565	21	TTATCACCCTTTCAGTGACTTTGA	1
567	566	20	TATCACCCTTTCAGTGACTTTGAC	1
568	567	18	ATCACCCTTTCAGTGACTTTGACT	1
569	568	18	TCACCCTTTCAGTGACTTTGACTA	1
570	569	18	CACCCTTTCAGTGACTTTGACTAC	1
571	570	18	ACCCTTTCAGTGACTTTGACTACC	1
572	571	19	CCCTTTCAGTGACTTTGACTACCA	1
573	572	21	CCTTTCAGTGACTTTGACTACCAG	1
574	573	20	CTTTCAGTGACTTTGACTACCAGT	1
575	574	22	TTTCAGTGACTTTGACTACCAGTC	1
576	575	22	TTCAGTGACTTTGACTACCAGTCC	1
577	576	22	TCAGTGACTTTGACTACCAGTCCT	1
578	577	22	CAGTGACTTTGACTACCAGTCCTT	1
579	578	22	AGTGACTTTGACTACCAGTCCTTG	1
580	579	22	GTGACTTTGACTACCAGTCCTTGT	1
581	580	22	TGACTTTGACTACCAGTCCTTGTC	1
582	581	22	GACTTTGACTACCAGTCCTTGTCT	1
583	582	22	ACTTTGACTACCAGTCCTTGTCTC	1
584	583	21	CTTTGACTACCAGTCCTTGTCTCT	1
585	584	19	TTTGACTACCAGTCCTTGTCTCTC	1
586	585	20	TTGACTACCAGTCCTTGTCTCTCG	1
587	586	17	TGACTACCAGTCCTTGTCTCTCGC	1
588	587	15	GACTACCAGTCCTTGTCTCTCGCT	1
589	588	15	ACTACCAGTCCTTGTCTCTCGCTC	1
590	589	14	CTACCAGTCCTTGTCTCTCGCTCT	1
591	590	14	TACCAGTCCTTGTCTCTCGCTCTA	1
592	591	14	ACCAGTCCTTGTCTCTCGCTCTAT	1
593	592	14	CCAGTCCTTGTCTCTCGCTCTATA	1
594	593	13	CAGTCCTTGTCTCTCGCTCTATAC	1
595	594	11	AGTCCTTGTCTCTCGCTCTATACC	1
596	595	11	GTCCTTGTCTCTCGCTCTATACCA	1
597	596	11	TCCTTGTCTCTCGCTCTATACCAC	1
598	597	9	CCTTGTCTCTCGCTCTATACCACG	1
599	598	8	CTTGTCTCTCGCTCTATACCACGA	1
600	599	7	TTGTCTCTCGCTCTATACCACGAG	1
601	600	7	TGTCTCTCGCTCTATACCACGAGT	1
602	601	7	GTCTCTCGCTCTATACCACGAGTA	1
603	602	7	TCTCTCGCTCTATACCACGAGTAC	1
604	603	7	CTCTCGCTCTATACCACGAGTACA	1
605	604	6	TCTCGCTCTATACCACGAGTACAT	1
606	605	6	CTCGCTCTATACCACGAGTACATC	1
607	606	6	TCGCTCTATACCACGAGTACATCG	1
608	607	6	CGCTCTATACCACGAGTACATCGA	1
609	608	6	GCTCTATACCACGAGTACATCGAG	1
610	609	7	CTCTATACCACGAGTACATCGAGT	1
611	610	9	TCTATACCACGAGTACATCGAGTA	1
612	611	8	CTATACCACGAGTACATCGAGTAC	1
613	612	8	TATACCACGAGTACATCGAGTACG	1
614	613	8	ATACCACGAGTACATCGAGTACGA	1
615	614	8	TACCACGAGTACATCGAGTACGAC	1
616	615	6	ACCACGAGTACATCGAGTACGACC	1
617	616	6	CCACGAGTACATCGAGTACGACCT	1
618	617	6	CACGAGTACATCGAGTACGACCTC	1
619	618	5	ACGAGTACATCGAGTACGACCTCT	1
620	619	5	CGAGTACATCGAGTACGACCTCTT	1
621	620	7	GAGTACATCGAGTACGACCTCTTC	1
622	621	7	AGTACATCGAGTACGACCTCTTCA	1
623	622	7	GTACATCGAGTACGACCTCTTCAA	1
624	623	7	TACATCGAGTACGACCTCTTCAAC	1
625	624	7	ACATCGAGTACGACCTCTTCAACT	1
626	625	7	CATCGAGTACGACCTCTTCAACTA	1
627	626	7	ATCGAGTACGACCTCTTCAACTAC	1
628	627	7	TCGAGTACGACCTCTTCAACTACG	1
629	628	7	CGAGTACGACCTCTTCAACTACGG	1
630	629	7	GAGTACGACCTCTTCAACTACGGT	1
631	630	7	AGTACGACCTCTTCAACTACGGTC	1
632	631	7	GTACGACCTCTTCAACTACGGTCT	1
633	632	7	TACGACCTCTTCAACTACGGTCTC	1
634	633	7	ACGACCTCTTCAACTACGGTCTCA	1
635	634	8	CGACCTCTTCAACTACGGTCTCAC	1
636	635	8	GACCTCTTCAACTACGGTCTCACT	1
637	636	9	ACCTCTTCAACTACGGTCTCACTA	1
638	637	9	CCTCTTCAACTACGGTCTCACTAA	1
639	638	9	CTCTTCAACTACGGTCTCACTAAA	1
640	639	10	TCTTCAACTACGGTCTCACTAAAT	1
641	640	10	CTTCAACTACGGTCTCACTAAATT	1
642	641	10	TTCAACTACGGTCTCACTAAATTC	1
643	642	10	TCAACTACGGTCTCACTAAATTCT	1
644	643	9	CAACTACGGTCTCACTAAATTCTC	1
645	644	9	AACTACGGTCTCACTAAATTCTCT	1
646	645	9	ACTACGGTCTCACTAAATTCTCTG	1
647	646	9	CTACGGTCTCACTAAATTCTCTGA	1
648	647	9	TACGGTCTCACTAAATTCTCTGAT	1
649	648	9	ACGGTCTCACTAAATTCTCTGATG	1
650	649	9	CGGTCTCACTAAATTCTCTGATGC	1
651	650	11	GGTCTCACTAAATTCTCTGATGCC	1
652	651	12	GTCTCACTAAATTCTCTGATGCCG	1
653	652	12	TCTCACTAAATTCTCTGATGCCGA	1
654	653	12	CTCACTAAATTCTCTGATGCCGAG	1
655	654	11	TCACTAAATTCTCTGATGCCGAGT	1
656	655	12	CACTAAATTCTCTGATGCCGAGTT	1
657	656	12	ACTAAATTCTCTGATGCCGAGTTT	1
658	657	13	CTAAATTCTCTGATGCCGAGTTTG	1
659	658	13	TAAATTCTCTGATGCCGAGTTTGA	1
660	659	13	AAATTCTCTGATGCCGAGTTTGAC	1
661	660	13	AATTCTCTGATGCCGAGTTTGACG	1
662	661	15	ATTCTCTGATGCCGAGTTTGACGA	1
663	662	14	TTCTCTGATGCCGAGTTTGACGAG	1
664	663	14	TCTCTGATGCCGAGTTTGACGAGG	1
665	664	12	CTCTGATGCCGAGTTTGACGAGGC	1
666	665	13	TCTGATGCCGAGTTTGACGAGGCC	1
667	666	13	CTGATGCCGAGTTTGACGAGGCCG	1
668	667	13	TGATGCCGAGTTTGACGAGGCCGG	1
669	668	13	GATGCCGAGTTTGACGAGGCCGGC	1
670	669	13	ATGCCGAGTTTGACGAGGCCGGCA	1
671	670	13	TGCCGAGTTTGACGAGGCCGGCAT	1
672	671	13	GCCGAGTTTGACGAGGCCGGCATT	1
673	672	13	CCGAGTTTGACGAGGCCGGCATTG	1
674	673	12	CGAGTTTGACGAGGCCGGCATTGA	1
675	674	12	GAGTTTGACGAGGCCGGCATTGAC	1
676	675	12	AGTTTGACGAGGCCGGCATTGACG	1
677	676	12	GTTTGACGAGGCCGGCATTGACGC	1
678	677	13	TTTGACGAGGCCGGCATTGACGCC	1
679	678	12	TTGACGAGGCCGGCATTGACGCCG	1
680	679	11	TGACGAGGCCGGCATTGACGCCGA	1
681	680	11	GACGAGGCCGGCATTGACGCCGAG	1
682	681	12	ACGAGGCCGGCATTGACGCCGAGT	1
683	682	12	CGAGGCCGGCATTGACGCCGAGTA	1
684	683	12	GAGGCCGGCATTGACGCCGAGTAC	1
685	684	12	AGGCCGGCATTGACGCCGAGTACC	1
686	685	12	GGCCGGCATTGACGCCGAGTACCG	1
687	686	13	GCCGGCATTGACGCCGAGTACCGT	1
688	687	13	CCGGCATTGACGCCGAGTACCGTC	1
689	688	14	CGGCATTGACGCCGAGTACCGTCA	1
690	689	14	GGCATTGACGCCGAGTACCGTCAC	1
691	690	14	GCATTGACGCCGAGTACCGTCACT	1
692	691	14	CATTGACGCCGAGTACCGTCACTT	1
693	692	13	ATTGACGCCGAGTACCGTCACTTG	1
694	693	14	TTGACGCCGAGTACCGTCACTTGA	1
695	694	12	TGACGCCGAGTACCGTCACTTGAT	1
696	695	11	GACGCCGAGTACCGTCACTTGATT	1
697	696	12	ACGCCGAGTACCGTCACTTGATTC	1
698	697	11	CGCCGAGTACCGTCACTTGATTCG	1
699	698	11	GCCGAGTACCGTCACTTGATTCGC	1
700	699	10	CCGAGTACCGTCACTTGATTCGCT	1
701	700	10	CGAGTACCGTCACTTGATTCGCTT	1
702	701	9	GAGTACCGTCACTTGATTCGCTTC	1
703	702	9	AGTACCGTCACTTGATTCGCTTCA	1
704	703	9	GTACCGTCACTTGATTCGCTTCAT	1
705	704	9	TACCGTCACTTGATTCGCTTCATG	1
706	705	6	ACCGTCACTTGATTCGCTTCATGG	1
707	706	6	CCGTCACTTGATTCGCTTCATGGC	1
708	707	7	CGTCACTTGATTCGCTTCATGGCC	1
709	708	8	GTCACTTGATTCGCTTCATGGCCC	1
710	709	8	TCACTTGATTCGCTTCATGGCCCA	1
711	710	8	CACTTGATTCGCTTCATGGCCCAA	1
712	711	8	ACTTGATTCGCTTCATGGCCCAAC	1
713	712	8	CTTGATTCGCTTCATGGCCCAACA	1
714	713	9	TTGATTCGCTTCATGGCCCAACAA	1
715	714	9	TGATTCGCTTCATGGCCCAACAAG	1
716	715	11	GATTCGCTTCATGGCCCAACAAGA	1
717	716	11	ATTCGCTTCATGGCCCAACAAGAA	1
718	717	11	TTCGCTTCATGGCCCAACAAGAAA	1
719	718	14	TCGCTTCATGGCCCAACAAGAAAT	1
720	719	14	CGCTTCATGGCCCAACAAGAAATC	1
721	720	14	GCTTCATGGCCCAACAAGAAATCG	1
722	721	13	CTTCATGGCCCAACAAGAAATCGG	1
723	722	14	TTCATGGCCCAACAAGAAATCGGC	1
724	723	14	TCATGGCCCAACAAGAAATCGGCC	1
725	724	14	CATGGCCCAACAAGAAATCGGCCA	1
726	725	13	ATGGCCCAACAAGAAATCGGCCAC	1
727	726	13	TGGCCCAACAAGAAATCGGCCACA	1
728	727	13	GGCCCAACAAGAAATCGGCCACAT	1
729	728	13	GCCCAACAAGAAATCGGCCACATC	1
730	729	13	CCCAACAAGAAATCGGCCACATCG	1
731	730	12	CCAACAAGAAATCGGCCACATCGA	1
732	731	12	CAACAAGAAATCGGCCACATCGAG	1
733	732	11	AACAAGAAATCGGCCACATCGAGC	1
734	733	11	ACAAGAAATCGGCCACATCGAGCT	1
735	734	11	CAAGAAATCGGCCACATCGAGCTT	1
736	735	12	AAGAAATCGGCCACATCGAGCTTG	1
737	736	12	AGAAATCGGCCACATCGAGCTTGT	1
738	737	12	GAAATCGGCCACATCGAGCTTGTC	1
739	738	13	AAATCGGCCACATCGAGCTTGTCA	1
740	739	13	AATCGGCCACATCGAGCTTGTCAC	1
741	740	13	ATCGGCCACATCGAGCTTGTCACC	1
742	741	13	TCGGCCACATCGAGCTTGTCACCA	1
743	742	13	CGGCCACATCGAGCTTGTCACCAA	1
744	743	13	GGCCACATCGAGCTTGTCACCAAC	1
745	744	13	GCCACATCGAGCTTGTCACCAACA	1
746	745	14	CCACATCGAGCTTGTCACCAACAT	1
747	746	14	CACATCGAGCTTGTCACCAACATG	1
748	747	14	ACATCGAGCTTGTCACCAACATGC	1
749	748	14	CATCGAGCTTGTCACCAACATGCT	1
750	749	14	ATCGAGCTTGTCACCAACATGCTT	1
751	750	14	TCGAGCTTGTCACCAACATGCTTG	1
752	751	14	CGAGCTTGTCACCAACATGCTTGG	1
753	752	13	GAGCTTGTCACCAACATGCTTGGC	1
754	753	13	AGCTTGTCACCAACATGCTTGGCC	1
755	754	13	GCTTGTCACCAACATGCTTGGCCC	1
756	755	13	CTTGTCACCAACATGCTTGGCCCC	1
757	756	13	TTGTCACCAACATGCTTGGCCCCA	1
758	757	13	TGTCACCAACATGCTTGGCCCCAA	1
759	758	13	GTCACCAACATGCTTGGCCCCAAC	1
760	759	11	TCACCAACATGCTTGGCCCCAACG	1
761	760	11	CACCAACATGCTTGGCCCCAACGC	1
762	761	10	ACCAACATGCTTGGCCCCAACGCC	1
763	762	7	CCAACATGCTTGGCCCCAACGCCC	1
764	763	7	CAACATGCTTGGCCCCAACGCCCC	1
765	764	7	AACATGCTTGGCCCCAACGCCCCC	1
766	765	7	ACATGCTTGGCCCCAACGCCCCCA	1
767	766	7	CATGCTTGGCCCCAACGCCCCCAA	1
768	767	7	ATGCTTGGCCCCAACGCCCCCAAG	1
769	768	7	TGCTTGGCCCCAACGCCCCCAAGG	1
770	769	7	GCTTGGCCCCAACGCCCCCAAGGC	1
771	770	7	CTTGGCCCCAACGCCCCCAAGGCT	1
772	771	7	TTGGCCCCAACGCCCCCAAGGCTT	1
773	772	7	TGGCCCCAACGCCCCCAAGGCTTG	1
774	773	7	GGCCCCAACGCCCCCAAGGCTTGC	1
775	774	7	GCCCCAACGCCCCCAAGGCTTGCT	1
776	775	7	CCCCAACGCCCCCAAGGCTTGCTC	1
777	776	6	CCCAACGCCCCCAAGGCTTGCTCT	1
778	777	7	CCAACGCCCCCAAGGCTTGCTCTT	1
779	778	9	CAACGCCCCCAAGGCTTGCTCTTA	1
780	779	8	AACGCCCCCAAGGCTTGCTCTTAC	1
781	780	9	ACGCCCCCAAGGCTTGCTCTTACC	1
782	781	9	CGCCCCCAAGGCTTGCTCTTACCA	1
783	782	9	GCCCCCAAGGCTTGCTCTTACCAG	1
784	783	9	CCCCCAAGGCTTGCTCTTACCAGT	1
785	784	11	CCCCAAGGCTTGCTCTTACCAGTA	1
786	785	11	CCCAAGGCTTGCTCTTACCAGTAC	1
787	786	12	CCAAGGCTTGCTCTTACCAGTACA	1
788	787	14	CAAGGCTTGCTCTTACCAGTACAA	1
789	788	14	AAGGCTTGCTCTTACCAGTACAAC	1
790	789	13	AGGCTTGCTCTTACCAGTACAACT	1
791	790	13	GGCTTGCTCTTACCAGTACAACTT	1
792	791	13	GCTTGCTCTTACCAGTACAACTTT	1
793	792	13	CTTGCTCTTACCAGTACAACTTTG	1
794	793	13	TTGCTCTTACCAGTACAACTTTGA	1
795	794	13	TGCTCTTACCAGTACAACTTTGAC	1
796	795	12	GCTCTTACCAGTACAACTTTGACA	1
797	796	12	CTCTTACCAGTACAACTTTGACAC	1
798	797	12	TCTTACCAGTACAACTTTGACACT	1
799	798	12	CTTACCAGTACAACTTTGACACTG	1
800	799	12	TTACCAGTACAACTTTGACACTGT	1
801	800	12	TACCAGTACAACTTTGACACTGTG	1
802	801	11	ACCAGTACAACTTTGACACTGTGG	1
803	802	11	CCAGTACAACTTTGACACTGTGGG	1
804	803	11	CAGTACAACTTTGACACTGTGGGC	1
805	804	11	AGTACAACTTTGACACTGTGGGCT	1
806	805	11	GTACAACTTTGACACTGTGGGCTC	1
807	806	11	TACAACTTTGACACTGTGGGCTCC	1
808	807	11	ACAACTTTGACACTGTGGGCTCCT	1
809	808	11	CAACTTTGACACTGTGGGCTCCTT	1
810	809	11	AACTTTGACACTGTGGGCTCCTTC	1
811	810	11	ACTTTGACACTGTGGGCTCCTTCA	1
812	811	11	CTTTGACACTGTGGGCTCCTTCAT	1
813	812	11	TTTGACACTGTGGGCTCCTTCATT	1
814	813	12	TTGACACTGTGGGCTCCTTCATTG	1
815	814	12	TGACACTGTGGGCTCCTTCATTGA	1
816	815	13	GACACTGTGGGCTCCTTCATTGAC	1
817	816	13	ACACTGTGGGCTCCTTCATTGACT	1
818	817	13	CACTGTGGGCTCCTTCATTGACTT	1
819	818	13	ACTGTGGGCTCCTTCATTGACTTT	1
820	819	13	CTGTGGGCTCCTTCATTGACTTTG	1
821	820	13	TGTGGGCTCCTTCATTGACTTTGC	1
822	821	13	GTGGGCTCCTTCATTGACTTTGCT	1
823	822	11	TGGGCTCCTTCATTGACTTTGCTC	1
824	823	11	GGGCTCCTTCATTGACTTTGCTCA	1
825	824	11	GGCTCCTTCATTGACTTTGCTCAA	1
826	825	11	GCTCCTTCATTGACTTTGCTCAAA	1
827	826	11	CTCCTTCATTGACTTTGCTCAAAC	1
828	827	11	TCCTTCATTGACTTTGCTCAAACC	1
829	828	9	CCTTCATTGACTTTGCTCAAACCC	1
830	829	8	CTTCATTGACTTTGCTCAAACCCT	1
831	830	9	TTCATTGACTTTGCTCAAACCCTT	1
832	831	7	TCATTGACTTTGCTCAAACCCTTA	1
833	832	7	CATTGACTTTGCTCAAACCCTTAC	1
834	833	7	ATTGACTTTGCTCAAACCCTTACT	1
835	834	7	TTGACTTTGCTCAAACCCTTACTA	1
836	835	7	TGACTTTGCTCAAACCCTTACTAA	1
837	836	7	GACTTTGCTCAAACCCTTACTAAG	1
838	837	7	ACTTTGCTCAAACCCTTACTAAGT	1
839	838	7	CTTTGCTCAAACCCTTACTAAGTG	1
840	839	7	TTTGCTCAAACCCTTACTAAGTGG	1
841	840	7	TTGCTCAAACCCTTACTAAGTGGA	1
842	841	8	TGCTCAAACCCTTACTAAGTGGAG	1
843	842	8	GCTCAAACCCTTACTAAGTGGAGT	1
844	843	8	CTCAAACCCTTACTAAGTGGAGTG	1
845	844	8	TCAAACCCTTACTAAGTGGAGTGA	1
846	845	8	CAAACCCTTACTAAGTGGAGTGAA	1
847	846	8	AAACCCTTACTAAGTGGAGTGAAT	1
848	847	8	AACCCTTACTAAGTGGAGTGAATC	1
849	848	8	ACCCTTACTAAGTGGAGTGAATCC	1
850	849	8	CCCTTACTAAGTGGAGTGAATCCG	1
851	850	8	CCTTACTAAGTGGAGTGAATCCGG	1
852	851	8	CTTACTAAGTGGAGTGAATCCGGT	1
853	852	8	TTACTAAGTGGAGTGAATCCGGTG	1
854	853	8	TACTAAGTGGAGTGAATCCGGTGT	1
855	854	8	ACTAAGTGGAGTGAATCCGGTGTC	1
856	855	8	CTAAGTGGAGTGAATCCGGTGTCT	1
857	856	8	TAAGTGGAGTGAATCCGGTGTCTA	1
858	857	7	AAGTGGAGTGAATCCGGTGTCTAT	1
859	858	6	AGTGGAGTGAATCCGGTGTCTATG	1
860	859	5	GTGGAGTGAATCCGGTGTCTATGG	1
861	860	7	TGGAGTGAATCCGGTGTCTATGGT	1
862	861	7	GGAGTGAATCCGGTGTCTATGGTT	1
863	862	7	GAGTGAATCCGGTGTCTATGGTTT	1
864	863	7	AGTGAATCCGGTGTCTATGGTTTC	1
865	864	8	GTGAATCCGGTGTCTATGGTTTCC	1
866	865	8	TGAATCCGGTGTCTATGGTTTCCT	1
867	866	8	GAATCCGGTGTCTATGGTTTCCTT	1
868	867	12	AATCCGGTGTCTATGGTTTCCTTC	1
869	868	13	ATCCGGTGTCTATGGTTTCCTTCC	1
870	869	13	TCCGGTGTCTATGGTTTCCTTCCC	1
871	870	12	CCGGTGTCTATGGTTTCCTTCCCC	1
872	871	14	CGGTGTCTATGGTTTCCTTCCCCA	1
873	872	14	GGTGTCTATGGTTTCCTTCCCCAC	1
874	873	15	GTGTCTATGGTTTCCTTCCCCACC	1
875	874	14	TGTCTATGGTTTCCTTCCCCACCT	1
876	875	14	GTCTATGGTTTCCTTCCCCACCTT	1
877	876	14	TCTATGGTTTCCTTCCCCACCTTG	1
878	877	14	CTATGGTTTCCTTCCCCACCTTGA	1
879	878	14	TATGGTTTCCTTCCCCACCTTGAC	1
880	879	14	ATGGTTTCCTTCCCCACCTTGACT	1
881	880	14	TGGTTTCCTTCCCCACCTTGACTC	1
882	881	14	GGTTTCCTTCCCCACCTTGACTCT	1
883	882	14	GTTTCCTTCCCCACCTTGACTCTC	1
884	883	17	TTTCCTTCCCCACCTTGACTCTCG	1
885	884	17	TTCCTTCCCCACCTTGACTCTCGC	1
886	885	17	TCCTTCCCCACCTTGACTCTCGCG	1
887	886	17	CCTTCCCCACCTTGACTCTCGCGC	1
888	887	17	CTTCCCCACCTTGACTCTCGCGCA	1
889	888	17	TTCCCCACCTTGACTCTCGCGCAG	1
890	889	17	TCCCCACCTTGACTCTCGCGCAGC	1
891	890	17	CCCCACCTTGACTCTCGCGCAGCA	1
892	891	17	CCCACCTTGACTCTCGCGCAGCAG	1
893	892	19	CCACCTTGACTCTCGCGCAGCAGC	1
894	893	19	CACCTTGACTCTCGCGCAGCAGCT	1
895	894	19	ACCTTGACTCTCGCGCAGCAGCTG	1
896	895	19	CCTTGACTCTCGCGCAGCAGCTGC	1
897	896	20	CTTGACTCTCGCGCAGCAGCTGCT	1
898	897	20	TTGACTCTCGCGCAGCAGCTGCTC	1
899	898	19	TGACTCTCGCGCAGCAGCTGCTCT	1
900	899	19	GACTCTCGCGCAGCAGCTGCTCTT	1
901	900	19	ACTCTCGCGCAGCAGCTGCTCTTT	1
902	901	19	CTCTCGCGCAGCAGCTGCTCTTTT	1
903	902	21	TCTCGCGCAGCAGCTGCTCTTTTG	1
904	903	21	CTCGCGCAGCAGCTGCTCTTTTGC	1
905	904	20	TCGCGCAGCAGCTGCTCTTTTGCT	1
906	905	21	CGCGCAGCAGCTGCTCTTTTGCTT	1
907	906	22	GCGCAGCAGCTGCTCTTTTGCTTC	1
908	907	22	CGCAGCAGCTGCTCTTTTGCTTCA	1
909	908	22	GCAGCAGCTGCTCTTTTGCTTCAA	1
910	909	20	CAGCAGCTGCTCTTTTGCTTCAAT	1
911	910	20	AGCAGCTGCTCTTTTGCTTCAATC	1
912	911	16	GCAGCTGCTCTTTTGCTTCAATCC	1
913	912	16	CAGCTGCTCTTTTGCTTCAATCCA	1
914	913	16	AGCTGCTCTTTTGCTTCAATCCAT	1
915	914	16	GCTGCTCTTTTGCTTCAATCCATC	1
916	915	13	CTGCTCTTTTGCTTCAATCCATCA	1
917	916	13	TGCTCTTTTGCTTCAATCCATCAC	1
918	917	13	GCTCTTTTGCTTCAATCCATCACC	1
919	918	14	CTCTTTTGCTTCAATCCATCACCA	1
920	919	15	TCTTTTGCTTCAATCCATCACCAC	1
921	920	15	CTTTTGCTTCAATCCATCACCACT	1
922	921	15	TTTTGCTTCAATCCATCACCACTG	1
923	922	14	TTTGCTTCAATCCATCACCACTGA	1
924	923	14	TTGCTTCAATCCATCACCACTGAA	1
925	924	15	TGCTTCAATCCATCACCACTGAAG	1
926	925	15	GCTTCAATCCATCACCACTGAAGC	1
927	926	15	CTTCAATCCATCACCACTGAAGCT	1
928	927	12	TTCAATCCATCACCACTGAAGCTC	1
929	928	12	TCAATCCATCACCACTGAAGCTCG	1
930	929	12	CAATCCATCACCACTGAAGCTCGT	1
931	930	12	AATCCATCACCACTGAAGCTCGTC	1
932	931	12	ATCCATCACCACTGAAGCTCGTCA	1
933	932	12	TCCATCACCACTGAAGCTCGTCAA	1
934	933	14	CCATCACCACTGAAGCTCGTCAAC	1
935	934	14	CATCACCACTGAAGCTCGTCAACA	1
936	935	14	ATCACCACTGAAGCTCGTCAACAA	1
937	936	12	TCACCACTGAAGCTCGTCAACAAA	1
938	937	13	CACCACTGAAGCTCGTCAACAAAT	1
939	938	13	ACCACTGAAGCTCGTCAACAAATG	1
940	939	13	CCACTGAAGCTCGTCAACAAATGT	1
941	940	13	CACTGAAGCTCGTCAACAAATGTC	1
942	941	13	ACTGAAGCTCGTCAACAAATGTCT	1
943	942	13	CTGAAGCTCGTCAACAAATGTCTC	1
944	943	14	TGAAGCTCGTCAACAAATGTCTCT	1
945	944	14	GAAGCTCGTCAACAAATGTCTCTC	1
946	945	14	AAGCTCGTCAACAAATGTCTCTCC	1
947	946	12	AGCTCGTCAACAAATGTCTCTCCG	1
948	947	12	GCTCGTCAACAAATGTCTCTCCGT	1
949	948	10	CTCGTCAACAAATGTCTCTCCGTC	1
950	949	12	TCGTCAACAAATGTCTCTCCGTCA	1
951	950	11	CGTCAACAAATGTCTCTCCGTCAA	1
952	951	11	GTCAACAAATGTCTCTCCGTCAAT	1
953	952	10	TCAACAAATGTCTCTCCGTCAATT	1
954	953	10	CAACAAATGTCTCTCCGTCAATTA	1
955	954	10	AACAAATGTCTCTCCGTCAATTAC	1
956	955	12	ACAAATGTCTCTCCGTCAATTACA	1
957	956	12	CAAATGTCTCTCCGTCAATTACAA	1
958	957	12	AAATGTCTCTCCGTCAATTACAAG	1
959	958	12	AATGTCTCTCCGTCAATTACAAGG	1
960	959	12	ATGTCTCTCCGTCAATTACAAGGT	1
961	960	12	TGTCTCTCCGTCAATTACAAGGTC	1
962	961	12	GTCTCTCCGTCAATTACAAGGTCT	1
963	962	11	TCTCTCCGTCAATTACAAGGTCTC	1
964	963	10	CTCTCCGTCAATTACAAGGTCTCT	1
965	964	10	TCTCCGTCAATTACAAGGTCTCTT	1
966	965	10	CTCCGTCAATTACAAGGTCTCTTC	1
967	966	10	TCCGTCAATTACAAGGTCTCTTCC	1
968	967	10	CCGTCAATTACAAGGTCTCTTCCC	1
969	968	9	CGTCAATTACAAGGTCTCTTCCCT	1
970	969	9	GTCAATTACAAGGTCTCTTCCCTT	1
971	970	9	TCAATTACAAGGTCTCTTCCCTTA	1
972	971	9	CAATTACAAGGTCTCTTCCCTTAC	1
973	972	11	AATTACAAGGTCTCTTCCCTTACC	1
974	973	11	ATTACAAGGTCTCTTCCCTTACCC	1
975	974	11	TTACAAGGTCTCTTCCCTTACCCC	1
976	975	11	TACAAGGTCTCTTCCCTTACCCCG	1
977	976	9	ACAAGGTCTCTTCCCTTACCCCGT	1
978	977	9	CAAGGTCTCTTCCCTTACCCCGTC	1
979	978	9	AAGGTCTCTTCCCTTACCCCGTCT	1
980	979	10	AGGTCTCTTCCCTTACCCCGTCTG	1
981	980	10	GGTCTCTTCCCTTACCCCGTCTGG	1
982	981	9	GTCTCTTCCCTTACCCCGTCTGGT	1
983	982	8	TCTCTTCCCTTACCCCGTCTGGTT	1
984	983	10	CTCTTCCCTTACCCCGTCTGGTTT	1
985	984	11	TCTTCCCTTACCCCGTCTGGTTTG	1
986	985	12	CTTCCCTTACCCCGTCTGGTTTGA	1
987	986	12	TTCCCTTACCCCGTCTGGTTTGAA	1
988	987	11	TCCCTTACCCCGTCTGGTTTGAAA	1
989	988	11	CCCTTACCCCGTCTGGTTTGAAAC	1
990	989	11	CCTTACCCCGTCTGGTTTGAAACT	1
991	990	11	CTTACCCCGTCTGGTTTGAAACTG	1
992	991	11	TTACCCCGTCTGGTTTGAAACTGG	1
993	992	11	TACCCCGTCTGGTTTGAAACTGGC	1
994	993	9	ACCCCGTCTGGTTTGAAACTGGCA	1
995	994	9	CCCCGTCTGGTTTGAAACTGGCAT	1
996	995	10	CCCGTCTGGTTTGAAACTGGCATT	1
997	996	10	CCGTCTGGTTTGAAACTGGCATTC	1
998	997	10	CGTCTGGTTTGAAACTGGCATTCC	1
999	998	10	GTCTGGTTTGAAACTGGCATTCCT	1
1000	999	8	TCTGGTTTGAAACTGGCATTCCTC	1
1001	1000	8	CTGGTTTGAAACTGGCATTCCTCA	1
1002	1001	8	TGGTTTGAAACTGGCATTCCTCAA	1
1003	1002	8	GGTTTGAAACTGGCATTCCTCAAT	1
1004	1003	8	GTTTGAAACTGGCATTCCTCAATC	1
1005	1004	8	TTTGAAACTGGCATTCCTCAATCC	1
1006	1005	9	TTGAAACTGGCATTCCTCAATCCT	1
1007	1006	10	TGAAACTGGCATTCCTCAATCCTT	1
1008	1007	10	GAAACTGGCATTCCTCAATCCTTT	1
1009	1008	10	AAACTGGCATTCCTCAATCCTTTG	1
1010	1009	10	AACTGGCATTCCTCAATCCTTTGC	1
1011	1010	10	ACTGGCATTCCTCAATCCTTTGCT	1
1012	1011	10	CTGGCATTCCTCAATCCTTTGCTT	1
1013	1012	10	TGGCATTCCTCAATCCTTTGCTTG	1
1014	1013	10	GGCATTCCTCAATCCTTTGCTTGG	1
1015	1014	10	GCATTCCTCAATCCTTTGCTTGGT	1
1016	1015	10	CATTCCTCAATCCTTTGCTTGGTC	1
1017	1016	9	ATTCCTCAATCCTTTGCTTGGTCC	1
1018	1017	9	TTCCTCAATCCTTTGCTTGGTCCT	1
1019	1018	9	TCCTCAATCCTTTGCTTGGTCCTT	1
1020	1019	9	CCTCAATCCTTTGCTTGGTCCTTG	1
1021	1020	9	CTCAATCCTTTGCTTGGTCCTTGA	1
1022	1021	9	TCAATCCTTTGCTTGGTCCTTGAT	1
1023	1022	9	CAATCCTTTGCTTGGTCCTTGATT	1
1024	1023	8	AATCCTTTGCTTGGTCCTTGATTG	1
1025	1024	8	ATCCTTTGCTTGGTCCTTGATTGC	1
1026	1025	8	TCCTTTGCTTGGTCCTTGATTGCC	1
1027	1026	8	CCTTTGCTTGGTCCTTGATTGCCC	1
1028	1027	6	CTTTGCTTGGTCCTTGATTGCCCC	1
1029	1028	4	TTTGCTTGGTCCTTGATTGCCCCT	1
1030	1029	4	TTGCTTGGTCCTTGATTGCCCCTT	1
1031	1030	4	TGCTTGGTCCTTGATTGCCCCTTT	1
1032	1031	4	GCTTGGTCCTTGATTGCCCCTTTC	1
1033	1032	5	CTTGGTCCTTGATTGCCCCTTTCA	1
1034	1033	5	TTGGTCCTTGATTGCCCCTTTCAT	1
1035	1034	5	TGGTCCTTGATTGCCCCTTTCATT	1
1036	1035	5	GGTCCTTGATTGCCCCTTTCATTG	1
1037	1036	5	GTCCTTGATTGCCCCTTTCATTGT	1
1038	1037	5	TCCTTGATTGCCCCTTTCATTGTT	1
1039	1038	5	CCTTGATTGCCCCTTTCATTGTTG	1
1040	1039	4	CTTGATTGCCCCTTTCATTGTTGG	1
1041	1040	4	TTGATTGCCCCTTTCATTGTTGGC	1
1042	1041	4	TGATTGCCCCTTTCATTGTTGGCT	1
1043	1042	4	GATTGCCCCTTTCATTGTTGGCTG	1
1044	1043	4	ATTGCCCCTTTCATTGTTGGCTGC	1
1045	1044	5	TTGCCCCTTTCATTGTTGGCTGCC	1
1046	1045	5	TGCCCCTTTCATTGTTGGCTGCCC	1
1047	1046	5	GCCCCTTTCATTGTTGGCTGCCCT	1
1048	1047	5	CCCCTTTCATTGTTGGCTGCCCTG	1
1049	1048	5	CCCTTTCATTGTTGGCTGCCCTGC	1
1050	1049	4	CCTTTCATTGTTGGCTGCCCTGCC	1
1051	1050	3	CTTTCATTGTTGGCTGCCCTGCCG	1
1052	1051	4	TTTCATTGTTGGCTGCCCTGCCGA	1
1053	1052	4	TTCATTGTTGGCTGCCCTGCCGAA	1
1054	1053	5	TCATTGTTGGCTGCCCTGCCGAAA	1
1055	1054	6	CATTGTTGGCTGCCCTGCCGAAAA	1
1056	1055	6	ATTGTTGGCTGCCCTGCCGAAAAC	1
1057	1056	6	TTGTTGGCTGCCCTGCCGAAAACG	1
1058	1057	6	TGTTGGCTGCCCTGCCGAAAACGA	1
1059	1058	7	GTTGGCTGCCCTGCCGAAAACGAA	1
1060	1059	7	TTGGCTGCCCTGCCGAAAACGAAA	1
1061	1060	7	TGGCTGCCCTGCCGAAAACGAAAA	1
1062	1061	7	GGCTGCCCTGCCGAAAACGAAAAG	1
1063	1062	9	GCTGCCCTGCCGAAAACGAAAAGT	1
1064	1063	9	CTGCCCTGCCGAAAACGAAAAGTT	1
1065	1064	8	TGCCCTGCCGAAAACGAAAAGTTG	1
1066	1065	8	GCCCTGCCGAAAACGAAAAGTTGG	1
1067	1066	10	CCCTGCCGAAAACGAAAAGTTGGT	1
1068	1067	11	CCTGCCGAAAACGAAAAGTTGGTT	1
1069	1068	11	CTGCCGAAAACGAAAAGTTGGTTT	1
1070	1069	13	TGCCGAAAACGAAAAGTTGGTTTG	1
1071	1070	13	GCCGAAAACGAAAAGTTGGTTTGG	1
1072	1071	13	CCGAAAACGAAAAGTTGGTTTGGC	1
1073	1072	13	CGAAAACGAAAAGTTGGTTTGGCA	1
1074	1073	13	GAAAACGAAAAGTTGGTTTGGCAA	1
1075	1074	13	AAAACGAAAAGTTGGTTTGGCAAA	1
1076	1075	13	AAACGAAAAGTTGGTTTGGCAAAA	1
1077	1076	13	AACGAAAAGTTGGTTTGGCAAAAC	1
1078	1077	13	ACGAAAAGTTGGTTTGGCAAAACT	1
1079	1078	13	CGAAAAGTTGGTTTGGCAAAACTT	1
1080	1079	14	GAAAAGTTGGTTTGGCAAAACTTC	1
1081	1080	13	AAAAGTTGGTTTGGCAAAACTTCC	1
1082	1081	14	AAAGTTGGTTTGGCAAAACTTCCC	1
1083	1082	14	AAGTTGGTTTGGCAAAACTTCCCT	1
1084	1083	14	AGTTGGTTTGGCAAAACTTCCCTG	1
1085	1084	15	GTTGGTTTGGCAAAACTTCCCTGC	1
1086	1085	15	TTGGTTTGGCAAAACTTCCCTGCC	1
1087	1086	15	TGGTTTGGCAAAACTTCCCTGCCT	1
1088	1087	15	GGTTTGGCAAAACTTCCCTGCCTT	1
1089	1088	15	GTTTGGCAAAACTTCCCTGCCTTA	1
1090	1089	15	TTTGGCAAAACTTCCCTGCCTTAC	1
1091	1090	15	TTGGCAAAACTTCCCTGCCTTACA	1
1092	1091	15	TGGCAAAACTTCCCTGCCTTACAT	1
1093	1092	15	GGCAAAACTTCCCTGCCTTACATT	1
1094	1093	15	GCAAAACTTCCCTGCCTTACATTT	1
1095	1094	16	CAAAACTTCCCTGCCTTACATTTG	1
1096	1095	14	AAAACTTCCCTGCCTTACATTTGG	1
1097	1096	15	AAACTTCCCTGCCTTACATTTGGT	1
1098	1097	15	AACTTCCCTGCCTTACATTTGGTT	1
1099	1098	13	ACTTCCCTGCCTTACATTTGGTTA	1
1100	1099	14	CTTCCCTGCCTTACATTTGGTTAG	1
1101	1100	13	TTCCCTGCCTTACATTTGGTTAGC	1
1102	1101	13	TCCCTGCCTTACATTTGGTTAGCC	1
1103	1102	12	CCCTGCCTTACATTTGGTTAGCCC	1
1104	1103	12	CCTGCCTTACATTTGGTTAGCCCT	1
1105	1104	12	CTGCCTTACATTTGGTTAGCCCTC	1
1106	1105	12	TGCCTTACATTTGGTTAGCCCTCC	1
1107	1106	11	GCCTTACATTTGGTTAGCCCTCCT	1
1108	1107	11	CCTTACATTTGGTTAGCCCTCCTG	1
1109	1108	10	CTTACATTTGGTTAGCCCTCCTGT	1
1110	1109	10	TTACATTTGGTTAGCCCTCCTGTT	1
1111	1110	8	TACATTTGGTTAGCCCTCCTGTTC	1
1112	1111	7	ACATTTGGTTAGCCCTCCTGTTCA	1
1113	1112	7	CATTTGGTTAGCCCTCCTGTTCAC	1
1114	1113	6	ATTTGGTTAGCCCTCCTGTTCACA	1
1115	1114	7	TTTGGTTAGCCCTCCTGTTCACAC	1
1116	1115	7	TTGGTTAGCCCTCCTGTTCACACT	1
1117	1116	7	TGGTTAGCCCTCCTGTTCACACTA	1
1118	1117	7	GGTTAGCCCTCCTGTTCACACTAA	1
1119	1118	8	GTTAGCCCTCCTGTTCACACTAAT	1
1120	1119	8	TTAGCCCTCCTGTTCACACTAATT	1
1121	1120	8	TAGCCCTCCTGTTCACACTAATTT	1
1122	1121	8	AGCCCTCCTGTTCACACTAATTTC	1
1123	1122	8	GCCCTCCTGTTCACACTAATTTCA	1
1124	1123	7	CCCTCCTGTTCACACTAATTTCAC	1
1125	1124	9	CCTCCTGTTCACACTAATTTCACC	1
1126	1125	8	CTCCTGTTCACACTAATTTCACCA	1
1127	1126	8	TCCTGTTCACACTAATTTCACCAA	1
1128	1127	8	CCTGTTCACACTAATTTCACCAAC	1
1129	1128	9	CTGTTCACACTAATTTCACCAACG	1
1130	1129	9	TGTTCACACTAATTTCACCAACGG	1
1131	1130	9	GTTCACACTAATTTCACCAACGGC	1
1132	1131	9	TTCACACTAATTTCACCAACGGCT	1
1133	1132	9	TCACACTAATTTCACCAACGGCTC	1
1134	1133	9	CACACTAATTTCACCAACGGCTCT	1
1135	1134	9	ACACTAATTTCACCAACGGCTCTT	1
1136	1135	9	CACTAATTTCACCAACGGCTCTTT	1
1137	1136	9	ACTAATTTCACCAACGGCTCTTTC	1
1138	1137	9	CTAATTTCACCAACGGCTCTTTCC	1
1139	1138	8	TAATTTCACCAACGGCTCTTTCCC	1
1140	1139	8	AATTTCACCAACGGCTCTTTCCCT	1
1141	1140	8	ATTTCACCAACGGCTCTTTCCCTC	1
1142	1141	8	TTTCACCAACGGCTCTTTCCCTCA	1
1143	1142	8	TTCACCAACGGCTCTTTCCCTCAG	1
1144	1143	7	TCACCAACGGCTCTTTCCCTCAGT	1
1145	1144	7	CACCAACGGCTCTTTCCCTCAGTA	1
1146	1145	8	ACCAACGGCTCTTTCCCTCAGTAC	1
1147	1146	8	CCAACGGCTCTTTCCCTCAGTACC	1
1148	1147	8	CAACGGCTCTTTCCCTCAGTACCC	1
1149	1148	8	AACGGCTCTTTCCCTCAGTACCCT	1
1150	1149	8	ACGGCTCTTTCCCTCAGTACCCTA	1
1151	1150	8	CGGCTCTTTCCCTCAGTACCCTAA	1
1152	1151	8	GGCTCTTTCCCTCAGTACCCTAAC	1
1153	1152	8	GCTCTTTCCCTCAGTACCCTAACG	1
1154	1153	8	CTCTTTCCCTCAGTACCCTAACGG	1
1155	1154	8	TCTTTCCCTCAGTACCCTAACGGT	1
1156	1155	8	CTTTCCCTCAGTACCCTAACGGTA	1
1157	1156	9	TTTCCCTCAGTACCCTAACGGTAC	1
1158	1157	9	TTCCCTCAGTACCCTAACGGTACC	1
1159	1158	8	TCCCTCAGTACCCTAACGGTACCT	1
1160	1159	8	CCCTCAGTACCCTAACGGTACCTA	1
1161	1160	9	CCTCAGTACCCTAACGGTACCTAC	1
1162	1161	9	CTCAGTACCCTAACGGTACCTACA	1
1163	1162	8	TCAGTACCCTAACGGTACCTACAT	1
1164	1163	8	CAGTACCCTAACGGTACCTACATG	1
1165	1164	8	AGTACCCTAACGGTACCTACATGT	1
1166	1165	8	GTACCCTAACGGTACCTACATGTA	1
1167	1166	7	TACCCTAACGGTACCTACATGTAT	1
1168	1167	7	ACCCTAACGGTACCTACATGTATC	1
1169	1168	6	CCCTAACGGTACCTACATGTATCC	1
1170	1169	6	CCTAACGGTACCTACATGTATCCC	1
1171	1170	7	CTAACGGTACCTACATGTATCCCG	1
1172	1171	7	TAACGGTACCTACATGTATCCCGC	1
1173	1172	6	AACGGTACCTACATGTATCCCGCC	1
1174	1173	6	ACGGTACCTACATGTATCCCGCCG	1
1175	1174	5	CGGTACCTACATGTATCCCGCCGC	1
1176	1175	9	GGTACCTACATGTATCCCGCCGCT	1
1177	1176	9	GTACCTACATGTATCCCGCCGCTG	1
1178	1177	9	TACCTACATGTATCCCGCCGCTGT	1
1179	1178	9	ACCTACATGTATCCCGCCGCTGTC	1
1180	32	13	CTACATGTATCCCGCCGCTGTCTC	1
1181	1180	13	TACATGTATCCCGCCGCTGTCTCC	1
1182	1181	13	ACATGTATCCCGCCGCTGTCTCCA	1
1183	1182	13	CATGTATCCCGCCGCTGTCTCCAC	1
1184	1183	12	ATGTATCCCGCCGCTGTCTCCACC	1
1185	1184	12	TGTATCCCGCCGCTGTCTCCACCA	1
1186	1185	12	GTATCCCGCCGCTGTCTCCACCAA	1
1187	1186	12	TATCCCGCCGCTGTCTCCACCAAC	1
1188	1187	11	ATCCCGCCGCTGTCTCCACCAACC	1
1189	1188	10	TCCCGCCGCTGTCTCCACCAACCG	1
1190	1189	10	CCCGCCGCTGTCTCCACCAACCGT	1
1191	1190	11	CCGCCGCTGTCTCCACCAACCGTA	1
1192	1191	11	CGCCGCTGTCTCCACCAACCGTAC	1
1193	1192	10	GCCGCTGTCTCCACCAACCGTACC	1
1194	1193	11	CCGCTGTCTCCACCAACCGTACCT	1
1195	1194	11	CGCTGTCTCCACCAACCGTACCTT	1
1196	1195	11	GCTGTCTCCACCAACCGTACCTTC	1
1197	1196	12	CTGTCTCCACCAACCGTACCTTCC	1
1198	1197	12	TGTCTCCACCAACCGTACCTTCCC	1
1199	1198	10	GTCTCCACCAACCGTACCTTCCCT	1
1200	1199	9	TCTCCACCAACCGTACCTTCCCTC	1
1201	1200	9	CTCCACCAACCGTACCTTCCCTCT	1
1202	1201	8	TCCACCAACCGTACCTTCCCTCTC	1
1203	1202	8	CCACCAACCGTACCTTCCCTCTCT	1
1204	1203	8	CACCAACCGTACCTTCCCTCTCTC	1
1205	1204	8	ACCAACCGTACCTTCCCTCTCTCT	1
1206	1205	9	CCAACCGTACCTTCCCTCTCTCTC	1
1207	1206	9	CAACCGTACCTTCCCTCTCTCTCT	1
1208	1207	8	AACCGTACCTTCCCTCTCTCTCTT	1
1209	1208	8	ACCGTACCTTCCCTCTCTCTCTTC	1
1210	1209	9	CCGTACCTTCCCTCTCTCTCTTCC	1
1211	1210	8	CGTACCTTCCCTCTCTCTCTTCCC	1
1212	1211	7	GTACCTTCCCTCTCTCTCTTCCCG	1
1213	1212	7	TACCTTCCCTCTCTCTCTTCCCGG	1
1214	1213	4	ACCTTCCCTCTCTCTCTTCCCGGA	1
1215	1214	4	CCTTCCCTCTCTCTCTTCCCGGAC	1
1216	1215	4	CTTCCCTCTCTCTCTTCCCGGACA	1
1217	1216	5	TTCCCTCTCTCTCTTCCCGGACAA	1
1218	1217	5	TCCCTCTCTCTCTTCCCGGACAAA	1
1219	1218	5	CCCTCTCTCTCTTCCCGGACAAAG	1
1220	1219	5	CCTCTCTCTCTTCCCGGACAAAGC	1
1221	1220	6	CTCTCTCTCTTCCCGGACAAAGCG	1
1222	1221	7	TCTCTCTCTTCCCGGACAAAGCGT	1
1223	1222	7	CTCTCTCTTCCCGGACAAAGCGTC	1
1224	1223	7	TCTCTCTTCCCGGACAAAGCGTCG	1
1225	1224	7	CTCTCTTCCCGGACAAAGCGTCGA	1
1226	1225	7	TCTCTTCCCGGACAAAGCGTCGAA	1
1227	1226	7	CTCTTCCCGGACAAAGCGTCGAAT	1
1228	1227	7	TCTTCCCGGACAAAGCGTCGAATT	1
1229	1228	8	CTTCCCGGACAAAGCGTCGAATTG	1
1230	1229	8	TTCCCGGACAAAGCGTCGAATTGG	1
1231	1230	8	TCCCGGACAAAGCGTCGAATTGGC	1
1232	1231	8	CCCGGACAAAGCGTCGAATTGGCT	1
1233	1232	9	CCGGACAAAGCGTCGAATTGGCTT	1
1234	1233	9	CGGACAAAGCGTCGAATTGGCTTG	1
1235	1234	9	GGACAAAGCGTCGAATTGGCTTGG	1
1236	1235	10	GACAAAGCGTCGAATTGGCTTGGG	1
1237	1236	9	ACAAAGCGTCGAATTGGCTTGGGA	1
1238	1237	9	CAAAGCGTCGAATTGGCTTGGGAT	1
1239	1238	9	AAAGCGTCGAATTGGCTTGGGATG	1
1240	1239	9	AAGCGTCGAATTGGCTTGGGATGC	1
1241	1240	10	AGCGTCGAATTGGCTTGGGATGCT	1
1242	1241	10	GCGTCGAATTGGCTTGGGATGCTC	1
1243	1242	10	CGTCGAATTGGCTTGGGATGCTCC	1
1244	1243	10	GTCGAATTGGCTTGGGATGCTCCC	1
1245	1244	11	TCGAATTGGCTTGGGATGCTCCCG	1
1246	1245	12	CGAATTGGCTTGGGATGCTCCCGG	1
1247	1246	12	GAATTGGCTTGGGATGCTCCCGGT	1
1248	1247	12	AATTGGCTTGGGATGCTCCCGGTA	1
1249	1248	12	ATTGGCTTGGGATGCTCCCGGTAT	1
1250	1249	11	TTGGCTTGGGATGCTCCCGGTATG	1
1251	1250	11	TGGCTTGGGATGCTCCCGGTATGG	1
1252	1251	11	GGCTTGGGATGCTCCCGGTATGGC	1
1253	1252	11	GCTTGGGATGCTCCCGGTATGGCT	1
1254	1253	10	CTTGGGATGCTCCCGGTATGGCTG	1
1255	1254	10	TTGGGATGCTCCCGGTATGGCTGT	1
1256	1255	10	TGGGATGCTCCCGGTATGGCTGTC	1
1257	1256	10	GGGATGCTCCCGGTATGGCTGTCG	1
1258	1257	10	GGATGCTCCCGGTATGGCTGTCGG	1
1259	1258	6	GATGCTCCCGGTATGGCTGTCGGT	1
1260	1259	6	ATGCTCCCGGTATGGCTGTCGGTC	1
1261	1260	6	TGCTCCCGGTATGGCTGTCGGTCC	1
1262	1261	6	GCTCCCGGTATGGCTGTCGGTCCT	1
1263	1262	6	CTCCCGGTATGGCTGTCGGTCCTA	1
1264	1263	6	TCCCGGTATGGCTGTCGGTCCTAA	1
1265	1264	6	CCCGGTATGGCTGTCGGTCCTAAC	1
1266	1265	5	CCGGTATGGCTGTCGGTCCTAACA	1
1267	1266	5	CGGTATGGCTGTCGGTCCTAACAG	1
1268	1267	5	GGTATGGCTGTCGGTCCTAACAGC	1
1269	1268	5	GTATGGCTGTCGGTCCTAACAGCT	1
1270	1269	5	TATGGCTGTCGGTCCTAACAGCTC	1
1271	1270	5	ATGGCTGTCGGTCCTAACAGCTCC	1
1272	1271	4	TGGCTGTCGGTCCTAACAGCTCCT	1
1273	1272	4	GGCTGTCGGTCCTAACAGCTCCTA	1
1274	1273	4	GCTGTCGGTCCTAACAGCTCCTAC	1
1275	1274	5	CTGTCGGTCCTAACAGCTCCTACA	1
1276	1275	5	TGTCGGTCCTAACAGCTCCTACAT	1
1277	1276	5	GTCGGTCCTAACAGCTCCTACATC	1
1278	1277	5	TCGGTCCTAACAGCTCCTACATCA	1
1279	1278	5	CGGTCCTAACAGCTCCTACATCAC	1
1280	1279	4	GGTCCTAACAGCTCCTACATCACT	1
1281	1280	4	GTCCTAACAGCTCCTACATCACTT	1
1282	1281	4	TCCTAACAGCTCCTACATCACTTC	1
1283	1282	4	CCTAACAGCTCCTACATCACTTCC	1
1284	1283	5	CTAACAGCTCCTACATCACTTCCA	1
1285	1284	3	TAACAGCTCCTACATCACTTCCAC	1
1286	1285	3	AACAGCTCCTACATCACTTCCACC	1
1287	1286	2	ACAGCTCCTACATCACTTCCACCT	1
1288	1287	2	CAGCTCCTACATCACTTCCACCTC	1
1289	1288	1	AGCTCCTACATCACTTCCACCTCT	1
1290	1289	1	GCTCCTACATCACTTCCACCTCTG	1
1291	1290	1	CTCCTACATCACTTCCACCTCTGC	1
1292	1291	1	TCCTACATCACTTCCACCTCTGCC	1
1293	1292	1	CCTACATCACTTCCACCTCTGCCG	1
1294	1293	1	CTACATCACTTCCACCTCTGCCGG	1
1295	1294	1	TACATCACTTCCACCTCTGCCGGA	1
1296	1295	1	ACATCACTTCCACCTCTGCCGGAA	1
1297	1296	1	CATCACTTCCACCTCTGCCGGAAC	1
1298	1297	1	ATCACTTCCACCTCTGCCGGAACT	1
1299	1298	1	TCACTTCCACCTCTGCCGGAACTC	1
1300	1299	1	CACTTCCACCTCTGCCGGAACTCC	1
1301	1300	1	ACTTCCACCTCTGCCGGAACTCCT	1
1302	1301	1	CTTCCACCTCTGCCGGAACTCCTC	1
1303	1302	3	TTCCACCTCTGCCGGAACTCCTCG	1
1304	1303	3	TCCACCTCTGCCGGAACTCCTCGT	1
1305	1304	3	CCACCTCTGCCGGAACTCCTCGTT	1
1306	1305	3	CACCTCTGCCGGAACTCCTCGTTA	1
1307	1306	3	ACCTCTGCCGGAACTCCTCGTTAT	1
1308	1307	3	CCTCTGCCGGAACTCCTCGTTATG	1
1309	1308	4	CTCTGCCGGAACTCCTCGTTATGC	1
1310	1309	5	TCTGCCGGAACTCCTCGTTATGCT	1
1311	1310	5	CTGCCGGAACTCCTCGTTATGCTG	1
1312	1311	5	TGCCGGAACTCCTCGTTATGCTGC	1
1313	1312	5	GCCGGAACTCCTCGTTATGCTGCT	1
1314	1313	6	CCGGAACTCCTCGTTATGCTGCTT	1
1315	1314	6	CGGAACTCCTCGTTATGCTGCTTG	1
1316	1315	6	GGAACTCCTCGTTATGCTGCTTGG	1
1317	1316	6	GAACTCCTCGTTATGCTGCTTGGA	1
1318	1317	6	AACTCCTCGTTATGCTGCTTGGAT	1
1319	1318	5	ACTCCTCGTTATGCTGCTTGGATT	1
1320	1319	5	CTCCTCGTTATGCTGCTTGGATTT	1
1321	1320	5	TCCTCGTTATGCTGCTTGGATTTC	1
1322	1321	5	CCTCGTTATGCTGCTTGGATTTCC	1
1323	1322	5	CTCGTTATGCTGCTTGGATTTCCC	1
1324	1323	6	TCGTTATGCTGCTTGGATTTCCCA	1
1325	1324	6	CGTTATGCTGCTTGGATTTCCCAA	1
1326	1325	7	GTTATGCTGCTTGGATTTCCCAAT	1
1327	1326	7	TTATGCTGCTTGGATTTCCCAATT	1
1328	1327	8	TATGCTGCTTGGATTTCCCAATTG	1
1329	1328	8	ATGCTGCTTGGATTTCCCAATTGA	1
1330	1329	8	TGCTGCTTGGATTTCCCAATTGAA	1
1331	1330	8	GCTGCTTGGATTTCCCAATTGAAC	1
1332	1331	8	CTGCTTGGATTTCCCAATTGAACG	1
1333	1332	8	TGCTTGGATTTCCCAATTGAACGT	1
1334	1333	8	GCTTGGATTTCCCAATTGAACGTT	1
1335	1334	8	CTTGGATTTCCCAATTGAACGTTA	1
1336	1335	9	TTGGATTTCCCAATTGAACGTTAC	1
1337	1336	10	TGGATTTCCCAATTGAACGTTACT	1
1338	1337	10	GGATTTCCCAATTGAACGTTACTT	1
1339	1338	11	GATTTCCCAATTGAACGTTACTTA	1
1340	1339	11	ATTTCCCAATTGAACGTTACTTAC	1
1341	1340	11	TTTCCCAATTGAACGTTACTTACG	1
1342	1341	11	TTCCCAATTGAACGTTACTTACGC	1
1343	1342	12	TCCCAATTGAACGTTACTTACGCT	1
1344	1343	11	CCCAATTGAACGTTACTTACGCTC	1
1345	1344	11	CCAATTGAACGTTACTTACGCTCC	1
1346	1345	11	CAATTGAACGTTACTTACGCTCCC	1
1347	1346	10	AATTGAACGTTACTTACGCTCCCT	1
1348	1347	10	ATTGAACGTTACTTACGCTCCCTT	1
1349	1348	10	TTGAACGTTACTTACGCTCCCTTA	1
1350	1349	10	TGAACGTTACTTACGCTCCCTTAA	1
1351	1350	10	GAACGTTACTTACGCTCCCTTAAA	1
1352	1351	11	AACGTTACTTACGCTCCCTTAAAC	1
1353	1352	10	ACGTTACTTACGCTCCCTTAAACA	1
1354	1353	9	CGTTACTTACGCTCCCTTAAACAT	1
1355	1354	9	GTTACTTACGCTCCCTTAAACATC	1
1356	1355	9	TTACTTACGCTCCCTTAAACATCA	1
1357	1356	9	TACTTACGCTCCCTTAAACATCAC	1
1358	1357	8	ACTTACGCTCCCTTAAACATCACC	1
1359	1358	8	CTTACGCTCCCTTAAACATCACCG	1
1360	1359	9	TTACGCTCCCTTAAACATCACCGG	1
1361	1360	9	TACGCTCCCTTAAACATCACCGGC	1
1362	1361	9	ACGCTCCCTTAAACATCACCGGCA	1
1363	1362	9	CGCTCCCTTAAACATCACCGGCAA	1
1364	1363	9	GCTCCCTTAAACATCACCGGCAAC	1
1365	1364	9	CTCCCTTAAACATCACCGGCAACA	1
1366	1365	10	TCCCTTAAACATCACCGGCAACAA	1
1367	1366	10	CCCTTAAACATCACCGGCAACAAC	1
1368	1367	9	CCTTAAACATCACCGGCAACAACA	1
1369	1368	10	CTTAAACATCACCGGCAACAACAG	1
1370	1369	10	TTAAACATCACCGGCAACAACAGC	1
1371	1370	10	TAAACATCACCGGCAACAACAGCG	1
1372	1371	9	AAACATCACCGGCAACAACAGCGG	1
1373	1372	11	AACATCACCGGCAACAACAGCGGT	1
1374	1373	11	ACATCACCGGCAACAACAGCGGTG	1
1375	1374	11	CATCACCGGCAACAACAGCGGTGT	1
1376	1375	11	ATCACCGGCAACAACAGCGGTGTT	1
1377	1376	11	TCACCGGCAACAACAGCGGTGTTA	1
1378	1377	11	CACCGGCAACAACAGCGGTGTTAC	1
1379	1378	12	ACCGGCAACAACAGCGGTGTTACC	1
1380	1379	11	CCGGCAACAACAGCGGTGTTACCT	1
1381	1380	10	CGGCAACAACAGCGGTGTTACCTA	1
1382	1381	10	GGCAACAACAGCGGTGTTACCTAC	1
1383	1382	9	GCAACAACAGCGGTGTTACCTACC	1
1384	1383	9	CAACAACAGCGGTGTTACCTACCA	1
1385	1384	9	AACAACAGCGGTGTTACCTACCAA	1
1386	1385	9	ACAACAGCGGTGTTACCTACCAAC	1
1387	1386	8	CAACAGCGGTGTTACCTACCAACC	1
1388	1387	8	AACAGCGGTGTTACCTACCAACCC	1
1389	1388	8	ACAGCGGTGTTACCTACCAACCCA	1
1390	1389	8	CAGCGGTGTTACCTACCAACCCAG	1
1391	1390	7	AGCGGTGTTACCTACCAACCCAGC	1
1392	1391	8	GCGGTGTTACCTACCAACCCAGCT	1
1393	1392	8	CGGTGTTACCTACCAACCCAGCTC	1
1394	1393	8	GGTGTTACCTACCAACCCAGCTCT	1
1395	1394	8	GTGTTACCTACCAACCCAGCTCTC	1
1396	1395	7	TGTTACCTACCAACCCAGCTCTCA	1
1397	1396	7	GTTACCTACCAACCCAGCTCTCAC	1
1398	1397	7	TTACCTACCAACCCAGCTCTCACC	1
1399	1398	7	TACCTACCAACCCAGCTCTCACCT	1
1400	1399	7	ACCTACCAACCCAGCTCTCACCTT	1
1401	1400	7	CCTACCAACCCAGCTCTCACCTTT	1
1402	1401	7	CTACCAACCCAGCTCTCACCTTTA	1
1403	1402	7	TACCAACCCAGCTCTCACCTTTAC	1
1404	1403	5	ACCAACCCAGCTCTCACCTTTACA	1
1405	1404	5	CCAACCCAGCTCTCACCTTTACAA	1
1406	1405	5	CAACCCAGCTCTCACCTTTACAAC	1
1407	1406	5	AACCCAGCTCTCACCTTTACAACG	1
1408	1407	5	ACCCAGCTCTCACCTTTACAACGA	1
1409	1408	5	CCCAGCTCTCACCTTTACAACGAC	1
1410	1409	4	CCAGCTCTCACCTTTACAACGACT	1
1411	1410	4	CAGCTCTCACCTTTACAACGACTC	1
1412	1411	6	AGCTCTCACCTTTACAACGACTCT	1
1413	1412	7	GCTCTCACCTTTACAACGACTCTA	1
1414	1413	6	CTCTCACCTTTACAACGACTCTAC	1
1415	1414	6	TCTCACCTTTACAACGACTCTACC	1
1416	1415	6	CTCACCTTTACAACGACTCTACCC	1
1417	1416	5	TCACCTTTACAACGACTCTACCCA	1
1418	1417	5	CACCTTTACAACGACTCTACCCAG	1
1419	1418	6	ACCTTTACAACGACTCTACCCAGC	1
1420	1419	6	CCTTTACAACGACTCTACCCAGCA	1
1421	1420	6	CTTTACAACGACTCTACCCAGCAA	1
1422	1421	6	TTTACAACGACTCTACCCAGCAAG	1
1423	1422	6	TTACAACGACTCTACCCAGCAAGT	1
1424	1423	7	TACAACGACTCTACCCAGCAAGTC	1
1425	1424	7	ACAACGACTCTACCCAGCAAGTCA	1
1426	1425	8	CAACGACTCTACCCAGCAAGTCAT	1
1427	1426	8	AACGACTCTACCCAGCAAGTCATT	1
1428	1427	8	ACGACTCTACCCAGCAAGTCATTA	1
1429	1428	9	CGACTCTACCCAGCAAGTCATTAA	1
1430	1429	9	GACTCTACCCAGCAAGTCATTAAC	1
1431	1430	11	ACTCTACCCAGCAAGTCATTAACG	1
1432	1431	11	CTCTACCCAGCAAGTCATTAACGG	1
1433	1432	11	TCTACCCAGCAAGTCATTAACGGT	1
1434	1433	11	CTACCCAGCAAGTCATTAACGGTA	1
1435	1434	12	TACCCAGCAAGTCATTAACGGTAC	1
1436	1435	11	ACCCAGCAAGTCATTAACGGTACC	1
1437	1436	11	CCCAGCAAGTCATTAACGGTACCA	1
1438	1437	12	CCAGCAAGTCATTAACGGTACCAA	1
1439	1438	12	CAGCAAGTCATTAACGGTACCAAC	1
1440	1439	12	AGCAAGTCATTAACGGTACCAACT	1
1441	1440	13	GCAAGTCATTAACGGTACCAACTT	1
1442	1441	13	CAAGTCATTAACGGTACCAACTTC	1
1443	1442	13	AAGTCATTAACGGTACCAACTTCT	1
1444	1443	13	AGTCATTAACGGTACCAACTTCTT	1
1445	1444	13	GTCATTAACGGTACCAACTTCTTG	1
1446	1445	14	TCATTAACGGTACCAACTTCTTGG	1
1447	1446	14	CATTAACGGTACCAACTTCTTGGT	1
1448	1447	15	ATTAACGGTACCAACTTCTTGGTT	1
1449	1448	15	TTAACGGTACCAACTTCTTGGTTC	1
1450	1449	15	TAACGGTACCAACTTCTTGGTTCT	1
1451	1450	15	AACGGTACCAACTTCTTGGTTCTC	1
1452	1451	15	ACGGTACCAACTTCTTGGTTCTCG	1
1453	1452	17	CGGTACCAACTTCTTGGTTCTCGT	1
1454	1453	17	GGTACCAACTTCTTGGTTCTCGTT	1
1455	1454	17	GTACCAACTTCTTGGTTCTCGTTG	1
1456	1455	15	TACCAACTTCTTGGTTCTCGTTGA	1
1457	1456	14	ACCAACTTCTTGGTTCTCGTTGAC	1
1458	1457	14	CCAACTTCTTGGTTCTCGTTGACG	1
1459	1458	14	CAACTTCTTGGTTCTCGTTGACGA	1
1460	1459	14	AACTTCTTGGTTCTCGTTGACGAA	1
1461	1460	13	ACTTCTTGGTTCTCGTTGACGAAG	1
1462	1461	13	CTTCTTGGTTCTCGTTGACGAAGC	1
1463	1462	12	TTCTTGGTTCTCGTTGACGAAGCT	1
1464	1463	12	TCTTGGTTCTCGTTGACGAAGCTA	1
1465	1464	11	CTTGGTTCTCGTTGACGAAGCTAT	1
1466	1465	12	TTGGTTCTCGTTGACGAAGCTATC	1
1467	1466	12	TGGTTCTCGTTGACGAAGCTATCC	1
1468	1467	12	GGTTCTCGTTGACGAAGCTATCCC	1
1469	1468	12	GTTCTCGTTGACGAAGCTATCCCC	1
1470	1469	11	TTCTCGTTGACGAAGCTATCCCCG	1
1471	1470	11	TCTCGTTGACGAAGCTATCCCCGT	1
1472	1471	10	CTCGTTGACGAAGCTATCCCCGTC	1
1473	1472	9	TCGTTGACGAAGCTATCCCCGTCA	1
1474	1473	9	CGTTGACGAAGCTATCCCCGTCAC	1
1475	1474	8	GTTGACGAAGCTATCCCCGTCACT	1
1476	1475	8	TTGACGAAGCTATCCCCGTCACTC	1
1477	1476	8	TGACGAAGCTATCCCCGTCACTCC	1
1478	1477	6	GACGAAGCTATCCCCGTCACTCCC	1
1479	1478	6	ACGAAGCTATCCCCGTCACTCCCT	1
1480	1479	6	CGAAGCTATCCCCGTCACTCCCTT	1
1481	1480	7	GAAGCTATCCCCGTCACTCCCTTC	1
1482	1481	7	AAGCTATCCCCGTCACTCCCTTCA	1
1483	1482	7	AGCTATCCCCGTCACTCCCTTCAA	1
1484	1483	7	GCTATCCCCGTCACTCCCTTCAAC	1
1485	1484	6	CTATCCCCGTCACTCCCTTCAACA	1
1486	1485	6	TATCCCCGTCACTCCCTTCAACAT	1
1487	1486	6	ATCCCCGTCACTCCCTTCAACATC	1
1488	1487	6	TCCCCGTCACTCCCTTCAACATCA	1
1489	1488	7	CCCCGTCACTCCCTTCAACATCAC	1
1490	1489	6	CCCGTCACTCCCTTCAACATCACT	1
1491	1490	6	CCGTCACTCCCTTCAACATCACTG	1
1492	1491	5	CGTCACTCCCTTCAACATCACTGC	1
1493	1492	6	GTCACTCCCTTCAACATCACTGCC	1
1494	1493	6	TCACTCCCTTCAACATCACTGCCA	1
1495	1494	7	CACTCCCTTCAACATCACTGCCAT	1
1496	1495	7	ACTCCCTTCAACATCACTGCCATC	1
1497	1496	7	CTCCCTTCAACATCACTGCCATCA	1
1498	1497	7	TCCCTTCAACATCACTGCCATCAA	1
1499	1498	7	CCCTTCAACATCACTGCCATCAAC	1
1500	1499	7	CCTTCAACATCACTGCCATCAACG	1
1501	1500	8	CTTCAACATCACTGCCATCAACGA	1
1502	1501	8	TTCAACATCACTGCCATCAACGAG	1
1503	1502	8	TCAACATCACTGCCATCAACGAGC	1
1504	1503	8	CAACATCACTGCCATCAACGAGCA	1
1505	1504	8	AACATCACTGCCATCAACGAGCAC	1
1506	1505	8	ACATCACTGCCATCAACGAGCACG	1
1507	1506	8	CATCACTGCCATCAACGAGCACGT	1
1508	1507	8	ATCACTGCCATCAACGAGCACGTT	1
1509	1508	8	TCACTGCCATCAACGAGCACGTTG	1
1510	1509	7	CACTGCCATCAACGAGCACGTTGT	1
1511	1510	8	ACTGCCATCAACGAGCACGTTGTT	1
1512	1511	8	CTGCCATCAACGAGCACGTTGTTG	1
1513	1512	8	TGCCATCAACGAGCACGTTGTTGC	1
1514	1513	8	GCCATCAACGAGCACGTTGTTGCT	1
1515	1514	8	CCATCAACGAGCACGTTGTTGCTG	1
1516	1515	8	CATCAACGAGCACGTTGTTGCTGG	1
1517	1516	8	ATCAACGAGCACGTTGTTGCTGGT	1
1518	1517	8	TCAACGAGCACGTTGTTGCTGGTC	1
1519	1518	7	CAACGAGCACGTTGTTGCTGGTCC	1
1520	1519	7	AACGAGCACGTTGTTGCTGGTCCT	1
1521	1520	7	ACGAGCACGTTGTTGCTGGTCCTC	1
1522	1521	7	CGAGCACGTTGTTGCTGGTCCTCT	1
1523	1522	7	GAGCACGTTGTTGCTGGTCCTCTT	1
1524	1523	7	AGCACGTTGTTGCTGGTCCTCTTG	1
1525	1524	6	GCACGTTGTTGCTGGTCCTCTTGT	1
1526	1525	7	CACGTTGTTGCTGGTCCTCTTGTT	1
1527	1526	7	ACGTTGTTGCTGGTCCTCTTGTTT	1
1528	1527	7	CGTTGTTGCTGGTCCTCTTGTTTA	1
1529	1528	7	GTTGTTGCTGGTCCTCTTGTTTAC	1
1530	1529	7	TTGTTGCTGGTCCTCTTGTTTACG	1
1531	1530	7	TGTTGCTGGTCCTCTTGTTTACGA	1
1532	1531	9	GTTGCTGGTCCTCTTGTTTACGAG	1
1533	1532	8	TTGCTGGTCCTCTTGTTTACGAGT	1
1534	1533	8	TGCTGGTCCTCTTGTTTACGAGTC	1
1535	1534	8	GCTGGTCCTCTTGTTTACGAGTCC	1
1536	1535	9	CTGGTCCTCTTGTTTACGAGTCCG	1
1537	1536	8	TGGTCCTCTTGTTTACGAGTCCGG	1
1538	1537	7	GGTCCTCTTGTTTACGAGTCCGGA	1
1539	1538	7	GTCCTCTTGTTTACGAGTCCGGAT	1
1540	1539	7	TCCTCTTGTTTACGAGTCCGGATA	1
1541	1540	7	CCTCTTGTTTACGAGTCCGGATAA	1
1542	1541	7	CTCTTGTTTACGAGTCCGGATAAG	1
1543	1542	7	TCTTGTTTACGAGTCCGGATAAGC	1
1544	1543	7	CTTGTTTACGAGTCCGGATAAGCG	1
1545	1544	6	TTGTTTACGAGTCCGGATAAGCGT	1
1546	1545	6	TGTTTACGAGTCCGGATAAGCGTC	1
1547	1546	6	GTTTACGAGTCCGGATAAGCGTCT	1
1548	1547	6	TTTACGAGTCCGGATAAGCGTCTC	1
1549	1548	6	TTACGAGTCCGGATAAGCGTCTCT	1
1550	1549	6	TACGAGTCCGGATAAGCGTCTCTA	1
1551	1550	7	ACGAGTCCGGATAAGCGTCTCTAT	1
1552	1551	7	CGAGTCCGGATAAGCGTCTCTATC	1
1553	1552	7	GAGTCCGGATAAGCGTCTCTATCA	1
1554	1553	7	AGTCCGGATAAGCGTCTCTATCAA	1
1555	1554	6	GTCCGGATAAGCGTCTCTATCAAG	1
1556	1555	6	TCCGGATAAGCGTCTCTATCAAGG	1
1557	1556	6	CCGGATAAGCGTCTCTATCAAGGC	1
1558	1557	6	CGGATAAGCGTCTCTATCAAGGCA	1
1559	1558	6	GGATAAGCGTCTCTATCAAGGCAA	1
1560	1559	6	GATAAGCGTCTCTATCAAGGCAAA	1
1561	1560	6	ATAAGCGTCTCTATCAAGGCAAAC	1
1562	1561	5	TAAGCGTCTCTATCAAGGCAAACT	1
1563	1562	5	AAGCGTCTCTATCAAGGCAAACTC	1
1564	1563	5	AGCGTCTCTATCAAGGCAAACTCC	1
1565	1564	5	GCGTCTCTATCAAGGCAAACTCCC	1
1566	1565	5	CGTCTCTATCAAGGCAAACTCCCT	1
1567	1566	6	GTCTCTATCAAGGCAAACTCCCTT	1
1568	1567	6	TCTCTATCAAGGCAAACTCCCTTA	1
1569	1568	6	CTCTATCAAGGCAAACTCCCTTAG	1
1570	1569	5	TCTATCAAGGCAAACTCCCTTAGT	1
1571	1570	5	CTATCAAGGCAAACTCCCTTAGTT	1
1572	1571	5	TATCAAGGCAAACTCCCTTAGTTG	1
1573	1572	5	ATCAAGGCAAACTCCCTTAGTTGC	1
1574	1573	5	TCAAGGCAAACTCCCTTAGTTGCA	1
1575	1574	4	CAAGGCAAACTCCCTTAGTTGCAC	1
1576	1575	3	AAGGCAAACTCCCTTAGTTGCACA	1
1577	1576	3	AGGCAAACTCCCTTAGTTGCACAT	1
1578	1577	3	GGCAAACTCCCTTAGTTGCACATG	1
1579	1578	4	GCAAACTCCCTTAGTTGCACATGT	1
1580	1579	3	CAAACTCCCTTAGTTGCACATGTA	1
1581	1580	3	AAACTCCCTTAGTTGCACATGTAC	1
1582	1581	3	AACTCCCTTAGTTGCACATGTACA	1
1583	1582	3	ACTCCCTTAGTTGCACATGTACAC	1
1584	1583	3	CTCCCTTAGTTGCACATGTACACA	1
1585	1584	3	TCCCTTAGTTGCACATGTACACAT	1
1586	1585	3	CCCTTAGTTGCACATGTACACATC	1
1587	1586	3	CCTTAGTTGCACATGTACACATCA	1
1588	1587	3	CTTAGTTGCACATGTACACATCAT	1
1589	1588	3	TTAGTTGCACATGTACACATCATG	1
1590	1589	3	TAGTTGCACATGTACACATCATGT	1
1591	1590	3	AGTTGCACATGTACACATCATGTA	1
1592	1591	3	GTTGCACATGTACACATCATGTAG	1
1593	1592	4	TTGCACATGTACACATCATGTAGA	1
1594	1593	4	TGCACATGTACACATCATGTAGAT	1
1595	1594	3	GCACATGTACACATCATGTAGATG	1
1596	1595	3	CACATGTACACATCATGTAGATGA	1
1597	1596	3	ACATGTACACATCATGTAGATGAT	1
1598	1597	3	CATGTACACATCATGTAGATGATT	1
1599	1598	3	ATGTACACATCATGTAGATGATTG	1
1600	1599	3	TGTACACATCATGTAGATGATTGA	1
1601	1600	3	GTACACATCATGTAGATGATTGAC	1
1602	1601	3	TACACATCATGTAGATGATTGACT	1
1603	1602	3	ACACATCATGTAGATGATTGACTC	1
1604	1603	3	CACATCATGTAGATGATTGACTCA	1
1605	1604	4	ACATCATGTAGATGATTGACTCAG	1
1606	1605	4	CATCATGTAGATGATTGACTCAGT	1
1607	1606	4	ATCATGTAGATGATTGACTCAGTT	1
1608	1607	4	TCATGTAGATGATTGACTCAGTTG	1
1609	1608	4	CATGTAGATGATTGACTCAGTTGA	1
1610	1609	4	ATGTAGATGATTGACTCAGTTGAT	1
1611	1610	3	TGTAGATGATTGACTCAGTTGATT	1
1612	1611	3	GTAGATGATTGACTCAGTTGATTG	1
1613	1612	3	TAGATGATTGACTCAGTTGATTGA	1
1614	1613	3	AGATGATTGACTCAGTTGATTGAG	1
1615	1614	4	GATGATTGACTCAGTTGATTGAGC	1
1616	1615	4	ATGATTGACTCAGTTGATTGAGCT	1
1617	1616	4	TGATTGACTCAGTTGATTGAGCTC	1
1618	1617	4	GATTGACTCAGTTGATTGAGCTCG	1
1619	1618	5	ATTGACTCAGTTGATTGAGCTCGT	1
1620	1619	5	TTGACTCAGTTGATTGAGCTCGTT	1
1621	1620	5	TGACTCAGTTGATTGAGCTCGTTT	1
1622	1621	5	GACTCAGTTGATTGAGCTCGTTTG	1
1623	1622	4	ACTCAGTTGATTGAGCTCGTTTGT	1
1624	1623	5	CTCAGTTGATTGAGCTCGTTTGTA	1
1625	1624	5	TCAGTTGATTGAGCTCGTTTGTAT	1
1626	1625	5	CAGTTGATTGAGCTCGTTTGTATA	1
1627	1626	5	AGTTGATTGAGCTCGTTTGTATAT	1
1628	1627	5	GTTGATTGAGCTCGTTTGTATATG	1
1629	1628	6	TTGATTGAGCTCGTTTGTATATGT	1
1630	1629	6	TGATTGAGCTCGTTTGTATATGTG	1
1631	1630	6	GATTGAGCTCGTTTGTATATGTGG	1
1632	1631	6	ATTGAGCTCGTTTGTATATGTGGC	1
1633	1632	6	TTGAGCTCGTTTGTATATGTGGCT	1
1634	1633	6	TGAGCTCGTTTGTATATGTGGCTA	1
1635	1634	6	GAGCTCGTTTGTATATGTGGCTAG	1
1636	1635	6	AGCTCGTTTGTATATGTGGCTAGG	1
1637	1636	5	GCTCGTTTGTATATGTGGCTAGGT	1
1638	1637	5	CTCGTTTGTATATGTGGCTAGGTT	1
1639	1638	6	TCGTTTGTATATGTGGCTAGGTTG	1
1640	1639	6	CGTTTGTATATGTGGCTAGGTTGG	1
1641	1640	6	GTTTGTATATGTGGCTAGGTTGGA	1
1642	1641	6	TTTGTATATGTGGCTAGGTTGGAG	1
1643	1642	6	TTGTATATGTGGCTAGGTTGGAGC	1
1644	1643	6	TGTATATGTGGCTAGGTTGGAGCC	1
1645	1644	6	GTATATGTGGCTAGGTTGGAGCCT	1
1646	1645	6	TATATGTGGCTAGGTTGGAGCCTT	1
1647	1646	6	ATATGTGGCTAGGTTGGAGCCTTA	1
1648	1647	6	TATGTGGCTAGGTTGGAGCCTTAA	1
1649	1648	5	ATGTGGCTAGGTTGGAGCCTTAAT	1
1650	1649	5	TGTGGCTAGGTTGGAGCCTTAATA	1
1651	1650	5	GTGGCTAGGTTGGAGCCTTAATAA	1
1652	1651	5	TGGCTAGGTTGGAGCCTTAATAAT	1
1653	1652	6	GGCTAGGTTGGAGCCTTAATAATT	1
1654	1653	6	GCTAGGTTGGAGCCTTAATAATTA	1
1655	1654	8	CTAGGTTGGAGCCTTAATAATTAG	1
1656	1655	9	TAGGTTGGAGCCTTAATAATTAGA	1
1657	1656	9	AGGTTGGAGCCTTAATAATTAGAC	1
1658	1657	9	GGTTGGAGCCTTAATAATTAGACT	1
1659	1658	8	GTTGGAGCCTTAATAATTAGACTC	1
1660	1659	8	TTGGAGCCTTAATAATTAGACTCG	1
1661	1660	8	TGGAGCCTTAATAATTAGACTCGC	1
1662	1661	8	GGAGCCTTAATAATTAGACTCGCC	1
1663	1662	8	GAGCCTTAATAATTAGACTCGCCT	1
1664	1663	8	AGCCTTAATAATTAGACTCGCCTT	1
1665	1664	8	GCCTTAATAATTAGACTCGCCTTA	1
1666	1665	8	CCTTAATAATTAGACTCGCCTTAC	1
1667	1666	8	CTTAATAATTAGACTCGCCTTACC	1
1668	1667	7	TTAATAATTAGACTCGCCTTACCA	1
1669	1668	9	TAATAATTAGACTCGCCTTACCAT	1
1670	1669	8	AATAATTAGACTCGCCTTACCATG	1
1671	1670	8	ATAATTAGACTCGCCTTACCATGG	1
1672	1671	8	TAATTAGACTCGCCTTACCATGGA	1
1673	1672	10	AATTAGACTCGCCTTACCATGGAT	1
1674	1673	10	ATTAGACTCGCCTTACCATGGATT	1
1675	1674	12	TTAGACTCGCCTTACCATGGATTT	1
1676	1675	13	TAGACTCGCCTTACCATGGATTTA	1
1677	1676	14	AGACTCGCCTTACCATGGATTTAT	1
1678	1677	14	GACTCGCCTTACCATGGATTTATT	1
1679	1678	14	ACTCGCCTTACCATGGATTTATTT	1
1680	1679	14	CTCGCCTTACCATGGATTTATTTC	1
1681	1680	14	TCGCCTTACCATGGATTTATTTCA	1
1682	1681	14	CGCCTTACCATGGATTTATTTCAT	1
1683	1682	12	GCCTTACCATGGATTTATTTCATC	1
1684	1683	12	CCTTACCATGGATTTATTTCATCA	1
1685	1684	12	CTTACCATGGATTTATTTCATCAA	1
1686	1685	12	TTACCATGGATTTATTTCATCAAA	1
1687	1686	11	TACCATGGATTTATTTCATCAAAA	1
1688	1687	11	ACCATGGATTTATTTCATCAAAAA	1
1689	1688	11	CCATGGATTTATTTCATCAAAAAT	1
1690	1689	12	CATGGATTTATTTCATCAAAAATC	1
1691	1690	12	ATGGATTTATTTCATCAAAAATCA	1
1692	1691	12	TGGATTTATTTCATCAAAAATCAT	1
1693	1692	12	GGATTTATTTCATCAAAAATCATA	1
1694	1693	12	GATTTATTTCATCAAAAATCATAC	1
1695	1694	12	ATTTATTTCATCAAAAATCATACT	1
1696	1695	12	TTTATTTCATCAAAAATCATACTC	1
1697	1696	12	TTATTTCATCAAAAATCATACTCG	1
1698	1697	12	TATTTCATCAAAAATCATACTCGT	1
1699	1698	9	ATTTCATCAAAAATCATACTCGTT	1
1700	1699	9	TTTCATCAAAAATCATACTCGTTC	1
1701	1700	9	TTCATCAAAAATCATACTCGTTCA	1
1702	1701	9	TCATCAAAAATCATACTCGTTCAC	1
1703	1702	9	CATCAAAAATCATACTCGTTCACG	1
1704	1703	9	ATCAAAAATCATACTCGTTCACGA	1
1705	1704	9	TCAAAAATCATACTCGTTCACGAT	1
1706	1705	9	CAAAAATCATACTCGTTCACGATT	1
1707	1706	8	AAAAATCATACTCGTTCACGATTC	1
1708	1707	9	AAAATCATACTCGTTCACGATTCT	1
1709	1708	9	AAATCATACTCGTTCACGATTCTA	1
1710	1709	10	AATCATACTCGTTCACGATTCTAT	1
1711	1710	10	ATCATACTCGTTCACGATTCTATC	1
1712	1711	10	TCATACTCGTTCACGATTCTATCT	1
1713	1712	8	CATACTCGTTCACGATTCTATCTA	1
1714	1713	8	ATACTCGTTCACGATTCTATCTAT	1
1715	1714	8	TACTCGTTCACGATTCTATCTATT	1
1716	1715	8	ACTCGTTCACGATTCTATCTATTG	1
1717	1716	6	CTCGTTCACGATTCTATCTATTGG	1
1718	1717	6	TCGTTCACGATTCTATCTATTGGC	1
1719	1718	3	CGTTCACGATTCTATCTATTGGCC	1
1720	1719	1	GTTCACGATTCTATCTATTGGCCT	1
1721	1720	1	TTCACGATTCTATCTATTGGCCTG	1
1722	1721	1	TCACGATTCTATCTATTGGCCTGT	1
1723	1722	1	CACGATTCTATCTATTGGCCTGTC	1
1724	1723	1	ACGATTCTATCTATTGGCCTGTCT	1
1725	1724	1	CGATTCTATCTATTGGCCTGTCTT	1
1726	1725	1	GATTCTATCTATTGGCCTGTCTTC	1
1727	1726	1	ATTCTATCTATTGGCCTGTCTTCT	1
1728	1727	1	TTCTATCTATTGGCCTGTCTTCTT	1
1729	1728	1	TCTATCTATTGGCCTGTCTTCTTT	1
1730	1729	1	CTATCTATTGGCCTGTCTTCTTTT	1
1731	1730	1	TATCTATTGGCCTGTCTTCTTTTG	1
1732	1731	1	ATCTATTGGCCTGTCTTCTTTTGG	1
1733	1732	1	TCTATTGGCCTGTCTTCTTTTGGT	1
1734	-1	0	CTATTGGCCTGTCTTCTTTTGGTT	1
1735	1734	1	TATTGGCCTGTCTTCTTTTGGTTT	1
1736	1735	2	ATTGGCCTGTCTTCTTTTGGTTTG	1
1737	1736	3	TTGGCCTGTCTTCTTTTGGTTTGG	1
1738	1737	3	TGGCCTGTCTTCTTTTGGTTTGGA	1
1739	1738	3	GGCCTGTCTTCTTTTGGTTTGGAT	1
1740	1739	3	GCCTGTCTTCTTTTGGTTTGGATA	1
1741	1740	4	CCTGTCTTCTTTTGGTTTGGATAT	1
1742	1741	4	CTGTCTTCTTTTGGTTTGGATATG	1
1743	1742	5	TGTCTTCTTTTGGTTTGGATATGT	1
1744	1743	5	GTCTTCTTTTGGTTTGGATATGTG	1
1745	1744	5	TCTTCTTTTGGTTTGGATATGTGA	1
1746	1745	5	CTTCTTTTGGTTTGGATATGTGAC	1
1747	1746	5	TTCTTTTGGTTTGGATATGTGACC	1
1748	1747	5	TCTTTTGGTTTGGATATGTGACCA	1
1749	1748	5	CTTTTGGTTTGGATATGTGACCAA	1
1750	1749	5	TTTTGGTTTGGATATGTGACCAAC	1
1751	1750	5	TTTGGTTTGGATATGTGACCAACA	1
1752	1751	5	TTGGTTTGGATATGTGACCAACAT	1
1753	1752	5	TGGTTTGGATATGTGACCAACATA	1
1754	1753	5	GGTTTGGATATGTGACCAACATAC	1
1755	1754	5	GTTTGGATATGTGACCAACATACA	1
1756	1755	5	TTTGGATATGTGACCAACATACAA	1
1757	1756	5	TTGGATATGTGACCAACATACAAA	1
1758	1757	5	TGGATATGTGACCAACATACAAAA	1
1759	1758	5	GGATATGTGACCAACATACAAAAA	1
1760	1759	5	GATATGTGACCAACATACAAAAAG	1
1761	1760	5	ATATGTGACCAACATACAAAAAGT	1
1762	1761	5	TATGTGACCAACATACAAAAAGTT	1
1763	1762	5	ATGTGACCAACATACAAAAAGTTT	1
1764	1763	5	TGTGACCAACATACAAAAAGTTTG	1
1765	1764	5	GTGACCAACATACAAAAAGTTTGG	1
1766	1765	5	TGACCAACATACAAAAAGTTTGGT	1
1767	1766	5	GACCAACATACAAAAAGTTTGGTA	1
1768	1767	5	ACCAACATACAAAAAGTTTGGTAC	1
1769	1768	5	CCAACATACAAAAAGTTTGGTACG	1
1770	1769	5	CAACATACAAAAAGTTTGGTACGT	1
1771	1770	5	AACATACAAAAAGTTTGGTACGTC	1
1772	1771	5	ACATACAAAAAGTTTGGTACGTCT	1
1773	1772	5	CATACAAAAAGTTTGGTACGTCTA	1
1774	1773	5	ATACAAAAAGTTTGGTACGTCTAA	1
1775	1774	5	TACAAAAAGTTTGGTACGTCTAAT	1
1776	1775	5	ACAAAAAGTTTGGTACGTCTAATC	1
1777	1776	6	CAAAAAGTTTGGTACGTCTAATCC	1
1778	1777	6	AAAAAGTTTGGTACGTCTAATCCA	1
1779	1778	5	AAAAGTTTGGTACGTCTAATCCAG	1
1780	1779	4	AAAGTTTGGTACGTCTAATCCAGC	1
1781	1780	3	AAGTTTGGTACGTCTAATCCAGCT	1
1782	1781	3	AGTTTGGTACGTCTAATCCAGCTT	1
1783	1782	3	GTTTGGTACGTCTAATCCAGCTTT	1
1784	1783	3	TTTGGTACGTCTAATCCAGCTTTG	1
1785	1784	2	TTGGTACGTCTAATCCAGCTTTGA	1
1786	1785	2	TGGTACGTCTAATCCAGCTTTGAC	1
1787	1786	1	GGTACGTCTAATCCAGCTTTGACC	1
1788	1787	1	GTACGTCTAATCCAGCTTTGACCA	1
1789	1788	1	TACGTCTAATCCAGCTTTGACCAA	1
1790	1789	1	ACGTCTAATCCAGCTTTGACCAAC	1
1791	1790	1	CGTCTAATCCAGCTTTGACCAACA	1
1792	1791	1	GTCTAATCCAGCTTTGACCAACAG	1
1793	1792	1	TCTAATCCAGCTTTGACCAACAGT	1
1794	1793	2	CTAATCCAGCTTTGACCAACAGTC	1
1795	1794	2	TAATCCAGCTTTGACCAACAGTCT	1
1796	1795	2	AATCCAGCTTTGACCAACAGTCTT	1
1797	1796	2	ATCCAGCTTTGACCAACAGTCTTA	1
1798	1797	2	TCCAGCTTTGACCAACAGTCTTAT	1
1799	1798	2	CCAGCTTTGACCAACAGTCTTATG	1
1800	1799	2	CAGCTTTGACCAACAGTCTTATGA	1
1801	1800	2	AGCTTTGACCAACAGTCTTATGAT	1
1802	1801	2	GCTTTGACCAACAGTCTTATGATT	1
1803	1802	2	CTTTGACCAACAGTCTTATGATTT	1
1804	1803	2	TTTGACCAACAGTCTTATGATTTT	1
1805	1804	2	TTGACCAACAGTCTTATGATTTTT	1
1806	1805	2	TGACCAACAGTCTTATGATTTTTT	1
1807	1806	2	GACCAACAGTCTTATGATTTTTTT	1
1808	1807	2	ACCAACAGTCTTATGATTTTTTTA	1
1809	1808	2	CCAACAGTCTTATGATTTTTTTAT	1
1810	1809	2	CAACAGTCTTATGATTTTTTTATG	1
1811	1810	2	AACAGTCTTATGATTTTTTTATGA	1
1812	1811	3	ACAGTCTTATGATTTTTTTATGAC	1
1813	1812	3	CAGTCTTATGATTTTTTTATGACT	1
1814	1813	3	AGTCTTATGATTTTTTTATGACTT	1
1815	1814	3	GTCTTATGATTTTTTTATGACTTT	1
1816	1815	3	TCTTATGATTTTTTTATGACTTTT	1
1817	1816	3	CTTATGATTTTTTTATGACTTTTA	1
1818	1817	3	TTATGATTTTTTTATGACTTTTAA	1
1819	1818	3	TATGATTTTTTTATGACTTTTAAA	1
1820	1819	3	ATGATTTTTTTATGACTTTTAAAC	1
1821	1820	2	TGATTTTTTTATGACTTTTAAACC	1
1822	1821	2	GATTTTTTTATGACTTTTAAACCC	1
1823	1822	2	ATTTTTTTATGACTTTTAAACCCC	1
1824	1823	2	TTTTTTTATGACTTTTAAACCCCT	1
1825	1824	2	TTTTTTATGACTTTTAAACCCCTG	1
1826	1825	2	TTTTTATGACTTTTAAACCCCTGG	1
1827	1826	2	TTTTATGACTTTTAAACCCCTGGA	1
1828	1827	2	TTTATGACTTTTAAACCCCTGGAA	1
1829	1828	2	TTATGACTTTTAAACCCCTGGAAG	1
1830	1829	2	TATGACTTTTAAACCCCTGGAAGC	1
1831	1830	2	ATGACTTTTAAACCCCTGGAAGCC	1
1832	1831	2	TGACTTTTAAACCCCTGGAAGCCG	1
1833	1832	2	GACTTTTAAACCCCTGGAAGCCGT	1
1834	1833	2	ACTTTTAAACCCCTGGAAGCCGTC	1
1835	1834	2	CTTTTAAACCCCTGGAAGCCGTCG	1
1836	1835	2	TTTTAAACCCCTGGAAGCCGTCGG	1
1837	1836	2	TTTAAACCCCTGGAAGCCGTCGGC	1
1838	1837	1	TTAAACCCCTGGAAGCCGTCGGCT	1
1839	1838	1	TAAACCCCTGGAAGCCGTCGGCTA	1
1840	1839	1	AAACCCCTGGAAGCCGTCGGCTAC	1
1841	1840	1	AACCCCTGGAAGCCGTCGGCTACT	1
1842	1841	1	ACCCCTGGAAGCCGTCGGCTACTA	1
1843	1842	1	CCCCTGGAAGCCGTCGGCTACTAG	1
1844	1843	1	CCCTGGAAGCCGTCGGCTACTAGG	1
1845	1844	1	CCTGGAAGCCGTCGGCTACTAGGA	1
1846	1845	1	CTGGAAGCCGTCGGCTACTAGGAA	1
1847	1846	1	TGGAAGCCGTCGGCTACTAGGAAA	1
1848	1847	1	GGAAGCCGTCGGCTACTAGGAAAC	1
1849	1848	1	GAAGCCGTCGGCTACTAGGAAACC	1
1850	1849	1	AAGCCGTCGGCTACTAGGAAACCT	1
1851	1850	1	AGCCGTCGGCTACTAGGAAACCTT	1
1852	1851	1	GCCGTCGGCTACTAGGAAACCTTT	1
1853	1852	1	CCGTCGGCTACTAGGAAACCTTTA	1
1854	1853	2	CGTCGGCTACTAGGAAACCTTTAA	1
1855	1854	2	GTCGGCTACTAGGAAACCTTTAAA	1
1856	1855	2	TCGGCTACTAGGAAACCTTTAAAC	1
1857	1856	2	CGGCTACTAGGAAACCTTTAAACA	1
1858	1857	5	GGCTACTAGGAAACCTTTAAACAT	1
1859	1858	5	GCTACTAGGAAACCTTTAAACATA	1
1860	1859	6	CTACTAGGAAACCTTTAAACATAA	1
1861	1860	7	TACTAGGAAACCTTTAAACATAAA	1
1862	1861	7	ACTAGGAAACCTTTAAACATAAAG	1
1863	1862	7	CTAGGAAACCTTTAAACATAAAGG	1
1864	1863	7	TAGGAAACCTTTAAACATAAAGGG	1
1865	1864	7	AGGAAACCTTTAAACATAAAGGGG	1
1866	1865	7	GGAAACCTTTAAACATAAAGGGGG	1
1867	1866	7	GAAACCTTTAAACATAAAGGGGGA	1
1868	1867	7	AAACCTTTAAACATAAAGGGGGAA	1
1869	1868	7	AACCTTTAAACATAAAGGGGGAAT	1
1870	1869	7	ACCTTTAAACATAAAGGGGGAATT	1
1871	1870	7	CCTTTAAACATAAAGGGGGAATTC	1
1872	1871	7	CTTTAAACATAAAGGGGGAATTCC	1
1873	1872	7	TTTAAACATAAAGGGGGAATTCCT	1
1874	1873	7	TTAAACATAAAGGGGGAATTCCTC	1
1875	1874	7	TAAACATAAAGGGGGAATTCCTCC	1
1876	1875	7	AAACATAAAGGGGGAATTCCTCCT	1
1877	1876	7	AACATAAAGGGGGAATTCCTCCTT	1
1878	1877	7	ACATAAAGGGGGAATTCCTCCTTT	1
1879	1878	7	CATAAAGGGGGAATTCCTCCTTTT	1
1880	1879	7	ATAAAGGGGGAATTCCTCCTTTTA	1
1881	1880	7	TAAAGGGGGAATTCCTCCTTTTAA	1
1882	1881	7	AAAGGGGGAATTCCTCCTTTTAAT	1
1883	1882	7	AAGGGGGAATTCCTCCTTTTAATA	1
1884	1883	7	AGGGGGAATTCCTCCTTTTAATAT	1
1885	1884	7	GGGGGAATTCCTCCTTTTAATATT	1
1886	1885	7	GGGGAATTCCTCCTTTTAATATTT	1
1887	1886	7	GGGAATTCCTCCTTTTAATATTTA	1
1888	1887	7	GGAATTCCTCCTTTTAATATTTAT	1
1889	1888	7	GAATTCCTCCTTTTAATATTTATT	1
1890	1889	7	AATTCCTCCTTTTAATATTTATTC	1
1891	1890	7	ATTCCTCCTTTTAATATTTATTCT	1
1892	1891	7	TTCCTCCTTTTAATATTTATTCTC	1
1893	1892	7	TCCTCCTTTTAATATTTATTCTCT	1
1894	1893	7	CCTCCTTTTAATATTTATTCTCTT	1
1895	1894	7	CTCCTTTTAATATTTATTCTCTTT	1
1896	1895	5	TCCTTTTAATATTTATTCTCTTTT	1
1897	1896	5	CCTTTTAATATTTATTCTCTTTTC	1
1898	1897	5	CTTTTAATATTTATTCTCTTTTCG	1
1899	1898	4	TTTTAATATTTATTCTCTTTTCGG	1
1900	1899	4	TTTAATATTTATTCTCTTTTCGGT	1
1901	1900	4	TTAATATTTATTCTCTTTTCGGTG	1
1902	1901	2	TAATATTTATTCTCTTTTCGGTGA	1
1903	1902	2	AATATTTATTCTCTTTTCGGTGAA	1
1904	1903	1	ATATTTATTCTCTTTTCGGTGAAA	1
