Component 362
1	-1	0	GTTGAGAGTGTGAAACATTACAAT	1
2	1	1	TTGAGAGTGTGAAACATTACAATG	1
3	2	1	TGAGAGTGTGAAACATTACAATGA	1
4	3	1	GAGAGTGTGAAACATTACAATGAA	1
5	4	1	AGAGTGTGAAACATTACAATGAAT	1
6	5	1	GAGTGTGAAACATTACAATGAATC	1
7	6	1	AGTGTGAAACATTACAATGAATCA	1
8	7	1	GTGTGAAACATTACAATGAATCAT	1
9	8	1	TGTGAAACATTACAATGAATCATA	1
10	9	1	GTGAAACATTACAATGAATCATAT	1
11	10	1	TGAAACATTACAATGAATCATATT	1
12	11	1	GAAACATTACAATGAATCATATTT	1
13	12	3	AAACATTACAATGAATCATATTTT	1
14	13	3	AACATTACAATGAATCATATTTTT	1
15	14	4	ACATTACAATGAATCATATTTTTC	1
16	15	4	CATTACAATGAATCATATTTTTCG	1
17	16	4	ATTACAATGAATCATATTTTTCGT	1
18	17	4	TTACAATGAATCATATTTTTCGTC	1
19	18	4	TACAATGAATCATATTTTTCGTCG	1
20	19	4	ACAATGAATCATATTTTTCGTCGC	1
21	20	4	CAATGAATCATATTTTTCGTCGCT	1
22	21	4	AATGAATCATATTTTTCGTCGCTC	1
23	22	4	ATGAATCATATTTTTCGTCGCTCC	1
24	23	4	TGAATCATATTTTTCGTCGCTCCA	1
25	24	4	GAATCATATTTTTCGTCGCTCCAT	1
26	25	4	AATCATATTTTTCGTCGCTCCATT	1
27	26	4	ATCATATTTTTCGTCGCTCCATTC	1
28	27	4	TCATATTTTTCGTCGCTCCATTCC	1
29	28	4	CATATTTTTCGTCGCTCCATTCCC	1
30	29	4	ATATTTTTCGTCGCTCCATTCCCA	1
31	30	5	TATTTTTCGTCGCTCCATTCCCAT	1
32	31	5	ATTTTTCGTCGCTCCATTCCCATC	1
33	32	5	TTTTTCGTCGCTCCATTCCCATCA	1
34	33	5	TTTTCGTCGCTCCATTCCCATCAC	1
35	34	5	TTTCGTCGCTCCATTCCCATCACT	1
36	35	5	TTCGTCGCTCCATTCCCATCACTG	1
37	36	5	TCGTCGCTCCATTCCCATCACTGC	1
38	37	5	CGTCGCTCCATTCCCATCACTGCT	1
39	38	6	GTCGCTCCATTCCCATCACTGCTC	1
40	39	6	TCGCTCCATTCCCATCACTGCTCG	1
41	40	6	CGCTCCATTCCCATCACTGCTCGA	1
42	41	6	GCTCCATTCCCATCACTGCTCGAT	1
43	42	6	CTCCATTCCCATCACTGCTCGATT	1
44	43	6	TCCATTCCCATCACTGCTCGATTA	1
45	44	6	CCATTCCCATCACTGCTCGATTAC	1
46	45	5	CATTCCCATCACTGCTCGATTACC	1
47	46	5	ATTCCCATCACTGCTCGATTACCT	1
48	47	5	TTCCCATCACTGCTCGATTACCTT	1
49	48	5	TCCCATCACTGCTCGATTACCTTC	1
50	49	5	CCCATCACTGCTCGATTACCTTCC	1
51	50	5	CCATCACTGCTCGATTACCTTCCT	1
52	51	5	CATCACTGCTCGATTACCTTCCTT	1
53	52	5	ATCACTGCTCGATTACCTTCCTTA	1
54	53	5	TCACTGCTCGATTACCTTCCTTAG	1
55	54	5	CACTGCTCGATTACCTTCCTTAGG	1
56	55	5	ACTGCTCGATTACCTTCCTTAGGA	1
57	56	3	CTGCTCGATTACCTTCCTTAGGAA	1
58	57	3	TGCTCGATTACCTTCCTTAGGAAT	1
59	58	2	GCTCGATTACCTTCCTTAGGAATT	1
60	59	2	CTCGATTACCTTCCTTAGGAATTC	1
61	60	2	TCGATTACCTTCCTTAGGAATTCG	1
62	61	2	CGATTACCTTCCTTAGGAATTCGC	1
63	62	2	GATTACCTTCCTTAGGAATTCGCT	1
64	63	2	ATTACCTTCCTTAGGAATTCGCTC	1
65	64	2	TTACCTTCCTTAGGAATTCGCTCT	1
66	65	2	TACCTTCCTTAGGAATTCGCTCTT	1
67	66	2	ACCTTCCTTAGGAATTCGCTCTTT	1
68	67	2	CCTTCCTTAGGAATTCGCTCTTTA	1
69	68	2	CTTCCTTAGGAATTCGCTCTTTAG	1
70	69	2	TTCCTTAGGAATTCGCTCTTTAGC	1
71	70	2	TCCTTAGGAATTCGCTCTTTAGCA	1
72	71	2	CCTTAGGAATTCGCTCTTTAGCAA	1
73	72	2	CTTAGGAATTCGCTCTTTAGCAAC	1
74	73	2	TTAGGAATTCGCTCTTTAGCAACT	1
75	74	1	TAGGAATTCGCTCTTTAGCAACTG	1
76	75	1	AGGAATTCGCTCTTTAGCAACTGC	1
77	76	1	GGAATTCGCTCTTTAGCAACTGCA	1
78	77	1	GAATTCGCTCTTTAGCAACTGCAA	1
79	78	1	AATTCGCTCTTTAGCAACTGCAAC	1
80	79	1	ATTCGCTCTTTAGCAACTGCAACT	1
81	80	1	TTCGCTCTTTAGCAACTGCAACTG	1
82	81	1	TCGCTCTTTAGCAACTGCAACTGC	1
83	-1	0	GCTCATCCCCCTGTCCAGTTGTAT	1
84	83	1	CTCATCCCCCTGTCCAGTTGTATG	1
85	84	1	TCATCCCCCTGTCCAGTTGTATGG	1
86	85	1	CATCCCCCTGTCCAGTTGTATGGT	1
87	86	1	ATCCCCCTGTCCAGTTGTATGGTT	1
88	87	1	TCCCCCTGTCCAGTTGTATGGTTT	1
89	88	1	CCCCCTGTCCAGTTGTATGGTTTA	1
90	89	1	CCCCTGTCCAGTTGTATGGTTTAG	1
91	90	1	CCCTGTCCAGTTGTATGGTTTAGA	1
92	91	1	CCTGTCCAGTTGTATGGTTTAGAT	1
93	92	1	CTGTCCAGTTGTATGGTTTAGATG	1
94	93	1	TGTCCAGTTGTATGGTTTAGATGG	1
95	94	1	GTCCAGTTGTATGGTTTAGATGGT	1
96	95	1	TCCAGTTGTATGGTTTAGATGGTT	1
97	96	1	CCAGTTGTATGGTTTAGATGGTTC	1
98	97	1	CAGTTGTATGGTTTAGATGGTTCT	1
99	98	2	AGTTGTATGGTTTAGATGGTTCTT	1
100	99	2	GTTGTATGGTTTAGATGGTTCTTA	1
101	100	2	TTGTATGGTTTAGATGGTTCTTAT	1
102	101	2	TGTATGGTTTAGATGGTTCTTATG	1
103	102	2	GTATGGTTTAGATGGTTCTTATGC	1
104	103	2	TATGGTTTAGATGGTTCTTATGCT	1
105	104	2	ATGGTTTAGATGGTTCTTATGCTT	1
106	105	2	TGGTTTAGATGGTTCTTATGCTTC	1
107	106	2	GGTTTAGATGGTTCTTATGCTTCT	1
108	107	2	GTTTAGATGGTTCTTATGCTTCTT	1
109	108	2	TTTAGATGGTTCTTATGCTTCTTC	1
110	109	2	TTAGATGGTTCTTATGCTTCTTCT	1
111	110	2	TAGATGGTTCTTATGCTTCTTCTC	1
112	111	2	AGATGGTTCTTATGCTTCTTCTCT	1
113	112	2	GATGGTTCTTATGCTTCTTCTCTG	1
114	113	2	ATGGTTCTTATGCTTCTTCTCTGT	1
115	114	3	TGGTTCTTATGCTTCTTCTCTGTA	1
116	115	3	GGTTCTTATGCTTCTTCTCTGTAT	1
117	116	3	GTTCTTATGCTTCTTCTCTGTATA	1
118	117	3	TTCTTATGCTTCTTCTCTGTATAC	1
119	118	3	TCTTATGCTTCTTCTCTGTATACC	1
120	119	3	CTTATGCTTCTTCTCTGTATACCG	1
121	120	3	TTATGCTTCTTCTCTGTATACCGC	1
122	121	3	TATGCTTCTTCTCTGTATACCGCT	1
123	122	3	ATGCTTCTTCTCTGTATACCGCTG	1
124	123	3	TGCTTCTTCTCTGTATACCGCTGC	1
125	124	3	GCTTCTTCTCTGTATACCGCTGCA	1
126	125	3	CTTCTTCTCTGTATACCGCTGCAG	1
127	126	3	TTCTTCTCTGTATACCGCTGCAGT	1
128	127	2	TCTTCTCTGTATACCGCTGCAGTA	1
129	128	2	CTTCTCTGTATACCGCTGCAGTAA	1
130	129	2	TTCTCTGTATACCGCTGCAGTAAA	1
131	130	2	TCTCTGTATACCGCTGCAGTAAAA	1
132	131	2	CTCTGTATACCGCTGCAGTAAAAG	1
133	132	2	TCTGTATACCGCTGCAGTAAAAGA	1
134	133	2	CTGTATACCGCTGCAGTAAAAGAA	1
135	134	2	TGTATACCGCTGCAGTAAAAGAAT	1
136	135	2	GTATACCGCTGCAGTAAAAGAATC	1
137	136	2	TATACCGCTGCAGTAAAAGAATCC	1
138	137	2	ATACCGCTGCAGTAAAAGAATCCA	1
139	138	2	TACCGCTGCAGTAAAAGAATCCAA	1
140	139	2	ACCGCTGCAGTAAAAGAATCCAAG	1
141	140	2	CCGCTGCAGTAAAAGAATCCAAGT	1
142	141	2	CGCTGCAGTAAAAGAATCCAAGTT	1
143	142	1	GCTGCAGTAAAAGAATCCAAGTTG	1
144	143	2	CTGCAGTAAAAGAATCCAAGTTGG	1
145	144	2	TGCAGTAAAAGAATCCAAGTTGGA	1
146	145	2	GCAGTAAAAGAATCCAAGTTGGAC	1
147	146	2	CAGTAAAAGAATCCAAGTTGGACA	1
148	147	2	AGTAAAAGAATCCAAGTTGGACAA	1
149	148	2	GTAAAAGAATCCAAGTTGGACAAT	1
150	149	2	TAAAAGAATCCAAGTTGGACAATG	1
151	150	2	AAAAGAATCCAAGTTGGACAATGT	1
152	151	2	AAAGAATCCAAGTTGGACAATGTT	1
153	152	2	AAGAATCCAAGTTGGACAATGTTG	1
154	153	2	AGAATCCAAGTTGGACAATGTTGA	1
155	154	2	GAATCCAAGTTGGACAATGTTGAG	1
156	155	2	AATCCAAGTTGGACAATGTTGAGA	1
157	156	2	ATCCAAGTTGGACAATGTTGAGAA	1
158	157	2	TCCAAGTTGGACAATGTTGAGAAG	1
159	158	1	CCAAGTTGGACAATGTTGAGAAGG	1
160	159	1	CAAGTTGGACAATGTTGAGAAGGC	1
161	160	2	AAGTTGGACAATGTTGAGAAGGCC	1
162	161	2	AGTTGGACAATGTTGAGAAGGCCT	1
163	162	1	GTTGGACAATGTTGAGAAGGCCTT	1
164	163	2	TTGGACAATGTTGAGAAGGCCTTA	1
165	164	2	TGGACAATGTTGAGAAGGCCTTAA	1
166	165	2	GGACAATGTTGAGAAGGCCTTAAA	1
167	166	2	GACAATGTTGAGAAGGCCTTAAAT	1
168	167	2	ACAATGTTGAGAAGGCCTTAAATA	1
169	168	2	CAATGTTGAGAAGGCCTTAAATAA	1
170	169	2	AATGTTGAGAAGGCCTTAAATAAA	1
171	170	2	ATGTTGAGAAGGCCTTAAATAAAC	1
172	171	2	TGTTGAGAAGGCCTTAAATAAACT	1
173	172	2	GTTGAGAAGGCCTTAAATAAACTG	1
174	173	2	TTGAGAAGGCCTTAAATAAACTGT	1
175	174	2	TGAGAAGGCCTTAAATAAACTGTC	1
176	175	2	GAGAAGGCCTTAAATAAACTGTCT	1
177	176	2	AGAAGGCCTTAAATAAACTGTCTG	1
178	177	2	GAAGGCCTTAAATAAACTGTCTGG	1
179	178	2	AAGGCCTTAAATAAACTGTCTGGT	1
180	179	2	AGGCCTTAAATAAACTGTCTGGTG	1
181	180	2	GGCCTTAAATAAACTGTCTGGTGT	1
182	181	2	GCCTTAAATAAACTGTCTGGTGTT	1
183	182	2	CCTTAAATAAACTGTCTGGTGTTC	1
184	183	2	CTTAAATAAACTGTCTGGTGTTCT	1
185	184	2	TTAAATAAACTGTCTGGTGTTCTT	1
186	185	2	TAAATAAACTGTCTGGTGTTCTTC	1
187	186	2	AAATAAACTGTCTGGTGTTCTTCA	1
188	187	2	AATAAACTGTCTGGTGTTCTTCAA	1
189	188	2	ATAAACTGTCTGGTGTTCTTCAAC	1
190	189	2	TAAACTGTCTGGTGTTCTTCAACA	1
191	190	2	AAACTGTCTGGTGTTCTTCAACAG	1
192	191	2	AACTGTCTGGTGTTCTTCAACAGA	1
193	192	2	ACTGTCTGGTGTTCTTCAACAGAG	1
194	193	2	CTGTCTGGTGTTCTTCAACAGAGA	1
195	194	2	TGTCTGGTGTTCTTCAACAGAGAC	1
196	195	2	GTCTGGTGTTCTTCAACAGAGACC	1
197	196	2	TCTGGTGTTCTTCAACAGAGACCG	1
198	197	2	CTGGTGTTCTTCAACAGAGACCGG	1
199	198	2	TGGTGTTCTTCAACAGAGACCGGA	1
200	199	2	GGTGTTCTTCAACAGAGACCGGAA	1
201	200	2	GTGTTCTTCAACAGAGACCGGAAT	1
202	201	2	TGTTCTTCAACAGAGACCGGAATT	1
203	202	2	GTTCTTCAACAGAGACCGGAATTT	1
204	203	2	TTCTTCAACAGAGACCGGAATTTG	1
205	204	1	TCTTCAACAGAGACCGGAATTTGA	1
206	205	1	CTTCAACAGAGACCGGAATTTGAA	1
207	206	1	TTCAACAGAGACCGGAATTTGAAC	1
208	-1	0	TAGTCCTTGGTTGACTCGTGAGGA	1
209	208	1	AGTCCTTGGTTGACTCGTGAGGAT	1
210	209	1	GTCCTTGGTTGACTCGTGAGGATA	1
211	210	3	TCCTTGGTTGACTCGTGAGGATAA	1
212	211	4	CCTTGGTTGACTCGTGAGGATAAG	1
213	212	4	CTTGGTTGACTCGTGAGGATAAGA	1
214	213	4	TTGGTTGACTCGTGAGGATAAGAA	1
215	214	4	TGGTTGACTCGTGAGGATAAGAAA	1
216	215	4	GGTTGACTCGTGAGGATAAGAAAA	1
217	216	4	GTTGACTCGTGAGGATAAGAAAAT	1
218	217	4	TTGACTCGTGAGGATAAGAAAATA	1
219	218	4	TGACTCGTGAGGATAAGAAAATAT	1
220	219	4	GACTCGTGAGGATAAGAAAATATT	1
221	220	4	ACTCGTGAGGATAAGAAAATATTG	1
222	221	4	CTCGTGAGGATAAGAAAATATTGG	1
223	222	4	TCGTGAGGATAAGAAAATATTGGT	1
224	223	4	CGTGAGGATAAGAAAATATTGGTT	1
225	224	4	GTGAGGATAAGAAAATATTGGTTA	1
226	225	4	TGAGGATAAGAAAATATTGGTTAG	1
227	226	4	GAGGATAAGAAAATATTGGTTAGT	1
228	227	4	AGGATAAGAAAATATTGGTTAGTT	1
229	228	4	GGATAAGAAAATATTGGTTAGTTC	1
230	229	4	GATAAGAAAATATTGGTTAGTTCT	1
231	230	4	ATAAGAAAATATTGGTTAGTTCTT	1
232	231	4	TAAGAAAATATTGGTTAGTTCTTT	1
233	232	4	AAGAAAATATTGGTTAGTTCTTTG	1
234	233	4	AGAAAATATTGGTTAGTTCTTTGA	1
235	234	4	GAAAATATTGGTTAGTTCTTTGAC	1
236	235	4	AAAATATTGGTTAGTTCTTTGACG	1
237	236	4	AAATATTGGTTAGTTCTTTGACGC	1
238	237	4	AATATTGGTTAGTTCTTTGACGCA	1
239	238	4	ATATTGGTTAGTTCTTTGACGCAG	1
240	239	4	TATTGGTTAGTTCTTTGACGCAGA	1
241	240	4	ATTGGTTAGTTCTTTGACGCAGAT	1
242	241	4	TTGGTTAGTTCTTTGACGCAGATG	1
243	242	4	TGGTTAGTTCTTTGACGCAGATGA	1
244	243	4	GGTTAGTTCTTTGACGCAGATGAC	1
245	244	4	GTTAGTTCTTTGACGCAGATGACT	1
246	245	4	TTAGTTCTTTGACGCAGATGACTG	1
247	246	4	TAGTTCTTTGACGCAGATGACTGG	1
248	247	4	AGTTCTTTGACGCAGATGACTGGA	1
249	248	4	GTTCTTTGACGCAGATGACTGGAA	1
250	249	4	TTCTTTGACGCAGATGACTGGAAA	1
251	250	4	TCTTTGACGCAGATGACTGGAAAT	1
252	251	4	CTTTGACGCAGATGACTGGAAATG	1
253	252	3	TTTGACGCAGATGACTGGAAATGA	1
254	253	3	TTGACGCAGATGACTGGAAATGAA	1
255	254	1	TGACGCAGATGACTGGAAATGAAC	1
