Component 365
1	-1	0	CAGCTTTGTTTTGGATATGGCTGT	1
2	1	1	AGCTTTGTTTTGGATATGGCTGTT	1
3	2	1	GCTTTGTTTTGGATATGGCTGTTG	1
4	3	1	CTTTGTTTTGGATATGGCTGTTGA	1
5	4	1	TTTGTTTTGGATATGGCTGTTGAT	1
6	5	1	TTGTTTTGGATATGGCTGTTGATT	1
7	6	1	TGTTTTGGATATGGCTGTTGATTC	1
8	7	1	GTTTTGGATATGGCTGTTGATTCT	1
9	8	1	TTTTGGATATGGCTGTTGATTCTG	1
10	9	1	TTTGGATATGGCTGTTGATTCTGC	1
11	10	1	TTGGATATGGCTGTTGATTCTGCC	1
12	11	1	TGGATATGGCTGTTGATTCTGCCG	1
13	12	1	GGATATGGCTGTTGATTCTGCCGT	1
14	13	1	GATATGGCTGTTGATTCTGCCGTT	1
15	14	1	ATATGGCTGTTGATTCTGCCGTTA	1
16	15	1	TATGGCTGTTGATTCTGCCGTTAC	1
17	16	1	ATGGCTGTTGATTCTGCCGTTACC	1
18	17	1	TGGCTGTTGATTCTGCCGTTACCA	1
19	18	1	GGCTGTTGATTCTGCCGTTACCAA	1
20	19	1	GCTGTTGATTCTGCCGTTACCAAC	1
21	20	1	CTGTTGATTCTGCCGTTACCAACG	1
22	21	1	TGTTGATTCTGCCGTTACCAACGG	1
23	22	1	GTTGATTCTGCCGTTACCAACGGT	1
24	23	1	TTGATTCTGCCGTTACCAACGGTG	1
25	24	2	TGATTCTGCCGTTACCAACGGTGT	1
26	25	2	GATTCTGCCGTTACCAACGGTGTT	1
27	26	2	ATTCTGCCGTTACCAACGGTGTTA	1
28	27	2	TTCTGCCGTTACCAACGGTGTTAT	1
29	28	2	TCTGCCGTTACCAACGGTGTTATT	1
30	29	2	CTGCCGTTACCAACGGTGTTATTT	1
31	30	2	TGCCGTTACCAACGGTGTTATTTA	1
32	31	2	GCCGTTACCAACGGTGTTATTTAT	1
33	32	2	CCGTTACCAACGGTGTTATTTATG	1
34	33	2	CGTTACCAACGGTGTTATTTATGC	1
35	34	2	GTTACCAACGGTGTTATTTATGCC	1
36	35	2	TTACCAACGGTGTTATTTATGCCG	1
37	36	2	TACCAACGGTGTTATTTATGCCGT	1
38	37	2	ACCAACGGTGTTATTTATGCCGTT	1
39	38	2	CCAACGGTGTTATTTATGCCGTTG	1
40	39	2	CAACGGTGTTATTTATGCCGTTGC	1
41	40	2	AACGGTGTTATTTATGCCGTTGCT	1
42	41	2	ACGGTGTTATTTATGCCGTTGCTG	1
43	42	2	CGGTGTTATTTATGCCGTTGCTGC	1
44	43	2	GGTGTTATTTATGCCGTTGCTGCT	1
45	44	2	GTGTTATTTATGCCGTTGCTGCTG	1
46	45	1	TGTTATTTATGCCGTTGCTGCTGG	1
47	46	1	GTTATTTATGCCGTTGCTGCTGGA	1
48	47	1	TTATTTATGCCGTTGCTGCTGGAA	1
49	48	2	TATTTATGCCGTTGCTGCTGGAAA	1
50	49	2	ATTTATGCCGTTGCTGCTGGAAAT	1
51	50	2	TTTATGCCGTTGCTGCTGGAAATG	1
52	51	2	TTATGCCGTTGCTGCTGGAAATGA	1
53	52	3	TATGCCGTTGCTGCTGGAAATGAG	1
54	53	3	ATGCCGTTGCTGCTGGAAATGAGT	1
55	54	3	TGCCGTTGCTGCTGGAAATGAGTA	1
56	55	3	GCCGTTGCTGCTGGAAATGAGTAT	1
57	56	3	CCGTTGCTGCTGGAAATGAGTATG	1
58	57	3	CGTTGCTGCTGGAAATGAGTATGA	1
59	58	3	GTTGCTGCTGGAAATGAGTATGAT	1
60	59	3	TTGCTGCTGGAAATGAGTATGATG	1
61	60	3	TGCTGCTGGAAATGAGTATGATGA	1
62	61	3	GCTGCTGGAAATGAGTATGATGAC	1
63	62	3	CTGCTGGAAATGAGTATGATGACG	1
64	63	3	TGCTGGAAATGAGTATGATGACGC	1
65	64	3	GCTGGAAATGAGTATGATGACGCT	1
66	65	3	CTGGAAATGAGTATGATGACGCTT	1
67	66	3	TGGAAATGAGTATGATGACGCTTG	1
68	67	3	GGAAATGAGTATGATGACGCTTGC	1
69	68	1	GAAATGAGTATGATGACGCTTGCC	1
70	69	1	AAATGAGTATGATGACGCTTGCCA	1
71	70	1	AATGAGTATGATGACGCTTGCCAT	1
72	71	1	ATGAGTATGATGACGCTTGCCATT	1
73	72	1	TGAGTATGATGACGCTTGCCATTC	1
74	73	1	GAGTATGATGACGCTTGCCATTCA	1
75	74	1	AGTATGATGACGCTTGCCATTCAT	1
76	75	1	GTATGATGACGCTTGCCATTCATC	1
77	76	1	TATGATGACGCTTGCCATTCATCT	1
78	77	1	ATGATGACGCTTGCCATTCATCTC	1
79	78	1	TGATGACGCTTGCCATTCATCTCC	1
80	79	1	GATGACGCTTGCCATTCATCTCCT	1
81	80	1	ATGACGCTTGCCATTCATCTCCTG	1
82	81	1	TGACGCTTGCCATTCATCTCCTGC	1
83	82	1	GACGCTTGCCATTCATCTCCTGCT	1
84	83	1	ACGCTTGCCATTCATCTCCTGCTG	1
85	84	1	CGCTTGCCATTCATCTCCTGCTGC	1
86	85	1	GCTTGCCATTCATCTCCTGCTGCT	1
87	86	1	CTTGCCATTCATCTCCTGCTGCTT	1
88	87	1	TTGCCATTCATCTCCTGCTGCTTC	1
89	88	1	TGCCATTCATCTCCTGCTGCTTCT	1
90	89	1	GCCATTCATCTCCTGCTGCTTCTA	1
91	90	1	CCATTCATCTCCTGCTGCTTCTAA	1
92	91	1	CATTCATCTCCTGCTGCTTCTAAG	1
93	92	1	ATTCATCTCCTGCTGCTTCTAAGA	1
94	93	2	TTCATCTCCTGCTGCTTCTAAGAA	1
95	94	2	TCATCTCCTGCTGCTTCTAAGAAA	1
96	95	2	CATCTCCTGCTGCTTCTAAGAAAG	1
97	96	1	ATCTCCTGCTGCTTCTAAGAAAGC	1
98	97	1	TCTCCTGCTGCTTCTAAGAAAGCC	1
99	98	1	CTCCTGCTGCTTCTAAGAAAGCCA	1
100	99	1	TCCTGCTGCTTCTAAGAAAGCCAT	1
101	100	1	CCTGCTGCTTCTAAGAAAGCCATC	1
102	101	1	CTGCTGCTTCTAAGAAAGCCATCA	1
103	102	1	TGCTGCTTCTAAGAAAGCCATCAC	1
104	103	1	GCTGCTTCTAAGAAAGCCATCACC	1
105	104	1	CTGCTTCTAAGAAAGCCATCACCG	1
106	105	1	TGCTTCTAAGAAAGCCATCACCGT	1
107	106	1	GCTTCTAAGAAAGCCATCACCGTT	1
108	107	1	CTTCTAAGAAAGCCATCACCGTTG	1
109	108	1	TTCTAAGAAAGCCATCACCGTTGG	1
110	109	1	TCTAAGAAAGCCATCACCGTTGGC	1
111	110	1	CTAAGAAAGCCATCACCGTTGGCG	1
112	111	1	TAAGAAAGCCATCACCGTTGGCGC	1
113	112	1	AAGAAAGCCATCACCGTTGGCGCT	1
114	113	1	AGAAAGCCATCACCGTTGGCGCTT	1
115	114	1	GAAAGCCATCACCGTTGGCGCTTC	1
116	115	1	AAAGCCATCACCGTTGGCGCTTCC	1
117	116	1	AAGCCATCACCGTTGGCGCTTCCA	1
118	117	1	AGCCATCACCGTTGGCGCTTCCAC	1
119	118	1	GCCATCACCGTTGGCGCTTCCACT	1
120	119	1	CCATCACCGTTGGCGCTTCCACTA	1
121	120	1	CATCACCGTTGGCGCTTCCACTAT	1
122	121	1	ATCACCGTTGGCGCTTCCACTATA	1
123	122	1	TCACCGTTGGCGCTTCCACTATAA	1
124	123	1	CACCGTTGGCGCTTCCACTATAAA	1
125	124	1	ACCGTTGGCGCTTCCACTATAAAC	1
126	125	1	CCGTTGGCGCTTCCACTATAAACG	1
127	126	1	CGTTGGCGCTTCCACTATAAACGA	1
128	127	1	GTTGGCGCTTCCACTATAAACGAC	1
129	128	1	TTGGCGCTTCCACTATAAACGACC	1
130	129	1	TGGCGCTTCCACTATAAACGACCA	1
131	130	3	GGCGCTTCCACTATAAACGACCAA	1
132	131	4	GCGCTTCCACTATAAACGACCAAA	1
133	132	4	CGCTTCCACTATAAACGACCAAAT	1
134	133	4	GCTTCCACTATAAACGACCAAATG	1
135	134	4	CTTCCACTATAAACGACCAAATGG	1
136	135	4	TTCCACTATAAACGACCAAATGGC	1
137	136	4	TCCACTATAAACGACCAAATGGCC	1
138	137	3	CCACTATAAACGACCAAATGGCCT	1
139	138	3	CACTATAAACGACCAAATGGCCTA	1
140	139	3	ACTATAAACGACCAAATGGCCTAC	1
141	140	3	CTATAAACGACCAAATGGCCTACT	1
142	141	3	TATAAACGACCAAATGGCCTACTT	1
143	142	3	ATAAACGACCAAATGGCCTACTTC	1
144	143	3	TAAACGACCAAATGGCCTACTTCT	1
145	144	3	AAACGACCAAATGGCCTACTTCTC	1
146	145	3	AACGACCAAATGGCCTACTTCTCT	1
147	146	3	ACGACCAAATGGCCTACTTCTCTA	1
148	147	3	CGACCAAATGGCCTACTTCTCTAA	1
149	148	4	GACCAAATGGCCTACTTCTCTAAC	1
150	149	4	ACCAAATGGCCTACTTCTCTAACT	1
151	150	4	CCAAATGGCCTACTTCTCTAACTA	1
152	151	4	CAAATGGCCTACTTCTCTAACTAT	1
153	152	5	AAATGGCCTACTTCTCTAACTATG	1
154	153	5	AATGGCCTACTTCTCTAACTATGG	1
155	154	5	ATGGCCTACTTCTCTAACTATGGT	1
156	155	5	TGGCCTACTTCTCTAACTATGGTA	1
157	156	5	GGCCTACTTCTCTAACTATGGTAG	1
158	157	5	GCCTACTTCTCTAACTATGGTAGC	1
159	158	5	CCTACTTCTCTAACTATGGTAGCT	1
160	159	5	CTACTTCTCTAACTATGGTAGCTG	1
161	160	6	TACTTCTCTAACTATGGTAGCTGT	1
162	161	6	ACTTCTCTAACTATGGTAGCTGTG	1
163	162	6	CTTCTCTAACTATGGTAGCTGTGT	1
164	163	6	TTCTCTAACTATGGTAGCTGTGTT	1
165	164	6	TCTCTAACTATGGTAGCTGTGTTG	1
166	165	6	CTCTAACTATGGTAGCTGTGTTGA	1
167	166	6	TCTAACTATGGTAGCTGTGTTGAC	1
168	167	6	CTAACTATGGTAGCTGTGTTGACA	1
169	168	6	TAACTATGGTAGCTGTGTTGACAT	1
170	169	6	AACTATGGTAGCTGTGTTGACATC	1
171	170	6	ACTATGGTAGCTGTGTTGACATCT	1
172	171	6	CTATGGTAGCTGTGTTGACATCTT	1
173	172	6	TATGGTAGCTGTGTTGACATCTTC	1
174	173	6	ATGGTAGCTGTGTTGACATCTTCG	1
175	174	4	TGGTAGCTGTGTTGACATCTTCGC	1
176	175	3	GGTAGCTGTGTTGACATCTTCGCT	1
177	176	3	GTAGCTGTGTTGACATCTTCGCTC	1
178	177	3	TAGCTGTGTTGACATCTTCGCTCC	1
179	178	3	AGCTGTGTTGACATCTTCGCTCCT	1
180	179	3	GCTGTGTTGACATCTTCGCTCCTG	1
181	180	3	CTGTGTTGACATCTTCGCTCCTGG	1
182	181	3	TGTGTTGACATCTTCGCTCCTGGA	1
183	182	3	GTGTTGACATCTTCGCTCCTGGAC	1
184	183	3	TGTTGACATCTTCGCTCCTGGACT	1
185	184	3	GTTGACATCTTCGCTCCTGGACTT	1
186	185	3	TTGACATCTTCGCTCCTGGACTTA	1
187	186	3	TGACATCTTCGCTCCTGGACTTAA	1
188	187	3	GACATCTTCGCTCCTGGACTTAAC	1
189	188	3	ACATCTTCGCTCCTGGACTTAACA	1
190	189	3	CATCTTCGCTCCTGGACTTAACAT	1
191	190	3	ATCTTCGCTCCTGGACTTAACATT	1
192	191	3	TCTTCGCTCCTGGACTTAACATTT	1
193	192	2	CTTCGCTCCTGGACTTAACATTTT	1
194	193	2	TTCGCTCCTGGACTTAACATTTTG	1
195	194	2	TCGCTCCTGGACTTAACATTTTGT	1
196	195	2	CGCTCCTGGACTTAACATTTTGTC	1
197	196	1	GCTCCTGGACTTAACATTTTGTCT	1
198	197	1	CTCCTGGACTTAACATTTTGTCTA	1
199	198	1	TCCTGGACTTAACATTTTGTCTAC	1
200	199	1	CCTGGACTTAACATTTTGTCTACA	1
201	200	1	CTGGACTTAACATTTTGTCTACAT	1
202	201	1	TGGACTTAACATTTTGTCTACATG	1
203	202	1	GGACTTAACATTTTGTCTACATGG	1
204	203	1	GACTTAACATTTTGTCTACATGGA	1
205	-1	0	TCATTAAGATGGGTATTCACGATG	1
206	205	1	CATTAAGATGGGTATTCACGATGT	1
207	206	1	ATTAAGATGGGTATTCACGATGTA	1
208	207	1	TTAAGATGGGTATTCACGATGTAC	1
209	208	1	TAAGATGGGTATTCACGATGTACT	1
210	209	1	AAGATGGGTATTCACGATGTACTC	1
211	210	1	AGATGGGTATTCACGATGTACTCT	1
212	211	1	GATGGGTATTCACGATGTACTCTT	1
213	212	1	ATGGGTATTCACGATGTACTCTTG	1
214	213	1	TGGGTATTCACGATGTACTCTTGT	1
215	214	1	GGGTATTCACGATGTACTCTTGTC	1
216	215	1	GGTATTCACGATGTACTCTTGTCT	1
217	216	1	GTATTCACGATGTACTCTTGTCTA	1
218	217	1	TATTCACGATGTACTCTTGTCTAT	1
219	218	1	ATTCACGATGTACTCTTGTCTATT	1
220	219	2	TTCACGATGTACTCTTGTCTATTC	1
221	220	2	TCACGATGTACTCTTGTCTATTCC	1
222	221	2	CACGATGTACTCTTGTCTATTCCT	1
223	222	3	ACGATGTACTCTTGTCTATTCCTG	1
224	223	3	CGATGTACTCTTGTCTATTCCTGT	1
225	224	3	GATGTACTCTTGTCTATTCCTGTT	1
226	225	3	ATGTACTCTTGTCTATTCCTGTTG	1
227	226	3	TGTACTCTTGTCTATTCCTGTTGG	1
228	227	3	GTACTCTTGTCTATTCCTGTTGGT	1
229	228	3	TACTCTTGTCTATTCCTGTTGGTA	1
230	229	3	ACTCTTGTCTATTCCTGTTGGTAG	1
231	230	3	CTCTTGTCTATTCCTGTTGGTAGC	1
232	231	3	TCTTGTCTATTCCTGTTGGTAGCA	1
233	232	3	CTTGTCTATTCCTGTTGGTAGCAG	1
234	233	3	TTGTCTATTCCTGTTGGTAGCAGC	1
235	234	3	TGTCTATTCCTGTTGGTAGCAGCA	1
236	235	3	GTCTATTCCTGTTGGTAGCAGCAC	1
237	236	3	TCTATTCCTGTTGGTAGCAGCACT	1
238	237	3	CTATTCCTGTTGGTAGCAGCACTA	1
239	238	3	TATTCCTGTTGGTAGCAGCACTAT	1
240	239	3	ATTCCTGTTGGTAGCAGCACTATT	1
241	240	3	TTCCTGTTGGTAGCAGCACTATTA	1
242	241	3	TCCTGTTGGTAGCAGCACTATTAA	1
243	242	3	CCTGTTGGTAGCAGCACTATTAAC	1
244	243	3	CTGTTGGTAGCAGCACTATTAACC	1
245	244	3	TGTTGGTAGCAGCACTATTAACCT	1
246	245	3	GTTGGTAGCAGCACTATTAACCTT	1
247	246	3	TTGGTAGCAGCACTATTAACCTTC	1
248	247	3	TGGTAGCAGCACTATTAACCTTCT	1
249	248	3	GGTAGCAGCACTATTAACCTTCTC	1
250	249	2	GTAGCAGCACTATTAACCTTCTCG	1
251	250	2	TAGCAGCACTATTAACCTTCTCGC	1
252	251	2	AGCAGCACTATTAACCTTCTCGCT	1
253	252	2	GCAGCACTATTAACCTTCTCGCTT	1
254	253	2	CAGCACTATTAACCTTCTCGCTTT	1
255	254	2	AGCACTATTAACCTTCTCGCTTTC	1
256	255	2	GCACTATTAACCTTCTCGCTTTCA	1
257	256	2	CACTATTAACCTTCTCGCTTTCAA	1
258	257	3	ACTATTAACCTTCTCGCTTTCAAT	1
259	258	3	CTATTAACCTTCTCGCTTTCAATG	1
260	259	3	TATTAACCTTCTCGCTTTCAATGG	1
261	260	4	ATTAACCTTCTCGCTTTCAATGGT	1
262	261	4	TTAACCTTCTCGCTTTCAATGGTG	1
263	262	4	TAACCTTCTCGCTTTCAATGGTGC	1
264	263	3	AACCTTCTCGCTTTCAATGGTGCT	1
265	264	3	ACCTTCTCGCTTTCAATGGTGCTC	1
266	265	3	CCTTCTCGCTTTCAATGGTGCTCA	1
267	266	2	CTTCTCGCTTTCAATGGTGCTCAA	1
268	267	2	TTCTCGCTTTCAATGGTGCTCAAG	1
269	268	2	TCTCGCTTTCAATGGTGCTCAAGA	1
270	269	2	CTCGCTTTCAATGGTGCTCAAGAA	1
271	270	2	TCGCTTTCAATGGTGCTCAAGAAT	1
272	271	2	CGCTTTCAATGGTGCTCAAGAATA	1
273	272	2	GCTTTCAATGGTGCTCAAGAATAG	1
274	273	2	CTTTCAATGGTGCTCAAGAATAGA	1
275	274	2	TTTCAATGGTGCTCAAGAATAGAT	1
276	275	2	TTCAATGGTGCTCAAGAATAGATT	1
277	276	2	TCAATGGTGCTCAAGAATAGATTT	1
278	277	2	CAATGGTGCTCAAGAATAGATTTT	1
279	278	2	AATGGTGCTCAAGAATAGATTTTA	1
280	279	2	ATGGTGCTCAAGAATAGATTTTAC	1
281	280	2	TGGTGCTCAAGAATAGATTTTACT	1
282	281	2	GGTGCTCAAGAATAGATTTTACTT	1
283	282	2	GTGCTCAAGAATAGATTTTACTTC	1
284	283	2	TGCTCAAGAATAGATTTTACTTCA	1
285	284	2	GCTCAAGAATAGATTTTACTTCAT	1
286	285	2	CTCAAGAATAGATTTTACTTCATG	1
287	286	2	TCAAGAATAGATTTTACTTCATGT	1
288	287	2	CAAGAATAGATTTTACTTCATGTT	1
289	288	2	AAGAATAGATTTTACTTCATGTTG	1
290	289	2	AGAATAGATTTTACTTCATGTTGG	1
291	290	2	GAATAGATTTTACTTCATGTTGGA	1
292	291	2	AATAGATTTTACTTCATGTTGGAT	1
293	292	2	ATAGATTTTACTTCATGTTGGATG	1
294	293	2	TAGATTTTACTTCATGTTGGATGC	1
295	294	2	AGATTTTACTTCATGTTGGATGCA	1
296	295	2	GATTTTACTTCATGTTGGATGCAT	1
297	296	2	ATTTTACTTCATGTTGGATGCATT	1
298	297	2	TTTTACTTCATGTTGGATGCATTC	1
299	298	2	TTTACTTCATGTTGGATGCATTCG	1
300	299	2	TTACTTCATGTTGGATGCATTCGA	1
301	300	2	TACTTCATGTTGGATGCATTCGAT	1
302	301	1	ACTTCATGTTGGATGCATTCGATG	1
303	302	1	CTTCATGTTGGATGCATTCGATGT	1
304	303	1	TTCATGTTGGATGCATTCGATGTT	1
305	-1	0	CGCTTCTTGGGGTGCAACCATTCC	1
306	305	1	GCTTCTTGGGGTGCAACCATTCCC	1
307	306	1	CTTCTTGGGGTGCAACCATTCCCT	1
308	307	1	TTCTTGGGGTGCAACCATTCCCTC	1
309	308	1	TCTTGGGGTGCAACCATTCCCTCT	1
310	309	1	CTTGGGGTGCAACCATTCCCTCTG	1
311	310	1	TTGGGGTGCAACCATTCCCTCTGG	1
312	311	1	TGGGGTGCAACCATTCCCTCTGGT	1
313	312	1	GGGGTGCAACCATTCCCTCTGGTG	1
314	313	1	GGGTGCAACCATTCCCTCTGGTGA	1
315	314	1	GGTGCAACCATTCCCTCTGGTGAT	1
316	315	1	GTGCAACCATTCCCTCTGGTGATG	1
317	316	1	TGCAACCATTCCCTCTGGTGATGT	1
318	317	1	GCAACCATTCCCTCTGGTGATGTT	1
319	318	1	CAACCATTCCCTCTGGTGATGTTG	1
320	319	1	AACCATTCCCTCTGGTGATGTTGA	1
321	320	1	ACCATTCCCTCTGGTGATGTTGAT	1
322	321	1	CCATTCCCTCTGGTGATGTTGATG	1
323	322	1	CATTCCCTCTGGTGATGTTGATGA	1
324	323	2	ATTCCCTCTGGTGATGTTGATGAG	1
325	324	2	TTCCCTCTGGTGATGTTGATGAGG	1
326	325	2	TCCCTCTGGTGATGTTGATGAGGA	1
327	326	2	CCCTCTGGTGATGTTGATGAGGAT	1
328	327	2	CCTCTGGTGATGTTGATGAGGATA	1
329	328	2	CTCTGGTGATGTTGATGAGGATAA	1
330	329	2	TCTGGTGATGTTGATGAGGATAAC	1
331	330	2	CTGGTGATGTTGATGAGGATAACA	1
332	331	2	TGGTGATGTTGATGAGGATAACAA	1
333	332	2	GGTGATGTTGATGAGGATAACAAT	1
334	333	2	GTGATGTTGATGAGGATAACAATG	1
335	334	3	TGATGTTGATGAGGATAACAATGG	1
336	335	3	GATGTTGATGAGGATAACAATGGT	1
337	336	3	ATGTTGATGAGGATAACAATGGTC	1
338	337	3	TGTTGATGAGGATAACAATGGTCA	1
339	338	3	GTTGATGAGGATAACAATGGTCAT	1
340	339	3	TTGATGAGGATAACAATGGTCATG	1
341	340	3	TGATGAGGATAACAATGGTCATGG	1
342	341	3	GATGAGGATAACAATGGTCATGGT	1
343	342	3	ATGAGGATAACAATGGTCATGGTA	1
344	343	3	TGAGGATAACAATGGTCATGGTAC	1
345	344	3	GAGGATAACAATGGTCATGGTACG	1
346	345	3	AGGATAACAATGGTCATGGTACGC	1
347	346	3	GGATAACAATGGTCATGGTACGCA	1
348	347	3	GATAACAATGGTCATGGTACGCAT	1
349	348	3	ATAACAATGGTCATGGTACGCATG	1
350	349	2	TAACAATGGTCATGGTACGCATGT	1
351	350	2	AACAATGGTCATGGTACGCATGTT	1
352	351	2	ACAATGGTCATGGTACGCATGTTG	1
353	352	2	CAATGGTCATGGTACGCATGTTGC	1
354	353	2	AATGGTCATGGTACGCATGTTGCT	1
355	354	2	ATGGTCATGGTACGCATGTTGCTG	1
356	355	2	TGGTCATGGTACGCATGTTGCTGG	1
357	356	2	GGTCATGGTACGCATGTTGCTGGT	1
358	357	2	GTCATGGTACGCATGTTGCTGGTA	1
359	358	2	TCATGGTACGCATGTTGCTGGTAC	1
360	359	2	CATGGTACGCATGTTGCTGGTACC	1
361	360	2	ATGGTACGCATGTTGCTGGTACCA	1
362	361	2	TGGTACGCATGTTGCTGGTACCAT	1
363	362	2	GGTACGCATGTTGCTGGTACCATT	1
364	363	2	GTACGCATGTTGCTGGTACCATTG	1
365	364	2	TACGCATGTTGCTGGTACCATTGC	1
366	365	2	ACGCATGTTGCTGGTACCATTGCT	1
367	366	2	CGCATGTTGCTGGTACCATTGCTA	1
368	367	1	GCATGTTGCTGGTACCATTGCTAG	1
369	368	1	CATGTTGCTGGTACCATTGCTAGC	1
370	369	1	ATGTTGCTGGTACCATTGCTAGCC	1
371	370	1	TGTTGCTGGTACCATTGCTAGCCG	1
372	371	1	GTTGCTGGTACCATTGCTAGCCGT	1
373	372	1	TTGCTGGTACCATTGCTAGCCGTG	1
374	373	1	TGCTGGTACCATTGCTAGCCGTGC	1
375	374	1	GCTGGTACCATTGCTAGCCGTGCT	1
376	375	1	CTGGTACCATTGCTAGCCGTGCTT	1
377	376	1	TGGTACCATTGCTAGCCGTGCTTA	1
378	377	1	GGTACCATTGCTAGCCGTGCTTAT	1
379	-1	0	CGTTTGCTCCTTTTATGATTGTTC	1
380	379	1	GTTTGCTCCTTTTATGATTGTTCT	1
381	380	1	TTTGCTCCTTTTATGATTGTTCTT	1
382	381	1	TTGCTCCTTTTATGATTGTTCTTT	1
383	382	1	TGCTCCTTTTATGATTGTTCTTTA	1
384	383	1	GCTCCTTTTATGATTGTTCTTTAC	1
385	384	1	CTCCTTTTATGATTGTTCTTTACA	1
386	385	1	TCCTTTTATGATTGTTCTTTACAA	1
387	386	1	CCTTTTATGATTGTTCTTTACAAA	1
388	387	1	CTTTTATGATTGTTCTTTACAAAC	1
389	388	2	TTTTATGATTGTTCTTTACAAACA	1
390	389	2	TTTATGATTGTTCTTTACAAACAG	1
391	390	2	TTATGATTGTTCTTTACAAACAGT	1
392	391	2	TATGATTGTTCTTTACAAACAGTT	1
393	392	2	ATGATTGTTCTTTACAAACAGTTT	1
394	393	2	TGATTGTTCTTTACAAACAGTTTA	1
395	394	2	GATTGTTCTTTACAAACAGTTTAT	1
396	395	2	ATTGTTCTTTACAAACAGTTTATA	1
397	396	2	TTGTTCTTTACAAACAGTTTATAA	1
398	397	2	TGTTCTTTACAAACAGTTTATAAT	1
399	398	2	GTTCTTTACAAACAGTTTATAATG	1
400	399	2	TTCTTTACAAACAGTTTATAATGA	1
401	400	2	TCTTTACAAACAGTTTATAATGAT	1
402	401	2	CTTTACAAACAGTTTATAATGATT	1
403	402	2	TTTACAAACAGTTTATAATGATTG	1
404	403	3	TTACAAACAGTTTATAATGATTGT	1
405	404	3	TACAAACAGTTTATAATGATTGTT	1
406	405	3	ACAAACAGTTTATAATGATTGTTA	1
407	406	3	CAAACAGTTTATAATGATTGTTAT	1
408	407	3	AAACAGTTTATAATGATTGTTATG	1
409	408	3	AACAGTTTATAATGATTGTTATGA	1
410	409	3	ACAGTTTATAATGATTGTTATGAC	1
411	410	3	CAGTTTATAATGATTGTTATGACA	1
412	411	3	AGTTTATAATGATTGTTATGACAA	1
413	412	3	GTTTATAATGATTGTTATGACAAT	1
414	413	3	TTTATAATGATTGTTATGACAATA	1
415	414	3	TTATAATGATTGTTATGACAATAA	1
416	415	3	TATAATGATTGTTATGACAATAAA	1
417	416	3	ATAATGATTGTTATGACAATAAAT	1
418	417	3	TAATGATTGTTATGACAATAAATA	1
419	418	3	AATGATTGTTATGACAATAAATAT	1
420	419	3	ATGATTGTTATGACAATAAATATT	1
421	420	3	TGATTGTTATGACAATAAATATTT	1
422	421	3	GATTGTTATGACAATAAATATTTT	1
423	422	3	ATTGTTATGACAATAAATATTTTA	1
424	423	2	TTGTTATGACAATAAATATTTTAT	1
425	424	2	TGTTATGACAATAAATATTTTATA	1
426	425	2	GTTATGACAATAAATATTTTATAA	1
427	426	2	TTATGACAATAAATATTTTATAAT	1
428	427	2	TATGACAATAAATATTTTATAATG	1
429	428	2	ATGACAATAAATATTTTATAATGC	1
430	429	2	TGACAATAAATATTTTATAATGCA	1
431	430	2	GACAATAAATATTTTATAATGCAA	1
432	431	2	ACAATAAATATTTTATAATGCAAG	1
433	432	1	CAATAAATATTTTATAATGCAAGC	1
434	433	1	AATAAATATTTTATAATGCAAGCC	1
435	434	1	ATAAATATTTTATAATGCAAGCCA	1
436	435	1	TAAATATTTTATAATGCAAGCCAC	1
437	436	1	AAATATTTTATAATGCAAGCCACT	1
438	437	1	AATATTTTATAATGCAAGCCACTG	1
439	438	1	ATATTTTATAATGCAAGCCACTGA	1
440	439	1	TATTTTATAATGCAAGCCACTGAA	1
441	440	1	ATTTTATAATGCAAGCCACTGAAT	1
442	441	1	TTTTATAATGCAAGCCACTGAATC	1
443	442	1	TTTATAATGCAAGCCACTGAATCA	1
444	443	1	TTATAATGCAAGCCACTGAATCAC	1
445	444	1	TATAATGCAAGCCACTGAATCACG	1
446	445	1	ATAATGCAAGCCACTGAATCACGT	1
447	446	1	TAATGCAAGCCACTGAATCACGTT	1
