Component 374
1	-1	0	CGTTCTTGGTGGTGGTATCATTGG	1
2	1	1	GTTCTTGGTGGTGGTATCATTGGA	1
3	2	1	TTCTTGGTGGTGGTATCATTGGAT	1
4	3	1	TCTTGGTGGTGGTATCATTGGATT	1
5	4	1	CTTGGTGGTGGTATCATTGGATTG	1
6	5	1	TTGGTGGTGGTATCATTGGATTGG	1
7	6	1	TGGTGGTGGTATCATTGGATTGGA	1
8	7	1	GGTGGTGGTATCATTGGATTGGAG	1
9	8	1	GTGGTGGTATCATTGGATTGGAGA	1
10	9	1	TGGTGGTATCATTGGATTGGAGAT	1
11	10	1	GGTGGTATCATTGGATTGGAGATG	1
12	11	1	GTGGTATCATTGGATTGGAGATGG	1
13	12	1	TGGTATCATTGGATTGGAGATGGG	1
14	13	1	GGTATCATTGGATTGGAGATGGGC	1
15	14	1	GTATCATTGGATTGGAGATGGGCA	1
16	15	1	TATCATTGGATTGGAGATGGGCAG	1
17	16	1	ATCATTGGATTGGAGATGGGCAGT	1
18	17	1	TCATTGGATTGGAGATGGGCAGTG	1
19	18	1	CATTGGATTGGAGATGGGCAGTGT	1
20	19	1	ATTGGATTGGAGATGGGCAGTGTA	1
21	20	1	TTGGATTGGAGATGGGCAGTGTAT	1
22	21	1	TGGATTGGAGATGGGCAGTGTATG	1
23	22	1	GGATTGGAGATGGGCAGTGTATGG	1
24	23	1	GATTGGAGATGGGCAGTGTATGGT	1
25	24	1	ATTGGAGATGGGCAGTGTATGGTC	1
26	25	1	TTGGAGATGGGCAGTGTATGGTCA	1
27	26	1	TGGAGATGGGCAGTGTATGGTCAA	1
28	27	1	GGAGATGGGCAGTGTATGGTCAAG	1
29	28	1	GAGATGGGCAGTGTATGGTCAAGA	1
30	29	1	AGATGGGCAGTGTATGGTCAAGAC	1
31	30	1	GATGGGCAGTGTATGGTCAAGACT	1
32	31	2	ATGGGCAGTGTATGGTCAAGACTT	1
33	32	2	TGGGCAGTGTATGGTCAAGACTTG	1
34	33	2	GGGCAGTGTATGGTCAAGACTTGG	1
35	34	2	GGCAGTGTATGGTCAAGACTTGGT	1
36	35	2	GCAGTGTATGGTCAAGACTTGGTG	1
37	36	2	CAGTGTATGGTCAAGACTTGGTGC	1
38	37	2	AGTGTATGGTCAAGACTTGGTGCA	1
39	38	2	GTGTATGGTCAAGACTTGGTGCAG	1
40	39	2	TGTATGGTCAAGACTTGGTGCAGA	1
41	40	2	GTATGGTCAAGACTTGGTGCAGAG	1
42	41	2	TATGGTCAAGACTTGGTGCAGAGG	1
43	42	2	ATGGTCAAGACTTGGTGCAGAGGT	1
44	43	1	TGGTCAAGACTTGGTGCAGAGGTT	1
45	44	1	GGTCAAGACTTGGTGCAGAGGTTA	1
46	45	1	GTCAAGACTTGGTGCAGAGGTTAC	1
47	46	1	TCAAGACTTGGTGCAGAGGTTACC	1
48	47	1	CAAGACTTGGTGCAGAGGTTACCG	1
49	48	1	AAGACTTGGTGCAGAGGTTACCGT	1
50	49	1	AGACTTGGTGCAGAGGTTACCGTC	1
51	50	1	GACTTGGTGCAGAGGTTACCGTCG	1
52	51	1	ACTTGGTGCAGAGGTTACCGTCGT	1
53	52	1	CTTGGTGCAGAGGTTACCGTCGTT	1
54	53	1	TTGGTGCAGAGGTTACCGTCGTTG	1
55	54	1	TGGTGCAGAGGTTACCGTCGTTGA	1
56	55	1	GGTGCAGAGGTTACCGTCGTTGAG	1
57	56	1	GTGCAGAGGTTACCGTCGTTGAGT	1
58	57	1	TGCAGAGGTTACCGTCGTTGAGTT	1
59	58	1	GCAGAGGTTACCGTCGTTGAGTTT	1
60	59	2	CAGAGGTTACCGTCGTTGAGTTTT	1
61	60	2	AGAGGTTACCGTCGTTGAGTTTTT	1
62	61	2	GAGGTTACCGTCGTTGAGTTTTTG	1
63	62	2	AGGTTACCGTCGTTGAGTTTTTGC	1
64	63	2	GGTTACCGTCGTTGAGTTTTTGCC	1
65	64	2	GTTACCGTCGTTGAGTTTTTGCCA	1
66	65	2	TTACCGTCGTTGAGTTTTTGCCAG	1
67	66	2	TACCGTCGTTGAGTTTTTGCCAGC	1
68	67	2	ACCGTCGTTGAGTTTTTGCCAGCT	1
69	68	2	CCGTCGTTGAGTTTTTGCCAGCTG	1
70	69	2	CGTCGTTGAGTTTTTGCCAGCTGT	1
71	70	2	GTCGTTGAGTTTTTGCCAGCTGTT	1
72	71	2	TCGTTGAGTTTTTGCCAGCTGTTG	1
73	72	2	CGTTGAGTTTTTGCCAGCTGTTGG	1
74	73	2	GTTGAGTTTTTGCCAGCTGTTGGA	1
75	74	2	TTGAGTTTTTGCCAGCTGTTGGAG	1
76	75	1	TGAGTTTTTGCCAGCTGTTGGAGG	1
77	76	1	GAGTTTTTGCCAGCTGTTGGAGGT	1
78	77	1	AGTTTTTGCCAGCTGTTGGAGGTC	1
79	78	1	GTTTTTGCCAGCTGTTGGAGGTCC	1
80	79	1	TTTTTGCCAGCTGTTGGAGGTCCT	1
81	80	1	TTTTGCCAGCTGTTGGAGGTCCTA	1
82	81	1	TTTGCCAGCTGTTGGAGGTCCTAT	1
83	82	1	TTGCCAGCTGTTGGAGGTCCTATG	1
84	83	1	TGCCAGCTGTTGGAGGTCCTATGG	1
85	84	1	GCCAGCTGTTGGAGGTCCTATGGA	1
86	85	2	CCAGCTGTTGGAGGTCCTATGGAT	1
87	86	2	CAGCTGTTGGAGGTCCTATGGATG	1
88	87	2	AGCTGTTGGAGGTCCTATGGATGC	1
89	88	2	GCTGTTGGAGGTCCTATGGATGCA	1
90	89	2	CTGTTGGAGGTCCTATGGATGCAG	1
91	90	2	TGTTGGAGGTCCTATGGATGCAGA	1
92	91	2	GTTGGAGGTCCTATGGATGCAGAC	1
93	92	2	TTGGAGGTCCTATGGATGCAGACA	1
94	93	2	TGGAGGTCCTATGGATGCAGACAT	1
95	94	2	GGAGGTCCTATGGATGCAGACATT	1
96	95	2	GAGGTCCTATGGATGCAGACATTT	1
97	96	2	AGGTCCTATGGATGCAGACATTTC	1
98	97	2	GGTCCTATGGATGCAGACATTTCC	1
99	98	2	GTCCTATGGATGCAGACATTTCCA	1
100	99	2	TCCTATGGATGCAGACATTTCCAA	1
101	100	2	CCTATGGATGCAGACATTTCCAAG	1
102	101	2	CTATGGATGCAGACATTTCCAAGG	1
103	102	1	TATGGATGCAGACATTTCCAAGGC	1
104	103	1	ATGGATGCAGACATTTCCAAGGCT	1
105	104	1	TGGATGCAGACATTTCCAAGGCTT	1
106	105	1	GGATGCAGACATTTCCAAGGCTTT	1
107	106	1	GATGCAGACATTTCCAAGGCTTTA	1
108	107	1	ATGCAGACATTTCCAAGGCTTTAT	1
109	108	1	TGCAGACATTTCCAAGGCTTTATC	1
110	109	1	GCAGACATTTCCAAGGCTTTATCT	1
111	110	1	CAGACATTTCCAAGGCTTTATCTC	1
112	111	1	AGACATTTCCAAGGCTTTATCTCG	1
113	112	1	GACATTTCCAAGGCTTTATCTCGT	1
114	113	1	ACATTTCCAAGGCTTTATCTCGTA	1
115	114	1	CATTTCCAAGGCTTTATCTCGTAT	1
116	115	1	ATTTCCAAGGCTTTATCTCGTATC	1
117	116	1	TTTCCAAGGCTTTATCTCGTATCA	1
118	117	1	TTCCAAGGCTTTATCTCGTATCAT	1
119	118	1	TCCAAGGCTTTATCTCGTATCATT	1
120	119	1	CCAAGGCTTTATCTCGTATCATTT	1
121	120	1	CAAGGCTTTATCTCGTATCATTTC	1
122	121	1	AAGGCTTTATCTCGTATCATTTCT	1
123	122	1	AGGCTTTATCTCGTATCATTTCTA	1
124	123	1	GGCTTTATCTCGTATCATTTCTAA	1
125	124	1	GCTTTATCTCGTATCATTTCTAAG	1
126	125	1	CTTTATCTCGTATCATTTCTAAGC	1
127	126	2	TTTATCTCGTATCATTTCTAAGCA	1
128	127	2	TTATCTCGTATCATTTCTAAGCAA	1
129	128	2	TATCTCGTATCATTTCTAAGCAAG	1
130	129	1	ATCTCGTATCATTTCTAAGCAAGG	1
131	130	1	TCTCGTATCATTTCTAAGCAAGGT	1
132	131	1	CTCGTATCATTTCTAAGCAAGGTA	1
133	132	1	TCGTATCATTTCTAAGCAAGGTAT	1
134	133	1	CGTATCATTTCTAAGCAAGGTATC	1
135	134	1	GTATCATTTCTAAGCAAGGTATCA	1
136	135	1	TATCATTTCTAAGCAAGGTATCAA	1
137	136	1	ATCATTTCTAAGCAAGGTATCAAA	1
138	137	1	TCATTTCTAAGCAAGGTATCAAAT	1
139	138	1	CATTTCTAAGCAAGGTATCAAATT	1
140	139	1	ATTTCTAAGCAAGGTATCAAATTT	1
141	140	1	TTTCTAAGCAAGGTATCAAATTTA	1
142	141	1	TTCTAAGCAAGGTATCAAATTTAA	1
143	142	1	TCTAAGCAAGGTATCAAATTTAAG	1
144	143	1	CTAAGCAAGGTATCAAATTTAAGA	1
145	144	1	TAAGCAAGGTATCAAATTTAAGAC	1
146	145	1	AAGCAAGGTATCAAATTTAAGACA	1
147	146	1	AGCAAGGTATCAAATTTAAGACAT	1
148	147	1	GCAAGGTATCAAATTTAAGACATC	1
149	148	1	CAAGGTATCAAATTTAAGACATCT	1
150	149	1	AAGGTATCAAATTTAAGACATCTA	1
151	150	1	AGGTATCAAATTTAAGACATCTAC	1
152	151	1	GGTATCAAATTTAAGACATCTACC	1
153	152	2	GTATCAAATTTAAGACATCTACCA	1
154	153	2	TATCAAATTTAAGACATCTACCAA	1
155	154	2	ATCAAATTTAAGACATCTACCAAA	1
156	155	2	TCAAATTTAAGACATCTACCAAAT	1
157	156	2	CAAATTTAAGACATCTACCAAATT	1
158	157	2	AAATTTAAGACATCTACCAAATTG	1
159	158	2	AATTTAAGACATCTACCAAATTGC	1
160	159	2	ATTTAAGACATCTACCAAATTGCT	1
161	160	2	TTTAAGACATCTACCAAATTGCTT	1
162	161	2	TTAAGACATCTACCAAATTGCTTA	1
163	162	2	TAAGACATCTACCAAATTGCTTAG	1
164	163	2	AAGACATCTACCAAATTGCTTAGC	1
165	164	2	AGACATCTACCAAATTGCTTAGCG	1
166	165	2	GACATCTACCAAATTGCTTAGCGC	1
167	166	2	ACATCTACCAAATTGCTTAGCGCC	1
168	167	2	CATCTACCAAATTGCTTAGCGCCA	1
169	168	2	ATCTACCAAATTGCTTAGCGCCAA	1
170	169	2	TCTACCAAATTGCTTAGCGCCAAG	1
171	170	1	CTACCAAATTGCTTAGCGCCAAGG	1
172	171	1	TACCAAATTGCTTAGCGCCAAGGT	1
173	172	1	ACCAAATTGCTTAGCGCCAAGGTG	1
174	173	1	CCAAATTGCTTAGCGCCAAGGTGA	1
175	174	1	CAAATTGCTTAGCGCCAAGGTGAA	1
176	175	1	AAATTGCTTAGCGCCAAGGTGAAT	1
177	176	1	AATTGCTTAGCGCCAAGGTGAATG	1
178	177	2	ATTGCTTAGCGCCAAGGTGAATGG	1
179	178	2	TTGCTTAGCGCCAAGGTGAATGGT	1
180	179	2	TGCTTAGCGCCAAGGTGAATGGTG	1
181	180	2	GCTTAGCGCCAAGGTGAATGGTGA	1
182	181	2	CTTAGCGCCAAGGTGAATGGTGAC	1
183	182	2	TTAGCGCCAAGGTGAATGGTGACA	1
184	183	2	TAGCGCCAAGGTGAATGGTGACAG	1
185	184	2	AGCGCCAAGGTGAATGGTGACAGC	1
186	185	2	GCGCCAAGGTGAATGGTGACAGCG	1
187	186	2	CGCCAAGGTGAATGGTGACAGCGT	1
188	187	2	GCCAAGGTGAATGGTGACAGCGTT	1
189	188	2	CCAAGGTGAATGGTGACAGCGTTG	1
190	189	2	CAAGGTGAATGGTGACAGCGTTGA	1
191	190	2	AAGGTGAATGGTGACAGCGTTGAG	1
192	191	2	AGGTGAATGGTGACAGCGTTGAGG	1
193	192	2	GGTGAATGGTGACAGCGTTGAGGT	1
194	193	2	GTGAATGGTGACAGCGTTGAGGTT	1
195	194	2	TGAATGGTGACAGCGTTGAGGTTG	1
196	195	2	GAATGGTGACAGCGTTGAGGTTGA	1
197	196	1	AATGGTGACAGCGTTGAGGTTGAA	1
198	197	1	ATGGTGACAGCGTTGAGGTTGAAA	1
199	198	1	TGGTGACAGCGTTGAGGTTGAAAT	1
200	199	1	GGTGACAGCGTTGAGGTTGAAATT	1
201	200	1	GTGACAGCGTTGAGGTTGAAATTG	1
202	201	1	TGACAGCGTTGAGGTTGAAATTGA	1
203	202	1	GACAGCGTTGAGGTTGAAATTGAG	1
204	203	1	ACAGCGTTGAGGTTGAAATTGAGA	1
205	204	1	CAGCGTTGAGGTTGAAATTGAGAA	1
206	205	2	AGCGTTGAGGTTGAAATTGAGAAT	1
207	206	2	GCGTTGAGGTTGAAATTGAGAATA	1
208	207	2	CGTTGAGGTTGAAATTGAGAATAT	1
209	208	3	GTTGAGGTTGAAATTGAGAATATG	1
210	209	3	TTGAGGTTGAAATTGAGAATATGA	1
211	210	3	TGAGGTTGAAATTGAGAATATGAA	1
212	211	3	GAGGTTGAAATTGAGAATATGAAG	1
213	212	3	AGGTTGAAATTGAGAATATGAAGA	1
214	213	3	GGTTGAAATTGAGAATATGAAGAA	1
215	214	3	GTTGAAATTGAGAATATGAAGAAT	1
216	215	3	TTGAAATTGAGAATATGAAGAATA	1
217	216	3	TGAAATTGAGAATATGAAGAATAA	1
218	217	3	GAAATTGAGAATATGAAGAATAAC	1
219	218	3	AAATTGAGAATATGAAGAATAACA	1
220	219	3	AATTGAGAATATGAAGAATAACAA	1
221	220	3	ATTGAGAATATGAAGAATAACAAG	1
222	221	2	TTGAGAATATGAAGAATAACAAGC	1
223	222	2	TGAGAATATGAAGAATAACAAGCG	1
224	223	2	GAGAATATGAAGAATAACAAGCGT	1
225	224	2	AGAATATGAAGAATAACAAGCGTG	1
226	225	2	GAATATGAAGAATAACAAGCGTGA	1
227	226	2	AATATGAAGAATAACAAGCGTGAA	1
228	227	2	ATATGAAGAATAACAAGCGTGAAA	1
229	228	2	TATGAAGAATAACAAGCGTGAAAC	1
230	229	2	ATGAAGAATAACAAGCGTGAAACT	1
231	230	2	TGAAGAATAACAAGCGTGAAACTT	1
232	231	2	GAAGAATAACAAGCGTGAAACTTA	1
233	232	2	AAGAATAACAAGCGTGAAACTTAT	1
234	233	2	AGAATAACAAGCGTGAAACTTATC	1
235	234	2	GAATAACAAGCGTGAAACTTATCA	1
236	235	2	AATAACAAGCGTGAAACTTATCAG	1
237	236	2	ATAACAAGCGTGAAACTTATCAGA	1
238	237	3	TAACAAGCGTGAAACTTATCAGAC	1
239	238	3	AACAAGCGTGAAACTTATCAGACT	1
240	239	3	ACAAGCGTGAAACTTATCAGACTG	1
241	240	3	CAAGCGTGAAACTTATCAGACTGA	1
242	241	4	AAGCGTGAAACTTATCAGACTGAT	1
243	242	4	AGCGTGAAACTTATCAGACTGATG	1
244	243	4	GCGTGAAACTTATCAGACTGATGT	1
245	244	4	CGTGAAACTTATCAGACTGATGTT	1
246	245	4	GTGAAACTTATCAGACTGATGTTT	1
247	246	4	TGAAACTTATCAGACTGATGTTTT	1
248	247	4	GAAACTTATCAGACTGATGTTTTG	1
249	248	4	AAACTTATCAGACTGATGTTTTGT	1
250	249	3	AACTTATCAGACTGATGTTTTGTT	1
251	250	3	ACTTATCAGACTGATGTTTTGTTG	1
252	251	3	CTTATCAGACTGATGTTTTGTTGG	1
253	252	2	TTATCAGACTGATGTTTTGTTGGT	1
254	253	2	TATCAGACTGATGTTTTGTTGGTT	1
255	254	2	ATCAGACTGATGTTTTGTTGGTTG	1
256	255	2	TCAGACTGATGTTTTGTTGGTTGC	1
257	256	2	CAGACTGATGTTTTGTTGGTTGCT	1
258	257	2	AGACTGATGTTTTGTTGGTTGCTA	1
259	258	2	GACTGATGTTTTGTTGGTTGCTAT	1
260	259	2	ACTGATGTTTTGTTGGTTGCTATC	1
261	260	2	CTGATGTTTTGTTGGTTGCTATCG	1
262	261	2	TGATGTTTTGTTGGTTGCTATCGG	1
263	262	2	GATGTTTTGTTGGTTGCTATCGGC	1
264	263	2	ATGTTTTGTTGGTTGCTATCGGCC	1
265	264	2	TGTTTTGTTGGTTGCTATCGGCCG	1
266	265	2	GTTTTGTTGGTTGCTATCGGCCGT	1
267	266	2	TTTTGTTGGTTGCTATCGGCCGTG	1
268	267	2	TTTGTTGGTTGCTATCGGCCGTGT	1
269	268	2	TTGTTGGTTGCTATCGGCCGTGTT	1
270	269	2	TGTTGGTTGCTATCGGCCGTGTTC	1
271	270	2	GTTGGTTGCTATCGGCCGTGTTCC	1
272	271	2	TTGGTTGCTATCGGCCGTGTTCCA	1
273	272	2	TGGTTGCTATCGGCCGTGTTCCAT	1
274	273	2	GGTTGCTATCGGCCGTGTTCCATA	1
275	274	2	GTTGCTATCGGCCGTGTTCCATAC	1
276	275	2	TTGCTATCGGCCGTGTTCCATACA	1
277	276	2	TGCTATCGGCCGTGTTCCATACAC	1
278	277	2	GCTATCGGCCGTGTTCCATACACT	1
279	278	2	CTATCGGCCGTGTTCCATACACTG	1
280	279	2	TATCGGCCGTGTTCCATACACTGA	1
281	280	2	ATCGGCCGTGTTCCATACACTGAG	1
282	281	1	TCGGCCGTGTTCCATACACTGAGG	1
283	282	1	CGGCCGTGTTCCATACACTGAGGG	1
284	283	1	GGCCGTGTTCCATACACTGAGGGT	1
285	284	1	GCCGTGTTCCATACACTGAGGGTC	1
286	-1	0	CCGGTATTGAATATCTTTTCAAAA	1
287	286	1	CGGTATTGAATATCTTTTCAAAAA	1
288	287	1	GGTATTGAATATCTTTTCAAAAAA	1
289	288	1	GTATTGAATATCTTTTCAAAAAAA	1
290	289	1	TATTGAATATCTTTTCAAAAAAAA	1
291	290	1	ATTGAATATCTTTTCAAAAAAAAT	1
292	291	1	TTGAATATCTTTTCAAAAAAAATA	1
293	292	1	TGAATATCTTTTCAAAAAAAATAA	1
294	293	1	GAATATCTTTTCAAAAAAAATAAG	1
295	294	1	AATATCTTTTCAAAAAAAATAAGG	1
296	295	1	ATATCTTTTCAAAAAAAATAAGGT	1
297	296	1	TATCTTTTCAAAAAAAATAAGGTA	1
298	297	1	ATCTTTTCAAAAAAAATAAGGTAG	1
299	298	1	TCTTTTCAAAAAAAATAAGGTAGA	1
300	299	1	CTTTTCAAAAAAAATAAGGTAGAA	1
301	300	1	TTTTCAAAAAAAATAAGGTAGAAT	1
302	301	1	TTTCAAAAAAAATAAGGTAGAATA	1
303	302	1	TTCAAAAAAAATAAGGTAGAATAT	1
304	303	1	TCAAAAAAAATAAGGTAGAATATG	1
305	304	1	CAAAAAAAATAAGGTAGAATATGC	1
306	305	1	AAAAAAAATAAGGTAGAATATGCT	1
307	306	1	AAAAAAATAAGGTAGAATATGCTA	1
308	307	2	AAAAAATAAGGTAGAATATGCTAA	1
309	308	2	AAAAATAAGGTAGAATATGCTAAG	1
310	309	2	AAAATAAGGTAGAATATGCTAAGG	1
311	310	2	AAATAAGGTAGAATATGCTAAGGG	1
312	311	2	AATAAGGTAGAATATGCTAAGGGT	1
313	312	2	ATAAGGTAGAATATGCTAAGGGTA	1
314	313	2	TAAGGTAGAATATGCTAAGGGTAC	1
315	314	2	AAGGTAGAATATGCTAAGGGTACA	1
316	315	2	AGGTAGAATATGCTAAGGGTACAG	1
317	316	2	GGTAGAATATGCTAAGGGTACAGG	1
318	317	2	GTAGAATATGCTAAGGGTACAGGC	1
319	318	2	TAGAATATGCTAAGGGTACAGGCT	1
320	319	2	AGAATATGCTAAGGGTACAGGCTC	1
321	320	2	GAATATGCTAAGGGTACAGGCTCT	1
322	321	2	AATATGCTAAGGGTACAGGCTCTT	1
323	322	2	ATATGCTAAGGGTACAGGCTCTTT	1
324	323	2	TATGCTAAGGGTACAGGCTCTTTC	1
325	324	2	ATGCTAAGGGTACAGGCTCTTTCA	1
326	325	2	TGCTAAGGGTACAGGCTCTTTCAT	1
327	326	2	GCTAAGGGTACAGGCTCTTTCATC	1
328	327	2	CTAAGGGTACAGGCTCTTTCATCG	1
329	328	2	TAAGGGTACAGGCTCTTTCATCGA	1
330	329	2	AAGGGTACAGGCTCTTTCATCGAT	1
331	330	1	AGGGTACAGGCTCTTTCATCGATC	1
332	331	1	GGGTACAGGCTCTTTCATCGATCC	1
333	332	1	GGTACAGGCTCTTTCATCGATCCT	1
334	333	1	GTACAGGCTCTTTCATCGATCCTC	1
335	334	1	TACAGGCTCTTTCATCGATCCTCA	1
336	335	1	ACAGGCTCTTTCATCGATCCTCAA	1
337	336	1	CAGGCTCTTTCATCGATCCTCAAA	1
338	337	1	AGGCTCTTTCATCGATCCTCAAAC	1
339	338	1	GGCTCTTTCATCGATCCTCAAACT	1
340	339	1	GCTCTTTCATCGATCCTCAAACTC	1
341	340	2	CTCTTTCATCGATCCTCAAACTCT	1
342	341	2	TCTTTCATCGATCCTCAAACTCTC	1
343	342	2	CTTTCATCGATCCTCAAACTCTCT	1
344	343	2	TTTCATCGATCCTCAAACTCTCTC	1
345	344	2	TTCATCGATCCTCAAACTCTCTCT	1
346	345	3	TCATCGATCCTCAAACTCTCTCTG	1
347	346	3	CATCGATCCTCAAACTCTCTCTGT	1
348	347	3	ATCGATCCTCAAACTCTCTCTGTT	1
349	348	3	TCGATCCTCAAACTCTCTCTGTTA	1
350	349	3	CGATCCTCAAACTCTCTCTGTTAA	1
351	350	3	GATCCTCAAACTCTCTCTGTTAAG	1
352	351	2	ATCCTCAAACTCTCTCTGTTAAGG	1
353	352	2	TCCTCAAACTCTCTCTGTTAAGGG	1
354	353	2	CCTCAAACTCTCTCTGTTAAGGGA	1
355	354	2	CTCAAACTCTCTCTGTTAAGGGAA	1
356	355	2	TCAAACTCTCTCTGTTAAGGGAAT	1
357	356	2	CAAACTCTCTCTGTTAAGGGAATT	1
358	357	2	AAACTCTCTCTGTTAAGGGAATTG	1
359	358	2	AACTCTCTCTGTTAAGGGAATTGA	1
360	359	2	ACTCTCTCTGTTAAGGGAATTGAT	1
361	360	2	CTCTCTCTGTTAAGGGAATTGATG	1
362	361	2	TCTCTCTGTTAAGGGAATTGATGG	1
363	362	2	CTCTCTGTTAAGGGAATTGATGGT	1
364	363	2	TCTCTGTTAAGGGAATTGATGGTG	1
365	364	2	CTCTGTTAAGGGAATTGATGGTGC	1
366	365	2	TCTGTTAAGGGAATTGATGGTGCT	1
367	366	2	CTGTTAAGGGAATTGATGGTGCTG	1
368	367	2	TGTTAAGGGAATTGATGGTGCTGC	1
369	368	2	GTTAAGGGAATTGATGGTGCTGCA	1
370	369	2	TTAAGGGAATTGATGGTGCTGCAG	1
371	370	2	TAAGGGAATTGATGGTGCTGCAGA	1
372	371	2	AAGGGAATTGATGGTGCTGCAGAT	1
373	372	2	AGGGAATTGATGGTGCTGCAGATC	1
374	373	2	GGGAATTGATGGTGCTGCAGATCA	1
375	374	2	GGAATTGATGGTGCTGCAGATCAA	1
376	375	2	GAATTGATGGTGCTGCAGATCAAA	1
377	376	2	AATTGATGGTGCTGCAGATCAAAC	1
378	377	2	ATTGATGGTGCTGCAGATCAAACT	1
379	378	2	TTGATGGTGCTGCAGATCAAACTA	1
380	379	2	TGATGGTGCTGCAGATCAAACTAT	1
381	380	2	GATGGTGCTGCAGATCAAACTATT	1
382	381	2	ATGGTGCTGCAGATCAAACTATTA	1
383	382	2	TGGTGCTGCAGATCAAACTATTAA	1
384	383	2	GGTGCTGCAGATCAAACTATTAAA	1
385	384	1	GTGCTGCAGATCAAACTATTAAAG	1
386	385	1	TGCTGCAGATCAAACTATTAAAGC	1
387	386	1	GCTGCAGATCAAACTATTAAAGCC	1
388	387	1	CTGCAGATCAAACTATTAAAGCCA	1
389	388	1	TGCAGATCAAACTATTAAAGCCAA	1
390	-1	0	TCCCCCATATCCGTGTGATTGGTG	1
391	390	1	CCCCCATATCCGTGTGATTGGTGA	1
392	391	1	CCCCATATCCGTGTGATTGGTGAC	1
393	392	2	CCCATATCCGTGTGATTGGTGACG	1
394	393	4	CCATATCCGTGTGATTGGTGACGC	1
395	394	4	CATATCCGTGTGATTGGTGACGCT	1
396	395	3	ATATCCGTGTGATTGGTGACGCTA	1
397	396	3	TATCCGTGTGATTGGTGACGCTAC	1
398	397	3	ATCCGTGTGATTGGTGACGCTACC	1
399	398	3	TCCGTGTGATTGGTGACGCTACCC	1
400	399	3	CCGTGTGATTGGTGACGCTACCCT	1
401	400	4	CGTGTGATTGGTGACGCTACCCTT	1
402	401	4	GTGTGATTGGTGACGCTACCCTTG	1
403	402	4	TGTGATTGGTGACGCTACCCTTGG	1
404	403	4	GTGATTGGTGACGCTACCCTTGGT	1
405	404	4	TGATTGGTGACGCTACCCTTGGTC	1
406	405	4	GATTGGTGACGCTACCCTTGGTCC	1
407	406	4	ATTGGTGACGCTACCCTTGGTCCT	1
408	407	4	TTGGTGACGCTACCCTTGGTCCTA	1
409	408	4	TGGTGACGCTACCCTTGGTCCTAT	1
410	409	4	GGTGACGCTACCCTTGGTCCTATG	1
411	410	4	GTGACGCTACCCTTGGTCCTATGT	1
412	411	4	TGACGCTACCCTTGGTCCTATGTT	1
413	412	4	GACGCTACCCTTGGTCCTATGTTA	1
414	413	4	ACGCTACCCTTGGTCCTATGTTAG	1
415	414	4	CGCTACCCTTGGTCCTATGTTAGC	1
416	415	4	GCTACCCTTGGTCCTATGTTAGCT	1
417	416	4	CTACCCTTGGTCCTATGTTAGCTC	1
418	417	4	TACCCTTGGTCCTATGTTAGCTCA	1
419	418	4	ACCCTTGGTCCTATGTTAGCTCAC	1
420	419	4	CCCTTGGTCCTATGTTAGCTCACA	1
421	420	5	CCTTGGTCCTATGTTAGCTCACAA	1
422	421	5	CTTGGTCCTATGTTAGCTCACAAG	1
423	422	4	TTGGTCCTATGTTAGCTCACAAGG	1
424	423	4	TGGTCCTATGTTAGCTCACAAGGC	1
425	424	4	GGTCCTATGTTAGCTCACAAGGCA	1
426	425	4	GTCCTATGTTAGCTCACAAGGCAG	1
427	426	5	TCCTATGTTAGCTCACAAGGCAGA	1
428	427	5	CCTATGTTAGCTCACAAGGCAGAA	1
429	428	5	CTATGTTAGCTCACAAGGCAGAAG	1
430	429	5	TATGTTAGCTCACAAGGCAGAAGA	1
431	430	5	ATGTTAGCTCACAAGGCAGAAGAT	1
432	431	5	TGTTAGCTCACAAGGCAGAAGATG	1
433	432	5	GTTAGCTCACAAGGCAGAAGATGA	1
434	433	5	TTAGCTCACAAGGCAGAAGATGAG	1
435	434	4	TAGCTCACAAGGCAGAAGATGAGG	1
436	435	4	AGCTCACAAGGCAGAAGATGAGGG	1
437	436	2	GCTCACAAGGCAGAAGATGAGGGT	1
438	437	2	CTCACAAGGCAGAAGATGAGGGTA	1
439	438	2	TCACAAGGCAGAAGATGAGGGTAT	1
440	439	2	CACAAGGCAGAAGATGAGGGTATT	1
441	440	2	ACAAGGCAGAAGATGAGGGTATTG	1
442	441	2	CAAGGCAGAAGATGAGGGTATTGC	1
443	442	2	AAGGCAGAAGATGAGGGTATTGCC	1
444	443	2	AGGCAGAAGATGAGGGTATTGCCG	1
445	444	1	GGCAGAAGATGAGGGTATTGCCGC	1
446	445	1	GCAGAAGATGAGGGTATTGCCGCT	1
447	446	1	CAGAAGATGAGGGTATTGCCGCTG	1
448	447	1	AGAAGATGAGGGTATTGCCGCTGT	1
449	448	1	GAAGATGAGGGTATTGCCGCTGTT	1
450	449	1	AAGATGAGGGTATTGCCGCTGTTG	1
451	450	1	AGATGAGGGTATTGCCGCTGTTGA	1
452	451	1	GATGAGGGTATTGCCGCTGTTGAG	1
453	452	1	ATGAGGGTATTGCCGCTGTTGAGT	1
454	453	1	TGAGGGTATTGCCGCTGTTGAGTA	1
455	454	1	GAGGGTATTGCCGCTGTTGAGTAT	1
456	455	1	AGGGTATTGCCGCTGTTGAGTATA	1
457	456	1	GGGTATTGCCGCTGTTGAGTATAT	1
458	457	1	GGTATTGCCGCTGTTGAGTATATC	1
459	458	1	GTATTGCCGCTGTTGAGTATATCG	1
460	459	1	TATTGCCGCTGTTGAGTATATCGC	1
461	460	1	ATTGCCGCTGTTGAGTATATCGCA	1
462	461	1	TTGCCGCTGTTGAGTATATCGCAA	1
463	462	1	TGCCGCTGTTGAGTATATCGCAAA	1
464	463	1	GCCGCTGTTGAGTATATCGCAAAG	1
465	464	1	CCGCTGTTGAGTATATCGCAAAGG	1
466	465	1	CGCTGTTGAGTATATCGCAAAGGG	1
467	466	2	GCTGTTGAGTATATCGCAAAGGGT	1
468	467	2	CTGTTGAGTATATCGCAAAGGGTC	1
469	468	2	TGTTGAGTATATCGCAAAGGGTCA	1
470	469	2	GTTGAGTATATCGCAAAGGGTCAG	1
471	470	1	TTGAGTATATCGCAAAGGGTCAGG	1
472	471	1	TGAGTATATCGCAAAGGGTCAGGG	1
473	472	1	GAGTATATCGCAAAGGGTCAGGGA	1
474	473	1	AGTATATCGCAAAGGGTCAGGGAC	1
475	474	1	GTATATCGCAAAGGGTCAGGGACA	1
476	475	1	TATATCGCAAAGGGTCAGGGACAT	1
477	476	1	ATATCGCAAAGGGTCAGGGACATG	1
478	477	1	TATCGCAAAGGGTCAGGGACATGT	1
479	478	1	ATCGCAAAGGGTCAGGGACATGTT	1
480	479	1	TCGCAAAGGGTCAGGGACATGTTA	1
481	480	1	CGCAAAGGGTCAGGGACATGTTAA	1
482	481	1	GCAAAGGGTCAGGGACATGTTAAT	1
483	482	1	CAAAGGGTCAGGGACATGTTAATT	1
484	483	1	AAAGGGTCAGGGACATGTTAATTA	1
485	484	1	AAGGGTCAGGGACATGTTAATTAC	1
486	485	1	AGGGTCAGGGACATGTTAATTACA	1
487	486	1	GGGTCAGGGACATGTTAATTACAA	1
488	487	1	GGTCAGGGACATGTTAATTACAAC	1
489	488	1	GTCAGGGACATGTTAATTACAACT	1
490	489	1	TCAGGGACATGTTAATTACAACTG	1
491	490	1	CAGGGACATGTTAATTACAACTGT	1
492	491	1	AGGGACATGTTAATTACAACTGTA	1
493	492	1	GGGACATGTTAATTACAACTGTAT	1
494	493	1	GGACATGTTAATTACAACTGTATT	1
495	494	1	GACATGTTAATTACAACTGTATTC	1
496	495	1	ACATGTTAATTACAACTGTATTCC	1
497	496	1	CATGTTAATTACAACTGTATTCCC	1
498	497	1	ATGTTAATTACAACTGTATTCCCG	1
499	498	1	TGTTAATTACAACTGTATTCCCGC	1
500	499	1	GTTAATTACAACTGTATTCCCGCT	1
501	500	1	TTAATTACAACTGTATTCCCGCTG	1
502	501	1	TAATTACAACTGTATTCCCGCTGT	1
503	502	1	AATTACAACTGTATTCCCGCTGTA	1
504	503	1	ATTACAACTGTATTCCCGCTGTAA	1
505	504	1	TTACAACTGTATTCCCGCTGTAAT	1
506	505	1	TACAACTGTATTCCCGCTGTAATG	1
507	506	1	ACAACTGTATTCCCGCTGTAATGT	1
508	507	1	CAACTGTATTCCCGCTGTAATGTA	1
509	508	1	AACTGTATTCCCGCTGTAATGTAC	1
510	509	1	ACTGTATTCCCGCTGTAATGTACA	1
