Component 375
1	-1	0	CCGCTGGTTTCCAAGATCCACCTA	1
2	1	1	CGCTGGTTTCCAAGATCCACCTAG	1
3	2	1	GCTGGTTTCCAAGATCCACCTAGT	1
4	3	1	CTGGTTTCCAAGATCCACCTAGTA	1
5	4	1	TGGTTTCCAAGATCCACCTAGTAT	1
6	5	1	GGTTTCCAAGATCCACCTAGTATG	1
7	6	1	GTTTCCAAGATCCACCTAGTATGT	1
8	7	1	TTTCCAAGATCCACCTAGTATGTT	1
9	8	1	TTCCAAGATCCACCTAGTATGTTT	1
10	9	1	TCCAAGATCCACCTAGTATGTTTG	1
11	10	1	CCAAGATCCACCTAGTATGTTTGG	1
12	11	1	CAAGATCCACCTAGTATGTTTGGC	1
13	12	1	AAGATCCACCTAGTATGTTTGGCA	1
14	13	1	AGATCCACCTAGTATGTTTGGCAC	1
15	14	1	GATCCACCTAGTATGTTTGGCACT	1
16	15	1	ATCCACCTAGTATGTTTGGCACTG	1
17	16	2	TCCACCTAGTATGTTTGGCACTGG	1
18	17	2	CCACCTAGTATGTTTGGCACTGGT	1
19	18	2	CACCTAGTATGTTTGGCACTGGTA	1
20	19	2	ACCTAGTATGTTTGGCACTGGTAT	1
21	20	2	CCTAGTATGTTTGGCACTGGTATC	1
22	21	2	CTAGTATGTTTGGCACTGGTATCA	1
23	22	2	TAGTATGTTTGGCACTGGTATCAT	1
24	23	2	AGTATGTTTGGCACTGGTATCATT	1
25	24	2	GTATGTTTGGCACTGGTATCATTT	1
26	25	3	TATGTTTGGCACTGGTATCATTTT	1
27	26	3	ATGTTTGGCACTGGTATCATTTTA	1
28	27	3	TGTTTGGCACTGGTATCATTTTAG	1
29	28	3	GTTTGGCACTGGTATCATTTTAGC	1
30	29	4	TTTGGCACTGGTATCATTTTAGCC	1
31	30	4	TTGGCACTGGTATCATTTTAGCCG	1
32	31	4	TGGCACTGGTATCATTTTAGCCGG	1
33	32	4	GGCACTGGTATCATTTTAGCCGGT	1
34	33	4	GCACTGGTATCATTTTAGCCGGTC	1
35	34	4	CACTGGTATCATTTTAGCCGGTCA	1
36	35	4	ACTGGTATCATTTTAGCCGGTCAA	1
37	36	4	CTGGTATCATTTTAGCCGGTCAAA	1
38	37	4	TGGTATCATTTTAGCCGGTCAAAA	1
39	38	5	GGTATCATTTTAGCCGGTCAAAAA	1
40	39	5	GTATCATTTTAGCCGGTCAAAAAT	1
41	40	5	TATCATTTTAGCCGGTCAAAAATA	1
42	41	5	ATCATTTTAGCCGGTCAAAAATAC	1
43	42	5	TCATTTTAGCCGGTCAAAAATACA	1
44	43	5	CATTTTAGCCGGTCAAAAATACAT	1
45	44	5	ATTTTAGCCGGTCAAAAATACATC	1
46	45	4	TTTTAGCCGGTCAAAAATACATCA	1
47	46	4	TTTAGCCGGTCAAAAATACATCAC	1
48	47	4	TTAGCCGGTCAAAAATACATCACT	1
49	48	5	TAGCCGGTCAAAAATACATCACTA	1
50	49	6	AGCCGGTCAAAAATACATCACTAT	1
51	50	6	GCCGGTCAAAAATACATCACTATT	1
52	51	7	CCGGTCAAAAATACATCACTATTC	1
53	52	7	CGGTCAAAAATACATCACTATTCG	1
54	53	7	GGTCAAAAATACATCACTATTCGA	1
55	54	7	GTCAAAAATACATCACTATTCGAG	1
56	55	7	TCAAAAATACATCACTATTCGAGC	1
57	56	7	CAAAAATACATCACTATTCGAGCT	1
58	57	7	AAAAATACATCACTATTCGAGCTG	1
59	58	7	AAAATACATCACTATTCGAGCTGA	1
60	59	7	AAATACATCACTATTCGAGCTGAA	1
61	60	6	AATACATCACTATTCGAGCTGAAG	1
62	61	5	ATACATCACTATTCGAGCTGAAGG	1
63	62	5	TACATCACTATTCGAGCTGAAGGA	1
64	63	5	ACATCACTATTCGAGCTGAAGGAC	1
65	64	5	CATCACTATTCGAGCTGAAGGACG	1
66	65	6	ATCACTATTCGAGCTGAAGGACGT	1
67	66	6	TCACTATTCGAGCTGAAGGACGTT	1
68	67	6	CACTATTCGAGCTGAAGGACGTTC	1
69	68	6	ACTATTCGAGCTGAAGGACGTTCT	1
70	69	5	CTATTCGAGCTGAAGGACGTTCTA	1
71	70	5	TATTCGAGCTGAAGGACGTTCTAT	1
72	71	5	ATTCGAGCTGAAGGACGTTCTATC	1
73	72	5	TTCGAGCTGAAGGACGTTCTATCT	1
74	73	4	TCGAGCTGAAGGACGTTCTATCTA	1
75	74	4	CGAGCTGAAGGACGTTCTATCTAT	1
76	75	4	GAGCTGAAGGACGTTCTATCTATG	1
77	76	4	AGCTGAAGGACGTTCTATCTATGG	1
78	77	4	GCTGAAGGACGTTCTATCTATGGT	1
79	78	4	CTGAAGGACGTTCTATCTATGGTA	1
80	79	4	TGAAGGACGTTCTATCTATGGTAA	1
81	80	4	GAAGGACGTTCTATCTATGGTAAA	1
82	81	4	AAGGACGTTCTATCTATGGTAAAT	1
83	82	4	AGGACGTTCTATCTATGGTAAATT	1
84	83	4	GGACGTTCTATCTATGGTAAATTA	1
85	84	4	GACGTTCTATCTATGGTAAATTAC	1
86	85	4	ACGTTCTATCTATGGTAAATTACA	1
87	86	4	CGTTCTATCTATGGTAAATTACAG	1
88	87	4	GTTCTATCTATGGTAAATTACAGA	1
89	88	4	TTCTATCTATGGTAAATTACAGAA	1
90	89	4	TCTATCTATGGTAAATTACAGAAA	1
91	90	4	CTATCTATGGTAAATTACAGAAAG	1
92	91	4	TATCTATGGTAAATTACAGAAAGA	1
93	92	3	ATCTATGGTAAATTACAGAAAGAG	1
94	93	3	TCTATGGTAAATTACAGAAAGAGG	1
95	94	4	CTATGGTAAATTACAGAAAGAGGG	1
96	95	3	TATGGTAAATTACAGAAAGAGGGC	1
97	96	3	ATGGTAAATTACAGAAAGAGGGCA	1
98	97	3	TGGTAAATTACAGAAAGAGGGCAT	1
99	98	3	GGTAAATTACAGAAAGAGGGCATT	1
100	99	3	GTAAATTACAGAAAGAGGGCATTA	1
101	100	3	TAAATTACAGAAAGAGGGCATTAT	1
102	101	3	AAATTACAGAAAGAGGGCATTATT	1
103	102	3	AATTACAGAAAGAGGGCATTATTT	1
104	103	4	ATTACAGAAAGAGGGCATTATTTG	1
105	104	4	TTACAGAAAGAGGGCATTATTTGT	1
106	105	6	TACAGAAAGAGGGCATTATTTGTG	1
107	106	6	ACAGAAAGAGGGCATTATTTGTGT	1
108	107	6	CAGAAAGAGGGCATTATTTGTGTA	1
109	108	6	AGAAAGAGGGCATTATTTGTGTAG	1
110	109	5	GAAAGAGGGCATTATTTGTGTAGC	1
111	110	5	AAAGAGGGCATTATTTGTGTAGCT	1
112	111	5	AAGAGGGCATTATTTGTGTAGCTA	1
113	112	5	AGAGGGCATTATTTGTGTAGCTAC	1
114	113	5	GAGGGCATTATTTGTGTAGCTACT	1
115	114	5	AGGGCATTATTTGTGTAGCTACTA	1
116	115	6	GGGCATTATTTGTGTAGCTACTAA	1
117	116	6	GGCATTATTTGTGTAGCTACTAAG	1
118	117	6	GCATTATTTGTGTAGCTACTAAGC	1
119	118	6	CATTATTTGTGTAGCTACTAAGCT	1
120	119	6	ATTATTTGTGTAGCTACTAAGCTT	1
121	120	6	TTATTTGTGTAGCTACTAAGCTTT	1
122	121	6	TATTTGTGTAGCTACTAAGCTTTG	1
123	122	6	ATTTGTGTAGCTACTAAGCTTTGC	1
124	123	6	TTTGTGTAGCTACTAAGCTTTGCA	1
125	124	6	TTGTGTAGCTACTAAGCTTTGCAT	1
126	125	6	TGTGTAGCTACTAAGCTTTGCATT	1
127	126	6	GTGTAGCTACTAAGCTTTGCATTT	1
128	127	6	TGTAGCTACTAAGCTTTGCATTTT	1
129	128	6	GTAGCTACTAAGCTTTGCATTTTG	1
130	129	6	TAGCTACTAAGCTTTGCATTTTGG	1
131	130	7	AGCTACTAAGCTTTGCATTTTGGT	1
132	131	7	GCTACTAAGCTTTGCATTTTGGTT	1
133	132	7	CTACTAAGCTTTGCATTTTGGTTT	1
134	133	7	TACTAAGCTTTGCATTTTGGTTTC	1
135	134	7	ACTAAGCTTTGCATTTTGGTTTCT	1
136	135	7	CTAAGCTTTGCATTTTGGTTTCTC	1
137	136	7	TAAGCTTTGCATTTTGGTTTCTCA	1
138	137	6	AAGCTTTGCATTTTGGTTTCTCAC	1
139	138	5	AGCTTTGCATTTTGGTTTCTCACT	1
140	139	5	GCTTTGCATTTTGGTTTCTCACTA	1
141	140	5	CTTTGCATTTTGGTTTCTCACTAC	1
142	141	5	TTTGCATTTTGGTTTCTCACTACC	1
143	142	5	TTGCATTTTGGTTTCTCACTACCC	1
144	143	5	TGCATTTTGGTTTCTCACTACCCT	1
145	144	5	GCATTTTGGTTTCTCACTACCCTG	1
146	145	5	CATTTTGGTTTCTCACTACCCTGA	1
147	146	5	ATTTTGGTTTCTCACTACCCTGAA	1
148	147	4	TTTTGGTTTCTCACTACCCTGAAA	1
149	148	4	TTTGGTTTCTCACTACCCTGAAAC	1
150	149	2	TTGGTTTCTCACTACCCTGAAACA	1
151	150	2	TGGTTTCTCACTACCCTGAAACAA	1
152	151	2	GGTTTCTCACTACCCTGAAACAAC	1
153	152	2	GTTTCTCACTACCCTGAAACAACC	1
154	153	2	TTTCTCACTACCCTGAAACAACCC	1
155	154	2	TTCTCACTACCCTGAAACAACCCT	1
156	155	2	TCTCACTACCCTGAAACAACCCTT	1
157	156	2	CTCACTACCCTGAAACAACCCTTC	1
158	157	2	TCACTACCCTGAAACAACCCTTCC	1
159	158	2	CACTACCCTGAAACAACCCTTCCA	1
160	159	1	ACTACCCTGAAACAACCCTTCCAG	1
161	160	1	CTACCCTGAAACAACCCTTCCAGG	1
162	161	1	TACCCTGAAACAACCCTTCCAGGA	1
163	162	1	ACCCTGAAACAACCCTTCCAGGAG	1
164	163	1	CCCTGAAACAACCCTTCCAGGAGA	1
165	164	1	CCTGAAACAACCCTTCCAGGAGAA	1
166	165	1	CTGAAACAACCCTTCCAGGAGAAG	1
167	166	1	TGAAACAACCCTTCCAGGAGAAGC	1
168	167	1	GAAACAACCCTTCCAGGAGAAGCC	1
169	168	1	AAACAACCCTTCCAGGAGAAGCCG	1
170	169	1	AACAACCCTTCCAGGAGAAGCCGC	1
171	-1	0	CAAGTTTTCCTATCTCTAAACCCA	1
172	171	1	AAGTTTTCCTATCTCTAAACCCAG	1
173	172	2	AGTTTTCCTATCTCTAAACCCAGA	1
174	173	3	GTTTTCCTATCTCTAAACCCAGAT	1
175	174	3	TTTTCCTATCTCTAAACCCAGATT	1
176	175	3	TTTCCTATCTCTAAACCCAGATTT	1
177	176	3	TTCCTATCTCTAAACCCAGATTTG	1
178	177	4	TCCTATCTCTAAACCCAGATTTGC	1
179	178	4	CCTATCTCTAAACCCAGATTTGCA	1
180	179	4	CTATCTCTAAACCCAGATTTGCAA	1
181	180	4	TATCTCTAAACCCAGATTTGCAAA	1
182	181	4	ATCTCTAAACCCAGATTTGCAAAA	1
183	182	4	TCTCTAAACCCAGATTTGCAAAAA	1
184	183	4	CTCTAAACCCAGATTTGCAAAAAT	1
185	184	5	TCTAAACCCAGATTTGCAAAAATG	1
186	185	5	CTAAACCCAGATTTGCAAAAATGT	1
187	186	5	TAAACCCAGATTTGCAAAAATGTC	1
188	187	5	AAACCCAGATTTGCAAAAATGTCT	1
189	188	5	AACCCAGATTTGCAAAAATGTCTT	1
190	189	5	ACCCAGATTTGCAAAAATGTCTTG	1
191	190	5	CCCAGATTTGCAAAAATGTCTTGG	1
192	191	6	CCAGATTTGCAAAAATGTCTTGGC	1
193	192	6	CAGATTTGCAAAAATGTCTTGGCA	1
194	193	7	AGATTTGCAAAAATGTCTTGGCAA	1
195	194	7	GATTTGCAAAAATGTCTTGGCAAG	1
196	195	7	ATTTGCAAAAATGTCTTGGCAAGC	1
197	196	7	TTTGCAAAAATGTCTTGGCAAGCT	1
198	197	7	TTGCAAAAATGTCTTGGCAAGCTT	1
199	198	7	TGCAAAAATGTCTTGGCAAGCTTA	1
200	199	6	GCAAAAATGTCTTGGCAAGCTTAC	1
201	200	6	CAAAAATGTCTTGGCAAGCTTACG	1
202	201	6	AAAAATGTCTTGGCAAGCTTACGT	1
203	202	6	AAAATGTCTTGGCAAGCTTACGTT	1
204	203	6	AAATGTCTTGGCAAGCTTACGTTG	1
205	204	6	AATGTCTTGGCAAGCTTACGTTGA	1
206	205	6	ATGTCTTGGCAAGCTTACGTTGAT	1
207	206	6	TGTCTTGGCAAGCTTACGTTGATA	1
208	207	6	GTCTTGGCAAGCTTACGTTGATAC	1
209	208	6	TCTTGGCAAGCTTACGTTGATACT	1
210	209	6	CTTGGCAAGCTTACGTTGATACTT	1
211	210	6	TTGGCAAGCTTACGTTGATACTTC	1
212	211	6	TGGCAAGCTTACGTTGATACTTCT	1
213	212	6	GGCAAGCTTACGTTGATACTTCTT	1
214	213	6	GCAAGCTTACGTTGATACTTCTTT	1
215	214	6	CAAGCTTACGTTGATACTTCTTTG	1
216	215	5	AAGCTTACGTTGATACTTCTTTGC	1
217	216	4	AGCTTACGTTGATACTTCTTTGCT	1
218	217	4	GCTTACGTTGATACTTCTTTGCTC	1
219	218	4	CTTACGTTGATACTTCTTTGCTCG	1
220	219	4	TTACGTTGATACTTCTTTGCTCGG	1
221	220	4	TACGTTGATACTTCTTTGCTCGGT	1
222	221	3	ACGTTGATACTTCTTTGCTCGGTA	1
223	222	3	CGTTGATACTTCTTTGCTCGGTAC	1
224	223	3	GTTGATACTTCTTTGCTCGGTACT	1
225	224	3	TTGATACTTCTTTGCTCGGTACTG	1
226	225	3	TGATACTTCTTTGCTCGGTACTGG	1
227	226	3	GATACTTCTTTGCTCGGTACTGGA	1
228	227	3	ATACTTCTTTGCTCGGTACTGGAA	1
229	228	2	TACTTCTTTGCTCGGTACTGGAAA	1
230	229	2	ACTTCTTTGCTCGGTACTGGAAAA	1
231	230	2	CTTCTTTGCTCGGTACTGGAAAAA	1
232	231	3	TTCTTTGCTCGGTACTGGAAAAAT	1
233	232	3	TCTTTGCTCGGTACTGGAAAAATC	1
234	233	3	CTTTGCTCGGTACTGGAAAAATCG	1
235	234	4	TTTGCTCGGTACTGGAAAAATCGA	1
236	235	3	TTGCTCGGTACTGGAAAAATCGAT	1
237	236	3	TGCTCGGTACTGGAAAAATCGATC	1
238	237	2	GCTCGGTACTGGAAAAATCGATCG	1
239	238	2	CTCGGTACTGGAAAAATCGATCGC	1
240	239	2	TCGGTACTGGAAAAATCGATCGCG	1
241	240	2	CGGTACTGGAAAAATCGATCGCGC	1
242	241	2	GGTACTGGAAAAATCGATCGCGCT	1
243	242	2	GTACTGGAAAAATCGATCGCGCTG	1
244	243	2	TACTGGAAAAATCGATCGCGCTGC	1
245	244	2	ACTGGAAAAATCGATCGCGCTGCT	1
246	245	2	CTGGAAAAATCGATCGCGCTGCTA	1
247	246	2	TGGAAAAATCGATCGCGCTGCTAT	1
248	247	2	GGAAAAATCGATCGCGCTGCTATC	1
249	248	2	GAAAAATCGATCGCGCTGCTATCG	1
250	249	3	AAAAATCGATCGCGCTGCTATCGT	1
251	250	3	AAAATCGATCGCGCTGCTATCGTC	1
252	251	3	AAATCGATCGCGCTGCTATCGTCT	1
253	252	3	AATCGATCGCGCTGCTATCGTCTC	1
254	253	3	ATCGATCGCGCTGCTATCGTCTCT	1
255	254	3	TCGATCGCGCTGCTATCGTCTCTC	1
256	255	3	CGATCGCGCTGCTATCGTCTCTCG	1
257	256	3	GATCGCGCTGCTATCGTCTCTCGT	1
258	257	3	ATCGCGCTGCTATCGTCTCTCGTG	1
259	258	3	TCGCGCTGCTATCGTCTCTCGTGC	1
260	259	3	CGCGCTGCTATCGTCTCTCGTGCT	1
261	260	3	GCGCTGCTATCGTCTCTCGTGCTG	1
262	261	3	CGCTGCTATCGTCTCTCGTGCTGG	1
263	262	3	GCTGCTATCGTCTCTCGTGCTGGT	1
264	263	3	CTGCTATCGTCTCTCGTGCTGGTG	1
265	264	3	TGCTATCGTCTCTCGTGCTGGTGA	1
266	265	3	GCTATCGTCTCTCGTGCTGGTGAC	1
267	266	3	CTATCGTCTCTCGTGCTGGTGACA	1
268	267	3	TATCGTCTCTCGTGCTGGTGACAG	1
269	268	3	ATCGTCTCTCGTGCTGGTGACAGT	1
270	269	3	TCGTCTCTCGTGCTGGTGACAGTG	1
271	270	3	CGTCTCTCGTGCTGGTGACAGTGT	1
272	271	3	GTCTCTCGTGCTGGTGACAGTGTT	1
273	272	3	TCTCTCGTGCTGGTGACAGTGTTT	1
274	273	3	CTCTCGTGCTGGTGACAGTGTTTG	1
275	274	4	TCTCGTGCTGGTGACAGTGTTTGG	1
276	275	3	CTCGTGCTGGTGACAGTGTTTGGG	1
277	276	3	TCGTGCTGGTGACAGTGTTTGGGC	1
278	277	3	CGTGCTGGTGACAGTGTTTGGGCT	1
279	278	2	GTGCTGGTGACAGTGTTTGGGCTG	1
280	279	2	TGCTGGTGACAGTGTTTGGGCTGC	1
281	280	2	GCTGGTGACAGTGTTTGGGCTGCT	1
282	281	2	CTGGTGACAGTGTTTGGGCTGCTT	1
283	282	2	TGGTGACAGTGTTTGGGCTGCTTC	1
284	283	2	GGTGACAGTGTTTGGGCTGCTTCT	1
285	284	2	GTGACAGTGTTTGGGCTGCTTCTG	1
286	285	2	TGACAGTGTTTGGGCTGCTTCTGC	1
287	286	2	GACAGTGTTTGGGCTGCTTCTGCT	1
288	287	2	ACAGTGTTTGGGCTGCTTCTGCTG	1
289	288	2	CAGTGTTTGGGCTGCTTCTGCTGG	1
290	289	2	AGTGTTTGGGCTGCTTCTGCTGGA	1
291	290	2	GTGTTTGGGCTGCTTCTGCTGGAT	1
292	291	2	TGTTTGGGCTGCTTCTGCTGGATT	1
293	292	2	GTTTGGGCTGCTTCTGCTGGATTC	1
294	293	1	TTTGGGCTGCTTCTGCTGGATTCA	1
295	294	1	TTGGGCTGCTTCTGCTGGATTCAA	1
296	295	1	TGGGCTGCTTCTGCTGGATTCAAT	1
297	296	1	GGGCTGCTTCTGCTGGATTCAATC	1
298	297	1	GGCTGCTTCTGCTGGATTCAATCT	1
299	298	1	GCTGCTTCTGCTGGATTCAATCTT	1
300	299	1	CTGCTTCTGCTGGATTCAATCTTT	1
301	300	1	TGCTTCTGCTGGATTCAATCTTTC	1
302	301	1	GCTTCTGCTGGATTCAATCTTTCT	1
303	302	1	CTTCTGCTGGATTCAATCTTTCTC	1
304	303	1	TTCTGCTGGATTCAATCTTTCTCC	1
305	304	1	TCTGCTGGATTCAATCTTTCTCCT	1
306	305	1	CTGCTGGATTCAATCTTTCTCCTC	1
307	306	1	TGCTGGATTCAATCTTTCTCCTCA	1
308	307	1	GCTGGATTCAATCTTTCTCCTCAG	1
309	308	1	CTGGATTCAATCTTTCTCCTCAGG	1
310	309	1	TGGATTCAATCTTTCTCCTCAGGA	1
311	310	1	GGATTCAATCTTTCTCCTCAGGAA	1
312	311	1	GATTCAATCTTTCTCCTCAGGAAA	1
313	312	1	ATTCAATCTTTCTCCTCAGGAAAT	1
314	313	1	TTCAATCTTTCTCCTCAGGAAATC	1
315	314	1	TCAATCTTTCTCCTCAGGAAATCC	1
316	315	1	CAATCTTTCTCCTCAGGAAATCCA	1
317	316	1	AATCTTTCTCCTCAGGAAATCCAA	1
318	317	1	ATCTTTCTCCTCAGGAAATCCAAG	1
319	-1	0	AACCGCCAAGATTACTGAGGCTTT	1
320	319	1	ACCGCCAAGATTACTGAGGCTTTA	1
321	320	1	CCGCCAAGATTACTGAGGCTTTAG	1
322	321	1	CGCCAAGATTACTGAGGCTTTAGC	1
323	322	1	GCCAAGATTACTGAGGCTTTAGCT	1
324	323	1	CCAAGATTACTGAGGCTTTAGCTG	1
325	324	1	CAAGATTACTGAGGCTTTAGCTGA	1
326	325	1	AAGATTACTGAGGCTTTAGCTGAT	1
327	326	2	AGATTACTGAGGCTTTAGCTGATT	1
328	327	2	GATTACTGAGGCTTTAGCTGATTA	1
329	328	2	ATTACTGAGGCTTTAGCTGATTAT	1
330	329	2	TTACTGAGGCTTTAGCTGATTATC	1
331	330	2	TACTGAGGCTTTAGCTGATTATCT	1
332	331	2	ACTGAGGCTTTAGCTGATTATCTT	1
333	332	3	CTGAGGCTTTAGCTGATTATCTTG	1
334	333	3	TGAGGCTTTAGCTGATTATCTTGT	1
335	334	3	GAGGCTTTAGCTGATTATCTTGTT	1
336	335	3	AGGCTTTAGCTGATTATCTTGTTG	1
337	336	3	GGCTTTAGCTGATTATCTTGTTGG	1
338	337	3	GCTTTAGCTGATTATCTTGTTGGT	1
339	338	3	CTTTAGCTGATTATCTTGTTGGTG	1
340	339	3	TTTAGCTGATTATCTTGTTGGTGT	1
341	340	3	TTAGCTGATTATCTTGTTGGTGTT	1
342	341	3	TAGCTGATTATCTTGTTGGTGTTG	1
343	342	3	AGCTGATTATCTTGTTGGTGTTGG	1
344	343	3	GCTGATTATCTTGTTGGTGTTGGG	1
345	344	3	CTGATTATCTTGTTGGTGTTGGGT	1
346	345	3	TGATTATCTTGTTGGTGTTGGGTA	1
347	346	3	GATTATCTTGTTGGTGTTGGGTAT	1
348	347	3	ATTATCTTGTTGGTGTTGGGTATT	1
349	348	3	TTATCTTGTTGGTGTTGGGTATTA	1
350	349	3	TATCTTGTTGGTGTTGGGTATTAG	1
351	350	3	ATCTTGTTGGTGTTGGGTATTAGA	1
352	351	3	TCTTGTTGGTGTTGGGTATTAGAT	1
353	352	3	CTTGTTGGTGTTGGGTATTAGATT	1
354	353	3	TTGTTGGTGTTGGGTATTAGATTT	1
355	354	3	TGTTGGTGTTGGGTATTAGATTTT	1
356	355	3	GTTGGTGTTGGGTATTAGATTTTG	1
357	356	3	TTGGTGTTGGGTATTAGATTTTGA	1
358	357	3	TGGTGTTGGGTATTAGATTTTGAC	1
359	358	3	GGTGTTGGGTATTAGATTTTGACA	1
360	359	3	GTGTTGGGTATTAGATTTTGACAT	1
361	360	3	TGTTGGGTATTAGATTTTGACATG	1
362	361	3	GTTGGGTATTAGATTTTGACATGA	1
363	362	3	TTGGGTATTAGATTTTGACATGAC	1
364	363	2	TGGGTATTAGATTTTGACATGACA	1
365	364	2	GGGTATTAGATTTTGACATGACAA	1
366	365	2	GGTATTAGATTTTGACATGACAAT	1
367	366	2	GTATTAGATTTTGACATGACAATC	1
368	367	2	TATTAGATTTTGACATGACAATCA	1
369	368	2	ATTAGATTTTGACATGACAATCAA	1
370	369	2	TTAGATTTTGACATGACAATCAAT	1
371	370	1	TAGATTTTGACATGACAATCAATA	1
372	371	1	AGATTTTGACATGACAATCAATAT	1
373	372	1	GATTTTGACATGACAATCAATATT	1
374	373	1	ATTTTGACATGACAATCAATATTA	1
375	374	1	TTTTGACATGACAATCAATATTAC	1
376	375	1	TTTGACATGACAATCAATATTACT	1
