Component 377
1	-1	0	AAATGATGGAGTCTGGACGTGTAC	1
2	1	1	AATGATGGAGTCTGGACGTGTACT	1
3	2	1	ATGATGGAGTCTGGACGTGTACTT	1
4	3	1	TGATGGAGTCTGGACGTGTACTTT	1
5	4	1	GATGGAGTCTGGACGTGTACTTTC	1
6	5	1	ATGGAGTCTGGACGTGTACTTTCT	1
7	6	1	TGGAGTCTGGACGTGTACTTTCTA	1
8	7	1	GGAGTCTGGACGTGTACTTTCTAT	1
9	8	1	GAGTCTGGACGTGTACTTTCTATT	1
10	9	1	AGTCTGGACGTGTACTTTCTATTG	1
11	10	1	GTCTGGACGTGTACTTTCTATTGG	1
12	11	1	TCTGGACGTGTACTTTCTATTGGT	1
13	12	2	CTGGACGTGTACTTTCTATTGGTG	1
14	13	2	TGGACGTGTACTTTCTATTGGTGA	1
15	14	2	GGACGTGTACTTTCTATTGGTGAT	1
16	15	2	GACGTGTACTTTCTATTGGTGATG	1
17	16	2	ACGTGTACTTTCTATTGGTGATGG	1
18	17	2	CGTGTACTTTCTATTGGTGATGGT	1
19	18	2	GTGTACTTTCTATTGGTGATGGTA	1
20	19	2	TGTACTTTCTATTGGTGATGGTAT	1
21	20	2	GTACTTTCTATTGGTGATGGTATC	1
22	21	2	TACTTTCTATTGGTGATGGTATCG	1
23	22	2	ACTTTCTATTGGTGATGGTATCGC	1
24	23	2	CTTTCTATTGGTGATGGTATCGCC	1
25	24	2	TTTCTATTGGTGATGGTATCGCCC	1
26	25	2	TTCTATTGGTGATGGTATCGCCCG	1
27	26	2	TCTATTGGTGATGGTATCGCCCGT	1
28	27	2	CTATTGGTGATGGTATCGCCCGTA	1
29	28	2	TATTGGTGATGGTATCGCCCGTAT	1
30	29	2	ATTGGTGATGGTATCGCCCGTATC	1
31	30	2	TTGGTGATGGTATCGCCCGTATCT	1
32	31	2	TGGTGATGGTATCGCCCGTATCTC	1
33	32	2	GGTGATGGTATCGCCCGTATCTCT	1
34	33	2	GTGATGGTATCGCCCGTATCTCTG	1
35	34	2	TGATGGTATCGCCCGTATCTCTGG	1
36	35	2	GATGGTATCGCCCGTATCTCTGGT	1
37	36	2	ATGGTATCGCCCGTATCTCTGGTC	1
38	37	2	TGGTATCGCCCGTATCTCTGGTCT	1
39	38	3	GGTATCGCCCGTATCTCTGGTCTT	1
40	39	4	GTATCGCCCGTATCTCTGGTCTTT	1
41	40	4	TATCGCCCGTATCTCTGGTCTTTC	1
42	41	4	ATCGCCCGTATCTCTGGTCTTTCC	1
43	42	4	TCGCCCGTATCTCTGGTCTTTCCA	1
44	43	3	CGCCCGTATCTCTGGTCTTTCCAA	1
45	44	3	GCCCGTATCTCTGGTCTTTCCAAC	1
46	45	2	CCCGTATCTCTGGTCTTTCCAACG	1
47	46	2	CCGTATCTCTGGTCTTTCCAACGT	1
48	47	3	CGTATCTCTGGTCTTTCCAACGTT	1
49	48	3	GTATCTCTGGTCTTTCCAACGTTC	1
50	49	3	TATCTCTGGTCTTTCCAACGTTCA	1
51	50	3	ATCTCTGGTCTTTCCAACGTTCAA	1
52	51	3	TCTCTGGTCTTTCCAACGTTCAAG	1
53	52	3	CTCTGGTCTTTCCAACGTTCAAGC	1
54	53	3	TCTGGTCTTTCCAACGTTCAAGCA	1
55	54	3	CTGGTCTTTCCAACGTTCAAGCAG	1
56	55	3	TGGTCTTTCCAACGTTCAAGCAGA	1
57	56	3	GGTCTTTCCAACGTTCAAGCAGAA	1
58	57	3	GTCTTTCCAACGTTCAAGCAGAAG	1
59	58	3	TCTTTCCAACGTTCAAGCAGAAGA	1
60	59	3	CTTTCCAACGTTCAAGCAGAAGAA	1
61	60	3	TTTCCAACGTTCAAGCAGAAGAAC	1
62	61	3	TTCCAACGTTCAAGCAGAAGAACT	1
63	62	3	TCCAACGTTCAAGCAGAAGAACTC	1
64	63	3	CCAACGTTCAAGCAGAAGAACTCG	1
65	64	3	CAACGTTCAAGCAGAAGAACTCGT	1
66	65	3	AACGTTCAAGCAGAAGAACTCGTT	1
67	66	3	ACGTTCAAGCAGAAGAACTCGTTG	1
68	67	3	CGTTCAAGCAGAAGAACTCGTTGA	1
69	68	3	GTTCAAGCAGAAGAACTCGTTGAG	1
70	69	3	TTCAAGCAGAAGAACTCGTTGAGT	1
71	70	4	TCAAGCAGAAGAACTCGTTGAGTT	1
72	71	4	CAAGCAGAAGAACTCGTTGAGTTC	1
73	72	4	AAGCAGAAGAACTCGTTGAGTTCT	1
74	73	4	AGCAGAAGAACTCGTTGAGTTCTC	1
75	74	4	GCAGAAGAACTCGTTGAGTTCTCA	1
76	75	4	CAGAAGAACTCGTTGAGTTCTCAT	1
77	76	4	AGAAGAACTCGTTGAGTTCTCATC	1
78	77	4	GAAGAACTCGTTGAGTTCTCATCT	1
79	78	5	AAGAACTCGTTGAGTTCTCATCTG	1
80	79	5	AGAACTCGTTGAGTTCTCATCTGG	1
81	80	6	GAACTCGTTGAGTTCTCATCTGGC	1
82	81	6	AACTCGTTGAGTTCTCATCTGGCA	1
83	82	5	ACTCGTTGAGTTCTCATCTGGCAT	1
84	83	4	CTCGTTGAGTTCTCATCTGGCATT	1
85	84	6	TCGTTGAGTTCTCATCTGGCATTA	1
86	85	6	CGTTGAGTTCTCATCTGGCATTAA	1
87	86	6	GTTGAGTTCTCATCTGGCATTAAG	1
88	87	6	TTGAGTTCTCATCTGGCATTAAGG	1
89	88	6	TGAGTTCTCATCTGGCATTAAGGG	1
90	89	6	GAGTTCTCATCTGGCATTAAGGGT	1
91	90	6	AGTTCTCATCTGGCATTAAGGGTA	1
92	91	5	GTTCTCATCTGGCATTAAGGGTAT	1
93	92	5	TTCTCATCTGGCATTAAGGGTATG	1
94	93	5	TCTCATCTGGCATTAAGGGTATGG	1
95	94	5	CTCATCTGGCATTAAGGGTATGGC	1
96	95	5	TCATCTGGCATTAAGGGTATGGCC	1
97	96	5	CATCTGGCATTAAGGGTATGGCCC	1
98	97	5	ATCTGGCATTAAGGGTATGGCCCT	1
99	98	6	TCTGGCATTAAGGGTATGGCCCTT	1
100	99	6	CTGGCATTAAGGGTATGGCCCTTA	1
101	100	5	TGGCATTAAGGGTATGGCCCTTAA	1
102	101	5	GGCATTAAGGGTATGGCCCTTAAC	1
103	102	5	GCATTAAGGGTATGGCCCTTAACT	1
104	103	5	CATTAAGGGTATGGCCCTTAACTT	1
105	104	5	ATTAAGGGTATGGCCCTTAACTTG	1
106	105	5	TTAAGGGTATGGCCCTTAACTTGG	1
107	106	5	TAAGGGTATGGCCCTTAACTTGGA	1
108	107	5	AAGGGTATGGCCCTTAACTTGGAA	1
109	108	5	AGGGTATGGCCCTTAACTTGGAAG	1
110	109	5	GGGTATGGCCCTTAACTTGGAAGC	1
111	110	5	GGTATGGCCCTTAACTTGGAAGCC	1
112	111	5	GTATGGCCCTTAACTTGGAAGCCG	1
113	112	4	TATGGCCCTTAACTTGGAAGCCGA	1
114	113	4	ATGGCCCTTAACTTGGAAGCCGAT	1
115	114	3	TGGCCCTTAACTTGGAAGCCGATA	1
116	115	3	GGCCCTTAACTTGGAAGCCGATAC	1
117	116	3	GCCCTTAACTTGGAAGCCGATACC	1
118	117	3	CCCTTAACTTGGAAGCCGATACCG	1
119	118	3	CCTTAACTTGGAAGCCGATACCGT	1
120	119	3	CTTAACTTGGAAGCCGATACCGTT	1
121	120	3	TTAACTTGGAAGCCGATACCGTTG	1
122	121	3	TAACTTGGAAGCCGATACCGTTGG	1
123	122	2	AACTTGGAAGCCGATACCGTTGGT	1
124	123	2	ACTTGGAAGCCGATACCGTTGGTT	1
125	124	1	CTTGGAAGCCGATACCGTTGGTTG	1
126	125	2	TTGGAAGCCGATACCGTTGGTTGT	1
127	126	2	TGGAAGCCGATACCGTTGGTTGTG	1
128	127	2	GGAAGCCGATACCGTTGGTTGTGT	1
129	128	1	GAAGCCGATACCGTTGGTTGTGTG	1
130	129	1	AAGCCGATACCGTTGGTTGTGTGC	1
131	130	1	AGCCGATACCGTTGGTTGTGTGCT	1
132	131	1	GCCGATACCGTTGGTTGTGTGCTT	1
133	132	1	CCGATACCGTTGGTTGTGTGCTTT	1
134	133	1	CGATACCGTTGGTTGTGTGCTTTT	1
135	134	1	GATACCGTTGGTTGTGTGCTTTTT	1
136	135	1	ATACCGTTGGTTGTGTGCTTTTTG	1
137	136	1	TACCGTTGGTTGTGTGCTTTTTGG	1
138	-1	0	CGATGCATTGGGAAATCCCATTGA	1
139	138	1	GATGCATTGGGAAATCCCATTGAT	1
140	139	1	ATGCATTGGGAAATCCCATTGATG	1
141	140	1	TGCATTGGGAAATCCCATTGATGG	1
142	141	1	GCATTGGGAAATCCCATTGATGGC	1
143	142	1	CATTGGGAAATCCCATTGATGGCA	1
144	143	1	ATTGGGAAATCCCATTGATGGCAA	1
145	144	1	TTGGGAAATCCCATTGATGGCAAG	1
146	145	1	TGGGAAATCCCATTGATGGCAAGG	1
147	146	1	GGGAAATCCCATTGATGGCAAGGG	1
148	147	1	GGAAATCCCATTGATGGCAAGGGT	1
149	148	1	GAAATCCCATTGATGGCAAGGGTC	1
150	149	1	AAATCCCATTGATGGCAAGGGTCC	1
151	150	1	AATCCCATTGATGGCAAGGGTCCC	1
152	151	3	ATCCCATTGATGGCAAGGGTCCCA	1
153	152	3	TCCCATTGATGGCAAGGGTCCCAT	1
154	153	3	CCCATTGATGGCAAGGGTCCCATT	1
155	154	3	CCATTGATGGCAAGGGTCCCATTA	1
156	155	3	CATTGATGGCAAGGGTCCCATTAA	1
157	156	3	ATTGATGGCAAGGGTCCCATTAAG	1
158	157	3	TTGATGGCAAGGGTCCCATTAAGA	1
159	158	3	TGATGGCAAGGGTCCCATTAAGAC	1
160	159	3	GATGGCAAGGGTCCCATTAAGACC	1
161	160	3	ATGGCAAGGGTCCCATTAAGACCA	1
162	161	3	TGGCAAGGGTCCCATTAAGACCAC	1
163	162	3	GGCAAGGGTCCCATTAAGACCACA	1
164	163	3	GCAAGGGTCCCATTAAGACCACAG	1
165	164	3	CAAGGGTCCCATTAAGACCACAGA	1
166	165	3	AAGGGTCCCATTAAGACCACAGAA	1
167	166	3	AGGGTCCCATTAAGACCACAGAAC	1
168	167	3	GGGTCCCATTAAGACCACAGAACG	1
169	168	3	GGTCCCATTAAGACCACAGAACGC	1
170	169	3	GTCCCATTAAGACCACAGAACGCC	1
171	170	3	TCCCATTAAGACCACAGAACGCCG	1
172	171	3	CCCATTAAGACCACAGAACGCCGT	1
173	172	3	CCATTAAGACCACAGAACGCCGTC	1
174	173	3	CATTAAGACCACAGAACGCCGTCG	1
175	174	3	ATTAAGACCACAGAACGCCGTCGT	1
176	175	2	TTAAGACCACAGAACGCCGTCGTG	1
177	176	2	TAAGACCACAGAACGCCGTCGTGT	1
178	177	2	AAGACCACAGAACGCCGTCGTGTT	1
179	178	3	AGACCACAGAACGCCGTCGTGTTC	1
180	179	3	GACCACAGAACGCCGTCGTGTTCA	1
181	180	3	ACCACAGAACGCCGTCGTGTTCAA	1
182	181	3	CCACAGAACGCCGTCGTGTTCAAC	1
183	182	3	CACAGAACGCCGTCGTGTTCAACT	1
184	183	3	ACAGAACGCCGTCGTGTTCAACTT	1
185	184	3	CAGAACGCCGTCGTGTTCAACTTA	1
186	185	3	AGAACGCCGTCGTGTTCAACTTAA	1
187	186	3	GAACGCCGTCGTGTTCAACTTAAA	1
188	187	3	AACGCCGTCGTGTTCAACTTAAAG	1
189	188	3	ACGCCGTCGTGTTCAACTTAAAGC	1
190	189	3	CGCCGTCGTGTTCAACTTAAAGCC	1
191	190	3	GCCGTCGTGTTCAACTTAAAGCCC	1
192	191	3	CCGTCGTGTTCAACTTAAAGCCCC	1
193	192	3	CGTCGTGTTCAACTTAAAGCCCCC	1
194	193	3	GTCGTGTTCAACTTAAAGCCCCCG	1
195	194	3	TCGTGTTCAACTTAAAGCCCCCGG	1
196	195	1	CGTGTTCAACTTAAAGCCCCCGGT	1
197	196	1	GTGTTCAACTTAAAGCCCCCGGTA	1
198	197	1	TGTTCAACTTAAAGCCCCCGGTAT	1
199	198	1	GTTCAACTTAAAGCCCCCGGTATT	1
200	199	1	TTCAACTTAAAGCCCCCGGTATTT	1
201	200	1	TCAACTTAAAGCCCCCGGTATTTT	1
202	201	2	CAACTTAAAGCCCCCGGTATTTTG	1
203	202	2	AACTTAAAGCCCCCGGTATTTTGC	1
204	203	2	ACTTAAAGCCCCCGGTATTTTGCC	1
205	204	2	CTTAAAGCCCCCGGTATTTTGCCC	1
206	205	2	TTAAAGCCCCCGGTATTTTGCCCA	1
207	206	2	TAAAGCCCCCGGTATTTTGCCCAG	1
208	207	3	AAAGCCCCCGGTATTTTGCCCAGA	1
209	208	3	AAGCCCCCGGTATTTTGCCCAGAA	1
210	209	4	AGCCCCCGGTATTTTGCCCAGAAC	1
211	210	4	GCCCCCGGTATTTTGCCCAGAACC	1
212	211	5	CCCCCGGTATTTTGCCCAGAACCT	1
213	212	5	CCCCGGTATTTTGCCCAGAACCTC	1
214	213	5	CCCGGTATTTTGCCCAGAACCTCA	1
215	214	6	CCGGTATTTTGCCCAGAACCTCAG	1
216	215	6	CGGTATTTTGCCCAGAACCTCAGT	1
217	216	6	GGTATTTTGCCCAGAACCTCAGTT	1
218	217	6	GTATTTTGCCCAGAACCTCAGTTT	1
219	218	6	TATTTTGCCCAGAACCTCAGTTTG	1
220	219	6	ATTTTGCCCAGAACCTCAGTTTGT	1
221	220	6	TTTTGCCCAGAACCTCAGTTTGTG	1
222	221	6	TTTGCCCAGAACCTCAGTTTGTGA	1
223	222	5	TTGCCCAGAACCTCAGTTTGTGAG	1
224	223	5	TGCCCAGAACCTCAGTTTGTGAGC	1
225	224	5	GCCCAGAACCTCAGTTTGTGAGCC	1
226	225	5	CCCAGAACCTCAGTTTGTGAGCCT	1
227	226	6	CCAGAACCTCAGTTTGTGAGCCTA	1
228	227	6	CAGAACCTCAGTTTGTGAGCCTAT	1
229	228	6	AGAACCTCAGTTTGTGAGCCTATG	1
230	229	6	GAACCTCAGTTTGTGAGCCTATGC	1
231	230	6	AACCTCAGTTTGTGAGCCTATGCA	1
232	231	6	ACCTCAGTTTGTGAGCCTATGCAA	1
233	232	6	CCTCAGTTTGTGAGCCTATGCAAA	1
234	233	6	CTCAGTTTGTGAGCCTATGCAAAC	1
235	234	6	TCAGTTTGTGAGCCTATGCAAACT	1
236	235	6	CAGTTTGTGAGCCTATGCAAACTG	1
237	236	6	AGTTTGTGAGCCTATGCAAACTGG	1
238	237	6	GTTTGTGAGCCTATGCAAACTGGT	1
239	238	6	TTTGTGAGCCTATGCAAACTGGTT	1
240	239	6	TTGTGAGCCTATGCAAACTGGTTT	1
241	240	6	TGTGAGCCTATGCAAACTGGTTTG	1
242	241	6	GTGAGCCTATGCAAACTGGTTTGA	1
243	242	6	TGAGCCTATGCAAACTGGTTTGAA	1
244	243	6	GAGCCTATGCAAACTGGTTTGAAG	1
245	244	6	AGCCTATGCAAACTGGTTTGAAGG	1
246	245	5	GCCTATGCAAACTGGTTTGAAGGC	1
247	246	5	CCTATGCAAACTGGTTTGAAGGCT	1
248	247	5	CTATGCAAACTGGTTTGAAGGCTA	1
249	248	5	TATGCAAACTGGTTTGAAGGCTAT	1
250	249	5	ATGCAAACTGGTTTGAAGGCTATC	1
251	250	4	TGCAAACTGGTTTGAAGGCTATCG	1
252	251	3	GCAAACTGGTTTGAAGGCTATCGA	1
253	252	3	CAAACTGGTTTGAAGGCTATCGAT	1
254	253	2	AAACTGGTTTGAAGGCTATCGATT	1
255	254	2	AACTGGTTTGAAGGCTATCGATTC	1
256	255	1	ACTGGTTTGAAGGCTATCGATTCT	1
257	256	1	CTGGTTTGAAGGCTATCGATTCTA	1
258	257	1	TGGTTTGAAGGCTATCGATTCTAT	1
259	-1	0	CTCAGTTTAACCGAACAGAATACT	1
260	259	2	TCAGTTTAACCGAACAGAATACTT	1
261	260	2	CAGTTTAACCGAACAGAATACTTT	1
262	261	2	AGTTTAACCGAACAGAATACTTTC	1
263	262	2	GTTTAACCGAACAGAATACTTTCA	1
264	263	2	TTTAACCGAACAGAATACTTTCAT	1
265	264	2	TTAACCGAACAGAATACTTTCATT	1
266	265	2	TAACCGAACAGAATACTTTCATTT	1
267	266	2	AACCGAACAGAATACTTTCATTTG	1
268	267	2	ACCGAACAGAATACTTTCATTTGC	1
269	268	2	CCGAACAGAATACTTTCATTTGCA	1
270	269	2	CGAACAGAATACTTTCATTTGCAA	1
271	270	2	GAACAGAATACTTTCATTTGCAAA	1
272	271	2	AACAGAATACTTTCATTTGCAAAG	1
273	272	2	ACAGAATACTTTCATTTGCAAAGA	1
274	273	2	CAGAATACTTTCATTTGCAAAGAA	1
275	274	2	AGAATACTTTCATTTGCAAAGAAA	1
276	275	2	GAATACTTTCATTTGCAAAGAAAA	1
277	276	2	AATACTTTCATTTGCAAAGAAAAT	1
278	277	2	ATACTTTCATTTGCAAAGAAAATG	1
279	278	2	TACTTTCATTTGCAAAGAAAATGC	1
280	279	2	ACTTTCATTTGCAAAGAAAATGCT	1
281	280	2	CTTTCATTTGCAAAGAAAATGCTT	1
282	281	2	TTTCATTTGCAAAGAAAATGCTTC	1
283	282	3	TTCATTTGCAAAGAAAATGCTTCG	1
284	283	3	TCATTTGCAAAGAAAATGCTTCGT	1
285	284	3	CATTTGCAAAGAAAATGCTTCGTC	1
286	285	3	ATTTGCAAAGAAAATGCTTCGTCA	1
287	286	3	TTTGCAAAGAAAATGCTTCGTCAA	1
288	287	3	TTGCAAAGAAAATGCTTCGTCAAG	1
289	288	3	TGCAAAGAAAATGCTTCGTCAAGC	1
290	289	3	GCAAAGAAAATGCTTCGTCAAGCA	1
291	290	3	CAAAGAAAATGCTTCGTCAAGCAG	1
292	291	3	AAAGAAAATGCTTCGTCAAGCAGG	1
293	292	3	AAGAAAATGCTTCGTCAAGCAGGT	1
294	293	3	AGAAAATGCTTCGTCAAGCAGGTA	1
295	294	3	GAAAATGCTTCGTCAAGCAGGTAC	1
296	295	4	AAAATGCTTCGTCAAGCAGGTACT	1
297	296	4	AAATGCTTCGTCAAGCAGGTACTC	1
298	297	3	AATGCTTCGTCAAGCAGGTACTCG	1
299	298	3	ATGCTTCGTCAAGCAGGTACTCGG	1
300	299	3	TGCTTCGTCAAGCAGGTACTCGGT	1
301	300	3	GCTTCGTCAAGCAGGTACTCGGTT	1
302	301	3	CTTCGTCAAGCAGGTACTCGGTTG	1
303	302	3	TTCGTCAAGCAGGTACTCGGTTGC	1
304	303	2	TCGTCAAGCAGGTACTCGGTTGCT	1
305	304	2	CGTCAAGCAGGTACTCGGTTGCTA	1
306	305	2	GTCAAGCAGGTACTCGGTTGCTAA	1
307	306	1	TCAAGCAGGTACTCGGTTGCTAAA	1
308	307	1	CAAGCAGGTACTCGGTTGCTAAAG	1
309	308	1	AAGCAGGTACTCGGTTGCTAAAGG	1
310	309	1	AGCAGGTACTCGGTTGCTAAAGGT	1
311	310	1	GCAGGTACTCGGTTGCTAAAGGTC	1
312	311	1	CAGGTACTCGGTTGCTAAAGGTCC	1
313	312	1	AGGTACTCGGTTGCTAAAGGTCCC	1
314	313	1	GGTACTCGGTTGCTAAAGGTCCCT	1
315	314	1	GTACTCGGTTGCTAAAGGTCCCTG	1
316	315	1	TACTCGGTTGCTAAAGGTCCCTGT	1
317	316	1	ACTCGGTTGCTAAAGGTCCCTGTT	1
318	317	1	CTCGGTTGCTAAAGGTCCCTGTTT	1
319	318	1	TCGGTTGCTAAAGGTCCCTGTTTG	1
320	319	1	CGGTTGCTAAAGGTCCCTGTTTGT	1
321	320	1	GGTTGCTAAAGGTCCCTGTTTGTG	1
322	321	1	GTTGCTAAAGGTCCCTGTTTGTGG	1
323	322	1	TTGCTAAAGGTCCCTGTTTGTGGA	1
324	323	1	TGCTAAAGGTCCCTGTTTGTGGAC	1
325	324	1	GCTAAAGGTCCCTGTTTGTGGACT	1
326	325	1	CTAAAGGTCCCTGTTTGTGGACTA	1
327	326	1	TAAAGGTCCCTGTTTGTGGACTAC	1
328	327	1	AAAGGTCCCTGTTTGTGGACTACG	1
329	328	1	AAGGTCCCTGTTTGTGGACTACGA	1
330	329	1	AGGTCCCTGTTTGTGGACTACGAC	1
331	330	1	GGTCCCTGTTTGTGGACTACGACC	1
332	331	1	GTCCCTGTTTGTGGACTACGACCT	1
333	332	1	TCCCTGTTTGTGGACTACGACCTT	1
334	333	1	CCCTGTTTGTGGACTACGACCTTC	1
335	334	1	CCTGTTTGTGGACTACGACCTTCT	1
336	335	1	CTGTTTGTGGACTACGACCTTCTA	1
337	336	1	TGTTTGTGGACTACGACCTTCTAT	1
338	337	1	GTTTGTGGACTACGACCTTCTATT	1
339	338	1	TTTGTGGACTACGACCTTCTATTA	1
