Component 38
1	-1	0	GATTAAGCAAGCCGGCGGTGTTGT	1
2	1	3	ATTAAGCAAGCCGGCGGTGTTGTT	1
3	2	3	TTAAGCAAGCCGGCGGTGTTGTTG	1
4	3	3	TAAGCAAGCCGGCGGTGTTGTTGA	1
5	4	3	AAGCAAGCCGGCGGTGTTGTTGAG	1
6	5	3	AGCAAGCCGGCGGTGTTGTTGAGC	1
7	6	3	GCAAGCCGGCGGTGTTGTTGAGCT	1
8	7	3	CAAGCCGGCGGTGTTGTTGAGCTC	1
9	8	3	AAGCCGGCGGTGTTGTTGAGCTCA	1
10	9	3	AGCCGGCGGTGTTGTTGAGCTCAT	1
11	10	3	GCCGGCGGTGTTGTTGAGCTCATT	1
12	11	3	CCGGCGGTGTTGTTGAGCTCATTG	1
13	12	3	CGGCGGTGTTGTTGAGCTCATTGC	1
14	13	3	GGCGGTGTTGTTGAGCTCATTGCA	1
15	14	3	GCGGTGTTGTTGAGCTCATTGCAT	1
16	15	3	CGGTGTTGTTGAGCTCATTGCATA	1
17	16	3	GGTGTTGTTGAGCTCATTGCATAA	1
18	17	3	GTGTTGTTGAGCTCATTGCATAAA	1
19	18	3	TGTTGTTGAGCTCATTGCATAAAC	1
20	19	3	GTTGTTGAGCTCATTGCATAAACA	1
21	20	3	TTGTTGAGCTCATTGCATAAACAA	1
22	21	3	TGTTGAGCTCATTGCATAAACAAA	1
23	22	3	GTTGAGCTCATTGCATAAACAAAT	1
24	23	3	TTGAGCTCATTGCATAAACAAATA	1
25	24	3	TGAGCTCATTGCATAAACAAATAA	1
26	25	3	GAGCTCATTGCATAAACAAATAAC	1
27	26	3	AGCTCATTGCATAAACAAATAACA	1
28	27	3	GCTCATTGCATAAACAAATAACAA	1
29	28	3	CTCATTGCATAAACAAATAACAAT	1
30	29	3	TCATTGCATAAACAAATAACAATA	1
31	30	3	CATTGCATAAACAAATAACAATAA	1
32	31	3	ATTGCATAAACAAATAACAATAAA	1
33	32	3	TTGCATAAACAAATAACAATAAAA	1
34	33	3	TGCATAAACAAATAACAATAAAAA	1
35	34	3	GCATAAACAAATAACAATAAAAAG	1
36	35	3	CATAAACAAATAACAATAAAAAGT	1
37	36	3	ATAAACAAATAACAATAAAAAGTA	1
38	37	3	TAAACAAATAACAATAAAAAGTAC	1
39	38	3	AAACAAATAACAATAAAAAGTACA	1
40	39	3	AACAAATAACAATAAAAAGTACAT	1
41	40	3	ACAAATAACAATAAAAAGTACATT	1
42	41	3	CAAATAACAATAAAAAGTACATTG	1
43	42	3	AAATAACAATAAAAAGTACATTGA	1
44	43	3	AATAACAATAAAAAGTACATTGAG	1
45	44	3	ATAACAATAAAAAGTACATTGAGC	1
46	-1	0	AGGACATCAAAATGCCAACTCACG	1
47	46	1	GGACATCAAAATGCCAACTCACGT	1
48	47	1	GACATCAAAATGCCAACTCACGTA	1
49	48	1	ACATCAAAATGCCAACTCACGTAT	1
50	49	1	CATCAAAATGCCAACTCACGTATC	1
51	50	3	ATCAAAATGCCAACTCACGTATCT	1
52	51	5	TCAAAATGCCAACTCACGTATCTA	1
53	52	7	CAAAATGCCAACTCACGTATCTAA	1
54	53	21	AAAATGCCAACTCACGTATCTAAG	1
55	54	23	AAATGCCAACTCACGTATCTAAGA	1
56	55	23	AATGCCAACTCACGTATCTAAGAC	1
57	56	23	ATGCCAACTCACGTATCTAAGACT	1
58	57	23	TGCCAACTCACGTATCTAAGACTC	1
59	58	26	GCCAACTCACGTATCTAAGACTCG	1
60	59	27	CCAACTCACGTATCTAAGACTCGT	1
61	60	28	CAACTCACGTATCTAAGACTCGTA	1
62	61	28	AACTCACGTATCTAAGACTCGTAA	1
63	62	28	ACTCACGTATCTAAGACTCGTAAG	1
64	63	28	CTCACGTATCTAAGACTCGTAAGC	1
65	64	28	TCACGTATCTAAGACTCGTAAGCT	1
66	65	28	CACGTATCTAAGACTCGTAAGCTT	1
67	66	30	ACGTATCTAAGACTCGTAAGCTTC	1
68	67	30	CGTATCTAAGACTCGTAAGCTTCG	1
69	68	30	GTATCTAAGACTCGTAAGCTTCGT	1
70	69	30	TATCTAAGACTCGTAAGCTTCGTG	1
71	70	30	ATCTAAGACTCGTAAGCTTCGTGG	1
72	71	30	TCTAAGACTCGTAAGCTTCGTGGA	1
73	72	43	CTAAGACTCGTAAGCTTCGTGGAC	1
74	73	43	TAAGACTCGTAAGCTTCGTGGACA	1
75	74	43	AAGACTCGTAAGCTTCGTGGACAC	1
76	75	43	AGACTCGTAAGCTTCGTGGACACG	1
77	76	43	GACTCGTAAGCTTCGTGGACACGT	1
78	77	30	ACTCGTAAGCTTCGTGGACACGTT	1
79	78	29	CTCGTAAGCTTCGTGGACACGTTT	1
80	79	29	TCGTAAGCTTCGTGGACACGTTTC	1
81	80	28	CGTAAGCTTCGTGGACACGTTTCA	1
82	81	28	GTAAGCTTCGTGGACACGTTTCAG	1
83	82	31	TAAGCTTCGTGGACACGTTTCAGC	1
84	83	31	AAGCTTCGTGGACACGTTTCAGCT	1
85	84	31	AGCTTCGTGGACACGTTTCAGCTG	1
86	85	31	GCTTCGTGGACACGTTTCAGCTGG	1
87	86	31	CTTCGTGGACACGTTTCAGCTGGT	1
88	87	31	TTCGTGGACACGTTTCAGCTGGTC	1
89	88	31	TCGTGGACACGTTTCAGCTGGTCA	1
90	89	31	CGTGGACACGTTTCAGCTGGTCAC	1
91	90	30	GTGGACACGTTTCAGCTGGTCACG	1
92	91	29	TGGACACGTTTCAGCTGGTCACGG	1
93	92	29	GGACACGTTTCAGCTGGTCACGGT	1
94	93	28	GACACGTTTCAGCTGGTCACGGTC	1
95	94	26	ACACGTTTCAGCTGGTCACGGTCG	1
96	95	23	CACGTTTCAGCTGGTCACGGTCGT	1
97	96	23	ACGTTTCAGCTGGTCACGGTCGTA	1
98	97	12	CGTTTCAGCTGGTCACGGTCGTAT	1
99	98	10	GTTTCAGCTGGTCACGGTCGTATT	1
100	99	10	TTTCAGCTGGTCACGGTCGTATTG	1
101	100	10	TTCAGCTGGTCACGGTCGTATTGG	1
102	101	10	TCAGCTGGTCACGGTCGTATTGGC	1
103	102	9	CAGCTGGTCACGGTCGTATTGGCA	1
104	103	8	AGCTGGTCACGGTCGTATTGGCAA	1
105	104	8	GCTGGTCACGGTCGTATTGGCAAG	1
106	105	8	CTGGTCACGGTCGTATTGGCAAGC	1
107	106	8	TGGTCACGGTCGTATTGGCAAGCA	1
108	107	8	GGTCACGGTCGTATTGGCAAGCAC	1
109	108	8	GTCACGGTCGTATTGGCAAGCACA	1
110	109	8	TCACGGTCGTATTGGCAAGCACAG	1
111	110	6	CACGGTCGTATTGGCAAGCACAGG	1
112	111	6	ACGGTCGTATTGGCAAGCACAGGA	1
113	112	6	CGGTCGTATTGGCAAGCACAGGAA	1
114	113	6	GGTCGTATTGGCAAGCACAGGAAG	1
115	114	6	GTCGTATTGGCAAGCACAGGAAGC	1
116	115	8	TCGTATTGGCAAGCACAGGAAGCA	1
117	116	8	CGTATTGGCAAGCACAGGAAGCAT	1
118	117	8	GTATTGGCAAGCACAGGAAGCATC	1
119	118	8	TATTGGCAAGCACAGGAAGCATCC	1
120	119	8	ATTGGCAAGCACAGGAAGCATCCC	1
121	120	9	TTGGCAAGCACAGGAAGCATCCCG	1
122	121	9	TGGCAAGCACAGGAAGCATCCCGG	1
123	122	9	GGCAAGCACAGGAAGCATCCCGGT	1
124	123	9	GCAAGCACAGGAAGCATCCCGGTG	1
125	124	10	CAAGCACAGGAAGCATCCCGGTGG	1
126	125	8	AAGCACAGGAAGCATCCCGGTGGT	1
127	126	9	AGCACAGGAAGCATCCCGGTGGTC	1
128	127	9	GCACAGGAAGCATCCCGGTGGTCG	1
129	128	9	CACAGGAAGCATCCCGGTGGTCGT	1
130	129	9	ACAGGAAGCATCCCGGTGGTCGTG	1
131	130	9	CAGGAAGCATCCCGGTGGTCGTGG	1
132	131	8	AGGAAGCATCCCGGTGGTCGTGGT	1
133	132	8	GGAAGCATCCCGGTGGTCGTGGTA	1
134	133	8	GAAGCATCCCGGTGGTCGTGGTAA	1
135	134	8	AAGCATCCCGGTGGTCGTGGTAAG	1
136	135	8	AGCATCCCGGTGGTCGTGGTAAGG	1
137	136	8	GCATCCCGGTGGTCGTGGTAAGGC	1
138	137	7	CATCCCGGTGGTCGTGGTAAGGCT	1
139	138	7	ATCCCGGTGGTCGTGGTAAGGCTG	1
140	139	7	TCCCGGTGGTCGTGGTAAGGCTGG	1
141	140	5	CCCGGTGGTCGTGGTAAGGCTGGT	1
142	141	5	CCGGTGGTCGTGGTAAGGCTGGTG	1
143	142	6	CGGTGGTCGTGGTAAGGCTGGTGG	1
144	143	6	GGTGGTCGTGGTAAGGCTGGTGGT	1
145	144	6	GTGGTCGTGGTAAGGCTGGTGGTT	1
146	145	6	TGGTCGTGGTAAGGCTGGTGGTTT	1
147	146	6	GGTCGTGGTAAGGCTGGTGGTTTA	1
148	147	5	GTCGTGGTAAGGCTGGTGGTTTAC	1
149	148	5	TCGTGGTAAGGCTGGTGGTTTACA	1
150	149	5	CGTGGTAAGGCTGGTGGTTTACAA	1
151	150	5	GTGGTAAGGCTGGTGGTTTACAAC	1
152	151	6	TGGTAAGGCTGGTGGTTTACAACA	1
153	152	6	GGTAAGGCTGGTGGTTTACAACAC	1
154	153	6	GTAAGGCTGGTGGTTTACAACACC	1
155	154	6	TAAGGCTGGTGGTTTACAACACCT	1
156	155	6	AAGGCTGGTGGTTTACAACACCTC	1
157	156	6	AGGCTGGTGGTTTACAACACCTCC	1
158	157	6	GGCTGGTGGTTTACAACACCTCCG	1
159	158	6	GCTGGTGGTTTACAACACCTCCGT	1
160	159	5	CTGGTGGTTTACAACACCTCCGTA	1
161	160	5	TGGTGGTTTACAACACCTCCGTAG	1
162	161	5	GGTGGTTTACAACACCTCCGTAGT	1
163	162	5	GTGGTTTACAACACCTCCGTAGTC	1
164	163	5	TGGTTTACAACACCTCCGTAGTCA	1
165	164	4	GGTTTACAACACCTCCGTAGTCAC	1
166	165	4	GTTTACAACACCTCCGTAGTCACT	1
167	166	4	TTTACAACACCTCCGTAGTCACTT	1
168	167	4	TTACAACACCTCCGTAGTCACTTC	1
169	168	3	TACAACACCTCCGTAGTCACTTCG	1
170	169	3	ACAACACCTCCGTAGTCACTTCGA	1
171	170	3	CAACACCTCCGTAGTCACTTCGAT	1
172	171	3	AACACCTCCGTAGTCACTTCGATA	1
173	172	3	ACACCTCCGTAGTCACTTCGATAA	1
174	173	3	CACCTCCGTAGTCACTTCGATAAG	1
175	174	3	ACCTCCGTAGTCACTTCGATAAGT	1
176	175	4	CCTCCGTAGTCACTTCGATAAGTA	1
177	176	6	CTCCGTAGTCACTTCGATAAGTAC	1
178	177	6	TCCGTAGTCACTTCGATAAGTACC	1
179	178	6	CCGTAGTCACTTCGATAAGTACCA	1
180	179	7	CGTAGTCACTTCGATAAGTACCAT	1
181	180	7	GTAGTCACTTCGATAAGTACCATC	1
182	181	7	TAGTCACTTCGATAAGTACCATCC	1
183	182	7	AGTCACTTCGATAAGTACCATCCT	1
184	183	7	GTCACTTCGATAAGTACCATCCTG	1
185	184	7	TCACTTCGATAAGTACCATCCTGG	1
186	185	7	CACTTCGATAAGTACCATCCTGGT	1
187	186	6	ACTTCGATAAGTACCATCCTGGTT	1
188	187	6	CTTCGATAAGTACCATCCTGGTTA	1
189	188	7	TTCGATAAGTACCATCCTGGTTAC	1
190	189	7	TCGATAAGTACCATCCTGGTTACT	1
191	190	9	CGATAAGTACCATCCTGGTTACTT	1
192	191	10	GATAAGTACCATCCTGGTTACTTT	1
193	192	10	ATAAGTACCATCCTGGTTACTTTG	1
194	193	10	TAAGTACCATCCTGGTTACTTTGG	1
195	194	10	AAGTACCATCCTGGTTACTTTGGT	1
196	195	9	AGTACCATCCTGGTTACTTTGGTA	1
197	196	9	GTACCATCCTGGTTACTTTGGTAA	1
198	197	9	TACCATCCTGGTTACTTTGGTAAG	1
199	198	9	ACCATCCTGGTTACTTTGGTAAGG	1
200	199	9	CCATCCTGGTTACTTTGGTAAGGT	1
201	200	10	CATCCTGGTTACTTTGGTAAGGTC	1
202	201	11	ATCCTGGTTACTTTGGTAAGGTCG	1
203	202	11	TCCTGGTTACTTTGGTAAGGTCGG	1
204	203	12	CCTGGTTACTTTGGTAAGGTCGGT	1
205	204	12	CTGGTTACTTTGGTAAGGTCGGTA	1
206	205	12	TGGTTACTTTGGTAAGGTCGGTAT	1
207	206	13	GGTTACTTTGGTAAGGTCGGTATG	1
208	207	13	GTTACTTTGGTAAGGTCGGTATGC	1
209	208	14	TTACTTTGGTAAGGTCGGTATGCG	1
210	209	14	TACTTTGGTAAGGTCGGTATGCGC	1
211	210	14	ACTTTGGTAAGGTCGGTATGCGCC	1
212	211	14	CTTTGGTAAGGTCGGTATGCGCCG	1
213	212	14	TTTGGTAAGGTCGGTATGCGCCGT	1
214	213	14	TTGGTAAGGTCGGTATGCGCCGTT	1
215	214	14	TGGTAAGGTCGGTATGCGCCGTTT	1
216	215	14	GGTAAGGTCGGTATGCGCCGTTTC	1
217	216	14	GTAAGGTCGGTATGCGCCGTTTCC	1
218	217	14	TAAGGTCGGTATGCGCCGTTTCCA	1
219	218	14	AAGGTCGGTATGCGCCGTTTCCAC	1
220	219	11	AGGTCGGTATGCGCCGTTTCCACC	1
221	220	11	GGTCGGTATGCGCCGTTTCCACCT	1
222	221	12	GTCGGTATGCGCCGTTTCCACCTC	1
223	222	12	TCGGTATGCGCCGTTTCCACCTCA	1
224	223	12	CGGTATGCGCCGTTTCCACCTCAT	1
225	224	12	GGTATGCGCCGTTTCCACCTCATG	1
226	225	11	GTATGCGCCGTTTCCACCTCATGA	1
227	226	11	TATGCGCCGTTTCCACCTCATGAA	1
228	227	11	ATGCGCCGTTTCCACCTCATGAAG	1
229	228	11	TGCGCCGTTTCCACCTCATGAAGA	1
230	229	11	GCGCCGTTTCCACCTCATGAAGAA	1
231	230	12	CGCCGTTTCCACCTCATGAAGAAT	1
232	231	12	GCCGTTTCCACCTCATGAAGAATC	1
233	232	11	CCGTTTCCACCTCATGAAGAATCC	1
234	233	15	CGTTTCCACCTCATGAAGAATCCC	1
235	234	13	GTTTCCACCTCATGAAGAATCCCT	1
236	235	12	TTTCCACCTCATGAAGAATCCCTT	1
237	236	11	TTCCACCTCATGAAGAATCCCTTA	1
238	237	11	TCCACCTCATGAAGAATCCCTTAT	1
239	238	12	CCACCTCATGAAGAATCCCTTATG	1
240	239	14	CACCTCATGAAGAATCCCTTATGG	1
241	240	14	ACCTCATGAAGAATCCCTTATGGC	1
242	241	14	CCTCATGAAGAATCCCTTATGGCG	1
243	242	15	CTCATGAAGAATCCCTTATGGCGT	1
244	243	15	TCATGAAGAATCCCTTATGGCGTC	1
245	244	14	CATGAAGAATCCCTTATGGCGTCC	1
246	245	13	ATGAAGAATCCCTTATGGCGTCCC	1
247	246	13	TGAAGAATCCCTTATGGCGTCCCA	1
248	247	12	GAAGAATCCCTTATGGCGTCCCAC	1
249	248	13	AAGAATCCCTTATGGCGTCCCACT	1
250	249	13	AGAATCCCTTATGGCGTCCCACTG	1
251	250	12	GAATCCCTTATGGCGTCCCACTGT	1
252	251	12	AATCCCTTATGGCGTCCCACTGTC	1
253	252	12	ATCCCTTATGGCGTCCCACTGTCA	1
254	253	11	TCCCTTATGGCGTCCCACTGTCAA	1
255	254	11	CCCTTATGGCGTCCCACTGTCAAC	1
256	255	11	CCTTATGGCGTCCCACTGTCAACT	1
257	256	11	CTTATGGCGTCCCACTGTCAACTT	1
258	257	11	TTATGGCGTCCCACTGTCAACTTG	1
259	258	11	TATGGCGTCCCACTGTCAACTTGG	1
260	259	11	ATGGCGTCCCACTGTCAACTTGGA	1
261	260	11	TGGCGTCCCACTGTCAACTTGGAC	1
262	261	11	GGCGTCCCACTGTCAACTTGGACC	1
263	262	11	GCGTCCCACTGTCAACTTGGACCG	1
264	263	11	CGTCCCACTGTCAACTTGGACCGT	1
265	264	12	GTCCCACTGTCAACTTGGACCGTC	1
266	265	13	TCCCACTGTCAACTTGGACCGTCT	1
267	266	13	CCCACTGTCAACTTGGACCGTCTC	1
268	267	13	CCACTGTCAACTTGGACCGTCTCT	1
269	268	13	CACTGTCAACTTGGACCGTCTCTG	1
270	269	14	ACTGTCAACTTGGACCGTCTCTGG	1
271	270	14	CTGTCAACTTGGACCGTCTCTGGA	1
272	271	14	TGTCAACTTGGACCGTCTCTGGAC	1
273	272	14	GTCAACTTGGACCGTCTCTGGACT	1
274	273	15	TCAACTTGGACCGTCTCTGGACTT	1
275	274	14	CAACTTGGACCGTCTCTGGACTTT	1
276	275	14	AACTTGGACCGTCTCTGGACTTTA	1
277	276	15	ACTTGGACCGTCTCTGGACTTTAC	1
278	277	10	CTTGGACCGTCTCTGGACTTTACT	1
279	278	12	TTGGACCGTCTCTGGACTTTACTC	1
280	279	12	TGGACCGTCTCTGGACTTTACTCC	1
281	280	12	GGACCGTCTCTGGACTTTACTCCC	1
282	281	12	GACCGTCTCTGGACTTTACTCCCC	1
283	282	11	ACCGTCTCTGGACTTTACTCCCCA	1
284	283	12	CCGTCTCTGGACTTTACTCCCCAA	1
285	284	12	CGTCTCTGGACTTTACTCCCCAAC	1
286	285	12	GTCTCTGGACTTTACTCCCCAACG	1
287	286	12	TCTCTGGACTTTACTCCCCAACGA	1
288	287	12	CTCTGGACTTTACTCCCCAACGAG	1
289	288	12	TCTGGACTTTACTCCCCAACGAGG	1
290	289	12	CTGGACTTTACTCCCCAACGAGGC	1
291	290	12	TGGACTTTACTCCCCAACGAGGCT	1
292	291	11	GGACTTTACTCCCCAACGAGGCTC	1
293	292	11	GACTTTACTCCCCAACGAGGCTCG	1
294	293	12	ACTTTACTCCCCAACGAGGCTCGT	1
295	294	13	CTTTACTCCCCAACGAGGCTCGTG	1
296	295	13	TTTACTCCCCAACGAGGCTCGTGA	1
297	296	13	TTACTCCCCAACGAGGCTCGTGAC	1
298	297	13	TACTCCCCAACGAGGCTCGTGACA	1
299	298	13	ACTCCCCAACGAGGCTCGTGACAA	1
300	299	13	CTCCCCAACGAGGCTCGTGACAAG	1
301	300	13	TCCCCAACGAGGCTCGTGACAAGT	1
302	301	13	CCCCAACGAGGCTCGTGACAAGTA	1
303	302	13	CCCAACGAGGCTCGTGACAAGTAT	1
304	303	13	CCAACGAGGCTCGTGACAAGTATT	1
305	304	13	CAACGAGGCTCGTGACAAGTATTT	1
306	305	13	AACGAGGCTCGTGACAAGTATTTG	1
307	306	13	ACGAGGCTCGTGACAAGTATTTGG	1
308	307	13	CGAGGCTCGTGACAAGTATTTGGG	1
309	308	12	GAGGCTCGTGACAAGTATTTGGGC	1
310	309	16	AGGCTCGTGACAAGTATTTGGGCA	1
311	310	18	GGCTCGTGACAAGTATTTGGGCAA	1
312	311	18	GCTCGTGACAAGTATTTGGGCAAG	1
313	312	18	CTCGTGACAAGTATTTGGGCAAGA	1
314	313	17	TCGTGACAAGTATTTGGGCAAGAA	1
315	314	17	CGTGACAAGTATTTGGGCAAGAAC	1
316	315	17	GTGACAAGTATTTGGGCAAGAACA	1
317	316	17	TGACAAGTATTTGGGCAAGAACAC	1
318	317	16	GACAAGTATTTGGGCAAGAACACT	1
319	318	16	ACAAGTATTTGGGCAAGAACACTG	1
320	319	16	CAAGTATTTGGGCAAGAACACTGA	1
321	320	15	AAGTATTTGGGCAAGAACACTGAG	1
322	321	13	AGTATTTGGGCAAGAACACTGAGG	1
323	322	12	GTATTTGGGCAAGAACACTGAGGT	1
324	323	12	TATTTGGGCAAGAACACTGAGGTT	1
325	324	12	ATTTGGGCAAGAACACTGAGGTTG	1
326	325	12	TTTGGGCAAGAACACTGAGGTTGC	1
327	326	12	TTGGGCAAGAACACTGAGGTTGCT	1
328	327	9	TGGGCAAGAACACTGAGGTTGCTC	1
329	328	9	GGGCAAGAACACTGAGGTTGCTCC	1
330	329	8	GGCAAGAACACTGAGGTTGCTCCC	1
331	330	8	GCAAGAACACTGAGGTTGCTCCCG	1
332	331	8	CAAGAACACTGAGGTTGCTCCCGT	1
333	332	8	AAGAACACTGAGGTTGCTCCCGTC	1
334	333	8	AGAACACTGAGGTTGCTCCCGTCA	1
335	334	8	GAACACTGAGGTTGCTCCCGTCAT	1
336	335	8	AACACTGAGGTTGCTCCCGTCATC	1
337	336	8	ACACTGAGGTTGCTCCCGTCATCA	1
338	337	8	CACTGAGGTTGCTCCCGTCATCAA	1
339	338	7	ACTGAGGTTGCTCCCGTCATCAAT	1
340	339	7	CTGAGGTTGCTCCCGTCATCAATG	1
341	340	7	TGAGGTTGCTCCCGTCATCAATGT	1
342	341	7	GAGGTTGCTCCCGTCATCAATGTC	1
343	342	8	AGGTTGCTCCCGTCATCAATGTCC	1
344	343	8	GGTTGCTCCCGTCATCAATGTCCT	1
345	344	8	GTTGCTCCCGTCATCAATGTCCTT	1
346	345	8	TTGCTCCCGTCATCAATGTCCTTC	1
347	346	8	TGCTCCCGTCATCAATGTCCTTCA	1
348	347	8	GCTCCCGTCATCAATGTCCTTCAA	1
349	348	8	CTCCCGTCATCAATGTCCTTCAAT	1
350	349	8	TCCCGTCATCAATGTCCTTCAATC	1
351	350	8	CCCGTCATCAATGTCCTTCAATCC	1
352	351	7	CCGTCATCAATGTCCTTCAATCCG	1
353	352	7	CGTCATCAATGTCCTTCAATCCGG	1
354	353	4	GTCATCAATGTCCTTCAATCCGGT	1
355	354	2	TCATCAATGTCCTTCAATCCGGTT	1
356	355	2	CATCAATGTCCTTCAATCCGGTTA	1
357	356	2	ATCAATGTCCTTCAATCCGGTTAT	1
358	357	2	TCAATGTCCTTCAATCCGGTTATG	1
359	358	2	CAATGTCCTTCAATCCGGTTATGG	1
360	359	2	AATGTCCTTCAATCCGGTTATGGC	1
361	360	2	ATGTCCTTCAATCCGGTTATGGCA	1
362	361	2	TGTCCTTCAATCCGGTTATGGCAA	1
363	362	2	GTCCTTCAATCCGGTTATGGCAAA	1
364	363	2	TCCTTCAATCCGGTTATGGCAAAG	1
365	364	2	CCTTCAATCCGGTTATGGCAAAGT	1
366	365	2	CTTCAATCCGGTTATGGCAAAGTT	1
367	366	3	TTCAATCCGGTTATGGCAAAGTTT	1
368	367	3	TCAATCCGGTTATGGCAAAGTTTT	1
369	368	3	CAATCCGGTTATGGCAAAGTTTTG	1
370	369	3	AATCCGGTTATGGCAAAGTTTTGG	1
371	370	3	ATCCGGTTATGGCAAAGTTTTGGG	1
372	371	3	TCCGGTTATGGCAAAGTTTTGGGT	1
373	372	3	CCGGTTATGGCAAAGTTTTGGGTA	1
374	373	3	CGGTTATGGCAAAGTTTTGGGTAA	1
375	374	3	GGTTATGGCAAAGTTTTGGGTAAG	1
376	375	3	GTTATGGCAAAGTTTTGGGTAAGG	1
377	376	2	TTATGGCAAAGTTTTGGGTAAGGG	1
378	377	2	TATGGCAAAGTTTTGGGTAAGGGA	1
379	378	2	ATGGCAAAGTTTTGGGTAAGGGAC	1
380	379	4	TGGCAAAGTTTTGGGTAAGGGACG	1
381	380	4	GGCAAAGTTTTGGGTAAGGGACGT	1
382	381	4	GCAAAGTTTTGGGTAAGGGACGTC	1
383	382	3	CAAAGTTTTGGGTAAGGGACGTCT	1
384	383	3	AAAGTTTTGGGTAAGGGACGTCTT	1
385	384	3	AAGTTTTGGGTAAGGGACGTCTTC	1
386	385	3	AGTTTTGGGTAAGGGACGTCTTCC	1
387	386	2	GTTTTGGGTAAGGGACGTCTTCCT	1
388	387	2	TTTTGGGTAAGGGACGTCTTCCTG	1
389	388	2	TTTGGGTAAGGGACGTCTTCCTGA	1
390	389	2	TTGGGTAAGGGACGTCTTCCTGAG	1
391	390	2	TGGGTAAGGGACGTCTTCCTGAGA	1
392	391	3	GGGTAAGGGACGTCTTCCTGAGAC	1
393	392	3	GGTAAGGGACGTCTTCCTGAGACC	1
394	393	3	GTAAGGGACGTCTTCCTGAGACCC	1
395	394	3	TAAGGGACGTCTTCCTGAGACCCC	1
396	395	3	AAGGGACGTCTTCCTGAGACCCCT	1
397	396	3	AGGGACGTCTTCCTGAGACCCCTG	1
398	397	3	GGGACGTCTTCCTGAGACCCCTGT	1
399	398	3	GGACGTCTTCCTGAGACCCCTGTC	1
400	399	3	GACGTCTTCCTGAGACCCCTGTCA	1
401	400	3	ACGTCTTCCTGAGACCCCTGTCAT	1
402	401	3	CGTCTTCCTGAGACCCCTGTCATT	1
403	402	3	GTCTTCCTGAGACCCCTGTCATTG	1
404	403	3	TCTTCCTGAGACCCCTGTCATTGT	1
405	404	5	CTTCCTGAGACCCCTGTCATTGTT	1
406	405	5	TTCCTGAGACCCCTGTCATTGTTC	1
407	406	6	TCCTGAGACCCCTGTCATTGTTCA	1
408	407	7	CCTGAGACCCCTGTCATTGTTCAA	1
409	408	7	CTGAGACCCCTGTCATTGTTCAAA	1
410	409	7	TGAGACCCCTGTCATTGTTCAAAC	1
411	410	5	GAGACCCCTGTCATTGTTCAAACT	1
412	411	5	AGACCCCTGTCATTGTTCAAACTC	1
413	412	5	GACCCCTGTCATTGTTCAAACTCG	1
414	413	6	ACCCCTGTCATTGTTCAAACTCGC	1
415	414	6	CCCCTGTCATTGTTCAAACTCGCT	1
416	415	6	CCCTGTCATTGTTCAAACTCGCTA	1
417	416	6	CCTGTCATTGTTCAAACTCGCTAC	1
418	417	6	CTGTCATTGTTCAAACTCGCTACG	1
419	418	6	TGTCATTGTTCAAACTCGCTACGT	1
420	419	7	GTCATTGTTCAAACTCGCTACGTT	1
421	420	7	TCATTGTTCAAACTCGCTACGTTT	1
422	421	7	CATTGTTCAAACTCGCTACGTTTC	1
423	422	7	ATTGTTCAAACTCGCTACGTTTCT	1
424	423	7	TTGTTCAAACTCGCTACGTTTCTC	1
425	424	7	TGTTCAAACTCGCTACGTTTCTCG	1
426	425	7	GTTCAAACTCGCTACGTTTCTCGC	1
427	426	7	TTCAAACTCGCTACGTTTCTCGCA	1
428	427	7	TCAAACTCGCTACGTTTCTCGCAG	1
429	428	7	CAAACTCGCTACGTTTCTCGCAGA	1
430	429	8	AAACTCGCTACGTTTCTCGCAGAG	1
431	430	8	AACTCGCTACGTTTCTCGCAGAGC	1
432	431	8	ACTCGCTACGTTTCTCGCAGAGCT	1
433	432	8	CTCGCTACGTTTCTCGCAGAGCTG	1
434	433	8	TCGCTACGTTTCTCGCAGAGCTGA	1
435	434	8	CGCTACGTTTCTCGCAGAGCTGAG	1
436	435	7	GCTACGTTTCTCGCAGAGCTGAGG	1
437	436	7	CTACGTTTCTCGCAGAGCTGAGGA	1
438	437	7	TACGTTTCTCGCAGAGCTGAGGAA	1
439	438	7	ACGTTTCTCGCAGAGCTGAGGAAA	1
440	439	7	CGTTTCTCGCAGAGCTGAGGAAAA	1
441	440	7	GTTTCTCGCAGAGCTGAGGAAAAG	1
442	441	7	TTTCTCGCAGAGCTGAGGAAAAGA	1
443	442	7	TTCTCGCAGAGCTGAGGAAAAGAT	1
444	443	7	TCTCGCAGAGCTGAGGAAAAGATT	1
445	444	7	CTCGCAGAGCTGAGGAAAAGATTA	1
446	445	7	TCGCAGAGCTGAGGAAAAGATTAA	1
447	446	7	CGCAGAGCTGAGGAAAAGATTAAG	1
448	447	7	GCAGAGCTGAGGAAAAGATTAAGC	1
449	448	5	CAGAGCTGAGGAAAAGATTAAGCA	1
450	449	5	AGAGCTGAGGAAAAGATTAAGCAA	1
451	450	4	GAGCTGAGGAAAAGATTAAGCAAG	1
452	451	4	AGCTGAGGAAAAGATTAAGCAAGC	1
453	452	4	GCTGAGGAAAAGATTAAGCAAGCC	1
454	453	4	CTGAGGAAAAGATTAAGCAAGCCG	1
455	454	4	TGAGGAAAAGATTAAGCAAGCCGG	1
456	455	2	GAGGAAAAGATTAAGCAAGCCGGC	1
457	456	2	AGGAAAAGATTAAGCAAGCCGGCG	1
458	457	1	GGAAAAGATTAAGCAAGCCGGCGG	1
