Component 380
1	-1	0	GTCTGCTCGCCAAAAGAAGCGTGA	1
2	1	1	TCTGCTCGCCAAAAGAAGCGTGAA	1
3	2	1	CTGCTCGCCAAAAGAAGCGTGAAC	1
4	3	1	TGCTCGCCAAAAGAAGCGTGAACT	1
5	4	1	GCTCGCCAAAAGAAGCGTGAACTC	1
6	5	1	CTCGCCAAAAGAAGCGTGAACTCA	1
7	6	2	TCGCCAAAAGAAGCGTGAACTCAT	1
8	7	1	CGCCAAAAGAAGCGTGAACTCATA	1
9	8	1	GCCAAAAGAAGCGTGAACTCATAG	1
10	9	1	CCAAAAGAAGCGTGAACTCATAGC	1
11	10	1	CAAAAGAAGCGTGAACTCATAGCT	1
12	11	1	AAAAGAAGCGTGAACTCATAGCTA	1
13	12	1	AAAGAAGCGTGAACTCATAGCTAA	1
14	13	2	AAGAAGCGTGAACTCATAGCTAAA	1
15	14	2	AGAAGCGTGAACTCATAGCTAAAC	1
16	15	3	GAAGCGTGAACTCATAGCTAAACG	1
17	16	3	AAGCGTGAACTCATAGCTAAACGT	1
18	17	3	AGCGTGAACTCATAGCTAAACGTG	1
19	18	3	GCGTGAACTCATAGCTAAACGTGC	1
20	19	4	CGTGAACTCATAGCTAAACGTGCT	1
21	20	5	GTGAACTCATAGCTAAACGTGCTG	1
22	21	5	TGAACTCATAGCTAAACGTGCTGA	1
23	22	5	GAACTCATAGCTAAACGTGCTGAG	1
24	23	5	AACTCATAGCTAAACGTGCTGAGG	1
25	24	5	ACTCATAGCTAAACGTGCTGAGGC	1
26	25	5	CTCATAGCTAAACGTGCTGAGGCT	1
27	26	5	TCATAGCTAAACGTGCTGAGGCTT	1
28	27	5	CATAGCTAAACGTGCTGAGGCTTA	1
29	28	5	ATAGCTAAACGTGCTGAGGCTTAT	1
30	29	5	TAGCTAAACGTGCTGAGGCTTATG	1
31	30	5	AGCTAAACGTGCTGAGGCTTATGA	1
32	31	5	GCTAAACGTGCTGAGGCTTATGAA	1
33	32	7	CTAAACGTGCTGAGGCTTATGAAG	1
34	33	7	TAAACGTGCTGAGGCTTATGAAGC	1
35	34	7	AAACGTGCTGAGGCTTATGAAGCT	1
36	35	7	AACGTGCTGAGGCTTATGAAGCTG	1
37	36	8	ACGTGCTGAGGCTTATGAAGCTGA	1
38	37	8	CGTGCTGAGGCTTATGAAGCTGAA	1
39	38	8	GTGCTGAGGCTTATGAAGCTGAAT	1
40	39	8	TGCTGAGGCTTATGAAGCTGAATA	1
41	40	8	GCTGAGGCTTATGAAGCTGAATAC	1
42	41	8	CTGAGGCTTATGAAGCTGAATACC	1
43	42	8	TGAGGCTTATGAAGCTGAATACCG	1
44	43	8	GAGGCTTATGAAGCTGAATACCGT	1
45	44	8	AGGCTTATGAAGCTGAATACCGTG	1
46	45	7	GGCTTATGAAGCTGAATACCGTGC	1
47	46	8	GCTTATGAAGCTGAATACCGTGCT	1
48	47	8	CTTATGAAGCTGAATACCGTGCTG	1
49	48	8	TTATGAAGCTGAATACCGTGCTGC	1
50	49	8	TATGAAGCTGAATACCGTGCTGCT	1
51	50	7	ATGAAGCTGAATACCGTGCTGCTG	1
52	51	7	TGAAGCTGAATACCGTGCTGCTGA	1
53	52	7	GAAGCTGAATACCGTGCTGCTGAG	1
54	53	7	AAGCTGAATACCGTGCTGCTGAGC	1
55	54	7	AGCTGAATACCGTGCTGCTGAGCG	1
56	55	7	GCTGAATACCGTGCTGCTGAGCGT	1
57	56	8	CTGAATACCGTGCTGCTGAGCGTG	1
58	57	7	TGAATACCGTGCTGCTGAGCGTGA	1
59	58	7	GAATACCGTGCTGCTGAGCGTGAG	1
60	59	6	AATACCGTGCTGCTGAGCGTGAGC	1
61	60	6	ATACCGTGCTGCTGAGCGTGAGCA	1
62	61	6	TACCGTGCTGCTGAGCGTGAGCAG	1
63	62	6	ACCGTGCTGCTGAGCGTGAGCAGA	1
64	63	5	CCGTGCTGCTGAGCGTGAGCAGAT	1
65	64	5	CGTGCTGCTGAGCGTGAGCAGATT	1
66	65	6	GTGCTGCTGAGCGTGAGCAGATTG	1
67	66	6	TGCTGCTGAGCGTGAGCAGATTGA	1
68	67	6	GCTGCTGAGCGTGAGCAGATTGAA	1
69	68	7	CTGCTGAGCGTGAGCAGATTGAAC	1
70	69	7	TGCTGAGCGTGAGCAGATTGAACT	1
71	70	7	GCTGAGCGTGAGCAGATTGAACTT	1
72	71	7	CTGAGCGTGAGCAGATTGAACTTG	1
73	72	9	TGAGCGTGAGCAGATTGAACTTGC	1
74	73	9	GAGCGTGAGCAGATTGAACTTGCT	1
75	74	9	AGCGTGAGCAGATTGAACTTGCTC	1
76	75	9	GCGTGAGCAGATTGAACTTGCTCG	1
77	76	8	CGTGAGCAGATTGAACTTGCTCGT	1
78	77	8	GTGAGCAGATTGAACTTGCTCGTA	1
79	78	8	TGAGCAGATTGAACTTGCTCGTAA	1
80	79	7	GAGCAGATTGAACTTGCTCGTAAG	1
81	80	6	AGCAGATTGAACTTGCTCGTAAGG	1
82	81	6	GCAGATTGAACTTGCTCGTAAGGC	1
83	82	7	CAGATTGAACTTGCTCGTAAGGCT	1
84	83	7	AGATTGAACTTGCTCGTAAGGCTC	1
85	84	7	GATTGAACTTGCTCGTAAGGCTCG	1
86	85	7	ATTGAACTTGCTCGTAAGGCTCGT	1
87	86	7	TTGAACTTGCTCGTAAGGCTCGTG	1
88	87	7	TGAACTTGCTCGTAAGGCTCGTGC	1
89	88	7	GAACTTGCTCGTAAGGCTCGTGCC	1
90	89	7	AACTTGCTCGTAAGGCTCGTGCCG	1
91	90	6	ACTTGCTCGTAAGGCTCGTGCCGA	1
92	91	6	CTTGCTCGTAAGGCTCGTGCCGAG	1
93	92	6	TTGCTCGTAAGGCTCGTGCCGAGG	1
94	93	6	TGCTCGTAAGGCTCGTGCCGAGGG	1
95	94	6	GCTCGTAAGGCTCGTGCCGAGGGC	1
96	95	6	CTCGTAAGGCTCGTGCCGAGGGCA	1
97	96	6	TCGTAAGGCTCGTGCCGAGGGCAA	1
98	97	6	CGTAAGGCTCGTGCCGAGGGCAAC	1
99	98	6	GTAAGGCTCGTGCCGAGGGCAACT	1
100	99	6	TAAGGCTCGTGCCGAGGGCAACTA	1
101	100	6	AAGGCTCGTGCCGAGGGCAACTAC	1
102	101	6	AGGCTCGTGCCGAGGGCAACTACT	1
103	102	6	GGCTCGTGCCGAGGGCAACTACTT	1
104	103	6	GCTCGTGCCGAGGGCAACTACTTT	1
105	104	6	CTCGTGCCGAGGGCAACTACTTTG	1
106	105	6	TCGTGCCGAGGGCAACTACTTTGT	1
107	106	6	CGTGCCGAGGGCAACTACTTTGTT	1
108	107	7	GTGCCGAGGGCAACTACTTTGTTC	1
109	108	6	TGCCGAGGGCAACTACTTTGTTCC	1
110	109	5	GCCGAGGGCAACTACTTTGTTCCT	1
111	110	5	CCGAGGGCAACTACTTTGTTCCTC	1
112	111	5	CGAGGGCAACTACTTTGTTCCTCA	1
113	112	4	GAGGGCAACTACTTTGTTCCTCAT	1
114	113	4	AGGGCAACTACTTTGTTCCTCATG	1
115	114	4	GGGCAACTACTTTGTTCCTCATGA	1
116	115	4	GGCAACTACTTTGTTCCTCATGAG	1
117	116	2	GCAACTACTTTGTTCCTCATGAGC	1
118	117	2	CAACTACTTTGTTCCTCATGAGCC	1
119	118	2	AACTACTTTGTTCCTCATGAGCCC	1
120	119	3	ACTACTTTGTTCCTCATGAGCCCA	1
121	120	3	CTACTTTGTTCCTCATGAGCCCAA	1
122	121	4	TACTTTGTTCCTCATGAGCCCAAG	1
123	122	4	ACTTTGTTCCTCATGAGCCCAAGT	1
124	123	4	CTTTGTTCCTCATGAGCCCAAGTT	1
125	124	4	TTTGTTCCTCATGAGCCCAAGTTG	1
126	125	4	TTGTTCCTCATGAGCCCAAGTTGA	1
127	126	3	TGTTCCTCATGAGCCCAAGTTGAT	1
128	127	3	GTTCCTCATGAGCCCAAGTTGATC	1
129	128	3	TTCCTCATGAGCCCAAGTTGATCT	1
130	129	3	TCCTCATGAGCCCAAGTTGATCTT	1
131	130	3	CCTCATGAGCCCAAGTTGATCTTT	1
132	131	3	CTCATGAGCCCAAGTTGATCTTTG	1
133	132	3	TCATGAGCCCAAGTTGATCTTTGT	1
134	133	4	CATGAGCCCAAGTTGATCTTTGTT	1
135	134	4	ATGAGCCCAAGTTGATCTTTGTTG	1
136	135	4	TGAGCCCAAGTTGATCTTTGTTGT	1
137	136	4	GAGCCCAAGTTGATCTTTGTTGTT	1
138	137	4	AGCCCAAGTTGATCTTTGTTGTTC	1
139	138	4	GCCCAAGTTGATCTTTGTTGTTCG	1
140	139	4	CCCAAGTTGATCTTTGTTGTTCGT	1
141	140	4	CCAAGTTGATCTTTGTTGTTCGTA	1
142	141	4	CAAGTTGATCTTTGTTGTTCGTAT	1
143	142	4	AAGTTGATCTTTGTTGTTCGTATC	1
144	143	4	AGTTGATCTTTGTTGTTCGTATCC	1
145	144	4	GTTGATCTTTGTTGTTCGTATCCG	1
146	145	4	TTGATCTTTGTTGTTCGTATCCGT	1
147	146	4	TGATCTTTGTTGTTCGTATCCGTG	1
148	147	4	GATCTTTGTTGTTCGTATCCGTGG	1
149	148	4	ATCTTTGTTGTTCGTATCCGTGGT	1
150	149	4	TCTTTGTTGTTCGTATCCGTGGTA	1
151	150	4	CTTTGTTGTTCGTATCCGTGGTAT	1
152	151	3	TTTGTTGTTCGTATCCGTGGTATT	1
153	152	3	TTGTTGTTCGTATCCGTGGTATTA	1
154	153	3	TGTTGTTCGTATCCGTGGTATTAA	1
155	154	3	GTTGTTCGTATCCGTGGTATTAAC	1
156	155	3	TTGTTCGTATCCGTGGTATTAACA	1
157	156	3	TGTTCGTATCCGTGGTATTAACAA	1
158	157	3	GTTCGTATCCGTGGTATTAACAAT	1
159	158	3	TTCGTATCCGTGGTATTAACAATA	1
160	159	3	TCGTATCCGTGGTATTAACAATAT	1
161	160	3	CGTATCCGTGGTATTAACAATATT	1
162	161	3	GTATCCGTGGTATTAACAATATTC	1
163	162	3	TATCCGTGGTATTAACAATATTCC	1
164	163	2	ATCCGTGGTATTAACAATATTCCT	1
165	164	2	TCCGTGGTATTAACAATATTCCTC	1
166	165	1	CCGTGGTATTAACAATATTCCTCC	1
167	166	1	CGTGGTATTAACAATATTCCTCCC	1
168	167	1	GTGGTATTAACAATATTCCTCCCA	1
169	168	1	TGGTATTAACAATATTCCTCCCAA	1
170	169	2	GGTATTAACAATATTCCTCCCAAG	1
171	170	2	GTATTAACAATATTCCTCCCAAGG	1
172	171	2	TATTAACAATATTCCTCCCAAGGC	1
173	172	2	ATTAACAATATTCCTCCCAAGGCT	1
174	173	2	TTAACAATATTCCTCCCAAGGCTC	1
175	174	2	TAACAATATTCCTCCCAAGGCTCG	1
176	175	2	AACAATATTCCTCCCAAGGCTCGT	1
177	176	1	ACAATATTCCTCCCAAGGCTCGTA	1
178	177	1	CAATATTCCTCCCAAGGCTCGTAA	1
179	178	3	AATATTCCTCCCAAGGCTCGTAAG	1
180	179	3	ATATTCCTCCCAAGGCTCGTAAGA	1
181	180	3	TATTCCTCCCAAGGCTCGTAAGAT	1
182	181	3	ATTCCTCCCAAGGCTCGTAAGATC	1
183	182	3	TTCCTCCCAAGGCTCGTAAGATCA	1
184	183	3	TCCTCCCAAGGCTCGTAAGATCAT	1
185	184	3	CCTCCCAAGGCTCGTAAGATCATG	1
186	185	3	CTCCCAAGGCTCGTAAGATCATGC	1
187	186	3	TCCCAAGGCTCGTAAGATCATGCA	1
188	187	3	CCCAAGGCTCGTAAGATCATGCAA	1
189	188	4	CCAAGGCTCGTAAGATCATGCAAT	1
190	189	4	CAAGGCTCGTAAGATCATGCAATT	1
191	190	4	AAGGCTCGTAAGATCATGCAATTG	1
192	191	4	AGGCTCGTAAGATCATGCAATTGC	1
193	192	5	GGCTCGTAAGATCATGCAATTGCT	1
194	193	5	GCTCGTAAGATCATGCAATTGCTC	1
195	194	5	CTCGTAAGATCATGCAATTGCTCC	1
196	195	5	TCGTAAGATCATGCAATTGCTCCG	1
197	196	5	CGTAAGATCATGCAATTGCTCCGT	1
198	197	7	GTAAGATCATGCAATTGCTCCGTC	1
199	198	7	TAAGATCATGCAATTGCTCCGTCT	1
200	199	7	AAGATCATGCAATTGCTCCGTCTT	1
201	200	7	AGATCATGCAATTGCTCCGTCTTT	1
202	201	7	GATCATGCAATTGCTCCGTCTTTT	1
203	202	7	ATCATGCAATTGCTCCGTCTTTTG	1
204	203	7	TCATGCAATTGCTCCGTCTTTTGC	1
205	204	7	CATGCAATTGCTCCGTCTTTTGCA	1
206	205	7	ATGCAATTGCTCCGTCTTTTGCAA	1
207	206	7	TGCAATTGCTCCGTCTTTTGCAAA	1
208	207	7	GCAATTGCTCCGTCTTTTGCAAAT	1
209	208	7	CAATTGCTCCGTCTTTTGCAAATT	1
210	209	7	AATTGCTCCGTCTTTTGCAAATTA	1
211	210	7	ATTGCTCCGTCTTTTGCAAATTAA	1
212	211	8	TTGCTCCGTCTTTTGCAAATTAAC	1
213	212	8	TGCTCCGTCTTTTGCAAATTAACA	1
214	213	7	GCTCCGTCTTTTGCAAATTAACAA	1
215	214	7	CTCCGTCTTTTGCAAATTAACAAT	1
216	215	7	TCCGTCTTTTGCAAATTAACAATG	1
217	216	7	CCGTCTTTTGCAAATTAACAATGG	1
218	217	7	CGTCTTTTGCAAATTAACAATGGC	1
219	218	7	GTCTTTTGCAAATTAACAATGGCA	1
220	219	7	TCTTTTGCAAATTAACAATGGCAT	1
221	220	7	CTTTTGCAAATTAACAATGGCATT	1
222	221	7	TTTTGCAAATTAACAATGGCATTT	1
223	222	5	TTTGCAAATTAACAATGGCATTTT	1
224	223	5	TTGCAAATTAACAATGGCATTTTT	1
225	224	5	TGCAAATTAACAATGGCATTTTTG	1
226	225	7	GCAAATTAACAATGGCATTTTTGT	1
227	226	7	CAAATTAACAATGGCATTTTTGTC	1
228	227	7	AAATTAACAATGGCATTTTTGTCA	1
229	228	7	AATTAACAATGGCATTTTTGTCAA	1
230	229	7	ATTAACAATGGCATTTTTGTCAAA	1
231	230	7	TTAACAATGGCATTTTTGTCAAAT	1
232	231	7	TAACAATGGCATTTTTGTCAAATT	1
233	232	6	AACAATGGCATTTTTGTCAAATTC	1
234	233	6	ACAATGGCATTTTTGTCAAATTCA	1
235	234	6	CAATGGCATTTTTGTCAAATTCAA	1
236	235	6	AATGGCATTTTTGTCAAATTCAAC	1
237	236	4	ATGGCATTTTTGTCAAATTCAACA	1
238	237	4	TGGCATTTTTGTCAAATTCAACAA	1
239	238	4	GGCATTTTTGTCAAATTCAACAAG	1
240	239	4	GCATTTTTGTCAAATTCAACAAGG	1
241	240	4	CATTTTTGTCAAATTCAACAAGGC	1
242	241	2	ATTTTTGTCAAATTCAACAAGGCT	1
243	242	2	TTTTTGTCAAATTCAACAAGGCTA	1
244	243	2	TTTTGTCAAATTCAACAAGGCTAT	1
245	244	2	TTTGTCAAATTCAACAAGGCTATT	1
246	245	2	TTGTCAAATTCAACAAGGCTATTA	1
247	246	2	TGTCAAATTCAACAAGGCTATTAA	1
248	247	2	GTCAAATTCAACAAGGCTATTAAG	1
249	248	2	TCAAATTCAACAAGGCTATTAAGG	1
250	249	3	CAAATTCAACAAGGCTATTAAGGA	1
251	250	3	AAATTCAACAAGGCTATTAAGGAA	1
252	251	3	AATTCAACAAGGCTATTAAGGAAA	1
253	252	9	ATTCAACAAGGCTATTAAGGAAAT	1
254	253	9	TTCAACAAGGCTATTAAGGAAATG	1
255	254	9	TCAACAAGGCTATTAAGGAAATGC	1
256	255	9	CAACAAGGCTATTAAGGAAATGCT	1
257	256	9	AACAAGGCTATTAAGGAAATGCTC	1
258	257	9	ACAAGGCTATTAAGGAAATGCTCC	1
259	258	9	CAAGGCTATTAAGGAAATGCTCCA	1
260	259	9	AAGGCTATTAAGGAAATGCTCCAA	1
261	260	9	AGGCTATTAAGGAAATGCTCCAAG	1
262	261	9	GGCTATTAAGGAAATGCTCCAAGT	1
263	262	9	GCTATTAAGGAAATGCTCCAAGTC	1
264	263	9	CTATTAAGGAAATGCTCCAAGTCG	1
265	264	9	TATTAAGGAAATGCTCCAAGTCGT	1
266	265	9	ATTAAGGAAATGCTCCAAGTCGTT	1
267	266	9	TTAAGGAAATGCTCCAAGTCGTTG	1
268	267	9	TAAGGAAATGCTCCAAGTCGTTGA	1
269	268	9	AAGGAAATGCTCCAAGTCGTTGAG	1
270	269	7	AGGAAATGCTCCAAGTCGTTGAGC	1
271	270	7	GGAAATGCTCCAAGTCGTTGAGCC	1
272	271	7	GAAATGCTCCAAGTCGTTGAGCCT	1
273	272	7	AAATGCTCCAAGTCGTTGAGCCTT	1
274	273	7	AATGCTCCAAGTCGTTGAGCCTTA	1
275	274	7	ATGCTCCAAGTCGTTGAGCCTTAC	1
276	275	7	TGCTCCAAGTCGTTGAGCCTTACG	1
277	276	7	GCTCCAAGTCGTTGAGCCTTACGT	1
278	277	7	CTCCAAGTCGTTGAGCCTTACGTT	1
279	278	7	TCCAAGTCGTTGAGCCTTACGTTA	1
280	279	7	CCAAGTCGTTGAGCCTTACGTTAC	1
281	280	7	CAAGTCGTTGAGCCTTACGTTACT	1
282	281	8	AAGTCGTTGAGCCTTACGTTACTT	1
283	282	8	AGTCGTTGAGCCTTACGTTACTTA	1
284	283	8	GTCGTTGAGCCTTACGTTACTTAT	1
285	284	8	TCGTTGAGCCTTACGTTACTTATG	1
286	285	8	CGTTGAGCCTTACGTTACTTATGG	1
287	286	8	GTTGAGCCTTACGTTACTTATGGT	1
288	287	8	TTGAGCCTTACGTTACTTATGGTA	1
289	288	8	TGAGCCTTACGTTACTTATGGTAT	1
290	289	8	GAGCCTTACGTTACTTATGGTATT	1
291	290	8	AGCCTTACGTTACTTATGGTATTC	1
292	291	8	GCCTTACGTTACTTATGGTATTCC	1
293	292	8	CCTTACGTTACTTATGGTATTCCT	1
294	293	7	CTTACGTTACTTATGGTATTCCTA	1
295	294	7	TTACGTTACTTATGGTATTCCTAA	1
296	295	7	TACGTTACTTATGGTATTCCTAAC	1
297	296	1	ACGTTACTTATGGTATTCCTAACC	1
298	297	1	CGTTACTTATGGTATTCCTAACCA	1
299	298	1	GTTACTTATGGTATTCCTAACCAC	1
300	299	1	TTACTTATGGTATTCCTAACCACA	1
301	-1	0	AAATGGTTGCCTCCTCGACCGTCC	1
302	301	1	AATGGTTGCCTCCTCGACCGTCCC	1
303	302	1	ATGGTTGCCTCCTCGACCGTCCCT	1
304	303	2	TGGTTGCCTCCTCGACCGTCCCTA	1
305	304	3	GGTTGCCTCCTCGACCGTCCCTAG	1
306	305	5	GTTGCCTCCTCGACCGTCCCTAGC	1
307	306	7	TTGCCTCCTCGACCGTCCCTAGCG	1
308	307	7	TGCCTCCTCGACCGTCCCTAGCGT	1
309	308	7	GCCTCCTCGACCGTCCCTAGCGTA	1
310	309	8	CCTCCTCGACCGTCCCTAGCGTAG	1
311	310	8	CTCCTCGACCGTCCCTAGCGTAGC	1
312	311	8	TCCTCGACCGTCCCTAGCGTAGCC	1
313	312	8	CCTCGACCGTCCCTAGCGTAGCCT	1
314	313	8	CTCGACCGTCCCTAGCGTAGCCTC	1
315	314	10	TCGACCGTCCCTAGCGTAGCCTCT	1
316	315	10	CGACCGTCCCTAGCGTAGCCTCTA	1
317	316	10	GACCGTCCCTAGCGTAGCCTCTAT	1
318	317	10	ACCGTCCCTAGCGTAGCCTCTATC	1
319	318	10	CCGTCCCTAGCGTAGCCTCTATCT	1
320	319	10	CGTCCCTAGCGTAGCCTCTATCTT	1
321	320	10	GTCCCTAGCGTAGCCTCTATCTTT	1
322	321	10	TCCCTAGCGTAGCCTCTATCTTTG	1
323	322	10	CCCTAGCGTAGCCTCTATCTTTGC	1
324	323	10	CCTAGCGTAGCCTCTATCTTTGCT	1
325	324	10	CTAGCGTAGCCTCTATCTTTGCTC	1
326	325	10	TAGCGTAGCCTCTATCTTTGCTCC	1
327	326	10	AGCGTAGCCTCTATCTTTGCTCCC	1
328	327	10	GCGTAGCCTCTATCTTTGCTCCCG	1
329	328	10	CGTAGCCTCTATCTTTGCTCCCGA	1
330	329	10	GTAGCCTCTATCTTTGCTCCCGAG	1
331	330	10	TAGCCTCTATCTTTGCTCCCGAGT	1
332	331	10	AGCCTCTATCTTTGCTCCCGAGTC	1
333	332	10	GCCTCTATCTTTGCTCCCGAGTCT	1
334	333	10	CCTCTATCTTTGCTCCCGAGTCTC	1
335	334	10	CTCTATCTTTGCTCCCGAGTCTCT	1
336	335	10	TCTATCTTTGCTCCCGAGTCTCTT	1
337	336	10	CTATCTTTGCTCCCGAGTCTCTTC	1
338	337	10	TATCTTTGCTCCCGAGTCTCTTCT	1
339	338	10	ATCTTTGCTCCCGAGTCTCTTCTC	1
340	339	10	TCTTTGCTCCCGAGTCTCTTCTCA	1
341	340	10	CTTTGCTCCCGAGTCTCTTCTCAA	1
342	341	11	TTTGCTCCCGAGTCTCTTCTCAAG	1
343	342	11	TTGCTCCCGAGTCTCTTCTCAAGA	1
344	343	11	TGCTCCCGAGTCTCTTCTCAAGAA	1
345	344	11	GCTCCCGAGTCTCTTCTCAAGAAG	1
346	345	10	CTCCCGAGTCTCTTCTCAAGAAGA	1
347	346	10	TCCCGAGTCTCTTCTCAAGAAGAC	1
348	347	9	CCCGAGTCTCTTCTCAAGAAGACT	1
349	348	8	CCGAGTCTCTTCTCAAGAAGACTA	1
350	349	6	CGAGTCTCTTCTCAAGAAGACTAA	1
351	350	5	GAGTCTCTTCTCAAGAAGACTAAG	1
352	351	5	AGTCTCTTCTCAAGAAGACTAAGG	1
353	352	5	GTCTCTTCTCAAGAAGACTAAGGC	1
354	353	4	TCTCTTCTCAAGAAGACTAAGGCT	1
355	354	4	CTCTTCTCAAGAAGACTAAGGCTC	1
356	355	4	TCTTCTCAAGAAGACTAAGGCTCA	1
357	356	4	CTTCTCAAGAAGACTAAGGCTCAG	1
358	357	4	TTCTCAAGAAGACTAAGGCTCAGA	1
359	358	2	TCTCAAGAAGACTAAGGCTCAGAA	1
360	359	2	CTCAAGAAGACTAAGGCTCAGAAA	1
361	360	2	TCAAGAAGACTAAGGCTCAGAAAC	1
362	361	2	CAAGAAGACTAAGGCTCAGAAACA	1
363	362	2	AAGAAGACTAAGGCTCAGAAACAA	1
364	363	2	AGAAGACTAAGGCTCAGAAACAAT	1
365	364	2	GAAGACTAAGGCTCAGAAACAATC	1
366	365	3	AAGACTAAGGCTCAGAAACAATCT	1
367	366	3	AGACTAAGGCTCAGAAACAATCTC	1
368	367	3	GACTAAGGCTCAGAAACAATCTCG	1
369	368	3	ACTAAGGCTCAGAAACAATCTCGC	1
370	369	3	CTAAGGCTCAGAAACAATCTCGCG	1
371	370	3	TAAGGCTCAGAAACAATCTCGCGA	1
372	371	4	AAGGCTCAGAAACAATCTCGCGAA	1
373	372	4	AGGCTCAGAAACAATCTCGCGAAC	1
374	373	4	GGCTCAGAAACAATCTCGCGAACA	1
375	374	4	GCTCAGAAACAATCTCGCGAACAG	1
376	375	4	CTCAGAAACAATCTCGCGAACAGA	1
377	376	4	TCAGAAACAATCTCGCGAACAGAT	1
378	377	4	CAGAAACAATCTCGCGAACAGATT	1
379	378	4	AGAAACAATCTCGCGAACAGATTG	1
380	379	4	GAAACAATCTCGCGAACAGATTGT	1
381	380	4	AAACAATCTCGCGAACAGATTGTC	1
382	381	4	AACAATCTCGCGAACAGATTGTCG	1
383	382	4	ACAATCTCGCGAACAGATTGTCGC	1
384	383	4	CAATCTCGCGAACAGATTGTCGCT	1
385	384	4	AATCTCGCGAACAGATTGTCGCTG	1
386	385	3	ATCTCGCGAACAGATTGTCGCTGC	1
387	386	3	TCTCGCGAACAGATTGTCGCTGCA	1
388	387	3	CTCGCGAACAGATTGTCGCTGCAG	1
389	388	3	TCGCGAACAGATTGTCGCTGCAGC	1
390	389	3	CGCGAACAGATTGTCGCTGCAGCT	1
391	390	3	GCGAACAGATTGTCGCTGCAGCTG	1
392	391	3	CGAACAGATTGTCGCTGCAGCTGC	1
393	392	3	GAACAGATTGTCGCTGCAGCTGCT	1
394	393	3	AACAGATTGTCGCTGCAGCTGCTG	1
395	394	2	ACAGATTGTCGCTGCAGCTGCTGA	1
396	395	2	CAGATTGTCGCTGCAGCTGCTGAA	1
397	396	2	AGATTGTCGCTGCAGCTGCTGAAA	1
398	397	2	GATTGTCGCTGCAGCTGCTGAAAA	1
399	398	2	ATTGTCGCTGCAGCTGCTGAAAAG	1
400	399	2	TTGTCGCTGCAGCTGCTGAAAAGA	1
401	400	2	TGTCGCTGCAGCTGCTGAAAAGAA	1
402	401	2	GTCGCTGCAGCTGCTGAAAAGAAG	1
403	402	2	TCGCTGCAGCTGCTGAAAAGAAGT	1
404	403	2	CGCTGCAGCTGCTGAAAAGAAGTC	1
405	404	2	GCTGCAGCTGCTGAAAAGAAGTCT	1
406	405	2	CTGCAGCTGCTGAAAAGAAGTCTG	1
407	406	2	TGCAGCTGCTGAAAAGAAGTCTGC	1
408	407	2	GCAGCTGCTGAAAAGAAGTCTGCT	1
409	408	2	CAGCTGCTGAAAAGAAGTCTGCTC	1
410	409	1	AGCTGCTGAAAAGAAGTCTGCTCG	1
411	410	1	GCTGCTGAAAAGAAGTCTGCTCGC	1
412	411	1	CTGCTGAAAAGAAGTCTGCTCGCC	1
413	412	1	TGCTGAAAAGAAGTCTGCTCGCCA	1
414	413	1	GCTGAAAAGAAGTCTGCTCGCCAA	1
415	414	1	CTGAAAAGAAGTCTGCTCGCCAAA	1
416	-1	0	AAACTGTTCGTGAGTTGATCTACA	1
417	416	1	AACTGTTCGTGAGTTGATCTACAA	1
418	417	1	ACTGTTCGTGAGTTGATCTACAAA	1
419	418	1	CTGTTCGTGAGTTGATCTACAAAC	1
420	419	1	TGTTCGTGAGTTGATCTACAAACG	1
421	420	1	GTTCGTGAGTTGATCTACAAACGT	1
422	421	1	TTCGTGAGTTGATCTACAAACGTG	1
423	422	1	TCGTGAGTTGATCTACAAACGTGG	1
424	423	1	CGTGAGTTGATCTACAAACGTGGT	1
425	424	1	GTGAGTTGATCTACAAACGTGGTT	1
426	425	1	TGAGTTGATCTACAAACGTGGTTT	1
427	426	1	GAGTTGATCTACAAACGTGGTTTT	1
428	427	1	AGTTGATCTACAAACGTGGTTTTG	1
429	428	1	GTTGATCTACAAACGTGGTTTTGG	1
430	429	1	TTGATCTACAAACGTGGTTTTGGT	1
431	430	1	TGATCTACAAACGTGGTTTTGGTA	1
432	431	1	GATCTACAAACGTGGTTTTGGTAA	1
433	432	1	ATCTACAAACGTGGTTTTGGTAAG	1
434	433	1	TCTACAAACGTGGTTTTGGTAAGG	1
435	434	1	CTACAAACGTGGTTTTGGTAAGGT	1
436	435	3	TACAAACGTGGTTTTGGTAAGGTC	1
437	436	3	ACAAACGTGGTTTTGGTAAGGTCA	1
438	437	3	CAAACGTGGTTTTGGTAAGGTCAA	1
439	438	3	AAACGTGGTTTTGGTAAGGTCAAC	1
440	439	3	AACGTGGTTTTGGTAAGGTCAACA	1
441	440	3	ACGTGGTTTTGGTAAGGTCAACAA	1
442	441	3	CGTGGTTTTGGTAAGGTCAACAAG	1
443	442	3	GTGGTTTTGGTAAGGTCAACAAGC	1
444	443	3	TGGTTTTGGTAAGGTCAACAAGCA	1
445	444	3	GGTTTTGGTAAGGTCAACAAGCAA	1
446	445	3	GTTTTGGTAAGGTCAACAAGCAAC	1
447	446	3	TTTTGGTAAGGTCAACAAGCAACG	1
448	447	3	TTTGGTAAGGTCAACAAGCAACGT	1
449	448	3	TTGGTAAGGTCAACAAGCAACGTA	1
450	449	3	TGGTAAGGTCAACAAGCAACGTAT	1
451	450	3	GGTAAGGTCAACAAGCAACGTATT	1
452	451	3	GTAAGGTCAACAAGCAACGTATTC	1
453	452	3	TAAGGTCAACAAGCAACGTATTCC	1
454	453	3	AAGGTCAACAAGCAACGTATTCCT	1
455	454	3	AGGTCAACAAGCAACGTATTCCTT	1
456	455	3	GGTCAACAAGCAACGTATTCCTTT	1
457	456	3	GTCAACAAGCAACGTATTCCTTTG	1
458	457	3	TCAACAAGCAACGTATTCCTTTGT	1
459	458	3	CAACAAGCAACGTATTCCTTTGTC	1
460	459	3	AACAAGCAACGTATTCCTTTGTCT	1
461	460	2	ACAAGCAACGTATTCCTTTGTCTG	1
462	461	2	CAAGCAACGTATTCCTTTGTCTGA	1
463	462	2	AAGCAACGTATTCCTTTGTCTGAT	1
464	463	2	AGCAACGTATTCCTTTGTCTGATA	1
465	464	2	GCAACGTATTCCTTTGTCTGATAA	1
466	465	2	CAACGTATTCCTTTGTCTGATAAC	1
467	466	2	AACGTATTCCTTTGTCTGATAACG	1
468	467	2	ACGTATTCCTTTGTCTGATAACGC	1
469	468	2	CGTATTCCTTTGTCTGATAACGCT	1
470	469	2	GTATTCCTTTGTCTGATAACGCTA	1
471	470	2	TATTCCTTTGTCTGATAACGCTAT	1
472	471	2	ATTCCTTTGTCTGATAACGCTATC	1
473	472	2	TTCCTTTGTCTGATAACGCTATCA	1
474	473	2	TCCTTTGTCTGATAACGCTATCAT	1
475	474	2	CCTTTGTCTGATAACGCTATCATT	1
476	475	2	CTTTGTCTGATAACGCTATCATTG	1
477	476	2	TTTGTCTGATAACGCTATCATTGA	1
478	477	3	TTGTCTGATAACGCTATCATTGAA	1
479	478	3	TGTCTGATAACGCTATCATTGAAG	1
480	479	1	GTCTGATAACGCTATCATTGAAGC	1
481	480	1	TCTGATAACGCTATCATTGAAGCC	1
482	481	1	CTGATAACGCTATCATTGAAGCCG	1
483	482	1	TGATAACGCTATCATTGAAGCCGC	1
484	483	1	GATAACGCTATCATTGAAGCCGCC	1
485	484	1	ATAACGCTATCATTGAAGCCGCCT	1
486	485	1	TAACGCTATCATTGAAGCCGCCTT	1
487	486	1	AACGCTATCATTGAAGCCGCCTTG	1
488	487	1	ACGCTATCATTGAAGCCGCCTTGG	1
489	488	1	CGCTATCATTGAAGCCGCCTTGGG	1
490	489	1	GCTATCATTGAAGCCGCCTTGGGT	1
491	490	1	CTATCATTGAAGCCGCCTTGGGTA	1
492	491	1	TATCATTGAAGCCGCCTTGGGTAA	1
493	492	1	ATCATTGAAGCCGCCTTGGGTAAA	1
494	493	1	TCATTGAAGCCGCCTTGGGTAAAT	1
495	494	1	CATTGAAGCCGCCTTGGGTAAATA	1
496	495	1	ATTGAAGCCGCCTTGGGTAAATAT	1
497	496	1	TTGAAGCCGCCTTGGGTAAATATT	1
498	497	1	TGAAGCCGCCTTGGGTAAATATTC	1
499	498	2	GAAGCCGCCTTGGGTAAATATTCC	1
500	499	2	AAGCCGCCTTGGGTAAATATTCCA	1
501	500	2	AGCCGCCTTGGGTAAATATTCCAT	1
502	501	2	GCCGCCTTGGGTAAATATTCCATC	1
503	502	2	CCGCCTTGGGTAAATATTCCATCT	1
504	503	2	CGCCTTGGGTAAATATTCCATCTT	1
505	504	2	GCCTTGGGTAAATATTCCATCTTA	1
506	505	2	CCTTGGGTAAATATTCCATCTTAT	1
507	506	2	CTTGGGTAAATATTCCATCTTATC	1
508	507	2	TTGGGTAAATATTCCATCTTATCT	1
509	508	2	TGGGTAAATATTCCATCTTATCTG	1
510	509	2	GGGTAAATATTCCATCTTATCTGT	1
511	510	2	GGTAAATATTCCATCTTATCTGTT	1
512	511	2	GTAAATATTCCATCTTATCTGTTG	1
513	512	2	TAAATATTCCATCTTATCTGTTGA	1
514	513	2	AAATATTCCATCTTATCTGTTGAG	1
515	514	2	AATATTCCATCTTATCTGTTGAGG	1
516	515	2	ATATTCCATCTTATCTGTTGAGGA	1
517	516	2	TATTCCATCTTATCTGTTGAGGAT	1
518	517	2	ATTCCATCTTATCTGTTGAGGATT	1
519	518	2	TTCCATCTTATCTGTTGAGGATTT	1
520	519	2	TCCATCTTATCTGTTGAGGATTTG	1
521	520	2	CCATCTTATCTGTTGAGGATTTGA	1
522	521	1	CATCTTATCTGTTGAGGATTTGAT	1
523	522	1	ATCTTATCTGTTGAGGATTTGATT	1
524	523	1	TCTTATCTGTTGAGGATTTGATTC	1
525	524	1	CTTATCTGTTGAGGATTTGATTCA	1
526	525	1	TTATCTGTTGAGGATTTGATTCAT	1
527	526	1	TATCTGTTGAGGATTTGATTCATG	1
528	527	1	ATCTGTTGAGGATTTGATTCATGA	1
529	528	1	TCTGTTGAGGATTTGATTCATGAA	1
530	529	1	CTGTTGAGGATTTGATTCATGAAA	1
531	530	1	TGTTGAGGATTTGATTCATGAAAT	1
532	531	1	GTTGAGGATTTGATTCATGAAATT	1
533	532	1	TTGAGGATTTGATTCATGAAATTT	1
534	533	1	TGAGGATTTGATTCATGAAATTTA	1
535	534	1	GAGGATTTGATTCATGAAATTTAC	1
536	535	1	AGGATTTGATTCATGAAATTTACA	1
537	536	1	GGATTTGATTCATGAAATTTACAC	1
538	537	1	GATTTGATTCATGAAATTTACACT	1
539	538	1	ATTTGATTCATGAAATTTACACTG	1
540	539	1	TTTGATTCATGAAATTTACACTGT	1
541	540	1	TTGATTCATGAAATTTACACTGTT	1
542	541	1	TGATTCATGAAATTTACACTGTTG	1
