Component 381
1	-1	0	CTGAAAACATTTTGGAATGGCATT	1
2	1	1	TGAAAACATTTTGGAATGGCATTA	1
3	2	1	GAAAACATTTTGGAATGGCATTAT	1
4	3	1	AAAACATTTTGGAATGGCATTATA	1
5	4	1	AAACATTTTGGAATGGCATTATAT	1
6	5	1	AACATTTTGGAATGGCATTATATT	1
7	6	1	ACATTTTGGAATGGCATTATATTA	1
8	7	1	CATTTTGGAATGGCATTATATTAT	1
9	8	1	ATTTTGGAATGGCATTATATTATC	1
10	9	1	TTTTGGAATGGCATTATATTATCA	1
11	10	1	TTTGGAATGGCATTATATTATCAC	1
12	11	1	TTGGAATGGCATTATATTATCACT	1
13	12	1	TGGAATGGCATTATATTATCACTG	1
14	13	1	GGAATGGCATTATATTATCACTGG	1
15	14	1	GAATGGCATTATATTATCACTGGC	1
16	15	1	AATGGCATTATATTATCACTGGCC	1
17	16	1	ATGGCATTATATTATCACTGGCCC	1
18	17	1	TGGCATTATATTATCACTGGCCCT	1
19	18	1	GGCATTATATTATCACTGGCCCTC	1
20	19	1	GCATTATATTATCACTGGCCCTCC	1
21	20	1	CATTATATTATCACTGGCCCTCCG	1
22	21	1	ATTATATTATCACTGGCCCTCCGG	1
23	22	1	TTATATTATCACTGGCCCTCCGGA	1
24	23	1	TATATTATCACTGGCCCTCCGGAC	1
25	24	1	ATATTATCACTGGCCCTCCGGACA	1
26	25	1	TATTATCACTGGCCCTCCGGACAC	1
27	26	1	ATTATCACTGGCCCTCCGGACACT	1
28	27	1	TTATCACTGGCCCTCCGGACACTC	1
29	28	1	TATCACTGGCCCTCCGGACACTCC	1
30	29	1	ATCACTGGCCCTCCGGACACTCCA	1
31	30	1	TCACTGGCCCTCCGGACACTCCAT	1
32	31	1	CACTGGCCCTCCGGACACTCCATA	1
33	32	1	ACTGGCCCTCCGGACACTCCATAT	1
34	33	1	CTGGCCCTCCGGACACTCCATATG	1
35	34	1	TGGCCCTCCGGACACTCCATATGA	1
36	35	1	GGCCCTCCGGACACTCCATATGAA	1
37	36	1	GCCCTCCGGACACTCCATATGAAG	1
38	37	1	CCCTCCGGACACTCCATATGAAGG	1
39	38	1	CCTCCGGACACTCCATATGAAGGA	1
40	39	1	CTCCGGACACTCCATATGAAGGAG	1
41	40	1	TCCGGACACTCCATATGAAGGAGG	1
42	41	1	CCGGACACTCCATATGAAGGAGGA	1
43	42	2	CGGACACTCCATATGAAGGAGGAC	1
44	43	2	GGACACTCCATATGAAGGAGGACA	1
45	44	3	GACACTCCATATGAAGGAGGACAA	1
46	45	2	ACACTCCATATGAAGGAGGACAAT	1
47	46	2	CACTCCATATGAAGGAGGACAATA	1
48	47	2	ACTCCATATGAAGGAGGACAATAT	1
49	48	2	CTCCATATGAAGGAGGACAATATC	1
50	49	2	TCCATATGAAGGAGGACAATATCA	1
51	50	2	CCATATGAAGGAGGACAATATCAT	1
52	51	2	CATATGAAGGAGGACAATATCATG	1
53	52	2	ATATGAAGGAGGACAATATCATGG	1
54	53	2	TATGAAGGAGGACAATATCATGGG	1
55	54	2	ATGAAGGAGGACAATATCATGGGA	1
56	55	2	TGAAGGAGGACAATATCATGGGAC	1
57	56	2	GAAGGAGGACAATATCATGGGACA	1
58	57	2	AAGGAGGACAATATCATGGGACAT	1
59	58	2	AGGAGGACAATATCATGGGACATT	1
60	59	2	GGAGGACAATATCATGGGACATTG	1
61	60	2	GAGGACAATATCATGGGACATTGA	1
62	61	2	AGGACAATATCATGGGACATTGAT	1
63	62	2	GGACAATATCATGGGACATTGATT	1
64	63	2	GACAATATCATGGGACATTGATTT	1
65	64	2	ACAATATCATGGGACATTGATTTT	1
66	65	2	CAATATCATGGGACATTGATTTTT	1
67	66	2	AATATCATGGGACATTGATTTTTC	1
68	67	2	ATATCATGGGACATTGATTTTTCC	1
69	68	2	TATCATGGGACATTGATTTTTCCT	1
70	69	2	ATCATGGGACATTGATTTTTCCTC	1
71	70	2	TCATGGGACATTGATTTTTCCTCC	1
72	71	2	CATGGGACATTGATTTTTCCTCCC	1
73	72	2	ATGGGACATTGATTTTTCCTCCCG	1
74	73	2	TGGGACATTGATTTTTCCTCCCGA	1
75	74	2	GGGACATTGATTTTTCCTCCCGAT	1
76	75	2	GGACATTGATTTTTCCTCCCGATT	1
77	76	2	GACATTGATTTTTCCTCCCGATTA	1
78	77	2	ACATTGATTTTTCCTCCCGATTAT	1
79	78	2	CATTGATTTTTCCTCCCGATTATC	1
80	79	2	ATTGATTTTTCCTCCCGATTATCC	1
81	80	2	TTGATTTTTCCTCCCGATTATCCT	1
82	81	2	TGATTTTTCCTCCCGATTATCCTT	1
83	82	2	GATTTTTCCTCCCGATTATCCTTT	1
84	83	2	ATTTTTCCTCCCGATTATCCTTTT	1
85	84	2	TTTTTCCTCCCGATTATCCTTTTA	1
86	85	2	TTTTCCTCCCGATTATCCTTTTAA	1
87	86	1	TTTCCTCCCGATTATCCTTTTAAG	1
88	87	1	TTCCTCCCGATTATCCTTTTAAGC	1
89	-1	0	TTATCCTTTTAAGCCACCTGCAAT	1
90	89	1	TATCCTTTTAAGCCACCTGCAATT	1
91	90	1	ATCCTTTTAAGCCACCTGCAATTC	1
92	91	1	TCCTTTTAAGCCACCTGCAATTCG	1
93	92	1	CCTTTTAAGCCACCTGCAATTCGC	1
94	93	1	CTTTTAAGCCACCTGCAATTCGCA	1
95	94	1	TTTTAAGCCACCTGCAATTCGCAT	1
96	95	1	TTTAAGCCACCTGCAATTCGCATG	1
97	96	1	TTAAGCCACCTGCAATTCGCATGA	1
98	97	1	TAAGCCACCTGCAATTCGCATGAT	1
99	98	1	AAGCCACCTGCAATTCGCATGATT	1
100	99	1	AGCCACCTGCAATTCGCATGATTA	1
101	100	1	GCCACCTGCAATTCGCATGATTAC	1
102	101	1	CCACCTGCAATTCGCATGATTACT	1
103	102	1	CACCTGCAATTCGCATGATTACTC	1
104	103	1	ACCTGCAATTCGCATGATTACTCC	1
105	104	1	CCTGCAATTCGCATGATTACTCCA	1
106	105	1	CTGCAATTCGCATGATTACTCCAA	1
107	106	3	TGCAATTCGCATGATTACTCCAAG	1
108	107	4	GCAATTCGCATGATTACTCCAAGC	1
109	108	4	CAATTCGCATGATTACTCCAAGCG	1
110	109	4	AATTCGCATGATTACTCCAAGCGG	1
111	110	4	ATTCGCATGATTACTCCAAGCGGA	1
112	111	4	TTCGCATGATTACTCCAAGCGGAC	1
113	112	4	TCGCATGATTACTCCAAGCGGACG	1
114	113	4	CGCATGATTACTCCAAGCGGACGT	1
115	114	4	GCATGATTACTCCAAGCGGACGTT	1
116	115	4	CATGATTACTCCAAGCGGACGTTT	1
117	116	4	ATGATTACTCCAAGCGGACGTTTC	1
118	117	4	TGATTACTCCAAGCGGACGTTTCC	1
119	118	4	GATTACTCCAAGCGGACGTTTCCA	1
120	119	3	ATTACTCCAAGCGGACGTTTCCAA	1
121	120	3	TTACTCCAAGCGGACGTTTCCAAA	1
122	121	3	TACTCCAAGCGGACGTTTCCAAAC	1
123	122	3	ACTCCAAGCGGACGTTTCCAAACG	1
124	123	3	CTCCAAGCGGACGTTTCCAAACGA	1
125	124	3	TCCAAGCGGACGTTTCCAAACGAA	1
126	125	3	CCAAGCGGACGTTTCCAAACGAAT	1
127	126	3	CAAGCGGACGTTTCCAAACGAATA	1
128	127	4	AAGCGGACGTTTCCAAACGAATAC	1
129	128	4	AGCGGACGTTTCCAAACGAATACC	1
130	129	4	GCGGACGTTTCCAAACGAATACCA	1
131	130	4	CGGACGTTTCCAAACGAATACCAG	1
132	131	4	GGACGTTTCCAAACGAATACCAGA	1
133	132	4	GACGTTTCCAAACGAATACCAGAC	1
134	133	3	ACGTTTCCAAACGAATACCAGACT	1
135	134	3	CGTTTCCAAACGAATACCAGACTT	1
136	135	3	GTTTCCAAACGAATACCAGACTTT	1
137	136	3	TTTCCAAACGAATACCAGACTTTG	1
138	137	3	TTCCAAACGAATACCAGACTTTGT	1
139	138	3	TCCAAACGAATACCAGACTTTGTC	1
140	139	3	CCAAACGAATACCAGACTTTGTCT	1
141	140	3	CAAACGAATACCAGACTTTGTCTT	1
142	141	3	AAACGAATACCAGACTTTGTCTTT	1
143	142	3	AACGAATACCAGACTTTGTCTTTC	1
144	143	3	ACGAATACCAGACTTTGTCTTTCT	1
145	144	4	CGAATACCAGACTTTGTCTTTCTT	1
146	145	4	GAATACCAGACTTTGTCTTTCTTT	1
147	146	4	AATACCAGACTTTGTCTTTCTTTT	1
148	147	4	ATACCAGACTTTGTCTTTCTTTTT	1
149	148	4	TACCAGACTTTGTCTTTCTTTTTC	1
150	149	3	ACCAGACTTTGTCTTTCTTTTTCT	1
151	150	2	CCAGACTTTGTCTTTCTTTTTCTG	1
152	151	1	CAGACTTTGTCTTTCTTTTTCTGA	1
153	152	1	AGACTTTGTCTTTCTTTTTCTGAC	1
154	153	1	GACTTTGTCTTTCTTTTTCTGACT	1
155	154	1	ACTTTGTCTTTCTTTTTCTGACTT	1
156	155	1	CTTTGTCTTTCTTTTTCTGACTTC	1
157	156	1	TTTGTCTTTCTTTTTCTGACTTCC	1
158	157	1	TTGTCTTTCTTTTTCTGACTTCCA	1
159	158	1	TGTCTTTCTTTTTCTGACTTCCAT	1
160	159	1	GTCTTTCTTTTTCTGACTTCCATC	1
161	160	1	TCTTTCTTTTTCTGACTTCCATCC	1
162	161	1	CTTTCTTTTTCTGACTTCCATCCA	1
163	162	1	TTTCTTTTTCTGACTTCCATCCAA	1
164	163	1	TTCTTTTTCTGACTTCCATCCAAA	1
165	164	1	TCTTTTTCTGACTTCCATCCAAAA	1
166	165	1	CTTTTTCTGACTTCCATCCAAAAT	1
167	166	1	TTTTTCTGACTTCCATCCAAAATC	1
168	167	1	TTTTCTGACTTCCATCCAAAATCC	1
169	168	1	TTTCTGACTTCCATCCAAAATCCT	1
170	169	1	TTCTGACTTCCATCCAAAATCCTG	1
171	170	1	TCTGACTTCCATCCAAAATCCTGG	1
172	-1	0	CACAAACACAACGATGGCGTCGAA	1
173	172	2	ACAAACACAACGATGGCGTCGAAA	1
174	173	2	CAAACACAACGATGGCGTCGAAAG	1
175	174	3	AAACACAACGATGGCGTCGAAAGG	1
176	175	3	AACACAACGATGGCGTCGAAAGGT	1
177	176	2	ACACAACGATGGCGTCGAAAGGTG	1
178	177	1	CACAACGATGGCGTCGAAAGGTGC	1
179	178	1	ACAACGATGGCGTCGAAAGGTGCT	1
180	179	1	CAACGATGGCGTCGAAAGGTGCTT	1
181	180	1	AACGATGGCGTCGAAAGGTGCTTA	1
182	181	1	ACGATGGCGTCGAAAGGTGCTTAT	1
183	182	1	CGATGGCGTCGAAAGGTGCTTATA	1
184	183	4	GATGGCGTCGAAAGGTGCTTATAA	1
185	184	4	ATGGCGTCGAAAGGTGCTTATAAA	1
186	185	4	TGGCGTCGAAAGGTGCTTATAAAC	1
187	186	4	GGCGTCGAAAGGTGCTTATAAACG	1
188	187	4	GCGTCGAAAGGTGCTTATAAACGG	1
189	188	4	CGTCGAAAGGTGCTTATAAACGGT	1
190	189	4	GTCGAAAGGTGCTTATAAACGGTT	1
191	190	4	TCGAAAGGTGCTTATAAACGGTTA	1
192	191	4	CGAAAGGTGCTTATAAACGGTTAA	1
193	192	4	GAAAGGTGCTTATAAACGGTTAAT	1
194	193	4	AAAGGTGCTTATAAACGGTTAATG	1
195	194	4	AAGGTGCTTATAAACGGTTAATGA	1
196	195	4	AGGTGCTTATAAACGGTTAATGAA	1
197	196	4	GGTGCTTATAAACGGTTAATGAAA	1
198	197	4	GTGCTTATAAACGGTTAATGAAAG	1
199	198	4	TGCTTATAAACGGTTAATGAAAGA	1
200	199	4	GCTTATAAACGGTTAATGAAAGAA	1
201	200	4	CTTATAAACGGTTAATGAAAGAAT	1
202	201	5	TTATAAACGGTTAATGAAAGAATA	1
203	202	6	TATAAACGGTTAATGAAAGAATAT	1
204	203	6	ATAAACGGTTAATGAAAGAATATC	1
205	204	6	TAAACGGTTAATGAAAGAATATCT	1
206	205	6	AAACGGTTAATGAAAGAATATCTA	1
207	206	6	AACGGTTAATGAAAGAATATCTAG	1
208	207	6	ACGGTTAATGAAAGAATATCTAGC	1
209	208	6	CGGTTAATGAAAGAATATCTAGCT	1
210	209	6	GGTTAATGAAAGAATATCTAGCTC	1
211	210	6	GTTAATGAAAGAATATCTAGCTCT	1
212	211	6	TTAATGAAAGAATATCTAGCTCTT	1
213	212	6	TAATGAAAGAATATCTAGCTCTTC	1
214	213	6	AATGAAAGAATATCTAGCTCTTCA	1
215	214	6	ATGAAAGAATATCTAGCTCTTCAG	1
216	215	6	TGAAAGAATATCTAGCTCTTCAGA	1
217	216	4	GAAAGAATATCTAGCTCTTCAGAA	1
218	217	4	AAAGAATATCTAGCTCTTCAGAAA	1
219	218	3	AAGAATATCTAGCTCTTCAGAAAA	1
220	219	3	AGAATATCTAGCTCTTCAGAAAAA	1
221	220	3	GAATATCTAGCTCTTCAGAAAAAC	1
222	221	3	AATATCTAGCTCTTCAGAAAAACC	1
223	222	3	ATATCTAGCTCTTCAGAAAAACCC	1
224	223	3	TATCTAGCTCTTCAGAAAAACCCT	1
225	224	3	ATCTAGCTCTTCAGAAAAACCCTG	1
226	225	3	TCTAGCTCTTCAGAAAAACCCTGT	1
227	226	3	CTAGCTCTTCAGAAAAACCCTGTT	1
