Component 384
1	-1	0	AGAGTTATACGGAAAACCGTTATT	1
2	1	1	GAGTTATACGGAAAACCGTTATTA	1
3	2	1	AGTTATACGGAAAACCGTTATTAC	1
4	3	1	GTTATACGGAAAACCGTTATTACG	1
5	4	1	TTATACGGAAAACCGTTATTACGG	1
6	5	1	TATACGGAAAACCGTTATTACGGA	1
7	6	1	ATACGGAAAACCGTTATTACGGAG	1
8	7	1	TACGGAAAACCGTTATTACGGAGC	1
9	8	1	ACGGAAAACCGTTATTACGGAGCG	1
10	9	1	CGGAAAACCGTTATTACGGAGCGG	1
11	10	2	GGAAAACCGTTATTACGGAGCGGG	1
12	11	2	GAAAACCGTTATTACGGAGCGGGT	1
13	12	4	AAAACCGTTATTACGGAGCGGGTG	1
14	13	4	AAACCGTTATTACGGAGCGGGTGC	1
15	14	4	AACCGTTATTACGGAGCGGGTGCA	1
16	15	4	ACCGTTATTACGGAGCGGGTGCAA	1
17	16	4	CCGTTATTACGGAGCGGGTGCAAC	1
18	17	4	CGTTATTACGGAGCGGGTGCAACA	1
19	18	4	GTTATTACGGAGCGGGTGCAACAC	1
20	19	4	TTATTACGGAGCGGGTGCAACACG	1
21	20	4	TATTACGGAGCGGGTGCAACACGC	1
22	21	5	ATTACGGAGCGGGTGCAACACGCT	1
23	22	5	TTACGGAGCGGGTGCAACACGCTG	1
24	23	5	TACGGAGCGGGTGCAACACGCTGT	1
25	24	5	ACGGAGCGGGTGCAACACGCTGTG	1
26	25	6	CGGAGCGGGTGCAACACGCTGTGG	1
27	26	6	GGAGCGGGTGCAACACGCTGTGGC	1
28	27	6	GAGCGGGTGCAACACGCTGTGGCG	1
29	28	6	AGCGGGTGCAACACGCTGTGGCGG	1
30	29	6	GCGGGTGCAACACGCTGTGGCGGA	1
31	30	6	CGGGTGCAACACGCTGTGGCGGAG	1
32	31	6	GGGTGCAACACGCTGTGGCGGAGC	1
33	32	6	GGTGCAACACGCTGTGGCGGAGCG	1
34	33	6	GTGCAACACGCTGTGGCGGAGCGT	1
35	34	6	TGCAACACGCTGTGGCGGAGCGTA	1
36	35	6	GCAACACGCTGTGGCGGAGCGTAA	1
37	36	6	CAACACGCTGTGGCGGAGCGTAAG	1
38	37	6	AACACGCTGTGGCGGAGCGTAAGA	1
39	38	6	ACACGCTGTGGCGGAGCGTAAGAA	1
40	39	6	CACGCTGTGGCGGAGCGTAAGAAA	1
41	40	6	ACGCTGTGGCGGAGCGTAAGAAAT	1
42	41	6	CGCTGTGGCGGAGCGTAAGAAATG	1
43	42	6	GCTGTGGCGGAGCGTAAGAAATGG	1
44	43	6	CTGTGGCGGAGCGTAAGAAATGGA	1
45	44	7	TGTGGCGGAGCGTAAGAAATGGAA	1
46	45	6	GTGGCGGAGCGTAAGAAATGGAAA	1
47	46	6	TGGCGGAGCGTAAGAAATGGAAAA	1
48	47	6	GGCGGAGCGTAAGAAATGGAAAAA	1
49	48	6	GCGGAGCGTAAGAAATGGAAAAAA	1
50	49	6	CGGAGCGTAAGAAATGGAAAAAAT	1
51	50	6	GGAGCGTAAGAAATGGAAAAAATT	1
52	51	6	GAGCGTAAGAAATGGAAAAAATTC	1
53	52	6	AGCGTAAGAAATGGAAAAAATTCG	1
54	53	6	GCGTAAGAAATGGAAAAAATTCGG	1
55	54	5	CGTAAGAAATGGAAAAAATTCGGA	1
56	55	4	GTAAGAAATGGAAAAAATTCGGAA	1
57	56	3	TAAGAAATGGAAAAAATTCGGAAA	1
58	57	3	AAGAAATGGAAAAAATTCGGAAAG	1
59	58	3	AGAAATGGAAAAAATTCGGAAAGG	1
60	59	3	GAAATGGAAAAAATTCGGAAAGGA	1
61	60	3	AAATGGAAAAAATTCGGAAAGGAA	1
62	61	3	AATGGAAAAAATTCGGAAAGGAAG	1
63	62	3	ATGGAAAAAATTCGGAAAGGAAGC	1
64	63	3	TGGAAAAAATTCGGAAAGGAAGCA	1
65	64	3	GGAAAAAATTCGGAAAGGAAGCAG	1
66	65	2	GAAAAAATTCGGAAAGGAAGCAGG	1
67	66	2	AAAAAATTCGGAAAGGAAGCAGGC	1
68	67	2	AAAAATTCGGAAAGGAAGCAGGCA	1
69	68	2	AAAATTCGGAAAGGAAGCAGGCAA	1
70	69	1	AAATTCGGAAAGGAAGCAGGCAAG	1
71	70	1	AATTCGGAAAGGAAGCAGGCAAGA	1
72	71	1	ATTCGGAAAGGAAGCAGGCAAGAA	1
73	72	1	TTCGGAAAGGAAGCAGGCAAGAAC	1
74	73	1	TCGGAAAGGAAGCAGGCAAGAACA	1
75	74	1	CGGAAAGGAAGCAGGCAAGAACAG	1
76	75	1	GGAAAGGAAGCAGGCAAGAACAGT	1
77	76	1	GAAAGGAAGCAGGCAAGAACAGTG	1
78	77	1	AAAGGAAGCAGGCAAGAACAGTGG	1
79	78	1	AAGGAAGCAGGCAAGAACAGTGGT	1
80	79	1	AGGAAGCAGGCAAGAACAGTGGTG	1
81	80	1	GGAAGCAGGCAAGAACAGTGGTGT	1
82	81	1	GAAGCAGGCAAGAACAGTGGTGTT	1
83	82	1	AAGCAGGCAAGAACAGTGGTGTTG	1
84	83	1	AGCAGGCAAGAACAGTGGTGTTGA	1
85	84	1	GCAGGCAAGAACAGTGGTGTTGAT	1
86	85	1	CAGGCAAGAACAGTGGTGTTGATG	1
87	86	1	AGGCAAGAACAGTGGTGTTGATGC	1
88	87	1	GGCAAGAACAGTGGTGTTGATGCT	1
89	-1	0	ATGAGGCTGCTTTGGCTGCCGCTA	1
90	89	1	TGAGGCTGCTTTGGCTGCCGCTAA	1
91	90	1	GAGGCTGCTTTGGCTGCCGCTAAG	1
92	91	1	AGGCTGCTTTGGCTGCCGCTAAGG	1
93	92	1	GGCTGCTTTGGCTGCCGCTAAGGT	1
94	93	2	GCTGCTTTGGCTGCCGCTAAGGTT	1
95	94	2	CTGCTTTGGCTGCCGCTAAGGTTA	1
96	95	2	TGCTTTGGCTGCCGCTAAGGTTAA	1
97	96	2	GCTTTGGCTGCCGCTAAGGTTAAG	1
98	97	2	CTTTGGCTGCCGCTAAGGTTAAGG	1
99	98	2	TTTGGCTGCCGCTAAGGTTAAGGC	1
100	99	2	TTGGCTGCCGCTAAGGTTAAGGCA	1
101	100	2	TGGCTGCCGCTAAGGTTAAGGCAA	1
102	101	2	GGCTGCCGCTAAGGTTAAGGCAAA	1
103	102	2	GCTGCCGCTAAGGTTAAGGCAAAG	1
104	103	2	CTGCCGCTAAGGTTAAGGCAAAGG	1
105	104	2	TGCCGCTAAGGTTAAGGCAAAGGG	1
106	105	2	GCCGCTAAGGTTAAGGCAAAGGGT	1
107	106	2	CCGCTAAGGTTAAGGCAAAGGGTA	1
108	107	2	CGCTAAGGTTAAGGCAAAGGGTAG	1
109	108	2	GCTAAGGTTAAGGCAAAGGGTAGC	1
110	109	2	CTAAGGTTAAGGCAAAGGGTAGCT	1
111	110	2	TAAGGTTAAGGCAAAGGGTAGCTC	1
112	111	2	AAGGTTAAGGCAAAGGGTAGCTCT	1
113	112	2	AGGTTAAGGCAAAGGGTAGCTCTG	1
114	113	2	GGTTAAGGCAAAGGGTAGCTCTGT	1
115	114	2	GTTAAGGCAAAGGGTAGCTCTGTG	1
116	115	2	TTAAGGCAAAGGGTAGCTCTGTGG	1
117	116	2	TAAGGCAAAGGGTAGCTCTGTGGT	1
118	117	2	AAGGCAAAGGGTAGCTCTGTGGTT	1
119	118	2	AGGCAAAGGGTAGCTCTGTGGTTC	1
120	119	2	GGCAAAGGGTAGCTCTGTGGTTCG	1
121	120	2	GCAAAGGGTAGCTCTGTGGTTCGT	1
122	121	2	CAAAGGGTAGCTCTGTGGTTCGTT	1
123	122	2	AAAGGGTAGCTCTGTGGTTCGTTG	1
124	123	2	AAGGGTAGCTCTGTGGTTCGTTGT	1
125	124	2	AGGGTAGCTCTGTGGTTCGTTGTC	1
126	125	2	GGGTAGCTCTGTGGTTCGTTGTCG	1
127	126	2	GGTAGCTCTGTGGTTCGTTGTCGT	1
128	127	2	GTAGCTCTGTGGTTCGTTGTCGTG	1
129	128	2	TAGCTCTGTGGTTCGTTGTCGTGC	1
130	129	2	AGCTCTGTGGTTCGTTGTCGTGCT	1
131	130	2	GCTCTGTGGTTCGTTGTCGTGCTT	1
132	131	2	CTCTGTGGTTCGTTGTCGTGCTTG	1
133	132	2	TCTGTGGTTCGTTGTCGTGCTTGT	1
134	133	1	CTGTGGTTCGTTGTCGTGCTTGTA	1
135	134	1	TGTGGTTCGTTGTCGTGCTTGTAA	1
136	135	1	GTGGTTCGTTGTCGTGCTTGTAAG	1
137	-1	0	CATCTTTTGTCTATAAAATGAGTT	1
138	137	1	ATCTTTTGTCTATAAAATGAGTTC	1
139	138	1	TCTTTTGTCTATAAAATGAGTTCA	1
140	139	1	CTTTTGTCTATAAAATGAGTTCAT	1
141	140	2	TTTTGTCTATAAAATGAGTTCATC	1
142	141	2	TTTGTCTATAAAATGAGTTCATCG	1
143	142	2	TTGTCTATAAAATGAGTTCATCGA	1
144	143	2	TGTCTATAAAATGAGTTCATCGAA	1
145	144	2	GTCTATAAAATGAGTTCATCGAAA	1
146	145	2	TCTATAAAATGAGTTCATCGAAAT	1
147	146	2	CTATAAAATGAGTTCATCGAAATC	1
148	147	2	TATAAAATGAGTTCATCGAAATCA	1
149	148	2	ATAAAATGAGTTCATCGAAATCAC	1
150	149	2	TAAAATGAGTTCATCGAAATCACT	1
151	150	2	AAAATGAGTTCATCGAAATCACTG	1
152	151	2	AAATGAGTTCATCGAAATCACTGG	1
153	152	2	AATGAGTTCATCGAAATCACTGGA	1
154	153	3	ATGAGTTCATCGAAATCACTGGAT	1
155	154	3	TGAGTTCATCGAAATCACTGGATT	1
156	155	3	GAGTTCATCGAAATCACTGGATTG	1
157	156	3	AGTTCATCGAAATCACTGGATTGG	1
158	157	3	GTTCATCGAAATCACTGGATTGGG	1
159	158	4	TTCATCGAAATCACTGGATTGGGC	1
160	159	4	TCATCGAAATCACTGGATTGGGCT	1
161	160	4	CATCGAAATCACTGGATTGGGCTG	1
162	161	4	ATCGAAATCACTGGATTGGGCTGA	1
163	162	4	TCGAAATCACTGGATTGGGCTGAC	1
164	163	4	CGAAATCACTGGATTGGGCTGACG	1
165	164	4	GAAATCACTGGATTGGGCTGACGA	1
166	165	4	AAATCACTGGATTGGGCTGACGAT	1
167	166	4	AATCACTGGATTGGGCTGACGATG	1
168	167	4	ATCACTGGATTGGGCTGACGATGA	1
169	168	4	TCACTGGATTGGGCTGACGATGAG	1
170	169	4	CACTGGATTGGGCTGACGATGAGG	1
171	170	4	ACTGGATTGGGCTGACGATGAGGA	1
172	171	4	CTGGATTGGGCTGACGATGAGGAC	1
173	172	5	TGGATTGGGCTGACGATGAGGACT	1
174	173	5	GGATTGGGCTGACGATGAGGACTA	1
175	174	5	GATTGGGCTGACGATGAGGACTAT	1
176	175	5	ATTGGGCTGACGATGAGGACTATG	1
177	176	5	TTGGGCTGACGATGAGGACTATGG	1
178	177	5	TGGGCTGACGATGAGGACTATGGT	1
179	178	5	GGGCTGACGATGAGGACTATGGTA	1
180	179	5	GGCTGACGATGAGGACTATGGTAC	1
181	180	5	GCTGACGATGAGGACTATGGTACT	1
182	181	4	CTGACGATGAGGACTATGGTACTG	1
183	182	4	TGACGATGAGGACTATGGTACTGG	1
184	183	4	GACGATGAGGACTATGGTACTGGA	1
185	184	3	ACGATGAGGACTATGGTACTGGAT	1
186	185	3	CGATGAGGACTATGGTACTGGATT	1
187	186	3	GATGAGGACTATGGTACTGGATTG	1
188	187	3	ATGAGGACTATGGTACTGGATTGC	1
189	188	3	TGAGGACTATGGTACTGGATTGCC	1
190	189	3	GAGGACTATGGTACTGGATTGCCT	1
191	190	3	AGGACTATGGTACTGGATTGCCTT	1
192	191	3	GGACTATGGTACTGGATTGCCTTC	1
193	192	3	GACTATGGTACTGGATTGCCTTCG	1
194	193	3	ACTATGGTACTGGATTGCCTTCGA	1
195	194	3	CTATGGTACTGGATTGCCTTCGAT	1
196	195	3	TATGGTACTGGATTGCCTTCGATT	1
197	196	3	ATGGTACTGGATTGCCTTCGATTC	1
198	197	2	TGGTACTGGATTGCCTTCGATTCA	1
199	198	2	GGTACTGGATTGCCTTCGATTCAG	1
200	199	2	GTACTGGATTGCCTTCGATTCAGA	1
201	200	2	TACTGGATTGCCTTCGATTCAGAC	1
202	201	2	ACTGGATTGCCTTCGATTCAGACG	1
203	202	1	CTGGATTGCCTTCGATTCAGACGT	1
204	203	1	TGGATTGCCTTCGATTCAGACGTT	1
205	204	1	GGATTGCCTTCGATTCAGACGTTT	1
206	205	1	GATTGCCTTCGATTCAGACGTTTG	1
207	206	1	ATTGCCTTCGATTCAGACGTTTGA	1
208	207	1	TTGCCTTCGATTCAGACGTTTGAT	1
209	208	1	TGCCTTCGATTCAGACGTTTGATA	1
210	209	1	GCCTTCGATTCAGACGTTTGATAA	1
211	210	1	CCTTCGATTCAGACGTTTGATAAT	1
212	211	1	CTTCGATTCAGACGTTTGATAATC	1
213	212	1	TTCGATTCAGACGTTTGATAATCC	1
214	213	1	TCGATTCAGACGTTTGATAATCCC	1
215	214	1	CGATTCAGACGTTTGATAATCCCG	1
216	215	1	GATTCAGACGTTTGATAATCCCGA	1
