Component 387
1	-1	0	CGCTCCTCCTGAAGGCGGTAGTGC	1
2	1	1	GCTCCTCCTGAAGGCGGTAGTGCC	1
3	2	1	CTCCTCCTGAAGGCGGTAGTGCCG	1
4	3	1	TCCTCCTGAAGGCGGTAGTGCCGG	1
5	4	1	CCTCCTGAAGGCGGTAGTGCCGGT	1
6	5	1	CTCCTGAAGGCGGTAGTGCCGGTC	1
7	6	1	TCCTGAAGGCGGTAGTGCCGGTCC	1
8	7	1	CCTGAAGGCGGTAGTGCCGGTCCA	1
9	8	1	CTGAAGGCGGTAGTGCCGGTCCAA	1
10	9	1	TGAAGGCGGTAGTGCCGGTCCAAA	1
11	10	1	GAAGGCGGTAGTGCCGGTCCAAAG	1
12	11	1	AAGGCGGTAGTGCCGGTCCAAAGA	1
13	12	1	AGGCGGTAGTGCCGGTCCAAAGAA	1
14	13	1	GGCGGTAGTGCCGGTCCAAAGAAA	1
15	14	1	GCGGTAGTGCCGGTCCAAAGAAAG	1
16	15	1	CGGTAGTGCCGGTCCAAAGAAAGA	1
17	16	1	GGTAGTGCCGGTCCAAAGAAAGAT	1
18	17	2	GTAGTGCCGGTCCAAAGAAAGATG	1
19	18	2	TAGTGCCGGTCCAAAGAAAGATGA	1
20	19	2	AGTGCCGGTCCAAAGAAAGATGAA	1
21	20	2	GTGCCGGTCCAAAGAAAGATGAAG	1
22	21	2	TGCCGGTCCAAAGAAAGATGAAGT	1
23	22	2	GCCGGTCCAAAGAAAGATGAAGTC	1
24	23	2	CCGGTCCAAAGAAAGATGAAGTCA	1
25	24	3	CGGTCCAAAGAAAGATGAAGTCAA	1
26	25	3	GGTCCAAAGAAAGATGAAGTCAAA	1
27	26	3	GTCCAAAGAAAGATGAAGTCAAAA	1
28	27	3	TCCAAAGAAAGATGAAGTCAAAAC	1
29	28	3	CCAAAGAAAGATGAAGTCAAAACT	1
30	29	3	CAAAGAAAGATGAAGTCAAAACTG	1
31	30	3	AAAGAAAGATGAAGTCAAAACTGC	1
32	31	3	AAGAAAGATGAAGTCAAAACTGCA	1
33	32	3	AGAAAGATGAAGTCAAAACTGCAG	1
34	33	3	GAAAGATGAAGTCAAAACTGCAGA	1
35	34	3	AAAGATGAAGTCAAAACTGCAGAT	1
36	35	3	AAGATGAAGTCAAAACTGCAGATG	1
37	36	3	AGATGAAGTCAAAACTGCAGATGC	1
38	37	3	GATGAAGTCAAAACTGCAGATGCC	1
39	38	3	ATGAAGTCAAAACTGCAGATGCCG	1
40	39	3	TGAAGTCAAAACTGCAGATGCCGA	1
41	40	3	GAAGTCAAAACTGCAGATGCCGAT	1
42	41	3	AAGTCAAAACTGCAGATGCCGATG	1
43	42	3	AGTCAAAACTGCAGATGCCGATGC	1
44	43	3	GTCAAAACTGCAGATGCCGATGCA	1
45	44	3	TCAAAACTGCAGATGCCGATGCAG	1
46	45	2	CAAAACTGCAGATGCCGATGCAGC	1
47	46	2	AAAACTGCAGATGCCGATGCAGCT	1
48	47	2	AAACTGCAGATGCCGATGCAGCTA	1
49	48	2	AACTGCAGATGCCGATGCAGCTAA	1
50	49	2	ACTGCAGATGCCGATGCAGCTAAG	1
51	50	2	CTGCAGATGCCGATGCAGCTAAGG	1
52	51	3	TGCAGATGCCGATGCAGCTAAGGA	1
53	52	3	GCAGATGCCGATGCAGCTAAGGAC	1
54	53	3	CAGATGCCGATGCAGCTAAGGACC	1
55	54	3	AGATGCCGATGCAGCTAAGGACCT	1
56	55	3	GATGCCGATGCAGCTAAGGACCTT	1
57	56	3	ATGCCGATGCAGCTAAGGACCTTT	1
58	57	3	TGCCGATGCAGCTAAGGACCTTTC	1
59	58	3	GCCGATGCAGCTAAGGACCTTTCA	1
60	59	3	CCGATGCAGCTAAGGACCTTTCAA	1
61	60	3	CGATGCAGCTAAGGACCTTTCAAC	1
62	61	2	GATGCAGCTAAGGACCTTTCAACT	1
63	62	2	ATGCAGCTAAGGACCTTTCAACTC	1
64	63	2	TGCAGCTAAGGACCTTTCAACTCC	1
65	64	2	GCAGCTAAGGACCTTTCAACTCCT	1
66	65	2	CAGCTAAGGACCTTTCAACTCCTC	1
67	66	2	AGCTAAGGACCTTTCAACTCCTCA	1
68	67	2	GCTAAGGACCTTTCAACTCCTCAA	1
69	68	1	CTAAGGACCTTTCAACTCCTCAAG	1
70	69	1	TAAGGACCTTTCAACTCCTCAAGA	1
71	70	1	AAGGACCTTTCAACTCCTCAAGAT	1
72	71	1	AGGACCTTTCAACTCCTCAAGATT	1
73	72	1	GGACCTTTCAACTCCTCAAGATTC	1
74	73	1	GACCTTTCAACTCCTCAAGATTCT	1
75	74	1	ACCTTTCAACTCCTCAAGATTCTT	1
76	75	1	CCTTTCAACTCCTCAAGATTCTTC	1
77	76	1	CTTTCAACTCCTCAAGATTCTTCT	1
78	77	1	TTTCAACTCCTCAAGATTCTTCTA	1
79	78	1	TTCAACTCCTCAAGATTCTTCTAA	1
80	79	2	TCAACTCCTCAAGATTCTTCTAAA	1
81	80	2	CAACTCCTCAAGATTCTTCTAAAC	1
82	81	2	AACTCCTCAAGATTCTTCTAAACC	1
83	82	2	ACTCCTCAAGATTCTTCTAAACCC	1
84	83	1	CTCCTCAAGATTCTTCTAAACCCA	1
85	84	1	TCCTCAAGATTCTTCTAAACCCAT	1
86	85	1	CCTCAAGATTCTTCTAAACCCATT	1
87	86	1	CTCAAGATTCTTCTAAACCCATTG	1
88	87	1	TCAAGATTCTTCTAAACCCATTGA	1
89	88	1	CAAGATTCTTCTAAACCCATTGAA	1
90	89	2	AAGATTCTTCTAAACCCATTGAAG	1
91	90	2	AGATTCTTCTAAACCCATTGAAGA	1
92	91	2	GATTCTTCTAAACCCATTGAAGAG	1
93	92	2	ATTCTTCTAAACCCATTGAAGAGA	1
94	93	1	TTCTTCTAAACCCATTGAAGAGAA	1
95	94	1	TCTTCTAAACCCATTGAAGAGAAA	1
96	95	1	CTTCTAAACCCATTGAAGAGAAAC	1
97	96	1	TTCTAAACCCATTGAAGAGAAACC	1
98	97	1	TCTAAACCCATTGAAGAGAAACCC	1
99	98	1	CTAAACCCATTGAAGAGAAACCCA	1
100	99	1	TAAACCCATTGAAGAGAAACCCAT	1
101	100	1	AAACCCATTGAAGAGAAACCCATG	1
102	101	1	AACCCATTGAAGAGAAACCCATGC	1
103	102	1	ACCCATTGAAGAGAAACCCATGCC	1
104	103	1	CCCATTGAAGAGAAACCCATGCCT	1
105	104	1	CCATTGAAGAGAAACCCATGCCTA	1
106	105	1	CATTGAAGAGAAACCCATGCCTAA	1
107	106	1	ATTGAAGAGAAACCCATGCCTAAC	1
108	107	1	TTGAAGAGAAACCCATGCCTAACC	1
109	108	1	TGAAGAGAAACCCATGCCTAACCT	1
110	109	1	GAAGAGAAACCCATGCCTAACCTC	1
111	110	1	AAGAGAAACCCATGCCTAACCTCG	1
112	111	1	AGAGAAACCCATGCCTAACCTCGG	1
113	112	1	GAGAAACCCATGCCTAACCTCGGT	1
114	113	1	AGAAACCCATGCCTAACCTCGGTG	1
115	114	1	GAAACCCATGCCTAACCTCGGTGC	1
116	115	1	AAACCCATGCCTAACCTCGGTGCT	1
117	116	1	AACCCATGCCTAACCTCGGTGCTG	1
118	117	1	ACCCATGCCTAACCTCGGTGCTGA	1
119	118	1	CCCATGCCTAACCTCGGTGCTGAA	1
120	119	1	CCATGCCTAACCTCGGTGCTGAAC	1
121	120	1	CATGCCTAACCTCGGTGCTGAACA	1
122	121	1	ATGCCTAACCTCGGTGCTGAACAA	1
123	122	1	TGCCTAACCTCGGTGCTGAACAAA	1
124	123	1	GCCTAACCTCGGTGCTGAACAAAA	1
125	124	1	CCTAACCTCGGTGCTGAACAAAAG	1
126	125	1	CTAACCTCGGTGCTGAACAAAAGG	1
127	126	1	TAACCTCGGTGCTGAACAAAAGGA	1
128	127	1	AACCTCGGTGCTGAACAAAAGGAA	1
129	128	1	ACCTCGGTGCTGAACAAAAGGAAT	1
130	129	2	CCTCGGTGCTGAACAAAAGGAATC	1
131	130	2	CTCGGTGCTGAACAAAAGGAATCT	1
132	131	2	TCGGTGCTGAACAAAAGGAATCTG	1
133	132	2	CGGTGCTGAACAAAAGGAATCTGC	1
134	133	1	GGTGCTGAACAAAAGGAATCTGCA	1
135	134	1	GTGCTGAACAAAAGGAATCTGCAC	1
136	135	1	TGCTGAACAAAAGGAATCTGCACC	1
137	136	1	GCTGAACAAAAGGAATCTGCACCT	1
138	137	1	CTGAACAAAAGGAATCTGCACCTT	1
139	138	1	TGAACAAAAGGAATCTGCACCTTC	1
140	139	1	GAACAAAAGGAATCTGCACCTTCC	1
141	140	1	AACAAAAGGAATCTGCACCTTCCT	1
142	141	1	ACAAAAGGAATCTGCACCTTCCTC	1
143	142	1	CAAAAGGAATCTGCACCTTCCTCT	1
144	143	1	AAAAGGAATCTGCACCTTCCTCTA	1
145	144	1	AAAGGAATCTGCACCTTCCTCTAC	1
146	145	2	AAGGAATCTGCACCTTCCTCTACT	1
147	146	2	AGGAATCTGCACCTTCCTCTACTA	1
148	147	2	GGAATCTGCACCTTCCTCTACTAA	1
149	148	2	GAATCTGCACCTTCCTCTACTAAG	1
150	149	2	AATCTGCACCTTCCTCTACTAAGC	1
151	150	2	ATCTGCACCTTCCTCTACTAAGCC	1
152	151	2	TCTGCACCTTCCTCTACTAAGCCT	1
153	152	2	CTGCACCTTCCTCTACTAAGCCTG	1
154	153	2	TGCACCTTCCTCTACTAAGCCTGC	1
155	154	2	GCACCTTCCTCTACTAAGCCTGCT	1
156	155	2	CACCTTCCTCTACTAAGCCTGCTC	1
157	156	2	ACCTTCCTCTACTAAGCCTGCTCC	1
158	157	1	CCTTCCTCTACTAAGCCTGCTCCT	1
159	158	1	CTTCCTCTACTAAGCCTGCTCCTG	1
160	159	1	TTCCTCTACTAAGCCTGCTCCTGA	1
161	160	1	TCCTCTACTAAGCCTGCTCCTGAT	1
162	161	1	CCTCTACTAAGCCTGCTCCTGATG	1
163	162	1	CTCTACTAAGCCTGCTCCTGATGC	1
164	163	1	TCTACTAAGCCTGCTCCTGATGCC	1
165	164	1	CTACTAAGCCTGCTCCTGATGCCA	1
166	165	1	TACTAAGCCTGCTCCTGATGCCAA	1
167	166	1	ACTAAGCCTGCTCCTGATGCCAAA	1
168	167	1	CTAAGCCTGCTCCTGATGCCAAAG	1
169	168	1	TAAGCCTGCTCCTGATGCCAAAGA	1
170	169	1	AAGCCTGCTCCTGATGCCAAAGAA	1
171	170	1	AGCCTGCTCCTGATGCCAAAGAAC	1
172	171	1	GCCTGCTCCTGATGCCAAAGAACC	1
173	172	1	CCTGCTCCTGATGCCAAAGAACCT	1
174	173	1	CTGCTCCTGATGCCAAAGAACCTG	1
175	174	1	TGCTCCTGATGCCAAAGAACCTGA	1
176	175	1	GCTCCTGATGCCAAAGAACCTGAA	1
177	176	1	CTCCTGATGCCAAAGAACCTGAAT	1
178	177	1	TCCTGATGCCAAAGAACCTGAATT	1
179	178	1	CCTGATGCCAAAGAACCTGAATTT	1
180	179	1	CTGATGCCAAAGAACCTGAATTTT	1
181	180	1	TGATGCCAAAGAACCTGAATTTTC	1
182	181	1	GATGCCAAAGAACCTGAATTTTCT	1
183	182	1	ATGCCAAAGAACCTGAATTTTCTT	1
184	183	1	TGCCAAAGAACCTGAATTTTCTTC	1
185	184	1	GCCAAAGAACCTGAATTTTCTTCT	1
186	185	1	CCAAAGAACCTGAATTTTCTTCTC	1
187	186	1	CAAAGAACCTGAATTTTCTTCTCC	1
188	187	1	AAAGAACCTGAATTTTCTTCTCCT	1
189	188	1	AAGAACCTGAATTTTCTTCTCCTT	1
190	-1	0	CTCATTTTCCCGTAATGAGGATCG	1
191	190	1	TCATTTTCCCGTAATGAGGATCGT	1
192	191	1	CATTTTCCCGTAATGAGGATCGTG	1
193	192	1	ATTTTCCCGTAATGAGGATCGTGT	1
194	193	1	TTTTCCCGTAATGAGGATCGTGTT	1
195	194	1	TTTCCCGTAATGAGGATCGTGTTA	1
196	195	1	TTCCCGTAATGAGGATCGTGTTAA	1
197	196	1	TCCCGTAATGAGGATCGTGTTAAA	1
198	197	1	CCCGTAATGAGGATCGTGTTAAAA	1
199	198	3	CCGTAATGAGGATCGTGTTAAAAT	1
200	199	3	CGTAATGAGGATCGTGTTAAAATG	1
201	200	3	GTAATGAGGATCGTGTTAAAATGA	1
202	201	3	TAATGAGGATCGTGTTAAAATGAA	1
203	202	3	AATGAGGATCGTGTTAAAATGAAT	1
204	203	2	ATGAGGATCGTGTTAAAATGAATC	1
205	204	2	TGAGGATCGTGTTAAAATGAATCG	1
206	205	2	GAGGATCGTGTTAAAATGAATCGC	1
207	206	2	AGGATCGTGTTAAAATGAATCGCA	1
208	207	2	GGATCGTGTTAAAATGAATCGCAT	1
209	208	2	GATCGTGTTAAAATGAATCGCATG	1
210	209	2	ATCGTGTTAAAATGAATCGCATGC	1
211	210	2	TCGTGTTAAAATGAATCGCATGCG	1
212	211	2	CGTGTTAAAATGAATCGCATGCGT	1
213	212	2	GTGTTAAAATGAATCGCATGCGTC	1
214	213	2	TGTTAAAATGAATCGCATGCGTCT	1
215	214	2	GTTAAAATGAATCGCATGCGTCTT	1
216	215	2	TTAAAATGAATCGCATGCGTCTTC	1
217	216	2	TAAAATGAATCGCATGCGTCTTCG	1
218	217	2	AAAATGAATCGCATGCGTCTTCGT	1
219	218	2	AAATGAATCGCATGCGTCTTCGTA	1
220	219	2	AATGAATCGCATGCGTCTTCGTAT	1
221	220	3	ATGAATCGCATGCGTCTTCGTATA	1
222	221	3	TGAATCGCATGCGTCTTCGTATAG	1
223	222	3	GAATCGCATGCGTCTTCGTATAGC	1
224	223	3	AATCGCATGCGTCTTCGTATAGCT	1
225	224	3	ATCGCATGCGTCTTCGTATAGCTG	1
226	225	3	TCGCATGCGTCTTCGTATAGCTGA	1
227	226	3	CGCATGCGTCTTCGTATAGCTGAG	1
228	227	3	GCATGCGTCTTCGTATAGCTGAGC	1
229	228	4	CATGCGTCTTCGTATAGCTGAGCG	1
230	229	4	ATGCGTCTTCGTATAGCTGAGCGC	1
231	230	4	TGCGTCTTCGTATAGCTGAGCGCC	1
232	231	4	GCGTCTTCGTATAGCTGAGCGCCT	1
233	232	3	CGTCTTCGTATAGCTGAGCGCCTT	1
234	233	3	GTCTTCGTATAGCTGAGCGCCTTA	1
235	234	3	TCTTCGTATAGCTGAGCGCCTTAA	1
236	235	3	CTTCGTATAGCTGAGCGCCTTAAG	1
237	236	3	TTCGTATAGCTGAGCGCCTTAAGG	1
238	237	3	TCGTATAGCTGAGCGCCTTAAGGA	1
239	238	3	CGTATAGCTGAGCGCCTTAAGGAG	1
240	239	3	GTATAGCTGAGCGCCTTAAGGAGT	1
241	240	3	TATAGCTGAGCGCCTTAAGGAGTC	1
242	241	3	ATAGCTGAGCGCCTTAAGGAGTCC	1
243	242	1	TAGCTGAGCGCCTTAAGGAGTCCC	1
244	243	1	AGCTGAGCGCCTTAAGGAGTCCCA	1
245	244	1	GCTGAGCGCCTTAAGGAGTCCCAA	1
246	245	1	CTGAGCGCCTTAAGGAGTCCCAAA	1
247	246	1	TGAGCGCCTTAAGGAGTCCCAAAA	1
248	247	1	GAGCGCCTTAAGGAGTCCCAAAAT	1
249	248	1	AGCGCCTTAAGGAGTCCCAAAATC	1
250	249	1	GCGCCTTAAGGAGTCCCAAAATCG	1
251	250	1	CGCCTTAAGGAGTCCCAAAATCGT	1
252	251	1	GCCTTAAGGAGTCCCAAAATCGTG	1
253	252	1	CCTTAAGGAGTCCCAAAATCGTGC	1
254	253	1	CTTAAGGAGTCCCAAAATCGTGCG	1
255	254	1	TTAAGGAGTCCCAAAATCGTGCGG	1
256	255	1	TAAGGAGTCCCAAAATCGTGCGGC	1
257	256	1	AAGGAGTCCCAAAATCGTGCGGCT	1
258	257	1	AGGAGTCCCAAAATCGTGCGGCTT	1
259	258	1	GGAGTCCCAAAATCGTGCGGCTTC	1
260	259	1	GAGTCCCAAAATCGTGCGGCTTCT	1
261	260	1	AGTCCCAAAATCGTGCGGCTTCTC	1
262	261	1	GTCCCAAAATCGTGCGGCTTCTCT	1
263	262	1	TCCCAAAATCGTGCGGCTTCTCTC	1
264	263	1	CCCAAAATCGTGCGGCTTCTCTCA	1
265	264	1	CCAAAATCGTGCGGCTTCTCTCAC	1
266	265	1	CAAAATCGTGCGGCTTCTCTCACT	1
267	266	1	AAAATCGTGCGGCTTCTCTCACTA	1
268	267	1	AAATCGTGCGGCTTCTCTCACTAC	1
269	268	1	AATCGTGCGGCTTCTCTCACTACT	1
270	269	1	ATCGTGCGGCTTCTCTCACTACTT	1
271	270	1	TCGTGCGGCTTCTCTCACTACTTT	1
272	271	1	CGTGCGGCTTCTCTCACTACTTTC	1
273	272	1	GTGCGGCTTCTCTCACTACTTTCA	1
274	273	1	TGCGGCTTCTCTCACTACTTTCAA	1
275	274	1	GCGGCTTCTCTCACTACTTTCAAC	1
276	275	1	CGGCTTCTCTCACTACTTTCAACG	1
277	276	1	GGCTTCTCTCACTACTTTCAACGA	1
278	277	1	GCTTCTCTCACTACTTTCAACGAA	1
279	278	1	CTTCTCTCACTACTTTCAACGAAT	1
280	279	1	TTCTCTCACTACTTTCAACGAATG	1
281	280	1	TCTCTCACTACTTTCAACGAATGT	1
282	281	1	CTCTCACTACTTTCAACGAATGTG	1
283	282	1	TCTCACTACTTTCAACGAATGTGA	1
284	283	1	CTCACTACTTTCAACGAATGTGAC	1
285	284	1	TCACTACTTTCAACGAATGTGACA	1
286	285	1	CACTACTTTCAACGAATGTGACAT	1
287	286	1	ACTACTTTCAACGAATGTGACATG	1
288	287	1	CTACTTTCAACGAATGTGACATGT	1
289	288	1	TACTTTCAACGAATGTGACATGTC	1
290	289	1	ACTTTCAACGAATGTGACATGTCT	1
291	290	1	CTTTCAACGAATGTGACATGTCTG	1
292	291	1	TTTCAACGAATGTGACATGTCTGC	1
293	292	1	TTCAACGAATGTGACATGTCTGCT	1
294	293	1	TCAACGAATGTGACATGTCTGCTG	1
295	294	1	CAACGAATGTGACATGTCTGCTGT	1
296	295	1	AACGAATGTGACATGTCTGCTGTG	1
297	296	1	ACGAATGTGACATGTCTGCTGTGG	1
298	297	1	CGAATGTGACATGTCTGCTGTGGT	1
299	298	1	GAATGTGACATGTCTGCTGTGGTC	1
300	299	1	AATGTGACATGTCTGCTGTGGTCG	1
301	300	1	ATGTGACATGTCTGCTGTGGTCGC	1
302	301	1	TGTGACATGTCTGCTGTGGTCGCC	1
303	302	1	GTGACATGTCTGCTGTGGTCGCCC	1
304	303	1	TGACATGTCTGCTGTGGTCGCCCT	1
305	304	1	GACATGTCTGCTGTGGTCGCCCTC	1
306	305	1	ACATGTCTGCTGTGGTCGCCCTCC	1
307	306	1	CATGTCTGCTGTGGTCGCCCTCCG	1
308	-1	0	GTTAAAACAACCTGGAGAATATGT	1
309	308	2	TTAAAACAACCTGGAGAATATGTC	1
310	309	2	TAAAACAACCTGGAGAATATGTCA	1
311	310	2	AAAACAACCTGGAGAATATGTCAA	1
312	311	2	AAACAACCTGGAGAATATGTCAAC	1
313	312	2	AACAACCTGGAGAATATGTCAACA	1
314	313	2	ACAACCTGGAGAATATGTCAACAA	1
315	314	2	CAACCTGGAGAATATGTCAACAAG	1
316	315	2	AACCTGGAGAATATGTCAACAAGG	1
317	316	2	ACCTGGAGAATATGTCAACAAGGA	1
318	317	2	CCTGGAGAATATGTCAACAAGGAT	1
319	318	2	CTGGAGAATATGTCAACAAGGATG	1
320	319	2	TGGAGAATATGTCAACAAGGATGA	1
321	320	2	GGAGAATATGTCAACAAGGATGAG	1
322	321	2	GAGAATATGTCAACAAGGATGAGG	1
323	322	2	AGAATATGTCAACAAGGATGAGGA	1
324	323	2	GAATATGTCAACAAGGATGAGGAA	1
325	324	2	AATATGTCAACAAGGATGAGGAAA	1
326	325	2	ATATGTCAACAAGGATGAGGAAAT	1
327	326	2	TATGTCAACAAGGATGAGGAAATC	1
328	327	2	ATGTCAACAAGGATGAGGAAATCG	1
329	328	2	TGTCAACAAGGATGAGGAAATCGC	1
330	329	2	GTCAACAAGGATGAGGAAATCGCG	1
331	330	2	TCAACAAGGATGAGGAAATCGCGA	1
332	331	2	CAACAAGGATGAGGAAATCGCGAG	1
333	332	2	AACAAGGATGAGGAAATCGCGAGT	1
334	333	2	ACAAGGATGAGGAAATCGCGAGTG	1
335	334	3	CAAGGATGAGGAAATCGCGAGTGT	1
336	335	3	AAGGATGAGGAAATCGCGAGTGTG	1
337	336	3	AGGATGAGGAAATCGCGAGTGTGG	1
338	337	3	GGATGAGGAAATCGCGAGTGTGGA	1
339	338	3	GATGAGGAAATCGCGAGTGTGGAA	1
340	339	3	ATGAGGAAATCGCGAGTGTGGAAA	1
341	340	3	TGAGGAAATCGCGAGTGTGGAAAC	1
342	341	3	GAGGAAATCGCGAGTGTGGAAACT	1
343	342	3	AGGAAATCGCGAGTGTGGAAACTG	1
344	343	3	GGAAATCGCGAGTGTGGAAACTGA	1
345	344	3	GAAATCGCGAGTGTGGAAACTGAT	1
346	345	3	AAATCGCGAGTGTGGAAACTGATA	1
347	346	3	AATCGCGAGTGTGGAAACTGATAA	1
348	347	3	ATCGCGAGTGTGGAAACTGATAAA	1
349	348	3	TCGCGAGTGTGGAAACTGATAAAA	1
350	349	3	CGCGAGTGTGGAAACTGATAAAAT	1
351	350	3	GCGAGTGTGGAAACTGATAAAATT	1
352	351	4	CGAGTGTGGAAACTGATAAAATTG	1
353	352	2	GAGTGTGGAAACTGATAAAATTGA	1
354	353	2	AGTGTGGAAACTGATAAAATTGAT	1
355	354	2	GTGTGGAAACTGATAAAATTGATG	1
356	355	2	TGTGGAAACTGATAAAATTGATGC	1
357	356	2	GTGGAAACTGATAAAATTGATGCC	1
358	357	2	TGGAAACTGATAAAATTGATGCCC	1
359	358	2	GGAAACTGATAAAATTGATGCCCC	1
360	359	2	GAAACTGATAAAATTGATGCCCCC	1
361	360	2	AAACTGATAAAATTGATGCCCCCG	1
362	361	2	AACTGATAAAATTGATGCCCCCGT	1
363	362	2	ACTGATAAAATTGATGCCCCCGTT	1
364	363	2	CTGATAAAATTGATGCCCCCGTTA	1
365	364	2	TGATAAAATTGATGCCCCCGTTAC	1
366	365	2	GATAAAATTGATGCCCCCGTTACA	1
367	366	2	ATAAAATTGATGCCCCCGTTACAG	1
368	367	2	TAAAATTGATGCCCCCGTTACAGC	1
369	368	2	AAAATTGATGCCCCCGTTACAGCT	1
370	369	1	AAATTGATGCCCCCGTTACAGCTC	1
371	370	1	AATTGATGCCCCCGTTACAGCTCC	1
372	371	1	ATTGATGCCCCCGTTACAGCTCCT	1
373	372	1	TTGATGCCCCCGTTACAGCTCCTG	1
374	373	1	TGATGCCCCCGTTACAGCTCCTGA	1
375	374	1	GATGCCCCCGTTACAGCTCCTGAT	1
376	375	1	ATGCCCCCGTTACAGCTCCTGATG	1
377	376	1	TGCCCCCGTTACAGCTCCTGATGC	1
378	377	1	GCCCCCGTTACAGCTCCTGATGCC	1
379	378	1	CCCCCGTTACAGCTCCTGATGCCG	1
380	379	1	CCCCGTTACAGCTCCTGATGCCGG	1
381	380	1	CCCGTTACAGCTCCTGATGCCGGT	1
382	381	1	CCGTTACAGCTCCTGATGCCGGTG	1
383	382	1	CGTTACAGCTCCTGATGCCGGTGT	1
384	383	1	GTTACAGCTCCTGATGCCGGTGTT	1
385	384	1	TTACAGCTCCTGATGCCGGTGTTT	1
386	385	1	TACAGCTCCTGATGCCGGTGTTTT	1
387	386	1	ACAGCTCCTGATGCCGGTGTTTTA	1
388	387	1	CAGCTCCTGATGCCGGTGTTTTAA	1
389	388	1	AGCTCCTGATGCCGGTGTTTTAAA	1
390	389	1	GCTCCTGATGCCGGTGTTTTAAAG	1
391	390	1	CTCCTGATGCCGGTGTTTTAAAGG	1
392	391	1	TCCTGATGCCGGTGTTTTAAAGGA	1
393	392	1	CCTGATGCCGGTGTTTTAAAGGAA	1
394	393	1	CTGATGCCGGTGTTTTAAAGGAAC	1
395	394	1	TGATGCCGGTGTTTTAAAGGAACA	1
