Component 39
1	-1	0	CTCGTGGATTCAAGGAACAAGACT	1
2	1	1	TCGTGGATTCAAGGAACAAGACTT	1
3	2	1	CGTGGATTCAAGGAACAAGACTTT	1
4	3	1	GTGGATTCAAGGAACAAGACTTTG	1
5	4	1	TGGATTCAAGGAACAAGACTTTGT	1
6	5	1	GGATTCAAGGAACAAGACTTTGTT	1
7	6	1	GATTCAAGGAACAAGACTTTGTTC	1
8	7	1	ATTCAAGGAACAAGACTTTGTTCG	1
9	8	1	TTCAAGGAACAAGACTTTGTTCGT	1
10	9	1	TCAAGGAACAAGACTTTGTTCGTG	1
11	10	1	CAAGGAACAAGACTTTGTTCGTGT	1
12	11	1	AAGGAACAAGACTTTGTTCGTGTT	1
13	12	1	AGGAACAAGACTTTGTTCGTGTTG	1
14	13	1	GGAACAAGACTTTGTTCGTGTTGT	1
15	14	1	GAACAAGACTTTGTTCGTGTTGTT	1
16	15	1	AACAAGACTTTGTTCGTGTTGTTG	1
17	16	1	ACAAGACTTTGTTCGTGTTGTTGA	1
18	17	1	CAAGACTTTGTTCGTGTTGTTGAC	1
19	18	1	AAGACTTTGTTCGTGTTGTTGACT	1
20	19	1	AGACTTTGTTCGTGTTGTTGACTA	1
21	20	1	GACTTTGTTCGTGTTGTTGACTAC	1
22	21	1	ACTTTGTTCGTGTTGTTGACTACA	1
23	22	1	CTTTGTTCGTGTTGTTGACTACAT	1
24	23	1	TTTGTTCGTGTTGTTGACTACATT	1
25	24	1	TTGTTCGTGTTGTTGACTACATTG	1
26	25	1	TGTTCGTGTTGTTGACTACATTGA	1
27	26	4	GTTCGTGTTGTTGACTACATTGAC	1
28	27	4	TTCGTGTTGTTGACTACATTGACC	1
29	28	4	TCGTGTTGTTGACTACATTGACCG	1
30	29	4	CGTGTTGTTGACTACATTGACCGT	1
31	30	4	GTGTTGTTGACTACATTGACCGTG	1
32	31	4	TGTTGTTGACTACATTGACCGTGC	1
33	32	4	GTTGTTGACTACATTGACCGTGCT	1
34	33	4	TTGTTGACTACATTGACCGTGCTC	1
35	34	4	TGTTGACTACATTGACCGTGCTCT	1
36	35	4	GTTGACTACATTGACCGTGCTCTT	1
37	36	4	TTGACTACATTGACCGTGCTCTTA	1
38	37	4	TGACTACATTGACCGTGCTCTTAC	1
39	38	4	GACTACATTGACCGTGCTCTTACT	1
40	39	4	ACTACATTGACCGTGCTCTTACTT	1
41	40	4	CTACATTGACCGTGCTCTTACTTT	1
42	41	4	TACATTGACCGTGCTCTTACTTTT	1
43	42	4	ACATTGACCGTGCTCTTACTTTTG	1
44	43	4	CATTGACCGTGCTCTTACTTTTGC	1
45	44	4	ATTGACCGTGCTCTTACTTTTGCC	1
46	45	3	TTGACCGTGCTCTTACTTTTGCCG	1
47	46	3	TGACCGTGCTCTTACTTTTGCCGC	1
48	47	3	GACCGTGCTCTTACTTTTGCCGCC	1
49	48	3	ACCGTGCTCTTACTTTTGCCGCCA	1
50	49	3	CCGTGCTCTTACTTTTGCCGCCAA	1
51	50	3	CGTGCTCTTACTTTTGCCGCCAAC	1
52	51	3	GTGCTCTTACTTTTGCCGCCAACT	1
53	52	3	TGCTCTTACTTTTGCCGCCAACTT	1
54	53	3	GCTCTTACTTTTGCCGCCAACTTA	1
55	54	3	CTCTTACTTTTGCCGCCAACTTAC	1
56	55	3	TCTTACTTTTGCCGCCAACTTACA	1
57	56	3	CTTACTTTTGCCGCCAACTTACAA	1
58	57	3	TTACTTTTGCCGCCAACTTACAAA	1
59	58	3	TACTTTTGCCGCCAACTTACAAAA	1
60	59	3	ACTTTTGCCGCCAACTTACAAAAG	1
61	60	3	CTTTTGCCGCCAACTTACAAAAGG	1
62	61	3	TTTTGCCGCCAACTTACAAAAGGA	1
63	62	3	TTTGCCGCCAACTTACAAAAGGAG	1
64	63	3	TTGCCGCCAACTTACAAAAGGAGC	1
65	64	3	TGCCGCCAACTTACAAAAGGAGCT	1
66	65	3	GCCGCCAACTTACAAAAGGAGCTT	1
67	66	4	CCGCCAACTTACAAAAGGAGCTTC	1
68	67	4	CGCCAACTTACAAAAGGAGCTTCC	1
69	68	4	GCCAACTTACAAAAGGAGCTTCCC	1
70	69	3	CCAACTTACAAAAGGAGCTTCCCA	1
71	70	1	CAACTTACAAAAGGAGCTTCCCAA	1
72	71	1	AACTTACAAAAGGAGCTTCCCAAG	1
73	72	1	ACTTACAAAAGGAGCTTCCCAAGG	1
74	73	1	CTTACAAAAGGAGCTTCCCAAGGA	1
75	74	1	TTACAAAAGGAGCTTCCCAAGGAC	1
76	75	1	TACAAAAGGAGCTTCCCAAGGACG	1
77	76	2	ACAAAAGGAGCTTCCCAAGGACGC	1
78	77	2	CAAAAGGAGCTTCCCAAGGACGCC	1
79	78	2	AAAAGGAGCTTCCCAAGGACGCCA	1
80	79	2	AAAGGAGCTTCCCAAGGACGCCAA	1
81	80	2	AAGGAGCTTCCCAAGGACGCCAAC	1
82	81	2	AGGAGCTTCCCAAGGACGCCAACA	1
83	82	2	GGAGCTTCCCAAGGACGCCAACAA	1
84	83	2	GAGCTTCCCAAGGACGCCAACAAG	1
85	84	2	AGCTTCCCAAGGACGCCAACAAGC	1
86	85	2	GCTTCCCAAGGACGCCAACAAGCT	1
87	86	2	CTTCCCAAGGACGCCAACAAGCTC	1
88	87	2	TTCCCAAGGACGCCAACAAGCTCA	1
89	88	2	TCCCAAGGACGCCAACAAGCTCAA	1
90	89	2	CCCAAGGACGCCAACAAGCTCAAA	1
91	90	2	CCAAGGACGCCAACAAGCTCAAAG	1
92	91	2	CAAGGACGCCAACAAGCTCAAAGA	1
93	92	2	AAGGACGCCAACAAGCTCAAAGAC	1
94	93	2	AGGACGCCAACAAGCTCAAAGACT	1
95	94	2	GGACGCCAACAAGCTCAAAGACTT	1
96	95	2	GACGCCAACAAGCTCAAAGACTTC	1
97	96	2	ACGCCAACAAGCTCAAAGACTTCA	1
98	97	2	CGCCAACAAGCTCAAAGACTTCAA	1
99	98	2	GCCAACAAGCTCAAAGACTTCAAG	1
100	99	2	CCAACAAGCTCAAAGACTTCAAGG	1
101	100	2	CAACAAGCTCAAAGACTTCAAGGC	1
102	101	2	AACAAGCTCAAAGACTTCAAGGCT	1
103	102	2	ACAAGCTCAAAGACTTCAAGGCTA	1
104	103	2	CAAGCTCAAAGACTTCAAGGCTAA	1
105	104	2	AAGCTCAAAGACTTCAAGGCTAAA	1
106	105	2	AGCTCAAAGACTTCAAGGCTAAAC	1
107	106	2	GCTCAAAGACTTCAAGGCTAAACT	1
108	107	2	CTCAAAGACTTCAAGGCTAAACTT	1
109	108	2	TCAAAGACTTCAAGGCTAAACTTG	1
110	109	2	CAAAGACTTCAAGGCTAAACTTGG	1
111	110	1	AAAGACTTCAAGGCTAAACTTGGT	1
112	111	1	AAGACTTCAAGGCTAAACTTGGTG	1
113	112	1	AGACTTCAAGGCTAAACTTGGTGA	1
114	113	1	GACTTCAAGGCTAAACTTGGTGAA	1
115	114	1	ACTTCAAGGCTAAACTTGGTGAAG	1
116	115	1	CTTCAAGGCTAAACTTGGTGAAGG	1
117	116	1	TTCAAGGCTAAACTTGGTGAAGGT	1
118	117	1	TCAAGGCTAAACTTGGTGAAGGTG	1
119	118	1	CAAGGCTAAACTTGGTGAAGGTGA	1
120	119	1	AAGGCTAAACTTGGTGAAGGTGAA	1
121	-1	0	CTTACAAGGAGTATCAAGCTCAAG	1
122	121	1	TTACAAGGAGTATCAAGCTCAAGT	1
123	122	1	TACAAGGAGTATCAAGCTCAAGTT	1
124	123	1	ACAAGGAGTATCAAGCTCAAGTTG	1
125	124	1	CAAGGAGTATCAAGCTCAAGTTGT	1
126	125	1	AAGGAGTATCAAGCTCAAGTTGTT	1
127	126	1	AGGAGTATCAAGCTCAAGTTGTTA	1
128	127	1	GGAGTATCAAGCTCAAGTTGTTAA	1
129	128	1	GAGTATCAAGCTCAAGTTGTTAAA	1
130	129	1	AGTATCAAGCTCAAGTTGTTAAAA	1
131	130	1	GTATCAAGCTCAAGTTGTTAAAAA	1
132	131	1	TATCAAGCTCAAGTTGTTAAAAAT	1
133	132	1	ATCAAGCTCAAGTTGTTAAAAATG	1
134	133	1	TCAAGCTCAAGTTGTTAAAAATGC	1
135	134	1	CAAGCTCAAGTTGTTAAAAATGCT	1
136	135	1	AAGCTCAAGTTGTTAAAAATGCTA	1
137	136	2	AGCTCAAGTTGTTAAAAATGCTAA	1
138	137	2	GCTCAAGTTGTTAAAAATGCTAAG	1
139	138	2	CTCAAGTTGTTAAAAATGCTAAGG	1
140	139	2	TCAAGTTGTTAAAAATGCTAAGGT	1
141	140	2	CAAGTTGTTAAAAATGCTAAGGTC	1
142	141	2	AAGTTGTTAAAAATGCTAAGGTCT	1
143	142	2	AGTTGTTAAAAATGCTAAGGTCTG	1
144	143	2	GTTGTTAAAAATGCTAAGGTCTGC	1
145	144	2	TTGTTAAAAATGCTAAGGTCTGCG	1
146	145	2	TGTTAAAAATGCTAAGGTCTGCGA	1
147	146	2	GTTAAAAATGCTAAGGTCTGCGAA	1
148	147	3	TTAAAAATGCTAAGGTCTGCGAAG	1
149	148	3	TAAAAATGCTAAGGTCTGCGAAGA	1
150	149	3	AAAAATGCTAAGGTCTGCGAAGAG	1
151	150	3	AAAATGCTAAGGTCTGCGAAGAGG	1
152	151	4	AAATGCTAAGGTCTGCGAAGAGGA	1
153	152	4	AATGCTAAGGTCTGCGAAGAGGAA	1
154	153	4	ATGCTAAGGTCTGCGAAGAGGAAT	1
155	154	4	TGCTAAGGTCTGCGAAGAGGAATT	1
156	155	4	GCTAAGGTCTGCGAAGAGGAATTC	1
157	156	4	CTAAGGTCTGCGAAGAGGAATTCA	1
158	157	4	TAAGGTCTGCGAAGAGGAATTCAA	1
159	158	4	AAGGTCTGCGAAGAGGAATTCAAA	1
160	159	4	AGGTCTGCGAAGAGGAATTCAAAA	1
161	160	4	GGTCTGCGAAGAGGAATTCAAAAA	1
162	161	4	GTCTGCGAAGAGGAATTCAAAAAG	1
163	162	4	TCTGCGAAGAGGAATTCAAAAAGC	1
164	163	4	CTGCGAAGAGGAATTCAAAAAGCG	1
165	164	4	TGCGAAGAGGAATTCAAAAAGCGT	1
166	165	3	GCGAAGAGGAATTCAAAAAGCGTG	1
167	166	3	CGAAGAGGAATTCAAAAAGCGTGG	1
168	167	3	GAAGAGGAATTCAAAAAGCGTGGT	1
169	168	3	AAGAGGAATTCAAAAAGCGTGGTT	1
170	169	3	AGAGGAATTCAAAAAGCGTGGTTA	1
171	170	3	GAGGAATTCAAAAAGCGTGGTTAC	1
172	171	3	AGGAATTCAAAAAGCGTGGTTACA	1
173	172	3	GGAATTCAAAAAGCGTGGTTACAA	1
174	173	3	GAATTCAAAAAGCGTGGTTACAAA	1
175	174	3	AATTCAAAAAGCGTGGTTACAAAC	1
176	175	3	ATTCAAAAAGCGTGGTTACAAACT	1
177	176	3	TTCAAAAAGCGTGGTTACAAACTT	1
178	177	3	TCAAAAAGCGTGGTTACAAACTTG	1
179	178	3	CAAAAAGCGTGGTTACAAACTTGC	1
180	179	4	AAAAAGCGTGGTTACAAACTTGCT	1
181	180	3	AAAAGCGTGGTTACAAACTTGCTG	1
182	181	3	AAAGCGTGGTTACAAACTTGCTGC	1
183	182	3	AAGCGTGGTTACAAACTTGCTGCT	1
184	183	3	AGCGTGGTTACAAACTTGCTGCTG	1
185	184	3	GCGTGGTTACAAACTTGCTGCTGA	1
186	185	3	CGTGGTTACAAACTTGCTGCTGAC	1
187	186	3	GTGGTTACAAACTTGCTGCTGACG	1
188	187	3	TGGTTACAAACTTGCTGCTGACGG	1
189	188	3	GGTTACAAACTTGCTGCTGACGGT	1
190	189	3	GTTACAAACTTGCTGCTGACGGTA	1
191	190	3	TTACAAACTTGCTGCTGACGGTAC	1
192	191	2	TACAAACTTGCTGCTGACGGTACT	1
193	192	2	ACAAACTTGCTGCTGACGGTACTG	1
194	193	2	CAAACTTGCTGCTGACGGTACTGA	1
195	194	3	AAACTTGCTGCTGACGGTACTGAC	1
196	195	2	AACTTGCTGCTGACGGTACTGACA	1
197	196	2	ACTTGCTGCTGACGGTACTGACAG	1
198	197	2	CTTGCTGCTGACGGTACTGACAGT	1
199	198	2	TTGCTGCTGACGGTACTGACAGTC	1
200	199	2	TGCTGCTGACGGTACTGACAGTCA	1
201	200	2	GCTGCTGACGGTACTGACAGTCAC	1
202	201	2	CTGCTGACGGTACTGACAGTCACA	1
203	202	2	TGCTGACGGTACTGACAGTCACAT	1
204	203	2	GCTGACGGTACTGACAGTCACATG	1
205	204	2	CTGACGGTACTGACAGTCACATGG	1
206	205	2	TGACGGTACTGACAGTCACATGGT	1
207	206	2	GACGGTACTGACAGTCACATGGTT	1
208	207	2	ACGGTACTGACAGTCACATGGTTT	1
209	208	2	CGGTACTGACAGTCACATGGTTTT	1
210	209	2	GGTACTGACAGTCACATGGTTTTG	1
211	210	2	GTACTGACAGTCACATGGTTTTGG	1
212	211	2	TACTGACAGTCACATGGTTTTGGT	1
213	212	2	ACTGACAGTCACATGGTTTTGGTT	1
214	213	2	CTGACAGTCACATGGTTTTGGTTG	1
215	214	2	TGACAGTCACATGGTTTTGGTTGA	1
216	215	2	GACAGTCACATGGTTTTGGTTGAT	1
217	216	2	ACAGTCACATGGTTTTGGTTGATG	1
218	217	2	CAGTCACATGGTTTTGGTTGATGT	1
219	218	2	AGTCACATGGTTTTGGTTGATGTC	1
220	219	2	GTCACATGGTTTTGGTTGATGTCA	1
221	220	2	TCACATGGTTTTGGTTGATGTCAA	1
222	221	2	CACATGGTTTTGGTTGATGTCAAG	1
223	222	2	ACATGGTTTTGGTTGATGTCAAGA	1
224	223	1	CATGGTTTTGGTTGATGTCAAGAG	1
225	224	1	ATGGTTTTGGTTGATGTCAAGAGC	1
226	225	1	TGGTTTTGGTTGATGTCAAGAGCA	1
227	226	1	GGTTTTGGTTGATGTCAAGAGCAA	1
228	227	1	GTTTTGGTTGATGTCAAGAGCAAG	1
229	228	1	TTTTGGTTGATGTCAAGAGCAAGG	1
230	229	1	TTTGGTTGATGTCAAGAGCAAGGG	1
231	230	1	TTGGTTGATGTCAAGAGCAAGGGT	1
232	231	1	TGGTTGATGTCAAGAGCAAGGGTG	1
233	232	1	GGTTGATGTCAAGAGCAAGGGTGT	1
234	233	1	GTTGATGTCAAGAGCAAGGGTGTT	1
235	234	1	TTGATGTCAAGAGCAAGGGTGTTG	1
236	235	1	TGATGTCAAGAGCAAGGGTGTTGA	1
237	236	1	GATGTCAAGAGCAAGGGTGTTGAC	1
238	237	1	ATGTCAAGAGCAAGGGTGTTGACG	1
