Component 398
1	-1	0	AAAGGGCTGACACCAAAGCCGCTT	1
2	1	1	AAGGGCTGACACCAAAGCCGCTTC	1
3	2	1	AGGGCTGACACCAAAGCCGCTTCT	1
4	3	1	GGGCTGACACCAAAGCCGCTTCTG	1
5	4	1	GGCTGACACCAAAGCCGCTTCTGG	1
6	5	1	GCTGACACCAAAGCCGCTTCTGGT	1
7	6	1	CTGACACCAAAGCCGCTTCTGGTA	1
8	7	1	TGACACCAAAGCCGCTTCTGGTAT	1
9	8	1	GACACCAAAGCCGCTTCTGGTATC	1
10	9	1	ACACCAAAGCCGCTTCTGGTATCT	1
11	10	1	CACCAAAGCCGCTTCTGGTATCTT	1
12	11	1	ACCAAAGCCGCTTCTGGTATCTTT	1
13	12	1	CCAAAGCCGCTTCTGGTATCTTTC	1
14	13	1	CAAAGCCGCTTCTGGTATCTTTCT	1
15	14	1	AAAGCCGCTTCTGGTATCTTTCTA	1
16	15	1	AAGCCGCTTCTGGTATCTTTCTAC	1
17	16	1	AGCCGCTTCTGGTATCTTTCTACC	1
18	17	1	GCCGCTTCTGGTATCTTTCTACCT	1
19	18	1	CCGCTTCTGGTATCTTTCTACCTG	1
20	19	2	CGCTTCTGGTATCTTTCTACCTGA	1
21	20	2	GCTTCTGGTATCTTTCTACCTGAG	1
22	21	2	CTTCTGGTATCTTTCTACCTGAGA	1
23	22	2	TTCTGGTATCTTTCTACCTGAGAA	1
24	23	2	TCTGGTATCTTTCTACCTGAGAAG	1
25	24	2	CTGGTATCTTTCTACCTGAGAAGA	1
26	25	2	TGGTATCTTTCTACCTGAGAAGAG	1
27	26	2	GGTATCTTTCTACCTGAGAAGAGC	1
28	27	2	GTATCTTTCTACCTGAGAAGAGCG	1
29	28	2	TATCTTTCTACCTGAGAAGAGCGT	1
30	29	2	ATCTTTCTACCTGAGAAGAGCGTT	1
31	30	2	TCTTTCTACCTGAGAAGAGCGTTG	1
32	31	2	CTTTCTACCTGAGAAGAGCGTTGA	1
33	32	2	TTTCTACCTGAGAAGAGCGTTGAA	1
34	33	2	TTCTACCTGAGAAGAGCGTTGAAA	1
35	34	2	TCTACCTGAGAAGAGCGTTGAAAA	1
36	35	2	CTACCTGAGAAGAGCGTTGAAAAG	1
37	36	2	TACCTGAGAAGAGCGTTGAAAAGT	1
38	37	2	ACCTGAGAAGAGCGTTGAAAAGTT	1
39	38	2	CCTGAGAAGAGCGTTGAAAAGTTA	1
40	39	2	CTGAGAAGAGCGTTGAAAAGTTAT	1
41	40	2	TGAGAAGAGCGTTGAAAAGTTATC	1
42	41	2	GAGAAGAGCGTTGAAAAGTTATCC	1
43	42	2	AGAAGAGCGTTGAAAAGTTATCCG	1
44	43	2	GAAGAGCGTTGAAAAGTTATCCGA	1
45	44	2	AAGAGCGTTGAAAAGTTATCCGAA	1
46	45	1	AGAGCGTTGAAAAGTTATCCGAAG	1
47	46	1	GAGCGTTGAAAAGTTATCCGAAGG	1
48	47	1	AGCGTTGAAAAGTTATCCGAAGGT	1
49	48	1	GCGTTGAAAAGTTATCCGAAGGTC	1
50	49	1	CGTTGAAAAGTTATCCGAAGGTCG	1
51	50	1	GTTGAAAAGTTATCCGAAGGTCGT	1
52	51	1	TTGAAAAGTTATCCGAAGGTCGTG	1
53	52	1	TGAAAAGTTATCCGAAGGTCGTGT	1
54	53	1	GAAAAGTTATCCGAAGGTCGTGTT	1
55	54	2	AAAAGTTATCCGAAGGTCGTGTTA	1
56	55	2	AAAGTTATCCGAAGGTCGTGTTAT	1
57	56	2	AAGTTATCCGAAGGTCGTGTTATT	1
58	57	2	AGTTATCCGAAGGTCGTGTTATTT	1
59	58	2	GTTATCCGAAGGTCGTGTTATTTC	1
60	59	2	TTATCCGAAGGTCGTGTTATTTCC	1
61	60	2	TATCCGAAGGTCGTGTTATTTCCG	1
62	61	2	ATCCGAAGGTCGTGTTATTTCCGT	1
63	62	2	TCCGAAGGTCGTGTTATTTCCGTC	1
64	63	2	CCGAAGGTCGTGTTATTTCCGTCG	1
65	64	2	CGAAGGTCGTGTTATTTCCGTCGG	1
66	65	2	GAAGGTCGTGTTATTTCCGTCGGA	1
67	66	2	AAGGTCGTGTTATTTCCGTCGGAA	1
68	67	2	AGGTCGTGTTATTTCCGTCGGAAA	1
69	68	2	GGTCGTGTTATTTCCGTCGGAAAG	1
70	69	2	GTCGTGTTATTTCCGTCGGAAAGG	1
71	70	2	TCGTGTTATTTCCGTCGGAAAGGG	1
72	71	2	CGTGTTATTTCCGTCGGAAAGGGC	1
73	72	2	GTGTTATTTCCGTCGGAAAGGGCG	1
74	73	2	TGTTATTTCCGTCGGAAAGGGCGG	1
75	74	2	GTTATTTCCGTCGGAAAGGGCGGT	1
76	75	2	TTATTTCCGTCGGAAAGGGCGGTT	1
77	76	2	TATTTCCGTCGGAAAGGGCGGTTA	1
78	77	2	ATTTCCGTCGGAAAGGGCGGTTAT	1
79	78	2	TTTCCGTCGGAAAGGGCGGTTATA	1
80	79	2	TTCCGTCGGAAAGGGCGGTTATAA	1
81	80	2	TCCGTCGGAAAGGGCGGTTATAAC	1
82	81	2	CCGTCGGAAAGGGCGGTTATAACA	1
83	82	2	CGTCGGAAAGGGCGGTTATAACAA	1
84	83	2	GTCGGAAAGGGCGGTTATAACAAG	1
85	84	2	TCGGAAAGGGCGGTTATAACAAGG	1
86	85	3	CGGAAAGGGCGGTTATAACAAGGA	1
87	86	3	GGAAAGGGCGGTTATAACAAGGAA	1
88	87	3	GAAAGGGCGGTTATAACAAGGAAG	1
89	88	3	AAAGGGCGGTTATAACAAGGAAGG	1
90	89	3	AAGGGCGGTTATAACAAGGAAGGT	1
91	90	3	AGGGCGGTTATAACAAGGAAGGTA	1
92	91	3	GGGCGGTTATAACAAGGAAGGTAA	1
93	92	3	GGCGGTTATAACAAGGAAGGTAAA	1
94	93	4	GCGGTTATAACAAGGAAGGTAAAC	1
95	94	3	CGGTTATAACAAGGAAGGTAAACT	1
96	95	3	GGTTATAACAAGGAAGGTAAACTG	1
97	96	3	GTTATAACAAGGAAGGTAAACTGG	1
98	97	3	TTATAACAAGGAAGGTAAACTGGC	1
99	98	2	TATAACAAGGAAGGTAAACTGGCT	1
100	99	2	ATAACAAGGAAGGTAAACTGGCTC	1
101	100	2	TAACAAGGAAGGTAAACTGGCTCA	1
102	101	2	AACAAGGAAGGTAAACTGGCTCAA	1
103	102	2	ACAAGGAAGGTAAACTGGCTCAAC	1
104	103	2	CAAGGAAGGTAAACTGGCTCAACC	1
105	104	2	AAGGAAGGTAAACTGGCTCAACCC	1
106	105	2	AGGAAGGTAAACTGGCTCAACCCA	1
107	106	2	GGAAGGTAAACTGGCTCAACCCAG	1
108	107	2	GAAGGTAAACTGGCTCAACCCAGC	1
109	108	2	AAGGTAAACTGGCTCAACCCAGCG	1
110	109	2	AGGTAAACTGGCTCAACCCAGCGT	1
111	110	2	GGTAAACTGGCTCAACCCAGCGTA	1
112	111	2	GTAAACTGGCTCAACCCAGCGTAG	1
113	112	2	TAAACTGGCTCAACCCAGCGTAGC	1
114	113	2	AAACTGGCTCAACCCAGCGTAGCC	1
115	114	2	AACTGGCTCAACCCAGCGTAGCCG	1
116	115	2	ACTGGCTCAACCCAGCGTAGCCGT	1
117	116	2	CTGGCTCAACCCAGCGTAGCCGTT	1
118	117	2	TGGCTCAACCCAGCGTAGCCGTTG	1
119	118	2	GGCTCAACCCAGCGTAGCCGTTGG	1
120	119	2	GCTCAACCCAGCGTAGCCGTTGGT	1
121	120	2	CTCAACCCAGCGTAGCCGTTGGTG	1
122	121	3	TCAACCCAGCGTAGCCGTTGGTGA	1
123	122	3	CAACCCAGCGTAGCCGTTGGTGAT	1
124	123	3	AACCCAGCGTAGCCGTTGGTGATC	1
125	124	3	ACCCAGCGTAGCCGTTGGTGATCG	1
126	125	3	CCCAGCGTAGCCGTTGGTGATCGT	1
127	126	4	CCAGCGTAGCCGTTGGTGATCGTG	1
128	127	4	CAGCGTAGCCGTTGGTGATCGTGT	1
129	128	4	AGCGTAGCCGTTGGTGATCGTGTC	1
130	129	3	GCGTAGCCGTTGGTGATCGTGTCT	1
131	130	3	CGTAGCCGTTGGTGATCGTGTCTT	1
132	131	3	GTAGCCGTTGGTGATCGTGTCTTG	1
133	132	3	TAGCCGTTGGTGATCGTGTCTTGC	1
134	133	3	AGCCGTTGGTGATCGTGTCTTGCT	1
135	134	3	GCCGTTGGTGATCGTGTCTTGCTG	1
136	135	3	CCGTTGGTGATCGTGTCTTGCTGC	1
137	136	3	CGTTGGTGATCGTGTCTTGCTGCC	1
138	137	2	GTTGGTGATCGTGTCTTGCTGCCT	1
139	138	2	TTGGTGATCGTGTCTTGCTGCCTG	1
140	139	2	TGGTGATCGTGTCTTGCTGCCTGC	1
141	140	2	GGTGATCGTGTCTTGCTGCCTGCT	1
142	141	2	GTGATCGTGTCTTGCTGCCTGCTT	1
143	142	2	TGATCGTGTCTTGCTGCCTGCTTA	1
144	143	2	GATCGTGTCTTGCTGCCTGCTTAT	1
145	144	2	ATCGTGTCTTGCTGCCTGCTTATG	1
146	145	2	TCGTGTCTTGCTGCCTGCTTATGG	1
147	146	2	CGTGTCTTGCTGCCTGCTTATGGT	1
148	147	1	GTGTCTTGCTGCCTGCTTATGGTG	1
149	148	1	TGTCTTGCTGCCTGCTTATGGTGG	1
150	149	1	GTCTTGCTGCCTGCTTATGGTGGA	1
151	150	1	TCTTGCTGCCTGCTTATGGTGGAA	1
152	151	1	CTTGCTGCCTGCTTATGGTGGAAG	1
153	152	1	TTGCTGCCTGCTTATGGTGGAAGC	1
154	153	1	TGCTGCCTGCTTATGGTGGAAGCA	1
155	154	1	GCTGCCTGCTTATGGTGGAAGCAA	1
156	155	1	CTGCCTGCTTATGGTGGAAGCAAC	1
157	156	1	TGCCTGCTTATGGTGGAAGCAACA	1
158	157	1	GCCTGCTTATGGTGGAAGCAACAT	1
159	158	1	CCTGCTTATGGTGGAAGCAACATC	1
160	159	1	CTGCTTATGGTGGAAGCAACATCA	1
161	160	1	TGCTTATGGTGGAAGCAACATCAA	1
162	161	1	GCTTATGGTGGAAGCAACATCAAG	1
163	162	1	CTTATGGTGGAAGCAACATCAAGG	1
164	163	1	TTATGGTGGAAGCAACATCAAGGT	1
165	164	1	TATGGTGGAAGCAACATCAAGGTG	1
166	165	1	ATGGTGGAAGCAACATCAAGGTGG	1
167	166	1	TGGTGGAAGCAACATCAAGGTGGG	1
168	167	1	GGTGGAAGCAACATCAAGGTGGGC	1
169	168	1	GTGGAAGCAACATCAAGGTGGGCG	1
170	169	1	TGGAAGCAACATCAAGGTGGGCGA	1
171	170	1	GGAAGCAACATCAAGGTGGGCGAA	1
172	171	1	GAAGCAACATCAAGGTGGGCGAAG	1
173	172	1	AAGCAACATCAAGGTGGGCGAAGA	1
174	173	1	AGCAACATCAAGGTGGGCGAAGAG	1
175	174	1	GCAACATCAAGGTGGGCGAAGAGG	1
176	175	2	CAACATCAAGGTGGGCGAAGAGGA	1
177	176	2	AACATCAAGGTGGGCGAAGAGGAG	1
178	177	2	ACATCAAGGTGGGCGAAGAGGAGT	1
179	178	2	CATCAAGGTGGGCGAAGAGGAGTA	1
180	179	2	ATCAAGGTGGGCGAAGAGGAGTAT	1
181	180	2	TCAAGGTGGGCGAAGAGGAGTATT	1
182	181	2	CAAGGTGGGCGAAGAGGAGTATTC	1
183	182	2	AAGGTGGGCGAAGAGGAGTATTCG	1
184	183	3	AGGTGGGCGAAGAGGAGTATTCGT	1
185	184	3	GGTGGGCGAAGAGGAGTATTCGTT	1
186	185	3	GTGGGCGAAGAGGAGTATTCGTTG	1
187	186	3	TGGGCGAAGAGGAGTATTCGTTGT	1
188	187	3	GGGCGAAGAGGAGTATTCGTTGTA	1
189	188	3	GGCGAAGAGGAGTATTCGTTGTAC	1
190	189	3	GCGAAGAGGAGTATTCGTTGTACC	1
191	190	3	CGAAGAGGAGTATTCGTTGTACCG	1
192	191	4	GAAGAGGAGTATTCGTTGTACCGT	1
193	192	4	AAGAGGAGTATTCGTTGTACCGTG	1
194	193	4	AGAGGAGTATTCGTTGTACCGTGA	1
195	194	4	GAGGAGTATTCGTTGTACCGTGAT	1
196	195	4	AGGAGTATTCGTTGTACCGTGATC	1
197	196	4	GGAGTATTCGTTGTACCGTGATCA	1
198	197	4	GAGTATTCGTTGTACCGTGATCAC	1
199	198	4	AGTATTCGTTGTACCGTGATCACG	1
200	199	4	GTATTCGTTGTACCGTGATCACGA	1
201	200	4	TATTCGTTGTACCGTGATCACGAG	1
202	201	4	ATTCGTTGTACCGTGATCACGAGT	1
203	202	5	TTCGTTGTACCGTGATCACGAGTT	1
204	203	5	TCGTTGTACCGTGATCACGAGTTG	1
205	204	5	CGTTGTACCGTGATCACGAGTTGT	1
206	205	5	GTTGTACCGTGATCACGAGTTGTT	1
207	206	5	TTGTACCGTGATCACGAGTTGTTG	1
208	207	5	TGTACCGTGATCACGAGTTGTTGG	1
209	208	5	GTACCGTGATCACGAGTTGTTGGC	1
210	209	4	TACCGTGATCACGAGTTGTTGGCT	1
211	210	4	ACCGTGATCACGAGTTGTTGGCTA	1
212	211	4	CCGTGATCACGAGTTGTTGGCTAT	1
213	212	4	CGTGATCACGAGTTGTTGGCTATC	1
214	213	4	GTGATCACGAGTTGTTGGCTATCA	1
215	214	4	TGATCACGAGTTGTTGGCTATCAT	1
216	215	5	GATCACGAGTTGTTGGCTATCATC	1
217	216	5	ATCACGAGTTGTTGGCTATCATCA	1
218	217	5	TCACGAGTTGTTGGCTATCATCAA	1
219	218	5	CACGAGTTGTTGGCTATCATCAAG	1
220	219	5	ACGAGTTGTTGGCTATCATCAAGG	1
221	220	5	CGAGTTGTTGGCTATCATCAAGGA	1
222	221	5	GAGTTGTTGGCTATCATCAAGGAA	1
223	222	5	AGTTGTTGGCTATCATCAAGGAAT	1
224	223	5	GTTGTTGGCTATCATCAAGGAATA	1
225	224	6	TTGTTGGCTATCATCAAGGAATAA	1
226	225	6	TGTTGGCTATCATCAAGGAATAAA	1
227	226	6	GTTGGCTATCATCAAGGAATAAAT	1
228	227	5	TTGGCTATCATCAAGGAATAAATT	1
229	228	5	TGGCTATCATCAAGGAATAAATTA	1
230	229	5	GGCTATCATCAAGGAATAAATTAA	1
231	230	5	GCTATCATCAAGGAATAAATTAAT	1
232	231	5	CTATCATCAAGGAATAAATTAATT	1
233	232	5	TATCATCAAGGAATAAATTAATTA	1
234	233	5	ATCATCAAGGAATAAATTAATTAA	1
235	234	5	TCATCAAGGAATAAATTAATTAAT	1
236	235	4	CATCAAGGAATAAATTAATTAATG	1
237	236	4	ATCAAGGAATAAATTAATTAATGG	1
238	237	4	TCAAGGAATAAATTAATTAATGGG	1
239	238	4	CAAGGAATAAATTAATTAATGGGT	1
240	239	5	AAGGAATAAATTAATTAATGGGTA	1
241	240	5	AGGAATAAATTAATTAATGGGTAA	1
242	241	5	GGAATAAATTAATTAATGGGTAAT	1
243	242	5	GAATAAATTAATTAATGGGTAATT	1
244	243	5	AATAAATTAATTAATGGGTAATTT	1
245	244	5	ATAAATTAATTAATGGGTAATTTT	1
246	245	5	TAAATTAATTAATGGGTAATTTTT	1
247	246	4	AAATTAATTAATGGGTAATTTTTT	1
248	247	4	AATTAATTAATGGGTAATTTTTTC	1
249	248	4	ATTAATTAATGGGTAATTTTTTCT	1
250	249	4	TTAATTAATGGGTAATTTTTTCTT	1
251	250	4	TAATTAATGGGTAATTTTTTCTTC	1
252	251	4	AATTAATGGGTAATTTTTTCTTCG	1
253	252	4	ATTAATGGGTAATTTTTTCTTCGT	1
254	253	4	TTAATGGGTAATTTTTTCTTCGTC	1
255	254	4	TAATGGGTAATTTTTTCTTCGTCA	1
256	255	4	AATGGGTAATTTTTTCTTCGTCAG	1
257	256	4	ATGGGTAATTTTTTCTTCGTCAGC	1
258	257	4	TGGGTAATTTTTTCTTCGTCAGCC	1
259	258	4	GGGTAATTTTTTCTTCGTCAGCCA	1
260	259	3	GGTAATTTTTTCTTCGTCAGCCAC	1
261	260	3	GTAATTTTTTCTTCGTCAGCCACT	1
262	261	3	TAATTTTTTCTTCGTCAGCCACTG	1
263	262	3	AATTTTTTCTTCGTCAGCCACTGC	1
264	263	2	ATTTTTTCTTCGTCAGCCACTGCC	1
265	264	2	TTTTTTCTTCGTCAGCCACTGCCT	1
266	265	2	TTTTTCTTCGTCAGCCACTGCCTA	1
267	266	2	TTTTCTTCGTCAGCCACTGCCTAT	1
268	267	2	TTTCTTCGTCAGCCACTGCCTATT	1
269	268	1	TTCTTCGTCAGCCACTGCCTATTA	1
270	269	1	TCTTCGTCAGCCACTGCCTATTAA	1
271	-1	0	ATGATCGATGTCATTTCTCTTTTA	1
272	271	1	TGATCGATGTCATTTCTCTTTTAT	1
273	272	2	GATCGATGTCATTTCTCTTTTATT	1
274	273	3	ATCGATGTCATTTCTCTTTTATTT	1
275	274	3	TCGATGTCATTTCTCTTTTATTTT	1
276	275	3	CGATGTCATTTCTCTTTTATTTTT	1
277	276	3	GATGTCATTTCTCTTTTATTTTTT	1
278	277	3	ATGTCATTTCTCTTTTATTTTTTT	1
279	278	3	TGTCATTTCTCTTTTATTTTTTTG	1
280	279	3	GTCATTTCTCTTTTATTTTTTTGT	1
281	280	3	TCATTTCTCTTTTATTTTTTTGTA	1
282	281	3	CATTTCTCTTTTATTTTTTTGTAA	1
283	282	3	ATTTCTCTTTTATTTTTTTGTAAA	1
284	283	3	TTTCTCTTTTATTTTTTTGTAAAG	1
285	284	3	TTCTCTTTTATTTTTTTGTAAAGA	1
286	285	3	TCTCTTTTATTTTTTTGTAAAGAA	1
287	286	3	CTCTTTTATTTTTTTGTAAAGAAG	1
288	287	3	TCTTTTATTTTTTTGTAAAGAAGA	1
289	288	3	CTTTTATTTTTTTGTAAAGAAGAT	1
290	289	3	TTTTATTTTTTTGTAAAGAAGATT	1
291	290	3	TTTATTTTTTTGTAAAGAAGATTT	1
292	291	3	TTATTTTTTTGTAAAGAAGATTTT	1
293	292	3	TATTTTTTTGTAAAGAAGATTTTG	1
294	293	3	ATTTTTTTGTAAAGAAGATTTTGA	1
295	294	3	TTTTTTTGTAAAGAAGATTTTGAG	1
296	295	3	TTTTTTGTAAAGAAGATTTTGAGT	1
297	296	3	TTTTTGTAAAGAAGATTTTGAGTT	1
298	297	3	TTTTGTAAAGAAGATTTTGAGTTC	1
299	298	3	TTTGTAAAGAAGATTTTGAGTTCG	1
300	299	3	TTGTAAAGAAGATTTTGAGTTCGT	1
301	300	3	TGTAAAGAAGATTTTGAGTTCGTG	1
302	301	3	GTAAAGAAGATTTTGAGTTCGTGT	1
303	302	3	TAAAGAAGATTTTGAGTTCGTGTT	1
304	303	3	AAAGAAGATTTTGAGTTCGTGTTT	1
305	304	3	AAGAAGATTTTGAGTTCGTGTTTT	1
306	305	3	AGAAGATTTTGAGTTCGTGTTTTA	1
307	306	3	GAAGATTTTGAGTTCGTGTTTTAT	1
308	307	3	AAGATTTTGAGTTCGTGTTTTATG	1
309	308	3	AGATTTTGAGTTCGTGTTTTATGA	1
310	309	3	GATTTTGAGTTCGTGTTTTATGAG	1
311	310	3	ATTTTGAGTTCGTGTTTTATGAGT	1
312	311	3	TTTTGAGTTCGTGTTTTATGAGTC	1
313	312	3	TTTGAGTTCGTGTTTTATGAGTCT	1
314	313	3	TTGAGTTCGTGTTTTATGAGTCTA	1
315	314	3	TGAGTTCGTGTTTTATGAGTCTAA	1
316	315	2	GAGTTCGTGTTTTATGAGTCTAAC	1
317	316	1	AGTTCGTGTTTTATGAGTCTAACC	1
318	-1	0	TGCCTATTAAGCATACTAAAAAAA	1
319	318	1	GCCTATTAAGCATACTAAAAAAAA	1
320	319	2	CCTATTAAGCATACTAAAAAAAAA	1
321	320	2	CTATTAAGCATACTAAAAAAAAAG	1
322	321	2	TATTAAGCATACTAAAAAAAAAGC	1
323	322	2	ATTAAGCATACTAAAAAAAAAGCT	1
324	323	2	TTAAGCATACTAAAAAAAAAGCTG	1
325	324	2	TAAGCATACTAAAAAAAAAGCTGT	1
326	325	2	AAGCATACTAAAAAAAAAGCTGTT	1
327	326	2	AGCATACTAAAAAAAAAGCTGTTG	1
328	327	2	GCATACTAAAAAAAAAGCTGTTGG	1
329	328	3	CATACTAAAAAAAAAGCTGTTGGA	1
330	329	3	ATACTAAAAAAAAAGCTGTTGGAC	1
331	330	3	TACTAAAAAAAAAGCTGTTGGACG	1
332	331	3	ACTAAAAAAAAAGCTGTTGGACGC	1
333	332	3	CTAAAAAAAAAGCTGTTGGACGCA	1
334	333	3	TAAAAAAAAAGCTGTTGGACGCAA	1
335	334	3	AAAAAAAAAGCTGTTGGACGCAAA	1
336	335	4	AAAAAAAAGCTGTTGGACGCAAAA	1
337	336	4	AAAAAAAGCTGTTGGACGCAAAAA	1
338	337	4	AAAAAAGCTGTTGGACGCAAAAAC	1
339	338	4	AAAAAGCTGTTGGACGCAAAAACA	1
340	339	4	AAAAGCTGTTGGACGCAAAAACAT	1
341	340	4	AAAGCTGTTGGACGCAAAAACATC	1
342	341	4	AAGCTGTTGGACGCAAAAACATCT	1
343	342	4	AGCTGTTGGACGCAAAAACATCTT	1
344	343	5	GCTGTTGGACGCAAAAACATCTTT	1
345	344	5	CTGTTGGACGCAAAAACATCTTTT	1
346	345	5	TGTTGGACGCAAAAACATCTTTTG	1
347	346	5	GTTGGACGCAAAAACATCTTTTGT	1
348	347	5	TTGGACGCAAAAACATCTTTTGTT	1
349	348	5	TGGACGCAAAAACATCTTTTGTTA	1
350	349	5	GGACGCAAAAACATCTTTTGTTAT	1
351	350	5	GACGCAAAAACATCTTTTGTTATT	1
352	351	5	ACGCAAAAACATCTTTTGTTATTG	1
353	352	5	CGCAAAAACATCTTTTGTTATTGT	1
354	353	5	GCAAAAACATCTTTTGTTATTGTT	1
355	354	5	CAAAAACATCTTTTGTTATTGTTC	1
356	355	5	AAAAACATCTTTTGTTATTGTTCT	1
357	356	5	AAAACATCTTTTGTTATTGTTCTT	1
358	357	5	AAACATCTTTTGTTATTGTTCTTG	1
359	358	5	AACATCTTTTGTTATTGTTCTTGC	1
360	359	5	ACATCTTTTGTTATTGTTCTTGCA	1
361	360	5	CATCTTTTGTTATTGTTCTTGCAG	1
362	361	5	ATCTTTTGTTATTGTTCTTGCAGC	1
363	362	4	TCTTTTGTTATTGTTCTTGCAGCA	1
364	363	3	CTTTTGTTATTGTTCTTGCAGCAA	1
365	364	3	TTTTGTTATTGTTCTTGCAGCAAA	1
366	365	3	TTTGTTATTGTTCTTGCAGCAAAT	1
367	366	3	TTGTTATTGTTCTTGCAGCAAATT	1
368	367	3	TGTTATTGTTCTTGCAGCAAATTA	1
369	368	3	GTTATTGTTCTTGCAGCAAATTAC	1
370	369	3	TTATTGTTCTTGCAGCAAATTACG	1
371	370	4	TATTGTTCTTGCAGCAAATTACGA	1
372	371	4	ATTGTTCTTGCAGCAAATTACGAT	1
373	372	3	TTGTTCTTGCAGCAAATTACGATA	1
374	373	3	TGTTCTTGCAGCAAATTACGATAA	1
375	374	3	GTTCTTGCAGCAAATTACGATAAA	1
376	375	3	TTCTTGCAGCAAATTACGATAAAC	1
377	376	3	TCTTGCAGCAAATTACGATAAACT	1
378	377	3	CTTGCAGCAAATTACGATAAACTG	1
379	378	3	TTGCAGCAAATTACGATAAACTGG	1
380	379	2	TGCAGCAAATTACGATAAACTGGT	1
381	380	2	GCAGCAAATTACGATAAACTGGTA	1
382	381	2	CAGCAAATTACGATAAACTGGTAC	1
383	382	2	AGCAAATTACGATAAACTGGTACA	1
384	383	2	GCAAATTACGATAAACTGGTACAA	1
385	384	2	CAAATTACGATAAACTGGTACAAG	1
386	385	3	AAATTACGATAAACTGGTACAAGA	1
387	386	3	AATTACGATAAACTGGTACAAGAT	1
388	387	2	ATTACGATAAACTGGTACAAGATG	1
389	388	2	TTACGATAAACTGGTACAAGATGG	1
390	389	2	TACGATAAACTGGTACAAGATGGC	1
391	390	2	ACGATAAACTGGTACAAGATGGCT	1
392	391	2	CGATAAACTGGTACAAGATGGCTT	1
393	392	3	GATAAACTGGTACAAGATGGCTTT	1
394	393	3	ATAAACTGGTACAAGATGGCTTTT	1
395	394	3	TAAACTGGTACAAGATGGCTTTTT	1
396	395	3	AAACTGGTACAAGATGGCTTTTTT	1
397	396	4	AACTGGTACAAGATGGCTTTTTTA	1
398	397	4	ACTGGTACAAGATGGCTTTTTTAA	1
399	398	5	CTGGTACAAGATGGCTTTTTTAAC	1
400	399	5	TGGTACAAGATGGCTTTTTTAACA	1
401	400	5	GGTACAAGATGGCTTTTTTAACAG	1
402	401	5	GTACAAGATGGCTTTTTTAACAGC	1
403	402	5	TACAAGATGGCTTTTTTAACAGCT	1
404	403	5	ACAAGATGGCTTTTTTAACAGCTC	1
405	404	5	CAAGATGGCTTTTTTAACAGCTCT	1
406	405	5	AAGATGGCTTTTTTAACAGCTCTA	1
407	406	5	AGATGGCTTTTTTAACAGCTCTAA	1
408	407	7	GATGGCTTTTTTAACAGCTCTAAT	1
409	408	7	ATGGCTTTTTTAACAGCTCTAATT	1
410	409	7	TGGCTTTTTTAACAGCTCTAATTT	1
411	410	7	GGCTTTTTTAACAGCTCTAATTTT	1
412	411	7	GCTTTTTTAACAGCTCTAATTTTA	1
413	412	7	CTTTTTTAACAGCTCTAATTTTAA	1
414	413	7	TTTTTTAACAGCTCTAATTTTAAG	1
415	414	6	TTTTTAACAGCTCTAATTTTAAGG	1
416	415	6	TTTTAACAGCTCTAATTTTAAGGA	1
417	416	6	TTTAACAGCTCTAATTTTAAGGAC	1
418	417	6	TTAACAGCTCTAATTTTAAGGACG	1
419	418	6	TAACAGCTCTAATTTTAAGGACGA	1
420	419	6	AACAGCTCTAATTTTAAGGACGAT	1
421	420	6	ACAGCTCTAATTTTAAGGACGATT	1
422	421	6	CAGCTCTAATTTTAAGGACGATTG	1
423	422	6	AGCTCTAATTTTAAGGACGATTGC	1
424	423	6	GCTCTAATTTTAAGGACGATTGCA	1
425	424	6	CTCTAATTTTAAGGACGATTGCAC	1
426	425	6	TCTAATTTTAAGGACGATTGCACT	1
427	426	6	CTAATTTTAAGGACGATTGCACTC	1
428	427	6	TAATTTTAAGGACGATTGCACTCA	1
429	428	6	AATTTTAAGGACGATTGCACTCAG	1
430	429	5	ATTTTAAGGACGATTGCACTCAGA	1
431	430	5	TTTTAAGGACGATTGCACTCAGAT	1
432	431	5	TTTAAGGACGATTGCACTCAGATT	1
433	432	5	TTAAGGACGATTGCACTCAGATTT	1
434	433	5	TAAGGACGATTGCACTCAGATTTA	1
435	434	5	AAGGACGATTGCACTCAGATTTAA	1
436	435	5	AGGACGATTGCACTCAGATTTAAA	1
437	436	4	GGACGATTGCACTCAGATTTAAAT	1
438	437	4	GACGATTGCACTCAGATTTAAATG	1
439	438	4	ACGATTGCACTCAGATTTAAATGT	1
440	439	4	CGATTGCACTCAGATTTAAATGTG	1
441	440	3	GATTGCACTCAGATTTAAATGTGA	1
442	441	3	ATTGCACTCAGATTTAAATGTGAT	1
443	442	2	TTGCACTCAGATTTAAATGTGATG	1
444	443	2	TGCACTCAGATTTAAATGTGATGT	1
445	444	2	GCACTCAGATTTAAATGTGATGTA	1
446	445	2	CACTCAGATTTAAATGTGATGTAA	1
447	446	2	ACTCAGATTTAAATGTGATGTAAA	1
448	447	2	CTCAGATTTAAATGTGATGTAAAT	1
449	448	2	TCAGATTTAAATGTGATGTAAATG	1
450	449	2	CAGATTTAAATGTGATGTAAATGC	1
451	450	1	AGATTTAAATGTGATGTAAATGCG	1
452	451	1	GATTTAAATGTGATGTAAATGCGG	1
453	452	1	ATTTAAATGTGATGTAAATGCGGA	1
454	453	1	TTTAAATGTGATGTAAATGCGGAC	1
455	454	1	TTAAATGTGATGTAAATGCGGACA	1
456	455	1	TAAATGTGATGTAAATGCGGACAT	1
457	456	1	AAATGTGATGTAAATGCGGACATT	1
458	457	1	AATGTGATGTAAATGCGGACATTT	1
459	458	1	ATGTGATGTAAATGCGGACATTTT	1
460	459	1	TGTGATGTAAATGCGGACATTTTT	1
461	460	1	GTGATGTAAATGCGGACATTTTTA	1
462	461	1	TGATGTAAATGCGGACATTTTTAA	1
463	462	1	GATGTAAATGCGGACATTTTTAAA	1
464	463	1	ATGTAAATGCGGACATTTTTAAAG	1
465	464	1	TGTAAATGCGGACATTTTTAAAGA	1
466	465	1	GTAAATGCGGACATTTTTAAAGAA	1
467	466	1	TAAATGCGGACATTTTTAAAGAAA	1
468	467	1	AAATGCGGACATTTTTAAAGAAAA	1
469	468	1	AATGCGGACATTTTTAAAGAAAAT	1
470	469	1	ATGCGGACATTTTTAAAGAAAATG	1
471	470	1	TGCGGACATTTTTAAAGAAAATGA	1
472	471	1	GCGGACATTTTTAAAGAAAATGAC	1
473	472	1	CGGACATTTTTAAAGAAAATGACA	1
474	473	1	GGACATTTTTAAAGAAAATGACAG	1
475	474	1	GACATTTTTAAAGAAAATGACAGT	1
476	475	1	ACATTTTTAAAGAAAATGACAGTG	1
477	476	1	CATTTTTAAAGAAAATGACAGTGA	1
478	477	1	ATTTTTAAAGAAAATGACAGTGAT	1
479	478	1	TTTTTAAAGAAAATGACAGTGATT	1
480	479	1	TTTTAAAGAAAATGACAGTGATTA	1
481	480	1	TTTAAAGAAAATGACAGTGATTAT	1
482	481	1	TTAAAGAAAATGACAGTGATTATG	1
483	482	1	TAAAGAAAATGACAGTGATTATGC	1
484	483	1	AAAGAAAATGACAGTGATTATGCG	1
485	484	1	AAGAAAATGACAGTGATTATGCGT	1
486	485	1	AGAAAATGACAGTGATTATGCGTT	1
487	486	1	GAAAATGACAGTGATTATGCGTTT	1
488	487	1	AAAATGACAGTGATTATGCGTTTG	1
489	488	1	AAATGACAGTGATTATGCGTTTGA	1
490	489	1	AATGACAGTGATTATGCGTTTGAT	1
491	490	1	ATGACAGTGATTATGCGTTTGATG	1
492	491	1	TGACAGTGATTATGCGTTTGATGA	1
493	492	1	GACAGTGATTATGCGTTTGATGAT	1
494	493	1	ACAGTGATTATGCGTTTGATGATC	1
495	494	1	CAGTGATTATGCGTTTGATGATCG	1
496	-1	0	CCCAAAACGAACAAGTTTTGACGG	1
497	496	2	CCAAAACGAACAAGTTTTGACGGA	1
498	497	2	CAAAACGAACAAGTTTTGACGGAA	1
499	498	2	AAAACGAACAAGTTTTGACGGAAA	1
500	499	2	AAACGAACAAGTTTTGACGGAAAT	1
501	500	4	AACGAACAAGTTTTGACGGAAATA	1
502	501	4	ACGAACAAGTTTTGACGGAAATAT	1
503	502	4	CGAACAAGTTTTGACGGAAATATA	1
504	503	4	GAACAAGTTTTGACGGAAATATAT	1
505	504	4	AACAAGTTTTGACGGAAATATATT	1
506	505	4	ACAAGTTTTGACGGAAATATATTG	1
507	506	5	CAAGTTTTGACGGAAATATATTGG	1
508	507	5	AAGTTTTGACGGAAATATATTGGC	1
509	508	5	AGTTTTGACGGAAATATATTGGCA	1
510	509	5	GTTTTGACGGAAATATATTGGCAT	1
511	510	5	TTTTGACGGAAATATATTGGCATT	1
512	511	5	TTTGACGGAAATATATTGGCATTA	1
513	512	5	TTGACGGAAATATATTGGCATTAA	1
514	513	5	TGACGGAAATATATTGGCATTAAC	1
515	514	5	GACGGAAATATATTGGCATTAACC	1
516	515	5	ACGGAAATATATTGGCATTAACCA	1
517	516	5	CGGAAATATATTGGCATTAACCAC	1
518	517	5	GGAAATATATTGGCATTAACCACA	1
519	518	5	GAAATATATTGGCATTAACCACAG	1
520	519	5	AAATATATTGGCATTAACCACAGT	1
521	520	5	AATATATTGGCATTAACCACAGTT	1
522	521	5	ATATATTGGCATTAACCACAGTTT	1
523	522	5	TATATTGGCATTAACCACAGTTTT	1
524	523	5	ATATTGGCATTAACCACAGTTTTT	1
525	524	5	TATTGGCATTAACCACAGTTTTTG	1
526	525	5	ATTGGCATTAACCACAGTTTTTGT	1
527	526	5	TTGGCATTAACCACAGTTTTTGTA	1
528	527	6	TGGCATTAACCACAGTTTTTGTAT	1
529	528	6	GGCATTAACCACAGTTTTTGTATT	1
530	529	6	GCATTAACCACAGTTTTTGTATTT	1
531	530	6	CATTAACCACAGTTTTTGTATTTG	1
532	531	6	ATTAACCACAGTTTTTGTATTTGT	1
533	532	6	TTAACCACAGTTTTTGTATTTGTT	1
534	533	6	TAACCACAGTTTTTGTATTTGTTA	1
535	534	6	AACCACAGTTTTTGTATTTGTTAG	1
536	535	6	ACCACAGTTTTTGTATTTGTTAGG	1
537	536	6	CCACAGTTTTTGTATTTGTTAGGC	1
538	537	6	CACAGTTTTTGTATTTGTTAGGCT	1
539	538	6	ACAGTTTTTGTATTTGTTAGGCTT	1
540	539	6	CAGTTTTTGTATTTGTTAGGCTTT	1
541	540	4	AGTTTTTGTATTTGTTAGGCTTTT	1
542	541	4	GTTTTTGTATTTGTTAGGCTTTTT	1
543	542	4	TTTTTGTATTTGTTAGGCTTTTTT	1
544	543	4	TTTTGTATTTGTTAGGCTTTTTTT	1
545	544	2	TTTGTATTTGTTAGGCTTTTTTTT	1
546	545	2	TTGTATTTGTTAGGCTTTTTTTTA	1
547	546	2	TGTATTTGTTAGGCTTTTTTTTAA	1
548	547	2	GTATTTGTTAGGCTTTTTTTTAAA	1
549	548	2	TATTTGTTAGGCTTTTTTTTAAAA	1
550	549	2	ATTTGTTAGGCTTTTTTTTAAAAT	1
551	550	1	TTTGTTAGGCTTTTTTTTAAAATC	1
552	551	1	TTGTTAGGCTTTTTTTTAAAATCA	1
553	552	1	TGTTAGGCTTTTTTTTAAAATCAT	1
554	553	1	GTTAGGCTTTTTTTTAAAATCATT	1
555	554	1	TTAGGCTTTTTTTTAAAATCATTT	1
556	555	1	TAGGCTTTTTTTTAAAATCATTTT	1
557	556	1	AGGCTTTTTTTTAAAATCATTTTG	1
558	557	1	GGCTTTTTTTTAAAATCATTTTGC	1
559	558	1	GCTTTTTTTTAAAATCATTTTGCA	1
560	559	1	CTTTTTTTTAAAATCATTTTGCAT	1
561	560	1	TTTTTTTTAAAATCATTTTGCATT	1
562	561	1	TTTTTTTAAAATCATTTTGCATTC	1
563	562	1	TTTTTTAAAATCATTTTGCATTCT	1
564	563	1	TTTTTAAAATCATTTTGCATTCTT	1
565	564	1	TTTTAAAATCATTTTGCATTCTTT	1
566	565	1	TTTAAAATCATTTTGCATTCTTTC	1
567	566	1	TTAAAATCATTTTGCATTCTTTCA	1
568	567	1	TAAAATCATTTTGCATTCTTTCAC	1
569	568	1	AAAATCATTTTGCATTCTTTCACA	1
570	569	1	AAATCATTTTGCATTCTTTCACAT	1
571	570	1	AATCATTTTGCATTCTTTCACATG	1
