Component 402
1	-1	0	TAAGGAGCTTTCTGGTACCGTTAA	1
2	1	1	AAGGAGCTTTCTGGTACCGTTAAG	1
3	2	2	AGGAGCTTTCTGGTACCGTTAAGG	1
4	3	3	GGAGCTTTCTGGTACCGTTAAGGA	1
5	4	3	GAGCTTTCTGGTACCGTTAAGGAG	1
6	5	3	AGCTTTCTGGTACCGTTAAGGAGA	1
7	6	4	GCTTTCTGGTACCGTTAAGGAGAT	1
8	7	4	CTTTCTGGTACCGTTAAGGAGATT	1
9	8	4	TTTCTGGTACCGTTAAGGAGATTC	1
10	9	4	TTCTGGTACCGTTAAGGAGATTCT	1
11	10	5	TCTGGTACCGTTAAGGAGATTCTC	1
12	11	5	CTGGTACCGTTAAGGAGATTCTCG	1
13	12	6	TGGTACCGTTAAGGAGATTCTCGG	1
14	13	6	GGTACCGTTAAGGAGATTCTCGGT	1
15	14	6	GTACCGTTAAGGAGATTCTCGGTA	1
16	15	6	TACCGTTAAGGAGATTCTCGGTAC	1
17	16	6	ACCGTTAAGGAGATTCTCGGTACT	1
18	17	6	CCGTTAAGGAGATTCTCGGTACTG	1
19	18	7	CGTTAAGGAGATTCTCGGTACTGC	1
20	19	8	GTTAAGGAGATTCTCGGTACTGCC	1
21	20	8	TTAAGGAGATTCTCGGTACTGCCT	1
22	21	8	TAAGGAGATTCTCGGTACTGCCTT	1
23	22	8	AAGGAGATTCTCGGTACTGCCTTC	1
24	23	8	AGGAGATTCTCGGTACTGCCTTCT	1
25	24	8	GGAGATTCTCGGTACTGCCTTCTC	1
26	25	8	GAGATTCTCGGTACTGCCTTCTCT	1
27	26	8	AGATTCTCGGTACTGCCTTCTCTG	1
28	27	8	GATTCTCGGTACTGCCTTCTCTGT	1
29	28	8	ATTCTCGGTACTGCCTTCTCTGTT	1
30	29	7	TTCTCGGTACTGCCTTCTCTGTTG	1
31	30	7	TCTCGGTACTGCCTTCTCTGTTGG	1
32	31	7	CTCGGTACTGCCTTCTCTGTTGGT	1
33	32	7	TCGGTACTGCCTTCTCTGTTGGTT	1
34	33	7	CGGTACTGCCTTCTCTGTTGGTTG	1
35	34	7	GGTACTGCCTTCTCTGTTGGTTGC	1
36	35	7	GTACTGCCTTCTCTGTTGGTTGCA	1
37	36	7	TACTGCCTTCTCTGTTGGTTGCAC	1
38	37	7	ACTGCCTTCTCTGTTGGTTGCACC	1
39	38	7	CTGCCTTCTCTGTTGGTTGCACCG	1
40	39	7	TGCCTTCTCTGTTGGTTGCACCGT	1
41	40	7	GCCTTCTCTGTTGGTTGCACCGTT	1
42	41	7	CCTTCTCTGTTGGTTGCACCGTTG	1
43	42	7	CTTCTCTGTTGGTTGCACCGTTGA	1
44	43	7	TTCTCTGTTGGTTGCACCGTTGAC	1
45	44	7	TCTCTGTTGGTTGCACCGTTGACG	1
46	45	6	CTCTGTTGGTTGCACCGTTGACGG	1
47	46	5	TCTGTTGGTTGCACCGTTGACGGC	1
48	47	4	CTGTTGGTTGCACCGTTGACGGCA	1
49	48	4	TGTTGGTTGCACCGTTGACGGCAA	1
50	49	5	GTTGGTTGCACCGTTGACGGCAAG	1
51	50	4	TTGGTTGCACCGTTGACGGCAAGA	1
52	51	5	TGGTTGCACCGTTGACGGCAAGAA	1
53	52	5	GGTTGCACCGTTGACGGCAAGAAC	1
54	53	5	GTTGCACCGTTGACGGCAAGAACC	1
55	54	4	TTGCACCGTTGACGGCAAGAACCC	1
56	55	4	TGCACCGTTGACGGCAAGAACCCT	1
57	56	4	GCACCGTTGACGGCAAGAACCCTC	1
58	57	5	CACCGTTGACGGCAAGAACCCTCA	1
59	58	6	ACCGTTGACGGCAAGAACCCTCAC	1
60	59	7	CCGTTGACGGCAAGAACCCTCACG	1
61	60	8	CGTTGACGGCAAGAACCCTCACGA	1
62	61	8	GTTGACGGCAAGAACCCTCACGAC	1
63	62	9	TTGACGGCAAGAACCCTCACGACG	1
64	63	8	TGACGGCAAGAACCCTCACGACGT	1
65	64	8	GACGGCAAGAACCCTCACGACGTT	1
66	65	8	ACGGCAAGAACCCTCACGACGTTC	1
67	66	8	CGGCAAGAACCCTCACGACGTTCA	1
68	67	8	GGCAAGAACCCTCACGACGTTCAA	1
69	68	8	GCAAGAACCCTCACGACGTTCAAA	1
70	69	8	CAAGAACCCTCACGACGTTCAAAA	1
71	70	8	AAGAACCCTCACGACGTTCAAAAG	1
72	71	8	AGAACCCTCACGACGTTCAAAAGG	1
73	72	8	GAACCCTCACGACGTTCAAAAGGA	1
74	73	8	AACCCTCACGACGTTCAAAAGGAG	1
75	74	8	ACCCTCACGACGTTCAAAAGGAGA	1
76	75	8	CCCTCACGACGTTCAAAAGGAGAT	1
77	76	8	CCTCACGACGTTCAAAAGGAGATC	1
78	77	7	CTCACGACGTTCAAAAGGAGATCG	1
79	78	7	TCACGACGTTCAAAAGGAGATCGA	1
80	79	7	CACGACGTTCAAAAGGAGATCGAC	1
81	80	7	ACGACGTTCAAAAGGAGATCGACA	1
82	81	7	CGACGTTCAAAAGGAGATCGACAA	1
83	82	7	GACGTTCAAAAGGAGATCGACAAT	1
84	83	7	ACGTTCAAAAGGAGATCGACAATG	1
85	84	7	CGTTCAAAAGGAGATCGACAATGG	1
86	85	7	GTTCAAAAGGAGATCGACAATGGC	1
87	86	7	TTCAAAAGGAGATCGACAATGGCG	1
88	87	7	TCAAAAGGAGATCGACAATGGCGA	1
89	88	7	CAAAAGGAGATCGACAATGGCGAA	1
90	89	7	AAAAGGAGATCGACAATGGCGAAA	1
91	90	8	AAAGGAGATCGACAATGGCGAAAT	1
92	91	8	AAGGAGATCGACAATGGCGAAATT	1
93	92	8	AGGAGATCGACAATGGCGAAATTG	1
94	93	8	GGAGATCGACAATGGCGAAATTGA	1
95	94	8	GAGATCGACAATGGCGAAATTGAG	1
96	95	7	AGATCGACAATGGCGAAATTGAGA	1
97	96	7	GATCGACAATGGCGAAATTGAGAT	1
98	97	7	ATCGACAATGGCGAAATTGAGATC	1
99	98	7	TCGACAATGGCGAAATTGAGATCC	1
100	99	7	CGACAATGGCGAAATTGAGATCCC	1
101	100	6	GACAATGGCGAAATTGAGATCCCC	1
102	101	4	ACAATGGCGAAATTGAGATCCCCC	1
103	102	5	CAATGGCGAAATTGAGATCCCCCA	1
104	103	4	AATGGCGAAATTGAGATCCCCCAA	1
105	104	4	ATGGCGAAATTGAGATCCCCCAAG	1
106	105	4	TGGCGAAATTGAGATCCCCCAAGA	1
107	106	2	GGCGAAATTGAGATCCCCCAAGAG	1
108	107	2	GCGAAATTGAGATCCCCCAAGAGT	1
109	108	2	CGAAATTGAGATCCCCCAAGAGTA	1
110	109	2	GAAATTGAGATCCCCCAAGAGTAA	1
111	110	2	AAATTGAGATCCCCCAAGAGTAAA	1
112	111	2	AATTGAGATCCCCCAAGAGTAAAT	1
113	112	2	ATTGAGATCCCCCAAGAGTAAATC	1
114	113	2	TTGAGATCCCCCAAGAGTAAATCA	1
115	114	2	TGAGATCCCCCAAGAGTAAATCAA	1
116	115	2	GAGATCCCCCAAGAGTAAATCAAT	1
117	116	2	AGATCCCCCAAGAGTAAATCAATC	1
118	117	2	GATCCCCCAAGAGTAAATCAATCG	1
119	118	2	ATCCCCCAAGAGTAAATCAATCGT	1
120	119	2	TCCCCCAAGAGTAAATCAATCGTA	1
121	120	2	CCCCCAAGAGTAAATCAATCGTAA	1
122	121	2	CCCCAAGAGTAAATCAATCGTAAT	1
123	122	2	CCCAAGAGTAAATCAATCGTAATT	1
124	123	2	CCAAGAGTAAATCAATCGTAATTT	1
125	124	2	CAAGAGTAAATCAATCGTAATTTG	1
126	125	2	AAGAGTAAATCAATCGTAATTTGA	1
127	126	2	AGAGTAAATCAATCGTAATTTGAT	1
128	127	2	GAGTAAATCAATCGTAATTTGATA	1
129	128	2	AGTAAATCAATCGTAATTTGATAT	1
130	129	2	GTAAATCAATCGTAATTTGATATA	1
131	130	2	TAAATCAATCGTAATTTGATATAA	1
132	131	2	AAATCAATCGTAATTTGATATAAA	1
133	132	2	AATCAATCGTAATTTGATATAAAA	1
134	133	2	ATCAATCGTAATTTGATATAAAAT	1
135	134	1	TCAATCGTAATTTGATATAAAATA	1
136	135	1	CAATCGTAATTTGATATAAAATAA	1
137	136	1	AATCGTAATTTGATATAAAATAAC	1
138	137	1	ATCGTAATTTGATATAAAATAACT	1
139	138	1	TCGTAATTTGATATAAAATAACTC	1
140	139	1	CGTAATTTGATATAAAATAACTCA	1
141	140	1	GTAATTTGATATAAAATAACTCAT	1
142	141	1	TAATTTGATATAAAATAACTCATT	1
143	142	1	AATTTGATATAAAATAACTCATTT	1
144	143	1	ATTTGATATAAAATAACTCATTTG	1
145	144	1	TTTGATATAAAATAACTCATTTGT	1
146	145	1	TTGATATAAAATAACTCATTTGTG	1
147	-1	0	ACCCAAGATGCCTCCTAAATTCGA	1
148	147	2	CCCAAGATGCCTCCTAAATTCGAT	1
149	148	3	CCAAGATGCCTCCTAAATTCGATC	1
150	149	5	CAAGATGCCTCCTAAATTCGATCC	1
151	150	5	AAGATGCCTCCTAAATTCGATCCC	1
152	151	6	AGATGCCTCCTAAATTCGATCCCA	1
153	152	6	GATGCCTCCTAAATTCGATCCCAA	1
154	153	8	ATGCCTCCTAAATTCGATCCCAAT	1
155	154	8	TGCCTCCTAAATTCGATCCCAATG	1
156	155	9	GCCTCCTAAATTCGATCCCAATGA	1
157	156	12	CCTCCTAAATTCGATCCCAATGAA	1
158	157	12	CTCCTAAATTCGATCCCAATGAAG	1
159	158	13	TCCTAAATTCGATCCCAATGAAGT	1
160	159	13	CCTAAATTCGATCCCAATGAAGTA	1
161	160	15	CTAAATTCGATCCCAATGAAGTAA	1
162	161	16	TAAATTCGATCCCAATGAAGTAAA	1
163	162	16	AAATTCGATCCCAATGAAGTAAAG	1
164	163	23	AATTCGATCCCAATGAAGTAAAGA	1
165	164	23	ATTCGATCCCAATGAAGTAAAGAC	1
166	165	23	TTCGATCCCAATGAAGTAAAGACC	1
167	166	26	TCGATCCCAATGAAGTAAAGACCA	1
168	167	27	CGATCCCAATGAAGTAAAGACCAT	1
169	168	27	GATCCCAATGAAGTAAAGACCATC	1
170	169	27	ATCCCAATGAAGTAAAGACCATCT	1
171	170	27	TCCCAATGAAGTAAAGACCATCTT	1
172	171	27	CCCAATGAAGTAAAGACCATCTTT	1
173	172	28	CCAATGAAGTAAAGACCATCTTTA	1
174	173	28	CAATGAAGTAAAGACCATCTTTAT	1
175	174	28	AATGAAGTAAAGACCATCTTTATG	1
176	175	28	ATGAAGTAAAGACCATCTTTATGA	1
177	176	28	TGAAGTAAAGACCATCTTTATGAG	1
178	177	28	GAAGTAAAGACCATCTTTATGAGA	1
179	178	28	AAGTAAAGACCATCTTTATGAGAG	1
180	179	27	AGTAAAGACCATCTTTATGAGAGC	1
181	180	27	GTAAAGACCATCTTTATGAGAGCC	1
182	181	27	TAAAGACCATCTTTATGAGAGCCG	1
183	182	27	AAAGACCATCTTTATGAGAGCCGT	1
184	183	28	AAGACCATCTTTATGAGAGCCGTC	1
185	184	28	AGACCATCTTTATGAGAGCCGTCG	1
186	185	28	GACCATCTTTATGAGAGCCGTCGG	1
187	186	28	ACCATCTTTATGAGAGCCGTCGGT	1
188	187	28	CCATCTTTATGAGAGCCGTCGGTG	1
189	188	28	CATCTTTATGAGAGCCGTCGGTGG	1
190	189	28	ATCTTTATGAGAGCCGTCGGTGGT	1
191	190	28	TCTTTATGAGAGCCGTCGGTGGTG	1
192	191	25	CTTTATGAGAGCCGTCGGTGGTGA	1
193	192	25	TTTATGAGAGCCGTCGGTGGTGAA	1
194	193	23	TTATGAGAGCCGTCGGTGGTGAAG	1
195	194	23	TATGAGAGCCGTCGGTGGTGAAGT	1
196	195	22	ATGAGAGCCGTCGGTGGTGAAGTC	1
197	196	21	TGAGAGCCGTCGGTGGTGAAGTCG	1
198	197	19	GAGAGCCGTCGGTGGTGAAGTCGC	1
199	198	19	AGAGCCGTCGGTGGTGAAGTCGCC	1
200	199	17	GAGCCGTCGGTGGTGAAGTCGCCG	1
201	200	12	AGCCGTCGGTGGTGAAGTCGCCGG	1
202	201	12	GCCGTCGGTGGTGAAGTCGCCGGT	1
203	202	9	CCGTCGGTGGTGAAGTCGCCGGTG	1
204	203	9	CGTCGGTGGTGAAGTCGCCGGTGG	1
205	204	7	GTCGGTGGTGAAGTCGCCGGTGGC	1
206	205	7	TCGGTGGTGAAGTCGCCGGTGGCT	1
207	206	8	CGGTGGTGAAGTCGCCGGTGGCTC	1
208	207	7	GGTGGTGAAGTCGCCGGTGGCTCC	1
209	208	7	GTGGTGAAGTCGCCGGTGGCTCCA	1
210	209	7	TGGTGAAGTCGCCGGTGGCTCCAC	1
211	210	5	GGTGAAGTCGCCGGTGGCTCCACC	1
212	211	4	GTGAAGTCGCCGGTGGCTCCACCC	1
213	212	4	TGAAGTCGCCGGTGGCTCCACCCT	1
214	213	4	GAAGTCGCCGGTGGCTCCACCCTT	1
215	214	4	AAGTCGCCGGTGGCTCCACCCTTG	1
216	215	4	AGTCGCCGGTGGCTCCACCCTTGC	1
217	216	4	GTCGCCGGTGGCTCCACCCTTGCT	1
218	217	4	TCGCCGGTGGCTCCACCCTTGCTC	1
219	218	4	CGCCGGTGGCTCCACCCTTGCTCC	1
220	219	5	GCCGGTGGCTCCACCCTTGCTCCC	1
221	220	5	CCGGTGGCTCCACCCTTGCTCCCA	1
222	221	5	CGGTGGCTCCACCCTTGCTCCCAA	1
223	222	5	GGTGGCTCCACCCTTGCTCCCAAG	1
224	223	5	GTGGCTCCACCCTTGCTCCCAAGA	1
225	224	5	TGGCTCCACCCTTGCTCCCAAGAT	1
226	225	5	GGCTCCACCCTTGCTCCCAAGATT	1
227	226	5	GCTCCACCCTTGCTCCCAAGATTG	1
228	227	4	CTCCACCCTTGCTCCCAAGATTGG	1
229	228	4	TCCACCCTTGCTCCCAAGATTGGT	1
230	229	4	CCACCCTTGCTCCCAAGATTGGTC	1
231	230	5	CACCCTTGCTCCCAAGATTGGTCC	1
232	231	5	ACCCTTGCTCCCAAGATTGGTCCC	1
233	232	5	CCCTTGCTCCCAAGATTGGTCCCT	1
234	233	5	CCTTGCTCCCAAGATTGGTCCCTT	1
235	234	5	CTTGCTCCCAAGATTGGTCCCTTG	1
236	235	5	TTGCTCCCAAGATTGGTCCCTTGG	1
237	236	4	TGCTCCCAAGATTGGTCCCTTGGG	1
238	237	4	GCTCCCAAGATTGGTCCCTTGGGT	1
239	238	4	CTCCCAAGATTGGTCCCTTGGGTT	1
240	239	4	TCCCAAGATTGGTCCCTTGGGTTT	1
241	240	4	CCCAAGATTGGTCCCTTGGGTTTG	1
242	241	4	CCAAGATTGGTCCCTTGGGTTTGT	1
243	242	5	CAAGATTGGTCCCTTGGGTTTGTC	1
244	243	5	AAGATTGGTCCCTTGGGTTTGTCC	1
245	244	5	AGATTGGTCCCTTGGGTTTGTCCC	1
246	245	5	GATTGGTCCCTTGGGTTTGTCCCC	1
247	246	5	ATTGGTCCCTTGGGTTTGTCCCCC	1
248	247	5	TTGGTCCCTTGGGTTTGTCCCCCA	1
249	248	5	TGGTCCCTTGGGTTTGTCCCCCAA	1
250	249	4	GGTCCCTTGGGTTTGTCCCCCAAG	1
251	250	4	GTCCCTTGGGTTTGTCCCCCAAGA	1
252	251	4	TCCCTTGGGTTTGTCCCCCAAGAA	1
253	252	4	CCCTTGGGTTTGTCCCCCAAGAAG	1
254	253	4	CCTTGGGTTTGTCCCCCAAGAAGG	1
255	254	4	CTTGGGTTTGTCCCCCAAGAAGGT	1
256	255	5	TTGGGTTTGTCCCCCAAGAAGGTT	1
257	256	5	TGGGTTTGTCCCCCAAGAAGGTTG	1
258	257	5	GGGTTTGTCCCCCAAGAAGGTTGG	1
259	258	5	GGTTTGTCCCCCAAGAAGGTTGGT	1
260	259	5	GTTTGTCCCCCAAGAAGGTTGGTG	1
261	260	5	TTTGTCCCCCAAGAAGGTTGGTGA	1
262	261	5	TTGTCCCCCAAGAAGGTTGGTGAA	1
263	262	5	TGTCCCCCAAGAAGGTTGGTGAAG	1
264	263	5	GTCCCCCAAGAAGGTTGGTGAAGA	1
265	264	5	TCCCCCAAGAAGGTTGGTGAAGAT	1
266	265	5	CCCCCAAGAAGGTTGGTGAAGATA	1
267	266	5	CCCCAAGAAGGTTGGTGAAGATAT	1
268	267	5	CCCAAGAAGGTTGGTGAAGATATT	1
269	268	5	CCAAGAAGGTTGGTGAAGATATTG	1
270	269	5	CAAGAAGGTTGGTGAAGATATTGC	1
271	270	5	AAGAAGGTTGGTGAAGATATTGCC	1
272	271	5	AGAAGGTTGGTGAAGATATTGCCA	1
273	272	5	GAAGGTTGGTGAAGATATTGCCAA	1
274	273	5	AAGGTTGGTGAAGATATTGCCAAG	1
275	274	4	AGGTTGGTGAAGATATTGCCAAGG	1
276	275	6	GGTTGGTGAAGATATTGCCAAGGC	1
277	276	6	GTTGGTGAAGATATTGCCAAGGCT	1
278	277	6	TTGGTGAAGATATTGCCAAGGCTA	1
279	278	6	TGGTGAAGATATTGCCAAGGCTAC	1
280	279	6	GGTGAAGATATTGCCAAGGCTACC	1
281	280	6	GTGAAGATATTGCCAAGGCTACCA	1
282	281	6	TGAAGATATTGCCAAGGCTACCAA	1
283	282	6	GAAGATATTGCCAAGGCTACCAAA	1
284	283	6	AAGATATTGCCAAGGCTACCAAAG	1
285	284	6	AGATATTGCCAAGGCTACCAAAGA	1
286	285	6	GATATTGCCAAGGCTACCAAAGAT	1
287	286	5	ATATTGCCAAGGCTACCAAAGATT	1
288	287	6	TATTGCCAAGGCTACCAAAGATTG	1
289	288	6	ATTGCCAAGGCTACCAAAGATTGG	1
290	289	6	TTGCCAAGGCTACCAAAGATTGGA	1
291	290	6	TGCCAAGGCTACCAAAGATTGGAA	1
292	291	6	GCCAAGGCTACCAAAGATTGGAAG	1
293	292	7	CCAAGGCTACCAAAGATTGGAAGG	1
294	293	7	CAAGGCTACCAAAGATTGGAAGGG	1
295	294	6	AAGGCTACCAAAGATTGGAAGGGT	1
296	295	6	AGGCTACCAAAGATTGGAAGGGTC	1
297	296	6	GGCTACCAAAGATTGGAAGGGTCT	1
298	297	7	GCTACCAAAGATTGGAAGGGTCTC	1
299	298	7	CTACCAAAGATTGGAAGGGTCTCC	1
300	299	6	TACCAAAGATTGGAAGGGTCTCCG	1
301	300	6	ACCAAAGATTGGAAGGGTCTCCGT	1
302	301	6	CCAAAGATTGGAAGGGTCTCCGTG	1
303	302	6	CAAAGATTGGAAGGGTCTCCGTGT	1
304	303	6	AAAGATTGGAAGGGTCTCCGTGTG	1
305	304	6	AAGATTGGAAGGGTCTCCGTGTGA	1
306	305	6	AGATTGGAAGGGTCTCCGTGTGAC	1
307	306	5	GATTGGAAGGGTCTCCGTGTGACC	1
308	307	5	ATTGGAAGGGTCTCCGTGTGACCG	1
309	308	5	TTGGAAGGGTCTCCGTGTGACCGT	1
310	309	5	TGGAAGGGTCTCCGTGTGACCGTC	1
311	310	5	GGAAGGGTCTCCGTGTGACCGTCA	1
312	311	5	GAAGGGTCTCCGTGTGACCGTCAA	1
313	312	5	AAGGGTCTCCGTGTGACCGTCAAG	1
314	313	5	AGGGTCTCCGTGTGACCGTCAAGT	1
315	314	6	GGGTCTCCGTGTGACCGTCAAGTT	1
316	315	8	GGTCTCCGTGTGACCGTCAAGTTG	1
317	316	8	GTCTCCGTGTGACCGTCAAGTTGA	1
318	317	9	TCTCCGTGTGACCGTCAAGTTGAC	1
319	318	9	CTCCGTGTGACCGTCAAGTTGACT	1
320	319	7	TCCGTGTGACCGTCAAGTTGACTA	1
321	320	7	CCGTGTGACCGTCAAGTTGACTAT	1
322	321	7	CGTGTGACCGTCAAGTTGACTATT	1
323	322	7	GTGTGACCGTCAAGTTGACTATTC	1
324	323	7	TGTGACCGTCAAGTTGACTATTCA	1
325	324	7	GTGACCGTCAAGTTGACTATTCAA	1
326	325	7	TGACCGTCAAGTTGACTATTCAAA	1
327	326	6	GACCGTCAAGTTGACTATTCAAAA	1
328	327	6	ACCGTCAAGTTGACTATTCAAAAC	1
329	328	6	CCGTCAAGTTGACTATTCAAAACC	1
330	329	7	CGTCAAGTTGACTATTCAAAACCG	1
331	330	7	GTCAAGTTGACTATTCAAAACCGT	1
332	331	7	TCAAGTTGACTATTCAAAACCGTC	1
333	332	7	CAAGTTGACTATTCAAAACCGTCA	1
334	333	7	AAGTTGACTATTCAAAACCGTCAA	1
335	334	7	AGTTGACTATTCAAAACCGTCAAG	1
336	335	7	GTTGACTATTCAAAACCGTCAAGC	1
337	336	6	TTGACTATTCAAAACCGTCAAGCC	1
338	337	6	TGACTATTCAAAACCGTCAAGCCG	1
339	338	6	GACTATTCAAAACCGTCAAGCCGC	1
340	339	6	ACTATTCAAAACCGTCAAGCCGCT	1
341	340	6	CTATTCAAAACCGTCAAGCCGCTG	1
342	341	5	TATTCAAAACCGTCAAGCCGCTGT	1
343	342	5	ATTCAAAACCGTCAAGCCGCTGTC	1
344	343	5	TTCAAAACCGTCAAGCCGCTGTCT	1
345	344	5	TCAAAACCGTCAAGCCGCTGTCTC	1
346	345	5	CAAAACCGTCAAGCCGCTGTCTCG	1
347	346	5	AAAACCGTCAAGCCGCTGTCTCGG	1
348	347	5	AAACCGTCAAGCCGCTGTCTCGGT	1
349	348	5	AACCGTCAAGCCGCTGTCTCGGTT	1
350	349	5	ACCGTCAAGCCGCTGTCTCGGTTG	1
351	350	5	CCGTCAAGCCGCTGTCTCGGTTGT	1
352	351	5	CGTCAAGCCGCTGTCTCGGTTGTT	1
353	352	6	GTCAAGCCGCTGTCTCGGTTGTTC	1
354	353	6	TCAAGCCGCTGTCTCGGTTGTTCC	1
355	354	6	CAAGCCGCTGTCTCGGTTGTTCCC	1
356	355	5	AAGCCGCTGTCTCGGTTGTTCCCT	1
357	356	5	AGCCGCTGTCTCGGTTGTTCCCTC	1
358	357	5	GCCGCTGTCTCGGTTGTTCCCTCT	1
359	358	4	CCGCTGTCTCGGTTGTTCCCTCTG	1
360	359	3	CGCTGTCTCGGTTGTTCCCTCTGC	1
361	360	3	GCTGTCTCGGTTGTTCCCTCTGCC	1
362	361	2	CTGTCTCGGTTGTTCCCTCTGCCT	1
363	362	2	TGTCTCGGTTGTTCCCTCTGCCTC	1
364	363	2	GTCTCGGTTGTTCCCTCTGCCTCT	1
365	364	2	TCTCGGTTGTTCCCTCTGCCTCTG	1
366	365	2	CTCGGTTGTTCCCTCTGCCTCTGC	1
367	366	3	TCGGTTGTTCCCTCTGCCTCTGCT	1
368	367	4	CGGTTGTTCCCTCTGCCTCTGCTT	1
369	368	6	GGTTGTTCCCTCTGCCTCTGCTTT	1
370	369	6	GTTGTTCCCTCTGCCTCTGCTTTG	1
371	370	5	TTGTTCCCTCTGCCTCTGCTTTGG	1
372	371	5	TGTTCCCTCTGCCTCTGCTTTGGT	1
373	372	5	GTTCCCTCTGCCTCTGCTTTGGTC	1
374	373	5	TTCCCTCTGCCTCTGCTTTGGTCA	1
375	374	5	TCCCTCTGCCTCTGCTTTGGTCAT	1
376	375	5	CCCTCTGCCTCTGCTTTGGTCATT	1
377	376	5	CCTCTGCCTCTGCTTTGGTCATTA	1
378	377	5	CTCTGCCTCTGCTTTGGTCATTAA	1
379	378	5	TCTGCCTCTGCTTTGGTCATTAAG	1
380	379	5	CTGCCTCTGCTTTGGTCATTAAGG	1
381	380	6	TGCCTCTGCTTTGGTCATTAAGGC	1
382	381	11	GCCTCTGCTTTGGTCATTAAGGCT	1
383	382	12	CCTCTGCTTTGGTCATTAAGGCTT	1
384	383	12	CTCTGCTTTGGTCATTAAGGCTTT	1
385	384	13	TCTGCTTTGGTCATTAAGGCTTTG	1
386	385	15	CTGCTTTGGTCATTAAGGCTTTGA	1
387	386	16	TGCTTTGGTCATTAAGGCTTTGAA	1
388	387	15	GCTTTGGTCATTAAGGCTTTGAAG	1
389	388	16	CTTTGGTCATTAAGGCTTTGAAGG	1
390	389	16	TTTGGTCATTAAGGCTTTGAAGGA	1
391	390	16	TTGGTCATTAAGGCTTTGAAGGAG	1
392	391	16	TGGTCATTAAGGCTTTGAAGGAGC	1
393	392	18	GGTCATTAAGGCTTTGAAGGAGCC	1
394	393	18	GTCATTAAGGCTTTGAAGGAGCCT	1
395	394	18	TCATTAAGGCTTTGAAGGAGCCTG	1
396	395	18	CATTAAGGCTTTGAAGGAGCCTGC	1
397	396	17	ATTAAGGCTTTGAAGGAGCCTGCT	1
398	397	17	TTAAGGCTTTGAAGGAGCCTGCTC	1
399	398	17	TAAGGCTTTGAAGGAGCCTGCTCG	1
400	399	17	AAGGCTTTGAAGGAGCCTGCTCGT	1
401	400	17	AGGCTTTGAAGGAGCCTGCTCGTG	1
402	401	17	GGCTTTGAAGGAGCCTGCTCGTGA	1
403	402	17	GCTTTGAAGGAGCCTGCTCGTGAC	1
404	403	17	CTTTGAAGGAGCCTGCTCGTGACA	1
405	404	17	TTTGAAGGAGCCTGCTCGTGACAG	1
406	405	17	TTGAAGGAGCCTGCTCGTGACAGA	1
407	406	17	TGAAGGAGCCTGCTCGTGACAGAA	1
408	407	17	GAAGGAGCCTGCTCGTGACAGAAA	1
409	408	16	AAGGAGCCTGCTCGTGACAGAAAG	1
410	409	15	AGGAGCCTGCTCGTGACAGAAAGA	1
411	410	14	GGAGCCTGCTCGTGACAGAAAGAA	1
412	411	13	GAGCCTGCTCGTGACAGAAAGAAG	1
413	412	14	AGCCTGCTCGTGACAGAAAGAAGG	1
414	413	14	GCCTGCTCGTGACAGAAAGAAGGA	1
415	414	14	CCTGCTCGTGACAGAAAGAAGGAC	1
416	415	14	CTGCTCGTGACAGAAAGAAGGACA	1
417	416	14	TGCTCGTGACAGAAAGAAGGACAA	1
418	417	14	GCTCGTGACAGAAAGAAGGACAAG	1
419	418	14	CTCGTGACAGAAAGAAGGACAAGA	1
420	419	14	TCGTGACAGAAAGAAGGACAAGAA	1
421	420	14	CGTGACAGAAAGAAGGACAAGAAC	1
422	421	14	GTGACAGAAAGAAGGACAAGAACG	1
423	422	14	TGACAGAAAGAAGGACAAGAACGT	1
424	423	14	GACAGAAAGAAGGACAAGAACGTC	1
425	424	13	ACAGAAAGAAGGACAAGAACGTCG	1
426	425	11	CAGAAAGAAGGACAAGAACGTCGC	1
427	426	10	AGAAAGAAGGACAAGAACGTCGCT	1
428	427	12	GAAAGAAGGACAAGAACGTCGCTC	1
429	428	12	AAAGAAGGACAAGAACGTCGCTCA	1
430	429	10	AAGAAGGACAAGAACGTCGCTCAC	1
431	430	9	AGAAGGACAAGAACGTCGCTCACT	1
432	431	9	GAAGGACAAGAACGTCGCTCACTC	1
433	432	8	AAGGACAAGAACGTCGCTCACTCT	1
434	433	8	AGGACAAGAACGTCGCTCACTCTG	1
435	434	8	GGACAAGAACGTCGCTCACTCTGG	1
436	435	8	GACAAGAACGTCGCTCACTCTGGC	1
437	436	7	ACAAGAACGTCGCTCACTCTGGCA	1
438	437	10	CAAGAACGTCGCTCACTCTGGCAA	1
439	438	10	AAGAACGTCGCTCACTCTGGCAAT	1
440	439	10	AGAACGTCGCTCACTCTGGCAATG	1
441	440	10	GAACGTCGCTCACTCTGGCAATGT	1
442	441	10	AACGTCGCTCACTCTGGCAATGTC	1
443	442	10	ACGTCGCTCACTCTGGCAATGTCT	1
444	443	10	CGTCGCTCACTCTGGCAATGTCTC	1
445	444	11	GTCGCTCACTCTGGCAATGTCTCT	1
446	445	11	TCGCTCACTCTGGCAATGTCTCTC	1
447	446	11	CGCTCACTCTGGCAATGTCTCTCT	1
448	447	12	GCTCACTCTGGCAATGTCTCTCTT	1
449	448	12	CTCACTCTGGCAATGTCTCTCTTG	1
450	449	12	TCACTCTGGCAATGTCTCTCTTGA	1
451	450	12	CACTCTGGCAATGTCTCTCTTGAC	1
452	451	12	ACTCTGGCAATGTCTCTCTTGACG	1
453	452	12	CTCTGGCAATGTCTCTCTTGACGA	1
454	453	12	TCTGGCAATGTCTCTCTTGACGAA	1
455	454	12	CTGGCAATGTCTCTCTTGACGAAA	1
456	455	12	TGGCAATGTCTCTCTTGACGAAAT	1
457	456	13	GGCAATGTCTCTCTTGACGAAATC	1
458	457	13	GCAATGTCTCTCTTGACGAAATCA	1
459	458	14	CAATGTCTCTCTTGACGAAATCAT	1
460	459	14	AATGTCTCTCTTGACGAAATCATT	1
461	460	14	ATGTCTCTCTTGACGAAATCATTG	1
462	461	14	TGTCTCTCTTGACGAAATCATTGA	1
463	462	15	GTCTCTCTTGACGAAATCATTGAG	1
464	463	15	TCTCTCTTGACGAAATCATTGAGG	1
465	464	15	CTCTCTTGACGAAATCATTGAGGT	1
466	465	16	TCTCTTGACGAAATCATTGAGGTC	1
467	466	16	CTCTTGACGAAATCATTGAGGTCG	1
468	467	16	TCTTGACGAAATCATTGAGGTCGC	1
469	468	16	CTTGACGAAATCATTGAGGTCGCC	1
470	469	13	TTGACGAAATCATTGAGGTCGCCC	1
471	470	13	TGACGAAATCATTGAGGTCGCCCG	1
472	471	11	GACGAAATCATTGAGGTCGCCCGT	1
473	472	10	ACGAAATCATTGAGGTCGCCCGTA	1
474	473	10	CGAAATCATTGAGGTCGCCCGTAC	1
475	474	10	GAAATCATTGAGGTCGCCCGTACT	1
476	475	10	AAATCATTGAGGTCGCCCGTACTA	1
477	476	10	AATCATTGAGGTCGCCCGTACTAT	1
478	477	10	ATCATTGAGGTCGCCCGTACTATG	1
479	478	10	TCATTGAGGTCGCCCGTACTATGC	1
480	479	10	CATTGAGGTCGCCCGTACTATGCG	1
481	480	10	ATTGAGGTCGCCCGTACTATGCGC	1
482	481	7	TTGAGGTCGCCCGTACTATGCGCT	1
483	482	7	TGAGGTCGCCCGTACTATGCGCTT	1
484	483	7	GAGGTCGCCCGTACTATGCGCTTC	1
485	484	7	AGGTCGCCCGTACTATGCGCTTCA	1
486	485	7	GGTCGCCCGTACTATGCGCTTCAA	1
487	486	7	GTCGCCCGTACTATGCGCTTCAAG	1
488	487	7	TCGCCCGTACTATGCGCTTCAAGT	1
489	488	6	CGCCCGTACTATGCGCTTCAAGTC	1
490	489	6	GCCCGTACTATGCGCTTCAAGTCT	1
491	490	6	CCCGTACTATGCGCTTCAAGTCTC	1
492	491	5	CCGTACTATGCGCTTCAAGTCTCT	1
493	492	5	CGTACTATGCGCTTCAAGTCTCTT	1
494	493	5	GTACTATGCGCTTCAAGTCTCTTG	1
495	494	5	TACTATGCGCTTCAAGTCTCTTGC	1
496	495	5	ACTATGCGCTTCAAGTCTCTTGCT	1
497	496	5	CTATGCGCTTCAAGTCTCTTGCTA	1
498	497	5	TATGCGCTTCAAGTCTCTTGCTAA	1
499	498	5	ATGCGCTTCAAGTCTCTTGCTAAG	1
500	499	5	TGCGCTTCAAGTCTCTTGCTAAGG	1
501	500	4	GCGCTTCAAGTCTCTTGCTAAGGA	1
502	501	4	CGCTTCAAGTCTCTTGCTAAGGAG	1
503	502	3	GCTTCAAGTCTCTTGCTAAGGAGC	1
504	503	3	CTTCAAGTCTCTTGCTAAGGAGCT	1
505	504	3	TTCAAGTCTCTTGCTAAGGAGCTT	1
506	505	3	TCAAGTCTCTTGCTAAGGAGCTTT	1
507	506	2	CAAGTCTCTTGCTAAGGAGCTTTC	1
508	507	2	AAGTCTCTTGCTAAGGAGCTTTCT	1
509	508	2	AGTCTCTTGCTAAGGAGCTTTCTG	1
510	509	1	GTCTCTTGCTAAGGAGCTTTCTGG	1
511	510	1	TCTCTTGCTAAGGAGCTTTCTGGT	1
512	511	1	CTCTTGCTAAGGAGCTTTCTGGTA	1
513	512	1	TCTTGCTAAGGAGCTTTCTGGTAC	1
514	513	1	CTTGCTAAGGAGCTTTCTGGTACC	1
515	514	1	TTGCTAAGGAGCTTTCTGGTACCG	1
516	515	1	TGCTAAGGAGCTTTCTGGTACCGT	1
517	516	1	GCTAAGGAGCTTTCTGGTACCGTT	1
518	517	1	CTAAGGAGCTTTCTGGTACCGTTA	1
519	-1	0	TGCTTGGTAGTATACGGGTTTTGT	1
520	519	1	GCTTGGTAGTATACGGGTTTTGTA	1
521	520	1	CTTGGTAGTATACGGGTTTTGTAT	1
522	521	1	TTGGTAGTATACGGGTTTTGTATA	1
523	522	1	TGGTAGTATACGGGTTTTGTATAA	1
524	523	1	GGTAGTATACGGGTTTTGTATAAA	1
525	524	1	GTAGTATACGGGTTTTGTATAAAA	1
526	525	1	TAGTATACGGGTTTTGTATAAAAC	1
527	526	1	AGTATACGGGTTTTGTATAAAACA	1
528	527	1	GTATACGGGTTTTGTATAAAACAG	1
529	528	1	TATACGGGTTTTGTATAAAACAGC	1
530	529	1	ATACGGGTTTTGTATAAAACAGCA	1
531	530	1	TACGGGTTTTGTATAAAACAGCAA	1
532	531	1	ACGGGTTTTGTATAAAACAGCAAT	1
533	532	1	CGGGTTTTGTATAAAACAGCAATG	1
534	533	1	GGGTTTTGTATAAAACAGCAATGT	1
535	534	1	GGTTTTGTATAAAACAGCAATGTT	1
536	535	1	GTTTTGTATAAAACAGCAATGTTT	1
537	536	1	TTTTGTATAAAACAGCAATGTTTA	1
538	537	3	TTTGTATAAAACAGCAATGTTTAG	1
539	538	3	TTGTATAAAACAGCAATGTTTAGA	1
540	539	3	TGTATAAAACAGCAATGTTTAGAT	1
541	540	3	GTATAAAACAGCAATGTTTAGATC	1
542	541	3	TATAAAACAGCAATGTTTAGATCT	1
543	542	3	ATAAAACAGCAATGTTTAGATCTT	1
544	543	3	TAAAACAGCAATGTTTAGATCTTG	1
545	544	3	AAAACAGCAATGTTTAGATCTTGA	1
546	545	3	AAACAGCAATGTTTAGATCTTGAT	1
547	546	3	AACAGCAATGTTTAGATCTTGATG	1
548	547	3	ACAGCAATGTTTAGATCTTGATGT	1
549	548	3	CAGCAATGTTTAGATCTTGATGTT	1
550	549	3	AGCAATGTTTAGATCTTGATGTTT	1
551	550	3	GCAATGTTTAGATCTTGATGTTTT	1
552	551	3	CAATGTTTAGATCTTGATGTTTTT	1
553	552	3	AATGTTTAGATCTTGATGTTTTTG	1
554	553	3	ATGTTTAGATCTTGATGTTTTTGC	1
555	554	3	TGTTTAGATCTTGATGTTTTTGCT	1
556	555	3	GTTTAGATCTTGATGTTTTTGCTA	1
557	556	3	TTTAGATCTTGATGTTTTTGCTAT	1
558	557	3	TTAGATCTTGATGTTTTTGCTATC	1
559	558	3	TAGATCTTGATGTTTTTGCTATCT	1
560	559	3	AGATCTTGATGTTTTTGCTATCTT	1
561	560	3	GATCTTGATGTTTTTGCTATCTTT	1
562	561	3	ATCTTGATGTTTTTGCTATCTTTT	1
563	562	3	TCTTGATGTTTTTGCTATCTTTTT	1
564	563	2	CTTGATGTTTTTGCTATCTTTTTA	1
565	564	2	TTGATGTTTTTGCTATCTTTTTAT	1
566	565	2	TGATGTTTTTGCTATCTTTTTATA	1
567	566	2	GATGTTTTTGCTATCTTTTTATAG	1
568	567	2	ATGTTTTTGCTATCTTTTTATAGG	1
569	568	2	TGTTTTTGCTATCTTTTTATAGGG	1
570	569	2	GTTTTTGCTATCTTTTTATAGGGT	1
571	570	2	TTTTTGCTATCTTTTTATAGGGTT	1
572	571	2	TTTTGCTATCTTTTTATAGGGTTC	1
573	572	2	TTTGCTATCTTTTTATAGGGTTCA	1
574	573	2	TTGCTATCTTTTTATAGGGTTCAA	1
575	574	2	TGCTATCTTTTTATAGGGTTCAAA	1
576	575	2	GCTATCTTTTTATAGGGTTCAAAA	1
577	576	3	CTATCTTTTTATAGGGTTCAAAAA	1
578	577	3	TATCTTTTTATAGGGTTCAAAAAA	1
579	578	3	ATCTTTTTATAGGGTTCAAAAAAT	1
580	579	3	TCTTTTTATAGGGTTCAAAAAATA	1
581	580	3	CTTTTTATAGGGTTCAAAAAATAC	1
582	581	1	TTTTTATAGGGTTCAAAAAATACA	1
583	582	1	TTTTATAGGGTTCAAAAAATACAG	1
584	583	1	TTTATAGGGTTCAAAAAATACAGT	1
585	584	1	TTATAGGGTTCAAAAAATACAGTG	1
586	585	1	TATAGGGTTCAAAAAATACAGTGT	1
587	586	1	ATAGGGTTCAAAAAATACAGTGTT	1
588	587	1	TAGGGTTCAAAAAATACAGTGTTT	1
589	588	1	AGGGTTCAAAAAATACAGTGTTTA	1
590	589	1	GGGTTCAAAAAATACAGTGTTTAA	1
591	590	1	GGTTCAAAAAATACAGTGTTTAAT	1
592	591	1	GTTCAAAAAATACAGTGTTTAATA	1
593	592	1	TTCAAAAAATACAGTGTTTAATAT	1
594	593	1	TCAAAAAATACAGTGTTTAATATA	1
595	594	1	CAAAAAATACAGTGTTTAATATAG	1
596	595	1	AAAAAATACAGTGTTTAATATAGG	1
597	596	1	AAAAATACAGTGTTTAATATAGGT	1
598	597	1	AAAATACAGTGTTTAATATAGGTT	1
599	598	1	AAATACAGTGTTTAATATAGGTTT	1
600	599	1	AATACAGTGTTTAATATAGGTTTC	1
601	600	1	ATACAGTGTTTAATATAGGTTTCT	1
602	601	1	TACAGTGTTTAATATAGGTTTCTC	1
603	602	1	ACAGTGTTTAATATAGGTTTCTCT	1
604	603	1	CAGTGTTTAATATAGGTTTCTCTT	1
605	604	1	AGTGTTTAATATAGGTTTCTCTTG	1
606	605	1	GTGTTTAATATAGGTTTCTCTTGC	1
607	606	1	TGTTTAATATAGGTTTCTCTTGCA	1
608	607	1	GTTTAATATAGGTTTCTCTTGCAT	1
609	608	1	TTTAATATAGGTTTCTCTTGCATA	1
610	609	1	TTAATATAGGTTTCTCTTGCATAT	1
611	610	1	TAATATAGGTTTCTCTTGCATATC	1
612	611	1	AATATAGGTTTCTCTTGCATATCT	1
613	612	1	ATATAGGTTTCTCTTGCATATCTG	1
614	613	1	TATAGGTTTCTCTTGCATATCTGA	1
615	614	1	ATAGGTTTCTCTTGCATATCTGAC	1
616	615	1	TAGGTTTCTCTTGCATATCTGACA	1
617	616	1	AGGTTTCTCTTGCATATCTGACAT	1
618	617	1	GGTTTCTCTTGCATATCTGACATC	1
619	618	1	GTTTCTCTTGCATATCTGACATCC	1
620	619	1	TTTCTCTTGCATATCTGACATCCG	1
