Component 403
1	-1	0	TTCAAAGTTTGCTAAGAAGTACAC	1
2	1	1	TCAAAGTTTGCTAAGAAGTACACT	1
3	2	1	CAAAGTTTGCTAAGAAGTACACTG	1
4	3	1	AAAGTTTGCTAAGAAGTACACTGT	1
5	4	2	AAGTTTGCTAAGAAGTACACTGTT	1
6	5	2	AGTTTGCTAAGAAGTACACTGTTG	1
7	6	2	GTTTGCTAAGAAGTACACTGTTGA	1
8	7	2	TTTGCTAAGAAGTACACTGTTGAA	1
9	8	2	TTGCTAAGAAGTACACTGTTGAAA	1
10	9	2	TGCTAAGAAGTACACTGTTGAAAA	1
11	10	2	GCTAAGAAGTACACTGTTGAAAAC	1
12	11	2	CTAAGAAGTACACTGTTGAAAACT	1
13	12	2	TAAGAAGTACACTGTTGAAAACTC	1
14	13	2	AAGAAGTACACTGTTGAAAACTCT	1
15	14	2	AGAAGTACACTGTTGAAAACTCTC	1
16	15	2	GAAGTACACTGTTGAAAACTCTCA	1
17	16	2	AAGTACACTGTTGAAAACTCTCAA	1
18	17	2	AGTACACTGTTGAAAACTCTCAAC	1
19	18	2	GTACACTGTTGAAAACTCTCAACC	1
20	19	2	TACACTGTTGAAAACTCTCAACCT	1
21	20	2	ACACTGTTGAAAACTCTCAACCTC	1
22	21	2	CACTGTTGAAAACTCTCAACCTCT	1
23	22	2	ACTGTTGAAAACTCTCAACCTCTG	1
24	23	2	CTGTTGAAAACTCTCAACCTCTGC	1
25	24	2	TGTTGAAAACTCTCAACCTCTGCT	1
26	25	2	GTTGAAAACTCTCAACCTCTGCTT	1
27	26	2	TTGAAAACTCTCAACCTCTGCTTA	1
28	27	2	TGAAAACTCTCAACCTCTGCTTAT	1
29	28	3	GAAAACTCTCAACCTCTGCTTATG	1
30	29	3	AAAACTCTCAACCTCTGCTTATGG	1
31	30	3	AAACTCTCAACCTCTGCTTATGGA	1
32	31	3	AACTCTCAACCTCTGCTTATGGAA	1
33	32	4	ACTCTCAACCTCTGCTTATGGAAT	1
34	33	4	CTCTCAACCTCTGCTTATGGAATT	1
35	34	4	TCTCAACCTCTGCTTATGGAATTT	1
36	35	4	CTCAACCTCTGCTTATGGAATTTG	1
37	36	4	TCAACCTCTGCTTATGGAATTTGT	1
38	37	4	CAACCTCTGCTTATGGAATTTGTG	1
39	38	4	AACCTCTGCTTATGGAATTTGTGA	1
40	39	4	ACCTCTGCTTATGGAATTTGTGAC	1
41	40	4	CCTCTGCTTATGGAATTTGTGACT	1
42	41	4	CTCTGCTTATGGAATTTGTGACTT	1
43	42	4	TCTGCTTATGGAATTTGTGACTTA	1
44	43	4	CTGCTTATGGAATTTGTGACTTAT	1
45	44	4	TGCTTATGGAATTTGTGACTTATC	1
46	45	3	GCTTATGGAATTTGTGACTTATCG	1
47	46	3	CTTATGGAATTTGTGACTTATCGT	1
48	47	3	TTATGGAATTTGTGACTTATCGTT	1
49	48	2	TATGGAATTTGTGACTTATCGTTA	1
50	49	2	ATGGAATTTGTGACTTATCGTTAT	1
51	50	2	TGGAATTTGTGACTTATCGTTATG	1
52	51	2	GGAATTTGTGACTTATCGTTATGG	1
53	52	2	GAATTTGTGACTTATCGTTATGGT	1
54	53	2	AATTTGTGACTTATCGTTATGGTG	1
55	54	2	ATTTGTGACTTATCGTTATGGTGG	1
56	55	2	TTTGTGACTTATCGTTATGGTGGT	1
57	56	2	TTGTGACTTATCGTTATGGTGGTC	1
58	57	2	TGTGACTTATCGTTATGGTGGTCA	1
59	58	2	GTGACTTATCGTTATGGTGGTCAC	1
60	59	2	TGACTTATCGTTATGGTGGTCACT	1
61	60	2	GACTTATCGTTATGGTGGTCACTC	1
62	61	2	ACTTATCGTTATGGTGGTCACTCC	1
63	62	2	CTTATCGTTATGGTGGTCACTCCA	1
64	63	2	TTATCGTTATGGTGGTCACTCCAT	1
65	64	2	TATCGTTATGGTGGTCACTCCATG	1
66	65	2	ATCGTTATGGTGGTCACTCCATGT	1
67	66	2	TCGTTATGGTGGTCACTCCATGTC	1
68	67	2	CGTTATGGTGGTCACTCCATGTCC	1
69	68	3	GTTATGGTGGTCACTCCATGTCCG	1
70	69	3	TTATGGTGGTCACTCCATGTCCGA	1
71	70	3	TATGGTGGTCACTCCATGTCCGAT	1
72	71	3	ATGGTGGTCACTCCATGTCCGATC	1
73	72	2	TGGTGGTCACTCCATGTCCGATCC	1
74	73	2	GGTGGTCACTCCATGTCCGATCCC	1
75	74	2	GTGGTCACTCCATGTCCGATCCCG	1
76	75	1	TGGTCACTCCATGTCCGATCCCGG	1
77	76	1	GGTCACTCCATGTCCGATCCCGGT	1
78	77	1	GTCACTCCATGTCCGATCCCGGTA	1
79	78	1	TCACTCCATGTCCGATCCCGGTAC	1
80	79	1	CACTCCATGTCCGATCCCGGTACT	1
81	80	1	ACTCCATGTCCGATCCCGGTACTA	1
82	81	1	CTCCATGTCCGATCCCGGTACTAC	1
83	82	1	TCCATGTCCGATCCCGGTACTACT	1
84	83	1	CCATGTCCGATCCCGGTACTACTT	1
85	84	1	CATGTCCGATCCCGGTACTACTTA	1
86	85	1	ATGTCCGATCCCGGTACTACTTAT	1
87	86	1	TGTCCGATCCCGGTACTACTTATC	1
88	87	1	GTCCGATCCCGGTACTACTTATCG	1
89	88	1	TCCGATCCCGGTACTACTTATCGT	1
90	89	1	CCGATCCCGGTACTACTTATCGTA	1
91	90	1	CGATCCCGGTACTACTTATCGTAG	1
92	91	1	GATCCCGGTACTACTTATCGTAGC	1
93	92	1	ATCCCGGTACTACTTATCGTAGCC	1
94	93	1	TCCCGGTACTACTTATCGTAGCCG	1
95	94	1	CCCGGTACTACTTATCGTAGCCGT	1
96	95	1	CCGGTACTACTTATCGTAGCCGTG	1
97	96	1	CGGTACTACTTATCGTAGCCGTGA	1
98	97	1	GGTACTACTTATCGTAGCCGTGAA	1
99	98	1	GTACTACTTATCGTAGCCGTGAAG	1
100	99	1	TACTACTTATCGTAGCCGTGAAGA	1
101	100	1	ACTACTTATCGTAGCCGTGAAGAA	1
102	101	1	CTACTTATCGTAGCCGTGAAGAAG	1
103	102	1	TACTTATCGTAGCCGTGAAGAAGT	1
104	103	1	ACTTATCGTAGCCGTGAAGAAGTG	1
105	104	1	CTTATCGTAGCCGTGAAGAAGTGC	1
106	105	1	TTATCGTAGCCGTGAAGAAGTGCA	1
107	106	1	TATCGTAGCCGTGAAGAAGTGCAA	1
108	107	1	ATCGTAGCCGTGAAGAAGTGCAAA	1
109	108	1	TCGTAGCCGTGAAGAAGTGCAAAA	1
110	109	1	CGTAGCCGTGAAGAAGTGCAAAAA	1
111	110	1	GTAGCCGTGAAGAAGTGCAAAAAG	1
112	111	1	TAGCCGTGAAGAAGTGCAAAAAGT	1
113	-1	0	TATCGCTGAAGAAAGCCCTTTCCC	1
114	113	1	ATCGCTGAAGAAAGCCCTTTCCCC	1
115	114	1	TCGCTGAAGAAAGCCCTTTCCCCG	1
116	115	1	CGCTGAAGAAAGCCCTTTCCCCGA	1
117	116	1	GCTGAAGAAAGCCCTTTCCCCGAT	1
118	117	1	CTGAAGAAAGCCCTTTCCCCGATC	1
119	118	1	TGAAGAAAGCCCTTTCCCCGATCC	1
120	119	1	GAAGAAAGCCCTTTCCCCGATCCT	1
121	120	1	AAGAAAGCCCTTTCCCCGATCCTA	1
122	121	1	AGAAAGCCCTTTCCCCGATCCTAT	1
123	122	1	GAAAGCCCTTTCCCCGATCCTATT	1
124	123	1	AAAGCCCTTTCCCCGATCCTATTG	1
125	124	1	AAGCCCTTTCCCCGATCCTATTGA	1
126	125	1	AGCCCTTTCCCCGATCCTATTGAG	1
127	126	1	GCCCTTTCCCCGATCCTATTGAGG	1
128	127	1	CCCTTTCCCCGATCCTATTGAGGA	1
129	128	1	CCTTTCCCCGATCCTATTGAGGAG	1
130	129	1	CTTTCCCCGATCCTATTGAGGAGA	1
131	130	2	TTTCCCCGATCCTATTGAGGAGAG	1
132	131	2	TTCCCCGATCCTATTGAGGAGAGT	1
133	132	2	TCCCCGATCCTATTGAGGAGAGTT	1
134	133	2	CCCCGATCCTATTGAGGAGAGTTT	1
135	134	2	CCCGATCCTATTGAGGAGAGTTTG	1
136	135	2	CCGATCCTATTGAGGAGAGTTTGT	1
137	136	2	CGATCCTATTGAGGAGAGTTTGTT	1
138	137	2	GATCCTATTGAGGAGAGTTTGTTT	1
139	138	2	ATCCTATTGAGGAGAGTTTGTTTT	1
140	139	2	TCCTATTGAGGAGAGTTTGTTTTC	1
141	140	2	CCTATTGAGGAGAGTTTGTTTTCA	1
142	141	2	CTATTGAGGAGAGTTTGTTTTCAG	1
143	142	2	TATTGAGGAGAGTTTGTTTTCAGA	1
144	143	3	ATTGAGGAGAGTTTGTTTTCAGAT	1
145	144	3	TTGAGGAGAGTTTGTTTTCAGATG	1
146	145	3	TGAGGAGAGTTTGTTTTCAGATGT	1
147	146	3	GAGGAGAGTTTGTTTTCAGATGTT	1
148	147	3	AGGAGAGTTTGTTTTCAGATGTTT	1
149	148	3	GGAGAGTTTGTTTTCAGATGTTTA	1
150	149	3	GAGAGTTTGTTTTCAGATGTTTAC	1
151	150	3	AGAGTTTGTTTTCAGATGTTTACG	1
152	151	3	GAGTTTGTTTTCAGATGTTTACGT	1
153	152	3	AGTTTGTTTTCAGATGTTTACGTT	1
154	153	3	GTTTGTTTTCAGATGTTTACGTTG	1
155	154	3	TTTGTTTTCAGATGTTTACGTTGC	1
156	155	3	TTGTTTTCAGATGTTTACGTTGCA	1
157	156	3	TGTTTTCAGATGTTTACGTTGCAG	1
158	157	2	GTTTTCAGATGTTTACGTTGCAGG	1
159	158	2	TTTTCAGATGTTTACGTTGCAGGA	1
160	159	2	TTTCAGATGTTTACGTTGCAGGAA	1
161	160	2	TTCAGATGTTTACGTTGCAGGAAC	1
162	161	2	TCAGATGTTTACGTTGCAGGAACT	1
163	162	2	CAGATGTTTACGTTGCAGGAACTG	1
164	163	2	AGATGTTTACGTTGCAGGAACTGA	1
165	164	2	GATGTTTACGTTGCAGGAACTGAA	1
166	165	2	ATGTTTACGTTGCAGGAACTGAAC	1
167	166	2	TGTTTACGTTGCAGGAACTGAACC	1
168	167	2	GTTTACGTTGCAGGAACTGAACCC	1
169	168	2	TTTACGTTGCAGGAACTGAACCCG	1
170	169	2	TTACGTTGCAGGAACTGAACCCGC	1
171	170	2	TACGTTGCAGGAACTGAACCCGCT	1
172	171	2	ACGTTGCAGGAACTGAACCCGCTT	1
173	172	2	CGTTGCAGGAACTGAACCCGCTTA	1
174	173	2	GTTGCAGGAACTGAACCCGCTTAC	1
175	174	1	TTGCAGGAACTGAACCCGCTTACG	1
176	175	1	TGCAGGAACTGAACCCGCTTACGC	1
177	176	1	GCAGGAACTGAACCCGCTTACGCC	1
178	177	1	CAGGAACTGAACCCGCTTACGCCC	1
179	178	1	AGGAACTGAACCCGCTTACGCCCG	1
180	179	1	GGAACTGAACCCGCTTACGCCCGT	1
181	180	1	GAACTGAACCCGCTTACGCCCGTG	1
182	181	1	AACTGAACCCGCTTACGCCCGTGG	1
183	182	1	ACTGAACCCGCTTACGCCCGTGGT	1
184	183	1	CTGAACCCGCTTACGCCCGTGGTA	1
185	184	1	TGAACCCGCTTACGCCCGTGGTAG	1
186	185	1	GAACCCGCTTACGCCCGTGGTAGA	1
187	186	1	AACCCGCTTACGCCCGTGGTAGAA	1
188	-1	0	CAACAAATACGGTATGGGTACTAG	1
189	188	1	AACAAATACGGTATGGGTACTAGT	1
190	189	1	ACAAATACGGTATGGGTACTAGTG	1
191	190	1	CAAATACGGTATGGGTACTAGTGC	1
192	191	1	AAATACGGTATGGGTACTAGTGCT	1
193	192	1	AATACGGTATGGGTACTAGTGCTG	1
194	193	1	ATACGGTATGGGTACTAGTGCTGA	1
195	194	1	TACGGTATGGGTACTAGTGCTGAA	1
196	195	1	ACGGTATGGGTACTAGTGCTGAAC	1
197	196	1	CGGTATGGGTACTAGTGCTGAACG	1
198	197	1	GGTATGGGTACTAGTGCTGAACGC	1
199	198	1	GTATGGGTACTAGTGCTGAACGCT	1
200	199	1	TATGGGTACTAGTGCTGAACGCTC	1
201	200	1	ATGGGTACTAGTGCTGAACGCTCT	1
202	201	1	TGGGTACTAGTGCTGAACGCTCTT	1
203	202	1	GGGTACTAGTGCTGAACGCTCTTC	1
204	203	1	GGTACTAGTGCTGAACGCTCTTCT	1
205	204	1	GTACTAGTGCTGAACGCTCTTCTG	1
206	205	1	TACTAGTGCTGAACGCTCTTCTGC	1
207	206	1	ACTAGTGCTGAACGCTCTTCTGCC	1
208	207	1	CTAGTGCTGAACGCTCTTCTGCCA	1
209	208	1	TAGTGCTGAACGCTCTTCTGCCAT	1
210	209	1	AGTGCTGAACGCTCTTCTGCCATG	1
211	210	1	GTGCTGAACGCTCTTCTGCCATGA	1
212	211	1	TGCTGAACGCTCTTCTGCCATGAC	1
213	212	1	GCTGAACGCTCTTCTGCCATGACT	1
214	213	2	CTGAACGCTCTTCTGCCATGACTG	1
215	214	2	TGAACGCTCTTCTGCCATGACTGA	1
216	215	2	GAACGCTCTTCTGCCATGACTGAG	1
217	216	3	AACGCTCTTCTGCCATGACTGAGT	1
218	217	3	ACGCTCTTCTGCCATGACTGAGTT	1
219	218	3	CGCTCTTCTGCCATGACTGAGTTC	1
220	219	3	GCTCTTCTGCCATGACTGAGTTCT	1
221	220	3	CTCTTCTGCCATGACTGAGTTCTA	1
222	221	3	TCTTCTGCCATGACTGAGTTCTAC	1
223	222	3	CTTCTGCCATGACTGAGTTCTACA	1
224	223	3	TTCTGCCATGACTGAGTTCTACAA	1
225	224	3	TCTGCCATGACTGAGTTCTACAAA	1
226	225	3	CTGCCATGACTGAGTTCTACAAAC	1
227	226	3	TGCCATGACTGAGTTCTACAAACG	1
228	227	3	GCCATGACTGAGTTCTACAAACGT	1
229	228	3	CCATGACTGAGTTCTACAAACGTG	1
230	229	3	CATGACTGAGTTCTACAAACGTGG	1
231	230	3	ATGACTGAGTTCTACAAACGTGGA	1
232	231	3	TGACTGAGTTCTACAAACGTGGAC	1
233	232	2	GACTGAGTTCTACAAACGTGGACA	1
234	233	2	ACTGAGTTCTACAAACGTGGACAG	1
235	234	2	CTGAGTTCTACAAACGTGGACAGT	1
236	235	2	TGAGTTCTACAAACGTGGACAGTA	1
237	236	2	GAGTTCTACAAACGTGGACAGTAC	1
238	237	2	AGTTCTACAAACGTGGACAGTACA	1
239	238	2	GTTCTACAAACGTGGACAGTACAT	1
240	239	2	TTCTACAAACGTGGACAGTACATT	1
241	240	2	TCTACAAACGTGGACAGTACATTC	1
242	241	2	CTACAAACGTGGACAGTACATTCC	1
243	242	2	TACAAACGTGGACAGTACATTCCC	1
244	243	2	ACAAACGTGGACAGTACATTCCCG	1
245	244	2	CAAACGTGGACAGTACATTCCCGG	1
246	245	2	AAACGTGGACAGTACATTCCCGGT	1
247	246	2	AACGTGGACAGTACATTCCCGGTC	1
248	247	2	ACGTGGACAGTACATTCCCGGTCT	1
249	248	2	CGTGGACAGTACATTCCCGGTCTT	1
250	249	2	GTGGACAGTACATTCCCGGTCTTT	1
251	250	2	TGGACAGTACATTCCCGGTCTTTT	1
252	251	2	GGACAGTACATTCCCGGTCTTTTG	1
253	252	2	GACAGTACATTCCCGGTCTTTTGG	1
254	253	2	ACAGTACATTCCCGGTCTTTTGGT	1
255	254	2	CAGTACATTCCCGGTCTTTTGGTT	1
256	255	2	AGTACATTCCCGGTCTTTTGGTTA	1
257	256	2	GTACATTCCCGGTCTTTTGGTTAA	1
258	257	1	TACATTCCCGGTCTTTTGGTTAAC	1
259	258	1	ACATTCCCGGTCTTTTGGTTAACG	1
260	259	1	CATTCCCGGTCTTTTGGTTAACGG	1
