Component 404
1	-1	0	CAATGACGAAGAGGAGCAATAAAT	1
2	1	1	AATGACGAAGAGGAGCAATAAATT	1
3	2	1	ATGACGAAGAGGAGCAATAAATTA	1
4	3	1	TGACGAAGAGGAGCAATAAATTAG	1
5	4	1	GACGAAGAGGAGCAATAAATTAGC	1
6	5	1	ACGAAGAGGAGCAATAAATTAGCG	1
7	6	1	CGAAGAGGAGCAATAAATTAGCGG	1
8	7	1	GAAGAGGAGCAATAAATTAGCGGC	1
9	8	1	AAGAGGAGCAATAAATTAGCGGCT	1
10	9	1	AGAGGAGCAATAAATTAGCGGCTA	1
11	10	1	GAGGAGCAATAAATTAGCGGCTAG	1
12	11	1	AGGAGCAATAAATTAGCGGCTAGA	1
13	12	1	GGAGCAATAAATTAGCGGCTAGAA	1
14	13	1	GAGCAATAAATTAGCGGCTAGAAA	1
15	14	1	AGCAATAAATTAGCGGCTAGAAAT	1
16	15	3	GCAATAAATTAGCGGCTAGAAATA	1
17	16	4	CAATAAATTAGCGGCTAGAAATAG	1
18	17	4	AATAAATTAGCGGCTAGAAATAGC	1
19	18	4	ATAAATTAGCGGCTAGAAATAGCT	1
20	19	4	TAAATTAGCGGCTAGAAATAGCTG	1
21	20	4	AAATTAGCGGCTAGAAATAGCTGT	1
22	21	4	AATTAGCGGCTAGAAATAGCTGTG	1
23	22	4	ATTAGCGGCTAGAAATAGCTGTGT	1
24	23	4	TTAGCGGCTAGAAATAGCTGTGTT	1
25	24	4	TAGCGGCTAGAAATAGCTGTGTTT	1
26	25	4	AGCGGCTAGAAATAGCTGTGTTTT	1
27	26	4	GCGGCTAGAAATAGCTGTGTTTTT	1
28	27	4	CGGCTAGAAATAGCTGTGTTTTTC	1
29	28	4	GGCTAGAAATAGCTGTGTTTTTCA	1
30	29	4	GCTAGAAATAGCTGTGTTTTTCAG	1
31	30	4	CTAGAAATAGCTGTGTTTTTCAGA	1
32	31	4	TAGAAATAGCTGTGTTTTTCAGAA	1
33	32	4	AGAAATAGCTGTGTTTTTCAGAAT	1
34	33	4	GAAATAGCTGTGTTTTTCAGAATT	1
35	34	4	AAATAGCTGTGTTTTTCAGAATTA	1
36	35	4	AATAGCTGTGTTTTTCAGAATTAA	1
37	36	4	ATAGCTGTGTTTTTCAGAATTAAA	1
38	37	4	TAGCTGTGTTTTTCAGAATTAAAA	1
39	38	4	AGCTGTGTTTTTCAGAATTAAAAA	1
40	39	4	GCTGTGTTTTTCAGAATTAAAAAA	1
41	40	4	CTGTGTTTTTCAGAATTAAAAAAT	1
42	41	3	TGTGTTTTTCAGAATTAAAAAATG	1
43	42	3	GTGTTTTTCAGAATTAAAAAATGG	1
44	43	3	TGTTTTTCAGAATTAAAAAATGGA	1
45	44	3	GTTTTTCAGAATTAAAAAATGGAA	1
46	45	2	TTTTTCAGAATTAAAAAATGGAAA	1
47	46	2	TTTTCAGAATTAAAAAATGGAAAA	1
48	47	2	TTTCAGAATTAAAAAATGGAAAAT	1
49	48	2	TTCAGAATTAAAAAATGGAAAATT	1
50	49	2	TCAGAATTAAAAAATGGAAAATTT	1
51	50	2	CAGAATTAAAAAATGGAAAATTTA	1
52	51	2	AGAATTAAAAAATGGAAAATTTAA	1
53	52	2	GAATTAAAAAATGGAAAATTTAAA	1
54	53	2	AATTAAAAAATGGAAAATTTAAAT	1
55	54	2	ATTAAAAAATGGAAAATTTAAATC	1
56	55	2	TTAAAAAATGGAAAATTTAAATCT	1
57	56	2	TAAAAAATGGAAAATTTAAATCTT	1
58	57	2	AAAAAATGGAAAATTTAAATCTTG	1
59	58	2	AAAAATGGAAAATTTAAATCTTGG	1
60	140	24	AGAGAGACAAAAGTCATCATGGTT	1
61	60	8	GAGAGACAAAAGTCATCATGGTTG	1
62	61	9	AGAGACAAAAGTCATCATGGTTGT	1
63	62	9	GAGACAAAAGTCATCATGGTTGTA	1
64	63	9	AGACAAAAGTCATCATGGTTGTAA	1
65	64	9	GACAAAAGTCATCATGGTTGTAAG	1
66	65	9	ACAAAAGTCATCATGGTTGTAAGT	1
67	66	9	CAAAAGTCATCATGGTTGTAAGTT	1
68	67	9	AAAAGTCATCATGGTTGTAAGTTC	1
69	68	9	AAAGTCATCATGGTTGTAAGTTCG	1
70	69	9	AAGTCATCATGGTTGTAAGTTCGC	1
71	70	9	AGTCATCATGGTTGTAAGTTCGCT	1
72	71	9	GTCATCATGGTTGTAAGTTCGCTT	1
73	72	9	TCATCATGGTTGTAAGTTCGCTTT	1
74	73	9	CATCATGGTTGTAAGTTCGCTTTG	1
75	74	9	ATCATGGTTGTAAGTTCGCTTTGC	1
76	75	9	TCATGGTTGTAAGTTCGCTTTGCT	1
77	76	9	CATGGTTGTAAGTTCGCTTTGCTG	1
78	77	10	ATGGTTGTAAGTTCGCTTTGCTGG	1
79	78	10	TGGTTGTAAGTTCGCTTTGCTGGA	1
80	79	10	GGTTGTAAGTTCGCTTTGCTGGAA	1
81	80	10	GTTGTAAGTTCGCTTTGCTGGAAG	1
82	81	10	TTGTAAGTTCGCTTTGCTGGAAGA	1
83	82	10	TGTAAGTTCGCTTTGCTGGAAGAT	1
84	83	10	GTAAGTTCGCTTTGCTGGAAGATG	1
85	84	10	TAAGTTCGCTTTGCTGGAAGATGC	1
86	85	10	AAGTTCGCTTTGCTGGAAGATGCC	1
87	86	10	AGTTCGCTTTGCTGGAAGATGCCA	1
88	87	10	GTTCGCTTTGCTGGAAGATGCCAG	1
89	88	10	TTCGCTTTGCTGGAAGATGCCAGT	1
90	89	10	TCGCTTTGCTGGAAGATGCCAGTA	1
91	90	10	CGCTTTGCTGGAAGATGCCAGTAG	1
92	91	10	GCTTTGCTGGAAGATGCCAGTAGG	1
93	92	10	CTTTGCTGGAAGATGCCAGTAGGC	1
94	93	10	TTTGCTGGAAGATGCCAGTAGGCT	1
95	94	10	TTGCTGGAAGATGCCAGTAGGCTA	1
96	95	8	TGCTGGAAGATGCCAGTAGGCTAA	1
97	96	8	GCTGGAAGATGCCAGTAGGCTAAC	1
98	97	8	CTGGAAGATGCCAGTAGGCTAACT	1
99	98	8	TGGAAGATGCCAGTAGGCTAACTG	1
100	99	6	GGAAGATGCCAGTAGGCTAACTGT	1
101	100	5	GAAGATGCCAGTAGGCTAACTGTC	1
102	101	2	AAGATGCCAGTAGGCTAACTGTCA	1
103	102	2	AGATGCCAGTAGGCTAACTGTCAA	1
104	103	2	GATGCCAGTAGGCTAACTGTCAAC	1
105	104	2	ATGCCAGTAGGCTAACTGTCAACA	1
106	105	1	TGCCAGTAGGCTAACTGTCAACAG	1
107	106	1	GCCAGTAGGCTAACTGTCAACAGA	1
108	107	1	CCAGTAGGCTAACTGTCAACAGAA	1
109	108	2	CAGTAGGCTAACTGTCAACAGAAA	1
110	109	3	AGTAGGCTAACTGTCAACAGAAAA	1
111	110	3	GTAGGCTAACTGTCAACAGAAAAA	1
112	111	3	TAGGCTAACTGTCAACAGAAAAAG	1
113	112	3	AGGCTAACTGTCAACAGAAAAAGA	1
114	113	3	GGCTAACTGTCAACAGAAAAAGAA	1
115	114	3	GCTAACTGTCAACAGAAAAAGAAC	1
116	115	4	CTAACTGTCAACAGAAAAAGAACA	1
117	116	4	TAACTGTCAACAGAAAAAGAACAC	1
118	117	4	AACTGTCAACAGAAAAAGAACACT	1
119	118	4	ACTGTCAACAGAAAAAGAACACTA	1
120	119	4	CTGTCAACAGAAAAAGAACACTAA	1
121	120	4	TGTCAACAGAAAAAGAACACTAAG	1
122	121	4	GTCAACAGAAAAAGAACACTAAGG	1
123	122	4	TCAACAGAAAAAGAACACTAAGGT	1
124	123	4	CAACAGAAAAAGAACACTAAGGTT	1
125	124	4	AACAGAAAAAGAACACTAAGGTTA	1
126	125	4	ACAGAAAAAGAACACTAAGGTTAG	1
127	126	4	CAGAAAAAGAACACTAAGGTTAGC	1
128	127	4	AGAAAAAGAACACTAAGGTTAGCA	1
129	128	4	GAAAAAGAACACTAAGGTTAGCAA	1
130	129	4	AAAAAGAACACTAAGGTTAGCAAC	1
130	163	22	AAAAAGAACACTAAGGTTAGCAAC	1
131	-1	0	ACATACTCGTAGAGAGACAAAAGT	1
132	131	1	CATACTCGTAGAGAGACAAAAGTC	1
133	132	4	ATACTCGTAGAGAGACAAAAGTCA	1
134	133	4	TACTCGTAGAGAGACAAAAGTCAT	1
135	134	4	ACTCGTAGAGAGACAAAAGTCATC	1
136	135	4	CTCGTAGAGAGACAAAAGTCATCA	1
137	136	11	TCGTAGAGAGACAAAAGTCATCAT	1
138	137	12	CGTAGAGAGACAAAAGTCATCATG	1
139	138	23	GTAGAGAGACAAAAGTCATCATGG	1
140	139	23	TAGAGAGACAAAAGTCATCATGGT	1
141	60	17	GAGAGACAAAAGTCATCATGGTTA	1
142	141	18	AGAGACAAAAGTCATCATGGTTAA	1
143	142	18	GAGACAAAAGTCATCATGGTTAAA	1
144	143	18	AGACAAAAGTCATCATGGTTAAAA	1
145	144	18	GACAAAAGTCATCATGGTTAAAAA	1
146	145	20	ACAAAAGTCATCATGGTTAAAAAG	1
147	146	20	CAAAAGTCATCATGGTTAAAAAGA	1
148	147	20	AAAAGTCATCATGGTTAAAAAGAA	1
149	148	20	AAAGTCATCATGGTTAAAAAGAAC	1
150	149	20	AAGTCATCATGGTTAAAAAGAACA	1
151	150	20	AGTCATCATGGTTAAAAAGAACAC	1
152	151	20	GTCATCATGGTTAAAAAGAACACT	1
153	152	20	TCATCATGGTTAAAAAGAACACTA	1
154	153	20	CATCATGGTTAAAAAGAACACTAA	1
155	154	20	ATCATGGTTAAAAAGAACACTAAG	1
156	155	20	TCATGGTTAAAAAGAACACTAAGG	1
157	156	20	CATGGTTAAAAAGAACACTAAGGT	1
158	157	20	ATGGTTAAAAAGAACACTAAGGTT	1
159	158	20	TGGTTAAAAAGAACACTAAGGTTA	1
160	159	20	GGTTAAAAAGAACACTAAGGTTAG	1
161	160	20	GTTAAAAAGAACACTAAGGTTAGC	1
162	161	21	TTAAAAAGAACACTAAGGTTAGCA	1
163	162	22	TAAAAAGAACACTAAGGTTAGCAA	1
164	130	26	AAAAGAACACTAAGGTTAGCAACA	1
165	164	26	AAAGAACACTAAGGTTAGCAACAA	1
166	165	26	AAGAACACTAAGGTTAGCAACAAA	1
167	166	26	AGAACACTAAGGTTAGCAACAAAT	1
168	167	26	GAACACTAAGGTTAGCAACAAATA	1
169	168	26	AACACTAAGGTTAGCAACAAATAC	1
170	169	26	ACACTAAGGTTAGCAACAAATACA	1
171	170	26	CACTAAGGTTAGCAACAAATACAT	1
172	171	26	ACTAAGGTTAGCAACAAATACATT	1
173	172	26	CTAAGGTTAGCAACAAATACATTA	1
174	173	25	TAAGGTTAGCAACAAATACATTAT	1
175	174	24	AAGGTTAGCAACAAATACATTATT	1
176	175	24	AGGTTAGCAACAAATACATTATTG	1
177	176	24	GGTTAGCAACAAATACATTATTGA	1
178	177	23	GTTAGCAACAAATACATTATTGAC	1
179	178	19	TTAGCAACAAATACATTATTGACG	1
180	179	19	TAGCAACAAATACATTATTGACGC	1
181	180	10	AGCAACAAATACATTATTGACGCT	1
182	181	10	GCAACAAATACATTATTGACGCTA	1
183	182	9	CAACAAATACATTATTGACGCTAC	1
184	183	8	AACAAATACATTATTGACGCTACT	1
185	184	7	ACAAATACATTATTGACGCTACTG	1
186	185	6	CAAATACATTATTGACGCTACTGC	1
187	186	6	AAATACATTATTGACGCTACTGCC	1
188	187	6	AATACATTATTGACGCTACTGCCG	1
189	188	4	ATACATTATTGACGCTACTGCCGC	1
190	189	4	TACATTATTGACGCTACTGCCGCT	1
191	190	4	ACATTATTGACGCTACTGCCGCTG	1
192	191	4	CATTATTGACGCTACTGCCGCTGT	1
193	192	3	ATTATTGACGCTACTGCCGCTGTC	1
194	193	3	TTATTGACGCTACTGCCGCTGTCA	1
195	194	3	TATTGACGCTACTGCCGCTGTCAA	1
196	195	3	ATTGACGCTACTGCCGCTGTCAAC	1
197	196	3	TTGACGCTACTGCCGCTGTCAACG	1
198	197	3	TGACGCTACTGCCGCTGTCAACGA	1
199	198	2	GACGCTACTGCCGCTGTCAACGAC	1
200	199	2	ACGCTACTGCCGCTGTCAACGACA	1
201	200	2	CGCTACTGCCGCTGTCAACGACAA	1
202	201	2	GCTACTGCCGCTGTCAACGACAAA	1
203	202	2	CTACTGCCGCTGTCAACGACAAAA	1
204	203	2	TACTGCCGCTGTCAACGACAAAAT	1
205	204	1	ACTGCCGCTGTCAACGACAAAATT	1
206	205	1	CTGCCGCTGTCAACGACAAAATTT	1
207	206	1	TGCCGCTGTCAACGACAAAATTTT	1
208	207	1	GCCGCTGTCAACGACAAAATTTTC	1
209	208	3	CCGCTGTCAACGACAAAATTTTCG	1
210	209	4	CGCTGTCAACGACAAAATTTTCGA	1
211	210	4	GCTGTCAACGACAAAATTTTCGAT	1
212	211	4	CTGTCAACGACAAAATTTTCGATG	1
213	212	4	TGTCAACGACAAAATTTTCGATGT	1
214	213	4	GTCAACGACAAAATTTTCGATGTC	1
215	214	4	TCAACGACAAAATTTTCGATGTCG	1
216	215	4	CAACGACAAAATTTTCGATGTCGC	1
217	216	4	AACGACAAAATTTTCGATGTCGCT	1
218	217	4	ACGACAAAATTTTCGATGTCGCTG	1
219	218	4	CGACAAAATTTTCGATGTCGCTGC	1
220	219	4	GACAAAATTTTCGATGTCGCTGCC	1
221	220	4	ACAAAATTTTCGATGTCGCTGCCT	1
222	221	4	CAAAATTTTCGATGTCGCTGCCTT	1
223	222	4	AAAATTTTCGATGTCGCTGCCTTT	1
224	223	4	AAATTTTCGATGTCGCTGCCTTTG	1
225	224	4	AATTTTCGATGTCGCTGCCTTTGA	1
226	225	4	ATTTTCGATGTCGCTGCCTTTGAG	1
227	226	5	TTTTCGATGTCGCTGCCTTTGAGA	1
228	227	5	TTTCGATGTCGCTGCCTTTGAGAA	1
229	228	5	TTCGATGTCGCTGCCTTTGAGAAG	1
230	229	5	TCGATGTCGCTGCCTTTGAGAAGT	1
231	230	4	CGATGTCGCTGCCTTTGAGAAGTA	1
232	231	4	GATGTCGCTGCCTTTGAGAAGTAC	1
233	232	5	ATGTCGCTGCCTTTGAGAAGTACT	1
234	233	5	TGTCGCTGCCTTTGAGAAGTACTT	1
235	234	5	GTCGCTGCCTTTGAGAAGTACTTG	1
236	235	5	TCGCTGCCTTTGAGAAGTACTTGA	1
237	236	5	CGCTGCCTTTGAGAAGTACTTGAT	1
238	237	5	GCTGCCTTTGAGAAGTACTTGATT	1
239	238	5	CTGCCTTTGAGAAGTACTTGATTG	1
240	239	6	TGCCTTTGAGAAGTACTTGATTGA	1
241	240	6	GCCTTTGAGAAGTACTTGATTGAC	1
242	241	6	CCTTTGAGAAGTACTTGATTGACC	1
243	242	6	CTTTGAGAAGTACTTGATTGACCG	1
244	243	6	TTTGAGAAGTACTTGATTGACCGT	1
245	244	6	TTGAGAAGTACTTGATTGACCGTA	1
246	245	9	TGAGAAGTACTTGATTGACCGTAT	1
247	246	9	GAGAAGTACTTGATTGACCGTATC	1
248	247	9	AGAAGTACTTGATTGACCGTATCA	1
249	248	9	GAAGTACTTGATTGACCGTATCAA	1
250	249	9	AAGTACTTGATTGACCGTATCAAG	1
251	250	9	AGTACTTGATTGACCGTATCAAGG	1
252	251	9	GTACTTGATTGACCGTATCAAGGT	1
253	252	7	TACTTGATTGACCGTATCAAGGTT	1
254	253	6	ACTTGATTGACCGTATCAAGGTTG	1
255	254	7	CTTGATTGACCGTATCAAGGTTGA	1
256	255	9	TTGATTGACCGTATCAAGGTTGAT	1
257	256	9	TGATTGACCGTATCAAGGTTGATG	1
258	257	9	GATTGACCGTATCAAGGTTGATGG	1
259	258	9	ATTGACCGTATCAAGGTTGATGGC	1
260	259	9	TTGACCGTATCAAGGTTGATGGCA	1
261	260	9	TGACCGTATCAAGGTTGATGGCAA	1
262	261	9	GACCGTATCAAGGTTGATGGCAAG	1
263	262	9	ACCGTATCAAGGTTGATGGCAAGA	1
264	263	9	CCGTATCAAGGTTGATGGCAAGAC	1
265	264	9	CGTATCAAGGTTGATGGCAAGACT	1
266	265	10	GTATCAAGGTTGATGGCAAGACTG	1
267	266	10	TATCAAGGTTGATGGCAAGACTGG	1
268	267	11	ATCAAGGTTGATGGCAAGACTGGT	1
269	268	11	TCAAGGTTGATGGCAAGACTGGTA	1
270	269	11	CAAGGTTGATGGCAAGACTGGTAA	1
271	270	10	AAGGTTGATGGCAAGACTGGTAAC	1
272	271	10	AGGTTGATGGCAAGACTGGTAACT	1
273	272	10	GGTTGATGGCAAGACTGGTAACTT	1
274	273	10	GTTGATGGCAAGACTGGTAACTTG	1
275	274	11	TTGATGGCAAGACTGGTAACTTGG	1
276	275	11	TGATGGCAAGACTGGTAACTTGGG	1
277	276	10	GATGGCAAGACTGGTAACTTGGGC	1
278	277	10	ATGGCAAGACTGGTAACTTGGGCT	1
279	278	10	TGGCAAGACTGGTAACTTGGGCTC	1
280	279	10	GGCAAGACTGGTAACTTGGGCTCT	1
281	280	10	GCAAGACTGGTAACTTGGGCTCTT	1
282	281	10	CAAGACTGGTAACTTGGGCTCTTC	1
283	282	10	AAGACTGGTAACTTGGGCTCTTCT	1
284	283	9	AGACTGGTAACTTGGGCTCTTCTG	1
285	284	10	GACTGGTAACTTGGGCTCTTCTGT	1
286	285	10	ACTGGTAACTTGGGCTCTTCTGTC	1
287	286	10	CTGGTAACTTGGGCTCTTCTGTCG	1
288	287	10	TGGTAACTTGGGCTCTTCTGTCGT	1
289	288	11	GGTAACTTGGGCTCTTCTGTCGTC	1
290	289	8	GTAACTTGGGCTCTTCTGTCGTCG	1
291	290	8	TAACTTGGGCTCTTCTGTCGTCGT	1
292	291	8	AACTTGGGCTCTTCTGTCGTCGTT	1
293	292	8	ACTTGGGCTCTTCTGTCGTCGTTT	1
294	293	8	CTTGGGCTCTTCTGTCGTCGTTTC	1
295	294	8	TTGGGCTCTTCTGTCGTCGTTTCC	1
296	295	8	TGGGCTCTTCTGTCGTCGTTTCCC	1
297	296	9	GGGCTCTTCTGTCGTCGTTTCCCG	1
298	297	8	GGCTCTTCTGTCGTCGTTTCCCGT	1
299	298	10	GCTCTTCTGTCGTCGTTTCCCGTG	1
300	299	9	CTCTTCTGTCGTCGTTTCCCGTGA	1
301	300	10	TCTTCTGTCGTCGTTTCCCGTGAA	1
302	301	11	CTTCTGTCGTCGTTTCCCGTGAAG	1
303	302	12	TTCTGTCGTCGTTTCCCGTGAAGG	1
304	303	13	TCTGTCGTCGTTTCCCGTGAAGGT	1
305	304	15	CTGTCGTCGTTTCCCGTGAAGGTT	1
306	305	16	TGTCGTCGTTTCCCGTGAAGGTTC	1
307	306	17	GTCGTCGTTTCCCGTGAAGGTTCC	1
308	307	17	TCGTCGTTTCCCGTGAAGGTTCCA	1
309	308	17	CGTCGTTTCCCGTGAAGGTTCCAG	1
310	309	16	GTCGTTTCCCGTGAAGGTTCCAGC	1
311	310	16	TCGTTTCCCGTGAAGGTTCCAGCA	1
312	311	17	CGTTTCCCGTGAAGGTTCCAGCAA	1
313	312	17	GTTTCCCGTGAAGGTTCCAGCAAG	1
314	313	17	TTTCCCGTGAAGGTTCCAGCAAGA	1
315	314	17	TTCCCGTGAAGGTTCCAGCAAGAT	1
316	315	17	TCCCGTGAAGGTTCCAGCAAGATT	1
317	316	17	CCCGTGAAGGTTCCAGCAAGATTG	1
318	317	17	CCGTGAAGGTTCCAGCAAGATTGC	1
319	318	16	CGTGAAGGTTCCAGCAAGATTGCT	1
320	319	16	GTGAAGGTTCCAGCAAGATTGCTG	1
321	320	16	TGAAGGTTCCAGCAAGATTGCTGT	1
322	321	16	GAAGGTTCCAGCAAGATTGCTGTT	1
323	322	16	AAGGTTCCAGCAAGATTGCTGTTA	1
324	323	16	AGGTTCCAGCAAGATTGCTGTTAT	1
325	324	16	GGTTCCAGCAAGATTGCTGTTATT	1
326	325	16	GTTCCAGCAAGATTGCTGTTATTG	1
327	326	16	TTCCAGCAAGATTGCTGTTATTGC	1
328	327	16	TCCAGCAAGATTGCTGTTATTGCT	1
329	328	15	CCAGCAAGATTGCTGTTATTGCTC	1
330	329	15	CAGCAAGATTGCTGTTATTGCTCA	1
331	330	15	AGCAAGATTGCTGTTATTGCTCAC	1
332	331	15	GCAAGATTGCTGTTATTGCTCACA	1
333	332	14	CAAGATTGCTGTTATTGCTCACAT	1
334	333	14	AAGATTGCTGTTATTGCTCACATT	1
335	334	14	AGATTGCTGTTATTGCTCACATTG	1
336	335	14	GATTGCTGTTATTGCTCACATTGA	1
337	336	14	ATTGCTGTTATTGCTCACATTGAT	1
338	337	14	TTGCTGTTATTGCTCACATTGATT	1
339	338	14	TGCTGTTATTGCTCACATTGATTT	1
340	339	14	GCTGTTATTGCTCACATTGATTTC	1
341	340	13	CTGTTATTGCTCACATTGATTTCT	1
342	341	11	TGTTATTGCTCACATTGATTTCTC	1
343	342	10	GTTATTGCTCACATTGATTTCTCT	1
344	343	10	TTATTGCTCACATTGATTTCTCTG	1
345	344	10	TATTGCTCACATTGATTTCTCTGG	1
346	345	8	ATTGCTCACATTGATTTCTCTGGC	1
347	346	7	TTGCTCACATTGATTTCTCTGGCC	1
348	347	6	TGCTCACATTGATTTCTCTGGCCG	1
349	348	4	GCTCACATTGATTTCTCTGGCCGT	1
350	349	3	CTCACATTGATTTCTCTGGCCGTT	1
351	350	3	TCACATTGATTTCTCTGGCCGTTA	1
352	351	3	CACATTGATTTCTCTGGCCGTTAC	1
353	352	4	ACATTGATTTCTCTGGCCGTTACT	1
354	353	4	CATTGATTTCTCTGGCCGTTACTT	1
355	354	6	ATTGATTTCTCTGGCCGTTACTTG	1
356	355	6	TTGATTTCTCTGGCCGTTACTTGA	1
357	356	6	TGATTTCTCTGGCCGTTACTTGAA	1
358	357	6	GATTTCTCTGGCCGTTACTTGAAG	1
359	358	6	ATTTCTCTGGCCGTTACTTGAAGT	1
360	359	7	TTTCTCTGGCCGTTACTTGAAGTA	1
361	360	7	TTCTCTGGCCGTTACTTGAAGTAT	1
362	361	7	TCTCTGGCCGTTACTTGAAGTATT	1
363	362	7	CTCTGGCCGTTACTTGAAGTATTT	1
364	363	7	TCTGGCCGTTACTTGAAGTATTTG	1
365	364	7	CTGGCCGTTACTTGAAGTATTTGA	1
366	365	7	TGGCCGTTACTTGAAGTATTTGAC	1
367	366	7	GGCCGTTACTTGAAGTATTTGACT	1
368	367	7	GCCGTTACTTGAAGTATTTGACTA	1
369	368	7	CCGTTACTTGAAGTATTTGACTAA	1
370	369	7	CGTTACTTGAAGTATTTGACTAAG	1
371	370	7	GTTACTTGAAGTATTTGACTAAGA	1
372	371	8	TTACTTGAAGTATTTGACTAAGAA	1
373	372	8	TACTTGAAGTATTTGACTAAGAAA	1
374	373	8	ACTTGAAGTATTTGACTAAGAAAT	1
375	374	9	CTTGAAGTATTTGACTAAGAAATT	1
376	375	9	TTGAAGTATTTGACTAAGAAATTC	1
377	376	10	TGAAGTATTTGACTAAGAAATTCT	1
378	377	10	GAAGTATTTGACTAAGAAATTCTT	1
379	378	11	AAGTATTTGACTAAGAAATTCTTG	1
380	379	11	AGTATTTGACTAAGAAATTCTTGA	1
381	380	11	GTATTTGACTAAGAAATTCTTGAA	1
382	381	11	TATTTGACTAAGAAATTCTTGAAG	1
383	382	11	ATTTGACTAAGAAATTCTTGAAGA	1
384	383	11	TTTGACTAAGAAATTCTTGAAGAA	1
385	384	11	TTGACTAAGAAATTCTTGAAGAAG	1
386	385	11	TGACTAAGAAATTCTTGAAGAAGC	1
387	386	10	GACTAAGAAATTCTTGAAGAAGCA	1
388	387	9	ACTAAGAAATTCTTGAAGAAGCAC	1
389	388	9	CTAAGAAATTCTTGAAGAAGCACT	1
390	389	10	TAAGAAATTCTTGAAGAAGCACTC	1
391	390	10	AAGAAATTCTTGAAGAAGCACTCT	1
392	391	9	AGAAATTCTTGAAGAAGCACTCTC	1
393	392	8	GAAATTCTTGAAGAAGCACTCTCT	1
394	393	8	AAATTCTTGAAGAAGCACTCTCTC	1
395	394	8	AATTCTTGAAGAAGCACTCTCTCC	1
396	395	8	ATTCTTGAAGAAGCACTCTCTCCG	1
397	396	7	TTCTTGAAGAAGCACTCTCTCCGT	1
398	397	7	TCTTGAAGAAGCACTCTCTCCGTG	1
399	398	5	CTTGAAGAAGCACTCTCTCCGTGA	1
400	399	5	TTGAAGAAGCACTCTCTCCGTGAC	1
401	400	7	TGAAGAAGCACTCTCTCCGTGACT	1
402	401	7	GAAGAAGCACTCTCTCCGTGACTG	1
403	402	7	AAGAAGCACTCTCTCCGTGACTGG	1
404	403	7	AGAAGCACTCTCTCCGTGACTGGC	1
405	404	7	GAAGCACTCTCTCCGTGACTGGCT	1
406	405	7	AAGCACTCTCTCCGTGACTGGCTT	1
407	406	6	AGCACTCTCTCCGTGACTGGCTTC	1
408	407	6	GCACTCTCTCCGTGACTGGCTTCG	1
409	408	6	CACTCTCTCCGTGACTGGCTTCGT	1
410	409	7	ACTCTCTCCGTGACTGGCTTCGTG	1
411	410	7	CTCTCTCCGTGACTGGCTTCGTGT	1
412	411	7	TCTCTCCGTGACTGGCTTCGTGTC	1
413	412	7	CTCTCCGTGACTGGCTTCGTGTCG	1
414	413	7	TCTCCGTGACTGGCTTCGTGTCGT	1
415	414	7	CTCCGTGACTGGCTTCGTGTCGTT	1
416	415	6	TCCGTGACTGGCTTCGTGTCGTTT	1
417	416	6	CCGTGACTGGCTTCGTGTCGTTTC	1
418	417	6	CGTGACTGGCTTCGTGTCGTTTCC	1
419	418	6	GTGACTGGCTTCGTGTCGTTTCCA	1
420	419	6	TGACTGGCTTCGTGTCGTTTCCAC	1
421	420	5	GACTGGCTTCGTGTCGTTTCCACC	1
422	421	5	ACTGGCTTCGTGTCGTTTCCACCA	1
423	422	4	CTGGCTTCGTGTCGTTTCCACCAA	1
424	423	4	TGGCTTCGTGTCGTTTCCACCAAG	1
425	424	4	GGCTTCGTGTCGTTTCCACCAAGA	1
426	425	4	GCTTCGTGTCGTTTCCACCAAGAA	1
427	426	4	CTTCGTGTCGTTTCCACCAAGAAG	1
428	427	4	TTCGTGTCGTTTCCACCAAGAAGG	1
429	428	5	TCGTGTCGTTTCCACCAAGAAGGG	1
430	429	5	CGTGTCGTTTCCACCAAGAAGGGT	1
431	430	5	GTGTCGTTTCCACCAAGAAGGGTG	1
432	431	6	TGTCGTTTCCACCAAGAAGGGTGT	1
433	432	6	GTCGTTTCCACCAAGAAGGGTGTC	1
434	433	5	TCGTTTCCACCAAGAAGGGTGTCT	1
435	434	7	CGTTTCCACCAAGAAGGGTGTCTA	1
436	435	8	GTTTCCACCAAGAAGGGTGTCTAC	1
437	436	9	TTTCCACCAAGAAGGGTGTCTACG	1
438	437	13	TTCCACCAAGAAGGGTGTCTACGA	1
439	438	15	TCCACCAAGAAGGGTGTCTACGAG	1
440	439	15	CCACCAAGAAGGGTGTCTACGAGT	1
441	440	16	CACCAAGAAGGGTGTCTACGAGTT	1
442	441	16	ACCAAGAAGGGTGTCTACGAGTTG	1
443	442	16	CCAAGAAGGGTGTCTACGAGTTGC	1
444	443	16	CAAGAAGGGTGTCTACGAGTTGCG	1
445	444	14	AAGAAGGGTGTCTACGAGTTGCGT	1
446	445	14	AGAAGGGTGTCTACGAGTTGCGTT	1
447	446	14	GAAGGGTGTCTACGAGTTGCGTTA	1
448	447	14	AAGGGTGTCTACGAGTTGCGTTAC	1
449	448	14	AGGGTGTCTACGAGTTGCGTTACT	1
450	449	14	GGGTGTCTACGAGTTGCGTTACTA	1
451	450	14	GGTGTCTACGAGTTGCGTTACTAC	1
452	451	14	GTGTCTACGAGTTGCGTTACTACA	1
453	452	14	TGTCTACGAGTTGCGTTACTACAA	1
454	453	13	GTCTACGAGTTGCGTTACTACAAT	1
455	454	13	TCTACGAGTTGCGTTACTACAATG	1
456	455	13	CTACGAGTTGCGTTACTACAATGT	1
457	456	13	TACGAGTTGCGTTACTACAATGTC	1
458	457	13	ACGAGTTGCGTTACTACAATGTCG	1
459	458	13	CGAGTTGCGTTACTACAATGTCGT	1
460	459	13	GAGTTGCGTTACTACAATGTCGTT	1
461	460	13	AGTTGCGTTACTACAATGTCGTTG	1
462	461	13	GTTGCGTTACTACAATGTCGTTGT	1
463	462	13	TTGCGTTACTACAATGTCGTTGTT	1
464	463	13	TGCGTTACTACAATGTCGTTGTTG	1
465	464	13	GCGTTACTACAATGTCGTTGTTGG	1
466	465	13	CGTTACTACAATGTCGTTGTTGGC	1
467	466	13	GTTACTACAATGTCGTTGTTGGCA	1
468	467	13	TTACTACAATGTCGTTGTTGGCAA	1
469	468	13	TACTACAATGTCGTTGTTGGCAAT	1
470	469	13	ACTACAATGTCGTTGTTGGCAATG	1
471	470	13	CTACAATGTCGTTGTTGGCAATGA	1
472	471	13	TACAATGTCGTTGTTGGCAATGAC	1
473	472	12	ACAATGTCGTTGTTGGCAATGACG	1
474	473	12	CAATGTCGTTGTTGGCAATGACGA	1
475	474	12	AATGTCGTTGTTGGCAATGACGAA	1
476	475	11	ATGTCGTTGTTGGCAATGACGAAG	1
477	476	11	TGTCGTTGTTGGCAATGACGAAGA	1
478	477	11	GTCGTTGTTGGCAATGACGAAGAG	1
479	478	8	TCGTTGTTGGCAATGACGAAGAGG	1
480	479	7	CGTTGTTGGCAATGACGAAGAGGA	1
481	480	5	GTTGTTGGCAATGACGAAGAGGAG	1
482	481	1	TTGTTGGCAATGACGAAGAGGAGC	1
483	482	1	TGTTGGCAATGACGAAGAGGAGCG	1
484	483	1	GTTGGCAATGACGAAGAGGAGCGA	1
