Component 405
1	-1	0	TATAAGAATCCAAACGATTATCCT	1
2	1	2	ATAAGAATCCAAACGATTATCCTC	1
3	2	2	TAAGAATCCAAACGATTATCCTCA	1
4	3	2	AAGAATCCAAACGATTATCCTCAA	1
5	4	2	AGAATCCAAACGATTATCCTCAAA	1
6	5	2	GAATCCAAACGATTATCCTCAAAA	1
7	6	2	AATCCAAACGATTATCCTCAAAAA	1
8	7	3	ATCCAAACGATTATCCTCAAAAAG	1
9	8	3	TCCAAACGATTATCCTCAAAAAGA	1
10	9	3	CCAAACGATTATCCTCAAAAAGAA	1
11	10	3	CAAACGATTATCCTCAAAAAGAAG	1
12	11	3	AAACGATTATCCTCAAAAAGAAGA	1
13	12	3	AACGATTATCCTCAAAAAGAAGAT	1
14	13	3	ACGATTATCCTCAAAAAGAAGATT	1
15	14	3	CGATTATCCTCAAAAAGAAGATTT	1
16	15	3	GATTATCCTCAAAAAGAAGATTTT	1
17	16	3	ATTATCCTCAAAAAGAAGATTTTC	1
18	17	3	TTATCCTCAAAAAGAAGATTTTCC	1
19	18	3	TATCCTCAAAAAGAAGATTTTCCA	1
20	19	3	ATCCTCAAAAAGAAGATTTTCCAA	1
21	20	3	TCCTCAAAAAGAAGATTTTCCAAA	1
22	21	3	CCTCAAAAAGAAGATTTTCCAAAT	1
23	22	3	CTCAAAAAGAAGATTTTCCAAATA	1
24	23	3	TCAAAAAGAAGATTTTCCAAATAT	1
25	24	3	CAAAAAGAAGATTTTCCAAATATA	1
26	25	3	AAAAAGAAGATTTTCCAAATATAA	1
27	26	3	AAAAGAAGATTTTCCAAATATAAA	1
28	27	3	AAAGAAGATTTTCCAAATATAAAC	1
29	28	3	AAGAAGATTTTCCAAATATAAACG	1
30	29	3	AGAAGATTTTCCAAATATAAACGC	1
31	30	3	GAAGATTTTCCAAATATAAACGCA	1
32	31	3	AAGATTTTCCAAATATAAACGCAA	1
33	32	4	AGATTTTCCAAATATAAACGCAAT	1
34	33	4	GATTTTCCAAATATAAACGCAATC	1
35	34	4	ATTTTCCAAATATAAACGCAATCA	1
36	35	4	TTTTCCAAATATAAACGCAATCAT	1
37	36	4	TTTCCAAATATAAACGCAATCATT	1
38	37	4	TTCCAAATATAAACGCAATCATTA	1
39	38	4	TCCAAATATAAACGCAATCATTAT	1
40	39	4	CCAAATATAAACGCAATCATTATA	1
41	40	4	CAAATATAAACGCAATCATTATAA	1
42	41	4	AAATATAAACGCAATCATTATAAC	1
43	42	4	AATATAAACGCAATCATTATAACC	1
44	43	4	ATATAAACGCAATCATTATAACCG	1
45	44	3	TATAAACGCAATCATTATAACCGG	1
46	45	2	ATAAACGCAATCATTATAACCGGC	1
47	46	1	TAAACGCAATCATTATAACCGGCT	1
48	47	1	AAACGCAATCATTATAACCGGCTC	1
49	48	1	AACGCAATCATTATAACCGGCTCC	1
50	49	1	ACGCAATCATTATAACCGGCTCCA	1
51	50	1	CGCAATCATTATAACCGGCTCCAA	1
52	51	1	GCAATCATTATAACCGGCTCCAAA	1
53	52	1	CAATCATTATAACCGGCTCCAAAG	1
54	53	1	AATCATTATAACCGGCTCCAAAGC	1
55	54	1	ATCATTATAACCGGCTCCAAAGCA	1
56	55	1	TCATTATAACCGGCTCCAAAGCAT	1
57	56	1	CATTATAACCGGCTCCAAAGCATC	1
58	57	1	ATTATAACCGGCTCCAAAGCATCT	1
59	58	1	TTATAACCGGCTCCAAAGCATCTG	1
60	59	1	TATAACCGGCTCCAAAGCATCTGT	1
61	60	1	ATAACCGGCTCCAAAGCATCTGTA	1
62	61	1	TAACCGGCTCCAAAGCATCTGTAA	1
63	62	1	AACCGGCTCCAAAGCATCTGTAAC	1
64	63	1	ACCGGCTCCAAAGCATCTGTAACA	1
65	64	1	CCGGCTCCAAAGCATCTGTAACAA	1
66	65	1	CGGCTCCAAAGCATCTGTAACAAG	1
67	66	1	GGCTCCAAAGCATCTGTAACAAGC	1
68	67	1	GCTCCAAAGCATCTGTAACAAGCG	1
69	68	1	CTCCAAAGCATCTGTAACAAGCGA	1
70	69	1	TCCAAAGCATCTGTAACAAGCGAC	1
71	70	1	CCAAAGCATCTGTAACAAGCGACG	1
72	71	1	CAAAGCATCTGTAACAAGCGACGC	1
73	72	1	AAAGCATCTGTAACAAGCGACGCT	1
74	73	1	AAGCATCTGTAACAAGCGACGCTC	1
75	74	1	AGCATCTGTAACAAGCGACGCTCC	1
76	75	1	GCATCTGTAACAAGCGACGCTCCT	1
77	-1	0	AAAAGATTTTAATTTGAAAATGGA	1
78	77	2	AAAGATTTTAATTTGAAAATGGAT	1
79	78	3	AAGATTTTAATTTGAAAATGGATT	1
80	79	3	AGATTTTAATTTGAAAATGGATTA	1
81	80	3	GATTTTAATTTGAAAATGGATTAT	1
82	81	3	ATTTTAATTTGAAAATGGATTATC	1
83	82	3	TTTTAATTTGAAAATGGATTATCA	1
84	83	3	TTTAATTTGAAAATGGATTATCAT	1
85	84	3	TTAATTTGAAAATGGATTATCATA	1
86	85	3	TAATTTGAAAATGGATTATCATAT	1
87	86	3	AATTTGAAAATGGATTATCATATT	1
88	87	3	ATTTGAAAATGGATTATCATATTG	1
89	88	4	TTTGAAAATGGATTATCATATTGC	1
90	89	4	TTGAAAATGGATTATCATATTGCG	1
91	90	5	TGAAAATGGATTATCATATTGCGA	1
92	91	5	GAAAATGGATTATCATATTGCGAT	1
93	92	5	AAAATGGATTATCATATTGCGATT	1
94	93	5	AAATGGATTATCATATTGCGATTC	1
95	94	5	AATGGATTATCATATTGCGATTCT	1
96	95	5	ATGGATTATCATATTGCGATTCTG	1
97	96	5	TGGATTATCATATTGCGATTCTGA	1
98	97	5	GGATTATCATATTGCGATTCTGAA	1
99	98	5	GATTATCATATTGCGATTCTGAAC	1
100	99	5	ATTATCATATTGCGATTCTGAACG	1
101	100	5	TTATCATATTGCGATTCTGAACGC	1
102	101	5	TATCATATTGCGATTCTGAACGCA	1
103	102	5	ATCATATTGCGATTCTGAACGCAG	1
104	103	5	TCATATTGCGATTCTGAACGCAGA	1
105	104	5	CATATTGCGATTCTGAACGCAGAT	1
106	105	5	ATATTGCGATTCTGAACGCAGATA	1
107	106	5	TATTGCGATTCTGAACGCAGATAC	1
108	107	5	ATTGCGATTCTGAACGCAGATACA	1
109	108	5	TTGCGATTCTGAACGCAGATACAC	1
110	109	5	TGCGATTCTGAACGCAGATACACC	1
111	110	5	GCGATTCTGAACGCAGATACACCA	1
112	111	5	CGATTCTGAACGCAGATACACCAA	1
113	112	5	GATTCTGAACGCAGATACACCAAT	1
114	113	5	ATTCTGAACGCAGATACACCAATG	1
115	114	5	TTCTGAACGCAGATACACCAATGG	1
116	115	5	TCTGAACGCAGATACACCAATGGT	1
117	116	5	CTGAACGCAGATACACCAATGGTA	1
118	117	5	TGAACGCAGATACACCAATGGTAG	1
119	118	5	GAACGCAGATACACCAATGGTAGA	1
120	119	5	AACGCAGATACACCAATGGTAGAA	1
121	120	5	ACGCAGATACACCAATGGTAGAAA	1
122	121	3	CGCAGATACACCAATGGTAGAAAT	1
123	122	2	GCAGATACACCAATGGTAGAAATC	1
124	123	2	CAGATACACCAATGGTAGAAATCA	1
125	124	2	AGATACACCAATGGTAGAAATCAC	1
126	125	2	GATACACCAATGGTAGAAATCACC	1
127	126	2	ATACACCAATGGTAGAAATCACCA	1
128	127	2	TACACCAATGGTAGAAATCACCAG	1
129	128	1	ACACCAATGGTAGAAATCACCAGC	1
130	129	1	CACCAATGGTAGAAATCACCAGCG	1
131	130	1	ACCAATGGTAGAAATCACCAGCGC	1
132	131	1	CCAATGGTAGAAATCACCAGCGCA	1
133	132	1	CAATGGTAGAAATCACCAGCGCAT	1
134	133	1	AATGGTAGAAATCACCAGCGCATA	1
135	-1	0	TTTTATTTAAATACCCACATATTA	1
136	135	1	TTTATTTAAATACCCACATATTAA	1
137	136	1	TTATTTAAATACCCACATATTAAA	1
138	137	1	TATTTAAATACCCACATATTAAAA	1
139	138	1	ATTTAAATACCCACATATTAAAAT	1
140	139	1	TTTAAATACCCACATATTAAAATT	1
141	140	2	TTAAATACCCACATATTAAAATTG	1
142	141	2	TAAATACCCACATATTAAAATTGT	1
143	142	2	AAATACCCACATATTAAAATTGTA	1
144	143	2	AATACCCACATATTAAAATTGTAG	1
145	144	2	ATACCCACATATTAAAATTGTAGG	1
146	145	2	TACCCACATATTAAAATTGTAGGT	1
147	146	3	ACCCACATATTAAAATTGTAGGTC	1
148	147	3	CCCACATATTAAAATTGTAGGTCT	1
149	148	3	CCACATATTAAAATTGTAGGTCTC	1
150	149	3	CACATATTAAAATTGTAGGTCTCT	1
151	150	3	ACATATTAAAATTGTAGGTCTCTG	1
152	151	3	CATATTAAAATTGTAGGTCTCTGT	1
153	152	3	ATATTAAAATTGTAGGTCTCTGTT	1
154	153	3	TATTAAAATTGTAGGTCTCTGTTT	1
155	154	3	ATTAAAATTGTAGGTCTCTGTTTT	1
156	155	3	TTAAAATTGTAGGTCTCTGTTTTG	1
157	156	3	TAAAATTGTAGGTCTCTGTTTTGG	1
158	157	3	AAAATTGTAGGTCTCTGTTTTGGT	1
159	158	3	AAATTGTAGGTCTCTGTTTTGGTC	1
160	159	3	AATTGTAGGTCTCTGTTTTGGTCA	1
161	160	3	ATTGTAGGTCTCTGTTTTGGTCAT	1
162	161	3	TTGTAGGTCTCTGTTTTGGTCATC	1
163	162	3	TGTAGGTCTCTGTTTTGGTCATCA	1
164	163	3	GTAGGTCTCTGTTTTGGTCATCAA	1
165	164	4	TAGGTCTCTGTTTTGGTCATCAAA	1
166	165	4	AGGTCTCTGTTTTGGTCATCAAAT	1
167	166	4	GGTCTCTGTTTTGGTCATCAAATC	1
168	167	4	GTCTCTGTTTTGGTCATCAAATCG	1
169	168	4	TCTCTGTTTTGGTCATCAAATCGT	1
170	169	4	CTCTGTTTTGGTCATCAAATCGTT	1
171	170	4	TCTGTTTTGGTCATCAAATCGTTG	1
172	171	4	CTGTTTTGGTCATCAAATCGTTGC	1
173	172	4	TGTTTTGGTCATCAAATCGTTGCC	1
174	173	4	GTTTTGGTCATCAAATCGTTGCCA	1
175	174	4	TTTTGGTCATCAAATCGTTGCCAA	1
176	175	4	TTTGGTCATCAAATCGTTGCCAAA	1
177	176	4	TTGGTCATCAAATCGTTGCCAAAG	1
178	177	4	TGGTCATCAAATCGTTGCCAAAGC	1
179	178	4	GGTCATCAAATCGTTGCCAAAGCT	1
180	179	3	GTCATCAAATCGTTGCCAAAGCTG	1
181	180	3	TCATCAAATCGTTGCCAAAGCTGC	1
182	181	3	CATCAAATCGTTGCCAAAGCTGCC	1
183	182	3	ATCAAATCGTTGCCAAAGCTGCCG	1
184	183	3	TCAAATCGTTGCCAAAGCTGCCGG	1
185	184	2	CAAATCGTTGCCAAAGCTGCCGGC	1
186	185	2	AAATCGTTGCCAAAGCTGCCGGCG	1
187	186	2	AATCGTTGCCAAAGCTGCCGGCGT	1
188	187	2	ATCGTTGCCAAAGCTGCCGGCGTT	1
189	188	2	TCGTTGCCAAAGCTGCCGGCGTTC	1
190	189	2	CGTTGCCAAAGCTGCCGGCGTTCC	1
191	190	2	GTTGCCAAAGCTGCCGGCGTTCCT	1
192	191	2	TTGCCAAAGCTGCCGGCGTTCCTA	1
193	192	2	TGCCAAAGCTGCCGGCGTTCCTAT	1
194	193	2	GCCAAAGCTGCCGGCGTTCCTATT	1
195	194	2	CCAAAGCTGCCGGCGTTCCTATTA	1
196	195	2	CAAAGCTGCCGGCGTTCCTATTAT	1
197	196	2	AAAGCTGCCGGCGTTCCTATTATT	1
198	197	1	AAGCTGCCGGCGTTCCTATTATTA	1
199	198	1	AGCTGCCGGCGTTCCTATTATTAA	1
200	199	1	GCTGCCGGCGTTCCTATTATTAAA	1
201	200	1	CTGCCGGCGTTCCTATTATTAAAA	1
202	201	1	TGCCGGCGTTCCTATTATTAAAAA	1
203	202	1	GCCGGCGTTCCTATTATTAAAAAT	1
204	203	1	CCGGCGTTCCTATTATTAAAAATC	1
205	204	1	CGGCGTTCCTATTATTAAAAATCC	1
206	205	1	GGCGTTCCTATTATTAAAAATCCT	1
207	206	1	GCGTTCCTATTATTAAAAATCCTA	1
208	207	1	CGTTCCTATTATTAAAAATCCTAA	1
209	208	1	GTTCCTATTATTAAAAATCCTAAT	1
210	209	1	TTCCTATTATTAAAAATCCTAATG	1
211	210	1	TCCTATTATTAAAAATCCTAATGG	1
212	211	1	CCTATTATTAAAAATCCTAATGGA	1
213	212	1	CTATTATTAAAAATCCTAATGGAT	1
214	213	1	TATTATTAAAAATCCTAATGGATG	1
215	214	1	ATTATTAAAAATCCTAATGGATGG	1
216	215	1	TTATTAAAAATCCTAATGGATGGG	1
217	216	1	TATTAAAAATCCTAATGGATGGGT	1
218	217	1	ATTAAAAATCCTAATGGATGGGTA	1
219	218	1	TTAAAAATCCTAATGGATGGGTAG	1
220	219	1	TAAAAATCCTAATGGATGGGTAGT	1
221	220	1	AAAAATCCTAATGGATGGGTAGTT	1
222	221	1	AAAATCCTAATGGATGGGTAGTTT	1
223	222	1	AAATCCTAATGGATGGGTAGTTTC	1
224	223	1	AATCCTAATGGATGGGTAGTTTCT	1
225	224	1	ATCCTAATGGATGGGTAGTTTCTT	1
226	225	1	TCCTAATGGATGGGTAGTTTCTTC	1
227	226	1	CCTAATGGATGGGTAGTTTCTTCT	1
228	227	1	CTAATGGATGGGTAGTTTCTTCTA	1
229	228	1	TAATGGATGGGTAGTTTCTTCTAC	1
230	229	1	AATGGATGGGTAGTTTCTTCTACT	1
231	230	1	ATGGATGGGTAGTTTCTTCTACTG	1
232	231	1	TGGATGGGTAGTTTCTTCTACTGT	1
233	232	1	GGATGGGTAGTTTCTTCTACTGTT	1
234	233	1	GATGGGTAGTTTCTTCTACTGTTT	1
