Component 412
1	-1	0	ACCCATACCGAACGCATTTGAAAT	1
2	1	1	CCCATACCGAACGCATTTGAAATG	1
3	2	1	CCATACCGAACGCATTTGAAATGT	1
4	3	1	CATACCGAACGCATTTGAAATGTG	1
5	4	1	ATACCGAACGCATTTGAAATGTGT	1
6	5	1	TACCGAACGCATTTGAAATGTGTG	1
7	6	1	ACCGAACGCATTTGAAATGTGTGG	1
8	7	1	CCGAACGCATTTGAAATGTGTGGA	1
9	8	1	CGAACGCATTTGAAATGTGTGGAT	1
10	9	1	GAACGCATTTGAAATGTGTGGATG	1
11	10	2	AACGCATTTGAAATGTGTGGATGG	1
12	11	2	ACGCATTTGAAATGTGTGGATGGT	1
13	12	2	CGCATTTGAAATGTGTGGATGGTT	1
14	13	3	GCATTTGAAATGTGTGGATGGTTA	1
15	14	4	CATTTGAAATGTGTGGATGGTTAC	1
16	15	4	ATTTGAAATGTGTGGATGGTTACC	1
17	16	4	TTTGAAATGTGTGGATGGTTACCA	1
18	17	4	TTGAAATGTGTGGATGGTTACCAA	1
19	18	4	TGAAATGTGTGGATGGTTACCAAA	1
20	19	4	GAAATGTGTGGATGGTTACCAAAG	1
21	20	4	AAATGTGTGGATGGTTACCAAAGA	1
22	21	4	AATGTGTGGATGGTTACCAAAGAC	1
23	22	4	ATGTGTGGATGGTTACCAAAGACA	1
24	23	4	TGTGTGGATGGTTACCAAAGACAA	1
25	24	4	GTGTGGATGGTTACCAAAGACAAT	1
26	25	4	TGTGGATGGTTACCAAAGACAATG	1
27	26	4	GTGGATGGTTACCAAAGACAATGC	1
28	27	4	TGGATGGTTACCAAAGACAATGCA	1
29	28	4	GGATGGTTACCAAAGACAATGCAG	1
30	29	4	GATGGTTACCAAAGACAATGCAGC	1
31	30	4	ATGGTTACCAAAGACAATGCAGCA	1
32	31	4	TGGTTACCAAAGACAATGCAGCAA	1
33	32	4	GGTTACCAAAGACAATGCAGCAAA	1
34	33	4	GTTACCAAAGACAATGCAGCAAAT	1
35	34	4	TTACCAAAGACAATGCAGCAAATT	1
36	35	4	TACCAAAGACAATGCAGCAAATTC	1
37	36	4	ACCAAAGACAATGCAGCAAATTCG	1
38	37	4	CCAAAGACAATGCAGCAAATTCGT	1
39	38	4	CAAAGACAATGCAGCAAATTCGTA	1
40	39	5	AAAGACAATGCAGCAAATTCGTAT	1
41	40	5	AAGACAATGCAGCAAATTCGTATT	1
42	41	6	AGACAATGCAGCAAATTCGTATTT	1
43	42	6	GACAATGCAGCAAATTCGTATTTC	1
44	43	6	ACAATGCAGCAAATTCGTATTTCC	1
45	44	6	CAATGCAGCAAATTCGTATTTCCG	1
46	45	5	AATGCAGCAAATTCGTATTTCCGG	1
47	46	5	ATGCAGCAAATTCGTATTTCCGGT	1
48	47	5	TGCAGCAAATTCGTATTTCCGGTC	1
49	48	5	GCAGCAAATTCGTATTTCCGGTCA	1
50	49	5	CAGCAAATTCGTATTTCCGGTCAA	1
51	50	5	AGCAAATTCGTATTTCCGGTCAAA	1
52	51	5	GCAAATTCGTATTTCCGGTCAAAT	1
53	52	5	CAAATTCGTATTTCCGGTCAAATT	1
54	53	6	AAATTCGTATTTCCGGTCAAATTT	1
55	54	5	AATTCGTATTTCCGGTCAAATTTG	1
56	55	5	ATTCGTATTTCCGGTCAAATTTGG	1
57	56	5	TTCGTATTTCCGGTCAAATTTGGT	1
58	57	4	TCGTATTTCCGGTCAAATTTGGTT	1
59	58	3	CGTATTTCCGGTCAAATTTGGTTA	1
60	59	3	GTATTTCCGGTCAAATTTGGTTAT	1
61	60	3	TATTTCCGGTCAAATTTGGTTATA	1
62	61	3	ATTTCCGGTCAAATTTGGTTATAC	1
63	62	3	TTTCCGGTCAAATTTGGTTATACA	1
64	63	3	TTCCGGTCAAATTTGGTTATACAC	1
65	64	3	TCCGGTCAAATTTGGTTATACACA	1
66	65	3	CCGGTCAAATTTGGTTATACACAC	1
67	66	3	CGGTCAAATTTGGTTATACACACC	1
68	67	3	GGTCAAATTTGGTTATACACACCA	1
69	68	3	GTCAAATTTGGTTATACACACCAG	1
70	69	3	TCAAATTTGGTTATACACACCAGA	1
71	70	4	CAAATTTGGTTATACACACCAGAA	1
72	71	4	AAATTTGGTTATACACACCAGAAC	1
73	72	4	AATTTGGTTATACACACCAGAACT	1
74	73	4	ATTTGGTTATACACACCAGAACTT	1
75	74	4	TTTGGTTATACACACCAGAACTTG	1
76	75	4	TTGGTTATACACACCAGAACTTGC	1
77	76	4	TGGTTATACACACCAGAACTTGCC	1
78	77	4	GGTTATACACACCAGAACTTGCCG	1
79	78	4	GTTATACACACCAGAACTTGCCGA	1
80	79	4	TTATACACACCAGAACTTGCCGAC	1
81	80	4	TATACACACCAGAACTTGCCGACC	1
82	81	4	ATACACACCAGAACTTGCCGACCG	1
83	82	4	TACACACCAGAACTTGCCGACCGA	1
84	83	3	ACACACCAGAACTTGCCGACCGAA	1
85	84	3	CACACCAGAACTTGCCGACCGAAA	1
86	85	2	ACACCAGAACTTGCCGACCGAAAT	1
87	86	2	CACCAGAACTTGCCGACCGAAATG	1
88	87	2	ACCAGAACTTGCCGACCGAAATGA	1
89	88	2	CCAGAACTTGCCGACCGAAATGAA	1
90	89	2	CAGAACTTGCCGACCGAAATGAAT	1
91	90	2	AGAACTTGCCGACCGAAATGAATT	1
92	91	2	GAACTTGCCGACCGAAATGAATTT	1
93	92	2	AACTTGCCGACCGAAATGAATTTC	1
94	93	2	ACTTGCCGACCGAAATGAATTTCC	1
95	94	2	CTTGCCGACCGAAATGAATTTCCC	1
96	95	2	TTGCCGACCGAAATGAATTTCCCG	1
97	96	2	TGCCGACCGAAATGAATTTCCCGC	1
98	97	1	GCCGACCGAAATGAATTTCCCGCA	1
99	98	1	CCGACCGAAATGAATTTCCCGCAG	1
100	99	1	CGACCGAAATGAATTTCCCGCAGA	1
101	100	1	GACCGAAATGAATTTCCCGCAGAC	1
102	101	1	ACCGAAATGAATTTCCCGCAGACA	1
103	102	1	CCGAAATGAATTTCCCGCAGACAA	1
104	103	1	CGAAATGAATTTCCCGCAGACAAG	1
105	104	1	GAAATGAATTTCCCGCAGACAAGT	1
106	105	1	AAATGAATTTCCCGCAGACAAGTT	1
107	106	1	AATGAATTTCCCGCAGACAAGTTG	1
108	107	2	ATGAATTTCCCGCAGACAAGTTGA	1
109	108	2	TGAATTTCCCGCAGACAAGTTGAT	1
110	109	2	GAATTTCCCGCAGACAAGTTGATC	1
111	110	2	AATTTCCCGCAGACAAGTTGATCC	1
112	111	2	ATTTCCCGCAGACAAGTTGATCCA	1
113	112	2	TTTCCCGCAGACAAGTTGATCCAG	1
114	113	2	TTCCCGCAGACAAGTTGATCCAGG	1
115	114	1	TCCCGCAGACAAGTTGATCCAGGA	1
116	115	1	CCCGCAGACAAGTTGATCCAGGAT	1
117	116	1	CCGCAGACAAGTTGATCCAGGATC	1
118	117	1	CGCAGACAAGTTGATCCAGGATCA	1
119	118	1	GCAGACAAGTTGATCCAGGATCAT	1
120	119	1	CAGACAAGTTGATCCAGGATCATT	1
121	120	1	AGACAAGTTGATCCAGGATCATTT	1
122	121	1	GACAAGTTGATCCAGGATCATTTA	1
123	122	1	ACAAGTTGATCCAGGATCATTTAA	1
124	123	1	CAAGTTGATCCAGGATCATTTAAT	1
125	124	1	AAGTTGATCCAGGATCATTTAATA	1
126	125	1	AGTTGATCCAGGATCATTTAATAA	1
127	126	1	GTTGATCCAGGATCATTTAATAAA	1
128	127	1	TTGATCCAGGATCATTTAATAAAC	1
129	128	1	TGATCCAGGATCATTTAATAAACA	1
130	129	1	GATCCAGGATCATTTAATAAACAG	1
131	130	1	ATCCAGGATCATTTAATAAACAGC	1
132	131	1	TCCAGGATCATTTAATAAACAGCA	1
133	132	1	CCAGGATCATTTAATAAACAGCAA	1
134	133	1	CAGGATCATTTAATAAACAGCAAT	1
135	134	1	AGGATCATTTAATAAACAGCAATG	1
136	135	1	GGATCATTTAATAAACAGCAATGG	1
137	136	1	GATCATTTAATAAACAGCAATGGC	1
138	137	1	ATCATTTAATAAACAGCAATGGCC	1
139	138	1	TCATTTAATAAACAGCAATGGCCG	1
140	139	1	CATTTAATAAACAGCAATGGCCGC	1
141	140	1	ATTTAATAAACAGCAATGGCCGCA	1
142	141	1	TTTAATAAACAGCAATGGCCGCAT	1
143	142	1	TTAATAAACAGCAATGGCCGCATT	1
144	143	1	TAATAAACAGCAATGGCCGCATTC	1
145	144	1	AATAAACAGCAATGGCCGCATTCC	1
146	145	1	ATAAACAGCAATGGCCGCATTCCC	1
147	146	1	TAAACAGCAATGGCCGCATTCCCG	1
148	147	1	AAACAGCAATGGCCGCATTCCCGA	1
149	148	1	AACAGCAATGGCCGCATTCCCGAA	1
150	149	1	ACAGCAATGGCCGCATTCCCGAAG	1
151	150	1	CAGCAATGGCCGCATTCCCGAAGA	1
152	-1	0	TTCTAATGTTTATTTACGTTGTTA	1
153	152	2	TCTAATGTTTATTTACGTTGTTAA	1
154	153	3	CTAATGTTTATTTACGTTGTTAAA	1
155	154	3	TAATGTTTATTTACGTTGTTAAAC	1
156	155	3	AATGTTTATTTACGTTGTTAAACA	1
157	156	3	ATGTTTATTTACGTTGTTAAACAA	1
158	157	3	TGTTTATTTACGTTGTTAAACAAC	1
159	158	3	GTTTATTTACGTTGTTAAACAACT	1
160	159	3	TTTATTTACGTTGTTAAACAACTA	1
161	160	3	TTATTTACGTTGTTAAACAACTAA	1
162	161	3	TATTTACGTTGTTAAACAACTAAA	1
163	162	3	ATTTACGTTGTTAAACAACTAAAT	1
164	163	3	TTTACGTTGTTAAACAACTAAATT	1
165	164	3	TTACGTTGTTAAACAACTAAATTA	1
166	165	3	TACGTTGTTAAACAACTAAATTAT	1
167	166	3	ACGTTGTTAAACAACTAAATTATC	1
168	167	3	CGTTGTTAAACAACTAAATTATCA	1
169	168	3	GTTGTTAAACAACTAAATTATCAC	1
170	169	3	TTGTTAAACAACTAAATTATCACT	1
171	170	3	TGTTAAACAACTAAATTATCACTT	1
172	171	3	GTTAAACAACTAAATTATCACTTA	1
173	172	3	TTAAACAACTAAATTATCACTTAT	1
174	173	3	TAAACAACTAAATTATCACTTATC	1
175	174	3	AAACAACTAAATTATCACTTATCC	1
176	175	3	AACAACTAAATTATCACTTATCCT	1
177	176	3	ACAACTAAATTATCACTTATCCTA	1
178	177	3	CAACTAAATTATCACTTATCCTAT	1
179	178	3	AACTAAATTATCACTTATCCTATG	1
180	179	3	ACTAAATTATCACTTATCCTATGT	1
181	180	3	CTAAATTATCACTTATCCTATGTC	1
182	181	3	TAAATTATCACTTATCCTATGTCA	1
183	182	3	AAATTATCACTTATCCTATGTCAA	1
184	183	3	AATTATCACTTATCCTATGTCAAA	1
185	184	3	ATTATCACTTATCCTATGTCAAAT	1
186	185	3	TTATCACTTATCCTATGTCAAATT	1
187	186	3	TATCACTTATCCTATGTCAAATTT	1
188	187	3	ATCACTTATCCTATGTCAAATTTC	1
189	188	3	TCACTTATCCTATGTCAAATTTCC	1
190	189	4	CACTTATCCTATGTCAAATTTCCA	1
191	190	4	ACTTATCCTATGTCAAATTTCCAA	1
192	191	4	CTTATCCTATGTCAAATTTCCAAT	1
193	192	4	TTATCCTATGTCAAATTTCCAATC	1
194	193	4	TATCCTATGTCAAATTTCCAATCC	1
195	194	4	ATCCTATGTCAAATTTCCAATCCG	1
196	195	3	TCCTATGTCAAATTTCCAATCCGG	1
197	196	2	CCTATGTCAAATTTCCAATCCGGC	1
198	197	1	CTATGTCAAATTTCCAATCCGGCC	1
199	198	1	TATGTCAAATTTCCAATCCGGCCA	1
200	199	1	ATGTCAAATTTCCAATCCGGCCAC	1
201	200	1	TGTCAAATTTCCAATCCGGCCACT	1
202	201	1	GTCAAATTTCCAATCCGGCCACTT	1
203	202	1	TCAAATTTCCAATCCGGCCACTTG	1
204	203	1	CAAATTTCCAATCCGGCCACTTGA	1
205	204	1	AAATTTCCAATCCGGCCACTTGAT	1
206	205	1	AATTTCCAATCCGGCCACTTGATG	1
207	206	1	ATTTCCAATCCGGCCACTTGATGA	1
208	207	1	TTTCCAATCCGGCCACTTGATGAA	1
209	208	1	TTCCAATCCGGCCACTTGATGAAC	1
210	209	1	TCCAATCCGGCCACTTGATGAACT	1
211	210	1	CCAATCCGGCCACTTGATGAACTA	1
212	211	1	CAATCCGGCCACTTGATGAACTAT	1
213	212	1	AATCCGGCCACTTGATGAACTATT	1
214	213	1	ATCCGGCCACTTGATGAACTATTT	1
215	214	1	TCCGGCCACTTGATGAACTATTTA	1
216	215	1	CCGGCCACTTGATGAACTATTTAC	1
217	216	1	CGGCCACTTGATGAACTATTTACG	1
218	217	1	GGCCACTTGATGAACTATTTACGT	1
219	218	1	GCCACTTGATGAACTATTTACGTT	1
220	219	1	CCACTTGATGAACTATTTACGTTT	1
221	220	1	CACTTGATGAACTATTTACGTTTA	1
222	221	1	ACTTGATGAACTATTTACGTTTAT	1
223	222	1	CTTGATGAACTATTTACGTTTATA	1
224	223	1	TTGATGAACTATTTACGTTTATAA	1
225	224	1	TGATGAACTATTTACGTTTATAAT	1
226	225	1	GATGAACTATTTACGTTTATAATA	1
227	226	1	ATGAACTATTTACGTTTATAATAA	1
228	227	1	TGAACTATTTACGTTTATAATAAA	1
229	228	1	GAACTATTTACGTTTATAATAAAT	1
230	229	1	AACTATTTACGTTTATAATAAATA	1
231	230	1	ACTATTTACGTTTATAATAAATAA	1
232	231	1	CTATTTACGTTTATAATAAATAAA	1
233	232	1	TATTTACGTTTATAATAAATAAAA	1
234	-1	0	TTCGCGCTTCCTTTTCTACTCCTC	1
235	234	1	TCGCGCTTCCTTTTCTACTCCTCC	1
236	235	1	CGCGCTTCCTTTTCTACTCCTCCT	1
237	236	1	GCGCTTCCTTTTCTACTCCTCCTT	1
238	237	1	CGCTTCCTTTTCTACTCCTCCTTC	1
239	238	1	GCTTCCTTTTCTACTCCTCCTTCA	1
240	239	1	CTTCCTTTTCTACTCCTCCTTCAT	1
241	240	1	TTCCTTTTCTACTCCTCCTTCATA	1
242	241	1	TCCTTTTCTACTCCTCCTTCATAC	1
243	242	1	CCTTTTCTACTCCTCCTTCATACT	1
244	243	1	CTTTTCTACTCCTCCTTCATACTC	1
245	244	1	TTTTCTACTCCTCCTTCATACTCC	1
246	245	1	TTTCTACTCCTCCTTCATACTCCA	1
247	246	1	TTCTACTCCTCCTTCATACTCCAA	1
248	247	1	TCTACTCCTCCTTCATACTCCAAA	1
249	248	1	CTACTCCTCCTTCATACTCCAAAT	1
250	249	1	TACTCCTCCTTCATACTCCAAATA	1
251	250	1	ACTCCTCCTTCATACTCCAAATAC	1
252	251	1	CTCCTCCTTCATACTCCAAATACC	1
253	252	1	TCCTCCTTCATACTCCAAATACCA	1
254	253	1	CCTCCTTCATACTCCAAATACCAA	1
255	254	1	CTCCTTCATACTCCAAATACCAAG	1
256	255	1	TCCTTCATACTCCAAATACCAAGG	1
257	256	1	CCTTCATACTCCAAATACCAAGGC	1
258	257	1	CTTCATACTCCAAATACCAAGGCG	1
259	258	1	TTCATACTCCAAATACCAAGGCGA	1
260	259	1	TCATACTCCAAATACCAAGGCGAT	1
261	260	1	CATACTCCAAATACCAAGGCGATG	1
262	261	1	ATACTCCAAATACCAAGGCGATGT	1
263	262	1	TACTCCAAATACCAAGGCGATGTG	1
264	263	1	ACTCCAAATACCAAGGCGATGTGA	1
265	264	2	CTCCAAATACCAAGGCGATGTGAA	1
266	265	2	TCCAAATACCAAGGCGATGTGAAG	1
267	266	2	CCAAATACCAAGGCGATGTGAAGG	1
268	267	2	CAAATACCAAGGCGATGTGAAGGT	1
269	268	2	AAATACCAAGGCGATGTGAAGGTG	1
270	269	3	AATACCAAGGCGATGTGAAGGTGT	1
271	270	3	ATACCAAGGCGATGTGAAGGTGTC	1
272	271	3	TACCAAGGCGATGTGAAGGTGTCA	1
273	272	3	ACCAAGGCGATGTGAAGGTGTCAC	1
274	273	3	CCAAGGCGATGTGAAGGTGTCACC	1
275	274	3	CAAGGCGATGTGAAGGTGTCACCT	1
276	275	3	AAGGCGATGTGAAGGTGTCACCTT	1
277	276	3	AGGCGATGTGAAGGTGTCACCTTT	1
278	277	3	GGCGATGTGAAGGTGTCACCTTTA	1
279	278	2	GCGATGTGAAGGTGTCACCTTTAC	1
280	279	3	CGATGTGAAGGTGTCACCTTTACC	1
281	280	3	GATGTGAAGGTGTCACCTTTACCT	1
282	281	3	ATGTGAAGGTGTCACCTTTACCTT	1
283	282	3	TGTGAAGGTGTCACCTTTACCTTC	1
284	283	3	GTGAAGGTGTCACCTTTACCTTCT	1
285	284	3	TGAAGGTGTCACCTTTACCTTCTA	1
286	285	3	GAAGGTGTCACCTTTACCTTCTAC	1
287	286	3	AAGGTGTCACCTTTACCTTCTACC	1
288	287	3	AGGTGTCACCTTTACCTTCTACCC	1
289	288	3	GGTGTCACCTTTACCTTCTACCCT	1
290	289	3	GTGTCACCTTTACCTTCTACCCTC	1
291	290	4	TGTCACCTTTACCTTCTACCCTCA	1
292	291	4	GTCACCTTTACCTTCTACCCTCAC	1
293	292	4	TCACCTTTACCTTCTACCCTCACT	1
294	293	4	CACCTTTACCTTCTACCCTCACTG	1
295	294	4	ACCTTTACCTTCTACCCTCACTGG	1
296	295	4	CCTTTACCTTCTACCCTCACTGGA	1
297	296	4	CTTTACCTTCTACCCTCACTGGAA	1
298	297	6	TTTACCTTCTACCCTCACTGGAAA	1
299	298	6	TTACCTTCTACCCTCACTGGAAAA	1
300	299	6	TACCTTCTACCCTCACTGGAAAAG	1
301	300	6	ACCTTCTACCCTCACTGGAAAAGA	1
302	301	6	CCTTCTACCCTCACTGGAAAAGAA	1
303	302	6	CTTCTACCCTCACTGGAAAAGAAG	1
304	303	6	TTCTACCCTCACTGGAAAAGAAGA	1
305	304	6	TCTACCCTCACTGGAAAAGAAGAT	1
306	305	6	CTACCCTCACTGGAAAAGAAGATC	1
307	306	6	TACCCTCACTGGAAAAGAAGATCC	1
308	307	6	ACCCTCACTGGAAAAGAAGATCCC	1
309	308	5	CCCTCACTGGAAAAGAAGATCCCG	1
310	309	5	CCTCACTGGAAAAGAAGATCCCGG	1
311	310	5	CTCACTGGAAAAGAAGATCCCGGG	1
312	311	5	TCACTGGAAAAGAAGATCCCGGGG	1
313	312	5	CACTGGAAAAGAAGATCCCGGGGT	1
314	313	4	ACTGGAAAAGAAGATCCCGGGGTT	1
315	314	4	CTGGAAAAGAAGATCCCGGGGTTA	1
316	315	4	TGGAAAAGAAGATCCCGGGGTTAT	1
317	316	4	GGAAAAGAAGATCCCGGGGTTATT	1
318	317	4	GAAAAGAAGATCCCGGGGTTATTG	1
319	318	4	AAAAGAAGATCCCGGGGTTATTGA	1
320	319	4	AAAGAAGATCCCGGGGTTATTGAA	1
321	320	4	AAGAAGATCCCGGGGTTATTGAAG	1
322	321	4	AGAAGATCCCGGGGTTATTGAAGC	1
323	322	3	GAAGATCCCGGGGTTATTGAAGCT	1
324	323	3	AAGATCCCGGGGTTATTGAAGCTT	1
325	324	3	AGATCCCGGGGTTATTGAAGCTTG	1
326	325	3	GATCCCGGGGTTATTGAAGCTTGG	1
327	326	3	ATCCCGGGGTTATTGAAGCTTGGA	1
328	327	3	TCCCGGGGTTATTGAAGCTTGGAA	1
329	328	3	CCCGGGGTTATTGAAGCTTGGAAG	1
330	329	4	CCGGGGTTATTGAAGCTTGGAAGA	1
331	330	4	CGGGGTTATTGAAGCTTGGAAGAC	1
332	331	4	GGGGTTATTGAAGCTTGGAAGACT	1
333	332	4	GGGTTATTGAAGCTTGGAAGACTG	1
334	333	4	GGTTATTGAAGCTTGGAAGACTGC	1
335	334	3	GTTATTGAAGCTTGGAAGACTGCT	1
336	335	3	TTATTGAAGCTTGGAAGACTGCTT	1
337	336	3	TATTGAAGCTTGGAAGACTGCTTG	1
338	337	3	ATTGAAGCTTGGAAGACTGCTTGG	1
339	338	3	TTGAAGCTTGGAAGACTGCTTGGG	1
340	339	3	TGAAGCTTGGAAGACTGCTTGGGG	1
341	340	3	GAAGCTTGGAAGACTGCTTGGGGT	1
342	341	1	AAGCTTGGAAGACTGCTTGGGGTA	1
343	342	1	AGCTTGGAAGACTGCTTGGGGTAG	1
344	343	1	GCTTGGAAGACTGCTTGGGGTAGA	1
345	344	1	CTTGGAAGACTGCTTGGGGTAGAT	1
346	345	1	TTGGAAGACTGCTTGGGGTAGATT	1
347	346	1	TGGAAGACTGCTTGGGGTAGATTT	1
348	347	1	GGAAGACTGCTTGGGGTAGATTTT	1
349	348	1	GAAGACTGCTTGGGGTAGATTTTC	1
350	349	1	AAGACTGCTTGGGGTAGATTTTCT	1
351	350	2	AGACTGCTTGGGGTAGATTTTCTC	1
352	351	2	GACTGCTTGGGGTAGATTTTCTCT	1
353	352	2	ACTGCTTGGGGTAGATTTTCTCTT	1
354	353	2	CTGCTTGGGGTAGATTTTCTCTTG	1
355	354	2	TGCTTGGGGTAGATTTTCTCTTGT	1
356	355	2	GCTTGGGGTAGATTTTCTCTTGTT	1
357	356	3	CTTGGGGTAGATTTTCTCTTGTTG	1
358	357	3	TTGGGGTAGATTTTCTCTTGTTGT	1
359	358	3	TGGGGTAGATTTTCTCTTGTTGTT	1
360	359	3	GGGGTAGATTTTCTCTTGTTGTTT	1
361	360	3	GGGTAGATTTTCTCTTGTTGTTTG	1
362	361	3	GGTAGATTTTCTCTTGTTGTTTGT	1
363	362	3	GTAGATTTTCTCTTGTTGTTTGTG	1
364	363	3	TAGATTTTCTCTTGTTGTTTGTGA	1
365	364	3	AGATTTTCTCTTGTTGTTTGTGAG	1
366	365	3	GATTTTCTCTTGTTGTTTGTGAGG	1
367	366	3	ATTTTCTCTTGTTGTTTGTGAGGC	1
368	367	3	TTTTCTCTTGTTGTTTGTGAGGCT	1
369	368	3	TTTCTCTTGTTGTTTGTGAGGCTA	1
370	369	3	TTCTCTTGTTGTTTGTGAGGCTAA	1
371	370	3	TCTCTTGTTGTTTGTGAGGCTAAC	1
372	371	3	CTCTTGTTGTTTGTGAGGCTAACG	1
373	372	3	TCTTGTTGTTTGTGAGGCTAACGA	1
374	373	2	CTTGTTGTTTGTGAGGCTAACGAA	1
375	374	2	TTGTTGTTTGTGAGGCTAACGAAG	1
376	375	2	TGTTGTTTGTGAGGCTAACGAAGT	1
377	376	2	GTTGTTTGTGAGGCTAACGAAGTC	1
378	377	2	TTGTTTGTGAGGCTAACGAAGTCG	1
379	378	2	TGTTTGTGAGGCTAACGAAGTCGA	1
380	379	2	GTTTGTGAGGCTAACGAAGTCGAG	1
381	380	2	TTTGTGAGGCTAACGAAGTCGAGT	1
382	381	2	TTGTGAGGCTAACGAAGTCGAGTT	1
383	382	2	TGTGAGGCTAACGAAGTCGAGTTT	1
384	383	2	GTGAGGCTAACGAAGTCGAGTTTT	1
385	384	2	TGAGGCTAACGAAGTCGAGTTTTT	1
386	385	2	GAGGCTAACGAAGTCGAGTTTTTG	1
387	386	3	AGGCTAACGAAGTCGAGTTTTTGA	1
388	387	3	GGCTAACGAAGTCGAGTTTTTGAA	1
389	388	3	GCTAACGAAGTCGAGTTTTTGAAT	1
390	389	3	CTAACGAAGTCGAGTTTTTGAATC	1
391	390	3	TAACGAAGTCGAGTTTTTGAATCT	1
392	391	3	AACGAAGTCGAGTTTTTGAATCTT	1
393	392	3	ACGAAGTCGAGTTTTTGAATCTTA	1
394	393	3	CGAAGTCGAGTTTTTGAATCTTAC	1
395	394	2	GAAGTCGAGTTTTTGAATCTTACC	1
396	395	2	AAGTCGAGTTTTTGAATCTTACCC	1
397	396	2	AGTCGAGTTTTTGAATCTTACCCC	1
398	397	2	GTCGAGTTTTTGAATCTTACCCCT	1
399	398	2	TCGAGTTTTTGAATCTTACCCCTC	1
400	399	2	CGAGTTTTTGAATCTTACCCCTCC	1
401	400	1	GAGTTTTTGAATCTTACCCCTCCT	1
402	401	1	AGTTTTTGAATCTTACCCCTCCTC	1
403	402	1	GTTTTTGAATCTTACCCCTCCTCC	1
404	403	1	TTTTTGAATCTTACCCCTCCTCCA	1
405	404	1	TTTTGAATCTTACCCCTCCTCCAG	1
406	405	1	TTTGAATCTTACCCCTCCTCCAGG	1
407	406	1	TTGAATCTTACCCCTCCTCCAGGA	1
408	407	1	TGAATCTTACCCCTCCTCCAGGAA	1
409	408	1	GAATCTTACCCCTCCTCCAGGAAA	1
410	409	1	AATCTTACCCCTCCTCCAGGAAAG	1
411	410	1	ATCTTACCCCTCCTCCAGGAAAGC	1
412	411	1	TCTTACCCCTCCTCCAGGAAAGCG	1
413	412	1	CTTACCCCTCCTCCAGGAAAGCGC	1
414	413	1	TTACCCCTCCTCCAGGAAAGCGCG	1
415	414	1	TACCCCTCCTCCAGGAAAGCGCGT	1
416	415	1	ACCCCTCCTCCAGGAAAGCGCGTT	1
417	416	1	CCCCTCCTCCAGGAAAGCGCGTTT	1
418	417	1	CCCTCCTCCAGGAAAGCGCGTTTT	1
419	418	1	CCTCCTCCAGGAAAGCGCGTTTTG	1
420	419	1	CTCCTCCAGGAAAGCGCGTTTTGC	1
421	420	1	TCCTCCAGGAAAGCGCGTTTTGCA	1
422	421	1	CCTCCAGGAAAGCGCGTTTTGCAC	1
423	422	1	CTCCAGGAAAGCGCGTTTTGCACA	1
424	423	1	TCCAGGAAAGCGCGTTTTGCACAA	1
425	424	1	CCAGGAAAGCGCGTTTTGCACAAT	1
426	425	1	CAGGAAAGCGCGTTTTGCACAATA	1
427	426	1	AGGAAAGCGCGTTTTGCACAATAG	1
428	427	1	GGAAAGCGCGTTTTGCACAATAGA	1
429	428	1	GAAAGCGCGTTTTGCACAATAGAG	1
430	429	1	AAAGCGCGTTTTGCACAATAGAGA	1
431	-1	0	ATGTTTTCCTTTTTTTTTCGCACA	1
432	431	1	TGTTTTCCTTTTTTTTTCGCACAT	1
433	432	1	GTTTTCCTTTTTTTTTCGCACATC	1
434	433	1	TTTTCCTTTTTTTTTCGCACATCC	1
435	434	1	TTTCCTTTTTTTTTCGCACATCCT	1
436	435	1	TTCCTTTTTTTTTCGCACATCCTT	1
437	436	1	TCCTTTTTTTTTCGCACATCCTTT	1
438	437	1	CCTTTTTTTTTCGCACATCCTTTA	1
439	438	1	CTTTTTTTTTCGCACATCCTTTAT	1
440	439	1	TTTTTTTTTCGCACATCCTTTATG	1
441	440	1	TTTTTTTTCGCACATCCTTTATGA	1
442	441	1	TTTTTTTCGCACATCCTTTATGAA	1
443	442	1	TTTTTTCGCACATCCTTTATGAAT	1
444	443	1	TTTTTCGCACATCCTTTATGAATT	1
445	444	1	TTTTCGCACATCCTTTATGAATTG	1
446	445	1	TTTCGCACATCCTTTATGAATTGA	1
447	446	1	TTCGCACATCCTTTATGAATTGAT	1
448	447	1	TCGCACATCCTTTATGAATTGATT	1
449	448	1	CGCACATCCTTTATGAATTGATTG	1
450	449	1	GCACATCCTTTATGAATTGATTGC	1
451	450	1	CACATCCTTTATGAATTGATTGCT	1
452	451	1	ACATCCTTTATGAATTGATTGCTC	1
453	452	1	CATCCTTTATGAATTGATTGCTCT	1
454	453	1	ATCCTTTATGAATTGATTGCTCTT	1
455	454	1	TCCTTTATGAATTGATTGCTCTTG	1
456	455	1	CCTTTATGAATTGATTGCTCTTGA	1
457	456	1	CTTTATGAATTGATTGCTCTTGAT	1
458	457	1	TTTATGAATTGATTGCTCTTGATA	1
459	458	1	TTATGAATTGATTGCTCTTGATAA	1
460	459	1	TATGAATTGATTGCTCTTGATAAA	1
461	460	1	ATGAATTGATTGCTCTTGATAAAC	1
462	461	1	TGAATTGATTGCTCTTGATAAACG	1
463	462	1	GAATTGATTGCTCTTGATAAACGT	1
464	463	2	AATTGATTGCTCTTGATAAACGTG	1
465	464	2	ATTGATTGCTCTTGATAAACGTGC	1
466	465	2	TTGATTGCTCTTGATAAACGTGCA	1
467	466	2	TGATTGCTCTTGATAAACGTGCAA	1
468	467	2	GATTGCTCTTGATAAACGTGCAAT	1
469	468	2	ATTGCTCTTGATAAACGTGCAATA	1
470	469	2	TTGCTCTTGATAAACGTGCAATAC	1
471	470	2	TGCTCTTGATAAACGTGCAATACT	1
472	471	2	GCTCTTGATAAACGTGCAATACTT	1
473	472	2	CTCTTGATAAACGTGCAATACTTA	1
474	473	2	TCTTGATAAACGTGCAATACTTAT	1
475	474	3	CTTGATAAACGTGCAATACTTATG	1
476	475	2	TTGATAAACGTGCAATACTTATGA	1
477	476	2	TGATAAACGTGCAATACTTATGAA	1
478	477	2	GATAAACGTGCAATACTTATGAAC	1
479	478	2	ATAAACGTGCAATACTTATGAACT	1
480	479	2	TAAACGTGCAATACTTATGAACTA	1
481	480	2	AAACGTGCAATACTTATGAACTAC	1
482	481	2	AACGTGCAATACTTATGAACTACG	1
483	482	2	ACGTGCAATACTTATGAACTACGA	1
484	483	2	CGTGCAATACTTATGAACTACGAA	1
485	484	2	GTGCAATACTTATGAACTACGAAT	1
486	485	2	TGCAATACTTATGAACTACGAATA	1
487	486	2	GCAATACTTATGAACTACGAATAT	1
488	487	2	CAATACTTATGAACTACGAATATT	1
489	488	2	AATACTTATGAACTACGAATATTA	1
490	489	2	ATACTTATGAACTACGAATATTAA	1
491	490	2	TACTTATGAACTACGAATATTAAC	1
492	491	2	ACTTATGAACTACGAATATTAACT	1
493	492	2	CTTATGAACTACGAATATTAACTT	1
494	493	2	TTATGAACTACGAATATTAACTTA	1
495	494	2	TATGAACTACGAATATTAACTTAT	1
496	495	2	ATGAACTACGAATATTAACTTATA	1
497	496	2	TGAACTACGAATATTAACTTATAA	1
498	497	2	GAACTACGAATATTAACTTATAAT	1
499	498	2	AACTACGAATATTAACTTATAATG	1
500	499	2	ACTACGAATATTAACTTATAATGA	1
501	500	2	CTACGAATATTAACTTATAATGAT	1
502	501	2	TACGAATATTAACTTATAATGATT	1
503	502	2	ACGAATATTAACTTATAATGATTA	1
504	503	2	CGAATATTAACTTATAATGATTAC	1
505	504	2	GAATATTAACTTATAATGATTACT	1
506	505	2	AATATTAACTTATAATGATTACTC	1
507	506	2	ATATTAACTTATAATGATTACTCC	1
508	507	1	TATTAACTTATAATGATTACTCCT	1
509	508	1	ATTAACTTATAATGATTACTCCTA	1
510	509	3	TTAACTTATAATGATTACTCCTAA	1
511	510	3	TAACTTATAATGATTACTCCTAAC	1
512	511	3	AACTTATAATGATTACTCCTAACA	1
513	512	3	ACTTATAATGATTACTCCTAACAT	1
514	513	3	CTTATAATGATTACTCCTAACATT	1
515	514	3	TTATAATGATTACTCCTAACATTT	1
516	515	3	TATAATGATTACTCCTAACATTTT	1
517	516	3	ATAATGATTACTCCTAACATTTTG	1
518	517	3	TAATGATTACTCCTAACATTTTGG	1
519	518	3	AATGATTACTCCTAACATTTTGGT	1
520	519	3	ATGATTACTCCTAACATTTTGGTT	1
521	520	3	TGATTACTCCTAACATTTTGGTTC	1
522	521	3	GATTACTCCTAACATTTTGGTTCT	1
523	522	3	ATTACTCCTAACATTTTGGTTCTT	1
524	523	3	TTACTCCTAACATTTTGGTTCTTT	1
525	524	3	TACTCCTAACATTTTGGTTCTTTT	1
526	525	3	ACTCCTAACATTTTGGTTCTTTTT	1
527	526	3	CTCCTAACATTTTGGTTCTTTTTT	1
528	527	3	TCCTAACATTTTGGTTCTTTTTTT	1
529	528	3	CCTAACATTTTGGTTCTTTTTTTT	1
530	529	3	CTAACATTTTGGTTCTTTTTTTTT	1
531	530	3	TAACATTTTGGTTCTTTTTTTTTG	1
532	531	3	AACATTTTGGTTCTTTTTTTTTGT	1
533	532	3	ACATTTTGGTTCTTTTTTTTTGTG	1
534	533	3	CATTTTGGTTCTTTTTTTTTGTGG	1
535	534	3	ATTTTGGTTCTTTTTTTTTGTGGA	1
536	535	3	TTTTGGTTCTTTTTTTTTGTGGAG	1
537	536	3	TTTGGTTCTTTTTTTTTGTGGAGT	1
538	537	3	TTGGTTCTTTTTTTTTGTGGAGTA	1
539	538	3	TGGTTCTTTTTTTTTGTGGAGTAT	1
540	539	3	GGTTCTTTTTTTTTGTGGAGTATA	1
541	540	3	GTTCTTTTTTTTTGTGGAGTATAT	1
542	541	3	TTCTTTTTTTTTGTGGAGTATATG	1
543	542	3	TCTTTTTTTTTGTGGAGTATATGA	1
544	543	3	CTTTTTTTTTGTGGAGTATATGAA	1
545	544	3	TTTTTTTTTGTGGAGTATATGAAA	1
546	545	3	TTTTTTTTGTGGAGTATATGAAAA	1
547	546	4	TTTTTTTGTGGAGTATATGAAAAA	1
548	547	4	TTTTTTGTGGAGTATATGAAAAAG	1
549	548	4	TTTTTGTGGAGTATATGAAAAAGG	1
550	549	4	TTTTGTGGAGTATATGAAAAAGGT	1
551	550	4	TTTGTGGAGTATATGAAAAAGGTC	1
552	551	4	TTGTGGAGTATATGAAAAAGGTCT	1
553	552	4	TGTGGAGTATATGAAAAAGGTCTG	1
554	553	2	GTGGAGTATATGAAAAAGGTCTGA	1
555	554	2	TGGAGTATATGAAAAAGGTCTGAT	1
556	555	2	GGAGTATATGAAAAAGGTCTGATT	1
557	556	2	GAGTATATGAAAAAGGTCTGATTC	1
558	557	2	AGTATATGAAAAAGGTCTGATTCC	1
559	558	2	GTATATGAAAAAGGTCTGATTCCC	1
560	559	2	TATATGAAAAAGGTCTGATTCCCT	1
561	560	2	ATATGAAAAAGGTCTGATTCCCTC	1
562	561	2	TATGAAAAAGGTCTGATTCCCTCA	1
563	562	1	ATGAAAAAGGTCTGATTCCCTCAA	1
564	563	1	TGAAAAAGGTCTGATTCCCTCAAA	1
565	564	1	GAAAAAGGTCTGATTCCCTCAAAT	1
566	565	1	AAAAAGGTCTGATTCCCTCAAATT	1
567	566	1	AAAAGGTCTGATTCCCTCAAATTT	1
568	567	1	AAAGGTCTGATTCCCTCAAATTTG	1
569	568	1	AAGGTCTGATTCCCTCAAATTTGC	1
570	569	1	AGGTCTGATTCCCTCAAATTTGCC	1
571	570	1	GGTCTGATTCCCTCAAATTTGCCT	1
572	571	1	GTCTGATTCCCTCAAATTTGCCTA	1
573	572	1	TCTGATTCCCTCAAATTTGCCTAG	1
574	573	1	CTGATTCCCTCAAATTTGCCTAGC	1
575	574	1	TGATTCCCTCAAATTTGCCTAGCT	1
576	575	1	GATTCCCTCAAATTTGCCTAGCTT	1
577	576	1	ATTCCCTCAAATTTGCCTAGCTTA	1
578	577	1	TTCCCTCAAATTTGCCTAGCTTAC	1
579	578	1	TCCCTCAAATTTGCCTAGCTTACA	1
580	579	1	CCCTCAAATTTGCCTAGCTTACAA	1
581	580	1	CCTCAAATTTGCCTAGCTTACAAT	1
582	581	1	CTCAAATTTGCCTAGCTTACAATT	1
583	582	1	TCAAATTTGCCTAGCTTACAATTC	1
584	583	1	CAAATTTGCCTAGCTTACAATTCG	1
585	584	1	AAATTTGCCTAGCTTACAATTCGG	1
586	585	1	AATTTGCCTAGCTTACAATTCGGT	1
587	586	1	ATTTGCCTAGCTTACAATTCGGTG	1
588	587	1	TTTGCCTAGCTTACAATTCGGTGG	1
589	588	1	TTGCCTAGCTTACAATTCGGTGGG	1
590	589	1	TGCCTAGCTTACAATTCGGTGGGT	1
