Component 414
1	-1	0	GAAAAGGGCTAGTCTTTACGTCTG	1
2	1	1	AAAAGGGCTAGTCTTTACGTCTGT	1
3	2	1	AAAGGGCTAGTCTTTACGTCTGTA	1
4	3	1	AAGGGCTAGTCTTTACGTCTGTAA	1
5	4	1	AGGGCTAGTCTTTACGTCTGTAAC	1
6	5	1	GGGCTAGTCTTTACGTCTGTAACT	1
7	6	1	GGCTAGTCTTTACGTCTGTAACTC	1
8	7	1	GCTAGTCTTTACGTCTGTAACTCT	1
9	8	1	CTAGTCTTTACGTCTGTAACTCTC	1
10	9	1	TAGTCTTTACGTCTGTAACTCTCC	1
11	10	1	AGTCTTTACGTCTGTAACTCTCCT	1
12	11	1	GTCTTTACGTCTGTAACTCTCCTG	1
13	12	1	TCTTTACGTCTGTAACTCTCCTGT	1
14	13	1	CTTTACGTCTGTAACTCTCCTGTT	1
15	14	1	TTTACGTCTGTAACTCTCCTGTTA	1
16	15	1	TTACGTCTGTAACTCTCCTGTTAA	1
17	16	1	TACGTCTGTAACTCTCCTGTTAAT	1
18	17	1	ACGTCTGTAACTCTCCTGTTAATG	1
19	18	1	CGTCTGTAACTCTCCTGTTAATGC	1
20	19	1	GTCTGTAACTCTCCTGTTAATGCG	1
21	20	1	TCTGTAACTCTCCTGTTAATGCGA	1
22	21	1	CTGTAACTCTCCTGTTAATGCGAT	1
23	22	1	TGTAACTCTCCTGTTAATGCGATT	1
24	23	1	GTAACTCTCCTGTTAATGCGATTT	1
25	24	1	TAACTCTCCTGTTAATGCGATTTG	1
26	25	1	AACTCTCCTGTTAATGCGATTTGC	1
27	26	1	ACTCTCCTGTTAATGCGATTTGCT	1
28	27	1	CTCTCCTGTTAATGCGATTTGCTG	1
29	28	1	TCTCCTGTTAATGCGATTTGCTGC	1
30	29	1	CTCCTGTTAATGCGATTTGCTGCG	1
31	30	1	TCCTGTTAATGCGATTTGCTGCGA	1
32	31	1	CCTGTTAATGCGATTTGCTGCGAA	1
33	32	1	CTGTTAATGCGATTTGCTGCGAAA	1
34	33	1	TGTTAATGCGATTTGCTGCGAAAA	1
35	34	1	GTTAATGCGATTTGCTGCGAAAAG	1
36	35	1	TTAATGCGATTTGCTGCGAAAAGC	1
37	36	2	TAATGCGATTTGCTGCGAAAAGCT	1
38	37	2	AATGCGATTTGCTGCGAAAAGCTA	1
39	38	3	ATGCGATTTGCTGCGAAAAGCTAA	1
40	39	5	TGCGATTTGCTGCGAAAAGCTAAT	1
41	40	5	GCGATTTGCTGCGAAAAGCTAATC	1
42	41	5	CGATTTGCTGCGAAAAGCTAATCC	1
43	42	5	GATTTGCTGCGAAAAGCTAATCCC	1
44	43	5	ATTTGCTGCGAAAAGCTAATCCCT	1
45	44	5	TTTGCTGCGAAAAGCTAATCCCTT	1
46	45	5	TTGCTGCGAAAAGCTAATCCCTTT	1
47	46	5	TGCTGCGAAAAGCTAATCCCTTTA	1
48	47	5	GCTGCGAAAAGCTAATCCCTTTAG	1
49	48	5	CTGCGAAAAGCTAATCCCTTTAGA	1
50	49	5	TGCGAAAAGCTAATCCCTTTAGAT	1
51	50	5	GCGAAAAGCTAATCCCTTTAGATA	1
52	51	5	CGAAAAGCTAATCCCTTTAGATAA	1
53	52	5	GAAAAGCTAATCCCTTTAGATAAG	1
54	53	5	AAAAGCTAATCCCTTTAGATAAGT	1
55	54	5	AAAGCTAATCCCTTTAGATAAGTT	1
56	55	5	AAGCTAATCCCTTTAGATAAGTTA	1
57	56	5	AGCTAATCCCTTTAGATAAGTTAT	1
58	57	5	GCTAATCCCTTTAGATAAGTTATC	1
59	58	5	CTAATCCCTTTAGATAAGTTATCT	1
60	59	5	TAATCCCTTTAGATAAGTTATCTC	1
61	60	5	AATCCCTTTAGATAAGTTATCTCA	1
62	61	5	ATCCCTTTAGATAAGTTATCTCAA	1
63	62	5	TCCCTTTAGATAAGTTATCTCAAA	1
64	63	5	CCCTTTAGATAAGTTATCTCAAAC	1
65	64	4	CCTTTAGATAAGTTATCTCAAACA	1
66	65	4	CTTTAGATAAGTTATCTCAAACAC	1
67	66	4	TTTAGATAAGTTATCTCAAACACG	1
68	67	4	TTAGATAAGTTATCTCAAACACGG	1
69	68	4	TAGATAAGTTATCTCAAACACGGT	1
70	69	4	AGATAAGTTATCTCAAACACGGTC	1
71	70	4	GATAAGTTATCTCAAACACGGTCT	1
72	71	4	ATAAGTTATCTCAAACACGGTCTT	1
73	72	4	TAAGTTATCTCAAACACGGTCTTG	1
74	73	4	AAGTTATCTCAAACACGGTCTTGA	1
75	74	4	AGTTATCTCAAACACGGTCTTGAA	1
76	75	4	GTTATCTCAAACACGGTCTTGAAA	1
77	76	5	TTATCTCAAACACGGTCTTGAAAC	1
78	77	4	TATCTCAAACACGGTCTTGAAACT	1
79	78	4	ATCTCAAACACGGTCTTGAAACTC	1
80	79	4	TCTCAAACACGGTCTTGAAACTCC	1
81	80	2	CTCAAACACGGTCTTGAAACTCCT	1
82	81	2	TCAAACACGGTCTTGAAACTCCTG	1
83	82	2	CAAACACGGTCTTGAAACTCCTGG	1
84	83	1	AAACACGGTCTTGAAACTCCTGGT	1
85	84	1	AACACGGTCTTGAAACTCCTGGTT	1
86	85	1	ACACGGTCTTGAAACTCCTGGTTA	1
87	86	1	CACGGTCTTGAAACTCCTGGTTAA	1
88	87	1	ACGGTCTTGAAACTCCTGGTTAAT	1
89	88	1	CGGTCTTGAAACTCCTGGTTAATT	1
90	89	1	GGTCTTGAAACTCCTGGTTAATTG	1
91	90	1	GTCTTGAAACTCCTGGTTAATTGT	1
92	91	1	TCTTGAAACTCCTGGTTAATTGTA	1
93	92	1	CTTGAAACTCCTGGTTAATTGTAG	1
94	93	1	TTGAAACTCCTGGTTAATTGTAGT	1
95	94	1	TGAAACTCCTGGTTAATTGTAGTC	1
96	95	1	GAAACTCCTGGTTAATTGTAGTCG	1
97	96	1	AAACTCCTGGTTAATTGTAGTCGT	1
98	97	1	AACTCCTGGTTAATTGTAGTCGTT	1
99	98	1	ACTCCTGGTTAATTGTAGTCGTTT	1
100	99	1	CTCCTGGTTAATTGTAGTCGTTTA	1
101	100	1	TCCTGGTTAATTGTAGTCGTTTAT	1
102	101	1	CCTGGTTAATTGTAGTCGTTTATC	1
103	102	1	CTGGTTAATTGTAGTCGTTTATCG	1
104	103	1	TGGTTAATTGTAGTCGTTTATCGT	1
105	104	1	GGTTAATTGTAGTCGTTTATCGTC	1
106	105	1	GTTAATTGTAGTCGTTTATCGTCT	1
107	106	1	TTAATTGTAGTCGTTTATCGTCTT	1
108	107	1	TAATTGTAGTCGTTTATCGTCTTA	1
109	108	1	AATTGTAGTCGTTTATCGTCTTAC	1
110	109	1	ATTGTAGTCGTTTATCGTCTTACA	1
111	110	1	TTGTAGTCGTTTATCGTCTTACAT	1
112	111	1	TGTAGTCGTTTATCGTCTTACATA	1
113	112	1	GTAGTCGTTTATCGTCTTACATAA	1
114	113	1	TAGTCGTTTATCGTCTTACATAAT	1
115	114	1	AGTCGTTTATCGTCTTACATAATT	1
116	115	1	GTCGTTTATCGTCTTACATAATTT	1
117	116	1	TCGTTTATCGTCTTACATAATTTA	1
118	117	1	CGTTTATCGTCTTACATAATTTAT	1
119	118	1	GTTTATCGTCTTACATAATTTATT	1
120	119	1	TTTATCGTCTTACATAATTTATTC	1
121	-1	0	GCGCTTTGGAGAAGGGTGACTTGA	1
122	121	1	CGCTTTGGAGAAGGGTGACTTGAT	1
123	122	1	GCTTTGGAGAAGGGTGACTTGATC	1
124	123	2	CTTTGGAGAAGGGTGACTTGATCG	1
125	124	2	TTTGGAGAAGGGTGACTTGATCGA	1
126	125	2	TTGGAGAAGGGTGACTTGATCGAA	1
127	126	2	TGGAGAAGGGTGACTTGATCGAAT	1
128	127	2	GGAGAAGGGTGACTTGATCGAATT	1
129	128	2	GAGAAGGGTGACTTGATCGAATTC	1
130	129	2	AGAAGGGTGACTTGATCGAATTCG	1
131	130	2	GAAGGGTGACTTGATCGAATTCGC	1
132	131	2	AAGGGTGACTTGATCGAATTCGCT	1
133	132	2	AGGGTGACTTGATCGAATTCGCTG	1
134	133	2	GGGTGACTTGATCGAATTCGCTGC	1
135	134	2	GGTGACTTGATCGAATTCGCTGCT	1
136	135	2	GTGACTTGATCGAATTCGCTGCTG	1
137	136	2	TGACTTGATCGAATTCGCTGCTGC	1
138	137	2	GACTTGATCGAATTCGCTGCTGCC	1
139	138	2	ACTTGATCGAATTCGCTGCTGCCT	1
140	139	2	CTTGATCGAATTCGCTGCTGCCTT	1
141	140	2	TTGATCGAATTCGCTGCTGCCTTC	1
142	141	2	TGATCGAATTCGCTGCTGCCTTCA	1
143	142	2	GATCGAATTCGCTGCTGCCTTCAC	1
144	143	2	ATCGAATTCGCTGCTGCCTTCACT	1
145	144	2	TCGAATTCGCTGCTGCCTTCACTG	1
146	145	2	CGAATTCGCTGCTGCCTTCACTGC	1
147	146	2	GAATTCGCTGCTGCCTTCACTGCC	1
148	147	2	AATTCGCTGCTGCCTTCACTGCCT	1
149	148	2	ATTCGCTGCTGCCTTCACTGCCTT	1
150	149	2	TTCGCTGCTGCCTTCACTGCCTTC	1
151	150	2	TCGCTGCTGCCTTCACTGCCTTCG	1
152	151	2	CGCTGCTGCCTTCACTGCCTTCGA	1
153	152	2	GCTGCTGCCTTCACTGCCTTCGAT	1
154	153	2	CTGCTGCCTTCACTGCCTTCGATG	1
155	154	2	TGCTGCCTTCACTGCCTTCGATGA	1
156	155	2	GCTGCCTTCACTGCCTTCGATGAT	1
157	156	2	CTGCCTTCACTGCCTTCGATGATG	1
158	157	2	TGCCTTCACTGCCTTCGATGATGT	1
159	158	2	GCCTTCACTGCCTTCGATGATGTT	1
160	159	2	CCTTCACTGCCTTCGATGATGTTA	1
161	160	2	CTTCACTGCCTTCGATGATGTTAA	1
162	161	2	TTCACTGCCTTCGATGATGTTAAC	1
163	162	2	TCACTGCCTTCGATGATGTTAACC	1
164	163	2	CACTGCCTTCGATGATGTTAACCC	1
165	164	3	ACTGCCTTCGATGATGTTAACCCT	1
166	165	2	CTGCCTTCGATGATGTTAACCCTA	1
167	166	2	TGCCTTCGATGATGTTAACCCTAC	1
168	167	1	GCCTTCGATGATGTTAACCCTACC	1
169	168	1	CCTTCGATGATGTTAACCCTACCA	1
170	169	1	CTTCGATGATGTTAACCCTACCAA	1
171	170	1	TTCGATGATGTTAACCCTACCAAG	1
172	171	1	TCGATGATGTTAACCCTACCAAGG	1
173	172	1	CGATGATGTTAACCCTACCAAGGA	1
174	173	1	GATGATGTTAACCCTACCAAGGAG	1
175	174	1	ATGATGTTAACCCTACCAAGGAGG	1
176	175	1	TGATGTTAACCCTACCAAGGAGGT	1
177	176	1	GATGTTAACCCTACCAAGGAGGTC	1
178	177	1	ATGTTAACCCTACCAAGGAGGTCG	1
179	178	1	TGTTAACCCTACCAAGGAGGTCGT	1
180	179	1	GTTAACCCTACCAAGGAGGTCGTT	1
181	180	1	TTAACCCTACCAAGGAGGTCGTTC	1
182	181	1	TAACCCTACCAAGGAGGTCGTTCC	1
183	182	1	AACCCTACCAAGGAGGTCGTTCCT	1
184	183	1	ACCCTACCAAGGAGGTCGTTCCTG	1
185	184	1	CCCTACCAAGGAGGTCGTTCCTGA	1
186	185	1	CCTACCAAGGAGGTCGTTCCTGAC	1
187	186	1	CTACCAAGGAGGTCGTTCCTGACG	1
188	187	1	TACCAAGGAGGTCGTTCCTGACGC	1
189	188	1	ACCAAGGAGGTCGTTCCTGACGCT	1
190	189	1	CCAAGGAGGTCGTTCCTGACGCTT	1
191	190	1	CAAGGAGGTCGTTCCTGACGCTTT	1
192	191	1	AAGGAGGTCGTTCCTGACGCTTTG	1
193	192	1	AGGAGGTCGTTCCTGACGCTTTGG	1
194	193	1	GGAGGTCGTTCCTGACGCTTTGGT	1
195	194	1	GAGGTCGTTCCTGACGCTTTGGTT	1
196	195	1	AGGTCGTTCCTGACGCTTTGGTTG	1
197	196	1	GGTCGTTCCTGACGCTTTGGTTGG	1
198	197	1	GTCGTTCCTGACGCTTTGGTTGGT	1
199	198	1	TCGTTCCTGACGCTTTGGTTGGTA	1
200	199	1	CGTTCCTGACGCTTTGGTTGGTAC	1
201	200	2	GTTCCTGACGCTTTGGTTGGTACA	1
202	201	2	TTCCTGACGCTTTGGTTGGTACAT	1
203	202	2	TCCTGACGCTTTGGTTGGTACATT	1
204	203	2	CCTGACGCTTTGGTTGGTACATTG	1
205	204	2	CTGACGCTTTGGTTGGTACATTGG	1
206	205	3	TGACGCTTTGGTTGGTACATTGGC	1
207	206	3	GACGCTTTGGTTGGTACATTGGCT	1
208	207	3	ACGCTTTGGTTGGTACATTGGCTC	1
209	208	2	CGCTTTGGTTGGTACATTGGCTCT	1
210	209	2	GCTTTGGTTGGTACATTGGCTCTC	1
211	210	2	CTTTGGTTGGTACATTGGCTCTCT	1
212	211	2	TTTGGTTGGTACATTGGCTCTCTG	1
213	212	2	TTGGTTGGTACATTGGCTCTCTGG	1
214	213	2	TGGTTGGTACATTGGCTCTCTGGG	1
215	214	2	GGTTGGTACATTGGCTCTCTGGGC	1
216	215	2	GTTGGTACATTGGCTCTCTGGGCC	1
217	216	2	TTGGTACATTGGCTCTCTGGGCCA	1
218	217	2	TGGTACATTGGCTCTCTGGGCCAA	1
219	218	2	GGTACATTGGCTCTCTGGGCCAAA	1
220	219	2	GTACATTGGCTCTCTGGGCCAAAT	1
221	220	2	TACATTGGCTCTCTGGGCCAAATA	1
222	221	2	ACATTGGCTCTCTGGGCCAAATAC	1
223	222	2	CATTGGCTCTCTGGGCCAAATACA	1
224	223	2	ATTGGCTCTCTGGGCCAAATACAG	1
225	224	2	TTGGCTCTCTGGGCCAAATACAGC	1
226	225	2	TGGCTCTCTGGGCCAAATACAGCT	1
227	226	2	GGCTCTCTGGGCCAAATACAGCTA	1
228	227	2	GCTCTCTGGGCCAAATACAGCTAC	1
229	228	2	CTCTCTGGGCCAAATACAGCTACG	1
230	229	2	TCTCTGGGCCAAATACAGCTACGA	1
231	230	2	CTCTGGGCCAAATACAGCTACGAG	1
232	231	2	TCTGGGCCAAATACAGCTACGAGT	1
233	232	2	CTGGGCCAAATACAGCTACGAGTA	1
234	233	2	TGGGCCAAATACAGCTACGAGTAC	1
235	234	2	GGGCCAAATACAGCTACGAGTACG	1
236	235	2	GGCCAAATACAGCTACGAGTACGA	1
237	236	2	GCCAAATACAGCTACGAGTACGAC	1
238	237	2	CCAAATACAGCTACGAGTACGACT	1
239	238	2	CAAATACAGCTACGAGTACGACTT	1
240	239	2	AAATACAGCTACGAGTACGACTTG	1
241	240	2	AATACAGCTACGAGTACGACTTGA	1
242	241	2	ATACAGCTACGAGTACGACTTGAC	1
243	242	2	TACAGCTACGAGTACGACTTGACT	1
244	243	2	ACAGCTACGAGTACGACTTGACTA	1
245	244	1	CAGCTACGAGTACGACTTGACTAG	1
246	245	1	AGCTACGAGTACGACTTGACTAGC	1
247	246	2	GCTACGAGTACGACTTGACTAGCA	1
248	247	4	CTACGAGTACGACTTGACTAGCAT	1
249	248	4	TACGAGTACGACTTGACTAGCATT	1
250	249	3	ACGAGTACGACTTGACTAGCATTG	1
251	250	3	CGAGTACGACTTGACTAGCATTGT	1
252	251	3	GAGTACGACTTGACTAGCATTGTT	1
253	252	3	AGTACGACTTGACTAGCATTGTTA	1
254	253	3	GTACGACTTGACTAGCATTGTTAG	1
255	254	3	TACGACTTGACTAGCATTGTTAGC	1
256	255	3	ACGACTTGACTAGCATTGTTAGCT	1
257	256	3	CGACTTGACTAGCATTGTTAGCTT	1
258	257	3	GACTTGACTAGCATTGTTAGCTTG	1
259	258	3	ACTTGACTAGCATTGTTAGCTTGT	1
260	259	3	CTTGACTAGCATTGTTAGCTTGTT	1
261	260	3	TTGACTAGCATTGTTAGCTTGTTC	1
262	261	3	TGACTAGCATTGTTAGCTTGTTCG	1
263	262	3	GACTAGCATTGTTAGCTTGTTCGG	1
264	263	3	ACTAGCATTGTTAGCTTGTTCGGA	1
265	264	3	CTAGCATTGTTAGCTTGTTCGGAA	1
266	265	3	TAGCATTGTTAGCTTGTTCGGAAA	1
267	266	3	AGCATTGTTAGCTTGTTCGGAAAG	1
268	267	3	GCATTGTTAGCTTGTTCGGAAAGA	1
269	268	3	CATTGTTAGCTTGTTCGGAAAGAA	1
270	269	3	ATTGTTAGCTTGTTCGGAAAGAAC	1
271	270	3	TTGTTAGCTTGTTCGGAAAGAACT	1
272	271	3	TGTTAGCTTGTTCGGAAAGAACTG	1
273	272	3	GTTAGCTTGTTCGGAAAGAACTGG	1
274	273	3	TTAGCTTGTTCGGAAAGAACTGGA	1
275	274	3	TAGCTTGTTCGGAAAGAACTGGAC	1
276	275	3	AGCTTGTTCGGAAAGAACTGGACT	1
277	276	3	GCTTGTTCGGAAAGAACTGGACTG	1
278	277	3	CTTGTTCGGAAAGAACTGGACTGT	1
279	278	3	TTGTTCGGAAAGAACTGGACTGTT	1
280	279	3	TGTTCGGAAAGAACTGGACTGTTG	1
281	280	3	GTTCGGAAAGAACTGGACTGTTGA	1
282	281	3	TTCGGAAAGAACTGGACTGTTGAT	1
283	282	3	TCGGAAAGAACTGGACTGTTGATG	1
284	283	4	CGGAAAGAACTGGACTGTTGATGA	1
285	284	4	GGAAAGAACTGGACTGTTGATGAA	1
286	285	4	GAAAGAACTGGACTGTTGATGAAC	1
287	286	4	AAAGAACTGGACTGTTGATGAACT	1
288	287	4	AAGAACTGGACTGTTGATGAACTC	1
289	288	4	AGAACTGGACTGTTGATGAACTCG	1
290	289	3	GAACTGGACTGTTGATGAACTCGG	1
291	290	3	AACTGGACTGTTGATGAACTCGGA	1
292	291	1	ACTGGACTGTTGATGAACTCGGAT	1
293	292	2	CTGGACTGTTGATGAACTCGGATG	1
294	293	2	TGGACTGTTGATGAACTCGGATGG	1
295	294	2	GGACTGTTGATGAACTCGGATGGG	1
296	295	2	GACTGTTGATGAACTCGGATGGGG	1
297	296	3	ACTGTTGATGAACTCGGATGGGGA	1
298	297	3	CTGTTGATGAACTCGGATGGGGAA	1
299	298	3	TGTTGATGAACTCGGATGGGGAAC	1
300	299	3	GTTGATGAACTCGGATGGGGAACC	1
301	300	3	TTGATGAACTCGGATGGGGAACCT	1
302	301	3	TGATGAACTCGGATGGGGAACCTA	1
303	302	3	GATGAACTCGGATGGGGAACCTAT	1
304	303	4	ATGAACTCGGATGGGGAACCTATA	1
305	304	4	TGAACTCGGATGGGGAACCTATAT	1
306	305	4	GAACTCGGATGGGGAACCTATATT	1
307	306	3	AACTCGGATGGGGAACCTATATTG	1
308	307	3	ACTCGGATGGGGAACCTATATTGC	1
309	308	3	CTCGGATGGGGAACCTATATTGCT	1
310	309	4	TCGGATGGGGAACCTATATTGCTC	1
311	310	4	CGGATGGGGAACCTATATTGCTCA	1
312	311	4	GGATGGGGAACCTATATTGCTCAT	1
313	312	4	GATGGGGAACCTATATTGCTCATA	1
314	313	4	ATGGGGAACCTATATTGCTCATAG	1
315	314	4	TGGGGAACCTATATTGCTCATAGC	1
316	315	4	GGGGAACCTATATTGCTCATAGCC	1
317	316	4	GGGAACCTATATTGCTCATAGCCT	1
318	317	4	GGAACCTATATTGCTCATAGCCTC	1
319	318	4	GAACCTATATTGCTCATAGCCTCA	1
320	319	3	AACCTATATTGCTCATAGCCTCAA	1
321	320	3	ACCTATATTGCTCATAGCCTCAAC	1
322	321	3	CCTATATTGCTCATAGCCTCAACG	1
323	322	4	CTATATTGCTCATAGCCTCAACGA	1
324	323	4	TATATTGCTCATAGCCTCAACGAG	1
325	324	4	ATATTGCTCATAGCCTCAACGAGA	1
326	325	4	TATTGCTCATAGCCTCAACGAGAT	1
327	326	4	ATTGCTCATAGCCTCAACGAGATC	1
328	327	4	TTGCTCATAGCCTCAACGAGATCA	1
329	328	4	TGCTCATAGCCTCAACGAGATCAG	1
330	329	4	GCTCATAGCCTCAACGAGATCAGC	1
331	330	4	CTCATAGCCTCAACGAGATCAGCA	1
332	331	5	TCATAGCCTCAACGAGATCAGCAG	1
333	332	5	CATAGCCTCAACGAGATCAGCAGC	1
334	333	5	ATAGCCTCAACGAGATCAGCAGCA	1
335	334	5	TAGCCTCAACGAGATCAGCAGCAA	1
336	335	5	AGCCTCAACGAGATCAGCAGCAAC	1
337	336	4	GCCTCAACGAGATCAGCAGCAACA	1
338	337	4	CCTCAACGAGATCAGCAGCAACAC	1
339	338	4	CTCAACGAGATCAGCAGCAACACC	1
340	339	4	TCAACGAGATCAGCAGCAACACCA	1
341	340	4	CAACGAGATCAGCAGCAACACCAC	1
342	341	4	AACGAGATCAGCAGCAACACCACC	1
343	342	4	ACGAGATCAGCAGCAACACCACCG	1
344	343	5	CGAGATCAGCAGCAACACCACCGG	1
345	344	6	GAGATCAGCAGCAACACCACCGGT	1
346	345	7	AGATCAGCAGCAACACCACCGGTG	1
347	346	7	GATCAGCAGCAACACCACCGGTGC	1
348	347	6	ATCAGCAGCAACACCACCGGTGCT	1
349	348	6	TCAGCAGCAACACCACCGGTGCTG	1
350	349	6	CAGCAGCAACACCACCGGTGCTGC	1
351	350	6	AGCAGCAACACCACCGGTGCTGCT	1
352	351	6	GCAGCAACACCACCGGTGCTGCTA	1
353	352	6	CAGCAACACCACCGGTGCTGCTAA	1
354	353	5	AGCAACACCACCGGTGCTGCTAAT	1
355	354	4	GCAACACCACCGGTGCTGCTAATG	1
356	355	4	CAACACCACCGGTGCTGCTAATGC	1
357	356	4	AACACCACCGGTGCTGCTAATGCC	1
358	357	4	ACACCACCGGTGCTGCTAATGCCA	1
359	358	4	CACCACCGGTGCTGCTAATGCCAC	1
360	359	5	ACCACCGGTGCTGCTAATGCCACC	1
361	360	5	CCACCGGTGCTGCTAATGCCACCC	1
362	361	5	CACCGGTGCTGCTAATGCCACCCT	1
363	362	6	ACCGGTGCTGCTAATGCCACCCTT	1
364	363	6	CCGGTGCTGCTAATGCCACCCTTT	1
365	364	6	CGGTGCTGCTAATGCCACCCTTTT	1
366	365	6	GGTGCTGCTAATGCCACCCTTTTC	1
367	366	5	GTGCTGCTAATGCCACCCTTTTCA	1
368	367	5	TGCTGCTAATGCCACCCTTTTCAT	1
369	368	5	GCTGCTAATGCCACCCTTTTCATT	1
370	369	5	CTGCTAATGCCACCCTTTTCATTG	1
371	370	5	TGCTAATGCCACCCTTTTCATTGA	1
372	371	5	GCTAATGCCACCCTTTTCATTGAC	1
373	372	5	CTAATGCCACCCTTTTCATTGACA	1
374	373	5	TAATGCCACCCTTTTCATTGACAC	1
375	374	5	AATGCCACCCTTTTCATTGACACT	1
376	375	4	ATGCCACCCTTTTCATTGACACTC	1
377	376	4	TGCCACCCTTTTCATTGACACTCA	1
378	377	4	GCCACCCTTTTCATTGACACTCAA	1
379	378	4	CCACCCTTTTCATTGACACTCAAA	1
380	379	5	CACCCTTTTCATTGACACTCAAAC	1
381	380	5	ACCCTTTTCATTGACACTCAAACC	1
382	381	5	CCCTTTTCATTGACACTCAAACCA	1
383	382	5	CCTTTTCATTGACACTCAAACCAA	1
384	383	5	CTTTTCATTGACACTCAAACCAAG	1
385	384	5	TTTTCATTGACACTCAAACCAAGA	1
386	385	5	TTTCATTGACACTCAAACCAAGAG	1
387	386	5	TTCATTGACACTCAAACCAAGAGC	1
388	387	4	TCATTGACACTCAAACCAAGAGCG	1
389	388	3	CATTGACACTCAAACCAAGAGCGA	1
390	389	2	ATTGACACTCAAACCAAGAGCGAC	1
391	390	2	TTGACACTCAAACCAAGAGCGACT	1
392	391	2	TGACACTCAAACCAAGAGCGACTG	1
393	392	2	GACACTCAAACCAAGAGCGACTGC	1
394	393	2	ACACTCAAACCAAGAGCGACTGCT	1
395	394	2	CACTCAAACCAAGAGCGACTGCTA	1
396	395	2	ACTCAAACCAAGAGCGACTGCTAC	1
397	396	2	CTCAAACCAAGAGCGACTGCTACA	1
398	397	3	TCAAACCAAGAGCGACTGCTACAA	1
399	398	3	CAAACCAAGAGCGACTGCTACAAG	1
400	399	3	AAACCAAGAGCGACTGCTACAAGT	1
401	400	3	AACCAAGAGCGACTGCTACAAGTT	1
402	401	3	ACCAAGAGCGACTGCTACAAGTTG	1
403	402	3	CCAAGAGCGACTGCTACAAGTTGG	1
404	403	2	CAAGAGCGACTGCTACAAGTTGGC	1
405	404	2	AAGAGCGACTGCTACAAGTTGGCT	1
406	405	2	AGAGCGACTGCTACAAGTTGGCTA	1
407	406	1	GAGCGACTGCTACAAGTTGGCTAG	1
408	407	1	AGCGACTGCTACAAGTTGGCTAGC	1
409	408	1	GCGACTGCTACAAGTTGGCTAGCA	1
410	409	1	CGACTGCTACAAGTTGGCTAGCAC	1
411	410	1	GACTGCTACAAGTTGGCTAGCACC	1
412	411	1	ACTGCTACAAGTTGGCTAGCACCA	1
413	412	1	CTGCTACAAGTTGGCTAGCACCAT	1
414	413	1	TGCTACAAGTTGGCTAGCACCATC	1
415	414	1	GCTACAAGTTGGCTAGCACCATCG	1
416	415	1	CTACAAGTTGGCTAGCACCATCGA	1
417	416	1	TACAAGTTGGCTAGCACCATCGAG	1
418	417	1	ACAAGTTGGCTAGCACCATCGAGA	1
419	418	1	CAAGTTGGCTAGCACCATCGAGAG	1
420	419	1	AAGTTGGCTAGCACCATCGAGAGC	1
421	420	2	AGTTGGCTAGCACCATCGAGAGCT	1
422	421	2	GTTGGCTAGCACCATCGAGAGCTG	1
423	422	2	TTGGCTAGCACCATCGAGAGCTGG	1
424	423	2	TGGCTAGCACCATCGAGAGCTGGA	1
425	424	2	GGCTAGCACCATCGAGAGCTGGAA	1
426	425	2	GCTAGCACCATCGAGAGCTGGAAG	1
427	426	2	CTAGCACCATCGAGAGCTGGAAGT	1
428	427	2	TAGCACCATCGAGAGCTGGAAGTA	1
429	428	2	AGCACCATCGAGAGCTGGAAGTAT	1
430	429	2	GCACCATCGAGAGCTGGAAGTATG	1
431	430	2	CACCATCGAGAGCTGGAAGTATGC	1
432	431	2	ACCATCGAGAGCTGGAAGTATGCT	1
433	432	2	CCATCGAGAGCTGGAAGTATGCTC	1
434	433	2	CATCGAGAGCTGGAAGTATGCTCC	1
435	434	2	ATCGAGAGCTGGAAGTATGCTCCC	1
436	435	2	TCGAGAGCTGGAAGTATGCTCCCC	1
437	436	2	CGAGAGCTGGAAGTATGCTCCCCT	1
438	437	2	GAGAGCTGGAAGTATGCTCCCCTT	1
439	438	2	AGAGCTGGAAGTATGCTCCCCTTT	1
440	439	2	GAGCTGGAAGTATGCTCCCCTTTC	1
441	440	2	AGCTGGAAGTATGCTCCCCTTTCC	1
442	441	1	GCTGGAAGTATGCTCCCCTTTCCG	1
443	442	2	CTGGAAGTATGCTCCCCTTTCCGC	1
444	443	2	TGGAAGTATGCTCCCCTTTCCGCT	1
445	444	3	GGAAGTATGCTCCCCTTTCCGCTT	1
446	445	3	GAAGTATGCTCCCCTTTCCGCTTT	1
447	446	3	AAGTATGCTCCCCTTTCCGCTTTC	1
448	447	3	AGTATGCTCCCCTTTCCGCTTTCC	1
449	448	3	GTATGCTCCCCTTTCCGCTTTCCC	1
450	449	3	TATGCTCCCCTTTCCGCTTTCCCC	1
451	450	3	ATGCTCCCCTTTCCGCTTTCCCCA	1
452	451	4	TGCTCCCCTTTCCGCTTTCCCCAA	1
453	452	4	GCTCCCCTTTCCGCTTTCCCCAAC	1
454	453	4	CTCCCCTTTCCGCTTTCCCCAACT	1
455	454	4	TCCCCTTTCCGCTTTCCCCAACTA	1
456	455	4	CCCCTTTCCGCTTTCCCCAACTAT	1
457	456	4	CCCTTTCCGCTTTCCCCAACTATG	1
458	457	4	CCTTTCCGCTTTCCCCAACTATGG	1
459	458	4	CTTTCCGCTTTCCCCAACTATGGT	1
460	459	4	TTTCCGCTTTCCCCAACTATGGTC	1
461	460	4	TTCCGCTTTCCCCAACTATGGTCC	1
462	461	4	TCCGCTTTCCCCAACTATGGTCCC	1
463	462	4	CCGCTTTCCCCAACTATGGTCCCT	1
464	463	4	CGCTTTCCCCAACTATGGTCCCTT	1
465	464	3	GCTTTCCCCAACTATGGTCCCTTC	1
466	465	3	CTTTCCCCAACTATGGTCCCTTCT	1
467	466	4	TTTCCCCAACTATGGTCCCTTCTA	1
468	467	4	TTCCCCAACTATGGTCCCTTCTAT	1
469	468	4	TCCCCAACTATGGTCCCTTCTATA	1
470	469	4	CCCCAACTATGGTCCCTTCTATAT	1
471	470	4	CCCAACTATGGTCCCTTCTATATT	1
472	471	4	CCAACTATGGTCCCTTCTATATTT	1
473	472	4	CAACTATGGTCCCTTCTATATTTA	1
474	473	4	AACTATGGTCCCTTCTATATTTAT	1
475	474	4	ACTATGGTCCCTTCTATATTTATG	1
476	475	4	CTATGGTCCCTTCTATATTTATGG	1
477	476	4	TATGGTCCCTTCTATATTTATGGA	1
478	477	4	ATGGTCCCTTCTATATTTATGGAC	1
479	478	4	TGGTCCCTTCTATATTTATGGACA	1
480	479	4	GGTCCCTTCTATATTTATGGACAA	1
481	480	4	GTCCCTTCTATATTTATGGACAAT	1
482	481	4	TCCCTTCTATATTTATGGACAATG	1
483	482	4	CCCTTCTATATTTATGGACAATGT	1
484	483	4	CCTTCTATATTTATGGACAATGTG	1
485	484	4	CTTCTATATTTATGGACAATGTGT	1
486	485	4	TTCTATATTTATGGACAATGTGTC	1
487	486	3	TCTATATTTATGGACAATGTGTCG	1
488	487	3	CTATATTTATGGACAATGTGTCGC	1
489	488	2	TATATTTATGGACAATGTGTCGCT	1
490	489	2	ATATTTATGGACAATGTGTCGCTA	1
491	490	2	TATTTATGGACAATGTGTCGCTAC	1
492	491	2	ATTTATGGACAATGTGTCGCTACT	1
493	492	2	TTTATGGACAATGTGTCGCTACTT	1
494	493	2	TTATGGACAATGTGTCGCTACTTT	1
495	494	2	TATGGACAATGTGTCGCTACTTTC	1
496	495	1	ATGGACAATGTGTCGCTACTTTCA	1
497	496	1	TGGACAATGTGTCGCTACTTTCAC	1
498	497	1	GGACAATGTGTCGCTACTTTCACT	1
499	498	1	GACAATGTGTCGCTACTTTCACTT	1
500	499	1	ACAATGTGTCGCTACTTTCACTTC	1
501	500	1	CAATGTGTCGCTACTTTCACTTCT	1
502	501	1	AATGTGTCGCTACTTTCACTTCTG	1
503	502	1	ATGTGTCGCTACTTTCACTTCTGG	1
504	503	1	TGTGTCGCTACTTTCACTTCTGGT	1
505	504	1	GTGTCGCTACTTTCACTTCTGGTT	1
506	505	1	TGTCGCTACTTTCACTTCTGGTTA	1
507	506	1	GTCGCTACTTTCACTTCTGGTTAC	1
508	507	1	TCGCTACTTTCACTTCTGGTTACA	1
509	508	1	CGCTACTTTCACTTCTGGTTACAG	1
510	509	1	GCTACTTTCACTTCTGGTTACAGC	1
511	-1	0	CTTCTGGTTACAGCCCTCTCGTTG	1
512	511	2	TTCTGGTTACAGCCCTCTCGTTGA	1
513	512	2	TCTGGTTACAGCCCTCTCGTTGAG	1
514	513	2	CTGGTTACAGCCCTCTCGTTGAGC	1
515	514	2	TGGTTACAGCCCTCTCGTTGAGCC	1
516	515	2	GGTTACAGCCCTCTCGTTGAGCCT	1
517	516	2	GTTACAGCCCTCTCGTTGAGCCTG	1
518	517	2	TTACAGCCCTCTCGTTGAGCCTGC	1
519	518	2	TACAGCCCTCTCGTTGAGCCTGCC	1
520	519	2	ACAGCCCTCTCGTTGAGCCTGCCT	1
521	520	2	CAGCCCTCTCGTTGAGCCTGCCTT	1
522	521	2	AGCCCTCTCGTTGAGCCTGCCTTC	1
523	522	3	GCCCTCTCGTTGAGCCTGCCTTCA	1
524	523	3	CCCTCTCGTTGAGCCTGCCTTCAC	1
525	524	3	CCTCTCGTTGAGCCTGCCTTCACC	1
526	525	3	CTCTCGTTGAGCCTGCCTTCACCT	1
527	526	3	TCTCGTTGAGCCTGCCTTCACCTT	1
528	527	3	CTCGTTGAGCCTGCCTTCACCTTT	1
529	528	3	TCGTTGAGCCTGCCTTCACCTTTG	1
530	529	3	CGTTGAGCCTGCCTTCACCTTTGC	1
531	530	4	GTTGAGCCTGCCTTCACCTTTGCA	1
532	531	4	TTGAGCCTGCCTTCACCTTTGCAA	1
533	532	4	TGAGCCTGCCTTCACCTTTGCAAG	1
534	533	4	GAGCCTGCCTTCACCTTTGCAAGT	1
535	534	5	AGCCTGCCTTCACCTTTGCAAGTG	1
536	535	7	GCCTGCCTTCACCTTTGCAAGTGC	1
537	536	7	CCTGCCTTCACCTTTGCAAGTGCT	1
538	537	7	CTGCCTTCACCTTTGCAAGTGCTT	1
539	538	7	TGCCTTCACCTTTGCAAGTGCTTT	1
540	539	8	GCCTTCACCTTTGCAAGTGCTTTG	1
541	540	8	CCTTCACCTTTGCAAGTGCTTTGA	1
542	541	9	CTTCACCTTTGCAAGTGCTTTGAA	1
543	542	9	TTCACCTTTGCAAGTGCTTTGAAC	1
544	543	10	TCACCTTTGCAAGTGCTTTGAACA	1
545	544	10	CACCTTTGCAAGTGCTTTGAACAC	1
546	545	11	ACCTTTGCAAGTGCTTTGAACACT	1
547	546	11	CCTTTGCAAGTGCTTTGAACACTA	1
548	547	11	CTTTGCAAGTGCTTTGAACACTAC	1
549	548	11	TTTGCAAGTGCTTTGAACACTACC	1
550	549	12	TTGCAAGTGCTTTGAACACTACCT	1
551	550	12	TGCAAGTGCTTTGAACACTACCTT	1
552	551	12	GCAAGTGCTTTGAACACTACCTTG	1
553	552	12	CAAGTGCTTTGAACACTACCTTGA	1
554	553	12	AAGTGCTTTGAACACTACCTTGAA	1
555	554	12	AGTGCTTTGAACACTACCTTGAAC	1
556	555	10	GTGCTTTGAACACTACCTTGAACT	1
557	556	10	TGCTTTGAACACTACCTTGAACTC	1
558	557	10	GCTTTGAACACTACCTTGAACTCT	1
559	558	10	CTTTGAACACTACCTTGAACTCTT	1
560	559	10	TTTGAACACTACCTTGAACTCTTT	1
561	560	10	TTGAACACTACCTTGAACTCTTTC	1
562	561	10	TGAACACTACCTTGAACTCTTTCC	1
563	562	10	GAACACTACCTTGAACTCTTTCCC	1
564	563	10	AACACTACCTTGAACTCTTTCCCC	1
565	564	10	ACACTACCTTGAACTCTTTCCCCA	1
566	565	10	CACTACCTTGAACTCTTTCCCCAA	1
567	566	9	ACTACCTTGAACTCTTTCCCCAAC	1
568	567	10	CTACCTTGAACTCTTTCCCCAACG	1
569	568	10	TACCTTGAACTCTTTCCCCAACGG	1
570	569	10	ACCTTGAACTCTTTCCCCAACGGT	1
571	570	10	CCTTGAACTCTTTCCCCAACGGTA	1
572	571	11	CTTGAACTCTTTCCCCAACGGTAC	1
573	572	11	TTGAACTCTTTCCCCAACGGTACT	1
574	573	11	TGAACTCTTTCCCCAACGGTACTT	1
575	574	10	GAACTCTTTCCCCAACGGTACTTT	1
576	575	10	AACTCTTTCCCCAACGGTACTTTG	1
577	576	10	ACTCTTTCCCCAACGGTACTTTGC	1
578	577	10	CTCTTTCCCCAACGGTACTTTGCC	1
579	578	8	TCTTTCCCCAACGGTACTTTGCCC	1
580	579	6	CTTTCCCCAACGGTACTTTGCCCA	1
581	580	6	TTTCCCCAACGGTACTTTGCCCAC	1
582	581	6	TTCCCCAACGGTACTTTGCCCACT	1
583	582	6	TCCCCAACGGTACTTTGCCCACTC	1
584	583	5	CCCCAACGGTACTTTGCCCACTCA	1
585	584	5	CCCAACGGTACTTTGCCCACTCAG	1
586	585	4	CCAACGGTACTTTGCCCACTCAGA	1
587	586	4	CAACGGTACTTTGCCCACTCAGAC	1
588	587	3	AACGGTACTTTGCCCACTCAGACC	1
589	588	3	ACGGTACTTTGCCCACTCAGACCC	1
590	589	3	CGGTACTTTGCCCACTCAGACCCA	1
591	590	4	GGTACTTTGCCCACTCAGACCCAA	1
592	591	4	GTACTTTGCCCACTCAGACCCAAG	1
593	592	4	TACTTTGCCCACTCAGACCCAAGT	1
594	593	3	ACTTTGCCCACTCAGACCCAAGTT	1
595	594	3	CTTTGCCCACTCAGACCCAAGTTG	1
596	595	3	TTTGCCCACTCAGACCCAAGTTGT	1
597	596	3	TTGCCCACTCAGACCCAAGTTGTT	1
598	597	3	TGCCCACTCAGACCCAAGTTGTTG	1
599	598	3	GCCCACTCAGACCCAAGTTGTTGG	1
600	599	3	CCCACTCAGACCCAAGTTGTTGGA	1
601	600	3	CCACTCAGACCCAAGTTGTTGGAG	1
602	601	3	CACTCAGACCCAAGTTGTTGGAGA	1
603	602	3	ACTCAGACCCAAGTTGTTGGAGAC	1
604	603	3	CTCAGACCCAAGTTGTTGGAGACA	1
605	604	3	TCAGACCCAAGTTGTTGGAGACAT	1
606	605	3	CAGACCCAAGTTGTTGGAGACATC	1
607	606	3	AGACCCAAGTTGTTGGAGACATCG	1
608	607	3	GACCCAAGTTGTTGGAGACATCGG	1
609	608	4	ACCCAAGTTGTTGGAGACATCGGT	1
610	609	4	CCCAAGTTGTTGGAGACATCGGTG	1
611	610	4	CCAAGTTGTTGGAGACATCGGTGT	1
612	611	3	CAAGTTGTTGGAGACATCGGTGTC	1
613	612	3	AAGTTGTTGGAGACATCGGTGTCA	1
614	613	3	AGTTGTTGGAGACATCGGTGTCAA	1
615	614	3	GTTGTTGGAGACATCGGTGTCAAG	1
616	615	2	TTGTTGGAGACATCGGTGTCAAGT	1
617	616	2	TGTTGGAGACATCGGTGTCAAGTT	1
618	617	2	GTTGGAGACATCGGTGTCAAGTTC	1
619	618	2	TTGGAGACATCGGTGTCAAGTTCC	1
620	619	2	TGGAGACATCGGTGTCAAGTTCCT	1
621	620	2	GGAGACATCGGTGTCAAGTTCCTT	1
622	621	2	GAGACATCGGTGTCAAGTTCCTTC	1
623	622	2	AGACATCGGTGTCAAGTTCCTTCA	1
624	623	2	GACATCGGTGTCAAGTTCCTTCAA	1
625	624	2	ACATCGGTGTCAAGTTCCTTCAAT	1
626	625	2	CATCGGTGTCAAGTTCCTTCAATA	1
627	626	2	ATCGGTGTCAAGTTCCTTCAATAC	1
628	627	2	TCGGTGTCAAGTTCCTTCAATACT	1
629	628	2	CGGTGTCAAGTTCCTTCAATACTT	1
630	629	2	GGTGTCAAGTTCCTTCAATACTTT	1
631	630	2	GTGTCAAGTTCCTTCAATACTTTG	1
632	631	2	TGTCAAGTTCCTTCAATACTTTGC	1
633	632	2	GTCAAGTTCCTTCAATACTTTGCT	1
634	633	2	TCAAGTTCCTTCAATACTTTGCTT	1
635	634	1	CAAGTTCCTTCAATACTTTGCTTA	1
636	635	1	AAGTTCCTTCAATACTTTGCTTAA	1
637	636	1	AGTTCCTTCAATACTTTGCTTAAA	1
638	637	1	GTTCCTTCAATACTTTGCTTAAAT	1
639	638	1	TTCCTTCAATACTTTGCTTAAATT	1
640	639	1	TCCTTCAATACTTTGCTTAAATTC	1
641	640	1	CCTTCAATACTTTGCTTAAATTCT	1
642	641	1	CTTCAATACTTTGCTTAAATTCTC	1
643	642	1	TTCAATACTTTGCTTAAATTCTCT	1
644	643	1	TCAATACTTTGCTTAAATTCTCTC	1
645	644	1	CAATACTTTGCTTAAATTCTCTCG	1
646	645	1	AATACTTTGCTTAAATTCTCTCGT	1
647	646	1	ATACTTTGCTTAAATTCTCTCGTT	1
648	647	1	TACTTTGCTTAAATTCTCTCGTTT	1
649	648	1	ACTTTGCTTAAATTCTCTCGTTTT	1
650	649	1	CTTTGCTTAAATTCTCTCGTTTTT	1
651	650	2	TTTGCTTAAATTCTCTCGTTTTTT	1
652	651	2	TTGCTTAAATTCTCTCGTTTTTTG	1
653	652	1	TGCTTAAATTCTCTCGTTTTTTGA	1
654	653	1	GCTTAAATTCTCTCGTTTTTTGAC	1
655	654	1	CTTAAATTCTCTCGTTTTTTGACC	1
656	655	1	TTAAATTCTCTCGTTTTTTGACCC	1
