Component 418
1	-1	0	GAAAAATTGCAAAAAACAAACATC	1
2	1	1	AAAAATTGCAAAAAACAAACATCA	1
3	2	1	AAAATTGCAAAAAACAAACATCAG	1
4	3	1	AAATTGCAAAAAACAAACATCAGC	1
5	4	1	AATTGCAAAAAACAAACATCAGCA	1
6	5	1	ATTGCAAAAAACAAACATCAGCAG	1
7	6	1	TTGCAAAAAACAAACATCAGCAGA	1
8	7	1	TGCAAAAAACAAACATCAGCAGAC	1
9	8	1	GCAAAAAACAAACATCAGCAGACC	1
10	9	1	CAAAAAACAAACATCAGCAGACCT	1
11	10	1	AAAAAACAAACATCAGCAGACCTA	1
12	11	1	AAAAACAAACATCAGCAGACCTAG	1
13	12	1	AAAACAAACATCAGCAGACCTAGG	1
14	13	1	AAACAAACATCAGCAGACCTAGGA	1
15	14	1	AACAAACATCAGCAGACCTAGGAA	1
16	15	1	ACAAACATCAGCAGACCTAGGAAG	1
17	16	2	CAAACATCAGCAGACCTAGGAAGT	1
18	17	2	AAACATCAGCAGACCTAGGAAGTA	1
19	18	2	AACATCAGCAGACCTAGGAAGTAT	1
20	19	2	ACATCAGCAGACCTAGGAAGTATA	1
21	20	2	CATCAGCAGACCTAGGAAGTATAT	1
22	21	2	ATCAGCAGACCTAGGAAGTATATT	1
23	22	2	TCAGCAGACCTAGGAAGTATATTC	1
24	23	2	CAGCAGACCTAGGAAGTATATTCC	1
25	24	2	AGCAGACCTAGGAAGTATATTCCT	1
26	25	3	GCAGACCTAGGAAGTATATTCCTC	1
27	26	3	CAGACCTAGGAAGTATATTCCTCC	1
28	27	3	AGACCTAGGAAGTATATTCCTCCT	1
29	28	3	GACCTAGGAAGTATATTCCTCCTT	1
30	29	3	ACCTAGGAAGTATATTCCTCCTTT	1
31	30	3	CCTAGGAAGTATATTCCTCCTTTT	1
32	31	3	CTAGGAAGTATATTCCTCCTTTTG	1
33	32	3	TAGGAAGTATATTCCTCCTTTTGC	1
34	33	3	AGGAAGTATATTCCTCCTTTTGCT	1
35	34	3	GGAAGTATATTCCTCCTTTTGCTA	1
36	35	3	GAAGTATATTCCTCCTTTTGCTAG	1
37	36	3	AAGTATATTCCTCCTTTTGCTAGG	1
38	37	3	AGTATATTCCTCCTTTTGCTAGGG	1
39	38	3	GTATATTCCTCCTTTTGCTAGGGA	1
40	39	3	TATATTCCTCCTTTTGCTAGGGAT	1
41	40	3	ATATTCCTCCTTTTGCTAGGGATA	1
42	41	3	TATTCCTCCTTTTGCTAGGGATAA	1
43	42	3	ATTCCTCCTTTTGCTAGGGATAAG	1
44	43	3	TTCCTCCTTTTGCTAGGGATAAGC	1
45	44	3	TCCTCCTTTTGCTAGGGATAAGCC	1
46	45	2	CCTCCTTTTGCTAGGGATAAGCCA	1
47	46	2	CTCCTTTTGCTAGGGATAAGCCAA	1
48	47	2	TCCTTTTGCTAGGGATAAGCCAAG	1
49	48	2	CCTTTTGCTAGGGATAAGCCAAGC	1
50	49	2	CTTTTGCTAGGGATAAGCCAAGCG	1
51	50	2	TTTTGCTAGGGATAAGCCAAGCGC	1
52	51	2	TTTGCTAGGGATAAGCCAAGCGCT	1
53	52	2	TTGCTAGGGATAAGCCAAGCGCTG	1
54	53	2	TGCTAGGGATAAGCCAAGCGCTGG	1
55	54	2	GCTAGGGATAAGCCAAGCGCTGGC	1
56	55	2	CTAGGGATAAGCCAAGCGCTGGCG	1
57	56	2	TAGGGATAAGCCAAGCGCTGGCGC	1
58	57	2	AGGGATAAGCCAAGCGCTGGCGCA	1
59	58	2	GGGATAAGCCAAGCGCTGGCGCAG	1
60	59	2	GGATAAGCCAAGCGCTGGCGCAGC	1
61	60	1	GATAAGCCAAGCGCTGGCGCAGCT	1
62	61	1	ATAAGCCAAGCGCTGGCGCAGCTC	1
63	62	1	TAAGCCAAGCGCTGGCGCAGCTCC	1
64	63	1	AAGCCAAGCGCTGGCGCAGCTCCA	1
65	64	1	AGCCAAGCGCTGGCGCAGCTCCAG	1
66	65	1	GCCAAGCGCTGGCGCAGCTCCAGC	1
67	66	1	CCAAGCGCTGGCGCAGCTCCAGCT	1
68	67	1	CAAGCGCTGGCGCAGCTCCAGCTG	1
69	68	1	AAGCGCTGGCGCAGCTCCAGCTGT	1
70	-1	0	AAAGGCCCTGCCGCTGTTCCTGTT	1
71	70	1	AAGGCCCTGCCGCTGTTCCTGTTG	1
72	71	1	AGGCCCTGCCGCTGTTCCTGTTGA	1
73	72	1	GGCCCTGCCGCTGTTCCTGTTGAT	1
74	73	2	GCCCTGCCGCTGTTCCTGTTGATC	1
75	74	2	CCCTGCCGCTGTTCCTGTTGATCA	1
76	75	2	CCTGCCGCTGTTCCTGTTGATCAG	1
77	76	3	CTGCCGCTGTTCCTGTTGATCAGG	1
78	77	3	TGCCGCTGTTCCTGTTGATCAGGA	1
79	78	3	GCCGCTGTTCCTGTTGATCAGGAT	1
80	79	3	CCGCTGTTCCTGTTGATCAGGATG	1
81	80	3	CGCTGTTCCTGTTGATCAGGATGC	1
82	81	4	GCTGTTCCTGTTGATCAGGATGCC	1
83	82	4	CTGTTCCTGTTGATCAGGATGCCG	1
84	83	4	TGTTCCTGTTGATCAGGATGCCGG	1
85	84	4	GTTCCTGTTGATCAGGATGCCGGT	1
86	85	4	TTCCTGTTGATCAGGATGCCGGTA	1
87	86	4	TCCTGTTGATCAGGATGCCGGTAT	1
88	87	4	CCTGTTGATCAGGATGCCGGTATG	1
89	88	5	CTGTTGATCAGGATGCCGGTATGG	1
90	89	5	TGTTGATCAGGATGCCGGTATGGG	1
91	90	5	GTTGATCAGGATGCCGGTATGGGT	1
92	91	5	TTGATCAGGATGCCGGTATGGGTT	1
93	92	5	TGATCAGGATGCCGGTATGGGTTA	1
94	93	5	GATCAGGATGCCGGTATGGGTTAT	1
95	94	5	ATCAGGATGCCGGTATGGGTTATC	1
96	95	5	TCAGGATGCCGGTATGGGTTATCG	1
97	96	5	CAGGATGCCGGTATGGGTTATCGT	1
98	97	5	AGGATGCCGGTATGGGTTATCGTC	1
99	98	5	GGATGCCGGTATGGGTTATCGTCC	1
100	99	5	GATGCCGGTATGGGTTATCGTCCT	1
101	100	5	ATGCCGGTATGGGTTATCGTCCTC	1
102	101	5	TGCCGGTATGGGTTATCGTCCTCG	1
103	102	5	GCCGGTATGGGTTATCGTCCTCGC	1
104	103	5	CCGGTATGGGTTATCGTCCTCGCA	1
105	104	5	CGGTATGGGTTATCGTCCTCGCAA	1
106	105	5	GGTATGGGTTATCGTCCTCGCAAA	1
107	106	5	GTATGGGTTATCGTCCTCGCAAAG	1
108	107	5	TATGGGTTATCGTCCTCGCAAAGC	1
109	108	5	ATGGGTTATCGTCCTCGCAAAGCC	1
110	109	5	TGGGTTATCGTCCTCGCAAAGCCT	1
111	110	5	GGGTTATCGTCCTCGCAAAGCCTA	1
112	111	5	GGTTATCGTCCTCGCAAAGCCTAT	1
113	112	4	GTTATCGTCCTCGCAAAGCCTATC	1
114	113	4	TTATCGTCCTCGCAAAGCCTATCC	1
115	114	3	TATCGTCCTCGCAAAGCCTATCCT	1
116	115	3	ATCGTCCTCGCAAAGCCTATCCTA	1
117	116	3	TCGTCCTCGCAAAGCCTATCCTAC	1
118	117	2	CGTCCTCGCAAAGCCTATCCTACC	1
119	118	2	GTCCTCGCAAAGCCTATCCTACCA	1
120	119	2	TCCTCGCAAAGCCTATCCTACCAC	1
121	120	2	CCTCGCAAAGCCTATCCTACCACC	1
122	121	2	CTCGCAAAGCCTATCCTACCACCC	1
123	122	2	TCGCAAAGCCTATCCTACCACCCT	1
124	123	2	CGCAAAGCCTATCCTACCACCCTT	1
125	124	2	GCAAAGCCTATCCTACCACCCTTA	1
126	125	1	CAAAGCCTATCCTACCACCCTTAT	1
127	126	1	AAAGCCTATCCTACCACCCTTATT	1
128	127	1	AAGCCTATCCTACCACCCTTATTT	1
129	128	1	AGCCTATCCTACCACCCTTATTTT	1
130	129	1	GCCTATCCTACCACCCTTATTTTG	1
131	130	1	CCTATCCTACCACCCTTATTTTGG	1
132	131	1	CTATCCTACCACCCTTATTTTGGC	1
133	-1	0	GGTGCCGTTGCTGATGGTACCAAA	1
134	133	1	GTGCCGTTGCTGATGGTACCAAAG	1
135	134	1	TGCCGTTGCTGATGGTACCAAAGT	1
136	135	1	GCCGTTGCTGATGGTACCAAAGTT	1
137	136	1	CCGTTGCTGATGGTACCAAAGTTT	1
138	137	1	CGTTGCTGATGGTACCAAAGTTTC	1
139	138	1	GTTGCTGATGGTACCAAAGTTTCA	1
140	139	1	TTGCTGATGGTACCAAAGTTTCAA	1
141	140	1	TGCTGATGGTACCAAAGTTTCAAC	1
142	141	1	GCTGATGGTACCAAAGTTTCAACT	1
143	142	1	CTGATGGTACCAAAGTTTCAACTG	1
144	143	2	TGATGGTACCAAAGTTTCAACTGG	1
145	144	2	GATGGTACCAAAGTTTCAACTGGT	1
146	145	2	ATGGTACCAAAGTTTCAACTGGTA	1
147	146	2	TGGTACCAAAGTTTCAACTGGTAT	1
148	147	3	GGTACCAAAGTTTCAACTGGTATT	1
149	148	3	GTACCAAAGTTTCAACTGGTATTA	1
150	149	3	TACCAAAGTTTCAACTGGTATTAA	1
151	150	3	ACCAAAGTTTCAACTGGTATTAAC	1
152	151	3	CCAAAGTTTCAACTGGTATTAACT	1
153	152	3	CAAAGTTTCAACTGGTATTAACTT	1
154	153	4	AAAGTTTCAACTGGTATTAACTTC	1
155	154	4	AAGTTTCAACTGGTATTAACTTCG	1
156	155	4	AGTTTCAACTGGTATTAACTTCGA	1
157	156	4	GTTTCAACTGGTATTAACTTCGAA	1
158	157	4	TTTCAACTGGTATTAACTTCGAAA	1
159	158	4	TTCAACTGGTATTAACTTCGAAAA	1
160	159	4	TCAACTGGTATTAACTTCGAAAAG	1
161	160	4	CAACTGGTATTAACTTCGAAAAGT	1
162	161	4	AACTGGTATTAACTTCGAAAAGTA	1
163	162	4	ACTGGTATTAACTTCGAAAAGTAT	1
164	163	4	CTGGTATTAACTTCGAAAAGTATG	1
165	164	4	TGGTATTAACTTCGAAAAGTATGA	1
166	165	4	GGTATTAACTTCGAAAAGTATGAT	1
167	166	4	GTATTAACTTCGAAAAGTATGATG	1
168	167	4	TATTAACTTCGAAAAGTATGATGA	1
169	168	4	ATTAACTTCGAAAAGTATGATGAC	1
170	169	4	TTAACTTCGAAAAGTATGATGACA	1
171	170	4	TAACTTCGAAAAGTATGATGACAT	1
172	171	4	AACTTCGAAAAGTATGATGACATC	1
173	172	4	ACTTCGAAAAGTATGATGACATCC	1
174	173	4	CTTCGAAAAGTATGATGACATCCC	1
175	174	4	TTCGAAAAGTATGATGACATCCCT	1
176	175	4	TCGAAAAGTATGATGACATCCCTG	1
177	176	4	CGAAAAGTATGATGACATCCCTGT	1
178	177	3	GAAAAGTATGATGACATCCCTGTT	1
179	178	3	AAAAGTATGATGACATCCCTGTTG	1
180	179	3	AAAGTATGATGACATCCCTGTTGA	1
181	180	3	AAGTATGATGACATCCCTGTTGAA	1
182	181	3	AGTATGATGACATCCCTGTTGAAG	1
183	182	3	GTATGATGACATCCCTGTTGAAGT	1
184	183	3	TATGATGACATCCCTGTTGAAGTT	1
185	184	3	ATGATGACATCCCTGTTGAAGTTT	1
186	185	3	TGATGACATCCCTGTTGAAGTTTC	1
187	186	2	GATGACATCCCTGTTGAAGTTTCC	1
188	187	2	ATGACATCCCTGTTGAAGTTTCCG	1
189	188	2	TGACATCCCTGTTGAAGTTTCCGG	1
190	189	2	GACATCCCTGTTGAAGTTTCCGGT	1
191	190	2	ACATCCCTGTTGAAGTTTCCGGTG	1
192	191	1	CATCCCTGTTGAAGTTTCCGGTGG	1
193	192	1	ATCCCTGTTGAAGTTTCCGGTGGA	1
194	193	1	TCCCTGTTGAAGTTTCCGGTGGAG	1
195	194	2	CCCTGTTGAAGTTTCCGGTGGAGA	1
196	195	2	CCTGTTGAAGTTTCCGGTGGAGAT	1
197	196	2	CTGTTGAAGTTTCCGGTGGAGATA	1
198	197	1	TGTTGAAGTTTCCGGTGGAGATAT	1
199	198	1	GTTGAAGTTTCCGGTGGAGATATC	1
200	199	1	TTGAAGTTTCCGGTGGAGATATCG	1
201	200	1	TGAAGTTTCCGGTGGAGATATCGA	1
202	201	1	GAAGTTTCCGGTGGAGATATCGAG	1
203	202	1	AAGTTTCCGGTGGAGATATCGAGC	1
204	203	1	AGTTTCCGGTGGAGATATCGAGCC	1
205	204	1	GTTTCCGGTGGAGATATCGAGCCT	1
206	205	1	TTTCCGGTGGAGATATCGAGCCTG	1
207	206	1	TTCCGGTGGAGATATCGAGCCTGT	1
208	207	2	TCCGGTGGAGATATCGAGCCTGTT	1
209	208	2	CCGGTGGAGATATCGAGCCTGTTA	1
210	209	2	CGGTGGAGATATCGAGCCTGTTAA	1
211	210	2	GGTGGAGATATCGAGCCTGTTAAT	1
212	211	2	GTGGAGATATCGAGCCTGTTAATG	1
213	212	2	TGGAGATATCGAGCCTGTTAATGA	1
214	213	2	GGAGATATCGAGCCTGTTAATGAG	1
215	214	2	GAGATATCGAGCCTGTTAATGAGT	1
216	215	2	AGATATCGAGCCTGTTAATGAGTT	1
217	216	2	GATATCGAGCCTGTTAATGAGTTC	1
218	217	2	ATATCGAGCCTGTTAATGAGTTCA	1
219	218	2	TATCGAGCCTGTTAATGAGTTCAC	1
220	219	3	ATCGAGCCTGTTAATGAGTTCACT	1
221	220	3	TCGAGCCTGTTAATGAGTTCACTT	1
222	221	3	CGAGCCTGTTAATGAGTTCACTTC	1
223	222	3	GAGCCTGTTAATGAGTTCACTTCT	1
224	223	3	AGCCTGTTAATGAGTTCACTTCTC	1
225	224	3	GCCTGTTAATGAGTTCACTTCTCC	1
226	225	3	CCTGTTAATGAGTTCACTTCTCCT	1
227	226	3	CTGTTAATGAGTTCACTTCTCCTC	1
228	227	4	TGTTAATGAGTTCACTTCTCCTCC	1
229	228	4	GTTAATGAGTTCACTTCTCCTCCT	1
230	229	4	TTAATGAGTTCACTTCTCCTCCTT	1
231	230	4	TAATGAGTTCACTTCTCCTCCTTT	1
232	231	4	AATGAGTTCACTTCTCCTCCTTTG	1
233	232	4	ATGAGTTCACTTCTCCTCCTTTGA	1
234	233	4	TGAGTTCACTTCTCCTCCTTTGAA	1
235	234	5	GAGTTCACTTCTCCTCCTTTGAAC	1
236	235	5	AGTTCACTTCTCCTCCTTTGAACT	1
237	236	5	GTTCACTTCTCCTCCTTTGAACTC	1
238	237	5	TTCACTTCTCCTCCTTTGAACTCT	1
239	238	4	TCACTTCTCCTCCTTTGAACTCTC	1
240	239	4	CACTTCTCCTCCTTTGAACTCTCA	1
241	240	4	ACTTCTCCTCCTTTGAACTCTCAT	1
242	241	5	CTTCTCCTCCTTTGAACTCTCATC	1
243	242	5	TTCTCCTCCTTTGAACTCTCATCT	1
244	243	5	TCTCCTCCTTTGAACTCTCATCTT	1
245	244	5	CTCCTCCTTTGAACTCTCATCTTC	1
246	245	6	TCCTCCTTTGAACTCTCATCTTCT	1
247	246	6	CCTCCTTTGAACTCTCATCTTCTT	1
248	247	6	CTCCTTTGAACTCTCATCTTCTTC	1
249	248	6	TCCTTTGAACTCTCATCTTCTTCA	1
250	249	6	CCTTTGAACTCTCATCTTCTTCAA	1
251	250	6	CTTTGAACTCTCATCTTCTTCAAA	1
252	251	5	TTTGAACTCTCATCTTCTTCAAAA	1
253	252	6	TTGAACTCTCATCTTCTTCAAAAC	1
254	253	6	TGAACTCTCATCTTCTTCAAAACA	1
255	254	7	GAACTCTCATCTTCTTCAAAACAT	1
256	255	7	AACTCTCATCTTCTTCAAAACATT	1
257	256	7	ACTCTCATCTTCTTCAAAACATTA	1
258	257	7	CTCTCATCTTCTTCAAAACATTAA	1
259	258	7	TCTCATCTTCTTCAAAACATTAAA	1
260	259	7	CTCATCTTCTTCAAAACATTAAAC	1
261	260	7	TCATCTTCTTCAAAACATTAAACT	1
262	261	6	CATCTTCTTCAAAACATTAAACTC	1
263	262	6	ATCTTCTTCAAAACATTAAACTCT	1
264	263	6	TCTTCTTCAAAACATTAAACTCTC	1
265	264	6	CTTCTTCAAAACATTAAACTCTCT	1
266	265	6	TTCTTCAAAACATTAAACTCTCTG	1
267	266	6	TCTTCAAAACATTAAACTCTCTGG	1
268	267	6	CTTCAAAACATTAAACTCTCTGGC	1
269	268	6	TTCAAAACATTAAACTCTCTGGCT	1
270	269	6	TCAAAACATTAAACTCTCTGGCTA	1
271	270	6	CAAAACATTAAACTCTCTGGCTAC	1
272	271	5	AAAACATTAAACTCTCTGGCTACA	1
273	272	5	AAACATTAAACTCTCTGGCTACAC	1
274	273	5	AACATTAAACTCTCTGGCTACACT	1
275	274	5	ACATTAAACTCTCTGGCTACACTC	1
276	275	5	CATTAAACTCTCTGGCTACACTCA	1
277	276	5	ATTAAACTCTCTGGCTACACTCAG	1
278	277	5	TTAAACTCTCTGGCTACACTCAGC	1
279	278	4	TAAACTCTCTGGCTACACTCAGCC	1
280	279	4	AAACTCTCTGGCTACACTCAGCCC	1
281	280	4	AACTCTCTGGCTACACTCAGCCCA	1
282	281	4	ACTCTCTGGCTACACTCAGCCCAC	1
283	282	4	CTCTCTGGCTACACTCAGCCCACC	1
284	283	4	TCTCTGGCTACACTCAGCCCACCC	1
285	284	4	CTCTGGCTACACTCAGCCCACCCC	1
286	285	3	TCTGGCTACACTCAGCCCACCCCA	1
287	286	3	CTGGCTACACTCAGCCCACCCCAG	1
288	287	3	TGGCTACACTCAGCCCACCCCAGT	1
289	288	3	GGCTACACTCAGCCCACCCCAGTT	1
290	289	2	GCTACACTCAGCCCACCCCAGTTC	1
291	290	2	CTACACTCAGCCCACCCCAGTTCA	1
292	291	2	TACACTCAGCCCACCCCAGTTCAA	1
293	292	2	ACACTCAGCCCACCCCAGTTCAAA	1
294	293	2	CACTCAGCCCACCCCAGTTCAAAA	1
295	294	2	ACTCAGCCCACCCCAGTTCAAAAG	1
296	295	2	CTCAGCCCACCCCAGTTCAAAAGA	1
297	296	1	TCAGCCCACCCCAGTTCAAAAGAA	1
298	297	1	CAGCCCACCCCAGTTCAAAAGAAC	1
299	-1	0	TACCGTGGCGGTCGTGAAGGTGGT	1
300	299	1	ACCGTGGCGGTCGTGAAGGTGGTT	1
301	300	1	CCGTGGCGGTCGTGAAGGTGGTTA	1
302	301	1	CGTGGCGGTCGTGAAGGTGGTTAC	1
303	302	1	GTGGCGGTCGTGAAGGTGGTTACA	1
304	303	1	TGGCGGTCGTGAAGGTGGTTACAG	1
305	304	1	GGCGGTCGTGAAGGTGGTTACAGC	1
306	305	1	GCGGTCGTGAAGGTGGTTACAGCA	1
307	306	1	CGGTCGTGAAGGTGGTTACAGCAA	1
308	307	1	GGTCGTGAAGGTGGTTACAGCAAC	1
309	308	1	GTCGTGAAGGTGGTTACAGCAACG	1
310	309	1	TCGTGAAGGTGGTTACAGCAACGG	1
311	310	1	CGTGAAGGTGGTTACAGCAACGGC	1
312	311	1	GTGAAGGTGGTTACAGCAACGGCG	1
313	312	1	TGAAGGTGGTTACAGCAACGGCGG	1
314	313	1	GAAGGTGGTTACAGCAACGGCGGT	1
315	314	1	AAGGTGGTTACAGCAACGGCGGTG	1
316	315	1	AGGTGGTTACAGCAACGGCGGTGG	1
317	316	1	GGTGGTTACAGCAACGGCGGTGGT	1
318	317	2	GTGGTTACAGCAACGGCGGTGGTT	1
319	318	2	TGGTTACAGCAACGGCGGTGGTTA	1
320	319	2	GGTTACAGCAACGGCGGTGGTTAT	1
321	320	2	GTTACAGCAACGGCGGTGGTTATC	1
322	321	2	TTACAGCAACGGCGGTGGTTATCG	1
323	322	2	TACAGCAACGGCGGTGGTTATCGT	1
324	323	2	ACAGCAACGGCGGTGGTTATCGTA	1
325	324	2	CAGCAACGGCGGTGGTTATCGTAA	1
326	325	3	AGCAACGGCGGTGGTTATCGTAAC	1
327	326	3	GCAACGGCGGTGGTTATCGTAACA	1
328	327	3	CAACGGCGGTGGTTATCGTAACAA	1
329	328	3	AACGGCGGTGGTTATCGTAACAAC	1
330	329	3	ACGGCGGTGGTTATCGTAACAACC	1
331	330	3	CGGCGGTGGTTATCGTAACAACCG	1
332	331	3	GGCGGTGGTTATCGTAACAACCGT	1
333	332	3	GCGGTGGTTATCGTAACAACCGTG	1
334	333	3	CGGTGGTTATCGTAACAACCGTGG	1
335	334	3	GGTGGTTATCGTAACAACCGTGGA	1
336	335	3	GTGGTTATCGTAACAACCGTGGAT	1
337	336	4	TGGTTATCGTAACAACCGTGGATT	1
338	337	4	GGTTATCGTAACAACCGTGGATTT	1
339	338	4	GTTATCGTAACAACCGTGGATTTG	1
340	339	4	TTATCGTAACAACCGTGGATTTGG	1
341	340	4	TATCGTAACAACCGTGGATTTGGC	1
342	341	4	ATCGTAACAACCGTGGATTTGGCC	1
343	342	3	TCGTAACAACCGTGGATTTGGCCA	1
344	343	3	CGTAACAACCGTGGATTTGGCCAA	1
345	344	3	GTAACAACCGTGGATTTGGCCAAT	1
346	345	3	TAACAACCGTGGATTTGGCCAATG	1
347	346	3	AACAACCGTGGATTTGGCCAATGG	1
348	347	3	ACAACCGTGGATTTGGCCAATGGA	1
349	348	3	CAACCGTGGATTTGGCCAATGGAG	1
350	349	3	AACCGTGGATTTGGCCAATGGAGA	1
351	350	3	ACCGTGGATTTGGCCAATGGAGAG	1
352	351	3	CCGTGGATTTGGCCAATGGAGAGA	1
353	352	3	CGTGGATTTGGCCAATGGAGAGAT	1
354	353	3	GTGGATTTGGCCAATGGAGAGATG	1
355	354	3	TGGATTTGGCCAATGGAGAGATGG	1
356	355	3	GGATTTGGCCAATGGAGAGATGGT	1
357	356	3	GATTTGGCCAATGGAGAGATGGTC	1
358	357	3	ATTTGGCCAATGGAGAGATGGTCA	1
359	358	3	TTTGGCCAATGGAGAGATGGTCAA	1
360	359	3	TTGGCCAATGGAGAGATGGTCAAC	1
361	360	3	TGGCCAATGGAGAGATGGTCAACA	1
362	361	2	GGCCAATGGAGAGATGGTCAACAC	1
363	362	3	GCCAATGGAGAGATGGTCAACACG	1
364	363	3	CCAATGGAGAGATGGTCAACACGT	1
365	364	3	CAATGGAGAGATGGTCAACACGTT	1
366	365	3	AATGGAGAGATGGTCAACACGTTA	1
367	366	3	ATGGAGAGATGGTCAACACGTTAT	1
368	367	3	TGGAGAGATGGTCAACACGTTATC	1
369	368	3	GGAGAGATGGTCAACACGTTATCG	1
370	369	2	GAGAGATGGTCAACACGTTATCGG	1
371	370	1	AGAGATGGTCAACACGTTATCGGA	1
372	371	1	GAGATGGTCAACACGTTATCGGAG	1
373	372	1	AGATGGTCAACACGTTATCGGAGC	1
374	373	1	GATGGTCAACACGTTATCGGAGCC	1
375	374	1	ATGGTCAACACGTTATCGGAGCCC	1
376	375	1	TGGTCAACACGTTATCGGAGCCCG	1
377	376	1	GGTCAACACGTTATCGGAGCCCGT	1
378	377	1	GTCAACACGTTATCGGAGCCCGTA	1
379	378	1	TCAACACGTTATCGGAGCCCGTAA	1
380	379	1	CAACACGTTATCGGAGCCCGTAAC	1
381	380	1	AACACGTTATCGGAGCCCGTAACA	1
382	381	1	ACACGTTATCGGAGCCCGTAACAC	1
383	382	1	CACGTTATCGGAGCCCGTAACACT	1
384	383	1	ACGTTATCGGAGCCCGTAACACTC	1
385	384	1	CGTTATCGGAGCCCGTAACACTCT	1
386	385	1	GTTATCGGAGCCCGTAACACTCTT	1
387	386	1	TTATCGGAGCCCGTAACACTCTTT	1
388	387	1	TATCGGAGCCCGTAACACTCTTTT	1
389	388	1	ATCGGAGCCCGTAACACTCTTTTG	1
390	389	1	TCGGAGCCCGTAACACTCTTTTGG	1
391	390	1	CGGAGCCCGTAACACTCTTTTGGA	1
392	391	1	GGAGCCCGTAACACTCTTTTGGAG	1
393	392	1	GAGCCCGTAACACTCTTTTGGAGC	1
394	393	1	AGCCCGTAACACTCTTTTGGAGCG	1
395	394	1	GCCCGTAACACTCTTTTGGAGCGT	1
396	395	1	CCCGTAACACTCTTTTGGAGCGTC	1
397	396	1	CCGTAACACTCTTTTGGAGCGTCA	1
398	397	1	CGTAACACTCTTTTGGAGCGTCAA	1
399	398	1	GTAACACTCTTTTGGAGCGTCAAT	1
400	399	1	TAACACTCTTTTGGAGCGTCAATT	1
401	400	1	AACACTCTTTTGGAGCGTCAATTA	1
402	401	1	ACACTCTTTTGGAGCGTCAATTAT	1
403	402	1	CACTCTTTTGGAGCGTCAATTATT	1
404	403	1	ACTCTTTTGGAGCGTCAATTATTT	1
405	404	1	CTCTTTTGGAGCGTCAATTATTTG	1
406	405	1	TCTTTTGGAGCGTCAATTATTTGG	1
