Component 42
1	-1	0	TTTGCCAGAAGATATTGTGGCCGT	1
2	1	1	TTGCCAGAAGATATTGTGGCCGTT	1
3	2	1	TGCCAGAAGATATTGTGGCCGTTC	1
4	3	1	GCCAGAAGATATTGTGGCCGTTCG	1
5	4	1	CCAGAAGATATTGTGGCCGTTCGT	1
6	5	1	CAGAAGATATTGTGGCCGTTCGTC	1
7	6	1	AGAAGATATTGTGGCCGTTCGTCC	1
8	7	1	GAAGATATTGTGGCCGTTCGTCCT	1
9	8	1	AAGATATTGTGGCCGTTCGTCCTC	1
10	9	1	AGATATTGTGGCCGTTCGTCCTCG	1
11	10	1	GATATTGTGGCCGTTCGTCCTCGG	1
12	11	1	ATATTGTGGCCGTTCGTCCTCGGT	1
13	12	1	TATTGTGGCCGTTCGTCCTCGGTT	1
14	13	1	ATTGTGGCCGTTCGTCCTCGGTTG	1
15	14	1	TTGTGGCCGTTCGTCCTCGGTTGG	1
16	15	1	TGTGGCCGTTCGTCCTCGGTTGGT	1
17	16	1	GTGGCCGTTCGTCCTCGGTTGGTC	1
18	17	1	TGGCCGTTCGTCCTCGGTTGGTCC	1
19	18	1	GGCCGTTCGTCCTCGGTTGGTCCT	1
20	19	1	GCCGTTCGTCCTCGGTTGGTCCTT	1
21	20	1	CCGTTCGTCCTCGGTTGGTCCTTC	1
22	21	1	CGTTCGTCCTCGGTTGGTCCTTCA	1
23	22	1	GTTCGTCCTCGGTTGGTCCTTCAT	1
24	23	1	TTCGTCCTCGGTTGGTCCTTCATT	1
25	24	1	TCGTCCTCGGTTGGTCCTTCATTT	1
26	25	1	CGTCCTCGGTTGGTCCTTCATTTT	1
27	26	1	GTCCTCGGTTGGTCCTTCATTTTA	1
28	27	1	TCCTCGGTTGGTCCTTCATTTTAT	1
29	28	1	CCTCGGTTGGTCCTTCATTTTATT	1
30	29	1	CTCGGTTGGTCCTTCATTTTATTG	1
31	30	1	TCGGTTGGTCCTTCATTTTATTGG	1
32	31	1	CGGTTGGTCCTTCATTTTATTGGC	1
33	32	1	GGTTGGTCCTTCATTTTATTGGCA	1
34	33	1	GTTGGTCCTTCATTTTATTGGCAG	1
35	34	1	TTGGTCCTTCATTTTATTGGCAGT	1
36	35	1	TGGTCCTTCATTTTATTGGCAGTT	1
37	36	1	GGTCCTTCATTTTATTGGCAGTTT	1
38	37	1	GTCCTTCATTTTATTGGCAGTTTA	1
39	38	2	TCCTTCATTTTATTGGCAGTTTAA	1
40	39	2	CCTTCATTTTATTGGCAGTTTAAT	1
41	40	2	CTTCATTTTATTGGCAGTTTAATG	1
42	41	2	TTCATTTTATTGGCAGTTTAATGG	1
43	42	2	TCATTTTATTGGCAGTTTAATGGC	1
44	43	2	CATTTTATTGGCAGTTTAATGGCC	1
45	44	2	ATTTTATTGGCAGTTTAATGGCCG	1
46	45	1	TTTTATTGGCAGTTTAATGGCCGT	1
47	46	1	TTTATTGGCAGTTTAATGGCCGTA	1
48	47	1	TTATTGGCAGTTTAATGGCCGTAT	1
49	48	1	TATTGGCAGTTTAATGGCCGTATA	1
50	49	1	ATTGGCAGTTTAATGGCCGTATAA	1
51	50	1	TTGGCAGTTTAATGGCCGTATAAT	1
52	51	1	TGGCAGTTTAATGGCCGTATAATT	1
53	52	1	GGCAGTTTAATGGCCGTATAATTT	1
54	53	2	GCAGTTTAATGGCCGTATAATTTG	1
55	54	2	CAGTTTAATGGCCGTATAATTTGT	1
56	55	2	AGTTTAATGGCCGTATAATTTGTT	1
57	56	2	GTTTAATGGCCGTATAATTTGTTT	1
58	57	2	TTTAATGGCCGTATAATTTGTTTC	1
59	58	2	TTAATGGCCGTATAATTTGTTTCG	1
60	59	2	TAATGGCCGTATAATTTGTTTCGA	1
61	60	2	AATGGCCGTATAATTTGTTTCGAC	1
62	61	2	ATGGCCGTATAATTTGTTTCGACT	1
63	62	3	TGGCCGTATAATTTGTTTCGACTT	1
64	63	3	GGCCGTATAATTTGTTTCGACTTA	1
65	64	3	GCCGTATAATTTGTTTCGACTTAA	1
66	65	3	CCGTATAATTTGTTTCGACTTAAC	1
67	66	3	CGTATAATTTGTTTCGACTTAACT	1
68	67	3	GTATAATTTGTTTCGACTTAACTA	1
69	68	3	TATAATTTGTTTCGACTTAACTAT	1
70	69	3	ATAATTTGTTTCGACTTAACTATA	1
71	70	3	TAATTTGTTTCGACTTAACTATAG	1
72	71	3	AATTTGTTTCGACTTAACTATAGC	1
73	72	3	ATTTGTTTCGACTTAACTATAGCT	1
74	73	3	TTTGTTTCGACTTAACTATAGCTT	1
75	74	3	TTGTTTCGACTTAACTATAGCTTT	1
76	75	3	TGTTTCGACTTAACTATAGCTTTT	1
77	76	3	GTTTCGACTTAACTATAGCTTTTA	1
78	77	3	TTTCGACTTAACTATAGCTTTTAA	1
79	78	3	TTCGACTTAACTATAGCTTTTAAC	1
80	79	3	TCGACTTAACTATAGCTTTTAACG	1
81	80	3	CGACTTAACTATAGCTTTTAACGA	1
82	81	3	GACTTAACTATAGCTTTTAACGAA	1
83	82	2	ACTTAACTATAGCTTTTAACGAAA	1
84	83	2	CTTAACTATAGCTTTTAACGAAAC	1
85	84	2	TTAACTATAGCTTTTAACGAAACG	1
86	85	2	TAACTATAGCTTTTAACGAAACGA	1
87	86	2	AACTATAGCTTTTAACGAAACGAT	1
88	87	2	ACTATAGCTTTTAACGAAACGATT	1
89	88	2	CTATAGCTTTTAACGAAACGATTT	1
90	89	2	TATAGCTTTTAACGAAACGATTTA	1
91	90	2	ATAGCTTTTAACGAAACGATTTAA	1
92	91	2	TAGCTTTTAACGAAACGATTTAAC	1
93	92	2	AGCTTTTAACGAAACGATTTAACA	1
94	93	2	GCTTTTAACGAAACGATTTAACAC	1
95	94	2	CTTTTAACGAAACGATTTAACACA	1
96	95	2	TTTTAACGAAACGATTTAACACAT	1
97	96	2	TTTAACGAAACGATTTAACACATG	1
98	97	1	TTAACGAAACGATTTAACACATGT	1
99	98	1	TAACGAAACGATTTAACACATGTG	1
100	99	1	AACGAAACGATTTAACACATGTGT	1
101	100	1	ACGAAACGATTTAACACATGTGTT	1
102	101	1	CGAAACGATTTAACACATGTGTTT	1
103	102	1	GAAACGATTTAACACATGTGTTTT	1
104	103	1	AAACGATTTAACACATGTGTTTTT	1
105	104	1	AACGATTTAACACATGTGTTTTTC	1
106	105	1	ACGATTTAACACATGTGTTTTTCC	1
107	-1	0	CTTAGACGTACTTCATGGAATTAA	1
108	107	2	TTAGACGTACTTCATGGAATTAAG	1
109	108	2	TAGACGTACTTCATGGAATTAAGA	1
110	109	2	AGACGTACTTCATGGAATTAAGAG	1
111	110	2	GACGTACTTCATGGAATTAAGAGC	1
112	111	2	ACGTACTTCATGGAATTAAGAGCG	1
113	112	2	CGTACTTCATGGAATTAAGAGCGA	1
114	113	2	GTACTTCATGGAATTAAGAGCGAA	1
115	114	2	TACTTCATGGAATTAAGAGCGAAT	1
116	115	2	ACTTCATGGAATTAAGAGCGAATA	1
117	116	2	CTTCATGGAATTAAGAGCGAATAT	1
118	117	2	TTCATGGAATTAAGAGCGAATATG	1
119	118	2	TCATGGAATTAAGAGCGAATATGT	1
120	119	2	CATGGAATTAAGAGCGAATATGTT	1
121	120	2	ATGGAATTAAGAGCGAATATGTTG	1
122	121	2	TGGAATTAAGAGCGAATATGTTGA	1
123	122	2	GGAATTAAGAGCGAATATGTTGAT	1
124	123	2	GAATTAAGAGCGAATATGTTGATT	1
125	124	2	AATTAAGAGCGAATATGTTGATTA	1
126	125	2	ATTAAGAGCGAATATGTTGATTAC	1
127	126	2	TTAAGAGCGAATATGTTGATTACA	1
128	127	2	TAAGAGCGAATATGTTGATTACAA	1
129	128	2	AAGAGCGAATATGTTGATTACAAT	1
130	129	2	AGAGCGAATATGTTGATTACAATC	1
131	130	2	GAGCGAATATGTTGATTACAATCT	1
132	131	2	AGCGAATATGTTGATTACAATCTT	1
133	132	2	GCGAATATGTTGATTACAATCTTG	1
134	133	2	CGAATATGTTGATTACAATCTTGT	1
135	134	2	GAATATGTTGATTACAATCTTGTT	1
136	135	2	AATATGTTGATTACAATCTTGTTA	1
137	136	2	ATATGTTGATTACAATCTTGTTAC	1
138	137	3	TATGTTGATTACAATCTTGTTACC	1
139	138	3	ATGTTGATTACAATCTTGTTACCG	1
140	139	3	TGTTGATTACAATCTTGTTACCGA	1
141	140	4	GTTGATTACAATCTTGTTACCGAT	1
142	141	4	TTGATTACAATCTTGTTACCGATG	1
143	142	4	TGATTACAATCTTGTTACCGATGG	1
144	143	4	GATTACAATCTTGTTACCGATGGT	1
145	144	4	ATTACAATCTTGTTACCGATGGTT	1
146	145	4	TTACAATCTTGTTACCGATGGTTC	1
147	146	4	TACAATCTTGTTACCGATGGTTCT	1
148	147	4	ACAATCTTGTTACCGATGGTTCTA	1
149	148	4	CAATCTTGTTACCGATGGTTCTAC	1
150	149	4	AATCTTGTTACCGATGGTTCTACT	1
151	150	4	ATCTTGTTACCGATGGTTCTACTG	1
152	151	2	TCTTGTTACCGATGGTTCTACTGA	1
153	152	2	CTTGTTACCGATGGTTCTACTGAA	1
154	153	2	TTGTTACCGATGGTTCTACTGAAG	1
155	154	2	TGTTACCGATGGTTCTACTGAAGA	1
156	155	2	GTTACCGATGGTTCTACTGAAGAA	1
157	156	2	TTACCGATGGTTCTACTGAAGAAC	1
158	157	2	TACCGATGGTTCTACTGAAGAACT	1
159	158	2	ACCGATGGTTCTACTGAAGAACTT	1
160	159	2	CCGATGGTTCTACTGAAGAACTTG	1
161	160	2	CGATGGTTCTACTGAAGAACTTGC	1
162	161	2	GATGGTTCTACTGAAGAACTTGCT	1
163	162	2	ATGGTTCTACTGAAGAACTTGCTA	1
164	163	2	TGGTTCTACTGAAGAACTTGCTAT	1
165	164	2	GGTTCTACTGAAGAACTTGCTATT	1
166	165	2	GTTCTACTGAAGAACTTGCTATTC	1
167	166	2	TTCTACTGAAGAACTTGCTATTCA	1
168	167	2	TCTACTGAAGAACTTGCTATTCAA	1
169	168	2	CTACTGAAGAACTTGCTATTCAAA	1
170	169	2	TACTGAAGAACTTGCTATTCAAAA	1
171	170	2	ACTGAAGAACTTGCTATTCAAAAT	1
172	171	2	CTGAAGAACTTGCTATTCAAAATG	1
173	172	2	TGAAGAACTTGCTATTCAAAATGC	1
174	173	2	GAAGAACTTGCTATTCAAAATGCT	1
175	174	2	AAGAACTTGCTATTCAAAATGCTC	1
176	175	2	AGAACTTGCTATTCAAAATGCTCG	1
177	176	2	GAACTTGCTATTCAAAATGCTCGT	1
178	177	2	AACTTGCTATTCAAAATGCTCGTC	1
179	178	2	ACTTGCTATTCAAAATGCTCGTCT	1
180	179	2	CTTGCTATTCAAAATGCTCGTCTT	1
181	180	2	TTGCTATTCAAAATGCTCGTCTTG	1
182	181	1	TGCTATTCAAAATGCTCGTCTTGC	1
183	182	1	GCTATTCAAAATGCTCGTCTTGCT	1
184	183	1	CTATTCAAAATGCTCGTCTTGCTA	1
