Component 420
1	-1	0	TTTTGCCCATGCAGCAGGCTGATA	1
2	1	2	TTTGCCCATGCAGCAGGCTGATAA	1
3	2	2	TTGCCCATGCAGCAGGCTGATAAA	1
4	3	2	TGCCCATGCAGCAGGCTGATAAAT	1
5	4	2	GCCCATGCAGCAGGCTGATAAATT	1
6	5	2	CCCATGCAGCAGGCTGATAAATTC	1
7	6	2	CCATGCAGCAGGCTGATAAATTCC	1
8	7	2	CATGCAGCAGGCTGATAAATTCCG	1
9	8	2	ATGCAGCAGGCTGATAAATTCCGT	1
10	9	2	TGCAGCAGGCTGATAAATTCCGTA	1
11	10	2	GCAGCAGGCTGATAAATTCCGTAA	1
12	11	2	CAGCAGGCTGATAAATTCCGTAAA	1
13	12	2	AGCAGGCTGATAAATTCCGTAAAC	1
14	13	2	GCAGGCTGATAAATTCCGTAAACT	1
15	14	3	CAGGCTGATAAATTCCGTAAACTT	1
16	15	3	AGGCTGATAAATTCCGTAAACTTG	1
17	16	3	GGCTGATAAATTCCGTAAACTTGG	1
18	17	3	GCTGATAAATTCCGTAAACTTGGC	1
19	18	3	CTGATAAATTCCGTAAACTTGGCG	1
20	19	3	TGATAAATTCCGTAAACTTGGCGT	1
21	20	3	GATAAATTCCGTAAACTTGGCGTG	1
22	21	3	ATAAATTCCGTAAACTTGGCGTGA	1
23	22	3	TAAATTCCGTAAACTTGGCGTGAA	1
24	23	3	AAATTCCGTAAACTTGGCGTGAAA	1
25	24	3	AATTCCGTAAACTTGGCGTGAAAC	1
26	25	3	ATTCCGTAAACTTGGCGTGAAACC	1
27	26	3	TTCCGTAAACTTGGCGTGAAACCT	1
28	27	3	TCCGTAAACTTGGCGTGAAACCTC	1
29	28	3	CCGTAAACTTGGCGTGAAACCTCC	1
30	29	3	CGTAAACTTGGCGTGAAACCTCCC	1
31	30	3	GTAAACTTGGCGTGAAACCTCCCA	1
32	31	3	TAAACTTGGCGTGAAACCTCCCAA	1
33	32	3	AAACTTGGCGTGAAACCTCCCAAG	1
34	33	3	AACTTGGCGTGAAACCTCCCAAGG	1
35	34	3	ACTTGGCGTGAAACCTCCCAAGGG	1
36	35	3	CTTGGCGTGAAACCTCCCAAGGGA	1
37	36	3	TTGGCGTGAAACCTCCCAAGGGAT	1
38	37	3	TGGCGTGAAACCTCCCAAGGGATG	1
39	38	3	GGCGTGAAACCTCCCAAGGGATGT	1
40	39	3	GCGTGAAACCTCCCAAGGGATGTT	1
41	40	3	CGTGAAACCTCCCAAGGGATGTTT	1
42	41	3	GTGAAACCTCCCAAGGGATGTTTG	1
43	42	3	TGAAACCTCCCAAGGGATGTTTGA	1
44	43	3	GAAACCTCCCAAGGGATGTTTGAT	1
45	44	3	AAACCTCCCAAGGGATGTTTGATG	1
46	45	1	AACCTCCCAAGGGATGTTTGATGT	1
47	46	2	ACCTCCCAAGGGATGTTTGATGTT	1
48	47	2	CCTCCCAAGGGATGTTTGATGTTT	1
49	48	2	CTCCCAAGGGATGTTTGATGTTTG	1
50	49	2	TCCCAAGGGATGTTTGATGTTTGG	1
51	50	2	CCCAAGGGATGTTTGATGTTTGGT	1
52	51	2	CCAAGGGATGTTTGATGTTTGGTC	1
53	52	2	CAAGGGATGTTTGATGTTTGGTCC	1
54	53	2	AAGGGATGTTTGATGTTTGGTCCC	1
55	54	2	AGGGATGTTTGATGTTTGGTCCCC	1
56	55	2	GGGATGTTTGATGTTTGGTCCCCC	1
57	56	1	GGATGTTTGATGTTTGGTCCCCCT	1
58	57	1	GATGTTTGATGTTTGGTCCCCCTG	1
59	58	2	ATGTTTGATGTTTGGTCCCCCTGG	1
60	59	2	TGTTTGATGTTTGGTCCCCCTGGC	1
61	60	2	GTTTGATGTTTGGTCCCCCTGGCA	1
62	61	2	TTTGATGTTTGGTCCCCCTGGCAC	1
63	62	2	TTGATGTTTGGTCCCCCTGGCACT	1
64	63	2	TGATGTTTGGTCCCCCTGGCACTG	1
65	64	2	GATGTTTGGTCCCCCTGGCACTGG	1
66	65	2	ATGTTTGGTCCCCCTGGCACTGGT	1
67	66	2	TGTTTGGTCCCCCTGGCACTGGTA	1
68	67	2	GTTTGGTCCCCCTGGCACTGGTAA	1
69	68	2	TTTGGTCCCCCTGGCACTGGTAAG	1
70	69	2	TTGGTCCCCCTGGCACTGGTAAGA	1
71	70	2	TGGTCCCCCTGGCACTGGTAAGAC	1
72	71	2	GGTCCCCCTGGCACTGGTAAGACC	1
73	72	2	GTCCCCCTGGCACTGGTAAGACCT	1
74	73	2	TCCCCCTGGCACTGGTAAGACCTT	1
75	74	2	CCCCCTGGCACTGGTAAGACCTTA	1
76	75	2	CCCCTGGCACTGGTAAGACCTTAT	1
77	76	2	CCCTGGCACTGGTAAGACCTTATT	1
78	77	2	CCTGGCACTGGTAAGACCTTATTA	1
79	78	2	CTGGCACTGGTAAGACCTTATTAG	1
80	79	2	TGGCACTGGTAAGACCTTATTAGC	1
81	80	2	GGCACTGGTAAGACCTTATTAGCT	1
82	81	2	GCACTGGTAAGACCTTATTAGCTC	1
83	82	2	CACTGGTAAGACCTTATTAGCTCG	1
84	83	2	ACTGGTAAGACCTTATTAGCTCGT	1
85	84	2	CTGGTAAGACCTTATTAGCTCGTG	1
86	85	2	TGGTAAGACCTTATTAGCTCGTGC	1
87	86	2	GGTAAGACCTTATTAGCTCGTGCC	1
88	87	2	GTAAGACCTTATTAGCTCGTGCCT	1
89	88	2	TAAGACCTTATTAGCTCGTGCCTG	1
90	89	2	AAGACCTTATTAGCTCGTGCCTGT	1
91	90	1	AGACCTTATTAGCTCGTGCCTGTG	1
92	91	1	GACCTTATTAGCTCGTGCCTGTGC	1
93	92	1	ACCTTATTAGCTCGTGCCTGTGCT	1
94	93	1	CCTTATTAGCTCGTGCCTGTGCTG	1
95	94	1	CTTATTAGCTCGTGCCTGTGCTGC	1
96	95	1	TTATTAGCTCGTGCCTGTGCTGCC	1
97	96	1	TATTAGCTCGTGCCTGTGCTGCCC	1
98	97	1	ATTAGCTCGTGCCTGTGCTGCCCA	1
99	98	1	TTAGCTCGTGCCTGTGCTGCCCAG	1
100	99	1	TAGCTCGTGCCTGTGCTGCCCAGT	1
101	100	1	AGCTCGTGCCTGTGCTGCCCAGTC	1
102	101	1	GCTCGTGCCTGTGCTGCCCAGTCC	1
103	-1	0	TCACATGTCAACTCTCGAAGAATT	1
104	103	1	CACATGTCAACTCTCGAAGAATTA	1
105	104	1	ACATGTCAACTCTCGAAGAATTAG	1
106	105	1	CATGTCAACTCTCGAAGAATTAGA	1
107	106	1	ATGTCAACTCTCGAAGAATTAGAC	1
108	107	1	TGTCAACTCTCGAAGAATTAGACG	1
109	108	2	GTCAACTCTCGAAGAATTAGACGC	1
110	109	2	TCAACTCTCGAAGAATTAGACGCG	1
111	110	2	CAACTCTCGAAGAATTAGACGCGC	1
112	111	2	AACTCTCGAAGAATTAGACGCGCT	1
113	112	2	ACTCTCGAAGAATTAGACGCGCTA	1
114	113	2	CTCTCGAAGAATTAGACGCGCTAG	1
115	114	2	TCTCGAAGAATTAGACGCGCTAGA	1
116	115	2	CTCGAAGAATTAGACGCGCTAGAT	1
117	116	2	TCGAAGAATTAGACGCGCTAGATC	1
118	117	2	CGAAGAATTAGACGCGCTAGATCA	1
119	118	2	GAAGAATTAGACGCGCTAGATCAA	1
120	119	2	AAGAATTAGACGCGCTAGATCAAT	1
121	120	2	AGAATTAGACGCGCTAGATCAATC	1
122	121	2	GAATTAGACGCGCTAGATCAATCC	1
123	122	2	AATTAGACGCGCTAGATCAATCCC	1
124	123	2	ATTAGACGCGCTAGATCAATCCCA	1
125	124	2	TTAGACGCGCTAGATCAATCCCAG	1
126	125	2	TAGACGCGCTAGATCAATCCCAGC	1
127	126	2	AGACGCGCTAGATCAATCCCAGCA	1
128	127	2	GACGCGCTAGATCAATCCCAGCAG	1
129	128	2	ACGCGCTAGATCAATCCCAGCAGG	1
130	129	2	CGCGCTAGATCAATCCCAGCAGGG	1
131	130	2	GCGCTAGATCAATCCCAGCAGGGA	1
132	131	2	CGCTAGATCAATCCCAGCAGGGAG	1
133	132	2	GCTAGATCAATCCCAGCAGGGAGG	1
134	133	2	CTAGATCAATCCCAGCAGGGAGGA	1
135	134	2	TAGATCAATCCCAGCAGGGAGGAT	1
136	135	2	AGATCAATCCCAGCAGGGAGGATC	1
137	136	2	GATCAATCCCAGCAGGGAGGATCC	1
138	137	2	ATCAATCCCAGCAGGGAGGATCCT	1
139	138	2	TCAATCCCAGCAGGGAGGATCCTC	1
140	139	2	CAATCCCAGCAGGGAGGATCCTCC	1
141	140	2	AATCCCAGCAGGGAGGATCCTCCA	1
142	141	2	ATCCCAGCAGGGAGGATCCTCCAA	1
143	142	2	TCCCAGCAGGGAGGATCCTCCAAT	1
144	143	2	CCCAGCAGGGAGGATCCTCCAATA	1
145	144	2	CCAGCAGGGAGGATCCTCCAATAA	1
146	145	2	CAGCAGGGAGGATCCTCCAATAAT	1
147	146	2	AGCAGGGAGGATCCTCCAATAATG	1
148	147	1	GCAGGGAGGATCCTCCAATAATGA	1
149	148	1	CAGGGAGGATCCTCCAATAATGAA	1
150	149	1	AGGGAGGATCCTCCAATAATGAAG	1
151	150	1	GGGAGGATCCTCCAATAATGAAGG	1
152	151	1	GGAGGATCCTCCAATAATGAAGGT	1
153	-1	0	TTATGAAATCCGAGTTTCAAAGAT	1
154	153	1	TATGAAATCCGAGTTTCAAAGATT	1
155	154	1	ATGAAATCCGAGTTTCAAAGATTA	1
156	155	2	TGAAATCCGAGTTTCAAAGATTAA	1
157	156	2	GAAATCCGAGTTTCAAAGATTAAC	1
158	157	2	AAATCCGAGTTTCAAAGATTAACT	1
159	158	2	AATCCGAGTTTCAAAGATTAACTC	1
160	159	2	ATCCGAGTTTCAAAGATTAACTCA	1
161	160	2	TCCGAGTTTCAAAGATTAACTCAT	1
162	161	2	CCGAGTTTCAAAGATTAACTCATG	1
163	162	2	CGAGTTTCAAAGATTAACTCATGA	1
164	163	2	GAGTTTCAAAGATTAACTCATGAA	1
165	164	2	AGTTTCAAAGATTAACTCATGAAA	1
166	165	2	GTTTCAAAGATTAACTCATGAAAA	1
167	166	2	TTTCAAAGATTAACTCATGAAAAG	1
168	167	2	TTCAAAGATTAACTCATGAAAAGA	1
169	168	2	TCAAAGATTAACTCATGAAAAGAG	1
170	169	2	CAAAGATTAACTCATGAAAAGAGC	1
171	170	2	AAAGATTAACTCATGAAAAGAGCA	1
172	171	2	AAGATTAACTCATGAAAAGAGCAC	1
173	172	2	AGATTAACTCATGAAAAGAGCACC	1
174	173	2	GATTAACTCATGAAAAGAGCACCA	1
175	174	2	ATTAACTCATGAAAAGAGCACCAT	1
176	175	2	TTAACTCATGAAAAGAGCACCATG	1
177	176	2	TAACTCATGAAAAGAGCACCATGC	1
178	177	2	AACTCATGAAAAGAGCACCATGCT	1
179	178	2	ACTCATGAAAAGAGCACCATGCTC	1
180	179	2	CTCATGAAAAGAGCACCATGCTCG	1
181	180	2	TCATGAAAAGAGCACCATGCTCGA	1
182	181	2	CATGAAAAGAGCACCATGCTCGAA	1
183	182	2	ATGAAAAGAGCACCATGCTCGAAA	1
184	183	2	TGAAAAGAGCACCATGCTCGAAAA	1
185	184	2	GAAAAGAGCACCATGCTCGAAAAA	1
186	185	3	AAAAGAGCACCATGCTCGAAAAAA	1
187	186	4	AAAGAGCACCATGCTCGAAAAAAT	1
188	187	4	AAGAGCACCATGCTCGAAAAAATC	1
189	188	4	AGAGCACCATGCTCGAAAAAATCA	1
190	189	4	GAGCACCATGCTCGAAAAAATCAA	1
191	190	4	AGCACCATGCTCGAAAAAATCAAA	1
192	191	4	GCACCATGCTCGAAAAAATCAAAG	1
193	192	4	CACCATGCTCGAAAAAATCAAAGA	1
194	193	4	ACCATGCTCGAAAAAATCAAAGAA	1
195	194	4	CCATGCTCGAAAAAATCAAAGAAA	1
196	195	4	CATGCTCGAAAAAATCAAAGAAAA	1
197	196	4	ATGCTCGAAAAAATCAAAGAAAAC	1
198	197	3	TGCTCGAAAAAATCAAAGAAAACC	1
199	198	2	GCTCGAAAAAATCAAAGAAAACCA	1
200	199	2	CTCGAAAAAATCAAAGAAAACCAA	1
201	200	2	TCGAAAAAATCAAAGAAAACCAAG	1
202	201	2	CGAAAAAATCAAAGAAAACCAAGA	1
203	202	2	GAAAAAATCAAAGAAAACCAAGAA	1
204	203	2	AAAAAATCAAAGAAAACCAAGAAA	1
205	204	2	AAAAATCAAAGAAAACCAAGAAAA	1
206	205	2	AAAATCAAAGAAAACCAAGAAAAA	1
207	206	2	AAATCAAAGAAAACCAAGAAAAAA	1
208	207	1	AATCAAAGAAAACCAAGAAAAAAT	1
209	208	1	ATCAAAGAAAACCAAGAAAAAATT	1
210	209	1	TCAAAGAAAACCAAGAAAAAATTT	1
211	210	1	CAAAGAAAACCAAGAAAAAATTTC	1
212	211	1	AAAGAAAACCAAGAAAAAATTTCG	1
213	212	2	AAGAAAACCAAGAAAAAATTTCGA	1
214	213	2	AGAAAACCAAGAAAAAATTTCGAA	1
215	214	2	GAAAACCAAGAAAAAATTTCGAAT	1
216	215	2	AAAACCAAGAAAAAATTTCGAATA	1
217	216	2	AAACCAAGAAAAAATTTCGAATAA	1
218	217	2	AACCAAGAAAAAATTTCGAATAAT	1
219	218	2	ACCAAGAAAAAATTTCGAATAATA	1
220	219	2	CCAAGAAAAAATTTCGAATAATAA	1
221	220	2	CAAGAAAAAATTTCGAATAATAAG	1
222	221	2	AAGAAAAAATTTCGAATAATAAGA	1
223	222	2	AGAAAAAATTTCGAATAATAAGAT	1
224	223	2	GAAAAAATTTCGAATAATAAGATG	1
225	224	2	AAAAAATTTCGAATAATAAGATGC	1
226	225	3	AAAAATTTCGAATAATAAGATGCT	1
227	226	3	AAAATTTCGAATAATAAGATGCTA	1
228	227	3	AAATTTCGAATAATAAGATGCTAC	1
229	228	2	AATTTCGAATAATAAGATGCTACC	1
230	229	2	ATTTCGAATAATAAGATGCTACCT	1
231	230	1	TTTCGAATAATAAGATGCTACCTT	1
232	231	1	TTCGAATAATAAGATGCTACCTTA	1
233	232	1	TCGAATAATAAGATGCTACCTTAT	1
234	233	1	CGAATAATAAGATGCTACCTTATT	1
235	234	1	GAATAATAAGATGCTACCTTATTT	1
236	235	1	AATAATAAGATGCTACCTTATTTG	1
237	236	1	ATAATAAGATGCTACCTTATTTGG	1
238	237	1	TAATAAGATGCTACCTTATTTGGT	1
239	238	1	AATAAGATGCTACCTTATTTGGTA	1
240	239	1	ATAAGATGCTACCTTATTTGGTAG	1
241	240	1	TAAGATGCTACCTTATTTGGTAGG	1
242	241	1	AAGATGCTACCTTATTTGGTAGGA	1
243	242	1	AGATGCTACCTTATTTGGTAGGAA	1
244	243	1	GATGCTACCTTATTTGGTAGGAAA	1
245	244	1	ATGCTACCTTATTTGGTAGGAAAC	1
246	245	1	TGCTACCTTATTTGGTAGGAAACG	1
247	246	1	GCTACCTTATTTGGTAGGAAACGT	1
248	247	1	CTACCTTATTTGGTAGGAAACGTT	1
249	248	1	TACCTTATTTGGTAGGAAACGTTG	1
250	249	1	ACCTTATTTGGTAGGAAACGTTGT	1
251	250	1	CCTTATTTGGTAGGAAACGTTGTT	1
252	251	1	CTTATTTGGTAGGAAACGTTGTTG	1
253	252	1	TTATTTGGTAGGAAACGTTGTTGA	1
254	253	1	TATTTGGTAGGAAACGTTGTTGAA	1
255	254	1	ATTTGGTAGGAAACGTTGTTGAAA	1
256	255	1	TTTGGTAGGAAACGTTGTTGAAAT	1
257	-1	0	GTTGATGTCCAAGAATCAGCTAAC	1
258	257	1	TTGATGTCCAAGAATCAGCTAACC	1
259	258	1	TGATGTCCAAGAATCAGCTAACCA	1
260	259	1	GATGTCCAAGAATCAGCTAACCAA	1
261	260	1	ATGTCCAAGAATCAGCTAACCAAA	1
262	261	1	TGTCCAAGAATCAGCTAACCAAAA	1
263	262	1	GTCCAAGAATCAGCTAACCAAAAC	1
264	263	1	TCCAAGAATCAGCTAACCAAAACT	1
265	264	1	CCAAGAATCAGCTAACCAAAACTC	1
266	265	1	CAAGAATCAGCTAACCAAAACTCT	1
267	266	1	AAGAATCAGCTAACCAAAACTCTG	1
268	267	1	AGAATCAGCTAACCAAAACTCTGA	1
269	268	1	GAATCAGCTAACCAAAACTCTGAG	1
270	269	1	AATCAGCTAACCAAAACTCTGAGG	1
271	270	1	ATCAGCTAACCAAAACTCTGAGGC	1
272	271	1	TCAGCTAACCAAAACTCTGAGGCT	1
273	272	1	CAGCTAACCAAAACTCTGAGGCTA	1
274	273	1	AGCTAACCAAAACTCTGAGGCTAC	1
275	274	1	GCTAACCAAAACTCTGAGGCTACT	1
276	275	2	CTAACCAAAACTCTGAGGCTACTC	1
277	276	2	TAACCAAAACTCTGAGGCTACTCG	1
278	277	2	AACCAAAACTCTGAGGCTACTCGT	1
279	278	2	ACCAAAACTCTGAGGCTACTCGTG	1
280	279	2	CCAAAACTCTGAGGCTACTCGTGT	1
281	280	2	CAAAACTCTGAGGCTACTCGTGTT	1
282	281	2	AAAACTCTGAGGCTACTCGTGTTG	1
283	282	2	AAACTCTGAGGCTACTCGTGTTGG	1
284	283	3	AACTCTGAGGCTACTCGTGTTGGC	1
285	284	4	ACTCTGAGGCTACTCGTGTTGGCA	1
286	285	4	CTCTGAGGCTACTCGTGTTGGCAA	1
287	286	4	TCTGAGGCTACTCGTGTTGGCAAG	1
288	287	4	CTGAGGCTACTCGTGTTGGCAAGT	1
289	288	4	TGAGGCTACTCGTGTTGGCAAGTC	1
290	289	4	GAGGCTACTCGTGTTGGCAAGTCA	1
291	290	4	AGGCTACTCGTGTTGGCAAGTCAG	1
292	291	4	GGCTACTCGTGTTGGCAAGTCAGC	1
293	292	4	GCTACTCGTGTTGGCAAGTCAGCC	1
294	293	4	CTACTCGTGTTGGCAAGTCAGCCG	1
295	294	4	TACTCGTGTTGGCAAGTCAGCCGT	1
296	295	4	ACTCGTGTTGGCAAGTCAGCCGTT	1
297	296	4	CTCGTGTTGGCAAGTCAGCCGTTA	1
298	297	4	TCGTGTTGGCAAGTCAGCCGTTAT	1
299	298	4	CGTGTTGGCAAGTCAGCCGTTATT	1
300	299	4	GTGTTGGCAAGTCAGCCGTTATTA	1
301	300	4	TGTTGGCAAGTCAGCCGTTATTAA	1
302	301	3	GTTGGCAAGTCAGCCGTTATTAAG	1
303	302	3	TTGGCAAGTCAGCCGTTATTAAGA	1
304	303	3	TGGCAAGTCAGCCGTTATTAAGAC	1
305	304	3	GGCAAGTCAGCCGTTATTAAGACA	1
306	305	3	GCAAGTCAGCCGTTATTAAGACAT	1
307	306	3	CAAGTCAGCCGTTATTAAGACATC	1
308	307	3	AAGTCAGCCGTTATTAAGACATCT	1
309	308	3	AGTCAGCCGTTATTAAGACATCTA	1
310	309	3	GTCAGCCGTTATTAAGACATCTAC	1
311	310	3	TCAGCCGTTATTAAGACATCTACT	1
312	311	3	CAGCCGTTATTAAGACATCTACTC	1
313	312	3	AGCCGTTATTAAGACATCTACTCG	1
314	313	3	GCCGTTATTAAGACATCTACTCGT	1
315	314	3	CCGTTATTAAGACATCTACTCGTC	1
316	315	3	CGTTATTAAGACATCTACTCGTCA	1
317	316	3	GTTATTAAGACATCTACTCGTCAA	1
318	317	3	TTATTAAGACATCTACTCGTCAAA	1
319	318	3	TATTAAGACATCTACTCGTCAAAC	1
320	319	2	ATTAAGACATCTACTCGTCAAACC	1
321	320	2	TTAAGACATCTACTCGTCAAACCA	1
322	321	2	TAAGACATCTACTCGTCAAACCAT	1
323	322	2	AAGACATCTACTCGTCAAACCATC	1
324	323	2	AGACATCTACTCGTCAAACCATCT	1
325	324	2	GACATCTACTCGTCAAACCATCTT	1
326	325	2	ACATCTACTCGTCAAACCATCTTC	1
327	326	3	CATCTACTCGTCAAACCATCTTCC	1
328	327	2	ATCTACTCGTCAAACCATCTTCCT	1
329	328	1	TCTACTCGTCAAACCATCTTCCTT	1
330	329	1	CTACTCGTCAAACCATCTTCCTTC	1
331	330	1	TACTCGTCAAACCATCTTCCTTCC	1
332	331	1	ACTCGTCAAACCATCTTCCTTCCC	1
333	332	1	CTCGTCAAACCATCTTCCTTCCCT	1
334	333	1	TCGTCAAACCATCTTCCTTCCCTT	1
335	334	1	CGTCAAACCATCTTCCTTCCCTTA	1
336	335	1	GTCAAACCATCTTCCTTCCCTTAA	1
337	336	1	TCAAACCATCTTCCTTCCCTTAAT	1
338	337	1	CAAACCATCTTCCTTCCCTTAATC	1
339	338	1	AAACCATCTTCCTTCCCTTAATCG	1
340	339	1	AACCATCTTCCTTCCCTTAATCGG	1
341	340	1	ACCATCTTCCTTCCCTTAATCGGT	1
342	341	1	CCATCTTCCTTCCCTTAATCGGTC	1
343	342	1	CATCTTCCTTCCCTTAATCGGTCT	1
344	343	1	ATCTTCCTTCCCTTAATCGGTCTT	1
345	344	1	TCTTCCTTCCCTTAATCGGTCTTG	1
346	345	1	CTTCCTTCCCTTAATCGGTCTTGT	1
347	346	1	TTCCTTCCCTTAATCGGTCTTGTT	1
348	347	1	TCCTTCCCTTAATCGGTCTTGTTG	1
349	348	1	CCTTCCCTTAATCGGTCTTGTTGA	1
350	349	1	CTTCCCTTAATCGGTCTTGTTGAA	1
351	350	1	TTCCCTTAATCGGTCTTGTTGAAC	1
352	351	1	TCCCTTAATCGGTCTTGTTGAACC	1
353	352	1	CCCTTAATCGGTCTTGTTGAACCT	1
354	353	1	CCTTAATCGGTCTTGTTGAACCTG	1
355	354	2	CTTAATCGGTCTTGTTGAACCTGA	1
356	355	3	TTAATCGGTCTTGTTGAACCTGAA	1
357	356	3	TAATCGGTCTTGTTGAACCTGAAG	1
358	357	3	AATCGGTCTTGTTGAACCTGAAGA	1
359	358	3	ATCGGTCTTGTTGAACCTGAAGAG	1
360	359	3	TCGGTCTTGTTGAACCTGAAGAGC	1
361	360	3	CGGTCTTGTTGAACCTGAAGAGCT	1
362	361	3	GGTCTTGTTGAACCTGAAGAGCTT	1
363	362	3	GTCTTGTTGAACCTGAAGAGCTTC	1
364	363	3	TCTTGTTGAACCTGAAGAGCTTCA	1
365	364	3	CTTGTTGAACCTGAAGAGCTTCAT	1
366	365	3	TTGTTGAACCTGAAGAGCTTCATC	1
367	366	3	TGTTGAACCTGAAGAGCTTCATCC	1
368	367	3	GTTGAACCTGAAGAGCTTCATCCG	1
369	368	3	TTGAACCTGAAGAGCTTCATCCGG	1
370	369	3	TGAACCTGAAGAGCTTCATCCGGG	1
371	370	2	GAACCTGAAGAGCTTCATCCGGGT	1
372	371	2	AACCTGAAGAGCTTCATCCGGGTG	1
373	372	2	ACCTGAAGAGCTTCATCCGGGTGA	1
374	373	2	CCTGAAGAGCTTCATCCGGGTGAT	1
375	374	2	CTGAAGAGCTTCATCCGGGTGATC	1
376	375	2	TGAAGAGCTTCATCCGGGTGATCT	1
377	376	2	GAAGAGCTTCATCCGGGTGATCTT	1
378	377	2	AAGAGCTTCATCCGGGTGATCTTA	1
379	378	2	AGAGCTTCATCCGGGTGATCTTAT	1
380	379	2	GAGCTTCATCCGGGTGATCTTATT	1
381	380	2	AGCTTCATCCGGGTGATCTTATTG	1
382	381	2	GCTTCATCCGGGTGATCTTATTGG	1
383	382	2	CTTCATCCGGGTGATCTTATTGGT	1
384	383	2	TTCATCCGGGTGATCTTATTGGTG	1
385	384	2	TCATCCGGGTGATCTTATTGGTGT	1
386	385	2	CATCCGGGTGATCTTATTGGTGTC	1
387	386	2	ATCCGGGTGATCTTATTGGTGTCA	1
388	387	2	TCCGGGTGATCTTATTGGTGTCAA	1
389	388	2	CCGGGTGATCTTATTGGTGTCAAC	1
390	389	2	CGGGTGATCTTATTGGTGTCAACA	1
391	390	2	GGGTGATCTTATTGGTGTCAACAA	1
392	391	2	GGTGATCTTATTGGTGTCAACAAA	1
393	392	2	GTGATCTTATTGGTGTCAACAAAG	1
394	393	2	TGATCTTATTGGTGTCAACAAAGA	1
395	394	2	GATCTTATTGGTGTCAACAAAGAT	1
396	395	2	ATCTTATTGGTGTCAACAAAGATT	1
397	396	2	TCTTATTGGTGTCAACAAAGATTC	1
398	397	2	CTTATTGGTGTCAACAAAGATTCT	1
399	398	2	TTATTGGTGTCAACAAAGATTCTT	1
400	399	1	TATTGGTGTCAACAAAGATTCTTA	1
401	400	1	ATTGGTGTCAACAAAGATTCTTAC	1
402	401	1	TTGGTGTCAACAAAGATTCTTACC	1
403	402	1	TGGTGTCAACAAAGATTCTTACCT	1
404	403	1	GGTGTCAACAAAGATTCTTACCTG	1
405	404	1	GTGTCAACAAAGATTCTTACCTGA	1
406	405	1	TGTCAACAAAGATTCTTACCTGAT	1
407	406	1	GTCAACAAAGATTCTTACCTGATC	1
408	407	1	TCAACAAAGATTCTTACCTGATCA	1
409	408	1	CAACAAAGATTCTTACCTGATCAT	1
410	409	1	AACAAAGATTCTTACCTGATCATT	1
411	410	1	ACAAAGATTCTTACCTGATCATTG	1
412	411	1	CAAAGATTCTTACCTGATCATTGA	1
413	412	1	AAAGATTCTTACCTGATCATTGAT	1
414	413	1	AAGATTCTTACCTGATCATTGATA	1
415	414	1	AGATTCTTACCTGATCATTGATAA	1
416	415	1	GATTCTTACCTGATCATTGATAAA	1
417	416	1	ATTCTTACCTGATCATTGATAAAT	1
418	417	1	TTCTTACCTGATCATTGATAAATT	1
419	418	1	TCTTACCTGATCATTGATAAATTA	1
420	419	1	CTTACCTGATCATTGATAAATTAC	1
421	420	1	TTACCTGATCATTGATAAATTACC	1
422	421	1	TACCTGATCATTGATAAATTACCT	1
423	422	1	ACCTGATCATTGATAAATTACCTT	1
424	423	1	CCTGATCATTGATAAATTACCTTC	1
425	424	1	CTGATCATTGATAAATTACCTTCA	1
426	425	2	TGATCATTGATAAATTACCTTCAG	1
427	426	2	GATCATTGATAAATTACCTTCAGA	1
428	427	2	ATCATTGATAAATTACCTTCAGAG	1
429	428	3	TCATTGATAAATTACCTTCAGAGT	1
430	429	3	CATTGATAAATTACCTTCAGAGTA	1
431	430	3	ATTGATAAATTACCTTCAGAGTAT	1
432	431	3	TTGATAAATTACCTTCAGAGTATG	1
433	432	3	TGATAAATTACCTTCAGAGTATGA	1
434	433	3	GATAAATTACCTTCAGAGTATGAT	1
435	434	3	ATAAATTACCTTCAGAGTATGATA	1
436	435	3	TAAATTACCTTCAGAGTATGATAG	1
437	436	3	AAATTACCTTCAGAGTATGATAGC	1
438	437	3	AATTACCTTCAGAGTATGATAGCC	1
439	438	3	ATTACCTTCAGAGTATGATAGCCG	1
440	439	3	TTACCTTCAGAGTATGATAGCCGT	1
441	440	3	TACCTTCAGAGTATGATAGCCGTG	1
442	441	3	ACCTTCAGAGTATGATAGCCGTGT	1
443	442	2	CCTTCAGAGTATGATAGCCGTGTT	1
444	443	2	CTTCAGAGTATGATAGCCGTGTTA	1
445	444	2	TTCAGAGTATGATAGCCGTGTTAA	1
446	445	2	TCAGAGTATGATAGCCGTGTTAAG	1
447	446	2	CAGAGTATGATAGCCGTGTTAAGG	1
448	447	2	AGAGTATGATAGCCGTGTTAAGGC	1
449	448	2	GAGTATGATAGCCGTGTTAAGGCT	1
450	449	2	AGTATGATAGCCGTGTTAAGGCTA	1
451	450	2	GTATGATAGCCGTGTTAAGGCTAT	1
452	451	2	TATGATAGCCGTGTTAAGGCTATG	1
453	452	2	ATGATAGCCGTGTTAAGGCTATGG	1
454	453	2	TGATAGCCGTGTTAAGGCTATGGA	1
455	454	2	GATAGCCGTGTTAAGGCTATGGAA	1
456	455	2	ATAGCCGTGTTAAGGCTATGGAAG	1
457	456	2	TAGCCGTGTTAAGGCTATGGAAGT	1
458	457	2	AGCCGTGTTAAGGCTATGGAAGTA	1
459	458	2	GCCGTGTTAAGGCTATGGAAGTAG	1
460	459	2	CCGTGTTAAGGCTATGGAAGTAGA	1
461	460	2	CGTGTTAAGGCTATGGAAGTAGAC	1
462	461	2	GTGTTAAGGCTATGGAAGTAGACG	1
463	462	2	TGTTAAGGCTATGGAAGTAGACGA	1
464	463	2	GTTAAGGCTATGGAAGTAGACGAA	1
465	464	2	TTAAGGCTATGGAAGTAGACGAAA	1
466	465	2	TAAGGCTATGGAAGTAGACGAAAA	1
467	466	2	AAGGCTATGGAAGTAGACGAAAAA	1
468	467	2	AGGCTATGGAAGTAGACGAAAAAC	1
469	468	2	GGCTATGGAAGTAGACGAAAAACC	1
470	469	1	GCTATGGAAGTAGACGAAAAACCC	1
471	470	1	CTATGGAAGTAGACGAAAAACCCA	1
472	471	1	TATGGAAGTAGACGAAAAACCCAC	1
473	472	1	ATGGAAGTAGACGAAAAACCCACA	1
474	473	1	TGGAAGTAGACGAAAAACCCACAG	1
475	474	1	GGAAGTAGACGAAAAACCCACAGA	1
476	475	1	GAAGTAGACGAAAAACCCACAGAG	1
477	476	1	AAGTAGACGAAAAACCCACAGAGC	1
478	477	1	AGTAGACGAAAAACCCACAGAGCG	1
479	478	1	GTAGACGAAAAACCCACAGAGCGT	1
480	479	1	TAGACGAAAAACCCACAGAGCGTT	1
481	480	1	AGACGAAAAACCCACAGAGCGTTA	1
482	481	1	GACGAAAAACCCACAGAGCGTTAT	1
483	482	1	ACGAAAAACCCACAGAGCGTTATT	1
484	483	1	CGAAAAACCCACAGAGCGTTATTC	1
485	484	2	GAAAAACCCACAGAGCGTTATTCA	1
486	485	2	AAAAACCCACAGAGCGTTATTCAG	1
487	486	2	AAAACCCACAGAGCGTTATTCAGA	1
488	487	2	AAACCCACAGAGCGTTATTCAGAT	1
489	488	2	AACCCACAGAGCGTTATTCAGATA	1
490	489	2	ACCCACAGAGCGTTATTCAGATAT	1
491	490	2	CCCACAGAGCGTTATTCAGATATT	1
492	491	2	CCACAGAGCGTTATTCAGATATTG	1
493	492	2	CACAGAGCGTTATTCAGATATTGG	1
494	493	2	ACAGAGCGTTATTCAGATATTGGT	1
495	494	2	CAGAGCGTTATTCAGATATTGGTG	1
496	495	2	AGAGCGTTATTCAGATATTGGTGG	1
497	496	2	GAGCGTTATTCAGATATTGGTGGT	1
498	497	2	AGCGTTATTCAGATATTGGTGGTT	1
499	498	2	GCGTTATTCAGATATTGGTGGTTT	1
500	499	2	CGTTATTCAGATATTGGTGGTTTA	1
501	500	2	GTTATTCAGATATTGGTGGTTTAT	1
502	501	2	TTATTCAGATATTGGTGGTTTATC	1
503	502	2	TATTCAGATATTGGTGGTTTATCA	1
504	503	2	ATTCAGATATTGGTGGTTTATCAA	1
505	504	2	TTCAGATATTGGTGGTTTATCAAA	1
506	505	2	TCAGATATTGGTGGTTTATCAAAA	1
507	506	2	CAGATATTGGTGGTTTATCAAAAC	1
508	507	3	AGATATTGGTGGTTTATCAAAACA	1
509	508	3	GATATTGGTGGTTTATCAAAACAA	1
510	509	3	ATATTGGTGGTTTATCAAAACAAA	1
511	510	3	TATTGGTGGTTTATCAAAACAAAT	1
512	511	3	ATTGGTGGTTTATCAAAACAAATA	1
513	512	3	TTGGTGGTTTATCAAAACAAATAG	1
514	513	3	TGGTGGTTTATCAAAACAAATAGA	1
515	514	3	GGTGGTTTATCAAAACAAATAGAA	1
516	515	3	GTGGTTTATCAAAACAAATAGAAG	1
517	516	2	TGGTTTATCAAAACAAATAGAAGA	1
518	517	2	GGTTTATCAAAACAAATAGAAGAA	1
519	518	2	GTTTATCAAAACAAATAGAAGAAC	1
520	519	2	TTTATCAAAACAAATAGAAGAACT	1
521	520	2	TTATCAAAACAAATAGAAGAACTG	1
522	521	2	TATCAAAACAAATAGAAGAACTGT	1
523	522	2	ATCAAAACAAATAGAAGAACTGTT	1
524	523	2	TCAAAACAAATAGAAGAACTGTTT	1
525	524	2	CAAAACAAATAGAAGAACTGTTTG	1
526	525	2	AAAACAAATAGAAGAACTGTTTGA	1
527	526	2	AAACAAATAGAAGAACTGTTTGAA	1
528	527	2	AACAAATAGAAGAACTGTTTGAAG	1
529	528	1	ACAAATAGAAGAACTGTTTGAAGC	1
530	529	1	CAAATAGAAGAACTGTTTGAAGCC	1
531	530	1	AAATAGAAGAACTGTTTGAAGCCA	1
532	531	1	AATAGAAGAACTGTTTGAAGCCAT	1
533	532	1	ATAGAAGAACTGTTTGAAGCCATC	1
534	533	1	TAGAAGAACTGTTTGAAGCCATCG	1
535	534	1	AGAAGAACTGTTTGAAGCCATCGT	1
536	535	1	GAAGAACTGTTTGAAGCCATCGTT	1
537	536	1	AAGAACTGTTTGAAGCCATCGTTT	1
538	537	1	AGAACTGTTTGAAGCCATCGTTTT	1
539	538	1	GAACTGTTTGAAGCCATCGTTTTG	1
540	539	1	AACTGTTTGAAGCCATCGTTTTGC	1
541	540	1	ACTGTTTGAAGCCATCGTTTTGCC	1
542	541	1	CTGTTTGAAGCCATCGTTTTGCCC	1
543	542	1	TGTTTGAAGCCATCGTTTTGCCCA	1
544	543	1	GTTTGAAGCCATCGTTTTGCCCAT	1
545	544	1	TTTGAAGCCATCGTTTTGCCCATG	1
546	545	1	TTGAAGCCATCGTTTTGCCCATGC	1
547	546	1	TGAAGCCATCGTTTTGCCCATGCA	1
548	547	1	GAAGCCATCGTTTTGCCCATGCAG	1
549	548	1	AAGCCATCGTTTTGCCCATGCAGC	1
550	549	1	AGCCATCGTTTTGCCCATGCAGCA	1
551	550	1	GCCATCGTTTTGCCCATGCAGCAG	1
