Component 421
1	-1	0	AAGTGGTCGTGCTATTCCCAATCA	1
2	1	1	AGTGGTCGTGCTATTCCCAATCAG	1
3	2	1	GTGGTCGTGCTATTCCCAATCAGC	1
4	3	1	TGGTCGTGCTATTCCCAATCAGCA	1
5	4	2	GGTCGTGCTATTCCCAATCAGCAA	1
6	5	2	GTCGTGCTATTCCCAATCAGCAAG	1
7	6	2	TCGTGCTATTCCCAATCAGCAAGT	1
8	7	2	CGTGCTATTCCCAATCAGCAAGTT	1
9	8	3	GTGCTATTCCCAATCAGCAAGTTC	1
10	9	3	TGCTATTCCCAATCAGCAAGTTCT	1
11	10	3	GCTATTCCCAATCAGCAAGTTCTT	1
12	11	3	CTATTCCCAATCAGCAAGTTCTTT	1
13	12	3	TATTCCCAATCAGCAAGTTCTTTC	1
14	13	3	ATTCCCAATCAGCAAGTTCTTTCT	1
15	14	3	TTCCCAATCAGCAAGTTCTTTCTA	1
16	15	3	TCCCAATCAGCAAGTTCTTTCTAA	1
17	16	3	CCCAATCAGCAAGTTCTTTCTAAA	1
18	17	3	CCAATCAGCAAGTTCTTTCTAAAA	1
19	18	3	CAATCAGCAAGTTCTTTCTAAAAT	1
20	19	4	AATCAGCAAGTTCTTTCTAAAATG	1
21	20	4	ATCAGCAAGTTCTTTCTAAAATGG	1
22	21	4	TCAGCAAGTTCTTTCTAAAATGGA	1
23	22	4	CAGCAAGTTCTTTCTAAAATGGAA	1
24	23	4	AGCAAGTTCTTTCTAAAATGGAAC	1
25	24	3	GCAAGTTCTTTCTAAAATGGAACG	1
26	25	3	CAAGTTCTTTCTAAAATGGAACGT	1
27	26	3	AAGTTCTTTCTAAAATGGAACGTG	1
28	27	3	AGTTCTTTCTAAAATGGAACGTGC	1
29	28	3	GTTCTTTCTAAAATGGAACGTGCT	1
30	29	3	TTCTTTCTAAAATGGAACGTGCTC	1
31	30	3	TCTTTCTAAAATGGAACGTGCTCT	1
32	31	3	CTTTCTAAAATGGAACGTGCTCTA	1
33	32	3	TTTCTAAAATGGAACGTGCTCTAG	1
34	33	3	TTCTAAAATGGAACGTGCTCTAGG	1
35	34	3	TCTAAAATGGAACGTGCTCTAGGT	1
36	35	3	CTAAAATGGAACGTGCTCTAGGTA	1
37	36	3	TAAAATGGAACGTGCTCTAGGTAT	1
38	37	3	AAAATGGAACGTGCTCTAGGTATC	1
39	38	3	AAATGGAACGTGCTCTAGGTATCA	1
40	39	3	AATGGAACGTGCTCTAGGTATCAA	1
41	40	3	ATGGAACGTGCTCTAGGTATCAAA	1
42	41	3	TGGAACGTGCTCTAGGTATCAAAT	1
43	42	3	GGAACGTGCTCTAGGTATCAAATT	1
44	43	4	GAACGTGCTCTAGGTATCAAATTA	1
45	44	4	AACGTGCTCTAGGTATCAAATTAC	1
46	45	3	ACGTGCTCTAGGTATCAAATTACG	1
47	46	3	CGTGCTCTAGGTATCAAATTACGT	1
48	47	3	GTGCTCTAGGTATCAAATTACGTG	1
49	48	2	TGCTCTAGGTATCAAATTACGTGG	1
50	49	3	GCTCTAGGTATCAAATTACGTGGC	1
51	50	3	CTCTAGGTATCAAATTACGTGGCC	1
52	51	3	TCTAGGTATCAAATTACGTGGCCA	1
53	52	2	CTAGGTATCAAATTACGTGGCCAA	1
54	53	2	TAGGTATCAAATTACGTGGCCAAA	1
55	54	2	AGGTATCAAATTACGTGGCCAAAA	1
56	55	2	GGTATCAAATTACGTGGCCAAAAC	1
57	56	2	GTATCAAATTACGTGGCCAAAACA	1
58	57	2	TATCAAATTACGTGGCCAAAACAT	1
59	58	2	ATCAAATTACGTGGCCAAAACATT	1
60	59	2	TCAAATTACGTGGCCAAAACATTG	1
61	60	2	CAAATTACGTGGCCAAAACATTGG	1
62	61	2	AAATTACGTGGCCAAAACATTGGT	1
63	62	2	AATTACGTGGCCAAAACATTGGTG	1
64	63	1	ATTACGTGGCCAAAACATTGGTGC	1
65	64	1	TTACGTGGCCAAAACATTGGTGCT	1
66	65	1	TACGTGGCCAAAACATTGGTGCTC	1
67	66	1	ACGTGGCCAAAACATTGGTGCTCC	1
68	67	1	CGTGGCCAAAACATTGGTGCTCCT	1
69	68	1	GTGGCCAAAACATTGGTGCTCCTT	1
70	69	1	TGGCCAAAACATTGGTGCTCCTTT	1
71	70	1	GGCCAAAACATTGGTGCTCCTTTG	1
72	71	1	GCCAAAACATTGGTGCTCCTTTGG	1
73	72	1	CCAAAACATTGGTGCTCCTTTGGG	1
74	73	1	CAAAACATTGGTGCTCCTTTGGGC	1
75	74	1	AAAACATTGGTGCTCCTTTGGGCG	1
76	75	1	AAACATTGGTGCTCCTTTGGGCGG	1
77	76	1	AACATTGGTGCTCCTTTGGGCGGT	1
78	77	1	ACATTGGTGCTCCTTTGGGCGGTC	1
79	78	1	CATTGGTGCTCCTTTGGGCGGTCC	1
80	79	1	ATTGGTGCTCCTTTGGGCGGTCCT	1
81	80	1	TTGGTGCTCCTTTGGGCGGTCCTA	1
82	81	1	TGGTGCTCCTTTGGGCGGTCCTAA	1
83	82	1	GGTGCTCCTTTGGGCGGTCCTAAA	1
84	83	1	GTGCTCCTTTGGGCGGTCCTAAAA	1
85	84	1	TGCTCCTTTGGGCGGTCCTAAAAA	1
86	85	1	GCTCCTTTGGGCGGTCCTAAAAAG	1
87	86	1	CTCCTTTGGGCGGTCCTAAAAAGA	1
88	-1	0	GCTTTATTTTTATTGAATTTAATC	1
89	88	1	CTTTATTTTTATTGAATTTAATCA	1
90	89	1	TTTATTTTTATTGAATTTAATCAT	1
91	90	4	TTATTTTTATTGAATTTAATCATG	1
92	91	4	TATTTTTATTGAATTTAATCATGT	1
93	92	4	ATTTTTATTGAATTTAATCATGTC	1
94	93	4	TTTTTATTGAATTTAATCATGTCT	1
95	94	4	TTTTATTGAATTTAATCATGTCTG	1
96	95	5	TTTATTGAATTTAATCATGTCTGA	1
97	96	5	TTATTGAATTTAATCATGTCTGAT	1
98	97	5	TATTGAATTTAATCATGTCTGATT	1
99	98	5	ATTGAATTTAATCATGTCTGATTG	1
100	99	7	TTGAATTTAATCATGTCTGATTGG	1
101	100	7	TGAATTTAATCATGTCTGATTGGG	1
102	101	7	GAATTTAATCATGTCTGATTGGGA	1
103	102	8	AATTTAATCATGTCTGATTGGGAT	1
104	103	8	ATTTAATCATGTCTGATTGGGATA	1
105	104	9	TTTAATCATGTCTGATTGGGATAC	1
106	105	9	TTAATCATGTCTGATTGGGATACC	1
107	106	9	TAATCATGTCTGATTGGGATACCG	1
108	107	9	AATCATGTCTGATTGGGATACCGT	1
109	108	9	ATCATGTCTGATTGGGATACCGTT	1
110	109	9	TCATGTCTGATTGGGATACCGTTA	1
111	110	9	CATGTCTGATTGGGATACCGTTAC	1
112	111	9	ATGTCTGATTGGGATACCGTTACT	1
113	112	9	TGTCTGATTGGGATACCGTTACTA	1
114	113	9	GTCTGATTGGGATACCGTTACTAA	1
115	114	11	TCTGATTGGGATACCGTTACTAAA	1
116	115	11	CTGATTGGGATACCGTTACTAAAA	1
117	116	11	TGATTGGGATACCGTTACTAAAAT	1
118	117	11	GATTGGGATACCGTTACTAAAATT	1
119	118	11	ATTGGGATACCGTTACTAAAATTG	1
120	119	11	TTGGGATACCGTTACTAAAATTGG	1
121	120	11	TGGGATACCGTTACTAAAATTGGC	1
122	121	11	GGGATACCGTTACTAAAATTGGCA	1
123	122	11	GGATACCGTTACTAAAATTGGCAG	1
124	123	11	GATACCGTTACTAAAATTGGCAGC	1
125	124	11	ATACCGTTACTAAAATTGGCAGCC	1
126	125	11	TACCGTTACTAAAATTGGCAGCCG	1
127	126	11	ACCGTTACTAAAATTGGCAGCCGT	1
128	127	11	CCGTTACTAAAATTGGCAGCCGTG	1
129	128	11	CGTTACTAAAATTGGCAGCCGTGC	1
130	129	12	GTTACTAAAATTGGCAGCCGTGCT	1
131	130	12	TTACTAAAATTGGCAGCCGTGCTG	1
132	131	12	TACTAAAATTGGCAGCCGTGCTGG	1
133	132	11	ACTAAAATTGGCAGCCGTGCTGGA	1
134	133	11	CTAAAATTGGCAGCCGTGCTGGAC	1
135	134	8	TAAAATTGGCAGCCGTGCTGGACC	1
136	135	8	AAAATTGGCAGCCGTGCTGGACCA	1
137	136	8	AAATTGGCAGCCGTGCTGGACCAG	1
138	137	8	AATTGGCAGCCGTGCTGGACCAGG	1
139	138	7	ATTGGCAGCCGTGCTGGACCAGGA	1
140	139	7	TTGGCAGCCGTGCTGGACCAGGAG	1
141	140	7	TGGCAGCCGTGCTGGACCAGGAGC	1
142	141	7	GGCAGCCGTGCTGGACCAGGAGCT	1
143	142	7	GCAGCCGTGCTGGACCAGGAGCTA	1
144	143	5	CAGCCGTGCTGGACCAGGAGCTAG	1
145	144	5	AGCCGTGCTGGACCAGGAGCTAGA	1
146	145	5	GCCGTGCTGGACCAGGAGCTAGAA	1
147	146	4	CCGTGCTGGACCAGGAGCTAGAAC	1
148	147	4	CGTGCTGGACCAGGAGCTAGAACT	1
149	148	3	GTGCTGGACCAGGAGCTAGAACTC	1
150	149	3	TGCTGGACCAGGAGCTAGAACTCA	1
151	150	3	GCTGGACCAGGAGCTAGAACTCAT	1
152	151	3	CTGGACCAGGAGCTAGAACTCATG	1
153	152	3	TGGACCAGGAGCTAGAACTCATGT	1
154	153	3	GGACCAGGAGCTAGAACTCATGTT	1
155	154	3	GACCAGGAGCTAGAACTCATGTTG	1
156	155	3	ACCAGGAGCTAGAACTCATGTTGC	1
157	156	3	CCAGGAGCTAGAACTCATGTTGCT	1
158	157	3	CAGGAGCTAGAACTCATGTTGCTA	1
159	158	1	AGGAGCTAGAACTCATGTTGCTAA	1
160	159	1	GGAGCTAGAACTCATGTTGCTAAG	1
161	160	1	GAGCTAGAACTCATGTTGCTAAGA	1
162	161	1	AGCTAGAACTCATGTTGCTAAGAC	1
163	162	1	GCTAGAACTCATGTTGCTAAGACA	1
164	163	1	CTAGAACTCATGTTGCTAAGACAC	1
165	164	1	TAGAACTCATGTTGCTAAGACACA	1
166	165	1	AGAACTCATGTTGCTAAGACACAG	1
167	166	1	GAACTCATGTTGCTAAGACACAGT	1
168	167	1	AACTCATGTTGCTAAGACACAGTC	1
169	168	1	ACTCATGTTGCTAAGACACAGTCT	1
170	169	1	CTCATGTTGCTAAGACACAGTCTC	1
171	170	1	TCATGTTGCTAAGACACAGTCTCA	1
172	171	1	CATGTTGCTAAGACACAGTCTCAA	1
173	172	1	ATGTTGCTAAGACACAGTCTCAAA	1
174	-1	0	CACAGTCTCAAATAAATTCTGCTA	1
175	174	1	ACAGTCTCAAATAAATTCTGCTAG	1
176	175	1	CAGTCTCAAATAAATTCTGCTAGA	1
177	176	1	AGTCTCAAATAAATTCTGCTAGAC	1
178	177	1	GTCTCAAATAAATTCTGCTAGACG	1
179	178	1	TCTCAAATAAATTCTGCTAGACGT	1
180	179	1	CTCAAATAAATTCTGCTAGACGTG	1
181	180	1	TCAAATAAATTCTGCTAGACGTGC	1
182	181	1	CAAATAAATTCTGCTAGACGTGCT	1
183	182	1	AAATAAATTCTGCTAGACGTGCTG	1
184	183	1	AATAAATTCTGCTAGACGTGCTGG	1
185	184	1	ATAAATTCTGCTAGACGTGCTGGC	1
186	185	1	TAAATTCTGCTAGACGTGCTGGCG	1
187	186	1	AAATTCTGCTAGACGTGCTGGCGC	1
188	187	2	AATTCTGCTAGACGTGCTGGCGCC	1
189	188	2	ATTCTGCTAGACGTGCTGGCGCCA	1
190	189	2	TTCTGCTAGACGTGCTGGCGCCAT	1
191	190	2	TCTGCTAGACGTGCTGGCGCCATC	1
192	191	2	CTGCTAGACGTGCTGGCGCCATCG	1
193	192	2	TGCTAGACGTGCTGGCGCCATCGT	1
194	193	2	GCTAGACGTGCTGGCGCCATCGTC	1
195	194	2	CTAGACGTGCTGGCGCCATCGTCG	1
196	195	2	TAGACGTGCTGGCGCCATCGTCGG	1
197	196	2	AGACGTGCTGGCGCCATCGTCGGT	1
198	197	2	GACGTGCTGGCGCCATCGTCGGTA	1
199	198	2	ACGTGCTGGCGCCATCGTCGGTAC	1
200	199	2	CGTGCTGGCGCCATCGTCGGTACG	1
201	200	2	GTGCTGGCGCCATCGTCGGTACGG	1
202	201	3	TGCTGGCGCCATCGTCGGTACGGA	1
203	202	3	GCTGGCGCCATCGTCGGTACGGAG	1
204	203	3	CTGGCGCCATCGTCGGTACGGAGA	1
205	204	3	TGGCGCCATCGTCGGTACGGAGAA	1
206	205	3	GGCGCCATCGTCGGTACGGAGAAA	1
207	206	3	GCGCCATCGTCGGTACGGAGAAAA	1
208	207	3	CGCCATCGTCGGTACGGAGAAAAA	1
209	208	3	GCCATCGTCGGTACGGAGAAAAAA	1
210	209	3	CCATCGTCGGTACGGAGAAAAAAT	1
211	210	3	CATCGTCGGTACGGAGAAAAAATA	1
212	211	3	ATCGTCGGTACGGAGAAAAAATAT	1
213	212	3	TCGTCGGTACGGAGAAAAAATATG	1
214	213	3	CGTCGGTACGGAGAAAAAATATGC	1
215	214	3	GTCGGTACGGAGAAAAAATATGCC	1
216	215	3	TCGGTACGGAGAAAAAATATGCCA	1
217	216	3	CGGTACGGAGAAAAAATATGCCAC	1
218	217	3	GGTACGGAGAAAAAATATGCCACA	1
219	218	2	GTACGGAGAAAAAATATGCCACAG	1
220	219	2	TACGGAGAAAAAATATGCCACAGG	1
221	220	2	ACGGAGAAAAAATATGCCACAGGA	1
222	221	2	CGGAGAAAAAATATGCCACAGGAA	1
223	222	2	GGAGAAAAAATATGCCACAGGAAA	1
224	223	2	GAGAAAAAATATGCCACAGGAAAC	1
225	224	2	AGAAAAAATATGCCACAGGAAACA	1
226	225	2	GAAAAAATATGCCACAGGAAACAA	1
227	226	2	AAAAAATATGCCACAGGAAACAAA	1
228	227	2	AAAAATATGCCACAGGAAACAAAA	1
229	228	2	AAAATATGCCACAGGAAACAAAAG	1
230	229	2	AAATATGCCACAGGAAACAAAAGT	1
231	230	2	AATATGCCACAGGAAACAAAAGTC	1
232	231	1	ATATGCCACAGGAAACAAAAGTCA	1
233	232	1	TATGCCACAGGAAACAAAAGTCAA	1
234	233	1	ATGCCACAGGAAACAAAAGTCAAG	1
235	234	1	TGCCACAGGAAACAAAAGTCAAGA	1
236	235	1	GCCACAGGAAACAAAAGTCAAGAT	1
237	236	1	CCACAGGAAACAAAAGTCAAGATC	1
238	237	1	CACAGGAAACAAAAGTCAAGATCC	1
239	238	1	ACAGGAAACAAAAGTCAAGATCCT	1
240	239	1	CAGGAAACAAAAGTCAAGATCCTG	1
241	240	1	AGGAAACAAAAGTCAAGATCCTGC	1
242	241	3	GGAAACAAAAGTCAAGATCCTGCT	1
243	242	3	GAAACAAAAGTCAAGATCCTGCTG	1
244	243	3	AAACAAAAGTCAAGATCCTGCTGG	1
245	244	3	AACAAAAGTCAAGATCCTGCTGGT	1
246	245	2	ACAAAAGTCAAGATCCTGCTGGTC	1
247	246	2	CAAAAGTCAAGATCCTGCTGGTCA	1
248	247	2	AAAAGTCAAGATCCTGCTGGTCAA	1
249	248	2	AAAGTCAAGATCCTGCTGGTCAAC	1
250	249	3	AAGTCAAGATCCTGCTGGTCAACA	1
251	250	4	AGTCAAGATCCTGCTGGTCAACAC	1
252	251	4	GTCAAGATCCTGCTGGTCAACACT	1
253	252	5	TCAAGATCCTGCTGGTCAACACTT	1
254	253	5	CAAGATCCTGCTGGTCAACACTTA	1
255	254	5	AAGATCCTGCTGGTCAACACTTAA	1
256	255	5	AGATCCTGCTGGTCAACACTTAAC	1
257	256	5	GATCCTGCTGGTCAACACTTAACT	1
258	257	5	ATCCTGCTGGTCAACACTTAACTA	1
259	258	5	TCCTGCTGGTCAACACTTAACTAA	1
260	259	6	CCTGCTGGTCAACACTTAACTAAG	1
261	260	6	CTGCTGGTCAACACTTAACTAAGA	1
262	261	6	TGCTGGTCAACACTTAACTAAGAT	1
263	262	6	GCTGGTCAACACTTAACTAAGATT	1
264	263	6	CTGGTCAACACTTAACTAAGATTG	1
265	264	6	TGGTCAACACTTAACTAAGATTGA	1
266	265	6	GGTCAACACTTAACTAAGATTGAT	1
267	266	6	GTCAACACTTAACTAAGATTGATC	1
268	267	6	TCAACACTTAACTAAGATTGATCG	1
269	268	6	CAACACTTAACTAAGATTGATCGT	1
270	269	6	AACACTTAACTAAGATTGATCGTG	1
271	270	6	ACACTTAACTAAGATTGATCGTGA	1
272	271	6	CACTTAACTAAGATTGATCGTGAA	1
273	272	6	ACTTAACTAAGATTGATCGTGAAA	1
274	273	7	CTTAACTAAGATTGATCGTGAAAA	1
275	274	7	TTAACTAAGATTGATCGTGAAAAT	1
276	275	8	TAACTAAGATTGATCGTGAAAATG	1
277	276	8	AACTAAGATTGATCGTGAAAATGA	1
278	277	8	ACTAAGATTGATCGTGAAAATGAG	1
279	278	8	CTAAGATTGATCGTGAAAATGAGG	1
280	279	8	TAAGATTGATCGTGAAAATGAGGT	1
281	280	8	AAGATTGATCGTGAAAATGAGGTT	1
282	281	8	AGATTGATCGTGAAAATGAGGTTA	1
283	282	8	GATTGATCGTGAAAATGAGGTTAA	1
284	283	8	ATTGATCGTGAAAATGAGGTTAAA	1
285	284	8	TTGATCGTGAAAATGAGGTTAAAC	1
286	285	6	TGATCGTGAAAATGAGGTTAAACC	1
287	286	7	GATCGTGAAAATGAGGTTAAACCA	1
288	287	7	ATCGTGAAAATGAGGTTAAACCAC	1
289	288	7	TCGTGAAAATGAGGTTAAACCACC	1
290	289	7	CGTGAAAATGAGGTTAAACCACCT	1
291	290	7	GTGAAAATGAGGTTAAACCACCTT	1
292	291	7	TGAAAATGAGGTTAAACCACCTTC	1
293	292	7	GAAAATGAGGTTAAACCACCTTCC	1
294	293	6	AAAATGAGGTTAAACCACCTTCCA	1
295	294	5	AAATGAGGTTAAACCACCTTCCAC	1
296	295	5	AATGAGGTTAAACCACCTTCCACT	1
297	296	4	ATGAGGTTAAACCACCTTCCACTA	1
298	297	4	TGAGGTTAAACCACCTTCCACTAC	1
299	298	4	GAGGTTAAACCACCTTCCACTACT	1
300	299	4	AGGTTAAACCACCTTCCACTACTG	1
301	300	4	GGTTAAACCACCTTCCACTACTGG	1
302	301	4	GTTAAACCACCTTCCACTACTGGC	1
303	302	5	TTAAACCACCTTCCACTACTGGCC	1
304	303	5	TAAACCACCTTCCACTACTGGCCG	1
305	304	5	AAACCACCTTCCACTACTGGCCGT	1
306	305	5	AACCACCTTCCACTACTGGCCGTT	1
307	306	5	ACCACCTTCCACTACTGGCCGTTC	1
308	307	5	CCACCTTCCACTACTGGCCGTTCA	1
309	308	5	CACCTTCCACTACTGGCCGTTCAG	1
310	309	5	ACCTTCCACTACTGGCCGTTCAGT	1
311	310	5	CCTTCCACTACTGGCCGTTCAGTT	1
312	311	4	CTTCCACTACTGGCCGTTCAGTTG	1
313	312	4	TTCCACTACTGGCCGTTCAGTTGC	1
314	313	4	TCCACTACTGGCCGTTCAGTTGCA	1
315	314	4	CCACTACTGGCCGTTCAGTTGCAC	1
316	315	4	CACTACTGGCCGTTCAGTTGCACA	1
317	316	4	ACTACTGGCCGTTCAGTTGCACAA	1
318	317	3	CTACTGGCCGTTCAGTTGCACAAG	1
319	318	3	TACTGGCCGTTCAGTTGCACAAGC	1
320	319	3	ACTGGCCGTTCAGTTGCACAAGCT	1
321	320	3	CTGGCCGTTCAGTTGCACAAGCTA	1
322	321	2	TGGCCGTTCAGTTGCACAAGCTAT	1
323	322	3	GGCCGTTCAGTTGCACAAGCTATC	1
324	323	3	GCCGTTCAGTTGCACAAGCTATCC	1
325	324	3	CCGTTCAGTTGCACAAGCTATCCA	1
326	325	3	CGTTCAGTTGCACAAGCTATCCAA	1
327	326	3	GTTCAGTTGCACAAGCTATCCAAA	1
328	327	3	TTCAGTTGCACAAGCTATCCAAAA	1
329	328	3	TCAGTTGCACAAGCTATCCAAAAA	1
330	329	3	CAGTTGCACAAGCTATCCAAAAAG	1
331	330	2	AGTTGCACAAGCTATCCAAAAAGG	1
332	331	2	GTTGCACAAGCTATCCAAAAAGGA	1
333	332	2	TTGCACAAGCTATCCAAAAAGGAC	1
334	333	2	TGCACAAGCTATCCAAAAAGGACG	1
335	334	2	GCACAAGCTATCCAAAAAGGACGT	1
336	335	2	CACAAGCTATCCAAAAAGGACGTC	1
337	336	2	ACAAGCTATCCAAAAAGGACGTCA	1
338	337	2	CAAGCTATCCAAAAAGGACGTCAA	1
339	338	2	AAGCTATCCAAAAAGGACGTCAAG	1
340	339	2	AGCTATCCAAAAAGGACGTCAAGC	1
341	340	2	GCTATCCAAAAAGGACGTCAAGCA	1
342	341	2	CTATCCAAAAAGGACGTCAAGCAA	1
343	342	3	TATCCAAAAAGGACGTCAAGCAAA	1
344	343	4	ATCCAAAAAGGACGTCAAGCAAAG	1
345	344	4	TCCAAAAAGGACGTCAAGCAAAGG	1
346	345	4	CCAAAAAGGACGTCAAGCAAAGGG	1
347	346	3	CAAAAAGGACGTCAAGCAAAGGGT	1
348	347	3	AAAAAGGACGTCAAGCAAAGGGTT	1
349	348	3	AAAAGGACGTCAAGCAAAGGGTTG	1
350	349	3	AAAGGACGTCAAGCAAAGGGTTGG	1
351	350	3	AAGGACGTCAAGCAAAGGGTTGGG	1
352	351	3	AGGACGTCAAGCAAAGGGTTGGGC	1
353	352	3	GGACGTCAAGCAAAGGGTTGGGCT	1
354	353	3	GACGTCAAGCAAAGGGTTGGGCTC	1
355	354	3	ACGTCAAGCAAAGGGTTGGGCTCA	1
356	355	3	CGTCAAGCAAAGGGTTGGGCTCAA	1
357	356	3	GTCAAGCAAAGGGTTGGGCTCAAA	1
358	357	3	TCAAGCAAAGGGTTGGGCTCAAAA	1
359	358	3	CAAGCAAAGGGTTGGGCTCAAAAG	1
360	359	3	AAGCAAAGGGTTGGGCTCAAAAGG	1
361	360	3	AGCAAAGGGTTGGGCTCAAAAGGA	1
362	361	3	GCAAAGGGTTGGGCTCAAAAGGAT	1
363	362	3	CAAAGGGTTGGGCTCAAAAGGATT	1
364	363	3	AAAGGGTTGGGCTCAAAAGGATTT	1
365	364	3	AAGGGTTGGGCTCAAAAGGATTTA	1
366	365	3	AGGGTTGGGCTCAAAAGGATTTAT	1
367	366	2	GGGTTGGGCTCAAAAGGATTTATC	1
368	367	2	GGTTGGGCTCAAAAGGATTTATCT	1
369	368	2	GTTGGGCTCAAAAGGATTTATCTC	1
370	369	2	TTGGGCTCAAAAGGATTTATCTCA	1
371	370	2	TGGGCTCAAAAGGATTTATCTCAA	1
372	371	2	GGGCTCAAAAGGATTTATCTCAAC	1
373	372	2	GGCTCAAAAGGATTTATCTCAACG	1
374	373	2	GCTCAAAAGGATTTATCTCAACGG	1
375	374	2	CTCAAAAGGATTTATCTCAACGGA	1
376	375	2	TCAAAAGGATTTATCTCAACGGAT	1
377	376	2	CAAAAGGATTTATCTCAACGGATA	1
378	377	2	AAAAGGATTTATCTCAACGGATAA	1
379	378	2	AAAGGATTTATCTCAACGGATAAA	1
380	379	2	AAGGATTTATCTCAACGGATAAAC	1
381	380	2	AGGATTTATCTCAACGGATAAACG	1
382	381	2	GGATTTATCTCAACGGATAAACGA	1
383	382	2	GATTTATCTCAACGGATAAACGAA	1
384	383	2	ATTTATCTCAACGGATAAACGAAA	1
385	384	2	TTTATCTCAACGGATAAACGAAAA	1
386	385	2	TTATCTCAACGGATAAACGAAAAG	1
387	386	1	TATCTCAACGGATAAACGAAAAGC	1
