Component 423
1	-1	0	GTTCTCTTCCAATTCAAAACCCTG	1
2	1	1	TTCTCTTCCAATTCAAAACCCTGT	1
3	2	1	TCTCTTCCAATTCAAAACCCTGTC	1
4	3	1	CTCTTCCAATTCAAAACCCTGTCG	1
5	4	1	TCTTCCAATTCAAAACCCTGTCGT	1
6	5	1	CTTCCAATTCAAAACCCTGTCGTT	1
7	6	1	TTCCAATTCAAAACCCTGTCGTTG	1
8	7	3	TCCAATTCAAAACCCTGTCGTTGC	1
9	8	3	CCAATTCAAAACCCTGTCGTTGCC	1
10	9	3	CAATTCAAAACCCTGTCGTTGCCG	1
11	10	3	AATTCAAAACCCTGTCGTTGCCGC	1
12	11	3	ATTCAAAACCCTGTCGTTGCCGCT	1
13	12	3	TTCAAAACCCTGTCGTTGCCGCTA	1
14	13	3	TCAAAACCCTGTCGTTGCCGCTAA	1
15	14	3	CAAAACCCTGTCGTTGCCGCTAAT	1
16	15	3	AAAACCCTGTCGTTGCCGCTAATC	1
17	16	3	AAACCCTGTCGTTGCCGCTAATCG	1
18	17	3	AACCCTGTCGTTGCCGCTAATCGT	1
19	18	3	ACCCTGTCGTTGCCGCTAATCGTT	1
20	19	3	CCCTGTCGTTGCCGCTAATCGTTT	1
21	20	3	CCTGTCGTTGCCGCTAATCGTTTT	1
22	21	3	CTGTCGTTGCCGCTAATCGTTTTT	1
23	22	3	TGTCGTTGCCGCTAATCGTTTTTT	1
24	23	4	GTCGTTGCCGCTAATCGTTTTTTC	1
25	24	4	TCGTTGCCGCTAATCGTTTTTTCG	1
26	25	3	CGTTGCCGCTAATCGTTTTTTCGC	1
27	26	3	GTTGCCGCTAATCGTTTTTTCGCT	1
28	27	3	TTGCCGCTAATCGTTTTTTCGCTA	1
29	28	3	TGCCGCTAATCGTTTTTTCGCTAG	1
30	29	3	GCCGCTAATCGTTTTTTCGCTAGT	1
31	30	3	CCGCTAATCGTTTTTTCGCTAGTT	1
32	31	3	CGCTAATCGTTTTTTCGCTAGTTC	1
33	32	3	GCTAATCGTTTTTTCGCTAGTTCA	1
34	33	3	CTAATCGTTTTTTCGCTAGTTCAG	1
35	34	3	TAATCGTTTTTTCGCTAGTTCAGT	1
36	35	3	AATCGTTTTTTCGCTAGTTCAGTA	1
37	36	3	ATCGTTTTTTCGCTAGTTCAGTAC	1
38	37	3	TCGTTTTTTCGCTAGTTCAGTACA	1
39	38	3	CGTTTTTTCGCTAGTTCAGTACAC	1
40	39	3	GTTTTTTCGCTAGTTCAGTACACT	1
41	40	3	TTTTTTCGCTAGTTCAGTACACTC	1
42	41	3	TTTTTCGCTAGTTCAGTACACTCT	1
43	42	4	TTTTCGCTAGTTCAGTACACTCTC	1
44	43	4	TTTCGCTAGTTCAGTACACTCTCG	1
45	44	4	TTCGCTAGTTCAGTACACTCTCGA	1
46	45	3	TCGCTAGTTCAGTACACTCTCGAA	1
47	46	3	CGCTAGTTCAGTACACTCTCGAAA	1
48	47	3	GCTAGTTCAGTACACTCTCGAAAT	1
49	48	3	CTAGTTCAGTACACTCTCGAAATC	1
50	49	3	TAGTTCAGTACACTCTCGAAATCC	1
51	50	4	AGTTCAGTACACTCTCGAAATCCC	1
52	51	2	GTTCAGTACACTCTCGAAATCCCC	1
53	52	2	TTCAGTACACTCTCGAAATCCCCA	1
54	53	2	TCAGTACACTCTCGAAATCCCCAA	1
55	54	2	CAGTACACTCTCGAAATCCCCAAG	1
56	55	2	AGTACACTCTCGAAATCCCCAAGA	1
57	56	2	GTACACTCTCGAAATCCCCAAGAG	1
58	57	2	TACACTCTCGAAATCCCCAAGAGG	1
59	58	2	ACACTCTCGAAATCCCCAAGAGGA	1
60	59	2	CACTCTCGAAATCCCCAAGAGGAA	1
61	60	2	ACTCTCGAAATCCCCAAGAGGAAG	1
62	61	2	CTCTCGAAATCCCCAAGAGGAAGA	1
63	62	2	TCTCGAAATCCCCAAGAGGAAGAT	1
64	63	2	CTCGAAATCCCCAAGAGGAAGATG	1
65	64	3	TCGAAATCCCCAAGAGGAAGATGT	1
66	65	3	CGAAATCCCCAAGAGGAAGATGTT	1
67	66	3	GAAATCCCCAAGAGGAAGATGTTA	1
68	67	2	AAATCCCCAAGAGGAAGATGTTAT	1
69	68	2	AATCCCCAAGAGGAAGATGTTATT	1
70	69	2	ATCCCCAAGAGGAAGATGTTATTC	1
71	70	2	TCCCCAAGAGGAAGATGTTATTCC	1
72	71	2	CCCCAAGAGGAAGATGTTATTCCA	1
73	72	2	CCCAAGAGGAAGATGTTATTCCAC	1
74	73	2	CCAAGAGGAAGATGTTATTCCACC	1
75	74	2	CAAGAGGAAGATGTTATTCCACCT	1
76	75	2	AAGAGGAAGATGTTATTCCACCTA	1
77	76	2	AGAGGAAGATGTTATTCCACCTAA	1
78	77	2	GAGGAAGATGTTATTCCACCTAAA	1
79	78	2	AGGAAGATGTTATTCCACCTAAAG	1
80	79	2	GGAAGATGTTATTCCACCTAAAGA	1
81	80	2	GAAGATGTTATTCCACCTAAAGAA	1
82	81	2	AAGATGTTATTCCACCTAAAGAAA	1
83	82	2	AGATGTTATTCCACCTAAAGAAAA	1
84	83	2	GATGTTATTCCACCTAAAGAAAAC	1
85	84	2	ATGTTATTCCACCTAAAGAAAACG	1
86	85	2	TGTTATTCCACCTAAAGAAAACGC	1
87	86	1	GTTATTCCACCTAAAGAAAACGCT	1
88	87	1	TTATTCCACCTAAAGAAAACGCTT	1
89	88	1	TATTCCACCTAAAGAAAACGCTTC	1
90	89	1	ATTCCACCTAAAGAAAACGCTTCT	1
91	90	1	TTCCACCTAAAGAAAACGCTTCTC	1
92	91	1	TCCACCTAAAGAAAACGCTTCTCG	1
93	92	1	CCACCTAAAGAAAACGCTTCTCGT	1
94	93	1	CACCTAAAGAAAACGCTTCTCGTG	1
95	94	1	ACCTAAAGAAAACGCTTCTCGTGA	1
96	95	1	CCTAAAGAAAACGCTTCTCGTGAA	1
97	96	1	CTAAAGAAAACGCTTCTCGTGAAG	1
98	97	1	TAAAGAAAACGCTTCTCGTGAAGA	1
99	98	1	AAAGAAAACGCTTCTCGTGAAGAC	1
100	99	1	AAGAAAACGCTTCTCGTGAAGACG	1
101	100	1	AGAAAACGCTTCTCGTGAAGACGC	1
102	101	2	GAAAACGCTTCTCGTGAAGACGCT	1
103	102	2	AAAACGCTTCTCGTGAAGACGCTA	1
104	103	2	AAACGCTTCTCGTGAAGACGCTAC	1
105	104	2	AACGCTTCTCGTGAAGACGCTACC	1
106	105	2	ACGCTTCTCGTGAAGACGCTACCG	1
107	106	2	CGCTTCTCGTGAAGACGCTACCGA	1
108	107	2	GCTTCTCGTGAAGACGCTACCGAC	1
109	108	1	CTTCTCGTGAAGACGCTACCGACT	1
110	109	1	TTCTCGTGAAGACGCTACCGACTC	1
111	110	1	TCTCGTGAAGACGCTACCGACTCG	1
112	111	1	CTCGTGAAGACGCTACCGACTCGG	1
113	112	1	TCGTGAAGACGCTACCGACTCGGA	1
114	113	1	CGTGAAGACGCTACCGACTCGGAA	1
115	114	1	GTGAAGACGCTACCGACTCGGAAG	1
116	115	1	TGAAGACGCTACCGACTCGGAAGC	1
117	116	1	GAAGACGCTACCGACTCGGAAGCC	1
118	117	1	AAGACGCTACCGACTCGGAAGCCT	1
119	118	1	AGACGCTACCGACTCGGAAGCCTA	1
120	119	1	GACGCTACCGACTCGGAAGCCTAC	1
121	120	1	ACGCTACCGACTCGGAAGCCTACG	1
122	121	1	CGCTACCGACTCGGAAGCCTACGT	1
123	122	1	GCTACCGACTCGGAAGCCTACGTT	1
124	123	1	CTACCGACTCGGAAGCCTACGTTC	1
125	124	1	TACCGACTCGGAAGCCTACGTTCG	1
126	125	1	ACCGACTCGGAAGCCTACGTTCGT	1
127	126	1	CCGACTCGGAAGCCTACGTTCGTT	1
128	127	1	CGACTCGGAAGCCTACGTTCGTTC	1
129	128	1	GACTCGGAAGCCTACGTTCGTTCT	1
130	129	1	ACTCGGAAGCCTACGTTCGTTCTG	1
131	130	1	CTCGGAAGCCTACGTTCGTTCTGA	1
132	131	1	TCGGAAGCCTACGTTCGTTCTGAC	1
133	132	1	CGGAAGCCTACGTTCGTTCTGACT	1
134	133	1	GGAAGCCTACGTTCGTTCTGACTG	1
135	134	1	GAAGCCTACGTTCGTTCTGACTGG	1
136	135	1	AAGCCTACGTTCGTTCTGACTGGG	1
137	136	1	AGCCTACGTTCGTTCTGACTGGGA	1
138	137	1	GCCTACGTTCGTTCTGACTGGGAC	1
139	138	1	CCTACGTTCGTTCTGACTGGGACA	1
140	139	1	CTACGTTCGTTCTGACTGGGACAA	1
141	140	1	TACGTTCGTTCTGACTGGGACAAC	1
142	141	1	ACGTTCGTTCTGACTGGGACAACA	1
143	142	1	CGTTCGTTCTGACTGGGACAACAC	1
144	143	1	GTTCGTTCTGACTGGGACAACACG	1
145	144	1	TTCGTTCTGACTGGGACAACACGC	1
146	-1	0	CAAAACACCAAAATTTTGAAAAAT	1
147	146	1	AAAACACCAAAATTTTGAAAAATC	1
148	147	1	AAACACCAAAATTTTGAAAAATCA	1
149	148	1	AACACCAAAATTTTGAAAAATCAG	1
150	149	1	ACACCAAAATTTTGAAAAATCAGC	1
151	150	1	CACCAAAATTTTGAAAAATCAGCA	1
152	151	1	ACCAAAATTTTGAAAAATCAGCAT	1
153	152	1	CCAAAATTTTGAAAAATCAGCATA	1
154	153	2	CAAAATTTTGAAAAATCAGCATAA	1
155	154	4	AAAATTTTGAAAAATCAGCATAAA	1
156	155	6	AAATTTTGAAAAATCAGCATAAAT	1
157	156	6	AATTTTGAAAAATCAGCATAAATC	1
158	157	6	ATTTTGAAAAATCAGCATAAATCA	1
159	158	6	TTTTGAAAAATCAGCATAAATCAC	1
160	159	6	TTTGAAAAATCAGCATAAATCACA	1
161	160	6	TTGAAAAATCAGCATAAATCACAA	1
162	161	6	TGAAAAATCAGCATAAATCACAAA	1
163	162	6	GAAAAATCAGCATAAATCACAAAA	1
164	163	6	AAAAATCAGCATAAATCACAAAAA	1
165	164	6	AAAATCAGCATAAATCACAAAAAC	1
166	165	6	AAATCAGCATAAATCACAAAAACA	1
167	166	6	AATCAGCATAAATCACAAAAACAG	1
168	167	6	ATCAGCATAAATCACAAAAACAGT	1
169	168	6	TCAGCATAAATCACAAAAACAGTC	1
170	169	6	CAGCATAAATCACAAAAACAGTCT	1
171	170	6	AGCATAAATCACAAAAACAGTCTT	1
172	171	6	GCATAAATCACAAAAACAGTCTTT	1
173	172	6	CATAAATCACAAAAACAGTCTTTT	1
174	173	6	ATAAATCACAAAAACAGTCTTTTA	1
175	174	6	TAAATCACAAAAACAGTCTTTTAC	1
176	175	6	AAATCACAAAAACAGTCTTTTACT	1
177	176	6	AATCACAAAAACAGTCTTTTACTT	1
178	177	6	ATCACAAAAACAGTCTTTTACTTG	1
179	178	6	TCACAAAAACAGTCTTTTACTTGT	1
180	179	6	CACAAAAACAGTCTTTTACTTGTT	1
181	180	6	ACAAAAACAGTCTTTTACTTGTTC	1
182	181	6	CAAAAACAGTCTTTTACTTGTTCT	1
183	182	6	AAAAACAGTCTTTTACTTGTTCTT	1
184	183	7	AAAACAGTCTTTTACTTGTTCTTA	1
185	184	7	AAACAGTCTTTTACTTGTTCTTAA	1
186	185	7	AACAGTCTTTTACTTGTTCTTAAT	1
187	186	7	ACAGTCTTTTACTTGTTCTTAATA	1
188	187	7	CAGTCTTTTACTTGTTCTTAATAC	1
189	188	7	AGTCTTTTACTTGTTCTTAATACT	1
190	189	7	GTCTTTTACTTGTTCTTAATACTT	1
191	190	6	TCTTTTACTTGTTCTTAATACTTC	1
192	191	6	CTTTTACTTGTTCTTAATACTTCA	1
193	192	6	TTTTACTTGTTCTTAATACTTCAA	1
194	193	6	TTTACTTGTTCTTAATACTTCAAT	1
195	194	6	TTACTTGTTCTTAATACTTCAATT	1
196	195	6	TACTTGTTCTTAATACTTCAATTC	1
197	196	6	ACTTGTTCTTAATACTTCAATTCT	1
198	197	5	CTTGTTCTTAATACTTCAATTCTA	1
199	198	3	TTGTTCTTAATACTTCAATTCTAG	1
200	199	1	TGTTCTTAATACTTCAATTCTAGT	1
201	200	1	GTTCTTAATACTTCAATTCTAGTA	1
202	201	1	TTCTTAATACTTCAATTCTAGTAC	1
203	202	1	TCTTAATACTTCAATTCTAGTACC	1
204	203	1	CTTAATACTTCAATTCTAGTACCA	1
205	204	1	TTAATACTTCAATTCTAGTACCAC	1
206	205	1	TAATACTTCAATTCTAGTACCACT	1
207	206	1	AATACTTCAATTCTAGTACCACTT	1
208	207	1	ATACTTCAATTCTAGTACCACTTG	1
209	208	1	TACTTCAATTCTAGTACCACTTGA	1
210	209	1	ACTTCAATTCTAGTACCACTTGAG	1
211	210	1	CTTCAATTCTAGTACCACTTGAGT	1
212	211	1	TTCAATTCTAGTACCACTTGAGTG	1
213	212	1	TCAATTCTAGTACCACTTGAGTGT	1
214	213	1	CAATTCTAGTACCACTTGAGTGTT	1
215	214	1	AATTCTAGTACCACTTGAGTGTTT	1
216	215	1	ATTCTAGTACCACTTGAGTGTTTA	1
217	216	1	TTCTAGTACCACTTGAGTGTTTAA	1
218	217	1	TCTAGTACCACTTGAGTGTTTAAA	1
219	218	1	CTAGTACCACTTGAGTGTTTAAAG	1
220	219	1	TAGTACCACTTGAGTGTTTAAAGA	1
221	220	1	AGTACCACTTGAGTGTTTAAAGAG	1
222	221	1	GTACCACTTGAGTGTTTAAAGAGT	1
223	222	1	TACCACTTGAGTGTTTAAAGAGTG	1
224	223	1	ACCACTTGAGTGTTTAAAGAGTGA	1
225	224	1	CCACTTGAGTGTTTAAAGAGTGAT	1
226	225	1	CACTTGAGTGTTTAAAGAGTGATT	1
227	226	1	ACTTGAGTGTTTAAAGAGTGATTG	1
228	-1	0	CTTTTGTGAACATTGAATATATAT	1
229	228	1	TTTTGTGAACATTGAATATATATA	1
230	229	1	TTTGTGAACATTGAATATATATAT	1
231	230	1	TTGTGAACATTGAATATATATATT	1
232	231	1	TGTGAACATTGAATATATATATTT	1
233	232	1	GTGAACATTGAATATATATATTTG	1
234	233	1	TGAACATTGAATATATATATTTGT	1
235	234	1	GAACATTGAATATATATATTTGTT	1
236	235	1	AACATTGAATATATATATTTGTTG	1
237	236	1	ACATTGAATATATATATTTGTTGA	1
238	237	1	CATTGAATATATATATTTGTTGAA	1
239	238	1	ATTGAATATATATATTTGTTGAAG	1
240	239	1	TTGAATATATATATTTGTTGAAGA	1
241	240	1	TGAATATATATATTTGTTGAAGAT	1
242	241	1	GAATATATATATTTGTTGAAGATC	1
243	242	1	AATATATATATTTGTTGAAGATCA	1
244	243	2	ATATATATATTTGTTGAAGATCAA	1
245	244	2	TATATATATTTGTTGAAGATCAAA	1
246	245	2	ATATATATTTGTTGAAGATCAAAC	1
247	246	2	TATATATTTGTTGAAGATCAAACG	1
248	247	2	ATATATTTGTTGAAGATCAAACGC	1
249	248	2	TATATTTGTTGAAGATCAAACGCA	1
250	249	2	ATATTTGTTGAAGATCAAACGCAT	1
251	250	2	TATTTGTTGAAGATCAAACGCATT	1
252	251	2	ATTTGTTGAAGATCAAACGCATTT	1
253	252	2	TTTGTTGAAGATCAAACGCATTTA	1
254	253	2	TTGTTGAAGATCAAACGCATTTAT	1
255	254	2	TGTTGAAGATCAAACGCATTTATT	1
256	255	2	GTTGAAGATCAAACGCATTTATTT	1
257	256	2	TTGAAGATCAAACGCATTTATTTT	1
258	257	2	TGAAGATCAAACGCATTTATTTTT	1
259	258	2	GAAGATCAAACGCATTTATTTTTG	1
260	259	2	AAGATCAAACGCATTTATTTTTGT	1
261	260	2	AGATCAAACGCATTTATTTTTGTT	1
262	261	2	GATCAAACGCATTTATTTTTGTTT	1
263	262	2	ATCAAACGCATTTATTTTTGTTTC	1
264	263	2	TCAAACGCATTTATTTTTGTTTCT	1
265	264	2	CAAACGCATTTATTTTTGTTTCTT	1
266	265	2	AAACGCATTTATTTTTGTTTCTTC	1
267	266	2	AACGCATTTATTTTTGTTTCTTCT	1
268	267	2	ACGCATTTATTTTTGTTTCTTCTT	1
269	268	2	CGCATTTATTTTTGTTTCTTCTTC	1
270	269	3	GCATTTATTTTTGTTTCTTCTTCT	1
271	270	3	CATTTATTTTTGTTTCTTCTTCTA	1
272	271	3	ATTTATTTTTGTTTCTTCTTCTAT	1
273	272	2	TTTATTTTTGTTTCTTCTTCTATT	1
274	273	2	TTATTTTTGTTTCTTCTTCTATTA	1
275	274	2	TATTTTTGTTTCTTCTTCTATTAA	1
276	275	2	ATTTTTGTTTCTTCTTCTATTAAA	1
277	276	2	TTTTTGTTTCTTCTTCTATTAAAT	1
278	277	2	TTTTGTTTCTTCTTCTATTAAATC	1
279	278	3	TTTGTTTCTTCTTCTATTAAATCT	1
280	279	3	TTGTTTCTTCTTCTATTAAATCTA	1
281	280	3	TGTTTCTTCTTCTATTAAATCTAA	1
282	281	3	GTTTCTTCTTCTATTAAATCTAAC	1
283	282	3	TTTCTTCTTCTATTAAATCTAACT	1
284	283	3	TTCTTCTTCTATTAAATCTAACTT	1
285	284	3	TCTTCTTCTATTAAATCTAACTTG	1
286	285	3	CTTCTTCTATTAAATCTAACTTGT	1
287	286	3	TTCTTCTATTAAATCTAACTTGTC	1
288	287	2	TCTTCTATTAAATCTAACTTGTCG	1
289	288	2	CTTCTATTAAATCTAACTTGTCGA	1
290	289	3	TTCTATTAAATCTAACTTGTCGAT	1
291	290	3	TCTATTAAATCTAACTTGTCGATT	1
292	291	3	CTATTAAATCTAACTTGTCGATTA	1
293	292	3	TATTAAATCTAACTTGTCGATTAT	1
294	293	3	ATTAAATCTAACTTGTCGATTATT	1
295	294	3	TTAAATCTAACTTGTCGATTATTA	1
296	295	4	TAAATCTAACTTGTCGATTATTAT	1
297	296	4	AAATCTAACTTGTCGATTATTATC	1
298	297	4	AATCTAACTTGTCGATTATTATCC	1
299	298	4	ATCTAACTTGTCGATTATTATCCT	1
300	299	4	TCTAACTTGTCGATTATTATCCTT	1
301	300	4	CTAACTTGTCGATTATTATCCTTG	1
302	301	4	TAACTTGTCGATTATTATCCTTGT	1
303	302	4	AACTTGTCGATTATTATCCTTGTC	1
304	303	5	ACTTGTCGATTATTATCCTTGTCC	1
305	304	5	CTTGTCGATTATTATCCTTGTCCT	1
306	305	5	TTGTCGATTATTATCCTTGTCCTT	1
307	306	5	TGTCGATTATTATCCTTGTCCTTT	1
308	307	5	GTCGATTATTATCCTTGTCCTTTC	1
309	308	5	TCGATTATTATCCTTGTCCTTTCA	1
310	309	5	CGATTATTATCCTTGTCCTTTCAT	1
311	310	5	GATTATTATCCTTGTCCTTTCATT	1
312	311	5	ATTATTATCCTTGTCCTTTCATTA	1
313	312	5	TTATTATCCTTGTCCTTTCATTAT	1
314	313	4	TATTATCCTTGTCCTTTCATTATG	1
315	314	4	ATTATCCTTGTCCTTTCATTATGA	1
316	315	4	TTATCCTTGTCCTTTCATTATGAG	1
317	316	4	TATCCTTGTCCTTTCATTATGAGC	1
318	317	4	ATCCTTGTCCTTTCATTATGAGCC	1
319	318	4	TCCTTGTCCTTTCATTATGAGCCT	1
320	319	4	CCTTGTCCTTTCATTATGAGCCTC	1
321	320	4	CTTGTCCTTTCATTATGAGCCTCA	1
322	321	4	TTGTCCTTTCATTATGAGCCTCAG	1
323	322	3	TGTCCTTTCATTATGAGCCTCAGA	1
324	323	3	GTCCTTTCATTATGAGCCTCAGAC	1
325	324	3	TCCTTTCATTATGAGCCTCAGACA	1
326	325	3	CCTTTCATTATGAGCCTCAGACAT	1
327	326	3	CTTTCATTATGAGCCTCAGACATA	1
328	327	3	TTTCATTATGAGCCTCAGACATAG	1
329	328	3	TTCATTATGAGCCTCAGACATAGT	1
330	329	3	TCATTATGAGCCTCAGACATAGTA	1
331	330	3	CATTATGAGCCTCAGACATAGTAC	1
332	331	3	ATTATGAGCCTCAGACATAGTACC	1
333	332	3	TTATGAGCCTCAGACATAGTACCC	1
334	333	2	TATGAGCCTCAGACATAGTACCCA	1
335	334	2	ATGAGCCTCAGACATAGTACCCAA	1
336	335	2	TGAGCCTCAGACATAGTACCCAAC	1
337	336	3	GAGCCTCAGACATAGTACCCAACT	1
338	337	3	AGCCTCAGACATAGTACCCAACTG	1
339	338	3	GCCTCAGACATAGTACCCAACTGA	1
340	339	2	CCTCAGACATAGTACCCAACTGAT	1
341	340	2	CTCAGACATAGTACCCAACTGATC	1
342	341	2	TCAGACATAGTACCCAACTGATCG	1
343	342	2	CAGACATAGTACCCAACTGATCGT	1
344	343	2	AGACATAGTACCCAACTGATCGTG	1
345	344	2	GACATAGTACCCAACTGATCGTGC	1
346	345	1	ACATAGTACCCAACTGATCGTGCA	1
347	346	1	CATAGTACCCAACTGATCGTGCAA	1
348	347	1	ATAGTACCCAACTGATCGTGCAAA	1
349	348	1	TAGTACCCAACTGATCGTGCAAAC	1
350	349	1	AGTACCCAACTGATCGTGCAAACC	1
351	350	1	GTACCCAACTGATCGTGCAAACCG	1
352	351	1	TACCCAACTGATCGTGCAAACCGT	1
353	352	1	ACCCAACTGATCGTGCAAACCGTT	1
354	353	1	CCCAACTGATCGTGCAAACCGTTA	1
355	354	1	CCAACTGATCGTGCAAACCGTTAA	1
356	355	1	CAACTGATCGTGCAAACCGTTAAA	1
357	356	1	AACTGATCGTGCAAACCGTTAAAC	1
358	357	1	ACTGATCGTGCAAACCGTTAAACT	1
359	358	1	CTGATCGTGCAAACCGTTAAACTT	1
360	359	1	TGATCGTGCAAACCGTTAAACTTG	1
361	360	1	GATCGTGCAAACCGTTAAACTTGG	1
362	361	1	ATCGTGCAAACCGTTAAACTTGGT	1
363	362	1	TCGTGCAAACCGTTAAACTTGGTT	1
364	363	2	CGTGCAAACCGTTAAACTTGGTTT	1
365	364	2	GTGCAAACCGTTAAACTTGGTTTG	1
366	365	2	TGCAAACCGTTAAACTTGGTTTGC	1
367	366	2	GCAAACCGTTAAACTTGGTTTGCC	1
368	367	2	CAAACCGTTAAACTTGGTTTGCCC	1
369	368	2	AAACCGTTAAACTTGGTTTGCCCA	1
370	369	2	AACCGTTAAACTTGGTTTGCCCAC	1
371	370	2	ACCGTTAAACTTGGTTTGCCCACG	1
372	371	2	CCGTTAAACTTGGTTTGCCCACGG	1
373	372	2	CGTTAAACTTGGTTTGCCCACGGC	1
374	373	2	GTTAAACTTGGTTTGCCCACGGCG	1
375	374	2	TTAAACTTGGTTTGCCCACGGCGA	1
376	375	2	TAAACTTGGTTTGCCCACGGCGAG	1
377	376	2	AAACTTGGTTTGCCCACGGCGAGA	1
378	377	2	AACTTGGTTTGCCCACGGCGAGAA	1
379	378	2	ACTTGGTTTGCCCACGGCGAGAAA	1
380	379	2	CTTGGTTTGCCCACGGCGAGAAAG	1
381	380	1	TTGGTTTGCCCACGGCGAGAAAGG	1
382	381	1	TGGTTTGCCCACGGCGAGAAAGGC	1
383	382	1	GGTTTGCCCACGGCGAGAAAGGCT	1
384	383	1	GTTTGCCCACGGCGAGAAAGGCTT	1
385	384	1	TTTGCCCACGGCGAGAAAGGCTTG	1
386	385	1	TTGCCCACGGCGAGAAAGGCTTGT	1
387	386	1	TGCCCACGGCGAGAAAGGCTTGTT	1
388	387	1	GCCCACGGCGAGAAAGGCTTGTTC	1
389	388	1	CCCACGGCGAGAAAGGCTTGTTCT	1
390	389	1	CCACGGCGAGAAAGGCTTGTTCTC	1
391	390	1	CACGGCGAGAAAGGCTTGTTCTCT	1
392	391	1	ACGGCGAGAAAGGCTTGTTCTCTT	1
393	392	1	CGGCGAGAAAGGCTTGTTCTCTTC	1
394	393	1	GGCGAGAAAGGCTTGTTCTCTTCC	1
395	394	1	GCGAGAAAGGCTTGTTCTCTTCCA	1
396	395	1	CGAGAAAGGCTTGTTCTCTTCCAA	1
397	396	1	GAGAAAGGCTTGTTCTCTTCCAAT	1
398	397	1	AGAAAGGCTTGTTCTCTTCCAATT	1
399	398	1	GAAAGGCTTGTTCTCTTCCAATTC	1
400	399	1	AAAGGCTTGTTCTCTTCCAATTCA	1
401	400	1	AAGGCTTGTTCTCTTCCAATTCAA	1
402	401	1	AGGCTTGTTCTCTTCCAATTCAAA	1
403	402	1	GGCTTGTTCTCTTCCAATTCAAAA	1
404	403	1	GCTTGTTCTCTTCCAATTCAAAAC	1
405	404	1	CTTGTTCTCTTCCAATTCAAAACC	1
406	405	1	TTGTTCTCTTCCAATTCAAAACCC	1
407	406	1	TGTTCTCTTCCAATTCAAAACCCT	1
