Component 425
1	-1	0	AGCGTATGCTTGCTGGTAAGCCCC	1
2	1	1	GCGTATGCTTGCTGGTAAGCCCCT	1
3	2	1	CGTATGCTTGCTGGTAAGCCCCTT	1
4	3	1	GTATGCTTGCTGGTAAGCCCCTTT	1
5	4	1	TATGCTTGCTGGTAAGCCCCTTTA	1
6	5	1	ATGCTTGCTGGTAAGCCCCTTTAC	1
7	6	1	TGCTTGCTGGTAAGCCCCTTTACG	1
8	7	1	GCTTGCTGGTAAGCCCCTTTACGT	1
9	8	1	CTTGCTGGTAAGCCCCTTTACGTT	1
10	9	2	TTGCTGGTAAGCCCCTTTACGTTG	1
11	10	2	TGCTGGTAAGCCCCTTTACGTTGC	1
12	11	2	GCTGGTAAGCCCCTTTACGTTGCT	1
13	12	2	CTGGTAAGCCCCTTTACGTTGCTT	1
14	13	2	TGGTAAGCCCCTTTACGTTGCTTT	1
15	14	2	GGTAAGCCCCTTTACGTTGCTTTG	1
16	15	2	GTAAGCCCCTTTACGTTGCTTTGG	1
17	16	2	TAAGCCCCTTTACGTTGCTTTGGC	1
18	17	2	AAGCCCCTTTACGTTGCTTTGGCT	1
19	18	2	AGCCCCTTTACGTTGCTTTGGCTC	1
20	19	2	GCCCCTTTACGTTGCTTTGGCTCA	1
21	20	2	CCCCTTTACGTTGCTTTGGCTCAA	1
22	21	2	CCCTTTACGTTGCTTTGGCTCAAC	1
23	22	2	CCTTTACGTTGCTTTGGCTCAACG	1
24	23	2	CTTTACGTTGCTTTGGCTCAACGT	1
25	24	2	TTTACGTTGCTTTGGCTCAACGTA	1
26	25	3	TTACGTTGCTTTGGCTCAACGTAA	1
27	26	3	TACGTTGCTTTGGCTCAACGTAAG	1
28	27	3	ACGTTGCTTTGGCTCAACGTAAGG	1
29	28	3	CGTTGCTTTGGCTCAACGTAAGGA	1
30	29	3	GTTGCTTTGGCTCAACGTAAGGAG	1
31	30	3	TTGCTTTGGCTCAACGTAAGGAGG	1
32	31	3	TGCTTTGGCTCAACGTAAGGAGGT	1
33	32	3	GCTTTGGCTCAACGTAAGGAGGTT	1
34	33	3	CTTTGGCTCAACGTAAGGAGGTTC	1
35	34	3	TTTGGCTCAACGTAAGGAGGTTCG	1
36	35	3	TTGGCTCAACGTAAGGAGGTTCGC	1
37	36	3	TGGCTCAACGTAAGGAGGTTCGCC	1
38	37	3	GGCTCAACGTAAGGAGGTTCGCCG	1
39	38	3	GCTCAACGTAAGGAGGTTCGCCGT	1
40	39	4	CTCAACGTAAGGAGGTTCGCCGTA	1
41	40	4	TCAACGTAAGGAGGTTCGCCGTAG	1
42	41	4	CAACGTAAGGAGGTTCGCCGTAGT	1
43	42	5	AACGTAAGGAGGTTCGCCGTAGTC	1
44	43	6	ACGTAAGGAGGTTCGCCGTAGTCA	1
45	44	6	CGTAAGGAGGTTCGCCGTAGTCAG	1
46	45	5	GTAAGGAGGTTCGCCGTAGTCAGT	1
47	46	5	TAAGGAGGTTCGCCGTAGTCAGTT	1
48	47	5	AAGGAGGTTCGCCGTAGTCAGTTG	1
49	48	5	AGGAGGTTCGCCGTAGTCAGTTGG	1
50	49	5	GGAGGTTCGCCGTAGTCAGTTGGA	1
51	50	5	GAGGTTCGCCGTAGTCAGTTGGAG	1
52	51	5	AGGTTCGCCGTAGTCAGTTGGAGG	1
53	52	5	GGTTCGCCGTAGTCAGTTGGAGGC	1
54	53	4	GTTCGCCGTAGTCAGTTGGAGGCT	1
55	54	4	TTCGCCGTAGTCAGTTGGAGGCTC	1
56	55	4	TCGCCGTAGTCAGTTGGAGGCTCA	1
57	56	4	CGCCGTAGTCAGTTGGAGGCTCAA	1
58	57	4	GCCGTAGTCAGTTGGAGGCTCAAA	1
59	58	4	CCGTAGTCAGTTGGAGGCTCAAAT	1
60	59	4	CGTAGTCAGTTGGAGGCTCAAATC	1
61	60	4	GTAGTCAGTTGGAGGCTCAAATCC	1
62	61	4	TAGTCAGTTGGAGGCTCAAATCCA	1
63	62	4	AGTCAGTTGGAGGCTCAAATCCAG	1
64	63	4	GTCAGTTGGAGGCTCAAATCCAGG	1
65	64	4	TCAGTTGGAGGCTCAAATCCAGGC	1
66	65	4	CAGTTGGAGGCTCAAATCCAGGCG	1
67	66	3	AGTTGGAGGCTCAAATCCAGGCGC	1
68	67	3	GTTGGAGGCTCAAATCCAGGCGCG	1
69	68	3	TTGGAGGCTCAAATCCAGGCGCGT	1
70	69	3	TGGAGGCTCAAATCCAGGCGCGTA	1
71	70	3	GGAGGCTCAAATCCAGGCGCGTAA	1
72	71	3	GAGGCTCAAATCCAGGCGCGTAAC	1
73	72	3	AGGCTCAAATCCAGGCGCGTAACC	1
74	73	3	GGCTCAAATCCAGGCGCGTAACCA	1
75	74	3	GCTCAAATCCAGGCGCGTAACCAA	1
76	75	4	CTCAAATCCAGGCGCGTAACCAAT	1
77	76	4	TCAAATCCAGGCGCGTAACCAATT	1
78	77	4	CAAATCCAGGCGCGTAACCAATTC	1
79	78	4	AAATCCAGGCGCGTAACCAATTCC	1
80	79	4	AATCCAGGCGCGTAACCAATTCCG	1
81	80	4	ATCCAGGCGCGTAACCAATTCCGT	1
82	81	4	TCCAGGCGCGTAACCAATTCCGTT	1
83	82	4	CCAGGCGCGTAACCAATTCCGTTT	1
84	83	3	CAGGCGCGTAACCAATTCCGTTTA	1
85	84	3	AGGCGCGTAACCAATTCCGTTTAC	1
86	85	2	GGCGCGTAACCAATTCCGTTTACA	1
87	86	2	GCGCGTAACCAATTCCGTTTACAA	1
88	87	1	CGCGTAACCAATTCCGTTTACAAC	1
89	88	1	GCGTAACCAATTCCGTTTACAACA	1
90	89	1	CGTAACCAATTCCGTTTACAACAA	1
91	90	1	GTAACCAATTCCGTTTACAACAAC	1
92	91	1	TAACCAATTCCGTTTACAACAACA	1
93	92	1	AACCAATTCCGTTTACAACAACAA	1
94	93	1	ACCAATTCCGTTTACAACAACAAG	1
95	94	1	CCAATTCCGTTTACAACAACAAGT	1
96	95	1	CAATTCCGTTTACAACAACAAGTT	1
97	96	2	AATTCCGTTTACAACAACAAGTTG	1
98	97	2	ATTCCGTTTACAACAACAAGTTGC	1
99	98	2	TTCCGTTTACAACAACAAGTTGCC	1
100	99	2	TCCGTTTACAACAACAAGTTGCCG	1
101	100	2	CCGTTTACAACAACAAGTTGCCGC	1
102	101	2	CGTTTACAACAACAAGTTGCCGCT	1
103	102	2	GTTTACAACAACAAGTTGCCGCTG	1
104	103	2	TTTACAACAACAAGTTGCCGCTGC	1
105	104	2	TTACAACAACAAGTTGCCGCTGCT	1
106	105	2	TACAACAACAAGTTGCCGCTGCTG	1
107	106	2	ACAACAACAAGTTGCCGCTGCTGC	1
108	107	2	CAACAACAAGTTGCCGCTGCTGCC	1
109	108	2	AACAACAAGTTGCCGCTGCTGCCG	1
110	109	2	ACAACAAGTTGCCGCTGCTGCCGG	1
111	110	2	CAACAAGTTGCCGCTGCTGCCGGC	1
112	111	3	AACAAGTTGCCGCTGCTGCCGGCA	1
113	112	3	ACAAGTTGCCGCTGCTGCCGGCAT	1
114	113	3	CAAGTTGCCGCTGCTGCCGGCATT	1
115	114	3	AAGTTGCCGCTGCTGCCGGCATTC	1
116	115	3	AGTTGCCGCTGCTGCCGGCATTCC	1
117	116	3	GTTGCCGCTGCTGCCGGCATTCCC	1
118	117	3	TTGCCGCTGCTGCCGGCATTCCCG	1
119	118	3	TGCCGCTGCTGCCGGCATTCCCGC	1
120	119	2	GCCGCTGCTGCCGGCATTCCCGCT	1
121	120	2	CCGCTGCTGCCGGCATTCCCGCTG	1
122	121	2	CGCTGCTGCCGGCATTCCCGCTGT	1
123	122	2	GCTGCTGCCGGCATTCCCGCTGTT	1
124	123	2	CTGCTGCCGGCATTCCCGCTGTTC	1
125	124	2	TGCTGCCGGCATTCCCGCTGTTCA	1
126	125	2	GCTGCCGGCATTCCCGCTGTTCAA	1
127	126	2	CTGCCGGCATTCCCGCTGTTCAAT	1
128	127	2	TGCCGGCATTCCCGCTGTTCAATA	1
129	128	2	GCCGGCATTCCCGCTGTTCAATAT	1
130	129	2	CCGGCATTCCCGCTGTTCAATATG	1
131	130	2	CGGCATTCCCGCTGTTCAATATGG	1
132	131	2	GGCATTCCCGCTGTTCAATATGGT	1
133	132	2	GCATTCCCGCTGTTCAATATGGTG	1
134	133	2	CATTCCCGCTGTTCAATATGGTGC	1
135	134	2	ATTCCCGCTGTTCAATATGGTGCC	1
136	135	2	TTCCCGCTGTTCAATATGGTGCCA	1
137	136	2	TCCCGCTGTTCAATATGGTGCCAC	1
138	137	2	CCCGCTGTTCAATATGGTGCCACT	1
139	138	2	CCGCTGTTCAATATGGTGCCACTG	1
140	139	2	CGCTGTTCAATATGGTGCCACTGG	1
141	140	1	GCTGTTCAATATGGTGCCACTGGT	1
142	141	2	CTGTTCAATATGGTGCCACTGGTC	1
143	142	2	TGTTCAATATGGTGCCACTGGTCC	1
144	143	2	GTTCAATATGGTGCCACTGGTCCT	1
145	144	2	TTCAATATGGTGCCACTGGTCCTC	1
146	145	2	TCAATATGGTGCCACTGGTCCTCT	1
147	146	2	CAATATGGTGCCACTGGTCCTCTT	1
148	147	2	AATATGGTGCCACTGGTCCTCTTA	1
149	148	2	ATATGGTGCCACTGGTCCTCTTAT	1
150	149	2	TATGGTGCCACTGGTCCTCTTATT	1
151	150	2	ATGGTGCCACTGGTCCTCTTATTT	1
152	151	2	TGGTGCCACTGGTCCTCTTATTTA	1
153	152	2	GGTGCCACTGGTCCTCTTATTTAC	1
154	153	2	GTGCCACTGGTCCTCTTATTTACG	1
155	154	2	TGCCACTGGTCCTCTTATTTACGG	1
156	155	1	GCCACTGGTCCTCTTATTTACGGT	1
157	156	1	CCACTGGTCCTCTTATTTACGGTC	1
158	157	1	CACTGGTCCTCTTATTTACGGTCC	1
159	158	1	ACTGGTCCTCTTATTTACGGTCCT	1
160	159	1	CTGGTCCTCTTATTTACGGTCCTG	1
161	160	1	TGGTCCTCTTATTTACGGTCCTGG	1
162	161	1	GGTCCTCTTATTTACGGTCCTGGT	1
163	162	1	GTCCTCTTATTTACGGTCCTGGTG	1
164	163	1	TCCTCTTATTTACGGTCCTGGTGG	1
165	164	1	CCTCTTATTTACGGTCCTGGTGGT	1
166	165	1	CTCTTATTTACGGTCCTGGTGGTT	1
167	166	1	TCTTATTTACGGTCCTGGTGGTTA	1
168	167	1	CTTATTTACGGTCCTGGTGGTTAT	1
169	168	1	TTATTTACGGTCCTGGTGGTTATC	1
170	169	1	TATTTACGGTCCTGGTGGTTATCC	1
171	170	1	ATTTACGGTCCTGGTGGTTATCCT	1
172	171	1	TTTACGGTCCTGGTGGTTATCCTA	1
173	172	1	TTACGGTCCTGGTGGTTATCCTAT	1
174	173	1	TACGGTCCTGGTGGTTATCCTATT	1
175	174	1	ACGGTCCTGGTGGTTATCCTATTC	1
176	175	1	CGGTCCTGGTGGTTATCCTATTCC	1
177	176	1	GGTCCTGGTGGTTATCCTATTCCT	1
178	177	1	GTCCTGGTGGTTATCCTATTCCTG	1
179	178	1	TCCTGGTGGTTATCCTATTCCTGC	1
180	179	1	CCTGGTGGTTATCCTATTCCTGCT	1
181	180	1	CTGGTGGTTATCCTATTCCTGCTG	1
182	181	1	TGGTGGTTATCCTATTCCTGCTGC	1
183	182	1	GGTGGTTATCCTATTCCTGCTGCC	1
184	183	1	GTGGTTATCCTATTCCTGCTGCCG	1
185	184	1	TGGTTATCCTATTCCTGCTGCCGT	1
186	-1	0	GGTTGACGATGAGCGTCTTAAGGC	1
187	186	1	GTTGACGATGAGCGTCTTAAGGCT	1
188	187	1	TTGACGATGAGCGTCTTAAGGCTG	1
189	188	1	TGACGATGAGCGTCTTAAGGCTGA	1
190	189	1	GACGATGAGCGTCTTAAGGCTGAA	1
191	190	1	ACGATGAGCGTCTTAAGGCTGAAT	1
192	191	1	CGATGAGCGTCTTAAGGCTGAATT	1
193	192	1	GATGAGCGTCTTAAGGCTGAATTT	1
194	193	1	ATGAGCGTCTTAAGGCTGAATTTT	1
195	194	1	TGAGCGTCTTAAGGCTGAATTTTC	1
196	195	1	GAGCGTCTTAAGGCTGAATTTTCT	1
197	196	1	AGCGTCTTAAGGCTGAATTTTCTG	1
198	197	1	GCGTCTTAAGGCTGAATTTTCTGC	1
199	198	1	CGTCTTAAGGCTGAATTTTCTGCC	1
200	199	1	GTCTTAAGGCTGAATTTTCTGCCT	1
201	200	1	TCTTAAGGCTGAATTTTCTGCCTT	1
202	201	1	CTTAAGGCTGAATTTTCTGCCTTT	1
203	202	1	TTAAGGCTGAATTTTCTGCCTTTG	1
204	203	1	TAAGGCTGAATTTTCTGCCTTTGG	1
205	204	1	AAGGCTGAATTTTCTGCCTTTGGA	1
206	205	1	AGGCTGAATTTTCTGCCTTTGGAA	1
207	206	1	GGCTGAATTTTCTGCCTTTGGAAC	1
208	207	1	GCTGAATTTTCTGCCTTTGGAACC	1
209	208	1	CTGAATTTTCTGCCTTTGGAACCA	1
210	209	1	TGAATTTTCTGCCTTTGGAACCAT	1
211	210	1	GAATTTTCTGCCTTTGGAACCATC	1
212	211	1	AATTTTCTGCCTTTGGAACCATCA	1
213	212	1	ATTTTCTGCCTTTGGAACCATCAC	1
214	213	1	TTTTCTGCCTTTGGAACCATCACT	1
215	214	1	TTTCTGCCTTTGGAACCATCACTT	1
216	215	1	TTCTGCCTTTGGAACCATCACTTC	1
217	216	1	TCTGCCTTTGGAACCATCACTTCT	1
218	217	1	CTGCCTTTGGAACCATCACTTCTG	1
219	218	2	TGCCTTTGGAACCATCACTTCTGC	1
220	219	2	GCCTTTGGAACCATCACTTCTGCC	1
221	220	2	CCTTTGGAACCATCACTTCTGCCA	1
222	221	2	CTTTGGAACCATCACTTCTGCCAA	1
223	222	2	TTTGGAACCATCACTTCTGCCAAG	1
224	223	2	TTGGAACCATCACTTCTGCCAAGA	1
225	224	2	TGGAACCATCACTTCTGCCAAGAT	1
226	225	2	GGAACCATCACTTCTGCCAAGATC	1
227	226	2	GAACCATCACTTCTGCCAAGATCA	1
228	227	2	AACCATCACTTCTGCCAAGATCAT	1
229	228	2	ACCATCACTTCTGCCAAGATCATG	1
230	229	2	CCATCACTTCTGCCAAGATCATGA	1
231	230	1	CATCACTTCTGCCAAGATCATGAC	1
232	231	1	ATCACTTCTGCCAAGATCATGACC	1
233	232	1	TCACTTCTGCCAAGATCATGACCG	1
234	233	1	CACTTCTGCCAAGATCATGACCGA	1
235	234	1	ACTTCTGCCAAGATCATGACCGAT	1
236	235	1	CTTCTGCCAAGATCATGACCGATG	1
237	236	1	TTCTGCCAAGATCATGACCGATGA	1
238	237	1	TCTGCCAAGATCATGACCGATGAG	1
239	238	1	CTGCCAAGATCATGACCGATGAGC	1
240	239	1	TGCCAAGATCATGACCGATGAGCA	1
241	240	1	GCCAAGATCATGACCGATGAGCAA	1
242	241	2	CCAAGATCATGACCGATGAGCAAG	1
243	242	2	CAAGATCATGACCGATGAGCAAGG	1
244	243	2	AAGATCATGACCGATGAGCAAGGC	1
245	244	2	AGATCATGACCGATGAGCAAGGCA	1
246	245	2	GATCATGACCGATGAGCAAGGCAA	1
247	246	2	ATCATGACCGATGAGCAAGGCAAG	1
248	247	2	TCATGACCGATGAGCAAGGCAAGT	1
249	248	3	CATGACCGATGAGCAAGGCAAGTC	1
250	249	3	ATGACCGATGAGCAAGGCAAGTCT	1
251	250	3	TGACCGATGAGCAAGGCAAGTCTA	1
252	251	4	GACCGATGAGCAAGGCAAGTCTAA	1
253	252	4	ACCGATGAGCAAGGCAAGTCTAAG	1
254	253	4	CCGATGAGCAAGGCAAGTCTAAGG	1
255	254	4	CGATGAGCAAGGCAAGTCTAAGGG	1
256	255	4	GATGAGCAAGGCAAGTCTAAGGGT	1
257	256	4	ATGAGCAAGGCAAGTCTAAGGGTT	1
258	257	4	TGAGCAAGGCAAGTCTAAGGGTTT	1
259	258	4	GAGCAAGGCAAGTCTAAGGGTTTC	1
260	259	4	AGCAAGGCAAGTCTAAGGGTTTCG	1
261	260	4	GCAAGGCAAGTCTAAGGGTTTCGG	1
262	261	4	CAAGGCAAGTCTAAGGGTTTCGGT	1
263	262	3	AAGGCAAGTCTAAGGGTTTCGGTT	1
264	263	3	AGGCAAGTCTAAGGGTTTCGGTTT	1
265	264	3	GGCAAGTCTAAGGGTTTCGGTTTC	1
266	265	4	GCAAGTCTAAGGGTTTCGGTTTCG	1
267	266	4	CAAGTCTAAGGGTTTCGGTTTCGT	1
268	267	4	AAGTCTAAGGGTTTCGGTTTCGTT	1
269	268	4	AGTCTAAGGGTTTCGGTTTCGTTT	1
270	269	4	GTCTAAGGGTTTCGGTTTCGTTTG	1
271	270	4	TCTAAGGGTTTCGGTTTCGTTTGC	1
272	271	4	CTAAGGGTTTCGGTTTCGTTTGCT	1
273	272	4	TAAGGGTTTCGGTTTCGTTTGCTA	1
274	273	4	AAGGGTTTCGGTTTCGTTTGCTAC	1
275	274	4	AGGGTTTCGGTTTCGTTTGCTACA	1
276	275	4	GGGTTTCGGTTTCGTTTGCTACAC	1
277	276	4	GGTTTCGGTTTCGTTTGCTACACC	1
278	277	4	GTTTCGGTTTCGTTTGCTACACCA	1
279	278	4	TTTCGGTTTCGTTTGCTACACCAC	1
280	279	4	TTCGGTTTCGTTTGCTACACCACT	1
281	280	4	TCGGTTTCGTTTGCTACACCACTC	1
282	281	4	CGGTTTCGTTTGCTACACCACTCC	1
283	282	4	GGTTTCGTTTGCTACACCACTCCT	1
284	283	4	GTTTCGTTTGCTACACCACTCCTG	1
285	284	4	TTTCGTTTGCTACACCACTCCTGA	1
286	285	3	TTCGTTTGCTACACCACTCCTGAG	1
287	286	3	TCGTTTGCTACACCACTCCTGAGG	1
288	287	3	CGTTTGCTACACCACTCCTGAGGA	1
289	288	3	GTTTGCTACACCACTCCTGAGGAG	1
290	289	3	TTTGCTACACCACTCCTGAGGAGG	1
291	290	3	TTGCTACACCACTCCTGAGGAGGC	1
292	291	3	TGCTACACCACTCCTGAGGAGGCC	1
293	292	2	GCTACACCACTCCTGAGGAGGCCA	1
294	293	2	CTACACCACTCCTGAGGAGGCCAA	1
295	294	2	TACACCACTCCTGAGGAGGCCAAC	1
296	295	1	ACACCACTCCTGAGGAGGCCAACA	1
297	296	1	CACCACTCCTGAGGAGGCCAACAA	1
298	297	1	ACCACTCCTGAGGAGGCCAACAAG	1
299	298	1	CCACTCCTGAGGAGGCCAACAAGG	1
300	299	1	CACTCCTGAGGAGGCCAACAAGGC	1
301	300	1	ACTCCTGAGGAGGCCAACAAGGCT	1
302	301	1	CTCCTGAGGAGGCCAACAAGGCTG	1
303	302	1	TCCTGAGGAGGCCAACAAGGCTGT	1
304	303	1	CCTGAGGAGGCCAACAAGGCTGTT	1
305	304	1	CTGAGGAGGCCAACAAGGCTGTTA	1
306	305	1	TGAGGAGGCCAACAAGGCTGTTAC	1
307	306	1	GAGGAGGCCAACAAGGCTGTTACT	1
308	307	1	AGGAGGCCAACAAGGCTGTTACTG	1
309	308	1	GGAGGCCAACAAGGCTGTTACTGA	1
310	-1	0	CTGGCATGCCCACTCAGTTCCCTG	1
311	310	1	TGGCATGCCCACTCAGTTCCCTGC	1
312	311	1	GGCATGCCCACTCAGTTCCCTGCT	1
313	312	2	GCATGCCCACTCAGTTCCCTGCTG	1
314	313	3	CATGCCCACTCAGTTCCCTGCTGG	1
315	314	3	ATGCCCACTCAGTTCCCTGCTGGA	1
316	315	3	TGCCCACTCAGTTCCCTGCTGGAG	1
317	316	4	GCCCACTCAGTTCCCTGCTGGAGG	1
318	317	5	CCCACTCAGTTCCCTGCTGGAGGT	1
319	318	5	CCACTCAGTTCCCTGCTGGAGGTC	1
320	319	5	CACTCAGTTCCCTGCTGGAGGTCC	1
321	320	5	ACTCAGTTCCCTGCTGGAGGTCCC	1
322	321	5	CTCAGTTCCCTGCTGGAGGTCCCG	1
323	322	5	TCAGTTCCCTGCTGGAGGTCCCGC	1
324	323	5	CAGTTCCCTGCTGGAGGTCCCGCC	1
325	324	5	AGTTCCCTGCTGGAGGTCCCGCCC	1
326	325	5	GTTCCCTGCTGGAGGTCCCGCCCC	1
327	326	5	TTCCCTGCTGGAGGTCCCGCCCCT	1
328	327	5	TCCCTGCTGGAGGTCCCGCCCCTG	1
329	328	6	CCCTGCTGGAGGTCCCGCCCCTGG	1
330	329	6	CCTGCTGGAGGTCCCGCCCCTGGC	1
331	330	6	CTGCTGGAGGTCCCGCCCCTGGCT	1
332	331	6	TGCTGGAGGTCCCGCCCCTGGCTA	1
333	332	6	GCTGGAGGTCCCGCCCCTGGCTAT	1
334	333	6	CTGGAGGTCCCGCCCCTGGCTATC	1
335	334	6	TGGAGGTCCCGCCCCTGGCTATCC	1
336	335	6	GGAGGTCCCGCCCCTGGCTATCCC	1
337	336	6	GAGGTCCCGCCCCTGGCTATCCCG	1
338	337	6	AGGTCCCGCCCCTGGCTATCCCGG	1
339	338	6	GGTCCCGCCCCTGGCTATCCCGGT	1
340	339	7	GTCCCGCCCCTGGCTATCCCGGTA	1
341	340	7	TCCCGCCCCTGGCTATCCCGGTAT	1
342	341	7	CCCGCCCCTGGCTATCCCGGTATG	1
343	342	6	CCGCCCCTGGCTATCCCGGTATGA	1
344	343	6	CGCCCCTGGCTATCCCGGTATGAA	1
345	344	6	GCCCCTGGCTATCCCGGTATGAAC	1
346	345	6	CCCCTGGCTATCCCGGTATGAACG	1
347	346	6	CCCTGGCTATCCCGGTATGAACGC	1
348	347	6	CCTGGCTATCCCGGTATGAACGCT	1
349	348	6	CTGGCTATCCCGGTATGAACGCTC	1
350	349	6	TGGCTATCCCGGTATGAACGCTCG	1
351	350	6	GGCTATCCCGGTATGAACGCTCGC	1
352	351	6	GCTATCCCGGTATGAACGCTCGCG	1
353	352	6	CTATCCCGGTATGAACGCTCGCGG	1
354	353	6	TATCCCGGTATGAACGCTCGCGGT	1
355	354	5	ATCCCGGTATGAACGCTCGCGGTC	1
356	355	5	TCCCGGTATGAACGCTCGCGGTCC	1
357	356	4	CCCGGTATGAACGCTCGCGGTCCC	1
358	357	3	CCGGTATGAACGCTCGCGGTCCCG	1
359	358	2	CGGTATGAACGCTCGCGGTCCCGT	1
360	359	2	GGTATGAACGCTCGCGGTCCCGTC	1
361	360	2	GTATGAACGCTCGCGGTCCCGTCC	1
362	361	1	TATGAACGCTCGCGGTCCCGTCCC	1
363	362	1	ATGAACGCTCGCGGTCCCGTCCCC	1
364	363	1	TGAACGCTCGCGGTCCCGTCCCCG	1
365	364	1	GAACGCTCGCGGTCCCGTCCCCGC	1
366	365	1	AACGCTCGCGGTCCCGTCCCCGCT	1
367	366	1	ACGCTCGCGGTCCCGTCCCCGCTC	1
368	367	1	CGCTCGCGGTCCCGTCCCCGCTCA	1
369	368	1	GCTCGCGGTCCCGTCCCCGCTCAA	1
370	369	2	CTCGCGGTCCCGTCCCCGCTCAAG	1
371	370	2	TCGCGGTCCCGTCCCCGCTCAAGG	1
372	371	2	CGCGGTCCCGTCCCCGCTCAAGGC	1
373	372	1	GCGGTCCCGTCCCCGCTCAAGGCC	1
374	373	1	CGGTCCCGTCCCCGCTCAAGGCCG	1
375	374	1	GGTCCCGTCCCCGCTCAAGGCCGT	1
376	375	1	GTCCCGTCCCCGCTCAAGGCCGTC	1
377	376	1	TCCCGTCCCCGCTCAAGGCCGTCC	1
378	377	1	CCCGTCCCCGCTCAAGGCCGTCCT	1
379	378	1	CCGTCCCCGCTCAAGGCCGTCCTA	1
380	379	1	CGTCCCCGCTCAAGGCCGTCCTAT	1
381	380	1	GTCCCCGCTCAAGGCCGTCCTATG	1
382	381	1	TCCCCGCTCAAGGCCGTCCTATGA	1
383	382	1	CCCCGCTCAAGGCCGTCCTATGAT	1
384	383	1	CCCGCTCAAGGCCGTCCTATGATG	1
385	384	1	CCGCTCAAGGCCGTCCTATGATGA	1
386	385	1	CGCTCAAGGCCGTCCTATGATGAT	1
387	386	1	GCTCAAGGCCGTCCTATGATGATG	1
388	387	1	CTCAAGGCCGTCCTATGATGATGC	1
389	388	1	TCAAGGCCGTCCTATGATGATGCC	1
390	389	1	CAAGGCCGTCCTATGATGATGCCT	1
391	390	1	AAGGCCGTCCTATGATGATGCCTG	1
392	391	1	AGGCCGTCCTATGATGATGCCTGG	1
393	392	1	GGCCGTCCTATGATGATGCCTGGT	1
394	393	1	GCCGTCCTATGATGATGCCTGGTT	1
395	394	1	CCGTCCTATGATGATGCCTGGTTC	1
396	395	1	CGTCCTATGATGATGCCTGGTTCC	1
397	396	1	GTCCTATGATGATGCCTGGTTCCG	1
398	397	1	TCCTATGATGATGCCTGGTTCCGT	1
399	398	1	CCTATGATGATGCCTGGTTCCGTT	1
400	399	1	CTATGATGATGCCTGGTTCCGTTC	1
401	400	1	TATGATGATGCCTGGTTCCGTTCC	1
402	401	1	ATGATGATGCCTGGTTCCGTTCCT	1
403	402	1	TGATGATGCCTGGTTCCGTTCCTT	1
404	403	1	GATGATGCCTGGTTCCGTTCCTTC	1
405	404	1	ATGATGCCTGGTTCCGTTCCTTCT	1
406	405	1	TGATGCCTGGTTCCGTTCCTTCTG	1
407	406	1	GATGCCTGGTTCCGTTCCTTCTGC	1
408	407	1	ATGCCTGGTTCCGTTCCTTCTGCT	1
409	408	1	TGCCTGGTTCCGTTCCTTCTGCTG	1
410	409	1	GCCTGGTTCCGTTCCTTCTGCTGG	1
411	410	1	CCTGGTTCCGTTCCTTCTGCTGGT	1
412	411	1	CTGGTTCCGTTCCTTCTGCTGGTC	1
413	412	1	TGGTTCCGTTCCTTCTGCTGGTCC	1
