Component 433
1	-1	0	CGATACAGCATATACGCAAACCTT	1
2	1	1	GATACAGCATATACGCAAACCTTG	1
3	2	1	ATACAGCATATACGCAAACCTTGC	1
4	3	1	TACAGCATATACGCAAACCTTGCC	1
5	4	1	ACAGCATATACGCAAACCTTGCCC	1
6	5	2	CAGCATATACGCAAACCTTGCCCT	1
7	6	2	AGCATATACGCAAACCTTGCCCTT	1
8	7	2	GCATATACGCAAACCTTGCCCTTG	1
9	8	3	CATATACGCAAACCTTGCCCTTGT	1
10	9	4	ATATACGCAAACCTTGCCCTTGTA	1
11	10	5	TATACGCAAACCTTGCCCTTGTAG	1
12	11	5	ATACGCAAACCTTGCCCTTGTAGC	1
13	12	5	TACGCAAACCTTGCCCTTGTAGCT	1
14	13	5	ACGCAAACCTTGCCCTTGTAGCTT	1
15	14	5	CGCAAACCTTGCCCTTGTAGCTTT	1
16	15	5	GCAAACCTTGCCCTTGTAGCTTTG	1
17	16	5	CAAACCTTGCCCTTGTAGCTTTGA	1
18	17	5	AAACCTTGCCCTTGTAGCTTTGAA	1
19	18	5	AACCTTGCCCTTGTAGCTTTGAAG	1
20	19	5	ACCTTGCCCTTGTAGCTTTGAAGC	1
21	20	5	CCTTGCCCTTGTAGCTTTGAAGCA	1
22	21	5	CTTGCCCTTGTAGCTTTGAAGCAG	1
23	22	5	TTGCCCTTGTAGCTTTGAAGCAGA	1
24	23	6	TGCCCTTGTAGCTTTGAAGCAGAA	1
25	24	6	GCCCTTGTAGCTTTGAAGCAGAAC	1
26	25	6	CCCTTGTAGCTTTGAAGCAGAACA	1
27	26	6	CCTTGTAGCTTTGAAGCAGAACAA	1
28	27	6	CTTGTAGCTTTGAAGCAGAACAAA	1
29	28	7	TTGTAGCTTTGAAGCAGAACAAAC	1
30	29	7	TGTAGCTTTGAAGCAGAACAAACC	1
31	30	7	GTAGCTTTGAAGCAGAACAAACCT	1
32	31	7	TAGCTTTGAAGCAGAACAAACCTC	1
33	32	7	AGCTTTGAAGCAGAACAAACCTCA	1
34	33	7	GCTTTGAAGCAGAACAAACCTCAG	1
35	34	7	CTTTGAAGCAGAACAAACCTCAGG	1
36	35	7	TTTGAAGCAGAACAAACCTCAGGA	1
37	36	7	TTGAAGCAGAACAAACCTCAGGAA	1
38	37	7	TGAAGCAGAACAAACCTCAGGAAG	1
39	38	7	GAAGCAGAACAAACCTCAGGAAGC	1
40	39	8	AAGCAGAACAAACCTCAGGAAGCT	1
41	40	8	AGCAGAACAAACCTCAGGAAGCTA	1
42	41	8	GCAGAACAAACCTCAGGAAGCTAT	1
43	42	8	CAGAACAAACCTCAGGAAGCTATT	1
44	43	8	AGAACAAACCTCAGGAAGCTATTC	1
45	44	8	GAACAAACCTCAGGAAGCTATTCG	1
46	45	7	AACAAACCTCAGGAAGCTATTCGA	1
47	46	7	ACAAACCTCAGGAAGCTATTCGAA	1
48	47	7	CAAACCTCAGGAAGCTATTCGAAA	1
49	48	8	AAACCTCAGGAAGCTATTCGAAAC	1
50	49	7	AACCTCAGGAAGCTATTCGAAACG	1
51	50	7	ACCTCAGGAAGCTATTCGAAACGC	1
52	51	7	CCTCAGGAAGCTATTCGAAACGCC	1
53	52	6	CTCAGGAAGCTATTCGAAACGCCA	1
54	53	5	TCAGGAAGCTATTCGAAACGCCAA	1
55	54	4	CAGGAAGCTATTCGAAACGCCAAC	1
56	55	4	AGGAAGCTATTCGAAACGCCAACA	1
57	56	4	GGAAGCTATTCGAAACGCCAACAT	1
58	57	4	GAAGCTATTCGAAACGCCAACATT	1
59	58	4	AAGCTATTCGAAACGCCAACATTG	1
60	59	4	AGCTATTCGAAACGCCAACATTGT	1
61	60	4	GCTATTCGAAACGCCAACATTGTA	1
62	61	4	CTATTCGAAACGCCAACATTGTAA	1
63	62	4	TATTCGAAACGCCAACATTGTAAT	1
64	63	4	ATTCGAAACGCCAACATTGTAATT	1
65	64	4	TTCGAAACGCCAACATTGTAATTG	1
66	65	4	TCGAAACGCCAACATTGTAATTGA	1
67	66	4	CGAAACGCCAACATTGTAATTGAG	1
68	67	3	GAAACGCCAACATTGTAATTGAGG	1
69	68	3	AAACGCCAACATTGTAATTGAGGC	1
70	69	3	AACGCCAACATTGTAATTGAGGCC	1
71	70	3	ACGCCAACATTGTAATTGAGGCCA	1
72	71	3	CGCCAACATTGTAATTGAGGCCAG	1
73	72	2	GCCAACATTGTAATTGAGGCCAGT	1
74	73	2	CCAACATTGTAATTGAGGCCAGTA	1
75	74	2	CAACATTGTAATTGAGGCCAGTAA	1
76	75	2	AACATTGTAATTGAGGCCAGTAAC	1
77	76	2	ACATTGTAATTGAGGCCAGTAACT	1
78	77	2	CATTGTAATTGAGGCCAGTAACTC	1
79	78	2	ATTGTAATTGAGGCCAGTAACTCT	1
80	79	2	TTGTAATTGAGGCCAGTAACTCTA	1
81	80	2	TGTAATTGAGGCCAGTAACTCTAC	1
82	81	2	GTAATTGAGGCCAGTAACTCTACT	1
83	82	2	TAATTGAGGCCAGTAACTCTACTG	1
84	83	1	AATTGAGGCCAGTAACTCTACTGA	1
85	84	1	ATTGAGGCCAGTAACTCTACTGAG	1
86	85	1	TTGAGGCCAGTAACTCTACTGAGT	1
87	86	1	TGAGGCCAGTAACTCTACTGAGTT	1
88	87	1	GAGGCCAGTAACTCTACTGAGTTA	1
89	88	1	AGGCCAGTAACTCTACTGAGTTAG	1
90	89	1	GGCCAGTAACTCTACTGAGTTAGA	1
91	90	1	GCCAGTAACTCTACTGAGTTAGAG	1
92	91	1	CCAGTAACTCTACTGAGTTAGAGA	1
93	-1	0	CACGAAATGAGTACTTACGCCTAT	1
94	93	1	ACGAAATGAGTACTTACGCCTATT	1
95	94	1	CGAAATGAGTACTTACGCCTATTT	1
96	95	1	GAAATGAGTACTTACGCCTATTTT	1
97	96	1	AAATGAGTACTTACGCCTATTTTA	1
98	97	1	AATGAGTACTTACGCCTATTTTAA	1
99	98	1	ATGAGTACTTACGCCTATTTTAAA	1
100	99	1	TGAGTACTTACGCCTATTTTAAAA	1
101	100	1	GAGTACTTACGCCTATTTTAAAAT	1
102	101	2	AGTACTTACGCCTATTTTAAAATT	1
103	102	2	GTACTTACGCCTATTTTAAAATTA	1
104	103	2	TACTTACGCCTATTTTAAAATTAG	1
105	104	2	ACTTACGCCTATTTTAAAATTAGC	1
106	105	2	CTTACGCCTATTTTAAAATTAGCA	1
107	106	3	TTACGCCTATTTTAAAATTAGCAT	1
108	107	3	TACGCCTATTTTAAAATTAGCATT	1
109	108	3	ACGCCTATTTTAAAATTAGCATTG	1
110	109	3	CGCCTATTTTAAAATTAGCATTGA	1
111	110	3	GCCTATTTTAAAATTAGCATTGAT	1
112	111	3	CCTATTTTAAAATTAGCATTGATG	1
113	112	3	CTATTTTAAAATTAGCATTGATGG	1
114	113	3	TATTTTAAAATTAGCATTGATGGT	1
115	114	3	ATTTTAAAATTAGCATTGATGGTA	1
116	115	3	TTTTAAAATTAGCATTGATGGTAA	1
117	116	3	TTTAAAATTAGCATTGATGGTAAA	1
118	117	3	TTAAAATTAGCATTGATGGTAAAA	1
119	118	3	TAAAATTAGCATTGATGGTAAAAT	1
120	119	3	AAAATTAGCATTGATGGTAAAATT	1
121	120	4	AAATTAGCATTGATGGTAAAATTC	1
122	121	4	AATTAGCATTGATGGTAAAATTCA	1
123	122	4	ATTAGCATTGATGGTAAAATTCAA	1
124	123	4	TTAGCATTGATGGTAAAATTCAAC	1
125	124	4	TAGCATTGATGGTAAAATTCAACC	1
126	125	4	AGCATTGATGGTAAAATTCAACCA	1
127	126	4	GCATTGATGGTAAAATTCAACCAA	1
128	127	4	CATTGATGGTAAAATTCAACCAAC	1
129	128	4	ATTGATGGTAAAATTCAACCAACA	1
130	129	4	TTGATGGTAAAATTCAACCAACAA	1
131	130	4	TGATGGTAAAATTCAACCAACAAT	1
132	131	4	GATGGTAAAATTCAACCAACAATC	1
133	132	4	ATGGTAAAATTCAACCAACAATCT	1
134	133	4	TGGTAAAATTCAACCAACAATCTA	1
135	134	4	GGTAAAATTCAACCAACAATCTAC	1
136	135	4	GTAAAATTCAACCAACAATCTACT	1
137	136	4	TAAAATTCAACCAACAATCTACTT	1
138	137	3	AAAATTCAACCAACAATCTACTTT	1
139	138	3	AAATTCAACCAACAATCTACTTTG	1
140	139	3	AATTCAACCAACAATCTACTTTGA	1
141	140	3	ATTCAACCAACAATCTACTTTGAA	1
142	141	3	TTCAACCAACAATCTACTTTGAAC	1
143	142	3	TCAACCAACAATCTACTTTGAACT	1
144	143	3	CAACCAACAATCTACTTTGAACTT	1
145	144	3	AACCAACAATCTACTTTGAACTTT	1
146	145	2	ACCAACAATCTACTTTGAACTTTT	1
147	146	2	CCAACAATCTACTTTGAACTTTTC	1
148	147	2	CAACAATCTACTTTGAACTTTTCG	1
149	148	2	AACAATCTACTTTGAACTTTTCGA	1
150	149	2	ACAATCTACTTTGAACTTTTCGAC	1
151	150	1	CAATCTACTTTGAACTTTTCGACA	1
152	151	1	AATCTACTTTGAACTTTTCGACAA	1
153	152	1	ATCTACTTTGAACTTTTCGACAAC	1
154	153	1	TCTACTTTGAACTTTTCGACAACG	1
155	154	1	CTACTTTGAACTTTTCGACAACGT	1
156	155	1	TACTTTGAACTTTTCGACAACGTA	1
157	156	1	ACTTTGAACTTTTCGACAACGTAG	1
158	157	1	CTTTGAACTTTTCGACAACGTAGT	1
159	158	1	TTTGAACTTTTCGACAACGTAGTT	1
160	159	1	TTGAACTTTTCGACAACGTAGTTC	1
161	160	2	TGAACTTTTCGACAACGTAGTTCC	1
162	161	2	GAACTTTTCGACAACGTAGTTCCC	1
163	162	2	AACTTTTCGACAACGTAGTTCCCA	1
164	163	3	ACTTTTCGACAACGTAGTTCCCAA	1
165	164	2	CTTTTCGACAACGTAGTTCCCAAA	1
166	165	2	TTTTCGACAACGTAGTTCCCAAAA	1
167	166	2	TTTCGACAACGTAGTTCCCAAAAC	1
168	167	3	TTCGACAACGTAGTTCCCAAAACT	1
169	168	3	TCGACAACGTAGTTCCCAAAACTG	1
170	169	4	CGACAACGTAGTTCCCAAAACTGT	1
171	170	4	GACAACGTAGTTCCCAAAACTGTC	1
172	171	4	ACAACGTAGTTCCCAAAACTGTCA	1
173	172	4	CAACGTAGTTCCCAAAACTGTCAA	1
174	173	4	AACGTAGTTCCCAAAACTGTCAAA	1
175	174	4	ACGTAGTTCCCAAAACTGTCAAAA	1
176	175	5	CGTAGTTCCCAAAACTGTCAAAAA	1
177	176	5	GTAGTTCCCAAAACTGTCAAAAAC	1
178	177	6	TAGTTCCCAAAACTGTCAAAAACT	1
179	178	6	AGTTCCCAAAACTGTCAAAAACTT	1
180	179	6	GTTCCCAAAACTGTCAAAAACTTT	1
181	180	6	TTCCCAAAACTGTCAAAAACTTTG	1
182	181	6	TCCCAAAACTGTCAAAAACTTTGC	1
183	182	6	CCCAAAACTGTCAAAAACTTTGCT	1
184	183	6	CCAAAACTGTCAAAAACTTTGCTT	1
185	184	6	CAAAACTGTCAAAAACTTTGCTTC	1
186	185	6	AAAACTGTCAAAAACTTTGCTTCG	1
187	186	6	AAACTGTCAAAAACTTTGCTTCGT	1
188	187	6	AACTGTCAAAAACTTTGCTTCGTT	1
189	188	6	ACTGTCAAAAACTTTGCTTCGTTG	1
190	189	6	CTGTCAAAAACTTTGCTTCGTTGT	1
191	190	6	TGTCAAAAACTTTGCTTCGTTGTG	1
192	191	7	GTCAAAAACTTTGCTTCGTTGTGT	1
193	192	7	TCAAAAACTTTGCTTCGTTGTGTA	1
194	193	7	CAAAAACTTTGCTTCGTTGTGTAA	1
195	194	9	AAAAACTTTGCTTCGTTGTGTAAT	1
196	195	9	AAAACTTTGCTTCGTTGTGTAATG	1
197	196	9	AAACTTTGCTTCGTTGTGTAATGG	1
198	197	9	AACTTTGCTTCGTTGTGTAATGGG	1
199	198	9	ACTTTGCTTCGTTGTGTAATGGGT	1
200	199	9	CTTTGCTTCGTTGTGTAATGGGTT	1
201	200	9	TTTGCTTCGTTGTGTAATGGGTTT	1
202	201	9	TTGCTTCGTTGTGTAATGGGTTTG	1
203	202	9	TGCTTCGTTGTGTAATGGGTTTGA	1
204	203	9	GCTTCGTTGTGTAATGGGTTTGAG	1
205	204	8	CTTCGTTGTGTAATGGGTTTGAGA	1
206	205	8	TTCGTTGTGTAATGGGTTTGAGAA	1
207	206	8	TCGTTGTGTAATGGGTTTGAGAAG	1
208	207	7	CGTTGTGTAATGGGTTTGAGAAGG	1
209	208	7	GTTGTGTAATGGGTTTGAGAAGGA	1
210	209	7	TTGTGTAATGGGTTTGAGAAGGAT	1
211	210	7	TGTGTAATGGGTTTGAGAAGGATG	1
212	211	6	GTGTAATGGGTTTGAGAAGGATGG	1
213	212	6	TGTAATGGGTTTGAGAAGGATGGC	1
214	213	5	GTAATGGGTTTGAGAAGGATGGCC	1
215	214	5	TAATGGGTTTGAGAAGGATGGCCG	1
216	215	5	AATGGGTTTGAGAAGGATGGCCGT	1
217	216	5	ATGGGTTTGAGAAGGATGGCCGTT	1
218	217	5	TGGGTTTGAGAAGGATGGCCGTTG	1
219	218	5	GGGTTTGAGAAGGATGGCCGTTGT	1
220	219	4	GGTTTGAGAAGGATGGCCGTTGTT	1
221	220	4	GTTTGAGAAGGATGGCCGTTGTTT	1
222	221	3	TTTGAGAAGGATGGCCGTTGTTTA	1
223	222	3	TTGAGAAGGATGGCCGTTGTTTAA	1
224	223	3	TGAGAAGGATGGCCGTTGTTTAAC	1
225	224	3	GAGAAGGATGGCCGTTGTTTAACC	1
226	225	3	AGAAGGATGGCCGTTGTTTAACCT	1
227	226	3	GAAGGATGGCCGTTGTTTAACCTA	1
228	227	3	AAGGATGGCCGTTGTTTAACCTAC	1
229	228	3	AGGATGGCCGTTGTTTAACCTACA	1
230	229	3	GGATGGCCGTTGTTTAACCTACAA	1
231	230	3	GATGGCCGTTGTTTAACCTACAAA	1
232	231	4	ATGGCCGTTGTTTAACCTACAAAG	1
233	232	4	TGGCCGTTGTTTAACCTACAAAGG	1
234	233	4	GGCCGTTGTTTAACCTACAAAGGT	1
235	234	4	GCCGTTGTTTAACCTACAAAGGTT	1
236	235	3	CCGTTGTTTAACCTACAAAGGTTC	1
237	236	3	CGTTGTTTAACCTACAAAGGTTCA	1
238	237	3	GTTGTTTAACCTACAAAGGTTCAA	1
239	238	1	TTGTTTAACCTACAAAGGTTCAAG	1
240	239	1	TGTTTAACCTACAAAGGTTCAAGG	1
241	240	3	GTTTAACCTACAAAGGTTCAAGGT	1
242	241	3	TTTAACCTACAAAGGTTCAAGGTT	1
243	242	3	TTAACCTACAAAGGTTCAAGGTTC	1
244	243	3	TAACCTACAAAGGTTCAAGGTTCC	1
245	244	3	AACCTACAAAGGTTCAAGGTTCCA	1
246	245	3	ACCTACAAAGGTTCAAGGTTCCAT	1
247	246	3	CCTACAAAGGTTCAAGGTTCCATC	1
248	247	3	CTACAAAGGTTCAAGGTTCCATCG	1
249	248	3	TACAAAGGTTCAAGGTTCCATCGA	1
250	249	3	ACAAAGGTTCAAGGTTCCATCGAG	1
251	250	3	CAAAGGTTCAAGGTTCCATCGAGT	1
252	251	3	AAAGGTTCAAGGTTCCATCGAGTA	1
253	252	3	AAGGTTCAAGGTTCCATCGAGTAA	1
254	253	3	AGGTTCAAGGTTCCATCGAGTAAT	1
255	254	3	GGTTCAAGGTTCCATCGAGTAATT	1
256	255	3	GTTCAAGGTTCCATCGAGTAATTA	1
257	256	3	TTCAAGGTTCCATCGAGTAATTAA	1
258	257	3	TCAAGGTTCCATCGAGTAATTAAG	1
259	258	3	CAAGGTTCCATCGAGTAATTAAGA	1
260	259	3	AAGGTTCCATCGAGTAATTAAGAA	1
261	260	2	AGGTTCCATCGAGTAATTAAGAAC	1
262	261	2	GGTTCCATCGAGTAATTAAGAACT	1
263	262	2	GTTCCATCGAGTAATTAAGAACTT	1
264	263	2	TTCCATCGAGTAATTAAGAACTTT	1
265	264	2	TCCATCGAGTAATTAAGAACTTTA	1
266	265	2	CCATCGAGTAATTAAGAACTTTAT	1
267	266	2	CATCGAGTAATTAAGAACTTTATG	1
268	267	2	ATCGAGTAATTAAGAACTTTATGC	1
269	268	2	TCGAGTAATTAAGAACTTTATGCT	1
270	269	2	CGAGTAATTAAGAACTTTATGCTT	1
271	270	2	GAGTAATTAAGAACTTTATGCTTC	1
272	271	2	AGTAATTAAGAACTTTATGCTTCA	1
273	272	2	GTAATTAAGAACTTTATGCTTCAA	1
274	273	2	TAATTAAGAACTTTATGCTTCAAG	1
275	274	2	AATTAAGAACTTTATGCTTCAAGG	1
276	275	1	ATTAAGAACTTTATGCTTCAAGGT	1
277	276	1	TTAAGAACTTTATGCTTCAAGGTG	1
278	277	1	TAAGAACTTTATGCTTCAAGGTGG	1
279	278	1	AAGAACTTTATGCTTCAAGGTGGT	1
280	279	1	AGAACTTTATGCTTCAAGGTGGTG	1
281	280	1	GAACTTTATGCTTCAAGGTGGTGA	1
282	281	2	AACTTTATGCTTCAAGGTGGTGAC	1
283	282	2	ACTTTATGCTTCAAGGTGGTGACT	1
284	283	2	CTTTATGCTTCAAGGTGGTGACTT	1
285	284	1	TTTATGCTTCAAGGTGGTGACTTT	1
286	285	1	TTATGCTTCAAGGTGGTGACTTTA	1
287	286	1	TATGCTTCAAGGTGGTGACTTTAC	1
288	287	1	ATGCTTCAAGGTGGTGACTTTACT	1
289	288	1	TGCTTCAAGGTGGTGACTTTACTC	1
290	289	1	GCTTCAAGGTGGTGACTTTACTCG	1
291	290	1	CTTCAAGGTGGTGACTTTACTCGT	1
292	291	1	TTCAAGGTGGTGACTTTACTCGTG	1
293	292	1	TCAAGGTGGTGACTTTACTCGTGG	1
294	293	1	CAAGGTGGTGACTTTACTCGTGGT	1
295	294	1	AAGGTGGTGACTTTACTCGTGGTA	1
296	295	1	AGGTGGTGACTTTACTCGTGGTAA	1
297	296	1	GGTGGTGACTTTACTCGTGGTAAT	1
298	297	1	GTGGTGACTTTACTCGTGGTAATG	1
299	298	2	TGGTGACTTTACTCGTGGTAATGG	1
300	299	2	GGTGACTTTACTCGTGGTAATGGA	1
301	300	2	GTGACTTTACTCGTGGTAATGGAA	1
302	301	2	TGACTTTACTCGTGGTAATGGAAC	1
303	302	2	GACTTTACTCGTGGTAATGGAACG	1
304	303	2	ACTTTACTCGTGGTAATGGAACGG	1
305	304	2	CTTTACTCGTGGTAATGGAACGGG	1
306	305	3	TTTACTCGTGGTAATGGAACGGGT	1
307	306	3	TTACTCGTGGTAATGGAACGGGTG	1
308	307	3	TACTCGTGGTAATGGAACGGGTGG	1
309	308	3	ACTCGTGGTAATGGAACGGGTGGA	1
310	309	3	CTCGTGGTAATGGAACGGGTGGAG	1
311	310	3	TCGTGGTAATGGAACGGGTGGAGA	1
312	311	3	CGTGGTAATGGAACGGGTGGAGAA	1
313	312	3	GTGGTAATGGAACGGGTGGAGAAA	1
314	313	3	TGGTAATGGAACGGGTGGAGAAAG	1
315	314	4	GGTAATGGAACGGGTGGAGAAAGC	1
316	315	4	GTAATGGAACGGGTGGAGAAAGCA	1
317	316	4	TAATGGAACGGGTGGAGAAAGCAT	1
318	317	4	AATGGAACGGGTGGAGAAAGCATC	1
319	318	4	ATGGAACGGGTGGAGAAAGCATCT	1
320	319	4	TGGAACGGGTGGAGAAAGCATCTA	1
321	320	4	GGAACGGGTGGAGAAAGCATCTAC	1
322	321	4	GAACGGGTGGAGAAAGCATCTACG	1
323	322	4	AACGGGTGGAGAAAGCATCTACGG	1
324	323	4	ACGGGTGGAGAAAGCATCTACGGC	1
325	324	4	CGGGTGGAGAAAGCATCTACGGCG	1
326	325	3	GGGTGGAGAAAGCATCTACGGCGA	1
327	326	3	GGTGGAGAAAGCATCTACGGCGAG	1
328	327	3	GTGGAGAAAGCATCTACGGCGAGA	1
329	328	3	TGGAGAAAGCATCTACGGCGAGAA	1
330	329	3	GGAGAAAGCATCTACGGCGAGAAG	1
331	330	3	GAGAAAGCATCTACGGCGAGAAGT	1
332	331	3	AGAAAGCATCTACGGCGAGAAGTT	1
333	332	3	GAAAGCATCTACGGCGAGAAGTTT	1
334	333	3	AAAGCATCTACGGCGAGAAGTTTG	1
335	334	3	AAGCATCTACGGCGAGAAGTTTGA	1
336	335	3	AGCATCTACGGCGAGAAGTTTGAG	1
337	336	3	GCATCTACGGCGAGAAGTTTGAGG	1
338	337	3	CATCTACGGCGAGAAGTTTGAGGA	1
339	338	3	ATCTACGGCGAGAAGTTTGAGGAC	1
340	339	3	TCTACGGCGAGAAGTTTGAGGACG	1
341	340	3	CTACGGCGAGAAGTTTGAGGACGA	1
342	341	3	TACGGCGAGAAGTTTGAGGACGAG	1
343	342	2	ACGGCGAGAAGTTTGAGGACGAGA	1
344	343	2	CGGCGAGAAGTTTGAGGACGAGAA	1
345	344	2	GGCGAGAAGTTTGAGGACGAGAAC	1
346	345	2	GCGAGAAGTTTGAGGACGAGAACT	1
347	346	2	CGAGAAGTTTGAGGACGAGAACTT	1
348	347	2	GAGAAGTTTGAGGACGAGAACTTT	1
349	348	2	AGAAGTTTGAGGACGAGAACTTTG	1
350	349	1	GAAGTTTGAGGACGAGAACTTTGA	1
351	350	2	AAGTTTGAGGACGAGAACTTTGAG	1
352	351	2	AGTTTGAGGACGAGAACTTTGAGC	1
353	352	2	GTTTGAGGACGAGAACTTTGAGCT	1
354	353	2	TTTGAGGACGAGAACTTTGAGCTC	1
355	354	2	TTGAGGACGAGAACTTTGAGCTCA	1
356	355	3	TGAGGACGAGAACTTTGAGCTCAA	1
357	356	3	GAGGACGAGAACTTTGAGCTCAAG	1
358	357	3	AGGACGAGAACTTTGAGCTCAAGC	1
359	358	2	GGACGAGAACTTTGAGCTCAAGCA	1
360	359	2	GACGAGAACTTTGAGCTCAAGCAT	1
361	360	2	ACGAGAACTTTGAGCTCAAGCATG	1
362	361	2	CGAGAACTTTGAGCTCAAGCATGA	1
363	362	3	GAGAACTTTGAGCTCAAGCATGAT	1
364	363	3	AGAACTTTGAGCTCAAGCATGATA	1
365	364	4	GAACTTTGAGCTCAAGCATGATAA	1
366	365	5	AACTTTGAGCTCAAGCATGATAAG	1
367	366	5	ACTTTGAGCTCAAGCATGATAAGC	1
368	367	5	CTTTGAGCTCAAGCATGATAAGCC	1
369	368	5	TTTGAGCTCAAGCATGATAAGCCT	1
370	369	5	TTGAGCTCAAGCATGATAAGCCTT	1
371	370	5	TGAGCTCAAGCATGATAAGCCTTT	1
372	371	5	GAGCTCAAGCATGATAAGCCTTTC	1
373	372	5	AGCTCAAGCATGATAAGCCTTTCT	1
374	373	5	GCTCAAGCATGATAAGCCTTTCTT	1
375	374	5	CTCAAGCATGATAAGCCTTTCTTG	1
376	375	5	TCAAGCATGATAAGCCTTTCTTGC	1
377	376	5	CAAGCATGATAAGCCTTTCTTGCT	1
378	377	5	AAGCATGATAAGCCTTTCTTGCTT	1
379	378	5	AGCATGATAAGCCTTTCTTGCTTT	1
380	379	5	GCATGATAAGCCTTTCTTGCTTTC	1
381	380	6	CATGATAAGCCTTTCTTGCTTTCC	1
382	381	6	ATGATAAGCCTTTCTTGCTTTCCA	1
383	382	6	TGATAAGCCTTTCTTGCTTTCCAT	1
384	383	6	GATAAGCCTTTCTTGCTTTCCATG	1
385	384	6	ATAAGCCTTTCTTGCTTTCCATGG	1
386	385	6	TAAGCCTTTCTTGCTTTCCATGGC	1
387	386	6	AAGCCTTTCTTGCTTTCCATGGCC	1
388	387	6	AGCCTTTCTTGCTTTCCATGGCCA	1
389	388	6	GCCTTTCTTGCTTTCCATGGCCAA	1
390	389	6	CCTTTCTTGCTTTCCATGGCCAAT	1
391	390	6	CTTTCTTGCTTTCCATGGCCAATG	1
392	391	7	TTTCTTGCTTTCCATGGCCAATGC	1
393	392	7	TTCTTGCTTTCCATGGCCAATGCC	1
394	393	6	TCTTGCTTTCCATGGCCAATGCCG	1
395	394	7	CTTGCTTTCCATGGCCAATGCCGG	1
396	395	8	TTGCTTTCCATGGCCAATGCCGGC	1
397	396	9	TGCTTTCCATGGCCAATGCCGGCC	1
398	397	9	GCTTTCCATGGCCAATGCCGGCCC	1
399	398	9	CTTTCCATGGCCAATGCCGGCCCT	1
400	399	8	TTTCCATGGCCAATGCCGGCCCTA	1
401	400	8	TTCCATGGCCAATGCCGGCCCTAA	1
402	401	8	TCCATGGCCAATGCCGGCCCTAAT	1
403	402	8	CCATGGCCAATGCCGGCCCTAATA	1
404	403	8	CATGGCCAATGCCGGCCCTAATAC	1
405	404	8	ATGGCCAATGCCGGCCCTAATACC	1
406	405	8	TGGCCAATGCCGGCCCTAATACCA	1
407	406	7	GGCCAATGCCGGCCCTAATACCAA	1
408	407	7	GCCAATGCCGGCCCTAATACCAAT	1
409	408	7	CCAATGCCGGCCCTAATACCAATG	1
410	409	6	CAATGCCGGCCCTAATACCAATGG	1
411	410	6	AATGCCGGCCCTAATACCAATGGA	1
412	411	5	ATGCCGGCCCTAATACCAATGGAT	1
413	412	5	TGCCGGCCCTAATACCAATGGATC	1
414	413	5	GCCGGCCCTAATACCAATGGATCT	1
415	414	5	CCGGCCCTAATACCAATGGATCTC	1
416	415	5	CGGCCCTAATACCAATGGATCTCA	1
417	416	7	GGCCCTAATACCAATGGATCTCAG	1
418	417	7	GCCCTAATACCAATGGATCTCAGT	1
419	418	7	CCCTAATACCAATGGATCTCAGTT	1
420	419	7	CCTAATACCAATGGATCTCAGTTC	1
421	420	7	CTAATACCAATGGATCTCAGTTCT	1
422	421	7	TAATACCAATGGATCTCAGTTCTT	1
423	422	7	AATACCAATGGATCTCAGTTCTTC	1
424	423	7	ATACCAATGGATCTCAGTTCTTCA	1
425	424	7	TACCAATGGATCTCAGTTCTTCAT	1
426	425	7	ACCAATGGATCTCAGTTCTTCATT	1
427	426	7	CCAATGGATCTCAGTTCTTCATTA	1
428	427	7	CAATGGATCTCAGTTCTTCATTAC	1
429	428	7	AATGGATCTCAGTTCTTCATTACT	1
430	429	7	ATGGATCTCAGTTCTTCATTACTA	1
431	430	7	TGGATCTCAGTTCTTCATTACTAC	1
432	431	7	GGATCTCAGTTCTTCATTACTACT	1
433	432	7	GATCTCAGTTCTTCATTACTACTG	1
434	433	7	ATCTCAGTTCTTCATTACTACTGT	1
435	434	7	TCTCAGTTCTTCATTACTACTGTT	1
436	435	6	CTCAGTTCTTCATTACTACTGTTC	1
437	436	6	TCAGTTCTTCATTACTACTGTTCC	1
438	437	6	CAGTTCTTCATTACTACTGTTCCC	1
439	438	5	AGTTCTTCATTACTACTGTTCCCA	1
440	439	4	GTTCTTCATTACTACTGTTCCCAC	1
441	440	3	TTCTTCATTACTACTGTTCCCACC	1
442	441	3	TCTTCATTACTACTGTTCCCACCC	1
443	442	3	CTTCATTACTACTGTTCCCACCCC	1
444	443	3	TTCATTACTACTGTTCCCACCCCT	1
445	444	5	TCATTACTACTGTTCCCACCCCTC	1
446	445	5	CATTACTACTGTTCCCACCCCTCA	1
447	446	5	ATTACTACTGTTCCCACCCCTCAT	1
448	447	5	TTACTACTGTTCCCACCCCTCATT	1
449	448	5	TACTACTGTTCCCACCCCTCATTT	1
450	449	5	ACTACTGTTCCCACCCCTCATTTG	1
451	450	5	CTACTGTTCCCACCCCTCATTTGG	1
452	451	5	TACTGTTCCCACCCCTCATTTGGA	1
453	452	4	ACTGTTCCCACCCCTCATTTGGAT	1
454	453	4	CTGTTCCCACCCCTCATTTGGATG	1
455	454	4	TGTTCCCACCCCTCATTTGGATGG	1
456	455	4	GTTCCCACCCCTCATTTGGATGGA	1
457	456	4	TTCCCACCCCTCATTTGGATGGAA	1
458	457	4	TCCCACCCCTCATTTGGATGGAAA	1
459	458	4	CCCACCCCTCATTTGGATGGAAAG	1
460	459	4	CCACCCCTCATTTGGATGGAAAGC	1
461	460	2	CACCCCTCATTTGGATGGAAAGCA	1
462	461	2	ACCCCTCATTTGGATGGAAAGCAT	1
463	462	2	CCCCTCATTTGGATGGAAAGCATG	1
464	463	2	CCCTCATTTGGATGGAAAGCATGT	1
465	464	2	CCTCATTTGGATGGAAAGCATGTT	1
466	465	2	CTCATTTGGATGGAAAGCATGTTG	1
467	466	3	TCATTTGGATGGAAAGCATGTTGT	1
468	467	3	CATTTGGATGGAAAGCATGTTGTT	1
469	468	3	ATTTGGATGGAAAGCATGTTGTTT	1
470	469	3	TTTGGATGGAAAGCATGTTGTTTT	1
471	470	3	TTGGATGGAAAGCATGTTGTTTTT	1
472	471	3	TGGATGGAAAGCATGTTGTTTTTG	1
473	472	3	GGATGGAAAGCATGTTGTTTTTGG	1
474	473	3	GATGGAAAGCATGTTGTTTTTGGC	1
475	474	3	ATGGAAAGCATGTTGTTTTTGGCA	1
476	475	4	TGGAAAGCATGTTGTTTTTGGCAA	1
477	476	4	GGAAAGCATGTTGTTTTTGGCAAG	1
478	477	4	GAAAGCATGTTGTTTTTGGCAAGG	1
479	478	4	AAAGCATGTTGTTTTTGGCAAGGT	1
480	479	4	AAGCATGTTGTTTTTGGCAAGGTA	1
481	480	4	AGCATGTTGTTTTTGGCAAGGTAA	1
482	481	4	GCATGTTGTTTTTGGCAAGGTAAT	1
483	482	4	CATGTTGTTTTTGGCAAGGTAATT	1
484	483	4	ATGTTGTTTTTGGCAAGGTAATTC	1
485	484	4	TGTTGTTTTTGGCAAGGTAATTCA	1
486	485	4	GTTGTTTTTGGCAAGGTAATTCAA	1
487	486	4	TTGTTTTTGGCAAGGTAATTCAAG	1
488	487	3	TGTTTTTGGCAAGGTAATTCAAGG	1
489	488	2	GTTTTTGGCAAGGTAATTCAAGGA	1
490	489	2	TTTTTGGCAAGGTAATTCAAGGAA	1
491	490	2	TTTTGGCAAGGTAATTCAAGGAAA	1
492	491	2	TTTGGCAAGGTAATTCAAGGAAAA	1
493	492	2	TTGGCAAGGTAATTCAAGGAAAAT	1
494	493	2	TGGCAAGGTAATTCAAGGAAAATC	1
495	494	2	GGCAAGGTAATTCAAGGAAAATCT	1
496	495	2	GCAAGGTAATTCAAGGAAAATCTA	1
497	496	2	CAAGGTAATTCAAGGAAAATCTAC	1
498	497	2	AAGGTAATTCAAGGAAAATCTACT	1
499	498	2	AGGTAATTCAAGGAAAATCTACTG	1
500	499	2	GGTAATTCAAGGAAAATCTACTGT	1
501	500	2	GTAATTCAAGGAAAATCTACTGTT	1
502	501	2	TAATTCAAGGAAAATCTACTGTTC	1
503	502	2	AATTCAAGGAAAATCTACTGTTCG	1
504	503	2	ATTCAAGGAAAATCTACTGTTCGT	1
505	504	2	TTCAAGGAAAATCTACTGTTCGTA	1
506	505	3	TCAAGGAAAATCTACTGTTCGTAC	1
507	506	3	CAAGGAAAATCTACTGTTCGTACC	1
508	507	3	AAGGAAAATCTACTGTTCGTACCA	1
509	508	3	AGGAAAATCTACTGTTCGTACCAT	1
510	509	3	GGAAAATCTACTGTTCGTACCATT	1
511	510	2	GAAAATCTACTGTTCGTACCATTG	1
512	511	2	AAAATCTACTGTTCGTACCATTGA	1
513	512	2	AAATCTACTGTTCGTACCATTGAA	1
514	513	2	AATCTACTGTTCGTACCATTGAAA	1
515	514	2	ATCTACTGTTCGTACCATTGAAAA	1
516	515	2	TCTACTGTTCGTACCATTGAAAAT	1
517	516	2	CTACTGTTCGTACCATTGAAAATT	1
518	517	2	TACTGTTCGTACCATTGAAAATTT	1
519	518	2	ACTGTTCGTACCATTGAAAATTTG	1
520	519	1	CTGTTCGTACCATTGAAAATTTGG	1
521	520	1	TGTTCGTACCATTGAAAATTTGGA	1
522	521	1	GTTCGTACCATTGAAAATTTGGAG	1
523	522	1	TTCGTACCATTGAAAATTTGGAGA	1
524	523	1	TCGTACCATTGAAAATTTGGAGAC	1
525	524	1	CGTACCATTGAAAATTTGGAGACC	1
526	525	1	GTACCATTGAAAATTTGGAGACCA	1
527	526	1	TACCATTGAAAATTTGGAGACCAA	1
528	527	1	ACCATTGAAAATTTGGAGACCAAA	1
529	528	1	CCATTGAAAATTTGGAGACCAAAA	1
530	529	1	CATTGAAAATTTGGAGACCAAAAA	1
531	530	1	ATTGAAAATTTGGAGACCAAAAAT	1
532	531	1	TTGAAAATTTGGAGACCAAAAATG	1
533	532	1	TGAAAATTTGGAGACCAAAAATGA	1
534	533	1	GAAAATTTGGAGACCAAAAATGAC	1
535	534	1	AAAATTTGGAGACCAAAAATGACG	1
536	535	1	AAATTTGGAGACCAAAAATGACGA	1
537	536	1	AATTTGGAGACCAAAAATGACGAT	1
538	537	1	ATTTGGAGACCAAAAATGACGATC	1
539	538	2	TTTGGAGACCAAAAATGACGATCC	1
540	539	2	TTGGAGACCAAAAATGACGATCCG	1
541	540	2	TGGAGACCAAAAATGACGATCCGG	1
542	541	2	GGAGACCAAAAATGACGATCCGGT	1
543	542	2	GAGACCAAAAATGACGATCCGGTT	1
544	543	2	AGACCAAAAATGACGATCCGGTTG	1
545	544	2	GACCAAAAATGACGATCCGGTTGT	1
546	545	2	ACCAAAAATGACGATCCGGTTGTA	1
547	546	2	CCAAAAATGACGATCCGGTTGTAC	1
548	547	2	CAAAAATGACGATCCGGTTGTACC	1
549	548	2	AAAAATGACGATCCGGTTGTACCT	1
550	549	1	AAAATGACGATCCGGTTGTACCTG	1
551	550	1	AAATGACGATCCGGTTGTACCTGT	1
552	551	1	AATGACGATCCGGTTGTACCTGTT	1
553	552	1	ATGACGATCCGGTTGTACCTGTTG	1
554	553	2	TGACGATCCGGTTGTACCTGTTGT	1
555	554	2	GACGATCCGGTTGTACCTGTTGTT	1
556	555	2	ACGATCCGGTTGTACCTGTTGTTA	1
557	556	2	CGATCCGGTTGTACCTGTTGTTAT	1
558	557	2	GATCCGGTTGTACCTGTTGTTATT	1
559	558	2	ATCCGGTTGTACCTGTTGTTATTG	1
560	559	2	TCCGGTTGTACCTGTTGTTATTGA	1
561	560	2	CCGGTTGTACCTGTTGTTATTGAA	1
562	561	2	CGGTTGTACCTGTTGTTATTGAAG	1
563	562	2	GGTTGTACCTGTTGTTATTGAAGA	1
564	563	2	GTTGTACCTGTTGTTATTGAAGAA	1
565	564	2	TTGTACCTGTTGTTATTGAAGAAT	1
566	565	2	TGTACCTGTTGTTATTGAAGAATG	1
567	566	3	GTACCTGTTGTTATTGAAGAATGT	1
568	567	3	TACCTGTTGTTATTGAAGAATGTG	1
569	568	3	ACCTGTTGTTATTGAAGAATGTGG	1
570	569	3	CCTGTTGTTATTGAAGAATGTGGA	1
571	570	3	CTGTTGTTATTGAAGAATGTGGAA	1
572	571	3	TGTTGTTATTGAAGAATGTGGAAC	1
573	572	3	GTTGTTATTGAAGAATGTGGAACT	1
574	573	3	TTGTTATTGAAGAATGTGGAACTT	1
575	574	3	TGTTATTGAAGAATGTGGAACTTG	1
576	575	3	GTTATTGAAGAATGTGGAACTTGC	1
577	576	3	TTATTGAAGAATGTGGAACTTGCA	1
578	577	3	TATTGAAGAATGTGGAACTTGCAC	1
579	578	3	ATTGAAGAATGTGGAACTTGCACA	1
580	579	3	TTGAAGAATGTGGAACTTGCACAA	1
581	580	3	TGAAGAATGTGGAACTTGCACAAA	1
582	581	3	GAAGAATGTGGAACTTGCACAAAG	1
583	582	2	AAGAATGTGGAACTTGCACAAAGG	1
584	583	2	AGAATGTGGAACTTGCACAAAGGA	1
585	584	2	GAATGTGGAACTTGCACAAAGGAT	1
586	585	2	AATGTGGAACTTGCACAAAGGATC	1
587	586	2	ATGTGGAACTTGCACAAAGGATCA	1
588	587	2	TGTGGAACTTGCACAAAGGATCAG	1
589	588	2	GTGGAACTTGCACAAAGGATCAGA	1
590	589	2	TGGAACTTGCACAAAGGATCAGAT	1
591	590	2	GGAACTTGCACAAAGGATCAGATT	1
592	591	2	GAACTTGCACAAAGGATCAGATTG	1
593	592	2	AACTTGCACAAAGGATCAGATTGA	1
594	593	2	ACTTGCACAAAGGATCAGATTGAG	1
595	594	2	CTTGCACAAAGGATCAGATTGAGG	1
596	595	3	TTGCACAAAGGATCAGATTGAGGC	1
597	596	3	TGCACAAAGGATCAGATTGAGGCA	1
598	597	2	GCACAAAGGATCAGATTGAGGCAC	1
599	598	2	CACAAAGGATCAGATTGAGGCACC	1
600	599	2	ACAAAGGATCAGATTGAGGCACCA	1
601	600	2	CAAAGGATCAGATTGAGGCACCAA	1
602	601	2	AAAGGATCAGATTGAGGCACCAAA	1
603	602	2	AAGGATCAGATTGAGGCACCAAAG	1
604	603	2	AGGATCAGATTGAGGCACCAAAGC	1
605	604	3	GGATCAGATTGAGGCACCAAAGCC	1
606	605	3	GATCAGATTGAGGCACCAAAGCCA	1
607	606	3	ATCAGATTGAGGCACCAAAGCCAG	1
608	607	3	TCAGATTGAGGCACCAAAGCCAGA	1
609	608	3	CAGATTGAGGCACCAAAGCCAGAC	1
610	609	3	AGATTGAGGCACCAAAGCCAGACG	1
611	610	2	GATTGAGGCACCAAAGCCAGACGT	1
612	611	2	ATTGAGGCACCAAAGCCAGACGTT	1
613	612	2	TTGAGGCACCAAAGCCAGACGTTA	1
614	613	2	TGAGGCACCAAAGCCAGACGTTAC	1
615	614	2	GAGGCACCAAAGCCAGACGTTACT	1
616	615	2	AGGCACCAAAGCCAGACGTTACTG	1
617	616	2	GGCACCAAAGCCAGACGTTACTGG	1
618	617	2	GCACCAAAGCCAGACGTTACTGGT	1
619	618	2	CACCAAAGCCAGACGTTACTGGTG	1
620	619	2	ACCAAAGCCAGACGTTACTGGTGA	1
621	620	2	CCAAAGCCAGACGTTACTGGTGAT	1
622	621	2	CAAAGCCAGACGTTACTGGTGATT	1
623	622	3	AAAGCCAGACGTTACTGGTGATTC	1
624	623	3	AAGCCAGACGTTACTGGTGATTCT	1
625	624	3	AGCCAGACGTTACTGGTGATTCTC	1
626	625	3	GCCAGACGTTACTGGTGATTCTCT	1
627	626	3	CCAGACGTTACTGGTGATTCTCTG	1
628	627	3	CAGACGTTACTGGTGATTCTCTGG	1
629	628	3	AGACGTTACTGGTGATTCTCTGGA	1
630	629	3	GACGTTACTGGTGATTCTCTGGAA	1
631	630	3	ACGTTACTGGTGATTCTCTGGAAG	1
632	631	3	CGTTACTGGTGATTCTCTGGAAGA	1
633	632	3	GTTACTGGTGATTCTCTGGAAGAA	1
634	633	3	TTACTGGTGATTCTCTGGAAGAAT	1
635	634	3	TACTGGTGATTCTCTGGAAGAATT	1
636	635	3	ACTGGTGATTCTCTGGAAGAATTT	1
637	636	3	CTGGTGATTCTCTGGAAGAATTTC	1
638	637	2	TGGTGATTCTCTGGAAGAATTTCC	1
639	638	2	GGTGATTCTCTGGAAGAATTTCCT	1
640	639	1	GTGATTCTCTGGAAGAATTTCCTG	1
641	640	1	TGATTCTCTGGAAGAATTTCCTGA	1
642	641	1	GATTCTCTGGAAGAATTTCCTGAT	1
643	642	1	ATTCTCTGGAAGAATTTCCTGATG	1
644	643	1	TTCTCTGGAAGAATTTCCTGATGA	1
645	644	1	TCTCTGGAAGAATTTCCTGATGAT	1
646	645	1	CTCTGGAAGAATTTCCTGATGATT	1
647	646	2	TCTGGAAGAATTTCCTGATGATTA	1
648	647	2	CTGGAAGAATTTCCTGATGATTAC	1
649	648	2	TGGAAGAATTTCCTGATGATTACG	1
650	649	3	GGAAGAATTTCCTGATGATTACGA	1
651	650	3	GAAGAATTTCCTGATGATTACGAG	1
652	651	3	AAGAATTTCCTGATGATTACGAGG	1
653	652	3	AGAATTTCCTGATGATTACGAGGG	1
654	653	3	GAATTTCCTGATGATTACGAGGGT	1
655	654	3	AATTTCCTGATGATTACGAGGGTG	1
656	655	4	ATTTCCTGATGATTACGAGGGTGA	1
657	656	4	TTTCCTGATGATTACGAGGGTGAT	1
658	657	4	TTCCTGATGATTACGAGGGTGATA	1
659	658	4	TCCTGATGATTACGAGGGTGATAA	1
660	659	4	CCTGATGATTACGAGGGTGATAAG	1
661	660	4	CTGATGATTACGAGGGTGATAAGT	1
662	661	4	TGATGATTACGAGGGTGATAAGTC	1
663	662	4	GATGATTACGAGGGTGATAAGTCC	1
664	663	4	ATGATTACGAGGGTGATAAGTCCG	1
665	664	3	TGATTACGAGGGTGATAAGTCCGA	1
666	665	3	GATTACGAGGGTGATAAGTCCGAG	1
667	666	2	ATTACGAGGGTGATAAGTCCGAGA	1
668	667	2	TTACGAGGGTGATAAGTCCGAGAC	1
669	668	2	TACGAGGGTGATAAGTCCGAGACT	1
670	669	2	ACGAGGGTGATAAGTCCGAGACTG	1
671	670	2	CGAGGGTGATAAGTCCGAGACTGC	1
672	671	2	GAGGGTGATAAGTCCGAGACTGCC	1
673	672	2	AGGGTGATAAGTCCGAGACTGCCA	1
674	673	2	GGGTGATAAGTCCGAGACTGCCAT	1
675	674	2	GGTGATAAGTCCGAGACTGCCATT	1
676	675	2	GTGATAAGTCCGAGACTGCCATTT	1
677	676	2	TGATAAGTCCGAGACTGCCATTTT	1
678	677	2	GATAAGTCCGAGACTGCCATTTTC	1
679	678	3	ATAAGTCCGAGACTGCCATTTTCA	1
680	679	3	TAAGTCCGAGACTGCCATTTTCAA	1
681	680	3	AAGTCCGAGACTGCCATTTTCAAA	1
682	681	3	AGTCCGAGACTGCCATTTTCAAAA	1
683	682	3	GTCCGAGACTGCCATTTTCAAAAT	1
684	683	3	TCCGAGACTGCCATTTTCAAAATT	1
685	684	3	CCGAGACTGCCATTTTCAAAATTG	1
686	685	3	CGAGACTGCCATTTTCAAAATTGC	1
687	686	3	GAGACTGCCATTTTCAAAATTGCT	1
688	687	3	AGACTGCCATTTTCAAAATTGCTA	1
689	688	3	GACTGCCATTTTCAAAATTGCTAG	1
690	689	3	ACTGCCATTTTCAAAATTGCTAGC	1
691	690	3	CTGCCATTTTCAAAATTGCTAGCG	1
692	691	3	TGCCATTTTCAAAATTGCTAGCGA	1
693	692	3	GCCATTTTCAAAATTGCTAGCGAC	1
694	693	2	CCATTTTCAAAATTGCTAGCGACT	1
695	694	2	CATTTTCAAAATTGCTAGCGACTT	1
696	695	2	ATTTTCAAAATTGCTAGCGACTTA	1
697	696	2	TTTTCAAAATTGCTAGCGACTTAA	1
698	697	2	TTTCAAAATTGCTAGCGACTTAAA	1
699	698	2	TTCAAAATTGCTAGCGACTTAAAG	1
700	699	1	TCAAAATTGCTAGCGACTTAAAGG	1
701	700	1	CAAAATTGCTAGCGACTTAAAGGG	1
702	701	1	AAAATTGCTAGCGACTTAAAGGGA	1
703	702	1	AAATTGCTAGCGACTTAAAGGGAA	1
704	703	2	AATTGCTAGCGACTTAAAGGGAAT	1
705	704	2	ATTGCTAGCGACTTAAAGGGAATT	1
706	705	1	TTGCTAGCGACTTAAAGGGAATTG	1
707	706	1	TGCTAGCGACTTAAAGGGAATTGC	1
708	707	1	GCTAGCGACTTAAAGGGAATTGCT	1
709	708	1	CTAGCGACTTAAAGGGAATTGCTA	1
710	709	1	TAGCGACTTAAAGGGAATTGCTAA	1
711	710	2	AGCGACTTAAAGGGAATTGCTAAC	1
712	711	4	GCGACTTAAAGGGAATTGCTAACA	1
713	712	4	CGACTTAAAGGGAATTGCTAACAA	1
714	713	4	GACTTAAAGGGAATTGCTAACAAG	1
715	714	4	ACTTAAAGGGAATTGCTAACAAGC	1
716	715	4	CTTAAAGGGAATTGCTAACAAGCA	1
717	716	4	TTAAAGGGAATTGCTAACAAGCAA	1
718	717	4	TAAAGGGAATTGCTAACAAGCAAT	1
719	718	4	AAAGGGAATTGCTAACAAGCAATT	1
720	719	4	AAGGGAATTGCTAACAAGCAATTT	1
721	720	4	AGGGAATTGCTAACAAGCAATTTG	1
722	721	4	GGGAATTGCTAACAAGCAATTTGC	1
723	722	3	GGAATTGCTAACAAGCAATTTGCT	1
724	723	3	GAATTGCTAACAAGCAATTTGCTC	1
725	724	3	AATTGCTAACAAGCAATTTGCTCA	1
726	725	3	ATTGCTAACAAGCAATTTGCTCAG	1
727	726	3	TTGCTAACAAGCAATTTGCTCAGC	1
728	727	3	TGCTAACAAGCAATTTGCTCAGCA	1
729	728	3	GCTAACAAGCAATTTGCTCAGCAA	1
730	729	3	CTAACAAGCAATTTGCTCAGCAAA	1
731	730	4	TAACAAGCAATTTGCTCAGCAAAA	1
732	731	4	AACAAGCAATTTGCTCAGCAAAAT	1
733	732	4	ACAAGCAATTTGCTCAGCAAAATT	1
734	733	4	CAAGCAATTTGCTCAGCAAAATTT	1
735	734	4	AAGCAATTTGCTCAGCAAAATTTG	1
736	735	4	AGCAATTTGCTCAGCAAAATTTGG	1
737	736	4	GCAATTTGCTCAGCAAAATTTGGA	1
738	737	5	CAATTTGCTCAGCAAAATTTGGAT	1
739	738	5	AATTTGCTCAGCAAAATTTGGATA	1
740	739	5	ATTTGCTCAGCAAAATTTGGATAC	1
741	740	5	TTTGCTCAGCAAAATTTGGATACA	1
742	741	5	TTGCTCAGCAAAATTTGGATACAG	1
743	742	5	TGCTCAGCAAAATTTGGATACAGC	1
744	743	5	GCTCAGCAAAATTTGGATACAGCC	1
745	744	5	CTCAGCAAAATTTGGATACAGCCG	1
746	745	5	TCAGCAAAATTTGGATACAGCCGT	1
747	746	5	CAGCAAAATTTGGATACAGCCGTT	1
748	747	4	AGCAAAATTTGGATACAGCCGTTG	1
749	748	4	GCAAAATTTGGATACAGCCGTTGC	1
750	749	4	CAAAATTTGGATACAGCCGTTGCC	1
751	750	4	AAAATTTGGATACAGCCGTTGCCA	1
752	751	4	AAATTTGGATACAGCCGTTGCCAA	1
753	752	4	AATTTGGATACAGCCGTTGCCAAA	1
754	753	4	ATTTGGATACAGCCGTTGCCAAAT	1
755	754	3	TTTGGATACAGCCGTTGCCAAATG	1
756	755	1	TTGGATACAGCCGTTGCCAAATGG	1
757	756	1	TGGATACAGCCGTTGCCAAATGGC	1
758	757	1	GGATACAGCCGTTGCCAAATGGCA	1
759	758	1	GATACAGCCGTTGCCAAATGGCAA	1
760	759	1	ATACAGCCGTTGCCAAATGGCAAA	1
761	760	1	TACAGCCGTTGCCAAATGGCAAAA	1
762	761	1	ACAGCCGTTGCCAAATGGCAAAAA	1
763	762	1	CAGCCGTTGCCAAATGGCAAAAAG	1
764	763	1	AGCCGTTGCCAAATGGCAAAAAGC	1
765	764	1	GCCGTTGCCAAATGGCAAAAAGCT	1
766	765	1	CCGTTGCCAAATGGCAAAAAGCTT	1
767	766	1	CGTTGCCAAATGGCAAAAAGCTTT	1
768	767	1	GTTGCCAAATGGCAAAAAGCTTTG	1
769	768	1	TTGCCAAATGGCAAAAAGCTTTGC	1
770	769	1	TGCCAAATGGCAAAAAGCTTTGCG	1
771	770	1	GCCAAATGGCAAAAAGCTTTGCGC	1
772	771	1	CCAAATGGCAAAAAGCTTTGCGCT	1
773	772	1	CAAATGGCAAAAAGCTTTGCGCTA	1
774	773	1	AAATGGCAAAAAGCTTTGCGCTAC	1
775	774	1	AATGGCAAAAAGCTTTGCGCTACC	1
776	775	1	ATGGCAAAAAGCTTTGCGCTACCT	1
777	776	1	TGGCAAAAAGCTTTGCGCTACCTA	1
778	777	1	GGCAAAAAGCTTTGCGCTACCTAA	1
779	778	1	GCAAAAAGCTTTGCGCTACCTAAT	1
780	779	1	CAAAAAGCTTTGCGCTACCTAATG	1
781	780	1	AAAAAGCTTTGCGCTACCTAATGG	1
782	-1	0	CAGATCTGTATATTTCGTCTGCGT	1
783	782	4	AGATCTGTATATTTCGTCTGCGTA	1
784	783	5	GATCTGTATATTTCGTCTGCGTAA	1
785	784	5	ATCTGTATATTTCGTCTGCGTAAA	1
786	785	5	TCTGTATATTTCGTCTGCGTAAAA	1
787	786	5	CTGTATATTTCGTCTGCGTAAAAT	1
788	787	5	TGTATATTTCGTCTGCGTAAAATC	1
789	788	5	GTATATTTCGTCTGCGTAAAATCG	1
790	789	5	TATATTTCGTCTGCGTAAAATCGC	1
791	790	5	ATATTTCGTCTGCGTAAAATCGCT	1
792	791	5	TATTTCGTCTGCGTAAAATCGCTA	1
793	792	5	ATTTCGTCTGCGTAAAATCGCTAT	1
794	793	5	TTTCGTCTGCGTAAAATCGCTATT	1
795	794	5	TTCGTCTGCGTAAAATCGCTATTC	1
796	795	5	TCGTCTGCGTAAAATCGCTATTCA	1
797	796	5	CGTCTGCGTAAAATCGCTATTCAT	1
798	797	6	GTCTGCGTAAAATCGCTATTCATT	1
799	798	6	TCTGCGTAAAATCGCTATTCATTC	1
800	799	6	CTGCGTAAAATCGCTATTCATTCT	1
801	800	6	TGCGTAAAATCGCTATTCATTCTT	1
802	801	6	GCGTAAAATCGCTATTCATTCTTC	1
803	802	7	CGTAAAATCGCTATTCATTCTTCT	1
804	803	7	GTAAAATCGCTATTCATTCTTCTT	1
805	804	7	TAAAATCGCTATTCATTCTTCTTC	1
806	805	7	AAAATCGCTATTCATTCTTCTTCT	1
807	806	7	AAATCGCTATTCATTCTTCTTCTT	1
808	807	7	AATCGCTATTCATTCTTCTTCTTA	1
809	808	7	ATCGCTATTCATTCTTCTTCTTAA	1
810	809	7	TCGCTATTCATTCTTCTTCTTAAA	1
811	810	7	CGCTATTCATTCTTCTTCTTAAAG	1
812	811	8	GCTATTCATTCTTCTTCTTAAAGC	1
813	812	8	CTATTCATTCTTCTTCTTAAAGCA	1
814	813	8	TATTCATTCTTCTTCTTAAAGCAA	1
815	814	8	ATTCATTCTTCTTCTTAAAGCAAC	1
816	815	8	TTCATTCTTCTTCTTAAAGCAACT	1
817	816	8	TCATTCTTCTTCTTAAAGCAACTT	1
818	817	8	CATTCTTCTTCTTAAAGCAACTTT	1
819	818	8	ATTCTTCTTCTTAAAGCAACTTTG	1
820	819	8	TTCTTCTTCTTAAAGCAACTTTGT	1
821	820	8	TCTTCTTCTTAAAGCAACTTTGTG	1
822	821	8	CTTCTTCTTAAAGCAACTTTGTGG	1
823	822	8	TTCTTCTTAAAGCAACTTTGTGGT	1
824	823	8	TCTTCTTAAAGCAACTTTGTGGTG	1
825	824	8	CTTCTTAAAGCAACTTTGTGGTGT	1
826	825	8	TTCTTAAAGCAACTTTGTGGTGTG	1
827	826	4	TCTTAAAGCAACTTTGTGGTGTGA	1
828	827	3	CTTAAAGCAACTTTGTGGTGTGAA	1
829	828	3	TTAAAGCAACTTTGTGGTGTGAAT	1
830	829	3	TAAAGCAACTTTGTGGTGTGAATA	1
831	830	3	AAAGCAACTTTGTGGTGTGAATAC	1
832	831	3	AAGCAACTTTGTGGTGTGAATACA	1
833	832	3	AGCAACTTTGTGGTGTGAATACAC	1
834	833	3	GCAACTTTGTGGTGTGAATACACT	1
835	834	3	CAACTTTGTGGTGTGAATACACTG	1
836	835	4	AACTTTGTGGTGTGAATACACTGA	1
837	836	4	ACTTTGTGGTGTGAATACACTGAG	1
838	837	4	CTTTGTGGTGTGAATACACTGAGG	1
839	838	4	TTTGTGGTGTGAATACACTGAGGA	1
840	839	4	TTGTGGTGTGAATACACTGAGGAG	1
841	840	4	TGTGGTGTGAATACACTGAGGAGA	1
842	841	3	GTGGTGTGAATACACTGAGGAGAC	1
843	842	3	TGGTGTGAATACACTGAGGAGACT	1
844	843	3	GGTGTGAATACACTGAGGAGACTG	1
845	844	3	GTGTGAATACACTGAGGAGACTGG	1
846	845	3	TGTGAATACACTGAGGAGACTGGC	1
847	846	3	GTGAATACACTGAGGAGACTGGCA	1
848	847	3	TGAATACACTGAGGAGACTGGCAG	1
849	848	3	GAATACACTGAGGAGACTGGCAGT	1
850	849	3	AATACACTGAGGAGACTGGCAGTG	1
851	850	3	ATACACTGAGGAGACTGGCAGTGA	1
852	851	3	TACACTGAGGAGACTGGCAGTGAA	1
853	852	3	ACACTGAGGAGACTGGCAGTGAAA	1
854	853	3	CACTGAGGAGACTGGCAGTGAAAT	1
855	854	3	ACTGAGGAGACTGGCAGTGAAATA	1
856	855	3	CTGAGGAGACTGGCAGTGAAATAT	1
857	856	3	TGAGGAGACTGGCAGTGAAATATC	1
858	857	3	GAGGAGACTGGCAGTGAAATATCA	1
859	858	3	AGGAGACTGGCAGTGAAATATCAT	1
860	859	3	GGAGACTGGCAGTGAAATATCATT	1
861	860	3	GAGACTGGCAGTGAAATATCATTA	1
862	861	3	AGACTGGCAGTGAAATATCATTAC	1
863	862	3	GACTGGCAGTGAAATATCATTACT	1
864	863	3	ACTGGCAGTGAAATATCATTACTT	1
865	864	3	CTGGCAGTGAAATATCATTACTTA	1
866	865	3	TGGCAGTGAAATATCATTACTTAA	1
867	866	3	GGCAGTGAAATATCATTACTTAAA	1
868	867	3	GCAGTGAAATATCATTACTTAAAA	1
869	868	3	CAGTGAAATATCATTACTTAAAAA	1
870	869	3	AGTGAAATATCATTACTTAAAAAC	1
871	870	3	GTGAAATATCATTACTTAAAAACG	1
872	871	3	TGAAATATCATTACTTAAAAACGA	1
873	872	3	GAAATATCATTACTTAAAAACGAT	1
874	873	3	AAATATCATTACTTAAAAACGATC	1
875	874	3	AATATCATTACTTAAAAACGATCA	1
876	875	3	ATATCATTACTTAAAAACGATCAT	1
877	876	3	TATCATTACTTAAAAACGATCATT	1
878	877	3	ATCATTACTTAAAAACGATCATTG	1
879	878	3	TCATTACTTAAAAACGATCATTGT	1
880	879	2	CATTACTTAAAAACGATCATTGTT	1
881	880	2	ATTACTTAAAAACGATCATTGTTT	1
882	881	2	TTACTTAAAAACGATCATTGTTTT	1
883	882	2	TACTTAAAAACGATCATTGTTTTT	1
884	883	2	ACTTAAAAACGATCATTGTTTTTT	1
885	884	2	CTTAAAAACGATCATTGTTTTTTT	1
886	885	2	TTAAAAACGATCATTGTTTTTTTT	1
887	886	2	TAAAAACGATCATTGTTTTTTTTT	1
888	887	2	AAAAACGATCATTGTTTTTTTTTG	1
889	888	2	AAAACGATCATTGTTTTTTTTTGC	1
890	889	1	AAACGATCATTGTTTTTTTTTGCA	1
891	890	1	AACGATCATTGTTTTTTTTTGCAC	1
892	891	1	ACGATCATTGTTTTTTTTTGCACG	1
893	892	1	CGATCATTGTTTTTTTTTGCACGA	1
894	893	1	GATCATTGTTTTTTTTTGCACGAA	1
895	894	1	ATCATTGTTTTTTTTTGCACGAAA	1
896	895	1	TCATTGTTTTTTTTTGCACGAAAT	1
897	896	1	CATTGTTTTTTTTTGCACGAAATG	1
898	897	1	ATTGTTTTTTTTTGCACGAAATGA	1
899	898	1	TTGTTTTTTTTTGCACGAAATGAG	1
