Component 435
1	-1	0	CCCTTAAATAACACGAAAAATCTT	1
2	1	1	CCTTAAATAACACGAAAAATCTTG	1
3	2	1	CTTAAATAACACGAAAAATCTTGC	1
4	3	1	TTAAATAACACGAAAAATCTTGCA	1
5	4	1	TAAATAACACGAAAAATCTTGCAT	1
6	5	1	AAATAACACGAAAAATCTTGCATA	1
7	6	1	AATAACACGAAAAATCTTGCATAT	1
8	7	1	ATAACACGAAAAATCTTGCATATC	1
9	8	1	TAACACGAAAAATCTTGCATATCG	1
10	9	1	AACACGAAAAATCTTGCATATCGT	1
11	10	1	ACACGAAAAATCTTGCATATCGTC	1
12	11	1	CACGAAAAATCTTGCATATCGTCT	1
13	12	1	ACGAAAAATCTTGCATATCGTCTT	1
14	13	1	CGAAAAATCTTGCATATCGTCTTG	1
15	14	2	GAAAAATCTTGCATATCGTCTTGA	1
16	15	2	AAAAATCTTGCATATCGTCTTGAA	1
17	16	2	AAAATCTTGCATATCGTCTTGAAG	1
18	17	2	AAATCTTGCATATCGTCTTGAAGC	1
19	18	2	AATCTTGCATATCGTCTTGAAGCA	1
20	19	2	ATCTTGCATATCGTCTTGAAGCAC	1
21	20	2	TCTTGCATATCGTCTTGAAGCACG	1
22	21	2	CTTGCATATCGTCTTGAAGCACGA	1
23	22	2	TTGCATATCGTCTTGAAGCACGAA	1
24	23	2	TGCATATCGTCTTGAAGCACGAAT	1
25	24	2	GCATATCGTCTTGAAGCACGAATA	1
26	25	2	CATATCGTCTTGAAGCACGAATAC	1
27	26	2	ATATCGTCTTGAAGCACGAATACA	1
28	27	2	TATCGTCTTGAAGCACGAATACAC	1
29	28	2	ATCGTCTTGAAGCACGAATACACG	1
30	29	2	TCGTCTTGAAGCACGAATACACGT	1
31	30	2	CGTCTTGAAGCACGAATACACGTG	1
32	31	2	GTCTTGAAGCACGAATACACGTGC	1
33	32	2	TCTTGAAGCACGAATACACGTGCC	1
34	33	2	CTTGAAGCACGAATACACGTGCCT	1
35	34	2	TTGAAGCACGAATACACGTGCCTT	1
36	35	2	TGAAGCACGAATACACGTGCCTTG	1
37	36	2	GAAGCACGAATACACGTGCCTTGT	1
38	37	2	AAGCACGAATACACGTGCCTTGTC	1
39	38	2	AGCACGAATACACGTGCCTTGTCG	1
40	39	2	GCACGAATACACGTGCCTTGTCGA	1
41	40	2	CACGAATACACGTGCCTTGTCGAT	1
42	41	2	ACGAATACACGTGCCTTGTCGATT	1
43	42	2	CGAATACACGTGCCTTGTCGATTT	1
44	43	2	GAATACACGTGCCTTGTCGATTTT	1
45	44	2	AATACACGTGCCTTGTCGATTTTC	1
46	45	1	ATACACGTGCCTTGTCGATTTTCA	1
47	46	1	TACACGTGCCTTGTCGATTTTCAA	1
48	47	1	ACACGTGCCTTGTCGATTTTCAAG	1
49	48	1	CACGTGCCTTGTCGATTTTCAAGA	1
50	49	1	ACGTGCCTTGTCGATTTTCAAGAC	1
51	50	1	CGTGCCTTGTCGATTTTCAAGACC	1
52	51	1	GTGCCTTGTCGATTTTCAAGACCT	1
53	52	1	TGCCTTGTCGATTTTCAAGACCTG	1
54	53	1	GCCTTGTCGATTTTCAAGACCTGT	1
55	54	1	CCTTGTCGATTTTCAAGACCTGTA	1
56	55	1	CTTGTCGATTTTCAAGACCTGTAT	1
57	56	1	TTGTCGATTTTCAAGACCTGTATT	1
58	57	1	TGTCGATTTTCAAGACCTGTATTA	1
59	-1	0	ATTTGGAACTGACCATATTGCATA	1
60	59	1	TTTGGAACTGACCATATTGCATAT	1
61	60	1	TTGGAACTGACCATATTGCATATT	1
62	61	1	TGGAACTGACCATATTGCATATTA	1
63	62	1	GGAACTGACCATATTGCATATTAC	1
64	63	1	GAACTGACCATATTGCATATTACT	1
65	64	1	AACTGACCATATTGCATATTACTG	1
66	65	1	ACTGACCATATTGCATATTACTGA	1
67	66	1	CTGACCATATTGCATATTACTGAA	1
68	67	1	TGACCATATTGCATATTACTGAAG	1
69	68	1	GACCATATTGCATATTACTGAAGG	1
70	69	1	ACCATATTGCATATTACTGAAGGT	1
71	70	1	CCATATTGCATATTACTGAAGGTC	1
72	71	1	CATATTGCATATTACTGAAGGTCA	1
73	72	1	ATATTGCATATTACTGAAGGTCAC	1
74	73	1	TATTGCATATTACTGAAGGTCACG	1
75	74	1	ATTGCATATTACTGAAGGTCACGC	1
76	75	1	TTGCATATTACTGAAGGTCACGCC	1
77	76	1	TGCATATTACTGAAGGTCACGCCT	1
78	77	2	GCATATTACTGAAGGTCACGCCTC	1
79	78	2	CATATTACTGAAGGTCACGCCTCC	1
80	79	2	ATATTACTGAAGGTCACGCCTCCA	1
81	80	2	TATTACTGAAGGTCACGCCTCCAA	1
82	81	2	ATTACTGAAGGTCACGCCTCCAAA	1
83	82	2	TTACTGAAGGTCACGCCTCCAAAT	1
84	83	2	TACTGAAGGTCACGCCTCCAAATG	1
85	84	2	ACTGAAGGTCACGCCTCCAAATGG	1
86	85	2	CTGAAGGTCACGCCTCCAAATGGG	1
87	86	2	TGAAGGTCACGCCTCCAAATGGGG	1
88	87	2	GAAGGTCACGCCTCCAAATGGGGT	1
89	88	2	AAGGTCACGCCTCCAAATGGGGTG	1
90	89	2	AGGTCACGCCTCCAAATGGGGTGA	1
91	90	2	GGTCACGCCTCCAAATGGGGTGAA	1
92	91	2	GTCACGCCTCCAAATGGGGTGAAG	1
93	92	2	TCACGCCTCCAAATGGGGTGAAGT	1
94	93	2	CACGCCTCCAAATGGGGTGAAGTT	1
95	94	2	ACGCCTCCAAATGGGGTGAAGTTA	1
96	95	2	CGCCTCCAAATGGGGTGAAGTTAA	1
97	96	2	GCCTCCAAATGGGGTGAAGTTAAA	1
98	97	2	CCTCCAAATGGGGTGAAGTTAAAA	1
99	98	2	CTCCAAATGGGGTGAAGTTAAAAA	1
100	99	2	TCCAAATGGGGTGAAGTTAAAAAG	1
101	100	2	CCAAATGGGGTGAAGTTAAAAAGA	1
102	101	2	CAAATGGGGTGAAGTTAAAAAGAA	1
103	102	2	AAATGGGGTGAAGTTAAAAAGAAG	1
104	103	1	AATGGGGTGAAGTTAAAAAGAAGC	1
105	104	1	ATGGGGTGAAGTTAAAAAGAAGCC	1
106	105	1	TGGGGTGAAGTTAAAAAGAAGCCA	1
107	106	1	GGGGTGAAGTTAAAAAGAAGCCAA	1
108	107	2	GGGTGAAGTTAAAAAGAAGCCAAT	1
109	108	2	GGTGAAGTTAAAAAGAAGCCAATC	1
110	109	2	GTGAAGTTAAAAAGAAGCCAATCC	1
111	110	2	TGAAGTTAAAAAGAAGCCAATCCC	1
112	111	2	GAAGTTAAAAAGAAGCCAATCCCT	1
113	112	2	AAGTTAAAAAGAAGCCAATCCCTA	1
114	113	2	AGTTAAAAAGAAGCCAATCCCTAA	1
115	114	2	GTTAAAAAGAAGCCAATCCCTAAA	1
116	115	2	TTAAAAAGAAGCCAATCCCTAAAA	1
117	116	2	TAAAAAGAAGCCAATCCCTAAAAC	1
118	117	2	AAAAAGAAGCCAATCCCTAAAACA	1
119	118	2	AAAAGAAGCCAATCCCTAAAACAA	1
120	119	2	AAAGAAGCCAATCCCTAAAACAAA	1
121	120	2	AAGAAGCCAATCCCTAAAACAAAG	1
122	121	1	AGAAGCCAATCCCTAAAACAAAGT	1
123	122	1	GAAGCCAATCCCTAAAACAAAGTC	1
124	123	1	AAGCCAATCCCTAAAACAAAGTCC	1
125	124	1	AGCCAATCCCTAAAACAAAGTCCA	1
126	125	1	GCCAATCCCTAAAACAAAGTCCAA	1
127	126	1	CCAATCCCTAAAACAAAGTCCAAA	1
128	127	1	CAATCCCTAAAACAAAGTCCAAAC	1
129	128	1	AATCCCTAAAACAAAGTCCAAACC	1
130	129	1	ATCCCTAAAACAAAGTCCAAACCA	1
131	130	1	TCCCTAAAACAAAGTCCAAACCAA	1
132	131	1	CCCTAAAACAAAGTCCAAACCAAC	1
133	132	1	CCTAAAACAAAGTCCAAACCAACA	1
134	133	1	CTAAAACAAAGTCCAAACCAACAA	1
135	134	1	TAAAACAAAGTCCAAACCAACAAG	1
136	135	1	AAAACAAAGTCCAAACCAACAAGT	1
137	136	1	AAACAAAGTCCAAACCAACAAGTC	1
138	137	2	AACAAAGTCCAAACCAACAAGTCA	1
139	138	2	ACAAAGTCCAAACCAACAAGTCAT	1
140	139	2	CAAAGTCCAAACCAACAAGTCATG	1
141	140	3	AAAGTCCAAACCAACAAGTCATGC	1
142	141	3	AAGTCCAAACCAACAAGTCATGCT	1
143	142	3	AGTCCAAACCAACAAGTCATGCTC	1
144	143	3	GTCCAAACCAACAAGTCATGCTCC	1
145	144	3	TCCAAACCAACAAGTCATGCTCCA	1
146	145	3	CCAAACCAACAAGTCATGCTCCAG	1
147	146	3	CAAACCAACAAGTCATGCTCCAGT	1
148	147	3	AAACCAACAAGTCATGCTCCAGTT	1
149	148	3	AACCAACAAGTCATGCTCCAGTTT	1
150	149	3	ACCAACAAGTCATGCTCCAGTTTC	1
151	150	3	CCAACAAGTCATGCTCCAGTTTCC	1
152	151	2	CAACAAGTCATGCTCCAGTTTCCG	1
153	152	3	AACAAGTCATGCTCCAGTTTCCGA	1
154	153	3	ACAAGTCATGCTCCAGTTTCCGAT	1
155	154	3	CAAGTCATGCTCCAGTTTCCGATA	1
156	155	3	AAGTCATGCTCCAGTTTCCGATAA	1
157	156	3	AGTCATGCTCCAGTTTCCGATAAT	1
158	157	3	GTCATGCTCCAGTTTCCGATAATG	1
159	158	3	TCATGCTCCAGTTTCCGATAATGT	1
160	159	3	CATGCTCCAGTTTCCGATAATGTC	1
161	160	3	ATGCTCCAGTTTCCGATAATGTCT	1
162	161	3	TGCTCCAGTTTCCGATAATGTCTC	1
163	162	3	GCTCCAGTTTCCGATAATGTCTCT	1
164	163	3	CTCCAGTTTCCGATAATGTCTCTT	1
165	164	3	TCCAGTTTCCGATAATGTCTCTTC	1
166	165	3	CCAGTTTCCGATAATGTCTCTTCC	1
167	166	3	CAGTTTCCGATAATGTCTCTTCCA	1
168	167	3	AGTTTCCGATAATGTCTCTTCCAC	1
169	168	3	GTTTCCGATAATGTCTCTTCCACC	1
170	169	3	TTTCCGATAATGTCTCTTCCACCT	1
171	170	3	TTCCGATAATGTCTCTTCCACCTT	1
172	171	3	TCCGATAATGTCTCTTCCACCTTT	1
173	172	3	CCGATAATGTCTCTTCCACCTTTC	1
174	173	3	CGATAATGTCTCTTCCACCTTTCG	1
175	174	3	GATAATGTCTCTTCCACCTTTCGT	1
176	175	3	ATAATGTCTCTTCCACCTTTCGTA	1
177	176	3	TAATGTCTCTTCCACCTTTCGTAA	1
178	177	3	AATGTCTCTTCCACCTTTCGTAAT	1
179	178	3	ATGTCTCTTCCACCTTTCGTAATG	1
180	179	3	TGTCTCTTCCACCTTTCGTAATGC	1
181	180	3	GTCTCTTCCACCTTTCGTAATGCT	1
182	181	2	TCTCTTCCACCTTTCGTAATGCTA	1
183	182	2	CTCTTCCACCTTTCGTAATGCTAC	1
184	183	2	TCTTCCACCTTTCGTAATGCTACA	1
185	184	1	CTTCCACCTTTCGTAATGCTACAC	1
186	185	1	TTCCACCTTTCGTAATGCTACACG	1
187	186	1	TCCACCTTTCGTAATGCTACACGT	1
188	187	1	CCACCTTTCGTAATGCTACACGTA	1
189	188	1	CACCTTTCGTAATGCTACACGTAA	1
190	189	1	ACCTTTCGTAATGCTACACGTAAA	1
191	190	1	CCTTTCGTAATGCTACACGTAAAT	1
192	191	1	CTTTCGTAATGCTACACGTAAATC	1
193	192	1	TTTCGTAATGCTACACGTAAATCA	1
194	193	1	TTCGTAATGCTACACGTAAATCAA	1
195	194	1	TCGTAATGCTACACGTAAATCAAA	1
196	195	1	CGTAATGCTACACGTAAATCAAAG	1
197	-1	0	CACACAGATACAGCGTTAAATATA	1
198	197	1	ACACAGATACAGCGTTAAATATAT	1
199	198	1	CACAGATACAGCGTTAAATATATC	1
200	199	1	ACAGATACAGCGTTAAATATATCG	1
201	200	1	CAGATACAGCGTTAAATATATCGC	1
202	201	1	AGATACAGCGTTAAATATATCGCA	1
203	202	1	GATACAGCGTTAAATATATCGCAA	1
204	203	1	ATACAGCGTTAAATATATCGCAAG	1
205	204	1	TACAGCGTTAAATATATCGCAAGA	1
206	205	2	ACAGCGTTAAATATATCGCAAGAT	1
207	206	2	CAGCGTTAAATATATCGCAAGATA	1
208	207	2	AGCGTTAAATATATCGCAAGATAA	1
209	208	2	GCGTTAAATATATCGCAAGATAAT	1
210	209	2	CGTTAAATATATCGCAAGATAATA	1
211	210	2	GTTAAATATATCGCAAGATAATAA	1
212	211	2	TTAAATATATCGCAAGATAATAAA	1
213	212	2	TAAATATATCGCAAGATAATAAAA	1
214	213	2	AAATATATCGCAAGATAATAAAAC	1
215	214	2	AATATATCGCAAGATAATAAAACT	1
216	215	2	ATATATCGCAAGATAATAAAACTT	1
217	216	2	TATATCGCAAGATAATAAAACTTC	1
218	217	2	ATATCGCAAGATAATAAAACTTCA	1
219	218	2	TATCGCAAGATAATAAAACTTCAT	1
220	219	2	ATCGCAAGATAATAAAACTTCATC	1
221	220	2	TCGCAAGATAATAAAACTTCATCC	1
222	221	2	CGCAAGATAATAAAACTTCATCCT	1
223	222	2	GCAAGATAATAAAACTTCATCCTC	1
224	223	2	CAAGATAATAAAACTTCATCCTCT	1
225	224	2	AAGATAATAAAACTTCATCCTCTT	1
226	225	2	AGATAATAAAACTTCATCCTCTTC	1
227	226	2	GATAATAAAACTTCATCCTCTTCC	1
228	227	2	ATAATAAAACTTCATCCTCTTCCG	1
229	228	2	TAATAAAACTTCATCCTCTTCCGC	1
230	229	2	AATAAAACTTCATCCTCTTCCGCC	1
231	230	2	ATAAAACTTCATCCTCTTCCGCCA	1
232	231	3	TAAAACTTCATCCTCTTCCGCCAA	1
233	232	3	AAAACTTCATCCTCTTCCGCCAAG	1
234	233	3	AAACTTCATCCTCTTCCGCCAAGA	1
235	234	3	AACTTCATCCTCTTCCGCCAAGAG	1
236	235	4	ACTTCATCCTCTTCCGCCAAGAGA	1
237	236	4	CTTCATCCTCTTCCGCCAAGAGAG	1
238	237	4	TTCATCCTCTTCCGCCAAGAGAGG	1
239	238	4	TCATCCTCTTCCGCCAAGAGAGGA	1
240	239	4	CATCCTCTTCCGCCAAGAGAGGAG	1
241	240	4	ATCCTCTTCCGCCAAGAGAGGAGC	1
242	241	3	TCCTCTTCCGCCAAGAGAGGAGCG	1
243	242	3	CCTCTTCCGCCAAGAGAGGAGCGA	1
244	243	3	CTCTTCCGCCAAGAGAGGAGCGAA	1
245	244	3	TCTTCCGCCAAGAGAGGAGCGAAG	1
246	245	3	CTTCCGCCAAGAGAGGAGCGAAGG	1
247	246	3	TTCCGCCAAGAGAGGAGCGAAGGG	1
248	247	3	TCCGCCAAGAGAGGAGCGAAGGGA	1
249	248	3	CCGCCAAGAGAGGAGCGAAGGGAA	1
250	249	2	CGCCAAGAGAGGAGCGAAGGGAAG	1
251	250	2	GCCAAGAGAGGAGCGAAGGGAAGG	1
252	251	2	CCAAGAGAGGAGCGAAGGGAAGGC	1
253	252	2	CAAGAGAGGAGCGAAGGGAAGGCG	1
254	253	2	AAGAGAGGAGCGAAGGGAAGGCGA	1
255	254	2	AGAGAGGAGCGAAGGGAAGGCGAG	1
256	255	2	GAGAGGAGCGAAGGGAAGGCGAGG	1
257	256	2	AGAGGAGCGAAGGGAAGGCGAGGC	1
258	257	2	GAGGAGCGAAGGGAAGGCGAGGCA	1
259	258	2	AGGAGCGAAGGGAAGGCGAGGCAC	1
260	259	2	GGAGCGAAGGGAAGGCGAGGCACC	1
261	260	2	GAGCGAAGGGAAGGCGAGGCACCA	1
262	261	2	AGCGAAGGGAAGGCGAGGCACCAA	1
263	262	2	GCGAAGGGAAGGCGAGGCACCAAA	1
264	263	2	CGAAGGGAAGGCGAGGCACCAAAG	1
265	264	2	GAAGGGAAGGCGAGGCACCAAAGG	1
266	265	2	AAGGGAAGGCGAGGCACCAAAGGA	1
267	266	2	AGGGAAGGCGAGGCACCAAAGGAA	1
268	267	2	GGGAAGGCGAGGCACCAAAGGAAA	1
269	268	2	GGAAGGCGAGGCACCAAAGGAAAA	1
270	269	2	GAAGGCGAGGCACCAAAGGAAAAT	1
271	270	2	AAGGCGAGGCACCAAAGGAAAATC	1
272	271	2	AGGCGAGGCACCAAAGGAAAATCT	1
273	272	2	GGCGAGGCACCAAAGGAAAATCTG	1
274	273	2	GCGAGGCACCAAAGGAAAATCTGG	1
275	274	2	CGAGGCACCAAAGGAAAATCTGGC	1
276	275	1	GAGGCACCAAAGGAAAATCTGGCC	1
277	276	1	AGGCACCAAAGGAAAATCTGGCCC	1
278	277	1	GGCACCAAAGGAAAATCTGGCCCG	1
279	278	1	GCACCAAAGGAAAATCTGGCCCGG	1
