Component 438
1	-1	0	ATCCCAACGGTACTATTCCTGAAT	1
2	1	1	TCCCAACGGTACTATTCCTGAATG	1
3	2	1	CCCAACGGTACTATTCCTGAATGT	1
4	3	1	CCAACGGTACTATTCCTGAATGTC	1
5	4	1	CAACGGTACTATTCCTGAATGTCC	1
6	5	1	AACGGTACTATTCCTGAATGTCCA	1
7	6	1	ACGGTACTATTCCTGAATGTCCAT	1
8	7	1	CGGTACTATTCCTGAATGTCCATC	1
9	8	2	GGTACTATTCCTGAATGTCCATCC	1
10	9	2	GTACTATTCCTGAATGTCCATCCA	1
11	10	3	TACTATTCCTGAATGTCCATCCAG	1
12	11	3	ACTATTCCTGAATGTCCATCCAGA	1
13	12	3	CTATTCCTGAATGTCCATCCAGAA	1
14	13	3	TATTCCTGAATGTCCATCCAGAAA	1
15	14	3	ATTCCTGAATGTCCATCCAGAAAC	1
16	15	4	TTCCTGAATGTCCATCCAGAAACA	1
17	16	5	TCCTGAATGTCCATCCAGAAACAA	1
18	17	6	CCTGAATGTCCATCCAGAAACAAG	1
19	18	7	CTGAATGTCCATCCAGAAACAAGA	1
20	19	8	TGAATGTCCATCCAGAAACAAGAC	1
21	20	8	GAATGTCCATCCAGAAACAAGACC	1
22	21	9	AATGTCCATCCAGAAACAAGACCA	1
23	22	9	ATGTCCATCCAGAAACAAGACCAG	1
24	23	9	TGTCCATCCAGAAACAAGACCAGC	1
25	24	9	GTCCATCCAGAAACAAGACCAGCT	1
26	25	9	TCCATCCAGAAACAAGACCAGCTG	1
27	26	9	CCATCCAGAAACAAGACCAGCTGG	1
28	27	9	CATCCAGAAACAAGACCAGCTGGG	1
29	28	9	ATCCAGAAACAAGACCAGCTGGGC	1
30	29	9	TCCAGAAACAAGACCAGCTGGGCT	1
31	30	9	CCAGAAACAAGACCAGCTGGGCTG	1
32	31	10	CAGAAACAAGACCAGCTGGGCTGT	1
33	32	13	AGAAACAAGACCAGCTGGGCTGTC	1
34	33	13	GAAACAAGACCAGCTGGGCTGTCA	1
35	34	13	AAACAAGACCAGCTGGGCTGTCAG	1
36	35	13	AACAAGACCAGCTGGGCTGTCAGT	1
37	36	14	ACAAGACCAGCTGGGCTGTCAGTG	1
38	37	14	CAAGACCAGCTGGGCTGTCAGTGC	1
39	38	14	AAGACCAGCTGGGCTGTCAGTGCT	1
40	39	14	AGACCAGCTGGGCTGTCAGTGCTA	1
41	40	14	GACCAGCTGGGCTGTCAGTGCTAA	1
42	41	15	ACCAGCTGGGCTGTCAGTGCTAAT	1
43	42	16	CCAGCTGGGCTGTCAGTGCTAATG	1
44	43	17	CAGCTGGGCTGTCAGTGCTAATGC	1
45	44	17	AGCTGGGCTGTCAGTGCTAATGCT	1
46	45	16	GCTGGGCTGTCAGTGCTAATGCTT	1
47	46	17	CTGGGCTGTCAGTGCTAATGCTTT	1
48	47	17	TGGGCTGTCAGTGCTAATGCTTTC	1
49	48	17	GGGCTGTCAGTGCTAATGCTTTCC	1
50	49	16	GGCTGTCAGTGCTAATGCTTTCCC	1
51	50	16	GCTGTCAGTGCTAATGCTTTCCCA	1
52	51	16	CTGTCAGTGCTAATGCTTTCCCAG	1
53	52	15	TGTCAGTGCTAATGCTTTCCCAGT	1
54	53	15	GTCAGTGCTAATGCTTTCCCAGTA	1
55	54	14	TCAGTGCTAATGCTTTCCCAGTAA	1
56	55	14	CAGTGCTAATGCTTTCCCAGTAAC	1
57	56	13	AGTGCTAATGCTTTCCCAGTAACT	1
58	57	13	GTGCTAATGCTTTCCCAGTAACTC	1
59	58	13	TGCTAATGCTTTCCCAGTAACTCC	1
60	59	13	GCTAATGCTTTCCCAGTAACTCCC	1
61	60	11	CTAATGCTTTCCCAGTAACTCCCA	1
62	61	10	TAATGCTTTCCCAGTAACTCCCAA	1
63	62	11	AATGCTTTCCCAGTAACTCCCAAC	1
64	63	10	ATGCTTTCCCAGTAACTCCCAACA	1
65	64	10	TGCTTTCCCAGTAACTCCCAACAC	1
66	65	9	GCTTTCCCAGTAACTCCCAACACT	1
67	66	9	CTTTCCCAGTAACTCCCAACACTA	1
68	67	9	TTTCCCAGTAACTCCCAACACTAC	1
69	68	9	TTCCCAGTAACTCCCAACACTACG	1
70	69	9	TCCCAGTAACTCCCAACACTACGA	1
71	70	9	CCCAGTAACTCCCAACACTACGAT	1
72	71	10	CCAGTAACTCCCAACACTACGATT	1
73	72	10	CAGTAACTCCCAACACTACGATTT	1
74	73	10	AGTAACTCCCAACACTACGATTTG	1
75	74	10	GTAACTCCCAACACTACGATTTGC	1
76	75	10	TAACTCCCAACACTACGATTTGCT	1
77	76	8	AACTCCCAACACTACGATTTGCTC	1
78	77	8	ACTCCCAACACTACGATTTGCTCC	1
79	78	8	CTCCCAACACTACGATTTGCTCCA	1
80	79	8	TCCCAACACTACGATTTGCTCCAA	1
81	80	7	CCCAACACTACGATTTGCTCCAAT	1
82	81	7	CCAACACTACGATTTGCTCCAATG	1
83	82	7	CAACACTACGATTTGCTCCAATGC	1
84	83	7	AACACTACGATTTGCTCCAATGCC	1
85	84	7	ACACTACGATTTGCTCCAATGCCG	1
86	85	6	CACTACGATTTGCTCCAATGCCGT	1
87	86	4	ACTACGATTTGCTCCAATGCCGTT	1
88	87	4	CTACGATTTGCTCCAATGCCGTTA	1
89	88	4	TACGATTTGCTCCAATGCCGTTAA	1
90	89	4	ACGATTTGCTCCAATGCCGTTAAG	1
91	90	3	CGATTTGCTCCAATGCCGTTAAGA	1
92	91	4	GATTTGCTCCAATGCCGTTAAGAA	1
93	92	4	ATTTGCTCCAATGCCGTTAAGAAT	1
94	93	4	TTTGCTCCAATGCCGTTAAGAATC	1
95	94	4	TTGCTCCAATGCCGTTAAGAATCT	1
96	95	4	TGCTCCAATGCCGTTAAGAATCTC	1
97	96	5	GCTCCAATGCCGTTAAGAATCTCA	1
98	97	5	CTCCAATGCCGTTAAGAATCTCAA	1
99	98	5	TCCAATGCCGTTAAGAATCTCAAG	1
100	99	5	CCAATGCCGTTAAGAATCTCAAGT	1
101	100	5	CAATGCCGTTAAGAATCTCAAGTG	1
102	101	5	AATGCCGTTAAGAATCTCAAGTGT	1
103	102	5	ATGCCGTTAAGAATCTCAAGTGTT	1
104	103	5	TGCCGTTAAGAATCTCAAGTGTTC	1
105	104	5	GCCGTTAAGAATCTCAAGTGTTCA	1
106	105	6	CCGTTAAGAATCTCAAGTGTTCAG	1
107	106	5	CGTTAAGAATCTCAAGTGTTCAGC	1
108	107	5	GTTAAGAATCTCAAGTGTTCAGCA	1
109	108	5	TTAAGAATCTCAAGTGTTCAGCAA	1
110	109	5	TAAGAATCTCAAGTGTTCAGCAAA	1
111	110	5	AAGAATCTCAAGTGTTCAGCAAAT	1
112	111	5	AGAATCTCAAGTGTTCAGCAAATG	1
113	112	5	GAATCTCAAGTGTTCAGCAAATGG	1
114	113	5	AATCTCAAGTGTTCAGCAAATGGA	1
115	114	5	ATCTCAAGTGTTCAGCAAATGGAA	1
116	115	4	TCTCAAGTGTTCAGCAAATGGAAC	1
117	116	4	CTCAAGTGTTCAGCAAATGGAACT	1
118	117	5	TCAAGTGTTCAGCAAATGGAACTC	1
119	118	5	CAAGTGTTCAGCAAATGGAACTCC	1
120	119	5	AAGTGTTCAGCAAATGGAACTCCT	1
121	120	4	AGTGTTCAGCAAATGGAACTCCTT	1
122	121	4	GTGTTCAGCAAATGGAACTCCTTC	1
123	122	4	TGTTCAGCAAATGGAACTCCTTCC	1
124	123	4	GTTCAGCAAATGGAACTCCTTCCG	1
125	124	4	TTCAGCAAATGGAACTCCTTCCGG	1
126	125	4	TCAGCAAATGGAACTCCTTCCGGT	1
127	126	4	CAGCAAATGGAACTCCTTCCGGTA	1
128	127	4	AGCAAATGGAACTCCTTCCGGTAG	1
129	128	5	GCAAATGGAACTCCTTCCGGTAGC	1
130	129	5	CAAATGGAACTCCTTCCGGTAGCA	1
131	130	5	AAATGGAACTCCTTCCGGTAGCAA	1
132	131	5	AATGGAACTCCTTCCGGTAGCAAG	1
133	132	5	ATGGAACTCCTTCCGGTAGCAAGA	1
134	133	6	TGGAACTCCTTCCGGTAGCAAGAT	1
135	134	6	GGAACTCCTTCCGGTAGCAAGATC	1
136	135	5	GAACTCCTTCCGGTAGCAAGATCT	1
137	136	5	AACTCCTTCCGGTAGCAAGATCTC	1
138	137	5	ACTCCTTCCGGTAGCAAGATCTCT	1
139	138	6	CTCCTTCCGGTAGCAAGATCTCTC	1
140	139	6	TCCTTCCGGTAGCAAGATCTCTCA	1
141	140	6	CCTTCCGGTAGCAAGATCTCTCAG	1
142	141	6	CTTCCGGTAGCAAGATCTCTCAGG	1
143	142	6	TTCCGGTAGCAAGATCTCTCAGGT	1
144	143	6	TCCGGTAGCAAGATCTCTCAGGTC	1
145	144	6	CCGGTAGCAAGATCTCTCAGGTCT	1
146	145	6	CGGTAGCAAGATCTCTCAGGTCTT	1
147	146	6	GGTAGCAAGATCTCTCAGGTCTTG	1
148	147	6	GTAGCAAGATCTCTCAGGTCTTGA	1
149	148	6	TAGCAAGATCTCTCAGGTCTTGAG	1
150	149	5	AGCAAGATCTCTCAGGTCTTGAGC	1
151	150	5	GCAAGATCTCTCAGGTCTTGAGCG	1
152	151	5	CAAGATCTCTCAGGTCTTGAGCGA	1
153	152	5	AAGATCTCTCAGGTCTTGAGCGAA	1
154	153	5	AGATCTCTCAGGTCTTGAGCGAAC	1
155	154	5	GATCTCTCAGGTCTTGAGCGAACT	1
156	155	5	ATCTCTCAGGTCTTGAGCGAACTT	1
157	156	5	TCTCTCAGGTCTTGAGCGAACTTT	1
158	157	5	CTCTCAGGTCTTGAGCGAACTTTG	1
159	158	5	TCTCAGGTCTTGAGCGAACTTTGC	1
160	159	5	CTCAGGTCTTGAGCGAACTTTGCT	1
161	160	7	TCAGGTCTTGAGCGAACTTTGCTA	1
162	161	6	CAGGTCTTGAGCGAACTTTGCTAC	1
163	162	6	AGGTCTTGAGCGAACTTTGCTACT	1
164	163	6	GGTCTTGAGCGAACTTTGCTACTA	1
165	164	6	GTCTTGAGCGAACTTTGCTACTAC	1
166	165	6	TCTTGAGCGAACTTTGCTACTACG	1
167	166	6	CTTGAGCGAACTTTGCTACTACGA	1
168	167	6	TTGAGCGAACTTTGCTACTACGAT	1
169	168	6	TGAGCGAACTTTGCTACTACGATA	1
170	169	6	GAGCGAACTTTGCTACTACGATAA	1
171	170	6	AGCGAACTTTGCTACTACGATAAC	1
172	171	6	GCGAACTTTGCTACTACGATAACA	1
173	172	5	CGAACTTTGCTACTACGATAACAA	1
174	173	5	GAACTTTGCTACTACGATAACAAG	1
175	174	5	AACTTTGCTACTACGATAACAAGG	1
176	175	6	ACTTTGCTACTACGATAACAAGGC	1
177	176	6	CTTTGCTACTACGATAACAAGGCC	1
178	177	5	TTTGCTACTACGATAACAAGGCCT	1
179	178	5	TTGCTACTACGATAACAAGGCCTG	1
180	179	5	TGCTACTACGATAACAAGGCCTGT	1
181	180	5	GCTACTACGATAACAAGGCCTGTT	1
182	181	5	CTACTACGATAACAAGGCCTGTTC	1
183	182	3	TACTACGATAACAAGGCCTGTTCT	1
184	183	3	ACTACGATAACAAGGCCTGTTCTT	1
185	184	3	CTACGATAACAAGGCCTGTTCTTC	1
186	185	3	TACGATAACAAGGCCTGTTCTTCT	1
187	186	3	ACGATAACAAGGCCTGTTCTTCTA	1
188	187	3	CGATAACAAGGCCTGTTCTTCTAT	1
189	188	4	GATAACAAGGCCTGTTCTTCTATT	1
190	189	4	ATAACAAGGCCTGTTCTTCTATTA	1
191	190	4	TAACAAGGCCTGTTCTTCTATTAG	1
192	191	4	AACAAGGCCTGTTCTTCTATTAGC	1
193	192	4	ACAAGGCCTGTTCTTCTATTAGCA	1
194	193	4	CAAGGCCTGTTCTTCTATTAGCAG	1
195	194	4	AAGGCCTGTTCTTCTATTAGCAGC	1
196	195	4	AGGCCTGTTCTTCTATTAGCAGCG	1
197	196	4	GGCCTGTTCTTCTATTAGCAGCGA	1
198	197	4	GCCTGTTCTTCTATTAGCAGCGAT	1
199	198	5	CCTGTTCTTCTATTAGCAGCGATC	1
200	199	5	CTGTTCTTCTATTAGCAGCGATCC	1
201	200	5	TGTTCTTCTATTAGCAGCGATCCT	1
202	201	5	GTTCTTCTATTAGCAGCGATCCTT	1
203	202	5	TTCTTCTATTAGCAGCGATCCTTA	1
204	203	5	TCTTCTATTAGCAGCGATCCTTAT	1
205	204	3	CTTCTATTAGCAGCGATCCTTATG	1
206	205	4	TTCTATTAGCAGCGATCCTTATGA	1
207	206	4	TCTATTAGCAGCGATCCTTATGAG	1
208	207	4	CTATTAGCAGCGATCCTTATGAGG	1
209	208	4	TATTAGCAGCGATCCTTATGAGGG	1
210	209	5	ATTAGCAGCGATCCTTATGAGGGT	1
211	210	5	TTAGCAGCGATCCTTATGAGGGTA	1
212	211	5	TAGCAGCGATCCTTATGAGGGTAC	1
213	212	5	AGCAGCGATCCTTATGAGGGTACC	1
214	213	5	GCAGCGATCCTTATGAGGGTACCT	1
215	214	5	CAGCGATCCTTATGAGGGTACCTA	1
216	215	5	AGCGATCCTTATGAGGGTACCTAT	1
217	216	5	GCGATCCTTATGAGGGTACCTATG	1
218	217	5	CGATCCTTATGAGGGTACCTATGG	1
219	218	5	GATCCTTATGAGGGTACCTATGGT	1
220	219	4	ATCCTTATGAGGGTACCTATGGTA	1
221	220	4	TCCTTATGAGGGTACCTATGGTAA	1
222	221	4	CCTTATGAGGGTACCTATGGTAAC	1
223	222	4	CTTATGAGGGTACCTATGGTAACT	1
224	223	5	TTATGAGGGTACCTATGGTAACTA	1
225	224	5	TATGAGGGTACCTATGGTAACTAC	1
226	225	5	ATGAGGGTACCTATGGTAACTACA	1
227	226	5	TGAGGGTACCTATGGTAACTACAC	1
228	227	5	GAGGGTACCTATGGTAACTACACT	1
229	228	5	AGGGTACCTATGGTAACTACACTG	1
230	229	5	GGGTACCTATGGTAACTACACTGG	1
231	230	5	GGTACCTATGGTAACTACACTGGT	1
232	231	5	GTACCTATGGTAACTACACTGGTT	1
233	232	4	TACCTATGGTAACTACACTGGTTG	1
234	233	4	ACCTATGGTAACTACACTGGTTGC	1
235	234	4	CCTATGGTAACTACACTGGTTGCA	1
236	235	4	CTATGGTAACTACACTGGTTGCAC	1
237	236	4	TATGGTAACTACACTGGTTGCACT	1
238	237	4	ATGGTAACTACACTGGTTGCACTG	1
239	238	4	TGGTAACTACACTGGTTGCACTGG	1
240	239	4	GGTAACTACACTGGTTGCACTGGT	1
241	240	4	GTAACTACACTGGTTGCACTGGTG	1
242	241	4	TAACTACACTGGTTGCACTGGTGT	1
243	242	3	AACTACACTGGTTGCACTGGTGTC	1
244	243	3	ACTACACTGGTTGCACTGGTGTCC	1
245	244	3	CTACACTGGTTGCACTGGTGTCCA	1
246	245	5	TACACTGGTTGCACTGGTGTCCAA	1
247	246	5	ACACTGGTTGCACTGGTGTCCAAC	1
248	247	5	CACTGGTTGCACTGGTGTCCAACA	1
249	248	6	ACTGGTTGCACTGGTGTCCAACAA	1
250	249	5	CTGGTTGCACTGGTGTCCAACAAC	1
251	250	5	TGGTTGCACTGGTGTCCAACAACT	1
252	251	5	GGTTGCACTGGTGTCCAACAACTT	1
253	252	5	GTTGCACTGGTGTCCAACAACTTA	1
254	253	4	TTGCACTGGTGTCCAACAACTTAG	1
255	254	4	TGCACTGGTGTCCAACAACTTAGC	1
256	255	4	GCACTGGTGTCCAACAACTTAGCA	1
257	256	4	CACTGGTGTCCAACAACTTAGCAT	1
258	257	4	ACTGGTGTCCAACAACTTAGCATT	1
259	258	4	CTGGTGTCCAACAACTTAGCATTG	1
260	259	4	TGGTGTCCAACAACTTAGCATTGC	1
261	260	4	GGTGTCCAACAACTTAGCATTGCT	1
262	261	4	GTGTCCAACAACTTAGCATTGCTC	1
263	262	5	TGTCCAACAACTTAGCATTGCTCT	1
264	263	5	GTCCAACAACTTAGCATTGCTCTT	1
265	264	5	TCCAACAACTTAGCATTGCTCTTA	1
266	265	5	CCAACAACTTAGCATTGCTCTTAA	1
267	266	5	CAACAACTTAGCATTGCTCTTAAC	1
268	267	4	AACAACTTAGCATTGCTCTTAACG	1
269	268	4	ACAACTTAGCATTGCTCTTAACGC	1
270	269	4	CAACTTAGCATTGCTCTTAACGCT	1
271	270	4	AACTTAGCATTGCTCTTAACGCTT	1
272	271	4	ACTTAGCATTGCTCTTAACGCTTA	1
273	272	4	CTTAGCATTGCTCTTAACGCTTAC	1
274	273	4	TTAGCATTGCTCTTAACGCTTACA	1
275	274	4	TAGCATTGCTCTTAACGCTTACAC	1
276	275	4	AGCATTGCTCTTAACGCTTACACT	1
277	276	4	GCATTGCTCTTAACGCTTACACTC	1
278	277	4	CATTGCTCTTAACGCTTACACTCA	1
279	278	4	ATTGCTCTTAACGCTTACACTCAG	1
280	279	4	TTGCTCTTAACGCTTACACTCAGG	1
281	280	4	TGCTCTTAACGCTTACACTCAGGA	1
282	281	4	GCTCTTAACGCTTACACTCAGGAT	1
283	282	4	CTCTTAACGCTTACACTCAGGATC	1
284	283	4	TCTTAACGCTTACACTCAGGATCA	1
285	284	4	CTTAACGCTTACACTCAGGATCAT	1
286	285	4	TTAACGCTTACACTCAGGATCATG	1
287	286	4	TAACGCTTACACTCAGGATCATGG	1
288	287	4	AACGCTTACACTCAGGATCATGGT	1
289	288	4	ACGCTTACACTCAGGATCATGGTG	1
290	289	2	CGCTTACACTCAGGATCATGGTGC	1
291	290	2	GCTTACACTCAGGATCATGGTGCC	1
292	291	2	CTTACACTCAGGATCATGGTGCCG	1
293	292	1	TTACACTCAGGATCATGGTGCCGA	1
294	293	1	TACACTCAGGATCATGGTGCCGAT	1
295	294	2	ACACTCAGGATCATGGTGCCGATT	1
296	295	3	CACTCAGGATCATGGTGCCGATTC	1
297	296	3	ACTCAGGATCATGGTGCCGATTCT	1
298	297	3	CTCAGGATCATGGTGCCGATTCTT	1
299	298	3	TCAGGATCATGGTGCCGATTCTTG	1
300	299	3	CAGGATCATGGTGCCGATTCTTGT	1
301	300	3	AGGATCATGGTGCCGATTCTTGTA	1
302	301	3	GGATCATGGTGCCGATTCTTGTAG	1
303	302	3	GATCATGGTGCCGATTCTTGTAGC	1
304	303	3	ATCATGGTGCCGATTCTTGTAGCT	1
305	304	3	TCATGGTGCCGATTCTTGTAGCTG	1
306	305	3	CATGGTGCCGATTCTTGTAGCTGG	1
307	306	2	ATGGTGCCGATTCTTGTAGCTGGG	1
308	307	2	TGGTGCCGATTCTTGTAGCTGGGG	1
309	308	2	GGTGCCGATTCTTGTAGCTGGGGT	1
310	309	2	GTGCCGATTCTTGTAGCTGGGGTG	1
311	310	2	TGCCGATTCTTGTAGCTGGGGTGG	1
312	311	2	GCCGATTCTTGTAGCTGGGGTGGT	1
313	312	3	CCGATTCTTGTAGCTGGGGTGGTG	1
314	313	3	CGATTCTTGTAGCTGGGGTGGTGT	1
315	314	3	GATTCTTGTAGCTGGGGTGGTGTT	1
316	315	3	ATTCTTGTAGCTGGGGTGGTGTTG	1
317	316	3	TTCTTGTAGCTGGGGTGGTGTTGG	1
318	317	3	TCTTGTAGCTGGGGTGGTGTTGGT	1
319	318	3	CTTGTAGCTGGGGTGGTGTTGGTG	1
320	319	3	TTGTAGCTGGGGTGGTGTTGGTGA	1
321	320	3	TGTAGCTGGGGTGGTGTTGGTGAG	1
322	321	3	GTAGCTGGGGTGGTGTTGGTGAGC	1
323	322	3	TAGCTGGGGTGGTGTTGGTGAGCT	1
324	323	3	AGCTGGGGTGGTGTTGGTGAGCTT	1
325	324	3	GCTGGGGTGGTGTTGGTGAGCTTA	1
326	325	3	CTGGGGTGGTGTTGGTGAGCTTAA	1
327	326	4	TGGGGTGGTGTTGGTGAGCTTAAG	1
328	327	5	GGGGTGGTGTTGGTGAGCTTAAGG	1
329	328	6	GGGTGGTGTTGGTGAGCTTAAGGC	1
330	329	6	GGTGGTGTTGGTGAGCTTAAGGCA	1
331	330	6	GTGGTGTTGGTGAGCTTAAGGCAT	1
332	331	6	TGGTGTTGGTGAGCTTAAGGCATA	1
333	332	6	GGTGTTGGTGAGCTTAAGGCATAA	1
334	333	6	GTGTTGGTGAGCTTAAGGCATAAT	1
335	334	6	TGTTGGTGAGCTTAAGGCATAATT	1
336	335	7	GTTGGTGAGCTTAAGGCATAATTT	1
337	336	8	TTGGTGAGCTTAAGGCATAATTTC	1
338	337	8	TGGTGAGCTTAAGGCATAATTTCC	1
339	338	7	GGTGAGCTTAAGGCATAATTTCCT	1
340	339	6	GTGAGCTTAAGGCATAATTTCCTC	1
341	340	9	TGAGCTTAAGGCATAATTTCCTCA	1
342	341	9	GAGCTTAAGGCATAATTTCCTCAT	1
343	342	9	AGCTTAAGGCATAATTTCCTCATT	1
344	343	9	GCTTAAGGCATAATTTCCTCATTA	1
345	344	9	CTTAAGGCATAATTTCCTCATTAA	1
346	345	9	TTAAGGCATAATTTCCTCATTAAT	1
347	346	9	TAAGGCATAATTTCCTCATTAATC	1
348	347	9	AAGGCATAATTTCCTCATTAATCC	1
349	348	9	AGGCATAATTTCCTCATTAATCCT	1
350	349	9	GGCATAATTTCCTCATTAATCCTT	1
351	350	10	GCATAATTTCCTCATTAATCCTTA	1
352	351	10	CATAATTTCCTCATTAATCCTTAT	1
353	352	12	ATAATTTCCTCATTAATCCTTATT	1
354	353	12	TAATTTCCTCATTAATCCTTATTC	1
355	354	12	AATTTCCTCATTAATCCTTATTCA	1
356	355	12	ATTTCCTCATTAATCCTTATTCAA	1
357	356	11	TTTCCTCATTAATCCTTATTCAAT	1
358	357	11	TTCCTCATTAATCCTTATTCAATT	1
359	358	11	TCCTCATTAATCCTTATTCAATTT	1
360	359	11	CCTCATTAATCCTTATTCAATTTT	1
361	360	11	CTCATTAATCCTTATTCAATTTTT	1
362	361	11	TCATTAATCCTTATTCAATTTTTT	1
363	362	11	CATTAATCCTTATTCAATTTTTTC	1
364	363	11	ATTAATCCTTATTCAATTTTTTCA	1
365	364	11	TTAATCCTTATTCAATTTTTTCAT	1
366	365	11	TAATCCTTATTCAATTTTTTCATT	1
367	366	11	AATCCTTATTCAATTTTTTCATTT	1
368	367	11	ATCCTTATTCAATTTTTTCATTTC	1
369	368	11	TCCTTATTCAATTTTTTCATTTCT	1
370	369	10	CCTTATTCAATTTTTTCATTTCTC	1
371	370	9	CTTATTCAATTTTTTCATTTCTCA	1
372	371	8	TTATTCAATTTTTTCATTTCTCAA	1
373	372	7	TATTCAATTTTTTCATTTCTCAAA	1
374	373	7	ATTCAATTTTTTCATTTCTCAAAT	1
375	374	7	TTCAATTTTTTCATTTCTCAAATA	1
376	375	7	TCAATTTTTTCATTTCTCAAATAA	1
377	376	7	CAATTTTTTCATTTCTCAAATAAT	1
378	377	7	AATTTTTTCATTTCTCAAATAATT	1
379	378	7	ATTTTTTCATTTCTCAAATAATTT	1
380	379	6	TTTTTTCATTTCTCAAATAATTTT	1
381	380	6	TTTTTCATTTCTCAAATAATTTTA	1
382	381	6	TTTTCATTTCTCAAATAATTTTAA	1
383	382	8	TTTCATTTCTCAAATAATTTTAAA	1
384	383	9	TTCATTTCTCAAATAATTTTAAAC	1
385	384	6	TCATTTCTCAAATAATTTTAAACC	1
386	385	6	CATTTCTCAAATAATTTTAAACCT	1
387	386	6	ATTTCTCAAATAATTTTAAACCTC	1
388	387	6	TTTCTCAAATAATTTTAAACCTCA	1
389	388	6	TTCTCAAATAATTTTAAACCTCAA	1
390	389	6	TCTCAAATAATTTTAAACCTCAAA	1
391	390	6	CTCAAATAATTTTAAACCTCAAAA	1
392	391	6	TCAAATAATTTTAAACCTCAAAAT	1
393	392	6	CAAATAATTTTAAACCTCAAAATT	1
394	393	6	AAATAATTTTAAACCTCAAAATTG	1
395	394	6	AATAATTTTAAACCTCAAAATTGA	1
396	395	6	ATAATTTTAAACCTCAAAATTGAG	1
397	396	4	TAATTTTAAACCTCAAAATTGAGC	1
398	397	4	AATTTTAAACCTCAAAATTGAGCC	1
399	398	4	ATTTTAAACCTCAAAATTGAGCCT	1
400	399	4	TTTTAAACCTCAAAATTGAGCCTC	1
401	400	4	TTTAAACCTCAAAATTGAGCCTCA	1
402	401	4	TTAAACCTCAAAATTGAGCCTCAT	1
403	402	4	TAAACCTCAAAATTGAGCCTCATT	1
404	403	4	AAACCTCAAAATTGAGCCTCATTG	1
405	404	5	AACCTCAAAATTGAGCCTCATTGA	1
406	405	5	ACCTCAAAATTGAGCCTCATTGAA	1
407	406	5	CCTCAAAATTGAGCCTCATTGAAA	1
408	407	5	CTCAAAATTGAGCCTCATTGAAAC	1
409	408	5	TCAAAATTGAGCCTCATTGAAACT	1
410	409	5	CAAAATTGAGCCTCATTGAAACTT	1
411	410	5	AAAATTGAGCCTCATTGAAACTTA	1
412	411	5	AAATTGAGCCTCATTGAAACTTAT	1
413	412	5	AATTGAGCCTCATTGAAACTTATC	1
414	413	5	ATTGAGCCTCATTGAAACTTATCT	1
415	414	5	TTGAGCCTCATTGAAACTTATCTA	1
416	415	5	TGAGCCTCATTGAAACTTATCTAA	1
417	416	5	GAGCCTCATTGAAACTTATCTAAC	1
418	417	5	AGCCTCATTGAAACTTATCTAACA	1
419	418	5	GCCTCATTGAAACTTATCTAACAT	1
420	419	5	CCTCATTGAAACTTATCTAACATT	1
421	420	5	CTCATTGAAACTTATCTAACATTT	1
422	421	5	TCATTGAAACTTATCTAACATTTT	1
423	422	5	CATTGAAACTTATCTAACATTTTT	1
424	423	5	ATTGAAACTTATCTAACATTTTTC	1
425	424	4	TTGAAACTTATCTAACATTTTTCC	1
426	425	3	TGAAACTTATCTAACATTTTTCCA	1
427	426	1	GAAACTTATCTAACATTTTTCCAA	1
428	427	1	AAACTTATCTAACATTTTTCCAAT	1
429	428	1	AACTTATCTAACATTTTTCCAATA	1
430	429	1	ACTTATCTAACATTTTTCCAATAA	1
431	430	1	CTTATCTAACATTTTTCCAATAAC	1
432	431	1	TTATCTAACATTTTTCCAATAACA	1
433	432	1	TATCTAACATTTTTCCAATAACAT	1
434	433	1	ATCTAACATTTTTCCAATAACATC	1
435	434	1	TCTAACATTTTTCCAATAACATCC	1
436	435	1	CTAACATTTTTCCAATAACATCCT	1
437	436	1	TAACATTTTTCCAATAACATCCTT	1
438	437	1	AACATTTTTCCAATAACATCCTTT	1
439	438	1	ACATTTTTCCAATAACATCCTTTG	1
440	439	1	CATTTTTCCAATAACATCCTTTGA	1
441	440	1	ATTTTTCCAATAACATCCTTTGAC	1
442	441	1	TTTTTCCAATAACATCCTTTGACA	1
443	442	1	TTTTCCAATAACATCCTTTGACAA	1
444	443	1	TTTCCAATAACATCCTTTGACAAT	1
445	444	1	TTCCAATAACATCCTTTGACAATT	1
446	445	1	TCCAATAACATCCTTTGACAATTT	1
447	446	1	CCAATAACATCCTTTGACAATTTT	1
448	447	1	CAATAACATCCTTTGACAATTTTA	1
449	-1	0	GTTCGGCGTACTACTCGAGACTTG	1
450	449	1	TTCGGCGTACTACTCGAGACTTGT	1
451	450	2	TCGGCGTACTACTCGAGACTTGTT	1
452	451	2	CGGCGTACTACTCGAGACTTGTTG	1
453	452	4	GGCGTACTACTCGAGACTTGTTGA	1
454	453	4	GCGTACTACTCGAGACTTGTTGAT	1
455	454	5	CGTACTACTCGAGACTTGTTGATT	1
456	455	7	GTACTACTCGAGACTTGTTGATTA	1
457	456	8	TACTACTCGAGACTTGTTGATTAG	1
458	457	8	ACTACTCGAGACTTGTTGATTAGC	1
459	458	8	CTACTCGAGACTTGTTGATTAGCC	1
460	459	10	TACTCGAGACTTGTTGATTAGCCA	1
461	460	10	ACTCGAGACTTGTTGATTAGCCAC	1
462	461	10	CTCGAGACTTGTTGATTAGCCACA	1
463	462	16	TCGAGACTTGTTGATTAGCCACAA	1
464	463	16	CGAGACTTGTTGATTAGCCACAAT	1
465	464	16	GAGACTTGTTGATTAGCCACAATT	1
466	465	16	AGACTTGTTGATTAGCCACAATTG	1
467	466	17	GACTTGTTGATTAGCCACAATTGC	1
468	467	19	ACTTGTTGATTAGCCACAATTGCT	1
469	468	19	CTTGTTGATTAGCCACAATTGCTT	1
470	469	19	TTGTTGATTAGCCACAATTGCTTT	1
471	470	19	TGTTGATTAGCCACAATTGCTTTG	1
472	471	20	GTTGATTAGCCACAATTGCTTTGA	1
473	472	20	TTGATTAGCCACAATTGCTTTGAG	1
474	473	20	TGATTAGCCACAATTGCTTTGAGC	1
475	474	20	GATTAGCCACAATTGCTTTGAGCT	1
476	475	20	ATTAGCCACAATTGCTTTGAGCTA	1
477	476	20	TTAGCCACAATTGCTTTGAGCTAT	1
478	477	20	TAGCCACAATTGCTTTGAGCTATC	1
479	478	20	AGCCACAATTGCTTTGAGCTATCA	1
480	479	20	GCCACAATTGCTTTGAGCTATCAA	1
481	480	20	CCACAATTGCTTTGAGCTATCAAG	1
482	481	20	CACAATTGCTTTGAGCTATCAAGA	1
483	482	20	ACAATTGCTTTGAGCTATCAAGAA	1
484	483	20	CAATTGCTTTGAGCTATCAAGAAA	1
485	484	20	AATTGCTTTGAGCTATCAAGAAAC	1
486	485	20	ATTGCTTTGAGCTATCAAGAAACT	1
487	486	20	TTGCTTTGAGCTATCAAGAAACTT	1
488	487	20	TGCTTTGAGCTATCAAGAAACTTT	1
489	488	20	GCTTTGAGCTATCAAGAAACTTTC	1
490	489	20	CTTTGAGCTATCAAGAAACTTTCT	1
491	490	20	TTTGAGCTATCAAGAAACTTTCTT	1
492	491	20	TTGAGCTATCAAGAAACTTTCTTT	1
493	492	20	TGAGCTATCAAGAAACTTTCTTTT	1
494	493	19	GAGCTATCAAGAAACTTTCTTTTA	1
495	494	18	AGCTATCAAGAAACTTTCTTTTAT	1
496	495	18	GCTATCAAGAAACTTTCTTTTATA	1
497	496	16	CTATCAAGAAACTTTCTTTTATAC	1
498	497	16	TATCAAGAAACTTTCTTTTATACA	1
499	498	15	ATCAAGAAACTTTCTTTTATACAG	1
500	499	13	TCAAGAAACTTTCTTTTATACAGT	1
501	500	12	CAAGAAACTTTCTTTTATACAGTC	1
502	501	12	AAGAAACTTTCTTTTATACAGTCG	1
503	502	13	AGAAACTTTCTTTTATACAGTCGC	1
504	503	11	GAAACTTTCTTTTATACAGTCGCC	1
505	504	11	AAACTTTCTTTTATACAGTCGCCA	1
506	505	10	AACTTTCTTTTATACAGTCGCCAA	1
507	506	4	ACTTTCTTTTATACAGTCGCCAAT	1
508	507	4	CTTTCTTTTATACAGTCGCCAATT	1
509	508	4	TTTCTTTTATACAGTCGCCAATTC	1
510	509	4	TTCTTTTATACAGTCGCCAATTCC	1
511	510	4	TCTTTTATACAGTCGCCAATTCCT	1
512	511	2	CTTTTATACAGTCGCCAATTCCTC	1
513	512	2	TTTTATACAGTCGCCAATTCCTCA	1
514	513	2	TTTATACAGTCGCCAATTCCTCAT	1
515	514	2	TTATACAGTCGCCAATTCCTCATC	1
516	515	2	TATACAGTCGCCAATTCCTCATCA	1
517	516	2	ATACAGTCGCCAATTCCTCATCAC	1
518	517	2	TACAGTCGCCAATTCCTCATCACA	1
519	518	2	ACAGTCGCCAATTCCTCATCACAG	1
520	519	2	CAGTCGCCAATTCCTCATCACAGT	1
521	520	2	AGTCGCCAATTCCTCATCACAGTC	1
522	521	2	GTCGCCAATTCCTCATCACAGTCA	1
523	522	2	TCGCCAATTCCTCATCACAGTCAT	1
524	523	2	CGCCAATTCCTCATCACAGTCATT	1
525	524	3	GCCAATTCCTCATCACAGTCATTT	1
526	525	3	CCAATTCCTCATCACAGTCATTTG	1
527	526	3	CAATTCCTCATCACAGTCATTTGG	1
528	527	3	AATTCCTCATCACAGTCATTTGGT	1
529	528	3	ATTCCTCATCACAGTCATTTGGTA	1
530	529	3	TTCCTCATCACAGTCATTTGGTAA	1
531	530	3	TCCTCATCACAGTCATTTGGTAAA	1
532	531	3	CCTCATCACAGTCATTTGGTAAAG	1
533	532	3	CTCATCACAGTCATTTGGTAAAGT	1
534	533	3	TCATCACAGTCATTTGGTAAAGTG	1
535	534	3	CATCACAGTCATTTGGTAAAGTGA	1
536	535	3	ATCACAGTCATTTGGTAAAGTGAA	1
537	536	3	TCACAGTCATTTGGTAAAGTGAAA	1
538	537	3	CACAGTCATTTGGTAAAGTGAAAT	1
539	538	3	ACAGTCATTTGGTAAAGTGAAATA	1
540	539	3	CAGTCATTTGGTAAAGTGAAATAT	1
541	540	3	AGTCATTTGGTAAAGTGAAATATC	1
542	541	3	GTCATTTGGTAAAGTGAAATATCA	1
543	542	3	TCATTTGGTAAAGTGAAATATCAT	1
544	543	3	CATTTGGTAAAGTGAAATATCATT	1
545	544	3	ATTTGGTAAAGTGAAATATCATTT	1
546	545	3	TTTGGTAAAGTGAAATATCATTTT	1
547	546	2	TTGGTAAAGTGAAATATCATTTTT	1
548	547	2	TGGTAAAGTGAAATATCATTTTTG	1
549	548	2	GGTAAAGTGAAATATCATTTTTGT	1
550	549	2	GTAAAGTGAAATATCATTTTTGTT	1
551	550	2	TAAAGTGAAATATCATTTTTGTTC	1
552	551	2	AAAGTGAAATATCATTTTTGTTCA	1
553	552	2	AAGTGAAATATCATTTTTGTTCAT	1
554	553	2	AGTGAAATATCATTTTTGTTCATA	1
555	554	2	GTGAAATATCATTTTTGTTCATAC	1
556	555	3	TGAAATATCATTTTTGTTCATACC	1
557	556	3	GAAATATCATTTTTGTTCATACCC	1
558	557	3	AAATATCATTTTTGTTCATACCCG	1
559	558	3	AATATCATTTTTGTTCATACCCGC	1
560	559	2	ATATCATTTTTGTTCATACCCGCA	1
561	560	2	TATCATTTTTGTTCATACCCGCAA	1
562	561	2	ATCATTTTTGTTCATACCCGCAAA	1
563	562	2	TCATTTTTGTTCATACCCGCAAAT	1
564	563	2	CATTTTTGTTCATACCCGCAAATT	1
565	564	2	ATTTTTGTTCATACCCGCAAATTT	1
566	565	2	TTTTTGTTCATACCCGCAAATTTT	1
567	566	2	TTTTGTTCATACCCGCAAATTTTT	1
568	567	2	TTTGTTCATACCCGCAAATTTTTG	1
569	568	1	TTGTTCATACCCGCAAATTTTTGA	1
570	569	1	TGTTCATACCCGCAAATTTTTGAT	1
571	570	1	GTTCATACCCGCAAATTTTTGATT	1
572	571	1	TTCATACCCGCAAATTTTTGATTC	1
573	572	1	TCATACCCGCAAATTTTTGATTCA	1
574	573	1	CATACCCGCAAATTTTTGATTCAT	1
575	574	1	ATACCCGCAAATTTTTGATTCATT	1
576	575	1	TACCCGCAAATTTTTGATTCATTT	1
577	576	1	ACCCGCAAATTTTTGATTCATTTC	1
578	577	1	CCCGCAAATTTTTGATTCATTTCT	1
579	578	1	CCGCAAATTTTTGATTCATTTCTC	1
580	579	1	CGCAAATTTTTGATTCATTTCTCT	1
581	580	1	GCAAATTTTTGATTCATTTCTCTC	1
582	581	1	CAAATTTTTGATTCATTTCTCTCT	1
583	582	1	AAATTTTTGATTCATTTCTCTCTT	1
584	583	1	AATTTTTGATTCATTTCTCTCTTG	1
585	584	1	ATTTTTGATTCATTTCTCTCTTGC	1
586	585	1	TTTTTGATTCATTTCTCTCTTGCC	1
587	586	1	TTTTGATTCATTTCTCTCTTGCCC	1
588	587	1	TTTGATTCATTTCTCTCTTGCCCA	1
589	588	1	TTGATTCATTTCTCTCTTGCCCAA	1
590	589	1	TGATTCATTTCTCTCTTGCCCAAC	1
591	590	1	GATTCATTTCTCTCTTGCCCAACA	1
592	591	2	ATTCATTTCTCTCTTGCCCAACAC	1
593	592	2	TTCATTTCTCTCTTGCCCAACACA	1
594	593	2	TCATTTCTCTCTTGCCCAACACAT	1
595	594	2	CATTTCTCTCTTGCCCAACACATT	1
596	595	2	ATTTCTCTCTTGCCCAACACATTC	1
597	596	2	TTTCTCTCTTGCCCAACACATTCC	1
598	597	3	TTCTCTCTTGCCCAACACATTCCT	1
599	598	3	TCTCTCTTGCCCAACACATTCCTT	1
600	599	2	CTCTCTTGCCCAACACATTCCTTT	1
601	600	2	TCTCTTGCCCAACACATTCCTTTT	1
602	601	2	CTCTTGCCCAACACATTCCTTTTT	1
603	602	2	TCTTGCCCAACACATTCCTTTTTG	1
604	603	2	CTTGCCCAACACATTCCTTTTTGT	1
605	604	2	TTGCCCAACACATTCCTTTTTGTG	1
606	605	2	TGCCCAACACATTCCTTTTTGTGT	1
607	606	2	GCCCAACACATTCCTTTTTGTGTC	1
608	607	2	CCCAACACATTCCTTTTTGTGTCT	1
609	608	2	CCAACACATTCCTTTTTGTGTCTA	1
610	609	2	CAACACATTCCTTTTTGTGTCTAT	1
611	610	2	AACACATTCCTTTTTGTGTCTATC	1
612	611	2	ACACATTCCTTTTTGTGTCTATCC	1
613	612	2	CACATTCCTTTTTGTGTCTATCCT	1
614	613	2	ACATTCCTTTTTGTGTCTATCCTA	1
615	614	2	CATTCCTTTTTGTGTCTATCCTAT	1
616	615	3	ATTCCTTTTTGTGTCTATCCTATA	1
617	616	3	TTCCTTTTTGTGTCTATCCTATAT	1
618	617	3	TCCTTTTTGTGTCTATCCTATATA	1
619	618	3	CCTTTTTGTGTCTATCCTATATAT	1
620	619	3	CTTTTTGTGTCTATCCTATATATA	1
621	620	3	TTTTTGTGTCTATCCTATATATAA	1
622	621	3	TTTTGTGTCTATCCTATATATAAA	1
623	622	3	TTTGTGTCTATCCTATATATAAAT	1
624	623	3	TTGTGTCTATCCTATATATAAATA	1
625	624	3	TGTGTCTATCCTATATATAAATAG	1
626	625	4	GTGTCTATCCTATATATAAATAGT	1
627	626	5	TGTCTATCCTATATATAAATAGTA	1
628	627	5	GTCTATCCTATATATAAATAGTAC	1
629	628	5	TCTATCCTATATATAAATAGTACA	1
630	629	5	CTATCCTATATATAAATAGTACAT	1
631	630	5	TATCCTATATATAAATAGTACATT	1
632	631	9	ATCCTATATATAAATAGTACATTT	1
633	632	11	TCCTATATATAAATAGTACATTTC	1
634	633	11	CCTATATATAAATAGTACATTTCT	1
635	634	11	CTATATATAAATAGTACATTTCTC	1
636	635	10	TATATATAAATAGTACATTTCTCA	1
637	636	10	ATATATAAATAGTACATTTCTCAA	1
638	637	10	TATATAAATAGTACATTTCTCAAT	1
639	638	10	ATATAAATAGTACATTTCTCAATC	1
640	639	10	TATAAATAGTACATTTCTCAATCT	1
641	640	12	ATAAATAGTACATTTCTCAATCTT	1
642	641	11	TAAATAGTACATTTCTCAATCTTT	1
643	642	11	AAATAGTACATTTCTCAATCTTTA	1
644	643	11	AATAGTACATTTCTCAATCTTTAA	1
645	644	11	ATAGTACATTTCTCAATCTTTAAA	1
646	645	12	TAGTACATTTCTCAATCTTTAAAA	1
647	646	12	AGTACATTTCTCAATCTTTAAAAA	1
648	647	12	GTACATTTCTCAATCTTTAAAAAA	1
649	648	12	TACATTTCTCAATCTTTAAAAAAA	1
650	649	11	ACATTTCTCAATCTTTAAAAAAAG	1
651	650	11	CATTTCTCAATCTTTAAAAAAAGA	1
652	651	11	ATTTCTCAATCTTTAAAAAAAGAG	1
653	652	11	TTTCTCAATCTTTAAAAAAAGAGA	1
654	653	11	TTCTCAATCTTTAAAAAAAGAGAG	1
655	654	11	TCTCAATCTTTAAAAAAAGAGAGT	1
656	655	11	CTCAATCTTTAAAAAAAGAGAGTC	1
657	656	11	TCAATCTTTAAAAAAAGAGAGTCT	1
658	657	11	CAATCTTTAAAAAAAGAGAGTCTT	1
659	658	11	AATCTTTAAAAAAAGAGAGTCTTT	1
660	659	10	ATCTTTAAAAAAAGAGAGTCTTTA	1
661	660	10	TCTTTAAAAAAAGAGAGTCTTTAT	1
662	661	10	CTTTAAAAAAAGAGAGTCTTTATA	1
663	662	10	TTTAAAAAAAGAGAGTCTTTATAA	1
664	663	10	TTAAAAAAAGAGAGTCTTTATAAA	1
665	664	10	TAAAAAAAGAGAGTCTTTATAAAT	1
666	665	10	AAAAAAAGAGAGTCTTTATAAATA	1
667	666	11	AAAAAAGAGAGTCTTTATAAATAC	1
668	667	11	AAAAAGAGAGTCTTTATAAATACC	1
669	668	11	AAAAGAGAGTCTTTATAAATACCA	1
670	669	10	AAAGAGAGTCTTTATAAATACCAG	1
671	670	9	AAGAGAGTCTTTATAAATACCAGT	1
672	671	9	AGAGAGTCTTTATAAATACCAGTC	1
673	672	9	GAGAGTCTTTATAAATACCAGTCG	1
674	673	9	AGAGTCTTTATAAATACCAGTCGC	1
675	674	7	GAGTCTTTATAAATACCAGTCGCC	1
676	675	2	AGTCTTTATAAATACCAGTCGCCA	1
677	676	2	GTCTTTATAAATACCAGTCGCCAC	1
678	677	3	TCTTTATAAATACCAGTCGCCACT	1
679	678	4	CTTTATAAATACCAGTCGCCACTC	1
680	679	4	TTTATAAATACCAGTCGCCACTCT	1
681	680	4	TTATAAATACCAGTCGCCACTCTT	1
682	681	4	TATAAATACCAGTCGCCACTCTTT	1
683	682	4	ATAAATACCAGTCGCCACTCTTTA	1
684	683	4	TAAATACCAGTCGCCACTCTTTAT	1
685	684	2	AAATACCAGTCGCCACTCTTTATT	1
686	685	2	AATACCAGTCGCCACTCTTTATTA	1
687	686	2	ATACCAGTCGCCACTCTTTATTAA	1
688	687	2	TACCAGTCGCCACTCTTTATTAAC	1
689	688	2	ACCAGTCGCCACTCTTTATTAACA	1
690	689	2	CCAGTCGCCACTCTTTATTAACAT	1
691	690	2	CAGTCGCCACTCTTTATTAACATG	1
692	691	2	AGTCGCCACTCTTTATTAACATGG	1
693	692	2	GTCGCCACTCTTTATTAACATGGT	1
694	693	2	TCGCCACTCTTTATTAACATGGTC	1
695	694	2	CGCCACTCTTTATTAACATGGTCT	1
696	695	2	GCCACTCTTTATTAACATGGTCTC	1
697	696	2	CCACTCTTTATTAACATGGTCTCC	1
698	697	2	CACTCTTTATTAACATGGTCTCCT	1
699	698	2	ACTCTTTATTAACATGGTCTCCTT	1
700	699	2	CTCTTTATTAACATGGTCTCCTTT	1
701	700	2	TCTTTATTAACATGGTCTCCTTTA	1
702	701	2	CTTTATTAACATGGTCTCCTTTAC	1
703	702	2	TTTATTAACATGGTCTCCTTTACC	1
704	703	2	TTATTAACATGGTCTCCTTTACCA	1
705	704	2	TATTAACATGGTCTCCTTTACCAA	1
706	705	2	ATTAACATGGTCTCCTTTACCAAA	1
707	706	2	TTAACATGGTCTCCTTTACCAAAT	1
708	707	2	TAACATGGTCTCCTTTACCAAATT	1
709	708	2	AACATGGTCTCCTTTACCAAATTT	1
710	709	2	ACATGGTCTCCTTTACCAAATTTA	1
711	710	3	CATGGTCTCCTTTACCAAATTTAC	1
712	711	3	ATGGTCTCCTTTACCAAATTTACT	1
713	712	3	TGGTCTCCTTTACCAAATTTACTT	1
714	713	3	GGTCTCCTTTACCAAATTTACTTT	1
715	714	3	GTCTCCTTTACCAAATTTACTTTG	1
716	715	3	TCTCCTTTACCAAATTTACTTTGC	1
717	716	3	CTCCTTTACCAAATTTACTTTGCA	1
718	717	3	TCCTTTACCAAATTTACTTTGCAG	1
719	718	3	CCTTTACCAAATTTACTTTGCAGC	1
720	719	2	CTTTACCAAATTTACTTTGCAGCT	1
721	720	3	TTTACCAAATTTACTTTGCAGCTG	1
722	721	3	TTACCAAATTTACTTTGCAGCTGT	1
723	722	2	TACCAAATTTACTTTGCAGCTGTT	1
724	723	2	ACCAAATTTACTTTGCAGCTGTTG	1
725	724	2	CCAAATTTACTTTGCAGCTGTTGT	1
726	725	2	CAAATTTACTTTGCAGCTGTTGTC	1
727	726	2	AAATTTACTTTGCAGCTGTTGTCG	1
728	727	2	AATTTACTTTGCAGCTGTTGTCGG	1
729	728	2	ATTTACTTTGCAGCTGTTGTCGGC	1
730	729	2	TTTACTTTGCAGCTGTTGTCGGCT	1
731	730	2	TTACTTTGCAGCTGTTGTCGGCTT	1
732	731	2	TACTTTGCAGCTGTTGTCGGCTTC	1
733	732	2	ACTTTGCAGCTGTTGTCGGCTTCT	1
734	733	2	CTTTGCAGCTGTTGTCGGCTTCTG	1
735	734	2	TTTGCAGCTGTTGTCGGCTTCTGC	1
736	735	2	TTGCAGCTGTTGTCGGCTTCTGCC	1
737	736	2	TGCAGCTGTTGTCGGCTTCTGCCG	1
738	737	2	GCAGCTGTTGTCGGCTTCTGCCGC	1
739	738	2	CAGCTGTTGTCGGCTTCTGCCGCT	1
740	739	2	AGCTGTTGTCGGCTTCTGCCGCTT	1
741	740	2	GCTGTTGTCGGCTTCTGCCGCTTT	1
742	741	2	CTGTTGTCGGCTTCTGCCGCTTTT	1
743	742	2	TGTTGTCGGCTTCTGCCGCTTTTG	1
744	743	2	GTTGTCGGCTTCTGCCGCTTTTGC	1
745	744	2	TTGTCGGCTTCTGCCGCTTTTGCT	1
746	745	2	TGTCGGCTTCTGCCGCTTTTGCTT	1
747	746	2	GTCGGCTTCTGCCGCTTTTGCTTA	1
748	747	2	TCGGCTTCTGCCGCTTTTGCTTAT	1
749	748	2	CGGCTTCTGCCGCTTTTGCTTATT	1
750	749	2	GGCTTCTGCCGCTTTTGCTTATTT	1
751	750	2	GCTTCTGCCGCTTTTGCTTATTTC	1
752	751	3	CTTCTGCCGCTTTTGCTTATTTCG	1
753	752	3	TTCTGCCGCTTTTGCTTATTTCGA	1
754	753	3	TCTGCCGCTTTTGCTTATTTCGAG	1
755	754	2	CTGCCGCTTTTGCTTATTTCGAGC	1
756	755	2	TGCCGCTTTTGCTTATTTCGAGCC	1
757	756	2	GCCGCTTTTGCTTATTTCGAGCCT	1
758	757	2	CCGCTTTTGCTTATTTCGAGCCTT	1
759	758	2	CGCTTTTGCTTATTTCGAGCCTTT	1
760	759	2	GCTTTTGCTTATTTCGAGCCTTTG	1
761	760	2	CTTTTGCTTATTTCGAGCCTTTGA	1
762	761	2	TTTTGCTTATTTCGAGCCTTTGAC	1
763	762	2	TTTGCTTATTTCGAGCCTTTGACT	1
764	763	2	TTGCTTATTTCGAGCCTTTGACTA	1
765	764	1	TGCTTATTTCGAGCCTTTGACTAT	1
766	765	1	GCTTATTTCGAGCCTTTGACTATC	1
767	766	1	CTTATTTCGAGCCTTTGACTATCA	1
768	767	1	TTATTTCGAGCCTTTGACTATCAA	1
769	768	1	TATTTCGAGCCTTTGACTATCAAG	1
770	769	1	ATTTCGAGCCTTTGACTATCAAGG	1
771	770	1	TTTCGAGCCTTTGACTATCAAGGG	1
772	771	2	TTCGAGCCTTTGACTATCAAGGGT	1
773	772	3	TCGAGCCTTTGACTATCAAGGGTA	1
774	773	3	CGAGCCTTTGACTATCAAGGGTAG	1
775	774	3	GAGCCTTTGACTATCAAGGGTAGA	1
776	775	3	AGCCTTTGACTATCAAGGGTAGAA	1
777	776	3	GCCTTTGACTATCAAGGGTAGAAA	1
778	777	3	CCTTTGACTATCAAGGGTAGAAAG	1
779	778	3	CTTTGACTATCAAGGGTAGAAAGT	1
780	779	3	TTTGACTATCAAGGGTAGAAAGTT	1
781	780	3	TTGACTATCAAGGGTAGAAAGTTC	1
782	781	3	TGACTATCAAGGGTAGAAAGTTCT	1
783	782	3	GACTATCAAGGGTAGAAAGTTCTT	1
784	783	7	ACTATCAAGGGTAGAAAGTTCTTC	1
785	784	7	CTATCAAGGGTAGAAAGTTCTTCA	1
786	785	8	TATCAAGGGTAGAAAGTTCTTCAA	1
787	786	8	ATCAAGGGTAGAAAGTTCTTCAAG	1
788	787	9	TCAAGGGTAGAAAGTTCTTCAAGA	1
789	788	9	CAAGGGTAGAAAGTTCTTCAAGAA	1
790	789	9	AAGGGTAGAAAGTTCTTCAAGAAC	1
791	790	9	AGGGTAGAAAGTTCTTCAAGAACG	1
792	791	9	GGGTAGAAAGTTCTTCAAGAACGA	1
793	792	9	GGTAGAAAGTTCTTCAAGAACGAT	1
794	793	9	GTAGAAAGTTCTTCAAGAACGATA	1
795	794	9	TAGAAAGTTCTTCAAGAACGATAC	1
796	795	8	AGAAAGTTCTTCAAGAACGATACC	1
797	796	8	GAAAGTTCTTCAAGAACGATACCC	1
798	797	8	AAAGTTCTTCAAGAACGATACCCA	1
799	798	8	AAGTTCTTCAAGAACGATACCCAA	1
800	799	9	AGTTCTTCAAGAACGATACCCAAT	1
801	800	9	GTTCTTCAAGAACGATACCCAATT	1
802	801	9	TTCTTCAAGAACGATACCCAATTT	1
803	802	9	TCTTCAAGAACGATACCCAATTTT	1
804	803	9	CTTCAAGAACGATACCCAATTTTA	1
805	804	9	TTCAAGAACGATACCCAATTTTAC	1
806	805	9	TCAAGAACGATACCCAATTTTACA	1
807	806	9	CAAGAACGATACCCAATTTTACAT	1
808	807	9	AAGAACGATACCCAATTTTACATC	1
809	808	9	AGAACGATACCCAATTTTACATCA	1
810	809	9	GAACGATACCCAATTTTACATCAA	1
811	810	9	AACGATACCCAATTTTACATCAAG	1
812	811	9	ACGATACCCAATTTTACATCAAGG	1
813	812	9	CGATACCCAATTTTACATCAAGGG	1
814	813	9	GATACCCAATTTTACATCAAGGGT	1
815	814	9	ATACCCAATTTTACATCAAGGGTG	1
816	815	8	TACCCAATTTTACATCAAGGGTGT	1
817	816	7	ACCCAATTTTACATCAAGGGTGTT	1
818	817	7	CCCAATTTTACATCAAGGGTGTTG	1
819	818	7	CCAATTTTACATCAAGGGTGTTGC	1
820	819	7	CAATTTTACATCAAGGGTGTTGCT	1
821	820	7	AATTTTACATCAAGGGTGTTGCTT	1
822	821	7	ATTTTACATCAAGGGTGTTGCTTA	1
823	822	7	TTTTACATCAAGGGTGTTGCTTAT	1
824	823	7	TTTACATCAAGGGTGTTGCTTATC	1
825	824	7	TTACATCAAGGGTGTTGCTTATCA	1
826	825	7	TACATCAAGGGTGTTGCTTATCAA	1
827	826	7	ACATCAAGGGTGTTGCTTATCAAC	1
828	827	3	CATCAAGGGTGTTGCTTATCAACC	1
829	828	3	ATCAAGGGTGTTGCTTATCAACCC	1
830	829	2	TCAAGGGTGTTGCTTATCAACCCG	1
831	830	1	CAAGGGTGTTGCTTATCAACCCGC	1
832	831	1	AAGGGTGTTGCTTATCAACCCGCC	1
833	832	1	AGGGTGTTGCTTATCAACCCGCCG	1
834	833	1	GGGTGTTGCTTATCAACCCGCCGT	1
835	834	1	GGTGTTGCTTATCAACCCGCCGTT	1
836	835	1	GTGTTGCTTATCAACCCGCCGTTG	1
837	836	1	TGTTGCTTATCAACCCGCCGTTGA	1
838	837	1	GTTGCTTATCAACCCGCCGTTGAT	1
839	838	1	TTGCTTATCAACCCGCCGTTGATG	1
840	839	1	TGCTTATCAACCCGCCGTTGATGC	1
841	840	1	GCTTATCAACCCGCCGTTGATGCT	1
842	841	1	CTTATCAACCCGCCGTTGATGCTG	1
843	842	1	TTATCAACCCGCCGTTGATGCTGA	1
844	-1	0	CGCCGTTGATGCTGAAGAAACCAG	1
845	844	1	GCCGTTGATGCTGAAGAAACCAGC	1
846	845	1	CCGTTGATGCTGAAGAAACCAGCA	1
847	846	1	CGTTGATGCTGAAGAAACCAGCAC	1
848	847	1	GTTGATGCTGAAGAAACCAGCACC	1
849	848	1	TTGATGCTGAAGAAACCAGCACCA	1
850	849	1	TGATGCTGAAGAAACCAGCACCAT	1
851	850	1	GATGCTGAAGAAACCAGCACCATC	1
852	851	1	ATGCTGAAGAAACCAGCACCATCG	1
853	852	1	TGCTGAAGAAACCAGCACCATCGT	1
854	853	1	GCTGAAGAAACCAGCACCATCGTT	1
855	854	1	CTGAAGAAACCAGCACCATCGTTG	1
856	855	1	TGAAGAAACCAGCACCATCGTTGA	1
857	856	1	GAAGAAACCAGCACCATCGTTGAT	1
858	857	1	AAGAAACCAGCACCATCGTTGATC	1
859	858	1	AGAAACCAGCACCATCGTTGATCC	1
860	859	1	GAAACCAGCACCATCGTTGATCCC	1
861	860	1	AAACCAGCACCATCGTTGATCCCT	1
862	861	1	AACCAGCACCATCGTTGATCCCTT	1
863	862	1	ACCAGCACCATCGTTGATCCCTTA	1
864	863	1	CCAGCACCATCGTTGATCCCTTAG	1
865	864	1	CAGCACCATCGTTGATCCCTTAGC	1
866	865	1	AGCACCATCGTTGATCCCTTAGCC	1
867	866	1	GCACCATCGTTGATCCCTTAGCCG	1
868	867	2	CACCATCGTTGATCCCTTAGCCGA	1
869	868	2	ACCATCGTTGATCCCTTAGCCGAG	1
870	869	2	CCATCGTTGATCCCTTAGCCGAGG	1
871	870	2	CATCGTTGATCCCTTAGCCGAGGT	1
872	871	2	ATCGTTGATCCCTTAGCCGAGGTC	1
873	872	2	TCGTTGATCCCTTAGCCGAGGTCA	1
874	873	2	CGTTGATCCCTTAGCCGAGGTCAA	1
875	874	2	GTTGATCCCTTAGCCGAGGTCAAT	1
876	875	2	TTGATCCCTTAGCCGAGGTCAATT	1
877	876	2	TGATCCCTTAGCCGAGGTCAATTA	1
878	877	2	GATCCCTTAGCCGAGGTCAATTAC	1
879	878	2	ATCCCTTAGCCGAGGTCAATTACA	1
880	879	2	TCCCTTAGCCGAGGTCAATTACAA	1
881	880	2	CCCTTAGCCGAGGTCAATTACAAG	1
882	881	2	CCTTAGCCGAGGTCAATTACAAGA	1
883	882	2	CTTAGCCGAGGTCAATTACAAGAA	1
884	883	2	TTAGCCGAGGTCAATTACAAGAAC	1
885	884	2	TAGCCGAGGTCAATTACAAGAACT	1
886	885	2	AGCCGAGGTCAATTACAAGAACTG	1
887	886	2	GCCGAGGTCAATTACAAGAACTGT	1
888	887	2	CCGAGGTCAATTACAAGAACTGTA	1
889	888	1	CGAGGTCAATTACAAGAACTGTAC	1
890	889	2	GAGGTCAATTACAAGAACTGTACC	1
891	890	2	AGGTCAATTACAAGAACTGTACCG	1
892	891	2	GGTCAATTACAAGAACTGTACCGA	1
893	892	2	GTCAATTACAAGAACTGTACCGAA	1
894	893	2	TCAATTACAAGAACTGTACCGAAG	1
895	894	2	CAATTACAAGAACTGTACCGAAGA	1
896	895	2	AATTACAAGAACTGTACCGAAGAT	1
897	896	2	ATTACAAGAACTGTACCGAAGATG	1
898	897	2	TTACAAGAACTGTACCGAAGATGC	1
899	898	2	TACAAGAACTGTACCGAAGATGCT	1
900	899	2	ACAAGAACTGTACCGAAGATGCTA	1
901	900	2	CAAGAACTGTACCGAAGATGCTAA	1
902	901	2	AAGAACTGTACCGAAGATGCTAAG	1
903	902	2	AGAACTGTACCGAAGATGCTAAGA	1
904	903	2	GAACTGTACCGAAGATGCTAAGAT	1
905	904	2	AACTGTACCGAAGATGCTAAGATC	1
906	905	2	ACTGTACCGAAGATGCTAAGATCA	1
907	906	2	CTGTACCGAAGATGCTAAGATCAT	1
908	907	2	TGTACCGAAGATGCTAAGATCATT	1
909	908	2	GTACCGAAGATGCTAAGATCATTT	1
910	909	1	TACCGAAGATGCTAAGATCATTTC	1
911	910	1	ACCGAAGATGCTAAGATCATTTCC	1
912	911	1	CCGAAGATGCTAAGATCATTTCCA	1
913	912	1	CGAAGATGCTAAGATCATTTCCAA	1
914	913	1	GAAGATGCTAAGATCATTTCCAAC	1
915	914	1	AAGATGCTAAGATCATTTCCAACT	1
916	915	1	AGATGCTAAGATCATTTCCAACTT	1
917	916	1	GATGCTAAGATCATTTCCAACTTG	1
918	917	1	ATGCTAAGATCATTTCCAACTTGG	1
919	918	1	TGCTAAGATCATTTCCAACTTGGG	1
920	919	1	GCTAAGATCATTTCCAACTTGGGC	1
921	920	1	CTAAGATCATTTCCAACTTGGGCG	1
922	921	1	TAAGATCATTTCCAACTTGGGCGC	1
923	922	1	AAGATCATTTCCAACTTGGGCGCT	1
924	923	1	AGATCATTTCCAACTTGGGCGCTA	1
925	924	1	GATCATTTCCAACTTGGGCGCTAA	1
926	925	1	ATCATTTCCAACTTGGGCGCTAAC	1
927	926	1	TCATTTCCAACTTGGGCGCTAACG	1
928	927	1	CATTTCCAACTTGGGCGCTAACGT	1
929	928	1	ATTTCCAACTTGGGCGCTAACGTT	1
930	929	1	TTTCCAACTTGGGCGCTAACGTTA	1
931	930	2	TTCCAACTTGGGCGCTAACGTTAT	1
932	931	2	TCCAACTTGGGCGCTAACGTTATT	1
933	932	2	CCAACTTGGGCGCTAACGTTATTC	1
934	933	1	CAACTTGGGCGCTAACGTTATTCG	1
935	934	1	AACTTGGGCGCTAACGTTATTCGT	1
936	935	1	ACTTGGGCGCTAACGTTATTCGTG	1
937	936	1	CTTGGGCGCTAACGTTATTCGTGT	1
938	937	1	TTGGGCGCTAACGTTATTCGTGTC	1
939	938	1	TGGGCGCTAACGTTATTCGTGTCT	1
940	939	1	GGGCGCTAACGTTATTCGTGTCTA	1
941	940	1	GGCGCTAACGTTATTCGTGTCTAT	1
942	941	1	GCGCTAACGTTATTCGTGTCTATG	1
943	942	1	CGCTAACGTTATTCGTGTCTATGC	1
944	943	1	GCTAACGTTATTCGTGTCTATGCC	1
945	944	1	CTAACGTTATTCGTGTCTATGCCG	1
946	945	1	TAACGTTATTCGTGTCTATGCCGT	1
947	946	1	AACGTTATTCGTGTCTATGCCGTC	1
948	947	1	ACGTTATTCGTGTCTATGCCGTCA	1
949	948	2	CGTTATTCGTGTCTATGCCGTCAA	1
950	949	3	GTTATTCGTGTCTATGCCGTCAAC	1
951	950	3	TTATTCGTGTCTATGCCGTCAACG	1
952	951	3	TATTCGTGTCTATGCCGTCAACGC	1
953	952	3	ATTCGTGTCTATGCCGTCAACGCT	1
954	953	3	TTCGTGTCTATGCCGTCAACGCTA	1
955	954	3	TCGTGTCTATGCCGTCAACGCTAG	1
956	955	3	CGTGTCTATGCCGTCAACGCTAGC	1
957	956	3	GTGTCTATGCCGTCAACGCTAGCT	1
958	957	3	TGTCTATGCCGTCAACGCTAGCTT	1
959	958	3	GTCTATGCCGTCAACGCTAGCTTG	1
960	959	3	TCTATGCCGTCAACGCTAGCTTGA	1
961	960	3	CTATGCCGTCAACGCTAGCTTGAA	1
962	961	3	TATGCCGTCAACGCTAGCTTGAAC	1
963	962	3	ATGCCGTCAACGCTAGCTTGAACC	1
964	963	3	TGCCGTCAACGCTAGCTTGAACCA	1
965	964	4	GCCGTCAACGCTAGCTTGAACCAT	1
966	965	4	CCGTCAACGCTAGCTTGAACCATG	1
967	966	4	CGTCAACGCTAGCTTGAACCATGA	1
968	967	5	GTCAACGCTAGCTTGAACCATGAC	1
969	968	5	TCAACGCTAGCTTGAACCATGACA	1
970	969	5	CAACGCTAGCTTGAACCATGACAA	1
971	970	5	AACGCTAGCTTGAACCATGACAAA	1
972	971	5	ACGCTAGCTTGAACCATGACAAAT	1
973	972	5	CGCTAGCTTGAACCATGACAAATG	1
974	973	5	GCTAGCTTGAACCATGACAAATGT	1
975	974	7	CTAGCTTGAACCATGACAAATGTA	1
976	975	7	TAGCTTGAACCATGACAAATGTAT	1
977	976	7	AGCTTGAACCATGACAAATGTATG	1
978	977	8	GCTTGAACCATGACAAATGTATGG	1
979	978	9	CTTGAACCATGACAAATGTATGGA	1
980	979	9	TTGAACCATGACAAATGTATGGAG	1
981	980	9	TGAACCATGACAAATGTATGGAGG	1
982	981	10	GAACCATGACAAATGTATGGAGGC	1
983	982	10	AACCATGACAAATGTATGGAGGCT	1
984	983	10	ACCATGACAAATGTATGGAGGCTT	1
985	984	10	CCATGACAAATGTATGGAGGCTTT	1
986	985	10	CATGACAAATGTATGGAGGCTTTC	1
987	986	10	ATGACAAATGTATGGAGGCTTTCC	1
988	987	10	TGACAAATGTATGGAGGCTTTCCG	1
989	988	10	GACAAATGTATGGAGGCTTTCCGT	1
990	989	10	ACAAATGTATGGAGGCTTTCCGTA	1
991	990	10	CAAATGTATGGAGGCTTTCCGTAA	1
992	991	10	AAATGTATGGAGGCTTTCCGTAAC	1
993	992	9	AATGTATGGAGGCTTTCCGTAACG	1
994	993	8	ATGTATGGAGGCTTTCCGTAACGA	1
995	994	8	TGTATGGAGGCTTTCCGTAACGAA	1
996	995	8	GTATGGAGGCTTTCCGTAACGAAA	1
997	996	8	TATGGAGGCTTTCCGTAACGAAAG	1
998	997	8	ATGGAGGCTTTCCGTAACGAAAGC	1
999	998	8	TGGAGGCTTTCCGTAACGAAAGCA	1
1000	999	8	GGAGGCTTTCCGTAACGAAAGCAT	1
1001	1000	8	GAGGCTTTCCGTAACGAAAGCATC	1
1002	1001	8	AGGCTTTCCGTAACGAAAGCATCT	1
1003	1002	8	GGCTTTCCGTAACGAAAGCATCTA	1
1004	1003	8	GCTTTCCGTAACGAAAGCATCTAC	1
1005	1004	8	CTTTCCGTAACGAAAGCATCTACG	1
1006	1005	8	TTTCCGTAACGAAAGCATCTACGT	1
1007	1006	8	TTCCGTAACGAAAGCATCTACGTC	1
1008	1007	8	TCCGTAACGAAAGCATCTACGTCT	1
1009	1008	7	CCGTAACGAAAGCATCTACGTCTT	1
1010	1009	8	CGTAACGAAAGCATCTACGTCTTT	1
1011	1010	9	GTAACGAAAGCATCTACGTCTTTT	1
1012	1011	8	TAACGAAAGCATCTACGTCTTTTT	1
1013	1012	8	AACGAAAGCATCTACGTCTTTTTG	1
1014	1013	9	ACGAAAGCATCTACGTCTTTTTGG	1
1015	1014	9	CGAAAGCATCTACGTCTTTTTGGA	1
1016	1015	9	GAAAGCATCTACGTCTTTTTGGAT	1
1017	1016	9	AAAGCATCTACGTCTTTTTGGATC	1
1018	1017	9	AAGCATCTACGTCTTTTTGGATCT	1
1019	1018	6	AGCATCTACGTCTTTTTGGATCTT	1
1020	1019	6	GCATCTACGTCTTTTTGGATCTTG	1
1021	1020	7	CATCTACGTCTTTTTGGATCTTGC	1
1022	1021	5	ATCTACGTCTTTTTGGATCTTGCC	1
1023	1022	4	TCTACGTCTTTTTGGATCTTGCCA	1
1024	1023	4	CTACGTCTTTTTGGATCTTGCCAA	1
1025	1024	4	TACGTCTTTTTGGATCTTGCCAAC	1
1026	1025	4	ACGTCTTTTTGGATCTTGCCAACC	1
1027	1026	4	CGTCTTTTTGGATCTTGCCAACCC	1
1028	1027	4	GTCTTTTTGGATCTTGCCAACCCC	1
1029	1028	4	TCTTTTTGGATCTTGCCAACCCCA	1
1030	1029	4	CTTTTTGGATCTTGCCAACCCCAA	1
1031	1030	4	TTTTTGGATCTTGCCAACCCCAAG	1
1032	1031	4	TTTTGGATCTTGCCAACCCCAAGA	1
1033	1032	4	TTTGGATCTTGCCAACCCCAAGAC	1
1034	1033	4	TTGGATCTTGCCAACCCCAAGACC	1
1035	1034	5	TGGATCTTGCCAACCCCAAGACCG	1
1036	1035	5	GGATCTTGCCAACCCCAAGACCGG	1
1037	1036	5	GATCTTGCCAACCCCAAGACCGGT	1
1038	1037	5	ATCTTGCCAACCCCAAGACCGGTA	1
1039	1038	5	TCTTGCCAACCCCAAGACCGGTAT	1
1040	1039	5	CTTGCCAACCCCAAGACCGGTATC	1
1041	1040	5	TTGCCAACCCCAAGACCGGTATCG	1
1042	1041	5	TGCCAACCCCAAGACCGGTATCGA	1
1043	1042	5	GCCAACCCCAAGACCGGTATCGAT	1
1044	1043	5	CCAACCCCAAGACCGGTATCGATC	1
1045	1044	5	CAACCCCAAGACCGGTATCGATCG	1
1046	1045	5	AACCCCAAGACCGGTATCGATCGT	1
1047	1046	5	ACCCCAAGACCGGTATCGATCGTG	1
1048	1047	5	CCCCAAGACCGGTATCGATCGTGA	1
1049	1048	5	CCCAAGACCGGTATCGATCGTGAT	1
1050	1049	5	CCAAGACCGGTATCGATCGTGATA	1
1051	1050	5	CAAGACCGGTATCGATCGTGATAC	1
1052	1051	5	AAGACCGGTATCGATCGTGATACC	1
1053	1052	5	AGACCGGTATCGATCGTGATACCC	1
1054	1053	4	GACCGGTATCGATCGTGATACCCC	1
1055	1054	2	ACCGGTATCGATCGTGATACCCCT	1
1056	1055	2	CCGGTATCGATCGTGATACCCCTA	1
1057	1056	3	CGGTATCGATCGTGATACCCCTAC	1
1058	1057	3	GGTATCGATCGTGATACCCCTACA	1
1059	1058	3	GTATCGATCGTGATACCCCTACAT	1
1060	1059	3	TATCGATCGTGATACCCCTACATG	1
1061	1060	3	ATCGATCGTGATACCCCTACATGG	1
1062	1061	3	TCGATCGTGATACCCCTACATGGA	1
1063	1062	3	CGATCGTGATACCCCTACATGGAA	1
1064	1063	4	GATCGTGATACCCCTACATGGAAC	1
1065	1064	3	ATCGTGATACCCCTACATGGAACA	1
1066	1065	3	TCGTGATACCCCTACATGGAACAC	1
1067	1066	3	CGTGATACCCCTACATGGAACACC	1
1068	1067	3	GTGATACCCCTACATGGAACACCG	1
1069	1068	3	TGATACCCCTACATGGAACACCGA	1
1070	1069	3	GATACCCCTACATGGAACACCGAT	1
1071	1070	3	ATACCCCTACATGGAACACCGATC	1
1072	1071	3	TACCCCTACATGGAACACCGATCA	1
1073	1072	3	ACCCCTACATGGAACACCGATCAA	1
1074	1073	3	CCCCTACATGGAACACCGATCAAT	1
1075	1074	3	CCCTACATGGAACACCGATCAATT	1
1076	1075	3	CCTACATGGAACACCGATCAATTC	1
1077	1076	3	CTACATGGAACACCGATCAATTCT	1
1078	1077	4	TACATGGAACACCGATCAATTCTC	1
1079	1078	3	ACATGGAACACCGATCAATTCTCA	1
1080	1079	3	CATGGAACACCGATCAATTCTCAT	1
1081	1080	3	ATGGAACACCGATCAATTCTCATC	1
1082	1081	3	TGGAACACCGATCAATTCTCATCC	1
1083	1082	3	GGAACACCGATCAATTCTCATCCT	1
1084	1083	3	GAACACCGATCAATTCTCATCCTA	1
1085	1084	3	AACACCGATCAATTCTCATCCTAT	1
1086	1085	3	ACACCGATCAATTCTCATCCTATC	1
1087	1086	3	CACCGATCAATTCTCATCCTATCA	1
1088	1087	3	ACCGATCAATTCTCATCCTATCAA	1
1089	1088	3	CCGATCAATTCTCATCCTATCAAT	1
1090	1089	3	CGATCAATTCTCATCCTATCAATC	1
1091	1090	4	GATCAATTCTCATCCTATCAATCT	1
1092	1091	4	ATCAATTCTCATCCTATCAATCTG	1
1093	1092	4	TCAATTCTCATCCTATCAATCTGT	1
1094	1093	4	CAATTCTCATCCTATCAATCTGTT	1
1095	1094	4	AATTCTCATCCTATCAATCTGTTA	1
1096	1095	4	ATTCTCATCCTATCAATCTGTTAT	1
1097	1096	4	TTCTCATCCTATCAATCTGTTATT	1
1098	1097	5	TCTCATCCTATCAATCTGTTATTG	1
1099	1098	5	CTCATCCTATCAATCTGTTATTGA	1
1100	1099	5	TCATCCTATCAATCTGTTATTGAT	1
1101	1100	4	CATCCTATCAATCTGTTATTGATA	1
1102	1101	4	ATCCTATCAATCTGTTATTGATAC	1
1103	1102	5	TCCTATCAATCTGTTATTGATACT	1
1104	1103	5	CCTATCAATCTGTTATTGATACTT	1
1105	1104	5	CTATCAATCTGTTATTGATACTTT	1
1106	1105	5	TATCAATCTGTTATTGATACTTTC	1
1107	1106	5	ATCAATCTGTTATTGATACTTTCC	1
1108	1107	4	TCAATCTGTTATTGATACTTTCCA	1
1109	1108	4	CAATCTGTTATTGATACTTTCCAA	1
1110	1109	4	AATCTGTTATTGATACTTTCCAAA	1
1111	1110	4	ATCTGTTATTGATACTTTCCAAAA	1
1112	1111	4	TCTGTTATTGATACTTTCCAAAAG	1
1113	1112	4	CTGTTATTGATACTTTCCAAAAGT	1
1114	1113	4	TGTTATTGATACTTTCCAAAAGTA	1
1115	1114	5	GTTATTGATACTTTCCAAAAGTAC	1
1116	1115	5	TTATTGATACTTTCCAAAAGTACA	1
1117	1116	5	TATTGATACTTTCCAAAAGTACAA	1
1118	1117	5	ATTGATACTTTCCAAAAGTACAAC	1
1119	1118	5	TTGATACTTTCCAAAAGTACAACA	1
1120	1119	5	TGATACTTTCCAAAAGTACAACAA	1
1121	1120	5	GATACTTTCCAAAAGTACAACAAC	1
1122	1121	4	ATACTTTCCAAAAGTACAACAACA	1
1123	1122	5	TACTTTCCAAAAGTACAACAACAC	1
1124	1123	5	ACTTTCCAAAAGTACAACAACACT	1
1125	1124	5	CTTTCCAAAAGTACAACAACACTG	1
1126	1125	6	TTTCCAAAAGTACAACAACACTGG	1
1127	1126	6	TTCCAAAAGTACAACAACACTGGT	1
1128	1127	6	TCCAAAAGTACAACAACACTGGTG	1
1129	1128	6	CCAAAAGTACAACAACACTGGTGC	1
1130	1129	6	CAAAAGTACAACAACACTGGTGCC	1
1131	1130	7	AAAAGTACAACAACACTGGTGCCT	1
1132	1131	7	AAAGTACAACAACACTGGTGCCTT	1
1133	1132	7	AAGTACAACAACACTGGTGCCTTC	1
1134	1133	7	AGTACAACAACACTGGTGCCTTCT	1
1135	1134	6	GTACAACAACACTGGTGCCTTCTT	1
1136	1135	6	TACAACAACACTGGTGCCTTCTTT	1
1137	1136	6	ACAACAACACTGGTGCCTTCTTTG	1
1138	1137	6	CAACAACACTGGTGCCTTCTTTGC	1
1139	1138	6	AACAACACTGGTGCCTTCTTTGCC	1
1140	1139	6	ACAACACTGGTGCCTTCTTTGCCG	1
1141	1140	6	CAACACTGGTGCCTTCTTTGCCGG	1
1142	1141	5	AACACTGGTGCCTTCTTTGCCGGT	1
1143	1142	5	ACACTGGTGCCTTCTTTGCCGGTA	1
1144	1143	5	CACTGGTGCCTTCTTTGCCGGTAA	1
1145	1144	5	ACTGGTGCCTTCTTTGCCGGTAAC	1
1146	1145	5	CTGGTGCCTTCTTTGCCGGTAACG	1
1147	1146	4	TGGTGCCTTCTTTGCCGGTAACGA	1
1148	1147	4	GGTGCCTTCTTTGCCGGTAACGAA	1
1149	1148	4	GTGCCTTCTTTGCCGGTAACGAAG	1
1150	1149	4	TGCCTTCTTTGCCGGTAACGAAGT	1
1151	1150	4	GCCTTCTTTGCCGGTAACGAAGTT	1
1152	1151	4	CCTTCTTTGCCGGTAACGAAGTTG	1
1153	1152	4	CTTCTTTGCCGGTAACGAAGTTGT	1
1154	1153	5	TTCTTTGCCGGTAACGAAGTTGTC	1
1155	1154	5	TCTTTGCCGGTAACGAAGTTGTCA	1
1156	1155	5	CTTTGCCGGTAACGAAGTTGTCAA	1
1157	1156	5	TTTGCCGGTAACGAAGTTGTCAAC	1
1158	1157	5	TTGCCGGTAACGAAGTTGTCAACA	1
1159	1158	4	TGCCGGTAACGAAGTTGTCAACAA	1
1160	1159	5	GCCGGTAACGAAGTTGTCAACAAT	1
1161	1160	6	CCGGTAACGAAGTTGTCAACAATG	1
1162	1161	7	CGGTAACGAAGTTGTCAACAATGC	1
1163	1162	8	GGTAACGAAGTTGTCAACAATGCC	1
1164	1163	8	GTAACGAAGTTGTCAACAATGCCT	1
1165	1164	8	TAACGAAGTTGTCAACAATGCCTC	1
1166	1165	8	AACGAAGTTGTCAACAATGCCTCG	1
1167	1166	7	ACGAAGTTGTCAACAATGCCTCGA	1
1168	1167	7	CGAAGTTGTCAACAATGCCTCGAA	1
1169	1168	7	GAAGTTGTCAACAATGCCTCGAAT	1
1170	1169	6	AAGTTGTCAACAATGCCTCGAATG	1
1171	1170	7	AGTTGTCAACAATGCCTCGAATGC	1
1172	1171	8	GTTGTCAACAATGCCTCGAATGCT	1
1173	1172	8	TTGTCAACAATGCCTCGAATGCTC	1
1174	1173	8	TGTCAACAATGCCTCGAATGCTCC	1
1175	1174	7	GTCAACAATGCCTCGAATGCTCCC	1
1176	1175	7	TCAACAATGCCTCGAATGCTCCCG	1
1177	1176	7	CAACAATGCCTCGAATGCTCCCGC	1
1178	1177	8	AACAATGCCTCGAATGCTCCCGCT	1
1179	1178	9	ACAATGCCTCGAATGCTCCCGCTG	1
1180	1179	9	CAATGCCTCGAATGCTCCCGCTGT	1
1181	1180	9	AATGCCTCGAATGCTCCCGCTGTC	1
1182	1181	9	ATGCCTCGAATGCTCCCGCTGTCG	1
1183	1182	9	TGCCTCGAATGCTCCCGCTGTCGC	1
1184	1183	9	GCCTCGAATGCTCCCGCTGTCGCT	1
1185	1184	9	CCTCGAATGCTCCCGCTGTCGCTT	1
1186	1185	9	CTCGAATGCTCCCGCTGTCGCTTA	1
1187	1186	8	TCGAATGCTCCCGCTGTCGCTTAC	1
1188	1187	8	CGAATGCTCCCGCTGTCGCTTACG	1
1189	1188	8	GAATGCTCCCGCTGTCGCTTACGT	1
1190	1189	8	AATGCTCCCGCTGTCGCTTACGTT	1
1191	1190	8	ATGCTCCCGCTGTCGCTTACGTTC	1
1192	1191	8	TGCTCCCGCTGTCGCTTACGTTCG	1
1193	1192	8	GCTCCCGCTGTCGCTTACGTTCGT	1
1194	1193	8	CTCCCGCTGTCGCTTACGTTCGTG	1
1195	1194	8	TCCCGCTGTCGCTTACGTTCGTGC	1
1196	1195	8	CCCGCTGTCGCTTACGTTCGTGCT	1
1197	1196	8	CCGCTGTCGCTTACGTTCGTGCTG	1
1198	1197	7	CGCTGTCGCTTACGTTCGTGCTGC	1
1199	1198	7	GCTGTCGCTTACGTTCGTGCTGCC	1
1200	1199	7	CTGTCGCTTACGTTCGTGCTGCCG	1
1201	1200	7	TGTCGCTTACGTTCGTGCTGCCGT	1
1202	1201	7	GTCGCTTACGTTCGTGCTGCCGTT	1
1203	1202	7	TCGCTTACGTTCGTGCTGCCGTTC	1
1204	1203	6	CGCTTACGTTCGTGCTGCCGTTCG	1
1205	1204	5	GCTTACGTTCGTGCTGCCGTTCGT	1
1206	1205	4	CTTACGTTCGTGCTGCCGTTCGTG	1
1207	1206	4	TTACGTTCGTGCTGCCGTTCGTGA	1
1208	1207	5	TACGTTCGTGCTGCCGTTCGTGAT	1
1209	1208	5	ACGTTCGTGCTGCCGTTCGTGATT	1
1210	1209	5	CGTTCGTGCTGCCGTTCGTGATTC	1
1211	1210	5	GTTCGTGCTGCCGTTCGTGATTCC	1
1212	1211	6	TTCGTGCTGCCGTTCGTGATTCCA	1
1213	1212	6	TCGTGCTGCCGTTCGTGATTCCAA	1
1214	1213	5	CGTGCTGCCGTTCGTGATTCCAAG	1
1215	1214	4	GTGCTGCCGTTCGTGATTCCAAGA	1
1216	1215	3	TGCTGCCGTTCGTGATTCCAAGAA	1
1217	1216	3	GCTGCCGTTCGTGATTCCAAGAAC	1
1218	1217	3	CTGCCGTTCGTGATTCCAAGAACT	1
1219	1218	3	TGCCGTTCGTGATTCCAAGAACTA	1
1220	1219	3	GCCGTTCGTGATTCCAAGAACTAC	1
1221	1220	3	CCGTTCGTGATTCCAAGAACTACA	1
1222	1221	3	CGTTCGTGATTCCAAGAACTACAT	1
1223	1222	3	GTTCGTGATTCCAAGAACTACATT	1
1224	1223	3	TTCGTGATTCCAAGAACTACATTA	1
1225	1224	3	TCGTGATTCCAAGAACTACATTAA	1
1226	1225	3	CGTGATTCCAAGAACTACATTAAA	1
1227	1226	3	GTGATTCCAAGAACTACATTAAAT	1
1228	1227	3	TGATTCCAAGAACTACATTAAATC	1
1229	1228	3	GATTCCAAGAACTACATTAAATCT	1
1230	1229	3	ATTCCAAGAACTACATTAAATCTA	1
1231	1230	3	TTCCAAGAACTACATTAAATCTAA	1
1232	1231	3	TCCAAGAACTACATTAAATCTAAG	1
1233	1232	3	CCAAGAACTACATTAAATCTAAGA	1
1234	1233	3	CAAGAACTACATTAAATCTAAGAA	1
1235	1234	4	AAGAACTACATTAAATCTAAGAAG	1
1236	1235	4	AGAACTACATTAAATCTAAGAAGT	1
1237	1236	4	GAACTACATTAAATCTAAGAAGTA	1
1238	1237	4	AACTACATTAAATCTAAGAAGTAT	1
1239	1238	4	ACTACATTAAATCTAAGAAGTATC	1
1240	1239	4	CTACATTAAATCTAAGAAGTATCG	1
1241	1240	4	TACATTAAATCTAAGAAGTATCGT	1
1242	1241	4	ACATTAAATCTAAGAAGTATCGTA	1
1243	1242	4	CATTAAATCTAAGAAGTATCGTAC	1
1244	1243	4	ATTAAATCTAAGAAGTATCGTACG	1
1245	1244	5	TTAAATCTAAGAAGTATCGTACGA	1
1246	1245	5	TAAATCTAAGAAGTATCGTACGAT	1
1247	1246	5	AAATCTAAGAAGTATCGTACGATC	1
1248	1247	5	AATCTAAGAAGTATCGTACGATCC	1
1249	1248	5	ATCTAAGAAGTATCGTACGATCCC	1
1250	1249	5	TCTAAGAAGTATCGTACGATCCCT	1
1251	1250	4	CTAAGAAGTATCGTACGATCCCTG	1
1252	1251	3	TAAGAAGTATCGTACGATCCCTGT	1
1253	1252	3	AAGAAGTATCGTACGATCCCTGTC	1
1254	1253	4	AGAAGTATCGTACGATCCCTGTCG	1
1255	1254	5	GAAGTATCGTACGATCCCTGTCGG	1
1256	1255	6	AAGTATCGTACGATCCCTGTCGGT	1
1257	1256	7	AGTATCGTACGATCCCTGTCGGTT	1
1258	1257	7	GTATCGTACGATCCCTGTCGGTTA	1
1259	1258	7	TATCGTACGATCCCTGTCGGTTAT	1
1260	1259	7	ATCGTACGATCCCTGTCGGTTATG	1
1261	1260	7	TCGTACGATCCCTGTCGGTTATGC	1
1262	1261	7	CGTACGATCCCTGTCGGTTATGCT	1
1263	1262	7	GTACGATCCCTGTCGGTTATGCTG	1
1264	1263	8	TACGATCCCTGTCGGTTATGCTGG	1
1265	1264	8	ACGATCCCTGTCGGTTATGCTGGT	1
1266	1265	8	CGATCCCTGTCGGTTATGCTGGTG	1
1267	1266	8	GATCCCTGTCGGTTATGCTGGTGC	1
1268	1267	8	ATCCCTGTCGGTTATGCTGGTGCC	1
1269	1268	8	TCCCTGTCGGTTATGCTGGTGCCG	1
1270	1269	8	CCCTGTCGGTTATGCTGGTGCCGA	1
1271	1270	8	CCTGTCGGTTATGCTGGTGCCGAT	1
1272	1271	8	CTGTCGGTTATGCTGGTGCCGATA	1
1273	1272	9	TGTCGGTTATGCTGGTGCCGATAT	1
1274	1273	9	GTCGGTTATGCTGGTGCCGATATT	1
1275	1274	9	TCGGTTATGCTGGTGCCGATATTC	1
1276	1275	9	CGGTTATGCTGGTGCCGATATTCC	1
1277	1276	9	GGTTATGCTGGTGCCGATATTCCC	1
1278	1277	9	GTTATGCTGGTGCCGATATTCCCG	1
1279	1278	8	TTATGCTGGTGCCGATATTCCCGT	1
1280	1279	8	TATGCTGGTGCCGATATTCCCGTC	1
1281	1280	8	ATGCTGGTGCCGATATTCCCGTCG	1
1282	1281	8	TGCTGGTGCCGATATTCCCGTCGT	1
1283	1282	8	GCTGGTGCCGATATTCCCGTCGTT	1
1284	1283	8	CTGGTGCCGATATTCCCGTCGTTC	1
1285	1284	8	TGGTGCCGATATTCCCGTCGTTCG	1
1286	1285	8	GGTGCCGATATTCCCGTCGTTCGT	1
1287	1286	8	GTGCCGATATTCCCGTCGTTCGTA	1
1288	1287	8	TGCCGATATTCCCGTCGTTCGTAC	1
1289	1288	7	GCCGATATTCCCGTCGTTCGTACT	1
1290	1289	7	CCGATATTCCCGTCGTTCGTACTG	1
1291	1290	7	CGATATTCCCGTCGTTCGTACTGA	1
1292	1291	7	GATATTCCCGTCGTTCGTACTGAA	1
1293	1292	7	ATATTCCCGTCGTTCGTACTGAAC	1
1294	1293	7	TATTCCCGTCGTTCGTACTGAACT	1
1295	1294	7	ATTCCCGTCGTTCGTACTGAACTC	1
1296	1295	7	TTCCCGTCGTTCGTACTGAACTCG	1
1297	1296	7	TCCCGTCGTTCGTACTGAACTCGC	1
1298	1297	6	CCCGTCGTTCGTACTGAACTCGCC	1
1299	1298	5	CCGTCGTTCGTACTGAACTCGCCG	1
1300	1299	2	CGTCGTTCGTACTGAACTCGCCGC	1
1301	1300	4	GTCGTTCGTACTGAACTCGCCGCT	1
1302	1301	4	TCGTTCGTACTGAACTCGCCGCTT	1
1303	1302	4	CGTTCGTACTGAACTCGCCGCTTA	1
1304	1303	4	GTTCGTACTGAACTCGCCGCTTAT	1
1305	1304	5	TTCGTACTGAACTCGCCGCTTATT	1
1306	1305	8	TCGTACTGAACTCGCCGCTTATTT	1
1307	1306	9	CGTACTGAACTCGCCGCTTATTTG	1
1308	1307	8	GTACTGAACTCGCCGCTTATTTGT	1
1309	1308	8	TACTGAACTCGCCGCTTATTTGTC	1
1310	1309	8	ACTGAACTCGCCGCTTATTTGTCT	1
1311	1310	10	CTGAACTCGCCGCTTATTTGTCTT	1
1312	1311	11	TGAACTCGCCGCTTATTTGTCTTG	1
1313	1312	12	GAACTCGCCGCTTATTTGTCTTGC	1
1314	1313	12	AACTCGCCGCTTATTTGTCTTGCA	1
1315	1314	12	ACTCGCCGCTTATTTGTCTTGCAA	1
1316	1315	12	CTCGCCGCTTATTTGTCTTGCAAT	1
1317	1316	11	TCGCCGCTTATTTGTCTTGCAATG	1
1318	1317	11	CGCCGCTTATTTGTCTTGCAATGC	1
1319	1318	11	GCCGCTTATTTGTCTTGCAATGCT	1
1320	1319	11	CCGCTTATTTGTCTTGCAATGCTA	1
1321	1320	11	CGCTTATTTGTCTTGCAATGCTAC	1
1322	1321	11	GCTTATTTGTCTTGCAATGCTACC	1
1323	1322	11	CTTATTTGTCTTGCAATGCTACCA	1
1324	1323	11	TTATTTGTCTTGCAATGCTACCAA	1
1325	1324	11	TATTTGTCTTGCAATGCTACCAAG	1
1326	1325	11	ATTTGTCTTGCAATGCTACCAAGC	1
1327	1326	11	TTTGTCTTGCAATGCTACCAAGCT	1
1328	1327	11	TTGTCTTGCAATGCTACCAAGCTG	1
1329	1328	11	TGTCTTGCAATGCTACCAAGCTGA	1
1330	1329	11	GTCTTGCAATGCTACCAAGCTGAA	1
1331	1330	12	TCTTGCAATGCTACCAAGCTGAAC	1
1332	1331	12	CTTGCAATGCTACCAAGCTGAACA	1
1333	1332	12	TTGCAATGCTACCAAGCTGAACAA	1
1334	1333	13	TGCAATGCTACCAAGCTGAACAAT	1
1335	1334	14	GCAATGCTACCAAGCTGAACAATG	1
1336	1335	14	CAATGCTACCAAGCTGAACAATGA	1
1337	1336	14	AATGCTACCAAGCTGAACAATGAC	1
1338	1337	14	ATGCTACCAAGCTGAACAATGACA	1
1339	1338	14	TGCTACCAAGCTGAACAATGACAC	1
1340	1339	14	GCTACCAAGCTGAACAATGACACC	1
1341	1340	14	CTACCAAGCTGAACAATGACACCA	1
1342	1341	14	TACCAAGCTGAACAATGACACCAA	1
1343	1342	14	ACCAAGCTGAACAATGACACCAAC	1
1344	1343	14	CCAAGCTGAACAATGACACCAACT	1
1345	1344	12	CAAGCTGAACAATGACACCAACTC	1
1346	1345	12	AAGCTGAACAATGACACCAACTCT	1
1347	1346	12	AGCTGAACAATGACACCAACTCTG	1
1348	1347	11	GCTGAACAATGACACCAACTCTGA	1
1349	1348	10	CTGAACAATGACACCAACTCTGAG	1
1350	1349	7	TGAACAATGACACCAACTCTGAGA	1
1351	1350	6	GAACAATGACACCAACTCTGAGAC	1
1352	1351	6	AACAATGACACCAACTCTGAGACC	1
1353	1352	6	ACAATGACACCAACTCTGAGACCG	1
1354	1353	6	CAATGACACCAACTCTGAGACCGA	1
1355	1354	4	AATGACACCAACTCTGAGACCGAT	1
1356	1355	4	ATGACACCAACTCTGAGACCGATT	1
1357	1356	3	TGACACCAACTCTGAGACCGATTT	1
1358	1357	3	GACACCAACTCTGAGACCGATTTC	1
1359	1358	3	ACACCAACTCTGAGACCGATTTCT	1
1360	1359	3	CACCAACTCTGAGACCGATTTCTT	1
1361	1360	3	ACCAACTCTGAGACCGATTTCTTG	1
1362	1361	3	CCAACTCTGAGACCGATTTCTTGG	1
1363	1362	3	CAACTCTGAGACCGATTTCTTGGG	1
1364	1363	5	AACTCTGAGACCGATTTCTTGGGT	1
1365	1364	5	ACTCTGAGACCGATTTCTTGGGTT	1
1366	1365	5	CTCTGAGACCGATTTCTTGGGTTA	1
1367	1366	5	TCTGAGACCGATTTCTTGGGTTAC	1
1368	1367	5	CTGAGACCGATTTCTTGGGTTACA	1
1369	1368	5	TGAGACCGATTTCTTGGGTTACAA	1
1370	1369	5	GAGACCGATTTCTTGGGTTACAAC	1
1371	1370	5	AGACCGATTTCTTGGGTTACAACA	1
1372	1371	5	GACCGATTTCTTGGGTTACAACAT	1
1373	1372	5	ACCGATTTCTTGGGTTACAACATG	1
1374	1373	5	CCGATTTCTTGGGTTACAACATGT	1
1375	1374	5	CGATTTCTTGGGTTACAACATGTA	1
1376	1375	5	GATTTCTTGGGTTACAACATGTAC	1
1377	1376	6	ATTTCTTGGGTTACAACATGTACG	1
1378	1377	6	TTTCTTGGGTTACAACATGTACGA	1
1379	1378	5	TTCTTGGGTTACAACATGTACGAG	1
1380	1379	6	TCTTGGGTTACAACATGTACGAGT	1
1381	1380	7	CTTGGGTTACAACATGTACGAGTG	1
1382	1381	7	TTGGGTTACAACATGTACGAGTGG	1
1383	1382	8	TGGGTTACAACATGTACGAGTGGT	1
1384	1383	8	GGGTTACAACATGTACGAGTGGTG	1
1385	1384	8	GGTTACAACATGTACGAGTGGTGC	1
1386	1385	8	GTTACAACATGTACGAGTGGTGCG	1
1387	1386	8	TTACAACATGTACGAGTGGTGCGG	1
1388	1387	8	TACAACATGTACGAGTGGTGCGGT	1
1389	1388	8	ACAACATGTACGAGTGGTGCGGTC	1
1390	1389	8	CAACATGTACGAGTGGTGCGGTCA	1
1391	1390	8	AACATGTACGAGTGGTGCGGTCAT	1
1392	1391	8	ACATGTACGAGTGGTGCGGTCATT	1
1393	1392	8	CATGTACGAGTGGTGCGGTCATTC	1
1394	1393	8	ATGTACGAGTGGTGCGGTCATTCT	1
1395	1394	8	TGTACGAGTGGTGCGGTCATTCTG	1
1396	1395	8	GTACGAGTGGTGCGGTCATTCTGA	1
1397	1396	8	TACGAGTGGTGCGGTCATTCTGAC	1
1398	1397	8	ACGAGTGGTGCGGTCATTCTGACT	1
1399	1398	8	CGAGTGGTGCGGTCATTCTGACTT	1
1400	1399	8	GAGTGGTGCGGTCATTCTGACTTC	1
1401	1400	8	AGTGGTGCGGTCATTCTGACTTCT	1
1402	1401	8	GTGGTGCGGTCATTCTGACTTCTA	1
1403	1402	8	TGGTGCGGTCATTCTGACTTCTAC	1
1404	1403	8	GGTGCGGTCATTCTGACTTCTACA	1
1405	1404	8	GTGCGGTCATTCTGACTTCTACAC	1
1406	1405	8	TGCGGTCATTCTGACTTCTACACT	1
1407	1406	8	GCGGTCATTCTGACTTCTACACTT	1
1408	1407	6	CGGTCATTCTGACTTCTACACTTC	1
1409	1408	6	GGTCATTCTGACTTCTACACTTCT	1
1410	1409	7	GTCATTCTGACTTCTACACTTCTG	1
1411	1410	7	TCATTCTGACTTCTACACTTCTGG	1
1412	1411	7	CATTCTGACTTCTACACTTCTGGT	1
1413	1412	8	ATTCTGACTTCTACACTTCTGGTT	1
1414	1413	8	TTCTGACTTCTACACTTCTGGTTA	1
1415	1414	8	TCTGACTTCTACACTTCTGGTTAT	1
1416	1415	8	CTGACTTCTACACTTCTGGTTATG	1
1417	1416	8	TGACTTCTACACTTCTGGTTATGC	1
1418	1417	8	GACTTCTACACTTCTGGTTATGCT	1
1419	1418	7	ACTTCTACACTTCTGGTTATGCTG	1
1420	1419	7	CTTCTACACTTCTGGTTATGCTGC	1
1421	1420	6	TTCTACACTTCTGGTTATGCTGCC	1
1422	1421	5	TCTACACTTCTGGTTATGCTGCCC	1
1423	1422	6	CTACACTTCTGGTTATGCTGCCCG	1
1424	1423	5	TACACTTCTGGTTATGCTGCCCGT	1
1425	1424	5	ACACTTCTGGTTATGCTGCCCGTA	1
1426	1425	5	CACTTCTGGTTATGCTGCCCGTAC	1
1427	1426	4	ACTTCTGGTTATGCTGCCCGTACT	1
1428	1427	4	CTTCTGGTTATGCTGCCCGTACTC	1
1429	1428	4	TTCTGGTTATGCTGCCCGTACTCA	1
1430	1429	4	TCTGGTTATGCTGCCCGTACTCAA	1
1431	1430	4	CTGGTTATGCTGCCCGTACTCAAG	1
1432	1431	4	TGGTTATGCTGCCCGTACTCAAGA	1
1433	1432	4	GGTTATGCTGCCCGTACTCAAGAG	1
1434	1433	4	GTTATGCTGCCCGTACTCAAGAGC	1
1435	1434	4	TTATGCTGCCCGTACTCAAGAGCT	1
1436	1435	4	TATGCTGCCCGTACTCAAGAGCTT	1
1437	1436	4	ATGCTGCCCGTACTCAAGAGCTTG	1
1438	1437	4	TGCTGCCCGTACTCAAGAGCTTGA	1
1439	1438	4	GCTGCCCGTACTCAAGAGCTTGAG	1
1440	1439	4	CTGCCCGTACTCAAGAGCTTGAGA	1
1441	1440	4	TGCCCGTACTCAAGAGCTTGAGAA	1
1442	1441	5	GCCCGTACTCAAGAGCTTGAGAAC	1
1443	1442	5	CCCGTACTCAAGAGCTTGAGAACT	1
1444	1443	5	CCGTACTCAAGAGCTTGAGAACTT	1
1445	1444	5	CGTACTCAAGAGCTTGAGAACTTT	1
1446	1445	5	GTACTCAAGAGCTTGAGAACTTTA	1
1447	1446	5	TACTCAAGAGCTTGAGAACTTTAC	1
1448	1447	5	ACTCAAGAGCTTGAGAACTTTACT	1
1449	1448	5	CTCAAGAGCTTGAGAACTTTACTA	1
1450	1449	5	TCAAGAGCTTGAGAACTTTACTAT	1
1451	1450	5	CAAGAGCTTGAGAACTTTACTATT	1
1452	1451	5	AAGAGCTTGAGAACTTTACTATTC	1
1453	1452	5	AGAGCTTGAGAACTTTACTATTCC	1
1454	1453	4	GAGCTTGAGAACTTTACTATTCCT	1
1455	1454	4	AGCTTGAGAACTTTACTATTCCTA	1
1456	1455	4	GCTTGAGAACTTTACTATTCCTAT	1
1457	1456	3	CTTGAGAACTTTACTATTCCTATC	1
1458	1457	3	TTGAGAACTTTACTATTCCTATCT	1
1459	1458	3	TGAGAACTTTACTATTCCTATCTT	1
1460	1459	3	GAGAACTTTACTATTCCTATCTTC	1
1461	1460	3	AGAACTTTACTATTCCTATCTTCC	1
1462	1461	2	GAACTTTACTATTCCTATCTTCCT	1
1463	1462	2	AACTTTACTATTCCTATCTTCCTT	1
1464	1463	2	ACTTTACTATTCCTATCTTCCTTT	1
1465	1464	2	CTTTACTATTCCTATCTTCCTTTC	1
1466	1465	2	TTTACTATTCCTATCTTCCTTTCC	1
1467	1466	2	TTACTATTCCTATCTTCCTTTCCG	1
1468	1467	2	TACTATTCCTATCTTCCTTTCCGA	1
1469	1468	3	ACTATTCCTATCTTCCTTTCCGAG	1
1470	1469	3	CTATTCCTATCTTCCTTTCCGAGT	1
1471	1470	3	TATTCCTATCTTCCTTTCCGAGTT	1
1472	1471	3	ATTCCTATCTTCCTTTCCGAGTTT	1
1473	1472	6	TTCCTATCTTCCTTTCCGAGTTTG	1
1474	1473	6	TCCTATCTTCCTTTCCGAGTTTGG	1
1475	1474	6	CCTATCTTCCTTTCCGAGTTTGGT	1
1476	1475	7	CTATCTTCCTTTCCGAGTTTGGTT	1
1477	1476	7	TATCTTCCTTTCCGAGTTTGGTTG	1
1478	1477	7	ATCTTCCTTTCCGAGTTTGGTTGC	1
1479	1478	7	TCTTCCTTTCCGAGTTTGGTTGCA	1
1480	1479	7	CTTCCTTTCCGAGTTTGGTTGCAA	1
1481	1480	7	TTCCTTTCCGAGTTTGGTTGCAAC	1
1482	1481	8	TCCTTTCCGAGTTTGGTTGCAACA	1
1483	1482	8	CCTTTCCGAGTTTGGTTGCAACAA	1
1484	1483	8	CTTTCCGAGTTTGGTTGCAACAAG	1
1485	1484	8	TTTCCGAGTTTGGTTGCAACAAGG	1
1486	1485	7	TTCCGAGTTTGGTTGCAACAAGGT	1
1487	1486	7	TCCGAGTTTGGTTGCAACAAGGTC	1
1488	1487	7	CCGAGTTTGGTTGCAACAAGGTCA	1
1489	1488	7	CGAGTTTGGTTGCAACAAGGTCAC	1
1490	1489	7	GAGTTTGGTTGCAACAAGGTCACT	1
1491	1490	7	AGTTTGGTTGCAACAAGGTCACTC	1
1492	1491	7	GTTTGGTTGCAACAAGGTCACTCC	1
1493	1492	8	TTTGGTTGCAACAAGGTCACTCCT	1
1494	1493	8	TTGGTTGCAACAAGGTCACTCCTC	1
1495	1494	8	TGGTTGCAACAAGGTCACTCCTCG	1
1496	1495	8	GGTTGCAACAAGGTCACTCCTCGT	1
1497	1496	8	GTTGCAACAAGGTCACTCCTCGTG	1
1498	1497	8	TTGCAACAAGGTCACTCCTCGTGT	1
1499	1498	8	TGCAACAAGGTCACTCCTCGTGTT	1
1500	1499	8	GCAACAAGGTCACTCCTCGTGTTT	1
1501	1500	9	CAACAAGGTCACTCCTCGTGTTTT	1
1502	1501	9	AACAAGGTCACTCCTCGTGTTTTC	1
1503	1502	9	ACAAGGTCACTCCTCGTGTTTTCA	1
1504	1503	9	CAAGGTCACTCCTCGTGTTTTCAC	1
1505	1504	9	AAGGTCACTCCTCGTGTTTTCACT	1
1506	1505	8	AGGTCACTCCTCGTGTTTTCACTG	1
1507	1506	8	GGTCACTCCTCGTGTTTTCACTGA	1
1508	1507	8	GTCACTCCTCGTGTTTTCACTGAA	1
1509	1508	8	TCACTCCTCGTGTTTTCACTGAAG	1
1510	1509	8	CACTCCTCGTGTTTTCACTGAAGT	1
1511	1510	7	ACTCCTCGTGTTTTCACTGAAGTC	1
1512	1511	7	CTCCTCGTGTTTTCACTGAAGTCC	1
1513	1512	6	TCCTCGTGTTTTCACTGAAGTCCA	1
1514	1513	6	CCTCGTGTTTTCACTGAAGTCCAA	1
1515	1514	6	CTCGTGTTTTCACTGAAGTCCAAG	1
1516	1515	8	TCGTGTTTTCACTGAAGTCCAAGC	1
1517	1516	5	CGTGTTTTCACTGAAGTCCAAGCC	1
1518	1517	5	GTGTTTTCACTGAAGTCCAAGCCA	1
1519	1518	5	TGTTTTCACTGAAGTCCAAGCCAT	1
1520	1519	5	GTTTTCACTGAAGTCCAAGCCATC	1
1521	1520	5	TTTTCACTGAAGTCCAAGCCATCT	1
1522	1521	5	TTTCACTGAAGTCCAAGCCATCTA	1
1523	1522	5	TTCACTGAAGTCCAAGCCATCTAT	1
1524	1523	5	TCACTGAAGTCCAAGCCATCTATT	1
1525	1524	5	CACTGAAGTCCAAGCCATCTATTC	1
1526	1525	4	ACTGAAGTCCAAGCCATCTATTCT	1
1527	1526	4	CTGAAGTCCAAGCCATCTATTCTG	1
1528	1527	5	TGAAGTCCAAGCCATCTATTCTGA	1
1529	1528	5	GAAGTCCAAGCCATCTATTCTGAT	1
1530	1529	5	AAGTCCAAGCCATCTATTCTGATA	1
1531	1530	6	AGTCCAAGCCATCTATTCTGATAA	1
1532	1531	6	GTCCAAGCCATCTATTCTGATAAC	1
1533	1532	6	TCCAAGCCATCTATTCTGATAACA	1
1534	1533	7	CCAAGCCATCTATTCTGATAACAT	1
1535	1534	7	CAAGCCATCTATTCTGATAACATG	1
1536	1535	7	AAGCCATCTATTCTGATAACATGA	1
1537	1536	7	AGCCATCTATTCTGATAACATGAC	1
1538	1537	7	GCCATCTATTCTGATAACATGACC	1
1539	1538	7	CCATCTATTCTGATAACATGACCA	1
1540	1539	7	CATCTATTCTGATAACATGACCAA	1
1541	1540	7	ATCTATTCTGATAACATGACCAAT	1
1542	1541	7	TCTATTCTGATAACATGACCAATG	1
1543	1542	7	CTATTCTGATAACATGACCAATGT	1
1544	1543	7	TATTCTGATAACATGACCAATGTT	1
1545	1544	6	ATTCTGATAACATGACCAATGTTT	1
1546	1545	6	TTCTGATAACATGACCAATGTTTG	1
1547	1546	6	TCTGATAACATGACCAATGTTTGG	1
1548	1547	6	CTGATAACATGACCAATGTTTGGA	1
1549	1548	6	TGATAACATGACCAATGTTTGGAG	1
1550	1549	7	GATAACATGACCAATGTTTGGAGC	1
1551	1550	7	ATAACATGACCAATGTTTGGAGCG	1
1552	1551	7	TAACATGACCAATGTTTGGAGCGG	1
1553	1552	7	AACATGACCAATGTTTGGAGCGGT	1
1554	1553	7	ACATGACCAATGTTTGGAGCGGTG	1
1555	1554	7	CATGACCAATGTTTGGAGCGGTGG	1
1556	1555	7	ATGACCAATGTTTGGAGCGGTGGT	1
1557	1556	7	TGACCAATGTTTGGAGCGGTGGTA	1
1558	1557	7	GACCAATGTTTGGAGCGGTGGTAT	1
1559	1558	7	ACCAATGTTTGGAGCGGTGGTATT	1
1560	1559	5	CCAATGTTTGGAGCGGTGGTATTG	1
1561	1560	5	CAATGTTTGGAGCGGTGGTATTGT	1
1562	1561	5	AATGTTTGGAGCGGTGGTATTGTC	1
1563	1562	5	ATGTTTGGAGCGGTGGTATTGTCT	1
1564	1563	4	TGTTTGGAGCGGTGGTATTGTCTA	1
1565	1564	4	GTTTGGAGCGGTGGTATTGTCTAC	1
1566	1565	4	TTTGGAGCGGTGGTATTGTCTACG	1
1567	1566	5	TTGGAGCGGTGGTATTGTCTACGA	1
1568	1567	5	TGGAGCGGTGGTATTGTCTACGAA	1
1569	1568	6	GGAGCGGTGGTATTGTCTACGAAT	1
1570	1569	6	GAGCGGTGGTATTGTCTACGAATA	1
1571	1570	6	AGCGGTGGTATTGTCTACGAATAT	1
1572	1571	5	GCGGTGGTATTGTCTACGAATATT	1
1573	1572	5	CGGTGGTATTGTCTACGAATATTC	1
1574	1573	7	GGTGGTATTGTCTACGAATATTCT	1
1575	1574	7	GTGGTATTGTCTACGAATATTCTC	1
1576	1575	7	TGGTATTGTCTACGAATATTCTCA	1
1577	1576	7	GGTATTGTCTACGAATATTCTCAA	1
1578	1577	6	GTATTGTCTACGAATATTCTCAAG	1
1579	1578	6	TATTGTCTACGAATATTCTCAAGA	1
1580	1579	6	ATTGTCTACGAATATTCTCAAGAG	1
1581	1580	5	TTGTCTACGAATATTCTCAAGAGG	1
1582	1581	5	TGTCTACGAATATTCTCAAGAGGT	1
1583	1582	5	GTCTACGAATATTCTCAAGAGGTT	1
1584	1583	5	TCTACGAATATTCTCAAGAGGTTA	1
1585	1584	5	CTACGAATATTCTCAAGAGGTTAA	1
1586	1585	5	TACGAATATTCTCAAGAGGTTAAC	1
1587	1586	5	ACGAATATTCTCAAGAGGTTAACG	1
1588	1587	5	CGAATATTCTCAAGAGGTTAACGA	1
1589	1588	6	GAATATTCTCAAGAGGTTAACGAC	1
1590	1589	6	AATATTCTCAAGAGGTTAACGACT	1
1591	1590	6	ATATTCTCAAGAGGTTAACGACTA	1
1592	1591	6	TATTCTCAAGAGGTTAACGACTAT	1
1593	1592	6	ATTCTCAAGAGGTTAACGACTATG	1
1594	1593	5	TTCTCAAGAGGTTAACGACTATGG	1
1595	1594	5	TCTCAAGAGGTTAACGACTATGGT	1
1596	1595	5	CTCAAGAGGTTAACGACTATGGTC	1
1597	1596	5	TCAAGAGGTTAACGACTATGGTCT	1
1598	1597	5	CAAGAGGTTAACGACTATGGTCTT	1
1599	1598	5	AAGAGGTTAACGACTATGGTCTTG	1
1600	1599	5	AGAGGTTAACGACTATGGTCTTGT	1
1601	1600	5	GAGGTTAACGACTATGGTCTTGTT	1
1602	1601	5	AGGTTAACGACTATGGTCTTGTTA	1
1603	1602	5	GGTTAACGACTATGGTCTTGTTAA	1
1604	1603	6	GTTAACGACTATGGTCTTGTTAAC	1
1605	1604	6	TTAACGACTATGGTCTTGTTAACG	1
1606	1605	6	TAACGACTATGGTCTTGTTAACGT	1
1607	1606	6	AACGACTATGGTCTTGTTAACGTT	1
1608	1607	6	ACGACTATGGTCTTGTTAACGTTT	1
1609	1608	6	CGACTATGGTCTTGTTAACGTTTC	1
1610	1609	6	GACTATGGTCTTGTTAACGTTTCT	1
1611	1610	5	ACTATGGTCTTGTTAACGTTTCTT	1
1612	1611	5	CTATGGTCTTGTTAACGTTTCTTC	1
1613	1612	4	TATGGTCTTGTTAACGTTTCTTCC	1
1614	1613	4	ATGGTCTTGTTAACGTTTCTTCCA	1
1615	1614	3	TGGTCTTGTTAACGTTTCTTCCAC	1
1616	1615	3	GGTCTTGTTAACGTTTCTTCCACT	1
1617	1616	3	GTCTTGTTAACGTTTCTTCCACTG	1
1618	1617	3	TCTTGTTAACGTTTCTTCCACTGG	1
1619	1618	3	CTTGTTAACGTTTCTTCCACTGGT	1
1620	1619	3	TTGTTAACGTTTCTTCCACTGGTG	1
1621	1620	4	TGTTAACGTTTCTTCCACTGGTGA	1
1622	1621	4	GTTAACGTTTCTTCCACTGGTGAG	1
1623	1622	4	TTAACGTTTCTTCCACTGGTGAGC	1
1624	1623	4	TAACGTTTCTTCCACTGGTGAGCG	1
1625	1624	4	AACGTTTCTTCCACTGGTGAGCGT	1
1626	1625	4	ACGTTTCTTCCACTGGTGAGCGTG	1
1627	1626	4	CGTTTCTTCCACTGGTGAGCGTGT	1
1628	1627	4	GTTTCTTCCACTGGTGAGCGTGTC	1
1629	1628	4	TTTCTTCCACTGGTGAGCGTGTCT	1
1630	1629	4	TTCTTCCACTGGTGAGCGTGTCTT	1
1631	1630	4	TCTTCCACTGGTGAGCGTGTCTTG	1
1632	1631	4	CTTCCACTGGTGAGCGTGTCTTGA	1
1633	1632	3	TTCCACTGGTGAGCGTGTCTTGAC	1
1634	1633	3	TCCACTGGTGAGCGTGTCTTGACT	1
1635	1634	3	CCACTGGTGAGCGTGTCTTGACTA	1
1636	1635	3	CACTGGTGAGCGTGTCTTGACTAC	1
1637	1636	3	ACTGGTGAGCGTGTCTTGACTACT	1
1638	1637	3	CTGGTGAGCGTGTCTTGACTACTG	1
1639	1638	4	TGGTGAGCGTGTCTTGACTACTGA	1
1640	1639	4	GGTGAGCGTGTCTTGACTACTGAC	1
1641	1640	4	GTGAGCGTGTCTTGACTACTGACT	1
1642	1641	4	TGAGCGTGTCTTGACTACTGACTA	1
1643	1642	4	GAGCGTGTCTTGACTACTGACTAT	1
1644	1643	4	AGCGTGTCTTGACTACTGACTATA	1
1645	1644	4	GCGTGTCTTGACTACTGACTATAA	1
1646	1645	6	CGTGTCTTGACTACTGACTATAAC	1
1647	1646	6	GTGTCTTGACTACTGACTATAACA	1
1648	1647	6	TGTCTTGACTACTGACTATAACAA	1
1649	1648	6	GTCTTGACTACTGACTATAACAAC	1
1650	1649	6	TCTTGACTACTGACTATAACAACT	1
1651	1650	6	CTTGACTACTGACTATAACAACTT	1
1652	1651	7	TTGACTACTGACTATAACAACTTG	1
1653	1652	7	TGACTACTGACTATAACAACTTGA	1
1654	1653	8	GACTACTGACTATAACAACTTGAA	1
1655	1654	8	ACTACTGACTATAACAACTTGAAG	1
1656	1655	8	CTACTGACTATAACAACTTGAAGA	1
1657	1656	8	TACTGACTATAACAACTTGAAGAA	1
1658	1657	8	ACTGACTATAACAACTTGAAGAAG	1
1659	1658	8	CTGACTATAACAACTTGAAGAAGC	1
1660	1659	8	TGACTATAACAACTTGAAGAAGCA	1
1661	1660	9	GACTATAACAACTTGAAGAAGCAA	1
1662	1661	8	ACTATAACAACTTGAAGAAGCAAT	1
1663	1662	8	CTATAACAACTTGAAGAAGCAATG	1
1664	1663	8	TATAACAACTTGAAGAAGCAATGG	1
1665	1664	7	ATAACAACTTGAAGAAGCAATGGG	1
1666	1665	7	TAACAACTTGAAGAAGCAATGGGC	1
1667	1666	8	AACAACTTGAAGAAGCAATGGGCT	1
1668	1667	8	ACAACTTGAAGAAGCAATGGGCTT	1
1669	1668	8	CAACTTGAAGAAGCAATGGGCTTC	1
1670	1669	8	AACTTGAAGAAGCAATGGGCTTCC	1
1671	1670	8	ACTTGAAGAAGCAATGGGCTTCCA	1
1672	1671	8	CTTGAAGAAGCAATGGGCTTCCAT	1
1673	1672	8	TTGAAGAAGCAATGGGCTTCCATT	1
1674	1673	8	TGAAGAAGCAATGGGCTTCCATTA	1
1675	1674	8	GAAGAAGCAATGGGCTTCCATTAG	1
1676	1675	8	AAGAAGCAATGGGCTTCCATTAGC	1
1677	1676	8	AGAAGCAATGGGCTTCCATTAGCC	1
1678	1677	8	GAAGCAATGGGCTTCCATTAGCCC	1
1679	1678	8	AAGCAATGGGCTTCCATTAGCCCC	1
1680	1679	8	AGCAATGGGCTTCCATTAGCCCCA	1
1681	1680	8	GCAATGGGCTTCCATTAGCCCCAA	1
1682	1681	8	CAATGGGCTTCCATTAGCCCCAAC	1
1683	1682	7	AATGGGCTTCCATTAGCCCCAACA	1
1684	1683	7	ATGGGCTTCCATTAGCCCCAACAT	1
1685	1684	7	TGGGCTTCCATTAGCCCCAACATT	1
1686	1685	7	GGGCTTCCATTAGCCCCAACATTA	1
1687	1686	7	GGCTTCCATTAGCCCCAACATTAC	1
1688	1687	6	GCTTCCATTAGCCCCAACATTACC	1
1689	1688	6	CTTCCATTAGCCCCAACATTACCT	1
1690	1689	4	TTCCATTAGCCCCAACATTACCTA	1
1691	1690	4	TCCATTAGCCCCAACATTACCTAT	1
1692	1691	4	CCATTAGCCCCAACATTACCTATA	1
1693	1692	4	CATTAGCCCCAACATTACCTATAA	1
1694	1693	4	ATTAGCCCCAACATTACCTATAAG	1
1695	1694	4	TTAGCCCCAACATTACCTATAAGC	1
1696	1695	3	TAGCCCCAACATTACCTATAAGCA	1
1697	1696	3	AGCCCCAACATTACCTATAAGCAC	1
1698	1697	2	GCCCCAACATTACCTATAAGCACT	1
1699	1698	2	CCCCAACATTACCTATAAGCACTC	1
1700	1699	2	CCCAACATTACCTATAAGCACTCC	1
1701	1700	2	CCAACATTACCTATAAGCACTCCT	1
1702	1701	2	CAACATTACCTATAAGCACTCCTA	1
1703	1702	2	AACATTACCTATAAGCACTCCTAC	1
1704	1703	2	ACATTACCTATAAGCACTCCTACA	1
1705	1704	1	CATTACCTATAAGCACTCCTACAA	1
1706	1705	1	ATTACCTATAAGCACTCCTACAAT	1
1707	1706	1	TTACCTATAAGCACTCCTACAATC	1
1708	1707	1	TACCTATAAGCACTCCTACAATCC	1
1709	1708	1	ACCTATAAGCACTCCTACAATCCC	1
1710	1709	1	CCTATAAGCACTCCTACAATCCCA	1
