Component 440
1	-1	0	CTTTGAAGGAAGCTAATGTTCCAA	1
2	1	1	TTTGAAGGAAGCTAATGTTCCAAG	1
3	2	1	TTGAAGGAAGCTAATGTTCCAAGA	1
4	3	1	TGAAGGAAGCTAATGTTCCAAGAA	1
5	4	1	GAAGGAAGCTAATGTTCCAAGAAG	1
6	5	1	AAGGAAGCTAATGTTCCAAGAAGC	1
7	6	1	AGGAAGCTAATGTTCCAAGAAGCA	1
8	7	1	GGAAGCTAATGTTCCAAGAAGCAA	1
9	8	1	GAAGCTAATGTTCCAAGAAGCAAA	1
10	9	1	AAGCTAATGTTCCAAGAAGCAAAC	1
11	10	1	AGCTAATGTTCCAAGAAGCAAACT	1
12	11	1	GCTAATGTTCCAAGAAGCAAACTC	1
13	12	1	CTAATGTTCCAAGAAGCAAACTCT	1
14	13	1	TAATGTTCCAAGAAGCAAACTCTT	1
15	14	1	AATGTTCCAAGAAGCAAACTCTTT	1
16	15	1	ATGTTCCAAGAAGCAAACTCTTTA	1
17	16	1	TGTTCCAAGAAGCAAACTCTTTAT	1
18	17	1	GTTCCAAGAAGCAAACTCTTTATT	1
19	18	1	TTCCAAGAAGCAAACTCTTTATTA	1
20	19	1	TCCAAGAAGCAAACTCTTTATTAC	1
21	20	1	CCAAGAAGCAAACTCTTTATTACT	1
22	21	1	CAAGAAGCAAACTCTTTATTACTT	1
23	22	1	AAGAAGCAAACTCTTTATTACTTC	1
24	23	1	AGAAGCAAACTCTTTATTACTTCC	1
25	24	1	GAAGCAAACTCTTTATTACTTCCA	1
26	25	1	AAGCAAACTCTTTATTACTTCCAA	1
27	26	1	AGCAAACTCTTTATTACTTCCAAG	1
28	27	1	GCAAACTCTTTATTACTTCCAAGG	1
29	28	1	CAAACTCTTTATTACTTCCAAGGT	1
30	29	1	AAACTCTTTATTACTTCCAAGGTT	1
31	30	1	AACTCTTTATTACTTCCAAGGTTA	1
32	31	1	ACTCTTTATTACTTCCAAGGTTAT	1
33	32	1	CTCTTTATTACTTCCAAGGTTATG	1
34	33	2	TCTTTATTACTTCCAAGGTTATGC	1
35	34	2	CTTTATTACTTCCAAGGTTATGCA	1
36	35	2	TTTATTACTTCCAAGGTTATGCAT	1
37	36	2	TTATTACTTCCAAGGTTATGCATA	1
38	37	2	TATTACTTCCAAGGTTATGCATAA	1
39	38	2	ATTACTTCCAAGGTTATGCATAAT	1
40	39	2	TTACTTCCAAGGTTATGCATAATG	1
41	40	2	TACTTCCAAGGTTATGCATAATGT	1
42	41	2	ACTTCCAAGGTTATGCATAATGTC	1
43	42	2	CTTCCAAGGTTATGCATAATGTCG	1
44	43	2	TTCCAAGGTTATGCATAATGTCGA	1
45	44	2	TCCAAGGTTATGCATAATGTCGAT	1
46	45	1	CCAAGGTTATGCATAATGTCGATA	1
47	46	1	CAAGGTTATGCATAATGTCGATAA	1
48	47	1	AAGGTTATGCATAATGTCGATAAC	1
49	48	1	AGGTTATGCATAATGTCGATAACA	1
50	49	1	GGTTATGCATAATGTCGATAACAT	1
51	50	1	GTTATGCATAATGTCGATAACATT	1
52	51	1	TTATGCATAATGTCGATAACATTC	1
53	52	1	TATGCATAATGTCGATAACATTCC	1
54	53	1	ATGCATAATGTCGATAACATTCCT	1
55	54	1	TGCATAATGTCGATAACATTCCTG	1
56	55	1	GCATAATGTCGATAACATTCCTGA	1
57	56	1	CATAATGTCGATAACATTCCTGAA	1
58	57	1	ATAATGTCGATAACATTCCTGAAG	1
59	58	1	TAATGTCGATAACATTCCTGAAGC	1
60	59	1	AATGTCGATAACATTCCTGAAGCC	1
61	60	2	ATGTCGATAACATTCCTGAAGCCC	1
62	61	2	TGTCGATAACATTCCTGAAGCCCT	1
63	62	2	GTCGATAACATTCCTGAAGCCCTC	1
64	63	2	TCGATAACATTCCTGAAGCCCTCA	1
65	64	2	CGATAACATTCCTGAAGCCCTCAA	1
66	65	2	GATAACATTCCTGAAGCCCTCAAC	1
67	66	2	ATAACATTCCTGAAGCCCTCAACG	1
68	67	2	TAACATTCCTGAAGCCCTCAACGA	1
69	68	2	AACATTCCTGAAGCCCTCAACGAA	1
70	69	2	ACATTCCTGAAGCCCTCAACGAAT	1
71	70	2	CATTCCTGAAGCCCTCAACGAATC	1
72	71	2	ATTCCTGAAGCCCTCAACGAATCT	1
73	72	2	TTCCTGAAGCCCTCAACGAATCTT	1
74	73	2	TCCTGAAGCCCTCAACGAATCTTT	1
75	74	2	CCTGAAGCCCTCAACGAATCTTTA	1
76	75	2	CTGAAGCCCTCAACGAATCTTTAC	1
77	76	2	TGAAGCCCTCAACGAATCTTTACG	1
78	77	1	GAAGCCCTCAACGAATCTTTACGT	1
79	78	1	AAGCCCTCAACGAATCTTTACGTA	1
80	79	1	AGCCCTCAACGAATCTTTACGTAA	1
81	80	1	GCCCTCAACGAATCTTTACGTAAG	1
82	81	1	CCCTCAACGAATCTTTACGTAAGC	1
83	82	1	CCTCAACGAATCTTTACGTAAGCT	1
84	83	1	CTCAACGAATCTTTACGTAAGCTT	1
85	84	1	TCAACGAATCTTTACGTAAGCTTG	1
86	85	1	CAACGAATCTTTACGTAAGCTTGG	1
87	86	1	AACGAATCTTTACGTAAGCTTGGT	1
88	87	1	ACGAATCTTTACGTAAGCTTGGTA	1
89	88	1	CGAATCTTTACGTAAGCTTGGTAC	1
90	89	2	GAATCTTTACGTAAGCTTGGTACT	1
91	90	2	AATCTTTACGTAAGCTTGGTACTG	1
92	91	2	ATCTTTACGTAAGCTTGGTACTGA	1
93	92	2	TCTTTACGTAAGCTTGGTACTGAC	1
94	93	2	CTTTACGTAAGCTTGGTACTGACT	1
95	94	2	TTTACGTAAGCTTGGTACTGACTA	1
96	95	2	TTACGTAAGCTTGGTACTGACTAT	1
97	96	2	TACGTAAGCTTGGTACTGACTATT	1
98	97	2	ACGTAAGCTTGGTACTGACTATTT	1
99	98	2	CGTAAGCTTGGTACTGACTATTTG	1
100	99	3	GTAAGCTTGGTACTGACTATTTGG	1
101	100	3	TAAGCTTGGTACTGACTATTTGGA	1
102	101	3	AAGCTTGGTACTGACTATTTGGAC	1
103	102	6	AGCTTGGTACTGACTATTTGGACC	1
104	103	6	GCTTGGTACTGACTATTTGGACCT	1
105	104	5	CTTGGTACTGACTATTTGGACCTG	1
106	105	5	TTGGTACTGACTATTTGGACCTGT	1
107	106	5	TGGTACTGACTATTTGGACCTGTA	1
108	107	5	GGTACTGACTATTTGGACCTGTAC	1
109	108	6	GTACTGACTATTTGGACCTGTACC	1
110	109	6	TACTGACTATTTGGACCTGTACCT	1
111	110	6	ACTGACTATTTGGACCTGTACCTT	1
112	111	6	CTGACTATTTGGACCTGTACCTTT	1
113	112	6	TGACTATTTGGACCTGTACCTTTT	1
114	113	6	GACTATTTGGACCTGTACCTTTTG	1
115	114	6	ACTATTTGGACCTGTACCTTTTGC	1
116	115	6	CTATTTGGACCTGTACCTTTTGCA	1
117	116	6	TATTTGGACCTGTACCTTTTGCAT	1
118	117	6	ATTTGGACCTGTACCTTTTGCATA	1
119	118	7	TTTGGACCTGTACCTTTTGCATAG	1
120	119	7	TTGGACCTGTACCTTTTGCATAGT	1
121	120	7	TGGACCTGTACCTTTTGCATAGTC	1
122	121	7	GGACCTGTACCTTTTGCATAGTCC	1
123	122	7	GACCTGTACCTTTTGCATAGTCCT	1
124	123	7	ACCTGTACCTTTTGCATAGTCCTA	1
125	124	7	CCTGTACCTTTTGCATAGTCCTAT	1
126	125	8	CTGTACCTTTTGCATAGTCCTATT	1
127	126	8	TGTACCTTTTGCATAGTCCTATTC	1
128	127	8	GTACCTTTTGCATAGTCCTATTCC	1
129	128	8	TACCTTTTGCATAGTCCTATTCCT	1
130	129	8	ACCTTTTGCATAGTCCTATTCCTT	1
131	130	8	CCTTTTGCATAGTCCTATTCCTTT	1
132	131	8	CTTTTGCATAGTCCTATTCCTTTC	1
133	132	8	TTTTGCATAGTCCTATTCCTTTCT	1
134	133	7	TTTGCATAGTCCTATTCCTTTCTA	1
135	134	7	TTGCATAGTCCTATTCCTTTCTAT	1
136	135	7	TGCATAGTCCTATTCCTTTCTATG	1
137	136	7	GCATAGTCCTATTCCTTTCTATGA	1
138	137	7	CATAGTCCTATTCCTTTCTATGAA	1
139	138	7	ATAGTCCTATTCCTTTCTATGAAA	1
140	139	7	TAGTCCTATTCCTTTCTATGAAAA	1
141	140	7	AGTCCTATTCCTTTCTATGAAAAG	1
142	141	7	GTCCTATTCCTTTCTATGAAAAGA	1
143	142	7	TCCTATTCCTTTCTATGAAAAGAA	1
144	143	6	CCTATTCCTTTCTATGAAAAGAAA	1
145	144	6	CTATTCCTTTCTATGAAAAGAAAA	1
146	145	6	TATTCCTTTCTATGAAAAGAAAAT	1
147	146	3	ATTCCTTTCTATGAAAAGAAAATA	1
148	147	3	TTCCTTTCTATGAAAAGAAAATAC	1
149	148	3	TCCTTTCTATGAAAAGAAAATACC	1
150	149	3	CCTTTCTATGAAAAGAAAATACCC	1
151	150	3	CTTTCTATGAAAAGAAAATACCCA	1
152	151	2	TTTCTATGAAAAGAAAATACCCAT	1
153	152	2	TTCTATGAAAAGAAAATACCCATT	1
154	153	2	TCTATGAAAAGAAAATACCCATTT	1
155	154	2	CTATGAAAAGAAAATACCCATTTC	1
156	155	2	TATGAAAAGAAAATACCCATTTCT	1
157	156	2	ATGAAAAGAAAATACCCATTTCTG	1
158	157	2	TGAAAAGAAAATACCCATTTCTGA	1
159	158	2	GAAAAGAAAATACCCATTTCTGAA	1
160	159	2	AAAAGAAAATACCCATTTCTGAAG	1
161	160	2	AAAGAAAATACCCATTTCTGAAGG	1
162	161	2	AAGAAAATACCCATTTCTGAAGGT	1
163	162	1	AGAAAATACCCATTTCTGAAGGTT	1
164	163	1	GAAAATACCCATTTCTGAAGGTTG	1
165	164	1	AAAATACCCATTTCTGAAGGTTGG	1
166	165	1	AAATACCCATTTCTGAAGGTTGGA	1
167	166	1	AATACCCATTTCTGAAGGTTGGAA	1
168	167	1	ATACCCATTTCTGAAGGTTGGAAA	1
169	168	1	TACCCATTTCTGAAGGTTGGAAAG	1
170	-1	0	AGCATTTTTAAAGAAGAAATTTAT	1
171	170	1	GCATTTTTAAAGAAGAAATTTATT	1
172	171	4	CATTTTTAAAGAAGAAATTTATTA	1
173	172	5	ATTTTTAAAGAAGAAATTTATTAA	1
174	173	6	TTTTTAAAGAAGAAATTTATTAAT	1
175	174	7	TTTTAAAGAAGAAATTTATTAATT	1
176	175	7	TTTAAAGAAGAAATTTATTAATTC	1
177	176	9	TTAAAGAAGAAATTTATTAATTCT	1
178	177	9	TAAAGAAGAAATTTATTAATTCTT	1
179	178	9	AAAGAAGAAATTTATTAATTCTTG	1
180	179	9	AAGAAGAAATTTATTAATTCTTGC	1
181	180	9	AGAAGAAATTTATTAATTCTTGCT	1
182	181	9	GAAGAAATTTATTAATTCTTGCTG	1
183	182	10	AAGAAATTTATTAATTCTTGCTGC	1
184	183	11	AGAAATTTATTAATTCTTGCTGCG	1
185	184	11	GAAATTTATTAATTCTTGCTGCGA	1
186	185	12	AAATTTATTAATTCTTGCTGCGAT	1
187	186	12	AATTTATTAATTCTTGCTGCGATT	1
188	187	12	ATTTATTAATTCTTGCTGCGATTC	1
189	188	12	TTTATTAATTCTTGCTGCGATTCT	1
190	189	12	TTATTAATTCTTGCTGCGATTCTC	1
191	190	13	TATTAATTCTTGCTGCGATTCTCT	1
192	191	13	ATTAATTCTTGCTGCGATTCTCTT	1
193	192	13	TTAATTCTTGCTGCGATTCTCTTT	1
194	193	13	TAATTCTTGCTGCGATTCTCTTTT	1
195	194	13	AATTCTTGCTGCGATTCTCTTTTC	1
196	195	13	ATTCTTGCTGCGATTCTCTTTTCT	1
197	196	13	TTCTTGCTGCGATTCTCTTTTCTT	1
198	197	13	TCTTGCTGCGATTCTCTTTTCTTT	1
199	198	13	CTTGCTGCGATTCTCTTTTCTTTT	1
200	199	13	TTGCTGCGATTCTCTTTTCTTTTG	1
201	200	13	TGCTGCGATTCTCTTTTCTTTTGC	1
202	201	13	GCTGCGATTCTCTTTTCTTTTGCT	1
203	202	13	CTGCGATTCTCTTTTCTTTTGCTT	1
204	203	13	TGCGATTCTCTTTTCTTTTGCTTG	1
205	204	13	GCGATTCTCTTTTCTTTTGCTTGC	1
206	205	13	CGATTCTCTTTTCTTTTGCTTGCA	1
207	206	13	GATTCTCTTTTCTTTTGCTTGCAA	1
208	207	13	ATTCTCTTTTCTTTTGCTTGCAAA	1
209	208	13	TTCTCTTTTCTTTTGCTTGCAAAA	1
210	209	13	TCTCTTTTCTTTTGCTTGCAAAAA	1
211	210	13	CTCTTTTCTTTTGCTTGCAAAAAT	1
212	211	13	TCTTTTCTTTTGCTTGCAAAAATC	1
213	212	13	CTTTTCTTTTGCTTGCAAAAATCT	1
214	213	13	TTTTCTTTTGCTTGCAAAAATCTC	1
215	214	13	TTTCTTTTGCTTGCAAAAATCTCG	1
216	215	10	TTCTTTTGCTTGCAAAAATCTCGG	1
217	216	9	TCTTTTGCTTGCAAAAATCTCGGT	1
218	217	8	CTTTTGCTTGCAAAAATCTCGGTT	1
219	218	7	TTTTGCTTGCAAAAATCTCGGTTT	1
220	219	7	TTTGCTTGCAAAAATCTCGGTTTA	1
221	220	5	TTGCTTGCAAAAATCTCGGTTTAA	1
222	221	5	TGCTTGCAAAAATCTCGGTTTAAC	1
223	222	5	GCTTGCAAAAATCTCGGTTTAACG	1
224	223	5	CTTGCAAAAATCTCGGTTTAACGT	1
225	224	5	TTGCAAAAATCTCGGTTTAACGTT	1
226	225	5	TGCAAAAATCTCGGTTTAACGTTT	1
227	226	4	GCAAAAATCTCGGTTTAACGTTTA	1
228	227	3	CAAAAATCTCGGTTTAACGTTTAT	1
229	228	3	AAAAATCTCGGTTTAACGTTTATT	1
230	229	2	AAAATCTCGGTTTAACGTTTATTC	1
231	230	2	AAATCTCGGTTTAACGTTTATTCC	1
232	231	2	AATCTCGGTTTAACGTTTATTCCA	1
233	232	2	ATCTCGGTTTAACGTTTATTCCAT	1
234	233	2	TCTCGGTTTAACGTTTATTCCATT	1
235	234	1	CTCGGTTTAACGTTTATTCCATTC	1
236	235	1	TCGGTTTAACGTTTATTCCATTCA	1
237	236	1	CGGTTTAACGTTTATTCCATTCAT	1
238	237	1	GGTTTAACGTTTATTCCATTCATT	1
239	238	1	GTTTAACGTTTATTCCATTCATTT	1
240	239	1	TTTAACGTTTATTCCATTCATTTC	1
241	240	1	TTAACGTTTATTCCATTCATTTCT	1
242	241	1	TAACGTTTATTCCATTCATTTCTA	1
243	242	1	AACGTTTATTCCATTCATTTCTAT	1
244	243	1	ACGTTTATTCCATTCATTTCTATT	1
245	244	1	CGTTTATTCCATTCATTTCTATTT	1
246	245	1	GTTTATTCCATTCATTTCTATTTA	1
247	246	1	TTTATTCCATTCATTTCTATTTAA	1
248	247	1	TTATTCCATTCATTTCTATTTAAC	1
249	248	1	TATTCCATTCATTTCTATTTAACA	1
250	249	1	ATTCCATTCATTTCTATTTAACAA	1
251	250	1	TTCCATTCATTTCTATTTAACAAT	1
252	251	1	TCCATTCATTTCTATTTAACAATT	1
253	252	1	CCATTCATTTCTATTTAACAATTT	1
254	253	1	CATTCATTTCTATTTAACAATTTT	1
255	254	1	ATTCATTTCTATTTAACAATTTTT	1
256	255	1	TTCATTTCTATTTAACAATTTTTA	1
257	256	1	TCATTTCTATTTAACAATTTTTAT	1
258	257	1	CATTTCTATTTAACAATTTTTATC	1
259	-1	0	ACTCTTTTTCTACTTTCAAGTTCT	1
260	259	1	CTCTTTTTCTACTTTCAAGTTCTT	1
261	260	1	TCTTTTTCTACTTTCAAGTTCTTT	1
262	261	2	CTTTTTCTACTTTCAAGTTCTTTC	1
263	262	2	TTTTTCTACTTTCAAGTTCTTTCG	1
264	263	2	TTTTCTACTTTCAAGTTCTTTCGT	1
265	264	2	TTTCTACTTTCAAGTTCTTTCGTA	1
266	265	2	TTCTACTTTCAAGTTCTTTCGTAC	1
267	266	2	TCTACTTTCAAGTTCTTTCGTACT	1
268	267	2	CTACTTTCAAGTTCTTTCGTACTC	1
269	268	2	TACTTTCAAGTTCTTTCGTACTCT	1
270	269	2	ACTTTCAAGTTCTTTCGTACTCTT	1
271	270	2	CTTTCAAGTTCTTTCGTACTCTTA	1
272	271	2	TTTCAAGTTCTTTCGTACTCTTAA	1
273	272	5	TTCAAGTTCTTTCGTACTCTTAAC	1
274	273	5	TCAAGTTCTTTCGTACTCTTAACA	1
275	274	5	CAAGTTCTTTCGTACTCTTAACAT	1
276	275	5	AAGTTCTTTCGTACTCTTAACATT	1
277	276	5	AGTTCTTTCGTACTCTTAACATTT	1
278	277	5	GTTCTTTCGTACTCTTAACATTTT	1
279	278	6	TTCTTTCGTACTCTTAACATTTTC	1
280	279	6	TCTTTCGTACTCTTAACATTTTCA	1
281	280	6	CTTTCGTACTCTTAACATTTTCAA	1
282	281	6	TTTCGTACTCTTAACATTTTCAAC	1
283	282	6	TTCGTACTCTTAACATTTTCAACA	1
284	283	6	TCGTACTCTTAACATTTTCAACAT	1
285	284	6	CGTACTCTTAACATTTTCAACATG	1
286	285	6	GTACTCTTAACATTTTCAACATGC	1
287	286	6	TACTCTTAACATTTTCAACATGCT	1
288	287	6	ACTCTTAACATTTTCAACATGCTT	1
289	288	6	CTCTTAACATTTTCAACATGCTTA	1
290	289	6	TCTTAACATTTTCAACATGCTTAT	1
291	290	7	CTTAACATTTTCAACATGCTTATC	1
292	291	7	TTAACATTTTCAACATGCTTATCG	1
293	292	7	TAACATTTTCAACATGCTTATCGC	1
294	293	7	AACATTTTCAACATGCTTATCGCT	1
295	294	7	ACATTTTCAACATGCTTATCGCTG	1
296	295	7	CATTTTCAACATGCTTATCGCTGC	1
297	296	7	ATTTTCAACATGCTTATCGCTGCT	1
298	297	7	TTTTCAACATGCTTATCGCTGCTA	1
299	298	7	TTTCAACATGCTTATCGCTGCTAT	1
300	299	7	TTCAACATGCTTATCGCTGCTATG	1
301	300	7	TCAACATGCTTATCGCTGCTATGG	1
302	301	7	CAACATGCTTATCGCTGCTATGGG	1
303	302	7	AACATGCTTATCGCTGCTATGGGC	1
304	303	6	ACATGCTTATCGCTGCTATGGGCC	1
305	304	5	CATGCTTATCGCTGCTATGGGCCC	1
306	305	5	ATGCTTATCGCTGCTATGGGCCCT	1
307	306	5	TGCTTATCGCTGCTATGGGCCCTA	1
308	307	5	GCTTATCGCTGCTATGGGCCCTAA	1
309	308	5	CTTATCGCTGCTATGGGCCCTAAG	1
310	309	5	TTATCGCTGCTATGGGCCCTAAGA	1
311	310	5	TATCGCTGCTATGGGCCCTAAGAT	1
312	311	5	ATCGCTGCTATGGGCCCTAAGATT	1
313	312	5	TCGCTGCTATGGGCCCTAAGATTC	1
314	313	5	CGCTGCTATGGGCCCTAAGATTCC	1
315	314	5	GCTGCTATGGGCCCTAAGATTCCC	1
316	315	5	CTGCTATGGGCCCTAAGATTCCCG	1
317	316	3	TGCTATGGGCCCTAAGATTCCCGT	1
318	317	3	GCTATGGGCCCTAAGATTCCCGTC	1
319	318	3	CTATGGGCCCTAAGATTCCCGTCC	1
320	319	3	TATGGGCCCTAAGATTCCCGTCCC	1
321	320	2	ATGGGCCCTAAGATTCCCGTCCCT	1
322	321	2	TGGGCCCTAAGATTCCCGTCCCTG	1
323	322	2	GGGCCCTAAGATTCCCGTCCCTGC	1
324	323	3	GGCCCTAAGATTCCCGTCCCTGCT	1
325	324	3	GCCCTAAGATTCCCGTCCCTGCTT	1
326	325	3	CCCTAAGATTCCCGTCCCTGCTTA	1
327	326	3	CCTAAGATTCCCGTCCCTGCTTAT	1
328	327	3	CTAAGATTCCCGTCCCTGCTTATG	1
329	328	3	TAAGATTCCCGTCCCTGCTTATGG	1
330	329	3	AAGATTCCCGTCCCTGCTTATGGG	1
331	330	3	AGATTCCCGTCCCTGCTTATGGGG	1
332	331	3	GATTCCCGTCCCTGCTTATGGGGT	1
333	332	3	ATTCCCGTCCCTGCTTATGGGGTT	1
334	333	4	TTCCCGTCCCTGCTTATGGGGTTG	1
335	334	3	TCCCGTCCCTGCTTATGGGGTTGG	1
336	335	3	CCCGTCCCTGCTTATGGGGTTGGT	1
337	336	3	CCGTCCCTGCTTATGGGGTTGGTA	1
338	337	4	CGTCCCTGCTTATGGGGTTGGTAC	1
339	338	4	GTCCCTGCTTATGGGGTTGGTACA	1
340	339	5	TCCCTGCTTATGGGGTTGGTACAG	1
341	340	5	CCCTGCTTATGGGGTTGGTACAGC	1
342	341	5	CCTGCTTATGGGGTTGGTACAGCT	1
343	342	5	CTGCTTATGGGGTTGGTACAGCTT	1
344	343	5	TGCTTATGGGGTTGGTACAGCTTT	1
345	344	5	GCTTATGGGGTTGGTACAGCTTTG	1
346	345	5	CTTATGGGGTTGGTACAGCTTTGT	1
347	346	5	TTATGGGGTTGGTACAGCTTTGTT	1
348	347	5	TATGGGGTTGGTACAGCTTTGTTT	1
349	348	5	ATGGGGTTGGTACAGCTTTGTTTA	1
350	349	5	TGGGGTTGGTACAGCTTTGTTTAA	1
351	350	5	GGGGTTGGTACAGCTTTGTTTAAG	1
352	351	5	GGGTTGGTACAGCTTTGTTTAAGA	1
353	352	5	GGTTGGTACAGCTTTGTTTAAGAA	1
354	353	5	GTTGGTACAGCTTTGTTTAAGAAA	1
355	354	5	TTGGTACAGCTTTGTTTAAGAAAG	1
356	355	5	TGGTACAGCTTTGTTTAAGAAAGA	1
357	356	5	GGTACAGCTTTGTTTAAGAAAGAA	1
358	357	5	GTACAGCTTTGTTTAAGAAAGAAA	1
359	358	5	TACAGCTTTGTTTAAGAAAGAAAA	1
360	359	4	ACAGCTTTGTTTAAGAAAGAAAAG	1
361	360	3	CAGCTTTGTTTAAGAAAGAAAAGG	1
362	361	4	AGCTTTGTTTAAGAAAGAAAAGGG	1
363	362	4	GCTTTGTTTAAGAAAGAAAAGGGA	1
364	363	4	CTTTGTTTAAGAAAGAAAAGGGAG	1
365	364	4	TTTGTTTAAGAAAGAAAAGGGAGA	1
366	365	4	TTGTTTAAGAAAGAAAAGGGAGAA	1
367	366	4	TGTTTAAGAAAGAAAAGGGAGAAA	1
368	367	3	GTTTAAGAAAGAAAAGGGAGAAAT	1
369	368	3	TTTAAGAAAGAAAAGGGAGAAATC	1
370	369	3	TTAAGAAAGAAAAGGGAGAAATCA	1
371	370	3	TAAGAAAGAAAAGGGAGAAATCAA	1
372	371	3	AAGAAAGAAAAGGGAGAAATCAAT	1
373	372	3	AGAAAGAAAAGGGAGAAATCAATC	1
374	373	3	GAAAGAAAAGGGAGAAATCAATCG	1
375	374	3	AAAGAAAAGGGAGAAATCAATCGA	1
376	375	3	AAGAAAAGGGAGAAATCAATCGAA	1
377	376	3	AGAAAAGGGAGAAATCAATCGAAC	1
378	377	2	GAAAAGGGAGAAATCAATCGAACC	1
379	378	2	AAAAGGGAGAAATCAATCGAACCA	1
380	379	2	AAAGGGAGAAATCAATCGAACCAT	1
381	380	2	AAGGGAGAAATCAATCGAACCATT	1
382	381	2	AGGGAGAAATCAATCGAACCATTG	1
383	382	2	GGGAGAAATCAATCGAACCATTGT	1
384	383	1	GGAGAAATCAATCGAACCATTGTA	1
385	384	1	GAGAAATCAATCGAACCATTGTAG	1
386	385	1	AGAAATCAATCGAACCATTGTAGA	1
387	386	1	GAAATCAATCGAACCATTGTAGAT	1
388	387	1	AAATCAATCGAACCATTGTAGATT	1
389	388	1	AATCAATCGAACCATTGTAGATTC	1
390	389	2	ATCAATCGAACCATTGTAGATTCG	1
391	390	3	TCAATCGAACCATTGTAGATTCGG	1
392	391	3	CAATCGAACCATTGTAGATTCGGT	1
393	392	4	AATCGAACCATTGTAGATTCGGTA	1
394	393	4	ATCGAACCATTGTAGATTCGGTAA	1
395	394	4	TCGAACCATTGTAGATTCGGTAAA	1
396	395	5	CGAACCATTGTAGATTCGGTAAAG	1
397	396	6	GAACCATTGTAGATTCGGTAAAGA	1
398	397	6	AACCATTGTAGATTCGGTAAAGAA	1
399	398	6	ACCATTGTAGATTCGGTAAAGAAT	1
400	399	6	CCATTGTAGATTCGGTAAAGAATG	1
401	400	6	CATTGTAGATTCGGTAAAGAATGC	1
402	401	6	ATTGTAGATTCGGTAAAGAATGCA	1
403	402	6	TTGTAGATTCGGTAAAGAATGCAC	1
404	403	6	TGTAGATTCGGTAAAGAATGCACT	1
405	404	6	GTAGATTCGGTAAAGAATGCACTT	1
406	405	5	TAGATTCGGTAAAGAATGCACTTG	1
407	406	5	AGATTCGGTAAAGAATGCACTTGC	1
408	407	5	GATTCGGTAAAGAATGCACTTGCT	1
409	408	5	ATTCGGTAAAGAATGCACTTGCTG	1
410	409	5	TTCGGTAAAGAATGCACTTGCTGC	1
411	410	5	TCGGTAAAGAATGCACTTGCTGCT	1
412	411	5	CGGTAAAGAATGCACTTGCTGCTG	1
413	412	5	GGTAAAGAATGCACTTGCTGCTGG	1
414	413	5	GTAAAGAATGCACTTGCTGCTGGT	1
415	414	5	TAAAGAATGCACTTGCTGCTGGTT	1
416	415	5	AAAGAATGCACTTGCTGCTGGTTT	1
417	416	5	AAGAATGCACTTGCTGCTGGTTTC	1
418	417	5	AGAATGCACTTGCTGCTGGTTTCA	1
419	418	5	GAATGCACTTGCTGCTGGTTTCAT	1
420	419	5	AATGCACTTGCTGCTGGTTTCATT	1
421	420	5	ATGCACTTGCTGCTGGTTTCATTC	1
422	421	4	TGCACTTGCTGCTGGTTTCATTCA	1
423	422	4	GCACTTGCTGCTGGTTTCATTCAT	1
424	423	4	CACTTGCTGCTGGTTTCATTCATA	1
425	424	4	ACTTGCTGCTGGTTTCATTCATAT	1
426	425	4	CTTGCTGCTGGTTTCATTCATATC	1
427	426	4	TTGCTGCTGGTTTCATTCATATCG	1
428	427	4	TGCTGCTGGTTTCATTCATATCGA	1
429	428	4	GCTGCTGGTTTCATTCATATCGAC	1
430	429	4	CTGCTGGTTTCATTCATATCGACT	1
431	430	4	TGCTGGTTTCATTCATATCGACTG	1
432	431	4	GCTGGTTTCATTCATATCGACTGC	1
433	432	4	CTGGTTTCATTCATATCGACTGCG	1
434	433	3	TGGTTTCATTCATATCGACTGCGC	1
435	434	2	GGTTTCATTCATATCGACTGCGCG	1
436	435	2	GTTTCATTCATATCGACTGCGCGG	1
437	436	2	TTTCATTCATATCGACTGCGCGGA	1
438	437	2	TTCATTCATATCGACTGCGCGGAA	1
439	438	2	TCATTCATATCGACTGCGCGGAAG	1
440	439	1	CATTCATATCGACTGCGCGGAAGT	1
441	440	1	ATTCATATCGACTGCGCGGAAGTA	1
442	441	1	TTCATATCGACTGCGCGGAAGTAT	1
443	442	1	TCATATCGACTGCGCGGAAGTATA	1
444	443	1	CATATCGACTGCGCGGAAGTATAT	1
445	444	1	ATATCGACTGCGCGGAAGTATATG	1
446	445	1	TATCGACTGCGCGGAAGTATATGG	1
447	446	1	ATCGACTGCGCGGAAGTATATGGC	1
448	447	1	TCGACTGCGCGGAAGTATATGGCA	1
449	448	1	CGACTGCGCGGAAGTATATGGCAA	1
450	449	1	GACTGCGCGGAAGTATATGGCAAC	1
451	450	1	ACTGCGCGGAAGTATATGGCAACG	1
452	451	1	CTGCGCGGAAGTATATGGCAACGA	1
453	452	1	TGCGCGGAAGTATATGGCAACGAA	1
454	453	1	GCGCGGAAGTATATGGCAACGAAG	1
455	454	1	CGCGGAAGTATATGGCAACGAAGA	1
456	455	1	GCGGAAGTATATGGCAACGAAGAG	1
457	456	1	CGGAAGTATATGGCAACGAAGAGG	1
458	457	1	GGAAGTATATGGCAACGAAGAGGA	1
459	458	1	GAAGTATATGGCAACGAAGAGGAA	1
460	459	1	AAGTATATGGCAACGAAGAGGAAG	1
461	460	1	AGTATATGGCAACGAAGAGGAAGT	1
462	461	1	GTATATGGCAACGAAGAGGAAGTT	1
463	462	1	TATATGGCAACGAAGAGGAAGTTG	1
464	463	1	ATATGGCAACGAAGAGGAAGTTGG	1
465	464	1	TATGGCAACGAAGAGGAAGTTGGG	1
466	465	1	ATGGCAACGAAGAGGAAGTTGGGG	1
467	466	1	TGGCAACGAAGAGGAAGTTGGGGT	1
468	467	1	GGCAACGAAGAGGAAGTTGGGGTG	1
469	468	1	GCAACGAAGAGGAAGTTGGGGTGG	1
470	469	1	CAACGAAGAGGAAGTTGGGGTGGC	1
471	470	1	AACGAAGAGGAAGTTGGGGTGGCT	1
472	471	1	ACGAAGAGGAAGTTGGGGTGGCTT	1
473	472	1	CGAAGAGGAAGTTGGGGTGGCTTT	1
474	473	1	GAAGAGGAAGTTGGGGTGGCTTTG	1
475	474	1	AAGAGGAAGTTGGGGTGGCTTTGA	1
476	475	1	AGAGGAAGTTGGGGTGGCTTTGAA	1
477	476	1	GAGGAAGTTGGGGTGGCTTTGAAG	1
478	477	1	AGGAAGTTGGGGTGGCTTTGAAGG	1
479	478	1	GGAAGTTGGGGTGGCTTTGAAGGA	1
480	479	1	GAAGTTGGGGTGGCTTTGAAGGAA	1
481	-1	0	AGTCCCGACTTAGAGGAGCTGTTG	1
482	481	1	GTCCCGACTTAGAGGAGCTGTTGA	1
483	482	1	TCCCGACTTAGAGGAGCTGTTGAA	1
484	483	1	CCCGACTTAGAGGAGCTGTTGAAA	1
485	484	1	CCGACTTAGAGGAGCTGTTGAAAA	1
486	485	1	CGACTTAGAGGAGCTGTTGAAAAC	1
487	486	1	GACTTAGAGGAGCTGTTGAAAACT	1
488	487	1	ACTTAGAGGAGCTGTTGAAAACTT	1
489	488	1	CTTAGAGGAGCTGTTGAAAACTTC	1
490	489	1	TTAGAGGAGCTGTTGAAAACTTCA	1
491	490	1	TAGAGGAGCTGTTGAAAACTTCAA	1
492	491	1	AGAGGAGCTGTTGAAAACTTCAAC	1
493	492	1	GAGGAGCTGTTGAAAACTTCAACT	1
494	493	1	AGGAGCTGTTGAAAACTTCAACTA	1
495	494	1	GGAGCTGTTGAAAACTTCAACTAT	1
496	495	1	GAGCTGTTGAAAACTTCAACTATT	1
497	496	2	AGCTGTTGAAAACTTCAACTATTA	1
498	497	2	GCTGTTGAAAACTTCAACTATTAC	1
499	498	2	CTGTTGAAAACTTCAACTATTACT	1
500	499	2	TGTTGAAAACTTCAACTATTACTC	1
501	500	2	GTTGAAAACTTCAACTATTACTCC	1
502	501	2	TTGAAAACTTCAACTATTACTCCT	1
503	502	2	TGAAAACTTCAACTATTACTCCTC	1
504	503	2	GAAAACTTCAACTATTACTCCTCG	1
505	504	2	AAAACTTCAACTATTACTCCTCGT	1
506	505	2	AAACTTCAACTATTACTCCTCGTG	1
507	506	2	AACTTCAACTATTACTCCTCGTGT	1
508	507	2	ACTTCAACTATTACTCCTCGTGTC	1
509	508	2	CTTCAACTATTACTCCTCGTGTCA	1
510	509	2	TTCAACTATTACTCCTCGTGTCAA	1
511	510	2	TCAACTATTACTCCTCGTGTCAAC	1
512	511	2	CAACTATTACTCCTCGTGTCAACC	1
513	512	2	AACTATTACTCCTCGTGTCAACCA	1
514	513	2	ACTATTACTCCTCGTGTCAACCAA	1
515	514	2	CTATTACTCCTCGTGTCAACCAAA	1
516	515	2	TATTACTCCTCGTGTCAACCAAAT	1
517	516	2	ATTACTCCTCGTGTCAACCAAATC	1
518	517	2	TTACTCCTCGTGTCAACCAAATCG	1
519	518	2	TACTCCTCGTGTCAACCAAATCGA	1
520	519	2	ACTCCTCGTGTCAACCAAATCGAA	1
521	520	2	CTCCTCGTGTCAACCAAATCGAAT	1
522	521	2	TCCTCGTGTCAACCAAATCGAATT	1
523	522	2	CCTCGTGTCAACCAAATCGAATTT	1
524	523	2	CTCGTGTCAACCAAATCGAATTTC	1
525	524	2	TCGTGTCAACCAAATCGAATTTCA	1
526	525	1	CGTGTCAACCAAATCGAATTTCAC	1
527	526	1	GTGTCAACCAAATCGAATTTCACC	1
528	527	1	TGTCAACCAAATCGAATTTCACCC	1
529	528	1	GTCAACCAAATCGAATTTCACCCT	1
530	529	2	TCAACCAAATCGAATTTCACCCTC	1
531	530	2	CAACCAAATCGAATTTCACCCTCA	1
532	531	2	AACCAAATCGAATTTCACCCTCAA	1
533	532	2	ACCAAATCGAATTTCACCCTCAAG	1
534	533	2	CCAAATCGAATTTCACCCTCAAGT	1
535	534	2	CAAATCGAATTTCACCCTCAAGTA	1
536	535	2	AAATCGAATTTCACCCTCAAGTAT	1
537	536	2	AATCGAATTTCACCCTCAAGTATA	1
538	537	2	ATCGAATTTCACCCTCAAGTATAC	1
539	538	2	TCGAATTTCACCCTCAAGTATACA	1
540	539	2	CGAATTTCACCCTCAAGTATACAA	1
541	540	2	GAATTTCACCCTCAAGTATACAAG	1
542	541	2	AATTTCACCCTCAAGTATACAAGG	1
543	542	2	ATTTCACCCTCAAGTATACAAGGC	1
544	543	2	TTTCACCCTCAAGTATACAAGGCC	1
545	544	2	TTCACCCTCAAGTATACAAGGCCG	1
546	545	2	TCACCCTCAAGTATACAAGGCCGC	1
547	546	2	CACCCTCAAGTATACAAGGCCGCG	1
548	547	2	ACCCTCAAGTATACAAGGCCGCGA	1
549	548	2	CCCTCAAGTATACAAGGCCGCGAA	1
550	549	2	CCTCAAGTATACAAGGCCGCGAAG	1
551	550	2	CTCAAGTATACAAGGCCGCGAAGC	1
552	551	3	TCAAGTATACAAGGCCGCGAAGCC	1
553	552	3	CAAGTATACAAGGCCGCGAAGCCT	1
554	553	4	AAGTATACAAGGCCGCGAAGCCTC	1
555	554	4	AGTATACAAGGCCGCGAAGCCTCT	1
556	555	4	GTATACAAGGCCGCGAAGCCTCTT	1
557	556	4	TATACAAGGCCGCGAAGCCTCTTG	1
558	557	4	ATACAAGGCCGCGAAGCCTCTTGT	1
559	558	4	TACAAGGCCGCGAAGCCTCTTGTA	1
560	559	4	ACAAGGCCGCGAAGCCTCTTGTAG	1
561	560	4	CAAGGCCGCGAAGCCTCTTGTAGA	1
562	561	4	AAGGCCGCGAAGCCTCTTGTAGAA	1
563	562	4	AGGCCGCGAAGCCTCTTGTAGAAT	1
564	563	4	GGCCGCGAAGCCTCTTGTAGAATT	1
565	564	4	GCCGCGAAGCCTCTTGTAGAATTT	1
566	565	4	CCGCGAAGCCTCTTGTAGAATTTT	1
567	566	4	CGCGAAGCCTCTTGTAGAATTTTG	1
568	567	4	GCGAAGCCTCTTGTAGAATTTTGC	1
569	568	3	CGAAGCCTCTTGTAGAATTTTGCC	1
570	569	3	GAAGCCTCTTGTAGAATTTTGCCA	1
571	570	3	AAGCCTCTTGTAGAATTTTGCCAG	1
572	571	3	AGCCTCTTGTAGAATTTTGCCAGA	1
573	572	4	GCCTCTTGTAGAATTTTGCCAGAG	1
574	573	3	CCTCTTGTAGAATTTTGCCAGAGT	1
575	574	3	CTCTTGTAGAATTTTGCCAGAGTA	1
576	575	3	TCTTGTAGAATTTTGCCAGAGTAA	1
577	576	3	CTTGTAGAATTTTGCCAGAGTAAA	1
578	577	3	TTGTAGAATTTTGCCAGAGTAAAG	1
579	578	3	TGTAGAATTTTGCCAGAGTAAAGG	1
580	579	3	GTAGAATTTTGCCAGAGTAAAGGA	1
581	580	3	TAGAATTTTGCCAGAGTAAAGGAA	1
582	581	3	AGAATTTTGCCAGAGTAAAGGAAT	1
583	582	3	GAATTTTGCCAGAGTAAAGGAATT	1
584	583	3	AATTTTGCCAGAGTAAAGGAATTA	1
585	584	3	ATTTTGCCAGAGTAAAGGAATTAT	1
586	585	3	TTTTGCCAGAGTAAAGGAATTATC	1
587	586	3	TTTGCCAGAGTAAAGGAATTATCG	1
588	587	3	TTGCCAGAGTAAAGGAATTATCGT	1
589	588	3	TGCCAGAGTAAAGGAATTATCGTT	1
590	589	3	GCCAGAGTAAAGGAATTATCGTTG	1
591	590	3	CCAGAGTAAAGGAATTATCGTTGA	1
592	591	3	CAGAGTAAAGGAATTATCGTTGAG	1
593	592	3	AGAGTAAAGGAATTATCGTTGAGG	1
594	593	3	GAGTAAAGGAATTATCGTTGAGGG	1
595	594	3	AGTAAAGGAATTATCGTTGAGGGT	1
596	595	2	GTAAAGGAATTATCGTTGAGGGTT	1
597	596	2	TAAAGGAATTATCGTTGAGGGTTA	1
598	597	1	AAAGGAATTATCGTTGAGGGTTAT	1
599	598	1	AAGGAATTATCGTTGAGGGTTATG	1
600	599	1	AGGAATTATCGTTGAGGGTTATGG	1
601	600	1	GGAATTATCGTTGAGGGTTATGGC	1
602	601	1	GAATTATCGTTGAGGGTTATGGCC	1
603	602	1	AATTATCGTTGAGGGTTATGGCCC	1
604	603	1	ATTATCGTTGAGGGTTATGGCCCT	1
605	604	1	TTATCGTTGAGGGTTATGGCCCTC	1
606	605	1	TATCGTTGAGGGTTATGGCCCTCT	1
607	606	1	ATCGTTGAGGGTTATGGCCCTCTT	1
608	607	1	TCGTTGAGGGTTATGGCCCTCTTT	1
609	608	1	CGTTGAGGGTTATGGCCCTCTTTC	1
610	609	1	GTTGAGGGTTATGGCCCTCTTTCT	1
611	610	1	TTGAGGGTTATGGCCCTCTTTCTC	1
612	611	1	TGAGGGTTATGGCCCTCTTTCTCC	1
613	612	1	GAGGGTTATGGCCCTCTTTCTCCC	1
614	613	1	AGGGTTATGGCCCTCTTTCTCCCT	1
615	614	1	GGGTTATGGCCCTCTTTCTCCCTT	1
616	615	1	GGTTATGGCCCTCTTTCTCCCTTG	1
