Component 445
1	-1	0	GTTTTTCCCTCTTCCTTCTCGTTC	1
2	1	1	TTTTTCCCTCTTCCTTCTCGTTCT	1
3	2	1	TTTTCCCTCTTCCTTCTCGTTCTG	1
4	3	1	TTTCCCTCTTCCTTCTCGTTCTGT	1
5	4	1	TTCCCTCTTCCTTCTCGTTCTGTT	1
6	5	1	TCCCTCTTCCTTCTCGTTCTGTTT	1
7	6	1	CCCTCTTCCTTCTCGTTCTGTTTC	1
8	7	1	CCTCTTCCTTCTCGTTCTGTTTCT	1
9	8	1	CTCTTCCTTCTCGTTCTGTTTCTT	1
10	9	1	TCTTCCTTCTCGTTCTGTTTCTTC	1
11	10	1	CTTCCTTCTCGTTCTGTTTCTTCA	1
12	11	1	TTCCTTCTCGTTCTGTTTCTTCAT	1
13	12	1	TCCTTCTCGTTCTGTTTCTTCATC	1
14	13	1	CCTTCTCGTTCTGTTTCTTCATCT	1
15	14	1	CTTCTCGTTCTGTTTCTTCATCTT	1
16	15	1	TTCTCGTTCTGTTTCTTCATCTTC	1
17	16	1	TCTCGTTCTGTTTCTTCATCTTCA	1
18	17	1	CTCGTTCTGTTTCTTCATCTTCAT	1
19	18	1	TCGTTCTGTTTCTTCATCTTCATA	1
20	19	1	CGTTCTGTTTCTTCATCTTCATAT	1
21	20	1	GTTCTGTTTCTTCATCTTCATATA	1
22	21	1	TTCTGTTTCTTCATCTTCATATAA	1
23	22	1	TCTGTTTCTTCATCTTCATATAAA	1
24	23	1	CTGTTTCTTCATCTTCATATAAAA	1
25	24	1	TGTTTCTTCATCTTCATATAAAAA	1
26	25	1	GTTTCTTCATCTTCATATAAAAAT	1
27	26	1	TTTCTTCATCTTCATATAAAAATG	1
28	27	1	TTCTTCATCTTCATATAAAAATGG	1
29	28	1	TCTTCATCTTCATATAAAAATGGG	1
30	29	1	CTTCATCTTCATATAAAAATGGGC	1
31	30	1	TTCATCTTCATATAAAAATGGGCA	1
32	31	1	TCATCTTCATATAAAAATGGGCAG	1
33	32	1	CATCTTCATATAAAAATGGGCAGC	1
34	33	1	ATCTTCATATAAAAATGGGCAGCA	1
35	34	1	TCTTCATATAAAAATGGGCAGCAG	1
36	35	1	CTTCATATAAAAATGGGCAGCAGT	1
37	36	1	TTCATATAAAAATGGGCAGCAGTA	1
38	37	1	TCATATAAAAATGGGCAGCAGTAG	1
39	38	2	CATATAAAAATGGGCAGCAGTAGT	1
40	39	3	ATATAAAAATGGGCAGCAGTAGTA	1
41	40	3	TATAAAAATGGGCAGCAGTAGTAG	1
42	41	3	ATAAAAATGGGCAGCAGTAGTAGC	1
43	42	3	TAAAAATGGGCAGCAGTAGTAGCA	1
44	43	3	AAAAATGGGCAGCAGTAGTAGCAG	1
45	44	3	AAAATGGGCAGCAGTAGTAGCAGA	1
46	45	2	AAATGGGCAGCAGTAGTAGCAGAA	1
47	46	2	AATGGGCAGCAGTAGTAGCAGAAG	1
48	47	2	ATGGGCAGCAGTAGTAGCAGAAGA	1
49	48	2	TGGGCAGCAGTAGTAGCAGAAGAA	1
50	49	2	GGGCAGCAGTAGTAGCAGAAGAAG	1
51	50	2	GGCAGCAGTAGTAGCAGAAGAAGG	1
52	51	2	GCAGCAGTAGTAGCAGAAGAAGGT	1
53	52	2	CAGCAGTAGTAGCAGAAGAAGGTC	1
54	53	2	AGCAGTAGTAGCAGAAGAAGGTCT	1
55	54	2	GCAGTAGTAGCAGAAGAAGGTCTT	1
56	55	2	CAGTAGTAGCAGAAGAAGGTCTTC	1
57	56	2	AGTAGTAGCAGAAGAAGGTCTTCC	1
58	57	2	GTAGTAGCAGAAGAAGGTCTTCCT	1
59	58	2	TAGTAGCAGAAGAAGGTCTTCCTC	1
60	59	2	AGTAGCAGAAGAAGGTCTTCCTCC	1
61	60	2	GTAGCAGAAGAAGGTCTTCCTCCC	1
62	61	2	TAGCAGAAGAAGGTCTTCCTCCCT	1
63	62	2	AGCAGAAGAAGGTCTTCCTCCCTG	1
64	63	2	GCAGAAGAAGGTCTTCCTCCCTGG	1
65	64	3	CAGAAGAAGGTCTTCCTCCCTGGT	1
66	65	4	AGAAGAAGGTCTTCCTCCCTGGTC	1
67	66	4	GAAGAAGGTCTTCCTCCCTGGTCA	1
68	67	4	AAGAAGGTCTTCCTCCCTGGTCAC	1
69	68	4	AGAAGGTCTTCCTCCCTGGTCACT	1
70	69	4	GAAGGTCTTCCTCCCTGGTCACTA	1
71	70	4	AAGGTCTTCCTCCCTGGTCACTAA	1
72	71	4	AGGTCTTCCTCCCTGGTCACTAAG	1
73	72	4	GGTCTTCCTCCCTGGTCACTAAGG	1
74	73	4	GTCTTCCTCCCTGGTCACTAAGGT	1
75	74	4	TCTTCCTCCCTGGTCACTAAGGTA	1
76	75	4	CTTCCTCCCTGGTCACTAAGGTAC	1
77	76	4	TTCCTCCCTGGTCACTAAGGTACC	1
78	77	4	TCCTCCCTGGTCACTAAGGTACCT	1
79	78	4	CCTCCCTGGTCACTAAGGTACCTA	1
80	79	4	CTCCCTGGTCACTAAGGTACCTAA	1
81	80	4	TCCCTGGTCACTAAGGTACCTAAA	1
82	81	4	CCCTGGTCACTAAGGTACCTAAAC	1
83	82	3	CCTGGTCACTAAGGTACCTAAACC	1
84	83	2	CTGGTCACTAAGGTACCTAAACCC	1
85	84	2	TGGTCACTAAGGTACCTAAACCCA	1
86	85	2	GGTCACTAAGGTACCTAAACCCAC	1
87	86	2	GTCACTAAGGTACCTAAACCCACG	1
88	87	2	TCACTAAGGTACCTAAACCCACGA	1
89	88	2	CACTAAGGTACCTAAACCCACGAT	1
90	89	2	ACTAAGGTACCTAAACCCACGATT	1
91	90	2	CTAAGGTACCTAAACCCACGATTG	1
92	91	2	TAAGGTACCTAAACCCACGATTGA	1
93	92	2	AAGGTACCTAAACCCACGATTGAT	1
94	93	2	AGGTACCTAAACCCACGATTGATG	1
95	94	2	GGTACCTAAACCCACGATTGATGA	1
96	95	2	GTACCTAAACCCACGATTGATGAT	1
97	96	2	TACCTAAACCCACGATTGATGATC	1
98	97	2	ACCTAAACCCACGATTGATGATCG	1
99	98	2	CCTAAACCCACGATTGATGATCGT	1
100	99	2	CTAAACCCACGATTGATGATCGTT	1
101	100	2	TAAACCCACGATTGATGATCGTTT	1
102	101	2	AAACCCACGATTGATGATCGTTTA	1
103	102	2	AACCCACGATTGATGATCGTTTAG	1
104	103	2	ACCCACGATTGATGATCGTTTAGA	1
105	104	2	CCCACGATTGATGATCGTTTAGAC	1
106	105	2	CCACGATTGATGATCGTTTAGACC	1
107	106	3	CACGATTGATGATCGTTTAGACCA	1
108	107	3	ACGATTGATGATCGTTTAGACCAA	1
109	108	2	CGATTGATGATCGTTTAGACCAAG	1
110	109	1	GATTGATGATCGTTTAGACCAAGG	1
111	110	2	ATTGATGATCGTTTAGACCAAGGC	1
112	111	3	TTGATGATCGTTTAGACCAAGGCT	1
113	112	3	TGATGATCGTTTAGACCAAGGCTC	1
114	113	3	GATGATCGTTTAGACCAAGGCTCA	1
115	114	3	ATGATCGTTTAGACCAAGGCTCAG	1
116	115	3	TGATCGTTTAGACCAAGGCTCAGC	1
117	116	3	GATCGTTTAGACCAAGGCTCAGCC	1
118	117	3	ATCGTTTAGACCAAGGCTCAGCCA	1
119	118	4	TCGTTTAGACCAAGGCTCAGCCAC	1
120	119	4	CGTTTAGACCAAGGCTCAGCCACG	1
121	120	4	GTTTAGACCAAGGCTCAGCCACGA	1
122	121	4	TTTAGACCAAGGCTCAGCCACGAA	1
123	122	4	TTAGACCAAGGCTCAGCCACGAAT	1
124	123	5	TAGACCAAGGCTCAGCCACGAATT	1
125	124	5	AGACCAAGGCTCAGCCACGAATTA	1
126	125	5	GACCAAGGCTCAGCCACGAATTAT	1
127	126	5	ACCAAGGCTCAGCCACGAATTATA	1
128	127	5	CCAAGGCTCAGCCACGAATTATAA	1
129	128	5	CAAGGCTCAGCCACGAATTATAAC	1
130	129	5	AAGGCTCAGCCACGAATTATAACT	1
131	130	5	AGGCTCAGCCACGAATTATAACTC	1
132	131	5	GGCTCAGCCACGAATTATAACTCT	1
133	132	5	GCTCAGCCACGAATTATAACTCTA	1
134	133	5	CTCAGCCACGAATTATAACTCTAA	1
135	134	5	TCAGCCACGAATTATAACTCTAAT	1
136	135	5	CAGCCACGAATTATAACTCTAATT	1
137	136	5	AGCCACGAATTATAACTCTAATTG	1
138	137	5	GCCACGAATTATAACTCTAATTGG	1
139	138	5	CCACGAATTATAACTCTAATTGGG	1
140	139	5	CACGAATTATAACTCTAATTGGGT	1
141	140	5	ACGAATTATAACTCTAATTGGGTG	1
142	141	5	CGAATTATAACTCTAATTGGGTGA	1
143	142	5	GAATTATAACTCTAATTGGGTGAA	1
144	143	5	AATTATAACTCTAATTGGGTGAAC	1
145	144	5	ATTATAACTCTAATTGGGTGAACT	1
146	145	5	TTATAACTCTAATTGGGTGAACTA	1
147	146	5	TATAACTCTAATTGGGTGAACTAT	1
148	147	5	ATAACTCTAATTGGGTGAACTATA	1
149	148	5	TAACTCTAATTGGGTGAACTATAA	1
150	149	5	AACTCTAATTGGGTGAACTATAAG	1
151	150	4	ACTCTAATTGGGTGAACTATAAGG	1
152	151	4	CTCTAATTGGGTGAACTATAAGGG	1
153	152	4	TCTAATTGGGTGAACTATAAGGGC	1
154	153	4	CTAATTGGGTGAACTATAAGGGCG	1
155	154	3	TAATTGGGTGAACTATAAGGGCGC	1
156	155	2	AATTGGGTGAACTATAAGGGCGCA	1
157	156	2	ATTGGGTGAACTATAAGGGCGCAT	1
158	157	2	TTGGGTGAACTATAAGGGCGCATG	1
159	158	2	TGGGTGAACTATAAGGGCGCATGG	1
160	159	2	GGGTGAACTATAAGGGCGCATGGG	1
161	160	2	GGTGAACTATAAGGGCGCATGGGT	1
162	161	2	GTGAACTATAAGGGCGCATGGGTT	1
163	162	1	TGAACTATAAGGGCGCATGGGTTA	1
164	163	1	GAACTATAAGGGCGCATGGGTTAT	1
165	164	1	AACTATAAGGGCGCATGGGTTATC	1
166	165	1	ACTATAAGGGCGCATGGGTTATCC	1
167	166	1	CTATAAGGGCGCATGGGTTATCCA	1
168	-1	0	AATCAATACACACCAGCCCGTAAA	1
169	168	2	ATCAATACACACCAGCCCGTAAAT	1
170	169	3	TCAATACACACCAGCCCGTAAATA	1
171	170	3	CAATACACACCAGCCCGTAAATAT	1
172	171	3	AATACACACCAGCCCGTAAATATC	1
173	172	4	ATACACACCAGCCCGTAAATATCT	1
174	173	4	TACACACCAGCCCGTAAATATCTT	1
175	174	4	ACACACCAGCCCGTAAATATCTTT	1
176	175	4	CACACCAGCCCGTAAATATCTTTT	1
177	176	4	ACACCAGCCCGTAAATATCTTTTA	1
178	177	4	CACCAGCCCGTAAATATCTTTTAG	1
179	178	4	ACCAGCCCGTAAATATCTTTTAGT	1
180	179	4	CCAGCCCGTAAATATCTTTTAGTT	1
181	180	4	CAGCCCGTAAATATCTTTTAGTTC	1
182	181	4	AGCCCGTAAATATCTTTTAGTTCT	1
183	182	4	GCCCGTAAATATCTTTTAGTTCTA	1
184	183	4	CCCGTAAATATCTTTTAGTTCTAC	1
185	184	4	CCGTAAATATCTTTTAGTTCTACC	1
186	185	4	CGTAAATATCTTTTAGTTCTACCC	1
187	186	4	GTAAATATCTTTTAGTTCTACCCA	1
188	187	4	TAAATATCTTTTAGTTCTACCCAT	1
189	188	4	AAATATCTTTTAGTTCTACCCATT	1
190	189	4	AATATCTTTTAGTTCTACCCATTA	1
191	190	4	ATATCTTTTAGTTCTACCCATTAT	1
192	191	4	TATCTTTTAGTTCTACCCATTATA	1
193	192	4	ATCTTTTAGTTCTACCCATTATAC	1
194	193	4	TCTTTTAGTTCTACCCATTATACT	1
195	194	4	CTTTTAGTTCTACCCATTATACTA	1
196	195	4	TTTTAGTTCTACCCATTATACTAT	1
197	196	4	TTTAGTTCTACCCATTATACTATT	1
198	197	4	TTAGTTCTACCCATTATACTATTC	1
199	198	4	TAGTTCTACCCATTATACTATTCC	1
200	199	4	AGTTCTACCCATTATACTATTCCT	1
201	200	4	GTTCTACCCATTATACTATTCCTA	1
202	201	4	TTCTACCCATTATACTATTCCTAA	1
203	202	4	TCTACCCATTATACTATTCCTAAT	1
204	203	4	CTACCCATTATACTATTCCTAATG	1
205	204	4	TACCCATTATACTATTCCTAATGA	1
206	205	4	ACCCATTATACTATTCCTAATGAG	1
207	206	4	CCCATTATACTATTCCTAATGAGT	1
208	207	4	CCATTATACTATTCCTAATGAGTA	1
209	208	4	CATTATACTATTCCTAATGAGTAC	1
210	209	4	ATTATACTATTCCTAATGAGTACT	1
211	210	4	TTATACTATTCCTAATGAGTACTC	1
212	211	4	TATACTATTCCTAATGAGTACTCA	1
213	212	2	ATACTATTCCTAATGAGTACTCAT	1
214	213	1	TACTATTCCTAATGAGTACTCATT	1
215	214	1	ACTATTCCTAATGAGTACTCATTA	1
216	215	1	CTATTCCTAATGAGTACTCATTAC	1
217	-1	0	GTCGGTGGTTAATTGTTTTACAGA	1
218	217	1	TCGGTGGTTAATTGTTTTACAGAT	1
219	218	1	CGGTGGTTAATTGTTTTACAGATT	1
220	219	1	GGTGGTTAATTGTTTTACAGATTG	1
221	220	1	GTGGTTAATTGTTTTACAGATTGA	1
222	221	1	TGGTTAATTGTTTTACAGATTGAA	1
223	222	1	GGTTAATTGTTTTACAGATTGAAT	1
224	223	1	GTTAATTGTTTTACAGATTGAATT	1
225	224	1	TTAATTGTTTTACAGATTGAATTG	1
226	225	1	TAATTGTTTTACAGATTGAATTGC	1
227	226	1	AATTGTTTTACAGATTGAATTGCA	1
228	227	1	ATTGTTTTACAGATTGAATTGCAG	1
229	228	2	TTGTTTTACAGATTGAATTGCAGA	1
230	229	2	TGTTTTACAGATTGAATTGCAGAT	1
231	230	2	GTTTTACAGATTGAATTGCAGATT	1
232	231	2	TTTTACAGATTGAATTGCAGATTG	1
233	232	2	TTTACAGATTGAATTGCAGATTGG	1
234	233	2	TTACAGATTGAATTGCAGATTGGT	1
235	234	2	TACAGATTGAATTGCAGATTGGTC	1
236	235	2	ACAGATTGAATTGCAGATTGGTCA	1
237	236	2	CAGATTGAATTGCAGATTGGTCAG	1
238	237	2	AGATTGAATTGCAGATTGGTCAGG	1
239	238	2	GATTGAATTGCAGATTGGTCAGGC	1
240	239	2	ATTGAATTGCAGATTGGTCAGGCG	1
241	240	2	TTGAATTGCAGATTGGTCAGGCGA	1
242	241	2	TGAATTGCAGATTGGTCAGGCGAG	1
243	242	2	GAATTGCAGATTGGTCAGGCGAGT	1
244	243	2	AATTGCAGATTGGTCAGGCGAGTT	1
245	244	2	ATTGCAGATTGGTCAGGCGAGTTG	1
246	245	2	TTGCAGATTGGTCAGGCGAGTTGA	1
247	246	2	TGCAGATTGGTCAGGCGAGTTGAA	1
248	247	2	GCAGATTGGTCAGGCGAGTTGAAT	1
249	248	3	CAGATTGGTCAGGCGAGTTGAATC	1
250	249	3	AGATTGGTCAGGCGAGTTGAATCG	1
251	250	3	GATTGGTCAGGCGAGTTGAATCGA	1
252	251	3	ATTGGTCAGGCGAGTTGAATCGAT	1
253	252	3	TTGGTCAGGCGAGTTGAATCGATT	1
254	253	3	TGGTCAGGCGAGTTGAATCGATTC	1
255	254	3	GGTCAGGCGAGTTGAATCGATTCT	1
256	255	3	GTCAGGCGAGTTGAATCGATTCTT	1
257	256	3	TCAGGCGAGTTGAATCGATTCTTT	1
258	257	3	CAGGCGAGTTGAATCGATTCTTTT	1
259	258	3	AGGCGAGTTGAATCGATTCTTTTA	1
260	259	3	GGCGAGTTGAATCGATTCTTTTAA	1
261	260	3	GCGAGTTGAATCGATTCTTTTAAC	1
262	261	2	CGAGTTGAATCGATTCTTTTAACT	1
263	262	2	GAGTTGAATCGATTCTTTTAACTT	1
264	263	2	AGTTGAATCGATTCTTTTAACTTT	1
265	264	2	GTTGAATCGATTCTTTTAACTTTG	1
266	265	2	TTGAATCGATTCTTTTAACTTTGT	1
267	266	2	TGAATCGATTCTTTTAACTTTGTG	1
268	267	2	GAATCGATTCTTTTAACTTTGTGT	1
269	268	2	AATCGATTCTTTTAACTTTGTGTG	1
270	269	2	ATCGATTCTTTTAACTTTGTGTGG	1
271	270	2	TCGATTCTTTTAACTTTGTGTGGA	1
272	271	2	CGATTCTTTTAACTTTGTGTGGAT	1
273	272	1	GATTCTTTTAACTTTGTGTGGATT	1
274	273	1	ATTCTTTTAACTTTGTGTGGATTT	1
275	274	1	TTCTTTTAACTTTGTGTGGATTTT	1
276	275	1	TCTTTTAACTTTGTGTGGATTTTA	1
277	276	1	CTTTTAACTTTGTGTGGATTTTAA	1
278	277	1	TTTTAACTTTGTGTGGATTTTAAA	1
279	278	2	TTTAACTTTGTGTGGATTTTAAAG	1
280	279	2	TTAACTTTGTGTGGATTTTAAAGC	1
281	280	2	TAACTTTGTGTGGATTTTAAAGCT	1
282	281	2	AACTTTGTGTGGATTTTAAAGCTT	1
283	282	2	ACTTTGTGTGGATTTTAAAGCTTT	1
284	283	2	CTTTGTGTGGATTTTAAAGCTTTT	1
285	284	2	TTTGTGTGGATTTTAAAGCTTTTC	1
286	285	2	TTGTGTGGATTTTAAAGCTTTTCC	1
287	286	2	TGTGTGGATTTTAAAGCTTTTCCG	1
288	287	2	GTGTGGATTTTAAAGCTTTTCCGT	1
289	288	2	TGTGGATTTTAAAGCTTTTCCGTC	1
290	289	2	GTGGATTTTAAAGCTTTTCCGTCA	1
291	290	2	TGGATTTTAAAGCTTTTCCGTCAA	1
292	291	2	GGATTTTAAAGCTTTTCCGTCAAA	1
293	292	1	GATTTTAAAGCTTTTCCGTCAAAG	1
294	293	1	ATTTTAAAGCTTTTCCGTCAAAGT	1
295	294	1	TTTTAAAGCTTTTCCGTCAAAGTT	1
296	295	1	TTTAAAGCTTTTCCGTCAAAGTTG	1
297	296	1	TTAAAGCTTTTCCGTCAAAGTTGT	1
298	297	1	TAAAGCTTTTCCGTCAAAGTTGTT	1
299	298	1	AAAGCTTTTCCGTCAAAGTTGTTT	1
300	299	1	AAGCTTTTCCGTCAAAGTTGTTTA	1
301	300	1	AGCTTTTCCGTCAAAGTTGTTTAT	1
302	301	1	GCTTTTCCGTCAAAGTTGTTTATT	1
303	302	1	CTTTTCCGTCAAAGTTGTTTATTT	1
304	303	1	TTTTCCGTCAAAGTTGTTTATTTC	1
305	304	1	TTTCCGTCAAAGTTGTTTATTTCT	1
306	305	1	TTCCGTCAAAGTTGTTTATTTCTT	1
307	306	1	TCCGTCAAAGTTGTTTATTTCTTT	1
308	307	1	CCGTCAAAGTTGTTTATTTCTTTA	1
309	308	1	CGTCAAAGTTGTTTATTTCTTTAT	1
310	309	1	GTCAAAGTTGTTTATTTCTTTATA	1
311	310	1	TCAAAGTTGTTTATTTCTTTATAA	1
312	311	1	CAAAGTTGTTTATTTCTTTATAAC	1
313	312	1	AAAGTTGTTTATTTCTTTATAACT	1
314	313	1	AAGTTGTTTATTTCTTTATAACTT	1
315	314	1	AGTTGTTTATTTCTTTATAACTTG	1
316	315	1	GTTGTTTATTTCTTTATAACTTGT	1
317	316	1	TTGTTTATTTCTTTATAACTTGTT	1
318	317	1	TGTTTATTTCTTTATAACTTGTTT	1
319	318	1	GTTTATTTCTTTATAACTTGTTTA	1
320	319	1	TTTATTTCTTTATAACTTGTTTAT	1
321	320	1	TTATTTCTTTATAACTTGTTTATT	1
322	321	1	TATTTCTTTATAACTTGTTTATTT	1
