Component 449
1	-1	0	CCAAAACCCATAGTAACAAGATGG	1
2	1	3	CAAAACCCATAGTAACAAGATGGT	1
3	2	7	AAAACCCATAGTAACAAGATGGTG	1
4	3	8	AAACCCATAGTAACAAGATGGTGA	1
5	4	8	AACCCATAGTAACAAGATGGTGAA	1
6	5	8	ACCCATAGTAACAAGATGGTGAAG	1
7	6	8	CCCATAGTAACAAGATGGTGAAGA	1
8	7	8	CCATAGTAACAAGATGGTGAAGAT	1
9	8	8	CATAGTAACAAGATGGTGAAGATT	1
10	9	8	ATAGTAACAAGATGGTGAAGATTT	1
11	10	8	TAGTAACAAGATGGTGAAGATTTT	1
12	11	8	AGTAACAAGATGGTGAAGATTTTG	1
13	12	8	GTAACAAGATGGTGAAGATTTTGA	1
14	13	10	TAACAAGATGGTGAAGATTTTGAA	1
15	14	10	AACAAGATGGTGAAGATTTTGAAG	1
16	15	10	ACAAGATGGTGAAGATTTTGAAGC	1
17	16	10	CAAGATGGTGAAGATTTTGAAGCC	1
18	17	10	AAGATGGTGAAGATTTTGAAGCCA	1
19	18	10	AGATGGTGAAGATTTTGAAGCCAG	1
20	19	11	GATGGTGAAGATTTTGAAGCCAGG	1
21	20	11	ATGGTGAAGATTTTGAAGCCAGGA	1
22	21	11	TGGTGAAGATTTTGAAGCCAGGAA	1
23	22	11	GGTGAAGATTTTGAAGCCAGGAAA	1
24	23	11	GTGAAGATTTTGAAGCCAGGAAAG	1
25	24	11	TGAAGATTTTGAAGCCAGGAAAGG	1
26	25	11	GAAGATTTTGAAGCCAGGAAAGGT	1
27	26	11	AAGATTTTGAAGCCAGGAAAGGTT	1
28	27	12	AGATTTTGAAGCCAGGAAAGGTTG	1
29	28	12	GATTTTGAAGCCAGGAAAGGTTGC	1
30	29	12	ATTTTGAAGCCAGGAAAGGTTGCT	1
31	30	12	TTTTGAAGCCAGGAAAGGTTGCTT	1
32	31	12	TTTGAAGCCAGGAAAGGTTGCTTT	1
33	32	12	TTGAAGCCAGGAAAGGTTGCTTTA	1
34	33	12	TGAAGCCAGGAAAGGTTGCTTTAG	1
35	34	12	GAAGCCAGGAAAGGTTGCTTTAGT	1
36	35	12	AAGCCAGGAAAGGTTGCTTTAGTC	1
37	36	12	AGCCAGGAAAGGTTGCTTTAGTCA	1
38	37	12	GCCAGGAAAGGTTGCTTTAGTCAC	1
39	38	12	CCAGGAAAGGTTGCTTTAGTCACT	1
40	39	12	CAGGAAAGGTTGCTTTAGTCACTC	1
41	40	12	AGGAAAGGTTGCTTTAGTCACTCG	1
42	41	12	GGAAAGGTTGCTTTAGTCACTCGC	1
43	42	12	GAAAGGTTGCTTTAGTCACTCGCG	1
44	43	12	AAAGGTTGCTTTAGTCACTCGCGG	1
45	44	12	AAGGTTGCTTTAGTCACTCGCGGT	1
46	45	8	AGGTTGCTTTAGTCACTCGCGGTC	1
47	46	4	GGTTGCTTTAGTCACTCGCGGTCG	1
48	47	3	GTTGCTTTAGTCACTCGCGGTCGT	1
49	48	4	TTGCTTTAGTCACTCGCGGTCGTT	1
50	49	4	TGCTTTAGTCACTCGCGGTCGTTT	1
51	50	4	GCTTTAGTCACTCGCGGTCGTTTT	1
52	51	5	CTTTAGTCACTCGCGGTCGTTTTG	1
53	52	5	TTTAGTCACTCGCGGTCGTTTTGC	1
54	53	5	TTAGTCACTCGCGGTCGTTTTGCC	1
55	54	5	TAGTCACTCGCGGTCGTTTTGCCG	1
56	55	5	AGTCACTCGCGGTCGTTTTGCCGG	1
57	56	5	GTCACTCGCGGTCGTTTTGCCGGT	1
58	57	4	TCACTCGCGGTCGTTTTGCCGGTA	1
59	58	4	CACTCGCGGTCGTTTTGCCGGTAA	1
60	59	4	ACTCGCGGTCGTTTTGCCGGTAAG	1
61	60	4	CTCGCGGTCGTTTTGCCGGTAAGA	1
62	61	4	TCGCGGTCGTTTTGCCGGTAAGAA	1
63	62	5	CGCGGTCGTTTTGCCGGTAAGAAG	1
64	63	4	GCGGTCGTTTTGCCGGTAAGAAGG	1
65	64	4	CGGTCGTTTTGCCGGTAAGAAGGT	1
66	65	4	GGTCGTTTTGCCGGTAAGAAGGTC	1
67	66	4	GTCGTTTTGCCGGTAAGAAGGTCG	1
68	67	4	TCGTTTTGCCGGTAAGAAGGTCGT	1
69	68	4	CGTTTTGCCGGTAAGAAGGTCGTT	1
70	69	4	GTTTTGCCGGTAAGAAGGTCGTTA	1
71	70	4	TTTTGCCGGTAAGAAGGTCGTTAT	1
72	71	3	TTTGCCGGTAAGAAGGTCGTTATC	1
73	72	3	TTGCCGGTAAGAAGGTCGTTATCC	1
74	73	3	TGCCGGTAAGAAGGTCGTTATCCT	1
75	74	3	GCCGGTAAGAAGGTCGTTATCCTT	1
76	75	3	CCGGTAAGAAGGTCGTTATCCTTC	1
77	76	4	CGGTAAGAAGGTCGTTATCCTTCA	1
78	77	4	GGTAAGAAGGTCGTTATCCTTCAA	1
79	78	4	GTAAGAAGGTCGTTATCCTTCAAA	1
80	79	4	TAAGAAGGTCGTTATCCTTCAAAA	1
81	80	4	AAGAAGGTCGTTATCCTTCAAAAT	1
82	81	4	AGAAGGTCGTTATCCTTCAAAATG	1
83	82	4	GAAGGTCGTTATCCTTCAAAATGT	1
84	83	4	AAGGTCGTTATCCTTCAAAATGTT	1
85	84	4	AGGTCGTTATCCTTCAAAATGTTG	1
86	85	4	GGTCGTTATCCTTCAAAATGTTGA	1
87	86	4	GTCGTTATCCTTCAAAATGTTGAC	1
88	87	4	TCGTTATCCTTCAAAATGTTGACC	1
89	88	4	CGTTATCCTTCAAAATGTTGACCA	1
90	89	4	GTTATCCTTCAAAATGTTGACCAA	1
91	90	4	TTATCCTTCAAAATGTTGACCAAG	1
92	91	4	TATCCTTCAAAATGTTGACCAAGG	1
93	92	3	ATCCTTCAAAATGTTGACCAAGGA	1
94	93	3	TCCTTCAAAATGTTGACCAAGGAT	1
95	94	3	CCTTCAAAATGTTGACCAAGGATC	1
96	95	2	CTTCAAAATGTTGACCAAGGATCT	1
97	96	2	TTCAAAATGTTGACCAAGGATCTA	1
98	97	2	TCAAAATGTTGACCAAGGATCTAA	1
99	98	2	CAAAATGTTGACCAAGGATCTAAA	1
100	99	2	AAAATGTTGACCAAGGATCTAAAA	1
101	100	2	AAATGTTGACCAAGGATCTAAAAG	1
102	101	2	AATGTTGACCAAGGATCTAAAAGC	1
103	102	2	ATGTTGACCAAGGATCTAAAAGCC	1
104	103	2	TGTTGACCAAGGATCTAAAAGCCA	1
105	104	2	GTTGACCAAGGATCTAAAAGCCAT	1
106	105	2	TTGACCAAGGATCTAAAAGCCATC	1
107	106	1	TGACCAAGGATCTAAAAGCCATCC	1
108	107	1	GACCAAGGATCTAAAAGCCATCCT	1
109	108	1	ACCAAGGATCTAAAAGCCATCCTT	1
110	109	1	CCAAGGATCTAAAAGCCATCCTTT	1
111	110	1	CAAGGATCTAAAAGCCATCCTTTT	1
112	111	1	AAGGATCTAAAAGCCATCCTTTTG	1
113	112	1	AGGATCTAAAAGCCATCCTTTTGG	1
114	113	1	GGATCTAAAAGCCATCCTTTTGGT	1
115	114	1	GATCTAAAAGCCATCCTTTTGGTC	1
116	115	1	ATCTAAAAGCCATCCTTTTGGTCA	1
117	116	1	TCTAAAAGCCATCCTTTTGGTCAC	1
118	117	1	CTAAAAGCCATCCTTTTGGTCACG	1
119	118	1	TAAAAGCCATCCTTTTGGTCACGC	1
120	119	1	AAAAGCCATCCTTTTGGTCACGCC	1
121	-1	0	GCAAAGAAGACTGTCAAGAATACT	1
122	121	1	CAAAGAAGACTGTCAAGAATACTT	1
123	122	1	AAAGAAGACTGTCAAGAATACTTT	1
124	123	1	AAGAAGACTGTCAAGAATACTTTT	1
125	124	1	AGAAGACTGTCAAGAATACTTTTG	1
126	125	1	GAAGACTGTCAAGAATACTTTTGA	1
127	126	1	AAGACTGTCAAGAATACTTTTGAG	1
128	127	1	AGACTGTCAAGAATACTTTTGAGG	1
129	128	1	GACTGTCAAGAATACTTTTGAGGA	1
130	129	1	ACTGTCAAGAATACTTTTGAGGAG	1
131	130	2	CTGTCAAGAATACTTTTGAGGAGA	1
132	131	2	TGTCAAGAATACTTTTGAGGAGAA	1
133	132	2	GTCAAGAATACTTTTGAGGAGAAG	1
134	133	2	TCAAGAATACTTTTGAGGAGAAGT	1
135	134	2	CAAGAATACTTTTGAGGAGAAGTA	1
136	135	2	AAGAATACTTTTGAGGAGAAGTAC	1
137	136	2	AGAATACTTTTGAGGAGAAGTACC	1
138	137	2	GAATACTTTTGAGGAGAAGTACCA	1
139	138	2	AATACTTTTGAGGAGAAGTACCAA	1
140	139	2	ATACTTTTGAGGAGAAGTACCAAA	1
141	140	2	TACTTTTGAGGAGAAGTACCAAAC	1
142	141	2	ACTTTTGAGGAGAAGTACCAAACC	1
143	142	2	CTTTTGAGGAGAAGTACCAAACCG	1
144	143	2	TTTTGAGGAGAAGTACCAAACCGG	1
145	144	2	TTTGAGGAGAAGTACCAAACCGGA	1
146	145	2	TTGAGGAGAAGTACCAAACCGGAA	1
147	146	2	TGAGGAGAAGTACCAAACCGGAAA	1
148	147	2	GAGGAGAAGTACCAAACCGGAAAA	1
149	148	2	AGGAGAAGTACCAAACCGGAAAAT	1
150	149	2	GGAGAAGTACCAAACCGGAAAATC	1
151	150	2	GAGAAGTACCAAACCGGAAAATCT	1
152	151	2	AGAAGTACCAAACCGGAAAATCTG	1
153	152	2	GAAGTACCAAACCGGAAAATCTGC	1
154	153	2	AAGTACCAAACCGGAAAATCTGCC	1
155	154	2	AGTACCAAACCGGAAAATCTGCCT	1
156	155	2	GTACCAAACCGGAAAATCTGCCTG	1
157	156	2	TACCAAACCGGAAAATCTGCCTGG	1
158	157	2	ACCAAACCGGAAAATCTGCCTGGT	1
159	158	2	CCAAACCGGAAAATCTGCCTGGTT	1
160	159	2	CAAACCGGAAAATCTGCCTGGTTT	1
161	160	2	AAACCGGAAAATCTGCCTGGTTTT	1
162	161	2	AACCGGAAAATCTGCCTGGTTTTT	1
163	162	3	ACCGGAAAATCTGCCTGGTTTTTT	1
164	163	3	CCGGAAAATCTGCCTGGTTTTTTA	1
165	164	3	CGGAAAATCTGCCTGGTTTTTTAC	1
166	165	2	GGAAAATCTGCCTGGTTTTTTACT	1
167	166	2	GAAAATCTGCCTGGTTTTTTACTC	1
168	167	2	AAAATCTGCCTGGTTTTTTACTCC	1
169	168	2	AAATCTGCCTGGTTTTTTACTCCC	1
170	169	2	AATCTGCCTGGTTTTTTACTCCCT	1
171	170	2	ATCTGCCTGGTTTTTTACTCCCTT	1
172	171	2	TCTGCCTGGTTTTTTACTCCCTTG	1
173	172	2	CTGCCTGGTTTTTTACTCCCTTGC	1
174	173	2	TGCCTGGTTTTTTACTCCCTTGCG	1
175	174	1	GCCTGGTTTTTTACTCCCTTGCGC	1
176	175	1	CCTGGTTTTTTACTCCCTTGCGCT	1
177	176	2	CTGGTTTTTTACTCCCTTGCGCTT	1
178	177	2	TGGTTTTTTACTCCCTTGCGCTTC	1
179	178	2	GGTTTTTTACTCCCTTGCGCTTCT	1
180	179	2	GTTTTTTACTCCCTTGCGCTTCTA	1
181	180	2	TTTTTTACTCCCTTGCGCTTCTAA	1
182	181	2	TTTTTACTCCCTTGCGCTTCTAAA	1
183	182	2	TTTTACTCCCTTGCGCTTCTAAAC	1
184	183	2	TTTACTCCCTTGCGCTTCTAAACA	1
185	184	2	TTACTCCCTTGCGCTTCTAAACAT	1
186	185	2	TACTCCCTTGCGCTTCTAAACATC	1
187	186	3	ACTCCCTTGCGCTTCTAAACATCG	1
188	187	3	CTCCCTTGCGCTTCTAAACATCGG	1
189	188	3	TCCCTTGCGCTTCTAAACATCGGG	1
190	189	3	CCCTTGCGCTTCTAAACATCGGGA	1
191	190	3	CCTTGCGCTTCTAAACATCGGGAA	1
192	191	3	CTTGCGCTTCTAAACATCGGGAAC	1
193	192	3	TTGCGCTTCTAAACATCGGGAACA	1
194	193	2	TGCGCTTCTAAACATCGGGAACAG	1
195	194	2	GCGCTTCTAAACATCGGGAACAGG	1
196	195	2	CGCTTCTAAACATCGGGAACAGGT	1
197	196	2	GCTTCTAAACATCGGGAACAGGTT	1
198	197	2	CTTCTAAACATCGGGAACAGGTTT	1
199	198	2	TTCTAAACATCGGGAACAGGTTTT	1
200	199	2	TCTAAACATCGGGAACAGGTTTTT	1
201	200	2	CTAAACATCGGGAACAGGTTTTTG	1
202	201	2	TAAACATCGGGAACAGGTTTTTGT	1
203	202	2	AAACATCGGGAACAGGTTTTTGTA	1
204	203	2	AACATCGGGAACAGGTTTTTGTAT	1
205	204	2	ACATCGGGAACAGGTTTTTGTATG	1
206	205	3	CATCGGGAACAGGTTTTTGTATGC	1
207	206	2	ATCGGGAACAGGTTTTTGTATGCT	1
208	207	2	TCGGGAACAGGTTTTTGTATGCTA	1
209	208	2	CGGGAACAGGTTTTTGTATGCTAA	1
210	209	2	GGGAACAGGTTTTTGTATGCTAAT	1
211	210	2	GGAACAGGTTTTTGTATGCTAATT	1
212	211	2	GAACAGGTTTTTGTATGCTAATTT	1
213	212	2	AACAGGTTTTTGTATGCTAATTTA	1
214	213	2	ACAGGTTTTTGTATGCTAATTTAT	1
215	214	2	CAGGTTTTTGTATGCTAATTTATC	1
216	215	2	AGGTTTTTGTATGCTAATTTATCC	1
217	216	2	GGTTTTTGTATGCTAATTTATCCT	1
218	217	2	GTTTTTGTATGCTAATTTATCCTT	1
219	218	3	TTTTTGTATGCTAATTTATCCTTG	1
220	219	3	TTTTGTATGCTAATTTATCCTTGC	1
221	220	2	TTTGTATGCTAATTTATCCTTGCA	1
222	221	2	TTGTATGCTAATTTATCCTTGCAT	1
223	222	2	TGTATGCTAATTTATCCTTGCATT	1
224	223	2	GTATGCTAATTTATCCTTGCATTA	1
225	224	2	TATGCTAATTTATCCTTGCATTAG	1
226	225	2	ATGCTAATTTATCCTTGCATTAGG	1
227	226	2	TGCTAATTTATCCTTGCATTAGGC	1
228	227	2	GCTAATTTATCCTTGCATTAGGCC	1
229	228	3	CTAATTTATCCTTGCATTAGGCCG	1
230	229	2	TAATTTATCCTTGCATTAGGCCGT	1
231	230	2	AATTTATCCTTGCATTAGGCCGTG	1
232	231	2	ATTTATCCTTGCATTAGGCCGTGC	1
233	232	2	TTTATCCTTGCATTAGGCCGTGCG	1
234	233	2	TTATCCTTGCATTAGGCCGTGCGG	1
235	234	2	TATCCTTGCATTAGGCCGTGCGGT	1
236	235	2	ATCCTTGCATTAGGCCGTGCGGTT	1
237	236	2	TCCTTGCATTAGGCCGTGCGGTTC	1
238	237	2	CCTTGCATTAGGCCGTGCGGTTCA	1
239	238	2	CTTGCATTAGGCCGTGCGGTTCAA	1
240	239	2	TTGCATTAGGCCGTGCGGTTCAAA	1
241	240	2	TGCATTAGGCCGTGCGGTTCAAAT	1
242	241	2	GCATTAGGCCGTGCGGTTCAAATC	1
243	242	2	CATTAGGCCGTGCGGTTCAAATCT	1
244	243	2	ATTAGGCCGTGCGGTTCAAATCTT	1
245	244	2	TTAGGCCGTGCGGTTCAAATCTTG	1
246	245	2	TAGGCCGTGCGGTTCAAATCTTGT	1
247	246	2	AGGCCGTGCGGTTCAAATCTTGTT	1
248	247	2	GGCCGTGCGGTTCAAATCTTGTTG	1
249	248	2	GCCGTGCGGTTCAAATCTTGTTGC	1
250	249	2	CCGTGCGGTTCAAATCTTGTTGCT	1
251	250	2	CGTGCGGTTCAAATCTTGTTGCTA	1
252	251	2	GTGCGGTTCAAATCTTGTTGCTAT	1
253	252	2	TGCGGTTCAAATCTTGTTGCTATG	1
254	253	2	GCGGTTCAAATCTTGTTGCTATGA	1
255	254	2	CGGTTCAAATCTTGTTGCTATGAA	1
256	255	2	GGTTCAAATCTTGTTGCTATGAAT	1
257	256	2	GTTCAAATCTTGTTGCTATGAATA	1
258	257	2	TTCAAATCTTGTTGCTATGAATAC	1
259	258	2	TCAAATCTTGTTGCTATGAATACA	1
260	259	2	CAAATCTTGTTGCTATGAATACAC	1
261	260	2	AAATCTTGTTGCTATGAATACACT	1
262	261	2	AATCTTGTTGCTATGAATACACTT	1
263	262	2	ATCTTGTTGCTATGAATACACTTT	1
264	263	2	TCTTGTTGCTATGAATACACTTTT	1
265	264	2	CTTGTTGCTATGAATACACTTTTA	1
266	265	2	TTGTTGCTATGAATACACTTTTAA	1
267	266	2	TGTTGCTATGAATACACTTTTAAA	1
268	267	2	GTTGCTATGAATACACTTTTAAAA	1
269	268	2	TTGCTATGAATACACTTTTAAAAA	1
270	269	2	TGCTATGAATACACTTTTAAAAAA	1
271	270	2	GCTATGAATACACTTTTAAAAAAG	1
272	271	2	CTATGAATACACTTTTAAAAAAGG	1
273	272	1	TATGAATACACTTTTAAAAAAGGA	1
274	273	1	ATGAATACACTTTTAAAAAAGGAT	1
275	274	1	TGAATACACTTTTAAAAAAGGATT	1
276	275	1	GAATACACTTTTAAAAAAGGATTC	1
277	276	1	AATACACTTTTAAAAAAGGATTCG	1
278	277	1	ATACACTTTTAAAAAAGGATTCGT	1
279	278	1	TACACTTTTAAAAAAGGATTCGTA	1
280	279	1	ACACTTTTAAAAAAGGATTCGTAA	1
281	280	1	CACTTTTAAAAAAGGATTCGTAAA	1
282	281	1	ACTTTTAAAAAAGGATTCGTAAAC	1
283	282	1	CTTTTAAAAAAGGATTCGTAAACT	1
284	283	1	TTTTAAAAAAGGATTCGTAAACTA	1
285	284	1	TTTAAAAAAGGATTCGTAAACTAA	1
286	285	1	TTAAAAAAGGATTCGTAAACTAAT	1
287	286	1	TAAAAAAGGATTCGTAAACTAATG	1
288	287	1	AAAAAAGGATTCGTAAACTAATGT	1
289	288	1	AAAAAGGATTCGTAAACTAATGTT	1
290	289	1	AAAAGGATTCGTAAACTAATGTTA	1
291	290	1	AAAGGATTCGTAAACTAATGTTAT	1
292	291	1	AAGGATTCGTAAACTAATGTTATC	1
293	-1	0	CTTTTGGTCACGCCGTTGTCGCTG	1
294	293	1	TTTTGGTCACGCCGTTGTCGCTGG	1
295	294	1	TTTGGTCACGCCGTTGTCGCTGGT	1
296	295	1	TTGGTCACGCCGTTGTCGCTGGTG	1
297	296	1	TGGTCACGCCGTTGTCGCTGGTGT	1
298	297	1	GGTCACGCCGTTGTCGCTGGTGTC	1
299	298	1	GTCACGCCGTTGTCGCTGGTGTCG	1
300	299	1	TCACGCCGTTGTCGCTGGTGTCGA	1
301	300	1	CACGCCGTTGTCGCTGGTGTCGAG	1
302	301	1	ACGCCGTTGTCGCTGGTGTCGAGC	1
303	302	1	CGCCGTTGTCGCTGGTGTCGAGCG	1
304	303	1	GCCGTTGTCGCTGGTGTCGAGCGC	1
305	304	1	CCGTTGTCGCTGGTGTCGAGCGCT	1
306	305	1	CGTTGTCGCTGGTGTCGAGCGCTA	1
307	306	1	GTTGTCGCTGGTGTCGAGCGCTAC	1
308	307	1	TTGTCGCTGGTGTCGAGCGCTACC	1
309	308	1	TGTCGCTGGTGTCGAGCGCTACCC	1
310	309	1	GTCGCTGGTGTCGAGCGCTACCCC	1
311	310	1	TCGCTGGTGTCGAGCGCTACCCCT	1
312	311	1	CGCTGGTGTCGAGCGCTACCCCTT	1
313	312	2	GCTGGTGTCGAGCGCTACCCCTTG	1
314	313	2	CTGGTGTCGAGCGCTACCCCTTGA	1
315	314	2	TGGTGTCGAGCGCTACCCCTTGAA	1
316	315	2	GGTGTCGAGCGCTACCCCTTGAAG	1
317	316	2	GTGTCGAGCGCTACCCCTTGAAGG	1
318	317	2	TGTCGAGCGCTACCCCTTGAAGGT	1
319	318	2	GTCGAGCGCTACCCCTTGAAGGTC	1
320	319	2	TCGAGCGCTACCCCTTGAAGGTCA	1
321	320	2	CGAGCGCTACCCCTTGAAGGTCAC	1
322	321	2	GAGCGCTACCCCTTGAAGGTCACC	1
323	322	2	AGCGCTACCCCTTGAAGGTCACCA	1
324	323	2	GCGCTACCCCTTGAAGGTCACCAA	1
325	324	2	CGCTACCCCTTGAAGGTCACCAAA	1
326	325	2	GCTACCCCTTGAAGGTCACCAAAT	1
327	326	2	CTACCCCTTGAAGGTCACCAAATC	1
328	327	2	TACCCCTTGAAGGTCACCAAATCT	1
329	328	3	ACCCCTTGAAGGTCACCAAATCTA	1
330	329	3	CCCCTTGAAGGTCACCAAATCTAT	1
331	330	3	CCCTTGAAGGTCACCAAATCTATG	1
332	331	3	CCTTGAAGGTCACCAAATCTATGG	1
333	332	3	CTTGAAGGTCACCAAATCTATGGG	1
334	333	3	TTGAAGGTCACCAAATCTATGGGT	1
335	334	3	TGAAGGTCACCAAATCTATGGGTG	1
336	335	3	GAAGGTCACCAAATCTATGGGTGC	1
337	336	3	AAGGTCACCAAATCTATGGGTGCT	1
338	337	2	AGGTCACCAAATCTATGGGTGCTA	1
339	338	2	GGTCACCAAATCTATGGGTGCTAA	1
340	339	2	GTCACCAAATCTATGGGTGCTAAG	1
341	340	2	TCACCAAATCTATGGGTGCTAAGC	1
342	341	2	CACCAAATCTATGGGTGCTAAGCG	1
343	342	2	ACCAAATCTATGGGTGCTAAGCGC	1
344	343	2	CCAAATCTATGGGTGCTAAGCGCA	1
345	344	2	CAAATCTATGGGTGCTAAGCGCAT	1
346	345	2	AAATCTATGGGTGCTAAGCGCATT	1
347	346	2	AATCTATGGGTGCTAAGCGCATTG	1
348	347	2	ATCTATGGGTGCTAAGCGCATTGC	1
349	348	2	TCTATGGGTGCTAAGCGCATTGCC	1
350	349	2	CTATGGGTGCTAAGCGCATTGCCA	1
351	350	4	TATGGGTGCTAAGCGCATTGCCAA	1
352	351	5	ATGGGTGCTAAGCGCATTGCCAAG	1
353	352	5	TGGGTGCTAAGCGCATTGCCAAGC	1
354	353	5	GGGTGCTAAGCGCATTGCCAAGCG	1
355	354	6	GGTGCTAAGCGCATTGCCAAGCGT	1
356	355	6	GTGCTAAGCGCATTGCCAAGCGTT	1
357	356	5	TGCTAAGCGCATTGCCAAGCGTTC	1
358	357	5	GCTAAGCGCATTGCCAAGCGTTCT	1
359	358	5	CTAAGCGCATTGCCAAGCGTTCTA	1
360	359	6	TAAGCGCATTGCCAAGCGTTCTAG	1
361	360	7	AAGCGCATTGCCAAGCGTTCTAGA	1
362	361	7	AGCGCATTGCCAAGCGTTCTAGAG	1
363	362	7	GCGCATTGCCAAGCGTTCTAGAGT	1
364	363	7	CGCATTGCCAAGCGTTCTAGAGTG	1
365	364	9	GCATTGCCAAGCGTTCTAGAGTGA	1
366	365	9	CATTGCCAAGCGTTCTAGAGTGAA	1
367	366	9	ATTGCCAAGCGTTCTAGAGTGAAG	1
368	367	11	TTGCCAAGCGTTCTAGAGTGAAGC	1
369	368	11	TGCCAAGCGTTCTAGAGTGAAGCC	1
370	369	11	GCCAAGCGTTCTAGAGTGAAGCCT	1
371	370	11	CCAAGCGTTCTAGAGTGAAGCCTT	1
372	371	10	CAAGCGTTCTAGAGTGAAGCCTTT	1
373	372	10	AAGCGTTCTAGAGTGAAGCCTTTC	1
374	373	10	AGCGTTCTAGAGTGAAGCCTTTCA	1
375	374	10	GCGTTCTAGAGTGAAGCCTTTCAT	1
376	375	10	CGTTCTAGAGTGAAGCCTTTCATC	1
377	376	10	GTTCTAGAGTGAAGCCTTTCATCA	1
378	377	10	TTCTAGAGTGAAGCCTTTCATCAA	1
379	378	10	TCTAGAGTGAAGCCTTTCATCAAG	1
380	379	10	CTAGAGTGAAGCCTTTCATCAAGG	1
381	380	10	TAGAGTGAAGCCTTTCATCAAGGT	1
382	381	10	AGAGTGAAGCCTTTCATCAAGGTC	1
383	382	10	GAGTGAAGCCTTTCATCAAGGTCA	1
384	383	10	AGTGAAGCCTTTCATCAAGGTCAT	1
385	384	10	GTGAAGCCTTTCATCAAGGTCATC	1
386	385	10	TGAAGCCTTTCATCAAGGTCATCA	1
387	386	10	GAAGCCTTTCATCAAGGTCATCAA	1
388	387	10	AAGCCTTTCATCAAGGTCATCAAC	1
389	388	10	AGCCTTTCATCAAGGTCATCAACT	1
390	389	10	GCCTTTCATCAAGGTCATCAACTA	1
391	390	10	CCTTTCATCAAGGTCATCAACTAT	1
392	391	10	CTTTCATCAAGGTCATCAACTATA	1
393	392	10	TTTCATCAAGGTCATCAACTATAA	1
394	393	10	TTCATCAAGGTCATCAACTATAAC	1
395	394	9	TCATCAAGGTCATCAACTATAACC	1
396	395	8	CATCAAGGTCATCAACTATAACCA	1
397	396	8	ATCAAGGTCATCAACTATAACCAC	1
398	397	8	TCAAGGTCATCAACTATAACCACT	1
399	398	7	CAAGGTCATCAACTATAACCACTT	1
400	399	7	AAGGTCATCAACTATAACCACTTG	1
401	400	7	AGGTCATCAACTATAACCACTTGA	1
402	401	7	GGTCATCAACTATAACCACTTGAT	1
403	402	8	GTCATCAACTATAACCACTTGATG	1
404	403	7	TCATCAACTATAACCACTTGATGC	1
405	404	6	CATCAACTATAACCACTTGATGCC	1
406	405	7	ATCAACTATAACCACTTGATGCCT	1
407	406	8	TCAACTATAACCACTTGATGCCTA	1
408	407	8	CAACTATAACCACTTGATGCCTAC	1
409	408	7	AACTATAACCACTTGATGCCTACC	1
410	409	7	ACTATAACCACTTGATGCCTACCC	1
411	410	7	CTATAACCACTTGATGCCTACCCG	1
412	411	5	TATAACCACTTGATGCCTACCCGT	1
413	412	5	ATAACCACTTGATGCCTACCCGTT	1
414	413	5	TAACCACTTGATGCCTACCCGTTA	1
415	414	6	AACCACTTGATGCCTACCCGTTAT	1
416	415	6	ACCACTTGATGCCTACCCGTTATG	1
417	416	6	CCACTTGATGCCTACCCGTTATGC	1
418	417	6	CACTTGATGCCTACCCGTTATGCT	1
419	418	6	ACTTGATGCCTACCCGTTATGCTC	1
420	419	6	CTTGATGCCTACCCGTTATGCTCT	1
421	420	6	TTGATGCCTACCCGTTATGCTCTC	1
422	421	6	TGATGCCTACCCGTTATGCTCTCG	1
423	422	6	GATGCCTACCCGTTATGCTCTCGA	1
424	423	6	ATGCCTACCCGTTATGCTCTCGAA	1
425	424	6	TGCCTACCCGTTATGCTCTCGAAC	1
426	425	6	GCCTACCCGTTATGCTCTCGAACT	1
427	426	6	CCTACCCGTTATGCTCTCGAACTT	1
428	427	6	CTACCCGTTATGCTCTCGAACTTG	1
429	428	6	TACCCGTTATGCTCTCGAACTTGA	1
430	429	6	ACCCGTTATGCTCTCGAACTTGAC	1
431	430	6	CCCGTTATGCTCTCGAACTTGACA	1
432	431	6	CCGTTATGCTCTCGAACTTGACAA	1
433	432	7	CGTTATGCTCTCGAACTTGACAAT	1
434	433	7	GTTATGCTCTCGAACTTGACAATT	1
435	434	7	TTATGCTCTCGAACTTGACAATTT	1
436	435	7	TATGCTCTCGAACTTGACAATTTG	1
437	436	7	ATGCTCTCGAACTTGACAATTTGA	1
438	437	7	TGCTCTCGAACTTGACAATTTGAA	1
439	438	6	GCTCTCGAACTTGACAATTTGAAG	1
440	439	6	CTCTCGAACTTGACAATTTGAAGG	1
441	440	6	TCTCGAACTTGACAATTTGAAGGG	1
442	441	6	CTCGAACTTGACAATTTGAAGGGA	1
443	442	6	TCGAACTTGACAATTTGAAGGGAC	1
444	443	6	CGAACTTGACAATTTGAAGGGACT	1
445	444	6	GAACTTGACAATTTGAAGGGACTT	1
446	445	6	AACTTGACAATTTGAAGGGACTTG	1
447	446	5	ACTTGACAATTTGAAGGGACTTGT	1
448	447	5	CTTGACAATTTGAAGGGACTTGTC	1
449	448	6	TTGACAATTTGAAGGGACTTGTCA	1
450	449	5	TGACAATTTGAAGGGACTTGTCAC	1
451	450	4	GACAATTTGAAGGGACTTGTCACT	1
452	451	4	ACAATTTGAAGGGACTTGTCACTC	1
453	452	3	CAATTTGAAGGGACTTGTCACTCC	1
454	453	3	AATTTGAAGGGACTTGTCACTCCT	1
455	454	3	ATTTGAAGGGACTTGTCACTCCTA	1
456	455	3	TTTGAAGGGACTTGTCACTCCTAC	1
457	456	3	TTGAAGGGACTTGTCACTCCTACT	1
458	457	3	TGAAGGGACTTGTCACTCCTACTA	1
459	458	2	GAAGGGACTTGTCACTCCTACTAC	1
460	459	3	AAGGGACTTGTCACTCCTACTACT	1
461	460	3	AGGGACTTGTCACTCCTACTACTT	1
462	461	3	GGGACTTGTCACTCCTACTACTTT	1
463	462	3	GGACTTGTCACTCCTACTACTTTC	1
464	463	3	GACTTGTCACTCCTACTACTTTCA	1
465	464	3	ACTTGTCACTCCTACTACTTTCAG	1
466	465	3	CTTGTCACTCCTACTACTTTCAGC	1
467	466	3	TTGTCACTCCTACTACTTTCAGCG	1
468	467	3	TGTCACTCCTACTACTTTCAGCGA	1
469	468	3	GTCACTCCTACTACTTTCAGCGAG	1
470	469	3	TCACTCCTACTACTTTCAGCGAGC	1
471	470	3	CACTCCTACTACTTTCAGCGAGCC	1
472	471	3	ACTCCTACTACTTTCAGCGAGCCT	1
473	472	3	CTCCTACTACTTTCAGCGAGCCTT	1
474	473	3	TCCTACTACTTTCAGCGAGCCTTC	1
475	474	2	CCTACTACTTTCAGCGAGCCTTCT	1
476	475	2	CTACTACTTTCAGCGAGCCTTCTC	1
477	476	2	TACTACTTTCAGCGAGCCTTCTCA	1
478	477	2	ACTACTTTCAGCGAGCCTTCTCAA	1
479	478	2	CTACTTTCAGCGAGCCTTCTCAAC	1
480	479	2	TACTTTCAGCGAGCCTTCTCAACG	1
481	480	2	ACTTTCAGCGAGCCTTCTCAACGC	1
482	481	2	CTTTCAGCGAGCCTTCTCAACGCT	1
483	482	2	TTTCAGCGAGCCTTCTCAACGCTC	1
484	483	2	TTCAGCGAGCCTTCTCAACGCTCT	1
485	484	2	TCAGCGAGCCTTCTCAACGCTCTG	1
486	485	2	CAGCGAGCCTTCTCAACGCTCTGC	1
487	486	2	AGCGAGCCTTCTCAACGCTCTGCT	1
488	487	2	GCGAGCCTTCTCAACGCTCTGCTG	1
489	488	2	CGAGCCTTCTCAACGCTCTGCTGC	1
490	489	2	GAGCCTTCTCAACGCTCTGCTGCA	1
491	490	2	AGCCTTCTCAACGCTCTGCTGCAA	1
492	491	2	GCCTTCTCAACGCTCTGCTGCAAA	1
493	492	1	CCTTCTCAACGCTCTGCTGCAAAG	1
494	493	1	CTTCTCAACGCTCTGCTGCAAAGA	1
495	494	1	TTCTCAACGCTCTGCTGCAAAGAA	1
496	495	1	TCTCAACGCTCTGCTGCAAAGAAG	1
497	496	1	CTCAACGCTCTGCTGCAAAGAAGA	1
498	497	1	TCAACGCTCTGCTGCAAAGAAGAC	1
499	498	1	CAACGCTCTGCTGCAAAGAAGACT	1
500	499	1	AACGCTCTGCTGCAAAGAAGACTG	1
501	500	1	ACGCTCTGCTGCAAAGAAGACTGT	1
502	501	1	CGCTCTGCTGCAAAGAAGACTGTC	1
503	502	1	GCTCTGCTGCAAAGAAGACTGTCA	1
