Component 450
1	-1	0	GGAGTACCCAAAATGAGTTTGGGT	1
2	1	1	GAGTACCCAAAATGAGTTTGGGTG	1
3	2	1	AGTACCCAAAATGAGTTTGGGTGA	1
4	3	1	GTACCCAAAATGAGTTTGGGTGAG	1
5	4	1	TACCCAAAATGAGTTTGGGTGAGA	1
6	5	1	ACCCAAAATGAGTTTGGGTGAGAA	1
7	6	1	CCCAAAATGAGTTTGGGTGAGAAA	1
8	7	1	CCAAAATGAGTTTGGGTGAGAAAG	1
9	8	1	CAAAATGAGTTTGGGTGAGAAAGC	1
10	9	1	AAAATGAGTTTGGGTGAGAAAGCT	1
11	10	1	AAATGAGTTTGGGTGAGAAAGCTA	1
12	11	1	AATGAGTTTGGGTGAGAAAGCTAA	1
13	12	1	ATGAGTTTGGGTGAGAAAGCTAAG	1
14	13	2	TGAGTTTGGGTGAGAAAGCTAAGC	1
15	14	2	GAGTTTGGGTGAGAAAGCTAAGCT	1
16	15	3	AGTTTGGGTGAGAAAGCTAAGCTT	1
17	16	3	GTTTGGGTGAGAAAGCTAAGCTTA	1
18	17	3	TTTGGGTGAGAAAGCTAAGCTTAC	1
19	18	3	TTGGGTGAGAAAGCTAAGCTTACT	1
20	19	3	TGGGTGAGAAAGCTAAGCTTACTA	1
21	20	3	GGGTGAGAAAGCTAAGCTTACTAT	1
22	21	3	GGTGAGAAAGCTAAGCTTACTATC	1
23	22	3	GTGAGAAAGCTAAGCTTACTATCA	1
24	23	3	TGAGAAAGCTAAGCTTACTATCAC	1
25	24	3	GAGAAAGCTAAGCTTACTATCACT	1
26	25	3	AGAAAGCTAAGCTTACTATCACTC	1
27	26	3	GAAAGCTAAGCTTACTATCACTCC	1
28	27	3	AAAGCTAAGCTTACTATCACTCCT	1
29	28	3	AAGCTAAGCTTACTATCACTCCTG	1
30	29	3	AGCTAAGCTTACTATCACTCCTGA	1
31	30	3	GCTAAGCTTACTATCACTCCTGAT	1
32	31	3	CTAAGCTTACTATCACTCCTGATT	1
33	32	3	TAAGCTTACTATCACTCCTGATTA	1
34	33	3	AAGCTTACTATCACTCCTGATTAT	1
35	34	3	AGCTTACTATCACTCCTGATTATG	1
36	35	3	GCTTACTATCACTCCTGATTATGG	1
37	36	3	CTTACTATCACTCCTGATTATGGC	1
38	37	3	TTACTATCACTCCTGATTATGGCT	1
39	38	3	TACTATCACTCCTGATTATGGCTA	1
40	39	3	ACTATCACTCCTGATTATGGCTAT	1
41	40	3	CTATCACTCCTGATTATGGCTATG	1
42	41	3	TATCACTCCTGATTATGGCTATGG	1
43	42	4	ATCACTCCTGATTATGGCTATGGC	1
44	43	4	TCACTCCTGATTATGGCTATGGCC	1
45	44	4	CACTCCTGATTATGGCTATGGCCC	1
46	45	3	ACTCCTGATTATGGCTATGGCCCA	1
47	46	3	CTCCTGATTATGGCTATGGCCCAC	1
48	47	3	TCCTGATTATGGCTATGGCCCACG	1
49	48	3	CCTGATTATGGCTATGGCCCACGT	1
50	49	3	CTGATTATGGCTATGGCCCACGTG	1
51	50	4	TGATTATGGCTATGGCCCACGTGG	1
52	51	4	GATTATGGCTATGGCCCACGTGGT	1
53	52	4	ATTATGGCTATGGCCCACGTGGTT	1
54	53	4	TTATGGCTATGGCCCACGTGGTTT	1
55	54	4	TATGGCTATGGCCCACGTGGTTTC	1
56	55	4	ATGGCTATGGCCCACGTGGTTTCC	1
57	56	4	TGGCTATGGCCCACGTGGTTTCCC	1
58	57	3	GGCTATGGCCCACGTGGTTTCCCT	1
59	58	3	GCTATGGCCCACGTGGTTTCCCTG	1
60	59	2	CTATGGCCCACGTGGTTTCCCTGG	1
61	60	2	TATGGCCCACGTGGTTTCCCTGGA	1
62	61	2	ATGGCCCACGTGGTTTCCCTGGAT	1
63	62	2	TGGCCCACGTGGTTTCCCTGGATT	1
64	63	2	GGCCCACGTGGTTTCCCTGGATTG	1
65	64	2	GCCCACGTGGTTTCCCTGGATTGA	1
66	65	2	CCCACGTGGTTTCCCTGGATTGAT	1
67	66	2	CCACGTGGTTTCCCTGGATTGATT	1
68	67	2	CACGTGGTTTCCCTGGATTGATTC	1
69	68	2	ACGTGGTTTCCCTGGATTGATTCC	1
70	69	1	CGTGGTTTCCCTGGATTGATTCCC	1
71	70	1	GTGGTTTCCCTGGATTGATTCCCC	1
72	71	1	TGGTTTCCCTGGATTGATTCCCCC	1
73	-1	0	GGTACTTTAACCAATGGTAAAAAG	1
74	73	1	GTACTTTAACCAATGGTAAAAAGT	1
75	74	1	TACTTTAACCAATGGTAAAAAGTT	1
76	75	1	ACTTTAACCAATGGTAAAAAGTTT	1
77	76	1	CTTTAACCAATGGTAAAAAGTTTG	1
78	77	1	TTTAACCAATGGTAAAAAGTTTGA	1
79	78	1	TTAACCAATGGTAAAAAGTTTGAT	1
80	79	1	TAACCAATGGTAAAAAGTTTGATT	1
81	80	1	AACCAATGGTAAAAAGTTTGATTC	1
82	81	1	ACCAATGGTAAAAAGTTTGATTCA	1
83	82	1	CCAATGGTAAAAAGTTTGATTCAT	1
84	83	1	CAATGGTAAAAAGTTTGATTCATC	1
85	84	1	AATGGTAAAAAGTTTGATTCATCT	1
86	85	1	ATGGTAAAAAGTTTGATTCATCTG	1
87	86	1	TGGTAAAAAGTTTGATTCATCTGT	1
88	87	1	GGTAAAAAGTTTGATTCATCTGTT	1
89	88	1	GTAAAAAGTTTGATTCATCTGTTG	1
90	89	1	TAAAAAGTTTGATTCATCTGTTGA	1
91	90	1	AAAAAGTTTGATTCATCTGTTGAC	1
92	91	1	AAAAGTTTGATTCATCTGTTGACC	1
93	92	1	AAAGTTTGATTCATCTGTTGACCG	1
94	93	1	AAGTTTGATTCATCTGTTGACCGT	1
95	94	1	AGTTTGATTCATCTGTTGACCGTG	1
96	95	1	GTTTGATTCATCTGTTGACCGTGG	1
97	96	4	TTTGATTCATCTGTTGACCGTGGA	1
98	97	5	TTGATTCATCTGTTGACCGTGGAT	1
99	98	5	TGATTCATCTGTTGACCGTGGATC	1
100	99	5	GATTCATCTGTTGACCGTGGATCC	1
101	100	5	ATTCATCTGTTGACCGTGGATCCC	1
102	101	5	TTCATCTGTTGACCGTGGATCCCC	1
103	102	5	TCATCTGTTGACCGTGGATCCCCA	1
104	103	5	CATCTGTTGACCGTGGATCCCCAT	1
105	104	5	ATCTGTTGACCGTGGATCCCCATT	1
106	105	5	TCTGTTGACCGTGGATCCCCATTT	1
107	106	5	CTGTTGACCGTGGATCCCCATTTG	1
108	107	5	TGTTGACCGTGGATCCCCATTTGT	1
109	108	5	GTTGACCGTGGATCCCCATTTGTT	1
110	109	5	TTGACCGTGGATCCCCATTTGTTT	1
111	110	5	TGACCGTGGATCCCCATTTGTTTG	1
112	111	5	GACCGTGGATCCCCATTTGTTTGC	1
113	112	5	ACCGTGGATCCCCATTTGTTTGCA	1
114	113	5	CCGTGGATCCCCATTTGTTTGCAC	1
115	114	5	CGTGGATCCCCATTTGTTTGCACT	1
116	115	6	GTGGATCCCCATTTGTTTGCACTA	1
117	116	6	TGGATCCCCATTTGTTTGCACTAT	1
118	117	5	GGATCCCCATTTGTTTGCACTATT	1
119	118	5	GATCCCCATTTGTTTGCACTATTG	1
120	119	5	ATCCCCATTTGTTTGCACTATTGG	1
121	120	5	TCCCCATTTGTTTGCACTATTGGC	1
122	121	5	CCCCATTTGTTTGCACTATTGGCG	1
123	122	5	CCCATTTGTTTGCACTATTGGCGT	1
124	123	5	CCATTTGTTTGCACTATTGGCGTT	1
125	124	5	CATTTGTTTGCACTATTGGCGTTG	1
126	125	5	ATTTGTTTGCACTATTGGCGTTGG	1
127	126	5	TTTGTTTGCACTATTGGCGTTGGT	1
128	127	5	TTGTTTGCACTATTGGCGTTGGTC	1
129	128	5	TGTTTGCACTATTGGCGTTGGTCA	1
130	129	5	GTTTGCACTATTGGCGTTGGTCAA	1
131	130	6	TTTGCACTATTGGCGTTGGTCAAT	1
132	131	6	TTGCACTATTGGCGTTGGTCAATT	1
133	132	6	TGCACTATTGGCGTTGGTCAATTA	1
134	133	6	GCACTATTGGCGTTGGTCAATTAA	1
135	134	6	CACTATTGGCGTTGGTCAATTAAT	1
136	135	6	ACTATTGGCGTTGGTCAATTAATT	1
137	136	5	CTATTGGCGTTGGTCAATTAATTC	1
138	137	5	TATTGGCGTTGGTCAATTAATTCG	1
139	138	5	ATTGGCGTTGGTCAATTAATTCGC	1
140	139	5	TTGGCGTTGGTCAATTAATTCGCG	1
141	140	3	TGGCGTTGGTCAATTAATTCGCGG	1
142	141	2	GGCGTTGGTCAATTAATTCGCGGA	1
143	142	2	GCGTTGGTCAATTAATTCGCGGAT	1
144	143	2	CGTTGGTCAATTAATTCGCGGATG	1
145	144	2	GTTGGTCAATTAATTCGCGGATGG	1
146	145	2	TTGGTCAATTAATTCGCGGATGGG	1
147	146	2	TGGTCAATTAATTCGCGGATGGGA	1
148	147	2	GGTCAATTAATTCGCGGATGGGAC	1
149	148	2	GTCAATTAATTCGCGGATGGGACG	1
150	149	2	TCAATTAATTCGCGGATGGGACGA	1
151	150	2	CAATTAATTCGCGGATGGGACGAA	1
152	151	2	AATTAATTCGCGGATGGGACGAAG	1
153	152	2	ATTAATTCGCGGATGGGACGAAGG	1
154	153	2	TTAATTCGCGGATGGGACGAAGGA	1
155	154	2	TAATTCGCGGATGGGACGAAGGAG	1
156	155	2	AATTCGCGGATGGGACGAAGGAGT	1
157	156	2	ATTCGCGGATGGGACGAAGGAGTA	1
158	157	2	TTCGCGGATGGGACGAAGGAGTAC	1
159	158	2	TCGCGGATGGGACGAAGGAGTACC	1
160	159	1	CGCGGATGGGACGAAGGAGTACCC	1
161	160	1	GCGGATGGGACGAAGGAGTACCCA	1
162	161	1	CGGATGGGACGAAGGAGTACCCAA	1
163	162	1	GGATGGGACGAAGGAGTACCCAAA	1
164	163	1	GATGGGACGAAGGAGTACCCAAAA	1
165	164	1	ATGGGACGAAGGAGTACCCAAAAT	1
166	165	1	TGGGACGAAGGAGTACCCAAAATG	1
167	166	1	GGGACGAAGGAGTACCCAAAATGA	1
168	167	1	GGACGAAGGAGTACCCAAAATGAG	1
169	168	1	GACGAAGGAGTACCCAAAATGAGT	1
170	169	1	ACGAAGGAGTACCCAAAATGAGTT	1
171	170	1	CGAAGGAGTACCCAAAATGAGTTT	1
172	171	1	GAAGGAGTACCCAAAATGAGTTTG	1
173	172	1	AAGGAGTACCCAAAATGAGTTTGG	1
174	173	1	AGGAGTACCCAAAATGAGTTTGGG	1
175	-1	0	CTTATTTTATTTGAAATCTGTTAA	1
176	175	1	TTATTTTATTTGAAATCTGTTAAA	1
177	176	1	TATTTTATTTGAAATCTGTTAAAT	1
178	177	1	ATTTTATTTGAAATCTGTTAAATA	1
179	178	3	TTTTATTTGAAATCTGTTAAATAT	1
180	179	4	TTTATTTGAAATCTGTTAAATATG	1
181	180	5	TTATTTGAAATCTGTTAAATATGG	1
182	181	5	TATTTGAAATCTGTTAAATATGGG	1
183	182	5	ATTTGAAATCTGTTAAATATGGGT	1
184	183	5	TTTGAAATCTGTTAAATATGGGTG	1
185	184	5	TTGAAATCTGTTAAATATGGGTGT	1
186	185	5	TGAAATCTGTTAAATATGGGTGTC	1
187	186	5	GAAATCTGTTAAATATGGGTGTCG	1
188	187	6	AAATCTGTTAAATATGGGTGTCGA	1
189	188	6	AATCTGTTAAATATGGGTGTCGAA	1
190	189	6	ATCTGTTAAATATGGGTGTCGAAA	1
191	190	6	TCTGTTAAATATGGGTGTCGAAAA	1
192	191	6	CTGTTAAATATGGGTGTCGAAAAG	1
193	192	7	TGTTAAATATGGGTGTCGAAAAGC	1
194	193	7	GTTAAATATGGGTGTCGAAAAGCA	1
195	194	7	TTAAATATGGGTGTCGAAAAGCAA	1
196	195	7	TAAATATGGGTGTCGAAAAGCAAG	1
197	196	7	AAATATGGGTGTCGAAAAGCAAGT	1
198	197	7	AATATGGGTGTCGAAAAGCAAGTT	1
199	198	7	ATATGGGTGTCGAAAAGCAAGTTA	1
200	199	7	TATGGGTGTCGAAAAGCAAGTTAT	1
201	200	7	ATGGGTGTCGAAAAGCAAGTTATT	1
202	201	7	TGGGTGTCGAAAAGCAAGTTATTT	1
203	202	9	GGGTGTCGAAAAGCAAGTTATTTC	1
204	203	10	GGTGTCGAAAAGCAAGTTATTTCT	1
205	204	10	GTGTCGAAAAGCAAGTTATTTCTT	1
206	205	10	TGTCGAAAAGCAAGTTATTTCTTC	1
207	206	10	GTCGAAAAGCAAGTTATTTCTTCC	1
208	207	10	TCGAAAAGCAAGTTATTTCTTCCG	1
209	208	11	CGAAAAGCAAGTTATTTCTTCCGG	1
210	209	12	GAAAAGCAAGTTATTTCTTCCGGA	1
211	210	12	AAAAGCAAGTTATTTCTTCCGGAA	1
212	211	12	AAAGCAAGTTATTTCTTCCGGAAA	1
213	212	12	AAGCAAGTTATTTCTTCCGGAAAT	1
214	213	12	AGCAAGTTATTTCTTCCGGAAATG	1
215	214	12	GCAAGTTATTTCTTCCGGAAATGG	1
216	215	12	CAAGTTATTTCTTCCGGAAATGGT	1
217	216	12	AAGTTATTTCTTCCGGAAATGGTC	1
218	217	12	AGTTATTTCTTCCGGAAATGGTCA	1
219	218	12	GTTATTTCTTCCGGAAATGGTCAA	1
220	219	11	TTATTTCTTCCGGAAATGGTCAAG	1
221	220	11	TATTTCTTCCGGAAATGGTCAAGA	1
222	221	11	ATTTCTTCCGGAAATGGTCAAGAC	1
223	222	9	TTTCTTCCGGAAATGGTCAAGACT	1
224	223	8	TTCTTCCGGAAATGGTCAAGACTT	1
225	224	7	TCTTCCGGAAATGGTCAAGACTTT	1
226	225	7	CTTCCGGAAATGGTCAAGACTTTC	1
227	226	7	TTCCGGAAATGGTCAAGACTTTCC	1
228	227	7	TCCGGAAATGGTCAAGACTTTCCC	1
229	228	7	CCGGAAATGGTCAAGACTTTCCCA	1
230	229	7	CGGAAATGGTCAAGACTTTCCCAA	1
231	230	7	GGAAATGGTCAAGACTTTCCCAAA	1
232	231	6	GAAATGGTCAAGACTTTCCCAAAC	1
233	232	6	AAATGGTCAAGACTTTCCCAAACC	1
234	233	6	AATGGTCAAGACTTTCCCAAACCT	1
235	234	6	ATGGTCAAGACTTTCCCAAACCTG	1
236	235	6	TGGTCAAGACTTTCCCAAACCTGG	1
237	236	5	GGTCAAGACTTTCCCAAACCTGGT	1
238	237	5	GTCAAGACTTTCCCAAACCTGGTG	1
239	238	5	TCAAGACTTTCCCAAACCTGGTGA	1
240	239	5	CAAGACTTTCCCAAACCTGGTGAC	1
241	240	5	AAGACTTTCCCAAACCTGGTGACA	1
242	241	5	AGACTTTCCCAAACCTGGTGACAG	1
243	242	5	GACTTTCCCAAACCTGGTGACAGA	1
244	243	5	ACTTTCCCAAACCTGGTGACAGAA	1
245	244	5	CTTTCCCAAACCTGGTGACAGAAT	1
246	245	5	TTTCCCAAACCTGGTGACAGAATC	1
247	246	3	TTCCCAAACCTGGTGACAGAATCA	1
248	247	2	TCCCAAACCTGGTGACAGAATCAC	1
249	248	2	CCCAAACCTGGTGACAGAATCACC	1
250	249	2	CCAAACCTGGTGACAGAATCACCA	1
251	250	2	CAAACCTGGTGACAGAATCACCAT	1
252	251	2	AAACCTGGTGACAGAATCACCATG	1
253	252	1	AACCTGGTGACAGAATCACCATGC	1
