Component 456
1	-1	0	CACGATTGTTGGACACCAACAATA	1
2	1	2	ACGATTGTTGGACACCAACAATAT	1
3	2	2	CGATTGTTGGACACCAACAATATA	1
4	3	2	GATTGTTGGACACCAACAATATAT	1
5	4	2	ATTGTTGGACACCAACAATATATT	1
6	5	2	TTGTTGGACACCAACAATATATTT	1
7	6	3	TGTTGGACACCAACAATATATTTC	1
8	7	3	GTTGGACACCAACAATATATTTCT	1
9	8	3	TTGGACACCAACAATATATTTCTG	1
10	9	3	TGGACACCAACAATATATTTCTGT	1
11	10	4	GGACACCAACAATATATTTCTGTG	1
12	11	4	GACACCAACAATATATTTCTGTGA	1
13	12	4	ACACCAACAATATATTTCTGTGAA	1
14	13	4	CACCAACAATATATTTCTGTGAAA	1
15	14	4	ACCAACAATATATTTCTGTGAAAA	1
16	15	4	CCAACAATATATTTCTGTGAAAAT	1
17	16	4	CAACAATATATTTCTGTGAAAATC	1
18	17	4	AACAATATATTTCTGTGAAAATCA	1
19	18	4	ACAATATATTTCTGTGAAAATCAA	1
20	19	4	CAATATATTTCTGTGAAAATCAAT	1
21	20	4	AATATATTTCTGTGAAAATCAATT	1
22	21	4	ATATATTTCTGTGAAAATCAATTG	1
23	22	4	TATATTTCTGTGAAAATCAATTGA	1
24	23	4	ATATTTCTGTGAAAATCAATTGAA	1
25	24	4	TATTTCTGTGAAAATCAATTGAAA	1
26	25	4	ATTTCTGTGAAAATCAATTGAAAA	1
27	26	4	TTTCTGTGAAAATCAATTGAAAAG	1
28	27	4	TTCTGTGAAAATCAATTGAAAAGC	1
29	28	4	TCTGTGAAAATCAATTGAAAAGCT	1
30	29	4	CTGTGAAAATCAATTGAAAAGCTA	1
31	30	4	TGTGAAAATCAATTGAAAAGCTAA	1
32	31	4	GTGAAAATCAATTGAAAAGCTAAT	1
33	32	4	TGAAAATCAATTGAAAAGCTAATT	1
34	33	4	GAAAATCAATTGAAAAGCTAATTT	1
35	34	4	AAAATCAATTGAAAAGCTAATTTA	1
36	35	4	AAATCAATTGAAAAGCTAATTTAG	1
37	36	4	AATCAATTGAAAAGCTAATTTAGT	1
38	37	4	ATCAATTGAAAAGCTAATTTAGTA	1
39	38	4	TCAATTGAAAAGCTAATTTAGTAA	1
40	39	4	CAATTGAAAAGCTAATTTAGTAAT	1
41	40	4	AATTGAAAAGCTAATTTAGTAATT	1
42	41	4	ATTGAAAAGCTAATTTAGTAATTT	1
43	42	4	TTGAAAAGCTAATTTAGTAATTTT	1
44	43	4	TGAAAAGCTAATTTAGTAATTTTT	1
45	44	4	GAAAAGCTAATTTAGTAATTTTTT	1
46	45	3	AAAAGCTAATTTAGTAATTTTTTG	1
47	46	3	AAAGCTAATTTAGTAATTTTTTGG	1
48	47	3	AAGCTAATTTAGTAATTTTTTGGA	1
49	48	3	AGCTAATTTAGTAATTTTTTGGAG	1
50	49	3	GCTAATTTAGTAATTTTTTGGAGA	1
51	50	2	CTAATTTAGTAATTTTTTGGAGAC	1
52	51	2	TAATTTAGTAATTTTTTGGAGACT	1
53	52	2	AATTTAGTAATTTTTTGGAGACTA	1
54	53	2	ATTTAGTAATTTTTTGGAGACTAT	1
55	54	1	TTTAGTAATTTTTTGGAGACTATT	1
56	55	1	TTAGTAATTTTTTGGAGACTATTG	1
57	56	1	TAGTAATTTTTTGGAGACTATTGG	1
58	57	1	AGTAATTTTTTGGAGACTATTGGA	1
59	58	1	GTAATTTTTTGGAGACTATTGGAA	1
60	59	1	TAATTTTTTGGAGACTATTGGAAG	1
61	60	1	AATTTTTTGGAGACTATTGGAAGG	1
62	61	1	ATTTTTTGGAGACTATTGGAAGGG	1
63	62	1	TTTTTTGGAGACTATTGGAAGGGT	1
64	63	1	TTTTTGGAGACTATTGGAAGGGTA	1
65	64	1	TTTTGGAGACTATTGGAAGGGTAC	1
66	65	1	TTTGGAGACTATTGGAAGGGTACC	1
67	66	1	TTGGAGACTATTGGAAGGGTACCC	1
68	67	1	TGGAGACTATTGGAAGGGTACCCA	1
69	68	1	GGAGACTATTGGAAGGGTACCCAG	1
70	69	1	GAGACTATTGGAAGGGTACCCAGT	1
71	70	1	AGACTATTGGAAGGGTACCCAGTA	1
72	71	1	GACTATTGGAAGGGTACCCAGTAT	1
73	72	1	ACTATTGGAAGGGTACCCAGTATT	1
74	73	1	CTATTGGAAGGGTACCCAGTATTG	1
75	74	1	TATTGGAAGGGTACCCAGTATTGG	1
76	75	1	ATTGGAAGGGTACCCAGTATTGGA	1
77	76	1	TTGGAAGGGTACCCAGTATTGGAA	1
78	77	1	TGGAAGGGTACCCAGTATTGGAAA	1
79	78	1	GGAAGGGTACCCAGTATTGGAAAG	1
80	79	1	GAAGGGTACCCAGTATTGGAAAGT	1
81	80	1	AAGGGTACCCAGTATTGGAAAGTT	1
82	81	1	AGGGTACCCAGTATTGGAAAGTTA	1
83	82	1	GGGTACCCAGTATTGGAAAGTTAT	1
84	83	1	GGTACCCAGTATTGGAAAGTTATA	1
85	84	1	GTACCCAGTATTGGAAAGTTATAT	1
86	85	1	TACCCAGTATTGGAAAGTTATATG	1
87	86	1	ACCCAGTATTGGAAAGTTATATGA	1
88	87	1	CCCAGTATTGGAAAGTTATATGAT	1
89	88	1	CCAGTATTGGAAAGTTATATGATT	1
90	-1	0	ATGGCTATACTGCTGGCATATTTT	1
91	90	1	TGGCTATACTGCTGGCATATTTTC	1
92	91	1	GGCTATACTGCTGGCATATTTTCG	1
93	92	1	GCTATACTGCTGGCATATTTTCGG	1
94	93	1	CTATACTGCTGGCATATTTTCGGA	1
95	94	1	TATACTGCTGGCATATTTTCGGAT	1
96	95	1	ATACTGCTGGCATATTTTCGGATG	1
97	96	1	TACTGCTGGCATATTTTCGGATGC	1
98	97	1	ACTGCTGGCATATTTTCGGATGCT	1
99	98	1	CTGCTGGCATATTTTCGGATGCTG	1
100	99	1	TGCTGGCATATTTTCGGATGCTGA	1
101	100	1	GCTGGCATATTTTCGGATGCTGAA	1
102	101	1	CTGGCATATTTTCGGATGCTGAAG	1
103	102	1	TGGCATATTTTCGGATGCTGAAGA	1
104	103	1	GGCATATTTTCGGATGCTGAAGAA	1
105	104	1	GCATATTTTCGGATGCTGAAGAAA	1
106	105	3	CATATTTTCGGATGCTGAAGAAAA	1
107	106	3	ATATTTTCGGATGCTGAAGAAAAT	1
108	107	3	TATTTTCGGATGCTGAAGAAAATT	1
109	108	3	ATTTTCGGATGCTGAAGAAAATTT	1
110	109	3	TTTTCGGATGCTGAAGAAAATTTT	1
111	110	3	TTTCGGATGCTGAAGAAAATTTTG	1
112	111	3	TTCGGATGCTGAAGAAAATTTTGG	1
113	112	3	TCGGATGCTGAAGAAAATTTTGGC	1
114	113	3	CGGATGCTGAAGAAAATTTTGGCA	1
115	114	3	GGATGCTGAAGAAAATTTTGGCAT	1
116	115	3	GATGCTGAAGAAAATTTTGGCATA	1
117	116	3	ATGCTGAAGAAAATTTTGGCATAA	1
118	117	3	TGCTGAAGAAAATTTTGGCATAAC	1
119	118	3	GCTGAAGAAAATTTTGGCATAACT	1
120	119	3	CTGAAGAAAATTTTGGCATAACTC	1
121	120	3	TGAAGAAAATTTTGGCATAACTCA	1
122	121	3	GAAGAAAATTTTGGCATAACTCAG	1
123	122	3	AAGAAAATTTTGGCATAACTCAGC	1
124	123	3	AGAAAATTTTGGCATAACTCAGCA	1
125	124	3	GAAAATTTTGGCATAACTCAGCAA	1
126	125	3	AAAATTTTGGCATAACTCAGCAAG	1
127	126	3	AAATTTTGGCATAACTCAGCAAGT	1
128	127	3	AATTTTGGCATAACTCAGCAAGTA	1
129	128	3	ATTTTGGCATAACTCAGCAAGTAG	1
130	129	3	TTTTGGCATAACTCAGCAAGTAGC	1
131	130	3	TTTGGCATAACTCAGCAAGTAGCG	1
132	131	3	TTGGCATAACTCAGCAAGTAGCGG	1
133	132	3	TGGCATAACTCAGCAAGTAGCGGA	1
134	133	3	GGCATAACTCAGCAAGTAGCGGAC	1
135	134	2	GCATAACTCAGCAAGTAGCGGACT	1
136	135	2	CATAACTCAGCAAGTAGCGGACTC	1
137	136	2	ATAACTCAGCAAGTAGCGGACTCC	1
138	137	2	TAACTCAGCAAGTAGCGGACTCCA	1
139	138	2	AACTCAGCAAGTAGCGGACTCCAC	1
140	139	2	ACTCAGCAAGTAGCGGACTCCACT	1
141	140	2	CTCAGCAAGTAGCGGACTCCACTC	1
142	141	2	TCAGCAAGTAGCGGACTCCACTCA	1
143	142	2	CAGCAAGTAGCGGACTCCACTCAA	1
144	143	2	AGCAAGTAGCGGACTCCACTCAAA	1
145	144	2	GCAAGTAGCGGACTCCACTCAAAA	1
146	145	2	CAAGTAGCGGACTCCACTCAAAAT	1
147	146	2	AAGTAGCGGACTCCACTCAAAATC	1
148	147	2	AGTAGCGGACTCCACTCAAAATCC	1
149	148	2	GTAGCGGACTCCACTCAAAATCCC	1
150	-1	0	TCGAAACCCAAGTCCCGGCATGCA	1
151	150	1	CGAAACCCAAGTCCCGGCATGCAC	1
152	151	1	GAAACCCAAGTCCCGGCATGCACA	1
153	152	1	AAACCCAAGTCCCGGCATGCACAT	1
154	153	1	AACCCAAGTCCCGGCATGCACATT	1
155	154	1	ACCCAAGTCCCGGCATGCACATTT	1
156	155	1	CCCAAGTCCCGGCATGCACATTTC	1
157	156	1	CCAAGTCCCGGCATGCACATTTCC	1
158	157	1	CAAGTCCCGGCATGCACATTTCCA	1
159	158	1	AAGTCCCGGCATGCACATTTCCAC	1
160	159	1	AGTCCCGGCATGCACATTTCCACG	1
161	160	1	GTCCCGGCATGCACATTTCCACGA	1
162	161	1	TCCCGGCATGCACATTTCCACGAG	1
163	162	1	CCCGGCATGCACATTTCCACGAGA	1
164	163	1	CCGGCATGCACATTTCCACGAGAC	1
165	164	1	CGGCATGCACATTTCCACGAGACG	1
166	165	1	GGCATGCACATTTCCACGAGACGG	1
167	166	1	GCATGCACATTTCCACGAGACGGT	1
168	167	2	CATGCACATTTCCACGAGACGGTG	1
169	168	2	ATGCACATTTCCACGAGACGGTGC	1
170	169	2	TGCACATTTCCACGAGACGGTGCA	1
171	170	2	GCACATTTCCACGAGACGGTGCAC	1
172	171	2	CACATTTCCACGAGACGGTGCACG	1
173	172	2	ACATTTCCACGAGACGGTGCACGA	1
174	173	2	CATTTCCACGAGACGGTGCACGAG	1
175	174	2	ATTTCCACGAGACGGTGCACGAGA	1
176	175	2	TTTCCACGAGACGGTGCACGAGAA	1
177	176	2	TTCCACGAGACGGTGCACGAGAAT	1
178	177	2	TCCACGAGACGGTGCACGAGAATC	1
179	178	2	CCACGAGACGGTGCACGAGAATCC	1
180	179	2	CACGAGACGGTGCACGAGAATCCT	1
181	180	2	ACGAGACGGTGCACGAGAATCCTT	1
182	181	2	CGAGACGGTGCACGAGAATCCTTC	1
183	182	2	GAGACGGTGCACGAGAATCCTTCC	1
184	183	2	AGACGGTGCACGAGAATCCTTCCG	1
185	184	2	GACGGTGCACGAGAATCCTTCCGA	1
186	185	2	ACGGTGCACGAGAATCCTTCCGAA	1
187	186	2	CGGTGCACGAGAATCCTTCCGAAT	1
188	187	2	GGTGCACGAGAATCCTTCCGAATA	1
189	188	2	GTGCACGAGAATCCTTCCGAATAT	1
190	189	2	TGCACGAGAATCCTTCCGAATATT	1
191	190	2	GCACGAGAATCCTTCCGAATATTC	1
192	191	2	CACGAGAATCCTTCCGAATATTCG	1
193	192	2	ACGAGAATCCTTCCGAATATTCGC	1
194	193	2	CGAGAATCCTTCCGAATATTCGCG	1
195	194	2	GAGAATCCTTCCGAATATTCGCGC	1
196	195	2	AGAATCCTTCCGAATATTCGCGCT	1
197	196	2	GAATCCTTCCGAATATTCGCGCTC	1
198	197	2	AATCCTTCCGAATATTCGCGCTCC	1
199	198	2	ATCCTTCCGAATATTCGCGCTCCA	1
200	199	2	TCCTTCCGAATATTCGCGCTCCAA	1
201	200	2	CCTTCCGAATATTCGCGCTCCAAA	1
202	201	2	CTTCCGAATATTCGCGCTCCAAAT	1
203	202	2	TTCCGAATATTCGCGCTCCAAATG	1
204	203	2	TCCGAATATTCGCGCTCCAAATGT	1
205	204	2	CCGAATATTCGCGCTCCAAATGTA	1
206	205	2	CGAATATTCGCGCTCCAAATGTAA	1
207	206	2	GAATATTCGCGCTCCAAATGTAAA	1
208	207	2	AATATTCGCGCTCCAAATGTAAAC	1
209	208	2	ATATTCGCGCTCCAAATGTAAACA	1
210	209	2	TATTCGCGCTCCAAATGTAAACAA	1
211	210	2	ATTCGCGCTCCAAATGTAAACAAC	1
212	211	1	TTCGCGCTCCAAATGTAAACAACC	1
213	212	1	TCGCGCTCCAAATGTAAACAACCT	1
214	213	1	CGCGCTCCAAATGTAAACAACCTA	1
215	214	1	GCGCTCCAAATGTAAACAACCTAC	1
216	215	1	CGCTCCAAATGTAAACAACCTACC	1
217	216	1	GCTCCAAATGTAAACAACCTACCA	1
218	217	1	CTCCAAATGTAAACAACCTACCAA	1
219	218	1	TCCAAATGTAAACAACCTACCAAC	1
220	219	1	CCAAATGTAAACAACCTACCAACG	1
221	220	2	CAAATGTAAACAACCTACCAACGA	1
222	221	2	AAATGTAAACAACCTACCAACGAA	1
223	222	2	AATGTAAACAACCTACCAACGAAA	1
224	223	2	ATGTAAACAACCTACCAACGAAAA	1
225	224	2	TGTAAACAACCTACCAACGAAAAA	1
226	225	2	GTAAACAACCTACCAACGAAAAAG	1
227	226	2	TAAACAACCTACCAACGAAAAAGA	1
228	227	2	AAACAACCTACCAACGAAAAAGAA	1
229	228	2	AACAACCTACCAACGAAAAAGAAT	1
230	229	2	ACAACCTACCAACGAAAAAGAATA	1
231	230	2	CAACCTACCAACGAAAAAGAATAT	1
232	231	2	AACCTACCAACGAAAAAGAATATG	1
233	232	2	ACCTACCAACGAAAAAGAATATGA	1
234	233	2	CCTACCAACGAAAAAGAATATGAT	1
235	234	2	CTACCAACGAAAAAGAATATGATA	1
236	235	2	TACCAACGAAAAAGAATATGATAA	1
237	236	2	ACCAACGAAAAAGAATATGATAAA	1
238	237	2	CCAACGAAAAAGAATATGATAAAG	1
239	238	1	CAACGAAAAAGAATATGATAAAGC	1
240	239	1	AACGAAAAAGAATATGATAAAGCC	1
241	240	1	ACGAAAAAGAATATGATAAAGCCA	1
242	241	1	CGAAAAAGAATATGATAAAGCCAT	1
243	242	1	GAAAAAGAATATGATAAAGCCATC	1
244	243	1	AAAAAGAATATGATAAAGCCATCG	1
245	244	1	AAAAGAATATGATAAAGCCATCGA	1
246	245	1	AAAGAATATGATAAAGCCATCGAG	1
247	246	1	AAGAATATGATAAAGCCATCGAGG	1
248	247	1	AGAATATGATAAAGCCATCGAGGC	1
249	248	1	GAATATGATAAAGCCATCGAGGCT	1
250	249	1	AATATGATAAAGCCATCGAGGCTT	1
251	250	1	ATATGATAAAGCCATCGAGGCTTT	1
252	251	1	TATGATAAAGCCATCGAGGCTTTA	1
253	252	1	ATGATAAAGCCATCGAGGCTTTAG	1
254	253	1	TGATAAAGCCATCGAGGCTTTAGT	1
255	254	1	GATAAAGCCATCGAGGCTTTAGTT	1
256	255	1	ATAAAGCCATCGAGGCTTTAGTTG	1
257	256	1	TAAAGCCATCGAGGCTTTAGTTGC	1
258	257	1	AAAGCCATCGAGGCTTTAGTTGCA	1
259	258	1	AAGCCATCGAGGCTTTAGTTGCAA	1
260	259	1	AGCCATCGAGGCTTTAGTTGCAAA	1
261	260	1	GCCATCGAGGCTTTAGTTGCAAAG	1
262	261	1	CCATCGAGGCTTTAGTTGCAAAGG	1
263	262	1	CATCGAGGCTTTAGTTGCAAAGGC	1
264	263	1	ATCGAGGCTTTAGTTGCAAAGGCC	1
