Component 460
1	-1	0	TGAAGCTGAACATTTCCTACCCGG	1
2	1	2	GAAGCTGAACATTTCCTACCCGGC	1
3	2	3	AAGCTGAACATTTCCTACCCGGCT	1
4	3	4	AGCTGAACATTTCCTACCCGGCTA	1
5	4	5	GCTGAACATTTCCTACCCGGCTAA	1
6	5	11	CTGAACATTTCCTACCCGGCTAAT	1
7	6	11	TGAACATTTCCTACCCGGCTAATG	1
8	7	11	GAACATTTCCTACCCGGCTAATGG	1
9	8	11	AACATTTCCTACCCGGCTAATGGT	1
10	9	11	ACATTTCCTACCCGGCTAATGGTA	1
11	10	11	CATTTCCTACCCGGCTAATGGTAC	1
12	11	11	ATTTCCTACCCGGCTAATGGTACT	1
13	12	11	TTTCCTACCCGGCTAATGGTACTC	1
14	13	11	TTCCTACCCGGCTAATGGTACTCA	1
15	14	13	TCCTACCCGGCTAATGGTACTCAA	1
16	15	13	CCTACCCGGCTAATGGTACTCAAA	1
17	16	11	CTACCCGGCTAATGGTACTCAAAA	1
18	17	11	TACCCGGCTAATGGTACTCAAAAG	1
19	18	11	ACCCGGCTAATGGTACTCAAAAGC	1
20	19	11	CCCGGCTAATGGTACTCAAAAGCT	1
21	20	12	CCGGCTAATGGTACTCAAAAGCTG	1
22	21	12	CGGCTAATGGTACTCAAAAGCTGA	1
23	22	12	GGCTAATGGTACTCAAAAGCTGAT	1
24	23	12	GCTAATGGTACTCAAAAGCTGATC	1
25	24	12	CTAATGGTACTCAAAAGCTGATCG	1
26	25	12	TAATGGTACTCAAAAGCTGATCGA	1
27	26	12	AATGGTACTCAAAAGCTGATCGAA	1
28	27	12	ATGGTACTCAAAAGCTGATCGAAA	1
29	28	12	TGGTACTCAAAAGCTGATCGAAAT	1
30	29	13	GGTACTCAAAAGCTGATCGAAATT	1
31	30	13	GTACTCAAAAGCTGATCGAAATTG	1
32	31	13	TACTCAAAAGCTGATCGAAATTGA	1
33	32	13	ACTCAAAAGCTGATCGAAATTGAC	1
34	33	13	CTCAAAAGCTGATCGAAATTGACG	1
35	34	13	TCAAAAGCTGATCGAAATTGACGA	1
36	35	13	CAAAAGCTGATCGAAATTGACGAT	1
37	36	13	AAAAGCTGATCGAAATTGACGATG	1
38	37	13	AAAGCTGATCGAAATTGACGATGA	1
39	38	14	AAGCTGATCGAAATTGACGATGAC	1
40	39	14	AGCTGATCGAAATTGACGATGACC	1
41	40	15	GCTGATCGAAATTGACGATGACCG	1
42	41	16	CTGATCGAAATTGACGATGACCGT	1
43	42	16	TGATCGAAATTGACGATGACCGTC	1
44	43	16	GATCGAAATTGACGATGACCGTCG	1
45	44	16	ATCGAAATTGACGATGACCGTCGT	1
46	45	15	TCGAAATTGACGATGACCGTCGTC	1
47	46	13	CGAAATTGACGATGACCGTCGTCT	1
48	47	12	GAAATTGACGATGACCGTCGTCTT	1
49	48	10	AAATTGACGATGACCGTCGTCTTC	1
50	49	5	AATTGACGATGACCGTCGTCTTCG	1
51	50	5	ATTGACGATGACCGTCGTCTTCGC	1
52	51	5	TTGACGATGACCGTCGTCTTCGCG	1
53	52	5	TGACGATGACCGTCGTCTTCGCGT	1
54	53	4	GACGATGACCGTCGTCTTCGCGTG	1
55	54	4	ACGATGACCGTCGTCTTCGCGTGT	1
56	55	4	CGATGACCGTCGTCTTCGCGTGTT	1
57	56	4	GATGACCGTCGTCTTCGCGTGTTT	1
58	57	4	ATGACCGTCGTCTTCGCGTGTTTA	1
59	58	3	TGACCGTCGTCTTCGCGTGTTTAT	1
60	59	3	GACCGTCGTCTTCGCGTGTTTATG	1
61	60	3	ACCGTCGTCTTCGCGTGTTTATGG	1
62	61	3	CCGTCGTCTTCGCGTGTTTATGGA	1
63	62	3	CGTCGTCTTCGCGTGTTTATGGAG	1
64	63	3	GTCGTCTTCGCGTGTTTATGGAGA	1
65	64	2	TCGTCTTCGCGTGTTTATGGAGAA	1
66	65	2	CGTCTTCGCGTGTTTATGGAGAAG	1
67	66	2	GTCTTCGCGTGTTTATGGAGAAGA	1
68	67	2	TCTTCGCGTGTTTATGGAGAAGAG	1
69	68	2	CTTCGCGTGTTTATGGAGAAGAGA	1
70	69	2	TTCGCGTGTTTATGGAGAAGAGAA	1
71	70	2	TCGCGTGTTTATGGAGAAGAGAAT	1
72	71	2	CGCGTGTTTATGGAGAAGAGAATG	1
73	72	2	GCGTGTTTATGGAGAAGAGAATGG	1
74	73	1	CGTGTTTATGGAGAAGAGAATGGG	1
75	74	1	GTGTTTATGGAGAAGAGAATGGGA	1
76	75	1	TGTTTATGGAGAAGAGAATGGGAC	1
77	76	1	GTTTATGGAGAAGAGAATGGGACA	1
78	77	1	TTTATGGAGAAGAGAATGGGACAG	1
79	78	1	TTATGGAGAAGAGAATGGGACAGG	1
80	79	1	TATGGAGAAGAGAATGGGACAGGA	1
81	80	1	ATGGAGAAGAGAATGGGACAGGAG	1
82	81	1	TGGAGAAGAGAATGGGACAGGAGG	1
83	82	1	GGAGAAGAGAATGGGACAGGAGGT	1
84	83	1	GAGAAGAGAATGGGACAGGAGGTC	1
85	-1	0	CGTGCTTCTAAGATTCGTCGTTTC	1
86	85	1	GTGCTTCTAAGATTCGTCGTTTCT	1
87	86	1	TGCTTCTAAGATTCGTCGTTTCTT	1
88	87	1	GCTTCTAAGATTCGTCGTTTCTTC	1
89	88	2	CTTCTAAGATTCGTCGTTTCTTCA	1
90	89	2	TTCTAAGATTCGTCGTTTCTTCAA	1
91	90	2	TCTAAGATTCGTCGTTTCTTCAAC	1
92	91	2	CTAAGATTCGTCGTTTCTTCAACT	1
93	92	2	TAAGATTCGTCGTTTCTTCAACTT	1
94	93	2	AAGATTCGTCGTTTCTTCAACTTG	1
95	94	2	AGATTCGTCGTTTCTTCAACTTGT	1
96	95	2	GATTCGTCGTTTCTTCAACTTGTC	1
97	96	2	ATTCGTCGTTTCTTCAACTTGTCC	1
98	97	2	TTCGTCGTTTCTTCAACTTGTCCA	1
99	98	2	TCGTCGTTTCTTCAACTTGTCCAA	1
100	99	2	CGTCGTTTCTTCAACTTGTCCAAG	1
101	100	2	GTCGTTTCTTCAACTTGTCCAAGG	1
102	101	3	TCGTTTCTTCAACTTGTCCAAGGA	1
103	102	3	CGTTTCTTCAACTTGTCCAAGGAA	1
104	103	3	GTTTCTTCAACTTGTCCAAGGAAG	1
105	104	3	TTTCTTCAACTTGTCCAAGGAAGA	1
106	105	3	TTCTTCAACTTGTCCAAGGAAGAC	1
107	106	3	TCTTCAACTTGTCCAAGGAAGACG	1
108	107	3	CTTCAACTTGTCCAAGGAAGACGA	1
109	108	3	TTCAACTTGTCCAAGGAAGACGAT	1
110	109	3	TCAACTTGTCCAAGGAAGACGATG	1
111	110	3	CAACTTGTCCAAGGAAGACGATGT	1
112	111	3	AACTTGTCCAAGGAAGACGATGTT	1
113	112	3	ACTTGTCCAAGGAAGACGATGTTC	1
114	113	3	CTTGTCCAAGGAAGACGATGTTCG	1
115	114	4	TTGTCCAAGGAAGACGATGTTCGC	1
116	115	4	TGTCCAAGGAAGACGATGTTCGCC	1
117	116	4	GTCCAAGGAAGACGATGTTCGCCA	1
118	117	4	TCCAAGGAAGACGATGTTCGCCAA	1
119	118	4	CCAAGGAAGACGATGTTCGCCAAT	1
120	119	4	CAAGGAAGACGATGTTCGCCAATT	1
121	120	5	AAGGAAGACGATGTTCGCCAATTC	1
122	121	5	AGGAAGACGATGTTCGCCAATTCG	1
123	122	5	GGAAGACGATGTTCGCCAATTCGT	1
124	123	5	GAAGACGATGTTCGCCAATTCGTT	1
125	124	5	AAGACGATGTTCGCCAATTCGTTA	1
126	125	5	AGACGATGTTCGCCAATTCGTTAT	1
127	126	5	GACGATGTTCGCCAATTCGTTATT	1
128	127	5	ACGATGTTCGCCAATTCGTTATTC	1
129	128	5	CGATGTTCGCCAATTCGTTATTCG	1
130	129	4	GATGTTCGCCAATTCGTTATTCGT	1
131	130	5	ATGTTCGCCAATTCGTTATTCGTC	1
132	131	5	TGTTCGCCAATTCGTTATTCGTCG	1
133	132	4	GTTCGCCAATTCGTTATTCGTCGT	1
134	133	4	TTCGCCAATTCGTTATTCGTCGTG	1
135	134	4	TCGCCAATTCGTTATTCGTCGTGA	1
136	135	4	CGCCAATTCGTTATTCGTCGTGAG	1
137	136	5	GCCAATTCGTTATTCGTCGTGAGG	1
138	137	5	CCAATTCGTTATTCGTCGTGAGGT	1
139	138	5	CAATTCGTTATTCGTCGTGAGGTC	1
140	139	5	AATTCGTTATTCGTCGTGAGGTCG	1
141	140	5	ATTCGTTATTCGTCGTGAGGTCGT	1
142	141	5	TTCGTTATTCGTCGTGAGGTCGTT	1
143	142	5	TCGTTATTCGTCGTGAGGTCGTTC	1
144	143	5	CGTTATTCGTCGTGAGGTCGTTCC	1
145	144	5	GTTATTCGTCGTGAGGTCGTTCCC	1
146	145	4	TTATTCGTCGTGAGGTCGTTCCCA	1
147	146	4	TATTCGTCGTGAGGTCGTTCCCAA	1
148	147	4	ATTCGTCGTGAGGTCGTTCCCAAA	1
149	148	4	TTCGTCGTGAGGTCGTTCCCAAAA	1
150	149	4	TCGTCGTGAGGTCGTTCCCAAAAA	1
151	150	4	CGTCGTGAGGTCGTTCCCAAAAAG	1
152	151	4	GTCGTGAGGTCGTTCCCAAAAAGG	1
153	152	4	TCGTGAGGTCGTTCCCAAAAAGGA	1
154	153	4	CGTGAGGTCGTTCCCAAAAAGGAG	1
155	154	4	GTGAGGTCGTTCCCAAAAAGGAGG	1
156	155	4	TGAGGTCGTTCCCAAAAAGGAGGG	1
157	156	4	GAGGTCGTTCCCAAAAAGGAGGGC	1
158	157	5	AGGTCGTTCCCAAAAAGGAGGGCA	1
159	158	4	GGTCGTTCCCAAAAAGGAGGGCAA	1
160	159	4	GTCGTTCCCAAAAAGGAGGGCAAG	1
161	160	4	TCGTTCCCAAAAAGGAGGGCAAGA	1
162	161	4	CGTTCCCAAAAAGGAGGGCAAGAA	1
163	162	4	GTTCCCAAAAAGGAGGGCAAGAAG	1
164	163	6	TTCCCAAAAAGGAGGGCAAGAAGC	1
165	164	5	TCCCAAAAAGGAGGGCAAGAAGCC	1
166	165	5	CCCAAAAAGGAGGGCAAGAAGCCC	1
167	166	5	CCAAAAAGGAGGGCAAGAAGCCCT	1
168	167	5	CAAAAAGGAGGGCAAGAAGCCCTA	1
169	168	6	AAAAAGGAGGGCAAGAAGCCCTAT	1
170	169	6	AAAAGGAGGGCAAGAAGCCCTATA	1
171	170	6	AAAGGAGGGCAAGAAGCCCTATAC	1
172	171	6	AAGGAGGGCAAGAAGCCCTATACC	1
173	172	6	AGGAGGGCAAGAAGCCCTATACCA	1
174	173	6	GGAGGGCAAGAAGCCCTATACCAA	1
175	174	5	GAGGGCAAGAAGCCCTATACCAAG	1
176	175	6	AGGGCAAGAAGCCCTATACCAAGG	1
177	176	6	GGGCAAGAAGCCCTATACCAAGGC	1
178	177	6	GGCAAGAAGCCCTATACCAAGGCT	1
179	178	6	GCAAGAAGCCCTATACCAAGGCTC	1
180	179	7	CAAGAAGCCCTATACCAAGGCTCC	1
181	180	6	AAGAAGCCCTATACCAAGGCTCCC	1
182	181	7	AGAAGCCCTATACCAAGGCTCCCA	1
183	182	7	GAAGCCCTATACCAAGGCTCCCAA	1
184	183	7	AAGCCCTATACCAAGGCTCCCAAG	1
185	184	7	AGCCCTATACCAAGGCTCCCAAGA	1
186	185	7	GCCCTATACCAAGGCTCCCAAGAT	1
187	186	8	CCCTATACCAAGGCTCCCAAGATT	1
188	187	8	CCTATACCAAGGCTCCCAAGATTC	1
189	188	8	CTATACCAAGGCTCCCAAGATTCA	1
190	189	8	TATACCAAGGCTCCCAAGATTCAA	1
191	190	8	ATACCAAGGCTCCCAAGATTCAAC	1
192	191	8	TACCAAGGCTCCCAAGATTCAACG	1
193	192	8	ACCAAGGCTCCCAAGATTCAACGT	1
194	193	8	CCAAGGCTCCCAAGATTCAACGTC	1
195	194	9	CAAGGCTCCCAAGATTCAACGTCT	1
196	195	9	AAGGCTCCCAAGATTCAACGTCTT	1
197	196	9	AGGCTCCCAAGATTCAACGTCTTG	1
198	197	9	GGCTCCCAAGATTCAACGTCTTGT	1
199	198	12	GCTCCCAAGATTCAACGTCTTGTC	1
200	199	12	CTCCCAAGATTCAACGTCTTGTCA	1
201	200	12	TCCCAAGATTCAACGTCTTGTCAC	1
202	201	11	CCCAAGATTCAACGTCTTGTCACT	1
203	202	11	CCAAGATTCAACGTCTTGTCACTC	1
204	203	11	CAAGATTCAACGTCTTGTCACTCC	1
205	204	11	AAGATTCAACGTCTTGTCACTCCC	1
206	205	12	AGATTCAACGTCTTGTCACTCCCA	1
207	206	12	GATTCAACGTCTTGTCACTCCCAG	1
208	207	10	ATTCAACGTCTTGTCACTCCCAGA	1
209	208	10	TTCAACGTCTTGTCACTCCCAGAA	1
210	209	10	TCAACGTCTTGTCACTCCCAGAAC	1
211	210	10	CAACGTCTTGTCACTCCCAGAACC	1
212	211	11	AACGTCTTGTCACTCCCAGAACCC	1
213	212	10	ACGTCTTGTCACTCCCAGAACCCT	1
214	213	10	CGTCTTGTCACTCCCAGAACCCTT	1
215	214	10	GTCTTGTCACTCCCAGAACCCTTC	1
216	215	10	TCTTGTCACTCCCAGAACCCTTCA	1
217	216	10	CTTGTCACTCCCAGAACCCTTCAA	1
218	217	10	TTGTCACTCCCAGAACCCTTCAAC	1
219	218	10	TGTCACTCCCAGAACCCTTCAACA	1
220	219	9	GTCACTCCCAGAACCCTTCAACAC	1
221	220	9	TCACTCCCAGAACCCTTCAACACA	1
222	221	9	CACTCCCAGAACCCTTCAACACAA	1
223	222	9	ACTCCCAGAACCCTTCAACACAAG	1
224	223	8	CTCCCAGAACCCTTCAACACAAGC	1
225	224	8	TCCCAGAACCCTTCAACACAAGCG	1
226	225	7	CCCAGAACCCTTCAACACAAGCGT	1
227	226	7	CCAGAACCCTTCAACACAAGCGTC	1
228	227	7	CAGAACCCTTCAACACAAGCGTCA	1
229	228	7	AGAACCCTTCAACACAAGCGTCAC	1
230	229	7	GAACCCTTCAACACAAGCGTCACC	1
231	230	6	AACCCTTCAACACAAGCGTCACCG	1
232	231	6	ACCCTTCAACACAAGCGTCACCGC	1
233	232	6	CCCTTCAACACAAGCGTCACCGCT	1
234	233	6	CCTTCAACACAAGCGTCACCGCTT	1
235	234	6	CTTCAACACAAGCGTCACCGCTTT	1
236	235	7	TTCAACACAAGCGTCACCGCTTTG	1
237	236	7	TCAACACAAGCGTCACCGCTTTGC	1
238	237	7	CAACACAAGCGTCACCGCTTTGCC	1
239	238	6	AACACAAGCGTCACCGCTTTGCCC	1
240	239	6	ACACAAGCGTCACCGCTTTGCCCT	1
241	240	6	CACAAGCGTCACCGCTTTGCCCTC	1
242	241	4	ACAAGCGTCACCGCTTTGCCCTCA	1
243	242	3	CAAGCGTCACCGCTTTGCCCTCAA	1
244	243	3	AAGCGTCACCGCTTTGCCCTCAAG	1
245	244	3	AGCGTCACCGCTTTGCCCTCAAGC	1
246	245	4	GCGTCACCGCTTTGCCCTCAAGCG	1
247	246	4	CGTCACCGCTTTGCCCTCAAGCGC	1
248	247	4	GTCACCGCTTTGCCCTCAAGCGCA	1
249	248	4	TCACCGCTTTGCCCTCAAGCGCAG	1
250	249	3	CACCGCTTTGCCCTCAAGCGCAGA	1
251	250	3	ACCGCTTTGCCCTCAAGCGCAGAC	1
252	251	3	CCGCTTTGCCCTCAAGCGCAGACA	1
253	252	3	CGCTTTGCCCTCAAGCGCAGACAA	1
254	253	3	GCTTTGCCCTCAAGCGCAGACAAG	1
255	254	3	CTTTGCCCTCAAGCGCAGACAAGC	1
256	255	2	TTTGCCCTCAAGCGCAGACAAGCT	1
257	256	2	TTGCCCTCAAGCGCAGACAAGCTG	1
258	257	2	TGCCCTCAAGCGCAGACAAGCTGA	1
259	258	2	GCCCTCAAGCGCAGACAAGCTGAG	1
260	259	2	CCCTCAAGCGCAGACAAGCTGAGA	1
261	260	2	CCTCAAGCGCAGACAAGCTGAGAA	1
262	261	2	CTCAAGCGCAGACAAGCTGAGAAG	1
263	262	2	TCAAGCGCAGACAAGCTGAGAAGA	1
264	263	2	CAAGCGCAGACAAGCTGAGAAGAA	1
265	264	2	AAGCGCAGACAAGCTGAGAAGAAC	1
266	265	2	AGCGCAGACAAGCTGAGAAGAACC	1
267	266	2	GCGCAGACAAGCTGAGAAGAACCG	1
268	267	2	CGCAGACAAGCTGAGAAGAACCGT	1
269	268	2	GCAGACAAGCTGAGAAGAACCGTG	1
270	269	2	CAGACAAGCTGAGAAGAACCGTGA	1
271	270	2	AGACAAGCTGAGAAGAACCGTGAG	1
272	271	2	GACAAGCTGAGAAGAACCGTGAGG	1
273	272	2	ACAAGCTGAGAAGAACCGTGAGGA	1
274	273	2	CAAGCTGAGAAGAACCGTGAGGAA	1
275	274	2	AAGCTGAGAAGAACCGTGAGGAAG	1
276	275	2	AGCTGAGAAGAACCGTGAGGAAGC	1
277	276	2	GCTGAGAAGAACCGTGAGGAAGCT	1
278	277	2	CTGAGAAGAACCGTGAGGAAGCTG	1
279	278	2	TGAGAAGAACCGTGAGGAAGCTGC	1
280	279	1	GAGAAGAACCGTGAGGAAGCTGCT	1
281	280	1	AGAAGAACCGTGAGGAAGCTGCTG	1
282	281	1	GAAGAACCGTGAGGAAGCTGCTGA	1
283	282	1	AAGAACCGTGAGGAAGCTGCTGAA	1
284	283	1	AGAACCGTGAGGAAGCTGCTGAAT	1
285	284	1	GAACCGTGAGGAAGCTGCTGAATT	1
286	285	1	AACCGTGAGGAAGCTGCTGAATTT	1
287	286	1	ACCGTGAGGAAGCTGCTGAATTTG	1
288	287	1	CCGTGAGGAAGCTGCTGAATTTGC	1
289	288	1	CGTGAGGAAGCTGCTGAATTTGCT	1
290	289	1	GTGAGGAAGCTGCTGAATTTGCTC	1
291	290	1	TGAGGAAGCTGCTGAATTTGCTCA	1
292	291	1	GAGGAAGCTGCTGAATTTGCTCAA	1
293	292	1	AGGAAGCTGCTGAATTTGCTCAAC	1
294	293	1	GGAAGCTGCTGAATTTGCTCAACT	1
295	294	1	GAAGCTGCTGAATTTGCTCAACTT	1
296	295	1	AAGCTGCTGAATTTGCTCAACTTA	1
297	296	1	AGCTGCTGAATTTGCTCAACTTAT	1
298	297	1	GCTGCTGAATTTGCTCAACTTATG	1
299	298	2	CTGCTGAATTTGCTCAACTTATGG	1
300	299	4	TGCTGAATTTGCTCAACTTATGGC	1
301	300	4	GCTGAATTTGCTCAACTTATGGCT	1
302	301	4	CTGAATTTGCTCAACTTATGGCTA	1
303	302	4	TGAATTTGCTCAACTTATGGCTAA	1
304	303	4	GAATTTGCTCAACTTATGGCTAAG	1
305	304	4	AATTTGCTCAACTTATGGCTAAGC	1
306	305	6	ATTTGCTCAACTTATGGCTAAGCG	1
307	306	6	TTTGCTCAACTTATGGCTAAGCGT	1
308	307	7	TTGCTCAACTTATGGCTAAGCGTG	1
309	308	7	TGCTCAACTTATGGCTAAGCGTGT	1
310	309	8	GCTCAACTTATGGCTAAGCGTGTT	1
311	310	8	CTCAACTTATGGCTAAGCGTGTTG	1
312	311	8	TCAACTTATGGCTAAGCGTGTTGC	1
313	312	8	CAACTTATGGCTAAGCGTGTTGCT	1
314	313	8	AACTTATGGCTAAGCGTGTTGCTG	1
315	314	8	ACTTATGGCTAAGCGTGTTGCTGA	1
316	315	8	CTTATGGCTAAGCGTGTTGCTGAG	1
317	316	7	TTATGGCTAAGCGTGTTGCTGAGG	1
318	317	7	TATGGCTAAGCGTGTTGCTGAGGC	1
319	318	7	ATGGCTAAGCGTGTTGCTGAGGCT	1
320	319	7	TGGCTAAGCGTGTTGCTGAGGCTA	1
321	320	7	GGCTAAGCGTGTTGCTGAGGCTAA	1
322	321	7	GCTAAGCGTGTTGCTGAGGCTAAG	1
323	322	7	CTAAGCGTGTTGCTGAGGCTAAGC	1
324	323	7	TAAGCGTGTTGCTGAGGCTAAGCA	1
325	324	7	AAGCGTGTTGCTGAGGCTAAGCAA	1
326	325	7	AGCGTGTTGCTGAGGCTAAGCAAA	1
327	326	7	GCGTGTTGCTGAGGCTAAGCAAAA	1
328	327	7	CGTGTTGCTGAGGCTAAGCAAAAG	1
329	328	7	GTGTTGCTGAGGCTAAGCAAAAGA	1
330	329	7	TGTTGCTGAGGCTAAGCAAAAGAA	1
331	330	7	GTTGCTGAGGCTAAGCAAAAGAAG	1
332	331	7	TTGCTGAGGCTAAGCAAAAGAAGG	1
333	332	6	TGCTGAGGCTAAGCAAAAGAAGGA	1
334	333	6	GCTGAGGCTAAGCAAAAGAAGGAG	1
335	334	6	CTGAGGCTAAGCAAAAGAAGGAGG	1
336	335	6	TGAGGCTAAGCAAAAGAAGGAGGT	1
337	336	6	GAGGCTAAGCAAAAGAAGGAGGTT	1
338	337	6	AGGCTAAGCAAAAGAAGGAGGTTG	1
339	338	6	GGCTAAGCAAAAGAAGGAGGTTGT	1
340	339	6	GCTAAGCAAAAGAAGGAGGTTGTC	1
341	340	6	CTAAGCAAAAGAAGGAGGTTGTCA	1
342	341	6	TAAGCAAAAGAAGGAGGTTGTCAA	1
343	342	6	AAGCAAAAGAAGGAGGTTGTCAAG	1
344	343	4	AGCAAAAGAAGGAGGTTGTCAAGG	1
345	344	4	GCAAAAGAAGGAGGTTGTCAAGGC	1
346	345	4	CAAAAGAAGGAGGTTGTCAAGGCC	1
347	346	4	AAAAGAAGGAGGTTGTCAAGGCCC	1
348	347	4	AAAGAAGGAGGTTGTCAAGGCCCG	1
349	348	3	AAGAAGGAGGTTGTCAAGGCCCGT	1
350	349	2	AGAAGGAGGTTGTCAAGGCCCGTC	1
351	350	2	GAAGGAGGTTGTCAAGGCCCGTCG	1
352	351	2	AAGGAGGTTGTCAAGGCCCGTCGT	1
353	352	2	AGGAGGTTGTCAAGGCCCGTCGTG	1
354	353	1	GGAGGTTGTCAAGGCCCGTCGTGC	1
355	354	1	GAGGTTGTCAAGGCCCGTCGTGCT	1
356	355	1	AGGTTGTCAAGGCCCGTCGTGCTT	1
357	356	1	GGTTGTCAAGGCCCGTCGTGCTTC	1
358	357	1	GTTGTCAAGGCCCGTCGTGCTTCT	1
359	358	1	TTGTCAAGGCCCGTCGTGCTTCTT	1
360	359	1	TGTCAAGGCCCGTCGTGCTTCTTC	1
361	360	1	GTCAAGGCCCGTCGTGCTTCTTCT	1
362	361	1	TCAAGGCCCGTCGTGCTTCTTCTA	1
363	362	1	CAAGGCCCGTCGTGCTTCTTCTAT	1
364	363	4	AAGGCCCGTCGTGCTTCTTCTATG	1
365	364	4	AGGCCCGTCGTGCTTCTTCTATGA	1
366	365	4	GGCCCGTCGTGCTTCTTCTATGAA	1
367	366	4	GCCCGTCGTGCTTCTTCTATGAAA	1
368	367	4	CCCGTCGTGCTTCTTCTATGAAAA	1
369	368	5	CCGTCGTGCTTCTTCTATGAAAAA	1
370	369	5	CGTCGTGCTTCTTCTATGAAAAAA	1
371	370	5	GTCGTGCTTCTTCTATGAAAAAAT	1
372	371	5	TCGTGCTTCTTCTATGAAAAAATA	1
373	372	5	CGTGCTTCTTCTATGAAAAAATAA	1
374	373	5	GTGCTTCTTCTATGAAAAAATAAG	1
375	374	5	TGCTTCTTCTATGAAAAAATAAGT	1
376	375	5	GCTTCTTCTATGAAAAAATAAGTT	1
377	376	5	CTTCTTCTATGAAAAAATAAGTTG	1
378	377	5	TTCTTCTATGAAAAAATAAGTTGT	1
379	378	5	TCTTCTATGAAAAAATAAGTTGTT	1
380	379	5	CTTCTATGAAAAAATAAGTTGTTT	1
381	380	5	TTCTATGAAAAAATAAGTTGTTTG	1
382	381	5	TCTATGAAAAAATAAGTTGTTTGC	1
383	382	5	CTATGAAAAAATAAGTTGTTTGCC	1
384	383	5	TATGAAAAAATAAGTTGTTTGCCT	1
385	384	5	ATGAAAAAATAAGTTGTTTGCCTG	1
386	385	4	TGAAAAAATAAGTTGTTTGCCTGT	1
387	386	4	GAAAAAATAAGTTGTTTGCCTGTT	1
388	387	4	AAAAAATAAGTTGTTTGCCTGTTT	1
389	388	4	AAAAATAAGTTGTTTGCCTGTTTG	1
390	389	4	AAAATAAGTTGTTTGCCTGTTTGT	1
391	390	4	AAATAAGTTGTTTGCCTGTTTGTA	1
392	391	4	AATAAGTTGTTTGCCTGTTTGTAG	1
393	392	4	ATAAGTTGTTTGCCTGTTTGTAGT	1
394	393	4	TAAGTTGTTTGCCTGTTTGTAGTA	1
395	394	4	AAGTTGTTTGCCTGTTTGTAGTAC	1
396	395	4	AGTTGTTTGCCTGTTTGTAGTACT	1
397	396	4	GTTGTTTGCCTGTTTGTAGTACTT	1
398	397	4	TTGTTTGCCTGTTTGTAGTACTTT	1
399	398	4	TGTTTGCCTGTTTGTAGTACTTTT	1
400	399	4	GTTTGCCTGTTTGTAGTACTTTTT	1
401	400	4	TTTGCCTGTTTGTAGTACTTTTTA	1
402	401	4	TTGCCTGTTTGTAGTACTTTTTAA	1
403	402	4	TGCCTGTTTGTAGTACTTTTTAAA	1
404	403	4	GCCTGTTTGTAGTACTTTTTAAAC	1
405	404	4	CCTGTTTGTAGTACTTTTTAAACG	1
406	405	4	CTGTTTGTAGTACTTTTTAAACGA	1
407	406	4	TGTTTGTAGTACTTTTTAAACGAG	1
408	407	1	GTTTGTAGTACTTTTTAAACGAGT	1
409	408	1	TTTGTAGTACTTTTTAAACGAGTC	1
410	409	1	TTGTAGTACTTTTTAAACGAGTCC	1
411	410	1	TGTAGTACTTTTTAAACGAGTCCC	1
412	411	1	GTAGTACTTTTTAAACGAGTCCCT	1
413	-1	0	AGGAGGTCCCAGGTGACTCTGTAG	1
414	413	1	GGAGGTCCCAGGTGACTCTGTAGG	1
415	414	1	GAGGTCCCAGGTGACTCTGTAGGA	1
416	415	1	AGGTCCCAGGTGACTCTGTAGGAC	1
417	416	1	GGTCCCAGGTGACTCTGTAGGACC	1
418	417	1	GTCCCAGGTGACTCTGTAGGACCT	1
419	418	1	TCCCAGGTGACTCTGTAGGACCTG	1
420	419	1	CCCAGGTGACTCTGTAGGACCTGA	1
421	420	1	CCAGGTGACTCTGTAGGACCTGAG	1
422	421	1	CAGGTGACTCTGTAGGACCTGAGT	1
423	422	1	AGGTGACTCTGTAGGACCTGAGTT	1
424	423	1	GGTGACTCTGTAGGACCTGAGTTT	1
425	424	2	GTGACTCTGTAGGACCTGAGTTTG	1
426	425	2	TGACTCTGTAGGACCTGAGTTTGC	1
427	426	2	GACTCTGTAGGACCTGAGTTTGCT	1
428	427	2	ACTCTGTAGGACCTGAGTTTGCTG	1
429	428	2	CTCTGTAGGACCTGAGTTTGCTGG	1
430	429	2	TCTGTAGGACCTGAGTTTGCTGGT	1
431	430	2	CTGTAGGACCTGAGTTTGCTGGTT	1
432	431	2	TGTAGGACCTGAGTTTGCTGGTTA	1
433	432	2	GTAGGACCTGAGTTTGCTGGTTAT	1
434	433	2	TAGGACCTGAGTTTGCTGGTTATG	1
435	434	2	AGGACCTGAGTTTGCTGGTTATGT	1
436	435	2	GGACCTGAGTTTGCTGGTTATGTC	1
437	436	2	GACCTGAGTTTGCTGGTTATGTCT	1
438	437	2	ACCTGAGTTTGCTGGTTATGTCTT	1
439	438	2	CCTGAGTTTGCTGGTTATGTCTTC	1
440	439	2	CTGAGTTTGCTGGTTATGTCTTCA	1
441	440	2	TGAGTTTGCTGGTTATGTCTTCAA	1
442	441	2	GAGTTTGCTGGTTATGTCTTCAAG	1
443	442	2	AGTTTGCTGGTTATGTCTTCAAGA	1
444	443	2	GTTTGCTGGTTATGTCTTCAAGAT	1
445	444	2	TTTGCTGGTTATGTCTTCAAGATT	1
446	445	2	TTGCTGGTTATGTCTTCAAGATTA	1
447	446	2	TGCTGGTTATGTCTTCAAGATTAC	1
448	447	2	GCTGGTTATGTCTTCAAGATTACC	1
449	448	2	CTGGTTATGTCTTCAAGATTACCG	1
450	449	2	TGGTTATGTCTTCAAGATTACCGG	1
451	450	2	GGTTATGTCTTCAAGATTACCGGT	1
452	451	2	GTTATGTCTTCAAGATTACCGGTG	1
453	452	3	TTATGTCTTCAAGATTACCGGTGG	1
454	453	3	TATGTCTTCAAGATTACCGGTGGT	1
455	454	3	ATGTCTTCAAGATTACCGGTGGTA	1
456	455	3	TGTCTTCAAGATTACCGGTGGTAA	1
457	456	4	GTCTTCAAGATTACCGGTGGTAAC	1
458	457	3	TCTTCAAGATTACCGGTGGTAACG	1
459	458	3	CTTCAAGATTACCGGTGGTAACGA	1
460	459	3	TTCAAGATTACCGGTGGTAACGAT	1
461	460	3	TCAAGATTACCGGTGGTAACGATA	1
462	461	3	CAAGATTACCGGTGGTAACGATAA	1
463	462	3	AAGATTACCGGTGGTAACGATAAG	1
464	463	3	AGATTACCGGTGGTAACGATAAGC	1
465	464	3	GATTACCGGTGGTAACGATAAGCA	1
466	465	3	ATTACCGGTGGTAACGATAAGCAA	1
467	466	3	TTACCGGTGGTAACGATAAGCAAG	1
468	467	4	TACCGGTGGTAACGATAAGCAAGG	1
469	468	3	ACCGGTGGTAACGATAAGCAAGGT	1
470	469	3	CCGGTGGTAACGATAAGCAAGGTT	1
471	470	3	CGGTGGTAACGATAAGCAAGGTTT	1
472	471	3	GGTGGTAACGATAAGCAAGGTTTC	1
473	472	3	GTGGTAACGATAAGCAAGGTTTCC	1
474	473	4	TGGTAACGATAAGCAAGGTTTCCC	1
475	474	4	GGTAACGATAAGCAAGGTTTCCCA	1
476	475	4	GTAACGATAAGCAAGGTTTCCCAA	1
477	476	4	TAACGATAAGCAAGGTTTCCCAAT	1
478	477	4	AACGATAAGCAAGGTTTCCCAATG	1
479	478	4	ACGATAAGCAAGGTTTCCCAATGT	1
480	479	5	CGATAAGCAAGGTTTCCCAATGTT	1
481	480	6	GATAAGCAAGGTTTCCCAATGTTC	1
482	481	6	ATAAGCAAGGTTTCCCAATGTTCC	1
483	482	7	TAAGCAAGGTTTCCCAATGTTCCA	1
484	483	7	AAGCAAGGTTTCCCAATGTTCCAG	1
485	484	8	AGCAAGGTTTCCCAATGTTCCAGG	1
486	485	8	GCAAGGTTTCCCAATGTTCCAGGG	1
487	486	8	CAAGGTTTCCCAATGTTCCAGGGT	1
488	487	8	AAGGTTTCCCAATGTTCCAGGGTG	1
489	488	8	AGGTTTCCCAATGTTCCAGGGTGT	1
490	489	8	GGTTTCCCAATGTTCCAGGGTGTT	1
491	490	8	GTTTCCCAATGTTCCAGGGTGTTT	1
492	491	8	TTTCCCAATGTTCCAGGGTGTTTT	1
493	492	8	TTCCCAATGTTCCAGGGTGTTTTG	1
494	493	8	TCCCAATGTTCCAGGGTGTTTTGC	1
495	494	9	CCCAATGTTCCAGGGTGTTTTGCT	1
496	495	10	CCAATGTTCCAGGGTGTTTTGCTT	1
497	496	9	CAATGTTCCAGGGTGTTTTGCTTC	1
498	497	10	AATGTTCCAGGGTGTTTTGCTTCC	1
499	498	10	ATGTTCCAGGGTGTTTTGCTTCCT	1
500	499	10	TGTTCCAGGGTGTTTTGCTTCCTC	1
501	500	9	GTTCCAGGGTGTTTTGCTTCCTCA	1
502	501	9	TTCCAGGGTGTTTTGCTTCCTCAC	1
503	502	9	TCCAGGGTGTTTTGCTTCCTCACC	1
504	503	9	CCAGGGTGTTTTGCTTCCTCACCG	1
505	504	9	CAGGGTGTTTTGCTTCCTCACCGT	1
506	505	9	AGGGTGTTTTGCTTCCTCACCGTG	1
507	506	9	GGGTGTTTTGCTTCCTCACCGTGT	1
508	507	9	GGTGTTTTGCTTCCTCACCGTGTC	1
509	508	9	GTGTTTTGCTTCCTCACCGTGTCC	1
510	509	9	TGTTTTGCTTCCTCACCGTGTCCG	1
511	510	9	GTTTTGCTTCCTCACCGTGTCCGT	1
512	511	8	TTTTGCTTCCTCACCGTGTCCGTC	1
513	512	8	TTTGCTTCCTCACCGTGTCCGTCT	1
514	513	8	TTGCTTCCTCACCGTGTCCGTCTT	1
515	514	8	TGCTTCCTCACCGTGTCCGTCTTT	1
516	515	8	GCTTCCTCACCGTGTCCGTCTTTT	1
517	516	9	CTTCCTCACCGTGTCCGTCTTTTA	1
518	517	8	TTCCTCACCGTGTCCGTCTTTTAC	1
519	518	8	TCCTCACCGTGTCCGTCTTTTACT	1
520	519	8	CCTCACCGTGTCCGTCTTTTACTC	1
521	520	8	CTCACCGTGTCCGTCTTTTACTCC	1
522	521	8	TCACCGTGTCCGTCTTTTACTCCG	1
523	522	8	CACCGTGTCCGTCTTTTACTCCGT	1
524	523	7	ACCGTGTCCGTCTTTTACTCCGTG	1
525	524	6	CCGTGTCCGTCTTTTACTCCGTGC	1
526	525	7	CGTGTCCGTCTTTTACTCCGTGCC	1
527	526	7	GTGTCCGTCTTTTACTCCGTGCCG	1
528	527	8	TGTCCGTCTTTTACTCCGTGCCGG	1
529	528	7	GTCCGTCTTTTACTCCGTGCCGGT	1
530	529	7	TCCGTCTTTTACTCCGTGCCGGTC	1
531	530	7	CCGTCTTTTACTCCGTGCCGGTCA	1
532	531	7	CGTCTTTTACTCCGTGCCGGTCAC	1
533	532	7	GTCTTTTACTCCGTGCCGGTCACC	1
534	533	8	TCTTTTACTCCGTGCCGGTCACCC	1
535	534	8	CTTTTACTCCGTGCCGGTCACCCT	1
536	535	8	TTTTACTCCGTGCCGGTCACCCTT	1
537	536	8	TTTACTCCGTGCCGGTCACCCTTG	1
538	537	8	TTACTCCGTGCCGGTCACCCTTGC	1
539	538	7	TACTCCGTGCCGGTCACCCTTGCT	1
540	539	6	ACTCCGTGCCGGTCACCCTTGCTA	1
541	540	6	CTCCGTGCCGGTCACCCTTGCTAC	1
542	541	6	TCCGTGCCGGTCACCCTTGCTACC	1
543	542	6	CCGTGCCGGTCACCCTTGCTACCG	1
544	543	6	CGTGCCGGTCACCCTTGCTACCGT	1
545	544	6	GTGCCGGTCACCCTTGCTACCGTC	1
546	545	6	TGCCGGTCACCCTTGCTACCGTCC	1
547	546	6	GCCGGTCACCCTTGCTACCGTCCT	1
548	547	6	CCGGTCACCCTTGCTACCGTCCTC	1
549	548	7	CGGTCACCCTTGCTACCGTCCTCG	1
550	549	7	GGTCACCCTTGCTACCGTCCTCGT	1
551	550	7	GTCACCCTTGCTACCGTCCTCGTC	1
552	551	7	TCACCCTTGCTACCGTCCTCGTCG	1
553	552	7	CACCCTTGCTACCGTCCTCGTCGT	1
554	553	7	ACCCTTGCTACCGTCCTCGTCGTG	1
555	554	7	CCCTTGCTACCGTCCTCGTCGTGA	1
556	555	9	CCTTGCTACCGTCCTCGTCGTGAT	1
557	556	9	CTTGCTACCGTCCTCGTCGTGATG	1
558	557	9	TTGCTACCGTCCTCGTCGTGATGG	1
559	558	9	TGCTACCGTCCTCGTCGTGATGGT	1
560	559	9	GCTACCGTCCTCGTCGTGATGGTG	1
561	560	8	CTACCGTCCTCGTCGTGATGGTGA	1
562	561	8	TACCGTCCTCGTCGTGATGGTGAG	1
563	562	8	ACCGTCCTCGTCGTGATGGTGAGC	1
564	563	8	CCGTCCTCGTCGTGATGGTGAGCG	1
565	564	8	CGTCCTCGTCGTGATGGTGAGCGC	1
566	565	8	GTCCTCGTCGTGATGGTGAGCGCA	1
567	566	8	TCCTCGTCGTGATGGTGAGCGCAA	1
568	567	8	CCTCGTCGTGATGGTGAGCGCAAG	1
569	568	8	CTCGTCGTGATGGTGAGCGCAAGC	1
570	569	7	TCGTCGTGATGGTGAGCGCAAGCG	1
571	570	6	CGTCGTGATGGTGAGCGCAAGCGT	1
572	571	5	GTCGTGATGGTGAGCGCAAGCGTA	1
573	572	5	TCGTGATGGTGAGCGCAAGCGTAA	1
574	573	5	CGTGATGGTGAGCGCAAGCGTAAG	1
575	574	4	GTGATGGTGAGCGCAAGCGTAAGT	1
576	575	4	TGATGGTGAGCGCAAGCGTAAGTC	1
577	576	4	GATGGTGAGCGCAAGCGTAAGTCT	1
578	577	4	ATGGTGAGCGCAAGCGTAAGTCTG	1
579	578	3	TGGTGAGCGCAAGCGTAAGTCTGT	1
580	579	3	GGTGAGCGCAAGCGTAAGTCTGTC	1
581	580	2	GTGAGCGCAAGCGTAAGTCTGTCC	1
582	581	3	TGAGCGCAAGCGTAAGTCTGTCCG	1
583	582	2	GAGCGCAAGCGTAAGTCTGTCCGC	1
584	583	2	AGCGCAAGCGTAAGTCTGTCCGCG	1
585	584	2	GCGCAAGCGTAAGTCTGTCCGCGG	1
586	585	2	CGCAAGCGTAAGTCTGTCCGCGGT	1
587	586	3	GCAAGCGTAAGTCTGTCCGCGGTT	1
588	587	4	CAAGCGTAAGTCTGTCCGCGGTTG	1
589	588	4	AAGCGTAAGTCTGTCCGCGGTTGC	1
590	589	4	AGCGTAAGTCTGTCCGCGGTTGCA	1
591	590	4	GCGTAAGTCTGTCCGCGGTTGCAT	1
592	591	4	CGTAAGTCTGTCCGCGGTTGCATC	1
593	592	4	GTAAGTCTGTCCGCGGTTGCATCG	1
594	593	4	TAAGTCTGTCCGCGGTTGCATCGT	1
595	594	4	AAGTCTGTCCGCGGTTGCATCGTT	1
596	595	4	AGTCTGTCCGCGGTTGCATCGTTG	1
597	596	4	GTCTGTCCGCGGTTGCATCGTTGG	1
598	597	4	TCTGTCCGCGGTTGCATCGTTGGT	1
599	598	4	CTGTCCGCGGTTGCATCGTTGGTC	1
600	599	3	TGTCCGCGGTTGCATCGTTGGTCA	1
601	600	3	GTCCGCGGTTGCATCGTTGGTCAA	1
602	601	3	TCCGCGGTTGCATCGTTGGTCAAG	1
603	602	3	CCGCGGTTGCATCGTTGGTCAAGA	1
604	603	3	CGCGGTTGCATCGTTGGTCAAGAT	1
605	604	3	GCGGTTGCATCGTTGGTCAAGATT	1
606	605	3	CGGTTGCATCGTTGGTCAAGATTT	1
607	606	3	GGTTGCATCGTTGGTCAAGATTTG	1
608	607	3	GTTGCATCGTTGGTCAAGATTTGG	1
609	608	3	TTGCATCGTTGGTCAAGATTTGGC	1
610	609	3	TGCATCGTTGGTCAAGATTTGGCT	1
611	610	3	GCATCGTTGGTCAAGATTTGGCTG	1
612	611	3	CATCGTTGGTCAAGATTTGGCTGT	1
613	612	3	ATCGTTGGTCAAGATTTGGCTGTC	1
614	613	3	TCGTTGGTCAAGATTTGGCTGTCC	1
615	614	3	CGTTGGTCAAGATTTGGCTGTCCT	1
616	615	3	GTTGGTCAAGATTTGGCTGTCCTC	1
617	616	4	TTGGTCAAGATTTGGCTGTCCTCG	1
618	617	4	TGGTCAAGATTTGGCTGTCCTCGC	1
619	618	4	GGTCAAGATTTGGCTGTCCTCGCC	1
620	619	4	GTCAAGATTTGGCTGTCCTCGCCC	1
621	620	4	TCAAGATTTGGCTGTCCTCGCCCT	1
622	621	4	CAAGATTTGGCTGTCCTCGCCCTT	1
623	622	4	AAGATTTGGCTGTCCTCGCCCTTG	1
624	623	4	AGATTTGGCTGTCCTCGCCCTTGC	1
625	624	4	GATTTGGCTGTCCTCGCCCTTGCC	1
626	625	3	ATTTGGCTGTCCTCGCCCTTGCCA	1
627	626	3	TTTGGCTGTCCTCGCCCTTGCCAT	1
628	627	3	TTGGCTGTCCTCGCCCTTGCCATT	1
629	628	4	TGGCTGTCCTCGCCCTTGCCATTG	1
630	629	4	GGCTGTCCTCGCCCTTGCCATTGT	1
631	630	3	GCTGTCCTCGCCCTTGCCATTGTT	1
632	631	2	CTGTCCTCGCCCTTGCCATTGTTA	1
633	632	2	TGTCCTCGCCCTTGCCATTGTTAA	1
634	633	2	GTCCTCGCCCTTGCCATTGTTAAG	1
635	634	2	TCCTCGCCCTTGCCATTGTTAAGC	1
636	635	3	CCTCGCCCTTGCCATTGTTAAGCA	1
637	636	3	CTCGCCCTTGCCATTGTTAAGCAA	1
638	637	3	TCGCCCTTGCCATTGTTAAGCAAG	1
639	638	3	CGCCCTTGCCATTGTTAAGCAAGG	1
640	639	2	GCCCTTGCCATTGTTAAGCAAGGT	1
641	640	2	CCCTTGCCATTGTTAAGCAAGGTG	1
642	641	2	CCTTGCCATTGTTAAGCAAGGTGA	1
643	642	2	CTTGCCATTGTTAAGCAAGGTGAG	1
644	643	2	TTGCCATTGTTAAGCAAGGTGAGC	1
645	644	3	TGCCATTGTTAAGCAAGGTGAGCA	1
646	645	3	GCCATTGTTAAGCAAGGTGAGCAA	1
647	646	4	CCATTGTTAAGCAAGGTGAGCAAG	1
648	647	8	CATTGTTAAGCAAGGTGAGCAAGA	1
649	648	9	ATTGTTAAGCAAGGTGAGCAAGAC	1
650	649	9	TTGTTAAGCAAGGTGAGCAAGACA	1
651	650	10	TGTTAAGCAAGGTGAGCAAGACAT	1
652	651	11	GTTAAGCAAGGTGAGCAAGACATC	1
653	652	12	TTAAGCAAGGTGAGCAAGACATCC	1
654	653	12	TAAGCAAGGTGAGCAAGACATCCC	1
655	654	12	AAGCAAGGTGAGCAAGACATCCCT	1
656	655	12	AGCAAGGTGAGCAAGACATCCCTG	1
657	656	12	GCAAGGTGAGCAAGACATCCCTGG	1
658	657	12	CAAGGTGAGCAAGACATCCCTGGT	1
659	658	12	AAGGTGAGCAAGACATCCCTGGTT	1
660	659	12	AGGTGAGCAAGACATCCCTGGTTT	1
661	660	12	GGTGAGCAAGACATCCCTGGTTTG	1
662	661	12	GTGAGCAAGACATCCCTGGTTTGA	1
663	662	13	TGAGCAAGACATCCCTGGTTTGAC	1
664	663	13	GAGCAAGACATCCCTGGTTTGACC	1
665	664	13	AGCAAGACATCCCTGGTTTGACCG	1
666	665	13	GCAAGACATCCCTGGTTTGACCGA	1
667	666	13	CAAGACATCCCTGGTTTGACCGAT	1
668	667	13	AAGACATCCCTGGTTTGACCGATG	1
669	668	13	AGACATCCCTGGTTTGACCGATGT	1
670	669	13	GACATCCCTGGTTTGACCGATGTT	1
671	670	13	ACATCCCTGGTTTGACCGATGTTA	1
672	671	13	CATCCCTGGTTTGACCGATGTTAC	1
673	672	14	ATCCCTGGTTTGACCGATGTTACT	1
674	673	14	TCCCTGGTTTGACCGATGTTACTG	1
675	674	14	CCCTGGTTTGACCGATGTTACTGT	1
676	675	14	CCTGGTTTGACCGATGTTACTGTT	1
677	676	14	CTGGTTTGACCGATGTTACTGTTC	1
678	677	14	TGGTTTGACCGATGTTACTGTTCC	1
679	678	13	GGTTTGACCGATGTTACTGTTCCC	1
680	679	13	GTTTGACCGATGTTACTGTTCCCA	1
681	680	13	TTTGACCGATGTTACTGTTCCCAA	1
682	681	13	TTGACCGATGTTACTGTTCCCAAG	1
683	682	13	TGACCGATGTTACTGTTCCCAAGC	1
684	683	13	GACCGATGTTACTGTTCCCAAGCG	1
685	684	13	ACCGATGTTACTGTTCCCAAGCGT	1
686	685	13	CCGATGTTACTGTTCCCAAGCGTC	1
687	686	13	CGATGTTACTGTTCCCAAGCGTCT	1
688	687	13	GATGTTACTGTTCCCAAGCGTCTT	1
689	688	12	ATGTTACTGTTCCCAAGCGTCTTG	1
690	689	11	TGTTACTGTTCCCAAGCGTCTTGG	1
691	690	10	GTTACTGTTCCCAAGCGTCTTGGC	1
692	691	7	TTACTGTTCCCAAGCGTCTTGGCC	1
693	692	6	TACTGTTCCCAAGCGTCTTGGCCC	1
694	693	6	ACTGTTCCCAAGCGTCTTGGCCCC	1
695	694	4	CTGTTCCCAAGCGTCTTGGCCCCA	1
696	695	3	TGTTCCCAAGCGTCTTGGCCCCAA	1
697	696	3	GTTCCCAAGCGTCTTGGCCCCAAG	1
698	697	3	TTCCCAAGCGTCTTGGCCCCAAGC	1
699	698	3	TCCCAAGCGTCTTGGCCCCAAGCG	1
700	699	3	CCCAAGCGTCTTGGCCCCAAGCGT	1
701	700	3	CCAAGCGTCTTGGCCCCAAGCGTG	1
702	701	3	CAAGCGTCTTGGCCCCAAGCGTGC	1
703	702	3	AAGCGTCTTGGCCCCAAGCGTGCT	1
704	703	3	AGCGTCTTGGCCCCAAGCGTGCTT	1
705	704	3	GCGTCTTGGCCCCAAGCGTGCTTC	1
706	705	3	CGTCTTGGCCCCAAGCGTGCTTCT	1
707	706	2	GTCTTGGCCCCAAGCGTGCTTCTA	1
708	707	2	TCTTGGCCCCAAGCGTGCTTCTAA	1
709	708	2	CTTGGCCCCAAGCGTGCTTCTAAG	1
710	709	2	TTGGCCCCAAGCGTGCTTCTAAGA	1
711	710	2	TGGCCCCAAGCGTGCTTCTAAGAT	1
712	711	2	GGCCCCAAGCGTGCTTCTAAGATT	1
713	712	2	GCCCCAAGCGTGCTTCTAAGATTC	1
714	713	2	CCCCAAGCGTGCTTCTAAGATTCG	1
715	714	2	CCCAAGCGTGCTTCTAAGATTCGT	1
716	715	2	CCAAGCGTGCTTCTAAGATTCGTC	1
