Component 464
1	-1	0	GACAAGGAGCGGGATGTTTCTCCT	1
2	1	1	ACAAGGAGCGGGATGTTTCTCCTG	1
3	2	1	CAAGGAGCGGGATGTTTCTCCTGT	1
4	3	1	AAGGAGCGGGATGTTTCTCCTGTT	1
5	4	1	AGGAGCGGGATGTTTCTCCTGTTT	1
6	5	1	GGAGCGGGATGTTTCTCCTGTTTC	1
7	6	1	GAGCGGGATGTTTCTCCTGTTTCA	1
8	7	1	AGCGGGATGTTTCTCCTGTTTCAC	1
9	8	1	GCGGGATGTTTCTCCTGTTTCACA	1
10	9	1	CGGGATGTTTCTCCTGTTTCACAC	1
11	10	1	GGGATGTTTCTCCTGTTTCACACA	1
12	11	1	GGATGTTTCTCCTGTTTCACACAG	1
13	12	1	GATGTTTCTCCTGTTTCACACAGC	1
14	13	1	ATGTTTCTCCTGTTTCACACAGCG	1
15	14	1	TGTTTCTCCTGTTTCACACAGCGA	1
16	15	1	GTTTCTCCTGTTTCACACAGCGAA	1
17	16	1	TTTCTCCTGTTTCACACAGCGAAA	1
18	17	1	TTCTCCTGTTTCACACAGCGAAAA	1
19	18	1	TCTCCTGTTTCACACAGCGAAAAG	1
20	19	1	CTCCTGTTTCACACAGCGAAAAGC	1
21	20	1	TCCTGTTTCACACAGCGAAAAGCC	1
22	21	1	CCTGTTTCACACAGCGAAAAGCCT	1
23	22	1	CTGTTTCACACAGCGAAAAGCCTT	1
24	23	1	TGTTTCACACAGCGAAAAGCCTTA	1
25	24	1	GTTTCACACAGCGAAAAGCCTTAC	1
26	25	2	TTTCACACAGCGAAAAGCCTTACT	1
27	26	3	TTCACACAGCGAAAAGCCTTACTG	1
28	27	3	TCACACAGCGAAAAGCCTTACTGG	1
29	28	3	CACACAGCGAAAAGCCTTACTGGG	1
30	29	3	ACACAGCGAAAAGCCTTACTGGGA	1
31	30	3	CACAGCGAAAAGCCTTACTGGGAT	1
32	31	3	ACAGCGAAAAGCCTTACTGGGATC	1
33	32	3	CAGCGAAAAGCCTTACTGGGATCG	1
34	33	3	AGCGAAAAGCCTTACTGGGATCGT	1
35	34	3	GCGAAAAGCCTTACTGGGATCGTT	1
36	35	3	CGAAAAGCCTTACTGGGATCGTTA	1
37	36	3	GAAAAGCCTTACTGGGATCGTTAT	1
38	37	3	AAAAGCCTTACTGGGATCGTTATG	1
39	38	3	AAAGCCTTACTGGGATCGTTATGA	1
40	39	3	AAGCCTTACTGGGATCGTTATGAT	1
41	40	3	AGCCTTACTGGGATCGTTATGATC	1
42	41	3	GCCTTACTGGGATCGTTATGATCT	1
43	42	3	CCTTACTGGGATCGTTATGATCTT	1
44	43	3	CTTACTGGGATCGTTATGATCTTG	1
45	44	3	TTACTGGGATCGTTATGATCTTGA	1
46	45	2	TACTGGGATCGTTATGATCTTGAC	1
47	46	2	ACTGGGATCGTTATGATCTTGACC	1
48	47	2	CTGGGATCGTTATGATCTTGACCA	1
49	48	2	TGGGATCGTTATGATCTTGACCAA	1
50	49	2	GGGATCGTTATGATCTTGACCAAC	1
51	50	2	GGATCGTTATGATCTTGACCAACC	1
52	51	2	GATCGTTATGATCTTGACCAACCT	1
53	52	2	ATCGTTATGATCTTGACCAACCTT	1
54	53	2	TCGTTATGATCTTGACCAACCTTC	1
55	54	2	CGTTATGATCTTGACCAACCTTCC	1
56	55	2	GTTATGATCTTGACCAACCTTCCA	1
57	56	2	TTATGATCTTGACCAACCTTCCAA	1
58	57	2	TATGATCTTGACCAACCTTCCAAT	1
59	58	2	ATGATCTTGACCAACCTTCCAATC	1
60	59	2	TGATCTTGACCAACCTTCCAATCA	1
61	60	2	GATCTTGACCAACCTTCCAATCAA	1
62	61	2	ATCTTGACCAACCTTCCAATCAAG	1
63	62	2	TCTTGACCAACCTTCCAATCAAGA	1
64	63	2	CTTGACCAACCTTCCAATCAAGAT	1
65	64	2	TTGACCAACCTTCCAATCAAGATG	1
66	65	2	TGACCAACCTTCCAATCAAGATGT	1
67	66	2	GACCAACCTTCCAATCAAGATGTA	1
68	67	2	ACCAACCTTCCAATCAAGATGTAG	1
69	68	2	CCAACCTTCCAATCAAGATGTAGA	1
70	69	1	CAACCTTCCAATCAAGATGTAGAA	1
71	-1	0	TCCAGAAATGGCATGAGTGTCGAT	1
72	71	1	CCAGAAATGGCATGAGTGTCGATG	1
73	72	1	CAGAAATGGCATGAGTGTCGATGA	1
74	73	1	AGAAATGGCATGAGTGTCGATGAA	1
75	74	1	GAAATGGCATGAGTGTCGATGAAT	1
76	75	1	AAATGGCATGAGTGTCGATGAATT	1
77	76	1	AATGGCATGAGTGTCGATGAATTT	1
78	77	1	ATGGCATGAGTGTCGATGAATTTC	1
79	78	1	TGGCATGAGTGTCGATGAATTTCT	1
80	79	1	GGCATGAGTGTCGATGAATTTCTA	1
81	80	1	GCATGAGTGTCGATGAATTTCTAC	1
82	81	1	CATGAGTGTCGATGAATTTCTACG	1
83	82	1	ATGAGTGTCGATGAATTTCTACGC	1
84	83	1	TGAGTGTCGATGAATTTCTACGCT	1
85	84	1	GAGTGTCGATGAATTTCTACGCTT	1
86	85	1	AGTGTCGATGAATTTCTACGCTTC	1
87	86	1	GTGTCGATGAATTTCTACGCTTCA	1
88	87	1	TGTCGATGAATTTCTACGCTTCAT	1
89	88	1	GTCGATGAATTTCTACGCTTCATT	1
90	89	1	TCGATGAATTTCTACGCTTCATTC	1
91	90	1	CGATGAATTTCTACGCTTCATTCG	1
92	91	1	GATGAATTTCTACGCTTCATTCGC	1
93	92	2	ATGAATTTCTACGCTTCATTCGCA	1
94	93	2	TGAATTTCTACGCTTCATTCGCAT	1
95	94	2	GAATTTCTACGCTTCATTCGCATG	1
96	95	2	AATTTCTACGCTTCATTCGCATGG	1
97	96	2	ATTTCTACGCTTCATTCGCATGGG	1
98	97	2	TTTCTACGCTTCATTCGCATGGGT	1
99	98	2	TTCTACGCTTCATTCGCATGGGTT	1
100	99	2	TCTACGCTTCATTCGCATGGGTTT	1
101	100	2	CTACGCTTCATTCGCATGGGTTTG	1
102	101	2	TACGCTTCATTCGCATGGGTTTGG	1
103	102	2	ACGCTTCATTCGCATGGGTTTGGA	1
104	103	2	CGCTTCATTCGCATGGGTTTGGAA	1
105	104	2	GCTTCATTCGCATGGGTTTGGAAT	1
106	105	2	CTTCATTCGCATGGGTTTGGAATC	1
107	106	2	TTCATTCGCATGGGTTTGGAATCT	1
108	107	2	TCATTCGCATGGGTTTGGAATCTA	1
109	108	2	CATTCGCATGGGTTTGGAATCTAA	1
110	109	2	ATTCGCATGGGTTTGGAATCTAAT	1
111	110	2	TTCGCATGGGTTTGGAATCTAATT	1
112	111	2	TCGCATGGGTTTGGAATCTAATTT	1
113	112	2	CGCATGGGTTTGGAATCTAATTTC	1
114	113	2	GCATGGGTTTGGAATCTAATTTCC	1
115	114	2	CATGGGTTTGGAATCTAATTTCCA	1
116	115	1	ATGGGTTTGGAATCTAATTTCCAA	1
117	116	1	TGGGTTTGGAATCTAATTTCCAAC	1
118	117	1	GGGTTTGGAATCTAATTTCCAACA	1
119	118	1	GGTTTGGAATCTAATTTCCAACAT	1
120	119	1	GTTTGGAATCTAATTTCCAACATT	1
121	120	1	TTTGGAATCTAATTTCCAACATTC	1
122	121	1	TTGGAATCTAATTTCCAACATTCA	1
123	122	1	TGGAATCTAATTTCCAACATTCAA	1
124	123	1	GGAATCTAATTTCCAACATTCAAA	1
125	124	1	GAATCTAATTTCCAACATTCAAAC	1
126	125	1	AATCTAATTTCCAACATTCAAACC	1
127	126	1	ATCTAATTTCCAACATTCAAACCA	1
128	127	1	TCTAATTTCCAACATTCAAACCAA	1
129	128	1	CTAATTTCCAACATTCAAACCAAG	1
130	129	1	TAATTTCCAACATTCAAACCAAGT	1
131	130	1	AATTTCCAACATTCAAACCAAGTG	1
132	131	1	ATTTCCAACATTCAAACCAAGTGA	1
133	132	1	TTTCCAACATTCAAACCAAGTGAT	1
134	133	1	TTCCAACATTCAAACCAAGTGATT	1
135	134	2	TCCAACATTCAAACCAAGTGATTC	1
136	135	2	CCAACATTCAAACCAAGTGATTCC	1
137	136	1	CAACATTCAAACCAAGTGATTCCA	1
138	137	1	AACATTCAAACCAAGTGATTCCAA	1
139	138	1	ACATTCAAACCAAGTGATTCCAAC	1
140	139	1	CATTCAAACCAAGTGATTCCAACG	1
141	140	1	ATTCAAACCAAGTGATTCCAACGC	1
142	141	1	TTCAAACCAAGTGATTCCAACGCA	1
143	142	1	TCAAACCAAGTGATTCCAACGCAT	1
144	143	1	CAAACCAAGTGATTCCAACGCATT	1
145	144	1	AAACCAAGTGATTCCAACGCATTT	1
146	145	1	AACCAAGTGATTCCAACGCATTTT	1
147	146	1	ACCAAGTGATTCCAACGCATTTTT	1
148	147	1	CCAAGTGATTCCAACGCATTTTTA	1
149	148	1	CAAGTGATTCCAACGCATTTTTAA	1
150	149	1	AAGTGATTCCAACGCATTTTTAAC	1
151	150	1	AGTGATTCCAACGCATTTTTAACG	1
152	151	1	GTGATTCCAACGCATTTTTAACGA	1
153	152	1	TGATTCCAACGCATTTTTAACGAT	1
154	153	1	GATTCCAACGCATTTTTAACGATA	1
155	154	1	ATTCCAACGCATTTTTAACGATAT	1
156	155	1	TTCCAACGCATTTTTAACGATATT	1
157	156	1	TCCAACGCATTTTTAACGATATTA	1
158	157	1	CCAACGCATTTTTAACGATATTAT	1
159	158	1	CAACGCATTTTTAACGATATTATA	1
160	159	1	AACGCATTTTTAACGATATTATAT	1
161	160	1	ACGCATTTTTAACGATATTATATC	1
162	161	1	CGCATTTTTAACGATATTATATCA	1
163	162	1	GCATTTTTAACGATATTATATCAT	1
164	163	2	CATTTTTAACGATATTATATCATT	1
165	164	2	ATTTTTAACGATATTATATCATTC	1
166	165	2	TTTTTAACGATATTATATCATTCA	1
167	166	2	TTTTAACGATATTATATCATTCAT	1
168	167	2	TTTAACGATATTATATCATTCATA	1
169	168	2	TTAACGATATTATATCATTCATAT	1
170	169	2	TAACGATATTATATCATTCATATT	1
171	170	2	AACGATATTATATCATTCATATTC	1
172	171	2	ACGATATTATATCATTCATATTCA	1
173	172	2	CGATATTATATCATTCATATTCAA	1
174	173	2	GATATTATATCATTCATATTCAAT	1
175	174	2	ATATTATATCATTCATATTCAATC	1
176	175	2	TATTATATCATTCATATTCAATCG	1
177	176	2	ATTATATCATTCATATTCAATCGA	1
178	177	2	TTATATCATTCATATTCAATCGAC	1
179	178	1	TATATCATTCATATTCAATCGACA	1
180	179	2	ATATCATTCATATTCAATCGACAC	1
181	180	2	TATCATTCATATTCAATCGACACA	1
182	181	2	ATCATTCATATTCAATCGACACAA	1
183	182	2	TCATTCATATTCAATCGACACAAA	1
184	183	2	CATTCATATTCAATCGACACAAAT	1
185	184	2	ATTCATATTCAATCGACACAAATG	1
186	185	3	TTCATATTCAATCGACACAAATGT	1
187	186	3	TCATATTCAATCGACACAAATGTT	1
188	187	3	CATATTCAATCGACACAAATGTTT	1
189	188	3	ATATTCAATCGACACAAATGTTTA	1
190	189	3	TATTCAATCGACACAAATGTTTAG	1
191	190	3	ATTCAATCGACACAAATGTTTAGC	1
192	191	3	TTCAATCGACACAAATGTTTAGCA	1
193	192	3	TCAATCGACACAAATGTTTAGCAA	1
194	193	3	CAATCGACACAAATGTTTAGCAAC	1
195	194	3	AATCGACACAAATGTTTAGCAACC	1
196	195	3	ATCGACACAAATGTTTAGCAACCG	1
197	196	3	TCGACACAAATGTTTAGCAACCGT	1
198	197	3	CGACACAAATGTTTAGCAACCGTT	1
199	198	3	GACACAAATGTTTAGCAACCGTTT	1
200	199	3	ACACAAATGTTTAGCAACCGTTTA	1
201	200	3	CACAAATGTTTAGCAACCGTTTAG	1
202	201	3	ACAAATGTTTAGCAACCGTTTAGT	1
203	202	3	CAAATGTTTAGCAACCGTTTAGTG	1
204	203	3	AAATGTTTAGCAACCGTTTAGTGT	1
205	204	3	AATGTTTAGCAACCGTTTAGTGTC	1
206	205	3	ATGTTTAGCAACCGTTTAGTGTCT	1
207	206	3	TGTTTAGCAACCGTTTAGTGTCTT	1
208	207	2	GTTTAGCAACCGTTTAGTGTCTTT	1
209	208	2	TTTAGCAACCGTTTAGTGTCTTTT	1
210	209	2	TTAGCAACCGTTTAGTGTCTTTTA	1
211	210	2	TAGCAACCGTTTAGTGTCTTTTAC	1
212	211	2	AGCAACCGTTTAGTGTCTTTTACC	1
213	212	2	GCAACCGTTTAGTGTCTTTTACCC	1
214	213	2	CAACCGTTTAGTGTCTTTTACCCA	1
215	214	2	AACCGTTTAGTGTCTTTTACCCAA	1
216	215	2	ACCGTTTAGTGTCTTTTACCCAAG	1
217	216	2	CCGTTTAGTGTCTTTTACCCAAGA	1
218	217	2	CGTTTAGTGTCTTTTACCCAAGAA	1
219	218	2	GTTTAGTGTCTTTTACCCAAGAAA	1
220	219	2	TTTAGTGTCTTTTACCCAAGAAAT	1
221	220	2	TTAGTGTCTTTTACCCAAGAAATA	1
222	221	2	TAGTGTCTTTTACCCAAGAAATAT	1
223	222	2	AGTGTCTTTTACCCAAGAAATATC	1
224	223	1	GTGTCTTTTACCCAAGAAATATCT	1
225	224	1	TGTCTTTTACCCAAGAAATATCTA	1
226	225	1	GTCTTTTACCCAAGAAATATCTAA	1
227	226	1	TCTTTTACCCAAGAAATATCTAAA	1
228	227	1	CTTTTACCCAAGAAATATCTAAAC	1
229	228	1	TTTTACCCAAGAAATATCTAAACG	1
230	-1	0	TGATCGTCTTGGTTTGGATGAGCT	1
231	230	1	GATCGTCTTGGTTTGGATGAGCTA	1
232	231	1	ATCGTCTTGGTTTGGATGAGCTAG	1
233	232	1	TCGTCTTGGTTTGGATGAGCTAGT	1
234	233	1	CGTCTTGGTTTGGATGAGCTAGTA	1
235	234	2	GTCTTGGTTTGGATGAGCTAGTAA	1
236	235	2	TCTTGGTTTGGATGAGCTAGTAAT	1
237	236	2	CTTGGTTTGGATGAGCTAGTAATG	1
238	237	2	TTGGTTTGGATGAGCTAGTAATGG	1
239	238	2	TGGTTTGGATGAGCTAGTAATGGA	1
240	239	2	GGTTTGGATGAGCTAGTAATGGAA	1
241	240	2	GTTTGGATGAGCTAGTAATGGAAC	1
242	241	2	TTTGGATGAGCTAGTAATGGAACA	1
243	242	2	TTGGATGAGCTAGTAATGGAACAA	1
244	243	2	TGGATGAGCTAGTAATGGAACAAA	1
245	244	2	GGATGAGCTAGTAATGGAACAAAC	1
246	245	2	GATGAGCTAGTAATGGAACAAACT	1
247	246	2	ATGAGCTAGTAATGGAACAAACTG	1
248	247	2	TGAGCTAGTAATGGAACAAACTGC	1
249	248	2	GAGCTAGTAATGGAACAAACTGCT	1
250	249	2	AGCTAGTAATGGAACAAACTGCTA	1
251	250	2	GCTAGTAATGGAACAAACTGCTAG	1
252	251	2	CTAGTAATGGAACAAACTGCTAGT	1
253	252	2	TAGTAATGGAACAAACTGCTAGTC	1
254	253	2	AGTAATGGAACAAACTGCTAGTCT	1
255	254	2	GTAATGGAACAAACTGCTAGTCTT	1
256	255	2	TAATGGAACAAACTGCTAGTCTTT	1
257	256	2	AATGGAACAAACTGCTAGTCTTTG	1
258	257	2	ATGGAACAAACTGCTAGTCTTTGG	1
259	258	2	TGGAACAAACTGCTAGTCTTTGGA	1
260	259	2	GGAACAAACTGCTAGTCTTTGGAA	1
261	260	2	GAACAAACTGCTAGTCTTTGGAAA	1
262	261	2	AACAAACTGCTAGTCTTTGGAAAA	1
263	262	2	ACAAACTGCTAGTCTTTGGAAAAT	1
264	263	2	CAAACTGCTAGTCTTTGGAAAATC	1
265	264	2	AAACTGCTAGTCTTTGGAAAATCT	1
266	265	2	AACTGCTAGTCTTTGGAAAATCTG	1
267	266	2	ACTGCTAGTCTTTGGAAAATCTGC	1
268	267	2	CTGCTAGTCTTTGGAAAATCTGCT	1
269	268	2	TGCTAGTCTTTGGAAAATCTGCTC	1
270	269	2	GCTAGTCTTTGGAAAATCTGCTCC	1
271	270	2	CTAGTCTTTGGAAAATCTGCTCCA	1
272	271	2	TAGTCTTTGGAAAATCTGCTCCAG	1
273	272	2	AGTCTTTGGAAAATCTGCTCCAGA	1
274	273	2	GTCTTTGGAAAATCTGCTCCAGAA	1
275	274	1	TCTTTGGAAAATCTGCTCCAGAAA	1
276	275	1	CTTTGGAAAATCTGCTCCAGAAAT	1
277	276	1	TTTGGAAAATCTGCTCCAGAAATG	1
278	277	1	TTGGAAAATCTGCTCCAGAAATGG	1
