Component 470
1	-1	0	TATACACCAAAAAAAGTGGAAGGA	1
2	1	1	ATACACCAAAAAAAGTGGAAGGAG	1
3	2	1	TACACCAAAAAAAGTGGAAGGAGT	1
4	3	1	ACACCAAAAAAAGTGGAAGGAGTT	1
5	4	1	CACCAAAAAAAGTGGAAGGAGTTT	1
6	5	1	ACCAAAAAAAGTGGAAGGAGTTTC	1
7	6	2	CCAAAAAAAGTGGAAGGAGTTTCG	1
8	7	2	CAAAAAAAGTGGAAGGAGTTTCGT	1
9	8	2	AAAAAAAGTGGAAGGAGTTTCGTT	1
10	9	2	AAAAAAGTGGAAGGAGTTTCGTTT	1
11	10	2	AAAAAGTGGAAGGAGTTTCGTTTG	1
12	11	2	AAAAGTGGAAGGAGTTTCGTTTGC	1
13	12	2	AAAGTGGAAGGAGTTTCGTTTGCC	1
14	13	2	AAGTGGAAGGAGTTTCGTTTGCCG	1
15	14	2	AGTGGAAGGAGTTTCGTTTGCCGG	1
16	15	2	GTGGAAGGAGTTTCGTTTGCCGGG	1
17	16	2	TGGAAGGAGTTTCGTTTGCCGGGC	1
18	17	2	GGAAGGAGTTTCGTTTGCCGGGCG	1
19	18	2	GAAGGAGTTTCGTTTGCCGGGCGC	1
20	19	2	AAGGAGTTTCGTTTGCCGGGCGCG	1
21	20	2	AGGAGTTTCGTTTGCCGGGCGCGA	1
22	21	2	GGAGTTTCGTTTGCCGGGCGCGAG	1
23	22	3	GAGTTTCGTTTGCCGGGCGCGAGA	1
24	23	3	AGTTTCGTTTGCCGGGCGCGAGAC	1
25	24	3	GTTTCGTTTGCCGGGCGCGAGACA	1
26	25	3	TTTCGTTTGCCGGGCGCGAGACAC	1
27	26	3	TTCGTTTGCCGGGCGCGAGACACC	1
28	27	3	TCGTTTGCCGGGCGCGAGACACCT	1
29	28	3	CGTTTGCCGGGCGCGAGACACCTA	1
30	29	4	GTTTGCCGGGCGCGAGACACCTAC	1
31	30	4	TTTGCCGGGCGCGAGACACCTACT	1
32	31	4	TTGCCGGGCGCGAGACACCTACTG	1
33	32	4	TGCCGGGCGCGAGACACCTACTGC	1
34	33	4	GCCGGGCGCGAGACACCTACTGCG	1
35	34	4	CCGGGCGCGAGACACCTACTGCGA	1
36	35	4	CGGGCGCGAGACACCTACTGCGAC	1
37	36	4	GGGCGCGAGACACCTACTGCGACA	1
38	37	4	GGCGCGAGACACCTACTGCGACAG	1
39	38	4	GCGCGAGACACCTACTGCGACAGG	1
40	39	4	CGCGAGACACCTACTGCGACAGGT	1
41	40	5	GCGAGACACCTACTGCGACAGGTT	1
42	41	5	CGAGACACCTACTGCGACAGGTTC	1
43	42	5	GAGACACCTACTGCGACAGGTTCT	1
44	43	5	AGACACCTACTGCGACAGGTTCTT	1
45	44	5	GACACCTACTGCGACAGGTTCTTT	1
46	45	4	ACACCTACTGCGACAGGTTCTTTA	1
47	46	4	CACCTACTGCGACAGGTTCTTTAT	1
48	47	4	ACCTACTGCGACAGGTTCTTTATC	1
49	48	4	CCTACTGCGACAGGTTCTTTATCC	1
50	49	4	CTACTGCGACAGGTTCTTTATCCG	1
51	50	3	TACTGCGACAGGTTCTTTATCCGT	1
52	51	3	ACTGCGACAGGTTCTTTATCCGTT	1
53	52	3	CTGCGACAGGTTCTTTATCCGTTG	1
54	53	3	TGCGACAGGTTCTTTATCCGTTGT	1
55	54	3	GCGACAGGTTCTTTATCCGTTGTG	1
56	55	3	CGACAGGTTCTTTATCCGTTGTGA	1
57	56	3	GACAGGTTCTTTATCCGTTGTGAT	1
58	57	3	ACAGGTTCTTTATCCGTTGTGATT	1
59	58	3	CAGGTTCTTTATCCGTTGTGATTA	1
60	59	3	AGGTTCTTTATCCGTTGTGATTAA	1
61	60	3	GGTTCTTTATCCGTTGTGATTAAC	1
62	61	3	GTTCTTTATCCGTTGTGATTAACG	1
63	62	3	TTCTTTATCCGTTGTGATTAACGC	1
64	63	3	TCTTTATCCGTTGTGATTAACGCC	1
65	64	3	CTTTATCCGTTGTGATTAACGCCG	1
66	65	3	TTTATCCGTTGTGATTAACGCCGG	1
67	66	2	TTATCCGTTGTGATTAACGCCGGA	1
68	67	2	TATCCGTTGTGATTAACGCCGGAA	1
69	68	2	ATCCGTTGTGATTAACGCCGGAAG	1
70	69	2	TCCGTTGTGATTAACGCCGGAAGC	1
71	70	2	CCGTTGTGATTAACGCCGGAAGCC	1
72	71	2	CGTTGTGATTAACGCCGGAAGCCG	1
73	72	2	GTTGTGATTAACGCCGGAAGCCGT	1
74	73	1	TTGTGATTAACGCCGGAAGCCGTT	1
75	74	1	TGTGATTAACGCCGGAAGCCGTTA	1
76	75	1	GTGATTAACGCCGGAAGCCGTTAT	1
77	76	1	TGATTAACGCCGGAAGCCGTTATC	1
78	77	1	GATTAACGCCGGAAGCCGTTATCA	1
79	78	1	ATTAACGCCGGAAGCCGTTATCAA	1
80	79	1	TTAACGCCGGAAGCCGTTATCAAC	1
81	80	1	TAACGCCGGAAGCCGTTATCAACC	1
82	81	1	AACGCCGGAAGCCGTTATCAACCA	1
83	82	1	ACGCCGGAAGCCGTTATCAACCAG	1
84	83	1	CGCCGGAAGCCGTTATCAACCAGA	1
85	-1	0	CCAACTCCCACCTCTGTTGCAAGC	1
86	85	1	CAACTCCCACCTCTGTTGCAAGCA	1
87	86	2	AACTCCCACCTCTGTTGCAAGCAG	1
88	87	2	ACTCCCACCTCTGTTGCAAGCAGC	1
89	88	2	CTCCCACCTCTGTTGCAAGCAGCG	1
90	89	2	TCCCACCTCTGTTGCAAGCAGCGT	1
91	90	2	CCCACCTCTGTTGCAAGCAGCGTA	1
92	91	2	CCACCTCTGTTGCAAGCAGCGTAA	1
93	92	2	CACCTCTGTTGCAAGCAGCGTAAT	1
94	93	2	ACCTCTGTTGCAAGCAGCGTAATT	1
95	94	2	CCTCTGTTGCAAGCAGCGTAATTT	1
96	95	2	CTCTGTTGCAAGCAGCGTAATTTA	1
97	96	3	TCTGTTGCAAGCAGCGTAATTTAG	1
98	97	3	CTGTTGCAAGCAGCGTAATTTAGT	1
99	98	4	TGTTGCAAGCAGCGTAATTTAGTA	1
100	99	4	GTTGCAAGCAGCGTAATTTAGTAA	1
101	100	4	TTGCAAGCAGCGTAATTTAGTAAA	1
102	101	4	TGCAAGCAGCGTAATTTAGTAAAC	1
103	102	4	GCAAGCAGCGTAATTTAGTAAACA	1
104	103	4	CAAGCAGCGTAATTTAGTAAACAC	1
105	104	5	AAGCAGCGTAATTTAGTAAACACC	1
106	105	5	AGCAGCGTAATTTAGTAAACACCG	1
107	106	5	GCAGCGTAATTTAGTAAACACCGA	1
108	107	5	CAGCGTAATTTAGTAAACACCGAT	1
109	108	5	AGCGTAATTTAGTAAACACCGATT	1
110	109	5	GCGTAATTTAGTAAACACCGATTA	1
111	110	6	CGTAATTTAGTAAACACCGATTAA	1
112	111	6	GTAATTTAGTAAACACCGATTAAA	1
113	112	6	TAATTTAGTAAACACCGATTAAAA	1
114	113	6	AATTTAGTAAACACCGATTAAAAA	1
115	114	6	ATTTAGTAAACACCGATTAAAAAC	1
116	115	6	TTTAGTAAACACCGATTAAAAACT	1
117	116	6	TTAGTAAACACCGATTAAAAACTT	1
118	117	6	TAGTAAACACCGATTAAAAACTTT	1
119	118	6	AGTAAACACCGATTAAAAACTTTT	1
120	119	6	GTAAACACCGATTAAAAACTTTTT	1
121	120	6	TAAACACCGATTAAAAACTTTTTC	1
122	121	6	AAACACCGATTAAAAACTTTTTCG	1
123	122	6	AACACCGATTAAAAACTTTTTCGA	1
124	123	6	ACACCGATTAAAAACTTTTTCGAA	1
125	124	6	CACCGATTAAAAACTTTTTCGAAA	1
126	125	6	ACCGATTAAAAACTTTTTCGAAAA	1
127	126	7	CCGATTAAAAACTTTTTCGAAAAG	1
128	127	7	CGATTAAAAACTTTTTCGAAAAGT	1
129	128	7	GATTAAAAACTTTTTCGAAAAGTC	1
130	129	6	ATTAAAAACTTTTTCGAAAAGTCC	1
131	130	5	TTAAAAACTTTTTCGAAAAGTCCT	1
132	131	5	TAAAAACTTTTTCGAAAAGTCCTA	1
133	132	5	AAAAACTTTTTCGAAAAGTCCTAA	1
134	133	5	AAAACTTTTTCGAAAAGTCCTAAA	1
135	134	5	AAACTTTTTCGAAAAGTCCTAAAT	1
136	135	5	AACTTTTTCGAAAAGTCCTAAATA	1
137	136	5	ACTTTTTCGAAAAGTCCTAAATAG	1
138	137	5	CTTTTTCGAAAAGTCCTAAATAGG	1
139	138	5	TTTTTCGAAAAGTCCTAAATAGGT	1
140	139	5	TTTTCGAAAAGTCCTAAATAGGTA	1
141	140	4	TTTCGAAAAGTCCTAAATAGGTAA	1
142	141	4	TTCGAAAAGTCCTAAATAGGTAAT	1
143	142	3	TCGAAAAGTCCTAAATAGGTAATA	1
144	143	3	CGAAAAGTCCTAAATAGGTAATAT	1
145	144	3	GAAAAGTCCTAAATAGGTAATATG	1
146	145	3	AAAAGTCCTAAATAGGTAATATGA	1
147	146	3	AAAGTCCTAAATAGGTAATATGAA	1
148	147	3	AAGTCCTAAATAGGTAATATGAAG	1
149	148	2	AGTCCTAAATAGGTAATATGAAGT	1
150	149	2	GTCCTAAATAGGTAATATGAAGTC	1
151	150	2	TCCTAAATAGGTAATATGAAGTCG	1
152	151	2	CCTAAATAGGTAATATGAAGTCGT	1
153	152	2	CTAAATAGGTAATATGAAGTCGTT	1
154	153	2	TAAATAGGTAATATGAAGTCGTTT	1
155	154	1	AAATAGGTAATATGAAGTCGTTTA	1
156	155	1	AATAGGTAATATGAAGTCGTTTAC	1
157	156	1	ATAGGTAATATGAAGTCGTTTACA	1
158	157	1	TAGGTAATATGAAGTCGTTTACAA	1
159	158	1	AGGTAATATGAAGTCGTTTACAAG	1
160	159	1	GGTAATATGAAGTCGTTTACAAGA	1
161	160	1	GTAATATGAAGTCGTTTACAAGAA	1
162	161	1	TAATATGAAGTCGTTTACAAGAAC	1
163	162	1	AATATGAAGTCGTTTACAAGAACT	1
164	163	1	ATATGAAGTCGTTTACAAGAACTT	1
165	164	1	TATGAAGTCGTTTACAAGAACTTT	1
166	165	1	ATGAAGTCGTTTACAAGAACTTTA	1
167	166	1	TGAAGTCGTTTACAAGAACTTTAA	1
168	167	1	GAAGTCGTTTACAAGAACTTTAAG	1
169	168	1	AAGTCGTTTACAAGAACTTTAAGA	1
170	169	1	AGTCGTTTACAAGAACTTTAAGAA	1
171	-1	0	GGAAGCCGTTATCAACCAGATGCT	1
172	171	1	GAAGCCGTTATCAACCAGATGCTG	1
173	172	1	AAGCCGTTATCAACCAGATGCTGG	1
174	173	1	AGCCGTTATCAACCAGATGCTGGT	1
175	174	1	GCCGTTATCAACCAGATGCTGGTG	1
176	175	1	CCGTTATCAACCAGATGCTGGTGT	1
177	176	1	CGTTATCAACCAGATGCTGGTGTT	1
178	177	1	GTTATCAACCAGATGCTGGTGTTT	1
179	178	1	TTATCAACCAGATGCTGGTGTTTC	1
180	179	2	TATCAACCAGATGCTGGTGTTTCG	1
181	180	2	ATCAACCAGATGCTGGTGTTTCGC	1
182	181	2	TCAACCAGATGCTGGTGTTTCGCA	1
183	182	2	CAACCAGATGCTGGTGTTTCGCAC	1
184	183	2	AACCAGATGCTGGTGTTTCGCACC	1
185	184	3	ACCAGATGCTGGTGTTTCGCACCT	1
186	185	3	CCAGATGCTGGTGTTTCGCACCTT	1
187	186	3	CAGATGCTGGTGTTTCGCACCTTT	1
188	187	3	AGATGCTGGTGTTTCGCACCTTTT	1
189	188	4	GATGCTGGTGTTTCGCACCTTTTG	1
190	189	4	ATGCTGGTGTTTCGCACCTTTTGG	1
191	190	4	TGCTGGTGTTTCGCACCTTTTGGA	1
192	191	4	GCTGGTGTTTCGCACCTTTTGGAG	1
193	192	4	CTGGTGTTTCGCACCTTTTGGAGA	1
194	193	4	TGGTGTTTCGCACCTTTTGGAGAA	1
195	194	4	GGTGTTTCGCACCTTTTGGAGAAG	1
196	195	4	GTGTTTCGCACCTTTTGGAGAAGT	1
197	196	4	TGTTTCGCACCTTTTGGAGAAGTT	1
198	197	4	GTTTCGCACCTTTTGGAGAAGTTT	1
199	198	4	TTTCGCACCTTTTGGAGAAGTTTG	1
200	199	4	TTCGCACCTTTTGGAGAAGTTTGC	1
201	200	4	TCGCACCTTTTGGAGAAGTTTGCA	1
202	201	4	CGCACCTTTTGGAGAAGTTTGCAT	1
203	202	4	GCACCTTTTGGAGAAGTTTGCATT	1
204	203	4	CACCTTTTGGAGAAGTTTGCATTT	1
205	204	4	ACCTTTTGGAGAAGTTTGCATTTA	1
206	205	4	CCTTTTGGAGAAGTTTGCATTTAA	1
207	206	4	CTTTTGGAGAAGTTTGCATTTAAA	1
208	207	4	TTTTGGAGAAGTTTGCATTTAAAA	1
209	208	4	TTTGGAGAAGTTTGCATTTAAAAC	1
210	209	4	TTGGAGAAGTTTGCATTTAAAACT	1
211	210	4	TGGAGAAGTTTGCATTTAAAACTA	1
212	211	4	GGAGAAGTTTGCATTTAAAACTAC	1
213	212	4	GAGAAGTTTGCATTTAAAACTACG	1
214	213	4	AGAAGTTTGCATTTAAAACTACGG	1
215	214	5	GAAGTTTGCATTTAAAACTACGGA	1
216	215	4	AAGTTTGCATTTAAAACTACGGAA	1
217	216	4	AGTTTGCATTTAAAACTACGGAAG	1
218	217	4	GTTTGCATTTAAAACTACGGAAGA	1
219	218	4	TTTGCATTTAAAACTACGGAAGAG	1
220	219	4	TTGCATTTAAAACTACGGAAGAGC	1
221	220	4	TGCATTTAAAACTACGGAAGAGCG	1
222	221	4	GCATTTAAAACTACGGAAGAGCGT	1
223	222	4	CATTTAAAACTACGGAAGAGCGTT	1
224	223	3	ATTTAAAACTACGGAAGAGCGTTC	1
225	224	3	TTTAAAACTACGGAAGAGCGTTCT	1
226	225	3	TTAAAACTACGGAAGAGCGTTCTG	1
227	226	3	TAAAACTACGGAAGAGCGTTCTGC	1
228	227	3	AAAACTACGGAAGAGCGTTCTGCT	1
229	228	2	AAACTACGGAAGAGCGTTCTGCTT	1
230	229	2	AACTACGGAAGAGCGTTCTGCTTT	1
231	230	2	ACTACGGAAGAGCGTTCTGCTTTA	1
232	231	2	CTACGGAAGAGCGTTCTGCTTTAC	1
233	232	1	TACGGAAGAGCGTTCTGCTTTACG	1
234	233	1	ACGGAAGAGCGTTCTGCTTTACGG	1
235	234	1	CGGAAGAGCGTTCTGCTTTACGGA	1
236	235	1	GGAAGAGCGTTCTGCTTTACGGAT	1
237	236	1	GAAGAGCGTTCTGCTTTACGGATT	1
238	237	1	AAGAGCGTTCTGCTTTACGGATTA	1
239	238	1	AGAGCGTTCTGCTTTACGGATTAC	1
240	239	1	GAGCGTTCTGCTTTACGGATTACT	1
241	240	1	AGCGTTCTGCTTTACGGATTACTC	1
242	241	1	GCGTTCTGCTTTACGGATTACTCG	1
243	242	1	CGTTCTGCTTTACGGATTACTCGA	1
244	243	1	GTTCTGCTTTACGGATTACTCGAG	1
245	244	1	TTCTGCTTTACGGATTACTCGAGA	1
246	245	2	TCTGCTTTACGGATTACTCGAGAA	1
247	246	2	CTGCTTTACGGATTACTCGAGAAT	1
248	247	3	TGCTTTACGGATTACTCGAGAATC	1
249	248	3	GCTTTACGGATTACTCGAGAATCT	1
250	249	4	CTTTACGGATTACTCGAGAATCTG	1
251	250	4	TTTACGGATTACTCGAGAATCTGA	1
252	251	4	TTACGGATTACTCGAGAATCTGAA	1
253	252	4	TACGGATTACTCGAGAATCTGAAC	1
254	253	4	ACGGATTACTCGAGAATCTGAACT	1
255	254	4	CGGATTACTCGAGAATCTGAACTT	1
256	255	3	GGATTACTCGAGAATCTGAACTTT	1
257	256	3	GATTACTCGAGAATCTGAACTTTT	1
258	257	3	ATTACTCGAGAATCTGAACTTTTA	1
259	258	2	TTACTCGAGAATCTGAACTTTTAG	1
260	259	2	TACTCGAGAATCTGAACTTTTAGG	1
261	260	2	ACTCGAGAATCTGAACTTTTAGGA	1
262	261	2	CTCGAGAATCTGAACTTTTAGGAG	1
263	262	2	TCGAGAATCTGAACTTTTAGGAGG	1
264	263	2	CGAGAATCTGAACTTTTAGGAGGA	1
265	264	2	GAGAATCTGAACTTTTAGGAGGAC	1
266	265	2	AGAATCTGAACTTTTAGGAGGACA	1
267	266	2	GAATCTGAACTTTTAGGAGGACAG	1
268	267	2	AATCTGAACTTTTAGGAGGACAGT	1
269	268	3	ATCTGAACTTTTAGGAGGACAGTT	1
270	269	3	TCTGAACTTTTAGGAGGACAGTTA	1
271	270	3	CTGAACTTTTAGGAGGACAGTTAT	1
272	271	3	TGAACTTTTAGGAGGACAGTTATC	1
273	272	3	GAACTTTTAGGAGGACAGTTATCA	1
274	273	3	AACTTTTAGGAGGACAGTTATCAA	1
275	274	3	ACTTTTAGGAGGACAGTTATCAAC	1
276	275	3	CTTTTAGGAGGACAGTTATCAACT	1
277	276	3	TTTTAGGAGGACAGTTATCAACTC	1
278	277	3	TTTAGGAGGACAGTTATCAACTCA	1
279	278	3	TTAGGAGGACAGTTATCAACTCAA	1
280	279	3	TAGGAGGACAGTTATCAACTCAAA	1
281	280	3	AGGAGGACAGTTATCAACTCAAAT	1
282	281	3	GGAGGACAGTTATCAACTCAAATC	1
283	282	3	GAGGACAGTTATCAACTCAAATCA	1
284	283	3	AGGACAGTTATCAACTCAAATCAC	1
285	284	3	GGACAGTTATCAACTCAAATCACT	1
286	285	3	GACAGTTATCAACTCAAATCACTC	1
287	286	3	ACAGTTATCAACTCAAATCACTCG	1
288	287	3	CAGTTATCAACTCAAATCACTCGT	1
289	288	3	AGTTATCAACTCAAATCACTCGTG	1
290	289	2	GTTATCAACTCAAATCACTCGTGA	1
291	290	2	TTATCAACTCAAATCACTCGTGAG	1
292	291	1	TATCAACTCAAATCACTCGTGAGC	1
293	292	1	ATCAACTCAAATCACTCGTGAGCA	1
294	293	1	TCAACTCAAATCACTCGTGAGCAC	1
295	294	1	CAACTCAAATCACTCGTGAGCACA	1
296	295	1	AACTCAAATCACTCGTGAGCACAT	1
297	296	1	ACTCAAATCACTCGTGAGCACATC	1
298	297	1	CTCAAATCACTCGTGAGCACATCA	1
299	298	1	TCAAATCACTCGTGAGCACATCAT	1
300	299	1	CAAATCACTCGTGAGCACATCATA	1
301	300	1	AAATCACTCGTGAGCACATCATAT	1
302	301	1	AATCACTCGTGAGCACATCATATT	1
303	302	1	ATCACTCGTGAGCACATCATATTA	1
304	303	1	TCACTCGTGAGCACATCATATTAA	1
305	304	1	CACTCGTGAGCACATCATATTAAC	1
306	305	1	ACTCGTGAGCACATCATATTAACA	1
307	306	1	CTCGTGAGCACATCATATTAACAG	1
308	307	1	TCGTGAGCACATCATATTAACAGC	1
309	308	1	CGTGAGCACATCATATTAACAGCT	1
310	309	1	GTGAGCACATCATATTAACAGCTC	1
311	310	1	TGAGCACATCATATTAACAGCTCG	1
312	311	1	GAGCACATCATATTAACAGCTCGA	1
