Component 471
1	-1	0	TGATTATTTCCCTTACGAAATTTT	1
2	1	1	GATTATTTCCCTTACGAAATTTTC	1
3	2	1	ATTATTTCCCTTACGAAATTTTCT	1
4	3	1	TTATTTCCCTTACGAAATTTTCTA	1
5	4	1	TATTTCCCTTACGAAATTTTCTAT	1
6	5	2	ATTTCCCTTACGAAATTTTCTATA	1
7	6	2	TTTCCCTTACGAAATTTTCTATAA	1
8	7	2	TTCCCTTACGAAATTTTCTATAAA	1
9	8	2	TCCCTTACGAAATTTTCTATAAAC	1
10	9	2	CCCTTACGAAATTTTCTATAAACG	1
11	10	2	CCTTACGAAATTTTCTATAAACGT	1
12	11	2	CTTACGAAATTTTCTATAAACGTT	1
13	12	2	TTACGAAATTTTCTATAAACGTTA	1
14	13	2	TACGAAATTTTCTATAAACGTTAA	1
15	14	2	ACGAAATTTTCTATAAACGTTAAG	1
16	15	2	CGAAATTTTCTATAAACGTTAAGT	1
17	16	2	GAAATTTTCTATAAACGTTAAGTT	1
18	17	2	AAATTTTCTATAAACGTTAAGTTT	1
19	18	2	AATTTTCTATAAACGTTAAGTTTA	1
20	19	2	ATTTTCTATAAACGTTAAGTTTAT	1
21	20	2	TTTTCTATAAACGTTAAGTTTATC	1
22	21	2	TTTCTATAAACGTTAAGTTTATCA	1
23	22	2	TTCTATAAACGTTAAGTTTATCAA	1
24	23	2	TCTATAAACGTTAAGTTTATCAAT	1
25	24	2	CTATAAACGTTAAGTTTATCAATT	1
26	25	2	TATAAACGTTAAGTTTATCAATTT	1
27	26	2	ATAAACGTTAAGTTTATCAATTTG	1
28	27	2	TAAACGTTAAGTTTATCAATTTGA	1
29	28	2	AAACGTTAAGTTTATCAATTTGAC	1
30	29	2	AACGTTAAGTTTATCAATTTGACT	1
31	30	2	ACGTTAAGTTTATCAATTTGACTT	1
32	31	3	CGTTAAGTTTATCAATTTGACTTT	1
33	32	3	GTTAAGTTTATCAATTTGACTTTT	1
34	33	3	TTAAGTTTATCAATTTGACTTTTG	1
35	34	3	TAAGTTTATCAATTTGACTTTTGA	1
36	35	3	AAGTTTATCAATTTGACTTTTGAA	1
37	36	3	AGTTTATCAATTTGACTTTTGAAT	1
38	37	3	GTTTATCAATTTGACTTTTGAATA	1
39	38	3	TTTATCAATTTGACTTTTGAATAG	1
40	39	3	TTATCAATTTGACTTTTGAATAGT	1
41	40	3	TATCAATTTGACTTTTGAATAGTC	1
42	41	3	ATCAATTTGACTTTTGAATAGTCC	1
43	42	3	TCAATTTGACTTTTGAATAGTCCT	1
44	43	3	CAATTTGACTTTTGAATAGTCCTC	1
45	44	4	AATTTGACTTTTGAATAGTCCTCA	1
46	45	3	ATTTGACTTTTGAATAGTCCTCAA	1
47	46	3	TTTGACTTTTGAATAGTCCTCAAA	1
48	47	3	TTGACTTTTGAATAGTCCTCAAAC	1
49	48	3	TGACTTTTGAATAGTCCTCAAACG	1
50	49	2	GACTTTTGAATAGTCCTCAAACGA	1
51	50	2	ACTTTTGAATAGTCCTCAAACGAA	1
52	51	3	CTTTTGAATAGTCCTCAAACGAAT	1
53	52	3	TTTTGAATAGTCCTCAAACGAATT	1
54	53	3	TTTGAATAGTCCTCAAACGAATTA	1
55	54	3	TTGAATAGTCCTCAAACGAATTAG	1
56	55	3	TGAATAGTCCTCAAACGAATTAGT	1
57	56	3	GAATAGTCCTCAAACGAATTAGTT	1
58	57	3	AATAGTCCTCAAACGAATTAGTTA	1
59	58	3	ATAGTCCTCAAACGAATTAGTTAG	1
60	59	3	TAGTCCTCAAACGAATTAGTTAGT	1
61	60	3	AGTCCTCAAACGAATTAGTTAGTT	1
62	61	3	GTCCTCAAACGAATTAGTTAGTTC	1
63	62	3	TCCTCAAACGAATTAGTTAGTTCG	1
64	63	3	CCTCAAACGAATTAGTTAGTTCGT	1
65	64	3	CTCAAACGAATTAGTTAGTTCGTC	1
66	65	3	TCAAACGAATTAGTTAGTTCGTCT	1
67	66	3	CAAACGAATTAGTTAGTTCGTCTC	1
68	67	3	AAACGAATTAGTTAGTTCGTCTCA	1
69	68	3	AACGAATTAGTTAGTTCGTCTCAT	1
70	69	3	ACGAATTAGTTAGTTCGTCTCATT	1
71	70	3	CGAATTAGTTAGTTCGTCTCATTT	1
72	71	3	GAATTAGTTAGTTCGTCTCATTTT	1
73	72	3	AATTAGTTAGTTCGTCTCATTTTG	1
74	73	3	ATTAGTTAGTTCGTCTCATTTTGT	1
75	74	3	TTAGTTAGTTCGTCTCATTTTGTC	1
76	75	2	TAGTTAGTTCGTCTCATTTTGTCC	1
77	76	2	AGTTAGTTCGTCTCATTTTGTCCA	1
78	77	2	GTTAGTTCGTCTCATTTTGTCCAA	1
79	78	2	TTAGTTCGTCTCATTTTGTCCAAA	1
80	79	2	TAGTTCGTCTCATTTTGTCCAAAA	1
81	80	2	AGTTCGTCTCATTTTGTCCAAAAA	1
82	81	2	GTTCGTCTCATTTTGTCCAAAAAT	1
83	82	3	TTCGTCTCATTTTGTCCAAAAATC	1
84	83	3	TCGTCTCATTTTGTCCAAAAATCG	1
85	84	3	CGTCTCATTTTGTCCAAAAATCGC	1
86	85	3	GTCTCATTTTGTCCAAAAATCGCT	1
87	86	3	TCTCATTTTGTCCAAAAATCGCTA	1
88	87	3	CTCATTTTGTCCAAAAATCGCTAC	1
89	88	2	TCATTTTGTCCAAAAATCGCTACA	1
90	89	2	CATTTTGTCCAAAAATCGCTACAG	1
91	90	2	ATTTTGTCCAAAAATCGCTACAGT	1
92	91	2	TTTTGTCCAAAAATCGCTACAGTC	1
93	92	2	TTTGTCCAAAAATCGCTACAGTCT	1
94	93	2	TTGTCCAAAAATCGCTACAGTCTC	1
95	94	2	TGTCCAAAAATCGCTACAGTCTCC	1
96	95	1	GTCCAAAAATCGCTACAGTCTCCA	1
97	96	1	TCCAAAAATCGCTACAGTCTCCAT	1
98	97	1	CCAAAAATCGCTACAGTCTCCATG	1
99	98	1	CAAAAATCGCTACAGTCTCCATGA	1
100	99	1	AAAAATCGCTACAGTCTCCATGAA	1
101	100	1	AAAATCGCTACAGTCTCCATGAAA	1
102	101	1	AAATCGCTACAGTCTCCATGAAAT	1
103	102	1	AATCGCTACAGTCTCCATGAAATC	1
104	103	1	ATCGCTACAGTCTCCATGAAATCT	1
105	104	1	TCGCTACAGTCTCCATGAAATCTA	1
106	105	1	CGCTACAGTCTCCATGAAATCTAC	1
107	106	1	GCTACAGTCTCCATGAAATCTACT	1
108	107	1	CTACAGTCTCCATGAAATCTACTT	1
109	108	1	TACAGTCTCCATGAAATCTACTTT	1
110	109	1	ACAGTCTCCATGAAATCTACTTTT	1
111	110	1	CAGTCTCCATGAAATCTACTTTTG	1
112	111	1	AGTCTCCATGAAATCTACTTTTGA	1
113	112	1	GTCTCCATGAAATCTACTTTTGAG	1
114	113	1	TCTCCATGAAATCTACTTTTGAGG	1
115	114	1	CTCCATGAAATCTACTTTTGAGGC	1
116	115	1	TCCATGAAATCTACTTTTGAGGCT	1
117	116	1	CCATGAAATCTACTTTTGAGGCTG	1
118	117	1	CATGAAATCTACTTTTGAGGCTGC	1
119	118	1	ATGAAATCTACTTTTGAGGCTGCT	1
120	119	1	TGAAATCTACTTTTGAGGCTGCTG	1
121	120	1	GAAATCTACTTTTGAGGCTGCTGG	1
122	121	1	AAATCTACTTTTGAGGCTGCTGGC	1
123	122	1	AATCTACTTTTGAGGCTGCTGGCC	1
124	123	1	ATCTACTTTTGAGGCTGCTGGCCG	1
125	124	1	TCTACTTTTGAGGCTGCTGGCCGC	1
126	125	1	CTACTTTTGAGGCTGCTGGCCGCG	1
127	126	1	TACTTTTGAGGCTGCTGGCCGCGT	1
128	127	1	ACTTTTGAGGCTGCTGGCCGCGTT	1
129	128	1	CTTTTGAGGCTGCTGGCCGCGTTG	1
130	129	1	TTTTGAGGCTGCTGGCCGCGTTGC	1
131	130	2	TTTGAGGCTGCTGGCCGCGTTGCC	1
132	131	2	TTGAGGCTGCTGGCCGCGTTGCCA	1
133	132	2	TGAGGCTGCTGGCCGCGTTGCCAA	1
134	133	3	GAGGCTGCTGGCCGCGTTGCCAAA	1
135	134	3	AGGCTGCTGGCCGCGTTGCCAAAG	1
136	135	3	GGCTGCTGGCCGCGTTGCCAAAGG	1
137	136	3	GCTGCTGGCCGCGTTGCCAAAGGG	1
138	137	3	CTGCTGGCCGCGTTGCCAAAGGGA	1
139	138	3	TGCTGGCCGCGTTGCCAAAGGGAT	1
140	139	3	GCTGGCCGCGTTGCCAAAGGGATG	1
141	140	3	CTGGCCGCGTTGCCAAAGGGATGC	1
142	141	3	TGGCCGCGTTGCCAAAGGGATGCT	1
143	142	3	GGCCGCGTTGCCAAAGGGATGCTC	1
144	143	3	GCCGCGTTGCCAAAGGGATGCTCA	1
145	144	3	CCGCGTTGCCAAAGGGATGCTCAA	1
146	145	3	CGCGTTGCCAAAGGGATGCTCAAG	1
147	146	4	GCGTTGCCAAAGGGATGCTCAAGG	1
148	147	4	CGTTGCCAAAGGGATGCTCAAGGA	1
149	148	4	GTTGCCAAAGGGATGCTCAAGGAT	1
150	149	4	TTGCCAAAGGGATGCTCAAGGATC	1
151	150	4	TGCCAAAGGGATGCTCAAGGATCC	1
152	151	4	GCCAAAGGGATGCTCAAGGATCCC	1
153	152	4	CCAAAGGGATGCTCAAGGATCCCT	1
154	153	4	CAAAGGGATGCTCAAGGATCCCTC	1
155	154	4	AAAGGGATGCTCAAGGATCCCTCC	1
156	155	4	AAGGGATGCTCAAGGATCCCTCCA	1
157	156	4	AGGGATGCTCAAGGATCCCTCCAA	1
158	157	4	GGGATGCTCAAGGATCCCTCCAAA	1
159	158	4	GGATGCTCAAGGATCCCTCCAAAA	1
160	159	4	GATGCTCAAGGATCCCTCCAAAAA	1
161	160	4	ATGCTCAAGGATCCCTCCAAAAAG	1
162	161	4	TGCTCAAGGATCCCTCCAAAAAGT	1
163	162	4	GCTCAAGGATCCCTCCAAAAAGTA	1
164	163	4	CTCAAGGATCCCTCCAAAAAGTAT	1
165	164	4	TCAAGGATCCCTCCAAAAAGTATA	1
166	165	4	CAAGGATCCCTCCAAAAAGTATAA	1
167	166	4	AAGGATCCCTCCAAAAAGTATAAG	1
168	167	4	AGGATCCCTCCAAAAAGTATAAGC	1
169	168	4	GGATCCCTCCAAAAAGTATAAGCC	1
170	169	4	GATCCCTCCAAAAAGTATAAGCCA	1
171	170	3	ATCCCTCCAAAAAGTATAAGCCAT	1
172	171	3	TCCCTCCAAAAAGTATAAGCCATT	1
173	172	3	CCCTCCAAAAAGTATAAGCCATTT	1
174	173	3	CCTCCAAAAAGTATAAGCCATTTA	1
175	174	2	CTCCAAAAAGTATAAGCCATTTAA	1
176	175	2	TCCAAAAAGTATAAGCCATTTAAA	1
177	176	2	CCAAAAAGTATAAGCCATTTAAAG	1
178	177	1	CAAAAAGTATAAGCCATTTAAAGG	1
179	178	1	AAAAAGTATAAGCCATTTAAAGGA	1
180	179	1	AAAAGTATAAGCCATTTAAAGGAA	1
181	180	1	AAAGTATAAGCCATTTAAAGGAAT	1
182	181	1	AAGTATAAGCCATTTAAAGGAATT	1
183	182	1	AGTATAAGCCATTTAAAGGAATTC	1
184	183	1	GTATAAGCCATTTAAAGGAATTCA	1
185	184	1	TATAAGCCATTTAAAGGAATTCAA	1
186	185	1	ATAAGCCATTTAAAGGAATTCAAC	1
187	186	1	TAAGCCATTTAAAGGAATTCAACT	1
188	187	1	AAGCCATTTAAAGGAATTCAACTA	1
189	188	1	AGCCATTTAAAGGAATTCAACTAC	1
190	189	1	GCCATTTAAAGGAATTCAACTACC	1
191	-1	0	TGTTTACGTGCTTTTTGGCGGGTA	1
192	191	1	GTTTACGTGCTTTTTGGCGGGTAA	1
193	192	4	TTTACGTGCTTTTTGGCGGGTAAC	1
194	193	4	TTACGTGCTTTTTGGCGGGTAACG	1
195	194	4	TACGTGCTTTTTGGCGGGTAACGA	1
196	195	4	ACGTGCTTTTTGGCGGGTAACGAT	1
197	196	4	CGTGCTTTTTGGCGGGTAACGATC	1
198	197	4	GTGCTTTTTGGCGGGTAACGATCA	1
199	198	4	TGCTTTTTGGCGGGTAACGATCAA	1
200	199	4	GCTTTTTGGCGGGTAACGATCAAA	1
201	200	4	CTTTTTGGCGGGTAACGATCAAAG	1
202	201	4	TTTTTGGCGGGTAACGATCAAAGA	1
203	202	4	TTTTGGCGGGTAACGATCAAAGAA	1
204	203	4	TTTGGCGGGTAACGATCAAAGAAA	1
205	204	4	TTGGCGGGTAACGATCAAAGAAAT	1
206	205	4	TGGCGGGTAACGATCAAAGAAATC	1
207	206	4	GGCGGGTAACGATCAAAGAAATCA	1
208	207	4	GCGGGTAACGATCAAAGAAATCAA	1
209	208	4	CGGGTAACGATCAAAGAAATCAAA	1
210	209	4	GGGTAACGATCAAAGAAATCAAAT	1
211	210	4	GGTAACGATCAAAGAAATCAAATT	1
212	211	4	GTAACGATCAAAGAAATCAAATTT	1
213	212	4	TAACGATCAAAGAAATCAAATTTT	1
214	213	4	AACGATCAAAGAAATCAAATTTTC	1
215	214	4	ACGATCAAAGAAATCAAATTTTCT	1
216	215	4	CGATCAAAGAAATCAAATTTTCTT	1
217	216	4	GATCAAAGAAATCAAATTTTCTTT	1
218	217	4	ATCAAAGAAATCAAATTTTCTTTG	1
219	218	4	TCAAAGAAATCAAATTTTCTTTGT	1
220	219	4	CAAAGAAATCAAATTTTCTTTGTA	1
221	220	4	AAAGAAATCAAATTTTCTTTGTAT	1
222	221	4	AAGAAATCAAATTTTCTTTGTATT	1
223	222	4	AGAAATCAAATTTTCTTTGTATTT	1
224	223	4	GAAATCAAATTTTCTTTGTATTTT	1
225	224	4	AAATCAAATTTTCTTTGTATTTTG	1
226	225	4	AATCAAATTTTCTTTGTATTTTGT	1
227	226	4	ATCAAATTTTCTTTGTATTTTGTT	1
228	227	4	TCAAATTTTCTTTGTATTTTGTTA	1
229	228	4	CAAATTTTCTTTGTATTTTGTTAA	1
230	229	4	AAATTTTCTTTGTATTTTGTTAAG	1
231	230	4	AATTTTCTTTGTATTTTGTTAAGT	1
232	231	4	ATTTTCTTTGTATTTTGTTAAGTG	1
233	232	4	TTTTCTTTGTATTTTGTTAAGTGA	1
234	233	4	TTTCTTTGTATTTTGTTAAGTGAG	1
235	234	4	TTCTTTGTATTTTGTTAAGTGAGA	1
236	235	3	TCTTTGTATTTTGTTAAGTGAGAT	1
237	-1	0	CTGATTTTGCATTTGTTCGTCATC	1
238	237	1	TGATTTTGCATTTGTTCGTCATCT	1
239	238	2	GATTTTGCATTTGTTCGTCATCTG	1
240	239	2	ATTTTGCATTTGTTCGTCATCTGA	1
241	240	3	TTTTGCATTTGTTCGTCATCTGAT	1
242	241	3	TTTGCATTTGTTCGTCATCTGATT	1
243	242	3	TTGCATTTGTTCGTCATCTGATTG	1
244	243	3	TGCATTTGTTCGTCATCTGATTGA	1
245	244	3	GCATTTGTTCGTCATCTGATTGAA	1
246	245	3	CATTTGTTCGTCATCTGATTGAAA	1
247	246	3	ATTTGTTCGTCATCTGATTGAAAC	1
248	247	3	TTTGTTCGTCATCTGATTGAAACG	1
249	248	3	TTGTTCGTCATCTGATTGAAACGC	1
250	249	3	TGTTCGTCATCTGATTGAAACGCC	1
251	250	3	GTTCGTCATCTGATTGAAACGCCA	1
252	251	3	TTCGTCATCTGATTGAAACGCCAG	1
253	252	3	TCGTCATCTGATTGAAACGCCAGG	1
254	253	3	CGTCATCTGATTGAAACGCCAGGT	1
255	254	3	GTCATCTGATTGAAACGCCAGGTT	1
256	255	3	TCATCTGATTGAAACGCCAGGTTT	1
257	256	3	CATCTGATTGAAACGCCAGGTTTG	1
258	257	3	ATCTGATTGAAACGCCAGGTTTGA	1
259	258	3	TCTGATTGAAACGCCAGGTTTGAT	1
260	259	3	CTGATTGAAACGCCAGGTTTGATT	1
261	260	3	TGATTGAAACGCCAGGTTTGATTC	1
262	261	3	GATTGAAACGCCAGGTTTGATTCC	1
263	262	3	ATTGAAACGCCAGGTTTGATTCCT	1
264	263	3	TTGAAACGCCAGGTTTGATTCCTG	1
265	264	3	TGAAACGCCAGGTTTGATTCCTGA	1
266	265	3	GAAACGCCAGGTTTGATTCCTGAC	1
267	266	3	AAACGCCAGGTTTGATTCCTGACG	1
268	267	3	AACGCCAGGTTTGATTCCTGACGA	1
269	268	3	ACGCCAGGTTTGATTCCTGACGAT	1
270	269	3	CGCCAGGTTTGATTCCTGACGATG	1
271	270	3	GCCAGGTTTGATTCCTGACGATGT	1
272	271	3	CCAGGTTTGATTCCTGACGATGTT	1
273	272	3	CAGGTTTGATTCCTGACGATGTTA	1
274	273	3	AGGTTTGATTCCTGACGATGTTAC	1
275	274	3	GGTTTGATTCCTGACGATGTTACT	1
276	275	3	GTTTGATTCCTGACGATGTTACTA	1
277	276	3	TTTGATTCCTGACGATGTTACTAT	1
278	277	3	TTGATTCCTGACGATGTTACTATT	1
279	278	3	TGATTCCTGACGATGTTACTATTT	1
280	279	3	GATTCCTGACGATGTTACTATTTC	1
281	280	3	ATTCCTGACGATGTTACTATTTCT	1
282	281	2	TTCCTGACGATGTTACTATTTCTG	1
283	282	1	TCCTGACGATGTTACTATTTCTGC	1
284	283	1	CCTGACGATGTTACTATTTCTGCC	1
