Component 473
1	-1	0	CGCGAACTAAACGTGTATGTTCTG	1
2	1	1	GCGAACTAAACGTGTATGTTCTGT	1
3	2	1	CGAACTAAACGTGTATGTTCTGTA	1
4	3	1	GAACTAAACGTGTATGTTCTGTAT	1
5	4	1	AACTAAACGTGTATGTTCTGTATG	1
6	5	1	ACTAAACGTGTATGTTCTGTATGG	1
7	6	1	CTAAACGTGTATGTTCTGTATGGT	1
8	7	1	TAAACGTGTATGTTCTGTATGGTG	1
9	8	1	AAACGTGTATGTTCTGTATGGTGA	1
10	9	1	AACGTGTATGTTCTGTATGGTGAA	1
11	10	1	ACGTGTATGTTCTGTATGGTGAAA	1
12	11	1	CGTGTATGTTCTGTATGGTGAAAA	1
13	12	2	GTGTATGTTCTGTATGGTGAAAAT	1
14	13	3	TGTATGTTCTGTATGGTGAAAATA	1
15	14	3	GTATGTTCTGTATGGTGAAAATAA	1
16	15	3	TATGTTCTGTATGGTGAAAATAAT	1
17	16	3	ATGTTCTGTATGGTGAAAATAATG	1
18	17	3	TGTTCTGTATGGTGAAAATAATGT	1
19	18	3	GTTCTGTATGGTGAAAATAATGTG	1
20	19	4	TTCTGTATGGTGAAAATAATGTGT	1
21	20	4	TCTGTATGGTGAAAATAATGTGTG	1
22	21	4	CTGTATGGTGAAAATAATGTGTGT	1
23	22	4	TGTATGGTGAAAATAATGTGTGTT	1
24	23	4	GTATGGTGAAAATAATGTGTGTTT	1
25	24	4	TATGGTGAAAATAATGTGTGTTTT	1
26	25	5	ATGGTGAAAATAATGTGTGTTTTT	1
27	26	5	TGGTGAAAATAATGTGTGTTTTTC	1
28	27	5	GGTGAAAATAATGTGTGTTTTTCG	1
29	28	5	GTGAAAATAATGTGTGTTTTTCGT	1
30	29	5	TGAAAATAATGTGTGTTTTTCGTG	1
31	30	5	GAAAATAATGTGTGTTTTTCGTGT	1
32	31	6	AAAATAATGTGTGTTTTTCGTGTA	1
33	32	6	AAATAATGTGTGTTTTTCGTGTAG	1
34	33	6	AATAATGTGTGTTTTTCGTGTAGC	1
35	34	6	ATAATGTGTGTTTTTCGTGTAGCT	1
36	35	6	TAATGTGTGTTTTTCGTGTAGCTA	1
37	36	6	AATGTGTGTTTTTCGTGTAGCTAC	1
38	37	6	ATGTGTGTTTTTCGTGTAGCTACT	1
39	38	6	TGTGTGTTTTTCGTGTAGCTACTC	1
40	39	6	GTGTGTTTTTCGTGTAGCTACTCC	1
41	40	6	TGTGTTTTTCGTGTAGCTACTCCT	1
42	41	6	GTGTTTTTCGTGTAGCTACTCCTG	1
43	42	6	TGTTTTTCGTGTAGCTACTCCTGT	1
44	43	6	GTTTTTCGTGTAGCTACTCCTGTA	1
45	44	6	TTTTTCGTGTAGCTACTCCTGTAC	1
46	45	5	TTTTCGTGTAGCTACTCCTGTACG	1
47	46	5	TTTCGTGTAGCTACTCCTGTACGT	1
48	47	5	TTCGTGTAGCTACTCCTGTACGTA	1
49	48	5	TCGTGTAGCTACTCCTGTACGTAC	1
50	49	5	CGTGTAGCTACTCCTGTACGTACG	1
51	50	5	GTGTAGCTACTCCTGTACGTACGA	1
52	51	5	TGTAGCTACTCCTGTACGTACGAG	1
53	52	5	GTAGCTACTCCTGTACGTACGAGT	1
54	53	5	TAGCTACTCCTGTACGTACGAGTT	1
55	54	5	AGCTACTCCTGTACGTACGAGTTA	1
56	55	5	GCTACTCCTGTACGTACGAGTTAT	1
57	56	4	CTACTCCTGTACGTACGAGTTATG	1
58	57	3	TACTCCTGTACGTACGAGTTATGG	1
59	58	3	ACTCCTGTACGTACGAGTTATGGT	1
60	59	3	CTCCTGTACGTACGAGTTATGGTG	1
61	60	3	TCCTGTACGTACGAGTTATGGTGG	1
62	61	3	CCTGTACGTACGAGTTATGGTGGA	1
63	62	3	CTGTACGTACGAGTTATGGTGGAG	1
64	63	2	TGTACGTACGAGTTATGGTGGAGA	1
65	64	1	GTACGTACGAGTTATGGTGGAGAT	1
66	65	1	TACGTACGAGTTATGGTGGAGATT	1
67	66	1	ACGTACGAGTTATGGTGGAGATTG	1
68	67	1	CGTACGAGTTATGGTGGAGATTGG	1
69	68	1	GTACGAGTTATGGTGGAGATTGGA	1
70	69	1	TACGAGTTATGGTGGAGATTGGAC	1
71	70	1	ACGAGTTATGGTGGAGATTGGACT	1
72	71	1	CGAGTTATGGTGGAGATTGGACTT	1
73	72	1	GAGTTATGGTGGAGATTGGACTTT	1
74	73	1	AGTTATGGTGGAGATTGGACTTTA	1
75	74	1	GTTATGGTGGAGATTGGACTTTAC	1
76	-1	0	AGTTATAAACATATATAGTGCTGT	1
77	76	1	GTTATAAACATATATAGTGCTGTA	1
78	77	1	TTATAAACATATATAGTGCTGTAT	1
79	78	1	TATAAACATATATAGTGCTGTATT	1
80	79	1	ATAAACATATATAGTGCTGTATTG	1
81	80	1	TAAACATATATAGTGCTGTATTGC	1
82	81	1	AAACATATATAGTGCTGTATTGCT	1
83	82	1	AACATATATAGTGCTGTATTGCTT	1
84	83	1	ACATATATAGTGCTGTATTGCTTT	1
85	84	1	CATATATAGTGCTGTATTGCTTTT	1
86	85	1	ATATATAGTGCTGTATTGCTTTTT	1
87	86	1	TATATAGTGCTGTATTGCTTTTTG	1
88	87	1	ATATAGTGCTGTATTGCTTTTTGG	1
89	88	1	TATAGTGCTGTATTGCTTTTTGGA	1
90	89	1	ATAGTGCTGTATTGCTTTTTGGAT	1
91	90	1	TAGTGCTGTATTGCTTTTTGGATT	1
92	91	1	AGTGCTGTATTGCTTTTTGGATTG	1
93	92	1	GTGCTGTATTGCTTTTTGGATTGT	1
94	93	1	TGCTGTATTGCTTTTTGGATTGTT	1
95	94	1	GCTGTATTGCTTTTTGGATTGTTC	1
96	95	1	CTGTATTGCTTTTTGGATTGTTCG	1
97	96	1	TGTATTGCTTTTTGGATTGTTCGG	1
98	97	1	GTATTGCTTTTTGGATTGTTCGGC	1
99	98	1	TATTGCTTTTTGGATTGTTCGGCG	1
100	99	1	ATTGCTTTTTGGATTGTTCGGCGA	1
101	100	1	TTGCTTTTTGGATTGTTCGGCGAA	1
102	101	1	TGCTTTTTGGATTGTTCGGCGAAG	1
103	102	1	GCTTTTTGGATTGTTCGGCGAAGG	1
104	103	1	CTTTTTGGATTGTTCGGCGAAGGT	1
105	104	1	TTTTTGGATTGTTCGGCGAAGGTT	1
106	105	1	TTTTGGATTGTTCGGCGAAGGTTT	1
107	106	1	TTTGGATTGTTCGGCGAAGGTTTT	1
108	107	1	TTGGATTGTTCGGCGAAGGTTTTT	1
109	108	2	TGGATTGTTCGGCGAAGGTTTTTT	1
110	109	2	GGATTGTTCGGCGAAGGTTTTTTT	1
111	110	2	GATTGTTCGGCGAAGGTTTTTTTT	1
112	111	2	ATTGTTCGGCGAAGGTTTTTTTTG	1
113	112	2	TTGTTCGGCGAAGGTTTTTTTTGC	1
114	113	2	TGTTCGGCGAAGGTTTTTTTTGCA	1
115	114	2	GTTCGGCGAAGGTTTTTTTTGCAT	1
116	115	2	TTCGGCGAAGGTTTTTTTTGCATT	1
117	116	2	TCGGCGAAGGTTTTTTTTGCATTG	1
118	117	2	CGGCGAAGGTTTTTTTTGCATTGA	1
119	118	2	GGCGAAGGTTTTTTTTGCATTGAT	1
120	119	2	GCGAAGGTTTTTTTTGCATTGATC	1
121	120	1	CGAAGGTTTTTTTTGCATTGATCA	1
122	121	1	GAAGGTTTTTTTTGCATTGATCAA	1
123	122	1	AAGGTTTTTTTTGCATTGATCAAC	1
124	123	1	AGGTTTTTTTTGCATTGATCAACA	1
125	124	1	GGTTTTTTTTGCATTGATCAACAG	1
126	125	1	GTTTTTTTTGCATTGATCAACAGG	1
127	126	1	TTTTTTTTGCATTGATCAACAGGT	1
128	127	1	TTTTTTTGCATTGATCAACAGGTG	1
129	128	1	TTTTTTGCATTGATCAACAGGTGA	1
130	129	1	TTTTTGCATTGATCAACAGGTGAT	1
131	130	1	TTTTGCATTGATCAACAGGTGATG	1
132	131	1	TTTGCATTGATCAACAGGTGATGA	1
133	132	1	TTGCATTGATCAACAGGTGATGAA	1
134	133	2	TGCATTGATCAACAGGTGATGAAA	1
135	134	3	GCATTGATCAACAGGTGATGAAAT	1
136	135	3	CATTGATCAACAGGTGATGAAATT	1
137	136	3	ATTGATCAACAGGTGATGAAATTT	1
138	137	3	TTGATCAACAGGTGATGAAATTTC	1
139	138	3	TGATCAACAGGTGATGAAATTTCC	1
140	139	3	GATCAACAGGTGATGAAATTTCCA	1
141	140	3	ATCAACAGGTGATGAAATTTCCAT	1
142	141	3	TCAACAGGTGATGAAATTTCCATT	1
143	142	3	CAACAGGTGATGAAATTTCCATTG	1
144	143	3	AACAGGTGATGAAATTTCCATTGA	1
145	144	3	ACAGGTGATGAAATTTCCATTGAA	1
146	145	3	CAGGTGATGAAATTTCCATTGAAC	1
147	146	3	AGGTGATGAAATTTCCATTGAACA	1
148	147	3	GGTGATGAAATTTCCATTGAACAT	1
149	148	3	GTGATGAAATTTCCATTGAACATT	1
150	149	3	TGATGAAATTTCCATTGAACATTC	1
151	150	3	GATGAAATTTCCATTGAACATTCG	1
152	151	3	ATGAAATTTCCATTGAACATTCGC	1
153	152	2	TGAAATTTCCATTGAACATTCGCA	1
154	153	2	GAAATTTCCATTGAACATTCGCAG	1
155	154	2	AAATTTCCATTGAACATTCGCAGT	1
156	155	2	AATTTCCATTGAACATTCGCAGTT	1
157	156	2	ATTTCCATTGAACATTCGCAGTTT	1
158	157	2	TTTCCATTGAACATTCGCAGTTTC	1
159	158	2	TTCCATTGAACATTCGCAGTTTCC	1
160	159	2	TCCATTGAACATTCGCAGTTTCCC	1
161	160	2	CCATTGAACATTCGCAGTTTCCCC	1
162	161	2	CATTGAACATTCGCAGTTTCCCCG	1
163	162	2	ATTGAACATTCGCAGTTTCCCCGG	1
164	163	2	TTGAACATTCGCAGTTTCCCCGGA	1
165	164	2	TGAACATTCGCAGTTTCCCCGGAG	1
166	165	2	GAACATTCGCAGTTTCCCCGGAGC	1
167	166	2	AACATTCGCAGTTTCCCCGGAGCG	1
168	167	3	ACATTCGCAGTTTCCCCGGAGCGG	1
169	168	3	CATTCGCAGTTTCCCCGGAGCGGC	1
170	169	3	ATTCGCAGTTTCCCCGGAGCGGCA	1
171	170	3	TTCGCAGTTTCCCCGGAGCGGCAT	1
172	171	3	TCGCAGTTTCCCCGGAGCGGCATA	1
173	172	3	CGCAGTTTCCCCGGAGCGGCATAC	1
174	173	3	GCAGTTTCCCCGGAGCGGCATACG	1
175	174	3	CAGTTTCCCCGGAGCGGCATACGA	1
176	175	3	AGTTTCCCCGGAGCGGCATACGAA	1
177	176	3	GTTTCCCCGGAGCGGCATACGAAC	1
178	177	2	TTTCCCCGGAGCGGCATACGAACC	1
179	178	1	TTCCCCGGAGCGGCATACGAACCG	1
180	179	1	TCCCCGGAGCGGCATACGAACCGA	1
181	180	1	CCCCGGAGCGGCATACGAACCGAA	1
182	181	1	CCCGGAGCGGCATACGAACCGAAT	1
183	182	1	CCGGAGCGGCATACGAACCGAATT	1
184	183	1	CGGAGCGGCATACGAACCGAATTT	1
185	184	1	GGAGCGGCATACGAACCGAATTTT	1
186	185	1	GAGCGGCATACGAACCGAATTTTG	1
187	186	1	AGCGGCATACGAACCGAATTTTGC	1
188	187	1	GCGGCATACGAACCGAATTTTGCC	1
189	188	1	CGGCATACGAACCGAATTTTGCCG	1
190	189	1	GGCATACGAACCGAATTTTGCCGC	1
191	190	1	GCATACGAACCGAATTTTGCCGCA	1
192	191	1	CATACGAACCGAATTTTGCCGCAG	1
193	192	1	ATACGAACCGAATTTTGCCGCAGA	1
194	193	1	TACGAACCGAATTTTGCCGCAGAT	1
195	194	1	ACGAACCGAATTTTGCCGCAGATG	1
196	195	1	CGAACCGAATTTTGCCGCAGATGT	1
197	196	1	GAACCGAATTTTGCCGCAGATGTC	1
198	197	1	AACCGAATTTTGCCGCAGATGTCG	1
199	198	1	ACCGAATTTTGCCGCAGATGTCGT	1
200	199	1	CCGAATTTTGCCGCAGATGTCGTG	1
201	200	1	CGAATTTTGCCGCAGATGTCGTGC	1
202	201	1	GAATTTTGCCGCAGATGTCGTGCA	1
203	202	1	AATTTTGCCGCAGATGTCGTGCAT	1
204	203	1	ATTTTGCCGCAGATGTCGTGCATA	1
205	204	1	TTTTGCCGCAGATGTCGTGCATAG	1
206	205	1	TTTGCCGCAGATGTCGTGCATAGT	1
207	206	1	TTGCCGCAGATGTCGTGCATAGTC	1
208	207	1	TGCCGCAGATGTCGTGCATAGTCC	1
209	208	1	GCCGCAGATGTCGTGCATAGTCCT	1
210	209	1	CCGCAGATGTCGTGCATAGTCCTT	1
211	210	1	CGCAGATGTCGTGCATAGTCCTTC	1
212	-1	0	ATTGATATTAGGATGGTTCTCCTT	1
213	212	1	TTGATATTAGGATGGTTCTCCTTC	1
214	213	2	TGATATTAGGATGGTTCTCCTTCA	1
215	214	4	GATATTAGGATGGTTCTCCTTCAG	1
216	215	4	ATATTAGGATGGTTCTCCTTCAGG	1
217	216	4	TATTAGGATGGTTCTCCTTCAGGC	1
218	217	4	ATTAGGATGGTTCTCCTTCAGGCT	1
219	218	5	TTAGGATGGTTCTCCTTCAGGCTC	1
220	219	5	TAGGATGGTTCTCCTTCAGGCTCT	1
221	220	5	AGGATGGTTCTCCTTCAGGCTCTT	1
222	221	5	GGATGGTTCTCCTTCAGGCTCTTG	1
223	222	5	GATGGTTCTCCTTCAGGCTCTTGG	1
224	223	5	ATGGTTCTCCTTCAGGCTCTTGGA	1
225	224	5	TGGTTCTCCTTCAGGCTCTTGGAA	1
226	225	6	GGTTCTCCTTCAGGCTCTTGGAAA	1
227	226	6	GTTCTCCTTCAGGCTCTTGGAAAG	1
228	227	6	TTCTCCTTCAGGCTCTTGGAAAGC	1
229	228	6	TCTCCTTCAGGCTCTTGGAAAGCG	1
230	229	6	CTCCTTCAGGCTCTTGGAAAGCGT	1
231	230	6	TCCTTCAGGCTCTTGGAAAGCGTT	1
232	231	6	CCTTCAGGCTCTTGGAAAGCGTTC	1
233	232	7	CTTCAGGCTCTTGGAAAGCGTTCG	1
234	233	7	TTCAGGCTCTTGGAAAGCGTTCGC	1
235	234	7	TCAGGCTCTTGGAAAGCGTTCGCC	1
236	235	7	CAGGCTCTTGGAAAGCGTTCGCCT	1
237	236	7	AGGCTCTTGGAAAGCGTTCGCCTG	1
238	237	7	GGCTCTTGGAAAGCGTTCGCCTGT	1
239	238	7	GCTCTTGGAAAGCGTTCGCCTGTA	1
240	239	7	CTCTTGGAAAGCGTTCGCCTGTAT	1
241	240	7	TCTTGGAAAGCGTTCGCCTGTATC	1
242	241	7	CTTGGAAAGCGTTCGCCTGTATCT	1
243	242	7	TTGGAAAGCGTTCGCCTGTATCTG	1
244	243	7	TGGAAAGCGTTCGCCTGTATCTGT	1
245	244	6	GGAAAGCGTTCGCCTGTATCTGTG	1
246	245	6	GAAAGCGTTCGCCTGTATCTGTGT	1
247	246	6	AAAGCGTTCGCCTGTATCTGTGTT	1
248	247	6	AAGCGTTCGCCTGTATCTGTGTTG	1
249	248	6	AGCGTTCGCCTGTATCTGTGTTGT	1
250	249	6	GCGTTCGCCTGTATCTGTGTTGTA	1
251	250	6	CGTTCGCCTGTATCTGTGTTGTAT	1
252	251	6	GTTCGCCTGTATCTGTGTTGTATT	1
253	252	6	TTCGCCTGTATCTGTGTTGTATTT	1
254	253	6	TCGCCTGTATCTGTGTTGTATTTT	1
255	254	6	CGCCTGTATCTGTGTTGTATTTTT	1
256	255	6	GCCTGTATCTGTGTTGTATTTTTT	1
257	256	6	CCTGTATCTGTGTTGTATTTTTTG	1
258	257	5	CTGTATCTGTGTTGTATTTTTTGG	1
259	258	2	TGTATCTGTGTTGTATTTTTTGGA	1
260	259	2	GTATCTGTGTTGTATTTTTTGGAG	1
261	260	2	TATCTGTGTTGTATTTTTTGGAGA	1
262	261	2	ATCTGTGTTGTATTTTTTGGAGAG	1
263	262	1	TCTGTGTTGTATTTTTTGGAGAGA	1
264	263	1	CTGTGTTGTATTTTTTGGAGAGAT	1
265	264	1	TGTGTTGTATTTTTTGGAGAGATT	1
266	265	2	GTGTTGTATTTTTTGGAGAGATTC	1
267	266	2	TGTTGTATTTTTTGGAGAGATTCT	1
268	267	2	GTTGTATTTTTTGGAGAGATTCTA	1
269	268	4	TTGTATTTTTTGGAGAGATTCTAG	1
270	269	3	TGTATTTTTTGGAGAGATTCTAGT	1
271	270	3	GTATTTTTTGGAGAGATTCTAGTC	1
272	271	3	TATTTTTTGGAGAGATTCTAGTCT	1
273	272	3	ATTTTTTGGAGAGATTCTAGTCTG	1
274	273	3	TTTTTTGGAGAGATTCTAGTCTGA	1
275	274	3	TTTTTGGAGAGATTCTAGTCTGAT	1
276	275	3	TTTTGGAGAGATTCTAGTCTGATT	1
277	276	3	TTTGGAGAGATTCTAGTCTGATTC	1
278	277	3	TTGGAGAGATTCTAGTCTGATTCT	1
279	278	3	TGGAGAGATTCTAGTCTGATTCTA	1
280	279	3	GGAGAGATTCTAGTCTGATTCTAG	1
281	280	3	GAGAGATTCTAGTCTGATTCTAGT	1
282	281	3	AGAGATTCTAGTCTGATTCTAGTC	1
283	282	3	GAGATTCTAGTCTGATTCTAGTCG	1
284	283	3	AGATTCTAGTCTGATTCTAGTCGT	1
285	284	3	GATTCTAGTCTGATTCTAGTCGTT	1
286	285	3	ATTCTAGTCTGATTCTAGTCGTTT	1
287	286	4	TTCTAGTCTGATTCTAGTCGTTTG	1
288	287	4	TCTAGTCTGATTCTAGTCGTTTGA	1
289	288	5	CTAGTCTGATTCTAGTCGTTTGAT	1
290	289	6	TAGTCTGATTCTAGTCGTTTGATT	1
291	290	6	AGTCTGATTCTAGTCGTTTGATTG	1
292	291	7	GTCTGATTCTAGTCGTTTGATTGT	1
293	292	7	TCTGATTCTAGTCGTTTGATTGTA	1
294	293	7	CTGATTCTAGTCGTTTGATTGTAC	1
295	294	7	TGATTCTAGTCGTTTGATTGTACA	1
296	295	7	GATTCTAGTCGTTTGATTGTACAG	1
297	296	7	ATTCTAGTCGTTTGATTGTACAGT	1
298	297	7	TTCTAGTCGTTTGATTGTACAGTA	1
299	298	7	TCTAGTCGTTTGATTGTACAGTAT	1
300	299	7	CTAGTCGTTTGATTGTACAGTATG	1
301	300	7	TAGTCGTTTGATTGTACAGTATGT	1
302	301	7	AGTCGTTTGATTGTACAGTATGTC	1
303	302	7	GTCGTTTGATTGTACAGTATGTCT	1
304	303	7	TCGTTTGATTGTACAGTATGTCTG	1
305	304	7	CGTTTGATTGTACAGTATGTCTGT	1
306	305	7	GTTTGATTGTACAGTATGTCTGTC	1
307	306	8	TTTGATTGTACAGTATGTCTGTCG	1
308	307	9	TTGATTGTACAGTATGTCTGTCGT	1
309	308	9	TGATTGTACAGTATGTCTGTCGTG	1
310	309	8	GATTGTACAGTATGTCTGTCGTGT	1
311	310	8	ATTGTACAGTATGTCTGTCGTGTA	1
312	311	8	TTGTACAGTATGTCTGTCGTGTAT	1
313	312	6	TGTACAGTATGTCTGTCGTGTATG	1
314	313	6	GTACAGTATGTCTGTCGTGTATGG	1
315	314	6	TACAGTATGTCTGTCGTGTATGGT	1
316	315	6	ACAGTATGTCTGTCGTGTATGGTT	1
317	316	6	CAGTATGTCTGTCGTGTATGGTTG	1
318	317	6	AGTATGTCTGTCGTGTATGGTTGC	1
319	318	6	GTATGTCTGTCGTGTATGGTTGCT	1
320	319	7	TATGTCTGTCGTGTATGGTTGCTT	1
321	320	7	ATGTCTGTCGTGTATGGTTGCTTT	1
322	321	7	TGTCTGTCGTGTATGGTTGCTTTA	1
323	322	7	GTCTGTCGTGTATGGTTGCTTTAT	1
324	323	7	TCTGTCGTGTATGGTTGCTTTATT	1
325	324	7	CTGTCGTGTATGGTTGCTTTATTG	1
326	325	7	TGTCGTGTATGGTTGCTTTATTGT	1
327	326	8	GTCGTGTATGGTTGCTTTATTGTT	1
328	327	8	TCGTGTATGGTTGCTTTATTGTTT	1
329	328	8	CGTGTATGGTTGCTTTATTGTTTT	1
330	329	8	GTGTATGGTTGCTTTATTGTTTTT	1
331	330	7	TGTATGGTTGCTTTATTGTTTTTC	1
332	331	6	GTATGGTTGCTTTATTGTTTTTCT	1
333	332	5	TATGGTTGCTTTATTGTTTTTCTG	1
334	333	4	ATGGTTGCTTTATTGTTTTTCTGG	1
335	334	4	TGGTTGCTTTATTGTTTTTCTGGG	1
336	335	4	GGTTGCTTTATTGTTTTTCTGGGA	1
337	336	4	GTTGCTTTATTGTTTTTCTGGGAT	1
338	337	4	TTGCTTTATTGTTTTTCTGGGATT	1
339	338	4	TGCTTTATTGTTTTTCTGGGATTA	1
340	339	4	GCTTTATTGTTTTTCTGGGATTAA	1
341	340	4	CTTTATTGTTTTTCTGGGATTAAG	1
342	341	4	TTTATTGTTTTTCTGGGATTAAGT	1
343	342	4	TTATTGTTTTTCTGGGATTAAGTC	1
344	343	4	TATTGTTTTTCTGGGATTAAGTCA	1
345	344	4	ATTGTTTTTCTGGGATTAAGTCAT	1
346	345	4	TTGTTTTTCTGGGATTAAGTCATC	1
347	346	4	TGTTTTTCTGGGATTAAGTCATCT	1
348	347	4	GTTTTTCTGGGATTAAGTCATCTT	1
349	348	4	TTTTTCTGGGATTAAGTCATCTTG	1
350	349	4	TTTTCTGGGATTAAGTCATCTTGG	1
351	350	2	TTTCTGGGATTAAGTCATCTTGGT	1
352	351	2	TTCTGGGATTAAGTCATCTTGGTG	1
353	352	2	TCTGGGATTAAGTCATCTTGGTGC	1
354	353	2	CTGGGATTAAGTCATCTTGGTGCA	1
355	354	2	TGGGATTAAGTCATCTTGGTGCAG	1
356	355	2	GGGATTAAGTCATCTTGGTGCAGT	1
357	356	2	GGATTAAGTCATCTTGGTGCAGTA	1
358	357	2	GATTAAGTCATCTTGGTGCAGTAA	1
359	358	2	ATTAAGTCATCTTGGTGCAGTAAT	1
360	359	2	TTAAGTCATCTTGGTGCAGTAATT	1
361	360	2	TAAGTCATCTTGGTGCAGTAATTG	1
362	361	2	AAGTCATCTTGGTGCAGTAATTGG	1
363	362	2	AGTCATCTTGGTGCAGTAATTGGT	1
364	363	1	GTCATCTTGGTGCAGTAATTGGTA	1
365	364	2	TCATCTTGGTGCAGTAATTGGTAC	1
366	365	2	CATCTTGGTGCAGTAATTGGTACT	1
367	366	2	ATCTTGGTGCAGTAATTGGTACTG	1
368	367	2	TCTTGGTGCAGTAATTGGTACTGT	1
369	368	2	CTTGGTGCAGTAATTGGTACTGTG	1
370	369	2	TTGGTGCAGTAATTGGTACTGTGT	1
371	370	1	TGGTGCAGTAATTGGTACTGTGTT	1
372	371	1	GGTGCAGTAATTGGTACTGTGTTG	1
373	372	1	GTGCAGTAATTGGTACTGTGTTGG	1
374	373	1	TGCAGTAATTGGTACTGTGTTGGT	1
375	374	1	GCAGTAATTGGTACTGTGTTGGTA	1
376	375	1	CAGTAATTGGTACTGTGTTGGTAG	1
377	376	1	AGTAATTGGTACTGTGTTGGTAGA	1
378	377	1	GTAATTGGTACTGTGTTGGTAGAA	1
379	378	2	TAATTGGTACTGTGTTGGTAGAAA	1
380	379	2	AATTGGTACTGTGTTGGTAGAAAA	1
381	380	2	ATTGGTACTGTGTTGGTAGAAAAA	1
382	381	2	TTGGTACTGTGTTGGTAGAAAAAC	1
383	382	2	TGGTACTGTGTTGGTAGAAAAACC	1
384	383	2	GGTACTGTGTTGGTAGAAAAACCT	1
385	384	2	GTACTGTGTTGGTAGAAAAACCTA	1
386	385	2	TACTGTGTTGGTAGAAAAACCTAC	1
387	386	2	ACTGTGTTGGTAGAAAAACCTACC	1
388	387	2	CTGTGTTGGTAGAAAAACCTACCA	1
389	388	2	TGTGTTGGTAGAAAAACCTACCAT	1
390	389	2	GTGTTGGTAGAAAAACCTACCATA	1
391	390	2	TGTTGGTAGAAAAACCTACCATAT	1
392	391	2	GTTGGTAGAAAAACCTACCATATT	1
393	392	2	TTGGTAGAAAAACCTACCATATTC	1
394	393	2	TGGTAGAAAAACCTACCATATTCC	1
395	394	2	GGTAGAAAAACCTACCATATTCCT	1
396	395	2	GTAGAAAAACCTACCATATTCCTT	1
397	396	2	TAGAAAAACCTACCATATTCCTTT	1
398	397	2	AGAAAAACCTACCATATTCCTTTT	1
399	398	2	GAAAAACCTACCATATTCCTTTTT	1
400	399	2	AAAAACCTACCATATTCCTTTTTG	1
401	400	2	AAAACCTACCATATTCCTTTTTGC	1
402	401	2	AAACCTACCATATTCCTTTTTGCG	1
403	402	2	AACCTACCATATTCCTTTTTGCGC	1
404	403	2	ACCTACCATATTCCTTTTTGCGCT	1
405	404	2	CCTACCATATTCCTTTTTGCGCTT	1
406	405	2	CTACCATATTCCTTTTTGCGCTTG	1
407	406	2	TACCATATTCCTTTTTGCGCTTGC	1
408	407	2	ACCATATTCCTTTTTGCGCTTGCT	1
409	408	1	CCATATTCCTTTTTGCGCTTGCTG	1
410	409	1	CATATTCCTTTTTGCGCTTGCTGT	1
411	410	1	ATATTCCTTTTTGCGCTTGCTGTG	1
412	411	1	TATTCCTTTTTGCGCTTGCTGTGG	1
413	412	1	ATTCCTTTTTGCGCTTGCTGTGGT	1
414	413	1	TTCCTTTTTGCGCTTGCTGTGGTA	1
415	414	1	TCCTTTTTGCGCTTGCTGTGGTAT	1
416	415	1	CCTTTTTGCGCTTGCTGTGGTATC	1
417	416	1	CTTTTTGCGCTTGCTGTGGTATCT	1
418	417	1	TTTTTGCGCTTGCTGTGGTATCTT	1
419	418	1	TTTTGCGCTTGCTGTGGTATCTTT	1
420	419	1	TTTGCGCTTGCTGTGGTATCTTTT	1
421	420	1	TTGCGCTTGCTGTGGTATCTTTTT	1
422	421	1	TGCGCTTGCTGTGGTATCTTTTTG	1
423	-1	0	TGAGTCTGAAGGAGCCACATCAAA	1
424	423	1	GAGTCTGAAGGAGCCACATCAAAT	1
425	424	1	AGTCTGAAGGAGCCACATCAAATT	1
426	425	2	GTCTGAAGGAGCCACATCAAATTA	1
427	426	4	TCTGAAGGAGCCACATCAAATTAA	1
428	427	5	CTGAAGGAGCCACATCAAATTAAT	1
429	428	6	TGAAGGAGCCACATCAAATTAATA	1
430	429	8	GAAGGAGCCACATCAAATTAATAT	1
431	430	9	AAGGAGCCACATCAAATTAATATG	1
432	431	9	AGGAGCCACATCAAATTAATATGC	1
433	432	11	GGAGCCACATCAAATTAATATGCT	1
434	433	11	GAGCCACATCAAATTAATATGCTA	1
435	434	11	AGCCACATCAAATTAATATGCTAG	1
436	435	12	GCCACATCAAATTAATATGCTAGG	1
437	436	15	CCACATCAAATTAATATGCTAGGA	1
438	437	15	CACATCAAATTAATATGCTAGGAC	1
439	438	15	ACATCAAATTAATATGCTAGGACG	1
440	439	15	CATCAAATTAATATGCTAGGACGC	1
441	440	15	ATCAAATTAATATGCTAGGACGCC	1
442	441	15	TCAAATTAATATGCTAGGACGCCA	1
443	442	15	CAAATTAATATGCTAGGACGCCAA	1
444	443	16	AAATTAATATGCTAGGACGCCAAA	1
445	444	16	AATTAATATGCTAGGACGCCAAAG	1
446	445	17	ATTAATATGCTAGGACGCCAAAGT	1
447	446	17	TTAATATGCTAGGACGCCAAAGTA	1
448	447	17	TAATATGCTAGGACGCCAAAGTAG	1
449	448	17	AATATGCTAGGACGCCAAAGTAGT	1
450	449	17	ATATGCTAGGACGCCAAAGTAGTG	1
451	450	17	TATGCTAGGACGCCAAAGTAGTGG	1
452	451	16	ATGCTAGGACGCCAAAGTAGTGGA	1
453	452	16	TGCTAGGACGCCAAAGTAGTGGAG	1
454	453	15	GCTAGGACGCCAAAGTAGTGGAGA	1
455	454	15	CTAGGACGCCAAAGTAGTGGAGAC	1
456	455	15	TAGGACGCCAAAGTAGTGGAGACA	1
457	456	15	AGGACGCCAAAGTAGTGGAGACAA	1
458	457	15	GGACGCCAAAGTAGTGGAGACAAG	1
459	458	15	GACGCCAAAGTAGTGGAGACAAGA	1
460	459	15	ACGCCAAAGTAGTGGAGACAAGAG	1
461	460	15	CGCCAAAGTAGTGGAGACAAGAGG	1
462	461	15	GCCAAAGTAGTGGAGACAAGAGGT	1
463	462	15	CCAAAGTAGTGGAGACAAGAGGTT	1
464	463	16	CAAAGTAGTGGAGACAAGAGGTTT	1
465	464	16	AAAGTAGTGGAGACAAGAGGTTTA	1
466	465	16	AAGTAGTGGAGACAAGAGGTTTAT	1
467	466	16	AGTAGTGGAGACAAGAGGTTTATT	1
468	467	15	GTAGTGGAGACAAGAGGTTTATTG	1
469	468	15	TAGTGGAGACAAGAGGTTTATTGA	1
470	469	14	AGTGGAGACAAGAGGTTTATTGAT	1
471	470	13	GTGGAGACAAGAGGTTTATTGATT	1
472	471	12	TGGAGACAAGAGGTTTATTGATTG	1
473	472	11	GGAGACAAGAGGTTTATTGATTGA	1
474	473	9	GAGACAAGAGGTTTATTGATTGAT	1
475	474	9	AGACAAGAGGTTTATTGATTGATT	1
476	475	9	GACAAGAGGTTTATTGATTGATTA	1
477	476	7	ACAAGAGGTTTATTGATTGATTAT	1
478	477	6	CAAGAGGTTTATTGATTGATTATC	1
479	478	6	AAGAGGTTTATTGATTGATTATCT	1
480	479	5	AGAGGTTTATTGATTGATTATCTG	1
481	480	2	GAGGTTTATTGATTGATTATCTGA	1
482	481	2	AGGTTTATTGATTGATTATCTGAT	1
483	482	2	GGTTTATTGATTGATTATCTGATG	1
484	483	2	GTTTATTGATTGATTATCTGATGT	1
485	484	2	TTTATTGATTGATTATCTGATGTT	1
486	485	2	TTATTGATTGATTATCTGATGTTG	1
487	486	2	TATTGATTGATTATCTGATGTTGA	1
488	487	1	ATTGATTGATTATCTGATGTTGAA	1
489	488	1	TTGATTGATTATCTGATGTTGAAA	1
490	489	1	TGATTGATTATCTGATGTTGAAAG	1
491	490	1	GATTGATTATCTGATGTTGAAAGG	1
492	491	1	ATTGATTATCTGATGTTGAAAGGC	1
493	492	1	TTGATTATCTGATGTTGAAAGGCT	1
494	493	1	TGATTATCTGATGTTGAAAGGCTT	1
495	494	1	GATTATCTGATGTTGAAAGGCTTA	1
496	495	1	ATTATCTGATGTTGAAAGGCTTAG	1
497	496	1	TTATCTGATGTTGAAAGGCTTAGG	1
498	497	1	TATCTGATGTTGAAAGGCTTAGGT	1
499	498	1	ATCTGATGTTGAAAGGCTTAGGTT	1
500	499	1	TCTGATGTTGAAAGGCTTAGGTTC	1
501	500	1	CTGATGTTGAAAGGCTTAGGTTCT	1
502	501	1	TGATGTTGAAAGGCTTAGGTTCTT	1
503	502	1	GATGTTGAAAGGCTTAGGTTCTTA	1
504	503	1	ATGTTGAAAGGCTTAGGTTCTTAT	1
505	504	1	TGTTGAAAGGCTTAGGTTCTTATC	1
506	505	1	GTTGAAAGGCTTAGGTTCTTATCG	1
507	-1	0	TCGTTCTTTAAGTGCCTTGTTAAA	1
508	507	1	CGTTCTTTAAGTGCCTTGTTAAAC	1
509	508	1	GTTCTTTAAGTGCCTTGTTAAACT	1
510	509	1	TTCTTTAAGTGCCTTGTTAAACTT	1
511	510	1	TCTTTAAGTGCCTTGTTAAACTTG	1
512	511	1	CTTTAAGTGCCTTGTTAAACTTGT	1
513	512	2	TTTAAGTGCCTTGTTAAACTTGTT	1
514	513	2	TTAAGTGCCTTGTTAAACTTGTTT	1
515	514	2	TAAGTGCCTTGTTAAACTTGTTTG	1
516	515	2	AAGTGCCTTGTTAAACTTGTTTGT	1
517	516	2	AGTGCCTTGTTAAACTTGTTTGTA	1
518	517	2	GTGCCTTGTTAAACTTGTTTGTAA	1
519	518	2	TGCCTTGTTAAACTTGTTTGTAAA	1
520	519	2	GCCTTGTTAAACTTGTTTGTAAAG	1
521	520	2	CCTTGTTAAACTTGTTTGTAAAGG	1
522	521	2	CTTGTTAAACTTGTTTGTAAAGGT	1
523	522	2	TTGTTAAACTTGTTTGTAAAGGTG	1
524	523	2	TGTTAAACTTGTTTGTAAAGGTGT	1
525	524	2	GTTAAACTTGTTTGTAAAGGTGTA	1
526	525	2	TTAAACTTGTTTGTAAAGGTGTAT	1
527	526	2	TAAACTTGTTTGTAAAGGTGTATT	1
528	527	2	AAACTTGTTTGTAAAGGTGTATTT	1
529	528	2	AACTTGTTTGTAAAGGTGTATTTG	1
530	529	2	ACTTGTTTGTAAAGGTGTATTTGT	1
531	530	2	CTTGTTTGTAAAGGTGTATTTGTG	1
532	531	2	TTGTTTGTAAAGGTGTATTTGTGC	1
533	532	2	TGTTTGTAAAGGTGTATTTGTGCG	1
534	533	2	GTTTGTAAAGGTGTATTTGTGCGA	1
535	534	2	TTTGTAAAGGTGTATTTGTGCGAA	1
536	535	2	TTGTAAAGGTGTATTTGTGCGAAA	1
537	536	2	TGTAAAGGTGTATTTGTGCGAAAC	1
538	537	2	GTAAAGGTGTATTTGTGCGAAACT	1
539	538	2	TAAAGGTGTATTTGTGCGAAACTT	1
540	539	2	AAAGGTGTATTTGTGCGAAACTTT	1
541	540	2	AAGGTGTATTTGTGCGAAACTTTC	1
542	541	2	AGGTGTATTTGTGCGAAACTTTCA	1
543	542	2	GGTGTATTTGTGCGAAACTTTCAA	1
544	543	2	GTGTATTTGTGCGAAACTTTCAAA	1
545	544	2	TGTATTTGTGCGAAACTTTCAAAT	1
546	545	2	GTATTTGTGCGAAACTTTCAAATT	1
547	546	2	TATTTGTGCGAAACTTTCAAATTT	1
548	547	2	ATTTGTGCGAAACTTTCAAATTTC	1
549	548	2	TTTGTGCGAAACTTTCAAATTTCT	1
550	549	2	TTGTGCGAAACTTTCAAATTTCTT	1
551	550	2	TGTGCGAAACTTTCAAATTTCTTG	1
552	551	1	GTGCGAAACTTTCAAATTTCTTGC	1
553	552	1	TGCGAAACTTTCAAATTTCTTGCT	1
554	553	1	GCGAAACTTTCAAATTTCTTGCTA	1
555	554	1	CGAAACTTTCAAATTTCTTGCTAT	1
556	555	1	GAAACTTTCAAATTTCTTGCTATG	1
