Component 477
1	-1	0	TCAAGATGTTTGCAACAAGTGGGC	1
2	1	1	CAAGATGTTTGCAACAAGTGGGCC	1
3	2	1	AAGATGTTTGCAACAAGTGGGCCT	1
4	3	1	AGATGTTTGCAACAAGTGGGCCTC	1
5	4	1	GATGTTTGCAACAAGTGGGCCTCT	1
6	5	1	ATGTTTGCAACAAGTGGGCCTCTT	1
7	6	1	TGTTTGCAACAAGTGGGCCTCTTC	1
8	7	1	GTTTGCAACAAGTGGGCCTCTTCT	1
9	8	1	TTTGCAACAAGTGGGCCTCTTCTG	1
10	9	1	TTGCAACAAGTGGGCCTCTTCTGC	1
11	10	1	TGCAACAAGTGGGCCTCTTCTGCT	1
12	11	1	GCAACAAGTGGGCCTCTTCTGCTT	1
13	12	2	CAACAAGTGGGCCTCTTCTGCTTG	1
14	13	2	AACAAGTGGGCCTCTTCTGCTTGG	1
15	14	2	ACAAGTGGGCCTCTTCTGCTTGGG	1
16	15	2	CAAGTGGGCCTCTTCTGCTTGGGC	1
17	16	3	AAGTGGGCCTCTTCTGCTTGGGCC	1
18	17	3	AGTGGGCCTCTTCTGCTTGGGCCA	1
19	18	3	GTGGGCCTCTTCTGCTTGGGCCAA	1
20	19	3	TGGGCCTCTTCTGCTTGGGCCAAG	1
21	20	3	GGGCCTCTTCTGCTTGGGCCAAGA	1
22	21	4	GGCCTCTTCTGCTTGGGCCAAGAA	1
23	22	4	GCCTCTTCTGCTTGGGCCAAGAAA	1
24	23	4	CCTCTTCTGCTTGGGCCAAGAAAT	1
25	24	4	CTCTTCTGCTTGGGCCAAGAAATT	1
26	25	4	TCTTCTGCTTGGGCCAAGAAATTG	1
27	26	4	CTTCTGCTTGGGCCAAGAAATTGG	1
28	27	4	TTCTGCTTGGGCCAAGAAATTGGA	1
29	28	4	TCTGCTTGGGCCAAGAAATTGGAA	1
30	29	4	CTGCTTGGGCCAAGAAATTGGAAG	1
31	30	5	TGCTTGGGCCAAGAAATTGGAAGC	1
32	31	5	GCTTGGGCCAAGAAATTGGAAGCC	1
33	32	5	CTTGGGCCAAGAAATTGGAAGCCA	1
34	33	5	TTGGGCCAAGAAATTGGAAGCCAA	1
35	34	5	TGGGCCAAGAAATTGGAAGCCAAG	1
36	35	5	GGGCCAAGAAATTGGAAGCCAAGA	1
37	36	5	GGCCAAGAAATTGGAAGCCAAGAA	1
38	37	5	GCCAAGAAATTGGAAGCCAAGAAG	1
39	38	5	CCAAGAAATTGGAAGCCAAGAAGG	1
40	39	5	CAAGAAATTGGAAGCCAAGAAGGT	1
41	40	5	AAGAAATTGGAAGCCAAGAAGGTT	1
42	41	5	AGAAATTGGAAGCCAAGAAGGTTC	1
43	42	5	GAAATTGGAAGCCAAGAAGGTTCG	1
44	43	5	AAATTGGAAGCCAAGAAGGTTCGT	1
45	44	5	AATTGGAAGCCAAGAAGGTTCGTA	1
46	45	4	ATTGGAAGCCAAGAAGGTTCGTAG	1
47	46	4	TTGGAAGCCAAGAAGGTTCGTAGC	1
48	47	4	TGGAAGCCAAGAAGGTTCGTAGCC	1
49	48	4	GGAAGCCAAGAAGGTTCGTAGCCA	1
50	49	4	GAAGCCAAGAAGGTTCGTAGCCAA	1
51	50	3	AAGCCAAGAAGGTTCGTAGCCAAT	1
52	51	3	AGCCAAGAAGGTTCGTAGCCAATT	1
53	52	3	GCCAAGAAGGTTCGTAGCCAATTG	1
54	53	3	CCAAGAAGGTTCGTAGCCAATTGA	1
55	54	3	CAAGAAGGTTCGTAGCCAATTGAA	1
56	55	3	AAGAAGGTTCGTAGCCAATTGAAC	1
57	56	2	AGAAGGTTCGTAGCCAATTGAACG	1
58	57	2	GAAGGTTCGTAGCCAATTGAACGA	1
59	58	2	AAGGTTCGTAGCCAATTGAACGAC	1
60	59	2	AGGTTCGTAGCCAATTGAACGACT	1
61	60	2	GGTTCGTAGCCAATTGAACGACTT	1
62	61	2	GTTCGTAGCCAATTGAACGACTTC	1
63	62	2	TTCGTAGCCAATTGAACGACTTCG	1
64	63	2	TCGTAGCCAATTGAACGACTTCGA	1
65	64	2	CGTAGCCAATTGAACGACTTCGAC	1
66	65	1	GTAGCCAATTGAACGACTTCGACC	1
67	66	1	TAGCCAATTGAACGACTTCGACCG	1
68	67	1	AGCCAATTGAACGACTTCGACCGC	1
69	68	1	GCCAATTGAACGACTTCGACCGCT	1
70	69	1	CCAATTGAACGACTTCGACCGCTT	1
71	70	1	CAATTGAACGACTTCGACCGCTTT	1
72	71	1	AATTGAACGACTTCGACCGCTTTG	1
73	72	1	ATTGAACGACTTCGACCGCTTTGC	1
74	73	1	TTGAACGACTTCGACCGCTTTGCT	1
75	-1	0	AACAAGTCACCACCAGAAAATCAA	1
76	75	1	ACAAGTCACCACCAGAAAATCAAA	1
77	76	1	CAAGTCACCACCAGAAAATCAAAA	1
78	77	4	AAGTCACCACCAGAAAATCAAAAA	1
79	78	4	AGTCACCACCAGAAAATCAAAAAT	1
80	79	5	GTCACCACCAGAAAATCAAAAATG	1
81	80	5	TCACCACCAGAAAATCAAAAATGG	1
82	81	5	CACCACCAGAAAATCAAAAATGGA	1
83	82	10	ACCACCAGAAAATCAAAAATGGAA	1
84	83	10	CCACCAGAAAATCAAAAATGGAAG	1
85	84	10	CACCAGAAAATCAAAAATGGAAGG	1
86	85	10	ACCAGAAAATCAAAAATGGAAGGA	1
87	86	10	CCAGAAAATCAAAAATGGAAGGAT	1
88	87	11	CAGAAAATCAAAAATGGAAGGATT	1
89	88	14	AGAAAATCAAAAATGGAAGGATTC	1
90	89	18	GAAAATCAAAAATGGAAGGATTCA	1
91	90	18	AAAATCAAAAATGGAAGGATTCAA	1
92	91	18	AAATCAAAAATGGAAGGATTCAAG	1
93	92	18	AATCAAAAATGGAAGGATTCAAGC	1
94	93	18	ATCAAAAATGGAAGGATTCAAGCG	1
95	94	18	TCAAAAATGGAAGGATTCAAGCGT	1
96	95	18	CAAAAATGGAAGGATTCAAGCGTT	1
97	96	19	AAAAATGGAAGGATTCAAGCGTTA	1
98	97	19	AAAATGGAAGGATTCAAGCGTTAC	1
99	98	19	AAATGGAAGGATTCAAGCGTTACG	1
100	99	19	AATGGAAGGATTCAAGCGTTACGT	1
101	100	19	ATGGAAGGATTCAAGCGTTACGTC	1
102	101	19	TGGAAGGATTCAAGCGTTACGTCG	1
103	102	19	GGAAGGATTCAAGCGTTACGTCGA	1
104	103	19	GAAGGATTCAAGCGTTACGTCGAG	1
105	104	19	AAGGATTCAAGCGTTACGTCGAGG	1
106	105	19	AGGATTCAAGCGTTACGTCGAGGT	1
107	106	19	GGATTCAAGCGTTACGTCGAGGTT	1
108	107	19	GATTCAAGCGTTACGTCGAGGTTG	1
109	108	19	ATTCAAGCGTTACGTCGAGGTTGG	1
110	109	19	TTCAAGCGTTACGTCGAGGTTGGT	1
111	110	19	TCAAGCGTTACGTCGAGGTTGGTC	1
112	111	19	CAAGCGTTACGTCGAGGTTGGTCG	1
113	112	19	AAGCGTTACGTCGAGGTTGGTCGT	1
114	113	19	AGCGTTACGTCGAGGTTGGTCGTG	1
115	114	19	GCGTTACGTCGAGGTTGGTCGTGT	1
116	115	19	CGTTACGTCGAGGTTGGTCGTGTC	1
117	116	19	GTTACGTCGAGGTTGGTCGTGTCG	1
118	117	19	TTACGTCGAGGTTGGTCGTGTCGT	1
119	118	19	TACGTCGAGGTTGGTCGTGTCGTT	1
120	119	18	ACGTCGAGGTTGGTCGTGTCGTTC	1
121	120	18	CGTCGAGGTTGGTCGTGTCGTTCT	1
122	121	16	GTCGAGGTTGGTCGTGTCGTTCTC	1
123	122	17	TCGAGGTTGGTCGTGTCGTTCTCG	1
124	123	16	CGAGGTTGGTCGTGTCGTTCTCGT	1
125	124	16	GAGGTTGGTCGTGTCGTTCTCGTC	1
126	125	16	AGGTTGGTCGTGTCGTTCTCGTCA	1
127	126	11	GGTTGGTCGTGTCGTTCTCGTCAC	1
128	127	11	GTTGGTCGTGTCGTTCTCGTCACC	1
129	128	11	TTGGTCGTGTCGTTCTCGTCACCA	1
130	129	11	TGGTCGTGTCGTTCTCGTCACCAA	1
131	130	11	GGTCGTGTCGTTCTCGTCACCAAG	1
132	131	10	GTCGTGTCGTTCTCGTCACCAAGG	1
133	132	7	TCGTGTCGTTCTCGTCACCAAGGG	1
134	133	3	CGTGTCGTTCTCGTCACCAAGGGT	1
135	134	3	GTGTCGTTCTCGTCACCAAGGGTG	1
136	135	3	TGTCGTTCTCGTCACCAAGGGTGA	1
137	136	3	GTCGTTCTCGTCACCAAGGGTGAA	1
138	137	3	TCGTTCTCGTCACCAAGGGTGAAT	1
139	138	3	CGTTCTCGTCACCAAGGGTGAATA	1
140	139	3	GTTCTCGTCACCAAGGGTGAATAC	1
141	140	2	TTCTCGTCACCAAGGGTGAATACA	1
142	141	2	TCTCGTCACCAAGGGTGAATACAC	1
143	142	2	CTCGTCACCAAGGGTGAATACACC	1
144	143	2	TCGTCACCAAGGGTGAATACACCG	1
145	144	2	CGTCACCAAGGGTGAATACACCGG	1
146	145	2	GTCACCAAGGGTGAATACACCGGC	1
147	146	2	TCACCAAGGGTGAATACACCGGCA	1
148	147	2	CACCAAGGGTGAATACACCGGCAA	1
149	148	2	ACCAAGGGTGAATACACCGGCAAG	1
150	149	2	CCAAGGGTGAATACACCGGCAAGC	1
151	150	2	CAAGGGTGAATACACCGGCAAGCT	1
152	151	2	AAGGGTGAATACACCGGCAAGCTT	1
153	152	2	AGGGTGAATACACCGGCAAGCTTG	1
154	153	2	GGGTGAATACACCGGCAAGCTTGC	1
155	154	2	GGTGAATACACCGGCAAGCTTGCT	1
156	155	2	GTGAATACACCGGCAAGCTTGCTG	1
157	156	2	TGAATACACCGGCAAGCTTGCTGT	1
158	157	2	GAATACACCGGCAAGCTTGCTGTC	1
159	158	2	AATACACCGGCAAGCTTGCTGTCA	1
160	159	2	ATACACCGGCAAGCTTGCTGTCAT	1
161	160	2	TACACCGGCAAGCTTGCTGTCATC	1
162	161	2	ACACCGGCAAGCTTGCTGTCATCG	1
163	162	2	CACCGGCAAGCTTGCTGTCATCGT	1
164	163	3	ACCGGCAAGCTTGCTGTCATCGTT	1
165	164	3	CCGGCAAGCTTGCTGTCATCGTTG	1
166	165	2	CGGCAAGCTTGCTGTCATCGTTGA	1
167	166	2	GGCAAGCTTGCTGTCATCGTTGAC	1
168	167	2	GCAAGCTTGCTGTCATCGTTGACA	1
169	168	2	CAAGCTTGCTGTCATCGTTGACAT	1
170	169	2	AAGCTTGCTGTCATCGTTGACATT	1
171	170	2	AGCTTGCTGTCATCGTTGACATTG	1
172	171	2	GCTTGCTGTCATCGTTGACATTGT	1
173	172	3	CTTGCTGTCATCGTTGACATTGTT	1
174	173	4	TTGCTGTCATCGTTGACATTGTTG	1
175	174	4	TGCTGTCATCGTTGACATTGTTGA	1
176	175	4	GCTGTCATCGTTGACATTGTTGAT	1
177	176	4	CTGTCATCGTTGACATTGTTGATC	1
178	177	4	TGTCATCGTTGACATTGTTGATCA	1
179	178	4	GTCATCGTTGACATTGTTGATCAC	1
180	179	4	TCATCGTTGACATTGTTGATCACA	1
181	180	4	CATCGTTGACATTGTTGATCACAA	1
182	181	4	ATCGTTGACATTGTTGATCACAAA	1
183	182	4	TCGTTGACATTGTTGATCACAAAA	1
184	183	4	CGTTGACATTGTTGATCACAAAAG	1
185	184	4	GTTGACATTGTTGATCACAAAAGG	1
186	185	4	TTGACATTGTTGATCACAAAAGGG	1
187	186	4	TGACATTGTTGATCACAAAAGGGC	1
188	187	4	GACATTGTTGATCACAAAAGGGCT	1
189	188	4	ACATTGTTGATCACAAAAGGGCTC	1
190	189	4	CATTGTTGATCACAAAAGGGCTCT	1
191	190	4	ATTGTTGATCACAAAAGGGCTCTT	1
192	191	4	TTGTTGATCACAAAAGGGCTCTTA	1
193	192	4	TGTTGATCACAAAAGGGCTCTTAT	1
194	193	4	GTTGATCACAAAAGGGCTCTTATC	1
195	194	4	TTGATCACAAAAGGGCTCTTATCG	1
196	195	4	TGATCACAAAAGGGCTCTTATCGA	1
197	196	4	GATCACAAAAGGGCTCTTATCGAC	1
198	197	4	ATCACAAAAGGGCTCTTATCGACT	1
199	198	4	TCACAAAAGGGCTCTTATCGACTC	1
200	199	5	CACAAAAGGGCTCTTATCGACTCT	1
201	200	5	ACAAAAGGGCTCTTATCGACTCTC	1
202	201	5	CAAAAGGGCTCTTATCGACTCTCC	1
203	202	5	AAAAGGGCTCTTATCGACTCTCCT	1
204	203	5	AAAGGGCTCTTATCGACTCTCCTT	1
205	204	5	AAGGGCTCTTATCGACTCTCCTTG	1
206	205	5	AGGGCTCTTATCGACTCTCCTTGC	1
207	206	5	GGGCTCTTATCGACTCTCCTTGCT	1
208	207	4	GGCTCTTATCGACTCTCCTTGCTC	1
209	208	4	GCTCTTATCGACTCTCCTTGCTCC	1
210	209	4	CTCTTATCGACTCTCCTTGCTCCG	1
211	210	3	TCTTATCGACTCTCCTTGCTCCGA	1
212	211	3	CTTATCGACTCTCCTTGCTCCGAG	1
213	212	3	TTATCGACTCTCCTTGCTCCGAGT	1
214	213	3	TATCGACTCTCCTTGCTCCGAGTT	1
215	214	3	ATCGACTCTCCTTGCTCCGAGTTC	1
216	215	3	TCGACTCTCCTTGCTCCGAGTTCC	1
217	216	2	CGACTCTCCTTGCTCCGAGTTCCC	1
218	217	1	GACTCTCCTTGCTCCGAGTTCCCT	1
219	218	1	ACTCTCCTTGCTCCGAGTTCCCTC	1
220	219	1	CTCTCCTTGCTCCGAGTTCCCTCG	1
221	220	1	TCTCCTTGCTCCGAGTTCCCTCGT	1
222	221	1	CTCCTTGCTCCGAGTTCCCTCGTC	1
223	222	1	TCCTTGCTCCGAGTTCCCTCGTCA	1
224	223	1	CCTTGCTCCGAGTTCCCTCGTCAA	1
225	224	1	CTTGCTCCGAGTTCCCTCGTCAAG	1
226	225	1	TTGCTCCGAGTTCCCTCGTCAAGT	1
227	226	1	TGCTCCGAGTTCCCTCGTCAAGTC	1
228	227	1	GCTCCGAGTTCCCTCGTCAAGTCA	1
229	228	1	CTCCGAGTTCCCTCGTCAAGTCAT	1
230	229	1	TCCGAGTTCCCTCGTCAAGTCATC	1
231	230	1	CCGAGTTCCCTCGTCAAGTCATCC	1
232	231	1	CGAGTTCCCTCGTCAAGTCATCCG	1
233	232	1	GAGTTCCCTCGTCAAGTCATCCGC	1
234	233	1	AGTTCCCTCGTCAAGTCATCCGCT	1
235	234	1	GTTCCCTCGTCAAGTCATCCGCTA	1
236	235	2	TTCCCTCGTCAAGTCATCCGCTAC	1
237	236	2	TCCCTCGTCAAGTCATCCGCTACG	1
238	237	3	CCCTCGTCAAGTCATCCGCTACGG	1
239	238	3	CCTCGTCAAGTCATCCGCTACGGC	1
240	239	3	CTCGTCAAGTCATCCGCTACGGCA	1
241	240	3	TCGTCAAGTCATCCGCTACGGCAG	1
242	241	3	CGTCAAGTCATCCGCTACGGCAGT	1
243	242	4	GTCAAGTCATCCGCTACGGCAGTG	1
244	243	5	TCAAGTCATCCGCTACGGCAGTGT	1
245	244	4	CAAGTCATCCGCTACGGCAGTGTT	1
246	245	5	AAGTCATCCGCTACGGCAGTGTTG	1
247	246	5	AGTCATCCGCTACGGCAGTGTTGT	1
248	247	5	GTCATCCGCTACGGCAGTGTTGTT	1
249	248	5	TCATCCGCTACGGCAGTGTTGTTC	1
250	249	8	CATCCGCTACGGCAGTGTTGTTCT	1
251	250	8	ATCCGCTACGGCAGTGTTGTTCTT	1
252	251	9	TCCGCTACGGCAGTGTTGTTCTTA	1
253	252	9	CCGCTACGGCAGTGTTGTTCTTAC	1
254	253	9	CGCTACGGCAGTGTTGTTCTTACT	1
255	254	9	GCTACGGCAGTGTTGTTCTTACTC	1
256	255	9	CTACGGCAGTGTTGTTCTTACTCA	1
257	256	10	TACGGCAGTGTTGTTCTTACTCAC	1
258	257	10	ACGGCAGTGTTGTTCTTACTCACA	1
259	258	10	CGGCAGTGTTGTTCTTACTCACAT	1
260	259	10	GGCAGTGTTGTTCTTACTCACATT	1
261	260	10	GCAGTGTTGTTCTTACTCACATTG	1
262	261	10	CAGTGTTGTTCTTACTCACATTGT	1
263	262	10	AGTGTTGTTCTTACTCACATTGTC	1
264	263	10	GTGTTGTTCTTACTCACATTGTCA	1
265	264	10	TGTTGTTCTTACTCACATTGTCAT	1
266	265	10	GTTGTTCTTACTCACATTGTCATG	1
267	266	10	TTGTTCTTACTCACATTGTCATGA	1
268	267	11	TGTTCTTACTCACATTGTCATGAA	1
269	268	11	GTTCTTACTCACATTGTCATGAAG	1
270	269	11	TTCTTACTCACATTGTCATGAAGC	1
271	270	11	TCTTACTCACATTGTCATGAAGCT	1
272	271	11	CTTACTCACATTGTCATGAAGCTT	1
273	272	11	TTACTCACATTGTCATGAAGCTTC	1
274	273	12	TACTCACATTGTCATGAAGCTTCC	1
275	274	12	ACTCACATTGTCATGAAGCTTCCT	1
276	275	12	CTCACATTGTCATGAAGCTTCCTC	1
277	276	12	TCACATTGTCATGAAGCTTCCTCG	1
278	277	12	CACATTGTCATGAAGCTTCCTCGT	1
279	278	12	ACATTGTCATGAAGCTTCCTCGTG	1
280	279	11	CATTGTCATGAAGCTTCCTCGTGG	1
281	280	11	ATTGTCATGAAGCTTCCTCGTGGT	1
282	281	11	TTGTCATGAAGCTTCCTCGTGGTG	1
283	282	11	TGTCATGAAGCTTCCTCGTGGTGC	1
284	283	11	GTCATGAAGCTTCCTCGTGGTGCC	1
285	284	11	TCATGAAGCTTCCTCGTGGTGCCC	1
286	285	11	CATGAAGCTTCCTCGTGGTGCCCG	1
287	286	9	ATGAAGCTTCCTCGTGGTGCCCGT	1
288	287	8	TGAAGCTTCCTCGTGGTGCCCGTT	1
289	288	8	GAAGCTTCCTCGTGGTGCCCGTTC	1
290	289	8	AAGCTTCCTCGTGGTGCCCGTTCC	1
291	290	8	AGCTTCCTCGTGGTGCCCGTTCCG	1
292	291	8	GCTTCCTCGTGGTGCCCGTTCCGG	1
293	292	7	CTTCCTCGTGGTGCCCGTTCCGGC	1
294	293	5	TTCCTCGTGGTGCCCGTTCCGGCA	1
295	294	4	TCCTCGTGGTGCCCGTTCCGGCAT	1
296	295	4	CCTCGTGGTGCCCGTTCCGGCATT	1
297	296	4	CTCGTGGTGCCCGTTCCGGCATTG	1
298	297	4	TCGTGGTGCCCGTTCCGGCATTGT	1
299	298	4	CGTGGTGCCCGTTCCGGCATTGTC	1
300	299	4	GTGGTGCCCGTTCCGGCATTGTCG	1
301	300	3	TGGTGCCCGTTCCGGCATTGTCGC	1
302	301	3	GGTGCCCGTTCCGGCATTGTCGCC	1
303	302	3	GTGCCCGTTCCGGCATTGTCGCCA	1
304	303	3	TGCCCGTTCCGGCATTGTCGCCAA	1
305	304	3	GCCCGTTCCGGCATTGTCGCCAAG	1
306	305	3	CCCGTTCCGGCATTGTCGCCAAGA	1
307	306	2	CCGTTCCGGCATTGTCGCCAAGAA	1
308	307	2	CGTTCCGGCATTGTCGCCAAGAAG	1
309	308	2	GTTCCGGCATTGTCGCCAAGAAGT	1
310	309	2	TTCCGGCATTGTCGCCAAGAAGTG	1
311	310	2	TCCGGCATTGTCGCCAAGAAGTGG	1
312	311	1	CCGGCATTGTCGCCAAGAAGTGGA	1
313	312	2	CGGCATTGTCGCCAAGAAGTGGAA	1
314	313	2	GGCATTGTCGCCAAGAAGTGGAAG	1
315	314	2	GCATTGTCGCCAAGAAGTGGAAGG	1
316	315	2	CATTGTCGCCAAGAAGTGGAAGGC	1
317	316	1	ATTGTCGCCAAGAAGTGGAAGGCT	1
318	317	1	TTGTCGCCAAGAAGTGGAAGGCTC	1
319	318	1	TGTCGCCAAGAAGTGGAAGGCTCA	1
320	319	1	GTCGCCAAGAAGTGGAAGGCTCAA	1
321	320	1	TCGCCAAGAAGTGGAAGGCTCAAG	1
322	321	1	CGCCAAGAAGTGGAAGGCTCAAGA	1
323	322	1	GCCAAGAAGTGGAAGGCTCAAGAT	1
324	323	1	CCAAGAAGTGGAAGGCTCAAGATG	1
325	324	1	CAAGAAGTGGAAGGCTCAAGATGT	1
326	325	1	AAGAAGTGGAAGGCTCAAGATGTT	1
327	326	1	AGAAGTGGAAGGCTCAAGATGTTT	1
328	327	1	GAAGTGGAAGGCTCAAGATGTTTG	1
329	328	1	AAGTGGAAGGCTCAAGATGTTTGC	1
330	329	1	AGTGGAAGGCTCAAGATGTTTGCA	1
331	330	1	GTGGAAGGCTCAAGATGTTTGCAA	1
332	331	1	TGGAAGGCTCAAGATGTTTGCAAC	1
333	332	1	GGAAGGCTCAAGATGTTTGCAACA	1
334	333	1	GAAGGCTCAAGATGTTTGCAACAA	1
335	334	1	AAGGCTCAAGATGTTTGCAACAAG	1
336	335	1	AGGCTCAAGATGTTTGCAACAAGT	1
337	336	1	GGCTCAAGATGTTTGCAACAAGTG	1
338	337	1	GCTCAAGATGTTTGCAACAAGTGA	1
339	338	1	CTCAAGATGTTTGCAACAAGTGAG	1
340	339	1	TCAAGATGTTTGCAACAAGTGAGC	1
341	340	1	CAAGATGTTTGCAACAAGTGAGCC	1
342	341	1	AAGATGTTTGCAACAAGTGAGCCT	1
343	342	1	AGATGTTTGCAACAAGTGAGCCTC	1
344	343	1	GATGTTTGCAACAAGTGAGCCTCT	1
345	344	1	ATGTTTGCAACAAGTGAGCCTCTT	1
346	345	1	TGTTTGCAACAAGTGAGCCTCTTC	1
347	346	1	GTTTGCAACAAGTGAGCCTCTTCT	1
348	347	1	TTTGCAACAAGTGAGCCTCTTCTG	1
349	348	1	TTGCAACAAGTGAGCCTCTTCTGC	1
350	349	1	TGCAACAAGTGAGCCTCTTCTGCT	1
351	350	1	GCAACAAGTGAGCCTCTTCTGCTT	1
352	351	1	CAACAAGTGAGCCTCTTCTGCTTG	1
353	352	1	AACAAGTGAGCCTCTTCTGCTTGG	1
354	353	1	ACAAGTGAGCCTCTTCTGCTTGGG	1
355	354	1	CAAGTGAGCCTCTTCTGCTTGGGC	1
356	355	1	AAGTGAGCCTCTTCTGCTTGGGCC	1
357	-1	0	AGATTGGTACCCAATTGAGCGACT	1
358	357	1	GATTGGTACCCAATTGAGCGACTT	1
359	358	1	ATTGGTACCCAATTGAGCGACTTC	1
360	359	1	TTGGTACCCAATTGAGCGACTTCG	1
361	360	1	TGGTACCCAATTGAGCGACTTCGT	1
362	361	1	GGTACCCAATTGAGCGACTTCGTC	1
363	362	1	GTACCCAATTGAGCGACTTCGTCC	1
364	363	1	TACCCAATTGAGCGACTTCGTCCG	1
365	364	1	ACCCAATTGAGCGACTTCGTCCGC	1
366	365	1	CCCAATTGAGCGACTTCGTCCGCT	1
367	366	1	CCAATTGAGCGACTTCGTCCGCTT	1
368	367	1	CAATTGAGCGACTTCGTCCGCTTT	1
369	368	1	AATTGAGCGACTTCGTCCGCTTTG	1
370	369	1	ATTGAGCGACTTCGTCCGCTTTGC	1
371	370	1	TTGAGCGACTTCGTCCGCTTTGCT	1
372	371	1	TGAGCGACTTCGTCCGCTTTGCTG	1
373	372	1	GAGCGACTTCGTCCGCTTTGCTGT	1
374	373	1	AGCGACTTCGTCCGCTTTGCTGTT	1
375	374	1	GCGACTTCGTCCGCTTTGCTGTTA	1
376	375	1	CGACTTCGTCCGCTTTGCTGTTAT	1
377	376	1	GACTTCGTCCGCTTTGCTGTTATG	1
378	377	1	ACTTCGTCCGCTTTGCTGTTATGC	1
379	378	1	CTTCGTCCGCTTTGCTGTTATGCG	1
380	379	1	TTCGTCCGCTTTGCTGTTATGCGC	1
381	380	1	TCGTCCGCTTTGCTGTTATGCGCC	1
382	381	1	CGTCCGCTTTGCTGTTATGCGCCT	1
383	382	1	GTCCGCTTTGCTGTTATGCGCCTT	1
384	383	1	TCCGCTTTGCTGTTATGCGCCTTA	1
385	384	1	CCGCTTTGCTGTTATGCGCCTTAA	1
386	385	1	CGCTTTGCTGTTATGCGCCTTAAG	1
387	386	1	GCTTTGCTGTTATGCGCCTTAAGA	1
388	387	1	CTTTGCTGTTATGCGCCTTAAGAA	1
389	388	1	TTTGCTGTTATGCGCCTTAAGAAG	1
390	389	2	TTGCTGTTATGCGCCTTAAGAAGC	1
391	390	2	TGCTGTTATGCGCCTTAAGAAGCA	1
392	391	2	GCTGTTATGCGCCTTAAGAAGCAA	1
393	392	2	CTGTTATGCGCCTTAAGAAGCAAC	1
394	393	2	TGTTATGCGCCTTAAGAAGCAACG	1
395	394	2	GTTATGCGCCTTAAGAAGCAACGT	1
396	395	2	TTATGCGCCTTAAGAAGCAACGTC	1
397	396	2	TATGCGCCTTAAGAAGCAACGTCG	1
398	397	2	ATGCGCCTTAAGAAGCAACGTCGT	1
399	398	2	TGCGCCTTAAGAAGCAACGTCGTG	1
400	399	2	GCGCCTTAAGAAGCAACGTCGTGA	1
401	400	2	CGCCTTAAGAAGCAACGTCGTGAA	1
402	401	1	GCCTTAAGAAGCAACGTCGTGAAC	1
403	402	1	CCTTAAGAAGCAACGTCGTGAACA	1
404	403	2	CTTAAGAAGCAACGTCGTGAACAA	1
405	404	2	TTAAGAAGCAACGTCGTGAACAAG	1
406	405	2	TAAGAAGCAACGTCGTGAACAAGT	1
407	406	2	AAGAAGCAACGTCGTGAACAAGTT	1
408	407	2	AGAAGCAACGTCGTGAACAAGTTA	1
409	408	2	GAAGCAACGTCGTGAACAAGTTAA	1
410	409	2	AAGCAACGTCGTGAACAAGTTAAC	1
411	410	2	AGCAACGTCGTGAACAAGTTAACG	1
412	411	2	GCAACGTCGTGAACAAGTTAACGT	1
413	412	2	CAACGTCGTGAACAAGTTAACGTT	1
414	413	2	AACGTCGTGAACAAGTTAACGTTG	1
415	414	2	ACGTCGTGAACAAGTTAACGTTGC	1
416	415	2	CGTCGTGAACAAGTTAACGTTGCT	1
417	416	3	GTCGTGAACAAGTTAACGTTGCTG	1
418	417	3	TCGTGAACAAGTTAACGTTGCTGT	1
419	418	3	CGTGAACAAGTTAACGTTGCTGTC	1
420	419	3	GTGAACAAGTTAACGTTGCTGTCG	1
421	420	3	TGAACAAGTTAACGTTGCTGTCGC	1
422	421	3	GAACAAGTTAACGTTGCTGTCGCT	1
423	422	3	AACAAGTTAACGTTGCTGTCGCTA	1
424	423	3	ACAAGTTAACGTTGCTGTCGCTAA	1
425	424	3	CAAGTTAACGTTGCTGTCGCTAAG	1
426	425	3	AAGTTAACGTTGCTGTCGCTAAGG	1
427	426	3	AGTTAACGTTGCTGTCGCTAAGGC	1
428	427	3	GTTAACGTTGCTGTCGCTAAGGCT	1
429	428	3	TTAACGTTGCTGTCGCTAAGGCTC	1
430	429	3	TAACGTTGCTGTCGCTAAGGCTCT	1
431	430	3	AACGTTGCTGTCGCTAAGGCTCTC	1
432	431	3	ACGTTGCTGTCGCTAAGGCTCTCA	1
433	432	3	CGTTGCTGTCGCTAAGGCTCTCAA	1
434	433	2	GTTGCTGTCGCTAAGGCTCTCAAG	1
435	434	2	TTGCTGTCGCTAAGGCTCTCAAGG	1
436	435	2	TGCTGTCGCTAAGGCTCTCAAGGC	1
437	436	2	GCTGTCGCTAAGGCTCTCAAGGCC	1
438	437	2	CTGTCGCTAAGGCTCTCAAGGCCT	1
439	438	2	TGTCGCTAAGGCTCTCAAGGCCTA	1
440	439	3	GTCGCTAAGGCTCTCAAGGCCTAG	1
441	440	3	TCGCTAAGGCTCTCAAGGCCTAGA	1
442	441	3	CGCTAAGGCTCTCAAGGCCTAGAT	1
443	442	3	GCTAAGGCTCTCAAGGCCTAGATT	1
444	443	3	CTAAGGCTCTCAAGGCCTAGATTT	1
445	444	3	TAAGGCTCTCAAGGCCTAGATTTG	1
446	445	3	AAGGCTCTCAAGGCCTAGATTTGG	1
447	446	3	AGGCTCTCAAGGCCTAGATTTGGT	1
448	447	2	GGCTCTCAAGGCCTAGATTTGGTG	1
449	448	2	GCTCTCAAGGCCTAGATTTGGTGT	1
450	449	2	CTCTCAAGGCCTAGATTTGGTGTT	1
451	450	2	TCTCAAGGCCTAGATTTGGTGTTT	1
452	451	2	CTCAAGGCCTAGATTTGGTGTTTA	1
453	452	2	TCAAGGCCTAGATTTGGTGTTTAG	1
454	453	2	CAAGGCCTAGATTTGGTGTTTAGA	1
455	454	2	AAGGCCTAGATTTGGTGTTTAGAT	1
456	455	2	AGGCCTAGATTTGGTGTTTAGATC	1
457	456	2	GGCCTAGATTTGGTGTTTAGATCG	1
458	457	2	GCCTAGATTTGGTGTTTAGATCGA	1
459	458	2	CCTAGATTTGGTGTTTAGATCGAA	1
460	459	2	CTAGATTTGGTGTTTAGATCGAAC	1
461	460	1	TAGATTTGGTGTTTAGATCGAACA	1
462	461	1	AGATTTGGTGTTTAGATCGAACAT	1
463	462	1	GATTTGGTGTTTAGATCGAACATT	1
464	463	1	ATTTGGTGTTTAGATCGAACATTT	1
465	464	1	TTTGGTGTTTAGATCGAACATTTC	1
466	465	1	TTGGTGTTTAGATCGAACATTTCA	1
467	466	1	TGGTGTTTAGATCGAACATTTCAG	1
468	467	1	GGTGTTTAGATCGAACATTTCAGC	1
469	468	1	GTGTTTAGATCGAACATTTCAGCT	1
470	469	1	TGTTTAGATCGAACATTTCAGCTC	1
471	470	1	GTTTAGATCGAACATTTCAGCTCA	1
472	471	1	TTTAGATCGAACATTTCAGCTCAT	1
473	472	1	TTAGATCGAACATTTCAGCTCATC	1
474	473	1	TAGATCGAACATTTCAGCTCATCT	1
475	474	1	AGATCGAACATTTCAGCTCATCTA	1
476	475	1	GATCGAACATTTCAGCTCATCTAT	1
477	476	1	ATCGAACATTTCAGCTCATCTATA	1
478	477	1	TCGAACATTTCAGCTCATCTATAA	1
479	478	1	CGAACATTTCAGCTCATCTATAAA	1
480	479	1	GAACATTTCAGCTCATCTATAAAA	1
481	480	1	AACATTTCAGCTCATCTATAAAAT	1
482	481	1	ACATTTCAGCTCATCTATAAAATT	1
483	482	1	CATTTCAGCTCATCTATAAAATTG	1
