Component 483
1	-1	0	ATATGACTTCTGCGTTTCAAATAT	1
2	1	1	TATGACTTCTGCGTTTCAAATATT	1
3	2	1	ATGACTTCTGCGTTTCAAATATTT	1
4	3	1	TGACTTCTGCGTTTCAAATATTTT	1
5	4	1	GACTTCTGCGTTTCAAATATTTTA	1
6	5	1	ACTTCTGCGTTTCAAATATTTTAG	1
7	6	1	CTTCTGCGTTTCAAATATTTTAGA	1
8	7	1	TTCTGCGTTTCAAATATTTTAGAT	1
9	8	1	TCTGCGTTTCAAATATTTTAGATG	1
10	9	1	CTGCGTTTCAAATATTTTAGATGG	1
11	10	1	TGCGTTTCAAATATTTTAGATGGC	1
12	11	1	GCGTTTCAAATATTTTAGATGGCC	1
13	12	1	CGTTTCAAATATTTTAGATGGCCA	1
14	13	1	GTTTCAAATATTTTAGATGGCCAA	1
15	14	1	TTTCAAATATTTTAGATGGCCAAA	1
16	15	1	TTCAAATATTTTAGATGGCCAAAG	1
17	16	1	TCAAATATTTTAGATGGCCAAAGA	1
18	17	1	CAAATATTTTAGATGGCCAAAGAA	1
19	18	1	AAATATTTTAGATGGCCAAAGAAA	1
20	19	1	AATATTTTAGATGGCCAAAGAAAC	1
21	20	1	ATATTTTAGATGGCCAAAGAAACT	1
22	21	1	TATTTTAGATGGCCAAAGAAACTA	1
23	22	1	ATTTTAGATGGCCAAAGAAACTAA	1
24	23	1	TTTTAGATGGCCAAAGAAACTAAA	1
25	24	1	TTTAGATGGCCAAAGAAACTAAAG	1
26	25	1	TTAGATGGCCAAAGAAACTAAAGG	1
27	26	1	TAGATGGCCAAAGAAACTAAAGGC	1
28	27	1	AGATGGCCAAAGAAACTAAAGGCC	1
29	28	1	GATGGCCAAAGAAACTAAAGGCCT	1
30	29	2	ATGGCCAAAGAAACTAAAGGCCTT	1
31	30	2	TGGCCAAAGAAACTAAAGGCCTTA	1
32	31	2	GGCCAAAGAAACTAAAGGCCTTAC	1
33	32	2	GCCAAAGAAACTAAAGGCCTTACC	1
34	33	2	CCAAAGAAACTAAAGGCCTTACCT	1
35	34	2	CAAAGAAACTAAAGGCCTTACCTT	1
36	35	2	AAAGAAACTAAAGGCCTTACCTTG	1
37	36	2	AAGAAACTAAAGGCCTTACCTTGG	1
38	37	2	AGAAACTAAAGGCCTTACCTTGGA	1
39	38	2	GAAACTAAAGGCCTTACCTTGGAA	1
40	39	2	AAACTAAAGGCCTTACCTTGGAAG	1
41	40	2	AACTAAAGGCCTTACCTTGGAAGA	1
42	41	2	ACTAAAGGCCTTACCTTGGAAGAA	1
43	42	2	CTAAAGGCCTTACCTTGGAAGAAG	1
44	43	3	TAAAGGCCTTACCTTGGAAGAAGT	1
45	44	3	AAAGGCCTTACCTTGGAAGAAGTT	1
46	45	3	AAGGCCTTACCTTGGAAGAAGTTA	1
47	46	3	AGGCCTTACCTTGGAAGAAGTTAA	1
48	47	3	GGCCTTACCTTGGAAGAAGTTAAT	1
49	48	3	GCCTTACCTTGGAAGAAGTTAATG	1
50	49	3	CCTTACCTTGGAAGAAGTTAATGA	1
51	50	3	CTTACCTTGGAAGAAGTTAATGAA	1
52	51	3	TTACCTTGGAAGAAGTTAATGAAT	1
53	52	3	TACCTTGGAAGAAGTTAATGAATT	1
54	53	3	ACCTTGGAAGAAGTTAATGAATTA	1
55	54	3	CCTTGGAAGAAGTTAATGAATTAT	1
56	55	3	CTTGGAAGAAGTTAATGAATTATA	1
57	56	3	TTGGAAGAAGTTAATGAATTATAC	1
58	57	3	TGGAAGAAGTTAATGAATTATACG	1
59	58	3	GGAAGAAGTTAATGAATTATACGA	1
60	59	3	GAAGAAGTTAATGAATTATACGAG	1
61	60	3	AAGAAGTTAATGAATTATACGAGT	1
62	61	3	AGAAGTTAATGAATTATACGAGTC	1
63	62	3	GAAGTTAATGAATTATACGAGTCT	1
64	63	3	AAGTTAATGAATTATACGAGTCTG	1
65	64	3	AGTTAATGAATTATACGAGTCTGA	1
66	65	3	GTTAATGAATTATACGAGTCTGAC	1
67	66	3	TTAATGAATTATACGAGTCTGACA	1
68	67	3	TAATGAATTATACGAGTCTGACAT	1
69	68	3	AATGAATTATACGAGTCTGACATT	1
70	69	3	ATGAATTATACGAGTCTGACATTA	1
71	70	3	TGAATTATACGAGTCTGACATTAA	1
72	71	3	GAATTATACGAGTCTGACATTAAG	1
73	72	2	AATTATACGAGTCTGACATTAAGC	1
74	73	2	ATTATACGAGTCTGACATTAAGCC	1
75	74	2	TTATACGAGTCTGACATTAAGCCA	1
76	75	2	TATACGAGTCTGACATTAAGCCAT	1
77	76	2	ATACGAGTCTGACATTAAGCCATG	1
78	77	3	TACGAGTCTGACATTAAGCCATGG	1
79	78	3	ACGAGTCTGACATTAAGCCATGGG	1
80	79	3	CGAGTCTGACATTAAGCCATGGGA	1
81	80	3	GAGTCTGACATTAAGCCATGGGAT	1
82	81	3	AGTCTGACATTAAGCCATGGGATT	1
83	82	3	GTCTGACATTAAGCCATGGGATTC	1
84	83	3	TCTGACATTAAGCCATGGGATTCC	1
85	84	3	CTGACATTAAGCCATGGGATTCCT	1
86	85	3	TGACATTAAGCCATGGGATTCCTA	1
87	86	2	GACATTAAGCCATGGGATTCCTAT	1
88	87	2	ACATTAAGCCATGGGATTCCTATA	1
89	88	1	CATTAAGCCATGGGATTCCTATAA	1
90	89	1	ATTAAGCCATGGGATTCCTATAAG	1
91	90	1	TTAAGCCATGGGATTCCTATAAGT	1
92	91	2	TAAGCCATGGGATTCCTATAAGTA	1
93	92	2	AAGCCATGGGATTCCTATAAGTAC	1
94	93	2	AGCCATGGGATTCCTATAAGTACG	1
95	94	2	GCCATGGGATTCCTATAAGTACGT	1
96	95	2	CCATGGGATTCCTATAAGTACGTG	1
97	96	2	CATGGGATTCCTATAAGTACGTGA	1
98	97	2	ATGGGATTCCTATAAGTACGTGAG	1
99	98	2	TGGGATTCCTATAAGTACGTGAGA	1
100	99	2	GGGATTCCTATAAGTACGTGAGAC	1
101	100	2	GGATTCCTATAAGTACGTGAGACA	1
102	101	2	GATTCCTATAAGTACGTGAGACAA	1
103	102	2	ATTCCTATAAGTACGTGAGACAAA	1
104	103	2	TTCCTATAAGTACGTGAGACAAAT	1
105	104	2	TCCTATAAGTACGTGAGACAAATT	1
106	105	2	CCTATAAGTACGTGAGACAAATTG	1
107	106	2	CTATAAGTACGTGAGACAAATTGA	1
108	107	2	TATAAGTACGTGAGACAAATTGAA	1
109	108	2	ATAAGTACGTGAGACAAATTGAAT	1
110	109	2	TAAGTACGTGAGACAAATTGAATC	1
111	110	2	AAGTACGTGAGACAAATTGAATCT	1
112	111	2	AGTACGTGAGACAAATTGAATCTC	1
113	112	2	GTACGTGAGACAAATTGAATCTCG	1
114	113	2	TACGTGAGACAAATTGAATCTCGT	1
115	114	2	ACGTGAGACAAATTGAATCTCGTC	1
116	115	2	CGTGAGACAAATTGAATCTCGTCG	1
117	116	2	GTGAGACAAATTGAATCTCGTCGT	1
118	117	2	TGAGACAAATTGAATCTCGTCGTA	1
119	118	2	GAGACAAATTGAATCTCGTCGTAT	1
120	119	2	AGACAAATTGAATCTCGTCGTATA	1
121	120	2	GACAAATTGAATCTCGTCGTATAC	1
122	121	1	ACAAATTGAATCTCGTCGTATACA	1
123	122	2	CAAATTGAATCTCGTCGTATACAC	1
124	123	2	AAATTGAATCTCGTCGTATACACT	1
125	124	2	AATTGAATCTCGTCGTATACACTT	1
126	125	2	ATTGAATCTCGTCGTATACACTTC	1
127	126	2	TTGAATCTCGTCGTATACACTTCA	1
128	127	2	TGAATCTCGTCGTATACACTTCAG	1
129	128	2	GAATCTCGTCGTATACACTTCAGT	1
130	129	2	AATCTCGTCGTATACACTTCAGTA	1
131	130	2	ATCTCGTCGTATACACTTCAGTAA	1
132	131	2	TCTCGTCGTATACACTTCAGTAAA	1
133	132	2	CTCGTCGTATACACTTCAGTAAAG	1
134	133	2	TCGTCGTATACACTTCAGTAAAGA	1
135	134	2	CGTCGTATACACTTCAGTAAAGAA	1
136	135	1	GTCGTATACACTTCAGTAAAGAAG	1
137	136	1	TCGTATACACTTCAGTAAAGAAGA	1
138	137	1	CGTATACACTTCAGTAAAGAAGAA	1
139	138	1	GTATACACTTCAGTAAAGAAGAAG	1
140	139	1	TATACACTTCAGTAAAGAAGAAGA	1
141	140	1	ATACACTTCAGTAAAGAAGAAGAA	1
142	141	1	TACACTTCAGTAAAGAAGAAGAAA	1
143	142	1	ACACTTCAGTAAAGAAGAAGAAAA	1
144	143	1	CACTTCAGTAAAGAAGAAGAAAAG	1
145	144	1	ACTTCAGTAAAGAAGAAGAAAAGC	1
146	145	1	CTTCAGTAAAGAAGAAGAAAAGCG	1
147	146	1	TTCAGTAAAGAAGAAGAAAAGCGA	1
148	147	1	TCAGTAAAGAAGAAGAAAAGCGAG	1
149	148	1	CAGTAAAGAAGAAGAAAAGCGAGA	1
150	149	1	AGTAAAGAAGAAGAAAAGCGAGAA	1
151	150	1	GTAAAGAAGAAGAAAAGCGAGAAA	1
152	151	1	TAAAGAAGAAGAAAAGCGAGAAAG	1
153	152	1	AAAGAAGAAGAAAAGCGAGAAAGA	1
154	153	1	AAGAAGAAGAAAAGCGAGAAAGAG	1
155	154	1	AGAAGAAGAAAAGCGAGAAAGAGA	1
156	155	1	GAAGAAGAAAAGCGAGAAAGAGAG	1
157	156	1	AAGAAGAAAAGCGAGAAAGAGAGA	1
158	157	1	AGAAGAAAAGCGAGAAAGAGAGAA	1
159	158	1	GAAGAAAAGCGAGAAAGAGAGAAG	1
160	159	1	AAGAAAAGCGAGAAAGAGAGAAGT	1
161	160	1	AGAAAAGCGAGAAAGAGAGAAGTC	1
162	161	1	GAAAAGCGAGAAAGAGAGAAGTCA	1
163	162	1	AAAAGCGAGAAAGAGAGAAGTCAA	1
164	163	1	AAAGCGAGAAAGAGAGAAGTCAAA	1
165	164	1	AAGCGAGAAAGAGAGAAGTCAAAA	1
166	165	1	AGCGAGAAAGAGAGAAGTCAAAAG	1
167	-1	0	TCCTTTGCATCTGCTGGCGCACAC	1
168	167	2	CCTTTGCATCTGCTGGCGCACACT	1
169	168	2	CTTTGCATCTGCTGGCGCACACTC	1
170	169	2	TTTGCATCTGCTGGCGCACACTCC	1
171	170	3	TTGCATCTGCTGGCGCACACTCCA	1
172	171	3	TGCATCTGCTGGCGCACACTCCAG	1
173	172	3	GCATCTGCTGGCGCACACTCCAGA	1
174	173	3	CATCTGCTGGCGCACACTCCAGAT	1
175	174	4	ATCTGCTGGCGCACACTCCAGATC	1
176	175	4	TCTGCTGGCGCACACTCCAGATCG	1
177	176	4	CTGCTGGCGCACACTCCAGATCGG	1
178	177	4	TGCTGGCGCACACTCCAGATCGGT	1
179	178	4	GCTGGCGCACACTCCAGATCGGTT	1
180	179	4	CTGGCGCACACTCCAGATCGGTTT	1
181	180	4	TGGCGCACACTCCAGATCGGTTTT	1
182	181	4	GGCGCACACTCCAGATCGGTTTTT	1
183	182	4	GCGCACACTCCAGATCGGTTTTTC	1
184	183	4	CGCACACTCCAGATCGGTTTTTCC	1
185	184	4	GCACACTCCAGATCGGTTTTTCCT	1
186	185	4	CACACTCCAGATCGGTTTTTCCTA	1
187	186	4	ACACTCCAGATCGGTTTTTCCTAG	1
188	187	4	CACTCCAGATCGGTTTTTCCTAGG	1
189	188	4	ACTCCAGATCGGTTTTTCCTAGGA	1
190	189	4	CTCCAGATCGGTTTTTCCTAGGAG	1
191	190	4	TCCAGATCGGTTTTTCCTAGGAGG	1
192	191	4	CCAGATCGGTTTTTCCTAGGAGGT	1
193	192	4	CAGATCGGTTTTTCCTAGGAGGTC	1
194	193	4	AGATCGGTTTTTCCTAGGAGGTCA	1
195	194	4	GATCGGTTTTTCCTAGGAGGTCAA	1
196	195	4	ATCGGTTTTTCCTAGGAGGTCAAA	1
197	196	4	TCGGTTTTTCCTAGGAGGTCAAAC	1
198	197	4	CGGTTTTTCCTAGGAGGTCAAACG	1
199	198	4	GGTTTTTCCTAGGAGGTCAAACGT	1
200	199	4	GTTTTTCCTAGGAGGTCAAACGTG	1
201	200	4	TTTTTCCTAGGAGGTCAAACGTGT	1
202	201	4	TTTTCCTAGGAGGTCAAACGTGTC	1
203	202	4	TTTCCTAGGAGGTCAAACGTGTCA	1
204	203	4	TTCCTAGGAGGTCAAACGTGTCAG	1
205	204	4	TCCTAGGAGGTCAAACGTGTCAGA	1
206	205	4	CCTAGGAGGTCAAACGTGTCAGAA	1
207	206	4	CTAGGAGGTCAAACGTGTCAGAAG	1
208	207	4	TAGGAGGTCAAACGTGTCAGAAGA	1
209	208	4	AGGAGGTCAAACGTGTCAGAAGAA	1
210	209	4	GGAGGTCAAACGTGTCAGAAGAAT	1
211	210	4	GAGGTCAAACGTGTCAGAAGAATC	1
212	211	2	AGGTCAAACGTGTCAGAAGAATCA	1
213	212	2	GGTCAAACGTGTCAGAAGAATCAC	1
214	213	2	GTCAAACGTGTCAGAAGAATCACA	1
215	214	1	TCAAACGTGTCAGAAGAATCACAC	1
216	215	1	CAAACGTGTCAGAAGAATCACACC	1
217	216	1	AAACGTGTCAGAAGAATCACACCC	1
218	217	1	AACGTGTCAGAAGAATCACACCCG	1
219	-1	0	GCTGGGTTATTGTCGGCGAAACCT	1
220	219	1	CTGGGTTATTGTCGGCGAAACCTT	1
221	220	1	TGGGTTATTGTCGGCGAAACCTTT	1
222	221	3	GGGTTATTGTCGGCGAAACCTTTC	1
223	222	3	GGTTATTGTCGGCGAAACCTTTCC	1
224	223	3	GTTATTGTCGGCGAAACCTTTCCA	1
225	224	3	TTATTGTCGGCGAAACCTTTCCAA	1
226	225	3	TATTGTCGGCGAAACCTTTCCAAT	1
227	226	3	ATTGTCGGCGAAACCTTTCCAATA	1
228	227	3	TTGTCGGCGAAACCTTTCCAATAC	1
229	228	3	TGTCGGCGAAACCTTTCCAATACG	1
230	229	3	GTCGGCGAAACCTTTCCAATACGG	1
231	230	3	TCGGCGAAACCTTTCCAATACGGT	1
232	231	3	CGGCGAAACCTTTCCAATACGGTA	1
233	232	3	GGCGAAACCTTTCCAATACGGTAT	1
234	233	4	GCGAAACCTTTCCAATACGGTATC	1
235	234	4	CGAAACCTTTCCAATACGGTATCG	1
236	235	4	GAAACCTTTCCAATACGGTATCGT	1
237	236	4	AAACCTTTCCAATACGGTATCGTA	1
238	237	4	AACCTTTCCAATACGGTATCGTAG	1
239	238	4	ACCTTTCCAATACGGTATCGTAGC	1
240	239	4	CCTTTCCAATACGGTATCGTAGCA	1
241	240	4	CTTTCCAATACGGTATCGTAGCAA	1
242	241	4	TTTCCAATACGGTATCGTAGCAAA	1
243	242	4	TTCCAATACGGTATCGTAGCAAAT	1
244	243	4	TCCAATACGGTATCGTAGCAAATG	1
245	244	4	CCAATACGGTATCGTAGCAAATGT	1
246	245	4	CAATACGGTATCGTAGCAAATGTG	1
247	246	4	AATACGGTATCGTAGCAAATGTGC	1
248	247	5	ATACGGTATCGTAGCAAATGTGCT	1
249	248	5	TACGGTATCGTAGCAAATGTGCTG	1
250	249	4	ACGGTATCGTAGCAAATGTGCTGC	1
251	250	4	CGGTATCGTAGCAAATGTGCTGCT	1
252	251	4	GGTATCGTAGCAAATGTGCTGCTG	1
253	252	4	GTATCGTAGCAAATGTGCTGCTGT	1
254	253	4	TATCGTAGCAAATGTGCTGCTGTA	1
255	254	4	ATCGTAGCAAATGTGCTGCTGTAG	1
256	255	4	TCGTAGCAAATGTGCTGCTGTAGC	1
257	256	4	CGTAGCAAATGTGCTGCTGTAGCC	1
258	257	4	GTAGCAAATGTGCTGCTGTAGCCA	1
259	258	4	TAGCAAATGTGCTGCTGTAGCCAC	1
260	259	4	AGCAAATGTGCTGCTGTAGCCACA	1
261	260	4	GCAAATGTGCTGCTGTAGCCACAT	1
262	261	4	CAAATGTGCTGCTGTAGCCACATC	1
263	262	4	AAATGTGCTGCTGTAGCCACATCG	1
264	263	4	AATGTGCTGCTGTAGCCACATCGG	1
265	264	4	ATGTGCTGCTGTAGCCACATCGGG	1
266	265	1	TGTGCTGCTGTAGCCACATCGGGT	1
267	266	1	GTGCTGCTGTAGCCACATCGGGTA	1
268	267	1	TGCTGCTGTAGCCACATCGGGTAA	1
269	268	1	GCTGCTGTAGCCACATCGGGTAAT	1
270	269	1	CTGCTGTAGCCACATCGGGTAATT	1
271	270	1	TGCTGTAGCCACATCGGGTAATTG	1
272	271	1	GCTGTAGCCACATCGGGTAATTGG	1
273	272	1	CTGTAGCCACATCGGGTAATTGGC	1
274	273	1	TGTAGCCACATCGGGTAATTGGCT	1
275	274	2	GTAGCCACATCGGGTAATTGGCTG	1
276	275	2	TAGCCACATCGGGTAATTGGCTGG	1
277	276	3	AGCCACATCGGGTAATTGGCTGGG	1
278	277	2	GCCACATCGGGTAATTGGCTGGGC	1
279	278	2	CCACATCGGGTAATTGGCTGGGCA	1
280	279	2	CACATCGGGTAATTGGCTGGGCAA	1
281	280	2	ACATCGGGTAATTGGCTGGGCAAC	1
282	281	2	CATCGGGTAATTGGCTGGGCAACT	1
283	282	2	ATCGGGTAATTGGCTGGGCAACTT	1
284	283	2	TCGGGTAATTGGCTGGGCAACTTT	1
285	284	2	CGGGTAATTGGCTGGGCAACTTTA	1
286	285	2	GGGTAATTGGCTGGGCAACTTTAT	1
287	286	3	GGTAATTGGCTGGGCAACTTTATG	1
288	287	3	GTAATTGGCTGGGCAACTTTATGG	1
289	288	3	TAATTGGCTGGGCAACTTTATGGT	1
290	289	3	AATTGGCTGGGCAACTTTATGGTT	1
291	290	3	ATTGGCTGGGCAACTTTATGGTTT	1
292	291	3	TTGGCTGGGCAACTTTATGGTTTC	1
293	292	3	TGGCTGGGCAACTTTATGGTTTCA	1
294	293	3	GGCTGGGCAACTTTATGGTTTCAT	1
295	294	4	GCTGGGCAACTTTATGGTTTCATT	1
296	295	4	CTGGGCAACTTTATGGTTTCATTC	1
297	296	4	TGGGCAACTTTATGGTTTCATTCT	1
298	297	4	GGGCAACTTTATGGTTTCATTCTT	1
299	298	4	GGCAACTTTATGGTTTCATTCTTC	1
300	299	4	GCAACTTTATGGTTTCATTCTTCA	1
301	300	4	CAACTTTATGGTTTCATTCTTCAC	1
302	301	2	AACTTTATGGTTTCATTCTTCACT	1
303	302	2	ACTTTATGGTTTCATTCTTCACTC	1
304	303	2	CTTTATGGTTTCATTCTTCACTCC	1
305	304	2	TTTATGGTTTCATTCTTCACTCCT	1
306	305	2	TTATGGTTTCATTCTTCACTCCTT	1
307	306	2	TATGGTTTCATTCTTCACTCCTTT	1
308	307	2	ATGGTTTCATTCTTCACTCCTTTC	1
309	308	2	TGGTTTCATTCTTCACTCCTTTCA	1
310	309	2	GGTTTCATTCTTCACTCCTTTCAT	1
311	310	2	GTTTCATTCTTCACTCCTTTCATC	1
312	311	2	TTTCATTCTTCACTCCTTTCATCT	1
313	312	2	TTCATTCTTCACTCCTTTCATCTC	1
314	313	2	TCATTCTTCACTCCTTTCATCTCA	1
315	314	2	CATTCTTCACTCCTTTCATCTCAA	1
316	315	2	ATTCTTCACTCCTTTCATCTCAAA	1
317	316	2	TTCTTCACTCCTTTCATCTCAAAT	1
318	317	2	TCTTCACTCCTTTCATCTCAAATT	1
319	318	2	CTTCACTCCTTTCATCTCAAATTC	1
320	319	2	TTCACTCCTTTCATCTCAAATTCT	1
321	320	2	TCACTCCTTTCATCTCAAATTCTA	1
322	321	2	CACTCCTTTCATCTCAAATTCTAT	1
323	322	2	ACTCCTTTCATCTCAAATTCTATT	1
324	323	2	CTCCTTTCATCTCAAATTCTATTG	1
325	324	2	TCCTTTCATCTCAAATTCTATTGG	1
326	325	2	CCTTTCATCTCAAATTCTATTGGG	1
327	326	2	CTTTCATCTCAAATTCTATTGGGT	1
328	327	2	TTTCATCTCAAATTCTATTGGGTT	1
329	328	2	TTCATCTCAAATTCTATTGGGTTC	1
330	329	2	TCATCTCAAATTCTATTGGGTTCA	1
331	330	1	CATCTCAAATTCTATTGGGTTCAA	1
332	331	1	ATCTCAAATTCTATTGGGTTCAAA	1
333	332	1	TCTCAAATTCTATTGGGTTCAAAC	1
334	333	1	CTCAAATTCTATTGGGTTCAAACT	1
335	334	1	TCAAATTCTATTGGGTTCAAACTT	1
336	335	1	CAAATTCTATTGGGTTCAAACTTG	1
337	336	1	AAATTCTATTGGGTTCAAACTTGG	1
338	337	1	AATTCTATTGGGTTCAAACTTGGG	1
