Component 485
1	-1	0	TCTCCTTTCTAGTAATATTTTTGC	1
2	1	2	CTCCTTTCTAGTAATATTTTTGCC	1
3	2	2	TCCTTTCTAGTAATATTTTTGCCG	1
4	3	2	CCTTTCTAGTAATATTTTTGCCGT	1
5	4	2	CTTTCTAGTAATATTTTTGCCGTT	1
6	5	2	TTTCTAGTAATATTTTTGCCGTTT	1
7	6	2	TTCTAGTAATATTTTTGCCGTTTT	1
8	7	2	TCTAGTAATATTTTTGCCGTTTTC	1
9	8	2	CTAGTAATATTTTTGCCGTTTTCT	1
10	9	3	TAGTAATATTTTTGCCGTTTTCTT	1
11	10	3	AGTAATATTTTTGCCGTTTTCTTT	1
12	11	3	GTAATATTTTTGCCGTTTTCTTTC	1
13	12	3	TAATATTTTTGCCGTTTTCTTTCT	1
14	13	3	AATATTTTTGCCGTTTTCTTTCTT	1
15	14	3	ATATTTTTGCCGTTTTCTTTCTTC	1
16	15	3	TATTTTTGCCGTTTTCTTTCTTCT	1
17	16	3	ATTTTTGCCGTTTTCTTTCTTCTT	1
18	17	5	TTTTTGCCGTTTTCTTTCTTCTTT	1
19	18	5	TTTTGCCGTTTTCTTTCTTCTTTA	1
20	19	5	TTTGCCGTTTTCTTTCTTCTTTAC	1
21	20	5	TTGCCGTTTTCTTTCTTCTTTACC	1
22	21	5	TGCCGTTTTCTTTCTTCTTTACCA	1
23	22	6	GCCGTTTTCTTTCTTCTTTACCAA	1
24	23	6	CCGTTTTCTTTCTTCTTTACCAAT	1
25	24	6	CGTTTTCTTTCTTCTTTACCAATA	1
26	25	6	GTTTTCTTTCTTCTTTACCAATAT	1
27	26	7	TTTTCTTTCTTCTTTACCAATATT	1
28	27	7	TTTCTTTCTTCTTTACCAATATTT	1
29	28	7	TTCTTTCTTCTTTACCAATATTTC	1
30	29	7	TCTTTCTTCTTTACCAATATTTCT	1
31	30	7	CTTTCTTCTTTACCAATATTTCTA	1
32	31	7	TTTCTTCTTTACCAATATTTCTAT	1
33	32	7	TTCTTCTTTACCAATATTTCTATT	1
34	33	7	TCTTCTTTACCAATATTTCTATTT	1
35	34	7	CTTCTTTACCAATATTTCTATTTC	1
36	35	7	TTCTTTACCAATATTTCTATTTCT	1
37	36	7	TCTTTACCAATATTTCTATTTCTC	1
38	37	7	CTTTACCAATATTTCTATTTCTCT	1
39	38	7	TTTACCAATATTTCTATTTCTCTC	1
40	39	7	TTACCAATATTTCTATTTCTCTCA	1
41	40	7	TACCAATATTTCTATTTCTCTCAT	1
42	41	7	ACCAATATTTCTATTTCTCTCATT	1
43	42	7	CCAATATTTCTATTTCTCTCATTT	1
44	43	7	CAATATTTCTATTTCTCTCATTTA	1
45	44	7	AATATTTCTATTTCTCTCATTTAT	1
46	45	5	ATATTTCTATTTCTCTCATTTATC	1
47	46	5	TATTTCTATTTCTCTCATTTATCA	1
48	47	5	ATTTCTATTTCTCTCATTTATCAT	1
49	48	5	TTTCTATTTCTCTCATTTATCATT	1
50	49	5	TTCTATTTCTCTCATTTATCATTT	1
51	50	6	TCTATTTCTCTCATTTATCATTTC	1
52	51	6	CTATTTCTCTCATTTATCATTTCA	1
53	52	6	TATTTCTCTCATTTATCATTTCAC	1
54	53	5	ATTTCTCTCATTTATCATTTCACG	1
55	54	5	TTTCTCTCATTTATCATTTCACGT	1
56	55	5	TTCTCTCATTTATCATTTCACGTT	1
57	56	5	TCTCTCATTTATCATTTCACGTTT	1
58	57	5	CTCTCATTTATCATTTCACGTTTT	1
59	58	5	TCTCATTTATCATTTCACGTTTTA	1
60	59	5	CTCATTTATCATTTCACGTTTTAT	1
61	60	5	TCATTTATCATTTCACGTTTTATT	1
62	61	3	CATTTATCATTTCACGTTTTATTT	1
63	62	3	ATTTATCATTTCACGTTTTATTTT	1
64	63	3	TTTATCATTTCACGTTTTATTTTT	1
65	64	3	TTATCATTTCACGTTTTATTTTTC	1
66	65	3	TATCATTTCACGTTTTATTTTTCT	1
67	66	2	ATCATTTCACGTTTTATTTTTCTC	1
68	67	2	TCATTTCACGTTTTATTTTTCTCC	1
69	68	2	CATTTCACGTTTTATTTTTCTCCC	1
70	69	2	ATTTCACGTTTTATTTTTCTCCCT	1
71	70	1	TTTCACGTTTTATTTTTCTCCCTT	1
72	71	1	TTCACGTTTTATTTTTCTCCCTTA	1
73	72	1	TCACGTTTTATTTTTCTCCCTTAA	1
74	73	1	CACGTTTTATTTTTCTCCCTTAAT	1
75	74	1	ACGTTTTATTTTTCTCCCTTAATC	1
76	75	1	CGTTTTATTTTTCTCCCTTAATCT	1
77	76	1	GTTTTATTTTTCTCCCTTAATCTA	1
78	77	1	TTTTATTTTTCTCCCTTAATCTAG	1
79	78	1	TTTATTTTTCTCCCTTAATCTAGC	1
80	79	1	TTATTTTTCTCCCTTAATCTAGCC	1
81	80	1	TATTTTTCTCCCTTAATCTAGCCA	1
82	81	1	ATTTTTCTCCCTTAATCTAGCCAT	1
83	82	1	TTTTTCTCCCTTAATCTAGCCATC	1
84	83	1	TTTTCTCCCTTAATCTAGCCATCG	1
85	84	1	TTTCTCCCTTAATCTAGCCATCGA	1
86	85	1	TTCTCCCTTAATCTAGCCATCGAC	1
87	86	1	TCTCCCTTAATCTAGCCATCGACC	1
88	87	1	CTCCCTTAATCTAGCCATCGACCA	1
89	88	1	TCCCTTAATCTAGCCATCGACCAG	1
90	89	1	CCCTTAATCTAGCCATCGACCAGA	1
91	90	1	CCTTAATCTAGCCATCGACCAGAT	1
92	91	1	CTTAATCTAGCCATCGACCAGATG	1
93	92	1	TTAATCTAGCCATCGACCAGATGT	1
94	93	1	TAATCTAGCCATCGACCAGATGTT	1
95	-1	0	TCTGATTTCATTAAAAGACCCGCT	1
96	95	1	CTGATTTCATTAAAAGACCCGCTC	1
97	96	3	TGATTTCATTAAAAGACCCGCTCC	1
98	97	3	GATTTCATTAAAAGACCCGCTCCT	1
99	98	4	ATTTCATTAAAAGACCCGCTCCTT	1
100	99	4	TTTCATTAAAAGACCCGCTCCTTC	1
101	100	4	TTCATTAAAAGACCCGCTCCTTCT	1
102	101	4	TCATTAAAAGACCCGCTCCTTCTC	1
103	102	4	CATTAAAAGACCCGCTCCTTCTCA	1
104	103	4	ATTAAAAGACCCGCTCCTTCTCAC	1
105	104	4	TTAAAAGACCCGCTCCTTCTCACT	1
106	105	5	TAAAAGACCCGCTCCTTCTCACTT	1
107	106	5	AAAAGACCCGCTCCTTCTCACTTC	1
108	107	5	AAAGACCCGCTCCTTCTCACTTCA	1
109	108	5	AAGACCCGCTCCTTCTCACTTCAA	1
110	109	5	AGACCCGCTCCTTCTCACTTCAAT	1
111	110	5	GACCCGCTCCTTCTCACTTCAATC	1
112	111	5	ACCCGCTCCTTCTCACTTCAATCC	1
113	112	5	CCCGCTCCTTCTCACTTCAATCCC	1
114	113	5	CCGCTCCTTCTCACTTCAATCCCC	1
115	114	5	CGCTCCTTCTCACTTCAATCCCCA	1
116	115	6	GCTCCTTCTCACTTCAATCCCCAA	1
117	116	6	CTCCTTCTCACTTCAATCCCCAAT	1
118	117	6	TCCTTCTCACTTCAATCCCCAATT	1
119	118	6	CCTTCTCACTTCAATCCCCAATTT	1
120	119	6	CTTCTCACTTCAATCCCCAATTTA	1
121	120	6	TTCTCACTTCAATCCCCAATTTAC	1
122	121	6	TCTCACTTCAATCCCCAATTTACC	1
123	122	6	CTCACTTCAATCCCCAATTTACCC	1
124	123	6	TCACTTCAATCCCCAATTTACCCC	1
125	124	6	CACTTCAATCCCCAATTTACCCCG	1
126	125	6	ACTTCAATCCCCAATTTACCCCGT	1
127	126	6	CTTCAATCCCCAATTTACCCCGTT	1
128	127	7	TTCAATCCCCAATTTACCCCGTTT	1
129	128	7	TCAATCCCCAATTTACCCCGTTTA	1
130	129	7	CAATCCCCAATTTACCCCGTTTAC	1
131	130	7	AATCCCCAATTTACCCCGTTTACC	1
132	131	7	ATCCCCAATTTACCCCGTTTACCA	1
133	132	7	TCCCCAATTTACCCCGTTTACCAA	1
134	133	7	CCCCAATTTACCCCGTTTACCAAA	1
135	134	7	CCCAATTTACCCCGTTTACCAAAT	1
136	135	7	CCAATTTACCCCGTTTACCAAATC	1
137	136	7	CAATTTACCCCGTTTACCAAATCG	1
138	137	7	AATTTACCCCGTTTACCAAATCGT	1
139	138	7	ATTTACCCCGTTTACCAAATCGTT	1
140	139	6	TTTACCCCGTTTACCAAATCGTTA	1
141	140	4	TTACCCCGTTTACCAAATCGTTAG	1
142	141	4	TACCCCGTTTACCAAATCGTTAGC	1
143	142	3	ACCCCGTTTACCAAATCGTTAGCC	1
144	143	3	CCCCGTTTACCAAATCGTTAGCCC	1
145	144	3	CCCGTTTACCAAATCGTTAGCCCC	1
146	145	3	CCGTTTACCAAATCGTTAGCCCCT	1
147	146	3	CGTTTACCAAATCGTTAGCCCCTC	1
148	147	3	GTTTACCAAATCGTTAGCCCCTCC	1
149	148	2	TTTACCAAATCGTTAGCCCCTCCG	1
150	149	2	TTACCAAATCGTTAGCCCCTCCGC	1
151	150	2	TACCAAATCGTTAGCCCCTCCGCC	1
152	151	2	ACCAAATCGTTAGCCCCTCCGCCA	1
153	152	1	CCAAATCGTTAGCCCCTCCGCCAT	1
154	153	1	CAAATCGTTAGCCCCTCCGCCATC	1
155	154	1	AAATCGTTAGCCCCTCCGCCATCT	1
156	155	1	AATCGTTAGCCCCTCCGCCATCTC	1
157	156	1	ATCGTTAGCCCCTCCGCCATCTCG	1
158	157	1	TCGTTAGCCCCTCCGCCATCTCGT	1
159	158	1	CGTTAGCCCCTCCGCCATCTCGTG	1
160	-1	0	AATAGCTCTAAAATTGTTGCTGTA	1
161	160	1	ATAGCTCTAAAATTGTTGCTGTAA	1
162	161	1	TAGCTCTAAAATTGTTGCTGTAAC	1
163	162	1	AGCTCTAAAATTGTTGCTGTAACT	1
164	163	1	GCTCTAAAATTGTTGCTGTAACTT	1
165	164	1	CTCTAAAATTGTTGCTGTAACTTC	1
166	165	1	TCTAAAATTGTTGCTGTAACTTCA	1
167	166	1	CTAAAATTGTTGCTGTAACTTCAA	1
168	167	1	TAAAATTGTTGCTGTAACTTCAAA	1
169	168	1	AAAATTGTTGCTGTAACTTCAAAG	1
170	169	1	AAATTGTTGCTGTAACTTCAAAGC	1
171	170	1	AATTGTTGCTGTAACTTCAAAGCG	1
172	171	1	ATTGTTGCTGTAACTTCAAAGCGG	1
173	172	1	TTGTTGCTGTAACTTCAAAGCGGG	1
174	173	1	TGTTGCTGTAACTTCAAAGCGGGT	1
175	174	1	GTTGCTGTAACTTCAAAGCGGGTC	1
176	175	1	TTGCTGTAACTTCAAAGCGGGTCG	1
177	176	1	TGCTGTAACTTCAAAGCGGGTCGT	1
178	177	1	GCTGTAACTTCAAAGCGGGTCGTT	1
179	178	1	CTGTAACTTCAAAGCGGGTCGTTT	1
180	179	1	TGTAACTTCAAAGCGGGTCGTTTA	1
181	180	1	GTAACTTCAAAGCGGGTCGTTTAA	1
182	181	1	TAACTTCAAAGCGGGTCGTTTAAA	1
183	182	1	AACTTCAAAGCGGGTCGTTTAAAA	1
184	183	1	ACTTCAAAGCGGGTCGTTTAAAAG	1
185	184	2	CTTCAAAGCGGGTCGTTTAAAAGA	1
186	185	2	TTCAAAGCGGGTCGTTTAAAAGAT	1
187	186	2	TCAAAGCGGGTCGTTTAAAAGATA	1
188	187	2	CAAAGCGGGTCGTTTAAAAGATAA	1
189	188	3	AAAGCGGGTCGTTTAAAAGATAAA	1
190	189	3	AAGCGGGTCGTTTAAAAGATAAAA	1
191	190	3	AGCGGGTCGTTTAAAAGATAAAAA	1
192	191	3	GCGGGTCGTTTAAAAGATAAAAAA	1
193	192	3	CGGGTCGTTTAAAAGATAAAAAAA	1
194	193	3	GGGTCGTTTAAAAGATAAAAAAAA	1
195	194	3	GGTCGTTTAAAAGATAAAAAAAAA	1
196	195	3	GTCGTTTAAAAGATAAAAAAAAAC	1
197	196	3	TCGTTTAAAAGATAAAAAAAAACA	1
198	197	3	CGTTTAAAAGATAAAAAAAAACAC	1
199	198	3	GTTTAAAAGATAAAAAAAAACACA	1
200	199	3	TTTAAAAGATAAAAAAAAACACAA	1
201	200	3	TTAAAAGATAAAAAAAAACACAAA	1
202	201	3	TAAAAGATAAAAAAAAACACAAAA	1
203	202	3	AAAAGATAAAAAAAAACACAAAAA	1
204	203	3	AAAGATAAAAAAAAACACAAAAAC	1
205	204	2	AAGATAAAAAAAAACACAAAAACA	1
206	205	2	AGATAAAAAAAAACACAAAAACAA	1
207	206	2	GATAAAAAAAAACACAAAAACAAT	1
208	207	2	ATAAAAAAAAACACAAAAACAATT	1
209	208	2	TAAAAAAAAACACAAAAACAATTG	1
210	209	3	AAAAAAAAACACAAAAACAATTGA	1
211	210	3	AAAAAAAACACAAAAACAATTGAC	1
212	211	3	AAAAAAACACAAAAACAATTGACA	1
213	212	3	AAAAAACACAAAAACAATTGACAA	1
214	213	3	AAAAACACAAAAACAATTGACAAA	1
215	214	3	AAAACACAAAAACAATTGACAAAT	1
216	215	3	AAACACAAAAACAATTGACAAATA	1
217	216	3	AACACAAAAACAATTGACAAATAA	1
218	217	3	ACACAAAAACAATTGACAAATAAG	1
219	218	3	CACAAAAACAATTGACAAATAAGC	1
220	219	3	ACAAAAACAATTGACAAATAAGCA	1
221	220	3	CAAAAACAATTGACAAATAAGCAA	1
222	221	3	AAAAACAATTGACAAATAAGCAAA	1
223	222	3	AAAACAATTGACAAATAAGCAAAC	1
224	223	3	AAACAATTGACAAATAAGCAAACT	1
225	224	3	AACAATTGACAAATAAGCAAACTA	1
226	225	3	ACAATTGACAAATAAGCAAACTAC	1
227	226	3	CAATTGACAAATAAGCAAACTACT	1
228	227	3	AATTGACAAATAAGCAAACTACTC	1
229	228	2	ATTGACAAATAAGCAAACTACTCC	1
230	229	2	TTGACAAATAAGCAAACTACTCCC	1
231	230	2	TGACAAATAAGCAAACTACTCCCT	1
232	231	2	GACAAATAAGCAAACTACTCCCTG	1
233	232	1	ACAAATAAGCAAACTACTCCCTGT	1
234	233	1	CAAATAAGCAAACTACTCCCTGTT	1
235	234	1	AAATAAGCAAACTACTCCCTGTTT	1
236	235	1	AATAAGCAAACTACTCCCTGTTTC	1
237	236	1	ATAAGCAAACTACTCCCTGTTTCT	1
238	237	1	TAAGCAAACTACTCCCTGTTTCTT	1
239	238	1	AAGCAAACTACTCCCTGTTTCTTC	1
240	239	1	AGCAAACTACTCCCTGTTTCTTCC	1
241	240	1	GCAAACTACTCCCTGTTTCTTCCT	1
242	241	1	CAAACTACTCCCTGTTTCTTCCTT	1
243	242	2	AAACTACTCCCTGTTTCTTCCTTT	1
244	243	2	AACTACTCCCTGTTTCTTCCTTTT	1
245	244	2	ACTACTCCCTGTTTCTTCCTTTTC	1
246	245	3	CTACTCCCTGTTTCTTCCTTTTCT	1
247	246	3	TACTCCCTGTTTCTTCCTTTTCTC	1
248	247	3	ACTCCCTGTTTCTTCCTTTTCTCA	1
249	248	3	CTCCCTGTTTCTTCCTTTTCTCAT	1
250	249	3	TCCCTGTTTCTTCCTTTTCTCATA	1
251	250	3	CCCTGTTTCTTCCTTTTCTCATAA	1
252	251	3	CCTGTTTCTTCCTTTTCTCATAAA	1
253	252	3	CTGTTTCTTCCTTTTCTCATAAAA	1
254	253	2	TGTTTCTTCCTTTTCTCATAAAAT	1
255	254	2	GTTTCTTCCTTTTCTCATAAAATC	1
256	255	2	TTTCTTCCTTTTCTCATAAAATCA	1
257	256	2	TTCTTCCTTTTCTCATAAAATCAT	1
258	257	2	TCTTCCTTTTCTCATAAAATCATC	1
259	258	2	CTTCCTTTTCTCATAAAATCATCC	1
260	259	3	TTCCTTTTCTCATAAAATCATCCA	1
261	260	3	TCCTTTTCTCATAAAATCATCCAT	1
262	261	3	CCTTTTCTCATAAAATCATCCATC	1
263	262	3	CTTTTCTCATAAAATCATCCATCT	1
264	263	3	TTTTCTCATAAAATCATCCATCTC	1
265	264	3	TTTCTCATAAAATCATCCATCTCC	1
266	265	3	TTCTCATAAAATCATCCATCTCCC	1
267	266	3	TCTCATAAAATCATCCATCTCCCT	1
268	267	3	CTCATAAAATCATCCATCTCCCTT	1
269	268	3	TCATAAAATCATCCATCTCCCTTC	1
270	269	3	CATAAAATCATCCATCTCCCTTCC	1
271	270	3	ATAAAATCATCCATCTCCCTTCCC	1
272	271	3	TAAAATCATCCATCTCCCTTCCCT	1
273	272	3	AAAATCATCCATCTCCCTTCCCTT	1
274	273	3	AAATCATCCATCTCCCTTCCCTTT	1
275	274	3	AATCATCCATCTCCCTTCCCTTTT	1
276	275	3	ATCATCCATCTCCCTTCCCTTTTA	1
277	276	3	TCATCCATCTCCCTTCCCTTTTAT	1
278	277	3	CATCCATCTCCCTTCCCTTTTATA	1
279	278	3	ATCCATCTCCCTTCCCTTTTATAT	1
280	279	3	TCCATCTCCCTTCCCTTTTATATA	1
281	280	3	CCATCTCCCTTCCCTTTTATATAC	1
282	281	4	CATCTCCCTTCCCTTTTATATACA	1
283	282	4	ATCTCCCTTCCCTTTTATATACAA	1
284	283	4	TCTCCCTTCCCTTTTATATACAAT	1
285	284	4	CTCCCTTCCCTTTTATATACAATT	1
286	285	4	TCCCTTCCCTTTTATATACAATTC	1
287	286	3	CCCTTCCCTTTTATATACAATTCC	1
288	287	3	CCTTCCCTTTTATATACAATTCCT	1
289	288	3	CTTCCCTTTTATATACAATTCCTT	1
290	289	2	TTCCCTTTTATATACAATTCCTTC	1
291	290	2	TCCCTTTTATATACAATTCCTTCT	1
292	291	2	CCCTTTTATATACAATTCCTTCTA	1
293	292	2	CCTTTTATATACAATTCCTTCTAC	1
294	293	2	CTTTTATATACAATTCCTTCTACA	1
295	294	2	TTTTATATACAATTCCTTCTACAT	1
296	295	2	TTTATATACAATTCCTTCTACATA	1
297	296	2	TTATATACAATTCCTTCTACATAC	1
298	297	2	TATATACAATTCCTTCTACATACA	1
299	298	2	ATATACAATTCCTTCTACATACAT	1
300	299	2	TATACAATTCCTTCTACATACATA	1
301	300	2	ATACAATTCCTTCTACATACATAA	1
302	301	2	TACAATTCCTTCTACATACATAAG	1
303	302	2	ACAATTCCTTCTACATACATAAGC	1
304	303	1	CAATTCCTTCTACATACATAAGCC	1
305	304	1	AATTCCTTCTACATACATAAGCCG	1
306	305	1	ATTCCTTCTACATACATAAGCCGT	1
307	306	2	TTCCTTCTACATACATAAGCCGTG	1
308	307	2	TCCTTCTACATACATAAGCCGTGC	1
309	308	2	CCTTCTACATACATAAGCCGTGCT	1
310	309	2	CTTCTACATACATAAGCCGTGCTG	1
311	310	3	TTCTACATACATAAGCCGTGCTGC	1
312	311	4	TCTACATACATAAGCCGTGCTGCA	1
313	312	4	CTACATACATAAGCCGTGCTGCAC	1
314	313	4	TACATACATAAGCCGTGCTGCACT	1
315	314	4	ACATACATAAGCCGTGCTGCACTA	1
316	315	4	CATACATAAGCCGTGCTGCACTAT	1
317	316	4	ATACATAAGCCGTGCTGCACTATA	1
318	317	4	TACATAAGCCGTGCTGCACTATAG	1
319	318	4	ACATAAGCCGTGCTGCACTATAGT	1
320	319	4	CATAAGCCGTGCTGCACTATAGTA	1
321	320	4	ATAAGCCGTGCTGCACTATAGTAC	1
322	321	4	TAAGCCGTGCTGCACTATAGTACT	1
323	322	4	AAGCCGTGCTGCACTATAGTACTC	1
324	323	4	AGCCGTGCTGCACTATAGTACTCA	1
325	324	4	GCCGTGCTGCACTATAGTACTCAC	1
326	325	3	CCGTGCTGCACTATAGTACTCACA	1
327	326	3	CGTGCTGCACTATAGTACTCACAT	1
328	327	3	GTGCTGCACTATAGTACTCACATA	1
329	328	3	TGCTGCACTATAGTACTCACATAT	1
330	329	3	GCTGCACTATAGTACTCACATATA	1
331	330	3	CTGCACTATAGTACTCACATATAA	1
332	331	3	TGCACTATAGTACTCACATATAAG	1
333	332	3	GCACTATAGTACTCACATATAAGG	1
334	333	3	CACTATAGTACTCACATATAAGGG	1
335	334	3	ACTATAGTACTCACATATAAGGGA	1
336	335	3	CTATAGTACTCACATATAAGGGAA	1
337	336	3	TATAGTACTCACATATAAGGGAAA	1
338	337	3	ATAGTACTCACATATAAGGGAAAT	1
339	338	3	TAGTACTCACATATAAGGGAAATA	1
340	339	3	AGTACTCACATATAAGGGAAATAA	1
341	340	3	GTACTCACATATAAGGGAAATAAA	1
342	341	3	TACTCACATATAAGGGAAATAAAA	1
343	342	3	ACTCACATATAAGGGAAATAAAAA	1
344	343	3	CTCACATATAAGGGAAATAAAAAA	1
345	344	3	TCACATATAAGGGAAATAAAAAAC	1
346	345	3	CACATATAAGGGAAATAAAAAACT	1
347	346	3	ACATATAAGGGAAATAAAAAACTA	1
348	347	3	CATATAAGGGAAATAAAAAACTAA	1
349	348	3	ATATAAGGGAAATAAAAAACTAAA	1
350	349	3	TATAAGGGAAATAAAAAACTAAAA	1
351	350	2	ATAAGGGAAATAAAAAACTAAAAC	1
352	351	2	TAAGGGAAATAAAAAACTAAAACA	1
353	352	2	AAGGGAAATAAAAAACTAAAACAT	1
354	353	2	AGGGAAATAAAAAACTAAAACATT	1
355	354	1	GGGAAATAAAAAACTAAAACATTC	1
356	-1	0	GAAAATATATTTGTTCAATTTTAC	1
357	356	1	AAAATATATTTGTTCAATTTTACT	1
358	357	1	AAATATATTTGTTCAATTTTACTT	1
359	358	1	AATATATTTGTTCAATTTTACTTT	1
360	359	1	ATATATTTGTTCAATTTTACTTTG	1
361	360	1	TATATTTGTTCAATTTTACTTTGT	1
362	361	1	ATATTTGTTCAATTTTACTTTGTT	1
363	362	1	TATTTGTTCAATTTTACTTTGTTT	1
364	363	1	ATTTGTTCAATTTTACTTTGTTTA	1
365	364	2	TTTGTTCAATTTTACTTTGTTTAG	1
366	365	2	TTGTTCAATTTTACTTTGTTTAGG	1
367	366	2	TGTTCAATTTTACTTTGTTTAGGT	1
368	367	2	GTTCAATTTTACTTTGTTTAGGTT	1
369	368	2	TTCAATTTTACTTTGTTTAGGTTT	1
370	369	2	TCAATTTTACTTTGTTTAGGTTTG	1
371	370	2	CAATTTTACTTTGTTTAGGTTTGT	1
372	371	2	AATTTTACTTTGTTTAGGTTTGTT	1
373	372	2	ATTTTACTTTGTTTAGGTTTGTTT	1
374	373	2	TTTTACTTTGTTTAGGTTTGTTTT	1
375	374	2	TTTACTTTGTTTAGGTTTGTTTTG	1
376	375	2	TTACTTTGTTTAGGTTTGTTTTGT	1
377	376	2	TACTTTGTTTAGGTTTGTTTTGTA	1
378	377	2	ACTTTGTTTAGGTTTGTTTTGTAT	1
379	378	2	CTTTGTTTAGGTTTGTTTTGTATT	1
380	379	2	TTTGTTTAGGTTTGTTTTGTATTC	1
381	380	2	TTGTTTAGGTTTGTTTTGTATTCT	1
382	381	2	TGTTTAGGTTTGTTTTGTATTCTT	1
383	382	2	GTTTAGGTTTGTTTTGTATTCTTC	1
384	383	2	TTTAGGTTTGTTTTGTATTCTTCT	1
385	384	2	TTAGGTTTGTTTTGTATTCTTCTT	1
386	385	2	TAGGTTTGTTTTGTATTCTTCTTC	1
387	386	2	AGGTTTGTTTTGTATTCTTCTTCC	1
388	387	2	GGTTTGTTTTGTATTCTTCTTCCG	1
389	388	2	GTTTGTTTTGTATTCTTCTTCCGC	1
390	389	2	TTTGTTTTGTATTCTTCTTCCGCC	1
391	390	2	TTGTTTTGTATTCTTCTTCCGCCT	1
392	391	2	TGTTTTGTATTCTTCTTCCGCCTT	1
393	392	2	GTTTTGTATTCTTCTTCCGCCTTG	1
394	393	2	TTTTGTATTCTTCTTCCGCCTTGC	1
395	394	2	TTTGTATTCTTCTTCCGCCTTGCT	1
396	395	2	TTGTATTCTTCTTCCGCCTTGCTT	1
397	396	2	TGTATTCTTCTTCCGCCTTGCTTG	1
398	397	2	GTATTCTTCTTCCGCCTTGCTTGC	1
399	398	2	TATTCTTCTTCCGCCTTGCTTGCT	1
400	399	2	ATTCTTCTTCCGCCTTGCTTGCTG	1
401	400	1	TTCTTCTTCCGCCTTGCTTGCTGA	1
402	401	1	TCTTCTTCCGCCTTGCTTGCTGAG	1
403	402	1	CTTCTTCCGCCTTGCTTGCTGAGT	1
404	403	1	TTCTTCCGCCTTGCTTGCTGAGTT	1
405	404	1	TCTTCCGCCTTGCTTGCTGAGTTG	1
406	405	1	CTTCCGCCTTGCTTGCTGAGTTGA	1
407	406	1	TTCCGCCTTGCTTGCTGAGTTGAT	1
408	407	1	TCCGCCTTGCTTGCTGAGTTGATC	1
