Component 487
1	-1	0	AAAAAAAATAACCTATCTTTCTTT	1
2	1	1	AAAAAAATAACCTATCTTTCTTTC	1
3	2	1	AAAAAATAACCTATCTTTCTTTCA	1
4	3	1	AAAAATAACCTATCTTTCTTTCAT	1
5	4	1	AAAATAACCTATCTTTCTTTCATC	1
6	5	1	AAATAACCTATCTTTCTTTCATCC	1
7	6	1	AATAACCTATCTTTCTTTCATCCT	1
8	7	1	ATAACCTATCTTTCTTTCATCCTT	1
9	8	1	TAACCTATCTTTCTTTCATCCTTT	1
10	9	1	AACCTATCTTTCTTTCATCCTTTG	1
11	10	1	ACCTATCTTTCTTTCATCCTTTGT	1
12	11	1	CCTATCTTTCTTTCATCCTTTGTC	1
13	12	1	CTATCTTTCTTTCATCCTTTGTCG	1
14	13	1	TATCTTTCTTTCATCCTTTGTCGA	1
15	14	1	ATCTTTCTTTCATCCTTTGTCGAT	1
16	15	1	TCTTTCTTTCATCCTTTGTCGATA	1
17	16	1	CTTTCTTTCATCCTTTGTCGATAA	1
18	17	2	TTTCTTTCATCCTTTGTCGATAAA	1
19	18	2	TTCTTTCATCCTTTGTCGATAAAG	1
20	19	2	TCTTTCATCCTTTGTCGATAAAGA	1
21	20	2	CTTTCATCCTTTGTCGATAAAGAA	1
22	21	2	TTTCATCCTTTGTCGATAAAGAAG	1
23	22	2	TTCATCCTTTGTCGATAAAGAAGA	1
24	23	2	TCATCCTTTGTCGATAAAGAAGAT	1
25	24	2	CATCCTTTGTCGATAAAGAAGATA	1
26	25	2	ATCCTTTGTCGATAAAGAAGATAC	1
27	26	2	TCCTTTGTCGATAAAGAAGATACT	1
28	27	2	CCTTTGTCGATAAAGAAGATACTT	1
29	28	2	CTTTGTCGATAAAGAAGATACTTT	1
30	29	2	TTTGTCGATAAAGAAGATACTTTT	1
31	30	2	TTGTCGATAAAGAAGATACTTTTT	1
32	31	2	TGTCGATAAAGAAGATACTTTTTC	1
33	32	2	GTCGATAAAGAAGATACTTTTTCT	1
34	33	2	TCGATAAAGAAGATACTTTTTCTC	1
35	34	2	CGATAAAGAAGATACTTTTTCTCC	1
36	35	2	GATAAAGAAGATACTTTTTCTCCC	1
37	36	2	ATAAAGAAGATACTTTTTCTCCCG	1
38	37	2	TAAAGAAGATACTTTTTCTCCCGG	1
39	38	2	AAAGAAGATACTTTTTCTCCCGGT	1
40	39	2	AAGAAGATACTTTTTCTCCCGGTA	1
41	40	2	AGAAGATACTTTTTCTCCCGGTAC	1
42	41	2	GAAGATACTTTTTCTCCCGGTACG	1
43	42	2	AAGATACTTTTTCTCCCGGTACGG	1
44	43	2	AGATACTTTTTCTCCCGGTACGGT	1
45	44	2	GATACTTTTTCTCCCGGTACGGTA	1
46	45	1	ATACTTTTTCTCCCGGTACGGTAG	1
47	46	1	TACTTTTTCTCCCGGTACGGTAGA	1
48	47	1	ACTTTTTCTCCCGGTACGGTAGAT	1
49	48	1	CTTTTTCTCCCGGTACGGTAGATT	1
50	49	2	TTTTTCTCCCGGTACGGTAGATTG	1
51	50	2	TTTTCTCCCGGTACGGTAGATTGA	1
52	51	2	TTTCTCCCGGTACGGTAGATTGAT	1
53	52	2	TTCTCCCGGTACGGTAGATTGATA	1
54	53	3	TCTCCCGGTACGGTAGATTGATAG	1
55	54	4	CTCCCGGTACGGTAGATTGATAGA	1
56	55	4	TCCCGGTACGGTAGATTGATAGAT	1
57	56	4	CCCGGTACGGTAGATTGATAGATC	1
58	57	4	CCGGTACGGTAGATTGATAGATCA	1
59	58	4	CGGTACGGTAGATTGATAGATCAT	1
60	59	4	GGTACGGTAGATTGATAGATCATA	1
61	60	4	GTACGGTAGATTGATAGATCATAT	1
62	61	3	TACGGTAGATTGATAGATCATATT	1
63	62	3	ACGGTAGATTGATAGATCATATTT	1
64	63	3	CGGTAGATTGATAGATCATATTTG	1
65	64	3	GGTAGATTGATAGATCATATTTGC	1
66	65	3	GTAGATTGATAGATCATATTTGCT	1
67	66	3	TAGATTGATAGATCATATTTGCTT	1
68	67	3	AGATTGATAGATCATATTTGCTTT	1
69	68	3	GATTGATAGATCATATTTGCTTTG	1
70	69	3	ATTGATAGATCATATTTGCTTTGC	1
71	70	3	TTGATAGATCATATTTGCTTTGCT	1
72	71	3	TGATAGATCATATTTGCTTTGCTT	1
73	72	3	GATAGATCATATTTGCTTTGCTTG	1
74	73	3	ATAGATCATATTTGCTTTGCTTGT	1
75	74	3	TAGATCATATTTGCTTTGCTTGTT	1
76	75	3	AGATCATATTTGCTTTGCTTGTTT	1
77	76	3	GATCATATTTGCTTTGCTTGTTTG	1
78	77	3	ATCATATTTGCTTTGCTTGTTTGA	1
79	78	3	TCATATTTGCTTTGCTTGTTTGAT	1
80	79	3	CATATTTGCTTTGCTTGTTTGATC	1
81	80	3	ATATTTGCTTTGCTTGTTTGATCC	1
82	81	3	TATTTGCTTTGCTTGTTTGATCCA	1
83	82	3	ATTTGCTTTGCTTGTTTGATCCAG	1
84	83	3	TTTGCTTTGCTTGTTTGATCCAGG	1
85	84	3	TTGCTTTGCTTGTTTGATCCAGGA	1
86	85	3	TGCTTTGCTTGTTTGATCCAGGAA	1
87	86	3	GCTTTGCTTGTTTGATCCAGGAAA	1
88	87	3	CTTTGCTTGTTTGATCCAGGAAAA	1
89	88	3	TTTGCTTGTTTGATCCAGGAAAAT	1
90	89	3	TTGCTTGTTTGATCCAGGAAAATT	1
91	90	3	TGCTTGTTTGATCCAGGAAAATTT	1
92	91	3	GCTTGTTTGATCCAGGAAAATTTA	1
93	92	3	CTTGTTTGATCCAGGAAAATTTAT	1
94	93	2	TTGTTTGATCCAGGAAAATTTATT	1
95	94	2	TGTTTGATCCAGGAAAATTTATTT	1
96	95	2	GTTTGATCCAGGAAAATTTATTTA	1
97	96	2	TTTGATCCAGGAAAATTTATTTAC	1
98	97	1	TTGATCCAGGAAAATTTATTTACC	1
99	-1	0	GTTTTTGGAATTCCTAACAAAGTT	1
100	99	1	TTTTTGGAATTCCTAACAAAGTTC	1
101	100	1	TTTTGGAATTCCTAACAAAGTTCA	1
102	101	1	TTTGGAATTCCTAACAAAGTTCAG	1
103	102	2	TTGGAATTCCTAACAAAGTTCAGT	1
104	103	2	TGGAATTCCTAACAAAGTTCAGTG	1
105	104	2	GGAATTCCTAACAAAGTTCAGTGT	1
106	105	2	GAATTCCTAACAAAGTTCAGTGTG	1
107	106	2	AATTCCTAACAAAGTTCAGTGTGC	1
108	107	2	ATTCCTAACAAAGTTCAGTGTGCT	1
109	108	2	TTCCTAACAAAGTTCAGTGTGCTT	1
110	109	2	TCCTAACAAAGTTCAGTGTGCTTC	1
111	110	2	CCTAACAAAGTTCAGTGTGCTTCT	1
112	111	2	CTAACAAAGTTCAGTGTGCTTCTC	1
113	112	2	TAACAAAGTTCAGTGTGCTTCTCG	1
114	113	2	AACAAAGTTCAGTGTGCTTCTCGT	1
115	114	3	ACAAAGTTCAGTGTGCTTCTCGTT	1
116	115	3	CAAAGTTCAGTGTGCTTCTCGTTA	1
117	116	3	AAAGTTCAGTGTGCTTCTCGTTAG	1
118	117	3	AAGTTCAGTGTGCTTCTCGTTAGC	1
119	118	3	AGTTCAGTGTGCTTCTCGTTAGCT	1
120	119	3	GTTCAGTGTGCTTCTCGTTAGCTA	1
121	120	3	TTCAGTGTGCTTCTCGTTAGCTAC	1
122	121	3	TCAGTGTGCTTCTCGTTAGCTACT	1
123	122	3	CAGTGTGCTTCTCGTTAGCTACTG	1
124	123	3	AGTGTGCTTCTCGTTAGCTACTGT	1
125	124	3	GTGTGCTTCTCGTTAGCTACTGTT	1
126	125	3	TGTGCTTCTCGTTAGCTACTGTTC	1
127	126	3	GTGCTTCTCGTTAGCTACTGTTCG	1
128	127	3	TGCTTCTCGTTAGCTACTGTTCGA	1
129	128	3	GCTTCTCGTTAGCTACTGTTCGAT	1
130	129	3	CTTCTCGTTAGCTACTGTTCGATC	1
131	130	3	TTCTCGTTAGCTACTGTTCGATCA	1
132	131	3	TCTCGTTAGCTACTGTTCGATCAA	1
133	132	3	CTCGTTAGCTACTGTTCGATCAAA	1
134	133	3	TCGTTAGCTACTGTTCGATCAAAG	1
135	134	3	CGTTAGCTACTGTTCGATCAAAGA	1
136	135	3	GTTAGCTACTGTTCGATCAAAGAA	1
137	136	3	TTAGCTACTGTTCGATCAAAGAAC	1
138	137	3	TAGCTACTGTTCGATCAAAGAACT	1
139	138	3	AGCTACTGTTCGATCAAAGAACTC	1
140	139	3	GCTACTGTTCGATCAAAGAACTCG	1
141	140	3	CTACTGTTCGATCAAAGAACTCGA	1
142	141	3	TACTGTTCGATCAAAGAACTCGAA	1
143	142	3	ACTGTTCGATCAAAGAACTCGAAA	1
144	143	2	CTGTTCGATCAAAGAACTCGAAAA	1
145	144	2	TGTTCGATCAAAGAACTCGAAAAC	1
146	145	2	GTTCGATCAAAGAACTCGAAAACA	1
147	146	1	TTCGATCAAAGAACTCGAAAACAT	1
148	147	1	TCGATCAAAGAACTCGAAAACATA	1
149	148	1	CGATCAAAGAACTCGAAAACATAG	1
150	149	1	GATCAAAGAACTCGAAAACATAGA	1
151	150	1	ATCAAAGAACTCGAAAACATAGAA	1
152	151	1	TCAAAGAACTCGAAAACATAGAAG	1
153	152	1	CAAAGAACTCGAAAACATAGAAGA	1
154	153	1	AAAGAACTCGAAAACATAGAAGAC	1
155	154	1	AAGAACTCGAAAACATAGAAGACT	1
156	155	1	AGAACTCGAAAACATAGAAGACTG	1
157	156	1	GAACTCGAAAACATAGAAGACTGT	1
158	157	1	AACTCGAAAACATAGAAGACTGTG	1
159	-1	0	TTTTATCTCATATATATATAGACA	1
160	159	1	TTTATCTCATATATATATAGACAT	1
161	160	1	TTATCTCATATATATATAGACATA	1
162	161	1	TATCTCATATATATATAGACATAC	1
163	162	1	ATCTCATATATATATAGACATACA	1
164	163	1	TCTCATATATATATAGACATACAT	1
165	164	1	CTCATATATATATAGACATACATA	1
166	165	1	TCATATATATATAGACATACATAT	1
167	166	1	CATATATATATAGACATACATATA	1
168	167	2	ATATATATATAGACATACATATAC	1
169	168	2	TATATATATAGACATACATATACT	1
170	169	2	ATATATATAGACATACATATACTT	1
171	170	2	TATATATAGACATACATATACTTT	1
172	171	2	ATATATAGACATACATATACTTTT	1
173	172	2	TATATAGACATACATATACTTTTT	1
174	173	2	ATATAGACATACATATACTTTTTC	1
175	174	2	TATAGACATACATATACTTTTTCC	1
176	175	2	ATAGACATACATATACTTTTTCCC	1
177	176	2	TAGACATACATATACTTTTTCCCA	1
178	177	2	AGACATACATATACTTTTTCCCAA	1
179	178	2	GACATACATATACTTTTTCCCAAC	1
180	179	2	ACATACATATACTTTTTCCCAACT	1
181	180	2	CATACATATACTTTTTCCCAACTC	1
182	181	2	ATACATATACTTTTTCCCAACTCA	1
183	182	2	TACATATACTTTTTCCCAACTCAA	1
184	183	2	ACATATACTTTTTCCCAACTCAAC	1
185	184	2	CATATACTTTTTCCCAACTCAACA	1
186	185	2	ATATACTTTTTCCCAACTCAACAA	1
187	186	2	TATACTTTTTCCCAACTCAACAAA	1
188	187	2	ATACTTTTTCCCAACTCAACAAAC	1
189	188	3	TACTTTTTCCCAACTCAACAAACA	1
190	189	3	ACTTTTTCCCAACTCAACAAACAA	1
191	190	3	CTTTTTCCCAACTCAACAAACAAA	1
192	191	3	TTTTTCCCAACTCAACAAACAAAT	1
193	192	3	TTTTCCCAACTCAACAAACAAATC	1
194	193	3	TTTCCCAACTCAACAAACAAATCT	1
195	194	3	TTCCCAACTCAACAAACAAATCTT	1
196	195	3	TCCCAACTCAACAAACAAATCTTT	1
197	196	3	CCCAACTCAACAAACAAATCTTTT	1
198	197	3	CCAACTCAACAAACAAATCTTTTC	1
199	198	3	CAACTCAACAAACAAATCTTTTCA	1
200	199	3	AACTCAACAAACAAATCTTTTCAT	1
201	200	3	ACTCAACAAACAAATCTTTTCATT	1
202	201	3	CTCAACAAACAAATCTTTTCATTT	1
203	202	3	TCAACAAACAAATCTTTTCATTTG	1
204	203	2	CAACAAACAAATCTTTTCATTTGT	1
205	204	2	AACAAACAAATCTTTTCATTTGTC	1
206	205	2	ACAAACAAATCTTTTCATTTGTCT	1
207	206	2	CAAACAAATCTTTTCATTTGTCTG	1
208	207	2	AAACAAATCTTTTCATTTGTCTGT	1
209	208	2	AACAAATCTTTTCATTTGTCTGTC	1
210	209	2	ACAAATCTTTTCATTTGTCTGTCA	1
211	210	2	CAAATCTTTTCATTTGTCTGTCAT	1
212	211	1	AAATCTTTTCATTTGTCTGTCATC	1
213	212	1	AATCTTTTCATTTGTCTGTCATCC	1
214	213	1	ATCTTTTCATTTGTCTGTCATCCC	1
215	214	1	TCTTTTCATTTGTCTGTCATCCCT	1
216	215	1	CTTTTCATTTGTCTGTCATCCCTT	1
217	216	1	TTTTCATTTGTCTGTCATCCCTTC	1
218	217	1	TTTCATTTGTCTGTCATCCCTTCC	1
219	218	1	TTCATTTGTCTGTCATCCCTTCCT	1
220	219	1	TCATTTGTCTGTCATCCCTTCCTC	1
221	220	1	CATTTGTCTGTCATCCCTTCCTCC	1
222	221	1	ATTTGTCTGTCATCCCTTCCTCCC	1
223	222	1	TTTGTCTGTCATCCCTTCCTCCCA	1
224	223	1	TTGTCTGTCATCCCTTCCTCCCAC	1
225	224	1	TGTCTGTCATCCCTTCCTCCCACC	1
226	225	1	GTCTGTCATCCCTTCCTCCCACCT	1
227	226	1	TCTGTCATCCCTTCCTCCCACCTT	1
228	227	1	CTGTCATCCCTTCCTCCCACCTTT	1
229	228	1	TGTCATCCCTTCCTCCCACCTTTT	1
230	229	1	GTCATCCCTTCCTCCCACCTTTTT	1
231	230	1	TCATCCCTTCCTCCCACCTTTTTC	1
232	231	1	CATCCCTTCCTCCCACCTTTTTCT	1
