Component 49
1	-1	0	GAATCCTCTACTTTTGCTTTTACG	1
2	1	1	AATCCTCTACTTTTGCTTTTACGT	1
3	2	1	ATCCTCTACTTTTGCTTTTACGTT	1
4	3	1	TCCTCTACTTTTGCTTTTACGTTG	1
5	4	1	CCTCTACTTTTGCTTTTACGTTGG	1
6	5	1	CTCTACTTTTGCTTTTACGTTGGC	1
7	6	1	TCTACTTTTGCTTTTACGTTGGCT	1
8	7	1	CTACTTTTGCTTTTACGTTGGCTA	1
9	8	1	TACTTTTGCTTTTACGTTGGCTAA	1
10	9	1	ACTTTTGCTTTTACGTTGGCTAAG	1
11	10	1	CTTTTGCTTTTACGTTGGCTAAGT	1
12	11	1	TTTTGCTTTTACGTTGGCTAAGTT	1
13	12	1	TTTGCTTTTACGTTGGCTAAGTTG	1
14	13	1	TTGCTTTTACGTTGGCTAAGTTGG	1
15	14	1	TGCTTTTACGTTGGCTAAGTTGGT	1
16	15	1	GCTTTTACGTTGGCTAAGTTGGTG	1
17	16	1	CTTTTACGTTGGCTAAGTTGGTGG	1
18	17	1	TTTTACGTTGGCTAAGTTGGTGGC	1
19	18	1	TTTACGTTGGCTAAGTTGGTGGCT	1
20	19	1	TTACGTTGGCTAAGTTGGTGGCTA	1
21	20	1	TACGTTGGCTAAGTTGGTGGCTAC	1
22	21	1	ACGTTGGCTAAGTTGGTGGCTACC	1
23	22	1	CGTTGGCTAAGTTGGTGGCTACCC	1
24	23	1	GTTGGCTAAGTTGGTGGCTACCCA	1
25	24	1	TTGGCTAAGTTGGTGGCTACCCAA	1
26	25	1	TGGCTAAGTTGGTGGCTACCCAAT	1
27	26	1	GGCTAAGTTGGTGGCTACCCAATG	1
28	27	1	GCTAAGTTGGTGGCTACCCAATGT	1
29	28	1	CTAAGTTGGTGGCTACCCAATGTC	1
30	29	1	TAAGTTGGTGGCTACCCAATGTCA	1
31	30	1	AAGTTGGTGGCTACCCAATGTCAT	1
32	31	1	AGTTGGTGGCTACCCAATGTCATC	1
33	32	1	GTTGGTGGCTACCCAATGTCATCG	1
34	33	1	TTGGTGGCTACCCAATGTCATCGT	1
35	34	1	TGGTGGCTACCCAATGTCATCGTC	1
36	35	1	GGTGGCTACCCAATGTCATCGTCT	1
37	36	1	GTGGCTACCCAATGTCATCGTCTT	1
38	37	1	TGGCTACCCAATGTCATCGTCTTT	1
39	38	2	GGCTACCCAATGTCATCGTCTTTG	1
40	39	2	GCTACCCAATGTCATCGTCTTTGG	1
41	40	3	CTACCCAATGTCATCGTCTTTGGC	1
42	41	3	TACCCAATGTCATCGTCTTTGGCT	1
43	42	3	ACCCAATGTCATCGTCTTTGGCTT	1
44	43	3	CCCAATGTCATCGTCTTTGGCTTG	1
45	44	3	CCAATGTCATCGTCTTTGGCTTGT	1
46	45	3	CAATGTCATCGTCTTTGGCTTGTG	1
47	46	3	AATGTCATCGTCTTTGGCTTGTGC	1
48	47	3	ATGTCATCGTCTTTGGCTTGTGCA	1
49	48	3	TGTCATCGTCTTTGGCTTGTGCAG	1
50	49	3	GTCATCGTCTTTGGCTTGTGCAGT	1
51	50	3	TCATCGTCTTTGGCTTGTGCAGTC	1
52	51	3	CATCGTCTTTGGCTTGTGCAGTCA	1
53	52	3	ATCGTCTTTGGCTTGTGCAGTCAC	1
54	53	3	TCGTCTTTGGCTTGTGCAGTCACC	1
55	54	3	CGTCTTTGGCTTGTGCAGTCACCT	1
56	55	3	GTCTTTGGCTTGTGCAGTCACCTT	1
57	56	3	TCTTTGGCTTGTGCAGTCACCTTC	1
58	57	3	CTTTGGCTTGTGCAGTCACCTTCC	1
59	58	3	TTTGGCTTGTGCAGTCACCTTCCT	1
60	59	3	TTGGCTTGTGCAGTCACCTTCCTG	1
61	60	3	TGGCTTGTGCAGTCACCTTCCTGC	1
62	61	3	GGCTTGTGCAGTCACCTTCCTGCC	1
63	62	3	GCTTGTGCAGTCACCTTCCTGCCC	1
64	63	4	CTTGTGCAGTCACCTTCCTGCCCT	1
65	64	4	TTGTGCAGTCACCTTCCTGCCCTC	1
66	65	4	TGTGCAGTCACCTTCCTGCCCTCC	1
67	66	4	GTGCAGTCACCTTCCTGCCCTCCT	1
68	67	4	TGCAGTCACCTTCCTGCCCTCCTT	1
69	68	4	GCAGTCACCTTCCTGCCCTCCTTC	1
70	69	4	CAGTCACCTTCCTGCCCTCCTTCC	1
71	70	4	AGTCACCTTCCTGCCCTCCTTCCC	1
72	71	4	GTCACCTTCCTGCCCTCCTTCCCC	1
73	72	4	TCACCTTCCTGCCCTCCTTCCCCA	1
74	73	4	CACCTTCCTGCCCTCCTTCCCCAA	1
75	74	5	ACCTTCCTGCCCTCCTTCCCCAAA	1
76	75	5	CCTTCCTGCCCTCCTTCCCCAAAA	1
77	76	5	CTTCCTGCCCTCCTTCCCCAAAAA	1
78	77	5	TTCCTGCCCTCCTTCCCCAAAAAA	1
79	78	5	TCCTGCCCTCCTTCCCCAAAAAAT	1
80	79	5	CCTGCCCTCCTTCCCCAAAAAATA	1
81	80	5	CTGCCCTCCTTCCCCAAAAAATAA	1
82	81	5	TGCCCTCCTTCCCCAAAAAATAAC	1
83	82	4	GCCCTCCTTCCCCAAAAAATAACG	1
84	83	4	CCCTCCTTCCCCAAAAAATAACGC	1
85	84	3	CCTCCTTCCCCAAAAAATAACGCA	1
86	85	3	CTCCTTCCCCAAAAAATAACGCAC	1
87	86	3	TCCTTCCCCAAAAAATAACGCACA	1
88	87	3	CCTTCCCCAAAAAATAACGCACAT	1
89	88	3	CTTCCCCAAAAAATAACGCACATC	1
90	89	2	TTCCCCAAAAAATAACGCACATCT	1
91	90	2	TCCCCAAAAAATAACGCACATCTT	1
92	91	2	CCCCAAAAAATAACGCACATCTTT	1
93	92	2	CCCAAAAAATAACGCACATCTTTC	1
94	93	2	CCAAAAAATAACGCACATCTTTCC	1
95	94	2	CAAAAAATAACGCACATCTTTCCC	1
96	95	2	AAAAAATAACGCACATCTTTCCCC	1
97	96	2	AAAAATAACGCACATCTTTCCCCT	1
98	97	2	AAAATAACGCACATCTTTCCCCTG	1
99	98	2	AAATAACGCACATCTTTCCCCTGG	1
100	99	2	AATAACGCACATCTTTCCCCTGGA	1
101	100	2	ATAACGCACATCTTTCCCCTGGAT	1
102	101	2	TAACGCACATCTTTCCCCTGGATC	1
103	102	2	AACGCACATCTTTCCCCTGGATCC	1
104	103	2	ACGCACATCTTTCCCCTGGATCCA	1
105	104	2	CGCACATCTTTCCCCTGGATCCAT	1
106	105	2	GCACATCTTTCCCCTGGATCCATG	1
107	106	2	CACATCTTTCCCCTGGATCCATGG	1
108	107	1	ACATCTTTCCCCTGGATCCATGGG	1
109	108	1	CATCTTTCCCCTGGATCCATGGGT	1
110	109	1	ATCTTTCCCCTGGATCCATGGGTG	1
111	110	1	TCTTTCCCCTGGATCCATGGGTGG	1
112	111	1	CTTTCCCCTGGATCCATGGGTGGT	1
113	112	1	TTTCCCCTGGATCCATGGGTGGTG	1
114	113	1	TTCCCCTGGATCCATGGGTGGTGT	1
115	114	1	TCCCCTGGATCCATGGGTGGTGTT	1
116	115	1	CCCCTGGATCCATGGGTGGTGTTA	1
117	116	1	CCCTGGATCCATGGGTGGTGTTAA	1
118	117	1	CCTGGATCCATGGGTGGTGTTAAG	1
119	-1	0	CATCGTAGCCATAGCAAAGCTAGT	1
120	119	1	ATCGTAGCCATAGCAAAGCTAGTG	1
121	120	1	TCGTAGCCATAGCAAAGCTAGTGT	1
122	121	1	CGTAGCCATAGCAAAGCTAGTGTA	1
123	122	1	GTAGCCATAGCAAAGCTAGTGTAG	1
124	123	1	TAGCCATAGCAAAGCTAGTGTAGA	1
125	124	1	AGCCATAGCAAAGCTAGTGTAGAT	1
126	125	1	GCCATAGCAAAGCTAGTGTAGATA	1
127	126	1	CCATAGCAAAGCTAGTGTAGATAC	1
128	127	1	CATAGCAAAGCTAGTGTAGATACA	1
129	128	1	ATAGCAAAGCTAGTGTAGATACAC	1
130	129	1	TAGCAAAGCTAGTGTAGATACACA	1
131	130	1	AGCAAAGCTAGTGTAGATACACAA	1
132	131	1	GCAAAGCTAGTGTAGATACACAAC	1
133	132	1	CAAAGCTAGTGTAGATACACAACG	1
134	133	1	AAAGCTAGTGTAGATACACAACGT	1
135	134	1	AAGCTAGTGTAGATACACAACGTC	1
136	135	1	AGCTAGTGTAGATACACAACGTCG	1
137	136	1	GCTAGTGTAGATACACAACGTCGG	1
138	137	1	CTAGTGTAGATACACAACGTCGGT	1
139	138	1	TAGTGTAGATACACAACGTCGGTG	1
140	139	1	AGTGTAGATACACAACGTCGGTGA	1
141	140	1	GTGTAGATACACAACGTCGGTGAT	1
142	141	1	TGTAGATACACAACGTCGGTGATG	1
143	142	1	GTAGATACACAACGTCGGTGATGC	1
144	143	1	TAGATACACAACGTCGGTGATGCT	1
145	144	1	AGATACACAACGTCGGTGATGCTA	1
146	145	1	GATACACAACGTCGGTGATGCTAA	1
147	146	1	ATACACAACGTCGGTGATGCTAAA	1
148	147	2	TACACAACGTCGGTGATGCTAAAT	1
149	148	3	ACACAACGTCGGTGATGCTAAATA	1
150	149	3	CACAACGTCGGTGATGCTAAATAT	1
151	150	3	ACAACGTCGGTGATGCTAAATATT	1
152	151	3	CAACGTCGGTGATGCTAAATATTT	1
153	152	3	AACGTCGGTGATGCTAAATATTTG	1
154	153	3	ACGTCGGTGATGCTAAATATTTGA	1
155	154	3	CGTCGGTGATGCTAAATATTTGAT	1
156	155	3	GTCGGTGATGCTAAATATTTGATG	1
157	156	3	TCGGTGATGCTAAATATTTGATGA	1
158	157	3	CGGTGATGCTAAATATTTGATGAT	1
159	158	3	GGTGATGCTAAATATTTGATGATT	1
160	159	3	GTGATGCTAAATATTTGATGATTT	1
161	160	3	TGATGCTAAATATTTGATGATTTG	1
162	161	3	GATGCTAAATATTTGATGATTTGA	1
163	162	3	ATGCTAAATATTTGATGATTTGAA	1
164	163	2	TGCTAAATATTTGATGATTTGAAA	1
165	164	2	GCTAAATATTTGATGATTTGAAAC	1
166	165	2	CTAAATATTTGATGATTTGAAACA	1
167	166	3	TAAATATTTGATGATTTGAAACAC	1
168	167	3	AAATATTTGATGATTTGAAACACC	1
169	168	3	AATATTTGATGATTTGAAACACCC	1
170	169	3	ATATTTGATGATTTGAAACACCCT	1
171	170	3	TATTTGATGATTTGAAACACCCTT	1
172	171	3	ATTTGATGATTTGAAACACCCTTT	1
173	172	3	TTTGATGATTTGAAACACCCTTTT	1
174	173	3	TTGATGATTTGAAACACCCTTTTT	1
175	174	4	TGATGATTTGAAACACCCTTTTTT	1
176	175	4	GATGATTTGAAACACCCTTTTTTC	1
177	176	4	ATGATTTGAAACACCCTTTTTTCT	1
178	177	4	TGATTTGAAACACCCTTTTTTCTT	1
179	178	4	GATTTGAAACACCCTTTTTTCTTT	1
180	179	4	ATTTGAAACACCCTTTTTTCTTTT	1
181	180	4	TTTGAAACACCCTTTTTTCTTTTT	1
182	181	4	TTGAAACACCCTTTTTTCTTTTTC	1
183	182	4	TGAAACACCCTTTTTTCTTTTTCT	1
184	183	4	GAAACACCCTTTTTTCTTTTTCTC	1
185	184	4	AAACACCCTTTTTTCTTTTTCTCA	1
186	185	4	AACACCCTTTTTTCTTTTTCTCAT	1
187	186	4	ACACCCTTTTTTCTTTTTCTCATT	1
188	187	4	CACCCTTTTTTCTTTTTCTCATTT	1
189	188	4	ACCCTTTTTTCTTTTTCTCATTTG	1
190	189	4	CCCTTTTTTCTTTTTCTCATTTGA	1
191	190	4	CCTTTTTTCTTTTTCTCATTTGAA	1
192	191	3	CTTTTTTCTTTTTCTCATTTGAAC	1
193	192	2	TTTTTTCTTTTTCTCATTTGAACC	1
194	193	2	TTTTTCTTTTTCTCATTTGAACCT	1
195	194	2	TTTTCTTTTTCTCATTTGAACCTC	1
196	195	2	TTTCTTTTTCTCATTTGAACCTCC	1
197	196	2	TTCTTTTTCTCATTTGAACCTCCG	1
198	197	2	TCTTTTTCTCATTTGAACCTCCGT	1
199	198	2	CTTTTTCTCATTTGAACCTCCGTT	1
200	199	2	TTTTTCTCATTTGAACCTCCGTTT	1
201	200	2	TTTTCTCATTTGAACCTCCGTTTT	1
202	201	2	TTTCTCATTTGAACCTCCGTTTTA	1
203	202	2	TTCTCATTTGAACCTCCGTTTTAT	1
204	203	2	TCTCATTTGAACCTCCGTTTTATT	1
205	204	2	CTCATTTGAACCTCCGTTTTATTT	1
206	205	2	TCATTTGAACCTCCGTTTTATTTC	1
207	206	2	CATTTGAACCTCCGTTTTATTTCA	1
208	207	2	ATTTGAACCTCCGTTTTATTTCAT	1
209	208	2	TTTGAACCTCCGTTTTATTTCATC	1
210	209	1	TTGAACCTCCGTTTTATTTCATCT	1
211	210	1	TGAACCTCCGTTTTATTTCATCTT	1
212	211	1	GAACCTCCGTTTTATTTCATCTTT	1
213	212	1	AACCTCCGTTTTATTTCATCTTTT	1
214	213	1	ACCTCCGTTTTATTTCATCTTTTA	1
215	214	1	CCTCCGTTTTATTTCATCTTTTAC	1
216	215	1	CTCCGTTTTATTTCATCTTTTACT	1
217	216	1	TCCGTTTTATTTCATCTTTTACTG	1
218	217	1	CCGTTTTATTTCATCTTTTACTGT	1
