Component 490
1	-1	0	TGAGTATGGTAATCAGGGTGTCAA	1
2	1	1	GAGTATGGTAATCAGGGTGTCAAT	1
3	2	1	AGTATGGTAATCAGGGTGTCAATA	1
4	3	1	GTATGGTAATCAGGGTGTCAATAT	1
5	4	1	TATGGTAATCAGGGTGTCAATATC	1
6	5	1	ATGGTAATCAGGGTGTCAATATCA	1
7	6	1	TGGTAATCAGGGTGTCAATATCAA	1
8	7	1	GGTAATCAGGGTGTCAATATCAAA	1
9	8	1	GTAATCAGGGTGTCAATATCAAAG	1
10	9	2	TAATCAGGGTGTCAATATCAAAGG	1
11	10	2	AATCAGGGTGTCAATATCAAAGGC	1
12	11	2	ATCAGGGTGTCAATATCAAAGGCG	1
13	12	2	TCAGGGTGTCAATATCAAAGGCGT	1
14	13	2	CAGGGTGTCAATATCAAAGGCGTT	1
15	14	2	AGGGTGTCAATATCAAAGGCGTTG	1
16	15	2	GGGTGTCAATATCAAAGGCGTTGC	1
17	16	2	GGTGTCAATATCAAAGGCGTTGCT	1
18	17	2	GTGTCAATATCAAAGGCGTTGCTC	1
19	18	2	TGTCAATATCAAAGGCGTTGCTCG	1
20	19	2	GTCAATATCAAAGGCGTTGCTCGC	1
21	20	2	TCAATATCAAAGGCGTTGCTCGCG	1
22	21	2	CAATATCAAAGGCGTTGCTCGCGA	1
23	22	3	AATATCAAAGGCGTTGCTCGCGAA	1
24	23	3	ATATCAAAGGCGTTGCTCGCGAAG	1
25	24	3	TATCAAAGGCGTTGCTCGCGAAGG	1
26	25	3	ATCAAAGGCGTTGCTCGCGAAGGT	1
27	26	3	TCAAAGGCGTTGCTCGCGAAGGTT	1
28	27	3	CAAAGGCGTTGCTCGCGAAGGTTT	1
29	28	3	AAAGGCGTTGCTCGCGAAGGTTTT	1
30	29	3	AAGGCGTTGCTCGCGAAGGTTTTG	1
31	30	3	AGGCGTTGCTCGCGAAGGTTTTGG	1
32	31	3	GGCGTTGCTCGCGAAGGTTTTGGA	1
33	32	3	GCGTTGCTCGCGAAGGTTTTGGAT	1
34	33	3	CGTTGCTCGCGAAGGTTTTGGATG	1
35	34	3	GTTGCTCGCGAAGGTTTTGGATGG	1
36	35	3	TTGCTCGCGAAGGTTTTGGATGGG	1
37	36	3	TGCTCGCGAAGGTTTTGGATGGGT	1
38	37	3	GCTCGCGAAGGTTTTGGATGGGTT	1
39	38	3	CTCGCGAAGGTTTTGGATGGGTTA	1
40	39	3	TCGCGAAGGTTTTGGATGGGTTAA	1
41	40	3	CGCGAAGGTTTTGGATGGGTTAAT	1
42	41	3	GCGAAGGTTTTGGATGGGTTAATG	1
43	42	3	CGAAGGTTTTGGATGGGTTAATGC	1
44	43	3	GAAGGTTTTGGATGGGTTAATGCC	1
45	44	3	AAGGTTTTGGATGGGTTAATGCCA	1
46	45	2	AGGTTTTGGATGGGTTAATGCCAG	1
47	46	3	GGTTTTGGATGGGTTAATGCCAGT	1
48	47	3	GTTTTGGATGGGTTAATGCCAGTT	1
49	48	3	TTTTGGATGGGTTAATGCCAGTTA	1
50	49	3	TTTGGATGGGTTAATGCCAGTTAC	1
51	50	3	TTGGATGGGTTAATGCCAGTTACG	1
52	51	3	TGGATGGGTTAATGCCAGTTACGA	1
53	52	3	GGATGGGTTAATGCCAGTTACGAA	1
54	53	2	GATGGGTTAATGCCAGTTACGAAG	1
55	54	2	ATGGGTTAATGCCAGTTACGAAGT	1
56	55	2	TGGGTTAATGCCAGTTACGAAGTC	1
57	56	2	GGGTTAATGCCAGTTACGAAGTCG	1
58	57	2	GGTTAATGCCAGTTACGAAGTCGG	1
59	58	2	GTTAATGCCAGTTACGAAGTCGGC	1
60	59	2	TTAATGCCAGTTACGAAGTCGGCC	1
61	60	2	TAATGCCAGTTACGAAGTCGGCCT	1
62	61	2	AATGCCAGTTACGAAGTCGGCCTT	1
63	62	2	ATGCCAGTTACGAAGTCGGCCTTA	1
64	63	3	TGCCAGTTACGAAGTCGGCCTTAC	1
65	64	3	GCCAGTTACGAAGTCGGCCTTACA	1
66	65	3	CCAGTTACGAAGTCGGCCTTACAT	1
67	66	2	CAGTTACGAAGTCGGCCTTACATT	1
68	67	2	AGTTACGAAGTCGGCCTTACATTC	1
69	68	2	GTTACGAAGTCGGCCTTACATTCT	1
70	69	2	TTACGAAGTCGGCCTTACATTCTG	1
71	70	2	TACGAAGTCGGCCTTACATTCTGT	1
72	71	2	ACGAAGTCGGCCTTACATTCTGTA	1
73	72	2	CGAAGTCGGCCTTACATTCTGTAA	1
74	73	2	GAAGTCGGCCTTACATTCTGTAAT	1
75	74	2	AAGTCGGCCTTACATTCTGTAATT	1
76	75	2	AGTCGGCCTTACATTCTGTAATTC	1
77	76	3	GTCGGCCTTACATTCTGTAATTCG	1
78	77	3	TCGGCCTTACATTCTGTAATTCGC	1
79	78	3	CGGCCTTACATTCTGTAATTCGCA	1
80	79	3	GGCCTTACATTCTGTAATTCGCAT	1
81	80	3	GCCTTACATTCTGTAATTCGCATA	1
82	81	3	CCTTACATTCTGTAATTCGCATAT	1
83	82	3	CTTACATTCTGTAATTCGCATATG	1
84	83	3	TTACATTCTGTAATTCGCATATGC	1
85	84	3	TACATTCTGTAATTCGCATATGCG	1
86	85	3	ACATTCTGTAATTCGCATATGCGT	1
87	86	3	CATTCTGTAATTCGCATATGCGTC	1
88	87	3	ATTCTGTAATTCGCATATGCGTCG	1
89	88	3	TTCTGTAATTCGCATATGCGTCGG	1
90	89	3	TCTGTAATTCGCATATGCGTCGGG	1
91	90	2	CTGTAATTCGCATATGCGTCGGGC	1
92	91	2	TGTAATTCGCATATGCGTCGGGCT	1
93	92	2	GTAATTCGCATATGCGTCGGGCTC	1
94	93	2	TAATTCGCATATGCGTCGGGCTCT	1
95	94	2	AATTCGCATATGCGTCGGGCTCTT	1
96	95	2	ATTCGCATATGCGTCGGGCTCTTG	1
97	96	2	TTCGCATATGCGTCGGGCTCTTGG	1
98	97	2	TCGCATATGCGTCGGGCTCTTGGT	1
99	98	2	CGCATATGCGTCGGGCTCTTGGTG	1
100	99	2	GCATATGCGTCGGGCTCTTGGTGC	1
101	100	2	CATATGCGTCGGGCTCTTGGTGCT	1
102	101	2	ATATGCGTCGGGCTCTTGGTGCTT	1
103	102	2	TATGCGTCGGGCTCTTGGTGCTTG	1
104	103	2	ATGCGTCGGGCTCTTGGTGCTTGT	1
105	104	2	TGCGTCGGGCTCTTGGTGCTTGTA	1
106	105	2	GCGTCGGGCTCTTGGTGCTTGTAC	1
107	106	2	CGTCGGGCTCTTGGTGCTTGTACG	1
108	107	1	GTCGGGCTCTTGGTGCTTGTACGA	1
109	108	1	TCGGGCTCTTGGTGCTTGTACGAC	1
110	109	1	CGGGCTCTTGGTGCTTGTACGACT	1
111	110	1	GGGCTCTTGGTGCTTGTACGACTC	1
112	111	1	GGCTCTTGGTGCTTGTACGACTCC	1
113	112	1	GCTCTTGGTGCTTGTACGACTCCT	1
114	113	1	CTCTTGGTGCTTGTACGACTCCTG	1
115	114	1	TCTTGGTGCTTGTACGACTCCTGA	1
116	115	1	CTTGGTGCTTGTACGACTCCTGAT	1
117	116	1	TTGGTGCTTGTACGACTCCTGATG	1
118	117	1	TGGTGCTTGTACGACTCCTGATGT	1
119	118	1	GGTGCTTGTACGACTCCTGATGTT	1
120	119	1	GTGCTTGTACGACTCCTGATGTTT	1
121	-1	0	GGGCCGGTGTCGCAACTCCCCGTC	1
122	121	1	GGCCGGTGTCGCAACTCCCCGTCA	1
123	122	1	GCCGGTGTCGCAACTCCCCGTCAA	1
124	123	1	CCGGTGTCGCAACTCCCCGTCAAG	1
125	124	1	CGGTGTCGCAACTCCCCGTCAAGC	1
126	125	1	GGTGTCGCAACTCCCCGTCAAGCC	1
127	126	1	GTGTCGCAACTCCCCGTCAAGCCG	1
128	127	1	TGTCGCAACTCCCCGTCAAGCCGC	1
129	128	1	GTCGCAACTCCCCGTCAAGCCGCA	1
130	129	1	TCGCAACTCCCCGTCAAGCCGCAA	1
131	130	1	CGCAACTCCCCGTCAAGCCGCAAA	1
132	131	1	GCAACTCCCCGTCAAGCCGCAAAA	1
133	132	1	CAACTCCCCGTCAAGCCGCAAAAT	1
134	133	1	AACTCCCCGTCAAGCCGCAAAATT	1
135	134	1	ACTCCCCGTCAAGCCGCAAAATTT	1
136	135	1	CTCCCCGTCAAGCCGCAAAATTTG	1
137	136	1	TCCCCGTCAAGCCGCAAAATTTGT	1
138	137	1	CCCCGTCAAGCCGCAAAATTTGTT	1
139	138	1	CCCGTCAAGCCGCAAAATTTGTTG	1
140	139	1	CCGTCAAGCCGCAAAATTTGTTGA	1
141	140	1	CGTCAAGCCGCAAAATTTGTTGAT	1
142	141	1	GTCAAGCCGCAAAATTTGTTGATG	1
143	142	1	TCAAGCCGCAAAATTTGTTGATGT	1
144	143	1	CAAGCCGCAAAATTTGTTGATGTT	1
145	144	1	AAGCCGCAAAATTTGTTGATGTTA	1
146	145	1	AGCCGCAAAATTTGTTGATGTTAG	1
147	146	1	GCCGCAAAATTTGTTGATGTTAGT	1
148	147	1	CCGCAAAATTTGTTGATGTTAGTC	1
149	148	1	CGCAAAATTTGTTGATGTTAGTCT	1
150	149	1	GCAAAATTTGTTGATGTTAGTCTT	1
151	150	1	CAAAATTTGTTGATGTTAGTCTTC	1
152	151	1	AAAATTTGTTGATGTTAGTCTTCC	1
153	152	1	AAATTTGTTGATGTTAGTCTTCCC	1
154	153	1	AATTTGTTGATGTTAGTCTTCCCA	1
155	154	1	ATTTGTTGATGTTAGTCTTCCCAA	1
156	155	1	TTTGTTGATGTTAGTCTTCCCAAG	1
157	156	1	TTGTTGATGTTAGTCTTCCCAAGT	1
158	157	1	TGTTGATGTTAGTCTTCCCAAGTT	1
159	158	1	GTTGATGTTAGTCTTCCCAAGTTT	1
160	159	1	TTGATGTTAGTCTTCCCAAGTTTG	1
161	160	1	TGATGTTAGTCTTCCCAAGTTTGA	1
162	161	1	GATGTTAGTCTTCCCAAGTTTGAA	1
163	162	1	ATGTTAGTCTTCCCAAGTTTGAAG	1
164	163	1	TGTTAGTCTTCCCAAGTTTGAAGT	1
165	164	1	GTTAGTCTTCCCAAGTTTGAAGTT	1
166	165	1	TTAGTCTTCCCAAGTTTGAAGTTG	1
167	166	1	TAGTCTTCCCAAGTTTGAAGTTGC	1
168	167	1	AGTCTTCCCAAGTTTGAAGTTGCT	1
169	168	1	GTCTTCCCAAGTTTGAAGTTGCTG	1
170	169	1	TCTTCCCAAGTTTGAAGTTGCTGG	1
171	170	1	CTTCCCAAGTTTGAAGTTGCTGGA	1
172	171	1	TTCCCAAGTTTGAAGTTGCTGGAG	1
173	172	1	TCCCAAGTTTGAAGTTGCTGGAGG	1
174	173	1	CCCAAGTTTGAAGTTGCTGGAGGT	1
175	174	1	CCAAGTTTGAAGTTGCTGGAGGTA	1
176	175	1	CAAGTTTGAAGTTGCTGGAGGTAT	1
177	176	1	AAGTTTGAAGTTGCTGGAGGTATA	1
178	177	1	AGTTTGAAGTTGCTGGAGGTATAG	1
179	178	1	GTTTGAAGTTGCTGGAGGTATAGT	1
180	179	2	TTTGAAGTTGCTGGAGGTATAGTT	1
181	180	2	TTGAAGTTGCTGGAGGTATAGTTG	1
182	181	2	TGAAGTTGCTGGAGGTATAGTTGC	1
183	182	2	GAAGTTGCTGGAGGTATAGTTGCT	1
184	183	2	AAGTTGCTGGAGGTATAGTTGCTG	1
185	184	2	AGTTGCTGGAGGTATAGTTGCTGG	1
186	185	2	GTTGCTGGAGGTATAGTTGCTGGT	1
187	186	2	TTGCTGGAGGTATAGTTGCTGGTA	1
188	187	2	TGCTGGAGGTATAGTTGCTGGTAC	1
189	188	2	GCTGGAGGTATAGTTGCTGGTACA	1
190	189	2	CTGGAGGTATAGTTGCTGGTACAA	1
191	190	2	TGGAGGTATAGTTGCTGGTACAAA	1
192	191	2	GGAGGTATAGTTGCTGGTACAAAG	1
193	192	2	GAGGTATAGTTGCTGGTACAAAGA	1
194	193	2	AGGTATAGTTGCTGGTACAAAGAG	1
195	194	2	GGTATAGTTGCTGGTACAAAGAGA	1
196	195	2	GTATAGTTGCTGGTACAAAGAGAA	1
197	196	2	TATAGTTGCTGGTACAAAGAGAAG	1
198	197	2	ATAGTTGCTGGTACAAAGAGAAGC	1
199	198	2	TAGTTGCTGGTACAAAGAGAAGCT	1
200	199	2	AGTTGCTGGTACAAAGAGAAGCTT	1
201	200	2	GTTGCTGGTACAAAGAGAAGCTTG	1
202	201	2	TTGCTGGTACAAAGAGAAGCTTGG	1
203	202	2	TGCTGGTACAAAGAGAAGCTTGGG	1
204	203	3	GCTGGTACAAAGAGAAGCTTGGGT	1
205	204	3	CTGGTACAAAGAGAAGCTTGGGTA	1
206	205	3	TGGTACAAAGAGAAGCTTGGGTAA	1
207	206	3	GGTACAAAGAGAAGCTTGGGTAAA	1
208	207	4	GTACAAAGAGAAGCTTGGGTAAAG	1
209	208	4	TACAAAGAGAAGCTTGGGTAAAGT	1
210	209	3	ACAAAGAGAAGCTTGGGTAAAGTG	1
211	210	3	CAAAGAGAAGCTTGGGTAAAGTGG	1
212	211	3	AAAGAGAAGCTTGGGTAAAGTGGG	1
213	212	3	AAGAGAAGCTTGGGTAAAGTGGGT	1
214	213	3	AGAGAAGCTTGGGTAAAGTGGGTC	1
215	214	3	GAGAAGCTTGGGTAAAGTGGGTCT	1
216	215	3	AGAAGCTTGGGTAAAGTGGGTCTT	1
217	216	3	GAAGCTTGGGTAAAGTGGGTCTTG	1
218	217	3	AAGCTTGGGTAAAGTGGGTCTTGA	1
219	218	3	AGCTTGGGTAAAGTGGGTCTTGAT	1
220	219	3	GCTTGGGTAAAGTGGGTCTTGATA	1
221	220	3	CTTGGGTAAAGTGGGTCTTGATAA	1
222	221	3	TTGGGTAAAGTGGGTCTTGATAAT	1
223	222	3	TGGGTAAAGTGGGTCTTGATAATC	1
224	223	2	GGGTAAAGTGGGTCTTGATAATCC	1
225	224	2	GGTAAAGTGGGTCTTGATAATCCC	1
226	225	2	GTAAAGTGGGTCTTGATAATCCCA	1
227	226	2	TAAAGTGGGTCTTGATAATCCCAG	1
228	227	2	AAAGTGGGTCTTGATAATCCCAGC	1
229	228	2	AAGTGGGTCTTGATAATCCCAGCC	1
230	229	2	AGTGGGTCTTGATAATCCCAGCCG	1
231	230	2	GTGGGTCTTGATAATCCCAGCCGT	1
232	231	2	TGGGTCTTGATAATCCCAGCCGTC	1
233	232	2	GGGTCTTGATAATCCCAGCCGTCA	1
234	233	2	GGTCTTGATAATCCCAGCCGTCAA	1
235	234	2	GTCTTGATAATCCCAGCCGTCAAT	1
236	235	2	TCTTGATAATCCCAGCCGTCAATG	1
237	236	2	CTTGATAATCCCAGCCGTCAATGG	1
238	237	2	TTGATAATCCCAGCCGTCAATGGG	1
239	238	2	TGATAATCCCAGCCGTCAATGGGA	1
240	239	2	GATAATCCCAGCCGTCAATGGGAT	1
241	240	2	ATAATCCCAGCCGTCAATGGGATT	1
242	241	2	TAATCCCAGCCGTCAATGGGATTA	1
243	242	2	AATCCCAGCCGTCAATGGGATTAT	1
244	243	2	ATCCCAGCCGTCAATGGGATTATC	1
245	244	2	TCCCAGCCGTCAATGGGATTATCC	1
246	245	2	CCCAGCCGTCAATGGGATTATCCT	1
247	246	2	CCAGCCGTCAATGGGATTATCCTA	1
248	247	1	CAGCCGTCAATGGGATTATCCTAA	1
249	248	1	AGCCGTCAATGGGATTATCCTAAT	1
250	249	1	GCCGTCAATGGGATTATCCTAATG	1
251	250	1	CCGTCAATGGGATTATCCTAATGG	1
252	-1	0	TAGTTGCCTTTAGCTTTATTCTCT	1
253	252	1	AGTTGCCTTTAGCTTTATTCTCTT	1
254	253	1	GTTGCCTTTAGCTTTATTCTCTTA	1
255	254	1	TTGCCTTTAGCTTTATTCTCTTAT	1
256	255	1	TGCCTTTAGCTTTATTCTCTTATT	1
257	256	1	GCCTTTAGCTTTATTCTCTTATTA	1
258	257	1	CCTTTAGCTTTATTCTCTTATTAT	1
259	258	1	CTTTAGCTTTATTCTCTTATTATG	1
260	259	1	TTTAGCTTTATTCTCTTATTATGT	1
261	260	1	TTAGCTTTATTCTCTTATTATGTT	1
262	261	1	TAGCTTTATTCTCTTATTATGTTA	1
263	262	1	AGCTTTATTCTCTTATTATGTTAT	1
264	263	1	GCTTTATTCTCTTATTATGTTATT	1
265	264	2	CTTTATTCTCTTATTATGTTATTT	1
266	265	2	TTTATTCTCTTATTATGTTATTTT	1
267	266	2	TTATTCTCTTATTATGTTATTTTG	1
268	267	2	TATTCTCTTATTATGTTATTTTGG	1
269	268	2	ATTCTCTTATTATGTTATTTTGGT	1
270	269	2	TTCTCTTATTATGTTATTTTGGTT	1
271	270	2	TCTCTTATTATGTTATTTTGGTTA	1
272	271	3	CTCTTATTATGTTATTTTGGTTAT	1
273	272	3	TCTTATTATGTTATTTTGGTTATC	1
274	273	3	CTTATTATGTTATTTTGGTTATCG	1
275	274	3	TTATTATGTTATTTTGGTTATCGA	1
276	275	3	TATTATGTTATTTTGGTTATCGAC	1
277	276	3	ATTATGTTATTTTGGTTATCGACC	1
278	277	3	TTATGTTATTTTGGTTATCGACCG	1
279	278	3	TATGTTATTTTGGTTATCGACCGG	1
280	279	3	ATGTTATTTTGGTTATCGACCGGT	1
281	280	3	TGTTATTTTGGTTATCGACCGGTT	1
282	281	3	GTTATTTTGGTTATCGACCGGTTA	1
283	282	3	TTATTTTGGTTATCGACCGGTTAA	1
284	283	3	TATTTTGGTTATCGACCGGTTAAA	1
285	284	3	ATTTTGGTTATCGACCGGTTAAAA	1
286	285	3	TTTTGGTTATCGACCGGTTAAAAC	1
287	286	3	TTTGGTTATCGACCGGTTAAAACC	1
288	287	3	TTGGTTATCGACCGGTTAAAACCC	1
289	288	3	TGGTTATCGACCGGTTAAAACCCA	1
290	289	3	GGTTATCGACCGGTTAAAACCCAT	1
291	290	3	GTTATCGACCGGTTAAAACCCATT	1
292	291	3	TTATCGACCGGTTAAAACCCATTG	1
293	292	3	TATCGACCGGTTAAAACCCATTGT	1
294	293	3	ATCGACCGGTTAAAACCCATTGTT	1
295	294	3	TCGACCGGTTAAAACCCATTGTTA	1
296	295	3	CGACCGGTTAAAACCCATTGTTAT	1
297	296	2	GACCGGTTAAAACCCATTGTTATG	1
298	297	2	ACCGGTTAAAACCCATTGTTATGT	1
299	298	2	CCGGTTAAAACCCATTGTTATGTT	1
300	299	2	CGGTTAAAACCCATTGTTATGTTA	1
301	300	2	GGTTAAAACCCATTGTTATGTTAC	1
302	301	2	GTTAAAACCCATTGTTATGTTACA	1
303	302	2	TTAAAACCCATTGTTATGTTACAT	1
304	303	2	TAAAACCCATTGTTATGTTACATG	1
305	304	2	AAAACCCATTGTTATGTTACATGT	1
306	305	2	AAACCCATTGTTATGTTACATGTT	1
307	306	2	AACCCATTGTTATGTTACATGTTA	1
308	307	2	ACCCATTGTTATGTTACATGTTAT	1
309	308	1	CCCATTGTTATGTTACATGTTATA	1
310	309	1	CCATTGTTATGTTACATGTTATAC	1
311	310	1	CATTGTTATGTTACATGTTATACC	1
312	311	1	ATTGTTATGTTACATGTTATACCT	1
313	312	1	TTGTTATGTTACATGTTATACCTT	1
314	313	1	TGTTATGTTACATGTTATACCTTC	1
315	314	1	GTTATGTTACATGTTATACCTTCC	1
