Component 491
1	-1	0	AAGCTATCCCTACAGAAACGGCAG	1
2	1	1	AGCTATCCCTACAGAAACGGCAGC	1
3	2	1	GCTATCCCTACAGAAACGGCAGCT	1
4	3	1	CTATCCCTACAGAAACGGCAGCTG	1
5	4	1	TATCCCTACAGAAACGGCAGCTGA	1
6	5	1	ATCCCTACAGAAACGGCAGCTGAA	1
7	6	1	TCCCTACAGAAACGGCAGCTGAAG	1
8	7	1	CCCTACAGAAACGGCAGCTGAAGT	1
9	8	1	CCTACAGAAACGGCAGCTGAAGTA	1
10	9	1	CTACAGAAACGGCAGCTGAAGTAA	1
11	10	1	TACAGAAACGGCAGCTGAAGTAAA	1
12	11	1	ACAGAAACGGCAGCTGAAGTAAAG	1
13	12	1	CAGAAACGGCAGCTGAAGTAAAGG	1
14	13	1	AGAAACGGCAGCTGAAGTAAAGGA	1
15	14	1	GAAACGGCAGCTGAAGTAAAGGAA	1
16	15	2	AAACGGCAGCTGAAGTAAAGGAAT	1
17	16	2	AACGGCAGCTGAAGTAAAGGAATG	1
18	17	2	ACGGCAGCTGAAGTAAAGGAATGG	1
19	18	2	CGGCAGCTGAAGTAAAGGAATGGT	1
20	19	2	GGCAGCTGAAGTAAAGGAATGGTC	1
21	20	2	GCAGCTGAAGTAAAGGAATGGTCC	1
22	21	2	CAGCTGAAGTAAAGGAATGGTCCA	1
23	22	2	AGCTGAAGTAAAGGAATGGTCCAT	1
24	23	2	GCTGAAGTAAAGGAATGGTCCATG	1
25	24	2	CTGAAGTAAAGGAATGGTCCATGC	1
26	25	2	TGAAGTAAAGGAATGGTCCATGCC	1
27	26	2	GAAGTAAAGGAATGGTCCATGCCT	1
28	27	2	AAGTAAAGGAATGGTCCATGCCTA	1
29	28	2	AGTAAAGGAATGGTCCATGCCTAG	1
30	29	2	GTAAAGGAATGGTCCATGCCTAGC	1
31	30	2	TAAAGGAATGGTCCATGCCTAGCG	1
32	31	2	AAAGGAATGGTCCATGCCTAGCGC	1
33	32	2	AAGGAATGGTCCATGCCTAGCGCT	1
34	33	2	AGGAATGGTCCATGCCTAGCGCTC	1
35	34	2	GGAATGGTCCATGCCTAGCGCTCC	1
36	35	2	GAATGGTCCATGCCTAGCGCTCCT	1
37	36	2	AATGGTCCATGCCTAGCGCTCCTA	1
38	37	2	ATGGTCCATGCCTAGCGCTCCTAC	1
39	38	2	TGGTCCATGCCTAGCGCTCCTACT	1
40	39	2	GGTCCATGCCTAGCGCTCCTACTG	1
41	40	2	GTCCATGCCTAGCGCTCCTACTGC	1
42	41	1	TCCATGCCTAGCGCTCCTACTGCT	1
43	42	1	CCATGCCTAGCGCTCCTACTGCTC	1
44	43	1	CATGCCTAGCGCTCCTACTGCTCC	1
45	44	1	ATGCCTAGCGCTCCTACTGCTCCA	1
46	45	1	TGCCTAGCGCTCCTACTGCTCCAA	1
47	46	1	GCCTAGCGCTCCTACTGCTCCAAA	1
48	47	3	CCTAGCGCTCCTACTGCTCCAAAA	1
49	48	2	CTAGCGCTCCTACTGCTCCAAAAT	1
50	49	2	TAGCGCTCCTACTGCTCCAAAATA	1
51	50	2	AGCGCTCCTACTGCTCCAAAATAC	1
52	51	2	GCGCTCCTACTGCTCCAAAATACG	1
53	52	2	CGCTCCTACTGCTCCAAAATACGA	1
54	53	2	GCTCCTACTGCTCCAAAATACGAT	1
55	54	2	CTCCTACTGCTCCAAAATACGATG	1
56	55	2	TCCTACTGCTCCAAAATACGATGT	1
57	56	2	CCTACTGCTCCAAAATACGATGTT	1
58	57	3	CTACTGCTCCAAAATACGATGTTG	1
59	58	3	TACTGCTCCAAAATACGATGTTGA	1
60	59	3	ACTGCTCCAAAATACGATGTTGAC	1
61	60	3	CTGCTCCAAAATACGATGTTGACT	1
62	61	3	TGCTCCAAAATACGATGTTGACTT	1
63	62	3	GCTCCAAAATACGATGTTGACTTT	1
64	63	3	CTCCAAAATACGATGTTGACTTTA	1
65	64	3	TCCAAAATACGATGTTGACTTTAC	1
66	65	3	CCAAAATACGATGTTGACTTTACT	1
67	66	3	CAAAATACGATGTTGACTTTACTT	1
68	67	3	AAAATACGATGTTGACTTTACTTC	1
69	68	3	AAATACGATGTTGACTTTACTTCT	1
70	69	3	AATACGATGTTGACTTTACTTCTG	1
71	70	3	ATACGATGTTGACTTTACTTCTGC	1
72	71	3	TACGATGTTGACTTTACTTCTGCT	1
73	72	3	ACGATGTTGACTTTACTTCTGCTT	1
74	73	3	CGATGTTGACTTTACTTCTGCTTT	1
75	74	3	GATGTTGACTTTACTTCTGCTTTA	1
76	75	3	ATGTTGACTTTACTTCTGCTTTAA	1
77	76	3	TGTTGACTTTACTTCTGCTTTAAA	1
78	77	3	GTTGACTTTACTTCTGCTTTAAAC	1
79	78	3	TTGACTTTACTTCTGCTTTAAACT	1
80	79	3	TGACTTTACTTCTGCTTTAAACTC	1
81	80	3	GACTTTACTTCTGCTTTAAACTCT	1
82	81	3	ACTTTACTTCTGCTTTAAACTCTT	1
83	82	3	CTTTACTTCTGCTTTAAACTCTTA	1
84	83	3	TTTACTTCTGCTTTAAACTCTTAC	1
85	84	3	TTACTTCTGCTTTAAACTCTTACA	1
86	85	3	TACTTCTGCTTTAAACTCTTACAA	1
87	86	3	ACTTCTGCTTTAAACTCTTACAAG	1
88	87	3	CTTCTGCTTTAAACTCTTACAAGT	1
89	88	3	TTCTGCTTTAAACTCTTACAAGTA	1
90	89	4	TCTGCTTTAAACTCTTACAAGTAT	1
91	90	4	CTGCTTTAAACTCTTACAAGTATG	1
92	91	2	TGCTTTAAACTCTTACAAGTATGA	1
93	92	2	GCTTTAAACTCTTACAAGTATGAG	1
94	93	2	CTTTAAACTCTTACAAGTATGAGG	1
95	94	2	TTTAAACTCTTACAAGTATGAGGG	1
96	95	2	TTAAACTCTTACAAGTATGAGGGA	1
97	96	2	TAAACTCTTACAAGTATGAGGGAG	1
98	97	2	AAACTCTTACAAGTATGAGGGAGA	1
99	98	2	AACTCTTACAAGTATGAGGGAGAA	1
100	99	2	ACTCTTACAAGTATGAGGGAGAAA	1
101	100	2	CTCTTACAAGTATGAGGGAGAAAC	1
102	101	1	TCTTACAAGTATGAGGGAGAAACC	1
103	102	1	CTTACAAGTATGAGGGAGAAACCA	1
104	103	1	TTACAAGTATGAGGGAGAAACCAT	1
105	104	2	TACAAGTATGAGGGAGAAACCATT	1
106	105	2	ACAAGTATGAGGGAGAAACCATTC	1
107	106	2	CAAGTATGAGGGAGAAACCATTCC	1
108	107	2	AAGTATGAGGGAGAAACCATTCCC	1
109	108	2	AGTATGAGGGAGAAACCATTCCCA	1
110	109	2	GTATGAGGGAGAAACCATTCCCAC	1
111	110	2	TATGAGGGAGAAACCATTCCCACT	1
112	111	2	ATGAGGGAGAAACCATTCCCACTA	1
113	112	2	TGAGGGAGAAACCATTCCCACTAA	1
114	113	2	GAGGGAGAAACCATTCCCACTAAG	1
115	114	2	AGGGAGAAACCATTCCCACTAAGG	1
116	115	2	GGGAGAAACCATTCCCACTAAGGC	1
117	116	2	GGAGAAACCATTCCCACTAAGGCT	1
118	117	3	GAGAAACCATTCCCACTAAGGCTG	1
119	118	3	AGAAACCATTCCCACTAAGGCTGC	1
120	119	3	GAAACCATTCCCACTAAGGCTGCT	1
121	120	3	AAACCATTCCCACTAAGGCTGCTG	1
122	121	3	AACCATTCCCACTAAGGCTGCTGG	1
123	122	3	ACCATTCCCACTAAGGCTGCTGGA	1
124	123	3	CCATTCCCACTAAGGCTGCTGGAG	1
125	124	3	CATTCCCACTAAGGCTGCTGGAGA	1
126	125	3	ATTCCCACTAAGGCTGCTGGAGAA	1
127	126	3	TTCCCACTAAGGCTGCTGGAGAAA	1
128	127	3	TCCCACTAAGGCTGCTGGAGAAAG	1
129	128	4	CCCACTAAGGCTGCTGGAGAAAGC	1
130	129	4	CCACTAAGGCTGCTGGAGAAAGCA	1
131	130	4	CACTAAGGCTGCTGGAGAAAGCAA	1
132	131	4	ACTAAGGCTGCTGGAGAAAGCAAC	1
133	132	4	CTAAGGCTGCTGGAGAAAGCAACA	1
134	133	3	TAAGGCTGCTGGAGAAAGCAACAA	1
135	134	3	AAGGCTGCTGGAGAAAGCAACAAA	1
136	135	3	AGGCTGCTGGAGAAAGCAACAAAT	1
137	136	3	GGCTGCTGGAGAAAGCAACAAATT	1
138	137	3	GCTGCTGGAGAAAGCAACAAATTT	1
139	138	3	CTGCTGGAGAAAGCAACAAATTTG	1
140	139	3	TGCTGGAGAAAGCAACAAATTTGA	1
141	140	3	GCTGGAGAAAGCAACAAATTTGAC	1
142	141	3	CTGGAGAAAGCAACAAATTTGACT	1
143	142	3	TGGAGAAAGCAACAAATTTGACTT	1
144	143	3	GGAGAAAGCAACAAATTTGACTTT	1
145	144	3	GAGAAAGCAACAAATTTGACTTTC	1
146	145	3	AGAAAGCAACAAATTTGACTTTCT	1
147	146	3	GAAAGCAACAAATTTGACTTTCTT	1
148	147	3	AAAGCAACAAATTTGACTTTCTTG	1
149	148	2	AAGCAACAAATTTGACTTTCTTGA	1
150	149	2	AGCAACAAATTTGACTTTCTTGAA	1
151	150	2	GCAACAAATTTGACTTTCTTGAAT	1
152	151	2	CAACAAATTTGACTTTCTTGAATC	1
153	152	2	AACAAATTTGACTTTCTTGAATCA	1
154	153	2	ACAAATTTGACTTTCTTGAATCAT	1
155	154	2	CAAATTTGACTTTCTTGAATCATA	1
156	155	2	AAATTTGACTTTCTTGAATCATAT	1
157	156	2	AATTTGACTTTCTTGAATCATATG	1
158	157	2	ATTTGACTTTCTTGAATCATATGA	1
159	158	2	TTTGACTTTCTTGAATCATATGAG	1
160	159	2	TTGACTTTCTTGAATCATATGAGA	1
161	160	2	TGACTTTCTTGAATCATATGAGAA	1
162	161	1	GACTTTCTTGAATCATATGAGAAT	1
163	162	1	ACTTTCTTGAATCATATGAGAATG	1
164	163	1	CTTTCTTGAATCATATGAGAATGA	1
165	164	1	TTTCTTGAATCATATGAGAATGAA	1
166	165	1	TTCTTGAATCATATGAGAATGAAA	1
167	166	1	TCTTGAATCATATGAGAATGAAAA	1
168	167	1	CTTGAATCATATGAGAATGAAAAA	1
169	168	1	TTGAATCATATGAGAATGAAAAAG	1
170	169	1	TGAATCATATGAGAATGAAAAAGA	1
171	170	1	GAATCATATGAGAATGAAAAAGAA	1
172	171	1	AATCATATGAGAATGAAAAAGAAC	1
173	-1	0	ATTTATATTCTAGGTTAACGTATC	1
174	173	1	TTTATATTCTAGGTTAACGTATCC	1
175	174	1	TTATATTCTAGGTTAACGTATCCT	1
176	175	1	TATATTCTAGGTTAACGTATCCTT	1
177	176	1	ATATTCTAGGTTAACGTATCCTTT	1
178	177	1	TATTCTAGGTTAACGTATCCTTTT	1
179	178	1	ATTCTAGGTTAACGTATCCTTTTT	1
180	179	1	TTCTAGGTTAACGTATCCTTTTTC	1
181	180	1	TCTAGGTTAACGTATCCTTTTTCT	1
182	181	1	CTAGGTTAACGTATCCTTTTTCTG	1
183	182	2	TAGGTTAACGTATCCTTTTTCTGC	1
184	183	2	AGGTTAACGTATCCTTTTTCTGCT	1
185	184	2	GGTTAACGTATCCTTTTTCTGCTT	1
186	185	2	GTTAACGTATCCTTTTTCTGCTTT	1
187	186	2	TTAACGTATCCTTTTTCTGCTTTC	1
188	187	2	TAACGTATCCTTTTTCTGCTTTCT	1
189	188	2	AACGTATCCTTTTTCTGCTTTCTA	1
190	189	2	ACGTATCCTTTTTCTGCTTTCTAA	1
191	190	2	CGTATCCTTTTTCTGCTTTCTAAA	1
192	191	2	GTATCCTTTTTCTGCTTTCTAAAT	1
193	192	2	TATCCTTTTTCTGCTTTCTAAATG	1
194	193	2	ATCCTTTTTCTGCTTTCTAAATGT	1
195	194	2	TCCTTTTTCTGCTTTCTAAATGTC	1
196	195	2	CCTTTTTCTGCTTTCTAAATGTCT	1
197	196	2	CTTTTTCTGCTTTCTAAATGTCTT	1
198	197	3	TTTTTCTGCTTTCTAAATGTCTTT	1
199	198	3	TTTTCTGCTTTCTAAATGTCTTTG	1
200	199	3	TTTCTGCTTTCTAAATGTCTTTGA	1
201	200	3	TTCTGCTTTCTAAATGTCTTTGAA	1
202	201	3	TCTGCTTTCTAAATGTCTTTGAAC	1
203	202	3	CTGCTTTCTAAATGTCTTTGAACA	1
204	203	3	TGCTTTCTAAATGTCTTTGAACAT	1
205	204	3	GCTTTCTAAATGTCTTTGAACATA	1
206	205	3	CTTTCTAAATGTCTTTGAACATAG	1
207	206	3	TTTCTAAATGTCTTTGAACATAGC	1
208	207	3	TTCTAAATGTCTTTGAACATAGCT	1
209	208	3	TCTAAATGTCTTTGAACATAGCTG	1
210	209	3	CTAAATGTCTTTGAACATAGCTGA	1
211	210	3	TAAATGTCTTTGAACATAGCTGAA	1
212	211	3	AAATGTCTTTGAACATAGCTGAAT	1
213	212	3	AATGTCTTTGAACATAGCTGAATT	1
214	213	3	ATGTCTTTGAACATAGCTGAATTC	1
215	214	3	TGTCTTTGAACATAGCTGAATTCA	1
216	215	3	GTCTTTGAACATAGCTGAATTCAA	1
217	216	3	TCTTTGAACATAGCTGAATTCAAT	1
218	217	2	CTTTGAACATAGCTGAATTCAATG	1
219	218	2	TTTGAACATAGCTGAATTCAATGC	1
220	219	2	TTGAACATAGCTGAATTCAATGCT	1
221	220	2	TGAACATAGCTGAATTCAATGCTT	1
222	221	2	GAACATAGCTGAATTCAATGCTTA	1
223	222	2	AACATAGCTGAATTCAATGCTTAG	1
224	223	2	ACATAGCTGAATTCAATGCTTAGT	1
225	224	2	CATAGCTGAATTCAATGCTTAGTC	1
226	225	2	ATAGCTGAATTCAATGCTTAGTCG	1
227	226	1	TAGCTGAATTCAATGCTTAGTCGT	1
228	227	1	AGCTGAATTCAATGCTTAGTCGTC	1
229	228	1	GCTGAATTCAATGCTTAGTCGTCT	1
230	229	1	CTGAATTCAATGCTTAGTCGTCTC	1
231	230	1	TGAATTCAATGCTTAGTCGTCTCT	1
232	231	1	GAATTCAATGCTTAGTCGTCTCTT	1
233	232	1	AATTCAATGCTTAGTCGTCTCTTC	1
234	233	1	ATTCAATGCTTAGTCGTCTCTTCG	1
235	234	2	TTCAATGCTTAGTCGTCTCTTCGA	1
236	235	2	TCAATGCTTAGTCGTCTCTTCGAT	1
237	236	2	CAATGCTTAGTCGTCTCTTCGATT	1
238	237	2	AATGCTTAGTCGTCTCTTCGATTA	1
239	238	2	ATGCTTAGTCGTCTCTTCGATTAC	1
240	239	2	TGCTTAGTCGTCTCTTCGATTACG	1
241	240	2	GCTTAGTCGTCTCTTCGATTACGG	1
242	241	1	CTTAGTCGTCTCTTCGATTACGGC	1
243	242	1	TTAGTCGTCTCTTCGATTACGGCA	1
244	243	1	TAGTCGTCTCTTCGATTACGGCAC	1
245	244	1	AGTCGTCTCTTCGATTACGGCACG	1
246	245	1	GTCGTCTCTTCGATTACGGCACGA	1
247	246	1	TCGTCTCTTCGATTACGGCACGAA	1
248	247	1	CGTCTCTTCGATTACGGCACGAAA	1
249	248	1	GTCTCTTCGATTACGGCACGAAAC	1
250	249	1	TCTCTTCGATTACGGCACGAAACA	1
251	250	1	CTCTTCGATTACGGCACGAAACAG	1
252	251	1	TCTTCGATTACGGCACGAAACAGT	1
253	252	1	CTTCGATTACGGCACGAAACAGTT	1
254	253	1	TTCGATTACGGCACGAAACAGTTG	1
255	254	1	TCGATTACGGCACGAAACAGTTGT	1
256	255	1	CGATTACGGCACGAAACAGTTGTT	1
257	256	1	GATTACGGCACGAAACAGTTGTTG	1
258	257	1	ATTACGGCACGAAACAGTTGTTGC	1
259	258	1	TTACGGCACGAAACAGTTGTTGCC	1
260	259	1	TACGGCACGAAACAGTTGTTGCCT	1
261	260	1	ACGGCACGAAACAGTTGTTGCCTT	1
262	261	1	CGGCACGAAACAGTTGTTGCCTTG	1
263	262	1	GGCACGAAACAGTTGTTGCCTTGA	1
264	263	1	GCACGAAACAGTTGTTGCCTTGAT	1
265	264	1	CACGAAACAGTTGTTGCCTTGATT	1
266	265	1	ACGAAACAGTTGTTGCCTTGATTG	1
267	266	1	CGAAACAGTTGTTGCCTTGATTGA	1
268	267	1	GAAACAGTTGTTGCCTTGATTGAT	1
269	268	1	AAACAGTTGTTGCCTTGATTGATA	1
270	269	1	AACAGTTGTTGCCTTGATTGATAG	1
271	270	1	ACAGTTGTTGCCTTGATTGATAGA	1
272	271	1	CAGTTGTTGCCTTGATTGATAGAA	1
273	272	1	AGTTGTTGCCTTGATTGATAGAAA	1
274	273	1	GTTGTTGCCTTGATTGATAGAAAA	1
275	274	1	TTGTTGCCTTGATTGATAGAAAAC	1
276	275	1	TGTTGCCTTGATTGATAGAAAACC	1
277	276	1	GTTGCCTTGATTGATAGAAAACCA	1
278	277	1	TTGCCTTGATTGATAGAAAACCAC	1
279	-1	0	CGAAGAACAATGTCTCGAATTTTG	1
280	279	1	GAAGAACAATGTCTCGAATTTTGA	1
281	280	1	AAGAACAATGTCTCGAATTTTGAA	1
282	281	1	AGAACAATGTCTCGAATTTTGAAA	1
283	282	1	GAACAATGTCTCGAATTTTGAAAT	1
284	283	3	AACAATGTCTCGAATTTTGAAATC	1
285	284	3	ACAATGTCTCGAATTTTGAAATCA	1
286	285	3	CAATGTCTCGAATTTTGAAATCAC	1
287	286	3	AATGTCTCGAATTTTGAAATCACT	1
288	287	2	ATGTCTCGAATTTTGAAATCACTA	1
289	288	2	TGTCTCGAATTTTGAAATCACTAA	1
290	289	2	GTCTCGAATTTTGAAATCACTAAG	1
291	290	2	TCTCGAATTTTGAAATCACTAAGT	1
292	291	2	CTCGAATTTTGAAATCACTAAGTC	1
293	292	2	TCGAATTTTGAAATCACTAAGTCG	1
294	293	2	CGAATTTTGAAATCACTAAGTCGT	1
295	294	2	GAATTTTGAAATCACTAAGTCGTA	1
296	295	2	AATTTTGAAATCACTAAGTCGTAG	1
297	296	2	ATTTTGAAATCACTAAGTCGTAGT	1
298	297	2	TTTTGAAATCACTAAGTCGTAGTT	1
299	298	2	TTTGAAATCACTAAGTCGTAGTTA	1
300	299	2	TTGAAATCACTAAGTCGTAGTTAT	1
301	300	2	TGAAATCACTAAGTCGTAGTTATT	1
302	301	2	GAAATCACTAAGTCGTAGTTATTC	1
303	302	2	AAATCACTAAGTCGTAGTTATTCG	1
304	303	2	AATCACTAAGTCGTAGTTATTCGA	1
305	304	2	ATCACTAAGTCGTAGTTATTCGAC	1
306	305	2	TCACTAAGTCGTAGTTATTCGACC	1
307	306	2	CACTAAGTCGTAGTTATTCGACCA	1
308	307	2	ACTAAGTCGTAGTTATTCGACCAC	1
309	308	2	CTAAGTCGTAGTTATTCGACCACC	1
310	309	3	TAAGTCGTAGTTATTCGACCACCT	1
311	310	3	AAGTCGTAGTTATTCGACCACCTC	1
312	311	3	AGTCGTAGTTATTCGACCACCTCC	1
313	312	4	GTCGTAGTTATTCGACCACCTCCC	1
314	313	4	TCGTAGTTATTCGACCACCTCCCC	1
315	314	4	CGTAGTTATTCGACCACCTCCCCT	1
316	315	4	GTAGTTATTCGACCACCTCCCCTC	1
317	316	4	TAGTTATTCGACCACCTCCCCTCG	1
318	317	4	AGTTATTCGACCACCTCCCCTCGT	1
319	318	4	GTTATTCGACCACCTCCCCTCGTC	1
320	319	4	TTATTCGACCACCTCCCCTCGTCT	1
321	320	4	TATTCGACCACCTCCCCTCGTCTT	1
322	321	4	ATTCGACCACCTCCCCTCGTCTTT	1
323	322	4	TTCGACCACCTCCCCTCGTCTTTA	1
324	323	3	TCGACCACCTCCCCTCGTCTTTAC	1
325	324	3	CGACCACCTCCCCTCGTCTTTACG	1
326	325	3	GACCACCTCCCCTCGTCTTTACGT	1
327	326	2	ACCACCTCCCCTCGTCTTTACGTC	1
328	327	1	CCACCTCCCCTCGTCTTTACGTCG	1
329	328	1	CACCTCCCCTCGTCTTTACGTCGA	1
330	329	1	ACCTCCCCTCGTCTTTACGTCGAT	1
331	330	1	CCTCCCCTCGTCTTTACGTCGATG	1
332	331	1	CTCCCCTCGTCTTTACGTCGATGT	1
333	332	1	TCCCCTCGTCTTTACGTCGATGTA	1
334	333	1	CCCCTCGTCTTTACGTCGATGTAG	1
335	334	1	CCCTCGTCTTTACGTCGATGTAGT	1
336	335	1	CCTCGTCTTTACGTCGATGTAGTA	1
337	336	1	CTCGTCTTTACGTCGATGTAGTAC	1
338	337	1	TCGTCTTTACGTCGATGTAGTACA	1
339	338	1	CGTCTTTACGTCGATGTAGTACAG	1
340	339	1	GTCTTTACGTCGATGTAGTACAGG	1
341	340	1	TCTTTACGTCGATGTAGTACAGGG	1
342	341	1	CTTTACGTCGATGTAGTACAGGGT	1
343	342	1	TTTACGTCGATGTAGTACAGGGTT	1
344	343	1	TTACGTCGATGTAGTACAGGGTTT	1
345	344	1	TACGTCGATGTAGTACAGGGTTTA	1
346	345	1	ACGTCGATGTAGTACAGGGTTTAT	1
347	346	1	CGTCGATGTAGTACAGGGTTTATA	1
348	347	1	GTCGATGTAGTACAGGGTTTATAT	1
349	348	1	TCGATGTAGTACAGGGTTTATATA	1
350	349	1	CGATGTAGTACAGGGTTTATATAT	1
351	350	1	GATGTAGTACAGGGTTTATATATT	1
352	351	1	ATGTAGTACAGGGTTTATATATTT	1
353	352	1	TGTAGTACAGGGTTTATATATTTC	1
354	-1	0	TTTACATTTTCATCTACGTCGTTG	1
355	354	1	TTACATTTTCATCTACGTCGTTGA	1
356	355	1	TACATTTTCATCTACGTCGTTGAG	1
357	356	2	ACATTTTCATCTACGTCGTTGAGA	1
358	357	2	CATTTTCATCTACGTCGTTGAGAT	1
359	358	2	ATTTTCATCTACGTCGTTGAGATT	1
360	359	2	TTTTCATCTACGTCGTTGAGATTT	1
361	360	2	TTTCATCTACGTCGTTGAGATTTG	1
362	361	2	TTCATCTACGTCGTTGAGATTTGA	1
363	362	2	TCATCTACGTCGTTGAGATTTGAT	1
364	363	2	CATCTACGTCGTTGAGATTTGATT	1
365	364	2	ATCTACGTCGTTGAGATTTGATTT	1
366	365	2	TCTACGTCGTTGAGATTTGATTTT	1
367	366	2	CTACGTCGTTGAGATTTGATTTTA	1
368	367	2	TACGTCGTTGAGATTTGATTTTAT	1
369	368	2	ACGTCGTTGAGATTTGATTTTATA	1
370	369	2	CGTCGTTGAGATTTGATTTTATAT	1
371	370	2	GTCGTTGAGATTTGATTTTATATC	1
372	371	2	TCGTTGAGATTTGATTTTATATCT	1
373	372	2	CGTTGAGATTTGATTTTATATCTA	1
374	373	2	GTTGAGATTTGATTTTATATCTAT	1
375	374	2	TTGAGATTTGATTTTATATCTATT	1
376	375	2	TGAGATTTGATTTTATATCTATTT	1
377	376	2	GAGATTTGATTTTATATCTATTTC	1
378	377	2	AGATTTGATTTTATATCTATTTCA	1
379	378	2	GATTTGATTTTATATCTATTTCAT	1
380	379	2	ATTTGATTTTATATCTATTTCATG	1
381	380	2	TTTGATTTTATATCTATTTCATGC	1
382	381	2	TTGATTTTATATCTATTTCATGCC	1
383	382	3	TGATTTTATATCTATTTCATGCCT	1
384	383	3	GATTTTATATCTATTTCATGCCTT	1
385	384	4	ATTTTATATCTATTTCATGCCTTT	1
386	385	5	TTTTATATCTATTTCATGCCTTTG	1
387	386	5	TTTATATCTATTTCATGCCTTTGT	1
388	387	6	TTATATCTATTTCATGCCTTTGTC	1
389	388	6	TATATCTATTTCATGCCTTTGTCT	1
390	389	6	ATATCTATTTCATGCCTTTGTCTG	1
391	390	6	TATCTATTTCATGCCTTTGTCTGA	1
392	391	6	ATCTATTTCATGCCTTTGTCTGAT	1
393	392	6	TCTATTTCATGCCTTTGTCTGATC	1
394	393	6	CTATTTCATGCCTTTGTCTGATCC	1
395	394	6	TATTTCATGCCTTTGTCTGATCCT	1
396	395	6	ATTTCATGCCTTTGTCTGATCCTT	1
397	396	6	TTTCATGCCTTTGTCTGATCCTTC	1
398	397	6	TTCATGCCTTTGTCTGATCCTTCT	1
399	398	5	TCATGCCTTTGTCTGATCCTTCTT	1
400	399	5	CATGCCTTTGTCTGATCCTTCTTT	1
401	400	4	ATGCCTTTGTCTGATCCTTCTTTT	1
402	401	4	TGCCTTTGTCTGATCCTTCTTTTG	1
403	402	4	GCCTTTGTCTGATCCTTCTTTTGA	1
404	403	4	CCTTTGTCTGATCCTTCTTTTGAT	1
405	404	4	CTTTGTCTGATCCTTCTTTTGATT	1
406	405	4	TTTGTCTGATCCTTCTTTTGATTG	1
407	406	4	TTGTCTGATCCTTCTTTTGATTGA	1
408	407	4	TGTCTGATCCTTCTTTTGATTGAC	1
409	408	4	GTCTGATCCTTCTTTTGATTGACC	1
410	409	4	TCTGATCCTTCTTTTGATTGACCA	1
411	410	4	CTGATCCTTCTTTTGATTGACCAC	1
412	411	4	TGATCCTTCTTTTGATTGACCACG	1
413	412	4	GATCCTTCTTTTGATTGACCACGA	1
414	413	4	ATCCTTCTTTTGATTGACCACGAA	1
415	414	5	TCCTTCTTTTGATTGACCACGAAC	1
416	415	5	CCTTCTTTTGATTGACCACGAACG	1
417	416	5	CTTCTTTTGATTGACCACGAACGT	1
418	417	5	TTCTTTTGATTGACCACGAACGTG	1
419	418	5	TCTTTTGATTGACCACGAACGTGG	1
420	419	5	CTTTTGATTGACCACGAACGTGGA	1
421	420	5	TTTTGATTGACCACGAACGTGGAT	1
422	421	5	TTTGATTGACCACGAACGTGGATG	1
423	422	5	TTGATTGACCACGAACGTGGATGT	1
424	423	5	TGATTGACCACGAACGTGGATGTA	1
425	424	5	GATTGACCACGAACGTGGATGTAT	1
426	425	5	ATTGACCACGAACGTGGATGTATC	1
427	426	4	TTGACCACGAACGTGGATGTATCT	1
428	427	4	TGACCACGAACGTGGATGTATCTC	1
429	428	3	GACCACGAACGTGGATGTATCTCT	1
430	429	2	ACCACGAACGTGGATGTATCTCTA	1
431	430	2	CCACGAACGTGGATGTATCTCTAT	1
432	431	1	CACGAACGTGGATGTATCTCTATA	1
433	432	1	ACGAACGTGGATGTATCTCTATAA	1
