Component 494
1	-1	0	CTTTCTCTTCTTATTGAAAAGTAC	1
2	1	1	TTTCTCTTCTTATTGAAAAGTACT	1
3	2	1	TTCTCTTCTTATTGAAAAGTACTC	1
4	3	2	TCTCTTCTTATTGAAAAGTACTCG	1
5	4	2	CTCTTCTTATTGAAAAGTACTCGA	1
6	5	2	TCTTCTTATTGAAAAGTACTCGAA	1
7	6	2	CTTCTTATTGAAAAGTACTCGAAA	1
8	7	2	TTCTTATTGAAAAGTACTCGAAAA	1
9	8	3	TCTTATTGAAAAGTACTCGAAAAT	1
10	9	3	CTTATTGAAAAGTACTCGAAAATA	1
11	10	3	TTATTGAAAAGTACTCGAAAATAA	1
12	11	3	TATTGAAAAGTACTCGAAAATAAA	1
13	12	3	ATTGAAAAGTACTCGAAAATAAAA	1
14	13	3	TTGAAAAGTACTCGAAAATAAAAA	1
15	14	3	TGAAAAGTACTCGAAAATAAAAAA	1
16	15	3	GAAAAGTACTCGAAAATAAAAAAA	1
17	16	3	AAAAGTACTCGAAAATAAAAAAAA	1
18	17	4	AAAGTACTCGAAAATAAAAAAAAT	1
19	18	4	AAGTACTCGAAAATAAAAAAAATG	1
20	19	4	AGTACTCGAAAATAAAAAAAATGT	1
21	20	4	GTACTCGAAAATAAAAAAAATGTC	1
22	21	4	TACTCGAAAATAAAAAAAATGTCT	1
23	22	4	ACTCGAAAATAAAAAAAATGTCTC	1
24	23	4	CTCGAAAATAAAAAAAATGTCTCC	1
25	24	4	TCGAAAATAAAAAAAATGTCTCCT	1
26	25	4	CGAAAATAAAAAAAATGTCTCCTC	1
27	26	5	GAAAATAAAAAAAATGTCTCCTCA	1
28	27	5	AAAATAAAAAAAATGTCTCCTCAT	1
29	28	5	AAATAAAAAAAATGTCTCCTCATA	1
30	29	5	AATAAAAAAAATGTCTCCTCATAA	1
31	30	5	ATAAAAAAAATGTCTCCTCATAAA	1
32	31	5	TAAAAAAAATGTCTCCTCATAAAA	1
33	32	5	AAAAAAAATGTCTCCTCATAAAAT	1
34	33	5	AAAAAAATGTCTCCTCATAAAATT	1
35	34	5	AAAAAATGTCTCCTCATAAAATTA	1
36	35	5	AAAAATGTCTCCTCATAAAATTAG	1
37	36	5	AAAATGTCTCCTCATAAAATTAGT	1
38	37	5	AAATGTCTCCTCATAAAATTAGTG	1
39	38	5	AATGTCTCCTCATAAAATTAGTGA	1
40	39	5	ATGTCTCCTCATAAAATTAGTGAT	1
41	40	5	TGTCTCCTCATAAAATTAGTGATA	1
42	41	5	GTCTCCTCATAAAATTAGTGATAA	1
43	42	5	TCTCCTCATAAAATTAGTGATAAC	1
44	43	5	CTCCTCATAAAATTAGTGATAACC	1
45	44	5	TCCTCATAAAATTAGTGATAACCA	1
46	45	4	CCTCATAAAATTAGTGATAACCAC	1
47	46	4	CTCATAAAATTAGTGATAACCACC	1
48	47	3	TCATAAAATTAGTGATAACCACCG	1
49	48	3	CATAAAATTAGTGATAACCACCGT	1
50	49	3	ATAAAATTAGTGATAACCACCGTC	1
51	50	3	TAAAATTAGTGATAACCACCGTCA	1
52	51	3	AAAATTAGTGATAACCACCGTCAT	1
53	52	2	AAATTAGTGATAACCACCGTCATT	1
54	53	2	AATTAGTGATAACCACCGTCATTT	1
55	54	2	ATTAGTGATAACCACCGTCATTTG	1
56	55	2	TTAGTGATAACCACCGTCATTTGA	1
57	56	2	TAGTGATAACCACCGTCATTTGAT	1
58	57	2	AGTGATAACCACCGTCATTTGATG	1
59	58	2	GTGATAACCACCGTCATTTGATGT	1
60	59	2	TGATAACCACCGTCATTTGATGTT	1
61	60	2	GATAACCACCGTCATTTGATGTTA	1
62	61	1	ATAACCACCGTCATTTGATGTTAA	1
63	62	1	TAACCACCGTCATTTGATGTTAAG	1
64	63	1	AACCACCGTCATTTGATGTTAAGT	1
65	64	1	ACCACCGTCATTTGATGTTAAGTA	1
66	65	1	CCACCGTCATTTGATGTTAAGTAG	1
67	66	1	CACCGTCATTTGATGTTAAGTAGA	1
68	67	1	ACCGTCATTTGATGTTAAGTAGAT	1
69	68	1	CCGTCATTTGATGTTAAGTAGATT	1
70	69	1	CGTCATTTGATGTTAAGTAGATTT	1
71	-1	0	TTGATGTTAAGTAGATTTATGATG	1
72	71	1	TGATGTTAAGTAGATTTATGATGG	1
73	72	1	GATGTTAAGTAGATTTATGATGGG	1
74	73	1	ATGTTAAGTAGATTTATGATGGGA	1
75	74	1	TGTTAAGTAGATTTATGATGGGAA	1
76	75	1	GTTAAGTAGATTTATGATGGGAAA	1
77	76	1	TTAAGTAGATTTATGATGGGAAAT	1
78	77	1	TAAGTAGATTTATGATGGGAAATG	1
79	78	1	AAGTAGATTTATGATGGGAAATGG	1
80	79	1	AGTAGATTTATGATGGGAAATGGT	1
81	80	1	GTAGATTTATGATGGGAAATGGTG	1
82	81	1	TAGATTTATGATGGGAAATGGTGT	1
83	82	1	AGATTTATGATGGGAAATGGTGTT	1
84	83	1	GATTTATGATGGGAAATGGTGTTT	1
85	84	1	ATTTATGATGGGAAATGGTGTTTC	1
86	85	1	TTTATGATGGGAAATGGTGTTTCC	1
87	86	1	TTATGATGGGAAATGGTGTTTCCA	1
88	87	1	TATGATGGGAAATGGTGTTTCCAT	1
89	88	1	ATGATGGGAAATGGTGTTTCCATC	1
90	89	1	TGATGGGAAATGGTGTTTCCATCA	1
91	90	1	GATGGGAAATGGTGTTTCCATCAT	1
92	91	1	ATGGGAAATGGTGTTTCCATCATA	1
93	92	1	TGGGAAATGGTGTTTCCATCATAA	1
94	93	1	GGGAAATGGTGTTTCCATCATAAA	1
95	94	2	GGAAATGGTGTTTCCATCATAAAC	1
96	95	2	GAAATGGTGTTTCCATCATAAACA	1
97	96	2	AAATGGTGTTTCCATCATAAACAT	1
98	97	2	AATGGTGTTTCCATCATAAACATG	1
99	98	2	ATGGTGTTTCCATCATAAACATGC	1
100	99	2	TGGTGTTTCCATCATAAACATGCC	1
101	100	2	GGTGTTTCCATCATAAACATGCCT	1
102	101	2	GTGTTTCCATCATAAACATGCCTT	1
103	102	2	TGTTTCCATCATAAACATGCCTTT	1
104	103	2	GTTTCCATCATAAACATGCCTTTC	1
105	104	2	TTTCCATCATAAACATGCCTTTCT	1
106	105	2	TTCCATCATAAACATGCCTTTCTC	1
107	106	2	TCCATCATAAACATGCCTTTCTCT	1
108	107	2	CCATCATAAACATGCCTTTCTCTG	1
109	108	2	CATCATAAACATGCCTTTCTCTGG	1
110	109	2	ATCATAAACATGCCTTTCTCTGGT	1
111	110	2	TCATAAACATGCCTTTCTCTGGTG	1
112	111	2	CATAAACATGCCTTTCTCTGGTGG	1
113	112	2	ATAAACATGCCTTTCTCTGGTGGC	1
114	113	2	TAAACATGCCTTTCTCTGGTGGCC	1
115	114	2	AAACATGCCTTTCTCTGGTGGCCA	1
116	115	1	AACATGCCTTTCTCTGGTGGCCAG	1
117	116	1	ACATGCCTTTCTCTGGTGGCCAGC	1
118	117	1	CATGCCTTTCTCTGGTGGCCAGCC	1
119	118	1	ATGCCTTTCTCTGGTGGCCAGCCC	1
120	119	1	TGCCTTTCTCTGGTGGCCAGCCCA	1
121	120	1	GCCTTTCTCTGGTGGCCAGCCCAA	1
122	121	1	CCTTTCTCTGGTGGCCAGCCCAAG	1
123	122	1	CTTTCTCTGGTGGCCAGCCCAAGG	1
124	123	1	TTTCTCTGGTGGCCAGCCCAAGGA	1
125	124	3	TTCTCTGGTGGCCAGCCCAAGGAC	1
126	125	3	TCTCTGGTGGCCAGCCCAAGGACG	1
127	126	3	CTCTGGTGGCCAGCCCAAGGACGG	1
128	127	3	TCTGGTGGCCAGCCCAAGGACGGT	1
129	128	3	CTGGTGGCCAGCCCAAGGACGGTG	1
130	129	3	TGGTGGCCAGCCCAAGGACGGTGC	1
131	130	3	GGTGGCCAGCCCAAGGACGGTGCA	1
132	131	3	GTGGCCAGCCCAAGGACGGTGCAG	1
133	132	3	TGGCCAGCCCAAGGACGGTGCAGA	1
134	133	3	GGCCAGCCCAAGGACGGTGCAGAG	1
135	134	2	GCCAGCCCAAGGACGGTGCAGAGT	1
136	135	2	CCAGCCCAAGGACGGTGCAGAGTT	1
137	136	2	CAGCCCAAGGACGGTGCAGAGTTG	1
138	137	2	AGCCCAAGGACGGTGCAGAGTTGG	1
139	138	2	GCCCAAGGACGGTGCAGAGTTGGC	1
140	139	3	CCCAAGGACGGTGCAGAGTTGGCT	1
141	140	3	CCAAGGACGGTGCAGAGTTGGCTC	1
142	141	3	CAAGGACGGTGCAGAGTTGGCTCC	1
143	142	3	AAGGACGGTGCAGAGTTGGCTCCC	1
144	143	3	AGGACGGTGCAGAGTTGGCTCCCG	1
145	144	3	GGACGGTGCAGAGTTGGCTCCCGA	1
146	145	3	GACGGTGCAGAGTTGGCTCCCGAA	1
147	146	3	ACGGTGCAGAGTTGGCTCCCGAAA	1
148	147	3	CGGTGCAGAGTTGGCTCCCGAAAT	1
149	148	3	GGTGCAGAGTTGGCTCCCGAAATG	1
150	149	4	GTGCAGAGTTGGCTCCCGAAATGG	1
151	150	4	TGCAGAGTTGGCTCCCGAAATGGT	1
152	151	4	GCAGAGTTGGCTCCCGAAATGGTT	1
153	152	4	CAGAGTTGGCTCCCGAAATGGTTG	1
154	153	4	AGAGTTGGCTCCCGAAATGGTTGA	1
155	154	4	GAGTTGGCTCCCGAAATGGTTGAA	1
156	155	4	AGTTGGCTCCCGAAATGGTTGAAA	1
157	156	4	GTTGGCTCCCGAAATGGTTGAAAA	1
158	157	4	TTGGCTCCCGAAATGGTTGAAAAG	1
159	158	4	TGGCTCCCGAAATGGTTGAAAAGG	1
160	159	4	GGCTCCCGAAATGGTTGAAAAGGC	1
161	160	4	GCTCCCGAAATGGTTGAAAAGGCT	1
162	161	4	CTCCCGAAATGGTTGAAAAGGCTG	1
163	162	4	TCCCGAAATGGTTGAAAAGGCTGG	1
164	163	4	CCCGAAATGGTTGAAAAGGCTGGC	1
165	164	4	CCGAAATGGTTGAAAAGGCTGGCC	1
166	165	4	CGAAATGGTTGAAAAGGCTGGCCT	1
167	166	3	GAAATGGTTGAAAAGGCTGGCCTT	1
168	167	3	AAATGGTTGAAAAGGCTGGCCTTG	1
169	168	2	AATGGTTGAAAAGGCTGGCCTTGT	1
170	169	2	ATGGTTGAAAAGGCTGGCCTTGTG	1
171	170	2	TGGTTGAAAAGGCTGGCCTTGTGG	1
172	171	3	GGTTGAAAAGGCTGGCCTTGTGGA	1
173	172	3	GTTGAAAAGGCTGGCCTTGTGGAT	1
174	173	3	TTGAAAAGGCTGGCCTTGTGGATG	1
175	174	3	TGAAAAGGCTGGCCTTGTGGATGA	1
176	175	3	GAAAAGGCTGGCCTTGTGGATGAT	1
177	176	3	AAAAGGCTGGCCTTGTGGATGATT	1
178	177	3	AAAGGCTGGCCTTGTGGATGATTT	1
179	178	3	AAGGCTGGCCTTGTGGATGATTTG	1
180	179	3	AGGCTGGCCTTGTGGATGATTTGG	1
181	180	3	GGCTGGCCTTGTGGATGATTTGGA	1
182	181	3	GCTGGCCTTGTGGATGATTTGGAA	1
183	182	2	CTGGCCTTGTGGATGATTTGGAAC	1
184	183	2	TGGCCTTGTGGATGATTTGGAACA	1
185	184	2	GGCCTTGTGGATGATTTGGAACAC	1
186	185	2	GCCTTGTGGATGATTTGGAACACC	1
187	186	2	CCTTGTGGATGATTTGGAACACCT	1
188	187	2	CTTGTGGATGATTTGGAACACCTT	1
189	188	2	TTGTGGATGATTTGGAACACCTTG	1
190	189	2	TGTGGATGATTTGGAACACCTTGG	1
191	190	2	GTGGATGATTTGGAACACCTTGGA	1
192	191	2	TGGATGATTTGGAACACCTTGGAT	1
193	192	2	GGATGATTTGGAACACCTTGGATA	1
194	193	1	GATGATTTGGAACACCTTGGATAC	1
195	194	1	ATGATTTGGAACACCTTGGATACG	1
196	195	1	TGATTTGGAACACCTTGGATACGA	1
197	196	1	GATTTGGAACACCTTGGATACGAT	1
198	197	1	ATTTGGAACACCTTGGATACGATG	1
199	198	1	TTTGGAACACCTTGGATACGATGT	1
200	199	1	TTGGAACACCTTGGATACGATGTC	1
201	200	1	TGGAACACCTTGGATACGATGTCA	1
202	201	1	GGAACACCTTGGATACGATGTCAA	1
203	202	1	GAACACCTTGGATACGATGTCAAG	1
204	203	1	AACACCTTGGATACGATGTCAAGC	1
205	204	1	ACACCTTGGATACGATGTCAAGCT	1
206	205	1	CACCTTGGATACGATGTCAAGCTC	1
207	206	1	ACCTTGGATACGATGTCAAGCTCA	1
208	207	1	CCTTGGATACGATGTCAAGCTCAT	1
209	208	1	CTTGGATACGATGTCAAGCTCATC	1
210	209	1	TTGGATACGATGTCAAGCTCATCC	1
211	210	1	TGGATACGATGTCAAGCTCATCCA	1
212	211	1	GGATACGATGTCAAGCTCATCCAA	1
213	212	1	GATACGATGTCAAGCTCATCCAAA	1
214	213	1	ATACGATGTCAAGCTCATCCAAAA	1
215	214	1	TACGATGTCAAGCTCATCCAAAAC	1
216	-1	0	CGATGTCAAGCTCATCCAAAACCC	1
217	216	1	GATGTCAAGCTCATCCAAAACCCC	1
218	217	1	ATGTCAAGCTCATCCAAAACCCCG	1
219	218	1	TGTCAAGCTCATCCAAAACCCCGA	1
220	219	1	GTCAAGCTCATCCAAAACCCCGAA	1
221	220	1	TCAAGCTCATCCAAAACCCCGAAT	1
222	221	1	CAAGCTCATCCAAAACCCCGAATT	1
223	222	1	AAGCTCATCCAAAACCCCGAATTT	1
224	223	1	AGCTCATCCAAAACCCCGAATTTA	1
225	224	1	GCTCATCCAAAACCCCGAATTTAA	1
226	225	1	CTCATCCAAAACCCCGAATTTAAA	1
227	226	1	TCATCCAAAACCCCGAATTTAAAA	1
228	227	1	CATCCAAAACCCCGAATTTAAAAG	1
229	228	1	ATCCAAAACCCCGAATTTAAAAGT	1
230	229	1	TCCAAAACCCCGAATTTAAAAGTC	1
231	230	1	CCAAAACCCCGAATTTAAAAGTCG	1
232	231	2	CAAAACCCCGAATTTAAAAGTCGT	1
233	232	2	AAAACCCCGAATTTAAAAGTCGTC	1
234	233	3	AAACCCCGAATTTAAAAGTCGTCC	1
235	234	3	AACCCCGAATTTAAAAGTCGTCCT	1
236	235	3	ACCCCGAATTTAAAAGTCGTCCTT	1
237	236	3	CCCCGAATTTAAAAGTCGTCCTTC	1
238	237	3	CCCGAATTTAAAAGTCGTCCTTCC	1
239	238	3	CCGAATTTAAAAGTCGTCCTTCCA	1
240	239	3	CGAATTTAAAAGTCGTCCTTCCAA	1
241	240	3	GAATTTAAAAGTCGTCCTTCCAAG	1
242	241	3	AATTTAAAAGTCGTCCTTCCAAGG	1
243	242	3	ATTTAAAAGTCGTCCTTCCAAGGA	1
244	243	3	TTTAAAAGTCGTCCTTCCAAGGAG	1
245	244	3	TTAAAAGTCGTCCTTCCAAGGAGG	1
246	245	3	TAAAAGTCGTCCTTCCAAGGAGGG	1
247	246	3	AAAAGTCGTCCTTCCAAGGAGGGT	1
248	247	3	AAAGTCGTCCTTCCAAGGAGGGTC	1
249	248	3	AAGTCGTCCTTCCAAGGAGGGTCC	1
250	249	3	AGTCGTCCTTCCAAGGAGGGTCCC	1
251	250	3	GTCGTCCTTCCAAGGAGGGTCCCA	1
252	251	3	TCGTCCTTCCAAGGAGGGTCCCAA	1
253	252	3	CGTCCTTCCAAGGAGGGTCCCAAC	1
254	253	3	GTCCTTCCAAGGAGGGTCCCAACC	1
255	254	3	TCCTTCCAAGGAGGGTCCCAACCA	1
256	255	3	CCTTCCAAGGAGGGTCCCAACCAG	1
257	256	3	CTTCCAAGGAGGGTCCCAACCAGG	1
258	257	3	TTCCAAGGAGGGTCCCAACCAGGC	1
259	258	3	TCCAAGGAGGGTCCCAACCAGGCT	1
260	259	3	CCAAGGAGGGTCCCAACCAGGCTT	1
261	260	2	CAAGGAGGGTCCCAACCAGGCTTT	1
262	261	2	AAGGAGGGTCCCAACCAGGCTTTA	1
263	262	2	AGGAGGGTCCCAACCAGGCTTTAA	1
264	263	2	GGAGGGTCCCAACCAGGCTTTAAT	1
265	264	2	GAGGGTCCCAACCAGGCTTTAATG	1
266	265	2	AGGGTCCCAACCAGGCTTTAATGA	1
267	266	2	GGGTCCCAACCAGGCTTTAATGAA	1
268	267	2	GGTCCCAACCAGGCTTTAATGAAA	1
269	268	2	GTCCCAACCAGGCTTTAATGAAAA	1
270	269	2	TCCCAACCAGGCTTTAATGAAAAA	1
271	270	2	CCCAACCAGGCTTTAATGAAAAAC	1
272	271	2	CCAACCAGGCTTTAATGAAAAACC	1
273	272	2	CAACCAGGCTTTAATGAAAAACCC	1
274	273	1	AACCAGGCTTTAATGAAAAACCCT	1
275	274	1	ACCAGGCTTTAATGAAAAACCCTC	1
