Component 495
1	-1	0	CAAAAATGAGTTGGCATGGATTCA	1
2	1	1	AAAAATGAGTTGGCATGGATTCAA	1
3	2	1	AAAATGAGTTGGCATGGATTCAAA	1
4	3	1	AAATGAGTTGGCATGGATTCAAAA	1
5	4	1	AATGAGTTGGCATGGATTCAAAAA	1
6	5	1	ATGAGTTGGCATGGATTCAAAAAG	1
7	6	1	TGAGTTGGCATGGATTCAAAAAGG	1
8	7	1	GAGTTGGCATGGATTCAAAAAGGC	1
9	8	1	AGTTGGCATGGATTCAAAAAGGCC	1
10	9	1	GTTGGCATGGATTCAAAAAGGCCG	1
11	10	1	TTGGCATGGATTCAAAAAGGCCGT	1
12	11	1	TGGCATGGATTCAAAAAGGCCGTT	1
13	12	1	GGCATGGATTCAAAAAGGCCGTTA	1
14	13	1	GCATGGATTCAAAAAGGCCGTTAA	1
15	14	1	CATGGATTCAAAAAGGCCGTTAAC	1
16	15	3	ATGGATTCAAAAAGGCCGTTAACC	1
17	16	3	TGGATTCAAAAAGGCCGTTAACCG	1
18	17	3	GGATTCAAAAAGGCCGTTAACCGA	1
19	18	3	GATTCAAAAAGGCCGTTAACCGAG	1
20	19	3	ATTCAAAAAGGCCGTTAACCGAGC	1
21	20	3	TTCAAAAAGGCCGTTAACCGAGCG	1
22	21	4	TCAAAAAGGCCGTTAACCGAGCGG	1
23	22	4	CAAAAAGGCCGTTAACCGAGCGGG	1
24	23	4	AAAAAGGCCGTTAACCGAGCGGGT	1
25	24	4	AAAAGGCCGTTAACCGAGCGGGTA	1
26	25	4	AAAGGCCGTTAACCGAGCGGGTAC	1
27	26	5	AAGGCCGTTAACCGAGCGGGTACC	1
28	27	5	AGGCCGTTAACCGAGCGGGTACCT	1
29	28	5	GGCCGTTAACCGAGCGGGTACCTC	1
30	29	5	GCCGTTAACCGAGCGGGTACCTCG	1
31	30	5	CCGTTAACCGAGCGGGTACCTCGG	1
32	31	5	CGTTAACCGAGCGGGTACCTCGGT	1
33	32	5	GTTAACCGAGCGGGTACCTCGGTT	1
34	33	6	TTAACCGAGCGGGTACCTCGGTTA	1
35	34	6	TAACCGAGCGGGTACCTCGGTTAT	1
36	35	6	AACCGAGCGGGTACCTCGGTTATG	1
37	36	6	ACCGAGCGGGTACCTCGGTTATGA	1
38	37	6	CCGAGCGGGTACCTCGGTTATGAT	1
39	38	6	CGAGCGGGTACCTCGGTTATGATG	1
40	39	6	GAGCGGGTACCTCGGTTATGATGA	1
41	40	6	AGCGGGTACCTCGGTTATGATGAA	1
42	41	6	GCGGGTACCTCGGTTATGATGAAG	1
43	42	6	CGGGTACCTCGGTTATGATGAAGA	1
44	43	6	GGGTACCTCGGTTATGATGAAGAC	1
45	44	6	GGTACCTCGGTTATGATGAAGACG	1
46	45	5	GTACCTCGGTTATGATGAAGACGG	1
47	46	5	TACCTCGGTTATGATGAAGACGGG	1
48	47	3	ACCTCGGTTATGATGAAGACGGGT	1
49	48	3	CCTCGGTTATGATGAAGACGGGTC	1
50	49	3	CTCGGTTATGATGAAGACGGGTCA	1
51	50	3	TCGGTTATGATGAAGACGGGTCAT	1
52	51	3	CGGTTATGATGAAGACGGGTCATG	1
53	52	3	GGTTATGATGAAGACGGGTCATGT	1
54	53	3	GTTATGATGAAGACGGGTCATGTT	1
55	54	3	TTATGATGAAGACGGGTCATGTTG	1
56	55	3	TATGATGAAGACGGGTCATGTTGA	1
57	56	3	ATGATGAAGACGGGTCATGTTGAG	1
58	57	3	TGATGAAGACGGGTCATGTTGAGC	1
59	58	3	GATGAAGACGGGTCATGTTGAGCG	1
60	59	2	ATGAAGACGGGTCATGTTGAGCGA	1
61	60	2	TGAAGACGGGTCATGTTGAGCGAA	1
62	61	2	GAAGACGGGTCATGTTGAGCGAAC	1
63	62	2	AAGACGGGTCATGTTGAGCGAACG	1
64	63	3	AGACGGGTCATGTTGAGCGAACGG	1
65	64	2	GACGGGTCATGTTGAGCGAACGGT	1
66	65	2	ACGGGTCATGTTGAGCGAACGGTG	1
67	66	2	CGGGTCATGTTGAGCGAACGGTGG	1
68	67	2	GGGTCATGTTGAGCGAACGGTGGA	1
69	68	2	GGTCATGTTGAGCGAACGGTGGAT	1
70	69	2	GTCATGTTGAGCGAACGGTGGATC	1
71	70	1	TCATGTTGAGCGAACGGTGGATCG	1
72	71	1	CATGTTGAGCGAACGGTGGATCGG	1
73	72	1	ATGTTGAGCGAACGGTGGATCGGG	1
74	73	1	TGTTGAGCGAACGGTGGATCGGGA	1
75	74	1	GTTGAGCGAACGGTGGATCGGGAA	1
76	75	1	TTGAGCGAACGGTGGATCGGGAAT	1
77	76	1	TGAGCGAACGGTGGATCGGGAATT	1
78	77	1	GAGCGAACGGTGGATCGGGAATTT	1
79	78	1	AGCGAACGGTGGATCGGGAATTTG	1
80	79	1	GCGAACGGTGGATCGGGAATTTGA	1
81	80	1	CGAACGGTGGATCGGGAATTTGAA	1
82	81	1	GAACGGTGGATCGGGAATTTGAAA	1
83	82	1	AACGGTGGATCGGGAATTTGAAAC	1
84	83	1	ACGGTGGATCGGGAATTTGAAACA	1
85	84	1	CGGTGGATCGGGAATTTGAAACAG	1
86	85	1	GGTGGATCGGGAATTTGAAACAGA	1
87	-1	0	CGTTATAGAACTATGGAATCAGCT	1
88	87	1	GTTATAGAACTATGGAATCAGCTG	1
89	88	1	TTATAGAACTATGGAATCAGCTGC	1
90	89	1	TATAGAACTATGGAATCAGCTGCA	1
91	90	1	ATAGAACTATGGAATCAGCTGCAA	1
92	91	1	TAGAACTATGGAATCAGCTGCAAA	1
93	92	1	AGAACTATGGAATCAGCTGCAAAG	1
94	93	1	GAACTATGGAATCAGCTGCAAAGA	1
95	94	1	AACTATGGAATCAGCTGCAAAGAA	1
96	95	1	ACTATGGAATCAGCTGCAAAGAAG	1
97	96	1	CTATGGAATCAGCTGCAAAGAAGC	1
98	97	1	TATGGAATCAGCTGCAAAGAAGCT	1
99	98	1	ATGGAATCAGCTGCAAAGAAGCTT	1
100	99	1	TGGAATCAGCTGCAAAGAAGCTTC	1
101	100	1	GGAATCAGCTGCAAAGAAGCTTCA	1
102	101	1	GAATCAGCTGCAAAGAAGCTTCAA	1
103	102	1	AATCAGCTGCAAAGAAGCTTCAAA	1
104	103	1	ATCAGCTGCAAAGAAGCTTCAAAA	1
105	104	1	TCAGCTGCAAAGAAGCTTCAAAAA	1
106	105	1	CAGCTGCAAAGAAGCTTCAAAAAG	1
107	106	1	AGCTGCAAAGAAGCTTCAAAAAGA	1
108	107	1	GCTGCAAAGAAGCTTCAAAAAGAA	1
109	108	1	CTGCAAAGAAGCTTCAAAAAGAAG	1
110	109	1	TGCAAAGAAGCTTCAAAAAGAAGC	1
111	110	1	GCAAAGAAGCTTCAAAAAGAAGCC	1
112	111	1	CAAAGAAGCTTCAAAAAGAAGCCA	1
113	112	1	AAAGAAGCTTCAAAAAGAAGCCAA	1
114	113	1	AAGAAGCTTCAAAAAGAAGCCAAA	1
115	114	1	AGAAGCTTCAAAAAGAAGCCAAAG	1
116	115	1	GAAGCTTCAAAAAGAAGCCAAAGG	1
117	116	1	AAGCTTCAAAAAGAAGCCAAAGGT	1
118	117	1	AGCTTCAAAAAGAAGCCAAAGGTT	1
119	118	1	GCTTCAAAAAGAAGCCAAAGGTTA	1
120	119	1	CTTCAAAAAGAAGCCAAAGGTTAT	1
121	120	1	TTCAAAAAGAAGCCAAAGGTTATC	1
122	121	1	TCAAAAAGAAGCCAAAGGTTATCT	1
123	122	2	CAAAAAGAAGCCAAAGGTTATCTC	1
124	123	2	AAAAAGAAGCCAAAGGTTATCTCG	1
125	124	2	AAAAGAAGCCAAAGGTTATCTCGA	1
126	125	2	AAAGAAGCCAAAGGTTATCTCGAT	1
127	126	2	AAGAAGCCAAAGGTTATCTCGATG	1
128	127	2	AGAAGCCAAAGGTTATCTCGATGC	1
129	128	2	GAAGCCAAAGGTTATCTCGATGCT	1
130	129	2	AAGCCAAAGGTTATCTCGATGCTT	1
131	130	2	AGCCAAAGGTTATCTCGATGCTTT	1
132	131	1	GCCAAAGGTTATCTCGATGCTTTG	1
133	132	1	CCAAAGGTTATCTCGATGCTTTGA	1
134	133	1	CAAAGGTTATCTCGATGCTTTGAG	1
135	134	1	AAAGGTTATCTCGATGCTTTGAGA	1
136	135	1	AAGGTTATCTCGATGCTTTGAGAG	1
137	136	1	AGGTTATCTCGATGCTTTGAGAGC	1
138	137	1	GGTTATCTCGATGCTTTGAGAGCC	1
139	138	1	GTTATCTCGATGCTTTGAGAGCCA	1
140	139	1	TTATCTCGATGCTTTGAGAGCCAT	1
141	140	1	TATCTCGATGCTTTGAGAGCCATG	1
142	141	1	ATCTCGATGCTTTGAGAGCCATGA	1
143	142	1	TCTCGATGCTTTGAGAGCCATGAC	1
144	143	1	CTCGATGCTTTGAGAGCCATGACT	1
145	144	1	TCGATGCTTTGAGAGCCATGACTG	1
146	145	1	CGATGCTTTGAGAGCCATGACTGC	1
147	146	1	GATGCTTTGAGAGCCATGACTGCG	1
148	147	1	ATGCTTTGAGAGCCATGACTGCGT	1
149	148	1	TGCTTTGAGAGCCATGACTGCGTC	1
150	149	1	GCTTTGAGAGCCATGACTGCGTCT	1
151	150	1	CTTTGAGAGCCATGACTGCGTCTC	1
152	151	1	TTTGAGAGCCATGACTGCGTCTCA	1
153	152	1	TTGAGAGCCATGACTGCGTCTCAA	1
154	153	1	TGAGAGCCATGACTGCGTCTCAAA	1
155	154	1	GAGAGCCATGACTGCGTCTCAAAC	1
156	155	2	AGAGCCATGACTGCGTCTCAAACT	1
157	156	3	GAGCCATGACTGCGTCTCAAACTA	1
158	157	3	AGCCATGACTGCGTCTCAAACTAG	1
159	158	3	GCCATGACTGCGTCTCAAACTAGA	1
160	159	3	CCATGACTGCGTCTCAAACTAGAA	1
161	160	4	CATGACTGCGTCTCAAACTAGAAT	1
162	161	4	ATGACTGCGTCTCAAACTAGAATC	1
163	162	4	TGACTGCGTCTCAAACTAGAATCG	1
164	163	4	GACTGCGTCTCAAACTAGAATCGC	1
165	164	5	ACTGCGTCTCAAACTAGAATCGCT	1
166	165	6	CTGCGTCTCAAACTAGAATCGCTA	1
167	166	5	TGCGTCTCAAACTAGAATCGCTAA	1
168	167	5	GCGTCTCAAACTAGAATCGCTAAC	1
169	168	5	CGTCTCAAACTAGAATCGCTAACA	1
170	169	5	GTCTCAAACTAGAATCGCTAACAC	1
171	170	5	TCTCAAACTAGAATCGCTAACACA	1
172	171	5	CTCAAACTAGAATCGCTAACACAA	1
173	172	5	TCAAACTAGAATCGCTAACACAAT	1
174	173	5	CAAACTAGAATCGCTAACACAATC	1
175	174	5	AAACTAGAATCGCTAACACAATCG	1
176	175	5	AACTAGAATCGCTAACACAATCGA	1
177	176	5	ACTAGAATCGCTAACACAATCGAT	1
178	177	5	CTAGAATCGCTAACACAATCGATG	1
179	178	5	TAGAATCGCTAACACAATCGATGC	1
180	179	5	AGAATCGCTAACACAATCGATGCA	1
181	180	5	GAATCGCTAACACAATCGATGCAT	1
182	181	5	AATCGCTAACACAATCGATGCATT	1
183	182	5	ATCGCTAACACAATCGATGCATTT	1
184	183	5	TCGCTAACACAATCGATGCATTTT	1
185	184	5	CGCTAACACAATCGATGCATTTTA	1
186	185	5	GCTAACACAATCGATGCATTTTAC	1
187	186	5	CTAACACAATCGATGCATTTTACG	1
188	187	5	TAACACAATCGATGCATTTTACGG	1
189	188	6	AACACAATCGATGCATTTTACGGT	1
190	189	6	ACACAATCGATGCATTTTACGGTG	1
191	190	6	CACAATCGATGCATTTTACGGTGA	1
192	191	6	ACAATCGATGCATTTTACGGTGAT	1
193	192	6	CAATCGATGCATTTTACGGTGATG	1
194	193	6	AATCGATGCATTTTACGGTGATGC	1
195	194	6	ATCGATGCATTTTACGGTGATGCT	1
196	195	6	TCGATGCATTTTACGGTGATGCTG	1
197	196	6	CGATGCATTTTACGGTGATGCTGG	1
198	197	5	GATGCATTTTACGGTGATGCTGGA	1
199	198	5	ATGCATTTTACGGTGATGCTGGAT	1
200	199	4	TGCATTTTACGGTGATGCTGGATC	1
201	200	4	GCATTTTACGGTGATGCTGGATCG	1
202	201	4	CATTTTACGGTGATGCTGGATCGA	1
203	202	4	ATTTTACGGTGATGCTGGATCGAA	1
204	203	4	TTTTACGGTGATGCTGGATCGAAG	1
205	204	3	TTTACGGTGATGCTGGATCGAAGG	1
206	205	3	TTACGGTGATGCTGGATCGAAGGA	1
207	206	3	TACGGTGATGCTGGATCGAAGGAT	1
208	207	3	ACGGTGATGCTGGATCGAAGGATG	1
209	208	2	CGGTGATGCTGGATCGAAGGATGG	1
210	209	2	GGTGATGCTGGATCGAAGGATGGT	1
211	210	2	GTGATGCTGGATCGAAGGATGGTG	1
212	211	3	TGATGCTGGATCGAAGGATGGTGT	1
213	212	3	GATGCTGGATCGAAGGATGGTGTC	1
214	213	3	ATGCTGGATCGAAGGATGGTGTCA	1
215	214	3	TGCTGGATCGAAGGATGGTGTCAG	1
216	215	3	GCTGGATCGAAGGATGGTGTCAGT	1
217	216	3	CTGGATCGAAGGATGGTGTCAGTG	1
218	217	3	TGGATCGAAGGATGGTGTCAGTGC	1
219	218	3	GGATCGAAGGATGGTGTCAGTGCA	1
220	219	3	GATCGAAGGATGGTGTCAGTGCAT	1
221	220	3	ATCGAAGGATGGTGTCAGTGCATA	1
222	221	3	TCGAAGGATGGTGTCAGTGCATAC	1
223	222	3	CGAAGGATGGTGTCAGTGCATACT	1
224	223	3	GAAGGATGGTGTCAGTGCATACTA	1
225	224	3	AAGGATGGTGTCAGTGCATACTAT	1
226	225	3	AGGATGGTGTCAGTGCATACTATC	1
227	226	3	GGATGGTGTCAGTGCATACTATCG	1
228	227	3	GATGGTGTCAGTGCATACTATCGA	1
229	228	3	ATGGTGTCAGTGCATACTATCGAC	1
230	229	3	TGGTGTCAGTGCATACTATCGACA	1
231	230	3	GGTGTCAGTGCATACTATCGACAA	1
232	231	3	GTGTCAGTGCATACTATCGACAAG	1
233	232	2	TGTCAGTGCATACTATCGACAAGT	1
234	233	2	GTCAGTGCATACTATCGACAAGTC	1
235	234	2	TCAGTGCATACTATCGACAAGTCG	1
236	235	2	CAGTGCATACTATCGACAAGTCGT	1
237	236	2	AGTGCATACTATCGACAAGTCGTC	1
238	237	2	GTGCATACTATCGACAAGTCGTCG	1
239	238	2	TGCATACTATCGACAAGTCGTCGA	1
240	239	2	GCATACTATCGACAAGTCGTCGAA	1
241	240	2	CATACTATCGACAAGTCGTCGAAG	1
242	241	2	ATACTATCGACAAGTCGTCGAAGA	1
243	242	2	TACTATCGACAAGTCGTCGAAGAC	1
244	243	2	ACTATCGACAAGTCGTCGAAGACT	1
245	244	2	CTATCGACAAGTCGTCGAAGACTT	1
246	245	2	TATCGACAAGTCGTCGAAGACTTG	1
247	246	2	ATCGACAAGTCGTCGAAGACTTGG	1
248	247	2	TCGACAAGTCGTCGAAGACTTGGA	1
249	248	2	CGACAAGTCGTCGAAGACTTGGAC	1
250	249	3	GACAAGTCGTCGAAGACTTGGACG	1
251	250	3	ACAAGTCGTCGAAGACTTGGACGC	1
252	251	3	CAAGTCGTCGAAGACTTGGACGCC	1
253	252	3	AAGTCGTCGAAGACTTGGACGCCG	1
254	253	2	AGTCGTCGAAGACTTGGACGCCGA	1
255	254	2	GTCGTCGAAGACTTGGACGCCGAT	1
256	255	1	TCGTCGAAGACTTGGACGCCGATA	1
257	256	1	CGTCGAAGACTTGGACGCCGATAC	1
258	257	1	GTCGAAGACTTGGACGCCGATACC	1
259	258	1	TCGAAGACTTGGACGCCGATACCG	1
260	259	1	CGAAGACTTGGACGCCGATACCGT	1
261	260	1	GAAGACTTGGACGCCGATACCGTA	1
262	261	1	AAGACTTGGACGCCGATACCGTAA	1
263	262	1	AGACTTGGACGCCGATACCGTAAA	1
264	263	1	GACTTGGACGCCGATACCGTAAAA	1
265	264	1	ACTTGGACGCCGATACCGTAAAAG	1
266	265	1	CTTGGACGCCGATACCGTAAAAGA	1
267	266	1	TTGGACGCCGATACCGTAAAAGAG	1
268	267	1	TGGACGCCGATACCGTAAAAGAGT	1
269	268	1	GGACGCCGATACCGTAAAAGAGTT	1
270	269	1	GACGCCGATACCGTAAAAGAGTTG	1
271	270	1	ACGCCGATACCGTAAAAGAGTTGG	1
272	271	1	CGCCGATACCGTAAAAGAGTTGGA	1
273	272	1	GCCGATACCGTAAAAGAGTTGGAC	1
274	273	1	CCGATACCGTAAAAGAGTTGGACG	1
275	274	1	CGATACCGTAAAAGAGTTGGACGG	1
276	275	1	GATACCGTAAAAGAGTTGGACGGT	1
277	276	1	ATACCGTAAAAGAGTTGGACGGTC	1
278	277	1	TACCGTAAAAGAGTTGGACGGTCC	1
279	278	1	ACCGTAAAAGAGTTGGACGGTCCT	1
280	279	1	CCGTAAAAGAGTTGGACGGTCCTT	1
281	280	1	CGTAAAAGAGTTGGACGGTCCTTT	1
282	281	1	GTAAAAGAGTTGGACGGTCCTTTC	1
283	282	1	TAAAAGAGTTGGACGGTCCTTTCC	1
284	283	1	AAAAGAGTTGGACGGTCCTTTCCG	1
285	284	1	AAAGAGTTGGACGGTCCTTTCCGG	1
286	285	1	AAGAGTTGGACGGTCCTTTCCGGA	1
287	286	1	AGAGTTGGACGGTCCTTTCCGGAC	1
288	287	2	GAGTTGGACGGTCCTTTCCGGACA	1
289	288	2	AGTTGGACGGTCCTTTCCGGACAA	1
290	289	2	GTTGGACGGTCCTTTCCGGACAAC	1
291	290	2	TTGGACGGTCCTTTCCGGACAACG	1
292	291	2	TGGACGGTCCTTTCCGGACAACGG	1
293	292	2	GGACGGTCCTTTCCGGACAACGGT	1
294	293	1	GACGGTCCTTTCCGGACAACGGTG	1
295	294	1	ACGGTCCTTTCCGGACAACGGTGT	1
296	295	1	CGGTCCTTTCCGGACAACGGTGTT	1
297	296	1	GGTCCTTTCCGGACAACGGTGTTG	1
298	297	1	GTCCTTTCCGGACAACGGTGTTGG	1
299	298	1	TCCTTTCCGGACAACGGTGTTGGA	1
300	299	1	CCTTTCCGGACAACGGTGTTGGAT	1
301	300	1	CTTTCCGGACAACGGTGTTGGATC	1
302	301	1	TTTCCGGACAACGGTGTTGGATCC	1
303	302	1	TTCCGGACAACGGTGTTGGATCCC	1
304	303	1	TCCGGACAACGGTGTTGGATCCCA	1
305	304	1	CCGGACAACGGTGTTGGATCCCAT	1
306	305	1	CGGACAACGGTGTTGGATCCCATC	1
307	306	1	GGACAACGGTGTTGGATCCCATCT	1
308	307	1	GACAACGGTGTTGGATCCCATCTC	1
309	308	1	ACAACGGTGTTGGATCCCATCTCA	1
310	309	1	CAACGGTGTTGGATCCCATCTCAA	1
311	310	1	AACGGTGTTGGATCCCATCTCAAG	1
312	311	1	ACGGTGTTGGATCCCATCTCAAGG	1
313	312	1	CGGTGTTGGATCCCATCTCAAGGT	1
314	313	1	GGTGTTGGATCCCATCTCAAGGTT	1
315	314	1	GTGTTGGATCCCATCTCAAGGTTC	1
316	315	1	TGTTGGATCCCATCTCAAGGTTCT	1
317	316	1	GTTGGATCCCATCTCAAGGTTCTG	1
318	317	1	TTGGATCCCATCTCAAGGTTCTGC	1
319	318	1	TGGATCCCATCTCAAGGTTCTGCA	1
320	319	1	GGATCCCATCTCAAGGTTCTGCAG	1
321	320	1	GATCCCATCTCAAGGTTCTGCAGT	1
322	321	1	ATCCCATCTCAAGGTTCTGCAGTT	1
323	322	1	TCCCATCTCAAGGTTCTGCAGTTA	1
324	323	1	CCCATCTCAAGGTTCTGCAGTTAC	1
325	324	1	CCATCTCAAGGTTCTGCAGTTACT	1
326	325	2	CATCTCAAGGTTCTGCAGTTACTT	1
327	326	2	ATCTCAAGGTTCTGCAGTTACTTT	1
328	327	2	TCTCAAGGTTCTGCAGTTACTTTC	1
329	328	2	CTCAAGGTTCTGCAGTTACTTTCC	1
330	329	2	TCAAGGTTCTGCAGTTACTTTCCC	1
331	330	2	CAAGGTTCTGCAGTTACTTTCCCG	1
332	331	1	AAGGTTCTGCAGTTACTTTCCCGA	1
333	332	1	AGGTTCTGCAGTTACTTTCCCGAT	1
334	333	2	GGTTCTGCAGTTACTTTCCCGATA	1
335	334	2	GTTCTGCAGTTACTTTCCCGATAT	1
336	335	2	TTCTGCAGTTACTTTCCCGATATT	1
337	336	2	TCTGCAGTTACTTTCCCGATATTA	1
338	337	2	CTGCAGTTACTTTCCCGATATTAA	1
339	338	2	TGCAGTTACTTTCCCGATATTAAT	1
340	339	2	GCAGTTACTTTCCCGATATTAATG	1
341	340	2	CAGTTACTTTCCCGATATTAATGC	1
342	341	2	AGTTACTTTCCCGATATTAATGCC	1
343	342	2	GTTACTTTCCCGATATTAATGCCG	1
344	343	2	TTACTTTCCCGATATTAATGCCGC	1
345	344	2	TACTTTCCCGATATTAATGCCGCT	1
346	345	2	ACTTTCCCGATATTAATGCCGCTA	1
347	346	2	CTTTCCCGATATTAATGCCGCTAT	1
348	347	2	TTTCCCGATATTAATGCCGCTATC	1
349	348	2	TTCCCGATATTAATGCCGCTATCA	1
350	349	2	TCCCGATATTAATGCCGCTATCAC	1
351	350	2	CCCGATATTAATGCCGCTATCACG	1
352	351	2	CCGATATTAATGCCGCTATCACGA	1
353	352	2	CGATATTAATGCCGCTATCACGAA	1
354	353	2	GATATTAATGCCGCTATCACGAAG	1
355	354	2	ATATTAATGCCGCTATCACGAAGC	1
356	355	2	TATTAATGCCGCTATCACGAAGCG	1
357	356	2	ATTAATGCCGCTATCACGAAGCGT	1
358	357	2	TTAATGCCGCTATCACGAAGCGTA	1
359	358	2	TAATGCCGCTATCACGAAGCGTAA	1
360	359	2	AATGCCGCTATCACGAAGCGTAAT	1
361	360	2	ATGCCGCTATCACGAAGCGTAATC	1
362	361	2	TGCCGCTATCACGAAGCGTAATCA	1
363	362	2	GCCGCTATCACGAAGCGTAATCAC	1
364	363	2	CCGCTATCACGAAGCGTAATCACA	1
365	364	2	CGCTATCACGAAGCGTAATCACAA	1
366	365	2	GCTATCACGAAGCGTAATCACAAA	1
367	366	2	CTATCACGAAGCGTAATCACAAAT	1
368	367	2	TATCACGAAGCGTAATCACAAATT	1
369	368	2	ATCACGAAGCGTAATCACAAATTA	1
370	369	1	TCACGAAGCGTAATCACAAATTAC	1
371	370	1	CACGAAGCGTAATCACAAATTACT	1
372	371	1	ACGAAGCGTAATCACAAATTACTT	1
373	372	1	CGAAGCGTAATCACAAATTACTTG	1
374	373	1	GAAGCGTAATCACAAATTACTTGA	1
375	374	1	AAGCGTAATCACAAATTACTTGAT	1
376	375	1	AGCGTAATCACAAATTACTTGATC	1
377	376	1	GCGTAATCACAAATTACTTGATCA	1
378	-1	0	GGTTCAAAAACTGGTCGACAAGCC	1
379	378	1	GTTCAAAAACTGGTCGACAAGCCT	1
380	379	1	TTCAAAAACTGGTCGACAAGCCTT	1
381	380	1	TCAAAAACTGGTCGACAAGCCTTC	1
382	381	1	CAAAAACTGGTCGACAAGCCTTCC	1
383	382	1	AAAAACTGGTCGACAAGCCTTCCA	1
384	383	1	AAAACTGGTCGACAAGCCTTCCAA	1
385	384	1	AAACTGGTCGACAAGCCTTCCAAC	1
386	385	1	AACTGGTCGACAAGCCTTCCAACG	1
387	386	1	ACTGGTCGACAAGCCTTCCAACGA	1
388	387	1	CTGGTCGACAAGCCTTCCAACGAC	1
389	388	2	TGGTCGACAAGCCTTCCAACGACA	1
390	389	2	GGTCGACAAGCCTTCCAACGACAC	1
391	390	2	GTCGACAAGCCTTCCAACGACACT	1
392	391	2	TCGACAAGCCTTCCAACGACACTA	1
393	392	2	CGACAAGCCTTCCAACGACACTAC	1
394	393	2	GACAAGCCTTCCAACGACACTACT	1
395	394	2	ACAAGCCTTCCAACGACACTACTA	1
396	395	2	CAAGCCTTCCAACGACACTACTAA	1
397	396	2	AAGCCTTCCAACGACACTACTAAG	1
398	397	2	AGCCTTCCAACGACACTACTAAGC	1
399	398	2	GCCTTCCAACGACACTACTAAGCT	1
400	399	2	CCTTCCAACGACACTACTAAGCTT	1
401	400	2	CTTCCAACGACACTACTAAGCTTC	1
402	401	2	TTCCAACGACACTACTAAGCTTCC	1
403	402	2	TCCAACGACACTACTAAGCTTCCC	1
404	403	2	CCAACGACACTACTAAGCTTCCCC	1
405	404	2	CAACGACACTACTAAGCTTCCCCG	1
406	405	2	AACGACACTACTAAGCTTCCCCGT	1
407	406	2	ACGACACTACTAAGCTTCCCCGTA	1
408	407	2	CGACACTACTAAGCTTCCCCGTAC	1
409	408	2	GACACTACTAAGCTTCCCCGTACC	1
410	409	2	ACACTACTAAGCTTCCCCGTACCG	1
411	410	2	CACTACTAAGCTTCCCCGTACCGA	1
412	411	2	ACTACTAAGCTTCCCCGTACCGAG	1
413	412	2	CTACTAAGCTTCCCCGTACCGAGA	1
414	413	2	TACTAAGCTTCCCCGTACCGAGAA	1
415	414	2	ACTAAGCTTCCCCGTACCGAGAAA	1
416	415	2	CTAAGCTTCCCCGTACCGAGAAAG	1
417	416	2	TAAGCTTCCCCGTACCGAGAAAGA	1
418	417	2	AAGCTTCCCCGTACCGAGAAAGAA	1
419	418	2	AGCTTCCCCGTACCGAGAAAGAAG	1
420	419	2	GCTTCCCCGTACCGAGAAAGAAGC	1
421	420	2	CTTCCCCGTACCGAGAAAGAAGCA	1
422	421	2	TTCCCCGTACCGAGAAAGAAGCAG	1
423	422	1	TCCCCGTACCGAGAAAGAAGCAGC	1
424	423	1	CCCCGTACCGAGAAAGAAGCAGCC	1
425	424	1	CCCGTACCGAGAAAGAAGCAGCCA	1
426	425	1	CCGTACCGAGAAAGAAGCAGCCAT	1
427	426	1	CGTACCGAGAAAGAAGCAGCCATG	1
428	427	1	GTACCGAGAAAGAAGCAGCCATGG	1
429	428	1	TACCGAGAAAGAAGCAGCCATGGC	1
430	429	1	ACCGAGAAAGAAGCAGCCATGGCG	1
431	430	1	CCGAGAAAGAAGCAGCCATGGCGA	1
432	431	1	CGAGAAAGAAGCAGCCATGGCGAA	1
