Component 499
1	-1	0	ATATACTTGTTACTTTTTCCCTGA	1
2	1	1	TATACTTGTTACTTTTTCCCTGAG	1
3	2	1	ATACTTGTTACTTTTTCCCTGAGT	1
4	3	3	TACTTGTTACTTTTTCCCTGAGTT	1
5	4	3	ACTTGTTACTTTTTCCCTGAGTTC	1
6	5	3	CTTGTTACTTTTTCCCTGAGTTCA	1
7	6	3	TTGTTACTTTTTCCCTGAGTTCAG	1
8	7	3	TGTTACTTTTTCCCTGAGTTCAGT	1
9	8	3	GTTACTTTTTCCCTGAGTTCAGTC	1
10	9	3	TTACTTTTTCCCTGAGTTCAGTCG	1
11	10	3	TACTTTTTCCCTGAGTTCAGTCGT	1
12	11	3	ACTTTTTCCCTGAGTTCAGTCGTC	1
13	12	3	CTTTTTCCCTGAGTTCAGTCGTCC	1
14	13	3	TTTTTCCCTGAGTTCAGTCGTCCA	1
15	14	3	TTTTCCCTGAGTTCAGTCGTCCAC	1
16	15	3	TTTCCCTGAGTTCAGTCGTCCACA	1
17	16	3	TTCCCTGAGTTCAGTCGTCCACAT	1
18	17	3	TCCCTGAGTTCAGTCGTCCACATG	1
19	18	3	CCCTGAGTTCAGTCGTCCACATGT	1
20	19	3	CCTGAGTTCAGTCGTCCACATGTT	1
21	20	3	CTGAGTTCAGTCGTCCACATGTTT	1
22	21	3	TGAGTTCAGTCGTCCACATGTTTA	1
23	22	3	GAGTTCAGTCGTCCACATGTTTAA	1
24	23	3	AGTTCAGTCGTCCACATGTTTAAT	1
25	24	3	GTTCAGTCGTCCACATGTTTAATA	1
26	25	3	TTCAGTCGTCCACATGTTTAATAG	1
27	26	3	TCAGTCGTCCACATGTTTAATAGC	1
28	27	3	CAGTCGTCCACATGTTTAATAGCT	1
29	28	4	AGTCGTCCACATGTTTAATAGCTA	1
30	29	4	GTCGTCCACATGTTTAATAGCTAT	1
31	30	4	TCGTCCACATGTTTAATAGCTATA	1
32	31	4	CGTCCACATGTTTAATAGCTATAT	1
33	32	4	GTCCACATGTTTAATAGCTATATT	1
34	33	4	TCCACATGTTTAATAGCTATATTT	1
35	34	4	CCACATGTTTAATAGCTATATTTT	1
36	35	4	CACATGTTTAATAGCTATATTTTC	1
37	36	4	ACATGTTTAATAGCTATATTTTCT	1
38	37	4	CATGTTTAATAGCTATATTTTCTA	1
39	38	4	ATGTTTAATAGCTATATTTTCTAT	1
40	39	4	TGTTTAATAGCTATATTTTCTATT	1
41	40	4	GTTTAATAGCTATATTTTCTATTT	1
42	41	4	TTTAATAGCTATATTTTCTATTTC	1
43	42	4	TTAATAGCTATATTTTCTATTTCC	1
44	43	4	TAATAGCTATATTTTCTATTTCCC	1
45	44	4	AATAGCTATATTTTCTATTTCCCG	1
46	45	3	ATAGCTATATTTTCTATTTCCCGT	1
47	46	3	TAGCTATATTTTCTATTTCCCGTG	1
48	47	1	AGCTATATTTTCTATTTCCCGTGA	1
49	48	1	GCTATATTTTCTATTTCCCGTGAA	1
50	49	1	CTATATTTTCTATTTCCCGTGAAT	1
51	50	1	TATATTTTCTATTTCCCGTGAATT	1
52	51	1	ATATTTTCTATTTCCCGTGAATTC	1
53	52	1	TATTTTCTATTTCCCGTGAATTCC	1
54	53	1	ATTTTCTATTTCCCGTGAATTCCA	1
55	54	1	TTTTCTATTTCCCGTGAATTCCAT	1
56	55	1	TTTCTATTTCCCGTGAATTCCATT	1
57	56	1	TTCTATTTCCCGTGAATTCCATTA	1
58	57	1	TCTATTTCCCGTGAATTCCATTAA	1
59	58	1	CTATTTCCCGTGAATTCCATTAAC	1
60	59	1	TATTTCCCGTGAATTCCATTAACT	1
61	60	1	ATTTCCCGTGAATTCCATTAACTA	1
62	61	1	TTTCCCGTGAATTCCATTAACTAT	1
63	62	1	TTCCCGTGAATTCCATTAACTATT	1
64	63	1	TCCCGTGAATTCCATTAACTATTT	1
65	64	1	CCCGTGAATTCCATTAACTATTTG	1
66	65	1	CCGTGAATTCCATTAACTATTTGT	1
67	66	1	CGTGAATTCCATTAACTATTTGTT	1
68	67	1	GTGAATTCCATTAACTATTTGTTC	1
69	68	1	TGAATTCCATTAACTATTTGTTCG	1
70	69	1	GAATTCCATTAACTATTTGTTCGA	1
71	70	1	AATTCCATTAACTATTTGTTCGAA	1
72	71	1	ATTCCATTAACTATTTGTTCGAAT	1
73	-1	0	GTGAACGTATTTCCGAAGCCCATG	1
74	73	1	TGAACGTATTTCCGAAGCCCATGA	1
75	74	1	GAACGTATTTCCGAAGCCCATGAG	1
76	75	1	AACGTATTTCCGAAGCCCATGAGG	1
77	76	1	ACGTATTTCCGAAGCCCATGAGGA	1
78	77	1	CGTATTTCCGAAGCCCATGAGGAG	1
79	78	1	GTATTTCCGAAGCCCATGAGGAGT	1
80	79	1	TATTTCCGAAGCCCATGAGGAGTT	1
81	80	1	ATTTCCGAAGCCCATGAGGAGTTA	1
82	81	1	TTTCCGAAGCCCATGAGGAGTTAC	1
83	82	1	TTCCGAAGCCCATGAGGAGTTACA	1
84	83	1	TCCGAAGCCCATGAGGAGTTACAA	1
85	84	1	CCGAAGCCCATGAGGAGTTACAAC	1
86	85	1	CGAAGCCCATGAGGAGTTACAACG	1
87	86	1	GAAGCCCATGAGGAGTTACAACGT	1
88	87	1	AAGCCCATGAGGAGTTACAACGTA	1
89	88	1	AGCCCATGAGGAGTTACAACGTAT	1
90	89	1	GCCCATGAGGAGTTACAACGTATG	1
91	90	1	CCCATGAGGAGTTACAACGTATGC	1
92	91	1	CCATGAGGAGTTACAACGTATGCT	1
93	92	1	CATGAGGAGTTACAACGTATGCTC	1
94	93	1	ATGAGGAGTTACAACGTATGCTCA	1
95	94	1	TGAGGAGTTACAACGTATGCTCAA	1
96	95	1	GAGGAGTTACAACGTATGCTCAAT	1
97	96	1	AGGAGTTACAACGTATGCTCAATG	1
98	97	1	GGAGTTACAACGTATGCTCAATGA	1
99	98	1	GAGTTACAACGTATGCTCAATGAA	1
100	99	1	AGTTACAACGTATGCTCAATGAAG	1
101	100	1	GTTACAACGTATGCTCAATGAAGA	1
102	101	1	TTACAACGTATGCTCAATGAAGAT	1
103	102	1	TACAACGTATGCTCAATGAAGATG	1
104	103	1	ACAACGTATGCTCAATGAAGATGA	1
105	104	1	CAACGTATGCTCAATGAAGATGAG	1
106	105	1	AACGTATGCTCAATGAAGATGAGC	1
107	106	1	ACGTATGCTCAATGAAGATGAGCT	1
108	107	1	CGTATGCTCAATGAAGATGAGCTT	1
109	108	1	GTATGCTCAATGAAGATGAGCTTC	1
110	109	1	TATGCTCAATGAAGATGAGCTTCG	1
111	110	1	ATGCTCAATGAAGATGAGCTTCGT	1
112	111	1	TGCTCAATGAAGATGAGCTTCGTG	1
113	112	2	GCTCAATGAAGATGAGCTTCGTGA	1
114	113	3	CTCAATGAAGATGAGCTTCGTGAC	1
115	114	3	TCAATGAAGATGAGCTTCGTGACG	1
116	115	3	CAATGAAGATGAGCTTCGTGACGC	1
117	116	3	AATGAAGATGAGCTTCGTGACGCG	1
118	117	2	ATGAAGATGAGCTTCGTGACGCGC	1
119	118	2	TGAAGATGAGCTTCGTGACGCGCT	1
120	119	2	GAAGATGAGCTTCGTGACGCGCTT	1
121	120	2	AAGATGAGCTTCGTGACGCGCTTT	1
122	121	2	AGATGAGCTTCGTGACGCGCTTTT	1
123	122	2	GATGAGCTTCGTGACGCGCTTTTG	1
124	123	2	ATGAGCTTCGTGACGCGCTTTTGT	1
125	124	2	TGAGCTTCGTGACGCGCTTTTGTT	1
126	125	3	GAGCTTCGTGACGCGCTTTTGTTG	1
127	126	3	AGCTTCGTGACGCGCTTTTGTTGG	1
128	127	3	GCTTCGTGACGCGCTTTTGTTGGT	1
129	128	3	CTTCGTGACGCGCTTTTGTTGGTC	1
130	129	4	TTCGTGACGCGCTTTTGTTGGTCT	1
131	130	5	TCGTGACGCGCTTTTGTTGGTCTT	1
132	131	5	CGTGACGCGCTTTTGTTGGTCTTT	1
133	132	5	GTGACGCGCTTTTGTTGGTCTTTG	1
134	133	5	TGACGCGCTTTTGTTGGTCTTTGC	1
135	134	5	GACGCGCTTTTGTTGGTCTTTGCC	1
136	135	5	ACGCGCTTTTGTTGGTCTTTGCCA	1
137	136	5	CGCGCTTTTGTTGGTCTTTGCCAA	1
138	137	5	GCGCTTTTGTTGGTCTTTGCCAAC	1
139	138	5	CGCTTTTGTTGGTCTTTGCCAACA	1
140	139	5	GCTTTTGTTGGTCTTTGCCAACAA	1
141	140	5	CTTTTGTTGGTCTTTGCCAACAAA	1
142	141	5	TTTTGTTGGTCTTTGCCAACAAAC	1
143	142	5	TTTGTTGGTCTTTGCCAACAAACA	1
144	143	5	TTGTTGGTCTTTGCCAACAAACAA	1
145	144	5	TGTTGGTCTTTGCCAACAAACAAG	1
146	145	5	GTTGGTCTTTGCCAACAAACAAGA	1
147	146	5	TTGGTCTTTGCCAACAAACAAGAT	1
148	147	5	TGGTCTTTGCCAACAAACAAGATT	1
149	148	5	GGTCTTTGCCAACAAACAAGATTT	1
150	149	6	GTCTTTGCCAACAAACAAGATTTG	1
151	150	6	TCTTTGCCAACAAACAAGATTTGC	1
152	151	6	CTTTGCCAACAAACAAGATTTGCC	1
153	152	6	TTTGCCAACAAACAAGATTTGCCT	1
154	153	6	TTGCCAACAAACAAGATTTGCCTA	1
155	154	6	TGCCAACAAACAAGATTTGCCTAA	1
156	155	6	GCCAACAAACAAGATTTGCCTAAT	1
157	156	5	CCAACAAACAAGATTTGCCTAATG	1
158	157	4	CAACAAACAAGATTTGCCTAATGC	1
159	158	5	AACAAACAAGATTTGCCTAATGCT	1
160	159	5	ACAAACAAGATTTGCCTAATGCTA	1
161	160	5	CAAACAAGATTTGCCTAATGCTAT	1
162	161	5	AAACAAGATTTGCCTAATGCTATG	1
163	162	5	AACAAGATTTGCCTAATGCTATGA	1
164	163	5	ACAAGATTTGCCTAATGCTATGAA	1
165	164	5	CAAGATTTGCCTAATGCTATGAAT	1
166	165	5	AAGATTTGCCTAATGCTATGAATG	1
167	166	5	AGATTTGCCTAATGCTATGAATGC	1
168	167	5	GATTTGCCTAATGCTATGAATGCC	1
169	168	5	ATTTGCCTAATGCTATGAATGCCG	1
170	169	4	TTTGCCTAATGCTATGAATGCCGC	1
171	170	4	TTGCCTAATGCTATGAATGCCGCT	1
172	171	4	TGCCTAATGCTATGAATGCCGCTG	1
173	172	4	GCCTAATGCTATGAATGCCGCTGA	1
174	173	3	CCTAATGCTATGAATGCCGCTGAG	1
175	174	2	CTAATGCTATGAATGCCGCTGAGA	1
176	175	2	TAATGCTATGAATGCCGCTGAGAT	1
177	176	2	AATGCTATGAATGCCGCTGAGATC	1
178	177	2	ATGCTATGAATGCCGCTGAGATCA	1
179	178	2	TGCTATGAATGCCGCTGAGATCAC	1
180	179	2	GCTATGAATGCCGCTGAGATCACT	1
181	180	2	CTATGAATGCCGCTGAGATCACTG	1
182	181	2	TATGAATGCCGCTGAGATCACTGA	1
183	182	1	ATGAATGCCGCTGAGATCACTGAT	1
184	183	2	TGAATGCCGCTGAGATCACTGATA	1
185	184	2	GAATGCCGCTGAGATCACTGATAA	1
186	185	2	AATGCCGCTGAGATCACTGATAAG	1
187	186	2	ATGCCGCTGAGATCACTGATAAGC	1
188	187	1	TGCCGCTGAGATCACTGATAAGCT	1
189	188	1	GCCGCTGAGATCACTGATAAGCTA	1
190	189	1	CCGCTGAGATCACTGATAAGCTAG	1
191	190	1	CGCTGAGATCACTGATAAGCTAGG	1
192	191	1	GCTGAGATCACTGATAAGCTAGGA	1
193	192	1	CTGAGATCACTGATAAGCTAGGAC	1
194	193	2	TGAGATCACTGATAAGCTAGGACT	1
195	194	2	GAGATCACTGATAAGCTAGGACTT	1
196	195	2	AGATCACTGATAAGCTAGGACTTC	1
197	196	2	GATCACTGATAAGCTAGGACTTCA	1
198	197	2	ATCACTGATAAGCTAGGACTTCAT	1
199	198	2	TCACTGATAAGCTAGGACTTCATT	1
200	199	2	CACTGATAAGCTAGGACTTCATTC	1
201	200	2	ACTGATAAGCTAGGACTTCATTCT	1
202	201	2	CTGATAAGCTAGGACTTCATTCTC	1
203	202	2	TGATAAGCTAGGACTTCATTCTCT	1
204	203	2	GATAAGCTAGGACTTCATTCTCTT	1
205	204	2	ATAAGCTAGGACTTCATTCTCTTC	1
206	205	2	TAAGCTAGGACTTCATTCTCTTCG	1
207	206	2	AAGCTAGGACTTCATTCTCTTCGT	1
208	207	2	AGCTAGGACTTCATTCTCTTCGTC	1
209	208	2	GCTAGGACTTCATTCTCTTCGTCA	1
210	209	2	CTAGGACTTCATTCTCTTCGTCAT	1
211	210	2	TAGGACTTCATTCTCTTCGTCATC	1
212	211	2	AGGACTTCATTCTCTTCGTCATCG	1
213	212	2	GGACTTCATTCTCTTCGTCATCGT	1
214	213	2	GACTTCATTCTCTTCGTCATCGTC	1
215	214	2	ACTTCATTCTCTTCGTCATCGTCA	1
216	215	2	CTTCATTCTCTTCGTCATCGTCAA	1
217	216	2	TTCATTCTCTTCGTCATCGTCAAT	1
218	217	2	TCATTCTCTTCGTCATCGTCAATG	1
219	218	2	CATTCTCTTCGTCATCGTCAATGG	1
220	219	2	ATTCTCTTCGTCATCGTCAATGGT	1
221	220	2	TTCTCTTCGTCATCGTCAATGGTA	1
222	221	2	TCTCTTCGTCATCGTCAATGGTAC	1
223	222	2	CTCTTCGTCATCGTCAATGGTACA	1
224	223	2	TCTTCGTCATCGTCAATGGTACAT	1
225	224	2	CTTCGTCATCGTCAATGGTACATT	1
226	225	2	TTCGTCATCGTCAATGGTACATTC	1
227	226	2	TCGTCATCGTCAATGGTACATTCA	1
228	227	1	CGTCATCGTCAATGGTACATTCAA	1
229	228	1	GTCATCGTCAATGGTACATTCAAG	1
230	229	1	TCATCGTCAATGGTACATTCAAGC	1
231	230	1	CATCGTCAATGGTACATTCAAGCC	1
232	231	1	ATCGTCAATGGTACATTCAAGCCA	1
233	232	1	TCGTCAATGGTACATTCAAGCCAC	1
234	233	1	CGTCAATGGTACATTCAAGCCACT	1
235	234	1	GTCAATGGTACATTCAAGCCACTT	1
236	235	1	TCAATGGTACATTCAAGCCACTTG	1
237	236	1	CAATGGTACATTCAAGCCACTTGT	1
238	-1	0	ATTCTCATGGTTGGTCTTGATGCT	1
239	238	1	TTCTCATGGTTGGTCTTGATGCTG	1
240	239	1	TCTCATGGTTGGTCTTGATGCTGC	1
241	240	1	CTCATGGTTGGTCTTGATGCTGCT	1
242	241	1	TCATGGTTGGTCTTGATGCTGCTG	1
243	242	2	CATGGTTGGTCTTGATGCTGCTGG	1
244	243	2	ATGGTTGGTCTTGATGCTGCTGGT	1
245	244	2	TGGTTGGTCTTGATGCTGCTGGTA	1
246	245	2	GGTTGGTCTTGATGCTGCTGGTAA	1
247	246	2	GTTGGTCTTGATGCTGCTGGTAAA	1
248	247	2	TTGGTCTTGATGCTGCTGGTAAAA	1
249	248	2	TGGTCTTGATGCTGCTGGTAAAAC	1
250	249	2	GGTCTTGATGCTGCTGGTAAAACT	1
251	250	2	GTCTTGATGCTGCTGGTAAAACTA	1
252	251	2	TCTTGATGCTGCTGGTAAAACTAC	1
253	252	2	CTTGATGCTGCTGGTAAAACTACG	1
254	253	2	TTGATGCTGCTGGTAAAACTACGA	1
255	254	4	TGATGCTGCTGGTAAAACTACGAT	1
256	255	4	GATGCTGCTGGTAAAACTACGATT	1
257	256	4	ATGCTGCTGGTAAAACTACGATTT	1
258	257	4	TGCTGCTGGTAAAACTACGATTTT	1
259	258	4	GCTGCTGGTAAAACTACGATTTTA	1
260	259	4	CTGCTGGTAAAACTACGATTTTAT	1
261	260	4	TGCTGGTAAAACTACGATTTTATA	1
262	261	4	GCTGGTAAAACTACGATTTTATAT	1
263	262	4	CTGGTAAAACTACGATTTTATATA	1
264	263	4	TGGTAAAACTACGATTTTATATAA	1
265	264	4	GGTAAAACTACGATTTTATATAAG	1
266	265	4	GTAAAACTACGATTTTATATAAGC	1
267	266	4	TAAAACTACGATTTTATATAAGCT	1
268	267	4	AAAACTACGATTTTATATAAGCTC	1
269	268	4	AAACTACGATTTTATATAAGCTCA	1
270	269	4	AACTACGATTTTATATAAGCTCAA	1
271	270	4	ACTACGATTTTATATAAGCTCAAG	1
272	271	4	CTACGATTTTATATAAGCTCAAGC	1
273	272	4	TACGATTTTATATAAGCTCAAGCT	1
274	273	4	ACGATTTTATATAAGCTCAAGCTT	1
275	274	4	CGATTTTATATAAGCTCAAGCTTG	1
276	275	4	GATTTTATATAAGCTCAAGCTTGG	1
277	276	4	ATTTTATATAAGCTCAAGCTTGGC	1
278	277	4	TTTTATATAAGCTCAAGCTTGGCG	1
279	278	4	TTTATATAAGCTCAAGCTTGGCGA	1
280	279	4	TTATATAAGCTCAAGCTTGGCGAA	1
281	280	4	TATATAAGCTCAAGCTTGGCGAAA	1
282	281	4	ATATAAGCTCAAGCTTGGCGAAAT	1
283	282	3	TATAAGCTCAAGCTTGGCGAAATT	1
284	283	3	ATAAGCTCAAGCTTGGCGAAATTG	1
285	284	3	TAAGCTCAAGCTTGGCGAAATTGT	1
286	285	3	AAGCTCAAGCTTGGCGAAATTGTC	1
287	286	2	AGCTCAAGCTTGGCGAAATTGTCA	1
288	287	2	GCTCAAGCTTGGCGAAATTGTCAC	1
289	288	2	CTCAAGCTTGGCGAAATTGTCACC	1
290	289	2	TCAAGCTTGGCGAAATTGTCACCA	1
291	290	2	CAAGCTTGGCGAAATTGTCACCAC	1
292	291	2	AAGCTTGGCGAAATTGTCACCACA	1
293	292	2	AGCTTGGCGAAATTGTCACCACAA	1
294	293	2	GCTTGGCGAAATTGTCACCACAAT	1
295	294	2	CTTGGCGAAATTGTCACCACAATT	1
296	295	2	TTGGCGAAATTGTCACCACAATTC	1
297	296	2	TGGCGAAATTGTCACCACAATTCC	1
298	297	2	GGCGAAATTGTCACCACAATTCCT	1
299	298	1	GCGAAATTGTCACCACAATTCCTA	1
300	299	1	CGAAATTGTCACCACAATTCCTAC	1
301	300	1	GAAATTGTCACCACAATTCCTACC	1
302	301	1	AAATTGTCACCACAATTCCTACCA	1
303	302	1	AATTGTCACCACAATTCCTACCAT	1
304	303	1	ATTGTCACCACAATTCCTACCATT	1
305	304	1	TTGTCACCACAATTCCTACCATTG	1
306	305	1	TGTCACCACAATTCCTACCATTGG	1
307	306	1	GTCACCACAATTCCTACCATTGGT	1
308	307	1	TCACCACAATTCCTACCATTGGTT	1
309	308	1	CACCACAATTCCTACCATTGGTTT	1
310	309	1	ACCACAATTCCTACCATTGGTTTC	1
311	310	1	CCACAATTCCTACCATTGGTTTCA	1
312	311	1	CACAATTCCTACCATTGGTTTCAA	1
313	312	1	ACAATTCCTACCATTGGTTTCAAC	1
314	313	1	CAATTCCTACCATTGGTTTCAACG	1
315	314	1	AATTCCTACCATTGGTTTCAACGT	1
316	315	1	ATTCCTACCATTGGTTTCAACGTT	1
317	316	1	TTCCTACCATTGGTTTCAACGTTG	1
318	317	1	TCCTACCATTGGTTTCAACGTTGA	1
319	318	1	CCTACCATTGGTTTCAACGTTGAA	1
320	319	1	CTACCATTGGTTTCAACGTTGAAA	1
321	320	1	TACCATTGGTTTCAACGTTGAAAC	1
322	321	1	ACCATTGGTTTCAACGTTGAAACT	1
323	322	1	CCATTGGTTTCAACGTTGAAACTG	1
324	323	1	CATTGGTTTCAACGTTGAAACTGT	1
325	324	1	ATTGGTTTCAACGTTGAAACTGTT	1
326	325	1	TTGGTTTCAACGTTGAAACTGTTG	1
327	326	2	TGGTTTCAACGTTGAAACTGTTGA	1
328	327	2	GGTTTCAACGTTGAAACTGTTGAG	1
329	328	2	GTTTCAACGTTGAAACTGTTGAGT	1
330	329	2	TTTCAACGTTGAAACTGTTGAGTA	1
331	330	2	TTCAACGTTGAAACTGTTGAGTAT	1
332	331	2	TCAACGTTGAAACTGTTGAGTATC	1
333	332	2	CAACGTTGAAACTGTTGAGTATCG	1
334	333	2	AACGTTGAAACTGTTGAGTATCGC	1
335	334	2	ACGTTGAAACTGTTGAGTATCGCA	1
336	335	2	CGTTGAAACTGTTGAGTATCGCAA	1
337	336	2	GTTGAAACTGTTGAGTATCGCAAT	1
338	337	2	TTGAAACTGTTGAGTATCGCAATA	1
339	338	2	TGAAACTGTTGAGTATCGCAATAT	1
340	339	2	GAAACTGTTGAGTATCGCAATATC	1
341	340	2	AAACTGTTGAGTATCGCAATATCT	1
342	341	2	AACTGTTGAGTATCGCAATATCTC	1
343	342	1	ACTGTTGAGTATCGCAATATCTCT	1
344	343	1	CTGTTGAGTATCGCAATATCTCTT	1
345	344	1	TGTTGAGTATCGCAATATCTCTTT	1
346	345	1	GTTGAGTATCGCAATATCTCTTTC	1
347	346	1	TTGAGTATCGCAATATCTCTTTCA	1
348	347	1	TGAGTATCGCAATATCTCTTTCAC	1
349	348	1	GAGTATCGCAATATCTCTTTCACT	1
350	349	1	AGTATCGCAATATCTCTTTCACTG	1
351	350	1	GTATCGCAATATCTCTTTCACTGT	1
352	351	1	TATCGCAATATCTCTTTCACTGTA	1
353	352	1	ATCGCAATATCTCTTTCACTGTAT	1
354	353	1	TCGCAATATCTCTTTCACTGTATG	1
355	354	1	CGCAATATCTCTTTCACTGTATGG	1
356	355	1	GCAATATCTCTTTCACTGTATGGG	1
357	356	1	CAATATCTCTTTCACTGTATGGGA	1
358	357	1	AATATCTCTTTCACTGTATGGGAT	1
359	358	1	ATATCTCTTTCACTGTATGGGATG	1
360	359	1	TATCTCTTTCACTGTATGGGATGT	1
361	360	1	ATCTCTTTCACTGTATGGGATGTT	1
362	361	2	TCTCTTTCACTGTATGGGATGTTG	1
363	362	2	CTCTTTCACTGTATGGGATGTTGG	1
364	363	4	TCTTTCACTGTATGGGATGTTGGT	1
365	364	4	CTTTCACTGTATGGGATGTTGGTG	1
366	365	4	TTTCACTGTATGGGATGTTGGTGG	1
367	366	3	TTCACTGTATGGGATGTTGGTGGA	1
368	367	3	TCACTGTATGGGATGTTGGTGGAC	1
369	368	3	CACTGTATGGGATGTTGGTGGACA	1
370	369	2	ACTGTATGGGATGTTGGTGGACAA	1
371	370	2	CTGTATGGGATGTTGGTGGACAAG	1
372	371	2	TGTATGGGATGTTGGTGGACAAGA	1
373	372	2	GTATGGGATGTTGGTGGACAAGAC	1
374	373	2	TATGGGATGTTGGTGGACAAGACA	1
375	374	2	ATGGGATGTTGGTGGACAAGACAA	1
376	375	2	TGGGATGTTGGTGGACAAGACAAG	1
377	376	2	GGGATGTTGGTGGACAAGACAAGA	1
378	377	2	GGATGTTGGTGGACAAGACAAGAT	1
379	378	2	GATGTTGGTGGACAAGACAAGATT	1
380	379	2	ATGTTGGTGGACAAGACAAGATTC	1
381	380	2	TGTTGGTGGACAAGACAAGATTCG	1
382	381	2	GTTGGTGGACAAGACAAGATTCGT	1
383	382	2	TTGGTGGACAAGACAAGATTCGTC	1
384	383	2	TGGTGGACAAGACAAGATTCGTCC	1
385	384	2	GGTGGACAAGACAAGATTCGTCCC	1
386	385	3	GTGGACAAGACAAGATTCGTCCCT	1
387	386	3	TGGACAAGACAAGATTCGTCCCTT	1
388	387	3	GGACAAGACAAGATTCGTCCCTTG	1
389	388	3	GACAAGACAAGATTCGTCCCTTGT	1
390	389	3	ACAAGACAAGATTCGTCCCTTGTG	1
391	390	3	CAAGACAAGATTCGTCCCTTGTGG	1
392	391	4	AAGACAAGATTCGTCCCTTGTGGA	1
393	392	4	AGACAAGATTCGTCCCTTGTGGAG	1
394	393	4	GACAAGATTCGTCCCTTGTGGAGA	1
395	394	4	ACAAGATTCGTCCCTTGTGGAGAC	1
396	395	5	CAAGATTCGTCCCTTGTGGAGACA	1
397	396	5	AAGATTCGTCCCTTGTGGAGACAC	1
398	397	5	AGATTCGTCCCTTGTGGAGACACT	1
399	398	5	GATTCGTCCCTTGTGGAGACACTA	1
400	399	5	ATTCGTCCCTTGTGGAGACACTAT	1
401	400	5	TTCGTCCCTTGTGGAGACACTATT	1
402	401	5	TCGTCCCTTGTGGAGACACTATTT	1
403	402	6	CGTCCCTTGTGGAGACACTATTTC	1
404	403	6	GTCCCTTGTGGAGACACTATTTCC	1
405	404	6	TCCCTTGTGGAGACACTATTTCCA	1
406	405	5	CCCTTGTGGAGACACTATTTCCAA	1
407	406	6	CCTTGTGGAGACACTATTTCCAAA	1
408	407	4	CTTGTGGAGACACTATTTCCAAAA	1
409	408	4	TTGTGGAGACACTATTTCCAAAAC	1
410	409	4	TGTGGAGACACTATTTCCAAAACA	1
411	410	4	GTGGAGACACTATTTCCAAAACAC	1
412	411	4	TGGAGACACTATTTCCAAAACACG	1
413	412	4	GGAGACACTATTTCCAAAACACGC	1
414	413	4	GAGACACTATTTCCAAAACACGCA	1
415	414	4	AGACACTATTTCCAAAACACGCAA	1
416	415	4	GACACTATTTCCAAAACACGCAAG	1
417	416	4	ACACTATTTCCAAAACACGCAAGG	1
418	417	4	CACTATTTCCAAAACACGCAAGGT	1
419	418	4	ACTATTTCCAAAACACGCAAGGTA	1
420	419	4	CTATTTCCAAAACACGCAAGGTAT	1
421	420	4	TATTTCCAAAACACGCAAGGTATT	1
422	421	4	ATTTCCAAAACACGCAAGGTATTA	1
423	422	4	TTTCCAAAACACGCAAGGTATTAT	1
424	423	4	TTCCAAAACACGCAAGGTATTATC	1
425	424	4	TCCAAAACACGCAAGGTATTATCT	1
426	425	4	CCAAAACACGCAAGGTATTATCTT	1
427	426	4	CAAAACACGCAAGGTATTATCTTC	1
428	427	4	AAAACACGCAAGGTATTATCTTCG	1
429	428	4	AAACACGCAAGGTATTATCTTCGT	1
430	429	3	AACACGCAAGGTATTATCTTCGTT	1
431	430	3	ACACGCAAGGTATTATCTTCGTTG	1
432	431	3	CACGCAAGGTATTATCTTCGTTGT	1
433	432	3	ACGCAAGGTATTATCTTCGTTGTT	1
434	433	4	CGCAAGGTATTATCTTCGTTGTTG	1
435	434	4	GCAAGGTATTATCTTCGTTGTTGA	1
436	435	4	CAAGGTATTATCTTCGTTGTTGAT	1
437	436	4	AAGGTATTATCTTCGTTGTTGATT	1
438	437	4	AGGTATTATCTTCGTTGTTGATTC	1
439	438	4	GGTATTATCTTCGTTGTTGATTCT	1
440	439	3	GTATTATCTTCGTTGTTGATTCTA	1
441	440	3	TATTATCTTCGTTGTTGATTCTAA	1
442	441	3	ATTATCTTCGTTGTTGATTCTAAT	1
443	442	3	TTATCTTCGTTGTTGATTCTAATG	1
444	443	3	TATCTTCGTTGTTGATTCTAATGA	1
445	444	3	ATCTTCGTTGTTGATTCTAATGAT	1
446	445	3	TCTTCGTTGTTGATTCTAATGATC	1
447	446	2	CTTCGTTGTTGATTCTAATGATCG	1
448	447	2	TTCGTTGTTGATTCTAATGATCGT	1
449	448	2	TCGTTGTTGATTCTAATGATCGTG	1
450	449	2	CGTTGTTGATTCTAATGATCGTGA	1
451	450	1	GTTGTTGATTCTAATGATCGTGAA	1
452	451	1	TTGTTGATTCTAATGATCGTGAAC	1
453	-1	0	CCACTACCAAATAGAAAAACATTC	1
454	453	1	CACTACCAAATAGAAAAACATTCG	1
455	454	1	ACTACCAAATAGAAAAACATTCGG	1
456	455	1	CTACCAAATAGAAAAACATTCGGT	1
457	456	1	TACCAAATAGAAAAACATTCGGTA	1
458	457	1	ACCAAATAGAAAAACATTCGGTAC	1
459	458	2	CCAAATAGAAAAACATTCGGTACG	1
460	459	2	CAAATAGAAAAACATTCGGTACGA	1
461	460	3	AAATAGAAAAACATTCGGTACGAA	1
462	461	3	AATAGAAAAACATTCGGTACGAAA	1
463	462	3	ATAGAAAAACATTCGGTACGAAAG	1
464	463	3	TAGAAAAACATTCGGTACGAAAGA	1
465	464	3	AGAAAAACATTCGGTACGAAAGAA	1
466	465	3	GAAAAACATTCGGTACGAAAGAAT	1
467	466	5	AAAAACATTCGGTACGAAAGAATA	1
468	467	6	AAAACATTCGGTACGAAAGAATAT	1
469	468	7	AAACATTCGGTACGAAAGAATATA	1
470	469	7	AACATTCGGTACGAAAGAATATAA	1
471	470	7	ACATTCGGTACGAAAGAATATAAG	1
472	471	7	CATTCGGTACGAAAGAATATAAGA	1
473	472	7	ATTCGGTACGAAAGAATATAAGAC	1
474	473	7	TTCGGTACGAAAGAATATAAGACA	1
475	474	7	TCGGTACGAAAGAATATAAGACAT	1
476	475	7	CGGTACGAAAGAATATAAGACATA	1
477	476	7	GGTACGAAAGAATATAAGACATAA	1
478	477	7	GTACGAAAGAATATAAGACATAAT	1
479	478	7	TACGAAAGAATATAAGACATAATG	1
480	479	7	ACGAAAGAATATAAGACATAATGG	1
481	480	7	CGAAAGAATATAAGACATAATGGG	1
482	481	7	GAAAGAATATAAGACATAATGGGT	1
483	482	7	AAAGAATATAAGACATAATGGGTT	1
484	483	7	AAGAATATAAGACATAATGGGTTT	1
485	484	7	AGAATATAAGACATAATGGGTTTG	1
486	485	7	GAATATAAGACATAATGGGTTTGA	1
487	486	7	AATATAAGACATAATGGGTTTGAG	1
488	487	7	ATATAAGACATAATGGGTTTGAGT	1
489	488	7	TATAAGACATAATGGGTTTGAGTA	1
490	489	7	ATAAGACATAATGGGTTTGAGTAT	1
491	490	7	TAAGACATAATGGGTTTGAGTATT	1
492	491	7	AAGACATAATGGGTTTGAGTATTA	1
493	492	7	AGACATAATGGGTTTGAGTATTAG	1
494	493	7	GACATAATGGGTTTGAGTATTAGC	1
495	494	7	ACATAATGGGTTTGAGTATTAGCA	1
496	495	7	CATAATGGGTTTGAGTATTAGCAA	1
497	496	7	ATAATGGGTTTGAGTATTAGCAAA	1
498	497	6	TAATGGGTTTGAGTATTAGCAAAT	1
499	498	6	AATGGGTTTGAGTATTAGCAAATT	1
500	499	6	ATGGGTTTGAGTATTAGCAAATTG	1
501	500	6	TGGGTTTGAGTATTAGCAAATTGT	1
502	501	6	GGGTTTGAGTATTAGCAAATTGTT	1
503	502	5	GGTTTGAGTATTAGCAAATTGTTC	1
504	503	5	GTTTGAGTATTAGCAAATTGTTCC	1
505	504	4	TTTGAGTATTAGCAAATTGTTCCA	1
506	505	4	TTGAGTATTAGCAAATTGTTCCAA	1
507	506	4	TGAGTATTAGCAAATTGTTCCAAA	1
508	507	4	GAGTATTAGCAAATTGTTCCAAAG	1
509	508	4	AGTATTAGCAAATTGTTCCAAAGC	1
510	509	4	GTATTAGCAAATTGTTCCAAAGCC	1
511	510	2	TATTAGCAAATTGTTCCAAAGCCT	1
512	511	1	ATTAGCAAATTGTTCCAAAGCCTC	1
