Component 5
1	-1	0	AGTTGACCACCAACCCATTGATCC	1
2	1	1	GTTGACCACCAACCCATTGATCCG	1
3	2	2	TTGACCACCAACCCATTGATCCGC	1
4	3	2	TGACCACCAACCCATTGATCCGCA	1
5	4	2	GACCACCAACCCATTGATCCGCAA	1
6	5	2	ACCACCAACCCATTGATCCGCAAA	1
7	6	2	CCACCAACCCATTGATCCGCAAAG	1
8	7	2	CACCAACCCATTGATCCGCAAAGT	1
9	8	3	ACCAACCCATTGATCCGCAAAGTC	1
10	9	3	CCAACCCATTGATCCGCAAAGTCT	1
11	10	3	CAACCCATTGATCCGCAAAGTCTC	1
12	11	3	AACCCATTGATCCGCAAAGTCTCC	1
13	12	3	ACCCATTGATCCGCAAAGTCTCCT	1
14	13	3	CCCATTGATCCGCAAAGTCTCCTT	1
15	14	3	CCATTGATCCGCAAAGTCTCCTTC	1
16	15	3	CATTGATCCGCAAAGTCTCCTTCA	1
17	16	3	ATTGATCCGCAAAGTCTCCTTCAC	1
18	17	3	TTGATCCGCAAAGTCTCCTTCACC	1
19	18	3	TGATCCGCAAAGTCTCCTTCACCG	1
20	19	3	GATCCGCAAAGTCTCCTTCACCGG	1
21	20	3	ATCCGCAAAGTCTCCTTCACCGGC	1
22	21	3	TCCGCAAAGTCTCCTTCACCGGCT	1
23	22	3	CCGCAAAGTCTCCTTCACCGGCTC	1
24	23	3	CGCAAAGTCTCCTTCACCGGCTCC	1
25	24	3	GCAAAGTCTCCTTCACCGGCTCCA	1
26	25	3	CAAAGTCTCCTTCACCGGCTCCAC	1
27	26	3	AAAGTCTCCTTCACCGGCTCCACC	1
28	27	3	AAGTCTCCTTCACCGGCTCCACCA	1
29	28	4	AGTCTCCTTCACCGGCTCCACCAA	1
30	29	4	GTCTCCTTCACCGGCTCCACCAAT	1
31	30	4	TCTCCTTCACCGGCTCCACCAATG	1
32	31	4	CTCCTTCACCGGCTCCACCAATGT	1
33	32	4	TCCTTCACCGGCTCCACCAATGTC	1
34	33	4	CCTTCACCGGCTCCACCAATGTCG	1
35	34	4	CTTCACCGGCTCCACCAATGTCGG	1
36	35	4	TTCACCGGCTCCACCAATGTCGGC	1
37	36	4	TCACCGGCTCCACCAATGTCGGCA	1
38	37	4	CACCGGCTCCACCAATGTCGGCAA	1
39	38	4	ACCGGCTCCACCAATGTCGGCAAA	1
40	39	4	CCGGCTCCACCAATGTCGGCAAAA	1
41	40	3	CGGCTCCACCAATGTCGGCAAAAT	1
42	41	3	GGCTCCACCAATGTCGGCAAAATC	1
43	42	3	GCTCCACCAATGTCGGCAAAATCC	1
44	43	3	CTCCACCAATGTCGGCAAAATCCT	1
45	44	3	TCCACCAATGTCGGCAAAATCCTG	1
46	45	1	CCACCAATGTCGGCAAAATCCTGG	1
47	46	1	CACCAATGTCGGCAAAATCCTGGC	1
48	47	1	ACCAATGTCGGCAAAATCCTGGCA	1
49	48	1	CCAATGTCGGCAAAATCCTGGCAA	1
50	49	1	CAATGTCGGCAAAATCCTGGCAAA	1
51	50	1	AATGTCGGCAAAATCCTGGCAAAG	1
52	51	1	ATGTCGGCAAAATCCTGGCAAAGC	1
53	52	1	TGTCGGCAAAATCCTGGCAAAGCA	1
54	53	1	GTCGGCAAAATCCTGGCAAAGCAA	1
55	54	1	TCGGCAAAATCCTGGCAAAGCAAT	1
56	55	1	CGGCAAAATCCTGGCAAAGCAATC	1
57	56	1	GGCAAAATCCTGGCAAAGCAATCG	1
58	57	1	GCAAAATCCTGGCAAAGCAATCGT	1
59	58	1	CAAAATCCTGGCAAAGCAATCGTC	1
60	59	1	AAAATCCTGGCAAAGCAATCGTCA	1
61	60	1	AAATCCTGGCAAAGCAATCGTCAT	1
62	61	1	AATCCTGGCAAAGCAATCGTCATC	1
63	62	1	ATCCTGGCAAAGCAATCGTCATCC	1
64	63	1	TCCTGGCAAAGCAATCGTCATCCA	1
65	64	1	CCTGGCAAAGCAATCGTCATCCAC	1
66	65	1	CTGGCAAAGCAATCGTCATCCACT	1
67	66	1	TGGCAAAGCAATCGTCATCCACTT	1
68	67	1	GGCAAAGCAATCGTCATCCACTTT	1
69	68	1	GCAAAGCAATCGTCATCCACTTTA	1
70	69	1	CAAAGCAATCGTCATCCACTTTAA	1
71	70	1	AAAGCAATCGTCATCCACTTTAAA	1
72	71	1	AAGCAATCGTCATCCACTTTAAAG	1
73	-1	0	CCGGATCATTACGATCAAACAACC	1
74	73	1	CGGATCATTACGATCAAACAACCC	1
75	74	1	GGATCATTACGATCAAACAACCCG	1
76	75	1	GATCATTACGATCAAACAACCCGT	1
77	76	1	ATCATTACGATCAAACAACCCGTC	1
78	77	1	TCATTACGATCAAACAACCCGTCG	1
79	78	1	CATTACGATCAAACAACCCGTCGG	1
80	79	1	ATTACGATCAAACAACCCGTCGGT	1
81	80	1	TTACGATCAAACAACCCGTCGGTG	1
82	81	1	TACGATCAAACAACCCGTCGGTGT	1
83	82	1	ACGATCAAACAACCCGTCGGTGTA	1
84	83	1	CGATCAAACAACCCGTCGGTGTAG	1
85	84	1	GATCAAACAACCCGTCGGTGTAGT	1
86	85	1	ATCAAACAACCCGTCGGTGTAGTT	1
87	86	1	TCAAACAACCCGTCGGTGTAGTTG	1
88	87	1	CAAACAACCCGTCGGTGTAGTTGG	1
89	88	1	AAACAACCCGTCGGTGTAGTTGGT	1
90	89	1	AACAACCCGTCGGTGTAGTTGGTA	1
91	90	1	ACAACCCGTCGGTGTAGTTGGTAT	1
92	91	1	CAACCCGTCGGTGTAGTTGGTATC	1
93	92	1	AACCCGTCGGTGTAGTTGGTATCA	1
94	93	1	ACCCGTCGGTGTAGTTGGTATCAT	1
95	94	1	CCCGTCGGTGTAGTTGGTATCATC	1
96	95	1	CCGTCGGTGTAGTTGGTATCATCA	1
97	96	1	CGTCGGTGTAGTTGGTATCATCAC	1
98	97	1	GTCGGTGTAGTTGGTATCATCACT	1
99	98	1	TCGGTGTAGTTGGTATCATCACTC	1
100	99	1	CGGTGTAGTTGGTATCATCACTCC	1
101	100	1	GGTGTAGTTGGTATCATCACTCCC	1
102	101	1	GTGTAGTTGGTATCATCACTCCCT	1
103	102	1	TGTAGTTGGTATCATCACTCCCTG	1
104	103	1	GTAGTTGGTATCATCACTCCCTGG	1
105	104	1	TAGTTGGTATCATCACTCCCTGGA	1
106	105	1	AGTTGGTATCATCACTCCCTGGAA	1
107	106	1	GTTGGTATCATCACTCCCTGGAAC	1
108	107	1	TTGGTATCATCACTCCCTGGAACT	1
109	108	2	TGGTATCATCACTCCCTGGAACTT	1
110	109	2	GGTATCATCACTCCCTGGAACTTT	1
111	110	2	GTATCATCACTCCCTGGAACTTTC	1
112	111	2	TATCATCACTCCCTGGAACTTTCC	1
113	112	2	ATCATCACTCCCTGGAACTTTCCC	1
114	113	2	TCATCACTCCCTGGAACTTTCCCG	1
115	114	2	CATCACTCCCTGGAACTTTCCCGC	1
116	115	2	ATCACTCCCTGGAACTTTCCCGCC	1
117	116	2	TCACTCCCTGGAACTTTCCCGCCG	1
118	117	1	CACTCCCTGGAACTTTCCCGCCGC	1
119	118	1	ACTCCCTGGAACTTTCCCGCCGCC	1
120	119	1	CTCCCTGGAACTTTCCCGCCGCCA	1
121	120	1	TCCCTGGAACTTTCCCGCCGCCAT	1
122	121	1	CCCTGGAACTTTCCCGCCGCCATG	1
123	122	1	CCTGGAACTTTCCCGCCGCCATGA	1
124	123	1	CTGGAACTTTCCCGCCGCCATGAT	1
125	124	1	TGGAACTTTCCCGCCGCCATGATA	1
126	125	1	GGAACTTTCCCGCCGCCATGATAA	1
127	126	1	GAACTTTCCCGCCGCCATGATAAC	1
128	127	1	AACTTTCCCGCCGCCATGATAACT	1
129	128	1	ACTTTCCCGCCGCCATGATAACTC	1
130	129	1	CTTTCCCGCCGCCATGATAACTCG	1
131	130	1	TTTCCCGCCGCCATGATAACTCGA	1
132	131	1	TTCCCGCCGCCATGATAACTCGAA	1
133	132	1	TCCCGCCGCCATGATAACTCGAAA	1
134	133	1	CCCGCCGCCATGATAACTCGAAAA	1
135	134	1	CCGCCGCCATGATAACTCGAAAAG	1
136	135	1	CGCCGCCATGATAACTCGAAAAGT	1
137	136	1	GCCGCCATGATAACTCGAAAAGTG	1
138	137	1	CCGCCATGATAACTCGAAAAGTGG	1
139	138	1	CGCCATGATAACTCGAAAAGTGGG	1
140	139	1	GCCATGATAACTCGAAAAGTGGGC	1
141	140	1	CCATGATAACTCGAAAAGTGGGCG	1
142	141	1	CATGATAACTCGAAAAGTGGGCGC	1
143	142	1	ATGATAACTCGAAAAGTGGGCGCC	1
144	143	1	TGATAACTCGAAAAGTGGGCGCCG	1
145	144	1	GATAACTCGAAAAGTGGGCGCCGC	1
146	145	1	ATAACTCGAAAAGTGGGCGCCGCT	1
147	146	3	TAACTCGAAAAGTGGGCGCCGCTT	1
148	147	3	AACTCGAAAAGTGGGCGCCGCTTT	1
149	148	3	ACTCGAAAAGTGGGCGCCGCTTTG	1
150	149	3	CTCGAAAAGTGGGCGCCGCTTTGG	1
151	150	3	TCGAAAAGTGGGCGCCGCTTTGGC	1
152	151	3	CGAAAAGTGGGCGCCGCTTTGGCC	1
153	152	2	GAAAAGTGGGCGCCGCTTTGGCCG	1
154	153	2	AAAAGTGGGCGCCGCTTTGGCCGC	1
155	154	2	AAAGTGGGCGCCGCTTTGGCCGCC	1
156	155	2	AAGTGGGCGCCGCTTTGGCCGCCG	1
157	156	2	AGTGGGCGCCGCTTTGGCCGCCGG	1
158	157	2	GTGGGCGCCGCTTTGGCCGCCGGC	1
159	158	2	TGGGCGCCGCTTTGGCCGCCGGCT	1
160	159	2	GGGCGCCGCTTTGGCCGCCGGCTG	1
161	160	2	GGCGCCGCTTTGGCCGCCGGCTGT	1
162	161	2	GCGCCGCTTTGGCCGCCGGCTGTA	1
163	162	2	CGCCGCTTTGGCCGCCGGCTGTAC	1
164	163	2	GCCGCTTTGGCCGCCGGCTGTACT	1
165	164	2	CCGCTTTGGCCGCCGGCTGTACTG	1
166	165	2	CGCTTTGGCCGCCGGCTGTACTGT	1
167	166	2	GCTTTGGCCGCCGGCTGTACTGTA	1
168	167	2	CTTTGGCCGCCGGCTGTACTGTAG	1
169	168	2	TTTGGCCGCCGGCTGTACTGTAGT	1
170	169	2	TTGGCCGCCGGCTGTACTGTAGTT	1
171	170	2	TGGCCGCCGGCTGTACTGTAGTTA	1
172	171	2	GGCCGCCGGCTGTACTGTAGTTAT	1
173	172	2	GCCGCCGGCTGTACTGTAGTTATT	1
174	173	2	CCGCCGGCTGTACTGTAGTTATTC	1
175	174	2	CGCCGGCTGTACTGTAGTTATTCG	1
176	175	2	GCCGGCTGTACTGTAGTTATTCGC	1
177	176	2	CCGGCTGTACTGTAGTTATTCGCC	1
178	177	2	CGGCTGTACTGTAGTTATTCGCCC	1
179	178	2	GGCTGTACTGTAGTTATTCGCCCG	1
180	179	2	GCTGTACTGTAGTTATTCGCCCGG	1
181	180	2	CTGTACTGTAGTTATTCGCCCGGC	1
182	181	2	TGTACTGTAGTTATTCGCCCGGCC	1
183	182	2	GTACTGTAGTTATTCGCCCGGCCG	1
184	183	2	TACTGTAGTTATTCGCCCGGCCGC	1
185	184	2	ACTGTAGTTATTCGCCCGGCCGCT	1
186	185	2	CTGTAGTTATTCGCCCGGCCGCTG	1
187	186	2	TGTAGTTATTCGCCCGGCCGCTGA	1
188	187	2	GTAGTTATTCGCCCGGCCGCTGAA	1
189	188	2	TAGTTATTCGCCCGGCCGCTGAAA	1
190	189	2	AGTTATTCGCCCGGCCGCTGAAAC	1
