Component 503
1	-1	0	TCTAGCATCACCTCAAGCATCTCT	1
2	1	1	CTAGCATCACCTCAAGCATCTCTT	1
3	2	1	TAGCATCACCTCAAGCATCTCTTC	1
4	3	1	AGCATCACCTCAAGCATCTCTTCT	1
5	4	1	GCATCACCTCAAGCATCTCTTCTT	1
6	5	1	CATCACCTCAAGCATCTCTTCTTC	1
7	6	1	ATCACCTCAAGCATCTCTTCTTCC	1
8	7	1	TCACCTCAAGCATCTCTTCTTCCG	1
9	8	1	CACCTCAAGCATCTCTTCTTCCGC	1
10	9	1	ACCTCAAGCATCTCTTCTTCCGCT	1
11	10	1	CCTCAAGCATCTCTTCTTCCGCTT	1
12	11	1	CTCAAGCATCTCTTCTTCCGCTTC	1
13	12	1	TCAAGCATCTCTTCTTCCGCTTCT	1
14	13	1	CAAGCATCTCTTCTTCCGCTTCTT	1
15	14	1	AAGCATCTCTTCTTCCGCTTCTTC	1
16	15	1	AGCATCTCTTCTTCCGCTTCTTCC	1
17	16	1	GCATCTCTTCTTCCGCTTCTTCCT	1
18	17	1	CATCTCTTCTTCCGCTTCTTCCTC	1
19	18	1	ATCTCTTCTTCCGCTTCTTCCTCT	1
20	19	1	TCTCTTCTTCCGCTTCTTCCTCTG	1
21	20	1	CTCTTCTTCCGCTTCTTCCTCTGT	1
22	21	1	TCTTCTTCCGCTTCTTCCTCTGTT	1
23	22	1	CTTCTTCCGCTTCTTCCTCTGTTA	1
24	23	1	TTCTTCCGCTTCTTCCTCTGTTAG	1
25	24	2	TCTTCCGCTTCTTCCTCTGTTAGC	1
26	25	2	CTTCCGCTTCTTCCTCTGTTAGCT	1
27	26	2	TTCCGCTTCTTCCTCTGTTAGCTC	1
28	27	2	TCCGCTTCTTCCTCTGTTAGCTCC	1
29	28	2	CCGCTTCTTCCTCTGTTAGCTCCT	1
30	29	2	CGCTTCTTCCTCTGTTAGCTCCTC	1
31	30	2	GCTTCTTCCTCTGTTAGCTCCTCT	1
32	31	2	CTTCTTCCTCTGTTAGCTCCTCTT	1
33	32	2	TTCTTCCTCTGTTAGCTCCTCTTC	1
34	33	2	TCTTCCTCTGTTAGCTCCTCTTCT	1
35	34	2	CTTCCTCTGTTAGCTCCTCTTCTG	1
36	35	2	TTCCTCTGTTAGCTCCTCTTCTGC	1
37	36	2	TCCTCTGTTAGCTCCTCTTCTGCC	1
38	37	2	CCTCTGTTAGCTCCTCTTCTGCCA	1
39	38	2	CTCTGTTAGCTCCTCTTCTGCCAG	1
40	39	2	TCTGTTAGCTCCTCTTCTGCCAGC	1
41	40	2	CTGTTAGCTCCTCTTCTGCCAGCT	1
42	41	3	TGTTAGCTCCTCTTCTGCCAGCTC	1
43	42	3	GTTAGCTCCTCTTCTGCCAGCTCC	1
44	43	3	TTAGCTCCTCTTCTGCCAGCTCCA	1
45	44	3	TAGCTCCTCTTCTGCCAGCTCCAG	1
46	45	2	AGCTCCTCTTCTGCCAGCTCCAGT	1
47	46	2	GCTCCTCTTCTGCCAGCTCCAGTG	1
48	47	2	CTCCTCTTCTGCCAGCTCCAGTGG	1
49	48	2	TCCTCTTCTGCCAGCTCCAGTGGA	1
50	49	2	CCTCTTCTGCCAGCTCCAGTGGAT	1
51	50	2	CTCTTCTGCCAGCTCCAGTGGATC	1
52	51	2	TCTTCTGCCAGCTCCAGTGGATCC	1
53	52	2	CTTCTGCCAGCTCCAGTGGATCCA	1
54	53	2	TTCTGCCAGCTCCAGTGGATCCAT	1
55	54	2	TCTGCCAGCTCCAGTGGATCCATC	1
56	55	3	CTGCCAGCTCCAGTGGATCCATCT	1
57	56	3	TGCCAGCTCCAGTGGATCCATCTC	1
58	57	3	GCCAGCTCCAGTGGATCCATCTCT	1
59	58	3	CCAGCTCCAGTGGATCCATCTCTT	1
60	59	3	CAGCTCCAGTGGATCCATCTCTTC	1
61	60	3	AGCTCCAGTGGATCCATCTCTTCT	1
62	61	3	GCTCCAGTGGATCCATCTCTTCTG	1
63	62	3	CTCCAGTGGATCCATCTCTTCTGC	1
64	63	4	TCCAGTGGATCCATCTCTTCTGCC	1
65	64	4	CCAGTGGATCCATCTCTTCTGCCG	1
66	65	4	CAGTGGATCCATCTCTTCTGCCGA	1
67	66	4	AGTGGATCCATCTCTTCTGCCGAT	1
68	67	4	GTGGATCCATCTCTTCTGCCGATG	1
69	68	3	TGGATCCATCTCTTCTGCCGATGC	1
70	69	3	GGATCCATCTCTTCTGCCGATGCC	1
71	70	3	GATCCATCTCTTCTGCCGATGCCA	1
72	71	3	ATCCATCTCTTCTGCCGATGCCAA	1
73	72	3	TCCATCTCTTCTGCCGATGCCAAG	1
74	73	4	CCATCTCTTCTGCCGATGCCAAGA	1
75	74	4	CATCTCTTCTGCCGATGCCAAGAC	1
76	75	4	ATCTCTTCTGCCGATGCCAAGACC	1
77	76	4	TCTCTTCTGCCGATGCCAAGACCG	1
78	77	4	CTCTTCTGCCGATGCCAAGACCGT	1
79	78	4	TCTTCTGCCGATGCCAAGACCGTA	1
80	79	4	CTTCTGCCGATGCCAAGACCGTAA	1
81	80	4	TTCTGCCGATGCCAAGACCGTAAG	1
82	81	4	TCTGCCGATGCCAAGACCGTAAGT	1
83	82	4	CTGCCGATGCCAAGACCGTAAGTG	1
84	83	4	TGCCGATGCCAAGACCGTAAGTGC	1
85	84	4	GCCGATGCCAAGACCGTAAGTGCT	1
86	85	3	CCGATGCCAAGACCGTAAGTGCTA	1
87	86	3	CGATGCCAAGACCGTAAGTGCTAG	1
88	87	3	GATGCCAAGACCGTAAGTGCTAGC	1
89	88	3	ATGCCAAGACCGTAAGTGCTAGCT	1
90	89	3	TGCCAAGACCGTAAGTGCTAGCTC	1
91	90	3	GCCAAGACCGTAAGTGCTAGCTCC	1
92	91	3	CCAAGACCGTAAGTGCTAGCTCCA	1
93	92	3	CAAGACCGTAAGTGCTAGCTCCAA	1
94	93	3	AAGACCGTAAGTGCTAGCTCCAAC	1
95	94	3	AGACCGTAAGTGCTAGCTCCAACT	1
96	95	3	GACCGTAAGTGCTAGCTCCAACTC	1
97	96	3	ACCGTAAGTGCTAGCTCCAACTCC	1
98	97	3	CCGTAAGTGCTAGCTCCAACTCCA	1
99	98	3	CGTAAGTGCTAGCTCCAACTCCAC	1
100	99	2	GTAAGTGCTAGCTCCAACTCCACT	1
101	100	2	TAAGTGCTAGCTCCAACTCCACTA	1
102	101	3	AAGTGCTAGCTCCAACTCCACTAT	1
103	102	3	AGTGCTAGCTCCAACTCCACTATT	1
104	103	3	GTGCTAGCTCCAACTCCACTATTA	1
105	104	3	TGCTAGCTCCAACTCCACTATTAG	1
106	105	3	GCTAGCTCCAACTCCACTATTAGC	1
107	106	3	CTAGCTCCAACTCCACTATTAGCG	1
108	107	2	TAGCTCCAACTCCACTATTAGCGG	1
109	108	2	AGCTCCAACTCCACTATTAGCGGA	1
110	109	2	GCTCCAACTCCACTATTAGCGGAT	1
111	110	2	CTCCAACTCCACTATTAGCGGATT	1
112	111	2	TCCAACTCCACTATTAGCGGATTT	1
113	112	2	CCAACTCCACTATTAGCGGATTTT	1
114	113	2	CAACTCCACTATTAGCGGATTTTC	1
115	114	2	AACTCCACTATTAGCGGATTTTCC	1
116	115	2	ACTCCACTATTAGCGGATTTTCCA	1
117	116	3	CTCCACTATTAGCGGATTTTCCAC	1
118	117	3	TCCACTATTAGCGGATTTTCCACT	1
119	118	3	CCACTATTAGCGGATTTTCCACTT	1
120	119	3	CACTATTAGCGGATTTTCCACTTC	1
121	120	3	ACTATTAGCGGATTTTCCACTTCT	1
122	121	3	CTATTAGCGGATTTTCCACTTCTA	1
123	122	3	TATTAGCGGATTTTCCACTTCTAC	1
124	123	3	ATTAGCGGATTTTCCACTTCTACC	1
125	124	3	TTAGCGGATTTTCCACTTCTACCA	1
126	125	3	TAGCGGATTTTCCACTTCTACCAC	1
127	126	3	AGCGGATTTTCCACTTCTACCACT	1
128	127	3	GCGGATTTTCCACTTCTACCACTA	1
129	128	3	CGGATTTTCCACTTCTACCACTAG	1
130	129	4	GGATTTTCCACTTCTACCACTAGT	1
131	130	4	GATTTTCCACTTCTACCACTAGTG	1
132	131	4	ATTTTCCACTTCTACCACTAGTGC	1
133	132	5	TTTTCCACTTCTACCACTAGTGCT	1
134	133	5	TTTCCACTTCTACCACTAGTGCTT	1
135	134	5	TTCCACTTCTACCACTAGTGCTTC	1
136	135	5	TCCACTTCTACCACTAGTGCTTCC	1
137	136	5	CCACTTCTACCACTAGTGCTTCCA	1
138	137	5	CACTTCTACCACTAGTGCTTCCAG	1
139	138	5	ACTTCTACCACTAGTGCTTCCAGC	1
140	139	5	CTTCTACCACTAGTGCTTCCAGCT	1
141	140	5	TTCTACCACTAGTGCTTCCAGCTC	1
142	141	5	TCTACCACTAGTGCTTCCAGCTCT	1
143	142	5	CTACCACTAGTGCTTCCAGCTCTG	1
144	143	5	TACCACTAGTGCTTCCAGCTCTGC	1
145	144	5	ACCACTAGTGCTTCCAGCTCTGCC	1
146	145	4	CCACTAGTGCTTCCAGCTCTGCCG	1
147	146	4	CACTAGTGCTTCCAGCTCTGCCGC	1
148	147	4	ACTAGTGCTTCCAGCTCTGCCGCC	1
149	148	4	CTAGTGCTTCCAGCTCTGCCGCCG	1
150	149	4	TAGTGCTTCCAGCTCTGCCGCCGG	1
151	150	4	AGTGCTTCCAGCTCTGCCGCCGGT	1
152	151	4	GTGCTTCCAGCTCTGCCGCCGGTA	1
153	152	4	TGCTTCCAGCTCTGCCGCCGGTAA	1
154	153	4	GCTTCCAGCTCTGCCGCCGGTAAC	1
155	154	4	CTTCCAGCTCTGCCGCCGGTAACT	1
156	155	4	TTCCAGCTCTGCCGCCGGTAACTC	1
157	156	4	TCCAGCTCTGCCGCCGGTAACTCT	1
158	157	4	CCAGCTCTGCCGCCGGTAACTCTA	1
159	158	4	CAGCTCTGCCGCCGGTAACTCTAG	1
160	159	4	AGCTCTGCCGCCGGTAACTCTAGC	1
161	160	3	GCTCTGCCGCCGGTAACTCTAGCT	1
162	161	2	CTCTGCCGCCGGTAACTCTAGCTC	1
163	162	2	TCTGCCGCCGGTAACTCTAGCTCC	1
164	163	2	CTGCCGCCGGTAACTCTAGCTCCT	1
165	164	2	TGCCGCCGGTAACTCTAGCTCCTC	1
166	165	2	GCCGCCGGTAACTCTAGCTCCTCT	1
167	166	2	CCGCCGGTAACTCTAGCTCCTCTA	1
168	167	2	CGCCGGTAACTCTAGCTCCTCTAG	1
169	168	2	GCCGGTAACTCTAGCTCCTCTAGC	1
170	169	2	CCGGTAACTCTAGCTCCTCTAGCT	1
171	170	2	CGGTAACTCTAGCTCCTCTAGCTA	1
172	171	2	GGTAACTCTAGCTCCTCTAGCTAC	1
173	172	2	GTAACTCTAGCTCCTCTAGCTACA	1
174	173	1	TAACTCTAGCTCCTCTAGCTACAC	1
175	174	1	AACTCTAGCTCCTCTAGCTACACT	1
176	175	1	ACTCTAGCTCCTCTAGCTACACTT	1
177	-1	0	CTTTTCATCATCATTAGTCTGGTC	1
178	177	1	TTTTCATCATCATTAGTCTGGTCA	1
179	178	1	TTTCATCATCATTAGTCTGGTCAT	1
180	179	1	TTCATCATCATTAGTCTGGTCATT	1
181	180	1	TCATCATCATTAGTCTGGTCATTT	1
182	181	1	CATCATCATTAGTCTGGTCATTTT	1
183	182	1	ATCATCATTAGTCTGGTCATTTTG	1
184	183	1	TCATCATTAGTCTGGTCATTTTGC	1
185	184	1	CATCATTAGTCTGGTCATTTTGCT	1
186	185	1	ATCATTAGTCTGGTCATTTTGCTA	1
187	186	1	TCATTAGTCTGGTCATTTTGCTAC	1
188	187	1	CATTAGTCTGGTCATTTTGCTACT	1
189	188	1	ATTAGTCTGGTCATTTTGCTACTC	1
190	189	1	TTAGTCTGGTCATTTTGCTACTCT	1
191	190	1	TAGTCTGGTCATTTTGCTACTCTT	1
192	191	1	AGTCTGGTCATTTTGCTACTCTTT	1
193	192	1	GTCTGGTCATTTTGCTACTCTTTT	1
194	193	1	TCTGGTCATTTTGCTACTCTTTTA	1
195	194	1	CTGGTCATTTTGCTACTCTTTTAT	1
196	195	1	TGGTCATTTTGCTACTCTTTTATA	1
197	196	1	GGTCATTTTGCTACTCTTTTATAC	1
198	197	1	GTCATTTTGCTACTCTTTTATACT	1
199	198	1	TCATTTTGCTACTCTTTTATACTA	1
200	199	2	CATTTTGCTACTCTTTTATACTAA	1
201	200	2	ATTTTGCTACTCTTTTATACTAAA	1
202	201	2	TTTTGCTACTCTTTTATACTAAAC	1
203	202	2	TTTGCTACTCTTTTATACTAAACG	1
204	203	2	TTGCTACTCTTTTATACTAAACGT	1
205	204	2	TGCTACTCTTTTATACTAAACGTT	1
206	205	3	GCTACTCTTTTATACTAAACGTTA	1
207	206	3	CTACTCTTTTATACTAAACGTTAG	1
208	207	3	TACTCTTTTATACTAAACGTTAGT	1
209	208	3	ACTCTTTTATACTAAACGTTAGTT	1
210	209	3	CTCTTTTATACTAAACGTTAGTTT	1
211	210	3	TCTTTTATACTAAACGTTAGTTTT	1
212	211	3	CTTTTATACTAAACGTTAGTTTTT	1
213	212	3	TTTTATACTAAACGTTAGTTTTTT	1
214	213	3	TTTATACTAAACGTTAGTTTTTTT	1
215	214	3	TTATACTAAACGTTAGTTTTTTTT	1
216	215	3	TATACTAAACGTTAGTTTTTTTTG	1
217	216	3	ATACTAAACGTTAGTTTTTTTTGT	1
218	217	3	TACTAAACGTTAGTTTTTTTTGTG	1
219	218	2	ACTAAACGTTAGTTTTTTTTGTGC	1
220	219	2	CTAAACGTTAGTTTTTTTTGTGCG	1
221	220	2	TAAACGTTAGTTTTTTTTGTGCGC	1
222	221	1	AAACGTTAGTTTTTTTTGTGCGCC	1
223	222	1	AACGTTAGTTTTTTTTGTGCGCCT	1
224	223	1	ACGTTAGTTTTTTTTGTGCGCCTG	1
225	224	1	CGTTAGTTTTTTTTGTGCGCCTGA	1
226	225	2	GTTAGTTTTTTTTGTGCGCCTGAT	1
227	226	2	TTAGTTTTTTTTGTGCGCCTGATG	1
228	227	3	TAGTTTTTTTTGTGCGCCTGATGG	1
229	228	3	AGTTTTTTTTGTGCGCCTGATGGT	1
230	229	3	GTTTTTTTTGTGCGCCTGATGGTT	1
231	230	3	TTTTTTTTGTGCGCCTGATGGTTT	1
232	231	3	TTTTTTTGTGCGCCTGATGGTTTC	1
233	232	3	TTTTTTGTGCGCCTGATGGTTTCT	1
234	233	3	TTTTTGTGCGCCTGATGGTTTCTA	1
235	234	3	TTTTGTGCGCCTGATGGTTTCTAA	1
236	235	3	TTTGTGCGCCTGATGGTTTCTAAA	1
237	236	3	TTGTGCGCCTGATGGTTTCTAAAA	1
238	237	3	TGTGCGCCTGATGGTTTCTAAAAA	1
239	238	3	GTGCGCCTGATGGTTTCTAAAAAG	1
240	239	3	TGCGCCTGATGGTTTCTAAAAAGT	1
241	240	3	GCGCCTGATGGTTTCTAAAAAGTC	1
242	241	3	CGCCTGATGGTTTCTAAAAAGTCA	1
243	242	3	GCCTGATGGTTTCTAAAAAGTCAC	1
244	243	2	CCTGATGGTTTCTAAAAAGTCACG	1
245	244	2	CTGATGGTTTCTAAAAAGTCACGC	1
246	245	2	TGATGGTTTCTAAAAAGTCACGCA	1
247	246	2	GATGGTTTCTAAAAAGTCACGCAT	1
248	247	2	ATGGTTTCTAAAAAGTCACGCATG	1
249	248	2	TGGTTTCTAAAAAGTCACGCATGT	1
250	249	2	GGTTTCTAAAAAGTCACGCATGTC	1
251	250	2	GTTTCTAAAAAGTCACGCATGTCT	1
252	251	1	TTTCTAAAAAGTCACGCATGTCTT	1
253	252	1	TTCTAAAAAGTCACGCATGTCTTG	1
254	253	1	TCTAAAAAGTCACGCATGTCTTGT	1
255	254	1	CTAAAAAGTCACGCATGTCTTGTT	1
256	255	1	TAAAAAGTCACGCATGTCTTGTTC	1
257	256	1	AAAAAGTCACGCATGTCTTGTTCA	1
258	257	1	AAAAGTCACGCATGTCTTGTTCAT	1
259	258	1	AAAGTCACGCATGTCTTGTTCATA	1
260	259	1	AAGTCACGCATGTCTTGTTCATAG	1
261	260	1	AGTCACGCATGTCTTGTTCATAGC	1
262	261	1	GTCACGCATGTCTTGTTCATAGCT	1
263	262	1	TCACGCATGTCTTGTTCATAGCTG	1
264	263	1	CACGCATGTCTTGTTCATAGCTGA	1
265	264	1	ACGCATGTCTTGTTCATAGCTGAT	1
266	265	1	CGCATGTCTTGTTCATAGCTGATC	1
267	266	1	GCATGTCTTGTTCATAGCTGATCA	1
268	267	1	CATGTCTTGTTCATAGCTGATCAT	1
269	268	1	ATGTCTTGTTCATAGCTGATCATC	1
270	269	1	TGTCTTGTTCATAGCTGATCATCA	1
271	270	1	GTCTTGTTCATAGCTGATCATCAC	1
272	-1	0	GCGTTGCACAACTCTCCGTTGCTG	1
273	272	1	CGTTGCACAACTCTCCGTTGCTGC	1
274	273	1	GTTGCACAACTCTCCGTTGCTGCT	1
275	274	1	TTGCACAACTCTCCGTTGCTGCTT	1
276	275	1	TGCACAACTCTCCGTTGCTGCTTG	1
277	276	2	GCACAACTCTCCGTTGCTGCTTGC	1
278	277	2	CACAACTCTCCGTTGCTGCTTGCA	1
279	278	2	ACAACTCTCCGTTGCTGCTTGCAT	1
280	279	2	CAACTCTCCGTTGCTGCTTGCATG	1
281	280	2	AACTCTCCGTTGCTGCTTGCATGG	1
282	281	2	ACTCTCCGTTGCTGCTTGCATGGG	1
283	282	2	CTCTCCGTTGCTGCTTGCATGGGT	1
284	283	2	TCTCCGTTGCTGCTTGCATGGGTA	1
285	284	2	CTCCGTTGCTGCTTGCATGGGTAT	1
286	285	2	TCCGTTGCTGCTTGCATGGGTATT	1
287	286	2	CCGTTGCTGCTTGCATGGGTATTG	1
288	287	2	CGTTGCTGCTTGCATGGGTATTGC	1
289	288	2	GTTGCTGCTTGCATGGGTATTGCC	1
290	289	2	TTGCTGCTTGCATGGGTATTGCCG	1
291	290	2	TGCTGCTTGCATGGGTATTGCCGC	1
292	291	2	GCTGCTTGCATGGGTATTGCCGCT	1
293	292	2	CTGCTTGCATGGGTATTGCCGCTC	1
294	293	2	TGCTTGCATGGGTATTGCCGCTCT	1
295	294	2	GCTTGCATGGGTATTGCCGCTCTT	1
296	295	2	CTTGCATGGGTATTGCCGCTCTTA	1
297	296	2	TTGCATGGGTATTGCCGCTCTTAT	1
298	297	2	TGCATGGGTATTGCCGCTCTTATG	1
299	298	2	GCATGGGTATTGCCGCTCTTATGC	1
300	299	2	CATGGGTATTGCCGCTCTTATGCT	1
301	300	2	ATGGGTATTGCCGCTCTTATGCTT	1
302	301	2	TGGGTATTGCCGCTCTTATGCTTA	1
303	302	2	GGGTATTGCCGCTCTTATGCTTAT	1
304	303	2	GGTATTGCCGCTCTTATGCTTATT	1
305	304	2	GTATTGCCGCTCTTATGCTTATTG	1
306	305	2	TATTGCCGCTCTTATGCTTATTGC	1
307	306	2	ATTGCCGCTCTTATGCTTATTGCT	1
308	307	2	TTGCCGCTCTTATGCTTATTGCTT	1
309	308	2	TGCCGCTCTTATGCTTATTGCTTA	1
310	309	2	GCCGCTCTTATGCTTATTGCTTAA	1
311	310	2	CCGCTCTTATGCTTATTGCTTAAA	1
312	311	3	CGCTCTTATGCTTATTGCTTAAAG	1
313	312	3	GCTCTTATGCTTATTGCTTAAAGA	1
314	313	3	CTCTTATGCTTATTGCTTAAAGAA	1
315	314	3	TCTTATGCTTATTGCTTAAAGAAG	1
316	315	4	CTTATGCTTATTGCTTAAAGAAGC	1
317	316	3	TTATGCTTATTGCTTAAAGAAGCT	1
318	317	3	TATGCTTATTGCTTAAAGAAGCTG	1
319	318	3	ATGCTTATTGCTTAAAGAAGCTGA	1
320	319	3	TGCTTATTGCTTAAAGAAGCTGAC	1
321	320	2	GCTTATTGCTTAAAGAAGCTGACA	1
322	321	2	CTTATTGCTTAAAGAAGCTGACAA	1
323	322	2	TTATTGCTTAAAGAAGCTGACAAC	1
324	323	2	TATTGCTTAAAGAAGCTGACAACC	1
325	324	2	ATTGCTTAAAGAAGCTGACAACCG	1
326	325	2	TTGCTTAAAGAAGCTGACAACCGA	1
327	326	2	TGCTTAAAGAAGCTGACAACCGAG	1
328	327	2	GCTTAAAGAAGCTGACAACCGAGT	1
329	328	2	CTTAAAGAAGCTGACAACCGAGTT	1
330	329	2	TTAAAGAAGCTGACAACCGAGTTG	1
331	330	2	TAAAGAAGCTGACAACCGAGTTGG	1
332	331	2	AAAGAAGCTGACAACCGAGTTGGC	1
333	332	2	AAGAAGCTGACAACCGAGTTGGCC	1
334	333	2	AGAAGCTGACAACCGAGTTGGCCT	1
335	334	2	GAAGCTGACAACCGAGTTGGCCTA	1
336	335	2	AAGCTGACAACCGAGTTGGCCTAC	1
337	336	2	AGCTGACAACCGAGTTGGCCTACT	1
338	337	2	GCTGACAACCGAGTTGGCCTACTA	1
339	338	3	CTGACAACCGAGTTGGCCTACTAT	1
340	339	3	TGACAACCGAGTTGGCCTACTATG	1
341	340	4	GACAACCGAGTTGGCCTACTATGC	1
342	341	4	ACAACCGAGTTGGCCTACTATGCT	1
343	342	4	CAACCGAGTTGGCCTACTATGCTT	1
344	343	4	AACCGAGTTGGCCTACTATGCTTC	1
345	344	4	ACCGAGTTGGCCTACTATGCTTCA	1
346	345	4	CCGAGTTGGCCTACTATGCTTCAA	1
347	346	4	CGAGTTGGCCTACTATGCTTCAAC	1
348	347	4	GAGTTGGCCTACTATGCTTCAACC	1
349	348	4	AGTTGGCCTACTATGCTTCAACCT	1
350	349	4	GTTGGCCTACTATGCTTCAACCTT	1
351	350	5	TTGGCCTACTATGCTTCAACCTTC	1
352	351	5	TGGCCTACTATGCTTCAACCTTCG	1
353	352	5	GGCCTACTATGCTTCAACCTTCGA	1
354	353	5	GCCTACTATGCTTCAACCTTCGAA	1
355	354	5	CCTACTATGCTTCAACCTTCGAAT	1
356	355	4	CTACTATGCTTCAACCTTCGAATT	1
357	356	4	TACTATGCTTCAACCTTCGAATTA	1
358	357	4	ACTATGCTTCAACCTTCGAATTAC	1
359	358	4	CTATGCTTCAACCTTCGAATTACC	1
360	359	3	TATGCTTCAACCTTCGAATTACCA	1
361	360	3	ATGCTTCAACCTTCGAATTACCAC	1
362	361	3	TGCTTCAACCTTCGAATTACCACA	1
363	362	3	GCTTCAACCTTCGAATTACCACAG	1
364	363	3	CTTCAACCTTCGAATTACCACAGA	1
365	364	3	TTCAACCTTCGAATTACCACAGAG	1
366	365	3	TCAACCTTCGAATTACCACAGAGA	1
367	366	4	CAACCTTCGAATTACCACAGAGAA	1
368	367	4	AACCTTCGAATTACCACAGAGAAC	1
369	368	4	ACCTTCGAATTACCACAGAGAACC	1
370	369	4	CCTTCGAATTACCACAGAGAACCA	1
371	370	4	CTTCGAATTACCACAGAGAACCAT	1
372	371	4	TTCGAATTACCACAGAGAACCATT	1
373	372	4	TCGAATTACCACAGAGAACCATTG	1
374	373	4	CGAATTACCACAGAGAACCATTGA	1
375	374	4	GAATTACCACAGAGAACCATTGAA	1
376	375	4	AATTACCACAGAGAACCATTGAAA	1
377	376	4	ATTACCACAGAGAACCATTGAAAC	1
378	377	4	TTACCACAGAGAACCATTGAAACA	1
379	378	4	TACCACAGAGAACCATTGAAACAT	1
380	379	4	ACCACAGAGAACCATTGAAACATA	1
381	380	4	CCACAGAGAACCATTGAAACATAT	1
382	381	4	CACAGAGAACCATTGAAACATATT	1
383	382	3	ACAGAGAACCATTGAAACATATTT	1
384	383	3	CAGAGAACCATTGAAACATATTTC	1
385	384	3	AGAGAACCATTGAAACATATTTCG	1
386	385	3	GAGAACCATTGAAACATATTTCGA	1
387	386	3	AGAACCATTGAAACATATTTCGAA	1
388	387	3	GAACCATTGAAACATATTTCGAAA	1
389	388	3	AACCATTGAAACATATTTCGAAAA	1
390	389	3	ACCATTGAAACATATTTCGAAAAA	1
391	390	3	CCATTGAAACATATTTCGAAAAAA	1
392	391	4	CATTGAAACATATTTCGAAAAAAA	1
393	392	4	ATTGAAACATATTTCGAAAAAAAT	1
394	393	4	TTGAAACATATTTCGAAAAAAATA	1
395	394	3	TGAAACATATTTCGAAAAAAATAT	1
396	395	3	GAAACATATTTCGAAAAAAATATC	1
397	396	3	AAACATATTTCGAAAAAAATATCT	1
398	397	3	AACATATTTCGAAAAAAATATCTA	1
399	398	3	ACATATTTCGAAAAAAATATCTAT	1
400	399	3	CATATTTCGAAAAAAATATCTATC	1
401	400	3	ATATTTCGAAAAAAATATCTATCT	1
402	401	3	TATTTCGAAAAAAATATCTATCTA	1
403	402	3	ATTTCGAAAAAAATATCTATCTAG	1
404	403	3	TTTCGAAAAAAATATCTATCTAGT	1
405	404	3	TTCGAAAAAAATATCTATCTAGTT	1
406	405	3	TCGAAAAAAATATCTATCTAGTTC	1
407	406	3	CGAAAAAAATATCTATCTAGTTCA	1
408	407	3	GAAAAAAATATCTATCTAGTTCAT	1
409	408	3	AAAAAAATATCTATCTAGTTCATC	1
410	409	3	AAAAAATATCTATCTAGTTCATCT	1
411	410	2	AAAAATATCTATCTAGTTCATCTA	1
412	411	2	AAAATATCTATCTAGTTCATCTAC	1
413	412	2	AAATATCTATCTAGTTCATCTACT	1
414	413	2	AATATCTATCTAGTTCATCTACTC	1
415	414	2	ATATCTATCTAGTTCATCTACTCA	1
416	415	2	TATCTATCTAGTTCATCTACTCAT	1
417	416	2	ATCTATCTAGTTCATCTACTCATC	1
418	417	2	TCTATCTAGTTCATCTACTCATCG	1
419	418	2	CTATCTAGTTCATCTACTCATCGC	1
420	419	2	TATCTAGTTCATCTACTCATCGCT	1
421	420	2	ATCTAGTTCATCTACTCATCGCTA	1
422	421	2	TCTAGTTCATCTACTCATCGCTAC	1
423	422	2	CTAGTTCATCTACTCATCGCTACA	1
424	423	2	TAGTTCATCTACTCATCGCTACAT	1
425	424	2	AGTTCATCTACTCATCGCTACATA	1
426	425	2	GTTCATCTACTCATCGCTACATAT	1
427	426	2	TTCATCTACTCATCGCTACATATG	1
428	427	2	TCATCTACTCATCGCTACATATGA	1
429	428	1	CATCTACTCATCGCTACATATGAG	1
430	429	1	ATCTACTCATCGCTACATATGAGG	1
431	430	1	TCTACTCATCGCTACATATGAGGG	1
432	431	1	CTACTCATCGCTACATATGAGGGG	1
433	432	1	TACTCATCGCTACATATGAGGGGC	1
434	433	1	ACTCATCGCTACATATGAGGGGCG	1
435	434	1	CTCATCGCTACATATGAGGGGCGC	1
436	-1	0	TACTTGTATCGTTCTTTGTACAAG	1
437	436	1	ACTTGTATCGTTCTTTGTACAAGC	1
438	437	1	CTTGTATCGTTCTTTGTACAAGCT	1
439	438	4	TTGTATCGTTCTTTGTACAAGCTT	1
440	439	5	TGTATCGTTCTTTGTACAAGCTTT	1
441	440	5	GTATCGTTCTTTGTACAAGCTTTT	1
442	441	5	TATCGTTCTTTGTACAAGCTTTTG	1
443	442	5	ATCGTTCTTTGTACAAGCTTTTGC	1
444	443	5	TCGTTCTTTGTACAAGCTTTTGCT	1
445	444	5	CGTTCTTTGTACAAGCTTTTGCTG	1
446	445	6	GTTCTTTGTACAAGCTTTTGCTGT	1
447	446	6	TTCTTTGTACAAGCTTTTGCTGTT	1
448	447	6	TCTTTGTACAAGCTTTTGCTGTTT	1
449	448	6	CTTTGTACAAGCTTTTGCTGTTTA	1
450	449	6	TTTGTACAAGCTTTTGCTGTTTAA	1
451	450	6	TTGTACAAGCTTTTGCTGTTTAAT	1
452	451	6	TGTACAAGCTTTTGCTGTTTAATT	1
453	452	6	GTACAAGCTTTTGCTGTTTAATTG	1
454	453	6	TACAAGCTTTTGCTGTTTAATTGA	1
455	454	6	ACAAGCTTTTGCTGTTTAATTGAG	1
456	455	6	CAAGCTTTTGCTGTTTAATTGAGC	1
457	456	6	AAGCTTTTGCTGTTTAATTGAGCG	1
458	457	6	AGCTTTTGCTGTTTAATTGAGCGA	1
459	458	6	GCTTTTGCTGTTTAATTGAGCGAG	1
460	459	6	CTTTTGCTGTTTAATTGAGCGAGC	1
461	460	6	TTTTGCTGTTTAATTGAGCGAGCG	1
462	461	6	TTTGCTGTTTAATTGAGCGAGCGG	1
463	462	5	TTGCTGTTTAATTGAGCGAGCGGT	1
464	463	5	TGCTGTTTAATTGAGCGAGCGGTT	1
465	464	5	GCTGTTTAATTGAGCGAGCGGTTT	1
466	465	5	CTGTTTAATTGAGCGAGCGGTTTT	1
467	466	5	TGTTTAATTGAGCGAGCGGTTTTC	1
468	467	5	GTTTAATTGAGCGAGCGGTTTTCA	1
469	468	5	TTTAATTGAGCGAGCGGTTTTCAT	1
470	469	5	TTAATTGAGCGAGCGGTTTTCATT	1
471	470	5	TAATTGAGCGAGCGGTTTTCATTT	1
472	471	5	AATTGAGCGAGCGGTTTTCATTTA	1
473	472	5	ATTGAGCGAGCGGTTTTCATTTAA	1
474	473	5	TTGAGCGAGCGGTTTTCATTTAAA	1
475	474	5	TGAGCGAGCGGTTTTCATTTAAAC	1
476	475	5	GAGCGAGCGGTTTTCATTTAAACA	1
477	476	5	AGCGAGCGGTTTTCATTTAAACAT	1
478	477	5	GCGAGCGGTTTTCATTTAAACATC	1
479	478	5	CGAGCGGTTTTCATTTAAACATCT	1
480	479	5	GAGCGGTTTTCATTTAAACATCTT	1
481	480	5	AGCGGTTTTCATTTAAACATCTTT	1
482	481	6	GCGGTTTTCATTTAAACATCTTTC	1
483	482	4	CGGTTTTCATTTAAACATCTTTCT	1
484	483	3	GGTTTTCATTTAAACATCTTTCTT	1
485	484	3	GTTTTCATTTAAACATCTTTCTTT	1
486	485	3	TTTTCATTTAAACATCTTTCTTTT	1
487	486	3	TTTCATTTAAACATCTTTCTTTTT	1
488	487	3	TTCATTTAAACATCTTTCTTTTTA	1
489	488	3	TCATTTAAACATCTTTCTTTTTAT	1
490	489	2	CATTTAAACATCTTTCTTTTTATT	1
491	490	2	ATTTAAACATCTTTCTTTTTATTT	1
492	491	2	TTTAAACATCTTTCTTTTTATTTC	1
493	492	2	TTAAACATCTTTCTTTTTATTTCA	1
494	493	2	TAAACATCTTTCTTTTTATTTCAT	1
495	494	2	AAACATCTTTCTTTTTATTTCATT	1
496	495	2	AACATCTTTCTTTTTATTTCATTT	1
497	496	2	ACATCTTTCTTTTTATTTCATTTA	1
498	497	2	CATCTTTCTTTTTATTTCATTTAA	1
499	498	3	ATCTTTCTTTTTATTTCATTTAAT	1
500	499	3	TCTTTCTTTTTATTTCATTTAATA	1
501	500	3	CTTTCTTTTTATTTCATTTAATAT	1
502	501	3	TTTCTTTTTATTTCATTTAATATA	1
503	502	3	TTCTTTTTATTTCATTTAATATAA	1
504	503	3	TCTTTTTATTTCATTTAATATAAA	1
505	504	3	CTTTTTATTTCATTTAATATAAAC	1
506	505	3	TTTTTATTTCATTTAATATAAACA	1
507	506	3	TTTTATTTCATTTAATATAAACAA	1
508	507	3	TTTATTTCATTTAATATAAACAAA	1
509	508	3	TTATTTCATTTAATATAAACAAAT	1
510	509	3	TATTTCATTTAATATAAACAAATT	1
511	510	3	ATTTCATTTAATATAAACAAATTA	1
512	511	3	TTTCATTTAATATAAACAAATTAA	1
513	512	3	TTCATTTAATATAAACAAATTAAT	1
514	513	3	TCATTTAATATAAACAAATTAATT	1
515	514	3	CATTTAATATAAACAAATTAATTT	1
516	515	3	ATTTAATATAAACAAATTAATTTC	1
517	516	3	TTTAATATAAACAAATTAATTTCA	1
518	517	3	TTAATATAAACAAATTAATTTCAT	1
519	518	3	TAATATAAACAAATTAATTTCATT	1
520	519	3	AATATAAACAAATTAATTTCATTA	1
521	520	3	ATATAAACAAATTAATTTCATTAA	1
522	521	3	TATAAACAAATTAATTTCATTAAT	1
523	522	3	ATAAACAAATTAATTTCATTAATT	1
524	523	3	TAAACAAATTAATTTCATTAATTT	1
525	524	3	AAACAAATTAATTTCATTAATTTT	1
526	525	2	AACAAATTAATTTCATTAATTTTC	1
527	526	1	ACAAATTAATTTCATTAATTTTCA	1
528	527	1	CAAATTAATTTCATTAATTTTCAT	1
529	528	1	AAATTAATTTCATTAATTTTCATC	1
530	529	1	AATTAATTTCATTAATTTTCATCT	1
531	530	1	ATTAATTTCATTAATTTTCATCTT	1
532	531	2	TTAATTTCATTAATTTTCATCTTT	1
533	532	2	TAATTTCATTAATTTTCATCTTTT	1
534	533	2	AATTTCATTAATTTTCATCTTTTC	1
535	534	2	ATTTCATTAATTTTCATCTTTTCT	1
536	535	2	TTTCATTAATTTTCATCTTTTCTT	1
537	536	2	TTCATTAATTTTCATCTTTTCTTT	1
538	537	2	TCATTAATTTTCATCTTTTCTTTC	1
539	538	2	CATTAATTTTCATCTTTTCTTTCT	1
540	539	2	ATTAATTTTCATCTTTTCTTTCTC	1
541	540	2	TTAATTTTCATCTTTTCTTTCTCA	1
542	541	2	TAATTTTCATCTTTTCTTTCTCAT	1
543	542	1	AATTTTCATCTTTTCTTTCTCATT	1
544	543	1	ATTTTCATCTTTTCTTTCTCATTT	1
545	544	1	TTTTCATCTTTTCTTTCTCATTTC	1
546	545	1	TTTCATCTTTTCTTTCTCATTTCT	1
547	546	1	TTCATCTTTTCTTTCTCATTTCTT	1
548	547	1	TCATCTTTTCTTTCTCATTTCTTT	1
549	548	1	CATCTTTTCTTTCTCATTTCTTTT	1
550	549	1	ATCTTTTCTTTCTCATTTCTTTTA	1
551	550	1	TCTTTTCTTTCTCATTTCTTTTAA	1
552	551	1	CTTTTCTTTCTCATTTCTTTTAAG	1
553	552	1	TTTTCTTTCTCATTTCTTTTAAGT	1
554	553	2	TTTCTTTCTCATTTCTTTTAAGTA	1
555	554	2	TTCTTTCTCATTTCTTTTAAGTAA	1
556	555	2	TCTTTCTCATTTCTTTTAAGTAAT	1
557	556	2	CTTTCTCATTTCTTTTAAGTAATC	1
558	557	2	TTTCTCATTTCTTTTAAGTAATCG	1
559	558	2	TTCTCATTTCTTTTAAGTAATCGT	1
560	559	2	TCTCATTTCTTTTAAGTAATCGTG	1
561	560	2	CTCATTTCTTTTAAGTAATCGTGA	1
562	561	2	TCATTTCTTTTAAGTAATCGTGAA	1
563	562	2	CATTTCTTTTAAGTAATCGTGAAA	1
564	563	2	ATTTCTTTTAAGTAATCGTGAAAA	1
565	564	2	TTTCTTTTAAGTAATCGTGAAAAT	1
566	565	2	TTCTTTTAAGTAATCGTGAAAATG	1
567	566	2	TCTTTTAAGTAATCGTGAAAATGC	1
568	567	2	CTTTTAAGTAATCGTGAAAATGCT	1
569	568	2	TTTTAAGTAATCGTGAAAATGCTT	1
570	569	2	TTTAAGTAATCGTGAAAATGCTTG	1
571	570	2	TTAAGTAATCGTGAAAATGCTTGC	1
572	571	2	TAAGTAATCGTGAAAATGCTTGCT	1
573	572	2	AAGTAATCGTGAAAATGCTTGCTC	1
574	573	2	AGTAATCGTGAAAATGCTTGCTCG	1
575	574	3	GTAATCGTGAAAATGCTTGCTCGT	1
576	575	2	TAATCGTGAAAATGCTTGCTCGTG	1
577	576	2	AATCGTGAAAATGCTTGCTCGTGT	1
578	577	2	ATCGTGAAAATGCTTGCTCGTGTC	1
579	578	1	TCGTGAAAATGCTTGCTCGTGTCG	1
580	579	2	CGTGAAAATGCTTGCTCGTGTCGG	1
581	580	2	GTGAAAATGCTTGCTCGTGTCGGT	1
582	581	2	TGAAAATGCTTGCTCGTGTCGGTA	1
583	582	2	GAAAATGCTTGCTCGTGTCGGTAC	1
584	583	3	AAAATGCTTGCTCGTGTCGGTACC	1
585	584	3	AAATGCTTGCTCGTGTCGGTACCA	1
586	585	3	AATGCTTGCTCGTGTCGGTACCAC	1
587	586	4	ATGCTTGCTCGTGTCGGTACCACT	1
588	587	4	TGCTTGCTCGTGTCGGTACCACTT	1
589	588	4	GCTTGCTCGTGTCGGTACCACTTT	1
590	589	5	CTTGCTCGTGTCGGTACCACTTTA	1
591	590	5	TTGCTCGTGTCGGTACCACTTTAT	1
592	591	5	TGCTCGTGTCGGTACCACTTTATT	1
593	592	5	GCTCGTGTCGGTACCACTTTATTC	1
594	593	5	CTCGTGTCGGTACCACTTTATTCT	1
595	594	5	TCGTGTCGGTACCACTTTATTCTT	1
596	595	5	CGTGTCGGTACCACTTTATTCTTT	1
597	596	6	GTGTCGGTACCACTTTATTCTTTC	1
598	597	5	TGTCGGTACCACTTTATTCTTTCT	1
599	598	5	GTCGGTACCACTTTATTCTTTCTT	1
600	599	5	TCGGTACCACTTTATTCTTTCTTG	1
601	600	5	CGGTACCACTTTATTCTTTCTTGC	1
602	601	5	GGTACCACTTTATTCTTTCTTGCT	1
603	602	5	GTACCACTTTATTCTTTCTTGCTA	1
604	603	6	TACCACTTTATTCTTTCTTGCTAA	1
605	604	6	ACCACTTTATTCTTTCTTGCTAAT	1
606	605	6	CCACTTTATTCTTTCTTGCTAATG	1
607	606	6	CACTTTATTCTTTCTTGCTAATGC	1
608	607	6	ACTTTATTCTTTCTTGCTAATGCA	1
609	608	6	CTTTATTCTTTCTTGCTAATGCAC	1
610	609	6	TTTATTCTTTCTTGCTAATGCACT	1
611	610	6	TTATTCTTTCTTGCTAATGCACTT	1
612	611	6	TATTCTTTCTTGCTAATGCACTTG	1
613	612	6	ATTCTTTCTTGCTAATGCACTTGC	1
614	613	6	TTCTTTCTTGCTAATGCACTTGCT	1
615	614	6	TCTTTCTTGCTAATGCACTTGCTG	1
616	615	6	CTTTCTTGCTAATGCACTTGCTGC	1
617	616	7	TTTCTTGCTAATGCACTTGCTGCT	1
618	617	6	TTCTTGCTAATGCACTTGCTGCTT	1
619	618	6	TCTTGCTAATGCACTTGCTGCTTA	1
620	619	6	CTTGCTAATGCACTTGCTGCTTAT	1
621	620	6	TTGCTAATGCACTTGCTGCTTATG	1
622	621	6	TGCTAATGCACTTGCTGCTTATGC	1
623	622	6	GCTAATGCACTTGCTGCTTATGCC	1
624	623	5	CTAATGCACTTGCTGCTTATGCCG	1
625	624	5	TAATGCACTTGCTGCTTATGCCGT	1
626	625	5	AATGCACTTGCTGCTTATGCCGTC	1
627	626	5	ATGCACTTGCTGCTTATGCCGTCT	1
628	627	4	TGCACTTGCTGCTTATGCCGTCTC	1
629	628	4	GCACTTGCTGCTTATGCCGTCTCT	1
630	629	4	CACTTGCTGCTTATGCCGTCTCTG	1
631	630	3	ACTTGCTGCTTATGCCGTCTCTGT	1
632	631	3	CTTGCTGCTTATGCCGTCTCTGTC	1
633	632	3	TTGCTGCTTATGCCGTCTCTGTCA	1
634	633	2	TGCTGCTTATGCCGTCTCTGTCAC	1
635	634	2	GCTGCTTATGCCGTCTCTGTCACT	1
636	635	2	CTGCTTATGCCGTCTCTGTCACTT	1
637	636	2	TGCTTATGCCGTCTCTGTCACTTC	1
638	637	2	GCTTATGCCGTCTCTGTCACTTCT	1
639	638	2	CTTATGCCGTCTCTGTCACTTCTC	1
640	639	2	TTATGCCGTCTCTGTCACTTCTCC	1
641	640	1	TATGCCGTCTCTGTCACTTCTCCT	1
642	641	1	ATGCCGTCTCTGTCACTTCTCCTA	1
643	642	1	TGCCGTCTCTGTCACTTCTCCTAC	1
644	643	1	GCCGTCTCTGTCACTTCTCCTACT	1
645	644	1	CCGTCTCTGTCACTTCTCCTACTC	1
646	645	1	CGTCTCTGTCACTTCTCCTACTCG	1
647	646	1	GTCTCTGTCACTTCTCCTACTCGT	1
648	647	1	TCTCTGTCACTTCTCCTACTCGTG	1
649	648	1	CTCTGTCACTTCTCCTACTCGTGA	1
650	649	1	TCTGTCACTTCTCCTACTCGTGAC	1
651	650	1	CTGTCACTTCTCCTACTCGTGACA	1
652	651	1	TGTCACTTCTCCTACTCGTGACAC	1
653	652	1	GTCACTTCTCCTACTCGTGACACC	1
654	653	2	TCACTTCTCCTACTCGTGACACCA	1
655	654	2	CACTTCTCCTACTCGTGACACCAC	1
656	655	2	ACTTCTCCTACTCGTGACACCACC	1
657	656	2	CTTCTCCTACTCGTGACACCACCT	1
658	657	2	TTCTCCTACTCGTGACACCACCTG	1
659	658	2	TCTCCTACTCGTGACACCACCTGG	1
660	659	2	CTCCTACTCGTGACACCACCTGGC	1
661	660	1	TCCTACTCGTGACACCACCTGGCA	1
662	661	1	CCTACTCGTGACACCACCTGGCAA	1
663	662	1	CTACTCGTGACACCACCTGGCAAT	1
664	663	1	TACTCGTGACACCACCTGGCAATC	1
665	664	1	ACTCGTGACACCACCTGGCAATCC	1
666	665	1	CTCGTGACACCACCTGGCAATCCG	1
667	666	1	TCGTGACACCACCTGGCAATCCGG	1
668	667	1	CGTGACACCACCTGGCAATCCGGC	1
669	668	2	GTGACACCACCTGGCAATCCGGCC	1
670	669	3	TGACACCACCTGGCAATCCGGCCA	1
671	670	3	GACACCACCTGGCAATCCGGCCAA	1
672	671	3	ACACCACCTGGCAATCCGGCCAAG	1
673	672	3	CACCACCTGGCAATCCGGCCAAGT	1
674	673	3	ACCACCTGGCAATCCGGCCAAGTG	1
675	674	3	CCACCTGGCAATCCGGCCAAGTGA	1
676	675	3	CACCTGGCAATCCGGCCAAGTGAA	1
677	676	3	ACCTGGCAATCCGGCCAAGTGAAC	1
678	677	3	CCTGGCAATCCGGCCAAGTGAACA	1
679	678	3	CTGGCAATCCGGCCAAGTGAACAC	1
680	679	4	TGGCAATCCGGCCAAGTGAACACC	1
681	680	4	GGCAATCCGGCCAAGTGAACACCG	1
682	681	4	GCAATCCGGCCAAGTGAACACCGT	1
683	682	4	CAATCCGGCCAAGTGAACACCGTC	1
684	683	4	AATCCGGCCAAGTGAACACCGTCA	1
685	684	4	ATCCGGCCAAGTGAACACCGTCAC	1
686	685	4	TCCGGCCAAGTGAACACCGTCACC	1
687	686	4	CCGGCCAAGTGAACACCGTCACCT	1
688	687	5	CGGCCAAGTGAACACCGTCACCTG	1
689	688	5	GGCCAAGTGAACACCGTCACCTGG	1
690	689	6	GCCAAGTGAACACCGTCACCTGGT	1
691	690	6	CCAAGTGAACACCGTCACCTGGTC	1
692	691	6	CAAGTGAACACCGTCACCTGGTCT	1
693	692	6	AAGTGAACACCGTCACCTGGTCTT	1
694	693	6	AGTGAACACCGTCACCTGGTCTTC	1
695	694	6	GTGAACACCGTCACCTGGTCTTCT	1
696	695	6	TGAACACCGTCACCTGGTCTTCTG	1
697	696	6	GAACACCGTCACCTGGTCTTCTGT	1
698	697	5	AACACCGTCACCTGGTCTTCTGTC	1
699	698	5	ACACCGTCACCTGGTCTTCTGTCA	1
700	699	5	CACCGTCACCTGGTCTTCTGTCAG	1
701	700	5	ACCGTCACCTGGTCTTCTGTCAGC	1
702	701	5	CCGTCACCTGGTCTTCTGTCAGCA	1
703	702	5	CGTCACCTGGTCTTCTGTCAGCAC	1
704	703	5	GTCACCTGGTCTTCTGTCAGCACT	1
705	704	5	TCACCTGGTCTTCTGTCAGCACTG	1
706	705	5	CACCTGGTCTTCTGTCAGCACTGA	1
707	706	5	ACCTGGTCTTCTGTCAGCACTGAT	1
708	707	5	CCTGGTCTTCTGTCAGCACTGATC	1
709	708	5	CTGGTCTTCTGTCAGCACTGATCC	1
710	709	5	TGGTCTTCTGTCAGCACTGATCCC	1
711	710	5	GGTCTTCTGTCAGCACTGATCCCG	1
712	711	5	GTCTTCTGTCAGCACTGATCCCGA	1
713	712	4	TCTTCTGTCAGCACTGATCCCGAG	1
714	713	3	CTTCTGTCAGCACTGATCCCGAGG	1
715	714	3	TTCTGTCAGCACTGATCCCGAGGA	1
716	715	3	TCTGTCAGCACTGATCCCGAGGAG	1
717	716	3	CTGTCAGCACTGATCCCGAGGAGA	1
718	717	3	TGTCAGCACTGATCCCGAGGAGAT	1
719	718	3	GTCAGCACTGATCCCGAGGAGATG	1
720	719	3	TCAGCACTGATCCCGAGGAGATGG	1
721	720	4	CAGCACTGATCCCGAGGAGATGGT	1
722	721	4	AGCACTGATCCCGAGGAGATGGTT	1
723	722	4	GCACTGATCCCGAGGAGATGGTTA	1
724	723	3	CACTGATCCCGAGGAGATGGTTAT	1
725	724	3	ACTGATCCCGAGGAGATGGTTATT	1
726	725	3	CTGATCCCGAGGAGATGGTTATTA	1
727	726	3	TGATCCCGAGGAGATGGTTATTAT	1
728	727	3	GATCCCGAGGAGATGGTTATTATG	1
729	728	3	ATCCCGAGGAGATGGTTATTATGT	1
730	729	3	TCCCGAGGAGATGGTTATTATGTT	1
731	730	3	CCCGAGGAGATGGTTATTATGTTG	1
732	731	2	CCGAGGAGATGGTTATTATGTTGG	1
733	732	2	CGAGGAGATGGTTATTATGTTGGT	1
734	733	1	GAGGAGATGGTTATTATGTTGGTG	1
735	734	2	AGGAGATGGTTATTATGTTGGTGA	1
736	735	2	GGAGATGGTTATTATGTTGGTGAA	1
737	736	2	GAGATGGTTATTATGTTGGTGAAC	1
738	737	2	AGATGGTTATTATGTTGGTGAACA	1
739	738	2	GATGGTTATTATGTTGGTGAACAA	1
740	739	2	ATGGTTATTATGTTGGTGAACAAT	1
741	740	2	TGGTTATTATGTTGGTGAACAATG	1
742	741	2	GGTTATTATGTTGGTGAACAATGC	1
743	742	2	GTTATTATGTTGGTGAACAATGCT	1
744	743	2	TTATTATGTTGGTGAACAATGCTC	1
745	744	2	TATTATGTTGGTGAACAATGCTCA	1
746	745	2	ATTATGTTGGTGAACAATGCTCAT	1
747	746	2	TTATGTTGGTGAACAATGCTCATT	1
748	747	2	TATGTTGGTGAACAATGCTCATTA	1
749	748	2	ATGTTGGTGAACAATGCTCATTAT	1
750	749	2	TGTTGGTGAACAATGCTCATTATC	1
751	750	2	GTTGGTGAACAATGCTCATTATCC	1
752	751	2	TTGGTGAACAATGCTCATTATCCC	1
753	752	2	TGGTGAACAATGCTCATTATCCCA	1
754	753	2	GGTGAACAATGCTCATTATCCCAA	1
755	754	2	GTGAACAATGCTCATTATCCCAAC	1
756	755	2	TGAACAATGCTCATTATCCCAACC	1
757	756	2	GAACAATGCTCATTATCCCAACCA	1
758	757	2	AACAATGCTCATTATCCCAACCAA	1
759	758	2	ACAATGCTCATTATCCCAACCAAA	1
760	759	2	CAATGCTCATTATCCCAACCAAAA	1
761	760	2	AATGCTCATTATCCCAACCAAAAC	1
762	761	2	ATGCTCATTATCCCAACCAAAACT	1
763	762	2	TGCTCATTATCCCAACCAAAACTT	1
764	763	2	GCTCATTATCCCAACCAAAACTTT	1
765	764	2	CTCATTATCCCAACCAAAACTTTA	1
766	765	2	TCATTATCCCAACCAAAACTTTAA	1
767	766	2	CATTATCCCAACCAAAACTTTAAT	1
768	767	2	ATTATCCCAACCAAAACTTTAATC	1
769	768	2	TTATCCCAACCAAAACTTTAATCT	1
770	769	2	TATCCCAACCAAAACTTTAATCTC	1
771	770	1	ATCCCAACCAAAACTTTAATCTCG	1
772	771	1	TCCCAACCAAAACTTTAATCTCGG	1
773	772	1	CCCAACCAAAACTTTAATCTCGGA	1
774	773	2	CCAACCAAAACTTTAATCTCGGAA	1
775	774	2	CAACCAAAACTTTAATCTCGGAAC	1
776	775	2	AACCAAAACTTTAATCTCGGAACT	1
777	776	2	ACCAAAACTTTAATCTCGGAACTG	1
778	777	2	CCAAAACTTTAATCTCGGAACTGT	1
779	778	2	CAAAACTTTAATCTCGGAACTGTC	1
780	779	2	AAAACTTTAATCTCGGAACTGTCC	1
781	780	2	AAACTTTAATCTCGGAACTGTCCA	1
782	781	2	AACTTTAATCTCGGAACTGTCCAA	1
783	782	2	ACTTTAATCTCGGAACTGTCCAAT	1
784	783	3	CTTTAATCTCGGAACTGTCCAATC	1
785	784	3	TTTAATCTCGGAACTGTCCAATCC	1
786	785	3	TTAATCTCGGAACTGTCCAATCCT	1
787	786	3	TAATCTCGGAACTGTCCAATCCTC	1
788	787	3	AATCTCGGAACTGTCCAATCCTCC	1
789	788	3	ATCTCGGAACTGTCCAATCCTCCG	1
790	789	4	TCTCGGAACTGTCCAATCCTCCGC	1
791	790	4	CTCGGAACTGTCCAATCCTCCGCT	1
792	791	4	TCGGAACTGTCCAATCCTCCGCTG	1
793	792	4	CGGAACTGTCCAATCCTCCGCTGG	1
794	793	4	GGAACTGTCCAATCCTCCGCTGGA	1
795	794	4	GAACTGTCCAATCCTCCGCTGGAT	1
796	795	4	AACTGTCCAATCCTCCGCTGGATC	1
797	796	4	ACTGTCCAATCCTCCGCTGGATCT	1
798	797	4	CTGTCCAATCCTCCGCTGGATCTT	1
799	798	4	TGTCCAATCCTCCGCTGGATCTTT	1
800	799	4	GTCCAATCCTCCGCTGGATCTTTG	1
801	800	5	TCCAATCCTCCGCTGGATCTTTGG	1
802	801	5	CCAATCCTCCGCTGGATCTTTGGA	1
803	802	5	CAATCCTCCGCTGGATCTTTGGAT	1
804	803	5	AATCCTCCGCTGGATCTTTGGATA	1
805	804	5	ATCCTCCGCTGGATCTTTGGATAC	1
806	805	5	TCCTCCGCTGGATCTTTGGATACC	1
807	806	5	CCTCCGCTGGATCTTTGGATACCG	1
808	807	5	CTCCGCTGGATCTTTGGATACCGA	1
809	808	4	TCCGCTGGATCTTTGGATACCGAC	1
810	809	4	CCGCTGGATCTTTGGATACCGACA	1
811	810	4	CGCTGGATCTTTGGATACCGACAT	1
812	811	4	GCTGGATCTTTGGATACCGACATC	1
813	812	4	CTGGATCTTTGGATACCGACATCT	1
814	813	4	TGGATCTTTGGATACCGACATCTC	1
815	814	4	GGATCTTTGGATACCGACATCTCC	1
816	815	4	GATCTTTGGATACCGACATCTCCA	1
817	816	4	ATCTTTGGATACCGACATCTCCAT	1
818	817	4	TCTTTGGATACCGACATCTCCATC	1
819	818	4	CTTTGGATACCGACATCTCCATCT	1
820	819	4	TTTGGATACCGACATCTCCATCTC	1
821	820	6	TTGGATACCGACATCTCCATCTCT	1
822	821	6	TGGATACCGACATCTCCATCTCTT	1
823	822	6	GGATACCGACATCTCCATCTCTTC	1
824	823	6	GATACCGACATCTCCATCTCTTCT	1
825	824	7	ATACCGACATCTCCATCTCTTCTG	1
826	825	7	TACCGACATCTCCATCTCTTCTGA	1
827	826	7	ACCGACATCTCCATCTCTTCTGAT	1
828	827	6	CCGACATCTCCATCTCTTCTGATC	1
829	828	7	CGACATCTCCATCTCTTCTGATCT	1
830	829	7	GACATCTCCATCTCTTCTGATCTC	1
831	830	7	ACATCTCCATCTCTTCTGATCTCC	1
832	831	7	CATCTCCATCTCTTCTGATCTCCC	1
833	832	7	ATCTCCATCTCTTCTGATCTCCCC	1
834	833	6	TCTCCATCTCTTCTGATCTCCCCA	1
835	834	6	CTCCATCTCTTCTGATCTCCCCAC	1
836	835	6	TCCATCTCTTCTGATCTCCCCACT	1
837	836	6	CCATCTCTTCTGATCTCCCCACTG	1
838	837	6	CATCTCTTCTGATCTCCCCACTGA	1
839	838	6	ATCTCTTCTGATCTCCCCACTGAC	1
840	839	6	TCTCTTCTGATCTCCCCACTGACG	1
841	840	6	CTCTTCTGATCTCCCCACTGACGG	1
842	841	6	TCTTCTGATCTCCCCACTGACGGA	1
843	842	6	CTTCTGATCTCCCCACTGACGGAT	1
844	843	6	TTCTGATCTCCCCACTGACGGATG	1
845	844	5	TCTGATCTCCCCACTGACGGATGG	1
846	845	5	CTGATCTCCCCACTGACGGATGGC	1
847	846	5	TGATCTCCCCACTGACGGATGGCA	1
848	847	5	GATCTCCCCACTGACGGATGGCAA	1
849	848	5	ATCTCCCCACTGACGGATGGCAAA	1
850	849	5	TCTCCCCACTGACGGATGGCAAAT	1
851	850	5	CTCCCCACTGACGGATGGCAAATT	1
852	851	5	TCCCCACTGACGGATGGCAAATTT	1
853	852	5	CCCCACTGACGGATGGCAAATTTA	1
854	853	5	CCCACTGACGGATGGCAAATTTAC	1
855	854	5	CCACTGACGGATGGCAAATTTACT	1
856	855	5	CACTGACGGATGGCAAATTTACTT	1
857	856	5	ACTGACGGATGGCAAATTTACTTC	1
858	857	5	CTGACGGATGGCAAATTTACTTCA	1
859	858	6	TGACGGATGGCAAATTTACTTCAA	1
860	859	6	GACGGATGGCAAATTTACTTCAAC	1
861	860	6	ACGGATGGCAAATTTACTTCAACG	1
862	861	5	CGGATGGCAAATTTACTTCAACGG	1
863	862	5	GGATGGCAAATTTACTTCAACGGA	1
864	863	5	GATGGCAAATTTACTTCAACGGAG	1
865	864	3	ATGGCAAATTTACTTCAACGGAGC	1
866	865	3	TGGCAAATTTACTTCAACGGAGCT	1
867	866	3	GGCAAATTTACTTCAACGGAGCTA	1
868	867	3	GCAAATTTACTTCAACGGAGCTAC	1
869	868	2	CAAATTTACTTCAACGGAGCTACT	1
870	869	2	AAATTTACTTCAACGGAGCTACTT	1
871	870	2	AATTTACTTCAACGGAGCTACTTC	1
872	871	2	ATTTACTTCAACGGAGCTACTTCT	1
873	872	1	TTTACTTCAACGGAGCTACTTCTC	1
874	873	1	TTACTTCAACGGAGCTACTTCTCA	1
875	874	1	TACTTCAACGGAGCTACTTCTCAA	1
876	875	1	ACTTCAACGGAGCTACTTCTCAAA	1
877	876	1	CTTCAACGGAGCTACTTCTCAAAA	1
878	877	1	TTCAACGGAGCTACTTCTCAAAAC	1
879	878	1	TCAACGGAGCTACTTCTCAAAACC	1
880	879	1	CAACGGAGCTACTTCTCAAAACCA	1
881	880	1	AACGGAGCTACTTCTCAAAACCAA	1
882	881	1	ACGGAGCTACTTCTCAAAACCAAG	1
883	882	1	CGGAGCTACTTCTCAAAACCAAGG	1
884	883	1	GGAGCTACTTCTCAAAACCAAGGT	1
885	884	1	GAGCTACTTCTCAAAACCAAGGTA	1
886	885	1	AGCTACTTCTCAAAACCAAGGTAG	1
887	886	1	GCTACTTCTCAAAACCAAGGTAGT	1
888	887	1	CTACTTCTCAAAACCAAGGTAGTT	1
889	888	1	TACTTCTCAAAACCAAGGTAGTTT	1
890	889	1	ACTTCTCAAAACCAAGGTAGTTTG	1
891	890	1	CTTCTCAAAACCAAGGTAGTTTGG	1
892	891	1	TTCTCAAAACCAAGGTAGTTTGGC	1
893	892	1	TCTCAAAACCAAGGTAGTTTGGCT	1
894	893	1	CTCAAAACCAAGGTAGTTTGGCTC	1
895	894	1	TCAAAACCAAGGTAGTTTGGCTCA	1
896	895	1	CAAAACCAAGGTAGTTTGGCTCAA	1
897	896	1	AAAACCAAGGTAGTTTGGCTCAAT	1
898	897	1	AAACCAAGGTAGTTTGGCTCAATC	1
899	898	2	AACCAAGGTAGTTTGGCTCAATCT	1
900	899	2	ACCAAGGTAGTTTGGCTCAATCTG	1
901	900	2	CCAAGGTAGTTTGGCTCAATCTGA	1
902	901	2	CAAGGTAGTTTGGCTCAATCTGAG	1
903	902	1	AAGGTAGTTTGGCTCAATCTGAGC	1
904	903	1	AGGTAGTTTGGCTCAATCTGAGCA	1
905	904	1	GGTAGTTTGGCTCAATCTGAGCAA	1
906	905	1	GTAGTTTGGCTCAATCTGAGCAAT	1
907	906	1	TAGTTTGGCTCAATCTGAGCAATT	1
908	907	1	AGTTTGGCTCAATCTGAGCAATTC	1
909	908	1	GTTTGGCTCAATCTGAGCAATTCG	1
910	909	1	TTTGGCTCAATCTGAGCAATTCGA	1
911	910	1	TTGGCTCAATCTGAGCAATTCGAC	1
912	911	1	TGGCTCAATCTGAGCAATTCGACT	1
913	912	1	GGCTCAATCTGAGCAATTCGACTT	1
914	913	1	GCTCAATCTGAGCAATTCGACTTT	1
915	914	1	CTCAATCTGAGCAATTCGACTTTG	1
916	915	1	TCAATCTGAGCAATTCGACTTTGA	1
917	916	1	CAATCTGAGCAATTCGACTTTGAA	1
918	917	1	AATCTGAGCAATTCGACTTTGAAG	1
919	918	1	ATCTGAGCAATTCGACTTTGAAGG	1
920	919	1	TCTGAGCAATTCGACTTTGAAGGT	1
921	920	1	CTGAGCAATTCGACTTTGAAGGTA	1
922	921	1	TGAGCAATTCGACTTTGAAGGTAG	1
923	922	1	GAGCAATTCGACTTTGAAGGTAGT	1
924	923	1	AGCAATTCGACTTTGAAGGTAGTG	1
925	924	1	GCAATTCGACTTTGAAGGTAGTGA	1
926	925	1	CAATTCGACTTTGAAGGTAGTGAT	1
927	926	1	AATTCGACTTTGAAGGTAGTGATT	1
928	927	1	ATTCGACTTTGAAGGTAGTGATTC	1
929	928	1	TTCGACTTTGAAGGTAGTGATTCC	1
930	929	2	TCGACTTTGAAGGTAGTGATTCCA	1
931	930	3	CGACTTTGAAGGTAGTGATTCCAC	1
932	931	3	GACTTTGAAGGTAGTGATTCCACT	1
933	932	3	ACTTTGAAGGTAGTGATTCCACTT	1
934	933	3	CTTTGAAGGTAGTGATTCCACTTT	1
935	934	3	TTTGAAGGTAGTGATTCCACTTTG	1
936	935	3	TTGAAGGTAGTGATTCCACTTTGG	1
937	936	3	TGAAGGTAGTGATTCCACTTTGGC	1
938	937	3	GAAGGTAGTGATTCCACTTTGGCT	1
939	938	3	AAGGTAGTGATTCCACTTTGGCTG	1
940	939	3	AGGTAGTGATTCCACTTTGGCTGC	1
941	940	2	GGTAGTGATTCCACTTTGGCTGCT	1
942	941	2	GTAGTGATTCCACTTTGGCTGCTA	1
943	942	2	TAGTGATTCCACTTTGGCTGCTAG	1
944	943	2	AGTGATTCCACTTTGGCTGCTAGC	1
945	944	2	GTGATTCCACTTTGGCTGCTAGCA	1
946	945	2	TGATTCCACTTTGGCTGCTAGCAC	1
947	946	2	GATTCCACTTTGGCTGCTAGCACC	1
948	947	2	ATTCCACTTTGGCTGCTAGCACCA	1
949	948	2	TTCCACTTTGGCTGCTAGCACCAT	1
950	949	2	TCCACTTTGGCTGCTAGCACCATT	1
951	950	2	CCACTTTGGCTGCTAGCACCATTA	1
952	951	2	CACTTTGGCTGCTAGCACCATTAG	1
953	952	2	ACTTTGGCTGCTAGCACCATTAGC	1
954	953	2	CTTTGGCTGCTAGCACCATTAGCG	1
955	954	2	TTTGGCTGCTAGCACCATTAGCGG	1
956	955	2	TTGGCTGCTAGCACCATTAGCGGT	1
957	956	2	TGGCTGCTAGCACCATTAGCGGTG	1
958	957	2	GGCTGCTAGCACCATTAGCGGTGG	1
959	958	2	GCTGCTAGCACCATTAGCGGTGGT	1
960	959	2	CTGCTAGCACCATTAGCGGTGGTA	1
961	960	2	TGCTAGCACCATTAGCGGTGGTAT	1
962	961	3	GCTAGCACCATTAGCGGTGGTATT	1
963	962	3	CTAGCACCATTAGCGGTGGTATTT	1
964	963	3	TAGCACCATTAGCGGTGGTATTTA	1
965	964	3	AGCACCATTAGCGGTGGTATTTAC	1
966	965	3	GCACCATTAGCGGTGGTATTTACT	1
967	966	3	CACCATTAGCGGTGGTATTTACTC	1
968	967	3	ACCATTAGCGGTGGTATTTACTCT	1
969	968	4	CCATTAGCGGTGGTATTTACTCTT	1
970	969	4	CATTAGCGGTGGTATTTACTCTTC	1
971	970	4	ATTAGCGGTGGTATTTACTCTTCT	1
972	971	4	TTAGCGGTGGTATTTACTCTTCTA	1
973	972	4	TAGCGGTGGTATTTACTCTTCTAC	1
974	973	3	AGCGGTGGTATTTACTCTTCTACC	1
975	974	2	GCGGTGGTATTTACTCTTCTACCT	1
976	975	2	CGGTGGTATTTACTCTTCTACCTC	1
977	976	2	GGTGGTATTTACTCTTCTACCTCT	1
978	977	2	GTGGTATTTACTCTTCTACCTCTG	1
979	978	2	TGGTATTTACTCTTCTACCTCTGC	1
980	979	2	GGTATTTACTCTTCTACCTCTGCT	1
981	980	2	GTATTTACTCTTCTACCTCTGCTT	1
982	981	2	TATTTACTCTTCTACCTCTGCTTC	1
983	982	2	ATTTACTCTTCTACCTCTGCTTCC	1
984	983	2	TTTACTCTTCTACCTCTGCTTCCT	1
985	984	2	TTACTCTTCTACCTCTGCTTCCTC	1
986	985	2	TACTCTTCTACCTCTGCTTCCTCC	1
987	986	2	ACTCTTCTACCTCTGCTTCCTCCA	1
988	987	2	CTCTTCTACCTCTGCTTCCTCCAC	1
989	988	2	TCTTCTACCTCTGCTTCCTCCACT	1
990	989	2	CTTCTACCTCTGCTTCCTCCACTA	1
991	990	2	TTCTACCTCTGCTTCCTCCACTAG	1
992	991	2	TCTACCTCTGCTTCCTCCACTAGC	1
993	992	2	CTACCTCTGCTTCCTCCACTAGCT	1
994	993	2	TACCTCTGCTTCCTCCACTAGCTC	1
995	994	2	ACCTCTGCTTCCTCCACTAGCTCT	1
996	995	2	CCTCTGCTTCCTCCACTAGCTCTA	1
997	996	2	CTCTGCTTCCTCCACTAGCTCTAG	1
998	997	2	TCTGCTTCCTCCACTAGCTCTAGC	1
999	998	2	CTGCTTCCTCCACTAGCTCTAGCA	1
1000	999	2	TGCTTCCTCCACTAGCTCTAGCAC	1
1001	1000	2	GCTTCCTCCACTAGCTCTAGCACT	1
1002	1001	2	CTTCCTCCACTAGCTCTAGCACTG	1
1003	1002	2	TTCCTCCACTAGCTCTAGCACTGC	1
1004	1003	2	TCCTCCACTAGCTCTAGCACTGCC	1
1005	1004	2	CCTCCACTAGCTCTAGCACTGCCA	1
1006	1005	1	CTCCACTAGCTCTAGCACTGCCAC	1
1007	1006	1	TCCACTAGCTCTAGCACTGCCACC	1
1008	1007	1	CCACTAGCTCTAGCACTGCCACCC	1
1009	1008	1	CACTAGCTCTAGCACTGCCACCCC	1
1010	1009	1	ACTAGCTCTAGCACTGCCACCCCC	1
1011	1010	1	CTAGCTCTAGCACTGCCACCCCCT	1
1012	1011	1	TAGCTCTAGCACTGCCACCCCCTC	1
1013	1012	1	AGCTCTAGCACTGCCACCCCCTCT	1
1014	1013	2	GCTCTAGCACTGCCACCCCCTCTT	1
1015	1014	2	CTCTAGCACTGCCACCCCCTCTTC	1
1016	1015	2	TCTAGCACTGCCACCCCCTCTTCT	1
1017	1016	2	CTAGCACTGCCACCCCCTCTTCTA	1
1018	1017	2	TAGCACTGCCACCCCCTCTTCTAG	1
1019	1018	2	AGCACTGCCACCCCCTCTTCTAGC	1
1020	1019	2	GCACTGCCACCCCCTCTTCTAGCT	1
1021	1020	2	CACTGCCACCCCCTCTTCTAGCTC	1
1022	1021	2	ACTGCCACCCCCTCTTCTAGCTCT	1
1023	1022	2	CTGCCACCCCCTCTTCTAGCTCTA	1
1024	1023	3	TGCCACCCCCTCTTCTAGCTCTAC	1
1025	1024	3	GCCACCCCCTCTTCTAGCTCTACT	1
1026	1025	3	CCACCCCCTCTTCTAGCTCTACTA	1
1027	1026	3	CACCCCCTCTTCTAGCTCTACTAC	1
1028	1027	3	ACCCCCTCTTCTAGCTCTACTACC	1
1029	1028	3	CCCCCTCTTCTAGCTCTACTACCT	1
1030	1029	3	CCCCTCTTCTAGCTCTACTACCTC	1
1031	1030	4	CCCTCTTCTAGCTCTACTACCTCT	1
1032	1031	4	CCTCTTCTAGCTCTACTACCTCTT	1
1033	1032	5	CTCTTCTAGCTCTACTACCTCTTC	1
1034	1033	6	TCTTCTAGCTCTACTACCTCTTCT	1
1035	1034	6	CTTCTAGCTCTACTACCTCTTCTT	1
1036	1035	6	TTCTAGCTCTACTACCTCTTCTTC	1
1037	1036	6	TCTAGCTCTACTACCTCTTCTTCT	1
1038	1037	6	CTAGCTCTACTACCTCTTCTTCTT	1
1039	1038	6	TAGCTCTACTACCTCTTCTTCTTC	1
1040	1039	6	AGCTCTACTACCTCTTCTTCTTCC	1
1041	1040	6	GCTCTACTACCTCTTCTTCTTCCT	1
1042	1041	6	CTCTACTACCTCTTCTTCTTCCTC	1
1043	1042	6	TCTACTACCTCTTCTTCTTCCTCT	1
1044	1043	6	CTACTACCTCTTCTTCTTCCTCTA	1
1045	1044	6	TACTACCTCTTCTTCTTCCTCTAG	1
1046	1045	6	ACTACCTCTTCTTCTTCCTCTAGC	1
1047	1046	6	CTACCTCTTCTTCTTCCTCTAGCA	1
1048	1047	6	TACCTCTTCTTCTTCCTCTAGCAG	1
1049	1048	6	ACCTCTTCTTCTTCCTCTAGCAGC	1
1050	1049	6	CCTCTTCTTCTTCCTCTAGCAGCT	1
1051	1050	6	CTCTTCTTCTTCCTCTAGCAGCTC	1
1052	1051	6	TCTTCTTCTTCCTCTAGCAGCTCT	1
1053	1052	6	CTTCTTCTTCCTCTAGCAGCTCTT	1
1054	1053	5	TTCTTCTTCCTCTAGCAGCTCTTC	1
1055	1054	5	TCTTCTTCCTCTAGCAGCTCTTCT	1
1056	1055	5	CTTCTTCCTCTAGCAGCTCTTCTA	1
1057	1056	5	TTCTTCCTCTAGCAGCTCTTCTAC	1
1058	1057	4	TCTTCCTCTAGCAGCTCTTCTACC	1
1059	1058	4	CTTCCTCTAGCAGCTCTTCTACCC	1
1060	1059	4	TTCCTCTAGCAGCTCTTCTACCCC	1
1061	1060	4	TCCTCTAGCAGCTCTTCTACCCCT	1
1062	1061	4	CCTCTAGCAGCTCTTCTACCCCTA	1
1063	1062	4	CTCTAGCAGCTCTTCTACCCCTAT	1
1064	1063	4	TCTAGCAGCTCTTCTACCCCTATC	1
1065	1064	4	CTAGCAGCTCTTCTACCCCTATCT	1
1066	1065	4	TAGCAGCTCTTCTACCCCTATCTC	1
1067	1066	4	AGCAGCTCTTCTACCCCTATCTCC	1
1068	1067	3	GCAGCTCTTCTACCCCTATCTCCT	1
1069	1068	3	CAGCTCTTCTACCCCTATCTCCTC	1
1070	1069	3	AGCTCTTCTACCCCTATCTCCTCT	1
1071	1070	3	GCTCTTCTACCCCTATCTCCTCTA	1
1072	1071	3	CTCTTCTACCCCTATCTCCTCTAG	1
1073	1072	3	TCTTCTACCCCTATCTCCTCTAGC	1
1074	1073	3	CTTCTACCCCTATCTCCTCTAGCA	1
1075	1074	2	TTCTACCCCTATCTCCTCTAGCAT	1
1076	1075	2	TCTACCCCTATCTCCTCTAGCATC	1
1077	1076	1	CTACCCCTATCTCCTCTAGCATCA	1
