Component 506
1	-1	0	CATTACGCTGGCACTAACATTGAT	1
2	1	1	ATTACGCTGGCACTAACATTGATC	1
3	2	2	TTACGCTGGCACTAACATTGATCT	1
4	3	2	TACGCTGGCACTAACATTGATCTT	1
5	4	2	ACGCTGGCACTAACATTGATCTTG	1
6	5	2	CGCTGGCACTAACATTGATCTTGG	1
7	6	2	GCTGGCACTAACATTGATCTTGGT	1
8	7	2	CTGGCACTAACATTGATCTTGGTA	1
9	8	2	TGGCACTAACATTGATCTTGGTAC	1
10	9	2	GGCACTAACATTGATCTTGGTACT	1
11	10	2	GCACTAACATTGATCTTGGTACTG	1
12	11	2	CACTAACATTGATCTTGGTACTGC	1
13	12	2	ACTAACATTGATCTTGGTACTGCT	1
14	13	2	CTAACATTGATCTTGGTACTGCTT	1
15	14	2	TAACATTGATCTTGGTACTGCTTG	1
16	15	3	AACATTGATCTTGGTACTGCTTGC	1
17	16	3	ACATTGATCTTGGTACTGCTTGCG	1
18	17	3	CATTGATCTTGGTACTGCTTGCGG	1
19	18	5	ATTGATCTTGGTACTGCTTGCGGT	1
20	19	5	TTGATCTTGGTACTGCTTGCGGTA	1
21	20	5	TGATCTTGGTACTGCTTGCGGTAA	1
22	21	5	GATCTTGGTACTGCTTGCGGTAAA	1
23	22	5	ATCTTGGTACTGCTTGCGGTAAAC	1
24	23	5	TCTTGGTACTGCTTGCGGTAAACT	1
25	24	5	CTTGGTACTGCTTGCGGTAAACTT	1
26	25	5	TTGGTACTGCTTGCGGTAAACTTT	1
27	26	5	TGGTACTGCTTGCGGTAAACTTTT	1
28	27	5	GGTACTGCTTGCGGTAAACTTTTC	1
29	28	5	GTACTGCTTGCGGTAAACTTTTCA	1
30	29	5	TACTGCTTGCGGTAAACTTTTCAG	1
31	30	5	ACTGCTTGCGGTAAACTTTTCAGA	1
32	31	5	CTGCTTGCGGTAAACTTTTCAGAG	1
33	32	5	TGCTTGCGGTAAACTTTTCAGAGT	1
34	33	7	GCTTGCGGTAAACTTTTCAGAGTT	1
35	34	7	CTTGCGGTAAACTTTTCAGAGTTG	1
36	35	7	TTGCGGTAAACTTTTCAGAGTTGG	1
37	36	7	TGCGGTAAACTTTTCAGAGTTGGT	1
38	37	7	GCGGTAAACTTTTCAGAGTTGGTG	1
39	38	7	CGGTAAACTTTTCAGAGTTGGTGT	1
40	39	7	GGTAAACTTTTCAGAGTTGGTGTT	1
41	40	7	GTAAACTTTTCAGAGTTGGTGTTT	1
42	41	8	TAAACTTTTCAGAGTTGGTGTTTT	1
43	42	8	AAACTTTTCAGAGTTGGTGTTTTG	1
44	43	8	AACTTTTCAGAGTTGGTGTTTTGG	1
45	44	8	ACTTTTCAGAGTTGGTGTTTTGGC	1
46	45	7	CTTTTCAGAGTTGGTGTTTTGGCC	1
47	46	7	TTTTCAGAGTTGGTGTTTTGGCCA	1
48	47	7	TTTCAGAGTTGGTGTTTTGGCCAT	1
49	48	7	TTCAGAGTTGGTGTTTTGGCCATT	1
50	49	7	TCAGAGTTGGTGTTTTGGCCATTA	1
51	50	7	CAGAGTTGGTGTTTTGGCCATTAC	1
52	51	7	AGAGTTGGTGTTTTGGCCATTACC	1
53	52	7	GAGTTGGTGTTTTGGCCATTACCG	1
54	53	7	AGTTGGTGTTTTGGCCATTACCGA	1
55	54	7	GTTGGTGTTTTGGCCATTACCGAT	1
56	55	7	TTGGTGTTTTGGCCATTACCGATG	1
57	56	7	TGGTGTTTTGGCCATTACCGATGC	1
58	57	7	GGTGTTTTGGCCATTACCGATGCC	1
59	58	7	GTGTTTTGGCCATTACCGATGCCG	1
60	59	6	TGTTTTGGCCATTACCGATGCCGG	1
61	60	6	GTTTTGGCCATTACCGATGCCGGT	1
62	61	6	TTTTGGCCATTACCGATGCCGGTG	1
63	62	4	TTTGGCCATTACCGATGCCGGTGA	1
64	63	4	TTGGCCATTACCGATGCCGGTGAC	1
65	64	4	TGGCCATTACCGATGCCGGTGACT	1
66	65	4	GGCCATTACCGATGCCGGTGACTC	1
67	66	4	GCCATTACCGATGCCGGTGACTCT	1
68	67	6	CCATTACCGATGCCGGTGACTCTG	1
69	68	6	CATTACCGATGCCGGTGACTCTGA	1
70	69	6	ATTACCGATGCCGGTGACTCTGAC	1
71	70	6	TTACCGATGCCGGTGACTCTGACA	1
72	71	6	TACCGATGCCGGTGACTCTGACAT	1
73	72	6	ACCGATGCCGGTGACTCTGACATC	1
74	73	6	CCGATGCCGGTGACTCTGACATCT	1
75	74	6	CGATGCCGGTGACTCTGACATCTT	1
76	75	6	GATGCCGGTGACTCTGACATCTTG	1
77	76	6	ATGCCGGTGACTCTGACATCTTGG	1
78	77	3	TGCCGGTGACTCTGACATCTTGGA	1
79	78	3	GCCGGTGACTCTGACATCTTGGAC	1
80	79	3	CCGGTGACTCTGACATCTTGGACG	1
81	80	3	CGGTGACTCTGACATCTTGGACGC	1
82	81	3	GGTGACTCTGACATCTTGGACGCT	1
83	82	3	GTGACTCTGACATCTTGGACGCTT	1
84	83	3	TGACTCTGACATCTTGGACGCTTA	1
85	84	3	GACTCTGACATCTTGGACGCTTAG	1
86	85	3	ACTCTGACATCTTGGACGCTTAGG	1
87	86	3	CTCTGACATCTTGGACGCTTAGGT	1
88	87	3	TCTGACATCTTGGACGCTTAGGTA	1
89	88	3	CTGACATCTTGGACGCTTAGGTAA	1
90	89	3	TGACATCTTGGACGCTTAGGTAAA	1
91	90	2	GACATCTTGGACGCTTAGGTAAAA	1
92	91	2	ACATCTTGGACGCTTAGGTAAAAT	1
93	92	2	CATCTTGGACGCTTAGGTAAAATA	1
94	93	2	ATCTTGGACGCTTAGGTAAAATAA	1
95	94	2	TCTTGGACGCTTAGGTAAAATAAT	1
96	95	2	CTTGGACGCTTAGGTAAAATAATA	1
97	96	2	TTGGACGCTTAGGTAAAATAATAA	1
98	97	2	TGGACGCTTAGGTAAAATAATAAG	1
99	98	2	GGACGCTTAGGTAAAATAATAAGC	1
100	99	2	GACGCTTAGGTAAAATAATAAGCA	1
101	100	2	ACGCTTAGGTAAAATAATAAGCAT	1
102	101	2	CGCTTAGGTAAAATAATAAGCATT	1
103	102	2	GCTTAGGTAAAATAATAAGCATTA	1
104	103	2	CTTAGGTAAAATAATAAGCATTAA	1
105	104	2	TTAGGTAAAATAATAAGCATTAAG	1
106	105	2	TAGGTAAAATAATAAGCATTAAGT	1
107	106	2	AGGTAAAATAATAAGCATTAAGTT	1
108	107	2	GGTAAAATAATAAGCATTAAGTTT	1
109	108	2	GTAAAATAATAAGCATTAAGTTTG	1
110	109	2	TAAAATAATAAGCATTAAGTTTGT	1
111	110	2	AAAATAATAAGCATTAAGTTTGTC	1
112	-1	0	GCTCTGGTAAGGCTAAGCTCATTT	1
113	112	1	CTCTGGTAAGGCTAAGCTCATTTT	1
114	113	1	TCTGGTAAGGCTAAGCTCATTTTG	1
115	114	1	CTGGTAAGGCTAAGCTCATTTTGA	1
116	115	1	TGGTAAGGCTAAGCTCATTTTGAT	1
117	116	1	GGTAAGGCTAAGCTCATTTTGATT	1
118	117	1	GTAAGGCTAAGCTCATTTTGATTG	1
119	118	1	TAAGGCTAAGCTCATTTTGATTGC	1
120	119	1	AAGGCTAAGCTCATTTTGATTGCC	1
121	120	1	AGGCTAAGCTCATTTTGATTGCCG	1
122	121	1	GGCTAAGCTCATTTTGATTGCCGG	1
123	122	1	GCTAAGCTCATTTTGATTGCCGGT	1
124	123	1	CTAAGCTCATTTTGATTGCCGGTA	1
125	124	1	TAAGCTCATTTTGATTGCCGGTAA	1
126	125	1	AAGCTCATTTTGATTGCCGGTAAC	1
127	126	1	AGCTCATTTTGATTGCCGGTAACT	1
128	127	1	GCTCATTTTGATTGCCGGTAACTG	1
129	128	1	CTCATTTTGATTGCCGGTAACTGC	1
130	129	2	TCATTTTGATTGCCGGTAACTGCC	1
131	130	2	CATTTTGATTGCCGGTAACTGCCC	1
132	131	3	ATTTTGATTGCCGGTAACTGCCCT	1
133	132	5	TTTTGATTGCCGGTAACTGCCCTC	1
134	133	6	TTTGATTGCCGGTAACTGCCCTCC	1
135	134	6	TTGATTGCCGGTAACTGCCCTCCT	1
136	135	6	TGATTGCCGGTAACTGCCCTCCTC	1
137	136	6	GATTGCCGGTAACTGCCCTCCTCT	1
138	137	6	ATTGCCGGTAACTGCCCTCCTCTT	1
139	138	6	TTGCCGGTAACTGCCCTCCTCTTC	1
140	139	7	TGCCGGTAACTGCCCTCCTCTTCG	1
141	140	7	GCCGGTAACTGCCCTCCTCTTCGC	1
142	141	7	CCGGTAACTGCCCTCCTCTTCGCA	1
143	142	7	CGGTAACTGCCCTCCTCTTCGCAA	1
144	143	7	GGTAACTGCCCTCCTCTTCGCAAG	1
145	144	7	GTAACTGCCCTCCTCTTCGCAAGT	1
146	145	11	TAACTGCCCTCCTCTTCGCAAGTC	1
147	146	11	AACTGCCCTCCTCTTCGCAAGTCA	1
148	147	12	ACTGCCCTCCTCTTCGCAAGTCAG	1
149	148	13	CTGCCCTCCTCTTCGCAAGTCAGA	1
150	149	13	TGCCCTCCTCTTCGCAAGTCAGAG	1
151	150	13	GCCCTCCTCTTCGCAAGTCAGAGC	1
152	151	13	CCCTCCTCTTCGCAAGTCAGAGCT	1
153	152	13	CCTCCTCTTCGCAAGTCAGAGCTT	1
154	153	13	CTCCTCTTCGCAAGTCAGAGCTTG	1
155	154	13	TCCTCTTCGCAAGTCAGAGCTTGA	1
156	155	14	CCTCTTCGCAAGTCAGAGCTTGAG	1
157	156	14	CTCTTCGCAAGTCAGAGCTTGAGT	1
158	157	14	TCTTCGCAAGTCAGAGCTTGAGTA	1
159	158	14	CTTCGCAAGTCAGAGCTTGAGTAC	1
160	159	14	TTCGCAAGTCAGAGCTTGAGTACT	1
161	160	14	TCGCAAGTCAGAGCTTGAGTACTA	1
162	161	14	CGCAAGTCAGAGCTTGAGTACTAT	1
163	162	14	GCAAGTCAGAGCTTGAGTACTATG	1
164	163	14	CAAGTCAGAGCTTGAGTACTATGC	1
165	164	14	AAGTCAGAGCTTGAGTACTATGCC	1
166	165	14	AGTCAGAGCTTGAGTACTATGCCA	1
167	166	14	GTCAGAGCTTGAGTACTATGCCAT	1
168	167	14	TCAGAGCTTGAGTACTATGCCATG	1
169	168	14	CAGAGCTTGAGTACTATGCCATGC	1
170	169	14	AGAGCTTGAGTACTATGCCATGCT	1
171	170	14	GAGCTTGAGTACTATGCCATGCTT	1
172	171	14	AGCTTGAGTACTATGCCATGCTTT	1
173	172	14	GCTTGAGTACTATGCCATGCTTTC	1
174	173	13	CTTGAGTACTATGCCATGCTTTCT	1
175	174	12	TTGAGTACTATGCCATGCTTTCTA	1
176	175	11	TGAGTACTATGCCATGCTTTCTAA	1
177	176	9	GAGTACTATGCCATGCTTTCTAAG	1
178	177	8	AGTACTATGCCATGCTTTCTAAGG	1
179	178	8	GTACTATGCCATGCTTTCTAAGGC	1
180	179	8	TACTATGCCATGCTTTCTAAGGCA	1
181	180	8	ACTATGCCATGCTTTCTAAGGCAA	1
182	181	8	CTATGCCATGCTTTCTAAGGCAAA	1
183	182	9	TATGCCATGCTTTCTAAGGCAAAT	1
184	183	9	ATGCCATGCTTTCTAAGGCAAATG	1
185	184	9	TGCCATGCTTTCTAAGGCAAATGT	1
186	185	8	GCCATGCTTTCTAAGGCAAATGTT	1
187	186	8	CCATGCTTTCTAAGGCAAATGTTC	1
188	187	8	CATGCTTTCTAAGGCAAATGTTCA	1
189	188	8	ATGCTTTCTAAGGCAAATGTTCAC	1
190	189	3	TGCTTTCTAAGGCAAATGTTCACC	1
191	190	3	GCTTTCTAAGGCAAATGTTCACCA	1
192	191	2	CTTTCTAAGGCAAATGTTCACCAT	1
193	192	2	TTTCTAAGGCAAATGTTCACCATT	1
194	193	2	TTCTAAGGCAAATGTTCACCATTA	1
195	194	2	TCTAAGGCAAATGTTCACCATTAC	1
196	195	2	CTAAGGCAAATGTTCACCATTACG	1
197	196	2	TAAGGCAAATGTTCACCATTACGC	1
198	197	2	AAGGCAAATGTTCACCATTACGCT	1
199	198	2	AGGCAAATGTTCACCATTACGCTG	1
200	199	1	GGCAAATGTTCACCATTACGCTGG	1
201	-1	0	CTCCAACAAAAGTAAAAATGGCAT	1
202	201	2	TCCAACAAAAGTAAAAATGGCATC	1
203	202	2	CCAACAAAAGTAAAAATGGCATCT	1
204	203	3	CAACAAAAGTAAAAATGGCATCTG	1
205	204	3	AACAAAAGTAAAAATGGCATCTGT	1
206	205	8	ACAAAAGTAAAAATGGCATCTGTG	1
207	206	12	CAAAAGTAAAAATGGCATCTGTGG	1
208	207	14	AAAAGTAAAAATGGCATCTGTGGT	1
209	208	14	AAAGTAAAAATGGCATCTGTGGTT	1
210	209	14	AAGTAAAAATGGCATCTGTGGTTA	1
211	210	14	AGTAAAAATGGCATCTGTGGTTAC	1
212	211	14	GTAAAAATGGCATCTGTGGTTACC	1
213	212	16	TAAAAATGGCATCTGTGGTTACCA	1
214	213	17	AAAAATGGCATCTGTGGTTACCAA	1
215	214	18	AAAATGGCATCTGTGGTTACCAAG	1
216	215	18	AAATGGCATCTGTGGTTACCAAGA	1
217	216	18	AATGGCATCTGTGGTTACCAAGAA	1
218	217	18	ATGGCATCTGTGGTTACCAAGAAG	1
219	218	18	TGGCATCTGTGGTTACCAAGAAGT	1
220	219	18	GGCATCTGTGGTTACCAAGAAGTC	1
221	220	19	GCATCTGTGGTTACCAAGAAGTCT	1
222	221	19	CATCTGTGGTTACCAAGAAGTCTA	1
223	222	19	ATCTGTGGTTACCAAGAAGTCTAA	1
224	223	20	TCTGTGGTTACCAAGAAGTCTAAA	1
225	224	20	CTGTGGTTACCAAGAAGTCTAAAA	1
226	225	20	TGTGGTTACCAAGAAGTCTAAAAA	1
227	226	20	GTGGTTACCAAGAAGTCTAAAAAG	1
228	227	21	TGGTTACCAAGAAGTCTAAAAAGA	1
229	228	22	GGTTACCAAGAAGTCTAAAAAGAG	1
230	229	22	GTTACCAAGAAGTCTAAAAAGAGC	1
231	230	21	TTACCAAGAAGTCTAAAAAGAGCG	1
232	231	21	TACCAAGAAGTCTAAAAAGAGCGG	1
233	232	20	ACCAAGAAGTCTAAAAAGAGCGGA	1
234	233	20	CCAAGAAGTCTAAAAAGAGCGGAG	1
235	234	20	CAAGAAGTCTAAAAAGAGCGGAGA	1
236	235	20	AAGAAGTCTAAAAAGAGCGGAGAC	1
237	236	22	AGAAGTCTAAAAAGAGCGGAGACA	1
238	237	22	GAAGTCTAAAAAGAGCGGAGACAC	1
239	238	22	AAGTCTAAAAAGAGCGGAGACACT	1
240	239	22	AGTCTAAAAAGAGCGGAGACACTA	1
241	240	22	GTCTAAAAAGAGCGGAGACACTAT	1
242	241	22	TCTAAAAAGAGCGGAGACACTATC	1
243	242	22	CTAAAAAGAGCGGAGACACTATCA	1
244	243	22	TAAAAAGAGCGGAGACACTATCAA	1
245	244	22	AAAAAGAGCGGAGACACTATCAAC	1
246	245	20	AAAAGAGCGGAGACACTATCAACG	1
247	246	20	AAAGAGCGGAGACACTATCAACGC	1
248	247	19	AAGAGCGGAGACACTATCAACGCC	1
249	248	19	AGAGCGGAGACACTATCAACGCCA	1
250	249	14	GAGCGGAGACACTATCAACGCCAA	1
251	250	11	AGCGGAGACACTATCAACGCCAAG	1
252	251	9	GCGGAGACACTATCAACGCCAAGC	1
253	252	9	CGGAGACACTATCAACGCCAAGCT	1
254	253	10	GGAGACACTATCAACGCCAAGCTT	1
255	254	9	GAGACACTATCAACGCCAAGCTTG	1
256	255	9	AGACACTATCAACGCCAAGCTTGC	1
257	256	7	GACACTATCAACGCCAAGCTTGCA	1
258	257	6	ACACTATCAACGCCAAGCTTGCAC	1
259	258	6	CACTATCAACGCCAAGCTTGCACT	1
260	259	6	ACTATCAACGCCAAGCTTGCACTT	1
261	260	6	CTATCAACGCCAAGCTTGCACTTA	1
262	261	6	TATCAACGCCAAGCTTGCACTTAC	1
263	262	6	ATCAACGCCAAGCTTGCACTTACC	1
264	263	6	TCAACGCCAAGCTTGCACTTACCA	1
265	264	5	CAACGCCAAGCTTGCACTTACCAT	1
266	265	5	AACGCCAAGCTTGCACTTACCATG	1
267	266	5	ACGCCAAGCTTGCACTTACCATGA	1
268	267	4	CGCCAAGCTTGCACTTACCATGAA	1
269	268	4	GCCAAGCTTGCACTTACCATGAAG	1
270	269	4	CCAAGCTTGCACTTACCATGAAGA	1
271	270	4	CAAGCTTGCACTTACCATGAAGAG	1
272	271	3	AAGCTTGCACTTACCATGAAGAGT	1
273	272	2	AGCTTGCACTTACCATGAAGAGTG	1
274	273	2	GCTTGCACTTACCATGAAGAGTGG	1
275	274	2	CTTGCACTTACCATGAAGAGTGGC	1
276	275	2	TTGCACTTACCATGAAGAGTGGCA	1
277	276	2	TGCACTTACCATGAAGAGTGGCAA	1
278	277	2	GCACTTACCATGAAGAGTGGCAAG	1
279	278	2	CACTTACCATGAAGAGTGGCAAGT	1
280	279	3	ACTTACCATGAAGAGTGGCAAGTA	1
281	280	1	CTTACCATGAAGAGTGGCAAGTAT	1
282	281	1	TTACCATGAAGAGTGGCAAGTATG	1
283	282	1	TACCATGAAGAGTGGCAAGTATGT	1
284	283	1	ACCATGAAGAGTGGCAAGTATGTC	1
285	284	1	CCATGAAGAGTGGCAAGTATGTCT	1
286	285	1	CATGAAGAGTGGCAAGTATGTCTT	1
287	286	1	ATGAAGAGTGGCAAGTATGTCTTG	1
288	287	1	TGAAGAGTGGCAAGTATGTCTTGG	1
289	288	1	GAAGAGTGGCAAGTATGTCTTGGG	1
290	289	1	AAGAGTGGCAAGTATGTCTTGGGT	1
291	290	1	AGAGTGGCAAGTATGTCTTGGGTT	1
292	291	1	GAGTGGCAAGTATGTCTTGGGTTA	1
293	292	1	AGTGGCAAGTATGTCTTGGGTTAC	1
294	293	1	GTGGCAAGTATGTCTTGGGTTACA	1
295	294	1	TGGCAAGTATGTCTTGGGTTACAA	1
296	295	1	GGCAAGTATGTCTTGGGTTACAAG	1
297	296	1	GCAAGTATGTCTTGGGTTACAAGT	1
