Component 512
1	-1	0	GTCCTTGAGAGAGGCCGTTAAGGA	1
2	1	1	TCCTTGAGAGAGGCCGTTAAGGAG	1
3	2	1	CCTTGAGAGAGGCCGTTAAGGAGT	1
4	3	1	CTTGAGAGAGGCCGTTAAGGAGTT	1
5	4	1	TTGAGAGAGGCCGTTAAGGAGTTT	1
6	5	1	TGAGAGAGGCCGTTAAGGAGTTTG	1
7	6	1	GAGAGAGGCCGTTAAGGAGTTTGA	1
8	7	1	AGAGAGGCCGTTAAGGAGTTTGAC	1
9	8	1	GAGAGGCCGTTAAGGAGTTTGACG	1
10	9	1	AGAGGCCGTTAAGGAGTTTGACGA	1
11	10	1	GAGGCCGTTAAGGAGTTTGACGAA	1
12	11	1	AGGCCGTTAAGGAGTTTGACGAAT	1
13	12	1	GGCCGTTAAGGAGTTTGACGAATT	1
14	13	1	GCCGTTAAGGAGTTTGACGAATTA	1
15	14	1	CCGTTAAGGAGTTTGACGAATTAC	1
16	15	1	CGTTAAGGAGTTTGACGAATTACG	1
17	16	1	GTTAAGGAGTTTGACGAATTACGT	1
18	17	1	TTAAGGAGTTTGACGAATTACGTC	1
19	18	1	TAAGGAGTTTGACGAATTACGTCA	1
20	19	1	AAGGAGTTTGACGAATTACGTCAA	1
21	20	1	AGGAGTTTGACGAATTACGTCAAA	1
22	21	1	GGAGTTTGACGAATTACGTCAAAA	1
23	22	1	GAGTTTGACGAATTACGTCAAAAG	1
24	23	1	AGTTTGACGAATTACGTCAAAAGG	1
25	24	1	GTTTGACGAATTACGTCAAAAGGG	1
26	25	1	TTTGACGAATTACGTCAAAAGGGT	1
27	26	1	TTGACGAATTACGTCAAAAGGGTT	1
28	27	1	TGACGAATTACGTCAAAAGGGTTT	1
29	28	2	GACGAATTACGTCAAAAGGGTTTA	1
30	29	2	ACGAATTACGTCAAAAGGGTTTAC	1
31	30	2	CGAATTACGTCAAAAGGGTTTACA	1
32	31	2	GAATTACGTCAAAAGGGTTTACAA	1
33	32	2	AATTACGTCAAAAGGGTTTACAAA	1
34	33	2	ATTACGTCAAAAGGGTTTACAAAA	1
35	34	2	TTACGTCAAAAGGGTTTACAAAAG	1
36	35	2	TACGTCAAAAGGGTTTACAAAAGA	1
37	36	2	ACGTCAAAAGGGTTTACAAAAGAA	1
38	37	2	CGTCAAAAGGGTTTACAAAAGAAT	1
39	38	2	GTCAAAAGGGTTTACAAAAGAATG	1
40	39	2	TCAAAAGGGTTTACAAAAGAATGG	1
41	40	2	CAAAAGGGTTTACAAAAGAATGGT	1
42	41	2	AAAAGGGTTTACAAAAGAATGGTG	1
43	42	2	AAAGGGTTTACAAAAGAATGGTGA	1
44	43	2	AAGGGTTTACAAAAGAATGGTGAG	1
45	44	1	AGGGTTTACAAAAGAATGGTGAGG	1
46	45	1	GGGTTTACAAAAGAATGGTGAGGT	1
47	46	1	GGTTTACAAAAGAATGGTGAGGTG	1
48	47	1	GTTTACAAAAGAATGGTGAGGTGC	1
49	48	1	TTTACAAAAGAATGGTGAGGTGCT	1
50	49	1	TTACAAAAGAATGGTGAGGTGCTT	1
51	50	1	TACAAAAGAATGGTGAGGTGCTTG	1
52	51	1	ACAAAAGAATGGTGAGGTGCTTGC	1
53	52	1	CAAAAGAATGGTGAGGTGCTTGCT	1
54	53	1	AAAAGAATGGTGAGGTGCTTGCTA	1
55	54	1	AAAGAATGGTGAGGTGCTTGCTAT	1
56	55	1	AAGAATGGTGAGGTGCTTGCTATG	1
57	56	1	AGAATGGTGAGGTGCTTGCTATGG	1
58	57	1	GAATGGTGAGGTGCTTGCTATGGC	1
59	58	1	AATGGTGAGGTGCTTGCTATGGCT	1
60	59	1	ATGGTGAGGTGCTTGCTATGGCTC	1
61	60	1	TGGTGAGGTGCTTGCTATGGCTCC	1
62	61	1	GGTGAGGTGCTTGCTATGGCTCCT	1
63	62	1	GTGAGGTGCTTGCTATGGCTCCTG	1
64	63	1	TGAGGTGCTTGCTATGGCTCCTGC	1
65	64	1	GAGGTGCTTGCTATGGCTCCTGCC	1
66	65	1	AGGTGCTTGCTATGGCTCCTGCCT	1
67	66	3	GGTGCTTGCTATGGCTCCTGCCTT	1
68	67	3	GTGCTTGCTATGGCTCCTGCCTTT	1
69	68	3	TGCTTGCTATGGCTCCTGCCTTTA	1
70	69	3	GCTTGCTATGGCTCCTGCCTTTAT	1
71	70	3	CTTGCTATGGCTCCTGCCTTTATC	1
72	71	3	TTGCTATGGCTCCTGCCTTTATCT	1
73	72	2	TGCTATGGCTCCTGCCTTTATCTC	1
74	73	2	GCTATGGCTCCTGCCTTTATCTCT	1
75	74	2	CTATGGCTCCTGCCTTTATCTCTA	1
76	75	2	TATGGCTCCTGCCTTTATCTCTAC	1
77	76	2	ATGGCTCCTGCCTTTATCTCTACC	1
78	77	2	TGGCTCCTGCCTTTATCTCTACCC	1
79	78	2	GGCTCCTGCCTTTATCTCTACCCT	1
80	79	2	GCTCCTGCCTTTATCTCTACCCTT	1
81	80	2	CTCCTGCCTTTATCTCTACCCTTC	1
82	81	2	TCCTGCCTTTATCTCTACCCTTCC	1
83	82	2	CCTGCCTTTATCTCTACCCTTCCC	1
84	83	2	CTGCCTTTATCTCTACCCTTCCCA	1
85	84	2	TGCCTTTATCTCTACCCTTCCCAC	1
86	85	2	GCCTTTATCTCTACCCTTCCCACC	1
87	86	2	CCTTTATCTCTACCCTTCCCACCG	1
88	87	2	CTTTATCTCTACCCTTCCCACCGG	1
89	88	2	TTTATCTCTACCCTTCCCACCGGC	1
90	89	3	TTATCTCTACCCTTCCCACCGGCG	1
91	90	3	TATCTCTACCCTTCCCACCGGCGC	1
92	91	3	ATCTCTACCCTTCCCACCGGCGCT	1
93	92	3	TCTCTACCCTTCCCACCGGCGCTG	1
94	93	3	CTCTACCCTTCCCACCGGCGCTGA	1
95	94	5	TCTACCCTTCCCACCGGCGCTGAA	1
96	95	5	CTACCCTTCCCACCGGCGCTGAAA	1
97	96	6	TACCCTTCCCACCGGCGCTGAAAC	1
98	97	6	ACCCTTCCCACCGGCGCTGAAACT	1
99	98	6	CCCTTCCCACCGGCGCTGAAACTG	1
100	99	6	CCTTCCCACCGGCGCTGAAACTGG	1
101	100	6	CTTCCCACCGGCGCTGAAACTGGT	1
102	101	6	TTCCCACCGGCGCTGAAACTGGTG	1
103	102	6	TCCCACCGGCGCTGAAACTGGTGA	1
104	103	6	CCCACCGGCGCTGAAACTGGTGAC	1
105	104	6	CCACCGGCGCTGAAACTGGTGACT	1
106	105	6	CACCGGCGCTGAAACTGGTGACTT	1
107	106	6	ACCGGCGCTGAAACTGGTGACTTC	1
108	107	7	CCGGCGCTGAAACTGGTGACTTCT	1
109	108	8	CGGCGCTGAAACTGGTGACTTCTT	1
110	109	8	GGCGCTGAAACTGGTGACTTCTTG	1
111	110	6	GCGCTGAAACTGGTGACTTCTTGG	1
112	111	6	CGCTGAAACTGGTGACTTCTTGGC	1
113	112	6	GCTGAAACTGGTGACTTCTTGGCC	1
114	113	6	CTGAAACTGGTGACTTCTTGGCCC	1
115	114	6	TGAAACTGGTGACTTCTTGGCCCT	1
116	115	7	GAAACTGGTGACTTCTTGGCCCTT	1
117	116	7	AAACTGGTGACTTCTTGGCCCTTG	1
118	117	8	AACTGGTGACTTCTTGGCCCTTGA	1
119	118	8	ACTGGTGACTTCTTGGCCCTTGAC	1
120	119	8	CTGGTGACTTCTTGGCCCTTGACT	1
121	120	8	TGGTGACTTCTTGGCCCTTGACTT	1
122	121	8	GGTGACTTCTTGGCCCTTGACTTT	1
123	122	8	GTGACTTCTTGGCCCTTGACTTTG	1
124	123	8	TGACTTCTTGGCCCTTGACTTTGG	1
125	124	8	GACTTCTTGGCCCTTGACTTTGGT	1
126	125	8	ACTTCTTGGCCCTTGACTTTGGTG	1
127	126	9	CTTCTTGGCCCTTGACTTTGGTGG	1
128	127	9	TTCTTGGCCCTTGACTTTGGTGGT	1
129	128	9	TCTTGGCCCTTGACTTTGGTGGTA	1
130	129	9	CTTGGCCCTTGACTTTGGTGGTAC	1
131	130	10	TTGGCCCTTGACTTTGGTGGTACC	1
132	131	10	TGGCCCTTGACTTTGGTGGTACCA	1
133	132	10	GGCCCTTGACTTTGGTGGTACCAA	1
134	133	9	GCCCTTGACTTTGGTGGTACCAAC	1
135	134	9	CCCTTGACTTTGGTGGTACCAACT	1
136	135	9	CCTTGACTTTGGTGGTACCAACTT	1
137	136	9	CTTGACTTTGGTGGTACCAACTTG	1
138	137	9	TTGACTTTGGTGGTACCAACTTGC	1
139	138	7	TGACTTTGGTGGTACCAACTTGCG	1
140	139	7	GACTTTGGTGGTACCAACTTGCGT	1
141	140	6	ACTTTGGTGGTACCAACTTGCGTG	1
142	141	6	CTTTGGTGGTACCAACTTGCGTGT	1
143	142	6	TTTGGTGGTACCAACTTGCGTGTT	1
144	143	6	TTGGTGGTACCAACTTGCGTGTTT	1
145	144	6	TGGTGGTACCAACTTGCGTGTTTG	1
146	145	6	GGTGGTACCAACTTGCGTGTTTGT	1
147	146	7	GTGGTACCAACTTGCGTGTTTGTT	1
148	147	7	TGGTACCAACTTGCGTGTTTGTTG	1
149	148	7	GGTACCAACTTGCGTGTTTGTTGG	1
150	149	7	GTACCAACTTGCGTGTTTGTTGGA	1
151	150	7	TACCAACTTGCGTGTTTGTTGGAT	1
152	151	6	ACCAACTTGCGTGTTTGTTGGATC	1
153	152	5	CCAACTTGCGTGTTTGTTGGATCC	1
154	153	6	CAACTTGCGTGTTTGTTGGATCCA	1
155	154	6	AACTTGCGTGTTTGTTGGATCCAA	1
156	155	6	ACTTGCGTGTTTGTTGGATCCAAC	1
157	156	6	CTTGCGTGTTTGTTGGATCCAACT	1
158	157	7	TTGCGTGTTTGTTGGATCCAACTT	1
159	158	7	TGCGTGTTTGTTGGATCCAACTTC	1
160	159	7	GCGTGTTTGTTGGATCCAACTTCT	1
161	160	8	CGTGTTTGTTGGATCCAACTTCTC	1
162	161	8	GTGTTTGTTGGATCCAACTTCTCG	1
163	162	8	TGTTTGTTGGATCCAACTTCTCGG	1
164	163	7	GTTTGTTGGATCCAACTTCTCGGT	1
165	164	7	TTTGTTGGATCCAACTTCTCGGTG	1
166	165	7	TTGTTGGATCCAACTTCTCGGTGA	1
167	166	7	TGTTGGATCCAACTTCTCGGTGAC	1
168	167	7	GTTGGATCCAACTTCTCGGTGACG	1
169	168	7	TTGGATCCAACTTCTCGGTGACGG	1
170	169	7	TGGATCCAACTTCTCGGTGACGGC	1
171	170	6	GGATCCAACTTCTCGGTGACGGCA	1
172	171	6	GATCCAACTTCTCGGTGACGGCAA	1
173	172	6	ATCCAACTTCTCGGTGACGGCAAG	1
174	173	6	TCCAACTTCTCGGTGACGGCAAGT	1
175	174	5	CCAACTTCTCGGTGACGGCAAGTA	1
176	175	5	CAACTTCTCGGTGACGGCAAGTAT	1
177	176	5	AACTTCTCGGTGACGGCAAGTATG	1
178	177	5	ACTTCTCGGTGACGGCAAGTATGA	1
179	178	5	CTTCTCGGTGACGGCAAGTATGAG	1
180	179	5	TTCTCGGTGACGGCAAGTATGAGA	1
181	180	5	TCTCGGTGACGGCAAGTATGAGAT	1
182	181	5	CTCGGTGACGGCAAGTATGAGATG	1
183	182	6	TCGGTGACGGCAAGTATGAGATGA	1
184	183	6	CGGTGACGGCAAGTATGAGATGAA	1
185	184	6	GGTGACGGCAAGTATGAGATGAAG	1
186	185	6	GTGACGGCAAGTATGAGATGAAGC	1
187	186	6	TGACGGCAAGTATGAGATGAAGCA	1
188	187	6	GACGGCAAGTATGAGATGAAGCAC	1
189	188	7	ACGGCAAGTATGAGATGAAGCACA	1
190	189	7	CGGCAAGTATGAGATGAAGCACAG	1
191	190	6	GGCAAGTATGAGATGAAGCACAGC	1
192	191	6	GCAAGTATGAGATGAAGCACAGCA	1
193	192	6	CAAGTATGAGATGAAGCACAGCAA	1
194	193	6	AAGTATGAGATGAAGCACAGCAAG	1
195	194	6	AGTATGAGATGAAGCACAGCAAGT	1
196	195	6	GTATGAGATGAAGCACAGCAAGTC	1
197	196	6	TATGAGATGAAGCACAGCAAGTCC	1
198	197	5	ATGAGATGAAGCACAGCAAGTCCG	1
199	198	5	TGAGATGAAGCACAGCAAGTCCGT	1
200	199	5	GAGATGAAGCACAGCAAGTCCGTC	1
201	200	5	AGATGAAGCACAGCAAGTCCGTCT	1
202	201	4	GATGAAGCACAGCAAGTCCGTCTT	1
203	202	4	ATGAAGCACAGCAAGTCCGTCTTG	1
204	203	3	TGAAGCACAGCAAGTCCGTCTTGC	1
205	204	2	GAAGCACAGCAAGTCCGTCTTGCC	1
206	205	1	AAGCACAGCAAGTCCGTCTTGCCC	1
207	206	1	AGCACAGCAAGTCCGTCTTGCCCC	1
208	207	1	GCACAGCAAGTCCGTCTTGCCCCG	1
209	208	1	CACAGCAAGTCCGTCTTGCCCCGT	1
210	209	1	ACAGCAAGTCCGTCTTGCCCCGTG	1
211	210	1	CAGCAAGTCCGTCTTGCCCCGTGA	1
212	211	1	AGCAAGTCCGTCTTGCCCCGTGAA	1
213	212	1	GCAAGTCCGTCTTGCCCCGTGAAT	1
214	213	3	CAAGTCCGTCTTGCCCCGTGAATG	1
215	214	3	AAGTCCGTCTTGCCCCGTGAATGC	1
216	215	3	AGTCCGTCTTGCCCCGTGAATGCG	1
217	216	3	GTCCGTCTTGCCCCGTGAATGCGT	1
218	217	3	TCCGTCTTGCCCCGTGAATGCGTT	1
219	218	3	CCGTCTTGCCCCGTGAATGCGTTC	1
220	219	3	CGTCTTGCCCCGTGAATGCGTTCG	1
221	220	3	GTCTTGCCCCGTGAATGCGTTCGT	1
222	221	3	TCTTGCCCCGTGAATGCGTTCGTA	1
223	222	3	CTTGCCCCGTGAATGCGTTCGTAA	1
224	223	3	TTGCCCCGTGAATGCGTTCGTAAC	1
225	224	3	TGCCCCGTGAATGCGTTCGTAACG	1
226	225	4	GCCCCGTGAATGCGTTCGTAACGA	1
227	226	3	CCCCGTGAATGCGTTCGTAACGAG	1
228	227	3	CCCGTGAATGCGTTCGTAACGAGT	1
229	228	3	CCGTGAATGCGTTCGTAACGAGTC	1
230	229	3	CGTGAATGCGTTCGTAACGAGTCT	1
231	230	3	GTGAATGCGTTCGTAACGAGTCTG	1
232	231	3	TGAATGCGTTCGTAACGAGTCTGT	1
233	232	3	GAATGCGTTCGTAACGAGTCTGTT	1
234	233	3	AATGCGTTCGTAACGAGTCTGTTA	1
235	234	3	ATGCGTTCGTAACGAGTCTGTTAA	1
236	235	3	TGCGTTCGTAACGAGTCTGTTAAG	1
237	236	3	GCGTTCGTAACGAGTCTGTTAAGC	1
238	237	3	CGTTCGTAACGAGTCTGTTAAGCC	1
239	238	3	GTTCGTAACGAGTCTGTTAAGCCC	1
240	239	3	TTCGTAACGAGTCTGTTAAGCCCA	1
241	240	3	TCGTAACGAGTCTGTTAAGCCCAT	1
242	241	3	CGTAACGAGTCTGTTAAGCCCATC	1
243	242	3	GTAACGAGTCTGTTAAGCCCATCA	1
244	243	3	TAACGAGTCTGTTAAGCCCATCAT	1
245	244	3	AACGAGTCTGTTAAGCCCATCATT	1
246	245	3	ACGAGTCTGTTAAGCCCATCATTG	1
247	246	3	CGAGTCTGTTAAGCCCATCATTGA	1
248	247	3	GAGTCTGTTAAGCCCATCATTGAC	1
249	248	4	AGTCTGTTAAGCCCATCATTGACT	1
250	249	4	GTCTGTTAAGCCCATCATTGACTT	1
251	250	4	TCTGTTAAGCCCATCATTGACTTT	1
252	251	4	CTGTTAAGCCCATCATTGACTTTA	1
253	252	4	TGTTAAGCCCATCATTGACTTTAT	1
254	253	4	GTTAAGCCCATCATTGACTTTATG	1
255	254	4	TTAAGCCCATCATTGACTTTATGA	1
256	255	4	TAAGCCCATCATTGACTTTATGAG	1
257	256	4	AAGCCCATCATTGACTTTATGAGT	1
258	257	2	AGCCCATCATTGACTTTATGAGTG	1
259	258	2	GCCCATCATTGACTTTATGAGTGA	1
260	259	2	CCCATCATTGACTTTATGAGTGAC	1
261	260	2	CCATCATTGACTTTATGAGTGACC	1
262	261	2	CATCATTGACTTTATGAGTGACCA	1
263	262	2	ATCATTGACTTTATGAGTGACCAT	1
264	263	2	TCATTGACTTTATGAGTGACCATG	1
265	264	2	CATTGACTTTATGAGTGACCATGT	1
266	265	2	ATTGACTTTATGAGTGACCATGTT	1
267	266	2	TTGACTTTATGAGTGACCATGTTG	1
268	267	2	TGACTTTATGAGTGACCATGTTGA	1
269	268	4	GACTTTATGAGTGACCATGTTGAG	1
270	269	4	ACTTTATGAGTGACCATGTTGAGC	1
271	270	4	CTTTATGAGTGACCATGTTGAGCT	1
272	271	4	TTTATGAGTGACCATGTTGAGCTT	1
273	272	4	TTATGAGTGACCATGTTGAGCTTT	1
274	273	4	TATGAGTGACCATGTTGAGCTTTT	1
275	274	4	ATGAGTGACCATGTTGAGCTTTTC	1
276	275	4	TGAGTGACCATGTTGAGCTTTTCA	1
277	276	4	GAGTGACCATGTTGAGCTTTTCAT	1
278	277	4	AGTGACCATGTTGAGCTTTTCATC	1
279	278	4	GTGACCATGTTGAGCTTTTCATCA	1
280	279	4	TGACCATGTTGAGCTTTTCATCAA	1
281	280	4	GACCATGTTGAGCTTTTCATCAAG	1
282	281	4	ACCATGTTGAGCTTTTCATCAAGG	1
283	282	4	CCATGTTGAGCTTTTCATCAAGGA	1
284	283	4	CATGTTGAGCTTTTCATCAAGGAG	1
285	284	4	ATGTTGAGCTTTTCATCAAGGAGC	1
286	285	4	TGTTGAGCTTTTCATCAAGGAGCA	1
287	286	4	GTTGAGCTTTTCATCAAGGAGCAC	1
288	287	4	TTGAGCTTTTCATCAAGGAGCACT	1
289	288	4	TGAGCTTTTCATCAAGGAGCACTT	1
290	289	4	GAGCTTTTCATCAAGGAGCACTTC	1
291	290	4	AGCTTTTCATCAAGGAGCACTTCC	1
292	291	4	GCTTTTCATCAAGGAGCACTTCCC	1
293	292	3	CTTTTCATCAAGGAGCACTTCCCT	1
294	293	3	TTTTCATCAAGGAGCACTTCCCTT	1
295	294	3	TTTCATCAAGGAGCACTTCCCTTC	1
296	295	3	TTCATCAAGGAGCACTTCCCTTCC	1
297	296	3	TCATCAAGGAGCACTTCCCTTCCA	1
298	297	3	CATCAAGGAGCACTTCCCTTCCAA	1
299	298	3	ATCAAGGAGCACTTCCCTTCCAAG	1
300	299	3	TCAAGGAGCACTTCCCTTCCAAGT	1
301	300	3	CAAGGAGCACTTCCCTTCCAAGTT	1
302	301	3	AAGGAGCACTTCCCTTCCAAGTTT	1
303	302	4	AGGAGCACTTCCCTTCCAAGTTTG	1
304	303	4	GGAGCACTTCCCTTCCAAGTTTGG	1
305	304	5	GAGCACTTCCCTTCCAAGTTTGGC	1
306	305	6	AGCACTTCCCTTCCAAGTTTGGCT	1
307	306	6	GCACTTCCCTTCCAAGTTTGGCTG	1
308	307	6	CACTTCCCTTCCAAGTTTGGCTGC	1
309	308	6	ACTTCCCTTCCAAGTTTGGCTGCC	1
310	309	6	CTTCCCTTCCAAGTTTGGCTGCCC	1
311	310	6	TTCCCTTCCAAGTTTGGCTGCCCT	1
312	311	7	TCCCTTCCAAGTTTGGCTGCCCTG	1
313	312	7	CCCTTCCAAGTTTGGCTGCCCTGA	1
314	313	6	CCTTCCAAGTTTGGCTGCCCTGAG	1
315	314	6	CTTCCAAGTTTGGCTGCCCTGAGG	1
316	315	6	TTCCAAGTTTGGCTGCCCTGAGGA	1
317	316	6	TCCAAGTTTGGCTGCCCTGAGGAG	1
318	317	6	CCAAGTTTGGCTGCCCTGAGGAGG	1
319	318	6	CAAGTTTGGCTGCCCTGAGGAGGA	1
320	319	6	AAGTTTGGCTGCCCTGAGGAGGAA	1
321	320	6	AGTTTGGCTGCCCTGAGGAGGAAT	1
322	321	6	GTTTGGCTGCCCTGAGGAGGAATA	1
323	322	6	TTTGGCTGCCCTGAGGAGGAATAC	1
324	323	6	TTGGCTGCCCTGAGGAGGAATACC	1
325	324	6	TGGCTGCCCTGAGGAGGAATACCT	1
326	325	7	GGCTGCCCTGAGGAGGAATACCTT	1
327	326	7	GCTGCCCTGAGGAGGAATACCTTC	1
328	327	7	CTGCCCTGAGGAGGAATACCTTCC	1
329	328	7	TGCCCTGAGGAGGAATACCTTCCT	1
330	329	7	GCCCTGAGGAGGAATACCTTCCTA	1
331	330	7	CCCTGAGGAGGAATACCTTCCTAT	1
332	331	7	CCTGAGGAGGAATACCTTCCTATG	1
333	332	7	CTGAGGAGGAATACCTTCCTATGG	1
334	333	9	TGAGGAGGAATACCTTCCTATGGG	1
335	334	9	GAGGAGGAATACCTTCCTATGGGT	1
336	335	9	AGGAGGAATACCTTCCTATGGGTT	1
337	336	9	GGAGGAATACCTTCCTATGGGTTT	1
338	337	9	GAGGAATACCTTCCTATGGGTTTC	1
339	338	10	AGGAATACCTTCCTATGGGTTTCA	1
340	339	10	GGAATACCTTCCTATGGGTTTCAC	1
341	340	11	GAATACCTTCCTATGGGTTTCACC	1
342	341	11	AATACCTTCCTATGGGTTTCACCT	1
343	342	11	ATACCTTCCTATGGGTTTCACCTT	1
344	343	11	TACCTTCCTATGGGTTTCACCTTT	1
345	344	11	ACCTTCCTATGGGTTTCACCTTTT	1
346	345	11	CCTTCCTATGGGTTTCACCTTTTC	1
347	346	10	CTTCCTATGGGTTTCACCTTTTCT	1
348	347	10	TTCCTATGGGTTTCACCTTTTCTT	1
349	348	9	TCCTATGGGTTTCACCTTTTCTTA	1
350	349	8	CCTATGGGTTTCACCTTTTCTTAT	1
351	350	9	CTATGGGTTTCACCTTTTCTTATC	1
352	351	9	TATGGGTTTCACCTTTTCTTATCC	1
353	352	9	ATGGGTTTCACCTTTTCTTATCCC	1
354	353	9	TGGGTTTCACCTTTTCTTATCCCG	1
355	354	9	GGGTTTCACCTTTTCTTATCCCGC	1
356	355	8	GGTTTCACCTTTTCTTATCCCGCC	1
357	356	6	GTTTCACCTTTTCTTATCCCGCCA	1
358	357	6	TTTCACCTTTTCTTATCCCGCCAA	1
359	358	6	TTCACCTTTTCTTATCCCGCCAAC	1
360	359	6	TCACCTTTTCTTATCCCGCCAACC	1
361	360	6	CACCTTTTCTTATCCCGCCAACCA	1
362	361	6	ACCTTTTCTTATCCCGCCAACCAA	1
363	362	7	CCTTTTCTTATCCCGCCAACCAAG	1
364	363	7	CTTTTCTTATCCCGCCAACCAAGT	1
365	364	7	TTTTCTTATCCCGCCAACCAAGTT	1
366	365	8	TTTCTTATCCCGCCAACCAAGTTT	1
367	366	8	TTCTTATCCCGCCAACCAAGTTTC	1
368	367	8	TCTTATCCCGCCAACCAAGTTTCC	1
369	368	8	CTTATCCCGCCAACCAAGTTTCCA	1
370	369	7	TTATCCCGCCAACCAAGTTTCCAT	1
371	370	7	TATCCCGCCAACCAAGTTTCCATC	1
372	371	8	ATCCCGCCAACCAAGTTTCCATCA	1
373	372	8	TCCCGCCAACCAAGTTTCCATCAC	1
374	373	8	CCCGCCAACCAAGTTTCCATCACC	1
375	374	8	CCGCCAACCAAGTTTCCATCACCG	1
376	375	9	CGCCAACCAAGTTTCCATCACCGA	1
377	376	9	GCCAACCAAGTTTCCATCACCGAG	1
378	377	8	CCAACCAAGTTTCCATCACCGAGA	1
379	378	8	CAACCAAGTTTCCATCACCGAGAG	1
380	379	8	AACCAAGTTTCCATCACCGAGAGC	1
381	380	8	ACCAAGTTTCCATCACCGAGAGCT	1
382	381	8	CCAAGTTTCCATCACCGAGAGCTA	1
383	382	7	CAAGTTTCCATCACCGAGAGCTAC	1
384	383	7	AAGTTTCCATCACCGAGAGCTACT	1
385	384	6	AGTTTCCATCACCGAGAGCTACTT	1
386	385	6	GTTTCCATCACCGAGAGCTACTTG	1
387	386	6	TTTCCATCACCGAGAGCTACTTGC	1
388	387	6	TTCCATCACCGAGAGCTACTTGCT	1
389	388	6	TCCATCACCGAGAGCTACTTGCTT	1
390	389	6	CCATCACCGAGAGCTACTTGCTTC	1
391	390	6	CATCACCGAGAGCTACTTGCTTCG	1
392	391	6	ATCACCGAGAGCTACTTGCTTCGT	1
393	392	6	TCACCGAGAGCTACTTGCTTCGTT	1
394	393	6	CACCGAGAGCTACTTGCTTCGTTG	1
395	394	5	ACCGAGAGCTACTTGCTTCGTTGG	1
396	395	5	CCGAGAGCTACTTGCTTCGTTGGA	1
397	396	6	CGAGAGCTACTTGCTTCGTTGGAC	1
398	397	6	GAGAGCTACTTGCTTCGTTGGACC	1
399	398	6	AGAGCTACTTGCTTCGTTGGACCA	1
400	399	7	GAGCTACTTGCTTCGTTGGACCAA	1
401	400	7	AGCTACTTGCTTCGTTGGACCAAG	1
402	401	7	GCTACTTGCTTCGTTGGACCAAGG	1
403	402	7	CTACTTGCTTCGTTGGACCAAGGG	1
404	403	7	TACTTGCTTCGTTGGACCAAGGGT	1
405	404	7	ACTTGCTTCGTTGGACCAAGGGTC	1
406	405	7	CTTGCTTCGTTGGACCAAGGGTCT	1
407	406	8	TTGCTTCGTTGGACCAAGGGTCTT	1
408	407	8	TGCTTCGTTGGACCAAGGGTCTTA	1
409	408	8	GCTTCGTTGGACCAAGGGTCTTAA	1
410	409	7	CTTCGTTGGACCAAGGGTCTTAAC	1
411	410	7	TTCGTTGGACCAAGGGTCTTAACA	1
412	411	7	TCGTTGGACCAAGGGTCTTAACAT	1
413	412	7	CGTTGGACCAAGGGTCTTAACATT	1
414	413	7	GTTGGACCAAGGGTCTTAACATTC	1
415	414	7	TTGGACCAAGGGTCTTAACATTCC	1
416	415	6	TGGACCAAGGGTCTTAACATTCCT	1
417	416	6	GGACCAAGGGTCTTAACATTCCTG	1
418	417	6	GACCAAGGGTCTTAACATTCCTGA	1
419	418	6	ACCAAGGGTCTTAACATTCCTGAG	1
420	419	4	CCAAGGGTCTTAACATTCCTGAGG	1
421	420	4	CAAGGGTCTTAACATTCCTGAGGC	1
422	421	4	AAGGGTCTTAACATTCCTGAGGCC	1
423	422	4	AGGGTCTTAACATTCCTGAGGCCA	1
424	423	4	GGGTCTTAACATTCCTGAGGCCAT	1
425	424	4	GGTCTTAACATTCCTGAGGCCATC	1
426	425	3	GTCTTAACATTCCTGAGGCCATCA	1
427	426	3	TCTTAACATTCCTGAGGCCATCAA	1
428	427	4	CTTAACATTCCTGAGGCCATCAAC	1
429	428	4	TTAACATTCCTGAGGCCATCAACA	1
430	429	4	TAACATTCCTGAGGCCATCAACAA	1
431	430	4	AACATTCCTGAGGCCATCAACAAG	1
432	431	4	ACATTCCTGAGGCCATCAACAAGG	1
433	432	4	CATTCCTGAGGCCATCAACAAGGA	1
434	433	4	ATTCCTGAGGCCATCAACAAGGAC	1
435	434	4	TTCCTGAGGCCATCAACAAGGACT	1
436	435	4	TCCTGAGGCCATCAACAAGGACTT	1
437	436	4	CCTGAGGCCATCAACAAGGACTTT	1
438	437	4	CTGAGGCCATCAACAAGGACTTTG	1
439	438	4	TGAGGCCATCAACAAGGACTTTGC	1
440	439	4	GAGGCCATCAACAAGGACTTTGCC	1
441	440	3	AGGCCATCAACAAGGACTTTGCCC	1
442	441	3	GGCCATCAACAAGGACTTTGCCCA	1
443	442	3	GCCATCAACAAGGACTTTGCCCAA	1
444	443	2	CCATCAACAAGGACTTTGCCCAAT	1
445	444	2	CATCAACAAGGACTTTGCCCAATT	1
446	445	3	ATCAACAAGGACTTTGCCCAATTT	1
447	446	3	TCAACAAGGACTTTGCCCAATTTT	1
448	447	5	CAACAAGGACTTTGCCCAATTTTT	1
449	448	5	AACAAGGACTTTGCCCAATTTTTG	1
450	449	5	ACAAGGACTTTGCCCAATTTTTGA	1
451	450	4	CAAGGACTTTGCCCAATTTTTGAC	1
452	451	5	AAGGACTTTGCCCAATTTTTGACT	1
453	452	5	AGGACTTTGCCCAATTTTTGACTG	1
454	453	5	GGACTTTGCCCAATTTTTGACTGA	1
455	454	5	GACTTTGCCCAATTTTTGACTGAA	1
456	455	5	ACTTTGCCCAATTTTTGACTGAAG	1
457	456	5	CTTTGCCCAATTTTTGACTGAAGG	1
458	457	5	TTTGCCCAATTTTTGACTGAAGGT	1
459	458	5	TTGCCCAATTTTTGACTGAAGGTT	1
460	459	7	TGCCCAATTTTTGACTGAAGGTTT	1
461	460	7	GCCCAATTTTTGACTGAAGGTTTC	1
462	461	7	CCCAATTTTTGACTGAAGGTTTCA	1
463	462	7	CCAATTTTTGACTGAAGGTTTCAA	1
464	463	7	CAATTTTTGACTGAAGGTTTCAAG	1
465	464	7	AATTTTTGACTGAAGGTTTCAAGG	1
466	465	7	ATTTTTGACTGAAGGTTTCAAGGC	1
467	466	7	TTTTTGACTGAAGGTTTCAAGGCT	1
468	467	7	TTTTGACTGAAGGTTTCAAGGCTC	1
469	468	7	TTTGACTGAAGGTTTCAAGGCTCG	1
470	469	7	TTGACTGAAGGTTTCAAGGCTCGT	1
471	470	7	TGACTGAAGGTTTCAAGGCTCGTA	1
472	471	6	GACTGAAGGTTTCAAGGCTCGTAA	1
473	472	6	ACTGAAGGTTTCAAGGCTCGTAAC	1
474	473	6	CTGAAGGTTTCAAGGCTCGTAACC	1
475	474	6	TGAAGGTTTCAAGGCTCGTAACCT	1
476	475	5	GAAGGTTTCAAGGCTCGTAACCTT	1
477	476	5	AAGGTTTCAAGGCTCGTAACCTTC	1
478	477	5	AGGTTTCAAGGCTCGTAACCTTCC	1
479	478	6	GGTTTCAAGGCTCGTAACCTTCCT	1
480	479	6	GTTTCAAGGCTCGTAACCTTCCTA	1
481	480	7	TTTCAAGGCTCGTAACCTTCCTAT	1
482	481	7	TTCAAGGCTCGTAACCTTCCTATT	1
483	482	7	TCAAGGCTCGTAACCTTCCTATTA	1
484	483	8	CAAGGCTCGTAACCTTCCTATTAG	1
485	484	8	AAGGCTCGTAACCTTCCTATTAGA	1
486	485	8	AGGCTCGTAACCTTCCTATTAGAA	1
487	486	8	GGCTCGTAACCTTCCTATTAGAAT	1
488	487	8	GCTCGTAACCTTCCTATTAGAATC	1
489	488	9	CTCGTAACCTTCCTATTAGAATCG	1
490	489	8	TCGTAACCTTCCTATTAGAATCGA	1
491	490	8	CGTAACCTTCCTATTAGAATCGAG	1
492	491	6	GTAACCTTCCTATTAGAATCGAGG	1
493	492	6	TAACCTTCCTATTAGAATCGAGGC	1
494	493	6	AACCTTCCTATTAGAATCGAGGCT	1
495	494	6	ACCTTCCTATTAGAATCGAGGCTG	1
496	495	5	CCTTCCTATTAGAATCGAGGCTGT	1
497	496	5	CTTCCTATTAGAATCGAGGCTGTC	1
498	497	5	TTCCTATTAGAATCGAGGCTGTCA	1
499	498	5	TCCTATTAGAATCGAGGCTGTCAT	1
500	499	5	CCTATTAGAATCGAGGCTGTCATC	1
501	500	6	CTATTAGAATCGAGGCTGTCATCA	1
502	501	8	TATTAGAATCGAGGCTGTCATCAA	1
503	502	8	ATTAGAATCGAGGCTGTCATCAAC	1
504	503	6	TTAGAATCGAGGCTGTCATCAACG	1
505	504	6	TAGAATCGAGGCTGTCATCAACGA	1
506	505	6	AGAATCGAGGCTGTCATCAACGAT	1
507	506	6	GAATCGAGGCTGTCATCAACGATA	1
508	507	6	AATCGAGGCTGTCATCAACGATAC	1
509	508	6	ATCGAGGCTGTCATCAACGATACC	1
510	509	6	TCGAGGCTGTCATCAACGATACCG	1
511	510	6	CGAGGCTGTCATCAACGATACCGT	1
512	511	7	GAGGCTGTCATCAACGATACCGTC	1
513	512	7	AGGCTGTCATCAACGATACCGTCG	1
514	513	7	GGCTGTCATCAACGATACCGTCGG	1
515	514	7	GCTGTCATCAACGATACCGTCGGT	1
516	515	7	CTGTCATCAACGATACCGTCGGTA	1
517	516	7	TGTCATCAACGATACCGTCGGTAC	1
518	517	7	GTCATCAACGATACCGTCGGTACT	1
519	518	7	TCATCAACGATACCGTCGGTACTC	1
520	519	7	CATCAACGATACCGTCGGTACTCT	1
521	520	7	ATCAACGATACCGTCGGTACTCTC	1
522	521	7	TCAACGATACCGTCGGTACTCTCG	1
523	522	6	CAACGATACCGTCGGTACTCTCGT	1
524	523	6	AACGATACCGTCGGTACTCTCGTT	1
525	524	5	ACGATACCGTCGGTACTCTCGTTA	1
526	525	5	CGATACCGTCGGTACTCTCGTTAC	1
527	526	5	GATACCGTCGGTACTCTCGTTACC	1
528	527	5	ATACCGTCGGTACTCTCGTTACCC	1
529	528	5	TACCGTCGGTACTCTCGTTACCCG	1
530	529	5	ACCGTCGGTACTCTCGTTACCCGT	1
531	530	5	CCGTCGGTACTCTCGTTACCCGTG	1
532	531	5	CGTCGGTACTCTCGTTACCCGTGC	1
533	532	5	GTCGGTACTCTCGTTACCCGTGCT	1
534	533	5	TCGGTACTCTCGTTACCCGTGCTT	1
535	534	5	CGGTACTCTCGTTACCCGTGCTTA	1
536	535	5	GGTACTCTCGTTACCCGTGCTTAT	1
537	536	5	GTACTCTCGTTACCCGTGCTTATA	1
538	537	5	TACTCTCGTTACCCGTGCTTATAC	1
539	538	5	ACTCTCGTTACCCGTGCTTATACT	1
540	539	5	CTCTCGTTACCCGTGCTTATACTT	1
541	540	5	TCTCGTTACCCGTGCTTATACTTC	1
542	541	5	CTCGTTACCCGTGCTTATACTTCA	1
543	542	6	TCGTTACCCGTGCTTATACTTCAA	1
544	543	6	CGTTACCCGTGCTTATACTTCAAA	1
545	544	6	GTTACCCGTGCTTATACTTCAAAG	1
546	545	4	TTACCCGTGCTTATACTTCAAAGG	1
547	546	4	TACCCGTGCTTATACTTCAAAGGA	1
548	547	4	ACCCGTGCTTATACTTCAAAGGAG	1
549	548	4	CCCGTGCTTATACTTCAAAGGAGA	1
550	549	4	CCGTGCTTATACTTCAAAGGAGAG	1
551	550	4	CGTGCTTATACTTCAAAGGAGAGC	1
552	551	5	GTGCTTATACTTCAAAGGAGAGCG	1
553	552	4	TGCTTATACTTCAAAGGAGAGCGA	1
554	553	4	GCTTATACTTCAAAGGAGAGCGAC	1
555	554	4	CTTATACTTCAAAGGAGAGCGACA	1
556	555	3	TTATACTTCAAAGGAGAGCGACAC	1
557	556	3	TATACTTCAAAGGAGAGCGACACC	1
558	557	3	ATACTTCAAAGGAGAGCGACACCT	1
559	558	3	TACTTCAAAGGAGAGCGACACCTT	1
560	559	3	ACTTCAAAGGAGAGCGACACCTTT	1
561	560	3	CTTCAAAGGAGAGCGACACCTTTA	1
562	561	3	TTCAAAGGAGAGCGACACCTTTAT	1
563	562	3	TCAAAGGAGAGCGACACCTTTATG	1
564	563	3	CAAAGGAGAGCGACACCTTTATGG	1
565	564	3	AAAGGAGAGCGACACCTTTATGGG	1
566	565	3	AAGGAGAGCGACACCTTTATGGGT	1
567	566	3	AGGAGAGCGACACCTTTATGGGTA	1
568	567	3	GGAGAGCGACACCTTTATGGGTAT	1
569	568	3	GAGAGCGACACCTTTATGGGTATC	1
570	569	3	AGAGCGACACCTTTATGGGTATCA	1
571	570	4	GAGCGACACCTTTATGGGTATCAT	1
572	571	3	AGCGACACCTTTATGGGTATCATT	1
573	572	3	GCGACACCTTTATGGGTATCATTT	1
574	573	3	CGACACCTTTATGGGTATCATTTT	1
575	574	3	GACACCTTTATGGGTATCATTTTC	1
576	575	4	ACACCTTTATGGGTATCATTTTCG	1
577	576	4	CACCTTTATGGGTATCATTTTCGG	1
578	577	4	ACCTTTATGGGTATCATTTTCGGA	1
579	578	4	CCTTTATGGGTATCATTTTCGGAA	1
580	579	5	CTTTATGGGTATCATTTTCGGAAC	1
581	580	5	TTTATGGGTATCATTTTCGGAACC	1
582	581	5	TTATGGGTATCATTTTCGGAACCG	1
583	582	5	TATGGGTATCATTTTCGGAACCGG	1
584	583	5	ATGGGTATCATTTTCGGAACCGGT	1
585	584	5	TGGGTATCATTTTCGGAACCGGTA	1
586	585	5	GGGTATCATTTTCGGAACCGGTAC	1
587	586	4	GGTATCATTTTCGGAACCGGTACC	1
588	587	4	GTATCATTTTCGGAACCGGTACCA	1
589	588	4	TATCATTTTCGGAACCGGTACCAA	1
590	589	4	ATCATTTTCGGAACCGGTACCAAC	1
591	590	5	TCATTTTCGGAACCGGTACCAACG	1
592	591	5	CATTTTCGGAACCGGTACCAACGG	1
593	592	5	ATTTTCGGAACCGGTACCAACGGT	1
594	593	5	TTTTCGGAACCGGTACCAACGGTG	1
595	594	4	TTTCGGAACCGGTACCAACGGTGC	1
596	595	3	TTCGGAACCGGTACCAACGGTGCT	1
597	596	3	TCGGAACCGGTACCAACGGTGCTT	1
598	597	3	CGGAACCGGTACCAACGGTGCTTA	1
599	598	3	GGAACCGGTACCAACGGTGCTTAC	1
600	599	3	GAACCGGTACCAACGGTGCTTACG	1
601	600	3	AACCGGTACCAACGGTGCTTACGT	1
602	601	4	ACCGGTACCAACGGTGCTTACGTC	1
603	602	4	CCGGTACCAACGGTGCTTACGTCG	1
604	603	4	CGGTACCAACGGTGCTTACGTCGA	1
605	604	4	GGTACCAACGGTGCTTACGTCGAG	1
606	605	4	GTACCAACGGTGCTTACGTCGAGC	1
607	606	4	TACCAACGGTGCTTACGTCGAGCA	1
608	607	4	ACCAACGGTGCTTACGTCGAGCAA	1
609	608	4	CCAACGGTGCTTACGTCGAGCAAA	1
610	609	4	CAACGGTGCTTACGTCGAGCAAAT	1
611	610	4	AACGGTGCTTACGTCGAGCAAATG	1
612	611	4	ACGGTGCTTACGTCGAGCAAATGA	1
613	612	4	CGGTGCTTACGTCGAGCAAATGAA	1
614	613	4	GGTGCTTACGTCGAGCAAATGAAC	1
615	614	3	GTGCTTACGTCGAGCAAATGAACC	1
616	615	3	TGCTTACGTCGAGCAAATGAACCA	1
617	616	3	GCTTACGTCGAGCAAATGAACCAA	1
618	617	3	CTTACGTCGAGCAAATGAACCAAA	1
619	618	3	TTACGTCGAGCAAATGAACCAAAT	1
620	619	3	TACGTCGAGCAAATGAACCAAATT	1
621	620	3	ACGTCGAGCAAATGAACCAAATTC	1
622	621	3	CGTCGAGCAAATGAACCAAATTCC	1
623	622	4	GTCGAGCAAATGAACCAAATTCCC	1
624	623	3	TCGAGCAAATGAACCAAATTCCCA	1
625	624	3	CGAGCAAATGAACCAAATTCCCAA	1
626	625	4	GAGCAAATGAACCAAATTCCCAAG	1
627	626	4	AGCAAATGAACCAAATTCCCAAGC	1
628	627	3	GCAAATGAACCAAATTCCCAAGCT	1
629	628	3	CAAATGAACCAAATTCCCAAGCTT	1
630	629	3	AAATGAACCAAATTCCCAAGCTTG	1
631	630	3	AATGAACCAAATTCCCAAGCTTGC	1
632	631	3	ATGAACCAAATTCCCAAGCTTGCT	1
633	632	4	TGAACCAAATTCCCAAGCTTGCTG	1
634	633	4	GAACCAAATTCCCAAGCTTGCTGG	1
635	634	4	AACCAAATTCCCAAGCTTGCTGGC	1
636	635	4	ACCAAATTCCCAAGCTTGCTGGCA	1
637	636	4	CCAAATTCCCAAGCTTGCTGGCAA	1
638	637	4	CAAATTCCCAAGCTTGCTGGCAAG	1
639	638	4	AAATTCCCAAGCTTGCTGGCAAGT	1
640	639	4	AATTCCCAAGCTTGCTGGCAAGTG	1
641	640	4	ATTCCCAAGCTTGCTGGCAAGTGT	1
642	641	4	TTCCCAAGCTTGCTGGCAAGTGTA	1
643	642	4	TCCCAAGCTTGCTGGCAAGTGTAC	1
644	643	4	CCCAAGCTTGCTGGCAAGTGTACT	1
645	644	5	CCAAGCTTGCTGGCAAGTGTACTG	1
646	645	4	CAAGCTTGCTGGCAAGTGTACTGG	1
647	646	4	AAGCTTGCTGGCAAGTGTACTGGT	1
648	647	4	AGCTTGCTGGCAAGTGTACTGGTG	1
649	648	4	GCTTGCTGGCAAGTGTACTGGTGA	1
650	649	4	CTTGCTGGCAAGTGTACTGGTGAT	1
651	650	4	TTGCTGGCAAGTGTACTGGTGATC	1
652	651	4	TGCTGGCAAGTGTACTGGTGATCA	1
653	652	4	GCTGGCAAGTGTACTGGTGATCAT	1
654	653	4	CTGGCAAGTGTACTGGTGATCATA	1
655	654	4	TGGCAAGTGTACTGGTGATCATAT	1
656	655	4	GGCAAGTGTACTGGTGATCATATG	1
657	656	4	GCAAGTGTACTGGTGATCATATGC	1
658	657	4	CAAGTGTACTGGTGATCATATGCT	1
659	658	4	AAGTGTACTGGTGATCATATGCTT	1
660	659	4	AGTGTACTGGTGATCATATGCTTA	1
661	660	4	GTGTACTGGTGATCATATGCTTAT	1
662	661	4	TGTACTGGTGATCATATGCTTATC	1
663	662	4	GTACTGGTGATCATATGCTTATCA	1
664	663	4	TACTGGTGATCATATGCTTATCAA	1
665	664	4	ACTGGTGATCATATGCTTATCAAC	1
666	665	5	CTGGTGATCATATGCTTATCAACA	1
667	666	4	TGGTGATCATATGCTTATCAACAT	1
668	667	4	GGTGATCATATGCTTATCAACATG	1
669	668	4	GTGATCATATGCTTATCAACATGG	1
670	669	2	TGATCATATGCTTATCAACATGGA	1
671	670	2	GATCATATGCTTATCAACATGGAA	1
672	671	2	ATCATATGCTTATCAACATGGAAT	1
673	672	2	TCATATGCTTATCAACATGGAATG	1
674	673	2	CATATGCTTATCAACATGGAATGG	1
675	674	2	ATATGCTTATCAACATGGAATGGG	1
676	675	2	TATGCTTATCAACATGGAATGGGG	1
677	676	1	ATGCTTATCAACATGGAATGGGGA	1
678	677	1	TGCTTATCAACATGGAATGGGGAG	1
679	678	1	GCTTATCAACATGGAATGGGGAGC	1
680	679	1	CTTATCAACATGGAATGGGGAGCA	1
681	680	1	TTATCAACATGGAATGGGGAGCAA	1
682	681	1	TATCAACATGGAATGGGGAGCAAC	1
683	682	1	ATCAACATGGAATGGGGAGCAACT	1
684	683	1	TCAACATGGAATGGGGAGCAACTG	1
685	684	1	CAACATGGAATGGGGAGCAACTGA	1
686	685	1	AACATGGAATGGGGAGCAACTGAT	1
687	686	2	ACATGGAATGGGGAGCAACTGATT	1
688	687	2	CATGGAATGGGGAGCAACTGATTT	1
689	688	1	ATGGAATGGGGAGCAACTGATTTC	1
690	689	1	TGGAATGGGGAGCAACTGATTTCT	1
691	690	2	GGAATGGGGAGCAACTGATTTCTC	1
692	691	2	GAATGGGGAGCAACTGATTTCTCT	1
693	692	2	AATGGGGAGCAACTGATTTCTCTT	1
694	693	2	ATGGGGAGCAACTGATTTCTCTTG	1
695	694	2	TGGGGAGCAACTGATTTCTCTTGC	1
696	695	2	GGGGAGCAACTGATTTCTCTTGCC	1
697	696	2	GGGAGCAACTGATTTCTCTTGCCT	1
698	697	2	GGAGCAACTGATTTCTCTTGCCTT	1
699	698	2	GAGCAACTGATTTCTCTTGCCTTC	1
700	699	2	AGCAACTGATTTCTCTTGCCTTCA	1
701	700	2	GCAACTGATTTCTCTTGCCTTCAC	1
702	701	2	CAACTGATTTCTCTTGCCTTCACT	1
703	702	2	AACTGATTTCTCTTGCCTTCACTC	1
704	703	2	ACTGATTTCTCTTGCCTTCACTCC	1
705	704	2	CTGATTTCTCTTGCCTTCACTCCA	1
706	705	2	TGATTTCTCTTGCCTTCACTCCAC	1
707	706	2	GATTTCTCTTGCCTTCACTCCACT	1
708	707	2	ATTTCTCTTGCCTTCACTCCACTC	1
709	708	2	TTTCTCTTGCCTTCACTCCACTCG	1
710	709	2	TTCTCTTGCCTTCACTCCACTCGT	1
711	710	2	TCTCTTGCCTTCACTCCACTCGTT	1
712	711	2	CTCTTGCCTTCACTCCACTCGTTA	1
713	712	2	TCTTGCCTTCACTCCACTCGTTAT	1
714	713	2	CTTGCCTTCACTCCACTCGTTATG	1
715	714	2	TTGCCTTCACTCCACTCGTTATGA	1
716	715	2	TGCCTTCACTCCACTCGTTATGAT	1
717	716	2	GCCTTCACTCCACTCGTTATGATT	1
718	717	2	CCTTCACTCCACTCGTTATGATTT	1
719	718	2	CTTCACTCCACTCGTTATGATTTA	1
720	719	2	TTCACTCCACTCGTTATGATTTAC	1
721	720	2	TCACTCCACTCGTTATGATTTACT	1
722	721	2	CACTCCACTCGTTATGATTTACTT	1
723	722	2	ACTCCACTCGTTATGATTTACTTC	1
724	723	2	CTCCACTCGTTATGATTTACTTCT	1
725	724	2	TCCACTCGTTATGATTTACTTCTT	1
726	725	2	CCACTCGTTATGATTTACTTCTTG	1
727	726	2	CACTCGTTATGATTTACTTCTTGA	1
728	727	2	ACTCGTTATGATTTACTTCTTGAT	1
729	728	2	CTCGTTATGATTTACTTCTTGATC	1
730	729	2	TCGTTATGATTTACTTCTTGATCA	1
731	730	1	CGTTATGATTTACTTCTTGATCAT	1
732	731	1	GTTATGATTTACTTCTTGATCATG	1
733	732	1	TTATGATTTACTTCTTGATCATGA	1
734	733	1	TATGATTTACTTCTTGATCATGAT	1
735	-1	0	CTGTTCTTTCCAGAATGATGGTTG	1
736	735	1	TGTTCTTTCCAGAATGATGGTTGA	1
737	736	1	GTTCTTTCCAGAATGATGGTTGAA	1
738	737	1	TTCTTTCCAGAATGATGGTTGAAC	1
739	738	1	TCTTTCCAGAATGATGGTTGAACG	1
740	739	1	CTTTCCAGAATGATGGTTGAACGT	1
741	740	1	TTTCCAGAATGATGGTTGAACGTT	1
742	741	1	TTCCAGAATGATGGTTGAACGTTC	1
743	742	1	TCCAGAATGATGGTTGAACGTTCT	1
744	743	1	CCAGAATGATGGTTGAACGTTCTG	1
745	744	1	CAGAATGATGGTTGAACGTTCTGC	1
746	745	1	AGAATGATGGTTGAACGTTCTGCT	1
747	746	1	GAATGATGGTTGAACGTTCTGCTG	1
748	747	1	AATGATGGTTGAACGTTCTGCTGA	1
749	748	1	ATGATGGTTGAACGTTCTGCTGAG	1
750	749	1	TGATGGTTGAACGTTCTGCTGAGA	1
751	750	1	GATGGTTGAACGTTCTGCTGAGAA	1
752	751	1	ATGGTTGAACGTTCTGCTGAGAAT	1
753	752	1	TGGTTGAACGTTCTGCTGAGAATG	1
754	753	1	GGTTGAACGTTCTGCTGAGAATGT	1
755	754	2	GTTGAACGTTCTGCTGAGAATGTT	1
756	755	3	TTGAACGTTCTGCTGAGAATGTTC	1
757	756	3	TGAACGTTCTGCTGAGAATGTTCG	1
758	757	4	GAACGTTCTGCTGAGAATGTTCGT	1
759	758	4	AACGTTCTGCTGAGAATGTTCGTA	1
760	759	4	ACGTTCTGCTGAGAATGTTCGTAA	1
761	760	4	CGTTCTGCTGAGAATGTTCGTAAC	1
762	761	4	GTTCTGCTGAGAATGTTCGTAACG	1
763	762	4	TTCTGCTGAGAATGTTCGTAACGT	1
764	763	4	TCTGCTGAGAATGTTCGTAACGTT	1
765	764	4	CTGCTGAGAATGTTCGTAACGTTC	1
766	765	4	TGCTGAGAATGTTCGTAACGTTCT	1
767	766	4	GCTGAGAATGTTCGTAACGTTCTT	1
768	767	4	CTGAGAATGTTCGTAACGTTCTTA	1
769	768	4	TGAGAATGTTCGTAACGTTCTTAG	1
770	769	4	GAGAATGTTCGTAACGTTCTTAGT	1
771	770	4	AGAATGTTCGTAACGTTCTTAGTA	1
772	771	4	GAATGTTCGTAACGTTCTTAGTAC	1
773	772	4	AATGTTCGTAACGTTCTTAGTACA	1
774	773	4	ATGTTCGTAACGTTCTTAGTACAT	1
775	774	4	TGTTCGTAACGTTCTTAGTACATT	1
776	775	4	GTTCGTAACGTTCTTAGTACATTC	1
777	776	4	TTCGTAACGTTCTTAGTACATTCA	1
778	777	4	TCGTAACGTTCTTAGTACATTCAA	1
779	778	4	CGTAACGTTCTTAGTACATTCAAG	1
780	779	3	GTAACGTTCTTAGTACATTCAAGT	1
781	780	3	TAACGTTCTTAGTACATTCAAGTT	1
782	781	3	AACGTTCTTAGTACATTCAAGTTC	1
783	782	3	ACGTTCTTAGTACATTCAAGTTCC	1
784	783	3	CGTTCTTAGTACATTCAAGTTCCG	1
785	784	3	GTTCTTAGTACATTCAAGTTCCGT	1
786	785	3	TTCTTAGTACATTCAAGTTCCGTT	1
787	786	3	TCTTAGTACATTCAAGTTCCGTTT	1
788	787	3	CTTAGTACATTCAAGTTCCGTTTC	1
789	788	3	TTAGTACATTCAAGTTCCGTTTCC	1
790	789	3	TAGTACATTCAAGTTCCGTTTCCG	1
791	790	3	AGTACATTCAAGTTCCGTTTCCGC	1
792	791	3	GTACATTCAAGTTCCGTTTCCGCA	1
793	792	3	TACATTCAAGTTCCGTTTCCGCAG	1
794	793	3	ACATTCAAGTTCCGTTTCCGCAGC	1
795	794	3	CATTCAAGTTCCGTTTCCGCAGCG	1
796	795	3	ATTCAAGTTCCGTTTCCGCAGCGA	1
797	796	3	TTCAAGTTCCGTTTCCGCAGCGAC	1
798	797	3	TCAAGTTCCGTTTCCGCAGCGACG	1
799	798	2	CAAGTTCCGTTTCCGCAGCGACGA	1
800	799	1	AAGTTCCGTTTCCGCAGCGACGAA	1
801	800	1	AGTTCCGTTTCCGCAGCGACGAAG	1
802	-1	0	TAATTTATAATAAGCAATGGAGGC	1
803	802	3	AATTTATAATAAGCAATGGAGGCT	1
804	803	3	ATTTATAATAAGCAATGGAGGCTA	1
805	804	3	TTTATAATAAGCAATGGAGGCTAA	1
806	805	3	TTATAATAAGCAATGGAGGCTAAT	1
807	806	3	TATAATAAGCAATGGAGGCTAATT	1
808	807	3	ATAATAAGCAATGGAGGCTAATTT	1
809	808	3	TAATAAGCAATGGAGGCTAATTTT	1
810	809	3	AATAAGCAATGGAGGCTAATTTTC	1
811	810	3	ATAAGCAATGGAGGCTAATTTTCA	1
812	811	3	TAAGCAATGGAGGCTAATTTTCAA	1
813	812	3	AAGCAATGGAGGCTAATTTTCAAC	1
814	813	3	AGCAATGGAGGCTAATTTTCAACA	1
815	814	3	GCAATGGAGGCTAATTTTCAACAA	1
816	815	3	CAATGGAGGCTAATTTTCAACAAG	1
817	816	3	AATGGAGGCTAATTTTCAACAAGC	1
818	817	3	ATGGAGGCTAATTTTCAACAAGCT	1
819	818	3	TGGAGGCTAATTTTCAACAAGCTG	1
820	819	3	GGAGGCTAATTTTCAACAAGCTGT	1
821	820	3	GAGGCTAATTTTCAACAAGCTGTT	1
822	821	3	AGGCTAATTTTCAACAAGCTGTTA	1
823	822	3	GGCTAATTTTCAACAAGCTGTTAA	1
824	823	4	GCTAATTTTCAACAAGCTGTTAAA	1
825	824	4	CTAATTTTCAACAAGCTGTTAAAA	1
826	825	4	TAATTTTCAACAAGCTGTTAAAAA	1
827	826	4	AATTTTCAACAAGCTGTTAAAAAG	1
828	827	4	ATTTTCAACAAGCTGTTAAAAAGT	1
829	828	4	TTTTCAACAAGCTGTTAAAAAGTT	1
830	829	4	TTTCAACAAGCTGTTAAAAAGTTA	1
831	830	4	TTCAACAAGCTGTTAAAAAGTTAG	1
832	831	4	TCAACAAGCTGTTAAAAAGTTAGT	1
833	832	4	CAACAAGCTGTTAAAAAGTTAGTC	1
834	833	4	AACAAGCTGTTAAAAAGTTAGTCA	1
835	834	4	ACAAGCTGTTAAAAAGTTAGTCAA	1
836	835	4	CAAGCTGTTAAAAAGTTAGTCAAT	1
837	836	4	AAGCTGTTAAAAAGTTAGTCAATG	1
838	837	4	AGCTGTTAAAAAGTTAGTCAATGA	1
839	838	4	GCTGTTAAAAAGTTAGTCAATGAC	1
840	839	4	CTGTTAAAAAGTTAGTCAATGACT	1
841	840	4	TGTTAAAAAGTTAGTCAATGACTT	1
842	841	4	GTTAAAAAGTTAGTCAATGACTTT	1
843	842	4	TTAAAAAGTTAGTCAATGACTTTG	1
844	843	4	TAAAAAGTTAGTCAATGACTTTGA	1
845	844	4	AAAAAGTTAGTCAATGACTTTGAA	1
846	845	4	AAAAGTTAGTCAATGACTTTGAAT	1
847	846	1	AAAGTTAGTCAATGACTTTGAATA	1
848	847	1	AAGTTAGTCAATGACTTTGAATAC	1
849	848	1	AGTTAGTCAATGACTTTGAATACC	1
850	849	1	GTTAGTCAATGACTTTGAATACCC	1
851	850	1	TTAGTCAATGACTTTGAATACCCT	1
852	851	1	TAGTCAATGACTTTGAATACCCTA	1
853	852	1	AGTCAATGACTTTGAATACCCTAC	1
854	853	1	GTCAATGACTTTGAATACCCTACC	1
855	854	1	TCAATGACTTTGAATACCCTACCG	1
856	855	1	CAATGACTTTGAATACCCTACCGA	1
857	856	1	AATGACTTTGAATACCCTACCGAG	1
858	857	1	ATGACTTTGAATACCCTACCGAGT	1
859	858	1	TGACTTTGAATACCCTACCGAGTC	1
860	859	1	GACTTTGAATACCCTACCGAGTCC	1
861	860	1	ACTTTGAATACCCTACCGAGTCCT	1
862	861	1	CTTTGAATACCCTACCGAGTCCTT	1
863	862	1	TTTGAATACCCTACCGAGTCCTTG	1
864	863	1	TTGAATACCCTACCGAGTCCTTGA	1
865	864	1	TGAATACCCTACCGAGTCCTTGAG	1
866	865	1	GAATACCCTACCGAGTCCTTGAGA	1
867	866	1	AATACCCTACCGAGTCCTTGAGAG	1
868	-1	0	TGATACTCCCAATGCTGGTCGTCA	1
869	868	1	GATACTCCCAATGCTGGTCGTCAA	1
870	869	1	ATACTCCCAATGCTGGTCGTCAAA	1
871	870	1	TACTCCCAATGCTGGTCGTCAAAT	1
872	871	1	ACTCCCAATGCTGGTCGTCAAATC	1
873	872	1	CTCCCAATGCTGGTCGTCAAATCT	1
874	873	5	TCCCAATGCTGGTCGTCAAATCTT	1
875	874	5	CCCAATGCTGGTCGTCAAATCTTT	1
876	875	5	CCAATGCTGGTCGTCAAATCTTTG	1
877	876	5	CAATGCTGGTCGTCAAATCTTTGA	1
878	877	5	AATGCTGGTCGTCAAATCTTTGAG	1
879	878	5	ATGCTGGTCGTCAAATCTTTGAGA	1
880	879	5	TGCTGGTCGTCAAATCTTTGAGAA	1
881	880	5	GCTGGTCGTCAAATCTTTGAGAAG	1
882	881	5	CTGGTCGTCAAATCTTTGAGAAGC	1
883	882	5	TGGTCGTCAAATCTTTGAGAAGCG	1
884	883	5	GGTCGTCAAATCTTTGAGAAGCGC	1
885	884	6	GTCGTCAAATCTTTGAGAAGCGCG	1
886	885	6	TCGTCAAATCTTTGAGAAGCGCGT	1
887	886	6	CGTCAAATCTTTGAGAAGCGCGTT	1
888	887	6	GTCAAATCTTTGAGAAGCGCGTTG	1
889	888	6	TCAAATCTTTGAGAAGCGCGTTGG	1
890	889	7	CAAATCTTTGAGAAGCGCGTTGGT	1
891	890	7	AAATCTTTGAGAAGCGCGTTGGTG	1
892	891	6	AATCTTTGAGAAGCGCGTTGGTGG	1
893	892	6	ATCTTTGAGAAGCGCGTTGGTGGT	1
894	893	6	TCTTTGAGAAGCGCGTTGGTGGTA	1
895	894	6	CTTTGAGAAGCGCGTTGGTGGTAT	1
896	895	6	TTTGAGAAGCGCGTTGGTGGTATG	1
897	896	6	TTGAGAAGCGCGTTGGTGGTATGT	1
898	897	6	TGAGAAGCGCGTTGGTGGTATGTA	1
899	898	6	GAGAAGCGCGTTGGTGGTATGTAT	1
900	899	6	AGAAGCGCGTTGGTGGTATGTATC	1
901	900	6	GAAGCGCGTTGGTGGTATGTATCT	1
902	901	6	AAGCGCGTTGGTGGTATGTATCTC	1
903	902	6	AGCGCGTTGGTGGTATGTATCTCG	1
904	903	6	GCGCGTTGGTGGTATGTATCTCGG	1
905	904	6	CGCGTTGGTGGTATGTATCTCGGT	1
906	905	6	GCGTTGGTGGTATGTATCTCGGTG	1
907	906	7	CGTTGGTGGTATGTATCTCGGTGA	1
908	907	8	GTTGGTGGTATGTATCTCGGTGAG	1
909	908	8	TTGGTGGTATGTATCTCGGTGAGC	1
910	909	8	TGGTGGTATGTATCTCGGTGAGCT	1
911	910	9	GGTGGTATGTATCTCGGTGAGCTT	1
912	911	9	GTGGTATGTATCTCGGTGAGCTTT	1
913	912	8	TGGTATGTATCTCGGTGAGCTTTT	1
914	913	8	GGTATGTATCTCGGTGAGCTTTTC	1
915	914	8	GTATGTATCTCGGTGAGCTTTTCC	1
916	915	8	TATGTATCTCGGTGAGCTTTTCCG	1
917	916	9	ATGTATCTCGGTGAGCTTTTCCGC	1
918	917	5	TGTATCTCGGTGAGCTTTTCCGCC	1
919	918	5	GTATCTCGGTGAGCTTTTCCGCCG	1
920	919	5	TATCTCGGTGAGCTTTTCCGCCGT	1
921	920	5	ATCTCGGTGAGCTTTTCCGCCGTG	1
922	921	5	TCTCGGTGAGCTTTTCCGCCGTGC	1
923	922	5	CTCGGTGAGCTTTTCCGCCGTGCC	1
924	923	7	TCGGTGAGCTTTTCCGCCGTGCCT	1
925	924	7	CGGTGAGCTTTTCCGCCGTGCCTT	1
926	925	7	GGTGAGCTTTTCCGCCGTGCCTTA	1
927	926	7	GTGAGCTTTTCCGCCGTGCCTTAT	1
928	927	7	TGAGCTTTTCCGCCGTGCCTTATT	1
929	928	5	GAGCTTTTCCGCCGTGCCTTATTC	1
930	929	5	AGCTTTTCCGCCGTGCCTTATTCC	1
931	930	4	GCTTTTCCGCCGTGCCTTATTCCA	1
932	931	4	CTTTTCCGCCGTGCCTTATTCCAC	1
933	932	4	TTTTCCGCCGTGCCTTATTCCACT	1
934	933	3	TTTCCGCCGTGCCTTATTCCACTT	1
935	934	3	TTCCGCCGTGCCTTATTCCACTTG	1
936	935	3	TCCGCCGTGCCTTATTCCACTTGA	1
937	936	3	CCGCCGTGCCTTATTCCACTTGAT	1
938	937	3	CGCCGTGCCTTATTCCACTTGATC	1
939	938	3	GCCGTGCCTTATTCCACTTGATCA	1
940	939	3	CCGTGCCTTATTCCACTTGATCAA	1
941	940	3	CGTGCCTTATTCCACTTGATCAAG	1
942	941	3	GTGCCTTATTCCACTTGATCAAGG	1
943	942	3	TGCCTTATTCCACTTGATCAAGGT	1
944	943	3	GCCTTATTCCACTTGATCAAGGTT	1
945	944	3	CCTTATTCCACTTGATCAAGGTTT	1
946	945	3	CTTATTCCACTTGATCAAGGTTTA	1
947	946	3	TTATTCCACTTGATCAAGGTTTAC	1
948	947	3	TATTCCACTTGATCAAGGTTTACA	1
949	948	3	ATTCCACTTGATCAAGGTTTACAA	1
950	949	3	TTCCACTTGATCAAGGTTTACAAC	1
951	950	2	TCCACTTGATCAAGGTTTACAACT	1
952	951	2	CCACTTGATCAAGGTTTACAACTT	1
953	952	2	CACTTGATCAAGGTTTACAACTTC	1
954	953	2	ACTTGATCAAGGTTTACAACTTCA	1
955	954	2	CTTGATCAAGGTTTACAACTTCAA	1
956	955	3	TTGATCAAGGTTTACAACTTCAAC	1
957	956	3	TGATCAAGGTTTACAACTTCAACG	1
958	957	3	GATCAAGGTTTACAACTTCAACGA	1
959	958	3	ATCAAGGTTTACAACTTCAACGAA	1
960	959	3	TCAAGGTTTACAACTTCAACGAAG	1
961	960	3	CAAGGTTTACAACTTCAACGAAGG	1
962	961	3	AAGGTTTACAACTTCAACGAAGGT	1
963	962	3	AGGTTTACAACTTCAACGAAGGTA	1
964	963	3	GGTTTACAACTTCAACGAAGGTAT	1
965	964	3	GTTTACAACTTCAACGAAGGTATT	1
966	965	3	TTTACAACTTCAACGAAGGTATTT	1
967	966	3	TTACAACTTCAACGAAGGTATTTT	1
968	967	1	TACAACTTCAACGAAGGTATTTTC	1
969	968	1	ACAACTTCAACGAAGGTATTTTCC	1
970	969	1	CAACTTCAACGAAGGTATTTTCCC	1
971	970	1	AACTTCAACGAAGGTATTTTCCCT	1
972	971	1	ACTTCAACGAAGGTATTTTCCCTC	1
973	972	1	CTTCAACGAAGGTATTTTCCCTCC	1
974	973	1	TTCAACGAAGGTATTTTCCCTCCT	1
975	974	1	TCAACGAAGGTATTTTCCCTCCTT	1
976	975	1	CAACGAAGGTATTTTCCCTCCTTC	1
977	976	1	AACGAAGGTATTTTCCCTCCTTCC	1
978	977	1	ACGAAGGTATTTTCCCTCCTTCCA	1
979	978	1	CGAAGGTATTTTCCCTCCTTCCAT	1
980	979	1	GAAGGTATTTTCCCTCCTTCCATT	1
981	980	1	AAGGTATTTTCCCTCCTTCCATTA	1
982	981	1	AGGTATTTTCCCTCCTTCCATTAC	1
983	982	1	GGTATTTTCCCTCCTTCCATTACT	1
984	983	1	GTATTTTCCCTCCTTCCATTACTG	1
985	984	1	TATTTTCCCTCCTTCCATTACTGA	1
986	985	1	ATTTTCCCTCCTTCCATTACTGAT	1
987	986	1	TTTTCCCTCCTTCCATTACTGATG	1
988	987	1	TTTCCCTCCTTCCATTACTGATGC	1
989	988	1	TTCCCTCCTTCCATTACTGATGCT	1
990	989	1	TCCCTCCTTCCATTACTGATGCTT	1
991	990	1	CCCTCCTTCCATTACTGATGCTTG	1
992	991	1	CCTCCTTCCATTACTGATGCTTGG	1
993	992	1	CTCCTTCCATTACTGATGCTTGGT	1
994	993	1	TCCTTCCATTACTGATGCTTGGTC	1
995	994	1	CCTTCCATTACTGATGCTTGGTCT	1
996	995	1	CTTCCATTACTGATGCTTGGTCTT	1
997	996	1	TTCCATTACTGATGCTTGGTCTTT	1
998	997	1	TCCATTACTGATGCTTGGTCTTTG	1
999	998	1	CCATTACTGATGCTTGGTCTTTGG	1
1000	-1	0	GACGAAGAGGCTTTGTACCTTTGG	1
1001	1000	1	ACGAAGAGGCTTTGTACCTTTGGG	1
1002	1001	1	CGAAGAGGCTTTGTACCTTTGGGA	1
1003	1002	2	GAAGAGGCTTTGTACCTTTGGGAT	1
1004	1003	2	AAGAGGCTTTGTACCTTTGGGATG	1
1005	1004	2	AGAGGCTTTGTACCTTTGGGATGC	1
1006	1005	2	GAGGCTTTGTACCTTTGGGATGCT	1
1007	1006	2	AGGCTTTGTACCTTTGGGATGCTG	1
1008	1007	3	GGCTTTGTACCTTTGGGATGCTGC	1
1009	1008	3	GCTTTGTACCTTTGGGATGCTGCT	1
1010	1009	3	CTTTGTACCTTTGGGATGCTGCTC	1
1011	1010	3	TTTGTACCTTTGGGATGCTGCTCA	1
1012	1011	3	TTGTACCTTTGGGATGCTGCTCAT	1
1013	1012	3	TGTACCTTTGGGATGCTGCTCATG	1
1014	1013	3	GTACCTTTGGGATGCTGCTCATGC	1
1015	1014	3	TACCTTTGGGATGCTGCTCATGCA	1
1016	1015	3	ACCTTTGGGATGCTGCTCATGCAA	1
1017	1016	3	CCTTTGGGATGCTGCTCATGCAAT	1
1018	1017	3	CTTTGGGATGCTGCTCATGCAATT	1
1019	1018	3	TTTGGGATGCTGCTCATGCAATTG	1
1020	1019	3	TTGGGATGCTGCTCATGCAATTGG	1
1021	1020	3	TGGGATGCTGCTCATGCAATTGGC	1
1022	1021	3	GGGATGCTGCTCATGCAATTGGCC	1
1023	1022	3	GGATGCTGCTCATGCAATTGGCCG	1
1024	1023	3	GATGCTGCTCATGCAATTGGCCGT	1
1025	1024	3	ATGCTGCTCATGCAATTGGCCGTC	1
1026	1025	3	TGCTGCTCATGCAATTGGCCGTCG	1
1027	1026	4	GCTGCTCATGCAATTGGCCGTCGT	1
1028	1027	4	CTGCTCATGCAATTGGCCGTCGTG	1
1029	1028	4	TGCTCATGCAATTGGCCGTCGTGC	1
1030	1029	4	GCTCATGCAATTGGCCGTCGTGCT	1
1031	1030	4	CTCATGCAATTGGCCGTCGTGCTG	1
1032	1031	4	TCATGCAATTGGCCGTCGTGCTGC	1
1033	1032	4	CATGCAATTGGCCGTCGTGCTGCT	1
1034	1033	4	ATGCAATTGGCCGTCGTGCTGCTC	1
1035	1034	4	TGCAATTGGCCGTCGTGCTGCTCG	1
1036	1035	4	GCAATTGGCCGTCGTGCTGCTCGT	1
1037	1036	4	CAATTGGCCGTCGTGCTGCTCGTA	1
1038	1037	4	AATTGGCCGTCGTGCTGCTCGTAT	1
1039	1038	4	ATTGGCCGTCGTGCTGCTCGTATG	1
1040	1039	4	TTGGCCGTCGTGCTGCTCGTATGT	1
1041	1040	4	TGGCCGTCGTGCTGCTCGTATGTC	1
1042	1041	4	GGCCGTCGTGCTGCTCGTATGTCT	1
1043	1042	4	GCCGTCGTGCTGCTCGTATGTCTG	1
1044	1043	4	CCGTCGTGCTGCTCGTATGTCTGC	1
1045	1044	3	CGTCGTGCTGCTCGTATGTCTGCC	1
1046	1045	3	GTCGTGCTGCTCGTATGTCTGCCG	1
1047	1046	2	TCGTGCTGCTCGTATGTCTGCCGT	1
1048	1047	2	CGTGCTGCTCGTATGTCTGCCGTT	1
1049	1048	2	GTGCTGCTCGTATGTCTGCCGTTC	1
1050	1049	2	TGCTGCTCGTATGTCTGCCGTTCC	1
1051	1050	2	GCTGCTCGTATGTCTGCCGTTCCC	1
1052	1051	1	CTGCTCGTATGTCTGCCGTTCCCA	1
1053	1052	1	TGCTCGTATGTCTGCCGTTCCCAT	1
1054	1053	1	GCTCGTATGTCTGCCGTTCCCATT	1
1055	1054	1	CTCGTATGTCTGCCGTTCCCATTG	1
1056	1055	1	TCGTATGTCTGCCGTTCCCATTGC	1
1057	1056	1	CGTATGTCTGCCGTTCCCATTGCT	1
1058	1057	1	GTATGTCTGCCGTTCCCATTGCTT	1
1059	1058	1	TATGTCTGCCGTTCCCATTGCTTC	1
1060	1059	1	ATGTCTGCCGTTCCCATTGCTTCT	1
1061	1060	1	TGTCTGCCGTTCCCATTGCTTCTT	1
1062	1061	1	GTCTGCCGTTCCCATTGCTTCTTT	1
1063	1062	1	TCTGCCGTTCCCATTGCTTCTTTG	1
1064	1063	1	CTGCCGTTCCCATTGCTTCTTTGT	1
1065	1064	1	TGCCGTTCCCATTGCTTCTTTGTA	1
1066	1065	1	GCCGTTCCCATTGCTTCTTTGTAT	1
1067	1066	1	CCGTTCCCATTGCTTCTTTGTATC	1
1068	1067	1	CGTTCCCATTGCTTCTTTGTATCT	1
1069	1068	1	GTTCCCATTGCTTCTTTGTATCTT	1
1070	1069	1	TTCCCATTGCTTCTTTGTATCTTT	1
1071	-1	0	GCCGCGCTGGTAAGAAGAGTGATG	1
1072	1071	1	CCGCGCTGGTAAGAAGAGTGATGT	1
1073	1072	1	CGCGCTGGTAAGAAGAGTGATGTT	1
1074	1073	1	GCGCTGGTAAGAAGAGTGATGTTG	1
1075	1074	1	CGCTGGTAAGAAGAGTGATGTTGG	1
1076	1075	1	GCTGGTAAGAAGAGTGATGTTGGT	1
1077	1076	1	CTGGTAAGAAGAGTGATGTTGGTG	1
1078	1077	1	TGGTAAGAAGAGTGATGTTGGTGT	1
1079	1078	1	GGTAAGAAGAGTGATGTTGGTGTT	1
1080	1079	1	GTAAGAAGAGTGATGTTGGTGTTG	1
1081	1080	1	TAAGAAGAGTGATGTTGGTGTTGA	1
1082	1081	1	AAGAAGAGTGATGTTGGTGTTGAT	1
1083	1082	1	AGAAGAGTGATGTTGGTGTTGATG	1
1084	1083	1	GAAGAGTGATGTTGGTGTTGATGG	1
1085	1084	1	AAGAGTGATGTTGGTGTTGATGGT	1
1086	1085	1	AGAGTGATGTTGGTGTTGATGGTT	1
1087	1086	1	GAGTGATGTTGGTGTTGATGGTTC	1
1088	1087	1	AGTGATGTTGGTGTTGATGGTTCT	1
1089	1088	1	GTGATGTTGGTGTTGATGGTTCTT	1
1090	1089	1	TGATGTTGGTGTTGATGGTTCTTT	1
1091	1090	1	GATGTTGGTGTTGATGGTTCTTTA	1
1092	1091	1	ATGTTGGTGTTGATGGTTCTTTAG	1
1093	1092	1	TGTTGGTGTTGATGGTTCTTTAGT	1
1094	1093	1	GTTGGTGTTGATGGTTCTTTAGTC	1
1095	1094	1	TTGGTGTTGATGGTTCTTTAGTCG	1
1096	1095	1	TGGTGTTGATGGTTCTTTAGTCGA	1
1097	1096	1	GGTGTTGATGGTTCTTTAGTCGAA	1
1098	1097	1	GTGTTGATGGTTCTTTAGTCGAAC	1
1099	1098	1	TGTTGATGGTTCTTTAGTCGAACA	1
1100	1099	1	GTTGATGGTTCTTTAGTCGAACAC	1
1101	1100	1	TTGATGGTTCTTTAGTCGAACACT	1
1102	1101	1	TGATGGTTCTTTAGTCGAACACTA	1
1103	1102	1	GATGGTTCTTTAGTCGAACACTAT	1
1104	1103	1	ATGGTTCTTTAGTCGAACACTATC	1
1105	1104	1	TGGTTCTTTAGTCGAACACTATCC	1
1106	1105	1	GGTTCTTTAGTCGAACACTATCCT	1
1107	1106	1	GTTCTTTAGTCGAACACTATCCTC	1
1108	1107	1	TTCTTTAGTCGAACACTATCCTCA	1
1109	1108	3	TCTTTAGTCGAACACTATCCTCAC	1
1110	1109	3	CTTTAGTCGAACACTATCCTCACT	1
1111	1110	4	TTTAGTCGAACACTATCCTCACTT	1
1112	1111	4	TTAGTCGAACACTATCCTCACTTT	1
1113	1112	4	TAGTCGAACACTATCCTCACTTTG	1
1114	1113	3	AGTCGAACACTATCCTCACTTTGT	1
1115	1114	3	GTCGAACACTATCCTCACTTTGTT	1
1116	1115	2	TCGAACACTATCCTCACTTTGTTG	1
1117	1116	2	CGAACACTATCCTCACTTTGTTGA	1
1118	1117	2	GAACACTATCCTCACTTTGTTGAC	1
1119	1118	2	AACACTATCCTCACTTTGTTGACA	1
1120	1119	2	ACACTATCCTCACTTTGTTGACAT	1
1121	1120	2	CACTATCCTCACTTTGTTGACATG	1
1122	1121	2	ACTATCCTCACTTTGTTGACATGC	1
1123	1122	2	CTATCCTCACTTTGTTGACATGCT	1
1124	1123	2	TATCCTCACTTTGTTGACATGCTC	1
1125	1124	2	ATCCTCACTTTGTTGACATGCTCC	1
1126	1125	2	TCCTCACTTTGTTGACATGCTCCG	1
1127	1126	2	CCTCACTTTGTTGACATGCTCCGT	1
1128	1127	2	CTCACTTTGTTGACATGCTCCGTG	1
1129	1128	3	TCACTTTGTTGACATGCTCCGTGA	1
1130	1129	3	CACTTTGTTGACATGCTCCGTGAA	1
1131	1130	3	ACTTTGTTGACATGCTCCGTGAAG	1
1132	1131	3	CTTTGTTGACATGCTCCGTGAAGC	1
1133	1132	3	TTTGTTGACATGCTCCGTGAAGCC	1
1134	1133	3	TTGTTGACATGCTCCGTGAAGCCT	1
1135	1134	3	TGTTGACATGCTCCGTGAAGCCTT	1
1136	1135	3	GTTGACATGCTCCGTGAAGCCTTG	1
1137	1136	3	TTGACATGCTCCGTGAAGCCTTGC	1
1138	1137	4	TGACATGCTCCGTGAAGCCTTGCG	1
1139	1138	5	GACATGCTCCGTGAAGCCTTGCGT	1
1140	1139	5	ACATGCTCCGTGAAGCCTTGCGTG	1
1141	1140	5	CATGCTCCGTGAAGCCTTGCGTGA	1
1142	1141	5	ATGCTCCGTGAAGCCTTGCGTGAG	1
1143	1142	5	TGCTCCGTGAAGCCTTGCGTGAGC	1
1144	1143	5	GCTCCGTGAAGCCTTGCGTGAGCT	1
1145	1144	5	CTCCGTGAAGCCTTGCGTGAGCTT	1
1146	1145	5	TCCGTGAAGCCTTGCGTGAGCTTA	1
1147	1146	5	CCGTGAAGCCTTGCGTGAGCTTAT	1
1148	1147	5	CGTGAAGCCTTGCGTGAGCTTATC	1
1149	1148	5	GTGAAGCCTTGCGTGAGCTTATCG	1
1150	1149	5	TGAAGCCTTGCGTGAGCTTATCGG	1
1151	1150	5	GAAGCCTTGCGTGAGCTTATCGGT	1
1152	1151	5	AAGCCTTGCGTGAGCTTATCGGTG	1
1153	1152	3	AGCCTTGCGTGAGCTTATCGGTGA	1
1154	1153	3	GCCTTGCGTGAGCTTATCGGTGAT	1
1155	1154	2	CCTTGCGTGAGCTTATCGGTGATA	1
1156	1155	2	CTTGCGTGAGCTTATCGGTGATAA	1
1157	1156	2	TTGCGTGAGCTTATCGGTGATAAC	1
1158	1157	2	TGCGTGAGCTTATCGGTGATAACG	1
1159	1158	2	GCGTGAGCTTATCGGTGATAACGA	1
1160	1159	2	CGTGAGCTTATCGGTGATAACGAA	1
1161	1160	2	GTGAGCTTATCGGTGATAACGAAA	1
1162	1161	1	TGAGCTTATCGGTGATAACGAAAA	1
1163	1162	1	GAGCTTATCGGTGATAACGAAAAA	1
1164	1163	1	AGCTTATCGGTGATAACGAAAAAT	1
1165	1164	1	GCTTATCGGTGATAACGAAAAATT	1
1166	1165	2	CTTATCGGTGATAACGAAAAATTG	1
1167	1166	2	TTATCGGTGATAACGAAAAATTGA	1
1168	1167	2	TATCGGTGATAACGAAAAATTGAT	1
1169	1168	2	ATCGGTGATAACGAAAAATTGATT	1
1170	1169	2	TCGGTGATAACGAAAAATTGATTT	1
1171	1170	2	CGGTGATAACGAAAAATTGATTTC	1
1172	1171	3	GGTGATAACGAAAAATTGATTTCC	1
1173	1172	2	GTGATAACGAAAAATTGATTTCCA	1
1174	1173	2	TGATAACGAAAAATTGATTTCCAT	1
1175	1174	2	GATAACGAAAAATTGATTTCCATT	1
1176	1175	2	ATAACGAAAAATTGATTTCCATTG	1
1177	1176	2	TAACGAAAAATTGATTTCCATTGG	1
1178	1177	2	AACGAAAAATTGATTTCCATTGGT	1
1179	1178	2	ACGAAAAATTGATTTCCATTGGTA	1
1180	1179	2	CGAAAAATTGATTTCCATTGGTAT	1
1181	1180	2	GAAAAATTGATTTCCATTGGTATT	1
1182	1181	2	AAAAATTGATTTCCATTGGTATTG	1
1183	1182	2	AAAATTGATTTCCATTGGTATTGC	1
1184	1183	2	AAATTGATTTCCATTGGTATTGCC	1
1185	1184	2	AATTGATTTCCATTGGTATTGCCA	1
1186	1185	2	ATTGATTTCCATTGGTATTGCCAA	1
1187	1186	2	TTGATTTCCATTGGTATTGCCAAG	1
1188	1187	2	TGATTTCCATTGGTATTGCCAAGG	1
1189	1188	2	GATTTCCATTGGTATTGCCAAGGA	1
1190	1189	2	ATTTCCATTGGTATTGCCAAGGAT	1
1191	1190	2	TTTCCATTGGTATTGCCAAGGATG	1
1192	1191	2	TTCCATTGGTATTGCCAAGGATGG	1
1193	1192	2	TCCATTGGTATTGCCAAGGATGGC	1
1194	1193	2	CCATTGGTATTGCCAAGGATGGCA	1
1195	1194	2	CATTGGTATTGCCAAGGATGGCAG	1
1196	1195	2	ATTGGTATTGCCAAGGATGGCAGT	1
1197	1196	2	TTGGTATTGCCAAGGATGGCAGTG	1
1198	1197	2	TGGTATTGCCAAGGATGGCAGTGG	1
1199	1198	2	GGTATTGCCAAGGATGGCAGTGGT	1
1200	1199	2	GTATTGCCAAGGATGGCAGTGGTA	1
1201	1200	2	TATTGCCAAGGATGGCAGTGGTAT	1
1202	1201	2	ATTGCCAAGGATGGCAGTGGTATT	1
1203	1202	2	TTGCCAAGGATGGCAGTGGTATTG	1
1204	1203	2	TGCCAAGGATGGCAGTGGTATTGG	1
1205	1204	2	GCCAAGGATGGCAGTGGTATTGGT	1
1206	1205	2	CCAAGGATGGCAGTGGTATTGGTG	1
1207	1206	2	CAAGGATGGCAGTGGTATTGGTGC	1
1208	1207	2	AAGGATGGCAGTGGTATTGGTGCC	1
1209	1208	2	AGGATGGCAGTGGTATTGGTGCCG	1
1210	1209	1	GGATGGCAGTGGTATTGGTGCCGC	1
1211	1210	1	GATGGCAGTGGTATTGGTGCCGCT	1
1212	1211	1	ATGGCAGTGGTATTGGTGCCGCTC	1
1213	1212	1	TGGCAGTGGTATTGGTGCCGCTCT	1
1214	1213	1	GGCAGTGGTATTGGTGCCGCTCTT	1
1215	1214	2	GCAGTGGTATTGGTGCCGCTCTTT	1
1216	1215	1	CAGTGGTATTGGTGCCGCTCTTTG	1
1217	1216	1	AGTGGTATTGGTGCCGCTCTTTGC	1
1218	1217	1	GTGGTATTGGTGCCGCTCTTTGCG	1
1219	1218	1	TGGTATTGGTGCCGCTCTTTGCGC	1
1220	1219	1	GGTATTGGTGCCGCTCTTTGCGCC	1
1221	1220	1	GTATTGGTGCCGCTCTTTGCGCCC	1
1222	1221	1	TATTGGTGCCGCTCTTTGCGCCCT	1
1223	1222	1	ATTGGTGCCGCTCTTTGCGCCCTC	1
1224	1223	1	TTGGTGCCGCTCTTTGCGCCCTCC	1
1225	1224	1	TGGTGCCGCTCTTTGCGCCCTCCA	1
1226	1225	1	GGTGCCGCTCTTTGCGCCCTCCAA	1
1227	1226	1	GTGCCGCTCTTTGCGCCCTCCAAG	1
1228	1227	1	TGCCGCTCTTTGCGCCCTCCAAGC	1
1229	1228	1	GCCGCTCTTTGCGCCCTCCAAGCT	1
1230	1229	1	CCGCTCTTTGCGCCCTCCAAGCTG	1
1231	1230	1	CGCTCTTTGCGCCCTCCAAGCTGT	1
1232	1231	1	GCTCTTTGCGCCCTCCAAGCTGTT	1
1233	1232	1	CTCTTTGCGCCCTCCAAGCTGTTA	1
1234	1233	1	TCTTTGCGCCCTCCAAGCTGTTAA	1
1235	1234	1	CTTTGCGCCCTCCAAGCTGTTAAG	1
1236	1235	1	TTTGCGCCCTCCAAGCTGTTAAGG	1
1237	1236	1	TTGCGCCCTCCAAGCTGTTAAGGA	1
1238	1237	1	TGCGCCCTCCAAGCTGTTAAGGAA	1
1239	1238	1	GCGCCCTCCAAGCTGTTAAGGAAA	1
1240	1239	1	CGCCCTCCAAGCTGTTAAGGAAAA	1
1241	1240	1	GCCCTCCAAGCTGTTAAGGAAAAG	1
1242	1241	1	CCCTCCAAGCTGTTAAGGAAAAGA	1
1243	1242	1	CCTCCAAGCTGTTAAGGAAAAGAA	1
1244	1243	1	CTCCAAGCTGTTAAGGAAAAGAAA	1
1245	1244	1	TCCAAGCTGTTAAGGAAAAGAAAG	1
1246	1245	1	CCAAGCTGTTAAGGAAAAGAAAGG	1
1247	1246	1	CAAGCTGTTAAGGAAAAGAAAGGC	1
1248	1247	1	AAGCTGTTAAGGAAAAGAAAGGCT	1
1249	1248	1	AGCTGTTAAGGAAAAGAAAGGCTT	1
1250	1249	2	GCTGTTAAGGAAAAGAAAGGCTTG	1
1251	1250	5	CTGTTAAGGAAAAGAAAGGCTTGG	1
1252	1251	5	TGTTAAGGAAAAGAAAGGCTTGGC	1
1253	1252	5	GTTAAGGAAAAGAAAGGCTTGGCC	1
1254	1253	5	TTAAGGAAAAGAAAGGCTTGGCCT	1
1255	1254	5	TAAGGAAAAGAAAGGCTTGGCCTA	1
1256	1255	6	AAGGAAAAGAAAGGCTTGGCCTAA	1
1257	1256	6	AGGAAAAGAAAGGCTTGGCCTAAA	1
1258	1257	6	GGAAAAGAAAGGCTTGGCCTAAAT	1
1259	1258	5	GAAAAGAAAGGCTTGGCCTAAATC	1
1260	1259	5	AAAAGAAAGGCTTGGCCTAAATCA	1
1261	1260	5	AAAGAAAGGCTTGGCCTAAATCAT	1
1262	1261	5	AAGAAAGGCTTGGCCTAAATCATG	1
1263	1262	5	AGAAAGGCTTGGCCTAAATCATGT	1
1264	1263	5	GAAAGGCTTGGCCTAAATCATGTT	1
1265	1264	5	AAAGGCTTGGCCTAAATCATGTTA	1
1266	1265	5	AAGGCTTGGCCTAAATCATGTTAG	1
1267	1266	5	AGGCTTGGCCTAAATCATGTTAGA	1
1268	1267	5	GGCTTGGCCTAAATCATGTTAGAT	1
1269	1268	5	GCTTGGCCTAAATCATGTTAGATG	1
1270	1269	5	CTTGGCCTAAATCATGTTAGATGT	1
1271	1270	5	TTGGCCTAAATCATGTTAGATGTC	1
1272	1271	5	TGGCCTAAATCATGTTAGATGTCT	1
1273	1272	5	GGCCTAAATCATGTTAGATGTCTG	1
1274	1273	5	GCCTAAATCATGTTAGATGTCTGT	1
1275	1274	5	CCTAAATCATGTTAGATGTCTGTT	1
1276	1275	5	CTAAATCATGTTAGATGTCTGTTA	1
1277	1276	5	TAAATCATGTTAGATGTCTGTTAG	1
1278	1277	5	AAATCATGTTAGATGTCTGTTAGC	1
1279	1278	5	AATCATGTTAGATGTCTGTTAGCT	1
1280	1279	5	ATCATGTTAGATGTCTGTTAGCTT	1
1281	1280	5	TCATGTTAGATGTCTGTTAGCTTT	1
1282	1281	5	CATGTTAGATGTCTGTTAGCTTTT	1
1283	1282	5	ATGTTAGATGTCTGTTAGCTTTTT	1
1284	1283	5	TGTTAGATGTCTGTTAGCTTTTTT	1
1285	1284	5	GTTAGATGTCTGTTAGCTTTTTTT	1
1286	1285	5	TTAGATGTCTGTTAGCTTTTTTTG	1
1287	1286	5	TAGATGTCTGTTAGCTTTTTTTGA	1
1288	1287	5	AGATGTCTGTTAGCTTTTTTTGAA	1
1289	1288	5	GATGTCTGTTAGCTTTTTTTGAAT	1
1290	1289	5	ATGTCTGTTAGCTTTTTTTGAATT	1
1291	1290	5	TGTCTGTTAGCTTTTTTTGAATTG	1
1292	1291	5	GTCTGTTAGCTTTTTTTGAATTGT	1
1293	1292	5	TCTGTTAGCTTTTTTTGAATTGTA	1
1294	1293	4	CTGTTAGCTTTTTTTGAATTGTAC	1
1295	1294	1	TGTTAGCTTTTTTTGAATTGTACG	1
1296	1295	1	GTTAGCTTTTTTTGAATTGTACGT	1
1297	1296	1	TTAGCTTTTTTTGAATTGTACGTA	1
1298	1297	1	TAGCTTTTTTTGAATTGTACGTAG	1
1299	1298	1	AGCTTTTTTTGAATTGTACGTAGA	1
1300	-1	0	CGGTTTCGTCCATTTTGTTCGGTA	1
1301	1300	1	GGTTTCGTCCATTTTGTTCGGTAG	1
1302	1301	1	GTTTCGTCCATTTTGTTCGGTAGC	1
1303	1302	1	TTTCGTCCATTTTGTTCGGTAGCA	1
1304	1303	2	TTCGTCCATTTTGTTCGGTAGCAA	1
1305	1304	2	TCGTCCATTTTGTTCGGTAGCAAC	1
1306	1305	2	CGTCCATTTTGTTCGGTAGCAACG	1
1307	1306	2	GTCCATTTTGTTCGGTAGCAACGG	1
1308	1307	2	TCCATTTTGTTCGGTAGCAACGGT	1
1309	1308	2	CCATTTTGTTCGGTAGCAACGGTA	1
1310	1309	2	CATTTTGTTCGGTAGCAACGGTAT	1
1311	1310	2	ATTTTGTTCGGTAGCAACGGTATA	1
1312	1311	3	TTTTGTTCGGTAGCAACGGTATAA	1
1313	1312	3	TTTGTTCGGTAGCAACGGTATAAG	1
1314	1313	3	TTGTTCGGTAGCAACGGTATAAGA	1
1315	1314	3	TGTTCGGTAGCAACGGTATAAGAA	1
1316	1315	3	GTTCGGTAGCAACGGTATAAGAAG	1
1317	1316	3	TTCGGTAGCAACGGTATAAGAAGT	1
1318	1317	3	TCGGTAGCAACGGTATAAGAAGTT	1
1319	1318	3	CGGTAGCAACGGTATAAGAAGTTG	1
1320	1319	3	GGTAGCAACGGTATAAGAAGTTGT	1
1321	1320	3	GTAGCAACGGTATAAGAAGTTGTT	1
1322	1321	3	TAGCAACGGTATAAGAAGTTGTTA	1
1323	1322	3	AGCAACGGTATAAGAAGTTGTTAG	1
1324	1323	3	GCAACGGTATAAGAAGTTGTTAGC	1
1325	1324	3	CAACGGTATAAGAAGTTGTTAGCT	1
1326	1325	3	AACGGTATAAGAAGTTGTTAGCTT	1
1327	1326	3	ACGGTATAAGAAGTTGTTAGCTTT	1
1328	1327	3	CGGTATAAGAAGTTGTTAGCTTTA	1
1329	1328	3	GGTATAAGAAGTTGTTAGCTTTAC	1
1330	1329	3	GTATAAGAAGTTGTTAGCTTTACT	1
1331	1330	3	TATAAGAAGTTGTTAGCTTTACTC	1
1332	1331	3	ATAAGAAGTTGTTAGCTTTACTCA	1
1333	1332	3	TAAGAAGTTGTTAGCTTTACTCAA	1
1334	1333	3	AAGAAGTTGTTAGCTTTACTCAAA	1
1335	1334	3	AGAAGTTGTTAGCTTTACTCAAAA	1
1336	1335	4	GAAGTTGTTAGCTTTACTCAAAAA	1
1337	1336	4	AAGTTGTTAGCTTTACTCAAAAAT	1
1338	1337	4	AGTTGTTAGCTTTACTCAAAAATT	1
1339	1338	4	GTTGTTAGCTTTACTCAAAAATTA	1
1340	1339	4	TTGTTAGCTTTACTCAAAAATTAC	1
1341	1340	4	TGTTAGCTTTACTCAAAAATTACA	1
1342	1341	4	GTTAGCTTTACTCAAAAATTACAT	1
1343	1342	4	TTAGCTTTACTCAAAAATTACATA	1
1344	1343	4	TAGCTTTACTCAAAAATTACATAA	1
1345	1344	3	AGCTTTACTCAAAAATTACATAAA	1
1346	1345	3	GCTTTACTCAAAAATTACATAAAT	1
1347	1346	3	CTTTACTCAAAAATTACATAAATA	1
1348	1347	2	TTTACTCAAAAATTACATAAATAT	1
1349	1348	2	TTACTCAAAAATTACATAAATATC	1
1350	1349	2	TACTCAAAAATTACATAAATATCG	1
1351	1350	2	ACTCAAAAATTACATAAATATCGT	1
1352	1351	2	CTCAAAAATTACATAAATATCGTC	1
1353	1352	2	TCAAAAATTACATAAATATCGTCC	1
1354	1353	2	CAAAAATTACATAAATATCGTCCG	1
1355	1354	1	AAAAATTACATAAATATCGTCCGA	1
1356	1355	1	AAAATTACATAAATATCGTCCGAA	1
1357	1356	1	AAATTACATAAATATCGTCCGAAC	1
1358	1357	1	AATTACATAAATATCGTCCGAACT	1
1359	1358	1	ATTACATAAATATCGTCCGAACTA	1
1360	1359	1	TTACATAAATATCGTCCGAACTAC	1
1361	1360	1	TACATAAATATCGTCCGAACTACT	1
1362	1361	1	ACATAAATATCGTCCGAACTACTG	1
1363	1362	1	CATAAATATCGTCCGAACTACTGC	1
1364	1363	1	ATAAATATCGTCCGAACTACTGCA	1
1365	1364	1	TAAATATCGTCCGAACTACTGCAT	1
1366	1365	1	AAATATCGTCCGAACTACTGCATA	1
1367	1366	1	AATATCGTCCGAACTACTGCATAG	1
1368	1367	1	ATATCGTCCGAACTACTGCATAGT	1
1369	1368	1	TATCGTCCGAACTACTGCATAGTT	1
1370	1369	2	ATCGTCCGAACTACTGCATAGTTC	1
1371	1370	2	TCGTCCGAACTACTGCATAGTTCC	1
1372	1371	2	CGTCCGAACTACTGCATAGTTCCT	1
1373	1372	2	GTCCGAACTACTGCATAGTTCCTT	1
1374	1373	2	TCCGAACTACTGCATAGTTCCTTC	1
1375	1374	2	CCGAACTACTGCATAGTTCCTTCC	1
1376	1375	3	CGAACTACTGCATAGTTCCTTCCG	1
1377	1376	3	GAACTACTGCATAGTTCCTTCCGA	1
1378	1377	3	AACTACTGCATAGTTCCTTCCGAC	1
1379	1378	3	ACTACTGCATAGTTCCTTCCGACT	1
1380	1379	2	CTACTGCATAGTTCCTTCCGACTT	1
1381	1380	2	TACTGCATAGTTCCTTCCGACTTC	1
1382	1381	2	ACTGCATAGTTCCTTCCGACTTCT	1
1383	1382	2	CTGCATAGTTCCTTCCGACTTCTG	1
1384	1383	2	TGCATAGTTCCTTCCGACTTCTGT	1
1385	1384	2	GCATAGTTCCTTCCGACTTCTGTC	1
1386	1385	2	CATAGTTCCTTCCGACTTCTGTCT	1
1387	1386	4	ATAGTTCCTTCCGACTTCTGTCTT	1
1388	1387	4	TAGTTCCTTCCGACTTCTGTCTTT	1
1389	1388	4	AGTTCCTTCCGACTTCTGTCTTTT	1
1390	1389	4	GTTCCTTCCGACTTCTGTCTTTTT	1
1391	1390	4	TTCCTTCCGACTTCTGTCTTTTTA	1
1392	1391	5	TCCTTCCGACTTCTGTCTTTTTAA	1
1393	1392	5	CCTTCCGACTTCTGTCTTTTTAAG	1
1394	1393	5	CTTCCGACTTCTGTCTTTTTAAGG	1
1395	1394	5	TTCCGACTTCTGTCTTTTTAAGGA	1
1396	1395	5	TCCGACTTCTGTCTTTTTAAGGAA	1
1397	1396	5	CCGACTTCTGTCTTTTTAAGGAAC	1
1398	1397	5	CGACTTCTGTCTTTTTAAGGAACT	1
1399	1398	5	GACTTCTGTCTTTTTAAGGAACTT	1
1400	1399	5	ACTTCTGTCTTTTTAAGGAACTTA	1
1401	1400	5	CTTCTGTCTTTTTAAGGAACTTAA	1
1402	1401	5	TTCTGTCTTTTTAAGGAACTTAAC	1
1403	1402	5	TCTGTCTTTTTAAGGAACTTAACA	1
1404	1403	5	CTGTCTTTTTAAGGAACTTAACAA	1
1405	1404	5	TGTCTTTTTAAGGAACTTAACAAC	1
1406	1405	5	GTCTTTTTAAGGAACTTAACAACT	1
1407	1406	5	TCTTTTTAAGGAACTTAACAACTA	1
1408	1407	5	CTTTTTAAGGAACTTAACAACTAC	1
1409	1408	5	TTTTTAAGGAACTTAACAACTACA	1
1410	1409	5	TTTTAAGGAACTTAACAACTACAA	1
1411	1410	5	TTTAAGGAACTTAACAACTACAAA	1
1412	1411	5	TTAAGGAACTTAACAACTACAAAA	1
1413	1412	5	TAAGGAACTTAACAACTACAAAAC	1
1414	1413	4	AAGGAACTTAACAACTACAAAACA	1
1415	1414	4	AGGAACTTAACAACTACAAAACAC	1
1416	1415	4	GGAACTTAACAACTACAAAACACT	1
1417	1416	4	GAACTTAACAACTACAAAACACTT	1
1418	1417	4	AACTTAACAACTACAAAACACTTT	1
1419	1418	4	ACTTAACAACTACAAAACACTTTT	1
1420	1419	3	CTTAACAACTACAAAACACTTTTC	1
1421	1420	3	TTAACAACTACAAAACACTTTTCG	1
1422	1421	3	TAACAACTACAAAACACTTTTCGC	1
1423	1422	3	AACAACTACAAAACACTTTTCGCC	1
1424	1423	3	ACAACTACAAAACACTTTTCGCCT	1
1425	1424	3	CAACTACAAAACACTTTTCGCCTC	1
1426	1425	3	AACTACAAAACACTTTTCGCCTCA	1
1427	1426	3	ACTACAAAACACTTTTCGCCTCAC	1
1428	1427	3	CTACAAAACACTTTTCGCCTCACT	1
1429	1428	3	TACAAAACACTTTTCGCCTCACTT	1
1430	1429	3	ACAAAACACTTTTCGCCTCACTTG	1
1431	1430	1	CAAAACACTTTTCGCCTCACTTGC	1
1432	1431	1	AAAACACTTTTCGCCTCACTTGCG	1
1433	1432	1	AAACACTTTTCGCCTCACTTGCGA	1
1434	1433	1	AACACTTTTCGCCTCACTTGCGAA	1
1435	1434	1	ACACTTTTCGCCTCACTTGCGAAT	1
1436	1435	1	CACTTTTCGCCTCACTTGCGAATC	1
1437	1436	1	ACTTTTCGCCTCACTTGCGAATCT	1
1438	1437	1	CTTTTCGCCTCACTTGCGAATCTA	1
1439	1438	2	TTTTCGCCTCACTTGCGAATCTAC	1
1440	1439	2	TTTCGCCTCACTTGCGAATCTACG	1
1441	1440	2	TTCGCCTCACTTGCGAATCTACGA	1
1442	1441	2	TCGCCTCACTTGCGAATCTACGAA	1
1443	1442	2	CGCCTCACTTGCGAATCTACGAAA	1
1444	1443	2	GCCTCACTTGCGAATCTACGAAAG	1
1445	1444	2	CCTCACTTGCGAATCTACGAAAGG	1
1446	1445	2	CTCACTTGCGAATCTACGAAAGGA	1
1447	1446	2	TCACTTGCGAATCTACGAAAGGAA	1
1448	1447	2	CACTTGCGAATCTACGAAAGGAAT	1
1449	1448	2	ACTTGCGAATCTACGAAAGGAATA	1
1450	1449	2	CTTGCGAATCTACGAAAGGAATAT	1
1451	1450	2	TTGCGAATCTACGAAAGGAATATA	1
1452	1451	2	TGCGAATCTACGAAAGGAATATAT	1
1453	1452	2	GCGAATCTACGAAAGGAATATATA	1
1454	1453	2	CGAATCTACGAAAGGAATATATAG	1
1455	1454	2	GAATCTACGAAAGGAATATATAGG	1
1456	1455	2	AATCTACGAAAGGAATATATAGGT	1
1457	1456	2	ATCTACGAAAGGAATATATAGGTG	1
1458	1457	2	TCTACGAAAGGAATATATAGGTGG	1
1459	1458	2	CTACGAAAGGAATATATAGGTGGT	1
1460	1459	2	TACGAAAGGAATATATAGGTGGTT	1
1461	1460	2	ACGAAAGGAATATATAGGTGGTTC	1
1462	1461	3	CGAAAGGAATATATAGGTGGTTCA	1
1463	1462	3	GAAAGGAATATATAGGTGGTTCAC	1
1464	1463	3	AAAGGAATATATAGGTGGTTCACC	1
1465	1464	3	AAGGAATATATAGGTGGTTCACCC	1
1466	1465	3	AGGAATATATAGGTGGTTCACCCC	1
1467	1466	3	GGAATATATAGGTGGTTCACCCCT	1
1468	1467	3	GAATATATAGGTGGTTCACCCCTT	1
1469	1468	3	AATATATAGGTGGTTCACCCCTTT	1
1470	1469	3	ATATATAGGTGGTTCACCCCTTTT	1
1471	1470	3	TATATAGGTGGTTCACCCCTTTTC	1
1472	1471	3	ATATAGGTGGTTCACCCCTTTTCT	1
1473	1472	3	TATAGGTGGTTCACCCCTTTTCTT	1
1474	1473	3	ATAGGTGGTTCACCCCTTTTCTTT	1
1475	1474	3	TAGGTGGTTCACCCCTTTTCTTTT	1
1476	1475	3	AGGTGGTTCACCCCTTTTCTTTTC	1
1477	1476	3	GGTGGTTCACCCCTTTTCTTTTCA	1
1478	1477	3	GTGGTTCACCCCTTTTCTTTTCAT	1
1479	1478	3	TGGTTCACCCCTTTTCTTTTCATT	1
1480	1479	2	GGTTCACCCCTTTTCTTTTCATTT	1
1481	1480	2	GTTCACCCCTTTTCTTTTCATTTC	1
1482	1481	2	TTCACCCCTTTTCTTTTCATTTCG	1
1483	1482	1	TCACCCCTTTTCTTTTCATTTCGT	1
1484	1483	1	CACCCCTTTTCTTTTCATTTCGTG	1
1485	1484	1	ACCCCTTTTCTTTTCATTTCGTGT	1
1486	1485	1	CCCCTTTTCTTTTCATTTCGTGTT	1
1487	1486	1	CCCTTTTCTTTTCATTTCGTGTTT	1
1488	1487	1	CCTTTTCTTTTCATTTCGTGTTTT	1
1489	1488	1	CTTTTCTTTTCATTTCGTGTTTTT	1
1490	1489	1	TTTTCTTTTCATTTCGTGTTTTTA	1
1491	1490	1	TTTCTTTTCATTTCGTGTTTTTAA	1
1492	1491	2	TTCTTTTCATTTCGTGTTTTTAAT	1
1493	1492	2	TCTTTTCATTTCGTGTTTTTAATA	1
1494	1493	2	CTTTTCATTTCGTGTTTTTAATAG	1
1495	1494	2	TTTTCATTTCGTGTTTTTAATAGT	1
1496	1495	3	TTTCATTTCGTGTTTTTAATAGTT	1
1497	1496	6	TTCATTTCGTGTTTTTAATAGTTA	1
1498	1497	6	TCATTTCGTGTTTTTAATAGTTAT	1
1499	1498	7	CATTTCGTGTTTTTAATAGTTATT	1
1500	1499	8	ATTTCGTGTTTTTAATAGTTATTT	1
1501	1500	8	TTTCGTGTTTTTAATAGTTATTTA	1
1502	1501	8	TTCGTGTTTTTAATAGTTATTTAC	1
1503	1502	8	TCGTGTTTTTAATAGTTATTTACA	1
1504	1503	8	CGTGTTTTTAATAGTTATTTACAT	1
1505	1504	8	GTGTTTTTAATAGTTATTTACATC	1
1506	1505	7	TGTTTTTAATAGTTATTTACATCA	1
1507	1506	7	GTTTTTAATAGTTATTTACATCAA	1
1508	1507	7	TTTTTAATAGTTATTTACATCAAC	1
1509	1508	7	TTTTAATAGTTATTTACATCAACA	1
1510	1509	7	TTTAATAGTTATTTACATCAACAG	1
1511	1510	7	TTAATAGTTATTTACATCAACAGA	1
1512	1511	7	TAATAGTTATTTACATCAACAGAG	1
1513	1512	7	AATAGTTATTTACATCAACAGAGA	1
1514	1513	7	ATAGTTATTTACATCAACAGAGAT	1
1515	1514	7	TAGTTATTTACATCAACAGAGATA	1
1516	1515	7	AGTTATTTACATCAACAGAGATAA	1
1517	1516	7	GTTATTTACATCAACAGAGATAAC	1
1518	1517	7	TTATTTACATCAACAGAGATAACT	1
1519	1518	7	TATTTACATCAACAGAGATAACTA	1
1520	1519	7	ATTTACATCAACAGAGATAACTAT	1
1521	1520	7	TTTACATCAACAGAGATAACTATT	1
1522	1521	8	TTACATCAACAGAGATAACTATTT	1
1523	1522	8	TACATCAACAGAGATAACTATTTC	1
1524	1523	8	ACATCAACAGAGATAACTATTTCT	1
1525	1524	8	CATCAACAGAGATAACTATTTCTG	1
1526	1525	8	ATCAACAGAGATAACTATTTCTGT	1
1527	1526	8	TCAACAGAGATAACTATTTCTGTT	1
1528	1527	8	CAACAGAGATAACTATTTCTGTTA	1
1529	1528	8	AACAGAGATAACTATTTCTGTTAA	1
1530	1529	8	ACAGAGATAACTATTTCTGTTAAC	1
1531	1530	8	CAGAGATAACTATTTCTGTTAACG	1
1532	1531	8	AGAGATAACTATTTCTGTTAACGA	1
1533	1532	8	GAGATAACTATTTCTGTTAACGAT	1
1534	1533	7	AGATAACTATTTCTGTTAACGATT	1
1535	1534	7	GATAACTATTTCTGTTAACGATTT	1
1536	1535	7	ATAACTATTTCTGTTAACGATTTT	1
1537	1536	7	TAACTATTTCTGTTAACGATTTTT	1
1538	1537	7	AACTATTTCTGTTAACGATTTTTT	1
1539	1538	7	ACTATTTCTGTTAACGATTTTTTT	1
1540	1539	6	CTATTTCTGTTAACGATTTTTTTT	1
1541	1540	3	TATTTCTGTTAACGATTTTTTTTC	1
1542	1541	3	ATTTCTGTTAACGATTTTTTTTCC	1
1543	1542	2	TTTCTGTTAACGATTTTTTTTCCC	1
1544	1543	1	TTCTGTTAACGATTTTTTTTCCCA	1
1545	1544	1	TCTGTTAACGATTTTTTTTCCCAC	1
1546	1545	1	CTGTTAACGATTTTTTTTCCCACT	1
1547	1546	1	TGTTAACGATTTTTTTTCCCACTT	1
1548	1547	1	GTTAACGATTTTTTTTCCCACTTG	1
1549	1548	2	TTAACGATTTTTTTTCCCACTTGT	1
1550	1549	2	TAACGATTTTTTTTCCCACTTGTT	1
1551	1550	2	AACGATTTTTTTTCCCACTTGTTT	1
1552	1551	2	ACGATTTTTTTTCCCACTTGTTTT	1
1553	1552	2	CGATTTTTTTTCCCACTTGTTTTC	1
1554	1553	2	GATTTTTTTTCCCACTTGTTTTCT	1
1555	1554	2	ATTTTTTTTCCCACTTGTTTTCTT	1
1556	1555	2	TTTTTTTTCCCACTTGTTTTCTTC	1
1557	1556	2	TTTTTTTCCCACTTGTTTTCTTCC	1
1558	1557	2	TTTTTTCCCACTTGTTTTCTTCCT	1
1559	1558	2	TTTTTCCCACTTGTTTTCTTCCTT	1
1560	1559	2	TTTTCCCACTTGTTTTCTTCCTTT	1
1561	1560	2	TTTCCCACTTGTTTTCTTCCTTTT	1
1562	1561	2	TTCCCACTTGTTTTCTTCCTTTTT	1
1563	1562	2	TCCCACTTGTTTTCTTCCTTTTTT	1
1564	1563	2	CCCACTTGTTTTCTTCCTTTTTTT	1
1565	1564	2	CCACTTGTTTTCTTCCTTTTTTTT	1
1566	1565	1	CACTTGTTTTCTTCCTTTTTTTTT	1
1567	1566	1	ACTTGTTTTCTTCCTTTTTTTTTG	1
1568	1567	1	CTTGTTTTCTTCCTTTTTTTTTGA	1
1569	1568	1	TTGTTTTCTTCCTTTTTTTTTGAA	1
1570	1569	1	TGTTTTCTTCCTTTTTTTTTGAAT	1
1571	1570	1	GTTTTCTTCCTTTTTTTTTGAATT	1
1572	1571	1	TTTTCTTCCTTTTTTTTTGAATTT	1
1573	1572	1	TTTCTTCCTTTTTTTTTGAATTTT	1
1574	1573	1	TTCTTCCTTTTTTTTTGAATTTTA	1
1575	1574	1	TCTTCCTTTTTTTTTGAATTTTAA	1
1576	1575	1	CTTCCTTTTTTTTTGAATTTTAAT	1
1577	1576	1	TTCCTTTTTTTTTGAATTTTAATT	1
1578	1577	1	TCCTTTTTTTTTGAATTTTAATTA	1
1579	1578	1	CCTTTTTTTTTGAATTTTAATTAA	1
1580	1579	1	CTTTTTTTTTGAATTTTAATTAAT	1
1581	1580	1	TTTTTTTTTGAATTTTAATTAATT	1
1582	1581	1	TTTTTTTTGAATTTTAATTAATTT	1
1583	1582	1	TTTTTTTGAATTTTAATTAATTTA	1
1584	1583	1	TTTTTTGAATTTTAATTAATTTAT	1
1585	1584	1	TTTTTGAATTTTAATTAATTTATA	1
1586	1585	1	TTTTGAATTTTAATTAATTTATAA	1
1587	1586	1	TTTGAATTTTAATTAATTTATAAT	1
1588	1587	1	TTGAATTTTAATTAATTTATAATA	1
1589	1588	1	TGAATTTTAATTAATTTATAATAA	1
1590	1589	1	GAATTTTAATTAATTTATAATAAG	1
1591	1590	1	AATTTTAATTAATTTATAATAAGC	1
1592	1591	1	ATTTTAATTAATTTATAATAAGCA	1
