Component 513
1	-1	0	AACAGTTGATGTTTCTTTTTTTGT	1
2	1	1	ACAGTTGATGTTTCTTTTTTTGTC	1
3	2	1	CAGTTGATGTTTCTTTTTTTGTCT	1
4	3	1	AGTTGATGTTTCTTTTTTTGTCTT	1
5	4	1	GTTGATGTTTCTTTTTTTGTCTTT	1
6	5	1	TTGATGTTTCTTTTTTTGTCTTTT	1
7	6	1	TGATGTTTCTTTTTTTGTCTTTTT	1
8	7	1	GATGTTTCTTTTTTTGTCTTTTTT	1
9	8	1	ATGTTTCTTTTTTTGTCTTTTTTT	1
10	9	1	TGTTTCTTTTTTTGTCTTTTTTTT	1
11	10	1	GTTTCTTTTTTTGTCTTTTTTTTG	1
12	11	1	TTTCTTTTTTTGTCTTTTTTTTGG	1
13	12	1	TTCTTTTTTTGTCTTTTTTTTGGC	1
14	13	1	TCTTTTTTTGTCTTTTTTTTGGCA	1
15	14	1	CTTTTTTTGTCTTTTTTTTGGCAA	1
16	15	1	TTTTTTTGTCTTTTTTTTGGCAAT	1
17	16	1	TTTTTTGTCTTTTTTTTGGCAATT	1
18	17	1	TTTTTGTCTTTTTTTTGGCAATTT	1
19	18	1	TTTTGTCTTTTTTTTGGCAATTTC	1
20	19	1	TTTGTCTTTTTTTTGGCAATTTCA	1
21	20	1	TTGTCTTTTTTTTGGCAATTTCAA	1
22	21	1	TGTCTTTTTTTTGGCAATTTCAAT	1
23	22	1	GTCTTTTTTTTGGCAATTTCAATT	1
24	23	1	TCTTTTTTTTGGCAATTTCAATTT	1
25	24	1	CTTTTTTTTGGCAATTTCAATTTT	1
26	25	1	TTTTTTTTGGCAATTTCAATTTTA	1
27	26	1	TTTTTTTGGCAATTTCAATTTTAA	1
28	27	1	TTTTTTGGCAATTTCAATTTTAAT	1
29	28	3	TTTTTGGCAATTTCAATTTTAATA	1
30	29	4	TTTTGGCAATTTCAATTTTAATAT	1
31	30	4	TTTGGCAATTTCAATTTTAATATT	1
32	31	4	TTGGCAATTTCAATTTTAATATTA	1
33	32	4	TGGCAATTTCAATTTTAATATTAG	1
34	33	4	GGCAATTTCAATTTTAATATTAGA	1
35	34	4	GCAATTTCAATTTTAATATTAGAA	1
36	35	5	CAATTTCAATTTTAATATTAGAAA	1
37	36	6	AATTTCAATTTTAATATTAGAAAA	1
38	37	6	ATTTCAATTTTAATATTAGAAAAT	1
39	38	6	TTTCAATTTTAATATTAGAAAATA	1
40	39	6	TTCAATTTTAATATTAGAAAATAA	1
41	40	6	TCAATTTTAATATTAGAAAATAAC	1
42	41	6	CAATTTTAATATTAGAAAATAACT	1
43	42	6	AATTTTAATATTAGAAAATAACTA	1
44	43	6	ATTTTAATATTAGAAAATAACTAG	1
45	44	6	TTTTAATATTAGAAAATAACTAGA	1
46	45	5	TTTAATATTAGAAAATAACTAGAC	1
47	46	5	TTAATATTAGAAAATAACTAGACT	1
48	47	5	TAATATTAGAAAATAACTAGACTT	1
49	48	5	AATATTAGAAAATAACTAGACTTT	1
50	49	5	ATATTAGAAAATAACTAGACTTTT	1
51	50	5	TATTAGAAAATAACTAGACTTTTA	1
52	51	5	ATTAGAAAATAACTAGACTTTTAT	1
53	52	5	TTAGAAAATAACTAGACTTTTATG	1
54	53	5	TAGAAAATAACTAGACTTTTATGA	1
55	54	5	AGAAAATAACTAGACTTTTATGAC	1
56	55	5	GAAAATAACTAGACTTTTATGACT	1
57	56	5	AAAATAACTAGACTTTTATGACTT	1
58	57	5	AAATAACTAGACTTTTATGACTTT	1
59	58	5	AATAACTAGACTTTTATGACTTTA	1
60	59	5	ATAACTAGACTTTTATGACTTTAG	1
61	60	5	TAACTAGACTTTTATGACTTTAGC	1
62	61	5	AACTAGACTTTTATGACTTTAGCT	1
63	62	5	ACTAGACTTTTATGACTTTAGCTT	1
64	63	5	CTAGACTTTTATGACTTTAGCTTA	1
65	64	5	TAGACTTTTATGACTTTAGCTTAT	1
66	65	5	AGACTTTTATGACTTTAGCTTATA	1
67	66	5	GACTTTTATGACTTTAGCTTATAT	1
68	67	5	ACTTTTATGACTTTAGCTTATATA	1
69	68	5	CTTTTATGACTTTAGCTTATATAC	1
70	69	5	TTTTATGACTTTAGCTTATATACC	1
71	70	5	TTTATGACTTTAGCTTATATACCA	1
72	71	5	TTATGACTTTAGCTTATATACCAG	1
73	72	3	TATGACTTTAGCTTATATACCAGA	1
74	73	2	ATGACTTTAGCTTATATACCAGAA	1
75	74	2	TGACTTTAGCTTATATACCAGAAT	1
76	75	2	GACTTTAGCTTATATACCAGAATA	1
77	76	2	ACTTTAGCTTATATACCAGAATAT	1
78	77	2	CTTTAGCTTATATACCAGAATATC	1
79	78	2	TTTAGCTTATATACCAGAATATCG	1
80	79	1	TTAGCTTATATACCAGAATATCGC	1
81	-1	0	CCTACATTTATTTTATCATATAAT	1
82	81	1	CTACATTTATTTTATCATATAATA	1
83	82	1	TACATTTATTTTATCATATAATAT	1
84	83	1	ACATTTATTTTATCATATAATATA	1
85	84	1	CATTTATTTTATCATATAATATAG	1
86	85	1	ATTTATTTTATCATATAATATAGG	1
87	86	1	TTTATTTTATCATATAATATAGGT	1
88	87	1	TTATTTTATCATATAATATAGGTT	1
89	88	1	TATTTTATCATATAATATAGGTTT	1
90	89	1	ATTTTATCATATAATATAGGTTTT	1
91	90	1	TTTTATCATATAATATAGGTTTTG	1
92	91	1	TTTATCATATAATATAGGTTTTGA	1
93	92	1	TTATCATATAATATAGGTTTTGAA	1
94	93	2	TATCATATAATATAGGTTTTGAAA	1
95	94	2	ATCATATAATATAGGTTTTGAAAG	1
96	95	2	TCATATAATATAGGTTTTGAAAGA	1
97	96	2	CATATAATATAGGTTTTGAAAGAT	1
98	97	2	ATATAATATAGGTTTTGAAAGATG	1
99	98	2	TATAATATAGGTTTTGAAAGATGT	1
100	99	2	ATAATATAGGTTTTGAAAGATGTC	1
101	100	2	TAATATAGGTTTTGAAAGATGTCC	1
102	101	2	AATATAGGTTTTGAAAGATGTCCT	1
103	102	2	ATATAGGTTTTGAAAGATGTCCTC	1
104	103	2	TATAGGTTTTGAAAGATGTCCTCT	1
105	104	2	ATAGGTTTTGAAAGATGTCCTCTT	1
106	105	2	TAGGTTTTGAAAGATGTCCTCTTC	1
107	106	2	AGGTTTTGAAAGATGTCCTCTTCT	1
108	107	2	GGTTTTGAAAGATGTCCTCTTCTG	1
109	108	3	GTTTTGAAAGATGTCCTCTTCTGC	1
110	109	3	TTTTGAAAGATGTCCTCTTCTGCT	1
111	110	3	TTTGAAAGATGTCCTCTTCTGCTG	1
112	111	3	TTGAAAGATGTCCTCTTCTGCTGT	1
113	112	4	TGAAAGATGTCCTCTTCTGCTGTC	1
114	113	4	GAAAGATGTCCTCTTCTGCTGTCT	1
115	114	4	AAAGATGTCCTCTTCTGCTGTCTC	1
116	115	4	AAGATGTCCTCTTCTGCTGTCTCT	1
117	116	4	AGATGTCCTCTTCTGCTGTCTCTC	1
118	117	5	GATGTCCTCTTCTGCTGTCTCTCC	1
119	118	5	ATGTCCTCTTCTGCTGTCTCTCCT	1
120	119	5	TGTCCTCTTCTGCTGTCTCTCCTA	1
121	120	5	GTCCTCTTCTGCTGTCTCTCCTAA	1
122	121	5	TCCTCTTCTGCTGTCTCTCCTAAG	1
123	122	5	CCTCTTCTGCTGTCTCTCCTAAGC	1
124	123	5	CTCTTCTGCTGTCTCTCCTAAGCA	1
125	124	5	TCTTCTGCTGTCTCTCCTAAGCAA	1
126	125	4	CTTCTGCTGTCTCTCCTAAGCAAT	1
127	126	4	TTCTGCTGTCTCTCCTAAGCAATG	1
128	127	5	TCTGCTGTCTCTCCTAAGCAATGG	1
129	128	5	CTGCTGTCTCTCCTAAGCAATGGG	1
130	129	5	TGCTGTCTCTCCTAAGCAATGGGT	1
131	130	5	GCTGTCTCTCCTAAGCAATGGGTC	1
132	131	5	CTGTCTCTCCTAAGCAATGGGTCG	1
133	132	5	TGTCTCTCCTAAGCAATGGGTCGC	1
134	133	5	GTCTCTCCTAAGCAATGGGTCGCC	1
135	134	5	TCTCTCCTAAGCAATGGGTCGCCG	1
136	135	5	CTCTCCTAAGCAATGGGTCGCCGG	1
137	136	5	TCTCCTAAGCAATGGGTCGCCGGC	1
138	137	4	CTCCTAAGCAATGGGTCGCCGGCC	1
139	138	4	TCCTAAGCAATGGGTCGCCGGCCT	1
140	139	4	CCTAAGCAATGGGTCGCCGGCCTC	1
141	140	4	CTAAGCAATGGGTCGCCGGCCTCA	1
142	141	4	TAAGCAATGGGTCGCCGGCCTCAA	1
143	142	4	AAGCAATGGGTCGCCGGCCTCAAC	1
144	143	4	AGCAATGGGTCGCCGGCCTCAACA	1
145	144	4	GCAATGGGTCGCCGGCCTCAACAG	1
146	145	4	CAATGGGTCGCCGGCCTCAACAGC	1
147	146	4	AATGGGTCGCCGGCCTCAACAGCG	1
148	147	4	ATGGGTCGCCGGCCTCAACAGCGA	1
149	148	4	TGGGTCGCCGGCCTCAACAGCGAG	1
150	149	4	GGGTCGCCGGCCTCAACAGCGAGC	1
151	150	4	GGTCGCCGGCCTCAACAGCGAGCT	1
152	151	5	GTCGCCGGCCTCAACAGCGAGCTT	1
153	152	4	TCGCCGGCCTCAACAGCGAGCTTG	1
154	153	4	CGCCGGCCTCAACAGCGAGCTTGA	1
155	154	4	GCCGGCCTCAACAGCGAGCTTGAT	1
156	155	4	CCGGCCTCAACAGCGAGCTTGATA	1
157	156	4	CGGCCTCAACAGCGAGCTTGATAT	1
158	157	5	GGCCTCAACAGCGAGCTTGATATC	1
159	158	5	GCCTCAACAGCGAGCTTGATATCC	1
160	159	5	CCTCAACAGCGAGCTTGATATCCC	1
161	160	5	CTCAACAGCGAGCTTGATATCCCC	1
162	161	4	TCAACAGCGAGCTTGATATCCCCG	1
163	162	4	CAACAGCGAGCTTGATATCCCCGC	1
164	163	4	AACAGCGAGCTTGATATCCCCGCT	1
165	164	4	ACAGCGAGCTTGATATCCCCGCTG	1
166	165	4	CAGCGAGCTTGATATCCCCGCTGT	1
167	166	4	AGCGAGCTTGATATCCCCGCTGTC	1
168	167	4	GCGAGCTTGATATCCCCGCTGTCA	1
169	168	4	CGAGCTTGATATCCCCGCTGTCAA	1
170	169	4	GAGCTTGATATCCCCGCTGTCAAC	1
171	170	4	AGCTTGATATCCCCGCTGTCAACC	1
172	171	3	GCTTGATATCCCCGCTGTCAACCG	1
173	172	3	CTTGATATCCCCGCTGTCAACCGT	1
174	173	3	TTGATATCCCCGCTGTCAACCGTC	1
175	174	3	TGATATCCCCGCTGTCAACCGTCG	1
176	175	3	GATATCCCCGCTGTCAACCGTCGT	1
177	176	3	ATATCCCCGCTGTCAACCGTCGTA	1
178	177	3	TATCCCCGCTGTCAACCGTCGTAC	1
179	178	3	ATCCCCGCTGTCAACCGTCGTACC	1
180	179	3	TCCCCGCTGTCAACCGTCGTACCT	1
181	180	3	CCCCGCTGTCAACCGTCGTACCTC	1
182	181	3	CCCGCTGTCAACCGTCGTACCTCC	1
183	182	3	CCGCTGTCAACCGTCGTACCTCCA	1
184	183	3	CGCTGTCAACCGTCGTACCTCCAT	1
185	184	3	GCTGTCAACCGTCGTACCTCCATC	1
186	185	3	CTGTCAACCGTCGTACCTCCATCA	1
187	186	3	TGTCAACCGTCGTACCTCCATCAT	1
188	187	4	GTCAACCGTCGTACCTCCATCATT	1
189	188	4	TCAACCGTCGTACCTCCATCATTT	1
190	189	4	CAACCGTCGTACCTCCATCATTTG	1
191	190	4	AACCGTCGTACCTCCATCATTTGC	1
192	191	4	ACCGTCGTACCTCCATCATTTGCA	1
193	192	4	CCGTCGTACCTCCATCATTTGCAC	1
194	193	4	CGTCGTACCTCCATCATTTGCACC	1
195	194	5	GTCGTACCTCCATCATTTGCACCA	1
196	195	4	TCGTACCTCCATCATTTGCACCAT	1
197	196	4	CGTACCTCCATCATTTGCACCATT	1
198	197	4	GTACCTCCATCATTTGCACCATTG	1
199	198	4	TACCTCCATCATTTGCACCATTGG	1
200	199	4	ACCTCCATCATTTGCACCATTGGT	1
201	200	3	CCTCCATCATTTGCACCATTGGTC	1
202	201	2	CTCCATCATTTGCACCATTGGTCC	1
203	202	2	TCCATCATTTGCACCATTGGTCCC	1
204	203	2	CCATCATTTGCACCATTGGTCCCA	1
205	204	2	CATCATTTGCACCATTGGTCCCAA	1
206	205	2	ATCATTTGCACCATTGGTCCCAAG	1
207	206	2	TCATTTGCACCATTGGTCCCAAGT	1
208	207	2	CATTTGCACCATTGGTCCCAAGTC	1
209	208	2	ATTTGCACCATTGGTCCCAAGTCC	1
210	209	2	TTTGCACCATTGGTCCCAAGTCCA	1
211	210	2	TTGCACCATTGGTCCCAAGTCCAA	1
212	211	2	TGCACCATTGGTCCCAAGTCCAAC	1
213	212	2	GCACCATTGGTCCCAAGTCCAACA	1
214	213	3	CACCATTGGTCCCAAGTCCAACAA	1
215	214	3	ACCATTGGTCCCAAGTCCAACAAC	1
216	215	3	CCATTGGTCCCAAGTCCAACAACG	1
217	216	3	CATTGGTCCCAAGTCCAACAACGT	1
218	217	3	ATTGGTCCCAAGTCCAACAACGTT	1
219	218	4	TTGGTCCCAAGTCCAACAACGTTG	1
220	219	4	TGGTCCCAAGTCCAACAACGTTGA	1
221	220	4	GGTCCCAAGTCCAACAACGTTGAG	1
222	221	4	GTCCCAAGTCCAACAACGTTGAGA	1
223	222	4	TCCCAAGTCCAACAACGTTGAGAC	1
224	223	4	CCCAAGTCCAACAACGTTGAGACC	1
225	224	5	CCAAGTCCAACAACGTTGAGACCT	1
226	225	5	CAAGTCCAACAACGTTGAGACCTT	1
227	226	5	AAGTCCAACAACGTTGAGACCTTG	1
228	227	5	AGTCCAACAACGTTGAGACCTTGT	1
229	228	5	GTCCAACAACGTTGAGACCTTGTG	1
230	229	5	TCCAACAACGTTGAGACCTTGTGC	1
231	230	5	CCAACAACGTTGAGACCTTGTGCA	1
232	231	4	CAACAACGTTGAGACCTTGTGCAA	1
233	232	5	AACAACGTTGAGACCTTGTGCAAG	1
234	233	5	ACAACGTTGAGACCTTGTGCAAGC	1
235	234	5	CAACGTTGAGACCTTGTGCAAGCT	1
236	235	5	AACGTTGAGACCTTGTGCAAGCTC	1
237	236	5	ACGTTGAGACCTTGTGCAAGCTCC	1
238	237	6	CGTTGAGACCTTGTGCAAGCTCCG	1
239	238	5	GTTGAGACCTTGTGCAAGCTCCGT	1
240	239	5	TTGAGACCTTGTGCAAGCTCCGTG	1
241	240	8	TGAGACCTTGTGCAAGCTCCGTGA	1
242	241	8	GAGACCTTGTGCAAGCTCCGTGAT	1
243	242	8	AGACCTTGTGCAAGCTCCGTGATG	1
244	243	8	GACCTTGTGCAAGCTCCGTGATGC	1
245	244	8	ACCTTGTGCAAGCTCCGTGATGCT	1
246	245	9	CCTTGTGCAAGCTCCGTGATGCTG	1
247	246	9	CTTGTGCAAGCTCCGTGATGCTGG	1
248	247	10	TTGTGCAAGCTCCGTGATGCTGGT	1
249	248	10	TGTGCAAGCTCCGTGATGCTGGTA	1
250	249	10	GTGCAAGCTCCGTGATGCTGGTAT	1
251	250	10	TGCAAGCTCCGTGATGCTGGTATG	1
252	251	10	GCAAGCTCCGTGATGCTGGTATGA	1
253	252	10	CAAGCTCCGTGATGCTGGTATGAA	1
254	253	10	AAGCTCCGTGATGCTGGTATGAAC	1
255	254	10	AGCTCCGTGATGCTGGTATGAACA	1
256	255	10	GCTCCGTGATGCTGGTATGAACAT	1
257	256	10	CTCCGTGATGCTGGTATGAACATT	1
258	257	9	TCCGTGATGCTGGTATGAACATTG	1
259	258	9	CCGTGATGCTGGTATGAACATTGT	1
260	259	10	CGTGATGCTGGTATGAACATTGTT	1
261	260	10	GTGATGCTGGTATGAACATTGTTC	1
262	261	10	TGATGCTGGTATGAACATTGTTCG	1
263	262	9	GATGCTGGTATGAACATTGTTCGT	1
264	263	9	ATGCTGGTATGAACATTGTTCGTA	1
265	264	9	TGCTGGTATGAACATTGTTCGTAT	1
266	265	9	GCTGGTATGAACATTGTTCGTATG	1
267	266	9	CTGGTATGAACATTGTTCGTATGA	1
268	267	9	TGGTATGAACATTGTTCGTATGAA	1
269	268	8	GGTATGAACATTGTTCGTATGAAC	1
270	269	8	GTATGAACATTGTTCGTATGAACT	1
271	270	8	TATGAACATTGTTCGTATGAACTT	1
272	271	8	ATGAACATTGTTCGTATGAACTTC	1
273	272	10	TGAACATTGTTCGTATGAACTTCT	1
274	273	11	GAACATTGTTCGTATGAACTTCTC	1
275	274	11	AACATTGTTCGTATGAACTTCTCT	1
276	275	10	ACATTGTTCGTATGAACTTCTCTC	1
277	276	9	CATTGTTCGTATGAACTTCTCTCA	1
278	277	9	ATTGTTCGTATGAACTTCTCTCAC	1
279	278	10	TTGTTCGTATGAACTTCTCTCACG	1
280	279	10	TGTTCGTATGAACTTCTCTCACGG	1
281	280	10	GTTCGTATGAACTTCTCTCACGGT	1
282	281	10	TTCGTATGAACTTCTCTCACGGTT	1
283	282	11	TCGTATGAACTTCTCTCACGGTTC	1
284	283	11	CGTATGAACTTCTCTCACGGTTCC	1
285	284	8	GTATGAACTTCTCTCACGGTTCCT	1
286	285	10	TATGAACTTCTCTCACGGTTCCTA	1
287	286	10	ATGAACTTCTCTCACGGTTCCTAC	1
288	287	11	TGAACTTCTCTCACGGTTCCTACG	1
289	288	12	GAACTTCTCTCACGGTTCCTACGA	1
290	289	12	AACTTCTCTCACGGTTCCTACGAA	1
291	290	12	ACTTCTCTCACGGTTCCTACGAAT	1
292	291	11	CTTCTCTCACGGTTCCTACGAATA	1
293	292	11	TTCTCTCACGGTTCCTACGAATAC	1
294	293	11	TCTCTCACGGTTCCTACGAATACC	1
295	294	11	CTCTCACGGTTCCTACGAATACCA	1
296	295	12	TCTCACGGTTCCTACGAATACCAC	1
297	296	12	CTCACGGTTCCTACGAATACCACC	1
298	297	12	TCACGGTTCCTACGAATACCACCA	1
299	298	12	CACGGTTCCTACGAATACCACCAA	1
300	299	11	ACGGTTCCTACGAATACCACCAAT	1
301	300	11	CGGTTCCTACGAATACCACCAATC	1
302	301	11	GGTTCCTACGAATACCACCAATCC	1
303	302	11	GTTCCTACGAATACCACCAATCCG	1
304	303	10	TTCCTACGAATACCACCAATCCGT	1
305	304	10	TCCTACGAATACCACCAATCCGTC	1
306	305	10	CCTACGAATACCACCAATCCGTCA	1
307	306	10	CTACGAATACCACCAATCCGTCAT	1
308	307	10	TACGAATACCACCAATCCGTCATT	1
309	308	10	ACGAATACCACCAATCCGTCATTG	1
310	309	10	CGAATACCACCAATCCGTCATTGA	1
311	310	10	GAATACCACCAATCCGTCATTGAC	1
312	311	10	AATACCACCAATCCGTCATTGACA	1
313	312	10	ATACCACCAATCCGTCATTGACAA	1
314	313	10	TACCACCAATCCGTCATTGACAAT	1
315	314	10	ACCACCAATCCGTCATTGACAATG	1
316	315	10	CCACCAATCCGTCATTGACAATGC	1
317	316	8	CACCAATCCGTCATTGACAATGCC	1
318	317	8	ACCAATCCGTCATTGACAATGCCC	1
319	318	8	CCAATCCGTCATTGACAATGCCCG	1
320	319	8	CAATCCGTCATTGACAATGCCCGT	1
321	320	8	AATCCGTCATTGACAATGCCCGTA	1
322	321	8	ATCCGTCATTGACAATGCCCGTAA	1
323	322	7	TCCGTCATTGACAATGCCCGTAAG	1
324	323	7	CCGTCATTGACAATGCCCGTAAGG	1
325	324	8	CGTCATTGACAATGCCCGTAAGGC	1
326	325	8	GTCATTGACAATGCCCGTAAGGCC	1
327	326	7	TCATTGACAATGCCCGTAAGGCCT	1
328	327	7	CATTGACAATGCCCGTAAGGCCTC	1
329	328	7	ATTGACAATGCCCGTAAGGCCTCT	1
330	329	5	TTGACAATGCCCGTAAGGCCTCTG	1
331	330	5	TGACAATGCCCGTAAGGCCTCTGC	1
332	331	4	GACAATGCCCGTAAGGCCTCTGCC	1
333	332	3	ACAATGCCCGTAAGGCCTCTGCCA	1
334	333	2	CAATGCCCGTAAGGCCTCTGCCAC	1
335	334	2	AATGCCCGTAAGGCCTCTGCCACC	1
336	335	2	ATGCCCGTAAGGCCTCTGCCACCA	1
337	336	2	TGCCCGTAAGGCCTCTGCCACCAA	1
338	337	2	GCCCGTAAGGCCTCTGCCACCAAC	1
339	338	2	CCCGTAAGGCCTCTGCCACCAACC	1
340	339	1	CCGTAAGGCCTCTGCCACCAACCC	1
341	340	1	CGTAAGGCCTCTGCCACCAACCCT	1
342	341	1	GTAAGGCCTCTGCCACCAACCCTC	1
343	342	1	TAAGGCCTCTGCCACCAACCCTCT	1
344	343	1	AAGGCCTCTGCCACCAACCCTCTC	1
345	344	1	AGGCCTCTGCCACCAACCCTCTCT	1
346	345	1	GGCCTCTGCCACCAACCCTCTCTT	1
347	346	1	GCCTCTGCCACCAACCCTCTCTTC	1
348	347	1	CCTCTGCCACCAACCCTCTCTTCC	1
349	348	1	CTCTGCCACCAACCCTCTCTTCCC	1
350	349	1	TCTGCCACCAACCCTCTCTTCCCC	1
351	350	1	CTGCCACCAACCCTCTCTTCCCCT	1
352	351	1	TGCCACCAACCCTCTCTTCCCCTT	1
353	352	2	GCCACCAACCCTCTCTTCCCCTTG	1
354	353	2	CCACCAACCCTCTCTTCCCCTTGG	1
355	354	2	CACCAACCCTCTCTTCCCCTTGGC	1
356	355	2	ACCAACCCTCTCTTCCCCTTGGCC	1
357	356	2	CCAACCCTCTCTTCCCCTTGGCCA	1
358	357	2	CAACCCTCTCTTCCCCTTGGCCAT	1
359	358	2	AACCCTCTCTTCCCCTTGGCCATT	1
360	359	2	ACCCTCTCTTCCCCTTGGCCATTG	1
361	360	2	CCCTCTCTTCCCCTTGGCCATTGC	1
362	361	1	CCTCTCTTCCCCTTGGCCATTGCC	1
363	362	1	CTCTCTTCCCCTTGGCCATTGCCT	1
364	363	1	TCTCTTCCCCTTGGCCATTGCCTT	1
365	364	1	CTCTTCCCCTTGGCCATTGCCTTG	1
366	365	1	TCTTCCCCTTGGCCATTGCCTTGG	1
367	366	1	CTTCCCCTTGGCCATTGCCTTGGA	1
368	367	1	TTCCCCTTGGCCATTGCCTTGGAT	1
369	368	1	TCCCCTTGGCCATTGCCTTGGATA	1
370	369	1	CCCCTTGGCCATTGCCTTGGATAC	1
371	370	1	CCCTTGGCCATTGCCTTGGATACT	1
372	371	1	CCTTGGCCATTGCCTTGGATACTA	1
373	372	2	CTTGGCCATTGCCTTGGATACTAA	1
374	373	2	TTGGCCATTGCCTTGGATACTAAG	1
375	374	2	TGGCCATTGCCTTGGATACTAAGG	1
376	375	2	GGCCATTGCCTTGGATACTAAGGG	1
377	376	2	GCCATTGCCTTGGATACTAAGGGA	1
378	377	2	CCATTGCCTTGGATACTAAGGGAC	1
379	378	4	CATTGCCTTGGATACTAAGGGACC	1
380	379	4	ATTGCCTTGGATACTAAGGGACCT	1
381	380	4	TTGCCTTGGATACTAAGGGACCTG	1
382	381	4	TGCCTTGGATACTAAGGGACCTGA	1
383	382	4	GCCTTGGATACTAAGGGACCTGAG	1
384	383	5	CCTTGGATACTAAGGGACCTGAGA	1
385	384	5	CTTGGATACTAAGGGACCTGAGAT	1
386	385	5	TTGGATACTAAGGGACCTGAGATT	1
387	386	5	TGGATACTAAGGGACCTGAGATTC	1
388	387	5	GGATACTAAGGGACCTGAGATTCG	1
389	388	5	GATACTAAGGGACCTGAGATTCGT	1
390	389	5	ATACTAAGGGACCTGAGATTCGTA	1
391	390	5	TACTAAGGGACCTGAGATTCGTAC	1
392	391	5	ACTAAGGGACCTGAGATTCGTACT	1
393	392	5	CTAAGGGACCTGAGATTCGTACTG	1
394	393	5	TAAGGGACCTGAGATTCGTACTGG	1
395	394	5	AAGGGACCTGAGATTCGTACTGGT	1
396	395	5	AGGGACCTGAGATTCGTACTGGTC	1
397	396	4	GGGACCTGAGATTCGTACTGGTCT	1
398	397	4	GGACCTGAGATTCGTACTGGTCTC	1
399	398	4	GACCTGAGATTCGTACTGGTCTCA	1
400	399	4	ACCTGAGATTCGTACTGGTCTCAC	1
401	400	4	CCTGAGATTCGTACTGGTCTCACC	1
402	401	4	CTGAGATTCGTACTGGTCTCACCG	1
403	402	4	TGAGATTCGTACTGGTCTCACCGT	1
404	403	4	GAGATTCGTACTGGTCTCACCGTT	1
405	404	4	AGATTCGTACTGGTCTCACCGTTG	1
406	405	4	GATTCGTACTGGTCTCACCGTTGG	1
407	406	4	ATTCGTACTGGTCTCACCGTTGGC	1
408	407	6	TTCGTACTGGTCTCACCGTTGGCG	1
409	408	7	TCGTACTGGTCTCACCGTTGGCGG	1
410	409	7	CGTACTGGTCTCACCGTTGGCGGT	1
411	410	9	GTACTGGTCTCACCGTTGGCGGTA	1
412	411	9	TACTGGTCTCACCGTTGGCGGTAC	1
413	412	9	ACTGGTCTCACCGTTGGCGGTACT	1
414	413	9	CTGGTCTCACCGTTGGCGGTACTG	1
415	414	9	TGGTCTCACCGTTGGCGGTACTGA	1
416	415	9	GGTCTCACCGTTGGCGGTACTGAC	1
417	416	8	GTCTCACCGTTGGCGGTACTGACT	1
418	417	8	TCTCACCGTTGGCGGTACTGACTA	1
419	418	8	CTCACCGTTGGCGGTACTGACTAC	1
420	419	8	TCACCGTTGGCGGTACTGACTACC	1
421	420	8	CACCGTTGGCGGTACTGACTACCC	1
422	421	8	ACCGTTGGCGGTACTGACTACCCC	1
423	422	6	CCGTTGGCGGTACTGACTACCCCA	1
424	423	6	CGTTGGCGGTACTGACTACCCCAT	1
425	424	6	GTTGGCGGTACTGACTACCCCATC	1
426	425	6	TTGGCGGTACTGACTACCCCATCT	1
427	426	6	TGGCGGTACTGACTACCCCATCTC	1
428	427	6	GGCGGTACTGACTACCCCATCTCC	1
429	428	6	GCGGTACTGACTACCCCATCTCCT	1
430	429	7	CGGTACTGACTACCCCATCTCCTC	1
431	430	8	GGTACTGACTACCCCATCTCCTCT	1
432	431	8	GTACTGACTACCCCATCTCCTCTG	1
433	432	8	TACTGACTACCCCATCTCCTCTGG	1
434	433	8	ACTGACTACCCCATCTCCTCTGGT	1
435	434	8	CTGACTACCCCATCTCCTCTGGTC	1
436	435	8	TGACTACCCCATCTCCTCTGGTCA	1
437	436	8	GACTACCCCATCTCCTCTGGTCAC	1
438	437	8	ACTACCCCATCTCCTCTGGTCACG	1
439	438	8	CTACCCCATCTCCTCTGGTCACGA	1
440	439	8	TACCCCATCTCCTCTGGTCACGAG	1
441	440	8	ACCCCATCTCCTCTGGTCACGAGA	1
442	441	8	CCCCATCTCCTCTGGTCACGAGAT	1
443	442	9	CCCATCTCCTCTGGTCACGAGATG	1
444	443	9	CCATCTCCTCTGGTCACGAGATGA	1
445	444	9	CATCTCCTCTGGTCACGAGATGAT	1
446	445	9	ATCTCCTCTGGTCACGAGATGATC	1
447	446	9	TCTCCTCTGGTCACGAGATGATCT	1
448	447	9	CTCCTCTGGTCACGAGATGATCTT	1
449	448	9	TCCTCTGGTCACGAGATGATCTTC	1
450	449	9	CCTCTGGTCACGAGATGATCTTCA	1
451	450	9	CTCTGGTCACGAGATGATCTTCAC	1
452	451	8	TCTGGTCACGAGATGATCTTCACC	1
453	452	7	CTGGTCACGAGATGATCTTCACCA	1
454	453	7	TGGTCACGAGATGATCTTCACCAC	1
455	454	5	GGTCACGAGATGATCTTCACCACC	1
456	455	5	GTCACGAGATGATCTTCACCACCG	1
457	456	5	TCACGAGATGATCTTCACCACCGA	1
458	457	5	CACGAGATGATCTTCACCACCGAC	1
459	458	5	ACGAGATGATCTTCACCACCGACG	1
460	459	6	CGAGATGATCTTCACCACCGACGA	1
461	460	7	GAGATGATCTTCACCACCGACGAT	1
462	461	7	AGATGATCTTCACCACCGACGATG	1
463	462	7	GATGATCTTCACCACCGACGATGC	1
464	463	7	ATGATCTTCACCACCGACGATGCT	1
465	464	7	TGATCTTCACCACCGACGATGCTT	1
466	465	9	GATCTTCACCACCGACGATGCTTA	1
467	466	9	ATCTTCACCACCGACGATGCTTAT	1
468	467	10	TCTTCACCACCGACGATGCTTATG	1
469	468	10	CTTCACCACCGACGATGCTTATGC	1
470	469	10	TTCACCACCGACGATGCTTATGCC	1
471	470	10	TCACCACCGACGATGCTTATGCCG	1
472	471	9	CACCACCGACGATGCTTATGCCGA	1
473	472	9	ACCACCGACGATGCTTATGCCGAG	1
474	473	8	CCACCGACGATGCTTATGCCGAGA	1
475	474	7	CACCGACGATGCTTATGCCGAGAA	1
476	475	7	ACCGACGATGCTTATGCCGAGAAG	1
477	476	7	CCGACGATGCTTATGCCGAGAAGT	1
478	477	8	CGACGATGCTTATGCCGAGAAGTG	1
479	478	8	GACGATGCTTATGCCGAGAAGTGT	1
480	479	8	ACGATGCTTATGCCGAGAAGTGTA	1
481	480	8	CGATGCTTATGCCGAGAAGTGTAA	1
482	481	8	GATGCTTATGCCGAGAAGTGTAAC	1
483	482	8	ATGCTTATGCCGAGAAGTGTAACG	1
484	483	8	TGCTTATGCCGAGAAGTGTAACGA	1
485	484	8	GCTTATGCCGAGAAGTGTAACGAC	1
486	485	8	CTTATGCCGAGAAGTGTAACGACA	1
487	486	7	TTATGCCGAGAAGTGTAACGACAA	1
488	487	7	TATGCCGAGAAGTGTAACGACAAG	1
489	488	7	ATGCCGAGAAGTGTAACGACAAGG	1
490	489	7	TGCCGAGAAGTGTAACGACAAGGT	1
491	490	7	GCCGAGAAGTGTAACGACAAGGTC	1
492	491	7	CCGAGAAGTGTAACGACAAGGTCA	1
493	492	7	CGAGAAGTGTAACGACAAGGTCAT	1
494	493	8	GAGAAGTGTAACGACAAGGTCATG	1
495	494	8	AGAAGTGTAACGACAAGGTCATGT	1
496	495	8	GAAGTGTAACGACAAGGTCATGTA	1
497	496	8	AAGTGTAACGACAAGGTCATGTAC	1
498	497	8	AGTGTAACGACAAGGTCATGTACA	1
499	498	8	GTGTAACGACAAGGTCATGTACAT	1
500	499	8	TGTAACGACAAGGTCATGTACATT	1
501	500	8	GTAACGACAAGGTCATGTACATTG	1
502	501	8	TAACGACAAGGTCATGTACATTGA	1
503	502	8	AACGACAAGGTCATGTACATTGAC	1
504	503	7	ACGACAAGGTCATGTACATTGACT	1
505	504	6	CGACAAGGTCATGTACATTGACTA	1
506	505	7	GACAAGGTCATGTACATTGACTAC	1
507	506	7	ACAAGGTCATGTACATTGACTACA	1
508	507	7	CAAGGTCATGTACATTGACTACAA	1
509	508	7	AAGGTCATGTACATTGACTACAAG	1
510	509	5	AGGTCATGTACATTGACTACAAGA	1
511	510	5	GGTCATGTACATTGACTACAAGAA	1
512	511	4	GTCATGTACATTGACTACAAGAAC	1
513	512	4	TCATGTACATTGACTACAAGAACA	1
514	513	4	CATGTACATTGACTACAAGAACAT	1
515	514	4	ATGTACATTGACTACAAGAACATC	1
516	515	4	TGTACATTGACTACAAGAACATCA	1
517	516	4	GTACATTGACTACAAGAACATCAC	1
518	517	4	TACATTGACTACAAGAACATCACC	1
519	518	4	ACATTGACTACAAGAACATCACCA	1
520	519	4	CATTGACTACAAGAACATCACCAA	1
521	520	4	ATTGACTACAAGAACATCACCAAG	1
522	521	3	TTGACTACAAGAACATCACCAAGG	1
523	522	3	TGACTACAAGAACATCACCAAGGT	1
524	523	3	GACTACAAGAACATCACCAAGGTC	1
525	524	3	ACTACAAGAACATCACCAAGGTCA	1
526	525	3	CTACAAGAACATCACCAAGGTCAT	1
527	526	3	TACAAGAACATCACCAAGGTCATT	1
528	527	3	ACAAGAACATCACCAAGGTCATTC	1
529	528	3	CAAGAACATCACCAAGGTCATTCA	1
530	529	4	AAGAACATCACCAAGGTCATTCAA	1
531	530	4	AGAACATCACCAAGGTCATTCAAC	1
532	531	4	GAACATCACCAAGGTCATTCAACC	1
533	532	4	AACATCACCAAGGTCATTCAACCT	1
534	533	4	ACATCACCAAGGTCATTCAACCTG	1
535	534	4	CATCACCAAGGTCATTCAACCTGG	1
536	535	4	ATCACCAAGGTCATTCAACCTGGC	1
537	536	3	TCACCAAGGTCATTCAACCTGGCC	1
538	537	3	CACCAAGGTCATTCAACCTGGCCG	1
539	538	3	ACCAAGGTCATTCAACCTGGCCGT	1
540	539	3	CCAAGGTCATTCAACCTGGCCGTA	1
541	540	3	CAAGGTCATTCAACCTGGCCGTAT	1
542	541	3	AAGGTCATTCAACCTGGCCGTATC	1
543	542	3	AGGTCATTCAACCTGGCCGTATCA	1
544	543	3	GGTCATTCAACCTGGCCGTATCAT	1
545	544	3	GTCATTCAACCTGGCCGTATCATC	1
546	545	3	TCATTCAACCTGGCCGTATCATCT	1
547	546	3	CATTCAACCTGGCCGTATCATCTA	1
548	547	3	ATTCAACCTGGCCGTATCATCTAC	1
549	548	3	TTCAACCTGGCCGTATCATCTACG	1
550	549	2	TCAACCTGGCCGTATCATCTACGT	1
551	550	2	CAACCTGGCCGTATCATCTACGTT	1
552	551	2	AACCTGGCCGTATCATCTACGTTG	1
553	552	2	ACCTGGCCGTATCATCTACGTTGA	1
554	553	2	CCTGGCCGTATCATCTACGTTGAT	1
555	554	2	CTGGCCGTATCATCTACGTTGATG	1
556	555	2	TGGCCGTATCATCTACGTTGATGA	1
557	556	2	GGCCGTATCATCTACGTTGATGAT	1
558	557	2	GCCGTATCATCTACGTTGATGATG	1
559	558	2	CCGTATCATCTACGTTGATGATGG	1
560	559	2	CGTATCATCTACGTTGATGATGGT	1
561	560	1	GTATCATCTACGTTGATGATGGTA	1
562	561	1	TATCATCTACGTTGATGATGGTAT	1
563	562	1	ATCATCTACGTTGATGATGGTATC	1
564	563	1	TCATCTACGTTGATGATGGTATCC	1
565	564	1	CATCTACGTTGATGATGGTATCCT	1
566	565	1	ATCTACGTTGATGATGGTATCCTT	1
567	566	1	TCTACGTTGATGATGGTATCCTTT	1
568	567	1	CTACGTTGATGATGGTATCCTTTC	1
569	568	1	TACGTTGATGATGGTATCCTTTCC	1
570	569	1	ACGTTGATGATGGTATCCTTTCCT	1
571	570	1	CGTTGATGATGGTATCCTTTCCTT	1
572	571	1	GTTGATGATGGTATCCTTTCCTTC	1
573	572	1	TTGATGATGGTATCCTTTCCTTCA	1
574	573	1	TGATGATGGTATCCTTTCCTTCAC	1
575	574	1	GATGATGGTATCCTTTCCTTCACT	1
576	575	1	ATGATGGTATCCTTTCCTTCACTG	1
577	576	1	TGATGGTATCCTTTCCTTCACTGT	1
578	577	1	GATGGTATCCTTTCCTTCACTGTC	1
579	578	1	ATGGTATCCTTTCCTTCACTGTCA	1
580	579	1	TGGTATCCTTTCCTTCACTGTCAT	1
581	580	1	GGTATCCTTTCCTTCACTGTCATC	1
582	581	1	GTATCCTTTCCTTCACTGTCATCG	1
583	582	1	TATCCTTTCCTTCACTGTCATCGA	1
584	583	1	ATCCTTTCCTTCACTGTCATCGAG	1
585	584	1	TCCTTTCCTTCACTGTCATCGAGA	1
586	585	1	CCTTTCCTTCACTGTCATCGAGAA	1
587	586	1	CTTTCCTTCACTGTCATCGAGAAG	1
588	587	1	TTTCCTTCACTGTCATCGAGAAGG	1
589	588	1	TTCCTTCACTGTCATCGAGAAGGT	1
590	589	1	TCCTTCACTGTCATCGAGAAGGTT	1
591	590	1	CCTTCACTGTCATCGAGAAGGTTG	1
592	591	1	CTTCACTGTCATCGAGAAGGTTGA	1
593	592	1	TTCACTGTCATCGAGAAGGTTGAT	1
594	593	1	TCACTGTCATCGAGAAGGTTGATG	1
595	594	1	CACTGTCATCGAGAAGGTTGATGA	1
596	595	1	ACTGTCATCGAGAAGGTTGATGAC	1
597	596	1	CTGTCATCGAGAAGGTTGATGACA	1
598	597	1	TGTCATCGAGAAGGTTGATGACAA	1
599	598	1	GTCATCGAGAAGGTTGATGACAAG	1
600	599	1	TCATCGAGAAGGTTGATGACAAGA	1
601	600	1	CATCGAGAAGGTTGATGACAAGAA	1
602	601	1	ATCGAGAAGGTTGATGACAAGAAT	1
603	602	1	TCGAGAAGGTTGATGACAAGAATT	1
604	603	1	CGAGAAGGTTGATGACAAGAATTT	1
605	604	2	GAGAAGGTTGATGACAAGAATTTG	1
606	605	2	AGAAGGTTGATGACAAGAATTTGA	1
607	606	2	GAAGGTTGATGACAAGAATTTGAA	1
608	607	2	AAGGTTGATGACAAGAATTTGAAG	1
609	608	2	AGGTTGATGACAAGAATTTGAAGG	1
610	609	2	GGTTGATGACAAGAATTTGAAGGT	1
611	610	3	GTTGATGACAAGAATTTGAAGGTC	1
612	611	3	TTGATGACAAGAATTTGAAGGTCC	1
613	612	3	TGATGACAAGAATTTGAAGGTCCG	1
614	613	3	GATGACAAGAATTTGAAGGTCCGT	1
615	614	3	ATGACAAGAATTTGAAGGTCCGTG	1
616	615	3	TGACAAGAATTTGAAGGTCCGTGT	1
617	616	3	GACAAGAATTTGAAGGTCCGTGTC	1
618	617	2	ACAAGAATTTGAAGGTCCGTGTCA	1
619	618	2	CAAGAATTTGAAGGTCCGTGTCAA	1
620	619	2	AAGAATTTGAAGGTCCGTGTCAAC	1
621	620	2	AGAATTTGAAGGTCCGTGTCAACA	1
622	621	2	GAATTTGAAGGTCCGTGTCAACAA	1
623	622	2	AATTTGAAGGTCCGTGTCAACAAC	1
624	623	2	ATTTGAAGGTCCGTGTCAACAACA	1
625	624	2	TTTGAAGGTCCGTGTCAACAACAA	1
626	625	2	TTGAAGGTCCGTGTCAACAACAAC	1
627	626	2	TGAAGGTCCGTGTCAACAACAACG	1
628	627	2	GAAGGTCCGTGTCAACAACAACGG	1
629	628	2	AAGGTCCGTGTCAACAACAACGGT	1
630	629	2	AGGTCCGTGTCAACAACAACGGTA	1
631	630	2	GGTCCGTGTCAACAACAACGGTAA	1
632	631	2	GTCCGTGTCAACAACAACGGTAAG	1
633	632	4	TCCGTGTCAACAACAACGGTAAGA	1
634	633	4	CCGTGTCAACAACAACGGTAAGAT	1
635	634	4	CGTGTCAACAACAACGGTAAGATC	1
636	635	4	GTGTCAACAACAACGGTAAGATCT	1
637	636	4	TGTCAACAACAACGGTAAGATCTC	1
638	637	4	GTCAACAACAACGGTAAGATCTCT	1
639	638	5	TCAACAACAACGGTAAGATCTCTT	1
640	639	5	CAACAACAACGGTAAGATCTCTTC	1
641	640	6	AACAACAACGGTAAGATCTCTTCC	1
642	641	6	ACAACAACGGTAAGATCTCTTCCA	1
643	642	6	CAACAACGGTAAGATCTCTTCCAA	1
644	643	7	AACAACGGTAAGATCTCTTCCAAG	1
645	644	7	ACAACGGTAAGATCTCTTCCAAGA	1
646	645	7	CAACGGTAAGATCTCTTCCAAGAA	1
647	646	7	AACGGTAAGATCTCTTCCAAGAAG	1
648	647	7	ACGGTAAGATCTCTTCCAAGAAGG	1
649	648	6	CGGTAAGATCTCTTCCAAGAAGGG	1
650	649	7	GGTAAGATCTCTTCCAAGAAGGGT	1
651	650	6	GTAAGATCTCTTCCAAGAAGGGTG	1
652	651	6	TAAGATCTCTTCCAAGAAGGGTGT	1
653	652	6	AAGATCTCTTCCAAGAAGGGTGTC	1
654	653	6	AGATCTCTTCCAAGAAGGGTGTCA	1
655	654	5	GATCTCTTCCAAGAAGGGTGTCAA	1
656	655	5	ATCTCTTCCAAGAAGGGTGTCAAC	1
657	656	5	TCTCTTCCAAGAAGGGTGTCAACT	1
658	657	5	CTCTTCCAAGAAGGGTGTCAACTT	1
659	658	6	TCTTCCAAGAAGGGTGTCAACTTG	1
660	659	6	CTTCCAAGAAGGGTGTCAACTTGC	1
661	660	6	TTCCAAGAAGGGTGTCAACTTGCC	1
662	661	6	TCCAAGAAGGGTGTCAACTTGCCT	1
663	662	6	CCAAGAAGGGTGTCAACTTGCCTA	1
664	663	6	CAAGAAGGGTGTCAACTTGCCTAA	1
665	664	6	AAGAAGGGTGTCAACTTGCCTAAG	1
666	665	6	AGAAGGGTGTCAACTTGCCTAAGA	1
667	666	6	GAAGGGTGTCAACTTGCCTAAGAC	1
668	667	6	AAGGGTGTCAACTTGCCTAAGACT	1
669	668	6	AGGGTGTCAACTTGCCTAAGACTG	1
670	669	6	GGGTGTCAACTTGCCTAAGACTGA	1
671	670	6	GGTGTCAACTTGCCTAAGACTGAT	1
672	671	7	GTGTCAACTTGCCTAAGACTGATG	1
673	672	7	TGTCAACTTGCCTAAGACTGATGT	1
674	673	7	GTCAACTTGCCTAAGACTGATGTC	1
675	674	7	TCAACTTGCCTAAGACTGATGTCG	1
676	675	8	CAACTTGCCTAAGACTGATGTCGA	1
677	676	6	AACTTGCCTAAGACTGATGTCGAT	1
678	677	6	ACTTGCCTAAGACTGATGTCGATT	1
679	678	6	CTTGCCTAAGACTGATGTCGATTT	1
680	679	6	TTGCCTAAGACTGATGTCGATTTG	1
681	680	6	TGCCTAAGACTGATGTCGATTTGC	1
682	681	6	GCCTAAGACTGATGTCGATTTGCC	1
683	682	5	CCTAAGACTGATGTCGATTTGCCC	1
684	683	4	CTAAGACTGATGTCGATTTGCCCG	1
685	684	3	TAAGACTGATGTCGATTTGCCCGC	1
686	685	3	AAGACTGATGTCGATTTGCCCGCT	1
687	686	3	AGACTGATGTCGATTTGCCCGCTT	1
688	687	2	GACTGATGTCGATTTGCCCGCTTT	1
689	688	2	ACTGATGTCGATTTGCCCGCTTTG	1
690	689	2	CTGATGTCGATTTGCCCGCTTTGT	1
691	690	2	TGATGTCGATTTGCCCGCTTTGTC	1
692	691	2	GATGTCGATTTGCCCGCTTTGTCC	1
693	692	2	ATGTCGATTTGCCCGCTTTGTCCG	1
694	693	1	TGTCGATTTGCCCGCTTTGTCCGA	1
695	694	1	GTCGATTTGCCCGCTTTGTCCGAG	1
696	695	1	TCGATTTGCCCGCTTTGTCCGAGA	1
697	696	1	CGATTTGCCCGCTTTGTCCGAGAA	1
698	697	1	GATTTGCCCGCTTTGTCCGAGAAG	1
699	698	1	ATTTGCCCGCTTTGTCCGAGAAGG	1
700	699	1	TTTGCCCGCTTTGTCCGAGAAGGA	1
701	700	1	TTGCCCGCTTTGTCCGAGAAGGAC	1
702	701	1	TGCCCGCTTTGTCCGAGAAGGACA	1
703	-1	0	ACTAAACCCACAACATCAAAGTAG	1
704	703	1	CTAAACCCACAACATCAAAGTAGC	1
705	704	2	TAAACCCACAACATCAAAGTAGCC	1
706	705	2	AAACCCACAACATCAAAGTAGCCT	1
707	706	2	AACCCACAACATCAAAGTAGCCTG	1
708	707	2	ACCCACAACATCAAAGTAGCCTGC	1
709	708	2	CCCACAACATCAAAGTAGCCTGCA	1
710	709	2	CCACAACATCAAAGTAGCCTGCAG	1
711	710	4	CACAACATCAAAGTAGCCTGCAGA	1
712	711	4	ACAACATCAAAGTAGCCTGCAGAA	1
713	712	4	CAACATCAAAGTAGCCTGCAGAAA	1
714	713	5	AACATCAAAGTAGCCTGCAGAAAA	1
715	714	6	ACATCAAAGTAGCCTGCAGAAAAA	1
716	715	6	CATCAAAGTAGCCTGCAGAAAAAA	1
717	716	6	ATCAAAGTAGCCTGCAGAAAAAAA	1
718	717	6	TCAAAGTAGCCTGCAGAAAAAAAT	1
719	718	6	CAAAGTAGCCTGCAGAAAAAAATT	1
720	719	6	AAAGTAGCCTGCAGAAAAAAATTG	1
721	720	6	AAGTAGCCTGCAGAAAAAAATTGA	1
722	721	6	AGTAGCCTGCAGAAAAAAATTGAA	1
723	722	6	GTAGCCTGCAGAAAAAAATTGAAA	1
724	723	6	TAGCCTGCAGAAAAAAATTGAAAT	1
725	724	6	AGCCTGCAGAAAAAAATTGAAATT	1
726	725	6	GCCTGCAGAAAAAAATTGAAATTG	1
727	726	7	CCTGCAGAAAAAAATTGAAATTGT	1
728	727	7	CTGCAGAAAAAAATTGAAATTGTT	1
729	728	8	TGCAGAAAAAAATTGAAATTGTTC	1
730	729	8	GCAGAAAAAAATTGAAATTGTTCT	1
731	730	8	CAGAAAAAAATTGAAATTGTTCTT	1
732	731	8	AGAAAAAAATTGAAATTGTTCTTT	1
733	732	8	GAAAAAAATTGAAATTGTTCTTTT	1
734	733	8	AAAAAAATTGAAATTGTTCTTTTT	1
735	734	9	AAAAAATTGAAATTGTTCTTTTTT	1
736	735	10	AAAAATTGAAATTGTTCTTTTTTT	1
737	736	10	AAAATTGAAATTGTTCTTTTTTTT	1
738	737	8	AAATTGAAATTGTTCTTTTTTTTC	1
739	738	8	AATTGAAATTGTTCTTTTTTTTCT	1
740	739	8	ATTGAAATTGTTCTTTTTTTTCTA	1
741	740	8	TTGAAATTGTTCTTTTTTTTCTAA	1
742	741	8	TGAAATTGTTCTTTTTTTTCTAAA	1
743	742	8	GAAATTGTTCTTTTTTTTCTAAAG	1
744	743	8	AAATTGTTCTTTTTTTTCTAAAGC	1
745	744	8	AATTGTTCTTTTTTTTCTAAAGCT	1
746	745	8	ATTGTTCTTTTTTTTCTAAAGCTC	1
747	746	8	TTGTTCTTTTTTTTCTAAAGCTCT	1
748	747	8	TGTTCTTTTTTTTCTAAAGCTCTT	1
749	748	6	GTTCTTTTTTTTCTAAAGCTCTTT	1
750	749	6	TTCTTTTTTTTCTAAAGCTCTTTA	1
751	750	6	TCTTTTTTTTCTAAAGCTCTTTAT	1
752	751	6	CTTTTTTTTCTAAAGCTCTTTATA	1
753	752	6	TTTTTTTTCTAAAGCTCTTTATAT	1
754	753	7	TTTTTTTCTAAAGCTCTTTATATA	1
755	754	5	TTTTTTCTAAAGCTCTTTATATAA	1
756	755	5	TTTTTCTAAAGCTCTTTATATAAT	1
757	756	4	TTTTCTAAAGCTCTTTATATAATA	1
758	757	3	TTTCTAAAGCTCTTTATATAATAC	1
759	758	3	TTCTAAAGCTCTTTATATAATACT	1
760	759	3	TCTAAAGCTCTTTATATAATACTC	1
761	760	3	CTAAAGCTCTTTATATAATACTCT	1
762	761	3	TAAAGCTCTTTATATAATACTCTC	1
763	762	3	AAAGCTCTTTATATAATACTCTCC	1
764	763	3	AAGCTCTTTATATAATACTCTCCT	1
765	764	3	AGCTCTTTATATAATACTCTCCTA	1
766	765	3	GCTCTTTATATAATACTCTCCTAC	1
767	766	3	CTCTTTATATAATACTCTCCTACA	1
768	767	3	TCTTTATATAATACTCTCCTACAT	1
769	768	3	CTTTATATAATACTCTCCTACATT	1
770	769	3	TTTATATAATACTCTCCTACATTT	1
771	770	3	TTATATAATACTCTCCTACATTTA	1
772	771	2	TATATAATACTCTCCTACATTTAT	1
773	772	2	ATATAATACTCTCCTACATTTATT	1
774	773	2	TATAATACTCTCCTACATTTATTT	1
775	774	2	ATAATACTCTCCTACATTTATTTT	1
776	775	2	TAATACTCTCCTACATTTATTTTA	1
777	776	2	AATACTCTCCTACATTTATTTTAT	1
778	777	2	ATACTCTCCTACATTTATTTTATC	1
779	778	1	TACTCTCCTACATTTATTTTATCA	1
780	683	1	CTAAGACTGATGTCGATTTGCCCA	1
781	780	1	TAAGACTGATGTCGATTTGCCCAC	1
782	781	1	AAGACTGATGTCGATTTGCCCACT	1
783	782	1	AGACTGATGTCGATTTGCCCACTT	1
784	783	1	GACTGATGTCGATTTGCCCACTTT	1
785	784	1	ACTGATGTCGATTTGCCCACTTTG	1
786	785	1	CTGATGTCGATTTGCCCACTTTGT	1
787	786	1	TGATGTCGATTTGCCCACTTTGTC	1
788	787	1	GATGTCGATTTGCCCACTTTGTCC	1
789	788	1	ATGTCGATTTGCCCACTTTGTCCG	1
790	789	1	TGTCGATTTGCCCACTTTGTCCGA	1
791	790	1	GTCGATTTGCCCACTTTGTCCGAG	1
792	791	1	TCGATTTGCCCACTTTGTCCGAGA	1
793	792	1	CGATTTGCCCACTTTGTCCGAGAA	1
794	793	1	GATTTGCCCACTTTGTCCGAGAAG	1
795	794	1	ATTTGCCCACTTTGTCCGAGAAGG	1
796	795	1	TTTGCCCACTTTGTCCGAGAAGGA	1
797	796	1	TTGCCCACTTTGTCCGAGAAGGAC	1
798	797	1	TGCCCACTTTGTCCGAGAAGGACA	1
799	798	1	GCCCACTTTGTCCGAGAAGGACAA	1
800	799	1	CCCACTTTGTCCGAGAAGGACAAG	1
801	800	1	CCACTTTGTCCGAGAAGGACAAGG	1
802	801	1	CACTTTGTCCGAGAAGGACAAGGC	1
803	802	1	ACTTTGTCCGAGAAGGACAAGGCC	1
804	803	1	CTTTGTCCGAGAAGGACAAGGCCG	1
805	804	1	TTTGTCCGAGAAGGACAAGGCCGA	1
806	805	1	TTGTCCGAGAAGGACAAGGCCGAT	1
807	806	1	TGTCCGAGAAGGACAAGGCCGATC	1
808	807	2	GTCCGAGAAGGACAAGGCCGATCT	1
809	808	2	TCCGAGAAGGACAAGGCCGATCTC	1
810	809	2	CCGAGAAGGACAAGGCCGATCTCC	1
811	810	2	CGAGAAGGACAAGGCCGATCTCCG	1
812	811	1	GAGAAGGACAAGGCCGATCTCCGC	1
813	812	1	AGAAGGACAAGGCCGATCTCCGCT	1
814	813	1	GAAGGACAAGGCCGATCTCCGCTT	1
815	814	1	AAGGACAAGGCCGATCTCCGCTTC	1
816	815	1	AGGACAAGGCCGATCTCCGCTTCG	1
817	816	1	GGACAAGGCCGATCTCCGCTTCGG	1
818	817	1	GACAAGGCCGATCTCCGCTTCGGT	1
819	818	1	ACAAGGCCGATCTCCGCTTCGGTG	1
820	819	1	CAAGGCCGATCTCCGCTTCGGTGT	1
821	820	1	AAGGCCGATCTCCGCTTCGGTGTC	1
822	821	1	AGGCCGATCTCCGCTTCGGTGTCA	1
823	822	1	GGCCGATCTCCGCTTCGGTGTCAA	1
824	823	1	GCCGATCTCCGCTTCGGTGTCAAG	1
825	824	1	CCGATCTCCGCTTCGGTGTCAAGA	1
826	825	2	CGATCTCCGCTTCGGTGTCAAGAA	1
827	826	2	GATCTCCGCTTCGGTGTCAAGAAC	1
828	827	2	ATCTCCGCTTCGGTGTCAAGAACG	1
829	828	2	TCTCCGCTTCGGTGTCAAGAACGG	1
830	829	2	CTCCGCTTCGGTGTCAAGAACGGT	1
831	830	2	TCCGCTTCGGTGTCAAGAACGGTG	1
832	831	2	CCGCTTCGGTGTCAAGAACGGTGT	1
833	832	2	CGCTTCGGTGTCAAGAACGGTGTC	1
834	833	2	GCTTCGGTGTCAAGAACGGTGTCG	1
835	834	2	CTTCGGTGTCAAGAACGGTGTCGA	1
836	835	2	TTCGGTGTCAAGAACGGTGTCGAC	1
837	836	2	TCGGTGTCAAGAACGGTGTCGACA	1
838	837	2	CGGTGTCAAGAACGGTGTCGACAT	1
839	838	2	GGTGTCAAGAACGGTGTCGACATG	1
840	839	2	GTGTCAAGAACGGTGTCGACATGA	1
841	840	2	TGTCAAGAACGGTGTCGACATGAT	1
842	841	2	GTCAAGAACGGTGTCGACATGATC	1
843	842	2	TCAAGAACGGTGTCGACATGATCT	1
844	843	2	CAAGAACGGTGTCGACATGATCTT	1
845	844	2	AAGAACGGTGTCGACATGATCTTT	1
846	845	2	AGAACGGTGTCGACATGATCTTTG	1
847	846	2	GAACGGTGTCGACATGATCTTTGC	1
848	847	2	AACGGTGTCGACATGATCTTTGCT	1
849	848	2	ACGGTGTCGACATGATCTTTGCTT	1
850	849	2	CGGTGTCGACATGATCTTTGCTTC	1
851	850	2	GGTGTCGACATGATCTTTGCTTCC	1
852	851	2	GTGTCGACATGATCTTTGCTTCCT	1
853	852	2	TGTCGACATGATCTTTGCTTCCTT	1
854	853	2	GTCGACATGATCTTTGCTTCCTTC	1
855	854	2	TCGACATGATCTTTGCTTCCTTCA	1
856	855	2	CGACATGATCTTTGCTTCCTTCAT	1
857	856	2	GACATGATCTTTGCTTCCTTCATC	1
858	857	2	ACATGATCTTTGCTTCCTTCATCC	1
859	858	2	CATGATCTTTGCTTCCTTCATCCG	1
860	859	2	ATGATCTTTGCTTCCTTCATCCGT	1
861	860	2	TGATCTTTGCTTCCTTCATCCGTC	1
862	861	2	GATCTTTGCTTCCTTCATCCGTCG	1
863	862	2	ATCTTTGCTTCCTTCATCCGTCGT	1
864	863	2	TCTTTGCTTCCTTCATCCGTCGTG	1
865	864	2	CTTTGCTTCCTTCATCCGTCGTGC	1
866	865	3	TTTGCTTCCTTCATCCGTCGTGCT	1
867	866	3	TTGCTTCCTTCATCCGTCGTGCTG	1
868	867	3	TGCTTCCTTCATCCGTCGTGCTGA	1
869	868	3	GCTTCCTTCATCCGTCGTGCTGAG	1
870	869	2	CTTCCTTCATCCGTCGTGCTGAGG	1
871	870	2	TTCCTTCATCCGTCGTGCTGAGGA	1
872	871	2	TCCTTCATCCGTCGTGCTGAGGAC	1
873	872	2	CCTTCATCCGTCGTGCTGAGGACG	1
874	873	3	CTTCATCCGTCGTGCTGAGGACGT	1
875	874	4	TTCATCCGTCGTGCTGAGGACGTT	1
876	875	4	TCATCCGTCGTGCTGAGGACGTTA	1
877	876	4	CATCCGTCGTGCTGAGGACGTTAT	1
878	877	4	ATCCGTCGTGCTGAGGACGTTATC	1
879	878	4	TCCGTCGTGCTGAGGACGTTATCC	1
880	879	4	CCGTCGTGCTGAGGACGTTATCCA	1
881	880	5	CGTCGTGCTGAGGACGTTATCCAC	1
882	881	6	GTCGTGCTGAGGACGTTATCCACA	1
883	882	6	TCGTGCTGAGGACGTTATCCACAT	1
884	883	6	CGTGCTGAGGACGTTATCCACATC	1
885	884	6	GTGCTGAGGACGTTATCCACATCC	1
886	885	6	TGCTGAGGACGTTATCCACATCCG	1
887	886	6	GCTGAGGACGTTATCCACATCCGT	1
888	887	7	CTGAGGACGTTATCCACATCCGTG	1
889	888	7	TGAGGACGTTATCCACATCCGTGA	1
890	889	7	GAGGACGTTATCCACATCCGTGAA	1
891	890	7	AGGACGTTATCCACATCCGTGAAG	1
892	891	7	GGACGTTATCCACATCCGTGAAGT	1
893	892	7	GACGTTATCCACATCCGTGAAGTT	1
894	893	7	ACGTTATCCACATCCGTGAAGTTT	1
895	894	7	CGTTATCCACATCCGTGAAGTTTT	1
896	895	6	GTTATCCACATCCGTGAAGTTTTG	1
897	896	7	TTATCCACATCCGTGAAGTTTTGG	1
898	897	9	TATCCACATCCGTGAAGTTTTGGG	1
899	898	9	ATCCACATCCGTGAAGTTTTGGGT	1
900	899	9	TCCACATCCGTGAAGTTTTGGGTG	1
901	900	9	CCACATCCGTGAAGTTTTGGGTGA	1
902	901	9	CACATCCGTGAAGTTTTGGGTGAG	1
903	902	9	ACATCCGTGAAGTTTTGGGTGAGG	1
904	903	9	CATCCGTGAAGTTTTGGGTGAGGA	1
905	904	9	ATCCGTGAAGTTTTGGGTGAGGAG	1
906	905	9	TCCGTGAAGTTTTGGGTGAGGAGG	1
907	906	9	CCGTGAAGTTTTGGGTGAGGAGGG	1
908	907	9	CGTGAAGTTTTGGGTGAGGAGGGT	1
909	908	9	GTGAAGTTTTGGGTGAGGAGGGTA	1
910	909	8	TGAAGTTTTGGGTGAGGAGGGTAA	1
911	910	8	GAAGTTTTGGGTGAGGAGGGTAAG	1
912	911	9	AAGTTTTGGGTGAGGAGGGTAAGA	1
913	912	9	AGTTTTGGGTGAGGAGGGTAAGAA	1
914	913	9	GTTTTGGGTGAGGAGGGTAAGAAC	1
915	914	9	TTTTGGGTGAGGAGGGTAAGAACA	1
916	915	9	TTTGGGTGAGGAGGGTAAGAACAT	1
917	916	9	TTGGGTGAGGAGGGTAAGAACATC	1
918	917	8	TGGGTGAGGAGGGTAAGAACATCA	1
919	918	7	GGGTGAGGAGGGTAAGAACATCAA	1
920	919	7	GGTGAGGAGGGTAAGAACATCAAG	1
921	920	7	GTGAGGAGGGTAAGAACATCAAGA	1
922	921	7	TGAGGAGGGTAAGAACATCAAGAT	1
923	922	6	GAGGAGGGTAAGAACATCAAGATC	1
924	923	6	AGGAGGGTAAGAACATCAAGATCA	1
925	924	6	GGAGGGTAAGAACATCAAGATCAT	1
926	925	5	GAGGGTAAGAACATCAAGATCATC	1
927	926	4	AGGGTAAGAACATCAAGATCATCT	1
928	927	4	GGGTAAGAACATCAAGATCATCTG	1
929	928	4	GGTAAGAACATCAAGATCATCTGC	1
930	929	5	GTAAGAACATCAAGATCATCTGCA	1
931	930	5	TAAGAACATCAAGATCATCTGCAA	1
932	931	4	AAGAACATCAAGATCATCTGCAAG	1
933	932	4	AGAACATCAAGATCATCTGCAAGA	1
934	933	5	GAACATCAAGATCATCTGCAAGAT	1
935	934	5	AACATCAAGATCATCTGCAAGATC	1
936	935	5	ACATCAAGATCATCTGCAAGATCG	1
937	936	5	CATCAAGATCATCTGCAAGATCGA	1
938	937	5	ATCAAGATCATCTGCAAGATCGAG	1
939	938	5	TCAAGATCATCTGCAAGATCGAGA	1
940	939	5	CAAGATCATCTGCAAGATCGAGAA	1
941	940	4	AAGATCATCTGCAAGATCGAGAAC	1
942	941	3	AGATCATCTGCAAGATCGAGAACC	1
943	942	3	GATCATCTGCAAGATCGAGAACCA	1
944	943	3	ATCATCTGCAAGATCGAGAACCAA	1
945	944	3	TCATCTGCAAGATCGAGAACCAAC	1
946	945	2	CATCTGCAAGATCGAGAACCAACA	1
947	946	2	ATCTGCAAGATCGAGAACCAACAA	1
948	947	2	TCTGCAAGATCGAGAACCAACAAG	1
949	948	2	CTGCAAGATCGAGAACCAACAAGG	1
950	949	3	TGCAAGATCGAGAACCAACAAGGT	1
951	950	3	GCAAGATCGAGAACCAACAAGGTG	1
952	951	3	CAAGATCGAGAACCAACAAGGTGT	1
953	952	3	AAGATCGAGAACCAACAAGGTGTT	1
954	953	3	AGATCGAGAACCAACAAGGTGTTA	1
955	954	3	GATCGAGAACCAACAAGGTGTTAA	1
956	955	2	ATCGAGAACCAACAAGGTGTTAAC	1
957	956	2	TCGAGAACCAACAAGGTGTTAACA	1
958	957	3	CGAGAACCAACAAGGTGTTAACAA	1
959	958	3	GAGAACCAACAAGGTGTTAACAAC	1
960	959	3	AGAACCAACAAGGTGTTAACAACT	1
961	960	3	GAACCAACAAGGTGTTAACAACTT	1
962	961	3	AACCAACAAGGTGTTAACAACTTT	1
963	962	3	ACCAACAAGGTGTTAACAACTTTG	1
964	963	3	CCAACAAGGTGTTAACAACTTTGA	1
965	964	2	CAACAAGGTGTTAACAACTTTGAC	1
966	965	2	AACAAGGTGTTAACAACTTTGACT	1
967	966	2	ACAAGGTGTTAACAACTTTGACTC	1
968	967	2	CAAGGTGTTAACAACTTTGACTCT	1
969	968	2	AAGGTGTTAACAACTTTGACTCTA	1
970	969	2	AGGTGTTAACAACTTTGACTCTAT	1
971	970	2	GGTGTTAACAACTTTGACTCTATC	1
972	971	2	GTGTTAACAACTTTGACTCTATCC	1
973	972	2	TGTTAACAACTTTGACTCTATCCT	1
974	973	2	GTTAACAACTTTGACTCTATCCTT	1
975	974	2	TTAACAACTTTGACTCTATCCTTG	1
976	975	2	TAACAACTTTGACTCTATCCTTGA	1
977	976	2	AACAACTTTGACTCTATCCTTGAC	1
978	977	1	ACAACTTTGACTCTATCCTTGACG	1
979	978	1	CAACTTTGACTCTATCCTTGACGT	1
980	979	1	AACTTTGACTCTATCCTTGACGTT	1
981	980	1	ACTTTGACTCTATCCTTGACGTTA	1
982	981	1	CTTTGACTCTATCCTTGACGTTAC	1
983	982	1	TTTGACTCTATCCTTGACGTTACC	1
984	983	2	TTGACTCTATCCTTGACGTTACCG	1
985	984	2	TGACTCTATCCTTGACGTTACCGA	1
986	985	2	GACTCTATCCTTGACGTTACCGAC	1
987	986	3	ACTCTATCCTTGACGTTACCGACG	1
988	987	3	CTCTATCCTTGACGTTACCGACGG	1
989	988	3	TCTATCCTTGACGTTACCGACGGT	1
990	989	4	CTATCCTTGACGTTACCGACGGTA	1
991	990	4	TATCCTTGACGTTACCGACGGTAT	1
992	991	4	ATCCTTGACGTTACCGACGGTATC	1
993	992	4	TCCTTGACGTTACCGACGGTATCA	1
994	993	3	CCTTGACGTTACCGACGGTATCAT	1
995	994	3	CTTGACGTTACCGACGGTATCATG	1
996	995	3	TTGACGTTACCGACGGTATCATGG	1
997	996	3	TGACGTTACCGACGGTATCATGGT	1
998	997	3	GACGTTACCGACGGTATCATGGTT	1
999	998	3	ACGTTACCGACGGTATCATGGTTG	1
1000	999	3	CGTTACCGACGGTATCATGGTTGC	1
1001	1000	3	GTTACCGACGGTATCATGGTTGCC	1
1002	1001	3	TTACCGACGGTATCATGGTTGCCC	1
1003	1002	3	TACCGACGGTATCATGGTTGCCCG	1
1004	1003	3	ACCGACGGTATCATGGTTGCCCGT	1
1005	1004	3	CCGACGGTATCATGGTTGCCCGTG	1
1006	1005	5	CGACGGTATCATGGTTGCCCGTGG	1
1007	1006	5	GACGGTATCATGGTTGCCCGTGGT	1
1008	1007	6	ACGGTATCATGGTTGCCCGTGGTG	1
1009	1008	7	CGGTATCATGGTTGCCCGTGGTGA	1
1010	1009	7	GGTATCATGGTTGCCCGTGGTGAC	1
1011	1010	7	GTATCATGGTTGCCCGTGGTGACT	1
1012	1011	7	TATCATGGTTGCCCGTGGTGACTT	1
1013	1012	7	ATCATGGTTGCCCGTGGTGACTTG	1
1014	1013	7	TCATGGTTGCCCGTGGTGACTTGG	1
1015	1014	7	CATGGTTGCCCGTGGTGACTTGGG	1
1016	1015	7	ATGGTTGCCCGTGGTGACTTGGGT	1
1017	1016	7	TGGTTGCCCGTGGTGACTTGGGTA	1
1018	1017	7	GGTTGCCCGTGGTGACTTGGGTAT	1
1019	1018	7	GTTGCCCGTGGTGACTTGGGTATT	1
1020	1019	7	TTGCCCGTGGTGACTTGGGTATTG	1
1021	1020	7	TGCCCGTGGTGACTTGGGTATTGA	1
1022	1021	7	GCCCGTGGTGACTTGGGTATTGAA	1
1023	1022	7	CCCGTGGTGACTTGGGTATTGAAA	1
1024	1023	8	CCGTGGTGACTTGGGTATTGAAAT	1
1025	1024	8	CGTGGTGACTTGGGTATTGAAATC	1
1026	1025	8	GTGGTGACTTGGGTATTGAAATCC	1
1027	1026	8	TGGTGACTTGGGTATTGAAATCCC	1
1028	1027	7	GGTGACTTGGGTATTGAAATCCCT	1
1029	1028	8	GTGACTTGGGTATTGAAATCCCTG	1
1030	1029	8	TGACTTGGGTATTGAAATCCCTGC	1
1031	1030	7	GACTTGGGTATTGAAATCCCTGCC	1
1032	1031	7	ACTTGGGTATTGAAATCCCTGCCT	1
1033	1032	7	CTTGGGTATTGAAATCCCTGCCTC	1
1034	1033	7	TTGGGTATTGAAATCCCTGCCTCT	1
1035	1034	7	TGGGTATTGAAATCCCTGCCTCTC	1
1036	1035	7	GGGTATTGAAATCCCTGCCTCTCA	1
1037	1036	7	GGTATTGAAATCCCTGCCTCTCAA	1
1038	1037	7	GTATTGAAATCCCTGCCTCTCAAG	1
1039	1038	7	TATTGAAATCCCTGCCTCTCAAGT	1
1040	1039	7	ATTGAAATCCCTGCCTCTCAAGTT	1
1041	1040	7	TTGAAATCCCTGCCTCTCAAGTTT	1
1042	1041	7	TGAAATCCCTGCCTCTCAAGTTTT	1
1043	1042	7	GAAATCCCTGCCTCTCAAGTTTTC	1
1044	1043	7	AAATCCCTGCCTCTCAAGTTTTCG	1
1045	1044	7	AATCCCTGCCTCTCAAGTTTTCGT	1
1046	1045	6	ATCCCTGCCTCTCAAGTTTTCGTC	1
1047	1046	6	TCCCTGCCTCTCAAGTTTTCGTCG	1
1048	1047	6	CCCTGCCTCTCAAGTTTTCGTCGC	1
1049	1048	6	CCTGCCTCTCAAGTTTTCGTCGCC	1
1050	1049	4	CTGCCTCTCAAGTTTTCGTCGCCC	1
1051	1050	4	TGCCTCTCAAGTTTTCGTCGCCCA	1
1052	1051	3	GCCTCTCAAGTTTTCGTCGCCCAA	1
1053	1052	2	CCTCTCAAGTTTTCGTCGCCCAAA	1
1054	1053	2	CTCTCAAGTTTTCGTCGCCCAAAA	1
1055	1054	2	TCTCAAGTTTTCGTCGCCCAAAAG	1
1056	1055	2	CTCAAGTTTTCGTCGCCCAAAAGA	1
1057	1056	2	TCAAGTTTTCGTCGCCCAAAAGAT	1
1058	1057	2	CAAGTTTTCGTCGCCCAAAAGATG	1
1059	1058	2	AAGTTTTCGTCGCCCAAAAGATGA	1
1060	1059	2	AGTTTTCGTCGCCCAAAAGATGAT	1
1061	1060	2	GTTTTCGTCGCCCAAAAGATGATG	1
1062	1061	2	TTTTCGTCGCCCAAAAGATGATGA	1
1063	1062	2	TTTCGTCGCCCAAAAGATGATGAT	1
1064	1063	3	TTCGTCGCCCAAAAGATGATGATT	1
1065	1064	3	TCGTCGCCCAAAAGATGATGATTG	1
1066	1065	3	CGTCGCCCAAAAGATGATGATTGC	1
1067	1066	3	GTCGCCCAAAAGATGATGATTGCC	1
1068	1067	2	TCGCCCAAAAGATGATGATTGCCA	1
1069	1068	2	CGCCCAAAAGATGATGATTGCCAA	1
1070	1069	2	GCCCAAAAGATGATGATTGCCAAG	1
1071	1070	2	CCCAAAAGATGATGATTGCCAAGT	1
1072	1071	2	CCAAAAGATGATGATTGCCAAGTG	1
1073	1072	1	CAAAAGATGATGATTGCCAAGTGC	1
1074	1073	1	AAAAGATGATGATTGCCAAGTGCA	1
1075	1074	1	AAAGATGATGATTGCCAAGTGCAA	1
1076	1075	1	AAGATGATGATTGCCAAGTGCAAC	1
1077	1076	1	AGATGATGATTGCCAAGTGCAACA	1
1078	1077	2	GATGATGATTGCCAAGTGCAACAT	1
1079	1078	2	ATGATGATTGCCAAGTGCAACATC	1
1080	1079	2	TGATGATTGCCAAGTGCAACATCG	1
1081	1080	2	GATGATTGCCAAGTGCAACATCGC	1
1082	1081	2	ATGATTGCCAAGTGCAACATCGCT	1
1083	1082	4	TGATTGCCAAGTGCAACATCGCTG	1
1084	1083	4	GATTGCCAAGTGCAACATCGCTGG	1
1085	1084	4	ATTGCCAAGTGCAACATCGCTGGT	1
1086	1085	4	TTGCCAAGTGCAACATCGCTGGTA	1
1087	1086	4	TGCCAAGTGCAACATCGCTGGTAA	1
1088	1087	4	GCCAAGTGCAACATCGCTGGTAAG	1
1089	1088	4	CCAAGTGCAACATCGCTGGTAAGC	1
1090	1089	4	CAAGTGCAACATCGCTGGTAAGCC	1
1091	1090	5	AAGTGCAACATCGCTGGTAAGCCC	1
1092	1091	5	AGTGCAACATCGCTGGTAAGCCCG	1
1093	1092	5	GTGCAACATCGCTGGTAAGCCCGT	1
1094	1093	5	TGCAACATCGCTGGTAAGCCCGTT	1
1095	1094	5	GCAACATCGCTGGTAAGCCCGTTG	1
1096	1095	5	CAACATCGCTGGTAAGCCCGTTGC	1
1097	1096	5	AACATCGCTGGTAAGCCCGTTGCT	1
1098	1097	5	ACATCGCTGGTAAGCCCGTTGCTT	1
1099	1098	5	CATCGCTGGTAAGCCCGTTGCTTG	1
1100	1099	5	ATCGCTGGTAAGCCCGTTGCTTGT	1
1101	1100	5	TCGCTGGTAAGCCCGTTGCTTGTG	1
1102	1101	5	CGCTGGTAAGCCCGTTGCTTGTGC	1
1103	1102	6	GCTGGTAAGCCCGTTGCTTGTGCC	1
1104	1103	6	CTGGTAAGCCCGTTGCTTGTGCCA	1
1105	1104	6	TGGTAAGCCCGTTGCTTGTGCCAC	1
1106	1105	6	GGTAAGCCCGTTGCTTGTGCCACT	1
1107	1106	6	GTAAGCCCGTTGCTTGTGCCACTC	1
1108	1107	5	TAAGCCCGTTGCTTGTGCCACTCA	1
1109	1108	5	AAGCCCGTTGCTTGTGCCACTCAA	1
1110	1109	5	AGCCCGTTGCTTGTGCCACTCAAA	1
1111	1110	5	GCCCGTTGCTTGTGCCACTCAAAT	1
1112	1111	5	CCCGTTGCTTGTGCCACTCAAATG	1
1113	1112	5	CCGTTGCTTGTGCCACTCAAATGC	1
1114	1113	6	CGTTGCTTGTGCCACTCAAATGCT	1
1115	1114	6	GTTGCTTGTGCCACTCAAATGCTT	1
1116	1115	6	TTGCTTGTGCCACTCAAATGCTTG	1
1117	1116	6	TGCTTGTGCCACTCAAATGCTTGA	1
1118	1117	7	GCTTGTGCCACTCAAATGCTTGAG	1
1119	1118	7	CTTGTGCCACTCAAATGCTTGAGT	1
1120	1119	7	TTGTGCCACTCAAATGCTTGAGTC	1
1121	1120	7	TGTGCCACTCAAATGCTTGAGTCC	1
1122	1121	6	GTGCCACTCAAATGCTTGAGTCCA	1
1123	1122	6	TGCCACTCAAATGCTTGAGTCCAT	1
1124	1123	6	GCCACTCAAATGCTTGAGTCCATG	1
1125	1124	6	CCACTCAAATGCTTGAGTCCATGA	1
1126	1125	6	CACTCAAATGCTTGAGTCCATGAC	1
1127	1126	4	ACTCAAATGCTTGAGTCCATGACC	1
1128	1127	4	CTCAAATGCTTGAGTCCATGACCT	1
1129	1128	4	TCAAATGCTTGAGTCCATGACCTA	1
1130	1129	4	CAAATGCTTGAGTCCATGACCTAC	1
1131	1130	4	AAATGCTTGAGTCCATGACCTACA	1
1132	1131	4	AATGCTTGAGTCCATGACCTACAA	1
1133	1132	4	ATGCTTGAGTCCATGACCTACAAC	1
1134	1133	4	TGCTTGAGTCCATGACCTACAACC	1
1135	1134	3	GCTTGAGTCCATGACCTACAACCC	1
1136	1135	3	CTTGAGTCCATGACCTACAACCCT	1
1137	1136	3	TTGAGTCCATGACCTACAACCCTC	1
1138	1137	3	TGAGTCCATGACCTACAACCCTCG	1
1139	1138	3	GAGTCCATGACCTACAACCCTCGT	1
1140	1139	3	AGTCCATGACCTACAACCCTCGTC	1
1141	1140	3	GTCCATGACCTACAACCCTCGTCC	1
1142	1141	3	TCCATGACCTACAACCCTCGTCCT	1
1143	1142	3	CCATGACCTACAACCCTCGTCCTA	1
1144	1143	3	CATGACCTACAACCCTCGTCCTAC	1
1145	1144	3	ATGACCTACAACCCTCGTCCTACT	1
1146	1145	3	TGACCTACAACCCTCGTCCTACTC	1
1147	1146	2	GACCTACAACCCTCGTCCTACTCG	1
1148	1147	2	ACCTACAACCCTCGTCCTACTCGT	1
1149	1148	2	CCTACAACCCTCGTCCTACTCGTG	1
1150	1149	2	CTACAACCCTCGTCCTACTCGTGC	1
1151	1150	2	TACAACCCTCGTCCTACTCGTGCC	1
1152	1151	2	ACAACCCTCGTCCTACTCGTGCCG	1
1153	1152	2	CAACCCTCGTCCTACTCGTGCCGA	1
1154	1153	2	AACCCTCGTCCTACTCGTGCCGAG	1
1155	1154	2	ACCCTCGTCCTACTCGTGCCGAGG	1
1156	1155	3	CCCTCGTCCTACTCGTGCCGAGGT	1
1157	1156	3	CCTCGTCCTACTCGTGCCGAGGTT	1
1158	1157	2	CTCGTCCTACTCGTGCCGAGGTTT	1
1159	1158	2	TCGTCCTACTCGTGCCGAGGTTTC	1
1160	1159	2	CGTCCTACTCGTGCCGAGGTTTCC	1
1161	1160	2	GTCCTACTCGTGCCGAGGTTTCCG	1
1162	1161	1	TCCTACTCGTGCCGAGGTTTCCGA	1
1163	1162	1	CCTACTCGTGCCGAGGTTTCCGAT	1
1164	1163	1	CTACTCGTGCCGAGGTTTCCGATG	1
1165	1164	1	TACTCGTGCCGAGGTTTCCGATGT	1
1166	1165	1	ACTCGTGCCGAGGTTTCCGATGTT	1
1167	1166	1	CTCGTGCCGAGGTTTCCGATGTTG	1
1168	1167	1	TCGTGCCGAGGTTTCCGATGTTGG	1
1169	1168	1	CGTGCCGAGGTTTCCGATGTTGGT	1
1170	1169	1	GTGCCGAGGTTTCCGATGTTGGTA	1
1171	1170	1	TGCCGAGGTTTCCGATGTTGGTAA	1
1172	1171	1	GCCGAGGTTTCCGATGTTGGTAAC	1
1173	1172	1	CCGAGGTTTCCGATGTTGGTAACG	1
1174	1173	2	CGAGGTTTCCGATGTTGGTAACGC	1
1175	1174	2	GAGGTTTCCGATGTTGGTAACGCC	1
1176	1175	2	AGGTTTCCGATGTTGGTAACGCCG	1
1177	1176	2	GGTTTCCGATGTTGGTAACGCCGT	1
1178	1177	2	GTTTCCGATGTTGGTAACGCCGTT	1
1179	1178	2	TTTCCGATGTTGGTAACGCCGTTC	1
1180	1179	2	TTCCGATGTTGGTAACGCCGTTCT	1
1181	1180	3	TCCGATGTTGGTAACGCCGTTCTC	1
1182	1181	3	CCGATGTTGGTAACGCCGTTCTCG	1
1183	1182	3	CGATGTTGGTAACGCCGTTCTCGA	1
1184	1183	4	GATGTTGGTAACGCCGTTCTCGAT	1
1185	1184	4	ATGTTGGTAACGCCGTTCTCGATG	1
1186	1185	4	TGTTGGTAACGCCGTTCTCGATGG	1
1187	1186	6	GTTGGTAACGCCGTTCTCGATGGT	1
1188	1187	6	TTGGTAACGCCGTTCTCGATGGTG	1
1189	1188	8	TGGTAACGCCGTTCTCGATGGTGC	1
1190	1189	9	GGTAACGCCGTTCTCGATGGTGCT	1
1191	1190	9	GTAACGCCGTTCTCGATGGTGCTG	1
1192	1191	10	TAACGCCGTTCTCGATGGTGCTGA	1
1193	1192	11	AACGCCGTTCTCGATGGTGCTGAC	1
1194	1193	11	ACGCCGTTCTCGATGGTGCTGACT	1
1195	1194	11	CGCCGTTCTCGATGGTGCTGACTT	1
1196	1195	12	GCCGTTCTCGATGGTGCTGACTTG	1
1197	1196	12	CCGTTCTCGATGGTGCTGACTTGG	1
1198	1197	12	CGTTCTCGATGGTGCTGACTTGGT	1
1199	1198	13	GTTCTCGATGGTGCTGACTTGGTC	1
1200	1199	12	TTCTCGATGGTGCTGACTTGGTCA	1
1201	1200	12	TCTCGATGGTGCTGACTTGGTCAT	1
1202	1201	12	CTCGATGGTGCTGACTTGGTCATG	1
1203	1202	12	TCGATGGTGCTGACTTGGTCATGC	1
1204	1203	12	CGATGGTGCTGACTTGGTCATGCT	1
1205	1204	12	GATGGTGCTGACTTGGTCATGCTT	1
1206	1205	12	ATGGTGCTGACTTGGTCATGCTTT	1
1207	1206	12	TGGTGCTGACTTGGTCATGCTTTC	1
1208	1207	12	GGTGCTGACTTGGTCATGCTTTCC	1
1209	1208	12	GTGCTGACTTGGTCATGCTTTCCG	1
1210	1209	12	TGCTGACTTGGTCATGCTTTCCGG	1
1211	1210	12	GCTGACTTGGTCATGCTTTCCGGT	1
1212	1211	13	CTGACTTGGTCATGCTTTCCGGTG	1
1213	1212	13	TGACTTGGTCATGCTTTCCGGTGA	1
1214	1213	13	GACTTGGTCATGCTTTCCGGTGAG	1
1215	1214	13	ACTTGGTCATGCTTTCCGGTGAGA	1
1216	1215	13	CTTGGTCATGCTTTCCGGTGAGAC	1
1217	1216	13	TTGGTCATGCTTTCCGGTGAGACT	1
1218	1217	12	TGGTCATGCTTTCCGGTGAGACTA	1
1219	1218	12	GGTCATGCTTTCCGGTGAGACTAC	1
1220	1219	12	GTCATGCTTTCCGGTGAGACTACC	1
1221	1220	12	TCATGCTTTCCGGTGAGACTACCA	1
1222	1221	12	CATGCTTTCCGGTGAGACTACCAA	1
1223	1222	12	ATGCTTTCCGGTGAGACTACCAAG	1
1224	1223	12	TGCTTTCCGGTGAGACTACCAAGG	1
1225	1224	11	GCTTTCCGGTGAGACTACCAAGGG	1
1226	1225	10	CTTTCCGGTGAGACTACCAAGGGT	1
1227	1226	10	TTTCCGGTGAGACTACCAAGGGTT	1
1228	1227	9	TTCCGGTGAGACTACCAAGGGTTC	1
1229	1228	9	TCCGGTGAGACTACCAAGGGTTCT	1
1230	1229	9	CCGGTGAGACTACCAAGGGTTCTT	1
1231	1230	7	CGGTGAGACTACCAAGGGTTCTTA	1
1232	1231	7	GGTGAGACTACCAAGGGTTCTTAC	1
1233	1232	5	GTGAGACTACCAAGGGTTCTTACC	1
1234	1233	5	TGAGACTACCAAGGGTTCTTACCC	1
1235	1234	6	GAGACTACCAAGGGTTCTTACCCC	1
1236	1235	5	AGACTACCAAGGGTTCTTACCCCG	1
1237	1236	4	GACTACCAAGGGTTCTTACCCCGT	1
1238	1237	4	ACTACCAAGGGTTCTTACCCCGTT	1
1239	1238	4	CTACCAAGGGTTCTTACCCCGTTG	1
1240	1239	3	TACCAAGGGTTCTTACCCCGTTGA	1
1241	1240	3	ACCAAGGGTTCTTACCCCGTTGAA	1
1242	1241	3	CCAAGGGTTCTTACCCCGTTGAAG	1
1243	1242	2	CAAGGGTTCTTACCCCGTTGAAGC	1
1244	1243	2	AAGGGTTCTTACCCCGTTGAAGCC	1
1245	1244	3	AGGGTTCTTACCCCGTTGAAGCCG	1
1246	1245	3	GGGTTCTTACCCCGTTGAAGCCGT	1
1247	1246	4	GGTTCTTACCCCGTTGAAGCCGTT	1
1248	1247	5	GTTCTTACCCCGTTGAAGCCGTTA	1
1249	1248	5	TTCTTACCCCGTTGAAGCCGTTAC	1
1250	1249	5	TCTTACCCCGTTGAAGCCGTTACC	1
1251	1250	5	CTTACCCCGTTGAAGCCGTTACCT	1
1252	1251	5	TTACCCCGTTGAAGCCGTTACCTA	1
1253	1252	6	TACCCCGTTGAAGCCGTTACCTAC	1
1254	1253	6	ACCCCGTTGAAGCCGTTACCTACA	1
1255	1254	6	CCCCGTTGAAGCCGTTACCTACAT	1
1256	1255	6	CCCGTTGAAGCCGTTACCTACATG	1
1257	1256	6	CCGTTGAAGCCGTTACCTACATGG	1
1258	1257	6	CGTTGAAGCCGTTACCTACATGGC	1
1259	1258	6	GTTGAAGCCGTTACCTACATGGCT	1
1260	1259	6	TTGAAGCCGTTACCTACATGGCTG	1
1261	1260	6	TGAAGCCGTTACCTACATGGCTGA	1
1262	1261	6	GAAGCCGTTACCTACATGGCTGAG	1
1263	1262	6	AAGCCGTTACCTACATGGCTGAGA	1
1264	1263	6	AGCCGTTACCTACATGGCTGAGAC	1
1265	1264	6	GCCGTTACCTACATGGCTGAGACT	1
1266	1265	6	CCGTTACCTACATGGCTGAGACTG	1
1267	1266	7	CGTTACCTACATGGCTGAGACTGC	1
1268	1267	7	GTTACCTACATGGCTGAGACTGCC	1
1269	1268	8	TTACCTACATGGCTGAGACTGCCC	1
1270	1269	7	TACCTACATGGCTGAGACTGCCCG	1
1271	1270	6	ACCTACATGGCTGAGACTGCCCGT	1
1272	1271	6	CCTACATGGCTGAGACTGCCCGTG	1
1273	1272	5	CTACATGGCTGAGACTGCCCGTGT	1
1274	1273	5	TACATGGCTGAGACTGCCCGTGTT	1
1275	1274	5	ACATGGCTGAGACTGCCCGTGTTG	1
1276	1275	5	CATGGCTGAGACTGCCCGTGTTGC	1
1277	1276	5	ATGGCTGAGACTGCCCGTGTTGCT	1
1278	1277	6	TGGCTGAGACTGCCCGTGTTGCTG	1
1279	1278	6	GGCTGAGACTGCCCGTGTTGCTGA	1
1280	1279	5	GCTGAGACTGCCCGTGTTGCTGAG	1
1281	1280	5	CTGAGACTGCCCGTGTTGCTGAGG	1
1282	1281	5	TGAGACTGCCCGTGTTGCTGAGGC	1
1283	1282	5	GAGACTGCCCGTGTTGCTGAGGCT	1
1284	1283	5	AGACTGCCCGTGTTGCTGAGGCTT	1
1285	1284	5	GACTGCCCGTGTTGCTGAGGCTTC	1
1286	1285	5	ACTGCCCGTGTTGCTGAGGCTTCC	1
1287	1286	5	CTGCCCGTGTTGCTGAGGCTTCCA	1
1288	1287	5	TGCCCGTGTTGCTGAGGCTTCCAT	1
1289	1288	4	GCCCGTGTTGCTGAGGCTTCCATC	1
1290	1289	4	CCCGTGTTGCTGAGGCTTCCATCC	1
1291	1290	4	CCGTGTTGCTGAGGCTTCCATCCC	1
1292	1291	4	CGTGTTGCTGAGGCTTCCATCCCT	1
1293	1292	4	GTGTTGCTGAGGCTTCCATCCCTT	1
1294	1293	4	TGTTGCTGAGGCTTCCATCCCTTA	1
1295	1294	5	GTTGCTGAGGCTTCCATCCCTTAC	1
1296	1295	5	TTGCTGAGGCTTCCATCCCTTACG	1
1297	1296	5	TGCTGAGGCTTCCATCCCTTACGG	1
1298	1297	5	GCTGAGGCTTCCATCCCTTACGGC	1
1299	1298	6	CTGAGGCTTCCATCCCTTACGGCA	1
1300	1299	6	TGAGGCTTCCATCCCTTACGGCAG	1
1301	1300	6	GAGGCTTCCATCCCTTACGGCAGC	1
1302	1301	6	AGGCTTCCATCCCTTACGGCAGCC	1
1303	1302	6	GGCTTCCATCCCTTACGGCAGCCT	1
1304	1303	6	GCTTCCATCCCTTACGGCAGCCTT	1
1305	1304	6	CTTCCATCCCTTACGGCAGCCTTT	1
1306	1305	6	TTCCATCCCTTACGGCAGCCTTTA	1
1307	1306	6	TCCATCCCTTACGGCAGCCTTTAC	1
1308	1307	6	CCATCCCTTACGGCAGCCTTTACC	1
1309	1308	6	CATCCCTTACGGCAGCCTTTACCA	1
1310	1309	6	ATCCCTTACGGCAGCCTTTACCAA	1
1311	1310	5	TCCCTTACGGCAGCCTTTACCAAG	1
1312	1311	5	CCCTTACGGCAGCCTTTACCAAGA	1
1313	1312	4	CCTTACGGCAGCCTTTACCAAGAG	1
1314	1313	4	CTTACGGCAGCCTTTACCAAGAGA	1
1315	1314	4	TTACGGCAGCCTTTACCAAGAGAT	1
1316	1315	4	TACGGCAGCCTTTACCAAGAGATG	1
1317	1316	4	ACGGCAGCCTTTACCAAGAGATGT	1
1318	1317	4	CGGCAGCCTTTACCAAGAGATGTT	1
1319	1318	4	GGCAGCCTTTACCAAGAGATGTTC	1
1320	1319	4	GCAGCCTTTACCAAGAGATGTTCG	1
1321	1320	4	CAGCCTTTACCAAGAGATGTTCGG	1
1322	1321	3	AGCCTTTACCAAGAGATGTTCGGC	1
1323	1322	3	GCCTTTACCAAGAGATGTTCGGCC	1
1324	1323	3	CCTTTACCAAGAGATGTTCGGCCT	1
1325	1324	3	CTTTACCAAGAGATGTTCGGCCTC	1
1326	1325	4	TTTACCAAGAGATGTTCGGCCTCG	1
1327	1326	3	TTACCAAGAGATGTTCGGCCTCGT	1
1328	1327	3	TACCAAGAGATGTTCGGCCTCGTC	1
1329	1328	3	ACCAAGAGATGTTCGGCCTCGTCC	1
1330	1329	3	CCAAGAGATGTTCGGCCTCGTCCG	1
1331	1330	3	CAAGAGATGTTCGGCCTCGTCCGT	1
1332	1331	3	AAGAGATGTTCGGCCTCGTCCGTC	1
1333	1332	3	AGAGATGTTCGGCCTCGTCCGTCG	1
1334	1333	3	GAGATGTTCGGCCTCGTCCGTCGT	1
1335	1334	3	AGATGTTCGGCCTCGTCCGTCGTC	1
1336	1335	3	GATGTTCGGCCTCGTCCGTCGTCC	1
1337	1336	3	ATGTTCGGCCTCGTCCGTCGTCCT	1
1338	1337	2	TGTTCGGCCTCGTCCGTCGTCCTC	1
1339	1338	2	GTTCGGCCTCGTCCGTCGTCCTCT	1
1340	1339	2	TTCGGCCTCGTCCGTCGTCCTCTT	1
1341	1340	2	TCGGCCTCGTCCGTCGTCCTCTTG	1
1342	1341	2	CGGCCTCGTCCGTCGTCCTCTTGA	1
1343	1342	1	GGCCTCGTCCGTCGTCCTCTTGAG	1
1344	1343	1	GCCTCGTCCGTCGTCCTCTTGAGT	1
1345	1344	2	CCTCGTCCGTCGTCCTCTTGAGTG	1
1346	1345	2	CTCGTCCGTCGTCCTCTTGAGTGT	1
1347	1346	2	TCGTCCGTCGTCCTCTTGAGTGTG	1
1348	1347	2	CGTCCGTCGTCCTCTTGAGTGTGC	1
1349	1348	2	GTCCGTCGTCCTCTTGAGTGTGCT	1
1350	1349	2	TCCGTCGTCCTCTTGAGTGTGCTA	1
1351	1350	2	CCGTCGTCCTCTTGAGTGTGCTAC	1
1352	1351	2	CGTCGTCCTCTTGAGTGTGCTACC	1
1353	1352	2	GTCGTCCTCTTGAGTGTGCTACCG	1
1354	1353	2	TCGTCCTCTTGAGTGTGCTACCGA	1
1355	1354	2	CGTCCTCTTGAGTGTGCTACCGAG	1
1356	1355	2	GTCCTCTTGAGTGTGCTACCGAGA	1
1357	1356	2	TCCTCTTGAGTGTGCTACCGAGAC	1
1358	1357	2	CCTCTTGAGTGTGCTACCGAGACC	1
1359	1358	2	CTCTTGAGTGTGCTACCGAGACCA	1
1360	1359	2	TCTTGAGTGTGCTACCGAGACCAC	1
1361	1360	2	CTTGAGTGTGCTACCGAGACCACT	1
1362	1361	3	TTGAGTGTGCTACCGAGACCACTG	1
1363	1362	3	TGAGTGTGCTACCGAGACCACTGC	1
1364	1363	2	GAGTGTGCTACCGAGACCACTGCT	1
1365	1364	2	AGTGTGCTACCGAGACCACTGCTG	1
1366	1365	2	GTGTGCTACCGAGACCACTGCTGT	1
1367	1366	2	TGTGCTACCGAGACCACTGCTGTC	1
1368	1367	2	GTGCTACCGAGACCACTGCTGTCG	1
1369	1368	2	TGCTACCGAGACCACTGCTGTCGC	1
1370	1369	1	GCTACCGAGACCACTGCTGTCGCT	1
1371	1370	1	CTACCGAGACCACTGCTGTCGCTG	1
1372	1371	1	TACCGAGACCACTGCTGTCGCTGC	1
1373	1372	1	ACCGAGACCACTGCTGTCGCTGCC	1
1374	1373	1	CCGAGACCACTGCTGTCGCTGCCA	1
1375	1374	2	CGAGACCACTGCTGTCGCTGCCAT	1
1376	1375	2	GAGACCACTGCTGTCGCTGCCATC	1
1377	1376	2	AGACCACTGCTGTCGCTGCCATCG	1
1378	1377	2	GACCACTGCTGTCGCTGCCATCGG	1
1379	1378	2	ACCACTGCTGTCGCTGCCATCGGT	1
1380	1379	2	CCACTGCTGTCGCTGCCATCGGTG	1
1381	1380	2	CACTGCTGTCGCTGCCATCGGTGC	1
1382	1381	2	ACTGCTGTCGCTGCCATCGGTGCC	1
1383	1382	2	CTGCTGTCGCTGCCATCGGTGCCT	1
1384	1383	2	TGCTGTCGCTGCCATCGGTGCCTC	1
1385	1384	2	GCTGTCGCTGCCATCGGTGCCTCC	1
1386	1385	2	CTGTCGCTGCCATCGGTGCCTCCA	1
1387	1386	2	TGTCGCTGCCATCGGTGCCTCCAT	1
1388	1387	2	GTCGCTGCCATCGGTGCCTCCATT	1
1389	1388	2	TCGCTGCCATCGGTGCCTCCATTG	1
1390	1389	2	CGCTGCCATCGGTGCCTCCATTGA	1
1391	1390	2	GCTGCCATCGGTGCCTCCATTGAG	1
1392	1391	2	CTGCCATCGGTGCCTCCATTGAGA	1
1393	1392	2	TGCCATCGGTGCCTCCATTGAGAG	1
1394	1393	2	GCCATCGGTGCCTCCATTGAGAGT	1
1395	1394	2	CCATCGGTGCCTCCATTGAGAGTG	1
1396	1395	2	CATCGGTGCCTCCATTGAGAGTGA	1
1397	1396	2	ATCGGTGCCTCCATTGAGAGTGAT	1
1398	1397	2	TCGGTGCCTCCATTGAGAGTGATG	1
1399	1398	2	CGGTGCCTCCATTGAGAGTGATGC	1
1400	1399	2	GGTGCCTCCATTGAGAGTGATGCC	1
1401	1400	2	GTGCCTCCATTGAGAGTGATGCCA	1
1402	1401	2	TGCCTCCATTGAGAGTGATGCCAA	1
1403	1402	2	GCCTCCATTGAGAGTGATGCCAAG	1
1404	1403	3	CCTCCATTGAGAGTGATGCCAAGG	1
1405	1404	3	CTCCATTGAGAGTGATGCCAAGGC	1
1406	1405	2	TCCATTGAGAGTGATGCCAAGGCC	1
1407	1406	2	CCATTGAGAGTGATGCCAAGGCCA	1
1408	1407	2	CATTGAGAGTGATGCCAAGGCCAT	1
1409	1408	2	ATTGAGAGTGATGCCAAGGCCATC	1
1410	1409	2	TTGAGAGTGATGCCAAGGCCATCG	1
1411	1410	2	TGAGAGTGATGCCAAGGCCATCGT	1
1412	1411	2	GAGAGTGATGCCAAGGCCATCGTT	1
1413	1412	2	AGAGTGATGCCAAGGCCATCGTTG	1
1414	1413	2	GAGTGATGCCAAGGCCATCGTTGT	1
1415	1414	2	AGTGATGCCAAGGCCATCGTTGTC	1
1416	1415	2	GTGATGCCAAGGCCATCGTTGTCT	1
1417	1416	3	TGATGCCAAGGCCATCGTTGTCTT	1
1418	1417	3	GATGCCAAGGCCATCGTTGTCTTG	1
1419	1418	3	ATGCCAAGGCCATCGTTGTCTTGT	1
1420	1419	3	TGCCAAGGCCATCGTTGTCTTGTC	1
1421	1420	3	GCCAAGGCCATCGTTGTCTTGTCC	1
1422	1421	5	CCAAGGCCATCGTTGTCTTGTCCA	1
1423	1422	6	CAAGGCCATCGTTGTCTTGTCCAC	1
1424	1423	6	AAGGCCATCGTTGTCTTGTCCACC	1
1425	1424	8	AGGCCATCGTTGTCTTGTCCACCA	1
1426	1425	8	GGCCATCGTTGTCTTGTCCACCAG	1
1427	1426	8	GCCATCGTTGTCTTGTCCACCAGC	1
1428	1427	8	CCATCGTTGTCTTGTCCACCAGCG	1
1429	1428	8	CATCGTTGTCTTGTCCACCAGCGG	1
1430	1429	8	ATCGTTGTCTTGTCCACCAGCGGT	1
1431	1430	8	TCGTTGTCTTGTCCACCAGCGGTA	1
1432	1431	8	CGTTGTCTTGTCCACCAGCGGTAA	1
1433	1432	8	GTTGTCTTGTCCACCAGCGGTAAC	1
1434	1433	8	TTGTCTTGTCCACCAGCGGTAACA	1
1435	1434	8	TGTCTTGTCCACCAGCGGTAACAC	1
1436	1435	8	GTCTTGTCCACCAGCGGTAACACT	1
1437	1436	11	TCTTGTCCACCAGCGGTAACACTG	1
1438	1437	11	CTTGTCCACCAGCGGTAACACTGC	1
1439	1438	11	TTGTCCACCAGCGGTAACACTGCT	1
1440	1439	11	TGTCCACCAGCGGTAACACTGCTC	1
1441	1440	11	GTCCACCAGCGGTAACACTGCTCG	1
1442	1441	11	TCCACCAGCGGTAACACTGCTCGT	1
1443	1442	11	CCACCAGCGGTAACACTGCTCGTC	1
1444	1443	11	CACCAGCGGTAACACTGCTCGTCT	1
1445	1444	11	ACCAGCGGTAACACTGCTCGTCTC	1
1446	1445	11	CCAGCGGTAACACTGCTCGTCTCT	1
1447	1446	11	CAGCGGTAACACTGCTCGTCTCTG	1
1448	1447	11	AGCGGTAACACTGCTCGTCTCTGC	1
1449	1448	11	GCGGTAACACTGCTCGTCTCTGCT	1
1450	1449	13	CGGTAACACTGCTCGTCTCTGCTC	1
1451	1450	13	GGTAACACTGCTCGTCTCTGCTCC	1
1452	1451	13	GTAACACTGCTCGTCTCTGCTCCA	1
1453	1452	13	TAACACTGCTCGTCTCTGCTCCAA	1
1454	1453	13	AACACTGCTCGTCTCTGCTCCAAG	1
1455	1454	13	ACACTGCTCGTCTCTGCTCCAAGT	1
1456	1455	13	CACTGCTCGTCTCTGCTCCAAGTA	1
1457	1456	13	ACTGCTCGTCTCTGCTCCAAGTAC	1
1458	1457	13	CTGCTCGTCTCTGCTCCAAGTACC	1
1459	1458	13	TGCTCGTCTCTGCTCCAAGTACCG	1
1460	1459	15	GCTCGTCTCTGCTCCAAGTACCGT	1
1461	1460	14	CTCGTCTCTGCTCCAAGTACCGTC	1
1462	1461	14	TCGTCTCTGCTCCAAGTACCGTCC	1
1463	1462	13	CGTCTCTGCTCCAAGTACCGTCCT	1
1464	1463	13	GTCTCTGCTCCAAGTACCGTCCTT	1
1465	1464	13	TCTCTGCTCCAAGTACCGTCCTTC	1
1466	1465	11	CTCTGCTCCAAGTACCGTCCTTCT	1
1467	1466	10	TCTGCTCCAAGTACCGTCCTTCTA	1
1468	1467	9	CTGCTCCAAGTACCGTCCTTCTAT	1
1469	1468	8	TGCTCCAAGTACCGTCCTTCTATC	1
1470	1469	9	GCTCCAAGTACCGTCCTTCTATCC	1
1471	1470	9	CTCCAAGTACCGTCCTTCTATCCC	1
1472	1471	9	TCCAAGTACCGTCCTTCTATCCCC	1
1473	1472	9	CCAAGTACCGTCCTTCTATCCCCA	1
1474	1473	9	CAAGTACCGTCCTTCTATCCCCAT	1
1475	1474	9	AAGTACCGTCCTTCTATCCCCATT	1
1476	1475	9	AGTACCGTCCTTCTATCCCCATTG	1
1477	1476	9	GTACCGTCCTTCTATCCCCATTGT	1
1478	1477	9	TACCGTCCTTCTATCCCCATTGTT	1
1479	1478	9	ACCGTCCTTCTATCCCCATTGTTA	1
1480	1479	9	CCGTCCTTCTATCCCCATTGTTAT	1
1481	1480	6	CGTCCTTCTATCCCCATTGTTATG	1
1482	1481	7	GTCCTTCTATCCCCATTGTTATGG	1
1483	1482	9	TCCTTCTATCCCCATTGTTATGGT	1
1484	1483	9	CCTTCTATCCCCATTGTTATGGTT	1
1485	1484	9	CTTCTATCCCCATTGTTATGGTTA	1
1486	1485	9	TTCTATCCCCATTGTTATGGTTAC	1
1487	1486	9	TCTATCCCCATTGTTATGGTTACT	1
1488	1487	9	CTATCCCCATTGTTATGGTTACTC	1
1489	1488	9	TATCCCCATTGTTATGGTTACTCG	1
1490	1489	9	ATCCCCATTGTTATGGTTACTCGT	1
1491	1490	9	TCCCCATTGTTATGGTTACTCGTT	1
1492	1491	10	CCCCATTGTTATGGTTACTCGTTG	1
1493	1492	10	CCCATTGTTATGGTTACTCGTTGC	1
1494	1493	8	CCATTGTTATGGTTACTCGTTGCC	1
1495	1494	7	CATTGTTATGGTTACTCGTTGCCC	1
1496	1495	7	ATTGTTATGGTTACTCGTTGCCCT	1
1497	1496	7	TTGTTATGGTTACTCGTTGCCCTC	1
1498	1497	7	TGTTATGGTTACTCGTTGCCCTCA	1
1499	1498	7	GTTATGGTTACTCGTTGCCCTCAA	1
1500	1499	7	TTATGGTTACTCGTTGCCCTCAAA	1
1501	1500	7	TATGGTTACTCGTTGCCCTCAAAG	1
1502	1501	7	ATGGTTACTCGTTGCCCTCAAAGA	1
1503	1502	7	TGGTTACTCGTTGCCCTCAAAGAG	1
1504	1503	5	GGTTACTCGTTGCCCTCAAAGAGC	1
1505	1504	5	GTTACTCGTTGCCCTCAAAGAGCT	1
1506	1505	6	TTACTCGTTGCCCTCAAAGAGCTC	1
1507	1506	6	TACTCGTTGCCCTCAAAGAGCTCG	1
1508	1507	6	ACTCGTTGCCCTCAAAGAGCTCGT	1
1509	1508	6	CTCGTTGCCCTCAAAGAGCTCGTC	1
1510	1509	6	TCGTTGCCCTCAAAGAGCTCGTCA	1
1511	1510	6	CGTTGCCCTCAAAGAGCTCGTCAA	1
1512	1511	6	GTTGCCCTCAAAGAGCTCGTCAAT	1
1513	1512	6	TTGCCCTCAAAGAGCTCGTCAATC	1
1514	1513	7	TGCCCTCAAAGAGCTCGTCAATCT	1
1515	1514	7	GCCCTCAAAGAGCTCGTCAATCTC	1
1516	1515	7	CCCTCAAAGAGCTCGTCAATCTCA	1
1517	1516	7	CCTCAAAGAGCTCGTCAATCTCAC	1
1518	1517	7	CTCAAAGAGCTCGTCAATCTCACC	1
1519	1518	7	TCAAAGAGCTCGTCAATCTCACCT	1
1520	1519	7	CAAAGAGCTCGTCAATCTCACCTC	1
1521	1520	7	AAAGAGCTCGTCAATCTCACCTCA	1
1522	1521	7	AAGAGCTCGTCAATCTCACCTCAA	1
1523	1522	7	AGAGCTCGTCAATCTCACCTCAAC	1
1524	1523	7	GAGCTCGTCAATCTCACCTCAACC	1
1525	1524	8	AGCTCGTCAATCTCACCTCAACCG	1
1526	1525	6	GCTCGTCAATCTCACCTCAACCGT	1
1527	1526	6	CTCGTCAATCTCACCTCAACCGTG	1
1528	1527	6	TCGTCAATCTCACCTCAACCGTGG	1
1529	1528	6	CGTCAATCTCACCTCAACCGTGGT	1
1530	1529	7	GTCAATCTCACCTCAACCGTGGTG	1
1531	1530	7	TCAATCTCACCTCAACCGTGGTGT	1
1532	1531	7	CAATCTCACCTCAACCGTGGTGTC	1
1533	1532	7	AATCTCACCTCAACCGTGGTGTCT	1
1534	1533	7	ATCTCACCTCAACCGTGGTGTCTA	1
1535	1534	7	TCTCACCTCAACCGTGGTGTCTAC	1
1536	1535	5	CTCACCTCAACCGTGGTGTCTACC	1
1537	1536	6	TCACCTCAACCGTGGTGTCTACCC	1
1538	1537	6	CACCTCAACCGTGGTGTCTACCCC	1
1539	1538	6	ACCTCAACCGTGGTGTCTACCCCG	1
1540	1539	6	CCTCAACCGTGGTGTCTACCCCGT	1
1541	1540	8	CTCAACCGTGGTGTCTACCCCGTC	1
1542	1541	8	TCAACCGTGGTGTCTACCCCGTCA	1
1543	1542	8	CAACCGTGGTGTCTACCCCGTCAT	1
1544	1543	8	AACCGTGGTGTCTACCCCGTCATC	1
1545	1544	8	ACCGTGGTGTCTACCCCGTCATCT	1
1546	1545	8	CCGTGGTGTCTACCCCGTCATCTA	1
1547	1546	8	CGTGGTGTCTACCCCGTCATCTAC	1
1548	1547	8	GTGGTGTCTACCCCGTCATCTACG	1
1549	1548	7	TGGTGTCTACCCCGTCATCTACGA	1
1550	1549	7	GGTGTCTACCCCGTCATCTACGAG	1
1551	1550	7	GTGTCTACCCCGTCATCTACGAGA	1
1552	1551	6	TGTCTACCCCGTCATCTACGAGAA	1
1553	1552	6	GTCTACCCCGTCATCTACGAGAAG	1
1554	1553	5	TCTACCCCGTCATCTACGAGAAGG	1
1555	1554	5	CTACCCCGTCATCTACGAGAAGGA	1
1556	1555	5	TACCCCGTCATCTACGAGAAGGAG	1
1557	1556	5	ACCCCGTCATCTACGAGAAGGAGC	1
1558	1557	4	CCCCGTCATCTACGAGAAGGAGCC	1
1559	1558	4	CCCGTCATCTACGAGAAGGAGCCT	1
1560	1559	4	CCGTCATCTACGAGAAGGAGCCTC	1
1561	1560	4	CGTCATCTACGAGAAGGAGCCTCT	1
1562	1561	4	GTCATCTACGAGAAGGAGCCTCTT	1
1563	1562	4	TCATCTACGAGAAGGAGCCTCTTT	1
1564	1563	4	CATCTACGAGAAGGAGCCTCTTTC	1
1565	1564	4	ATCTACGAGAAGGAGCCTCTTTCT	1
1566	1565	4	TCTACGAGAAGGAGCCTCTTTCTG	1
1567	1566	4	CTACGAGAAGGAGCCTCTTTCTGA	1
1568	1567	4	TACGAGAAGGAGCCTCTTTCTGAC	1
1569	1568	3	ACGAGAAGGAGCCTCTTTCTGACT	1
1570	1569	3	CGAGAAGGAGCCTCTTTCTGACTG	1
1571	1570	2	GAGAAGGAGCCTCTTTCTGACTGG	1
1572	1571	2	AGAAGGAGCCTCTTTCTGACTGGC	1
1573	1572	2	GAAGGAGCCTCTTTCTGACTGGCA	1
1574	1573	3	AAGGAGCCTCTTTCTGACTGGCAA	1
1575	1574	3	AGGAGCCTCTTTCTGACTGGCAAA	1
1576	1575	3	GGAGCCTCTTTCTGACTGGCAAAA	1
1577	1576	3	GAGCCTCTTTCTGACTGGCAAAAG	1
1578	1577	2	AGCCTCTTTCTGACTGGCAAAAGG	1
1579	1578	2	GCCTCTTTCTGACTGGCAAAAGGA	1
1580	1579	3	CCTCTTTCTGACTGGCAAAAGGAT	1
1581	1580	2	CTCTTTCTGACTGGCAAAAGGATG	1
1582	1581	3	TCTTTCTGACTGGCAAAAGGATGT	1
1583	1582	3	CTTTCTGACTGGCAAAAGGATGTT	1
1584	1583	3	TTTCTGACTGGCAAAAGGATGTTG	1
1585	1584	3	TTCTGACTGGCAAAAGGATGTTGA	1
1586	1585	3	TCTGACTGGCAAAAGGATGTTGAC	1
1587	1586	3	CTGACTGGCAAAAGGATGTTGACG	1
1588	1587	3	TGACTGGCAAAAGGATGTTGACGC	1
1589	1588	3	GACTGGCAAAAGGATGTTGACGCT	1
1590	1589	3	ACTGGCAAAAGGATGTTGACGCTC	1
1591	1590	3	CTGGCAAAAGGATGTTGACGCTCG	1
1592	1591	3	TGGCAAAAGGATGTTGACGCTCGT	1
1593	1592	3	GGCAAAAGGATGTTGACGCTCGTG	1
1594	1593	3	GCAAAAGGATGTTGACGCTCGTGT	1
1595	1594	3	CAAAAGGATGTTGACGCTCGTGTT	1
1596	1595	3	AAAAGGATGTTGACGCTCGTGTTG	1
1597	1596	3	AAAGGATGTTGACGCTCGTGTTGC	1
1598	1597	3	AAGGATGTTGACGCTCGTGTTGCC	1
1599	1598	3	AGGATGTTGACGCTCGTGTTGCCT	1
1600	1599	3	GGATGTTGACGCTCGTGTTGCCTA	1
1601	1600	4	GATGTTGACGCTCGTGTTGCCTAC	1
1602	1601	4	ATGTTGACGCTCGTGTTGCCTACG	1
1603	1602	4	TGTTGACGCTCGTGTTGCCTACGG	1
1604	1603	4	GTTGACGCTCGTGTTGCCTACGGT	1
1605	1604	4	TTGACGCTCGTGTTGCCTACGGTT	1
1606	1605	4	TGACGCTCGTGTTGCCTACGGTTG	1
1607	1606	4	GACGCTCGTGTTGCCTACGGTTGC	1
1608	1607	4	ACGCTCGTGTTGCCTACGGTTGCC	1
1609	1608	4	CGCTCGTGTTGCCTACGGTTGCCA	1
1610	1609	4	GCTCGTGTTGCCTACGGTTGCCAA	1
1611	1610	4	CTCGTGTTGCCTACGGTTGCCAAC	1
1612	1611	4	TCGTGTTGCCTACGGTTGCCAACA	1
1613	1612	4	CGTGTTGCCTACGGTTGCCAACAA	1
1614	1613	4	GTGTTGCCTACGGTTGCCAACAAG	1
1615	1614	5	TGTTGCCTACGGTTGCCAACAAGC	1
1616	1615	5	GTTGCCTACGGTTGCCAACAAGCT	1
1617	1616	5	TTGCCTACGGTTGCCAACAAGCTT	1
1618	1617	4	TGCCTACGGTTGCCAACAAGCTTA	1
1619	1618	4	GCCTACGGTTGCCAACAAGCTTAC	1
1620	1619	4	CCTACGGTTGCCAACAAGCTTACA	1
1621	1620	4	CTACGGTTGCCAACAAGCTTACAA	1
1622	1621	4	TACGGTTGCCAACAAGCTTACAAG	1
1623	1622	4	ACGGTTGCCAACAAGCTTACAAGA	1
1624	1623	3	CGGTTGCCAACAAGCTTACAAGAT	1
1625	1624	4	GGTTGCCAACAAGCTTACAAGATG	1
1626	1625	3	GTTGCCAACAAGCTTACAAGATGA	1
1627	1626	4	TTGCCAACAAGCTTACAAGATGAA	1
1628	1627	5	TGCCAACAAGCTTACAAGATGAAC	1
1629	1628	6	GCCAACAAGCTTACAAGATGAACA	1
1630	1629	6	CCAACAAGCTTACAAGATGAACAT	1
1631	1630	6	CAACAAGCTTACAAGATGAACATC	1
1632	1631	6	AACAAGCTTACAAGATGAACATCC	1
1633	1632	6	ACAAGCTTACAAGATGAACATCCT	1
1634	1633	6	CAAGCTTACAAGATGAACATCCTC	1
1635	1634	6	AAGCTTACAAGATGAACATCCTCA	1
1636	1635	6	AGCTTACAAGATGAACATCCTCAA	1
1637	1636	6	GCTTACAAGATGAACATCCTCAAG	1
1638	1637	6	CTTACAAGATGAACATCCTCAAGA	1
1639	1638	6	TTACAAGATGAACATCCTCAAGAA	1
1640	1639	6	TACAAGATGAACATCCTCAAGAAG	1
1641	1640	6	ACAAGATGAACATCCTCAAGAAGG	1
1642	1641	6	CAAGATGAACATCCTCAAGAAGGG	1
1643	1642	7	AAGATGAACATCCTCAAGAAGGGT	1
1644	1643	7	AGATGAACATCCTCAAGAAGGGTG	1
1645	1644	6	GATGAACATCCTCAAGAAGGGTGA	1
1646	1645	6	ATGAACATCCTCAAGAAGGGTGAC	1
1647	1646	6	TGAACATCCTCAAGAAGGGTGACA	1
1648	1647	6	GAACATCCTCAAGAAGGGTGACAA	1
1649	1648	6	AACATCCTCAAGAAGGGTGACAAG	1
1650	1649	6	ACATCCTCAAGAAGGGTGACAAGA	1
1651	1650	6	CATCCTCAAGAAGGGTGACAAGAT	1
1652	1651	6	ATCCTCAAGAAGGGTGACAAGATC	1
1653	1652	6	TCCTCAAGAAGGGTGACAAGATCA	1
1654	1653	6	CCTCAAGAAGGGTGACAAGATCAT	1
1655	1654	6	CTCAAGAAGGGTGACAAGATCATT	1
1656	1655	6	TCAAGAAGGGTGACAAGATCATTG	1
1657	1656	6	CAAGAAGGGTGACAAGATCATTGT	1
1658	1657	7	AAGAAGGGTGACAAGATCATTGTC	1
1659	1658	6	AGAAGGGTGACAAGATCATTGTCC	1
1660	1659	6	GAAGGGTGACAAGATCATTGTCCT	1
1661	1660	6	AAGGGTGACAAGATCATTGTCCTT	1
1662	1661	6	AGGGTGACAAGATCATTGTCCTTC	1
1663	1662	6	GGGTGACAAGATCATTGTCCTTCA	1
1664	1663	6	GGTGACAAGATCATTGTCCTTCAA	1
1665	1664	6	GTGACAAGATCATTGTCCTTCAAG	1
1666	1665	6	TGACAAGATCATTGTCCTTCAAGG	1
1667	1666	6	GACAAGATCATTGTCCTTCAAGGT	1
1668	1667	6	ACAAGATCATTGTCCTTCAAGGTG	1
1669	1668	5	CAAGATCATTGTCCTTCAAGGTGC	1
1670	1669	5	AAGATCATTGTCCTTCAAGGTGCC	1
1671	1670	4	AGATCATTGTCCTTCAAGGTGCCG	1
1672	1671	4	GATCATTGTCCTTCAAGGTGCCGT	1
1673	1672	3	ATCATTGTCCTTCAAGGTGCCGTT	1
1674	1673	4	TCATTGTCCTTCAAGGTGCCGTTG	1
1675	1674	4	CATTGTCCTTCAAGGTGCCGTTGG	1
1676	1675	5	ATTGTCCTTCAAGGTGCCGTTGGT	1
1677	1676	5	TTGTCCTTCAAGGTGCCGTTGGTG	1
1678	1677	5	TGTCCTTCAAGGTGCCGTTGGTGG	1
1679	1678	5	GTCCTTCAAGGTGCCGTTGGTGGT	1
1680	1679	5	TCCTTCAAGGTGCCGTTGGTGGTA	1
1681	1680	4	CCTTCAAGGTGCCGTTGGTGGTAA	1
1682	1681	4	CTTCAAGGTGCCGTTGGTGGTAAG	1
1683	1682	4	TTCAAGGTGCCGTTGGTGGTAAGG	1
1684	1683	4	TCAAGGTGCCGTTGGTGGTAAGGG	1
1685	1684	4	CAAGGTGCCGTTGGTGGTAAGGGT	1
1686	1685	4	AAGGTGCCGTTGGTGGTAAGGGTC	1
1687	1686	3	AGGTGCCGTTGGTGGTAAGGGTCA	1
1688	1687	3	GGTGCCGTTGGTGGTAAGGGTCAC	1
1689	1688	3	GTGCCGTTGGTGGTAAGGGTCACA	1
1690	1689	3	TGCCGTTGGTGGTAAGGGTCACAC	1
1691	1690	3	GCCGTTGGTGGTAAGGGTCACACC	1
1692	1691	2	CCGTTGGTGGTAAGGGTCACACCT	1
1693	1692	2	CGTTGGTGGTAAGGGTCACACCTC	1
1694	1693	2	GTTGGTGGTAAGGGTCACACCTCC	1
1695	1694	2	TTGGTGGTAAGGGTCACACCTCCA	1
1696	1695	3	TGGTGGTAAGGGTCACACCTCCAT	1
1697	1696	3	GGTGGTAAGGGTCACACCTCCATC	1
1698	1697	3	GTGGTAAGGGTCACACCTCCATCT	1
1699	1698	3	TGGTAAGGGTCACACCTCCATCTT	1
1700	1699	3	GGTAAGGGTCACACCTCCATCTTC	1
1701	1700	3	GTAAGGGTCACACCTCCATCTTCC	1
1702	1701	2	TAAGGGTCACACCTCCATCTTCCG	1
1703	1702	2	AAGGGTCACACCTCCATCTTCCGT	1
1704	1703	2	AGGGTCACACCTCCATCTTCCGTC	1
1705	1704	3	GGGTCACACCTCCATCTTCCGTCT	1
1706	1705	3	GGTCACACCTCCATCTTCCGTCTT	1
1707	1706	3	GTCACACCTCCATCTTCCGTCTTA	1
1708	1707	3	TCACACCTCCATCTTCCGTCTTAC	1
1709	1708	4	CACACCTCCATCTTCCGTCTTACC	1
1710	1709	4	ACACCTCCATCTTCCGTCTTACCG	1
1711	1710	4	CACCTCCATCTTCCGTCTTACCGT	1
1712	1711	5	ACCTCCATCTTCCGTCTTACCGTT	1
1713	1712	5	CCTCCATCTTCCGTCTTACCGTTG	1
1714	1713	5	CTCCATCTTCCGTCTTACCGTTGC	1
1715	1714	5	TCCATCTTCCGTCTTACCGTTGCC	1
1716	1715	4	CCATCTTCCGTCTTACCGTTGCCG	1
1717	1716	5	CATCTTCCGTCTTACCGTTGCCGA	1
1718	1717	4	ATCTTCCGTCTTACCGTTGCCGAG	1
1719	1718	4	TCTTCCGTCTTACCGTTGCCGAGT	1
1720	1719	4	CTTCCGTCTTACCGTTGCCGAGTA	1
1721	1720	3	TTCCGTCTTACCGTTGCCGAGTAA	1
1722	1721	3	TCCGTCTTACCGTTGCCGAGTAAG	1
1723	1722	3	CCGTCTTACCGTTGCCGAGTAAGC	1
1724	1723	3	CGTCTTACCGTTGCCGAGTAAGCT	1
1725	1724	3	GTCTTACCGTTGCCGAGTAAGCTG	1
1726	1725	3	TCTTACCGTTGCCGAGTAAGCTGA	1
1727	1726	3	CTTACCGTTGCCGAGTAAGCTGAT	1
1728	1727	3	TTACCGTTGCCGAGTAAGCTGATT	1
1729	1728	3	TACCGTTGCCGAGTAAGCTGATTA	1
1730	1729	3	ACCGTTGCCGAGTAAGCTGATTAT	1
1731	1730	3	CCGTTGCCGAGTAAGCTGATTATG	1
1732	1731	3	CGTTGCCGAGTAAGCTGATTATGA	1
1733	1732	3	GTTGCCGAGTAAGCTGATTATGAC	1
1734	1733	3	TTGCCGAGTAAGCTGATTATGACG	1
1735	1734	3	TGCCGAGTAAGCTGATTATGACGA	1
1736	1735	3	GCCGAGTAAGCTGATTATGACGAT	1
1737	1736	3	CCGAGTAAGCTGATTATGACGATC	1
1738	1737	3	CGAGTAAGCTGATTATGACGATCC	1
1739	1738	3	GAGTAAGCTGATTATGACGATCCA	1
1740	1739	2	AGTAAGCTGATTATGACGATCCAG	1
1741	1740	3	GTAAGCTGATTATGACGATCCAGT	1
1742	1741	3	TAAGCTGATTATGACGATCCAGTG	1
1743	1742	3	AAGCTGATTATGACGATCCAGTGA	1
1744	1743	3	AGCTGATTATGACGATCCAGTGAT	1
1745	1744	3	GCTGATTATGACGATCCAGTGATT	1
1746	1745	3	CTGATTATGACGATCCAGTGATTT	1
1747	1746	4	TGATTATGACGATCCAGTGATTTG	1
1748	1747	4	GATTATGACGATCCAGTGATTTGC	1
1749	1748	4	ATTATGACGATCCAGTGATTTGCG	1
1750	1749	4	TTATGACGATCCAGTGATTTGCGA	1
1751	1750	4	TATGACGATCCAGTGATTTGCGAA	1
1752	1751	4	ATGACGATCCAGTGATTTGCGAAG	1
1753	1752	3	TGACGATCCAGTGATTTGCGAAGC	1
1754	1753	4	GACGATCCAGTGATTTGCGAAGCC	1
1755	1754	4	ACGATCCAGTGATTTGCGAAGCCA	1
1756	1755	3	CGATCCAGTGATTTGCGAAGCCAG	1
1757	1756	3	GATCCAGTGATTTGCGAAGCCAGG	1
1758	1757	2	ATCCAGTGATTTGCGAAGCCAGGA	1
1759	1758	2	TCCAGTGATTTGCGAAGCCAGGAT	1
1760	1759	3	CCAGTGATTTGCGAAGCCAGGATT	1
1761	1760	3	CAGTGATTTGCGAAGCCAGGATTT	1
1762	1761	4	AGTGATTTGCGAAGCCAGGATTTC	1
1763	1762	4	GTGATTTGCGAAGCCAGGATTTCT	1
1764	1763	4	TGATTTGCGAAGCCAGGATTTCTT	1
1765	1764	5	GATTTGCGAAGCCAGGATTTCTTA	1
1766	1765	5	ATTTGCGAAGCCAGGATTTCTTAG	1
1767	1766	5	TTTGCGAAGCCAGGATTTCTTAGG	1
1768	1767	5	TTGCGAAGCCAGGATTTCTTAGGG	1
1769	1768	6	TGCGAAGCCAGGATTTCTTAGGGC	1
1770	1769	7	GCGAAGCCAGGATTTCTTAGGGCT	1
1771	1770	7	CGAAGCCAGGATTTCTTAGGGCTT	1
1772	1771	7	GAAGCCAGGATTTCTTAGGGCTTT	1
1773	1772	7	AAGCCAGGATTTCTTAGGGCTTTG	1
1774	1773	7	AGCCAGGATTTCTTAGGGCTTTGG	1
1775	1774	8	GCCAGGATTTCTTAGGGCTTTGGA	1
1776	1775	10	CCAGGATTTCTTAGGGCTTTGGAA	1
1777	1776	10	CAGGATTTCTTAGGGCTTTGGAAT	1
1778	1777	10	AGGATTTCTTAGGGCTTTGGAATG	1
1779	1778	10	GGATTTCTTAGGGCTTTGGAATGT	1
1780	1779	10	GATTTCTTAGGGCTTTGGAATGTA	1
1781	1780	10	ATTTCTTAGGGCTTTGGAATGTAA	1
1782	1781	11	TTTCTTAGGGCTTTGGAATGTAAG	1
1783	1782	11	TTCTTAGGGCTTTGGAATGTAAGC	1
1784	1783	11	TCTTAGGGCTTTGGAATGTAAGCT	1
1785	1784	11	CTTAGGGCTTTGGAATGTAAGCTT	1
1786	1785	11	TTAGGGCTTTGGAATGTAAGCTTC	1
1787	1786	11	TAGGGCTTTGGAATGTAAGCTTCA	1
1788	1787	12	AGGGCTTTGGAATGTAAGCTTCAA	1
1789	1788	12	GGGCTTTGGAATGTAAGCTTCAAT	1
1790	1789	12	GGCTTTGGAATGTAAGCTTCAATT	1
1791	1790	10	GCTTTGGAATGTAAGCTTCAATTT	1
1792	1791	11	CTTTGGAATGTAAGCTTCAATTTT	1
1793	1792	11	TTTGGAATGTAAGCTTCAATTTTC	1
1794	1793	11	TTGGAATGTAAGCTTCAATTTTCG	1
1795	1794	11	TGGAATGTAAGCTTCAATTTTCGA	1
1796	1795	11	GGAATGTAAGCTTCAATTTTCGAG	1
1797	1796	11	GAATGTAAGCTTCAATTTTCGAGT	1
1798	1797	10	AATGTAAGCTTCAATTTTCGAGTG	1
1799	1798	10	ATGTAAGCTTCAATTTTCGAGTGT	1
1800	1799	10	TGTAAGCTTCAATTTTCGAGTGTG	1
1801	1800	10	GTAAGCTTCAATTTTCGAGTGTGG	1
1802	1801	10	TAAGCTTCAATTTTCGAGTGTGGG	1
1803	1802	10	AAGCTTCAATTTTCGAGTGTGGGC	1
1804	1803	9	AGCTTCAATTTTCGAGTGTGGGCC	1
1805	1804	9	GCTTCAATTTTCGAGTGTGGGCCG	1
1806	1805	8	CTTCAATTTTCGAGTGTGGGCCGT	1
1807	1806	8	TTCAATTTTCGAGTGTGGGCCGTG	1
1808	1807	9	TCAATTTTCGAGTGTGGGCCGTGC	1
1809	1808	8	CAATTTTCGAGTGTGGGCCGTGCT	1
1810	1809	8	AATTTTCGAGTGTGGGCCGTGCTG	1
1811	1810	8	ATTTTCGAGTGTGGGCCGTGCTGG	1
1812	1811	8	TTTTCGAGTGTGGGCCGTGCTGGT	1
1813	1812	7	TTTCGAGTGTGGGCCGTGCTGGTA	1
1814	1813	6	TTCGAGTGTGGGCCGTGCTGGTAC	1
1815	1814	6	TCGAGTGTGGGCCGTGCTGGTACA	1
1816	1815	5	CGAGTGTGGGCCGTGCTGGTACAG	1
1817	1816	5	GAGTGTGGGCCGTGCTGGTACAGG	1
1818	1817	5	AGTGTGGGCCGTGCTGGTACAGGT	1
1819	1818	5	GTGTGGGCCGTGCTGGTACAGGTG	1
1820	1819	3	TGTGGGCCGTGCTGGTACAGGTGA	1
1821	1820	3	GTGGGCCGTGCTGGTACAGGTGAT	1
1822	1821	3	TGGGCCGTGCTGGTACAGGTGATT	1
1823	1822	3	GGGCCGTGCTGGTACAGGTGATTT	1
1824	1823	3	GGCCGTGCTGGTACAGGTGATTTC	1
1825	1824	4	GCCGTGCTGGTACAGGTGATTTCT	1
1826	1825	3	CCGTGCTGGTACAGGTGATTTCTT	1
1827	1826	3	CGTGCTGGTACAGGTGATTTCTTC	1
1828	1827	3	GTGCTGGTACAGGTGATTTCTTCT	1
1829	1828	3	TGCTGGTACAGGTGATTTCTTCTT	1
1830	1829	3	GCTGGTACAGGTGATTTCTTCTTT	1
1831	1830	3	CTGGTACAGGTGATTTCTTCTTTT	1
1832	1831	3	TGGTACAGGTGATTTCTTCTTTTT	1
1833	1832	3	GGTACAGGTGATTTCTTCTTTTTT	1
1834	1833	3	GTACAGGTGATTTCTTCTTTTTTT	1
1835	1834	3	TACAGGTGATTTCTTCTTTTTTTT	1
1836	1835	2	ACAGGTGATTTCTTCTTTTTTTTG	1
1837	1836	2	CAGGTGATTTCTTCTTTTTTTTGT	1
1838	1837	2	AGGTGATTTCTTCTTTTTTTTGTT	1
1839	1838	2	GGTGATTTCTTCTTTTTTTTGTTG	1
1840	1839	2	GTGATTTCTTCTTTTTTTTGTTGA	1
1841	1840	2	TGATTTCTTCTTTTTTTTGTTGAG	1
1842	1841	2	GATTTCTTCTTTTTTTTGTTGAGA	1
1843	1842	2	ATTTCTTCTTTTTTTTGTTGAGAG	1
1844	1843	2	TTTCTTCTTTTTTTTGTTGAGAGG	1
1845	1844	2	TTCTTCTTTTTTTTGTTGAGAGGA	1
1846	1845	2	TCTTCTTTTTTTTGTTGAGAGGAT	1
1847	1846	2	CTTCTTTTTTTTGTTGAGAGGATT	1
1848	1847	2	TTCTTTTTTTTGTTGAGAGGATTT	1
1849	1848	2	TCTTTTTTTTGTTGAGAGGATTTA	1
1850	1849	2	CTTTTTTTTGTTGAGAGGATTTAT	1
1851	1850	2	TTTTTTTTGTTGAGAGGATTTATA	1
1852	1851	1	TTTTTTTGTTGAGAGGATTTATAG	1
1853	1852	1	TTTTTTGTTGAGAGGATTTATAGC	1
1854	1853	1	TTTTTGTTGAGAGGATTTATAGCA	1
1855	1854	1	TTTTGTTGAGAGGATTTATAGCAT	1
1856	1855	1	TTTGTTGAGAGGATTTATAGCATA	1
1857	1856	1	TTGTTGAGAGGATTTATAGCATAC	1
1858	1857	1	TGTTGAGAGGATTTATAGCATACA	1
1859	1858	1	GTTGAGAGGATTTATAGCATACAT	1
1860	1859	1	TTGAGAGGATTTATAGCATACATG	1
1861	1860	1	TGAGAGGATTTATAGCATACATGG	1
1862	1861	1	GAGAGGATTTATAGCATACATGGT	1
1863	1862	1	AGAGGATTTATAGCATACATGGTT	1
1864	1863	1	GAGGATTTATAGCATACATGGTTC	1
1865	1864	1	AGGATTTATAGCATACATGGTTCG	1
1866	1865	1	GGATTTATAGCATACATGGTTCGC	1
1867	1866	1	GATTTATAGCATACATGGTTCGCA	1
1868	1867	1	ATTTATAGCATACATGGTTCGCAG	1
