Component 516
1	-1	0	CGCGTTTTATCTAGTATTTTCTAA	1
2	1	1	GCGTTTTATCTAGTATTTTCTAAA	1
3	2	1	CGTTTTATCTAGTATTTTCTAAAA	1
4	3	1	GTTTTATCTAGTATTTTCTAAAAA	1
5	4	1	TTTTATCTAGTATTTTCTAAAAAA	1
6	5	1	TTTATCTAGTATTTTCTAAAAAAA	1
7	6	1	TTATCTAGTATTTTCTAAAAAAAT	1
8	7	1	TATCTAGTATTTTCTAAAAAAATG	1
9	8	1	ATCTAGTATTTTCTAAAAAAATGC	1
10	9	1	TCTAGTATTTTCTAAAAAAATGCG	1
11	10	1	CTAGTATTTTCTAAAAAAATGCGT	1
12	11	1	TAGTATTTTCTAAAAAAATGCGTA	1
13	12	1	AGTATTTTCTAAAAAAATGCGTAC	1
14	13	1	GTATTTTCTAAAAAAATGCGTACT	1
15	14	1	TATTTTCTAAAAAAATGCGTACTA	1
16	15	1	ATTTTCTAAAAAAATGCGTACTAC	1
17	16	1	TTTTCTAAAAAAATGCGTACTACT	1
18	17	1	TTTCTAAAAAAATGCGTACTACTT	1
19	18	1	TTCTAAAAAAATGCGTACTACTTT	1
20	19	1	TCTAAAAAAATGCGTACTACTTTC	1
21	20	1	CTAAAAAAATGCGTACTACTTTCG	1
22	21	1	TAAAAAAATGCGTACTACTTTCGC	1
23	22	1	AAAAAAATGCGTACTACTTTCGCG	1
24	23	1	AAAAAATGCGTACTACTTTCGCGA	1
25	24	2	AAAAATGCGTACTACTTTCGCGAC	1
26	25	2	AAAATGCGTACTACTTTCGCGACC	1
27	26	2	AAATGCGTACTACTTTCGCGACCG	1
28	27	2	AATGCGTACTACTTTCGCGACCGT	1
29	28	2	ATGCGTACTACTTTCGCGACCGTC	1
30	29	2	TGCGTACTACTTTCGCGACCGTCG	1
31	30	2	GCGTACTACTTTCGCGACCGTCGC	1
32	31	2	CGTACTACTTTCGCGACCGTCGCT	1
33	32	2	GTACTACTTTCGCGACCGTCGCTT	1
34	33	2	TACTACTTTCGCGACCGTCGCTTT	1
35	34	2	ACTACTTTCGCGACCGTCGCTTTA	1
36	35	2	CTACTTTCGCGACCGTCGCTTTAG	1
37	36	2	TACTTTCGCGACCGTCGCTTTAGC	1
38	37	2	ACTTTCGCGACCGTCGCTTTAGCT	1
39	38	2	CTTTCGCGACCGTCGCTTTAGCTT	1
40	39	3	TTTCGCGACCGTCGCTTTAGCTTT	1
41	40	3	TTCGCGACCGTCGCTTTAGCTTTT	1
42	41	3	TCGCGACCGTCGCTTTAGCTTTTT	1
43	42	3	CGCGACCGTCGCTTTAGCTTTTTT	1
44	43	3	GCGACCGTCGCTTTAGCTTTTTTA	1
45	44	3	CGACCGTCGCTTTAGCTTTTTTAT	1
46	45	2	GACCGTCGCTTTAGCTTTTTTATC	1
47	46	2	ACCGTCGCTTTAGCTTTTTTATCG	1
48	47	2	CCGTCGCTTTAGCTTTTTTATCGA	1
49	48	2	CGTCGCTTTAGCTTTTTTATCGAC	1
50	49	2	GTCGCTTTAGCTTTTTTATCGACC	1
51	50	2	TCGCTTTAGCTTTTTTATCGACCG	1
52	51	2	CGCTTTAGCTTTTTTATCGACCGT	1
53	52	2	GCTTTAGCTTTTTTATCGACCGTT	1
54	53	2	CTTTAGCTTTTTTATCGACCGTTG	1
55	54	2	TTTAGCTTTTTTATCGACCGTTGG	1
56	55	2	TTAGCTTTTTTATCGACCGTTGGA	1
57	56	2	TAGCTTTTTTATCGACCGTTGGAG	1
58	57	2	AGCTTTTTTATCGACCGTTGGAGC	1
59	58	2	GCTTTTTTATCGACCGTTGGAGCT	1
60	59	2	CTTTTTTATCGACCGTTGGAGCTT	1
61	60	2	TTTTTTATCGACCGTTGGAGCTTT	1
62	61	2	TTTTTATCGACCGTTGGAGCTTTG	1
63	62	2	TTTTATCGACCGTTGGAGCTTTGC	1
64	63	2	TTTATCGACCGTTGGAGCTTTGCC	1
65	64	2	TTATCGACCGTTGGAGCTTTGCCC	1
66	65	2	TATCGACCGTTGGAGCTTTGCCCT	1
67	66	2	ATCGACCGTTGGAGCTTTGCCCTA	1
68	67	2	TCGACCGTTGGAGCTTTGCCCTAT	1
69	68	1	CGACCGTTGGAGCTTTGCCCTATG	1
70	69	1	GACCGTTGGAGCTTTGCCCTATGC	1
71	70	1	ACCGTTGGAGCTTTGCCCTATGCT	1
72	71	1	CCGTTGGAGCTTTGCCCTATGCTC	1
73	72	1	CGTTGGAGCTTTGCCCTATGCTCC	1
74	73	1	GTTGGAGCTTTGCCCTATGCTCCT	1
75	74	1	TTGGAGCTTTGCCCTATGCTCCTA	1
76	75	1	TGGAGCTTTGCCCTATGCTCCTAA	1
77	76	1	GGAGCTTTGCCCTATGCTCCTAAC	1
78	77	2	GAGCTTTGCCCTATGCTCCTAACC	1
79	78	2	AGCTTTGCCCTATGCTCCTAACCA	1
80	79	2	GCTTTGCCCTATGCTCCTAACCAT	1
81	80	2	CTTTGCCCTATGCTCCTAACCATC	1
82	81	3	TTTGCCCTATGCTCCTAACCATCG	1
83	82	3	TTGCCCTATGCTCCTAACCATCGC	1
84	83	2	TGCCCTATGCTCCTAACCATCGCC	1
85	84	2	GCCCTATGCTCCTAACCATCGCCA	1
86	85	2	CCCTATGCTCCTAACCATCGCCAT	1
87	86	2	CCTATGCTCCTAACCATCGCCATC	1
88	87	2	CTATGCTCCTAACCATCGCCATCA	1
89	88	2	TATGCTCCTAACCATCGCCATCAC	1
90	89	2	ATGCTCCTAACCATCGCCATCACC	1
91	90	2	TGCTCCTAACCATCGCCATCACCG	1
92	91	2	GCTCCTAACCATCGCCATCACCGT	1
93	92	2	CTCCTAACCATCGCCATCACCGTC	1
94	93	2	TCCTAACCATCGCCATCACCGTCG	1
95	94	2	CCTAACCATCGCCATCACCGTCGT	1
96	95	2	CTAACCATCGCCATCACCGTCGTG	1
97	96	2	TAACCATCGCCATCACCGTCGTGA	1
98	97	2	AACCATCGCCATCACCGTCGTGAT	1
99	98	2	ACCATCGCCATCACCGTCGTGATG	1
100	99	2	CCATCGCCATCACCGTCGTGATGA	1
101	100	2	CATCGCCATCACCGTCGTGATGAT	1
102	101	2	ATCGCCATCACCGTCGTGATGATG	1
103	102	2	TCGCCATCACCGTCGTGATGATGA	1
104	103	2	CGCCATCACCGTCGTGATGATGAT	1
105	104	2	GCCATCACCGTCGTGATGATGATG	1
106	105	2	CCATCACCGTCGTGATGATGATGG	1
107	106	2	CATCACCGTCGTGATGATGATGGC	1
108	107	2	ATCACCGTCGTGATGATGATGGCG	1
109	108	2	TCACCGTCGTGATGATGATGGCGT	1
110	109	2	CACCGTCGTGATGATGATGGCGTT	1
111	110	2	ACCGTCGTGATGATGATGGCGTTT	1
112	111	2	CCGTCGTGATGATGATGGCGTTTT	1
113	112	2	CGTCGTGATGATGATGGCGTTTTA	1
114	113	3	GTCGTGATGATGATGGCGTTTTAA	1
115	114	3	TCGTGATGATGATGGCGTTTTAAC	1
116	115	3	CGTGATGATGATGGCGTTTTAACC	1
117	116	3	GTGATGATGATGGCGTTTTAACCG	1
118	117	3	TGATGATGATGGCGTTTTAACCGT	1
119	118	3	GATGATGATGGCGTTTTAACCGTG	1
120	119	3	ATGATGATGGCGTTTTAACCGTGT	1
121	120	3	TGATGATGGCGTTTTAACCGTGTA	1
122	121	2	GATGATGGCGTTTTAACCGTGTAT	1
123	122	2	ATGATGGCGTTTTAACCGTGTATG	1
124	123	2	TGATGGCGTTTTAACCGTGTATGA	1
125	124	2	GATGGCGTTTTAACCGTGTATGAG	1
126	125	1	ATGGCGTTTTAACCGTGTATGAGA	1
127	126	1	TGGCGTTTTAACCGTGTATGAGAC	1
128	127	1	GGCGTTTTAACCGTGTATGAGACT	1
129	128	1	GCGTTTTAACCGTGTATGAGACTA	1
130	129	1	CGTTTTAACCGTGTATGAGACTAT	1
131	130	1	GTTTTAACCGTGTATGAGACTATC	1
132	131	1	TTTTAACCGTGTATGAGACTATCT	1
133	132	1	TTTAACCGTGTATGAGACTATCTT	1
134	133	1	TTAACCGTGTATGAGACTATCTTG	1
135	134	1	TAACCGTGTATGAGACTATCTTGG	1
136	135	1	AACCGTGTATGAGACTATCTTGGA	1
137	136	1	ACCGTGTATGAGACTATCTTGGAG	1
138	137	1	CCGTGTATGAGACTATCTTGGAGA	1
139	138	1	CGTGTATGAGACTATCTTGGAGAC	1
140	139	2	GTGTATGAGACTATCTTGGAGACT	1
141	140	2	TGTATGAGACTATCTTGGAGACTG	1
142	141	2	GTATGAGACTATCTTGGAGACTGT	1
143	142	2	TATGAGACTATCTTGGAGACTGTT	1
144	143	2	ATGAGACTATCTTGGAGACTGTTT	1
145	144	2	TGAGACTATCTTGGAGACTGTTTA	1
146	145	2	GAGACTATCTTGGAGACTGTTTAT	1
147	146	2	AGACTATCTTGGAGACTGTTTATG	1
148	147	2	GACTATCTTGGAGACTGTTTATGT	1
149	148	2	ACTATCTTGGAGACTGTTTATGTT	1
150	149	2	CTATCTTGGAGACTGTTTATGTTA	1
151	150	2	TATCTTGGAGACTGTTTATGTTAC	1
152	151	2	ATCTTGGAGACTGTTTATGTTACC	1
153	152	2	TCTTGGAGACTGTTTATGTTACCG	1
154	153	2	CTTGGAGACTGTTTATGTTACCGC	1
155	154	3	TTGGAGACTGTTTATGTTACCGCA	1
156	155	3	TGGAGACTGTTTATGTTACCGCAG	1
157	156	3	GGAGACTGTTTATGTTACCGCAGT	1
158	157	2	GAGACTGTTTATGTTACCGCAGTT	1
159	158	2	AGACTGTTTATGTTACCGCAGTTC	1
160	159	2	GACTGTTTATGTTACCGCAGTTCC	1
161	160	2	ACTGTTTATGTTACCGCAGTTCCT	1
162	161	2	CTGTTTATGTTACCGCAGTTCCTG	1
163	162	2	TGTTTATGTTACCGCAGTTCCTGG	1
164	163	2	GTTTATGTTACCGCAGTTCCTGGT	1
165	164	2	TTTATGTTACCGCAGTTCCTGGTG	1
166	165	2	TTATGTTACCGCAGTTCCTGGTGC	1
167	166	2	TATGTTACCGCAGTTCCTGGTGCT	1
168	167	2	ATGTTACCGCAGTTCCTGGTGCTA	1
169	168	2	TGTTACCGCAGTTCCTGGTGCTAA	1
170	169	2	GTTACCGCAGTTCCTGGTGCTAAC	1
171	170	2	TTACCGCAGTTCCTGGTGCTAACT	1
172	171	2	TACCGCAGTTCCTGGTGCTAACTC	1
173	172	2	ACCGCAGTTCCTGGTGCTAACTCA	1
174	173	2	CCGCAGTTCCTGGTGCTAACTCAT	1
175	174	2	CGCAGTTCCTGGTGCTAACTCATC	1
176	175	2	GCAGTTCCTGGTGCTAACTCATCT	1
177	176	2	CAGTTCCTGGTGCTAACTCATCTT	1
178	177	2	AGTTCCTGGTGCTAACTCATCTTC	1
179	178	2	GTTCCTGGTGCTAACTCATCTTCC	1
180	179	2	TTCCTGGTGCTAACTCATCTTCCT	1
181	180	2	TCCTGGTGCTAACTCATCTTCCTC	1
182	181	2	CCTGGTGCTAACTCATCTTCCTCA	1
183	182	2	CTGGTGCTAACTCATCTTCCTCAT	1
184	183	1	TGGTGCTAACTCATCTTCCTCATA	1
185	184	1	GGTGCTAACTCATCTTCCTCATAT	1
186	185	1	GTGCTAACTCATCTTCCTCATATA	1
187	186	1	TGCTAACTCATCTTCCTCATATAC	1
188	187	2	GCTAACTCATCTTCCTCATATACT	1
189	188	2	CTAACTCATCTTCCTCATATACTT	1
190	189	2	TAACTCATCTTCCTCATATACTTC	1
191	190	2	AACTCATCTTCCTCATATACTTCT	1
192	191	2	ACTCATCTTCCTCATATACTTCTT	1
193	192	2	CTCATCTTCCTCATATACTTCTTA	1
194	193	2	TCATCTTCCTCATATACTTCTTAC	1
195	194	2	CATCTTCCTCATATACTTCTTACT	1
196	195	2	ATCTTCCTCATATACTTCTTACTC	1
197	196	2	TCTTCCTCATATACTTCTTACTCC	1
198	197	1	CTTCCTCATATACTTCTTACTCCA	1
199	198	1	TTCCTCATATACTTCTTACTCCAC	1
200	199	1	TCCTCATATACTTCTTACTCCACT	1
201	200	1	CCTCATATACTTCTTACTCCACTG	1
202	201	1	CTCATATACTTCTTACTCCACTGG	1
203	202	1	TCATATACTTCTTACTCCACTGGT	1
204	203	1	CATATACTTCTTACTCCACTGGTT	1
205	204	1	ATATACTTCTTACTCCACTGGTTT	1
206	205	1	TATACTTCTTACTCCACTGGTTTA	1
207	206	1	ATACTTCTTACTCCACTGGTTTAG	1
208	207	1	TACTTCTTACTCCACTGGTTTAGC	1
209	208	1	ACTTCTTACTCCACTGGTTTAGCT	1
210	209	1	CTTCTTACTCCACTGGTTTAGCTT	1
211	210	1	TTCTTACTCCACTGGTTTAGCTTC	1
212	211	1	TCTTACTCCACTGGTTTAGCTTCT	1
213	212	1	CTTACTCCACTGGTTTAGCTTCTG	1
214	213	2	TTACTCCACTGGTTTAGCTTCTGT	1
215	214	2	TACTCCACTGGTTTAGCTTCTGTT	1
216	215	2	ACTCCACTGGTTTAGCTTCTGTTA	1
217	216	2	CTCCACTGGTTTAGCTTCTGTTAC	1
218	217	2	TCCACTGGTTTAGCTTCTGTTACC	1
219	218	2	CCACTGGTTTAGCTTCTGTTACCG	1
220	219	2	CACTGGTTTAGCTTCTGTTACCGA	1
221	220	2	ACTGGTTTAGCTTCTGTTACCGAG	1
222	221	2	CTGGTTTAGCTTCTGTTACCGAGT	1
223	222	1	TGGTTTAGCTTCTGTTACCGAGTA	1
224	223	1	GGTTTAGCTTCTGTTACCGAGTAG	1
225	224	1	GTTTAGCTTCTGTTACCGAGTAGT	1
226	225	1	TTTAGCTTCTGTTACCGAGTAGTC	1
227	226	1	TTAGCTTCTGTTACCGAGTAGTCC	1
228	227	1	TAGCTTCTGTTACCGAGTAGTCCG	1
229	228	1	AGCTTCTGTTACCGAGTAGTCCGA	1
230	229	1	GCTTCTGTTACCGAGTAGTCCGAC	1
231	230	1	CTTCTGTTACCGAGTAGTCCGACG	1
232	231	1	TTCTGTTACCGAGTAGTCCGACGA	1
233	232	1	TCTGTTACCGAGTAGTCCGACGAT	1
234	233	1	CTGTTACCGAGTAGTCCGACGATG	1
235	234	1	TGTTACCGAGTAGTCCGACGATGG	1
236	235	1	GTTACCGAGTAGTCCGACGATGGT	1
237	236	1	TTACCGAGTAGTCCGACGATGGTG	1
238	237	1	TACCGAGTAGTCCGACGATGGTGC	1
239	238	1	ACCGAGTAGTCCGACGATGGTGCT	1
240	239	1	CCGAGTAGTCCGACGATGGTGCTT	1
241	240	1	CGAGTAGTCCGACGATGGTGCTTC	1
242	241	1	GAGTAGTCCGACGATGGTGCTTCA	1
243	242	1	AGTAGTCCGACGATGGTGCTTCAA	1
244	243	1	GTAGTCCGACGATGGTGCTTCAAC	1
245	244	1	TAGTCCGACGATGGTGCTTCAACG	1
246	245	1	AGTCCGACGATGGTGCTTCAACGG	1
247	246	1	GTCCGACGATGGTGCTTCAACGGC	1
248	247	1	TCCGACGATGGTGCTTCAACGGCT	1
249	248	1	CCGACGATGGTGCTTCAACGGCTT	1
250	249	1	CGACGATGGTGCTTCAACGGCTTT	1
251	250	1	GACGATGGTGCTTCAACGGCTTTA	1
252	251	1	ACGATGGTGCTTCAACGGCTTTAC	1
253	252	2	CGATGGTGCTTCAACGGCTTTACC	1
254	253	2	GATGGTGCTTCAACGGCTTTACCT	1
255	254	2	ATGGTGCTTCAACGGCTTTACCTA	1
256	255	2	TGGTGCTTCAACGGCTTTACCTAC	1
257	256	2	GGTGCTTCAACGGCTTTACCTACT	1
258	257	1	GTGCTTCAACGGCTTTACCTACTA	1
259	258	1	TGCTTCAACGGCTTTACCTACTAC	1
260	259	1	GCTTCAACGGCTTTACCTACTACC	1
261	260	1	CTTCAACGGCTTTACCTACTACCT	1
262	261	1	TTCAACGGCTTTACCTACTACCTC	1
263	262	1	TCAACGGCTTTACCTACTACCTCT	1
264	263	1	CAACGGCTTTACCTACTACCTCTA	1
265	264	1	AACGGCTTTACCTACTACCTCTAC	1
266	265	1	ACGGCTTTACCTACTACCTCTACG	1
267	266	1	CGGCTTTACCTACTACCTCTACGG	1
268	267	1	GGCTTTACCTACTACCTCTACGGA	1
269	268	1	GCTTTACCTACTACCTCTACGGAA	1
270	269	1	CTTTACCTACTACCTCTACGGAAT	1
271	270	1	TTTACCTACTACCTCTACGGAATC	1
272	271	1	TTACCTACTACCTCTACGGAATCT	1
273	272	1	TACCTACTACCTCTACGGAATCTG	1
274	273	1	ACCTACTACCTCTACGGAATCTGT	1
275	274	1	CCTACTACCTCTACGGAATCTGTG	1
276	275	1	CTACTACCTCTACGGAATCTGTGG	1
277	276	1	TACTACCTCTACGGAATCTGTGGT	1
278	277	1	ACTACCTCTACGGAATCTGTGGTT	1
279	278	1	CTACCTCTACGGAATCTGTGGTTG	1
280	279	1	TACCTCTACGGAATCTGTGGTTGT	1
281	280	1	ACCTCTACGGAATCTGTGGTTGTA	1
282	281	1	CCTCTACGGAATCTGTGGTTGTAA	1
283	282	1	CTCTACGGAATCTGTGGTTGTAAC	1
284	283	1	TCTACGGAATCTGTGGTTGTAACA	1
285	284	1	CTACGGAATCTGTGGTTGTAACAA	1
286	285	1	TACGGAATCTGTGGTTGTAACAAC	1
287	286	1	ACGGAATCTGTGGTTGTAACAACC	1
288	287	1	CGGAATCTGTGGTTGTAACAACCA	1
289	288	1	GGAATCTGTGGTTGTAACAACCAG	1
290	289	1	GAATCTGTGGTTGTAACAACCAGT	1
291	290	1	AATCTGTGGTTGTAACAACCAGTG	1
292	291	1	ATCTGTGGTTGTAACAACCAGTGC	1
293	292	1	TCTGTGGTTGTAACAACCAGTGCC	1
294	293	1	CTGTGGTTGTAACAACCAGTGCCC	1
295	294	1	TGTGGTTGTAACAACCAGTGCCCC	1
296	295	1	GTGGTTGTAACAACCAGTGCCCCA	1
297	-1	0	AGTAGAAGCTAGTCTATAAGAGTC	1
298	297	1	GTAGAAGCTAGTCTATAAGAGTCG	1
299	298	1	TAGAAGCTAGTCTATAAGAGTCGT	1
300	299	1	AGAAGCTAGTCTATAAGAGTCGTT	1
301	300	1	GAAGCTAGTCTATAAGAGTCGTTG	1
302	301	1	AAGCTAGTCTATAAGAGTCGTTGT	1
303	302	1	AGCTAGTCTATAAGAGTCGTTGTC	1
304	303	2	GCTAGTCTATAAGAGTCGTTGTCC	1
305	304	2	CTAGTCTATAAGAGTCGTTGTCCG	1
306	305	3	TAGTCTATAAGAGTCGTTGTCCGT	1
307	306	3	AGTCTATAAGAGTCGTTGTCCGTT	1
308	307	3	GTCTATAAGAGTCGTTGTCCGTTC	1
309	308	3	TCTATAAGAGTCGTTGTCCGTTCT	1
310	309	3	CTATAAGAGTCGTTGTCCGTTCTT	1
311	310	3	TATAAGAGTCGTTGTCCGTTCTTT	1
312	311	4	ATAAGAGTCGTTGTCCGTTCTTTA	1
313	312	4	TAAGAGTCGTTGTCCGTTCTTTAG	1
314	313	4	AAGAGTCGTTGTCCGTTCTTTAGC	1
315	314	4	AGAGTCGTTGTCCGTTCTTTAGCA	1
316	315	4	GAGTCGTTGTCCGTTCTTTAGCAA	1
317	316	4	AGTCGTTGTCCGTTCTTTAGCAAC	1
318	317	4	GTCGTTGTCCGTTCTTTAGCAACA	1
319	318	4	TCGTTGTCCGTTCTTTAGCAACAC	1
320	319	4	CGTTGTCCGTTCTTTAGCAACACT	1
321	320	4	GTTGTCCGTTCTTTAGCAACACTC	1
322	321	4	TTGTCCGTTCTTTAGCAACACTCC	1
323	322	4	TGTCCGTTCTTTAGCAACACTCCT	1
324	323	4	GTCCGTTCTTTAGCAACACTCCTT	1
325	324	4	TCCGTTCTTTAGCAACACTCCTTT	1
326	325	4	CCGTTCTTTAGCAACACTCCTTTC	1
327	326	4	CGTTCTTTAGCAACACTCCTTTCC	1
328	327	4	GTTCTTTAGCAACACTCCTTTCCA	1
329	328	4	TTCTTTAGCAACACTCCTTTCCAC	1
330	329	4	TCTTTAGCAACACTCCTTTCCACT	1
331	330	3	CTTTAGCAACACTCCTTTCCACTC	1
332	331	3	TTTAGCAACACTCCTTTCCACTCT	1
333	332	3	TTAGCAACACTCCTTTCCACTCTT	1
334	333	3	TAGCAACACTCCTTTCCACTCTTT	1
335	334	3	AGCAACACTCCTTTCCACTCTTTT	1
336	335	3	GCAACACTCCTTTCCACTCTTTTA	1
337	336	3	CAACACTCCTTTCCACTCTTTTAT	1
338	337	3	AACACTCCTTTCCACTCTTTTATA	1
339	338	3	ACACTCCTTTCCACTCTTTTATAT	1
340	339	3	CACTCCTTTCCACTCTTTTATATA	1
341	340	3	ACTCCTTTCCACTCTTTTATATAT	1
342	341	2	CTCCTTTCCACTCTTTTATATATC	1
343	342	2	TCCTTTCCACTCTTTTATATATCA	1
344	343	1	CCTTTCCACTCTTTTATATATCAA	1
345	344	1	CTTTCCACTCTTTTATATATCAAC	1
346	345	1	TTTCCACTCTTTTATATATCAACT	1
347	346	1	TTCCACTCTTTTATATATCAACTA	1
348	347	1	TCCACTCTTTTATATATCAACTAT	1
349	348	1	CCACTCTTTTATATATCAACTATA	1
350	-1	0	CCTCTATATACTATGGACAACGTT	1
351	350	1	CTCTATATACTATGGACAACGTTA	1
352	351	1	TCTATATACTATGGACAACGTTAC	1
353	352	1	CTATATACTATGGACAACGTTACT	1
354	353	1	TATATACTATGGACAACGTTACTG	1
355	354	2	ATATACTATGGACAACGTTACTGC	1
356	355	2	TATACTATGGACAACGTTACTGCA	1
357	356	2	ATACTATGGACAACGTTACTGCAC	1
358	357	2	TACTATGGACAACGTTACTGCACC	1
359	358	2	ACTATGGACAACGTTACTGCACCC	1
360	359	2	CTATGGACAACGTTACTGCACCCG	1
361	360	2	TATGGACAACGTTACTGCACCCGT	1
362	361	2	ATGGACAACGTTACTGCACCCGTA	1
363	362	2	TGGACAACGTTACTGCACCCGTAT	1
364	363	2	GGACAACGTTACTGCACCCGTATG	1
365	364	2	GACAACGTTACTGCACCCGTATGG	1
366	365	2	ACAACGTTACTGCACCCGTATGGT	1
367	366	2	CAACGTTACTGCACCCGTATGGTC	1
368	367	2	AACGTTACTGCACCCGTATGGTCC	1
369	368	2	ACGTTACTGCACCCGTATGGTCCA	1
370	369	2	CGTTACTGCACCCGTATGGTCCAA	1
371	370	3	GTTACTGCACCCGTATGGTCCAAT	1
372	371	3	TTACTGCACCCGTATGGTCCAATA	1
373	372	3	TACTGCACCCGTATGGTCCAATAC	1
374	373	3	ACTGCACCCGTATGGTCCAATACT	1
375	374	3	CTGCACCCGTATGGTCCAATACTT	1
376	375	3	TGCACCCGTATGGTCCAATACTTC	1
377	376	3	GCACCCGTATGGTCCAATACTTCT	1
378	377	3	CACCCGTATGGTCCAATACTTCTG	1
379	378	3	ACCCGTATGGTCCAATACTTCTGT	1
380	379	3	CCCGTATGGTCCAATACTTCTGTC	1
381	380	3	CCGTATGGTCCAATACTTCTGTCC	1
382	381	3	CGTATGGTCCAATACTTCTGTCCC	1
383	382	3	GTATGGTCCAATACTTCTGTCCCT	1
384	383	3	TATGGTCCAATACTTCTGTCCCTG	1
385	384	3	ATGGTCCAATACTTCTGTCCCTGT	1
386	385	3	TGGTCCAATACTTCTGTCCCTGTA	1
387	386	3	GGTCCAATACTTCTGTCCCTGTAT	1
388	387	3	GTCCAATACTTCTGTCCCTGTATC	1
389	388	3	TCCAATACTTCTGTCCCTGTATCA	1
390	389	3	CCAATACTTCTGTCCCTGTATCAA	1
391	390	3	CAATACTTCTGTCCCTGTATCAAC	1
392	391	3	AATACTTCTGTCCCTGTATCAACT	1
393	392	4	ATACTTCTGTCCCTGTATCAACTC	1
394	393	4	TACTTCTGTCCCTGTATCAACTCC	1
395	394	3	ACTTCTGTCCCTGTATCAACTCCC	1
396	395	3	CTTCTGTCCCTGTATCAACTCCCG	1
397	396	3	TTCTGTCCCTGTATCAACTCCCGA	1
398	397	3	TCTGTCCCTGTATCAACTCCCGAG	1
399	398	3	CTGTCCCTGTATCAACTCCCGAGA	1
400	399	3	TGTCCCTGTATCAACTCCCGAGAC	1
401	400	3	GTCCCTGTATCAACTCCCGAGACA	1
402	401	3	TCCCTGTATCAACTCCCGAGACAT	1
403	402	3	CCCTGTATCAACTCCCGAGACATC	1
404	403	3	CCTGTATCAACTCCCGAGACATCT	1
405	404	3	CTGTATCAACTCCCGAGACATCTG	1
406	405	3	TGTATCAACTCCCGAGACATCTGC	1
407	406	3	GTATCAACTCCCGAGACATCTGCC	1
408	407	3	TATCAACTCCCGAGACATCTGCCA	1
409	408	3	ATCAACTCCCGAGACATCTGCCAC	1
410	409	3	TCAACTCCCGAGACATCTGCCACT	1
411	410	3	CAACTCCCGAGACATCTGCCACTT	1
412	411	3	AACTCCCGAGACATCTGCCACTTC	1
413	412	3	ACTCCCGAGACATCTGCCACTTCT	1
414	413	3	CTCCCGAGACATCTGCCACTTCTA	1
415	414	2	TCCCGAGACATCTGCCACTTCTAG	1
416	415	2	CCCGAGACATCTGCCACTTCTAGT	1
417	416	3	CCGAGACATCTGCCACTTCTAGTT	1
418	417	3	CGAGACATCTGCCACTTCTAGTTC	1
419	418	3	GAGACATCTGCCACTTCTAGTTCT	1
420	419	3	AGACATCTGCCACTTCTAGTTCTG	1
421	420	3	GACATCTGCCACTTCTAGTTCTGA	1
422	421	3	ACATCTGCCACTTCTAGTTCTGAA	1
423	422	3	CATCTGCCACTTCTAGTTCTGAAT	1
424	423	3	ATCTGCCACTTCTAGTTCTGAATT	1
425	424	3	TCTGCCACTTCTAGTTCTGAATTT	1
426	425	3	CTGCCACTTCTAGTTCTGAATTTT	1
427	426	3	TGCCACTTCTAGTTCTGAATTTTT	1
428	427	3	GCCACTTCTAGTTCTGAATTTTTC	1
429	428	3	CCACTTCTAGTTCTGAATTTTTCA	1
430	429	3	CACTTCTAGTTCTGAATTTTTCAC	1
431	430	3	ACTTCTAGTTCTGAATTTTTCACT	1
432	431	3	CTTCTAGTTCTGAATTTTTCACTT	1
433	432	3	TTCTAGTTCTGAATTTTTCACTTC	1
434	433	3	TCTAGTTCTGAATTTTTCACTTCG	1
435	434	3	CTAGTTCTGAATTTTTCACTTCGT	1
436	435	3	TAGTTCTGAATTTTTCACTTCGTA	1
437	436	2	AGTTCTGAATTTTTCACTTCGTAT	1
438	437	2	GTTCTGAATTTTTCACTTCGTATC	1
439	438	2	TTCTGAATTTTTCACTTCGTATCC	1
440	439	2	TCTGAATTTTTCACTTCGTATCCT	1
441	440	2	CTGAATTTTTCACTTCGTATCCTG	1
442	441	1	TGAATTTTTCACTTCGTATCCTGC	1
443	442	1	GAATTTTTCACTTCGTATCCTGCT	1
444	443	2	AATTTTTCACTTCGTATCCTGCTA	1
445	444	2	ATTTTTCACTTCGTATCCTGCTAC	1
446	445	2	TTTTTCACTTCGTATCCTGCTACC	1
447	446	2	TTTTCACTTCGTATCCTGCTACCA	1
448	447	2	TTTCACTTCGTATCCTGCTACCAG	1
449	448	2	TTCACTTCGTATCCTGCTACCAGT	1
450	449	2	TCACTTCGTATCCTGCTACCAGTT	1
451	450	2	CACTTCGTATCCTGCTACCAGTTC	1
452	451	2	ACTTCGTATCCTGCTACCAGTTCC	1
453	452	2	CTTCGTATCCTGCTACCAGTTCCG	1
454	453	2	TTCGTATCCTGCTACCAGTTCCGA	1
455	454	2	TCGTATCCTGCTACCAGTTCCGAA	1
456	455	2	CGTATCCTGCTACCAGTTCCGAAT	1
457	456	1	GTATCCTGCTACCAGTTCCGAATC	1
458	457	1	TATCCTGCTACCAGTTCCGAATCT	1
459	458	1	ATCCTGCTACCAGTTCCGAATCTA	1
460	459	1	TCCTGCTACCAGTTCCGAATCTAG	1
461	460	1	CCTGCTACCAGTTCCGAATCTAGC	1
462	461	1	CTGCTACCAGTTCCGAATCTAGCT	1
463	462	1	TGCTACCAGTTCCGAATCTAGCTC	1
464	463	1	GCTACCAGTTCCGAATCTAGCTCT	1
465	464	1	CTACCAGTTCCGAATCTAGCTCTT	1
466	465	1	TACCAGTTCCGAATCTAGCTCTTC	1
467	466	1	ACCAGTTCCGAATCTAGCTCTTCT	1
468	467	1	CCAGTTCCGAATCTAGCTCTTCTT	1
469	468	1	CAGTTCCGAATCTAGCTCTTCTTA	1
470	469	1	AGTTCCGAATCTAGCTCTTCTTAT	1
471	470	1	GTTCCGAATCTAGCTCTTCTTATC	1
472	471	1	TTCCGAATCTAGCTCTTCTTATCC	1
473	472	1	TCCGAATCTAGCTCTTCTTATCCT	1
474	473	2	CCGAATCTAGCTCTTCTTATCCTG	1
475	474	2	CGAATCTAGCTCTTCTTATCCTGC	1
476	475	2	GAATCTAGCTCTTCTTATCCTGCT	1
477	476	2	AATCTAGCTCTTCTTATCCTGCTT	1
478	477	2	ATCTAGCTCTTCTTATCCTGCTTC	1
479	478	2	TCTAGCTCTTCTTATCCTGCTTCT	1
480	479	2	CTAGCTCTTCTTATCCTGCTTCTA	1
481	480	2	TAGCTCTTCTTATCCTGCTTCTAG	1
482	481	2	AGCTCTTCTTATCCTGCTTCTAGT	1
483	482	2	GCTCTTCTTATCCTGCTTCTAGTA	1
484	483	3	CTCTTCTTATCCTGCTTCTAGTAC	1
485	484	3	TCTTCTTATCCTGCTTCTAGTACT	1
486	485	3	CTTCTTATCCTGCTTCTAGTACTG	1
487	486	3	TTCTTATCCTGCTTCTAGTACTGA	1
488	487	2	TCTTATCCTGCTTCTAGTACTGAA	1
489	488	2	CTTATCCTGCTTCTAGTACTGAAG	1
490	489	2	TTATCCTGCTTCTAGTACTGAAGT	1
491	490	2	TATCCTGCTTCTAGTACTGAAGTT	1
492	491	2	ATCCTGCTTCTAGTACTGAAGTTG	1
493	492	2	TCCTGCTTCTAGTACTGAAGTTGC	1
494	493	2	CCTGCTTCTAGTACTGAAGTTGCT	1
495	494	2	CTGCTTCTAGTACTGAAGTTGCTA	1
496	495	2	TGCTTCTAGTACTGAAGTTGCTAG	1
497	496	2	GCTTCTAGTACTGAAGTTGCTAGC	1
498	497	2	CTTCTAGTACTGAAGTTGCTAGCT	1
499	498	2	TTCTAGTACTGAAGTTGCTAGCTC	1
500	499	2	TCTAGTACTGAAGTTGCTAGCTCT	1
501	500	2	CTAGTACTGAAGTTGCTAGCTCTT	1
502	501	2	TAGTACTGAAGTTGCTAGCTCTTA	1
503	502	2	AGTACTGAAGTTGCTAGCTCTTAT	1
504	503	2	GTACTGAAGTTGCTAGCTCTTATT	1
505	504	2	TACTGAAGTTGCTAGCTCTTATTC	1
506	505	2	ACTGAAGTTGCTAGCTCTTATTCT	1
507	506	2	CTGAAGTTGCTAGCTCTTATTCTG	1
508	507	2	TGAAGTTGCTAGCTCTTATTCTGC	1
509	508	2	GAAGTTGCTAGCTCTTATTCTGCT	1
510	509	2	AAGTTGCTAGCTCTTATTCTGCTT	1
511	510	2	AGTTGCTAGCTCTTATTCTGCTTC	1
512	511	2	GTTGCTAGCTCTTATTCTGCTTCT	1
513	512	2	TTGCTAGCTCTTATTCTGCTTCTA	1
514	513	2	TGCTAGCTCTTATTCTGCTTCTAG	1
515	514	2	GCTAGCTCTTATTCTGCTTCTAGT	1
516	515	2	CTAGCTCTTATTCTGCTTCTAGTA	1
517	516	2	TAGCTCTTATTCTGCTTCTAGTAC	1
518	517	1	AGCTCTTATTCTGCTTCTAGTACT	1
519	518	1	GCTCTTATTCTGCTTCTAGTACTG	1
520	519	1	CTCTTATTCTGCTTCTAGTACTGA	1
521	520	1	TCTTATTCTGCTTCTAGTACTGAA	1
522	521	1	CTTATTCTGCTTCTAGTACTGAAG	1
523	522	1	TTATTCTGCTTCTAGTACTGAAGT	1
524	523	1	TATTCTGCTTCTAGTACTGAAGTT	1
525	524	1	ATTCTGCTTCTAGTACTGAAGTTA	1
526	525	1	TTCTGCTTCTAGTACTGAAGTTAC	1
527	526	1	TCTGCTTCTAGTACTGAAGTTACT	1
528	-1	0	CTCCTGTCTCGTCTTCAGTTGCTT	1
529	528	1	TCCTGTCTCGTCTTCAGTTGCTTC	1
530	529	2	CCTGTCTCGTCTTCAGTTGCTTCT	1
531	530	3	CTGTCTCGTCTTCAGTTGCTTCTT	1
532	531	3	TGTCTCGTCTTCAGTTGCTTCTTC	1
533	532	3	GTCTCGTCTTCAGTTGCTTCTTCA	1
534	533	3	TCTCGTCTTCAGTTGCTTCTTCAT	1
535	534	4	CTCGTCTTCAGTTGCTTCTTCATC	1
536	535	4	TCGTCTTCAGTTGCTTCTTCATCA	1
537	536	4	CGTCTTCAGTTGCTTCTTCATCAG	1
538	537	4	GTCTTCAGTTGCTTCTTCATCAGA	1
539	538	4	TCTTCAGTTGCTTCTTCATCAGAG	1
540	539	4	CTTCAGTTGCTTCTTCATCAGAGA	1
541	540	4	TTCAGTTGCTTCTTCATCAGAGAT	1
542	541	4	TCAGTTGCTTCTTCATCAGAGATA	1
543	542	4	CAGTTGCTTCTTCATCAGAGATAT	1
544	543	4	AGTTGCTTCTTCATCAGAGATATC	1
545	544	4	GTTGCTTCTTCATCAGAGATATCA	1
546	545	4	TTGCTTCTTCATCAGAGATATCAG	1
547	546	4	TGCTTCTTCATCAGAGATATCAGC	1
548	547	4	GCTTCTTCATCAGAGATATCAGCT	1
549	548	4	CTTCTTCATCAGAGATATCAGCTG	1
550	549	5	TTCTTCATCAGAGATATCAGCTGG	1
551	550	5	TCTTCATCAGAGATATCAGCTGGC	1
552	551	5	CTTCATCAGAGATATCAGCTGGCT	1
553	552	5	TTCATCAGAGATATCAGCTGGCTC	1
554	553	5	TCATCAGAGATATCAGCTGGCTCT	1
555	554	5	CATCAGAGATATCAGCTGGCTCTG	1
556	555	5	ATCAGAGATATCAGCTGGCTCTGC	1
557	556	5	TCAGAGATATCAGCTGGCTCTGCT	1
558	557	5	CAGAGATATCAGCTGGCTCTGCTA	1
559	558	5	AGAGATATCAGCTGGCTCTGCTAC	1
560	559	5	GAGATATCAGCTGGCTCTGCTACA	1
561	560	5	AGATATCAGCTGGCTCTGCTACAT	1
562	561	5	GATATCAGCTGGCTCTGCTACATC	1
563	562	5	ATATCAGCTGGCTCTGCTACATCT	1
564	563	5	TATCAGCTGGCTCTGCTACATCTT	1
565	564	5	ATCAGCTGGCTCTGCTACATCTTA	1
566	565	5	TCAGCTGGCTCTGCTACATCTTAC	1
567	566	5	CAGCTGGCTCTGCTACATCTTACG	1
568	567	5	AGCTGGCTCTGCTACATCTTACGT	1
569	568	5	GCTGGCTCTGCTACATCTTACGTC	1
570	569	5	CTGGCTCTGCTACATCTTACGTCC	1
571	570	5	TGGCTCTGCTACATCTTACGTCCC	1
572	571	5	GGCTCTGCTACATCTTACGTCCCC	1
573	572	3	GCTCTGCTACATCTTACGTCCCCA	1
574	573	2	CTCTGCTACATCTTACGTCCCCAC	1
575	574	1	TCTGCTACATCTTACGTCCCCACT	1
576	575	1	CTGCTACATCTTACGTCCCCACTT	1
577	576	1	TGCTACATCTTACGTCCCCACTTC	1
578	577	1	GCTACATCTTACGTCCCCACTTCT	1
