Component 518
1	-1	0	GTTTTCCTTTCATATCATCATTTT	1
2	1	1	TTTTCCTTTCATATCATCATTTTC	1
3	2	1	TTTCCTTTCATATCATCATTTTCT	1
4	3	1	TTCCTTTCATATCATCATTTTCTT	1
5	4	1	TCCTTTCATATCATCATTTTCTTG	1
6	5	1	CCTTTCATATCATCATTTTCTTGT	1
7	6	1	CTTTCATATCATCATTTTCTTGTT	1
8	7	1	TTTCATATCATCATTTTCTTGTTG	1
9	8	1	TTCATATCATCATTTTCTTGTTGT	1
10	9	1	TCATATCATCATTTTCTTGTTGTT	1
11	10	1	CATATCATCATTTTCTTGTTGTTG	1
12	11	1	ATATCATCATTTTCTTGTTGTTGT	1
13	12	1	TATCATCATTTTCTTGTTGTTGTG	1
14	13	1	ATCATCATTTTCTTGTTGTTGTGC	1
15	14	1	TCATCATTTTCTTGTTGTTGTGCT	1
16	15	1	CATCATTTTCTTGTTGTTGTGCTA	1
17	16	1	ATCATTTTCTTGTTGTTGTGCTAA	1
18	17	1	TCATTTTCTTGTTGTTGTGCTAAG	1
19	18	1	CATTTTCTTGTTGTTGTGCTAAGG	1
20	19	1	ATTTTCTTGTTGTTGTGCTAAGGC	1
21	20	1	TTTTCTTGTTGTTGTGCTAAGGCT	1
22	21	1	TTTCTTGTTGTTGTGCTAAGGCTT	1
23	22	1	TTCTTGTTGTTGTGCTAAGGCTTC	1
24	23	1	TCTTGTTGTTGTGCTAAGGCTTCA	1
25	24	1	CTTGTTGTTGTGCTAAGGCTTCAT	1
26	25	2	TTGTTGTTGTGCTAAGGCTTCATC	1
27	26	2	TGTTGTTGTGCTAAGGCTTCATCT	1
28	27	2	GTTGTTGTGCTAAGGCTTCATCTC	1
29	28	2	TTGTTGTGCTAAGGCTTCATCTCT	1
30	29	3	TGTTGTGCTAAGGCTTCATCTCTT	1
31	30	3	GTTGTGCTAAGGCTTCATCTCTTT	1
32	31	3	TTGTGCTAAGGCTTCATCTCTTTA	1
33	32	3	TGTGCTAAGGCTTCATCTCTTTAT	1
34	33	3	GTGCTAAGGCTTCATCTCTTTATC	1
35	34	3	TGCTAAGGCTTCATCTCTTTATCT	1
36	35	3	GCTAAGGCTTCATCTCTTTATCTC	1
37	36	3	CTAAGGCTTCATCTCTTTATCTCT	1
38	37	3	TAAGGCTTCATCTCTTTATCTCTT	1
39	38	3	AAGGCTTCATCTCTTTATCTCTTT	1
40	39	3	AGGCTTCATCTCTTTATCTCTTTT	1
41	40	3	GGCTTCATCTCTTTATCTCTTTTT	1
42	41	3	GCTTCATCTCTTTATCTCTTTTTT	1
43	42	5	CTTCATCTCTTTATCTCTTTTTTT	1
44	43	5	TTCATCTCTTTATCTCTTTTTTTT	1
45	44	4	TCATCTCTTTATCTCTTTTTTTTT	1
46	45	3	CATCTCTTTATCTCTTTTTTTTTC	1
47	46	3	ATCTCTTTATCTCTTTTTTTTTCG	1
48	47	3	TCTCTTTATCTCTTTTTTTTTCGT	1
49	48	3	CTCTTTATCTCTTTTTTTTTCGTA	1
50	49	3	TCTTTATCTCTTTTTTTTTCGTAC	1
51	50	3	CTTTATCTCTTTTTTTTTCGTACA	1
52	51	3	TTTATCTCTTTTTTTTTCGTACAT	1
53	52	4	TTATCTCTTTTTTTTTCGTACATT	1
54	53	4	TATCTCTTTTTTTTTCGTACATTT	1
55	54	4	ATCTCTTTTTTTTTCGTACATTTG	1
56	55	4	TCTCTTTTTTTTTCGTACATTTGA	1
57	56	4	CTCTTTTTTTTTCGTACATTTGAA	1
58	57	4	TCTTTTTTTTTCGTACATTTGAAC	1
59	58	4	CTTTTTTTTTCGTACATTTGAACT	1
60	59	4	TTTTTTTTTCGTACATTTGAACTT	1
61	60	4	TTTTTTTTCGTACATTTGAACTTA	1
62	61	5	TTTTTTTCGTACATTTGAACTTAT	1
63	62	5	TTTTTTCGTACATTTGAACTTATC	1
64	63	5	TTTTTCGTACATTTGAACTTATCT	1
65	64	5	TTTTCGTACATTTGAACTTATCTA	1
66	65	5	TTTCGTACATTTGAACTTATCTAT	1
67	66	5	TTCGTACATTTGAACTTATCTATT	1
68	67	5	TCGTACATTTGAACTTATCTATTT	1
69	68	5	CGTACATTTGAACTTATCTATTTA	1
70	69	6	GTACATTTGAACTTATCTATTTAC	1
71	70	5	TACATTTGAACTTATCTATTTACC	1
72	71	5	ACATTTGAACTTATCTATTTACCA	1
73	72	5	CATTTGAACTTATCTATTTACCAG	1
74	73	4	ATTTGAACTTATCTATTTACCAGA	1
75	74	4	TTTGAACTTATCTATTTACCAGAA	1
76	75	4	TTGAACTTATCTATTTACCAGAAT	1
77	76	4	TGAACTTATCTATTTACCAGAATT	1
78	77	4	GAACTTATCTATTTACCAGAATTA	1
79	78	4	AACTTATCTATTTACCAGAATTAG	1
80	79	4	ACTTATCTATTTACCAGAATTAGT	1
81	80	6	CTTATCTATTTACCAGAATTAGTG	1
82	81	7	TTATCTATTTACCAGAATTAGTGA	1
83	82	7	TATCTATTTACCAGAATTAGTGAA	1
84	83	7	ATCTATTTACCAGAATTAGTGAAA	1
85	84	7	TCTATTTACCAGAATTAGTGAAAA	1
86	85	7	CTATTTACCAGAATTAGTGAAAAA	1
87	86	5	TATTTACCAGAATTAGTGAAAAAT	1
88	87	5	ATTTACCAGAATTAGTGAAAAATG	1
89	88	5	TTTACCAGAATTAGTGAAAAATGG	1
90	89	5	TTACCAGAATTAGTGAAAAATGGC	1
91	90	5	TACCAGAATTAGTGAAAAATGGCT	1
92	91	5	ACCAGAATTAGTGAAAAATGGCTA	1
93	92	5	CCAGAATTAGTGAAAAATGGCTAC	1
94	93	6	CAGAATTAGTGAAAAATGGCTACT	1
95	94	6	AGAATTAGTGAAAAATGGCTACTT	1
96	95	6	GAATTAGTGAAAAATGGCTACTTC	1
97	96	5	AATTAGTGAAAAATGGCTACTTCA	1
98	97	5	ATTAGTGAAAAATGGCTACTTCAT	1
99	98	5	TTAGTGAAAAATGGCTACTTCATC	1
100	99	5	TAGTGAAAAATGGCTACTTCATCT	1
101	100	5	AGTGAAAAATGGCTACTTCATCTG	1
102	101	5	GTGAAAAATGGCTACTTCATCTGC	1
103	102	5	TGAAAAATGGCTACTTCATCTGCT	1
104	103	5	GAAAAATGGCTACTTCATCTGCTG	1
105	104	5	AAAAATGGCTACTTCATCTGCTGC	1
106	105	5	AAAATGGCTACTTCATCTGCTGCC	1
107	106	5	AAATGGCTACTTCATCTGCTGCCG	1
108	107	5	AATGGCTACTTCATCTGCTGCCGC	1
109	108	5	ATGGCTACTTCATCTGCTGCCGCT	1
110	109	5	TGGCTACTTCATCTGCTGCCGCTG	1
111	110	5	GGCTACTTCATCTGCTGCCGCTGC	1
112	111	6	GCTACTTCATCTGCTGCCGCTGCT	1
113	112	7	CTACTTCATCTGCTGCCGCTGCTG	1
114	113	6	TACTTCATCTGCTGCCGCTGCTGC	1
115	114	6	ACTTCATCTGCTGCCGCTGCTGCT	1
116	115	6	CTTCATCTGCTGCCGCTGCTGCTA	1
117	116	6	TTCATCTGCTGCCGCTGCTGCTAG	1
118	117	7	TCATCTGCTGCCGCTGCTGCTAGC	1
119	118	7	CATCTGCTGCCGCTGCTGCTAGCA	1
120	119	8	ATCTGCTGCCGCTGCTGCTAGCAC	1
121	120	9	TCTGCTGCCGCTGCTGCTAGCACC	1
122	121	9	CTGCTGCCGCTGCTGCTAGCACCC	1
123	122	9	TGCTGCCGCTGCTGCTAGCACCCC	1
124	123	9	GCTGCCGCTGCTGCTAGCACCCCC	1
125	124	5	CTGCCGCTGCTGCTAGCACCCCCG	1
126	125	5	TGCCGCTGCTGCTAGCACCCCCGT	1
127	126	5	GCCGCTGCTGCTAGCACCCCCGTG	1
128	127	5	CCGCTGCTGCTAGCACCCCCGTGA	1
129	128	5	CGCTGCTGCTAGCACCCCCGTGAA	1
130	129	5	GCTGCTGCTAGCACCCCCGTGAAT	1
131	130	6	CTGCTGCTAGCACCCCCGTGAATG	1
132	131	6	TGCTGCTAGCACCCCCGTGAATGC	1
133	132	6	GCTGCTAGCACCCCCGTGAATGCA	1
134	133	6	CTGCTAGCACCCCCGTGAATGCAA	1
135	134	7	TGCTAGCACCCCCGTGAATGCAAA	1
136	135	7	GCTAGCACCCCCGTGAATGCAAAC	1
137	136	7	CTAGCACCCCCGTGAATGCAAACA	1
138	137	6	TAGCACCCCCGTGAATGCAAACAC	1
139	138	6	AGCACCCCCGTGAATGCAAACACC	1
140	139	6	GCACCCCCGTGAATGCAAACACCA	1
141	140	6	CACCCCCGTGAATGCAAACACCAT	1
142	141	6	ACCCCCGTGAATGCAAACACCATC	1
143	142	6	CCCCCGTGAATGCAAACACCATCA	1
144	143	6	CCCCGTGAATGCAAACACCATCAC	1
145	144	6	CCCGTGAATGCAAACACCATCACT	1
146	145	6	CCGTGAATGCAAACACCATCACTG	1
147	146	6	CGTGAATGCAAACACCATCACTGA	1
148	147	6	GTGAATGCAAACACCATCACTGAA	1
149	148	6	TGAATGCAAACACCATCACTGAAA	1
150	149	6	GAATGCAAACACCATCACTGAAAC	1
151	150	6	AATGCAAACACCATCACTGAAACA	1
152	151	6	ATGCAAACACCATCACTGAAACAA	1
153	152	6	TGCAAACACCATCACTGAAACAAA	1
154	153	6	GCAAACACCATCACTGAAACAAAG	1
155	154	6	CAAACACCATCACTGAAACAAAGA	1
156	155	6	AAACACCATCACTGAAACAAAGAA	1
157	156	5	AACACCATCACTGAAACAAAGAAC	1
158	157	5	ACACCATCACTGAAACAAAGAACT	1
159	158	5	CACCATCACTGAAACAAAGAACTC	1
160	159	5	ACCATCACTGAAACAAAGAACTCT	1
161	160	5	CCATCACTGAAACAAAGAACTCTA	1
162	161	4	CATCACTGAAACAAAGAACTCTAC	1
163	162	4	ATCACTGAAACAAAGAACTCTACT	1
164	163	4	TCACTGAAACAAAGAACTCTACTT	1
165	164	3	CACTGAAACAAAGAACTCTACTTT	1
166	165	3	ACTGAAACAAAGAACTCTACTTTC	1
167	166	3	CTGAAACAAAGAACTCTACTTTCT	1
168	167	3	TGAAACAAAGAACTCTACTTTCTT	1
169	168	3	GAAACAAAGAACTCTACTTTCTTC	1
170	169	4	AAACAAAGAACTCTACTTTCTTCT	1
171	170	4	AACAAAGAACTCTACTTTCTTCTT	1
172	171	4	ACAAAGAACTCTACTTTCTTCTTT	1
173	172	4	CAAAGAACTCTACTTTCTTCTTTG	1
174	173	4	AAAGAACTCTACTTTCTTCTTTGA	1
175	174	3	AAGAACTCTACTTTCTTCTTTGAT	1
176	175	3	AGAACTCTACTTTCTTCTTTGATT	1
177	176	3	GAACTCTACTTTCTTCTTTGATTT	1
178	177	3	AACTCTACTTTCTTCTTTGATTTC	1
179	178	2	ACTCTACTTTCTTCTTTGATTTCA	1
180	179	2	CTCTACTTTCTTCTTTGATTTCAT	1
181	180	3	TCTACTTTCTTCTTTGATTTCATG	1
182	181	3	CTACTTTCTTCTTTGATTTCATGA	1
183	182	3	TACTTTCTTCTTTGATTTCATGAT	1
184	183	3	ACTTTCTTCTTTGATTTCATGATG	1
185	184	3	CTTTCTTCTTTGATTTCATGATGG	1
186	185	3	TTTCTTCTTTGATTTCATGATGGG	1
187	186	3	TTCTTCTTTGATTTCATGATGGGT	1
188	187	4	TCTTCTTTGATTTCATGATGGGTG	1
189	188	4	CTTCTTTGATTTCATGATGGGTGG	1
190	189	4	TTCTTTGATTTCATGATGGGTGGT	1
191	190	4	TCTTTGATTTCATGATGGGTGGTG	1
192	191	4	CTTTGATTTCATGATGGGTGGTGT	1
193	192	4	TTTGATTTCATGATGGGTGGTGTT	1
194	193	5	TTGATTTCATGATGGGTGGTGTTT	1
195	194	5	TGATTTCATGATGGGTGGTGTTTC	1
196	195	5	GATTTCATGATGGGTGGTGTTTCT	1
197	196	5	ATTTCATGATGGGTGGTGTTTCTG	1
198	197	5	TTTCATGATGGGTGGTGTTTCTGC	1
199	198	5	TTCATGATGGGTGGTGTTTCTGCT	1
200	199	4	TCATGATGGGTGGTGTTTCTGCTG	1
201	200	4	CATGATGGGTGGTGTTTCTGCTGC	1
202	201	4	ATGATGGGTGGTGTTTCTGCTGCT	1
203	202	4	TGATGGGTGGTGTTTCTGCTGCTG	1
204	203	5	GATGGGTGGTGTTTCTGCTGCTGT	1
205	204	5	ATGGGTGGTGTTTCTGCTGCTGTA	1
206	205	5	TGGGTGGTGTTTCTGCTGCTGTAT	1
207	206	5	GGGTGGTGTTTCTGCTGCTGTATC	1
208	207	5	GGTGGTGTTTCTGCTGCTGTATCT	1
209	208	5	GTGGTGTTTCTGCTGCTGTATCTA	1
210	209	5	TGGTGTTTCTGCTGCTGTATCTAA	1
211	210	5	GGTGTTTCTGCTGCTGTATCTAAA	1
212	211	4	GTGTTTCTGCTGCTGTATCTAAAA	1
213	212	4	TGTTTCTGCTGCTGTATCTAAAAC	1
214	213	3	GTTTCTGCTGCTGTATCTAAAACC	1
215	214	3	TTTCTGCTGCTGTATCTAAAACCG	1
216	215	3	TTCTGCTGCTGTATCTAAAACCGC	1
217	216	4	TCTGCTGCTGTATCTAAAACCGCT	1
218	217	4	CTGCTGCTGTATCTAAAACCGCTG	1
219	218	4	TGCTGCTGTATCTAAAACCGCTGC	1
220	219	4	GCTGCTGTATCTAAAACCGCTGCC	1
221	220	5	CTGCTGTATCTAAAACCGCTGCCG	1
222	221	5	TGCTGTATCTAAAACCGCTGCCGC	1
223	222	5	GCTGTATCTAAAACCGCTGCCGCT	1
224	223	5	CTGTATCTAAAACCGCTGCCGCTC	1
225	224	4	TGTATCTAAAACCGCTGCCGCTCC	1
226	225	4	GTATCTAAAACCGCTGCCGCTCCC	1
227	226	3	TATCTAAAACCGCTGCCGCTCCCA	1
228	227	3	ATCTAAAACCGCTGCCGCTCCCAT	1
229	228	3	TCTAAAACCGCTGCCGCTCCCATT	1
230	229	3	CTAAAACCGCTGCCGCTCCCATTG	1
231	230	3	TAAAACCGCTGCCGCTCCCATTGA	1
232	231	3	AAAACCGCTGCCGCTCCCATTGAG	1
233	232	4	AAACCGCTGCCGCTCCCATTGAGC	1
234	233	4	AACCGCTGCCGCTCCCATTGAGCG	1
235	234	4	ACCGCTGCCGCTCCCATTGAGCGT	1
236	235	4	CCGCTGCCGCTCCCATTGAGCGTG	1
237	236	3	CGCTGCCGCTCCCATTGAGCGTGT	1
238	237	4	GCTGCCGCTCCCATTGAGCGTGTC	1
239	238	4	CTGCCGCTCCCATTGAGCGTGTCA	1
240	239	4	TGCCGCTCCCATTGAGCGTGTCAA	1
241	240	3	GCCGCTCCCATTGAGCGTGTCAAG	1
242	241	3	CCGCTCCCATTGAGCGTGTCAAGC	1
243	242	3	CGCTCCCATTGAGCGTGTCAAGCT	1
244	243	3	GCTCCCATTGAGCGTGTCAAGCTT	1
245	244	3	CTCCCATTGAGCGTGTCAAGCTTC	1
246	245	3	TCCCATTGAGCGTGTCAAGCTTCT	1
247	246	3	CCCATTGAGCGTGTCAAGCTTCTC	1
248	247	2	CCATTGAGCGTGTCAAGCTTCTCA	1
249	248	2	CATTGAGCGTGTCAAGCTTCTCAT	1
250	249	2	ATTGAGCGTGTCAAGCTTCTCATT	1
251	250	2	TTGAGCGTGTCAAGCTTCTCATTC	1
252	251	3	TGAGCGTGTCAAGCTTCTCATTCA	1
253	252	3	GAGCGTGTCAAGCTTCTCATTCAA	1
254	253	3	AGCGTGTCAAGCTTCTCATTCAAA	1
255	254	3	GCGTGTCAAGCTTCTCATTCAAAA	1
256	255	3	CGTGTCAAGCTTCTCATTCAAAAC	1
257	256	3	GTGTCAAGCTTCTCATTCAAAACC	1
258	257	3	TGTCAAGCTTCTCATTCAAAACCA	1
259	258	3	GTCAAGCTTCTCATTCAAAACCAA	1
260	259	3	TCAAGCTTCTCATTCAAAACCAAG	1
261	260	2	CAAGCTTCTCATTCAAAACCAAGA	1
262	261	2	AAGCTTCTCATTCAAAACCAAGAC	1
263	262	2	AGCTTCTCATTCAAAACCAAGACG	1
264	263	2	GCTTCTCATTCAAAACCAAGACGA	1
265	264	1	CTTCTCATTCAAAACCAAGACGAA	1
266	265	1	TTCTCATTCAAAACCAAGACGAAA	1
267	266	1	TCTCATTCAAAACCAAGACGAAAT	1
268	267	1	CTCATTCAAAACCAAGACGAAATG	1
269	268	1	TCATTCAAAACCAAGACGAAATGA	1
270	269	1	CATTCAAAACCAAGACGAAATGAT	1
271	270	1	ATTCAAAACCAAGACGAAATGATT	1
272	271	1	TTCAAAACCAAGACGAAATGATTC	1
273	272	1	TCAAAACCAAGACGAAATGATTCG	1
274	273	1	CAAAACCAAGACGAAATGATTCGT	1
275	274	1	AAAACCAAGACGAAATGATTCGTG	1
276	275	1	AAACCAAGACGAAATGATTCGTGC	1
277	-1	0	TTCCTTCTTTTCTTTAGAGCTTTC	1
278	277	1	TCCTTCTTTTCTTTAGAGCTTTCA	1
279	278	2	CCTTCTTTTCTTTAGAGCTTTCAA	1
280	279	2	CTTCTTTTCTTTAGAGCTTTCAAT	1
281	280	2	TTCTTTTCTTTAGAGCTTTCAATT	1
282	281	2	TCTTTTCTTTAGAGCTTTCAATTG	1
283	282	2	CTTTTCTTTAGAGCTTTCAATTGC	1
284	283	2	TTTTCTTTAGAGCTTTCAATTGCC	1
285	284	2	TTTCTTTAGAGCTTTCAATTGCCA	1
286	285	2	TTCTTTAGAGCTTTCAATTGCCAA	1
287	286	2	TCTTTAGAGCTTTCAATTGCCAAT	1
288	287	2	CTTTAGAGCTTTCAATTGCCAATG	1
289	288	2	TTTAGAGCTTTCAATTGCCAATGC	1
290	289	2	TTAGAGCTTTCAATTGCCAATGCT	1
291	290	2	TAGAGCTTTCAATTGCCAATGCTA	1
292	291	2	AGAGCTTTCAATTGCCAATGCTAA	1
293	292	2	GAGCTTTCAATTGCCAATGCTAAG	1
294	293	2	AGCTTTCAATTGCCAATGCTAAGT	1
295	294	2	GCTTTCAATTGCCAATGCTAAGTC	1
296	295	2	CTTTCAATTGCCAATGCTAAGTCA	1
297	296	2	TTTCAATTGCCAATGCTAAGTCAG	1
298	297	2	TTCAATTGCCAATGCTAAGTCAGC	1
299	298	2	TCAATTGCCAATGCTAAGTCAGCA	1
300	299	2	CAATTGCCAATGCTAAGTCAGCAA	1
301	300	2	AATTGCCAATGCTAAGTCAGCAAT	1
302	301	2	ATTGCCAATGCTAAGTCAGCAATC	1
303	302	2	TTGCCAATGCTAAGTCAGCAATCA	1
304	303	2	TGCCAATGCTAAGTCAGCAATCAT	1
305	304	2	GCCAATGCTAAGTCAGCAATCATG	1
306	305	2	CCAATGCTAAGTCAGCAATCATGA	1
307	306	2	CAATGCTAAGTCAGCAATCATGAA	1
308	307	2	AATGCTAAGTCAGCAATCATGAAT	1
309	308	2	ATGCTAAGTCAGCAATCATGAATT	1
310	309	2	TGCTAAGTCAGCAATCATGAATTG	1
311	310	2	GCTAAGTCAGCAATCATGAATTGA	1
312	311	2	CTAAGTCAGCAATCATGAATTGAT	1
313	312	2	TAAGTCAGCAATCATGAATTGATA	1
314	313	2	AAGTCAGCAATCATGAATTGATAT	1
315	314	2	AGTCAGCAATCATGAATTGATATA	1
316	315	2	GTCAGCAATCATGAATTGATATAT	1
317	316	2	TCAGCAATCATGAATTGATATATT	1
318	317	2	CAGCAATCATGAATTGATATATTC	1
319	318	2	AGCAATCATGAATTGATATATTCC	1
320	319	2	GCAATCATGAATTGATATATTCCG	1
321	320	2	CAATCATGAATTGATATATTCCGT	1
322	321	1	AATCATGAATTGATATATTCCGTG	1
323	-1	0	TGAAAGTTGAGAAACGTTTGAAAC	1
324	323	1	GAAAGTTGAGAAACGTTTGAAACC	1
325	324	1	AAAGTTGAGAAACGTTTGAAACCA	1
326	325	1	AAGTTGAGAAACGTTTGAAACCAC	1
327	326	1	AGTTGAGAAACGTTTGAAACCACA	1
328	327	1	GTTGAGAAACGTTTGAAACCACAC	1
329	328	1	TTGAGAAACGTTTGAAACCACACT	1
330	329	1	TGAGAAACGTTTGAAACCACACTT	1
331	330	1	GAGAAACGTTTGAAACCACACTTT	1
332	331	2	AGAAACGTTTGAAACCACACTTTA	1
333	332	2	GAAACGTTTGAAACCACACTTTAC	1
334	333	2	AAACGTTTGAAACCACACTTTACG	1
335	334	2	AACGTTTGAAACCACACTTTACGT	1
336	335	2	ACGTTTGAAACCACACTTTACGTT	1
337	336	2	CGTTTGAAACCACACTTTACGTTT	1
338	337	2	GTTTGAAACCACACTTTACGTTTG	1
339	338	2	TTTGAAACCACACTTTACGTTTGC	1
340	339	2	TTGAAACCACACTTTACGTTTGCG	1
341	340	2	TGAAACCACACTTTACGTTTGCGC	1
342	341	2	GAAACCACACTTTACGTTTGCGCG	1
343	342	2	AAACCACACTTTACGTTTGCGCGC	1
344	343	2	AACCACACTTTACGTTTGCGCGCG	1
345	344	2	ACCACACTTTACGTTTGCGCGCGT	1
346	345	2	CCACACTTTACGTTTGCGCGCGTT	1
347	346	2	CACACTTTACGTTTGCGCGCGTTT	1
348	347	2	ACACTTTACGTTTGCGCGCGTTTC	1
349	348	2	CACTTTACGTTTGCGCGCGTTTCC	1
350	349	2	ACTTTACGTTTGCGCGCGTTTCCT	1
351	350	2	CTTTACGTTTGCGCGCGTTTCCTT	1
352	351	2	TTTACGTTTGCGCGCGTTTCCTTG	1
353	352	2	TTACGTTTGCGCGCGTTTCCTTGA	1
354	353	2	TACGTTTGCGCGCGTTTCCTTGAA	1
355	354	2	ACGTTTGCGCGCGTTTCCTTGAAT	1
356	355	2	CGTTTGCGCGCGTTTCCTTGAATA	1
357	356	2	GTTTGCGCGCGTTTCCTTGAATAC	1
358	357	2	TTTGCGCGCGTTTCCTTGAATACT	1
359	358	2	TTGCGCGCGTTTCCTTGAATACTG	1
360	359	2	TGCGCGCGTTTCCTTGAATACTGT	1
361	360	2	GCGCGCGTTTCCTTGAATACTGTG	1
362	361	2	CGCGCGTTTCCTTGAATACTGTGT	1
363	362	2	GCGCGTTTCCTTGAATACTGTGTA	1
364	363	2	CGCGTTTCCTTGAATACTGTGTAT	1
365	364	2	GCGTTTCCTTGAATACTGTGTATC	1
366	365	2	CGTTTCCTTGAATACTGTGTATCT	1
367	366	2	GTTTCCTTGAATACTGTGTATCTT	1
368	367	2	TTTCCTTGAATACTGTGTATCTTG	1
369	368	2	TTCCTTGAATACTGTGTATCTTGT	1
370	369	2	TCCTTGAATACTGTGTATCTTGTG	1
371	370	2	CCTTGAATACTGTGTATCTTGTGA	1
372	371	2	CTTGAATACTGTGTATCTTGTGAA	1
373	372	3	TTGAATACTGTGTATCTTGTGAAT	1
374	373	3	TGAATACTGTGTATCTTGTGAATC	1
375	374	5	GAATACTGTGTATCTTGTGAATCA	1
376	375	4	AATACTGTGTATCTTGTGAATCAC	1
377	376	4	ATACTGTGTATCTTGTGAATCACT	1
378	377	4	TACTGTGTATCTTGTGAATCACTT	1
379	378	4	ACTGTGTATCTTGTGAATCACTTC	1
380	379	4	CTGTGTATCTTGTGAATCACTTCT	1
381	380	4	TGTGTATCTTGTGAATCACTTCTT	1
382	381	4	GTGTATCTTGTGAATCACTTCTTT	1
383	382	4	TGTATCTTGTGAATCACTTCTTTG	1
384	383	4	GTATCTTGTGAATCACTTCTTTGT	1
385	384	4	TATCTTGTGAATCACTTCTTTGTA	1
386	385	4	ATCTTGTGAATCACTTCTTTGTAT	1
387	386	3	TCTTGTGAATCACTTCTTTGTATA	1
388	387	3	CTTGTGAATCACTTCTTTGTATAG	1
389	388	3	TTGTGAATCACTTCTTTGTATAGA	1
390	389	3	TGTGAATCACTTCTTTGTATAGAT	1
391	390	3	GTGAATCACTTCTTTGTATAGATT	1
392	391	3	TGAATCACTTCTTTGTATAGATTA	1
393	392	3	GAATCACTTCTTTGTATAGATTAC	1
394	393	3	AATCACTTCTTTGTATAGATTACG	1
395	394	3	ATCACTTCTTTGTATAGATTACGA	1
396	395	3	TCACTTCTTTGTATAGATTACGAG	1
397	396	3	CACTTCTTTGTATAGATTACGAGT	1
398	397	3	ACTTCTTTGTATAGATTACGAGTT	1
399	398	3	CTTCTTTGTATAGATTACGAGTTG	1
400	399	3	TTCTTTGTATAGATTACGAGTTGT	1
401	400	3	TCTTTGTATAGATTACGAGTTGTT	1
402	401	3	CTTTGTATAGATTACGAGTTGTTT	1
403	402	3	TTTGTATAGATTACGAGTTGTTTA	1
404	403	3	TTGTATAGATTACGAGTTGTTTAA	1
405	404	3	TGTATAGATTACGAGTTGTTTAAA	1
406	405	3	GTATAGATTACGAGTTGTTTAAAT	1
407	406	3	TATAGATTACGAGTTGTTTAAATT	1
408	407	3	ATAGATTACGAGTTGTTTAAATTT	1
409	408	3	TAGATTACGAGTTGTTTAAATTTG	1
410	409	3	AGATTACGAGTTGTTTAAATTTGC	1
411	410	3	GATTACGAGTTGTTTAAATTTGCC	1
412	411	2	ATTACGAGTTGTTTAAATTTGCCT	1
413	412	2	TTACGAGTTGTTTAAATTTGCCTT	1
414	413	2	TACGAGTTGTTTAAATTTGCCTTG	1
415	414	2	ACGAGTTGTTTAAATTTGCCTTGA	1
416	415	2	CGAGTTGTTTAAATTTGCCTTGAC	1
417	416	1	GAGTTGTTTAAATTTGCCTTGACG	1
418	417	2	AGTTGTTTAAATTTGCCTTGACGA	1
419	418	4	GTTGTTTAAATTTGCCTTGACGAG	1
420	419	4	TTGTTTAAATTTGCCTTGACGAGT	1
421	420	5	TGTTTAAATTTGCCTTGACGAGTA	1
422	421	5	GTTTAAATTTGCCTTGACGAGTAT	1
423	422	6	TTTAAATTTGCCTTGACGAGTATT	1
424	423	6	TTAAATTTGCCTTGACGAGTATTA	1
425	424	7	TAAATTTGCCTTGACGAGTATTAT	1
426	425	7	AAATTTGCCTTGACGAGTATTATA	1
427	426	7	AATTTGCCTTGACGAGTATTATAG	1
428	427	7	ATTTGCCTTGACGAGTATTATAGT	1
429	428	7	TTTGCCTTGACGAGTATTATAGTC	1
430	429	7	TTGCCTTGACGAGTATTATAGTCT	1
431	430	7	TGCCTTGACGAGTATTATAGTCTT	1
432	431	7	GCCTTGACGAGTATTATAGTCTTT	1
433	432	8	CCTTGACGAGTATTATAGTCTTTT	1
434	433	8	CTTGACGAGTATTATAGTCTTTTT	1
435	434	8	TTGACGAGTATTATAGTCTTTTTT	1
436	435	8	TGACGAGTATTATAGTCTTTTTTT	1
437	436	8	GACGAGTATTATAGTCTTTTTTTT	1
438	437	8	ACGAGTATTATAGTCTTTTTTTTG	1
439	438	8	CGAGTATTATAGTCTTTTTTTTGT	1
440	439	8	GAGTATTATAGTCTTTTTTTTGTA	1
441	440	8	AGTATTATAGTCTTTTTTTTGTAA	1
442	441	8	GTATTATAGTCTTTTTTTTGTAAA	1
443	442	8	TATTATAGTCTTTTTTTTGTAAAC	1
444	443	9	ATTATAGTCTTTTTTTTGTAAACA	1
445	444	9	TTATAGTCTTTTTTTTGTAAACAT	1
446	445	9	TATAGTCTTTTTTTTGTAAACATA	1
447	446	9	ATAGTCTTTTTTTTGTAAACATAA	1
448	447	9	TAGTCTTTTTTTTGTAAACATAAG	1
449	448	9	AGTCTTTTTTTTGTAAACATAAGT	1
450	449	9	GTCTTTTTTTTGTAAACATAAGTT	1
451	450	10	TCTTTTTTTTGTAAACATAAGTTT	1
452	451	10	CTTTTTTTTGTAAACATAAGTTTT	1
453	452	10	TTTTTTTTGTAAACATAAGTTTTT	1
454	453	10	TTTTTTTGTAAACATAAGTTTTTC	1
455	454	10	TTTTTTGTAAACATAAGTTTTTCA	1
456	455	10	TTTTTGTAAACATAAGTTTTTCAT	1
457	456	10	TTTTGTAAACATAAGTTTTTCATA	1
458	457	10	TTTGTAAACATAAGTTTTTCATAA	1
459	458	10	TTGTAAACATAAGTTTTTCATAAA	1
460	459	10	TGTAAACATAAGTTTTTCATAAAG	1
461	460	9	GTAAACATAAGTTTTTCATAAAGG	1
462	461	8	TAAACATAAGTTTTTCATAAAGGC	1
463	462	6	AAACATAAGTTTTTCATAAAGGCA	1
464	463	6	AACATAAGTTTTTCATAAAGGCAG	1
465	464	5	ACATAAGTTTTTCATAAAGGCAGG	1
466	465	5	CATAAGTTTTTCATAAAGGCAGGC	1
467	466	4	ATAAGTTTTTCATAAAGGCAGGCA	1
468	467	4	TAAGTTTTTCATAAAGGCAGGCAC	1
469	468	3	AAGTTTTTCATAAAGGCAGGCACT	1
470	469	3	AGTTTTTCATAAAGGCAGGCACTT	1
471	470	3	GTTTTTCATAAAGGCAGGCACTTT	1
472	471	3	TTTTTCATAAAGGCAGGCACTTTT	1
473	472	3	TTTTCATAAAGGCAGGCACTTTTT	1
474	473	3	TTTCATAAAGGCAGGCACTTTTTT	1
475	474	3	TTCATAAAGGCAGGCACTTTTTTT	1
476	475	3	TCATAAAGGCAGGCACTTTTTTTC	1
477	476	2	CATAAAGGCAGGCACTTTTTTTCT	1
478	477	2	ATAAAGGCAGGCACTTTTTTTCTT	1
479	478	2	TAAAGGCAGGCACTTTTTTTCTTA	1
480	479	2	AAAGGCAGGCACTTTTTTTCTTAT	1
481	480	2	AAGGCAGGCACTTTTTTTCTTATC	1
482	481	2	AGGCAGGCACTTTTTTTCTTATCT	1
483	482	2	GGCAGGCACTTTTTTTCTTATCTA	1
484	483	2	GCAGGCACTTTTTTTCTTATCTAT	1
485	484	2	CAGGCACTTTTTTTCTTATCTATT	1
486	485	2	AGGCACTTTTTTTCTTATCTATTT	1
487	486	2	GGCACTTTTTTTCTTATCTATTTA	1
488	487	1	GCACTTTTTTTCTTATCTATTTAC	1
489	488	1	CACTTTTTTTCTTATCTATTTACA	1
490	489	1	ACTTTTTTTCTTATCTATTTACAT	1
491	490	1	CTTTTTTTCTTATCTATTTACATT	1
492	491	1	TTTTTTTCTTATCTATTTACATTA	1
493	492	1	TTTTTTCTTATCTATTTACATTAT	1
494	493	1	TTTTTCTTATCTATTTACATTATA	1
495	-1	0	TTTTGATGTTCGGCAAGAAGTTCT	1
496	495	1	TTTGATGTTCGGCAAGAAGTTCTA	1
497	496	1	TTGATGTTCGGCAAGAAGTTCTAA	1
498	497	1	TGATGTTCGGCAAGAAGTTCTAAT	1
499	498	3	GATGTTCGGCAAGAAGTTCTAATT	1
500	499	3	ATGTTCGGCAAGAAGTTCTAATTG	1
501	500	4	TGTTCGGCAAGAAGTTCTAATTGC	1
502	501	5	GTTCGGCAAGAAGTTCTAATTGCC	1
503	502	5	TTCGGCAAGAAGTTCTAATTGCCC	1
504	503	5	TCGGCAAGAAGTTCTAATTGCCCT	1
505	504	5	CGGCAAGAAGTTCTAATTGCCCTA	1
506	505	5	GGCAAGAAGTTCTAATTGCCCTAA	1
507	506	5	GCAAGAAGTTCTAATTGCCCTAAT	1
508	507	5	CAAGAAGTTCTAATTGCCCTAATG	1
509	508	5	AAGAAGTTCTAATTGCCCTAATGT	1
510	509	5	AGAAGTTCTAATTGCCCTAATGTC	1
511	510	5	GAAGTTCTAATTGCCCTAATGTCT	1
512	511	5	AAGTTCTAATTGCCCTAATGTCTT	1
513	512	5	AGTTCTAATTGCCCTAATGTCTTT	1
514	513	5	GTTCTAATTGCCCTAATGTCTTTT	1
515	514	5	TTCTAATTGCCCTAATGTCTTTTC	1
516	515	7	TCTAATTGCCCTAATGTCTTTTCT	1
517	516	8	CTAATTGCCCTAATGTCTTTTCTT	1
518	517	8	TAATTGCCCTAATGTCTTTTCTTT	1
519	518	8	AATTGCCCTAATGTCTTTTCTTTT	1
520	519	8	ATTGCCCTAATGTCTTTTCTTTTC	1
521	520	11	TTGCCCTAATGTCTTTTCTTTTCA	1
522	521	12	TGCCCTAATGTCTTTTCTTTTCAA	1
523	522	12	GCCCTAATGTCTTTTCTTTTCAAT	1
524	523	14	CCCTAATGTCTTTTCTTTTCAATT	1
525	524	14	CCTAATGTCTTTTCTTTTCAATTG	1
526	525	14	CTAATGTCTTTTCTTTTCAATTGC	1
527	526	13	TAATGTCTTTTCTTTTCAATTGCT	1
528	527	13	AATGTCTTTTCTTTTCAATTGCTT	1
529	528	13	ATGTCTTTTCTTTTCAATTGCTTT	1
530	529	13	TGTCTTTTCTTTTCAATTGCTTTG	1
531	530	13	GTCTTTTCTTTTCAATTGCTTTGC	1
532	531	13	TCTTTTCTTTTCAATTGCTTTGCA	1
533	532	13	CTTTTCTTTTCAATTGCTTTGCAA	1
534	533	13	TTTTCTTTTCAATTGCTTTGCAAG	1
535	534	13	TTTCTTTTCAATTGCTTTGCAAGT	1
536	535	13	TTCTTTTCAATTGCTTTGCAAGTC	1
537	536	13	TCTTTTCAATTGCTTTGCAAGTCT	1
538	537	13	CTTTTCAATTGCTTTGCAAGTCTC	1
539	538	13	TTTTCAATTGCTTTGCAAGTCTCC	1
540	539	12	TTTCAATTGCTTTGCAAGTCTCCC	1
541	540	11	TTCAATTGCTTTGCAAGTCTCCCA	1
542	541	10	TCAATTGCTTTGCAAGTCTCCCAT	1
543	542	10	CAATTGCTTTGCAAGTCTCCCATC	1
544	543	10	AATTGCTTTGCAAGTCTCCCATCC	1
545	544	9	ATTGCTTTGCAAGTCTCCCATCCC	1
546	545	8	TTGCTTTGCAAGTCTCCCATCCCC	1
547	546	8	TGCTTTGCAAGTCTCCCATCCCCT	1
548	547	8	GCTTTGCAAGTCTCCCATCCCCTT	1
549	548	8	CTTTGCAAGTCTCCCATCCCCTTT	1
550	549	8	TTTGCAAGTCTCCCATCCCCTTTT	1
551	550	8	TTGCAAGTCTCCCATCCCCTTTTC	1
552	551	9	TGCAAGTCTCCCATCCCCTTTTCC	1
553	552	9	GCAAGTCTCCCATCCCCTTTTCCT	1
554	553	9	CAAGTCTCCCATCCCCTTTTCCTC	1
555	554	9	AAGTCTCCCATCCCCTTTTCCTCT	1
556	555	9	AGTCTCCCATCCCCTTTTCCTCTC	1
557	556	9	GTCTCCCATCCCCTTTTCCTCTCG	1
558	557	9	TCTCCCATCCCCTTTTCCTCTCGT	1
559	558	9	CTCCCATCCCCTTTTCCTCTCGTA	1
560	559	8	TCCCATCCCCTTTTCCTCTCGTAT	1
561	560	7	CCCATCCCCTTTTCCTCTCGTATT	1
562	561	7	CCATCCCCTTTTCCTCTCGTATTC	1
563	562	7	CATCCCCTTTTCCTCTCGTATTCC	1
564	563	7	ATCCCCTTTTCCTCTCGTATTCCC	1
565	564	5	TCCCCTTTTCCTCTCGTATTCCCC	1
566	565	4	CCCCTTTTCCTCTCGTATTCCCCG	1
567	566	3	CCCTTTTCCTCTCGTATTCCCCGC	1
568	567	2	CCTTTTCCTCTCGTATTCCCCGCT	1
569	568	2	CTTTTCCTCTCGTATTCCCCGCTG	1
570	569	3	TTTTCCTCTCGTATTCCCCGCTGA	1
571	570	3	TTTCCTCTCGTATTCCCCGCTGAT	1
572	571	3	TTCCTCTCGTATTCCCCGCTGATT	1
573	572	3	TCCTCTCGTATTCCCCGCTGATTT	1
574	573	3	CCTCTCGTATTCCCCGCTGATTTC	1
575	574	3	CTCTCGTATTCCCCGCTGATTTCA	1
576	575	3	TCTCGTATTCCCCGCTGATTTCAT	1
577	576	3	CTCGTATTCCCCGCTGATTTCATT	1
578	577	3	TCGTATTCCCCGCTGATTTCATTG	1
579	578	3	CGTATTCCCCGCTGATTTCATTGT	1
580	579	3	GTATTCCCCGCTGATTTCATTGTT	1
581	580	3	TATTCCCCGCTGATTTCATTGTTG	1
582	581	3	ATTCCCCGCTGATTTCATTGTTGT	1
583	582	3	TTCCCCGCTGATTTCATTGTTGTT	1
584	583	3	TCCCCGCTGATTTCATTGTTGTTG	1
585	584	3	CCCCGCTGATTTCATTGTTGTTGT	1
586	585	3	CCCGCTGATTTCATTGTTGTTGTT	1
587	586	3	CCGCTGATTTCATTGTTGTTGTTG	1
588	587	3	CGCTGATTTCATTGTTGTTGTTGA	1
589	588	3	GCTGATTTCATTGTTGTTGTTGAA	1
590	589	3	CTGATTTCATTGTTGTTGTTGAAA	1
591	590	3	TGATTTCATTGTTGTTGTTGAAAG	1
592	591	3	GATTTCATTGTTGTTGTTGAAAGC	1
593	592	3	ATTTCATTGTTGTTGTTGAAAGCT	1
594	593	3	TTTCATTGTTGTTGTTGAAAGCTT	1
595	594	3	TTCATTGTTGTTGTTGAAAGCTTG	1
596	595	3	TCATTGTTGTTGTTGAAAGCTTGT	1
597	596	3	CATTGTTGTTGTTGAAAGCTTGTT	1
598	597	3	ATTGTTGTTGTTGAAAGCTTGTTT	1
599	598	3	TTGTTGTTGTTGAAAGCTTGTTTG	1
600	599	3	TGTTGTTGTTGAAAGCTTGTTTGC	1
601	600	3	GTTGTTGTTGAAAGCTTGTTTGCT	1
602	601	3	TTGTTGTTGAAAGCTTGTTTGCTA	1
603	602	3	TGTTGTTGAAAGCTTGTTTGCTAC	1
604	603	2	GTTGTTGAAAGCTTGTTTGCTACT	1
605	604	3	TTGTTGAAAGCTTGTTTGCTACTA	1
606	605	3	TGTTGAAAGCTTGTTTGCTACTAT	1
607	606	3	GTTGAAAGCTTGTTTGCTACTATT	1
608	607	4	TTGAAAGCTTGTTTGCTACTATTT	1
609	608	3	TGAAAGCTTGTTTGCTACTATTTT	1
610	609	3	GAAAGCTTGTTTGCTACTATTTTT	1
611	610	3	AAAGCTTGTTTGCTACTATTTTTT	1
612	611	3	AAGCTTGTTTGCTACTATTTTTTC	1
613	612	3	AGCTTGTTTGCTACTATTTTTTCA	1
614	613	2	GCTTGTTTGCTACTATTTTTTCAA	1
615	614	2	CTTGTTTGCTACTATTTTTTCAAT	1
616	615	2	TTGTTTGCTACTATTTTTTCAATG	1
617	616	2	TGTTTGCTACTATTTTTTCAATGA	1
618	617	2	GTTTGCTACTATTTTTTCAATGAT	1
619	618	2	TTTGCTACTATTTTTTCAATGATT	1
620	619	2	TTGCTACTATTTTTTCAATGATTA	1
621	620	2	TGCTACTATTTTTTCAATGATTAA	1
622	621	2	GCTACTATTTTTTCAATGATTAAC	1
623	622	2	CTACTATTTTTTCAATGATTAACA	1
624	623	2	TACTATTTTTTCAATGATTAACAA	1
625	624	2	ACTATTTTTTCAATGATTAACAAG	1
626	625	2	CTATTTTTTCAATGATTAACAAGG	1
627	626	2	TATTTTTTCAATGATTAACAAGGT	1
628	627	2	ATTTTTTCAATGATTAACAAGGTA	1
629	628	2	TTTTTTCAATGATTAACAAGGTAT	1
630	629	2	TTTTTCAATGATTAACAAGGTATG	1
631	630	2	TTTTCAATGATTAACAAGGTATGT	1
632	631	2	TTTCAATGATTAACAAGGTATGTG	1
633	632	2	TTCAATGATTAACAAGGTATGTGA	1
634	633	2	TCAATGATTAACAAGGTATGTGAA	1
635	634	2	CAATGATTAACAAGGTATGTGAAT	1
636	635	2	AATGATTAACAAGGTATGTGAATG	1
637	636	2	ATGATTAACAAGGTATGTGAATGG	1
638	637	2	TGATTAACAAGGTATGTGAATGGA	1
639	638	2	GATTAACAAGGTATGTGAATGGAT	1
640	639	3	ATTAACAAGGTATGTGAATGGATG	1
641	640	3	TTAACAAGGTATGTGAATGGATGC	1
642	641	3	TAACAAGGTATGTGAATGGATGCT	1
643	642	3	AACAAGGTATGTGAATGGATGCTA	1
644	643	3	ACAAGGTATGTGAATGGATGCTAT	1
645	644	3	CAAGGTATGTGAATGGATGCTATG	1
646	645	3	AAGGTATGTGAATGGATGCTATGT	1
647	646	3	AGGTATGTGAATGGATGCTATGTT	1
648	647	3	GGTATGTGAATGGATGCTATGTTC	1
649	648	2	GTATGTGAATGGATGCTATGTTCT	1
650	649	2	TATGTGAATGGATGCTATGTTCTC	1
651	650	2	ATGTGAATGGATGCTATGTTCTCT	1
652	651	1	TGTGAATGGATGCTATGTTCTCTC	1
653	652	1	GTGAATGGATGCTATGTTCTCTCT	1
654	653	1	TGAATGGATGCTATGTTCTCTCTT	1
655	654	1	GAATGGATGCTATGTTCTCTCTTC	1
656	655	1	AATGGATGCTATGTTCTCTCTTCC	1
657	656	1	ATGGATGCTATGTTCTCTCTTCCT	1
658	657	1	TGGATGCTATGTTCTCTCTTCCTT	1
659	658	1	GGATGCTATGTTCTCTCTTCCTTA	1
660	659	1	GATGCTATGTTCTCTCTTCCTTAG	1
661	660	1	ATGCTATGTTCTCTCTTCCTTAGT	1
662	661	1	TGCTATGTTCTCTCTTCCTTAGTT	1
663	662	1	GCTATGTTCTCTCTTCCTTAGTTT	1
664	663	1	CTATGTTCTCTCTTCCTTAGTTTG	1
665	664	1	TATGTTCTCTCTTCCTTAGTTTGG	1
666	665	1	ATGTTCTCTCTTCCTTAGTTTGGT	1
667	666	1	TGTTCTCTCTTCCTTAGTTTGGTT	1
668	667	1	GTTCTCTCTTCCTTAGTTTGGTTC	1
669	668	2	TTCTCTCTTCCTTAGTTTGGTTCT	1
670	669	2	TCTCTCTTCCTTAGTTTGGTTCTA	1
671	670	2	CTCTCTTCCTTAGTTTGGTTCTAA	1
672	671	2	TCTCTTCCTTAGTTTGGTTCTAAG	1
673	672	2	CTCTTCCTTAGTTTGGTTCTAAGA	1
674	673	2	TCTTCCTTAGTTTGGTTCTAAGAG	1
675	674	2	CTTCCTTAGTTTGGTTCTAAGAGA	1
676	675	2	TTCCTTAGTTTGGTTCTAAGAGAA	1
677	676	2	TCCTTAGTTTGGTTCTAAGAGAAG	1
678	677	2	CCTTAGTTTGGTTCTAAGAGAAGC	1
679	678	2	CTTAGTTTGGTTCTAAGAGAAGCA	1
680	679	3	TTAGTTTGGTTCTAAGAGAAGCAC	1
681	680	3	TAGTTTGGTTCTAAGAGAAGCACT	1
682	681	3	AGTTTGGTTCTAAGAGAAGCACTA	1
683	682	3	GTTTGGTTCTAAGAGAAGCACTAC	1
684	683	2	TTTGGTTCTAAGAGAAGCACTACG	1
685	684	2	TTGGTTCTAAGAGAAGCACTACGT	1
686	685	2	TGGTTCTAAGAGAAGCACTACGTT	1
687	686	2	GGTTCTAAGAGAAGCACTACGTTT	1
688	687	2	GTTCTAAGAGAAGCACTACGTTTT	1
689	688	2	TTCTAAGAGAAGCACTACGTTTTG	1
690	689	2	TCTAAGAGAAGCACTACGTTTTGT	1
691	690	2	CTAAGAGAAGCACTACGTTTTGTC	1
692	691	2	TAAGAGAAGCACTACGTTTTGTCT	1
693	692	2	AAGAGAAGCACTACGTTTTGTCTA	1
694	693	2	AGAGAAGCACTACGTTTTGTCTAT	1
695	694	2	GAGAAGCACTACGTTTTGTCTATA	1
696	695	2	AGAAGCACTACGTTTTGTCTATAT	1
697	696	2	GAAGCACTACGTTTTGTCTATATC	1
698	697	2	AAGCACTACGTTTTGTCTATATCA	1
699	698	2	AGCACTACGTTTTGTCTATATCAA	1
700	699	2	GCACTACGTTTTGTCTATATCAAT	1
701	700	2	CACTACGTTTTGTCTATATCAATG	1
702	701	2	ACTACGTTTTGTCTATATCAATGA	1
703	702	2	CTACGTTTTGTCTATATCAATGAT	1
704	703	2	TACGTTTTGTCTATATCAATGATA	1
705	704	2	ACGTTTTGTCTATATCAATGATAT	1
706	705	2	CGTTTTGTCTATATCAATGATATT	1
707	706	2	GTTTTGTCTATATCAATGATATTT	1
708	707	2	TTTTGTCTATATCAATGATATTTC	1
709	708	2	TTTGTCTATATCAATGATATTTCA	1
710	709	2	TTGTCTATATCAATGATATTTCAA	1
711	710	2	TGTCTATATCAATGATATTTCAAT	1
712	711	2	GTCTATATCAATGATATTTCAATG	1
713	712	1	TCTATATCAATGATATTTCAATGC	1
714	713	1	CTATATCAATGATATTTCAATGCA	1
715	714	1	TATATCAATGATATTTCAATGCAA	1
716	715	1	ATATCAATGATATTTCAATGCAAC	1
717	716	1	TATCAATGATATTTCAATGCAACA	1
718	717	1	ATCAATGATATTTCAATGCAACAA	1
719	718	2	TCAATGATATTTCAATGCAACAAT	1
720	719	2	CAATGATATTTCAATGCAACAATT	1
721	720	2	AATGATATTTCAATGCAACAATTG	1
722	721	2	ATGATATTTCAATGCAACAATTGG	1
723	722	2	TGATATTTCAATGCAACAATTGGC	1
724	723	1	GATATTTCAATGCAACAATTGGCC	1
725	724	1	ATATTTCAATGCAACAATTGGCCG	1
726	725	1	TATTTCAATGCAACAATTGGCCGT	1
727	726	1	ATTTCAATGCAACAATTGGCCGTC	1
728	727	2	TTTCAATGCAACAATTGGCCGTCA	1
729	728	2	TTCAATGCAACAATTGGCCGTCAG	1
730	729	2	TCAATGCAACAATTGGCCGTCAGT	1
731	730	2	CAATGCAACAATTGGCCGTCAGTA	1
732	731	2	AATGCAACAATTGGCCGTCAGTAG	1
733	732	2	ATGCAACAATTGGCCGTCAGTAGC	1
734	733	2	TGCAACAATTGGCCGTCAGTAGCA	1
735	734	2	GCAACAATTGGCCGTCAGTAGCAA	1
736	735	2	CAACAATTGGCCGTCAGTAGCAAA	1
737	736	2	AACAATTGGCCGTCAGTAGCAAAG	1
738	737	2	ACAATTGGCCGTCAGTAGCAAAGC	1
739	738	2	CAATTGGCCGTCAGTAGCAAAGCT	1
740	739	2	AATTGGCCGTCAGTAGCAAAGCTG	1
741	740	2	ATTGGCCGTCAGTAGCAAAGCTGT	1
742	741	2	TTGGCCGTCAGTAGCAAAGCTGTG	1
743	742	2	TGGCCGTCAGTAGCAAAGCTGTGC	1
744	743	2	GGCCGTCAGTAGCAAAGCTGTGCA	1
745	744	2	GCCGTCAGTAGCAAAGCTGTGCAG	1
746	745	2	CCGTCAGTAGCAAAGCTGTGCAGC	1
747	746	2	CGTCAGTAGCAAAGCTGTGCAGCA	1
748	747	2	GTCAGTAGCAAAGCTGTGCAGCAT	1
749	748	2	TCAGTAGCAAAGCTGTGCAGCATG	1
750	749	4	CAGTAGCAAAGCTGTGCAGCATGC	1
751	750	4	AGTAGCAAAGCTGTGCAGCATGCT	1
752	751	4	GTAGCAAAGCTGTGCAGCATGCTT	1
753	752	4	TAGCAAAGCTGTGCAGCATGCTTT	1
754	753	4	AGCAAAGCTGTGCAGCATGCTTTC	1
755	754	4	GCAAAGCTGTGCAGCATGCTTTCT	1
756	755	4	CAAAGCTGTGCAGCATGCTTTCTC	1
757	756	4	AAAGCTGTGCAGCATGCTTTCTCC	1
758	757	4	AAGCTGTGCAGCATGCTTTCTCCA	1
759	758	4	AGCTGTGCAGCATGCTTTCTCCAT	1
760	759	4	GCTGTGCAGCATGCTTTCTCCATT	1
761	760	4	CTGTGCAGCATGCTTTCTCCATTC	1
762	761	4	TGTGCAGCATGCTTTCTCCATTCC	1
763	762	3	GTGCAGCATGCTTTCTCCATTCCT	1
764	763	3	TGCAGCATGCTTTCTCCATTCCTG	1
765	764	3	GCAGCATGCTTTCTCCATTCCTGT	1
766	765	3	CAGCATGCTTTCTCCATTCCTGTC	1
767	766	3	AGCATGCTTTCTCCATTCCTGTCT	1
768	767	3	GCATGCTTTCTCCATTCCTGTCTT	1
769	768	3	CATGCTTTCTCCATTCCTGTCTTC	1
770	769	3	ATGCTTTCTCCATTCCTGTCTTCT	1
771	770	3	TGCTTTCTCCATTCCTGTCTTCTG	1
772	771	2	GCTTTCTCCATTCCTGTCTTCTGA	1
773	772	2	CTTTCTCCATTCCTGTCTTCTGAA	1
774	773	2	TTTCTCCATTCCTGTCTTCTGAAT	1
775	774	2	TTCTCCATTCCTGTCTTCTGAATT	1
776	775	2	TCTCCATTCCTGTCTTCTGAATTT	1
777	776	2	CTCCATTCCTGTCTTCTGAATTTC	1
778	777	2	TCCATTCCTGTCTTCTGAATTTCT	1
779	778	2	CCATTCCTGTCTTCTGAATTTCTT	1
780	779	2	CATTCCTGTCTTCTGAATTTCTTT	1
781	780	2	ATTCCTGTCTTCTGAATTTCTTTC	1
782	781	2	TTCCTGTCTTCTGAATTTCTTTCC	1
783	782	2	TCCTGTCTTCTGAATTTCTTTCCT	1
784	783	2	CCTGTCTTCTGAATTTCTTTCCTT	1
785	784	2	CTGTCTTCTGAATTTCTTTCCTTC	1
786	785	2	TGTCTTCTGAATTTCTTTCCTTCT	1
787	786	2	GTCTTCTGAATTTCTTTCCTTCTT	1
788	787	2	TCTTCTGAATTTCTTTCCTTCTTT	1
789	788	2	CTTCTGAATTTCTTTCCTTCTTTT	1
790	789	2	TTCTGAATTTCTTTCCTTCTTTTC	1
791	790	2	TCTGAATTTCTTTCCTTCTTTTCT	1
792	791	2	CTGAATTTCTTTCCTTCTTTTCTT	1
793	792	2	TGAATTTCTTTCCTTCTTTTCTTT	1
794	-1	0	ACCAAGACGAAATGATTCGTGCTG	1
795	794	1	CCAAGACGAAATGATTCGTGCTGG	1
796	795	1	CAAGACGAAATGATTCGTGCTGGT	1
797	796	1	AAGACGAAATGATTCGTGCTGGTC	1
798	797	1	AGACGAAATGATTCGTGCTGGTCG	1
799	798	1	GACGAAATGATTCGTGCTGGTCGT	1
800	799	1	ACGAAATGATTCGTGCTGGTCGTC	1
801	800	1	CGAAATGATTCGTGCTGGTCGTCT	1
802	801	2	GAAATGATTCGTGCTGGTCGTCTT	1
803	802	2	AAATGATTCGTGCTGGTCGTCTTT	1
804	803	2	AATGATTCGTGCTGGTCGTCTTTC	1
805	804	2	ATGATTCGTGCTGGTCGTCTTTCT	1
806	805	2	TGATTCGTGCTGGTCGTCTTTCTC	1
807	806	2	GATTCGTGCTGGTCGTCTTTCTCA	1
808	807	2	ATTCGTGCTGGTCGTCTTTCTCAC	1
809	808	2	TTCGTGCTGGTCGTCTTTCTCACC	1
810	809	2	TCGTGCTGGTCGTCTTTCTCACCG	1
811	810	2	CGTGCTGGTCGTCTTTCTCACCGC	1
812	811	2	GTGCTGGTCGTCTTTCTCACCGCT	1
813	812	3	TGCTGGTCGTCTTTCTCACCGCTA	1
814	813	4	GCTGGTCGTCTTTCTCACCGCTAC	1
815	814	4	CTGGTCGTCTTTCTCACCGCTACA	1
816	815	4	TGGTCGTCTTTCTCACCGCTACAA	1
817	816	4	GGTCGTCTTTCTCACCGCTACAAG	1
818	817	4	GTCGTCTTTCTCACCGCTACAAGG	1
819	818	4	TCGTCTTTCTCACCGCTACAAGGG	1
820	819	4	CGTCTTTCTCACCGCTACAAGGGT	1
821	820	5	GTCTTTCTCACCGCTACAAGGGTA	1
822	821	5	TCTTTCTCACCGCTACAAGGGTAT	1
823	822	5	CTTTCTCACCGCTACAAGGGTATT	1
824	823	5	TTTCTCACCGCTACAAGGGTATTG	1
825	824	6	TTCTCACCGCTACAAGGGTATTGG	1
826	825	6	TCTCACCGCTACAAGGGTATTGGT	1
827	826	6	CTCACCGCTACAAGGGTATTGGTG	1
828	827	6	TCACCGCTACAAGGGTATTGGTGA	1
829	828	6	CACCGCTACAAGGGTATTGGTGAG	1
830	829	6	ACCGCTACAAGGGTATTGGTGAGT	1
831	830	6	CCGCTACAAGGGTATTGGTGAGTG	1
832	831	6	CGCTACAAGGGTATTGGTGAGTGT	1
833	832	7	GCTACAAGGGTATTGGTGAGTGTT	1
834	833	7	CTACAAGGGTATTGGTGAGTGTTT	1
835	834	6	TACAAGGGTATTGGTGAGTGTTTC	1
836	835	6	ACAAGGGTATTGGTGAGTGTTTCA	1
837	836	6	CAAGGGTATTGGTGAGTGTTTCAA	1
838	837	6	AAGGGTATTGGTGAGTGTTTCAAG	1
839	838	5	AGGGTATTGGTGAGTGTTTCAAGC	1
840	839	5	GGGTATTGGTGAGTGTTTCAAGCG	1
841	840	5	GGTATTGGTGAGTGTTTCAAGCGT	1
842	841	5	GTATTGGTGAGTGTTTCAAGCGTA	1
843	842	5	TATTGGTGAGTGTTTCAAGCGTAC	1
844	843	5	ATTGGTGAGTGTTTCAAGCGTACT	1
845	844	5	TTGGTGAGTGTTTCAAGCGTACTG	1
846	845	4	TGGTGAGTGTTTCAAGCGTACTGC	1
847	846	4	GGTGAGTGTTTCAAGCGTACTGCT	1
848	847	4	GTGAGTGTTTCAAGCGTACTGCTG	1
849	848	4	TGAGTGTTTCAAGCGTACTGCTGC	1
850	849	4	GAGTGTTTCAAGCGTACTGCTGCT	1
851	850	4	AGTGTTTCAAGCGTACTGCTGCTG	1
852	851	5	GTGTTTCAAGCGTACTGCTGCTGA	1
853	852	6	TGTTTCAAGCGTACTGCTGCTGAA	1
854	853	6	GTTTCAAGCGTACTGCTGCTGAAG	1
855	854	6	TTTCAAGCGTACTGCTGCTGAAGA	1
856	855	6	TTCAAGCGTACTGCTGCTGAAGAA	1
857	856	7	TCAAGCGTACTGCTGCTGAAGAAG	1
858	857	6	CAAGCGTACTGCTGCTGAAGAAGG	1
859	858	7	AAGCGTACTGCTGCTGAAGAAGGT	1
860	859	7	AGCGTACTGCTGCTGAAGAAGGTG	1
861	860	8	GCGTACTGCTGCTGAAGAAGGTGT	1
862	861	9	CGTACTGCTGCTGAAGAAGGTGTT	1
863	862	9	GTACTGCTGCTGAAGAAGGTGTTA	1
864	863	9	TACTGCTGCTGAAGAAGGTGTTAT	1
865	864	9	ACTGCTGCTGAAGAAGGTGTTATT	1
866	865	9	CTGCTGCTGAAGAAGGTGTTATTT	1
867	866	9	TGCTGCTGAAGAAGGTGTTATTTC	1
868	867	11	GCTGCTGAAGAAGGTGTTATTTCC	1
869	868	12	CTGCTGAAGAAGGTGTTATTTCCC	1
870	869	12	TGCTGAAGAAGGTGTTATTTCCCT	1
871	870	12	GCTGAAGAAGGTGTTATTTCCCTT	1
872	871	11	CTGAAGAAGGTGTTATTTCCCTTT	1
873	872	11	TGAAGAAGGTGTTATTTCCCTTTG	1
874	873	11	GAAGAAGGTGTTATTTCCCTTTGG	1
875	874	11	AAGAAGGTGTTATTTCCCTTTGGA	1
876	875	11	AGAAGGTGTTATTTCCCTTTGGAG	1
877	876	10	GAAGGTGTTATTTCCCTTTGGAGA	1
878	877	10	AAGGTGTTATTTCCCTTTGGAGAG	1
879	878	10	AGGTGTTATTTCCCTTTGGAGAGG	1
880	879	10	GGTGTTATTTCCCTTTGGAGAGGT	1
881	880	10	GTGTTATTTCCCTTTGGAGAGGTA	1
882	881	10	TGTTATTTCCCTTTGGAGAGGTAA	1
883	882	12	GTTATTTCCCTTTGGAGAGGTAAT	1
884	883	12	TTATTTCCCTTTGGAGAGGTAATA	1
885	884	12	TATTTCCCTTTGGAGAGGTAATAC	1
886	885	12	ATTTCCCTTTGGAGAGGTAATACC	1
887	886	12	TTTCCCTTTGGAGAGGTAATACCG	1
888	887	12	TTCCCTTTGGAGAGGTAATACCGC	1
889	888	12	TCCCTTTGGAGAGGTAATACCGCT	1
890	889	12	CCCTTTGGAGAGGTAATACCGCTA	1
891	890	12	CCTTTGGAGAGGTAATACCGCTAA	1
892	891	13	CTTTGGAGAGGTAATACCGCTAAT	1
893	892	14	TTTGGAGAGGTAATACCGCTAATG	1
894	893	14	TTGGAGAGGTAATACCGCTAATGT	1
895	894	14	TGGAGAGGTAATACCGCTAATGTC	1
896	895	13	GGAGAGGTAATACCGCTAATGTCT	1
897	896	13	GAGAGGTAATACCGCTAATGTCTT	1
898	897	13	AGAGGTAATACCGCTAATGTCTTA	1
899	898	13	GAGGTAATACCGCTAATGTCTTAC	1
900	899	13	AGGTAATACCGCTAATGTCTTACG	1
901	900	12	GGTAATACCGCTAATGTCTTACGT	1
902	901	12	GTAATACCGCTAATGTCTTACGTT	1
903	902	11	TAATACCGCTAATGTCTTACGTTA	1
904	903	11	AATACCGCTAATGTCTTACGTTAC	1
905	904	10	ATACCGCTAATGTCTTACGTTACT	1
906	905	9	TACCGCTAATGTCTTACGTTACTT	1
907	906	9	ACCGCTAATGTCTTACGTTACTTC	1
908	907	10	CCGCTAATGTCTTACGTTACTTCC	1
909	908	10	CGCTAATGTCTTACGTTACTTCCC	1
910	909	10	GCTAATGTCTTACGTTACTTCCCC	1
911	910	9	CTAATGTCTTACGTTACTTCCCCA	1
912	911	6	TAATGTCTTACGTTACTTCCCCAC	1
913	912	6	AATGTCTTACGTTACTTCCCCACT	1
914	913	6	ATGTCTTACGTTACTTCCCCACTC	1
915	914	6	TGTCTTACGTTACTTCCCCACTCA	1
916	915	6	GTCTTACGTTACTTCCCCACTCAG	1
917	916	6	TCTTACGTTACTTCCCCACTCAGG	1
918	917	6	CTTACGTTACTTCCCCACTCAGGC	1
919	918	6	TTACGTTACTTCCCCACTCAGGCC	1
920	919	6	TACGTTACTTCCCCACTCAGGCCT	1
921	920	6	ACGTTACTTCCCCACTCAGGCCTT	1
922	921	6	CGTTACTTCCCCACTCAGGCCTTG	1
923	922	6	GTTACTTCCCCACTCAGGCCTTGA	1
924	923	6	TTACTTCCCCACTCAGGCCTTGAA	1
925	924	6	TACTTCCCCACTCAGGCCTTGAAC	1
926	925	6	ACTTCCCCACTCAGGCCTTGAACT	1
927	926	4	CTTCCCCACTCAGGCCTTGAACTT	1
928	927	5	TTCCCCACTCAGGCCTTGAACTTT	1
929	928	5	TCCCCACTCAGGCCTTGAACTTTG	1
930	929	6	CCCCACTCAGGCCTTGAACTTTGC	1
931	930	6	CCCACTCAGGCCTTGAACTTTGCT	1
932	931	6	CCACTCAGGCCTTGAACTTTGCTT	1
933	932	6	CACTCAGGCCTTGAACTTTGCTTT	1
934	933	6	ACTCAGGCCTTGAACTTTGCTTTC	1
935	934	6	CTCAGGCCTTGAACTTTGCTTTCA	1
936	935	5	TCAGGCCTTGAACTTTGCTTTCAA	1
937	936	4	CAGGCCTTGAACTTTGCTTTCAAG	1
938	937	5	AGGCCTTGAACTTTGCTTTCAAGG	1
939	938	5	GGCCTTGAACTTTGCTTTCAAGGA	1
940	939	5	GCCTTGAACTTTGCTTTCAAGGAT	1
941	940	5	CCTTGAACTTTGCTTTCAAGGATA	1
942	941	5	CTTGAACTTTGCTTTCAAGGATAA	1
943	942	5	TTGAACTTTGCTTTCAAGGATAAA	1
944	943	5	TGAACTTTGCTTTCAAGGATAAAT	1
945	944	6	GAACTTTGCTTTCAAGGATAAATT	1
946	945	6	AACTTTGCTTTCAAGGATAAATTT	1
947	946	6	ACTTTGCTTTCAAGGATAAATTTA	1
948	947	6	CTTTGCTTTCAAGGATAAATTTAA	1
949	948	6	TTTGCTTTCAAGGATAAATTTAAG	1
950	949	6	TTGCTTTCAAGGATAAATTTAAGA	1
951	950	6	TGCTTTCAAGGATAAATTTAAGAA	1
952	951	5	GCTTTCAAGGATAAATTTAAGAAG	1
953	952	4	CTTTCAAGGATAAATTTAAGAAGA	1
954	953	4	TTTCAAGGATAAATTTAAGAAGAT	1
955	954	4	TTCAAGGATAAATTTAAGAAGATG	1
956	955	4	TCAAGGATAAATTTAAGAAGATGT	1
957	956	4	CAAGGATAAATTTAAGAAGATGTT	1
958	957	6	AAGGATAAATTTAAGAAGATGTTT	1
959	958	6	AGGATAAATTTAAGAAGATGTTTG	1
960	959	7	GGATAAATTTAAGAAGATGTTTGG	1
961	960	7	GATAAATTTAAGAAGATGTTTGGT	1
962	961	7	ATAAATTTAAGAAGATGTTTGGTT	1
963	962	7	TAAATTTAAGAAGATGTTTGGTTA	1
964	963	7	AAATTTAAGAAGATGTTTGGTTAC	1
965	964	7	AATTTAAGAAGATGTTTGGTTACA	1
966	965	7	ATTTAAGAAGATGTTTGGTTACAA	1
967	966	7	TTTAAGAAGATGTTTGGTTACAAG	1
968	967	7	TTAAGAAGATGTTTGGTTACAAGA	1
969	968	7	TAAGAAGATGTTTGGTTACAAGAA	1
970	969	7	AAGAAGATGTTTGGTTACAAGAAG	1
971	970	7	AGAAGATGTTTGGTTACAAGAAGG	1
972	971	6	GAAGATGTTTGGTTACAAGAAGGA	1
973	972	6	AAGATGTTTGGTTACAAGAAGGAA	1
974	973	5	AGATGTTTGGTTACAAGAAGGAAA	1
975	974	6	GATGTTTGGTTACAAGAAGGAAAG	1
976	975	6	ATGTTTGGTTACAAGAAGGAAAGG	1
977	976	6	TGTTTGGTTACAAGAAGGAAAGGG	1
978	977	6	GTTTGGTTACAAGAAGGAAAGGGA	1
979	978	6	TTTGGTTACAAGAAGGAAAGGGAT	1
980	979	6	TTGGTTACAAGAAGGAAAGGGATG	1
981	980	6	TGGTTACAAGAAGGAAAGGGATGG	1
982	981	5	GGTTACAAGAAGGAAAGGGATGGT	1
983	982	5	GTTACAAGAAGGAAAGGGATGGTT	1
984	983	6	TTACAAGAAGGAAAGGGATGGTTA	1
985	984	6	TACAAGAAGGAAAGGGATGGTTAT	1
986	985	6	ACAAGAAGGAAAGGGATGGTTATG	1
987	986	6	CAAGAAGGAAAGGGATGGTTATGC	1
988	987	7	AAGAAGGAAAGGGATGGTTATGCT	1
989	988	6	AGAAGGAAAGGGATGGTTATGCTA	1
990	989	6	GAAGGAAAGGGATGGTTATGCTAA	1
991	990	6	AAGGAAAGGGATGGTTATGCTAAA	1
992	991	6	AGGAAAGGGATGGTTATGCTAAAT	1
993	992	6	GGAAAGGGATGGTTATGCTAAATG	1
994	993	6	GAAAGGGATGGTTATGCTAAATGG	1
995	994	7	AAAGGGATGGTTATGCTAAATGGT	1
996	995	7	AAGGGATGGTTATGCTAAATGGTT	1
997	996	7	AGGGATGGTTATGCTAAATGGTTT	1
998	997	7	GGGATGGTTATGCTAAATGGTTTG	1
999	998	7	GGATGGTTATGCTAAATGGTTTGC	1
1000	999	7	GATGGTTATGCTAAATGGTTTGCC	1
1001	1000	7	ATGGTTATGCTAAATGGTTTGCCG	1
1002	1001	5	TGGTTATGCTAAATGGTTTGCCGG	1
1003	1002	5	GGTTATGCTAAATGGTTTGCCGGT	1
1004	1003	5	GTTATGCTAAATGGTTTGCCGGTA	1
1005	1004	5	TTATGCTAAATGGTTTGCCGGTAA	1
1006	1005	5	TATGCTAAATGGTTTGCCGGTAAT	1
1007	1006	5	ATGCTAAATGGTTTGCCGGTAATT	1
1008	1007	5	TGCTAAATGGTTTGCCGGTAATTT	1
1009	1008	5	GCTAAATGGTTTGCCGGTAATTTA	1
1010	1009	5	CTAAATGGTTTGCCGGTAATTTAG	1
1011	1010	5	TAAATGGTTTGCCGGTAATTTAGC	1
1012	1011	5	AAATGGTTTGCCGGTAATTTAGCC	1
1013	1012	5	AATGGTTTGCCGGTAATTTAGCCT	1
1014	1013	5	ATGGTTTGCCGGTAATTTAGCCTC	1
1015	1014	5	TGGTTTGCCGGTAATTTAGCCTCT	1
1016	1015	5	GGTTTGCCGGTAATTTAGCCTCTG	1
1017	1016	5	GTTTGCCGGTAATTTAGCCTCTGG	1
1018	1017	6	TTTGCCGGTAATTTAGCCTCTGGT	1
1019	1018	5	TTGCCGGTAATTTAGCCTCTGGTG	1
1020	1019	5	TGCCGGTAATTTAGCCTCTGGTGG	1
1021	1020	5	GCCGGTAATTTAGCCTCTGGTGGT	1
1022	1021	6	CCGGTAATTTAGCCTCTGGTGGTG	1
1023	1022	6	CGGTAATTTAGCCTCTGGTGGTGC	1
1024	1023	9	GGTAATTTAGCCTCTGGTGGTGCT	1
1025	1024	9	GTAATTTAGCCTCTGGTGGTGCTG	1
1026	1025	10	TAATTTAGCCTCTGGTGGTGCTGC	1
1027	1026	11	AATTTAGCCTCTGGTGGTGCTGCT	1
1028	1027	11	ATTTAGCCTCTGGTGGTGCTGCTG	1
1029	1028	11	TTTAGCCTCTGGTGGTGCTGCTGG	1
1030	1029	12	TTAGCCTCTGGTGGTGCTGCTGGT	1
1031	1030	13	TAGCCTCTGGTGGTGCTGCTGGTG	1
1032	1031	12	AGCCTCTGGTGGTGCTGCTGGTGC	1
1033	1032	12	GCCTCTGGTGGTGCTGCTGGTGCC	1
1034	1033	12	CCTCTGGTGGTGCTGCTGGTGCCG	1
1035	1034	12	CTCTGGTGGTGCTGCTGGTGCCGC	1
1036	1035	12	TCTGGTGGTGCTGCTGGTGCCGCT	1
1037	1036	12	CTGGTGGTGCTGCTGGTGCCGCTT	1
1038	1037	12	TGGTGGTGCTGCTGGTGCCGCTTC	1
1039	1038	11	GGTGGTGCTGCTGGTGCCGCTTCC	1
1040	1039	11	GTGGTGCTGCTGGTGCCGCTTCCC	1
1041	1040	11	TGGTGCTGCTGGTGCCGCTTCCCT	1
1042	1041	11	GGTGCTGCTGGTGCCGCTTCCCTT	1
1043	1042	11	GTGCTGCTGGTGCCGCTTCCCTTT	1
1044	1043	12	TGCTGCTGGTGCCGCTTCCCTTTT	1
1045	1044	13	GCTGCTGGTGCCGCTTCCCTTTTG	1
1046	1045	13	CTGCTGGTGCCGCTTCCCTTTTGT	1
1047	1046	13	TGCTGGTGCCGCTTCCCTTTTGTT	1
1048	1047	13	GCTGGTGCCGCTTCCCTTTTGTTT	1
1049	1048	14	CTGGTGCCGCTTCCCTTTTGTTTG	1
1050	1049	14	TGGTGCCGCTTCCCTTTTGTTTGT	1
1051	1050	15	GGTGCCGCTTCCCTTTTGTTTGTC	1
1052	1051	15	GTGCCGCTTCCCTTTTGTTTGTCT	1
1053	1052	16	TGCCGCTTCCCTTTTGTTTGTCTA	1
1054	1053	16	GCCGCTTCCCTTTTGTTTGTCTAC	1
1055	1054	16	CCGCTTCCCTTTTGTTTGTCTACT	1
1056	1055	16	CGCTTCCCTTTTGTTTGTCTACTC	1
1057	1056	16	GCTTCCCTTTTGTTTGTCTACTCT	1
1058	1057	18	CTTCCCTTTTGTTTGTCTACTCTC	1
1059	1058	18	TTCCCTTTTGTTTGTCTACTCTCT	1
1060	1059	18	TCCCTTTTGTTTGTCTACTCTCTT	1
1061	1060	18	CCCTTTTGTTTGTCTACTCTCTTG	1
1062	1061	17	CCTTTTGTTTGTCTACTCTCTTGA	1
1063	1062	16	CTTTTGTTTGTCTACTCTCTTGAC	1
1064	1063	16	TTTTGTTTGTCTACTCTCTTGACT	1
1065	1064	16	TTTGTTTGTCTACTCTCTTGACTA	1
1066	1065	15	TTGTTTGTCTACTCTCTTGACTAT	1
1067	1066	15	TGTTTGTCTACTCTCTTGACTATG	1
1068	1067	12	GTTTGTCTACTCTCTTGACTATGC	1
1069	1068	12	TTTGTCTACTCTCTTGACTATGCC	1
1070	1069	12	TTGTCTACTCTCTTGACTATGCCC	1
1071	1070	11	TGTCTACTCTCTTGACTATGCCCG	1
1072	1071	10	GTCTACTCTCTTGACTATGCCCGT	1
1073	1072	9	TCTACTCTCTTGACTATGCCCGTA	1
1074	1073	8	CTACTCTCTTGACTATGCCCGTAC	1
1075	1074	7	TACTCTCTTGACTATGCCCGTACC	1
1076	1075	7	ACTCTCTTGACTATGCCCGTACCC	1
1077	1076	7	CTCTCTTGACTATGCCCGTACCCG	1
1078	1077	7	TCTCTTGACTATGCCCGTACCCGT	1
1079	1078	7	CTCTTGACTATGCCCGTACCCGTC	1
1080	1079	7	TCTTGACTATGCCCGTACCCGTCT	1
1081	1080	7	CTTGACTATGCCCGTACCCGTCTT	1
1082	1081	7	TTGACTATGCCCGTACCCGTCTTG	1
1083	1082	7	TGACTATGCCCGTACCCGTCTTGC	1
1084	1083	7	GACTATGCCCGTACCCGTCTTGCC	1
1085	1084	7	ACTATGCCCGTACCCGTCTTGCCA	1
1086	1085	7	CTATGCCCGTACCCGTCTTGCCAA	1
1087	1086	7	TATGCCCGTACCCGTCTTGCCAAT	1
1088	1087	6	ATGCCCGTACCCGTCTTGCCAATG	1
1089	1088	5	TGCCCGTACCCGTCTTGCCAATGA	1
1090	1089	5	GCCCGTACCCGTCTTGCCAATGAT	1
1091	1090	5	CCCGTACCCGTCTTGCCAATGATG	1
1092	1091	6	CCGTACCCGTCTTGCCAATGATGC	1
1093	1092	6	CGTACCCGTCTTGCCAATGATGCC	1
1094	1093	6	GTACCCGTCTTGCCAATGATGCCA	1
1095	1094	6	TACCCGTCTTGCCAATGATGCCAA	1
1096	1095	6	ACCCGTCTTGCCAATGATGCCAAA	1
1097	1096	5	CCCGTCTTGCCAATGATGCCAAAT	1
1098	1097	5	CCGTCTTGCCAATGATGCCAAATC	1
1099	1098	5	CGTCTTGCCAATGATGCCAAATCC	1
1100	1099	5	GTCTTGCCAATGATGCCAAATCCG	1
1101	1100	5	TCTTGCCAATGATGCCAAATCCGC	1
1102	1101	3	CTTGCCAATGATGCCAAATCCGCC	1
1103	1102	3	TTGCCAATGATGCCAAATCCGCCA	1
1104	1103	3	TGCCAATGATGCCAAATCCGCCAA	1
1105	1104	3	GCCAATGATGCCAAATCCGCCAAG	1
1106	1105	4	CCAATGATGCCAAATCCGCCAAGA	1
1107	1106	4	CAATGATGCCAAATCCGCCAAGAA	1
1108	1107	4	AATGATGCCAAATCCGCCAAGAAG	1
1109	1108	4	ATGATGCCAAATCCGCCAAGAAGG	1
1110	1109	4	TGATGCCAAATCCGCCAAGAAGGG	1
1111	1110	4	GATGCCAAATCCGCCAAGAAGGGA	1
1112	1111	4	ATGCCAAATCCGCCAAGAAGGGAG	1
1113	1112	3	TGCCAAATCCGCCAAGAAGGGAGG	1
1114	1113	3	GCCAAATCCGCCAAGAAGGGAGGT	1
1115	1114	3	CCAAATCCGCCAAGAAGGGAGGTG	1
1116	1115	3	CAAATCCGCCAAGAAGGGAGGTGA	1
1117	1116	3	AAATCCGCCAAGAAGGGAGGTGAA	1
1118	1117	3	AATCCGCCAAGAAGGGAGGTGAAC	1
1119	1118	3	ATCCGCCAAGAAGGGAGGTGAACG	1
1120	1119	3	TCCGCCAAGAAGGGAGGTGAACGT	1
1121	1120	3	CCGCCAAGAAGGGAGGTGAACGTC	1
1122	1121	3	CGCCAAGAAGGGAGGTGAACGTCA	1
1123	1122	3	GCCAAGAAGGGAGGTGAACGTCAA	1
1124	1123	3	CCAAGAAGGGAGGTGAACGTCAAT	1
1125	1124	3	CAAGAAGGGAGGTGAACGTCAATT	1
1126	1125	3	AAGAAGGGAGGTGAACGTCAATTT	1
1127	1126	4	AGAAGGGAGGTGAACGTCAATTTA	1
1128	1127	4	GAAGGGAGGTGAACGTCAATTTAA	1
1129	1128	4	AAGGGAGGTGAACGTCAATTTAAC	1
1130	1129	4	AGGGAGGTGAACGTCAATTTAACG	1
1131	1130	4	GGGAGGTGAACGTCAATTTAACGG	1
1132	1131	6	GGAGGTGAACGTCAATTTAACGGT	1
1133	1132	6	GAGGTGAACGTCAATTTAACGGTT	1
1134	1133	6	AGGTGAACGTCAATTTAACGGTTT	1
1135	1134	6	GGTGAACGTCAATTTAACGGTTTG	1
1136	1135	5	GTGAACGTCAATTTAACGGTTTGG	1
1137	1136	4	TGAACGTCAATTTAACGGTTTGGT	1
1138	1137	4	GAACGTCAATTTAACGGTTTGGTC	1
1139	1138	4	AACGTCAATTTAACGGTTTGGTCG	1
1140	1139	4	ACGTCAATTTAACGGTTTGGTCGA	1
1141	1140	4	CGTCAATTTAACGGTTTGGTCGAT	1
1142	1141	4	GTCAATTTAACGGTTTGGTCGATG	1
1143	1142	5	TCAATTTAACGGTTTGGTCGATGT	1
1144	1143	5	CAATTTAACGGTTTGGTCGATGTC	1
1145	1144	5	AATTTAACGGTTTGGTCGATGTCT	1
1146	1145	5	ATTTAACGGTTTGGTCGATGTCTA	1
1147	1146	5	TTTAACGGTTTGGTCGATGTCTAT	1
1148	1147	6	TTAACGGTTTGGTCGATGTCTATC	1
1149	1148	6	TAACGGTTTGGTCGATGTCTATCG	1
1150	1149	5	AACGGTTTGGTCGATGTCTATCGT	1
1151	1150	5	ACGGTTTGGTCGATGTCTATCGTA	1
1152	1151	5	CGGTTTGGTCGATGTCTATCGTAA	1
1153	1152	5	GGTTTGGTCGATGTCTATCGTAAG	1
1154	1153	5	GTTTGGTCGATGTCTATCGTAAGA	1
1155	1154	6	TTTGGTCGATGTCTATCGTAAGAC	1
1156	1155	6	TTGGTCGATGTCTATCGTAAGACC	1
1157	1156	6	TGGTCGATGTCTATCGTAAGACCT	1
1158	1157	6	GGTCGATGTCTATCGTAAGACCTA	1
1159	1158	6	GTCGATGTCTATCGTAAGACCTAT	1
1160	1159	6	TCGATGTCTATCGTAAGACCTATC	1
1161	1160	6	CGATGTCTATCGTAAGACCTATCG	1
1162	1161	6	GATGTCTATCGTAAGACCTATCGT	1
1163	1162	6	ATGTCTATCGTAAGACCTATCGTT	1
1164	1163	6	TGTCTATCGTAAGACCTATCGTTC	1
1165	1164	7	GTCTATCGTAAGACCTATCGTTCT	1
1166	1165	7	TCTATCGTAAGACCTATCGTTCTG	1
1167	1166	7	CTATCGTAAGACCTATCGTTCTGA	1
1168	1167	7	TATCGTAAGACCTATCGTTCTGAT	1
1169	1168	7	ATCGTAAGACCTATCGTTCTGATG	1
1170	1169	7	TCGTAAGACCTATCGTTCTGATGG	1
1171	1170	6	CGTAAGACCTATCGTTCTGATGGT	1
1172	1171	6	GTAAGACCTATCGTTCTGATGGTT	1
1173	1172	6	TAAGACCTATCGTTCTGATGGTTT	1
1174	1173	6	AAGACCTATCGTTCTGATGGTTTA	1
1175	1174	6	AGACCTATCGTTCTGATGGTTTAC	1
1176	1175	4	GACCTATCGTTCTGATGGTTTACG	1
1177	1176	4	ACCTATCGTTCTGATGGTTTACGT	1
1178	1177	4	CCTATCGTTCTGATGGTTTACGTG	1
1179	1178	4	CTATCGTTCTGATGGTTTACGTGG	1
1180	1179	4	TATCGTTCTGATGGTTTACGTGGT	1
1181	1180	4	ATCGTTCTGATGGTTTACGTGGTT	1
1182	1181	4	TCGTTCTGATGGTTTACGTGGTTT	1
1183	1182	4	CGTTCTGATGGTTTACGTGGTTTG	1
1184	1183	4	GTTCTGATGGTTTACGTGGTTTGT	1
1185	1184	4	TTCTGATGGTTTACGTGGTTTGTA	1
1186	1185	4	TCTGATGGTTTACGTGGTTTGTAC	1
1187	1186	3	CTGATGGTTTACGTGGTTTGTACC	1
1188	1187	3	TGATGGTTTACGTGGTTTGTACCG	1
1189	1188	3	GATGGTTTACGTGGTTTGTACCGT	1
1190	1189	3	ATGGTTTACGTGGTTTGTACCGTG	1
1191	1190	3	TGGTTTACGTGGTTTGTACCGTGG	1
1192	1191	2	GGTTTACGTGGTTTGTACCGTGGT	1
1193	1192	2	GTTTACGTGGTTTGTACCGTGGTT	1
1194	1193	2	TTTACGTGGTTTGTACCGTGGTTT	1
1195	1194	2	TTACGTGGTTTGTACCGTGGTTTT	1
1196	1195	2	TACGTGGTTTGTACCGTGGTTTTG	1
1197	1196	2	ACGTGGTTTGTACCGTGGTTTTGG	1
1198	1197	2	CGTGGTTTGTACCGTGGTTTTGGC	1
1199	1198	1	GTGGTTTGTACCGTGGTTTTGGCC	1
1200	1199	1	TGGTTTGTACCGTGGTTTTGGCCC	1
1201	1200	1	GGTTTGTACCGTGGTTTTGGCCCT	1
1202	1201	1	GTTTGTACCGTGGTTTTGGCCCTT	1
1203	1202	2	TTTGTACCGTGGTTTTGGCCCTTC	1
1204	1203	2	TTGTACCGTGGTTTTGGCCCTTCT	1
1205	1204	2	TGTACCGTGGTTTTGGCCCTTCTG	1
1206	1205	2	GTACCGTGGTTTTGGCCCTTCTGT	1
1207	1206	2	TACCGTGGTTTTGGCCCTTCTGTT	1
1208	1207	2	ACCGTGGTTTTGGCCCTTCTGTTG	1
1209	1208	1	CCGTGGTTTTGGCCCTTCTGTTGT	1
1210	1209	2	CGTGGTTTTGGCCCTTCTGTTGTC	1
1211	1210	2	GTGGTTTTGGCCCTTCTGTTGTCG	1
1212	1211	2	TGGTTTTGGCCCTTCTGTTGTCGG	1
1213	1212	3	GGTTTTGGCCCTTCTGTTGTCGGT	1
1214	1213	3	GTTTTGGCCCTTCTGTTGTCGGTA	1
1215	1214	3	TTTTGGCCCTTCTGTTGTCGGTAT	1
1216	1215	3	TTTGGCCCTTCTGTTGTCGGTATT	1
1217	1216	3	TTGGCCCTTCTGTTGTCGGTATTG	1
1218	1217	3	TGGCCCTTCTGTTGTCGGTATTGT	1
1219	1218	3	GGCCCTTCTGTTGTCGGTATTGTT	1
1220	1219	3	GCCCTTCTGTTGTCGGTATTGTTG	1
1221	1220	3	CCCTTCTGTTGTCGGTATTGTTGT	1
1222	1221	4	CCTTCTGTTGTCGGTATTGTTGTT	1
1223	1222	6	CTTCTGTTGTCGGTATTGTTGTTT	1
1224	1223	6	TTCTGTTGTCGGTATTGTTGTTTA	1
1225	1224	6	TCTGTTGTCGGTATTGTTGTTTAC	1
1226	1225	6	CTGTTGTCGGTATTGTTGTTTACC	1
1227	1226	6	TGTTGTCGGTATTGTTGTTTACCG	1
1228	1227	7	GTTGTCGGTATTGTTGTTTACCGT	1
1229	1228	7	TTGTCGGTATTGTTGTTTACCGTG	1
1230	1229	7	TGTCGGTATTGTTGTTTACCGTGG	1
1231	1230	7	GTCGGTATTGTTGTTTACCGTGGT	1
1232	1231	7	TCGGTATTGTTGTTTACCGTGGTT	1
1233	1232	7	CGGTATTGTTGTTTACCGTGGTTT	1
1234	1233	8	GGTATTGTTGTTTACCGTGGTTTG	1
1235	1234	8	GTATTGTTGTTTACCGTGGTTTGT	1
1236	1235	8	TATTGTTGTTTACCGTGGTTTGTA	1
1237	1236	8	ATTGTTGTTTACCGTGGTTTGTAC	1
1238	1237	9	TTGTTGTTTACCGTGGTTTGTACT	1
1239	1238	9	TGTTGTTTACCGTGGTTTGTACTT	1
1240	1239	9	GTTGTTTACCGTGGTTTGTACTTC	1
1241	1240	10	TTGTTTACCGTGGTTTGTACTTCG	1
1242	1241	10	TGTTTACCGTGGTTTGTACTTCGG	1
1243	1242	10	GTTTACCGTGGTTTGTACTTCGGT	1
1244	1243	10	TTTACCGTGGTTTGTACTTCGGTA	1
1245	1244	11	TTACCGTGGTTTGTACTTCGGTAT	1
1246	1245	11	TACCGTGGTTTGTACTTCGGTATG	1
1247	1246	10	ACCGTGGTTTGTACTTCGGTATGT	1
1248	1247	10	CCGTGGTTTGTACTTCGGTATGTA	1
1249	1248	10	CGTGGTTTGTACTTCGGTATGTAT	1
1250	1249	10	GTGGTTTGTACTTCGGTATGTATG	1
1251	1250	10	TGGTTTGTACTTCGGTATGTATGA	1
1252	1251	10	GGTTTGTACTTCGGTATGTATGAT	1
1253	1252	10	GTTTGTACTTCGGTATGTATGATA	1
1254	1253	9	TTTGTACTTCGGTATGTATGATAC	1
1255	1254	9	TTGTACTTCGGTATGTATGATACC	1
1256	1255	9	TGTACTTCGGTATGTATGATACCT	1
1257	1256	8	GTACTTCGGTATGTATGATACCTT	1
1258	1257	8	TACTTCGGTATGTATGATACCTTG	1
1259	1258	8	ACTTCGGTATGTATGATACCTTGA	1
1260	1259	8	CTTCGGTATGTATGATACCTTGAA	1
1261	1260	9	TTCGGTATGTATGATACCTTGAAA	1
1262	1261	10	TCGGTATGTATGATACCTTGAAAC	1
1263	1262	10	CGGTATGTATGATACCTTGAAACC	1
1264	1263	10	GGTATGTATGATACCTTGAAACCC	1
1265	1264	8	GTATGTATGATACCTTGAAACCCG	1
1266	1265	7	TATGTATGATACCTTGAAACCCGT	1
1267	1266	7	ATGTATGATACCTTGAAACCCGTC	1
1268	1267	7	TGTATGATACCTTGAAACCCGTCG	1
1269	1268	7	GTATGATACCTTGAAACCCGTCGT	1
1270	1269	7	TATGATACCTTGAAACCCGTCGTT	1
1271	1270	7	ATGATACCTTGAAACCCGTCGTTT	1
1272	1271	6	TGATACCTTGAAACCCGTCGTTTT	1
1273	1272	6	GATACCTTGAAACCCGTCGTTTTG	1
1274	1273	6	ATACCTTGAAACCCGTCGTTTTGG	1
1275	1274	6	TACCTTGAAACCCGTCGTTTTGGT	1
1276	1275	6	ACCTTGAAACCCGTCGTTTTGGTT	1
1277	1276	6	CCTTGAAACCCGTCGTTTTGGTTG	1
1278	1277	5	CTTGAAACCCGTCGTTTTGGTTGG	1
1279	1278	6	TTGAAACCCGTCGTTTTGGTTGGT	1
1280	1279	6	TGAAACCCGTCGTTTTGGTTGGTC	1
1281	1280	6	GAAACCCGTCGTTTTGGTTGGTCC	1
1282	1281	5	AAACCCGTCGTTTTGGTTGGTCCT	1
1283	1282	5	AACCCGTCGTTTTGGTTGGTCCTT	1
1284	1283	5	ACCCGTCGTTTTGGTTGGTCCTTT	1
1285	1284	4	CCCGTCGTTTTGGTTGGTCCTTTG	1
1286	1285	4	CCGTCGTTTTGGTTGGTCCTTTGG	1
1287	1286	4	CGTCGTTTTGGTTGGTCCTTTGGA	1
1288	1287	4	GTCGTTTTGGTTGGTCCTTTGGAG	1
1289	1288	3	TCGTTTTGGTTGGTCCTTTGGAGG	1
1290	1289	3	CGTTTTGGTTGGTCCTTTGGAGGG	1
1291	1290	3	GTTTTGGTTGGTCCTTTGGAGGGC	1
1292	1291	3	TTTTGGTTGGTCCTTTGGAGGGCA	1
1293	1292	3	TTTGGTTGGTCCTTTGGAGGGCAA	1
1294	1293	3	TTGGTTGGTCCTTTGGAGGGCAAC	1
1295	1294	3	TGGTTGGTCCTTTGGAGGGCAACT	1
1296	1295	3	GGTTGGTCCTTTGGAGGGCAACTT	1
1297	1296	3	GTTGGTCCTTTGGAGGGCAACTTC	1
1298	1297	3	TTGGTCCTTTGGAGGGCAACTTCT	1
1299	1298	3	TGGTCCTTTGGAGGGCAACTTCTT	1
1300	1299	3	GGTCCTTTGGAGGGCAACTTCTTG	1
1301	1300	3	GTCCTTTGGAGGGCAACTTCTTGG	1
1302	1301	4	TCCTTTGGAGGGCAACTTCTTGGC	1
1303	1302	4	CCTTTGGAGGGCAACTTCTTGGCC	1
1304	1303	5	CTTTGGAGGGCAACTTCTTGGCCT	1
1305	1304	4	TTTGGAGGGCAACTTCTTGGCCTC	1
1306	1305	3	TTGGAGGGCAACTTCTTGGCCTCC	1
1307	1306	3	TGGAGGGCAACTTCTTGGCCTCCT	1
1308	1307	4	GGAGGGCAACTTCTTGGCCTCCTT	1
1309	1308	4	GAGGGCAACTTCTTGGCCTCCTTC	1
1310	1309	4	AGGGCAACTTCTTGGCCTCCTTCC	1
1311	1310	7	GGGCAACTTCTTGGCCTCCTTCCT	1
1312	1311	7	GGCAACTTCTTGGCCTCCTTCCTT	1
1313	1312	7	GCAACTTCTTGGCCTCCTTCCTTC	1
1314	1313	7	CAACTTCTTGGCCTCCTTCCTTCT	1
1315	1314	7	AACTTCTTGGCCTCCTTCCTTCTC	1
1316	1315	7	ACTTCTTGGCCTCCTTCCTTCTCG	1
1317	1316	7	CTTCTTGGCCTCCTTCCTTCTCGG	1
1318	1317	8	TTCTTGGCCTCCTTCCTTCTCGGT	1
1319	1318	8	TCTTGGCCTCCTTCCTTCTCGGTT	1
1320	1319	8	CTTGGCCTCCTTCCTTCTCGGTTG	1
1321	1320	8	TTGGCCTCCTTCCTTCTCGGTTGG	1
1322	1321	8	TGGCCTCCTTCCTTCTCGGTTGGG	1
1323	1322	7	GGCCTCCTTCCTTCTCGGTTGGGC	1
1324	1323	7	GCCTCCTTCCTTCTCGGTTGGGCC	1
1325	1324	7	CCTCCTTCCTTCTCGGTTGGGCCG	1
1326	1325	7	CTCCTTCCTTCTCGGTTGGGCCGT	1
1327	1326	7	TCCTTCCTTCTCGGTTGGGCCGTT	1
1328	1327	7	CCTTCCTTCTCGGTTGGGCCGTTA	1
1329	1328	7	CTTCCTTCTCGGTTGGGCCGTTAC	1
1330	1329	8	TTCCTTCTCGGTTGGGCCGTTACC	1
1331	1330	8	TCCTTCTCGGTTGGGCCGTTACCA	1
1332	1331	8	CCTTCTCGGTTGGGCCGTTACCAC	1
1333	1332	8	CTTCTCGGTTGGGCCGTTACCACT	1
1334	1333	8	TTCTCGGTTGGGCCGTTACCACTG	1
1335	1334	8	TCTCGGTTGGGCCGTTACCACTGG	1
1336	1335	9	CTCGGTTGGGCCGTTACCACTGGT	1
1337	1336	9	TCGGTTGGGCCGTTACCACTGGTT	1
1338	1337	9	CGGTTGGGCCGTTACCACTGGTTC	1
1339	1338	9	GGTTGGGCCGTTACCACTGGTTCT	1
1340	1339	9	GTTGGGCCGTTACCACTGGTTCTG	1
1341	1340	9	TTGGGCCGTTACCACTGGTTCTGG	1
1342	1341	9	TGGGCCGTTACCACTGGTTCTGGT	1
1343	1342	9	GGGCCGTTACCACTGGTTCTGGTG	1
1344	1343	9	GGCCGTTACCACTGGTTCTGGTGT	1
1345	1344	9	GCCGTTACCACTGGTTCTGGTGTT	1
1346	1345	8	CCGTTACCACTGGTTCTGGTGTTG	1
1347	1346	8	CGTTACCACTGGTTCTGGTGTTGC	1
1348	1347	8	GTTACCACTGGTTCTGGTGTTGCT	1
1349	1348	8	TTACCACTGGTTCTGGTGTTGCTT	1
1350	1349	8	TACCACTGGTTCTGGTGTTGCTTC	1
1351	1350	8	ACCACTGGTTCTGGTGTTGCTTCT	1
1352	1351	7	CCACTGGTTCTGGTGTTGCTTCTT	1
1353	1352	8	CACTGGTTCTGGTGTTGCTTCTTA	1
1354	1353	8	ACTGGTTCTGGTGTTGCTTCTTAT	1
1355	1354	6	CTGGTTCTGGTGTTGCTTCTTATC	1
1356	1355	6	TGGTTCTGGTGTTGCTTCTTATCC	1
1357	1356	6	GGTTCTGGTGTTGCTTCTTATCCT	1
1358	1357	6	GTTCTGGTGTTGCTTCTTATCCTC	1
1359	1358	7	TTCTGGTGTTGCTTCTTATCCTCT	1
1360	1359	7	TCTGGTGTTGCTTCTTATCCTCTT	1
1361	1360	7	CTGGTGTTGCTTCTTATCCTCTTG	1
1362	1361	6	TGGTGTTGCTTCTTATCCTCTTGA	1
1363	1362	6	GGTGTTGCTTCTTATCCTCTTGAT	1
1364	1363	6	GTGTTGCTTCTTATCCTCTTGATA	1
1365	1364	6	TGTTGCTTCTTATCCTCTTGATAC	1
1366	1365	6	GTTGCTTCTTATCCTCTTGATACC	1
1367	1366	6	TTGCTTCTTATCCTCTTGATACCA	1
1368	1367	6	TGCTTCTTATCCTCTTGATACCAT	1
1369	1368	6	GCTTCTTATCCTCTTGATACCATC	1
1370	1369	6	CTTCTTATCCTCTTGATACCATCC	1
1371	1370	6	TTCTTATCCTCTTGATACCATCCG	1
1372	1371	6	TCTTATCCTCTTGATACCATCCGT	1
1373	1372	6	CTTATCCTCTTGATACCATCCGTC	1
1374	1373	5	TTATCCTCTTGATACCATCCGTCG	1
1375	1374	5	TATCCTCTTGATACCATCCGTCGT	1
1376	1375	5	ATCCTCTTGATACCATCCGTCGTC	1
1377	1376	6	TCCTCTTGATACCATCCGTCGTCG	1
1378	1377	6	CCTCTTGATACCATCCGTCGTCGT	1
1379	1378	6	CTCTTGATACCATCCGTCGTCGTA	1
1380	1379	5	TCTTGATACCATCCGTCGTCGTAT	1
1381	1380	5	CTTGATACCATCCGTCGTCGTATG	1
1382	1381	6	TTGATACCATCCGTCGTCGTATGA	1
1383	1382	6	TGATACCATCCGTCGTCGTATGAT	1
1384	1383	6	GATACCATCCGTCGTCGTATGATG	1
1385	1384	6	ATACCATCCGTCGTCGTATGATGA	1
1386	1385	6	TACCATCCGTCGTCGTATGATGAT	1
1387	1386	6	ACCATCCGTCGTCGTATGATGATG	1
1388	1387	6	CCATCCGTCGTCGTATGATGATGA	1
1389	1388	6	CATCCGTCGTCGTATGATGATGAC	1
1390	1389	6	ATCCGTCGTCGTATGATGATGACA	1
1391	1390	6	TCCGTCGTCGTATGATGATGACAT	1
1392	1391	6	CCGTCGTCGTATGATGATGACATC	1
1393	1392	6	CGTCGTCGTATGATGATGACATCT	1
1394	1393	7	GTCGTCGTATGATGATGACATCTG	1
1395	1394	7	TCGTCGTATGATGATGACATCTGG	1
1396	1395	7	CGTCGTATGATGATGACATCTGGT	1
1397	1396	6	GTCGTATGATGATGACATCTGGTG	1
1398	1397	5	TCGTATGATGATGACATCTGGTGA	1
1399	1398	5	CGTATGATGATGACATCTGGTGAA	1
1400	1399	5	GTATGATGATGACATCTGGTGAAG	1
1401	1400	5	TATGATGATGACATCTGGTGAAGC	1
1402	1401	4	ATGATGATGACATCTGGTGAAGCC	1
1403	1402	4	TGATGATGACATCTGGTGAAGCCG	1
1404	1403	4	GATGATGACATCTGGTGAAGCCGT	1
1405	1404	4	ATGATGACATCTGGTGAAGCCGTC	1
1406	1405	4	TGATGACATCTGGTGAAGCCGTCA	1
1407	1406	4	GATGACATCTGGTGAAGCCGTCAA	1
1408	1407	5	ATGACATCTGGTGAAGCCGTCAAG	1
1409	1408	5	TGACATCTGGTGAAGCCGTCAAGT	1
1410	1409	5	GACATCTGGTGAAGCCGTCAAGTA	1
1411	1410	5	ACATCTGGTGAAGCCGTCAAGTAT	1
1412	1411	5	CATCTGGTGAAGCCGTCAAGTATA	1
1413	1412	5	ATCTGGTGAAGCCGTCAAGTATAG	1
1414	1413	5	TCTGGTGAAGCCGTCAAGTATAGC	1
1415	1414	4	CTGGTGAAGCCGTCAAGTATAGCT	1
1416	1415	4	TGGTGAAGCCGTCAAGTATAGCTC	1
1417	1416	4	GGTGAAGCCGTCAAGTATAGCTCC	1
1418	1417	3	GTGAAGCCGTCAAGTATAGCTCCT	1
1419	1418	3	TGAAGCCGTCAAGTATAGCTCCTC	1
1420	1419	3	GAAGCCGTCAAGTATAGCTCCTCC	1
1421	1420	3	AAGCCGTCAAGTATAGCTCCTCCT	1
1422	1421	3	AGCCGTCAAGTATAGCTCCTCCTT	1
1423	1422	3	GCCGTCAAGTATAGCTCCTCCTTT	1
1424	1423	3	CCGTCAAGTATAGCTCCTCCTTTG	1
1425	1424	4	CGTCAAGTATAGCTCCTCCTTTGA	1
1426	1425	4	GTCAAGTATAGCTCCTCCTTTGAA	1
1427	1426	4	TCAAGTATAGCTCCTCCTTTGAAT	1
1428	1427	4	CAAGTATAGCTCCTCCTTTGAATG	1
1429	1428	4	AAGTATAGCTCCTCCTTTGAATGT	1
1430	1429	5	AGTATAGCTCCTCCTTTGAATGTG	1
1431	1430	5	GTATAGCTCCTCCTTTGAATGTGG	1
1432	1431	5	TATAGCTCCTCCTTTGAATGTGGT	1
1433	1432	5	ATAGCTCCTCCTTTGAATGTGGTC	1
1434	1433	4	TAGCTCCTCCTTTGAATGTGGTCG	1
1435	1434	3	AGCTCCTCCTTTGAATGTGGTCGT	1
1436	1435	4	GCTCCTCCTTTGAATGTGGTCGTC	1
1437	1436	4	CTCCTCCTTTGAATGTGGTCGTCA	1
1438	1437	4	TCCTCCTTTGAATGTGGTCGTCAA	1
1439	1438	4	CCTCCTTTGAATGTGGTCGTCAAA	1
1440	1439	4	CTCCTTTGAATGTGGTCGTCAAAT	1
1441	1440	4	TCCTTTGAATGTGGTCGTCAAATC	1
1442	1441	4	CCTTTGAATGTGGTCGTCAAATCC	1
1443	1442	4	CTTTGAATGTGGTCGTCAAATCCT	1
1444	1443	4	TTTGAATGTGGTCGTCAAATCCTC	1
1445	1444	4	TTGAATGTGGTCGTCAAATCCTCG	1
1446	1445	4	TGAATGTGGTCGTCAAATCCTCGC	1
1447	1446	5	GAATGTGGTCGTCAAATCCTCGCC	1
1448	1447	5	AATGTGGTCGTCAAATCCTCGCCA	1
1449	1448	5	ATGTGGTCGTCAAATCCTCGCCAA	1
1450	1449	5	TGTGGTCGTCAAATCCTCGCCAAG	1
1451	1450	5	GTGGTCGTCAAATCCTCGCCAAGG	1
1452	1451	5	TGGTCGTCAAATCCTCGCCAAGGA	1
1453	1452	5	GGTCGTCAAATCCTCGCCAAGGAA	1
1454	1453	5	GTCGTCAAATCCTCGCCAAGGAAG	1
1455	1454	5	TCGTCAAATCCTCGCCAAGGAAGG	1
1456	1455	5	CGTCAAATCCTCGCCAAGGAAGGT	1
1457	1456	5	GTCAAATCCTCGCCAAGGAAGGTG	1
1458	1457	5	TCAAATCCTCGCCAAGGAAGGTGC	1
1459	1458	5	CAAATCCTCGCCAAGGAAGGTGCT	1
1460	1459	6	AAATCCTCGCCAAGGAAGGTGCTC	1
1461	1460	6	AATCCTCGCCAAGGAAGGTGCTCG	1
1462	1461	6	ATCCTCGCCAAGGAAGGTGCTCGT	1
1463	1462	6	TCCTCGCCAAGGAAGGTGCTCGTT	1
1464	1463	6	CCTCGCCAAGGAAGGTGCTCGTTC	1
1465	1464	6	CTCGCCAAGGAAGGTGCTCGTTCT	1
1466	1465	6	TCGCCAAGGAAGGTGCTCGTTCTT	1
1467	1466	6	CGCCAAGGAAGGTGCTCGTTCTTT	1
1468	1467	6	GCCAAGGAAGGTGCTCGTTCTTTC	1
1469	1468	5	CCAAGGAAGGTGCTCGTTCTTTCT	1
1470	1469	4	CAAGGAAGGTGCTCGTTCTTTCTT	1
1471	1470	4	AAGGAAGGTGCTCGTTCTTTCTTC	1
1472	1471	4	AGGAAGGTGCTCGTTCTTTCTTCA	1
1473	1472	4	GGAAGGTGCTCGTTCTTTCTTCAA	1
1474	1473	3	GAAGGTGCTCGTTCTTTCTTCAAG	1
1475	1474	3	AAGGTGCTCGTTCTTTCTTCAAGG	1
1476	1475	3	AGGTGCTCGTTCTTTCTTCAAGGG	1
1477	1476	3	GGTGCTCGTTCTTTCTTCAAGGGT	1
1478	1477	3	GTGCTCGTTCTTTCTTCAAGGGTG	1
1479	1478	3	TGCTCGTTCTTTCTTCAAGGGTGC	1
1480	1479	2	GCTCGTTCTTTCTTCAAGGGTGCC	1
1481	1480	2	CTCGTTCTTTCTTCAAGGGTGCCG	1
1482	1481	2	TCGTTCTTTCTTCAAGGGTGCCGG	1
1483	1482	2	CGTTCTTTCTTCAAGGGTGCCGGT	1
1484	1483	3	GTTCTTTCTTCAAGGGTGCCGGTG	1
1485	1484	3	TTCTTTCTTCAAGGGTGCCGGTGC	1
1486	1485	3	TCTTTCTTCAAGGGTGCCGGTGCC	1
1487	1486	3	CTTTCTTCAAGGGTGCCGGTGCCA	1
1488	1487	3	TTTCTTCAAGGGTGCCGGTGCCAA	1
1489	1488	4	TTCTTCAAGGGTGCCGGTGCCAAC	1
1490	1489	4	TCTTCAAGGGTGCCGGTGCCAACA	1
1491	1490	4	CTTCAAGGGTGCCGGTGCCAACAT	1
1492	1491	4	TTCAAGGGTGCCGGTGCCAACATT	1
1493	1492	5	TCAAGGGTGCCGGTGCCAACATTC	1
1494	1493	5	CAAGGGTGCCGGTGCCAACATTCT	1
1495	1494	4	AAGGGTGCCGGTGCCAACATTCTT	1
1496	1495	4	AGGGTGCCGGTGCCAACATTCTTC	1
1497	1496	4	GGGTGCCGGTGCCAACATTCTTCG	1
1498	1497	4	GGTGCCGGTGCCAACATTCTTCGT	1
1499	1498	4	GTGCCGGTGCCAACATTCTTCGTG	1
1500	1499	4	TGCCGGTGCCAACATTCTTCGTGG	1
1501	1500	4	GCCGGTGCCAACATTCTTCGTGGT	1
1502	1501	4	CCGGTGCCAACATTCTTCGTGGTG	1
1503	1502	4	CGGTGCCAACATTCTTCGTGGTGT	1
1504	1503	3	GGTGCCAACATTCTTCGTGGTGTT	1
1505	1504	3	GTGCCAACATTCTTCGTGGTGTTG	1
1506	1505	3	TGCCAACATTCTTCGTGGTGTTGC	1
1507	1506	3	GCCAACATTCTTCGTGGTGTTGCT	1
1508	1507	3	CCAACATTCTTCGTGGTGTTGCTG	1
1509	1508	3	CAACATTCTTCGTGGTGTTGCTGG	1
1510	1509	4	AACATTCTTCGTGGTGTTGCTGGA	1
1511	1510	4	ACATTCTTCGTGGTGTTGCTGGAG	1
1512	1511	4	CATTCTTCGTGGTGTTGCTGGAGC	1
1513	1512	4	ATTCTTCGTGGTGTTGCTGGAGCT	1
1514	1513	4	TTCTTCGTGGTGTTGCTGGAGCTG	1
1515	1514	4	TCTTCGTGGTGTTGCTGGAGCTGG	1
1516	1515	4	CTTCGTGGTGTTGCTGGAGCTGGT	1
1517	1516	4	TTCGTGGTGTTGCTGGAGCTGGTG	1
1518	1517	4	TCGTGGTGTTGCTGGAGCTGGTGT	1
1519	1518	4	CGTGGTGTTGCTGGAGCTGGTGTC	1
1520	1519	5	GTGGTGTTGCTGGAGCTGGTGTCC	1
1521	1520	5	TGGTGTTGCTGGAGCTGGTGTCCT	1
1522	1521	5	GGTGTTGCTGGAGCTGGTGTCCTT	1
1523	1522	5	GTGTTGCTGGAGCTGGTGTCCTTT	1
1524	1523	5	TGTTGCTGGAGCTGGTGTCCTTTC	1
1525	1524	5	GTTGCTGGAGCTGGTGTCCTTTCC	1
1526	1525	5	TTGCTGGAGCTGGTGTCCTTTCCA	1
1527	1526	5	TGCTGGAGCTGGTGTCCTTTCCAT	1
1528	1527	4	GCTGGAGCTGGTGTCCTTTCCATT	1
1529	1528	4	CTGGAGCTGGTGTCCTTTCCATTT	1
1530	1529	4	TGGAGCTGGTGTCCTTTCCATTTA	1
1531	1530	4	GGAGCTGGTGTCCTTTCCATTTAT	1
1532	1531	4	GAGCTGGTGTCCTTTCCATTTATG	1
1533	1532	3	AGCTGGTGTCCTTTCCATTTATGA	1
1534	1533	3	GCTGGTGTCCTTTCCATTTATGAC	1
1535	1534	2	CTGGTGTCCTTTCCATTTATGACC	1
1536	1535	2	TGGTGTCCTTTCCATTTATGACCA	1
1537	1536	1	GGTGTCCTTTCCATTTATGACCAA	1
1538	1537	1	GTGTCCTTTCCATTTATGACCAAG	1
1539	1538	1	TGTCCTTTCCATTTATGACCAAGT	1
1540	1539	1	GTCCTTTCCATTTATGACCAAGTT	1
1541	1540	1	TCCTTTCCATTTATGACCAAGTTC	1
1542	1541	1	CCTTTCCATTTATGACCAAGTTCA	1
1543	1542	1	CTTTCCATTTATGACCAAGTTCAA	1
1544	1543	1	TTTCCATTTATGACCAAGTTCAAC	1
1545	1544	1	TTCCATTTATGACCAAGTTCAACT	1
1546	1545	1	TCCATTTATGACCAAGTTCAACTT	1
1547	1546	1	CCATTTATGACCAAGTTCAACTTT	1
1548	1547	1	CATTTATGACCAAGTTCAACTTTT	1
1549	1548	1	ATTTATGACCAAGTTCAACTTTTG	1
1550	1549	1	TTTATGACCAAGTTCAACTTTTGA	1
1551	1550	1	TTATGACCAAGTTCAACTTTTGAT	1
1552	1551	1	TATGACCAAGTTCAACTTTTGATG	1
1553	1552	1	ATGACCAAGTTCAACTTTTGATGT	1
1554	-1	0	CCCTCTTACCCTTTACCAACCACG	1
1555	1554	1	CCTCTTACCCTTTACCAACCACGA	1
1556	1555	1	CTCTTACCCTTTACCAACCACGAT	1
1557	1556	1	TCTTACCCTTTACCAACCACGATT	1
1558	1557	1	CTTACCCTTTACCAACCACGATTT	1
1559	1558	1	TTACCCTTTACCAACCACGATTTT	1
1560	1559	1	TACCCTTTACCAACCACGATTTTA	1
1561	1560	1	ACCCTTTACCAACCACGATTTTAG	1
1562	1561	1	CCCTTTACCAACCACGATTTTAGG	1
1563	1562	1	CCTTTACCAACCACGATTTTAGGA	1
1564	1563	2	CTTTACCAACCACGATTTTAGGAT	1
1565	1564	3	TTTACCAACCACGATTTTAGGATC	1
1566	1565	3	TTACCAACCACGATTTTAGGATCA	1
1567	1566	3	TACCAACCACGATTTTAGGATCAT	1
1568	1567	3	ACCAACCACGATTTTAGGATCATA	1
1569	1568	3	CCAACCACGATTTTAGGATCATAA	1
1570	1569	3	CAACCACGATTTTAGGATCATAAC	1
1571	1570	3	AACCACGATTTTAGGATCATAACA	1
1572	1571	3	ACCACGATTTTAGGATCATAACAA	1
1573	1572	3	CCACGATTTTAGGATCATAACAAA	1
1574	1573	3	CACGATTTTAGGATCATAACAAAG	1
1575	1574	7	ACGATTTTAGGATCATAACAAAGA	1
1576	1575	7	CGATTTTAGGATCATAACAAAGAA	1
1577	1576	7	GATTTTAGGATCATAACAAAGAAA	1
1578	1577	7	ATTTTAGGATCATAACAAAGAAAC	1
1579	1578	7	TTTTAGGATCATAACAAAGAAACC	1
1580	1579	7	TTTAGGATCATAACAAAGAAACCA	1
1581	1580	7	TTAGGATCATAACAAAGAAACCAG	1
1582	1581	7	TAGGATCATAACAAAGAAACCAGC	1
1583	1582	7	AGGATCATAACAAAGAAACCAGCT	1
1584	1583	7	GGATCATAACAAAGAAACCAGCTT	1
1585	1584	7	GATCATAACAAAGAAACCAGCTTA	1
1586	1585	7	ATCATAACAAAGAAACCAGCTTAA	1
1587	1586	7	TCATAACAAAGAAACCAGCTTAAA	1
1588	1587	8	CATAACAAAGAAACCAGCTTAAAT	1
1589	1588	8	ATAACAAAGAAACCAGCTTAAATA	1
1590	1589	8	TAACAAAGAAACCAGCTTAAATAG	1
1591	1590	8	AACAAAGAAACCAGCTTAAATAGC	1
1592	1591	8	ACAAAGAAACCAGCTTAAATAGCT	1
1593	1592	8	CAAAGAAACCAGCTTAAATAGCTA	1
1594	1593	8	AAAGAAACCAGCTTAAATAGCTAC	1
1595	1594	8	AAGAAACCAGCTTAAATAGCTACT	1
1596	1595	8	AGAAACCAGCTTAAATAGCTACTT	1
1597	1596	8	GAAACCAGCTTAAATAGCTACTTA	1
1598	1597	8	AAACCAGCTTAAATAGCTACTTAT	1
1599	1598	7	AACCAGCTTAAATAGCTACTTATT	1
1600	1599	7	ACCAGCTTAAATAGCTACTTATTC	1
1601	1600	7	CCAGCTTAAATAGCTACTTATTCT	1
1602	1601	7	CAGCTTAAATAGCTACTTATTCTT	1
1603	1602	7	AGCTTAAATAGCTACTTATTCTTT	1
1604	1603	7	GCTTAAATAGCTACTTATTCTTTG	1
1605	1604	7	CTTAAATAGCTACTTATTCTTTGA	1
1606	1605	7	TTAAATAGCTACTTATTCTTTGAA	1
1607	1606	6	TAAATAGCTACTTATTCTTTGAAA	1
1608	1607	5	AAATAGCTACTTATTCTTTGAAAA	1
1609	1608	4	AATAGCTACTTATTCTTTGAAAAA	1
1610	1609	4	ATAGCTACTTATTCTTTGAAAAAT	1
1611	1610	4	TAGCTACTTATTCTTTGAAAAATA	1
1612	1611	4	AGCTACTTATTCTTTGAAAAATAA	1
1613	1612	4	GCTACTTATTCTTTGAAAAATAAC	1
1614	1613	4	CTACTTATTCTTTGAAAAATAACG	1
1615	1614	4	TACTTATTCTTTGAAAAATAACGT	1
1616	1615	4	ACTTATTCTTTGAAAAATAACGTT	1
1617	1616	4	CTTATTCTTTGAAAAATAACGTTT	1
1618	1617	4	TTATTCTTTGAAAAATAACGTTTA	1
