Component 52
1	-1	0	GAAGGTCTTGATGCTCTTCGTGAC	1
2	1	1	AAGGTCTTGATGCTCTTCGTGACG	1
3	2	3	AGGTCTTGATGCTCTTCGTGACGT	1
4	3	3	GGTCTTGATGCTCTTCGTGACGTT	1
5	4	3	GTCTTGATGCTCTTCGTGACGTTA	1
6	5	4	TCTTGATGCTCTTCGTGACGTTAT	1
7	6	4	CTTGATGCTCTTCGTGACGTTATT	1
8	7	4	TTGATGCTCTTCGTGACGTTATTT	1
9	8	4	TGATGCTCTTCGTGACGTTATTTA	1
10	9	5	GATGCTCTTCGTGACGTTATTTAC	1
11	10	5	ATGCTCTTCGTGACGTTATTTACC	1
12	11	5	TGCTCTTCGTGACGTTATTTACCA	1
13	12	5	GCTCTTCGTGACGTTATTTACCAT	1
14	13	5	CTCTTCGTGACGTTATTTACCATC	1
15	14	5	TCTTCGTGACGTTATTTACCATCT	1
16	15	5	CTTCGTGACGTTATTTACCATCTT	1
17	16	5	TTCGTGACGTTATTTACCATCTTG	1
18	17	5	TCGTGACGTTATTTACCATCTTGA	1
19	18	5	CGTGACGTTATTTACCATCTTGAG	1
20	19	5	GTGACGTTATTTACCATCTTGAGA	1
21	20	5	TGACGTTATTTACCATCTTGAGAC	1
22	21	5	GACGTTATTTACCATCTTGAGACA	1
23	22	5	ACGTTATTTACCATCTTGAGACAT	1
24	23	5	CGTTATTTACCATCTTGAGACATA	1
25	24	5	GTTATTTACCATCTTGAGACATAT	1
26	25	5	TTATTTACCATCTTGAGACATATG	1
27	26	5	TATTTACCATCTTGAGACATATGA	1
28	27	5	ATTTACCATCTTGAGACATATGAT	1
29	28	5	TTTACCATCTTGAGACATATGATG	1
30	29	5	TTACCATCTTGAGACATATGATGT	1
31	30	5	TACCATCTTGAGACATATGATGTT	1
32	31	5	ACCATCTTGAGACATATGATGTTA	1
33	32	5	CCATCTTGAGACATATGATGTTAC	1
34	33	5	CATCTTGAGACATATGATGTTACC	1
35	34	5	ATCTTGAGACATATGATGTTACCA	1
36	35	5	TCTTGAGACATATGATGTTACCAC	1
37	36	5	CTTGAGACATATGATGTTACCACT	1
38	37	5	TTGAGACATATGATGTTACCACTA	1
39	38	5	TGAGACATATGATGTTACCACTAT	1
40	39	5	GAGACATATGATGTTACCACTATC	1
41	40	5	AGACATATGATGTTACCACTATCC	1
42	41	5	GACATATGATGTTACCACTATCCG	1
43	42	5	ACATATGATGTTACCACTATCCGT	1
44	43	5	CATATGATGTTACCACTATCCGTG	1
45	44	5	ATATGATGTTACCACTATCCGTGC	1
46	45	4	TATGATGTTACCACTATCCGTGCA	1
47	46	2	ATGATGTTACCACTATCCGTGCAA	1
48	47	2	TGATGTTACCACTATCCGTGCAAG	1
49	48	2	GATGTTACCACTATCCGTGCAAGT	1
50	49	1	ATGTTACCACTATCCGTGCAAGTA	1
51	50	1	TGTTACCACTATCCGTGCAAGTAC	1
52	51	1	GTTACCACTATCCGTGCAAGTACC	1
53	52	1	TTACCACTATCCGTGCAAGTACCC	1
54	-1	0	GCGCGAGACTTTGGAGGCTTCCGT	1
55	54	1	CGCGAGACTTTGGAGGCTTCCGTT	1
56	55	1	GCGAGACTTTGGAGGCTTCCGTTC	1
57	56	1	CGAGACTTTGGAGGCTTCCGTTCG	1
58	57	1	GAGACTTTGGAGGCTTCCGTTCGC	1
59	58	1	AGACTTTGGAGGCTTCCGTTCGCA	1
60	59	1	GACTTTGGAGGCTTCCGTTCGCAA	1
61	60	1	ACTTTGGAGGCTTCCGTTCGCAAG	1
62	61	1	CTTTGGAGGCTTCCGTTCGCAAGC	1
63	62	1	TTTGGAGGCTTCCGTTCGCAAGCG	1
64	63	2	TTGGAGGCTTCCGTTCGCAAGCGT	1
65	64	2	TGGAGGCTTCCGTTCGCAAGCGTT	1
66	65	2	GGAGGCTTCCGTTCGCAAGCGTTT	1
67	66	2	GAGGCTTCCGTTCGCAAGCGTTTA	1
68	67	2	AGGCTTCCGTTCGCAAGCGTTTAA	1
69	68	2	GGCTTCCGTTCGCAAGCGTTTAAT	1
70	69	2	GCTTCCGTTCGCAAGCGTTTAATG	1
71	70	2	CTTCCGTTCGCAAGCGTTTAATGG	1
72	71	2	TTCCGTTCGCAAGCGTTTAATGGC	1
73	72	2	TCCGTTCGCAAGCGTTTAATGGCT	1
74	73	2	CCGTTCGCAAGCGTTTAATGGCTG	1
75	74	2	CGTTCGCAAGCGTTTAATGGCTGA	1
76	75	2	GTTCGCAAGCGTTTAATGGCTGAA	1
77	76	2	TTCGCAAGCGTTTAATGGCTGAAG	1
78	77	2	TCGCAAGCGTTTAATGGCTGAAGT	1
79	78	2	CGCAAGCGTTTAATGGCTGAAGTT	1
80	79	2	GCAAGCGTTTAATGGCTGAAGTTC	1
81	80	2	CAAGCGTTTAATGGCTGAAGTTCC	1
82	81	2	AAGCGTTTAATGGCTGAAGTTCCT	1
83	82	2	AGCGTTTAATGGCTGAAGTTCCTT	1
84	83	2	GCGTTTAATGGCTGAAGTTCCTTA	1
85	84	2	CGTTTAATGGCTGAAGTTCCTTAT	1
86	85	2	GTTTAATGGCTGAAGTTCCTTATG	1
87	86	2	TTTAATGGCTGAAGTTCCTTATGG	1
88	87	2	TTAATGGCTGAAGTTCCTTATGGT	1
89	88	2	TAATGGCTGAAGTTCCTTATGGTG	1
90	89	2	AATGGCTGAAGTTCCTTATGGTGT	1
91	90	2	ATGGCTGAAGTTCCTTATGGTGTT	1
92	91	2	TGGCTGAAGTTCCTTATGGTGTTC	1
93	92	3	GGCTGAAGTTCCTTATGGTGTTCT	1
94	93	3	GCTGAAGTTCCTTATGGTGTTCTT	1
95	94	3	CTGAAGTTCCTTATGGTGTTCTTC	1
96	95	3	TGAAGTTCCTTATGGTGTTCTTCT	1
97	96	3	GAAGTTCCTTATGGTGTTCTTCTA	1
98	97	3	AAGTTCCTTATGGTGTTCTTCTAT	1
99	98	2	AGTTCCTTATGGTGTTCTTCTATC	1
100	99	2	GTTCCTTATGGTGTTCTTCTATCT	1
101	100	2	TTCCTTATGGTGTTCTTCTATCTG	1
102	101	2	TCCTTATGGTGTTCTTCTATCTGG	1
103	102	2	CCTTATGGTGTTCTTCTATCTGGT	1
104	103	2	CTTATGGTGTTCTTCTATCTGGTG	1
105	104	2	TTATGGTGTTCTTCTATCTGGTGG	1
106	105	2	TATGGTGTTCTTCTATCTGGTGGT	1
107	106	2	ATGGTGTTCTTCTATCTGGTGGTT	1
108	107	1	TGGTGTTCTTCTATCTGGTGGTTT	1
109	108	1	GGTGTTCTTCTATCTGGTGGTTTG	1
110	109	1	GTGTTCTTCTATCTGGTGGTTTGG	1
111	110	1	TGTTCTTCTATCTGGTGGTTTGGA	1
112	111	1	GTTCTTCTATCTGGTGGTTTGGAT	1
113	112	1	TTCTTCTATCTGGTGGTTTGGATT	1
114	113	1	TCTTCTATCTGGTGGTTTGGATTC	1
115	114	1	CTTCTATCTGGTGGTTTGGATTCC	1
116	115	1	TTCTATCTGGTGGTTTGGATTCCA	1
117	116	1	TCTATCTGGTGGTTTGGATTCCAG	1
118	117	1	CTATCTGGTGGTTTGGATTCCAGT	1
119	118	1	TATCTGGTGGTTTGGATTCCAGTT	1
120	119	1	ATCTGGTGGTTTGGATTCCAGTTT	1
121	120	1	TCTGGTGGTTTGGATTCCAGTTTG	1
122	121	1	CTGGTGGTTTGGATTCCAGTTTGA	1
123	122	2	TGGTGGTTTGGATTCCAGTTTGAT	1
124	123	2	GGTGGTTTGGATTCCAGTTTGATT	1
125	124	2	GTGGTTTGGATTCCAGTTTGATTG	1
126	125	2	TGGTTTGGATTCCAGTTTGATTGC	1
127	126	2	GGTTTGGATTCCAGTTTGATTGCT	1
128	127	2	GTTTGGATTCCAGTTTGATTGCTT	1
129	128	2	TTTGGATTCCAGTTTGATTGCTTC	1
130	129	4	TTGGATTCCAGTTTGATTGCTTCT	1
131	130	4	TGGATTCCAGTTTGATTGCTTCTA	1
132	131	4	GGATTCCAGTTTGATTGCTTCTAT	1
133	132	4	GATTCCAGTTTGATTGCTTCTATT	1
134	133	4	ATTCCAGTTTGATTGCTTCTATTG	1
135	134	4	TTCCAGTTTGATTGCTTCTATTGC	1
136	135	4	TCCAGTTTGATTGCTTCTATTGCC	1
137	136	3	CCAGTTTGATTGCTTCTATTGCCG	1
138	137	3	CAGTTTGATTGCTTCTATTGCCGC	1
139	138	3	AGTTTGATTGCTTCTATTGCCGCT	1
140	139	3	GTTTGATTGCTTCTATTGCCGCTC	1
141	140	3	TTTGATTGCTTCTATTGCCGCTCG	1
142	141	3	TTGATTGCTTCTATTGCCGCTCGT	1
143	142	3	TGATTGCTTCTATTGCCGCTCGTG	1
144	143	3	GATTGCTTCTATTGCCGCTCGTGA	1
145	144	3	ATTGCTTCTATTGCCGCTCGTGAA	1
146	145	3	TTGCTTCTATTGCCGCTCGTGAAA	1
147	146	3	TGCTTCTATTGCCGCTCGTGAAAC	1
148	147	3	GCTTCTATTGCCGCTCGTGAAACT	1
149	148	3	CTTCTATTGCCGCTCGTGAAACTG	1
150	149	4	TTCTATTGCCGCTCGTGAAACTGA	1
151	150	4	TCTATTGCCGCTCGTGAAACTGAG	1
152	151	4	CTATTGCCGCTCGTGAAACTGAGA	1
153	152	4	TATTGCCGCTCGTGAAACTGAGAA	1
154	153	4	ATTGCCGCTCGTGAAACTGAGAAG	1
155	154	4	TTGCCGCTCGTGAAACTGAGAAGC	1
156	155	4	TGCCGCTCGTGAAACTGAGAAGCT	1
157	156	4	GCCGCTCGTGAAACTGAGAAGCTC	1
158	157	4	CCGCTCGTGAAACTGAGAAGCTCG	1
159	158	4	CGCTCGTGAAACTGAGAAGCTCGC	1
160	159	4	GCTCGTGAAACTGAGAAGCTCGCT	1
161	160	4	CTCGTGAAACTGAGAAGCTCGCTA	1
162	161	4	TCGTGAAACTGAGAAGCTCGCTAA	1
163	162	4	CGTGAAACTGAGAAGCTCGCTAAC	1
164	163	5	GTGAAACTGAGAAGCTCGCTAACA	1
165	164	5	TGAAACTGAGAAGCTCGCTAACAG	1
166	165	4	GAAACTGAGAAGCTCGCTAACAGC	1
167	166	3	AAACTGAGAAGCTCGCTAACAGCA	1
168	167	3	AACTGAGAAGCTCGCTAACAGCAC	1
169	168	3	ACTGAGAAGCTCGCTAACAGCACT	1
170	169	3	CTGAGAAGCTCGCTAACAGCACTT	1
171	170	3	TGAGAAGCTCGCTAACAGCACTTC	1
172	171	3	GAGAAGCTCGCTAACAGCACTTCG	1
173	172	3	AGAAGCTCGCTAACAGCACTTCGC	1
174	173	1	GAAGCTCGCTAACAGCACTTCGCA	1
175	174	1	AAGCTCGCTAACAGCACTTCGCAG	1
176	175	1	AGCTCGCTAACAGCACTTCGCAGT	1
177	176	1	GCTCGCTAACAGCACTTCGCAGTC	1
178	177	1	CTCGCTAACAGCACTTCGCAGTCC	1
179	178	1	TCGCTAACAGCACTTCGCAGTCCG	1
180	179	1	CGCTAACAGCACTTCGCAGTCCGA	1
181	180	1	GCTAACAGCACTTCGCAGTCCGAA	1
182	181	1	CTAACAGCACTTCGCAGTCCGAAG	1
183	182	1	TAACAGCACTTCGCAGTCCGAAGA	1
184	183	1	AACAGCACTTCGCAGTCCGAAGAG	1
185	184	1	ACAGCACTTCGCAGTCCGAAGAGG	1
186	185	1	CAGCACTTCGCAGTCCGAAGAGGC	1
187	186	1	AGCACTTCGCAGTCCGAAGAGGCT	1
188	187	1	GCACTTCGCAGTCCGAAGAGGCTC	1
189	188	1	CACTTCGCAGTCCGAAGAGGCTCG	1
190	189	1	ACTTCGCAGTCCGAAGAGGCTCGT	1
191	190	1	CTTCGCAGTCCGAAGAGGCTCGTA	1
192	191	1	TTCGCAGTCCGAAGAGGCTCGTAC	1
193	192	1	TCGCAGTCCGAAGAGGCTCGTACC	1
194	193	1	CGCAGTCCGAAGAGGCTCGTACCA	1
195	194	1	GCAGTCCGAAGAGGCTCGTACCAT	1
196	195	1	CAGTCCGAAGAGGCTCGTACCATT	1
197	196	1	AGTCCGAAGAGGCTCGTACCATTA	1
198	197	1	GTCCGAAGAGGCTCGTACCATTAC	1
199	198	1	TCCGAAGAGGCTCGTACCATTACC	1
200	199	1	CCGAAGAGGCTCGTACCATTACCG	1
201	200	1	CGAAGAGGCTCGTACCATTACCGC	1
202	201	1	GAAGAGGCTCGTACCATTACCGCT	1
203	202	1	AAGAGGCTCGTACCATTACCGCTT	1
204	203	1	AGAGGCTCGTACCATTACCGCTTG	1
205	204	1	GAGGCTCGTACCATTACCGCTTGG	1
206	205	1	AGGCTCGTACCATTACCGCTTGGC	1
207	206	1	GGCTCGTACCATTACCGCTTGGCC	1
