Component 522
1	-1	0	GCGAACAAGAATTCCAAGCCCATA	1
2	1	1	CGAACAAGAATTCCAAGCCCATAC	1
3	2	1	GAACAAGAATTCCAAGCCCATACT	1
4	3	1	AACAAGAATTCCAAGCCCATACTA	1
5	4	1	ACAAGAATTCCAAGCCCATACTAA	1
6	5	1	CAAGAATTCCAAGCCCATACTAAT	1
7	6	1	AAGAATTCCAAGCCCATACTAATT	1
8	7	1	AGAATTCCAAGCCCATACTAATTG	1
9	8	1	GAATTCCAAGCCCATACTAATTGG	1
10	9	1	AATTCCAAGCCCATACTAATTGGG	1
11	10	1	ATTCCAAGCCCATACTAATTGGGT	1
12	11	1	TTCCAAGCCCATACTAATTGGGTC	1
13	12	1	TCCAAGCCCATACTAATTGGGTCT	1
14	13	1	CCAAGCCCATACTAATTGGGTCTC	1
15	14	1	CAAGCCCATACTAATTGGGTCTCG	1
16	15	2	AAGCCCATACTAATTGGGTCTCGG	1
17	16	2	AGCCCATACTAATTGGGTCTCGGA	1
18	17	2	GCCCATACTAATTGGGTCTCGGAG	1
19	18	2	CCCATACTAATTGGGTCTCGGAGA	1
20	19	2	CCATACTAATTGGGTCTCGGAGAT	1
21	20	2	CATACTAATTGGGTCTCGGAGATG	1
22	21	2	ATACTAATTGGGTCTCGGAGATGC	1
23	22	2	TACTAATTGGGTCTCGGAGATGCA	1
24	23	2	ACTAATTGGGTCTCGGAGATGCAC	1
25	24	2	CTAATTGGGTCTCGGAGATGCACC	1
26	25	2	TAATTGGGTCTCGGAGATGCACCA	1
27	26	2	AATTGGGTCTCGGAGATGCACCAA	1
28	27	2	ATTGGGTCTCGGAGATGCACCAAA	1
29	28	2	TTGGGTCTCGGAGATGCACCAAAT	1
30	29	2	TGGGTCTCGGAGATGCACCAAATG	1
31	30	2	GGGTCTCGGAGATGCACCAAATGG	1
32	31	2	GGTCTCGGAGATGCACCAAATGGA	1
33	32	2	GTCTCGGAGATGCACCAAATGGAC	1
34	33	2	TCTCGGAGATGCACCAAATGGACA	1
35	34	2	CTCGGAGATGCACCAAATGGACAT	1
36	35	2	TCGGAGATGCACCAAATGGACATT	1
37	36	2	CGGAGATGCACCAAATGGACATTG	1
38	37	2	GGAGATGCACCAAATGGACATTGC	1
39	38	2	GAGATGCACCAAATGGACATTGCT	1
40	39	2	AGATGCACCAAATGGACATTGCTT	1
41	40	2	GATGCACCAAATGGACATTGCTTC	1
42	41	2	ATGCACCAAATGGACATTGCTTCT	1
43	42	2	TGCACCAAATGGACATTGCTTCTC	1
44	43	2	GCACCAAATGGACATTGCTTCTCA	1
45	44	2	CACCAAATGGACATTGCTTCTCAA	1
46	45	1	ACCAAATGGACATTGCTTCTCAAG	1
47	46	1	CCAAATGGACATTGCTTCTCAAGA	1
48	47	1	CAAATGGACATTGCTTCTCAAGAA	1
49	48	1	AAATGGACATTGCTTCTCAAGAAG	1
50	49	1	AATGGACATTGCTTCTCAAGAAGA	1
51	50	1	ATGGACATTGCTTCTCAAGAAGAT	1
52	51	1	TGGACATTGCTTCTCAAGAAGATG	1
53	52	1	GGACATTGCTTCTCAAGAAGATGA	1
54	53	1	GACATTGCTTCTCAAGAAGATGAG	1
55	54	1	ACATTGCTTCTCAAGAAGATGAGT	1
56	55	1	CATTGCTTCTCAAGAAGATGAGTA	1
57	56	1	ATTGCTTCTCAAGAAGATGAGTAC	1
58	57	1	TTGCTTCTCAAGAAGATGAGTACT	1
59	58	1	TGCTTCTCAAGAAGATGAGTACTA	1
60	59	1	GCTTCTCAAGAAGATGAGTACTAC	1
61	60	1	CTTCTCAAGAAGATGAGTACTACG	1
62	61	1	TTCTCAAGAAGATGAGTACTACGA	1
63	62	1	TCTCAAGAAGATGAGTACTACGAT	1
64	63	1	CTCAAGAAGATGAGTACTACGATA	1
65	64	1	TCAAGAAGATGAGTACTACGATAC	1
66	65	1	CAAGAAGATGAGTACTACGATACT	1
67	66	1	AAGAAGATGAGTACTACGATACTA	1
68	67	1	AGAAGATGAGTACTACGATACTAG	1
69	68	1	GAAGATGAGTACTACGATACTAGT	1
70	69	1	AAGATGAGTACTACGATACTAGTG	1
71	70	1	AGATGAGTACTACGATACTAGTGA	1
72	71	1	GATGAGTACTACGATACTAGTGAT	1
73	72	1	ATGAGTACTACGATACTAGTGATA	1
74	73	3	TGAGTACTACGATACTAGTGATAG	1
75	74	3	GAGTACTACGATACTAGTGATAGT	1
76	75	3	AGTACTACGATACTAGTGATAGTA	1
77	76	3	GTACTACGATACTAGTGATAGTAA	1
78	77	3	TACTACGATACTAGTGATAGTAAT	1
79	78	3	ACTACGATACTAGTGATAGTAATT	1
80	79	3	CTACGATACTAGTGATAGTAATTA	1
81	80	3	TACGATACTAGTGATAGTAATTAC	1
82	81	3	ACGATACTAGTGATAGTAATTACA	1
83	82	3	CGATACTAGTGATAGTAATTACAT	1
84	83	3	GATACTAGTGATAGTAATTACATG	1
85	84	3	ATACTAGTGATAGTAATTACATGT	1
86	85	3	TACTAGTGATAGTAATTACATGTT	1
87	86	3	ACTAGTGATAGTAATTACATGTTT	1
88	87	3	CTAGTGATAGTAATTACATGTTTG	1
89	88	3	TAGTGATAGTAATTACATGTTTGG	1
90	89	3	AGTGATAGTAATTACATGTTTGGC	1
91	90	3	GTGATAGTAATTACATGTTTGGCT	1
92	91	3	TGATAGTAATTACATGTTTGGCTT	1
93	92	3	GATAGTAATTACATGTTTGGCTTG	1
94	93	3	ATAGTAATTACATGTTTGGCTTGA	1
95	94	3	TAGTAATTACATGTTTGGCTTGAA	1
96	95	3	AGTAATTACATGTTTGGCTTGAAG	1
97	96	3	GTAATTACATGTTTGGCTTGAAGC	1
98	97	3	TAATTACATGTTTGGCTTGAAGCA	1
99	98	3	AATTACATGTTTGGCTTGAAGCAT	1
100	99	4	ATTACATGTTTGGCTTGAAGCATG	1
101	100	4	TTACATGTTTGGCTTGAAGCATGT	1
102	101	4	TACATGTTTGGCTTGAAGCATGTT	1
103	102	4	ACATGTTTGGCTTGAAGCATGTTT	1
104	103	3	CATGTTTGGCTTGAAGCATGTTTA	1
105	104	3	ATGTTTGGCTTGAAGCATGTTTAT	1
106	105	3	TGTTTGGCTTGAAGCATGTTTATG	1
107	106	3	GTTTGGCTTGAAGCATGTTTATGA	1
108	107	3	TTTGGCTTGAAGCATGTTTATGAC	1
109	108	3	TTGGCTTGAAGCATGTTTATGACT	1
110	109	3	TGGCTTGAAGCATGTTTATGACTT	1
111	110	3	GGCTTGAAGCATGTTTATGACTTT	1
112	111	3	GCTTGAAGCATGTTTATGACTTTG	1
113	112	3	CTTGAAGCATGTTTATGACTTTGG	1
114	113	3	TTGAAGCATGTTTATGACTTTGGC	1
115	114	3	TGAAGCATGTTTATGACTTTGGCG	1
116	115	3	GAAGCATGTTTATGACTTTGGCGA	1
117	116	3	AAGCATGTTTATGACTTTGGCGAG	1
118	117	1	AGCATGTTTATGACTTTGGCGAGG	1
119	118	1	GCATGTTTATGACTTTGGCGAGGA	1
120	119	1	CATGTTTATGACTTTGGCGAGGAC	1
121	120	2	ATGTTTATGACTTTGGCGAGGACT	1
122	121	2	TGTTTATGACTTTGGCGAGGACTC	1
123	122	2	GTTTATGACTTTGGCGAGGACTCT	1
124	123	2	TTTATGACTTTGGCGAGGACTCTT	1
125	124	2	TTATGACTTTGGCGAGGACTCTTT	1
126	125	2	TATGACTTTGGCGAGGACTCTTTC	1
127	126	2	ATGACTTTGGCGAGGACTCTTTCA	1
128	127	2	TGACTTTGGCGAGGACTCTTTCAA	1
129	128	3	GACTTTGGCGAGGACTCTTTCAAA	1
130	129	3	ACTTTGGCGAGGACTCTTTCAAAG	1
131	130	3	CTTTGGCGAGGACTCTTTCAAAGG	1
132	131	3	TTTGGCGAGGACTCTTTCAAAGGT	1
133	132	3	TTGGCGAGGACTCTTTCAAAGGTT	1
134	133	3	TGGCGAGGACTCTTTCAAAGGTTA	1
135	134	3	GGCGAGGACTCTTTCAAAGGTTAT	1
136	135	3	GCGAGGACTCTTTCAAAGGTTATT	1
137	136	3	CGAGGACTCTTTCAAAGGTTATTC	1
138	137	3	GAGGACTCTTTCAAAGGTTATTCT	1
139	138	3	AGGACTCTTTCAAAGGTTATTCTG	1
140	139	3	GGACTCTTTCAAAGGTTATTCTGG	1
141	140	3	GACTCTTTCAAAGGTTATTCTGGT	1
142	141	3	ACTCTTTCAAAGGTTATTCTGGTC	1
143	142	3	CTCTTTCAAAGGTTATTCTGGTCA	1
144	143	2	TCTTTCAAAGGTTATTCTGGTCAA	1
145	144	2	CTTTCAAAGGTTATTCTGGTCAAT	1
146	145	2	TTTCAAAGGTTATTCTGGTCAATT	1
147	146	2	TTCAAAGGTTATTCTGGTCAATTC	1
148	147	2	TCAAAGGTTATTCTGGTCAATTCA	1
149	148	2	CAAAGGTTATTCTGGTCAATTCAG	1
150	149	2	AAAGGTTATTCTGGTCAATTCAGC	1
151	150	2	AAGGTTATTCTGGTCAATTCAGCT	1
152	151	2	AGGTTATTCTGGTCAATTCAGCTC	1
153	152	2	GGTTATTCTGGTCAATTCAGCTCT	1
154	153	2	GTTATTCTGGTCAATTCAGCTCTA	1
155	154	2	TTATTCTGGTCAATTCAGCTCTAA	1
156	155	2	TATTCTGGTCAATTCAGCTCTAAC	1
157	156	2	ATTCTGGTCAATTCAGCTCTAACA	1
158	157	2	TTCTGGTCAATTCAGCTCTAACAT	1
159	158	2	TCTGGTCAATTCAGCTCTAACATT	1
160	159	2	CTGGTCAATTCAGCTCTAACATTG	1
161	160	2	TGGTCAATTCAGCTCTAACATTGT	1
162	161	2	GGTCAATTCAGCTCTAACATTGTT	1
163	162	2	GTCAATTCAGCTCTAACATTGTTG	1
164	163	2	TCAATTCAGCTCTAACATTGTTGA	1
165	164	1	CAATTCAGCTCTAACATTGTTGAG	1
166	165	1	AATTCAGCTCTAACATTGTTGAGC	1
167	166	1	ATTCAGCTCTAACATTGTTGAGCA	1
168	167	1	TTCAGCTCTAACATTGTTGAGCAA	1
169	168	1	TCAGCTCTAACATTGTTGAGCAAA	1
170	169	1	CAGCTCTAACATTGTTGAGCAAAT	1
171	170	1	AGCTCTAACATTGTTGAGCAAATT	1
172	171	1	GCTCTAACATTGTTGAGCAAATTC	1
173	-1	0	GGACTTGCTCGCATCTCTCACAAA	1
174	173	1	GACTTGCTCGCATCTCTCACAAAT	1
175	174	1	ACTTGCTCGCATCTCTCACAAATC	1
176	175	1	CTTGCTCGCATCTCTCACAAATCC	1
177	176	1	TTGCTCGCATCTCTCACAAATCCG	1
178	177	1	TGCTCGCATCTCTCACAAATCCGT	1
179	178	1	GCTCGCATCTCTCACAAATCCGTC	1
180	179	1	CTCGCATCTCTCACAAATCCGTCA	1
181	180	1	TCGCATCTCTCACAAATCCGTCAA	1
182	181	1	CGCATCTCTCACAAATCCGTCAAA	1
183	182	1	GCATCTCTCACAAATCCGTCAAAT	1
184	183	1	CATCTCTCACAAATCCGTCAAATA	1
185	184	1	ATCTCTCACAAATCCGTCAAATAC	1
186	185	1	TCTCTCACAAATCCGTCAAATACG	1
187	186	1	CTCTCACAAATCCGTCAAATACGA	1
188	187	1	TCTCACAAATCCGTCAAATACGAT	1
189	188	1	CTCACAAATCCGTCAAATACGATG	1
190	189	1	TCACAAATCCGTCAAATACGATGA	1
191	190	1	CACAAATCCGTCAAATACGATGAT	1
192	191	1	ACAAATCCGTCAAATACGATGATA	1
193	192	1	CAAATCCGTCAAATACGATGATAT	1
194	193	1	AAATCCGTCAAATACGATGATATT	1
195	194	1	AATCCGTCAAATACGATGATATTG	1
196	195	1	ATCCGTCAAATACGATGATATTGG	1
197	196	1	TCCGTCAAATACGATGATATTGGC	1
198	197	1	CCGTCAAATACGATGATATTGGCA	1
199	198	1	CGTCAAATACGATGATATTGGCAA	1
200	199	1	GTCAAATACGATGATATTGGCAAA	1
201	200	1	TCAAATACGATGATATTGGCAAAT	1
202	201	1	CAAATACGATGATATTGGCAAATA	1
203	202	1	AAATACGATGATATTGGCAAATAT	1
204	203	1	AATACGATGATATTGGCAAATATG	1
205	204	1	ATACGATGATATTGGCAAATATGT	1
206	205	2	TACGATGATATTGGCAAATATGTT	1
207	206	2	ACGATGATATTGGCAAATATGTTT	1
208	207	2	CGATGATATTGGCAAATATGTTTA	1
209	208	2	GATGATATTGGCAAATATGTTTAC	1
210	209	2	ATGATATTGGCAAATATGTTTACG	1
211	210	3	TGATATTGGCAAATATGTTTACGA	1
212	211	3	GATATTGGCAAATATGTTTACGAT	1
213	212	4	ATATTGGCAAATATGTTTACGATT	1
214	213	4	TATTGGCAAATATGTTTACGATTC	1
215	214	4	ATTGGCAAATATGTTTACGATTCC	1
216	215	4	TTGGCAAATATGTTTACGATTCCA	1
217	216	4	TGGCAAATATGTTTACGATTCCAG	1
218	217	3	GGCAAATATGTTTACGATTCCAGC	1
219	218	4	GCAAATATGTTTACGATTCCAGCG	1
220	219	4	CAAATATGTTTACGATTCCAGCGC	1
221	220	4	AAATATGTTTACGATTCCAGCGCT	1
222	221	4	AATATGTTTACGATTCCAGCGCTG	1
223	222	4	ATATGTTTACGATTCCAGCGCTGG	1
224	223	4	TATGTTTACGATTCCAGCGCTGGT	1
225	224	4	ATGTTTACGATTCCAGCGCTGGTG	1
226	225	4	TGTTTACGATTCCAGCGCTGGTGA	1
227	226	4	GTTTACGATTCCAGCGCTGGTGAC	1
228	227	4	TTTACGATTCCAGCGCTGGTGACA	1
229	228	4	TTACGATTCCAGCGCTGGTGACAA	1
230	229	4	TACGATTCCAGCGCTGGTGACAAC	1
231	230	4	ACGATTCCAGCGCTGGTGACAACA	1
232	231	3	CGATTCCAGCGCTGGTGACAACAT	1
233	232	3	GATTCCAGCGCTGGTGACAACATC	1
234	233	3	ATTCCAGCGCTGGTGACAACATCA	1
235	234	3	TTCCAGCGCTGGTGACAACATCAC	1
236	235	3	TCCAGCGCTGGTGACAACATCACC	1
237	236	3	CCAGCGCTGGTGACAACATCACCG	1
238	237	3	CAGCGCTGGTGACAACATCACCGC	1
239	238	3	AGCGCTGGTGACAACATCACCGCT	1
240	239	3	GCGCTGGTGACAACATCACCGCTT	1
241	240	3	CGCTGGTGACAACATCACCGCTTA	1
242	241	3	GCTGGTGACAACATCACCGCTTAT	1
243	242	3	CTGGTGACAACATCACCGCTTATG	1
244	243	3	TGGTGACAACATCACCGCTTATGT	1
245	244	3	GGTGACAACATCACCGCTTATGTT	1
246	245	3	GTGACAACATCACCGCTTATGTTG	1
247	246	3	TGACAACATCACCGCTTATGTTGT	1
248	247	3	GACAACATCACCGCTTATGTTGTA	1
249	248	3	ACAACATCACCGCTTATGTTGTAG	1
250	249	2	CAACATCACCGCTTATGTTGTAGA	1
251	250	2	AACATCACCGCTTATGTTGTAGAT	1
252	251	2	ACATCACCGCTTATGTTGTAGATA	1
253	252	2	CATCACCGCTTATGTTGTAGATAC	1
254	253	2	ATCACCGCTTATGTTGTAGATACC	1
255	254	1	TCACCGCTTATGTTGTAGATACCG	1
256	255	1	CACCGCTTATGTTGTAGATACCGG	1
257	256	1	ACCGCTTATGTTGTAGATACCGGT	1
258	257	1	CCGCTTATGTTGTAGATACCGGTG	1
259	258	1	CGCTTATGTTGTAGATACCGGTGT	1
260	259	1	GCTTATGTTGTAGATACCGGTGTA	1
261	260	1	CTTATGTTGTAGATACCGGTGTAA	1
262	261	1	TTATGTTGTAGATACCGGTGTAAG	1
263	-1	0	AAGCCGCTACCCCTAAGCACAAAC	1
264	263	1	AGCCGCTACCCCTAAGCACAAACC	1
265	264	1	GCCGCTACCCCTAAGCACAAACCT	1
266	265	1	CCGCTACCCCTAAGCACAAACCTC	1
267	266	1	CGCTACCCCTAAGCACAAACCTCA	1
268	267	1	GCTACCCCTAAGCACAAACCTCAT	1
269	268	1	CTACCCCTAAGCACAAACCTCATG	1
270	269	1	TACCCCTAAGCACAAACCTCATGC	1
271	270	1	ACCCCTAAGCACAAACCTCATGCT	1
272	271	1	CCCCTAAGCACAAACCTCATGCTG	1
273	272	1	CCCTAAGCACAAACCTCATGCTGG	1
274	273	1	CCTAAGCACAAACCTCATGCTGGT	1
275	274	1	CTAAGCACAAACCTCATGCTGGTC	1
276	275	1	TAAGCACAAACCTCATGCTGGTCC	1
277	276	1	AAGCACAAACCTCATGCTGGTCCT	1
278	277	1	AGCACAAACCTCATGCTGGTCCTA	1
279	278	1	GCACAAACCTCATGCTGGTCCTAA	1
280	279	1	CACAAACCTCATGCTGGTCCTAAT	1
281	280	1	ACAAACCTCATGCTGGTCCTAATG	1
282	281	1	CAAACCTCATGCTGGTCCTAATGC	1
283	282	1	AAACCTCATGCTGGTCCTAATGCC	1
284	283	3	AACCTCATGCTGGTCCTAATGCCG	1
285	284	3	ACCTCATGCTGGTCCTAATGCCGC	1
286	285	3	CCTCATGCTGGTCCTAATGCCGCT	1
287	286	3	CTCATGCTGGTCCTAATGCCGCTC	1
288	287	3	TCATGCTGGTCCTAATGCCGCTCC	1
289	288	3	CATGCTGGTCCTAATGCCGCTCCT	1
290	289	3	ATGCTGGTCCTAATGCCGCTCCTC	1
291	290	3	TGCTGGTCCTAATGCCGCTCCTCT	1
292	291	3	GCTGGTCCTAATGCCGCTCCTCTC	1
293	292	3	CTGGTCCTAATGCCGCTCCTCTCT	1
294	293	3	TGGTCCTAATGCCGCTCCTCTCTT	1
295	294	3	GGTCCTAATGCCGCTCCTCTCTTG	1
296	295	3	GTCCTAATGCCGCTCCTCTCTTGT	1
297	296	3	TCCTAATGCCGCTCCTCTCTTGTC	1
298	297	3	CCTAATGCCGCTCCTCTCTTGTCT	1
299	298	3	CTAATGCCGCTCCTCTCTTGTCTG	1
300	299	3	TAATGCCGCTCCTCTCTTGTCTGC	1
301	300	3	AATGCCGCTCCTCTCTTGTCTGCT	1
302	301	3	ATGCCGCTCCTCTCTTGTCTGCTT	1
303	302	3	TGCCGCTCCTCTCTTGTCTGCTTC	1
304	303	3	GCCGCTCCTCTCTTGTCTGCTTCC	1
305	304	3	CCGCTCCTCTCTTGTCTGCTTCCA	1
306	305	3	CGCTCCTCTCTTGTCTGCTTCCAA	1
307	306	3	GCTCCTCTCTTGTCTGCTTCCAAC	1
308	307	2	CTCCTCTCTTGTCTGCTTCCAACG	1
309	308	2	TCCTCTCTTGTCTGCTTCCAACGC	1
310	309	2	CCTCTCTTGTCTGCTTCCAACGCC	1
311	310	2	CTCTCTTGTCTGCTTCCAACGCCG	1
312	311	2	TCTCTTGTCTGCTTCCAACGCCGA	1
313	312	2	CTCTTGTCTGCTTCCAACGCCGAT	1
314	313	2	TCTTGTCTGCTTCCAACGCCGATA	1
315	314	2	CTTGTCTGCTTCCAACGCCGATAC	1
316	315	2	TTGTCTGCTTCCAACGCCGATACC	1
317	316	2	TGTCTGCTTCCAACGCCGATACCA	1
318	317	2	GTCTGCTTCCAACGCCGATACCAC	1
319	318	2	TCTGCTTCCAACGCCGATACCACT	1
320	319	2	CTGCTTCCAACGCCGATACCACTG	1
321	320	2	TGCTTCCAACGCCGATACCACTGG	1
322	321	2	GCTTCCAACGCCGATACCACTGGA	1
323	322	2	CTTCCAACGCCGATACCACTGGAC	1
324	323	2	TTCCAACGCCGATACCACTGGACT	1
325	324	2	TCCAACGCCGATACCACTGGACTG	1
326	325	2	CCAACGCCGATACCACTGGACTGG	1
327	326	2	CAACGCCGATACCACTGGACTGGA	1
