Component 523
1	-1	0	GCTTTCTTGGGTGTTGTCCAGGGC	1
2	1	1	CTTTCTTGGGTGTTGTCCAGGGCA	1
3	2	1	TTTCTTGGGTGTTGTCCAGGGCAG	1
4	3	1	TTCTTGGGTGTTGTCCAGGGCAGA	1
5	4	1	TCTTGGGTGTTGTCCAGGGCAGAT	1
6	5	1	CTTGGGTGTTGTCCAGGGCAGATA	1
7	6	1	TTGGGTGTTGTCCAGGGCAGATAT	1
8	7	1	TGGGTGTTGTCCAGGGCAGATATC	1
9	8	1	GGGTGTTGTCCAGGGCAGATATCC	1
10	9	1	GGTGTTGTCCAGGGCAGATATCCT	1
11	10	1	GTGTTGTCCAGGGCAGATATCCTC	1
12	11	1	TGTTGTCCAGGGCAGATATCCTCC	1
13	12	1	GTTGTCCAGGGCAGATATCCTCCT	1
14	13	1	TTGTCCAGGGCAGATATCCTCCTA	1
15	14	1	TGTCCAGGGCAGATATCCTCCTAG	1
16	15	1	GTCCAGGGCAGATATCCTCCTAGC	1
17	16	1	TCCAGGGCAGATATCCTCCTAGCC	1
18	17	1	CCAGGGCAGATATCCTCCTAGCCG	1
19	18	1	CAGGGCAGATATCCTCCTAGCCGC	1
20	19	1	AGGGCAGATATCCTCCTAGCCGCA	1
21	20	1	GGGCAGATATCCTCCTAGCCGCAT	1
22	21	1	GGCAGATATCCTCCTAGCCGCATT	1
23	22	1	GCAGATATCCTCCTAGCCGCATTT	1
24	23	1	CAGATATCCTCCTAGCCGCATTTT	1
25	24	1	AGATATCCTCCTAGCCGCATTTTG	1
26	25	1	GATATCCTCCTAGCCGCATTTTGT	1
27	26	1	ATATCCTCCTAGCCGCATTTTGTC	1
28	27	1	TATCCTCCTAGCCGCATTTTGTCC	1
29	28	1	ATCCTCCTAGCCGCATTTTGTCCA	1
30	29	1	TCCTCCTAGCCGCATTTTGTCCAA	1
31	30	1	CCTCCTAGCCGCATTTTGTCCAAG	1
32	31	1	CTCCTAGCCGCATTTTGTCCAAGT	1
33	32	1	TCCTAGCCGCATTTTGTCCAAGTT	1
34	33	1	CCTAGCCGCATTTTGTCCAAGTTT	1
35	34	1	CTAGCCGCATTTTGTCCAAGTTTG	1
36	35	2	TAGCCGCATTTTGTCCAAGTTTGA	1
37	36	2	AGCCGCATTTTGTCCAAGTTTGAC	1
38	37	2	GCCGCATTTTGTCCAAGTTTGACG	1
39	38	2	CCGCATTTTGTCCAAGTTTGACGA	1
40	39	2	CGCATTTTGTCCAAGTTTGACGAC	1
41	40	2	GCATTTTGTCCAAGTTTGACGACG	1
42	41	2	CATTTTGTCCAAGTTTGACGACGG	1
43	42	2	ATTTTGTCCAAGTTTGACGACGGC	1
44	43	2	TTTTGTCCAAGTTTGACGACGGCG	1
45	44	2	TTTGTCCAAGTTTGACGACGGCGC	1
46	45	1	TTGTCCAAGTTTGACGACGGCGCT	1
47	46	1	TGTCCAAGTTTGACGACGGCGCTA	1
48	47	1	GTCCAAGTTTGACGACGGCGCTAA	1
49	48	1	TCCAAGTTTGACGACGGCGCTAAG	1
50	49	1	CCAAGTTTGACGACGGCGCTAAGA	1
51	50	1	CAAGTTTGACGACGGCGCTAAGAC	1
52	51	1	AAGTTTGACGACGGCGCTAAGACA	1
53	52	1	AGTTTGACGACGGCGCTAAGACAT	1
54	53	1	GTTTGACGACGGCGCTAAGACATA	1
55	54	1	TTTGACGACGGCGCTAAGACATAC	1
56	55	2	TTGACGACGGCGCTAAGACATACG	1
57	56	2	TGACGACGGCGCTAAGACATACGA	1
58	57	2	GACGACGGCGCTAAGACATACGAG	1
59	58	2	ACGACGGCGCTAAGACATACGAGT	1
60	59	3	CGACGGCGCTAAGACATACGAGTT	1
61	60	3	GACGGCGCTAAGACATACGAGTTG	1
62	61	3	ACGGCGCTAAGACATACGAGTTGA	1
63	62	3	CGGCGCTAAGACATACGAGTTGAC	1
64	63	3	GGCGCTAAGACATACGAGTTGACG	1
65	64	3	GCGCTAAGACATACGAGTTGACGA	1
66	65	3	CGCTAAGACATACGAGTTGACGAA	1
67	66	3	GCTAAGACATACGAGTTGACGAAG	1
68	67	3	CTAAGACATACGAGTTGACGAAGA	1
69	68	3	TAAGACATACGAGTTGACGAAGAT	1
70	69	3	AAGACATACGAGTTGACGAAGATC	1
71	70	3	AGACATACGAGTTGACGAAGATCA	1
72	71	3	GACATACGAGTTGACGAAGATCAT	1
73	72	3	ACATACGAGTTGACGAAGATCATT	1
74	73	3	CATACGAGTTGACGAAGATCATTA	1
75	74	3	ATACGAGTTGACGAAGATCATTAC	1
76	75	3	TACGAGTTGACGAAGATCATTACG	1
77	76	3	ACGAGTTGACGAAGATCATTACGA	1
78	77	3	CGAGTTGACGAAGATCATTACGAA	1
79	78	3	GAGTTGACGAAGATCATTACGAAT	1
80	79	2	AGTTGACGAAGATCATTACGAATA	1
81	80	2	GTTGACGAAGATCATTACGAATAA	1
82	81	2	TTGACGAAGATCATTACGAATAAT	1
83	82	2	TGACGAAGATCATTACGAATAATT	1
84	83	2	GACGAAGATCATTACGAATAATTA	1
85	84	2	ACGAAGATCATTACGAATAATTAA	1
86	85	2	CGAAGATCATTACGAATAATTAAA	1
87	86	2	GAAGATCATTACGAATAATTAAAG	1
88	87	2	AAGATCATTACGAATAATTAAAGT	1
89	88	2	AGATCATTACGAATAATTAAAGTA	1
90	89	2	GATCATTACGAATAATTAAAGTAT	1
91	90	2	ATCATTACGAATAATTAAAGTATA	1
92	91	2	TCATTACGAATAATTAAAGTATAG	1
93	92	2	CATTACGAATAATTAAAGTATAGA	1
94	93	2	ATTACGAATAATTAAAGTATAGAA	1
95	94	2	TTACGAATAATTAAAGTATAGAAG	1
96	95	2	TACGAATAATTAAAGTATAGAAGA	1
97	96	2	ACGAATAATTAAAGTATAGAAGAA	1
98	97	2	CGAATAATTAAAGTATAGAAGAAT	1
99	98	2	GAATAATTAAAGTATAGAAGAATT	1
100	99	1	AATAATTAAAGTATAGAAGAATTG	1
101	100	1	ATAATTAAAGTATAGAAGAATTGA	1
102	101	1	TAATTAAAGTATAGAAGAATTGAA	1
103	102	1	AATTAAAGTATAGAAGAATTGAAC	1
104	-1	0	TATGTTCGTATGGTTGACTTTTAC	1
105	104	1	ATGTTCGTATGGTTGACTTTTACG	1
106	105	1	TGTTCGTATGGTTGACTTTTACGG	1
107	106	1	GTTCGTATGGTTGACTTTTACGGT	1
108	107	1	TTCGTATGGTTGACTTTTACGGTC	1
109	108	1	TCGTATGGTTGACTTTTACGGTCA	1
110	109	1	CGTATGGTTGACTTTTACGGTCAA	1
111	110	1	GTATGGTTGACTTTTACGGTCAAC	1
112	111	1	TATGGTTGACTTTTACGGTCAACC	1
113	112	1	ATGGTTGACTTTTACGGTCAACCC	1
114	113	1	TGGTTGACTTTTACGGTCAACCCA	1
115	114	1	GGTTGACTTTTACGGTCAACCCAG	1
116	115	1	GTTGACTTTTACGGTCAACCCAGA	1
117	116	1	TTGACTTTTACGGTCAACCCAGAC	1
118	117	1	TGACTTTTACGGTCAACCCAGACT	1
119	118	1	GACTTTTACGGTCAACCCAGACTT	1
120	119	1	ACTTTTACGGTCAACCCAGACTTT	1
121	120	1	CTTTTACGGTCAACCCAGACTTTA	1
122	121	1	TTTTACGGTCAACCCAGACTTTAC	1
123	122	1	TTTACGGTCAACCCAGACTTTACA	1
124	123	2	TTACGGTCAACCCAGACTTTACAT	1
125	124	3	TACGGTCAACCCAGACTTTACATT	1
126	125	3	ACGGTCAACCCAGACTTTACATTC	1
127	126	3	CGGTCAACCCAGACTTTACATTCG	1
128	127	5	GGTCAACCCAGACTTTACATTCGT	1
129	128	5	GTCAACCCAGACTTTACATTCGTT	1
130	129	5	TCAACCCAGACTTTACATTCGTTC	1
131	130	5	CAACCCAGACTTTACATTCGTTCT	1
132	131	5	AACCCAGACTTTACATTCGTTCTC	1
133	132	5	ACCCAGACTTTACATTCGTTCTCC	1
134	133	5	CCCAGACTTTACATTCGTTCTCCT	1
135	134	6	CCAGACTTTACATTCGTTCTCCTG	1
136	135	6	CAGACTTTACATTCGTTCTCCTGA	1
137	136	6	AGACTTTACATTCGTTCTCCTGAG	1
138	137	6	GACTTTACATTCGTTCTCCTGAGG	1
139	138	6	ACTTTACATTCGTTCTCCTGAGGC	1
140	139	6	CTTTACATTCGTTCTCCTGAGGCT	1
141	140	6	TTTACATTCGTTCTCCTGAGGCTG	1
142	141	6	TTACATTCGTTCTCCTGAGGCTGA	1
143	142	7	TACATTCGTTCTCCTGAGGCTGAT	1
144	143	7	ACATTCGTTCTCCTGAGGCTGATA	1
145	144	7	CATTCGTTCTCCTGAGGCTGATAG	1
146	145	7	ATTCGTTCTCCTGAGGCTGATAGC	1
147	146	7	TTCGTTCTCCTGAGGCTGATAGCG	1
148	147	7	TCGTTCTCCTGAGGCTGATAGCGA	1
149	148	6	CGTTCTCCTGAGGCTGATAGCGAA	1
150	149	6	GTTCTCCTGAGGCTGATAGCGAAC	1
151	150	6	TTCTCCTGAGGCTGATAGCGAACG	1
152	151	6	TCTCCTGAGGCTGATAGCGAACGC	1
153	152	6	CTCCTGAGGCTGATAGCGAACGCA	1
154	153	6	TCCTGAGGCTGATAGCGAACGCAT	1
155	154	6	CCTGAGGCTGATAGCGAACGCATT	1
156	155	6	CTGAGGCTGATAGCGAACGCATTA	1
157	156	6	TGAGGCTGATAGCGAACGCATTAT	1
158	157	6	GAGGCTGATAGCGAACGCATTATT	1
159	158	6	AGGCTGATAGCGAACGCATTATTA	1
160	159	6	GGCTGATAGCGAACGCATTATTAA	1
161	160	6	GCTGATAGCGAACGCATTATTAAT	1
162	161	6	CTGATAGCGAACGCATTATTAATT	1
163	162	6	TGATAGCGAACGCATTATTAATTT	1
164	163	6	GATAGCGAACGCATTATTAATTTC	1
165	164	6	ATAGCGAACGCATTATTAATTTCC	1
166	165	6	TAGCGAACGCATTATTAATTTCCC	1
167	166	6	AGCGAACGCATTATTAATTTCCCC	1
168	167	5	GCGAACGCATTATTAATTTCCCCG	1
169	168	3	CGAACGCATTATTAATTTCCCCGA	1
170	169	3	GAACGCATTATTAATTTCCCCGAA	1
171	170	3	AACGCATTATTAATTTCCCCGAAG	1
172	171	1	ACGCATTATTAATTTCCCCGAAGA	1
173	172	1	CGCATTATTAATTTCCCCGAAGAT	1
174	173	1	GCATTATTAATTTCCCCGAAGATG	1
175	174	1	CATTATTAATTTCCCCGAAGATGA	1
176	175	1	ATTATTAATTTCCCCGAAGATGAT	1
177	176	1	TTATTAATTTCCCCGAAGATGATC	1
178	177	1	TATTAATTTCCCCGAAGATGATCC	1
179	-1	0	TCGATACTTCTACCGTCAAGGTAA	1
180	179	2	CGATACTTCTACCGTCAAGGTAAA	1
181	180	2	GATACTTCTACCGTCAAGGTAAAC	1
182	181	2	ATACTTCTACCGTCAAGGTAAACC	1
183	182	2	TACTTCTACCGTCAAGGTAAACCG	1
184	183	2	ACTTCTACCGTCAAGGTAAACCGT	1
185	184	2	CTTCTACCGTCAAGGTAAACCGTG	1
186	185	2	TTCTACCGTCAAGGTAAACCGTGT	1
187	186	2	TCTACCGTCAAGGTAAACCGTGTA	1
188	187	2	CTACCGTCAAGGTAAACCGTGTAA	1
189	188	2	TACCGTCAAGGTAAACCGTGTAAA	1
190	189	2	ACCGTCAAGGTAAACCGTGTAAAC	1
191	190	2	CCGTCAAGGTAAACCGTGTAAACT	1
192	191	2	CGTCAAGGTAAACCGTGTAAACTG	1
193	192	2	GTCAAGGTAAACCGTGTAAACTGG	1
194	193	2	TCAAGGTAAACCGTGTAAACTGGT	1
195	194	2	CAAGGTAAACCGTGTAAACTGGTA	1
196	195	2	AAGGTAAACCGTGTAAACTGGTAC	1
197	196	2	AGGTAAACCGTGTAAACTGGTACG	1
198	197	2	GGTAAACCGTGTAAACTGGTACGA	1
199	198	2	GTAAACCGTGTAAACTGGTACGAC	1
200	199	2	TAAACCGTGTAAACTGGTACGACC	1
201	200	2	AAACCGTGTAAACTGGTACGACCC	1
202	201	2	AACCGTGTAAACTGGTACGACCCT	1
203	202	2	ACCGTGTAAACTGGTACGACCCTT	1
204	203	2	CCGTGTAAACTGGTACGACCCTTG	1
205	204	2	CGTGTAAACTGGTACGACCCTTGT	1
206	205	3	GTGTAAACTGGTACGACCCTTGTG	1
207	206	3	TGTAAACTGGTACGACCCTTGTGG	1
208	207	2	GTAAACTGGTACGACCCTTGTGGA	1
209	208	2	TAAACTGGTACGACCCTTGTGGAA	1
210	209	2	AAACTGGTACGACCCTTGTGGAAA	1
211	210	2	AACTGGTACGACCCTTGTGGAAAA	1
212	211	2	ACTGGTACGACCCTTGTGGAAAAT	1
213	212	2	CTGGTACGACCCTTGTGGAAAATT	1
214	213	2	TGGTACGACCCTTGTGGAAAATTA	1
215	214	2	GGTACGACCCTTGTGGAAAATTAG	1
216	215	2	GTACGACCCTTGTGGAAAATTAGC	1
217	216	2	TACGACCCTTGTGGAAAATTAGCT	1
218	217	2	ACGACCCTTGTGGAAAATTAGCTA	1
219	218	2	CGACCCTTGTGGAAAATTAGCTAA	1
220	219	2	GACCCTTGTGGAAAATTAGCTAAG	1
221	220	2	ACCCTTGTGGAAAATTAGCTAAGG	1
222	221	2	CCCTTGTGGAAAATTAGCTAAGGT	1
223	222	2	CCTTGTGGAAAATTAGCTAAGGTT	1
224	223	1	CTTGTGGAAAATTAGCTAAGGTTC	1
225	224	1	TTGTGGAAAATTAGCTAAGGTTCC	1
226	225	1	TGTGGAAAATTAGCTAAGGTTCCT	1
227	226	1	GTGGAAAATTAGCTAAGGTTCCTG	1
228	227	1	TGGAAAATTAGCTAAGGTTCCTGT	1
229	228	1	GGAAAATTAGCTAAGGTTCCTGTT	1
230	229	1	GAAAATTAGCTAAGGTTCCTGTTG	1
231	230	1	AAAATTAGCTAAGGTTCCTGTTGA	1
232	231	1	AAATTAGCTAAGGTTCCTGTTGAC	1
233	232	1	AATTAGCTAAGGTTCCTGTTGACG	1
234	233	1	ATTAGCTAAGGTTCCTGTTGACGA	1
235	234	1	TTAGCTAAGGTTCCTGTTGACGAG	1
236	235	1	TAGCTAAGGTTCCTGTTGACGAGG	1
237	236	1	AGCTAAGGTTCCTGTTGACGAGGA	1
238	237	1	GCTAAGGTTCCTGTTGACGAGGAG	1
239	238	1	CTAAGGTTCCTGTTGACGAGGAGT	1
240	239	3	TAAGGTTCCTGTTGACGAGGAGTC	1
241	240	3	AAGGTTCCTGTTGACGAGGAGTCC	1
242	241	3	AGGTTCCTGTTGACGAGGAGTCCA	1
243	242	3	GGTTCCTGTTGACGAGGAGTCCAT	1
244	243	3	GTTCCTGTTGACGAGGAGTCCATT	1
245	244	3	TTCCTGTTGACGAGGAGTCCATTC	1
246	245	3	TCCTGTTGACGAGGAGTCCATTCC	1
247	246	3	CCTGTTGACGAGGAGTCCATTCCC	1
248	247	3	CTGTTGACGAGGAGTCCATTCCCA	1
249	248	3	TGTTGACGAGGAGTCCATTCCCAA	1
250	249	2	GTTGACGAGGAGTCCATTCCCAAA	1
251	250	2	TTGACGAGGAGTCCATTCCCAAAG	1
252	251	3	TGACGAGGAGTCCATTCCCAAAGA	1
253	252	3	GACGAGGAGTCCATTCCCAAAGAG	1
254	253	3	ACGAGGAGTCCATTCCCAAAGAGG	1
255	254	3	CGAGGAGTCCATTCCCAAAGAGGA	1
256	255	5	GAGGAGTCCATTCCCAAAGAGGAG	1
257	256	5	AGGAGTCCATTCCCAAAGAGGAGC	1
258	257	5	GGAGTCCATTCCCAAAGAGGAGCG	1
259	258	5	GAGTCCATTCCCAAAGAGGAGCGC	1
260	259	5	AGTCCATTCCCAAAGAGGAGCGCA	1
261	260	5	GTCCATTCCCAAAGAGGAGCGCAT	1
262	261	5	TCCATTCCCAAAGAGGAGCGCATC	1
263	262	5	CCATTCCCAAAGAGGAGCGCATCC	1
264	263	5	CATTCCCAAAGAGGAGCGCATCCC	1
265	264	5	ATTCCCAAAGAGGAGCGCATCCCC	1
266	265	5	TTCCCAAAGAGGAGCGCATCCCCC	1
267	266	5	TCCCAAAGAGGAGCGCATCCCCCG	1
268	267	5	CCCAAAGAGGAGCGCATCCCCCGT	1
269	268	5	CCAAAGAGGAGCGCATCCCCCGTT	1
270	269	5	CAAAGAGGAGCGCATCCCCCGTTT	1
271	270	5	AAAGAGGAGCGCATCCCCCGTTTC	1
272	271	5	AAGAGGAGCGCATCCCCCGTTTCA	1
273	272	5	AGAGGAGCGCATCCCCCGTTTCAC	1
274	273	6	GAGGAGCGCATCCCCCGTTTCACC	1
275	274	6	AGGAGCGCATCCCCCGTTTCACCG	1
276	275	6	GGAGCGCATCCCCCGTTTCACCGC	1
277	276	6	GAGCGCATCCCCCGTTTCACCGCT	1
278	277	6	AGCGCATCCCCCGTTTCACCGCTG	1
279	278	6	GCGCATCCCCCGTTTCACCGCTGC	1
280	279	6	CGCATCCCCCGTTTCACCGCTGCA	1
281	280	6	GCATCCCCCGTTTCACCGCTGCAT	1
282	281	6	CATCCCCCGTTTCACCGCTGCATC	1
283	282	6	ATCCCCCGTTTCACCGCTGCATCA	1
284	283	4	TCCCCCGTTTCACCGCTGCATCAT	1
285	284	4	CCCCCGTTTCACCGCTGCATCATG	1
286	285	4	CCCCGTTTCACCGCTGCATCATGG	1
287	286	4	CCCGTTTCACCGCTGCATCATGGA	1
288	287	4	CCGTTTCACCGCTGCATCATGGAA	1
289	288	4	CGTTTCACCGCTGCATCATGGAAA	1
290	289	4	GTTTCACCGCTGCATCATGGAAAT	1
291	290	4	TTTCACCGCTGCATCATGGAAATA	1
292	291	4	TTCACCGCTGCATCATGGAAATAT	1
293	292	4	TCACCGCTGCATCATGGAAATATA	1
294	293	4	CACCGCTGCATCATGGAAATATAA	1
295	294	4	ACCGCTGCATCATGGAAATATAAG	1
296	295	3	CCGCTGCATCATGGAAATATAAGT	1
297	296	3	CGCTGCATCATGGAAATATAAGTC	1
298	297	4	GCTGCATCATGGAAATATAAGTCG	1
299	298	4	CTGCATCATGGAAATATAAGTCGG	1
300	299	2	TGCATCATGGAAATATAAGTCGGG	1
301	300	2	GCATCATGGAAATATAAGTCGGGT	1
302	301	2	CATCATGGAAATATAAGTCGGGTG	1
303	302	2	ATCATGGAAATATAAGTCGGGTGC	1
304	303	2	TCATGGAAATATAAGTCGGGTGCA	1
305	304	2	CATGGAAATATAAGTCGGGTGCAG	1
306	305	2	ATGGAAATATAAGTCGGGTGCAGT	1
307	306	2	TGGAAATATAAGTCGGGTGCAGTT	1
308	307	2	GGAAATATAAGTCGGGTGCAGTTG	1
309	308	2	GAAATATAAGTCGGGTGCAGTTGG	1
310	309	2	AAATATAAGTCGGGTGCAGTTGGT	1
311	310	2	AATATAAGTCGGGTGCAGTTGGTA	1
312	311	2	ATATAAGTCGGGTGCAGTTGGTAT	1
313	312	2	TATAAGTCGGGTGCAGTTGGTATT	1
314	313	2	ATAAGTCGGGTGCAGTTGGTATTC	1
315	314	2	TAAGTCGGGTGCAGTTGGTATTCT	1
316	315	2	AAGTCGGGTGCAGTTGGTATTCTC	1
317	316	2	AGTCGGGTGCAGTTGGTATTCTCG	1
318	317	1	GTCGGGTGCAGTTGGTATTCTCGC	1
319	318	1	TCGGGTGCAGTTGGTATTCTCGCT	1
320	319	1	CGGGTGCAGTTGGTATTCTCGCTC	1
321	320	1	GGGTGCAGTTGGTATTCTCGCTCA	1
322	321	1	GGTGCAGTTGGTATTCTCGCTCAT	1
323	322	1	GTGCAGTTGGTATTCTCGCTCATA	1
324	323	1	TGCAGTTGGTATTCTCGCTCATAG	1
325	324	1	GCAGTTGGTATTCTCGCTCATAGT	1
326	325	1	CAGTTGGTATTCTCGCTCATAGTA	1
327	326	1	AGTTGGTATTCTCGCTCATAGTAT	1
328	327	1	GTTGGTATTCTCGCTCATAGTATC	1
329	328	1	TTGGTATTCTCGCTCATAGTATCA	1
330	329	1	TGGTATTCTCGCTCATAGTATCAT	1
331	330	1	GGTATTCTCGCTCATAGTATCATT	1
332	331	1	GTATTCTCGCTCATAGTATCATTT	1
333	332	1	TATTCTCGCTCATAGTATCATTTT	1
334	333	1	ATTCTCGCTCATAGTATCATTTTA	1
335	334	1	TTCTCGCTCATAGTATCATTTTAC	1
336	335	1	TCTCGCTCATAGTATCATTTTACA	1
337	336	1	CTCGCTCATAGTATCATTTTACAA	1
338	337	1	TCGCTCATAGTATCATTTTACAAG	1
