Component 524
1	-1	0	GTCTCAATGGCTGTAGCTCGCGCG	1
2	1	1	TCTCAATGGCTGTAGCTCGCGCGG	1
3	2	1	CTCAATGGCTGTAGCTCGCGCGGC	1
4	3	1	TCAATGGCTGTAGCTCGCGCGGCT	1
5	4	1	CAATGGCTGTAGCTCGCGCGGCTG	1
6	5	1	AATGGCTGTAGCTCGCGCGGCTGC	1
7	6	1	ATGGCTGTAGCTCGCGCGGCTGCT	1
8	7	1	TGGCTGTAGCTCGCGCGGCTGCTG	1
9	8	2	GGCTGTAGCTCGCGCGGCTGCTGC	1
10	9	2	GCTGTAGCTCGCGCGGCTGCTGCA	1
11	10	2	CTGTAGCTCGCGCGGCTGCTGCAT	1
12	11	2	TGTAGCTCGCGCGGCTGCTGCATT	1
13	12	2	GTAGCTCGCGCGGCTGCTGCATTT	1
14	13	2	TAGCTCGCGCGGCTGCTGCATTTT	1
15	14	2	AGCTCGCGCGGCTGCTGCATTTTT	1
16	15	2	GCTCGCGCGGCTGCTGCATTTTTA	1
17	16	2	CTCGCGCGGCTGCTGCATTTTTAA	1
18	17	2	TCGCGCGGCTGCTGCATTTTTAAA	1
19	18	2	CGCGCGGCTGCTGCATTTTTAAAG	1
20	19	2	GCGCGGCTGCTGCATTTTTAAAGA	1
21	20	2	CGCGGCTGCTGCATTTTTAAAGAT	1
22	21	2	GCGGCTGCTGCATTTTTAAAGATA	1
23	22	2	CGGCTGCTGCATTTTTAAAGATAC	1
24	23	2	GGCTGCTGCATTTTTAAAGATACC	1
25	24	2	GCTGCTGCATTTTTAAAGATACCT	1
26	25	2	CTGCTGCATTTTTAAAGATACCTT	1
27	26	2	TGCTGCATTTTTAAAGATACCTTT	1
28	27	2	GCTGCATTTTTAAAGATACCTTTA	1
29	28	2	CTGCATTTTTAAAGATACCTTTAT	1
30	29	2	TGCATTTTTAAAGATACCTTTATA	1
31	30	2	GCATTTTTAAAGATACCTTTATAT	1
32	31	2	CATTTTTAAAGATACCTTTATATG	1
33	32	2	ATTTTTAAAGATACCTTTATATGA	1
34	33	2	TTTTTAAAGATACCTTTATATGAA	1
35	34	2	TTTTAAAGATACCTTTATATGAAT	1
36	35	2	TTTAAAGATACCTTTATATGAATA	1
37	36	2	TTAAAGATACCTTTATATGAATAT	1
38	37	2	TAAAGATACCTTTATATGAATATA	1
39	38	2	AAAGATACCTTTATATGAATATAT	1
40	39	2	AAGATACCTTTATATGAATATATT	1
41	40	2	AGATACCTTTATATGAATATATTG	1
42	41	2	GATACCTTTATATGAATATATTGG	1
43	42	2	ATACCTTTATATGAATATATTGGC	1
44	43	2	TACCTTTATATGAATATATTGGCA	1
45	44	2	ACCTTTATATGAATATATTGGCAA	1
46	45	1	CCTTTATATGAATATATTGGCAAA	1
47	46	1	CTTTATATGAATATATTGGCAAAT	1
48	47	1	TTTATATGAATATATTGGCAAATT	1
49	48	1	TTATATGAATATATTGGCAAATTG	1
50	49	1	TATATGAATATATTGGCAAATTGG	1
51	50	1	ATATGAATATATTGGCAAATTGGC	1
52	51	1	TATGAATATATTGGCAAATTGGCC	1
53	-1	0	TTGAAAACAACTTTTTTATATTAA	1
54	53	1	TGAAAACAACTTTTTTATATTAAA	1
55	54	1	GAAAACAACTTTTTTATATTAAAA	1
56	55	1	AAAACAACTTTTTTATATTAAAAA	1
57	56	1	AAACAACTTTTTTATATTAAAAAT	1
58	57	1	AACAACTTTTTTATATTAAAAATG	1
59	58	1	ACAACTTTTTTATATTAAAAATGA	1
60	59	1	CAACTTTTTTATATTAAAAATGAC	1
61	60	1	AACTTTTTTATATTAAAAATGACG	1
62	61	1	ACTTTTTTATATTAAAAATGACGA	1
63	62	1	CTTTTTTATATTAAAAATGACGAC	1
64	63	2	TTTTTTATATTAAAAATGACGACG	1
65	64	2	TTTTTATATTAAAAATGACGACGA	1
66	65	2	TTTTATATTAAAAATGACGACGAT	1
67	66	2	TTTATATTAAAAATGACGACGATT	1
68	67	2	TTATATTAAAAATGACGACGATTC	1
69	68	2	TATATTAAAAATGACGACGATTCA	1
70	69	2	ATATTAAAAATGACGACGATTCAA	1
71	70	2	TATTAAAAATGACGACGATTCAAA	1
72	71	2	ATTAAAAATGACGACGATTCAAAA	1
73	72	2	TTAAAAATGACGACGATTCAAAAA	1
74	73	2	TAAAAATGACGACGATTCAAAAAA	1
75	74	2	AAAAATGACGACGATTCAAAAAAT	1
76	75	2	AAAATGACGACGATTCAAAAAATT	1
77	76	2	AAATGACGACGATTCAAAAAATTT	1
78	77	2	AATGACGACGATTCAAAAAATTTA	1
79	78	2	ATGACGACGATTCAAAAAATTTAT	1
80	79	2	TGACGACGATTCAAAAAATTTATA	1
81	80	2	GACGACGATTCAAAAAATTTATAG	1
82	81	2	ACGACGATTCAAAAAATTTATAGC	1
83	82	2	CGACGATTCAAAAAATTTATAGCA	1
84	83	2	GACGATTCAAAAAATTTATAGCAG	1
85	84	2	ACGATTCAAAAAATTTATAGCAGA	1
86	85	2	CGATTCAAAAAATTTATAGCAGAA	1
87	86	2	GATTCAAAAAATTTATAGCAGAAG	1
88	87	2	ATTCAAAAAATTTATAGCAGAAGT	1
89	88	2	TTCAAAAAATTTATAGCAGAAGTA	1
90	89	2	TCAAAAAATTTATAGCAGAAGTAT	1
91	90	2	CAAAAAATTTATAGCAGAAGTATT	1
92	91	2	AAAAAATTTATAGCAGAAGTATTT	1
93	92	2	AAAAATTTATAGCAGAAGTATTTA	1
94	93	2	AAAATTTATAGCAGAAGTATTTAT	1
95	94	2	AAATTTATAGCAGAAGTATTTATG	1
96	95	2	AATTTATAGCAGAAGTATTTATGA	1
97	96	2	ATTTATAGCAGAAGTATTTATGAT	1
98	97	1	TTTATAGCAGAAGTATTTATGATT	1
99	98	1	TTATAGCAGAAGTATTTATGATTT	1
100	99	1	TATAGCAGAAGTATTTATGATTTT	1
101	100	1	ATAGCAGAAGTATTTATGATTTTA	1
102	101	1	TAGCAGAAGTATTTATGATTTTAG	1
103	102	1	AGCAGAAGTATTTATGATTTTAGA	1
104	103	1	GCAGAAGTATTTATGATTTTAGAG	1
105	104	1	CAGAAGTATTTATGATTTTAGAGG	1
106	105	1	AGAAGTATTTATGATTTTAGAGGA	1
107	106	1	GAAGTATTTATGATTTTAGAGGAA	1
108	-1	0	TTGCCGTTCACAATGTAAACAATA	1
109	108	1	TGCCGTTCACAATGTAAACAATAT	1
110	109	1	GCCGTTCACAATGTAAACAATATC	1
111	110	1	CCGTTCACAATGTAAACAATATCA	1
112	111	1	CGTTCACAATGTAAACAATATCAT	1
113	112	1	GTTCACAATGTAAACAATATCATT	1
114	113	1	TTCACAATGTAAACAATATCATTG	1
115	114	1	TCACAATGTAAACAATATCATTGG	1
116	115	1	CACAATGTAAACAATATCATTGGC	1
117	116	1	ACAATGTAAACAATATCATTGGCC	1
118	117	1	CAATGTAAACAATATCATTGGCCC	1
119	118	1	AATGTAAACAATATCATTGGCCCT	1
120	119	1	ATGTAAACAATATCATTGGCCCTG	1
121	120	1	TGTAAACAATATCATTGGCCCTGC	1
122	121	1	GTAAACAATATCATTGGCCCTGCC	1
123	122	1	TAAACAATATCATTGGCCCTGCCT	1
124	123	1	AAACAATATCATTGGCCCTGCCTT	1
125	124	1	AACAATATCATTGGCCCTGCCTTG	1
126	125	1	ACAATATCATTGGCCCTGCCTTGG	1
127	126	1	CAATATCATTGGCCCTGCCTTGGT	1
128	127	1	AATATCATTGGCCCTGCCTTGGTT	1
129	128	1	ATATCATTGGCCCTGCCTTGGTTA	1
130	129	1	TATCATTGGCCCTGCCTTGGTTAA	1
131	130	1	ATCATTGGCCCTGCCTTGGTTAAA	1
132	131	1	TCATTGGCCCTGCCTTGGTTAAAT	1
133	132	1	CATTGGCCCTGCCTTGGTTAAATC	1
134	133	1	ATTGGCCCTGCCTTGGTTAAATCT	1
135	134	1	TTGGCCCTGCCTTGGTTAAATCTG	1
136	135	1	TGGCCCTGCCTTGGTTAAATCTGA	1
137	136	1	GGCCCTGCCTTGGTTAAATCTGAT	1
138	137	1	GCCCTGCCTTGGTTAAATCTGATA	1
139	138	2	CCCTGCCTTGGTTAAATCTGATAT	1
140	139	2	CCTGCCTTGGTTAAATCTGATATT	1
141	140	2	CTGCCTTGGTTAAATCTGATATTA	1
142	141	2	TGCCTTGGTTAAATCTGATATTAA	1
143	142	2	GCCTTGGTTAAATCTGATATTAAA	1
144	143	2	CCTTGGTTAAATCTGATATTAAAA	1
145	144	3	CTTGGTTAAATCTGATATTAAAAT	1
146	145	3	TTGGTTAAATCTGATATTAAAATT	1
147	146	3	TGGTTAAATCTGATATTAAAATTA	1
148	147	3	GGTTAAATCTGATATTAAAATTAC	1
149	148	3	GTTAAATCTGATATTAAAATTACA	1
150	149	3	TTAAATCTGATATTAAAATTACAG	1
151	150	3	TAAATCTGATATTAAAATTACAGA	1
152	151	4	AAATCTGATATTAAAATTACAGAC	1
153	152	3	AATCTGATATTAAAATTACAGACC	1
154	153	3	ATCTGATATTAAAATTACAGACCA	1
155	154	2	TCTGATATTAAAATTACAGACCAA	1
156	155	2	CTGATATTAAAATTACAGACCAAA	1
157	156	2	TGATATTAAAATTACAGACCAAAG	1
158	157	2	GATATTAAAATTACAGACCAAAGA	1
159	158	2	ATATTAAAATTACAGACCAAAGAG	1
160	159	2	TATTAAAATTACAGACCAAAGAGG	1
161	160	2	ATTAAAATTACAGACCAAAGAGGC	1
162	161	2	TTAAAATTACAGACCAAAGAGGCA	1
163	162	2	TAAAATTACAGACCAAAGAGGCAT	1
164	163	2	AAAATTACAGACCAAAGAGGCATT	1
165	164	2	AAATTACAGACCAAAGAGGCATTG	1
166	165	2	AATTACAGACCAAAGAGGCATTGA	1
167	166	2	ATTACAGACCAAAGAGGCATTGAC	1
168	167	2	TTACAGACCAAAGAGGCATTGACG	1
169	168	2	TACAGACCAAAGAGGCATTGACGA	1
170	169	2	ACAGACCAAAGAGGCATTGACGAA	1
171	170	2	CAGACCAAAGAGGCATTGACGAAT	1
172	171	2	AGACCAAAGAGGCATTGACGAATT	1
173	172	2	GACCAAAGAGGCATTGACGAATTT	1
174	173	2	ACCAAAGAGGCATTGACGAATTTA	1
175	174	2	CCAAAGAGGCATTGACGAATTTAT	1
176	175	2	CAAAGAGGCATTGACGAATTTATG	1
177	176	2	AAAGAGGCATTGACGAATTTATGA	1
178	177	2	AAGAGGCATTGACGAATTTATGAT	1
179	178	2	AGAGGCATTGACGAATTTATGATT	1
180	179	2	GAGGCATTGACGAATTTATGATTA	1
181	180	2	AGGCATTGACGAATTTATGATTAA	1
182	181	2	GGCATTGACGAATTTATGATTAAG	1
183	182	1	GCATTGACGAATTTATGATTAAGT	1
184	183	2	CATTGACGAATTTATGATTAAGTT	1
185	184	2	ATTGACGAATTTATGATTAAGTTG	1
186	185	2	TTGACGAATTTATGATTAAGTTGG	1
187	186	2	TGACGAATTTATGATTAAGTTGGA	1
188	187	2	GACGAATTTATGATTAAGTTGGAT	1
189	188	1	ACGAATTTATGATTAAGTTGGATG	1
190	189	1	CGAATTTATGATTAAGTTGGATGG	1
191	190	1	GAATTTATGATTAAGTTGGATGGG	1
192	191	1	AATTTATGATTAAGTTGGATGGGA	1
193	192	1	ATTTATGATTAAGTTGGATGGGAC	1
194	193	1	TTTATGATTAAGTTGGATGGGACG	1
195	194	1	TTATGATTAAGTTGGATGGGACGA	1
196	195	2	TATGATTAAGTTGGATGGGACGAA	1
197	196	2	ATGATTAAGTTGGATGGGACGAAC	1
198	197	2	TGATTAAGTTGGATGGGACGAACG	1
199	198	2	GATTAAGTTGGATGGGACGAACGA	1
200	199	2	ATTAAGTTGGATGGGACGAACGAC	1
201	200	2	TTAAGTTGGATGGGACGAACGACA	1
202	201	2	TAAGTTGGATGGGACGAACGACAA	1
203	202	2	AAGTTGGATGGGACGAACGACAAA	1
204	203	2	AGTTGGATGGGACGAACGACAAAT	1
205	204	2	GTTGGATGGGACGAACGACAAATC	1
206	205	2	TTGGATGGGACGAACGACAAATCT	1
207	206	2	TGGATGGGACGAACGACAAATCTA	1
208	207	2	GGATGGGACGAACGACAAATCTAA	1
209	208	2	GATGGGACGAACGACAAATCTAAA	1
210	209	2	ATGGGACGAACGACAAATCTAAAT	1
211	210	2	TGGGACGAACGACAAATCTAAATT	1
212	211	2	GGGACGAACGACAAATCTAAATTG	1
213	212	2	GGACGAACGACAAATCTAAATTGG	1
214	213	2	GACGAACGACAAATCTAAATTGGG	1
215	214	2	ACGAACGACAAATCTAAATTGGGA	1
216	215	2	CGAACGACAAATCTAAATTGGGAG	1
217	216	2	GAACGACAAATCTAAATTGGGAGC	1
218	217	2	AACGACAAATCTAAATTGGGAGCA	1
219	218	2	ACGACAAATCTAAATTGGGAGCAA	1
220	219	1	CGACAAATCTAAATTGGGAGCAAA	1
221	220	1	GACAAATCTAAATTGGGAGCAAAT	1
222	221	1	ACAAATCTAAATTGGGAGCAAATA	1
223	222	1	CAAATCTAAATTGGGAGCAAATAG	1
224	223	1	AAATCTAAATTGGGAGCAAATAGT	1
225	224	1	AATCTAAATTGGGAGCAAATAGTA	1
226	225	1	ATCTAAATTGGGAGCAAATAGTAT	1
227	226	1	TCTAAATTGGGAGCAAATAGTATA	1
