Component 526
1	-1	0	CATTTGTTTGTTTGTTTCTTTACA	1
2	1	1	ATTTGTTTGTTTGTTTCTTTACAC	1
3	2	1	TTTGTTTGTTTGTTTCTTTACACT	1
4	3	1	TTGTTTGTTTGTTTCTTTACACTT	1
5	4	1	TGTTTGTTTGTTTCTTTACACTTA	1
6	5	1	GTTTGTTTGTTTCTTTACACTTAC	1
7	6	1	TTTGTTTGTTTCTTTACACTTACA	1
8	7	1	TTGTTTGTTTCTTTACACTTACAC	1
9	8	1	TGTTTGTTTCTTTACACTTACACA	1
10	9	1	GTTTGTTTCTTTACACTTACACAC	1
11	10	1	TTTGTTTCTTTACACTTACACACT	1
12	11	1	TTGTTTCTTTACACTTACACACTT	1
13	12	1	TGTTTCTTTACACTTACACACTTG	1
14	13	1	GTTTCTTTACACTTACACACTTGT	1
15	14	1	TTTCTTTACACTTACACACTTGTC	1
16	15	1	TTCTTTACACTTACACACTTGTCT	1
17	16	1	TCTTTACACTTACACACTTGTCTT	1
18	17	1	CTTTACACTTACACACTTGTCTTT	1
19	18	1	TTTACACTTACACACTTGTCTTTT	1
20	19	1	TTACACTTACACACTTGTCTTTTT	1
21	20	1	TACACTTACACACTTGTCTTTTTA	1
22	21	1	ACACTTACACACTTGTCTTTTTAC	1
23	22	1	CACTTACACACTTGTCTTTTTACT	1
24	23	1	ACTTACACACTTGTCTTTTTACTT	1
25	24	1	CTTACACACTTGTCTTTTTACTTA	1
26	25	1	TTACACACTTGTCTTTTTACTTAG	1
27	26	1	TACACACTTGTCTTTTTACTTAGG	1
28	27	1	ACACACTTGTCTTTTTACTTAGGA	1
29	28	1	CACACTTGTCTTTTTACTTAGGAA	1
30	29	1	ACACTTGTCTTTTTACTTAGGAAC	1
31	30	1	CACTTGTCTTTTTACTTAGGAACA	1
32	31	1	ACTTGTCTTTTTACTTAGGAACAT	1
33	32	1	CTTGTCTTTTTACTTAGGAACATT	1
34	33	1	TTGTCTTTTTACTTAGGAACATTT	1
35	34	1	TGTCTTTTTACTTAGGAACATTTG	1
36	35	3	GTCTTTTTACTTAGGAACATTTGT	1
37	36	3	TCTTTTTACTTAGGAACATTTGTT	1
38	37	3	CTTTTTACTTAGGAACATTTGTTG	1
39	38	3	TTTTTACTTAGGAACATTTGTTGA	1
40	39	3	TTTTACTTAGGAACATTTGTTGAT	1
41	40	3	TTTACTTAGGAACATTTGTTGATT	1
42	41	3	TTACTTAGGAACATTTGTTGATTA	1
43	42	3	TACTTAGGAACATTTGTTGATTAT	1
44	43	3	ACTTAGGAACATTTGTTGATTATT	1
45	44	3	CTTAGGAACATTTGTTGATTATTC	1
46	45	2	TTAGGAACATTTGTTGATTATTCA	1
47	46	2	TAGGAACATTTGTTGATTATTCAA	1
48	47	2	AGGAACATTTGTTGATTATTCAAA	1
49	48	2	GGAACATTTGTTGATTATTCAAAC	1
50	49	2	GAACATTTGTTGATTATTCAAACT	1
51	50	2	AACATTTGTTGATTATTCAAACTA	1
52	51	2	ACATTTGTTGATTATTCAAACTAT	1
53	52	2	CATTTGTTGATTATTCAAACTATT	1
54	53	2	ATTTGTTGATTATTCAAACTATTG	1
55	54	2	TTTGTTGATTATTCAAACTATTGC	1
56	55	2	TTGTTGATTATTCAAACTATTGCT	1
57	56	2	TGTTGATTATTCAAACTATTGCTG	1
58	57	2	GTTGATTATTCAAACTATTGCTGC	1
59	58	2	TTGATTATTCAAACTATTGCTGCG	1
60	59	2	TGATTATTCAAACTATTGCTGCGA	1
61	60	2	GATTATTCAAACTATTGCTGCGAT	1
62	61	2	ATTATTCAAACTATTGCTGCGATA	1
63	62	2	TTATTCAAACTATTGCTGCGATAT	1
64	63	2	TATTCAAACTATTGCTGCGATATT	1
65	64	2	ATTCAAACTATTGCTGCGATATTT	1
66	65	2	TTCAAACTATTGCTGCGATATTTC	1
67	66	2	TCAAACTATTGCTGCGATATTTCC	1
68	67	2	CAAACTATTGCTGCGATATTTCCC	1
69	68	2	AAACTATTGCTGCGATATTTCCCC	1
70	69	2	AACTATTGCTGCGATATTTCCCCA	1
71	70	2	ACTATTGCTGCGATATTTCCCCAA	1
72	71	2	CTATTGCTGCGATATTTCCCCAAT	1
73	72	2	TATTGCTGCGATATTTCCCCAATA	1
74	73	2	ATTGCTGCGATATTTCCCCAATAG	1
75	74	2	TTGCTGCGATATTTCCCCAATAGT	1
76	75	2	TGCTGCGATATTTCCCCAATAGTT	1
77	76	2	GCTGCGATATTTCCCCAATAGTTT	1
78	77	2	CTGCGATATTTCCCCAATAGTTTC	1
79	78	2	TGCGATATTTCCCCAATAGTTTCT	1
80	-1	0	GCGATATTTCCCCAATAGTTTCTT	1
81	80	2	CGATATTTCCCCAATAGTTTCTTC	1
82	81	2	GATATTTCCCCAATAGTTTCTTCC	1
83	82	2	ATATTTCCCCAATAGTTTCTTCCC	1
84	83	2	TATTTCCCCAATAGTTTCTTCCCA	1
85	84	2	ATTTCCCCAATAGTTTCTTCCCAT	1
86	85	2	TTTCCCCAATAGTTTCTTCCCATC	1
87	86	3	TTCCCCAATAGTTTCTTCCCATCA	1
88	87	3	TCCCCAATAGTTTCTTCCCATCAA	1
89	88	3	CCCCAATAGTTTCTTCCCATCAAT	1
90	89	3	CCCAATAGTTTCTTCCCATCAATC	1
91	90	3	CCAATAGTTTCTTCCCATCAATCA	1
92	91	3	CAATAGTTTCTTCCCATCAATCAA	1
93	92	3	AATAGTTTCTTCCCATCAATCAAT	1
94	93	3	ATAGTTTCTTCCCATCAATCAATA	1
95	94	3	TAGTTTCTTCCCATCAATCAATAT	1
96	95	3	AGTTTCTTCCCATCAATCAATATC	1
97	96	3	GTTTCTTCCCATCAATCAATATCT	1
98	97	3	TTTCTTCCCATCAATCAATATCTC	1
99	98	3	TTCTTCCCATCAATCAATATCTCT	1
100	99	3	TCTTCCCATCAATCAATATCTCTT	1
101	100	3	CTTCCCATCAATCAATATCTCTTC	1
102	101	3	TTCCCATCAATCAATATCTCTTCC	1
103	102	3	TCCCATCAATCAATATCTCTTCCT	1
104	103	3	CCCATCAATCAATATCTCTTCCTA	1
105	104	3	CCATCAATCAATATCTCTTCCTAA	1
106	105	3	CATCAATCAATATCTCTTCCTAAA	1
107	106	3	ATCAATCAATATCTCTTCCTAAAT	1
108	107	3	TCAATCAATATCTCTTCCTAAATT	1
109	108	3	CAATCAATATCTCTTCCTAAATTG	1
110	109	3	AATCAATATCTCTTCCTAAATTGC	1
111	110	3	ATCAATATCTCTTCCTAAATTGCT	1
112	111	3	TCAATATCTCTTCCTAAATTGCTT	1
113	112	3	CAATATCTCTTCCTAAATTGCTTA	1
114	113	4	AATATCTCTTCCTAAATTGCTTAG	1
115	114	4	ATATCTCTTCCTAAATTGCTTAGA	1
116	115	4	TATCTCTTCCTAAATTGCTTAGAA	1
117	116	4	ATCTCTTCCTAAATTGCTTAGAAA	1
118	117	4	TCTCTTCCTAAATTGCTTAGAAAA	1
119	118	4	CTCTTCCTAAATTGCTTAGAAAAT	1
120	119	4	TCTTCCTAAATTGCTTAGAAAATT	1
121	120	4	CTTCCTAAATTGCTTAGAAAATTT	1
122	121	4	TTCCTAAATTGCTTAGAAAATTTT	1
123	122	4	TCCTAAATTGCTTAGAAAATTTTT	1
124	123	4	CCTAAATTGCTTAGAAAATTTTTT	1
125	124	3	CTAAATTGCTTAGAAAATTTTTTT	1
126	125	3	TAAATTGCTTAGAAAATTTTTTTC	1
127	126	3	AAATTGCTTAGAAAATTTTTTTCT	1
128	127	3	AATTGCTTAGAAAATTTTTTTCTT	1
129	128	3	ATTGCTTAGAAAATTTTTTTCTTT	1
130	129	3	TTGCTTAGAAAATTTTTTTCTTTT	1
131	130	2	TGCTTAGAAAATTTTTTTCTTTTG	1
132	131	2	GCTTAGAAAATTTTTTTCTTTTGC	1
133	132	2	CTTAGAAAATTTTTTTCTTTTGCT	1
134	133	2	TTAGAAAATTTTTTTCTTTTGCTT	1
135	134	2	TAGAAAATTTTTTTCTTTTGCTTT	1
136	135	2	AGAAAATTTTTTTCTTTTGCTTTT	1
137	136	2	GAAAATTTTTTTCTTTTGCTTTTT	1
138	137	2	AAAATTTTTTTCTTTTGCTTTTTT	1
139	138	2	AAATTTTTTTCTTTTGCTTTTTTT	1
140	139	2	AATTTTTTTCTTTTGCTTTTTTTG	1
141	140	2	ATTTTTTTCTTTTGCTTTTTTTGG	1
142	141	2	TTTTTTTCTTTTGCTTTTTTTGGT	1
143	142	2	TTTTTTCTTTTGCTTTTTTTGGTC	1
144	143	2	TTTTTCTTTTGCTTTTTTTGGTCC	1
145	144	2	TTTTCTTTTGCTTTTTTTGGTCCA	1
146	145	2	TTTCTTTTGCTTTTTTTGGTCCAT	1
147	146	2	TTCTTTTGCTTTTTTTGGTCCATT	1
148	147	2	TCTTTTGCTTTTTTTGGTCCATTA	1
149	148	2	CTTTTGCTTTTTTTGGTCCATTAA	1
150	149	2	TTTTGCTTTTTTTGGTCCATTAAA	1
151	150	2	TTTGCTTTTTTTGGTCCATTAAAT	1
152	151	2	TTGCTTTTTTTGGTCCATTAAATT	1
153	152	2	TGCTTTTTTTGGTCCATTAAATTC	1
154	153	2	GCTTTTTTTGGTCCATTAAATTCC	1
155	154	2	CTTTTTTTGGTCCATTAAATTCCC	1
156	155	1	TTTTTTTGGTCCATTAAATTCCCG	1
157	156	1	TTTTTTGGTCCATTAAATTCCCGC	1
158	157	1	TTTTTGGTCCATTAAATTCCCGCT	1
159	158	1	TTTTGGTCCATTAAATTCCCGCTC	1
160	159	1	TTTGGTCCATTAAATTCCCGCTCC	1
161	160	1	TTGGTCCATTAAATTCCCGCTCCT	1
162	161	1	TGGTCCATTAAATTCCCGCTCCTT	1
163	162	1	GGTCCATTAAATTCCCGCTCCTTT	1
164	163	1	GTCCATTAAATTCCCGCTCCTTTT	1
165	164	1	TCCATTAAATTCCCGCTCCTTTTT	1
166	165	1	CCATTAAATTCCCGCTCCTTTTTT	1
167	166	1	CATTAAATTCCCGCTCCTTTTTTT	1
168	167	1	ATTAAATTCCCGCTCCTTTTTTTT	1
169	-1	0	TAGTTTGGTCTTGATTTTTAGTTT	1
170	169	1	AGTTTGGTCTTGATTTTTAGTTTT	1
171	170	1	GTTTGGTCTTGATTTTTAGTTTTC	1
172	171	1	TTTGGTCTTGATTTTTAGTTTTCC	1
173	172	1	TTGGTCTTGATTTTTAGTTTTCCC	1
174	173	1	TGGTCTTGATTTTTAGTTTTCCCT	1
175	174	1	GGTCTTGATTTTTAGTTTTCCCTT	1
176	175	1	GTCTTGATTTTTAGTTTTCCCTTT	1
177	176	1	TCTTGATTTTTAGTTTTCCCTTTT	1
178	177	1	CTTGATTTTTAGTTTTCCCTTTTA	1
179	178	1	TTGATTTTTAGTTTTCCCTTTTAA	1
180	179	1	TGATTTTTAGTTTTCCCTTTTAAT	1
181	180	1	GATTTTTAGTTTTCCCTTTTAATC	1
182	181	1	ATTTTTAGTTTTCCCTTTTAATCT	1
183	182	1	TTTTTAGTTTTCCCTTTTAATCTT	1
184	183	1	TTTTAGTTTTCCCTTTTAATCTTA	1
185	184	1	TTTAGTTTTCCCTTTTAATCTTAG	1
186	185	1	TTAGTTTTCCCTTTTAATCTTAGT	1
187	186	1	TAGTTTTCCCTTTTAATCTTAGTC	1
188	187	1	AGTTTTCCCTTTTAATCTTAGTCT	1
189	188	1	GTTTTCCCTTTTAATCTTAGTCTT	1
190	189	1	TTTTCCCTTTTAATCTTAGTCTTG	1
191	190	1	TTTCCCTTTTAATCTTAGTCTTGA	1
192	191	1	TTCCCTTTTAATCTTAGTCTTGAC	1
193	192	1	TCCCTTTTAATCTTAGTCTTGACC	1
194	193	1	CCCTTTTAATCTTAGTCTTGACCT	1
195	194	1	CCTTTTAATCTTAGTCTTGACCTA	1
196	195	1	CTTTTAATCTTAGTCTTGACCTAG	1
197	196	1	TTTTAATCTTAGTCTTGACCTAGT	1
198	197	1	TTTAATCTTAGTCTTGACCTAGTT	1
199	198	1	TTAATCTTAGTCTTGACCTAGTTC	1
200	199	1	TAATCTTAGTCTTGACCTAGTTCT	1
201	200	1	AATCTTAGTCTTGACCTAGTTCTC	1
202	201	1	ATCTTAGTCTTGACCTAGTTCTCG	1
203	202	1	TCTTAGTCTTGACCTAGTTCTCGT	1
204	203	1	CTTAGTCTTGACCTAGTTCTCGTT	1
205	204	1	TTAGTCTTGACCTAGTTCTCGTTT	1
206	205	3	TAGTCTTGACCTAGTTCTCGTTTC	1
207	206	3	AGTCTTGACCTAGTTCTCGTTTCC	1
208	207	3	GTCTTGACCTAGTTCTCGTTTCCC	1
209	208	3	TCTTGACCTAGTTCTCGTTTCCCC	1
210	209	3	CTTGACCTAGTTCTCGTTTCCCCT	1
211	210	4	TTGACCTAGTTCTCGTTTCCCCTT	1
212	211	4	TGACCTAGTTCTCGTTTCCCCTTT	1
213	212	4	GACCTAGTTCTCGTTTCCCCTTTC	1
214	213	3	ACCTAGTTCTCGTTTCCCCTTTCC	1
215	214	3	CCTAGTTCTCGTTTCCCCTTTCCC	1
216	215	3	CTAGTTCTCGTTTCCCCTTTCCCC	1
217	216	3	TAGTTCTCGTTTCCCCTTTCCCCC	1
218	217	3	AGTTCTCGTTTCCCCTTTCCCCCA	1
219	218	3	GTTCTCGTTTCCCCTTTCCCCCAT	1
220	219	3	TTCTCGTTTCCCCTTTCCCCCATT	1
221	220	3	TCTCGTTTCCCCTTTCCCCCATTT	1
222	221	3	CTCGTTTCCCCTTTCCCCCATTTT	1
223	222	3	TCGTTTCCCCTTTCCCCCATTTTT	1
224	223	3	CGTTTCCCCTTTCCCCCATTTTTT	1
225	224	3	GTTTCCCCTTTCCCCCATTTTTTA	1
226	225	3	TTTCCCCTTTCCCCCATTTTTTAT	1
227	226	3	TTCCCCTTTCCCCCATTTTTTATT	1
228	227	3	TCCCCTTTCCCCCATTTTTTATTT	1
229	228	3	CCCCTTTCCCCCATTTTTTATTTT	1
230	229	3	CCCTTTCCCCCATTTTTTATTTTT	1
231	230	3	CCTTTCCCCCATTTTTTATTTTTA	1
232	231	3	CTTTCCCCCATTTTTTATTTTTAT	1
233	232	3	TTTCCCCCATTTTTTATTTTTATT	1
234	233	3	TTCCCCCATTTTTTATTTTTATTT	1
235	234	3	TCCCCCATTTTTTATTTTTATTTT	1
236	235	3	CCCCCATTTTTTATTTTTATTTTT	1
237	236	3	CCCCATTTTTTATTTTTATTTTTG	1
238	237	3	CCCATTTTTTATTTTTATTTTTGT	1
239	238	3	CCATTTTTTATTTTTATTTTTGTG	1
240	239	3	CATTTTTTATTTTTATTTTTGTGT	1
241	240	3	ATTTTTTATTTTTATTTTTGTGTA	1
242	241	3	TTTTTTATTTTTATTTTTGTGTAA	1
243	242	3	TTTTTATTTTTATTTTTGTGTAAA	1
244	243	3	TTTTATTTTTATTTTTGTGTAAAG	1
245	244	3	TTTATTTTTATTTTTGTGTAAAGA	1
246	245	3	TTATTTTTATTTTTGTGTAAAGAG	1
247	246	3	TATTTTTATTTTTGTGTAAAGAGT	1
248	247	3	ATTTTTATTTTTGTGTAAAGAGTC	1
249	248	3	TTTTTATTTTTGTGTAAAGAGTCC	1
250	249	1	TTTTATTTTTGTGTAAAGAGTCCC	1
251	250	1	TTTATTTTTGTGTAAAGAGTCCCC	1
252	251	1	TTATTTTTGTGTAAAGAGTCCCCG	1
253	252	1	TATTTTTGTGTAAAGAGTCCCCGT	1
254	253	1	ATTTTTGTGTAAAGAGTCCCCGTT	1
255	254	1	TTTTTGTGTAAAGAGTCCCCGTTG	1
256	255	1	TTTTGTGTAAAGAGTCCCCGTTGG	1
257	256	1	TTTGTGTAAAGAGTCCCCGTTGGT	1
258	257	1	TTGTGTAAAGAGTCCCCGTTGGTT	1
259	258	1	TGTGTAAAGAGTCCCCGTTGGTTT	1
260	259	1	GTGTAAAGAGTCCCCGTTGGTTTC	1
261	260	1	TGTAAAGAGTCCCCGTTGGTTTCT	1
262	261	1	GTAAAGAGTCCCCGTTGGTTTCTT	1
263	262	1	TAAAGAGTCCCCGTTGGTTTCTTA	1
264	263	2	AAAGAGTCCCCGTTGGTTTCTTAC	1
265	264	2	AAGAGTCCCCGTTGGTTTCTTACT	1
266	265	2	AGAGTCCCCGTTGGTTTCTTACTT	1
267	266	2	GAGTCCCCGTTGGTTTCTTACTTT	1
268	267	2	AGTCCCCGTTGGTTTCTTACTTTT	1
269	268	2	GTCCCCGTTGGTTTCTTACTTTTT	1
270	269	2	TCCCCGTTGGTTTCTTACTTTTTA	1
271	270	2	CCCCGTTGGTTTCTTACTTTTTAT	1
272	271	2	CCCGTTGGTTTCTTACTTTTTATT	1
273	272	2	CCGTTGGTTTCTTACTTTTTATTA	1
274	273	2	CGTTGGTTTCTTACTTTTTATTAC	1
275	274	2	GTTGGTTTCTTACTTTTTATTACA	1
276	275	2	TTGGTTTCTTACTTTTTATTACAA	1
277	276	2	TGGTTTCTTACTTTTTATTACAAA	1
278	277	2	GGTTTCTTACTTTTTATTACAAAA	1
279	278	2	GTTTCTTACTTTTTATTACAAAAA	1
280	279	2	TTTCTTACTTTTTATTACAAAAAA	1
281	280	2	TTCTTACTTTTTATTACAAAAAAA	1
282	281	2	TCTTACTTTTTATTACAAAAAAAA	1
283	282	2	CTTACTTTTTATTACAAAAAAAAT	1
284	283	2	TTACTTTTTATTACAAAAAAAATT	1
285	284	2	TACTTTTTATTACAAAAAAAATTA	1
286	285	2	ACTTTTTATTACAAAAAAAATTAA	1
287	286	4	CTTTTTATTACAAAAAAAATTAAT	1
288	287	4	TTTTTATTACAAAAAAAATTAATC	1
289	288	4	TTTTATTACAAAAAAAATTAATCT	1
290	289	4	TTTATTACAAAAAAAATTAATCTG	1
291	290	4	TTATTACAAAAAAAATTAATCTGC	1
292	291	4	TATTACAAAAAAAATTAATCTGCA	1
293	292	4	ATTACAAAAAAAATTAATCTGCAC	1
294	293	4	TTACAAAAAAAATTAATCTGCACT	1
295	294	4	TACAAAAAAAATTAATCTGCACTT	1
296	295	4	ACAAAAAAAATTAATCTGCACTTC	1
297	296	4	CAAAAAAAATTAATCTGCACTTCT	1
298	297	4	AAAAAAAATTAATCTGCACTTCTC	1
299	298	3	AAAAAAATTAATCTGCACTTCTCC	1
300	299	3	AAAAAATTAATCTGCACTTCTCCA	1
301	300	3	AAAAATTAATCTGCACTTCTCCAT	1
302	301	3	AAAATTAATCTGCACTTCTCCATT	1
303	302	3	AAATTAATCTGCACTTCTCCATTC	1
304	303	3	AATTAATCTGCACTTCTCCATTCA	1
305	304	3	ATTAATCTGCACTTCTCCATTCAC	1
306	305	2	TTAATCTGCACTTCTCCATTCACC	1
307	306	2	TAATCTGCACTTCTCCATTCACCT	1
308	307	2	AATCTGCACTTCTCCATTCACCTG	1
309	308	2	ATCTGCACTTCTCCATTCACCTGA	1
310	309	2	TCTGCACTTCTCCATTCACCTGAA	1
311	310	2	CTGCACTTCTCCATTCACCTGAAC	1
312	311	2	TGCACTTCTCCATTCACCTGAACT	1
313	312	2	GCACTTCTCCATTCACCTGAACTG	1
314	313	2	CACTTCTCCATTCACCTGAACTGC	1
315	314	2	ACTTCTCCATTCACCTGAACTGCA	1
316	315	2	CTTCTCCATTCACCTGAACTGCAA	1
317	316	2	TTCTCCATTCACCTGAACTGCAAG	1
318	317	2	TCTCCATTCACCTGAACTGCAAGT	1
319	318	2	CTCCATTCACCTGAACTGCAAGTT	1
320	319	2	TCCATTCACCTGAACTGCAAGTTT	1
321	320	2	CCATTCACCTGAACTGCAAGTTTA	1
322	321	2	CATTCACCTGAACTGCAAGTTTAC	1
323	322	2	ATTCACCTGAACTGCAAGTTTACT	1
324	323	2	TTCACCTGAACTGCAAGTTTACTT	1
325	324	2	TCACCTGAACTGCAAGTTTACTTT	1
326	325	2	CACCTGAACTGCAAGTTTACTTTT	1
327	326	2	ACCTGAACTGCAAGTTTACTTTTT	1
328	327	2	CCTGAACTGCAAGTTTACTTTTTT	1
329	328	2	CTGAACTGCAAGTTTACTTTTTTT	1
330	329	2	TGAACTGCAAGTTTACTTTTTTTT	1
