Component 530
1	-1	0	TGGGCATTCGCTGAAATCCTTAAG	1
2	1	1	GGGCATTCGCTGAAATCCTTAAGC	1
3	2	1	GGCATTCGCTGAAATCCTTAAGCA	1
4	3	2	GCATTCGCTGAAATCCTTAAGCAG	1
5	4	2	CATTCGCTGAAATCCTTAAGCAGA	1
6	5	2	ATTCGCTGAAATCCTTAAGCAGAT	1
7	6	2	TTCGCTGAAATCCTTAAGCAGATC	1
8	7	2	TCGCTGAAATCCTTAAGCAGATCA	1
9	8	2	CGCTGAAATCCTTAAGCAGATCAA	1
10	9	2	GCTGAAATCCTTAAGCAGATCAAA	1
11	10	2	CTGAAATCCTTAAGCAGATCAAAT	1
12	11	2	TGAAATCCTTAAGCAGATCAAATC	1
13	12	2	GAAATCCTTAAGCAGATCAAATCT	1
14	13	2	AAATCCTTAAGCAGATCAAATCTA	1
15	14	2	AATCCTTAAGCAGATCAAATCTAT	1
16	15	2	ATCCTTAAGCAGATCAAATCTATG	1
17	16	2	TCCTTAAGCAGATCAAATCTATGG	1
18	17	2	CCTTAAGCAGATCAAATCTATGGA	1
19	18	2	CTTAAGCAGATCAAATCTATGGAA	1
20	19	2	TTAAGCAGATCAAATCTATGGAAT	1
21	20	2	TAAGCAGATCAAATCTATGGAATT	1
22	21	2	AAGCAGATCAAATCTATGGAATTT	1
23	22	2	AGCAGATCAAATCTATGGAATTTG	1
24	23	2	GCAGATCAAATCTATGGAATTTGA	1
25	24	2	CAGATCAAATCTATGGAATTTGAT	1
26	25	2	AGATCAAATCTATGGAATTTGATT	1
27	26	2	GATCAAATCTATGGAATTTGATTG	1
28	27	2	ATCAAATCTATGGAATTTGATTGT	1
29	28	2	TCAAATCTATGGAATTTGATTGTG	1
30	29	2	CAAATCTATGGAATTTGATTGTGT	1
31	30	2	AAATCTATGGAATTTGATTGTGTC	1
32	31	2	AATCTATGGAATTTGATTGTGTCA	1
33	32	2	ATCTATGGAATTTGATTGTGTCAT	1
34	33	2	TCTATGGAATTTGATTGTGTCATT	1
35	34	2	CTATGGAATTTGATTGTGTCATTT	1
36	35	2	TATGGAATTTGATTGTGTCATTTT	1
37	36	2	ATGGAATTTGATTGTGTCATTTTC	1
38	37	2	TGGAATTTGATTGTGTCATTTTCG	1
39	38	2	GGAATTTGATTGTGTCATTTTCGA	1
40	39	2	GAATTTGATTGTGTCATTTTCGAT	1
41	40	2	AATTTGATTGTGTCATTTTCGATA	1
42	41	2	ATTTGATTGTGTCATTTTCGATAC	1
43	42	2	TTTGATTGTGTCATTTTCGATACC	1
44	43	2	TTGATTGTGTCATTTTCGATACCG	1
45	44	2	TGATTGTGTCATTTTCGATACCGC	1
46	45	1	GATTGTGTCATTTTCGATACCGCT	1
47	46	1	ATTGTGTCATTTTCGATACCGCTC	1
48	-1	0	CCTTAAAATGGATTTTTGTAGGAG	1
49	48	1	CTTAAAATGGATTTTTGTAGGAGG	1
50	49	1	TTAAAATGGATTTTTGTAGGAGGA	1
51	50	1	TAAAATGGATTTTTGTAGGAGGAA	1
52	51	1	AAAATGGATTTTTGTAGGAGGAAA	1
53	52	1	AAATGGATTTTTGTAGGAGGAAAA	1
54	53	1	AATGGATTTTTGTAGGAGGAAAAG	1
55	54	1	ATGGATTTTTGTAGGAGGAAAAGG	1
56	55	1	TGGATTTTTGTAGGAGGAAAAGGC	1
57	56	2	GGATTTTTGTAGGAGGAAAAGGCG	1
58	57	2	GATTTTTGTAGGAGGAAAAGGCGG	1
59	58	2	ATTTTTGTAGGAGGAAAAGGCGGT	1
60	59	2	TTTTTGTAGGAGGAAAAGGCGGTG	1
61	60	2	TTTTGTAGGAGGAAAAGGCGGTGT	1
62	61	2	TTTGTAGGAGGAAAAGGCGGTGTA	1
63	62	2	TTGTAGGAGGAAAAGGCGGTGTAG	1
64	63	2	TGTAGGAGGAAAAGGCGGTGTAGG	1
65	64	2	GTAGGAGGAAAAGGCGGTGTAGGA	1
66	65	2	TAGGAGGAAAAGGCGGTGTAGGAA	1
67	66	2	AGGAGGAAAAGGCGGTGTAGGAAA	1
68	67	2	GGAGGAAAAGGCGGTGTAGGAAAA	1
69	68	2	GAGGAAAAGGCGGTGTAGGAAAAA	1
70	69	2	AGGAAAAGGCGGTGTAGGAAAAAC	1
71	70	2	GGAAAAGGCGGTGTAGGAAAAACA	1
72	71	2	GAAAAGGCGGTGTAGGAAAAACAA	1
73	72	2	AAAAGGCGGTGTAGGAAAAACAAC	1
74	73	2	AAAGGCGGTGTAGGAAAAACAACT	1
75	74	2	AAGGCGGTGTAGGAAAAACAACTA	1
76	75	2	AGGCGGTGTAGGAAAAACAACTAC	1
77	76	2	GGCGGTGTAGGAAAAACAACTACG	1
78	77	2	GCGGTGTAGGAAAAACAACTACGT	1
79	78	2	CGGTGTAGGAAAAACAACTACGTC	1
80	79	2	GGTGTAGGAAAAACAACTACGTCG	1
81	80	2	GTGTAGGAAAAACAACTACGTCGT	1
82	81	2	TGTAGGAAAAACAACTACGTCGTG	1
83	82	2	GTAGGAAAAACAACTACGTCGTGT	1
84	83	2	TAGGAAAAACAACTACGTCGTGTT	1
85	84	2	AGGAAAAACAACTACGTCGTGTTC	1
86	85	2	GGAAAAACAACTACGTCGTGTTCA	1
87	86	3	GAAAAACAACTACGTCGTGTTCAT	1
88	87	4	AAAAACAACTACGTCGTGTTCATT	1
89	88	4	AAAACAACTACGTCGTGTTCATTG	1
90	89	4	AAACAACTACGTCGTGTTCATTGG	1
91	90	4	AACAACTACGTCGTGTTCATTGGC	1
92	91	4	ACAACTACGTCGTGTTCATTGGCC	1
93	92	3	CAACTACGTCGTGTTCATTGGCCA	1
94	93	3	AACTACGTCGTGTTCATTGGCCAT	1
95	94	3	ACTACGTCGTGTTCATTGGCCATT	1
96	95	3	CTACGTCGTGTTCATTGGCCATTC	1
97	96	3	TACGTCGTGTTCATTGGCCATTCA	1
98	97	3	ACGTCGTGTTCATTGGCCATTCAA	1
99	98	3	CGTCGTGTTCATTGGCCATTCAAA	1
100	99	3	GTCGTGTTCATTGGCCATTCAAAT	1
101	100	3	TCGTGTTCATTGGCCATTCAAATG	1
102	101	5	CGTGTTCATTGGCCATTCAAATGT	1
103	102	6	GTGTTCATTGGCCATTCAAATGTC	1
104	103	6	TGTTCATTGGCCATTCAAATGTCA	1
105	104	6	GTTCATTGGCCATTCAAATGTCAA	1
106	105	6	TTCATTGGCCATTCAAATGTCAAA	1
107	106	6	TCATTGGCCATTCAAATGTCAAAA	1
108	107	6	CATTGGCCATTCAAATGTCAAAAG	1
109	108	6	ATTGGCCATTCAAATGTCAAAAGT	1
110	109	6	TTGGCCATTCAAATGTCAAAAGTT	1
111	110	6	TGGCCATTCAAATGTCAAAAGTTA	1
112	111	6	GGCCATTCAAATGTCAAAAGTTAG	1
113	112	6	GCCATTCAAATGTCAAAAGTTAGA	1
114	113	6	CCATTCAAATGTCAAAAGTTAGAT	1
115	114	6	CATTCAAATGTCAAAAGTTAGATC	1
116	115	6	ATTCAAATGTCAAAAGTTAGATCC	1
117	116	6	TTCAAATGTCAAAAGTTAGATCCT	1
118	117	6	TCAAATGTCAAAAGTTAGATCCTC	1
119	118	6	CAAATGTCAAAAGTTAGATCCTCT	1
120	119	6	AAATGTCAAAAGTTAGATCCTCTG	1
121	120	6	AATGTCAAAAGTTAGATCCTCTGT	1
122	121	6	ATGTCAAAAGTTAGATCCTCTGTT	1
123	122	6	TGTCAAAAGTTAGATCCTCTGTTC	1
124	123	6	GTCAAAAGTTAGATCCTCTGTTCT	1
125	124	6	TCAAAAGTTAGATCCTCTGTTCTA	1
126	125	6	CAAAAGTTAGATCCTCTGTTCTAC	1
127	126	6	AAAAGTTAGATCCTCTGTTCTACT	1
128	127	6	AAAGTTAGATCCTCTGTTCTACTT	1
129	128	6	AAGTTAGATCCTCTGTTCTACTTA	1
130	129	6	AGTTAGATCCTCTGTTCTACTTAT	1
131	130	5	GTTAGATCCTCTGTTCTACTTATC	1
132	131	4	TTAGATCCTCTGTTCTACTTATCT	1
133	132	4	TAGATCCTCTGTTCTACTTATCTC	1
134	133	4	AGATCCTCTGTTCTACTTATCTCC	1
135	134	4	GATCCTCTGTTCTACTTATCTCCA	1
136	135	4	ATCCTCTGTTCTACTTATCTCCAC	1
137	136	4	TCCTCTGTTCTACTTATCTCCACG	1
138	137	4	CCTCTGTTCTACTTATCTCCACGG	1
139	138	4	CTCTGTTCTACTTATCTCCACGGA	1
140	139	4	TCTGTTCTACTTATCTCCACGGAT	1
141	140	4	CTGTTCTACTTATCTCCACGGATC	1
142	141	4	TGTTCTACTTATCTCCACGGATCC	1
143	142	3	GTTCTACTTATCTCCACGGATCCT	1
144	143	3	TTCTACTTATCTCCACGGATCCTG	1
145	144	2	TCTACTTATCTCCACGGATCCTGC	1
146	145	1	CTACTTATCTCCACGGATCCTGCA	1
147	-1	0	CTATCCTCAGCATATCGCATCGTG	1
148	147	1	TATCCTCAGCATATCGCATCGTGC	1
149	148	1	ATCCTCAGCATATCGCATCGTGCA	1
150	149	1	TCCTCAGCATATCGCATCGTGCAT	1
151	150	1	CCTCAGCATATCGCATCGTGCATC	1
152	151	1	CTCAGCATATCGCATCGTGCATCT	1
153	152	1	TCAGCATATCGCATCGTGCATCTG	1
154	153	1	CAGCATATCGCATCGTGCATCTGG	1
155	154	1	AGCATATCGCATCGTGCATCTGGT	1
156	155	1	GCATATCGCATCGTGCATCTGGTC	1
157	156	1	CATATCGCATCGTGCATCTGGTCA	1
158	157	1	ATATCGCATCGTGCATCTGGTCAA	1
159	158	1	TATCGCATCGTGCATCTGGTCAAC	1
160	159	1	ATCGCATCGTGCATCTGGTCAACG	1
161	160	1	TCGCATCGTGCATCTGGTCAACGA	1
162	161	1	CGCATCGTGCATCTGGTCAACGAG	1
163	162	1	GCATCGTGCATCTGGTCAACGAGA	1
164	163	3	CATCGTGCATCTGGTCAACGAGAG	1
165	164	3	ATCGTGCATCTGGTCAACGAGAGT	1
166	165	3	TCGTGCATCTGGTCAACGAGAGTC	1
167	166	3	CGTGCATCTGGTCAACGAGAGTCT	1
168	167	3	GTGCATCTGGTCAACGAGAGTCTA	1
169	168	3	TGCATCTGGTCAACGAGAGTCTAT	1
170	169	3	GCATCTGGTCAACGAGAGTCTATA	1
171	170	3	CATCTGGTCAACGAGAGTCTATAA	1
172	171	3	ATCTGGTCAACGAGAGTCTATAAG	1
173	172	4	TCTGGTCAACGAGAGTCTATAAGA	1
174	173	4	CTGGTCAACGAGAGTCTATAAGAA	1
175	174	4	TGGTCAACGAGAGTCTATAAGAAG	1
176	175	4	GGTCAACGAGAGTCTATAAGAAGA	1
177	176	4	GTCAACGAGAGTCTATAAGAAGAC	1
178	177	4	TCAACGAGAGTCTATAAGAAGACT	1
179	178	4	CAACGAGAGTCTATAAGAAGACTA	1
180	179	4	AACGAGAGTCTATAAGAAGACTAG	1
181	180	4	ACGAGAGTCTATAAGAAGACTAGC	1
182	181	4	CGAGAGTCTATAAGAAGACTAGCT	1
183	182	5	GAGAGTCTATAAGAAGACTAGCTT	1
184	183	5	AGAGTCTATAAGAAGACTAGCTTC	1
185	184	5	GAGTCTATAAGAAGACTAGCTTCA	1
186	185	5	AGTCTATAAGAAGACTAGCTTCAG	1
187	186	5	GTCTATAAGAAGACTAGCTTCAGA	1
188	187	5	TCTATAAGAAGACTAGCTTCAGAT	1
189	188	5	CTATAAGAAGACTAGCTTCAGATT	1
190	189	5	TATAAGAAGACTAGCTTCAGATTA	1
191	190	5	ATAAGAAGACTAGCTTCAGATTAA	1
192	191	4	TAAGAAGACTAGCTTCAGATTAAA	1
193	192	4	AAGAAGACTAGCTTCAGATTAAAA	1
194	193	4	AGAAGACTAGCTTCAGATTAAAAA	1
195	194	4	GAAGACTAGCTTCAGATTAAAAAA	1
196	195	4	AAGACTAGCTTCAGATTAAAAAAA	1
197	196	4	AGACTAGCTTCAGATTAAAAAAAA	1
198	197	4	GACTAGCTTCAGATTAAAAAAAAA	1
199	198	4	ACTAGCTTCAGATTAAAAAAAAAA	1
200	199	4	CTAGCTTCAGATTAAAAAAAAAAA	1
201	200	5	TAGCTTCAGATTAAAAAAAAAAAT	1
202	201	5	AGCTTCAGATTAAAAAAAAAAATT	1
203	202	5	GCTTCAGATTAAAAAAAAAAATTC	1
204	203	5	CTTCAGATTAAAAAAAAAAATTCT	1
205	204	5	TTCAGATTAAAAAAAAAAATTCTC	1
206	205	5	TCAGATTAAAAAAAAAAATTCTCT	1
207	206	5	CAGATTAAAAAAAAAAATTCTCTA	1
208	207	3	AGATTAAAAAAAAAAATTCTCTAA	1
209	208	3	GATTAAAAAAAAAAATTCTCTAAT	1
210	209	3	ATTAAAAAAAAAAATTCTCTAATA	1
211	210	3	TTAAAAAAAAAAATTCTCTAATAA	1
212	211	3	TAAAAAAAAAAATTCTCTAATAAA	1
213	212	3	AAAAAAAAAAATTCTCTAATAAAG	1
214	213	3	AAAAAAAAAATTCTCTAATAAAGT	1
215	214	3	AAAAAAAAATTCTCTAATAAAGTA	1
216	215	3	AAAAAAAATTCTCTAATAAAGTAA	1
217	216	2	AAAAAAATTCTCTAATAAAGTAAA	1
218	217	2	AAAAAATTCTCTAATAAAGTAAAA	1
219	218	2	AAAAATTCTCTAATAAAGTAAAAT	1
220	219	2	AAAATTCTCTAATAAAGTAAAATG	1
221	220	2	AAATTCTCTAATAAAGTAAAATGT	1
222	221	2	AATTCTCTAATAAAGTAAAATGTC	1
223	222	2	ATTCTCTAATAAAGTAAAATGTCC	1
224	223	2	TTCTCTAATAAAGTAAAATGTCCT	1
225	224	2	TCTCTAATAAAGTAAAATGTCCTT	1
226	225	2	CTCTAATAAAGTAAAATGTCCTTC	1
227	226	1	TCTAATAAAGTAAAATGTCCTTCG	1
228	227	1	CTAATAAAGTAAAATGTCCTTCGA	1
229	228	1	TAATAAAGTAAAATGTCCTTCGAC	1
230	229	1	AATAAAGTAAAATGTCCTTCGACC	1
231	230	1	ATAAAGTAAAATGTCCTTCGACCC	1
232	231	1	TAAAGTAAAATGTCCTTCGACCCA	1
233	232	1	AAAGTAAAATGTCCTTCGACCCAT	1
234	233	1	AAGTAAAATGTCCTTCGACCCATT	1
235	234	1	AGTAAAATGTCCTTCGACCCATTG	1
236	235	1	GTAAAATGTCCTTCGACCCATTGC	1
237	236	1	TAAAATGTCCTTCGACCCATTGCC	1
238	237	1	AAAATGTCCTTCGACCCATTGCCT	1
239	238	1	AAATGTCCTTCGACCCATTGCCTG	1
240	239	1	AATGTCCTTCGACCCATTGCCTGG	1
241	240	1	ATGTCCTTCGACCCATTGCCTGGA	1
242	241	1	TGTCCTTCGACCCATTGCCTGGAA	1
243	242	1	GTCCTTCGACCCATTGCCTGGAAC	1
244	243	1	TCCTTCGACCCATTGCCTGGAACC	1
