Component 531
1	-1	0	GTGGGAATCTGAGATTTAACCTGC	1
2	1	1	TGGGAATCTGAGATTTAACCTGCC	1
3	2	2	GGGAATCTGAGATTTAACCTGCCT	1
4	3	2	GGAATCTGAGATTTAACCTGCCTG	1
5	4	2	GAATCTGAGATTTAACCTGCCTGC	1
6	5	2	AATCTGAGATTTAACCTGCCTGCT	1
7	6	2	ATCTGAGATTTAACCTGCCTGCTG	1
8	7	2	TCTGAGATTTAACCTGCCTGCTGA	1
9	8	2	CTGAGATTTAACCTGCCTGCTGAA	1
10	9	3	TGAGATTTAACCTGCCTGCTGAAA	1
11	10	3	GAGATTTAACCTGCCTGCTGAAAG	1
12	11	3	AGATTTAACCTGCCTGCTGAAAGG	1
13	12	3	GATTTAACCTGCCTGCTGAAAGGG	1
14	13	3	ATTTAACCTGCCTGCTGAAAGGGG	1
15	14	4	TTTAACCTGCCTGCTGAAAGGGGC	1
16	15	4	TTAACCTGCCTGCTGAAAGGGGCC	1
17	16	4	TAACCTGCCTGCTGAAAGGGGCCA	1
18	17	4	AACCTGCCTGCTGAAAGGGGCCAT	1
19	18	4	ACCTGCCTGCTGAAAGGGGCCATC	1
20	19	4	CCTGCCTGCTGAAAGGGGCCATCT	1
21	20	4	CTGCCTGCTGAAAGGGGCCATCTA	1
22	21	4	TGCCTGCTGAAAGGGGCCATCTAG	1
23	22	4	GCCTGCTGAAAGGGGCCATCTAGC	1
24	23	5	CCTGCTGAAAGGGGCCATCTAGCT	1
25	24	5	CTGCTGAAAGGGGCCATCTAGCTG	1
26	25	5	TGCTGAAAGGGGCCATCTAGCTGT	1
27	26	5	GCTGAAAGGGGCCATCTAGCTGTA	1
28	27	5	CTGAAAGGGGCCATCTAGCTGTAA	1
29	28	5	TGAAAGGGGCCATCTAGCTGTAAT	1
30	29	5	GAAAGGGGCCATCTAGCTGTAATA	1
31	30	5	AAAGGGGCCATCTAGCTGTAATAA	1
32	31	5	AAGGGGCCATCTAGCTGTAATAAA	1
33	32	5	AGGGGCCATCTAGCTGTAATAAAC	1
34	33	5	GGGGCCATCTAGCTGTAATAAACC	1
35	34	5	GGGCCATCTAGCTGTAATAAACCT	1
36	35	5	GGCCATCTAGCTGTAATAAACCTT	1
37	36	5	GCCATCTAGCTGTAATAAACCTTG	1
38	37	5	CCATCTAGCTGTAATAAACCTTGT	1
39	38	5	CATCTAGCTGTAATAAACCTTGTT	1
40	39	5	ATCTAGCTGTAATAAACCTTGTTT	1
41	40	5	TCTAGCTGTAATAAACCTTGTTTT	1
42	41	5	CTAGCTGTAATAAACCTTGTTTTC	1
43	42	5	TAGCTGTAATAAACCTTGTTTTCA	1
44	43	4	AGCTGTAATAAACCTTGTTTTCAC	1
45	44	4	GCTGTAATAAACCTTGTTTTCACC	1
46	45	3	CTGTAATAAACCTTGTTTTCACCC	1
47	46	2	TGTAATAAACCTTGTTTTCACCCA	1
48	47	2	GTAATAAACCTTGTTTTCACCCAT	1
49	48	2	TAATAAACCTTGTTTTCACCCATA	1
50	49	2	AATAAACCTTGTTTTCACCCATAA	1
51	50	2	ATAAACCTTGTTTTCACCCATAAT	1
52	51	2	TAAACCTTGTTTTCACCCATAATG	1
53	52	2	AAACCTTGTTTTCACCCATAATGT	1
54	53	2	AACCTTGTTTTCACCCATAATGTT	1
55	54	2	ACCTTGTTTTCACCCATAATGTTT	1
56	55	2	CCTTGTTTTCACCCATAATGTTTT	1
57	56	2	CTTGTTTTCACCCATAATGTTTTC	1
58	57	2	TTGTTTTCACCCATAATGTTTTCT	1
59	58	1	TGTTTTCACCCATAATGTTTTCTA	1
60	59	1	GTTTTCACCCATAATGTTTTCTAA	1
61	60	1	TTTTCACCCATAATGTTTTCTAAA	1
62	61	1	TTTCACCCATAATGTTTTCTAAAA	1
63	62	1	TTCACCCATAATGTTTTCTAAAAC	1
64	63	1	TCACCCATAATGTTTTCTAAAACT	1
65	64	1	CACCCATAATGTTTTCTAAAACTC	1
66	65	1	ACCCATAATGTTTTCTAAAACTCT	1
67	66	1	CCCATAATGTTTTCTAAAACTCTT	1
68	-1	0	GTGCAATCGAAACTTCTTATAATT	1
69	68	1	TGCAATCGAAACTTCTTATAATTT	1
70	69	1	GCAATCGAAACTTCTTATAATTTA	1
71	70	1	CAATCGAAACTTCTTATAATTTAC	1
72	71	1	AATCGAAACTTCTTATAATTTACC	1
73	72	1	ATCGAAACTTCTTATAATTTACCT	1
74	73	1	TCGAAACTTCTTATAATTTACCTG	1
75	74	1	CGAAACTTCTTATAATTTACCTGT	1
76	75	1	GAAACTTCTTATAATTTACCTGTT	1
77	76	1	AAACTTCTTATAATTTACCTGTTG	1
78	77	1	AACTTCTTATAATTTACCTGTTGG	1
79	78	1	ACTTCTTATAATTTACCTGTTGGA	1
80	79	1	CTTCTTATAATTTACCTGTTGGAA	1
81	80	1	TTCTTATAATTTACCTGTTGGAAA	1
82	81	1	TCTTATAATTTACCTGTTGGAAAA	1
83	82	1	CTTATAATTTACCTGTTGGAAAAA	1
84	83	1	TTATAATTTACCTGTTGGAAAAAT	1
85	84	1	TATAATTTACCTGTTGGAAAAATC	1
86	85	1	ATAATTTACCTGTTGGAAAAATCG	1
87	86	1	TAATTTACCTGTTGGAAAAATCGA	1
88	87	1	AATTTACCTGTTGGAAAAATCGAG	1
89	88	1	ATTTACCTGTTGGAAAAATCGAGG	1
90	89	1	TTTACCTGTTGGAAAAATCGAGGA	1
91	90	1	TTACCTGTTGGAAAAATCGAGGAA	1
92	91	1	TACCTGTTGGAAAAATCGAGGAAG	1
93	92	1	ACCTGTTGGAAAAATCGAGGAAGC	1
94	93	1	CCTGTTGGAAAAATCGAGGAAGCC	1
95	94	1	CTGTTGGAAAAATCGAGGAAGCCA	1
96	95	1	TGTTGGAAAAATCGAGGAAGCCAT	1
97	96	1	GTTGGAAAAATCGAGGAAGCCATG	1
98	97	1	TTGGAAAAATCGAGGAAGCCATGA	1
99	98	1	TGGAAAAATCGAGGAAGCCATGAA	1
100	99	1	GGAAAAATCGAGGAAGCCATGAAA	1
101	100	1	GAAAAATCGAGGAAGCCATGAAAC	1
102	101	1	AAAAATCGAGGAAGCCATGAAACT	1
103	102	3	AAAATCGAGGAAGCCATGAAACTT	1
104	103	3	AAATCGAGGAAGCCATGAAACTTA	1
105	104	3	AATCGAGGAAGCCATGAAACTTAG	1
106	105	3	ATCGAGGAAGCCATGAAACTTAGT	1
107	106	3	TCGAGGAAGCCATGAAACTTAGTG	1
108	107	3	CGAGGAAGCCATGAAACTTAGTGA	1
109	108	3	GAGGAAGCCATGAAACTTAGTGAC	1
110	109	3	AGGAAGCCATGAAACTTAGTGACG	1
111	110	3	GGAAGCCATGAAACTTAGTGACGA	1
112	111	3	GAAGCCATGAAACTTAGTGACGAG	1
113	112	2	AAGCCATGAAACTTAGTGACGAGG	1
114	113	2	AGCCATGAAACTTAGTGACGAGGA	1
115	114	2	GCCATGAAACTTAGTGACGAGGAG	1
116	115	2	CCATGAAACTTAGTGACGAGGAGT	1
117	116	2	CATGAAACTTAGTGACGAGGAGTT	1
118	117	2	ATGAAACTTAGTGACGAGGAGTTT	1
119	118	2	TGAAACTTAGTGACGAGGAGTTTT	1
120	119	2	GAAACTTAGTGACGAGGAGTTTTC	1
121	120	2	AAACTTAGTGACGAGGAGTTTTCC	1
122	121	2	AACTTAGTGACGAGGAGTTTTCCA	1
123	122	2	ACTTAGTGACGAGGAGTTTTCCAA	1
124	123	2	CTTAGTGACGAGGAGTTTTCCAAG	1
125	124	2	TTAGTGACGAGGAGTTTTCCAAGA	1
126	125	2	TAGTGACGAGGAGTTTTCCAAGAC	1
127	126	2	AGTGACGAGGAGTTTTCCAAGACT	1
128	127	2	GTGACGAGGAGTTTTCCAAGACTT	1
129	128	2	TGACGAGGAGTTTTCCAAGACTTA	1
130	129	2	GACGAGGAGTTTTCCAAGACTTAT	1
131	130	2	ACGAGGAGTTTTCCAAGACTTATG	1
132	131	2	CGAGGAGTTTTCCAAGACTTATGG	1
133	132	2	GAGGAGTTTTCCAAGACTTATGGA	1
134	133	2	AGGAGTTTTCCAAGACTTATGGAT	1
135	134	2	GGAGTTTTCCAAGACTTATGGATT	1
136	135	2	GAGTTTTCCAAGACTTATGGATTC	1
137	136	2	AGTTTTCCAAGACTTATGGATTCA	1
138	137	2	GTTTTCCAAGACTTATGGATTCAG	1
139	138	2	TTTTCCAAGACTTATGGATTCAGC	1
140	139	2	TTTCCAAGACTTATGGATTCAGCA	1
141	140	2	TTCCAAGACTTATGGATTCAGCAA	1
142	141	2	TCCAAGACTTATGGATTCAGCAAA	1
143	142	2	CCAAGACTTATGGATTCAGCAAAC	1
144	143	2	CAAGACTTATGGATTCAGCAAACC	1
145	144	2	AAGACTTATGGATTCAGCAAACCC	1
146	145	2	AGACTTATGGATTCAGCAAACCCG	1
147	-1	0	GCTCTTTCTACAGTTCTACAGTAG	1
148	147	1	CTCTTTCTACAGTTCTACAGTAGT	1
149	148	1	TCTTTCTACAGTTCTACAGTAGTT	1
150	149	1	CTTTCTACAGTTCTACAGTAGTTA	1
151	150	1	TTTCTACAGTTCTACAGTAGTTAA	1
152	151	1	TTCTACAGTTCTACAGTAGTTAAG	1
153	152	1	TCTACAGTTCTACAGTAGTTAAGA	1
154	153	1	CTACAGTTCTACAGTAGTTAAGAA	1
155	154	1	TACAGTTCTACAGTAGTTAAGAAT	1
156	155	1	ACAGTTCTACAGTAGTTAAGAATG	1
157	156	1	CAGTTCTACAGTAGTTAAGAATGT	1
158	157	1	AGTTCTACAGTAGTTAAGAATGTC	1
159	158	1	GTTCTACAGTAGTTAAGAATGTCA	1
160	159	2	TTCTACAGTAGTTAAGAATGTCAG	1
161	160	2	TCTACAGTAGTTAAGAATGTCAGC	1
162	161	2	CTACAGTAGTTAAGAATGTCAGCA	1
163	162	2	TACAGTAGTTAAGAATGTCAGCAT	1
164	163	2	ACAGTAGTTAAGAATGTCAGCATC	1
165	164	2	CAGTAGTTAAGAATGTCAGCATCT	1
166	165	2	AGTAGTTAAGAATGTCAGCATCTT	1
167	166	2	GTAGTTAAGAATGTCAGCATCTTT	1
168	167	2	TAGTTAAGAATGTCAGCATCTTTG	1
169	168	2	AGTTAAGAATGTCAGCATCTTTGA	1
170	169	2	GTTAAGAATGTCAGCATCTTTGAT	1
171	170	2	TTAAGAATGTCAGCATCTTTGATT	1
172	171	3	TAAGAATGTCAGCATCTTTGATTT	1
173	172	3	AAGAATGTCAGCATCTTTGATTTC	1
174	173	3	AGAATGTCAGCATCTTTGATTTCG	1
175	174	4	GAATGTCAGCATCTTTGATTTCGA	1
176	175	4	AATGTCAGCATCTTTGATTTCGAA	1
177	176	4	ATGTCAGCATCTTTGATTTCGAAA	1
178	177	4	TGTCAGCATCTTTGATTTCGAAAA	1
179	178	4	GTCAGCATCTTTGATTTCGAAAAG	1
180	179	4	TCAGCATCTTTGATTTCGAAAAGG	1
181	180	4	CAGCATCTTTGATTTCGAAAAGGT	1
182	181	4	AGCATCTTTGATTTCGAAAAGGTT	1
183	182	4	GCATCTTTGATTTCGAAAAGGTTT	1
184	183	4	CATCTTTGATTTCGAAAAGGTTTA	1
185	184	4	ATCTTTGATTTCGAAAAGGTTTAT	1
186	185	4	TCTTTGATTTCGAAAAGGTTTATA	1
187	186	4	CTTTGATTTCGAAAAGGTTTATAA	1
188	187	4	TTTGATTTCGAAAAGGTTTATAAC	1
189	188	4	TTGATTTCGAAAAGGTTTATAACC	1
190	189	4	TGATTTCGAAAAGGTTTATAACCT	1
191	190	4	GATTTCGAAAAGGTTTATAACCTT	1
192	191	3	ATTTCGAAAAGGTTTATAACCTTA	1
193	192	3	TTTCGAAAAGGTTTATAACCTTAG	1
194	193	3	TTCGAAAAGGTTTATAACCTTAGT	1
195	194	3	TCGAAAAGGTTTATAACCTTAGTA	1
196	195	3	CGAAAAGGTTTATAACCTTAGTAA	1
197	196	3	GAAAAGGTTTATAACCTTAGTAAA	1
198	197	3	AAAAGGTTTATAACCTTAGTAAAA	1
199	198	3	AAAGGTTTATAACCTTAGTAAAAG	1
200	199	3	AAGGTTTATAACCTTAGTAAAAGA	1
201	200	3	AGGTTTATAACCTTAGTAAAAGAC	1
202	201	3	GGTTTATAACCTTAGTAAAAGACC	1
203	202	3	GTTTATAACCTTAGTAAAAGACCA	1
204	203	3	TTTATAACCTTAGTAAAAGACCAA	1
205	204	3	TTATAACCTTAGTAAAAGACCAAC	1
206	205	3	TATAACCTTAGTAAAAGACCAACT	1
207	206	3	ATAACCTTAGTAAAAGACCAACTG	1
208	207	3	TAACCTTAGTAAAAGACCAACTGG	1
209	208	3	AACCTTAGTAAAAGACCAACTGGC	1
210	209	3	ACCTTAGTAAAAGACCAACTGGCG	1
211	210	3	CCTTAGTAAAAGACCAACTGGCGA	1
212	211	3	CTTAGTAAAAGACCAACTGGCGAC	1
213	212	3	TTAGTAAAAGACCAACTGGCGACA	1
214	213	2	TAGTAAAAGACCAACTGGCGACAA	1
215	214	2	AGTAAAAGACCAACTGGCGACAAA	1
216	215	2	GTAAAAGACCAACTGGCGACAAAT	1
217	216	2	TAAAAGACCAACTGGCGACAAATC	1
218	217	2	AAAAGACCAACTGGCGACAAATCC	1
219	218	1	AAAGACCAACTGGCGACAAATCCA	1
220	219	1	AAGACCAACTGGCGACAAATCCAC	1
221	220	1	AGACCAACTGGCGACAAATCCACC	1
222	221	1	GACCAACTGGCGACAAATCCACCG	1
223	222	1	ACCAACTGGCGACAAATCCACCGT	1
224	223	1	CCAACTGGCGACAAATCCACCGTT	1
225	224	1	CAACTGGCGACAAATCCACCGTTT	1
226	225	1	AACTGGCGACAAATCCACCGTTTT	1
227	226	1	ACTGGCGACAAATCCACCGTTTTA	1
228	227	1	CTGGCGACAAATCCACCGTTTTAA	1
229	228	1	TGGCGACAAATCCACCGTTTTAAT	1
230	229	1	GGCGACAAATCCACCGTTTTAATT	1
231	230	1	GCGACAAATCCACCGTTTTAATTG	1
232	231	1	CGACAAATCCACCGTTTTAATTGA	1
233	232	1	GACAAATCCACCGTTTTAATTGAC	1
234	233	1	ACAAATCCACCGTTTTAATTGACG	1
235	234	1	CAAATCCACCGTTTTAATTGACGT	1
236	235	1	AAATCCACCGTTTTAATTGACGTT	1
237	236	1	AATCCACCGTTTTAATTGACGTTC	1
238	237	1	ATCCACCGTTTTAATTGACGTTCG	1
239	238	1	TCCACCGTTTTAATTGACGTTCGT	1
240	239	1	CCACCGTTTTAATTGACGTTCGTG	1
241	240	1	CACCGTTTTAATTGACGTTCGTGA	1
242	241	1	ACCGTTTTAATTGACGTTCGTGAG	1
243	242	1	CCGTTTTAATTGACGTTCGTGAGC	1
244	243	1	CGTTTTAATTGACGTTCGTGAGCC	1
245	244	1	GTTTTAATTGACGTTCGTGAGCCC	1
246	245	1	TTTTAATTGACGTTCGTGAGCCCG	1
247	246	1	TTTAATTGACGTTCGTGAGCCCGG	1
