Component 535
1	-1	0	GGAACACAACATGATCGAAACAAT	1
2	1	1	GAACACAACATGATCGAAACAATC	1
3	2	1	AACACAACATGATCGAAACAATCC	1
4	3	1	ACACAACATGATCGAAACAATCCC	1
5	4	1	CACAACATGATCGAAACAATCCCA	1
6	5	1	ACAACATGATCGAAACAATCCCAA	1
7	6	1	CAACATGATCGAAACAATCCCAAC	1
8	7	1	AACATGATCGAAACAATCCCAACG	1
9	8	1	ACATGATCGAAACAATCCCAACGA	1
10	9	2	CATGATCGAAACAATCCCAACGAA	1
11	10	2	ATGATCGAAACAATCCCAACGAAA	1
12	11	2	TGATCGAAACAATCCCAACGAAAC	1
13	12	2	GATCGAAACAATCCCAACGAAACC	1
14	13	2	ATCGAAACAATCCCAACGAAACCA	1
15	14	2	TCGAAACAATCCCAACGAAACCAT	1
16	15	2	CGAAACAATCCCAACGAAACCATA	1
17	16	2	GAAACAATCCCAACGAAACCATAT	1
18	17	2	AAACAATCCCAACGAAACCATATG	1
19	18	2	AACAATCCCAACGAAACCATATGA	1
20	19	2	ACAATCCCAACGAAACCATATGAG	1
21	20	2	CAATCCCAACGAAACCATATGAGG	1
22	21	2	AATCCCAACGAAACCATATGAGGG	1
23	22	2	ATCCCAACGAAACCATATGAGGGC	1
24	23	2	TCCCAACGAAACCATATGAGGGCC	1
25	24	2	CCCAACGAAACCATATGAGGGCCA	1
26	25	2	CCAACGAAACCATATGAGGGCCAA	1
27	26	2	CAACGAAACCATATGAGGGCCAAC	1
28	27	2	AACGAAACCATATGAGGGCCAACG	1
29	28	2	ACGAAACCATATGAGGGCCAACGC	1
30	29	2	CGAAACCATATGAGGGCCAACGCC	1
31	30	2	GAAACCATATGAGGGCCAACGCCC	1
32	31	2	AAACCATATGAGGGCCAACGCCCT	1
33	32	2	AACCATATGAGGGCCAACGCCCTG	1
34	33	2	ACCATATGAGGGCCAACGCCCTGG	1
35	34	2	CCATATGAGGGCCAACGCCCTGGT	1
36	35	2	CATATGAGGGCCAACGCCCTGGTA	1
37	36	2	ATATGAGGGCCAACGCCCTGGTAC	1
38	37	2	TATGAGGGCCAACGCCCTGGTACA	1
39	38	2	ATGAGGGCCAACGCCCTGGTACAT	1
40	39	2	TGAGGGCCAACGCCCTGGTACATC	1
41	40	2	GAGGGCCAACGCCCTGGTACATCA	1
42	41	2	AGGGCCAACGCCCTGGTACATCAG	1
43	42	2	GGGCCAACGCCCTGGTACATCAGG	1
44	43	2	GGCCAACGCCCTGGTACATCAGGT	1
45	44	2	GCCAACGCCCTGGTACATCAGGTC	1
46	45	1	CCAACGCCCTGGTACATCAGGTCT	1
47	46	1	CAACGCCCTGGTACATCAGGTCTT	1
48	47	1	AACGCCCTGGTACATCAGGTCTTC	1
49	48	1	ACGCCCTGGTACATCAGGTCTTCG	1
50	49	1	CGCCCTGGTACATCAGGTCTTCGC	1
51	50	1	GCCCTGGTACATCAGGTCTTCGCA	1
52	51	1	CCCTGGTACATCAGGTCTTCGCAA	1
53	52	1	CCTGGTACATCAGGTCTTCGCAAG	1
54	-1	0	AGCCCATCTAGTTGTCGGTGGTGA	1
55	54	1	GCCCATCTAGTTGTCGGTGGTGAT	1
56	55	1	CCCATCTAGTTGTCGGTGGTGATG	1
57	56	1	CCATCTAGTTGTCGGTGGTGATGG	1
58	57	1	CATCTAGTTGTCGGTGGTGATGGA	1
59	58	1	ATCTAGTTGTCGGTGGTGATGGAC	1
60	59	2	TCTAGTTGTCGGTGGTGATGGACG	1
61	60	2	CTAGTTGTCGGTGGTGATGGACGT	1
62	61	2	TAGTTGTCGGTGGTGATGGACGTT	1
63	62	2	AGTTGTCGGTGGTGATGGACGTTA	1
64	63	2	GTTGTCGGTGGTGATGGACGTTAT	1
65	64	2	TTGTCGGTGGTGATGGACGTTATT	1
66	65	2	TGTCGGTGGTGATGGACGTTATTT	1
67	66	2	GTCGGTGGTGATGGACGTTATTTC	1
68	67	2	TCGGTGGTGATGGACGTTATTTCA	1
69	68	2	CGGTGGTGATGGACGTTATTTCAA	1
70	69	2	GGTGGTGATGGACGTTATTTCAAC	1
71	70	2	GTGGTGATGGACGTTATTTCAACT	1
72	71	2	TGGTGATGGACGTTATTTCAACTT	1
73	72	3	GGTGATGGACGTTATTTCAACTTT	1
74	73	3	GTGATGGACGTTATTTCAACTTTC	1
75	74	3	TGATGGACGTTATTTCAACTTTCA	1
76	75	3	GATGGACGTTATTTCAACTTTCAT	1
77	76	3	ATGGACGTTATTTCAACTTTCATG	1
78	77	3	TGGACGTTATTTCAACTTTCATGC	1
79	78	3	GGACGTTATTTCAACTTTCATGCC	1
80	79	3	GACGTTATTTCAACTTTCATGCCA	1
81	80	3	ACGTTATTTCAACTTTCATGCCAT	1
82	81	3	CGTTATTTCAACTTTCATGCCATC	1
83	82	3	GTTATTTCAACTTTCATGCCATCC	1
84	83	3	TTATTTCAACTTTCATGCCATCCA	1
85	84	3	TATTTCAACTTTCATGCCATCCAA	1
86	85	3	ATTTCAACTTTCATGCCATCCAAG	1
87	86	3	TTTCAACTTTCATGCCATCCAAGT	1
88	87	3	TTCAACTTTCATGCCATCCAAGTC	1
89	88	3	TCAACTTTCATGCCATCCAAGTCA	1
90	89	3	CAACTTTCATGCCATCCAAGTCAT	1
91	90	3	AACTTTCATGCCATCCAAGTCATT	1
92	91	4	ACTTTCATGCCATCCAAGTCATTG	1
93	92	4	CTTTCATGCCATCCAAGTCATTGC	1
94	93	4	TTTCATGCCATCCAAGTCATTGCT	1
95	94	4	TTCATGCCATCCAAGTCATTGCTG	1
96	95	4	TCATGCCATCCAAGTCATTGCTGC	1
97	96	4	CATGCCATCCAAGTCATTGCTGCT	1
98	97	4	ATGCCATCCAAGTCATTGCTGCTA	1
99	98	3	TGCCATCCAAGTCATTGCTGCTAT	1
100	99	3	GCCATCCAAGTCATTGCTGCTATA	1
101	100	3	CCATCCAAGTCATTGCTGCTATAG	1
102	101	3	CATCCAAGTCATTGCTGCTATAGC	1
103	102	3	ATCCAAGTCATTGCTGCTATAGCT	1
104	103	3	TCCAAGTCATTGCTGCTATAGCTG	1
105	104	3	CCAAGTCATTGCTGCTATAGCTGC	1
106	105	3	CAAGTCATTGCTGCTATAGCTGCT	1
107	106	3	AAGTCATTGCTGCTATAGCTGCTG	1
108	107	3	AGTCATTGCTGCTATAGCTGCTGG	1
109	108	3	GTCATTGCTGCTATAGCTGCTGGC	1
110	109	3	TCATTGCTGCTATAGCTGCTGGCA	1
111	110	3	CATTGCTGCTATAGCTGCTGGCAA	1
112	111	3	ATTGCTGCTATAGCTGCTGGCAAT	1
113	112	3	TTGCTGCTATAGCTGCTGGCAATG	1
114	113	3	TGCTGCTATAGCTGCTGGCAATGG	1
115	114	2	GCTGCTATAGCTGCTGGCAATGGT	1
116	115	2	CTGCTATAGCTGCTGGCAATGGTG	1
117	116	2	TGCTATAGCTGCTGGCAATGGTGT	1
118	117	2	GCTATAGCTGCTGGCAATGGTGTT	1
119	118	2	CTATAGCTGCTGGCAATGGTGTTG	1
120	119	2	TATAGCTGCTGGCAATGGTGTTGA	1
121	120	2	ATAGCTGCTGGCAATGGTGTTGAG	1
122	121	2	TAGCTGCTGGCAATGGTGTTGAGA	1
123	122	2	AGCTGCTGGCAATGGTGTTGAGAA	1
124	123	2	GCTGCTGGCAATGGTGTTGAGAAG	1
125	124	2	CTGCTGGCAATGGTGTTGAGAAGA	1
126	125	2	TGCTGGCAATGGTGTTGAGAAGAT	1
127	126	2	GCTGGCAATGGTGTTGAGAAGATC	1
128	127	2	CTGGCAATGGTGTTGAGAAGATCA	1
129	128	2	TGGCAATGGTGTTGAGAAGATCAT	1
130	129	2	GGCAATGGTGTTGAGAAGATCATT	1
131	130	2	GCAATGGTGTTGAGAAGATCATTG	1
132	131	2	CAATGGTGTTGAGAAGATCATTGT	1
133	132	2	AATGGTGTTGAGAAGATCATTGTT	1
134	133	2	ATGGTGTTGAGAAGATCATTGTTG	1
135	134	2	TGGTGTTGAGAAGATCATTGTTGG	1
136	135	1	GGTGTTGAGAAGATCATTGTTGGT	1
137	136	1	GTGTTGAGAAGATCATTGTTGGTA	1
138	137	1	TGTTGAGAAGATCATTGTTGGTAC	1
139	138	1	GTTGAGAAGATCATTGTTGGTACA	1
140	139	1	TTGAGAAGATCATTGTTGGTACAA	1
141	140	2	TGAGAAGATCATTGTTGGTACAAA	1
142	141	2	GAGAAGATCATTGTTGGTACAAAT	1
143	142	2	AGAAGATCATTGTTGGTACAAATG	1
144	143	2	GAAGATCATTGTTGGTACAAATGG	1
145	144	2	AAGATCATTGTTGGTACAAATGGA	1
146	145	2	AGATCATTGTTGGTACAAATGGAT	1
147	146	2	GATCATTGTTGGTACAAATGGATA	1
148	147	1	ATCATTGTTGGTACAAATGGATAT	1
149	148	1	TCATTGTTGGTACAAATGGATATC	1
150	149	1	CATTGTTGGTACAAATGGATATCT	1
151	150	1	ATTGTTGGTACAAATGGATATCTG	1
152	151	2	TTGTTGGTACAAATGGATATCTGT	1
153	152	2	TGTTGGTACAAATGGATATCTGTC	1
154	153	2	GTTGGTACAAATGGATATCTGTCT	1
155	154	2	TTGGTACAAATGGATATCTGTCTA	1
156	155	2	TGGTACAAATGGATATCTGTCTAC	1
157	156	2	GGTACAAATGGATATCTGTCTACT	1
158	157	2	GTACAAATGGATATCTGTCTACTC	1
159	158	2	TACAAATGGATATCTGTCTACTCC	1
160	159	2	ACAAATGGATATCTGTCTACTCCC	1
161	160	2	CAAATGGATATCTGTCTACTCCCG	1
162	161	2	AAATGGATATCTGTCTACTCCCGC	1
163	162	2	AATGGATATCTGTCTACTCCCGCC	1
164	163	2	ATGGATATCTGTCTACTCCCGCCG	1
165	164	2	TGGATATCTGTCTACTCCCGCCGC	1
166	165	3	GGATATCTGTCTACTCCCGCCGCT	1
167	166	3	GATATCTGTCTACTCCCGCCGCTA	1
168	167	3	ATATCTGTCTACTCCCGCCGCTAG	1
169	168	3	TATCTGTCTACTCCCGCCGCTAGT	1
170	169	3	ATCTGTCTACTCCCGCCGCTAGTC	1
171	170	3	TCTGTCTACTCCCGCCGCTAGTCA	1
172	171	3	CTGTCTACTCCCGCCGCTAGTCAC	1
173	172	2	TGTCTACTCCCGCCGCTAGTCACA	1
174	173	2	GTCTACTCCCGCCGCTAGTCACAT	1
175	174	2	TCTACTCCCGCCGCTAGTCACATT	1
176	175	2	CTACTCCCGCCGCTAGTCACATTA	1
177	176	2	TACTCCCGCCGCTAGTCACATTAT	1
178	177	2	ACTCCCGCCGCTAGTCACATTATT	1
179	178	2	CTCCCGCCGCTAGTCACATTATTA	1
180	179	2	TCCCGCCGCTAGTCACATTATTAG	1
181	180	2	CCCGCCGCTAGTCACATTATTAGG	1
182	181	2	CCGCCGCTAGTCACATTATTAGGA	1
183	182	2	CGCCGCTAGTCACATTATTAGGAA	1
184	183	2	GCCGCTAGTCACATTATTAGGAAG	1
185	184	2	CCGCTAGTCACATTATTAGGAAGT	1
186	185	2	CGCTAGTCACATTATTAGGAAGTA	1
187	186	2	GCTAGTCACATTATTAGGAAGTAC	1
188	187	2	CTAGTCACATTATTAGGAAGTACA	1
189	188	2	TAGTCACATTATTAGGAAGTACAA	1
190	189	2	AGTCACATTATTAGGAAGTACAAG	1
191	190	2	GTCACATTATTAGGAAGTACAAGC	1
192	191	2	TCACATTATTAGGAAGTACAAGCT	1
193	192	2	CACATTATTAGGAAGTACAAGCTA	1
194	193	2	ACATTATTAGGAAGTACAAGCTAA	1
195	194	3	CATTATTAGGAAGTACAAGCTAAC	1
196	195	2	ATTATTAGGAAGTACAAGCTAACC	1
197	196	2	TTATTAGGAAGTACAAGCTAACCG	1
198	197	2	TATTAGGAAGTACAAGCTAACCGG	1
199	198	2	ATTAGGAAGTACAAGCTAACCGGC	1
200	199	2	TTAGGAAGTACAAGCTAACCGGCG	1
201	200	2	TAGGAAGTACAAGCTAACCGGCGG	1
202	201	2	AGGAAGTACAAGCTAACCGGCGGT	1
203	202	2	GGAAGTACAAGCTAACCGGCGGTA	1
204	203	2	GAAGTACAAGCTAACCGGCGGTAT	1
205	204	2	AAGTACAAGCTAACCGGCGGTATC	1
206	205	2	AGTACAAGCTAACCGGCGGTATCA	1
207	206	2	GTACAAGCTAACCGGCGGTATCAT	1
208	207	2	TACAAGCTAACCGGCGGTATCATT	1
209	208	2	ACAAGCTAACCGGCGGTATCATTT	1
210	209	1	CAAGCTAACCGGCGGTATCATTTT	1
211	210	1	AAGCTAACCGGCGGTATCATTTTG	1
212	211	1	AGCTAACCGGCGGTATCATTTTGA	1
213	212	1	GCTAACCGGCGGTATCATTTTGAC	1
214	213	1	CTAACCGGCGGTATCATTTTGACC	1
215	214	1	TAACCGGCGGTATCATTTTGACCG	1
216	215	1	AACCGGCGGTATCATTTTGACCGC	1
217	216	1	ACCGGCGGTATCATTTTGACCGCT	1
218	217	1	CCGGCGGTATCATTTTGACCGCTT	1
219	218	1	CGGCGGTATCATTTTGACCGCTTC	1
220	219	1	GGCGGTATCATTTTGACCGCTTCT	1
221	220	1	GCGGTATCATTTTGACCGCTTCTC	1
222	221	1	CGGTATCATTTTGACCGCTTCTCA	1
223	222	1	GGTATCATTTTGACCGCTTCTCAT	1
224	223	1	GTATCATTTTGACCGCTTCTCATA	1
225	224	1	TATCATTTTGACCGCTTCTCATAA	1
226	225	1	ATCATTTTGACCGCTTCTCATAAT	1
227	226	1	TCATTTTGACCGCTTCTCATAATG	1
228	227	1	CATTTTGACCGCTTCTCATAATGC	1
229	228	1	ATTTTGACCGCTTCTCATAATGCC	1
230	229	2	TTTTGACCGCTTCTCATAATGCCG	1
231	230	2	TTTGACCGCTTCTCATAATGCCGG	1
232	231	2	TTGACCGCTTCTCATAATGCCGGT	1
233	232	2	TGACCGCTTCTCATAATGCCGGTG	1
234	233	2	GACCGCTTCTCATAATGCCGGTGG	1
235	234	2	ACCGCTTCTCATAATGCCGGTGGT	1
236	235	2	CCGCTTCTCATAATGCCGGTGGTC	1
237	236	2	CGCTTCTCATAATGCCGGTGGTCC	1
238	237	2	GCTTCTCATAATGCCGGTGGTCCC	1
239	238	1	CTTCTCATAATGCCGGTGGTCCCA	1
240	239	1	TTCTCATAATGCCGGTGGTCCCAA	1
241	240	1	TCTCATAATGCCGGTGGTCCCAAG	1
242	241	1	CTCATAATGCCGGTGGTCCCAAGA	1
243	242	1	TCATAATGCCGGTGGTCCCAAGAA	1
244	243	1	CATAATGCCGGTGGTCCCAAGAAC	1
245	244	1	ATAATGCCGGTGGTCCCAAGAACG	1
246	245	1	TAATGCCGGTGGTCCCAAGAACGA	1
247	246	1	AATGCCGGTGGTCCCAAGAACGAT	1
248	247	1	ATGCCGGTGGTCCCAAGAACGATT	1
249	248	1	TGCCGGTGGTCCCAAGAACGATTT	1
250	249	1	GCCGGTGGTCCCAAGAACGATTTC	1
251	250	1	CCGGTGGTCCCAAGAACGATTTCG	1
252	251	1	CGGTGGTCCCAAGAACGATTTCGG	1
253	252	1	GGTGGTCCCAAGAACGATTTCGGT	1
254	253	1	GTGGTCCCAAGAACGATTTCGGTA	1
255	254	1	TGGTCCCAAGAACGATTTCGGTAT	1
256	255	1	GGTCCCAAGAACGATTTCGGTATT	1
257	256	1	GTCCCAAGAACGATTTCGGTATTA	1
258	257	1	TCCCAAGAACGATTTCGGTATTAA	1
259	258	1	CCCAAGAACGATTTCGGTATTAAA	1
260	259	1	CCAAGAACGATTTCGGTATTAAAT	1
261	260	2	CAAGAACGATTTCGGTATTAAATA	1
262	261	2	AAGAACGATTTCGGTATTAAATAT	1
263	262	2	AGAACGATTTCGGTATTAAATATA	1
264	263	2	GAACGATTTCGGTATTAAATATAA	1
265	264	2	AACGATTTCGGTATTAAATATAAC	1
266	265	2	ACGATTTCGGTATTAAATATAACC	1
267	266	2	CGATTTCGGTATTAAATATAACCT	1
268	267	2	GATTTCGGTATTAAATATAACCTT	1
269	268	2	ATTTCGGTATTAAATATAACCTTG	1
270	269	2	TTTCGGTATTAAATATAACCTTGG	1
271	270	2	TTCGGTATTAAATATAACCTTGGC	1
272	271	2	TCGGTATTAAATATAACCTTGGCA	1
273	272	2	CGGTATTAAATATAACCTTGGCAA	1
274	273	1	GGTATTAAATATAACCTTGGCAAT	1
275	274	1	GTATTAAATATAACCTTGGCAATG	1
276	275	1	TATTAAATATAACCTTGGCAATGG	1
277	276	1	ATTAAATATAACCTTGGCAATGGT	1
278	277	2	TTAAATATAACCTTGGCAATGGTG	1
279	278	2	TAAATATAACCTTGGCAATGGTGG	1
280	279	2	AAATATAACCTTGGCAATGGTGGA	1
281	280	2	AATATAACCTTGGCAATGGTGGAC	1
282	281	2	ATATAACCTTGGCAATGGTGGACC	1
283	282	2	TATAACCTTGGCAATGGTGGACCA	1
284	283	3	ATAACCTTGGCAATGGTGGACCAG	1
285	284	3	TAACCTTGGCAATGGTGGACCAGC	1
286	285	3	AACCTTGGCAATGGTGGACCAGCA	1
287	286	3	ACCTTGGCAATGGTGGACCAGCAC	1
288	287	3	CCTTGGCAATGGTGGACCAGCACC	1
289	288	4	CTTGGCAATGGTGGACCAGCACCT	1
290	289	4	TTGGCAATGGTGGACCAGCACCTG	1
291	290	4	TGGCAATGGTGGACCAGCACCTGA	1
292	291	4	GGCAATGGTGGACCAGCACCTGAA	1
293	292	4	GCAATGGTGGACCAGCACCTGAAT	1
294	293	4	CAATGGTGGACCAGCACCTGAATC	1
295	294	4	AATGGTGGACCAGCACCTGAATCT	1
296	295	4	ATGGTGGACCAGCACCTGAATCTG	1
297	296	4	TGGTGGACCAGCACCTGAATCTGT	1
298	297	4	GGTGGACCAGCACCTGAATCTGTT	1
299	298	4	GTGGACCAGCACCTGAATCTGTTA	1
300	299	4	TGGACCAGCACCTGAATCTGTTAC	1
301	300	4	GGACCAGCACCTGAATCTGTTACT	1
302	301	6	GACCAGCACCTGAATCTGTTACTG	1
303	302	6	ACCAGCACCTGAATCTGTTACTGA	1
304	303	6	CCAGCACCTGAATCTGTTACTGAG	1
305	304	5	CAGCACCTGAATCTGTTACTGAGA	1
306	305	6	AGCACCTGAATCTGTTACTGAGAA	1
307	306	6	GCACCTGAATCTGTTACTGAGAAA	1
308	307	6	CACCTGAATCTGTTACTGAGAAAA	1
309	308	6	ACCTGAATCTGTTACTGAGAAAAT	1
310	309	6	CCTGAATCTGTTACTGAGAAAATT	1
311	310	6	CTGAATCTGTTACTGAGAAAATTT	1
312	311	6	TGAATCTGTTACTGAGAAAATTTA	1
313	312	6	GAATCTGTTACTGAGAAAATTTAT	1
314	313	6	AATCTGTTACTGAGAAAATTTATT	1
315	314	6	ATCTGTTACTGAGAAAATTTATTC	1
316	315	6	TCTGTTACTGAGAAAATTTATTCC	1
317	316	6	CTGTTACTGAGAAAATTTATTCCA	1
318	317	6	TGTTACTGAGAAAATTTATTCCAT	1
319	318	6	GTTACTGAGAAAATTTATTCCATT	1
320	319	6	TTACTGAGAAAATTTATTCCATTA	1
321	320	6	TACTGAGAAAATTTATTCCATTAC	1
322	321	5	ACTGAGAAAATTTATTCCATTACT	1
323	322	5	CTGAGAAAATTTATTCCATTACTA	1
324	323	5	TGAGAAAATTTATTCCATTACTAA	1
325	324	5	GAGAAAATTTATTCCATTACTAAA	1
326	325	4	AGAAAATTTATTCCATTACTAAAA	1
327	326	4	GAAAATTTATTCCATTACTAAAAC	1
328	327	3	AAAATTTATTCCATTACTAAAACC	1
329	328	3	AAATTTATTCCATTACTAAAACCA	1
330	329	3	AATTTATTCCATTACTAAAACCAT	1
331	330	3	ATTTATTCCATTACTAAAACCATA	1
332	331	3	TTTATTCCATTACTAAAACCATAT	1
333	332	2	TTATTCCATTACTAAAACCATATC	1
334	333	2	TATTCCATTACTAAAACCATATCC	1
335	334	2	ATTCCATTACTAAAACCATATCCG	1
336	335	2	TTCCATTACTAAAACCATATCCGA	1
337	336	2	TCCATTACTAAAACCATATCCGAA	1
338	337	2	CCATTACTAAAACCATATCCGAAT	1
339	338	2	CATTACTAAAACCATATCCGAATA	1
340	339	2	ATTACTAAAACCATATCCGAATAC	1
341	340	2	TTACTAAAACCATATCCGAATACA	1
342	341	2	TACTAAAACCATATCCGAATACAA	1
343	342	2	ACTAAAACCATATCCGAATACAAA	1
344	343	2	CTAAAACCATATCCGAATACAAAA	1
345	344	2	TAAAACCATATCCGAATACAAAAT	1
346	345	1	AAAACCATATCCGAATACAAAATG	1
347	346	1	AAACCATATCCGAATACAAAATGG	1
348	347	1	AACCATATCCGAATACAAAATGGT	1
349	348	1	ACCATATCCGAATACAAAATGGTA	1
350	-1	0	TGACGGTTGAAGTCATCGACCCGG	1
351	350	1	GACGGTTGAAGTCATCGACCCGGT	1
352	351	1	ACGGTTGAAGTCATCGACCCGGTC	1
353	352	1	CGGTTGAAGTCATCGACCCGGTCA	1
354	353	1	GGTTGAAGTCATCGACCCGGTCAA	1
355	354	1	GTTGAAGTCATCGACCCGGTCAAG	1
356	355	1	TTGAAGTCATCGACCCGGTCAAGG	1
357	356	1	TGAAGTCATCGACCCGGTCAAGGA	1
358	357	1	GAAGTCATCGACCCGGTCAAGGAT	1
359	358	1	AAGTCATCGACCCGGTCAAGGATT	1
360	359	1	AGTCATCGACCCGGTCAAGGATTA	1
361	360	1	GTCATCGACCCGGTCAAGGATTAT	1
362	361	1	TCATCGACCCGGTCAAGGATTATG	1
363	362	1	CATCGACCCGGTCAAGGATTATGT	1
364	363	1	ATCGACCCGGTCAAGGATTATGTT	1
365	364	1	TCGACCCGGTCAAGGATTATGTTC	1
366	365	1	CGACCCGGTCAAGGATTATGTTCA	1
367	366	1	GACCCGGTCAAGGATTATGTTCAG	1
368	367	1	ACCCGGTCAAGGATTATGTTCAGT	1
369	368	1	CCCGGTCAAGGATTATGTTCAGTT	1
370	369	1	CCGGTCAAGGATTATGTTCAGTTG	1
371	370	1	CGGTCAAGGATTATGTTCAGTTGA	1
372	371	1	GGTCAAGGATTATGTTCAGTTGAT	1
373	372	1	GTCAAGGATTATGTTCAGTTGATG	1
374	373	1	TCAAGGATTATGTTCAGTTGATGA	1
375	374	1	CAAGGATTATGTTCAGTTGATGAA	1
376	375	1	AAGGATTATGTTCAGTTGATGAAA	1
377	376	1	AGGATTATGTTCAGTTGATGAAAG	1
378	377	2	GGATTATGTTCAGTTGATGAAAGA	1
379	378	2	GATTATGTTCAGTTGATGAAAGAA	1
380	379	2	ATTATGTTCAGTTGATGAAAGAAA	1
381	380	2	TTATGTTCAGTTGATGAAAGAAAT	1
382	381	4	TATGTTCAGTTGATGAAAGAAATC	1
383	382	4	ATGTTCAGTTGATGAAAGAAATCT	1
384	383	4	TGTTCAGTTGATGAAAGAAATCTT	1
385	384	4	GTTCAGTTGATGAAAGAAATCTTT	1
386	385	4	TTCAGTTGATGAAAGAAATCTTTG	1
387	386	4	TCAGTTGATGAAAGAAATCTTTGA	1
388	387	4	CAGTTGATGAAAGAAATCTTTGAC	1
389	388	4	AGTTGATGAAAGAAATCTTTGACT	1
390	389	4	GTTGATGAAAGAAATCTTTGACTT	1
391	390	4	TTGATGAAAGAAATCTTTGACTTT	1
392	391	4	TGATGAAAGAAATCTTTGACTTTG	1
393	392	4	GATGAAAGAAATCTTTGACTTTGA	1
394	393	4	ATGAAAGAAATCTTTGACTTTGAT	1
395	394	3	TGAAAGAAATCTTTGACTTTGATT	1
396	395	3	GAAAGAAATCTTTGACTTTGATTT	1
397	396	3	AAAGAAATCTTTGACTTTGATTTG	1
398	397	3	AAGAAATCTTTGACTTTGATTTGA	1
399	398	3	AGAAATCTTTGACTTTGATTTGAT	1
400	399	3	GAAATCTTTGACTTTGATTTGATT	1
401	400	4	AAATCTTTGACTTTGATTTGATTC	1
402	401	4	AATCTTTGACTTTGATTTGATTCG	1
403	402	4	ATCTTTGACTTTGATTTGATTCGC	1
404	403	4	TCTTTGACTTTGATTTGATTCGCA	1
405	404	4	CTTTGACTTTGATTTGATTCGCAG	1
406	405	4	TTTGACTTTGATTTGATTCGCAGC	1
407	406	4	TTGACTTTGATTTGATTCGCAGCT	1
408	407	4	TGACTTTGATTTGATTCGCAGCTT	1
409	408	5	GACTTTGATTTGATTCGCAGCTTC	1
410	409	5	ACTTTGATTTGATTCGCAGCTTCC	1
411	410	5	CTTTGATTTGATTCGCAGCTTCCT	1
412	411	5	TTTGATTTGATTCGCAGCTTCCTA	1
413	412	5	TTGATTTGATTCGCAGCTTCCTAT	1
414	413	5	TGATTTGATTCGCAGCTTCCTATC	1
415	414	5	GATTTGATTCGCAGCTTCCTATCC	1
416	415	5	ATTTGATTCGCAGCTTCCTATCCA	1
417	416	5	TTTGATTCGCAGCTTCCTATCCAA	1
418	417	5	TTGATTCGCAGCTTCCTATCCAAA	1
419	418	5	TGATTCGCAGCTTCCTATCCAAAA	1
420	419	5	GATTCGCAGCTTCCTATCCAAAAA	1
421	420	5	ATTCGCAGCTTCCTATCCAAAAAC	1
422	421	4	TTCGCAGCTTCCTATCCAAAAACC	1
423	422	4	TCGCAGCTTCCTATCCAAAAACCC	1
424	423	4	CGCAGCTTCCTATCCAAAAACCCC	1
425	424	4	GCAGCTTCCTATCCAAAAACCCCG	1
426	425	2	CAGCTTCCTATCCAAAAACCCCGA	1
427	426	2	AGCTTCCTATCCAAAAACCCCGAT	1
428	427	2	GCTTCCTATCCAAAAACCCCGATT	1
429	428	2	CTTCCTATCCAAAAACCCCGATTT	1
430	429	2	TTCCTATCCAAAAACCCCGATTTT	1
431	430	2	TCCTATCCAAAAACCCCGATTTTA	1
432	431	2	CCTATCCAAAAACCCCGATTTTAC	1
433	432	2	CTATCCAAAAACCCCGATTTTACA	1
434	433	2	TATCCAAAAACCCCGATTTTACAT	1
435	434	2	ATCCAAAAACCCCGATTTTACATT	1
436	435	2	TCCAAAAACCCCGATTTTACATTT	1
437	436	2	CCAAAAACCCCGATTTTACATTTG	1
438	437	2	CAAAAACCCCGATTTTACATTTGT	1
439	438	2	AAAAACCCCGATTTTACATTTGTC	1
440	439	2	AAAACCCCGATTTTACATTTGTCT	1
441	440	2	AAACCCCGATTTTACATTTGTCTT	1
442	441	2	AACCCCGATTTTACATTTGTCTTT	1
443	442	2	ACCCCGATTTTACATTTGTCTTTG	1
444	443	2	CCCCGATTTTACATTTGTCTTTGA	1
445	444	1	CCCGATTTTACATTTGTCTTTGAT	1
446	445	1	CCGATTTTACATTTGTCTTTGATG	1
447	446	1	CGATTTTACATTTGTCTTTGATGC	1
448	447	1	GATTTTACATTTGTCTTTGATGCT	1
449	448	1	ATTTTACATTTGTCTTTGATGCTT	1
450	449	1	TTTTACATTTGTCTTTGATGCTTT	1
451	450	1	TTTACATTTGTCTTTGATGCTTTA	1
452	451	1	TTACATTTGTCTTTGATGCTTTAC	1
