Component 540
1	-1	0	AACTCCGAAGTTCACAAAAACAAT	1
2	1	1	ACTCCGAAGTTCACAAAAACAATA	1
3	2	1	CTCCGAAGTTCACAAAAACAATAG	1
4	3	1	TCCGAAGTTCACAAAAACAATAGC	1
5	4	1	CCGAAGTTCACAAAAACAATAGCT	1
6	5	1	CGAAGTTCACAAAAACAATAGCTA	1
7	6	1	GAAGTTCACAAAAACAATAGCTAT	1
8	7	1	AAGTTCACAAAAACAATAGCTATT	1
9	8	1	AGTTCACAAAAACAATAGCTATTT	1
10	9	1	GTTCACAAAAACAATAGCTATTTA	1
11	10	1	TTCACAAAAACAATAGCTATTTAA	1
12	11	1	TCACAAAAACAATAGCTATTTAAA	1
13	12	1	CACAAAAACAATAGCTATTTAAAT	1
14	13	1	ACAAAAACAATAGCTATTTAAATG	1
15	14	1	CAAAAACAATAGCTATTTAAATGA	1
16	15	1	AAAAACAATAGCTATTTAAATGAT	1
17	16	1	AAAACAATAGCTATTTAAATGATG	1
18	17	1	AAACAATAGCTATTTAAATGATGG	1
19	18	1	AACAATAGCTATTTAAATGATGGA	1
20	19	1	ACAATAGCTATTTAAATGATGGAT	1
21	20	1	CAATAGCTATTTAAATGATGGATT	1
22	21	1	AATAGCTATTTAAATGATGGATTC	1
23	22	1	ATAGCTATTTAAATGATGGATTCG	1
24	23	1	TAGCTATTTAAATGATGGATTCGG	1
25	24	1	AGCTATTTAAATGATGGATTCGGT	1
26	25	1	GCTATTTAAATGATGGATTCGGTA	1
27	26	1	CTATTTAAATGATGGATTCGGTAC	1
28	27	1	TATTTAAATGATGGATTCGGTACA	1
29	28	1	ATTTAAATGATGGATTCGGTACAT	1
30	29	1	TTTAAATGATGGATTCGGTACATT	1
31	30	1	TTAAATGATGGATTCGGTACATTT	1
32	31	1	TAAATGATGGATTCGGTACATTTT	1
33	32	1	AAATGATGGATTCGGTACATTTTT	1
34	33	1	AATGATGGATTCGGTACATTTTTT	1
35	34	1	ATGATGGATTCGGTACATTTTTTT	1
36	35	1	TGATGGATTCGGTACATTTTTTTC	1
37	36	1	GATGGATTCGGTACATTTTTTTCT	1
38	37	1	ATGGATTCGGTACATTTTTTTCTG	1
39	38	1	TGGATTCGGTACATTTTTTTCTGA	1
40	39	1	GGATTCGGTACATTTTTTTCTGAA	1
41	40	1	GATTCGGTACATTTTTTTCTGAAA	1
42	41	1	ATTCGGTACATTTTTTTCTGAAAC	1
43	42	1	TTCGGTACATTTTTTTCTGAAACC	1
44	43	2	TCGGTACATTTTTTTCTGAAACCG	1
45	44	2	CGGTACATTTTTTTCTGAAACCGG	1
46	45	1	GGTACATTTTTTTCTGAAACCGGG	1
47	46	1	GTACATTTTTTTCTGAAACCGGGC	1
48	47	1	TACATTTTTTTCTGAAACCGGGCA	1
49	48	1	ACATTTTTTTCTGAAACCGGGCAA	1
50	49	1	CATTTTTTTCTGAAACCGGGCAAG	1
51	50	1	ATTTTTTTCTGAAACCGGGCAAGG	1
52	51	1	TTTTTTTCTGAAACCGGGCAAGGA	1
53	52	1	TTTTTTCTGAAACCGGGCAAGGAA	1
54	53	1	TTTTTCTGAAACCGGGCAAGGAAA	1
55	54	1	TTTTCTGAAACCGGGCAAGGAAAA	1
56	55	1	TTTCTGAAACCGGGCAAGGAAAAT	1
57	56	1	TTCTGAAACCGGGCAAGGAAAATT	1
58	57	1	TCTGAAACCGGGCAAGGAAAATTC	1
59	58	1	CTGAAACCGGGCAAGGAAAATTCG	1
60	59	1	TGAAACCGGGCAAGGAAAATTCGT	1
61	60	1	GAAACCGGGCAAGGAAAATTCGTA	1
62	61	1	AAACCGGGCAAGGAAAATTCGTAC	1
63	62	1	AACCGGGCAAGGAAAATTCGTACC	1
64	63	1	ACCGGGCAAGGAAAATTCGTACCT	1
65	64	1	CCGGGCAAGGAAAATTCGTACCTA	1
66	65	1	CGGGCAAGGAAAATTCGTACCTAG	1
67	66	1	GGGCAAGGAAAATTCGTACCTAGA	1
68	67	1	GGCAAGGAAAATTCGTACCTAGAA	1
69	68	1	GCAAGGAAAATTCGTACCTAGAAG	1
70	69	1	CAAGGAAAATTCGTACCTAGAAGT	1
71	70	1	AAGGAAAATTCGTACCTAGAAGTA	1
72	71	1	AGGAAAATTCGTACCTAGAAGTAT	1
73	72	1	GGAAAATTCGTACCTAGAAGTATC	1
74	73	1	GAAAATTCGTACCTAGAAGTATCT	1
75	74	3	AAAATTCGTACCTAGAAGTATCTA	1
76	75	4	AAATTCGTACCTAGAAGTATCTAT	1
77	76	4	AATTCGTACCTAGAAGTATCTATG	1
78	77	4	ATTCGTACCTAGAAGTATCTATGT	1
79	78	4	TTCGTACCTAGAAGTATCTATGTT	1
80	79	4	TCGTACCTAGAAGTATCTATGTTG	1
81	80	4	CGTACCTAGAAGTATCTATGTTGA	1
82	81	4	GTACCTAGAAGTATCTATGTTGAT	1
83	82	4	TACCTAGAAGTATCTATGTTGATC	1
84	83	4	ACCTAGAAGTATCTATGTTGATCT	1
85	84	4	CCTAGAAGTATCTATGTTGATCTT	1
86	85	4	CTAGAAGTATCTATGTTGATCTTG	1
87	86	4	TAGAAGTATCTATGTTGATCTTGA	1
88	87	3	AGAAGTATCTATGTTGATCTTGAG	1
89	88	3	GAAGTATCTATGTTGATCTTGAGC	1
90	89	3	AAGTATCTATGTTGATCTTGAGCC	1
91	90	3	AGTATCTATGTTGATCTTGAGCCT	1
92	91	3	GTATCTATGTTGATCTTGAGCCTA	1
93	92	3	TATCTATGTTGATCTTGAGCCTAA	1
94	93	3	ATCTATGTTGATCTTGAGCCTAAC	1
95	94	3	TCTATGTTGATCTTGAGCCTAACG	1
96	95	3	CTATGTTGATCTTGAGCCTAACGT	1
97	96	4	TATGTTGATCTTGAGCCTAACGTT	1
98	97	4	ATGTTGATCTTGAGCCTAACGTTA	1
99	98	4	TGTTGATCTTGAGCCTAACGTTAT	1
100	99	5	GTTGATCTTGAGCCTAACGTTATT	1
101	100	5	TTGATCTTGAGCCTAACGTTATTG	1
102	101	5	TGATCTTGAGCCTAACGTTATTGA	1
103	102	5	GATCTTGAGCCTAACGTTATTGAT	1
104	103	5	ATCTTGAGCCTAACGTTATTGATC	1
105	104	5	TCTTGAGCCTAACGTTATTGATCA	1
106	105	5	CTTGAGCCTAACGTTATTGATCAA	1
107	106	5	TTGAGCCTAACGTTATTGATCAAG	1
108	107	5	TGAGCCTAACGTTATTGATCAAGT	1
109	108	5	GAGCCTAACGTTATTGATCAAGTT	1
110	109	5	AGCCTAACGTTATTGATCAAGTTC	1
111	110	5	GCCTAACGTTATTGATCAAGTTCG	1
112	111	5	CCTAACGTTATTGATCAAGTTCGT	1
113	112	5	CTAACGTTATTGATCAAGTTCGTA	1
114	113	5	TAACGTTATTGATCAAGTTCGTAC	1
115	114	5	AACGTTATTGATCAAGTTCGTACT	1
116	115	5	ACGTTATTGATCAAGTTCGTACTG	1
117	116	5	CGTTATTGATCAAGTTCGTACTGG	1
118	117	5	GTTATTGATCAAGTTCGTACTGGA	1
119	118	2	TTATTGATCAAGTTCGTACTGGAC	1
120	119	2	TATTGATCAAGTTCGTACTGGACC	1
121	120	2	ATTGATCAAGTTCGTACTGGACCG	1
122	121	2	TTGATCAAGTTCGTACTGGACCGT	1
123	122	2	TGATCAAGTTCGTACTGGACCGTA	1
124	123	2	GATCAAGTTCGTACTGGACCGTAT	1
125	124	2	ATCAAGTTCGTACTGGACCGTATA	1
126	125	2	TCAAGTTCGTACTGGACCGTATAA	1
127	126	2	CAAGTTCGTACTGGACCGTATAAA	1
128	127	2	AAGTTCGTACTGGACCGTATAAAG	1
129	128	2	AGTTCGTACTGGACCGTATAAAGA	1
130	129	2	GTTCGTACTGGACCGTATAAAGAT	1
131	130	2	TTCGTACTGGACCGTATAAAGATC	1
132	131	2	TCGTACTGGACCGTATAAAGATCT	1
133	132	2	CGTACTGGACCGTATAAAGATCTG	1
134	133	2	GTACTGGACCGTATAAAGATCTGT	1
135	134	2	TACTGGACCGTATAAAGATCTGTT	1
136	135	2	ACTGGACCGTATAAAGATCTGTTT	1
137	136	2	CTGGACCGTATAAAGATCTGTTTC	1
138	137	2	TGGACCGTATAAAGATCTGTTTCA	1
139	138	2	GGACCGTATAAAGATCTGTTTCAT	1
140	139	2	GACCGTATAAAGATCTGTTTCATC	1
141	140	1	ACCGTATAAAGATCTGTTTCATCC	1
142	141	1	CCGTATAAAGATCTGTTTCATCCT	1
143	142	1	CGTATAAAGATCTGTTTCATCCTG	1
144	-1	0	TTTGCAACCAAAACGTCTTGTGTA	1
145	144	1	TTGCAACCAAAACGTCTTGTGTAG	1
146	145	1	TGCAACCAAAACGTCTTGTGTAGC	1
147	146	1	GCAACCAAAACGTCTTGTGTAGCG	1
148	147	1	CAACCAAAACGTCTTGTGTAGCGC	1
149	148	1	AACCAAAACGTCTTGTGTAGCGCG	1
150	149	1	ACCAAAACGTCTTGTGTAGCGCGT	1
151	150	1	CCAAAACGTCTTGTGTAGCGCGTT	1
152	151	1	CAAAACGTCTTGTGTAGCGCGTTT	1
153	152	1	AAAACGTCTTGTGTAGCGCGTTTA	1
154	153	2	AAACGTCTTGTGTAGCGCGTTTAG	1
155	154	2	AACGTCTTGTGTAGCGCGTTTAGT	1
156	155	2	ACGTCTTGTGTAGCGCGTTTAGTT	1
157	156	2	CGTCTTGTGTAGCGCGTTTAGTTG	1
158	157	3	GTCTTGTGTAGCGCGTTTAGTTGC	1
159	158	3	TCTTGTGTAGCGCGTTTAGTTGCA	1
160	159	3	CTTGTGTAGCGCGTTTAGTTGCAT	1
161	160	3	TTGTGTAGCGCGTTTAGTTGCATT	1
162	161	3	TGTGTAGCGCGTTTAGTTGCATTT	1
163	162	3	GTGTAGCGCGTTTAGTTGCATTTA	1
164	163	3	TGTAGCGCGTTTAGTTGCATTTAC	1
165	164	3	GTAGCGCGTTTAGTTGCATTTACA	1
166	165	3	TAGCGCGTTTAGTTGCATTTACAT	1
167	166	3	AGCGCGTTTAGTTGCATTTACATT	1
168	167	3	GCGCGTTTAGTTGCATTTACATTC	1
169	168	3	CGCGTTTAGTTGCATTTACATTCG	1
170	169	3	GCGTTTAGTTGCATTTACATTCGT	1
171	170	3	CGTTTAGTTGCATTTACATTCGTT	1
172	171	3	GTTTAGTTGCATTTACATTCGTTA	1
173	172	3	TTTAGTTGCATTTACATTCGTTAT	1
174	173	3	TTAGTTGCATTTACATTCGTTATT	1
175	174	3	TAGTTGCATTTACATTCGTTATTA	1
176	175	3	AGTTGCATTTACATTCGTTATTAT	1
177	176	3	GTTGCATTTACATTCGTTATTATC	1
178	177	3	TTGCATTTACATTCGTTATTATCA	1
179	178	3	TGCATTTACATTCGTTATTATCAC	1
180	179	3	GCATTTACATTCGTTATTATCACA	1
181	180	3	CATTTACATTCGTTATTATCACAA	1
182	181	3	ATTTACATTCGTTATTATCACAAA	1
183	182	3	TTTACATTCGTTATTATCACAAAT	1
184	183	3	TTACATTCGTTATTATCACAAATT	1
185	184	3	TACATTCGTTATTATCACAAATTA	1
186	185	3	ACATTCGTTATTATCACAAATTAT	1
187	186	3	CATTCGTTATTATCACAAATTATG	1
188	187	3	ATTCGTTATTATCACAAATTATGA	1
189	188	2	TTCGTTATTATCACAAATTATGAG	1
190	189	2	TCGTTATTATCACAAATTATGAGA	1
191	190	2	CGTTATTATCACAAATTATGAGAG	1
192	191	2	GTTATTATCACAAATTATGAGAGA	1
193	192	2	TTATTATCACAAATTATGAGAGAA	1
194	193	2	TATTATCACAAATTATGAGAGAAG	1
195	194	2	ATTATCACAAATTATGAGAGAAGT	1
196	195	2	TTATCACAAATTATGAGAGAAGTA	1
197	196	2	TATCACAAATTATGAGAGAAGTAA	1
198	197	1	ATCACAAATTATGAGAGAAGTAAT	1
199	198	1	TCACAAATTATGAGAGAAGTAATT	1
200	199	1	CACAAATTATGAGAGAAGTAATTT	1
201	200	1	ACAAATTATGAGAGAAGTAATTTC	1
202	-1	0	CTCGGGTTTGGGTGCTTTACTTCT	1
203	202	1	TCGGGTTTGGGTGCTTTACTTCTG	1
204	203	1	CGGGTTTGGGTGCTTTACTTCTGG	1
205	204	1	GGGTTTGGGTGCTTTACTTCTGGA	1
206	205	1	GGTTTGGGTGCTTTACTTCTGGAG	1
207	206	1	GTTTGGGTGCTTTACTTCTGGAGC	1
208	207	1	TTTGGGTGCTTTACTTCTGGAGCG	1
209	208	1	TTGGGTGCTTTACTTCTGGAGCGC	1
210	209	1	TGGGTGCTTTACTTCTGGAGCGCT	1
211	210	1	GGGTGCTTTACTTCTGGAGCGCTT	1
212	211	1	GGTGCTTTACTTCTGGAGCGCTTG	1
213	212	1	GTGCTTTACTTCTGGAGCGCTTGA	1
214	213	1	TGCTTTACTTCTGGAGCGCTTGAA	1
215	214	1	GCTTTACTTCTGGAGCGCTTGAAC	1
216	215	1	CTTTACTTCTGGAGCGCTTGAACA	1
217	216	2	TTTACTTCTGGAGCGCTTGAACAT	1
218	217	2	TTACTTCTGGAGCGCTTGAACATG	1
219	218	2	TACTTCTGGAGCGCTTGAACATGG	1
220	219	2	ACTTCTGGAGCGCTTGAACATGGA	1
221	220	2	CTTCTGGAGCGCTTGAACATGGAA	1
222	221	2	TTCTGGAGCGCTTGAACATGGAAT	1
223	222	2	TCTGGAGCGCTTGAACATGGAATA	1
224	223	2	CTGGAGCGCTTGAACATGGAATAC	1
225	224	2	TGGAGCGCTTGAACATGGAATACG	1
226	225	2	GGAGCGCTTGAACATGGAATACGG	1
227	226	2	GAGCGCTTGAACATGGAATACGGA	1
228	227	2	AGCGCTTGAACATGGAATACGGAA	1
229	228	2	GCGCTTGAACATGGAATACGGAAA	1
230	229	2	CGCTTGAACATGGAATACGGAAAG	1
231	230	2	GCTTGAACATGGAATACGGAAAGA	1
232	231	2	CTTGAACATGGAATACGGAAAGAA	1
233	232	2	TTGAACATGGAATACGGAAAGAAA	1
234	233	2	TGAACATGGAATACGGAAAGAAAT	1
235	234	2	GAACATGGAATACGGAAAGAAATC	1
236	235	2	AACATGGAATACGGAAAGAAATCT	1
237	236	2	ACATGGAATACGGAAAGAAATCTA	1
238	237	2	CATGGAATACGGAAAGAAATCTAA	1
239	238	2	ATGGAATACGGAAAGAAATCTAAC	1
240	239	3	TGGAATACGGAAAGAAATCTAACC	1
241	240	3	GGAATACGGAAAGAAATCTAACCT	1
242	241	3	GAATACGGAAAGAAATCTAACCTC	1
243	242	3	AATACGGAAAGAAATCTAACCTCC	1
244	243	3	ATACGGAAAGAAATCTAACCTCCA	1
245	244	3	TACGGAAAGAAATCTAACCTCCAA	1
246	245	3	ACGGAAAGAAATCTAACCTCCAAT	1
247	246	2	CGGAAAGAAATCTAACCTCCAATT	1
248	247	2	GGAAAGAAATCTAACCTCCAATTT	1
249	248	2	GAAAGAAATCTAACCTCCAATTTT	1
250	249	2	AAAGAAATCTAACCTCCAATTTTC	1
251	250	2	AAGAAATCTAACCTCCAATTTTCT	1
252	251	2	AGAAATCTAACCTCCAATTTTCTG	1
253	252	2	GAAATCTAACCTCCAATTTTCTGT	1
254	253	2	AAATCTAACCTCCAATTTTCTGTT	1
255	254	2	AATCTAACCTCCAATTTTCTGTTT	1
256	255	2	ATCTAACCTCCAATTTTCTGTTTA	1
257	256	2	TCTAACCTCCAATTTTCTGTTTAT	1
258	257	2	CTAACCTCCAATTTTCTGTTTATC	1
259	258	3	TAACCTCCAATTTTCTGTTTATCC	1
260	259	3	AACCTCCAATTTTCTGTTTATCCC	1
261	260	1	ACCTCCAATTTTCTGTTTATCCCG	1
262	261	1	CCTCCAATTTTCTGTTTATCCCGC	1
263	262	1	CTCCAATTTTCTGTTTATCCCGCC	1
264	263	1	TCCAATTTTCTGTTTATCCCGCCC	1
265	264	1	CCAATTTTCTGTTTATCCCGCCCC	1
266	265	1	CAATTTTCTGTTTATCCCGCCCCT	1
267	266	2	AATTTTCTGTTTATCCCGCCCCTC	1
268	267	2	ATTTTCTGTTTATCCCGCCCCTCA	1
269	268	2	TTTTCTGTTTATCCCGCCCCTCAA	1
270	269	2	TTTCTGTTTATCCCGCCCCTCAAG	1
271	270	2	TTCTGTTTATCCCGCCCCTCAAGT	1
272	271	2	TCTGTTTATCCCGCCCCTCAAGTG	1
273	272	2	CTGTTTATCCCGCCCCTCAAGTGA	1
274	273	2	TGTTTATCCCGCCCCTCAAGTGAG	1
275	274	2	GTTTATCCCGCCCCTCAAGTGAGC	1
276	275	2	TTTATCCCGCCCCTCAAGTGAGCA	1
277	276	2	TTATCCCGCCCCTCAAGTGAGCAC	1
278	277	2	TATCCCGCCCCTCAAGTGAGCACA	1
279	278	2	ATCCCGCCCCTCAAGTGAGCACAT	1
280	279	2	TCCCGCCCCTCAAGTGAGCACATC	1
281	280	2	CCCGCCCCTCAAGTGAGCACATCC	1
282	281	3	CCGCCCCTCAAGTGAGCACATCCG	1
283	282	3	CGCCCCTCAAGTGAGCACATCCGT	1
284	283	3	GCCCCTCAAGTGAGCACATCCGTT	1
285	284	3	CCCCTCAAGTGAGCACATCCGTTG	1
286	285	3	CCCTCAAGTGAGCACATCCGTTGT	1
287	286	3	CCTCAAGTGAGCACATCCGTTGTT	1
288	287	3	CTCAAGTGAGCACATCCGTTGTTG	1
289	288	3	TCAAGTGAGCACATCCGTTGTTGA	1
290	289	3	CAAGTGAGCACATCCGTTGTTGAA	1
291	290	3	AAGTGAGCACATCCGTTGTTGAAC	1
292	291	3	AGTGAGCACATCCGTTGTTGAACC	1
293	292	3	GTGAGCACATCCGTTGTTGAACCT	1
294	293	3	TGAGCACATCCGTTGTTGAACCTT	1
295	294	3	GAGCACATCCGTTGTTGAACCTTA	1
296	295	3	AGCACATCCGTTGTTGAACCTTAC	1
297	296	3	GCACATCCGTTGTTGAACCTTACA	1
298	297	3	CACATCCGTTGTTGAACCTTACAA	1
299	298	3	ACATCCGTTGTTGAACCTTACAAC	1
300	299	3	CATCCGTTGTTGAACCTTACAACT	1
301	300	4	ATCCGTTGTTGAACCTTACAACTC	1
302	301	4	TCCGTTGTTGAACCTTACAACTCT	1
303	302	3	CCGTTGTTGAACCTTACAACTCTG	1
304	303	3	CGTTGTTGAACCTTACAACTCTGT	1
305	304	3	GTTGTTGAACCTTACAACTCTGTG	1
306	305	3	TTGTTGAACCTTACAACTCTGTGC	1
307	306	3	TGTTGAACCTTACAACTCTGTGCT	1
308	307	3	GTTGAACCTTACAACTCTGTGCTC	1
309	308	3	TTGAACCTTACAACTCTGTGCTCA	1
310	309	3	TGAACCTTACAACTCTGTGCTCAC	1
311	310	2	GAACCTTACAACTCTGTGCTCACT	1
312	311	2	AACCTTACAACTCTGTGCTCACTA	1
313	312	2	ACCTTACAACTCTGTGCTCACTAC	1
314	313	2	CCTTACAACTCTGTGCTCACTACC	1
315	314	2	CTTACAACTCTGTGCTCACTACCC	1
316	315	2	TTACAACTCTGTGCTCACTACCCA	1
317	316	2	TACAACTCTGTGCTCACTACCCAT	1
318	317	2	ACAACTCTGTGCTCACTACCCATG	1
319	318	2	CAACTCTGTGCTCACTACCCATGC	1
320	319	2	AACTCTGTGCTCACTACCCATGCT	1
321	320	2	ACTCTGTGCTCACTACCCATGCTA	1
322	321	2	CTCTGTGCTCACTACCCATGCTAC	1
323	322	2	TCTGTGCTCACTACCCATGCTACT	1
324	323	2	CTGTGCTCACTACCCATGCTACTC	1
325	324	1	TGTGCTCACTACCCATGCTACTCT	1
326	325	1	GTGCTCACTACCCATGCTACTCTT	1
327	326	1	TGCTCACTACCCATGCTACTCTTG	1
328	327	1	GCTCACTACCCATGCTACTCTTGA	1
329	328	1	CTCACTACCCATGCTACTCTTGAT	1
330	329	1	TCACTACCCATGCTACTCTTGATA	1
331	330	1	CACTACCCATGCTACTCTTGATAA	1
332	331	1	ACTACCCATGCTACTCTTGATAAC	1
333	332	1	CTACCCATGCTACTCTTGATAACT	1
334	333	1	TACCCATGCTACTCTTGATAACTC	1
335	334	1	ACCCATGCTACTCTTGATAACTCT	1
336	335	1	CCCATGCTACTCTTGATAACTCTG	1
337	336	1	CCATGCTACTCTTGATAACTCTGT	1
338	337	1	CATGCTACTCTTGATAACTCTGTC	1
339	338	1	ATGCTACTCTTGATAACTCTGTCT	1
340	339	1	TGCTACTCTTGATAACTCTGTCTG	1
341	340	1	GCTACTCTTGATAACTCTGTCTGT	1
342	341	1	CTACTCTTGATAACTCTGTCTGTA	1
343	342	1	TACTCTTGATAACTCTGTCTGTAA	1
344	343	1	ACTCTTGATAACTCTGTCTGTAAC	1
