Component 545
1	-1	0	TGTGGTTCCGCCAAATCCCTTACA	1
2	1	1	GTGGTTCCGCCAAATCCCTTACAC	1
3	2	1	TGGTTCCGCCAAATCCCTTACACC	1
4	3	1	GGTTCCGCCAAATCCCTTACACCA	1
5	4	2	GTTCCGCCAAATCCCTTACACCAT	1
6	5	2	TTCCGCCAAATCCCTTACACCATG	1
7	6	2	TCCGCCAAATCCCTTACACCATGA	1
8	7	2	CCGCCAAATCCCTTACACCATGAT	1
9	8	2	CGCCAAATCCCTTACACCATGATG	1
10	9	2	GCCAAATCCCTTACACCATGATGA	1
11	10	3	CCAAATCCCTTACACCATGATGAA	1
12	11	3	CAAATCCCTTACACCATGATGAAA	1
13	12	3	AAATCCCTTACACCATGATGAAAT	1
14	13	3	AATCCCTTACACCATGATGAAATT	1
15	14	3	ATCCCTTACACCATGATGAAATTT	1
16	15	3	TCCCTTACACCATGATGAAATTTG	1
17	16	3	CCCTTACACCATGATGAAATTTGC	1
18	17	3	CCTTACACCATGATGAAATTTGCT	1
19	18	3	CTTACACCATGATGAAATTTGCTT	1
20	19	4	TTACACCATGATGAAATTTGCTTC	1
21	20	4	TACACCATGATGAAATTTGCTTCT	1
22	21	4	ACACCATGATGAAATTTGCTTCTT	1
23	22	4	CACCATGATGAAATTTGCTTCTTT	1
24	23	4	ACCATGATGAAATTTGCTTCTTTT	1
25	24	4	CCATGATGAAATTTGCTTCTTTTG	1
26	25	4	CATGATGAAATTTGCTTCTTTTGA	1
27	26	4	ATGATGAAATTTGCTTCTTTTGAG	1
28	27	4	TGATGAAATTTGCTTCTTTTGAGC	1
29	28	4	GATGAAATTTGCTTCTTTTGAGCG	1
30	29	4	ATGAAATTTGCTTCTTTTGAGCGC	1
31	30	5	TGAAATTTGCTTCTTTTGAGCGCA	1
32	31	5	GAAATTTGCTTCTTTTGAGCGCAT	1
33	32	5	AAATTTGCTTCTTTTGAGCGCATT	1
34	33	5	AATTTGCTTCTTTTGAGCGCATTG	1
35	34	5	ATTTGCTTCTTTTGAGCGCATTGT	1
36	35	5	TTTGCTTCTTTTGAGCGCATTGTC	1
37	36	5	TTGCTTCTTTTGAGCGCATTGTCG	1
38	37	5	TGCTTCTTTTGAGCGCATTGTCGA	1
39	38	5	GCTTCTTTTGAGCGCATTGTCGAA	1
40	39	5	CTTCTTTTGAGCGCATTGTCGAAG	1
41	40	5	TTCTTTTGAGCGCATTGTCGAAGC	1
42	41	6	TCTTTTGAGCGCATTGTCGAAGCT	1
43	42	6	CTTTTGAGCGCATTGTCGAAGCTT	1
44	43	6	TTTTGAGCGCATTGTCGAAGCTTT	1
45	44	6	TTTGAGCGCATTGTCGAAGCTTTG	1
46	45	5	TTGAGCGCATTGTCGAAGCTTTGT	1
47	46	5	TGAGCGCATTGTCGAAGCTTTGTA	1
48	47	5	GAGCGCATTGTCGAAGCTTTGTAC	1
49	48	4	AGCGCATTGTCGAAGCTTTGTACA	1
50	49	4	GCGCATTGTCGAAGCTTTGTACAC	1
51	50	4	CGCATTGTCGAAGCTTTGTACACC	1
52	51	4	GCATTGTCGAAGCTTTGTACACCT	1
53	52	4	CATTGTCGAAGCTTTGTACACCTA	1
54	53	4	ATTGTCGAAGCTTTGTACACCTAC	1
55	54	3	TTGTCGAAGCTTTGTACACCTACA	1
56	55	3	TGTCGAAGCTTTGTACACCTACAT	1
57	56	3	GTCGAAGCTTTGTACACCTACATT	1
58	57	3	TCGAAGCTTTGTACACCTACATTG	1
59	58	3	CGAAGCTTTGTACACCTACATTGG	1
60	59	3	GAAGCTTTGTACACCTACATTGGC	1
61	60	3	AAGCTTTGTACACCTACATTGGCA	1
62	61	3	AGCTTTGTACACCTACATTGGCAA	1
63	62	3	GCTTTGTACACCTACATTGGCAAG	1
64	63	2	CTTTGTACACCTACATTGGCAAGC	1
65	64	2	TTTGTACACCTACATTGGCAAGCC	1
66	65	2	TTGTACACCTACATTGGCAAGCCC	1
67	66	2	TGTACACCTACATTGGCAAGCCCA	1
68	67	2	GTACACCTACATTGGCAAGCCCAA	1
69	68	2	TACACCTACATTGGCAAGCCCAAG	1
70	69	2	ACACCTACATTGGCAAGCCCAAGA	1
71	70	2	CACCTACATTGGCAAGCCCAAGAA	1
72	71	2	ACCTACATTGGCAAGCCCAAGAAC	1
73	72	2	CCTACATTGGCAAGCCCAAGAACA	1
74	73	2	CTACATTGGCAAGCCCAAGAACAT	1
75	74	2	TACATTGGCAAGCCCAAGAACATG	1
76	75	2	ACATTGGCAAGCCCAAGAACATGT	1
77	76	2	CATTGGCAAGCCCAAGAACATGTA	1
78	77	2	ATTGGCAAGCCCAAGAACATGTAT	1
79	78	2	TTGGCAAGCCCAAGAACATGTATT	1
80	79	2	TGGCAAGCCCAAGAACATGTATTC	1
81	80	2	GGCAAGCCCAAGAACATGTATTCA	1
82	81	2	GCAAGCCCAAGAACATGTATTCAA	1
83	82	2	CAAGCCCAAGAACATGTATTCAAA	1
84	83	3	AAGCCCAAGAACATGTATTCAAAG	1
85	84	4	AGCCCAAGAACATGTATTCAAAGG	1
86	85	3	GCCCAAGAACATGTATTCAAAGGC	1
87	86	3	CCCAAGAACATGTATTCAAAGGCC	1
88	87	3	CCAAGAACATGTATTCAAAGGCCG	1
89	88	3	CAAGAACATGTATTCAAAGGCCGA	1
90	89	3	AAGAACATGTATTCAAAGGCCGAA	1
91	90	3	AGAACATGTATTCAAAGGCCGAAA	1
92	91	3	GAACATGTATTCAAAGGCCGAAAA	1
93	92	3	AACATGTATTCAAAGGCCGAAAAG	1
94	93	3	ACATGTATTCAAAGGCCGAAAAGA	1
95	94	3	CATGTATTCAAAGGCCGAAAAGAT	1
96	95	3	ATGTATTCAAAGGCCGAAAAGATT	1
97	96	4	TGTATTCAAAGGCCGAAAAGATTG	1
98	97	4	GTATTCAAAGGCCGAAAAGATTGG	1
99	98	4	TATTCAAAGGCCGAAAAGATTGGT	1
100	99	4	ATTCAAAGGCCGAAAAGATTGGTA	1
101	100	4	TTCAAAGGCCGAAAAGATTGGTAT	1
102	101	4	TCAAAGGCCGAAAAGATTGGTATT	1
103	102	4	CAAAGGCCGAAAAGATTGGTATTT	1
104	103	4	AAAGGCCGAAAAGATTGGTATTTC	1
105	104	4	AAGGCCGAAAAGATTGGTATTTCT	1
106	105	4	AGGCCGAAAAGATTGGTATTTCTT	1
107	106	4	GGCCGAAAAGATTGGTATTTCTTT	1
108	107	4	GCCGAAAAGATTGGTATTTCTTTT	1
109	108	4	CCGAAAAGATTGGTATTTCTTTTG	1
110	109	4	CGAAAAGATTGGTATTTCTTTTGC	1
111	110	4	GAAAAGATTGGTATTTCTTTTGCT	1
112	111	4	AAAAGATTGGTATTTCTTTTGCTG	1
113	112	4	AAAGATTGGTATTTCTTTTGCTGG	1
114	113	4	AAGATTGGTATTTCTTTTGCTGGT	1
115	114	4	AGATTGGTATTTCTTTTGCTGGTG	1
116	115	4	GATTGGTATTTCTTTTGCTGGTGG	1
117	116	4	ATTGGTATTTCTTTTGCTGGTGGT	1
118	117	4	TTGGTATTTCTTTTGCTGGTGGTT	1
119	118	4	TGGTATTTCTTTTGCTGGTGGTTA	1
120	119	4	GGTATTTCTTTTGCTGGTGGTTAC	1
121	120	5	GTATTTCTTTTGCTGGTGGTTACA	1
122	121	5	TATTTCTTTTGCTGGTGGTTACAT	1
123	122	5	ATTTCTTTTGCTGGTGGTTACATG	1
124	123	5	TTTCTTTTGCTGGTGGTTACATGG	1
125	124	5	TTCTTTTGCTGGTGGTTACATGGC	1
126	125	5	TCTTTTGCTGGTGGTTACATGGCC	1
127	126	4	CTTTTGCTGGTGGTTACATGGCCG	1
128	127	3	TTTTGCTGGTGGTTACATGGCCGG	1
129	128	2	TTTGCTGGTGGTTACATGGCCGGT	1
130	129	2	TTGCTGGTGGTTACATGGCCGGTG	1
131	130	2	TGCTGGTGGTTACATGGCCGGTGT	1
132	131	2	GCTGGTGGTTACATGGCCGGTGTT	1
133	132	2	CTGGTGGTTACATGGCCGGTGTTC	1
134	133	2	TGGTGGTTACATGGCCGGTGTTCT	1
135	134	2	GGTGGTTACATGGCCGGTGTTCTT	1
136	135	2	GTGGTTACATGGCCGGTGTTCTTT	1
137	136	2	TGGTTACATGGCCGGTGTTCTTTG	1
138	137	2	GGTTACATGGCCGGTGTTCTTTGC	1
139	138	2	GTTACATGGCCGGTGTTCTTTGCG	1
140	139	2	TTACATGGCCGGTGTTCTTTGCGC	1
141	140	1	TACATGGCCGGTGTTCTTTGCGCC	1
142	141	1	ACATGGCCGGTGTTCTTTGCGCCA	1
143	142	1	CATGGCCGGTGTTCTTTGCGCCAT	1
144	143	1	ATGGCCGGTGTTCTTTGCGCCATT	1
145	144	1	TGGCCGGTGTTCTTTGCGCCATTA	1
146	145	2	GGCCGGTGTTCTTTGCGCCATTAT	1
147	146	2	GCCGGTGTTCTTTGCGCCATTATC	1
148	147	2	CCGGTGTTCTTTGCGCCATTATCA	1
149	148	2	CGGTGTTCTTTGCGCCATTATCAG	1
150	149	2	GGTGTTCTTTGCGCCATTATCAGT	1
151	150	2	GTGTTCTTTGCGCCATTATCAGTC	1
152	151	2	TGTTCTTTGCGCCATTATCAGTCA	1
153	152	2	GTTCTTTGCGCCATTATCAGTCAT	1
154	153	2	TTCTTTGCGCCATTATCAGTCATC	1
155	154	2	TCTTTGCGCCATTATCAGTCATCC	1
156	155	2	CTTTGCGCCATTATCAGTCATCCT	1
157	156	2	TTTGCGCCATTATCAGTCATCCTG	1
158	157	2	TTGCGCCATTATCAGTCATCCTGC	1
159	158	2	TGCGCCATTATCAGTCATCCTGCT	1
160	159	2	GCGCCATTATCAGTCATCCTGCTG	1
161	160	2	CGCCATTATCAGTCATCCTGCTGA	1
162	161	2	GCCATTATCAGTCATCCTGCTGAT	1
163	162	2	CCATTATCAGTCATCCTGCTGATG	1
164	163	2	CATTATCAGTCATCCTGCTGATGT	1
165	164	1	ATTATCAGTCATCCTGCTGATGTT	1
166	165	1	TTATCAGTCATCCTGCTGATGTTA	1
167	166	1	TATCAGTCATCCTGCTGATGTTAT	1
168	167	1	ATCAGTCATCCTGCTGATGTTATG	1
169	168	1	TCAGTCATCCTGCTGATGTTATGG	1
170	169	1	CAGTCATCCTGCTGATGTTATGGT	1
171	170	2	AGTCATCCTGCTGATGTTATGGTT	1
172	171	2	GTCATCCTGCTGATGTTATGGTTT	1
173	172	2	TCATCCTGCTGATGTTATGGTTTC	1
174	173	2	CATCCTGCTGATGTTATGGTTTCC	1
175	174	2	ATCCTGCTGATGTTATGGTTTCCA	1
176	175	2	TCCTGCTGATGTTATGGTTTCCAA	1
177	176	2	CCTGCTGATGTTATGGTTTCCAAG	1
178	177	2	CTGCTGATGTTATGGTTTCCAAGT	1
179	178	3	TGCTGATGTTATGGTTTCCAAGTT	1
180	179	3	GCTGATGTTATGGTTTCCAAGTTG	1
181	180	3	CTGATGTTATGGTTTCCAAGTTGA	1
182	181	3	TGATGTTATGGTTTCCAAGTTGAA	1
183	182	3	GATGTTATGGTTTCCAAGTTGAAT	1
184	183	3	ATGTTATGGTTTCCAAGTTGAATT	1
185	184	3	TGTTATGGTTTCCAAGTTGAATTC	1
186	185	3	GTTATGGTTTCCAAGTTGAATTCC	1
187	186	3	TTATGGTTTCCAAGTTGAATTCCA	1
188	187	4	TATGGTTTCCAAGTTGAATTCCAA	1
189	188	4	ATGGTTTCCAAGTTGAATTCCAAC	1
190	189	3	TGGTTTCCAAGTTGAATTCCAACA	1
191	190	3	GGTTTCCAAGTTGAATTCCAACAA	1
192	191	3	GTTTCCAAGTTGAATTCCAACAAA	1
193	192	3	TTTCCAAGTTGAATTCCAACAAAA	1
194	193	3	TTCCAAGTTGAATTCCAACAAAAA	1
195	194	3	TCCAAGTTGAATTCCAACAAAAAG	1
196	195	3	CCAAGTTGAATTCCAACAAAAAGG	1
197	196	3	CAAGTTGAATTCCAACAAAAAGGC	1
198	197	3	AAGTTGAATTCCAACAAAAAGGCT	1
199	198	3	AGTTGAATTCCAACAAAAAGGCTG	1
200	199	3	GTTGAATTCCAACAAAAAGGCTGG	1
201	200	3	TTGAATTCCAACAAAAAGGCTGGT	1
202	201	3	TGAATTCCAACAAAAAGGCTGGTG	1
203	202	3	GAATTCCAACAAAAAGGCTGGTGA	1
204	203	3	AATTCCAACAAAAAGGCTGGTGAG	1
205	204	3	ATTCCAACAAAAAGGCTGGTGAGG	1
206	205	3	TTCCAACAAAAAGGCTGGTGAGGG	1
207	206	3	TCCAACAAAAAGGCTGGTGAGGGC	1
208	207	3	CCAACAAAAAGGCTGGTGAGGGCG	1
209	208	3	CAACAAAAAGGCTGGTGAGGGCGC	1
210	209	3	AACAAAAAGGCTGGTGAGGGCGCT	1
211	210	3	ACAAAAAGGCTGGTGAGGGCGCTG	1
212	211	3	CAAAAAGGCTGGTGAGGGCGCTGG	1
213	212	3	AAAAAGGCTGGTGAGGGCGCTGGC	1
214	213	3	AAAAGGCTGGTGAGGGCGCTGGCG	1
215	214	2	AAAGGCTGGTGAGGGCGCTGGCGC	1
216	215	2	AAGGCTGGTGAGGGCGCTGGCGCT	1
217	216	2	AGGCTGGTGAGGGCGCTGGCGCTG	1
218	217	2	GGCTGGTGAGGGCGCTGGCGCTGC	1
219	218	2	GCTGGTGAGGGCGCTGGCGCTGCT	1
220	219	2	CTGGTGAGGGCGCTGGCGCTGCTG	1
221	220	2	TGGTGAGGGCGCTGGCGCTGCTGC	1
222	221	2	GGTGAGGGCGCTGGCGCTGCTGCT	1
223	222	1	GTGAGGGCGCTGGCGCTGCTGCTG	1
224	223	1	TGAGGGCGCTGGCGCTGCTGCTGC	1
225	224	1	GAGGGCGCTGGCGCTGCTGCTGCT	1
226	225	1	AGGGCGCTGGCGCTGCTGCTGCTC	1
227	226	1	GGGCGCTGGCGCTGCTGCTGCTCG	1
228	227	1	GGCGCTGGCGCTGCTGCTGCTCGT	1
229	228	1	GCGCTGGCGCTGCTGCTGCTCGTA	1
230	229	1	CGCTGGCGCTGCTGCTGCTCGTAT	1
231	230	3	GCTGGCGCTGCTGCTGCTCGTATC	1
232	231	3	CTGGCGCTGCTGCTGCTCGTATCT	1
233	232	3	TGGCGCTGCTGCTGCTCGTATCTA	1
234	233	3	GGCGCTGCTGCTGCTCGTATCTAC	1
235	234	3	GCGCTGCTGCTGCTCGTATCTACA	1
236	235	3	CGCTGCTGCTGCTCGTATCTACAA	1
237	236	3	GCTGCTGCTGCTCGTATCTACAAG	1
238	237	3	CTGCTGCTGCTCGTATCTACAAGG	1
239	238	3	TGCTGCTGCTCGTATCTACAAGGA	1
240	239	3	GCTGCTGCTCGTATCTACAAGGAG	1
241	240	3	CTGCTGCTCGTATCTACAAGGAGA	1
242	241	3	TGCTGCTCGTATCTACAAGGAGAT	1
243	242	3	GCTGCTCGTATCTACAAGGAGATT	1
244	243	4	CTGCTCGTATCTACAAGGAGATTG	1
245	244	4	TGCTCGTATCTACAAGGAGATTGG	1
246	245	5	GCTCGTATCTACAAGGAGATTGGA	1
247	246	5	CTCGTATCTACAAGGAGATTGGAT	1
248	247	5	TCGTATCTACAAGGAGATTGGATT	1
249	248	5	CGTATCTACAAGGAGATTGGATTT	1
250	249	5	GTATCTACAAGGAGATTGGATTTT	1
251	250	5	TATCTACAAGGAGATTGGATTTTC	1
252	251	5	ATCTACAAGGAGATTGGATTTTCT	1
253	252	5	TCTACAAGGAGATTGGATTTTCTG	1
254	253	5	CTACAAGGAGATTGGATTTTCTGG	1
255	254	5	TACAAGGAGATTGGATTTTCTGGT	1
256	255	5	ACAAGGAGATTGGATTTTCTGGTC	1
257	256	5	CAAGGAGATTGGATTTTCTGGTCT	1
258	257	5	AAGGAGATTGGATTTTCTGGTCTT	1
259	258	5	AGGAGATTGGATTTTCTGGTCTTT	1
260	259	5	GGAGATTGGATTTTCTGGTCTTTG	1
261	260	5	GAGATTGGATTTTCTGGTCTTTGG	1
262	261	5	AGATTGGATTTTCTGGTCTTTGGA	1
263	262	5	GATTGGATTTTCTGGTCTTTGGAA	1
264	263	5	ATTGGATTTTCTGGTCTTTGGAAT	1
265	264	5	TTGGATTTTCTGGTCTTTGGAATG	1
266	265	5	TGGATTTTCTGGTCTTTGGAATGG	1
267	266	5	GGATTTTCTGGTCTTTGGAATGGT	1
268	267	5	GATTTTCTGGTCTTTGGAATGGTC	1
269	268	5	ATTTTCTGGTCTTTGGAATGGTCT	1
270	269	5	TTTTCTGGTCTTTGGAATGGTCTT	1
271	270	5	TTTCTGGTCTTTGGAATGGTCTTG	1
272	271	5	TTCTGGTCTTTGGAATGGTCTTGG	1
273	272	5	TCTGGTCTTTGGAATGGTCTTGGT	1
274	273	5	CTGGTCTTTGGAATGGTCTTGGTG	1
275	274	3	TGGTCTTTGGAATGGTCTTGGTGT	1
276	275	2	GGTCTTTGGAATGGTCTTGGTGTT	1
277	276	2	GTCTTTGGAATGGTCTTGGTGTTC	1
278	277	2	TCTTTGGAATGGTCTTGGTGTTCG	1
279	278	2	CTTTGGAATGGTCTTGGTGTTCGT	1
280	279	2	TTTGGAATGGTCTTGGTGTTCGTA	1
281	280	2	TTGGAATGGTCTTGGTGTTCGTAT	1
282	281	2	TGGAATGGTCTTGGTGTTCGTATA	1
283	282	2	GGAATGGTCTTGGTGTTCGTATAG	1
284	283	2	GAATGGTCTTGGTGTTCGTATAGT	1
285	284	2	AATGGTCTTGGTGTTCGTATAGTC	1
286	285	2	ATGGTCTTGGTGTTCGTATAGTCA	1
287	286	2	TGGTCTTGGTGTTCGTATAGTCAT	1
288	287	1	GGTCTTGGTGTTCGTATAGTCATG	1
289	288	1	GTCTTGGTGTTCGTATAGTCATGA	1
290	-1	0	GATAAGTTTTTTTTCTTGTGATTG	1
291	290	1	ATAAGTTTTTTTTCTTGTGATTGT	1
292	291	1	TAAGTTTTTTTTCTTGTGATTGTA	1
293	292	1	AAGTTTTTTTTCTTGTGATTGTAC	1
294	293	1	AGTTTTTTTTCTTGTGATTGTACA	1
295	294	1	GTTTTTTTTCTTGTGATTGTACAG	1
296	295	1	TTTTTTTTCTTGTGATTGTACAGG	1
297	296	1	TTTTTTTCTTGTGATTGTACAGGC	1
298	297	1	TTTTTTCTTGTGATTGTACAGGCT	1
299	298	1	TTTTTCTTGTGATTGTACAGGCTT	1
300	299	1	TTTTCTTGTGATTGTACAGGCTTG	1
301	300	1	TTTCTTGTGATTGTACAGGCTTGT	1
302	301	1	TTCTTGTGATTGTACAGGCTTGTA	1
303	302	1	TCTTGTGATTGTACAGGCTTGTAG	1
304	303	1	CTTGTGATTGTACAGGCTTGTAGT	1
305	304	1	TTGTGATTGTACAGGCTTGTAGTC	1
306	305	1	TGTGATTGTACAGGCTTGTAGTCA	1
307	306	1	GTGATTGTACAGGCTTGTAGTCAT	1
308	307	1	TGATTGTACAGGCTTGTAGTCATC	1
309	308	1	GATTGTACAGGCTTGTAGTCATCA	1
310	309	1	ATTGTACAGGCTTGTAGTCATCAA	1
311	310	1	TTGTACAGGCTTGTAGTCATCAAG	1
312	311	1	TGTACAGGCTTGTAGTCATCAAGG	1
313	312	1	GTACAGGCTTGTAGTCATCAAGGA	1
314	313	1	TACAGGCTTGTAGTCATCAAGGAT	1
315	314	1	ACAGGCTTGTAGTCATCAAGGATC	1
316	315	1	CAGGCTTGTAGTCATCAAGGATCT	1
317	316	1	AGGCTTGTAGTCATCAAGGATCTT	1
318	317	3	GGCTTGTAGTCATCAAGGATCTTG	1
319	318	4	GCTTGTAGTCATCAAGGATCTTGA	1
320	319	4	CTTGTAGTCATCAAGGATCTTGAA	1
321	320	5	TTGTAGTCATCAAGGATCTTGAAA	1
322	321	5	TGTAGTCATCAAGGATCTTGAAAC	1
323	322	5	GTAGTCATCAAGGATCTTGAAACA	1
324	323	5	TAGTCATCAAGGATCTTGAAACAT	1
325	324	5	AGTCATCAAGGATCTTGAAACATA	1
326	325	5	GTCATCAAGGATCTTGAAACATAA	1
327	326	5	TCATCAAGGATCTTGAAACATAAC	1
328	327	5	CATCAAGGATCTTGAAACATAACA	1
329	328	5	ATCAAGGATCTTGAAACATAACAG	1
330	329	5	TCAAGGATCTTGAAACATAACAGT	1
331	330	5	CAAGGATCTTGAAACATAACAGTT	1
332	331	5	AAGGATCTTGAAACATAACAGTTG	1
333	332	5	AGGATCTTGAAACATAACAGTTGA	1
334	333	5	GGATCTTGAAACATAACAGTTGAT	1
335	334	4	GATCTTGAAACATAACAGTTGATA	1
336	335	4	ATCTTGAAACATAACAGTTGATAT	1
337	336	4	TCTTGAAACATAACAGTTGATATA	1
338	337	4	CTTGAAACATAACAGTTGATATAT	1
339	338	4	TTGAAACATAACAGTTGATATATT	1
340	339	5	TGAAACATAACAGTTGATATATTT	1
341	340	5	GAAACATAACAGTTGATATATTTT	1
342	341	5	AAACATAACAGTTGATATATTTTT	1
343	342	5	AACATAACAGTTGATATATTTTTC	1
344	343	8	ACATAACAGTTGATATATTTTTCA	1
345	344	8	CATAACAGTTGATATATTTTTCAT	1
346	345	8	ATAACAGTTGATATATTTTTCATT	1
347	346	9	TAACAGTTGATATATTTTTCATTT	1
348	347	9	AACAGTTGATATATTTTTCATTTT	1
349	348	9	ACAGTTGATATATTTTTCATTTTT	1
350	349	9	CAGTTGATATATTTTTCATTTTTT	1
351	350	9	AGTTGATATATTTTTCATTTTTTT	1
352	351	9	GTTGATATATTTTTCATTTTTTTT	1
353	352	9	TTGATATATTTTTCATTTTTTTTG	1
354	353	9	TGATATATTTTTCATTTTTTTTGT	1
355	354	9	GATATATTTTTCATTTTTTTTGTT	1
356	355	9	ATATATTTTTCATTTTTTTTGTTT	1
357	356	9	TATATTTTTCATTTTTTTTGTTTT	1
358	357	8	ATATTTTTCATTTTTTTTGTTTTA	1
359	358	8	TATTTTTCATTTTTTTTGTTTTAA	1
360	359	8	ATTTTTCATTTTTTTTGTTTTAAA	1
361	360	7	TTTTTCATTTTTTTTGTTTTAAAA	1
362	361	9	TTTTCATTTTTTTTGTTTTAAAAT	1
363	362	8	TTTCATTTTTTTTGTTTTAAAATA	1
364	363	10	TTCATTTTTTTTGTTTTAAAATAC	1
365	364	9	TCATTTTTTTTGTTTTAAAATACC	1
366	365	9	CATTTTTTTTGTTTTAAAATACCC	1
367	366	9	ATTTTTTTTGTTTTAAAATACCCA	1
368	367	10	TTTTTTTTGTTTTAAAATACCCAC	1
369	368	10	TTTTTTTGTTTTAAAATACCCACT	1
370	369	10	TTTTTTGTTTTAAAATACCCACTT	1
371	370	10	TTTTTGTTTTAAAATACCCACTTT	1
372	371	10	TTTTGTTTTAAAATACCCACTTTA	1
373	372	10	TTTGTTTTAAAATACCCACTTTAT	1
374	373	10	TTGTTTTAAAATACCCACTTTATT	1
375	374	10	TGTTTTAAAATACCCACTTTATTA	1
376	375	10	GTTTTAAAATACCCACTTTATTAG	1
377	376	10	TTTTAAAATACCCACTTTATTAGT	1
378	377	12	TTTAAAATACCCACTTTATTAGTT	1
379	378	12	TTAAAATACCCACTTTATTAGTTC	1
380	379	12	TAAAATACCCACTTTATTAGTTCA	1
381	380	12	AAAATACCCACTTTATTAGTTCAT	1
382	381	12	AAATACCCACTTTATTAGTTCATC	1
383	382	12	AATACCCACTTTATTAGTTCATCA	1
384	383	11	ATACCCACTTTATTAGTTCATCAT	1
385	384	11	TACCCACTTTATTAGTTCATCATG	1
386	385	11	ACCCACTTTATTAGTTCATCATGT	1
387	386	11	CCCACTTTATTAGTTCATCATGTC	1
388	387	9	CCACTTTATTAGTTCATCATGTCT	1
389	388	9	CACTTTATTAGTTCATCATGTCTA	1
390	389	9	ACTTTATTAGTTCATCATGTCTAC	1
391	390	9	CTTTATTAGTTCATCATGTCTACC	1
392	391	9	TTTATTAGTTCATCATGTCTACCC	1
393	392	11	TTATTAGTTCATCATGTCTACCCC	1
394	393	11	TATTAGTTCATCATGTCTACCCCC	1
395	394	12	ATTAGTTCATCATGTCTACCCCCT	1
396	395	12	TTAGTTCATCATGTCTACCCCCTT	1
397	396	12	TAGTTCATCATGTCTACCCCCTTG	1
398	397	12	AGTTCATCATGTCTACCCCCTTGA	1
399	398	12	GTTCATCATGTCTACCCCCTTGAT	1
400	399	13	TTCATCATGTCTACCCCCTTGATA	1
401	400	13	TCATCATGTCTACCCCCTTGATAC	1
402	401	13	CATCATGTCTACCCCCTTGATACC	1
403	402	13	ATCATGTCTACCCCCTTGATACCT	1
404	403	13	TCATGTCTACCCCCTTGATACCTC	1
405	404	13	CATGTCTACCCCCTTGATACCTCC	1
406	405	10	ATGTCTACCCCCTTGATACCTCCT	1
407	406	9	TGTCTACCCCCTTGATACCTCCTG	1
408	407	8	GTCTACCCCCTTGATACCTCCTGC	1
409	408	8	TCTACCCCCTTGATACCTCCTGCT	1
410	409	8	CTACCCCCTTGATACCTCCTGCTC	1
411	410	8	TACCCCCTTGATACCTCCTGCTCC	1
412	411	7	ACCCCCTTGATACCTCCTGCTCCT	1
413	412	7	CCCCCTTGATACCTCCTGCTCCTC	1
414	413	7	CCCCTTGATACCTCCTGCTCCTCC	1
415	414	7	CCCTTGATACCTCCTGCTCCTCCT	1
416	415	7	CCTTGATACCTCCTGCTCCTCCTA	1
417	416	7	CTTGATACCTCCTGCTCCTCCTAA	1
418	417	7	TTGATACCTCCTGCTCCTCCTAAA	1
419	418	7	TGATACCTCCTGCTCCTCCTAAAA	1
420	419	7	GATACCTCCTGCTCCTCCTAAAAA	1
421	420	7	ATACCTCCTGCTCCTCCTAAAAAG	1
422	421	5	TACCTCCTGCTCCTCCTAAAAAGA	1
423	422	5	ACCTCCTGCTCCTCCTAAAAAGAC	1
424	423	5	CCTCCTGCTCCTCCTAAAAAGACC	1
425	424	5	CTCCTGCTCCTCCTAAAAAGACCC	1
426	425	5	TCCTGCTCCTCCTAAAAAGACCCT	1
427	426	5	CCTGCTCCTCCTAAAAAGACCCTT	1
428	427	5	CTGCTCCTCCTAAAAAGACCCTTC	1
429	428	5	TGCTCCTCCTAAAAAGACCCTTCA	1
430	429	5	GCTCCTCCTAAAAAGACCCTTCAG	1
431	430	5	CTCCTCCTAAAAAGACCCTTCAGC	1
432	431	5	TCCTCCTAAAAAGACCCTTCAGCT	1
433	432	5	CCTCCTAAAAAGACCCTTCAGCTT	1
434	433	5	CTCCTAAAAAGACCCTTCAGCTTT	1
435	434	4	TCCTAAAAAGACCCTTCAGCTTTA	1
436	435	4	CCTAAAAAGACCCTTCAGCTTTAC	1
437	436	2	CTAAAAAGACCCTTCAGCTTTACA	1
438	437	2	TAAAAAGACCCTTCAGCTTTACAC	1
439	438	1	AAAAAGACCCTTCAGCTTTACACT	1
440	439	1	AAAAGACCCTTCAGCTTTACACTC	1
441	440	1	AAAGACCCTTCAGCTTTACACTCC	1
442	441	1	AAGACCCTTCAGCTTTACACTCCC	1
443	442	1	AGACCCTTCAGCTTTACACTCCCG	1
444	-1	0	CACTCCCCAATACTGCGGACTTTG	1
445	444	1	ACTCCCCAATACTGCGGACTTTGT	1
446	445	1	CTCCCCAATACTGCGGACTTTGTA	1
447	446	1	TCCCCAATACTGCGGACTTTGTAC	1
448	447	1	CCCCAATACTGCGGACTTTGTACA	1
449	448	1	CCCAATACTGCGGACTTTGTACAT	1
450	449	1	CCAATACTGCGGACTTTGTACATT	1
451	450	1	CAATACTGCGGACTTTGTACATTG	1
452	451	1	AATACTGCGGACTTTGTACATTGG	1
453	452	1	ATACTGCGGACTTTGTACATTGGG	1
454	453	1	TACTGCGGACTTTGTACATTGGGT	1
455	454	1	ACTGCGGACTTTGTACATTGGGTG	1
456	455	1	CTGCGGACTTTGTACATTGGGTGG	1
457	456	1	TGCGGACTTTGTACATTGGGTGGT	1
458	457	1	GCGGACTTTGTACATTGGGTGGTT	1
459	458	1	CGGACTTTGTACATTGGGTGGTTT	1
460	459	2	GGACTTTGTACATTGGGTGGTTTG	1
461	460	2	GACTTTGTACATTGGGTGGTTTGT	1
462	461	2	ACTTTGTACATTGGGTGGTTTGTT	1
463	462	2	CTTTGTACATTGGGTGGTTTGTTG	1
464	463	2	TTTGTACATTGGGTGGTTTGTTGG	1
465	464	2	TTGTACATTGGGTGGTTTGTTGGC	1
466	465	2	TGTACATTGGGTGGTTTGTTGGCT	1
467	466	2	GTACATTGGGTGGTTTGTTGGCTT	1
468	467	2	TACATTGGGTGGTTTGTTGGCTTG	1
469	468	2	ACATTGGGTGGTTTGTTGGCTTGT	1
470	469	2	CATTGGGTGGTTTGTTGGCTTGTG	1
471	470	2	ATTGGGTGGTTTGTTGGCTTGTGG	1
472	471	2	TTGGGTGGTTTGTTGGCTTGTGGT	1
473	472	2	TGGGTGGTTTGTTGGCTTGTGGTA	1
474	473	2	GGGTGGTTTGTTGGCTTGTGGTAC	1
475	474	2	GGTGGTTTGTTGGCTTGTGGTACT	1
476	475	2	GTGGTTTGTTGGCTTGTGGTACTA	1
477	476	2	TGGTTTGTTGGCTTGTGGTACTAC	1
478	477	2	GGTTTGTTGGCTTGTGGTACTACG	1
479	478	2	GTTTGTTGGCTTGTGGTACTACGC	1
480	479	2	TTTGTTGGCTTGTGGTACTACGCA	1
481	480	2	TTGTTGGCTTGTGGTACTACGCAC	1
482	481	2	TGTTGGCTTGTGGTACTACGCACA	1
483	482	2	GTTGGCTTGTGGTACTACGCACAG	1
484	483	3	TTGGCTTGTGGTACTACGCACAGT	1
485	484	3	TGGCTTGTGGTACTACGCACAGTG	1
486	485	3	GGCTTGTGGTACTACGCACAGTGC	1
487	486	3	GCTTGTGGTACTACGCACAGTGCC	1
488	487	3	CTTGTGGTACTACGCACAGTGCCA	1
489	488	2	TTGTGGTACTACGCACAGTGCCAT	1
490	489	1	TGTGGTACTACGCACAGTGCCATT	1
491	490	1	GTGGTACTACGCACAGTGCCATTA	1
492	491	2	TGGTACTACGCACAGTGCCATTAC	1
493	492	2	GGTACTACGCACAGTGCCATTACC	1
494	493	2	GTACTACGCACAGTGCCATTACCC	1
495	494	2	TACTACGCACAGTGCCATTACCCC	1
496	495	2	ACTACGCACAGTGCCATTACCCCT	1
497	496	2	CTACGCACAGTGCCATTACCCCTT	1
498	497	3	TACGCACAGTGCCATTACCCCTTT	1
499	498	3	ACGCACAGTGCCATTACCCCTTTG	1
500	499	3	CGCACAGTGCCATTACCCCTTTGG	1
501	500	3	GCACAGTGCCATTACCCCTTTGGA	1
502	501	3	CACAGTGCCATTACCCCTTTGGAT	1
503	502	3	ACAGTGCCATTACCCCTTTGGATT	1
504	503	3	CAGTGCCATTACCCCTTTGGATTT	1
505	504	3	AGTGCCATTACCCCTTTGGATTTA	1
506	505	3	GTGCCATTACCCCTTTGGATTTAA	1
507	506	3	TGCCATTACCCCTTTGGATTTAAT	1
508	507	3	GCCATTACCCCTTTGGATTTAATC	1
509	508	3	CCATTACCCCTTTGGATTTAATCA	1
510	509	3	CATTACCCCTTTGGATTTAATCAA	1
511	510	3	ATTACCCCTTTGGATTTAATCAAA	1
512	511	3	TTACCCCTTTGGATTTAATCAAAT	1
513	512	3	TACCCCTTTGGATTTAATCAAATG	1
514	513	4	ACCCCTTTGGATTTAATCAAATGT	1
515	514	4	CCCCTTTGGATTTAATCAAATGTC	1
516	515	4	CCCTTTGGATTTAATCAAATGTCG	1
517	516	4	CCTTTGGATTTAATCAAATGTCGC	1
518	517	4	CTTTGGATTTAATCAAATGTCGCA	1
519	518	4	TTTGGATTTAATCAAATGTCGCAA	1
520	519	4	TTGGATTTAATCAAATGTCGCAAA	1
521	520	4	TGGATTTAATCAAATGTCGCAAAC	1
522	521	4	GGATTTAATCAAATGTCGCAAACA	1
523	522	4	GATTTAATCAAATGTCGCAAACAA	1
524	523	4	ATTTAATCAAATGTCGCAAACAAG	1
525	524	4	TTTAATCAAATGTCGCAAACAAGT	1
526	525	4	TTAATCAAATGTCGCAAACAAGTC	1
527	526	4	TAATCAAATGTCGCAAACAAGTCA	1
528	527	3	AATCAAATGTCGCAAACAAGTCAA	1
529	528	3	ATCAAATGTCGCAAACAAGTCAAT	1
530	529	3	TCAAATGTCGCAAACAAGTCAATC	1
531	530	3	CAAATGTCGCAAACAAGTCAATCC	1
532	531	3	AAATGTCGCAAACAAGTCAATCCA	1
533	532	3	AATGTCGCAAACAAGTCAATCCAA	1
534	533	3	ATGTCGCAAACAAGTCAATCCAAA	1
535	534	3	TGTCGCAAACAAGTCAATCCAAAT	1
536	535	2	GTCGCAAACAAGTCAATCCAAATA	1
537	536	2	TCGCAAACAAGTCAATCCAAATAT	1
538	537	2	CGCAAACAAGTCAATCCAAATATC	1
539	538	2	GCAAACAAGTCAATCCAAATATCT	1
540	539	2	CAAACAAGTCAATCCAAATATCTA	1
541	540	2	AAACAAGTCAATCCAAATATCTAC	1
542	541	1	AACAAGTCAATCCAAATATCTACC	1
543	542	1	ACAAGTCAATCCAAATATCTACCC	1
544	543	1	CAAGTCAATCCAAATATCTACCCT	1
545	544	1	AAGTCAATCCAAATATCTACCCTG	1
546	545	1	AGTCAATCCAAATATCTACCCTGG	1
547	546	3	GTCAATCCAAATATCTACCCTGGT	1
548	547	3	TCAATCCAAATATCTACCCTGGTA	1
549	548	3	CAATCCAAATATCTACCCTGGTAA	1
550	549	3	AATCCAAATATCTACCCTGGTAAT	1
551	550	3	ATCCAAATATCTACCCTGGTAATA	1
552	551	3	TCCAAATATCTACCCTGGTAATAT	1
553	552	3	CCAAATATCTACCCTGGTAATATT	1
554	553	3	CAAATATCTACCCTGGTAATATTG	1
555	554	3	AAATATCTACCCTGGTAATATTGC	1
556	555	3	AATATCTACCCTGGTAATATTGCT	1
557	556	3	ATATCTACCCTGGTAATATTGCTG	1
558	557	2	TATCTACCCTGGTAATATTGCTGG	1
559	558	2	ATCTACCCTGGTAATATTGCTGGT	1
560	559	2	TCTACCCTGGTAATATTGCTGGTT	1
561	560	2	CTACCCTGGTAATATTGCTGGTTT	1
562	561	2	TACCCTGGTAATATTGCTGGTTTC	1
563	562	2	ACCCTGGTAATATTGCTGGTTTCA	1
564	563	2	CCCTGGTAATATTGCTGGTTTCAA	1
565	564	2	CCTGGTAATATTGCTGGTTTCAAG	1
566	565	2	CTGGTAATATTGCTGGTTTCAAGA	1
567	566	2	TGGTAATATTGCTGGTTTCAAGAC	1
568	567	2	GGTAATATTGCTGGTTTCAAGACT	1
569	568	2	GTAATATTGCTGGTTTCAAGACTA	1
570	569	2	TAATATTGCTGGTTTCAAGACTAT	1
571	570	3	AATATTGCTGGTTTCAAGACTATC	1
572	571	3	ATATTGCTGGTTTCAAGACTATCC	1
573	572	4	TATTGCTGGTTTCAAGACTATCCT	1
574	573	4	ATTGCTGGTTTCAAGACTATCCTC	1
575	574	5	TTGCTGGTTTCAAGACTATCCTCA	1
576	575	5	TGCTGGTTTCAAGACTATCCTCAG	1
577	576	5	GCTGGTTTCAAGACTATCCTCAGC	1
578	577	5	CTGGTTTCAAGACTATCCTCAGCA	1
579	578	5	TGGTTTCAAGACTATCCTCAGCAA	1
580	579	5	GGTTTCAAGACTATCCTCAGCAAG	1
581	580	5	GTTTCAAGACTATCCTCAGCAAGG	1
582	581	5	TTTCAAGACTATCCTCAGCAAGGA	1
583	582	5	TTCAAGACTATCCTCAGCAAGGAG	1
584	583	5	TCAAGACTATCCTCAGCAAGGAGG	1
585	584	5	CAAGACTATCCTCAGCAAGGAGGG	1
586	585	5	AAGACTATCCTCAGCAAGGAGGGA	1
587	586	5	AGACTATCCTCAGCAAGGAGGGAC	1
588	587	5	GACTATCCTCAGCAAGGAGGGACT	1
589	588	5	ACTATCCTCAGCAAGGAGGGACTT	1
590	589	5	CTATCCTCAGCAAGGAGGGACTTC	1
591	590	3	TATCCTCAGCAAGGAGGGACTTCG	1
592	591	3	ATCCTCAGCAAGGAGGGACTTCGC	1
593	592	3	TCCTCAGCAAGGAGGGACTTCGCG	1
594	593	3	CCTCAGCAAGGAGGGACTTCGCGG	1
595	594	3	CTCAGCAAGGAGGGACTTCGCGGT	1
596	595	3	TCAGCAAGGAGGGACTTCGCGGTC	1
597	596	3	CAGCAAGGAGGGACTTCGCGGTCT	1
598	597	3	AGCAAGGAGGGACTTCGCGGTCTG	1
599	598	3	GCAAGGAGGGACTTCGCGGTCTGT	1
600	599	3	CAAGGAGGGACTTCGCGGTCTGTA	1
601	600	3	AAGGAGGGACTTCGCGGTCTGTAT	1
602	601	3	AGGAGGGACTTCGCGGTCTGTATA	1
603	602	3	GGAGGGACTTCGCGGTCTGTATAC	1
604	603	3	GAGGGACTTCGCGGTCTGTATACC	1
605	604	3	AGGGACTTCGCGGTCTGTATACCG	1
606	605	3	GGGACTTCGCGGTCTGTATACCGG	1
607	606	3	GGACTTCGCGGTCTGTATACCGGT	1
608	607	3	GACTTCGCGGTCTGTATACCGGTG	1
609	608	3	ACTTCGCGGTCTGTATACCGGTGG	1
610	609	3	CTTCGCGGTCTGTATACCGGTGGT	1
611	610	3	TTCGCGGTCTGTATACCGGTGGTA	1
612	611	3	TCGCGGTCTGTATACCGGTGGTAT	1
613	612	3	CGCGGTCTGTATACCGGTGGTATG	1
614	613	4	GCGGTCTGTATACCGGTGGTATGC	1
615	614	3	CGGTCTGTATACCGGTGGTATGCC	1
616	615	3	GGTCTGTATACCGGTGGTATGCCC	1
617	616	2	GTCTGTATACCGGTGGTATGCCCA	1
618	617	2	TCTGTATACCGGTGGTATGCCCAC	1
619	618	1	CTGTATACCGGTGGTATGCCCACC	1
620	619	1	TGTATACCGGTGGTATGCCCACCT	1
621	620	1	GTATACCGGTGGTATGCCCACCTT	1
622	621	1	TATACCGGTGGTATGCCCACCTTG	1
623	622	1	ATACCGGTGGTATGCCCACCTTGA	1
624	623	1	TACCGGTGGTATGCCCACCTTGAT	1
625	624	1	ACCGGTGGTATGCCCACCTTGATT	1
626	625	1	CCGGTGGTATGCCCACCTTGATTG	1
627	626	1	CGGTGGTATGCCCACCTTGATTGG	1
628	627	1	GGTGGTATGCCCACCTTGATTGGT	1
629	628	2	GTGGTATGCCCACCTTGATTGGTT	1
630	629	2	TGGTATGCCCACCTTGATTGGTTA	1
631	630	2	GGTATGCCCACCTTGATTGGTTAT	1
632	631	2	GTATGCCCACCTTGATTGGTTATT	1
633	632	2	TATGCCCACCTTGATTGGTTATTC	1
634	633	3	ATGCCCACCTTGATTGGTTATTCT	1
635	634	3	TGCCCACCTTGATTGGTTATTCTC	1
636	635	3	GCCCACCTTGATTGGTTATTCTCT	1
637	636	3	CCCACCTTGATTGGTTATTCTCTT	1
638	637	4	CCACCTTGATTGGTTATTCTCTTC	1
639	638	4	CACCTTGATTGGTTATTCTCTTCA	1
640	639	4	ACCTTGATTGGTTATTCTCTTCAA	1
641	640	4	CCTTGATTGGTTATTCTCTTCAAG	1
642	641	4	CTTGATTGGTTATTCTCTTCAAGG	1
643	642	4	TTGATTGGTTATTCTCTTCAAGGC	1
644	643	4	TGATTGGTTATTCTCTTCAAGGCT	1
645	644	4	GATTGGTTATTCTCTTCAAGGCTG	1
646	645	4	ATTGGTTATTCTCTTCAAGGCTGC	1
647	646	4	TTGGTTATTCTCTTCAAGGCTGCG	1
648	647	4	TGGTTATTCTCTTCAAGGCTGCGG	1
649	648	4	GGTTATTCTCTTCAAGGCTGCGGT	1
650	649	4	GTTATTCTCTTCAAGGCTGCGGTA	1
651	650	4	TTATTCTCTTCAAGGCTGCGGTAA	1
652	651	4	TATTCTCTTCAAGGCTGCGGTAAG	1
653	652	4	ATTCTCTTCAAGGCTGCGGTAAGT	1
654	653	5	TTCTCTTCAAGGCTGCGGTAAGTA	1
655	654	5	TCTCTTCAAGGCTGCGGTAAGTAC	1
656	655	5	CTCTTCAAGGCTGCGGTAAGTACG	1
657	656	5	TCTTCAAGGCTGCGGTAAGTACGG	1
658	657	4	CTTCAAGGCTGCGGTAAGTACGGT	1
659	658	4	TTCAAGGCTGCGGTAAGTACGGTT	1
660	659	4	TCAAGGCTGCGGTAAGTACGGTTT	1
661	660	4	CAAGGCTGCGGTAAGTACGGTTTT	1
662	661	4	AAGGCTGCGGTAAGTACGGTTTTT	1
663	662	4	AGGCTGCGGTAAGTACGGTTTTTA	1
664	663	4	GGCTGCGGTAAGTACGGTTTTTAT	1
665	664	5	GCTGCGGTAAGTACGGTTTTTATG	1
666	665	5	CTGCGGTAAGTACGGTTTTTATGA	1
667	666	5	TGCGGTAAGTACGGTTTTTATGAG	1
668	667	5	GCGGTAAGTACGGTTTTTATGAGT	1
669	668	5	CGGTAAGTACGGTTTTTATGAGTT	1
670	669	5	GGTAAGTACGGTTTTTATGAGTTG	1
671	670	5	GTAAGTACGGTTTTTATGAGTTGT	1
672	671	4	TAAGTACGGTTTTTATGAGTTGTT	1
673	672	4	AAGTACGGTTTTTATGAGTTGTTC	1
674	673	4	AGTACGGTTTTTATGAGTTGTTCA	1
675	674	4	GTACGGTTTTTATGAGTTGTTCAA	1
676	675	4	TACGGTTTTTATGAGTTGTTCAAA	1
677	676	4	ACGGTTTTTATGAGTTGTTCAAAC	1
678	677	3	CGGTTTTTATGAGTTGTTCAAACA	1
679	678	3	GGTTTTTATGAGTTGTTCAAACAC	1
680	679	3	GTTTTTATGAGTTGTTCAAACACA	1
681	680	3	TTTTTATGAGTTGTTCAAACACAA	1
682	681	2	TTTTATGAGTTGTTCAAACACAAA	1
683	682	2	TTTATGAGTTGTTCAAACACAAAT	1
684	683	2	TTATGAGTTGTTCAAACACAAATA	1
685	684	2	TATGAGTTGTTCAAACACAAATAC	1
686	685	2	ATGAGTTGTTCAAACACAAATACT	1
687	686	2	TGAGTTGTTCAAACACAAATACTC	1
688	687	2	GAGTTGTTCAAACACAAATACTCT	1
689	688	2	AGTTGTTCAAACACAAATACTCTA	1
690	689	2	GTTGTTCAAACACAAATACTCTAC	1
691	690	2	TTGTTCAAACACAAATACTCTACT	1
692	691	2	TGTTCAAACACAAATACTCTACTT	1
693	692	3	GTTCAAACACAAATACTCTACTTT	1
694	693	3	TTCAAACACAAATACTCTACTTTG	1
695	694	3	TCAAACACAAATACTCTACTTTGG	1
696	695	3	CAAACACAAATACTCTACTTTGGT	1
697	696	3	AAACACAAATACTCTACTTTGGTT	1
698	697	2	AACACAAATACTCTACTTTGGTTG	1
699	698	2	ACACAAATACTCTACTTTGGTTGG	1
700	699	2	CACAAATACTCTACTTTGGTTGGT	1
701	700	2	ACAAATACTCTACTTTGGTTGGTG	1
702	701	2	CAAATACTCTACTTTGGTTGGTGC	1
703	702	2	AAATACTCTACTTTGGTTGGTGCT	1
704	703	2	AATACTCTACTTTGGTTGGTGCTC	1
705	704	2	ATACTCTACTTTGGTTGGTGCTCA	1
706	705	2	TACTCTACTTTGGTTGGTGCTCAA	1
707	706	2	ACTCTACTTTGGTTGGTGCTCAAA	1
708	707	3	CTCTACTTTGGTTGGTGCTCAAAA	1
709	708	2	TCTACTTTGGTTGGTGCTCAAAAG	1
710	709	2	CTACTTTGGTTGGTGCTCAAAAGG	1
711	710	2	TACTTTGGTTGGTGCTCAAAAGGC	1
712	711	2	ACTTTGGTTGGTGCTCAAAAGGCA	1
713	712	2	CTTTGGTTGGTGCTCAAAAGGCAC	1
714	713	2	TTTGGTTGGTGCTCAAAAGGCACA	1
715	714	2	TTGGTTGGTGCTCAAAAGGCACAT	1
716	715	2	TGGTTGGTGCTCAAAAGGCACATG	1
717	716	2	GGTTGGTGCTCAAAAGGCACATGA	1
718	717	3	GTTGGTGCTCAAAAGGCACATGAA	1
719	718	3	TTGGTGCTCAAAAGGCACATGAAT	1
720	719	3	TGGTGCTCAAAAGGCACATGAATA	1
721	720	3	GGTGCTCAAAAGGCACATGAATAC	1
722	721	3	GTGCTCAAAAGGCACATGAATACC	1
723	722	3	TGCTCAAAAGGCACATGAATACCG	1
724	723	4	GCTCAAAAGGCACATGAATACCGT	1
725	724	4	CTCAAAAGGCACATGAATACCGTA	1
726	725	5	TCAAAAGGCACATGAATACCGTAC	1
727	726	5	CAAAAGGCACATGAATACCGTACA	1
728	727	5	AAAAGGCACATGAATACCGTACAA	1
729	728	5	AAAGGCACATGAATACCGTACAAG	1
730	729	5	AAGGCACATGAATACCGTACAAGC	1
731	730	6	AGGCACATGAATACCGTACAAGCA	1
732	731	6	GGCACATGAATACCGTACAAGCAT	1
733	732	6	GCACATGAATACCGTACAAGCATT	1
734	733	6	CACATGAATACCGTACAAGCATTT	1
735	734	6	ACATGAATACCGTACAAGCATTTA	1
736	735	6	CATGAATACCGTACAAGCATTTAC	1
737	736	6	ATGAATACCGTACAAGCATTTACT	1
738	737	6	TGAATACCGTACAAGCATTTACTT	1
739	738	6	GAATACCGTACAAGCATTTACTTG	1
740	739	6	AATACCGTACAAGCATTTACTTGG	1
741	740	6	ATACCGTACAAGCATTTACTTGGC	1
742	741	6	TACCGTACAAGCATTTACTTGGCT	1
743	742	7	ACCGTACAAGCATTTACTTGGCTG	1
744	743	7	CCGTACAAGCATTTACTTGGCTGC	1
745	744	7	CGTACAAGCATTTACTTGGCTGCT	1
746	745	8	GTACAAGCATTTACTTGGCTGCTT	1
747	746	8	TACAAGCATTTACTTGGCTGCTTC	1
748	747	8	ACAAGCATTTACTTGGCTGCTTCT	1
749	748	8	CAAGCATTTACTTGGCTGCTTCTG	1
750	749	8	AAGCATTTACTTGGCTGCTTCTGC	1
751	750	8	AGCATTTACTTGGCTGCTTCTGCC	1
752	751	7	GCATTTACTTGGCTGCTTCTGCCT	1
753	752	7	CATTTACTTGGCTGCTTCTGCCTC	1
754	753	7	ATTTACTTGGCTGCTTCTGCCTCT	1
755	754	7	TTTACTTGGCTGCTTCTGCCTCTG	1
756	755	7	TTACTTGGCTGCTTCTGCCTCTGC	1
757	756	7	TACTTGGCTGCTTCTGCCTCTGCT	1
758	757	7	ACTTGGCTGCTTCTGCCTCTGCTG	1
759	758	8	CTTGGCTGCTTCTGCCTCTGCTGA	1
760	759	8	TTGGCTGCTTCTGCCTCTGCTGAA	1
761	760	8	TGGCTGCTTCTGCCTCTGCTGAAT	1
762	761	7	GGCTGCTTCTGCCTCTGCTGAATT	1
763	762	7	GCTGCTTCTGCCTCTGCTGAATTG	1
764	763	7	CTGCTTCTGCCTCTGCTGAATTGT	1
765	764	7	TGCTTCTGCCTCTGCTGAATTGTT	1
766	765	7	GCTTCTGCCTCTGCTGAATTGTTG	1
767	766	7	CTTCTGCCTCTGCTGAATTGTTGG	1
768	767	6	TTCTGCCTCTGCTGAATTGTTGGC	1
769	768	6	TCTGCCTCTGCTGAATTGTTGGCT	1
770	769	5	CTGCCTCTGCTGAATTGTTGGCTG	1
771	770	5	TGCCTCTGCTGAATTGTTGGCTGA	1
772	771	5	GCCTCTGCTGAATTGTTGGCTGAT	1
773	772	5	CCTCTGCTGAATTGTTGGCTGATA	1
774	773	5	CTCTGCTGAATTGTTGGCTGATAT	1
775	774	4	TCTGCTGAATTGTTGGCTGATATA	1
776	775	4	CTGCTGAATTGTTGGCTGATATAA	1
777	776	4	TGCTGAATTGTTGGCTGATATAAT	1
778	777	4	GCTGAATTGTTGGCTGATATAATG	1
779	778	4	CTGAATTGTTGGCTGATATAATGC	1
780	779	5	TGAATTGTTGGCTGATATAATGCT	1
781	780	4	GAATTGTTGGCTGATATAATGCTT	1
782	781	4	AATTGTTGGCTGATATAATGCTTT	1
783	782	4	ATTGTTGGCTGATATAATGCTTTG	1
784	783	4	TTGTTGGCTGATATAATGCTTTGC	1
785	784	4	TGTTGGCTGATATAATGCTTTGCC	1
786	785	4	GTTGGCTGATATAATGCTTTGCCC	1
787	786	3	TTGGCTGATATAATGCTTTGCCCT	1
788	787	4	TGGCTGATATAATGCTTTGCCCTA	1
789	788	4	GGCTGATATAATGCTTTGCCCTAT	1
790	789	4	GCTGATATAATGCTTTGCCCTATG	1
791	790	4	CTGATATAATGCTTTGCCCTATGG	1
792	791	4	TGATATAATGCTTTGCCCTATGGA	1
793	792	4	GATATAATGCTTTGCCCTATGGAG	1
794	793	4	ATATAATGCTTTGCCCTATGGAGG	1
795	794	4	TATAATGCTTTGCCCTATGGAGGC	1
796	795	4	ATAATGCTTTGCCCTATGGAGGCT	1
797	796	4	TAATGCTTTGCCCTATGGAGGCTA	1
798	797	4	AATGCTTTGCCCTATGGAGGCTAT	1
799	798	4	ATGCTTTGCCCTATGGAGGCTATC	1
800	799	4	TGCTTTGCCCTATGGAGGCTATCA	1
801	800	4	GCTTTGCCCTATGGAGGCTATCAA	1
802	801	4	CTTTGCCCTATGGAGGCTATCAAG	1
803	802	3	TTTGCCCTATGGAGGCTATCAAGG	1
804	803	2	TTGCCCTATGGAGGCTATCAAGGT	1
805	804	2	TGCCCTATGGAGGCTATCAAGGTC	1
806	805	2	GCCCTATGGAGGCTATCAAGGTCC	1
807	806	2	CCCTATGGAGGCTATCAAGGTCCG	1
808	807	2	CCTATGGAGGCTATCAAGGTCCGT	1
809	808	2	CTATGGAGGCTATCAAGGTCCGTG	1
810	809	2	TATGGAGGCTATCAAGGTCCGTGT	1
811	810	2	ATGGAGGCTATCAAGGTCCGTGTT	1
812	811	2	TGGAGGCTATCAAGGTCCGTGTTC	1
813	812	2	GGAGGCTATCAAGGTCCGTGTTCA	1
814	813	2	GAGGCTATCAAGGTCCGTGTTCAA	1
815	814	2	AGGCTATCAAGGTCCGTGTTCAAA	1
816	815	2	GGCTATCAAGGTCCGTGTTCAAAC	1
817	816	2	GCTATCAAGGTCCGTGTTCAAACT	1
818	817	2	CTATCAAGGTCCGTGTTCAAACTT	1
819	818	2	TATCAAGGTCCGTGTTCAAACTTC	1
820	819	2	ATCAAGGTCCGTGTTCAAACTTCC	1
821	820	2	TCAAGGTCCGTGTTCAAACTTCCA	1
822	821	2	CAAGGTCCGTGTTCAAACTTCCAA	1
823	822	1	AAGGTCCGTGTTCAAACTTCCAAC	1
824	823	1	AGGTCCGTGTTCAAACTTCCAACC	1
825	824	1	GGTCCGTGTTCAAACTTCCAACCC	1
826	825	1	GTCCGTGTTCAAACTTCCAACCCT	1
827	826	1	TCCGTGTTCAAACTTCCAACCCTC	1
828	827	1	CCGTGTTCAAACTTCCAACCCTCG	1
829	828	1	CGTGTTCAAACTTCCAACCCTCGT	1
830	829	1	GTGTTCAAACTTCCAACCCTCGTT	1
831	830	1	TGTTCAAACTTCCAACCCTCGTTT	1
832	831	1	GTTCAAACTTCCAACCCTCGTTTT	1
833	832	1	TTCAAACTTCCAACCCTCGTTTTG	1
834	833	1	TCAAACTTCCAACCCTCGTTTTGC	1
835	834	1	CAAACTTCCAACCCTCGTTTTGCC	1
836	835	2	AAACTTCCAACCCTCGTTTTGCCA	1
837	836	2	AACTTCCAACCCTCGTTTTGCCAA	1
838	837	2	ACTTCCAACCCTCGTTTTGCCAAC	1
839	838	2	CTTCCAACCCTCGTTTTGCCAACA	1
840	839	2	TTCCAACCCTCGTTTTGCCAACAC	1
841	840	2	TCCAACCCTCGTTTTGCCAACACC	1
842	841	2	CCAACCCTCGTTTTGCCAACACCA	1
843	842	2	CAACCCTCGTTTTGCCAACACCAC	1
844	843	2	AACCCTCGTTTTGCCAACACCACT	1
845	844	2	ACCCTCGTTTTGCCAACACCACTC	1
846	845	2	CCCTCGTTTTGCCAACACCACTCG	1
847	846	1	CCTCGTTTTGCCAACACCACTCGT	1
848	847	1	CTCGTTTTGCCAACACCACTCGTG	1
849	848	1	TCGTTTTGCCAACACCACTCGTGA	1
850	849	1	CGTTTTGCCAACACCACTCGTGAA	1
851	850	1	GTTTTGCCAACACCACTCGTGAAG	1
852	851	1	TTTTGCCAACACCACTCGTGAAGC	1
853	852	1	TTTGCCAACACCACTCGTGAAGCG	1
854	853	1	TTGCCAACACCACTCGTGAAGCGT	1
855	854	1	TGCCAACACCACTCGTGAAGCGTG	1
856	855	1	GCCAACACCACTCGTGAAGCGTGG	1
857	856	1	CCAACACCACTCGTGAAGCGTGGT	1
858	857	1	CAACACCACTCGTGAAGCGTGGTC	1
859	858	1	AACACCACTCGTGAAGCGTGGTCT	1
860	859	1	ACACCACTCGTGAAGCGTGGTCTA	1
861	860	1	CACCACTCGTGAAGCGTGGTCTAA	1
862	861	1	ACCACTCGTGAAGCGTGGTCTAAA	1
863	862	1	CCACTCGTGAAGCGTGGTCTAAAA	1
864	863	2	CACTCGTGAAGCGTGGTCTAAAAT	1
865	864	3	ACTCGTGAAGCGTGGTCTAAAATT	1
866	865	3	CTCGTGAAGCGTGGTCTAAAATTG	1
867	866	3	TCGTGAAGCGTGGTCTAAAATTGT	1
868	867	3	CGTGAAGCGTGGTCTAAAATTGTC	1
869	868	3	GTGAAGCGTGGTCTAAAATTGTCA	1
870	869	3	TGAAGCGTGGTCTAAAATTGTCAC	1
871	870	3	GAAGCGTGGTCTAAAATTGTCACT	1
872	871	4	AAGCGTGGTCTAAAATTGTCACTA	1
873	872	4	AGCGTGGTCTAAAATTGTCACTAA	1
874	873	4	GCGTGGTCTAAAATTGTCACTAAT	1
875	874	4	CGTGGTCTAAAATTGTCACTAATG	1
876	875	4	GTGGTCTAAAATTGTCACTAATGA	1
877	876	4	TGGTCTAAAATTGTCACTAATGAA	1
878	877	5	GGTCTAAAATTGTCACTAATGAAG	1
879	878	5	GTCTAAAATTGTCACTAATGAAGG	1
880	879	6	TCTAAAATTGTCACTAATGAAGGT	1
881	880	6	CTAAAATTGTCACTAATGAAGGTT	1
882	881	6	TAAAATTGTCACTAATGAAGGTTT	1
883	882	6	AAAATTGTCACTAATGAAGGTTTC	1
884	883	6	AAATTGTCACTAATGAAGGTTTCG	1
885	884	6	AATTGTCACTAATGAAGGTTTCGG	1
886	885	6	ATTGTCACTAATGAAGGTTTCGGT	1
887	886	8	TTGTCACTAATGAAGGTTTCGGTA	1
888	887	9	TGTCACTAATGAAGGTTTCGGTAC	1
889	888	9	GTCACTAATGAAGGTTTCGGTACT	1
890	889	9	TCACTAATGAAGGTTTCGGTACTT	1
891	890	9	CACTAATGAAGGTTTCGGTACTTT	1
892	891	9	ACTAATGAAGGTTTCGGTACTTTA	1
893	892	9	CTAATGAAGGTTTCGGTACTTTAT	1
894	893	9	TAATGAAGGTTTCGGTACTTTATA	1
895	894	9	AATGAAGGTTTCGGTACTTTATAC	1
896	895	9	ATGAAGGTTTCGGTACTTTATACC	1
897	896	9	TGAAGGTTTCGGTACTTTATACCG	1
898	897	9	GAAGGTTTCGGTACTTTATACCGT	1
899	898	9	AAGGTTTCGGTACTTTATACCGTG	1
900	899	9	AGGTTTCGGTACTTTATACCGTGG	1
901	900	9	GGTTTCGGTACTTTATACCGTGGT	1
902	901	9	GTTTCGGTACTTTATACCGTGGTC	1
903	902	9	TTTCGGTACTTTATACCGTGGTCT	1
904	903	8	TTCGGTACTTTATACCGTGGTCTG	1
905	904	8	TCGGTACTTTATACCGTGGTCTGG	1
906	905	8	CGGTACTTTATACCGTGGTCTGGC	1
907	906	7	GGTACTTTATACCGTGGTCTGGCT	1
908	907	7	GTACTTTATACCGTGGTCTGGCTC	1
909	908	6	TACTTTATACCGTGGTCTGGCTCC	1
910	909	6	ACTTTATACCGTGGTCTGGCTCCT	1
911	910	6	CTTTATACCGTGGTCTGGCTCCTT	1
912	911	6	TTTATACCGTGGTCTGGCTCCTTT	1
913	912	5	TTATACCGTGGTCTGGCTCCTTTG	1
914	913	5	TATACCGTGGTCTGGCTCCTTTGT	1
915	914	5	ATACCGTGGTCTGGCTCCTTTGTG	1
916	915	4	TACCGTGGTCTGGCTCCTTTGTGG	1
917	916	4	ACCGTGGTCTGGCTCCTTTGTGGT	1
918	917	4	CCGTGGTCTGGCTCCTTTGTGGTT	1
919	918	4	CGTGGTCTGGCTCCTTTGTGGTTC	1
920	919	4	GTGGTCTGGCTCCTTTGTGGTTCC	1
921	920	4	TGGTCTGGCTCCTTTGTGGTTCCG	1
922	921	3	GGTCTGGCTCCTTTGTGGTTCCGC	1
923	922	3	GTCTGGCTCCTTTGTGGTTCCGCC	1
924	923	2	TCTGGCTCCTTTGTGGTTCCGCCA	1
925	924	2	CTGGCTCCTTTGTGGTTCCGCCAA	1
926	925	2	TGGCTCCTTTGTGGTTCCGCCAAA	1
927	926	2	GGCTCCTTTGTGGTTCCGCCAAAT	1
928	927	2	GCTCCTTTGTGGTTCCGCCAAATC	1
929	928	2	CTCCTTTGTGGTTCCGCCAAATCC	1
930	929	2	TCCTTTGTGGTTCCGCCAAATCCC	1
931	930	1	CCTTTGTGGTTCCGCCAAATCCCA	1
932	-1	0	ACTGGTGCTTAAATGCACTATCGT	1
933	932	4	CTGGTGCTTAAATGCACTATCGTA	1
934	933	6	TGGTGCTTAAATGCACTATCGTAT	1
935	934	6	GGTGCTTAAATGCACTATCGTATA	1
936	935	6	GTGCTTAAATGCACTATCGTATAG	1
937	936	6	TGCTTAAATGCACTATCGTATAGT	1
938	937	6	GCTTAAATGCACTATCGTATAGTA	1
939	938	6	CTTAAATGCACTATCGTATAGTAA	1
940	939	6	TTAAATGCACTATCGTATAGTAAA	1
941	940	6	TAAATGCACTATCGTATAGTAAAC	1
942	941	6	AAATGCACTATCGTATAGTAAACC	1
943	942	6	AATGCACTATCGTATAGTAAACCT	1
944	943	6	ATGCACTATCGTATAGTAAACCTT	1
945	944	6	TGCACTATCGTATAGTAAACCTTT	1
946	945	6	GCACTATCGTATAGTAAACCTTTC	1
947	946	6	CACTATCGTATAGTAAACCTTTCA	1
948	947	6	ACTATCGTATAGTAAACCTTTCAT	1
949	948	7	CTATCGTATAGTAAACCTTTCATT	1
950	949	7	TATCGTATAGTAAACCTTTCATTT	1
951	950	7	ATCGTATAGTAAACCTTTCATTTT	1
952	951	7	TCGTATAGTAAACCTTTCATTTTA	1
953	952	7	CGTATAGTAAACCTTTCATTTTAT	1
954	953	7	GTATAGTAAACCTTTCATTTTATG	1
955	954	7	TATAGTAAACCTTTCATTTTATGG	1
956	955	7	ATAGTAAACCTTTCATTTTATGGA	1
957	956	7	TAGTAAACCTTTCATTTTATGGAA	1
958	957	7	AGTAAACCTTTCATTTTATGGAAC	1
959	958	7	GTAAACCTTTCATTTTATGGAACG	1
960	959	7	TAAACCTTTCATTTTATGGAACGT	1
961	960	7	AAACCTTTCATTTTATGGAACGTC	1
962	961	7	AACCTTTCATTTTATGGAACGTCG	1
963	962	7	ACCTTTCATTTTATGGAACGTCGC	1
964	963	7	CCTTTCATTTTATGGAACGTCGCT	1
965	964	7	CTTTCATTTTATGGAACGTCGCTT	1
966	965	7	TTTCATTTTATGGAACGTCGCTTT	1
967	966	7	TTCATTTTATGGAACGTCGCTTTT	1
968	967	7	TCATTTTATGGAACGTCGCTTTTT	1
969	968	7	CATTTTATGGAACGTCGCTTTTTA	1
970	969	7	ATTTTATGGAACGTCGCTTTTTAA	1
971	970	7	TTTTATGGAACGTCGCTTTTTAAA	1
972	971	7	TTTATGGAACGTCGCTTTTTAAAT	1
973	972	7	TTATGGAACGTCGCTTTTTAAATT	1
974	973	7	TATGGAACGTCGCTTTTTAAATTT	1
975	974	8	ATGGAACGTCGCTTTTTAAATTTC	1
976	975	8	TGGAACGTCGCTTTTTAAATTTCC	1
977	976	4	GGAACGTCGCTTTTTAAATTTCCC	1
978	977	1	GAACGTCGCTTTTTAAATTTCCCC	1
979	978	1	AACGTCGCTTTTTAAATTTCCCCC	1
980	979	1	ACGTCGCTTTTTAAATTTCCCCCC	1
981	980	1	CGTCGCTTTTTAAATTTCCCCCCA	1
982	981	1	GTCGCTTTTTAAATTTCCCCCCAC	1
983	982	1	TCGCTTTTTAAATTTCCCCCCACT	1
984	983	1	CGCTTTTTAAATTTCCCCCCACTT	1
985	984	1	GCTTTTTAAATTTCCCCCCACTTT	1
986	985	1	CTTTTTAAATTTCCCCCCACTTTC	1
987	986	1	TTTTTAAATTTCCCCCCACTTTCT	1
988	987	1	TTTTAAATTTCCCCCCACTTTCTC	1
989	988	1	TTTAAATTTCCCCCCACTTTCTCT	1
990	989	1	TTAAATTTCCCCCCACTTTCTCTT	1
991	990	1	TAAATTTCCCCCCACTTTCTCTTA	1
992	991	1	AAATTTCCCCCCACTTTCTCTTAT	1
993	992	1	AATTTCCCCCCACTTTCTCTTATA	1
994	993	1	ATTTCCCCCCACTTTCTCTTATAG	1
995	994	1	TTTCCCCCCACTTTCTCTTATAGG	1
996	995	1	TTCCCCCCACTTTCTCTTATAGGC	1
997	996	1	TCCCCCCACTTTCTCTTATAGGCT	1
998	997	1	CCCCCCACTTTCTCTTATAGGCTC	1
999	998	1	CCCCCACTTTCTCTTATAGGCTCT	1
1000	999	1	CCCCACTTTCTCTTATAGGCTCTT	1
1001	1000	1	CCCACTTTCTCTTATAGGCTCTTA	1
1002	1001	1	CCACTTTCTCTTATAGGCTCTTAA	1
1003	1002	1	CACTTTCTCTTATAGGCTCTTAAC	1
1004	1003	1	ACTTTCTCTTATAGGCTCTTAACA	1
1005	1004	1	CTTTCTCTTATAGGCTCTTAACAA	1
1006	1005	1	TTTCTCTTATAGGCTCTTAACAAG	1
1007	1006	1	TTCTCTTATAGGCTCTTAACAAGT	1
1008	1007	1	TCTCTTATAGGCTCTTAACAAGTT	1
1009	1008	1	CTCTTATAGGCTCTTAACAAGTTT	1
1010	1009	1	TCTTATAGGCTCTTAACAAGTTTT	1
1011	1010	1	CTTATAGGCTCTTAACAAGTTTTA	1
1012	1011	1	TTATAGGCTCTTAACAAGTTTTAC	1
1013	1012	1	TATAGGCTCTTAACAAGTTTTACT	1
1014	1013	1	ATAGGCTCTTAACAAGTTTTACTG	1
1015	1014	1	TAGGCTCTTAACAAGTTTTACTGT	1
1016	1015	1	AGGCTCTTAACAAGTTTTACTGTT	1
1017	1016	1	GGCTCTTAACAAGTTTTACTGTTT	1
1018	1017	1	GCTCTTAACAAGTTTTACTGTTTT	1
1019	-1	0	CTACATTTACTCAACCGGATTCCT	1
1020	1019	1	TACATTTACTCAACCGGATTCCTA	1
1021	1020	1	ACATTTACTCAACCGGATTCCTAA	1
1022	1021	1	CATTTACTCAACCGGATTCCTAAA	1
1023	1022	3	ATTTACTCAACCGGATTCCTAAAT	1
1024	1023	6	TTTACTCAACCGGATTCCTAAATA	1
1025	1024	6	TTACTCAACCGGATTCCTAAATAT	1
1026	1025	6	TACTCAACCGGATTCCTAAATATT	1
1027	1026	6	ACTCAACCGGATTCCTAAATATTC	1
1028	1027	7	CTCAACCGGATTCCTAAATATTCA	1
1029	1028	9	TCAACCGGATTCCTAAATATTCAT	1
1030	1029	9	CAACCGGATTCCTAAATATTCATT	1
1031	1030	11	AACCGGATTCCTAAATATTCATTT	1
1032	1031	11	ACCGGATTCCTAAATATTCATTTT	1
1033	1032	11	CCGGATTCCTAAATATTCATTTTT	1
1034	1033	11	CGGATTCCTAAATATTCATTTTTA	1
1035	1034	12	GGATTCCTAAATATTCATTTTTAG	1
1036	1035	13	GATTCCTAAATATTCATTTTTAGC	1
1037	1036	14	ATTCCTAAATATTCATTTTTAGCA	1
1038	1037	14	TTCCTAAATATTCATTTTTAGCAG	1
1039	1038	14	TCCTAAATATTCATTTTTAGCAGT	1
1040	1039	14	CCTAAATATTCATTTTTAGCAGTT	1
1041	1040	14	CTAAATATTCATTTTTAGCAGTTT	1
1042	1041	14	TAAATATTCATTTTTAGCAGTTTC	1
1043	1042	14	AAATATTCATTTTTAGCAGTTTCT	1
1044	1043	14	AATATTCATTTTTAGCAGTTTCTC	1
1045	1044	15	ATATTCATTTTTAGCAGTTTCTCA	1
1046	1045	15	TATTCATTTTTAGCAGTTTCTCAA	1
1047	1046	15	ATTCATTTTTAGCAGTTTCTCAAT	1
1048	1047	15	TTCATTTTTAGCAGTTTCTCAATA	1
1049	1048	15	TCATTTTTAGCAGTTTCTCAATAG	1
1050	1049	15	CATTTTTAGCAGTTTCTCAATAGG	1
1051	1050	15	ATTTTTAGCAGTTTCTCAATAGGA	1
1052	1051	16	TTTTTAGCAGTTTCTCAATAGGAG	1
1053	1052	16	TTTTAGCAGTTTCTCAATAGGAGA	1
1054	1053	16	TTTAGCAGTTTCTCAATAGGAGAT	1
1055	1054	16	TTAGCAGTTTCTCAATAGGAGATA	1
1056	1055	16	TAGCAGTTTCTCAATAGGAGATAG	1
1057	1056	16	AGCAGTTTCTCAATAGGAGATAGC	1
1058	1057	16	GCAGTTTCTCAATAGGAGATAGCC	1
1059	1058	16	CAGTTTCTCAATAGGAGATAGCCT	1
1060	1059	16	AGTTTCTCAATAGGAGATAGCCTT	1
1061	1060	16	GTTTCTCAATAGGAGATAGCCTTA	1
1062	1061	16	TTTCTCAATAGGAGATAGCCTTAG	1
1063	1062	16	TTCTCAATAGGAGATAGCCTTAGT	1
1064	1063	15	TCTCAATAGGAGATAGCCTTAGTT	1
1065	1064	15	CTCAATAGGAGATAGCCTTAGTTG	1
1066	1065	15	TCAATAGGAGATAGCCTTAGTTGG	1
1067	1066	13	CAATAGGAGATAGCCTTAGTTGGA	1
1068	1067	10	AATAGGAGATAGCCTTAGTTGGAG	1
1069	1068	9	ATAGGAGATAGCCTTAGTTGGAGA	1
1070	1069	9	TAGGAGATAGCCTTAGTTGGAGAT	1
1071	1070	9	AGGAGATAGCCTTAGTTGGAGATT	1
1072	1071	8	GGAGATAGCCTTAGTTGGAGATTT	1
1073	1072	6	GAGATAGCCTTAGTTGGAGATTTC	1
1074	1073	6	AGATAGCCTTAGTTGGAGATTTCT	1
1075	1074	4	GATAGCCTTAGTTGGAGATTTCTT	1
1076	1075	4	ATAGCCTTAGTTGGAGATTTCTTT	1
1077	1076	4	TAGCCTTAGTTGGAGATTTCTTTT	1
1078	1077	4	AGCCTTAGTTGGAGATTTCTTTTT	1
1079	1078	3	GCCTTAGTTGGAGATTTCTTTTTC	1
1080	1079	2	CCTTAGTTGGAGATTTCTTTTTCT	1
1081	1080	2	CTTAGTTGGAGATTTCTTTTTCTT	1
1082	1081	2	TTAGTTGGAGATTTCTTTTTCTTT	1
1083	1082	2	TAGTTGGAGATTTCTTTTTCTTTT	1
1084	1083	2	AGTTGGAGATTTCTTTTTCTTTTA	1
1085	1084	2	GTTGGAGATTTCTTTTTCTTTTAT	1
1086	1085	2	TTGGAGATTTCTTTTTCTTTTATT	1
1087	1086	2	TGGAGATTTCTTTTTCTTTTATTT	1
1088	1087	2	GGAGATTTCTTTTTCTTTTATTTT	1
1089	1088	1	GAGATTTCTTTTTCTTTTATTTTT	1
1090	1089	1	AGATTTCTTTTTCTTTTATTTTTT	1
1091	1090	1	GATTTCTTTTTCTTTTATTTTTTA	1
1092	1091	1	ATTTCTTTTTCTTTTATTTTTTAG	1
1093	1092	1	TTTCTTTTTCTTTTATTTTTTAGA	1
1094	1093	2	TTCTTTTTCTTTTATTTTTTAGAA	1
1095	1094	2	TCTTTTTCTTTTATTTTTTAGAAC	1
1096	1095	1	CTTTTTCTTTTATTTTTTAGAACT	1
1097	1096	1	TTTTTCTTTTATTTTTTAGAACTG	1
1098	1097	1	TTTTCTTTTATTTTTTAGAACTGT	1
1099	1098	1	TTTCTTTTATTTTTTAGAACTGTT	1
1100	1099	1	TTCTTTTATTTTTTAGAACTGTTT	1
1101	1100	1	TCTTTTATTTTTTAGAACTGTTTA	1
1102	1101	1	CTTTTATTTTTTAGAACTGTTTAT	1
1103	1102	1	TTTTATTTTTTAGAACTGTTTATA	1
1104	1103	1	TTTATTTTTTAGAACTGTTTATAA	1
1105	1104	1	TTATTTTTTAGAACTGTTTATAAC	1
1106	1105	1	TATTTTTTAGAACTGTTTATAACG	1
1107	1106	1	ATTTTTTAGAACTGTTTATAACGC	1
1108	1107	1	TTTTTTAGAACTGTTTATAACGCA	1
1109	1108	1	TTTTTAGAACTGTTTATAACGCAA	1
1110	1109	1	TTTTAGAACTGTTTATAACGCAAA	1
1111	1110	1	TTTAGAACTGTTTATAACGCAAAC	1
1112	1111	1	TTAGAACTGTTTATAACGCAAACT	1
1113	1112	1	TAGAACTGTTTATAACGCAAACTC	1
1114	1113	1	AGAACTGTTTATAACGCAAACTCG	1
1115	1114	1	GAACTGTTTATAACGCAAACTCGA	1
1116	1115	1	AACTGTTTATAACGCAAACTCGAA	1
1117	1116	1	ACTGTTTATAACGCAAACTCGAAG	1
1118	1117	1	CTGTTTATAACGCAAACTCGAAGG	1
1119	1118	1	TGTTTATAACGCAAACTCGAAGGT	1
1120	1119	1	GTTTATAACGCAAACTCGAAGGTT	1
1121	1120	1	TTTATAACGCAAACTCGAAGGTTT	1
1122	1121	1	TTATAACGCAAACTCGAAGGTTTG	1
1123	1122	1	TATAACGCAAACTCGAAGGTTTGT	1
1124	1123	1	ATAACGCAAACTCGAAGGTTTGTT	1
1125	1124	1	TAACGCAAACTCGAAGGTTTGTTC	1
1126	1125	1	AACGCAAACTCGAAGGTTTGTTCT	1
1127	1126	1	ACGCAAACTCGAAGGTTTGTTCTT	1
1128	1127	1	CGCAAACTCGAAGGTTTGTTCTTT	1
1129	1128	1	GCAAACTCGAAGGTTTGTTCTTTG	1
1130	1129	1	CAAACTCGAAGGTTTGTTCTTTGA	1
1131	1130	1	AAACTCGAAGGTTTGTTCTTTGAA	1
1132	1131	1	AACTCGAAGGTTTGTTCTTTGAAC	1
1133	1132	1	ACTCGAAGGTTTGTTCTTTGAACT	1
1134	1133	1	CTCGAAGGTTTGTTCTTTGAACTC	1
1135	1134	1	TCGAAGGTTTGTTCTTTGAACTCA	1
1136	1135	1	CGAAGGTTTGTTCTTTGAACTCAC	1
1137	1136	1	GAAGGTTTGTTCTTTGAACTCACG	1
