Component 546
1	-1	0	GCGATCGCGAATTGGACGATGCCA	1
2	1	1	CGATCGCGAATTGGACGATGCCAC	1
3	2	1	GATCGCGAATTGGACGATGCCACT	1
4	3	1	ATCGCGAATTGGACGATGCCACTC	1
5	4	1	TCGCGAATTGGACGATGCCACTCG	1
6	5	1	CGCGAATTGGACGATGCCACTCGC	1
7	6	3	GCGAATTGGACGATGCCACTCGCG	1
8	7	3	CGAATTGGACGATGCCACTCGCGC	1
9	8	3	GAATTGGACGATGCCACTCGCGCA	1
10	9	3	AATTGGACGATGCCACTCGCGCAC	1
11	10	3	ATTGGACGATGCCACTCGCGCACT	1
12	11	3	TTGGACGATGCCACTCGCGCACTC	1
13	12	3	TGGACGATGCCACTCGCGCACTCC	1
14	13	3	GGACGATGCCACTCGCGCACTCCA	1
15	14	3	GACGATGCCACTCGCGCACTCCAG	1
16	15	3	ACGATGCCACTCGCGCACTCCAGG	1
17	16	3	CGATGCCACTCGCGCACTCCAGGC	1
18	17	3	GATGCCACTCGCGCACTCCAGGCC	1
19	18	3	ATGCCACTCGCGCACTCCAGGCCG	1
20	19	3	TGCCACTCGCGCACTCCAGGCCGC	1
21	20	3	GCCACTCGCGCACTCCAGGCCGCT	1
22	21	3	CCACTCGCGCACTCCAGGCCGCTC	1
23	22	3	CACTCGCGCACTCCAGGCCGCTCA	1
24	23	3	ACTCGCGCACTCCAGGCCGCTCAA	1
25	24	3	CTCGCGCACTCCAGGCCGCTCAAG	1
26	25	3	TCGCGCACTCCAGGCCGCTCAAGA	1
27	26	3	CGCGCACTCCAGGCCGCTCAAGAT	1
28	27	3	GCGCACTCCAGGCCGCTCAAGATC	1
29	28	3	CGCACTCCAGGCCGCTCAAGATCG	1
30	29	3	GCACTCCAGGCCGCTCAAGATCGC	1
31	30	3	CACTCCAGGCCGCTCAAGATCGCT	1
32	31	3	ACTCCAGGCCGCTCAAGATCGCTT	1
33	32	3	CTCCAGGCCGCTCAAGATCGCTTC	1
34	33	3	TCCAGGCCGCTCAAGATCGCTTCA	1
35	34	4	CCAGGCCGCTCAAGATCGCTTCAA	1
36	35	4	CAGGCCGCTCAAGATCGCTTCAAC	1
37	36	4	AGGCCGCTCAAGATCGCTTCAACG	1
38	37	4	GGCCGCTCAAGATCGCTTCAACGC	1
39	38	4	GCCGCTCAAGATCGCTTCAACGCC	1
40	39	4	CCGCTCAAGATCGCTTCAACGCCG	1
41	40	4	CGCTCAAGATCGCTTCAACGCCGC	1
42	41	4	GCTCAAGATCGCTTCAACGCCGCC	1
43	42	4	CTCAAGATCGCTTCAACGCCGCCA	1
44	43	4	TCAAGATCGCTTCAACGCCGCCAA	1
45	44	4	CAAGATCGCTTCAACGCCGCCAAG	1
46	45	3	AAGATCGCTTCAACGCCGCCAAGT	1
47	46	3	AGATCGCTTCAACGCCGCCAAGTT	1
48	47	3	GATCGCTTCAACGCCGCCAAGTTG	1
49	48	3	ATCGCTTCAACGCCGCCAAGTTGA	1
50	49	3	TCGCTTCAACGCCGCCAAGTTGAG	1
51	50	1	CGCTTCAACGCCGCCAAGTTGAGA	1
52	51	1	GCTTCAACGCCGCCAAGTTGAGAG	1
53	52	1	CTTCAACGCCGCCAAGTTGAGAGT	1
54	53	1	TTCAACGCCGCCAAGTTGAGAGTG	1
55	54	1	TCAACGCCGCCAAGTTGAGAGTGA	1
56	55	1	CAACGCCGCCAAGTTGAGAGTGAA	1
57	56	1	AACGCCGCCAAGTTGAGAGTGAAC	1
58	57	1	ACGCCGCCAAGTTGAGAGTGAACC	1
59	58	1	CGCCGCCAAGTTGAGAGTGAACCA	1
60	59	1	GCCGCCAAGTTGAGAGTGAACCAG	1
61	60	1	CCGCCAAGTTGAGAGTGAACCAGT	1
62	61	1	CGCCAAGTTGAGAGTGAACCAGTT	1
63	62	2	GCCAAGTTGAGAGTGAACCAGTTT	1
64	63	2	CCAAGTTGAGAGTGAACCAGTTTG	1
65	64	2	CAAGTTGAGAGTGAACCAGTTTGA	1
66	65	2	AAGTTGAGAGTGAACCAGTTTGAC	1
67	66	2	AGTTGAGAGTGAACCAGTTTGACG	1
68	67	2	GTTGAGAGTGAACCAGTTTGACGT	1
69	68	2	TTGAGAGTGAACCAGTTTGACGTT	1
70	69	2	TGAGAGTGAACCAGTTTGACGTTG	1
71	70	2	GAGAGTGAACCAGTTTGACGTTGA	1
72	71	2	AGAGTGAACCAGTTTGACGTTGAT	1
73	72	2	GAGTGAACCAGTTTGACGTTGATT	1
74	73	2	AGTGAACCAGTTTGACGTTGATTC	1
75	74	2	GTGAACCAGTTTGACGTTGATTCT	1
76	75	2	TGAACCAGTTTGACGTTGATTCTC	1
77	76	2	GAACCAGTTTGACGTTGATTCTCG	1
78	77	2	AACCAGTTTGACGTTGATTCTCGT	1
79	78	1	ACCAGTTTGACGTTGATTCTCGTC	1
80	79	1	CCAGTTTGACGTTGATTCTCGTCA	1
81	80	1	CAGTTTGACGTTGATTCTCGTCAA	1
82	81	1	AGTTTGACGTTGATTCTCGTCAAC	1
83	82	1	GTTTGACGTTGATTCTCGTCAACA	1
84	83	1	TTTGACGTTGATTCTCGTCAACAG	1
85	84	1	TTGACGTTGATTCTCGTCAACAGC	1
86	85	1	TGACGTTGATTCTCGTCAACAGCT	1
87	86	1	GACGTTGATTCTCGTCAACAGCTC	1
88	87	1	ACGTTGATTCTCGTCAACAGCTCG	1
89	88	1	CGTTGATTCTCGTCAACAGCTCGC	1
90	89	2	GTTGATTCTCGTCAACAGCTCGCC	1
91	90	2	TTGATTCTCGTCAACAGCTCGCCA	1
92	91	2	TGATTCTCGTCAACAGCTCGCCAT	1
93	92	2	GATTCTCGTCAACAGCTCGCCATG	1
94	93	2	ATTCTCGTCAACAGCTCGCCATGC	1
95	94	2	TTCTCGTCAACAGCTCGCCATGCT	1
96	95	2	TCTCGTCAACAGCTCGCCATGCTC	1
97	96	2	CTCGTCAACAGCTCGCCATGCTCA	1
98	97	2	TCGTCAACAGCTCGCCATGCTCAC	1
99	98	2	CGTCAACAGCTCGCCATGCTCACC	1
100	99	2	GTCAACAGCTCGCCATGCTCACCA	1
101	100	2	TCAACAGCTCGCCATGCTCACCAA	1
102	101	2	CAACAGCTCGCCATGCTCACCAAG	1
103	102	2	AACAGCTCGCCATGCTCACCAAGA	1
104	103	2	ACAGCTCGCCATGCTCACCAAGAA	1
105	104	2	CAGCTCGCCATGCTCACCAAGAAG	1
106	105	2	AGCTCGCCATGCTCACCAAGAAGG	1
107	106	1	GCTCGCCATGCTCACCAAGAAGGT	1
108	107	2	CTCGCCATGCTCACCAAGAAGGTC	1
109	108	2	TCGCCATGCTCACCAAGAAGGTCC	1
110	109	2	CGCCATGCTCACCAAGAAGGTCCG	1
111	110	3	GCCATGCTCACCAAGAAGGTCCGT	1
112	111	3	CCATGCTCACCAAGAAGGTCCGTG	1
113	112	3	CATGCTCACCAAGAAGGTCCGTGA	1
114	113	3	ATGCTCACCAAGAAGGTCCGTGAC	1
115	114	3	TGCTCACCAAGAAGGTCCGTGACG	1
116	115	3	GCTCACCAAGAAGGTCCGTGACGC	1
117	116	5	CTCACCAAGAAGGTCCGTGACGCT	1
118	117	5	TCACCAAGAAGGTCCGTGACGCTG	1
119	118	5	CACCAAGAAGGTCCGTGACGCTGA	1
120	119	5	ACCAAGAAGGTCCGTGACGCTGAG	1
121	120	5	CCAAGAAGGTCCGTGACGCTGAGG	1
122	121	5	CAAGAAGGTCCGTGACGCTGAGGA	1
123	122	5	AAGAAGGTCCGTGACGCTGAGGAT	1
124	123	5	AGAAGGTCCGTGACGCTGAGGATG	1
125	124	5	GAAGGTCCGTGACGCTGAGGATGC	1
126	125	5	AAGGTCCGTGACGCTGAGGATGCC	1
127	126	5	AGGTCCGTGACGCTGAGGATGCCG	1
128	127	5	GGTCCGTGACGCTGAGGATGCCGA	1
129	128	5	GTCCGTGACGCTGAGGATGCCGAA	1
130	129	5	TCCGTGACGCTGAGGATGCCGAAG	1
131	130	5	CCGTGACGCTGAGGATGCCGAAGA	1
132	131	6	CGTGACGCTGAGGATGCCGAAGAG	1
133	132	6	GTGACGCTGAGGATGCCGAAGAGA	1
134	133	5	TGACGCTGAGGATGCCGAAGAGAA	1
135	134	5	GACGCTGAGGATGCCGAAGAGAAG	1
136	135	6	ACGCTGAGGATGCCGAAGAGAAGT	1
137	136	6	CGCTGAGGATGCCGAAGAGAAGTA	1
138	137	6	GCTGAGGATGCCGAAGAGAAGTAT	1
139	138	7	CTGAGGATGCCGAAGAGAAGTATC	1
140	139	7	TGAGGATGCCGAAGAGAAGTATCG	1
141	140	7	GAGGATGCCGAAGAGAAGTATCGC	1
142	141	7	AGGATGCCGAAGAGAAGTATCGCA	1
143	142	7	GGATGCCGAAGAGAAGTATCGCAT	1
144	143	7	GATGCCGAAGAGAAGTATCGCATC	1
145	144	7	ATGCCGAAGAGAAGTATCGCATCA	1
146	145	7	TGCCGAAGAGAAGTATCGCATCAG	1
147	146	7	GCCGAAGAGAAGTATCGCATCAGC	1
148	147	7	CCGAAGAGAAGTATCGCATCAGCT	1
149	148	7	CGAAGAGAAGTATCGCATCAGCTG	1
150	149	8	GAAGAGAAGTATCGCATCAGCTGT	1
151	150	8	AAGAGAAGTATCGCATCAGCTGTC	1
152	151	7	AGAGAAGTATCGCATCAGCTGTCA	1
153	152	7	GAGAAGTATCGCATCAGCTGTCAT	1
154	153	7	AGAAGTATCGCATCAGCTGTCATC	1
155	154	6	GAAGTATCGCATCAGCTGTCATCA	1
156	155	6	AAGTATCGCATCAGCTGTCATCAA	1
157	156	6	AGTATCGCATCAGCTGTCATCAAC	1
158	157	6	GTATCGCATCAGCTGTCATCAACG	1
159	158	6	TATCGCATCAGCTGTCATCAACGT	1
160	159	6	ATCGCATCAGCTGTCATCAACGTG	1
161	160	5	TCGCATCAGCTGTCATCAACGTGA	1
162	161	5	CGCATCAGCTGTCATCAACGTGAA	1
163	162	5	GCATCAGCTGTCATCAACGTGAAG	1
164	163	5	CATCAGCTGTCATCAACGTGAAGA	1
165	164	5	ATCAGCTGTCATCAACGTGAAGAG	1
166	165	5	TCAGCTGTCATCAACGTGAAGAGG	1
167	166	5	CAGCTGTCATCAACGTGAAGAGGA	1
168	167	6	AGCTGTCATCAACGTGAAGAGGAA	1
169	168	6	GCTGTCATCAACGTGAAGAGGAAA	1
170	169	6	CTGTCATCAACGTGAAGAGGAAAT	1
171	170	6	TGTCATCAACGTGAAGAGGAAATC	1
172	171	6	GTCATCAACGTGAAGAGGAAATCA	1
173	172	6	TCATCAACGTGAAGAGGAAATCAC	1
174	173	6	CATCAACGTGAAGAGGAAATCACT	1
175	174	6	ATCAACGTGAAGAGGAAATCACTC	1
176	175	5	TCAACGTGAAGAGGAAATCACTCG	1
177	176	5	CAACGTGAAGAGGAAATCACTCGT	1
178	177	5	AACGTGAAGAGGAAATCACTCGTT	1
179	178	5	ACGTGAAGAGGAAATCACTCGTTG	1
180	179	4	CGTGAAGAGGAAATCACTCGTTGT	1
181	180	4	GTGAAGAGGAAATCACTCGTTGTG	1
182	181	4	TGAAGAGGAAATCACTCGTTGTGC	1
183	182	4	GAAGAGGAAATCACTCGTTGTGCC	1
184	183	4	AAGAGGAAATCACTCGTTGTGCCA	1
185	184	4	AGAGGAAATCACTCGTTGTGCCAC	1
186	185	4	GAGGAAATCACTCGTTGTGCCACT	1
187	186	5	AGGAAATCACTCGTTGTGCCACTC	1
188	187	5	GGAAATCACTCGTTGTGCCACTCA	1
189	188	6	GAAATCACTCGTTGTGCCACTCAA	1
190	189	6	AAATCACTCGTTGTGCCACTCAAG	1
191	190	6	AATCACTCGTTGTGCCACTCAAGC	1
192	191	7	ATCACTCGTTGTGCCACTCAAGCC	1
193	192	6	TCACTCGTTGTGCCACTCAAGCCT	1
194	193	6	CACTCGTTGTGCCACTCAAGCCTA	1
195	194	6	ACTCGTTGTGCCACTCAAGCCTAT	1
196	195	6	CTCGTTGTGCCACTCAAGCCTATG	1
197	196	6	TCGTTGTGCCACTCAAGCCTATGA	1
198	197	6	CGTTGTGCCACTCAAGCCTATGAT	1
199	198	6	GTTGTGCCACTCAAGCCTATGATG	1
200	199	6	TTGTGCCACTCAAGCCTATGATGC	1
201	200	6	TGTGCCACTCAAGCCTATGATGCC	1
202	201	6	GTGCCACTCAAGCCTATGATGCCG	1
203	202	6	TGCCACTCAAGCCTATGATGCCGT	1
204	203	5	GCCACTCAAGCCTATGATGCCGTC	1
205	204	5	CCACTCAAGCCTATGATGCCGTCA	1
206	205	5	CACTCAAGCCTATGATGCCGTCAA	1
207	206	5	ACTCAAGCCTATGATGCCGTCAAG	1
208	207	5	CTCAAGCCTATGATGCCGTCAAGG	1
209	208	5	TCAAGCCTATGATGCCGTCAAGGC	1
210	209	5	CAAGCCTATGATGCCGTCAAGGCC	1
211	210	5	AAGCCTATGATGCCGTCAAGGCCG	1
212	211	4	AGCCTATGATGCCGTCAAGGCCGC	1
213	212	5	GCCTATGATGCCGTCAAGGCCGCT	1
214	213	5	CCTATGATGCCGTCAAGGCCGCTG	1
215	214	5	CTATGATGCCGTCAAGGCCGCTGA	1
216	215	5	TATGATGCCGTCAAGGCCGCTGAG	1
217	216	5	ATGATGCCGTCAAGGCCGCTGAGA	1
218	217	5	TGATGCCGTCAAGGCCGCTGAGAA	1
219	218	5	GATGCCGTCAAGGCCGCTGAGAAG	1
220	219	5	ATGCCGTCAAGGCCGCTGAGAAGC	1
221	220	5	TGCCGTCAAGGCCGCTGAGAAGCG	1
222	221	5	GCCGTCAAGGCCGCTGAGAAGCGC	1
223	222	5	CCGTCAAGGCCGCTGAGAAGCGCA	1
224	223	5	CGTCAAGGCCGCTGAGAAGCGCAA	1
225	224	4	GTCAAGGCCGCTGAGAAGCGCAAT	1
226	225	4	TCAAGGCCGCTGAGAAGCGCAATG	1
227	226	3	CAAGGCCGCTGAGAAGCGCAATGA	1
228	227	3	AAGGCCGCTGAGAAGCGCAATGAA	1
229	228	3	AGGCCGCTGAGAAGCGCAATGAAA	1
230	229	3	GGCCGCTGAGAAGCGCAATGAAAC	1
231	230	2	GCCGCTGAGAAGCGCAATGAAACC	1
232	231	2	CCGCTGAGAAGCGCAATGAAACCA	1
233	232	1	CGCTGAGAAGCGCAATGAAACCAT	1
234	233	1	GCTGAGAAGCGCAATGAAACCATT	1
235	234	1	CTGAGAAGCGCAATGAAACCATTG	1
236	235	1	TGAGAAGCGCAATGAAACCATTGC	1
237	236	1	GAGAAGCGCAATGAAACCATTGCC	1
238	237	1	AGAAGCGCAATGAAACCATTGCCG	1
239	238	1	GAAGCGCAATGAAACCATTGCCGA	1
240	239	1	AAGCGCAATGAAACCATTGCCGAG	1
241	240	1	AGCGCAATGAAACCATTGCCGAGG	1
242	241	1	GCGCAATGAAACCATTGCCGAGGC	1
243	242	2	CGCAATGAAACCATTGCCGAGGCT	1
244	243	2	GCAATGAAACCATTGCCGAGGCTG	1
245	244	2	CAATGAAACCATTGCCGAGGCTGC	1
246	245	2	AATGAAACCATTGCCGAGGCTGCT	1
247	246	2	ATGAAACCATTGCCGAGGCTGCTA	1
248	247	2	TGAAACCATTGCCGAGGCTGCTAG	1
249	248	2	GAAACCATTGCCGAGGCTGCTAGA	1
250	249	2	AAACCATTGCCGAGGCTGCTAGAG	1
251	250	2	AACCATTGCCGAGGCTGCTAGAGC	1
252	251	2	ACCATTGCCGAGGCTGCTAGAGCT	1
253	252	1	CCATTGCCGAGGCTGCTAGAGCTA	1
254	253	1	CATTGCCGAGGCTGCTAGAGCTAA	1
255	254	1	ATTGCCGAGGCTGCTAGAGCTAAG	1
256	255	1	TTGCCGAGGCTGCTAGAGCTAAGG	1
257	256	1	TGCCGAGGCTGCTAGAGCTAAGGA	1
258	257	1	GCCGAGGCTGCTAGAGCTAAGGAA	1
259	258	3	CCGAGGCTGCTAGAGCTAAGGAAA	1
260	259	3	CGAGGCTGCTAGAGCTAAGGAAAA	1
261	260	3	GAGGCTGCTAGAGCTAAGGAAAAT	1
262	261	3	AGGCTGCTAGAGCTAAGGAAAATG	1
263	262	3	GGCTGCTAGAGCTAAGGAAAATGA	1
264	263	3	GCTGCTAGAGCTAAGGAAAATGAG	1
265	264	3	CTGCTAGAGCTAAGGAAAATGAGG	1
266	265	3	TGCTAGAGCTAAGGAAAATGAGGC	1
267	266	3	GCTAGAGCTAAGGAAAATGAGGCC	1
268	267	3	CTAGAGCTAAGGAAAATGAGGCCA	1
269	268	4	TAGAGCTAAGGAAAATGAGGCCAA	1
270	269	4	AGAGCTAAGGAAAATGAGGCCAAG	1
271	270	4	GAGCTAAGGAAAATGAGGCCAAGG	1
272	271	4	AGCTAAGGAAAATGAGGCCAAGGA	1
273	272	4	GCTAAGGAAAATGAGGCCAAGGAC	1
274	273	4	CTAAGGAAAATGAGGCCAAGGACT	1
275	274	4	TAAGGAAAATGAGGCCAAGGACTT	1
276	275	4	AAGGAAAATGAGGCCAAGGACTTG	1
277	276	4	AGGAAAATGAGGCCAAGGACTTGT	1
278	277	4	GGAAAATGAGGCCAAGGACTTGTA	1
279	278	5	GAAAATGAGGCCAAGGACTTGTAT	1
280	279	5	AAAATGAGGCCAAGGACTTGTATA	1
281	280	5	AAATGAGGCCAAGGACTTGTATAG	1
282	281	5	AATGAGGCCAAGGACTTGTATAGC	1
283	282	5	ATGAGGCCAAGGACTTGTATAGCA	1
284	283	5	TGAGGCCAAGGACTTGTATAGCAA	1
285	284	5	GAGGCCAAGGACTTGTATAGCAAG	1
286	285	5	AGGCCAAGGACTTGTATAGCAAGG	1
287	286	4	GGCCAAGGACTTGTATAGCAAGGC	1
288	287	4	GCCAAGGACTTGTATAGCAAGGCC	1
289	288	4	CCAAGGACTTGTATAGCAAGGCCG	1
290	289	4	CAAGGACTTGTATAGCAAGGCCGA	1
291	290	4	AAGGACTTGTATAGCAAGGCCGAA	1
292	291	5	AGGACTTGTATAGCAAGGCCGAAA	1
293	292	6	GGACTTGTATAGCAAGGCCGAAAG	1
294	293	6	GACTTGTATAGCAAGGCCGAAAGC	1
295	294	8	ACTTGTATAGCAAGGCCGAAAGCA	1
296	295	10	CTTGTATAGCAAGGCCGAAAGCAT	1
297	296	11	TTGTATAGCAAGGCCGAAAGCATC	1
298	297	12	TGTATAGCAAGGCCGAAAGCATCA	1
299	298	13	GTATAGCAAGGCCGAAAGCATCAC	1
300	299	13	TATAGCAAGGCCGAAAGCATCACT	1
301	300	13	ATAGCAAGGCCGAAAGCATCACTC	1
302	301	13	TAGCAAGGCCGAAAGCATCACTCA	1
303	302	11	AGCAAGGCCGAAAGCATCACTCAA	1
304	303	12	GCAAGGCCGAAAGCATCACTCAAG	1
305	304	11	CAAGGCCGAAAGCATCACTCAAGA	1
306	305	11	AAGGCCGAAAGCATCACTCAAGAC	1
307	306	12	AGGCCGAAAGCATCACTCAAGACC	1
308	307	12	GGCCGAAAGCATCACTCAAGACCT	1
309	308	12	GCCGAAAGCATCACTCAAGACCTT	1
310	309	13	CCGAAAGCATCACTCAAGACCTTA	1
311	310	13	CGAAAGCATCACTCAAGACCTTAA	1
312	311	13	GAAAGCATCACTCAAGACCTTAAC	1
313	312	13	AAAGCATCACTCAAGACCTTAACG	1
314	313	13	AAGCATCACTCAAGACCTTAACGC	1
315	314	13	AGCATCACTCAAGACCTTAACGCT	1
316	315	13	GCATCACTCAAGACCTTAACGCTA	1
317	316	13	CATCACTCAAGACCTTAACGCTAA	1
318	317	15	ATCACTCAAGACCTTAACGCTAAA	1
319	318	15	TCACTCAAGACCTTAACGCTAAAC	1
320	319	15	CACTCAAGACCTTAACGCTAAACG	1
321	320	15	ACTCAAGACCTTAACGCTAAACGC	1
322	321	16	CTCAAGACCTTAACGCTAAACGCT	1
323	322	15	TCAAGACCTTAACGCTAAACGCTC	1
324	323	15	CAAGACCTTAACGCTAAACGCTCT	1
325	324	16	AAGACCTTAACGCTAAACGCTCTC	1
326	325	16	AGACCTTAACGCTAAACGCTCTCA	1
327	326	16	GACCTTAACGCTAAACGCTCTCAT	1
328	327	16	ACCTTAACGCTAAACGCTCTCATC	1
329	328	16	CCTTAACGCTAAACGCTCTCATCC	1
330	329	17	CTTAACGCTAAACGCTCTCATCCT	1
331	330	17	TTAACGCTAAACGCTCTCATCCTC	1
332	331	17	TAACGCTAAACGCTCTCATCCTCC	1
333	332	17	AACGCTAAACGCTCTCATCCTCCT	1
334	333	17	ACGCTAAACGCTCTCATCCTCCTC	1
335	334	17	CGCTAAACGCTCTCATCCTCCTCA	1
336	335	15	GCTAAACGCTCTCATCCTCCTCAA	1
337	336	15	CTAAACGCTCTCATCCTCCTCAAC	1
338	337	15	TAAACGCTCTCATCCTCCTCAACC	1
339	338	14	AAACGCTCTCATCCTCCTCAACCC	1
340	339	12	AACGCTCTCATCCTCCTCAACCCG	1
341	340	10	ACGCTCTCATCCTCCTCAACCCGC	1
342	341	9	CGCTCTCATCCTCCTCAACCCGCC	1
343	342	8	GCTCTCATCCTCCTCAACCCGCCA	1
344	343	8	CTCTCATCCTCCTCAACCCGCCAA	1
345	344	8	TCTCATCCTCCTCAACCCGCCAAC	1
346	345	7	CTCATCCTCCTCAACCCGCCAACC	1
347	346	6	TCATCCTCCTCAACCCGCCAACCT	1
348	347	6	CATCCTCCTCAACCCGCCAACCTC	1
349	348	6	ATCCTCCTCAACCCGCCAACCTCG	1
350	349	6	TCCTCCTCAACCCGCCAACCTCGA	1
351	350	6	CCTCCTCAACCCGCCAACCTCGAC	1
352	351	6	CTCCTCAACCCGCCAACCTCGACT	1
353	352	6	TCCTCAACCCGCCAACCTCGACTA	1
354	353	6	CCTCAACCCGCCAACCTCGACTAT	1
355	354	6	CTCAACCCGCCAACCTCGACTATA	1
356	355	6	TCAACCCGCCAACCTCGACTATAG	1
357	356	5	CAACCCGCCAACCTCGACTATAGC	1
358	357	5	AACCCGCCAACCTCGACTATAGCT	1
359	358	5	ACCCGCCAACCTCGACTATAGCTC	1
360	359	5	CCCGCCAACCTCGACTATAGCTCT	1
361	360	5	CCGCCAACCTCGACTATAGCTCTG	1
362	361	4	CGCCAACCTCGACTATAGCTCTGC	1
363	362	4	GCCAACCTCGACTATAGCTCTGCC	1
364	363	4	CCAACCTCGACTATAGCTCTGCCA	1
365	364	4	CAACCTCGACTATAGCTCTGCCAT	1
366	365	4	AACCTCGACTATAGCTCTGCCATT	1
367	366	4	ACCTCGACTATAGCTCTGCCATTC	1
368	367	4	CCTCGACTATAGCTCTGCCATTCA	1
369	368	3	CTCGACTATAGCTCTGCCATTCAA	1
370	369	5	TCGACTATAGCTCTGCCATTCAAC	1
371	370	5	CGACTATAGCTCTGCCATTCAACG	1
372	371	5	GACTATAGCTCTGCCATTCAACGG	1
373	372	5	ACTATAGCTCTGCCATTCAACGGG	1
374	373	5	CTATAGCTCTGCCATTCAACGGGC	1
375	374	5	TATAGCTCTGCCATTCAACGGGCA	1
376	375	5	ATAGCTCTGCCATTCAACGGGCAC	1
377	376	5	TAGCTCTGCCATTCAACGGGCACA	1
378	377	5	AGCTCTGCCATTCAACGGGCACAG	1
379	378	5	GCTCTGCCATTCAACGGGCACAGG	1
380	379	5	CTCTGCCATTCAACGGGCACAGGA	1
381	380	4	TCTGCCATTCAACGGGCACAGGAG	1
382	381	4	CTGCCATTCAACGGGCACAGGAGC	1
383	382	6	TGCCATTCAACGGGCACAGGAGCG	1
384	383	6	GCCATTCAACGGGCACAGGAGCGT	1
385	384	6	CCATTCAACGGGCACAGGAGCGTT	1
386	385	11	CATTCAACGGGCACAGGAGCGTTT	1
387	386	11	ATTCAACGGGCACAGGAGCGTTTG	1
388	387	11	TTCAACGGGCACAGGAGCGTTTGA	1
389	388	11	TCAACGGGCACAGGAGCGTTTGAC	1
390	389	11	CAACGGGCACAGGAGCGTTTGACT	1
391	390	11	AACGGGCACAGGAGCGTTTGACTC	1
392	391	11	ACGGGCACAGGAGCGTTTGACTCT	1
393	392	11	CGGGCACAGGAGCGTTTGACTCTC	1
394	393	11	GGGCACAGGAGCGTTTGACTCTCG	1
395	394	11	GGCACAGGAGCGTTTGACTCTCGA	1
396	395	11	GCACAGGAGCGTTTGACTCTCGAG	1
397	396	11	CACAGGAGCGTTTGACTCTCGAGG	1
398	397	11	ACAGGAGCGTTTGACTCTCGAGGA	1
399	398	11	CAGGAGCGTTTGACTCTCGAGGAA	1
400	399	11	AGGAGCGTTTGACTCTCGAGGAAA	1
401	400	11	GGAGCGTTTGACTCTCGAGGAAAG	1
402	401	11	GAGCGTTTGACTCTCGAGGAAAGC	1
403	402	11	AGCGTTTGACTCTCGAGGAAAGCA	1
404	403	11	GCGTTTGACTCTCGAGGAAAGCAA	1
405	404	11	CGTTTGACTCTCGAGGAAAGCAAA	1
406	405	10	GTTTGACTCTCGAGGAAAGCAAAT	1
407	406	10	TTTGACTCTCGAGGAAAGCAAATT	1
408	407	10	TTGACTCTCGAGGAAAGCAAATTG	1
409	408	9	TGACTCTCGAGGAAAGCAAATTGA	1
410	409	9	GACTCTCGAGGAAAGCAAATTGAC	1
411	410	9	ACTCTCGAGGAAAGCAAATTGACT	1
412	411	9	CTCTCGAGGAAAGCAAATTGACTG	1
413	412	9	TCTCGAGGAAAGCAAATTGACTGA	1
414	413	7	CTCGAGGAAAGCAAATTGACTGAC	1
415	414	7	TCGAGGAAAGCAAATTGACTGACT	1
416	415	8	CGAGGAAAGCAAATTGACTGACTT	1
417	416	8	GAGGAAAGCAAATTGACTGACTTG	1
418	417	8	AGGAAAGCAAATTGACTGACTTGC	1
419	418	8	GGAAAGCAAATTGACTGACTTGCG	1
420	419	9	GAAAGCAAATTGACTGACTTGCGC	1
421	420	9	AAAGCAAATTGACTGACTTGCGCA	1
422	421	9	AAGCAAATTGACTGACTTGCGCAC	1
423	422	9	AGCAAATTGACTGACTTGCGCACT	1
424	423	9	GCAAATTGACTGACTTGCGCACTG	1
425	424	10	CAAATTGACTGACTTGCGCACTGC	1
426	425	10	AAATTGACTGACTTGCGCACTGCC	1
427	426	8	AATTGACTGACTTGCGCACTGCCG	1
428	427	8	ATTGACTGACTTGCGCACTGCCGA	1
429	428	8	TTGACTGACTTGCGCACTGCCGAG	1
430	429	3	TGACTGACTTGCGCACTGCCGAGC	1
431	430	3	GACTGACTTGCGCACTGCCGAGCC	1
432	431	3	ACTGACTTGCGCACTGCCGAGCCA	1
433	432	3	CTGACTTGCGCACTGCCGAGCCAT	1
434	433	3	TGACTTGCGCACTGCCGAGCCATC	1
435	434	3	GACTTGCGCACTGCCGAGCCATCC	1
436	435	3	ACTTGCGCACTGCCGAGCCATCCC	1
437	436	3	CTTGCGCACTGCCGAGCCATCCCA	1
438	437	3	TTGCGCACTGCCGAGCCATCCCAG	1
439	438	4	TGCGCACTGCCGAGCCATCCCAGT	1
440	439	4	GCGCACTGCCGAGCCATCCCAGTA	1
441	440	4	CGCACTGCCGAGCCATCCCAGTAT	1
442	441	4	GCACTGCCGAGCCATCCCAGTATG	1
443	442	4	CACTGCCGAGCCATCCCAGTATGT	1
444	443	4	ACTGCCGAGCCATCCCAGTATGTC	1
445	444	4	CTGCCGAGCCATCCCAGTATGTCA	1
446	445	4	TGCCGAGCCATCCCAGTATGTCAA	1
447	446	4	GCCGAGCCATCCCAGTATGTCAAC	1
448	447	4	CCGAGCCATCCCAGTATGTCAACG	1
449	448	4	CGAGCCATCCCAGTATGTCAACGA	1
450	449	5	GAGCCATCCCAGTATGTCAACGAC	1
451	450	6	AGCCATCCCAGTATGTCAACGACG	1
452	451	6	GCCATCCCAGTATGTCAACGACGT	1
453	452	6	CCATCCCAGTATGTCAACGACGTA	1
454	453	6	CATCCCAGTATGTCAACGACGTAG	1
455	454	6	ATCCCAGTATGTCAACGACGTAGA	1
456	455	6	TCCCAGTATGTCAACGACGTAGAG	1
457	456	6	CCCAGTATGTCAACGACGTAGAGG	1
458	457	6	CCAGTATGTCAACGACGTAGAGGT	1
459	458	6	CAGTATGTCAACGACGTAGAGGTT	1
460	459	5	AGTATGTCAACGACGTAGAGGTTG	1
461	460	5	GTATGTCAACGACGTAGAGGTTGC	1
462	461	5	TATGTCAACGACGTAGAGGTTGCA	1
463	462	5	ATGTCAACGACGTAGAGGTTGCAC	1
464	463	4	TGTCAACGACGTAGAGGTTGCACG	1
465	464	4	GTCAACGACGTAGAGGTTGCACGC	1
466	465	4	TCAACGACGTAGAGGTTGCACGCA	1
467	466	3	CAACGACGTAGAGGTTGCACGCAG	1
468	467	3	AACGACGTAGAGGTTGCACGCAGA	1
469	468	2	ACGACGTAGAGGTTGCACGCAGAG	1
470	469	2	CGACGTAGAGGTTGCACGCAGAGC	1
471	470	2	GACGTAGAGGTTGCACGCAGAGCC	1
472	471	2	ACGTAGAGGTTGCACGCAGAGCCC	1
473	472	2	CGTAGAGGTTGCACGCAGAGCCCT	1
474	473	2	GTAGAGGTTGCACGCAGAGCCCTA	1
475	474	2	TAGAGGTTGCACGCAGAGCCCTAC	1
476	475	2	AGAGGTTGCACGCAGAGCCCTACG	1
477	476	2	GAGGTTGCACGCAGAGCCCTACGC	1
478	477	2	AGGTTGCACGCAGAGCCCTACGCG	1
479	478	2	GGTTGCACGCAGAGCCCTACGCGA	1
480	479	2	GTTGCACGCAGAGCCCTACGCGAT	1
481	480	2	TTGCACGCAGAGCCCTACGCGATG	1
482	481	3	TGCACGCAGAGCCCTACGCGATGC	1
483	482	2	GCACGCAGAGCCCTACGCGATGCT	1
484	483	3	CACGCAGAGCCCTACGCGATGCTC	1
485	484	4	ACGCAGAGCCCTACGCGATGCTCA	1
486	485	4	CGCAGAGCCCTACGCGATGCTCAA	1
487	486	4	GCAGAGCCCTACGCGATGCTCAAG	1
488	487	4	CAGAGCCCTACGCGATGCTCAAGC	1
489	488	4	AGAGCCCTACGCGATGCTCAAGCT	1
490	489	4	GAGCCCTACGCGATGCTCAAGCTG	1
491	490	4	AGCCCTACGCGATGCTCAAGCTGA	1
492	491	4	GCCCTACGCGATGCTCAAGCTGAA	1
493	492	4	CCCTACGCGATGCTCAAGCTGAAC	1
494	493	3	CCTACGCGATGCTCAAGCTGAACA	1
495	494	3	CTACGCGATGCTCAAGCTGAACAA	1
496	495	3	TACGCGATGCTCAAGCTGAACAAA	1
497	496	3	ACGCGATGCTCAAGCTGAACAAAG	1
498	497	4	CGCGATGCTCAAGCTGAACAAAGC	1
499	498	4	GCGATGCTCAAGCTGAACAAAGCA	1
500	499	4	CGATGCTCAAGCTGAACAAAGCAA	1
501	500	6	GATGCTCAAGCTGAACAAAGCAAG	1
502	501	6	ATGCTCAAGCTGAACAAAGCAAGG	1
503	502	6	TGCTCAAGCTGAACAAAGCAAGGT	1
504	503	6	GCTCAAGCTGAACAAAGCAAGGTG	1
505	504	7	CTCAAGCTGAACAAAGCAAGGTGG	1
506	505	7	TCAAGCTGAACAAAGCAAGGTGGA	1
507	506	7	CAAGCTGAACAAAGCAAGGTGGAG	1
508	507	7	AAGCTGAACAAAGCAAGGTGGAGA	1
509	508	7	AGCTGAACAAAGCAAGGTGGAGAG	1
510	509	7	GCTGAACAAAGCAAGGTGGAGAGC	1
511	510	7	CTGAACAAAGCAAGGTGGAGAGCG	1
512	511	7	TGAACAAAGCAAGGTGGAGAGCGA	1
513	512	7	GAACAAAGCAAGGTGGAGAGCGAG	1
514	513	8	AACAAAGCAAGGTGGAGAGCGAGT	1
515	514	8	ACAAAGCAAGGTGGAGAGCGAGTA	1
516	515	8	CAAAGCAAGGTGGAGAGCGAGTAC	1
517	516	7	AAAGCAAGGTGGAGAGCGAGTACA	1
518	517	7	AAGCAAGGTGGAGAGCGAGTACAA	1
519	518	7	AGCAAGGTGGAGAGCGAGTACAAC	1
520	519	8	GCAAGGTGGAGAGCGAGTACAACA	1
521	520	8	CAAGGTGGAGAGCGAGTACAACAG	1
522	521	8	AAGGTGGAGAGCGAGTACAACAGT	1
523	522	8	AGGTGGAGAGCGAGTACAACAGTG	1
524	523	8	GGTGGAGAGCGAGTACAACAGTGT	1
525	524	8	GTGGAGAGCGAGTACAACAGTGTT	1
526	525	7	TGGAGAGCGAGTACAACAGTGTTA	1
527	526	8	GGAGAGCGAGTACAACAGTGTTAA	1
528	527	8	GAGAGCGAGTACAACAGTGTTAAG	1
529	528	7	AGAGCGAGTACAACAGTGTTAAGG	1
530	529	7	GAGCGAGTACAACAGTGTTAAGGG	1
531	530	7	AGCGAGTACAACAGTGTTAAGGGT	1
532	531	8	GCGAGTACAACAGTGTTAAGGGTA	1
533	532	8	CGAGTACAACAGTGTTAAGGGTAG	1
534	533	9	GAGTACAACAGTGTTAAGGGTAGC	1
535	534	10	AGTACAACAGTGTTAAGGGTAGCA	1
536	535	10	GTACAACAGTGTTAAGGGTAGCAA	1
537	536	10	TACAACAGTGTTAAGGGTAGCAAA	1
538	537	10	ACAACAGTGTTAAGGGTAGCAAAT	1
539	538	10	CAACAGTGTTAAGGGTAGCAAATT	1
540	539	11	AACAGTGTTAAGGGTAGCAAATTG	1
541	540	11	ACAGTGTTAAGGGTAGCAAATTGT	1
542	541	13	CAGTGTTAAGGGTAGCAAATTGTA	1
543	542	13	AGTGTTAAGGGTAGCAAATTGTAT	1
544	543	13	GTGTTAAGGGTAGCAAATTGTATA	1
545	544	10	TGTTAAGGGTAGCAAATTGTATAC	1
546	545	11	GTTAAGGGTAGCAAATTGTATACC	1
547	546	11	TTAAGGGTAGCAAATTGTATACCA	1
548	547	11	TAAGGGTAGCAAATTGTATACCAC	1
549	548	10	AAGGGTAGCAAATTGTATACCACC	1
550	549	10	AGGGTAGCAAATTGTATACCACCG	1
551	550	10	GGGTAGCAAATTGTATACCACCGA	1
552	551	10	GGTAGCAAATTGTATACCACCGAA	1
553	552	10	GTAGCAAATTGTATACCACCGAAC	1
554	553	10	TAGCAAATTGTATACCACCGAACC	1
555	554	10	AGCAAATTGTATACCACCGAACCC	1
556	555	10	GCAAATTGTATACCACCGAACCCG	1
557	556	10	CAAATTGTATACCACCGAACCCGT	1
558	557	9	AAATTGTATACCACCGAACCCGTT	1
559	558	9	AATTGTATACCACCGAACCCGTTC	1
560	559	9	ATTGTATACCACCGAACCCGTTCA	1
561	560	11	TTGTATACCACCGAACCCGTTCAT	1
562	561	11	TGTATACCACCGAACCCGTTCATC	1
563	562	11	GTATACCACCGAACCCGTTCATCC	1
564	563	10	TATACCACCGAACCCGTTCATCCA	1
565	564	10	ATACCACCGAACCCGTTCATCCAC	1
566	565	10	TACCACCGAACCCGTTCATCCACA	1
567	566	10	ACCACCGAACCCGTTCATCCACAC	1
568	567	10	CCACCGAACCCGTTCATCCACACG	1
569	568	10	CACCGAACCCGTTCATCCACACGC	1
570	569	11	ACCGAACCCGTTCATCCACACGCC	1
571	570	11	CCGAACCCGTTCATCCACACGCCG	1
572	571	10	CGAACCCGTTCATCCACACGCCGT	1
573	572	10	GAACCCGTTCATCCACACGCCGTT	1
574	573	10	AACCCGTTCATCCACACGCCGTTA	1
575	574	10	ACCCGTTCATCCACACGCCGTTAC	1
576	575	9	CCCGTTCATCCACACGCCGTTACC	1
577	576	9	CCGTTCATCCACACGCCGTTACCA	1
578	577	8	CGTTCATCCACACGCCGTTACCAC	1
579	578	10	GTTCATCCACACGCCGTTACCACT	1
580	579	10	TTCATCCACACGCCGTTACCACTA	1
581	580	10	TCATCCACACGCCGTTACCACTAA	1
582	581	10	CATCCACACGCCGTTACCACTAAT	1
583	582	10	ATCCACACGCCGTTACCACTAATG	1
584	583	9	TCCACACGCCGTTACCACTAATGA	1
585	584	9	CCACACGCCGTTACCACTAATGAA	1
586	585	7	CACACGCCGTTACCACTAATGAAC	1
587	586	7	ACACGCCGTTACCACTAATGAACC	1
588	587	7	CACGCCGTTACCACTAATGAACCT	1
589	588	9	ACGCCGTTACCACTAATGAACCTA	1
590	589	9	CGCCGTTACCACTAATGAACCTAC	1
591	590	11	GCCGTTACCACTAATGAACCTACT	1
592	591	11	CCGTTACCACTAATGAACCTACTG	1
593	592	12	CGTTACCACTAATGAACCTACTGA	1
594	593	14	GTTACCACTAATGAACCTACTGAT	1
595	594	14	TTACCACTAATGAACCTACTGATG	1
596	595	14	TACCACTAATGAACCTACTGATGT	1
597	596	14	ACCACTAATGAACCTACTGATGTT	1
598	597	14	CCACTAATGAACCTACTGATGTTA	1
599	598	14	CACTAATGAACCTACTGATGTTAG	1
600	599	15	ACTAATGAACCTACTGATGTTAGT	1
601	600	15	CTAATGAACCTACTGATGTTAGTA	1
602	601	15	TAATGAACCTACTGATGTTAGTAC	1
603	602	15	AATGAACCTACTGATGTTAGTACT	1
604	603	15	ATGAACCTACTGATGTTAGTACTA	1
605	604	13	TGAACCTACTGATGTTAGTACTAA	1
606	605	15	GAACCTACTGATGTTAGTACTAAG	1
607	606	15	AACCTACTGATGTTAGTACTAAGA	1
608	607	16	ACCTACTGATGTTAGTACTAAGAG	1
609	608	16	CCTACTGATGTTAGTACTAAGAGC	1
610	609	17	CTACTGATGTTAGTACTAAGAGCA	1
611	610	17	TACTGATGTTAGTACTAAGAGCAA	1
612	611	17	ACTGATGTTAGTACTAAGAGCAAG	1
613	612	17	CTGATGTTAGTACTAAGAGCAAGT	1
614	613	16	TGATGTTAGTACTAAGAGCAAGTC	1
615	614	16	GATGTTAGTACTAAGAGCAAGTCC	1
616	615	16	ATGTTAGTACTAAGAGCAAGTCCG	1
617	616	16	TGTTAGTACTAAGAGCAAGTCCGC	1
618	617	16	GTTAGTACTAAGAGCAAGTCCGCC	1
619	618	16	TTAGTACTAAGAGCAAGTCCGCCG	1
620	619	15	TAGTACTAAGAGCAAGTCCGCCGC	1
621	620	16	AGTACTAAGAGCAAGTCCGCCGCC	1
622	621	16	GTACTAAGAGCAAGTCCGCCGCCT	1
623	622	13	TACTAAGAGCAAGTCCGCCGCCTA	1
624	623	14	ACTAAGAGCAAGTCCGCCGCCTAT	1
625	624	14	CTAAGAGCAAGTCCGCCGCCTATC	1
626	625	14	TAAGAGCAAGTCCGCCGCCTATCA	1
627	626	14	AAGAGCAAGTCCGCCGCCTATCAC	1
628	627	14	AGAGCAAGTCCGCCGCCTATCACT	1
629	628	16	GAGCAAGTCCGCCGCCTATCACTA	1
630	629	16	AGCAAGTCCGCCGCCTATCACTAT	1
631	630	16	GCAAGTCCGCCGCCTATCACTATC	1
632	631	16	CAAGTCCGCCGCCTATCACTATCC	1
633	632	14	AAGTCCGCCGCCTATCACTATCCT	1
634	633	13	AGTCCGCCGCCTATCACTATCCTG	1
635	634	11	GTCCGCCGCCTATCACTATCCTGC	1
636	635	11	TCCGCCGCCTATCACTATCCTGCC	1
637	636	10	CCGCCGCCTATCACTATCCTGCCA	1
638	637	8	CGCCGCCTATCACTATCCTGCCAC	1
639	638	8	GCCGCCTATCACTATCCTGCCACC	1
640	639	8	CCGCCTATCACTATCCTGCCACCA	1
641	640	8	CGCCTATCACTATCCTGCCACCAC	1
642	641	8	GCCTATCACTATCCTGCCACCACT	1
643	642	8	CCTATCACTATCCTGCCACCACTG	1
644	643	7	CTATCACTATCCTGCCACCACTGA	1
645	644	7	TATCACTATCCTGCCACCACTGAG	1
646	645	7	ATCACTATCCTGCCACCACTGAGA	1
647	646	7	TCACTATCCTGCCACCACTGAGAC	1
648	647	7	CACTATCCTGCCACCACTGAGACT	1
649	648	7	ACTATCCTGCCACCACTGAGACTG	1
650	649	5	CTATCCTGCCACCACTGAGACTGT	1
651	650	5	TATCCTGCCACCACTGAGACTGTT	1
652	651	4	ATCCTGCCACCACTGAGACTGTTT	1
653	652	4	TCCTGCCACCACTGAGACTGTTTC	1
654	653	4	CCTGCCACCACTGAGACTGTTTCA	1
655	654	4	CTGCCACCACTGAGACTGTTTCAA	1
656	655	5	TGCCACCACTGAGACTGTTTCAAG	1
657	656	5	GCCACCACTGAGACTGTTTCAAGC	1
658	657	6	CCACCACTGAGACTGTTTCAAGCA	1
659	658	7	CACCACTGAGACTGTTTCAAGCAA	1
660	659	7	ACCACTGAGACTGTTTCAAGCAAA	1
661	660	7	CCACTGAGACTGTTTCAAGCAAAG	1
662	661	7	CACTGAGACTGTTTCAAGCAAAGC	1
663	662	9	ACTGAGACTGTTTCAAGCAAAGCA	1
664	663	9	CTGAGACTGTTTCAAGCAAAGCAG	1
665	664	9	TGAGACTGTTTCAAGCAAAGCAGC	1
666	665	9	GAGACTGTTTCAAGCAAAGCAGCC	1
667	666	8	AGACTGTTTCAAGCAAAGCAGCCC	1
668	667	8	GACTGTTTCAAGCAAAGCAGCCCG	1
669	668	8	ACTGTTTCAAGCAAAGCAGCCCGC	1
670	669	8	CTGTTTCAAGCAAAGCAGCCCGCT	1
671	670	8	TGTTTCAAGCAAAGCAGCCCGCTC	1
672	671	8	GTTTCAAGCAAAGCAGCCCGCTCT	1
673	672	6	TTTCAAGCAAAGCAGCCCGCTCTG	1
674	673	6	TTCAAGCAAAGCAGCCCGCTCTGC	1
675	674	6	TCAAGCAAAGCAGCCCGCTCTGCC	1
676	675	6	CAAGCAAAGCAGCCCGCTCTGCCA	1
677	676	7	AAGCAAAGCAGCCCGCTCTGCCAC	1
678	677	8	AGCAAAGCAGCCCGCTCTGCCACC	1
679	678	8	GCAAAGCAGCCCGCTCTGCCACCA	1
680	679	8	CAAAGCAGCCCGCTCTGCCACCAC	1
681	680	8	AAAGCAGCCCGCTCTGCCACCACT	1
682	681	8	AAGCAGCCCGCTCTGCCACCACTC	1
683	682	8	AGCAGCCCGCTCTGCCACCACTCC	1
684	683	8	GCAGCCCGCTCTGCCACCACTCCT	1
685	684	8	CAGCCCGCTCTGCCACCACTCCTG	1
686	685	8	AGCCCGCTCTGCCACCACTCCTGC	1
687	686	8	GCCCGCTCTGCCACCACTCCTGCT	1
688	687	9	CCCGCTCTGCCACCACTCCTGCTT	1
689	688	9	CCGCTCTGCCACCACTCCTGCTTA	1
690	689	9	CGCTCTGCCACCACTCCTGCTTAT	1
691	690	9	GCTCTGCCACCACTCCTGCTTATG	1
692	691	9	CTCTGCCACCACTCCTGCTTATGT	1
693	692	10	TCTGCCACCACTCCTGCTTATGTT	1
694	693	10	CTGCCACCACTCCTGCTTATGTTG	1
695	694	10	TGCCACCACTCCTGCTTATGTTGG	1
696	695	10	GCCACCACTCCTGCTTATGTTGGC	1
697	696	10	CCACCACTCCTGCTTATGTTGGCG	1
698	697	11	CACCACTCCTGCTTATGTTGGCGG	1
699	698	11	ACCACTCCTGCTTATGTTGGCGGT	1
700	699	10	CCACTCCTGCTTATGTTGGCGGTG	1
701	700	10	CACTCCTGCTTATGTTGGCGGTGC	1
702	701	7	ACTCCTGCTTATGTTGGCGGTGCC	1
703	702	6	CTCCTGCTTATGTTGGCGGTGCCA	1
704	703	6	TCCTGCTTATGTTGGCGGTGCCAC	1
705	704	6	CCTGCTTATGTTGGCGGTGCCACT	1
706	705	6	CTGCTTATGTTGGCGGTGCCACTA	1
707	706	5	TGCTTATGTTGGCGGTGCCACTAA	1
708	707	5	GCTTATGTTGGCGGTGCCACTAAA	1
709	708	5	CTTATGTTGGCGGTGCCACTAAAA	1
710	709	5	TTATGTTGGCGGTGCCACTAAAAC	1
711	710	6	TATGTTGGCGGTGCCACTAAAACT	1
712	711	6	ATGTTGGCGGTGCCACTAAAACTC	1
713	712	7	TGTTGGCGGTGCCACTAAAACTCC	1
714	713	7	GTTGGCGGTGCCACTAAAACTCCT	1
715	714	7	TTGGCGGTGCCACTAAAACTCCTA	1
716	715	7	TGGCGGTGCCACTAAAACTCCTAG	1
717	716	7	GGCGGTGCCACTAAAACTCCTAGT	1
718	717	7	GCGGTGCCACTAAAACTCCTAGTA	1
719	718	7	CGGTGCCACTAAAACTCCTAGTAC	1
720	719	7	GGTGCCACTAAAACTCCTAGTACG	1
721	720	7	GTGCCACTAAAACTCCTAGTACGA	1
722	721	7	TGCCACTAAAACTCCTAGTACGAC	1
723	722	7	GCCACTAAAACTCCTAGTACGACA	1
724	723	7	CCACTAAAACTCCTAGTACGACAA	1
725	724	7	CACTAAAACTCCTAGTACGACAAA	1
726	725	7	ACTAAAACTCCTAGTACGACAAAG	1
727	726	8	CTAAAACTCCTAGTACGACAAAGG	1
728	727	8	TAAAACTCCTAGTACGACAAAGGC	1
729	728	8	AAAACTCCTAGTACGACAAAGGCT	1
730	729	8	AAACTCCTAGTACGACAAAGGCTG	1
731	730	8	AACTCCTAGTACGACAAAGGCTGT	1
732	731	7	ACTCCTAGTACGACAAAGGCTGTT	1
733	732	7	CTCCTAGTACGACAAAGGCTGTTG	1
734	733	7	TCCTAGTACGACAAAGGCTGTTGA	1
735	734	7	CCTAGTACGACAAAGGCTGTTGAA	1
736	735	8	CTAGTACGACAAAGGCTGTTGAAT	1
737	736	10	TAGTACGACAAAGGCTGTTGAATC	1
738	737	10	AGTACGACAAAGGCTGTTGAATCT	1
739	738	12	GTACGACAAAGGCTGTTGAATCTA	1
740	739	14	TACGACAAAGGCTGTTGAATCTAC	1
741	740	14	ACGACAAAGGCTGTTGAATCTACT	1
742	741	13	CGACAAAGGCTGTTGAATCTACTC	1
743	742	14	GACAAAGGCTGTTGAATCTACTCC	1
744	743	14	ACAAAGGCTGTTGAATCTACTCCC	1
745	744	14	CAAAGGCTGTTGAATCTACTCCCA	1
746	745	15	AAAGGCTGTTGAATCTACTCCCAG	1
747	746	15	AAGGCTGTTGAATCTACTCCCAGC	1
748	747	15	AGGCTGTTGAATCTACTCCCAGCA	1
749	748	16	GGCTGTTGAATCTACTCCCAGCAC	1
750	749	16	GCTGTTGAATCTACTCCCAGCACC	1
751	750	16	CTGTTGAATCTACTCCCAGCACCT	1
752	751	16	TGTTGAATCTACTCCCAGCACCTT	1
753	752	17	GTTGAATCTACTCCCAGCACCTTG	1
754	753	18	TTGAATCTACTCCCAGCACCTTGC	1
755	754	17	TGAATCTACTCCCAGCACCTTGCC	1
756	755	18	GAATCTACTCCCAGCACCTTGCCT	1
757	756	17	AATCTACTCCCAGCACCTTGCCTA	1
758	757	17	ATCTACTCCCAGCACCTTGCCTAC	1
759	758	18	TCTACTCCCAGCACCTTGCCTACT	1
760	759	19	CTACTCCCAGCACCTTGCCTACTT	1
761	760	19	TACTCCCAGCACCTTGCCTACTTC	1
762	761	19	ACTCCCAGCACCTTGCCTACTTCA	1
763	762	21	CTCCCAGCACCTTGCCTACTTCAG	1
764	763	22	TCCCAGCACCTTGCCTACTTCAGC	1
765	764	21	CCCAGCACCTTGCCTACTTCAGCT	1
766	765	20	CCAGCACCTTGCCTACTTCAGCTT	1
767	766	21	CAGCACCTTGCCTACTTCAGCTTC	1
768	767	21	AGCACCTTGCCTACTTCAGCTTCC	1
769	768	21	GCACCTTGCCTACTTCAGCTTCCA	1
770	769	21	CACCTTGCCTACTTCAGCTTCCAC	1
771	770	20	ACCTTGCCTACTTCAGCTTCCACA	1
772	771	20	CCTTGCCTACTTCAGCTTCCACAA	1
773	772	19	CTTGCCTACTTCAGCTTCCACAAA	1
774	773	19	TTGCCTACTTCAGCTTCCACAAAT	1
775	774	19	TGCCTACTTCAGCTTCCACAAATG	1
776	775	19	GCCTACTTCAGCTTCCACAAATGC	1
777	776	21	CCTACTTCAGCTTCCACAAATGCT	1
778	777	21	CTACTTCAGCTTCCACAAATGCTG	1
779	778	21	TACTTCAGCTTCCACAAATGCTGC	1
780	779	20	ACTTCAGCTTCCACAAATGCTGCT	1
781	780	17	CTTCAGCTTCCACAAATGCTGCTG	1
782	781	15	TTCAGCTTCCACAAATGCTGCTGC	1
783	782	15	TCAGCTTCCACAAATGCTGCTGCT	1
784	783	13	CAGCTTCCACAAATGCTGCTGCTA	1
785	784	13	AGCTTCCACAAATGCTGCTGCTAC	1
786	785	13	GCTTCCACAAATGCTGCTGCTACT	1
787	786	13	CTTCCACAAATGCTGCTGCTACTA	1
788	787	13	TTCCACAAATGCTGCTGCTACTAC	1
789	788	13	TCCACAAATGCTGCTGCTACTACT	1
790	789	12	CCACAAATGCTGCTGCTACTACTA	1
791	790	13	CACAAATGCTGCTGCTACTACTAC	1
792	791	13	ACAAATGCTGCTGCTACTACTACC	1
793	792	12	CAAATGCTGCTGCTACTACTACCA	1
794	793	12	AAATGCTGCTGCTACTACTACCAC	1
795	794	12	AATGCTGCTGCTACTACTACCACT	1
796	795	11	ATGCTGCTGCTACTACTACCACTA	1
797	796	11	TGCTGCTGCTACTACTACCACTAA	1
798	797	11	GCTGCTGCTACTACTACCACTAAA	1
799	798	12	CTGCTGCTACTACTACCACTAAAA	1
800	799	11	TGCTGCTACTACTACCACTAAAAA	1
801	800	11	GCTGCTACTACTACCACTAAAAAG	1
802	801	11	CTGCTACTACTACCACTAAAAAGC	1
803	802	10	TGCTACTACTACCACTAAAAAGCC	1
804	803	9	GCTACTACTACCACTAAAAAGCCC	1
805	804	9	CTACTACTACCACTAAAAAGCCCA	1
806	805	9	TACTACTACCACTAAAAAGCCCAA	1
807	806	7	ACTACTACCACTAAAAAGCCCAAG	1
808	807	6	CTACTACCACTAAAAAGCCCAAGG	1
809	808	6	TACTACCACTAAAAAGCCCAAGGC	1
810	809	6	ACTACCACTAAAAAGCCCAAGGCT	1
811	810	6	CTACCACTAAAAAGCCCAAGGCTG	1
812	811	5	TACCACTAAAAAGCCCAAGGCTGC	1
813	812	5	ACCACTAAAAAGCCCAAGGCTGCC	1
814	813	5	CCACTAAAAAGCCCAAGGCTGCCA	1
815	814	5	CACTAAAAAGCCCAAGGCTGCCAA	1
816	815	5	ACTAAAAAGCCCAAGGCTGCCAAA	1
817	816	5	CTAAAAAGCCCAAGGCTGCCAAAT	1
818	817	5	TAAAAAGCCCAAGGCTGCCAAATC	1
819	818	5	AAAAAGCCCAAGGCTGCCAAATCT	1
820	819	5	AAAAGCCCAAGGCTGCCAAATCTA	1
821	820	4	AAAGCCCAAGGCTGCCAAATCTAC	1
822	821	4	AAGCCCAAGGCTGCCAAATCTACT	1
823	822	4	AGCCCAAGGCTGCCAAATCTACTG	1
824	823	5	GCCCAAGGCTGCCAAATCTACTGC	1
825	824	5	CCCAAGGCTGCCAAATCTACTGCT	1
826	825	5	CCAAGGCTGCCAAATCTACTGCTG	1
827	826	5	CAAGGCTGCCAAATCTACTGCTGT	1
828	827	5	AAGGCTGCCAAATCTACTGCTGTA	1
829	828	5	AGGCTGCCAAATCTACTGCTGTAC	1
830	829	5	GGCTGCCAAATCTACTGCTGTACG	1
831	830	6	GCTGCCAAATCTACTGCTGTACGT	1
832	831	6	CTGCCAAATCTACTGCTGTACGTG	1
833	832	6	TGCCAAATCTACTGCTGTACGTGA	1
834	833	6	GCCAAATCTACTGCTGTACGTGAT	1
835	834	7	CCAAATCTACTGCTGTACGTGATG	1
836	835	7	CAAATCTACTGCTGTACGTGATGA	1
837	836	8	AAATCTACTGCTGTACGTGATGAT	1
838	837	8	AATCTACTGCTGTACGTGATGATG	1
839	838	8	ATCTACTGCTGTACGTGATGATGT	1
840	839	9	TCTACTGCTGTACGTGATGATGTT	1
841	840	9	CTACTGCTGTACGTGATGATGTTT	1
842	841	9	TACTGCTGTACGTGATGATGTTTC	1
843	842	8	ACTGCTGTACGTGATGATGTTTCT	1
844	843	8	CTGCTGTACGTGATGATGTTTCTT	1
845	844	9	TGCTGTACGTGATGATGTTTCTTC	1
846	845	9	GCTGTACGTGATGATGTTTCTTCT	1
847	846	9	CTGTACGTGATGATGTTTCTTCTG	1
848	847	9	TGTACGTGATGATGTTTCTTCTGC	1
849	848	8	GTACGTGATGATGTTTCTTCTGCT	1
850	849	8	TACGTGATGATGTTTCTTCTGCTT	1
851	850	8	ACGTGATGATGTTTCTTCTGCTTC	1
852	851	8	CGTGATGATGTTTCTTCTGCTTCT	1
853	852	8	GTGATGATGTTTCTTCTGCTTCTT	1
854	853	8	TGATGATGTTTCTTCTGCTTCTTC	1
855	854	7	GATGATGTTTCTTCTGCTTCTTCG	1
856	855	7	ATGATGTTTCTTCTGCTTCTTCGG	1
857	856	7	TGATGTTTCTTCTGCTTCTTCGGA	1
858	857	7	GATGTTTCTTCTGCTTCTTCGGAT	1
859	858	6	ATGTTTCTTCTGCTTCTTCGGATA	1
860	859	6	TGTTTCTTCTGCTTCTTCGGATAG	1
861	860	6	GTTTCTTCTGCTTCTTCGGATAGC	1
862	861	6	TTTCTTCTGCTTCTTCGGATAGCG	1
863	862	6	TTCTTCTGCTTCTTCGGATAGCGA	1
864	863	6	TCTTCTGCTTCTTCGGATAGCGAC	1
865	864	6	CTTCTGCTTCTTCGGATAGCGACA	1
866	865	6	TTCTGCTTCTTCGGATAGCGACAA	1
867	866	6	TCTGCTTCTTCGGATAGCGACAAG	1
868	867	5	CTGCTTCTTCGGATAGCGACAAGG	1
869	868	5	TGCTTCTTCGGATAGCGACAAGGG	1
870	869	5	GCTTCTTCGGATAGCGACAAGGGT	1
871	870	7	CTTCTTCGGATAGCGACAAGGGTA	1
872	871	7	TTCTTCGGATAGCGACAAGGGTAC	1
873	872	7	TCTTCGGATAGCGACAAGGGTACC	1
874	873	7	CTTCGGATAGCGACAAGGGTACCA	1
875	874	6	TTCGGATAGCGACAAGGGTACCAC	1
876	875	6	TCGGATAGCGACAAGGGTACCACC	1
877	876	6	CGGATAGCGACAAGGGTACCACCG	1
878	877	6	GGATAGCGACAAGGGTACCACCGG	1
879	878	5	GATAGCGACAAGGGTACCACCGGT	1
880	879	5	ATAGCGACAAGGGTACCACCGGTT	1
881	880	4	TAGCGACAAGGGTACCACCGGTTT	1
882	881	4	AGCGACAAGGGTACCACCGGTTTG	1
883	882	3	GCGACAAGGGTACCACCGGTTTGG	1
884	883	4	CGACAAGGGTACCACCGGTTTGGG	1
885	884	4	GACAAGGGTACCACCGGTTTGGGC	1
886	885	4	ACAAGGGTACCACCGGTTTGGGCA	1
887	886	4	CAAGGGTACCACCGGTTTGGGCAA	1
888	887	7	AAGGGTACCACCGGTTTGGGCAAA	1
889	888	6	AGGGTACCACCGGTTTGGGCAAAT	1
890	889	6	GGGTACCACCGGTTTGGGCAAATC	1
891	890	6	GGTACCACCGGTTTGGGCAAATCT	1
892	891	6	GTACCACCGGTTTGGGCAAATCTG	1
893	892	6	TACCACCGGTTTGGGCAAATCTGA	1
894	893	6	ACCACCGGTTTGGGCAAATCTGAA	1
895	894	6	CCACCGGTTTGGGCAAATCTGAAA	1
896	895	6	CACCGGTTTGGGCAAATCTGAAAG	1
897	896	8	ACCGGTTTGGGCAAATCTGAAAGC	1
898	897	9	CCGGTTTGGGCAAATCTGAAAGCA	1
899	898	10	CGGTTTGGGCAAATCTGAAAGCAA	1
900	899	10	GGTTTGGGCAAATCTGAAAGCAAA	1
901	900	10	GTTTGGGCAAATCTGAAAGCAAAA	1
902	901	10	TTTGGGCAAATCTGAAAGCAAAAG	1
903	902	10	TTGGGCAAATCTGAAAGCAAAAGT	1
904	903	10	TGGGCAAATCTGAAAGCAAAAGTT	1
905	904	10	GGGCAAATCTGAAAGCAAAAGTTC	1
906	905	10	GGCAAATCTGAAAGCAAAAGTTCC	1
907	906	10	GCAAATCTGAAAGCAAAAGTTCCC	1
908	907	10	CAAATCTGAAAGCAAAAGTTCCCG	1
909	908	10	AAATCTGAAAGCAAAAGTTCCCGC	1
910	909	10	AATCTGAAAGCAAAAGTTCCCGCA	1
911	910	10	ATCTGAAAGCAAAAGTTCCCGCAA	1
912	911	10	TCTGAAAGCAAAAGTTCCCGCAAG	1
913	912	10	CTGAAAGCAAAAGTTCCCGCAAGG	1
914	913	10	TGAAAGCAAAAGTTCCCGCAAGGA	1
915	914	9	GAAAGCAAAAGTTCCCGCAAGGAA	1
916	915	9	AAAGCAAAAGTTCCCGCAAGGAAC	1
917	916	9	AAGCAAAAGTTCCCGCAAGGAACG	1
918	917	9	AGCAAAAGTTCCCGCAAGGAACGT	1
919	918	9	GCAAAAGTTCCCGCAAGGAACGTA	1
920	919	9	CAAAAGTTCCCGCAAGGAACGTAG	1
921	920	9	AAAAGTTCCCGCAAGGAACGTAGA	1
922	921	9	AAAGTTCCCGCAAGGAACGTAGAA	1
923	922	9	AAGTTCCCGCAAGGAACGTAGAAG	1
924	923	9	AGTTCCCGCAAGGAACGTAGAAGC	1
925	924	9	GTTCCCGCAAGGAACGTAGAAGCA	1
926	925	9	TTCCCGCAAGGAACGTAGAAGCAG	1
927	926	9	TCCCGCAAGGAACGTAGAAGCAGC	1
928	927	8	CCCGCAAGGAACGTAGAAGCAGCA	1
929	928	8	CCGCAAGGAACGTAGAAGCAGCAC	1
930	929	8	CGCAAGGAACGTAGAAGCAGCACC	1
931	930	8	GCAAGGAACGTAGAAGCAGCACCA	1
932	931	6	CAAGGAACGTAGAAGCAGCACCAG	1
933	932	7	AAGGAACGTAGAAGCAGCACCAGC	1
934	933	7	AGGAACGTAGAAGCAGCACCAGCA	1
935	934	7	GGAACGTAGAAGCAGCACCAGCAG	1
936	935	8	GAACGTAGAAGCAGCACCAGCAGC	1
937	936	8	AACGTAGAAGCAGCACCAGCAGCG	1
938	937	8	ACGTAGAAGCAGCACCAGCAGCGG	1
939	938	8	CGTAGAAGCAGCACCAGCAGCGGT	1
940	939	8	GTAGAAGCAGCACCAGCAGCGGTC	1
941	940	7	TAGAAGCAGCACCAGCAGCGGTCA	1
942	941	6	AGAAGCAGCACCAGCAGCGGTCAT	1
943	942	5	GAAGCAGCACCAGCAGCGGTCATG	1
944	943	5	AAGCAGCACCAGCAGCGGTCATGG	1
945	944	6	AGCAGCACCAGCAGCGGTCATGGC	1
946	945	6	GCAGCACCAGCAGCGGTCATGGCT	1
947	946	6	CAGCACCAGCAGCGGTCATGGCTT	1
948	947	6	AGCACCAGCAGCGGTCATGGCTTG	1
949	948	9	GCACCAGCAGCGGTCATGGCTTGA	1
950	949	9	CACCAGCAGCGGTCATGGCTTGAT	1
951	950	9	ACCAGCAGCGGTCATGGCTTGATG	1
952	951	10	CCAGCAGCGGTCATGGCTTGATGA	1
953	952	10	CAGCAGCGGTCATGGCTTGATGAA	1
954	953	10	AGCAGCGGTCATGGCTTGATGAAC	1
955	954	10	GCAGCGGTCATGGCTTGATGAACA	1
956	955	10	CAGCGGTCATGGCTTGATGAACAA	1
957	956	10	AGCGGTCATGGCTTGATGAACAAT	1
958	957	10	GCGGTCATGGCTTGATGAACAATG	1
959	958	9	CGGTCATGGCTTGATGAACAATGT	1
960	959	9	GGTCATGGCTTGATGAACAATGTT	1
961	960	9	GTCATGGCTTGATGAACAATGTTC	1
962	961	9	TCATGGCTTGATGAACAATGTTCG	1
963	962	9	CATGGCTTGATGAACAATGTTCGT	1
964	963	9	ATGGCTTGATGAACAATGTTCGTC	1
965	964	8	TGGCTTGATGAACAATGTTCGTCA	1
966	965	8	GGCTTGATGAACAATGTTCGTCAT	1
967	966	8	GCTTGATGAACAATGTTCGTCATG	1
968	967	8	CTTGATGAACAATGTTCGTCATGC	1
969	968	8	TTGATGAACAATGTTCGTCATGCC	1
970	969	8	TGATGAACAATGTTCGTCATGCCT	1
971	970	8	GATGAACAATGTTCGTCATGCCTT	1
972	971	8	ATGAACAATGTTCGTCATGCCTTG	1
973	972	8	TGAACAATGTTCGTCATGCCTTGG	1
974	973	8	GAACAATGTTCGTCATGCCTTGGG	1
975	974	8	AACAATGTTCGTCATGCCTTGGGT	1
976	975	8	ACAATGTTCGTCATGCCTTGGGTA	1
977	976	7	CAATGTTCGTCATGCCTTGGGTAT	1
978	977	7	AATGTTCGTCATGCCTTGGGTATG	1
979	978	7	ATGTTCGTCATGCCTTGGGTATGT	1
980	979	6	TGTTCGTCATGCCTTGGGTATGTC	1
981	980	6	GTTCGTCATGCCTTGGGTATGTCC	1
982	981	6	TTCGTCATGCCTTGGGTATGTCCA	1
983	982	6	TCGTCATGCCTTGGGTATGTCCAA	1
984	983	7	CGTCATGCCTTGGGTATGTCCAAC	1
985	984	6	GTCATGCCTTGGGTATGTCCAACA	1
986	985	6	TCATGCCTTGGGTATGTCCAACAA	1
987	986	6	CATGCCTTGGGTATGTCCAACAAG	1
988	987	6	ATGCCTTGGGTATGTCCAACAAGT	1
989	988	6	TGCCTTGGGTATGTCCAACAAGTA	1
990	989	7	GCCTTGGGTATGTCCAACAAGTAA	1
991	990	7	CCTTGGGTATGTCCAACAAGTAAA	1
992	991	7	CTTGGGTATGTCCAACAAGTAAAG	1
993	992	4	TTGGGTATGTCCAACAAGTAAAGG	1
994	993	4	TGGGTATGTCCAACAAGTAAAGGG	1
995	994	4	GGGTATGTCCAACAAGTAAAGGGA	1
996	995	3	GGTATGTCCAACAAGTAAAGGGAA	1
997	996	3	GTATGTCCAACAAGTAAAGGGAAT	1
998	997	3	TATGTCCAACAAGTAAAGGGAATA	1
999	998	4	ATGTCCAACAAGTAAAGGGAATAC	1
1000	999	4	TGTCCAACAAGTAAAGGGAATACT	1
1001	1000	4	GTCCAACAAGTAAAGGGAATACTT	1
1002	1001	4	TCCAACAAGTAAAGGGAATACTTG	1
1003	1002	4	CCAACAAGTAAAGGGAATACTTGC	1
1004	1003	4	CAACAAGTAAAGGGAATACTTGCA	1
1005	1004	4	AACAAGTAAAGGGAATACTTGCAA	1
1006	1005	4	ACAAGTAAAGGGAATACTTGCAAT	1
1007	1006	4	CAAGTAAAGGGAATACTTGCAATA	1
1008	1007	4	AAGTAAAGGGAATACTTGCAATAT	1
1009	1008	4	AGTAAAGGGAATACTTGCAATATC	1
1010	1009	4	GTAAAGGGAATACTTGCAATATCA	1
1011	1010	4	TAAAGGGAATACTTGCAATATCAA	1
1012	1011	4	AAAGGGAATACTTGCAATATCAAA	1
1013	1012	4	AAGGGAATACTTGCAATATCAAAA	1
1014	1013	4	AGGGAATACTTGCAATATCAAAAT	1
1015	1014	4	GGGAATACTTGCAATATCAAAATT	1
1016	1015	4	GGAATACTTGCAATATCAAAATTT	1
1017	1016	5	GAATACTTGCAATATCAAAATTTT	1
1018	1017	5	AATACTTGCAATATCAAAATTTTT	1
1019	1018	5	ATACTTGCAATATCAAAATTTTTG	1
1020	1019	4	TACTTGCAATATCAAAATTTTTGG	1
1021	1020	3	ACTTGCAATATCAAAATTTTTGGA	1
1022	1021	3	CTTGCAATATCAAAATTTTTGGAC	1
1023	1022	3	TTGCAATATCAAAATTTTTGGACG	1
1024	1023	3	TGCAATATCAAAATTTTTGGACGT	1
1025	1024	3	GCAATATCAAAATTTTTGGACGTA	1
1026	1025	3	CAATATCAAAATTTTTGGACGTAA	1
1027	1026	3	AATATCAAAATTTTTGGACGTAAC	1
1028	1027	2	ATATCAAAATTTTTGGACGTAACC	1
1029	1028	2	TATCAAAATTTTTGGACGTAACCT	1
1030	1029	2	ATCAAAATTTTTGGACGTAACCTT	1
1031	1030	2	TCAAAATTTTTGGACGTAACCTTC	1
1032	1031	1	CAAAATTTTTGGACGTAACCTTCA	1
1033	1032	1	AAAATTTTTGGACGTAACCTTCAT	1
1034	1033	1	AAATTTTTGGACGTAACCTTCATT	1
1035	1034	1	AATTTTTGGACGTAACCTTCATTA	1
1036	1035	1	ATTTTTGGACGTAACCTTCATTAT	1
1037	1036	1	TTTTTGGACGTAACCTTCATTATC	1
1038	1037	1	TTTTGGACGTAACCTTCATTATCT	1
1039	1038	1	TTTGGACGTAACCTTCATTATCTC	1
1040	1039	1	TTGGACGTAACCTTCATTATCTCG	1
1041	1040	1	TGGACGTAACCTTCATTATCTCGT	1
1042	1041	1	GGACGTAACCTTCATTATCTCGTG	1
1043	1020	1	ACTTGCAATATCAAAATTTTTGGG	1
1044	1043	1	CTTGCAATATCAAAATTTTTGGGC	1
1045	1044	1	TTGCAATATCAAAATTTTTGGGCG	1
1046	1045	1	TGCAATATCAAAATTTTTGGGCGT	1
1047	1046	1	GCAATATCAAAATTTTTGGGCGTA	1
1048	1047	1	CAATATCAAAATTTTTGGGCGTAA	1
1049	1048	1	AATATCAAAATTTTTGGGCGTAAC	1
1050	1049	1	ATATCAAAATTTTTGGGCGTAACC	1
1051	1050	1	TATCAAAATTTTTGGGCGTAACCT	1
1052	1051	1	ATCAAAATTTTTGGGCGTAACCTT	1
1053	1052	1	TCAAAATTTTTGGGCGTAACCTTC	1
1054	1053	1	CAAAATTTTTGGGCGTAACCTTCA	1
1055	1054	1	AAAATTTTTGGGCGTAACCTTCAT	1
1056	1055	1	AAATTTTTGGGCGTAACCTTCATT	1
1057	1056	1	AATTTTTGGGCGTAACCTTCATTA	1
1058	1057	1	ATTTTTGGGCGTAACCTTCATTAT	1
1059	1058	1	TTTTTGGGCGTAACCTTCATTATC	1
1060	1059	1	TTTTGGGCGTAACCTTCATTATCT	1
1061	1060	1	TTTGGGCGTAACCTTCATTATCTC	1
1062	1061	1	TTGGGCGTAACCTTCATTATCTCG	1
1063	1062	1	TGGGCGTAACCTTCATTATCTCGT	1
1064	1063	1	GGGCGTAACCTTCATTATCTCGTG	1
1065	1064	1	GGCGTAACCTTCATTATCTCGTGA	1
1066	1065	1	GCGTAACCTTCATTATCTCGTGAA	1
1067	1066	1	CGTAACCTTCATTATCTCGTGAAT	1
1068	1067	1	GTAACCTTCATTATCTCGTGAATC	1
1069	1068	1	TAACCTTCATTATCTCGTGAATCC	1
1070	1069	1	AACCTTCATTATCTCGTGAATCCG	1
1071	1070	1	ACCTTCATTATCTCGTGAATCCGT	1
1072	1071	1	CCTTCATTATCTCGTGAATCCGTT	1
1073	1072	1	CTTCATTATCTCGTGAATCCGTTA	1
1074	1073	1	TTCATTATCTCGTGAATCCGTTAT	1
1075	1074	1	TCATTATCTCGTGAATCCGTTATG	1
1076	1075	3	CATTATCTCGTGAATCCGTTATGA	1
1077	1076	3	ATTATCTCGTGAATCCGTTATGAA	1
1078	1077	3	TTATCTCGTGAATCCGTTATGAAA	1
1079	1078	3	TATCTCGTGAATCCGTTATGAAAA	1
1080	1079	3	ATCTCGTGAATCCGTTATGAAAAA	1
1081	1080	3	TCTCGTGAATCCGTTATGAAAAAA	1
1082	1081	4	CTCGTGAATCCGTTATGAAAAAAG	1
1083	1082	3	TCGTGAATCCGTTATGAAAAAAGG	1
1084	1083	3	CGTGAATCCGTTATGAAAAAAGGT	1
1085	1084	3	GTGAATCCGTTATGAAAAAAGGTT	1
1086	1085	3	TGAATCCGTTATGAAAAAAGGTTT	1
1087	1086	4	GAATCCGTTATGAAAAAAGGTTTT	1
1088	1087	6	AATCCGTTATGAAAAAAGGTTTTT	1
1089	1088	9	ATCCGTTATGAAAAAAGGTTTTTA	1
1090	1089	16	TCCGTTATGAAAAAAGGTTTTTAT	1
1091	1090	16	CCGTTATGAAAAAAGGTTTTTATT	1
1092	1091	16	CGTTATGAAAAAAGGTTTTTATTG	1
1093	1092	17	GTTATGAAAAAAGGTTTTTATTGT	1
1094	1093	18	TTATGAAAAAAGGTTTTTATTGTA	1
1095	1094	18	TATGAAAAAAGGTTTTTATTGTAT	1
1096	1095	18	ATGAAAAAAGGTTTTTATTGTATG	1
1097	1096	18	TGAAAAAAGGTTTTTATTGTATGG	1
1098	1097	18	GAAAAAAGGTTTTTATTGTATGGT	1
1099	1098	18	AAAAAAGGTTTTTATTGTATGGTT	1
1100	1099	18	AAAAAGGTTTTTATTGTATGGTTC	1
1101	1100	18	AAAAGGTTTTTATTGTATGGTTCT	1
1102	1101	18	AAAGGTTTTTATTGTATGGTTCTT	1
1103	1102	18	AAGGTTTTTATTGTATGGTTCTTA	1
1104	1103	18	AGGTTTTTATTGTATGGTTCTTAT	1
1105	1104	18	GGTTTTTATTGTATGGTTCTTATT	1
1106	1105	18	GTTTTTATTGTATGGTTCTTATTT	1
1107	1106	18	TTTTTATTGTATGGTTCTTATTTG	1
1108	1107	18	TTTTATTGTATGGTTCTTATTTGA	1
1109	1108	18	TTTATTGTATGGTTCTTATTTGAA	1
1110	1109	18	TTATTGTATGGTTCTTATTTGAAA	1
1111	1110	18	TATTGTATGGTTCTTATTTGAAAA	1
1112	1111	18	ATTGTATGGTTCTTATTTGAAAAA	1
1113	1112	18	TTGTATGGTTCTTATTTGAAAAAA	1
1114	1113	18	TGTATGGTTCTTATTTGAAAAAAA	1
1115	1114	18	GTATGGTTCTTATTTGAAAAAAAG	1
1116	1115	18	TATGGTTCTTATTTGAAAAAAAGG	1
1117	1116	18	ATGGTTCTTATTTGAAAAAAAGGG	1
1118	1117	18	TGGTTCTTATTTGAAAAAAAGGGA	1
1119	1118	18	GGTTCTTATTTGAAAAAAAGGGAC	1
1120	1119	16	GTTCTTATTTGAAAAAAAGGGACG	1
1121	1120	16	TTCTTATTTGAAAAAAAGGGACGA	1
1122	1121	16	TCTTATTTGAAAAAAAGGGACGAC	1
1123	1122	16	CTTATTTGAAAAAAAGGGACGACA	1
1124	1123	16	TTATTTGAAAAAAAGGGACGACAA	1
1125	1124	16	TATTTGAAAAAAAGGGACGACAAC	1
1126	1125	15	ATTTGAAAAAAAGGGACGACAACT	1
1127	1126	15	TTTGAAAAAAAGGGACGACAACTT	1
1128	1127	15	TTGAAAAAAAGGGACGACAACTTT	1
1129	1128	15	TGAAAAAAAGGGACGACAACTTTT	1
1130	1129	15	GAAAAAAAGGGACGACAACTTTTT	1
1131	1130	12	AAAAAAAGGGACGACAACTTTTTG	1
1132	1131	9	AAAAAAGGGACGACAACTTTTTGA	1
1133	1132	8	AAAAAGGGACGACAACTTTTTGAG	1
1134	1133	1	AAAAGGGACGACAACTTTTTGAGG	1
1135	1134	1	AAAGGGACGACAACTTTTTGAGGG	1
1136	1135	1	AAGGGACGACAACTTTTTGAGGGG	1
1137	-1	0	CAGGTCGAAATGGTGAAGCGCGAG	1
1138	1137	1	AGGTCGAAATGGTGAAGCGCGAGA	1
1139	1138	1	GGTCGAAATGGTGAAGCGCGAGAT	1
1140	1139	1	GTCGAAATGGTGAAGCGCGAGATT	1
1141	1140	1	TCGAAATGGTGAAGCGCGAGATTA	1
1142	1141	1	CGAAATGGTGAAGCGCGAGATTAA	1
1143	1142	1	GAAATGGTGAAGCGCGAGATTAAC	1
1144	1143	1	AAATGGTGAAGCGCGAGATTAACT	1
1145	1144	1	AATGGTGAAGCGCGAGATTAACTC	1
1146	1145	1	ATGGTGAAGCGCGAGATTAACTCG	1
1147	1146	1	TGGTGAAGCGCGAGATTAACTCGG	1
1148	1147	1	GGTGAAGCGCGAGATTAACTCGGA	1
1149	1148	2	GTGAAGCGCGAGATTAACTCGGAA	1
1150	1149	2	TGAAGCGCGAGATTAACTCGGAAA	1
1151	1150	3	GAAGCGCGAGATTAACTCGGAAAT	1
1152	1151	3	AAGCGCGAGATTAACTCGGAAATC	1
1153	1152	3	AGCGCGAGATTAACTCGGAAATCG	1
1154	1153	3	GCGCGAGATTAACTCGGAAATCGA	1
1155	1154	3	CGCGAGATTAACTCGGAAATCGAC	1
1156	1155	4	GCGAGATTAACTCGGAAATCGACG	1
1157	1156	4	CGAGATTAACTCGGAAATCGACGT	1
1158	1157	4	GAGATTAACTCGGAAATCGACGTT	1
1159	1158	4	AGATTAACTCGGAAATCGACGTTT	1
1160	1159	4	GATTAACTCGGAAATCGACGTTTA	1
1161	1160	4	ATTAACTCGGAAATCGACGTTTAC	1
1162	1161	4	TTAACTCGGAAATCGACGTTTACA	1
1163	1162	4	TAACTCGGAAATCGACGTTTACAG	1
1164	1163	4	AACTCGGAAATCGACGTTTACAGA	1
1165	1164	4	ACTCGGAAATCGACGTTTACAGAA	1
1166	1165	4	CTCGGAAATCGACGTTTACAGAAG	1
1167	1166	4	TCGGAAATCGACGTTTACAGAAGC	1
1168	1167	4	CGGAAATCGACGTTTACAGAAGCA	1
1169	1168	4	GGAAATCGACGTTTACAGAAGCAG	1
1170	1169	4	GAAATCGACGTTTACAGAAGCAGC	1
1171	1170	4	AAATCGACGTTTACAGAAGCAGCG	1
1172	1171	4	AATCGACGTTTACAGAAGCAGCGT	1
1173	1172	4	ATCGACGTTTACAGAAGCAGCGTC	1
1174	1173	4	TCGACGTTTACAGAAGCAGCGTCG	1
1175	1174	4	CGACGTTTACAGAAGCAGCGTCGA	1
1176	1175	4	GACGTTTACAGAAGCAGCGTCGAA	1
1177	1176	5	ACGTTTACAGAAGCAGCGTCGAAA	1
1178	1177	5	CGTTTACAGAAGCAGCGTCGAAAA	1
1179	1178	5	GTTTACAGAAGCAGCGTCGAAAAG	1
1180	1179	5	TTTACAGAAGCAGCGTCGAAAAGA	1
1181	1180	5	TTACAGAAGCAGCGTCGAAAAGAC	1
1182	1181	4	TACAGAAGCAGCGTCGAAAAGACC	1
1183	1182	4	ACAGAAGCAGCGTCGAAAAGACCA	1
1184	1183	4	CAGAAGCAGCGTCGAAAAGACCAA	1
1185	1184	4	AGAAGCAGCGTCGAAAAGACCAAG	1
1186	1185	3	GAAGCAGCGTCGAAAAGACCAAGG	1
1187	1186	3	AAGCAGCGTCGAAAAGACCAAGGC	1
1188	1187	3	AGCAGCGTCGAAAAGACCAAGGCC	1
1189	1188	3	GCAGCGTCGAAAAGACCAAGGCCG	1
1190	1189	3	CAGCGTCGAAAAGACCAAGGCCGA	1
1191	1190	3	AGCGTCGAAAAGACCAAGGCCGAG	1
1192	1191	3	GCGTCGAAAAGACCAAGGCCGAGC	1
1193	1192	3	CGTCGAAAAGACCAAGGCCGAGCT	1
1194	1193	3	GTCGAAAAGACCAAGGCCGAGCTT	1
1195	1194	2	TCGAAAAGACCAAGGCCGAGCTTG	1
1196	1195	2	CGAAAAGACCAAGGCCGAGCTTGC	1
1197	1196	2	GAAAAGACCAAGGCCGAGCTTGCT	1
1198	1197	2	AAAAGACCAAGGCCGAGCTTGCTA	1
1199	1198	2	AAAGACCAAGGCCGAGCTTGCTAG	1
1200	1199	1	AAGACCAAGGCCGAGCTTGCTAGC	1
1201	1200	1	AGACCAAGGCCGAGCTTGCTAGCT	1
1202	1201	1	GACCAAGGCCGAGCTTGCTAGCTA	1
1203	1202	1	ACCAAGGCCGAGCTTGCTAGCTAT	1
1204	1203	1	CCAAGGCCGAGCTTGCTAGCTATC	1
1205	1204	1	CAAGGCCGAGCTTGCTAGCTATCA	1
1206	1205	1	AAGGCCGAGCTTGCTAGCTATCAA	1
1207	1206	1	AGGCCGAGCTTGCTAGCTATCAAA	1
1208	1207	1	GGCCGAGCTTGCTAGCTATCAAAA	1
1209	1208	1	GCCGAGCTTGCTAGCTATCAAAAG	1
1210	1209	2	CCGAGCTTGCTAGCTATCAAAAGG	1
1211	1210	2	CGAGCTTGCTAGCTATCAAAAGGG	1
1212	1211	2	GAGCTTGCTAGCTATCAAAAGGGT	1
1213	1212	2	AGCTTGCTAGCTATCAAAAGGGTC	1
1214	1213	2	GCTTGCTAGCTATCAAAAGGGTCT	1
1215	1214	2	CTTGCTAGCTATCAAAAGGGTCTT	1
1216	1215	2	TTGCTAGCTATCAAAAGGGTCTTC	1
1217	1216	2	TGCTAGCTATCAAAAGGGTCTTCC	1
1218	1217	2	GCTAGCTATCAAAAGGGTCTTCCC	1
1219	1218	2	CTAGCTATCAAAAGGGTCTTCCCT	1
1220	1219	2	TAGCTATCAAAAGGGTCTTCCCTC	1
1221	1220	1	AGCTATCAAAAGGGTCTTCCCTCT	1
1222	1221	1	GCTATCAAAAGGGTCTTCCCTCTC	1
1223	1222	1	CTATCAAAAGGGTCTTCCCTCTCA	1
1224	1223	1	TATCAAAAGGGTCTTCCCTCTCAA	1
1225	1224	1	ATCAAAAGGGTCTTCCCTCTCAAA	1
1226	1225	1	TCAAAAGGGTCTTCCCTCTCAAAA	1
1227	1226	1	CAAAAGGGTCTTCCCTCTCAAAAG	1
1228	1227	1	AAAAGGGTCTTCCCTCTCAAAAGG	1
1229	1228	1	AAAGGGTCTTCCCTCTCAAAAGGA	1
1230	1229	1	AAGGGTCTTCCCTCTCAAAAGGAG	1
1231	1230	1	AGGGTCTTCCCTCTCAAAAGGAGG	1
1232	1231	1	GGGTCTTCCCTCTCAAAAGGAGGC	1
1233	1232	1	GGTCTTCCCTCTCAAAAGGAGGCT	1
1234	1233	1	GTCTTCCCTCTCAAAAGGAGGCTT	1
1235	1234	1	TCTTCCCTCTCAAAAGGAGGCTTG	1
1236	1235	1	CTTCCCTCTCAAAAGGAGGCTTGC	1
1237	1236	1	TTCCCTCTCAAAAGGAGGCTTGCG	1
1238	1237	1	TCCCTCTCAAAAGGAGGCTTGCGA	1
1239	1238	1	CCCTCTCAAAAGGAGGCTTGCGAT	1
1240	1239	1	CCTCTCAAAAGGAGGCTTGCGATC	1
1241	1240	1	CTCTCAAAAGGAGGCTTGCGATCG	1
1242	1241	1	TCTCAAAAGGAGGCTTGCGATCGC	1
1243	1242	1	CTCAAAAGGAGGCTTGCGATCGCG	1
1244	1243	1	TCAAAAGGAGGCTTGCGATCGCGA	1
1245	1244	1	CAAAAGGAGGCTTGCGATCGCGAA	1
1246	1245	1	AAAAGGAGGCTTGCGATCGCGAAT	1
1247	1246	1	AAAGGAGGCTTGCGATCGCGAATT	1
1248	1247	1	AAGGAGGCTTGCGATCGCGAATTG	1
1249	1248	1	AGGAGGCTTGCGATCGCGAATTGG	1
1250	1249	1	GGAGGCTTGCGATCGCGAATTGGA	1
1251	1250	1	GAGGCTTGCGATCGCGAATTGGAC	1
1252	1251	1	AGGCTTGCGATCGCGAATTGGACG	1
1253	1252	1	GGCTTGCGATCGCGAATTGGACGA	1
