Component 547
1	-1	0	AAGAGGTGCACGCAACAAAATGGC	1
2	1	1	AGAGGTGCACGCAACAAAATGGCA	1
3	2	1	GAGGTGCACGCAACAAAATGGCAG	1
4	3	1	AGGTGCACGCAACAAAATGGCAGA	1
5	4	1	GGTGCACGCAACAAAATGGCAGAA	1
6	5	2	GTGCACGCAACAAAATGGCAGAAT	1
7	6	2	TGCACGCAACAAAATGGCAGAATC	1
8	7	2	GCACGCAACAAAATGGCAGAATCC	1
9	8	2	CACGCAACAAAATGGCAGAATCCA	1
10	9	3	ACGCAACAAAATGGCAGAATCCAT	1
11	10	5	CGCAACAAAATGGCAGAATCCATA	1
12	11	5	GCAACAAAATGGCAGAATCCATAG	1
13	12	7	CAACAAAATGGCAGAATCCATAGC	1
14	13	7	AACAAAATGGCAGAATCCATAGCC	1
15	14	8	ACAAAATGGCAGAATCCATAGCCC	1
16	15	9	CAAAATGGCAGAATCCATAGCCCG	1
17	16	10	AAAATGGCAGAATCCATAGCCCGT	1
18	17	12	AAATGGCAGAATCCATAGCCCGTC	1
19	18	12	AATGGCAGAATCCATAGCCCGTCC	1
20	19	12	ATGGCAGAATCCATAGCCCGTCCA	1
21	20	12	TGGCAGAATCCATAGCCCGTCCAT	1
22	21	13	GGCAGAATCCATAGCCCGTCCATC	1
23	22	13	GCAGAATCCATAGCCCGTCCATCA	1
24	23	14	CAGAATCCATAGCCCGTCCATCAG	1
25	24	14	AGAATCCATAGCCCGTCCATCAGT	1
26	25	14	GAATCCATAGCCCGTCCATCAGTT	1
27	26	14	AATCCATAGCCCGTCCATCAGTTC	1
28	27	14	ATCCATAGCCCGTCCATCAGTTCT	1
29	28	14	TCCATAGCCCGTCCATCAGTTCTC	1
30	29	14	CCATAGCCCGTCCATCAGTTCTCA	1
31	30	14	CATAGCCCGTCCATCAGTTCTCAA	1
32	31	14	ATAGCCCGTCCATCAGTTCTCAAC	1
33	32	14	TAGCCCGTCCATCAGTTCTCAACG	1
34	33	14	AGCCCGTCCATCAGTTCTCAACGC	1
35	34	15	GCCCGTCCATCAGTTCTCAACGCT	1
36	35	15	CCCGTCCATCAGTTCTCAACGCTA	1
37	36	15	CCGTCCATCAGTTCTCAACGCTAC	1
38	37	15	CGTCCATCAGTTCTCAACGCTACT	1
39	38	15	GTCCATCAGTTCTCAACGCTACTG	1
40	39	15	TCCATCAGTTCTCAACGCTACTGA	1
41	40	15	CCATCAGTTCTCAACGCTACTGAT	1
42	41	15	CATCAGTTCTCAACGCTACTGATG	1
43	42	15	ATCAGTTCTCAACGCTACTGATGA	1
44	43	15	TCAGTTCTCAACGCTACTGATGAT	1
45	44	15	CAGTTCTCAACGCTACTGATGATG	1
46	45	14	AGTTCTCAACGCTACTGATGATGA	1
47	46	14	GTTCTCAACGCTACTGATGATGAT	1
48	47	14	TTCTCAACGCTACTGATGATGATA	1
49	48	14	TCTCAACGCTACTGATGATGATAT	1
50	49	12	CTCAACGCTACTGATGATGATATC	1
51	50	12	TCAACGCTACTGATGATGATATCA	1
52	51	12	CAACGCTACTGATGATGATATCAA	1
53	52	11	AACGCTACTGATGATGATATCAAG	1
54	53	11	ACGCTACTGATGATGATATCAAGA	1
55	54	9	CGCTACTGATGATGATATCAAGAA	1
56	55	9	GCTACTGATGATGATATCAAGAAT	1
57	56	8	CTACTGATGATGATATCAAGAATC	1
58	57	8	TACTGATGATGATATCAAGAATCT	1
59	58	7	ACTGATGATGATATCAAGAATCTC	1
60	59	6	CTGATGATGATATCAAGAATCTCT	1
61	60	5	TGATGATGATATCAAGAATCTCTT	1
62	61	3	GATGATGATATCAAGAATCTCTTA	1
63	62	3	ATGATGATATCAAGAATCTCTTAG	1
64	63	3	TGATGATATCAAGAATCTCTTAGC	1
65	64	3	GATGATATCAAGAATCTCTTAGCC	1
66	65	2	ATGATATCAAGAATCTCTTAGCCG	1
67	66	3	TGATATCAAGAATCTCTTAGCCGC	1
68	67	2	GATATCAAGAATCTCTTAGCCGCC	1
69	68	2	ATATCAAGAATCTCTTAGCCGCCG	1
70	69	2	TATCAAGAATCTCTTAGCCGCCGA	1
71	70	2	ATCAAGAATCTCTTAGCCGCCGAC	1
72	71	2	TCAAGAATCTCTTAGCCGCCGACT	1
73	72	2	CAAGAATCTCTTAGCCGCCGACTC	1
74	73	3	AAGAATCTCTTAGCCGCCGACTCC	1
75	74	3	AGAATCTCTTAGCCGCCGACTCCC	1
76	75	3	GAATCTCTTAGCCGCCGACTCCCA	1
77	76	3	AATCTCTTAGCCGCCGACTCCCAC	1
78	77	3	ATCTCTTAGCCGCCGACTCCCACA	1
79	78	2	TCTCTTAGCCGCCGACTCCCACAT	1
80	79	2	CTCTTAGCCGCCGACTCCCACATC	1
81	80	2	TCTTAGCCGCCGACTCCCACATCG	1
82	81	2	CTTAGCCGCCGACTCCCACATCGG	1
83	82	2	TTAGCCGCCGACTCCCACATCGGC	1
84	83	2	TAGCCGCCGACTCCCACATCGGCT	1
85	84	2	AGCCGCCGACTCCCACATCGGCTC	1
86	85	1	GCCGCCGACTCCCACATCGGCTCC	1
87	86	2	CCGCCGACTCCCACATCGGCTCCA	1
88	87	2	CGCCGACTCCCACATCGGCTCCAA	1
89	88	2	GCCGACTCCCACATCGGCTCCAAA	1
90	89	2	CCGACTCCCACATCGGCTCCAAAA	1
91	90	2	CGACTCCCACATCGGCTCCAAAAA	1
92	91	2	GACTCCCACATCGGCTCCAAAAAC	1
93	92	2	ACTCCCACATCGGCTCCAAAAACT	1
94	93	2	CTCCCACATCGGCTCCAAAAACTT	1
95	94	2	TCCCACATCGGCTCCAAAAACTTG	1
96	95	2	CCCACATCGGCTCCAAAAACTTGG	1
97	96	3	CCACATCGGCTCCAAAAACTTGGA	1
98	97	3	CACATCGGCTCCAAAAACTTGGAA	1
99	98	3	ACATCGGCTCCAAAAACTTGGAAG	1
100	99	3	CATCGGCTCCAAAAACTTGGAAGT	1
101	100	3	ATCGGCTCCAAAAACTTGGAAGTC	1
102	101	3	TCGGCTCCAAAAACTTGGAAGTCC	1
103	102	3	CGGCTCCAAAAACTTGGAAGTCCG	1
104	103	3	GGCTCCAAAAACTTGGAAGTCCGC	1
105	104	3	GCTCCAAAAACTTGGAAGTCCGCA	1
106	105	3	CTCCAAAAACTTGGAAGTCCGCAT	1
107	106	3	TCCAAAAACTTGGAAGTCCGCATG	1
108	107	3	CCAAAAACTTGGAAGTCCGCATGG	1
109	108	4	CAAAAACTTGGAAGTCCGCATGGA	1
110	109	4	AAAAACTTGGAAGTCCGCATGGAG	1
111	110	4	AAAACTTGGAAGTCCGCATGGAGA	1
112	111	4	AAACTTGGAAGTCCGCATGGAGAA	1
113	112	4	AACTTGGAAGTCCGCATGGAGAAC	1
114	113	4	ACTTGGAAGTCCGCATGGAGAACT	1
115	114	4	CTTGGAAGTCCGCATGGAGAACTA	1
116	115	4	TTGGAAGTCCGCATGGAGAACTAT	1
117	116	4	TGGAAGTCCGCATGGAGAACTATG	1
118	117	3	GGAAGTCCGCATGGAGAACTATGT	1
119	118	3	GAAGTCCGCATGGAGAACTATGTA	1
120	119	3	AAGTCCGCATGGAGAACTATGTAT	1
121	120	3	AGTCCGCATGGAGAACTATGTATG	1
122	121	3	GTCCGCATGGAGAACTATGTATGG	1
123	122	3	TCCGCATGGAGAACTATGTATGGA	1
124	123	3	CCGCATGGAGAACTATGTATGGAA	1
125	124	3	CGCATGGAGAACTATGTATGGAAG	1
126	125	3	GCATGGAGAACTATGTATGGAAGC	1
127	126	3	CATGGAGAACTATGTATGGAAGCG	1
128	127	3	ATGGAGAACTATGTATGGAAGCGT	1
129	128	3	TGGAGAACTATGTATGGAAGCGTC	1
130	129	3	GGAGAACTATGTATGGAAGCGTCG	1
131	130	2	GAGAACTATGTATGGAAGCGTCGT	1
132	131	2	AGAACTATGTATGGAAGCGTCGTT	1
133	132	2	GAACTATGTATGGAAGCGTCGTTC	1
134	133	2	AACTATGTATGGAAGCGTCGTTCT	1
135	134	2	ACTATGTATGGAAGCGTCGTTCTG	1
136	135	2	CTATGTATGGAAGCGTCGTTCTGA	1
137	136	2	TATGTATGGAAGCGTCGTTCTGAT	1
138	137	2	ATGTATGGAAGCGTCGTTCTGATG	1
139	138	2	TGTATGGAAGCGTCGTTCTGATGG	1
140	139	2	GTATGGAAGCGTCGTTCTGATGGT	1
141	140	1	TATGGAAGCGTCGTTCTGATGGTA	1
142	141	1	ATGGAAGCGTCGTTCTGATGGTAT	1
143	142	1	TGGAAGCGTCGTTCTGATGGTATC	1
144	143	1	GGAAGCGTCGTTCTGATGGTATCC	1
145	144	1	GAAGCGTCGTTCTGATGGTATCCA	1
146	145	1	AAGCGTCGTTCTGATGGTATCCAC	1
147	146	1	AGCGTCGTTCTGATGGTATCCACA	1
148	147	1	GCGTCGTTCTGATGGTATCCACAT	1
149	148	1	CGTCGTTCTGATGGTATCCACATT	1
150	149	1	GTCGTTCTGATGGTATCCACATTA	1
151	150	1	TCGTTCTGATGGTATCCACATTAT	1
152	151	1	CGTTCTGATGGTATCCACATTATC	1
153	-1	0	ATGGTATCCACATTATCAACTTAG	1
154	153	1	TGGTATCCACATTATCAACTTAGG	1
155	154	1	GGTATCCACATTATCAACTTAGGC	1
156	155	1	GTATCCACATTATCAACTTAGGCA	1
157	156	1	TATCCACATTATCAACTTAGGCAA	1
158	157	1	ATCCACATTATCAACTTAGGCAAG	1
159	158	1	TCCACATTATCAACTTAGGCAAGA	1
160	159	1	CCACATTATCAACTTAGGCAAGAC	1
161	160	1	CACATTATCAACTTAGGCAAGACT	1
162	161	1	ACATTATCAACTTAGGCAAGACTT	1
163	162	2	CATTATCAACTTAGGCAAGACTTG	1
164	163	3	ATTATCAACTTAGGCAAGACTTGG	1
165	164	3	TTATCAACTTAGGCAAGACTTGGG	1
166	165	3	TATCAACTTAGGCAAGACTTGGGA	1
167	166	3	ATCAACTTAGGCAAGACTTGGGAA	1
168	167	3	TCAACTTAGGCAAGACTTGGGAAA	1
169	168	4	CAACTTAGGCAAGACTTGGGAAAA	1
170	169	4	AACTTAGGCAAGACTTGGGAAAAG	1
171	170	5	ACTTAGGCAAGACTTGGGAAAAGC	1
172	171	5	CTTAGGCAAGACTTGGGAAAAGCT	1
173	172	6	TTAGGCAAGACTTGGGAAAAGCTT	1
174	173	6	TAGGCAAGACTTGGGAAAAGCTTG	1
175	174	6	AGGCAAGACTTGGGAAAAGCTTGT	1
176	175	6	GGCAAGACTTGGGAAAAGCTTGTT	1
177	176	6	GCAAGACTTGGGAAAAGCTTGTTC	1
178	177	6	CAAGACTTGGGAAAAGCTTGTTCT	1
179	178	6	AAGACTTGGGAAAAGCTTGTTCTT	1
180	179	6	AGACTTGGGAAAAGCTTGTTCTTG	1
181	180	6	GACTTGGGAAAAGCTTGTTCTTGC	1
182	181	6	ACTTGGGAAAAGCTTGTTCTTGCT	1
183	182	6	CTTGGGAAAAGCTTGTTCTTGCTG	1
184	183	6	TTGGGAAAAGCTTGTTCTTGCTGC	1
185	184	6	TGGGAAAAGCTTGTTCTTGCTGCT	1
186	185	6	GGGAAAAGCTTGTTCTTGCTGCTC	1
187	186	6	GGAAAAGCTTGTTCTTGCTGCTCG	1
188	187	6	GAAAAGCTTGTTCTTGCTGCTCGT	1
189	188	6	AAAAGCTTGTTCTTGCTGCTCGTG	1
190	189	7	AAAGCTTGTTCTTGCTGCTCGTGT	1
191	190	8	AAGCTTGTTCTTGCTGCTCGTGTA	1
192	191	8	AGCTTGTTCTTGCTGCTCGTGTAA	1
193	192	8	GCTTGTTCTTGCTGCTCGTGTAAT	1
194	193	8	CTTGTTCTTGCTGCTCGTGTAATT	1
195	194	8	TTGTTCTTGCTGCTCGTGTAATTG	1
196	195	8	TGTTCTTGCTGCTCGTGTAATTGC	1
197	196	8	GTTCTTGCTGCTCGTGTAATTGCT	1
198	197	7	TTCTTGCTGCTCGTGTAATTGCTA	1
199	198	7	TCTTGCTGCTCGTGTAATTGCTAC	1
200	199	7	CTTGCTGCTCGTGTAATTGCTACC	1
201	200	7	TTGCTGCTCGTGTAATTGCTACCA	1
202	201	7	TGCTGCTCGTGTAATTGCTACCAT	1
203	202	7	GCTGCTCGTGTAATTGCTACCATT	1
204	203	7	CTGCTCGTGTAATTGCTACCATTG	1
205	204	7	TGCTCGTGTAATTGCTACCATTGA	1
206	205	8	GCTCGTGTAATTGCTACCATTGAG	1
207	206	7	CTCGTGTAATTGCTACCATTGAGA	1
208	207	6	TCGTGTAATTGCTACCATTGAGAA	1
209	208	6	CGTGTAATTGCTACCATTGAGAAC	1
210	209	6	GTGTAATTGCTACCATTGAGAACC	1
211	210	6	TGTAATTGCTACCATTGAGAACCC	1
212	211	6	GTAATTGCTACCATTGAGAACCCA	1
213	212	5	TAATTGCTACCATTGAGAACCCAG	1
214	213	5	AATTGCTACCATTGAGAACCCAGC	1
215	214	4	ATTGCTACCATTGAGAACCCAGCT	1
216	215	4	TTGCTACCATTGAGAACCCAGCTG	1
217	216	3	TGCTACCATTGAGAACCCAGCTGA	1
218	217	3	GCTACCATTGAGAACCCAGCTGAT	1
219	218	3	CTACCATTGAGAACCCAGCTGATG	1
220	219	4	TACCATTGAGAACCCAGCTGATGT	1
221	220	4	ACCATTGAGAACCCAGCTGATGTT	1
222	221	5	CCATTGAGAACCCAGCTGATGTTT	1
223	222	5	CATTGAGAACCCAGCTGATGTTTG	1
224	223	5	ATTGAGAACCCAGCTGATGTTTGT	1
225	224	5	TTGAGAACCCAGCTGATGTTTGTG	1
226	225	5	TGAGAACCCAGCTGATGTTTGTGT	1
227	226	6	GAGAACCCAGCTGATGTTTGTGTT	1
228	227	7	AGAACCCAGCTGATGTTTGTGTTA	1
229	228	8	GAACCCAGCTGATGTTTGTGTTAT	1
230	229	9	AACCCAGCTGATGTTTGTGTTATT	1
231	230	9	ACCCAGCTGATGTTTGTGTTATTT	1
232	231	9	CCCAGCTGATGTTTGTGTTATTTC	1
233	232	9	CCAGCTGATGTTTGTGTTATTTCT	1
234	233	9	CAGCTGATGTTTGTGTTATTTCTA	1
235	234	8	AGCTGATGTTTGTGTTATTTCTAG	1
236	235	9	GCTGATGTTTGTGTTATTTCTAGC	1
237	236	9	CTGATGTTTGTGTTATTTCTAGCC	1
238	237	9	TGATGTTTGTGTTATTTCTAGCCG	1
239	238	8	GATGTTTGTGTTATTTCTAGCCGG	1
240	239	8	ATGTTTGTGTTATTTCTAGCCGGC	1
241	240	7	TGTTTGTGTTATTTCTAGCCGGCC	1
242	241	7	GTTTGTGTTATTTCTAGCCGGCCA	1
243	242	7	TTTGTGTTATTTCTAGCCGGCCAT	1
244	243	7	TTGTGTTATTTCTAGCCGGCCATA	1
245	244	7	TGTGTTATTTCTAGCCGGCCATAT	1
246	245	7	GTGTTATTTCTAGCCGGCCATATG	1
247	246	7	TGTTATTTCTAGCCGGCCATATGG	1
248	247	7	GTTATTTCTAGCCGGCCATATGGA	1
249	248	7	TTATTTCTAGCCGGCCATATGGAC	1
250	249	6	TATTTCTAGCCGGCCATATGGACA	1
251	250	6	ATTTCTAGCCGGCCATATGGACAC	1
252	251	6	TTTCTAGCCGGCCATATGGACACC	1
253	252	6	TTCTAGCCGGCCATATGGACACCG	1
254	253	6	TCTAGCCGGCCATATGGACACCGT	1
255	254	6	CTAGCCGGCCATATGGACACCGTG	1
256	255	6	TAGCCGGCCATATGGACACCGTGC	1
257	256	6	AGCCGGCCATATGGACACCGTGCT	1
258	257	6	GCCGGCCATATGGACACCGTGCTG	1
259	258	6	CCGGCCATATGGACACCGTGCTGT	1
260	259	6	CGGCCATATGGACACCGTGCTGTC	1
261	260	6	GGCCATATGGACACCGTGCTGTCT	1
262	261	6	GCCATATGGACACCGTGCTGTCTT	1
263	262	6	CCATATGGACACCGTGCTGTCTTG	1
264	263	6	CATATGGACACCGTGCTGTCTTGA	1
265	264	6	ATATGGACACCGTGCTGTCTTGAA	1
266	265	6	TATGGACACCGTGCTGTCTTGAAG	1
267	266	6	ATGGACACCGTGCTGTCTTGAAGT	1
268	267	6	TGGACACCGTGCTGTCTTGAAGTT	1
269	268	6	GGACACCGTGCTGTCTTGAAGTTC	1
270	269	7	GACACCGTGCTGTCTTGAAGTTCG	1
271	270	6	ACACCGTGCTGTCTTGAAGTTCGC	1
272	271	5	CACCGTGCTGTCTTGAAGTTCGCT	1
273	272	4	ACCGTGCTGTCTTGAAGTTCGCTG	1
274	273	3	CCGTGCTGTCTTGAAGTTCGCTGC	1
275	274	3	CGTGCTGTCTTGAAGTTCGCTGCC	1
276	275	3	GTGCTGTCTTGAAGTTCGCTGCCC	1
277	276	3	TGCTGTCTTGAAGTTCGCTGCCCA	1
278	277	2	GCTGTCTTGAAGTTCGCTGCCCAC	1
279	278	2	CTGTCTTGAAGTTCGCTGCCCACA	1
280	279	1	TGTCTTGAAGTTCGCTGCCCACAC	1
281	280	1	GTCTTGAAGTTCGCTGCCCACACT	1
282	281	1	TCTTGAAGTTCGCTGCCCACACTG	1
283	282	2	CTTGAAGTTCGCTGCCCACACTGG	1
284	283	2	TTGAAGTTCGCTGCCCACACTGGT	1
285	284	2	TGAAGTTCGCTGCCCACACTGGTG	1
286	285	2	GAAGTTCGCTGCCCACACTGGTGC	1
287	286	2	AAGTTCGCTGCCCACACTGGTGCT	1
288	287	2	AGTTCGCTGCCCACACTGGTGCTA	1
289	288	3	GTTCGCTGCCCACACTGGTGCTAC	1
290	289	3	TTCGCTGCCCACACTGGTGCTACT	1
291	290	4	TCGCTGCCCACACTGGTGCTACTG	1
292	291	4	CGCTGCCCACACTGGTGCTACTGC	1
293	292	4	GCTGCCCACACTGGTGCTACTGCC	1
294	293	4	CTGCCCACACTGGTGCTACTGCCA	1
295	294	4	TGCCCACACTGGTGCTACTGCCAT	1
296	295	4	GCCCACACTGGTGCTACTGCCATT	1
297	296	4	CCCACACTGGTGCTACTGCCATTG	1
298	297	5	CCACACTGGTGCTACTGCCATTGC	1
299	298	5	CACACTGGTGCTACTGCCATTGCT	1
300	299	5	ACACTGGTGCTACTGCCATTGCTG	1
301	300	5	CACTGGTGCTACTGCCATTGCTGG	1
302	301	6	ACTGGTGCTACTGCCATTGCTGGC	1
303	302	6	CTGGTGCTACTGCCATTGCTGGCC	1
304	303	6	TGGTGCTACTGCCATTGCTGGCCG	1
305	304	6	GGTGCTACTGCCATTGCTGGCCGT	1
306	305	6	GTGCTACTGCCATTGCTGGCCGTT	1
307	306	6	TGCTACTGCCATTGCTGGCCGTTT	1
308	307	7	GCTACTGCCATTGCTGGCCGTTTC	1
309	308	7	CTACTGCCATTGCTGGCCGTTTCA	1
310	309	7	TACTGCCATTGCTGGCCGTTTCAC	1
311	310	8	ACTGCCATTGCTGGCCGTTTCACT	1
312	311	8	CTGCCATTGCTGGCCGTTTCACTC	1
313	312	8	TGCCATTGCTGGCCGTTTCACTCC	1
314	313	7	GCCATTGCTGGCCGTTTCACTCCC	1
315	314	7	CCATTGCTGGCCGTTTCACTCCCG	1
316	315	7	CATTGCTGGCCGTTTCACTCCCGG	1
317	316	6	ATTGCTGGCCGTTTCACTCCCGGT	1
318	317	6	TTGCTGGCCGTTTCACTCCCGGTA	1
319	318	6	TGCTGGCCGTTTCACTCCCGGTAA	1
320	319	8	GCTGGCCGTTTCACTCCCGGTAAC	1
321	320	8	CTGGCCGTTTCACTCCCGGTAACT	1
322	321	8	TGGCCGTTTCACTCCCGGTAACTT	1
323	322	8	GGCCGTTTCACTCCCGGTAACTTC	1
324	323	8	GCCGTTTCACTCCCGGTAACTTCA	1
325	324	9	CCGTTTCACTCCCGGTAACTTCAC	1
326	325	9	CGTTTCACTCCCGGTAACTTCACC	1
327	326	8	GTTTCACTCCCGGTAACTTCACCA	1
328	327	8	TTTCACTCCCGGTAACTTCACCAA	1
329	328	8	TTCACTCCCGGTAACTTCACCAAC	1
330	329	8	TCACTCCCGGTAACTTCACCAACT	1
331	330	8	CACTCCCGGTAACTTCACCAACTA	1
332	331	9	ACTCCCGGTAACTTCACCAACTAC	1
333	332	8	CTCCCGGTAACTTCACCAACTACA	1
334	333	8	TCCCGGTAACTTCACCAACTACAT	1
335	334	8	CCCGGTAACTTCACCAACTACATC	1
336	335	8	CCGGTAACTTCACCAACTACATCA	1
337	336	8	CGGTAACTTCACCAACTACATCAC	1
338	337	8	GGTAACTTCACCAACTACATCACT	1
339	338	8	GTAACTTCACCAACTACATCACTC	1
340	339	8	TAACTTCACCAACTACATCACTCG	1
341	340	8	AACTTCACCAACTACATCACTCGT	1
342	341	7	ACTTCACCAACTACATCACTCGTA	1
343	342	7	CTTCACCAACTACATCACTCGTAC	1
344	343	7	TTCACCAACTACATCACTCGTACT	1
345	344	7	TCACCAACTACATCACTCGTACTT	1
346	345	6	CACCAACTACATCACTCGTACTTA	1
347	346	6	ACCAACTACATCACTCGTACTTAC	1
348	347	7	CCAACTACATCACTCGTACTTACC	1
349	348	7	CAACTACATCACTCGTACTTACCG	1
350	349	8	AACTACATCACTCGTACTTACCGT	1
351	350	9	ACTACATCACTCGTACTTACCGTG	1
352	351	9	CTACATCACTCGTACTTACCGTGA	1
353	352	9	TACATCACTCGTACTTACCGTGAA	1
354	353	9	ACATCACTCGTACTTACCGTGAAC	1
355	354	8	CATCACTCGTACTTACCGTGAACC	1
356	355	8	ATCACTCGTACTTACCGTGAACCT	1
357	356	8	TCACTCGTACTTACCGTGAACCTC	1
358	357	8	CACTCGTACTTACCGTGAACCTCG	1
359	358	8	ACTCGTACTTACCGTGAACCTCGC	1
360	359	8	CTCGTACTTACCGTGAACCTCGCC	1
361	360	8	TCGTACTTACCGTGAACCTCGCCT	1
362	361	7	CGTACTTACCGTGAACCTCGCCTT	1
363	362	7	GTACTTACCGTGAACCTCGCCTTA	1
364	363	6	TACTTACCGTGAACCTCGCCTTAT	1
365	364	6	ACTTACCGTGAACCTCGCCTTATT	1
366	365	6	CTTACCGTGAACCTCGCCTTATTA	1
367	366	6	TTACCGTGAACCTCGCCTTATTAT	1
368	367	6	TACCGTGAACCTCGCCTTATTATT	1
369	368	5	ACCGTGAACCTCGCCTTATTATTG	1
370	369	5	CCGTGAACCTCGCCTTATTATTGT	1
371	370	5	CGTGAACCTCGCCTTATTATTGTT	1
372	371	5	GTGAACCTCGCCTTATTATTGTTA	1
373	372	6	TGAACCTCGCCTTATTATTGTTAC	1
374	373	6	GAACCTCGCCTTATTATTGTTACT	1
375	374	5	AACCTCGCCTTATTATTGTTACTG	1
376	375	5	ACCTCGCCTTATTATTGTTACTGA	1
377	376	5	CCTCGCCTTATTATTGTTACTGAT	1
378	377	5	CTCGCCTTATTATTGTTACTGATC	1
379	378	5	TCGCCTTATTATTGTTACTGATCC	1
380	379	5	CGCCTTATTATTGTTACTGATCCT	1
381	380	5	GCCTTATTATTGTTACTGATCCTC	1
382	381	5	CCTTATTATTGTTACTGATCCTCG	1
383	382	5	CTTATTATTGTTACTGATCCTCGT	1
384	383	5	TTATTATTGTTACTGATCCTCGTG	1
385	384	5	TATTATTGTTACTGATCCTCGTGC	1
386	385	5	ATTATTGTTACTGATCCTCGTGCT	1
387	386	5	TTATTGTTACTGATCCTCGTGCTG	1
388	387	5	TATTGTTACTGATCCTCGTGCTGA	1
389	388	5	ATTGTTACTGATCCTCGTGCTGAT	1
390	389	5	TTGTTACTGATCCTCGTGCTGATG	1
391	390	5	TGTTACTGATCCTCGTGCTGATGC	1
392	391	4	GTTACTGATCCTCGTGCTGATGCT	1
393	392	4	TTACTGATCCTCGTGCTGATGCTC	1
394	393	2	TACTGATCCTCGTGCTGATGCTCA	1
395	394	1	ACTGATCCTCGTGCTGATGCTCAA	1
396	395	1	CTGATCCTCGTGCTGATGCTCAAG	1
397	396	1	TGATCCTCGTGCTGATGCTCAAGC	1
398	397	1	GATCCTCGTGCTGATGCTCAAGCT	1
399	398	1	ATCCTCGTGCTGATGCTCAAGCTA	1
400	399	2	TCCTCGTGCTGATGCTCAAGCTAT	1
401	400	2	CCTCGTGCTGATGCTCAAGCTATC	1
402	401	2	CTCGTGCTGATGCTCAAGCTATCA	1
403	402	2	TCGTGCTGATGCTCAAGCTATCAA	1
404	403	2	CGTGCTGATGCTCAAGCTATCAAG	1
405	404	2	GTGCTGATGCTCAAGCTATCAAGG	1
406	405	2	TGCTGATGCTCAAGCTATCAAGGA	1
407	406	2	GCTGATGCTCAAGCTATCAAGGAA	1
408	407	2	CTGATGCTCAAGCTATCAAGGAAG	1
409	408	2	TGATGCTCAAGCTATCAAGGAAGC	1
410	409	2	GATGCTCAAGCTATCAAGGAAGCT	1
411	410	2	ATGCTCAAGCTATCAAGGAAGCTT	1
412	411	2	TGCTCAAGCTATCAAGGAAGCTTC	1
413	412	2	GCTCAAGCTATCAAGGAAGCTTCC	1
414	413	2	CTCAAGCTATCAAGGAAGCTTCCT	1
415	414	2	TCAAGCTATCAAGGAAGCTTCCTT	1
416	415	2	CAAGCTATCAAGGAAGCTTCCTTC	1
417	416	2	AAGCTATCAAGGAAGCTTCCTTCG	1
418	417	2	AGCTATCAAGGAAGCTTCCTTCGT	1
419	418	4	GCTATCAAGGAAGCTTCCTTCGTC	1
420	419	4	CTATCAAGGAAGCTTCCTTCGTCA	1
421	420	4	TATCAAGGAAGCTTCCTTCGTCAA	1
422	421	4	ATCAAGGAAGCTTCCTTCGTCAAC	1
423	422	4	TCAAGGAAGCTTCCTTCGTCAACA	1
424	423	4	CAAGGAAGCTTCCTTCGTCAACAT	1
425	424	4	AAGGAAGCTTCCTTCGTCAACATT	1
426	425	4	AGGAAGCTTCCTTCGTCAACATTC	1
427	426	4	GGAAGCTTCCTTCGTCAACATTCC	1
428	427	4	GAAGCTTCCTTCGTCAACATTCCA	1
429	428	4	AAGCTTCCTTCGTCAACATTCCAG	1
430	429	4	AGCTTCCTTCGTCAACATTCCAGT	1
431	430	4	GCTTCCTTCGTCAACATTCCAGTT	1
432	431	4	CTTCCTTCGTCAACATTCCAGTTA	1
433	432	4	TTCCTTCGTCAACATTCCAGTTAT	1
434	433	4	TCCTTCGTCAACATTCCAGTTATT	1
435	434	4	CCTTCGTCAACATTCCAGTTATTG	1
436	435	5	CTTCGTCAACATTCCAGTTATTGC	1
437	436	5	TTCGTCAACATTCCAGTTATTGCC	1
438	437	5	TCGTCAACATTCCAGTTATTGCCT	1
439	438	5	CGTCAACATTCCAGTTATTGCCTT	1
440	439	5	GTCAACATTCCAGTTATTGCCTTG	1
441	440	5	TCAACATTCCAGTTATTGCCTTGT	1
442	441	5	CAACATTCCAGTTATTGCCTTGTG	1
443	442	5	AACATTCCAGTTATTGCCTTGTGT	1
444	443	5	ACATTCCAGTTATTGCCTTGTGTG	1
445	444	5	CATTCCAGTTATTGCCTTGTGTGA	1
446	445	5	ATTCCAGTTATTGCCTTGTGTGAT	1
447	446	5	TTCCAGTTATTGCCTTGTGTGATA	1
448	447	5	TCCAGTTATTGCCTTGTGTGATAC	1
449	448	5	CCAGTTATTGCCTTGTGTGATACT	1
450	449	5	CAGTTATTGCCTTGTGTGATACTG	1
451	450	5	AGTTATTGCCTTGTGTGATACTGA	1
452	451	5	GTTATTGCCTTGTGTGATACTGAC	1
453	452	5	TTATTGCCTTGTGTGATACTGACT	1
454	453	6	TATTGCCTTGTGTGATACTGACTC	1
455	454	6	ATTGCCTTGTGTGATACTGACTCC	1
456	455	7	TTGCCTTGTGTGATACTGACTCCA	1
457	456	7	TGCCTTGTGTGATACTGACTCCAT	1
458	457	7	GCCTTGTGTGATACTGACTCCATT	1
459	458	7	CCTTGTGTGATACTGACTCCATTT	1
460	459	7	CTTGTGTGATACTGACTCCATTTT	1
461	460	7	TTGTGTGATACTGACTCCATTTTG	1
462	461	7	TGTGTGATACTGACTCCATTTTGA	1
463	462	5	GTGTGATACTGACTCCATTTTGAA	1
464	463	4	TGTGATACTGACTCCATTTTGAAC	1
465	464	4	GTGATACTGACTCCATTTTGAACC	1
466	465	4	TGATACTGACTCCATTTTGAACCA	1
467	466	4	GATACTGACTCCATTTTGAACCAT	1
468	467	4	ATACTGACTCCATTTTGAACCATG	1
469	468	4	TACTGACTCCATTTTGAACCATGT	1
470	469	4	ACTGACTCCATTTTGAACCATGTT	1
471	470	4	CTGACTCCATTTTGAACCATGTTG	1
472	471	4	TGACTCCATTTTGAACCATGTTGA	1
473	472	4	GACTCCATTTTGAACCATGTTGAT	1
474	473	4	ACTCCATTTTGAACCATGTTGATG	1
475	474	4	CTCCATTTTGAACCATGTTGATGT	1
476	475	4	TCCATTTTGAACCATGTTGATGTT	1
477	476	4	CCATTTTGAACCATGTTGATGTTG	1
478	477	4	CATTTTGAACCATGTTGATGTTGC	1
479	478	4	ATTTTGAACCATGTTGATGTTGCT	1
480	479	3	TTTTGAACCATGTTGATGTTGCTA	1
481	480	3	TTTGAACCATGTTGATGTTGCTAT	1
482	481	3	TTGAACCATGTTGATGTTGCTATT	1
483	482	3	TGAACCATGTTGATGTTGCTATTC	1
484	483	3	GAACCATGTTGATGTTGCTATTCC	1
485	484	3	AACCATGTTGATGTTGCTATTCCT	1
486	485	2	ACCATGTTGATGTTGCTATTCCTA	1
487	486	2	CCATGTTGATGTTGCTATTCCTAT	1
488	487	2	CATGTTGATGTTGCTATTCCTATC	1
489	488	2	ATGTTGATGTTGCTATTCCTATCA	1
490	489	2	TGTTGATGTTGCTATTCCTATCAA	1
491	490	2	GTTGATGTTGCTATTCCTATCAAC	1
492	491	2	TTGATGTTGCTATTCCTATCAACA	1
493	492	2	TGATGTTGCTATTCCTATCAACAA	1
494	493	2	GATGTTGCTATTCCTATCAACAAC	1
495	494	2	ATGTTGCTATTCCTATCAACAACA	1
496	495	2	TGTTGCTATTCCTATCAACAACAA	1
497	496	3	GTTGCTATTCCTATCAACAACAAG	1
498	497	2	TTGCTATTCCTATCAACAACAAGG	1
499	498	2	TGCTATTCCTATCAACAACAAGGG	1
500	499	1	GCTATTCCTATCAACAACAAGGGT	1
501	500	1	CTATTCCTATCAACAACAAGGGTT	1
502	501	2	TATTCCTATCAACAACAAGGGTTA	1
503	502	2	ATTCCTATCAACAACAAGGGTTAC	1
504	503	2	TTCCTATCAACAACAAGGGTTACA	1
505	504	2	TCCTATCAACAACAAGGGTTACAA	1
506	505	2	CCTATCAACAACAAGGGTTACAAG	1
507	506	2	CTATCAACAACAAGGGTTACAAGT	1
508	507	2	TATCAACAACAAGGGTTACAAGTC	1
509	508	2	ATCAACAACAAGGGTTACAAGTCC	1
510	509	2	TCAACAACAAGGGTTACAAGTCCA	1
511	510	2	CAACAACAAGGGTTACAAGTCCAT	1
512	511	3	AACAACAAGGGTTACAAGTCCATT	1
513	512	3	ACAACAAGGGTTACAAGTCCATTG	1
514	513	3	CAACAAGGGTTACAAGTCCATTGG	1
515	514	3	AACAAGGGTTACAAGTCCATTGGT	1
516	515	3	ACAAGGGTTACAAGTCCATTGGTT	1
517	516	3	CAAGGGTTACAAGTCCATTGGTTT	1
518	517	3	AAGGGTTACAAGTCCATTGGTTTG	1
519	518	3	AGGGTTACAAGTCCATTGGTTTGG	1
520	519	3	GGGTTACAAGTCCATTGGTTTGGC	1
521	520	3	GGTTACAAGTCCATTGGTTTGGCC	1
522	521	2	GTTACAAGTCCATTGGTTTGGCCT	1
523	522	2	TTACAAGTCCATTGGTTTGGCCTG	1
524	523	2	TACAAGTCCATTGGTTTGGCCTGG	1
525	524	2	ACAAGTCCATTGGTTTGGCCTGGT	1
526	525	2	CAAGTCCATTGGTTTGGCCTGGTA	1
527	526	2	AAGTCCATTGGTTTGGCCTGGTAT	1
528	527	4	AGTCCATTGGTTTGGCCTGGTATC	1
529	528	4	GTCCATTGGTTTGGCCTGGTATCT	1
530	529	4	TCCATTGGTTTGGCCTGGTATCTT	1
531	530	4	CCATTGGTTTGGCCTGGTATCTTT	1
532	531	4	CATTGGTTTGGCCTGGTATCTTTT	1
533	532	4	ATTGGTTTGGCCTGGTATCTTTTG	1
534	533	6	TTGGTTTGGCCTGGTATCTTTTGG	1
535	534	6	TGGTTTGGCCTGGTATCTTTTGGC	1
536	535	7	GGTTTGGCCTGGTATCTTTTGGCT	1
537	536	7	GTTTGGCCTGGTATCTTTTGGCTC	1
538	537	7	TTTGGCCTGGTATCTTTTGGCTCG	1
539	538	7	TTGGCCTGGTATCTTTTGGCTCGT	1
540	539	7	TGGCCTGGTATCTTTTGGCTCGTG	1
541	540	6	GGCCTGGTATCTTTTGGCTCGTGA	1
542	541	8	GCCTGGTATCTTTTGGCTCGTGAA	1
543	542	8	CCTGGTATCTTTTGGCTCGTGAAG	1
544	543	7	CTGGTATCTTTTGGCTCGTGAAGT	1
545	544	7	TGGTATCTTTTGGCTCGTGAAGTC	1
546	545	7	GGTATCTTTTGGCTCGTGAAGTCC	1
547	546	7	GTATCTTTTGGCTCGTGAAGTCCT	1
548	547	7	TATCTTTTGGCTCGTGAAGTCCTT	1
549	548	8	ATCTTTTGGCTCGTGAAGTCCTTC	1
550	549	8	TCTTTTGGCTCGTGAAGTCCTTCG	1
551	550	8	CTTTTGGCTCGTGAAGTCCTTCGT	1
552	551	9	TTTTGGCTCGTGAAGTCCTTCGTC	1
553	552	9	TTTGGCTCGTGAAGTCCTTCGTCT	1
554	553	9	TTGGCTCGTGAAGTCCTTCGTCTT	1
555	554	9	TGGCTCGTGAAGTCCTTCGTCTTC	1
556	555	9	GGCTCGTGAAGTCCTTCGTCTTCG	1
557	556	9	GCTCGTGAAGTCCTTCGTCTTCGT	1
558	557	9	CTCGTGAAGTCCTTCGTCTTCGTG	1
559	558	9	TCGTGAAGTCCTTCGTCTTCGTGG	1
560	559	9	CGTGAAGTCCTTCGTCTTCGTGGT	1
561	560	9	GTGAAGTCCTTCGTCTTCGTGGTA	1
562	561	10	TGAAGTCCTTCGTCTTCGTGGTAA	1
563	562	10	GAAGTCCTTCGTCTTCGTGGTAAC	1
564	563	10	AAGTCCTTCGTCTTCGTGGTAACA	1
565	564	10	AGTCCTTCGTCTTCGTGGTAACAT	1
566	565	10	GTCCTTCGTCTTCGTGGTAACATT	1
567	566	10	TCCTTCGTCTTCGTGGTAACATTT	1
568	567	10	CCTTCGTCTTCGTGGTAACATTTC	1
569	568	10	CTTCGTCTTCGTGGTAACATTTCT	1
570	569	10	TTCGTCTTCGTGGTAACATTTCTC	1
571	570	11	TCGTCTTCGTGGTAACATTTCTCG	1
572	571	9	CGTCTTCGTGGTAACATTTCTCGC	1
573	572	9	GTCTTCGTGGTAACATTTCTCGCA	1
574	573	9	TCTTCGTGGTAACATTTCTCGCAC	1
575	574	9	CTTCGTGGTAACATTTCTCGCACC	1
576	575	9	TTCGTGGTAACATTTCTCGCACCA	1
577	576	9	TCGTGGTAACATTTCTCGCACCAC	1
578	577	7	CGTGGTAACATTTCTCGCACCACC	1
579	578	7	GTGGTAACATTTCTCGCACCACCG	1
580	579	8	TGGTAACATTTCTCGCACCACCGC	1
581	580	8	GGTAACATTTCTCGCACCACCGCT	1
582	581	8	GTAACATTTCTCGCACCACCGCTT	1
583	582	8	TAACATTTCTCGCACCACCGCTTG	1
584	583	8	AACATTTCTCGCACCACCGCTTGG	1
585	584	8	ACATTTCTCGCACCACCGCTTGGG	1
586	585	6	CATTTCTCGCACCACCGCTTGGGA	1
587	586	6	ATTTCTCGCACCACCGCTTGGGAA	1
588	587	6	TTTCTCGCACCACCGCTTGGGAAG	1
589	588	6	TTCTCGCACCACCGCTTGGGAAGT	1
590	589	6	TCTCGCACCACCGCTTGGGAAGTC	1
591	590	6	CTCGCACCACCGCTTGGGAAGTCA	1
592	591	6	TCGCACCACCGCTTGGGAAGTCAT	1
593	592	5	CGCACCACCGCTTGGGAAGTCATG	1
594	593	5	GCACCACCGCTTGGGAAGTCATGC	1
595	594	5	CACCACCGCTTGGGAAGTCATGCC	1
596	595	4	ACCACCGCTTGGGAAGTCATGCCT	1
597	596	4	CCACCGCTTGGGAAGTCATGCCTG	1
598	597	4	CACCGCTTGGGAAGTCATGCCTGA	1
599	598	4	ACCGCTTGGGAAGTCATGCCTGAT	1
600	599	4	CCGCTTGGGAAGTCATGCCTGATC	1
601	600	4	CGCTTGGGAAGTCATGCCTGATCT	1
602	601	4	GCTTGGGAAGTCATGCCTGATCTT	1
603	602	4	CTTGGGAAGTCATGCCTGATCTTT	1
604	603	4	TTGGGAAGTCATGCCTGATCTTTA	1
605	604	4	TGGGAAGTCATGCCTGATCTTTAC	1
606	605	3	GGGAAGTCATGCCTGATCTTTACT	1
607	606	3	GGAAGTCATGCCTGATCTTTACTT	1
608	607	3	GAAGTCATGCCTGATCTTTACTTC	1
609	608	3	AAGTCATGCCTGATCTTTACTTCT	1
610	609	3	AGTCATGCCTGATCTTTACTTCTA	1
611	610	4	GTCATGCCTGATCTTTACTTCTAC	1
612	611	4	TCATGCCTGATCTTTACTTCTACC	1
613	612	4	CATGCCTGATCTTTACTTCTACCG	1
614	613	4	ATGCCTGATCTTTACTTCTACCGT	1
615	614	3	TGCCTGATCTTTACTTCTACCGTG	1
616	615	3	GCCTGATCTTTACTTCTACCGTGA	1
617	616	3	CCTGATCTTTACTTCTACCGTGAT	1
618	617	3	CTGATCTTTACTTCTACCGTGATC	1
619	618	3	TGATCTTTACTTCTACCGTGATCC	1
620	619	3	GATCTTTACTTCTACCGTGATCCT	1
621	620	3	ATCTTTACTTCTACCGTGATCCTG	1
622	621	3	TCTTTACTTCTACCGTGATCCTGA	1
623	622	3	CTTTACTTCTACCGTGATCCTGAA	1
624	623	1	TTTACTTCTACCGTGATCCTGAAG	1
625	624	1	TTACTTCTACCGTGATCCTGAAGA	1
626	625	1	TACTTCTACCGTGATCCTGAAGAG	1
627	626	1	ACTTCTACCGTGATCCTGAAGAGA	1
628	627	1	CTTCTACCGTGATCCTGAAGAGAT	1
629	628	1	TTCTACCGTGATCCTGAAGAGATT	1
630	629	1	TCTACCGTGATCCTGAAGAGATTG	1
631	630	1	CTACCGTGATCCTGAAGAGATTGA	1
632	631	1	TACCGTGATCCTGAAGAGATTGAG	1
633	632	1	ACCGTGATCCTGAAGAGATTGAGC	1
634	633	1	CCGTGATCCTGAAGAGATTGAGCG	1
635	634	1	CGTGATCCTGAAGAGATTGAGCGT	1
636	635	1	GTGATCCTGAAGAGATTGAGCGTG	1
637	636	1	TGATCCTGAAGAGATTGAGCGTGA	1
638	637	1	GATCCTGAAGAGATTGAGCGTGAA	1
639	638	1	ATCCTGAAGAGATTGAGCGTGAAG	1
640	639	1	TCCTGAAGAGATTGAGCGTGAAGA	1
641	640	1	CCTGAAGAGATTGAGCGTGAAGAA	1
642	641	1	CTGAAGAGATTGAGCGTGAAGAAG	1
643	642	1	TGAAGAGATTGAGCGTGAAGAAGA	1
644	643	1	GAAGAGATTGAGCGTGAAGAAGAA	1
645	644	1	AAGAGATTGAGCGTGAAGAAGAAC	1
646	645	1	AGAGATTGAGCGTGAAGAAGAACA	1
647	646	1	GAGATTGAGCGTGAAGAAGAACAA	1
648	647	1	AGATTGAGCGTGAAGAAGAACAAA	1
649	648	1	GATTGAGCGTGAAGAAGAACAAAA	1
650	649	1	ATTGAGCGTGAAGAAGAACAAAAG	1
651	650	1	TTGAGCGTGAAGAAGAACAAAAGG	1
652	651	1	TGAGCGTGAAGAAGAACAAAAGGC	1
653	652	1	GAGCGTGAAGAAGAACAAAAGGCT	1
654	653	1	AGCGTGAAGAAGAACAAAAGGCTG	1
655	-1	0	CAAAAGGCTGCTGCTGCTGCTGCT	1
656	655	1	AAAAGGCTGCTGCTGCTGCTGCTG	1
657	656	1	AAAGGCTGCTGCTGCTGCTGCTGC	1
658	657	1	AAGGCTGCTGCTGCTGCTGCTGCC	1
659	658	1	AGGCTGCTGCTGCTGCTGCTGCCG	1
660	659	1	GGCTGCTGCTGCTGCTGCTGCCGA	1
661	660	1	GCTGCTGCTGCTGCTGCTGCCGAA	1
662	661	1	CTGCTGCTGCTGCTGCTGCCGAAG	1
663	662	1	TGCTGCTGCTGCTGCTGCCGAAGA	1
664	663	2	GCTGCTGCTGCTGCTGCCGAAGAA	1
665	664	2	CTGCTGCTGCTGCTGCCGAAGAAG	1
666	665	2	TGCTGCTGCTGCTGCCGAAGAAGA	1
667	666	2	GCTGCTGCTGCTGCCGAAGAAGAA	1
668	667	2	CTGCTGCTGCTGCCGAAGAAGAAG	1
669	668	2	TGCTGCTGCTGCCGAAGAAGAAGC	1
670	669	2	GCTGCTGCTGCCGAAGAAGAAGCT	1
671	670	2	CTGCTGCTGCCGAAGAAGAAGCTC	1
672	671	2	TGCTGCTGCCGAAGAAGAAGCTCA	1
673	672	2	GCTGCTGCCGAAGAAGAAGCTCAA	1
674	673	2	CTGCTGCCGAAGAAGAAGCTCAAT	1
675	674	2	TGCTGCCGAAGAAGAAGCTCAATT	1
676	675	2	GCTGCCGAAGAAGAAGCTCAATTG	1
677	676	2	CTGCCGAAGAAGAAGCTCAATTGG	1
678	677	2	TGCCGAAGAAGAAGCTCAATTGGC	1
679	678	3	GCCGAAGAAGAAGCTCAATTGGCT	1
680	679	3	CCGAAGAAGAAGCTCAATTGGCTG	1
681	680	3	CGAAGAAGAAGCTCAATTGGCTGC	1
682	681	3	GAAGAAGAAGCTCAATTGGCTGCT	1
683	682	3	AAGAAGAAGCTCAATTGGCTGCTC	1
684	683	4	AGAAGAAGCTCAATTGGCTGCTCA	1
685	684	4	GAAGAAGCTCAATTGGCTGCTCAA	1
686	685	5	AAGAAGCTCAATTGGCTGCTCAAA	1
687	686	5	AGAAGCTCAATTGGCTGCTCAAAC	1
688	687	5	GAAGCTCAATTGGCTGCTCAAACT	1
689	688	5	AAGCTCAATTGGCTGCTCAAACTG	1
690	689	6	AGCTCAATTGGCTGCTCAAACTGC	1
691	690	6	GCTCAATTGGCTGCTCAAACTGCT	1
692	691	8	CTCAATTGGCTGCTCAAACTGCTG	1
693	692	8	TCAATTGGCTGCTCAAACTGCTGC	1
694	693	8	CAATTGGCTGCTCAAACTGCTGCT	1
695	694	8	AATTGGCTGCTCAAACTGCTGCTG	1
696	695	8	ATTGGCTGCTCAAACTGCTGCTGC	1
697	696	8	TTGGCTGCTCAAACTGCTGCTGCT	1
698	697	8	TGGCTGCTCAAACTGCTGCTGCTG	1
699	698	7	GGCTGCTCAAACTGCTGCTGCTGA	1
700	699	7	GCTGCTCAAACTGCTGCTGCTGAG	1
701	700	7	CTGCTCAAACTGCTGCTGCTGAGT	1
702	701	7	TGCTCAAACTGCTGCTGCTGAGTT	1
703	702	7	GCTCAAACTGCTGCTGCTGAGTTT	1
704	703	7	CTCAAACTGCTGCTGCTGAGTTTG	1
705	704	7	TCAAACTGCTGCTGCTGAGTTTGA	1
706	705	7	CAAACTGCTGCTGCTGAGTTTGAA	1
707	706	7	AAACTGCTGCTGCTGAGTTTGAAG	1
708	707	7	AACTGCTGCTGCTGAGTTTGAAGT	1
709	708	7	ACTGCTGCTGCTGAGTTTGAAGTC	1
710	709	7	CTGCTGCTGCTGAGTTTGAAGTCA	1
711	710	7	TGCTGCTGCTGAGTTTGAAGTCAC	1
712	711	7	GCTGCTGCTGAGTTTGAAGTCACA	1
713	712	8	CTGCTGCTGAGTTTGAAGTCACAG	1
714	713	8	TGCTGCTGAGTTTGAAGTCACAGA	1
715	714	8	GCTGCTGAGTTTGAAGTCACAGAC	1
716	715	8	CTGCTGAGTTTGAAGTCACAGACA	1
717	716	8	TGCTGAGTTTGAAGTCACAGACAG	1
718	717	8	GCTGAGTTTGAAGTCACAGACAGT	1
719	718	8	CTGAGTTTGAAGTCACAGACAGTG	1
720	719	8	TGAGTTTGAAGTCACAGACAGTGC	1
721	720	8	GAGTTTGAAGTCACAGACAGTGCT	1
722	721	8	AGTTTGAAGTCACAGACAGTGCTG	1
723	722	7	GTTTGAAGTCACAGACAGTGCTGC	1
724	723	7	TTTGAAGTCACAGACAGTGCTGCT	1
725	724	7	TTGAAGTCACAGACAGTGCTGCTG	1
726	725	7	TGAAGTCACAGACAGTGCTGCTGG	1
727	726	5	GAAGTCACAGACAGTGCTGCTGGA	1
728	727	5	AAGTCACAGACAGTGCTGCTGGAA	1
729	728	5	AGTCACAGACAGTGCTGCTGGAAC	1
730	729	4	GTCACAGACAGTGCTGCTGGAACC	1
731	730	4	TCACAGACAGTGCTGCTGGAACCG	1
732	731	4	CACAGACAGTGCTGCTGGAACCGT	1
733	732	4	ACAGACAGTGCTGCTGGAACCGTT	1
734	733	4	CAGACAGTGCTGCTGGAACCGTTG	1
735	734	4	AGACAGTGCTGCTGGAACCGTTGA	1
736	735	3	GACAGTGCTGCTGGAACCGTTGAC	1
737	736	4	ACAGTGCTGCTGGAACCGTTGACC	1
738	737	4	CAGTGCTGCTGGAACCGTTGACCC	1
739	738	4	AGTGCTGCTGGAACCGTTGACCCA	1
740	739	4	GTGCTGCTGGAACCGTTGACCCAA	1
741	740	4	TGCTGCTGGAACCGTTGACCCAAC	1
742	741	4	GCTGCTGGAACCGTTGACCCAACT	1
743	742	4	CTGCTGGAACCGTTGACCCAACTA	1
744	743	4	TGCTGGAACCGTTGACCCAACTAT	1
745	744	4	GCTGGAACCGTTGACCCAACTATA	1
746	745	4	CTGGAACCGTTGACCCAACTATAT	1
747	746	4	TGGAACCGTTGACCCAACTATATT	1
748	747	4	GGAACCGTTGACCCAACTATATTG	1
749	748	4	GAACCGTTGACCCAACTATATTGG	1
750	749	4	AACCGTTGACCCAACTATATTGGA	1
751	750	5	ACCGTTGACCCAACTATATTGGAC	1
752	751	4	CCGTTGACCCAACTATATTGGACA	1
753	752	4	CGTTGACCCAACTATATTGGACAA	1
754	753	4	GTTGACCCAACTATATTGGACAAT	1
755	754	4	TTGACCCAACTATATTGGACAATG	1
756	755	4	TGACCCAACTATATTGGACAATGC	1
757	756	3	GACCCAACTATATTGGACAATGCT	1
758	757	3	ACCCAACTATATTGGACAATGCTA	1
759	758	3	CCCAACTATATTGGACAATGCTAC	1
760	759	3	CCAACTATATTGGACAATGCTACT	1
761	760	3	CAACTATATTGGACAATGCTACTG	1
762	761	3	AACTATATTGGACAATGCTACTGC	1
763	762	3	ACTATATTGGACAATGCTACTGCC	1
764	763	3	CTATATTGGACAATGCTACTGCCG	1
765	764	3	TATATTGGACAATGCTACTGCCGG	1
766	765	3	ATATTGGACAATGCTACTGCCGGT	1
767	766	2	TATTGGACAATGCTACTGCCGGTC	1
768	767	2	ATTGGACAATGCTACTGCCGGTCA	1
769	768	2	TTGGACAATGCTACTGCCGGTCAG	1
770	769	2	TGGACAATGCTACTGCCGGTCAGG	1
771	770	2	GGACAATGCTACTGCCGGTCAGGT	1
772	771	3	GACAATGCTACTGCCGGTCAGGTT	1
773	772	3	ACAATGCTACTGCCGGTCAGGTTG	1
774	773	3	CAATGCTACTGCCGGTCAGGTTGG	1
775	774	3	AATGCTACTGCCGGTCAGGTTGGT	1
776	775	3	ATGCTACTGCCGGTCAGGTTGGTC	1
777	776	3	TGCTACTGCCGGTCAGGTTGGTCA	1
778	777	3	GCTACTGCCGGTCAGGTTGGTCAA	1
779	778	3	CTACTGCCGGTCAGGTTGGTCAAA	1
780	779	3	TACTGCCGGTCAGGTTGGTCAAAC	1
781	780	2	ACTGCCGGTCAGGTTGGTCAAACT	1
782	781	2	CTGCCGGTCAGGTTGGTCAAACTA	1
783	782	2	TGCCGGTCAGGTTGGTCAAACTAC	1
784	783	2	GCCGGTCAGGTTGGTCAAACTACT	1
785	784	2	CCGGTCAGGTTGGTCAAACTACTT	1
786	785	2	CGGTCAGGTTGGTCAAACTACTTG	1
787	786	2	GGTCAGGTTGGTCAAACTACTTGG	1
788	787	2	GTCAGGTTGGTCAAACTACTTGGG	1
789	788	2	TCAGGTTGGTCAAACTACTTGGGA	1
790	789	2	CAGGTTGGTCAAACTACTTGGGAA	1
791	790	2	AGGTTGGTCAAACTACTTGGGAAG	1
792	791	2	GGTTGGTCAAACTACTTGGGAAGG	1
793	792	2	GTTGGTCAAACTACTTGGGAAGGA	1
794	793	2	TTGGTCAAACTACTTGGGAAGGAG	1
795	794	1	TGGTCAAACTACTTGGGAAGGAGA	1
796	795	1	GGTCAAACTACTTGGGAAGGAGAC	1
797	796	1	GTCAAACTACTTGGGAAGGAGACG	1
798	797	1	TCAAACTACTTGGGAAGGAGACGC	1
799	798	1	CAAACTACTTGGGAAGGAGACGCT	1
800	799	1	AAACTACTTGGGAAGGAGACGCTG	1
801	800	1	AACTACTTGGGAAGGAGACGCTGA	1
802	801	1	ACTACTTGGGAAGGAGACGCTGAA	1
803	802	1	CTACTTGGGAAGGAGACGCTGAAT	1
804	803	1	TACTTGGGAAGGAGACGCTGAATG	1
805	804	1	ACTTGGGAAGGAGACGCTGAATGG	1
806	805	1	CTTGGGAAGGAGACGCTGAATGGA	1
807	806	1	TTGGGAAGGAGACGCTGAATGGAA	1
808	807	1	TGGGAAGGAGACGCTGAATGGAAT	1
809	808	1	GGGAAGGAGACGCTGAATGGAATA	1
810	809	1	GGAAGGAGACGCTGAATGGAATAT	1
811	810	1	GAAGGAGACGCTGAATGGAATATT	1
812	811	1	AAGGAGACGCTGAATGGAATATTA	1
813	812	1	AGGAGACGCTGAATGGAATATTAC	1
814	813	1	GGAGACGCTGAATGGAATATTACC	1
815	814	1	GAGACGCTGAATGGAATATTACCG	1
816	-1	0	TTGTTTATTTCCCATTTCATGCAG	1
817	816	1	TGTTTATTTCCCATTTCATGCAGC	1
818	817	1	GTTTATTTCCCATTTCATGCAGCT	1
819	818	2	TTTATTTCCCATTTCATGCAGCTA	1
820	819	2	TTATTTCCCATTTCATGCAGCTAA	1
821	820	2	TATTTCCCATTTCATGCAGCTAAA	1
822	821	2	ATTTCCCATTTCATGCAGCTAAAA	1
823	822	2	TTTCCCATTTCATGCAGCTAAAAA	1
824	823	3	TTCCCATTTCATGCAGCTAAAAAA	1
825	824	3	TCCCATTTCATGCAGCTAAAAAAC	1
826	825	3	CCCATTTCATGCAGCTAAAAAACC	1
827	826	3	CCATTTCATGCAGCTAAAAAACCA	1
828	827	3	CATTTCATGCAGCTAAAAAACCAT	1
829	828	3	ATTTCATGCAGCTAAAAAACCATA	1
830	829	3	TTTCATGCAGCTAAAAAACCATAT	1
831	830	3	TTCATGCAGCTAAAAAACCATATC	1
832	831	3	TCATGCAGCTAAAAAACCATATCT	1
833	832	3	CATGCAGCTAAAAAACCATATCTT	1
834	833	3	ATGCAGCTAAAAAACCATATCTTT	1
835	834	3	TGCAGCTAAAAAACCATATCTTTG	1
836	835	3	GCAGCTAAAAAACCATATCTTTGA	1
837	836	3	CAGCTAAAAAACCATATCTTTGAG	1
838	837	3	AGCTAAAAAACCATATCTTTGAGA	1
839	838	3	GCTAAAAAACCATATCTTTGAGAT	1
840	839	3	CTAAAAAACCATATCTTTGAGATC	1
841	840	3	TAAAAAACCATATCTTTGAGATCA	1
842	841	3	AAAAAACCATATCTTTGAGATCAC	1
843	842	3	AAAAACCATATCTTTGAGATCACG	1
844	843	3	AAAACCATATCTTTGAGATCACGT	1
845	844	3	AAACCATATCTTTGAGATCACGTT	1
846	845	3	AACCATATCTTTGAGATCACGTTA	1
847	846	3	ACCATATCTTTGAGATCACGTTAT	1
848	847	3	CCATATCTTTGAGATCACGTTATG	1
849	848	3	CATATCTTTGAGATCACGTTATGC	1
850	849	3	ATATCTTTGAGATCACGTTATGCT	1
851	850	3	TATCTTTGAGATCACGTTATGCTA	1
852	851	3	ATCTTTGAGATCACGTTATGCTAA	1
853	852	3	TCTTTGAGATCACGTTATGCTAAT	1
854	853	3	CTTTGAGATCACGTTATGCTAATA	1
855	854	3	TTTGAGATCACGTTATGCTAATAA	1
856	855	3	TTGAGATCACGTTATGCTAATAAA	1
857	856	3	TGAGATCACGTTATGCTAATAAAT	1
858	857	3	GAGATCACGTTATGCTAATAAATA	1
859	858	3	AGATCACGTTATGCTAATAAATAA	1
860	859	3	GATCACGTTATGCTAATAAATAAG	1
861	860	2	ATCACGTTATGCTAATAAATAAGA	1
862	861	2	TCACGTTATGCTAATAAATAAGAG	1
863	862	1	CACGTTATGCTAATAAATAAGAGC	1
864	863	1	ACGTTATGCTAATAAATAAGAGCC	1
865	864	1	CGTTATGCTAATAAATAAGAGCCA	1
866	865	1	GTTATGCTAATAAATAAGAGCCAT	1
867	866	1	TTATGCTAATAAATAAGAGCCATT	1
