Component 551
1	-1	0	ATCTCATCTCACCACTCGGTTTCT	1
2	1	1	TCTCATCTCACCACTCGGTTTCTA	1
3	2	1	CTCATCTCACCACTCGGTTTCTAG	1
4	3	1	TCATCTCACCACTCGGTTTCTAGC	1
5	4	1	CATCTCACCACTCGGTTTCTAGCC	1
6	5	1	ATCTCACCACTCGGTTTCTAGCCC	1
7	6	1	TCTCACCACTCGGTTTCTAGCCCA	1
8	7	2	CTCACCACTCGGTTTCTAGCCCAA	1
9	8	2	TCACCACTCGGTTTCTAGCCCAAC	1
10	9	2	CACCACTCGGTTTCTAGCCCAACT	1
11	10	2	ACCACTCGGTTTCTAGCCCAACTT	1
12	11	2	CCACTCGGTTTCTAGCCCAACTTA	1
13	12	2	CACTCGGTTTCTAGCCCAACTTAA	1
14	13	2	ACTCGGTTTCTAGCCCAACTTAAC	1
15	14	2	CTCGGTTTCTAGCCCAACTTAACT	1
16	15	2	TCGGTTTCTAGCCCAACTTAACTC	1
17	16	2	CGGTTTCTAGCCCAACTTAACTCA	1
18	17	2	GGTTTCTAGCCCAACTTAACTCAG	1
19	18	2	GTTTCTAGCCCAACTTAACTCAGC	1
20	19	2	TTTCTAGCCCAACTTAACTCAGCT	1
21	20	2	TTCTAGCCCAACTTAACTCAGCTC	1
22	21	2	TCTAGCCCAACTTAACTCAGCTCA	1
23	22	2	CTAGCCCAACTTAACTCAGCTCAA	1
24	23	2	TAGCCCAACTTAACTCAGCTCAAC	1
25	24	2	AGCCCAACTTAACTCAGCTCAACT	1
26	25	3	GCCCAACTTAACTCAGCTCAACTC	1
27	26	4	CCCAACTTAACTCAGCTCAACTCA	1
28	27	4	CCAACTTAACTCAGCTCAACTCAG	1
29	28	4	CAACTTAACTCAGCTCAACTCAGT	1
30	29	4	AACTTAACTCAGCTCAACTCAGTT	1
31	30	4	ACTTAACTCAGCTCAACTCAGTTC	1
32	31	4	CTTAACTCAGCTCAACTCAGTTCT	1
33	32	4	TTAACTCAGCTCAACTCAGTTCTA	1
34	33	4	TAACTCAGCTCAACTCAGTTCTAC	1
35	34	4	AACTCAGCTCAACTCAGTTCTACT	1
36	35	4	ACTCAGCTCAACTCAGTTCTACTT	1
37	36	4	CTCAGCTCAACTCAGTTCTACTTA	1
38	37	4	TCAGCTCAACTCAGTTCTACTTAG	1
39	38	4	CAGCTCAACTCAGTTCTACTTAGA	1
40	39	4	AGCTCAACTCAGTTCTACTTAGAA	1
41	40	4	GCTCAACTCAGTTCTACTTAGAAC	1
42	41	6	CTCAACTCAGTTCTACTTAGAACC	1
43	42	6	TCAACTCAGTTCTACTTAGAACCG	1
44	43	6	CAACTCAGTTCTACTTAGAACCGA	1
45	44	6	AACTCAGTTCTACTTAGAACCGAT	1
46	45	5	ACTCAGTTCTACTTAGAACCGATT	1
47	46	5	CTCAGTTCTACTTAGAACCGATTT	1
48	47	5	TCAGTTCTACTTAGAACCGATTTG	1
49	48	5	CAGTTCTACTTAGAACCGATTTGC	1
50	49	5	AGTTCTACTTAGAACCGATTTGCT	1
51	50	5	GTTCTACTTAGAACCGATTTGCTC	1
52	51	4	TTCTACTTAGAACCGATTTGCTCC	1
53	52	4	TCTACTTAGAACCGATTTGCTCCT	1
54	53	4	CTACTTAGAACCGATTTGCTCCTC	1
55	54	4	TACTTAGAACCGATTTGCTCCTCT	1
56	55	4	ACTTAGAACCGATTTGCTCCTCTT	1
57	56	4	CTTAGAACCGATTTGCTCCTCTTT	1
58	57	4	TTAGAACCGATTTGCTCCTCTTTC	1
59	58	4	TAGAACCGATTTGCTCCTCTTTCT	1
60	59	4	AGAACCGATTTGCTCCTCTTTCTT	1
61	60	4	GAACCGATTTGCTCCTCTTTCTTA	1
62	61	4	AACCGATTTGCTCCTCTTTCTTAA	1
63	62	4	ACCGATTTGCTCCTCTTTCTTAAA	1
64	63	4	CCGATTTGCTCCTCTTTCTTAAAA	1
65	64	5	CGATTTGCTCCTCTTTCTTAAAAA	1
66	65	8	GATTTGCTCCTCTTTCTTAAAAAC	1
67	66	8	ATTTGCTCCTCTTTCTTAAAAACT	1
68	67	8	TTTGCTCCTCTTTCTTAAAAACTT	1
69	68	8	TTGCTCCTCTTTCTTAAAAACTTA	1
70	69	7	TGCTCCTCTTTCTTAAAAACTTAC	1
71	70	6	GCTCCTCTTTCTTAAAAACTTACT	1
72	71	7	CTCCTCTTTCTTAAAAACTTACTT	1
73	72	7	TCCTCTTTCTTAAAAACTTACTTC	1
74	73	7	CCTCTTTCTTAAAAACTTACTTCA	1
75	74	7	CTCTTTCTTAAAAACTTACTTCAG	1
76	75	7	TCTTTCTTAAAAACTTACTTCAGC	1
77	76	7	CTTTCTTAAAAACTTACTTCAGCT	1
78	77	7	TTTCTTAAAAACTTACTTCAGCTA	1
79	78	7	TTCTTAAAAACTTACTTCAGCTAG	1
80	79	7	TCTTAAAAACTTACTTCAGCTAGG	1
81	80	7	CTTAAAAACTTACTTCAGCTAGGA	1
82	81	7	TTAAAAACTTACTTCAGCTAGGAT	1
83	82	7	TAAAAACTTACTTCAGCTAGGATT	1
84	83	7	AAAAACTTACTTCAGCTAGGATTC	1
85	84	7	AAAACTTACTTCAGCTAGGATTCA	1
86	85	5	AAACTTACTTCAGCTAGGATTCAC	1
87	86	5	AACTTACTTCAGCTAGGATTCACC	1
88	87	5	ACTTACTTCAGCTAGGATTCACCT	1
89	88	5	CTTACTTCAGCTAGGATTCACCTG	1
90	89	5	TTACTTCAGCTAGGATTCACCTGG	1
91	90	5	TACTTCAGCTAGGATTCACCTGGC	1
92	91	5	ACTTCAGCTAGGATTCACCTGGCC	1
93	92	5	CTTCAGCTAGGATTCACCTGGCCA	1
94	93	5	TTCAGCTAGGATTCACCTGGCCAG	1
95	94	5	TCAGCTAGGATTCACCTGGCCAGC	1
96	95	5	CAGCTAGGATTCACCTGGCCAGCT	1
97	96	5	AGCTAGGATTCACCTGGCCAGCTT	1
98	97	5	GCTAGGATTCACCTGGCCAGCTTA	1
99	98	6	CTAGGATTCACCTGGCCAGCTTAT	1
100	99	6	TAGGATTCACCTGGCCAGCTTATT	1
101	100	6	AGGATTCACCTGGCCAGCTTATTC	1
102	101	6	GGATTCACCTGGCCAGCTTATTCA	1
103	102	6	GATTCACCTGGCCAGCTTATTCAA	1
104	103	6	ATTCACCTGGCCAGCTTATTCAAC	1
105	104	6	TTCACCTGGCCAGCTTATTCAACT	1
106	105	6	TCACCTGGCCAGCTTATTCAACTT	1
107	106	6	CACCTGGCCAGCTTATTCAACTTC	1
108	107	6	ACCTGGCCAGCTTATTCAACTTCA	1
109	108	5	CCTGGCCAGCTTATTCAACTTCAT	1
110	109	2	CTGGCCAGCTTATTCAACTTCATT	1
111	110	2	TGGCCAGCTTATTCAACTTCATTC	1
112	111	2	GGCCAGCTTATTCAACTTCATTCC	1
113	112	2	GCCAGCTTATTCAACTTCATTCCC	1
114	113	2	CCAGCTTATTCAACTTCATTCCCC	1
115	114	3	CAGCTTATTCAACTTCATTCCCCG	1
116	115	2	AGCTTATTCAACTTCATTCCCCGT	1
117	116	2	GCTTATTCAACTTCATTCCCCGTT	1
118	117	2	CTTATTCAACTTCATTCCCCGTTT	1
119	118	3	TTATTCAACTTCATTCCCCGTTTC	1
120	119	3	TATTCAACTTCATTCCCCGTTTCT	1
121	120	3	ATTCAACTTCATTCCCCGTTTCTT	1
122	121	3	TTCAACTTCATTCCCCGTTTCTTG	1
123	122	3	TCAACTTCATTCCCCGTTTCTTGT	1
124	123	3	CAACTTCATTCCCCGTTTCTTGTT	1
125	124	3	AACTTCATTCCCCGTTTCTTGTTG	1
126	125	3	ACTTCATTCCCCGTTTCTTGTTGA	1
127	126	3	CTTCATTCCCCGTTTCTTGTTGAT	1
128	127	3	TTCATTCCCCGTTTCTTGTTGATT	1
129	128	3	TCATTCCCCGTTTCTTGTTGATTC	1
130	129	3	CATTCCCCGTTTCTTGTTGATTCA	1
131	130	3	ATTCCCCGTTTCTTGTTGATTCAG	1
132	131	3	TTCCCCGTTTCTTGTTGATTCAGG	1
133	132	3	TCCCCGTTTCTTGTTGATTCAGGT	1
134	133	3	CCCCGTTTCTTGTTGATTCAGGTT	1
135	134	3	CCCGTTTCTTGTTGATTCAGGTTT	1
136	135	3	CCGTTTCTTGTTGATTCAGGTTTC	1
137	136	3	CGTTTCTTGTTGATTCAGGTTTCG	1
138	137	3	GTTTCTTGTTGATTCAGGTTTCGT	1
139	138	3	TTTCTTGTTGATTCAGGTTTCGTT	1
140	139	3	TTCTTGTTGATTCAGGTTTCGTTT	1
141	140	3	TCTTGTTGATTCAGGTTTCGTTTA	1
142	141	3	CTTGTTGATTCAGGTTTCGTTTAC	1
143	142	2	TTGTTGATTCAGGTTTCGTTTACT	1
144	143	2	TGTTGATTCAGGTTTCGTTTACTC	1
145	144	3	GTTGATTCAGGTTTCGTTTACTCC	1
146	145	3	TTGATTCAGGTTTCGTTTACTCCA	1
147	146	3	TGATTCAGGTTTCGTTTACTCCAT	1
148	147	3	GATTCAGGTTTCGTTTACTCCATC	1
149	148	3	ATTCAGGTTTCGTTTACTCCATCA	1
150	149	3	TTCAGGTTTCGTTTACTCCATCAT	1
151	150	4	TCAGGTTTCGTTTACTCCATCATG	1
152	151	4	CAGGTTTCGTTTACTCCATCATGA	1
153	152	5	AGGTTTCGTTTACTCCATCATGAA	1
154	153	5	GGTTTCGTTTACTCCATCATGAAA	1
155	154	5	GTTTCGTTTACTCCATCATGAAAA	1
156	155	5	TTTCGTTTACTCCATCATGAAAAA	1
157	156	5	TTCGTTTACTCCATCATGAAAAAA	1
158	157	4	TCGTTTACTCCATCATGAAAAAAG	1
159	158	3	CGTTTACTCCATCATGAAAAAAGA	1
160	159	3	GTTTACTCCATCATGAAAAAAGAT	1
161	160	3	TTTACTCCATCATGAAAAAAGATC	1
162	161	3	TTACTCCATCATGAAAAAAGATCT	1
163	162	3	TACTCCATCATGAAAAAAGATCTC	1
164	163	3	ACTCCATCATGAAAAAAGATCTCG	1
165	164	3	CTCCATCATGAAAAAAGATCTCGA	1
166	165	3	TCCATCATGAAAAAAGATCTCGAC	1
167	166	3	CCATCATGAAAAAAGATCTCGACG	1
168	167	3	CATCATGAAAAAAGATCTCGACGA	1
169	168	3	ATCATGAAAAAAGATCTCGACGAA	1
170	169	3	TCATGAAAAAAGATCTCGACGAAA	1
171	170	3	CATGAAAAAAGATCTCGACGAAAT	1
172	171	3	ATGAAAAAAGATCTCGACGAAATC	1
173	172	3	TGAAAAAAGATCTCGACGAAATCG	1
174	173	3	GAAAAAAGATCTCGACGAAATCGA	1
175	174	3	AAAAAAGATCTCGACGAAATCGAC	1
176	175	3	AAAAAGATCTCGACGAAATCGACA	1
177	176	3	AAAAGATCTCGACGAAATCGACAC	1
178	177	3	AAAGATCTCGACGAAATCGACACT	1
179	178	3	AAGATCTCGACGAAATCGACACTG	1
180	179	3	AGATCTCGACGAAATCGACACTGA	1
181	180	4	GATCTCGACGAAATCGACACTGAC	1
182	181	4	ATCTCGACGAAATCGACACTGACA	1
183	182	4	TCTCGACGAAATCGACACTGACAT	1
184	183	4	CTCGACGAAATCGACACTGACATT	1
185	184	4	TCGACGAAATCGACACTGACATTG	1
186	185	4	CGACGAAATCGACACTGACATTGT	1
187	186	4	GACGAAATCGACACTGACATTGTC	1
188	187	4	ACGAAATCGACACTGACATTGTCA	1
189	188	3	CGAAATCGACACTGACATTGTCAC	1
190	189	3	GAAATCGACACTGACATTGTCACA	1
191	190	5	AAATCGACACTGACATTGTCACAC	1
192	191	5	AATCGACACTGACATTGTCACACT	1
193	192	5	ATCGACACTGACATTGTCACACTT	1
194	193	5	TCGACACTGACATTGTCACACTTT	1
195	194	4	CGACACTGACATTGTCACACTTTC	1
196	195	4	GACACTGACATTGTCACACTTTCC	1
197	196	3	ACACTGACATTGTCACACTTTCCT	1
198	197	3	CACTGACATTGTCACACTTTCCTC	1
199	198	3	ACTGACATTGTCACACTTTCCTCC	1
200	199	3	CTGACATTGTCACACTTTCCTCCT	1
201	200	3	TGACATTGTCACACTTTCCTCCTT	1
202	201	3	GACATTGTCACACTTTCCTCCTTT	1
203	202	3	ACATTGTCACACTTTCCTCCTTTA	1
204	203	3	CATTGTCACACTTTCCTCCTTTAT	1
205	204	3	ATTGTCACACTTTCCTCCTTTATT	1
206	205	3	TTGTCACACTTTCCTCCTTTATTT	1
207	206	3	TGTCACACTTTCCTCCTTTATTTT	1
208	207	3	GTCACACTTTCCTCCTTTATTTTG	1
209	208	3	TCACACTTTCCTCCTTTATTTTGC	1
210	209	4	CACACTTTCCTCCTTTATTTTGCA	1
211	210	4	ACACTTTCCTCCTTTATTTTGCAG	1
212	211	4	CACTTTCCTCCTTTATTTTGCAGG	1
213	212	4	ACTTTCCTCCTTTATTTTGCAGGA	1
214	213	4	CTTTCCTCCTTTATTTTGCAGGAA	1
215	214	4	TTTCCTCCTTTATTTTGCAGGAAC	1
216	215	4	TTCCTCCTTTATTTTGCAGGAACA	1
217	216	4	TCCTCCTTTATTTTGCAGGAACAG	1
218	217	4	CCTCCTTTATTTTGCAGGAACAGC	1
219	218	3	CTCCTTTATTTTGCAGGAACAGCG	1
220	219	3	TCCTTTATTTTGCAGGAACAGCGC	1
221	220	3	CCTTTATTTTGCAGGAACAGCGCC	1
222	221	3	CTTTATTTTGCAGGAACAGCGCCG	1
223	222	3	TTTATTTTGCAGGAACAGCGCCGA	1
224	223	2	TTATTTTGCAGGAACAGCGCCGAT	1
225	224	2	TATTTTGCAGGAACAGCGCCGATA	1
226	225	2	ATTTTGCAGGAACAGCGCCGATAC	1
227	226	2	TTTTGCAGGAACAGCGCCGATACA	1
228	227	2	TTTGCAGGAACAGCGCCGATACAA	1
229	228	2	TTGCAGGAACAGCGCCGATACAAT	1
230	229	2	TGCAGGAACAGCGCCGATACAATC	1
231	230	2	GCAGGAACAGCGCCGATACAATCA	1
232	231	2	CAGGAACAGCGCCGATACAATCAG	1
233	232	2	AGGAACAGCGCCGATACAATCAGA	1
234	233	2	GGAACAGCGCCGATACAATCAGAA	1
235	234	1	GAACAGCGCCGATACAATCAGAAG	1
236	235	1	AACAGCGCCGATACAATCAGAAGC	1
237	236	1	ACAGCGCCGATACAATCAGAAGCA	1
238	237	1	CAGCGCCGATACAATCAGAAGCAT	1
239	238	1	AGCGCCGATACAATCAGAAGCATA	1
240	239	1	GCGCCGATACAATCAGAAGCATAA	1
241	240	1	CGCCGATACAATCAGAAGCATAAA	1
242	241	2	GCCGATACAATCAGAAGCATAAAA	1
243	242	2	CCGATACAATCAGAAGCATAAAAA	1
244	243	2	CGATACAATCAGAAGCATAAAAAT	1
245	244	2	GATACAATCAGAAGCATAAAAATG	1
246	245	2	ATACAATCAGAAGCATAAAAATGA	1
247	246	2	TACAATCAGAAGCATAAAAATGAA	1
248	247	2	ACAATCAGAAGCATAAAAATGAAG	1
249	248	2	CAATCAGAAGCATAAAAATGAAGA	1
250	249	2	AATCAGAAGCATAAAAATGAAGAA	1
251	250	2	ATCAGAAGCATAAAAATGAAGAAG	1
252	251	2	TCAGAAGCATAAAAATGAAGAAGG	1
253	252	2	CAGAAGCATAAAAATGAAGAAGGA	1
254	253	1	AGAAGCATAAAAATGAAGAAGGAA	1
255	254	1	GAAGCATAAAAATGAAGAAGGAAA	1
256	255	1	AAGCATAAAAATGAAGAAGGAAAA	1
257	256	1	AGCATAAAAATGAAGAAGGAAAAC	1
258	257	1	GCATAAAAATGAAGAAGGAAAACC	1
259	258	1	CATAAAAATGAAGAAGGAAAACCT	1
260	259	1	ATAAAAATGAAGAAGGAAAACCTT	1
261	260	1	TAAAAATGAAGAAGGAAAACCTTG	1
262	261	1	AAAAATGAAGAAGGAAAACCTTGC	1
263	262	1	AAAATGAAGAAGGAAAACCTTGCA	1
264	263	1	AAATGAAGAAGGAAAACCTTGCAT	1
265	264	1	AATGAAGAAGGAAAACCTTGCATT	1
266	265	1	ATGAAGAAGGAAAACCTTGCATTA	1
267	266	1	TGAAGAAGGAAAACCTTGCATTAT	1
268	267	1	GAAGAAGGAAAACCTTGCATTATT	1
269	268	1	AAGAAGGAAAACCTTGCATTATTC	1
270	269	1	AGAAGGAAAACCTTGCATTATTCA	1
271	270	2	GAAGGAAAACCTTGCATTATTCAA	1
272	271	2	AAGGAAAACCTTGCATTATTCAAG	1
273	272	2	AGGAAAACCTTGCATTATTCAAGA	1
274	273	2	GGAAAACCTTGCATTATTCAAGAG	1
275	274	2	GAAAACCTTGCATTATTCAAGAGG	1
276	275	2	AAAACCTTGCATTATTCAAGAGGC	1
277	276	2	AAACCTTGCATTATTCAAGAGGCT	1
278	277	2	AACCTTGCATTATTCAAGAGGCTA	1
279	278	2	ACCTTGCATTATTCAAGAGGCTAG	1
280	279	2	CCTTGCATTATTCAAGAGGCTAGT	1
281	280	2	CTTGCATTATTCAAGAGGCTAGTG	1
282	281	2	TTGCATTATTCAAGAGGCTAGTGG	1
283	282	2	TGCATTATTCAAGAGGCTAGTGGG	1
284	283	2	GCATTATTCAAGAGGCTAGTGGGG	1
285	284	2	CATTATTCAAGAGGCTAGTGGGGA	1
286	285	1	ATTATTCAAGAGGCTAGTGGGGAA	1
287	286	2	TTATTCAAGAGGCTAGTGGGGAAT	1
288	287	2	TATTCAAGAGGCTAGTGGGGAATT	1
289	288	2	ATTCAAGAGGCTAGTGGGGAATTG	1
290	289	3	TTCAAGAGGCTAGTGGGGAATTGT	1
291	290	3	TCAAGAGGCTAGTGGGGAATTGTC	1
292	291	3	CAAGAGGCTAGTGGGGAATTGTCA	1
293	292	3	AAGAGGCTAGTGGGGAATTGTCAT	1
294	293	3	AGAGGCTAGTGGGGAATTGTCATT	1
295	294	3	GAGGCTAGTGGGGAATTGTCATTA	1
296	295	3	AGGCTAGTGGGGAATTGTCATTAC	1
297	296	3	GGCTAGTGGGGAATTGTCATTACT	1
298	297	3	GCTAGTGGGGAATTGTCATTACTG	1
299	298	3	CTAGTGGGGAATTGTCATTACTGC	1
300	299	3	TAGTGGGGAATTGTCATTACTGCT	1
301	300	3	AGTGGGGAATTGTCATTACTGCTA	1
302	301	3	GTGGGGAATTGTCATTACTGCTAA	1
303	302	3	TGGGGAATTGTCATTACTGCTAAA	1
304	303	3	GGGGAATTGTCATTACTGCTAAAC	1
305	304	3	GGGAATTGTCATTACTGCTAAACA	1
306	305	3	GGAATTGTCATTACTGCTAAACAG	1
307	306	3	GAATTGTCATTACTGCTAAACAGT	1
308	307	3	AATTGTCATTACTGCTAAACAGTT	1
309	308	3	ATTGTCATTACTGCTAAACAGTTT	1
310	309	3	TTGTCATTACTGCTAAACAGTTTA	1
311	310	3	TGTCATTACTGCTAAACAGTTTAC	1
312	311	3	GTCATTACTGCTAAACAGTTTACA	1
313	312	3	TCATTACTGCTAAACAGTTTACAA	1
314	313	3	CATTACTGCTAAACAGTTTACAAT	1
315	314	2	ATTACTGCTAAACAGTTTACAATT	1
316	315	2	TTACTGCTAAACAGTTTACAATTC	1
317	316	2	TACTGCTAAACAGTTTACAATTCA	1
318	317	2	ACTGCTAAACAGTTTACAATTCAG	1
319	318	2	CTGCTAAACAGTTTACAATTCAGC	1
320	319	2	TGCTAAACAGTTTACAATTCAGCT	1
321	320	2	GCTAAACAGTTTACAATTCAGCTT	1
322	321	2	CTAAACAGTTTACAATTCAGCTTC	1
323	322	2	TAAACAGTTTACAATTCAGCTTCA	1
324	323	2	AAACAGTTTACAATTCAGCTTCAA	1
325	324	2	AACAGTTTACAATTCAGCTTCAAA	1
326	325	2	ACAGTTTACAATTCAGCTTCAAAT	1
327	326	2	CAGTTTACAATTCAGCTTCAAATT	1
328	327	2	AGTTTACAATTCAGCTTCAAATTC	1
329	328	2	GTTTACAATTCAGCTTCAAATTCA	1
330	329	2	TTTACAATTCAGCTTCAAATTCAT	1
331	330	1	TTACAATTCAGCTTCAAATTCATC	1
332	331	1	TACAATTCAGCTTCAAATTCATCG	1
333	332	2	ACAATTCAGCTTCAAATTCATCGC	1
334	333	1	CAATTCAGCTTCAAATTCATCGCC	1
335	334	1	AATTCAGCTTCAAATTCATCGCCA	1
336	335	1	ATTCAGCTTCAAATTCATCGCCAA	1
337	336	1	TTCAGCTTCAAATTCATCGCCAAC	1
338	337	1	TCAGCTTCAAATTCATCGCCAACA	1
339	338	2	CAGCTTCAAATTCATCGCCAACAC	1
340	339	2	AGCTTCAAATTCATCGCCAACACC	1
341	340	2	GCTTCAAATTCATCGCCAACACCA	1
342	341	2	CTTCAAATTCATCGCCAACACCAT	1
343	342	2	TTCAAATTCATCGCCAACACCATT	1
344	343	2	TCAAATTCATCGCCAACACCATTC	1
345	344	2	CAAATTCATCGCCAACACCATTCG	1
346	345	2	AAATTCATCGCCAACACCATTCGT	1
347	346	2	AATTCATCGCCAACACCATTCGTA	1
348	347	2	ATTCATCGCCAACACCATTCGTAA	1
349	348	2	TTCATCGCCAACACCATTCGTAAA	1
350	349	2	TCATCGCCAACACCATTCGTAAAG	1
351	350	2	CATCGCCAACACCATTCGTAAAGC	1
352	351	2	ATCGCCAACACCATTCGTAAAGCA	1
353	352	2	TCGCCAACACCATTCGTAAAGCAG	1
354	353	2	CGCCAACACCATTCGTAAAGCAGA	1
355	354	1	GCCAACACCATTCGTAAAGCAGAG	1
356	355	1	CCAACACCATTCGTAAAGCAGAGT	1
357	356	1	CAACACCATTCGTAAAGCAGAGTT	1
358	357	1	AACACCATTCGTAAAGCAGAGTTG	1
359	358	1	ACACCATTCGTAAAGCAGAGTTGG	1
360	359	1	CACCATTCGTAAAGCAGAGTTGGT	1
361	360	1	ACCATTCGTAAAGCAGAGTTGGTA	1
362	361	1	CCATTCGTAAAGCAGAGTTGGTAA	1
363	362	1	CATTCGTAAAGCAGAGTTGGTAAA	1
364	363	1	ATTCGTAAAGCAGAGTTGGTAAAT	1
365	364	1	TTCGTAAAGCAGAGTTGGTAAATC	1
366	365	1	TCGTAAAGCAGAGTTGGTAAATCT	1
367	366	1	CGTAAAGCAGAGTTGGTAAATCTC	1
368	367	1	GTAAAGCAGAGTTGGTAAATCTCA	1
369	368	1	TAAAGCAGAGTTGGTAAATCTCAT	1
370	369	1	AAAGCAGAGTTGGTAAATCTCATT	1
371	370	1	AAGCAGAGTTGGTAAATCTCATTG	1
372	371	1	AGCAGAGTTGGTAAATCTCATTGG	1
373	372	1	GCAGAGTTGGTAAATCTCATTGGT	1
374	373	1	CAGAGTTGGTAAATCTCATTGGTT	1
375	374	1	AGAGTTGGTAAATCTCATTGGTTT	1
376	375	1	GAGTTGGTAAATCTCATTGGTTTA	1
377	376	1	AGTTGGTAAATCTCATTGGTTTAT	1
378	377	1	GTTGGTAAATCTCATTGGTTTATC	1
379	378	1	TTGGTAAATCTCATTGGTTTATCG	1
380	379	1	TGGTAAATCTCATTGGTTTATCGG	1
381	380	1	GGTAAATCTCATTGGTTTATCGGG	1
382	381	1	GTAAATCTCATTGGTTTATCGGGA	1
383	-1	0	CTTAAGGCCTGGTAAAGAAATGGT	1
384	383	1	TTAAGGCCTGGTAAAGAAATGGTT	1
385	384	1	TAAGGCCTGGTAAAGAAATGGTTG	1
386	385	1	AAGGCCTGGTAAAGAAATGGTTGC	1
387	386	1	AGGCCTGGTAAAGAAATGGTTGCT	1
388	387	1	GGCCTGGTAAAGAAATGGTTGCTG	1
389	388	1	GCCTGGTAAAGAAATGGTTGCTGC	1
390	389	1	CCTGGTAAAGAAATGGTTGCTGCT	1
391	390	1	CTGGTAAAGAAATGGTTGCTGCTG	1
392	391	1	TGGTAAAGAAATGGTTGCTGCTGG	1
393	392	1	GGTAAAGAAATGGTTGCTGCTGGC	1
394	393	1	GTAAAGAAATGGTTGCTGCTGGCT	1
395	394	1	TAAAGAAATGGTTGCTGCTGGCTA	1
396	395	1	AAAGAAATGGTTGCTGCTGGCTAT	1
397	396	1	AAGAAATGGTTGCTGCTGGCTATA	1
398	397	1	AGAAATGGTTGCTGCTGGCTATAC	1
399	398	2	GAAATGGTTGCTGCTGGCTATACT	1
400	399	2	AAATGGTTGCTGCTGGCTATACTA	1
401	400	2	AATGGTTGCTGCTGGCTATACTAT	1
402	401	2	ATGGTTGCTGCTGGCTATACTATG	1
403	402	2	TGGTTGCTGCTGGCTATACTATGT	1
404	403	2	GGTTGCTGCTGGCTATACTATGTA	1
405	404	2	GTTGCTGCTGGCTATACTATGTAT	1
406	405	2	TTGCTGCTGGCTATACTATGTATG	1
407	406	2	TGCTGCTGGCTATACTATGTATGG	1
408	407	2	GCTGCTGGCTATACTATGTATGGT	1
409	408	2	CTGCTGGCTATACTATGTATGGTG	1
410	409	2	TGCTGGCTATACTATGTATGGTGC	1
411	410	2	GCTGGCTATACTATGTATGGTGCT	1
412	411	3	CTGGCTATACTATGTATGGTGCTT	1
413	412	3	TGGCTATACTATGTATGGTGCTTC	1
414	413	3	GGCTATACTATGTATGGTGCTTCG	1
415	414	3	GCTATACTATGTATGGTGCTTCGG	1
416	415	3	CTATACTATGTATGGTGCTTCGGC	1
417	416	3	TATACTATGTATGGTGCTTCGGCT	1
418	417	3	ATACTATGTATGGTGCTTCGGCTC	1
419	418	3	TACTATGTATGGTGCTTCGGCTCA	1
420	419	3	ACTATGTATGGTGCTTCGGCTCAT	1
421	420	3	CTATGTATGGTGCTTCGGCTCATT	1
422	421	3	TATGTATGGTGCTTCGGCTCATTT	1
423	422	3	ATGTATGGTGCTTCGGCTCATTTA	1
424	423	3	TGTATGGTGCTTCGGCTCATTTAT	1
425	424	3	GTATGGTGCTTCGGCTCATTTATT	1
426	425	3	TATGGTGCTTCGGCTCATTTATTG	1
427	426	3	ATGGTGCTTCGGCTCATTTATTGC	1
428	427	2	TGGTGCTTCGGCTCATTTATTGCT	1
429	428	2	GGTGCTTCGGCTCATTTATTGCTT	1
430	429	3	GTGCTTCGGCTCATTTATTGCTTA	1
431	430	3	TGCTTCGGCTCATTTATTGCTTAC	1
432	431	3	GCTTCGGCTCATTTATTGCTTACC	1
433	432	3	CTTCGGCTCATTTATTGCTTACCA	1
434	433	4	TTCGGCTCATTTATTGCTTACCAC	1
435	434	5	TCGGCTCATTTATTGCTTACCACA	1
436	435	5	CGGCTCATTTATTGCTTACCACAG	1
437	436	5	GGCTCATTTATTGCTTACCACAGG	1
438	437	5	GCTCATTTATTGCTTACCACAGGT	1
439	438	5	CTCATTTATTGCTTACCACAGGTC	1
440	439	5	TCATTTATTGCTTACCACAGGTCA	1
441	440	5	CATTTATTGCTTACCACAGGTCAT	1
442	441	5	ATTTATTGCTTACCACAGGTCATC	1
443	442	4	TTTATTGCTTACCACAGGTCATCG	1
444	443	4	TTATTGCTTACCACAGGTCATCGT	1
445	444	4	TATTGCTTACCACAGGTCATCGTG	1
446	445	4	ATTGCTTACCACAGGTCATCGTGT	1
447	446	4	TTGCTTACCACAGGTCATCGTGTC	1
448	447	4	TGCTTACCACAGGTCATCGTGTCA	1
449	448	4	GCTTACCACAGGTCATCGTGTCAA	1
450	449	4	CTTACCACAGGTCATCGTGTCAAT	1
451	450	4	TTACCACAGGTCATCGTGTCAATG	1
452	451	4	TACCACAGGTCATCGTGTCAATGG	1
453	452	4	ACCACAGGTCATCGTGTCAATGGC	1
454	453	4	CCACAGGTCATCGTGTCAATGGCT	1
455	454	4	CACAGGTCATCGTGTCAATGGCTT	1
456	455	2	ACAGGTCATCGTGTCAATGGCTTC	1
457	456	2	CAGGTCATCGTGTCAATGGCTTCA	1
458	457	2	AGGTCATCGTGTCAATGGCTTCAC	1
459	458	2	GGTCATCGTGTCAATGGCTTCACC	1
460	459	3	GTCATCGTGTCAATGGCTTCACCT	1
461	460	3	TCATCGTGTCAATGGCTTCACCTT	1
462	461	3	CATCGTGTCAATGGCTTCACCTTG	1
463	462	3	ATCGTGTCAATGGCTTCACCTTGG	1
464	463	3	TCGTGTCAATGGCTTCACCTTGGA	1
465	464	3	CGTGTCAATGGCTTCACCTTGGAC	1
466	465	3	GTGTCAATGGCTTCACCTTGGACA	1
467	466	3	TGTCAATGGCTTCACCTTGGACAC	1
468	467	3	GTCAATGGCTTCACCTTGGACACT	1
469	468	4	TCAATGGCTTCACCTTGGACACTG	1
470	469	5	CAATGGCTTCACCTTGGACACTGA	1
471	470	5	AATGGCTTCACCTTGGACACTGAT	1
472	471	5	ATGGCTTCACCTTGGACACTGATA	1
473	472	5	TGGCTTCACCTTGGACACTGATAT	1
474	473	5	GGCTTCACCTTGGACACTGATATT	1
475	474	5	GCTTCACCTTGGACACTGATATTG	1
476	475	5	CTTCACCTTGGACACTGATATTGG	1
477	476	5	TTCACCTTGGACACTGATATTGGC	1
478	477	4	TCACCTTGGACACTGATATTGGCG	1
479	478	3	CACCTTGGACACTGATATTGGCGA	1
480	479	3	ACCTTGGACACTGATATTGGCGAA	1
481	480	3	CCTTGGACACTGATATTGGCGAAT	1
482	481	3	CTTGGACACTGATATTGGCGAATT	1
483	482	4	TTGGACACTGATATTGGCGAATTC	1
484	483	4	TGGACACTGATATTGGCGAATTCA	1
485	484	4	GGACACTGATATTGGCGAATTCAT	1
486	485	4	GACACTGATATTGGCGAATTCATC	1
487	486	4	ACACTGATATTGGCGAATTCATCT	1
488	487	4	CACTGATATTGGCGAATTCATCTT	1
489	488	4	ACTGATATTGGCGAATTCATCTTG	1
490	489	4	CTGATATTGGCGAATTCATCTTGA	1
491	490	5	TGATATTGGCGAATTCATCTTGAC	1
492	491	5	GATATTGGCGAATTCATCTTGACC	1
493	492	5	ATATTGGCGAATTCATCTTGACCC	1
494	493	5	TATTGGCGAATTCATCTTGACCCA	1
495	494	5	ATTGGCGAATTCATCTTGACCCAT	1
496	495	5	TTGGCGAATTCATCTTGACCCATC	1
497	496	5	TGGCGAATTCATCTTGACCCATCG	1
498	497	5	GGCGAATTCATCTTGACCCATCGA	1
499	498	5	GCGAATTCATCTTGACCCATCGAA	1
500	499	6	CGAATTCATCTTGACCCATCGAAA	1
501	500	6	GAATTCATCTTGACCCATCGAAAC	1
502	501	6	AATTCATCTTGACCCATCGAAACA	1
503	502	6	ATTCATCTTGACCCATCGAAACAT	1
504	503	5	TTCATCTTGACCCATCGAAACATG	1
505	504	5	TCATCTTGACCCATCGAAACATGA	1
506	505	5	CATCTTGACCCATCGAAACATGAA	1
507	506	5	ATCTTGACCCATCGAAACATGAAA	1
508	507	5	TCTTGACCCATCGAAACATGAAAA	1
509	508	5	CTTGACCCATCGAAACATGAAAAT	1
510	509	5	TTGACCCATCGAAACATGAAAATG	1
511	510	5	TGACCCATCGAAACATGAAAATGC	1
512	511	6	GACCCATCGAAACATGAAAATGCC	1
513	512	5	ACCCATCGAAACATGAAAATGCCT	1
514	513	4	CCCATCGAAACATGAAAATGCCTT	1
515	514	4	CCATCGAAACATGAAAATGCCTTT	1
516	515	4	CATCGAAACATGAAAATGCCTTTG	1
517	516	4	ATCGAAACATGAAAATGCCTTTGC	1
518	517	5	TCGAAACATGAAAATGCCTTTGCA	1
519	518	5	CGAAACATGAAAATGCCTTTGCAA	1
520	519	5	GAAACATGAAAATGCCTTTGCAAC	1
521	520	5	AAACATGAAAATGCCTTTGCAACA	1
522	521	5	AACATGAAAATGCCTTTGCAACAT	1
523	522	5	ACATGAAAATGCCTTTGCAACATA	1
524	523	4	CATGAAAATGCCTTTGCAACATAG	1
525	524	4	ATGAAAATGCCTTTGCAACATAGT	1
526	525	5	TGAAAATGCCTTTGCAACATAGTA	1
527	526	4	GAAAATGCCTTTGCAACATAGTAT	1
528	527	4	AAAATGCCTTTGCAACATAGTATT	1
529	528	4	AAATGCCTTTGCAACATAGTATTT	1
530	529	5	AATGCCTTTGCAACATAGTATTTA	1
531	530	5	ATGCCTTTGCAACATAGTATTTAT	1
532	531	5	TGCCTTTGCAACATAGTATTTATT	1
533	532	5	GCCTTTGCAACATAGTATTTATTC	1
534	533	5	CCTTTGCAACATAGTATTTATTCC	1
535	534	5	CTTTGCAACATAGTATTTATTCCA	1
536	535	5	TTTGCAACATAGTATTTATTCCAT	1
537	536	5	TTGCAACATAGTATTTATTCCATT	1
538	537	5	TGCAACATAGTATTTATTCCATTA	1
539	538	5	GCAACATAGTATTTATTCCATTAA	1
540	539	5	CAACATAGTATTTATTCCATTAAT	1
541	540	5	AACATAGTATTTATTCCATTAATG	1
542	541	5	ACATAGTATTTATTCCATTAATGA	1
543	542	5	CATAGTATTTATTCCATTAATGAG	1
544	543	4	ATAGTATTTATTCCATTAATGAGG	1
545	544	4	TAGTATTTATTCCATTAATGAGGG	1
546	545	4	AGTATTTATTCCATTAATGAGGGT	1
547	546	4	GTATTTATTCCATTAATGAGGGTT	1
548	547	4	TATTTATTCCATTAATGAGGGTTA	1
549	548	4	ATTTATTCCATTAATGAGGGTTAC	1
550	549	4	TTTATTCCATTAATGAGGGTTACA	1
551	550	4	TTATTCCATTAATGAGGGTTACAC	1
552	551	4	TATTCCATTAATGAGGGTTACACT	1
553	552	5	ATTCCATTAATGAGGGTTACACTG	1
554	553	5	TTCCATTAATGAGGGTTACACTGC	1
555	554	5	TCCATTAATGAGGGTTACACTGCA	1
556	555	4	CCATTAATGAGGGTTACACTGCAT	1
557	556	4	CATTAATGAGGGTTACACTGCATT	1
558	557	5	ATTAATGAGGGTTACACTGCATTT	1
559	558	6	TTAATGAGGGTTACACTGCATTTT	1
560	559	6	TAATGAGGGTTACACTGCATTTTG	1
561	560	6	AATGAGGGTTACACTGCATTTTGG	1
562	561	5	ATGAGGGTTACACTGCATTTTGGG	1
563	562	5	TGAGGGTTACACTGCATTTTGGGA	1
564	563	5	GAGGGTTACACTGCATTTTGGGAT	1
565	564	5	AGGGTTACACTGCATTTTGGGATG	1
566	565	6	GGGTTACACTGCATTTTGGGATGA	1
567	566	7	GGTTACACTGCATTTTGGGATGAA	1
568	567	7	GTTACACTGCATTTTGGGATGAAA	1
569	568	8	TTACACTGCATTTTGGGATGAAAA	1
570	569	8	TACACTGCATTTTGGGATGAAAAA	1
571	570	8	ACACTGCATTTTGGGATGAAAAAA	1
572	571	8	CACTGCATTTTGGGATGAAAAAAT	1
573	572	8	ACTGCATTTTGGGATGAAAAAATC	1
574	573	7	CTGCATTTTGGGATGAAAAAATCG	1
575	574	7	TGCATTTTGGGATGAAAAAATCGC	1
576	575	6	GCATTTTGGGATGAAAAAATCGCT	1
577	576	6	CATTTTGGGATGAAAAAATCGCTC	1
578	577	6	ATTTTGGGATGAAAAAATCGCTCG	1
579	578	6	TTTTGGGATGAAAAAATCGCTCGT	1
580	579	6	TTTGGGATGAAAAAATCGCTCGTT	1
581	580	6	TTGGGATGAAAAAATCGCTCGTTT	1
582	581	6	TGGGATGAAAAAATCGCTCGTTTT	1
583	582	6	GGGATGAAAAAATCGCTCGTTTTA	1
584	583	6	GGATGAAAAAATCGCTCGTTTTAT	1
585	584	6	GATGAAAAAATCGCTCGTTTTATT	1
586	585	6	ATGAAAAAATCGCTCGTTTTATTG	1
587	586	6	TGAAAAAATCGCTCGTTTTATTGC	1
588	587	6	GAAAAAATCGCTCGTTTTATTGCT	1
589	588	6	AAAAAATCGCTCGTTTTATTGCTC	1
590	589	6	AAAAATCGCTCGTTTTATTGCTCA	1
591	590	7	AAAATCGCTCGTTTTATTGCTCAT	1
592	591	7	AAATCGCTCGTTTTATTGCTCATC	1
593	592	7	AATCGCTCGTTTTATTGCTCATCT	1
594	593	7	ATCGCTCGTTTTATTGCTCATCTC	1
595	594	7	TCGCTCGTTTTATTGCTCATCTCA	1
596	595	7	CGCTCGTTTTATTGCTCATCTCAA	1
597	596	7	GCTCGTTTTATTGCTCATCTCAAA	1
598	597	7	CTCGTTTTATTGCTCATCTCAAAG	1
599	598	7	TCGTTTTATTGCTCATCTCAAAGA	1
600	599	7	CGTTTTATTGCTCATCTCAAAGAA	1
601	600	7	GTTTTATTGCTCATCTCAAAGAAA	1
602	601	5	TTTTATTGCTCATCTCAAAGAAAG	1
603	602	4	TTTATTGCTCATCTCAAAGAAAGC	1
604	603	4	TTATTGCTCATCTCAAAGAAAGCA	1
605	604	4	TATTGCTCATCTCAAAGAAAGCAC	1
606	605	4	ATTGCTCATCTCAAAGAAAGCACA	1
607	606	4	TTGCTCATCTCAAAGAAAGCACAC	1
608	607	4	TGCTCATCTCAAAGAAAGCACACC	1
609	608	4	GCTCATCTCAAAGAAAGCACACCA	1
610	609	3	CTCATCTCAAAGAAAGCACACCAG	1
611	610	3	TCATCTCAAAGAAAGCACACCAGA	1
612	611	3	CATCTCAAAGAAAGCACACCAGAC	1
613	612	3	ATCTCAAAGAAAGCACACCAGACA	1
614	613	2	TCTCAAAGAAAGCACACCAGACAA	1
615	614	1	CTCAAAGAAAGCACACCAGACAAA	1
616	615	2	TCAAAGAAAGCACACCAGACAAAA	1
617	616	2	CAAAGAAAGCACACCAGACAAAAA	1
618	617	2	AAAGAAAGCACACCAGACAAAAAA	1
619	618	2	AAGAAAGCACACCAGACAAAAAAC	1
620	619	2	AGAAAGCACACCAGACAAAAAACC	1
621	620	2	GAAAGCACACCAGACAAAAAACCA	1
622	621	2	AAAGCACACCAGACAAAAAACCAT	1
623	622	2	AAGCACACCAGACAAAAAACCATA	1
624	623	2	AGCACACCAGACAAAAAACCATAC	1
625	624	2	GCACACCAGACAAAAAACCATACT	1
626	625	2	CACACCAGACAAAAAACCATACTC	1
627	626	2	ACACCAGACAAAAAACCATACTCT	1
628	627	2	CACCAGACAAAAAACCATACTCTG	1
629	628	2	ACCAGACAAAAAACCATACTCTGC	1
630	629	2	CCAGACAAAAAACCATACTCTGCT	1
631	630	2	CAGACAAAAAACCATACTCTGCTC	1
632	631	2	AGACAAAAAACCATACTCTGCTCG	1
633	632	2	GACAAAAAACCATACTCTGCTCGA	1
634	633	2	ACAAAAAACCATACTCTGCTCGAT	1
635	634	2	CAAAAAACCATACTCTGCTCGATA	1
636	635	2	AAAAAACCATACTCTGCTCGATAC	1
637	636	2	AAAAACCATACTCTGCTCGATACA	1
638	637	2	AAAACCATACTCTGCTCGATACAT	1
639	638	2	AAACCATACTCTGCTCGATACATT	1
640	639	2	AACCATACTCTGCTCGATACATTG	1
641	640	2	ACCATACTCTGCTCGATACATTGG	1
642	641	2	CCATACTCTGCTCGATACATTGGT	1
643	642	2	CATACTCTGCTCGATACATTGGTT	1
644	643	2	ATACTCTGCTCGATACATTGGTTC	1
645	644	2	TACTCTGCTCGATACATTGGTTCT	1
646	645	2	ACTCTGCTCGATACATTGGTTCTA	1
647	646	2	CTCTGCTCGATACATTGGTTCTAT	1
648	647	2	TCTGCTCGATACATTGGTTCTATG	1
649	648	2	CTGCTCGATACATTGGTTCTATGG	1
650	649	2	TGCTCGATACATTGGTTCTATGGT	1
651	650	2	GCTCGATACATTGGTTCTATGGTC	1
652	651	2	CTCGATACATTGGTTCTATGGTCG	1
653	652	2	TCGATACATTGGTTCTATGGTCGC	1
654	653	2	CGATACATTGGTTCTATGGTCGCC	1
655	654	1	GATACATTGGTTCTATGGTCGCCG	1
656	655	2	ATACATTGGTTCTATGGTCGCCGA	1
657	656	2	TACATTGGTTCTATGGTCGCCGAT	1
658	657	2	ACATTGGTTCTATGGTCGCCGATA	1
659	658	2	CATTGGTTCTATGGTCGCCGATAT	1
660	659	1	ATTGGTTCTATGGTCGCCGATATG	1
661	660	1	TTGGTTCTATGGTCGCCGATATGC	1
662	661	1	TGGTTCTATGGTCGCCGATATGCA	1
663	662	1	GGTTCTATGGTCGCCGATATGCAC	1
664	663	1	GTTCTATGGTCGCCGATATGCACC	1
665	664	1	TTCTATGGTCGCCGATATGCACCG	1
666	665	3	TCTATGGTCGCCGATATGCACCGT	1
667	666	3	CTATGGTCGCCGATATGCACCGTA	1
668	667	4	TATGGTCGCCGATATGCACCGTAC	1
669	668	4	ATGGTCGCCGATATGCACCGTACC	1
670	669	4	TGGTCGCCGATATGCACCGTACCA	1
671	670	4	GGTCGCCGATATGCACCGTACCAT	1
672	671	4	GTCGCCGATATGCACCGTACCATT	1
673	672	4	TCGCCGATATGCACCGTACCATTC	1
674	673	4	CGCCGATATGCACCGTACCATTCT	1
675	674	4	GCCGATATGCACCGTACCATTCTT	1
676	675	5	CCGATATGCACCGTACCATTCTTT	1
677	676	5	CGATATGCACCGTACCATTCTTTA	1
678	677	6	GATATGCACCGTACCATTCTTTAT	1
679	678	6	ATATGCACCGTACCATTCTTTATG	1
680	679	6	TATGCACCGTACCATTCTTTATGG	1
681	680	6	ATGCACCGTACCATTCTTTATGGT	1
682	681	6	TGCACCGTACCATTCTTTATGGTG	1
683	682	6	GCACCGTACCATTCTTTATGGTGG	1
684	683	6	CACCGTACCATTCTTTATGGTGGG	1
685	684	7	ACCGTACCATTCTTTATGGTGGGT	1
686	685	7	CCGTACCATTCTTTATGGTGGGTT	1
687	686	8	CGTACCATTCTTTATGGTGGGTTG	1
688	687	8	GTACCATTCTTTATGGTGGGTTGT	1
689	688	8	TACCATTCTTTATGGTGGGTTGTT	1
690	689	8	ACCATTCTTTATGGTGGGTTGTTT	1
691	690	8	CCATTCTTTATGGTGGGTTGTTTG	1
692	691	8	CATTCTTTATGGTGGGTTGTTTGC	1
693	692	8	ATTCTTTATGGTGGGTTGTTTGCT	1
694	693	8	TTCTTTATGGTGGGTTGTTTGCTT	1
695	694	8	TCTTTATGGTGGGTTGTTTGCTTA	1
696	695	8	CTTTATGGTGGGTTGTTTGCTTAT	1
697	696	8	TTTATGGTGGGTTGTTTGCTTATC	1
698	697	8	TTATGGTGGGTTGTTTGCTTATCC	1
699	698	8	TATGGTGGGTTGTTTGCTTATCCA	1
700	699	7	ATGGTGGGTTGTTTGCTTATCCAT	1
701	700	7	TGGTGGGTTGTTTGCTTATCCATG	1
702	701	7	GGTGGGTTGTTTGCTTATCCATGC	1
703	702	7	GTGGGTTGTTTGCTTATCCATGCT	1
704	703	7	TGGGTTGTTTGCTTATCCATGCTC	1
705	704	8	GGGTTGTTTGCTTATCCATGCTCA	1
706	705	8	GGTTGTTTGCTTATCCATGCTCAA	1
707	706	8	GTTGTTTGCTTATCCATGCTCAAA	1
708	707	9	TTGTTTGCTTATCCATGCTCAAAA	1
709	708	9	TGTTTGCTTATCCATGCTCAAAAG	1
710	709	7	GTTTGCTTATCCATGCTCAAAAGG	1
711	710	7	TTTGCTTATCCATGCTCAAAAGGA	1
712	711	6	TTGCTTATCCATGCTCAAAAGGAA	1
713	712	6	TGCTTATCCATGCTCAAAAGGAAA	1
714	713	6	GCTTATCCATGCTCAAAAGGAAAT	1
715	714	6	CTTATCCATGCTCAAAAGGAAATA	1
716	715	6	TTATCCATGCTCAAAAGGAAATAA	1
717	716	6	TATCCATGCTCAAAAGGAAATAAC	1
718	717	6	ATCCATGCTCAAAAGGAAATAACG	1
719	718	6	TCCATGCTCAAAAGGAAATAACGG	1
720	719	5	CCATGCTCAAAAGGAAATAACGGA	1
721	720	5	CATGCTCAAAAGGAAATAACGGAA	1
722	721	4	ATGCTCAAAAGGAAATAACGGAAA	1
723	722	4	TGCTCAAAAGGAAATAACGGAAAG	1
724	723	4	GCTCAAAAGGAAATAACGGAAAGT	1
725	724	4	CTCAAAAGGAAATAACGGAAAGTT	1
726	725	5	TCAAAAGGAAATAACGGAAAGTTG	1
727	726	5	CAAAAGGAAATAACGGAAAGTTGA	1
728	727	5	AAAAGGAAATAACGGAAAGTTGAG	1
729	728	4	AAAGGAAATAACGGAAAGTTGAGA	1
730	729	4	AAGGAAATAACGGAAAGTTGAGAC	1
731	730	3	AGGAAATAACGGAAAGTTGAGACT	1
732	731	3	GGAAATAACGGAAAGTTGAGACTT	1
733	732	3	GAAATAACGGAAAGTTGAGACTTC	1
734	733	3	AAATAACGGAAAGTTGAGACTTCT	1
735	734	4	AATAACGGAAAGTTGAGACTTCTT	1
736	735	4	ATAACGGAAAGTTGAGACTTCTTT	1
737	736	4	TAACGGAAAGTTGAGACTTCTTTA	1
738	737	4	AACGGAAAGTTGAGACTTCTTTAC	1
739	738	4	ACGGAAAGTTGAGACTTCTTTACG	1
740	739	4	CGGAAAGTTGAGACTTCTTTACGA	1
741	740	5	GGAAAGTTGAGACTTCTTTACGAA	1
742	741	5	GAAAGTTGAGACTTCTTTACGAAT	1
743	742	5	AAAGTTGAGACTTCTTTACGAATG	1
744	743	5	AAGTTGAGACTTCTTTACGAATGT	1
745	744	5	AGTTGAGACTTCTTTACGAATGTT	1
746	745	5	GTTGAGACTTCTTTACGAATGTTT	1
747	746	5	TTGAGACTTCTTTACGAATGTTTC	1
748	747	5	TGAGACTTCTTTACGAATGTTTCC	1
749	748	4	GAGACTTCTTTACGAATGTTTCCC	1
750	749	4	AGACTTCTTTACGAATGTTTCCCC	1
751	750	4	GACTTCTTTACGAATGTTTCCCCA	1
752	751	3	ACTTCTTTACGAATGTTTCCCCAT	1
753	752	3	CTTCTTTACGAATGTTTCCCCATG	1
754	753	3	TTCTTTACGAATGTTTCCCCATGG	1
755	754	3	TCTTTACGAATGTTTCCCCATGGC	1
756	755	3	CTTTACGAATGTTTCCCCATGGCC	1
757	756	4	TTTACGAATGTTTCCCCATGGCCT	1
758	757	4	TTACGAATGTTTCCCCATGGCCTT	1
759	758	4	TACGAATGTTTCCCCATGGCCTTC	1
760	759	4	ACGAATGTTTCCCCATGGCCTTCC	1
761	760	4	CGAATGTTTCCCCATGGCCTTCCT	1
762	761	4	GAATGTTTCCCCATGGCCTTCCTT	1
763	762	4	AATGTTTCCCCATGGCCTTCCTTG	1
764	763	4	ATGTTTCCCCATGGCCTTCCTTGT	1
765	764	4	TGTTTCCCCATGGCCTTCCTTGTT	1
766	765	4	GTTTCCCCATGGCCTTCCTTGTTG	1
767	766	4	TTTCCCCATGGCCTTCCTTGTTGA	1
768	767	4	TTCCCCATGGCCTTCCTTGTTGAA	1
769	768	4	TCCCCATGGCCTTCCTTGTTGAAC	1
770	769	3	CCCCATGGCCTTCCTTGTTGAACA	1
771	770	3	CCCATGGCCTTCCTTGTTGAACAA	1
772	771	3	CCATGGCCTTCCTTGTTGAACAAG	1
773	772	3	CATGGCCTTCCTTGTTGAACAAGC	1
774	773	3	ATGGCCTTCCTTGTTGAACAAGCA	1
775	774	3	TGGCCTTCCTTGTTGAACAAGCAG	1
776	775	3	GGCCTTCCTTGTTGAACAAGCAGG	1
777	776	3	GCCTTCCTTGTTGAACAAGCAGGA	1
778	777	4	CCTTCCTTGTTGAACAAGCAGGAG	1
779	778	3	CTTCCTTGTTGAACAAGCAGGAGG	1
780	779	3	TTCCTTGTTGAACAAGCAGGAGGT	1
781	780	3	TCCTTGTTGAACAAGCAGGAGGTA	1
782	781	3	CCTTGTTGAACAAGCAGGAGGTAT	1
783	782	3	CTTGTTGAACAAGCAGGAGGTATT	1
784	783	3	TTGTTGAACAAGCAGGAGGTATTG	1
785	784	2	TGTTGAACAAGCAGGAGGTATTGC	1
786	785	2	GTTGAACAAGCAGGAGGTATTGCG	1
787	786	3	TTGAACAAGCAGGAGGTATTGCGG	1
788	787	3	TGAACAAGCAGGAGGTATTGCGGT	1
789	788	3	GAACAAGCAGGAGGTATTGCGGTA	1
790	789	3	AACAAGCAGGAGGTATTGCGGTAA	1
791	790	3	ACAAGCAGGAGGTATTGCGGTAAA	1
792	791	3	CAAGCAGGAGGTATTGCGGTAAAC	1
793	792	3	AAGCAGGAGGTATTGCGGTAAACG	1
794	793	4	AGCAGGAGGTATTGCGGTAAACGA	1
795	794	4	GCAGGAGGTATTGCGGTAAACGAC	1
796	795	4	CAGGAGGTATTGCGGTAAACGACA	1
797	796	5	AGGAGGTATTGCGGTAAACGACAA	1
798	797	5	GGAGGTATTGCGGTAAACGACAAA	1
799	798	5	GAGGTATTGCGGTAAACGACAAAG	1
800	799	5	AGGTATTGCGGTAAACGACAAAGG	1
801	800	4	GGTATTGCGGTAAACGACAAAGGA	1
802	801	4	GTATTGCGGTAAACGACAAAGGAG	1
803	802	4	TATTGCGGTAAACGACAAAGGAGA	1
804	803	4	ATTGCGGTAAACGACAAAGGAGAT	1
805	804	4	TTGCGGTAAACGACAAAGGAGATC	1
806	805	4	TGCGGTAAACGACAAAGGAGATCG	1
807	806	4	GCGGTAAACGACAAAGGAGATCGC	1
808	807	4	CGGTAAACGACAAAGGAGATCGCA	1
809	808	4	GGTAAACGACAAAGGAGATCGCAT	1
810	809	4	GTAAACGACAAAGGAGATCGCATT	1
811	810	4	TAAACGACAAAGGAGATCGCATTC	1
812	811	4	AAACGACAAAGGAGATCGCATTCT	1
813	812	4	AACGACAAAGGAGATCGCATTCTG	1
814	813	4	ACGACAAAGGAGATCGCATTCTGG	1
815	814	4	CGACAAAGGAGATCGCATTCTGGA	1
816	815	4	GACAAAGGAGATCGCATTCTGGAT	1
817	816	4	ACAAAGGAGATCGCATTCTGGATT	1
818	817	4	CAAAGGAGATCGCATTCTGGATTT	1
819	818	4	AAAGGAGATCGCATTCTGGATTTG	1
820	819	4	AAGGAGATCGCATTCTGGATTTGG	1
821	820	4	AGGAGATCGCATTCTGGATTTGGT	1
822	821	3	GGAGATCGCATTCTGGATTTGGTA	1
823	822	3	GAGATCGCATTCTGGATTTGGTAC	1
824	823	4	AGATCGCATTCTGGATTTGGTACC	1
825	824	4	GATCGCATTCTGGATTTGGTACCC	1
826	825	4	ATCGCATTCTGGATTTGGTACCCA	1
827	826	4	TCGCATTCTGGATTTGGTACCCAA	1
828	827	4	CGCATTCTGGATTTGGTACCCAAA	1
829	828	4	GCATTCTGGATTTGGTACCCAAAA	1
830	829	4	CATTCTGGATTTGGTACCCAAAAC	1
831	830	3	ATTCTGGATTTGGTACCCAAAACA	1
832	831	3	TTCTGGATTTGGTACCCAAAACAT	1
833	832	3	TCTGGATTTGGTACCCAAAACATT	1
834	833	3	CTGGATTTGGTACCCAAAACATTA	1
835	834	3	TGGATTTGGTACCCAAAACATTAC	1
836	835	3	GGATTTGGTACCCAAAACATTACA	1
837	836	3	GATTTGGTACCCAAAACATTACAC	1
838	837	2	ATTTGGTACCCAAAACATTACACG	1
839	838	2	TTTGGTACCCAAAACATTACACGG	1
840	839	2	TTGGTACCCAAAACATTACACGGA	1
841	840	1	TGGTACCCAAAACATTACACGGAA	1
842	841	1	GGTACCCAAAACATTACACGGAAA	1
843	842	1	GTACCCAAAACATTACACGGAAAA	1
844	843	1	TACCCAAAACATTACACGGAAAAA	1
845	844	1	ACCCAAAACATTACACGGAAAAAG	1
846	845	1	CCCAAAACATTACACGGAAAAAGC	1
847	846	1	CCAAAACATTACACGGAAAAAGCA	1
848	847	1	CAAAACATTACACGGAAAAAGCAG	1
849	848	1	AAAACATTACACGGAAAAAGCAGT	1
850	849	1	AAACATTACACGGAAAAAGCAGTA	1
851	850	2	AACATTACACGGAAAAAGCAGTAT	1
852	851	2	ACATTACACGGAAAAAGCAGTATT	1
853	852	2	CATTACACGGAAAAAGCAGTATTT	1
854	853	2	ATTACACGGAAAAAGCAGTATTTG	1
855	854	2	TTACACGGAAAAAGCAGTATTTGG	1
856	855	2	TACACGGAAAAAGCAGTATTTGGC	1
857	856	2	ACACGGAAAAAGCAGTATTTGGCT	1
858	857	2	CACGGAAAAAGCAGTATTTGGCTT	1
859	858	2	ACGGAAAAAGCAGTATTTGGCTTG	1
860	859	2	CGGAAAAAGCAGTATTTGGCTTGG	1
861	860	2	GGAAAAAGCAGTATTTGGCTTGGA	1
862	861	2	GAAAAAGCAGTATTTGGCTTGGAA	1
863	862	2	AAAAAGCAGTATTTGGCTTGGAAG	1
864	863	2	AAAAGCAGTATTTGGCTTGGAAGT	1
865	864	2	AAAGCAGTATTTGGCTTGGAAGTA	1
866	865	2	AAGCAGTATTTGGCTTGGAAGTAA	1
867	866	2	AGCAGTATTTGGCTTGGAAGTAAA	1
868	867	1	GCAGTATTTGGCTTGGAAGTAAAC	1
869	868	1	CAGTATTTGGCTTGGAAGTAAACA	1
870	869	1	AGTATTTGGCTTGGAAGTAAACAT	1
871	870	1	GTATTTGGCTTGGAAGTAAACATG	1
872	871	1	TATTTGGCTTGGAAGTAAACATGA	1
873	872	1	ATTTGGCTTGGAAGTAAACATGAA	1
874	873	1	TTTGGCTTGGAAGTAAACATGAAG	1
875	874	1	TTGGCTTGGAAGTAAACATGAAGT	1
876	875	1	TGGCTTGGAAGTAAACATGAAGTC	1
877	876	2	GGCTTGGAAGTAAACATGAAGTCG	1
878	877	2	GCTTGGAAGTAAACATGAAGTCGA	1
879	878	2	CTTGGAAGTAAACATGAAGTCGAG	1
880	879	2	TTGGAAGTAAACATGAAGTCGAGG	1
881	880	2	TGGAAGTAAACATGAAGTCGAGGA	1
882	881	2	GGAAGTAAACATGAAGTCGAGGAA	1
883	882	2	GAAGTAAACATGAAGTCGAGGAAT	1
884	883	2	AAGTAAACATGAAGTCGAGGAATA	1
885	884	3	AGTAAACATGAAGTCGAGGAATAT	1
886	885	3	GTAAACATGAAGTCGAGGAATATA	1
887	886	3	TAAACATGAAGTCGAGGAATATAT	1
888	887	3	AAACATGAAGTCGAGGAATATATT	1
889	888	3	AACATGAAGTCGAGGAATATATTA	1
890	889	3	ACATGAAGTCGAGGAATATATTAA	1
891	890	4	CATGAAGTCGAGGAATATATTAAT	1
892	891	4	ATGAAGTCGAGGAATATATTAATT	1
893	892	4	TGAAGTCGAGGAATATATTAATTT	1
894	893	4	GAAGTCGAGGAATATATTAATTTC	1
895	894	3	AAGTCGAGGAATATATTAATTTCA	1
896	895	3	AGTCGAGGAATATATTAATTTCAT	1
897	896	3	GTCGAGGAATATATTAATTTCATA	1
898	897	3	TCGAGGAATATATTAATTTCATAA	1
899	898	3	CGAGGAATATATTAATTTCATAAA	1
900	899	3	GAGGAATATATTAATTTCATAAAA	1
901	900	4	AGGAATATATTAATTTCATAAAAT	1
902	901	4	GGAATATATTAATTTCATAAAATA	1
903	902	4	GAATATATTAATTTCATAAAATAG	1
904	903	5	AATATATTAATTTCATAAAATAGT	1
905	904	5	ATATATTAATTTCATAAAATAGTA	1
906	905	6	TATATTAATTTCATAAAATAGTAA	1
907	906	6	ATATTAATTTCATAAAATAGTAAT	1
908	907	6	TATTAATTTCATAAAATAGTAATT	1
909	908	6	ATTAATTTCATAAAATAGTAATTC	1
910	909	6	TTAATTTCATAAAATAGTAATTCC	1
911	910	6	TAATTTCATAAAATAGTAATTCCT	1
912	911	6	AATTTCATAAAATAGTAATTCCTA	1
913	912	6	ATTTCATAAAATAGTAATTCCTAG	1
914	913	6	TTTCATAAAATAGTAATTCCTAGT	1
915	914	6	TTCATAAAATAGTAATTCCTAGTT	1
916	915	6	TCATAAAATAGTAATTCCTAGTTC	1
917	916	6	CATAAAATAGTAATTCCTAGTTCT	1
918	917	6	ATAAAATAGTAATTCCTAGTTCTT	1
919	918	6	TAAAATAGTAATTCCTAGTTCTTT	1
920	919	6	AAAATAGTAATTCCTAGTTCTTTG	1
921	920	5	AAATAGTAATTCCTAGTTCTTTGA	1
922	921	5	AATAGTAATTCCTAGTTCTTTGAA	1
923	922	5	ATAGTAATTCCTAGTTCTTTGAAG	1
924	923	5	TAGTAATTCCTAGTTCTTTGAAGT	1
925	924	5	AGTAATTCCTAGTTCTTTGAAGTC	1
926	925	5	GTAATTCCTAGTTCTTTGAAGTCC	1
927	926	5	TAATTCCTAGTTCTTTGAAGTCCT	1
928	927	5	AATTCCTAGTTCTTTGAAGTCCTC	1
929	928	4	ATTCCTAGTTCTTTGAAGTCCTCT	1
930	929	4	TTCCTAGTTCTTTGAAGTCCTCTC	1
931	930	4	TCCTAGTTCTTTGAAGTCCTCTCC	1
932	931	4	CCTAGTTCTTTGAAGTCCTCTCCG	1
933	932	4	CTAGTTCTTTGAAGTCCTCTCCGT	1
934	933	3	TAGTTCTTTGAAGTCCTCTCCGTT	1
935	934	3	AGTTCTTTGAAGTCCTCTCCGTTA	1
936	935	3	GTTCTTTGAAGTCCTCTCCGTTAC	1
937	936	3	TTCTTTGAAGTCCTCTCCGTTACT	1
938	937	3	TCTTTGAAGTCCTCTCCGTTACTT	1
939	938	3	CTTTGAAGTCCTCTCCGTTACTTT	1
940	939	3	TTTGAAGTCCTCTCCGTTACTTTT	1
941	940	3	TTGAAGTCCTCTCCGTTACTTTTT	1
942	941	3	TGAAGTCCTCTCCGTTACTTTTTA	1
943	942	3	GAAGTCCTCTCCGTTACTTTTTAT	1
944	943	4	AAGTCCTCTCCGTTACTTTTTATC	1
945	944	3	AGTCCTCTCCGTTACTTTTTATCT	1
946	945	3	GTCCTCTCCGTTACTTTTTATCTT	1
947	946	3	TCCTCTCCGTTACTTTTTATCTTC	1
948	947	2	CCTCTCCGTTACTTTTTATCTTCT	1
949	948	2	CTCTCCGTTACTTTTTATCTTCTT	1
950	949	2	TCTCCGTTACTTTTTATCTTCTTA	1
951	950	2	CTCCGTTACTTTTTATCTTCTTAT	1
952	951	3	TCCGTTACTTTTTATCTTCTTATC	1
953	952	3	CCGTTACTTTTTATCTTCTTATCA	1
954	953	3	CGTTACTTTTTATCTTCTTATCAC	1
955	954	3	GTTACTTTTTATCTTCTTATCACC	1
956	955	3	TTACTTTTTATCTTCTTATCACCA	1
957	956	3	TACTTTTTATCTTCTTATCACCAA	1
958	957	3	ACTTTTTATCTTCTTATCACCAAA	1
959	958	3	CTTTTTATCTTCTTATCACCAAAC	1
960	959	3	TTTTTATCTTCTTATCACCAAACA	1
961	960	3	TTTTATCTTCTTATCACCAAACAT	1
962	961	3	TTTATCTTCTTATCACCAAACATG	1
963	962	3	TTATCTTCTTATCACCAAACATGG	1
964	963	3	TATCTTCTTATCACCAAACATGGT	1
965	964	3	ATCTTCTTATCACCAAACATGGTT	1
966	965	4	TCTTCTTATCACCAAACATGGTTA	1
967	966	4	CTTCTTATCACCAAACATGGTTAT	1
968	967	4	TTCTTATCACCAAACATGGTTATT	1
969	968	4	TCTTATCACCAAACATGGTTATTC	1
970	969	4	CTTATCACCAAACATGGTTATTCC	1
971	970	4	TTATCACCAAACATGGTTATTCCA	1
972	971	4	TATCACCAAACATGGTTATTCCAT	1
973	972	4	ATCACCAAACATGGTTATTCCATT	1
974	973	4	TCACCAAACATGGTTATTCCATTC	1
975	974	4	CACCAAACATGGTTATTCCATTCC	1
976	975	4	ACCAAACATGGTTATTCCATTCCA	1
977	976	4	CCAAACATGGTTATTCCATTCCAA	1
978	977	4	CAAACATGGTTATTCCATTCCAAT	1
979	978	4	AAACATGGTTATTCCATTCCAATA	1
980	979	5	AACATGGTTATTCCATTCCAATAA	1
981	980	5	ACATGGTTATTCCATTCCAATAAT	1
982	981	5	CATGGTTATTCCATTCCAATAATG	1
983	982	5	ATGGTTATTCCATTCCAATAATGC	1
984	983	5	TGGTTATTCCATTCCAATAATGCA	1
985	984	5	GGTTATTCCATTCCAATAATGCAG	1
986	985	6	GTTATTCCATTCCAATAATGCAGA	1
987	986	6	TTATTCCATTCCAATAATGCAGAA	1
988	987	5	TATTCCATTCCAATAATGCAGAAA	1
989	988	5	ATTCCATTCCAATAATGCAGAAAC	1
990	989	5	TTCCATTCCAATAATGCAGAAACT	1
991	990	5	TCCATTCCAATAATGCAGAAACTG	1
992	991	5	CCATTCCAATAATGCAGAAACTGA	1
993	992	5	CATTCCAATAATGCAGAAACTGAA	1
994	993	4	ATTCCAATAATGCAGAAACTGAAA	1
995	994	4	TTCCAATAATGCAGAAACTGAAAC	1
996	995	3	TCCAATAATGCAGAAACTGAAACT	1
997	996	3	CCAATAATGCAGAAACTGAAACTT	1
998	997	3	CAATAATGCAGAAACTGAAACTTT	1
999	998	3	AATAATGCAGAAACTGAAACTTTT	1
1000	999	3	ATAATGCAGAAACTGAAACTTTTG	1
1001	1000	3	TAATGCAGAAACTGAAACTTTTGT	1
1002	1001	3	AATGCAGAAACTGAAACTTTTGTC	1
1003	1002	3	ATGCAGAAACTGAAACTTTTGTCA	1
1004	1003	3	TGCAGAAACTGAAACTTTTGTCAA	1
1005	1004	3	GCAGAAACTGAAACTTTTGTCAAT	1
1006	1005	3	CAGAAACTGAAACTTTTGTCAATT	1
1007	1006	3	AGAAACTGAAACTTTTGTCAATTA	1
1008	1007	3	GAAACTGAAACTTTTGTCAATTAT	1
1009	1008	3	AAACTGAAACTTTTGTCAATTATT	1
1010	1009	2	AACTGAAACTTTTGTCAATTATTC	1
1011	1010	2	ACTGAAACTTTTGTCAATTATTCT	1
1012	1011	2	CTGAAACTTTTGTCAATTATTCTC	1
1013	1012	2	TGAAACTTTTGTCAATTATTCTCT	1
1014	1013	2	GAAACTTTTGTCAATTATTCTCTG	1
1015	1014	2	AAACTTTTGTCAATTATTCTCTGC	1
1016	1015	2	AACTTTTGTCAATTATTCTCTGCA	1
1017	1016	2	ACTTTTGTCAATTATTCTCTGCAT	1
1018	1017	3	CTTTTGTCAATTATTCTCTGCATC	1
1019	1018	3	TTTTGTCAATTATTCTCTGCATCA	1
1020	1019	3	TTTGTCAATTATTCTCTGCATCAT	1
1021	1020	3	TTGTCAATTATTCTCTGCATCATC	1
1022	1021	3	TGTCAATTATTCTCTGCATCATCA	1
1023	1022	3	GTCAATTATTCTCTGCATCATCAT	1
1024	1023	2	TCAATTATTCTCTGCATCATCATA	1
1025	1024	2	CAATTATTCTCTGCATCATCATAA	1
1026	1025	2	AATTATTCTCTGCATCATCATAAA	1
1027	1026	2	ATTATTCTCTGCATCATCATAAAC	1
1028	1027	2	TTATTCTCTGCATCATCATAAACA	1
1029	1028	2	TATTCTCTGCATCATCATAAACAT	1
1030	1029	1	ATTCTCTGCATCATCATAAACATG	1
1031	1030	1	TTCTCTGCATCATCATAAACATGG	1
1032	1031	1	TCTCTGCATCATCATAAACATGGA	1
1033	1032	1	CTCTGCATCATCATAAACATGGAT	1
1034	1033	1	TCTGCATCATCATAAACATGGATC	1
1035	1034	1	CTGCATCATCATAAACATGGATCT	1
1036	1035	1	TGCATCATCATAAACATGGATCTC	1
1037	1036	1	GCATCATCATAAACATGGATCTCC	1
1038	1037	1	CATCATCATAAACATGGATCTCCA	1
1039	1038	1	ATCATCATAAACATGGATCTCCAA	1
1040	1039	1	TCATCATAAACATGGATCTCCAAT	1
1041	1040	1	CATCATAAACATGGATCTCCAATT	1
1042	1041	1	ATCATAAACATGGATCTCCAATTA	1
1043	1042	1	TCATAAACATGGATCTCCAATTAG	1
1044	1043	1	CATAAACATGGATCTCCAATTAGG	1
1045	1044	1	ATAAACATGGATCTCCAATTAGGT	1
1046	1045	1	TAAACATGGATCTCCAATTAGGTT	1
1047	1046	1	AAACATGGATCTCCAATTAGGTTA	1
1048	1047	1	AACATGGATCTCCAATTAGGTTAT	1
1049	1048	1	ACATGGATCTCCAATTAGGTTATT	1
1050	1049	1	CATGGATCTCCAATTAGGTTATTT	1
1051	1050	1	ATGGATCTCCAATTAGGTTATTTT	1
1052	1051	2	TGGATCTCCAATTAGGTTATTTTT	1
1053	1052	2	GGATCTCCAATTAGGTTATTTTTC	1
1054	1053	2	GATCTCCAATTAGGTTATTTTTCT	1
1055	1054	2	ATCTCCAATTAGGTTATTTTTCTC	1
1056	1055	2	TCTCCAATTAGGTTATTTTTCTCA	1
1057	1056	2	CTCCAATTAGGTTATTTTTCTCAC	1
1058	1057	2	TCCAATTAGGTTATTTTTCTCACA	1
1059	1058	2	CCAATTAGGTTATTTTTCTCACAT	1
1060	1059	2	CAATTAGGTTATTTTTCTCACATA	1
1061	1060	2	AATTAGGTTATTTTTCTCACATAT	1
1062	1061	1	ATTAGGTTATTTTTCTCACATATA	1
1063	1062	1	TTAGGTTATTTTTCTCACATATAT	1
1064	1063	1	TAGGTTATTTTTCTCACATATATA	1
1065	1064	1	AGGTTATTTTTCTCACATATATAT	1
1066	1065	1	GGTTATTTTTCTCACATATATATG	1
1067	1066	1	GTTATTTTTCTCACATATATATGT	1
1068	1067	1	TTATTTTTCTCACATATATATGTA	1
1069	1068	1	TATTTTTCTCACATATATATGTAT	1
1070	1069	1	ATTTTTCTCACATATATATGTATA	1
1071	1070	2	TTTTTCTCACATATATATGTATAT	1
1072	1071	2	TTTTCTCACATATATATGTATATA	1
1073	1072	2	TTTCTCACATATATATGTATATAT	1
1074	1073	2	TTCTCACATATATATGTATATATA	1
1075	1074	2	TCTCACATATATATGTATATATAT	1
1076	1075	2	CTCACATATATATGTATATATATA	1
1077	1076	2	TCACATATATATGTATATATATAT	1
1078	1077	2	CACATATATATGTATATATATATA	1
1079	1078	2	ACATATATATGTATATATATATAA	1
1080	1079	2	CATATATATGTATATATATATAAT	1
1081	1080	2	ATATATATGTATATATATATAATA	1
1082	1081	2	TATATATGTATATATATATAATAT	1
1083	1082	2	ATATATGTATATATATATAATATT	1
1084	1083	2	TATATGTATATATATATAATATTT	1
1085	1084	2	ATATGTATATATATATAATATTTG	1
1086	1085	2	TATGTATATATATATAATATTTGT	1
1087	1086	2	ATGTATATATATATAATATTTGTA	1
1088	1087	2	TGTATATATATATAATATTTGTAT	1
1089	1088	2	GTATATATATATAATATTTGTATA	1
1090	1089	2	TATATATATATAATATTTGTATAT	1
1091	1090	2	ATATATATATAATATTTGTATATG	1
1092	1091	2	TATATATATAATATTTGTATATGA	1
1093	1092	2	ATATATATAATATTTGTATATGAA	1
1094	1093	2	TATATATAATATTTGTATATGAAT	1
1095	1094	2	ATATATAATATTTGTATATGAATA	1
1096	1095	1	TATATAATATTTGTATATGAATAC	1
1097	1096	1	ATATAATATTTGTATATGAATACA	1
1098	1097	1	TATAATATTTGTATATGAATACAT	1
1099	1098	1	ATAATATTTGTATATGAATACATG	1
1100	1099	1	TAATATTTGTATATGAATACATGT	1
1101	1100	1	AATATTTGTATATGAATACATGTA	1
1102	1101	1	ATATTTGTATATGAATACATGTAT	1
1103	1102	1	TATTTGTATATGAATACATGTATC	1
1104	1103	1	ATTTGTATATGAATACATGTATCT	1
1105	1104	1	TTTGTATATGAATACATGTATCTT	1
1106	1105	1	TTGTATATGAATACATGTATCTTT	1
1107	1106	1	TGTATATGAATACATGTATCTTTT	1
1108	1107	1	GTATATGAATACATGTATCTTTTA	1
1109	1108	1	TATATGAATACATGTATCTTTTAG	1
1110	1109	1	ATATGAATACATGTATCTTTTAGA	1
1111	1110	1	TATGAATACATGTATCTTTTAGAT	1
1112	1111	1	ATGAATACATGTATCTTTTAGATG	1
1113	1112	1	TGAATACATGTATCTTTTAGATGA	1
1114	1113	1	GAATACATGTATCTTTTAGATGAA	1
1115	-1	0	TTAGATGAAAAACTTATGGTTGAC	1
1116	1115	1	TAGATGAAAAACTTATGGTTGACA	1
1117	1116	1	AGATGAAAAACTTATGGTTGACAG	1
1118	1117	1	GATGAAAAACTTATGGTTGACAGT	1
1119	1118	1	ATGAAAAACTTATGGTTGACAGTT	1
1120	1119	1	TGAAAAACTTATGGTTGACAGTTG	1
1121	1120	1	GAAAAACTTATGGTTGACAGTTGC	1
1122	1121	1	AAAAACTTATGGTTGACAGTTGCA	1
1123	1122	1	AAAACTTATGGTTGACAGTTGCAC	1
1124	1123	1	AAACTTATGGTTGACAGTTGCACT	1
1125	1124	1	AACTTATGGTTGACAGTTGCACTT	1
1126	1125	1	ACTTATGGTTGACAGTTGCACTTT	1
1127	1126	1	CTTATGGTTGACAGTTGCACTTTG	1
1128	1127	1	TTATGGTTGACAGTTGCACTTTGT	1
1129	1128	1	TATGGTTGACAGTTGCACTTTGTC	1
1130	1129	1	ATGGTTGACAGTTGCACTTTGTCA	1
1131	1130	1	TGGTTGACAGTTGCACTTTGTCAA	1
1132	1131	1	GGTTGACAGTTGCACTTTGTCAAC	1
1133	1132	1	GTTGACAGTTGCACTTTGTCAACC	1
1134	1133	2	TTGACAGTTGCACTTTGTCAACCT	1
1135	1134	2	TGACAGTTGCACTTTGTCAACCTC	1
1136	1135	2	GACAGTTGCACTTTGTCAACCTCT	1
1137	1136	2	ACAGTTGCACTTTGTCAACCTCTT	1
1138	1137	2	CAGTTGCACTTTGTCAACCTCTTA	1
1139	1138	2	AGTTGCACTTTGTCAACCTCTTAG	1
1140	1139	2	GTTGCACTTTGTCAACCTCTTAGT	1
1141	1140	2	TTGCACTTTGTCAACCTCTTAGTT	1
1142	1141	2	TGCACTTTGTCAACCTCTTAGTTT	1
1143	1142	2	GCACTTTGTCAACCTCTTAGTTTT	1
1144	1143	2	CACTTTGTCAACCTCTTAGTTTTT	1
1145	1144	2	ACTTTGTCAACCTCTTAGTTTTTT	1
1146	1145	2	CTTTGTCAACCTCTTAGTTTTTTA	1
1147	1146	2	TTTGTCAACCTCTTAGTTTTTTAA	1
1148	1147	2	TTGTCAACCTCTTAGTTTTTTAAC	1
1149	1148	2	TGTCAACCTCTTAGTTTTTTAACT	1
1150	1149	2	GTCAACCTCTTAGTTTTTTAACTT	1
1151	1150	2	TCAACCTCTTAGTTTTTTAACTTA	1
1152	1151	2	CAACCTCTTAGTTTTTTAACTTAA	1
1153	1152	2	AACCTCTTAGTTTTTTAACTTAAA	1
1154	1153	2	ACCTCTTAGTTTTTTAACTTAAAG	1
1155	1154	2	CCTCTTAGTTTTTTAACTTAAAGA	1
1156	1155	2	CTCTTAGTTTTTTAACTTAAAGAA	1
1157	1156	2	TCTTAGTTTTTTAACTTAAAGAAA	1
1158	1157	2	CTTAGTTTTTTAACTTAAAGAAAA	1
1159	1158	2	TTAGTTTTTTAACTTAAAGAAAAA	1
1160	1159	1	TAGTTTTTTAACTTAAAGAAAAAG	1
1161	1160	1	AGTTTTTTAACTTAAAGAAAAAGA	1
1162	1161	1	GTTTTTTAACTTAAAGAAAAAGAG	1
1163	1162	4	TTTTTTAACTTAAAGAAAAAGAGA	1
1164	1163	4	TTTTTAACTTAAAGAAAAAGAGAT	1
1165	1164	4	TTTTAACTTAAAGAAAAAGAGATA	1
1166	1165	4	TTTAACTTAAAGAAAAAGAGATAA	1
1167	1166	4	TTAACTTAAAGAAAAAGAGATAAT	1
1168	1167	4	TAACTTAAAGAAAAAGAGATAATA	1
1169	1168	4	AACTTAAAGAAAAAGAGATAATAG	1
1170	1169	4	ACTTAAAGAAAAAGAGATAATAGT	1
1171	1170	4	CTTAAAGAAAAAGAGATAATAGTT	1
1172	1171	4	TTAAAGAAAAAGAGATAATAGTTT	1
1173	1172	4	TAAAGAAAAAGAGATAATAGTTTT	1
1174	1173	5	AAAGAAAAAGAGATAATAGTTTTT	1
1175	1174	5	AAGAAAAAGAGATAATAGTTTTTG	1
1176	1175	5	AGAAAAAGAGATAATAGTTTTTGT	1
1177	1176	5	GAAAAAGAGATAATAGTTTTTGTC	1
1178	1177	4	AAAAAGAGATAATAGTTTTTGTCG	1
1179	1178	4	AAAAGAGATAATAGTTTTTGTCGT	1
1180	1179	4	AAAGAGATAATAGTTTTTGTCGTG	1
1181	1180	4	AAGAGATAATAGTTTTTGTCGTGG	1
1182	1181	4	AGAGATAATAGTTTTTGTCGTGGA	1
1183	1182	4	GAGATAATAGTTTTTGTCGTGGAT	1
1184	1183	4	AGATAATAGTTTTTGTCGTGGATA	1
1185	1184	4	GATAATAGTTTTTGTCGTGGATAG	1
1186	1185	4	ATAATAGTTTTTGTCGTGGATAGA	1
1187	1186	4	TAATAGTTTTTGTCGTGGATAGAG	1
1188	1187	4	AATAGTTTTTGTCGTGGATAGAGA	1
1189	1188	4	ATAGTTTTTGTCGTGGATAGAGAT	1
1190	1189	4	TAGTTTTTGTCGTGGATAGAGATT	1
1191	1190	4	AGTTTTTGTCGTGGATAGAGATTT	1
1192	1191	4	GTTTTTGTCGTGGATAGAGATTTT	1
1193	1192	4	TTTTTGTCGTGGATAGAGATTTTA	1
1194	1193	4	TTTTGTCGTGGATAGAGATTTTAA	1
1195	1194	4	TTTGTCGTGGATAGAGATTTTAAG	1
1196	1195	4	TTGTCGTGGATAGAGATTTTAAGG	1
1197	1196	4	TGTCGTGGATAGAGATTTTAAGGT	1
1198	1197	4	GTCGTGGATAGAGATTTTAAGGTG	1
1199	1198	4	TCGTGGATAGAGATTTTAAGGTGG	1
1200	1199	4	CGTGGATAGAGATTTTAAGGTGGA	1
1201	1200	4	GTGGATAGAGATTTTAAGGTGGAA	1
1202	1201	4	TGGATAGAGATTTTAAGGTGGAAT	1
1203	1202	4	GGATAGAGATTTTAAGGTGGAATT	1
1204	1203	4	GATAGAGATTTTAAGGTGGAATTC	1
1205	1204	4	ATAGAGATTTTAAGGTGGAATTCA	1
1206	1205	4	TAGAGATTTTAAGGTGGAATTCAC	1
1207	1206	1	AGAGATTTTAAGGTGGAATTCACC	1
1208	1207	1	GAGATTTTAAGGTGGAATTCACCT	1
1209	1208	1	AGATTTTAAGGTGGAATTCACCTA	1
1210	1209	1	GATTTTAAGGTGGAATTCACCTAT	1
1211	1210	1	ATTTTAAGGTGGAATTCACCTATT	1
1212	1211	2	TTTTAAGGTGGAATTCACCTATTT	1
1213	1212	2	TTTAAGGTGGAATTCACCTATTTT	1
1214	1213	2	TTAAGGTGGAATTCACCTATTTTT	1
1215	1214	3	TAAGGTGGAATTCACCTATTTTTC	1
1216	1215	3	AAGGTGGAATTCACCTATTTTTCA	1
1217	1216	3	AGGTGGAATTCACCTATTTTTCAG	1
1218	1217	2	GGTGGAATTCACCTATTTTTCAGA	1
1219	1218	2	GTGGAATTCACCTATTTTTCAGAG	1
1220	1219	2	TGGAATTCACCTATTTTTCAGAGG	1
1221	1220	2	GGAATTCACCTATTTTTCAGAGGA	1
1222	1221	2	GAATTCACCTATTTTTCAGAGGAC	1
1223	1222	2	AATTCACCTATTTTTCAGAGGACG	1
1224	1223	2	ATTCACCTATTTTTCAGAGGACGT	1
1225	1224	2	TTCACCTATTTTTCAGAGGACGTT	1
1226	1225	2	TCACCTATTTTTCAGAGGACGTTG	1
1227	1226	2	CACCTATTTTTCAGAGGACGTTGG	1
1228	1227	2	ACCTATTTTTCAGAGGACGTTGGA	1
1229	1228	2	CCTATTTTTCAGAGGACGTTGGAA	1
1230	1229	2	CTATTTTTCAGAGGACGTTGGAAA	1
1231	1230	2	TATTTTTCAGAGGACGTTGGAAAA	1
1232	1231	2	ATTTTTCAGAGGACGTTGGAAAAG	1
1233	1232	2	TTTTTCAGAGGACGTTGGAAAAGC	1
1234	1233	2	TTTTCAGAGGACGTTGGAAAAGCT	1
1235	1234	2	TTTCAGAGGACGTTGGAAAAGCTT	1
1236	1235	2	TTCAGAGGACGTTGGAAAAGCTTA	1
1237	1236	2	TCAGAGGACGTTGGAAAAGCTTAA	1
1238	1237	2	CAGAGGACGTTGGAAAAGCTTAAT	1
1239	1238	2	AGAGGACGTTGGAAAAGCTTAATG	1
1240	1239	2	GAGGACGTTGGAAAAGCTTAATGT	1
1241	1240	2	AGGACGTTGGAAAAGCTTAATGTT	1
1242	1241	2	GGACGTTGGAAAAGCTTAATGTTT	1
1243	1242	2	GACGTTGGAAAAGCTTAATGTTTT	1
1244	1243	2	ACGTTGGAAAAGCTTAATGTTTTC	1
1245	1244	2	CGTTGGAAAAGCTTAATGTTTTCA	1
1246	1245	2	GTTGGAAAAGCTTAATGTTTTCAA	1
1247	1246	2	TTGGAAAAGCTTAATGTTTTCAAG	1
1248	1247	2	TGGAAAAGCTTAATGTTTTCAAGT	1
1249	1248	2	GGAAAAGCTTAATGTTTTCAAGTA	1
1250	1249	2	GAAAAGCTTAATGTTTTCAAGTAA	1
1251	1250	2	AAAAGCTTAATGTTTTCAAGTAAT	1
1252	1251	2	AAAGCTTAATGTTTTCAAGTAATG	1
1253	1252	2	AAGCTTAATGTTTTCAAGTAATGT	1
1254	1253	2	AGCTTAATGTTTTCAAGTAATGTT	1
1255	1254	2	GCTTAATGTTTTCAAGTAATGTTT	1
1256	1255	1	CTTAATGTTTTCAAGTAATGTTTT	1
1257	1256	1	TTAATGTTTTCAAGTAATGTTTTA	1
1258	1257	1	TAATGTTTTCAAGTAATGTTTTAG	1
1259	-1	0	GAACAAAAGAAGCTAGATAAAATT	1
1260	1259	1	AACAAAAGAAGCTAGATAAAATTT	1
1261	1260	1	ACAAAAGAAGCTAGATAAAATTTG	1
1262	1261	1	CAAAAGAAGCTAGATAAAATTTGC	1
1263	1262	1	AAAAGAAGCTAGATAAAATTTGCA	1
1264	1263	1	AAAGAAGCTAGATAAAATTTGCAA	1
1265	1264	1	AAGAAGCTAGATAAAATTTGCAAT	1
1266	1265	1	AGAAGCTAGATAAAATTTGCAATG	1
1267	1266	1	GAAGCTAGATAAAATTTGCAATGA	1
1268	1267	1	AAGCTAGATAAAATTTGCAATGAT	1
1269	1268	1	AGCTAGATAAAATTTGCAATGATA	1
1270	1269	1	GCTAGATAAAATTTGCAATGATAT	1
1271	1270	1	CTAGATAAAATTTGCAATGATATC	1
1272	1271	1	TAGATAAAATTTGCAATGATATCT	1
1273	1272	1	AGATAAAATTTGCAATGATATCTT	1
1274	1273	1	GATAAAATTTGCAATGATATCTTC	1
1275	1274	1	ATAAAATTTGCAATGATATCTTCA	1
1276	1275	1	TAAAATTTGCAATGATATCTTCAT	1
1277	1276	1	AAAATTTGCAATGATATCTTCATT	1
1278	1277	1	AAATTTGCAATGATATCTTCATTA	1
1279	1278	1	AATTTGCAATGATATCTTCATTAC	1
1280	1279	1	ATTTGCAATGATATCTTCATTACT	1
1281	1280	1	TTTGCAATGATATCTTCATTACTG	1
1282	1281	2	TTGCAATGATATCTTCATTACTGC	1
1283	1282	2	TGCAATGATATCTTCATTACTGCG	1
1284	1283	2	GCAATGATATCTTCATTACTGCGA	1
1285	1284	3	CAATGATATCTTCATTACTGCGAT	1
1286	1285	3	AATGATATCTTCATTACTGCGATG	1
1287	1286	3	ATGATATCTTCATTACTGCGATGA	1
1288	1287	3	TGATATCTTCATTACTGCGATGAA	1
1289	1288	3	GATATCTTCATTACTGCGATGAAG	1
1290	1289	3	ATATCTTCATTACTGCGATGAAGT	1
1291	1290	3	TATCTTCATTACTGCGATGAAGTC	1
1292	1291	3	ATCTTCATTACTGCGATGAAGTCG	1
1293	1292	3	TCTTCATTACTGCGATGAAGTCGA	1
1294	1293	3	CTTCATTACTGCGATGAAGTCGAA	1
1295	1294	3	TTCATTACTGCGATGAAGTCGAAC	1
1296	1295	3	TCATTACTGCGATGAAGTCGAACG	1
1297	1296	3	CATTACTGCGATGAAGTCGAACGG	1
1298	1297	3	ATTACTGCGATGAAGTCGAACGGA	1
1299	1298	3	TTACTGCGATGAAGTCGAACGGAT	1
1300	1299	3	TACTGCGATGAAGTCGAACGGATG	1
1301	1300	3	ACTGCGATGAAGTCGAACGGATGC	1
1302	1301	3	CTGCGATGAAGTCGAACGGATGCT	1
1303	1302	3	TGCGATGAAGTCGAACGGATGCTG	1
1304	1303	2	GCGATGAAGTCGAACGGATGCTGC	1
1305	1304	2	CGATGAAGTCGAACGGATGCTGCA	1
1306	1305	2	GATGAAGTCGAACGGATGCTGCAA	1
1307	1306	2	ATGAAGTCGAACGGATGCTGCAAA	1
1308	1307	2	TGAAGTCGAACGGATGCTGCAAAC	1
1309	1308	2	GAAGTCGAACGGATGCTGCAAACT	1
1310	1309	2	AAGTCGAACGGATGCTGCAAACTC	1
1311	1310	2	AGTCGAACGGATGCTGCAAACTCA	1
1312	1311	2	GTCGAACGGATGCTGCAAACTCAT	1
1313	1312	2	TCGAACGGATGCTGCAAACTCATC	1
1314	1313	2	CGAACGGATGCTGCAAACTCATCG	1
1315	1314	3	GAACGGATGCTGCAAACTCATCGT	1
1316	1315	3	AACGGATGCTGCAAACTCATCGTT	1
1317	1316	3	ACGGATGCTGCAAACTCATCGTTA	1
1318	1317	3	CGGATGCTGCAAACTCATCGTTAG	1
1319	1318	3	GGATGCTGCAAACTCATCGTTAGT	1
1320	1319	3	GATGCTGCAAACTCATCGTTAGTG	1
1321	1320	3	ATGCTGCAAACTCATCGTTAGTGA	1
1322	1321	3	TGCTGCAAACTCATCGTTAGTGAA	1
1323	1322	3	GCTGCAAACTCATCGTTAGTGAAG	1
1324	1323	3	CTGCAAACTCATCGTTAGTGAAGA	1
1325	1324	3	TGCAAACTCATCGTTAGTGAAGAA	1
1326	1325	2	GCAAACTCATCGTTAGTGAAGAAG	1
1327	1326	2	CAAACTCATCGTTAGTGAAGAAGA	1
1328	1327	2	AAACTCATCGTTAGTGAAGAAGAG	1
1329	1328	1	AACTCATCGTTAGTGAAGAAGAGG	1
1330	1329	1	ACTCATCGTTAGTGAAGAAGAGGA	1
1331	1330	1	CTCATCGTTAGTGAAGAAGAGGAG	1
1332	1331	1	TCATCGTTAGTGAAGAAGAGGAGG	1
1333	1332	1	CATCGTTAGTGAAGAAGAGGAGGA	1
1334	1333	1	ATCGTTAGTGAAGAAGAGGAGGAT	1
1335	1334	1	TCGTTAGTGAAGAAGAGGAGGATC	1
1336	1335	1	CGTTAGTGAAGAAGAGGAGGATCT	1
1337	1336	1	GTTAGTGAAGAAGAGGAGGATCTT	1
1338	1337	1	TTAGTGAAGAAGAGGAGGATCTTA	1
1339	1338	1	TAGTGAAGAAGAGGAGGATCTTAT	1
1340	1339	1	AGTGAAGAAGAGGAGGATCTTATC	1
1341	1340	1	GTGAAGAAGAGGAGGATCTTATCG	1
1342	1341	1	TGAAGAAGAGGAGGATCTTATCGT	1
1343	1342	1	GAAGAAGAGGAGGATCTTATCGTA	1
1344	1343	1	AAGAAGAGGAGGATCTTATCGTAG	1
1345	1344	1	AGAAGAGGAGGATCTTATCGTAGT	1
1346	1345	1	GAAGAGGAGGATCTTATCGTAGTT	1
1347	1346	1	AAGAGGAGGATCTTATCGTAGTTG	1
1348	1347	1	AGAGGAGGATCTTATCGTAGTTGA	1
1349	1348	1	GAGGAGGATCTTATCGTAGTTGAT	1
1350	1349	1	AGGAGGATCTTATCGTAGTTGATA	1
1351	1350	1	GGAGGATCTTATCGTAGTTGATAG	1
1352	1351	1	GAGGATCTTATCGTAGTTGATAGC	1
1353	1352	1	AGGATCTTATCGTAGTTGATAGCA	1
1354	1353	1	GGATCTTATCGTAGTTGATAGCAA	1
1355	1354	1	GATCTTATCGTAGTTGATAGCAAC	1
1356	1355	1	ATCTTATCGTAGTTGATAGCAACG	1
1357	1356	1	TCTTATCGTAGTTGATAGCAACGG	1
1358	1357	1	CTTATCGTAGTTGATAGCAACGGT	1
1359	-1	0	GATTTTTTTTGTTTACACTGGAGA	1
1360	1359	2	ATTTTTTTTGTTTACACTGGAGAG	1
1361	1360	3	TTTTTTTTGTTTACACTGGAGAGA	1
1362	1361	5	TTTTTTTGTTTACACTGGAGAGAG	1
1363	1362	6	TTTTTTGTTTACACTGGAGAGAGA	1
1364	1363	6	TTTTTGTTTACACTGGAGAGAGAC	1
1365	1364	6	TTTTGTTTACACTGGAGAGAGACA	1
1366	1365	6	TTTGTTTACACTGGAGAGAGACAA	1
1367	1366	6	TTGTTTACACTGGAGAGAGACAAC	1
1368	1367	6	TGTTTACACTGGAGAGAGACAACA	1
1369	1368	7	GTTTACACTGGAGAGAGACAACAC	1
1370	1369	8	TTTACACTGGAGAGAGACAACACA	1
1371	1370	10	TTACACTGGAGAGAGACAACACAA	1
1372	1371	10	TACACTGGAGAGAGACAACACAAC	1
1373	1372	10	ACACTGGAGAGAGACAACACAACT	1
1374	1373	10	CACTGGAGAGAGACAACACAACTC	1
1375	1374	10	ACTGGAGAGAGACAACACAACTCA	1
1376	1375	12	CTGGAGAGAGACAACACAACTCAT	1
1377	1376	12	TGGAGAGAGACAACACAACTCATT	1
1378	1377	12	GGAGAGAGACAACACAACTCATTA	1
1379	1378	12	GAGAGAGACAACACAACTCATTAT	1
1380	1379	12	AGAGAGACAACACAACTCATTATT	1
1381	1380	12	GAGAGACAACACAACTCATTATTA	1
1382	1381	12	AGAGACAACACAACTCATTATTAA	1
1383	1382	12	GAGACAACACAACTCATTATTAAT	1
1384	1383	12	AGACAACACAACTCATTATTAATT	1
1385	1384	14	GACAACACAACTCATTATTAATTT	1
1386	1385	14	ACAACACAACTCATTATTAATTTT	1
1387	1386	14	CAACACAACTCATTATTAATTTTT	1
1388	1387	15	AACACAACTCATTATTAATTTTTT	1
1389	1388	15	ACACAACTCATTATTAATTTTTTC	1
1390	1389	15	CACAACTCATTATTAATTTTTTCA	1
1391	1390	15	ACAACTCATTATTAATTTTTTCAT	1
1392	1391	15	CAACTCATTATTAATTTTTTCATC	1
1393	1392	15	AACTCATTATTAATTTTTTCATCT	1
1394	1393	15	ACTCATTATTAATTTTTTCATCTT	1
1395	1394	15	CTCATTATTAATTTTTTCATCTTC	1
1396	1395	15	TCATTATTAATTTTTTCATCTTCG	1
1397	1396	15	CATTATTAATTTTTTCATCTTCGT	1
1398	1397	15	ATTATTAATTTTTTCATCTTCGTC	1
1399	1398	15	TTATTAATTTTTTCATCTTCGTCT	1
1400	1399	15	TATTAATTTTTTCATCTTCGTCTC	1
1401	1400	15	ATTAATTTTTTCATCTTCGTCTCT	1
1402	1401	15	TTAATTTTTTCATCTTCGTCTCTC	1
1403	1402	15	TAATTTTTTCATCTTCGTCTCTCT	1
1404	1403	13	AATTTTTTCATCTTCGTCTCTCTC	1
1405	1404	12	ATTTTTTCATCTTCGTCTCTCTCG	1
1406	1405	10	TTTTTTCATCTTCGTCTCTCTCGT	1
1407	1406	9	TTTTTCATCTTCGTCTCTCTCGTC	1
1408	1407	9	TTTTCATCTTCGTCTCTCTCGTCT	1
1409	1408	9	TTTCATCTTCGTCTCTCTCGTCTC	1
1410	1409	9	TTCATCTTCGTCTCTCTCGTCTCT	1
1411	1410	9	TCATCTTCGTCTCTCTCGTCTCTT	1
1412	1411	9	CATCTTCGTCTCTCTCGTCTCTTA	1
1413	1412	8	ATCTTCGTCTCTCTCGTCTCTTAT	1
1414	1413	7	TCTTCGTCTCTCTCGTCTCTTATT	1
1415	1414	5	CTTCGTCTCTCTCGTCTCTTATTA	1
1416	1415	5	TTCGTCTCTCTCGTCTCTTATTAT	1
1417	1416	5	TCGTCTCTCTCGTCTCTTATTATA	1
1418	1417	5	CGTCTCTCTCGTCTCTTATTATAT	1
1419	1418	5	GTCTCTCTCGTCTCTTATTATATC	1
1420	1419	3	TCTCTCTCGTCTCTTATTATATCA	1
1421	1420	3	CTCTCTCGTCTCTTATTATATCAT	1
1422	1421	3	TCTCTCGTCTCTTATTATATCATC	1
1423	1422	3	CTCTCGTCTCTTATTATATCATCT	1
1424	1423	3	TCTCGTCTCTTATTATATCATCTC	1
1425	1424	3	CTCGTCTCTTATTATATCATCTCA	1
1426	1425	3	TCGTCTCTTATTATATCATCTCAT	1
1427	1426	3	CGTCTCTTATTATATCATCTCATC	1
1428	1427	3	GTCTCTTATTATATCATCTCATCT	1
1429	1428	1	TCTCTTATTATATCATCTCATCTC	1
1430	1429	1	CTCTTATTATATCATCTCATCTCA	1
1431	1430	1	TCTTATTATATCATCTCATCTCAC	1
