Component 553
1	-1	0	CTCAACTCATTCCTCAAGCCCGGT	1
2	1	1	TCAACTCATTCCTCAAGCCCGGTC	1
3	2	1	CAACTCATTCCTCAAGCCCGGTCT	1
4	3	1	AACTCATTCCTCAAGCCCGGTCTG	1
5	4	1	ACTCATTCCTCAAGCCCGGTCTGC	1
6	5	1	CTCATTCCTCAAGCCCGGTCTGCC	1
7	6	1	TCATTCCTCAAGCCCGGTCTGCCA	1
8	7	1	CATTCCTCAAGCCCGGTCTGCCAT	1
9	8	1	ATTCCTCAAGCCCGGTCTGCCATT	1
10	9	1	TTCCTCAAGCCCGGTCTGCCATTC	1
11	10	1	TCCTCAAGCCCGGTCTGCCATTCA	1
12	11	1	CCTCAAGCCCGGTCTGCCATTCAA	1
13	12	1	CTCAAGCCCGGTCTGCCATTCAAA	1
14	13	1	TCAAGCCCGGTCTGCCATTCAAAC	1
15	14	1	CAAGCCCGGTCTGCCATTCAAACA	1
16	15	1	AAGCCCGGTCTGCCATTCAAACAG	1
17	16	1	AGCCCGGTCTGCCATTCAAACAGG	1
18	17	1	GCCCGGTCTGCCATTCAAACAGGA	1
19	18	1	CCCGGTCTGCCATTCAAACAGGAA	1
20	19	1	CCGGTCTGCCATTCAAACAGGAAA	1
21	20	1	CGGTCTGCCATTCAAACAGGAAAT	1
22	21	1	GGTCTGCCATTCAAACAGGAAATG	1
23	22	2	GTCTGCCATTCAAACAGGAAATGC	1
24	23	2	TCTGCCATTCAAACAGGAAATGCC	1
25	24	2	CTGCCATTCAAACAGGAAATGCCT	1
26	25	2	TGCCATTCAAACAGGAAATGCCTT	1
27	26	2	GCCATTCAAACAGGAAATGCCTTA	1
28	27	2	CCATTCAAACAGGAAATGCCTTAC	1
29	28	2	CATTCAAACAGGAAATGCCTTACA	1
30	29	2	ATTCAAACAGGAAATGCCTTACAA	1
31	30	2	TTCAAACAGGAAATGCCTTACAAG	1
32	31	2	TCAAACAGGAAATGCCTTACAAGG	1
33	32	2	CAAACAGGAAATGCCTTACAAGGT	1
34	33	2	AAACAGGAAATGCCTTACAAGGTT	1
35	34	2	AACAGGAAATGCCTTACAAGGTTT	1
36	35	2	ACAGGAAATGCCTTACAAGGTTTG	1
37	36	2	CAGGAAATGCCTTACAAGGTTTGA	1
38	37	3	AGGAAATGCCTTACAAGGTTTGAA	1
39	38	3	GGAAATGCCTTACAAGGTTTGAAA	1
40	39	3	GAAATGCCTTACAAGGTTTGAAAA	1
41	40	4	AAATGCCTTACAAGGTTTGAAAAC	1
42	41	4	AATGCCTTACAAGGTTTGAAAACC	1
43	42	4	ATGCCTTACAAGGTTTGAAAACCT	1
44	43	4	TGCCTTACAAGGTTTGAAAACCTT	1
45	44	4	GCCTTACAAGGTTTGAAAACCTTA	1
46	45	3	CCTTACAAGGTTTGAAAACCTTAC	1
47	46	3	CTTACAAGGTTTGAAAACCTTACT	1
48	47	3	TTACAAGGTTTGAAAACCTTACTC	1
49	48	3	TACAAGGTTTGAAAACCTTACTCT	1
50	49	3	ACAAGGTTTGAAAACCTTACTCTC	1
51	50	3	CAAGGTTTGAAAACCTTACTCTCA	1
52	51	3	AAGGTTTGAAAACCTTACTCTCAT	1
53	52	3	AGGTTTGAAAACCTTACTCTCATA	1
54	53	3	GGTTTGAAAACCTTACTCTCATAT	1
55	54	3	GTTTGAAAACCTTACTCTCATATG	1
56	55	3	TTTGAAAACCTTACTCTCATATGT	1
57	56	3	TTGAAAACCTTACTCTCATATGTT	1
58	57	3	TGAAAACCTTACTCTCATATGTTC	1
59	58	3	GAAAACCTTACTCTCATATGTTCC	1
60	59	3	AAAACCTTACTCTCATATGTTCCT	1
61	60	3	AAACCTTACTCTCATATGTTCCTT	1
62	61	3	AACCTTACTCTCATATGTTCCTTA	1
63	62	3	ACCTTACTCTCATATGTTCCTTAT	1
64	63	2	CCTTACTCTCATATGTTCCTTATG	1
65	64	2	CTTACTCTCATATGTTCCTTATGG	1
66	65	2	TTACTCTCATATGTTCCTTATGGA	1
67	66	1	TACTCTCATATGTTCCTTATGGAA	1
68	67	1	ACTCTCATATGTTCCTTATGGAAA	1
69	68	1	CTCTCATATGTTCCTTATGGAAAT	1
70	69	1	TCTCATATGTTCCTTATGGAAATG	1
71	70	1	CTCATATGTTCCTTATGGAAATGA	1
72	71	1	TCATATGTTCCTTATGGAAATGAT	1
73	72	1	CATATGTTCCTTATGGAAATGATG	1
74	73	1	ATATGTTCCTTATGGAAATGATGT	1
75	74	1	TATGTTCCTTATGGAAATGATGTT	1
76	75	1	ATGTTCCTTATGGAAATGATGTTC	1
77	76	1	TGTTCCTTATGGAAATGATGTTCA	1
78	77	1	GTTCCTTATGGAAATGATGTTCAA	1
79	78	1	TTCCTTATGGAAATGATGTTCAAG	1
80	79	1	TCCTTATGGAAATGATGTTCAAGA	1
81	80	1	CCTTATGGAAATGATGTTCAAGAA	1
82	-1	0	CTTTTTGGTATCTACTATTCTGTC	1
83	82	1	TTTTTGGTATCTACTATTCTGTCG	1
84	83	1	TTTTGGTATCTACTATTCTGTCGC	1
85	84	1	TTTGGTATCTACTATTCTGTCGCT	1
86	85	2	TTGGTATCTACTATTCTGTCGCTT	1
87	86	2	TGGTATCTACTATTCTGTCGCTTA	1
88	87	2	GGTATCTACTATTCTGTCGCTTAT	1
89	88	2	GTATCTACTATTCTGTCGCTTATG	1
90	89	2	TATCTACTATTCTGTCGCTTATGG	1
91	90	2	ATCTACTATTCTGTCGCTTATGGA	1
92	91	2	TCTACTATTCTGTCGCTTATGGAA	1
93	92	2	CTACTATTCTGTCGCTTATGGAAC	1
94	93	2	TACTATTCTGTCGCTTATGGAACT	1
95	94	2	ACTATTCTGTCGCTTATGGAACTG	1
96	95	2	CTATTCTGTCGCTTATGGAACTGA	1
97	96	2	TATTCTGTCGCTTATGGAACTGAA	1
98	97	2	ATTCTGTCGCTTATGGAACTGAAT	1
99	98	2	TTCTGTCGCTTATGGAACTGAATC	1
100	99	2	TCTGTCGCTTATGGAACTGAATCA	1
101	100	2	CTGTCGCTTATGGAACTGAATCAA	1
102	101	2	TGTCGCTTATGGAACTGAATCAAT	1
103	102	2	GTCGCTTATGGAACTGAATCAATG	1
104	103	2	TCGCTTATGGAACTGAATCAATGA	1
105	104	2	CGCTTATGGAACTGAATCAATGAT	1
106	105	2	GCTTATGGAACTGAATCAATGATT	1
107	106	2	CTTATGGAACTGAATCAATGATTC	1
108	107	2	TTATGGAACTGAATCAATGATTCT	1
109	108	2	TATGGAACTGAATCAATGATTCTG	1
110	109	2	ATGGAACTGAATCAATGATTCTGT	1
111	110	2	TGGAACTGAATCAATGATTCTGTT	1
112	111	2	GGAACTGAATCAATGATTCTGTTT	1
113	112	2	GAACTGAATCAATGATTCTGTTTT	1
114	113	2	AACTGAATCAATGATTCTGTTTTA	1
115	114	2	ACTGAATCAATGATTCTGTTTTAT	1
116	115	2	CTGAATCAATGATTCTGTTTTATG	1
117	116	2	TGAATCAATGATTCTGTTTTATGT	1
118	117	2	GAATCAATGATTCTGTTTTATGTC	1
119	118	2	AATCAATGATTCTGTTTTATGTCT	1
120	119	2	ATCAATGATTCTGTTTTATGTCTT	1
121	120	2	TCAATGATTCTGTTTTATGTCTTC	1
122	121	2	CAATGATTCTGTTTTATGTCTTCT	1
123	122	2	AATGATTCTGTTTTATGTCTTCTT	1
124	123	2	ATGATTCTGTTTTATGTCTTCTTT	1
125	124	2	TGATTCTGTTTTATGTCTTCTTTC	1
126	125	2	GATTCTGTTTTATGTCTTCTTTCC	1
127	126	1	ATTCTGTTTTATGTCTTCTTTCCC	1
128	127	1	TTCTGTTTTATGTCTTCTTTCCCA	1
129	128	1	TCTGTTTTATGTCTTCTTTCCCAC	1
130	-1	0	AGAATGTTCAACGGAGGAAATTGA	1
131	130	1	GAATGTTCAACGGAGGAAATTGAT	1
132	131	1	AATGTTCAACGGAGGAAATTGATA	1
133	132	1	ATGTTCAACGGAGGAAATTGATAA	1
134	133	1	TGTTCAACGGAGGAAATTGATAAT	1
135	134	1	GTTCAACGGAGGAAATTGATAATA	1
136	135	1	TTCAACGGAGGAAATTGATAATAT	1
137	136	1	TCAACGGAGGAAATTGATAATATT	1
138	137	1	CAACGGAGGAAATTGATAATATTG	1
139	138	1	AACGGAGGAAATTGATAATATTGT	1
140	139	1	ACGGAGGAAATTGATAATATTGTA	1
141	140	1	CGGAGGAAATTGATAATATTGTAA	1
142	141	1	GGAGGAAATTGATAATATTGTAAA	1
143	142	1	GAGGAAATTGATAATATTGTAAAC	1
144	143	1	AGGAAATTGATAATATTGTAAACT	1
145	144	1	GGAAATTGATAATATTGTAAACTT	1
146	145	1	GAAATTGATAATATTGTAAACTTC	1
147	146	1	AAATTGATAATATTGTAAACTTCA	1
148	147	1	AATTGATAATATTGTAAACTTCAT	1
149	148	1	ATTGATAATATTGTAAACTTCATT	1
150	149	1	TTGATAATATTGTAAACTTCATTT	1
151	150	1	TGATAATATTGTAAACTTCATTTA	1
152	151	2	GATAATATTGTAAACTTCATTTAT	1
153	152	2	ATAATATTGTAAACTTCATTTATC	1
154	153	2	TAATATTGTAAACTTCATTTATCG	1
155	154	2	AATATTGTAAACTTCATTTATCGT	1
156	155	2	ATATTGTAAACTTCATTTATCGTG	1
157	156	2	TATTGTAAACTTCATTTATCGTGG	1
158	157	2	ATTGTAAACTTCATTTATCGTGGA	1
159	158	3	TTGTAAACTTCATTTATCGTGGAT	1
160	159	3	TGTAAACTTCATTTATCGTGGATT	1
161	160	3	GTAAACTTCATTTATCGTGGATTG	1
162	161	3	TAAACTTCATTTATCGTGGATTGG	1
163	162	3	AAACTTCATTTATCGTGGATTGGC	1
164	163	3	AACTTCATTTATCGTGGATTGGCG	1
165	164	3	ACTTCATTTATCGTGGATTGGCGA	1
166	165	3	CTTCATTTATCGTGGATTGGCGAA	1
167	166	3	TTCATTTATCGTGGATTGGCGAAT	1
168	167	3	TCATTTATCGTGGATTGGCGAATC	1
169	168	3	CATTTATCGTGGATTGGCGAATCC	1
170	169	3	ATTTATCGTGGATTGGCGAATCCT	1
171	170	3	TTTATCGTGGATTGGCGAATCCTC	1
172	171	3	TTATCGTGGATTGGCGAATCCTCA	1
173	172	3	TATCGTGGATTGGCGAATCCTCAA	1
174	173	3	ATCGTGGATTGGCGAATCCTCAAG	1
175	174	2	TCGTGGATTGGCGAATCCTCAAGC	1
176	175	2	CGTGGATTGGCGAATCCTCAAGCC	1
177	176	3	GTGGATTGGCGAATCCTCAAGCCT	1
178	177	3	TGGATTGGCGAATCCTCAAGCCTA	1
179	178	3	GGATTGGCGAATCCTCAAGCCTAC	1
180	179	3	GATTGGCGAATCCTCAAGCCTACA	1
181	180	3	ATTGGCGAATCCTCAAGCCTACAA	1
182	181	3	TTGGCGAATCCTCAAGCCTACAAC	1
183	182	3	TGGCGAATCCTCAAGCCTACAACT	1
184	183	3	GGCGAATCCTCAAGCCTACAACTC	1
185	184	3	GCGAATCCTCAAGCCTACAACTCG	1
186	185	3	CGAATCCTCAAGCCTACAACTCGT	1
187	186	3	GAATCCTCAAGCCTACAACTCGTC	1
188	187	3	AATCCTCAAGCCTACAACTCGTCT	1
189	188	3	ATCCTCAAGCCTACAACTCGTCTG	1
190	189	3	TCCTCAAGCCTACAACTCGTCTGT	1
191	190	3	CCTCAAGCCTACAACTCGTCTGTA	1
192	191	3	CTCAAGCCTACAACTCGTCTGTAT	1
193	192	3	TCAAGCCTACAACTCGTCTGTATT	1
194	193	3	CAAGCCTACAACTCGTCTGTATTA	1
195	194	3	AAGCCTACAACTCGTCTGTATTAC	1
196	195	2	AGCCTACAACTCGTCTGTATTACT	1
197	196	2	GCCTACAACTCGTCTGTATTACTT	1
198	197	2	CCTACAACTCGTCTGTATTACTTA	1
199	198	2	CTACAACTCGTCTGTATTACTTAA	1
200	199	2	TACAACTCGTCTGTATTACTTAAT	1
201	200	2	ACAACTCGTCTGTATTACTTAATT	1
202	201	2	CAACTCGTCTGTATTACTTAATTG	1
203	202	1	AACTCGTCTGTATTACTTAATTGG	1
204	203	1	ACTCGTCTGTATTACTTAATTGGC	1
205	204	1	CTCGTCTGTATTACTTAATTGGCA	1
206	205	1	TCGTCTGTATTACTTAATTGGCAC	1
207	206	1	CGTCTGTATTACTTAATTGGCACG	1
208	207	1	GTCTGTATTACTTAATTGGCACGA	1
209	208	1	TCTGTATTACTTAATTGGCACGAA	1
210	209	1	CTGTATTACTTAATTGGCACGAAA	1
211	210	1	TGTATTACTTAATTGGCACGAAAA	1
212	211	1	GTATTACTTAATTGGCACGAAAAG	1
213	212	1	TATTACTTAATTGGCACGAAAAGG	1
214	213	1	ATTACTTAATTGGCACGAAAAGGT	1
215	214	1	TTACTTAATTGGCACGAAAAGGTG	1
216	215	1	TACTTAATTGGCACGAAAAGGTGG	1
217	216	1	ACTTAATTGGCACGAAAAGGTGGT	1
218	217	1	CTTAATTGGCACGAAAAGGTGGTG	1
219	218	1	TTAATTGGCACGAAAAGGTGGTGG	1
220	219	1	TAATTGGCACGAAAAGGTGGTGGA	1
221	-1	0	CTGAAACTTAACCTGTTCCATCGT	1
222	221	1	TGAAACTTAACCTGTTCCATCGTT	1
223	222	1	GAAACTTAACCTGTTCCATCGTTT	1
224	223	1	AAACTTAACCTGTTCCATCGTTTT	1
225	224	1	AACTTAACCTGTTCCATCGTTTTC	1
226	225	1	ACTTAACCTGTTCCATCGTTTTCT	1
227	226	1	CTTAACCTGTTCCATCGTTTTCTT	1
228	227	2	TTAACCTGTTCCATCGTTTTCTTT	1
229	228	2	TAACCTGTTCCATCGTTTTCTTTA	1
230	229	2	AACCTGTTCCATCGTTTTCTTTAC	1
231	230	2	ACCTGTTCCATCGTTTTCTTTACC	1
232	231	2	CCTGTTCCATCGTTTTCTTTACCT	1
233	232	2	CTGTTCCATCGTTTTCTTTACCTT	1
234	233	2	TGTTCCATCGTTTTCTTTACCTTA	1
235	234	2	GTTCCATCGTTTTCTTTACCTTAC	1
236	235	2	TTCCATCGTTTTCTTTACCTTACC	1
237	236	2	TCCATCGTTTTCTTTACCTTACCA	1
238	237	2	CCATCGTTTTCTTTACCTTACCAG	1
239	238	2	CATCGTTTTCTTTACCTTACCAGT	1
240	239	2	ATCGTTTTCTTTACCTTACCAGTT	1
241	240	2	TCGTTTTCTTTACCTTACCAGTTA	1
242	241	2	CGTTTTCTTTACCTTACCAGTTAT	1
243	242	2	GTTTTCTTTACCTTACCAGTTATA	1
244	243	2	TTTTCTTTACCTTACCAGTTATAG	1
245	244	2	TTTCTTTACCTTACCAGTTATAGA	1
246	245	2	TTCTTTACCTTACCAGTTATAGAG	1
247	246	2	TCTTTACCTTACCAGTTATAGAGT	1
248	247	2	CTTTACCTTACCAGTTATAGAGTT	1
249	248	2	TTTACCTTACCAGTTATAGAGTTA	1
250	249	2	TTACCTTACCAGTTATAGAGTTAT	1
251	250	2	TACCTTACCAGTTATAGAGTTATA	1
252	251	2	ACCTTACCAGTTATAGAGTTATAA	1
253	252	2	CCTTACCAGTTATAGAGTTATAAA	1
254	253	2	CTTACCAGTTATAGAGTTATAAAA	1
255	254	2	TTACCAGTTATAGAGTTATAAAAT	1
256	255	2	TACCAGTTATAGAGTTATAAAATG	1
257	256	2	ACCAGTTATAGAGTTATAAAATGA	1
258	257	2	CCAGTTATAGAGTTATAAAATGAC	1
259	258	2	CAGTTATAGAGTTATAAAATGACG	1
260	259	2	AGTTATAGAGTTATAAAATGACGT	1
261	260	2	GTTATAGAGTTATAAAATGACGTT	1
262	261	2	TTATAGAGTTATAAAATGACGTTT	1
263	262	2	TATAGAGTTATAAAATGACGTTTC	1
264	263	2	ATAGAGTTATAAAATGACGTTTCG	1
265	264	2	TAGAGTTATAAAATGACGTTTCGG	1
266	265	1	AGAGTTATAAAATGACGTTTCGGA	1
267	266	1	GAGTTATAAAATGACGTTTCGGAC	1
268	267	1	AGTTATAAAATGACGTTTCGGACT	1
269	268	1	GTTATAAAATGACGTTTCGGACTT	1
270	269	1	TTATAAAATGACGTTTCGGACTTT	1
271	270	1	TATAAAATGACGTTTCGGACTTTG	1
