Component 557
1	-1	0	AGACTGCTAGCACTGACGACTCTA	1
2	1	1	GACTGCTAGCACTGACGACTCTAG	1
3	2	1	ACTGCTAGCACTGACGACTCTAGC	1
4	3	1	CTGCTAGCACTGACGACTCTAGCT	1
5	4	1	TGCTAGCACTGACGACTCTAGCTC	1
6	5	1	GCTAGCACTGACGACTCTAGCTCT	1
7	6	1	CTAGCACTGACGACTCTAGCTCTG	1
8	7	1	TAGCACTGACGACTCTAGCTCTGC	1
9	8	1	AGCACTGACGACTCTAGCTCTGCC	1
10	9	1	GCACTGACGACTCTAGCTCTGCCA	1
11	10	2	CACTGACGACTCTAGCTCTGCCAG	1
12	11	2	ACTGACGACTCTAGCTCTGCCAGC	1
13	12	2	CTGACGACTCTAGCTCTGCCAGCT	1
14	13	2	TGACGACTCTAGCTCTGCCAGCTC	1
15	14	2	GACGACTCTAGCTCTGCCAGCTCT	1
16	15	2	ACGACTCTAGCTCTGCCAGCTCTG	1
17	16	2	CGACTCTAGCTCTGCCAGCTCTGC	1
18	17	2	GACTCTAGCTCTGCCAGCTCTGCC	1
19	18	2	ACTCTAGCTCTGCCAGCTCTGCCA	1
20	19	2	CTCTAGCTCTGCCAGCTCTGCCAC	1
21	20	2	TCTAGCTCTGCCAGCTCTGCCACT	1
22	21	2	CTAGCTCTGCCAGCTCTGCCACTT	1
23	22	2	TAGCTCTGCCAGCTCTGCCACTTC	1
24	23	2	AGCTCTGCCAGCTCTGCCACTTCC	1
25	24	2	GCTCTGCCAGCTCTGCCACTTCCA	1
26	25	2	CTCTGCCAGCTCTGCCACTTCCAG	1
27	26	2	TCTGCCAGCTCTGCCACTTCCAGT	1
28	27	2	CTGCCAGCTCTGCCACTTCCAGTG	1
29	28	2	TGCCAGCTCTGCCACTTCCAGTGT	1
30	29	2	GCCAGCTCTGCCACTTCCAGTGTA	1
31	30	2	CCAGCTCTGCCACTTCCAGTGTAT	1
32	31	2	CAGCTCTGCCACTTCCAGTGTATC	1
33	32	2	AGCTCTGCCACTTCCAGTGTATCC	1
34	33	2	GCTCTGCCACTTCCAGTGTATCCA	1
35	34	2	CTCTGCCACTTCCAGTGTATCCAG	1
36	35	2	TCTGCCACTTCCAGTGTATCCAGC	1
37	36	2	CTGCCACTTCCAGTGTATCCAGCG	1
38	37	2	TGCCACTTCCAGTGTATCCAGCGT	1
39	38	2	GCCACTTCCAGTGTATCCAGCGTT	1
40	39	2	CCACTTCCAGTGTATCCAGCGTTG	1
41	40	3	CACTTCCAGTGTATCCAGCGTTGT	1
42	41	3	ACTTCCAGTGTATCCAGCGTTGTC	1
43	42	3	CTTCCAGTGTATCCAGCGTTGTCA	1
44	43	3	TTCCAGTGTATCCAGCGTTGTCAG	1
45	44	3	TCCAGTGTATCCAGCGTTGTCAGC	1
46	45	2	CCAGTGTATCCAGCGTTGTCAGCT	1
47	46	2	CAGTGTATCCAGCGTTGTCAGCTC	1
48	47	2	AGTGTATCCAGCGTTGTCAGCTCT	1
49	48	1	GTGTATCCAGCGTTGTCAGCTCTG	1
50	49	1	TGTATCCAGCGTTGTCAGCTCTGC	1
51	50	1	GTATCCAGCGTTGTCAGCTCTGCT	1
52	51	1	TATCCAGCGTTGTCAGCTCTGCTA	1
53	52	1	ATCCAGCGTTGTCAGCTCTGCTAG	1
54	53	1	TCCAGCGTTGTCAGCTCTGCTAGC	1
55	54	1	CCAGCGTTGTCAGCTCTGCTAGCT	1
56	55	1	CAGCGTTGTCAGCTCTGCTAGCTC	1
57	56	1	AGCGTTGTCAGCTCTGCTAGCTCC	1
58	57	1	GCGTTGTCAGCTCTGCTAGCTCCG	1
59	58	1	CGTTGTCAGCTCTGCTAGCTCCGC	1
60	59	1	GTTGTCAGCTCTGCTAGCTCCGCT	1
61	60	1	TTGTCAGCTCTGCTAGCTCCGCTC	1
62	61	1	TGTCAGCTCTGCTAGCTCCGCTCT	1
63	62	1	GTCAGCTCTGCTAGCTCCGCTCTC	1
64	63	1	TCAGCTCTGCTAGCTCCGCTCTCT	1
65	64	1	CAGCTCTGCTAGCTCCGCTCTCTC	1
66	65	1	AGCTCTGCTAGCTCCGCTCTCTCT	1
67	66	1	GCTCTGCTAGCTCCGCTCTCTCTG	1
68	67	1	CTCTGCTAGCTCCGCTCTCTCTGC	1
69	68	1	TCTGCTAGCTCCGCTCTCTCTGCA	1
70	69	1	CTGCTAGCTCCGCTCTCTCTGCAT	1
71	70	1	TGCTAGCTCCGCTCTCTCTGCATC	1
72	71	1	GCTAGCTCCGCTCTCTCTGCATCT	1
73	72	1	CTAGCTCCGCTCTCTCTGCATCTG	1
74	73	1	TAGCTCCGCTCTCTCTGCATCTGC	1
75	74	1	AGCTCCGCTCTCTCTGCATCTGCT	1
76	75	1	GCTCCGCTCTCTCTGCATCTGCTT	1
77	76	1	CTCCGCTCTCTCTGCATCTGCTTC	1
78	77	2	TCCGCTCTCTCTGCATCTGCTTCA	1
79	78	2	CCGCTCTCTCTGCATCTGCTTCAT	1
80	79	3	CGCTCTCTCTGCATCTGCTTCATC	1
81	80	3	GCTCTCTCTGCATCTGCTTCATCG	1
82	81	3	CTCTCTCTGCATCTGCTTCATCGG	1
83	82	3	TCTCTCTGCATCTGCTTCATCGGC	1
84	83	3	CTCTCTGCATCTGCTTCATCGGCC	1
85	84	2	TCTCTGCATCTGCTTCATCGGCCT	1
86	85	2	CTCTGCATCTGCTTCATCGGCCTC	1
87	86	2	TCTGCATCTGCTTCATCGGCCTCT	1
88	87	2	CTGCATCTGCTTCATCGGCCTCTG	1
89	88	2	TGCATCTGCTTCATCGGCCTCTGC	1
90	89	2	GCATCTGCTTCATCGGCCTCTGCT	1
91	90	2	CATCTGCTTCATCGGCCTCTGCTT	1
92	91	2	ATCTGCTTCATCGGCCTCTGCTTC	1
93	92	2	TCTGCTTCATCGGCCTCTGCTTCT	1
94	93	2	CTGCTTCATCGGCCTCTGCTTCTG	1
95	94	2	TGCTTCATCGGCCTCTGCTTCTGT	1
96	95	2	GCTTCATCGGCCTCTGCTTCTGTT	1
97	96	2	CTTCATCGGCCTCTGCTTCTGTTT	1
98	97	2	TTCATCGGCCTCTGCTTCTGTTTC	1
99	98	2	TCATCGGCCTCTGCTTCTGTTTCT	1
100	99	2	CATCGGCCTCTGCTTCTGTTTCTA	1
101	100	2	ATCGGCCTCTGCTTCTGTTTCTAG	1
102	101	2	TCGGCCTCTGCTTCTGTTTCTAGC	1
103	102	2	CGGCCTCTGCTTCTGTTTCTAGCT	1
104	103	2	GGCCTCTGCTTCTGTTTCTAGCTC	1
105	104	2	GCCTCTGCTTCTGTTTCTAGCTCC	1
106	105	2	CCTCTGCTTCTGTTTCTAGCTCCG	1
107	106	3	CTCTGCTTCTGTTTCTAGCTCCGC	1
108	107	3	TCTGCTTCTGTTTCTAGCTCCGCC	1
109	108	3	CTGCTTCTGTTTCTAGCTCCGCCT	1
110	109	3	TGCTTCTGTTTCTAGCTCCGCCTC	1
111	110	3	GCTTCTGTTTCTAGCTCCGCCTCT	1
112	111	3	CTTCTGTTTCTAGCTCCGCCTCTT	1
113	112	3	TTCTGTTTCTAGCTCCGCCTCTTC	1
114	113	3	TCTGTTTCTAGCTCCGCCTCTTCT	1
115	114	3	CTGTTTCTAGCTCCGCCTCTTCTG	1
116	115	3	TGTTTCTAGCTCCGCCTCTTCTGA	1
117	116	3	GTTTCTAGCTCCGCCTCTTCTGAT	1
118	117	3	TTTCTAGCTCCGCCTCTTCTGATG	1
119	118	3	TTCTAGCTCCGCCTCTTCTGATGC	1
120	119	3	TCTAGCTCCGCCTCTTCTGATGCT	1
121	120	4	CTAGCTCCGCCTCTTCTGATGCTT	1
122	121	3	TAGCTCCGCCTCTTCTGATGCTTC	1
123	122	3	AGCTCCGCCTCTTCTGATGCTTCC	1
124	123	1	GCTCCGCCTCTTCTGATGCTTCCC	1
125	124	1	CTCCGCCTCTTCTGATGCTTCCCC	1
126	125	1	TCCGCCTCTTCTGATGCTTCCCCT	1
127	126	1	CCGCCTCTTCTGATGCTTCCCCTG	1
128	127	1	CGCCTCTTCTGATGCTTCCCCTGC	1
129	128	1	GCCTCTTCTGATGCTTCCCCTGCT	1
130	129	1	CCTCTTCTGATGCTTCCCCTGCTT	1
131	130	1	CTCTTCTGATGCTTCCCCTGCTTT	1
132	131	1	TCTTCTGATGCTTCCCCTGCTTTG	1
133	132	1	CTTCTGATGCTTCCCCTGCTTTGA	1
134	133	1	TTCTGATGCTTCCCCTGCTTTGAA	1
135	134	1	TCTGATGCTTCCCCTGCTTTGAAG	1
136	135	1	CTGATGCTTCCCCTGCTTTGAAGA	1
137	136	1	TGATGCTTCCCCTGCTTTGAAGAC	1
138	137	2	GATGCTTCCCCTGCTTTGAAGACT	1
139	138	2	ATGCTTCCCCTGCTTTGAAGACTG	1
140	139	2	TGCTTCCCCTGCTTTGAAGACTGG	1
141	140	2	GCTTCCCCTGCTTTGAAGACTGGC	1
142	141	2	CTTCCCCTGCTTTGAAGACTGGCA	1
143	142	2	TTCCCCTGCTTTGAAGACTGGCAT	1
144	143	2	TCCCCTGCTTTGAAGACTGGCATC	1
145	144	2	CCCCTGCTTTGAAGACTGGCATCA	1
146	145	2	CCCTGCTTTGAAGACTGGCATCAA	1
147	146	2	CCTGCTTTGAAGACTGGCATCAAT	1
148	147	3	CTGCTTTGAAGACTGGCATCAATG	1
149	148	3	TGCTTTGAAGACTGGCATCAATGC	1
150	149	3	GCTTTGAAGACTGGCATCAATGCA	1
151	150	3	CTTTGAAGACTGGCATCAATGCAT	1
152	151	3	TTTGAAGACTGGCATCAATGCATT	1
153	152	3	TTGAAGACTGGCATCAATGCATTG	1
154	153	3	TGAAGACTGGCATCAATGCATTGG	1
155	154	3	GAAGACTGGCATCAATGCATTGGT	1
156	155	3	AAGACTGGCATCAATGCATTGGTT	1
157	156	3	AGACTGGCATCAATGCATTGGTTG	1
158	157	3	GACTGGCATCAATGCATTGGTTGC	1
159	158	3	ACTGGCATCAATGCATTGGTTGCT	1
160	159	3	CTGGCATCAATGCATTGGTTGCTG	1
161	160	3	TGGCATCAATGCATTGGTTGCTGT	1
162	161	3	GGCATCAATGCATTGGTTGCTGTT	1
163	162	4	GCATCAATGCATTGGTTGCTGTTG	1
164	163	3	CATCAATGCATTGGTTGCTGTTGG	1
165	164	2	ATCAATGCATTGGTTGCTGTTGGT	1
166	165	2	TCAATGCATTGGTTGCTGTTGGTG	1
167	166	2	CAATGCATTGGTTGCTGTTGGTGT	1
168	167	2	AATGCATTGGTTGCTGTTGGTGTT	1
169	168	2	ATGCATTGGTTGCTGTTGGTGTTG	1
170	169	2	TGCATTGGTTGCTGTTGGTGTTGT	1
171	170	2	GCATTGGTTGCTGTTGGTGTTGTT	1
172	171	2	CATTGGTTGCTGTTGGTGTTGTTT	1
173	172	2	ATTGGTTGCTGTTGGTGTTGTTTC	1
174	173	2	TTGGTTGCTGTTGGTGTTGTTTCT	1
175	174	2	TGGTTGCTGTTGGTGTTGTTTCTG	1
176	175	2	GGTTGCTGTTGGTGTTGTTTCTGC	1
177	176	2	GTTGCTGTTGGTGTTGTTTCTGCT	1
178	177	2	TTGCTGTTGGTGTTGTTTCTGCTA	1
179	178	2	TGCTGTTGGTGTTGTTTCTGCTAT	1
180	179	2	GCTGTTGGTGTTGTTTCTGCTATT	1
181	180	2	CTGTTGGTGTTGTTTCTGCTATTG	1
182	181	2	TGTTGGTGTTGTTTCTGCTATTGC	1
183	182	2	GTTGGTGTTGTTTCTGCTATTGCC	1
184	183	2	TTGGTGTTGTTTCTGCTATTGCCT	1
185	184	2	TGGTGTTGTTTCTGCTATTGCCTT	1
186	185	2	GGTGTTGTTTCTGCTATTGCCTTG	1
187	186	2	GTGTTGTTTCTGCTATTGCCTTGT	1
188	187	2	TGTTGTTTCTGCTATTGCCTTGTT	1
189	188	2	GTTGTTTCTGCTATTGCCTTGTTT	1
190	189	2	TTGTTTCTGCTATTGCCTTGTTTC	1
191	190	2	TGTTTCTGCTATTGCCTTGTTTCT	1
192	191	1	GTTTCTGCTATTGCCTTGTTTCTT	1
193	192	1	TTTCTGCTATTGCCTTGTTTCTTT	1
194	193	1	TTCTGCTATTGCCTTGTTTCTTTA	1
195	194	1	TCTGCTATTGCCTTGTTTCTTTAA	1
196	195	1	CTGCTATTGCCTTGTTTCTTTAAT	1
197	196	1	TGCTATTGCCTTGTTTCTTTAATT	1
198	197	1	GCTATTGCCTTGTTTCTTTAATTG	1
199	198	1	CTATTGCCTTGTTTCTTTAATTGT	1
200	199	1	TATTGCCTTGTTTCTTTAATTGTG	1
201	200	1	ATTGCCTTGTTTCTTTAATTGTGG	1
202	201	1	TTGCCTTGTTTCTTTAATTGTGGT	1
203	202	1	TGCCTTGTTTCTTTAATTGTGGTA	1
204	203	1	GCCTTGTTTCTTTAATTGTGGTAT	1
205	204	1	CCTTGTTTCTTTAATTGTGGTATC	1
206	205	1	CTTGTTTCTTTAATTGTGGTATCC	1
207	-1	0	AATTGTGGTATCCTAGAGGTATGA	1
208	207	1	ATTGTGGTATCCTAGAGGTATGAT	1
209	208	1	TTGTGGTATCCTAGAGGTATGATG	1
210	209	1	TGTGGTATCCTAGAGGTATGATGA	1
211	210	1	GTGGTATCCTAGAGGTATGATGAA	1
212	211	1	TGGTATCCTAGAGGTATGATGAAT	1
213	212	1	GGTATCCTAGAGGTATGATGAATA	1
214	213	1	GTATCCTAGAGGTATGATGAATAG	1
215	214	1	TATCCTAGAGGTATGATGAATAGC	1
216	215	1	ATCCTAGAGGTATGATGAATAGCT	1
217	216	1	TCCTAGAGGTATGATGAATAGCTG	1
218	217	1	CCTAGAGGTATGATGAATAGCTGG	1
219	218	1	CTAGAGGTATGATGAATAGCTGGT	1
220	219	1	TAGAGGTATGATGAATAGCTGGTA	1
221	220	1	AGAGGTATGATGAATAGCTGGTAG	1
222	221	1	GAGGTATGATGAATAGCTGGTAGG	1
223	222	1	AGGTATGATGAATAGCTGGTAGGG	1
224	223	1	GGTATGATGAATAGCTGGTAGGGT	1
225	224	1	GTATGATGAATAGCTGGTAGGGTT	1
226	225	1	TATGATGAATAGCTGGTAGGGTTT	1
227	226	1	ATGATGAATAGCTGGTAGGGTTTA	1
228	227	1	TGATGAATAGCTGGTAGGGTTTAA	1
229	228	1	GATGAATAGCTGGTAGGGTTTAAA	1
230	229	1	ATGAATAGCTGGTAGGGTTTAAAA	1
231	230	1	TGAATAGCTGGTAGGGTTTAAAAT	1
232	231	1	GAATAGCTGGTAGGGTTTAAAATA	1
233	232	1	AATAGCTGGTAGGGTTTAAAATAA	1
234	233	1	ATAGCTGGTAGGGTTTAAAATAAA	1
235	234	1	TAGCTGGTAGGGTTTAAAATAAAT	1
236	235	1	AGCTGGTAGGGTTTAAAATAAATT	1
237	236	1	GCTGGTAGGGTTTAAAATAAATTT	1
238	237	1	CTGGTAGGGTTTAAAATAAATTTG	1
239	238	1	TGGTAGGGTTTAAAATAAATTTGC	1
240	239	2	GGTAGGGTTTAAAATAAATTTGCT	1
241	240	2	GTAGGGTTTAAAATAAATTTGCTT	1
242	241	2	TAGGGTTTAAAATAAATTTGCTTT	1
243	242	2	AGGGTTTAAAATAAATTTGCTTTT	1
244	243	2	GGGTTTAAAATAAATTTGCTTTTC	1
245	244	2	GGTTTAAAATAAATTTGCTTTTCT	1
246	245	2	GTTTAAAATAAATTTGCTTTTCTC	1
247	246	2	TTTAAAATAAATTTGCTTTTCTCT	1
248	247	3	TTAAAATAAATTTGCTTTTCTCTC	1
249	248	3	TAAAATAAATTTGCTTTTCTCTCT	1
250	249	3	AAAATAAATTTGCTTTTCTCTCTC	1
251	250	4	AAATAAATTTGCTTTTCTCTCTCT	1
252	251	3	AATAAATTTGCTTTTCTCTCTCTT	1
253	252	3	ATAAATTTGCTTTTCTCTCTCTTT	1
254	253	3	TAAATTTGCTTTTCTCTCTCTTTA	1
255	254	3	AAATTTGCTTTTCTCTCTCTTTAG	1
256	255	3	AATTTGCTTTTCTCTCTCTTTAGC	1
257	256	3	ATTTGCTTTTCTCTCTCTTTAGCC	1
258	257	2	TTTGCTTTTCTCTCTCTTTAGCCC	1
259	258	2	TTGCTTTTCTCTCTCTTTAGCCCT	1
260	259	2	TGCTTTTCTCTCTCTTTAGCCCTA	1
261	260	2	GCTTTTCTCTCTCTTTAGCCCTAT	1
262	261	2	CTTTTCTCTCTCTTTAGCCCTATC	1
263	262	2	TTTTCTCTCTCTTTAGCCCTATCT	1
264	263	2	TTTCTCTCTCTTTAGCCCTATCTT	1
265	264	2	TTCTCTCTCTTTAGCCCTATCTTT	1
266	265	2	TCTCTCTCTTTAGCCCTATCTTTA	1
267	266	2	CTCTCTCTTTAGCCCTATCTTTAA	1
268	267	2	TCTCTCTTTAGCCCTATCTTTAAA	1
269	268	2	CTCTCTTTAGCCCTATCTTTAAAT	1
270	269	3	TCTCTTTAGCCCTATCTTTAAATT	1
271	270	3	CTCTTTAGCCCTATCTTTAAATTA	1
272	271	3	TCTTTAGCCCTATCTTTAAATTAC	1
273	272	3	CTTTAGCCCTATCTTTAAATTACA	1
274	273	4	TTTAGCCCTATCTTTAAATTACAA	1
275	274	4	TTAGCCCTATCTTTAAATTACAAA	1
276	275	4	TAGCCCTATCTTTAAATTACAAAT	1
277	276	4	AGCCCTATCTTTAAATTACAAATT	1
278	277	4	GCCCTATCTTTAAATTACAAATTT	1
279	278	4	CCCTATCTTTAAATTACAAATTTT	1
280	279	4	CCTATCTTTAAATTACAAATTTTT	1
281	280	4	CTATCTTTAAATTACAAATTTTTT	1
282	281	4	TATCTTTAAATTACAAATTTTTTT	1
283	282	5	ATCTTTAAATTACAAATTTTTTTC	1
284	283	4	TCTTTAAATTACAAATTTTTTTCT	1
285	284	4	CTTTAAATTACAAATTTTTTTCTT	1
286	285	4	TTTAAATTACAAATTTTTTTCTTT	1
287	286	4	TTAAATTACAAATTTTTTTCTTTA	1
288	287	4	TAAATTACAAATTTTTTTCTTTAT	1
289	288	5	AAATTACAAATTTTTTTCTTTATT	1
290	289	5	AATTACAAATTTTTTTCTTTATTT	1
291	290	5	ATTACAAATTTTTTTCTTTATTTC	1
292	291	4	TTACAAATTTTTTTCTTTATTTCA	1
293	292	4	TACAAATTTTTTTCTTTATTTCAT	1
294	293	4	ACAAATTTTTTTCTTTATTTCATT	1
295	294	3	CAAATTTTTTTCTTTATTTCATTC	1
296	295	3	AAATTTTTTTCTTTATTTCATTCA	1
297	296	3	AATTTTTTTCTTTATTTCATTCAT	1
298	297	3	ATTTTTTTCTTTATTTCATTCATC	1
299	298	3	TTTTTTTCTTTATTTCATTCATCT	1
300	299	3	TTTTTTCTTTATTTCATTCATCTA	1
301	300	3	TTTTTCTTTATTTCATTCATCTAA	1
302	301	3	TTTTCTTTATTTCATTCATCTAAT	1
303	302	3	TTTCTTTATTTCATTCATCTAATC	1
304	303	3	TTCTTTATTTCATTCATCTAATCA	1
305	304	3	TCTTTATTTCATTCATCTAATCAC	1
306	305	3	CTTTATTTCATTCATCTAATCACC	1
307	306	3	TTTATTTCATTCATCTAATCACCA	1
308	307	3	TTATTTCATTCATCTAATCACCAC	1
309	308	3	TATTTCATTCATCTAATCACCACT	1
310	309	3	ATTTCATTCATCTAATCACCACTT	1
311	310	3	TTTCATTCATCTAATCACCACTTA	1
312	311	3	TTCATTCATCTAATCACCACTTAC	1
313	312	3	TCATTCATCTAATCACCACTTACT	1
314	313	2	CATTCATCTAATCACCACTTACTT	1
315	314	2	ATTCATCTAATCACCACTTACTTT	1
316	315	2	TTCATCTAATCACCACTTACTTTT	1
317	316	2	TCATCTAATCACCACTTACTTTTA	1
318	317	1	CATCTAATCACCACTTACTTTTAT	1
319	318	1	ATCTAATCACCACTTACTTTTATT	1
320	319	1	TCTAATCACCACTTACTTTTATTC	1
321	320	1	CTAATCACCACTTACTTTTATTCA	1
322	321	1	TAATCACCACTTACTTTTATTCAT	1
323	322	1	AATCACCACTTACTTTTATTCATC	1
324	323	1	ATCACCACTTACTTTTATTCATCA	1
325	324	1	TCACCACTTACTTTTATTCATCAC	1
326	325	1	CACCACTTACTTTTATTCATCACA	1
327	326	2	ACCACTTACTTTTATTCATCACAA	1
328	327	2	CCACTTACTTTTATTCATCACAAT	1
329	328	2	CACTTACTTTTATTCATCACAATT	1
330	329	2	ACTTACTTTTATTCATCACAATTT	1
331	330	2	CTTACTTTTATTCATCACAATTTT	1
332	331	2	TTACTTTTATTCATCACAATTTTG	1
333	332	1	TACTTTTATTCATCACAATTTTGA	1
334	333	1	ACTTTTATTCATCACAATTTTGAC	1
335	334	1	CTTTTATTCATCACAATTTTGACA	1
336	335	1	TTTTATTCATCACAATTTTGACAT	1
337	336	1	TTTATTCATCACAATTTTGACATG	1
338	337	2	TTATTCATCACAATTTTGACATGA	1
339	338	2	TATTCATCACAATTTTGACATGAC	1
340	339	2	ATTCATCACAATTTTGACATGACG	1
341	340	2	TTCATCACAATTTTGACATGACGT	1
342	341	2	TCATCACAATTTTGACATGACGTA	1
343	342	2	CATCACAATTTTGACATGACGTAT	1
344	343	2	ATCACAATTTTGACATGACGTATC	1
345	344	2	TCACAATTTTGACATGACGTATCT	1
346	345	2	CACAATTTTGACATGACGTATCTT	1
347	346	2	ACAATTTTGACATGACGTATCTTT	1
348	347	2	CAATTTTGACATGACGTATCTTTT	1
349	348	2	AATTTTGACATGACGTATCTTTTT	1
350	349	2	ATTTTGACATGACGTATCTTTTTT	1
351	350	2	TTTTGACATGACGTATCTTTTTTT	1
352	351	2	TTTGACATGACGTATCTTTTTTTT	1
353	352	2	TTGACATGACGTATCTTTTTTTTG	1
354	353	2	TGACATGACGTATCTTTTTTTTGA	1
355	354	2	GACATGACGTATCTTTTTTTTGAT	1
356	355	2	ACATGACGTATCTTTTTTTTGATA	1
357	356	2	CATGACGTATCTTTTTTTTGATAT	1
358	357	2	ATGACGTATCTTTTTTTTGATATT	1
359	358	2	TGACGTATCTTTTTTTTGATATTT	1
360	359	2	GACGTATCTTTTTTTTGATATTTT	1
361	360	2	ACGTATCTTTTTTTTGATATTTTT	1
362	361	2	CGTATCTTTTTTTTGATATTTTTG	1
363	362	2	GTATCTTTTTTTTGATATTTTTGG	1
364	363	2	TATCTTTTTTTTGATATTTTTGGT	1
365	364	2	ATCTTTTTTTTGATATTTTTGGTC	1
366	365	2	TCTTTTTTTTGATATTTTTGGTCG	1
367	366	2	CTTTTTTTTGATATTTTTGGTCGT	1
368	367	2	TTTTTTTTGATATTTTTGGTCGTC	1
369	368	2	TTTTTTTGATATTTTTGGTCGTCG	1
370	369	2	TTTTTTGATATTTTTGGTCGTCGT	1
371	370	1	TTTTTGATATTTTTGGTCGTCGTT	1
372	371	1	TTTTGATATTTTTGGTCGTCGTTT	1
373	372	1	TTTGATATTTTTGGTCGTCGTTTT	1
374	373	1	TTGATATTTTTGGTCGTCGTTTTC	1
375	374	1	TGATATTTTTGGTCGTCGTTTTCA	1
376	375	1	GATATTTTTGGTCGTCGTTTTCAT	1
377	376	1	ATATTTTTGGTCGTCGTTTTCATT	1
378	377	1	TATTTTTGGTCGTCGTTTTCATTA	1
379	378	1	ATTTTTGGTCGTCGTTTTCATTAG	1
380	379	1	TTTTTGGTCGTCGTTTTCATTAGT	1
381	380	1	TTTTGGTCGTCGTTTTCATTAGTA	1
382	-1	0	CTTTGATCATCATTGCTTTGCCAG	1
383	382	1	TTTGATCATCATTGCTTTGCCAGT	1
384	383	1	TTGATCATCATTGCTTTGCCAGTG	1
385	384	1	TGATCATCATTGCTTTGCCAGTGT	1
386	385	1	GATCATCATTGCTTTGCCAGTGTG	1
387	386	1	ATCATCATTGCTTTGCCAGTGTGT	1
388	387	1	TCATCATTGCTTTGCCAGTGTGTT	1
389	388	1	CATCATTGCTTTGCCAGTGTGTTG	1
390	389	1	ATCATTGCTTTGCCAGTGTGTTGT	1
391	390	1	TCATTGCTTTGCCAGTGTGTTGTG	1
392	391	1	CATTGCTTTGCCAGTGTGTTGTGT	1
393	392	1	ATTGCTTTGCCAGTGTGTTGTGTT	1
394	393	1	TTGCTTTGCCAGTGTGTTGTGTTT	1
395	394	1	TGCTTTGCCAGTGTGTTGTGTTTA	1
396	395	1	GCTTTGCCAGTGTGTTGTGTTTAT	1
397	396	1	CTTTGCCAGTGTGTTGTGTTTATT	1
398	397	1	TTTGCCAGTGTGTTGTGTTTATTG	1
399	398	1	TTGCCAGTGTGTTGTGTTTATTGT	1
400	399	3	TGCCAGTGTGTTGTGTTTATTGTT	1
401	400	3	GCCAGTGTGTTGTGTTTATTGTTT	1
402	401	3	CCAGTGTGTTGTGTTTATTGTTTG	1
403	402	3	CAGTGTGTTGTGTTTATTGTTTGT	1
404	403	3	AGTGTGTTGTGTTTATTGTTTGTA	1
405	404	3	GTGTGTTGTGTTTATTGTTTGTAA	1
406	405	3	TGTGTTGTGTTTATTGTTTGTAAA	1
407	406	3	GTGTTGTGTTTATTGTTTGTAAAT	1
408	407	3	TGTTGTGTTTATTGTTTGTAAATC	1
409	408	3	GTTGTGTTTATTGTTTGTAAATCT	1
410	409	3	TTGTGTTTATTGTTTGTAAATCTC	1
411	410	3	TGTGTTTATTGTTTGTAAATCTCT	1
412	411	3	GTGTTTATTGTTTGTAAATCTCTA	1
413	412	3	TGTTTATTGTTTGTAAATCTCTAA	1
414	413	3	GTTTATTGTTTGTAAATCTCTAAA	1
415	414	3	TTTATTGTTTGTAAATCTCTAAAA	1
416	415	3	TTATTGTTTGTAAATCTCTAAAAC	1
417	416	3	TATTGTTTGTAAATCTCTAAAACT	1
418	417	3	ATTGTTTGTAAATCTCTAAAACTC	1
419	418	3	TTGTTTGTAAATCTCTAAAACTCT	1
420	419	3	TGTTTGTAAATCTCTAAAACTCTT	1
421	420	2	GTTTGTAAATCTCTAAAACTCTTT	1
422	421	2	TTTGTAAATCTCTAAAACTCTTTT	1
423	422	2	TTGTAAATCTCTAAAACTCTTTTC	1
424	423	2	TGTAAATCTCTAAAACTCTTTTCG	1
425	424	2	GTAAATCTCTAAAACTCTTTTCGA	1
426	425	2	TAAATCTCTAAAACTCTTTTCGAT	1
427	426	1	AAATCTCTAAAACTCTTTTCGATG	1
428	427	1	AATCTCTAAAACTCTTTTCGATGA	1
429	428	1	ATCTCTAAAACTCTTTTCGATGAT	1
430	429	1	TCTCTAAAACTCTTTTCGATGATG	1
431	430	1	CTCTAAAACTCTTTTCGATGATGG	1
432	431	1	TCTAAAACTCTTTTCGATGATGGT	1
433	432	1	CTAAAACTCTTTTCGATGATGGTA	1
434	433	1	TAAAACTCTTTTCGATGATGGTAT	1
435	434	1	AAAACTCTTTTCGATGATGGTATT	1
436	435	1	AAACTCTTTTCGATGATGGTATTT	1
437	436	1	AACTCTTTTCGATGATGGTATTTC	1
438	437	1	ACTCTTTTCGATGATGGTATTTCT	1
439	438	1	CTCTTTTCGATGATGGTATTTCTC	1
440	439	1	TCTTTTCGATGATGGTATTTCTCC	1
441	440	1	CTTTTCGATGATGGTATTTCTCCA	1
442	441	1	TTTTCGATGATGGTATTTCTCCAA	1
443	442	1	TTTCGATGATGGTATTTCTCCAAT	1
