Component 559
1	-1	0	GCGTTTCCAACTTTGGTCCTCATC	1
2	1	1	CGTTTCCAACTTTGGTCCTCATCA	1
3	2	1	GTTTCCAACTTTGGTCCTCATCAC	1
4	3	1	TTTCCAACTTTGGTCCTCATCACA	1
5	4	1	TTCCAACTTTGGTCCTCATCACAT	1
6	5	1	TCCAACTTTGGTCCTCATCACATC	1
7	6	1	CCAACTTTGGTCCTCATCACATCC	1
8	7	1	CAACTTTGGTCCTCATCACATCCA	1
9	8	1	AACTTTGGTCCTCATCACATCCAG	1
10	9	1	ACTTTGGTCCTCATCACATCCAGG	1
11	10	1	CTTTGGTCCTCATCACATCCAGGA	1
12	11	1	TTTGGTCCTCATCACATCCAGGAA	1
13	12	1	TTGGTCCTCATCACATCCAGGAAT	1
14	13	1	TGGTCCTCATCACATCCAGGAATT	1
15	14	1	GGTCCTCATCACATCCAGGAATTG	1
16	15	1	GTCCTCATCACATCCAGGAATTGT	1
17	16	1	TCCTCATCACATCCAGGAATTGTT	1
18	17	1	CCTCATCACATCCAGGAATTGTTG	1
19	18	1	CTCATCACATCCAGGAATTGTTGG	1
20	19	1	TCATCACATCCAGGAATTGTTGGA	1
21	20	1	CATCACATCCAGGAATTGTTGGAC	1
22	21	1	ATCACATCCAGGAATTGTTGGACA	1
23	22	2	TCACATCCAGGAATTGTTGGACAG	1
24	23	2	CACATCCAGGAATTGTTGGACAGC	1
25	24	3	ACATCCAGGAATTGTTGGACAGCC	1
26	25	3	CATCCAGGAATTGTTGGACAGCCA	1
27	26	3	ATCCAGGAATTGTTGGACAGCCAT	1
28	27	3	TCCAGGAATTGTTGGACAGCCATC	1
29	28	3	CCAGGAATTGTTGGACAGCCATCC	1
30	29	3	CAGGAATTGTTGGACAGCCATCCA	1
31	30	3	AGGAATTGTTGGACAGCCATCCAA	1
32	31	4	GGAATTGTTGGACAGCCATCCAAA	1
33	32	4	GAATTGTTGGACAGCCATCCAAAG	1
34	33	4	AATTGTTGGACAGCCATCCAAAGA	1
35	34	4	ATTGTTGGACAGCCATCCAAAGAT	1
36	35	4	TTGTTGGACAGCCATCCAAAGATT	1
37	36	4	TGTTGGACAGCCATCCAAAGATTA	1
38	37	5	GTTGGACAGCCATCCAAAGATTAT	1
39	38	5	TTGGACAGCCATCCAAAGATTATA	1
40	39	5	TGGACAGCCATCCAAAGATTATAC	1
41	40	6	GGACAGCCATCCAAAGATTATACC	1
42	41	6	GACAGCCATCCAAAGATTATACCA	1
43	42	6	ACAGCCATCCAAAGATTATACCAT	1
44	43	6	CAGCCATCCAAAGATTATACCATG	1
45	44	6	AGCCATCCAAAGATTATACCATGT	1
46	45	5	GCCATCCAAAGATTATACCATGTG	1
47	46	5	CCATCCAAAGATTATACCATGTGT	1
48	47	5	CATCCAAAGATTATACCATGTGTC	1
49	48	5	ATCCAAAGATTATACCATGTGTCA	1
50	49	5	TCCAAAGATTATACCATGTGTCAA	1
51	50	5	CCAAAGATTATACCATGTGTCAAT	1
52	51	5	CAAAGATTATACCATGTGTCAATC	1
53	52	5	AAAGATTATACCATGTGTCAATCA	1
54	53	5	AAGATTATACCATGTGTCAATCAA	1
55	54	5	AGATTATACCATGTGTCAATCAAA	1
56	55	5	GATTATACCATGTGTCAATCAAAT	1
57	56	5	ATTATACCATGTGTCAATCAAATC	1
58	57	5	TTATACCATGTGTCAATCAAATCG	1
59	58	5	TATACCATGTGTCAATCAAATCGA	1
60	59	5	ATACCATGTGTCAATCAAATCGAA	1
61	60	5	TACCATGTGTCAATCAAATCGAAC	1
62	61	5	ACCATGTGTCAATCAAATCGAACT	1
63	62	4	CCATGTGTCAATCAAATCGAACTT	1
64	63	4	CATGTGTCAATCAAATCGAACTTC	1
65	64	4	ATGTGTCAATCAAATCGAACTTCA	1
66	65	3	TGTGTCAATCAAATCGAACTTCAC	1
67	66	3	GTGTCAATCAAATCGAACTTCACC	1
68	67	4	TGTCAATCAAATCGAACTTCACCC	1
69	68	4	GTCAATCAAATCGAACTTCACCCT	1
70	69	4	TCAATCAAATCGAACTTCACCCTT	1
71	70	4	CAATCAAATCGAACTTCACCCTTT	1
72	71	4	AATCAAATCGAACTTCACCCTTTT	1
73	72	4	ATCAAATCGAACTTCACCCTTTTT	1
74	73	4	TCAAATCGAACTTCACCCTTTTTG	1
75	74	4	CAAATCGAACTTCACCCTTTTTGC	1
76	75	3	AAATCGAACTTCACCCTTTTTGCT	1
77	76	3	AATCGAACTTCACCCTTTTTGCTC	1
78	77	3	ATCGAACTTCACCCTTTTTGCTCC	1
79	78	3	TCGAACTTCACCCTTTTTGCTCCC	1
80	79	3	CGAACTTCACCCTTTTTGCTCCCA	1
81	80	2	GAACTTCACCCTTTTTGCTCCCAA	1
82	81	2	AACTTCACCCTTTTTGCTCCCAAC	1
83	82	2	ACTTCACCCTTTTTGCTCCCAACA	1
84	83	2	CTTCACCCTTTTTGCTCCCAACAA	1
85	84	2	TTCACCCTTTTTGCTCCCAACAAA	1
86	85	2	TCACCCTTTTTGCTCCCAACAAAA	1
87	86	2	CACCCTTTTTGCTCCCAACAAAAA	1
88	87	3	ACCCTTTTTGCTCCCAACAAAAAG	1
89	88	3	CCCTTTTTGCTCCCAACAAAAAGT	1
90	89	3	CCTTTTTGCTCCCAACAAAAAGTC	1
91	90	3	CTTTTTGCTCCCAACAAAAAGTCG	1
92	91	3	TTTTTGCTCCCAACAAAAAGTCGT	1
93	92	3	TTTTGCTCCCAACAAAAAGTCGTC	1
94	93	3	TTTGCTCCCAACAAAAAGTCGTCG	1
95	94	3	TTGCTCCCAACAAAAAGTCGTCGA	1
96	95	3	TGCTCCCAACAAAAAGTCGTCGAT	1
97	96	3	GCTCCCAACAAAAAGTCGTCGATT	1
98	97	3	CTCCCAACAAAAAGTCGTCGATTA	1
99	98	3	TCCCAACAAAAAGTCGTCGATTAC	1
100	99	3	CCCAACAAAAAGTCGTCGATTACT	1
101	100	3	CCAACAAAAAGTCGTCGATTACTG	1
102	101	3	CAACAAAAAGTCGTCGATTACTGT	1
103	102	3	AACAAAAAGTCGTCGATTACTGTG	1
104	103	3	ACAAAAAGTCGTCGATTACTGTGA	1
105	104	4	CAAAAAGTCGTCGATTACTGTGAA	1
106	105	4	AAAAAGTCGTCGATTACTGTGAAT	1
107	106	4	AAAAGTCGTCGATTACTGTGAATC	1
108	107	4	AAAGTCGTCGATTACTGTGAATCC	1
109	108	4	AAGTCGTCGATTACTGTGAATCCA	1
110	109	4	AGTCGTCGATTACTGTGAATCCAA	1
111	110	4	GTCGTCGATTACTGTGAATCCAAG	1
112	111	3	TCGTCGATTACTGTGAATCCAAGG	1
113	112	1	CGTCGATTACTGTGAATCCAAGGG	1
114	113	1	GTCGATTACTGTGAATCCAAGGGT	1
115	114	1	TCGATTACTGTGAATCCAAGGGTA	1
116	115	1	CGATTACTGTGAATCCAAGGGTAT	1
117	116	1	GATTACTGTGAATCCAAGGGTATC	1
118	117	1	ATTACTGTGAATCCAAGGGTATCC	1
119	118	1	TTACTGTGAATCCAAGGGTATCCA	1
120	119	1	TACTGTGAATCCAAGGGTATCCAA	1
121	120	1	ACTGTGAATCCAAGGGTATCCAAC	1
122	121	1	CTGTGAATCCAAGGGTATCCAACT	1
123	122	1	TGTGAATCCAAGGGTATCCAACTT	1
124	123	1	GTGAATCCAAGGGTATCCAACTTG	1
125	124	1	TGAATCCAAGGGTATCCAACTTGC	1
126	125	1	GAATCCAAGGGTATCCAACTTGCT	1
127	126	1	AATCCAAGGGTATCCAACTTGCTG	1
128	127	1	ATCCAAGGGTATCCAACTTGCTGC	1
129	128	1	TCCAAGGGTATCCAACTTGCTGCC	1
130	129	1	CCAAGGGTATCCAACTTGCTGCCT	1
131	130	1	CAAGGGTATCCAACTTGCTGCCTA	1
132	131	1	AAGGGTATCCAACTTGCTGCCTAC	1
133	132	1	AGGGTATCCAACTTGCTGCCTACG	1
134	133	1	GGGTATCCAACTTGCTGCCTACGC	1
135	134	1	GGTATCCAACTTGCTGCCTACGCT	1
136	135	1	GTATCCAACTTGCTGCCTACGCTC	1
137	136	1	TATCCAACTTGCTGCCTACGCTCC	1
138	137	1	ATCCAACTTGCTGCCTACGCTCCT	1
139	138	1	TCCAACTTGCTGCCTACGCTCCTC	1
140	139	1	CCAACTTGCTGCCTACGCTCCTCT	1
141	140	1	CAACTTGCTGCCTACGCTCCTCTT	1
142	141	1	AACTTGCTGCCTACGCTCCTCTTG	1
143	142	1	ACTTGCTGCCTACGCTCCTCTTGT	1
144	143	1	CTTGCTGCCTACGCTCCTCTTGTT	1
145	144	1	TTGCTGCCTACGCTCCTCTTGTTC	1
146	145	1	TGCTGCCTACGCTCCTCTTGTTCA	1
147	146	1	GCTGCCTACGCTCCTCTTGTTCAT	1
148	147	1	CTGCCTACGCTCCTCTTGTTCATG	1
149	-1	0	TCAAATCATGATTAGATACTGTCT	1
150	149	1	CAAATCATGATTAGATACTGTCTA	1
151	150	1	AAATCATGATTAGATACTGTCTAC	1
152	151	1	AATCATGATTAGATACTGTCTACA	1
153	152	1	ATCATGATTAGATACTGTCTACAG	1
154	153	1	TCATGATTAGATACTGTCTACAGC	1
155	154	1	CATGATTAGATACTGTCTACAGCG	1
156	155	1	ATGATTAGATACTGTCTACAGCGT	1
157	156	1	TGATTAGATACTGTCTACAGCGTG	1
158	157	1	GATTAGATACTGTCTACAGCGTGG	1
159	158	1	ATTAGATACTGTCTACAGCGTGGA	1
160	159	1	TTAGATACTGTCTACAGCGTGGAT	1
161	160	1	TAGATACTGTCTACAGCGTGGATT	1
162	161	1	AGATACTGTCTACAGCGTGGATTC	1
163	162	1	GATACTGTCTACAGCGTGGATTCA	1
164	163	1	ATACTGTCTACAGCGTGGATTCAT	1
165	164	1	TACTGTCTACAGCGTGGATTCATT	1
166	165	1	ACTGTCTACAGCGTGGATTCATTG	1
167	166	1	CTGTCTACAGCGTGGATTCATTGT	1
168	167	1	TGTCTACAGCGTGGATTCATTGTA	1
169	168	2	GTCTACAGCGTGGATTCATTGTAC	1
170	169	2	TCTACAGCGTGGATTCATTGTACT	1
171	170	2	CTACAGCGTGGATTCATTGTACTT	1
172	171	2	TACAGCGTGGATTCATTGTACTTC	1
173	172	2	ACAGCGTGGATTCATTGTACTTCC	1
174	173	2	CAGCGTGGATTCATTGTACTTCCC	1
175	174	2	AGCGTGGATTCATTGTACTTCCCA	1
176	175	2	GCGTGGATTCATTGTACTTCCCAA	1
177	176	2	CGTGGATTCATTGTACTTCCCAAG	1
178	177	2	GTGGATTCATTGTACTTCCCAAGA	1
179	178	2	TGGATTCATTGTACTTCCCAAGAG	1
180	179	1	GGATTCATTGTACTTCCCAAGAGT	1
181	180	1	GATTCATTGTACTTCCCAAGAGTT	1
182	181	1	ATTCATTGTACTTCCCAAGAGTTC	1
183	182	1	TTCATTGTACTTCCCAAGAGTTCT	1
184	183	1	TCATTGTACTTCCCAAGAGTTCTA	1
185	184	1	CATTGTACTTCCCAAGAGTTCTAC	1
186	185	1	ATTGTACTTCCCAAGAGTTCTACT	1
187	186	1	TTGTACTTCCCAAGAGTTCTACTC	1
188	187	1	TGTACTTCCCAAGAGTTCTACTCC	1
189	188	1	GTACTTCCCAAGAGTTCTACTCCC	1
190	189	2	TACTTCCCAAGAGTTCTACTCCCA	1
191	190	2	ACTTCCCAAGAGTTCTACTCCCAG	1
192	191	2	CTTCCCAAGAGTTCTACTCCCAGG	1
193	192	2	TTCCCAAGAGTTCTACTCCCAGGA	1
194	193	1	TCCCAAGAGTTCTACTCCCAGGAG	1
195	194	1	CCCAAGAGTTCTACTCCCAGGAGG	1
196	195	1	CCAAGAGTTCTACTCCCAGGAGGA	1
197	196	1	CAAGAGTTCTACTCCCAGGAGGAT	1
198	197	1	AAGAGTTCTACTCCCAGGAGGATC	1
199	198	1	AGAGTTCTACTCCCAGGAGGATCA	1
200	199	1	GAGTTCTACTCCCAGGAGGATCAA	1
201	200	1	AGTTCTACTCCCAGGAGGATCAAA	1
202	201	1	GTTCTACTCCCAGGAGGATCAAAG	1
203	202	3	TTCTACTCCCAGGAGGATCAAAGA	1
204	203	3	TCTACTCCCAGGAGGATCAAAGAG	1
205	204	4	CTACTCCCAGGAGGATCAAAGAGA	1
206	205	4	TACTCCCAGGAGGATCAAAGAGAA	1
207	206	4	ACTCCCAGGAGGATCAAAGAGAAT	1
208	207	4	CTCCCAGGAGGATCAAAGAGAATG	1
209	208	4	TCCCAGGAGGATCAAAGAGAATGG	1
210	209	4	CCCAGGAGGATCAAAGAGAATGGC	1
211	210	4	CCAGGAGGATCAAAGAGAATGGCG	1
212	211	4	CAGGAGGATCAAAGAGAATGGCGA	1
213	212	3	AGGAGGATCAAAGAGAATGGCGAC	1
214	213	3	GGAGGATCAAAGAGAATGGCGACG	1
215	214	3	GAGGATCAAAGAGAATGGCGACGT	1
216	215	3	AGGATCAAAGAGAATGGCGACGTT	1
217	216	3	GGATCAAAGAGAATGGCGACGTTT	1
218	217	3	GATCAAAGAGAATGGCGACGTTTT	1
219	218	3	ATCAAAGAGAATGGCGACGTTTTC	1
220	219	3	TCAAAGAGAATGGCGACGTTTTCG	1
221	220	3	CAAAGAGAATGGCGACGTTTTCGA	1
222	221	3	AAAGAGAATGGCGACGTTTTCGAT	1
223	222	3	AAGAGAATGGCGACGTTTTCGATT	1
224	223	3	AGAGAATGGCGACGTTTTCGATTT	1
225	224	3	GAGAATGGCGACGTTTTCGATTTC	1
226	225	3	AGAATGGCGACGTTTTCGATTTCG	1
227	226	3	GAATGGCGACGTTTTCGATTTCGA	1
228	227	3	AATGGCGACGTTTTCGATTTCGAA	1
229	228	3	ATGGCGACGTTTTCGATTTCGAAA	1
230	229	3	TGGCGACGTTTTCGATTTCGAAAT	1
231	230	3	GGCGACGTTTTCGATTTCGAAATA	1
232	231	3	GCGACGTTTTCGATTTCGAAATAT	1
233	232	3	CGACGTTTTCGATTTCGAAATATC	1
234	233	2	GACGTTTTCGATTTCGAAATATCT	1
235	234	2	ACGTTTTCGATTTCGAAATATCTA	1
236	235	2	CGTTTTCGATTTCGAAATATCTAA	1
237	236	2	GTTTTCGATTTCGAAATATCTAAA	1
238	237	2	TTTTCGATTTCGAAATATCTAAAG	1
239	238	2	TTTCGATTTCGAAATATCTAAAGA	1
240	239	2	TTCGATTTCGAAATATCTAAAGAG	1
241	240	3	TCGATTTCGAAATATCTAAAGAGG	1
242	241	3	CGATTTCGAAATATCTAAAGAGGA	1
243	242	3	GATTTCGAAATATCTAAAGAGGAT	1
244	243	3	ATTTCGAAATATCTAAAGAGGATA	1
245	244	3	TTTCGAAATATCTAAAGAGGATAT	1
246	245	3	TTCGAAATATCTAAAGAGGATATG	1
247	246	1	TCGAAATATCTAAAGAGGATATGG	1
248	247	1	CGAAATATCTAAAGAGGATATGGA	1
249	248	1	GAAATATCTAAAGAGGATATGGAG	1
250	249	1	AAATATCTAAAGAGGATATGGAGA	1
251	250	2	AATATCTAAAGAGGATATGGAGAA	1
252	251	2	ATATCTAAAGAGGATATGGAGAAG	1
253	252	2	TATCTAAAGAGGATATGGAGAAGC	1
254	253	2	ATCTAAAGAGGATATGGAGAAGCT	1
255	254	2	TCTAAAGAGGATATGGAGAAGCTC	1
256	255	2	CTAAAGAGGATATGGAGAAGCTCT	1
257	256	2	TAAAGAGGATATGGAGAAGCTCTA	1
258	257	2	AAAGAGGATATGGAGAAGCTCTAC	1
259	258	2	AAGAGGATATGGAGAAGCTCTACA	1
260	259	2	AGAGGATATGGAGAAGCTCTACAA	1
261	260	2	GAGGATATGGAGAAGCTCTACAAC	1
262	261	2	AGGATATGGAGAAGCTCTACAACT	1
263	262	2	GGATATGGAGAAGCTCTACAACTT	1
264	263	2	GATATGGAGAAGCTCTACAACTTG	1
265	264	2	ATATGGAGAAGCTCTACAACTTGG	1
266	265	2	TATGGAGAAGCTCTACAACTTGGA	1
267	266	2	ATGGAGAAGCTCTACAACTTGGAT	1
268	267	2	TGGAGAAGCTCTACAACTTGGATG	1
269	268	2	GGAGAAGCTCTACAACTTGGATGA	1
270	269	2	GAGAAGCTCTACAACTTGGATGAG	1
271	270	2	AGAAGCTCTACAACTTGGATGAGG	1
272	271	2	GAAGCTCTACAACTTGGATGAGGA	1
273	272	2	AAGCTCTACAACTTGGATGAGGAT	1
274	273	2	AGCTCTACAACTTGGATGAGGATT	1
275	274	2	GCTCTACAACTTGGATGAGGATTA	1
276	275	2	CTCTACAACTTGGATGAGGATTAT	1
277	276	3	TCTACAACTTGGATGAGGATTATC	1
278	277	3	CTACAACTTGGATGAGGATTATCA	1
279	278	3	TACAACTTGGATGAGGATTATCAT	1
280	279	3	ACAACTTGGATGAGGATTATCATT	1
281	280	3	CAACTTGGATGAGGATTATCATTC	1
282	281	3	AACTTGGATGAGGATTATCATTCG	1
283	282	3	ACTTGGATGAGGATTATCATTCGG	1
284	283	3	CTTGGATGAGGATTATCATTCGGA	1
285	284	2	TTGGATGAGGATTATCATTCGGAT	1
286	285	2	TGGATGAGGATTATCATTCGGATT	1
287	286	2	GGATGAGGATTATCATTCGGATTG	1
288	287	2	GATGAGGATTATCATTCGGATTGG	1
289	288	2	ATGAGGATTATCATTCGGATTGGA	1
290	289	2	TGAGGATTATCATTCGGATTGGAA	1
291	290	2	GAGGATTATCATTCGGATTGGAAC	1
292	291	2	AGGATTATCATTCGGATTGGAACC	1
293	292	2	GGATTATCATTCGGATTGGAACCC	1
294	293	1	GATTATCATTCGGATTGGAACCCA	1
295	294	1	ATTATCATTCGGATTGGAACCCAT	1
296	295	1	TTATCATTCGGATTGGAACCCATG	1
297	296	1	TATCATTCGGATTGGAACCCATGC	1
298	297	1	ATCATTCGGATTGGAACCCATGCG	1
299	298	1	TCATTCGGATTGGAACCCATGCGT	1
300	299	1	CATTCGGATTGGAACCCATGCGTT	1
301	300	1	ATTCGGATTGGAACCCATGCGTTT	1
302	301	1	TTCGGATTGGAACCCATGCGTTTC	1
303	302	1	TCGGATTGGAACCCATGCGTTTCC	1
304	303	1	CGGATTGGAACCCATGCGTTTCCC	1
305	304	1	GGATTGGAACCCATGCGTTTCCCC	1
306	305	1	GATTGGAACCCATGCGTTTCCCCT	1
307	306	1	ATTGGAACCCATGCGTTTCCCCTT	1
308	307	1	TTGGAACCCATGCGTTTCCCCTTT	1
309	308	1	TGGAACCCATGCGTTTCCCCTTTA	1
310	309	1	GGAACCCATGCGTTTCCCCTTTAT	1
311	310	1	GAACCCATGCGTTTCCCCTTTATA	1
312	311	1	AACCCATGCGTTTCCCCTTTATAA	1
313	312	1	ACCCATGCGTTTCCCCTTTATAAT	1
314	313	1	CCCATGCGTTTCCCCTTTATAATA	1
315	314	1	CCATGCGTTTCCCCTTTATAATAT	1
316	315	1	CATGCGTTTCCCCTTTATAATATG	1
317	316	1	ATGCGTTTCCCCTTTATAATATGT	1
318	317	1	TGCGTTTCCCCTTTATAATATGTT	1
319	318	1	GCGTTTCCCCTTTATAATATGTTA	1
320	319	1	CGTTTCCCCTTTATAATATGTTAA	1
321	-1	0	GCCCTCAATTTGCTTACGGTTCTT	1
322	321	1	CCCTCAATTTGCTTACGGTTCTTA	1
323	322	1	CCTCAATTTGCTTACGGTTCTTAC	1
324	323	2	CTCAATTTGCTTACGGTTCTTACA	1
325	324	2	TCAATTTGCTTACGGTTCTTACAT	1
326	325	2	CAATTTGCTTACGGTTCTTACATG	1
327	326	2	AATTTGCTTACGGTTCTTACATGG	1
328	327	2	ATTTGCTTACGGTTCTTACATGGT	1
329	328	2	TTTGCTTACGGTTCTTACATGGTG	1
330	329	2	TTGCTTACGGTTCTTACATGGTGA	1
331	330	2	TGCTTACGGTTCTTACATGGTGAA	1
332	331	2	GCTTACGGTTCTTACATGGTGAAT	1
333	332	2	CTTACGGTTCTTACATGGTGAATC	1
334	333	2	TTACGGTTCTTACATGGTGAATCG	1
335	334	2	TACGGTTCTTACATGGTGAATCGT	1
336	335	2	ACGGTTCTTACATGGTGAATCGTA	1
337	336	2	CGGTTCTTACATGGTGAATCGTAC	1
338	337	2	GGTTCTTACATGGTGAATCGTACA	1
339	338	2	GTTCTTACATGGTGAATCGTACAA	1
340	339	2	TTCTTACATGGTGAATCGTACAAA	1
341	340	2	TCTTACATGGTGAATCGTACAAAA	1
342	341	2	CTTACATGGTGAATCGTACAAAAT	1
343	342	2	TTACATGGTGAATCGTACAAAATG	1
344	343	2	TACATGGTGAATCGTACAAAATGC	1
345	344	2	ACATGGTGAATCGTACAAAATGCT	1
346	345	2	CATGGTGAATCGTACAAAATGCTT	1
347	346	2	ATGGTGAATCGTACAAAATGCTTC	1
348	347	2	TGGTGAATCGTACAAAATGCTTCG	1
349	348	2	GGTGAATCGTACAAAATGCTTCGA	1
350	349	2	GTGAATCGTACAAAATGCTTCGAT	1
351	350	2	TGAATCGTACAAAATGCTTCGATT	1
352	351	2	GAATCGTACAAAATGCTTCGATTC	1
353	352	2	AATCGTACAAAATGCTTCGATTCG	1
354	353	2	ATCGTACAAAATGCTTCGATTCGG	1
355	354	2	TCGTACAAAATGCTTCGATTCGGT	1
356	355	2	CGTACAAAATGCTTCGATTCGGTG	1
357	356	2	GTACAAAATGCTTCGATTCGGTGT	1
358	357	2	TACAAAATGCTTCGATTCGGTGTA	1
359	358	2	ACAAAATGCTTCGATTCGGTGTAT	1
360	359	3	CAAAATGCTTCGATTCGGTGTATG	1
361	360	3	AAAATGCTTCGATTCGGTGTATGC	1
362	361	3	AAATGCTTCGATTCGGTGTATGCT	1
363	362	3	AATGCTTCGATTCGGTGTATGCTG	1
364	363	4	ATGCTTCGATTCGGTGTATGCTGC	1
365	364	4	TGCTTCGATTCGGTGTATGCTGCC	1
366	365	3	GCTTCGATTCGGTGTATGCTGCCC	1
367	366	3	CTTCGATTCGGTGTATGCTGCCCT	1
368	367	2	TTCGATTCGGTGTATGCTGCCCTT	1
369	368	2	TCGATTCGGTGTATGCTGCCCTTC	1
370	369	2	CGATTCGGTGTATGCTGCCCTTCA	1
371	370	2	GATTCGGTGTATGCTGCCCTTCAA	1
372	371	2	ATTCGGTGTATGCTGCCCTTCAAT	1
373	372	2	TTCGGTGTATGCTGCCCTTCAATG	1
374	373	2	TCGGTGTATGCTGCCCTTCAATGC	1
375	374	2	CGGTGTATGCTGCCCTTCAATGCG	1
376	375	2	GGTGTATGCTGCCCTTCAATGCGG	1
377	376	2	GTGTATGCTGCCCTTCAATGCGGA	1
378	377	2	TGTATGCTGCCCTTCAATGCGGAT	1
379	378	2	GTATGCTGCCCTTCAATGCGGATA	1
380	379	2	TATGCTGCCCTTCAATGCGGATAT	1
381	380	2	ATGCTGCCCTTCAATGCGGATATC	1
382	381	2	TGCTGCCCTTCAATGCGGATATCG	1
383	382	2	GCTGCCCTTCAATGCGGATATCGA	1
384	383	2	CTGCCCTTCAATGCGGATATCGAC	1
385	384	2	TGCCCTTCAATGCGGATATCGACA	1
386	385	2	GCCCTTCAATGCGGATATCGACAC	1
387	386	2	CCCTTCAATGCGGATATCGACACA	1
388	387	2	CCTTCAATGCGGATATCGACACAT	1
389	388	2	CTTCAATGCGGATATCGACACATC	1
390	389	2	TTCAATGCGGATATCGACACATCG	1
391	390	2	TCAATGCGGATATCGACACATCGA	1
392	391	2	CAATGCGGATATCGACACATCGAT	1
393	392	2	AATGCGGATATCGACACATCGATT	1
394	393	2	ATGCGGATATCGACACATCGATTC	1
395	394	2	TGCGGATATCGACACATCGATTCG	1
396	395	2	GCGGATATCGACACATCGATTCGG	1
397	396	2	CGGATATCGACACATCGATTCGGC	1
398	397	2	GGATATCGACACATCGATTCGGCT	1
399	398	2	GATATCGACACATCGATTCGGCTC	1
400	399	2	ATATCGACACATCGATTCGGCTCA	1
401	400	2	TATCGACACATCGATTCGGCTCAG	1
402	401	2	ATCGACACATCGATTCGGCTCAGA	1
403	402	2	TCGACACATCGATTCGGCTCAGAT	1
404	403	1	CGACACATCGATTCGGCTCAGATG	1
405	404	1	GACACATCGATTCGGCTCAGATGT	1
406	405	1	ACACATCGATTCGGCTCAGATGTA	1
407	406	1	CACATCGATTCGGCTCAGATGTAT	1
408	-1	0	TTAATTTTATTTTTTTGTTCATAC	1
409	408	3	TAATTTTATTTTTTTGTTCATACA	1
410	409	3	AATTTTATTTTTTTGTTCATACAT	1
411	410	3	ATTTTATTTTTTTGTTCATACATT	1
412	411	3	TTTTATTTTTTTGTTCATACATTA	1
413	412	3	TTTATTTTTTTGTTCATACATTAT	1
414	413	3	TTATTTTTTTGTTCATACATTATG	1
415	414	3	TATTTTTTTGTTCATACATTATGT	1
416	415	3	ATTTTTTTGTTCATACATTATGTT	1
417	416	3	TTTTTTTGTTCATACATTATGTTG	1
418	417	3	TTTTTTGTTCATACATTATGTTGG	1
419	418	3	TTTTTGTTCATACATTATGTTGGG	1
420	419	3	TTTTGTTCATACATTATGTTGGGA	1
421	420	3	TTTGTTCATACATTATGTTGGGAT	1
422	421	3	TTGTTCATACATTATGTTGGGATC	1
423	422	3	TGTTCATACATTATGTTGGGATCA	1
424	423	3	GTTCATACATTATGTTGGGATCAT	1
425	424	3	TTCATACATTATGTTGGGATCATT	1
426	425	3	TCATACATTATGTTGGGATCATTT	1
427	426	3	CATACATTATGTTGGGATCATTTG	1
428	427	3	ATACATTATGTTGGGATCATTTGT	1
429	428	3	TACATTATGTTGGGATCATTTGTT	1
430	429	3	ACATTATGTTGGGATCATTTGTTA	1
431	430	3	CATTATGTTGGGATCATTTGTTAA	1
432	431	3	ATTATGTTGGGATCATTTGTTAAG	1
433	432	3	TTATGTTGGGATCATTTGTTAAGT	1
434	433	3	TATGTTGGGATCATTTGTTAAGTT	1
435	434	3	ATGTTGGGATCATTTGTTAAGTTA	1
436	435	3	TGTTGGGATCATTTGTTAAGTTAA	1
437	436	3	GTTGGGATCATTTGTTAAGTTAAA	1
438	437	3	TTGGGATCATTTGTTAAGTTAAAC	1
439	438	3	TGGGATCATTTGTTAAGTTAAACA	1
440	439	3	GGGATCATTTGTTAAGTTAAACAA	1
441	440	3	GGATCATTTGTTAAGTTAAACAAT	1
442	441	3	GATCATTTGTTAAGTTAAACAATG	1
443	442	3	ATCATTTGTTAAGTTAAACAATGG	1
444	443	3	TCATTTGTTAAGTTAAACAATGGA	1
445	444	3	CATTTGTTAAGTTAAACAATGGAC	1
446	445	3	ATTTGTTAAGTTAAACAATGGACT	1
447	446	3	TTTGTTAAGTTAAACAATGGACTT	1
448	447	3	TTGTTAAGTTAAACAATGGACTTA	1
449	448	3	TGTTAAGTTAAACAATGGACTTAA	1
450	449	3	GTTAAGTTAAACAATGGACTTAAG	1
451	450	3	TTAAGTTAAACAATGGACTTAAGT	1
452	451	3	TAAGTTAAACAATGGACTTAAGTG	1
453	-1	0	TATTTATTTCCTCTGCTATCCCTA	1
454	453	1	ATTTATTTCCTCTGCTATCCCTAG	1
455	454	1	TTTATTTCCTCTGCTATCCCTAGA	1
456	455	1	TTATTTCCTCTGCTATCCCTAGAT	1
457	456	1	TATTTCCTCTGCTATCCCTAGATA	1
458	457	1	ATTTCCTCTGCTATCCCTAGATAT	1
459	458	1	TTTCCTCTGCTATCCCTAGATATG	1
460	459	1	TTCCTCTGCTATCCCTAGATATGC	1
461	460	1	TCCTCTGCTATCCCTAGATATGCT	1
462	461	1	CCTCTGCTATCCCTAGATATGCTA	1
463	462	1	CTCTGCTATCCCTAGATATGCTAG	1
464	463	1	TCTGCTATCCCTAGATATGCTAGT	1
465	464	1	CTGCTATCCCTAGATATGCTAGTA	1
466	465	1	TGCTATCCCTAGATATGCTAGTAT	1
467	466	3	GCTATCCCTAGATATGCTAGTATG	1
468	467	3	CTATCCCTAGATATGCTAGTATGA	1
469	468	3	TATCCCTAGATATGCTAGTATGAT	1
470	469	3	ATCCCTAGATATGCTAGTATGATA	1
471	470	3	TCCCTAGATATGCTAGTATGATAG	1
472	471	3	CCCTAGATATGCTAGTATGATAGA	1
473	472	3	CCTAGATATGCTAGTATGATAGAA	1
474	473	3	CTAGATATGCTAGTATGATAGAAT	1
475	474	3	TAGATATGCTAGTATGATAGAATT	1
476	475	3	AGATATGCTAGTATGATAGAATTT	1
477	476	3	GATATGCTAGTATGATAGAATTTA	1
478	477	3	ATATGCTAGTATGATAGAATTTAC	1
479	478	3	TATGCTAGTATGATAGAATTTACG	1
480	479	3	ATGCTAGTATGATAGAATTTACGA	1
481	480	3	TGCTAGTATGATAGAATTTACGAA	1
482	481	3	GCTAGTATGATAGAATTTACGAAA	1
483	482	3	CTAGTATGATAGAATTTACGAAAC	1
484	483	3	TAGTATGATAGAATTTACGAAACT	1
485	484	3	AGTATGATAGAATTTACGAAACTC	1
486	485	3	GTATGATAGAATTTACGAAACTCA	1
487	486	3	TATGATAGAATTTACGAAACTCAA	1
488	487	3	ATGATAGAATTTACGAAACTCAAT	1
489	488	3	TGATAGAATTTACGAAACTCAATT	1
490	489	3	GATAGAATTTACGAAACTCAATTT	1
491	490	3	ATAGAATTTACGAAACTCAATTTA	1
492	491	3	TAGAATTTACGAAACTCAATTTAT	1
493	492	3	AGAATTTACGAAACTCAATTTATG	1
494	493	3	GAATTTACGAAACTCAATTTATGT	1
495	494	3	AATTTACGAAACTCAATTTATGTC	1
496	495	3	ATTTACGAAACTCAATTTATGTCA	1
497	496	3	TTTACGAAACTCAATTTATGTCAG	1
498	497	2	TTACGAAACTCAATTTATGTCAGC	1
499	498	2	TACGAAACTCAATTTATGTCAGCT	1
500	499	2	ACGAAACTCAATTTATGTCAGCTT	1
501	500	2	CGAAACTCAATTTATGTCAGCTTA	1
502	501	2	GAAACTCAATTTATGTCAGCTTAT	1
503	502	2	AAACTCAATTTATGTCAGCTTATA	1
504	503	2	AACTCAATTTATGTCAGCTTATAT	1
505	504	2	ACTCAATTTATGTCAGCTTATATA	1
506	505	2	CTCAATTTATGTCAGCTTATATAC	1
507	506	2	TCAATTTATGTCAGCTTATATACC	1
508	507	2	CAATTTATGTCAGCTTATATACCA	1
509	508	2	AATTTATGTCAGCTTATATACCAA	1
510	509	2	ATTTATGTCAGCTTATATACCAAA	1
511	-1	0	GTCGGGTTAGCAATACCATTTTAG	1
512	511	1	TCGGGTTAGCAATACCATTTTAGT	1
513	512	1	CGGGTTAGCAATACCATTTTAGTG	1
514	513	1	GGGTTAGCAATACCATTTTAGTGA	1
515	514	1	GGTTAGCAATACCATTTTAGTGAA	1
516	515	1	GTTAGCAATACCATTTTAGTGAAA	1
517	516	1	TTAGCAATACCATTTTAGTGAAAA	1
518	517	1	TAGCAATACCATTTTAGTGAAAAG	1
519	518	1	AGCAATACCATTTTAGTGAAAAGA	1
520	519	1	GCAATACCATTTTAGTGAAAAGAA	1
521	520	1	CAATACCATTTTAGTGAAAAGAAT	1
522	521	1	AATACCATTTTAGTGAAAAGAATT	1
523	522	1	ATACCATTTTAGTGAAAAGAATTT	1
524	523	1	TACCATTTTAGTGAAAAGAATTTA	1
525	524	1	ACCATTTTAGTGAAAAGAATTTAT	1
526	525	1	CCATTTTAGTGAAAAGAATTTATA	1
527	526	1	CATTTTAGTGAAAAGAATTTATAA	1
528	527	1	ATTTTAGTGAAAAGAATTTATAAC	1
529	528	1	TTTTAGTGAAAAGAATTTATAACG	1
530	529	1	TTTAGTGAAAAGAATTTATAACGT	1
531	530	1	TTAGTGAAAAGAATTTATAACGTT	1
532	531	1	TAGTGAAAAGAATTTATAACGTTC	1
533	532	1	AGTGAAAAGAATTTATAACGTTCT	1
534	533	1	GTGAAAAGAATTTATAACGTTCTT	1
535	534	1	TGAAAAGAATTTATAACGTTCTTT	1
536	535	1	GAAAAGAATTTATAACGTTCTTTT	1
537	536	1	AAAAGAATTTATAACGTTCTTTTC	1
538	537	1	AAAGAATTTATAACGTTCTTTTCT	1
539	538	1	AAGAATTTATAACGTTCTTTTCTT	1
540	539	1	AGAATTTATAACGTTCTTTTCTTT	1
541	540	4	GAATTTATAACGTTCTTTTCTTTG	1
542	541	4	AATTTATAACGTTCTTTTCTTTGG	1
543	542	4	ATTTATAACGTTCTTTTCTTTGGT	1
544	543	4	TTTATAACGTTCTTTTCTTTGGTA	1
545	544	5	TTATAACGTTCTTTTCTTTGGTAG	1
546	545	5	TATAACGTTCTTTTCTTTGGTAGT	1
547	546	5	ATAACGTTCTTTTCTTTGGTAGTT	1
548	547	5	TAACGTTCTTTTCTTTGGTAGTTG	1
549	548	5	AACGTTCTTTTCTTTGGTAGTTGA	1
550	549	5	ACGTTCTTTTCTTTGGTAGTTGAA	1
551	550	5	CGTTCTTTTCTTTGGTAGTTGAAA	1
552	551	5	GTTCTTTTCTTTGGTAGTTGAAAA	1
553	552	6	TTCTTTTCTTTGGTAGTTGAAAAT	1
554	553	6	TCTTTTCTTTGGTAGTTGAAAATA	1
555	554	6	CTTTTCTTTGGTAGTTGAAAATAT	1
556	555	5	TTTTCTTTGGTAGTTGAAAATATT	1
557	556	5	TTTCTTTGGTAGTTGAAAATATTG	1
558	557	5	TTCTTTGGTAGTTGAAAATATTGA	1
559	558	5	TCTTTGGTAGTTGAAAATATTGAA	1
560	559	5	CTTTGGTAGTTGAAAATATTGAAT	1
561	560	5	TTTGGTAGTTGAAAATATTGAATA	1
562	561	5	TTGGTAGTTGAAAATATTGAATAT	1
563	562	5	TGGTAGTTGAAAATATTGAATATT	1
564	563	5	GGTAGTTGAAAATATTGAATATTT	1
565	564	5	GTAGTTGAAAATATTGAATATTTC	1
566	565	5	TAGTTGAAAATATTGAATATTTCA	1
567	566	5	AGTTGAAAATATTGAATATTTCAA	1
568	567	5	GTTGAAAATATTGAATATTTCAAA	1
569	568	5	TTGAAAATATTGAATATTTCAAAA	1
570	569	5	TGAAAATATTGAATATTTCAAAAA	1
571	570	5	GAAAATATTGAATATTTCAAAAAT	1
572	571	5	AAAATATTGAATATTTCAAAAATA	1
573	572	5	AAATATTGAATATTTCAAAAATAC	1
574	573	5	AATATTGAATATTTCAAAAATACT	1
575	574	5	ATATTGAATATTTCAAAAATACTC	1
576	575	5	TATTGAATATTTCAAAAATACTCA	1
577	576	5	ATTGAATATTTCAAAAATACTCAA	1
578	577	5	TTGAATATTTCAAAAATACTCAAT	1
579	578	4	TGAATATTTCAAAAATACTCAATA	1
580	579	4	GAATATTTCAAAAATACTCAATAG	1
581	580	4	AATATTTCAAAAATACTCAATAGC	1
582	581	4	ATATTTCAAAAATACTCAATAGCA	1
583	582	4	TATTTCAAAAATACTCAATAGCAT	1
584	583	4	ATTTCAAAAATACTCAATAGCATT	1
585	584	2	TTTCAAAAATACTCAATAGCATTG	1
586	585	2	TTCAAAAATACTCAATAGCATTGA	1
587	586	2	TCAAAAATACTCAATAGCATTGAA	1
588	587	2	CAAAAATACTCAATAGCATTGAAA	1
589	588	1	AAAAATACTCAATAGCATTGAAAA	1
590	589	1	AAAATACTCAATAGCATTGAAAAA	1
591	590	1	AAATACTCAATAGCATTGAAAAAC	1
592	591	1	AATACTCAATAGCATTGAAAAACA	1
593	592	1	ATACTCAATAGCATTGAAAAACAG	1
594	593	1	TACTCAATAGCATTGAAAAACAGC	1
595	594	1	ACTCAATAGCATTGAAAAACAGCT	1
596	595	1	CTCAATAGCATTGAAAAACAGCTT	1
597	-1	0	CATCGATTCGGCTCAGATGTATCA	1
598	597	1	ATCGATTCGGCTCAGATGTATCAC	1
599	598	1	TCGATTCGGCTCAGATGTATCACA	1
600	599	1	CGATTCGGCTCAGATGTATCACAA	1
601	600	1	GATTCGGCTCAGATGTATCACAAC	1
602	601	1	ATTCGGCTCAGATGTATCACAACG	1
603	602	1	TTCGGCTCAGATGTATCACAACGA	1
604	603	1	TCGGCTCAGATGTATCACAACGAG	1
605	604	1	CGGCTCAGATGTATCACAACGAGG	1
606	605	1	GGCTCAGATGTATCACAACGAGGC	1
607	606	1	GCTCAGATGTATCACAACGAGGCT	1
608	607	1	CTCAGATGTATCACAACGAGGCTG	1
609	608	1	TCAGATGTATCACAACGAGGCTGA	1
610	609	1	CAGATGTATCACAACGAGGCTGAC	1
611	610	1	AGATGTATCACAACGAGGCTGACT	1
612	611	1	GATGTATCACAACGAGGCTGACTG	1
613	612	1	ATGTATCACAACGAGGCTGACTGT	1
614	613	1	TGTATCACAACGAGGCTGACTGTG	1
615	614	1	GTATCACAACGAGGCTGACTGTGG	1
616	615	1	TATCACAACGAGGCTGACTGTGGA	1
617	616	1	ATCACAACGAGGCTGACTGTGGAA	1
618	617	1	TCACAACGAGGCTGACTGTGGAAG	1
619	618	1	CACAACGAGGCTGACTGTGGAAGA	1
620	619	1	ACAACGAGGCTGACTGTGGAAGAG	1
621	620	1	CAACGAGGCTGACTGTGGAAGAGC	1
622	621	1	AACGAGGCTGACTGTGGAAGAGCC	1
623	622	2	ACGAGGCTGACTGTGGAAGAGCCA	1
624	623	2	CGAGGCTGACTGTGGAAGAGCCAT	1
625	624	2	GAGGCTGACTGTGGAAGAGCCATC	1
626	625	2	AGGCTGACTGTGGAAGAGCCATCC	1
627	626	2	GGCTGACTGTGGAAGAGCCATCCT	1
628	627	2	GCTGACTGTGGAAGAGCCATCCTT	1
629	628	2	CTGACTGTGGAAGAGCCATCCTTA	1
630	629	2	TGACTGTGGAAGAGCCATCCTTAA	1
631	630	2	GACTGTGGAAGAGCCATCCTTAAG	1
632	631	2	ACTGTGGAAGAGCCATCCTTAAGT	1
633	632	2	CTGTGGAAGAGCCATCCTTAAGTT	1
634	633	2	TGTGGAAGAGCCATCCTTAAGTTC	1
635	634	2	GTGGAAGAGCCATCCTTAAGTTCA	1
636	635	2	TGGAAGAGCCATCCTTAAGTTCAT	1
637	636	2	GGAAGAGCCATCCTTAAGTTCATG	1
638	637	2	GAAGAGCCATCCTTAAGTTCATGG	1
639	638	2	AAGAGCCATCCTTAAGTTCATGGA	1
640	639	2	AGAGCCATCCTTAAGTTCATGGAA	1
641	640	2	GAGCCATCCTTAAGTTCATGGAAG	1
642	641	1	AGCCATCCTTAAGTTCATGGAAGA	1
643	642	1	GCCATCCTTAAGTTCATGGAAGAG	1
644	643	1	CCATCCTTAAGTTCATGGAAGAGA	1
645	644	1	CATCCTTAAGTTCATGGAAGAGAC	1
646	645	1	ATCCTTAAGTTCATGGAAGAGACT	1
647	646	1	TCCTTAAGTTCATGGAAGAGACTG	1
648	647	1	CCTTAAGTTCATGGAAGAGACTGG	1
649	648	1	CTTAAGTTCATGGAAGAGACTGGT	1
650	649	1	TTAAGTTCATGGAAGAGACTGGTA	1
651	650	1	TAAGTTCATGGAAGAGACTGGTAC	1
652	651	1	AAGTTCATGGAAGAGACTGGTACG	1
653	652	1	AGTTCATGGAAGAGACTGGTACGA	1
654	653	1	GTTCATGGAAGAGACTGGTACGAA	1
655	654	1	TTCATGGAAGAGACTGGTACGAAA	1
656	655	1	TCATGGAAGAGACTGGTACGAAAC	1
657	656	1	CATGGAAGAGACTGGTACGAAACG	1
658	657	1	ATGGAAGAGACTGGTACGAAACGA	1
659	658	1	TGGAAGAGACTGGTACGAAACGAG	1
660	659	1	GGAAGAGACTGGTACGAAACGAGA	1
661	660	2	GAAGAGACTGGTACGAAACGAGAG	1
662	661	2	AAGAGACTGGTACGAAACGAGAGG	1
663	662	2	AGAGACTGGTACGAAACGAGAGGA	1
664	663	2	GAGACTGGTACGAAACGAGAGGAT	1
665	664	2	AGACTGGTACGAAACGAGAGGATA	1
666	665	2	GACTGGTACGAAACGAGAGGATAT	1
667	666	1	ACTGGTACGAAACGAGAGGATATT	1
668	667	1	CTGGTACGAAACGAGAGGATATTT	1
669	668	1	TGGTACGAAACGAGAGGATATTTG	1
670	669	1	GGTACGAAACGAGAGGATATTTGG	1
671	670	1	GTACGAAACGAGAGGATATTTGGT	1
672	671	1	TACGAAACGAGAGGATATTTGGTT	1
673	672	2	ACGAAACGAGAGGATATTTGGTTC	1
674	673	2	CGAAACGAGAGGATATTTGGTTCA	1
675	674	4	GAAACGAGAGGATATTTGGTTCAC	1
676	675	4	AAACGAGAGGATATTTGGTTCACT	1
677	676	4	AACGAGAGGATATTTGGTTCACTA	1
678	677	4	ACGAGAGGATATTTGGTTCACTAG	1
679	678	4	CGAGAGGATATTTGGTTCACTAGC	1
680	679	4	GAGAGGATATTTGGTTCACTAGCA	1
681	680	4	AGAGGATATTTGGTTCACTAGCAA	1
682	681	4	GAGGATATTTGGTTCACTAGCAAG	1
683	682	4	AGGATATTTGGTTCACTAGCAAGC	1
684	683	4	GGATATTTGGTTCACTAGCAAGCT	1
685	684	4	GATATTTGGTTCACTAGCAAGCTT	1
686	685	4	ATATTTGGTTCACTAGCAAGCTTA	1
687	686	4	TATTTGGTTCACTAGCAAGCTTAA	1
688	687	4	ATTTGGTTCACTAGCAAGCTTAAT	1
689	688	4	TTTGGTTCACTAGCAAGCTTAATG	1
690	689	4	TTGGTTCACTAGCAAGCTTAATGA	1
691	690	4	TGGTTCACTAGCAAGCTTAATGAT	1
692	691	4	GGTTCACTAGCAAGCTTAATGATT	1
693	692	4	GTTCACTAGCAAGCTTAATGATTT	1
694	693	4	TTCACTAGCAAGCTTAATGATTTA	1
695	694	4	TCACTAGCAAGCTTAATGATTTAA	1
696	695	4	CACTAGCAAGCTTAATGATTTAAG	1
697	696	4	ACTAGCAAGCTTAATGATTTAAGT	1
698	697	4	CTAGCAAGCTTAATGATTTAAGTG	1
699	698	4	TAGCAAGCTTAATGATTTAAGTGG	1
700	699	5	AGCAAGCTTAATGATTTAAGTGGG	1
701	700	5	GCAAGCTTAATGATTTAAGTGGGT	1
702	701	5	CAAGCTTAATGATTTAAGTGGGTA	1
703	702	5	AAGCTTAATGATTTAAGTGGGTAC	1
704	703	4	AGCTTAATGATTTAAGTGGGTACA	1
705	704	4	GCTTAATGATTTAAGTGGGTACAA	1
706	705	4	CTTAATGATTTAAGTGGGTACAAA	1
707	706	4	TTAATGATTTAAGTGGGTACAAAT	1
708	707	4	TAATGATTTAAGTGGGTACAAATC	1
709	708	4	AATGATTTAAGTGGGTACAAATCT	1
710	709	4	ATGATTTAAGTGGGTACAAATCTA	1
711	710	4	TGATTTAAGTGGGTACAAATCTAC	1
712	711	4	GATTTAAGTGGGTACAAATCTACT	1
713	712	4	ATTTAAGTGGGTACAAATCTACTT	1
714	713	4	TTTAAGTGGGTACAAATCTACTTT	1
715	714	4	TTAAGTGGGTACAAATCTACTTTG	1
716	715	4	TAAGTGGGTACAAATCTACTTTGA	1
717	716	3	AAGTGGGTACAAATCTACTTTGAG	1
718	717	3	AGTGGGTACAAATCTACTTTGAGC	1
719	718	1	GTGGGTACAAATCTACTTTGAGCA	1
720	719	1	TGGGTACAAATCTACTTTGAGCAG	1
721	720	1	GGGTACAAATCTACTTTGAGCAGT	1
722	721	1	GGTACAAATCTACTTTGAGCAGTA	1
723	722	1	GTACAAATCTACTTTGAGCAGTAT	1
724	723	1	TACAAATCTACTTTGAGCAGTATT	1
725	724	1	ACAAATCTACTTTGAGCAGTATTG	1
726	725	1	CAAATCTACTTTGAGCAGTATTGA	1
727	726	1	AAATCTACTTTGAGCAGTATTGAT	1
728	727	1	AATCTACTTTGAGCAGTATTGATG	1
729	728	1	ATCTACTTTGAGCAGTATTGATGC	1
730	729	2	TCTACTTTGAGCAGTATTGATGCC	1
731	730	2	CTACTTTGAGCAGTATTGATGCCA	1
732	731	2	TACTTTGAGCAGTATTGATGCCAG	1
733	732	2	ACTTTGAGCAGTATTGATGCCAGT	1
734	733	2	CTTTGAGCAGTATTGATGCCAGTG	1
735	734	2	TTTGAGCAGTATTGATGCCAGTGT	1
736	735	2	TTGAGCAGTATTGATGCCAGTGTT	1
737	736	2	TGAGCAGTATTGATGCCAGTGTTA	1
738	737	2	GAGCAGTATTGATGCCAGTGTTAA	1
739	738	2	AGCAGTATTGATGCCAGTGTTAAG	1
740	739	2	GCAGTATTGATGCCAGTGTTAAGG	1
741	740	2	CAGTATTGATGCCAGTGTTAAGGC	1
742	741	3	AGTATTGATGCCAGTGTTAAGGCA	1
743	742	3	GTATTGATGCCAGTGTTAAGGCAT	1
744	743	2	TATTGATGCCAGTGTTAAGGCATG	1
745	744	2	ATTGATGCCAGTGTTAAGGCATGT	1
746	745	2	TTGATGCCAGTGTTAAGGCATGTG	1
747	746	2	TGATGCCAGTGTTAAGGCATGTGG	1
748	747	2	GATGCCAGTGTTAAGGCATGTGGC	1
749	748	2	ATGCCAGTGTTAAGGCATGTGGCC	1
750	749	2	TGCCAGTGTTAAGGCATGTGGCCT	1
751	750	2	GCCAGTGTTAAGGCATGTGGCCTT	1
752	751	2	CCAGTGTTAAGGCATGTGGCCTTG	1
753	752	2	CAGTGTTAAGGCATGTGGCCTTGG	1
754	753	2	AGTGTTAAGGCATGTGGCCTTGGC	1
755	754	2	GTGTTAAGGCATGTGGCCTTGGCT	1
756	755	2	TGTTAAGGCATGTGGCCTTGGCTA	1
757	756	2	GTTAAGGCATGTGGCCTTGGCTAT	1
758	757	2	TTAAGGCATGTGGCCTTGGCTATA	1
759	758	2	TAAGGCATGTGGCCTTGGCTATAT	1
760	759	2	AAGGCATGTGGCCTTGGCTATATT	1
761	760	3	AGGCATGTGGCCTTGGCTATATTG	1
762	761	3	GGCATGTGGCCTTGGCTATATTGA	1
763	762	3	GCATGTGGCCTTGGCTATATTGAT	1
764	763	3	CATGTGGCCTTGGCTATATTGATC	1
765	764	3	ATGTGGCCTTGGCTATATTGATCT	1
766	765	3	TGTGGCCTTGGCTATATTGATCTG	1
767	766	3	GTGGCCTTGGCTATATTGATCTGT	1
768	767	3	TGGCCTTGGCTATATTGATCTGTT	1
769	768	3	GGCCTTGGCTATATTGATCTGTTT	1
770	769	3	GCCTTGGCTATATTGATCTGTTTC	1
771	770	3	CCTTGGCTATATTGATCTGTTTCT	1
772	771	3	CTTGGCTATATTGATCTGTTTCTT	1
773	772	3	TTGGCTATATTGATCTGTTTCTTC	1
774	773	2	TGGCTATATTGATCTGTTTCTTCT	1
775	774	2	GGCTATATTGATCTGTTTCTTCTT	1
776	775	2	GCTATATTGATCTGTTTCTTCTTC	1
777	776	2	CTATATTGATCTGTTTCTTCTTCA	1
778	777	2	TATATTGATCTGTTTCTTCTTCAC	1
779	778	2	ATATTGATCTGTTTCTTCTTCACT	1
780	779	2	TATTGATCTGTTTCTTCTTCACTC	1
781	780	2	ATTGATCTGTTTCTTCTTCACTCT	1
782	781	2	TTGATCTGTTTCTTCTTCACTCTC	1
783	782	2	TGATCTGTTTCTTCTTCACTCTCC	1
784	783	2	GATCTGTTTCTTCTTCACTCTCCC	1
785	784	2	ATCTGTTTCTTCTTCACTCTCCCT	1
786	785	2	TCTGTTTCTTCTTCACTCTCCCTA	1
787	786	2	CTGTTTCTTCTTCACTCTCCCTAT	1
788	787	2	TGTTTCTTCTTCACTCTCCCTATG	1
789	788	2	GTTTCTTCTTCACTCTCCCTATGG	1
790	789	2	TTTCTTCTTCACTCTCCCTATGGT	1
791	790	2	TTCTTCTTCACTCTCCCTATGGTG	1
792	791	2	TCTTCTTCACTCTCCCTATGGTGA	1
793	792	2	CTTCTTCACTCTCCCTATGGTGAT	1
794	793	2	TTCTTCACTCTCCCTATGGTGATC	1
795	794	2	TCTTCACTCTCCCTATGGTGATCG	1
796	795	2	CTTCACTCTCCCTATGGTGATCGT	1
797	796	2	TTCACTCTCCCTATGGTGATCGTA	1
798	797	2	TCACTCTCCCTATGGTGATCGTAT	1
799	798	2	CACTCTCCCTATGGTGATCGTATT	1
800	799	2	ACTCTCCCTATGGTGATCGTATTG	1
801	800	2	CTCTCCCTATGGTGATCGTATTGA	1
802	801	2	TCTCCCTATGGTGATCGTATTGAA	1
803	802	2	CTCCCTATGGTGATCGTATTGAAT	1
804	803	2	TCCCTATGGTGATCGTATTGAATC	1
805	804	1	CCCTATGGTGATCGTATTGAATCA	1
806	805	1	CCTATGGTGATCGTATTGAATCAT	1
807	806	1	CTATGGTGATCGTATTGAATCATG	1
808	807	1	TATGGTGATCGTATTGAATCATGG	1
809	808	1	ATGGTGATCGTATTGAATCATGGA	1
810	809	1	TGGTGATCGTATTGAATCATGGAA	1
