Component 568
1	-1	0	AAACACTTACCTCAACCACACCCA	1
2	1	1	AACACTTACCTCAACCACACCCAA	1
3	2	1	ACACTTACCTCAACCACACCCAAA	1
4	3	1	CACTTACCTCAACCACACCCAAAT	1
5	4	1	ACTTACCTCAACCACACCCAAATA	1
6	5	1	CTTACCTCAACCACACCCAAATAC	1
7	6	1	TTACCTCAACCACACCCAAATACC	1
8	7	1	TACCTCAACCACACCCAAATACCT	1
9	8	1	ACCTCAACCACACCCAAATACCTC	1
10	9	1	CCTCAACCACACCCAAATACCTCT	1
11	10	1	CTCAACCACACCCAAATACCTCTC	1
12	11	1	TCAACCACACCCAAATACCTCTCC	1
13	12	1	CAACCACACCCAAATACCTCTCCT	1
14	13	1	AACCACACCCAAATACCTCTCCTC	1
15	14	1	ACCACACCCAAATACCTCTCCTCT	1
16	15	1	CCACACCCAAATACCTCTCCTCTC	1
17	16	1	CACACCCAAATACCTCTCCTCTCT	1
18	17	1	ACACCCAAATACCTCTCCTCTCTG	1
19	18	1	CACCCAAATACCTCTCCTCTCTGA	1
20	19	1	ACCCAAATACCTCTCCTCTCTGAC	1
21	20	1	CCCAAATACCTCTCCTCTCTGACG	1
22	21	1	CCAAATACCTCTCCTCTCTGACGT	1
23	22	1	CAAATACCTCTCCTCTCTGACGTT	1
24	23	1	AAATACCTCTCCTCTCTGACGTTC	1
25	24	1	AATACCTCTCCTCTCTGACGTTCT	1
26	25	1	ATACCTCTCCTCTCTGACGTTCTC	1
27	26	1	TACCTCTCCTCTCTGACGTTCTCA	1
28	27	1	ACCTCTCCTCTCTGACGTTCTCAT	1
29	28	1	CCTCTCCTCTCTGACGTTCTCATA	1
30	29	1	CTCTCCTCTCTGACGTTCTCATAG	1
31	30	2	TCTCCTCTCTGACGTTCTCATAGT	1
32	31	2	CTCCTCTCTGACGTTCTCATAGTG	1
33	32	4	TCCTCTCTGACGTTCTCATAGTGC	1
34	33	4	CCTCTCTGACGTTCTCATAGTGCC	1
35	34	4	CTCTCTGACGTTCTCATAGTGCCT	1
36	35	4	TCTCTGACGTTCTCATAGTGCCTT	1
37	36	4	CTCTGACGTTCTCATAGTGCCTTT	1
38	37	4	TCTGACGTTCTCATAGTGCCTTTA	1
39	38	4	CTGACGTTCTCATAGTGCCTTTAA	1
40	39	4	TGACGTTCTCATAGTGCCTTTAAA	1
41	40	4	GACGTTCTCATAGTGCCTTTAAAA	1
42	41	4	ACGTTCTCATAGTGCCTTTAAAAA	1
43	42	4	CGTTCTCATAGTGCCTTTAAAAAG	1
44	43	4	GTTCTCATAGTGCCTTTAAAAAGA	1
45	44	4	TTCTCATAGTGCCTTTAAAAAGAT	1
46	45	3	TCTCATAGTGCCTTTAAAAAGATC	1
47	46	3	CTCATAGTGCCTTTAAAAAGATCT	1
48	47	3	TCATAGTGCCTTTAAAAAGATCTA	1
49	48	3	CATAGTGCCTTTAAAAAGATCTAT	1
50	49	3	ATAGTGCCTTTAAAAAGATCTATT	1
51	50	3	TAGTGCCTTTAAAAAGATCTATTT	1
52	51	3	AGTGCCTTTAAAAAGATCTATTTA	1
53	52	3	GTGCCTTTAAAAAGATCTATTTAA	1
54	53	3	TGCCTTTAAAAAGATCTATTTAAT	1
55	54	3	GCCTTTAAAAAGATCTATTTAATC	1
56	55	3	CCTTTAAAAAGATCTATTTAATCG	1
57	56	3	CTTTAAAAAGATCTATTTAATCGA	1
58	57	3	TTTAAAAAGATCTATTTAATCGAT	1
59	58	3	TTAAAAAGATCTATTTAATCGATA	1
60	59	3	TAAAAAGATCTATTTAATCGATAA	1
61	60	3	AAAAAGATCTATTTAATCGATAAT	1
62	61	3	AAAAGATCTATTTAATCGATAATG	1
63	62	3	AAAGATCTATTTAATCGATAATGC	1
64	63	3	AAGATCTATTTAATCGATAATGCC	1
65	64	3	AGATCTATTTAATCGATAATGCCT	1
66	65	3	GATCTATTTAATCGATAATGCCTT	1
67	66	3	ATCTATTTAATCGATAATGCCTTT	1
68	67	3	TCTATTTAATCGATAATGCCTTTT	1
69	68	3	CTATTTAATCGATAATGCCTTTTC	1
70	69	3	TATTTAATCGATAATGCCTTTTCT	1
71	70	3	ATTTAATCGATAATGCCTTTTCTT	1
72	71	3	TTTAATCGATAATGCCTTTTCTTT	1
73	72	3	TTAATCGATAATGCCTTTTCTTTC	1
74	73	3	TAATCGATAATGCCTTTTCTTTCC	1
75	74	2	AATCGATAATGCCTTTTCTTTCCC	1
76	75	2	ATCGATAATGCCTTTTCTTTCCCG	1
77	-1	0	TAGGTTCTTCAACATGGTTCAAAA	1
78	77	1	AGGTTCTTCAACATGGTTCAAAAA	1
79	78	1	GGTTCTTCAACATGGTTCAAAAAG	1
80	79	1	GTTCTTCAACATGGTTCAAAAAGG	1
81	80	1	TTCTTCAACATGGTTCAAAAAGGT	1
82	81	1	TCTTCAACATGGTTCAAAAAGGTA	1
83	82	1	CTTCAACATGGTTCAAAAAGGTAT	1
84	83	1	TTCAACATGGTTCAAAAAGGTATA	1
85	84	1	TCAACATGGTTCAAAAAGGTATAA	1
86	85	1	CAACATGGTTCAAAAAGGTATAAA	1
87	86	1	AACATGGTTCAAAAAGGTATAAAG	1
88	87	1	ACATGGTTCAAAAAGGTATAAAGA	1
89	88	1	CATGGTTCAAAAAGGTATAAAGAC	1
90	89	2	ATGGTTCAAAAAGGTATAAAGACA	1
91	90	2	TGGTTCAAAAAGGTATAAAGACAT	1
92	91	2	GGTTCAAAAAGGTATAAAGACATT	1
93	92	2	GTTCAAAAAGGTATAAAGACATTG	1
94	93	2	TTCAAAAAGGTATAAAGACATTGA	1
95	94	2	TCAAAAAGGTATAAAGACATTGAA	1
96	95	2	CAAAAAGGTATAAAGACATTGAAT	1
97	96	2	AAAAAGGTATAAAGACATTGAATC	1
98	97	2	AAAAGGTATAAAGACATTGAATCT	1
99	98	2	AAAGGTATAAAGACATTGAATCTA	1
100	99	2	AAGGTATAAAGACATTGAATCTAC	1
101	100	2	AGGTATAAAGACATTGAATCTACA	1
102	101	2	GGTATAAAGACATTGAATCTACAT	1
103	102	2	GTATAAAGACATTGAATCTACATT	1
104	103	2	TATAAAGACATTGAATCTACATTT	1
105	104	2	ATAAAGACATTGAATCTACATTTG	1
106	105	2	TAAAGACATTGAATCTACATTTGA	1
107	106	2	AAAGACATTGAATCTACATTTGAA	1
108	107	2	AAGACATTGAATCTACATTTGAAT	1
109	108	2	AGACATTGAATCTACATTTGAATA	1
110	109	2	GACATTGAATCTACATTTGAATAT	1
111	110	2	ACATTGAATCTACATTTGAATATG	1
112	111	2	CATTGAATCTACATTTGAATATGC	1
113	112	3	ATTGAATCTACATTTGAATATGCC	1
114	113	3	TTGAATCTACATTTGAATATGCCT	1
115	114	3	TGAATCTACATTTGAATATGCCTC	1
116	115	3	GAATCTACATTTGAATATGCCTCT	1
117	116	3	AATCTACATTTGAATATGCCTCTA	1
118	117	3	ATCTACATTTGAATATGCCTCTAC	1
119	118	3	TCTACATTTGAATATGCCTCTACC	1
120	119	3	CTACATTTGAATATGCCTCTACCA	1
121	120	3	TACATTTGAATATGCCTCTACCAC	1
122	121	2	ACATTTGAATATGCCTCTACCACT	1
123	122	2	CATTTGAATATGCCTCTACCACTC	1
124	123	2	ATTTGAATATGCCTCTACCACTCC	1
125	124	3	TTTGAATATGCCTCTACCACTCCC	1
126	125	3	TTGAATATGCCTCTACCACTCCCT	1
127	126	3	TGAATATGCCTCTACCACTCCCTA	1
128	127	3	GAATATGCCTCTACCACTCCCTAC	1
129	128	3	AATATGCCTCTACCACTCCCTACG	1
130	129	3	ATATGCCTCTACCACTCCCTACGA	1
131	130	3	TATGCCTCTACCACTCCCTACGAT	1
132	131	3	ATGCCTCTACCACTCCCTACGATG	1
133	132	3	TGCCTCTACCACTCCCTACGATGC	1
134	133	2	GCCTCTACCACTCCCTACGATGCC	1
135	134	2	CCTCTACCACTCCCTACGATGCCT	1
136	135	2	CTCTACCACTCCCTACGATGCCTT	1
137	136	2	TCTACCACTCCCTACGATGCCTTT	1
138	137	2	CTACCACTCCCTACGATGCCTTTA	1
139	138	2	TACCACTCCCTACGATGCCTTTAT	1
140	139	2	ACCACTCCCTACGATGCCTTTATA	1
141	140	2	CCACTCCCTACGATGCCTTTATAA	1
142	141	2	CACTCCCTACGATGCCTTTATAAT	1
143	142	2	ACTCCCTACGATGCCTTTATAATG	1
144	143	2	CTCCCTACGATGCCTTTATAATGT	1
145	144	2	TCCCTACGATGCCTTTATAATGTT	1
146	145	2	CCCTACGATGCCTTTATAATGTTT	1
147	146	2	CCTACGATGCCTTTATAATGTTTA	1
148	147	2	CTACGATGCCTTTATAATGTTTAC	1
149	148	2	TACGATGCCTTTATAATGTTTACT	1
150	149	2	ACGATGCCTTTATAATGTTTACTT	1
151	150	2	CGATGCCTTTATAATGTTTACTTT	1
152	151	2	GATGCCTTTATAATGTTTACTTTT	1
153	152	2	ATGCCTTTATAATGTTTACTTTTT	1
154	153	2	TGCCTTTATAATGTTTACTTTTTT	1
155	154	2	GCCTTTATAATGTTTACTTTTTTC	1
156	155	2	CCTTTATAATGTTTACTTTTTTCT	1
157	156	2	CTTTATAATGTTTACTTTTTTCTT	1
158	157	2	TTTATAATGTTTACTTTTTTCTTA	1
159	158	2	TTATAATGTTTACTTTTTTCTTAC	1
160	159	2	TATAATGTTTACTTTTTTCTTACT	1
161	160	2	ATAATGTTTACTTTTTTCTTACTG	1
162	161	2	TAATGTTTACTTTTTTCTTACTGT	1
163	162	2	AATGTTTACTTTTTTCTTACTGTT	1
164	163	2	ATGTTTACTTTTTTCTTACTGTTT	1
165	164	2	TGTTTACTTTTTTCTTACTGTTTC	1
166	165	2	GTTTACTTTTTTCTTACTGTTTCC	1
167	166	2	TTTACTTTTTTCTTACTGTTTCCG	1
168	167	1	TTACTTTTTTCTTACTGTTTCCGC	1
169	168	1	TACTTTTTTCTTACTGTTTCCGCA	1
170	169	1	ACTTTTTTCTTACTGTTTCCGCAT	1
171	170	1	CTTTTTTCTTACTGTTTCCGCATT	1
172	171	1	TTTTTTCTTACTGTTTCCGCATTC	1
173	172	1	TTTTTCTTACTGTTTCCGCATTCC	1
174	173	1	TTTTCTTACTGTTTCCGCATTCCT	1
175	174	1	TTTCTTACTGTTTCCGCATTCCTT	1
176	175	1	TTCTTACTGTTTCCGCATTCCTTT	1
177	176	1	TCTTACTGTTTCCGCATTCCTTTT	1
178	177	1	CTTACTGTTTCCGCATTCCTTTTC	1
179	178	1	TTACTGTTTCCGCATTCCTTTTCA	1
180	179	1	TACTGTTTCCGCATTCCTTTTCAA	1
181	180	1	ACTGTTTCCGCATTCCTTTTCAAC	1
182	181	1	CTGTTTCCGCATTCCTTTTCAACT	1
183	182	1	TGTTTCCGCATTCCTTTTCAACTT	1
184	183	1	GTTTCCGCATTCCTTTTCAACTTG	1
185	184	1	TTTCCGCATTCCTTTTCAACTTGA	1
186	185	1	TTCCGCATTCCTTTTCAACTTGAA	1
187	186	1	TCCGCATTCCTTTTCAACTTGAAG	1
188	187	1	CCGCATTCCTTTTCAACTTGAAGT	1
189	188	1	CGCATTCCTTTTCAACTTGAAGTC	1
190	189	1	GCATTCCTTTTCAACTTGAAGTCA	1
191	190	1	CATTCCTTTTCAACTTGAAGTCAA	1
192	191	1	ATTCCTTTTCAACTTGAAGTCAAC	1
193	192	1	TTCCTTTTCAACTTGAAGTCAACA	1
194	193	1	TCCTTTTCAACTTGAAGTCAACAA	1
195	194	1	CCTTTTCAACTTGAAGTCAACAAC	1
196	195	1	CTTTTCAACTTGAAGTCAACAACT	1
197	196	1	TTTTCAACTTGAAGTCAACAACTC	1
198	197	1	TTTCAACTTGAAGTCAACAACTCA	1
199	198	1	TTCAACTTGAAGTCAACAACTCAA	1
200	199	1	TCAACTTGAAGTCAACAACTCAAG	1
201	-1	0	TTTCATTACGGTGTCGACTTAGCA	1
202	201	1	TTCATTACGGTGTCGACTTAGCAC	1
203	202	1	TCATTACGGTGTCGACTTAGCACT	1
204	203	1	CATTACGGTGTCGACTTAGCACTA	1
205	204	1	ATTACGGTGTCGACTTAGCACTAG	1
206	205	1	TTACGGTGTCGACTTAGCACTAGT	1
207	206	1	TACGGTGTCGACTTAGCACTAGTC	1
208	207	1	ACGGTGTCGACTTAGCACTAGTCT	1
209	208	2	CGGTGTCGACTTAGCACTAGTCTC	1
210	209	2	GGTGTCGACTTAGCACTAGTCTCT	1
211	210	2	GTGTCGACTTAGCACTAGTCTCTA	1
212	211	2	TGTCGACTTAGCACTAGTCTCTAC	1
213	212	2	GTCGACTTAGCACTAGTCTCTACT	1
214	213	3	TCGACTTAGCACTAGTCTCTACTT	1
215	214	3	CGACTTAGCACTAGTCTCTACTTG	1
216	215	3	GACTTAGCACTAGTCTCTACTTGT	1
217	216	3	ACTTAGCACTAGTCTCTACTTGTG	1
218	217	3	CTTAGCACTAGTCTCTACTTGTGT	1
219	218	3	TTAGCACTAGTCTCTACTTGTGTG	1
220	219	3	TAGCACTAGTCTCTACTTGTGTGG	1
221	220	3	AGCACTAGTCTCTACTTGTGTGGC	1
222	221	3	GCACTAGTCTCTACTTGTGTGGCC	1
223	222	3	CACTAGTCTCTACTTGTGTGGCCG	1
224	223	3	ACTAGTCTCTACTTGTGTGGCCGG	1
225	224	3	CTAGTCTCTACTTGTGTGGCCGGC	1
226	225	3	TAGTCTCTACTTGTGTGGCCGGCA	1
227	226	3	AGTCTCTACTTGTGTGGCCGGCAT	1
228	227	3	GTCTCTACTTGTGTGGCCGGCATC	1
229	228	3	TCTCTACTTGTGTGGCCGGCATCC	1
230	229	4	CTCTACTTGTGTGGCCGGCATCCG	1
231	230	4	TCTACTTGTGTGGCCGGCATCCGT	1
232	231	4	CTACTTGTGTGGCCGGCATCCGTC	1
233	232	4	TACTTGTGTGGCCGGCATCCGTCG	1
234	233	4	ACTTGTGTGGCCGGCATCCGTCGA	1
235	234	4	CTTGTGTGGCCGGCATCCGTCGAT	1
236	235	4	TTGTGTGGCCGGCATCCGTCGATC	1
237	236	4	TGTGTGGCCGGCATCCGTCGATCA	1
238	237	4	GTGTGGCCGGCATCCGTCGATCAT	1
239	238	4	TGTGGCCGGCATCCGTCGATCATC	1
240	239	4	GTGGCCGGCATCCGTCGATCATCT	1
241	240	4	TGGCCGGCATCCGTCGATCATCTG	1
242	241	4	GGCCGGCATCCGTCGATCATCTGG	1
243	242	4	GCCGGCATCCGTCGATCATCTGGT	1
244	243	4	CCGGCATCCGTCGATCATCTGGTA	1
245	244	4	CGGCATCCGTCGATCATCTGGTAT	1
246	245	3	GGCATCCGTCGATCATCTGGTATT	1
247	246	3	GCATCCGTCGATCATCTGGTATTT	1
248	247	3	CATCCGTCGATCATCTGGTATTTC	1
249	248	2	ATCCGTCGATCATCTGGTATTTCT	1
250	249	2	TCCGTCGATCATCTGGTATTTCTT	1
251	250	2	CCGTCGATCATCTGGTATTTCTTT	1
252	251	2	CGTCGATCATCTGGTATTTCTTTT	1
253	252	2	GTCGATCATCTGGTATTTCTTTTG	1
254	253	1	TCGATCATCTGGTATTTCTTTTGA	1
255	254	1	CGATCATCTGGTATTTCTTTTGAG	1
256	255	1	GATCATCTGGTATTTCTTTTGAGG	1
257	256	1	ATCATCTGGTATTTCTTTTGAGGT	1
258	257	1	TCATCTGGTATTTCTTTTGAGGTC	1
259	258	1	CATCTGGTATTTCTTTTGAGGTCG	1
260	259	1	ATCTGGTATTTCTTTTGAGGTCGA	1
261	260	1	TCTGGTATTTCTTTTGAGGTCGAG	1
262	261	1	CTGGTATTTCTTTTGAGGTCGAGA	1
263	262	1	TGGTATTTCTTTTGAGGTCGAGAA	1
264	263	1	GGTATTTCTTTTGAGGTCGAGAAA	1
265	264	1	GTATTTCTTTTGAGGTCGAGAAAA	1
266	265	1	TATTTCTTTTGAGGTCGAGAAAAT	1
267	266	1	ATTTCTTTTGAGGTCGAGAAAATT	1
268	267	1	TTTCTTTTGAGGTCGAGAAAATTC	1
269	268	1	TTCTTTTGAGGTCGAGAAAATTCA	1
270	269	1	TCTTTTGAGGTCGAGAAAATTCAT	1
271	270	1	CTTTTGAGGTCGAGAAAATTCATA	1
272	271	1	TTTTGAGGTCGAGAAAATTCATAA	1
273	272	1	TTTGAGGTCGAGAAAATTCATAAC	1
