Component 57
1	-1	0	CCCACATTAATAATGGCCGAAGAA	1
2	1	2	CCACATTAATAATGGCCGAAGAAG	1
3	2	2	CACATTAATAATGGCCGAAGAAGA	1
4	3	2	ACATTAATAATGGCCGAAGAAGAA	1
5	4	2	CATTAATAATGGCCGAAGAAGAAG	1
6	5	2	ATTAATAATGGCCGAAGAAGAAGA	1
7	6	2	TTAATAATGGCCGAAGAAGAAGAA	1
8	7	2	TAATAATGGCCGAAGAAGAAGAAA	1
9	8	2	AATAATGGCCGAAGAAGAAGAAAA	1
10	9	2	ATAATGGCCGAAGAAGAAGAAAAT	1
11	10	2	TAATGGCCGAAGAAGAAGAAAATC	1
12	11	2	AATGGCCGAAGAAGAAGAAAATCA	1
13	12	2	ATGGCCGAAGAAGAAGAAAATCAA	1
14	13	2	TGGCCGAAGAAGAAGAAAATCAAG	1
15	14	2	GGCCGAAGAAGAAGAAAATCAAGA	1
16	15	2	GCCGAAGAAGAAGAAAATCAAGAA	1
17	16	3	CCGAAGAAGAAGAAAATCAAGAAT	1
18	17	3	CGAAGAAGAAGAAAATCAAGAATT	1
19	18	3	GAAGAAGAAGAAAATCAAGAATTA	1
20	19	3	AAGAAGAAGAAAATCAAGAATTAT	1
21	20	3	AGAAGAAGAAAATCAAGAATTATA	1
22	21	3	GAAGAAGAAAATCAAGAATTATAC	1
23	22	3	AAGAAGAAAATCAAGAATTATACA	1
24	23	3	AGAAGAAAATCAAGAATTATACAT	1
25	24	3	GAAGAAAATCAAGAATTATACATA	1
26	25	3	AAGAAAATCAAGAATTATACATAG	1
27	26	3	AGAAAATCAAGAATTATACATAGC	1
28	27	3	GAAAATCAAGAATTATACATAGCA	1
29	28	3	AAAATCAAGAATTATACATAGCAG	1
30	29	3	AAATCAAGAATTATACATAGCAGA	1
31	30	3	AATCAAGAATTATACATAGCAGAA	1
32	31	3	ATCAAGAATTATACATAGCAGAAA	1
33	32	3	TCAAGAATTATACATAGCAGAAAA	1
34	33	3	CAAGAATTATACATAGCAGAAAAT	1
35	34	3	AAGAATTATACATAGCAGAAAATG	1
36	35	3	AGAATTATACATAGCAGAAAATGA	1
37	36	3	GAATTATACATAGCAGAAAATGAA	1
38	37	3	AATTATACATAGCAGAAAATGAAG	1
39	38	3	ATTATACATAGCAGAAAATGAAGT	1
40	39	3	TTATACATAGCAGAAAATGAAGTA	1
41	40	3	TATACATAGCAGAAAATGAAGTAG	1
42	41	3	ATACATAGCAGAAAATGAAGTAGA	1
43	42	3	TACATAGCAGAAAATGAAGTAGAA	1
44	43	3	ACATAGCAGAAAATGAAGTAGAAG	1
45	44	3	CATAGCAGAAAATGAAGTAGAAGA	1
46	45	1	ATAGCAGAAAATGAAGTAGAAGAA	1
47	46	1	TAGCAGAAAATGAAGTAGAAGAAG	1
48	47	1	AGCAGAAAATGAAGTAGAAGAAGT	1
49	48	1	GCAGAAAATGAAGTAGAAGAAGTT	1
50	49	1	CAGAAAATGAAGTAGAAGAAGTTA	1
51	50	2	AGAAAATGAAGTAGAAGAAGTTAT	1
52	51	2	GAAAATGAAGTAGAAGAAGTTATT	1
53	52	2	AAAATGAAGTAGAAGAAGTTATTA	1
54	53	2	AAATGAAGTAGAAGAAGTTATTAA	1
55	54	2	AATGAAGTAGAAGAAGTTATTAAA	1
56	55	2	ATGAAGTAGAAGAAGTTATTAAAG	1
57	56	2	TGAAGTAGAAGAAGTTATTAAAGA	1
58	57	2	GAAGTAGAAGAAGTTATTAAAGAT	1
59	58	2	AAGTAGAAGAAGTTATTAAAGATA	1
60	59	2	AGTAGAAGAAGTTATTAAAGATAA	1
61	60	1	GTAGAAGAAGTTATTAAAGATAAT	1
62	61	1	TAGAAGAAGTTATTAAAGATAATG	1
63	62	1	AGAAGAAGTTATTAAAGATAATGA	1
64	63	1	GAAGAAGTTATTAAAGATAATGAC	1
65	64	1	AAGAAGTTATTAAAGATAATGACA	1
66	65	1	AGAAGTTATTAAAGATAATGACAA	1
67	66	1	GAAGTTATTAAAGATAATGACAAA	1
68	67	1	AAGTTATTAAAGATAATGACAAAC	1
69	68	1	AGTTATTAAAGATAATGACAAACT	1
70	69	1	GTTATTAAAGATAATGACAAACTA	1
71	70	1	TTATTAAAGATAATGACAAACTAA	1
72	71	1	TATTAAAGATAATGACAAACTAAT	1
73	72	1	ATTAAAGATAATGACAAACTAATG	1
74	73	1	TTAAAGATAATGACAAACTAATGG	1
75	74	1	TAAAGATAATGACAAACTAATGGA	1
76	75	1	AAAGATAATGACAAACTAATGGAC	1
77	76	1	AAGATAATGACAAACTAATGGACC	1
78	77	1	AGATAATGACAAACTAATGGACCA	1
79	78	1	GATAATGACAAACTAATGGACCAA	1
80	79	1	ATAATGACAAACTAATGGACCAAG	1
81	80	1	TAATGACAAACTAATGGACCAAGG	1
82	81	1	AATGACAAACTAATGGACCAAGGT	1
83	82	1	ATGACAAACTAATGGACCAAGGTG	1
84	83	1	TGACAAACTAATGGACCAAGGTGT	1
85	84	1	GACAAACTAATGGACCAAGGTGTC	1
86	85	1	ACAAACTAATGGACCAAGGTGTCA	1
87	86	1	CAAACTAATGGACCAAGGTGTCAC	1
88	87	1	AAACTAATGGACCAAGGTGTCACA	1
89	88	1	AACTAATGGACCAAGGTGTCACAG	1
90	89	1	ACTAATGGACCAAGGTGTCACAGA	1
91	90	1	CTAATGGACCAAGGTGTCACAGAG	1
92	91	1	TAATGGACCAAGGTGTCACAGAGG	1
93	92	1	AATGGACCAAGGTGTCACAGAGGA	1
94	93	1	ATGGACCAAGGTGTCACAGAGGAC	1
95	-1	0	TGCGCGTCTGGTGGAGGAGATGAC	1
96	95	1	GCGCGTCTGGTGGAGGAGATGACC	1
97	96	1	CGCGTCTGGTGGAGGAGATGACCT	1
98	97	1	GCGTCTGGTGGAGGAGATGACCTA	1
99	98	1	CGTCTGGTGGAGGAGATGACCTAG	1
100	99	2	GTCTGGTGGAGGAGATGACCTAGG	1
101	100	2	TCTGGTGGAGGAGATGACCTAGGG	1
102	101	3	CTGGTGGAGGAGATGACCTAGGGT	1
103	102	3	TGGTGGAGGAGATGACCTAGGGTA	1
104	103	3	GGTGGAGGAGATGACCTAGGGTAT	1
105	104	3	GTGGAGGAGATGACCTAGGGTATA	1
106	105	3	TGGAGGAGATGACCTAGGGTATAT	1
107	106	3	GGAGGAGATGACCTAGGGTATATA	1
108	107	3	GAGGAGATGACCTAGGGTATATAT	1
109	108	3	AGGAGATGACCTAGGGTATATATG	1
110	109	3	GGAGATGACCTAGGGTATATATGG	1
111	110	3	GAGATGACCTAGGGTATATATGGG	1
112	111	3	AGATGACCTAGGGTATATATGGGA	1
113	112	3	GATGACCTAGGGTATATATGGGAC	1
114	113	3	ATGACCTAGGGTATATATGGGACA	1
115	114	3	TGACCTAGGGTATATATGGGACAT	1
116	115	3	GACCTAGGGTATATATGGGACATT	1
117	116	3	ACCTAGGGTATATATGGGACATTA	1
118	117	3	CCTAGGGTATATATGGGACATTAC	1
119	118	3	CTAGGGTATATATGGGACATTACT	1
120	119	3	TAGGGTATATATGGGACATTACTA	1
121	120	3	AGGGTATATATGGGACATTACTAC	1
122	121	3	GGGTATATATGGGACATTACTACC	1
123	122	3	GGTATATATGGGACATTACTACCG	1
124	123	3	GTATATATGGGACATTACTACCGG	1
125	124	3	TATATATGGGACATTACTACCGGT	1
126	125	3	ATATATGGGACATTACTACCGGTG	1
127	126	3	TATATGGGACATTACTACCGGTGA	1
128	127	3	ATATGGGACATTACTACCGGTGAA	1
129	128	3	TATGGGACATTACTACCGGTGAAC	1
130	129	3	ATGGGACATTACTACCGGTGAACA	1
131	130	3	TGGGACATTACTACCGGTGAACAA	1
132	131	3	GGGACATTACTACCGGTGAACAAA	1
133	132	3	GGACATTACTACCGGTGAACAAAT	1
134	133	3	GACATTACTACCGGTGAACAAATA	1
135	134	3	ACATTACTACCGGTGAACAAATAT	1
136	135	3	CATTACTACCGGTGAACAAATATG	1
137	136	3	ATTACTACCGGTGAACAAATATGT	1
138	137	3	TTACTACCGGTGAACAAATATGTC	1
139	138	3	TACTACCGGTGAACAAATATGTCA	1
140	139	2	ACTACCGGTGAACAAATATGTCAA	1
141	140	2	CTACCGGTGAACAAATATGTCAAT	1
142	141	2	TACCGGTGAACAAATATGTCAATT	1
143	142	2	ACCGGTGAACAAATATGTCAATTG	1
144	143	1	CCGGTGAACAAATATGTCAATTGA	1
145	144	2	CGGTGAACAAATATGTCAATTGAC	1
146	145	1	GGTGAACAAATATGTCAATTGACA	1
147	146	1	GTGAACAAATATGTCAATTGACAG	1
148	147	1	TGAACAAATATGTCAATTGACAGG	1
149	148	1	GAACAAATATGTCAATTGACAGGA	1
150	149	1	AACAAATATGTCAATTGACAGGAC	1
151	150	1	ACAAATATGTCAATTGACAGGACA	1
152	151	1	CAAATATGTCAATTGACAGGACAT	1
153	152	1	AAATATGTCAATTGACAGGACATA	1
154	153	1	AATATGTCAATTGACAGGACATAA	1
155	154	1	ATATGTCAATTGACAGGACATAAA	1
156	155	1	TATGTCAATTGACAGGACATAAAG	1
157	156	1	ATGTCAATTGACAGGACATAAAGA	1
158	157	1	TGTCAATTGACAGGACATAAAGAC	1
159	158	1	GTCAATTGACAGGACATAAAGACT	1
160	159	1	TCAATTGACAGGACATAAAGACTC	1
161	160	1	CAATTGACAGGACATAAAGACTCC	1
162	161	1	AATTGACAGGACATAAAGACTCCA	1
163	162	1	ATTGACAGGACATAAAGACTCCAT	1
164	163	1	TTGACAGGACATAAAGACTCCATA	1
165	164	1	TGACAGGACATAAAGACTCCATAG	1
166	165	1	GACAGGACATAAAGACTCCATAGT	1
167	166	1	ACAGGACATAAAGACTCCATAGTA	1
168	167	1	CAGGACATAAAGACTCCATAGTAG	1
169	168	1	AGGACATAAAGACTCCATAGTAGC	1
170	169	1	GGACATAAAGACTCCATAGTAGCT	1
171	170	1	GACATAAAGACTCCATAGTAGCTA	1
172	171	1	ACATAAAGACTCCATAGTAGCTAT	1
173	172	1	CATAAAGACTCCATAGTAGCTATA	1
174	173	1	ATAAAGACTCCATAGTAGCTATAG	1
175	174	1	TAAAGACTCCATAGTAGCTATAGA	1
176	175	2	AAAGACTCCATAGTAGCTATAGAC	1
177	176	2	AAGACTCCATAGTAGCTATAGACT	1
178	177	2	AGACTCCATAGTAGCTATAGACTG	1
179	178	2	GACTCCATAGTAGCTATAGACTGG	1
180	179	2	ACTCCATAGTAGCTATAGACTGGA	1
181	180	2	CTCCATAGTAGCTATAGACTGGAG	1
182	181	2	TCCATAGTAGCTATAGACTGGAGC	1
183	182	2	CCATAGTAGCTATAGACTGGAGCT	1
184	183	2	CATAGTAGCTATAGACTGGAGCTT	1
185	184	2	ATAGTAGCTATAGACTGGAGCTTT	1
186	185	2	TAGTAGCTATAGACTGGAGCTTTG	1
187	186	2	AGTAGCTATAGACTGGAGCTTTGA	1
188	187	2	GTAGCTATAGACTGGAGCTTTGAT	1
189	188	1	TAGCTATAGACTGGAGCTTTGATG	1
190	189	1	AGCTATAGACTGGAGCTTTGATGG	1
191	190	1	GCTATAGACTGGAGCTTTGATGGA	1
192	191	1	CTATAGACTGGAGCTTTGATGGAA	1
193	192	1	TATAGACTGGAGCTTTGATGGAAC	1
194	193	1	ATAGACTGGAGCTTTGATGGAACT	1
195	194	1	TAGACTGGAGCTTTGATGGAACTT	1
196	195	1	AGACTGGAGCTTTGATGGAACTTA	1
197	196	1	GACTGGAGCTTTGATGGAACTTAT	1
198	197	1	ACTGGAGCTTTGATGGAACTTATA	1
199	198	1	CTGGAGCTTTGATGGAACTTATAT	1
200	199	1	TGGAGCTTTGATGGAACTTATATT	1
201	200	1	GGAGCTTTGATGGAACTTATATTG	1
202	201	1	GAGCTTTGATGGAACTTATATTGC	1
203	202	1	AGCTTTGATGGAACTTATATTGCT	1
204	203	1	GCTTTGATGGAACTTATATTGCTA	1
205	204	1	CTTTGATGGAACTTATATTGCTAC	1
206	205	1	TTTGATGGAACTTATATTGCTACT	1
207	206	1	TTGATGGAACTTATATTGCTACTG	1
208	207	1	TGATGGAACTTATATTGCTACTGG	1
209	208	1	GATGGAACTTATATTGCTACTGGT	1
210	209	1	ATGGAACTTATATTGCTACTGGTG	1
211	210	1	TGGAACTTATATTGCTACTGGTGG	1
212	211	1	GGAACTTATATTGCTACTGGTGGT	1
213	212	1	GAACTTATATTGCTACTGGTGGTA	1
214	213	1	AACTTATATTGCTACTGGTGGTAT	1
215	214	1	ACTTATATTGCTACTGGTGGTATG	1
216	215	1	CTTATATTGCTACTGGTGGTATGG	1
217	216	1	TTATATTGCTACTGGTGGTATGGA	1
218	217	1	TATATTGCTACTGGTGGTATGGAT	1
219	218	1	ATATTGCTACTGGTGGTATGGATA	1
