Component 570
1	-1	0	CCCTACTAAAATACTCGTCCAGGA	1
2	1	2	CCTACTAAAATACTCGTCCAGGAA	1
3	2	2	CTACTAAAATACTCGTCCAGGAAA	1
4	3	2	TACTAAAATACTCGTCCAGGAAAT	1
5	4	2	ACTAAAATACTCGTCCAGGAAATT	1
6	5	2	CTAAAATACTCGTCCAGGAAATTG	1
7	6	2	TAAAATACTCGTCCAGGAAATTGC	1
8	7	2	AAAATACTCGTCCAGGAAATTGCT	1
9	8	2	AAATACTCGTCCAGGAAATTGCTT	1
10	9	2	AATACTCGTCCAGGAAATTGCTTC	1
11	10	2	ATACTCGTCCAGGAAATTGCTTCA	1
12	11	2	TACTCGTCCAGGAAATTGCTTCAG	1
13	12	2	ACTCGTCCAGGAAATTGCTTCAGT	1
14	13	2	CTCGTCCAGGAAATTGCTTCAGTT	1
15	14	2	TCGTCCAGGAAATTGCTTCAGTTA	1
16	15	2	CGTCCAGGAAATTGCTTCAGTTAT	1
17	16	2	GTCCAGGAAATTGCTTCAGTTATG	1
18	17	2	TCCAGGAAATTGCTTCAGTTATGC	1
19	18	2	CCAGGAAATTGCTTCAGTTATGCA	1
20	19	2	CAGGAAATTGCTTCAGTTATGCAA	1
21	20	2	AGGAAATTGCTTCAGTTATGCAAG	1
22	21	2	GGAAATTGCTTCAGTTATGCAAGA	1
23	22	2	GAAATTGCTTCAGTTATGCAAGAG	1
24	23	2	AAATTGCTTCAGTTATGCAAGAGT	1
25	24	2	AATTGCTTCAGTTATGCAAGAGTC	1
26	25	2	ATTGCTTCAGTTATGCAAGAGTCT	1
27	26	2	TTGCTTCAGTTATGCAAGAGTCTA	1
28	27	2	TGCTTCAGTTATGCAAGAGTCTAC	1
29	28	2	GCTTCAGTTATGCAAGAGTCTACA	1
30	29	2	CTTCAGTTATGCAAGAGTCTACAC	1
31	30	2	TTCAGTTATGCAAGAGTCTACACA	1
32	31	2	TCAGTTATGCAAGAGTCTACACAA	1
33	32	2	CAGTTATGCAAGAGTCTACACAAT	1
34	33	3	AGTTATGCAAGAGTCTACACAATC	1
35	34	3	GTTATGCAAGAGTCTACACAATCT	1
36	35	3	TTATGCAAGAGTCTACACAATCTG	1
37	36	3	TATGCAAGAGTCTACACAATCTGG	1
38	37	3	ATGCAAGAGTCTACACAATCTGGT	1
39	38	3	TGCAAGAGTCTACACAATCTGGTG	1
40	39	3	GCAAGAGTCTACACAATCTGGTGG	1
41	40	3	CAAGAGTCTACACAATCTGGTGGT	1
42	41	3	AAGAGTCTACACAATCTGGTGGTG	1
43	42	3	AGAGTCTACACAATCTGGTGGTGT	1
44	43	4	GAGTCTACACAATCTGGTGGTGTT	1
45	44	4	AGTCTACACAATCTGGTGGTGTTC	1
46	45	2	GTCTACACAATCTGGTGGTGTTCG	1
47	46	2	TCTACACAATCTGGTGGTGTTCGT	1
48	47	2	CTACACAATCTGGTGGTGTTCGTC	1
49	48	2	TACACAATCTGGTGGTGTTCGTCC	1
50	49	2	ACACAATCTGGTGGTGTTCGTCCG	1
51	50	2	CACAATCTGGTGGTGTTCGTCCGT	1
52	51	2	ACAATCTGGTGGTGTTCGTCCGTT	1
53	52	2	CAATCTGGTGGTGTTCGTCCGTTT	1
54	53	2	AATCTGGTGGTGTTCGTCCGTTTG	1
55	54	2	ATCTGGTGGTGTTCGTCCGTTTGG	1
56	55	2	TCTGGTGGTGTTCGTCCGTTTGGT	1
57	56	2	CTGGTGGTGTTCGTCCGTTTGGTG	1
58	57	2	TGGTGGTGTTCGTCCGTTTGGTGT	1
59	58	2	GGTGGTGTTCGTCCGTTTGGTGTT	1
60	59	2	GTGGTGTTCGTCCGTTTGGTGTTA	1
61	60	2	TGGTGTTCGTCCGTTTGGTGTTAG	1
62	61	2	GGTGTTCGTCCGTTTGGTGTTAGT	1
63	62	2	GTGTTCGTCCGTTTGGTGTTAGTC	1
64	63	2	TGTTCGTCCGTTTGGTGTTAGTCT	1
65	64	3	GTTCGTCCGTTTGGTGTTAGTCTC	1
66	65	3	TTCGTCCGTTTGGTGTTAGTCTCT	1
67	66	3	TCGTCCGTTTGGTGTTAGTCTCTT	1
68	67	3	CGTCCGTTTGGTGTTAGTCTCTTG	1
69	68	3	GTCCGTTTGGTGTTAGTCTCTTGG	1
70	69	3	TCCGTTTGGTGTTAGTCTCTTGGT	1
71	70	3	CCGTTTGGTGTTAGTCTCTTGGTT	1
72	71	3	CGTTTGGTGTTAGTCTCTTGGTTG	1
73	72	3	GTTTGGTGTTAGTCTCTTGGTTGC	1
74	73	3	TTTGGTGTTAGTCTCTTGGTTGCA	1
75	74	3	TTGGTGTTAGTCTCTTGGTTGCAG	1
76	75	3	TGGTGTTAGTCTCTTGGTTGCAGG	1
77	76	3	GGTGTTAGTCTCTTGGTTGCAGGA	1
78	77	2	GTGTTAGTCTCTTGGTTGCAGGAA	1
79	78	2	TGTTAGTCTCTTGGTTGCAGGAAT	1
80	79	2	GTTAGTCTCTTGGTTGCAGGAATG	1
81	80	2	TTAGTCTCTTGGTTGCAGGAATGG	1
82	81	2	TAGTCTCTTGGTTGCAGGAATGGA	1
83	82	2	AGTCTCTTGGTTGCAGGAATGGAT	1
84	83	2	GTCTCTTGGTTGCAGGAATGGATG	1
85	84	2	TCTCTTGGTTGCAGGAATGGATGA	1
86	85	2	CTCTTGGTTGCAGGAATGGATGAA	1
87	86	2	TCTTGGTTGCAGGAATGGATGAAA	1
88	87	1	CTTGGTTGCAGGAATGGATGAAAA	1
89	88	1	TTGGTTGCAGGAATGGATGAAAAA	1
90	89	1	TGGTTGCAGGAATGGATGAAAAAG	1
91	90	1	GGTTGCAGGAATGGATGAAAAAGG	1
92	91	1	GTTGCAGGAATGGATGAAAAAGGT	1
93	92	1	TTGCAGGAATGGATGAAAAAGGTC	1
94	93	1	TGCAGGAATGGATGAAAAAGGTCC	1
95	94	1	GCAGGAATGGATGAAAAAGGTCCT	1
96	95	1	CAGGAATGGATGAAAAAGGTCCTT	1
97	96	2	AGGAATGGATGAAAAAGGTCCTTC	1
98	97	2	GGAATGGATGAAAAAGGTCCTTCT	1
99	98	2	GAATGGATGAAAAAGGTCCTTCTC	1
100	99	2	AATGGATGAAAAAGGTCCTTCTCT	1
101	100	2	ATGGATGAAAAAGGTCCTTCTCTC	1
102	101	2	TGGATGAAAAAGGTCCTTCTCTCT	1
103	102	2	GGATGAAAAAGGTCCTTCTCTCTA	1
104	103	2	GATGAAAAAGGTCCTTCTCTCTAT	1
105	104	2	ATGAAAAAGGTCCTTCTCTCTATC	1
106	105	2	TGAAAAAGGTCCTTCTCTCTATCA	1
107	106	2	GAAAAAGGTCCTTCTCTCTATCAA	1
108	107	2	AAAAAGGTCCTTCTCTCTATCAAG	1
109	108	1	AAAAGGTCCTTCTCTCTATCAAGT	1
110	109	1	AAAGGTCCTTCTCTCTATCAAGTT	1
111	110	1	AAGGTCCTTCTCTCTATCAAGTTG	1
112	111	1	AGGTCCTTCTCTCTATCAAGTTGA	1
113	112	1	GGTCCTTCTCTCTATCAAGTTGAT	1
114	113	1	GTCCTTCTCTCTATCAAGTTGATC	1
115	114	1	TCCTTCTCTCTATCAAGTTGATCC	1
116	115	2	CCTTCTCTCTATCAAGTTGATCCT	1
117	116	2	CTTCTCTCTATCAAGTTGATCCTT	1
118	117	2	TTCTCTCTATCAAGTTGATCCTTC	1
119	118	2	TCTCTCTATCAAGTTGATCCTTCG	1
120	119	2	CTCTCTATCAAGTTGATCCTTCGG	1
121	120	2	TCTCTATCAAGTTGATCCTTCGGG	1
122	121	2	CTCTATCAAGTTGATCCTTCGGGC	1
123	122	2	TCTATCAAGTTGATCCTTCGGGCA	1
124	123	2	CTATCAAGTTGATCCTTCGGGCAC	1
125	124	2	TATCAAGTTGATCCTTCGGGCACC	1
126	125	2	ATCAAGTTGATCCTTCGGGCACCT	1
127	126	2	TCAAGTTGATCCTTCGGGCACCTA	1
128	127	2	CAAGTTGATCCTTCGGGCACCTAT	1
129	128	2	AAGTTGATCCTTCGGGCACCTATT	1
130	129	2	AGTTGATCCTTCGGGCACCTATTT	1
131	130	2	GTTGATCCTTCGGGCACCTATTTT	1
132	131	2	TTGATCCTTCGGGCACCTATTTTG	1
133	132	2	TGATCCTTCGGGCACCTATTTTGC	1
134	133	2	GATCCTTCGGGCACCTATTTTGCT	1
135	134	2	ATCCTTCGGGCACCTATTTTGCTT	1
136	135	2	TCCTTCGGGCACCTATTTTGCTTG	1
137	136	2	CCTTCGGGCACCTATTTTGCTTGG	1
138	137	2	CTTCGGGCACCTATTTTGCTTGGA	1
139	138	2	TTCGGGCACCTATTTTGCTTGGAA	1
140	139	2	TCGGGCACCTATTTTGCTTGGAAA	1
141	140	1	CGGGCACCTATTTTGCTTGGAAAG	1
142	141	1	GGGCACCTATTTTGCTTGGAAAGC	1
143	142	1	GGCACCTATTTTGCTTGGAAAGCC	1
144	143	1	GCACCTATTTTGCTTGGAAAGCCA	1
145	144	1	CACCTATTTTGCTTGGAAAGCCAC	1
146	145	1	ACCTATTTTGCTTGGAAAGCCACA	1
147	146	1	CCTATTTTGCTTGGAAAGCCACAG	1
148	147	1	CTATTTTGCTTGGAAAGCCACAGC	1
149	148	1	TATTTTGCTTGGAAAGCCACAGCT	1
150	149	1	ATTTTGCTTGGAAAGCCACAGCTA	1
151	150	1	TTTTGCTTGGAAAGCCACAGCTAT	1
152	151	1	TTTGCTTGGAAAGCCACAGCTATC	1
153	152	1	TTGCTTGGAAAGCCACAGCTATCG	1
154	153	1	TGCTTGGAAAGCCACAGCTATCGG	1
155	154	1	GCTTGGAAAGCCACAGCTATCGGC	1
156	155	1	CTTGGAAAGCCACAGCTATCGGCA	1
157	156	1	TTGGAAAGCCACAGCTATCGGCAA	1
158	157	1	TGGAAAGCCACAGCTATCGGCAAA	1
159	158	1	GGAAAGCCACAGCTATCGGCAAAT	1
160	-1	0	AATTAACTGAAGATAACATCGAGA	1
161	160	1	ATTAACTGAAGATAACATCGAGAT	1
162	161	1	TTAACTGAAGATAACATCGAGATC	1
163	162	2	TAACTGAAGATAACATCGAGATCG	1
164	163	2	AACTGAAGATAACATCGAGATCGC	1
165	164	2	ACTGAAGATAACATCGAGATCGCA	1
166	165	2	CTGAAGATAACATCGAGATCGCAG	1
167	166	2	TGAAGATAACATCGAGATCGCAGT	1
168	167	2	GAAGATAACATCGAGATCGCAGTA	1
169	168	2	AAGATAACATCGAGATCGCAGTAG	1
170	169	2	AGATAACATCGAGATCGCAGTAGT	1
171	170	2	GATAACATCGAGATCGCAGTAGTC	1
172	171	2	ATAACATCGAGATCGCAGTAGTCT	1
173	172	2	TAACATCGAGATCGCAGTAGTCTC	1
174	173	2	AACATCGAGATCGCAGTAGTCTCT	1
175	174	2	ACATCGAGATCGCAGTAGTCTCTA	1
176	175	2	CATCGAGATCGCAGTAGTCTCTAC	1
177	176	2	ATCGAGATCGCAGTAGTCTCTACG	1
178	177	2	TCGAGATCGCAGTAGTCTCTACGA	1
179	178	2	CGAGATCGCAGTAGTCTCTACGAA	1
180	179	2	GAGATCGCAGTAGTCTCTACGAAA	1
181	180	2	AGATCGCAGTAGTCTCTACGAAAC	1
182	181	2	GATCGCAGTAGTCTCTACGAAACC	1
183	182	2	ATCGCAGTAGTCTCTACGAAACCT	1
184	183	2	TCGCAGTAGTCTCTACGAAACCTA	1
185	184	2	CGCAGTAGTCTCTACGAAACCTAC	1
186	185	2	GCAGTAGTCTCTACGAAACCTACG	1
187	186	2	CAGTAGTCTCTACGAAACCTACGG	1
188	187	2	AGTAGTCTCTACGAAACCTACGGA	1
189	188	2	GTAGTCTCTACGAAACCTACGGAT	1
190	189	2	TAGTCTCTACGAAACCTACGGATA	1
191	190	2	AGTCTCTACGAAACCTACGGATAG	1
192	191	2	GTCTCTACGAAACCTACGGATAGT	1
193	192	2	TCTCTACGAAACCTACGGATAGTG	1
194	193	2	CTCTACGAAACCTACGGATAGTGG	1
195	194	2	TCTACGAAACCTACGGATAGTGGA	1
196	195	2	CTACGAAACCTACGGATAGTGGAA	1
197	196	2	TACGAAACCTACGGATAGTGGAAT	1
198	197	2	ACGAAACCTACGGATAGTGGAATC	1
199	198	2	CGAAACCTACGGATAGTGGAATCG	1
200	199	2	GAAACCTACGGATAGTGGAATCGT	1
201	200	2	AAACCTACGGATAGTGGAATCGTT	1
202	201	2	AACCTACGGATAGTGGAATCGTTG	1
203	202	2	ACCTACGGATAGTGGAATCGTTGG	1
204	203	2	CCTACGGATAGTGGAATCGTTGGC	1
205	204	1	CTACGGATAGTGGAATCGTTGGCG	1
206	205	1	TACGGATAGTGGAATCGTTGGCGT	1
207	-1	0	GCTGCTAAAACATTTTTAGAAAAG	1
208	207	1	CTGCTAAAACATTTTTAGAAAAGC	1
209	208	1	TGCTAAAACATTTTTAGAAAAGCG	1
210	209	1	GCTAAAACATTTTTAGAAAAGCGT	1
211	210	1	CTAAAACATTTTTAGAAAAGCGTT	1
212	211	1	TAAAACATTTTTAGAAAAGCGTTA	1
213	212	1	AAAACATTTTTAGAAAAGCGTTAC	1
214	213	1	AAACATTTTTAGAAAAGCGTTACA	1
215	214	1	AACATTTTTAGAAAAGCGTTACAA	1
216	215	1	ACATTTTTAGAAAAGCGTTACAAT	1
217	216	1	CATTTTTAGAAAAGCGTTACAATG	1
218	217	1	ATTTTTAGAAAAGCGTTACAATGA	1
219	218	1	TTTTTAGAAAAGCGTTACAATGAT	1
220	219	1	TTTTAGAAAAGCGTTACAATGATG	1
221	220	1	TTTAGAAAAGCGTTACAATGATGA	1
222	221	1	TTAGAAAAGCGTTACAATGATGAA	1
223	222	1	TAGAAAAGCGTTACAATGATGAAC	1
224	223	1	AGAAAAGCGTTACAATGATGAACT	1
225	224	1	GAAAAGCGTTACAATGATGAACTT	1
226	225	1	AAAAGCGTTACAATGATGAACTTG	1
227	226	1	AAAGCGTTACAATGATGAACTTGA	1
228	227	1	AAGCGTTACAATGATGAACTTGAG	1
229	228	1	AGCGTTACAATGATGAACTTGAGT	1
230	229	1	GCGTTACAATGATGAACTTGAGTT	1
231	230	1	CGTTACAATGATGAACTTGAGTTG	1
232	231	1	GTTACAATGATGAACTTGAGTTGG	1
233	232	1	TTACAATGATGAACTTGAGTTGGA	1
234	233	1	TACAATGATGAACTTGAGTTGGAT	1
235	234	1	ACAATGATGAACTTGAGTTGGATG	1
236	235	2	CAATGATGAACTTGAGTTGGATGA	1
237	236	2	AATGATGAACTTGAGTTGGATGAT	1
238	237	2	ATGATGAACTTGAGTTGGATGATG	1
239	238	2	TGATGAACTTGAGTTGGATGATGC	1
240	239	2	GATGAACTTGAGTTGGATGATGCC	1
241	240	2	ATGAACTTGAGTTGGATGATGCCG	1
242	241	2	TGAACTTGAGTTGGATGATGCCGT	1
243	242	2	GAACTTGAGTTGGATGATGCCGTG	1
244	243	2	AACTTGAGTTGGATGATGCCGTGC	1
245	244	2	ACTTGAGTTGGATGATGCCGTGCA	1
246	245	2	CTTGAGTTGGATGATGCCGTGCAT	1
247	246	2	TTGAGTTGGATGATGCCGTGCATA	1
248	247	2	TGAGTTGGATGATGCCGTGCATAC	1
249	248	2	GAGTTGGATGATGCCGTGCATACA	1
250	249	2	AGTTGGATGATGCCGTGCATACAG	1
251	250	2	GTTGGATGATGCCGTGCATACAGC	1
252	251	1	TTGGATGATGCCGTGCATACAGCT	1
253	252	1	TGGATGATGCCGTGCATACAGCTA	1
254	253	2	GGATGATGCCGTGCATACAGCTAT	1
255	254	2	GATGATGCCGTGCATACAGCTATT	1
256	255	2	ATGATGCCGTGCATACAGCTATTT	1
257	256	2	TGATGCCGTGCATACAGCTATTTT	1
258	257	2	GATGCCGTGCATACAGCTATTTTA	1
259	258	2	ATGCCGTGCATACAGCTATTTTAG	1
260	259	2	TGCCGTGCATACAGCTATTTTAGC	1
261	260	2	GCCGTGCATACAGCTATTTTAGCT	1
262	261	2	CCGTGCATACAGCTATTTTAGCTT	1
263	262	3	CGTGCATACAGCTATTTTAGCTTT	1
264	263	3	GTGCATACAGCTATTTTAGCTTTA	1
265	264	3	TGCATACAGCTATTTTAGCTTTAA	1
266	265	3	GCATACAGCTATTTTAGCTTTAAA	1
267	266	3	CATACAGCTATTTTAGCTTTAAAA	1
268	267	3	ATACAGCTATTTTAGCTTTAAAAG	1
269	268	3	TACAGCTATTTTAGCTTTAAAAGA	1
270	269	3	ACAGCTATTTTAGCTTTAAAAGAA	1
271	270	3	CAGCTATTTTAGCTTTAAAAGAAA	1
272	271	3	AGCTATTTTAGCTTTAAAAGAAAC	1
273	272	3	GCTATTTTAGCTTTAAAAGAAACT	1
274	273	3	CTATTTTAGCTTTAAAAGAAACTT	1
275	274	3	TATTTTAGCTTTAAAAGAAACTTT	1
276	275	3	ATTTTAGCTTTAAAAGAAACTTTT	1
277	276	3	TTTTAGCTTTAAAAGAAACTTTTG	1
278	277	3	TTTAGCTTTAAAAGAAACTTTTGA	1
279	278	3	TTAGCTTTAAAAGAAACTTTTGAG	1
280	279	2	TAGCTTTAAAAGAAACTTTTGAGG	1
281	280	2	AGCTTTAAAAGAAACTTTTGAGGG	1
282	281	2	GCTTTAAAAGAAACTTTTGAGGGT	1
283	282	2	CTTTAAAAGAAACTTTTGAGGGTG	1
284	283	2	TTTAAAAGAAACTTTTGAGGGTGA	1
285	284	2	TTAAAAGAAACTTTTGAGGGTGAA	1
286	285	2	TAAAAGAAACTTTTGAGGGTGAAT	1
287	286	2	AAAAGAAACTTTTGAGGGTGAATT	1
288	287	2	AAAGAAACTTTTGAGGGTGAATTA	1
289	288	2	AAGAAACTTTTGAGGGTGAATTAA	1
290	289	2	AGAAACTTTTGAGGGTGAATTAAC	1
291	290	2	GAAACTTTTGAGGGTGAATTAACT	1
292	291	2	AAACTTTTGAGGGTGAATTAACTG	1
293	292	2	AACTTTTGAGGGTGAATTAACTGA	1
294	293	2	ACTTTTGAGGGTGAATTAACTGAA	1
295	294	2	CTTTTGAGGGTGAATTAACTGAAG	1
296	295	2	TTTTGAGGGTGAATTAACTGAAGA	1
297	296	2	TTTGAGGGTGAATTAACTGAAGAT	1
298	297	1	TTGAGGGTGAATTAACTGAAGATA	1
299	298	1	TGAGGGTGAATTAACTGAAGATAA	1
300	299	1	GAGGGTGAATTAACTGAAGATAAC	1
301	300	1	AGGGTGAATTAACTGAAGATAACA	1
302	301	1	GGGTGAATTAACTGAAGATAACAT	1
303	302	1	GGTGAATTAACTGAAGATAACATC	1
304	303	1	GTGAATTAACTGAAGATAACATCG	1
305	304	1	TGAATTAACTGAAGATAACATCGA	1
306	305	1	GAATTAACTGAAGATAACATCGAG	1
