Component 578
1	-1	0	GCAAGTCCCTTTGATTTATTGTGG	1
2	1	1	CAAGTCCCTTTGATTTATTGTGGT	1
3	2	1	AAGTCCCTTTGATTTATTGTGGTG	1
4	3	1	AGTCCCTTTGATTTATTGTGGTGT	1
5	4	1	GTCCCTTTGATTTATTGTGGTGTC	1
6	5	1	TCCCTTTGATTTATTGTGGTGTCA	1
7	6	1	CCCTTTGATTTATTGTGGTGTCAA	1
8	7	1	CCTTTGATTTATTGTGGTGTCAAG	1
9	8	1	CTTTGATTTATTGTGGTGTCAAGG	1
10	9	3	TTTGATTTATTGTGGTGTCAAGGG	1
11	10	3	TTGATTTATTGTGGTGTCAAGGGT	1
12	11	3	TGATTTATTGTGGTGTCAAGGGTT	1
13	12	3	GATTTATTGTGGTGTCAAGGGTTA	1
14	13	3	ATTTATTGTGGTGTCAAGGGTTAT	1
15	14	3	TTTATTGTGGTGTCAAGGGTTATC	1
16	15	3	TTATTGTGGTGTCAAGGGTTATCT	1
17	16	3	TATTGTGGTGTCAAGGGTTATCTC	1
18	17	3	ATTGTGGTGTCAAGGGTTATCTCG	1
19	18	3	TTGTGGTGTCAAGGGTTATCTCGA	1
20	19	3	TGTGGTGTCAAGGGTTATCTCGAT	1
21	20	3	GTGGTGTCAAGGGTTATCTCGATA	1
22	21	3	TGGTGTCAAGGGTTATCTCGATAA	1
23	22	3	GGTGTCAAGGGTTATCTCGATAAA	1
24	23	4	GTGTCAAGGGTTATCTCGATAAAA	1
25	24	4	TGTCAAGGGTTATCTCGATAAAAT	1
26	25	4	GTCAAGGGTTATCTCGATAAAATT	1
27	26	4	TCAAGGGTTATCTCGATAAAATTC	1
28	27	4	CAAGGGTTATCTCGATAAAATTCC	1
29	28	4	AAGGGTTATCTCGATAAAATTCCT	1
30	29	4	AGGGTTATCTCGATAAAATTCCTG	1
31	30	4	GGGTTATCTCGATAAAATTCCTGT	1
32	31	4	GGTTATCTCGATAAAATTCCTGTT	1
33	32	4	GTTATCTCGATAAAATTCCTGTTG	1
34	33	4	TTATCTCGATAAAATTCCTGTTGA	1
35	34	4	TATCTCGATAAAATTCCTGTTGAT	1
36	35	4	ATCTCGATAAAATTCCTGTTGATC	1
37	36	4	TCTCGATAAAATTCCTGTTGATCG	1
38	37	4	CTCGATAAAATTCCTGTTGATCGT	1
39	38	4	TCGATAAAATTCCTGTTGATCGTG	1
40	39	4	CGATAAAATTCCTGTTGATCGTGT	1
41	40	4	GATAAAATTCCTGTTGATCGTGTT	1
42	41	4	ATAAAATTCCTGTTGATCGTGTTG	1
43	42	4	TAAAATTCCTGTTGATCGTGTTGT	1
44	43	4	AAAATTCCTGTTGATCGTGTTGTT	1
45	44	4	AAATTCCTGTTGATCGTGTTGTTG	1
46	45	3	AATTCCTGTTGATCGTGTTGTTGA	1
47	46	3	ATTCCTGTTGATCGTGTTGTTGAA	1
48	47	3	TTCCTGTTGATCGTGTTGTTGAAT	1
49	48	3	TCCTGTTGATCGTGTTGTTGAATT	1
50	49	3	CCTGTTGATCGTGTTGTTGAATTT	1
51	50	3	CTGTTGATCGTGTTGTTGAATTTG	1
52	51	3	TGTTGATCGTGTTGTTGAATTTGA	1
53	52	3	GTTGATCGTGTTGTTGAATTTGAG	1
54	53	1	TTGATCGTGTTGTTGAATTTGAGC	1
55	54	1	TGATCGTGTTGTTGAATTTGAGCA	1
56	55	1	GATCGTGTTGTTGAATTTGAGCAC	1
57	56	1	ATCGTGTTGTTGAATTTGAGCACA	1
58	57	1	TCGTGTTGTTGAATTTGAGCACAA	1
59	58	1	CGTGTTGTTGAATTTGAGCACAAG	1
60	59	1	GTGTTGTTGAATTTGAGCACAAGT	1
61	60	1	TGTTGTTGAATTTGAGCACAAGTT	1
62	61	1	GTTGTTGAATTTGAGCACAAGTTT	1
63	62	1	TTGTTGAATTTGAGCACAAGTTTA	1
64	63	1	TGTTGAATTTGAGCACAAGTTTAT	1
65	64	1	GTTGAATTTGAGCACAAGTTTATC	1
66	65	1	TTGAATTTGAGCACAAGTTTATCC	1
67	66	1	TGAATTTGAGCACAAGTTTATCCC	1
68	-1	0	AAGGCCCATTAGCTATATGAGACT	1
69	68	2	AGGCCCATTAGCTATATGAGACTC	1
70	69	2	GGCCCATTAGCTATATGAGACTCT	1
71	70	2	GCCCATTAGCTATATGAGACTCTA	1
72	71	2	CCCATTAGCTATATGAGACTCTAT	1
73	72	3	CCATTAGCTATATGAGACTCTATC	1
74	73	3	CATTAGCTATATGAGACTCTATCC	1
75	74	3	ATTAGCTATATGAGACTCTATCCT	1
76	75	3	TTAGCTATATGAGACTCTATCCTT	1
77	76	3	TAGCTATATGAGACTCTATCCTTT	1
78	77	3	AGCTATATGAGACTCTATCCTTTA	1
79	78	3	GCTATATGAGACTCTATCCTTTAT	1
80	79	3	CTATATGAGACTCTATCCTTTATC	1
81	80	3	TATATGAGACTCTATCCTTTATCA	1
82	81	3	ATATGAGACTCTATCCTTTATCAT	1
83	82	3	TATGAGACTCTATCCTTTATCATT	1
84	83	3	ATGAGACTCTATCCTTTATCATTA	1
85	84	3	TGAGACTCTATCCTTTATCATTAT	1
86	85	3	GAGACTCTATCCTTTATCATTATC	1
87	86	3	AGACTCTATCCTTTATCATTATCA	1
88	87	3	GACTCTATCCTTTATCATTATCAT	1
89	88	3	ACTCTATCCTTTATCATTATCATG	1
90	89	3	CTCTATCCTTTATCATTATCATGA	1
91	90	3	TCTATCCTTTATCATTATCATGAA	1
92	91	3	CTATCCTTTATCATTATCATGAAA	1
93	92	3	TATCCTTTATCATTATCATGAAAT	1
94	93	3	ATCCTTTATCATTATCATGAAATA	1
95	94	3	TCCTTTATCATTATCATGAAATAA	1
96	95	3	CCTTTATCATTATCATGAAATAAA	1
97	96	3	CTTTATCATTATCATGAAATAAAT	1
98	97	3	TTTATCATTATCATGAAATAAATT	1
99	98	3	TTATCATTATCATGAAATAAATTT	1
100	99	3	TATCATTATCATGAAATAAATTTA	1
101	100	3	ATCATTATCATGAAATAAATTTAA	1
102	101	3	TCATTATCATGAAATAAATTTAAC	1
103	102	3	CATTATCATGAAATAAATTTAACT	1
104	103	3	ATTATCATGAAATAAATTTAACTA	1
105	104	3	TTATCATGAAATAAATTTAACTAC	1
106	105	3	TATCATGAAATAAATTTAACTACT	1
107	106	3	ATCATGAAATAAATTTAACTACTT	1
108	107	3	TCATGAAATAAATTTAACTACTTT	1
109	108	4	CATGAAATAAATTTAACTACTTTT	1
110	109	6	ATGAAATAAATTTAACTACTTTTC	1
111	110	6	TGAAATAAATTTAACTACTTTTCC	1
112	111	6	GAAATAAATTTAACTACTTTTCCG	1
113	112	3	AAATAAATTTAACTACTTTTCCGA	1
114	113	3	AATAAATTTAACTACTTTTCCGAC	1
115	114	3	ATAAATTTAACTACTTTTCCGACA	1
116	115	3	TAAATTTAACTACTTTTCCGACAA	1
117	116	3	AAATTTAACTACTTTTCCGACAAA	1
118	117	3	AATTTAACTACTTTTCCGACAAAT	1
119	118	3	ATTTAACTACTTTTCCGACAAATT	1
120	119	3	TTTAACTACTTTTCCGACAAATTA	1
121	120	3	TTAACTACTTTTCCGACAAATTAC	1
122	121	3	TAACTACTTTTCCGACAAATTACA	1
123	122	3	AACTACTTTTCCGACAAATTACAG	1
124	123	3	ACTACTTTTCCGACAAATTACAGT	1
125	124	3	CTACTTTTCCGACAAATTACAGTT	1
126	125	3	TACTTTTCCGACAAATTACAGTTA	1
127	126	3	ACTTTTCCGACAAATTACAGTTAT	1
128	127	3	CTTTTCCGACAAATTACAGTTATT	1
129	128	3	TTTTCCGACAAATTACAGTTATTA	1
130	129	3	TTTCCGACAAATTACAGTTATTAG	1
131	130	3	TTCCGACAAATTACAGTTATTAGG	1
132	131	3	TCCGACAAATTACAGTTATTAGGC	1
133	132	3	CCGACAAATTACAGTTATTAGGCC	1
134	133	3	CGACAAATTACAGTTATTAGGCCG	1
135	134	3	GACAAATTACAGTTATTAGGCCGA	1
136	135	3	ACAAATTACAGTTATTAGGCCGAT	1
137	136	3	CAAATTACAGTTATTAGGCCGATC	1
138	137	3	AAATTACAGTTATTAGGCCGATCC	1
139	138	3	AATTACAGTTATTAGGCCGATCCA	1
140	139	3	ATTACAGTTATTAGGCCGATCCAT	1
141	140	3	TTACAGTTATTAGGCCGATCCATA	1
142	141	3	TACAGTTATTAGGCCGATCCATAT	1
143	142	3	ACAGTTATTAGGCCGATCCATATT	1
144	143	3	CAGTTATTAGGCCGATCCATATTT	1
145	144	3	AGTTATTAGGCCGATCCATATTTG	1
146	145	3	GTTATTAGGCCGATCCATATTTGT	1
147	146	3	TTATTAGGCCGATCCATATTTGTA	1
148	147	3	TATTAGGCCGATCCATATTTGTAC	1
149	148	3	ATTAGGCCGATCCATATTTGTACT	1
150	149	3	TTAGGCCGATCCATATTTGTACTC	1
151	150	3	TAGGCCGATCCATATTTGTACTCG	1
152	151	1	AGGCCGATCCATATTTGTACTCGT	1
153	152	1	GGCCGATCCATATTTGTACTCGTC	1
154	-1	0	GATGAAAGCAAGAAACTATACTGT	1
155	154	2	ATGAAAGCAAGAAACTATACTGTG	1
156	155	2	TGAAAGCAAGAAACTATACTGTGT	1
157	156	2	GAAAGCAAGAAACTATACTGTGTT	1
158	157	2	AAAGCAAGAAACTATACTGTGTTT	1
159	158	2	AAGCAAGAAACTATACTGTGTTTA	1
160	159	2	AGCAAGAAACTATACTGTGTTTAT	1
161	160	2	GCAAGAAACTATACTGTGTTTATG	1
162	161	2	CAAGAAACTATACTGTGTTTATGT	1
163	162	2	AAGAAACTATACTGTGTTTATGTT	1
164	163	2	AGAAACTATACTGTGTTTATGTTG	1
165	164	2	GAAACTATACTGTGTTTATGTTGC	1
166	165	2	AAACTATACTGTGTTTATGTTGCT	1
167	166	2	AACTATACTGTGTTTATGTTGCTG	1
168	167	2	ACTATACTGTGTTTATGTTGCTGT	1
169	168	2	CTATACTGTGTTTATGTTGCTGTC	1
170	169	2	TATACTGTGTTTATGTTGCTGTCG	1
171	170	2	ATACTGTGTTTATGTTGCTGTCGG	1
172	171	2	TACTGTGTTTATGTTGCTGTCGGT	1
173	172	2	ACTGTGTTTATGTTGCTGTCGGTC	1
174	173	2	CTGTGTTTATGTTGCTGTCGGTCA	1
175	174	2	TGTGTTTATGTTGCTGTCGGTCAA	1
176	175	2	GTGTTTATGTTGCTGTCGGTCAAA	1
177	176	2	TGTTTATGTTGCTGTCGGTCAAAA	1
178	177	2	GTTTATGTTGCTGTCGGTCAAAAA	1
179	178	2	TTTATGTTGCTGTCGGTCAAAAAC	1
180	179	2	TTATGTTGCTGTCGGTCAAAAACG	1
181	180	2	TATGTTGCTGTCGGTCAAAAACGT	1
182	181	2	ATGTTGCTGTCGGTCAAAAACGTT	1
183	182	2	TGTTGCTGTCGGTCAAAAACGTTC	1
184	183	2	GTTGCTGTCGGTCAAAAACGTTCC	1
185	184	2	TTGCTGTCGGTCAAAAACGTTCCA	1
186	185	2	TGCTGTCGGTCAAAAACGTTCCAC	1
187	186	2	GCTGTCGGTCAAAAACGTTCCACC	1
188	187	2	CTGTCGGTCAAAAACGTTCCACCG	1
189	188	3	TGTCGGTCAAAAACGTTCCACCGT	1
190	189	3	GTCGGTCAAAAACGTTCCACCGTC	1
191	190	3	TCGGTCAAAAACGTTCCACCGTCG	1
192	191	3	CGGTCAAAAACGTTCCACCGTCGC	1
193	192	3	GGTCAAAAACGTTCCACCGTCGCC	1
194	193	3	GTCAAAAACGTTCCACCGTCGCCC	1
195	194	3	TCAAAAACGTTCCACCGTCGCCCA	1
196	195	3	CAAAAACGTTCCACCGTCGCCCAG	1
197	196	3	AAAAACGTTCCACCGTCGCCCAGT	1
198	197	3	AAAACGTTCCACCGTCGCCCAGTT	1
199	198	1	AAACGTTCCACCGTCGCCCAGTTA	1
200	199	1	AACGTTCCACCGTCGCCCAGTTAG	1
201	200	1	ACGTTCCACCGTCGCCCAGTTAGT	1
202	201	1	CGTTCCACCGTCGCCCAGTTAGTT	1
203	202	1	GTTCCACCGTCGCCCAGTTAGTTC	1
204	203	1	TTCCACCGTCGCCCAGTTAGTTCA	1
205	204	1	TCCACCGTCGCCCAGTTAGTTCAA	1
206	205	1	CCACCGTCGCCCAGTTAGTTCAAA	1
207	206	1	CACCGTCGCCCAGTTAGTTCAAAA	1
208	207	1	ACCGTCGCCCAGTTAGTTCAAAAA	1
209	208	1	CCGTCGCCCAGTTAGTTCAAAAAC	1
210	209	1	CGTCGCCCAGTTAGTTCAAAAACT	1
211	210	1	GTCGCCCAGTTAGTTCAAAAACTA	1
212	211	1	TCGCCCAGTTAGTTCAAAAACTAG	1
213	212	1	CGCCCAGTTAGTTCAAAAACTAGA	1
214	213	1	GCCCAGTTAGTTCAAAAACTAGAA	1
215	214	1	CCCAGTTAGTTCAAAAACTAGAAG	1
216	215	1	CCAGTTAGTTCAAAAACTAGAAGA	1
217	216	1	CAGTTAGTTCAAAAACTAGAAGAG	1
218	217	1	AGTTAGTTCAAAAACTAGAAGAGA	1
219	218	1	GTTAGTTCAAAAACTAGAAGAGAA	1
220	219	1	TTAGTTCAAAAACTAGAAGAGAAT	1
221	220	1	TAGTTCAAAAACTAGAAGAGAATG	1
222	221	1	AGTTCAAAAACTAGAAGAGAATGA	1
223	222	1	GTTCAAAAACTAGAAGAGAATGAT	1
224	223	1	TTCAAAAACTAGAAGAGAATGATT	1
225	224	1	TCAAAAACTAGAAGAGAATGATTC	1
226	225	1	CAAAAACTAGAAGAGAATGATTCC	1
227	226	2	AAAAACTAGAAGAGAATGATTCCT	1
228	227	3	AAAACTAGAAGAGAATGATTCCTT	1
229	228	3	AAACTAGAAGAGAATGATTCCTTA	1
230	229	3	AACTAGAAGAGAATGATTCCTTAA	1
231	230	3	ACTAGAAGAGAATGATTCCTTAAA	1
232	231	3	CTAGAAGAGAATGATTCCTTAAAA	1
233	232	2	TAGAAGAGAATGATTCCTTAAAAT	1
234	233	2	AGAAGAGAATGATTCCTTAAAATA	1
235	234	2	GAAGAGAATGATTCCTTAAAATAC	1
236	235	2	AAGAGAATGATTCCTTAAAATACT	1
237	236	2	AGAGAATGATTCCTTAAAATACTC	1
238	237	2	GAGAATGATTCCTTAAAATACTCT	1
239	238	2	AGAATGATTCCTTAAAATACTCTA	1
240	239	2	GAATGATTCCTTAAAATACTCTAT	1
241	240	2	AATGATTCCTTAAAATACTCTATT	1
242	241	3	ATGATTCCTTAAAATACTCTATTA	1
243	242	3	TGATTCCTTAAAATACTCTATTAT	1
244	243	3	GATTCCTTAAAATACTCTATTATT	1
245	244	3	ATTCCTTAAAATACTCTATTATTG	1
246	245	3	TTCCTTAAAATACTCTATTATTGT	1
247	246	3	TCCTTAAAATACTCTATTATTGTT	1
248	247	3	CCTTAAAATACTCTATTATTGTTG	1
249	248	4	CTTAAAATACTCTATTATTGTTGC	1
250	249	4	TTAAAATACTCTATTATTGTTGCT	1
251	250	4	TAAAATACTCTATTATTGTTGCTG	1
252	251	4	AAAATACTCTATTATTGTTGCTGC	1
253	252	4	AAATACTCTATTATTGTTGCTGCT	1
254	253	4	AATACTCTATTATTGTTGCTGCTA	1
255	254	4	ATACTCTATTATTGTTGCTGCTAC	1
256	255	4	TACTCTATTATTGTTGCTGCTACC	1
257	256	4	ACTCTATTATTGTTGCTGCTACCG	1
258	257	4	CTCTATTATTGTTGCTGCTACCGC	1
259	258	4	TCTATTATTGTTGCTGCTACCGCT	1
260	259	4	CTATTATTGTTGCTGCTACCGCTT	1
261	260	4	TATTATTGTTGCTGCTACCGCTTC	1
262	261	4	ATTATTGTTGCTGCTACCGCTTCC	1
263	262	4	TTATTGTTGCTGCTACCGCTTCCG	1
264	263	3	TATTGTTGCTGCTACCGCTTCCGA	1
265	264	3	ATTGTTGCTGCTACCGCTTCCGAA	1
266	265	3	TTGTTGCTGCTACCGCTTCCGAAA	1
267	266	3	TGTTGCTGCTACCGCTTCCGAAAG	1
268	267	3	GTTGCTGCTACCGCTTCCGAAAGT	1
269	268	3	TTGCTGCTACCGCTTCCGAAAGTG	1
270	269	3	TGCTGCTACCGCTTCCGAAAGTGC	1
271	270	2	GCTGCTACCGCTTCCGAAAGTGCT	1
272	271	2	CTGCTACCGCTTCCGAAAGTGCTC	1
273	272	2	TGCTACCGCTTCCGAAAGTGCTCC	1
274	273	2	GCTACCGCTTCCGAAAGTGCTCCC	1
275	274	2	CTACCGCTTCCGAAAGTGCTCCCT	1
276	275	3	TACCGCTTCCGAAAGTGCTCCCTT	1
277	276	3	ACCGCTTCCGAAAGTGCTCCCTTA	1
278	277	3	CCGCTTCCGAAAGTGCTCCCTTAC	1
279	278	4	CGCTTCCGAAAGTGCTCCCTTACA	1
280	279	4	GCTTCCGAAAGTGCTCCCTTACAG	1
281	280	4	CTTCCGAAAGTGCTCCCTTACAGT	1
282	281	4	TTCCGAAAGTGCTCCCTTACAGTA	1
283	282	4	TCCGAAAGTGCTCCCTTACAGTAT	1
284	283	4	CCGAAAGTGCTCCCTTACAGTATC	1
285	284	4	CGAAAGTGCTCCCTTACAGTATCT	1
286	285	5	GAAAGTGCTCCCTTACAGTATCTC	1
287	286	5	AAAGTGCTCCCTTACAGTATCTCG	1
288	287	5	AAGTGCTCCCTTACAGTATCTCGC	1
289	288	5	AGTGCTCCCTTACAGTATCTCGCT	1
290	289	5	GTGCTCCCTTACAGTATCTCGCTC	1
291	290	5	TGCTCCCTTACAGTATCTCGCTCC	1
292	291	5	GCTCCCTTACAGTATCTCGCTCCT	1
293	292	4	CTCCCTTACAGTATCTCGCTCCTT	1
294	293	4	TCCCTTACAGTATCTCGCTCCTTT	1
295	294	4	CCCTTACAGTATCTCGCTCCTTTC	1
296	295	4	CCTTACAGTATCTCGCTCCTTTCT	1
297	296	4	CTTACAGTATCTCGCTCCTTTCTC	1
298	297	4	TTACAGTATCTCGCTCCTTTCTCG	1
299	298	4	TACAGTATCTCGCTCCTTTCTCGG	1
300	299	4	ACAGTATCTCGCTCCTTTCTCGGG	1
301	300	4	CAGTATCTCGCTCCTTTCTCGGGT	1
302	301	4	AGTATCTCGCTCCTTTCTCGGGTT	1
303	302	4	GTATCTCGCTCCTTTCTCGGGTTG	1
304	303	4	TATCTCGCTCCTTTCTCGGGTTGT	1
305	304	4	ATCTCGCTCCTTTCTCGGGTTGTG	1
306	305	4	TCTCGCTCCTTTCTCGGGTTGTGC	1
307	306	4	CTCGCTCCTTTCTCGGGTTGTGCT	1
308	307	4	TCGCTCCTTTCTCGGGTTGTGCTA	1
309	308	4	CGCTCCTTTCTCGGGTTGTGCTAT	1
310	309	4	GCTCCTTTCTCGGGTTGTGCTATG	1
311	310	6	CTCCTTTCTCGGGTTGTGCTATGG	1
312	311	6	TCCTTTCTCGGGTTGTGCTATGGG	1
313	312	6	CCTTTCTCGGGTTGTGCTATGGGT	1
314	313	6	CTTTCTCGGGTTGTGCTATGGGTG	1
315	314	6	TTTCTCGGGTTGTGCTATGGGTGA	1
316	315	6	TTCTCGGGTTGTGCTATGGGTGAA	1
317	316	6	TCTCGGGTTGTGCTATGGGTGAAT	1
318	317	6	CTCGGGTTGTGCTATGGGTGAATG	1
319	318	6	TCGGGTTGTGCTATGGGTGAATGG	1
320	319	5	CGGGTTGTGCTATGGGTGAATGGT	1
321	320	5	GGGTTGTGCTATGGGTGAATGGTT	1
322	321	5	GGTTGTGCTATGGGTGAATGGTTC	1
323	322	4	GTTGTGCTATGGGTGAATGGTTCC	1
324	323	4	TTGTGCTATGGGTGAATGGTTCCG	1
325	324	4	TGTGCTATGGGTGAATGGTTCCGT	1
326	325	4	GTGCTATGGGTGAATGGTTCCGTG	1
327	326	4	TGCTATGGGTGAATGGTTCCGTGA	1
328	327	4	GCTATGGGTGAATGGTTCCGTGAT	1
329	328	4	CTATGGGTGAATGGTTCCGTGATA	1
330	329	2	TATGGGTGAATGGTTCCGTGATAA	1
331	330	2	ATGGGTGAATGGTTCCGTGATAAT	1
332	331	3	TGGGTGAATGGTTCCGTGATAATG	1
333	332	3	GGGTGAATGGTTCCGTGATAATGG	1
334	333	3	GGTGAATGGTTCCGTGATAATGGT	1
335	334	3	GTGAATGGTTCCGTGATAATGGTA	1
336	335	3	TGAATGGTTCCGTGATAATGGTAA	1
337	336	3	GAATGGTTCCGTGATAATGGTAAA	1
338	337	3	AATGGTTCCGTGATAATGGTAAAC	1
339	338	3	ATGGTTCCGTGATAATGGTAAACA	1
340	339	3	TGGTTCCGTGATAATGGTAAACAC	1
341	340	3	GGTTCCGTGATAATGGTAAACACG	1
342	341	4	GTTCCGTGATAATGGTAAACACGG	1
343	342	4	TTCCGTGATAATGGTAAACACGGT	1
344	343	4	TCCGTGATAATGGTAAACACGGTT	1
345	344	4	CCGTGATAATGGTAAACACGGTTT	1
346	345	4	CGTGATAATGGTAAACACGGTTTG	1
347	346	4	GTGATAATGGTAAACACGGTTTGG	1
348	347	4	TGATAATGGTAAACACGGTTTGGT	1
349	348	4	GATAATGGTAAACACGGTTTGGTT	1
350	349	4	ATAATGGTAAACACGGTTTGGTTG	1
351	350	4	TAATGGTAAACACGGTTTGGTTGT	1
352	351	4	AATGGTAAACACGGTTTGGTTGTT	1
353	352	4	ATGGTAAACACGGTTTGGTTGTTT	1
354	353	4	TGGTAAACACGGTTTGGTTGTTTA	1
355	354	2	GGTAAACACGGTTTGGTTGTTTAT	1
356	355	2	GTAAACACGGTTTGGTTGTTTATG	1
357	356	2	TAAACACGGTTTGGTTGTTTATGA	1
358	357	2	AAACACGGTTTGGTTGTTTATGAT	1
359	358	2	AACACGGTTTGGTTGTTTATGATG	1
360	359	2	ACACGGTTTGGTTGTTTATGATGA	1
361	360	2	CACGGTTTGGTTGTTTATGATGAT	1
362	361	2	ACGGTTTGGTTGTTTATGATGATC	1
363	362	2	CGGTTTGGTTGTTTATGATGATCT	1
364	363	3	GGTTTGGTTGTTTATGATGATCTT	1
365	364	3	GTTTGGTTGTTTATGATGATCTTT	1
366	365	3	TTTGGTTGTTTATGATGATCTTTC	1
367	366	3	TTGGTTGTTTATGATGATCTTTCC	1
368	367	3	TGGTTGTTTATGATGATCTTTCCA	1
369	368	3	GGTTGTTTATGATGATCTTTCCAA	1
370	369	3	GTTGTTTATGATGATCTTTCCAAG	1
371	370	3	TTGTTTATGATGATCTTTCCAAGC	1
372	371	4	TGTTTATGATGATCTTTCCAAGCA	1
373	372	4	GTTTATGATGATCTTTCCAAGCAG	1
374	373	4	TTTATGATGATCTTTCCAAGCAGG	1
375	374	5	TTATGATGATCTTTCCAAGCAGGC	1
376	375	4	TATGATGATCTTTCCAAGCAGGCT	1
377	376	4	ATGATGATCTTTCCAAGCAGGCTG	1
378	377	4	TGATGATCTTTCCAAGCAGGCTGT	1
379	378	4	GATGATCTTTCCAAGCAGGCTGTC	1
380	379	4	ATGATCTTTCCAAGCAGGCTGTCG	1
381	380	4	TGATCTTTCCAAGCAGGCTGTCGC	1
382	381	4	GATCTTTCCAAGCAGGCTGTCGCT	1
383	382	4	ATCTTTCCAAGCAGGCTGTCGCTT	1
384	383	4	TCTTTCCAAGCAGGCTGTCGCTTA	1
385	384	4	CTTTCCAAGCAGGCTGTCGCTTAC	1
386	385	3	TTTCCAAGCAGGCTGTCGCTTACC	1
387	386	3	TTCCAAGCAGGCTGTCGCTTACCG	1
388	387	3	TCCAAGCAGGCTGTCGCTTACCGT	1
389	388	3	CCAAGCAGGCTGTCGCTTACCGTC	1
390	389	3	CAAGCAGGCTGTCGCTTACCGTCA	1
391	390	3	AAGCAGGCTGTCGCTTACCGTCAA	1
392	391	3	AGCAGGCTGTCGCTTACCGTCAAA	1
393	392	3	GCAGGCTGTCGCTTACCGTCAAAT	1
394	393	3	CAGGCTGTCGCTTACCGTCAAATG	1
395	394	3	AGGCTGTCGCTTACCGTCAAATGT	1
396	395	3	GGCTGTCGCTTACCGTCAAATGTC	1
397	396	3	GCTGTCGCTTACCGTCAAATGTCT	1
398	397	3	CTGTCGCTTACCGTCAAATGTCTC	1
399	398	3	TGTCGCTTACCGTCAAATGTCTCT	1
400	399	3	GTCGCTTACCGTCAAATGTCTCTT	1
401	400	3	TCGCTTACCGTCAAATGTCTCTTC	1
402	401	3	CGCTTACCGTCAAATGTCTCTTCT	1
403	402	4	GCTTACCGTCAAATGTCTCTTCTA	1
404	403	5	CTTACCGTCAAATGTCTCTTCTAT	1
405	404	6	TTACCGTCAAATGTCTCTTCTATT	1
406	405	6	TACCGTCAAATGTCTCTTCTATTA	1
407	406	6	ACCGTCAAATGTCTCTTCTATTAC	1
408	407	5	CCGTCAAATGTCTCTTCTATTACG	1
409	408	5	CGTCAAATGTCTCTTCTATTACGT	1
410	409	5	GTCAAATGTCTCTTCTATTACGTC	1
411	410	5	TCAAATGTCTCTTCTATTACGTCG	1
412	411	5	CAAATGTCTCTTCTATTACGTCGT	1
413	412	5	AAATGTCTCTTCTATTACGTCGTC	1
414	413	5	AATGTCTCTTCTATTACGTCGTCC	1
415	414	4	ATGTCTCTTCTATTACGTCGTCCT	1
416	415	4	TGTCTCTTCTATTACGTCGTCCTC	1
417	416	4	GTCTCTTCTATTACGTCGTCCTCC	1
418	417	4	TCTCTTCTATTACGTCGTCCTCCT	1
419	418	5	CTCTTCTATTACGTCGTCCTCCTG	1
420	419	5	TCTTCTATTACGTCGTCCTCCTGG	1
421	420	5	CTTCTATTACGTCGTCCTCCTGGT	1
422	421	5	TTCTATTACGTCGTCCTCCTGGTC	1
423	422	5	TCTATTACGTCGTCCTCCTGGTCG	1
424	423	5	CTATTACGTCGTCCTCCTGGTCGT	1
425	424	5	TATTACGTCGTCCTCCTGGTCGTG	1
426	425	5	ATTACGTCGTCCTCCTGGTCGTGA	1
427	426	5	TTACGTCGTCCTCCTGGTCGTGAG	1
428	427	5	TACGTCGTCCTCCTGGTCGTGAGG	1
429	428	5	ACGTCGTCCTCCTGGTCGTGAGGC	1
430	429	5	CGTCGTCCTCCTGGTCGTGAGGCT	1
431	430	5	GTCGTCCTCCTGGTCGTGAGGCTT	1
432	431	5	TCGTCCTCCTGGTCGTGAGGCTTA	1
433	432	5	CGTCCTCCTGGTCGTGAGGCTTAC	1
434	433	5	GTCCTCCTGGTCGTGAGGCTTACC	1
435	434	5	TCCTCCTGGTCGTGAGGCTTACCC	1
436	435	5	CCTCCTGGTCGTGAGGCTTACCCT	1
437	436	5	CTCCTGGTCGTGAGGCTTACCCTG	1
438	437	5	TCCTGGTCGTGAGGCTTACCCTGG	1
439	438	5	CCTGGTCGTGAGGCTTACCCTGGT	1
440	439	6	CTGGTCGTGAGGCTTACCCTGGTG	1
441	440	7	TGGTCGTGAGGCTTACCCTGGTGA	1
442	441	7	GGTCGTGAGGCTTACCCTGGTGAT	1
443	442	7	GTCGTGAGGCTTACCCTGGTGATG	1
444	443	7	TCGTGAGGCTTACCCTGGTGATGT	1
445	444	7	CGTGAGGCTTACCCTGGTGATGTT	1
446	445	7	GTGAGGCTTACCCTGGTGATGTTT	1
447	446	6	TGAGGCTTACCCTGGTGATGTTTT	1
448	447	5	GAGGCTTACCCTGGTGATGTTTTC	1
449	448	4	AGGCTTACCCTGGTGATGTTTTCT	1
450	449	4	GGCTTACCCTGGTGATGTTTTCTA	1
451	450	4	GCTTACCCTGGTGATGTTTTCTAC	1
452	451	5	CTTACCCTGGTGATGTTTTCTACC	1
453	452	6	TTACCCTGGTGATGTTTTCTACCT	1
454	453	6	TACCCTGGTGATGTTTTCTACCTT	1
455	454	6	ACCCTGGTGATGTTTTCTACCTTC	1
456	455	6	CCCTGGTGATGTTTTCTACCTTCA	1
457	456	6	CCTGGTGATGTTTTCTACCTTCAT	1
458	457	6	CTGGTGATGTTTTCTACCTTCATT	1
459	458	6	TGGTGATGTTTTCTACCTTCATTC	1
460	459	6	GGTGATGTTTTCTACCTTCATTCC	1
461	460	6	GTGATGTTTTCTACCTTCATTCCC	1
462	461	6	TGATGTTTTCTACCTTCATTCCCG	1
463	462	5	GATGTTTTCTACCTTCATTCCCGT	1
464	463	6	ATGTTTTCTACCTTCATTCCCGTC	1
465	464	6	TGTTTTCTACCTTCATTCCCGTCT	1
466	465	6	GTTTTCTACCTTCATTCCCGTCTT	1
467	466	6	TTTTCTACCTTCATTCCCGTCTTT	1
468	467	6	TTTCTACCTTCATTCCCGTCTTTT	1
469	468	6	TTCTACCTTCATTCCCGTCTTTTG	1
470	469	6	TCTACCTTCATTCCCGTCTTTTGG	1
471	470	6	CTACCTTCATTCCCGTCTTTTGGA	1
472	471	6	TACCTTCATTCCCGTCTTTTGGAA	1
473	472	6	ACCTTCATTCCCGTCTTTTGGAAC	1
474	473	6	CCTTCATTCCCGTCTTTTGGAACG	1
475	474	6	CTTCATTCCCGTCTTTTGGAACGT	1
476	475	6	TTCATTCCCGTCTTTTGGAACGTG	1
477	476	6	TCATTCCCGTCTTTTGGAACGTGC	1
478	477	6	CATTCCCGTCTTTTGGAACGTGCT	1
479	478	6	ATTCCCGTCTTTTGGAACGTGCTG	1
480	479	6	TTCCCGTCTTTTGGAACGTGCTGC	1
481	480	6	TCCCGTCTTTTGGAACGTGCTGCC	1
482	481	6	CCCGTCTTTTGGAACGTGCTGCCA	1
483	482	6	CCGTCTTTTGGAACGTGCTGCCAA	1
484	483	5	CGTCTTTTGGAACGTGCTGCCAAG	1
485	484	4	GTCTTTTGGAACGTGCTGCCAAGA	1
486	485	4	TCTTTTGGAACGTGCTGCCAAGAT	1
487	486	4	CTTTTGGAACGTGCTGCCAAGATG	1
488	487	4	TTTTGGAACGTGCTGCCAAGATGT	1
489	488	4	TTTGGAACGTGCTGCCAAGATGTC	1
490	489	4	TTGGAACGTGCTGCCAAGATGTCT	1
491	490	4	TGGAACGTGCTGCCAAGATGTCTC	1
492	491	4	GGAACGTGCTGCCAAGATGTCTCC	1
493	492	4	GAACGTGCTGCCAAGATGTCTCCT	1
494	493	4	AACGTGCTGCCAAGATGTCTCCTA	1
495	494	4	ACGTGCTGCCAAGATGTCTCCTAA	1
496	495	3	CGTGCTGCCAAGATGTCTCCTAAA	1
497	496	2	GTGCTGCCAAGATGTCTCCTAAAC	1
498	497	2	TGCTGCCAAGATGTCTCCTAAACA	1
499	498	3	GCTGCCAAGATGTCTCCTAAACAC	1
500	499	3	CTGCCAAGATGTCTCCTAAACACG	1
501	500	3	TGCCAAGATGTCTCCTAAACACGG	1
502	501	3	GCCAAGATGTCTCCTAAACACGGT	1
503	502	3	CCAAGATGTCTCCTAAACACGGTG	1
504	503	4	CAAGATGTCTCCTAAACACGGTGG	1
505	504	4	AAGATGTCTCCTAAACACGGTGGT	1
506	505	4	AGATGTCTCCTAAACACGGTGGTG	1
507	506	3	GATGTCTCCTAAACACGGTGGTGG	1
508	507	2	ATGTCTCCTAAACACGGTGGTGGT	1
509	508	2	TGTCTCCTAAACACGGTGGTGGTT	1
510	509	2	GTCTCCTAAACACGGTGGTGGTTC	1
511	510	2	TCTCCTAAACACGGTGGTGGTTCT	1
512	511	2	CTCCTAAACACGGTGGTGGTTCTT	1
513	512	2	TCCTAAACACGGTGGTGGTTCTTT	1
514	513	2	CCTAAACACGGTGGTGGTTCTTTA	1
515	514	3	CTAAACACGGTGGTGGTTCTTTAA	1
516	515	3	TAAACACGGTGGTGGTTCTTTAAC	1
517	516	3	AAACACGGTGGTGGTTCTTTAACC	1
518	517	3	AACACGGTGGTGGTTCTTTAACCG	1
519	518	3	ACACGGTGGTGGTTCTTTAACCGC	1
520	519	3	CACGGTGGTGGTTCTTTAACCGCC	1
521	520	3	ACGGTGGTGGTTCTTTAACCGCCT	1
522	521	3	CGGTGGTGGTTCTTTAACCGCCTT	1
523	522	3	GGTGGTGGTTCTTTAACCGCCTTA	1
524	523	3	GTGGTGGTTCTTTAACCGCCTTAC	1
525	524	3	TGGTGGTTCTTTAACCGCCTTACC	1
526	525	3	GGTGGTTCTTTAACCGCCTTACCC	1
527	526	4	GTGGTTCTTTAACCGCCTTACCCG	1
528	527	4	TGGTTCTTTAACCGCCTTACCCGT	1
529	528	4	GGTTCTTTAACCGCCTTACCCGTT	1
530	529	4	GTTCTTTAACCGCCTTACCCGTTA	1
531	530	4	TTCTTTAACCGCCTTACCCGTTAT	1
532	531	4	TCTTTAACCGCCTTACCCGTTATC	1
533	532	4	CTTTAACCGCCTTACCCGTTATCG	1
534	533	4	TTTAACCGCCTTACCCGTTATCGA	1
535	534	4	TTAACCGCCTTACCCGTTATCGAA	1
536	535	4	TAACCGCCTTACCCGTTATCGAAA	1
537	536	4	AACCGCCTTACCCGTTATCGAAAC	1
538	537	5	ACCGCCTTACCCGTTATCGAAACT	1
539	538	5	CCGCCTTACCCGTTATCGAAACTC	1
540	539	5	CGCCTTACCCGTTATCGAAACTCA	1
541	540	5	GCCTTACCCGTTATCGAAACTCAA	1
542	541	5	CCTTACCCGTTATCGAAACTCAAG	1
543	542	4	CTTACCCGTTATCGAAACTCAAGG	1
544	543	4	TTACCCGTTATCGAAACTCAAGGT	1
545	544	4	TACCCGTTATCGAAACTCAAGGTG	1
546	545	4	ACCCGTTATCGAAACTCAAGGTGG	1
547	546	5	CCCGTTATCGAAACTCAAGGTGGT	1
548	547	3	CCGTTATCGAAACTCAAGGTGGTG	1
549	548	3	CGTTATCGAAACTCAAGGTGGTGA	1
550	549	3	GTTATCGAAACTCAAGGTGGTGAT	1
551	550	3	TTATCGAAACTCAAGGTGGTGATG	1
552	551	3	TATCGAAACTCAAGGTGGTGATGT	1
553	552	3	ATCGAAACTCAAGGTGGTGATGTC	1
554	553	3	TCGAAACTCAAGGTGGTGATGTCT	1
555	554	3	CGAAACTCAAGGTGGTGATGTCTC	1
556	555	3	GAAACTCAAGGTGGTGATGTCTCA	1
557	556	4	AAACTCAAGGTGGTGATGTCTCAG	1
558	557	4	AACTCAAGGTGGTGATGTCTCAGC	1
559	558	3	ACTCAAGGTGGTGATGTCTCAGCT	1
560	559	3	CTCAAGGTGGTGATGTCTCAGCTT	1
561	560	3	TCAAGGTGGTGATGTCTCAGCTTA	1
562	561	3	CAAGGTGGTGATGTCTCAGCTTAT	1
563	562	3	AAGGTGGTGATGTCTCAGCTTATA	1
564	563	3	AGGTGGTGATGTCTCAGCTTATAT	1
565	564	3	GGTGGTGATGTCTCAGCTTATATT	1
566	565	4	GTGGTGATGTCTCAGCTTATATTC	1
567	566	4	TGGTGATGTCTCAGCTTATATTCC	1
568	567	4	GGTGATGTCTCAGCTTATATTCCC	1
569	568	4	GTGATGTCTCAGCTTATATTCCCA	1
570	569	4	TGATGTCTCAGCTTATATTCCCAC	1
571	570	3	GATGTCTCAGCTTATATTCCCACT	1
572	571	3	ATGTCTCAGCTTATATTCCCACTA	1
573	572	3	TGTCTCAGCTTATATTCCCACTAA	1
574	573	3	GTCTCAGCTTATATTCCCACTAAC	1
575	574	3	TCTCAGCTTATATTCCCACTAACG	1
576	575	3	CTCAGCTTATATTCCCACTAACGT	1
577	576	3	TCAGCTTATATTCCCACTAACGTT	1
578	577	3	CAGCTTATATTCCCACTAACGTTA	1
579	578	3	AGCTTATATTCCCACTAACGTTAT	1
580	579	3	GCTTATATTCCCACTAACGTTATT	1
581	580	5	CTTATATTCCCACTAACGTTATTT	1
582	581	5	TTATATTCCCACTAACGTTATTTC	1
583	582	5	TATATTCCCACTAACGTTATTTCT	1
584	583	6	ATATTCCCACTAACGTTATTTCTA	1
585	584	6	TATTCCCACTAACGTTATTTCTAT	1
586	585	5	ATTCCCACTAACGTTATTTCTATT	1
587	586	6	TTCCCACTAACGTTATTTCTATTA	1
588	587	6	TCCCACTAACGTTATTTCTATTAC	1
589	588	6	CCCACTAACGTTATTTCTATTACT	1
590	589	6	CCACTAACGTTATTTCTATTACTG	1
591	590	4	CACTAACGTTATTTCTATTACTGA	1
592	591	5	ACTAACGTTATTTCTATTACTGAT	1
593	592	5	CTAACGTTATTTCTATTACTGATG	1
594	593	5	TAACGTTATTTCTATTACTGATGG	1
595	594	5	AACGTTATTTCTATTACTGATGGC	1
596	595	5	ACGTTATTTCTATTACTGATGGCC	1
597	596	5	CGTTATTTCTATTACTGATGGCCA	1
598	597	5	GTTATTTCTATTACTGATGGCCAA	1
599	598	5	TTATTTCTATTACTGATGGCCAAA	1
600	599	5	TATTTCTATTACTGATGGCCAAAT	1
601	600	4	ATTTCTATTACTGATGGCCAAATT	1
602	601	4	TTTCTATTACTGATGGCCAAATTT	1
603	602	4	TTCTATTACTGATGGCCAAATTTT	1
604	603	4	TCTATTACTGATGGCCAAATTTTC	1
605	604	4	CTATTACTGATGGCCAAATTTTCT	1
606	605	4	TATTACTGATGGCCAAATTTTCTT	1
607	606	4	ATTACTGATGGCCAAATTTTCTTG	1
608	607	4	TTACTGATGGCCAAATTTTCTTGG	1
609	608	4	TACTGATGGCCAAATTTTCTTGGA	1
610	609	4	ACTGATGGCCAAATTTTCTTGGAA	1
611	610	4	CTGATGGCCAAATTTTCTTGGAAT	1
612	611	4	TGATGGCCAAATTTTCTTGGAATC	1
613	612	4	GATGGCCAAATTTTCTTGGAATCT	1
614	613	4	ATGGCCAAATTTTCTTGGAATCTG	1
615	614	4	TGGCCAAATTTTCTTGGAATCTGA	1
616	615	4	GGCCAAATTTTCTTGGAATCTGAA	1
617	616	4	GCCAAATTTTCTTGGAATCTGAAC	1
618	617	4	CCAAATTTTCTTGGAATCTGAACT	1
619	618	4	CAAATTTTCTTGGAATCTGAACTT	1
620	619	4	AAATTTTCTTGGAATCTGAACTTT	1
621	620	4	AATTTTCTTGGAATCTGAACTTTT	1
622	621	4	ATTTTCTTGGAATCTGAACTTTTC	1
623	622	4	TTTTCTTGGAATCTGAACTTTTCT	1
624	623	4	TTTCTTGGAATCTGAACTTTTCTT	1
625	624	3	TTCTTGGAATCTGAACTTTTCTTT	1
626	625	3	TCTTGGAATCTGAACTTTTCTTTA	1
627	626	3	CTTGGAATCTGAACTTTTCTTTAA	1
628	627	2	TTGGAATCTGAACTTTTCTTTAAG	1
629	628	2	TGGAATCTGAACTTTTCTTTAAGG	1
630	629	2	GGAATCTGAACTTTTCTTTAAGGG	1
631	630	1	GAATCTGAACTTTTCTTTAAGGGT	1
632	631	1	AATCTGAACTTTTCTTTAAGGGTA	1
633	632	1	ATCTGAACTTTTCTTTAAGGGTAT	1
634	633	1	TCTGAACTTTTCTTTAAGGGTATC	1
635	634	1	CTGAACTTTTCTTTAAGGGTATCC	1
636	635	1	TGAACTTTTCTTTAAGGGTATCCG	1
637	636	1	GAACTTTTCTTTAAGGGTATCCGA	1
638	637	1	AACTTTTCTTTAAGGGTATCCGAC	1
639	638	1	ACTTTTCTTTAAGGGTATCCGACC	1
640	639	1	CTTTTCTTTAAGGGTATCCGACCT	1
641	640	1	TTTTCTTTAAGGGTATCCGACCTG	1
642	641	1	TTTCTTTAAGGGTATCCGACCTGC	1
643	642	1	TTCTTTAAGGGTATCCGACCTGCT	1
644	643	1	TCTTTAAGGGTATCCGACCTGCTA	1
645	644	2	CTTTAAGGGTATCCGACCTGCTAT	1
646	645	2	TTTAAGGGTATCCGACCTGCTATT	1
647	646	2	TTAAGGGTATCCGACCTGCTATTA	1
648	647	2	TAAGGGTATCCGACCTGCTATTAA	1
649	648	2	AAGGGTATCCGACCTGCTATTAAC	1
650	649	2	AGGGTATCCGACCTGCTATTAACG	1
651	650	2	GGGTATCCGACCTGCTATTAACGT	1
652	651	2	GGTATCCGACCTGCTATTAACGTT	1
653	652	2	GTATCCGACCTGCTATTAACGTTG	1
654	653	2	TATCCGACCTGCTATTAACGTTGG	1
655	654	2	ATCCGACCTGCTATTAACGTTGGT	1
656	655	2	TCCGACCTGCTATTAACGTTGGTC	1
657	656	2	CCGACCTGCTATTAACGTTGGTCT	1
658	657	2	CGACCTGCTATTAACGTTGGTCTT	1
659	658	2	GACCTGCTATTAACGTTGGTCTTT	1
660	659	2	ACCTGCTATTAACGTTGGTCTTTC	1
661	660	2	CCTGCTATTAACGTTGGTCTTTCA	1
662	661	2	CTGCTATTAACGTTGGTCTTTCAG	1
663	662	2	TGCTATTAACGTTGGTCTTTCAGT	1
664	663	2	GCTATTAACGTTGGTCTTTCAGTC	1
665	664	2	CTATTAACGTTGGTCTTTCAGTCT	1
666	665	2	TATTAACGTTGGTCTTTCAGTCTC	1
667	666	2	ATTAACGTTGGTCTTTCAGTCTCT	1
668	667	2	TTAACGTTGGTCTTTCAGTCTCTC	1
669	668	2	TAACGTTGGTCTTTCAGTCTCTCG	1
670	669	2	AACGTTGGTCTTTCAGTCTCTCGT	1
671	670	2	ACGTTGGTCTTTCAGTCTCTCGTG	1
672	671	2	CGTTGGTCTTTCAGTCTCTCGTGT	1
673	672	2	GTTGGTCTTTCAGTCTCTCGTGTC	1
674	673	2	TTGGTCTTTCAGTCTCTCGTGTCG	1
675	674	2	TGGTCTTTCAGTCTCTCGTGTCGG	1
676	675	2	GGTCTTTCAGTCTCTCGTGTCGGT	1
677	676	2	GTCTTTCAGTCTCTCGTGTCGGTT	1
678	677	2	TCTTTCAGTCTCTCGTGTCGGTTC	1
679	678	3	CTTTCAGTCTCTCGTGTCGGTTCC	1
680	679	2	TTTCAGTCTCTCGTGTCGGTTCCG	1
681	680	2	TTCAGTCTCTCGTGTCGGTTCCGC	1
682	681	2	TCAGTCTCTCGTGTCGGTTCCGCC	1
683	682	2	CAGTCTCTCGTGTCGGTTCCGCCG	1
684	683	2	AGTCTCTCGTGTCGGTTCCGCCGC	1
685	684	2	GTCTCTCGTGTCGGTTCCGCCGCC	1
686	685	2	TCTCTCGTGTCGGTTCCGCCGCCC	1
687	686	2	CTCTCGTGTCGGTTCCGCCGCCCA	1
688	687	6	TCTCGTGTCGGTTCCGCCGCCCAA	1
689	688	7	CTCGTGTCGGTTCCGCCGCCCAAG	1
690	689	7	TCGTGTCGGTTCCGCCGCCCAAGT	1
691	690	7	CGTGTCGGTTCCGCCGCCCAAGTC	1
692	691	9	GTGTCGGTTCCGCCGCCCAAGTCA	1
693	692	9	TGTCGGTTCCGCCGCCCAAGTCAA	1
694	693	9	GTCGGTTCCGCCGCCCAAGTCAAG	1
695	694	9	TCGGTTCCGCCGCCCAAGTCAAGG	1
696	695	9	CGGTTCCGCCGCCCAAGTCAAGGC	1
697	696	9	GGTTCCGCCGCCCAAGTCAAGGCC	1
698	697	9	GTTCCGCCGCCCAAGTCAAGGCCA	1
699	698	10	TTCCGCCGCCCAAGTCAAGGCCAT	1
700	699	10	TCCGCCGCCCAAGTCAAGGCCATG	1
701	700	10	CCGCCGCCCAAGTCAAGGCCATGA	1
702	701	10	CGCCGCCCAAGTCAAGGCCATGAA	1
703	702	11	GCCGCCCAAGTCAAGGCCATGAAA	1
704	703	11	CCGCCCAAGTCAAGGCCATGAAAC	1
705	704	11	CGCCCAAGTCAAGGCCATGAAACA	1
706	705	11	GCCCAAGTCAAGGCCATGAAACAA	1
707	706	11	CCCAAGTCAAGGCCATGAAACAAG	1
708	707	11	CCAAGTCAAGGCCATGAAACAAGT	1
709	708	11	CAAGTCAAGGCCATGAAACAAGTT	1
710	709	11	AAGTCAAGGCCATGAAACAAGTTG	1
711	710	11	AGTCAAGGCCATGAAACAAGTTGC	1
712	711	10	GTCAAGGCCATGAAACAAGTTGCT	1
713	712	10	TCAAGGCCATGAAACAAGTTGCTG	1
714	713	10	CAAGGCCATGAAACAAGTTGCTGG	1
715	714	10	AAGGCCATGAAACAAGTTGCTGGT	1
716	715	9	AGGCCATGAAACAAGTTGCTGGTC	1
717	716	9	GGCCATGAAACAAGTTGCTGGTCA	1
718	717	9	GCCATGAAACAAGTTGCTGGTCAA	1
719	718	9	CCATGAAACAAGTTGCTGGTCAAA	1
720	719	9	CATGAAACAAGTTGCTGGTCAAAT	1
721	720	9	ATGAAACAAGTTGCTGGTCAAATT	1
722	721	9	TGAAACAAGTTGCTGGTCAAATTA	1
723	722	9	GAAACAAGTTGCTGGTCAAATTAA	1
724	723	9	AAACAAGTTGCTGGTCAAATTAAA	1
725	724	9	AACAAGTTGCTGGTCAAATTAAAC	1
726	725	9	ACAAGTTGCTGGTCAAATTAAACT	1
727	726	9	CAAGTTGCTGGTCAAATTAAACTT	1
728	727	9	AAGTTGCTGGTCAAATTAAACTTT	1
729	728	10	AGTTGCTGGTCAAATTAAACTTTT	1
730	729	10	GTTGCTGGTCAAATTAAACTTTTC	1
731	730	10	TTGCTGGTCAAATTAAACTTTTCC	1
732	731	6	TGCTGGTCAAATTAAACTTTTCCT	1
733	732	4	GCTGGTCAAATTAAACTTTTCCTT	1
734	733	4	CTGGTCAAATTAAACTTTTCCTTG	1
735	734	4	TGGTCAAATTAAACTTTTCCTTGC	1
736	735	2	GGTCAAATTAAACTTTTCCTTGCC	1
737	736	2	GTCAAATTAAACTTTTCCTTGCCC	1
738	737	2	TCAAATTAAACTTTTCCTTGCCCA	1
739	738	2	CAAATTAAACTTTTCCTTGCCCAA	1
740	739	2	AAATTAAACTTTTCCTTGCCCAAT	1
741	740	2	AATTAAACTTTTCCTTGCCCAATA	1
742	741	2	ATTAAACTTTTCCTTGCCCAATAC	1
743	742	1	TTAAACTTTTCCTTGCCCAATACC	1
744	743	1	TAAACTTTTCCTTGCCCAATACCG	1
745	744	2	AAACTTTTCCTTGCCCAATACCGT	1
746	745	3	AACTTTTCCTTGCCCAATACCGTG	1
747	746	3	ACTTTTCCTTGCCCAATACCGTGA	1
748	747	3	CTTTTCCTTGCCCAATACCGTGAA	1
749	748	3	TTTTCCTTGCCCAATACCGTGAAG	1
750	749	3	TTTCCTTGCCCAATACCGTGAAGT	1
751	750	3	TTCCTTGCCCAATACCGTGAAGTT	1
752	751	3	TCCTTGCCCAATACCGTGAAGTTG	1
753	752	3	CCTTGCCCAATACCGTGAAGTTGC	1
754	753	3	CTTGCCCAATACCGTGAAGTTGCT	1
755	754	3	TTGCCCAATACCGTGAAGTTGCTT	1
756	755	3	TGCCCAATACCGTGAAGTTGCTTC	1
757	756	3	GCCCAATACCGTGAAGTTGCTTCA	1
758	757	3	CCCAATACCGTGAAGTTGCTTCAT	1
759	758	3	CCAATACCGTGAAGTTGCTTCATT	1
760	759	3	CAATACCGTGAAGTTGCTTCATTT	1
761	760	3	AATACCGTGAAGTTGCTTCATTTG	1
762	761	3	ATACCGTGAAGTTGCTTCATTTGC	1
763	762	3	TACCGTGAAGTTGCTTCATTTGCT	1
764	763	3	ACCGTGAAGTTGCTTCATTTGCTC	1
765	764	3	CCGTGAAGTTGCTTCATTTGCTCA	1
766	765	3	CGTGAAGTTGCTTCATTTGCTCAA	1
767	766	4	GTGAAGTTGCTTCATTTGCTCAAT	1
768	767	4	TGAAGTTGCTTCATTTGCTCAATT	1
769	768	4	GAAGTTGCTTCATTTGCTCAATTT	1
770	769	4	AAGTTGCTTCATTTGCTCAATTTG	1
771	770	4	AGTTGCTTCATTTGCTCAATTTGG	1
772	771	3	GTTGCTTCATTTGCTCAATTTGGA	1
773	772	2	TTGCTTCATTTGCTCAATTTGGAT	1
774	773	2	TGCTTCATTTGCTCAATTTGGATC	1
775	774	2	GCTTCATTTGCTCAATTTGGATCT	1
776	775	2	CTTCATTTGCTCAATTTGGATCTG	1
777	776	3	TTCATTTGCTCAATTTGGATCTGA	1
778	777	3	TCATTTGCTCAATTTGGATCTGAT	1
779	778	3	CATTTGCTCAATTTGGATCTGATT	1
780	779	3	ATTTGCTCAATTTGGATCTGATTT	1
781	780	3	TTTGCTCAATTTGGATCTGATTTG	1
782	781	3	TTGCTCAATTTGGATCTGATTTGG	1
783	782	3	TGCTCAATTTGGATCTGATTTGGA	1
784	783	3	GCTCAATTTGGATCTGATTTGGAT	1
785	784	3	CTCAATTTGGATCTGATTTGGATG	1
786	785	3	TCAATTTGGATCTGATTTGGATGC	1
787	786	3	CAATTTGGATCTGATTTGGATGCC	1
788	787	3	AATTTGGATCTGATTTGGATGCCG	1
789	788	2	ATTTGGATCTGATTTGGATGCCGG	1
790	789	2	TTTGGATCTGATTTGGATGCCGGT	1
791	790	3	TTGGATCTGATTTGGATGCCGGTA	1
792	791	3	TGGATCTGATTTGGATGCCGGTAC	1
793	792	3	GGATCTGATTTGGATGCCGGTACT	1
794	793	3	GATCTGATTTGGATGCCGGTACTC	1
795	794	3	ATCTGATTTGGATGCCGGTACTCG	1
796	795	3	TCTGATTTGGATGCCGGTACTCGT	1
797	796	3	CTGATTTGGATGCCGGTACTCGTG	1
798	797	3	TGATTTGGATGCCGGTACTCGTGC	1
799	798	3	GATTTGGATGCCGGTACTCGTGCC	1
800	799	3	ATTTGGATGCCGGTACTCGTGCCA	1
801	800	3	TTTGGATGCCGGTACTCGTGCCAC	1
802	801	3	TTGGATGCCGGTACTCGTGCCACT	1
803	802	3	TGGATGCCGGTACTCGTGCCACTT	1
804	803	3	GGATGCCGGTACTCGTGCCACTTT	1
805	804	3	GATGCCGGTACTCGTGCCACTTTA	1
806	805	3	ATGCCGGTACTCGTGCCACTTTAG	1
807	806	3	TGCCGGTACTCGTGCCACTTTAGA	1
808	807	3	GCCGGTACTCGTGCCACTTTAGAT	1
809	808	3	CCGGTACTCGTGCCACTTTAGATA	1
810	809	3	CGGTACTCGTGCCACTTTAGATAG	1
811	810	3	GGTACTCGTGCCACTTTAGATAGA	1
812	811	3	GTACTCGTGCCACTTTAGATAGAG	1
813	812	3	TACTCGTGCCACTTTAGATAGAGG	1
814	813	3	ACTCGTGCCACTTTAGATAGAGGT	1
815	814	3	CTCGTGCCACTTTAGATAGAGGTC	1
816	815	3	TCGTGCCACTTTAGATAGAGGTCT	1
817	816	3	CGTGCCACTTTAGATAGAGGTCTT	1
818	817	3	GTGCCACTTTAGATAGAGGTCTTC	1
819	818	4	TGCCACTTTAGATAGAGGTCTTCG	1
820	819	4	GCCACTTTAGATAGAGGTCTTCGC	1
821	820	3	CCACTTTAGATAGAGGTCTTCGCT	1
822	821	3	CACTTTAGATAGAGGTCTTCGCTT	1
823	822	3	ACTTTAGATAGAGGTCTTCGCTTG	1
824	823	3	CTTTAGATAGAGGTCTTCGCTTGA	1
825	824	3	TTTAGATAGAGGTCTTCGCTTGAC	1
826	825	4	TTAGATAGAGGTCTTCGCTTGACT	1
827	826	5	TAGATAGAGGTCTTCGCTTGACTG	1
828	827	5	AGATAGAGGTCTTCGCTTGACTGA	1
829	828	5	GATAGAGGTCTTCGCTTGACTGAG	1
830	829	5	ATAGAGGTCTTCGCTTGACTGAGC	1
831	830	5	TAGAGGTCTTCGCTTGACTGAGCT	1
832	831	5	AGAGGTCTTCGCTTGACTGAGCTT	1
833	832	5	GAGGTCTTCGCTTGACTGAGCTTC	1
834	833	5	AGGTCTTCGCTTGACTGAGCTTCT	1
835	834	4	GGTCTTCGCTTGACTGAGCTTCTT	1
836	835	4	GTCTTCGCTTGACTGAGCTTCTTA	1
837	836	4	TCTTCGCTTGACTGAGCTTCTTAA	1
838	837	4	CTTCGCTTGACTGAGCTTCTTAAA	1
839	838	4	TTCGCTTGACTGAGCTTCTTAAAC	1
840	839	4	TCGCTTGACTGAGCTTCTTAAACA	1
841	840	4	CGCTTGACTGAGCTTCTTAAACAA	1
842	841	5	GCTTGACTGAGCTTCTTAAACAAC	1
843	842	5	CTTGACTGAGCTTCTTAAACAACC	1
844	843	5	TTGACTGAGCTTCTTAAACAACCT	1
845	844	5	TGACTGAGCTTCTTAAACAACCTC	1
846	845	5	GACTGAGCTTCTTAAACAACCTCA	1
847	846	5	ACTGAGCTTCTTAAACAACCTCAG	1
848	847	5	CTGAGCTTCTTAAACAACCTCAGT	1
849	848	5	TGAGCTTCTTAAACAACCTCAGTA	1
850	849	5	GAGCTTCTTAAACAACCTCAGTAC	1
851	850	5	AGCTTCTTAAACAACCTCAGTACT	1
852	851	5	GCTTCTTAAACAACCTCAGTACTC	1
853	852	5	CTTCTTAAACAACCTCAGTACTCT	1
854	853	5	TTCTTAAACAACCTCAGTACTCTC	1
855	854	4	TCTTAAACAACCTCAGTACTCTCC	1
856	855	4	CTTAAACAACCTCAGTACTCTCCC	1
857	856	4	TTAAACAACCTCAGTACTCTCCCT	1
858	857	4	TAAACAACCTCAGTACTCTCCCTT	1
859	858	4	AAACAACCTCAGTACTCTCCCTTG	1
860	859	4	AACAACCTCAGTACTCTCCCTTGG	1
861	860	4	ACAACCTCAGTACTCTCCCTTGGC	1
862	861	4	CAACCTCAGTACTCTCCCTTGGCT	1
863	862	3	AACCTCAGTACTCTCCCTTGGCTG	1
864	863	3	ACCTCAGTACTCTCCCTTGGCTGT	1
865	864	3	CCTCAGTACTCTCCCTTGGCTGTT	1
866	865	3	CTCAGTACTCTCCCTTGGCTGTTG	1
867	866	3	TCAGTACTCTCCCTTGGCTGTTGA	1
868	867	3	CAGTACTCTCCCTTGGCTGTTGAA	1
869	868	3	AGTACTCTCCCTTGGCTGTTGAAG	1
870	869	2	GTACTCTCCCTTGGCTGTTGAAGA	1
871	870	1	TACTCTCCCTTGGCTGTTGAAGAG	1
872	871	1	ACTCTCCCTTGGCTGTTGAAGAGC	1
873	872	1	CTCTCCCTTGGCTGTTGAAGAGCA	1
874	873	1	TCTCCCTTGGCTGTTGAAGAGCAA	1
875	874	1	CTCCCTTGGCTGTTGAAGAGCAAT	1
876	875	1	TCCCTTGGCTGTTGAAGAGCAATT	1
877	876	1	CCCTTGGCTGTTGAAGAGCAATTC	1
878	877	1	CCTTGGCTGTTGAAGAGCAATTCC	1
879	878	1	CTTGGCTGTTGAAGAGCAATTCCC	1
880	879	1	TTGGCTGTTGAAGAGCAATTCCCT	1
881	880	1	TGGCTGTTGAAGAGCAATTCCCTT	1
882	881	1	GGCTGTTGAAGAGCAATTCCCTTT	1
883	882	1	GCTGTTGAAGAGCAATTCCCTTTG	1
884	883	1	CTGTTGAAGAGCAATTCCCTTTGA	1
885	884	1	TGTTGAAGAGCAATTCCCTTTGAT	1
886	-1	0	TTGAGCACAAGTTTATCCCTTATC	1
887	886	2	TGAGCACAAGTTTATCCCTTATCT	1
888	887	2	GAGCACAAGTTTATCCCTTATCTC	1
889	888	2	AGCACAAGTTTATCCCTTATCTCC	1
890	889	2	GCACAAGTTTATCCCTTATCTCCG	1
891	890	2	CACAAGTTTATCCCTTATCTCCGA	1
892	891	3	ACAAGTTTATCCCTTATCTCCGAA	1
893	892	3	CAAGTTTATCCCTTATCTCCGAAG	1
894	893	4	AAGTTTATCCCTTATCTCCGAAGC	1
895	894	5	AGTTTATCCCTTATCTCCGAAGCA	1
896	895	5	GTTTATCCCTTATCTCCGAAGCAG	1
897	896	5	TTTATCCCTTATCTCCGAAGCAGC	1
898	897	4	TTATCCCTTATCTCCGAAGCAGCG	1
899	898	4	TATCCCTTATCTCCGAAGCAGCGG	1
900	899	4	ATCCCTTATCTCCGAAGCAGCGGT	1
901	900	4	TCCCTTATCTCCGAAGCAGCGGTG	1
902	901	4	CCCTTATCTCCGAAGCAGCGGTGC	1
903	902	4	CCTTATCTCCGAAGCAGCGGTGCT	1
904	903	4	CTTATCTCCGAAGCAGCGGTGCTG	1
905	904	4	TTATCTCCGAAGCAGCGGTGCTGA	1
906	905	4	TATCTCCGAAGCAGCGGTGCTGAG	1
907	906	4	ATCTCCGAAGCAGCGGTGCTGAGA	1
908	907	4	TCTCCGAAGCAGCGGTGCTGAGAT	1
909	908	4	CTCCGAAGCAGCGGTGCTGAGATT	1
910	909	4	TCCGAAGCAGCGGTGCTGAGATTA	1
911	910	4	CCGAAGCAGCGGTGCTGAGATTAT	1
912	911	4	CGAAGCAGCGGTGCTGAGATTATG	1
913	912	4	GAAGCAGCGGTGCTGAGATTATGG	1
914	913	4	AAGCAGCGGTGCTGAGATTATGGA	1
915	914	4	AGCAGCGGTGCTGAGATTATGGAA	1
916	915	4	GCAGCGGTGCTGAGATTATGGAAG	1
917	916	4	CAGCGGTGCTGAGATTATGGAAGC	1
918	917	5	AGCGGTGCTGAGATTATGGAAGCT	1
919	918	5	GCGGTGCTGAGATTATGGAAGCTA	1
920	919	5	CGGTGCTGAGATTATGGAAGCTAT	1
921	920	5	GGTGCTGAGATTATGGAAGCTATT	1
922	921	5	GTGCTGAGATTATGGAAGCTATTC	1
923	922	7	TGCTGAGATTATGGAAGCTATTCG	1
924	923	7	GCTGAGATTATGGAAGCTATTCGT	1
925	924	7	CTGAGATTATGGAAGCTATTCGTA	1
926	925	7	TGAGATTATGGAAGCTATTCGTAA	1
927	926	7	GAGATTATGGAAGCTATTCGTAAG	1
928	927	7	AGATTATGGAAGCTATTCGTAAGG	1
929	928	6	GATTATGGAAGCTATTCGTAAGGA	1
930	929	6	ATTATGGAAGCTATTCGTAAGGAG	1
931	930	5	TTATGGAAGCTATTCGTAAGGAGG	1
932	931	5	TATGGAAGCTATTCGTAAGGAGGG	1
933	932	5	ATGGAAGCTATTCGTAAGGAGGGT	1
934	933	6	TGGAAGCTATTCGTAAGGAGGGTG	1
935	934	6	GGAAGCTATTCGTAAGGAGGGTGT	1
936	935	5	GAAGCTATTCGTAAGGAGGGTGTT	1
937	936	5	AAGCTATTCGTAAGGAGGGTGTTC	1
938	937	4	AGCTATTCGTAAGGAGGGTGTTCT	1
939	938	3	GCTATTCGTAAGGAGGGTGTTCTT	1
940	939	3	CTATTCGTAAGGAGGGTGTTCTTA	1
941	940	3	TATTCGTAAGGAGGGTGTTCTTAG	1
942	941	3	ATTCGTAAGGAGGGTGTTCTTAGC	1
943	942	3	TTCGTAAGGAGGGTGTTCTTAGCA	1
944	943	3	TCGTAAGGAGGGTGTTCTTAGCAA	1
945	944	3	CGTAAGGAGGGTGTTCTTAGCAAG	1
946	945	3	GTAAGGAGGGTGTTCTTAGCAAGA	1
947	946	3	TAAGGAGGGTGTTCTTAGCAAGAC	1
948	947	3	AAGGAGGGTGTTCTTAGCAAGACT	1
949	948	3	AGGAGGGTGTTCTTAGCAAGACTA	1
950	949	3	GGAGGGTGTTCTTAGCAAGACTAC	1
951	950	3	GAGGGTGTTCTTAGCAAGACTACC	1
952	951	3	AGGGTGTTCTTAGCAAGACTACCG	1
953	952	3	GGGTGTTCTTAGCAAGACTACCGA	1
954	953	3	GGTGTTCTTAGCAAGACTACCGAA	1
955	954	3	GTGTTCTTAGCAAGACTACCGAAG	1
956	955	3	TGTTCTTAGCAAGACTACCGAAGA	1
957	956	3	GTTCTTAGCAAGACTACCGAAGAC	1
958	957	3	TTCTTAGCAAGACTACCGAAGACT	1
959	958	3	TCTTAGCAAGACTACCGAAGACTC	1
960	959	3	CTTAGCAAGACTACCGAAGACTCC	1
961	960	3	TTAGCAAGACTACCGAAGACTCCC	1
962	961	2	TAGCAAGACTACCGAAGACTCCCT	1
963	962	2	AGCAAGACTACCGAAGACTCCCTG	1
964	963	2	GCAAGACTACCGAAGACTCCCTGA	1
965	964	2	CAAGACTACCGAAGACTCCCTGAA	1
966	965	2	AAGACTACCGAAGACTCCCTGAAG	1
967	966	1	AGACTACCGAAGACTCCCTGAAGG	1
968	967	1	GACTACCGAAGACTCCCTGAAGGC	1
969	968	1	ACTACCGAAGACTCCCTGAAGGCA	1
970	969	1	CTACCGAAGACTCCCTGAAGGCAG	1
971	970	1	TACCGAAGACTCCCTGAAGGCAGT	1
972	971	2	ACCGAAGACTCCCTGAAGGCAGTT	1
973	972	2	CCGAAGACTCCCTGAAGGCAGTTA	1
974	973	2	CGAAGACTCCCTGAAGGCAGTTAT	1
975	974	2	GAAGACTCCCTGAAGGCAGTTATT	1
976	975	2	AAGACTCCCTGAAGGCAGTTATTA	1
977	976	2	AGACTCCCTGAAGGCAGTTATTAA	1
978	977	1	GACTCCCTGAAGGCAGTTATTAAG	1
979	978	1	ACTCCCTGAAGGCAGTTATTAAGG	1
980	979	1	CTCCCTGAAGGCAGTTATTAAGGA	1
981	980	1	TCCCTGAAGGCAGTTATTAAGGAA	1
982	981	1	CCCTGAAGGCAGTTATTAAGGAAT	1
983	982	1	CCTGAAGGCAGTTATTAAGGAATT	1
984	983	1	CTGAAGGCAGTTATTAAGGAATTT	1
985	984	1	TGAAGGCAGTTATTAAGGAATTTT	1
986	985	1	GAAGGCAGTTATTAAGGAATTTTT	1
987	986	1	AAGGCAGTTATTAAGGAATTTTTA	1
988	987	1	AGGCAGTTATTAAGGAATTTTTAT	1
989	988	1	GGCAGTTATTAAGGAATTTTTATC	1
990	989	2	GCAGTTATTAAGGAATTTTTATCT	1
991	990	2	CAGTTATTAAGGAATTTTTATCTT	1
992	991	2	AGTTATTAAGGAATTTTTATCTTC	1
993	992	2	GTTATTAAGGAATTTTTATCTTCT	1
994	993	2	TTATTAAGGAATTTTTATCTTCTT	1
995	994	2	TATTAAGGAATTTTTATCTTCTTT	1
996	995	2	ATTAAGGAATTTTTATCTTCTTTC	1
997	996	2	TTAAGGAATTTTTATCTTCTTTCT	1
998	997	2	TAAGGAATTTTTATCTTCTTTCTA	1
999	998	2	AAGGAATTTTTATCTTCTTTCTAA	1
1000	999	2	AGGAATTTTTATCTTCTTTCTAAA	1
1001	1000	2	GGAATTTTTATCTTCTTTCTAAAC	1
1002	1001	2	GAATTTTTATCTTCTTTCTAAACT	1
1003	1002	2	AATTTTTATCTTCTTTCTAAACTT	1
1004	1003	2	ATTTTTATCTTCTTTCTAAACTTC	1
1005	1004	2	TTTTTATCTTCTTTCTAAACTTCT	1
1006	1005	2	TTTTATCTTCTTTCTAAACTTCTT	1
1007	1006	2	TTTATCTTCTTTCTAAACTTCTTC	1
1008	1007	2	TTATCTTCTTTCTAAACTTCTTCA	1
1009	1008	2	TATCTTCTTTCTAAACTTCTTCAA	1
1010	1009	2	ATCTTCTTTCTAAACTTCTTCAAT	1
1011	1010	2	TCTTCTTTCTAAACTTCTTCAATT	1
1012	1011	2	CTTCTTTCTAAACTTCTTCAATTC	1
1013	1012	2	TTCTTTCTAAACTTCTTCAATTCT	1
1014	1013	2	TCTTTCTAAACTTCTTCAATTCTG	1
1015	1014	2	CTTTCTAAACTTCTTCAATTCTGA	1
1016	1015	1	TTTCTAAACTTCTTCAATTCTGAT	1
1017	1016	1	TTCTAAACTTCTTCAATTCTGATT	1
1018	1017	1	TCTAAACTTCTTCAATTCTGATTT	1
1019	1018	1	CTAAACTTCTTCAATTCTGATTTA	1
1020	1019	1	TAAACTTCTTCAATTCTGATTTAA	1
1021	1020	1	AAACTTCTTCAATTCTGATTTAAA	1
1022	1021	1	AACTTCTTCAATTCTGATTTAAAG	1
1023	1022	1	ACTTCTTCAATTCTGATTTAAAGG	1
1024	1023	1	CTTCTTCAATTCTGATTTAAAGGC	1
1025	1024	1	TTCTTCAATTCTGATTTAAAGGCC	1
1026	1025	1	TCTTCAATTCTGATTTAAAGGCCC	1
1027	1026	1	CTTCAATTCTGATTTAAAGGCCCA	1
1028	1027	1	TTCAATTCTGATTTAAAGGCCCAT	1
1029	1028	1	TCAATTCTGATTTAAAGGCCCATT	1
1030	1029	1	CAATTCTGATTTAAAGGCCCATTA	1
1031	1030	1	AATTCTGATTTAAAGGCCCATTAG	1
1032	1031	1	ATTCTGATTTAAAGGCCCATTAGC	1
1033	1032	1	TTCTGATTTAAAGGCCCATTAGCT	1
