Component 581
1	-1	0	AAGACTGAAATTGTTGTTGAAAAG	1
2	1	1	AGACTGAAATTGTTGTTGAAAAGA	1
3	2	2	GACTGAAATTGTTGTTGAAAAGAA	1
4	3	2	ACTGAAATTGTTGTTGAAAAGAAG	1
5	4	2	CTGAAATTGTTGTTGAAAAGAAGA	1
6	5	2	TGAAATTGTTGTTGAAAAGAAGAG	1
7	6	2	GAAATTGTTGTTGAAAAGAAGAGT	1
8	7	2	AAATTGTTGTTGAAAAGAAGAGTA	1
9	8	2	AATTGTTGTTGAAAAGAAGAGTAC	1
10	9	2	ATTGTTGTTGAAAAGAAGAGTACG	1
11	10	2	TTGTTGTTGAAAAGAAGAGTACGG	1
12	11	2	TGTTGTTGAAAAGAAGAGTACGGA	1
13	12	3	GTTGTTGAAAAGAAGAGTACGGAT	1
14	13	3	TTGTTGAAAAGAAGAGTACGGATA	1
15	14	3	TGTTGAAAAGAAGAGTACGGATAA	1
16	15	3	GTTGAAAAGAAGAGTACGGATAAG	1
17	16	3	TTGAAAAGAAGAGTACGGATAAGG	1
18	17	3	TGAAAAGAAGAGTACGGATAAGGA	1
19	18	3	GAAAAGAAGAGTACGGATAAGGAC	1
20	19	3	AAAAGAAGAGTACGGATAAGGACT	1
21	20	3	AAAGAAGAGTACGGATAAGGACTT	1
22	21	3	AAGAAGAGTACGGATAAGGACTTC	1
23	22	3	AGAAGAGTACGGATAAGGACTTCG	1
24	23	3	GAAGAGTACGGATAAGGACTTCGA	1
25	24	3	AAGAGTACGGATAAGGACTTCGAT	1
26	25	3	AGAGTACGGATAAGGACTTCGATA	1
27	26	3	GAGTACGGATAAGGACTTCGATAC	1
28	27	3	AGTACGGATAAGGACTTCGATACT	1
29	28	3	GTACGGATAAGGACTTCGATACTT	1
30	29	3	TACGGATAAGGACTTCGATACTTT	1
31	30	3	ACGGATAAGGACTTCGATACTTTC	1
32	31	3	CGGATAAGGACTTCGATACTTTCC	1
33	32	3	GGATAAGGACTTCGATACTTTCCT	1
34	33	3	GATAAGGACTTCGATACTTTCCTT	1
35	34	3	ATAAGGACTTCGATACTTTCCTTG	1
36	35	3	TAAGGACTTCGATACTTTCCTTGG	1
37	36	3	AAGGACTTCGATACTTTCCTTGGT	1
38	37	3	AGGACTTCGATACTTTCCTTGGTG	1
39	38	3	GGACTTCGATACTTTCCTTGGTGA	1
40	39	3	GACTTCGATACTTTCCTTGGTGAC	1
41	40	3	ACTTCGATACTTTCCTTGGTGACT	1
42	41	3	CTTCGATACTTTCCTTGGTGACTT	1
43	42	3	TTCGATACTTTCCTTGGTGACTTG	1
44	43	3	TCGATACTTTCCTTGGTGACTTGC	1
45	44	3	CGATACTTTCCTTGGTGACTTGCC	1
46	45	2	GATACTTTCCTTGGTGACTTGCCT	1
47	46	1	ATACTTTCCTTGGTGACTTGCCTG	1
48	47	1	TACTTTCCTTGGTGACTTGCCTGA	1
49	48	1	ACTTTCCTTGGTGACTTGCCTGAA	1
50	49	2	CTTTCCTTGGTGACTTGCCTGAAA	1
51	50	2	TTTCCTTGGTGACTTGCCTGAAAA	1
52	51	3	TTCCTTGGTGACTTGCCTGAAAAG	1
53	52	3	TCCTTGGTGACTTGCCTGAAAAGG	1
54	53	3	CCTTGGTGACTTGCCTGAAAAGGA	1
55	54	3	CTTGGTGACTTGCCTGAAAAGGAT	1
56	55	3	TTGGTGACTTGCCTGAAAAGGATT	1
57	56	2	TGGTGACTTGCCTGAAAAGGATTG	1
58	57	2	GGTGACTTGCCTGAAAAGGATTGC	1
59	58	2	GTGACTTGCCTGAAAAGGATTGCC	1
60	59	2	TGACTTGCCTGAAAAGGATTGCCG	1
61	60	2	GACTTGCCTGAAAAGGATTGCCGT	1
62	61	2	ACTTGCCTGAAAAGGATTGCCGTT	1
63	62	2	CTTGCCTGAAAAGGATTGCCGTTA	1
64	63	2	TTGCCTGAAAAGGATTGCCGTTAT	1
65	64	2	TGCCTGAAAAGGATTGCCGTTATG	1
66	65	2	GCCTGAAAAGGATTGCCGTTATGC	1
67	66	2	CCTGAAAAGGATTGCCGTTATGCT	1
68	67	2	CTGAAAAGGATTGCCGTTATGCTA	1
69	68	2	TGAAAAGGATTGCCGTTATGCTAT	1
70	69	2	GAAAAGGATTGCCGTTATGCTATC	1
71	70	2	AAAAGGATTGCCGTTATGCTATCT	1
72	71	2	AAAGGATTGCCGTTATGCTATCTA	1
73	72	2	AAGGATTGCCGTTATGCTATCTAT	1
74	73	2	AGGATTGCCGTTATGCTATCTATG	1
75	74	2	GGATTGCCGTTATGCTATCTATGA	1
76	75	2	GATTGCCGTTATGCTATCTATGAT	1
77	76	2	ATTGCCGTTATGCTATCTATGATT	1
78	77	3	TTGCCGTTATGCTATCTATGATTT	1
79	78	3	TGCCGTTATGCTATCTATGATTTT	1
80	79	3	GCCGTTATGCTATCTATGATTTTG	1
81	80	3	CCGTTATGCTATCTATGATTTTGA	1
82	81	3	CGTTATGCTATCTATGATTTTGAG	1
83	82	3	GTTATGCTATCTATGATTTTGAGT	1
84	83	3	TTATGCTATCTATGATTTTGAGTT	1
85	84	3	TATGCTATCTATGATTTTGAGTTC	1
86	85	3	ATGCTATCTATGATTTTGAGTTCA	1
87	86	3	TGCTATCTATGATTTTGAGTTCAA	1
88	87	3	GCTATCTATGATTTTGAGTTCAAT	1
89	88	3	CTATCTATGATTTTGAGTTCAATC	1
90	89	3	TATCTATGATTTTGAGTTCAATCT	1
91	90	3	ATCTATGATTTTGAGTTCAATCTC	1
92	91	3	TCTATGATTTTGAGTTCAATCTCG	1
93	92	3	CTATGATTTTGAGTTCAATCTCGG	1
94	93	2	TATGATTTTGAGTTCAATCTCGGA	1
95	94	2	ATGATTTTGAGTTCAATCTCGGAG	1
96	95	1	TGATTTTGAGTTCAATCTCGGAGA	1
97	96	1	GATTTTGAGTTCAATCTCGGAGAA	1
98	97	1	ATTTTGAGTTCAATCTCGGAGAAG	1
99	98	1	TTTTGAGTTCAATCTCGGAGAAGG	1
100	99	2	TTTGAGTTCAATCTCGGAGAAGGT	1
101	100	5	TTGAGTTCAATCTCGGAGAAGGTG	1
102	101	7	TGAGTTCAATCTCGGAGAAGGTGT	1
103	102	8	GAGTTCAATCTCGGAGAAGGTGTT	1
104	103	8	AGTTCAATCTCGGAGAAGGTGTTC	1
105	104	8	GTTCAATCTCGGAGAAGGTGTTCG	1
106	105	8	TTCAATCTCGGAGAAGGTGTTCGT	1
107	106	8	TCAATCTCGGAGAAGGTGTTCGTA	1
108	107	8	CAATCTCGGAGAAGGTGTTCGTAA	1
109	108	8	AATCTCGGAGAAGGTGTTCGTAAC	1
110	109	8	ATCTCGGAGAAGGTGTTCGTAACA	1
111	110	8	TCTCGGAGAAGGTGTTCGTAACAA	1
112	111	8	CTCGGAGAAGGTGTTCGTAACAAG	1
113	112	8	TCGGAGAAGGTGTTCGTAACAAGA	1
114	113	8	CGGAGAAGGTGTTCGTAACAAGAT	1
115	114	8	GGAGAAGGTGTTCGTAACAAGATT	1
116	115	8	GAGAAGGTGTTCGTAACAAGATTA	1
117	116	8	AGAAGGTGTTCGTAACAAGATTAT	1
118	117	8	GAAGGTGTTCGTAACAAGATTATC	1
119	118	8	AAGGTGTTCGTAACAAGATTATCT	1
120	119	8	AGGTGTTCGTAACAAGATTATCTT	1
121	120	8	GGTGTTCGTAACAAGATTATCTTT	1
122	121	7	GTGTTCGTAACAAGATTATCTTTA	1
123	122	7	TGTTCGTAACAAGATTATCTTTAT	1
124	123	7	GTTCGTAACAAGATTATCTTTATT	1
125	124	7	TTCGTAACAAGATTATCTTTATTA	1
126	125	7	TCGTAACAAGATTATCTTTATTAG	1
127	126	7	CGTAACAAGATTATCTTTATTAGC	1
128	127	7	GTAACAAGATTATCTTTATTAGCT	1
129	128	7	TAACAAGATTATCTTTATTAGCTG	1
130	129	7	AACAAGATTATCTTTATTAGCTGG	1
131	130	7	ACAAGATTATCTTTATTAGCTGGT	1
132	131	7	CAAGATTATCTTTATTAGCTGGTC	1
133	132	7	AAGATTATCTTTATTAGCTGGTCT	1
134	133	7	AGATTATCTTTATTAGCTGGTCTC	1
135	134	7	GATTATCTTTATTAGCTGGTCTCC	1
136	135	7	ATTATCTTTATTAGCTGGTCTCCT	1
137	136	7	TTATCTTTATTAGCTGGTCTCCTG	1
138	137	7	TATCTTTATTAGCTGGTCTCCTGA	1
139	138	7	ATCTTTATTAGCTGGTCTCCTGAT	1
140	139	7	TCTTTATTAGCTGGTCTCCTGATG	1
141	140	7	CTTTATTAGCTGGTCTCCTGATGT	1
142	141	7	TTTATTAGCTGGTCTCCTGATGTT	1
143	142	7	TTATTAGCTGGTCTCCTGATGTTG	1
144	143	6	TATTAGCTGGTCTCCTGATGTTGC	1
145	144	2	ATTAGCTGGTCTCCTGATGTTGCC	1
146	-1	0	ACCACACTAGCTTACCCGCTATCA	1
147	146	2	CCACACTAGCTTACCCGCTATCAG	1
148	147	5	CACACTAGCTTACCCGCTATCAGT	1
149	148	5	ACACTAGCTTACCCGCTATCAGTA	1
150	149	5	CACTAGCTTACCCGCTATCAGTAA	1
151	150	6	ACTAGCTTACCCGCTATCAGTAAA	1
152	151	6	CTAGCTTACCCGCTATCAGTAAAT	1
153	152	6	TAGCTTACCCGCTATCAGTAAATA	1
154	153	5	AGCTTACCCGCTATCAGTAAATAA	1
155	154	5	GCTTACCCGCTATCAGTAAATAAA	1
156	155	5	CTTACCCGCTATCAGTAAATAAAT	1
157	156	5	TTACCCGCTATCAGTAAATAAATA	1
158	157	5	TACCCGCTATCAGTAAATAAATAA	1
159	158	5	ACCCGCTATCAGTAAATAAATAAT	1
160	159	5	CCCGCTATCAGTAAATAAATAATA	1
161	160	5	CCGCTATCAGTAAATAAATAATAT	1
162	161	7	CGCTATCAGTAAATAAATAATATG	1
163	162	7	GCTATCAGTAAATAAATAATATGT	1
164	163	7	CTATCAGTAAATAAATAATATGTC	1
165	164	7	TATCAGTAAATAAATAATATGTCT	1
166	165	7	ATCAGTAAATAAATAATATGTCTT	1
167	166	7	TCAGTAAATAAATAATATGTCTTT	1
168	167	7	CAGTAAATAAATAATATGTCTTTT	1
169	168	7	AGTAAATAAATAATATGTCTTTTT	1
170	169	7	GTAAATAAATAATATGTCTTTTTC	1
171	170	7	TAAATAAATAATATGTCTTTTTCA	1
172	171	7	AAATAAATAATATGTCTTTTTCAG	1
173	172	7	AATAAATAATATGTCTTTTTCAGG	1
174	173	7	ATAAATAATATGTCTTTTTCAGGT	1
175	174	7	TAAATAATATGTCTTTTTCAGGTG	1
176	175	7	AAATAATATGTCTTTTTCAGGTGT	1
177	176	7	AATAATATGTCTTTTTCAGGTGTC	1
178	177	7	ATAATATGTCTTTTTCAGGTGTCA	1
179	178	8	TAATATGTCTTTTTCAGGTGTCAA	1
180	179	8	AATATGTCTTTTTCAGGTGTCAAA	1
181	180	8	ATATGTCTTTTTCAGGTGTCAAAG	1
182	181	8	TATGTCTTTTTCAGGTGTCAAAGT	1
183	182	9	ATGTCTTTTTCAGGTGTCAAAGTC	1
184	183	9	TGTCTTTTTCAGGTGTCAAAGTCT	1
185	184	9	GTCTTTTTCAGGTGTCAAAGTCTC	1
186	185	12	TCTTTTTCAGGTGTCAAAGTCTCT	1
187	186	12	CTTTTTCAGGTGTCAAAGTCTCTC	1
188	187	12	TTTTTCAGGTGTCAAAGTCTCTCC	1
189	188	12	TTTTCAGGTGTCAAAGTCTCTCCC	1
190	189	12	TTTCAGGTGTCAAAGTCTCTCCCG	1
191	190	10	TTCAGGTGTCAAAGTCTCTCCCGA	1
192	191	7	TCAGGTGTCAAAGTCTCTCCCGAA	1
193	192	7	CAGGTGTCAAAGTCTCTCCCGAAT	1
194	193	7	AGGTGTCAAAGTCTCTCCCGAATG	1
195	194	6	GGTGTCAAAGTCTCTCCCGAATGC	1
196	195	6	GTGTCAAAGTCTCTCCCGAATGCT	1
197	196	6	TGTCAAAGTCTCTCCCGAATGCTT	1
198	197	6	GTCAAAGTCTCTCCCGAATGCTTG	1
199	198	6	TCAAAGTCTCTCCCGAATGCTTGG	1
200	199	6	CAAAGTCTCTCCCGAATGCTTGGA	1
201	200	6	AAAGTCTCTCCCGAATGCTTGGAA	1
202	201	6	AAGTCTCTCCCGAATGCTTGGAAG	1
203	202	6	AGTCTCTCCCGAATGCTTGGAAGC	1
204	203	6	GTCTCTCCCGAATGCTTGGAAGCT	1
205	204	6	TCTCTCCCGAATGCTTGGAAGCTT	1
206	205	4	CTCTCCCGAATGCTTGGAAGCTTT	1
207	206	4	TCTCCCGAATGCTTGGAAGCTTTC	1
208	207	4	CTCCCGAATGCTTGGAAGCTTTCC	1
209	208	4	TCCCGAATGCTTGGAAGCTTTCCA	1
210	209	4	CCCGAATGCTTGGAAGCTTTCCAA	1
211	210	4	CCGAATGCTTGGAAGCTTTCCAAG	1
212	211	4	CGAATGCTTGGAAGCTTTCCAAGA	1
213	212	4	GAATGCTTGGAAGCTTTCCAAGAG	1
214	213	4	AATGCTTGGAAGCTTTCCAAGAGC	1
215	214	4	ATGCTTGGAAGCTTTCCAAGAGCT	1
216	215	4	TGCTTGGAAGCTTTCCAAGAGCTC	1
217	216	4	GCTTGGAAGCTTTCCAAGAGCTCA	1
218	217	4	CTTGGAAGCTTTCCAAGAGCTCAA	1
219	218	4	TTGGAAGCTTTCCAAGAGCTCAAG	1
220	219	4	TGGAAGCTTTCCAAGAGCTCAAGC	1
221	220	4	GGAAGCTTTCCAAGAGCTCAAGCT	1
222	221	4	GAAGCTTTCCAAGAGCTCAAGCTT	1
223	222	4	AAGCTTTCCAAGAGCTCAAGCTTG	1
224	223	5	AGCTTTCCAAGAGCTCAAGCTTGG	1
225	224	5	GCTTTCCAAGAGCTCAAGCTTGGA	1
226	225	5	CTTTCCAAGAGCTCAAGCTTGGAA	1
227	226	4	TTTCCAAGAGCTCAAGCTTGGAAA	1
228	227	4	TTCCAAGAGCTCAAGCTTGGAAAG	1
229	228	4	TCCAAGAGCTCAAGCTTGGAAAGT	1
230	229	1	CCAAGAGCTCAAGCTTGGAAAGTC	1
231	230	1	CAAGAGCTCAAGCTTGGAAAGTCA	1
232	231	1	AAGAGCTCAAGCTTGGAAAGTCAC	1
233	232	1	AGAGCTCAAGCTTGGAAAGTCACT	1
234	233	1	GAGCTCAAGCTTGGAAAGTCACTC	1
235	234	1	AGCTCAAGCTTGGAAAGTCACTCC	1
236	235	1	GCTCAAGCTTGGAAAGTCACTCCG	1
237	236	1	CTCAAGCTTGGAAAGTCACTCCGT	1
238	237	1	TCAAGCTTGGAAAGTCACTCCGTT	1
239	238	1	CAAGCTTGGAAAGTCACTCCGTTA	1
240	239	1	AAGCTTGGAAAGTCACTCCGTTAC	1
241	240	1	AGCTTGGAAAGTCACTCCGTTACG	1
242	241	1	GCTTGGAAAGTCACTCCGTTACGT	1
243	242	1	CTTGGAAAGTCACTCCGTTACGTA	1
244	243	1	TTGGAAAGTCACTCCGTTACGTAG	1
245	244	1	TGGAAAGTCACTCCGTTACGTAGT	1
246	245	1	GGAAAGTCACTCCGTTACGTAGTT	1
247	246	1	GAAAGTCACTCCGTTACGTAGTTT	1
248	247	1	AAAGTCACTCCGTTACGTAGTTTT	1
249	248	1	AAGTCACTCCGTTACGTAGTTTTC	1
250	249	1	AGTCACTCCGTTACGTAGTTTTCA	1
251	250	1	GTCACTCCGTTACGTAGTTTTCAA	1
252	251	1	TCACTCCGTTACGTAGTTTTCAAA	1
253	252	1	CACTCCGTTACGTAGTTTTCAAAA	1
254	253	1	ACTCCGTTACGTAGTTTTCAAAAT	1
255	254	1	CTCCGTTACGTAGTTTTCAAAATG	1
256	255	1	TCCGTTACGTAGTTTTCAAAATGA	1
257	256	1	CCGTTACGTAGTTTTCAAAATGAA	1
258	257	1	CGTTACGTAGTTTTCAAAATGAAC	1
259	258	1	GTTACGTAGTTTTCAAAATGAACG	1
260	259	1	TTACGTAGTTTTCAAAATGAACGA	1
261	260	1	TACGTAGTTTTCAAAATGAACGAT	1
262	261	1	ACGTAGTTTTCAAAATGAACGATA	1
263	262	1	CGTAGTTTTCAAAATGAACGATAC	1
264	263	1	GTAGTTTTCAAAATGAACGATACC	1
265	264	1	TAGTTTTCAAAATGAACGATACCA	1
266	265	1	AGTTTTCAAAATGAACGATACCAA	1
267	266	1	GTTTTCAAAATGAACGATACCAAG	1
268	-1	0	CTGGTCTCCTGATGTTGCTCCCAT	1
269	268	1	TGGTCTCCTGATGTTGCTCCCATT	1
270	269	1	GGTCTCCTGATGTTGCTCCCATTA	1
271	270	1	GTCTCCTGATGTTGCTCCCATTAA	1
272	271	1	TCTCCTGATGTTGCTCCCATTAAA	1
273	272	1	CTCCTGATGTTGCTCCCATTAAAT	1
274	273	1	TCCTGATGTTGCTCCCATTAAATC	1
275	274	1	CCTGATGTTGCTCCCATTAAATCT	1
276	275	1	CTGATGTTGCTCCCATTAAATCTA	1
277	276	1	TGATGTTGCTCCCATTAAATCTAA	1
278	277	1	GATGTTGCTCCCATTAAATCTAAG	1
279	278	1	ATGTTGCTCCCATTAAATCTAAGA	1
280	279	1	TGTTGCTCCCATTAAATCTAAGAT	1
281	280	1	GTTGCTCCCATTAAATCTAAGATG	1
282	281	1	TTGCTCCCATTAAATCTAAGATGG	1
283	282	1	TGCTCCCATTAAATCTAAGATGGT	1
284	283	1	GCTCCCATTAAATCTAAGATGGTT	1
285	284	1	CTCCCATTAAATCTAAGATGGTTT	1
286	285	1	TCCCATTAAATCTAAGATGGTTTA	1
287	286	1	CCCATTAAATCTAAGATGGTTTAC	1
288	287	1	CCATTAAATCTAAGATGGTTTACT	1
289	288	1	CATTAAATCTAAGATGGTTTACTC	1
290	289	1	ATTAAATCTAAGATGGTTTACTCT	1
291	290	1	TTAAATCTAAGATGGTTTACTCTT	1
292	291	1	TAAATCTAAGATGGTTTACTCTTC	1
293	292	2	AAATCTAAGATGGTTTACTCTTCT	1
294	293	2	AATCTAAGATGGTTTACTCTTCTT	1
295	294	3	ATCTAAGATGGTTTACTCTTCTTC	1
296	295	3	TCTAAGATGGTTTACTCTTCTTCT	1
297	296	3	CTAAGATGGTTTACTCTTCTTCTA	1
298	297	3	TAAGATGGTTTACTCTTCTTCTAA	1
299	298	3	AAGATGGTTTACTCTTCTTCTAAA	1
300	299	3	AGATGGTTTACTCTTCTTCTAAAG	1
301	300	3	GATGGTTTACTCTTCTTCTAAAGA	1
302	301	3	ATGGTTTACTCTTCTTCTAAAGAT	1
303	302	3	TGGTTTACTCTTCTTCTAAAGATA	1
304	303	3	GGTTTACTCTTCTTCTAAAGATAC	1
305	304	3	GTTTACTCTTCTTCTAAAGATACT	1
306	305	3	TTTACTCTTCTTCTAAAGATACTT	1
307	306	3	TTACTCTTCTTCTAAAGATACTTT	1
308	307	3	TACTCTTCTTCTAAAGATACTTTA	1
309	308	4	ACTCTTCTTCTAAAGATACTTTAC	1
310	309	4	CTCTTCTTCTAAAGATACTTTACG	1
311	310	4	TCTTCTTCTAAAGATACTTTACGT	1
312	311	4	CTTCTTCTAAAGATACTTTACGTC	1
313	312	3	TTCTTCTAAAGATACTTTACGTCG	1
314	313	3	TCTTCTAAAGATACTTTACGTCGC	1
315	314	3	CTTCTAAAGATACTTTACGTCGCG	1
316	315	3	TTCTAAAGATACTTTACGTCGCGC	1
317	316	3	TCTAAAGATACTTTACGTCGCGCT	1
318	317	3	CTAAAGATACTTTACGTCGCGCTT	1
319	318	3	TAAAGATACTTTACGTCGCGCTTT	1
320	319	3	AAAGATACTTTACGTCGCGCTTTT	1
321	320	3	AAGATACTTTACGTCGCGCTTTTA	1
322	321	3	AGATACTTTACGTCGCGCTTTTAC	1
323	322	3	GATACTTTACGTCGCGCTTTTACT	1
324	323	3	ATACTTTACGTCGCGCTTTTACTG	1
325	324	3	TACTTTACGTCGCGCTTTTACTGG	1
326	325	3	ACTTTACGTCGCGCTTTTACTGGA	1
327	326	3	CTTTACGTCGCGCTTTTACTGGAA	1
328	327	3	TTTACGTCGCGCTTTTACTGGAAT	1
329	328	3	TTACGTCGCGCTTTTACTGGAATC	1
330	329	3	TACGTCGCGCTTTTACTGGAATCG	1
331	330	2	ACGTCGCGCTTTTACTGGAATCGG	1
332	331	2	CGTCGCGCTTTTACTGGAATCGGT	1
333	332	2	GTCGCGCTTTTACTGGAATCGGTA	1
334	333	2	TCGCGCTTTTACTGGAATCGGTAC	1
335	334	2	CGCGCTTTTACTGGAATCGGTACT	1
336	335	2	GCGCTTTTACTGGAATCGGTACTG	1
337	336	1	CGCTTTTACTGGAATCGGTACTGA	1
338	337	1	GCTTTTACTGGAATCGGTACTGAC	1
