Component 588
1	-1	0	CTTTGCGTAAGAACGGACACGTCG	1
2	1	1	TTTGCGTAAGAACGGACACGTCGT	1
3	2	1	TTGCGTAAGAACGGACACGTCGTC	1
4	3	1	TGCGTAAGAACGGACACGTCGTCA	1
5	4	1	GCGTAAGAACGGACACGTCGTCAT	1
6	5	1	CGTAAGAACGGACACGTCGTCATC	1
7	6	1	GTAAGAACGGACACGTCGTCATCA	1
8	7	1	TAAGAACGGACACGTCGTCATCAA	1
9	8	1	AAGAACGGACACGTCGTCATCAAG	1
10	9	1	AGAACGGACACGTCGTCATCAAGG	1
11	10	1	GAACGGACACGTCGTCATCAAGGG	1
12	11	1	AACGGACACGTCGTCATCAAGGGC	1
13	12	1	ACGGACACGTCGTCATCAAGGGCC	1
14	13	1	CGGACACGTCGTCATCAAGGGCCG	1
15	14	1	GGACACGTCGTCATCAAGGGCCGT	1
16	15	1	GACACGTCGTCATCAAGGGCCGTC	1
17	16	1	ACACGTCGTCATCAAGGGCCGTCC	1
18	17	1	CACGTCGTCATCAAGGGCCGTCCT	1
19	18	1	ACGTCGTCATCAAGGGCCGTCCTT	1
20	19	1	CGTCGTCATCAAGGGCCGTCCTTG	1
21	20	1	GTCGTCATCAAGGGCCGTCCTTGC	1
22	21	1	TCGTCATCAAGGGCCGTCCTTGCA	1
23	22	1	CGTCATCAAGGGCCGTCCTTGCAA	1
24	23	2	GTCATCAAGGGCCGTCCTTGCAAG	1
25	24	2	TCATCAAGGGCCGTCCTTGCAAGA	1
26	25	2	CATCAAGGGCCGTCCTTGCAAGAT	1
27	26	2	ATCAAGGGCCGTCCTTGCAAGATC	1
28	27	2	TCAAGGGCCGTCCTTGCAAGATCG	1
29	28	2	CAAGGGCCGTCCTTGCAAGATCGT	1
30	29	2	AAGGGCCGTCCTTGCAAGATCGTC	1
31	30	2	AGGGCCGTCCTTGCAAGATCGTCG	1
32	31	2	GGGCCGTCCTTGCAAGATCGTCGA	1
33	32	2	GGCCGTCCTTGCAAGATCGTCGAC	1
34	33	2	GCCGTCCTTGCAAGATCGTCGACA	1
35	34	2	CCGTCCTTGCAAGATCGTCGACAT	1
36	35	2	CGTCCTTGCAAGATCGTCGACATG	1
37	36	2	GTCCTTGCAAGATCGTCGACATGT	1
38	37	2	TCCTTGCAAGATCGTCGACATGTC	1
39	38	2	CCTTGCAAGATCGTCGACATGTCC	1
40	39	2	CTTGCAAGATCGTCGACATGTCCA	1
41	40	2	TTGCAAGATCGTCGACATGTCCAC	1
42	41	2	TGCAAGATCGTCGACATGTCCACC	1
43	42	2	GCAAGATCGTCGACATGTCCACCT	1
44	43	2	CAAGATCGTCGACATGTCCACCTC	1
45	44	2	AAGATCGTCGACATGTCCACCTCT	1
46	45	1	AGATCGTCGACATGTCCACCTCTA	1
47	46	1	GATCGTCGACATGTCCACCTCTAA	1
48	47	1	ATCGTCGACATGTCCACCTCTAAG	1
49	48	1	TCGTCGACATGTCCACCTCTAAGA	1
50	49	1	CGTCGACATGTCCACCTCTAAGAC	1
51	50	1	GTCGACATGTCCACCTCTAAGACT	1
52	51	1	TCGACATGTCCACCTCTAAGACTG	1
53	52	1	CGACATGTCCACCTCTAAGACTGG	1
54	53	1	GACATGTCCACCTCTAAGACTGGT	1
55	54	1	ACATGTCCACCTCTAAGACTGGTA	1
56	55	1	CATGTCCACCTCTAAGACTGGTAA	1
57	56	1	ATGTCCACCTCTAAGACTGGTAAG	1
58	57	1	TGTCCACCTCTAAGACTGGTAAGC	1
59	58	1	GTCCACCTCTAAGACTGGTAAGCA	1
60	59	1	TCCACCTCTAAGACTGGTAAGCAC	1
61	60	1	CCACCTCTAAGACTGGTAAGCACG	1
62	61	1	CACCTCTAAGACTGGTAAGCACGG	1
63	62	2	ACCTCTAAGACTGGTAAGCACGGA	1
64	63	2	CCTCTAAGACTGGTAAGCACGGAC	1
65	64	2	CTCTAAGACTGGTAAGCACGGACA	1
66	65	2	TCTAAGACTGGTAAGCACGGACAT	1
67	66	2	CTAAGACTGGTAAGCACGGACATG	1
68	67	2	TAAGACTGGTAAGCACGGACATGC	1
69	68	2	AAGACTGGTAAGCACGGACATGCC	1
70	69	2	AGACTGGTAAGCACGGACATGCCA	1
71	70	2	GACTGGTAAGCACGGACATGCCAA	1
72	71	2	ACTGGTAAGCACGGACATGCCAAG	1
73	72	2	CTGGTAAGCACGGACATGCCAAGG	1
74	73	4	TGGTAAGCACGGACATGCCAAGGT	1
75	74	6	GGTAAGCACGGACATGCCAAGGTC	1
76	75	6	GTAAGCACGGACATGCCAAGGTCC	1
77	76	6	TAAGCACGGACATGCCAAGGTCCA	1
78	77	6	AAGCACGGACATGCCAAGGTCCAC	1
79	78	6	AGCACGGACATGCCAAGGTCCACA	1
80	79	6	GCACGGACATGCCAAGGTCCACAT	1
81	80	6	CACGGACATGCCAAGGTCCACATT	1
82	81	7	ACGGACATGCCAAGGTCCACATTG	1
83	82	8	CGGACATGCCAAGGTCCACATTGT	1
84	83	9	GGACATGCCAAGGTCCACATTGTT	1
85	84	11	GACATGCCAAGGTCCACATTGTTG	1
86	85	12	ACATGCCAAGGTCCACATTGTTGC	1
87	86	12	CATGCCAAGGTCCACATTGTTGCC	1
88	87	13	ATGCCAAGGTCCACATTGTTGCCC	1
89	88	13	TGCCAAGGTCCACATTGTTGCCCT	1
90	89	13	GCCAAGGTCCACATTGTTGCCCTT	1
91	90	14	CCAAGGTCCACATTGTTGCCCTTG	1
92	91	14	CAAGGTCCACATTGTTGCCCTTGA	1
93	92	14	AAGGTCCACATTGTTGCCCTTGAT	1
94	93	14	AGGTCCACATTGTTGCCCTTGATA	1
95	94	14	GGTCCACATTGTTGCCCTTGATAT	1
96	95	15	GTCCACATTGTTGCCCTTGATATC	1
97	96	15	TCCACATTGTTGCCCTTGATATCT	1
98	97	15	CCACATTGTTGCCCTTGATATCTT	1
99	98	15	CACATTGTTGCCCTTGATATCTTC	1
100	99	15	ACATTGTTGCCCTTGATATCTTCA	1
101	100	15	CATTGTTGCCCTTGATATCTTCAA	1
102	101	16	ATTGTTGCCCTTGATATCTTCAAT	1
103	102	15	TTGTTGCCCTTGATATCTTCAATG	1
104	103	19	TGTTGCCCTTGATATCTTCAATGG	1
105	104	19	GTTGCCCTTGATATCTTCAATGGT	1
106	105	19	TTGCCCTTGATATCTTCAATGGTC	1
107	106	18	TGCCCTTGATATCTTCAATGGTCG	1
108	107	17	GCCCTTGATATCTTCAATGGTCGC	1
109	108	17	CCCTTGATATCTTCAATGGTCGCA	1
110	109	17	CCTTGATATCTTCAATGGTCGCAA	1
111	110	17	CTTGATATCTTCAATGGTCGCAAG	1
112	111	17	TTGATATCTTCAATGGTCGCAAGT	1
113	112	17	TGATATCTTCAATGGTCGCAAGTA	1
114	113	17	GATATCTTCAATGGTCGCAAGTAC	1
115	114	17	ATATCTTCAATGGTCGCAAGTACG	1
116	115	17	TATCTTCAATGGTCGCAAGTACGA	1
117	116	17	ATCTTCAATGGTCGCAAGTACGAA	1
118	117	15	TCTTCAATGGTCGCAAGTACGAAG	1
119	118	13	CTTCAATGGTCGCAAGTACGAAGA	1
120	119	14	TTCAATGGTCGCAAGTACGAAGAT	1
121	120	14	TCAATGGTCGCAAGTACGAAGATA	1
122	121	14	CAATGGTCGCAAGTACGAAGATAT	1
123	122	14	AATGGTCGCAAGTACGAAGATATG	1
124	123	14	ATGGTCGCAAGTACGAAGATATGT	1
125	124	14	TGGTCGCAAGTACGAAGATATGTC	1
126	125	13	GGTCGCAAGTACGAAGATATGTCT	1
127	126	12	GTCGCAAGTACGAAGATATGTCTC	1
128	127	12	TCGCAAGTACGAAGATATGTCTCC	1
129	128	10	CGCAAGTACGAAGATATGTCTCCC	1
130	129	9	GCAAGTACGAAGATATGTCTCCCT	1
131	130	9	CAAGTACGAAGATATGTCTCCCTC	1
132	131	10	AAGTACGAAGATATGTCTCCCTCT	1
133	132	11	AGTACGAAGATATGTCTCCCTCTA	1
134	133	12	GTACGAAGATATGTCTCCCTCTAC	1
135	134	11	TACGAAGATATGTCTCCCTCTACT	1
136	135	11	ACGAAGATATGTCTCCCTCTACTC	1
137	136	11	CGAAGATATGTCTCCCTCTACTCA	1
138	137	11	GAAGATATGTCTCCCTCTACTCAT	1
139	138	11	AAGATATGTCTCCCTCTACTCATA	1
140	139	10	AGATATGTCTCCCTCTACTCATAA	1
141	140	10	GATATGTCTCCCTCTACTCATAAC	1
142	141	10	ATATGTCTCCCTCTACTCATAACA	1
143	142	10	TATGTCTCCCTCTACTCATAACAT	1
144	143	10	ATGTCTCCCTCTACTCATAACATG	1
145	144	9	TGTCTCCCTCTACTCATAACATGG	1
146	145	8	GTCTCCCTCTACTCATAACATGGA	1
147	146	8	TCTCCCTCTACTCATAACATGGAC	1
148	147	5	CTCCCTCTACTCATAACATGGACG	1
149	148	5	TCCCTCTACTCATAACATGGACGT	1
150	149	5	CCCTCTACTCATAACATGGACGTT	1
151	150	5	CCTCTACTCATAACATGGACGTTC	1
152	151	5	CTCTACTCATAACATGGACGTTCC	1
153	152	5	TCTACTCATAACATGGACGTTCCT	1
154	153	5	CTACTCATAACATGGACGTTCCTG	1
155	154	5	TACTCATAACATGGACGTTCCTGT	1
156	155	4	ACTCATAACATGGACGTTCCTGTT	1
157	156	4	CTCATAACATGGACGTTCCTGTTG	1
158	157	5	TCATAACATGGACGTTCCTGTTGT	1
159	158	5	CATAACATGGACGTTCCTGTTGTC	1
160	159	5	ATAACATGGACGTTCCTGTTGTCA	1
161	160	5	TAACATGGACGTTCCTGTTGTCAA	1
162	161	5	AACATGGACGTTCCTGTTGTCAAG	1
163	162	5	ACATGGACGTTCCTGTTGTCAAGC	1
164	163	4	CATGGACGTTCCTGTTGTCAAGCG	1
165	164	4	ATGGACGTTCCTGTTGTCAAGCGT	1
166	165	4	TGGACGTTCCTGTTGTCAAGCGTG	1
167	166	4	GGACGTTCCTGTTGTCAAGCGTGA	1
168	167	4	GACGTTCCTGTTGTCAAGCGTGAC	1
169	168	4	ACGTTCCTGTTGTCAAGCGTGACG	1
170	169	4	CGTTCCTGTTGTCAAGCGTGACGA	1
171	170	4	GTTCCTGTTGTCAAGCGTGACGAA	1
172	171	5	TTCCTGTTGTCAAGCGTGACGAAT	1
173	172	5	TCCTGTTGTCAAGCGTGACGAATA	1
174	173	5	CCTGTTGTCAAGCGTGACGAATAC	1
175	174	6	CTGTTGTCAAGCGTGACGAATACC	1
176	175	4	TGTTGTCAAGCGTGACGAATACCA	1
177	176	4	GTTGTCAAGCGTGACGAATACCAA	1
178	177	4	TTGTCAAGCGTGACGAATACCAAC	1
179	178	5	TGTCAAGCGTGACGAATACCAACT	1
180	179	5	GTCAAGCGTGACGAATACCAACTA	1
181	180	5	TCAAGCGTGACGAATACCAACTAG	1
182	181	5	CAAGCGTGACGAATACCAACTAGT	1
183	182	5	AAGCGTGACGAATACCAACTAGTC	1
184	183	5	AGCGTGACGAATACCAACTAGTCA	1
185	184	5	GCGTGACGAATACCAACTAGTCAA	1
186	185	5	CGTGACGAATACCAACTAGTCAAC	1
187	186	5	GTGACGAATACCAACTAGTCAACA	1
188	187	5	TGACGAATACCAACTAGTCAACAT	1
189	188	5	GACGAATACCAACTAGTCAACATT	1
190	189	6	ACGAATACCAACTAGTCAACATTG	1
191	190	7	CGAATACCAACTAGTCAACATTGA	1
192	191	8	GAATACCAACTAGTCAACATTGAT	1
193	192	8	AATACCAACTAGTCAACATTGATG	1
194	193	8	ATACCAACTAGTCAACATTGATGA	1
195	194	8	TACCAACTAGTCAACATTGATGAT	1
196	195	9	ACCAACTAGTCAACATTGATGATG	1
197	196	9	CCAACTAGTCAACATTGATGATGG	1
198	197	9	CAACTAGTCAACATTGATGATGGC	1
199	198	9	AACTAGTCAACATTGATGATGGCT	1
200	199	9	ACTAGTCAACATTGATGATGGCTA	1
201	200	9	CTAGTCAACATTGATGATGGCTAC	1
202	201	8	TAGTCAACATTGATGATGGCTACT	1
203	202	8	AGTCAACATTGATGATGGCTACTT	1
204	203	8	GTCAACATTGATGATGGCTACTTG	1
205	204	8	TCAACATTGATGATGGCTACTTGA	1
206	205	8	CAACATTGATGATGGCTACTTGAA	1
207	206	8	AACATTGATGATGGCTACTTGAAC	1
208	207	8	ACATTGATGATGGCTACTTGAACC	1
209	208	8	CATTGATGATGGCTACTTGAACCT	1
210	209	8	ATTGATGATGGCTACTTGAACCTC	1
211	210	8	TTGATGATGGCTACTTGAACCTCA	1
212	211	8	TGATGATGGCTACTTGAACCTCAT	1
213	212	8	GATGATGGCTACTTGAACCTCATG	1
214	213	8	ATGATGGCTACTTGAACCTCATGA	1
215	214	8	TGATGGCTACTTGAACCTCATGAC	1
216	215	7	GATGGCTACTTGAACCTCATGACT	1
217	216	7	ATGGCTACTTGAACCTCATGACTA	1
218	217	7	TGGCTACTTGAACCTCATGACTAC	1
219	218	6	GGCTACTTGAACCTCATGACTACC	1
220	219	6	GCTACTTGAACCTCATGACTACCG	1
221	220	6	CTACTTGAACCTCATGACTACCGA	1
222	221	5	TACTTGAACCTCATGACTACCGAT	1
223	222	4	ACTTGAACCTCATGACTACCGATG	1
224	223	4	CTTGAACCTCATGACTACCGATGG	1
225	224	4	TTGAACCTCATGACTACCGATGGT	1
226	225	4	TGAACCTCATGACTACCGATGGTA	1
227	226	4	GAACCTCATGACTACCGATGGTAC	1
228	227	4	AACCTCATGACTACCGATGGTACT	1
229	228	4	ACCTCATGACTACCGATGGTACTA	1
230	229	4	CCTCATGACTACCGATGGTACTAC	1
231	230	4	CTCATGACTACCGATGGTACTACC	1
232	231	4	TCATGACTACCGATGGTACTACCA	1
233	232	4	CATGACTACCGATGGTACTACCAA	1
234	233	3	ATGACTACCGATGGTACTACCAAG	1
235	234	2	TGACTACCGATGGTACTACCAAGG	1
236	235	2	GACTACCGATGGTACTACCAAGGA	1
237	236	2	ACTACCGATGGTACTACCAAGGAC	1
238	237	2	CTACCGATGGTACTACCAAGGACG	1
239	238	2	TACCGATGGTACTACCAAGGACGA	1
240	239	1	ACCGATGGTACTACCAAGGACGAT	1
241	240	1	CCGATGGTACTACCAAGGACGATG	1
242	241	3	CGATGGTACTACCAAGGACGATGT	1
243	242	4	GATGGTACTACCAAGGACGATGTT	1
244	243	4	ATGGTACTACCAAGGACGATGTTC	1
245	244	4	TGGTACTACCAAGGACGATGTTCG	1
246	245	4	GGTACTACCAAGGACGATGTTCGT	1
247	246	5	GTACTACCAAGGACGATGTTCGTC	1
248	247	5	TACTACCAAGGACGATGTTCGTCT	1
249	248	6	ACTACCAAGGACGATGTTCGTCTT	1
250	249	6	CTACCAAGGACGATGTTCGTCTTC	1
251	250	6	TACCAAGGACGATGTTCGTCTTCC	1
252	251	6	ACCAAGGACGATGTTCGTCTTCCC	1
253	252	6	CCAAGGACGATGTTCGTCTTCCCG	1
254	253	7	CAAGGACGATGTTCGTCTTCCCGA	1
255	254	7	AAGGACGATGTTCGTCTTCCCGAA	1
256	255	7	AGGACGATGTTCGTCTTCCCGAAG	1
257	256	7	GGACGATGTTCGTCTTCCCGAAGG	1
258	257	7	GACGATGTTCGTCTTCCCGAAGGC	1
259	258	7	ACGATGTTCGTCTTCCCGAAGGCG	1
260	259	7	CGATGTTCGTCTTCCCGAAGGCGA	1
261	260	7	GATGTTCGTCTTCCCGAAGGCGAA	1
262	261	7	ATGTTCGTCTTCCCGAAGGCGAAC	1
263	262	7	TGTTCGTCTTCCCGAAGGCGAACT	1
264	263	7	GTTCGTCTTCCCGAAGGCGAACTC	1
265	264	7	TTCGTCTTCCCGAAGGCGAACTCG	1
266	265	7	TCGTCTTCCCGAAGGCGAACTCGG	1
267	266	7	CGTCTTCCCGAAGGCGAACTCGGC	1
268	267	7	GTCTTCCCGAAGGCGAACTCGGCA	1
269	268	7	TCTTCCCGAAGGCGAACTCGGCAA	1
270	269	7	CTTCCCGAAGGCGAACTCGGCAAC	1
271	270	7	TTCCCGAAGGCGAACTCGGCAACG	1
272	271	7	TCCCGAAGGCGAACTCGGCAACGA	1
273	272	7	CCCGAAGGCGAACTCGGCAACGAA	1
274	273	7	CCGAAGGCGAACTCGGCAACGAAA	1
275	274	7	CGAAGGCGAACTCGGCAACGAAAT	1
276	275	7	GAAGGCGAACTCGGCAACGAAATT	1
277	276	7	AAGGCGAACTCGGCAACGAAATTG	1
278	277	7	AGGCGAACTCGGCAACGAAATTGA	1
279	278	7	GGCGAACTCGGCAACGAAATTGAA	1
280	279	7	GCGAACTCGGCAACGAAATTGAAG	1
281	280	7	CGAACTCGGCAACGAAATTGAAGA	1
282	281	6	GAACTCGGCAACGAAATTGAAGAG	1
283	282	6	AACTCGGCAACGAAATTGAAGAGG	1
284	283	7	ACTCGGCAACGAAATTGAAGAGGG	1
285	284	6	CTCGGCAACGAAATTGAAGAGGGC	1
286	285	5	TCGGCAACGAAATTGAAGAGGGCT	1
287	286	4	CGGCAACGAAATTGAAGAGGGCTT	1
288	287	4	GGCAACGAAATTGAAGAGGGCTTT	1
289	288	4	GCAACGAAATTGAAGAGGGCTTTG	1
290	289	4	CAACGAAATTGAAGAGGGCTTTGA	1
291	290	5	AACGAAATTGAAGAGGGCTTTGAA	1
292	291	5	ACGAAATTGAAGAGGGCTTTGAAG	1
293	292	4	CGAAATTGAAGAGGGCTTTGAAGA	1
294	293	4	GAAATTGAAGAGGGCTTTGAAGAG	1
295	294	4	AAATTGAAGAGGGCTTTGAAGAGG	1
296	295	3	AATTGAAGAGGGCTTTGAAGAGGG	1
297	296	3	ATTGAAGAGGGCTTTGAAGAGGGT	1
298	297	3	TTGAAGAGGGCTTTGAAGAGGGTA	1
299	298	3	TGAAGAGGGCTTTGAAGAGGGTAA	1
300	299	3	GAAGAGGGCTTTGAAGAGGGTAAG	1
301	300	3	AAGAGGGCTTTGAAGAGGGTAAGG	1
302	301	3	AGAGGGCTTTGAAGAGGGTAAGGA	1
303	302	3	GAGGGCTTTGAAGAGGGTAAGGAT	1
304	303	3	AGGGCTTTGAAGAGGGTAAGGATT	1
305	304	3	GGGCTTTGAAGAGGGTAAGGATTT	1
306	305	3	GGCTTTGAAGAGGGTAAGGATTTA	1
307	306	3	GCTTTGAAGAGGGTAAGGATTTAA	1
308	307	3	CTTTGAAGAGGGTAAGGATTTAAT	1
309	308	3	TTTGAAGAGGGTAAGGATTTAATC	1
310	309	3	TTGAAGAGGGTAAGGATTTAATCA	1
311	310	3	TGAAGAGGGTAAGGATTTAATCAT	1
312	311	3	GAAGAGGGTAAGGATTTAATCATT	1
313	312	3	AAGAGGGTAAGGATTTAATCATTA	1
314	313	3	AGAGGGTAAGGATTTAATCATTAC	1
315	314	3	GAGGGTAAGGATTTAATCATTACC	1
316	315	3	AGGGTAAGGATTTAATCATTACCG	1
317	316	3	GGGTAAGGATTTAATCATTACCGT	1
318	317	3	GGTAAGGATTTAATCATTACCGTT	1
319	318	3	GTAAGGATTTAATCATTACCGTTG	1
320	319	3	TAAGGATTTAATCATTACCGTTGT	1
321	320	3	AAGGATTTAATCATTACCGTTGTC	1
322	321	3	AGGATTTAATCATTACCGTTGTCT	1
323	322	3	GGATTTAATCATTACCGTTGTCTC	1
324	323	2	GATTTAATCATTACCGTTGTCTCT	1
325	324	2	ATTTAATCATTACCGTTGTCTCTG	1
326	325	2	TTTAATCATTACCGTTGTCTCTGC	1
327	326	2	TTAATCATTACCGTTGTCTCTGCC	1
328	327	3	TAATCATTACCGTTGTCTCTGCCA	1
329	328	3	AATCATTACCGTTGTCTCTGCCAT	1
330	329	3	ATCATTACCGTTGTCTCTGCCATG	1
331	330	3	TCATTACCGTTGTCTCTGCCATGG	1
332	331	3	CATTACCGTTGTCTCTGCCATGGG	1
333	332	3	ATTACCGTTGTCTCTGCCATGGGT	1
334	333	3	TTACCGTTGTCTCTGCCATGGGTG	1
335	334	2	TACCGTTGTCTCTGCCATGGGTGA	1
336	335	2	ACCGTTGTCTCTGCCATGGGTGAA	1
337	336	2	CCGTTGTCTCTGCCATGGGTGAAG	1
338	337	2	CGTTGTCTCTGCCATGGGTGAAGA	1
339	338	2	GTTGTCTCTGCCATGGGTGAAGAG	1
340	339	4	TTGTCTCTGCCATGGGTGAAGAGA	1
341	340	4	TGTCTCTGCCATGGGTGAAGAGAT	1
342	341	4	GTCTCTGCCATGGGTGAAGAGATT	1
343	342	4	TCTCTGCCATGGGTGAAGAGATTG	1
344	343	4	CTCTGCCATGGGTGAAGAGATTGC	1
345	344	4	TCTGCCATGGGTGAAGAGATTGCT	1
346	345	4	CTGCCATGGGTGAAGAGATTGCTC	1
347	346	4	TGCCATGGGTGAAGAGATTGCTCT	1
348	347	4	GCCATGGGTGAAGAGATTGCTCTC	1
349	348	4	CCATGGGTGAAGAGATTGCTCTCG	1
350	349	4	CATGGGTGAAGAGATTGCTCTCGC	1
351	350	4	ATGGGTGAAGAGATTGCTCTCGCT	1
352	351	4	TGGGTGAAGAGATTGCTCTCGCTT	1
353	352	4	GGGTGAAGAGATTGCTCTCGCTTG	1
354	353	4	GGTGAAGAGATTGCTCTCGCTTGC	1
355	354	4	GTGAAGAGATTGCTCTCGCTTGCC	1
356	355	4	TGAAGAGATTGCTCTCGCTTGCCG	1
357	356	4	GAAGAGATTGCTCTCGCTTGCCGT	1
358	357	4	AAGAGATTGCTCTCGCTTGCCGTG	1
359	358	4	AGAGATTGCTCTCGCTTGCCGTGA	1
360	359	4	GAGATTGCTCTCGCTTGCCGTGAT	1
361	360	4	AGATTGCTCTCGCTTGCCGTGATG	1
362	361	4	GATTGCTCTCGCTTGCCGTGATGC	1
363	362	4	ATTGCTCTCGCTTGCCGTGATGCT	1
364	363	4	TTGCTCTCGCTTGCCGTGATGCTC	1
365	364	4	TGCTCTCGCTTGCCGTGATGCTCC	1
366	365	4	GCTCTCGCTTGCCGTGATGCTCCC	1
367	366	4	CTCTCGCTTGCCGTGATGCTCCCA	1
368	367	4	TCTCGCTTGCCGTGATGCTCCCAG	1
369	368	4	CTCGCTTGCCGTGATGCTCCCAGC	1
370	369	3	TCGCTTGCCGTGATGCTCCCAGCG	1
371	370	3	CGCTTGCCGTGATGCTCCCAGCGC	1
372	371	2	GCTTGCCGTGATGCTCCCAGCGCC	1
373	372	2	CTTGCCGTGATGCTCCCAGCGCCT	1
374	373	2	TTGCCGTGATGCTCCCAGCGCCTA	1
375	374	2	TGCCGTGATGCTCCCAGCGCCTAA	1
376	375	2	GCCGTGATGCTCCCAGCGCCTAAA	1
377	376	2	CCGTGATGCTCCCAGCGCCTAAAT	1
378	377	2	CGTGATGCTCCCAGCGCCTAAATA	1
379	378	2	GTGATGCTCCCAGCGCCTAAATAT	1
380	379	2	TGATGCTCCCAGCGCCTAAATATA	1
381	380	2	GATGCTCCCAGCGCCTAAATATAA	1
382	381	3	ATGCTCCCAGCGCCTAAATATAAA	1
383	382	4	TGCTCCCAGCGCCTAAATATAAAC	1
384	383	2	GCTCCCAGCGCCTAAATATAAACC	1
385	384	2	CTCCCAGCGCCTAAATATAAACCC	1
386	385	2	TCCCAGCGCCTAAATATAAACCCT	1
387	386	2	CCCAGCGCCTAAATATAAACCCTC	1
388	387	3	CCAGCGCCTAAATATAAACCCTCT	1
389	388	3	CAGCGCCTAAATATAAACCCTCTT	1
390	389	3	AGCGCCTAAATATAAACCCTCTTC	1
391	390	3	GCGCCTAAATATAAACCCTCTTCC	1
392	391	5	CGCCTAAATATAAACCCTCTTCCC	1
393	392	5	GCCTAAATATAAACCCTCTTCCCT	1
394	393	5	CCTAAATATAAACCCTCTTCCCTT	1
395	394	5	CTAAATATAAACCCTCTTCCCTTT	1
396	395	5	TAAATATAAACCCTCTTCCCTTTA	1
397	396	5	AAATATAAACCCTCTTCCCTTTAA	1
398	397	5	AATATAAACCCTCTTCCCTTTAAA	1
399	398	5	ATATAAACCCTCTTCCCTTTAAAA	1
400	399	5	TATAAACCCTCTTCCCTTTAAAAA	1
401	400	5	ATAAACCCTCTTCCCTTTAAAAAT	1
402	401	5	TAAACCCTCTTCCCTTTAAAAATG	1
403	402	5	AAACCCTCTTCCCTTTAAAAATGG	1
404	403	5	AACCCTCTTCCCTTTAAAAATGGT	1
405	404	5	ACCCTCTTCCCTTTAAAAATGGTC	1
406	405	5	CCCTCTTCCCTTTAAAAATGGTCG	1
407	406	5	CCTCTTCCCTTTAAAAATGGTCGT	1
408	407	5	CTCTTCCCTTTAAAAATGGTCGTT	1
409	408	5	TCTTCCCTTTAAAAATGGTCGTTT	1
410	409	5	CTTCCCTTTAAAAATGGTCGTTTA	1
411	410	5	TTCCCTTTAAAAATGGTCGTTTAG	1
412	411	5	TCCCTTTAAAAATGGTCGTTTAGT	1
413	412	5	CCCTTTAAAAATGGTCGTTTAGTA	1
414	413	5	CCTTTAAAAATGGTCGTTTAGTAA	1
415	414	5	CTTTAAAAATGGTCGTTTAGTAAA	1
416	415	5	TTTAAAAATGGTCGTTTAGTAAAC	1
417	416	5	TTAAAAATGGTCGTTTAGTAAACA	1
418	417	5	TAAAAATGGTCGTTTAGTAAACAA	1
419	418	5	AAAAATGGTCGTTTAGTAAACAAG	1
420	419	5	AAAATGGTCGTTTAGTAAACAAGT	1
421	420	5	AAATGGTCGTTTAGTAAACAAGTT	1
422	421	5	AATGGTCGTTTAGTAAACAAGTTT	1
423	422	5	ATGGTCGTTTAGTAAACAAGTTTT	1
424	423	5	TGGTCGTTTAGTAAACAAGTTTTG	1
425	424	5	GGTCGTTTAGTAAACAAGTTTTGC	1
426	425	4	GTCGTTTAGTAAACAAGTTTTGCT	1
427	426	3	TCGTTTAGTAAACAAGTTTTGCTC	1
428	427	3	CGTTTAGTAAACAAGTTTTGCTCC	1
429	428	3	GTTTAGTAAACAAGTTTTGCTCCT	1
430	429	3	TTTAGTAAACAAGTTTTGCTCCTC	1
431	430	3	TTAGTAAACAAGTTTTGCTCCTCC	1
432	431	2	TAGTAAACAAGTTTTGCTCCTCCT	1
433	432	2	AGTAAACAAGTTTTGCTCCTCCTT	1
434	433	1	GTAAACAAGTTTTGCTCCTCCTTA	1
435	434	1	TAAACAAGTTTTGCTCCTCCTTAA	1
436	1301	28	GGCCGGTGCCTCTTTGACCTTCCC	1
437	436	6	GCCGGTGCCTCTTTGACCTTCCCC	1
438	437	5	CCGGTGCCTCTTTGACCTTCCCCA	1
439	438	5	CGGTGCCTCTTTGACCTTCCCCAT	1
440	439	6	GGTGCCTCTTTGACCTTCCCCATG	1
441	440	6	GTGCCTCTTTGACCTTCCCCATGC	1
442	441	6	TGCCTCTTTGACCTTCCCCATGCA	1
443	442	6	GCCTCTTTGACCTTCCCCATGCAA	1
444	443	6	CCTCTTTGACCTTCCCCATGCAAT	1
445	444	6	CTCTTTGACCTTCCCCATGCAATG	1
446	445	6	TCTTTGACCTTCCCCATGCAATGC	1
447	446	6	CTTTGACCTTCCCCATGCAATGCT	1
448	447	7	TTTGACCTTCCCCATGCAATGCTC	1
449	448	7	TTGACCTTCCCCATGCAATGCTCT	1
450	449	7	TGACCTTCCCCATGCAATGCTCTG	1
451	450	7	GACCTTCCCCATGCAATGCTCTGC	1
452	451	7	ACCTTCCCCATGCAATGCTCTGCT	1
453	452	7	CCTTCCCCATGCAATGCTCTGCTT	1
454	453	7	CTTCCCCATGCAATGCTCTGCTTT	1
455	454	7	TTCCCCATGCAATGCTCTGCTTTG	1
456	455	7	TCCCCATGCAATGCTCTGCTTTGC	1
457	456	7	CCCCATGCAATGCTCTGCTTTGCG	1
458	457	7	CCCATGCAATGCTCTGCTTTGCGT	1
459	458	7	CCATGCAATGCTCTGCTTTGCGTA	1
460	459	7	CATGCAATGCTCTGCTTTGCGTAA	1
461	460	7	ATGCAATGCTCTGCTTTGCGTAAG	1
462	461	7	TGCAATGCTCTGCTTTGCGTAAGA	1
463	462	7	GCAATGCTCTGCTTTGCGTAAGAA	1
464	463	7	CAATGCTCTGCTTTGCGTAAGAAC	1
465	464	7	AATGCTCTGCTTTGCGTAAGAACG	1
466	465	7	ATGCTCTGCTTTGCGTAAGAACGG	1
467	466	6	TGCTCTGCTTTGCGTAAGAACGGC	1
468	467	5	GCTCTGCTTTGCGTAAGAACGGCC	1
469	468	2	CTCTGCTTTGCGTAAGAACGGCCA	1
470	469	3	TCTGCTTTGCGTAAGAACGGCCAC	1
471	470	5	CTGCTTTGCGTAAGAACGGCCACG	1
472	471	5	TGCTTTGCGTAAGAACGGCCACGT	1
473	472	5	GCTTTGCGTAAGAACGGCCACGTC	1
474	473	5	CTTTGCGTAAGAACGGCCACGTCG	1
475	474	5	TTTGCGTAAGAACGGCCACGTCGT	1
476	475	5	TTGCGTAAGAACGGCCACGTCGTG	1
477	476	5	TGCGTAAGAACGGCCACGTCGTGA	1
478	477	5	GCGTAAGAACGGCCACGTCGTGAT	1
479	478	5	CGTAAGAACGGCCACGTCGTGATT	1
480	479	5	GTAAGAACGGCCACGTCGTGATTA	1
481	480	5	TAAGAACGGCCACGTCGTGATTAA	1
482	481	5	AAGAACGGCCACGTCGTGATTAAG	1
483	482	6	AGAACGGCCACGTCGTGATTAAGG	1
484	483	5	GAACGGCCACGTCGTGATTAAGGG	1
485	484	5	AACGGCCACGTCGTGATTAAGGGA	1
486	485	5	ACGGCCACGTCGTGATTAAGGGAC	1
487	486	5	CGGCCACGTCGTGATTAAGGGACG	1
488	487	5	GGCCACGTCGTGATTAAGGGACGT	1
489	488	5	GCCACGTCGTGATTAAGGGACGTC	1
490	489	5	CCACGTCGTGATTAAGGGACGTCC	1
491	490	5	CACGTCGTGATTAAGGGACGTCCT	1
492	491	4	ACGTCGTGATTAAGGGACGTCCTT	1
493	492	4	CGTCGTGATTAAGGGACGTCCTTG	1
494	493	5	GTCGTGATTAAGGGACGTCCTTGC	1
495	494	6	TCGTGATTAAGGGACGTCCTTGCA	1
496	495	6	CGTGATTAAGGGACGTCCTTGCAA	1
497	496	6	GTGATTAAGGGACGTCCTTGCAAG	1
498	497	6	TGATTAAGGGACGTCCTTGCAAGA	1
499	498	6	GATTAAGGGACGTCCTTGCAAGAT	1
500	499	6	ATTAAGGGACGTCCTTGCAAGATT	1
501	500	6	TTAAGGGACGTCCTTGCAAGATTG	1
502	501	6	TAAGGGACGTCCTTGCAAGATTGT	1
503	502	6	AAGGGACGTCCTTGCAAGATTGTC	1
504	503	6	AGGGACGTCCTTGCAAGATTGTCG	1
505	504	6	GGGACGTCCTTGCAAGATTGTCGA	1
506	505	6	GGACGTCCTTGCAAGATTGTCGAC	1
507	506	6	GACGTCCTTGCAAGATTGTCGACA	1
508	507	6	ACGTCCTTGCAAGATTGTCGACAT	1
509	508	6	CGTCCTTGCAAGATTGTCGACATG	1
510	509	6	GTCCTTGCAAGATTGTCGACATGT	1
511	510	6	TCCTTGCAAGATTGTCGACATGTC	1
512	511	6	CCTTGCAAGATTGTCGACATGTCT	1
513	512	5	CTTGCAAGATTGTCGACATGTCTA	1
514	513	5	TTGCAAGATTGTCGACATGTCTAC	1
515	514	3	TGCAAGATTGTCGACATGTCTACC	1
516	515	3	GCAAGATTGTCGACATGTCTACCT	1
517	516	5	CAAGATTGTCGACATGTCTACCTC	1
518	517	5	AAGATTGTCGACATGTCTACCTCC	1
519	518	5	AGATTGTCGACATGTCTACCTCCA	1
520	519	5	GATTGTCGACATGTCTACCTCCAA	1
521	520	5	ATTGTCGACATGTCTACCTCCAAG	1
522	521	5	TTGTCGACATGTCTACCTCCAAGA	1
523	522	5	TGTCGACATGTCTACCTCCAAGAC	1
524	523	5	GTCGACATGTCTACCTCCAAGACT	1
525	524	5	TCGACATGTCTACCTCCAAGACTG	1
526	525	5	CGACATGTCTACCTCCAAGACTGG	1
527	526	4	GACATGTCTACCTCCAAGACTGGC	1
528	527	4	ACATGTCTACCTCCAAGACTGGCA	1
529	528	4	CATGTCTACCTCCAAGACTGGCAA	1
530	529	4	ATGTCTACCTCCAAGACTGGCAAG	1
531	530	4	TGTCTACCTCCAAGACTGGCAAGC	1
532	531	4	GTCTACCTCCAAGACTGGCAAGCA	1
533	532	4	TCTACCTCCAAGACTGGCAAGCAC	1
534	533	5	CTACCTCCAAGACTGGCAAGCACG	1
535	534	5	TACCTCCAAGACTGGCAAGCACGG	1
536	535	5	ACCTCCAAGACTGGCAAGCACGGA	1
537	536	6	CCTCCAAGACTGGCAAGCACGGAC	1
538	537	5	CTCCAAGACTGGCAAGCACGGACA	1
539	538	6	TCCAAGACTGGCAAGCACGGACAC	1
540	539	6	CCAAGACTGGCAAGCACGGACACG	1
541	540	6	CAAGACTGGCAAGCACGGACACGC	1
542	541	6	AAGACTGGCAAGCACGGACACGCC	1
543	542	6	AGACTGGCAAGCACGGACACGCCA	1
544	543	6	GACTGGCAAGCACGGACACGCCAA	1
545	544	6	ACTGGCAAGCACGGACACGCCAAA	1
546	545	6	CTGGCAAGCACGGACACGCCAAAG	1
547	546	8	TGGCAAGCACGGACACGCCAAAGT	1
548	547	9	GGCAAGCACGGACACGCCAAAGTT	1
549	548	9	GCAAGCACGGACACGCCAAAGTTC	1
550	549	9	CAAGCACGGACACGCCAAAGTTCA	1
551	550	9	AAGCACGGACACGCCAAAGTTCAC	1
552	551	9	AGCACGGACACGCCAAAGTTCACA	1
553	552	9	GCACGGACACGCCAAAGTTCACAT	1
554	553	9	CACGGACACGCCAAAGTTCACATT	1
555	554	9	ACGGACACGCCAAAGTTCACATTG	1
556	555	9	CGGACACGCCAAAGTTCACATTGT	1
557	556	9	GGACACGCCAAAGTTCACATTGTT	1
558	557	10	GACACGCCAAAGTTCACATTGTTG	1
559	558	10	ACACGCCAAAGTTCACATTGTTGC	1
560	559	10	CACGCCAAAGTTCACATTGTTGCC	1
561	560	8	ACGCCAAAGTTCACATTGTTGCCC	1
562	561	9	CGCCAAAGTTCACATTGTTGCCCT	1
563	562	9	GCCAAAGTTCACATTGTTGCCCTT	1
564	563	10	CCAAAGTTCACATTGTTGCCCTTG	1
565	564	10	CAAAGTTCACATTGTTGCCCTTGA	1
566	565	10	AAAGTTCACATTGTTGCCCTTGAC	1
567	566	10	AAGTTCACATTGTTGCCCTTGACA	1
568	567	10	AGTTCACATTGTTGCCCTTGACAT	1
569	568	10	GTTCACATTGTTGCCCTTGACATC	1
570	569	10	TTCACATTGTTGCCCTTGACATCT	1
571	570	10	TCACATTGTTGCCCTTGACATCTT	1
572	571	11	CACATTGTTGCCCTTGACATCTTC	1
573	572	11	ACATTGTTGCCCTTGACATCTTCA	1
574	573	11	CATTGTTGCCCTTGACATCTTCAA	1
575	574	11	ATTGTTGCCCTTGACATCTTCAAT	1
576	575	11	TTGTTGCCCTTGACATCTTCAATG	1
577	576	11	TGTTGCCCTTGACATCTTCAATGG	1
578	577	11	GTTGCCCTTGACATCTTCAATGGC	1
579	578	11	TTGCCCTTGACATCTTCAATGGCC	1
580	579	11	TGCCCTTGACATCTTCAATGGCCG	1
581	580	10	GCCCTTGACATCTTCAATGGCCGC	1
582	581	11	CCCTTGACATCTTCAATGGCCGCA	1
583	582	9	CCTTGACATCTTCAATGGCCGCAA	1
584	583	9	CTTGACATCTTCAATGGCCGCAAG	1
585	584	9	TTGACATCTTCAATGGCCGCAAGT	1
586	585	9	TGACATCTTCAATGGCCGCAAGTA	1
587	586	9	GACATCTTCAATGGCCGCAAGTAC	1
588	587	9	ACATCTTCAATGGCCGCAAGTACG	1
589	588	9	CATCTTCAATGGCCGCAAGTACGA	1
590	589	9	ATCTTCAATGGCCGCAAGTACGAG	1
591	590	7	TCTTCAATGGCCGCAAGTACGAGG	1
592	591	6	CTTCAATGGCCGCAAGTACGAGGA	1
593	592	6	TTCAATGGCCGCAAGTACGAGGAT	1
594	593	7	TCAATGGCCGCAAGTACGAGGATA	1
595	594	7	CAATGGCCGCAAGTACGAGGATAT	1
596	595	7	AATGGCCGCAAGTACGAGGATATG	1
597	596	7	ATGGCCGCAAGTACGAGGATATGT	1
598	597	7	TGGCCGCAAGTACGAGGATATGTC	1
599	598	7	GGCCGCAAGTACGAGGATATGTCT	1
600	599	7	GCCGCAAGTACGAGGATATGTCTC	1
601	600	7	CCGCAAGTACGAGGATATGTCTCC	1
602	601	6	CGCAAGTACGAGGATATGTCTCCT	1
603	602	6	GCAAGTACGAGGATATGTCTCCTT	1
604	603	6	CAAGTACGAGGATATGTCTCCTTC	1
605	604	6	AAGTACGAGGATATGTCTCCTTCC	1
606	605	5	AGTACGAGGATATGTCTCCTTCCA	1
607	606	5	GTACGAGGATATGTCTCCTTCCAC	1
608	607	4	TACGAGGATATGTCTCCTTCCACT	1
609	608	4	ACGAGGATATGTCTCCTTCCACTC	1
610	609	4	CGAGGATATGTCTCCTTCCACTCA	1
611	610	6	GAGGATATGTCTCCTTCCACTCAC	1
612	611	6	AGGATATGTCTCCTTCCACTCACA	1
613	612	7	GGATATGTCTCCTTCCACTCACAA	1
614	613	7	GATATGTCTCCTTCCACTCACAAC	1
615	614	7	ATATGTCTCCTTCCACTCACAACA	1
616	615	6	TATGTCTCCTTCCACTCACAACAT	1
617	616	6	ATGTCTCCTTCCACTCACAACATG	1
618	617	6	TGTCTCCTTCCACTCACAACATGG	1
619	618	6	GTCTCCTTCCACTCACAACATGGA	1
620	619	7	TCTCCTTCCACTCACAACATGGAC	1
621	620	7	CTCCTTCCACTCACAACATGGACG	1
622	621	6	TCCTTCCACTCACAACATGGACGT	1
623	622	6	CCTTCCACTCACAACATGGACGTT	1
624	623	6	CTTCCACTCACAACATGGACGTTC	1
625	624	6	TTCCACTCACAACATGGACGTTCC	1
626	625	5	TCCACTCACAACATGGACGTTCCT	1
627	626	5	CCACTCACAACATGGACGTTCCTG	1
628	627	5	CACTCACAACATGGACGTTCCTGT	1
629	628	5	ACTCACAACATGGACGTTCCTGTT	1
630	629	5	CTCACAACATGGACGTTCCTGTTG	1
631	630	5	TCACAACATGGACGTTCCTGTTGT	1
632	631	5	CACAACATGGACGTTCCTGTTGTT	1
633	632	6	ACAACATGGACGTTCCTGTTGTTA	1
634	633	6	CAACATGGACGTTCCTGTTGTTAA	1
635	634	6	AACATGGACGTTCCTGTTGTTAAG	1
636	635	6	ACATGGACGTTCCTGTTGTTAAGC	1
637	636	6	CATGGACGTTCCTGTTGTTAAGCG	1
638	637	5	ATGGACGTTCCTGTTGTTAAGCGT	1
639	638	5	TGGACGTTCCTGTTGTTAAGCGTG	1
640	639	5	GGACGTTCCTGTTGTTAAGCGTGA	1
641	640	5	GACGTTCCTGTTGTTAAGCGTGAT	1
642	641	5	ACGTTCCTGTTGTTAAGCGTGATG	1
643	642	5	CGTTCCTGTTGTTAAGCGTGATGA	1
644	643	5	GTTCCTGTTGTTAAGCGTGATGAG	1
645	644	5	TTCCTGTTGTTAAGCGTGATGAGT	1
646	645	5	TCCTGTTGTTAAGCGTGATGAGTA	1
647	646	5	CCTGTTGTTAAGCGTGATGAGTAC	1
648	647	6	CTGTTGTTAAGCGTGATGAGTACC	1
649	648	6	TGTTGTTAAGCGTGATGAGTACCA	1
650	649	6	GTTGTTAAGCGTGATGAGTACCAA	1
651	650	7	TTGTTAAGCGTGATGAGTACCAAT	1
652	651	7	TGTTAAGCGTGATGAGTACCAATT	1
653	652	7	GTTAAGCGTGATGAGTACCAATTG	1
654	653	7	TTAAGCGTGATGAGTACCAATTGG	1
655	654	5	TAAGCGTGATGAGTACCAATTGGT	1
656	655	5	AAGCGTGATGAGTACCAATTGGTC	1
657	656	4	AGCGTGATGAGTACCAATTGGTCA	1
658	657	4	GCGTGATGAGTACCAATTGGTCAA	1
659	658	4	CGTGATGAGTACCAATTGGTCAAC	1
660	659	4	GTGATGAGTACCAATTGGTCAACA	1
661	660	4	TGATGAGTACCAATTGGTCAACAT	1
662	661	4	GATGAGTACCAATTGGTCAACATT	1
663	662	4	ATGAGTACCAATTGGTCAACATTG	1
664	663	3	TGAGTACCAATTGGTCAACATTGA	1
665	664	3	GAGTACCAATTGGTCAACATTGAT	1
666	665	3	AGTACCAATTGGTCAACATTGATG	1
667	666	3	GTACCAATTGGTCAACATTGATGA	1
668	667	3	TACCAATTGGTCAACATTGATGAT	1
669	668	3	ACCAATTGGTCAACATTGATGATG	1
670	669	3	CCAATTGGTCAACATTGATGATGG	1
671	670	3	CAATTGGTCAACATTGATGATGGT	1
672	671	3	AATTGGTCAACATTGATGATGGTT	1
673	672	3	ATTGGTCAACATTGATGATGGTTA	1
674	673	3	TTGGTCAACATTGATGATGGTTAC	1
675	674	3	TGGTCAACATTGATGATGGTTACT	1
676	675	3	GGTCAACATTGATGATGGTTACTT	1
677	676	2	GTCAACATTGATGATGGTTACTTG	1
678	677	2	TCAACATTGATGATGGTTACTTGA	1
679	678	3	CAACATTGATGATGGTTACTTGAA	1
680	679	3	AACATTGATGATGGTTACTTGAAC	1
681	680	3	ACATTGATGATGGTTACTTGAACC	1
682	681	3	CATTGATGATGGTTACTTGAACCT	1
683	682	3	ATTGATGATGGTTACTTGAACCTC	1
684	683	3	TTGATGATGGTTACTTGAACCTCA	1
685	684	4	TGATGATGGTTACTTGAACCTCAT	1
686	685	5	GATGATGGTTACTTGAACCTCATG	1
687	686	5	ATGATGGTTACTTGAACCTCATGA	1
688	687	5	TGATGGTTACTTGAACCTCATGAC	1
689	688	5	GATGGTTACTTGAACCTCATGACC	1
690	689	5	ATGGTTACTTGAACCTCATGACCA	1
691	690	5	TGGTTACTTGAACCTCATGACCAC	1
692	691	4	GGTTACTTGAACCTCATGACCACC	1
693	692	4	GTTACTTGAACCTCATGACCACCG	1
694	693	4	TTACTTGAACCTCATGACCACCGA	1
695	694	3	TACTTGAACCTCATGACCACCGAT	1
696	695	3	ACTTGAACCTCATGACCACCGATG	1
697	696	3	CTTGAACCTCATGACCACCGATGG	1
698	697	3	TTGAACCTCATGACCACCGATGGT	1
699	698	3	TGAACCTCATGACCACCGATGGTA	1
700	699	3	GAACCTCATGACCACCGATGGTAC	1
701	700	3	AACCTCATGACCACCGATGGTACC	1
702	701	3	ACCTCATGACCACCGATGGTACCA	1
703	702	3	CCTCATGACCACCGATGGTACCAC	1
704	703	3	CTCATGACCACCGATGGTACCACC	1
705	704	4	TCATGACCACCGATGGTACCACCA	1
706	705	4	CATGACCACCGATGGTACCACCAA	1
707	706	4	ATGACCACCGATGGTACCACCAAG	1
708	707	4	TGACCACCGATGGTACCACCAAGG	1
709	708	5	GACCACCGATGGTACCACCAAGGA	1
710	709	5	ACCACCGATGGTACCACCAAGGAT	1
711	710	5	CCACCGATGGTACCACCAAGGATG	1
712	711	5	CACCGATGGTACCACCAAGGATGA	1
713	712	5	ACCGATGGTACCACCAAGGATGAT	1
714	713	5	CCGATGGTACCACCAAGGATGATG	1
715	714	5	CGATGGTACCACCAAGGATGATGT	1
716	715	5	GATGGTACCACCAAGGATGATGTT	1
717	716	5	ATGGTACCACCAAGGATGATGTTC	1
718	717	5	TGGTACCACCAAGGATGATGTTCG	1
719	718	5	GGTACCACCAAGGATGATGTTCGT	1
720	719	5	GTACCACCAAGGATGATGTTCGTC	1
721	720	5	TACCACCAAGGATGATGTTCGTCT	1
722	721	5	ACCACCAAGGATGATGTTCGTCTT	1
723	722	4	CCACCAAGGATGATGTTCGTCTTC	1
724	723	4	CACCAAGGATGATGTTCGTCTTCC	1
725	724	4	ACCAAGGATGATGTTCGTCTTCCC	1
726	725	4	CCAAGGATGATGTTCGTCTTCCCG	1
727	726	4	CAAGGATGATGTTCGTCTTCCCGA	1
728	727	5	AAGGATGATGTTCGTCTTCCCGAA	1
729	728	4	AGGATGATGTTCGTCTTCCCGAAG	1
730	729	3	GGATGATGTTCGTCTTCCCGAAGG	1
731	730	3	GATGATGTTCGTCTTCCCGAAGGT	1
732	731	3	ATGATGTTCGTCTTCCCGAAGGTG	1
733	732	3	TGATGTTCGTCTTCCCGAAGGTGA	1
734	733	3	GATGTTCGTCTTCCCGAAGGTGAG	1
735	734	3	ATGTTCGTCTTCCCGAAGGTGAGC	1
736	735	3	TGTTCGTCTTCCCGAAGGTGAGCT	1
737	736	3	GTTCGTCTTCCCGAAGGTGAGCTC	1
738	737	3	TTCGTCTTCCCGAAGGTGAGCTCG	1
739	738	3	TCGTCTTCCCGAAGGTGAGCTCGG	1
740	739	3	CGTCTTCCCGAAGGTGAGCTCGGT	1
741	740	4	GTCTTCCCGAAGGTGAGCTCGGTA	1
742	741	4	TCTTCCCGAAGGTGAGCTCGGTAA	1
743	742	4	CTTCCCGAAGGTGAGCTCGGTAAC	1
744	743	4	TTCCCGAAGGTGAGCTCGGTAACG	1
745	744	4	TCCCGAAGGTGAGCTCGGTAACGA	1
746	745	4	CCCGAAGGTGAGCTCGGTAACGAA	1
747	746	4	CCGAAGGTGAGCTCGGTAACGAAA	1
748	747	4	CGAAGGTGAGCTCGGTAACGAAAT	1
749	748	3	GAAGGTGAGCTCGGTAACGAAATT	1
750	749	3	AAGGTGAGCTCGGTAACGAAATTG	1
751	750	3	AGGTGAGCTCGGTAACGAAATTGA	1
752	751	3	GGTGAGCTCGGTAACGAAATTGAG	1
753	752	2	GTGAGCTCGGTAACGAAATTGAGG	1
754	753	2	TGAGCTCGGTAACGAAATTGAGGA	1
755	754	2	GAGCTCGGTAACGAAATTGAGGAG	1
756	755	2	AGCTCGGTAACGAAATTGAGGAGG	1
757	756	2	GCTCGGTAACGAAATTGAGGAGGG	1
758	757	3	CTCGGTAACGAAATTGAGGAGGGC	1
759	758	3	TCGGTAACGAAATTGAGGAGGGCT	1
760	759	3	CGGTAACGAAATTGAGGAGGGCTT	1
761	760	3	GGTAACGAAATTGAGGAGGGCTTT	1
762	761	3	GTAACGAAATTGAGGAGGGCTTTG	1
763	762	3	TAACGAAATTGAGGAGGGCTTTGA	1
764	763	3	AACGAAATTGAGGAGGGCTTTGAT	1
765	764	3	ACGAAATTGAGGAGGGCTTTGATG	1
766	765	3	CGAAATTGAGGAGGGCTTTGATGA	1
767	766	4	GAAATTGAGGAGGGCTTTGATGAG	1
768	767	4	AAATTGAGGAGGGCTTTGATGAGG	1
769	768	5	AATTGAGGAGGGCTTTGATGAGGG	1
770	769	5	ATTGAGGAGGGCTTTGATGAGGGC	1
771	770	5	TTGAGGAGGGCTTTGATGAGGGCA	1
772	771	4	TGAGGAGGGCTTTGATGAGGGCAG	1
773	772	4	GAGGAGGGCTTTGATGAGGGCAGA	1
774	773	4	AGGAGGGCTTTGATGAGGGCAGAG	1
775	774	4	GGAGGGCTTTGATGAGGGCAGAGA	1
776	775	4	GAGGGCTTTGATGAGGGCAGAGAC	1
777	776	4	AGGGCTTTGATGAGGGCAGAGACT	1
778	777	4	GGGCTTTGATGAGGGCAGAGACTT	1
779	778	4	GGCTTTGATGAGGGCAGAGACTTG	1
780	779	4	GCTTTGATGAGGGCAGAGACTTGA	1
781	780	6	CTTTGATGAGGGCAGAGACTTGAT	1
782	781	5	TTTGATGAGGGCAGAGACTTGATC	1
783	782	5	TTGATGAGGGCAGAGACTTGATCA	1
784	783	5	TGATGAGGGCAGAGACTTGATCAT	1
785	784	6	GATGAGGGCAGAGACTTGATCATT	1
786	785	6	ATGAGGGCAGAGACTTGATCATTA	1
787	786	6	TGAGGGCAGAGACTTGATCATTAC	1
788	787	6	GAGGGCAGAGACTTGATCATTACC	1
789	788	6	AGGGCAGAGACTTGATCATTACCG	1
790	789	7	GGGCAGAGACTTGATCATTACCGT	1
791	790	7	GGCAGAGACTTGATCATTACCGTT	1
792	791	7	GCAGAGACTTGATCATTACCGTTG	1
793	792	11	CAGAGACTTGATCATTACCGTTGT	1
794	793	12	AGAGACTTGATCATTACCGTTGTC	1
795	794	13	GAGACTTGATCATTACCGTTGTCT	1
796	795	15	AGACTTGATCATTACCGTTGTCTC	1
797	796	15	GACTTGATCATTACCGTTGTCTCC	1
798	797	15	ACTTGATCATTACCGTTGTCTCCG	1
799	798	15	CTTGATCATTACCGTTGTCTCCGC	1
800	799	15	TTGATCATTACCGTTGTCTCCGCT	1
801	800	15	TGATCATTACCGTTGTCTCCGCTA	1
802	801	14	GATCATTACCGTTGTCTCCGCTAT	1
803	802	14	ATCATTACCGTTGTCTCCGCTATG	1
804	803	14	TCATTACCGTTGTCTCCGCTATGG	1
805	804	13	CATTACCGTTGTCTCCGCTATGGG	1
806	805	13	ATTACCGTTGTCTCCGCTATGGGT	1
807	806	13	TTACCGTTGTCTCCGCTATGGGTG	1
808	807	13	TACCGTTGTCTCCGCTATGGGTGA	1
809	808	13	ACCGTTGTCTCCGCTATGGGTGAA	1
810	809	13	CCGTTGTCTCCGCTATGGGTGAAG	1
811	810	12	CGTTGTCTCCGCTATGGGTGAAGA	1
812	811	12	GTTGTCTCCGCTATGGGTGAAGAG	1
813	812	11	TTGTCTCCGCTATGGGTGAAGAGA	1
814	813	11	TGTCTCCGCTATGGGTGAAGAGAC	1
815	814	11	GTCTCCGCTATGGGTGAAGAGACT	1
816	815	11	TCTCCGCTATGGGTGAAGAGACTG	1
817	816	11	CTCCGCTATGGGTGAAGAGACTGC	1
818	817	11	TCCGCTATGGGTGAAGAGACTGCC	1
819	818	11	CCGCTATGGGTGAAGAGACTGCCC	1
820	819	11	CGCTATGGGTGAAGAGACTGCCCT	1
821	820	11	GCTATGGGTGAAGAGACTGCCCTT	1
822	821	11	CTATGGGTGAAGAGACTGCCCTTG	1
823	822	11	TATGGGTGAAGAGACTGCCCTTGC	1
824	823	11	ATGGGTGAAGAGACTGCCCTTGCC	1
825	824	9	TGGGTGAAGAGACTGCCCTTGCCT	1
826	825	9	GGGTGAAGAGACTGCCCTTGCCTG	1
827	826	9	GGTGAAGAGACTGCCCTTGCCTGC	1
828	827	9	GTGAAGAGACTGCCCTTGCCTGCC	1
829	828	8	TGAAGAGACTGCCCTTGCCTGCCG	1
830	829	9	GAAGAGACTGCCCTTGCCTGCCGT	1
831	830	9	AAGAGACTGCCCTTGCCTGCCGTG	1
832	831	9	AGAGACTGCCCTTGCCTGCCGTGA	1
833	832	11	GAGACTGCCCTTGCCTGCCGTGAT	1
834	833	10	AGACTGCCCTTGCCTGCCGTGATG	1
835	834	10	GACTGCCCTTGCCTGCCGTGATGC	1
836	835	10	ACTGCCCTTGCCTGCCGTGATGCC	1
837	836	6	CTGCCCTTGCCTGCCGTGATGCCC	1
838	837	5	TGCCCTTGCCTGCCGTGATGCCCC	1
839	838	4	GCCCTTGCCTGCCGTGATGCCCCC	1
840	839	2	CCCTTGCCTGCCGTGATGCCCCCA	1
841	840	2	CCTTGCCTGCCGTGATGCCCCCAG	1
842	841	3	CTTGCCTGCCGTGATGCCCCCAGC	1
843	842	3	TTGCCTGCCGTGATGCCCCCAGCT	1
844	843	3	TGCCTGCCGTGATGCCCCCAGCTC	1
845	844	3	GCCTGCCGTGATGCCCCCAGCTCT	1
846	845	3	CCTGCCGTGATGCCCCCAGCTCTT	1
847	846	3	CTGCCGTGATGCCCCCAGCTCTTA	1
848	847	3	TGCCGTGATGCCCCCAGCTCTTAA	1
849	848	3	GCCGTGATGCCCCCAGCTCTTAAA	1
850	849	4	CCGTGATGCCCCCAGCTCTTAAAC	1
851	850	4	CGTGATGCCCCCAGCTCTTAAACT	1
852	851	5	GTGATGCCCCCAGCTCTTAAACTT	1
853	852	5	TGATGCCCCCAGCTCTTAAACTTT	1
854	853	5	GATGCCCCCAGCTCTTAAACTTTT	1
855	854	5	ATGCCCCCAGCTCTTAAACTTTTG	1
856	855	5	TGCCCCCAGCTCTTAAACTTTTGA	1
857	856	5	GCCCCCAGCTCTTAAACTTTTGAA	1
858	857	6	CCCCCAGCTCTTAAACTTTTGAAA	1
859	858	6	CCCCAGCTCTTAAACTTTTGAAAC	1
860	859	7	CCCAGCTCTTAAACTTTTGAAACT	1
861	860	7	CCAGCTCTTAAACTTTTGAAACTT	1
862	861	7	CAGCTCTTAAACTTTTGAAACTTG	1
863	862	7	AGCTCTTAAACTTTTGAAACTTGA	1
864	863	7	GCTCTTAAACTTTTGAAACTTGAC	1
865	864	7	CTCTTAAACTTTTGAAACTTGACT	1
866	865	8	TCTTAAACTTTTGAAACTTGACTG	1
867	866	8	CTTAAACTTTTGAAACTTGACTGA	1
868	867	9	TTAAACTTTTGAAACTTGACTGAA	1
869	868	9	TAAACTTTTGAAACTTGACTGAAA	1
870	869	9	AAACTTTTGAAACTTGACTGAAAT	1
871	870	9	AACTTTTGAAACTTGACTGAAATC	1
872	871	9	ACTTTTGAAACTTGACTGAAATCA	1
873	872	9	CTTTTGAAACTTGACTGAAATCAG	1
874	873	9	TTTTGAAACTTGACTGAAATCAGT	1
875	874	9	TTTGAAACTTGACTGAAATCAGTC	1
876	875	9	TTGAAACTTGACTGAAATCAGTCA	1
877	876	7	TGAAACTTGACTGAAATCAGTCAT	1
878	877	7	GAAACTTGACTGAAATCAGTCATT	1
879	878	7	AAACTTGACTGAAATCAGTCATTG	1
880	879	7	AACTTGACTGAAATCAGTCATTGT	1
881	880	7	ACTTGACTGAAATCAGTCATTGTG	1
882	881	7	CTTGACTGAAATCAGTCATTGTGC	1
883	882	7	TTGACTGAAATCAGTCATTGTGCT	1
884	883	7	TGACTGAAATCAGTCATTGTGCTC	1
885	884	7	GACTGAAATCAGTCATTGTGCTCC	1
886	885	6	ACTGAAATCAGTCATTGTGCTCCA	1
887	886	6	CTGAAATCAGTCATTGTGCTCCAT	1
888	887	6	TGAAATCAGTCATTGTGCTCCATG	1
889	888	6	GAAATCAGTCATTGTGCTCCATGA	1
890	889	6	AAATCAGTCATTGTGCTCCATGAT	1
891	890	6	AATCAGTCATTGTGCTCCATGATG	1
892	891	6	ATCAGTCATTGTGCTCCATGATGA	1
893	892	6	TCAGTCATTGTGCTCCATGATGAT	1
894	893	4	CAGTCATTGTGCTCCATGATGATG	1
895	894	4	AGTCATTGTGCTCCATGATGATGT	1
896	895	4	GTCATTGTGCTCCATGATGATGTG	1
897	896	4	TCATTGTGCTCCATGATGATGTGG	1
898	897	4	CATTGTGCTCCATGATGATGTGGA	1
899	898	3	ATTGTGCTCCATGATGATGTGGAC	1
900	899	3	TTGTGCTCCATGATGATGTGGACG	1
901	900	3	TGTGCTCCATGATGATGTGGACGG	1
902	901	3	GTGCTCCATGATGATGTGGACGGT	1
903	902	3	TGCTCCATGATGATGTGGACGGTT	1
904	903	2	GCTCCATGATGATGTGGACGGTTT	1
905	904	2	CTCCATGATGATGTGGACGGTTTT	1
906	905	2	TCCATGATGATGTGGACGGTTTTA	1
907	906	2	CCATGATGATGTGGACGGTTTTAA	1
908	907	2	CATGATGATGTGGACGGTTTTAAA	1
909	908	2	ATGATGATGTGGACGGTTTTAAAG	1
910	909	2	TGATGATGTGGACGGTTTTAAAGG	1
911	910	3	GATGATGTGGACGGTTTTAAAGGG	1
912	911	2	ATGATGTGGACGGTTTTAAAGGGA	1
913	912	2	TGATGTGGACGGTTTTAAAGGGAA	1
914	913	2	GATGTGGACGGTTTTAAAGGGAAA	1
915	914	2	ATGTGGACGGTTTTAAAGGGAAAA	1
916	915	2	TGTGGACGGTTTTAAAGGGAAAAA	1
917	916	2	GTGGACGGTTTTAAAGGGAAAAAA	1
918	917	2	TGGACGGTTTTAAAGGGAAAAAAG	1
919	918	2	GGACGGTTTTAAAGGGAAAAAAGT	1
920	919	2	GACGGTTTTAAAGGGAAAAAAGTA	1
921	920	2	ACGGTTTTAAAGGGAAAAAAGTAA	1
922	921	2	CGGTTTTAAAGGGAAAAAAGTAAT	1
923	922	2	GGTTTTAAAGGGAAAAAAGTAATA	1
924	923	2	GTTTTAAAGGGAAAAAAGTAATAA	1
925	924	2	TTTTAAAGGGAAAAAAGTAATAAT	1
926	925	2	TTTAAAGGGAAAAAAGTAATAATA	1
927	926	2	TTAAAGGGAAAAAAGTAATAATAA	1
928	927	2	TAAAGGGAAAAAAGTAATAATAAT	1
929	928	2	AAAGGGAAAAAAGTAATAATAATT	1
930	929	2	AAGGGAAAAAAGTAATAATAATTT	1
931	930	2	AGGGAAAAAAGTAATAATAATTTC	1
932	931	2	GGGAAAAAAGTAATAATAATTTCG	1
933	932	3	GGAAAAAAGTAATAATAATTTCGT	1
934	933	4	GAAAAAAGTAATAATAATTTCGTT	1
935	934	4	AAAAAAGTAATAATAATTTCGTTT	1
936	935	4	AAAAAGTAATAATAATTTCGTTTA	1
937	936	4	AAAAGTAATAATAATTTCGTTTAT	1
938	937	4	AAAGTAATAATAATTTCGTTTATC	1
939	938	4	AAGTAATAATAATTTCGTTTATCA	1
940	939	3	AGTAATAATAATTTCGTTTATCAG	1
941	940	3	GTAATAATAATTTCGTTTATCAGC	1
942	941	3	TAATAATAATTTCGTTTATCAGCA	1
943	942	3	AATAATAATTTCGTTTATCAGCAA	1
944	943	3	ATAATAATTTCGTTTATCAGCAAC	1
945	944	3	TAATAATTTCGTTTATCAGCAACA	1
946	945	3	AATAATTTCGTTTATCAGCAACAG	1
947	946	3	ATAATTTCGTTTATCAGCAACAGA	1
948	947	3	TAATTTCGTTTATCAGCAACAGAT	1
949	948	3	AATTTCGTTTATCAGCAACAGATT	1
950	949	3	ATTTCGTTTATCAGCAACAGATTT	1
951	950	4	TTTCGTTTATCAGCAACAGATTTT	1
952	951	4	TTCGTTTATCAGCAACAGATTTTA	1
953	952	4	TCGTTTATCAGCAACAGATTTTAG	1
954	953	4	CGTTTATCAGCAACAGATTTTAGC	1
955	954	4	GTTTATCAGCAACAGATTTTAGCC	1
956	955	4	TTTATCAGCAACAGATTTTAGCCT	1
957	956	4	TTATCAGCAACAGATTTTAGCCTT	1
958	957	4	TATCAGCAACAGATTTTAGCCTTG	1
959	958	4	ATCAGCAACAGATTTTAGCCTTGT	1
960	959	4	TCAGCAACAGATTTTAGCCTTGTT	1
961	960	4	CAGCAACAGATTTTAGCCTTGTTG	1
962	961	4	AGCAACAGATTTTAGCCTTGTTGC	1
963	962	3	GCAACAGATTTTAGCCTTGTTGCC	1
964	963	3	CAACAGATTTTAGCCTTGTTGCCT	1
965	964	3	AACAGATTTTAGCCTTGTTGCCTT	1
966	965	3	ACAGATTTTAGCCTTGTTGCCTTA	1
967	966	4	CAGATTTTAGCCTTGTTGCCTTAT	1
968	967	4	AGATTTTAGCCTTGTTGCCTTATC	1
969	968	4	GATTTTAGCCTTGTTGCCTTATCC	1
970	969	5	ATTTTAGCCTTGTTGCCTTATCCA	1
971	970	5	TTTTAGCCTTGTTGCCTTATCCAA	1
972	971	6	TTTAGCCTTGTTGCCTTATCCAAC	1
973	972	6	TTAGCCTTGTTGCCTTATCCAACG	1
974	973	6	TAGCCTTGTTGCCTTATCCAACGT	1
975	974	6	AGCCTTGTTGCCTTATCCAACGTT	1
976	975	6	GCCTTGTTGCCTTATCCAACGTTC	1
977	976	5	CCTTGTTGCCTTATCCAACGTTCC	1
978	977	4	CTTGTTGCCTTATCCAACGTTCCA	1
979	978	4	TTGTTGCCTTATCCAACGTTCCAC	1
980	979	4	TGTTGCCTTATCCAACGTTCCACT	1
981	980	4	GTTGCCTTATCCAACGTTCCACTA	1
982	981	4	TTGCCTTATCCAACGTTCCACTAG	1
983	982	4	TGCCTTATCCAACGTTCCACTAGG	1
984	983	4	GCCTTATCCAACGTTCCACTAGGC	1
985	984	4	CCTTATCCAACGTTCCACTAGGCG	1
986	985	4	CTTATCCAACGTTCCACTAGGCGA	1
987	986	5	TTATCCAACGTTCCACTAGGCGAA	1
988	987	5	TATCCAACGTTCCACTAGGCGAAA	1
989	988	6	ATCCAACGTTCCACTAGGCGAAAA	1
990	989	6	TCCAACGTTCCACTAGGCGAAAAG	1
991	990	6	CCAACGTTCCACTAGGCGAAAAGC	1
992	991	7	CAACGTTCCACTAGGCGAAAAGCA	1
993	992	7	AACGTTCCACTAGGCGAAAAGCAA	1
994	993	7	ACGTTCCACTAGGCGAAAAGCAAA	1
995	994	6	CGTTCCACTAGGCGAAAAGCAAAT	1
996	995	6	GTTCCACTAGGCGAAAAGCAAATG	1
997	996	10	TTCCACTAGGCGAAAAGCAAATGA	1
998	997	10	TCCACTAGGCGAAAAGCAAATGAT	1
999	998	10	CCACTAGGCGAAAAGCAAATGATT	1
1000	999	10	CACTAGGCGAAAAGCAAATGATTG	1
1001	1000	10	ACTAGGCGAAAAGCAAATGATTGT	1
1002	1001	10	CTAGGCGAAAAGCAAATGATTGTC	1
1003	1002	10	TAGGCGAAAAGCAAATGATTGTCT	1
1004	1003	10	AGGCGAAAAGCAAATGATTGTCTC	1
1005	1004	10	GGCGAAAAGCAAATGATTGTCTCG	1
1006	1005	10	GCGAAAAGCAAATGATTGTCTCGT	1
1007	1006	10	CGAAAAGCAAATGATTGTCTCGTA	1
1008	1007	10	GAAAAGCAAATGATTGTCTCGTAA	1
1009	1008	10	AAAAGCAAATGATTGTCTCGTAAT	1
1010	1009	10	AAAGCAAATGATTGTCTCGTAATA	1
1011	1010	8	AAGCAAATGATTGTCTCGTAATAC	1
1012	1011	8	AGCAAATGATTGTCTCGTAATACG	1
1013	1012	8	GCAAATGATTGTCTCGTAATACGG	1
1014	1013	7	CAAATGATTGTCTCGTAATACGGA	1
1015	1014	7	AAATGATTGTCTCGTAATACGGAT	1
1016	1015	6	AATGATTGTCTCGTAATACGGATT	1
1017	1016	6	ATGATTGTCTCGTAATACGGATTT	1
1018	1017	6	TGATTGTCTCGTAATACGGATTTA	1
1019	1018	6	GATTGTCTCGTAATACGGATTTAA	1
1020	1019	6	ATTGTCTCGTAATACGGATTTAAT	1
1021	1020	6	TTGTCTCGTAATACGGATTTAATT	1
1022	1021	6	TGTCTCGTAATACGGATTTAATTG	1
1023	1022	6	GTCTCGTAATACGGATTTAATTGT	1
1024	1023	6	TCTCGTAATACGGATTTAATTGTT	1
1025	1024	6	CTCGTAATACGGATTTAATTGTTT	1
1026	1025	6	TCGTAATACGGATTTAATTGTTTT	1
1027	1026	6	CGTAATACGGATTTAATTGTTTTT	1
1028	1027	6	GTAATACGGATTTAATTGTTTTTT	1
1029	1028	6	TAATACGGATTTAATTGTTTTTTT	1
1030	1029	6	AATACGGATTTAATTGTTTTTTTT	1
1031	1030	5	ATACGGATTTAATTGTTTTTTTTT	1
1032	1031	5	TACGGATTTAATTGTTTTTTTTTT	1
1033	1032	4	ACGGATTTAATTGTTTTTTTTTTA	1
1034	1033	4	CGGATTTAATTGTTTTTTTTTTAA	1
1035	1034	4	GGATTTAATTGTTTTTTTTTTAAA	1
1036	1035	4	GATTTAATTGTTTTTTTTTTAAAA	1
1037	1036	5	ATTTAATTGTTTTTTTTTTAAAAA	1
1038	1037	5	TTTAATTGTTTTTTTTTTAAAAAA	1
1039	1038	5	TTAATTGTTTTTTTTTTAAAAAAA	1
1040	1039	4	TAATTGTTTTTTTTTTAAAAAAAG	1
1041	-1	0	AAAGCATTTTGGATTACGATATTT	1
1042	1041	1	AAGCATTTTGGATTACGATATTTT	1
1043	1042	1	AGCATTTTGGATTACGATATTTTC	1
1044	1043	1	GCATTTTGGATTACGATATTTTCA	1
1045	1044	1	CATTTTGGATTACGATATTTTCAA	1
1046	1045	1	ATTTTGGATTACGATATTTTCAAA	1
1047	1046	1	TTTTGGATTACGATATTTTCAAAA	1
1048	1047	2	TTTGGATTACGATATTTTCAAAAG	1
1049	1048	2	TTGGATTACGATATTTTCAAAAGT	1
1050	1049	3	TGGATTACGATATTTTCAAAAGTT	1
1051	1050	4	GGATTACGATATTTTCAAAAGTTT	1
1052	1051	5	GATTACGATATTTTCAAAAGTTTA	1
1053	1052	5	ATTACGATATTTTCAAAAGTTTAT	1
1054	1053	5	TTACGATATTTTCAAAAGTTTATG	1
1055	1054	5	TACGATATTTTCAAAAGTTTATGT	1
1056	1055	5	ACGATATTTTCAAAAGTTTATGTA	1
1057	1056	5	CGATATTTTCAAAAGTTTATGTAG	1
1058	1057	5	GATATTTTCAAAAGTTTATGTAGG	1
1059	1058	5	ATATTTTCAAAAGTTTATGTAGGT	1
1060	1059	5	TATTTTCAAAAGTTTATGTAGGTT	1
1061	1060	5	ATTTTCAAAAGTTTATGTAGGTTA	1
1062	1061	5	TTTTCAAAAGTTTATGTAGGTTAG	1
1063	1062	5	TTTCAAAAGTTTATGTAGGTTAGG	1
1064	1063	5	TTCAAAAGTTTATGTAGGTTAGGT	1
1065	1064	5	TCAAAAGTTTATGTAGGTTAGGTT	1
1066	1065	5	CAAAAGTTTATGTAGGTTAGGTTG	1
1067	1066	5	AAAAGTTTATGTAGGTTAGGTTGT	1
1068	1067	5	AAAGTTTATGTAGGTTAGGTTGTC	1
1069	1068	5	AAGTTTATGTAGGTTAGGTTGTCT	1
1070	1069	5	AGTTTATGTAGGTTAGGTTGTCTT	1
1071	1070	5	GTTTATGTAGGTTAGGTTGTCTTT	1
1072	1071	5	TTTATGTAGGTTAGGTTGTCTTTT	1
1073	1072	5	TTATGTAGGTTAGGTTGTCTTTTT	1
1074	1073	5	TATGTAGGTTAGGTTGTCTTTTTT	1
1075	1074	5	ATGTAGGTTAGGTTGTCTTTTTTT	1
1076	1075	6	TGTAGGTTAGGTTGTCTTTTTTTT	1
1077	1076	6	GTAGGTTAGGTTGTCTTTTTTTTG	1
1078	1077	6	TAGGTTAGGTTGTCTTTTTTTTGG	1
1079	1078	6	AGGTTAGGTTGTCTTTTTTTTGGT	1
1080	1079	6	GGTTAGGTTGTCTTTTTTTTGGTT	1
1081	1080	6	GTTAGGTTGTCTTTTTTTTGGTTA	1
1082	1081	6	TTAGGTTGTCTTTTTTTTGGTTAT	1
1083	1082	6	TAGGTTGTCTTTTTTTTGGTTATG	1
1084	1083	6	AGGTTGTCTTTTTTTTGGTTATGA	1
1085	1084	6	GGTTGTCTTTTTTTTGGTTATGAA	1
1086	1085	5	GTTGTCTTTTTTTTGGTTATGAAT	1
1087	1086	5	TTGTCTTTTTTTTGGTTATGAATA	1
1088	1087	5	TGTCTTTTTTTTGGTTATGAATAG	1
1089	1088	5	GTCTTTTTTTTGGTTATGAATAGG	1
1090	1089	5	TCTTTTTTTTGGTTATGAATAGGT	1
1091	1090	3	CTTTTTTTTGGTTATGAATAGGTT	1
1092	1091	3	TTTTTTTTGGTTATGAATAGGTTG	1
1093	1092	3	TTTTTTTGGTTATGAATAGGTTGG	1
1094	1093	2	TTTTTTGGTTATGAATAGGTTGGT	1
1095	1094	1	TTTTTGGTTATGAATAGGTTGGTG	1
1096	1095	1	TTTTGGTTATGAATAGGTTGGTGA	1
1097	1096	1	TTTGGTTATGAATAGGTTGGTGAA	1
1098	1097	1	TTGGTTATGAATAGGTTGGTGAAA	1
1099	1098	1	TGGTTATGAATAGGTTGGTGAAAG	1
1100	1099	1	GGTTATGAATAGGTTGGTGAAAGA	1
1101	1100	1	GTTATGAATAGGTTGGTGAAAGAA	1
1102	1101	1	TTATGAATAGGTTGGTGAAAGAAA	1
1103	1102	1	TATGAATAGGTTGGTGAAAGAAAT	1
1104	1103	1	ATGAATAGGTTGGTGAAAGAAATG	1
1105	1104	1	TGAATAGGTTGGTGAAAGAAATGT	1
1106	1105	1	GAATAGGTTGGTGAAAGAAATGTA	1
1107	1106	1	AATAGGTTGGTGAAAGAAATGTAT	1
1108	1107	1	ATAGGTTGGTGAAAGAAATGTATA	1
1109	1108	1	TAGGTTGGTGAAAGAAATGTATAC	1
1110	1109	1	AGGTTGGTGAAAGAAATGTATACA	1
1111	1110	1	GGTTGGTGAAAGAAATGTATACAG	1
1112	1111	1	GTTGGTGAAAGAAATGTATACAGT	1
1113	1112	1	TTGGTGAAAGAAATGTATACAGTA	1
1114	1113	1	TGGTGAAAGAAATGTATACAGTAA	1
1115	1114	1	GGTGAAAGAAATGTATACAGTAAA	1
1116	1115	1	GTGAAAGAAATGTATACAGTAAAA	1
1117	1116	1	TGAAAGAAATGTATACAGTAAAAG	1
1118	1117	1	GAAAGAAATGTATACAGTAAAAGC	1
1119	1118	1	AAAGAAATGTATACAGTAAAAGCA	1
1120	-1	0	TTTTTTTAAAAAAAGGGGAGAACG	1
1121	1120	1	TTTTTTAAAAAAAGGGGAGAACGT	1
1122	1121	2	TTTTTAAAAAAAGGGGAGAACGTA	1
1123	1122	2	TTTTAAAAAAAGGGGAGAACGTAG	1
1124	1123	2	TTTAAAAAAAGGGGAGAACGTAGA	1
1125	1124	2	TTAAAAAAAGGGGAGAACGTAGAT	1
1126	1125	2	TAAAAAAAGGGGAGAACGTAGATG	1
1127	1126	2	AAAAAAAGGGGAGAACGTAGATGA	1
1128	1127	3	AAAAAAGGGGAGAACGTAGATGAA	1
1129	1128	3	AAAAAGGGGAGAACGTAGATGAAA	1
1130	1129	3	AAAAGGGGAGAACGTAGATGAAAA	1
1131	1130	3	AAAGGGGAGAACGTAGATGAAAAG	1
1132	1131	3	AAGGGGAGAACGTAGATGAAAAGC	1
1133	1132	3	AGGGGAGAACGTAGATGAAAAGCA	1
1134	1133	3	GGGGAGAACGTAGATGAAAAGCAA	1
1135	1134	4	GGGAGAACGTAGATGAAAAGCAAG	1
1136	1135	4	GGAGAACGTAGATGAAAAGCAAGG	1
1137	1136	4	GAGAACGTAGATGAAAAGCAAGGC	1
1138	1137	4	AGAACGTAGATGAAAAGCAAGGCA	1
1139	1138	4	GAACGTAGATGAAAAGCAAGGCAA	1
1140	1139	4	AACGTAGATGAAAAGCAAGGCAAA	1
1141	1140	4	ACGTAGATGAAAAGCAAGGCAAAT	1
1142	1141	4	CGTAGATGAAAAGCAAGGCAAATT	1
1143	1142	5	GTAGATGAAAAGCAAGGCAAATTG	1
1144	1143	6	TAGATGAAAAGCAAGGCAAATTGA	1
1145	1144	6	AGATGAAAAGCAAGGCAAATTGAG	1
1146	1145	6	GATGAAAAGCAAGGCAAATTGAGA	1
1147	1146	7	ATGAAAAGCAAGGCAAATTGAGAG	1
1148	1147	7	TGAAAAGCAAGGCAAATTGAGAGA	1
1149	1148	7	GAAAAGCAAGGCAAATTGAGAGAA	1
1150	1149	6	AAAAGCAAGGCAAATTGAGAGAAT	1
1151	1150	6	AAAGCAAGGCAAATTGAGAGAATA	1
1152	1151	6	AAGCAAGGCAAATTGAGAGAATAA	1
1153	1152	6	AGCAAGGCAAATTGAGAGAATAAA	1
1154	1153	6	GCAAGGCAAATTGAGAGAATAAAA	1
1155	1154	6	CAAGGCAAATTGAGAGAATAAAAA	1
1156	1155	6	AAGGCAAATTGAGAGAATAAAAAG	1
1157	1156	6	AGGCAAATTGAGAGAATAAAAAGG	1
1158	1157	6	GGCAAATTGAGAGAATAAAAAGGA	1
1159	1158	6	GCAAATTGAGAGAATAAAAAGGAA	1
1160	1159	6	CAAATTGAGAGAATAAAAAGGAAA	1
1161	1160	6	AAATTGAGAGAATAAAAAGGAAAA	1
1162	1161	6	AATTGAGAGAATAAAAAGGAAAAG	1
1163	1162	6	ATTGAGAGAATAAAAAGGAAAAGG	1
1164	1163	6	TTGAGAGAATAAAAAGGAAAAGGG	1
1165	1164	4	TGAGAGAATAAAAAGGAAAAGGGA	1
1166	1165	4	GAGAGAATAAAAAGGAAAAGGGAT	1
1167	1166	4	AGAGAATAAAAAGGAAAAGGGATG	1
1168	1167	4	GAGAATAAAAAGGAAAAGGGATGT	1
1169	1168	4	AGAATAAAAAGGAAAAGGGATGTT	1
1170	1169	4	GAATAAAAAGGAAAAGGGATGTTG	1
1171	1170	4	AATAAAAAGGAAAAGGGATGTTGA	1
1172	1171	4	ATAAAAAGGAAAAGGGATGTTGAT	1
1173	1172	4	TAAAAAGGAAAAGGGATGTTGATG	1
1174	1173	4	AAAAAGGAAAAGGGATGTTGATGG	1
1175	1174	4	AAAAGGAAAAGGGATGTTGATGGA	1
1176	1175	4	AAAGGAAAAGGGATGTTGATGGAG	1
1177	1176	4	AAGGAAAAGGGATGTTGATGGAGA	1
1178	1177	4	AGGAAAAGGGATGTTGATGGAGAG	1
1179	1178	3	GGAAAAGGGATGTTGATGGAGAGA	1
1180	1179	3	GAAAAGGGATGTTGATGGAGAGAT	1
1181	1180	3	AAAAGGGATGTTGATGGAGAGATT	1
1182	1181	3	AAAGGGATGTTGATGGAGAGATTC	1
1183	1182	3	AAGGGATGTTGATGGAGAGATTCA	1
1184	1183	3	AGGGATGTTGATGGAGAGATTCAT	1
1185	1184	3	GGGATGTTGATGGAGAGATTCATA	1
1186	1185	3	GGATGTTGATGGAGAGATTCATAT	1
1187	1186	2	GATGTTGATGGAGAGATTCATATC	1
1188	1187	1	ATGTTGATGGAGAGATTCATATCT	1
1189	1188	3	TGTTGATGGAGAGATTCATATCTC	1
1190	1189	3	GTTGATGGAGAGATTCATATCTCT	1
1191	1190	2	TTGATGGAGAGATTCATATCTCTG	1
1192	1191	2	TGATGGAGAGATTCATATCTCTGT	1
1193	1192	2	GATGGAGAGATTCATATCTCTGTT	1
1194	1193	2	ATGGAGAGATTCATATCTCTGTTT	1
1195	1194	2	TGGAGAGATTCATATCTCTGTTTG	1
1196	1195	2	GGAGAGATTCATATCTCTGTTTGA	1
1197	1196	2	GAGAGATTCATATCTCTGTTTGAC	1
1198	1197	2	AGAGATTCATATCTCTGTTTGACT	1
1199	1198	2	GAGATTCATATCTCTGTTTGACTA	1
1200	1199	3	AGATTCATATCTCTGTTTGACTAC	1
1201	1200	3	GATTCATATCTCTGTTTGACTACA	1
1202	1201	3	ATTCATATCTCTGTTTGACTACAA	1
1203	1202	3	TTCATATCTCTGTTTGACTACAAA	1
1204	1203	3	TCATATCTCTGTTTGACTACAAAT	1
1205	1204	4	CATATCTCTGTTTGACTACAAATC	1
1206	1205	4	ATATCTCTGTTTGACTACAAATCC	1
1207	1206	4	TATCTCTGTTTGACTACAAATCCC	1
1208	1207	4	ATCTCTGTTTGACTACAAATCCCG	1
1209	1208	4	TCTCTGTTTGACTACAAATCCCGA	1
1210	1209	4	CTCTGTTTGACTACAAATCCCGAC	1
1211	1210	4	TCTGTTTGACTACAAATCCCGACA	1
1212	1211	5	CTGTTTGACTACAAATCCCGACAC	1
1213	1212	6	TGTTTGACTACAAATCCCGACACT	1
1214	1213	6	GTTTGACTACAAATCCCGACACTT	1
1215	1214	7	TTTGACTACAAATCCCGACACTTA	1
1216	1215	7	TTGACTACAAATCCCGACACTTAA	1
1217	1216	7	TGACTACAAATCCCGACACTTAAT	1
1218	1217	7	GACTACAAATCCCGACACTTAATC	1
1219	1218	7	ACTACAAATCCCGACACTTAATCT	1
1220	1219	7	CTACAAATCCCGACACTTAATCTC	1
1221	1220	7	TACAAATCCCGACACTTAATCTCG	1
1222	1221	7	ACAAATCCCGACACTTAATCTCGT	1
1223	1222	7	CAAATCCCGACACTTAATCTCGTT	1
1224	1223	7	AAATCCCGACACTTAATCTCGTTT	1
1225	1224	7	AATCCCGACACTTAATCTCGTTTG	1
1226	1225	7	ATCCCGACACTTAATCTCGTTTGA	1
1227	1226	7	TCCCGACACTTAATCTCGTTTGAT	1
1228	1227	7	CCCGACACTTAATCTCGTTTGATA	1
1229	1228	7	CCGACACTTAATCTCGTTTGATAG	1
1230	1229	7	CGACACTTAATCTCGTTTGATAGA	1
1231	1230	7	GACACTTAATCTCGTTTGATAGAG	1
1232	1231	7	ACACTTAATCTCGTTTGATAGAGG	1
1233	1232	5	CACTTAATCTCGTTTGATAGAGGA	1
1234	1233	5	ACTTAATCTCGTTTGATAGAGGAG	1
1235	1234	5	CTTAATCTCGTTTGATAGAGGAGA	1
1236	1235	5	TTAATCTCGTTTGATAGAGGAGAA	1
1237	1236	5	TAATCTCGTTTGATAGAGGAGAAA	1
1238	1237	5	AATCTCGTTTGATAGAGGAGAAAC	1
1239	1238	5	ATCTCGTTTGATAGAGGAGAAACT	1
1240	1239	5	TCTCGTTTGATAGAGGAGAAACTT	1
1241	1240	5	CTCGTTTGATAGAGGAGAAACTTG	1
1242	1241	5	TCGTTTGATAGAGGAGAAACTTGA	1
1243	1242	5	CGTTTGATAGAGGAGAAACTTGAA	1
1244	1243	4	GTTTGATAGAGGAGAAACTTGAAG	1
1245	1244	4	TTTGATAGAGGAGAAACTTGAAGC	1
1246	1245	4	TTGATAGAGGAGAAACTTGAAGCC	1
1247	1246	4	TGATAGAGGAGAAACTTGAAGCCG	1
1248	1247	4	GATAGAGGAGAAACTTGAAGCCGG	1
1249	1248	2	ATAGAGGAGAAACTTGAAGCCGGA	1
1250	1249	2	TAGAGGAGAAACTTGAAGCCGGAC	1
1251	1250	2	AGAGGAGAAACTTGAAGCCGGACA	1
1252	1251	2	GAGGAGAAACTTGAAGCCGGACAT	1
1253	1252	2	AGGAGAAACTTGAAGCCGGACATG	1
1254	1253	2	GGAGAAACTTGAAGCCGGACATGG	1
1255	1254	2	GAGAAACTTGAAGCCGGACATGGA	1
1256	1255	1	AGAAACTTGAAGCCGGACATGGAA	1
1257	1256	1	GAAACTTGAAGCCGGACATGGAAA	1
1258	1257	1	AAACTTGAAGCCGGACATGGAAAG	1
1259	-1	0	CAACAATGGCAGAAGAAGAACACG	1
1260	1259	3	AACAATGGCAGAAGAAGAACACGT	1
1261	1260	3	ACAATGGCAGAAGAAGAACACGTC	1
1262	1261	3	CAATGGCAGAAGAAGAACACGTCG	1
1263	1262	4	AATGGCAGAAGAAGAACACGTCGA	1
1264	1263	4	ATGGCAGAAGAAGAACACGTCGAT	1
1265	1264	4	TGGCAGAAGAAGAACACGTCGATT	1
1266	1265	4	GGCAGAAGAAGAACACGTCGATTT	1
1267	1266	5	GCAGAAGAAGAACACGTCGATTTC	1
1268	1267	6	CAGAAGAAGAACACGTCGATTTCG	1
1269	1268	7	AGAAGAAGAACACGTCGATTTCGA	1
1270	1269	7	GAAGAAGAACACGTCGATTTCGAG	1
1271	1270	7	AAGAAGAACACGTCGATTTCGAGG	1
1272	1271	7	AGAAGAACACGTCGATTTCGAGGG	1
1273	1272	8	GAAGAACACGTCGATTTCGAGGGT	1
1274	1273	13	AAGAACACGTCGATTTCGAGGGTG	1
1275	1274	15	AGAACACGTCGATTTCGAGGGTGG	1
1276	1275	16	GAACACGTCGATTTCGAGGGTGGT	1
1277	1276	17	AACACGTCGATTTCGAGGGTGGTG	1
1278	1277	17	ACACGTCGATTTCGAGGGTGGTGA	1
1279	1278	17	CACGTCGATTTCGAGGGTGGTGAG	1
1280	1279	18	ACGTCGATTTCGAGGGTGGTGAGG	1
1281	1280	18	CGTCGATTTCGAGGGTGGTGAGGC	1
1282	1281	22	GTCGATTTCGAGGGTGGTGAGGCC	1
1283	1282	23	TCGATTTCGAGGGTGGTGAGGCCG	1
1284	1283	23	CGATTTCGAGGGTGGTGAGGCCGG	1
1285	1284	23	GATTTCGAGGGTGGTGAGGCCGGT	1
1286	1285	23	ATTTCGAGGGTGGTGAGGCCGGTG	1
1287	1286	23	TTTCGAGGGTGGTGAGGCCGGTGC	1
1288	1287	23	TTCGAGGGTGGTGAGGCCGGTGCC	1
1289	1288	24	TCGAGGGTGGTGAGGCCGGTGCCT	1
1290	1289	25	CGAGGGTGGTGAGGCCGGTGCCTC	1
1291	1290	28	GAGGGTGGTGAGGCCGGTGCCTCT	1
1292	1291	28	AGGGTGGTGAGGCCGGTGCCTCTT	1
1293	1292	28	GGGTGGTGAGGCCGGTGCCTCTTT	1
1294	1293	28	GGTGGTGAGGCCGGTGCCTCTTTG	1
1295	1294	28	GTGGTGAGGCCGGTGCCTCTTTGA	1
1296	1295	28	TGGTGAGGCCGGTGCCTCTTTGAC	1
1297	1296	28	GGTGAGGCCGGTGCCTCTTTGACC	1
1298	1297	28	GTGAGGCCGGTGCCTCTTTGACCT	1
1299	1298	28	TGAGGCCGGTGCCTCTTTGACCTT	1
1300	1299	28	GAGGCCGGTGCCTCTTTGACCTTC	1
1301	1300	28	AGGCCGGTGCCTCTTTGACCTTCC	1
1302	436	22	GCCGGTGCCTCTTTGACCTTCCCT	1
1303	1302	20	CCGGTGCCTCTTTGACCTTCCCTA	1
1304	1303	20	CGGTGCCTCTTTGACCTTCCCTAT	1
1305	1304	20	GGTGCCTCTTTGACCTTCCCTATG	1
1306	1305	19	GTGCCTCTTTGACCTTCCCTATGC	1
1307	1306	19	TGCCTCTTTGACCTTCCCTATGCA	1
1308	1307	19	GCCTCTTTGACCTTCCCTATGCAA	1
1309	1308	19	CCTCTTTGACCTTCCCTATGCAAT	1
1310	1309	18	CTCTTTGACCTTCCCTATGCAATG	1
1311	1310	16	TCTTTGACCTTCCCTATGCAATGC	1
1312	1311	15	CTTTGACCTTCCCTATGCAATGCT	1
1313	1312	15	TTTGACCTTCCCTATGCAATGCTC	1
1314	1313	15	TTGACCTTCCCTATGCAATGCTCT	1
1315	1314	15	TGACCTTCCCTATGCAATGCTCTG	1
1316	1315	14	GACCTTCCCTATGCAATGCTCTGC	1
1317	1316	10	ACCTTCCCTATGCAATGCTCTGCT	1
1318	1317	8	CCTTCCCTATGCAATGCTCTGCTT	1
1319	1318	7	CTTCCCTATGCAATGCTCTGCTTT	1
1320	1319	6	TTCCCTATGCAATGCTCTGCTTTG	1
1321	1320	6	TCCCTATGCAATGCTCTGCTTTGC	1
1322	1321	6	CCCTATGCAATGCTCTGCTTTGCG	1
1323	1322	5	CCTATGCAATGCTCTGCTTTGCGT	1
1324	1323	5	CTATGCAATGCTCTGCTTTGCGTA	1
1325	1324	1	TATGCAATGCTCTGCTTTGCGTAA	1
1326	-1	0	CCTATCCTGTAGAAAGGAAAAGAA	1
1327	1326	1	CTATCCTGTAGAAAGGAAAAGAAA	1
1328	1327	3	TATCCTGTAGAAAGGAAAAGAAAT	1
1329	1328	3	ATCCTGTAGAAAGGAAAAGAAATT	1
1330	1329	4	TCCTGTAGAAAGGAAAAGAAATTT	1
1331	1330	4	CCTGTAGAAAGGAAAAGAAATTTT	1
1332	1331	5	CTGTAGAAAGGAAAAGAAATTTTT	1
1333	1332	6	TGTAGAAAGGAAAAGAAATTTTTT	1
1334	1333	7	GTAGAAAGGAAAAGAAATTTTTTT	1
1335	1334	8	TAGAAAGGAAAAGAAATTTTTTTT	1
1336	1335	8	AGAAAGGAAAAGAAATTTTTTTTG	1
1337	1336	9	GAAAGGAAAAGAAATTTTTTTTGG	1
1338	1337	9	AAAGGAAAAGAAATTTTTTTTGGT	1
1339	1338	9	AAGGAAAAGAAATTTTTTTTGGTT	1
1340	1339	11	AGGAAAAGAAATTTTTTTTGGTTT	1
1341	1340	11	GGAAAAGAAATTTTTTTTGGTTTG	1
1342	1341	15	GAAAAGAAATTTTTTTTGGTTTGA	1
1343	1342	15	AAAAGAAATTTTTTTTGGTTTGAT	1
1344	1343	15	AAAGAAATTTTTTTTGGTTTGATC	1
1345	1344	15	AAGAAATTTTTTTTGGTTTGATCA	1
1346	1345	15	AGAAATTTTTTTTGGTTTGATCAA	1
1347	1346	15	GAAATTTTTTTTGGTTTGATCAAG	1
1348	1347	15	AAATTTTTTTTGGTTTGATCAAGT	1
1349	1348	15	AATTTTTTTTGGTTTGATCAAGTT	1
1350	1349	15	ATTTTTTTTGGTTTGATCAAGTTT	1
1351	1350	15	TTTTTTTTGGTTTGATCAAGTTTA	1
1352	1351	16	TTTTTTTGGTTTGATCAAGTTTAT	1
1353	1352	16	TTTTTTGGTTTGATCAAGTTTATT	1
1354	1353	16	TTTTTGGTTTGATCAAGTTTATTT	1
1355	1354	16	TTTTGGTTTGATCAAGTTTATTTA	1
1356	1355	16	TTTGGTTTGATCAAGTTTATTTAT	1
1357	1356	16	TTGGTTTGATCAAGTTTATTTATA	1
1358	1357	15	TGGTTTGATCAAGTTTATTTATAC	1
1359	1358	15	GGTTTGATCAAGTTTATTTATACG	1
1360	1359	15	GTTTGATCAAGTTTATTTATACGG	1
1361	1360	15	TTTGATCAAGTTTATTTATACGGG	1
1362	1361	15	TTGATCAAGTTTATTTATACGGGC	1
1363	1362	16	TGATCAAGTTTATTTATACGGGCT	1
1364	1363	16	GATCAAGTTTATTTATACGGGCTT	1
1365	1364	16	ATCAAGTTTATTTATACGGGCTTC	1
1366	1365	16	TCAAGTTTATTTATACGGGCTTCA	1
1367	1366	16	CAAGTTTATTTATACGGGCTTCAG	1
1368	1367	16	AAGTTTATTTATACGGGCTTCAGA	1
1369	1368	16	AGTTTATTTATACGGGCTTCAGAT	1
1370	1369	17	GTTTATTTATACGGGCTTCAGATC	1
1371	1370	17	TTTATTTATACGGGCTTCAGATCT	1
1372	1371	15	TTATTTATACGGGCTTCAGATCTC	1
1373	1372	15	TATTTATACGGGCTTCAGATCTCC	1
1374	1373	14	ATTTATACGGGCTTCAGATCTCCT	1
1375	1374	14	TTTATACGGGCTTCAGATCTCCTC	1
1376	1375	13	TTATACGGGCTTCAGATCTCCTCT	1
1377	1376	12	TATACGGGCTTCAGATCTCCTCTT	1
1378	1377	11	ATACGGGCTTCAGATCTCCTCTTC	1
1379	1378	10	TACGGGCTTCAGATCTCCTCTTCA	1
1380	1379	10	ACGGGCTTCAGATCTCCTCTTCAA	1
1381	1380	9	CGGGCTTCAGATCTCCTCTTCAAG	1
1382	1381	9	GGGCTTCAGATCTCCTCTTCAAGT	1
1383	1382	10	GGCTTCAGATCTCCTCTTCAAGTT	1
1384	1383	8	GCTTCAGATCTCCTCTTCAAGTTT	1
1385	1384	8	CTTCAGATCTCCTCTTCAAGTTTA	1
1386	1385	4	TTCAGATCTCCTCTTCAAGTTTAA	1
1387	1386	4	TCAGATCTCCTCTTCAAGTTTAAG	1
1388	1387	4	CAGATCTCCTCTTCAAGTTTAAGA	1
1389	1388	4	AGATCTCCTCTTCAAGTTTAAGAA	1
1390	1389	4	GATCTCCTCTTCAAGTTTAAGAAT	1
1391	1390	4	ATCTCCTCTTCAAGTTTAAGAATC	1
1392	1391	4	TCTCCTCTTCAAGTTTAAGAATCG	1
1393	1392	4	CTCCTCTTCAAGTTTAAGAATCGT	1
1394	1393	2	TCCTCTTCAAGTTTAAGAATCGTT	1
1395	1394	2	CCTCTTCAAGTTTAAGAATCGTTT	1
1396	1395	1	CTCTTCAAGTTTAAGAATCGTTTA	1
1397	1396	1	TCTTCAAGTTTAAGAATCGTTTAG	1
1398	1397	1	CTTCAAGTTTAAGAATCGTTTAGA	1
1399	1398	1	TTCAAGTTTAAGAATCGTTTAGAG	1
1400	1399	1	TCAAGTTTAAGAATCGTTTAGAGC	1
1401	1400	1	CAAGTTTAAGAATCGTTTAGAGCA	1
1402	1401	1	AAGTTTAAGAATCGTTTAGAGCAA	1
1403	1402	1	AGTTTAAGAATCGTTTAGAGCAAC	1
1404	1403	1	GTTTAAGAATCGTTTAGAGCAACA	1
1405	1404	1	TTTAAGAATCGTTTAGAGCAACAA	1
1406	1405	1	TTAAGAATCGTTTAGAGCAACAAC	1
1407	1406	1	TAAGAATCGTTTAGAGCAACAACA	1
1408	1407	1	AAGAATCGTTTAGAGCAACAACAA	1
1409	1408	1	AGAATCGTTTAGAGCAACAACAAC	1
1410	1409	1	GAATCGTTTAGAGCAACAACAACA	1
1411	1410	1	AATCGTTTAGAGCAACAACAACAG	1
1412	1411	1	ATCGTTTAGAGCAACAACAACAGA	1
1413	1412	1	TCGTTTAGAGCAACAACAACAGAA	1
1414	1413	1	CGTTTAGAGCAACAACAACAGAAA	1
