Component 589
1	-1	0	GGATAACGCAATTCTACGAGTAGC	1
2	1	1	GATAACGCAATTCTACGAGTAGCG	1
3	2	1	ATAACGCAATTCTACGAGTAGCGT	1
4	3	1	TAACGCAATTCTACGAGTAGCGTA	1
5	4	1	AACGCAATTCTACGAGTAGCGTAA	1
6	5	1	ACGCAATTCTACGAGTAGCGTAAA	1
7	6	1	CGCAATTCTACGAGTAGCGTAAAA	1
8	7	3	GCAATTCTACGAGTAGCGTAAAAT	1
9	8	3	CAATTCTACGAGTAGCGTAAAATA	1
10	9	3	AATTCTACGAGTAGCGTAAAATAA	1
11	10	3	ATTCTACGAGTAGCGTAAAATAAT	1
12	11	3	TTCTACGAGTAGCGTAAAATAATA	1
13	12	3	TCTACGAGTAGCGTAAAATAATAA	1
14	13	3	CTACGAGTAGCGTAAAATAATAAT	1
15	14	3	TACGAGTAGCGTAAAATAATAATT	1
16	15	3	ACGAGTAGCGTAAAATAATAATTG	1
17	16	3	CGAGTAGCGTAAAATAATAATTGA	1
18	17	3	GAGTAGCGTAAAATAATAATTGAT	1
19	18	3	AGTAGCGTAAAATAATAATTGATT	1
20	19	3	GTAGCGTAAAATAATAATTGATTT	1
21	20	3	TAGCGTAAAATAATAATTGATTTA	1
22	21	3	AGCGTAAAATAATAATTGATTTAC	1
23	22	3	GCGTAAAATAATAATTGATTTACT	1
24	23	3	CGTAAAATAATAATTGATTTACTG	1
25	24	3	GTAAAATAATAATTGATTTACTGC	1
26	25	3	TAAAATAATAATTGATTTACTGCA	1
27	26	3	AAAATAATAATTGATTTACTGCAA	1
28	27	3	AAATAATAATTGATTTACTGCAAT	1
29	28	3	AATAATAATTGATTTACTGCAATG	1
30	29	3	ATAATAATTGATTTACTGCAATGG	1
31	30	3	TAATAATTGATTTACTGCAATGGA	1
32	31	3	AATAATTGATTTACTGCAATGGAT	1
33	32	3	ATAATTGATTTACTGCAATGGATT	1
34	33	3	TAATTGATTTACTGCAATGGATTT	1
35	34	3	AATTGATTTACTGCAATGGATTTC	1
36	35	3	ATTGATTTACTGCAATGGATTTCG	1
37	36	3	TTGATTTACTGCAATGGATTTCGC	1
38	37	3	TGATTTACTGCAATGGATTTCGCT	1
39	38	3	GATTTACTGCAATGGATTTCGCTT	1
40	39	3	ATTTACTGCAATGGATTTCGCTTT	1
41	40	3	TTTACTGCAATGGATTTCGCTTTA	1
42	41	3	TTACTGCAATGGATTTCGCTTTAC	1
43	42	3	TACTGCAATGGATTTCGCTTTACC	1
44	43	3	ACTGCAATGGATTTCGCTTTACCC	1
45	44	3	CTGCAATGGATTTCGCTTTACCCA	1
46	45	2	TGCAATGGATTTCGCTTTACCCAC	1
47	46	2	GCAATGGATTTCGCTTTACCCACC	1
48	47	2	CAATGGATTTCGCTTTACCCACCA	1
49	48	2	AATGGATTTCGCTTTACCCACCAC	1
50	49	2	ATGGATTTCGCTTTACCCACCACG	1
51	50	2	TGGATTTCGCTTTACCCACCACGG	1
52	-1	0	TTGTGCTACATGCACGTAATGCAG	1
53	52	1	TGTGCTACATGCACGTAATGCAGA	1
54	53	1	GTGCTACATGCACGTAATGCAGAA	1
55	54	1	TGCTACATGCACGTAATGCAGAAT	1
56	55	1	GCTACATGCACGTAATGCAGAATA	1
57	56	2	CTACATGCACGTAATGCAGAATAC	1
58	57	2	TACATGCACGTAATGCAGAATACA	1
59	58	2	ACATGCACGTAATGCAGAATACAA	1
60	59	3	CATGCACGTAATGCAGAATACAAC	1
61	60	3	ATGCACGTAATGCAGAATACAACC	1
62	61	3	TGCACGTAATGCAGAATACAACCC	1
63	62	3	GCACGTAATGCAGAATACAACCCA	1
64	63	3	CACGTAATGCAGAATACAACCCAA	1
65	64	3	ACGTAATGCAGAATACAACCCAAA	1
66	65	3	CGTAATGCAGAATACAACCCAAAA	1
67	66	3	GTAATGCAGAATACAACCCAAAAC	1
68	67	3	TAATGCAGAATACAACCCAAAACG	1
69	68	4	AATGCAGAATACAACCCAAAACGT	1
70	69	4	ATGCAGAATACAACCCAAAACGTT	1
71	70	4	TGCAGAATACAACCCAAAACGTTT	1
72	71	4	GCAGAATACAACCCAAAACGTTTT	1
73	72	4	CAGAATACAACCCAAAACGTTTTG	1
74	73	4	AGAATACAACCCAAAACGTTTTGC	1
75	74	4	GAATACAACCCAAAACGTTTTGCC	1
76	75	5	AATACAACCCAAAACGTTTTGCCG	1
77	76	5	ATACAACCCAAAACGTTTTGCCGC	1
78	77	5	TACAACCCAAAACGTTTTGCCGCT	1
79	78	5	ACAACCCAAAACGTTTTGCCGCTG	1
80	79	5	CAACCCAAAACGTTTTGCCGCTGT	1
81	80	5	AACCCAAAACGTTTTGCCGCTGTT	1
82	81	5	ACCCAAAACGTTTTGCCGCTGTTA	1
83	82	6	CCCAAAACGTTTTGCCGCTGTTAT	1
84	83	6	CCAAAACGTTTTGCCGCTGTTATT	1
85	84	6	CAAAACGTTTTGCCGCTGTTATTA	1
86	85	7	AAAACGTTTTGCCGCTGTTATTAT	1
87	86	7	AAACGTTTTGCCGCTGTTATTATG	1
88	87	7	AACGTTTTGCCGCTGTTATTATGC	1
89	88	7	ACGTTTTGCCGCTGTTATTATGCG	1
90	89	7	CGTTTTGCCGCTGTTATTATGCGT	1
91	90	7	GTTTTGCCGCTGTTATTATGCGTA	1
92	91	7	TTTTGCCGCTGTTATTATGCGTAT	1
93	92	7	TTTGCCGCTGTTATTATGCGTATC	1
94	93	7	TTGCCGCTGTTATTATGCGTATCC	1
95	94	7	TGCCGCTGTTATTATGCGTATCCG	1
96	95	6	GCCGCTGTTATTATGCGTATCCGT	1
97	96	5	CCGCTGTTATTATGCGTATCCGTG	1
98	97	4	CGCTGTTATTATGCGTATCCGTGA	1
99	98	4	GCTGTTATTATGCGTATCCGTGAA	1
100	99	3	CTGTTATTATGCGTATCCGTGAAC	1
101	100	3	TGTTATTATGCGTATCCGTGAACC	1
102	101	3	GTTATTATGCGTATCCGTGAACCC	1
103	102	3	TTATTATGCGTATCCGTGAACCCA	1
104	103	2	TATTATGCGTATCCGTGAACCCAA	1
105	104	2	ATTATGCGTATCCGTGAACCCAAG	1
106	105	2	TTATGCGTATCCGTGAACCCAAGT	1
107	106	2	TATGCGTATCCGTGAACCCAAGTC	1
108	107	2	ATGCGTATCCGTGAACCCAAGTCT	1
109	108	2	TGCGTATCCGTGAACCCAAGTCTA	1
110	109	2	GCGTATCCGTGAACCCAAGTCTAC	1
111	110	2	CGTATCCGTGAACCCAAGTCTACT	1
112	111	2	GTATCCGTGAACCCAAGTCTACTG	1
113	112	2	TATCCGTGAACCCAAGTCTACTGC	1
114	113	2	ATCCGTGAACCCAAGTCTACTGCA	1
115	114	2	TCCGTGAACCCAAGTCTACTGCAT	1
116	115	2	CCGTGAACCCAAGTCTACTGCATT	1
117	116	2	CGTGAACCCAAGTCTACTGCATTG	1
118	117	3	GTGAACCCAAGTCTACTGCATTGA	1
119	118	3	TGAACCCAAGTCTACTGCATTGAT	1
120	119	3	GAACCCAAGTCTACTGCATTGATT	1
121	120	3	AACCCAAGTCTACTGCATTGATTT	1
122	121	3	ACCCAAGTCTACTGCATTGATTTT	1
123	122	3	CCCAAGTCTACTGCATTGATTTTC	1
124	123	3	CCAAGTCTACTGCATTGATTTTCG	1
125	124	3	CAAGTCTACTGCATTGATTTTCGC	1
126	125	3	AAGTCTACTGCATTGATTTTCGCG	1
127	126	2	AGTCTACTGCATTGATTTTCGCGT	1
128	127	2	GTCTACTGCATTGATTTTCGCGTC	1
129	128	2	TCTACTGCATTGATTTTCGCGTCT	1
130	129	1	CTACTGCATTGATTTTCGCGTCTG	1
131	130	1	TACTGCATTGATTTTCGCGTCTGG	1
132	131	1	ACTGCATTGATTTTCGCGTCTGGT	1
133	132	1	CTGCATTGATTTTCGCGTCTGGTA	1
134	133	1	TGCATTGATTTTCGCGTCTGGTAA	1
135	134	1	GCATTGATTTTCGCGTCTGGTAAA	1
136	135	1	CATTGATTTTCGCGTCTGGTAAAA	1
137	136	1	ATTGATTTTCGCGTCTGGTAAAAT	1
138	137	1	TTGATTTTCGCGTCTGGTAAAATG	1
139	138	1	TGATTTTCGCGTCTGGTAAAATGG	1
140	139	1	GATTTTCGCGTCTGGTAAAATGGT	1
141	140	1	ATTTTCGCGTCTGGTAAAATGGTT	1
142	141	1	TTTTCGCGTCTGGTAAAATGGTTG	1
143	142	1	TTTCGCGTCTGGTAAAATGGTTGT	1
144	143	1	TTCGCGTCTGGTAAAATGGTTGTT	1
145	144	1	TCGCGTCTGGTAAAATGGTTGTTT	1
146	145	1	CGCGTCTGGTAAAATGGTTGTTTT	1
147	146	1	GCGTCTGGTAAAATGGTTGTTTTG	1
148	147	1	CGTCTGGTAAAATGGTTGTTTTGG	1
149	148	1	GTCTGGTAAAATGGTTGTTTTGGG	1
150	149	1	TCTGGTAAAATGGTTGTTTTGGGT	1
151	150	1	CTGGTAAAATGGTTGTTTTGGGTG	1
152	151	1	TGGTAAAATGGTTGTTTTGGGTGG	1
153	152	1	GGTAAAATGGTTGTTTTGGGTGGC	1
154	153	1	GTAAAATGGTTGTTTTGGGTGGCA	1
155	154	1	TAAAATGGTTGTTTTGGGTGGCAA	1
156	155	1	AAAATGGTTGTTTTGGGTGGCAAA	1
157	156	2	AAATGGTTGTTTTGGGTGGCAAAT	1
158	157	2	AATGGTTGTTTTGGGTGGCAAATC	1
159	158	2	ATGGTTGTTTTGGGTGGCAAATCC	1
160	159	2	TGGTTGTTTTGGGTGGCAAATCCG	1
161	160	2	GGTTGTTTTGGGTGGCAAATCCGA	1
162	161	1	GTTGTTTTGGGTGGCAAATCCGAG	1
163	162	1	TTGTTTTGGGTGGCAAATCCGAGG	1
164	163	1	TGTTTTGGGTGGCAAATCCGAGGA	1
165	164	1	GTTTTGGGTGGCAAATCCGAGGAT	1
166	165	1	TTTTGGGTGGCAAATCCGAGGATG	1
167	166	1	TTTGGGTGGCAAATCCGAGGATGA	1
168	167	1	TTGGGTGGCAAATCCGAGGATGAC	1
169	168	1	TGGGTGGCAAATCCGAGGATGACT	1
170	169	1	GGGTGGCAAATCCGAGGATGACTC	1
171	170	1	GGTGGCAAATCCGAGGATGACTCC	1
172	171	1	GTGGCAAATCCGAGGATGACTCCA	1
173	172	1	TGGCAAATCCGAGGATGACTCCAA	1
174	173	1	GGCAAATCCGAGGATGACTCCAAG	1
175	174	1	GCAAATCCGAGGATGACTCCAAGC	1
176	175	1	CAAATCCGAGGATGACTCCAAGCT	1
177	176	1	AAATCCGAGGATGACTCCAAGCTC	1
178	177	1	AATCCGAGGATGACTCCAAGCTCG	1
179	178	1	ATCCGAGGATGACTCCAAGCTCGC	1
180	179	1	TCCGAGGATGACTCCAAGCTCGCG	1
181	180	1	CCGAGGATGACTCCAAGCTCGCGT	1
182	181	1	CGAGGATGACTCCAAGCTCGCGTC	1
183	182	1	GAGGATGACTCCAAGCTCGCGTCT	1
184	183	1	AGGATGACTCCAAGCTCGCGTCTA	1
185	184	1	GGATGACTCCAAGCTCGCGTCTAG	1
186	185	1	GATGACTCCAAGCTCGCGTCTAGA	1
187	186	1	ATGACTCCAAGCTCGCGTCTAGAA	1
188	187	1	TGACTCCAAGCTCGCGTCTAGAAA	1
189	188	1	GACTCCAAGCTCGCGTCTAGAAAG	1
190	189	1	ACTCCAAGCTCGCGTCTAGAAAGT	1
191	190	1	CTCCAAGCTCGCGTCTAGAAAGTA	1
192	191	1	TCCAAGCTCGCGTCTAGAAAGTAT	1
193	192	1	CCAAGCTCGCGTCTAGAAAGTATG	1
194	193	1	CAAGCTCGCGTCTAGAAAGTATGC	1
195	194	2	AAGCTCGCGTCTAGAAAGTATGCG	1
196	195	2	AGCTCGCGTCTAGAAAGTATGCGC	1
197	196	2	GCTCGCGTCTAGAAAGTATGCGCG	1
198	197	2	CTCGCGTCTAGAAAGTATGCGCGT	1
199	198	2	TCGCGTCTAGAAAGTATGCGCGTA	1
200	199	2	CGCGTCTAGAAAGTATGCGCGTAT	1
201	200	1	GCGTCTAGAAAGTATGCGCGTATC	1
202	201	1	CGTCTAGAAAGTATGCGCGTATCA	1
203	202	1	GTCTAGAAAGTATGCGCGTATCAT	1
204	203	1	TCTAGAAAGTATGCGCGTATCATC	1
205	204	1	CTAGAAAGTATGCGCGTATCATCC	1
206	205	1	TAGAAAGTATGCGCGTATCATCCA	1
207	206	1	AGAAAGTATGCGCGTATCATCCAA	1
208	207	1	GAAAGTATGCGCGTATCATCCAAA	1
209	208	1	AAAGTATGCGCGTATCATCCAAAA	1
210	209	1	AAGTATGCGCGTATCATCCAAAAA	1
211	210	1	AGTATGCGCGTATCATCCAAAAAC	1
212	211	1	GTATGCGCGTATCATCCAAAAACT	1
213	212	1	TATGCGCGTATCATCCAAAAACTC	1
214	213	1	ATGCGCGTATCATCCAAAAACTCG	1
215	214	1	TGCGCGTATCATCCAAAAACTCGG	1
216	215	1	GCGCGTATCATCCAAAAACTCGGT	1
217	216	1	CGCGTATCATCCAAAAACTCGGTT	1
218	217	2	GCGTATCATCCAAAAACTCGGTTT	1
219	218	3	CGTATCATCCAAAAACTCGGTTTT	1
220	219	3	GTATCATCCAAAAACTCGGTTTTA	1
221	220	3	TATCATCCAAAAACTCGGTTTTAA	1
222	221	3	ATCATCCAAAAACTCGGTTTTAAT	1
223	222	3	TCATCCAAAAACTCGGTTTTAATG	1
224	223	3	CATCCAAAAACTCGGTTTTAATGC	1
225	224	3	ATCCAAAAACTCGGTTTTAATGCC	1
226	225	3	TCCAAAAACTCGGTTTTAATGCCA	1
227	226	3	CCAAAAACTCGGTTTTAATGCCAA	1
228	227	3	CAAAAACTCGGTTTTAATGCCAAG	1
229	228	3	AAAAACTCGGTTTTAATGCCAAGT	1
230	229	3	AAAACTCGGTTTTAATGCCAAGTT	1
231	230	3	AAACTCGGTTTTAATGCCAAGTTC	1
232	231	3	AACTCGGTTTTAATGCCAAGTTCA	1
233	232	3	ACTCGGTTTTAATGCCAAGTTCAC	1
234	233	3	CTCGGTTTTAATGCCAAGTTCACG	1
235	234	3	TCGGTTTTAATGCCAAGTTCACGG	1
236	235	3	CGGTTTTAATGCCAAGTTCACGGA	1
237	236	3	GGTTTTAATGCCAAGTTCACGGAT	1
238	237	3	GTTTTAATGCCAAGTTCACGGATT	1
239	238	2	TTTTAATGCCAAGTTCACGGATTT	1
240	239	2	TTTAATGCCAAGTTCACGGATTTT	1
241	240	2	TTAATGCCAAGTTCACGGATTTTA	1
242	241	2	TAATGCCAAGTTCACGGATTTTAA	1
243	242	2	AATGCCAAGTTCACGGATTTTAAG	1
244	243	2	ATGCCAAGTTCACGGATTTTAAGA	1
245	244	2	TGCCAAGTTCACGGATTTTAAGAT	1
246	245	2	GCCAAGTTCACGGATTTTAAGATT	1
247	246	2	CCAAGTTCACGGATTTTAAGATTC	1
248	247	2	CAAGTTCACGGATTTTAAGATTCA	1
249	248	2	AAGTTCACGGATTTTAAGATTCAG	1
250	249	2	AGTTCACGGATTTTAAGATTCAGA	1
251	250	2	GTTCACGGATTTTAAGATTCAGAA	1
252	251	2	TTCACGGATTTTAAGATTCAGAAC	1
253	252	2	TCACGGATTTTAAGATTCAGAACA	1
254	253	2	CACGGATTTTAAGATTCAGAACAT	1
255	254	2	ACGGATTTTAAGATTCAGAACATT	1
256	255	2	CGGATTTTAAGATTCAGAACATTG	1
257	256	3	GGATTTTAAGATTCAGAACATTGT	1
258	257	3	GATTTTAAGATTCAGAACATTGTA	1
259	258	3	ATTTTAAGATTCAGAACATTGTAG	1
260	259	3	TTTTAAGATTCAGAACATTGTAGG	1
261	260	2	TTTAAGATTCAGAACATTGTAGGA	1
262	261	1	TTAAGATTCAGAACATTGTAGGAA	1
263	262	1	TAAGATTCAGAACATTGTAGGAAG	1
264	263	1	AAGATTCAGAACATTGTAGGAAGT	1
265	264	1	AGATTCAGAACATTGTAGGAAGTT	1
266	265	1	GATTCAGAACATTGTAGGAAGTTG	1
267	266	1	ATTCAGAACATTGTAGGAAGTTGC	1
268	267	1	TTCAGAACATTGTAGGAAGTTGCG	1
269	268	1	TCAGAACATTGTAGGAAGTTGCGA	1
270	269	1	CAGAACATTGTAGGAAGTTGCGAT	1
271	270	1	AGAACATTGTAGGAAGTTGCGATG	1
272	271	1	GAACATTGTAGGAAGTTGCGATGT	1
273	272	1	AACATTGTAGGAAGTTGCGATGTT	1
274	273	1	ACATTGTAGGAAGTTGCGATGTTA	1
275	274	1	CATTGTAGGAAGTTGCGATGTTAA	1
276	275	1	ATTGTAGGAAGTTGCGATGTTAAA	1
277	276	1	TTGTAGGAAGTTGCGATGTTAAAT	1
278	277	1	TGTAGGAAGTTGCGATGTTAAATT	1
279	278	1	GTAGGAAGTTGCGATGTTAAATTT	1
280	279	1	TAGGAAGTTGCGATGTTAAATTTC	1
281	280	1	AGGAAGTTGCGATGTTAAATTTCC	1
282	281	1	GGAAGTTGCGATGTTAAATTTCCA	1
283	282	1	GAAGTTGCGATGTTAAATTTCCAA	1
284	283	1	AAGTTGCGATGTTAAATTTCCAAT	1
285	284	1	AGTTGCGATGTTAAATTTCCAATT	1
286	285	1	GTTGCGATGTTAAATTTCCAATTC	1
287	286	1	TTGCGATGTTAAATTTCCAATTCG	1
288	287	1	TGCGATGTTAAATTTCCAATTCGT	1
289	288	1	GCGATGTTAAATTTCCAATTCGTT	1
290	289	1	CGATGTTAAATTTCCAATTCGTTT	1
291	290	1	GATGTTAAATTTCCAATTCGTTTG	1
292	291	1	ATGTTAAATTTCCAATTCGTTTGG	1
293	292	1	TGTTAAATTTCCAATTCGTTTGGA	1
294	293	1	GTTAAATTTCCAATTCGTTTGGAA	1
295	294	1	TTAAATTTCCAATTCGTTTGGAAG	1
296	295	1	TAAATTTCCAATTCGTTTGGAAGG	1
297	296	1	AAATTTCCAATTCGTTTGGAAGGT	1
298	297	1	AATTTCCAATTCGTTTGGAAGGTT	1
299	298	1	ATTTCCAATTCGTTTGGAAGGTTT	1
300	299	1	TTTCCAATTCGTTTGGAAGGTTTG	1
301	-1	0	GTCAATGTTCATGGGTATTGTTGG	1
302	301	1	TCAATGTTCATGGGTATTGTTGGG	1
303	302	1	CAATGTTCATGGGTATTGTTGGGT	1
304	303	1	AATGTTCATGGGTATTGTTGGGTA	1
305	304	1	ATGTTCATGGGTATTGTTGGGTAA	1
306	305	1	TGTTCATGGGTATTGTTGGGTAAA	1
307	306	1	GTTCATGGGTATTGTTGGGTAAAA	1
308	307	1	TTCATGGGTATTGTTGGGTAAAAG	1
309	308	1	TCATGGGTATTGTTGGGTAAAAGA	1
310	309	1	CATGGGTATTGTTGGGTAAAAGAC	1
311	310	1	ATGGGTATTGTTGGGTAAAAGACC	1
312	311	1	TGGGTATTGTTGGGTAAAAGACCT	1
313	312	1	GGGTATTGTTGGGTAAAAGACCTT	1
314	313	1	GGTATTGTTGGGTAAAAGACCTTA	1
315	314	1	GTATTGTTGGGTAAAAGACCTTAG	1
316	315	1	TATTGTTGGGTAAAAGACCTTAGT	1
317	316	1	ATTGTTGGGTAAAAGACCTTAGTC	1
318	317	1	TTGTTGGGTAAAAGACCTTAGTCG	1
319	318	1	TGTTGGGTAAAAGACCTTAGTCGG	1
320	319	1	GTTGGGTAAAAGACCTTAGTCGGG	1
321	320	1	TTGGGTAAAAGACCTTAGTCGGGG	1
322	321	1	TGGGTAAAAGACCTTAGTCGGGGT	1
323	322	1	GGGTAAAAGACCTTAGTCGGGGTC	1
324	323	1	GGTAAAAGACCTTAGTCGGGGTCA	1
325	324	1	GTAAAAGACCTTAGTCGGGGTCAG	1
326	325	1	TAAAAGACCTTAGTCGGGGTCAGG	1
327	326	3	AAAAGACCTTAGTCGGGGTCAGGT	1
328	327	3	AAAGACCTTAGTCGGGGTCAGGTT	1
329	328	3	AAGACCTTAGTCGGGGTCAGGTTA	1
330	329	3	AGACCTTAGTCGGGGTCAGGTTAT	1
331	330	3	GACCTTAGTCGGGGTCAGGTTATT	1
332	331	3	ACCTTAGTCGGGGTCAGGTTATTT	1
333	332	3	CCTTAGTCGGGGTCAGGTTATTTT	1
334	333	3	CTTAGTCGGGGTCAGGTTATTTTT	1
335	334	3	TTAGTCGGGGTCAGGTTATTTTTT	1
336	335	3	TAGTCGGGGTCAGGTTATTTTTTG	1
337	336	3	AGTCGGGGTCAGGTTATTTTTTGA	1
338	337	3	GTCGGGGTCAGGTTATTTTTTGAT	1
339	338	3	TCGGGGTCAGGTTATTTTTTGATC	1
340	339	3	CGGGGTCAGGTTATTTTTTGATCT	1
341	340	3	GGGGTCAGGTTATTTTTTGATCTT	1
342	341	3	GGGTCAGGTTATTTTTTGATCTTT	1
343	342	3	GGTCAGGTTATTTTTTGATCTTTA	1
344	343	3	GTCAGGTTATTTTTTGATCTTTAA	1
345	344	3	TCAGGTTATTTTTTGATCTTTAAC	1
346	345	2	CAGGTTATTTTTTGATCTTTAACA	1
347	346	2	AGGTTATTTTTTGATCTTTAACAT	1
348	347	2	GGTTATTTTTTGATCTTTAACATT	1
349	348	2	GTTATTTTTTGATCTTTAACATTA	1
350	349	2	TTATTTTTTGATCTTTAACATTAA	1
351	350	2	TATTTTTTGATCTTTAACATTAAA	1
352	351	2	ATTTTTTGATCTTTAACATTAAAC	1
353	352	2	TTTTTTGATCTTTAACATTAAACC	1
354	353	2	TTTTTGATCTTTAACATTAAACCC	1
355	354	2	TTTTGATCTTTAACATTAAACCCT	1
356	355	2	TTTGATCTTTAACATTAAACCCTT	1
357	356	2	TTGATCTTTAACATTAAACCCTTA	1
358	357	2	TGATCTTTAACATTAAACCCTTAA	1
359	358	2	GATCTTTAACATTAAACCCTTAAA	1
360	359	2	ATCTTTAACATTAAACCCTTAAAA	1
361	360	2	TCTTTAACATTAAACCCTTAAAAA	1
362	361	2	CTTTAACATTAAACCCTTAAAAAG	1
363	362	2	TTTAACATTAAACCCTTAAAAAGC	1
364	363	2	TTAACATTAAACCCTTAAAAAGCT	1
365	364	2	TAACATTAAACCCTTAAAAAGCTT	1
366	365	2	AACATTAAACCCTTAAAAAGCTTT	1
367	366	2	ACATTAAACCCTTAAAAAGCTTTC	1
368	367	2	CATTAAACCCTTAAAAAGCTTTCC	1
369	368	2	ATTAAACCCTTAAAAAGCTTTCCG	1
370	369	2	TTAAACCCTTAAAAAGCTTTCCGG	1
371	-1	0	CTCCCCAATGCCAATAACGAGGCT	1
372	371	2	TCCCCAATGCCAATAACGAGGCTA	1
373	372	2	CCCCAATGCCAATAACGAGGCTAC	1
374	373	2	CCCAATGCCAATAACGAGGCTACA	1
375	374	2	CCAATGCCAATAACGAGGCTACAA	1
376	375	2	CAATGCCAATAACGAGGCTACAAA	1
377	376	2	AATGCCAATAACGAGGCTACAAAT	1
378	377	2	ATGCCAATAACGAGGCTACAAATG	1
379	378	2	TGCCAATAACGAGGCTACAAATGA	1
380	379	2	GCCAATAACGAGGCTACAAATGAG	1
381	380	2	CCAATAACGAGGCTACAAATGAGA	1
382	381	2	CAATAACGAGGCTACAAATGAGAC	1
383	382	2	AATAACGAGGCTACAAATGAGACG	1
384	383	2	ATAACGAGGCTACAAATGAGACGG	1
385	384	2	TAACGAGGCTACAAATGAGACGGC	1
386	385	2	AACGAGGCTACAAATGAGACGGCA	1
387	386	2	ACGAGGCTACAAATGAGACGGCAG	1
388	387	2	CGAGGCTACAAATGAGACGGCAGA	1
389	388	3	GAGGCTACAAATGAGACGGCAGAT	1
390	389	3	AGGCTACAAATGAGACGGCAGATT	1
391	390	3	GGCTACAAATGAGACGGCAGATTC	1
392	391	3	GCTACAAATGAGACGGCAGATTCC	1
393	392	3	CTACAAATGAGACGGCAGATTCCG	1
394	393	3	TACAAATGAGACGGCAGATTCCGG	1
395	394	3	ACAAATGAGACGGCAGATTCCGGG	1
396	395	3	CAAATGAGACGGCAGATTCCGGGG	1
397	396	3	AAATGAGACGGCAGATTCCGGGGA	1
398	397	3	AATGAGACGGCAGATTCCGGGGAT	1
399	398	3	ATGAGACGGCAGATTCCGGGGATG	1
400	399	3	TGAGACGGCAGATTCCGGGGATGC	1
401	400	3	GAGACGGCAGATTCCGGGGATGCA	1
402	401	3	AGACGGCAGATTCCGGGGATGCAG	1
403	402	3	GACGGCAGATTCCGGGGATGCAGA	1
404	403	3	ACGGCAGATTCCGGGGATGCAGAA	1
405	404	3	CGGCAGATTCCGGGGATGCAGAAG	1
406	405	3	GGCAGATTCCGGGGATGCAGAAGT	1
407	406	3	GCAGATTCCGGGGATGCAGAAGTT	1
408	407	3	CAGATTCCGGGGATGCAGAAGTTT	1
409	408	3	AGATTCCGGGGATGCAGAAGTTTC	1
410	409	3	GATTCCGGGGATGCAGAAGTTTCA	1
411	410	3	ATTCCGGGGATGCAGAAGTTTCAA	1
412	411	3	TTCCGGGGATGCAGAAGTTTCAAA	1
413	412	3	TCCGGGGATGCAGAAGTTTCAAAA	1
414	413	3	CCGGGGATGCAGAAGTTTCAAAAA	1
415	414	3	CGGGGATGCAGAAGTTTCAAAAAA	1
416	415	2	GGGGATGCAGAAGTTTCAAAAAAT	1
417	416	2	GGGATGCAGAAGTTTCAAAAAATG	1
418	417	2	GGATGCAGAAGTTTCAAAAAATGA	1
419	418	2	GATGCAGAAGTTTCAAAAAATGAA	1
420	419	2	ATGCAGAAGTTTCAAAAAATGAAG	1
421	420	2	TGCAGAAGTTTCAAAAAATGAAGG	1
422	421	2	GCAGAAGTTTCAAAAAATGAAGGT	1
423	422	2	CAGAAGTTTCAAAAAATGAAGGTG	1
424	423	2	AGAAGTTTCAAAAAATGAAGGTGT	1
425	424	2	GAAGTTTCAAAAAATGAAGGTGTA	1
426	425	2	AAGTTTCAAAAAATGAAGGTGTAT	1
427	426	2	AGTTTCAAAAAATGAAGGTGTATC	1
428	427	2	GTTTCAAAAAATGAAGGTGTATCT	1
429	428	2	TTTCAAAAAATGAAGGTGTATCTG	1
430	429	2	TTCAAAAAATGAAGGTGTATCTGG	1
431	430	2	TCAAAAAATGAAGGTGTATCTGGC	1
432	431	2	CAAAAAATGAAGGTGTATCTGGCA	1
433	432	1	AAAAAATGAAGGTGTATCTGGCAT	1
434	433	1	AAAAATGAAGGTGTATCTGGCATT	1
435	434	1	AAAATGAAGGTGTATCTGGCATTG	1
436	435	1	AAATGAAGGTGTATCTGGCATTGT	1
437	436	1	AATGAAGGTGTATCTGGCATTGTT	1
438	437	1	ATGAAGGTGTATCTGGCATTGTTC	1
439	438	1	TGAAGGTGTATCTGGCATTGTTCC	1
440	439	1	GAAGGTGTATCTGGCATTGTTCCA	1
441	440	1	AAGGTGTATCTGGCATTGTTCCAA	1
442	441	1	AGGTGTATCTGGCATTGTTCCAAC	1
443	442	1	GGTGTATCTGGCATTGTTCCAACC	1
444	443	1	GTGTATCTGGCATTGTTCCAACCC	1
445	444	1	TGTATCTGGCATTGTTCCAACCCT	1
446	445	1	GTATCTGGCATTGTTCCAACCCTT	1
447	446	1	TATCTGGCATTGTTCCAACCCTTC	1
448	447	1	ATCTGGCATTGTTCCAACCCTTCA	1
449	448	1	TCTGGCATTGTTCCAACCCTTCAA	1
450	449	1	CTGGCATTGTTCCAACCCTTCAAA	1
451	450	1	TGGCATTGTTCCAACCCTTCAAAA	1
452	451	1	GGCATTGTTCCAACCCTTCAAAAT	1
453	452	1	GCATTGTTCCAACCCTTCAAAATA	1
454	453	1	CATTGTTCCAACCCTTCAAAATAT	1
455	454	1	ATTGTTCCAACCCTTCAAAATATT	1
456	455	1	TTGTTCCAACCCTTCAAAATATTG	1
457	456	1	TGTTCCAACCCTTCAAAATATTGT	1
458	457	1	GTTCCAACCCTTCAAAATATTGTT	1
459	458	1	TTCCAACCCTTCAAAATATTGTTG	1
460	-1	0	AAGTTGTTCTATTGATTTTTGTTT	1
461	460	1	AGTTGTTCTATTGATTTTTGTTTC	1
462	461	1	GTTGTTCTATTGATTTTTGTTTCT	1
463	462	1	TTGTTCTATTGATTTTTGTTTCTG	1
464	463	1	TGTTCTATTGATTTTTGTTTCTGG	1
465	464	1	GTTCTATTGATTTTTGTTTCTGGT	1
466	465	1	TTCTATTGATTTTTGTTTCTGGTA	1
467	466	1	TCTATTGATTTTTGTTTCTGGTAA	1
468	467	1	CTATTGATTTTTGTTTCTGGTAAA	1
469	468	1	TATTGATTTTTGTTTCTGGTAAAA	1
470	469	1	ATTGATTTTTGTTTCTGGTAAAAT	1
471	470	1	TTGATTTTTGTTTCTGGTAAAATT	1
472	471	1	TGATTTTTGTTTCTGGTAAAATTG	1
473	472	1	GATTTTTGTTTCTGGTAAAATTGT	1
474	473	1	ATTTTTGTTTCTGGTAAAATTGTT	1
475	474	1	TTTTTGTTTCTGGTAAAATTGTTT	1
476	475	1	TTTTGTTTCTGGTAAAATTGTTTT	1
477	476	2	TTTGTTTCTGGTAAAATTGTTTTA	1
478	477	2	TTGTTTCTGGTAAAATTGTTTTAA	1
479	478	2	TGTTTCTGGTAAAATTGTTTTAAC	1
480	479	2	GTTTCTGGTAAAATTGTTTTAACT	1
481	480	2	TTTCTGGTAAAATTGTTTTAACTG	1
482	481	2	TTCTGGTAAAATTGTTTTAACTGG	1
483	482	3	TCTGGTAAAATTGTTTTAACTGGT	1
484	483	3	CTGGTAAAATTGTTTTAACTGGTG	1
485	484	3	TGGTAAAATTGTTTTAACTGGTGC	1
486	485	3	GGTAAAATTGTTTTAACTGGTGCG	1
487	486	3	GTAAAATTGTTTTAACTGGTGCGA	1
488	487	3	TAAAATTGTTTTAACTGGTGCGAA	1
489	488	3	AAAATTGTTTTAACTGGTGCGAAA	1
490	489	3	AAATTGTTTTAACTGGTGCGAAAG	1
491	490	3	AATTGTTTTAACTGGTGCGAAAGT	1
492	491	3	ATTGTTTTAACTGGTGCGAAAGTC	1
493	492	3	TTGTTTTAACTGGTGCGAAAGTCC	1
494	493	3	TGTTTTAACTGGTGCGAAAGTCCG	1
495	494	3	GTTTTAACTGGTGCGAAAGTCCGT	1
496	495	3	TTTTAACTGGTGCGAAAGTCCGTG	1
497	496	3	TTTAACTGGTGCGAAAGTCCGTGA	1
498	497	3	TTAACTGGTGCGAAAGTCCGTGAG	1
499	498	3	TAACTGGTGCGAAAGTCCGTGAGG	1
500	499	3	AACTGGTGCGAAAGTCCGTGAGGA	1
501	500	3	ACTGGTGCGAAAGTCCGTGAGGAA	1
502	501	3	CTGGTGCGAAAGTCCGTGAGGAAA	1
503	502	3	TGGTGCGAAAGTCCGTGAGGAAAT	1
504	503	3	GGTGCGAAAGTCCGTGAGGAAATT	1
505	504	2	GTGCGAAAGTCCGTGAGGAAATTT	1
506	505	2	TGCGAAAGTCCGTGAGGAAATTTA	1
507	506	2	GCGAAAGTCCGTGAGGAAATTTAC	1
508	507	2	CGAAAGTCCGTGAGGAAATTTACC	1
509	508	2	GAAAGTCCGTGAGGAAATTTACCA	1
510	509	2	AAAGTCCGTGAGGAAATTTACCAA	1
511	510	2	AAGTCCGTGAGGAAATTTACCAAG	1
512	511	2	AGTCCGTGAGGAAATTTACCAAGC	1
513	512	2	GTCCGTGAGGAAATTTACCAAGCT	1
514	513	2	TCCGTGAGGAAATTTACCAAGCTT	1
515	514	3	CCGTGAGGAAATTTACCAAGCTTT	1
516	515	3	CGTGAGGAAATTTACCAAGCTTTT	1
517	516	3	GTGAGGAAATTTACCAAGCTTTTG	1
518	517	3	TGAGGAAATTTACCAAGCTTTTGA	1
519	518	3	GAGGAAATTTACCAAGCTTTTGAA	1
520	519	3	AGGAAATTTACCAAGCTTTTGAAG	1
521	520	2	GGAAATTTACCAAGCTTTTGAAGC	1
522	521	2	GAAATTTACCAAGCTTTTGAAGCC	1
523	522	2	AAATTTACCAAGCTTTTGAAGCCA	1
524	523	2	AATTTACCAAGCTTTTGAAGCCAT	1
525	524	2	ATTTACCAAGCTTTTGAAGCCATT	1
526	525	3	TTTACCAAGCTTTTGAAGCCATTT	1
527	526	2	TTACCAAGCTTTTGAAGCCATTTA	1
528	527	2	TACCAAGCTTTTGAAGCCATTTAT	1
529	528	2	ACCAAGCTTTTGAAGCCATTTATC	1
530	529	2	CCAAGCTTTTGAAGCCATTTATCC	1
531	530	2	CAAGCTTTTGAAGCCATTTATCCA	1
532	531	2	AAGCTTTTGAAGCCATTTATCCAG	1
533	532	2	AGCTTTTGAAGCCATTTATCCAGT	1
534	533	2	GCTTTTGAAGCCATTTATCCAGTA	1
535	534	2	CTTTTGAAGCCATTTATCCAGTAT	1
536	535	2	TTTTGAAGCCATTTATCCAGTATT	1
537	536	2	TTTGAAGCCATTTATCCAGTATTG	1
538	537	2	TTGAAGCCATTTATCCAGTATTGT	1
539	538	2	TGAAGCCATTTATCCAGTATTGTC	1
540	539	2	GAAGCCATTTATCCAGTATTGTCT	1
541	540	2	AAGCCATTTATCCAGTATTGTCTG	1
542	541	2	AGCCATTTATCCAGTATTGTCTGA	1
543	542	2	GCCATTTATCCAGTATTGTCTGAA	1
544	543	2	CCATTTATCCAGTATTGTCTGAAT	1
545	544	2	CATTTATCCAGTATTGTCTGAATT	1
546	545	2	ATTTATCCAGTATTGTCTGAATTT	1
547	546	2	TTTATCCAGTATTGTCTGAATTTC	1
548	547	2	TTATCCAGTATTGTCTGAATTTCG	1
549	548	2	TATCCAGTATTGTCTGAATTTCGA	1
550	549	2	ATCCAGTATTGTCTGAATTTCGAA	1
551	550	2	TCCAGTATTGTCTGAATTTCGAAA	1
552	551	2	CCAGTATTGTCTGAATTTCGAAAA	1
553	552	2	CAGTATTGTCTGAATTTCGAAAAC	1
554	553	2	AGTATTGTCTGAATTTCGAAAACA	1
555	554	2	GTATTGTCTGAATTTCGAAAACAT	1
556	555	2	TATTGTCTGAATTTCGAAAACATT	1
557	556	2	ATTGTCTGAATTTCGAAAACATTA	1
558	557	2	TTGTCTGAATTTCGAAAACATTAA	1
559	558	1	TGTCTGAATTTCGAAAACATTAAG	1
560	559	1	GTCTGAATTTCGAAAACATTAAGG	1
561	560	1	TCTGAATTTCGAAAACATTAAGGC	1
562	561	1	CTGAATTTCGAAAACATTAAGGCA	1
563	562	1	TGAATTTCGAAAACATTAAGGCAT	1
564	563	1	GAATTTCGAAAACATTAAGGCATG	1
565	564	1	AATTTCGAAAACATTAAGGCATGT	1
566	565	1	ATTTCGAAAACATTAAGGCATGTC	1
567	566	1	TTTCGAAAACATTAAGGCATGTCA	1
568	567	1	TTCGAAAACATTAAGGCATGTCAA	1
569	568	1	TCGAAAACATTAAGGCATGTCAAC	1
