Component 590
1	-1	0	CTTTACTATGTGTGCGATTAATTT	1
2	1	1	TTTACTATGTGTGCGATTAATTTT	1
3	2	1	TTACTATGTGTGCGATTAATTTTC	1
4	3	1	TACTATGTGTGCGATTAATTTTCT	1
5	4	1	ACTATGTGTGCGATTAATTTTCTA	1
6	5	1	CTATGTGTGCGATTAATTTTCTAC	1
7	6	1	TATGTGTGCGATTAATTTTCTACG	1
8	7	1	ATGTGTGCGATTAATTTTCTACGC	1
9	8	1	TGTGTGCGATTAATTTTCTACGCC	1
10	9	1	GTGTGCGATTAATTTTCTACGCCG	1
11	10	2	TGTGCGATTAATTTTCTACGCCGC	1
12	11	2	GTGCGATTAATTTTCTACGCCGCT	1
13	12	2	TGCGATTAATTTTCTACGCCGCTC	1
14	13	2	GCGATTAATTTTCTACGCCGCTCT	1
15	14	2	CGATTAATTTTCTACGCCGCTCTG	1
16	15	2	GATTAATTTTCTACGCCGCTCTGT	1
17	16	2	ATTAATTTTCTACGCCGCTCTGTT	1
18	17	2	TTAATTTTCTACGCCGCTCTGTTT	1
19	18	2	TAATTTTCTACGCCGCTCTGTTTT	1
20	19	3	AATTTTCTACGCCGCTCTGTTTTT	1
21	20	3	ATTTTCTACGCCGCTCTGTTTTTG	1
22	21	3	TTTTCTACGCCGCTCTGTTTTTGC	1
23	22	3	TTTCTACGCCGCTCTGTTTTTGCT	1
24	23	3	TTCTACGCCGCTCTGTTTTTGCTT	1
25	24	3	TCTACGCCGCTCTGTTTTTGCTTT	1
26	25	3	CTACGCCGCTCTGTTTTTGCTTTG	1
27	26	3	TACGCCGCTCTGTTTTTGCTTTGC	1
28	27	4	ACGCCGCTCTGTTTTTGCTTTGCT	1
29	28	4	CGCCGCTCTGTTTTTGCTTTGCTC	1
30	29	4	GCCGCTCTGTTTTTGCTTTGCTCT	1
31	30	4	CCGCTCTGTTTTTGCTTTGCTCTA	1
32	31	4	CGCTCTGTTTTTGCTTTGCTCTAT	1
33	32	4	GCTCTGTTTTTGCTTTGCTCTATT	1
34	33	4	CTCTGTTTTTGCTTTGCTCTATTT	1
35	34	4	TCTGTTTTTGCTTTGCTCTATTTT	1
36	35	4	CTGTTTTTGCTTTGCTCTATTTTA	1
37	36	4	TGTTTTTGCTTTGCTCTATTTTAA	1
38	37	4	GTTTTTGCTTTGCTCTATTTTAAC	1
39	38	4	TTTTTGCTTTGCTCTATTTTAACT	1
40	39	4	TTTTGCTTTGCTCTATTTTAACTA	1
41	40	4	TTTGCTTTGCTCTATTTTAACTAC	1
42	41	4	TTGCTTTGCTCTATTTTAACTACT	1
43	42	4	TGCTTTGCTCTATTTTAACTACTG	1
44	43	4	GCTTTGCTCTATTTTAACTACTGG	1
45	44	4	CTTTGCTCTATTTTAACTACTGGT	1
46	45	3	TTTGCTCTATTTTAACTACTGGTA	1
47	46	3	TTGCTCTATTTTAACTACTGGTAT	1
48	47	3	TGCTCTATTTTAACTACTGGTATA	1
49	48	3	GCTCTATTTTAACTACTGGTATAT	1
50	49	3	CTCTATTTTAACTACTGGTATATC	1
51	50	3	TCTATTTTAACTACTGGTATATCT	1
52	51	3	CTATTTTAACTACTGGTATATCTC	1
53	52	3	TATTTTAACTACTGGTATATCTCC	1
54	53	3	ATTTTAACTACTGGTATATCTCCC	1
55	54	2	TTTTAACTACTGGTATATCTCCCA	1
56	55	2	TTTAACTACTGGTATATCTCCCAT	1
57	56	2	TTAACTACTGGTATATCTCCCATC	1
58	57	2	TAACTACTGGTATATCTCCCATCT	1
59	58	2	AACTACTGGTATATCTCCCATCTC	1
60	59	2	ACTACTGGTATATCTCCCATCTCT	1
61	60	2	CTACTGGTATATCTCCCATCTCTT	1
62	61	2	TACTGGTATATCTCCCATCTCTTT	1
63	62	3	ACTGGTATATCTCCCATCTCTTTG	1
64	63	2	CTGGTATATCTCCCATCTCTTTGA	1
65	64	2	TGGTATATCTCCCATCTCTTTGAC	1
66	65	2	GGTATATCTCCCATCTCTTTGACC	1
67	66	2	GTATATCTCCCATCTCTTTGACCT	1
68	67	2	TATATCTCCCATCTCTTTGACCTC	1
69	68	2	ATATCTCCCATCTCTTTGACCTCT	1
70	69	2	TATCTCCCATCTCTTTGACCTCTC	1
71	70	2	ATCTCCCATCTCTTTGACCTCTCC	1
72	71	1	TCTCCCATCTCTTTGACCTCTCCT	1
73	72	1	CTCCCATCTCTTTGACCTCTCCTC	1
74	73	1	TCCCATCTCTTTGACCTCTCCTCT	1
75	74	1	CCCATCTCTTTGACCTCTCCTCTC	1
76	75	1	CCATCTCTTTGACCTCTCCTCTCT	1
77	76	1	CATCTCTTTGACCTCTCCTCTCTA	1
78	77	1	ATCTCTTTGACCTCTCCTCTCTAT	1
79	78	1	TCTCTTTGACCTCTCCTCTCTATG	1
80	79	1	CTCTTTGACCTCTCCTCTCTATGC	1
81	80	1	TCTTTGACCTCTCCTCTCTATGCT	1
82	81	1	CTTTGACCTCTCCTCTCTATGCTT	1
83	82	1	TTTGACCTCTCCTCTCTATGCTTT	1
84	83	1	TTGACCTCTCCTCTCTATGCTTTC	1
85	84	1	TGACCTCTCCTCTCTATGCTTTCA	1
86	85	1	GACCTCTCCTCTCTATGCTTTCAG	1
87	86	1	ACCTCTCCTCTCTATGCTTTCAGT	1
88	87	1	CCTCTCCTCTCTATGCTTTCAGTT	1
89	88	1	CTCTCCTCTCTATGCTTTCAGTTT	1
90	89	1	TCTCCTCTCTATGCTTTCAGTTTT	1
91	90	1	CTCCTCTCTATGCTTTCAGTTTTC	1
92	91	1	TCCTCTCTATGCTTTCAGTTTTCA	1
93	92	1	CCTCTCTATGCTTTCAGTTTTCAT	1
94	93	1	CTCTCTATGCTTTCAGTTTTCATA	1
95	94	1	TCTCTATGCTTTCAGTTTTCATAT	1
96	95	1	CTCTATGCTTTCAGTTTTCATATT	1
97	96	1	TCTATGCTTTCAGTTTTCATATTT	1
98	97	1	CTATGCTTTCAGTTTTCATATTTT	1
99	98	1	TATGCTTTCAGTTTTCATATTTTA	1
100	99	1	ATGCTTTCAGTTTTCATATTTTAA	1
101	100	1	TGCTTTCAGTTTTCATATTTTAAT	1
102	101	1	GCTTTCAGTTTTCATATTTTAATT	1
103	102	1	CTTTCAGTTTTCATATTTTAATTG	1
104	103	1	TTTCAGTTTTCATATTTTAATTGA	1
105	104	1	TTCAGTTTTCATATTTTAATTGAA	1
106	105	1	TCAGTTTTCATATTTTAATTGAAC	1
107	-1	0	CTCTTGCCAAGTATATTCAAAAAT	1
108	107	1	TCTTGCCAAGTATATTCAAAAATC	1
109	108	1	CTTGCCAAGTATATTCAAAAATCA	1
110	109	1	TTGCCAAGTATATTCAAAAATCAC	1
111	110	1	TGCCAAGTATATTCAAAAATCACC	1
112	111	1	GCCAAGTATATTCAAAAATCACCA	1
113	112	2	CCAAGTATATTCAAAAATCACCAT	1
114	113	2	CAAGTATATTCAAAAATCACCATT	1
115	114	2	AAGTATATTCAAAAATCACCATTT	1
116	115	2	AGTATATTCAAAAATCACCATTTT	1
117	116	2	GTATATTCAAAAATCACCATTTTT	1
118	117	2	TATATTCAAAAATCACCATTTTTG	1
119	118	2	ATATTCAAAAATCACCATTTTTGA	1
120	119	2	TATTCAAAAATCACCATTTTTGAC	1
121	120	2	ATTCAAAAATCACCATTTTTGACG	1
122	121	2	TTCAAAAATCACCATTTTTGACGA	1
123	122	2	TCAAAAATCACCATTTTTGACGAA	1
124	123	2	CAAAAATCACCATTTTTGACGAAA	1
125	124	2	AAAAATCACCATTTTTGACGAAAT	1
126	125	2	AAAATCACCATTTTTGACGAAATT	1
127	126	2	AAATCACCATTTTTGACGAAATTG	1
128	127	2	AATCACCATTTTTGACGAAATTGC	1
129	128	2	ATCACCATTTTTGACGAAATTGCT	1
130	129	2	TCACCATTTTTGACGAAATTGCTT	1
131	130	2	CACCATTTTTGACGAAATTGCTTT	1
132	131	2	ACCATTTTTGACGAAATTGCTTTT	1
133	132	2	CCATTTTTGACGAAATTGCTTTTA	1
134	133	2	CATTTTTGACGAAATTGCTTTTAC	1
135	134	3	ATTTTTGACGAAATTGCTTTTACC	1
136	135	3	TTTTTGACGAAATTGCTTTTACCC	1
137	136	3	TTTTGACGAAATTGCTTTTACCCA	1
138	137	3	TTTGACGAAATTGCTTTTACCCAT	1
139	138	3	TTGACGAAATTGCTTTTACCCATC	1
140	139	3	TGACGAAATTGCTTTTACCCATCT	1
141	140	3	GACGAAATTGCTTTTACCCATCTC	1
142	141	3	ACGAAATTGCTTTTACCCATCTCC	1
143	142	3	CGAAATTGCTTTTACCCATCTCCA	1
144	143	3	GAAATTGCTTTTACCCATCTCCAA	1
145	144	3	AAATTGCTTTTACCCATCTCCAAT	1
146	145	3	AATTGCTTTTACCCATCTCCAATG	1
147	146	3	ATTGCTTTTACCCATCTCCAATGC	1
148	147	3	TTGCTTTTACCCATCTCCAATGCC	1
149	148	3	TGCTTTTACCCATCTCCAATGCCT	1
150	149	3	GCTTTTACCCATCTCCAATGCCTA	1
151	150	3	CTTTTACCCATCTCCAATGCCTAT	1
152	151	2	TTTTACCCATCTCCAATGCCTATG	1
153	152	2	TTTACCCATCTCCAATGCCTATGT	1
154	153	2	TTACCCATCTCCAATGCCTATGTG	1
155	154	2	TACCCATCTCCAATGCCTATGTGC	1
156	155	2	ACCCATCTCCAATGCCTATGTGCA	1
157	156	1	CCCATCTCCAATGCCTATGTGCAT	1
158	157	1	CCATCTCCAATGCCTATGTGCATT	1
159	158	1	CATCTCCAATGCCTATGTGCATTT	1
160	159	1	ATCTCCAATGCCTATGTGCATTTG	1
161	160	1	TCTCCAATGCCTATGTGCATTTGT	1
162	161	1	CTCCAATGCCTATGTGCATTTGTC	1
163	162	1	TCCAATGCCTATGTGCATTTGTCA	1
164	163	1	CCAATGCCTATGTGCATTTGTCAG	1
165	164	1	CAATGCCTATGTGCATTTGTCAGG	1
166	165	1	AATGCCTATGTGCATTTGTCAGGA	1
167	166	1	ATGCCTATGTGCATTTGTCAGGAT	1
168	167	1	TGCCTATGTGCATTTGTCAGGATA	1
169	168	1	GCCTATGTGCATTTGTCAGGATAC	1
170	169	1	CCTATGTGCATTTGTCAGGATACC	1
171	170	1	CTATGTGCATTTGTCAGGATACCG	1
172	171	1	TATGTGCATTTGTCAGGATACCGT	1
173	172	1	ATGTGCATTTGTCAGGATACCGTA	1
174	173	1	TGTGCATTTGTCAGGATACCGTAA	1
175	174	1	GTGCATTTGTCAGGATACCGTAAA	1
176	175	1	TGCATTTGTCAGGATACCGTAAAT	1
177	176	1	GCATTTGTCAGGATACCGTAAATA	1
178	177	1	CATTTGTCAGGATACCGTAAATAT	1
179	-1	0	CAAAGCCTGAGGAGGATTACCATT	1
180	179	1	AAAGCCTGAGGAGGATTACCATTA	1
181	180	1	AAGCCTGAGGAGGATTACCATTAC	1
182	181	1	AGCCTGAGGAGGATTACCATTACC	1
183	182	1	GCCTGAGGAGGATTACCATTACCT	1
184	183	1	CCTGAGGAGGATTACCATTACCTC	1
185	184	1	CTGAGGAGGATTACCATTACCTCA	1
186	185	1	TGAGGAGGATTACCATTACCTCAG	1
187	186	1	GAGGAGGATTACCATTACCTCAGA	1
188	187	1	AGGAGGATTACCATTACCTCAGAC	1
189	188	1	GGAGGATTACCATTACCTCAGACC	1
190	189	1	GAGGATTACCATTACCTCAGACCT	1
191	190	1	AGGATTACCATTACCTCAGACCTG	1
192	191	1	GGATTACCATTACCTCAGACCTGT	1
193	192	1	GATTACCATTACCTCAGACCTGTT	1
194	193	1	ATTACCATTACCTCAGACCTGTTT	1
195	194	1	TTACCATTACCTCAGACCTGTTTT	1
196	195	1	TACCATTACCTCAGACCTGTTTTA	1
197	196	1	ACCATTACCTCAGACCTGTTTTAG	1
198	197	1	CCATTACCTCAGACCTGTTTTAGC	1
199	198	1	CATTACCTCAGACCTGTTTTAGCT	1
200	199	1	ATTACCTCAGACCTGTTTTAGCTG	1
201	200	1	TTACCTCAGACCTGTTTTAGCTGA	1
202	201	1	TACCTCAGACCTGTTTTAGCTGAG	1
203	202	1	ACCTCAGACCTGTTTTAGCTGAGG	1
204	203	1	CCTCAGACCTGTTTTAGCTGAGGT	1
205	204	1	CTCAGACCTGTTTTAGCTGAGGTT	1
206	205	1	TCAGACCTGTTTTAGCTGAGGTTA	1
207	206	1	CAGACCTGTTTTAGCTGAGGTTAT	1
208	207	1	AGACCTGTTTTAGCTGAGGTTATC	1
209	208	1	GACCTGTTTTAGCTGAGGTTATCG	1
210	209	2	ACCTGTTTTAGCTGAGGTTATCGC	1
211	210	2	CCTGTTTTAGCTGAGGTTATCGCG	1
212	211	2	CTGTTTTAGCTGAGGTTATCGCGG	1
213	212	2	TGTTTTAGCTGAGGTTATCGCGGA	1
214	213	2	GTTTTAGCTGAGGTTATCGCGGAG	1
215	214	2	TTTTAGCTGAGGTTATCGCGGAGA	1
216	215	2	TTTAGCTGAGGTTATCGCGGAGAG	1
217	216	2	TTAGCTGAGGTTATCGCGGAGAGG	1
218	217	2	TAGCTGAGGTTATCGCGGAGAGGA	1
219	218	2	AGCTGAGGTTATCGCGGAGAGGAA	1
220	219	2	GCTGAGGTTATCGCGGAGAGGAAA	1
221	220	2	CTGAGGTTATCGCGGAGAGGAAAG	1
222	221	2	TGAGGTTATCGCGGAGAGGAAAGA	1
223	222	2	GAGGTTATCGCGGAGAGGAAAGAG	1
224	223	1	AGGTTATCGCGGAGAGGAAAGAGC	1
225	224	1	GGTTATCGCGGAGAGGAAAGAGCG	1
226	225	2	GTTATCGCGGAGAGGAAAGAGCGT	1
227	226	2	TTATCGCGGAGAGGAAAGAGCGTG	1
228	227	2	TATCGCGGAGAGGAAAGAGCGTGA	1
229	228	2	ATCGCGGAGAGGAAAGAGCGTGAG	1
230	229	2	TCGCGGAGAGGAAAGAGCGTGAGG	1
231	230	2	CGCGGAGAGGAAAGAGCGTGAGGC	1
232	231	2	GCGGAGAGGAAAGAGCGTGAGGCC	1
233	232	2	CGGAGAGGAAAGAGCGTGAGGCCT	1
234	233	1	GGAGAGGAAAGAGCGTGAGGCCTT	1
235	234	1	GAGAGGAAAGAGCGTGAGGCCTTC	1
236	235	1	AGAGGAAAGAGCGTGAGGCCTTCG	1
237	236	1	GAGGAAAGAGCGTGAGGCCTTCGA	1
238	237	1	AGGAAAGAGCGTGAGGCCTTCGAC	1
239	238	1	GGAAAGAGCGTGAGGCCTTCGACG	1
240	239	1	GAAAGAGCGTGAGGCCTTCGACGC	1
241	240	1	AAAGAGCGTGAGGCCTTCGACGCT	1
242	241	1	AAGAGCGTGAGGCCTTCGACGCTC	1
243	242	2	AGAGCGTGAGGCCTTCGACGCTCT	1
244	243	2	GAGCGTGAGGCCTTCGACGCTCTC	1
245	244	2	AGCGTGAGGCCTTCGACGCTCTCA	1
246	245	2	GCGTGAGGCCTTCGACGCTCTCAT	1
247	246	2	CGTGAGGCCTTCGACGCTCTCATT	1
248	247	2	GTGAGGCCTTCGACGCTCTCATTG	1
249	248	2	TGAGGCCTTCGACGCTCTCATTGT	1
250	249	2	GAGGCCTTCGACGCTCTCATTGTT	1
251	250	2	AGGCCTTCGACGCTCTCATTGTTA	1
252	251	2	GGCCTTCGACGCTCTCATTGTTAA	1
253	252	2	GCCTTCGACGCTCTCATTGTTAAG	1
254	253	2	CCTTCGACGCTCTCATTGTTAAGA	1
255	254	2	CTTCGACGCTCTCATTGTTAAGAA	1
256	255	2	TTCGACGCTCTCATTGTTAAGAAA	1
257	256	2	TCGACGCTCTCATTGTTAAGAAAC	1
258	257	2	CGACGCTCTCATTGTTAAGAAACC	1
259	258	2	GACGCTCTCATTGTTAAGAAACCC	1
260	259	2	ACGCTCTCATTGTTAAGAAACCCG	1
261	260	2	CGCTCTCATTGTTAAGAAACCCGA	1
262	261	2	GCTCTCATTGTTAAGAAACCCGAG	1
263	262	2	CTCTCATTGTTAAGAAACCCGAGA	1
264	263	2	TCTCATTGTTAAGAAACCCGAGAC	1
265	264	2	CTCATTGTTAAGAAACCCGAGACT	1
266	265	2	TCATTGTTAAGAAACCCGAGACTC	1
267	266	2	CATTGTTAAGAAACCCGAGACTCA	1
268	267	2	ATTGTTAAGAAACCCGAGACTCAA	1
269	268	2	TTGTTAAGAAACCCGAGACTCAAG	1
270	269	1	TGTTAAGAAACCCGAGACTCAAGC	1
271	270	1	GTTAAGAAACCCGAGACTCAAGCC	1
272	271	1	TTAAGAAACCCGAGACTCAAGCCC	1
273	272	1	TAAGAAACCCGAGACTCAAGCCCA	1
274	273	1	AAGAAACCCGAGACTCAAGCCCAT	1
275	274	1	AGAAACCCGAGACTCAAGCCCATG	1
276	275	1	GAAACCCGAGACTCAAGCCCATGC	1
277	276	1	AAACCCGAGACTCAAGCCCATGCA	1
278	277	1	AACCCGAGACTCAAGCCCATGCAA	1
279	278	1	ACCCGAGACTCAAGCCCATGCAAC	1
280	279	1	CCCGAGACTCAAGCCCATGCAACA	1
281	280	1	CCGAGACTCAAGCCCATGCAACAT	1
282	281	3	CGAGACTCAAGCCCATGCAACATC	1
283	282	3	GAGACTCAAGCCCATGCAACATCT	1
284	283	3	AGACTCAAGCCCATGCAACATCTT	1
285	284	5	GACTCAAGCCCATGCAACATCTTC	1
286	285	4	ACTCAAGCCCATGCAACATCTTCT	1
287	286	4	CTCAAGCCCATGCAACATCTTCTC	1
288	287	4	TCAAGCCCATGCAACATCTTCTCC	1
289	288	4	CAAGCCCATGCAACATCTTCTCCT	1
290	289	4	AAGCCCATGCAACATCTTCTCCTG	1
291	290	4	AGCCCATGCAACATCTTCTCCTGC	1
292	291	4	GCCCATGCAACATCTTCTCCTGCT	1
293	292	4	CCCATGCAACATCTTCTCCTGCTC	1
294	293	4	CCATGCAACATCTTCTCCTGCTCA	1
295	294	4	CATGCAACATCTTCTCCTGCTCAT	1
296	295	4	ATGCAACATCTTCTCCTGCTCATG	1
297	296	4	TGCAACATCTTCTCCTGCTCATGC	1
298	297	4	GCAACATCTTCTCCTGCTCATGCT	1
299	298	4	CAACATCTTCTCCTGCTCATGCTC	1
300	299	4	AACATCTTCTCCTGCTCATGCTCA	1
301	300	4	ACATCTTCTCCTGCTCATGCTCAT	1
302	301	4	CATCTTCTCCTGCTCATGCTCATT	1
303	302	4	ATCTTCTCCTGCTCATGCTCATTA	1
304	303	4	TCTTCTCCTGCTCATGCTCATTAA	1
305	304	4	CTTCTCCTGCTCATGCTCATTAAA	1
306	305	4	TTCTCCTGCTCATGCTCATTAAAA	1
307	306	4	TCTCCTGCTCATGCTCATTAAAAG	1
308	307	4	CTCCTGCTCATGCTCATTAAAAGT	1
309	308	4	TCCTGCTCATGCTCATTAAAAGTT	1
310	309	4	CCTGCTCATGCTCATTAAAAGTTT	1
311	310	4	CTGCTCATGCTCATTAAAAGTTTG	1
312	311	4	TGCTCATGCTCATTAAAAGTTTGC	1
313	312	4	GCTCATGCTCATTAAAAGTTTGCA	1
314	313	4	CTCATGCTCATTAAAAGTTTGCAT	1
315	314	4	TCATGCTCATTAAAAGTTTGCATG	1
316	315	4	CATGCTCATTAAAAGTTTGCATGT	1
317	316	4	ATGCTCATTAAAAGTTTGCATGTC	1
318	317	4	TGCTCATTAAAAGTTTGCATGTCC	1
319	318	4	GCTCATTAAAAGTTTGCATGTCCT	1
320	319	4	CTCATTAAAAGTTTGCATGTCCTC	1
321	320	4	TCATTAAAAGTTTGCATGTCCTCC	1
322	321	4	CATTAAAAGTTTGCATGTCCTCCT	1
323	322	4	ATTAAAAGTTTGCATGTCCTCCTT	1
324	323	4	TTAAAAGTTTGCATGTCCTCCTTT	1
325	324	5	TAAAAGTTTGCATGTCCTCCTTTA	1
326	325	3	AAAAGTTTGCATGTCCTCCTTTAA	1
327	326	3	AAAGTTTGCATGTCCTCCTTTAAT	1
328	327	3	AAGTTTGCATGTCCTCCTTTAATC	1
329	328	1	AGTTTGCATGTCCTCCTTTAATCC	1
330	329	1	GTTTGCATGTCCTCCTTTAATCCA	1
331	330	1	TTTGCATGTCCTCCTTTAATCCAC	1
332	331	1	TTGCATGTCCTCCTTTAATCCACT	1
333	332	1	TGCATGTCCTCCTTTAATCCACTT	1
334	333	1	GCATGTCCTCCTTTAATCCACTTA	1
335	334	1	CATGTCCTCCTTTAATCCACTTAT	1
336	335	1	ATGTCCTCCTTTAATCCACTTATT	1
337	336	1	TGTCCTCCTTTAATCCACTTATTC	1
338	337	1	GTCCTCCTTTAATCCACTTATTCC	1
339	338	1	TCCTCCTTTAATCCACTTATTCCT	1
340	339	1	CCTCCTTTAATCCACTTATTCCTC	1
341	340	1	CTCCTTTAATCCACTTATTCCTCT	1
342	341	1	TCCTTTAATCCACTTATTCCTCTC	1
343	342	1	CCTTTAATCCACTTATTCCTCTCA	1
344	343	1	CTTTAATCCACTTATTCCTCTCAT	1
345	344	1	TTTAATCCACTTATTCCTCTCATG	1
346	345	1	TTAATCCACTTATTCCTCTCATGA	1
347	346	1	TAATCCACTTATTCCTCTCATGAA	1
348	347	1	AATCCACTTATTCCTCTCATGAAA	1
349	348	1	ATCCACTTATTCCTCTCATGAAAA	1
350	349	1	TCCACTTATTCCTCTCATGAAAAC	1
351	350	1	CCACTTATTCCTCTCATGAAAACC	1
352	351	1	CACTTATTCCTCTCATGAAAACCG	1
353	352	1	ACTTATTCCTCTCATGAAAACCGA	1
354	353	1	CTTATTCCTCTCATGAAAACCGAC	1
355	354	2	TTATTCCTCTCATGAAAACCGACA	1
356	355	2	TATTCCTCTCATGAAAACCGACAA	1
357	356	2	ATTCCTCTCATGAAAACCGACAAG	1
358	357	2	TTCCTCTCATGAAAACCGACAAGA	1
359	358	2	TCCTCTCATGAAAACCGACAAGAA	1
360	359	2	CCTCTCATGAAAACCGACAAGAAA	1
361	360	2	CTCTCATGAAAACCGACAAGAAAA	1
362	361	2	TCTCATGAAAACCGACAAGAAAAT	1
363	362	2	CTCATGAAAACCGACAAGAAAATT	1
364	363	3	TCATGAAAACCGACAAGAAAATTA	1
365	364	3	CATGAAAACCGACAAGAAAATTAA	1
366	365	3	ATGAAAACCGACAAGAAAATTAAA	1
367	366	3	TGAAAACCGACAAGAAAATTAAAA	1
368	367	3	GAAAACCGACAAGAAAATTAAAAG	1
369	368	2	AAAACCGACAAGAAAATTAAAAGA	1
370	369	2	AAACCGACAAGAAAATTAAAAGAG	1
371	370	3	AACCGACAAGAAAATTAAAAGAGT	1
372	371	3	ACCGACAAGAAAATTAAAAGAGTA	1
373	372	3	CCGACAAGAAAATTAAAAGAGTAG	1
374	373	3	CGACAAGAAAATTAAAAGAGTAGT	1
375	374	3	GACAAGAAAATTAAAAGAGTAGTA	1
376	375	3	ACAAGAAAATTAAAAGAGTAGTAA	1
377	376	3	CAAGAAAATTAAAAGAGTAGTAAA	1
378	377	3	AAGAAAATTAAAAGAGTAGTAAAC	1
379	378	3	AGAAAATTAAAAGAGTAGTAAACG	1
380	379	3	GAAAATTAAAAGAGTAGTAAACGG	1
381	380	3	AAAATTAAAAGAGTAGTAAACGGA	1
382	381	3	AAATTAAAAGAGTAGTAAACGGAT	1
383	382	3	AATTAAAAGAGTAGTAAACGGATG	1
384	383	3	ATTAAAAGAGTAGTAAACGGATGT	1
385	384	3	TTAAAAGAGTAGTAAACGGATGTG	1
386	385	3	TAAAAGAGTAGTAAACGGATGTGA	1
387	386	4	AAAAGAGTAGTAAACGGATGTGAG	1
388	387	4	AAAGAGTAGTAAACGGATGTGAGA	1
389	388	4	AAGAGTAGTAAACGGATGTGAGAA	1
390	389	4	AGAGTAGTAAACGGATGTGAGAAT	1
391	390	5	GAGTAGTAAACGGATGTGAGAATT	1
392	391	5	AGTAGTAAACGGATGTGAGAATTT	1
393	392	5	GTAGTAAACGGATGTGAGAATTTT	1
394	393	5	TAGTAAACGGATGTGAGAATTTTA	1
395	394	5	AGTAAACGGATGTGAGAATTTTAT	1
396	395	5	GTAAACGGATGTGAGAATTTTATT	1
397	396	5	TAAACGGATGTGAGAATTTTATTT	1
398	397	5	AAACGGATGTGAGAATTTTATTTT	1
399	398	4	AACGGATGTGAGAATTTTATTTTC	1
400	399	4	ACGGATGTGAGAATTTTATTTTCT	1
401	400	4	CGGATGTGAGAATTTTATTTTCTA	1
402	401	4	GGATGTGAGAATTTTATTTTCTAA	1
403	402	4	GATGTGAGAATTTTATTTTCTAAG	1
404	403	4	ATGTGAGAATTTTATTTTCTAAGT	1
405	404	4	TGTGAGAATTTTATTTTCTAAGTA	1
406	405	4	GTGAGAATTTTATTTTCTAAGTAA	1
407	406	3	TGAGAATTTTATTTTCTAAGTAAC	1
408	407	2	GAGAATTTTATTTTCTAAGTAACC	1
409	408	2	AGAATTTTATTTTCTAAGTAACCC	1
410	409	2	GAATTTTATTTTCTAAGTAACCCC	1
411	410	1	AATTTTATTTTCTAAGTAACCCCC	1
412	411	1	ATTTTATTTTCTAAGTAACCCCCA	1
413	412	1	TTTTATTTTCTAAGTAACCCCCAA	1
414	413	1	TTTATTTTCTAAGTAACCCCCAAC	1
415	414	1	TTATTTTCTAAGTAACCCCCAACT	1
416	415	1	TATTTTCTAAGTAACCCCCAACTC	1
417	416	1	ATTTTCTAAGTAACCCCCAACTCC	1
418	417	1	TTTTCTAAGTAACCCCCAACTCCA	1
419	418	1	TTTCTAAGTAACCCCCAACTCCAA	1
420	419	1	TTCTAAGTAACCCCCAACTCCAAT	1
421	420	1	TCTAAGTAACCCCCAACTCCAATT	1
422	421	1	CTAAGTAACCCCCAACTCCAATTT	1
423	422	1	TAAGTAACCCCCAACTCCAATTTC	1
424	423	1	AAGTAACCCCCAACTCCAATTTCT	1
425	424	1	AGTAACCCCCAACTCCAATTTCTA	1
426	425	1	GTAACCCCCAACTCCAATTTCTAA	1
427	426	1	TAACCCCCAACTCCAATTTCTAAA	1
428	427	1	AACCCCCAACTCCAATTTCTAAAA	1
429	428	1	ACCCCCAACTCCAATTTCTAAAAA	1
430	429	1	CCCCCAACTCCAATTTCTAAAAAG	1
431	430	1	CCCCAACTCCAATTTCTAAAAAGG	1
432	431	1	CCCAACTCCAATTTCTAAAAAGGA	1
433	432	2	CCAACTCCAATTTCTAAAAAGGAA	1
434	433	2	CAACTCCAATTTCTAAAAAGGAAG	1
435	434	2	AACTCCAATTTCTAAAAAGGAAGA	1
436	435	2	ACTCCAATTTCTAAAAAGGAAGAC	1
437	436	2	CTCCAATTTCTAAAAAGGAAGACA	1
438	437	2	TCCAATTTCTAAAAAGGAAGACAA	1
439	438	2	CCAATTTCTAAAAAGGAAGACAAT	1
440	439	2	CAATTTCTAAAAAGGAAGACAATT	1
441	440	2	AATTTCTAAAAAGGAAGACAATTT	1
442	441	2	ATTTCTAAAAAGGAAGACAATTTA	1
443	442	2	TTTCTAAAAAGGAAGACAATTTAT	1
444	443	2	TTCTAAAAAGGAAGACAATTTATG	1
445	444	2	TCTAAAAAGGAAGACAATTTATGC	1
446	445	2	CTAAAAAGGAAGACAATTTATGCA	1
447	446	2	TAAAAAGGAAGACAATTTATGCAC	1
448	447	2	AAAAAGGAAGACAATTTATGCACG	1
449	448	2	AAAAGGAAGACAATTTATGCACGT	1
450	449	2	AAAGGAAGACAATTTATGCACGTA	1
451	450	2	AAGGAAGACAATTTATGCACGTAT	1
452	451	2	AGGAAGACAATTTATGCACGTATC	1
453	452	2	GGAAGACAATTTATGCACGTATCT	1
454	453	2	GAAGACAATTTATGCACGTATCTT	1
455	454	2	AAGACAATTTATGCACGTATCTTA	1
456	455	2	AGACAATTTATGCACGTATCTTAT	1
457	456	2	GACAATTTATGCACGTATCTTATT	1
458	457	2	ACAATTTATGCACGTATCTTATTT	1
459	458	2	CAATTTATGCACGTATCTTATTTC	1
460	459	2	AATTTATGCACGTATCTTATTTCA	1
461	460	2	ATTTATGCACGTATCTTATTTCAT	1
462	461	2	TTTATGCACGTATCTTATTTCATC	1
463	462	2	TTATGCACGTATCTTATTTCATCG	1
464	463	2	TATGCACGTATCTTATTTCATCGG	1
465	464	2	ATGCACGTATCTTATTTCATCGGT	1
466	465	2	TGCACGTATCTTATTTCATCGGTT	1
467	466	2	GCACGTATCTTATTTCATCGGTTA	1
468	467	2	CACGTATCTTATTTCATCGGTTAT	1
469	468	2	ACGTATCTTATTTCATCGGTTATA	1
470	469	2	CGTATCTTATTTCATCGGTTATAT	1
471	470	2	GTATCTTATTTCATCGGTTATATC	1
472	471	2	TATCTTATTTCATCGGTTATATCA	1
473	472	2	ATCTTATTTCATCGGTTATATCAG	1
474	473	2	TCTTATTTCATCGGTTATATCAGT	1
475	474	2	CTTATTTCATCGGTTATATCAGTC	1
476	475	2	TTATTTCATCGGTTATATCAGTCG	1
477	476	1	TATTTCATCGGTTATATCAGTCGA	1
478	477	1	ATTTCATCGGTTATATCAGTCGAC	1
479	-1	0	CTCCAATGCCTATGTGTATTTGTC	1
480	479	1	TCCAATGCCTATGTGTATTTGTCA	1
481	480	1	CCAATGCCTATGTGTATTTGTCAG	1
482	481	1	CAATGCCTATGTGTATTTGTCAGG	1
483	482	1	AATGCCTATGTGTATTTGTCAGGA	1
484	483	1	ATGCCTATGTGTATTTGTCAGGAT	1
485	484	1	TGCCTATGTGTATTTGTCAGGATA	1
486	485	1	GCCTATGTGTATTTGTCAGGATAC	1
487	486	1	CCTATGTGTATTTGTCAGGATACC	1
488	487	1	CTATGTGTATTTGTCAGGATACCG	1
489	488	1	TATGTGTATTTGTCAGGATACCGT	1
490	489	1	ATGTGTATTTGTCAGGATACCGTA	1
491	490	1	TGTGTATTTGTCAGGATACCGTAA	1
492	491	1	GTGTATTTGTCAGGATACCGTAAA	1
493	492	1	TGTATTTGTCAGGATACCGTAAAT	1
494	493	1	GTATTTGTCAGGATACCGTAAATA	1
495	494	1	TATTTGTCAGGATACCGTAAATAT	1
496	495	1	ATTTGTCAGGATACCGTAAATATG	1
497	496	1	TTTGTCAGGATACCGTAAATATGG	1
498	497	1	TTGTCAGGATACCGTAAATATGGT	1
499	498	1	TGTCAGGATACCGTAAATATGGTC	1
500	499	1	GTCAGGATACCGTAAATATGGTCT	1
501	500	1	TCAGGATACCGTAAATATGGTCTT	1
502	501	1	CAGGATACCGTAAATATGGTCTTC	1
503	502	1	AGGATACCGTAAATATGGTCTTCG	1
504	503	1	GGATACCGTAAATATGGTCTTCGA	1
505	504	1	GATACCGTAAATATGGTCTTCGAT	1
506	505	1	ATACCGTAAATATGGTCTTCGATA	1
507	506	1	TACCGTAAATATGGTCTTCGATAC	1
508	507	1	ACCGTAAATATGGTCTTCGATACG	1
509	508	1	CCGTAAATATGGTCTTCGATACGA	1
510	509	1	CGTAAATATGGTCTTCGATACGAC	1
511	510	1	GTAAATATGGTCTTCGATACGACG	1
512	511	1	TAAATATGGTCTTCGATACGACGA	1
513	512	1	AAATATGGTCTTCGATACGACGAT	1
514	513	1	AATATGGTCTTCGATACGACGATT	1
515	514	1	ATATGGTCTTCGATACGACGATTT	1
516	515	1	TATGGTCTTCGATACGACGATTTG	1
517	516	1	ATGGTCTTCGATACGACGATTTGA	1
518	517	1	TGGTCTTCGATACGACGATTTGAT	1
519	518	1	GGTCTTCGATACGACGATTTGATG	1
520	519	1	GTCTTCGATACGACGATTTGATGT	1
521	520	1	TCTTCGATACGACGATTTGATGTT	1
522	521	1	CTTCGATACGACGATTTGATGTTG	1
523	522	2	TTCGATACGACGATTTGATGTTGG	1
524	523	1	TCGATACGACGATTTGATGTTGGA	1
525	524	1	CGATACGACGATTTGATGTTGGAG	1
526	525	2	GATACGACGATTTGATGTTGGAGG	1
527	526	2	ATACGACGATTTGATGTTGGAGGA	1
528	527	2	TACGACGATTTGATGTTGGAGGAG	1
529	528	2	ACGACGATTTGATGTTGGAGGAGA	1
530	529	2	CGACGATTTGATGTTGGAGGAGAA	1
531	530	2	GACGATTTGATGTTGGAGGAGAAT	1
532	531	2	ACGATTTGATGTTGGAGGAGAATG	1
533	532	2	CGATTTGATGTTGGAGGAGAATGA	1
534	533	2	GATTTGATGTTGGAGGAGAATGAC	1
535	534	2	ATTTGATGTTGGAGGAGAATGACG	1
536	535	2	TTTGATGTTGGAGGAGAATGACGA	1
537	536	2	TTGATGTTGGAGGAGAATGACGAT	1
538	537	2	TGATGTTGGAGGAGAATGACGATA	1
539	538	2	GATGTTGGAGGAGAATGACGATAC	1
540	539	2	ATGTTGGAGGAGAATGACGATACT	1
541	540	2	TGTTGGAGGAGAATGACGATACTC	1
542	541	2	GTTGGAGGAGAATGACGATACTCA	1
543	542	2	TTGGAGGAGAATGACGATACTCAA	1
544	543	2	TGGAGGAGAATGACGATACTCAAA	1
545	544	2	GGAGGAGAATGACGATACTCAAAA	1
546	545	2	GAGGAGAATGACGATACTCAAAAG	1
547	546	2	AGGAGAATGACGATACTCAAAAGG	1
548	547	2	GGAGAATGACGATACTCAAAAGGC	1
549	548	2	GAGAATGACGATACTCAAAAGGCG	1
550	549	2	AGAATGACGATACTCAAAAGGCGT	1
551	550	2	GAATGACGATACTCAAAAGGCGTT	1
552	551	2	AATGACGATACTCAAAAGGCGTTA	1
553	552	2	ATGACGATACTCAAAAGGCGTTAT	1
554	553	2	TGACGATACTCAAAAGGCGTTATC	1
555	554	3	GACGATACTCAAAAGGCGTTATCT	1
556	555	3	ACGATACTCAAAAGGCGTTATCTC	1
557	556	3	CGATACTCAAAAGGCGTTATCTCG	1
558	557	4	GATACTCAAAAGGCGTTATCTCGT	1
559	558	4	ATACTCAAAAGGCGTTATCTCGTT	1
560	559	4	TACTCAAAAGGCGTTATCTCGTTT	1
561	560	4	ACTCAAAAGGCGTTATCTCGTTTG	1
562	561	4	CTCAAAAGGCGTTATCTCGTTTGC	1
563	562	4	TCAAAAGGCGTTATCTCGTTTGCC	1
564	563	4	CAAAAGGCGTTATCTCGTTTGCCT	1
565	564	4	AAAAGGCGTTATCTCGTTTGCCTA	1
566	565	4	AAAGGCGTTATCTCGTTTGCCTAA	1
567	566	3	AAGGCGTTATCTCGTTTGCCTAAG	1
568	567	3	AGGCGTTATCTCGTTTGCCTAAGA	1
569	568	3	GGCGTTATCTCGTTTGCCTAAGAT	1
570	569	2	GCGTTATCTCGTTTGCCTAAGATG	1
571	570	2	CGTTATCTCGTTTGCCTAAGATGG	1
572	571	2	GTTATCTCGTTTGCCTAAGATGGA	1
573	572	2	TTATCTCGTTTGCCTAAGATGGAA	1
574	573	2	TATCTCGTTTGCCTAAGATGGAAT	1
575	574	2	ATCTCGTTTGCCTAAGATGGAATC	1
576	575	2	TCTCGTTTGCCTAAGATGGAATCC	1
577	576	2	CTCGTTTGCCTAAGATGGAATCCT	1
578	577	4	TCGTTTGCCTAAGATGGAATCCTA	1
579	578	4	CGTTTGCCTAAGATGGAATCCTAC	1
580	579	4	GTTTGCCTAAGATGGAATCCTACG	1
581	580	4	TTTGCCTAAGATGGAATCCTACGA	1
582	581	4	TTGCCTAAGATGGAATCCTACGAT	1
583	582	4	TGCCTAAGATGGAATCCTACGATC	1
584	583	4	GCCTAAGATGGAATCCTACGATCG	1
585	584	4	CCTAAGATGGAATCCTACGATCGA	1
586	585	4	CTAAGATGGAATCCTACGATCGAG	1
587	586	4	TAAGATGGAATCCTACGATCGAGT	1
588	587	4	AAGATGGAATCCTACGATCGAGTC	1
589	588	4	AGATGGAATCCTACGATCGAGTCT	1
590	589	4	GATGGAATCCTACGATCGAGTCTA	1
591	590	4	ATGGAATCCTACGATCGAGTCTAT	1
592	591	4	TGGAATCCTACGATCGAGTCTATC	1
593	592	4	GGAATCCTACGATCGAGTCTATCG	1
594	593	4	GAATCCTACGATCGAGTCTATCGT	1
595	594	4	AATCCTACGATCGAGTCTATCGTA	1
596	595	4	ATCCTACGATCGAGTCTATCGTAT	1
597	596	4	TCCTACGATCGAGTCTATCGTATT	1
598	597	4	CCTACGATCGAGTCTATCGTATTC	1
599	598	3	CTACGATCGAGTCTATCGTATTCG	1
600	599	4	TACGATCGAGTCTATCGTATTCGC	1
601	600	3	ACGATCGAGTCTATCGTATTCGCC	1
602	601	3	CGATCGAGTCTATCGTATTCGCCG	1
603	602	3	GATCGAGTCTATCGTATTCGCCGT	1
604	603	3	ATCGAGTCTATCGTATTCGCCGTG	1
605	604	3	TCGAGTCTATCGTATTCGCCGTGC	1
606	605	3	CGAGTCTATCGTATTCGCCGTGCC	1
607	606	3	GAGTCTATCGTATTCGCCGTGCCA	1
608	607	3	AGTCTATCGTATTCGCCGTGCCAT	1
609	608	4	GTCTATCGTATTCGCCGTGCCATG	1
610	609	5	TCTATCGTATTCGCCGTGCCATGC	1
611	610	5	CTATCGTATTCGCCGTGCCATGCA	1
612	611	5	TATCGTATTCGCCGTGCCATGCAA	1
613	612	5	ATCGTATTCGCCGTGCCATGCAAC	1
614	613	5	TCGTATTCGCCGTGCCATGCAACT	1
615	614	5	CGTATTCGCCGTGCCATGCAACTT	1
616	615	5	GTATTCGCCGTGCCATGCAACTTA	1
617	616	5	TATTCGCCGTGCCATGCAACTTAG	1
618	617	5	ATTCGCCGTGCCATGCAACTTAGC	1
619	618	5	TTCGCCGTGCCATGCAACTTAGCA	1
620	619	6	TCGCCGTGCCATGCAACTTAGCAT	1
621	620	6	CGCCGTGCCATGCAACTTAGCATT	1
622	621	4	GCCGTGCCATGCAACTTAGCATTG	1
623	622	4	CCGTGCCATGCAACTTAGCATTGA	1
624	623	4	CGTGCCATGCAACTTAGCATTGAG	1
625	624	4	GTGCCATGCAACTTAGCATTGAGA	1
626	625	4	TGCCATGCAACTTAGCATTGAGAA	1
627	626	4	GCCATGCAACTTAGCATTGAGAAT	1
628	627	4	CCATGCAACTTAGCATTGAGAATA	1
629	628	4	CATGCAACTTAGCATTGAGAATAA	1
630	629	4	ATGCAACTTAGCATTGAGAATAAA	1
631	630	4	TGCAACTTAGCATTGAGAATAAAA	1
632	631	4	GCAACTTAGCATTGAGAATAAAAT	1
633	632	4	CAACTTAGCATTGAGAATAAAATT	1
634	633	4	AACTTAGCATTGAGAATAAAATTT	1
635	634	4	ACTTAGCATTGAGAATAAAATTTT	1
636	635	4	CTTAGCATTGAGAATAAAATTTTG	1
637	636	4	TTAGCATTGAGAATAAAATTTTGC	1
638	637	4	TAGCATTGAGAATAAAATTTTGCC	1
639	638	4	AGCATTGAGAATAAAATTTTGCCA	1
640	639	4	GCATTGAGAATAAAATTTTGCCAA	1
641	640	4	CATTGAGAATAAAATTTTGCCAAA	1
642	641	4	ATTGAGAATAAAATTTTGCCAAAA	1
643	642	5	TTGAGAATAAAATTTTGCCAAAAT	1
644	643	4	TGAGAATAAAATTTTGCCAAAATC	1
645	644	4	GAGAATAAAATTTTGCCAAAATCT	1
646	645	4	AGAATAAAATTTTGCCAAAATCTG	1
647	646	4	GAATAAAATTTTGCCAAAATCTGA	1
648	647	4	AATAAAATTTTGCCAAAATCTGAA	1
649	648	4	ATAAAATTTTGCCAAAATCTGAAT	1
650	649	4	TAAAATTTTGCCAAAATCTGAATG	1
651	650	4	AAAATTTTGCCAAAATCTGAATGG	1
652	651	3	AAATTTTGCCAAAATCTGAATGGA	1
653	652	3	AATTTTGCCAAAATCTGAATGGAC	1
654	653	2	ATTTTGCCAAAATCTGAATGGACA	1
655	654	2	TTTTGCCAAAATCTGAATGGACAA	1
656	655	2	TTTGCCAAAATCTGAATGGACAAA	1
657	656	2	TTGCCAAAATCTGAATGGACAAAG	1
658	657	2	TGCCAAAATCTGAATGGACAAAGC	1
659	658	2	GCCAAAATCTGAATGGACAAAGCC	1
660	659	2	CCAAAATCTGAATGGACAAAGCCT	1
661	660	2	CAAAATCTGAATGGACAAAGCCTG	1
662	661	2	AAAATCTGAATGGACAAAGCCTGA	1
663	662	2	AAATCTGAATGGACAAAGCCTGAG	1
664	663	1	AATCTGAATGGACAAAGCCTGAGG	1
665	-1	0	GTTTTATTGATTTCAGTGCAAATT	1
666	665	1	TTTTATTGATTTCAGTGCAAATTT	1
667	666	1	TTTATTGATTTCAGTGCAAATTTT	1
668	667	1	TTATTGATTTCAGTGCAAATTTTG	1
669	668	1	TATTGATTTCAGTGCAAATTTTGT	1
670	669	1	ATTGATTTCAGTGCAAATTTTGTA	1
671	670	2	TTGATTTCAGTGCAAATTTTGTAG	1
672	671	2	TGATTTCAGTGCAAATTTTGTAGT	1
673	672	2	GATTTCAGTGCAAATTTTGTAGTG	1
674	673	2	ATTTCAGTGCAAATTTTGTAGTGA	1
675	674	2	TTTCAGTGCAAATTTTGTAGTGAC	1
676	675	3	TTCAGTGCAAATTTTGTAGTGACG	1
677	676	3	TCAGTGCAAATTTTGTAGTGACGA	1
678	677	3	CAGTGCAAATTTTGTAGTGACGAA	1
679	678	3	AGTGCAAATTTTGTAGTGACGAAA	1
680	679	3	GTGCAAATTTTGTAGTGACGAAAT	1
681	680	3	TGCAAATTTTGTAGTGACGAAATT	1
682	681	3	GCAAATTTTGTAGTGACGAAATTT	1
683	682	3	CAAATTTTGTAGTGACGAAATTTT	1
684	683	3	AAATTTTGTAGTGACGAAATTTTT	1
685	684	3	AATTTTGTAGTGACGAAATTTTTT	1
686	685	3	ATTTTGTAGTGACGAAATTTTTTT	1
687	686	3	TTTTGTAGTGACGAAATTTTTTTT	1
688	687	3	TTTGTAGTGACGAAATTTTTTTTT	1
689	688	3	TTGTAGTGACGAAATTTTTTTTTG	1
690	689	3	TGTAGTGACGAAATTTTTTTTTGC	1
691	690	3	GTAGTGACGAAATTTTTTTTTGCT	1
692	691	3	TAGTGACGAAATTTTTTTTTGCTG	1
693	692	3	AGTGACGAAATTTTTTTTTGCTGA	1
694	693	3	GTGACGAAATTTTTTTTTGCTGAA	1
695	694	3	TGACGAAATTTTTTTTTGCTGAAG	1
696	695	3	GACGAAATTTTTTTTTGCTGAAGT	1
697	696	3	ACGAAATTTTTTTTTGCTGAAGTG	1
698	697	3	CGAAATTTTTTTTTGCTGAAGTGA	1
699	698	3	GAAATTTTTTTTTGCTGAAGTGAT	1
700	699	3	AAATTTTTTTTTGCTGAAGTGATT	1
701	700	3	AATTTTTTTTTGCTGAAGTGATTG	1
702	701	3	ATTTTTTTTTGCTGAAGTGATTGT	1
703	702	3	TTTTTTTTTGCTGAAGTGATTGTT	1
704	703	3	TTTTTTTTGCTGAAGTGATTGTTT	1
705	704	3	TTTTTTTGCTGAAGTGATTGTTTA	1
706	705	3	TTTTTTGCTGAAGTGATTGTTTAA	1
707	706	3	TTTTTGCTGAAGTGATTGTTTAAG	1
708	707	3	TTTTGCTGAAGTGATTGTTTAAGT	1
709	708	3	TTTGCTGAAGTGATTGTTTAAGTA	1
710	709	2	TTGCTGAAGTGATTGTTTAAGTAT	1
711	710	2	TGCTGAAGTGATTGTTTAAGTATG	1
712	711	2	GCTGAAGTGATTGTTTAAGTATGA	1
713	712	2	CTGAAGTGATTGTTTAAGTATGAA	1
714	713	2	TGAAGTGATTGTTTAAGTATGAAA	1
715	714	1	GAAGTGATTGTTTAAGTATGAAAC	1
716	715	1	AAGTGATTGTTTAAGTATGAAACC	1
717	716	1	AGTGATTGTTTAAGTATGAAACCT	1
718	717	1	GTGATTGTTTAAGTATGAAACCTG	1
719	718	1	TGATTGTTTAAGTATGAAACCTGT	1
