Component 593
1	-1	0	AGGTCTCATACGCAGCTCTAACCC	1
2	1	1	GGTCTCATACGCAGCTCTAACCCA	1
3	2	1	GTCTCATACGCAGCTCTAACCCAA	1
4	3	3	TCTCATACGCAGCTCTAACCCAAA	1
5	4	3	CTCATACGCAGCTCTAACCCAAAT	1
6	5	4	TCATACGCAGCTCTAACCCAAATT	1
7	6	4	CATACGCAGCTCTAACCCAAATTT	1
8	7	4	ATACGCAGCTCTAACCCAAATTTC	1
9	8	4	TACGCAGCTCTAACCCAAATTTCT	1
10	9	4	ACGCAGCTCTAACCCAAATTTCTC	1
11	10	4	CGCAGCTCTAACCCAAATTTCTCC	1
12	11	4	GCAGCTCTAACCCAAATTTCTCCT	1
13	12	4	CAGCTCTAACCCAAATTTCTCCTA	1
14	13	4	AGCTCTAACCCAAATTTCTCCTAA	1
15	14	4	GCTCTAACCCAAATTTCTCCTAAT	1
16	15	4	CTCTAACCCAAATTTCTCCTAATG	1
17	16	4	TCTAACCCAAATTTCTCCTAATGA	1
18	17	4	CTAACCCAAATTTCTCCTAATGAA	1
19	18	4	TAACCCAAATTTCTCCTAATGAAC	1
20	19	4	AACCCAAATTTCTCCTAATGAACG	1
21	20	4	ACCCAAATTTCTCCTAATGAACGA	1
22	21	4	CCCAAATTTCTCCTAATGAACGAC	1
23	22	4	CCAAATTTCTCCTAATGAACGACC	1
24	23	4	CAAATTTCTCCTAATGAACGACCC	1
25	24	4	AAATTTCTCCTAATGAACGACCCT	1
26	25	4	AATTTCTCCTAATGAACGACCCTT	1
27	26	4	ATTTCTCCTAATGAACGACCCTTT	1
28	27	5	TTTCTCCTAATGAACGACCCTTTA	1
29	28	5	TTCTCCTAATGAACGACCCTTTAT	1
30	29	5	TCTCCTAATGAACGACCCTTTATC	1
31	30	5	CTCCTAATGAACGACCCTTTATCT	1
32	31	6	TCCTAATGAACGACCCTTTATCTT	1
33	32	6	CCTAATGAACGACCCTTTATCTTG	1
34	33	6	CTAATGAACGACCCTTTATCTTGA	1
35	34	6	TAATGAACGACCCTTTATCTTGAG	1
36	35	6	AATGAACGACCCTTTATCTTGAGT	1
37	36	6	ATGAACGACCCTTTATCTTGAGTC	1
38	37	6	TGAACGACCCTTTATCTTGAGTCG	1
39	38	6	GAACGACCCTTTATCTTGAGTCGT	1
40	39	6	AACGACCCTTTATCTTGAGTCGTT	1
41	40	6	ACGACCCTTTATCTTGAGTCGTTC	1
42	41	6	CGACCCTTTATCTTGAGTCGTTCT	1
43	42	6	GACCCTTTATCTTGAGTCGTTCTA	1
44	43	6	ACCCTTTATCTTGAGTCGTTCTAC	1
45	44	6	CCCTTTATCTTGAGTCGTTCTACC	1
46	45	5	CCTTTATCTTGAGTCGTTCTACCT	1
47	46	5	CTTTATCTTGAGTCGTTCTACCTT	1
48	47	3	TTTATCTTGAGTCGTTCTACCTTC	1
49	48	4	TTATCTTGAGTCGTTCTACCTTCT	1
50	49	3	TATCTTGAGTCGTTCTACCTTCTT	1
51	50	3	ATCTTGAGTCGTTCTACCTTCTTG	1
52	51	3	TCTTGAGTCGTTCTACCTTCTTGG	1
53	52	3	CTTGAGTCGTTCTACCTTCTTGGG	1
54	53	3	TTGAGTCGTTCTACCTTCTTGGGA	1
55	54	3	TGAGTCGTTCTACCTTCTTGGGAT	1
56	55	3	GAGTCGTTCTACCTTCTTGGGATC	1
57	56	3	AGTCGTTCTACCTTCTTGGGATCT	1
58	57	3	GTCGTTCTACCTTCTTGGGATCTG	1
59	58	3	TCGTTCTACCTTCTTGGGATCTGG	1
60	59	3	CGTTCTACCTTCTTGGGATCTGGA	1
61	60	3	GTTCTACCTTCTTGGGATCTGGAG	1
62	61	3	TTCTACCTTCTTGGGATCTGGAGT	1
63	62	3	TCTACCTTCTTGGGATCTGGAGTC	1
64	63	3	CTACCTTCTTGGGATCTGGAGTCT	1
65	64	3	TACCTTCTTGGGATCTGGAGTCTA	1
66	65	3	ACCTTCTTGGGATCTGGAGTCTAT	1
67	66	3	CCTTCTTGGGATCTGGAGTCTATG	1
68	67	3	CTTCTTGGGATCTGGAGTCTATGG	1
69	68	3	TTCTTGGGATCTGGAGTCTATGGT	1
70	69	3	TCTTGGGATCTGGAGTCTATGGTG	1
71	70	3	CTTGGGATCTGGAGTCTATGGTGC	1
72	71	2	TTGGGATCTGGAGTCTATGGTGCA	1
73	72	2	TGGGATCTGGAGTCTATGGTGCAC	1
74	73	2	GGGATCTGGAGTCTATGGTGCACA	1
75	74	2	GGATCTGGAGTCTATGGTGCACAT	1
76	75	1	GATCTGGAGTCTATGGTGCACATT	1
77	76	1	ATCTGGAGTCTATGGTGCACATTG	1
78	77	1	TCTGGAGTCTATGGTGCACATTGT	1
79	78	1	CTGGAGTCTATGGTGCACATTGTT	1
80	79	1	TGGAGTCTATGGTGCACATTGTTT	1
81	80	1	GGAGTCTATGGTGCACATTGTTTG	1
82	81	1	GAGTCTATGGTGCACATTGTTTGG	1
83	82	1	AGTCTATGGTGCACATTGTTTGGG	1
84	83	1	GTCTATGGTGCACATTGTTTGGGT	1
85	84	1	TCTATGGTGCACATTGTTTGGGTG	1
86	85	1	CTATGGTGCACATTGTTTGGGTGA	1
87	86	1	TATGGTGCACATTGTTTGGGTGAT	1
88	87	1	ATGGTGCACATTGTTTGGGTGATA	1
89	88	1	TGGTGCACATTGTTTGGGTGATAA	1
90	89	1	GGTGCACATTGTTTGGGTGATAAT	1
91	90	1	GTGCACATTGTTTGGGTGATAATC	1
92	91	1	TGCACATTGTTTGGGTGATAATCA	1
93	-1	0	CTGGAGTCTATGGTGCACATTGGT	1
94	93	1	TGGAGTCTATGGTGCACATTGGTT	1
95	94	1	GGAGTCTATGGTGCACATTGGTTG	1
96	95	1	GAGTCTATGGTGCACATTGGTTGG	1
97	96	1	AGTCTATGGTGCACATTGGTTGGG	1
98	97	1	GTCTATGGTGCACATTGGTTGGGT	1
99	98	1	TCTATGGTGCACATTGGTTGGGTG	1
100	99	1	CTATGGTGCACATTGGTTGGGTGA	1
101	100	2	TATGGTGCACATTGGTTGGGTGAT	1
102	101	2	ATGGTGCACATTGGTTGGGTGATA	1
103	102	2	TGGTGCACATTGGTTGGGTGATAA	1
104	103	2	GGTGCACATTGGTTGGGTGATAAT	1
105	104	2	GTGCACATTGGTTGGGTGATAATC	1
106	105	2	TGCACATTGGTTGGGTGATAATCA	1
107	106	3	GCACATTGGTTGGGTGATAATCAT	1
108	107	4	CACATTGGTTGGGTGATAATCATT	1
109	108	4	ACATTGGTTGGGTGATAATCATTC	1
110	109	4	CATTGGTTGGGTGATAATCATTCT	1
111	110	4	ATTGGTTGGGTGATAATCATTCTC	1
112	111	4	TTGGTTGGGTGATAATCATTCTCT	1
113	112	4	TGGTTGGGTGATAATCATTCTCTA	1
114	113	4	GGTTGGGTGATAATCATTCTCTAT	1
115	114	4	GTTGGGTGATAATCATTCTCTATG	1
116	115	4	TTGGGTGATAATCATTCTCTATGG	1
117	116	4	TGGGTGATAATCATTCTCTATGGT	1
118	117	4	GGGTGATAATCATTCTCTATGGTC	1
119	118	4	GGTGATAATCATTCTCTATGGTCT	1
120	119	4	GTGATAATCATTCTCTATGGTCTA	1
121	120	5	TGATAATCATTCTCTATGGTCTAA	1
122	121	6	GATAATCATTCTCTATGGTCTAAC	1
123	122	6	ATAATCATTCTCTATGGTCTAACA	1
124	123	6	TAATCATTCTCTATGGTCTAACAT	1
125	124	6	AATCATTCTCTATGGTCTAACATG	1
126	125	7	ATCATTCTCTATGGTCTAACATGT	1
127	126	7	TCATTCTCTATGGTCTAACATGTT	1
128	127	7	CATTCTCTATGGTCTAACATGTTC	1
129	128	7	ATTCTCTATGGTCTAACATGTTCT	1
130	129	7	TTCTCTATGGTCTAACATGTTCTT	1
131	130	7	TCTCTATGGTCTAACATGTTCTTC	1
132	131	7	CTCTATGGTCTAACATGTTCTTCT	1
133	132	7	TCTATGGTCTAACATGTTCTTCTC	1
134	133	7	CTATGGTCTAACATGTTCTTCTCC	1
135	134	8	TATGGTCTAACATGTTCTTCTCCA	1
136	135	8	ATGGTCTAACATGTTCTTCTCCAT	1
137	136	8	TGGTCTAACATGTTCTTCTCCATT	1
138	137	8	GGTCTAACATGTTCTTCTCCATTT	1
139	138	8	GTCTAACATGTTCTTCTCCATTTC	1
140	139	8	TCTAACATGTTCTTCTCCATTTCT	1
141	140	8	CTAACATGTTCTTCTCCATTTCTG	1
142	141	7	TAACATGTTCTTCTCCATTTCTGG	1
143	142	8	AACATGTTCTTCTCCATTTCTGGA	1
144	143	8	ACATGTTCTTCTCCATTTCTGGAA	1
145	144	7	CATGTTCTTCTCCATTTCTGGAAT	1
146	145	7	ATGTTCTTCTCCATTTCTGGAATG	1
147	146	7	TGTTCTTCTCCATTTCTGGAATGA	1
148	147	7	GTTCTTCTCCATTTCTGGAATGAT	1
149	148	9	TTCTTCTCCATTTCTGGAATGATC	1
150	149	9	TCTTCTCCATTTCTGGAATGATCG	1
151	150	8	CTTCTCCATTTCTGGAATGATCGT	1
152	151	8	TTCTCCATTTCTGGAATGATCGTT	1
153	152	9	TCTCCATTTCTGGAATGATCGTTT	1
154	153	9	CTCCATTTCTGGAATGATCGTTTT	1
155	154	10	TCCATTTCTGGAATGATCGTTTTT	1
156	155	10	CCATTTCTGGAATGATCGTTTTTA	1
157	156	10	CATTTCTGGAATGATCGTTTTTAA	1
158	157	10	ATTTCTGGAATGATCGTTTTTAAC	1
159	158	10	TTTCTGGAATGATCGTTTTTAACA	1
160	159	10	TTCTGGAATGATCGTTTTTAACAT	1
161	160	10	TCTGGAATGATCGTTTTTAACATG	1
162	161	10	CTGGAATGATCGTTTTTAACATGA	1
163	162	10	TGGAATGATCGTTTTTAACATGAT	1
164	163	10	GGAATGATCGTTTTTAACATGATG	1
165	164	9	GAATGATCGTTTTTAACATGATGG	1
166	165	8	AATGATCGTTTTTAACATGATGGG	1
167	166	8	ATGATCGTTTTTAACATGATGGGT	1
168	167	8	TGATCGTTTTTAACATGATGGGTA	1
169	168	8	GATCGTTTTTAACATGATGGGTAT	1
170	169	7	ATCGTTTTTAACATGATGGGTATT	1
171	170	8	TCGTTTTTAACATGATGGGTATTC	1
172	171	8	CGTTTTTAACATGATGGGTATTCC	1
173	172	8	GTTTTTAACATGATGGGTATTCCA	1
174	173	8	TTTTTAACATGATGGGTATTCCAA	1
175	174	7	TTTTAACATGATGGGTATTCCAAT	1
176	175	7	TTTAACATGATGGGTATTCCAATG	1
177	176	7	TTAACATGATGGGTATTCCAATGG	1
178	177	7	TAACATGATGGGTATTCCAATGGT	1
179	178	6	AACATGATGGGTATTCCAATGGTA	1
180	179	6	ACATGATGGGTATTCCAATGGTAG	1
181	180	6	CATGATGGGTATTCCAATGGTAGG	1
182	181	5	ATGATGGGTATTCCAATGGTAGGA	1
183	182	5	TGATGGGTATTCCAATGGTAGGAG	1
184	183	5	GATGGGTATTCCAATGGTAGGAGC	1
185	184	5	ATGGGTATTCCAATGGTAGGAGCT	1
186	185	5	TGGGTATTCCAATGGTAGGAGCTG	1
187	186	4	GGGTATTCCAATGGTAGGAGCTGA	1
188	187	5	GGTATTCCAATGGTAGGAGCTGAT	1
189	188	5	GTATTCCAATGGTAGGAGCTGATG	1
190	189	5	TATTCCAATGGTAGGAGCTGATGT	1
191	190	5	ATTCCAATGGTAGGAGCTGATGTT	1
192	191	5	TTCCAATGGTAGGAGCTGATGTTT	1
193	192	3	TCCAATGGTAGGAGCTGATGTTTG	1
194	193	3	CCAATGGTAGGAGCTGATGTTTGT	1
195	194	3	CAATGGTAGGAGCTGATGTTTGTG	1
196	195	3	AATGGTAGGAGCTGATGTTTGTGG	1
197	196	3	ATGGTAGGAGCTGATGTTTGTGGT	1
198	197	3	TGGTAGGAGCTGATGTTTGTGGTT	1
199	198	3	GGTAGGAGCTGATGTTTGTGGTTT	1
200	199	4	GTAGGAGCTGATGTTTGTGGTTTC	1
201	200	4	TAGGAGCTGATGTTTGTGGTTTCC	1
202	201	4	AGGAGCTGATGTTTGTGGTTTCCT	1
203	202	4	GGAGCTGATGTTTGTGGTTTCCTT	1
204	203	4	GAGCTGATGTTTGTGGTTTCCTTG	1
205	204	4	AGCTGATGTTTGTGGTTTCCTTGG	1
206	205	4	GCTGATGTTTGTGGTTTCCTTGGT	1
207	206	4	CTGATGTTTGTGGTTTCCTTGGTG	1
208	207	5	TGATGTTTGTGGTTTCCTTGGTGA	1
209	208	5	GATGTTTGTGGTTTCCTTGGTGAT	1
210	209	5	ATGTTTGTGGTTTCCTTGGTGATT	1
211	210	5	TGTTTGTGGTTTCCTTGGTGATTC	1
212	211	5	GTTTGTGGTTTCCTTGGTGATTCA	1
213	212	5	TTTGTGGTTTCCTTGGTGATTCAG	1
214	213	5	TTGTGGTTTCCTTGGTGATTCAGA	1
215	214	4	TGTGGTTTCCTTGGTGATTCAGAT	1
216	215	4	GTGGTTTCCTTGGTGATTCAGATG	1
217	216	4	TGGTTTCCTTGGTGATTCAGATGA	1
218	217	3	GGTTTCCTTGGTGATTCAGATGAA	1
219	218	3	GTTTCCTTGGTGATTCAGATGAAG	1
220	219	3	TTTCCTTGGTGATTCAGATGAAGA	1
221	220	3	TTCCTTGGTGATTCAGATGAAGAA	1
222	221	2	TCCTTGGTGATTCAGATGAAGAAC	1
223	222	2	CCTTGGTGATTCAGATGAAGAACT	1
224	223	2	CTTGGTGATTCAGATGAAGAACTT	1
225	224	2	TTGGTGATTCAGATGAAGAACTTT	1
226	225	2	TGGTGATTCAGATGAAGAACTTTG	1
227	226	2	GGTGATTCAGATGAAGAACTTTGC	1
228	227	2	GTGATTCAGATGAAGAACTTTGCT	1
229	228	2	TGATTCAGATGAAGAACTTTGCTC	1
230	229	2	GATTCAGATGAAGAACTTTGCTCT	1
231	230	2	ATTCAGATGAAGAACTTTGCTCTC	1
232	231	2	TTCAGATGAAGAACTTTGCTCTCG	1
233	232	2	TCAGATGAAGAACTTTGCTCTCGT	1
234	233	2	CAGATGAAGAACTTTGCTCTCGTT	1
235	234	2	AGATGAAGAACTTTGCTCTCGTTG	1
236	235	2	GATGAAGAACTTTGCTCTCGTTGG	1
237	236	2	ATGAAGAACTTTGCTCTCGTTGGA	1
238	237	2	TGAAGAACTTTGCTCTCGTTGGAT	1
239	238	2	GAAGAACTTTGCTCTCGTTGGATG	1
240	239	2	AAGAACTTTGCTCTCGTTGGATGG	1
241	240	2	AGAACTTTGCTCTCGTTGGATGGC	1
242	241	2	GAACTTTGCTCTCGTTGGATGGCT	1
243	242	2	AACTTTGCTCTCGTTGGATGGCTA	1
244	243	3	ACTTTGCTCTCGTTGGATGGCTAT	1
245	244	3	CTTTGCTCTCGTTGGATGGCTATG	1
246	245	3	TTTGCTCTCGTTGGATGGCTATGG	1
247	246	3	TTGCTCTCGTTGGATGGCTATGGG	1
248	247	2	TGCTCTCGTTGGATGGCTATGGGT	1
249	248	2	GCTCTCGTTGGATGGCTATGGGTG	1
250	249	3	CTCTCGTTGGATGGCTATGGGTGC	1
251	250	3	TCTCGTTGGATGGCTATGGGTGCT	1
252	251	2	CTCGTTGGATGGCTATGGGTGCTT	1
253	252	2	TCGTTGGATGGCTATGGGTGCTTT	1
254	253	5	CGTTGGATGGCTATGGGTGCTTTT	1
255	254	5	GTTGGATGGCTATGGGTGCTTTTT	1
256	255	7	TTGGATGGCTATGGGTGCTTTTTC	1
257	256	7	TGGATGGCTATGGGTGCTTTTTCG	1
258	257	7	GGATGGCTATGGGTGCTTTTTCGC	1
259	258	8	GATGGCTATGGGTGCTTTTTCGCC	1
260	259	10	ATGGCTATGGGTGCTTTTTCGCCA	1
261	260	10	TGGCTATGGGTGCTTTTTCGCCAT	1
262	261	11	GGCTATGGGTGCTTTTTCGCCATT	1
263	262	12	GCTATGGGTGCTTTTTCGCCATTC	1
264	263	13	CTATGGGTGCTTTTTCGCCATTCT	1
265	264	13	TATGGGTGCTTTTTCGCCATTCTA	1
266	265	13	ATGGGTGCTTTTTCGCCATTCTAT	1
267	266	13	TGGGTGCTTTTTCGCCATTCTATA	1
268	267	13	GGGTGCTTTTTCGCCATTCTATAG	1
269	268	13	GGTGCTTTTTCGCCATTCTATAGA	1
270	269	13	GTGCTTTTTCGCCATTCTATAGAA	1
271	270	13	TGCTTTTTCGCCATTCTATAGAAA	1
272	271	14	GCTTTTTCGCCATTCTATAGAAAT	1
273	272	15	CTTTTTCGCCATTCTATAGAAATC	1
274	273	15	TTTTTCGCCATTCTATAGAAATCA	1
275	274	15	TTTTCGCCATTCTATAGAAATCAT	1
276	275	15	TTTCGCCATTCTATAGAAATCATA	1
277	276	15	TTCGCCATTCTATAGAAATCATAA	1
278	277	15	TCGCCATTCTATAGAAATCATAAC	1
279	278	15	CGCCATTCTATAGAAATCATAACA	1
280	279	15	GCCATTCTATAGAAATCATAACAA	1
281	280	14	CCATTCTATAGAAATCATAACAAC	1
282	281	14	CATTCTATAGAAATCATAACAACA	1
283	282	14	ATTCTATAGAAATCATAACAACAT	1
284	283	14	TTCTATAGAAATCATAACAACATT	1
285	284	14	TCTATAGAAATCATAACAACATTT	1
286	285	14	CTATAGAAATCATAACAACATTTA	1
287	286	14	TATAGAAATCATAACAACATTTAC	1
288	287	13	ATAGAAATCATAACAACATTTACC	1
289	288	13	TAGAAATCATAACAACATTTACCA	1
290	289	13	AGAAATCATAACAACATTTACCAA	1
291	290	13	GAAATCATAACAACATTTACCAAA	1
292	291	13	AAATCATAACAACATTTACCAAAT	1
293	292	13	AATCATAACAACATTTACCAAATC	1
294	293	12	ATCATAACAACATTTACCAAATCT	1
295	294	12	TCATAACAACATTTACCAAATCTC	1
296	295	12	CATAACAACATTTACCAAATCTCA	1
297	296	12	ATAACAACATTTACCAAATCTCAC	1
298	297	10	TAACAACATTTACCAAATCTCACA	1
299	298	10	AACAACATTTACCAAATCTCACAA	1
300	299	8	ACAACATTTACCAAATCTCACAAG	1
301	300	8	CAACATTTACCAAATCTCACAAGA	1
302	301	8	AACATTTACCAAATCTCACAAGAG	1
303	302	7	ACATTTACCAAATCTCACAAGAGC	1
304	303	5	CATTTACCAAATCTCACAAGAGCC	1
305	304	5	ATTTACCAAATCTCACAAGAGCCC	1
306	305	3	TTTACCAAATCTCACAAGAGCCCT	1
307	306	3	TTACCAAATCTCACAAGAGCCCTA	1
308	307	2	TACCAAATCTCACAAGAGCCCTAC	1
309	308	2	ACCAAATCTCACAAGAGCCCTACA	1
310	309	2	CCAAATCTCACAAGAGCCCTACAC	1
311	310	2	CAAATCTCACAAGAGCCCTACACA	1
312	311	2	AAATCTCACAAGAGCCCTACACAT	1
313	312	2	AATCTCACAAGAGCCCTACACATG	1
314	313	2	ATCTCACAAGAGCCCTACACATGG	1
315	314	3	TCTCACAAGAGCCCTACACATGGT	1
316	315	3	CTCACAAGAGCCCTACACATGGTC	1
317	316	3	TCACAAGAGCCCTACACATGGTCT	1
318	317	3	CACAAGAGCCCTACACATGGTCTT	1
319	318	5	ACAAGAGCCCTACACATGGTCTTC	1
320	319	5	CAAGAGCCCTACACATGGTCTTCT	1
321	320	5	AAGAGCCCTACACATGGTCTTCTG	1
322	321	5	AGAGCCCTACACATGGTCTTCTGT	1
323	322	6	GAGCCCTACACATGGTCTTCTGTT	1
324	323	6	AGCCCTACACATGGTCTTCTGTTG	1
325	324	6	GCCCTACACATGGTCTTCTGTTGC	1
326	325	6	CCCTACACATGGTCTTCTGTTGCT	1
327	326	6	CCTACACATGGTCTTCTGTTGCTG	1
328	327	7	CTACACATGGTCTTCTGTTGCTGA	1
329	328	7	TACACATGGTCTTCTGTTGCTGAG	1
330	329	7	ACACATGGTCTTCTGTTGCTGAGG	1
331	330	7	CACATGGTCTTCTGTTGCTGAGGC	1
332	331	7	ACATGGTCTTCTGTTGCTGAGGCC	1
333	332	7	CATGGTCTTCTGTTGCTGAGGCCT	1
334	333	7	ATGGTCTTCTGTTGCTGAGGCCTC	1
335	334	7	TGGTCTTCTGTTGCTGAGGCCTCA	1
336	335	7	GGTCTTCTGTTGCTGAGGCCTCAC	1
337	336	7	GTCTTCTGTTGCTGAGGCCTCACG	1
338	337	8	TCTTCTGTTGCTGAGGCCTCACGT	1
339	338	10	CTTCTGTTGCTGAGGCCTCACGTC	1
340	339	12	TTCTGTTGCTGAGGCCTCACGTCG	1
341	340	12	TCTGTTGCTGAGGCCTCACGTCGT	1
342	341	11	CTGTTGCTGAGGCCTCACGTCGTG	1
343	342	11	TGTTGCTGAGGCCTCACGTCGTGC	1
344	343	11	GTTGCTGAGGCCTCACGTCGTGCT	1
345	344	11	TTGCTGAGGCCTCACGTCGTGCTA	1
346	345	11	TGCTGAGGCCTCACGTCGTGCTAT	1
347	346	11	GCTGAGGCCTCACGTCGTGCTATG	1
348	347	11	CTGAGGCCTCACGTCGTGCTATGT	1
349	348	11	TGAGGCCTCACGTCGTGCTATGTA	1
350	349	11	GAGGCCTCACGTCGTGCTATGTAC	1
351	350	11	AGGCCTCACGTCGTGCTATGTACA	1
352	351	11	GGCCTCACGTCGTGCTATGTACAT	1
353	352	11	GCCTCACGTCGTGCTATGTACATT	1
354	353	11	CCTCACGTCGTGCTATGTACATTC	1
355	354	13	CTCACGTCGTGCTATGTACATTCG	1
356	355	14	TCACGTCGTGCTATGTACATTCGT	1
357	356	14	CACGTCGTGCTATGTACATTCGTT	1
358	357	13	ACGTCGTGCTATGTACATTCGTTA	1
359	358	12	CGTCGTGCTATGTACATTCGTTAT	1
360	359	11	GTCGTGCTATGTACATTCGTTATT	1
361	360	11	TCGTGCTATGTACATTCGTTATTC	1
362	361	11	CGTGCTATGTACATTCGTTATTCT	1
363	362	10	GTGCTATGTACATTCGTTATTCTT	1
364	363	11	TGCTATGTACATTCGTTATTCTTT	1
365	364	11	GCTATGTACATTCGTTATTCTTTA	1
366	365	11	CTATGTACATTCGTTATTCTTTAC	1
367	366	9	TATGTACATTCGTTATTCTTTACT	1
368	367	10	ATGTACATTCGTTATTCTTTACTC	1
369	368	10	TGTACATTCGTTATTCTTTACTCC	1
370	369	10	GTACATTCGTTATTCTTTACTCCC	1
371	370	10	TACATTCGTTATTCTTTACTCCCT	1
372	371	8	ACATTCGTTATTCTTTACTCCCTT	1
373	372	8	CATTCGTTATTCTTTACTCCCTTA	1
374	373	8	ATTCGTTATTCTTTACTCCCTTAC	1
375	374	9	TTCGTTATTCTTTACTCCCTTACT	1
376	375	11	TCGTTATTCTTTACTCCCTTACTG	1
377	376	11	CGTTATTCTTTACTCCCTTACTGG	1
378	377	12	GTTATTCTTTACTCCCTTACTGGT	1
379	378	12	TTATTCTTTACTCCCTTACTGGTA	1
380	379	12	TATTCTTTACTCCCTTACTGGTAT	1
381	380	12	ATTCTTTACTCCCTTACTGGTATA	1
382	381	15	TTCTTTACTCCCTTACTGGTATAC	1
383	382	15	TCTTTACTCCCTTACTGGTATACT	1
384	383	13	CTTTACTCCCTTACTGGTATACTA	1
385	384	13	TTTACTCCCTTACTGGTATACTAT	1
386	385	13	TTACTCCCTTACTGGTATACTATC	1
387	386	13	TACTCCCTTACTGGTATACTATCA	1
388	387	13	ACTCCCTTACTGGTATACTATCAT	1
389	388	13	CTCCCTTACTGGTATACTATCATG	1
390	389	13	TCCCTTACTGGTATACTATCATGG	1
391	390	13	CCCTTACTGGTATACTATCATGGC	1
392	391	13	CCTTACTGGTATACTATCATGGCT	1
393	392	13	CTTACTGGTATACTATCATGGCTA	1
394	393	13	TTACTGGTATACTATCATGGCTAA	1
395	394	13	TACTGGTATACTATCATGGCTAAG	1
396	395	13	ACTGGTATACTATCATGGCTAAGG	1
397	396	13	CTGGTATACTATCATGGCTAAGGC	1
398	397	13	TGGTATACTATCATGGCTAAGGCA	1
399	398	11	GGTATACTATCATGGCTAAGGCAT	1
400	399	11	GTATACTATCATGGCTAAGGCATC	1
401	400	11	TATACTATCATGGCTAAGGCATCC	1
402	401	11	ATACTATCATGGCTAAGGCATCCC	1
403	402	11	TACTATCATGGCTAAGGCATCCCA	1
404	403	10	ACTATCATGGCTAAGGCATCCCAA	1
405	404	9	CTATCATGGCTAAGGCATCCCAAG	1
406	405	9	TATCATGGCTAAGGCATCCCAAGA	1
407	406	9	ATCATGGCTAAGGCATCCCAAGAT	1
408	407	8	TCATGGCTAAGGCATCCCAAGATG	1
409	408	8	CATGGCTAAGGCATCCCAAGATGG	1
410	409	9	ATGGCTAAGGCATCCCAAGATGGC	1
411	410	9	TGGCTAAGGCATCCCAAGATGGCA	1
412	411	9	GGCTAAGGCATCCCAAGATGGCAC	1
413	412	10	GCTAAGGCATCCCAAGATGGCACA	1
414	413	10	CTAAGGCATCCCAAGATGGCACAC	1
415	414	10	TAAGGCATCCCAAGATGGCACACC	1
416	415	11	AAGGCATCCCAAGATGGCACACCT	1
417	416	11	AGGCATCCCAAGATGGCACACCTG	1
418	417	11	GGCATCCCAAGATGGCACACCTGC	1
419	418	10	GCATCCCAAGATGGCACACCTGCC	1
420	419	8	CATCCCAAGATGGCACACCTGCCC	1
421	420	8	ATCCCAAGATGGCACACCTGCCCT	1
422	421	7	TCCCAAGATGGCACACCTGCCCTA	1
423	422	7	CCCAAGATGGCACACCTGCCCTAC	1
424	423	7	CCAAGATGGCACACCTGCCCTACG	1
425	424	8	CAAGATGGCACACCTGCCCTACGT	1
426	425	5	AAGATGGCACACCTGCCCTACGTG	1
427	426	5	AGATGGCACACCTGCCCTACGTGC	1
428	427	5	GATGGCACACCTGCCCTACGTGCT	1
429	428	5	ATGGCACACCTGCCCTACGTGCTT	1
430	429	5	TGGCACACCTGCCCTACGTGCTTT	1
431	430	5	GGCACACCTGCCCTACGTGCTTTG	1
432	431	5	GCACACCTGCCCTACGTGCTTTGT	1
433	432	5	CACACCTGCCCTACGTGCTTTGTT	1
434	433	7	ACACCTGCCCTACGTGCTTTGTTC	1
435	434	7	CACCTGCCCTACGTGCTTTGTTCG	1
436	435	7	ACCTGCCCTACGTGCTTTGTTCGT	1
437	436	7	CCTGCCCTACGTGCTTTGTTCGTT	1
438	437	7	CTGCCCTACGTGCTTTGTTCGTTG	1
439	438	7	TGCCCTACGTGCTTTGTTCGTTGA	1
440	439	7	GCCCTACGTGCTTTGTTCGTTGAA	1
441	440	7	CCCTACGTGCTTTGTTCGTTGAAT	1
442	441	6	CCTACGTGCTTTGTTCGTTGAATT	1
443	442	6	CTACGTGCTTTGTTCGTTGAATTC	1
444	443	6	TACGTGCTTTGTTCGTTGAATTCC	1
445	444	6	ACGTGCTTTGTTCGTTGAATTCCC	1
446	445	7	CGTGCTTTGTTCGTTGAATTCCCC	1
447	446	7	GTGCTTTGTTCGTTGAATTCCCCA	1
448	447	7	TGCTTTGTTCGTTGAATTCCCCAA	1
449	448	7	GCTTTGTTCGTTGAATTCCCCAAC	1
450	449	7	CTTTGTTCGTTGAATTCCCCAACG	1
451	450	7	TTTGTTCGTTGAATTCCCCAACGA	1
452	451	7	TTGTTCGTTGAATTCCCCAACGAT	1
453	452	7	TGTTCGTTGAATTCCCCAACGATC	1
454	453	6	GTTCGTTGAATTCCCCAACGATCC	1
455	454	6	TTCGTTGAATTCCCCAACGATCCT	1
456	455	6	TCGTTGAATTCCCCAACGATCCTA	1
457	456	5	CGTTGAATTCCCCAACGATCCTAC	1
458	457	5	GTTGAATTCCCCAACGATCCTACT	1
459	458	6	TTGAATTCCCCAACGATCCTACTC	1
460	459	5	TGAATTCCCCAACGATCCTACTCT	1
461	460	5	GAATTCCCCAACGATCCTACTCTA	1
462	461	5	AATTCCCCAACGATCCTACTCTAG	1
463	462	5	ATTCCCCAACGATCCTACTCTAGC	1
464	463	5	TTCCCCAACGATCCTACTCTAGCA	1
465	464	5	TCCCCAACGATCCTACTCTAGCAG	1
466	465	5	CCCCAACGATCCTACTCTAGCAGA	1
467	466	5	CCCAACGATCCTACTCTAGCAGAC	1
468	467	5	CCAACGATCCTACTCTAGCAGACG	1
469	468	4	CAACGATCCTACTCTAGCAGACGT	1
470	469	5	AACGATCCTACTCTAGCAGACGTT	1
471	470	4	ACGATCCTACTCTAGCAGACGTTG	1
472	471	4	CGATCCTACTCTAGCAGACGTTGA	1
473	472	5	GATCCTACTCTAGCAGACGTTGAC	1
474	473	5	ATCCTACTCTAGCAGACGTTGACC	1
475	474	5	TCCTACTCTAGCAGACGTTGACCG	1
476	475	5	CCTACTCTAGCAGACGTTGACCGT	1
477	476	5	CTACTCTAGCAGACGTTGACCGTC	1
478	477	4	TACTCTAGCAGACGTTGACCGTCA	1
479	478	4	ACTCTAGCAGACGTTGACCGTCAA	1
480	479	4	CTCTAGCAGACGTTGACCGTCAAT	1
481	480	4	TCTAGCAGACGTTGACCGTCAATT	1
482	481	4	CTAGCAGACGTTGACCGTCAATTC	1
483	482	4	TAGCAGACGTTGACCGTCAATTCA	1
484	483	4	AGCAGACGTTGACCGTCAATTCAT	1
485	484	4	GCAGACGTTGACCGTCAATTCATG	1
486	485	4	CAGACGTTGACCGTCAATTCATGG	1
487	486	4	AGACGTTGACCGTCAATTCATGGT	1
488	487	4	GACGTTGACCGTCAATTCATGGTA	1
489	488	4	ACGTTGACCGTCAATTCATGGTAG	1
490	489	3	CGTTGACCGTCAATTCATGGTAGG	1
491	490	3	GTTGACCGTCAATTCATGGTAGGC	1
492	491	3	TTGACCGTCAATTCATGGTAGGCG	1
493	492	3	TGACCGTCAATTCATGGTAGGCGA	1
494	493	3	GACCGTCAATTCATGGTAGGCGAC	1
495	494	3	ACCGTCAATTCATGGTAGGCGACT	1
496	495	5	CCGTCAATTCATGGTAGGCGACTC	1
497	496	5	CGTCAATTCATGGTAGGCGACTCT	1
498	497	6	GTCAATTCATGGTAGGCGACTCTC	1
499	498	6	TCAATTCATGGTAGGCGACTCTCT	1
500	499	6	CAATTCATGGTAGGCGACTCTCTA	1
501	500	6	AATTCATGGTAGGCGACTCTCTAT	1
502	501	6	ATTCATGGTAGGCGACTCTCTATT	1
503	502	5	TTCATGGTAGGCGACTCTCTATTG	1
504	503	5	TCATGGTAGGCGACTCTCTATTGG	1
505	504	5	CATGGTAGGCGACTCTCTATTGGT	1
506	505	5	ATGGTAGGCGACTCTCTATTGGTG	1
507	506	5	TGGTAGGCGACTCTCTATTGGTGA	1
508	507	6	GGTAGGCGACTCTCTATTGGTGAC	1
509	508	6	GTAGGCGACTCTCTATTGGTGACA	1
510	509	8	TAGGCGACTCTCTATTGGTGACAC	1
511	510	8	AGGCGACTCTCTATTGGTGACACC	1
512	511	8	GGCGACTCTCTATTGGTGACACCT	1
513	512	8	GCGACTCTCTATTGGTGACACCTG	1
514	513	7	CGACTCTCTATTGGTGACACCTGT	1
515	514	8	GACTCTCTATTGGTGACACCTGTC	1
516	515	8	ACTCTCTATTGGTGACACCTGTCT	1
517	516	7	CTCTCTATTGGTGACACCTGTCTT	1
518	517	7	TCTCTATTGGTGACACCTGTCTTG	1
519	518	7	CTCTATTGGTGACACCTGTCTTGG	1
520	519	7	TCTATTGGTGACACCTGTCTTGGA	1
521	520	7	CTATTGGTGACACCTGTCTTGGAG	1
522	521	7	TATTGGTGACACCTGTCTTGGAGC	1
523	522	7	ATTGGTGACACCTGTCTTGGAGCC	1
524	523	7	TTGGTGACACCTGTCTTGGAGCCT	1
525	524	7	TGGTGACACCTGTCTTGGAGCCTA	1
526	525	7	GGTGACACCTGTCTTGGAGCCTAA	1
527	526	7	GTGACACCTGTCTTGGAGCCTAAT	1
528	527	7	TGACACCTGTCTTGGAGCCTAATG	1
529	528	7	GACACCTGTCTTGGAGCCTAATGT	1
530	529	7	ACACCTGTCTTGGAGCCTAATGTT	1
531	530	7	CACCTGTCTTGGAGCCTAATGTTG	1
532	531	7	ACCTGTCTTGGAGCCTAATGTTGA	1
533	532	7	CCTGTCTTGGAGCCTAATGTTGAA	1
534	533	7	CTGTCTTGGAGCCTAATGTTGAAT	1
535	534	7	TGTCTTGGAGCCTAATGTTGAATA	1
536	535	7	GTCTTGGAGCCTAATGTTGAATAC	1
537	536	7	TCTTGGAGCCTAATGTTGAATACG	1
538	537	7	CTTGGAGCCTAATGTTGAATACGT	1
539	538	7	TTGGAGCCTAATGTTGAATACGTT	1
540	539	5	TGGAGCCTAATGTTGAATACGTTC	1
541	540	5	GGAGCCTAATGTTGAATACGTTCA	1
542	541	7	GAGCCTAATGTTGAATACGTTCAA	1
543	542	7	AGCCTAATGTTGAATACGTTCAAG	1
544	543	7	GCCTAATGTTGAATACGTTCAAGG	1
545	544	7	CCTAATGTTGAATACGTTCAAGGT	1
546	545	7	CTAATGTTGAATACGTTCAAGGTG	1
547	546	7	TAATGTTGAATACGTTCAAGGTGT	1
548	547	7	AATGTTGAATACGTTCAAGGTGTT	1
549	548	7	ATGTTGAATACGTTCAAGGTGTTT	1
550	549	7	TGTTGAATACGTTCAAGGTGTTTT	1
551	550	7	GTTGAATACGTTCAAGGTGTTTTC	1
552	551	8	TTGAATACGTTCAAGGTGTTTTCC	1
553	552	8	TGAATACGTTCAAGGTGTTTTCCC	1
554	553	6	GAATACGTTCAAGGTGTTTTCCCT	1
555	554	6	AATACGTTCAAGGTGTTTTCCCTG	1
556	555	6	ATACGTTCAAGGTGTTTTCCCTGG	1
557	556	6	TACGTTCAAGGTGTTTTCCCTGGT	1
558	557	6	ACGTTCAAGGTGTTTTCCCTGGTG	1
559	558	5	CGTTCAAGGTGTTTTCCCTGGTGA	1
560	559	5	GTTCAAGGTGTTTTCCCTGGTGAC	1
561	560	5	TTCAAGGTGTTTTCCCTGGTGACA	1
562	561	5	TCAAGGTGTTTTCCCTGGTGACAA	1
563	562	5	CAAGGTGTTTTCCCTGGTGACAAC	1
564	563	5	AAGGTGTTTTCCCTGGTGACAACA	1
565	564	5	AGGTGTTTTCCCTGGTGACAACAG	1
566	565	5	GGTGTTTTCCCTGGTGACAACAGC	1
567	566	5	GTGTTTTCCCTGGTGACAACAGCA	1
568	567	6	TGTTTTCCCTGGTGACAACAGCAC	1
569	568	6	GTTTTCCCTGGTGACAACAGCACT	1
570	569	6	TTTTCCCTGGTGACAACAGCACTG	1
571	570	6	TTTCCCTGGTGACAACAGCACTGT	1
572	571	6	TTCCCTGGTGACAACAGCACTGTA	1
573	572	7	TCCCTGGTGACAACAGCACTGTAT	1
574	573	7	CCCTGGTGACAACAGCACTGTATG	1
575	574	7	CCTGGTGACAACAGCACTGTATGG	1
576	575	7	CTGGTGACAACAGCACTGTATGGT	1
577	576	7	TGGTGACAACAGCACTGTATGGTA	1
578	577	7	GGTGACAACAGCACTGTATGGTAT	1
579	578	7	GTGACAACAGCACTGTATGGTATG	1
580	579	7	TGACAACAGCACTGTATGGTATGA	1
581	580	7	GACAACAGCACTGTATGGTATGAC	1
582	581	7	ACAACAGCACTGTATGGTATGACT	1
583	582	7	CAACAGCACTGTATGGTATGACTG	1
584	583	7	AACAGCACTGTATGGTATGACTGG	1
585	584	7	ACAGCACTGTATGGTATGACTGGT	1
586	585	5	CAGCACTGTATGGTATGACTGGTA	1
587	586	7	AGCACTGTATGGTATGACTGGTAC	1
588	587	7	GCACTGTATGGTATGACTGGTACA	1
589	588	8	CACTGTATGGTATGACTGGTACAA	1
590	589	8	ACTGTATGGTATGACTGGTACAAC	1
591	590	9	CTGTATGGTATGACTGGTACAACC	1
592	591	10	TGTATGGTATGACTGGTACAACCA	1
593	592	10	GTATGGTATGACTGGTACAACCAC	1
594	593	10	TATGGTATGACTGGTACAACCACA	1
595	594	10	ATGGTATGACTGGTACAACCACAC	1
596	595	8	TGGTATGACTGGTACAACCACACT	1
597	596	8	GGTATGACTGGTACAACCACACTG	1
598	597	8	GTATGACTGGTACAACCACACTGA	1
599	598	8	TATGACTGGTACAACCACACTGAA	1
600	599	8	ATGACTGGTACAACCACACTGAAA	1
601	600	7	TGACTGGTACAACCACACTGAAAT	1
602	601	7	GACTGGTACAACCACACTGAAATT	1
603	602	7	ACTGGTACAACCACACTGAAATTG	1
604	603	7	CTGGTACAACCACACTGAAATTGT	1
605	604	7	TGGTACAACCACACTGAAATTGTT	1
606	605	7	GGTACAACCACACTGAAATTGTTC	1
607	606	7	GTACAACCACACTGAAATTGTTCG	1
608	607	7	TACAACCACACTGAAATTGTTCGT	1
609	608	7	ACAACCACACTGAAATTGTTCGTC	1
610	609	7	CAACCACACTGAAATTGTTCGTCA	1
611	610	7	AACCACACTGAAATTGTTCGTCAA	1
612	611	6	ACCACACTGAAATTGTTCGTCAAT	1
613	612	6	CCACACTGAAATTGTTCGTCAATA	1
614	613	6	CACACTGAAATTGTTCGTCAATAC	1
615	614	6	ACACTGAAATTGTTCGTCAATACA	1
616	615	6	CACTGAAATTGTTCGTCAATACAA	1
617	616	5	ACTGAAATTGTTCGTCAATACAAC	1
618	617	6	CTGAAATTGTTCGTCAATACAACG	1
619	618	6	TGAAATTGTTCGTCAATACAACGA	1
620	619	6	GAAATTGTTCGTCAATACAACGAA	1
621	620	6	AAATTGTTCGTCAATACAACGAAA	1
622	621	6	AATTGTTCGTCAATACAACGAAAA	1
623	622	6	ATTGTTCGTCAATACAACGAAAAT	1
624	623	6	TTGTTCGTCAATACAACGAAAATG	1
625	624	6	TGTTCGTCAATACAACGAAAATGT	1
626	625	6	GTTCGTCAATACAACGAAAATGTT	1
627	626	6	TTCGTCAATACAACGAAAATGTTA	1
628	627	6	TCGTCAATACAACGAAAATGTTAC	1
629	628	6	CGTCAATACAACGAAAATGTTACT	1
630	629	6	GTCAATACAACGAAAATGTTACTC	1
631	630	4	TCAATACAACGAAAATGTTACTCT	1
632	631	4	CAATACAACGAAAATGTTACTCTG	1
633	632	3	AATACAACGAAAATGTTACTCTGT	1
634	633	3	ATACAACGAAAATGTTACTCTGTA	1
635	634	2	TACAACGAAAATGTTACTCTGTAC	1
636	635	1	ACAACGAAAATGTTACTCTGTACG	1
637	636	1	CAACGAAAATGTTACTCTGTACGC	1
638	637	1	AACGAAAATGTTACTCTGTACGCT	1
639	638	1	ACGAAAATGTTACTCTGTACGCTC	1
640	639	2	CGAAAATGTTACTCTGTACGCTCC	1
641	640	3	GAAAATGTTACTCTGTACGCTCCT	1
642	641	3	AAAATGTTACTCTGTACGCTCCTT	1
643	642	4	AAATGTTACTCTGTACGCTCCTTT	1
644	643	4	AATGTTACTCTGTACGCTCCTTTG	1
645	644	4	ATGTTACTCTGTACGCTCCTTTGG	1
646	645	5	TGTTACTCTGTACGCTCCTTTGGA	1
647	646	5	GTTACTCTGTACGCTCCTTTGGAA	1
648	647	5	TTACTCTGTACGCTCCTTTGGAAC	1
649	648	6	TACTCTGTACGCTCCTTTGGAACA	1
650	649	6	ACTCTGTACGCTCCTTTGGAACAC	1
651	650	6	CTCTGTACGCTCCTTTGGAACACA	1
652	651	6	TCTGTACGCTCCTTTGGAACACAT	1
653	652	6	CTGTACGCTCCTTTGGAACACATC	1
654	653	6	TGTACGCTCCTTTGGAACACATCA	1
655	654	7	GTACGCTCCTTTGGAACACATCAA	1
656	655	7	TACGCTCCTTTGGAACACATCAAT	1
657	656	8	ACGCTCCTTTGGAACACATCAATG	1
658	657	8	CGCTCCTTTGGAACACATCAATGT	1
659	658	10	GCTCCTTTGGAACACATCAATGTC	1
660	659	10	CTCCTTTGGAACACATCAATGTCG	1
661	660	10	TCCTTTGGAACACATCAATGTCGC	1
662	661	9	CCTTTGGAACACATCAATGTCGCT	1
663	662	9	CTTTGGAACACATCAATGTCGCTA	1
664	663	9	TTTGGAACACATCAATGTCGCTAT	1
665	664	9	TTGGAACACATCAATGTCGCTATT	1
666	665	9	TGGAACACATCAATGTCGCTATTC	1
667	666	9	GGAACACATCAATGTCGCTATTCG	1
668	667	9	GAACACATCAATGTCGCTATTCGT	1
669	668	9	AACACATCAATGTCGCTATTCGTG	1
670	669	9	ACACATCAATGTCGCTATTCGTGG	1
671	670	9	CACATCAATGTCGCTATTCGTGGT	1
672	671	9	ACATCAATGTCGCTATTCGTGGTG	1
673	672	9	CATCAATGTCGCTATTCGTGGTGG	1
674	673	10	ATCAATGTCGCTATTCGTGGTGGT	1
675	674	10	TCAATGTCGCTATTCGTGGTGGTA	1
676	675	10	CAATGTCGCTATTCGTGGTGGTAG	1
677	676	10	AATGTCGCTATTCGTGGTGGTAGT	1
678	677	10	ATGTCGCTATTCGTGGTGGTAGTG	1
679	678	10	TGTCGCTATTCGTGGTGGTAGTGT	1
680	679	10	GTCGCTATTCGTGGTGGTAGTGTT	1
681	680	10	TCGCTATTCGTGGTGGTAGTGTTC	1
682	681	10	CGCTATTCGTGGTGGTAGTGTTCT	1
683	682	9	GCTATTCGTGGTGGTAGTGTTCTT	1
684	683	9	CTATTCGTGGTGGTAGTGTTCTTC	1
685	684	8	TATTCGTGGTGGTAGTGTTCTTCC	1
686	685	8	ATTCGTGGTGGTAGTGTTCTTCCC	1
687	686	7	TTCGTGGTGGTAGTGTTCTTCCCA	1
688	687	7	TCGTGGTGGTAGTGTTCTTCCCAT	1
689	688	10	CGTGGTGGTAGTGTTCTTCCCATG	1
690	689	9	GTGGTGGTAGTGTTCTTCCCATGC	1
691	690	9	TGGTGGTAGTGTTCTTCCCATGCA	1
692	691	10	GGTGGTAGTGTTCTTCCCATGCAA	1
693	692	9	GTGGTAGTGTTCTTCCCATGCAAC	1
694	693	10	TGGTAGTGTTCTTCCCATGCAACA	1
695	694	10	GGTAGTGTTCTTCCCATGCAACAA	1
696	695	10	GTAGTGTTCTTCCCATGCAACAAC	1
697	696	10	TAGTGTTCTTCCCATGCAACAACC	1
698	697	9	AGTGTTCTTCCCATGCAACAACCT	1
699	698	9	GTGTTCTTCCCATGCAACAACCTT	1
700	699	9	TGTTCTTCCCATGCAACAACCTTC	1
701	700	8	GTTCTTCCCATGCAACAACCTTCG	1
702	701	9	TTCTTCCCATGCAACAACCTTCGC	1
703	702	7	TCTTCCCATGCAACAACCTTCGCT	1
704	703	7	CTTCCCATGCAACAACCTTCGCTC	1
705	704	7	TTCCCATGCAACAACCTTCGCTCA	1
706	705	7	TCCCATGCAACAACCTTCGCTCAC	1
707	706	7	CCCATGCAACAACCTTCGCTCACT	1
708	707	7	CCATGCAACAACCTTCGCTCACTA	1
709	708	7	CATGCAACAACCTTCGCTCACTAC	1
710	709	7	ATGCAACAACCTTCGCTCACTACT	1
711	710	7	TGCAACAACCTTCGCTCACTACTT	1
712	711	8	GCAACAACCTTCGCTCACTACTTA	1
713	712	9	CAACAACCTTCGCTCACTACTTAT	1
714	713	9	AACAACCTTCGCTCACTACTTATG	1
715	714	9	ACAACCTTCGCTCACTACTTATGA	1
716	715	9	CAACCTTCGCTCACTACTTATGAA	1
717	716	9	AACCTTCGCTCACTACTTATGAAA	1
718	717	8	ACCTTCGCTCACTACTTATGAAAG	1
719	718	8	CCTTCGCTCACTACTTATGAAAGT	1
720	719	8	CTTCGCTCACTACTTATGAAAGTC	1
721	720	8	TTCGCTCACTACTTATGAAAGTCG	1
722	721	9	TCGCTCACTACTTATGAAAGTCGT	1
723	722	10	CGCTCACTACTTATGAAAGTCGTC	1
724	723	11	GCTCACTACTTATGAAAGTCGTCA	1
725	724	11	CTCACTACTTATGAAAGTCGTCAA	1
726	725	11	TCACTACTTATGAAAGTCGTCAAA	1
727	726	11	CACTACTTATGAAAGTCGTCAAAA	1
728	727	11	ACTACTTATGAAAGTCGTCAAAAT	1
729	728	12	CTACTTATGAAAGTCGTCAAAATC	1
730	729	12	TACTTATGAAAGTCGTCAAAATCC	1
731	730	12	ACTTATGAAAGTCGTCAAAATCCA	1
732	731	12	CTTATGAAAGTCGTCAAAATCCAT	1
733	732	9	TTATGAAAGTCGTCAAAATCCATT	1
734	733	9	TATGAAAGTCGTCAAAATCCATTC	1
735	734	9	ATGAAAGTCGTCAAAATCCATTCA	1
736	735	8	TGAAAGTCGTCAAAATCCATTCAA	1
737	736	8	GAAAGTCGTCAAAATCCATTCAAC	1
738	737	7	AAAGTCGTCAAAATCCATTCAACC	1
739	738	7	AAGTCGTCAAAATCCATTCAACCT	1
740	739	7	AGTCGTCAAAATCCATTCAACCTC	1
741	740	7	GTCGTCAAAATCCATTCAACCTCC	1
742	741	7	TCGTCAAAATCCATTCAACCTCCT	1
743	742	7	CGTCAAAATCCATTCAACCTCCTC	1
744	743	7	GTCAAAATCCATTCAACCTCCTCG	1
745	744	7	TCAAAATCCATTCAACCTCCTCGT	1
746	745	7	CAAAATCCATTCAACCTCCTCGTC	1
747	746	7	AAAATCCATTCAACCTCCTCGTCG	1
748	747	7	AAATCCATTCAACCTCCTCGTCGC	1
749	748	7	AATCCATTCAACCTCCTCGTCGCT	1
750	749	7	ATCCATTCAACCTCCTCGTCGCTT	1
751	750	7	TCCATTCAACCTCCTCGTCGCTTT	1
752	751	7	CCATTCAACCTCCTCGTCGCTTTG	1
753	752	7	CATTCAACCTCCTCGTCGCTTTGG	1
754	753	6	ATTCAACCTCCTCGTCGCTTTGGA	1
755	754	7	TTCAACCTCCTCGTCGCTTTGGAT	1
756	755	7	TCAACCTCCTCGTCGCTTTGGATA	1
757	756	8	CAACCTCCTCGTCGCTTTGGATAG	1
758	757	8	AACCTCCTCGTCGCTTTGGATAGA	1
759	758	8	ACCTCCTCGTCGCTTTGGATAGAG	1
760	759	7	CCTCCTCGTCGCTTTGGATAGAGA	1
761	760	7	CTCCTCGTCGCTTTGGATAGAGAT	1
762	761	7	TCCTCGTCGCTTTGGATAGAGATG	1
763	762	7	CCTCGTCGCTTTGGATAGAGATGG	1
764	763	6	CTCGTCGCTTTGGATAGAGATGGT	1
765	764	6	TCGTCGCTTTGGATAGAGATGGTT	1
766	765	6	CGTCGCTTTGGATAGAGATGGTTC	1
767	766	7	GTCGCTTTGGATAGAGATGGTTCT	1
768	767	7	TCGCTTTGGATAGAGATGGTTCTG	1
769	768	7	CGCTTTGGATAGAGATGGTTCTGC	1
770	769	7	GCTTTGGATAGAGATGGTTCTGCT	1
771	770	7	CTTTGGATAGAGATGGTTCTGCTA	1
772	771	7	TTTGGATAGAGATGGTTCTGCTAC	1
773	772	7	TTGGATAGAGATGGTTCTGCTACT	1
774	773	7	TGGATAGAGATGGTTCTGCTACTG	1
775	774	7	GGATAGAGATGGTTCTGCTACTGG	1
776	775	7	GATAGAGATGGTTCTGCTACTGGT	1
777	776	7	ATAGAGATGGTTCTGCTACTGGTG	1
778	777	7	TAGAGATGGTTCTGCTACTGGTGA	1
779	778	7	AGAGATGGTTCTGCTACTGGTGAG	1
780	779	7	GAGATGGTTCTGCTACTGGTGAGC	1
781	780	7	AGATGGTTCTGCTACTGGTGAGCT	1
782	781	7	GATGGTTCTGCTACTGGTGAGCTT	1
783	782	7	ATGGTTCTGCTACTGGTGAGCTTT	1
784	783	8	TGGTTCTGCTACTGGTGAGCTTTA	1
785	784	8	GGTTCTGCTACTGGTGAGCTTTAC	1
786	785	8	GTTCTGCTACTGGTGAGCTTTACC	1
787	786	8	TTCTGCTACTGGTGAGCTTTACCT	1
788	787	8	TCTGCTACTGGTGAGCTTTACCTT	1
789	788	8	CTGCTACTGGTGAGCTTTACCTTG	1
790	789	7	TGCTACTGGTGAGCTTTACCTTGA	1
791	790	7	GCTACTGGTGAGCTTTACCTTGAT	1
792	791	7	CTACTGGTGAGCTTTACCTTGATG	1
793	792	7	TACTGGTGAGCTTTACCTTGATGA	1
794	793	7	ACTGGTGAGCTTTACCTTGATGAT	1
795	794	7	CTGGTGAGCTTTACCTTGATGATG	1
796	795	7	TGGTGAGCTTTACCTTGATGATGG	1
797	796	7	GGTGAGCTTTACCTTGATGATGGT	1
798	797	7	GTGAGCTTTACCTTGATGATGGTG	1
799	798	7	TGAGCTTTACCTTGATGATGGTGT	1
800	799	7	GAGCTTTACCTTGATGATGGTGTT	1
801	800	5	AGCTTTACCTTGATGATGGTGTTT	1
802	801	5	GCTTTACCTTGATGATGGTGTTTC	1
803	802	5	CTTTACCTTGATGATGGTGTTTCC	1
804	803	5	TTTACCTTGATGATGGTGTTTCCA	1
805	804	5	TTACCTTGATGATGGTGTTTCCAT	1
806	805	5	TACCTTGATGATGGTGTTTCCATT	1
807	806	5	ACCTTGATGATGGTGTTTCCATTG	1
808	807	5	CCTTGATGATGGTGTTTCCATTGA	1
809	808	5	CTTGATGATGGTGTTTCCATTGAG	1
810	809	5	TTGATGATGGTGTTTCCATTGAGC	1
811	810	4	TGATGATGGTGTTTCCATTGAGCT	1
812	811	3	GATGATGGTGTTTCCATTGAGCTA	1
813	812	3	ATGATGGTGTTTCCATTGAGCTAA	1
814	813	3	TGATGGTGTTTCCATTGAGCTAAA	1
815	814	3	GATGGTGTTTCCATTGAGCTAAAC	1
816	815	3	ATGGTGTTTCCATTGAGCTAAACG	1
817	816	3	TGGTGTTTCCATTGAGCTAAACGC	1
818	817	3	GGTGTTTCCATTGAGCTAAACGCT	1
819	818	5	GTGTTTCCATTGAGCTAAACGCTA	1
820	819	5	TGTTTCCATTGAGCTAAACGCTAC	1
821	820	5	GTTTCCATTGAGCTAAACGCTACA	1
822	821	6	TTTCCATTGAGCTAAACGCTACAC	1
823	822	7	TTCCATTGAGCTAAACGCTACACT	1
824	823	7	TCCATTGAGCTAAACGCTACACTT	1
825	824	7	CCATTGAGCTAAACGCTACACTTT	1
826	825	7	CATTGAGCTAAACGCTACACTTTC	1
827	826	7	ATTGAGCTAAACGCTACACTTTCC	1
828	827	6	TTGAGCTAAACGCTACACTTTCCG	1
829	828	6	TGAGCTAAACGCTACACTTTCCGT	1
830	829	6	GAGCTAAACGCTACACTTTCCGTT	1
831	830	6	AGCTAAACGCTACACTTTCCGTTA	1
832	831	7	GCTAAACGCTACACTTTCCGTTAG	1
833	832	7	CTAAACGCTACACTTTCCGTTAGC	1
834	833	6	TAAACGCTACACTTTCCGTTAGCT	1
835	834	6	AAACGCTACACTTTCCGTTAGCTT	1
836	835	6	AACGCTACACTTTCCGTTAGCTTC	1
837	836	6	ACGCTACACTTTCCGTTAGCTTCA	1
838	837	6	CGCTACACTTTCCGTTAGCTTCAC	1
839	838	6	GCTACACTTTCCGTTAGCTTCACA	1
840	839	6	CTACACTTTCCGTTAGCTTCACAT	1
841	840	6	TACACTTTCCGTTAGCTTCACATT	1
842	841	7	ACACTTTCCGTTAGCTTCACATTT	1
843	842	7	CACTTTCCGTTAGCTTCACATTTA	1
844	843	7	ACTTTCCGTTAGCTTCACATTTAG	1
845	844	7	CTTTCCGTTAGCTTCACATTTAGT	1
846	845	7	TTTCCGTTAGCTTCACATTTAGTG	1
847	846	8	TTCCGTTAGCTTCACATTTAGTGA	1
848	847	8	TCCGTTAGCTTCACATTTAGTGAT	1
849	848	8	CCGTTAGCTTCACATTTAGTGATG	1
850	849	8	CGTTAGCTTCACATTTAGTGATGG	1
851	850	8	GTTAGCTTCACATTTAGTGATGGT	1
852	851	8	TTAGCTTCACATTTAGTGATGGTG	1
853	852	8	TAGCTTCACATTTAGTGATGGTGT	1
854	853	8	AGCTTCACATTTAGTGATGGTGTT	1
855	854	8	GCTTCACATTTAGTGATGGTGTTT	1
856	855	8	CTTCACATTTAGTGATGGTGTTTT	1
857	856	8	TTCACATTTAGTGATGGTGTTTTG	1
858	857	8	TCACATTTAGTGATGGTGTTTTGA	1
859	858	9	CACATTTAGTGATGGTGTTTTGAG	1
860	859	9	ACATTTAGTGATGGTGTTTTGAGT	1
861	860	9	CATTTAGTGATGGTGTTTTGAGTG	1
862	861	10	ATTTAGTGATGGTGTTTTGAGTGC	1
863	862	9	TTTAGTGATGGTGTTTTGAGTGCC	1
864	863	9	TTAGTGATGGTGTTTTGAGTGCCG	1
865	864	9	TAGTGATGGTGTTTTGAGTGCCGT	1
866	865	8	AGTGATGGTGTTTTGAGTGCCGTT	1
867	866	7	GTGATGGTGTTTTGAGTGCCGTTC	1
868	867	7	TGATGGTGTTTTGAGTGCCGTTCC	1
869	868	9	GATGGTGTTTTGAGTGCCGTTCCA	1
870	869	9	ATGGTGTTTTGAGTGCCGTTCCAA	1
871	870	9	TGGTGTTTTGAGTGCCGTTCCAAC	1
872	871	9	GGTGTTTTGAGTGCCGTTCCAACT	1
873	872	9	GTGTTTTGAGTGCCGTTCCAACTG	1
874	873	9	TGTTTTGAGTGCCGTTCCAACTGG	1
875	874	9	GTTTTGAGTGCCGTTCCAACTGGC	1
876	875	11	TTTTGAGTGCCGTTCCAACTGGCA	1
877	876	11	TTTGAGTGCCGTTCCAACTGGCAG	1
878	877	11	TTGAGTGCCGTTCCAACTGGCAGC	1
879	878	10	TGAGTGCCGTTCCAACTGGCAGCT	1
880	879	10	GAGTGCCGTTCCAACTGGCAGCTA	1
881	880	10	AGTGCCGTTCCAACTGGCAGCTAC	1
882	881	10	GTGCCGTTCCAACTGGCAGCTACG	1
883	882	10	TGCCGTTCCAACTGGCAGCTACGA	1
884	883	10	GCCGTTCCAACTGGCAGCTACGAA	1
885	884	9	CCGTTCCAACTGGCAGCTACGAAG	1
886	885	7	CGTTCCAACTGGCAGCTACGAAGT	1
887	886	7	GTTCCAACTGGCAGCTACGAAGTT	1
888	887	7	TTCCAACTGGCAGCTACGAAGTTA	1
889	888	7	TCCAACTGGCAGCTACGAAGTTAG	1
890	889	8	CCAACTGGCAGCTACGAAGTTAGC	1
891	890	8	CAACTGGCAGCTACGAAGTTAGCC	1
892	891	8	AACTGGCAGCTACGAAGTTAGCCA	1
893	892	8	ACTGGCAGCTACGAAGTTAGCCAA	1
894	893	9	CTGGCAGCTACGAAGTTAGCCAAC	1
895	894	9	TGGCAGCTACGAAGTTAGCCAACC	1
896	895	10	GGCAGCTACGAAGTTAGCCAACCC	1
897	896	9	GCAGCTACGAAGTTAGCCAACCCT	1
898	897	9	CAGCTACGAAGTTAGCCAACCCTT	1
899	898	9	AGCTACGAAGTTAGCCAACCCTTG	1
900	899	9	GCTACGAAGTTAGCCAACCCTTGG	1
901	900	9	CTACGAAGTTAGCCAACCCTTGGC	1
902	901	9	TACGAAGTTAGCCAACCCTTGGCC	1
903	902	8	ACGAAGTTAGCCAACCCTTGGCCA	1
904	903	9	CGAAGTTAGCCAACCCTTGGCCAA	1
905	904	9	GAAGTTAGCCAACCCTTGGCCAAC	1
906	905	9	AAGTTAGCCAACCCTTGGCCAACG	1
907	906	8	AGTTAGCCAACCCTTGGCCAACGT	1
908	907	8	GTTAGCCAACCCTTGGCCAACGTA	1
909	908	8	TTAGCCAACCCTTGGCCAACGTAA	1
910	909	8	TAGCCAACCCTTGGCCAACGTAAC	1
911	910	8	AGCCAACCCTTGGCCAACGTAACG	1
912	911	9	GCCAACCCTTGGCCAACGTAACGA	1
913	912	7	CCAACCCTTGGCCAACGTAACGAT	1
914	913	7	CAACCCTTGGCCAACGTAACGATC	1
915	914	8	AACCCTTGGCCAACGTAACGATCC	1
916	915	8	ACCCTTGGCCAACGTAACGATCCT	1
917	916	8	CCCTTGGCCAACGTAACGATCCTT	1
918	917	8	CCTTGGCCAACGTAACGATCCTTG	1
919	918	8	CTTGGCCAACGTAACGATCCTTGG	1
920	919	7	TTGGCCAACGTAACGATCCTTGGT	1
921	920	7	TGGCCAACGTAACGATCCTTGGTC	1
922	921	11	GGCCAACGTAACGATCCTTGGTCT	1
923	922	11	GCCAACGTAACGATCCTTGGTCTC	1
924	923	12	CCAACGTAACGATCCTTGGTCTCA	1
925	924	12	CAACGTAACGATCCTTGGTCTCAC	1
926	925	12	AACGTAACGATCCTTGGTCTCACT	1
927	926	12	ACGTAACGATCCTTGGTCTCACTG	1
928	927	12	CGTAACGATCCTTGGTCTCACTGA	1
929	928	12	GTAACGATCCTTGGTCTCACTGAA	1
930	929	12	TAACGATCCTTGGTCTCACTGAAT	1
931	930	12	AACGATCCTTGGTCTCACTGAATC	1
932	931	12	ACGATCCTTGGTCTCACTGAATCC	1
933	932	12	CGATCCTTGGTCTCACTGAATCCC	1
934	933	12	GATCCTTGGTCTCACTGAATCCCC	1
935	934	12	ATCCTTGGTCTCACTGAATCCCCT	1
936	935	12	TCCTTGGTCTCACTGAATCCCCTA	1
937	936	12	CCTTGGTCTCACTGAATCCCCTAG	1
938	937	11	CTTGGTCTCACTGAATCCCCTAGT	1
939	938	11	TTGGTCTCACTGAATCCCCTAGTT	1
940	939	10	TGGTCTCACTGAATCCCCTAGTTC	1
941	940	10	GGTCTCACTGAATCCCCTAGTTCA	1
942	941	10	GTCTCACTGAATCCCCTAGTTCAA	1
943	942	11	TCTCACTGAATCCCCTAGTTCAAT	1
944	943	11	CTCACTGAATCCCCTAGTTCAATC	1
945	944	11	TCACTGAATCCCCTAGTTCAATCA	1
946	945	11	CACTGAATCCCCTAGTTCAATCAC	1
947	946	11	ACTGAATCCCCTAGTTCAATCACC	1
948	947	11	CTGAATCCCCTAGTTCAATCACCT	1
949	948	11	TGAATCCCCTAGTTCAATCACCTT	1
950	949	11	GAATCCCCTAGTTCAATCACCTTG	1
951	950	11	AATCCCCTAGTTCAATCACCTTGA	1
952	951	11	ATCCCCTAGTTCAATCACCTTGAA	1
953	952	11	TCCCCTAGTTCAATCACCTTGAAT	1
954	953	11	CCCCTAGTTCAATCACCTTGAATG	1
955	954	11	CCCTAGTTCAATCACCTTGAATGG	1
956	955	10	CCTAGTTCAATCACCTTGAATGGA	1
957	956	10	CTAGTTCAATCACCTTGAATGGAC	1
958	957	10	TAGTTCAATCACCTTGAATGGACA	1
959	958	9	AGTTCAATCACCTTGAATGGACAA	1
960	959	9	GTTCAATCACCTTGAATGGACAAA	1
961	960	9	TTCAATCACCTTGAATGGACAAAA	1
962	961	9	TCAATCACCTTGAATGGACAAAAC	1
963	962	9	CAATCACCTTGAATGGACAAAACG	1
964	963	8	AATCACCTTGAATGGACAAAACGT	1
965	964	8	ATCACCTTGAATGGACAAAACGTC	1
966	965	4	TCACCTTGAATGGACAAAACGTCT	1
967	966	4	CACCTTGAATGGACAAAACGTCTC	1
968	967	4	ACCTTGAATGGACAAAACGTCTCC	1
969	968	9	CCTTGAATGGACAAAACGTCTCCT	1
970	969	9	CTTGAATGGACAAAACGTCTCCTC	1
971	970	9	TTGAATGGACAAAACGTCTCCTCC	1
972	971	9	TGAATGGACAAAACGTCTCCTCCT	1
973	972	9	GAATGGACAAAACGTCTCCTCCTT	1
974	973	9	AATGGACAAAACGTCTCCTCCTTC	1
975	974	10	ATGGACAAAACGTCTCCTCCTTCC	1
976	975	10	TGGACAAAACGTCTCCTCCTTCCA	1
977	976	10	GGACAAAACGTCTCCTCCTTCCAG	1
978	977	9	GACAAAACGTCTCCTCCTTCCAGT	1
979	978	10	ACAAAACGTCTCCTCCTTCCAGTA	1
980	979	10	CAAAACGTCTCCTCCTTCCAGTAC	1
981	980	10	AAAACGTCTCCTCCTTCCAGTACT	1
982	981	10	AAACGTCTCCTCCTTCCAGTACTC	1
983	982	11	AACGTCTCCTCCTTCCAGTACTCT	1
984	983	11	ACGTCTCCTCCTTCCAGTACTCTA	1
985	984	11	CGTCTCCTCCTTCCAGTACTCTAA	1
986	985	11	GTCTCCTCCTTCCAGTACTCTAAC	1
987	986	10	TCTCCTCCTTCCAGTACTCTAACG	1
988	987	10	CTCCTCCTTCCAGTACTCTAACGA	1
989	988	10	TCCTCCTTCCAGTACTCTAACGAT	1
990	989	10	CCTCCTTCCAGTACTCTAACGATA	1
991	990	10	CTCCTTCCAGTACTCTAACGATAC	1
992	991	9	TCCTTCCAGTACTCTAACGATACT	1
993	992	9	CCTTCCAGTACTCTAACGATACTG	1
994	993	9	CTTCCAGTACTCTAACGATACTGA	1
995	994	9	TTCCAGTACTCTAACGATACTGAG	1
996	995	9	TCCAGTACTCTAACGATACTGAGG	1
997	996	9	CCAGTACTCTAACGATACTGAGGA	1
998	997	9	CAGTACTCTAACGATACTGAGGAA	1
999	998	9	AGTACTCTAACGATACTGAGGAAT	1
1000	999	9	GTACTCTAACGATACTGAGGAATT	1
1001	1000	9	TACTCTAACGATACTGAGGAATTG	1
1002	1001	9	ACTCTAACGATACTGAGGAATTGC	1
1003	1002	9	CTCTAACGATACTGAGGAATTGCT	1
1004	1003	9	TCTAACGATACTGAGGAATTGCTA	1
1005	1004	9	CTAACGATACTGAGGAATTGCTAA	1
1006	1005	9	TAACGATACTGAGGAATTGCTAAT	1
1007	1006	9	AACGATACTGAGGAATTGCTAATT	1
1008	1007	9	ACGATACTGAGGAATTGCTAATTA	1
1009	1008	9	CGATACTGAGGAATTGCTAATTAC	1
1010	1009	9	GATACTGAGGAATTGCTAATTACC	1
1011	1010	9	ATACTGAGGAATTGCTAATTACCG	1
1012	1011	8	TACTGAGGAATTGCTAATTACCGG	1
1013	1012	3	ACTGAGGAATTGCTAATTACCGGT	1
1014	1013	3	CTGAGGAATTGCTAATTACCGGTC	1
1015	1014	3	TGAGGAATTGCTAATTACCGGTCT	1
1016	1015	3	GAGGAATTGCTAATTACCGGTCTA	1
1017	1016	3	AGGAATTGCTAATTACCGGTCTAC	1
1018	1017	3	GGAATTGCTAATTACCGGTCTACA	1
1019	1018	2	GAATTGCTAATTACCGGTCTACAG	1
1020	1019	2	AATTGCTAATTACCGGTCTACAGA	1
1021	1020	2	ATTGCTAATTACCGGTCTACAGAA	1
1022	1021	2	TTGCTAATTACCGGTCTACAGAAC	1
1023	1022	1	TGCTAATTACCGGTCTACAGAACA	1
1024	1023	1	GCTAATTACCGGTCTACAGAACAT	1
1025	1024	1	CTAATTACCGGTCTACAGAACATT	1
1026	1025	1	TAATTACCGGTCTACAGAACATTA	1
1027	-1	0	ATTAACAGTCTAGTTTGTTGCATC	1
1028	1027	1	TTAACAGTCTAGTTTGTTGCATCT	1
1029	1028	1	TAACAGTCTAGTTTGTTGCATCTA	1
1030	1029	1	AACAGTCTAGTTTGTTGCATCTAG	1
1031	1030	1	ACAGTCTAGTTTGTTGCATCTAGC	1
1032	1031	1	CAGTCTAGTTTGTTGCATCTAGCA	1
1033	1032	1	AGTCTAGTTTGTTGCATCTAGCAA	1
1034	1033	1	GTCTAGTTTGTTGCATCTAGCAAC	1
1035	1034	1	TCTAGTTTGTTGCATCTAGCAACT	1
1036	1035	1	CTAGTTTGTTGCATCTAGCAACTC	1
1037	1036	1	TAGTTTGTTGCATCTAGCAACTCT	1
1038	1037	1	AGTTTGTTGCATCTAGCAACTCTC	1
1039	1038	1	GTTTGTTGCATCTAGCAACTCTCG	1
1040	1039	1	TTTGTTGCATCTAGCAACTCTCGA	1
1041	1040	1	TTGTTGCATCTAGCAACTCTCGAG	1
1042	1041	1	TGTTGCATCTAGCAACTCTCGAGA	1
1043	1042	1	GTTGCATCTAGCAACTCTCGAGAT	1
1044	1043	1	TTGCATCTAGCAACTCTCGAGATG	1
1045	1044	1	TGCATCTAGCAACTCTCGAGATGC	1
1046	1045	1	GCATCTAGCAACTCTCGAGATGCT	1
1047	1046	1	CATCTAGCAACTCTCGAGATGCTT	1
1048	1047	2	ATCTAGCAACTCTCGAGATGCTTG	1
1049	1048	2	TCTAGCAACTCTCGAGATGCTTGT	1
1050	1049	2	CTAGCAACTCTCGAGATGCTTGTA	1
1051	1050	2	TAGCAACTCTCGAGATGCTTGTAG	1
1052	1051	2	AGCAACTCTCGAGATGCTTGTAGT	1
1053	1052	2	GCAACTCTCGAGATGCTTGTAGTA	1
1054	1053	2	CAACTCTCGAGATGCTTGTAGTAT	1
1055	1054	2	AACTCTCGAGATGCTTGTAGTATA	1
1056	1055	2	ACTCTCGAGATGCTTGTAGTATAT	1
1057	1056	2	CTCTCGAGATGCTTGTAGTATATG	1
1058	1057	2	TCTCGAGATGCTTGTAGTATATGG	1
1059	1058	2	CTCGAGATGCTTGTAGTATATGGA	1
1060	1059	2	TCGAGATGCTTGTAGTATATGGAA	1
1061	1060	2	CGAGATGCTTGTAGTATATGGAAT	1
1062	1061	2	GAGATGCTTGTAGTATATGGAATA	1
1063	1062	2	AGATGCTTGTAGTATATGGAATAA	1
1064	1063	2	GATGCTTGTAGTATATGGAATAAA	1
1065	1064	2	ATGCTTGTAGTATATGGAATAAAC	1
1066	1065	4	TGCTTGTAGTATATGGAATAAACT	1
1067	1066	4	GCTTGTAGTATATGGAATAAACTT	1
1068	1067	4	CTTGTAGTATATGGAATAAACTTA	1
1069	1068	4	TTGTAGTATATGGAATAAACTTAC	1
1070	1069	4	TGTAGTATATGGAATAAACTTACA	1
1071	1070	4	GTAGTATATGGAATAAACTTACAG	1
1072	1071	3	TAGTATATGGAATAAACTTACAGT	1
1073	1072	3	AGTATATGGAATAAACTTACAGTC	1
1074	1073	3	GTATATGGAATAAACTTACAGTCA	1
1075	1074	3	TATATGGAATAAACTTACAGTCAT	1
1076	1075	3	ATATGGAATAAACTTACAGTCATT	1
1077	1076	3	TATGGAATAAACTTACAGTCATTG	1
1078	1077	3	ATGGAATAAACTTACAGTCATTGT	1
1079	1078	3	TGGAATAAACTTACAGTCATTGTT	1
1080	1079	3	GGAATAAACTTACAGTCATTGTTA	1
1081	1080	3	GAATAAACTTACAGTCATTGTTAG	1
1082	1081	3	AATAAACTTACAGTCATTGTTAGT	1
1083	1082	3	ATAAACTTACAGTCATTGTTAGTC	1
1084	1083	3	TAAACTTACAGTCATTGTTAGTCA	1
1085	1084	3	AAACTTACAGTCATTGTTAGTCAA	1
1086	1085	3	AACTTACAGTCATTGTTAGTCAAT	1
1087	1086	3	ACTTACAGTCATTGTTAGTCAATT	1
1088	1087	3	CTTACAGTCATTGTTAGTCAATTC	1
1089	1088	3	TTACAGTCATTGTTAGTCAATTCA	1
1090	1089	3	TACAGTCATTGTTAGTCAATTCAA	1
1091	1090	3	ACAGTCATTGTTAGTCAATTCAAT	1
1092	1091	2	CAGTCATTGTTAGTCAATTCAATA	1
1093	1092	2	AGTCATTGTTAGTCAATTCAATAA	1
1094	1093	2	GTCATTGTTAGTCAATTCAATAAA	1
1095	1094	2	TCATTGTTAGTCAATTCAATAAAT	1
1096	1095	2	CATTGTTAGTCAATTCAATAAATA	1
1097	1096	2	ATTGTTAGTCAATTCAATAAATAA	1
1098	1097	2	TTGTTAGTCAATTCAATAAATAAA	1
1099	1098	2	TGTTAGTCAATTCAATAAATAAAC	1
1100	1099	2	GTTAGTCAATTCAATAAATAAACT	1
1101	1100	2	TTAGTCAATTCAATAAATAAACTA	1
1102	1101	2	TAGTCAATTCAATAAATAAACTAC	1
1103	1102	2	AGTCAATTCAATAAATAAACTACT	1
1104	1103	2	GTCAATTCAATAAATAAACTACTT	1
1105	1104	2	TCAATTCAATAAATAAACTACTTT	1
1106	1105	2	CAATTCAATAAATAAACTACTTTT	1
1107	1106	2	AATTCAATAAATAAACTACTTTTT	1
1108	1107	2	ATTCAATAAATAAACTACTTTTTC	1
1109	1108	2	TTCAATAAATAAACTACTTTTTCT	1
1110	-1	0	ACCGGTCTACAGAACATTACTTCC	1
1111	1110	1	CCGGTCTACAGAACATTACTTCCT	1
1112	1111	1	CGGTCTACAGAACATTACTTCCTC	1
1113	1112	1	GGTCTACAGAACATTACTTCCTCT	1
1114	1113	1	GTCTACAGAACATTACTTCCTCTG	1
1115	1114	1	TCTACAGAACATTACTTCCTCTGG	1
1116	1115	1	CTACAGAACATTACTTCCTCTGGT	1
1117	1116	3	TACAGAACATTACTTCCTCTGGTG	1
1118	1117	3	ACAGAACATTACTTCCTCTGGTGC	1
1119	1118	3	CAGAACATTACTTCCTCTGGTGCA	1
1120	1119	4	AGAACATTACTTCCTCTGGTGCAT	1
1121	1120	6	GAACATTACTTCCTCTGGTGCATT	1
1122	1121	6	AACATTACTTCCTCTGGTGCATTT	1
1123	1122	7	ACATTACTTCCTCTGGTGCATTTG	1
1124	1123	7	CATTACTTCCTCTGGTGCATTTGC	1
1125	1124	7	ATTACTTCCTCTGGTGCATTTGCC	1
1126	1125	7	TTACTTCCTCTGGTGCATTTGCCA	1
1127	1126	7	TACTTCCTCTGGTGCATTTGCCAA	1
1128	1127	7	ACTTCCTCTGGTGCATTTGCCAAC	1
1129	1128	7	CTTCCTCTGGTGCATTTGCCAACA	1
1130	1129	7	TTCCTCTGGTGCATTTGCCAACAG	1
1131	1130	7	TCCTCTGGTGCATTTGCCAACAGC	1
1132	1131	7	CCTCTGGTGCATTTGCCAACAGCT	1
1133	1132	8	CTCTGGTGCATTTGCCAACAGCTG	1
1134	1133	9	TCTGGTGCATTTGCCAACAGCTGG	1
1135	1134	9	CTGGTGCATTTGCCAACAGCTGGA	1
1136	1135	8	TGGTGCATTTGCCAACAGCTGGAA	1
1137	1136	8	GGTGCATTTGCCAACAGCTGGAAT	1
1138	1137	8	GTGCATTTGCCAACAGCTGGAATC	1
1139	1138	8	TGCATTTGCCAACAGCTGGAATCT	1
1140	1139	8	GCATTTGCCAACAGCTGGAATCTT	1
1141	1140	8	CATTTGCCAACAGCTGGAATCTTA	1
1142	1141	9	ATTTGCCAACAGCTGGAATCTTAC	1
1143	1142	9	TTTGCCAACAGCTGGAATCTTACT	1
1144	1143	13	TTGCCAACAGCTGGAATCTTACTT	1
1145	1144	14	TGCCAACAGCTGGAATCTTACTTT	1
1146	1145	14	GCCAACAGCTGGAATCTTACTTTG	1
1147	1146	16	CCAACAGCTGGAATCTTACTTTGT	1
1148	1147	16	CAACAGCTGGAATCTTACTTTGTA	1
1149	1148	17	AACAGCTGGAATCTTACTTTGTAG	1
1150	1149	18	ACAGCTGGAATCTTACTTTGTAGT	1
1151	1150	18	CAGCTGGAATCTTACTTTGTAGTC	1
1152	1151	20	AGCTGGAATCTTACTTTGTAGTCG	1
1153	1152	21	GCTGGAATCTTACTTTGTAGTCGC	1
1154	1153	21	CTGGAATCTTACTTTGTAGTCGCT	1
1155	1154	22	TGGAATCTTACTTTGTAGTCGCTC	1
1156	1155	22	GGAATCTTACTTTGTAGTCGCTCT	1
1157	1156	22	GAATCTTACTTTGTAGTCGCTCTC	1
1158	1157	22	AATCTTACTTTGTAGTCGCTCTCG	1
1159	1158	22	ATCTTACTTTGTAGTCGCTCTCGC	1
1160	1159	21	TCTTACTTTGTAGTCGCTCTCGCT	1
1161	1160	21	CTTACTTTGTAGTCGCTCTCGCTT	1
1162	1161	21	TTACTTTGTAGTCGCTCTCGCTTC	1
1163	1162	21	TACTTTGTAGTCGCTCTCGCTTCA	1
1164	1163	20	ACTTTGTAGTCGCTCTCGCTTCAC	1
1165	1164	18	CTTTGTAGTCGCTCTCGCTTCACC	1
1166	1165	19	TTTGTAGTCGCTCTCGCTTCACCC	1
1167	1166	18	TTGTAGTCGCTCTCGCTTCACCCG	1
1168	1167	18	TGTAGTCGCTCTCGCTTCACCCGA	1
1169	1168	18	GTAGTCGCTCTCGCTTCACCCGAT	1
1170	1169	18	TAGTCGCTCTCGCTTCACCCGATT	1
1171	1170	18	AGTCGCTCTCGCTTCACCCGATTT	1
1172	1171	18	GTCGCTCTCGCTTCACCCGATTTT	1
1173	1172	18	TCGCTCTCGCTTCACCCGATTTTT	1
1174	1173	18	CGCTCTCGCTTCACCCGATTTTTC	1
1175	1174	17	GCTCTCGCTTCACCCGATTTTTCA	1
1176	1175	17	CTCTCGCTTCACCCGATTTTTCAC	1
1177	1176	15	TCTCGCTTCACCCGATTTTTCACC	1
1178	1177	15	CTCGCTTCACCCGATTTTTCACCG	1
1179	1178	15	TCGCTTCACCCGATTTTTCACCGG	1
1180	1179	15	CGCTTCACCCGATTTTTCACCGGC	1
1181	1180	15	GCTTCACCCGATTTTTCACCGGCA	1
1182	1181	15	CTTCACCCGATTTTTCACCGGCAA	1
1183	1182	15	TTCACCCGATTTTTCACCGGCAAT	1
1184	1183	15	TCACCCGATTTTTCACCGGCAATC	1
1185	1184	15	CACCCGATTTTTCACCGGCAATCC	1
1186	1185	15	ACCCGATTTTTCACCGGCAATCCA	1
1187	1186	15	CCCGATTTTTCACCGGCAATCCAG	1
1188	1187	10	CCGATTTTTCACCGGCAATCCAGG	1
1189	1188	8	CGATTTTTCACCGGCAATCCAGGA	1
1190	1189	8	GATTTTTCACCGGCAATCCAGGAA	1
1191	1190	7	ATTTTTCACCGGCAATCCAGGAAC	1
1192	1191	7	TTTTTCACCGGCAATCCAGGAACC	1
1193	1192	5	TTTTCACCGGCAATCCAGGAACCG	1
1194	1193	4	TTTCACCGGCAATCCAGGAACCGA	1
1195	1194	4	TTCACCGGCAATCCAGGAACCGAG	1
1196	1195	2	TCACCGGCAATCCAGGAACCGAGC	1
1197	1196	2	CACCGGCAATCCAGGAACCGAGCA	1
1198	1197	2	ACCGGCAATCCAGGAACCGAGCAC	1
