Component 60
1	-1	0	CTTTTGACAACAAGGATAATGTGA	1
2	1	1	TTTTGACAACAAGGATAATGTGAT	1
3	2	1	TTTGACAACAAGGATAATGTGATT	1
4	3	1	TTGACAACAAGGATAATGTGATTT	1
5	4	1	TGACAACAAGGATAATGTGATTTG	1
6	5	1	GACAACAAGGATAATGTGATTTGG	1
7	6	1	ACAACAAGGATAATGTGATTTGGT	1
8	7	1	CAACAAGGATAATGTGATTTGGTA	1
9	8	1	AACAAGGATAATGTGATTTGGTAT	1
10	9	1	ACAAGGATAATGTGATTTGGTATG	1
11	10	1	CAAGGATAATGTGATTTGGTATGC	1
12	11	1	AAGGATAATGTGATTTGGTATGCG	1
13	12	1	AGGATAATGTGATTTGGTATGCGC	1
14	13	1	GGATAATGTGATTTGGTATGCGCT	1
15	14	1	GATAATGTGATTTGGTATGCGCTG	1
16	15	1	ATAATGTGATTTGGTATGCGCTGA	1
17	16	1	TAATGTGATTTGGTATGCGCTGAA	1
18	17	1	AATGTGATTTGGTATGCGCTGAAG	1
19	18	1	ATGTGATTTGGTATGCGCTGAAGG	1
20	19	1	TGTGATTTGGTATGCGCTGAAGGA	1
21	20	1	GTGATTTGGTATGCGCTGAAGGAT	1
22	21	1	TGATTTGGTATGCGCTGAAGGATA	1
23	22	1	GATTTGGTATGCGCTGAAGGATAT	1
24	23	1	ATTTGGTATGCGCTGAAGGATATT	1
25	24	1	TTTGGTATGCGCTGAAGGATATTA	1
26	25	2	TTGGTATGCGCTGAAGGATATTAA	1
27	26	2	TGGTATGCGCTGAAGGATATTAAG	1
28	27	2	GGTATGCGCTGAAGGATATTAAGC	1
29	28	2	GTATGCGCTGAAGGATATTAAGCC	1
30	29	2	TATGCGCTGAAGGATATTAAGCCT	1
31	30	2	ATGCGCTGAAGGATATTAAGCCTG	1
32	31	2	TGCGCTGAAGGATATTAAGCCTGC	1
33	32	2	GCGCTGAAGGATATTAAGCCTGCC	1
34	33	3	CGCTGAAGGATATTAAGCCTGCCG	1
35	34	3	GCTGAAGGATATTAAGCCTGCCGA	1
36	35	3	CTGAAGGATATTAAGCCTGCCGAT	1
37	36	3	TGAAGGATATTAAGCCTGCCGATA	1
38	37	3	GAAGGATATTAAGCCTGCCGATAA	1
39	38	3	AAGGATATTAAGCCTGCCGATAAA	1
40	39	2	AGGATATTAAGCCTGCCGATAAAA	1
41	40	2	GGATATTAAGCCTGCCGATAAAAT	1
42	41	2	GATATTAAGCCTGCCGATAAAATT	1
43	42	2	ATATTAAGCCTGCCGATAAAATTA	1
44	43	1	TATTAAGCCTGCCGATAAAATTAA	1
45	44	1	ATTAAGCCTGCCGATAAAATTAAC	1
46	45	1	TTAAGCCTGCCGATAAAATTAACT	1
47	46	1	TAAGCCTGCCGATAAAATTAACTA	1
48	47	1	AAGCCTGCCGATAAAATTAACTAC	1
49	48	1	AGCCTGCCGATAAAATTAACTACA	1
50	49	1	GCCTGCCGATAAAATTAACTACAA	1
51	50	1	CCTGCCGATAAAATTAACTACAAA	1
52	51	1	CTGCCGATAAAATTAACTACAAAG	1
53	52	1	TGCCGATAAAATTAACTACAAAGA	1
54	53	1	GCCGATAAAATTAACTACAAAGAG	1
55	54	1	CCGATAAAATTAACTACAAAGAGT	1
56	55	2	CGATAAAATTAACTACAAAGAGTT	1
57	56	2	GATAAAATTAACTACAAAGAGTTC	1
58	57	2	ATAAAATTAACTACAAAGAGTTCT	1
59	58	2	TAAAATTAACTACAAAGAGTTCTG	1
60	59	2	AAAATTAACTACAAAGAGTTCTGT	1
61	60	2	AAATTAACTACAAAGAGTTCTGTA	1
62	61	2	AATTAACTACAAAGAGTTCTGTAT	1
63	62	2	ATTAACTACAAAGAGTTCTGTATC	1
64	63	2	TTAACTACAAAGAGTTCTGTATCA	1
65	64	3	TAACTACAAAGAGTTCTGTATCAT	1
66	65	3	AACTACAAAGAGTTCTGTATCATG	1
67	66	3	ACTACAAAGAGTTCTGTATCATGT	1
68	67	3	CTACAAAGAGTTCTGTATCATGTT	1
69	68	3	TACAAAGAGTTCTGTATCATGTTT	1
70	69	3	ACAAAGAGTTCTGTATCATGTTTA	1
71	70	3	CAAAGAGTTCTGTATCATGTTTAT	1
72	71	3	AAAGAGTTCTGTATCATGTTTATT	1
73	72	3	AAGAGTTCTGTATCATGTTTATTG	1
74	73	3	AGAGTTCTGTATCATGTTTATTGC	1
75	74	3	GAGTTCTGTATCATGTTTATTGCA	1
76	75	3	AGTTCTGTATCATGTTTATTGCAG	1
77	76	3	GTTCTGTATCATGTTTATTGCAGG	1
78	77	3	TTCTGTATCATGTTTATTGCAGGA	1
79	78	3	TCTGTATCATGTTTATTGCAGGAG	1
80	79	3	CTGTATCATGTTTATTGCAGGAGG	1
81	80	2	TGTATCATGTTTATTGCAGGAGGT	1
82	81	2	GTATCATGTTTATTGCAGGAGGTC	1
83	82	2	TATCATGTTTATTGCAGGAGGTCA	1
84	83	2	ATCATGTTTATTGCAGGAGGTCAT	1
85	84	2	TCATGTTTATTGCAGGAGGTCATG	1
86	85	2	CATGTTTATTGCAGGAGGTCATGC	1
87	86	2	ATGTTTATTGCAGGAGGTCATGCA	1
88	87	3	TGTTTATTGCAGGAGGTCATGCAG	1
89	88	3	GTTTATTGCAGGAGGTCATGCAGC	1
90	89	3	TTTATTGCAGGAGGTCATGCAGCC	1
91	90	3	TTATTGCAGGAGGTCATGCAGCCA	1
92	91	3	TATTGCAGGAGGTCATGCAGCCAT	1
93	92	3	ATTGCAGGAGGTCATGCAGCCATG	1
94	93	3	TTGCAGGAGGTCATGCAGCCATGT	1
95	94	3	TGCAGGAGGTCATGCAGCCATGTT	1
96	95	3	GCAGGAGGTCATGCAGCCATGTTT	1
97	96	3	CAGGAGGTCATGCAGCCATGTTTG	1
98	97	3	AGGAGGTCATGCAGCCATGTTTGA	1
99	98	3	GGAGGTCATGCAGCCATGTTTGAT	1
100	99	2	GAGGTCATGCAGCCATGTTTGATC	1
101	100	2	AGGTCATGCAGCCATGTTTGATCT	1
102	101	2	GGTCATGCAGCCATGTTTGATCTA	1
103	102	2	GTCATGCAGCCATGTTTGATCTAC	1
104	103	2	TCATGCAGCCATGTTTGATCTACC	1
105	104	2	CATGCAGCCATGTTTGATCTACCA	1
106	105	2	ATGCAGCCATGTTTGATCTACCAC	1
107	106	2	TGCAGCCATGTTTGATCTACCACA	1
108	107	2	GCAGCCATGTTTGATCTACCACAT	1
109	108	1	CAGCCATGTTTGATCTACCACATG	1
110	109	1	AGCCATGTTTGATCTACCACATGC	1
111	110	1	GCCATGTTTGATCTACCACATGCC	1
112	111	1	CCATGTTTGATCTACCACATGCCA	1
113	112	1	CATGTTTGATCTACCACATGCCAC	1
114	113	1	ATGTTTGATCTACCACATGCCACA	1
115	114	1	TGTTTGATCTACCACATGCCACAA	1
116	115	1	GTTTGATCTACCACATGCCACAAA	1
117	116	1	TTTGATCTACCACATGCCACAAAT	1
118	117	1	TTGATCTACCACATGCCACAAATT	1
119	118	1	TGATCTACCACATGCCACAAATTT	1
120	119	1	GATCTACCACATGCCACAAATTTG	1
121	120	1	ATCTACCACATGCCACAAATTTGC	1
122	121	1	TCTACCACATGCCACAAATTTGCA	1
123	122	1	CTACCACATGCCACAAATTTGCAA	1
124	123	1	TACCACATGCCACAAATTTGCAAA	1
125	124	1	ACCACATGCCACAAATTTGCAAAC	1
126	125	1	CCACATGCCACAAATTTGCAAACG	1
127	126	1	CACATGCCACAAATTTGCAAACGC	1
128	127	1	ACATGCCACAAATTTGCAAACGCT	1
129	128	1	CATGCCACAAATTTGCAAACGCTT	1
130	129	1	ATGCCACAAATTTGCAAACGCTTG	1
131	130	1	TGCCACAAATTTGCAAACGCTTGC	1
132	-1	0	TGGCATCAGAAGGAAAAGTACTTC	1
133	132	1	GGCATCAGAAGGAAAAGTACTTCT	1
134	133	1	GCATCAGAAGGAAAAGTACTTCTC	1
135	134	1	CATCAGAAGGAAAAGTACTTCTCG	1
136	135	1	ATCAGAAGGAAAAGTACTTCTCGT	1
137	136	1	TCAGAAGGAAAAGTACTTCTCGTG	1
138	137	1	CAGAAGGAAAAGTACTTCTCGTGG	1
139	138	1	AGAAGGAAAAGTACTTCTCGTGGC	1
140	139	1	GAAGGAAAAGTACTTCTCGTGGCA	1
141	140	1	AAGGAAAAGTACTTCTCGTGGCAA	1
142	141	1	AGGAAAAGTACTTCTCGTGGCAAG	1
143	142	2	GGAAAAGTACTTCTCGTGGCAAGC	1
144	143	2	GAAAAGTACTTCTCGTGGCAAGCA	1
145	144	3	AAAAGTACTTCTCGTGGCAAGCAG	1
146	145	3	AAAGTACTTCTCGTGGCAAGCAGT	1
147	146	3	AAGTACTTCTCGTGGCAAGCAGTT	1
148	147	3	AGTACTTCTCGTGGCAAGCAGTTA	1
149	148	3	GTACTTCTCGTGGCAAGCAGTTAC	1
150	149	3	TACTTCTCGTGGCAAGCAGTTACT	1
151	150	3	ACTTCTCGTGGCAAGCAGTTACTA	1
152	151	3	CTTCTCGTGGCAAGCAGTTACTAT	1
153	152	3	TTCTCGTGGCAAGCAGTTACTATG	1
154	153	4	TCTCGTGGCAAGCAGTTACTATGG	1
155	154	4	CTCGTGGCAAGCAGTTACTATGGA	1
156	155	4	TCGTGGCAAGCAGTTACTATGGAC	1
157	156	4	CGTGGCAAGCAGTTACTATGGACC	1
158	157	4	GTGGCAAGCAGTTACTATGGACCA	1
159	158	4	TGGCAAGCAGTTACTATGGACCAT	1
160	159	4	GGCAAGCAGTTACTATGGACCATT	1
161	160	4	GCAAGCAGTTACTATGGACCATTT	1
162	161	4	CAAGCAGTTACTATGGACCATTTT	1
163	162	4	AAGCAGTTACTATGGACCATTTTA	1
164	163	4	AGCAGTTACTATGGACCATTTTAT	1
165	164	4	GCAGTTACTATGGACCATTTTATC	1
166	165	4	CAGTTACTATGGACCATTTTATCC	1
167	166	5	AGTTACTATGGACCATTTTATCCA	1
168	167	5	GTTACTATGGACCATTTTATCCAG	1
169	168	5	TTACTATGGACCATTTTATCCAGA	1
170	169	5	TACTATGGACCATTTTATCCAGAT	1
171	170	5	ACTATGGACCATTTTATCCAGATG	1
172	171	5	CTATGGACCATTTTATCCAGATGG	1
173	172	5	TATGGACCATTTTATCCAGATGGA	1
174	173	5	ATGGACCATTTTATCCAGATGGAA	1
175	174	5	TGGACCATTTTATCCAGATGGAAT	1
176	175	5	GGACCATTTTATCCAGATGGAATG	1
177	176	4	GACCATTTTATCCAGATGGAATGA	1
178	177	4	ACCATTTTATCCAGATGGAATGAA	1
179	178	4	CCATTTTATCCAGATGGAATGAAT	1
180	179	4	CATTTTATCCAGATGGAATGAATA	1
181	180	4	ATTTTATCCAGATGGAATGAATAC	1
182	181	4	TTTTATCCAGATGGAATGAATACT	1
183	182	4	TTTATCCAGATGGAATGAATACTG	1
184	183	4	TTATCCAGATGGAATGAATACTGG	1
185	184	4	TATCCAGATGGAATGAATACTGGA	1
186	185	4	ATCCAGATGGAATGAATACTGGAG	1
187	186	3	TCCAGATGGAATGAATACTGGAGT	1
188	187	3	CCAGATGGAATGAATACTGGAGTT	1
189	188	2	CAGATGGAATGAATACTGGAGTTC	1
190	189	2	AGATGGAATGAATACTGGAGTTCA	1
191	190	2	GATGGAATGAATACTGGAGTTCAC	1
192	191	2	ATGGAATGAATACTGGAGTTCACT	1
193	192	3	TGGAATGAATACTGGAGTTCACTT	1
194	193	3	GGAATGAATACTGGAGTTCACTTT	1
195	194	2	GAATGAATACTGGAGTTCACTTTG	1
196	195	2	AATGAATACTGGAGTTCACTTTGC	1
197	196	2	ATGAATACTGGAGTTCACTTTGCG	1
198	197	2	TGAATACTGGAGTTCACTTTGCGG	1
199	198	3	GAATACTGGAGTTCACTTTGCGGA	1
200	199	3	AATACTGGAGTTCACTTTGCGGAA	1
201	200	3	ATACTGGAGTTCACTTTGCGGAAC	1
202	201	3	TACTGGAGTTCACTTTGCGGAACT	1
203	202	3	ACTGGAGTTCACTTTGCGGAACTT	1
204	203	3	CTGGAGTTCACTTTGCGGAACTTT	1
205	204	3	TGGAGTTCACTTTGCGGAACTTTT	1
206	205	3	GGAGTTCACTTTGCGGAACTTTTG	1
207	206	3	GAGTTCACTTTGCGGAACTTTTGA	1
208	207	3	AGTTCACTTTGCGGAACTTTTGAT	1
209	208	3	GTTCACTTTGCGGAACTTTTGATT	1
210	209	4	TTCACTTTGCGGAACTTTTGATTC	1
211	210	3	TCACTTTGCGGAACTTTTGATTCC	1
212	211	3	CACTTTGCGGAACTTTTGATTCCC	1
213	212	3	ACTTTGCGGAACTTTTGATTCCCT	1
214	213	3	CTTTGCGGAACTTTTGATTCCCTA	1
215	214	3	TTTGCGGAACTTTTGATTCCCTAT	1
216	215	3	TTGCGGAACTTTTGATTCCCTATC	1
217	216	3	TGCGGAACTTTTGATTCCCTATCA	1
218	217	3	GCGGAACTTTTGATTCCCTATCAA	1
219	218	3	CGGAACTTTTGATTCCCTATCAAG	1
220	219	3	GGAACTTTTGATTCCCTATCAAGT	1
221	220	3	GAACTTTTGATTCCCTATCAAGTT	1
222	221	3	AACTTTTGATTCCCTATCAAGTTT	1
223	222	3	ACTTTTGATTCCCTATCAAGTTTT	1
224	223	3	CTTTTGATTCCCTATCAAGTTTTC	1
225	224	3	TTTTGATTCCCTATCAAGTTTTCA	1
226	225	3	TTTGATTCCCTATCAAGTTTTCAG	1
227	226	3	TTGATTCCCTATCAAGTTTTCAGA	1
228	227	3	TGATTCCCTATCAAGTTTTCAGAG	1
229	228	3	GATTCCCTATCAAGTTTTCAGAGA	1
230	229	3	ATTCCCTATCAAGTTTTCAGAGAA	1
231	230	3	TTCCCTATCAAGTTTTCAGAGAAG	1
232	231	3	TCCCTATCAAGTTTTCAGAGAAGC	1
233	232	3	CCCTATCAAGTTTTCAGAGAAGCG	1
234	233	3	CCTATCAAGTTTTCAGAGAAGCGG	1
235	234	3	CTATCAAGTTTTCAGAGAAGCGGG	1
236	235	3	TATCAAGTTTTCAGAGAAGCGGGT	1
237	236	2	ATCAAGTTTTCAGAGAAGCGGGTT	1
238	237	2	TCAAGTTTTCAGAGAAGCGGGTTA	1
239	238	2	CAAGTTTTCAGAGAAGCGGGTTAT	1
240	239	2	AAGTTTTCAGAGAAGCGGGTTATG	1
241	240	2	AGTTTTCAGAGAAGCGGGTTATGA	1
242	241	2	GTTTTCAGAGAAGCGGGTTATGAA	1
243	242	1	TTTTCAGAGAAGCGGGTTATGAAG	1
244	243	1	TTTCAGAGAAGCGGGTTATGAAGT	1
245	244	1	TTCAGAGAAGCGGGTTATGAAGTT	1
246	245	1	TCAGAGAAGCGGGTTATGAAGTTC	1
247	246	1	CAGAGAAGCGGGTTATGAAGTTCA	1
248	247	1	AGAGAAGCGGGTTATGAAGTTCAA	1
249	248	1	GAGAAGCGGGTTATGAAGTTCAAC	1
250	249	1	AGAAGCGGGTTATGAAGTTCAACT	1
251	250	1	GAAGCGGGTTATGAAGTTCAACTA	1
252	251	1	AAGCGGGTTATGAAGTTCAACTAA	1
253	252	1	AGCGGGTTATGAAGTTCAACTAAC	1
