Component 601
1	-1	0	GTGATGTTGTTAACGCCATCATGT	1
2	1	2	TGATGTTGTTAACGCCATCATGTC	1
3	2	2	GATGTTGTTAACGCCATCATGTCT	1
4	3	2	ATGTTGTTAACGCCATCATGTCTC	1
5	4	2	TGTTGTTAACGCCATCATGTCTCT	1
6	5	2	GTTGTTAACGCCATCATGTCTCTT	1
7	6	2	TTGTTAACGCCATCATGTCTCTTA	1
8	7	2	TGTTAACGCCATCATGTCTCTTAC	1
9	8	2	GTTAACGCCATCATGTCTCTTACC	1
10	9	2	TTAACGCCATCATGTCTCTTACCA	1
11	10	2	TAACGCCATCATGTCTCTTACCAT	1
12	11	2	AACGCCATCATGTCTCTTACCATG	1
13	12	2	ACGCCATCATGTCTCTTACCATGT	1
14	13	2	CGCCATCATGTCTCTTACCATGTA	1
15	14	2	GCCATCATGTCTCTTACCATGTAA	1
16	15	2	CCATCATGTCTCTTACCATGTAAA	1
17	16	2	CATCATGTCTCTTACCATGTAAAA	1
18	17	2	ATCATGTCTCTTACCATGTAAAAG	1
19	18	2	TCATGTCTCTTACCATGTAAAAGT	1
20	19	2	CATGTCTCTTACCATGTAAAAGTA	1
21	20	2	ATGTCTCTTACCATGTAAAAGTAT	1
22	21	2	TGTCTCTTACCATGTAAAAGTATT	1
23	22	2	GTCTCTTACCATGTAAAAGTATTA	1
24	23	2	TCTCTTACCATGTAAAAGTATTAA	1
25	24	2	CTCTTACCATGTAAAAGTATTAAA	1
26	25	2	TCTTACCATGTAAAAGTATTAAAT	1
27	26	2	CTTACCATGTAAAAGTATTAAATA	1
28	27	2	TTACCATGTAAAAGTATTAAATAC	1
29	28	2	TACCATGTAAAAGTATTAAATACA	1
30	29	2	ACCATGTAAAAGTATTAAATACAA	1
31	30	2	CCATGTAAAAGTATTAAATACAAC	1
32	31	2	CATGTAAAAGTATTAAATACAACT	1
33	32	2	ATGTAAAAGTATTAAATACAACTT	1
34	33	2	TGTAAAAGTATTAAATACAACTTT	1
35	34	2	GTAAAAGTATTAAATACAACTTTT	1
36	35	2	TAAAAGTATTAAATACAACTTTTT	1
37	36	2	AAAAGTATTAAATACAACTTTTTG	1
38	37	2	AAAGTATTAAATACAACTTTTTGC	1
39	38	2	AAGTATTAAATACAACTTTTTGCT	1
40	39	2	AGTATTAAATACAACTTTTTGCTT	1
41	40	2	GTATTAAATACAACTTTTTGCTTT	1
42	41	2	TATTAAATACAACTTTTTGCTTTT	1
43	42	2	ATTAAATACAACTTTTTGCTTTTT	1
44	43	2	TTAAATACAACTTTTTGCTTTTTA	1
45	44	2	TAAATACAACTTTTTGCTTTTTAC	1
46	-1	0	TTCCAACTACAACAATAGTCTTTT	1
47	46	2	TCCAACTACAACAATAGTCTTTTA	1
48	47	2	CCAACTACAACAATAGTCTTTTAT	1
49	48	2	CAACTACAACAATAGTCTTTTATT	1
50	49	2	AACTACAACAATAGTCTTTTATTT	1
51	50	2	ACTACAACAATAGTCTTTTATTTT	1
52	51	2	CTACAACAATAGTCTTTTATTTTG	1
53	52	2	TACAACAATAGTCTTTTATTTTGA	1
54	53	2	ACAACAATAGTCTTTTATTTTGAT	1
55	54	2	CAACAATAGTCTTTTATTTTGATC	1
56	55	4	AACAATAGTCTTTTATTTTGATCC	1
57	56	4	ACAATAGTCTTTTATTTTGATCCA	1
58	57	4	CAATAGTCTTTTATTTTGATCCAA	1
59	58	4	AATAGTCTTTTATTTTGATCCAAA	1
60	59	4	ATAGTCTTTTATTTTGATCCAAAA	1
61	60	4	TAGTCTTTTATTTTGATCCAAAAT	1
62	61	5	AGTCTTTTATTTTGATCCAAAATG	1
63	62	5	GTCTTTTATTTTGATCCAAAATGT	1
64	63	5	TCTTTTATTTTGATCCAAAATGTC	1
65	64	5	CTTTTATTTTGATCCAAAATGTCT	1
66	65	10	TTTTATTTTGATCCAAAATGTCTG	1
67	66	13	TTTATTTTGATCCAAAATGTCTGT	1
68	67	14	TTATTTTGATCCAAAATGTCTGTT	1
69	68	14	TATTTTGATCCAAAATGTCTGTTG	1
70	69	14	ATTTTGATCCAAAATGTCTGTTGA	1
71	70	14	TTTTGATCCAAAATGTCTGTTGAA	1
72	71	15	TTTGATCCAAAATGTCTGTTGAAT	1
73	72	15	TTGATCCAAAATGTCTGTTGAATC	1
74	73	15	TGATCCAAAATGTCTGTTGAATCA	1
75	74	15	GATCCAAAATGTCTGTTGAATCAC	1
76	75	15	ATCCAAAATGTCTGTTGAATCACA	1
77	76	15	TCCAAAATGTCTGTTGAATCACAA	1
78	77	15	CCAAAATGTCTGTTGAATCACAAC	1
79	78	15	CAAAATGTCTGTTGAATCACAACC	1
80	79	15	AAAATGTCTGTTGAATCACAACCT	1
81	80	15	AAATGTCTGTTGAATCACAACCTG	1
82	81	15	AATGTCTGTTGAATCACAACCTGT	1
83	82	15	ATGTCTGTTGAATCACAACCTGTA	1
84	83	15	TGTCTGTTGAATCACAACCTGTAG	1
85	84	15	GTCTGTTGAATCACAACCTGTAGA	1
86	85	15	TCTGTTGAATCACAACCTGTAGAG	1
87	86	14	CTGTTGAATCACAACCTGTAGAGA	1
88	87	14	TGTTGAATCACAACCTGTAGAGAA	1
89	88	14	GTTGAATCACAACCTGTAGAGAAA	1
90	89	14	TTGAATCACAACCTGTAGAGAAAA	1
91	90	12	TGAATCACAACCTGTAGAGAAAAT	1
92	91	12	GAATCACAACCTGTAGAGAAAATT	1
93	92	12	AATCACAACCTGTAGAGAAAATTT	1
94	93	12	ATCACAACCTGTAGAGAAAATTTC	1
95	94	12	TCACAACCTGTAGAGAAAATTTCT	1
96	95	12	CACAACCTGTAGAGAAAATTTCTG	1
97	96	12	ACAACCTGTAGAGAAAATTTCTGA	1
98	97	12	CAACCTGTAGAGAAAATTTCTGAG	1
99	98	12	AACCTGTAGAGAAAATTTCTGAGC	1
100	99	10	ACCTGTAGAGAAAATTTCTGAGCT	1
101	100	10	CCTGTAGAGAAAATTTCTGAGCTT	1
102	101	10	CTGTAGAGAAAATTTCTGAGCTTC	1
103	102	10	TGTAGAGAAAATTTCTGAGCTTCC	1
104	103	10	GTAGAGAAAATTTCTGAGCTTCCT	1
105	104	10	TAGAGAAAATTTCTGAGCTTCCTG	1
106	105	9	AGAGAAAATTTCTGAGCTTCCTGC	1
107	106	9	GAGAAAATTTCTGAGCTTCCTGCT	1
108	107	9	AGAAAATTTCTGAGCTTCCTGCTG	1
109	108	10	GAAAATTTCTGAGCTTCCTGCTGG	1
110	109	7	AAAATTTCTGAGCTTCCTGCTGGA	1
111	110	4	AAATTTCTGAGCTTCCTGCTGGAT	1
112	111	3	AATTTCTGAGCTTCCTGCTGGATC	1
113	112	3	ATTTCTGAGCTTCCTGCTGGATCC	1
114	113	3	TTTCTGAGCTTCCTGCTGGATCCA	1
115	114	3	TTCTGAGCTTCCTGCTGGATCCAC	1
116	115	2	TCTGAGCTTCCTGCTGGATCCACC	1
117	116	2	CTGAGCTTCCTGCTGGATCCACCA	1
118	117	2	TGAGCTTCCTGCTGGATCCACCAC	1
119	118	2	GAGCTTCCTGCTGGATCCACCACC	1
120	119	2	AGCTTCCTGCTGGATCCACCACCG	1
121	120	2	GCTTCCTGCTGGATCCACCACCGT	1
122	121	2	CTTCCTGCTGGATCCACCACCGTT	1
123	122	2	TTCCTGCTGGATCCACCACCGTTG	1
124	123	2	TCCTGCTGGATCCACCACCGTTGT	1
125	124	2	CCTGCTGGATCCACCACCGTTGTC	1
126	125	2	CTGCTGGATCCACCACCGTTGTCC	1
127	126	2	TGCTGGATCCACCACCGTTGTCCA	1
128	127	2	GCTGGATCCACCACCGTTGTCCAT	1
129	128	2	CTGGATCCACCACCGTTGTCCATG	1
130	129	2	TGGATCCACCACCGTTGTCCATGC	1
131	130	2	GGATCCACCACCGTTGTCCATGCT	1
132	131	2	GATCCACCACCGTTGTCCATGCTG	1
133	132	2	ATCCACCACCGTTGTCCATGCTGA	1
134	133	2	TCCACCACCGTTGTCCATGCTGAG	1
135	134	2	CCACCACCGTTGTCCATGCTGAGA	1
136	135	2	CACCACCGTTGTCCATGCTGAGAA	1
137	136	3	ACCACCGTTGTCCATGCTGAGAAG	1
138	137	3	CCACCGTTGTCCATGCTGAGAAGG	1
139	138	3	CACCGTTGTCCATGCTGAGAAGGC	1
140	139	3	ACCGTTGTCCATGCTGAGAAGGCT	1
141	140	3	CCGTTGTCCATGCTGAGAAGGCTC	1
142	141	3	CGTTGTCCATGCTGAGAAGGCTCA	1
143	142	3	GTTGTCCATGCTGAGAAGGCTCAA	1
144	143	3	TTGTCCATGCTGAGAAGGCTCAAA	1
145	144	3	TGTCCATGCTGAGAAGGCTCAAAA	1
146	145	3	GTCCATGCTGAGAAGGCTCAAAAA	1
147	146	3	TCCATGCTGAGAAGGCTCAAAAAT	1
148	147	3	CCATGCTGAGAAGGCTCAAAAATT	1
149	148	3	CATGCTGAGAAGGCTCAAAAATTG	1
150	149	3	ATGCTGAGAAGGCTCAAAAATTGA	1
151	150	3	TGCTGAGAAGGCTCAAAAATTGAT	1
152	151	3	GCTGAGAAGGCTCAAAAATTGATT	1
153	152	2	CTGAGAAGGCTCAAAAATTGATTC	1
154	153	1	TGAGAAGGCTCAAAAATTGATTCA	1
155	154	1	GAGAAGGCTCAAAAATTGATTCAA	1
156	155	1	AGAAGGCTCAAAAATTGATTCAAA	1
157	156	1	GAAGGCTCAAAAATTGATTCAAAA	1
158	157	1	AAGGCTCAAAAATTGATTCAAAAG	1
159	158	1	AGGCTCAAAAATTGATTCAAAAGT	1
160	159	1	GGCTCAAAAATTGATTCAAAAGTT	1
161	160	1	GCTCAAAAATTGATTCAAAAGTTG	1
162	161	1	CTCAAAAATTGATTCAAAAGTTGG	1
163	162	1	TCAAAAATTGATTCAAAAGTTGGG	1
164	163	1	CAAAAATTGATTCAAAAGTTGGGT	1
165	164	1	AAAAATTGATTCAAAAGTTGGGTC	1
166	165	1	AAAATTGATTCAAAAGTTGGGTCT	1
167	166	1	AAATTGATTCAAAAGTTGGGTCTT	1
168	167	1	AATTGATTCAAAAGTTGGGTCTTA	1
169	168	1	ATTGATTCAAAAGTTGGGTCTTAA	1
170	169	1	TTGATTCAAAAGTTGGGTCTTAAA	1
171	170	1	TGATTCAAAAGTTGGGTCTTAAAC	1
172	171	1	GATTCAAAAGTTGGGTCTTAAACG	1
173	172	1	ATTCAAAAGTTGGGTCTTAAACGT	1
174	173	1	TTCAAAAGTTGGGTCTTAAACGTG	1
175	174	1	TCAAAAGTTGGGTCTTAAACGTGT	1
176	175	1	CAAAAGTTGGGTCTTAAACGTGTT	1
177	176	1	AAAAGTTGGGTCTTAAACGTGTTG	1
178	177	1	AAAGTTGGGTCTTAAACGTGTTGA	1
179	178	1	AAGTTGGGTCTTAAACGTGTTGAG	1
180	179	1	AGTTGGGTCTTAAACGTGTTGAGG	1
181	-1	0	AACGTGTTGAGGGAATCACTCGTG	1
182	181	2	ACGTGTTGAGGGAATCACTCGTGT	1
183	182	2	CGTGTTGAGGGAATCACTCGTGTC	1
184	183	2	GTGTTGAGGGAATCACTCGTGTCG	1
185	184	2	TGTTGAGGGAATCACTCGTGTCGC	1
186	185	2	GTTGAGGGAATCACTCGTGTCGCT	1
187	186	3	TTGAGGGAATCACTCGTGTCGCTA	1
188	187	3	TGAGGGAATCACTCGTGTCGCTAT	1
189	188	3	GAGGGAATCACTCGTGTCGCTATG	1
190	189	3	AGGGAATCACTCGTGTCGCTATGC	1
191	190	3	GGGAATCACTCGTGTCGCTATGCG	1
192	191	3	GGAATCACTCGTGTCGCTATGCGT	1
193	192	4	GAATCACTCGTGTCGCTATGCGTC	1
194	193	4	AATCACTCGTGTCGCTATGCGTCG	1
195	194	4	ATCACTCGTGTCGCTATGCGTCGT	1
196	195	4	TCACTCGTGTCGCTATGCGTCGTC	1
197	196	4	CACTCGTGTCGCTATGCGTCGTCC	1
198	197	4	ACTCGTGTCGCTATGCGTCGTCCT	1
199	198	4	CTCGTGTCGCTATGCGTCGTCCTA	1
200	199	4	TCGTGTCGCTATGCGTCGTCCTAA	1
201	200	5	CGTGTCGCTATGCGTCGTCCTAAG	1
202	201	5	GTGTCGCTATGCGTCGTCCTAAGA	1
203	202	5	TGTCGCTATGCGTCGTCCTAAGAA	1
204	203	6	GTCGCTATGCGTCGTCCTAAGAAC	1
205	204	6	TCGCTATGCGTCGTCCTAAGAACA	1
206	205	6	CGCTATGCGTCGTCCTAAGAACAT	1
207	206	6	GCTATGCGTCGTCCTAAGAACATT	1
208	207	6	CTATGCGTCGTCCTAAGAACATTT	1
209	208	6	TATGCGTCGTCCTAAGAACATTTT	1
210	209	6	ATGCGTCGTCCTAAGAACATTTTG	1
211	210	6	TGCGTCGTCCTAAGAACATTTTGT	1
212	211	6	GCGTCGTCCTAAGAACATTTTGTT	1
213	212	6	CGTCGTCCTAAGAACATTTTGTTG	1
214	213	6	GTCGTCCTAAGAACATTTTGTTGA	1
215	214	6	TCGTCCTAAGAACATTTTGTTGAT	1
216	215	6	CGTCCTAAGAACATTTTGTTGATT	1
217	216	6	GTCCTAAGAACATTTTGTTGATTA	1
218	217	6	TCCTAAGAACATTTTGTTGATTAT	1
219	218	6	CCTAAGAACATTTTGTTGATTATC	1
220	219	6	CTAAGAACATTTTGTTGATTATCA	1
221	220	6	TAAGAACATTTTGTTGATTATCAA	1
222	221	7	AAGAACATTTTGTTGATTATCAAC	1
223	222	7	AGAACATTTTGTTGATTATCAACG	1
224	223	6	GAACATTTTGTTGATTATCAACGA	1
225	224	6	AACATTTTGTTGATTATCAACGAG	1
226	225	7	ACATTTTGTTGATTATCAACGAGC	1
227	226	7	CATTTTGTTGATTATCAACGAGCC	1
228	227	6	ATTTTGTTGATTATCAACGAGCCT	1
229	228	6	TTTTGTTGATTATCAACGAGCCTA	1
230	229	6	TTTGTTGATTATCAACGAGCCTAT	1
231	230	5	TTGTTGATTATCAACGAGCCTATT	1
232	231	5	TGTTGATTATCAACGAGCCTATTG	1
233	232	5	GTTGATTATCAACGAGCCTATTGT	1
234	233	5	TTGATTATCAACGAGCCTATTGTT	1
235	234	5	TGATTATCAACGAGCCTATTGTTT	1
236	235	5	GATTATCAACGAGCCTATTGTTTA	1
237	236	5	ATTATCAACGAGCCTATTGTTTAT	1
238	237	5	TTATCAACGAGCCTATTGTTTATA	1
239	238	5	TATCAACGAGCCTATTGTTTATAA	1
240	239	5	ATCAACGAGCCTATTGTTTATAAG	1
241	240	5	TCAACGAGCCTATTGTTTATAAGA	1
242	241	5	CAACGAGCCTATTGTTTATAAGAG	1
243	242	5	AACGAGCCTATTGTTTATAAGAGT	1
244	243	5	ACGAGCCTATTGTTTATAAGAGTA	1
245	244	5	CGAGCCTATTGTTTATAAGAGTAG	1
246	245	5	GAGCCTATTGTTTATAAGAGTAGC	1
247	246	5	AGCCTATTGTTTATAAGAGTAGCA	1
248	247	4	GCCTATTGTTTATAAGAGTAGCAA	1
249	248	4	CCTATTGTTTATAAGAGTAGCAAT	1
250	249	4	CTATTGTTTATAAGAGTAGCAATA	1
251	250	4	TATTGTTTATAAGAGTAGCAATAA	1
252	251	4	ATTGTTTATAAGAGTAGCAATAAT	1
253	252	4	TTGTTTATAAGAGTAGCAATAATG	1
254	253	4	TGTTTATAAGAGTAGCAATAATGC	1
255	254	4	GTTTATAAGAGTAGCAATAATGCT	1
256	255	4	TTTATAAGAGTAGCAATAATGCTT	1
257	256	4	TTATAAGAGTAGCAATAATGCTTA	1
258	257	5	TATAAGAGTAGCAATAATGCTTAC	1
259	258	5	ATAAGAGTAGCAATAATGCTTACA	1
260	259	5	TAAGAGTAGCAATAATGCTTACAT	1
261	260	5	AAGAGTAGCAATAATGCTTACATC	1
262	261	5	AGAGTAGCAATAATGCTTACATCG	1
263	262	5	GAGTAGCAATAATGCTTACATCGT	1
264	263	5	AGTAGCAATAATGCTTACATCGTC	1
265	264	5	GTAGCAATAATGCTTACATCGTCC	1
266	265	4	TAGCAATAATGCTTACATCGTCCT	1
267	266	4	AGCAATAATGCTTACATCGTCCTT	1
268	267	5	GCAATAATGCTTACATCGTCCTTG	1
269	268	5	CAATAATGCTTACATCGTCCTTGG	1
270	269	2	AATAATGCTTACATCGTCCTTGGA	1
271	270	2	ATAATGCTTACATCGTCCTTGGAA	1
272	271	2	TAATGCTTACATCGTCCTTGGAAA	1
273	272	2	AATGCTTACATCGTCCTTGGAAAG	1
274	273	2	ATGCTTACATCGTCCTTGGAAAGG	1
275	274	2	TGCTTACATCGTCCTTGGAAAGGT	1
276	275	2	GCTTACATCGTCCTTGGAAAGGTT	1
277	276	2	CTTACATCGTCCTTGGAAAGGTTA	1
278	277	2	TTACATCGTCCTTGGAAAGGTTAC	1
279	278	2	TACATCGTCCTTGGAAAGGTTACT	1
280	279	2	ACATCGTCCTTGGAAAGGTTACTG	1
281	280	2	CATCGTCCTTGGAAAGGTTACTGT	1
282	281	2	ATCGTCCTTGGAAAGGTTACTGTT	1
283	282	2	TCGTCCTTGGAAAGGTTACTGTTG	1
284	283	3	CGTCCTTGGAAAGGTTACTGTTGA	1
285	284	3	GTCCTTGGAAAGGTTACTGTTGAA	1
286	285	3	TCCTTGGAAAGGTTACTGTTGAAG	1
287	286	3	CCTTGGAAAGGTTACTGTTGAAGA	1
288	287	3	CTTGGAAAGGTTACTGTTGAAGAT	1
289	288	4	TTGGAAAGGTTACTGTTGAAGATA	1
290	289	4	TGGAAAGGTTACTGTTGAAGATAT	1
291	290	4	GGAAAGGTTACTGTTGAAGATATG	1
292	291	4	GAAAGGTTACTGTTGAAGATATGG	1
293	292	4	AAAGGTTACTGTTGAAGATATGGC	1
294	293	4	AAGGTTACTGTTGAAGATATGGCT	1
295	294	4	AGGTTACTGTTGAAGATATGGCTG	1
296	295	4	GGTTACTGTTGAAGATATGGCTGC	1
297	296	4	GTTACTGTTGAAGATATGGCTGCC	1
298	297	4	TTACTGTTGAAGATATGGCTGCCC	1
299	298	3	TACTGTTGAAGATATGGCTGCCCA	1
300	299	3	ACTGTTGAAGATATGGCTGCCCAA	1
301	300	3	CTGTTGAAGATATGGCTGCCCAAG	1
302	301	2	TGTTGAAGATATGGCTGCCCAAGC	1
303	302	2	GTTGAAGATATGGCTGCCCAAGCT	1
304	303	2	TTGAAGATATGGCTGCCCAAGCTC	1
305	304	2	TGAAGATATGGCTGCCCAAGCTCG	1
306	305	3	GAAGATATGGCTGCCCAAGCTCGT	1
307	306	3	AAGATATGGCTGCCCAAGCTCGTG	1
308	307	3	AGATATGGCTGCCCAAGCTCGTGC	1
309	308	3	GATATGGCTGCCCAAGCTCGTGCC	1
310	309	3	ATATGGCTGCCCAAGCTCGTGCCT	1
311	310	3	TATGGCTGCCCAAGCTCGTGCCTT	1
312	311	3	ATGGCTGCCCAAGCTCGTGCCTTC	1
313	312	3	TGGCTGCCCAAGCTCGTGCCTTCA	1
314	313	3	GGCTGCCCAAGCTCGTGCCTTCAA	1
315	314	4	GCTGCCCAAGCTCGTGCCTTCAAC	1
316	315	4	CTGCCCAAGCTCGTGCCTTCAACG	1
317	316	4	TGCCCAAGCTCGTGCCTTCAACGA	1
318	317	4	GCCCAAGCTCGTGCCTTCAACGAG	1
319	318	4	CCCAAGCTCGTGCCTTCAACGAGT	1
320	319	5	CCAAGCTCGTGCCTTCAACGAGTC	1
321	320	5	CAAGCTCGTGCCTTCAACGAGTCT	1
322	321	5	AAGCTCGTGCCTTCAACGAGTCTC	1
323	322	6	AGCTCGTGCCTTCAACGAGTCTCA	1
324	323	8	GCTCGTGCCTTCAACGAGTCTCAA	1
325	324	9	CTCGTGCCTTCAACGAGTCTCAAA	1
326	325	9	TCGTGCCTTCAACGAGTCTCAAAA	1
327	326	9	CGTGCCTTCAACGAGTCTCAAAAG	1
328	327	8	GTGCCTTCAACGAGTCTCAAAAGC	1
329	328	8	TGCCTTCAACGAGTCTCAAAAGCA	1
330	329	9	GCCTTCAACGAGTCTCAAAAGCAA	1
331	330	9	CCTTCAACGAGTCTCAAAAGCAAG	1
332	331	9	CTTCAACGAGTCTCAAAAGCAAGC	1
333	332	7	TTCAACGAGTCTCAAAAGCAAGCT	1
334	333	7	TCAACGAGTCTCAAAAGCAAGCTA	1
335	334	7	CAACGAGTCTCAAAAGCAAGCTAC	1
336	335	7	AACGAGTCTCAAAAGCAAGCTACT	1
337	336	7	ACGAGTCTCAAAAGCAAGCTACTG	1
338	337	8	CGAGTCTCAAAAGCAAGCTACTGA	1
339	338	8	GAGTCTCAAAAGCAAGCTACTGAG	1
340	339	8	AGTCTCAAAAGCAAGCTACTGAGA	1
341	340	8	GTCTCAAAAGCAAGCTACTGAGAC	1
342	341	8	TCTCAAAAGCAAGCTACTGAGACT	1
343	342	8	CTCAAAAGCAAGCTACTGAGACTA	1
344	343	8	TCAAAAGCAAGCTACTGAGACTAA	1
345	344	8	CAAAAGCAAGCTACTGAGACTAAG	1
346	345	8	AAAAGCAAGCTACTGAGACTAAGG	1
347	346	8	AAAGCAAGCTACTGAGACTAAGGA	1
348	347	8	AAGCAAGCTACTGAGACTAAGGAA	1
349	348	8	AGCAAGCTACTGAGACTAAGGAAG	1
350	349	7	GCAAGCTACTGAGACTAAGGAAGA	1
351	350	7	CAAGCTACTGAGACTAAGGAAGAA	1
352	351	7	AAGCTACTGAGACTAAGGAAGAAG	1
353	352	7	AGCTACTGAGACTAAGGAAGAAGC	1
354	353	7	GCTACTGAGACTAAGGAAGAAGCT	1
355	354	7	CTACTGAGACTAAGGAAGAAGCTG	1
356	355	7	TACTGAGACTAAGGAAGAAGCTGC	1
357	356	7	ACTGAGACTAAGGAAGAAGCTGCT	1
358	357	8	CTGAGACTAAGGAAGAAGCTGCTA	1
359	358	7	TGAGACTAAGGAAGAAGCTGCTAT	1
360	359	7	GAGACTAAGGAAGAAGCTGCTATT	1
361	360	7	AGACTAAGGAAGAAGCTGCTATTA	1
362	361	7	GACTAAGGAAGAAGCTGCTATTAC	1
363	362	7	ACTAAGGAAGAAGCTGCTATTACC	1
364	363	6	CTAAGGAAGAAGCTGCTATTACCG	1
365	364	6	TAAGGAAGAAGCTGCTATTACCGA	1
366	365	5	AAGGAAGAAGCTGCTATTACCGAA	1
367	366	4	AGGAAGAAGCTGCTATTACCGAAG	1
368	367	2	GGAAGAAGCTGCTATTACCGAAGA	1
369	368	2	GAAGAAGCTGCTATTACCGAAGAA	1
370	369	2	AAGAAGCTGCTATTACCGAAGAAT	1
371	370	2	AGAAGCTGCTATTACCGAAGAATC	1
372	371	2	GAAGCTGCTATTACCGAAGAATCC	1
373	372	2	AAGCTGCTATTACCGAAGAATCCG	1
374	373	1	AGCTGCTATTACCGAAGAATCCGG	1
375	374	1	GCTGCTATTACCGAAGAATCCGGC	1
376	375	1	CTGCTATTACCGAAGAATCCGGCG	1
377	376	1	TGCTATTACCGAAGAATCCGGCGA	1
378	377	1	GCTATTACCGAAGAATCCGGCGAT	1
379	378	1	CTATTACCGAAGAATCCGGCGATG	1
380	379	1	TATTACCGAAGAATCCGGCGATGC	1
381	380	1	ATTACCGAAGAATCCGGCGATGCT	1
382	-1	0	GAGAAAAAGAAAAAACCTCCTATT	1
383	382	1	AGAAAAAGAAAAAACCTCCTATTC	1
384	383	1	GAAAAAGAAAAAACCTCCTATTCC	1
385	384	1	AAAAAGAAAAAACCTCCTATTCCG	1
386	385	1	AAAAGAAAAAACCTCCTATTCCGA	1
387	386	1	AAAGAAAAAACCTCCTATTCCGAA	1
388	387	1	AAGAAAAAACCTCCTATTCCGAAA	1
389	388	1	AGAAAAAACCTCCTATTCCGAAAG	1
390	389	1	GAAAAAACCTCCTATTCCGAAAGA	1
391	390	1	AAAAAACCTCCTATTCCGAAAGAC	1
392	391	1	AAAAACCTCCTATTCCGAAAGACC	1
393	392	1	AAAACCTCCTATTCCGAAAGACCC	1
394	393	1	AAACCTCCTATTCCGAAAGACCCG	1
395	394	1	AACCTCCTATTCCGAAAGACCCGG	1
396	395	1	ACCTCCTATTCCGAAAGACCCGGG	1
397	396	1	CCTCCTATTCCGAAAGACCCGGGC	1
398	397	1	CTCCTATTCCGAAAGACCCGGGCG	1
399	398	1	TCCTATTCCGAAAGACCCGGGCGA	1
400	399	1	CCTATTCCGAAAGACCCGGGCGAT	1
401	400	1	CTATTCCGAAAGACCCGGGCGATC	1
402	401	1	TATTCCGAAAGACCCGGGCGATCC	1
403	402	1	ATTCCGAAAGACCCGGGCGATCCC	1
404	403	1	TTCCGAAAGACCCGGGCGATCCCC	1
405	404	1	TCCGAAAGACCCGGGCGATCCCCA	1
406	405	1	CCGAAAGACCCGGGCGATCCCCAC	1
407	406	1	CGAAAGACCCGGGCGATCCCCACC	1
408	407	1	GAAAGACCCGGGCGATCCCCACCC	1
409	408	1	AAAGACCCGGGCGATCCCCACCCC	1
410	409	1	AAGACCCGGGCGATCCCCACCCCG	1
411	410	2	AGACCCGGGCGATCCCCACCCCGC	1
412	411	2	GACCCGGGCGATCCCCACCCCGCC	1
413	412	2	ACCCGGGCGATCCCCACCCCGCCG	1
414	413	2	CCCGGGCGATCCCCACCCCGCCGA	1
415	414	2	CCGGGCGATCCCCACCCCGCCGAT	1
416	415	2	CGGGCGATCCCCACCCCGCCGATA	1
417	416	2	GGGCGATCCCCACCCCGCCGATAC	1
418	417	2	GGCGATCCCCACCCCGCCGATACT	1
419	418	2	GCGATCCCCACCCCGCCGATACTG	1
420	419	2	CGATCCCCACCCCGCCGATACTGC	1
421	420	2	GATCCCCACCCCGCCGATACTGCT	1
422	421	2	ATCCCCACCCCGCCGATACTGCTA	1
423	422	2	TCCCCACCCCGCCGATACTGCTAA	1
424	423	2	CCCCACCCCGCCGATACTGCTAAA	1
425	424	3	CCCACCCCGCCGATACTGCTAAAA	1
426	425	3	CCACCCCGCCGATACTGCTAAAAT	1
427	426	2	CACCCCGCCGATACTGCTAAAATA	1
428	427	2	ACCCCGCCGATACTGCTAAAATAG	1
429	428	2	CCCCGCCGATACTGCTAAAATAGA	1
430	429	3	CCCGCCGATACTGCTAAAATAGAG	1
431	430	1	CCGCCGATACTGCTAAAATAGAGG	1
432	431	1	CGCCGATACTGCTAAAATAGAGGA	1
433	432	1	GCCGATACTGCTAAAATAGAGGAG	1
434	433	1	CCGATACTGCTAAAATAGAGGAGT	1
435	434	1	CGATACTGCTAAAATAGAGGAGTC	1
436	435	1	GATACTGCTAAAATAGAGGAGTCT	1
437	436	1	ATACTGCTAAAATAGAGGAGTCTT	1
438	437	3	TACTGCTAAAATAGAGGAGTCTTT	1
439	438	3	ACTGCTAAAATAGAGGAGTCTTTT	1
440	439	3	CTGCTAAAATAGAGGAGTCTTTTG	1
441	440	3	TGCTAAAATAGAGGAGTCTTTTGA	1
442	441	3	GCTAAAATAGAGGAGTCTTTTGAG	1
443	442	3	CTAAAATAGAGGAGTCTTTTGAGC	1
444	443	3	TAAAATAGAGGAGTCTTTTGAGCA	1
445	444	3	AAAATAGAGGAGTCTTTTGAGCAA	1
446	445	3	AAATAGAGGAGTCTTTTGAGCAAG	1
447	446	2	AATAGAGGAGTCTTTTGAGCAAGA	1
448	447	2	ATAGAGGAGTCTTTTGAGCAAGAA	1
449	448	2	TAGAGGAGTCTTTTGAGCAAGAAA	1
450	449	2	AGAGGAGTCTTTTGAGCAAGAAAA	1
451	450	2	GAGGAGTCTTTTGAGCAAGAAAAA	1
452	451	2	AGGAGTCTTTTGAGCAAGAAAAAG	1
453	452	2	GGAGTCTTTTGAGCAAGAAAAAGC	1
454	453	2	GAGTCTTTTGAGCAAGAAAAAGCC	1
455	454	2	AGTCTTTTGAGCAAGAAAAAGCCG	1
456	455	2	GTCTTTTGAGCAAGAAAAAGCCGT	1
457	456	2	TCTTTTGAGCAAGAAAAAGCCGTT	1
458	457	2	CTTTTGAGCAAGAAAAAGCCGTTG	1
459	458	2	TTTTGAGCAAGAAAAAGCCGTTGA	1
460	459	2	TTTGAGCAAGAAAAAGCCGTTGAT	1
461	460	2	TTGAGCAAGAAAAAGCCGTTGATG	1
462	461	2	TGAGCAAGAAAAAGCCGTTGATGA	1
463	462	2	GAGCAAGAAAAAGCCGTTGATGAA	1
464	463	2	AGCAAGAAAAAGCCGTTGATGAAA	1
465	464	2	GCAAGAAAAAGCCGTTGATGAAAC	1
466	465	2	CAAGAAAAAGCCGTTGATGAAACT	1
467	466	2	AAGAAAAAGCCGTTGATGAAACTG	1
468	467	2	AGAAAAAGCCGTTGATGAAACTGG	1
469	468	2	GAAAAAGCCGTTGATGAAACTGGT	1
470	469	2	AAAAAGCCGTTGATGAAACTGGTG	1
471	470	2	AAAAGCCGTTGATGAAACTGGTGT	1
472	471	2	AAAGCCGTTGATGAAACTGGTGTT	1
473	472	2	AAGCCGTTGATGAAACTGGTGTTG	1
474	473	2	AGCCGTTGATGAAACTGGTGTTGA	1
475	474	2	GCCGTTGATGAAACTGGTGTTGAT	1
476	475	2	CCGTTGATGAAACTGGTGTTGATG	1
477	476	2	CGTTGATGAAACTGGTGTTGATGC	1
478	477	2	GTTGATGAAACTGGTGTTGATGCT	1
479	478	2	TTGATGAAACTGGTGTTGATGCTA	1
480	479	2	TGATGAAACTGGTGTTGATGCTAA	1
481	480	2	GATGAAACTGGTGTTGATGCTAAG	1
