Component 602
1	-1	0	GCGAGCAATGGATGAGGAATGTCG	1
2	1	1	CGAGCAATGGATGAGGAATGTCGT	1
3	2	1	GAGCAATGGATGAGGAATGTCGTA	1
4	3	1	AGCAATGGATGAGGAATGTCGTAA	1
5	4	1	GCAATGGATGAGGAATGTCGTAAG	1
6	5	1	CAATGGATGAGGAATGTCGTAAGC	1
7	6	1	AATGGATGAGGAATGTCGTAAGCA	1
8	7	1	ATGGATGAGGAATGTCGTAAGCAA	1
9	8	1	TGGATGAGGAATGTCGTAAGCAAC	1
10	9	1	GGATGAGGAATGTCGTAAGCAACT	1
11	10	1	GATGAGGAATGTCGTAAGCAACTT	1
12	11	1	ATGAGGAATGTCGTAAGCAACTTG	1
13	12	1	TGAGGAATGTCGTAAGCAACTTGC	1
14	13	1	GAGGAATGTCGTAAGCAACTTGCT	1
15	14	1	AGGAATGTCGTAAGCAACTTGCTG	1
16	15	1	GGAATGTCGTAAGCAACTTGCTGA	1
17	16	1	GAATGTCGTAAGCAACTTGCTGAG	1
18	17	1	AATGTCGTAAGCAACTTGCTGAGA	1
19	18	1	ATGTCGTAAGCAACTTGCTGAGAC	1
20	19	1	TGTCGTAAGCAACTTGCTGAGACA	1
21	20	1	GTCGTAAGCAACTTGCTGAGACAA	1
22	21	1	TCGTAAGCAACTTGCTGAGACAAT	1
23	22	1	CGTAAGCAACTTGCTGAGACAATC	1
24	23	1	GTAAGCAACTTGCTGAGACAATCT	1
25	24	1	TAAGCAACTTGCTGAGACAATCTT	1
26	25	1	AAGCAACTTGCTGAGACAATCTTG	1
27	26	1	AGCAACTTGCTGAGACAATCTTGC	1
28	27	1	GCAACTTGCTGAGACAATCTTGCC	1
29	28	2	CAACTTGCTGAGACAATCTTGCCT	1
30	29	2	AACTTGCTGAGACAATCTTGCCTC	1
31	30	2	ACTTGCTGAGACAATCTTGCCTCT	1
32	31	2	CTTGCTGAGACAATCTTGCCTCTT	1
33	32	3	TTGCTGAGACAATCTTGCCTCTTC	1
34	33	3	TGCTGAGACAATCTTGCCTCTTCC	1
35	34	3	GCTGAGACAATCTTGCCTCTTCCT	1
36	35	4	CTGAGACAATCTTGCCTCTTCCTG	1
37	36	4	TGAGACAATCTTGCCTCTTCCTGA	1
38	37	4	GAGACAATCTTGCCTCTTCCTGAT	1
39	38	4	AGACAATCTTGCCTCTTCCTGATG	1
40	39	4	GACAATCTTGCCTCTTCCTGATGA	1
41	40	4	ACAATCTTGCCTCTTCCTGATGAT	1
42	41	4	CAATCTTGCCTCTTCCTGATGATG	1
43	42	4	AATCTTGCCTCTTCCTGATGATGT	1
44	43	4	ATCTTGCCTCTTCCTGATGATGTT	1
45	44	4	TCTTGCCTCTTCCTGATGATGTTT	1
46	45	3	CTTGCCTCTTCCTGATGATGTTTC	1
47	46	3	TTGCCTCTTCCTGATGATGTTTCA	1
48	47	3	TGCCTCTTCCTGATGATGTTTCAG	1
49	48	3	GCCTCTTCCTGATGATGTTTCAGT	1
50	49	3	CCTCTTCCTGATGATGTTTCAGTC	1
51	50	3	CTCTTCCTGATGATGTTTCAGTCA	1
52	51	3	TCTTCCTGATGATGTTTCAGTCAC	1
53	52	3	CTTCCTGATGATGTTTCAGTCACC	1
54	53	3	TTCCTGATGATGTTTCAGTCACCG	1
55	54	3	TCCTGATGATGTTTCAGTCACCGA	1
56	55	3	CCTGATGATGTTTCAGTCACCGAT	1
57	56	3	CTGATGATGTTTCAGTCACCGATA	1
58	57	3	TGATGATGTTTCAGTCACCGATAT	1
59	58	3	GATGATGTTTCAGTCACCGATATT	1
60	59	3	ATGATGTTTCAGTCACCGATATTT	1
61	60	3	TGATGTTTCAGTCACCGATATTTT	1
62	61	3	GATGTTTCAGTCACCGATATTTTG	1
63	62	3	ATGTTTCAGTCACCGATATTTTGA	1
64	63	3	TGTTTCAGTCACCGATATTTTGAT	1
65	64	3	GTTTCAGTCACCGATATTTTGATT	1
66	65	4	TTTCAGTCACCGATATTTTGATTC	1
67	66	4	TTCAGTCACCGATATTTTGATTCC	1
68	67	4	TCAGTCACCGATATTTTGATTCCT	1
69	68	4	CAGTCACCGATATTTTGATTCCTA	1
70	69	4	AGTCACCGATATTTTGATTCCTAC	1
71	70	4	GTCACCGATATTTTGATTCCTACA	1
72	71	4	TCACCGATATTTTGATTCCTACAC	1
73	72	3	CACCGATATTTTGATTCCTACACG	1
74	73	3	ACCGATATTTTGATTCCTACACGA	1
75	74	3	CCGATATTTTGATTCCTACACGAG	1
76	75	3	CGATATTTTGATTCCTACACGAGA	1
77	76	2	GATATTTTGATTCCTACACGAGAT	1
78	77	2	ATATTTTGATTCCTACACGAGATG	1
79	78	2	TATTTTGATTCCTACACGAGATGG	1
80	79	1	ATTTTGATTCCTACACGAGATGGA	1
81	80	1	TTTTGATTCCTACACGAGATGGAA	1
82	81	1	TTTGATTCCTACACGAGATGGAAC	1
83	82	2	TTGATTCCTACACGAGATGGAACG	1
84	83	2	TGATTCCTACACGAGATGGAACGG	1
85	84	2	GATTCCTACACGAGATGGAACGGA	1
86	85	2	ATTCCTACACGAGATGGAACGGAA	1
87	86	3	TTCCTACACGAGATGGAACGGAAA	1
88	87	3	TCCTACACGAGATGGAACGGAAAT	1
89	88	3	CCTACACGAGATGGAACGGAAATA	1
90	89	4	CTACACGAGATGGAACGGAAATAG	1
91	90	4	TACACGAGATGGAACGGAAATAGA	1
92	91	4	ACACGAGATGGAACGGAAATAGAT	1
93	92	4	CACGAGATGGAACGGAAATAGATG	1
94	93	4	ACGAGATGGAACGGAAATAGATGG	1
95	94	4	CGAGATGGAACGGAAATAGATGGT	1
96	95	4	GAGATGGAACGGAAATAGATGGTA	1
97	96	4	AGATGGAACGGAAATAGATGGTAG	1
98	97	4	GATGGAACGGAAATAGATGGTAGG	1
99	98	4	ATGGAACGGAAATAGATGGTAGGG	1
100	99	4	TGGAACGGAAATAGATGGTAGGGT	1
101	100	4	GGAACGGAAATAGATGGTAGGGTG	1
102	101	4	GAACGGAAATAGATGGTAGGGTGT	1
103	102	4	AACGGAAATAGATGGTAGGGTGTT	1
104	103	4	ACGGAAATAGATGGTAGGGTGTTT	1
105	104	4	CGGAAATAGATGGTAGGGTGTTTA	1
106	105	4	GGAAATAGATGGTAGGGTGTTTAC	1
107	106	4	GAAATAGATGGTAGGGTGTTTACT	1
108	107	4	AAATAGATGGTAGGGTGTTTACTC	1
109	108	5	AATAGATGGTAGGGTGTTTACTCC	1
110	109	4	ATAGATGGTAGGGTGTTTACTCCA	1
111	110	4	TAGATGGTAGGGTGTTTACTCCAG	1
112	111	4	AGATGGTAGGGTGTTTACTCCAGT	1
113	112	3	GATGGTAGGGTGTTTACTCCAGTG	1
114	113	3	ATGGTAGGGTGTTTACTCCAGTGT	1
115	114	3	TGGTAGGGTGTTTACTCCAGTGTC	1
116	115	3	GGTAGGGTGTTTACTCCAGTGTCA	1
117	116	3	GTAGGGTGTTTACTCCAGTGTCAG	1
118	117	3	TAGGGTGTTTACTCCAGTGTCAGT	1
119	118	3	AGGGTGTTTACTCCAGTGTCAGTA	1
120	119	3	GGGTGTTTACTCCAGTGTCAGTAC	1
121	120	3	GGTGTTTACTCCAGTGTCAGTACC	1
122	121	3	GTGTTTACTCCAGTGTCAGTACCT	1
123	122	3	TGTTTACTCCAGTGTCAGTACCTG	1
124	123	3	GTTTACTCCAGTGTCAGTACCTGC	1
125	124	2	TTTACTCCAGTGTCAGTACCTGCA	1
126	125	2	TTACTCCAGTGTCAGTACCTGCAG	1
127	126	1	TACTCCAGTGTCAGTACCTGCAGA	1
128	127	1	ACTCCAGTGTCAGTACCTGCAGAT	1
129	128	1	CTCCAGTGTCAGTACCTGCAGATT	1
130	129	1	TCCAGTGTCAGTACCTGCAGATTA	1
131	130	1	CCAGTGTCAGTACCTGCAGATTAT	1
132	131	1	CAGTGTCAGTACCTGCAGATTATC	1
133	132	1	AGTGTCAGTACCTGCAGATTATCG	1
134	133	1	GTGTCAGTACCTGCAGATTATCGT	1
135	134	1	TGTCAGTACCTGCAGATTATCGTT	1
136	135	1	GTCAGTACCTGCAGATTATCGTTC	1
137	136	1	TCAGTACCTGCAGATTATCGTTCT	1
138	137	1	CAGTACCTGCAGATTATCGTTCTC	1
139	138	1	AGTACCTGCAGATTATCGTTCTCT	1
140	139	1	GTACCTGCAGATTATCGTTCTCTG	1
141	140	1	TACCTGCAGATTATCGTTCTCTGA	1
142	141	1	ACCTGCAGATTATCGTTCTCTGAT	1
143	142	1	CCTGCAGATTATCGTTCTCTGATG	1
144	143	1	CTGCAGATTATCGTTCTCTGATGG	1
145	144	3	TGCAGATTATCGTTCTCTGATGGT	1
146	145	3	GCAGATTATCGTTCTCTGATGGTA	1
147	146	3	CAGATTATCGTTCTCTGATGGTAT	1
148	147	3	AGATTATCGTTCTCTGATGGTATT	1
149	148	3	GATTATCGTTCTCTGATGGTATTC	1
150	149	3	ATTATCGTTCTCTGATGGTATTCT	1
151	150	3	TTATCGTTCTCTGATGGTATTCTA	1
152	151	3	TATCGTTCTCTGATGGTATTCTAT	1
153	152	2	ATCGTTCTCTGATGGTATTCTATC	1
154	153	2	TCGTTCTCTGATGGTATTCTATCA	1
155	154	2	CGTTCTCTGATGGTATTCTATCAT	1
156	155	2	GTTCTCTGATGGTATTCTATCATA	1
157	156	2	TTCTCTGATGGTATTCTATCATAG	1
158	157	2	TCTCTGATGGTATTCTATCATAGC	1
159	158	2	CTCTGATGGTATTCTATCATAGCT	1
160	159	2	TCTGATGGTATTCTATCATAGCTC	1
161	160	3	CTGATGGTATTCTATCATAGCTCT	1
162	161	3	TGATGGTATTCTATCATAGCTCTG	1
163	162	3	GATGGTATTCTATCATAGCTCTGG	1
164	163	3	ATGGTATTCTATCATAGCTCTGGA	1
165	164	3	TGGTATTCTATCATAGCTCTGGAT	1
166	165	3	GGTATTCTATCATAGCTCTGGATG	1
167	166	3	GTATTCTATCATAGCTCTGGATGG	1
168	167	3	TATTCTATCATAGCTCTGGATGGT	1
169	168	3	ATTCTATCATAGCTCTGGATGGTG	1
170	169	3	TTCTATCATAGCTCTGGATGGTGT	1
171	170	3	TCTATCATAGCTCTGGATGGTGTA	1
172	171	3	CTATCATAGCTCTGGATGGTGTAT	1
173	172	3	TATCATAGCTCTGGATGGTGTATG	1
174	173	3	ATCATAGCTCTGGATGGTGTATGC	1
175	174	3	TCATAGCTCTGGATGGTGTATGCG	1
176	175	3	CATAGCTCTGGATGGTGTATGCGT	1
177	176	3	ATAGCTCTGGATGGTGTATGCGTG	1
178	177	3	TAGCTCTGGATGGTGTATGCGTGG	1
179	178	3	AGCTCTGGATGGTGTATGCGTGGT	1
180	179	3	GCTCTGGATGGTGTATGCGTGGTG	1
181	180	3	CTCTGGATGGTGTATGCGTGGTGT	1
182	181	3	TCTGGATGGTGTATGCGTGGTGTT	1
183	182	3	CTGGATGGTGTATGCGTGGTGTTC	1
184	183	3	TGGATGGTGTATGCGTGGTGTTCG	1
185	184	3	GGATGGTGTATGCGTGGTGTTCGT	1
186	185	3	GATGGTGTATGCGTGGTGTTCGTG	1
187	186	3	ATGGTGTATGCGTGGTGTTCGTGA	1
188	187	3	TGGTGTATGCGTGGTGTTCGTGAT	1
189	188	1	GGTGTATGCGTGGTGTTCGTGATG	1
190	189	2	GTGTATGCGTGGTGTTCGTGATGA	1
191	190	2	TGTATGCGTGGTGTTCGTGATGAT	1
192	191	2	GTATGCGTGGTGTTCGTGATGATG	1
193	192	2	TATGCGTGGTGTTCGTGATGATGA	1
194	193	2	ATGCGTGGTGTTCGTGATGATGAC	1
195	194	2	TGCGTGGTGTTCGTGATGATGACT	1
196	195	2	GCGTGGTGTTCGTGATGATGACTC	1
197	196	2	CGTGGTGTTCGTGATGATGACTCA	1
198	197	2	GTGGTGTTCGTGATGATGACTCAC	1
199	198	2	TGGTGTTCGTGATGATGACTCACT	1
200	199	2	GGTGTTCGTGATGATGACTCACTT	1
201	200	2	GTGTTCGTGATGATGACTCACTTT	1
202	201	2	TGTTCGTGATGATGACTCACTTTT	1
203	202	2	GTTCGTGATGATGACTCACTTTTC	1
204	203	2	TTCGTGATGATGACTCACTTTTCA	1
205	204	1	TCGTGATGATGACTCACTTTTCAA	1
206	205	1	CGTGATGATGACTCACTTTTCAAA	1
207	206	1	GTGATGATGACTCACTTTTCAAAA	1
208	207	1	TGATGATGACTCACTTTTCAAAAT	1
209	208	1	GATGATGACTCACTTTTCAAAATT	1
210	209	1	ATGATGACTCACTTTTCAAAATTC	1
211	210	1	TGATGACTCACTTTTCAAAATTCT	1
212	211	1	GATGACTCACTTTTCAAAATTCTG	1
213	212	1	ATGACTCACTTTTCAAAATTCTGA	1
214	213	1	TGACTCACTTTTCAAAATTCTGAC	1
215	214	2	GACTCACTTTTCAAAATTCTGACT	1
216	215	2	ACTCACTTTTCAAAATTCTGACTC	1
217	216	2	CTCACTTTTCAAAATTCTGACTCC	1
218	217	3	TCACTTTTCAAAATTCTGACTCCA	1
219	218	3	CACTTTTCAAAATTCTGACTCCAA	1
220	219	3	ACTTTTCAAAATTCTGACTCCAAA	1
221	220	3	CTTTTCAAAATTCTGACTCCAAAG	1
222	221	3	TTTTCAAAATTCTGACTCCAAAGT	1
223	222	3	TTTCAAAATTCTGACTCCAAAGTT	1
224	223	3	TTCAAAATTCTGACTCCAAAGTTT	1
225	224	3	TCAAAATTCTGACTCCAAAGTTTG	1
226	225	3	CAAAATTCTGACTCCAAAGTTTGG	1
227	226	3	AAAATTCTGACTCCAAAGTTTGGA	1
228	227	3	AAATTCTGACTCCAAAGTTTGGAT	1
229	228	3	AATTCTGACTCCAAAGTTTGGATG	1
230	229	3	ATTCTGACTCCAAAGTTTGGATGC	1
231	230	3	TTCTGACTCCAAAGTTTGGATGCG	1
232	231	3	TCTGACTCCAAAGTTTGGATGCGT	1
233	232	4	CTGACTCCAAAGTTTGGATGCGTT	1
234	233	3	TGACTCCAAAGTTTGGATGCGTTT	1
235	234	4	GACTCCAAAGTTTGGATGCGTTTG	1
236	235	6	ACTCCAAAGTTTGGATGCGTTTGT	1
237	236	6	CTCCAAAGTTTGGATGCGTTTGTG	1
238	237	6	TCCAAAGTTTGGATGCGTTTGTGT	1
239	238	6	CCAAAGTTTGGATGCGTTTGTGTT	1
240	239	6	CAAAGTTTGGATGCGTTTGTGTTT	1
241	240	6	AAAGTTTGGATGCGTTTGTGTTTC	1
242	241	6	AAGTTTGGATGCGTTTGTGTTTCA	1
243	242	6	AGTTTGGATGCGTTTGTGTTTCAG	1
244	243	6	GTTTGGATGCGTTTGTGTTTCAGT	1
245	244	6	TTTGGATGCGTTTGTGTTTCAGTC	1
246	245	6	TTGGATGCGTTTGTGTTTCAGTCG	1
247	246	6	TGGATGCGTTTGTGTTTCAGTCGA	1
248	247	6	GGATGCGTTTGTGTTTCAGTCGAT	1
249	248	7	GATGCGTTTGTGTTTCAGTCGATT	1
250	249	7	ATGCGTTTGTGTTTCAGTCGATTA	1
251	250	7	TGCGTTTGTGTTTCAGTCGATTAC	1
252	251	7	GCGTTTGTGTTTCAGTCGATTACC	1
253	252	7	CGTTTGTGTTTCAGTCGATTACCG	1
254	253	7	GTTTGTGTTTCAGTCGATTACCGT	1
255	254	7	TTTGTGTTTCAGTCGATTACCGTC	1
256	255	7	TTGTGTTTCAGTCGATTACCGTCT	1
257	256	7	TGTGTTTCAGTCGATTACCGTCTA	1
258	257	7	GTGTTTCAGTCGATTACCGTCTAG	1
259	258	6	TGTTTCAGTCGATTACCGTCTAGC	1
260	259	6	GTTTCAGTCGATTACCGTCTAGCA	1
261	260	6	TTTCAGTCGATTACCGTCTAGCAC	1
262	261	5	TTCAGTCGATTACCGTCTAGCACC	1
263	262	5	TCAGTCGATTACCGTCTAGCACCC	1
264	263	5	CAGTCGATTACCGTCTAGCACCCG	1
265	264	5	AGTCGATTACCGTCTAGCACCCGA	1
266	265	5	GTCGATTACCGTCTAGCACCCGAA	1
267	266	5	TCGATTACCGTCTAGCACCCGAAA	1
268	267	5	CGATTACCGTCTAGCACCCGAAAG	1
269	268	5	GATTACCGTCTAGCACCCGAAAGC	1
270	269	5	ATTACCGTCTAGCACCCGAAAGCA	1
271	270	5	TTACCGTCTAGCACCCGAAAGCAA	1
272	271	5	TACCGTCTAGCACCCGAAAGCAAA	1
273	272	5	ACCGTCTAGCACCCGAAAGCAAAT	1
274	273	5	CCGTCTAGCACCCGAAAGCAAATT	1
275	274	5	CGTCTAGCACCCGAAAGCAAATTC	1
276	275	5	GTCTAGCACCCGAAAGCAAATTCC	1
277	276	4	TCTAGCACCCGAAAGCAAATTCCC	1
278	277	4	CTAGCACCCGAAAGCAAATTCCCC	1
279	278	3	TAGCACCCGAAAGCAAATTCCCCG	1
280	279	1	AGCACCCGAAAGCAAATTCCCCGT	1
281	280	1	GCACCCGAAAGCAAATTCCCCGTT	1
282	281	1	CACCCGAAAGCAAATTCCCCGTTG	1
283	282	1	ACCCGAAAGCAAATTCCCCGTTGC	1
284	283	1	CCCGAAAGCAAATTCCCCGTTGCC	1
285	284	1	CCGAAAGCAAATTCCCCGTTGCCC	1
286	285	2	CGAAAGCAAATTCCCCGTTGCCCA	1
287	286	3	GAAAGCAAATTCCCCGTTGCCCAC	1
288	287	3	AAAGCAAATTCCCCGTTGCCCACA	1
289	288	3	AAGCAAATTCCCCGTTGCCCACAA	1
290	289	3	AGCAAATTCCCCGTTGCCCACAAT	1
291	290	4	GCAAATTCCCCGTTGCCCACAATG	1
292	291	4	CAAATTCCCCGTTGCCCACAATGA	1
293	292	3	AAATTCCCCGTTGCCCACAATGAT	1
294	293	3	AATTCCCCGTTGCCCACAATGATG	1
295	294	3	ATTCCCCGTTGCCCACAATGATGC	1
296	295	3	TTCCCCGTTGCCCACAATGATGCC	1
297	296	3	TCCCCGTTGCCCACAATGATGCCA	1
298	297	3	CCCCGTTGCCCACAATGATGCCAT	1
299	298	3	CCCGTTGCCCACAATGATGCCATT	1
300	299	3	CCGTTGCCCACAATGATGCCATTG	1
301	300	3	CGTTGCCCACAATGATGCCATTGA	1
302	301	3	GTTGCCCACAATGATGCCATTGAC	1
303	302	3	TTGCCCACAATGATGCCATTGACT	1
304	303	3	TGCCCACAATGATGCCATTGACTC	1
305	304	3	GCCCACAATGATGCCATTGACTCC	1
306	305	3	CCCACAATGATGCCATTGACTCCT	1
307	306	3	CCACAATGATGCCATTGACTCCTT	1
308	307	3	CACAATGATGCCATTGACTCCTTT	1
309	308	3	ACAATGATGCCATTGACTCCTTTA	1
310	309	3	CAATGATGCCATTGACTCCTTTAA	1
311	310	3	AATGATGCCATTGACTCCTTTAAA	1
312	311	3	ATGATGCCATTGACTCCTTTAAAT	1
313	312	3	TGATGCCATTGACTCCTTTAAATG	1
314	313	3	GATGCCATTGACTCCTTTAAATGG	1
315	314	3	ATGCCATTGACTCCTTTAAATGGG	1
316	315	3	TGCCATTGACTCCTTTAAATGGGT	1
317	316	3	GCCATTGACTCCTTTAAATGGGTT	1
318	317	3	CCATTGACTCCTTTAAATGGGTTG	1
319	318	3	CATTGACTCCTTTAAATGGGTTGC	1
320	319	3	ATTGACTCCTTTAAATGGGTTGCC	1
321	320	3	TTGACTCCTTTAAATGGGTTGCCA	1
322	321	4	TGACTCCTTTAAATGGGTTGCCAG	1
323	322	4	GACTCCTTTAAATGGGTTGCCAGC	1
324	323	4	ACTCCTTTAAATGGGTTGCCAGCA	1
325	324	5	CTCCTTTAAATGGGTTGCCAGCAA	1
326	325	5	TCCTTTAAATGGGTTGCCAGCAAC	1
327	326	5	CCTTTAAATGGGTTGCCAGCAACA	1
328	327	5	CTTTAAATGGGTTGCCAGCAACAT	1
329	328	5	TTTAAATGGGTTGCCAGCAACATT	1
330	329	4	TTAAATGGGTTGCCAGCAACATTG	1
331	330	3	TAAATGGGTTGCCAGCAACATTGA	1
332	331	4	AAATGGGTTGCCAGCAACATTGAA	1
333	332	4	AATGGGTTGCCAGCAACATTGAAA	1
334	333	4	ATGGGTTGCCAGCAACATTGAAAA	1
335	334	3	TGGGTTGCCAGCAACATTGAAAAA	1
336	335	3	GGGTTGCCAGCAACATTGAAAAAC	1
337	336	3	GGTTGCCAGCAACATTGAAAAACT	1
338	337	3	GTTGCCAGCAACATTGAAAAACTC	1
339	338	3	TTGCCAGCAACATTGAAAAACTCG	1
340	339	3	TGCCAGCAACATTGAAAAACTCGG	1
341	340	3	GCCAGCAACATTGAAAAACTCGGT	1
342	341	3	CCAGCAACATTGAAAAACTCGGTG	1
343	342	3	CAGCAACATTGAAAAACTCGGTGC	1
344	343	3	AGCAACATTGAAAAACTCGGTGCA	1
345	344	3	GCAACATTGAAAAACTCGGTGCAA	1
346	345	4	CAACATTGAAAAACTCGGTGCAAA	1
347	346	4	AACATTGAAAAACTCGGTGCAAAT	1
348	347	4	ACATTGAAAAACTCGGTGCAAATC	1
349	348	4	CATTGAAAAACTCGGTGCAAATCC	1
350	349	4	ATTGAAAAACTCGGTGCAAATCCC	1
351	350	4	TTGAAAAACTCGGTGCAAATCCCA	1
352	351	4	TGAAAAACTCGGTGCAAATCCCAA	1
353	352	5	GAAAAACTCGGTGCAAATCCCAAA	1
354	353	5	AAAAACTCGGTGCAAATCCCAAAC	1
355	354	5	AAAACTCGGTGCAAATCCCAAACG	1
356	355	5	AAACTCGGTGCAAATCCCAAACGT	1
357	356	5	AACTCGGTGCAAATCCCAAACGTG	1
358	357	5	ACTCGGTGCAAATCCCAAACGTGG	1
359	358	5	CTCGGTGCAAATCCCAAACGTGGT	1
360	359	5	TCGGTGCAAATCCCAAACGTGGTT	1
361	360	5	CGGTGCAAATCCCAAACGTGGTTT	1
362	361	5	GGTGCAAATCCCAAACGTGGTTTC	1
363	362	5	GTGCAAATCCCAAACGTGGTTTCT	1
364	363	5	TGCAAATCCCAAACGTGGTTTCTT	1
365	364	5	GCAAATCCCAAACGTGGTTTCTTC	1
366	365	4	CAAATCCCAAACGTGGTTTCTTCT	1
367	366	4	AAATCCCAAACGTGGTTTCTTCTT	1
368	367	4	AATCCCAAACGTGGTTTCTTCTTA	1
369	368	3	ATCCCAAACGTGGTTTCTTCTTAG	1
370	369	3	TCCCAAACGTGGTTTCTTCTTAGG	1
371	370	3	CCCAAACGTGGTTTCTTCTTAGGA	1
372	371	3	CCAAACGTGGTTTCTTCTTAGGAG	1
373	372	3	CAAACGTGGTTTCTTCTTAGGAGG	1
374	373	3	AAACGTGGTTTCTTCTTAGGAGGT	1
375	374	3	AACGTGGTTTCTTCTTAGGAGGTG	1
376	375	2	ACGTGGTTTCTTCTTAGGAGGTGC	1
377	376	2	CGTGGTTTCTTCTTAGGAGGTGCA	1
378	377	3	GTGGTTTCTTCTTAGGAGGTGCAT	1
379	378	3	TGGTTTCTTCTTAGGAGGTGCATC	1
380	379	3	GGTTTCTTCTTAGGAGGTGCATCT	1
381	380	3	GTTTCTTCTTAGGAGGTGCATCTG	1
382	381	3	TTTCTTCTTAGGAGGTGCATCTGC	1
383	382	3	TTCTTCTTAGGAGGTGCATCTGCT	1
384	383	3	TCTTCTTAGGAGGTGCATCTGCTG	1
385	384	3	CTTCTTAGGAGGTGCATCTGCTGG	1
386	385	4	TTCTTAGGAGGTGCATCTGCTGGC	1
387	386	4	TCTTAGGAGGTGCATCTGCTGGCG	1
388	387	4	CTTAGGAGGTGCATCTGCTGGCGG	1
389	388	4	TTAGGAGGTGCATCTGCTGGCGGA	1
390	389	3	TAGGAGGTGCATCTGCTGGCGGAA	1
391	390	3	AGGAGGTGCATCTGCTGGCGGAAA	1
392	391	3	GGAGGTGCATCTGCTGGCGGAAAC	1
393	392	3	GAGGTGCATCTGCTGGCGGAAACT	1
394	393	3	AGGTGCATCTGCTGGCGGAAACTT	1
395	394	4	GGTGCATCTGCTGGCGGAAACTTT	1
396	395	4	GTGCATCTGCTGGCGGAAACTTTG	1
397	396	3	TGCATCTGCTGGCGGAAACTTTGT	1
398	397	3	GCATCTGCTGGCGGAAACTTTGTT	1
399	398	3	CATCTGCTGGCGGAAACTTTGTTT	1
400	399	3	ATCTGCTGGCGGAAACTTTGTTTC	1
401	400	3	TCTGCTGGCGGAAACTTTGTTTCC	1
402	401	3	CTGCTGGCGGAAACTTTGTTTCCG	1
403	402	3	TGCTGGCGGAAACTTTGTTTCCGT	1
404	403	3	GCTGGCGGAAACTTTGTTTCCGTT	1
405	404	3	CTGGCGGAAACTTTGTTTCCGTTT	1
406	405	3	TGGCGGAAACTTTGTTTCCGTTTT	1
407	406	3	GGCGGAAACTTTGTTTCCGTTTTG	1
408	407	3	GCGGAAACTTTGTTTCCGTTTTGA	1
409	408	3	CGGAAACTTTGTTTCCGTTTTGAG	1
410	409	3	GGAAACTTTGTTTCCGTTTTGAGT	1
411	410	3	GAAACTTTGTTTCCGTTTTGAGTC	1
412	411	3	AAACTTTGTTTCCGTTTTGAGTCA	1
413	412	3	AACTTTGTTTCCGTTTTGAGTCAT	1
414	413	3	ACTTTGTTTCCGTTTTGAGTCATA	1
415	414	4	CTTTGTTTCCGTTTTGAGTCATAT	1
416	415	4	TTTGTTTCCGTTTTGAGTCATATC	1
417	416	4	TTGTTTCCGTTTTGAGTCATATCG	1
418	417	4	TGTTTCCGTTTTGAGTCATATCGC	1
419	418	4	GTTTCCGTTTTGAGTCATATCGCG	1
420	419	4	TTTCCGTTTTGAGTCATATCGCGA	1
421	420	4	TTCCGTTTTGAGTCATATCGCGAG	1
422	421	3	TCCGTTTTGAGTCATATCGCGAGA	1
423	422	3	CCGTTTTGAGTCATATCGCGAGAG	1
424	423	3	CGTTTTGAGTCATATCGCGAGAGA	1
425	424	3	GTTTTGAGTCATATCGCGAGAGAT	1
426	425	3	TTTTGAGTCATATCGCGAGAGATG	1
427	426	3	TTTGAGTCATATCGCGAGAGATGA	1
428	427	3	TTGAGTCATATCGCGAGAGATGAA	1
429	428	3	TGAGTCATATCGCGAGAGATGAAA	1
430	429	2	GAGTCATATCGCGAGAGATGAAAA	1
431	430	2	AGTCATATCGCGAGAGATGAAAAG	1
432	431	2	GTCATATCGCGAGAGATGAAAAGA	1
433	432	2	TCATATCGCGAGAGATGAAAAGAT	1
434	433	2	CATATCGCGAGAGATGAAAAGATT	1
435	434	2	ATATCGCGAGAGATGAAAAGATTA	1
436	435	2	TATCGCGAGAGATGAAAAGATTAA	1
437	436	2	ATCGCGAGAGATGAAAAGATTAAA	1
438	437	2	TCGCGAGAGATGAAAAGATTAAAC	1
439	438	1	CGCGAGAGATGAAAAGATTAAACC	1
440	439	1	GCGAGAGATGAAAAGATTAAACCA	1
441	440	2	CGAGAGATGAAAAGATTAAACCAG	1
442	441	2	GAGAGATGAAAAGATTAAACCAGA	1
443	442	2	AGAGATGAAAAGATTAAACCAGAG	1
444	443	2	GAGATGAAAAGATTAAACCAGAGC	1
445	444	2	AGATGAAAAGATTAAACCAGAGCT	1
446	445	2	GATGAAAAGATTAAACCAGAGCTC	1
447	446	2	ATGAAAAGATTAAACCAGAGCTCA	1
448	447	2	TGAAAAGATTAAACCAGAGCTCAC	1
449	448	2	GAAAAGATTAAACCAGAGCTCACT	1
450	449	2	AAAAGATTAAACCAGAGCTCACTG	1
451	450	2	AAAGATTAAACCAGAGCTCACTGG	1
452	451	2	AAGATTAAACCAGAGCTCACTGGT	1
453	452	2	AGATTAAACCAGAGCTCACTGGTC	1
454	453	2	GATTAAACCAGAGCTCACTGGTCT	1
455	454	2	ATTAAACCAGAGCTCACTGGTCTC	1
456	455	2	TTAAACCAGAGCTCACTGGTCTCT	1
457	456	2	TAAACCAGAGCTCACTGGTCTCTG	1
458	457	2	AAACCAGAGCTCACTGGTCTCTGG	1
459	458	1	AACCAGAGCTCACTGGTCTCTGGC	1
460	459	1	ACCAGAGCTCACTGGTCTCTGGCA	1
461	460	1	CCAGAGCTCACTGGTCTCTGGCAT	1
462	461	1	CAGAGCTCACTGGTCTCTGGCATA	1
463	462	1	AGAGCTCACTGGTCTCTGGCATAT	1
464	463	1	GAGCTCACTGGTCTCTGGCATATG	1
465	464	1	AGCTCACTGGTCTCTGGCATATGG	1
466	465	1	GCTCACTGGTCTCTGGCATATGGT	1
467	466	1	CTCACTGGTCTCTGGCATATGGTT	1
468	467	2	TCACTGGTCTCTGGCATATGGTTC	1
469	468	2	CACTGGTCTCTGGCATATGGTTCC	1
470	469	2	ACTGGTCTCTGGCATATGGTTCCT	1
471	470	2	CTGGTCTCTGGCATATGGTTCCTA	1
472	471	2	TGGTCTCTGGCATATGGTTCCTAC	1
473	472	2	GGTCTCTGGCATATGGTTCCTACA	1
474	473	2	GTCTCTGGCATATGGTTCCTACAC	1
475	474	3	TCTCTGGCATATGGTTCCTACACT	1
476	475	3	CTCTGGCATATGGTTCCTACACTT	1
477	476	4	TCTGGCATATGGTTCCTACACTTA	1
478	477	4	CTGGCATATGGTTCCTACACTTAT	1
479	478	4	TGGCATATGGTTCCTACACTTATT	1
480	479	4	GGCATATGGTTCCTACACTTATTC	1
481	480	4	GCATATGGTTCCTACACTTATTCA	1
482	481	4	CATATGGTTCCTACACTTATTCAC	1
483	482	4	ATATGGTTCCTACACTTATTCACC	1
484	483	4	TATGGTTCCTACACTTATTCACCC	1
485	484	3	ATGGTTCCTACACTTATTCACCCT	1
486	485	3	TGGTTCCTACACTTATTCACCCTG	1
487	486	3	GGTTCCTACACTTATTCACCCTGC	1
488	487	3	GTTCCTACACTTATTCACCCTGCG	1
489	488	3	TTCCTACACTTATTCACCCTGCGG	1
490	489	3	TCCTACACTTATTCACCCTGCGGA	1
491	490	3	CCTACACTTATTCACCCTGCGGAT	1
492	491	3	CTACACTTATTCACCCTGCGGATT	1
493	492	3	TACACTTATTCACCCTGCGGATTT	1
494	493	3	ACACTTATTCACCCTGCGGATTTG	1
495	494	3	CACTTATTCACCCTGCGGATTTGG	1
496	495	3	ACTTATTCACCCTGCGGATTTGGA	1
497	496	3	CTTATTCACCCTGCGGATTTGGAC	1
498	497	3	TTATTCACCCTGCGGATTTGGACG	1
499	498	3	TATTCACCCTGCGGATTTGGACGA	1
500	499	3	ATTCACCCTGCGGATTTGGACGAA	1
501	500	3	TTCACCCTGCGGATTTGGACGAAG	1
502	501	3	TCACCCTGCGGATTTGGACGAAGA	1
503	502	3	CACCCTGCGGATTTGGACGAAGAG	1
504	503	3	ACCCTGCGGATTTGGACGAAGAGA	1
505	504	3	CCCTGCGGATTTGGACGAAGAGAC	1
506	505	3	CCTGCGGATTTGGACGAAGAGACT	1
507	506	3	CTGCGGATTTGGACGAAGAGACTA	1
508	507	3	TGCGGATTTGGACGAAGAGACTAT	1
509	508	3	GCGGATTTGGACGAAGAGACTATG	1
510	509	3	CGGATTTGGACGAAGAGACTATGG	1
511	510	3	GGATTTGGACGAAGAGACTATGGC	1
512	511	2	GATTTGGACGAAGAGACTATGGCA	1
513	512	2	ATTTGGACGAAGAGACTATGGCAC	1
514	513	2	TTTGGACGAAGAGACTATGGCACA	1
515	514	2	TTGGACGAAGAGACTATGGCACAA	1
516	515	2	TGGACGAAGAGACTATGGCACAAT	1
517	516	2	GGACGAAGAGACTATGGCACAATT	1
518	517	2	GACGAAGAGACTATGGCACAATTT	1
519	518	1	ACGAAGAGACTATGGCACAATTTA	1
520	519	1	CGAAGAGACTATGGCACAATTTAG	1
521	-1	0	CTTTGAAAAAACATCATGGCAGAA	1
522	521	1	TTTGAAAAAACATCATGGCAGAAC	1
523	522	1	TTGAAAAAACATCATGGCAGAACT	1
524	523	1	TGAAAAAACATCATGGCAGAACTC	1
525	524	1	GAAAAAACATCATGGCAGAACTCG	1
526	525	2	AAAAAACATCATGGCAGAACTCGA	1
527	526	2	AAAAACATCATGGCAGAACTCGAA	1
528	527	2	AAAACATCATGGCAGAACTCGAAT	1
529	528	4	AAACATCATGGCAGAACTCGAATT	1
530	529	4	AACATCATGGCAGAACTCGAATTT	1
531	530	4	ACATCATGGCAGAACTCGAATTTA	1
532	531	4	CATCATGGCAGAACTCGAATTTAC	1
533	532	4	ATCATGGCAGAACTCGAATTTACT	1
534	533	4	TCATGGCAGAACTCGAATTTACTG	1
535	534	4	CATGGCAGAACTCGAATTTACTGA	1
536	535	4	ATGGCAGAACTCGAATTTACTGAC	1
537	536	4	TGGCAGAACTCGAATTTACTGACG	1
538	537	4	GGCAGAACTCGAATTTACTGACGA	1
539	538	4	GCAGAACTCGAATTTACTGACGAA	1
540	539	4	CAGAACTCGAATTTACTGACGAAA	1
541	540	5	AGAACTCGAATTTACTGACGAAAA	1
542	541	5	GAACTCGAATTTACTGACGAAAAA	1
543	542	5	AACTCGAATTTACTGACGAAAAAT	1
544	543	5	ACTCGAATTTACTGACGAAAAATT	1
545	544	5	CTCGAATTTACTGACGAAAAATTC	1
546	545	5	TCGAATTTACTGACGAAAAATTCA	1
547	546	5	CGAATTTACTGACGAAAAATTCAC	1
548	547	7	GAATTTACTGACGAAAAATTCACA	1
549	548	7	AATTTACTGACGAAAAATTCACAA	1
550	549	7	ATTTACTGACGAAAAATTCACAAA	1
551	550	7	TTTACTGACGAAAAATTCACAAAG	1
552	551	7	TTACTGACGAAAAATTCACAAAGG	1
553	552	7	TACTGACGAAAAATTCACAAAGGT	1
554	553	7	ACTGACGAAAAATTCACAAAGGTT	1
555	554	7	CTGACGAAAAATTCACAAAGGTTG	1
556	555	7	TGACGAAAAATTCACAAAGGTTGA	1
557	556	7	GACGAAAAATTCACAAAGGTTGAC	1
558	557	7	ACGAAAAATTCACAAAGGTTGACC	1
559	558	7	CGAAAAATTCACAAAGGTTGACCC	1
560	559	7	GAAAAATTCACAAAGGTTGACCCT	1
561	560	7	AAAAATTCACAAAGGTTGACCCTG	1
562	561	7	AAAATTCACAAAGGTTGACCCTGA	1
563	562	7	AAATTCACAAAGGTTGACCCTGAA	1
564	563	7	AATTCACAAAGGTTGACCCTGAAC	1
565	564	7	ATTCACAAAGGTTGACCCTGAACT	1
566	565	6	TTCACAAAGGTTGACCCTGAACTA	1
567	566	6	TCACAAAGGTTGACCCTGAACTAA	1
568	567	6	CACAAAGGTTGACCCTGAACTAAA	1
569	568	6	ACAAAGGTTGACCCTGAACTAAAG	1
570	569	5	CAAAGGTTGACCCTGAACTAAAGG	1
571	570	5	AAAGGTTGACCCTGAACTAAAGGA	1
572	571	5	AAGGTTGACCCTGAACTAAAGGAG	1
573	572	3	AGGTTGACCCTGAACTAAAGGAGA	1
574	573	3	GGTTGACCCTGAACTAAAGGAGAT	1
575	574	3	GTTGACCCTGAACTAAAGGAGATC	1
576	575	3	TTGACCCTGAACTAAAGGAGATCC	1
577	576	3	TGACCCTGAACTAAAGGAGATCCT	1
578	577	3	GACCCTGAACTAAAGGAGATCCTC	1
579	578	3	ACCCTGAACTAAAGGAGATCCTCA	1
580	579	3	CCCTGAACTAAAGGAGATCCTCAA	1
581	580	3	CCTGAACTAAAGGAGATCCTCAAG	1
582	581	3	CTGAACTAAAGGAGATCCTCAAGA	1
583	582	3	TGAACTAAAGGAGATCCTCAAGAA	1
584	583	3	GAACTAAAGGAGATCCTCAAGAAG	1
585	584	2	AACTAAAGGAGATCCTCAAGAAGC	1
586	585	2	ACTAAAGGAGATCCTCAAGAAGCA	1
587	586	2	CTAAAGGAGATCCTCAAGAAGCAT	1
588	587	2	TAAAGGAGATCCTCAAGAAGCATC	1
589	588	2	AAAGGAGATCCTCAAGAAGCATCC	1
590	589	2	AAGGAGATCCTCAAGAAGCATCCT	1
591	590	2	AGGAGATCCTCAAGAAGCATCCTG	1
592	591	1	GGAGATCCTCAAGAAGCATCCTGC	1
593	592	1	GAGATCCTCAAGAAGCATCCTGCT	1
594	593	1	AGATCCTCAAGAAGCATCCTGCTG	1
595	594	1	GATCCTCAAGAAGCATCCTGCTGG	1
596	595	1	ATCCTCAAGAAGCATCCTGCTGGA	1
597	596	1	TCCTCAAGAAGCATCCTGCTGGAA	1
598	597	1	CCTCAAGAAGCATCCTGCTGGAAC	1
599	598	1	CTCAAGAAGCATCCTGCTGGAACT	1
600	599	1	TCAAGAAGCATCCTGCTGGAACTG	1
601	600	1	CAAGAAGCATCCTGCTGGAACTGA	1
602	601	1	AAGAAGCATCCTGCTGGAACTGAA	1
603	602	1	AGAAGCATCCTGCTGGAACTGAAA	1
604	603	1	GAAGCATCCTGCTGGAACTGAAAA	1
605	604	1	AAGCATCCTGCTGGAACTGAAAAC	1
606	605	1	AGCATCCTGCTGGAACTGAAAACA	1
607	606	1	GCATCCTGCTGGAACTGAAAACAT	1
608	607	1	CATCCTGCTGGAACTGAAAACATT	1
609	608	1	ATCCTGCTGGAACTGAAAACATTA	1
610	609	1	TCCTGCTGGAACTGAAAACATTAC	1
611	610	1	CCTGCTGGAACTGAAAACATTACC	1
612	611	1	CTGCTGGAACTGAAAACATTACCA	1
613	612	1	TGCTGGAACTGAAAACATTACCAA	1
614	613	1	GCTGGAACTGAAAACATTACCAAC	1
615	614	1	CTGGAACTGAAAACATTACCAACA	1
616	615	1	TGGAACTGAAAACATTACCAACAT	1
617	616	1	GGAACTGAAAACATTACCAACATT	1
618	617	1	GAACTGAAAACATTACCAACATTT	1
619	618	1	AACTGAAAACATTACCAACATTTG	1
620	619	1	ACTGAAAACATTACCAACATTTGG	1
621	620	1	CTGAAAACATTACCAACATTTGGC	1
622	621	1	TGAAAACATTACCAACATTTGGCA	1
623	622	1	GAAAACATTACCAACATTTGGCAG	1
624	623	1	AAAACATTACCAACATTTGGCAGA	1
625	624	1	AAACATTACCAACATTTGGCAGAT	1
626	625	1	AACATTACCAACATTTGGCAGATA	1
627	626	1	ACATTACCAACATTTGGCAGATAC	1
628	627	1	CATTACCAACATTTGGCAGATACG	1
629	628	1	ATTACCAACATTTGGCAGATACGA	1
630	629	1	TTACCAACATTTGGCAGATACGAG	1
631	-1	0	GACTATGGCACAATTTAGAAGCTA	1
632	631	1	ACTATGGCACAATTTAGAAGCTAT	1
633	632	1	CTATGGCACAATTTAGAAGCTATA	1
634	633	1	TATGGCACAATTTAGAAGCTATAA	1
635	634	1	ATGGCACAATTTAGAAGCTATAAA	1
636	635	1	TGGCACAATTTAGAAGCTATAAAG	1
637	636	1	GGCACAATTTAGAAGCTATAAAGA	1
638	637	1	GCACAATTTAGAAGCTATAAAGAG	1
639	638	1	CACAATTTAGAAGCTATAAAGAGA	1
640	639	1	ACAATTTAGAAGCTATAAAGAGAC	1
641	640	1	CAATTTAGAAGCTATAAAGAGACT	1
642	641	1	AATTTAGAAGCTATAAAGAGACTA	1
643	642	1	ATTTAGAAGCTATAAAGAGACTAT	1
644	643	1	TTTAGAAGCTATAAAGAGACTATT	1
645	644	1	TTAGAAGCTATAAAGAGACTATTC	1
646	645	1	TAGAAGCTATAAAGAGACTATTCA	1
647	646	1	AGAAGCTATAAAGAGACTATTCAT	1
648	647	2	GAAGCTATAAAGAGACTATTCATG	1
649	648	3	AAGCTATAAAGAGACTATTCATGC	1
650	649	3	AGCTATAAAGAGACTATTCATGCT	1
651	650	3	GCTATAAAGAGACTATTCATGCTC	1
652	651	3	CTATAAAGAGACTATTCATGCTCC	1
653	652	3	TATAAAGAGACTATTCATGCTCCA	1
654	653	3	ATAAAGAGACTATTCATGCTCCAG	1
655	654	3	TAAAGAGACTATTCATGCTCCAGT	1
656	655	4	AAAGAGACTATTCATGCTCCAGTA	1
657	656	5	AAGAGACTATTCATGCTCCAGTAA	1
658	657	5	AGAGACTATTCATGCTCCAGTAAT	1
659	658	5	GAGACTATTCATGCTCCAGTAATC	1
660	659	5	AGACTATTCATGCTCCAGTAATCA	1
661	660	5	GACTATTCATGCTCCAGTAATCAC	1
662	661	5	ACTATTCATGCTCCAGTAATCACT	1
663	662	5	CTATTCATGCTCCAGTAATCACTC	1
664	663	5	TATTCATGCTCCAGTAATCACTCC	1
665	664	5	ATTCATGCTCCAGTAATCACTCCA	1
666	665	5	TTCATGCTCCAGTAATCACTCCAA	1
667	666	5	TCATGCTCCAGTAATCACTCCAAA	1
668	667	5	CATGCTCCAGTAATCACTCCAAAA	1
669	668	5	ATGCTCCAGTAATCACTCCAAAAA	1
670	669	5	TGCTCCAGTAATCACTCCAAAAAT	1
671	670	5	GCTCCAGTAATCACTCCAAAAATC	1
672	671	5	CTCCAGTAATCACTCCAAAAATCA	1
673	672	5	TCCAGTAATCACTCCAAAAATCAT	1
674	673	5	CCAGTAATCACTCCAAAAATCATG	1
675	674	5	CAGTAATCACTCCAAAAATCATGG	1
676	675	4	AGTAATCACTCCAAAAATCATGGA	1
677	676	5	GTAATCACTCCAAAAATCATGGAT	1
678	677	5	TAATCACTCCAAAAATCATGGATA	1
679	678	5	AATCACTCCAAAAATCATGGATAT	1
680	679	5	ATCACTCCAAAAATCATGGATATC	1
681	680	5	TCACTCCAAAAATCATGGATATCT	1
682	681	5	CACTCCAAAAATCATGGATATCTT	1
683	682	5	ACTCCAAAAATCATGGATATCTTC	1
684	683	5	CTCCAAAAATCATGGATATCTTCT	1
685	684	5	TCCAAAAATCATGGATATCTTCTT	1
686	685	5	CCAAAAATCATGGATATCTTCTTC	1
687	686	5	CAAAAATCATGGATATCTTCTTCG	1
688	687	5	AAAAATCATGGATATCTTCTTCGA	1
689	688	6	AAAATCATGGATATCTTCTTCGAA	1
690	689	6	AAATCATGGATATCTTCTTCGAAA	1
691	690	6	AATCATGGATATCTTCTTCGAAAA	1
692	691	5	ATCATGGATATCTTCTTCGAAAAC	1
693	692	4	TCATGGATATCTTCTTCGAAAACT	1
694	693	4	CATGGATATCTTCTTCGAAAACTA	1
695	694	4	ATGGATATCTTCTTCGAAAACTAT	1
696	695	4	TGGATATCTTCTTCGAAAACTATC	1
697	696	4	GGATATCTTCTTCGAAAACTATCA	1
698	697	4	GATATCTTCTTCGAAAACTATCAA	1
699	698	4	ATATCTTCTTCGAAAACTATCAAC	1
700	699	3	TATCTTCTTCGAAAACTATCAACC	1
701	700	3	ATCTTCTTCGAAAACTATCAACCA	1
702	701	3	TCTTCTTCGAAAACTATCAACCAA	1
703	702	3	CTTCTTCGAAAACTATCAACCAAC	1
704	703	3	TTCTTCGAAAACTATCAACCAACC	1
705	704	3	TCTTCGAAAACTATCAACCAACCC	1
706	705	3	CTTCGAAAACTATCAACCAACCCC	1
707	706	3	TTCGAAAACTATCAACCAACCCCC	1
708	707	3	TCGAAAACTATCAACCAACCCCCA	1
709	708	3	CGAAAACTATCAACCAACCCCCAA	1
710	709	3	GAAAACTATCAACCAACCCCCAAG	1
711	710	3	AAAACTATCAACCAACCCCCAAGT	1
712	711	3	AAACTATCAACCAACCCCCAAGTC	1
713	712	3	AACTATCAACCAACCCCCAAGTCA	1
714	713	3	ACTATCAACCAACCCCCAAGTCAC	1
715	714	3	CTATCAACCAACCCCCAAGTCACC	1
716	715	3	TATCAACCAACCCCCAAGTCACCT	1
717	716	3	ATCAACCAACCCCCAAGTCACCTT	1
718	717	3	TCAACCAACCCCCAAGTCACCTTT	1
719	718	3	CAACCAACCCCCAAGTCACCTTTA	1
720	719	3	AACCAACCCCCAAGTCACCTTTAG	1
721	720	2	ACCAACCCCCAAGTCACCTTTAGT	1
722	721	2	CCAACCCCCAAGTCACCTTTAGTT	1
723	722	2	CAACCCCCAAGTCACCTTTAGTTA	1
724	723	2	AACCCCCAAGTCACCTTTAGTTAA	1
725	724	1	ACCCCCAAGTCACCTTTAGTTAAT	1
726	725	1	CCCCCAAGTCACCTTTAGTTAATC	1
727	726	1	CCCCAAGTCACCTTTAGTTAATCC	1
728	727	1	CCCAAGTCACCTTTAGTTAATCCA	1
729	728	1	CCAAGTCACCTTTAGTTAATCCAT	1
730	729	1	CAAGTCACCTTTAGTTAATCCATT	1
731	730	1	AAGTCACCTTTAGTTAATCCATTG	1
732	731	1	AGTCACCTTTAGTTAATCCATTGT	1
733	732	1	GTCACCTTTAGTTAATCCATTGTA	1
734	733	1	TCACCTTTAGTTAATCCATTGTAT	1
735	734	1	CACCTTTAGTTAATCCATTGTATT	1
736	735	1	ACCTTTAGTTAATCCATTGTATTA	1
737	736	1	CCTTTAGTTAATCCATTGTATTAT	1
738	737	1	CTTTAGTTAATCCATTGTATTATC	1
739	738	1	TTTAGTTAATCCATTGTATTATCC	1
740	739	1	TTAGTTAATCCATTGTATTATCCC	1
741	740	1	TAGTTAATCCATTGTATTATCCCC	1
742	741	1	AGTTAATCCATTGTATTATCCCCC	1
743	742	1	GTTAATCCATTGTATTATCCCCCC	1
744	743	1	TTAATCCATTGTATTATCCCCCCG	1
745	-1	0	GGAAAAAATACTTTGAAGATGCAA	1
746	745	1	GAAAAAATACTTTGAAGATGCAAT	1
747	746	1	AAAAAATACTTTGAAGATGCAATT	1
748	747	1	AAAAATACTTTGAAGATGCAATTG	1
749	748	1	AAAATACTTTGAAGATGCAATTGA	1
750	749	1	AAATACTTTGAAGATGCAATTGAT	1
751	750	1	AATACTTTGAAGATGCAATTGATG	1
752	751	1	ATACTTTGAAGATGCAATTGATGG	1
753	752	1	TACTTTGAAGATGCAATTGATGGA	1
754	753	1	ACTTTGAAGATGCAATTGATGGAT	1
755	754	1	CTTTGAAGATGCAATTGATGGATT	1
756	755	2	TTTGAAGATGCAATTGATGGATTT	1
757	756	2	TTGAAGATGCAATTGATGGATTTA	1
758	757	2	TGAAGATGCAATTGATGGATTTAC	1
759	758	2	GAAGATGCAATTGATGGATTTACC	1
760	759	2	AAGATGCAATTGATGGATTTACCT	1
761	760	2	AGATGCAATTGATGGATTTACCTG	1
762	761	2	GATGCAATTGATGGATTTACCTGG	1
763	762	2	ATGCAATTGATGGATTTACCTGGC	1
764	763	2	TGCAATTGATGGATTTACCTGGCT	1
765	764	2	GCAATTGATGGATTTACCTGGCTT	1
766	765	2	CAATTGATGGATTTACCTGGCTTT	1
767	766	2	AATTGATGGATTTACCTGGCTTTT	1
768	767	2	ATTGATGGATTTACCTGGCTTTTA	1
769	768	3	TTGATGGATTTACCTGGCTTTTAA	1
770	769	4	TGATGGATTTACCTGGCTTTTAAG	1
771	770	4	GATGGATTTACCTGGCTTTTAAGT	1
772	771	4	ATGGATTTACCTGGCTTTTAAGTC	1
773	772	4	TGGATTTACCTGGCTTTTAAGTCA	1
774	773	4	GGATTTACCTGGCTTTTAAGTCAT	1
775	774	4	GATTTACCTGGCTTTTAAGTCATG	1
776	775	4	ATTTACCTGGCTTTTAAGTCATGT	1
777	776	4	TTTACCTGGCTTTTAAGTCATGTA	1
778	777	4	TTACCTGGCTTTTAAGTCATGTAA	1
779	778	4	TACCTGGCTTTTAAGTCATGTAAA	1
780	779	4	ACCTGGCTTTTAAGTCATGTAAAG	1
781	780	4	CCTGGCTTTTAAGTCATGTAAAGA	1
782	781	4	CTGGCTTTTAAGTCATGTAAAGAA	1
783	782	4	TGGCTTTTAAGTCATGTAAAGAAA	1
784	783	4	GGCTTTTAAGTCATGTAAAGAAAG	1
785	784	4	GCTTTTAAGTCATGTAAAGAAAGA	1
786	785	4	CTTTTAAGTCATGTAAAGAAAGAA	1
787	786	4	TTTTAAGTCATGTAAAGAAAGAAG	1
788	787	4	TTTAAGTCATGTAAAGAAAGAAGA	1
789	788	4	TTAAGTCATGTAAAGAAAGAAGAT	1
790	789	3	TAAGTCATGTAAAGAAAGAAGATG	1
791	790	3	AAGTCATGTAAAGAAAGAAGATGA	1
792	791	3	AGTCATGTAAAGAAAGAAGATGAT	1
793	792	3	GTCATGTAAAGAAAGAAGATGATT	1
794	793	3	TCATGTAAAGAAAGAAGATGATTA	1
795	794	3	CATGTAAAGAAAGAAGATGATTAA	1
796	795	3	ATGTAAAGAAAGAAGATGATTAAA	1
797	796	3	TGTAAAGAAAGAAGATGATTAAAG	1
798	797	3	GTAAAGAAAGAAGATGATTAAAGA	1
799	798	3	TAAAGAAAGAAGATGATTAAAGAA	1
800	799	2	AAAGAAAGAAGATGATTAAAGAAC	1
801	800	2	AAGAAAGAAGATGATTAAAGAACA	1
802	801	2	AGAAAGAAGATGATTAAAGAACAT	1
803	802	2	GAAAGAAGATGATTAAAGAACATA	1
804	803	2	AAAGAAGATGATTAAAGAACATAT	1
805	804	2	AAGAAGATGATTAAAGAACATATT	1
806	805	2	AGAAGATGATTAAAGAACATATTA	1
807	806	2	GAAGATGATTAAAGAACATATTAT	1
808	807	2	AAGATGATTAAAGAACATATTATA	1
809	808	2	AGATGATTAAAGAACATATTATAG	1
810	809	2	GATGATTAAAGAACATATTATAGC	1
811	810	2	ATGATTAAAGAACATATTATAGCC	1
812	811	1	TGATTAAAGAACATATTATAGCCT	1
813	812	1	GATTAAAGAACATATTATAGCCTG	1
814	-1	0	ATCTTCCTCCATCCTTTTTCCAGT	1
815	814	1	TCTTCCTCCATCCTTTTTCCAGTG	1
816	815	1	CTTCCTCCATCCTTTTTCCAGTGT	1
817	816	1	TTCCTCCATCCTTTTTCCAGTGTT	1
818	817	1	TCCTCCATCCTTTTTCCAGTGTTG	1
819	818	1	CCTCCATCCTTTTTCCAGTGTTGT	1
820	819	1	CTCCATCCTTTTTCCAGTGTTGTG	1
821	820	1	TCCATCCTTTTTCCAGTGTTGTGG	1
822	821	1	CCATCCTTTTTCCAGTGTTGTGGA	1
823	822	1	CATCCTTTTTCCAGTGTTGTGGAT	1
824	823	1	ATCCTTTTTCCAGTGTTGTGGATG	1
825	824	1	TCCTTTTTCCAGTGTTGTGGATGG	1
826	825	1	CCTTTTTCCAGTGTTGTGGATGGG	1
827	826	1	CTTTTTCCAGTGTTGTGGATGGGA	1
828	827	1	TTTTTCCAGTGTTGTGGATGGGAT	1
829	828	1	TTTTCCAGTGTTGTGGATGGGATC	1
830	829	1	TTTCCAGTGTTGTGGATGGGATCC	1
831	830	1	TTCCAGTGTTGTGGATGGGATCCT	1
832	831	1	TCCAGTGTTGTGGATGGGATCCTC	1
833	832	1	CCAGTGTTGTGGATGGGATCCTCT	1
834	833	1	CAGTGTTGTGGATGGGATCCTCTT	1
835	834	1	AGTGTTGTGGATGGGATCCTCTTC	1
836	835	1	GTGTTGTGGATGGGATCCTCTTCG	1
837	836	1	TGTTGTGGATGGGATCCTCTTCGT	1
838	837	1	GTTGTGGATGGGATCCTCTTCGTG	1
839	838	1	TTGTGGATGGGATCCTCTTCGTGA	1
840	839	1	TGTGGATGGGATCCTCTTCGTGAT	1
841	840	2	GTGGATGGGATCCTCTTCGTGATG	1
842	841	2	TGGATGGGATCCTCTTCGTGATGA	1
843	842	2	GGATGGGATCCTCTTCGTGATGAG	1
844	843	2	GATGGGATCCTCTTCGTGATGAGG	1
845	844	2	ATGGGATCCTCTTCGTGATGAGGG	1
846	845	2	TGGGATCCTCTTCGTGATGAGGGA	1
847	846	2	GGGATCCTCTTCGTGATGAGGGAA	1
848	847	3	GGATCCTCTTCGTGATGAGGGAAT	1
849	848	3	GATCCTCTTCGTGATGAGGGAATT	1
850	849	3	ATCCTCTTCGTGATGAGGGAATTG	1
851	850	3	TCCTCTTCGTGATGAGGGAATTGC	1
852	851	3	CCTCTTCGTGATGAGGGAATTGCT	1
853	852	3	CTCTTCGTGATGAGGGAATTGCTT	1
854	853	3	TCTTCGTGATGAGGGAATTGCTTA	1
855	854	3	CTTCGTGATGAGGGAATTGCTTAC	1
856	855	3	TTCGTGATGAGGGAATTGCTTACG	1
857	856	3	TCGTGATGAGGGAATTGCTTACGA	1
858	857	4	CGTGATGAGGGAATTGCTTACGAA	1
859	858	3	GTGATGAGGGAATTGCTTACGAAA	1
860	859	3	TGATGAGGGAATTGCTTACGAAAA	1
861	860	3	GATGAGGGAATTGCTTACGAAAAG	1
862	861	3	ATGAGGGAATTGCTTACGAAAAGG	1
863	862	3	TGAGGGAATTGCTTACGAAAAGGC	1
864	863	3	GAGGGAATTGCTTACGAAAAGGCT	1
865	864	3	AGGGAATTGCTTACGAAAAGGCTC	1
866	865	3	GGGAATTGCTTACGAAAAGGCTCT	1
867	866	4	GGAATTGCTTACGAAAAGGCTCTC	1
868	867	4	GAATTGCTTACGAAAAGGCTCTCA	1
869	868	4	AATTGCTTACGAAAAGGCTCTCAA	1
870	869	4	ATTGCTTACGAAAAGGCTCTCAAA	1
871	870	4	TTGCTTACGAAAAGGCTCTCAAAG	1
872	871	4	TGCTTACGAAAAGGCTCTCAAAGC	1
873	872	4	GCTTACGAAAAGGCTCTCAAAGCC	1
874	873	4	CTTACGAAAAGGCTCTCAAAGCCG	1
875	874	4	TTACGAAAAGGCTCTCAAAGCCGC	1
876	875	4	TACGAAAAGGCTCTCAAAGCCGCT	1
877	876	4	ACGAAAAGGCTCTCAAAGCCGCTG	1
878	877	4	CGAAAAGGCTCTCAAAGCCGCTGG	1
879	878	4	GAAAAGGCTCTCAAAGCCGCTGGA	1
880	879	5	AAAAGGCTCTCAAAGCCGCTGGAA	1
881	880	5	AAAGGCTCTCAAAGCCGCTGGAAA	1
882	881	5	AAGGCTCTCAAAGCCGCTGGAAAC	1
883	882	5	AGGCTCTCAAAGCCGCTGGAAACG	1
884	883	5	GGCTCTCAAAGCCGCTGGAAACGA	1
885	884	4	GCTCTCAAAGCCGCTGGAAACGAA	1
886	885	4	CTCTCAAAGCCGCTGGAAACGAAA	1
887	886	4	TCTCAAAGCCGCTGGAAACGAAAC	1
888	887	4	CTCAAAGCCGCTGGAAACGAAACT	1
889	888	4	TCAAAGCCGCTGGAAACGAAACTC	1
890	889	4	CAAAGCCGCTGGAAACGAAACTCG	1
891	890	4	AAAGCCGCTGGAAACGAAACTCGT	1
892	891	3	AAGCCGCTGGAAACGAAACTCGTC	1
893	892	2	AGCCGCTGGAAACGAAACTCGTCT	1
894	893	2	GCCGCTGGAAACGAAACTCGTCTC	1
895	894	2	CCGCTGGAAACGAAACTCGTCTCA	1
896	895	2	CGCTGGAAACGAAACTCGTCTCAT	1
897	896	2	GCTGGAAACGAAACTCGTCTCATT	1
898	897	2	CTGGAAACGAAACTCGTCTCATTG	1
899	898	2	TGGAAACGAAACTCGTCTCATTGT	1
900	899	2	GGAAACGAAACTCGTCTCATTGTA	1
901	900	2	GAAACGAAACTCGTCTCATTGTAT	1
902	901	1	AAACGAAACTCGTCTCATTGTATA	1
903	902	1	AACGAAACTCGTCTCATTGTATAT	1
904	903	1	ACGAAACTCGTCTCATTGTATATG	1
905	904	1	CGAAACTCGTCTCATTGTATATGA	1
906	905	1	GAAACTCGTCTCATTGTATATGAG	1
907	906	1	AAACTCGTCTCATTGTATATGAGG	1
908	907	1	AACTCGTCTCATTGTATATGAGGG	1
909	908	1	ACTCGTCTCATTGTATATGAGGGT	1
910	909	1	CTCGTCTCATTGTATATGAGGGTG	1
911	910	1	TCGTCTCATTGTATATGAGGGTGT	1
912	911	1	CGTCTCATTGTATATGAGGGTGTA	1
913	912	1	GTCTCATTGTATATGAGGGTGTAC	1
914	913	1	TCTCATTGTATATGAGGGTGTACC	1
915	914	1	CTCATTGTATATGAGGGTGTACCA	1
916	915	1	TCATTGTATATGAGGGTGTACCAC	1
917	916	1	CATTGTATATGAGGGTGTACCACA	1
918	917	1	ATTGTATATGAGGGTGTACCACAT	1
919	918	1	TTGTATATGAGGGTGTACCACATT	1
920	919	1	TGTATATGAGGGTGTACCACATTG	1
921	920	1	GTATATGAGGGTGTACCACATTGC	1
922	921	1	TATATGAGGGTGTACCACATTGCT	1
923	922	1	ATATGAGGGTGTACCACATTGCTT	1
