Component 606
1	-1	0	GATGTGTTTGAGGCCCTCACTAAC	1
2	1	1	ATGTGTTTGAGGCCCTCACTAACA	1
3	2	1	TGTGTTTGAGGCCCTCACTAACAG	1
4	3	1	GTGTTTGAGGCCCTCACTAACAGC	1
5	4	1	TGTTTGAGGCCCTCACTAACAGCG	1
6	5	1	GTTTGAGGCCCTCACTAACAGCGG	1
7	6	1	TTTGAGGCCCTCACTAACAGCGGC	1
8	7	1	TTGAGGCCCTCACTAACAGCGGCA	1
9	8	1	TGAGGCCCTCACTAACAGCGGCAT	1
10	9	2	GAGGCCCTCACTAACAGCGGCATC	1
11	10	2	AGGCCCTCACTAACAGCGGCATCA	1
12	11	2	GGCCCTCACTAACAGCGGCATCAT	1
13	12	2	GCCCTCACTAACAGCGGCATCATC	1
14	13	2	CCCTCACTAACAGCGGCATCATCG	1
15	14	2	CCTCACTAACAGCGGCATCATCGA	1
16	15	2	CTCACTAACAGCGGCATCATCGAC	1
17	16	2	TCACTAACAGCGGCATCATCGACA	1
18	17	2	CACTAACAGCGGCATCATCGACAC	1
19	18	2	ACTAACAGCGGCATCATCGACACC	1
20	19	2	CTAACAGCGGCATCATCGACACCC	1
21	20	2	TAACAGCGGCATCATCGACACCCT	1
22	21	2	AACAGCGGCATCATCGACACCCTT	1
23	22	2	ACAGCGGCATCATCGACACCCTTA	1
24	23	2	CAGCGGCATCATCGACACCCTTAT	1
25	24	2	AGCGGCATCATCGACACCCTTATT	1
26	25	2	GCGGCATCATCGACACCCTTATTG	1
27	26	2	CGGCATCATCGACACCCTTATTGC	1
28	27	2	GGCATCATCGACACCCTTATTGCT	1
29	28	2	GCATCATCGACACCCTTATTGCTC	1
30	29	2	CATCATCGACACCCTTATTGCTCA	1
31	30	2	ATCATCGACACCCTTATTGCTCAG	1
32	31	2	TCATCGACACCCTTATTGCTCAGG	1
33	32	2	CATCGACACCCTTATTGCTCAGGG	1
34	33	2	ATCGACACCCTTATTGCTCAGGGT	1
35	34	2	TCGACACCCTTATTGCTCAGGGTA	1
36	35	2	CGACACCCTTATTGCTCAGGGTAA	1
37	36	2	GACACCCTTATTGCTCAGGGTAAG	1
38	37	2	ACACCCTTATTGCTCAGGGTAAGG	1
39	38	2	CACCCTTATTGCTCAGGGTAAGGA	1
40	39	2	ACCCTTATTGCTCAGGGTAAGGAG	1
41	40	2	CCCTTATTGCTCAGGGTAAGGAGT	1
42	41	3	CCTTATTGCTCAGGGTAAGGAGTA	1
43	42	3	CTTATTGCTCAGGGTAAGGAGTAT	1
44	43	3	TTATTGCTCAGGGTAAGGAGTATT	1
45	44	3	TATTGCTCAGGGTAAGGAGTATTT	1
46	45	2	ATTGCTCAGGGTAAGGAGTATTTG	1
47	46	2	TTGCTCAGGGTAAGGAGTATTTGT	1
48	47	3	TGCTCAGGGTAAGGAGTATTTGTT	1
49	48	3	GCTCAGGGTAAGGAGTATTTGTTT	1
50	49	3	CTCAGGGTAAGGAGTATTTGTTTG	1
51	50	3	TCAGGGTAAGGAGTATTTGTTTGT	1
52	51	3	CAGGGTAAGGAGTATTTGTTTGTC	1
53	52	3	AGGGTAAGGAGTATTTGTTTGTCA	1
54	53	2	GGGTAAGGAGTATTTGTTTGTCAG	1
55	54	2	GGTAAGGAGTATTTGTTTGTCAGC	1
56	55	2	GTAAGGAGTATTTGTTTGTCAGCA	1
57	56	2	TAAGGAGTATTTGTTTGTCAGCAA	1
58	57	2	AAGGAGTATTTGTTTGTCAGCAAC	1
59	58	2	AGGAGTATTTGTTTGTCAGCAACA	1
60	59	2	GGAGTATTTGTTTGTCAGCAACAT	1
61	60	2	GAGTATTTGTTTGTCAGCAACATT	1
62	61	2	AGTATTTGTTTGTCAGCAACATTG	1
63	62	2	GTATTTGTTTGTCAGCAACATTGA	1
64	63	2	TATTTGTTTGTCAGCAACATTGAC	1
65	64	2	ATTTGTTTGTCAGCAACATTGACA	1
66	65	2	TTTGTTTGTCAGCAACATTGACAA	1
67	66	2	TTGTTTGTCAGCAACATTGACAAC	1
68	67	2	TGTTTGTCAGCAACATTGACAACT	1
69	68	2	GTTTGTCAGCAACATTGACAACTT	1
70	69	2	TTTGTCAGCAACATTGACAACTTG	1
71	70	2	TTGTCAGCAACATTGACAACTTGG	1
72	71	2	TGTCAGCAACATTGACAACTTGGG	1
73	72	2	GTCAGCAACATTGACAACTTGGGT	1
74	73	2	TCAGCAACATTGACAACTTGGGTG	1
75	74	2	CAGCAACATTGACAACTTGGGTGC	1
76	75	2	AGCAACATTGACAACTTGGGTGCC	1
77	76	2	GCAACATTGACAACTTGGGTGCCG	1
78	77	2	CAACATTGACAACTTGGGTGCCGT	1
79	78	2	AACATTGACAACTTGGGTGCCGTT	1
80	79	2	ACATTGACAACTTGGGTGCCGTTG	1
81	80	2	CATTGACAACTTGGGTGCCGTTGT	1
82	81	2	ATTGACAACTTGGGTGCCGTTGTC	1
83	82	2	TTGACAACTTGGGTGCCGTTGTCG	1
84	83	2	TGACAACTTGGGTGCCGTTGTCGA	1
85	84	2	GACAACTTGGGTGCCGTTGTCGAC	1
86	85	1	ACAACTTGGGTGCCGTTGTCGACT	1
87	86	1	CAACTTGGGTGCCGTTGTCGACTT	1
88	87	1	AACTTGGGTGCCGTTGTCGACTTG	1
89	88	1	ACTTGGGTGCCGTTGTCGACTTGA	1
90	89	1	CTTGGGTGCCGTTGTCGACTTGAA	1
91	90	1	TTGGGTGCCGTTGTCGACTTGAAC	1
92	-1	0	ACTACCTTAACAAGCTTGCCGTCC	1
93	92	1	CTACCTTAACAAGCTTGCCGTCCT	1
94	93	1	TACCTTAACAAGCTTGCCGTCCTC	1
95	94	1	ACCTTAACAAGCTTGCCGTCCTCA	1
96	95	1	CCTTAACAAGCTTGCCGTCCTCAA	1
97	96	1	CTTAACAAGCTTGCCGTCCTCAAG	1
98	97	1	TTAACAAGCTTGCCGTCCTCAAGC	1
99	98	1	TAACAAGCTTGCCGTCCTCAAGCT	1
100	99	1	AACAAGCTTGCCGTCCTCAAGCTT	1
101	100	1	ACAAGCTTGCCGTCCTCAAGCTTA	1
102	101	1	CAAGCTTGCCGTCCTCAAGCTTAA	1
103	102	1	AAGCTTGCCGTCCTCAAGCTTAAT	1
104	103	1	AGCTTGCCGTCCTCAAGCTTAATG	1
105	104	1	GCTTGCCGTCCTCAAGCTTAATGG	1
106	105	1	CTTGCCGTCCTCAAGCTTAATGGT	1
107	106	2	TTGCCGTCCTCAAGCTTAATGGTG	1
108	107	2	TGCCGTCCTCAAGCTTAATGGTGG	1
109	108	2	GCCGTCCTCAAGCTTAATGGTGGA	1
110	109	2	CCGTCCTCAAGCTTAATGGTGGAT	1
111	110	2	CGTCCTCAAGCTTAATGGTGGATT	1
112	111	2	GTCCTCAAGCTTAATGGTGGATTG	1
113	112	2	TCCTCAAGCTTAATGGTGGATTGG	1
114	113	2	CCTCAAGCTTAATGGTGGATTGGG	1
115	114	2	CTCAAGCTTAATGGTGGATTGGGC	1
116	115	2	TCAAGCTTAATGGTGGATTGGGCA	1
117	116	2	CAAGCTTAATGGTGGATTGGGCAC	1
118	117	2	AAGCTTAATGGTGGATTGGGCACT	1
119	118	2	AGCTTAATGGTGGATTGGGCACTA	1
120	119	2	GCTTAATGGTGGATTGGGCACTAC	1
121	120	2	CTTAATGGTGGATTGGGCACTACG	1
122	121	2	TTAATGGTGGATTGGGCACTACGA	1
123	122	2	TAATGGTGGATTGGGCACTACGAT	1
124	123	2	AATGGTGGATTGGGCACTACGATG	1
125	124	2	ATGGTGGATTGGGCACTACGATGG	1
126	125	2	TGGTGGATTGGGCACTACGATGGG	1
127	126	2	GGTGGATTGGGCACTACGATGGGT	1
128	127	2	GTGGATTGGGCACTACGATGGGTT	1
129	128	2	TGGATTGGGCACTACGATGGGTTG	1
130	129	2	GGATTGGGCACTACGATGGGTTGC	1
131	130	2	GATTGGGCACTACGATGGGTTGCG	1
132	131	2	ATTGGGCACTACGATGGGTTGCGT	1
133	132	2	TTGGGCACTACGATGGGTTGCGTT	1
134	133	2	TGGGCACTACGATGGGTTGCGTTG	1
135	134	2	GGGCACTACGATGGGTTGCGTTGG	1
136	135	2	GGCACTACGATGGGTTGCGTTGGA	1
137	136	1	GCACTACGATGGGTTGCGTTGGAC	1
138	137	1	CACTACGATGGGTTGCGTTGGACC	1
139	138	1	ACTACGATGGGTTGCGTTGGACCC	1
140	139	1	CTACGATGGGTTGCGTTGGACCCA	1
141	140	1	TACGATGGGTTGCGTTGGACCCAA	1
142	141	1	ACGATGGGTTGCGTTGGACCCAAA	1
143	142	1	CGATGGGTTGCGTTGGACCCAAAT	1
144	143	1	GATGGGTTGCGTTGGACCCAAATC	1
145	144	1	ATGGGTTGCGTTGGACCCAAATCC	1
146	145	1	TGGGTTGCGTTGGACCCAAATCCA	1
147	146	1	GGGTTGCGTTGGACCCAAATCCAT	1
148	147	1	GGTTGCGTTGGACCCAAATCCATC	1
149	148	1	GTTGCGTTGGACCCAAATCCATCA	1
150	149	1	TTGCGTTGGACCCAAATCCATCAT	1
151	-1	0	CCGTTGTCGACTTGAACATCTTGA	1
152	151	1	CGTTGTCGACTTGAACATCTTGAA	1
153	152	1	GTTGTCGACTTGAACATCTTGAAC	1
154	153	1	TTGTCGACTTGAACATCTTGAACC	1
155	154	1	TGTCGACTTGAACATCTTGAACCA	1
156	155	1	GTCGACTTGAACATCTTGAACCAT	1
157	156	1	TCGACTTGAACATCTTGAACCATA	1
158	157	1	CGACTTGAACATCTTGAACCATAT	1
159	158	1	GACTTGAACATCTTGAACCATATG	1
160	159	1	ACTTGAACATCTTGAACCATATGG	1
161	160	1	CTTGAACATCTTGAACCATATGGT	1
162	161	1	TTGAACATCTTGAACCATATGGTT	1
163	162	1	TGAACATCTTGAACCATATGGTTG	1
164	163	1	GAACATCTTGAACCATATGGTTGA	1
165	164	1	AACATCTTGAACCATATGGTTGAG	1
166	165	1	ACATCTTGAACCATATGGTTGAGA	1
167	166	1	CATCTTGAACCATATGGTTGAGAC	1
168	167	2	ATCTTGAACCATATGGTTGAGACC	1
169	168	2	TCTTGAACCATATGGTTGAGACCA	1
170	169	2	CTTGAACCATATGGTTGAGACCAA	1
171	170	2	TTGAACCATATGGTTGAGACCAAT	1
172	171	2	TGAACCATATGGTTGAGACCAATG	1
173	172	2	GAACCATATGGTTGAGACCAATGC	1
174	173	2	AACCATATGGTTGAGACCAATGCC	1
175	174	2	ACCATATGGTTGAGACCAATGCCG	1
176	175	2	CCATATGGTTGAGACCAATGCCGA	1
177	176	3	CATATGGTTGAGACCAATGCCGAA	1
178	177	3	ATATGGTTGAGACCAATGCCGAAT	1
179	178	3	TATGGTTGAGACCAATGCCGAATA	1
180	179	3	ATGGTTGAGACCAATGCCGAATAT	1
181	180	3	TGGTTGAGACCAATGCCGAATATC	1
182	181	3	GGTTGAGACCAATGCCGAATATCT	1
183	182	3	GTTGAGACCAATGCCGAATATCTT	1
184	183	3	TTGAGACCAATGCCGAATATCTTA	1
185	184	3	TGAGACCAATGCCGAATATCTTAT	1
186	185	3	GAGACCAATGCCGAATATCTTATG	1
187	186	3	AGACCAATGCCGAATATCTTATGG	1
188	187	3	GACCAATGCCGAATATCTTATGGA	1
189	188	3	ACCAATGCCGAATATCTTATGGAG	1
190	189	4	CCAATGCCGAATATCTTATGGAGT	1
191	190	4	CAATGCCGAATATCTTATGGAGTT	1
192	191	4	AATGCCGAATATCTTATGGAGTTG	1
193	192	4	ATGCCGAATATCTTATGGAGTTGA	1
194	193	4	TGCCGAATATCTTATGGAGTTGAC	1
195	194	4	GCCGAATATCTTATGGAGTTGACC	1
196	195	3	CCGAATATCTTATGGAGTTGACCA	1
197	196	3	CGAATATCTTATGGAGTTGACCAA	1
198	197	3	GAATATCTTATGGAGTTGACCAAC	1
199	198	3	AATATCTTATGGAGTTGACCAACA	1
200	199	3	ATATCTTATGGAGTTGACCAACAA	1
201	200	3	TATCTTATGGAGTTGACCAACAAG	1
202	201	3	ATCTTATGGAGTTGACCAACAAGA	1
203	202	3	TCTTATGGAGTTGACCAACAAGAC	1
204	203	3	CTTATGGAGTTGACCAACAAGACC	1
205	204	3	TTATGGAGTTGACCAACAAGACCA	1
206	205	3	TATGGAGTTGACCAACAAGACCAA	1
207	206	3	ATGGAGTTGACCAACAAGACCAAG	1
208	207	3	TGGAGTTGACCAACAAGACCAAGG	1
209	208	3	GGAGTTGACCAACAAGACCAAGGC	1
210	209	3	GAGTTGACCAACAAGACCAAGGCC	1
211	210	3	AGTTGACCAACAAGACCAAGGCCG	1
212	211	2	GTTGACCAACAAGACCAAGGCCGA	1
213	212	2	TTGACCAACAAGACCAAGGCCGAT	1
214	213	2	TGACCAACAAGACCAAGGCCGATG	1
215	214	2	GACCAACAAGACCAAGGCCGATGT	1
216	215	2	ACCAACAAGACCAAGGCCGATGTT	1
217	216	2	CCAACAAGACCAAGGCCGATGTTA	1
218	217	2	CAACAAGACCAAGGCCGATGTTAA	1
219	218	2	AACAAGACCAAGGCCGATGTTAAG	1
220	219	2	ACAAGACCAAGGCCGATGTTAAGG	1
221	220	1	CAAGACCAAGGCCGATGTTAAGGG	1
222	221	2	AAGACCAAGGCCGATGTTAAGGGT	1
223	222	2	AGACCAAGGCCGATGTTAAGGGTG	1
224	223	2	GACCAAGGCCGATGTTAAGGGTGG	1
225	224	2	ACCAAGGCCGATGTTAAGGGTGGT	1
226	225	2	CCAAGGCCGATGTTAAGGGTGGTA	1
227	226	2	CAAGGCCGATGTTAAGGGTGGTAC	1
228	227	2	AAGGCCGATGTTAAGGGTGGTACT	1
229	228	2	AGGCCGATGTTAAGGGTGGTACTT	1
230	229	2	GGCCGATGTTAAGGGTGGTACTTT	1
231	230	3	GCCGATGTTAAGGGTGGTACTTTG	1
232	231	3	CCGATGTTAAGGGTGGTACTTTGA	1
233	232	3	CGATGTTAAGGGTGGTACTTTGAT	1
234	233	2	GATGTTAAGGGTGGTACTTTGATT	1
235	234	2	ATGTTAAGGGTGGTACTTTGATTG	1
236	235	2	TGTTAAGGGTGGTACTTTGATTGA	1
237	236	2	GTTAAGGGTGGTACTTTGATTGAT	1
238	237	2	TTAAGGGTGGTACTTTGATTGATT	1
239	238	2	TAAGGGTGGTACTTTGATTGATTA	1
240	239	2	AAGGGTGGTACTTTGATTGATTAT	1
241	240	2	AGGGTGGTACTTTGATTGATTATG	1
242	241	2	GGGTGGTACTTTGATTGATTATGA	1
243	242	2	GGTGGTACTTTGATTGATTATGAT	1
244	243	2	GTGGTACTTTGATTGATTATGATG	1
245	244	2	TGGTACTTTGATTGATTATGATGG	1
246	245	2	GGTACTTTGATTGATTATGATGGT	1
247	246	2	GTACTTTGATTGATTATGATGGTA	1
248	247	2	TACTTTGATTGATTATGATGGTAA	1
249	248	2	ACTTTGATTGATTATGATGGTAAC	1
250	249	2	CTTTGATTGATTATGATGGTAACG	1
251	250	2	TTTGATTGATTATGATGGTAACGT	1
252	251	2	TTGATTGATTATGATGGTAACGTT	1
253	252	2	TGATTGATTATGATGGTAACGTTC	1
254	253	2	GATTGATTATGATGGTAACGTTCG	1
255	254	2	ATTGATTATGATGGTAACGTTCGT	1
256	255	2	TTGATTATGATGGTAACGTTCGTC	1
257	256	2	TGATTATGATGGTAACGTTCGTCT	1
258	257	2	GATTATGATGGTAACGTTCGTCTT	1
259	258	2	ATTATGATGGTAACGTTCGTCTTC	1
260	259	2	TTATGATGGTAACGTTCGTCTTCT	1
261	260	2	TATGATGGTAACGTTCGTCTTCTT	1
262	261	2	ATGATGGTAACGTTCGTCTTCTTG	1
263	262	2	TGATGGTAACGTTCGTCTTCTTGA	1
264	263	2	GATGGTAACGTTCGTCTTCTTGAG	1
265	264	2	ATGGTAACGTTCGTCTTCTTGAGA	1
266	265	1	TGGTAACGTTCGTCTTCTTGAGAT	1
267	266	1	GGTAACGTTCGTCTTCTTGAGATT	1
268	267	1	GTAACGTTCGTCTTCTTGAGATTG	1
269	268	1	TAACGTTCGTCTTCTTGAGATTGC	1
270	269	2	AACGTTCGTCTTCTTGAGATTGCT	1
271	270	2	ACGTTCGTCTTCTTGAGATTGCTC	1
272	271	2	CGTTCGTCTTCTTGAGATTGCTCA	1
273	272	2	GTTCGTCTTCTTGAGATTGCTCAA	1
274	273	2	TTCGTCTTCTTGAGATTGCTCAAG	1
275	274	1	TCGTCTTCTTGAGATTGCTCAAGT	1
276	275	1	CGTCTTCTTGAGATTGCTCAAGTT	1
277	276	1	GTCTTCTTGAGATTGCTCAAGTTC	1
278	277	1	TCTTCTTGAGATTGCTCAAGTTCC	1
279	278	1	CTTCTTGAGATTGCTCAAGTTCCT	1
280	279	1	TTCTTGAGATTGCTCAAGTTCCTC	1
281	280	1	TCTTGAGATTGCTCAAGTTCCTCC	1
282	281	1	CTTGAGATTGCTCAAGTTCCTCCT	1
283	282	1	TTGAGATTGCTCAAGTTCCTCCTC	1
284	283	3	TGAGATTGCTCAAGTTCCTCCTCA	1
285	284	3	GAGATTGCTCAAGTTCCTCCTCAA	1
286	285	3	AGATTGCTCAAGTTCCTCCTCAAC	1
287	286	3	GATTGCTCAAGTTCCTCCTCAACA	1
288	287	3	ATTGCTCAAGTTCCTCCTCAACAC	1
289	288	3	TTGCTCAAGTTCCTCCTCAACACG	1
290	289	3	TGCTCAAGTTCCTCCTCAACACGT	1
291	290	3	GCTCAAGTTCCTCCTCAACACGTG	1
292	291	3	CTCAAGTTCCTCCTCAACACGTGG	1
293	292	3	TCAAGTTCCTCCTCAACACGTGGA	1
294	293	3	CAAGTTCCTCCTCAACACGTGGAG	1
295	294	3	AAGTTCCTCCTCAACACGTGGAGG	1
296	295	3	AGTTCCTCCTCAACACGTGGAGGA	1
297	296	3	GTTCCTCCTCAACACGTGGAGGAA	1
298	297	4	TTCCTCCTCAACACGTGGAGGAAT	1
299	298	5	TCCTCCTCAACACGTGGAGGAATT	1
300	299	5	CCTCCTCAACACGTGGAGGAATTT	1
301	300	5	CTCCTCAACACGTGGAGGAATTTA	1
302	301	5	TCCTCAACACGTGGAGGAATTTAA	1
303	302	5	CCTCAACACGTGGAGGAATTTAAG	1
304	303	5	CTCAACACGTGGAGGAATTTAAGT	1
305	304	5	TCAACACGTGGAGGAATTTAAGTC	1
306	305	5	CAACACGTGGAGGAATTTAAGTCT	1
307	306	5	AACACGTGGAGGAATTTAAGTCTA	1
308	307	5	ACACGTGGAGGAATTTAAGTCTAT	1
309	308	5	CACGTGGAGGAATTTAAGTCTATC	1
310	309	5	ACGTGGAGGAATTTAAGTCTATCA	1
311	310	5	CGTGGAGGAATTTAAGTCTATCAA	1
312	311	5	GTGGAGGAATTTAAGTCTATCAAG	1
313	312	5	TGGAGGAATTTAAGTCTATCAAGA	1
314	313	4	GGAGGAATTTAAGTCTATCAAGAA	1
315	314	4	GAGGAATTTAAGTCTATCAAGAAG	1
316	315	4	AGGAATTTAAGTCTATCAAGAAGT	1
317	316	4	GGAATTTAAGTCTATCAAGAAGTT	1
318	317	4	GAATTTAAGTCTATCAAGAAGTTC	1
319	318	4	AATTTAAGTCTATCAAGAAGTTCA	1
320	319	4	ATTTAAGTCTATCAAGAAGTTCAA	1
321	320	4	TTTAAGTCTATCAAGAAGTTCAAG	1
322	321	4	TTAAGTCTATCAAGAAGTTCAAGT	1
323	322	4	TAAGTCTATCAAGAAGTTCAAGTA	1
324	323	4	AAGTCTATCAAGAAGTTCAAGTAC	1
325	324	4	AGTCTATCAAGAAGTTCAAGTACT	1
326	325	4	GTCTATCAAGAAGTTCAAGTACTT	1
327	326	5	TCTATCAAGAAGTTCAAGTACTTC	1
328	327	3	CTATCAAGAAGTTCAAGTACTTCA	1
329	328	3	TATCAAGAAGTTCAAGTACTTCAA	1
330	329	3	ATCAAGAAGTTCAAGTACTTCAAC	1
331	330	3	TCAAGAAGTTCAAGTACTTCAACA	1
332	331	3	CAAGAAGTTCAAGTACTTCAACAC	1
333	332	3	AAGAAGTTCAAGTACTTCAACACC	1
334	333	3	AGAAGTTCAAGTACTTCAACACCA	1
335	334	3	GAAGTTCAAGTACTTCAACACCAA	1
336	335	3	AAGTTCAAGTACTTCAACACCAAT	1
337	336	3	AGTTCAAGTACTTCAACACCAATA	1
338	337	3	GTTCAAGTACTTCAACACCAATAA	1
339	338	3	TTCAAGTACTTCAACACCAATAAC	1
340	339	3	TCAAGTACTTCAACACCAATAACC	1
341	340	4	CAAGTACTTCAACACCAATAACCT	1
342	341	3	AAGTACTTCAACACCAATAACCTT	1
343	342	3	AGTACTTCAACACCAATAACCTTT	1
344	343	3	GTACTTCAACACCAATAACCTTTG	1
345	344	3	TACTTCAACACCAATAACCTTTGG	1
346	345	3	ACTTCAACACCAATAACCTTTGGT	1
347	346	3	CTTCAACACCAATAACCTTTGGTT	1
348	347	3	TTCAACACCAATAACCTTTGGTTC	1
349	348	3	TCAACACCAATAACCTTTGGTTCC	1
350	349	3	CAACACCAATAACCTTTGGTTCCA	1
351	350	4	AACACCAATAACCTTTGGTTCCAT	1
352	351	4	ACACCAATAACCTTTGGTTCCATC	1
353	352	4	CACCAATAACCTTTGGTTCCATCT	1
354	353	5	ACCAATAACCTTTGGTTCCATCTT	1
355	354	5	CCAATAACCTTTGGTTCCATCTTC	1
356	355	5	CAATAACCTTTGGTTCCATCTTCC	1
357	356	5	AATAACCTTTGGTTCCATCTTCCC	1
358	357	5	ATAACCTTTGGTTCCATCTTCCCT	1
359	358	5	TAACCTTTGGTTCCATCTTCCCTC	1
360	359	5	AACCTTTGGTTCCATCTTCCCTCT	1
361	360	5	ACCTTTGGTTCCATCTTCCCTCTG	1
362	361	5	CCTTTGGTTCCATCTTCCCTCTGT	1
363	362	6	CTTTGGTTCCATCTTCCCTCTGTT	1
364	363	6	TTTGGTTCCATCTTCCCTCTGTTA	1
365	364	6	TTGGTTCCATCTTCCCTCTGTTAA	1
366	365	6	TGGTTCCATCTTCCCTCTGTTAAG	1
367	366	6	GGTTCCATCTTCCCTCTGTTAAGC	1
368	367	6	GTTCCATCTTCCCTCTGTTAAGCG	1
369	368	6	TTCCATCTTCCCTCTGTTAAGCGT	1
370	369	6	TCCATCTTCCCTCTGTTAAGCGTG	1
371	370	5	CCATCTTCCCTCTGTTAAGCGTGT	1
372	371	5	CATCTTCCCTCTGTTAAGCGTGTT	1
373	372	5	ATCTTCCCTCTGTTAAGCGTGTTG	1
374	373	5	TCTTCCCTCTGTTAAGCGTGTTGT	1
375	374	5	CTTCCCTCTGTTAAGCGTGTTGTC	1
376	375	6	TTCCCTCTGTTAAGCGTGTTGTCA	1
377	376	6	TCCCTCTGTTAAGCGTGTTGTCAA	1
378	377	6	CCCTCTGTTAAGCGTGTTGTCAAC	1
379	378	6	CCTCTGTTAAGCGTGTTGTCAACA	1
380	379	6	CTCTGTTAAGCGTGTTGTCAACAA	1
381	380	6	TCTGTTAAGCGTGTTGTCAACAAT	1
382	381	6	CTGTTAAGCGTGTTGTCAACAATC	1
383	382	6	TGTTAAGCGTGTTGTCAACAATCA	1
384	383	6	GTTAAGCGTGTTGTCAACAATCAC	1
385	384	5	TTAAGCGTGTTGTCAACAATCACG	1
386	385	5	TAAGCGTGTTGTCAACAATCACGA	1
387	386	4	AAGCGTGTTGTCAACAATCACGAG	1
388	387	4	AGCGTGTTGTCAACAATCACGAGC	1
389	388	4	GCGTGTTGTCAACAATCACGAGCT	1
390	389	4	CGTGTTGTCAACAATCACGAGCTC	1
391	390	4	GTGTTGTCAACAATCACGAGCTCA	1
392	391	4	TGTTGTCAACAATCACGAGCTCAG	1
393	392	4	GTTGTCAACAATCACGAGCTCAGC	1
394	393	4	TTGTCAACAATCACGAGCTCAGCA	1
395	394	3	TGTCAACAATCACGAGCTCAGCAT	1
396	395	3	GTCAACAATCACGAGCTCAGCATG	1
397	396	3	TCAACAATCACGAGCTCAGCATGG	1
398	397	2	CAACAATCACGAGCTCAGCATGGA	1
399	398	2	AACAATCACGAGCTCAGCATGGAG	1
400	399	2	ACAATCACGAGCTCAGCATGGAGA	1
401	400	2	CAATCACGAGCTCAGCATGGAGAT	1
402	401	2	AATCACGAGCTCAGCATGGAGATC	1
403	402	2	ATCACGAGCTCAGCATGGAGATCA	1
404	403	1	TCACGAGCTCAGCATGGAGATCAT	1
405	404	1	CACGAGCTCAGCATGGAGATCATC	1
406	405	1	ACGAGCTCAGCATGGAGATCATCC	1
407	406	1	CGAGCTCAGCATGGAGATCATCCC	1
408	407	2	GAGCTCAGCATGGAGATCATCCCC	1
409	408	2	AGCTCAGCATGGAGATCATCCCCA	1
410	409	2	GCTCAGCATGGAGATCATCCCCAA	1
411	410	2	CTCAGCATGGAGATCATCCCCAAC	1
412	411	2	TCAGCATGGAGATCATCCCCAACA	1
413	412	2	CAGCATGGAGATCATCCCCAACAA	1
414	413	2	AGCATGGAGATCATCCCCAACAAG	1
415	414	2	GCATGGAGATCATCCCCAACAAGA	1
416	415	2	CATGGAGATCATCCCCAACAAGAA	1
417	416	2	ATGGAGATCATCCCCAACAAGAAG	1
418	417	2	TGGAGATCATCCCCAACAAGAAGA	1
419	418	2	GGAGATCATCCCCAACAAGAAGAC	1
420	419	1	GAGATCATCCCCAACAAGAAGACC	1
421	420	1	AGATCATCCCCAACAAGAAGACCA	1
422	421	1	GATCATCCCCAACAAGAAGACCAT	1
423	422	1	ATCATCCCCAACAAGAAGACCATC	1
424	423	1	TCATCCCCAACAAGAAGACCATCA	1
425	424	1	CATCCCCAACAAGAAGACCATCAA	1
426	425	1	ATCCCCAACAAGAAGACCATCAAA	1
427	426	1	TCCCCAACAAGAAGACCATCAAAC	1
428	427	1	CCCCAACAAGAAGACCATCAAACA	1
429	428	2	CCCAACAAGAAGACCATCAAACAC	1
430	429	2	CCAACAAGAAGACCATCAAACACA	1
431	430	2	CAACAAGAAGACCATCAAACACAA	1
432	431	2	AACAAGAAGACCATCAAACACAAA	1
433	432	2	ACAAGAAGACCATCAAACACAAAG	1
434	433	2	CAAGAAGACCATCAAACACAAAGG	1
435	434	2	AAGAAGACCATCAAACACAAAGGT	1
436	435	2	AGAAGACCATCAAACACAAAGGTG	1
437	436	2	GAAGACCATCAAACACAAAGGTGA	1
438	437	2	AAGACCATCAAACACAAAGGTGAG	1
439	438	2	AGACCATCAAACACAAAGGTGAGA	1
440	439	3	GACCATCAAACACAAAGGTGAGAA	1
441	440	3	ACCATCAAACACAAAGGTGAGAAT	1
442	441	3	CCATCAAACACAAAGGTGAGAATA	1
443	442	4	CATCAAACACAAAGGTGAGAATAT	1
444	443	5	ATCAAACACAAAGGTGAGAATATC	1
445	444	5	TCAAACACAAAGGTGAGAATATCA	1
446	445	5	CAAACACAAAGGTGAGAATATCAA	1
447	446	7	AAACACAAAGGTGAGAATATCAAT	1
448	447	7	AACACAAAGGTGAGAATATCAATA	1
449	448	7	ACACAAAGGTGAGAATATCAATAT	1
450	449	7	CACAAAGGTGAGAATATCAATATC	1
451	450	8	ACAAAGGTGAGAATATCAATATCA	1
452	451	7	CAAAGGTGAGAATATCAATATCAT	1
453	452	8	AAAGGTGAGAATATCAATATCATT	1
454	453	8	AAGGTGAGAATATCAATATCATTC	1
455	454	8	AGGTGAGAATATCAATATCATTCA	1
456	455	8	GGTGAGAATATCAATATCATTCAA	1
457	456	8	GTGAGAATATCAATATCATTCAAT	1
458	457	9	TGAGAATATCAATATCATTCAATT	1
459	458	10	GAGAATATCAATATCATTCAATTG	1
460	459	10	AGAATATCAATATCATTCAATTGG	1
461	460	10	GAATATCAATATCATTCAATTGGA	1
462	461	10	AATATCAATATCATTCAATTGGAA	1
463	462	10	ATATCAATATCATTCAATTGGAAA	1
464	463	10	TATCAATATCATTCAATTGGAAAC	1
465	464	10	ATCAATATCATTCAATTGGAAACT	1
466	465	10	TCAATATCATTCAATTGGAAACTG	1
467	466	10	CAATATCATTCAATTGGAAACTGC	1
468	467	10	AATATCATTCAATTGGAAACTGCC	1
469	468	10	ATATCATTCAATTGGAAACTGCCG	1
470	469	10	TATCATTCAATTGGAAACTGCCGC	1
471	470	10	ATCATTCAATTGGAAACTGCCGCT	1
472	471	10	TCATTCAATTGGAAACTGCCGCTG	1
473	472	9	CATTCAATTGGAAACTGCCGCTGG	1
474	473	9	ATTCAATTGGAAACTGCCGCTGGT	1
475	474	9	TTCAATTGGAAACTGCCGCTGGTG	1
476	475	9	TCAATTGGAAACTGCCGCTGGTGC	1
477	476	9	CAATTGGAAACTGCCGCTGGTGCC	1
478	477	9	AATTGGAAACTGCCGCTGGTGCCG	1
479	478	9	ATTGGAAACTGCCGCTGGTGCCGC	1
480	479	9	TTGGAAACTGCCGCTGGTGCCGCT	1
481	480	9	TGGAAACTGCCGCTGGTGCCGCTA	1
482	481	9	GGAAACTGCCGCTGGTGCCGCTAT	1
483	482	9	GAAACTGCCGCTGGTGCCGCTATC	1
484	483	9	AAACTGCCGCTGGTGCCGCTATCC	1
485	484	9	AACTGCCGCTGGTGCCGCTATCCG	1
486	485	9	ACTGCCGCTGGTGCCGCTATCCGT	1
487	486	8	CTGCCGCTGGTGCCGCTATCCGTC	1
488	487	7	TGCCGCTGGTGCCGCTATCCGTCA	1
489	488	7	GCCGCTGGTGCCGCTATCCGTCAT	1
490	489	8	CCGCTGGTGCCGCTATCCGTCATT	1
491	490	6	CGCTGGTGCCGCTATCCGTCATTT	1
492	491	6	GCTGGTGCCGCTATCCGTCATTTT	1
493	492	6	CTGGTGCCGCTATCCGTCATTTTA	1
494	493	6	TGGTGCCGCTATCCGTCATTTTAA	1
495	494	5	GGTGCCGCTATCCGTCATTTTAAG	1
496	495	6	GTGCCGCTATCCGTCATTTTAAGA	1
497	496	5	TGCCGCTATCCGTCATTTTAAGAA	1
498	497	5	GCCGCTATCCGTCATTTTAAGAAC	1
499	498	5	CCGCTATCCGTCATTTTAAGAACG	1
500	499	5	CGCTATCCGTCATTTTAAGAACGC	1
501	500	5	GCTATCCGTCATTTTAAGAACGCC	1
502	501	4	CTATCCGTCATTTTAAGAACGCCC	1
503	502	3	TATCCGTCATTTTAAGAACGCCCA	1
504	503	3	ATCCGTCATTTTAAGAACGCCCAC	1
505	504	3	TCCGTCATTTTAAGAACGCCCACG	1
506	505	3	CCGTCATTTTAAGAACGCCCACGG	1
507	506	3	CGTCATTTTAAGAACGCCCACGGT	1
508	507	3	GTCATTTTAAGAACGCCCACGGTG	1
509	508	3	TCATTTTAAGAACGCCCACGGTGT	1
510	509	3	CATTTTAAGAACGCCCACGGTGTT	1
511	510	3	ATTTTAAGAACGCCCACGGTGTTA	1
512	511	3	TTTTAAGAACGCCCACGGTGTTAA	1
513	512	3	TTTAAGAACGCCCACGGTGTTAAC	1
514	513	2	TTAAGAACGCCCACGGTGTTAACG	1
515	514	2	TAAGAACGCCCACGGTGTTAACGT	1
516	515	2	AAGAACGCCCACGGTGTTAACGTC	1
517	516	2	AGAACGCCCACGGTGTTAACGTCC	1
518	517	2	GAACGCCCACGGTGTTAACGTCCC	1
519	518	2	AACGCCCACGGTGTTAACGTCCCT	1
520	519	2	ACGCCCACGGTGTTAACGTCCCTA	1
521	520	2	CGCCCACGGTGTTAACGTCCCTAG	1
522	521	2	GCCCACGGTGTTAACGTCCCTAGA	1
523	522	2	CCCACGGTGTTAACGTCCCTAGAA	1
524	523	2	CCACGGTGTTAACGTCCCTAGAAG	1
525	524	3	CACGGTGTTAACGTCCCTAGAAGA	1
526	525	3	ACGGTGTTAACGTCCCTAGAAGAC	1
527	526	3	CGGTGTTAACGTCCCTAGAAGACG	1
528	527	3	GGTGTTAACGTCCCTAGAAGACGT	1
529	528	3	GTGTTAACGTCCCTAGAAGACGTT	1
530	529	4	TGTTAACGTCCCTAGAAGACGTTT	1
531	530	4	GTTAACGTCCCTAGAAGACGTTTC	1
532	531	4	TTAACGTCCCTAGAAGACGTTTCT	1
533	532	4	TAACGTCCCTAGAAGACGTTTCTT	1
534	533	3	AACGTCCCTAGAAGACGTTTCTTA	1
535	534	3	ACGTCCCTAGAAGACGTTTCTTAC	1
536	535	3	CGTCCCTAGAAGACGTTTCTTACC	1
537	536	4	GTCCCTAGAAGACGTTTCTTACCC	1
538	537	4	TCCCTAGAAGACGTTTCTTACCCG	1
539	538	3	CCCTAGAAGACGTTTCTTACCCGT	1
540	539	3	CCTAGAAGACGTTTCTTACCCGTC	1
541	540	3	CTAGAAGACGTTTCTTACCCGTCA	1
542	541	3	TAGAAGACGTTTCTTACCCGTCAA	1
543	542	3	AGAAGACGTTTCTTACCCGTCAAA	1
544	543	3	GAAGACGTTTCTTACCCGTCAAAA	1
545	544	3	AAGACGTTTCTTACCCGTCAAAAC	1
546	545	3	AGACGTTTCTTACCCGTCAAAACC	1
547	546	3	GACGTTTCTTACCCGTCAAAACCT	1
548	547	3	ACGTTTCTTACCCGTCAAAACCTG	1
549	548	3	CGTTTCTTACCCGTCAAAACCTGC	1
550	549	3	GTTTCTTACCCGTCAAAACCTGCT	1
551	550	3	TTTCTTACCCGTCAAAACCTGCTC	1
552	551	3	TTCTTACCCGTCAAAACCTGCTCT	1
553	552	3	TCTTACCCGTCAAAACCTGCTCTG	1
554	553	3	CTTACCCGTCAAAACCTGCTCTGA	1
555	554	3	TTACCCGTCAAAACCTGCTCTGAC	1
556	555	3	TACCCGTCAAAACCTGCTCTGACT	1
557	556	3	ACCCGTCAAAACCTGCTCTGACTT	1
558	557	3	CCCGTCAAAACCTGCTCTGACTTA	1
559	558	3	CCGTCAAAACCTGCTCTGACTTAC	1
560	559	3	CGTCAAAACCTGCTCTGACTTACT	1
561	560	3	GTCAAAACCTGCTCTGACTTACTT	1
562	561	3	TCAAAACCTGCTCTGACTTACTTC	1
563	562	3	CAAAACCTGCTCTGACTTACTTCT	1
564	563	3	AAAACCTGCTCTGACTTACTTCTC	1
565	564	3	AAACCTGCTCTGACTTACTTCTCG	1
566	565	3	AACCTGCTCTGACTTACTTCTCGT	1
567	566	4	ACCTGCTCTGACTTACTTCTCGTC	1
568	567	4	CCTGCTCTGACTTACTTCTCGTCA	1
569	568	3	CTGCTCTGACTTACTTCTCGTCAA	1
570	569	3	TGCTCTGACTTACTTCTCGTCAAG	1
571	570	3	GCTCTGACTTACTTCTCGTCAAGT	1
572	571	3	CTCTGACTTACTTCTCGTCAAGTC	1
573	572	3	TCTGACTTACTTCTCGTCAAGTCT	1
574	573	2	CTGACTTACTTCTCGTCAAGTCTG	1
575	574	2	TGACTTACTTCTCGTCAAGTCTGA	1
576	575	2	GACTTACTTCTCGTCAAGTCTGAC	1
577	576	2	ACTTACTTCTCGTCAAGTCTGACC	1
578	577	2	CTTACTTCTCGTCAAGTCTGACCT	1
579	578	2	TTACTTCTCGTCAAGTCTGACCTC	1
580	579	2	TACTTCTCGTCAAGTCTGACCTCT	1
581	580	1	ACTTCTCGTCAAGTCTGACCTCTA	1
582	581	1	CTTCTCGTCAAGTCTGACCTCTAT	1
583	582	1	TTCTCGTCAAGTCTGACCTCTATT	1
584	583	1	TCTCGTCAAGTCTGACCTCTATTC	1
585	584	1	CTCGTCAAGTCTGACCTCTATTCC	1
586	-1	0	AGGACGCTCGTGGCTCGGAAATCA	1
587	586	1	GGACGCTCGTGGCTCGGAAATCAA	1
588	587	2	GACGCTCGTGGCTCGGAAATCAAC	1
589	588	2	ACGCTCGTGGCTCGGAAATCAACT	1
590	589	2	CGCTCGTGGCTCGGAAATCAACTG	1
591	590	2	GCTCGTGGCTCGGAAATCAACTGG	1
592	591	4	CTCGTGGCTCGGAAATCAACTGGG	1
593	592	5	TCGTGGCTCGGAAATCAACTGGGA	1
594	593	5	CGTGGCTCGGAAATCAACTGGGAC	1
595	594	5	GTGGCTCGGAAATCAACTGGGACC	1
596	595	5	TGGCTCGGAAATCAACTGGGACCT	1
597	596	5	GGCTCGGAAATCAACTGGGACCTT	1
598	597	5	GCTCGGAAATCAACTGGGACCTTG	1
599	598	5	CTCGGAAATCAACTGGGACCTTGT	1
600	599	5	TCGGAAATCAACTGGGACCTTGTA	1
601	600	6	CGGAAATCAACTGGGACCTTGTAG	1
602	601	6	GGAAATCAACTGGGACCTTGTAGA	1
603	602	6	GAAATCAACTGGGACCTTGTAGAG	1
604	603	7	AAATCAACTGGGACCTTGTAGAGT	1
605	604	7	AATCAACTGGGACCTTGTAGAGTC	1
606	605	6	ATCAACTGGGACCTTGTAGAGTCT	1
607	606	6	TCAACTGGGACCTTGTAGAGTCTC	1
608	607	6	CAACTGGGACCTTGTAGAGTCTCC	1
609	608	6	AACTGGGACCTTGTAGAGTCTCCC	1
610	609	6	ACTGGGACCTTGTAGAGTCTCCCA	1
611	610	6	CTGGGACCTTGTAGAGTCTCCCAA	1
612	611	6	TGGGACCTTGTAGAGTCTCCCAAG	1
613	612	6	GGGACCTTGTAGAGTCTCCCAAGC	1
614	613	6	GGACCTTGTAGAGTCTCCCAAGCC	1
615	614	6	GACCTTGTAGAGTCTCCCAAGCCC	1
616	615	6	ACCTTGTAGAGTCTCCCAAGCCCG	1
617	616	6	CCTTGTAGAGTCTCCCAAGCCCGA	1
618	617	6	CTTGTAGAGTCTCCCAAGCCCGAG	1
619	618	6	TTGTAGAGTCTCCCAAGCCCGAGC	1
620	619	6	TGTAGAGTCTCCCAAGCCCGAGCA	1
621	620	6	GTAGAGTCTCCCAAGCCCGAGCAA	1
622	621	6	TAGAGTCTCCCAAGCCCGAGCAAG	1
623	622	7	AGAGTCTCCCAAGCCCGAGCAAGT	1
624	623	7	GAGTCTCCCAAGCCCGAGCAAGTC	1
625	624	7	AGTCTCCCAAGCCCGAGCAAGTCG	1
626	625	8	GTCTCCCAAGCCCGAGCAAGTCGT	1
627	626	9	TCTCCCAAGCCCGAGCAAGTCGTC	1
628	627	9	CTCCCAAGCCCGAGCAAGTCGTCG	1
629	628	10	TCCCAAGCCCGAGCAAGTCGTCGA	1
630	629	10	CCCAAGCCCGAGCAAGTCGTCGAA	1
631	630	11	CCAAGCCCGAGCAAGTCGTCGAAT	1
632	631	9	CAAGCCCGAGCAAGTCGTCGAATA	1
633	632	9	AAGCCCGAGCAAGTCGTCGAATAC	1
634	633	9	AGCCCGAGCAAGTCGTCGAATACG	1
635	634	10	GCCCGAGCAAGTCGTCGAATACGA	1
636	635	9	CCCGAGCAAGTCGTCGAATACGAT	1
637	636	8	CCGAGCAAGTCGTCGAATACGATA	1
638	637	8	CGAGCAAGTCGTCGAATACGATAC	1
639	638	8	GAGCAAGTCGTCGAATACGATACC	1
640	639	9	AGCAAGTCGTCGAATACGATACCA	1
641	640	9	GCAAGTCGTCGAATACGATACCAT	1
642	641	9	CAAGTCGTCGAATACGATACCATT	1
643	642	9	AAGTCGTCGAATACGATACCATTA	1
644	643	9	AGTCGTCGAATACGATACCATTAC	1
645	644	8	GTCGTCGAATACGATACCATTACC	1
646	645	8	TCGTCGAATACGATACCATTACCG	1
647	646	8	CGTCGAATACGATACCATTACCGA	1
648	647	7	GTCGAATACGATACCATTACCGAG	1
649	648	7	TCGAATACGATACCATTACCGAGG	1
650	649	7	CGAATACGATACCATTACCGAGGC	1
651	650	7	GAATACGATACCATTACCGAGGCG	1
652	651	7	AATACGATACCATTACCGAGGCGG	1
653	652	7	ATACGATACCATTACCGAGGCGGG	1
654	653	7	TACGATACCATTACCGAGGCGGGC	1
655	654	7	ACGATACCATTACCGAGGCGGGCG	1
656	655	7	CGATACCATTACCGAGGCGGGCGG	1
657	656	7	GATACCATTACCGAGGCGGGCGGC	1
658	657	7	ATACCATTACCGAGGCGGGCGGCC	1
659	658	7	TACCATTACCGAGGCGGGCGGCCT	1
660	659	7	ACCATTACCGAGGCGGGCGGCCTG	1
661	660	7	CCATTACCGAGGCGGGCGGCCTGT	1
662	661	7	CATTACCGAGGCGGGCGGCCTGTC	1
663	662	7	ATTACCGAGGCGGGCGGCCTGTCT	1
664	663	7	TTACCGAGGCGGGCGGCCTGTCTC	1
665	664	7	TACCGAGGCGGGCGGCCTGTCTCG	1
666	665	7	ACCGAGGCGGGCGGCCTGTCTCGT	1
667	666	6	CCGAGGCGGGCGGCCTGTCTCGTG	1
668	667	5	CGAGGCGGGCGGCCTGTCTCGTGA	1
669	668	5	GAGGCGGGCGGCCTGTCTCGTGAC	1
670	669	3	AGGCGGGCGGCCTGTCTCGTGACT	1
671	670	3	GGCGGGCGGCCTGTCTCGTGACTA	1
672	671	3	GCGGGCGGCCTGTCTCGTGACTAC	1
673	672	2	CGGGCGGCCTGTCTCGTGACTACC	1
674	673	2	GGGCGGCCTGTCTCGTGACTACCT	1
675	674	2	GGCGGCCTGTCTCGTGACTACCTT	1
676	675	2	GCGGCCTGTCTCGTGACTACCTTA	1
677	676	2	CGGCCTGTCTCGTGACTACCTTAA	1
678	677	2	GGCCTGTCTCGTGACTACCTTAAC	1
679	678	1	GCCTGTCTCGTGACTACCTTAACA	1
680	679	1	CCTGTCTCGTGACTACCTTAACAA	1
681	680	1	CTGTCTCGTGACTACCTTAACAAG	1
682	681	1	TGTCTCGTGACTACCTTAACAAGC	1
683	682	1	GTCTCGTGACTACCTTAACAAGCT	1
684	-1	0	CCGTATTGACATTCCTAATGGTTC	1
685	684	1	CGTATTGACATTCCTAATGGTTCT	1
686	685	1	GTATTGACATTCCTAATGGTTCTG	1
687	686	1	TATTGACATTCCTAATGGTTCTGT	1
688	687	1	ATTGACATTCCTAATGGTTCTGTC	1
689	688	1	TTGACATTCCTAATGGTTCTGTCC	1
690	689	1	TGACATTCCTAATGGTTCTGTCCT	1
691	690	1	GACATTCCTAATGGTTCTGTCCTT	1
692	691	1	ACATTCCTAATGGTTCTGTCCTTG	1
693	692	1	CATTCCTAATGGTTCTGTCCTTGA	1
694	693	1	ATTCCTAATGGTTCTGTCCTTGAG	1
695	694	1	TTCCTAATGGTTCTGTCCTTGAGA	1
696	695	1	TCCTAATGGTTCTGTCCTTGAGAA	1
697	696	1	CCTAATGGTTCTGTCCTTGAGAAC	1
698	697	1	CTAATGGTTCTGTCCTTGAGAACT	1
699	698	1	TAATGGTTCTGTCCTTGAGAACTG	1
700	699	2	AATGGTTCTGTCCTTGAGAACTGT	1
701	700	2	ATGGTTCTGTCCTTGAGAACTGTG	1
702	701	2	TGGTTCTGTCCTTGAGAACTGTGT	1
703	702	2	GGTTCTGTCCTTGAGAACTGTGTC	1
704	703	2	GTTCTGTCCTTGAGAACTGTGTCA	1
705	704	2	TTCTGTCCTTGAGAACTGTGTCAT	1
706	705	2	TCTGTCCTTGAGAACTGTGTCATT	1
707	706	2	CTGTCCTTGAGAACTGTGTCATTA	1
708	707	2	TGTCCTTGAGAACTGTGTCATTAC	1
709	708	2	GTCCTTGAGAACTGTGTCATTACC	1
710	709	2	TCCTTGAGAACTGTGTCATTACCG	1
711	710	2	CCTTGAGAACTGTGTCATTACCGG	1
712	711	2	CTTGAGAACTGTGTCATTACCGGT	1
713	712	2	TTGAGAACTGTGTCATTACCGGTA	1
714	713	2	TGAGAACTGTGTCATTACCGGTAA	1
715	714	2	GAGAACTGTGTCATTACCGGTAAT	1
716	715	2	AGAACTGTGTCATTACCGGTAATC	1
717	716	2	GAACTGTGTCATTACCGGTAATCT	1
718	717	2	AACTGTGTCATTACCGGTAATCTC	1
719	718	2	ACTGTGTCATTACCGGTAATCTCA	1
720	719	2	CTGTGTCATTACCGGTAATCTCAA	1
721	720	2	TGTGTCATTACCGGTAATCTCAAT	1
722	721	2	GTGTCATTACCGGTAATCTCAATA	1
723	722	2	TGTCATTACCGGTAATCTCAATAT	1
724	723	2	GTCATTACCGGTAATCTCAATATC	1
725	724	2	TCATTACCGGTAATCTCAATATCT	1
726	725	2	CATTACCGGTAATCTCAATATCTT	1
727	726	2	ATTACCGGTAATCTCAATATCTTG	1
728	727	2	TTACCGGTAATCTCAATATCTTGG	1
729	728	1	TACCGGTAATCTCAATATCTTGGA	1
730	729	1	ACCGGTAATCTCAATATCTTGGAG	1
731	730	1	CCGGTAATCTCAATATCTTGGAGC	1
732	731	2	CGGTAATCTCAATATCTTGGAGCA	1
733	732	2	GGTAATCTCAATATCTTGGAGCAC	1
734	733	2	GTAATCTCAATATCTTGGAGCACT	1
735	734	2	TAATCTCAATATCTTGGAGCACTA	1
736	735	2	AATCTCAATATCTTGGAGCACTAA	1
737	736	2	ATCTCAATATCTTGGAGCACTAAA	1
738	737	2	TCTCAATATCTTGGAGCACTAAAT	1
739	738	2	CTCAATATCTTGGAGCACTAAATC	1
740	739	2	TCAATATCTTGGAGCACTAAATCG	1
741	740	2	CAATATCTTGGAGCACTAAATCGT	1
742	741	3	AATATCTTGGAGCACTAAATCGTC	1
743	742	3	ATATCTTGGAGCACTAAATCGTCG	1
744	743	2	TATCTTGGAGCACTAAATCGTCGC	1
745	744	2	ATCTTGGAGCACTAAATCGTCGCT	1
746	745	2	TCTTGGAGCACTAAATCGTCGCTC	1
747	746	2	CTTGGAGCACTAAATCGTCGCTCT	1
748	747	2	TTGGAGCACTAAATCGTCGCTCTT	1
749	748	2	TGGAGCACTAAATCGTCGCTCTTT	1
750	749	2	GGAGCACTAAATCGTCGCTCTTTT	1
751	750	2	GAGCACTAAATCGTCGCTCTTTTT	1
752	751	2	AGCACTAAATCGTCGCTCTTTTTT	1
753	752	2	GCACTAAATCGTCGCTCTTTTTTC	1
754	753	2	CACTAAATCGTCGCTCTTTTTTCA	1
755	754	2	ACTAAATCGTCGCTCTTTTTTCAT	1
756	755	2	CTAAATCGTCGCTCTTTTTTCATG	1
757	756	3	TAAATCGTCGCTCTTTTTTCATGA	1
758	757	3	AAATCGTCGCTCTTTTTTCATGAC	1
759	758	3	AATCGTCGCTCTTTTTTCATGACT	1
760	759	3	ATCGTCGCTCTTTTTTCATGACTT	1
761	760	3	TCGTCGCTCTTTTTTCATGACTTT	1
762	761	3	CGTCGCTCTTTTTTCATGACTTTT	1
763	762	3	GTCGCTCTTTTTTCATGACTTTTT	1
764	763	3	TCGCTCTTTTTTCATGACTTTTTC	1
765	764	3	CGCTCTTTTTTCATGACTTTTTCA	1
766	765	3	GCTCTTTTTTCATGACTTTTTCAT	1
767	766	3	CTCTTTTTTCATGACTTTTTCATT	1
768	767	4	TCTTTTTTCATGACTTTTTCATTA	1
769	768	4	CTTTTTTCATGACTTTTTCATTAC	1
770	769	4	TTTTTTCATGACTTTTTCATTACA	1
771	770	4	TTTTTCATGACTTTTTCATTACAT	1
772	771	4	TTTTCATGACTTTTTCATTACATG	1
773	772	4	TTTCATGACTTTTTCATTACATGC	1
774	773	4	TTCATGACTTTTTCATTACATGCA	1
775	774	4	TCATGACTTTTTCATTACATGCAT	1
776	775	3	CATGACTTTTTCATTACATGCATT	1
777	776	3	ATGACTTTTTCATTACATGCATTA	1
778	777	3	TGACTTTTTCATTACATGCATTAG	1
779	778	3	GACTTTTTCATTACATGCATTAGA	1
780	779	3	ACTTTTTCATTACATGCATTAGAA	1
781	780	3	CTTTTTCATTACATGCATTAGAAT	1
782	781	3	TTTTTCATTACATGCATTAGAATA	1
783	782	3	TTTTCATTACATGCATTAGAATAG	1
784	783	3	TTTCATTACATGCATTAGAATAGC	1
785	784	3	TTCATTACATGCATTAGAATAGCA	1
786	785	2	TCATTACATGCATTAGAATAGCAC	1
787	786	2	CATTACATGCATTAGAATAGCACT	1
788	787	2	ATTACATGCATTAGAATAGCACTT	1
789	788	2	TTACATGCATTAGAATAGCACTTT	1
790	789	2	TACATGCATTAGAATAGCACTTTA	1
791	790	2	ACATGCATTAGAATAGCACTTTAT	1
792	791	2	CATGCATTAGAATAGCACTTTATG	1
793	792	2	ATGCATTAGAATAGCACTTTATGG	1
794	793	1	TGCATTAGAATAGCACTTTATGGA	1
795	794	1	GCATTAGAATAGCACTTTATGGAA	1
796	795	1	CATTAGAATAGCACTTTATGGAAA	1
797	796	2	ATTAGAATAGCACTTTATGGAAAC	1
798	797	2	TTAGAATAGCACTTTATGGAAACC	1
799	798	2	TAGAATAGCACTTTATGGAAACCA	1
800	799	2	AGAATAGCACTTTATGGAAACCAC	1
801	800	1	GAATAGCACTTTATGGAAACCACA	1
802	801	1	AATAGCACTTTATGGAAACCACAA	1
803	802	1	ATAGCACTTTATGGAAACCACAAT	1
804	803	1	TAGCACTTTATGGAAACCACAATG	1
805	804	1	AGCACTTTATGGAAACCACAATGT	1
806	805	1	GCACTTTATGGAAACCACAATGTT	1
807	806	1	CACTTTATGGAAACCACAATGTTC	1
808	807	1	ACTTTATGGAAACCACAATGTTCT	1
809	808	1	CTTTATGGAAACCACAATGTTCTT	1
810	809	1	TTTATGGAAACCACAATGTTCTTT	1
811	810	1	TTATGGAAACCACAATGTTCTTTT	1
812	811	1	TATGGAAACCACAATGTTCTTTTT	1
813	812	1	ATGGAAACCACAATGTTCTTTTTA	1
814	813	1	TGGAAACCACAATGTTCTTTTTAT	1
815	814	1	GGAAACCACAATGTTCTTTTTATA	1
816	815	1	GAAACCACAATGTTCTTTTTATAT	1
817	816	1	AAACCACAATGTTCTTTTTATATA	1
818	817	1	AACCACAATGTTCTTTTTATATAC	1
819	818	1	ACCACAATGTTCTTTTTATATACA	1
820	819	1	CCACAATGTTCTTTTTATATACAG	1
821	820	1	CACAATGTTCTTTTTATATACAGA	1
822	821	1	ACAATGTTCTTTTTATATACAGAA	1
823	822	1	CAATGTTCTTTTTATATACAGAAA	1
824	823	1	AATGTTCTTTTTATATACAGAAAT	1
825	824	1	ATGTTCTTTTTATATACAGAAATG	1
826	825	1	TGTTCTTTTTATATACAGAAATGT	1
827	826	1	GTTCTTTTTATATACAGAAATGTG	1
828	827	1	TTCTTTTTATATACAGAAATGTGT	1
829	828	1	TCTTTTTATATACAGAAATGTGTT	1
830	829	1	CTTTTTATATACAGAAATGTGTTG	1
831	830	1	TTTTTATATACAGAAATGTGTTGA	1
832	831	1	TTTTATATACAGAAATGTGTTGAC	1
833	832	1	TTTATATACAGAAATGTGTTGACG	1
834	833	1	TTATATACAGAAATGTGTTGACGA	1
835	834	1	TATATACAGAAATGTGTTGACGAG	1
836	835	1	ATATACAGAAATGTGTTGACGAGA	1
837	836	1	TATACAGAAATGTGTTGACGAGAT	1
838	837	1	ATACAGAAATGTGTTGACGAGATC	1
839	838	1	TACAGAAATGTGTTGACGAGATCA	1
840	839	1	ACAGAAATGTGTTGACGAGATCAG	1
841	-1	0	AACAAACATTGAAATTGTTTGTTT	1
842	841	1	ACAAACATTGAAATTGTTTGTTTT	1
843	842	1	CAAACATTGAAATTGTTTGTTTTA	1
844	843	4	AAACATTGAAATTGTTTGTTTTAG	1
845	844	4	AACATTGAAATTGTTTGTTTTAGA	1
846	845	4	ACATTGAAATTGTTTGTTTTAGAG	1
847	846	4	CATTGAAATTGTTTGTTTTAGAGG	1
848	847	4	ATTGAAATTGTTTGTTTTAGAGGT	1
849	848	4	TTGAAATTGTTTGTTTTAGAGGTT	1
850	849	4	TGAAATTGTTTGTTTTAGAGGTTT	1
851	850	7	GAAATTGTTTGTTTTAGAGGTTTA	1
852	851	8	AAATTGTTTGTTTTAGAGGTTTAA	1
853	852	8	AATTGTTTGTTTTAGAGGTTTAAA	1
854	853	9	ATTGTTTGTTTTAGAGGTTTAAAG	1
855	854	9	TTGTTTGTTTTAGAGGTTTAAAGA	1
856	855	9	TGTTTGTTTTAGAGGTTTAAAGAG	1
857	856	9	GTTTGTTTTAGAGGTTTAAAGAGA	1
858	857	10	TTTGTTTTAGAGGTTTAAAGAGAA	1
859	858	12	TTGTTTTAGAGGTTTAAAGAGAAC	1
860	859	14	TGTTTTAGAGGTTTAAAGAGAACG	1
861	860	14	GTTTTAGAGGTTTAAAGAGAACGT	1
862	861	14	TTTTAGAGGTTTAAAGAGAACGTT	1
863	862	15	TTTAGAGGTTTAAAGAGAACGTTT	1
864	863	15	TTAGAGGTTTAAAGAGAACGTTTT	1
865	864	15	TAGAGGTTTAAAGAGAACGTTTTA	1
866	865	15	AGAGGTTTAAAGAGAACGTTTTAA	1
867	866	15	GAGGTTTAAAGAGAACGTTTTAAC	1
868	867	15	AGGTTTAAAGAGAACGTTTTAACT	1
869	868	15	GGTTTAAAGAGAACGTTTTAACTT	1
870	869	15	GTTTAAAGAGAACGTTTTAACTTC	1
871	870	15	TTTAAAGAGAACGTTTTAACTTCG	1
872	871	15	TTAAAGAGAACGTTTTAACTTCGA	1
873	872	15	TAAAGAGAACGTTTTAACTTCGAA	1
874	873	15	AAAGAGAACGTTTTAACTTCGAAA	1
875	874	15	AAGAGAACGTTTTAACTTCGAAAA	1
876	875	15	AGAGAACGTTTTAACTTCGAAAAG	1
877	876	15	GAGAACGTTTTAACTTCGAAAAGA	1
878	877	15	AGAACGTTTTAACTTCGAAAAGAG	1
879	878	15	GAACGTTTTAACTTCGAAAAGAGA	1
880	879	16	AACGTTTTAACTTCGAAAAGAGAC	1
881	880	16	ACGTTTTAACTTCGAAAAGAGACA	1
882	881	16	CGTTTTAACTTCGAAAAGAGACAG	1
883	882	16	GTTTTAACTTCGAAAAGAGACAGA	1
884	883	16	TTTTAACTTCGAAAAGAGACAGAA	1
885	884	16	TTTAACTTCGAAAAGAGACAGAAG	1
886	885	15	TTAACTTCGAAAAGAGACAGAAGC	1
887	886	15	TAACTTCGAAAAGAGACAGAAGCA	1
888	887	11	AACTTCGAAAAGAGACAGAAGCAC	1
889	888	11	ACTTCGAAAAGAGACAGAAGCACT	1
890	889	11	CTTCGAAAAGAGACAGAAGCACTA	1
891	890	11	TTCGAAAAGAGACAGAAGCACTAT	1
892	891	11	TCGAAAAGAGACAGAAGCACTATG	1
893	892	11	CGAAAAGAGACAGAAGCACTATGG	1
894	893	11	GAAAAGAGACAGAAGCACTATGGA	1
895	894	8	AAAAGAGACAGAAGCACTATGGAT	1
896	895	7	AAAGAGACAGAAGCACTATGGATT	1
897	896	7	AAGAGACAGAAGCACTATGGATTT	1
898	897	6	AGAGACAGAAGCACTATGGATTTG	1
899	898	6	GAGACAGAAGCACTATGGATTTGG	1
900	899	6	AGACAGAAGCACTATGGATTTGGC	1
901	900	6	GACAGAAGCACTATGGATTTGGCA	1
902	901	5	ACAGAAGCACTATGGATTTGGCAC	1
903	902	4	CAGAAGCACTATGGATTTGGCACC	1
904	903	2	AGAAGCACTATGGATTTGGCACCA	1
905	904	2	GAAGCACTATGGATTTGGCACCAC	1
906	905	2	AAGCACTATGGATTTGGCACCACG	1
907	906	1	AGCACTATGGATTTGGCACCACGT	1
908	907	1	GCACTATGGATTTGGCACCACGTC	1
909	908	1	CACTATGGATTTGGCACCACGTCC	1
910	909	1	ACTATGGATTTGGCACCACGTCCC	1
911	910	1	CTATGGATTTGGCACCACGTCCCC	1
912	911	1	TATGGATTTGGCACCACGTCCCCT	1
913	912	1	ATGGATTTGGCACCACGTCCCCTC	1
914	913	1	TGGATTTGGCACCACGTCCCCTCG	1
915	914	2	GGATTTGGCACCACGTCCCCTCGG	1
916	915	2	GATTTGGCACCACGTCCCCTCGGT	1
917	916	2	ATTTGGCACCACGTCCCCTCGGTC	1
918	917	2	TTTGGCACCACGTCCCCTCGGTCG	1
919	918	2	TTGGCACCACGTCCCCTCGGTCGT	1
920	919	2	TGGCACCACGTCCCCTCGGTCGTC	1
921	920	2	GGCACCACGTCCCCTCGGTCGTCA	1
922	921	2	GCACCACGTCCCCTCGGTCGTCAG	1
923	922	2	CACCACGTCCCCTCGGTCGTCAGC	1
924	923	1	ACCACGTCCCCTCGGTCGTCAGCA	1
925	924	1	CCACGTCCCCTCGGTCGTCAGCAC	1
926	925	1	CACGTCCCCTCGGTCGTCAGCACA	1
927	926	1	ACGTCCCCTCGGTCGTCAGCACAG	1
928	927	1	CGTCCCCTCGGTCGTCAGCACAGC	1
929	928	1	GTCCCCTCGGTCGTCAGCACAGCA	1
930	929	1	TCCCCTCGGTCGTCAGCACAGCAA	1
931	930	2	CCCCTCGGTCGTCAGCACAGCAAG	1
932	931	2	CCCTCGGTCGTCAGCACAGCAAGT	1
933	932	2	CCTCGGTCGTCAGCACAGCAAGTC	1
934	933	2	CTCGGTCGTCAGCACAGCAAGTCG	1
935	934	2	TCGGTCGTCAGCACAGCAAGTCGC	1
936	935	2	CGGTCGTCAGCACAGCAAGTCGCA	1
937	936	2	GGTCGTCAGCACAGCAAGTCGCAA	1
938	937	2	GTCGTCAGCACAGCAAGTCGCAAT	1
939	938	2	TCGTCAGCACAGCAAGTCGCAATC	1
940	939	2	CGTCAGCACAGCAAGTCGCAATCG	1
941	940	2	GTCAGCACAGCAAGTCGCAATCGG	1
942	941	2	TCAGCACAGCAAGTCGCAATCGGC	1
943	942	2	CAGCACAGCAAGTCGCAATCGGCT	1
944	943	2	AGCACAGCAAGTCGCAATCGGCTT	1
945	944	2	GCACAGCAAGTCGCAATCGGCTTT	1
946	945	2	CACAGCAAGTCGCAATCGGCTTTT	1
947	946	2	ACAGCAAGTCGCAATCGGCTTTTG	1
948	947	2	CAGCAAGTCGCAATCGGCTTTTGC	1
949	948	2	AGCAAGTCGCAATCGGCTTTTGCT	1
950	949	2	GCAAGTCGCAATCGGCTTTTGCTT	1
951	950	2	CAAGTCGCAATCGGCTTTTGCTTT	1
952	951	2	AAGTCGCAATCGGCTTTTGCTTTT	1
953	952	2	AGTCGCAATCGGCTTTTGCTTTTG	1
954	953	2	GTCGCAATCGGCTTTTGCTTTTGA	1
955	954	2	TCGCAATCGGCTTTTGCTTTTGAC	1
956	955	2	CGCAATCGGCTTTTGCTTTTGACA	1
957	956	2	GCAATCGGCTTTTGCTTTTGACAA	1
958	957	2	CAATCGGCTTTTGCTTTTGACAAC	1
959	958	1	AATCGGCTTTTGCTTTTGACAACA	1
960	959	1	ATCGGCTTTTGCTTTTGACAACAC	1
961	960	1	TCGGCTTTTGCTTTTGACAACACC	1
962	961	1	CGGCTTTTGCTTTTGACAACACCG	1
963	962	1	GGCTTTTGCTTTTGACAACACCGC	1
964	963	1	GCTTTTGCTTTTGACAACACCGCT	1
965	964	1	CTTTTGCTTTTGACAACACCGCTA	1
966	965	1	TTTTGCTTTTGACAACACCGCTAC	1
967	966	1	TTTGCTTTTGACAACACCGCTACC	1
968	967	1	TTGCTTTTGACAACACCGCTACCA	1
969	968	1	TGCTTTTGACAACACCGCTACCAG	1
970	969	1	GCTTTTGACAACACCGCTACCAGT	1
971	970	1	CTTTTGACAACACCGCTACCAGTA	1
972	971	1	TTTTGACAACACCGCTACCAGTAT	1
973	972	1	TTTGACAACACCGCTACCAGTATT	1
974	973	2	TTGACAACACCGCTACCAGTATTG	1
975	974	1	TGACAACACCGCTACCAGTATTGC	1
976	975	1	GACAACACCGCTACCAGTATTGCT	1
977	976	1	ACAACACCGCTACCAGTATTGCTG	1
978	977	1	CAACACCGCTACCAGTATTGCTGC	1
979	978	1	AACACCGCTACCAGTATTGCTGCC	1
980	979	1	ACACCGCTACCAGTATTGCTGCCA	1
981	980	2	CACCGCTACCAGTATTGCTGCCAG	1
982	981	2	ACCGCTACCAGTATTGCTGCCAGT	1
983	982	2	CCGCTACCAGTATTGCTGCCAGTA	1
984	983	2	CGCTACCAGTATTGCTGCCAGTAC	1
985	984	2	GCTACCAGTATTGCTGCCAGTACT	1
986	985	2	CTACCAGTATTGCTGCCAGTACTA	1
987	986	2	TACCAGTATTGCTGCCAGTACTAT	1
988	987	2	ACCAGTATTGCTGCCAGTACTATG	1
989	988	2	CCAGTATTGCTGCCAGTACTATGA	1
990	989	2	CAGTATTGCTGCCAGTACTATGAA	1
991	990	2	AGTATTGCTGCCAGTACTATGAAG	1
992	991	2	GTATTGCTGCCAGTACTATGAAGA	1
993	992	2	TATTGCTGCCAGTACTATGAAGAA	1
994	993	2	ATTGCTGCCAGTACTATGAAGAAT	1
995	994	2	TTGCTGCCAGTACTATGAAGAATG	1
996	995	2	TGCTGCCAGTACTATGAAGAATGA	1
997	996	2	GCTGCCAGTACTATGAAGAATGAG	1
998	997	3	CTGCCAGTACTATGAAGAATGAGC	1
999	998	3	TGCCAGTACTATGAAGAATGAGCT	1
1000	999	3	GCCAGTACTATGAAGAATGAGCTG	1
1001	1000	3	CCAGTACTATGAAGAATGAGCTGA	1
1002	1001	3	CAGTACTATGAAGAATGAGCTGAA	1
1003	1002	3	AGTACTATGAAGAATGAGCTGAAT	1
1004	1003	3	GTACTATGAAGAATGAGCTGAATC	1
1005	1004	3	TACTATGAAGAATGAGCTGAATCA	1
1006	1005	3	ACTATGAAGAATGAGCTGAATCAC	1
1007	1006	3	CTATGAAGAATGAGCTGAATCACT	1
1008	1007	3	TATGAAGAATGAGCTGAATCACTT	1
1009	1008	3	ATGAAGAATGAGCTGAATCACTTG	1
1010	1009	3	TGAAGAATGAGCTGAATCACTTGG	1
1011	1010	3	GAAGAATGAGCTGAATCACTTGGC	1
1012	1011	3	AAGAATGAGCTGAATCACTTGGCT	1
1013	1012	3	AGAATGAGCTGAATCACTTGGCTA	1
1014	1013	3	GAATGAGCTGAATCACTTGGCTAG	1
1015	1014	3	AATGAGCTGAATCACTTGGCTAGC	1
1016	1015	3	ATGAGCTGAATCACTTGGCTAGCA	1
1017	1016	3	TGAGCTGAATCACTTGGCTAGCAC	1
1018	1017	2	GAGCTGAATCACTTGGCTAGCACC	1
1019	1018	2	AGCTGAATCACTTGGCTAGCACCG	1
1020	1019	2	GCTGAATCACTTGGCTAGCACCGT	1
1021	1020	3	CTGAATCACTTGGCTAGCACCGTA	1
1022	1021	4	TGAATCACTTGGCTAGCACCGTAA	1
1023	1022	4	GAATCACTTGGCTAGCACCGTAAA	1
1024	1023	4	AATCACTTGGCTAGCACCGTAAAG	1
1025	1024	3	ATCACTTGGCTAGCACCGTAAAGG	1
1026	1025	3	TCACTTGGCTAGCACCGTAAAGGA	1
1027	1026	3	CACTTGGCTAGCACCGTAAAGGAT	1
1028	1027	3	ACTTGGCTAGCACCGTAAAGGATC	1
1029	1028	3	CTTGGCTAGCACCGTAAAGGATCC	1
1030	1029	3	TTGGCTAGCACCGTAAAGGATCCC	1
1031	1030	3	TGGCTAGCACCGTAAAGGATCCCT	1
1032	1031	3	GGCTAGCACCGTAAAGGATCCCTT	1
1033	1032	3	GCTAGCACCGTAAAGGATCCCTTG	1
1034	1033	3	CTAGCACCGTAAAGGATCCCTTGG	1
1035	1034	3	TAGCACCGTAAAGGATCCCTTGGC	1
1036	1035	4	AGCACCGTAAAGGATCCCTTGGCT	1
1037	1036	5	GCACCGTAAAGGATCCCTTGGCTA	1
1038	1037	5	CACCGTAAAGGATCCCTTGGCTAA	1
1039	1038	5	ACCGTAAAGGATCCCTTGGCTAAG	1
1040	1039	5	CCGTAAAGGATCCCTTGGCTAAGA	1
1041	1040	5	CGTAAAGGATCCCTTGGCTAAGAA	1
1042	1041	4	GTAAAGGATCCCTTGGCTAAGAAG	1
1043	1042	4	TAAAGGATCCCTTGGCTAAGAAGG	1
1044	1043	4	AAAGGATCCCTTGGCTAAGAAGGC	1
1045	1044	4	AAGGATCCCTTGGCTAAGAAGGCC	1
1046	1045	4	AGGATCCCTTGGCTAAGAAGGCCT	1
1047	1046	4	GGATCCCTTGGCTAAGAAGGCCTT	1
1048	1047	4	GATCCCTTGGCTAAGAAGGCCTTT	1
1049	1048	4	ATCCCTTGGCTAAGAAGGCCTTTC	1
1050	1049	4	TCCCTTGGCTAAGAAGGCCTTTCA	1
1051	1050	4	CCCTTGGCTAAGAAGGCCTTTCAA	1
1052	1051	4	CCTTGGCTAAGAAGGCCTTTCAAA	1
1053	1052	5	CTTGGCTAAGAAGGCCTTTCAAAA	1
1054	1053	6	TTGGCTAAGAAGGCCTTTCAAAAG	1
1055	1054	6	TGGCTAAGAAGGCCTTTCAAAAGG	1
1056	1055	6	GGCTAAGAAGGCCTTTCAAAAGGA	1
1057	1056	6	GCTAAGAAGGCCTTTCAAAAGGAG	1
1058	1057	5	CTAAGAAGGCCTTTCAAAAGGAGA	1
1059	1058	5	TAAGAAGGCCTTTCAAAAGGAGAT	1
1060	1059	5	AAGAAGGCCTTTCAAAAGGAGATG	1
1061	1060	5	AGAAGGCCTTTCAAAAGGAGATGG	1
1062	1061	5	GAAGGCCTTTCAAAAGGAGATGGA	1
1063	1062	5	AAGGCCTTTCAAAAGGAGATGGAC	1
1064	1063	5	AGGCCTTTCAAAAGGAGATGGACA	1
1065	1064	4	GGCCTTTCAAAAGGAGATGGACAA	1
1066	1065	3	GCCTTTCAAAAGGAGATGGACAAC	1
1067	1066	3	CCTTTCAAAAGGAGATGGACAACT	1
1068	1067	3	CTTTCAAAAGGAGATGGACAACTT	1
1069	1068	3	TTTCAAAAGGAGATGGACAACTTT	1
1070	1069	3	TTCAAAAGGAGATGGACAACTTTT	1
1071	1070	3	TCAAAAGGAGATGGACAACTTTTT	1
1072	1071	3	CAAAAGGAGATGGACAACTTTTTC	1
1073	1072	3	AAAAGGAGATGGACAACTTTTTCA	1
1074	1073	3	AAAGGAGATGGACAACTTTTTCAG	1
1075	1074	3	AAGGAGATGGACAACTTTTTCAGC	1
1076	1075	3	AGGAGATGGACAACTTTTTCAGCT	1
1077	1076	4	GGAGATGGACAACTTTTTCAGCTT	1
1078	1077	4	GAGATGGACAACTTTTTCAGCTTG	1
1079	1078	4	AGATGGACAACTTTTTCAGCTTGT	1
1080	1079	4	GATGGACAACTTTTTCAGCTTGTT	1
1081	1080	3	ATGGACAACTTTTTCAGCTTGTTC	1
1082	1081	3	TGGACAACTTTTTCAGCTTGTTCA	1
1083	1082	3	GGACAACTTTTTCAGCTTGTTCAG	1
1084	1083	3	GACAACTTTTTCAGCTTGTTCAGT	1
1085	1084	3	ACAACTTTTTCAGCTTGTTCAGTC	1
1086	1085	3	CAACTTTTTCAGCTTGTTCAGTCG	1
1087	1086	3	AACTTTTTCAGCTTGTTCAGTCGC	1
1088	1087	3	ACTTTTTCAGCTTGTTCAGTCGCT	1
1089	1088	3	CTTTTTCAGCTTGTTCAGTCGCTA	1
1090	1089	3	TTTTTCAGCTTGTTCAGTCGCTAT	1
1091	1090	3	TTTTCAGCTTGTTCAGTCGCTATC	1
1092	1091	3	TTTCAGCTTGTTCAGTCGCTATCT	1
1093	1092	3	TTCAGCTTGTTCAGTCGCTATCTT	1
1094	1093	3	TCAGCTTGTTCAGTCGCTATCTTC	1
1095	1094	3	CAGCTTGTTCAGTCGCTATCTTCA	1
1096	1095	3	AGCTTGTTCAGTCGCTATCTTCAG	1
1097	1096	2	GCTTGTTCAGTCGCTATCTTCAGG	1
1098	1097	1	CTTGTTCAGTCGCTATCTTCAGGA	1
1099	1098	1	TTGTTCAGTCGCTATCTTCAGGAG	1
1100	1099	1	TGTTCAGTCGCTATCTTCAGGAGG	1
1101	1100	1	GTTCAGTCGCTATCTTCAGGAGGA	1
1102	1101	1	TTCAGTCGCTATCTTCAGGAGGAC	1
1103	1102	1	TCAGTCGCTATCTTCAGGAGGACG	1
1104	1103	1	CAGTCGCTATCTTCAGGAGGACGC	1
1105	1104	1	AGTCGCTATCTTCAGGAGGACGCT	1
1106	1105	1	GTCGCTATCTTCAGGAGGACGCTC	1
1107	1106	1	TCGCTATCTTCAGGAGGACGCTCG	1
1108	1107	1	CGCTATCTTCAGGAGGACGCTCGT	1
1109	1108	1	GCTATCTTCAGGAGGACGCTCGTG	1
1110	1109	1	CTATCTTCAGGAGGACGCTCGTGG	1
1111	1110	1	TATCTTCAGGAGGACGCTCGTGGC	1
1112	1111	1	ATCTTCAGGAGGACGCTCGTGGCT	1
1113	1112	1	TCTTCAGGAGGACGCTCGTGGCTC	1
1114	1113	1	CTTCAGGAGGACGCTCGTGGCTCG	1
1115	1114	1	TTCAGGAGGACGCTCGTGGCTCGG	1
1116	1115	1	TCAGGAGGACGCTCGTGGCTCGGA	1
1117	1116	1	CAGGAGGACGCTCGTGGCTCGGAC	1
1118	1117	1	AGGAGGACGCTCGTGGCTCGGACA	1
1119	1118	1	GGAGGACGCTCGTGGCTCGGACAT	1
1120	1119	1	GAGGACGCTCGTGGCTCGGACATC	1
1121	-1	0	CCCAAATCCATCATTGAAGTTCGT	1
1122	1121	1	CCAAATCCATCATTGAAGTTCGTG	1
1123	1122	1	CAAATCCATCATTGAAGTTCGTGA	1
1124	1123	1	AAATCCATCATTGAAGTTCGTGAT	1
1125	1124	1	AATCCATCATTGAAGTTCGTGATG	1
1126	1125	1	ATCCATCATTGAAGTTCGTGATGG	1
1127	1126	1	TCCATCATTGAAGTTCGTGATGGT	1
1128	1127	1	CCATCATTGAAGTTCGTGATGGTA	1
1129	1128	1	CATCATTGAAGTTCGTGATGGTAA	1
1130	1129	1	ATCATTGAAGTTCGTGATGGTAAC	1
1131	1130	1	TCATTGAAGTTCGTGATGGTAACA	1
1132	1131	1	CATTGAAGTTCGTGATGGTAACAG	1
1133	1132	1	ATTGAAGTTCGTGATGGTAACAGT	1
1134	1133	1	TTGAAGTTCGTGATGGTAACAGTT	1
1135	1134	1	TGAAGTTCGTGATGGTAACAGTTT	1
1136	1135	2	GAAGTTCGTGATGGTAACAGTTTT	1
1137	1136	2	AAGTTCGTGATGGTAACAGTTTTC	1
1138	1137	2	AGTTCGTGATGGTAACAGTTTTCT	1
1139	1138	2	GTTCGTGATGGTAACAGTTTTCTG	1
1140	1139	2	TTCGTGATGGTAACAGTTTTCTGG	1
1141	1140	2	TCGTGATGGTAACAGTTTTCTGGA	1
1142	1141	2	CGTGATGGTAACAGTTTTCTGGAT	1
1143	1142	2	GTGATGGTAACAGTTTTCTGGATT	1
1144	1143	2	TGATGGTAACAGTTTTCTGGATTT	1
1145	1144	2	GATGGTAACAGTTTTCTGGATTTG	1
1146	1145	2	ATGGTAACAGTTTTCTGGATTTGA	1
1147	1146	2	TGGTAACAGTTTTCTGGATTTGAG	1
1148	1147	3	GGTAACAGTTTTCTGGATTTGAGC	1
1149	1148	3	GTAACAGTTTTCTGGATTTGAGCG	1
1150	1149	3	TAACAGTTTTCTGGATTTGAGCGT	1
1151	1150	3	AACAGTTTTCTGGATTTGAGCGTT	1
1152	1151	3	ACAGTTTTCTGGATTTGAGCGTTC	1
1153	1152	3	CAGTTTTCTGGATTTGAGCGTTCG	1
1154	1153	3	AGTTTTCTGGATTTGAGCGTTCGT	1
1155	1154	3	GTTTTCTGGATTTGAGCGTTCGTC	1
1156	1155	3	TTTTCTGGATTTGAGCGTTCGTCA	1
1157	1156	3	TTTCTGGATTTGAGCGTTCGTCAA	1
1158	1157	3	TTCTGGATTTGAGCGTTCGTCAAA	1
1159	1158	3	TCTGGATTTGAGCGTTCGTCAAAT	1
1160	1159	3	CTGGATTTGAGCGTTCGTCAAATC	1
1161	1160	3	TGGATTTGAGCGTTCGTCAAATCG	1
1162	1161	3	GGATTTGAGCGTTCGTCAAATCGA	1
1163	1162	3	GATTTGAGCGTTCGTCAAATCGAG	1
1164	1163	3	ATTTGAGCGTTCGTCAAATCGAGC	1
1165	1164	3	TTTGAGCGTTCGTCAAATCGAGCA	1
1166	1165	2	TTGAGCGTTCGTCAAATCGAGCAT	1
1167	1166	2	TGAGCGTTCGTCAAATCGAGCATT	1
1168	1167	2	GAGCGTTCGTCAAATCGAGCATTT	1
1169	1168	2	AGCGTTCGTCAAATCGAGCATTTG	1
1170	1169	2	GCGTTCGTCAAATCGAGCATTTGA	1
1171	1170	2	CGTTCGTCAAATCGAGCATTTGAA	1
1172	1171	2	GTTCGTCAAATCGAGCATTTGAAT	1
1173	1172	2	TTCGTCAAATCGAGCATTTGAATC	1
1174	1173	2	TCGTCAAATCGAGCATTTGAATCG	1
1175	1174	3	CGTCAAATCGAGCATTTGAATCGT	1
1176	1175	3	GTCAAATCGAGCATTTGAATCGTA	1
1177	1176	3	TCAAATCGAGCATTTGAATCGTAA	1
1178	1177	3	CAAATCGAGCATTTGAATCGTAAA	1
1179	1178	3	AAATCGAGCATTTGAATCGTAAAT	1
1180	1179	2	AATCGAGCATTTGAATCGTAAATA	1
1181	1180	2	ATCGAGCATTTGAATCGTAAATAC	1
1182	1181	2	TCGAGCATTTGAATCGTAAATACA	1
1183	1182	2	CGAGCATTTGAATCGTAAATACAA	1
1184	1183	2	GAGCATTTGAATCGTAAATACAAT	1
1185	1184	2	AGCATTTGAATCGTAAATACAATG	1
1186	1185	2	GCATTTGAATCGTAAATACAATGT	1
1187	1186	2	CATTTGAATCGTAAATACAATGTT	1
1188	1187	2	ATTTGAATCGTAAATACAATGTTA	1
1189	1188	2	TTTGAATCGTAAATACAATGTTAA	1
1190	1189	2	TTGAATCGTAAATACAATGTTAAC	1
1191	1190	2	TGAATCGTAAATACAATGTTAACG	1
1192	1191	1	GAATCGTAAATACAATGTTAACGT	1
1193	1192	1	AATCGTAAATACAATGTTAACGTT	1
1194	1193	2	ATCGTAAATACAATGTTAACGTTC	1
1195	1194	2	TCGTAAATACAATGTTAACGTTCC	1
1196	1195	2	CGTAAATACAATGTTAACGTTCCT	1
1197	1196	2	GTAAATACAATGTTAACGTTCCTT	1
1198	1197	2	TAAATACAATGTTAACGTTCCTTT	1
1199	1198	2	AAATACAATGTTAACGTTCCTTTC	1
1200	1199	2	AATACAATGTTAACGTTCCTTTCG	1
1201	1200	2	ATACAATGTTAACGTTCCTTTCGT	1
1202	1201	2	TACAATGTTAACGTTCCTTTCGTT	1
1203	1202	2	ACAATGTTAACGTTCCTTTCGTTT	1
1204	1203	2	CAATGTTAACGTTCCTTTCGTTTT	1
1205	1204	2	AATGTTAACGTTCCTTTCGTTTTA	1
1206	1205	2	ATGTTAACGTTCCTTTCGTTTTAA	1
1207	1206	2	TGTTAACGTTCCTTTCGTTTTAAT	1
1208	1207	2	GTTAACGTTCCTTTCGTTTTAATG	1
1209	1208	2	TTAACGTTCCTTTCGTTTTAATGA	1
1210	1209	2	TAACGTTCCTTTCGTTTTAATGAA	1
1211	1210	2	AACGTTCCTTTCGTTTTAATGAAC	1
1212	1211	2	ACGTTCCTTTCGTTTTAATGAACT	1
1213	1212	2	CGTTCCTTTCGTTTTAATGAACTC	1
1214	1213	2	GTTCCTTTCGTTTTAATGAACTCT	1
1215	1214	2	TTCCTTTCGTTTTAATGAACTCTT	1
1216	1215	2	TCCTTTCGTTTTAATGAACTCTTT	1
1217	1216	2	CCTTTCGTTTTAATGAACTCTTTC	1
1218	1217	1	CTTTCGTTTTAATGAACTCTTTCA	1
1219	1218	1	TTTCGTTTTAATGAACTCTTTCAA	1
1220	1219	1	TTCGTTTTAATGAACTCTTTCAAC	1
1221	1220	1	TCGTTTTAATGAACTCTTTCAACA	1
1222	1221	1	CGTTTTAATGAACTCTTTCAACAC	1
1223	1222	1	GTTTTAATGAACTCTTTCAACACC	1
1224	1223	1	TTTTAATGAACTCTTTCAACACCG	1
1225	1224	2	TTTAATGAACTCTTTCAACACCGA	1
1226	1225	2	TTAATGAACTCTTTCAACACCGAT	1
1227	1226	2	TAATGAACTCTTTCAACACCGATG	1
1228	1227	2	AATGAACTCTTTCAACACCGATGA	1
1229	1228	2	ATGAACTCTTTCAACACCGATGAG	1
1230	1229	2	TGAACTCTTTCAACACCGATGAGG	1
1231	1230	2	GAACTCTTTCAACACCGATGAGGC	1
1232	1231	2	AACTCTTTCAACACCGATGAGGCC	1
1233	1232	2	ACTCTTTCAACACCGATGAGGCCA	1
1234	1233	2	CTCTTTCAACACCGATGAGGCCAC	1
1235	1234	2	TCTTTCAACACCGATGAGGCCACC	1
1236	1235	2	CTTTCAACACCGATGAGGCCACCG	1
1237	1236	2	TTTCAACACCGATGAGGCCACCGC	1
1238	1237	2	TTCAACACCGATGAGGCCACCGCC	1
1239	1238	3	TCAACACCGATGAGGCCACCGCCA	1
1240	1239	3	CAACACCGATGAGGCCACCGCCAA	1
1241	1240	3	AACACCGATGAGGCCACCGCCAAG	1
1242	1241	3	ACACCGATGAGGCCACCGCCAAGG	1
1243	1242	3	CACCGATGAGGCCACCGCCAAGGT	1
1244	1243	4	ACCGATGAGGCCACCGCCAAGGTC	1
1245	1244	4	CCGATGAGGCCACCGCCAAGGTCA	1
1246	1245	4	CGATGAGGCCACCGCCAAGGTCAT	1
1247	1246	4	GATGAGGCCACCGCCAAGGTCATC	1
1248	1247	4	ATGAGGCCACCGCCAAGGTCATCA	1
1249	1248	4	TGAGGCCACCGCCAAGGTCATCAA	1
1250	1249	4	GAGGCCACCGCCAAGGTCATCAAG	1
1251	1250	4	AGGCCACCGCCAAGGTCATCAAGA	1
1252	1251	4	GGCCACCGCCAAGGTCATCAAGAA	1
1253	1252	5	GCCACCGCCAAGGTCATCAAGAAG	1
1254	1253	5	CCACCGCCAAGGTCATCAAGAAGT	1
1255	1254	5	CACCGCCAAGGTCATCAAGAAGTA	1
1256	1255	5	ACCGCCAAGGTCATCAAGAAGTAC	1
1257	1256	5	CCGCCAAGGTCATCAAGAAGTACG	1
1258	1257	5	CGCCAAGGTCATCAAGAAGTACGA	1
1259	1258	5	GCCAAGGTCATCAAGAAGTACGAG	1
1260	1259	5	CCAAGGTCATCAAGAAGTACGAGG	1
1261	1260	5	CAAGGTCATCAAGAAGTACGAGGC	1
1262	1261	5	AAGGTCATCAAGAAGTACGAGGCC	1
1263	1262	5	AGGTCATCAAGAAGTACGAGGCCC	1
1264	1263	5	GGTCATCAAGAAGTACGAGGCCCA	1
1265	1264	5	GTCATCAAGAAGTACGAGGCCCAT	1
1266	1265	5	TCATCAAGAAGTACGAGGCCCATA	1
1267	1266	5	CATCAAGAAGTACGAGGCCCATAA	1
1268	1267	5	ATCAAGAAGTACGAGGCCCATAAG	1
1269	1268	4	TCAAGAAGTACGAGGCCCATAAGA	1
1270	1269	4	CAAGAAGTACGAGGCCCATAAGAT	1
1271	1270	4	AAGAAGTACGAGGCCCATAAGATC	1
1272	1271	4	AGAAGTACGAGGCCCATAAGATCG	1
1273	1272	4	GAAGTACGAGGCCCATAAGATCGA	1
1274	1273	4	AAGTACGAGGCCCATAAGATCGAC	1
1275	1274	4	AGTACGAGGCCCATAAGATCGACA	1
1276	1275	4	GTACGAGGCCCATAAGATCGACAT	1
1277	1276	4	TACGAGGCCCATAAGATCGACATT	1
1278	1277	4	ACGAGGCCCATAAGATCGACATTC	1
1279	1278	4	CGAGGCCCATAAGATCGACATTCT	1
1280	1279	4	GAGGCCCATAAGATCGACATTCTC	1
1281	1280	4	AGGCCCATAAGATCGACATTCTCA	1
1282	1281	3	GGCCCATAAGATCGACATTCTCAC	1
1283	1282	3	GCCCATAAGATCGACATTCTCACC	1
1284	1283	3	CCCATAAGATCGACATTCTCACCT	1
1285	1284	3	CCATAAGATCGACATTCTCACCTT	1
1286	1285	3	CATAAGATCGACATTCTCACCTTT	1
1287	1286	3	ATAAGATCGACATTCTCACCTTTA	1
1288	1287	2	TAAGATCGACATTCTCACCTTTAA	1
1289	1288	4	AAGATCGACATTCTCACCTTTAAT	1
1290	1289	5	AGATCGACATTCTCACCTTTAATC	1
1291	1290	5	GATCGACATTCTCACCTTTAATCA	1
1292	1291	5	ATCGACATTCTCACCTTTAATCAA	1
1293	1292	5	TCGACATTCTCACCTTTAATCAAT	1
1294	1293	5	CGACATTCTCACCTTTAATCAATC	1
1295	1294	4	GACATTCTCACCTTTAATCAATCC	1
1296	1295	4	ACATTCTCACCTTTAATCAATCCC	1
1297	1296	4	CATTCTCACCTTTAATCAATCCCG	1
1298	1297	4	ATTCTCACCTTTAATCAATCCCGT	1
1299	1298	4	TTCTCACCTTTAATCAATCCCGTT	1
1300	1299	4	TCTCACCTTTAATCAATCCCGTTA	1
1301	1300	4	CTCACCTTTAATCAATCCCGTTAT	1
1302	1301	4	TCACCTTTAATCAATCCCGTTATC	1
1303	1302	4	CACCTTTAATCAATCCCGTTATCC	1
1304	1303	5	ACCTTTAATCAATCCCGTTATCCT	1
1305	1304	5	CCTTTAATCAATCCCGTTATCCTC	1
1306	1305	5	CTTTAATCAATCCCGTTATCCTCG	1
1307	1306	6	TTTAATCAATCCCGTTATCCTCGT	1
1308	1307	6	TTAATCAATCCCGTTATCCTCGTG	1
1309	1308	6	TAATCAATCCCGTTATCCTCGTGT	1
1310	1309	6	AATCAATCCCGTTATCCTCGTGTT	1
1311	1310	6	ATCAATCCCGTTATCCTCGTGTTC	1
1312	1311	6	TCAATCCCGTTATCCTCGTGTTCA	1
1313	1312	6	CAATCCCGTTATCCTCGTGTTCAT	1
1314	1313	6	AATCCCGTTATCCTCGTGTTCATA	1
1315	1314	6	ATCCCGTTATCCTCGTGTTCATAA	1
1316	1315	6	TCCCGTTATCCTCGTGTTCATAAG	1
1317	1316	6	CCCGTTATCCTCGTGTTCATAAGG	1
1318	1317	6	CCGTTATCCTCGTGTTCATAAGGA	1
1319	1318	6	CGTTATCCTCGTGTTCATAAGGAG	1
1320	1319	6	GTTATCCTCGTGTTCATAAGGAGA	1
1321	1320	6	TTATCCTCGTGTTCATAAGGAGAC	1
1322	1321	6	TATCCTCGTGTTCATAAGGAGACT	1
1323	1322	6	ATCCTCGTGTTCATAAGGAGACTT	1
1324	1323	6	TCCTCGTGTTCATAAGGAGACTTT	1
1325	1324	6	CCTCGTGTTCATAAGGAGACTTTA	1
1326	1325	6	CTCGTGTTCATAAGGAGACTTTAC	1
1327	1326	5	TCGTGTTCATAAGGAGACTTTACT	1
1328	1327	5	CGTGTTCATAAGGAGACTTTACTA	1
1329	1328	5	GTGTTCATAAGGAGACTTTACTAC	1
1330	1329	5	TGTTCATAAGGAGACTTTACTACC	1
1331	1330	5	GTTCATAAGGAGACTTTACTACCC	1
1332	1331	5	TTCATAAGGAGACTTTACTACCCG	1
1333	1332	2	TCATAAGGAGACTTTACTACCCGT	1
1334	1333	2	CATAAGGAGACTTTACTACCCGTT	1
1335	1334	2	ATAAGGAGACTTTACTACCCGTTC	1
1336	1335	2	TAAGGAGACTTTACTACCCGTTCC	1
1337	1336	2	AAGGAGACTTTACTACCCGTTCCT	1
1338	1337	2	AGGAGACTTTACTACCCGTTCCTC	1
1339	1338	2	GGAGACTTTACTACCCGTTCCTCA	1
1340	1339	2	GAGACTTTACTACCCGTTCCTCAC	1
1341	1340	2	AGACTTTACTACCCGTTCCTCACA	1
1342	1341	2	GACTTTACTACCCGTTCCTCACAC	1
1343	1342	2	ACTTTACTACCCGTTCCTCACACT	1
1344	1343	2	CTTTACTACCCGTTCCTCACACTG	1
1345	1344	2	TTTACTACCCGTTCCTCACACTGC	1
1346	1345	2	TTACTACCCGTTCCTCACACTGCC	1
1347	1346	2	TACTACCCGTTCCTCACACTGCCG	1
1348	1347	1	ACTACCCGTTCCTCACACTGCCGA	1
1349	1348	1	CTACCCGTTCCTCACACTGCCGAC	1
1350	1349	1	TACCCGTTCCTCACACTGCCGACT	1
1351	-1	0	GATGAATCCTCGCCGATTCGGAGG	1
1352	1351	1	ATGAATCCTCGCCGATTCGGAGGT	1
1353	1352	1	TGAATCCTCGCCGATTCGGAGGTA	1
1354	1353	1	GAATCCTCGCCGATTCGGAGGTAC	1
1355	1354	1	AATCCTCGCCGATTCGGAGGTACC	1
1356	1355	1	ATCCTCGCCGATTCGGAGGTACCG	1
1357	1356	1	TCCTCGCCGATTCGGAGGTACCGC	1
1358	1357	1	CCTCGCCGATTCGGAGGTACCGCT	1
1359	1358	1	CTCGCCGATTCGGAGGTACCGCTC	1
1360	1359	1	TCGCCGATTCGGAGGTACCGCTCC	1
1361	1360	1	CGCCGATTCGGAGGTACCGCTCCT	1
1362	1361	3	GCCGATTCGGAGGTACCGCTCCTT	1
1363	1362	4	CCGATTCGGAGGTACCGCTCCTTT	1
1364	1363	5	CGATTCGGAGGTACCGCTCCTTTA	1
1365	1364	5	GATTCGGAGGTACCGCTCCTTTAG	1
1366	1365	5	ATTCGGAGGTACCGCTCCTTTAGT	1
1367	1366	5	TTCGGAGGTACCGCTCCTTTAGTC	1
1368	1367	5	TCGGAGGTACCGCTCCTTTAGTCA	1
1369	1368	5	CGGAGGTACCGCTCCTTTAGTCAA	1
1370	1369	5	GGAGGTACCGCTCCTTTAGTCAAA	1
1371	1370	5	GAGGTACCGCTCCTTTAGTCAAAT	1
1372	1371	5	AGGTACCGCTCCTTTAGTCAAATT	1
1373	1372	5	GGTACCGCTCCTTTAGTCAAATTA	1
1374	1373	6	GTACCGCTCCTTTAGTCAAATTAG	1
1375	1374	6	TACCGCTCCTTTAGTCAAATTAGG	1
1376	1375	7	ACCGCTCCTTTAGTCAAATTAGGC	1
1377	1376	8	CCGCTCCTTTAGTCAAATTAGGCG	1
1378	1377	8	CGCTCCTTTAGTCAAATTAGGCGC	1
1379	1378	8	GCTCCTTTAGTCAAATTAGGCGCA	1
1380	1379	8	CTCCTTTAGTCAAATTAGGCGCAC	1
1381	1380	9	TCCTTTAGTCAAATTAGGCGCACA	1
1382	1381	9	CCTTTAGTCAAATTAGGCGCACAC	1
1383	1382	9	CTTTAGTCAAATTAGGCGCACACT	1
1384	1383	9	TTTAGTCAAATTAGGCGCACACTT	1
1385	1384	9	TTAGTCAAATTAGGCGCACACTTC	1
1386	1385	9	TAGTCAAATTAGGCGCACACTTCA	1
1387	1386	9	AGTCAAATTAGGCGCACACTTCAA	1
1388	1387	10	GTCAAATTAGGCGCACACTTCAAG	1
1389	1388	10	TCAAATTAGGCGCACACTTCAAGA	1
1390	1389	10	CAAATTAGGCGCACACTTCAAGAA	1
1391	1390	11	AAATTAGGCGCACACTTCAAGAAA	1
1392	1391	11	AATTAGGCGCACACTTCAAGAAAG	1
1393	1392	11	ATTAGGCGCACACTTCAAGAAAGT	1
1394	1393	11	TTAGGCGCACACTTCAAGAAAGTT	1
1395	1394	11	TAGGCGCACACTTCAAGAAAGTTG	1
1396	1395	10	AGGCGCACACTTCAAGAAAGTTGC	1
1397	1396	10	GGCGCACACTTCAAGAAAGTTGCT	1
1398	1397	10	GCGCACACTTCAAGAAAGTTGCTG	1
1399	1398	10	CGCACACTTCAAGAAAGTTGCTGA	1
1400	1399	10	GCACACTTCAAGAAAGTTGCTGAT	1
1401	1400	10	CACACTTCAAGAAAGTTGCTGATT	1
1402	1401	11	ACACTTCAAGAAAGTTGCTGATTT	1
1403	1402	11	CACTTCAAGAAAGTTGCTGATTTC	1
1404	1403	10	ACTTCAAGAAAGTTGCTGATTTCT	1
1405	1404	10	CTTCAAGAAAGTTGCTGATTTCTC	1
1406	1405	8	TTCAAGAAAGTTGCTGATTTCTCT	1
1407	1406	7	TCAAGAAAGTTGCTGATTTCTCTG	1
1408	1407	6	CAAGAAAGTTGCTGATTTCTCTGC	1
1409	1408	5	AAGAAAGTTGCTGATTTCTCTGCT	1
1410	1409	5	AGAAAGTTGCTGATTTCTCTGCTC	1
1411	1410	5	GAAAGTTGCTGATTTCTCTGCTCA	1
1412	1411	6	AAAGTTGCTGATTTCTCTGCTCAC	1
1413	1412	6	AAGTTGCTGATTTCTCTGCTCACA	1
1414	1413	6	AGTTGCTGATTTCTCTGCTCACAT	1
1415	1414	6	GTTGCTGATTTCTCTGCTCACATT	1
1416	1415	7	TTGCTGATTTCTCTGCTCACATTC	1
1417	1416	7	TGCTGATTTCTCTGCTCACATTCC	1
1418	1417	7	GCTGATTTCTCTGCTCACATTCCC	1
1419	1418	7	CTGATTTCTCTGCTCACATTCCCA	1
1420	1419	6	TGATTTCTCTGCTCACATTCCCAG	1
1421	1420	5	GATTTCTCTGCTCACATTCCCAGC	1
1422	1421	5	ATTTCTCTGCTCACATTCCCAGCA	1
1423	1422	5	TTTCTCTGCTCACATTCCCAGCAT	1
1424	1423	5	TTCTCTGCTCACATTCCCAGCATT	1
1425	1424	5	TCTCTGCTCACATTCCCAGCATTC	1
1426	1425	5	CTCTGCTCACATTCCCAGCATTCC	1
1427	1426	5	TCTGCTCACATTCCCAGCATTCCA	1
1428	1427	5	CTGCTCACATTCCCAGCATTCCAA	1
1429	1428	5	TGCTCACATTCCCAGCATTCCAAA	1
1430	1429	5	GCTCACATTCCCAGCATTCCAAAA	1
1431	1430	5	CTCACATTCCCAGCATTCCAAAAA	1
1432	1431	4	TCACATTCCCAGCATTCCAAAAAT	1
1433	1432	4	CACATTCCCAGCATTCCAAAAATC	1
1434	1433	5	ACATTCCCAGCATTCCAAAAATCC	1
1435	1434	4	CATTCCCAGCATTCCAAAAATCCT	1
1436	1435	4	ATTCCCAGCATTCCAAAAATCCTT	1
1437	1436	4	TTCCCAGCATTCCAAAAATCCTTG	1
1438	1437	4	TCCCAGCATTCCAAAAATCCTTGA	1
1439	1438	4	CCCAGCATTCCAAAAATCCTTGAA	1
1440	1439	4	CCAGCATTCCAAAAATCCTTGAAC	1
1441	1440	4	CAGCATTCCAAAAATCCTTGAACT	1
1442	1441	4	AGCATTCCAAAAATCCTTGAACTT	1
1443	1442	4	GCATTCCAAAAATCCTTGAACTTG	1
1444	1443	4	CATTCCAAAAATCCTTGAACTTGA	1
1445	1444	4	ATTCCAAAAATCCTTGAACTTGAT	1
1446	1445	3	TTCCAAAAATCCTTGAACTTGATC	1
1447	1446	3	TCCAAAAATCCTTGAACTTGATCA	1
1448	1447	3	CCAAAAATCCTTGAACTTGATCAT	1
1449	1448	3	CAAAAATCCTTGAACTTGATCATC	1
1450	1449	4	AAAAATCCTTGAACTTGATCATCT	1
1451	1450	4	AAAATCCTTGAACTTGATCATCTG	1
1452	1451	4	AAATCCTTGAACTTGATCATCTGA	1
1453	1452	4	AATCCTTGAACTTGATCATCTGAC	1
1454	1453	4	ATCCTTGAACTTGATCATCTGACC	1
1455	1454	4	TCCTTGAACTTGATCATCTGACCA	1
1456	1455	3	CCTTGAACTTGATCATCTGACCAT	1
1457	1456	3	CTTGAACTTGATCATCTGACCATT	1
1458	1457	3	TTGAACTTGATCATCTGACCATTA	1
1459	1458	3	TGAACTTGATCATCTGACCATTAC	1
1460	1459	2	GAACTTGATCATCTGACCATTACT	1
1461	1460	2	AACTTGATCATCTGACCATTACTG	1
1462	1461	1	ACTTGATCATCTGACCATTACTGG	1
1463	1462	1	CTTGATCATCTGACCATTACTGGT	1
1464	1463	1	TTGATCATCTGACCATTACTGGTG	1
1465	1464	1	TGATCATCTGACCATTACTGGTGA	1
1466	1465	1	GATCATCTGACCATTACTGGTGAC	1
1467	1466	1	ATCATCTGACCATTACTGGTGACG	1
1468	1467	1	TCATCTGACCATTACTGGTGACGT	1
1469	1468	1	CATCTGACCATTACTGGTGACGTT	1
1470	1469	1	ATCTGACCATTACTGGTGACGTTA	1
1471	1470	1	TCTGACCATTACTGGTGACGTTAA	1
1472	1471	1	CTGACCATTACTGGTGACGTTAAT	1
1473	1472	1	TGACCATTACTGGTGACGTTAATA	1
1474	1473	1	GACCATTACTGGTGACGTTAATAT	1
1475	1474	1	ACCATTACTGGTGACGTTAATATT	1
1476	1475	1	CCATTACTGGTGACGTTAATATTG	1
1477	1476	1	CATTACTGGTGACGTTAATATTGG	1
1478	1477	1	ATTACTGGTGACGTTAATATTGGT	1
1479	1478	1	TTACTGGTGACGTTAATATTGGTC	1
1480	1479	1	TACTGGTGACGTTAATATTGGTCG	1
1481	1480	1	ACTGGTGACGTTAATATTGGTCGC	1
1482	1481	1	CTGGTGACGTTAATATTGGTCGCA	1
1483	1482	2	TGGTGACGTTAATATTGGTCGCAA	1
1484	1483	2	GGTGACGTTAATATTGGTCGCAAT	1
1485	1484	2	GTGACGTTAATATTGGTCGCAATG	1
1486	1485	2	TGACGTTAATATTGGTCGCAATGT	1
1487	1486	2	GACGTTAATATTGGTCGCAATGTT	1
1488	1487	2	ACGTTAATATTGGTCGCAATGTTA	1
1489	1488	2	CGTTAATATTGGTCGCAATGTTAC	1
1490	1489	2	GTTAATATTGGTCGCAATGTTACT	1
1491	1490	2	TTAATATTGGTCGCAATGTTACTC	1
1492	1491	2	TAATATTGGTCGCAATGTTACTCT	1
1493	1492	2	AATATTGGTCGCAATGTTACTCTT	1
1494	1493	1	ATATTGGTCGCAATGTTACTCTTA	1
1495	1494	1	TATTGGTCGCAATGTTACTCTTAA	1
1496	1495	1	ATTGGTCGCAATGTTACTCTTAAG	1
1497	1496	1	TTGGTCGCAATGTTACTCTTAAGG	1
1498	1497	1	TGGTCGCAATGTTACTCTTAAGGG	1
1499	1498	1	GGTCGCAATGTTACTCTTAAGGGT	1
1500	1499	1	GTCGCAATGTTACTCTTAAGGGTA	1
1501	1500	1	TCGCAATGTTACTCTTAAGGGTAC	1
1502	1501	1	CGCAATGTTACTCTTAAGGGTACC	1
1503	1502	1	GCAATGTTACTCTTAAGGGTACCG	1
1504	1503	1	CAATGTTACTCTTAAGGGTACCGT	1
1505	1504	1	AATGTTACTCTTAAGGGTACCGTG	1
1506	1505	1	ATGTTACTCTTAAGGGTACCGTGA	1
1507	1506	1	TGTTACTCTTAAGGGTACCGTGAT	1
1508	1507	1	GTTACTCTTAAGGGTACCGTGATT	1
1509	1508	1	TTACTCTTAAGGGTACCGTGATTA	1
1510	1509	1	TACTCTTAAGGGTACCGTGATTAT	1
1511	1510	1	ACTCTTAAGGGTACCGTGATTATT	1
1512	1511	1	CTCTTAAGGGTACCGTGATTATTG	1
1513	1512	1	TCTTAAGGGTACCGTGATTATTGT	1
1514	1513	1	CTTAAGGGTACCGTGATTATTGTC	1
1515	1514	1	TTAAGGGTACCGTGATTATTGTCG	1
1516	1515	1	TAAGGGTACCGTGATTATTGTCGC	1
1517	1516	1	AAGGGTACCGTGATTATTGTCGCT	1
1518	1517	1	AGGGTACCGTGATTATTGTCGCTA	1
1519	1518	1	GGGTACCGTGATTATTGTCGCTAG	1
1520	1519	1	GGTACCGTGATTATTGTCGCTAGT	1
1521	1520	1	GTACCGTGATTATTGTCGCTAGTG	1
1522	1521	1	TACCGTGATTATTGTCGCTAGTGA	1
1523	1522	1	ACCGTGATTATTGTCGCTAGTGAT	1
1524	1523	1	CCGTGATTATTGTCGCTAGTGATG	1
1525	1524	1	CGTGATTATTGTCGCTAGTGATGC	1
1526	1525	1	GTGATTATTGTCGCTAGTGATGCC	1
