Component 611
1	-1	0	CTCCCATCTCCTTGAAAACATCGT	1
2	1	1	TCCCATCTCCTTGAAAACATCGTA	1
3	2	1	CCCATCTCCTTGAAAACATCGTAA	1
4	3	2	CCATCTCCTTGAAAACATCGTAAA	1
5	4	2	CATCTCCTTGAAAACATCGTAAAA	1
6	5	2	ATCTCCTTGAAAACATCGTAAAAA	1
7	6	2	TCTCCTTGAAAACATCGTAAAAAA	1
8	7	2	CTCCTTGAAAACATCGTAAAAAAG	1
9	8	2	TCCTTGAAAACATCGTAAAAAAGC	1
10	9	2	CCTTGAAAACATCGTAAAAAAGCG	1
11	10	2	CTTGAAAACATCGTAAAAAAGCGA	1
12	11	2	TTGAAAACATCGTAAAAAAGCGAA	1
13	12	2	TGAAAACATCGTAAAAAAGCGAAT	1
14	13	4	GAAAACATCGTAAAAAAGCGAATT	1
15	14	4	AAAACATCGTAAAAAAGCGAATTT	1
16	15	4	AAACATCGTAAAAAAGCGAATTTG	1
17	16	4	AACATCGTAAAAAAGCGAATTTGT	1
18	17	4	ACATCGTAAAAAAGCGAATTTGTT	1
19	18	4	CATCGTAAAAAAGCGAATTTGTTA	1
20	19	4	ATCGTAAAAAAGCGAATTTGTTAG	1
21	20	4	TCGTAAAAAAGCGAATTTGTTAGT	1
22	21	4	CGTAAAAAAGCGAATTTGTTAGTG	1
23	22	4	GTAAAAAAGCGAATTTGTTAGTGT	1
24	23	4	TAAAAAAGCGAATTTGTTAGTGTA	1
25	24	4	AAAAAAGCGAATTTGTTAGTGTAA	1
26	25	4	AAAAAGCGAATTTGTTAGTGTAAT	1
27	26	4	AAAAGCGAATTTGTTAGTGTAATG	1
28	27	4	AAAGCGAATTTGTTAGTGTAATGA	1
29	28	3	AAGCGAATTTGTTAGTGTAATGAG	1
30	29	3	AGCGAATTTGTTAGTGTAATGAGC	1
31	30	3	GCGAATTTGTTAGTGTAATGAGCA	1
32	31	3	CGAATTTGTTAGTGTAATGAGCAT	1
33	32	3	GAATTTGTTAGTGTAATGAGCATG	1
34	33	3	AATTTGTTAGTGTAATGAGCATGA	1
35	34	3	ATTTGTTAGTGTAATGAGCATGAT	1
36	35	3	TTTGTTAGTGTAATGAGCATGATG	1
37	36	3	TTGTTAGTGTAATGAGCATGATGA	1
38	37	3	TGTTAGTGTAATGAGCATGATGAA	1
39	38	3	GTTAGTGTAATGAGCATGATGAAT	1
40	39	3	TTAGTGTAATGAGCATGATGAATC	1
41	40	3	TAGTGTAATGAGCATGATGAATCG	1
42	41	3	AGTGTAATGAGCATGATGAATCGT	1
43	42	3	GTGTAATGAGCATGATGAATCGTA	1
44	43	3	TGTAATGAGCATGATGAATCGTAA	1
45	44	3	GTAATGAGCATGATGAATCGTAAC	1
46	45	2	TAATGAGCATGATGAATCGTAACA	1
47	46	2	AATGAGCATGATGAATCGTAACAT	1
48	47	1	ATGAGCATGATGAATCGTAACATT	1
49	48	1	TGAGCATGATGAATCGTAACATTG	1
50	49	1	GAGCATGATGAATCGTAACATTGG	1
51	50	1	AGCATGATGAATCGTAACATTGGC	1
52	51	1	GCATGATGAATCGTAACATTGGCT	1
53	52	1	CATGATGAATCGTAACATTGGCTT	1
54	53	2	ATGATGAATCGTAACATTGGCTTC	1
55	54	2	TGATGAATCGTAACATTGGCTTCC	1
56	55	2	GATGAATCGTAACATTGGCTTCCT	1
57	56	2	ATGAATCGTAACATTGGCTTCCTA	1
58	-1	0	TGATATTGGCTAGTGCCAATGCGT	1
59	58	1	GATATTGGCTAGTGCCAATGCGTA	1
60	59	1	ATATTGGCTAGTGCCAATGCGTAT	1
61	60	1	TATTGGCTAGTGCCAATGCGTATT	1
62	61	1	ATTGGCTAGTGCCAATGCGTATTA	1
63	62	1	TTGGCTAGTGCCAATGCGTATTAT	1
64	63	1	TGGCTAGTGCCAATGCGTATTATA	1
65	64	1	GGCTAGTGCCAATGCGTATTATAT	1
66	65	1	GCTAGTGCCAATGCGTATTATATT	1
67	66	1	CTAGTGCCAATGCGTATTATATTT	1
68	67	1	TAGTGCCAATGCGTATTATATTTA	1
69	68	1	AGTGCCAATGCGTATTATATTTAT	1
70	69	1	GTGCCAATGCGTATTATATTTATT	1
71	70	2	TGCCAATGCGTATTATATTTATTG	1
72	71	3	GCCAATGCGTATTATATTTATTGC	1
73	72	3	CCAATGCGTATTATATTTATTGCA	1
74	73	3	CAATGCGTATTATATTTATTGCAA	1
75	74	3	AATGCGTATTATATTTATTGCAAG	1
76	75	4	ATGCGTATTATATTTATTGCAAGC	1
77	76	4	TGCGTATTATATTTATTGCAAGCA	1
78	77	4	GCGTATTATATTTATTGCAAGCAT	1
79	78	4	CGTATTATATTTATTGCAAGCATC	1
80	79	4	GTATTATATTTATTGCAAGCATCA	1
81	80	4	TATTATATTTATTGCAAGCATCAA	1
82	81	4	ATTATATTTATTGCAAGCATCAAG	1
83	82	4	TTATATTTATTGCAAGCATCAAGA	1
84	83	4	TATATTTATTGCAAGCATCAAGAG	1
85	84	4	ATATTTATTGCAAGCATCAAGAGC	1
86	85	4	TATTTATTGCAAGCATCAAGAGCA	1
87	86	4	ATTTATTGCAAGCATCAAGAGCAT	1
88	87	4	TTTATTGCAAGCATCAAGAGCATG	1
89	88	4	TTATTGCAAGCATCAAGAGCATGC	1
90	89	4	TATTGCAAGCATCAAGAGCATGCC	1
91	90	4	ATTGCAAGCATCAAGAGCATGCCA	1
92	91	4	TTGCAAGCATCAAGAGCATGCCAA	1
93	92	4	TGCAAGCATCAAGAGCATGCCAAG	1
94	93	4	GCAAGCATCAAGAGCATGCCAAGC	1
95	94	4	CAAGCATCAAGAGCATGCCAAGCA	1
96	95	4	AAGCATCAAGAGCATGCCAAGCAT	1
97	96	4	AGCATCAAGAGCATGCCAAGCATG	1
98	97	4	GCATCAAGAGCATGCCAAGCATGT	1
99	98	4	CATCAAGAGCATGCCAAGCATGTT	1
100	99	5	ATCAAGAGCATGCCAAGCATGTTG	1
101	100	5	TCAAGAGCATGCCAAGCATGTTGA	1
102	101	5	CAAGAGCATGCCAAGCATGTTGAA	1
103	102	4	AAGAGCATGCCAAGCATGTTGAAG	1
104	103	4	AGAGCATGCCAAGCATGTTGAAGA	1
105	104	4	GAGCATGCCAAGCATGTTGAAGAT	1
106	105	4	AGCATGCCAAGCATGTTGAAGATA	1
107	106	4	GCATGCCAAGCATGTTGAAGATAC	1
108	107	4	CATGCCAAGCATGTTGAAGATACG	1
109	108	4	ATGCCAAGCATGTTGAAGATACGG	1
110	109	4	TGCCAAGCATGTTGAAGATACGGA	1
111	110	4	GCCAAGCATGTTGAAGATACGGAC	1
112	111	4	CCAAGCATGTTGAAGATACGGACC	1
113	112	4	CAAGCATGTTGAAGATACGGACCC	1
114	113	3	AAGCATGTTGAAGATACGGACCCT	1
115	114	2	AGCATGTTGAAGATACGGACCCTG	1
116	115	2	GCATGTTGAAGATACGGACCCTGG	1
117	116	2	CATGTTGAAGATACGGACCCTGGT	1
118	117	2	ATGTTGAAGATACGGACCCTGGTT	1
119	118	2	TGTTGAAGATACGGACCCTGGTTA	1
120	119	1	GTTGAAGATACGGACCCTGGTTAT	1
121	120	1	TTGAAGATACGGACCCTGGTTATA	1
122	121	1	TGAAGATACGGACCCTGGTTATAG	1
123	122	1	GAAGATACGGACCCTGGTTATAGC	1
124	123	1	AAGATACGGACCCTGGTTATAGCT	1
125	124	1	AGATACGGACCCTGGTTATAGCTT	1
126	125	1	GATACGGACCCTGGTTATAGCTTT	1
127	126	1	ATACGGACCCTGGTTATAGCTTTG	1
128	127	2	TACGGACCCTGGTTATAGCTTTGA	1
129	128	2	ACGGACCCTGGTTATAGCTTTGAA	1
130	129	2	CGGACCCTGGTTATAGCTTTGAAA	1
131	130	2	GGACCCTGGTTATAGCTTTGAAAA	1
132	131	2	GACCCTGGTTATAGCTTTGAAAAT	1
133	132	2	ACCCTGGTTATAGCTTTGAAAATT	1
134	133	2	CCCTGGTTATAGCTTTGAAAATTT	1
135	134	2	CCTGGTTATAGCTTTGAAAATTTG	1
136	135	2	CTGGTTATAGCTTTGAAAATTTGC	1
137	136	2	TGGTTATAGCTTTGAAAATTTGCG	1
138	137	2	GGTTATAGCTTTGAAAATTTGCGC	1
139	138	2	GTTATAGCTTTGAAAATTTGCGCT	1
140	139	2	TTATAGCTTTGAAAATTTGCGCTT	1
141	140	2	TATAGCTTTGAAAATTTGCGCTTC	1
142	141	2	ATAGCTTTGAAAATTTGCGCTTCA	1
143	142	2	TAGCTTTGAAAATTTGCGCTTCAA	1
144	143	2	AGCTTTGAAAATTTGCGCTTCAAA	1
145	144	2	GCTTTGAAAATTTGCGCTTCAAAA	1
146	145	2	CTTTGAAAATTTGCGCTTCAAAAA	1
147	146	4	TTTGAAAATTTGCGCTTCAAAAAG	1
148	147	4	TTGAAAATTTGCGCTTCAAAAAGT	1
149	148	4	TGAAAATTTGCGCTTCAAAAAGTA	1
150	149	4	GAAAATTTGCGCTTCAAAAAGTAT	1
151	150	4	AAAATTTGCGCTTCAAAAAGTATC	1
152	151	4	AAATTTGCGCTTCAAAAAGTATCC	1
153	152	4	AATTTGCGCTTCAAAAAGTATCCA	1
154	153	4	ATTTGCGCTTCAAAAAGTATCCAT	1
155	154	4	TTTGCGCTTCAAAAAGTATCCATG	1
156	155	4	TTGCGCTTCAAAAAGTATCCATGG	1
157	156	4	TGCGCTTCAAAAAGTATCCATGGG	1
158	157	4	GCGCTTCAAAAAGTATCCATGGGG	1
159	158	4	CGCTTCAAAAAGTATCCATGGGGA	1
160	159	4	GCTTCAAAAAGTATCCATGGGGAG	1
161	160	4	CTTCAAAAAGTATCCATGGGGAGA	1
162	161	4	TTCAAAAAGTATCCATGGGGAGAC	1
163	162	4	TCAAAAAGTATCCATGGGGAGACG	1
164	163	5	CAAAAAGTATCCATGGGGAGACGG	1
165	164	5	AAAAAGTATCCATGGGGAGACGGT	1
166	165	5	AAAAGTATCCATGGGGAGACGGTA	1
167	166	5	AAAGTATCCATGGGGAGACGGTAG	1
168	167	5	AAGTATCCATGGGGAGACGGTAGC	1
169	168	5	AGTATCCATGGGGAGACGGTAGCA	1
170	169	5	GTATCCATGGGGAGACGGTAGCAA	1
171	170	5	TATCCATGGGGAGACGGTAGCAAG	1
172	171	4	ATCCATGGGGAGACGGTAGCAAGA	1
173	172	4	TCCATGGGGAGACGGTAGCAAGAC	1
174	173	3	CCATGGGGAGACGGTAGCAAGACA	1
175	174	3	CATGGGGAGACGGTAGCAAGACAC	1
176	175	3	ATGGGGAGACGGTAGCAAGACACT	1
177	176	3	TGGGGAGACGGTAGCAAGACACTT	1
178	177	3	GGGGAGACGGTAGCAAGACACTTT	1
179	178	3	GGGAGACGGTAGCAAGACACTTTT	1
180	179	3	GGAGACGGTAGCAAGACACTTTTC	1
181	180	3	GAGACGGTAGCAAGACACTTTTCT	1
182	181	3	AGACGGTAGCAAGACACTTTTCTG	1
183	182	3	GACGGTAGCAAGACACTTTTCTGG	1
184	183	3	ACGGTAGCAAGACACTTTTCTGGA	1
185	184	3	CGGTAGCAAGACACTTTTCTGGAA	1
186	185	3	GGTAGCAAGACACTTTTCTGGAAT	1
187	186	3	GTAGCAAGACACTTTTCTGGAATG	1
188	187	2	TAGCAAGACACTTTTCTGGAATGA	1
189	188	2	AGCAAGACACTTTTCTGGAATGAT	1
190	189	2	GCAAGACACTTTTCTGGAATGATA	1
191	190	1	CAAGACACTTTTCTGGAATGATAA	1
192	191	1	AAGACACTTTTCTGGAATGATAAA	1
193	192	1	AGACACTTTTCTGGAATGATAAAG	1
194	193	1	GACACTTTTCTGGAATGATAAAGT	1
195	194	1	ACACTTTTCTGGAATGATAAAGTC	1
196	195	1	CACTTTTCTGGAATGATAAAGTCA	1
197	196	1	ACTTTTCTGGAATGATAAAGTCAA	1
198	197	1	CTTTTCTGGAATGATAAAGTCAAT	1
199	198	1	TTTTCTGGAATGATAAAGTCAATC	1
200	199	1	TTTCTGGAATGATAAAGTCAATCA	1
201	200	1	TTCTGGAATGATAAAGTCAATCAT	1
202	201	1	TCTGGAATGATAAAGTCAATCATT	1
203	202	1	CTGGAATGATAAAGTCAATCATTT	1
204	203	1	TGGAATGATAAAGTCAATCATTTA	1
205	204	1	GGAATGATAAAGTCAATCATTTAA	1
206	205	1	GAATGATAAAGTCAATCATTTAAA	1
207	206	1	AATGATAAAGTCAATCATTTAAAG	1
208	-1	0	GCGGGTTTGCTCAGCTTTCGAGCT	1
209	208	1	CGGGTTTGCTCAGCTTTCGAGCTT	1
210	209	1	GGGTTTGCTCAGCTTTCGAGCTTA	1
211	210	1	GGTTTGCTCAGCTTTCGAGCTTAT	1
212	211	1	GTTTGCTCAGCTTTCGAGCTTATA	1
213	212	2	TTTGCTCAGCTTTCGAGCTTATAG	1
214	213	2	TTGCTCAGCTTTCGAGCTTATAGT	1
215	214	2	TGCTCAGCTTTCGAGCTTATAGTA	1
216	215	2	GCTCAGCTTTCGAGCTTATAGTAA	1
217	216	3	CTCAGCTTTCGAGCTTATAGTAAC	1
218	217	3	TCAGCTTTCGAGCTTATAGTAACG	1
219	218	3	CAGCTTTCGAGCTTATAGTAACGA	1
220	219	3	AGCTTTCGAGCTTATAGTAACGAA	1
221	220	3	GCTTTCGAGCTTATAGTAACGAAG	1
222	221	3	CTTTCGAGCTTATAGTAACGAAGC	1
223	222	3	TTTCGAGCTTATAGTAACGAAGCA	1
224	223	3	TTCGAGCTTATAGTAACGAAGCAA	1
225	224	3	TCGAGCTTATAGTAACGAAGCAAA	1
226	225	3	CGAGCTTATAGTAACGAAGCAAAG	1
227	226	3	GAGCTTATAGTAACGAAGCAAAGG	1
228	227	3	AGCTTATAGTAACGAAGCAAAGGT	1
229	228	3	GCTTATAGTAACGAAGCAAAGGTG	1
230	229	3	CTTATAGTAACGAAGCAAAGGTGA	1
231	230	3	TTATAGTAACGAAGCAAAGGTGAA	1
232	231	3	TATAGTAACGAAGCAAAGGTGAAC	1
233	232	3	ATAGTAACGAAGCAAAGGTGAACT	1
234	233	3	TAGTAACGAAGCAAAGGTGAACTG	1
235	234	3	AGTAACGAAGCAAAGGTGAACTGG	1
236	235	3	GTAACGAAGCAAAGGTGAACTGGC	1
237	236	3	TAACGAAGCAAAGGTGAACTGGCT	1
238	237	3	AACGAAGCAAAGGTGAACTGGCTT	1
239	238	3	ACGAAGCAAAGGTGAACTGGCTTG	1
240	239	3	CGAAGCAAAGGTGAACTGGCTTGA	1
241	240	3	GAAGCAAAGGTGAACTGGCTTGAA	1
242	241	3	AAGCAAAGGTGAACTGGCTTGAAG	1
243	242	3	AGCAAAGGTGAACTGGCTTGAAGA	1
244	243	3	GCAAAGGTGAACTGGCTTGAAGAG	1
245	244	3	CAAAGGTGAACTGGCTTGAAGAGG	1
246	245	4	AAAGGTGAACTGGCTTGAAGAGGT	1
247	246	4	AAGGTGAACTGGCTTGAAGAGGTT	1
248	247	4	AGGTGAACTGGCTTGAAGAGGTTC	1
249	248	5	GGTGAACTGGCTTGAAGAGGTTCA	1
250	249	5	GTGAACTGGCTTGAAGAGGTTCAA	1
251	250	5	TGAACTGGCTTGAAGAGGTTCAAG	1
252	251	5	GAACTGGCTTGAAGAGGTTCAAGC	1
253	252	4	AACTGGCTTGAAGAGGTTCAAGCA	1
254	253	4	ACTGGCTTGAAGAGGTTCAAGCAG	1
255	254	4	CTGGCTTGAAGAGGTTCAAGCAGA	1
256	255	5	TGGCTTGAAGAGGTTCAAGCAGAA	1
257	256	4	GGCTTGAAGAGGTTCAAGCAGAAG	1
258	257	4	GCTTGAAGAGGTTCAAGCAGAAGA	1
259	258	4	CTTGAAGAGGTTCAAGCAGAAGAG	1
260	259	4	TTGAAGAGGTTCAAGCAGAAGAGG	1
261	260	3	TGAAGAGGTTCAAGCAGAAGAGGA	1
262	261	3	GAAGAGGTTCAAGCAGAAGAGGAG	1
263	262	2	AAGAGGTTCAAGCAGAAGAGGAGC	1
264	263	2	AGAGGTTCAAGCAGAAGAGGAGCA	1
265	264	2	GAGGTTCAAGCAGAAGAGGAGCAT	1
266	265	2	AGGTTCAAGCAGAAGAGGAGCATG	1
267	266	2	GGTTCAAGCAGAAGAGGAGCATGC	1
268	267	2	GTTCAAGCAGAAGAGGAGCATGCA	1
269	268	2	TTCAAGCAGAAGAGGAGCATGCAA	1
270	269	2	TCAAGCAGAAGAGGAGCATGCAAA	1
271	270	3	CAAGCAGAAGAGGAGCATGCAAAG	1
272	271	3	AAGCAGAAGAGGAGCATGCAAAGC	1
273	272	3	AGCAGAAGAGGAGCATGCAAAGCG	1
274	273	3	GCAGAAGAGGAGCATGCAAAGCGT	1
275	274	3	CAGAAGAGGAGCATGCAAAGCGTA	1
276	275	4	AGAAGAGGAGCATGCAAAGCGTAG	1
277	276	4	GAAGAGGAGCATGCAAAGCGTAGC	1
278	277	4	AAGAGGAGCATGCAAAGCGTAGCA	1
279	278	4	AGAGGAGCATGCAAAGCGTAGCAG	1
280	279	4	GAGGAGCATGCAAAGCGTAGCAGT	1
281	280	5	AGGAGCATGCAAAGCGTAGCAGTG	1
282	281	5	GGAGCATGCAAAGCGTAGCAGTGA	1
283	282	5	GAGCATGCAAAGCGTAGCAGTGAA	1
284	283	5	AGCATGCAAAGCGTAGCAGTGAAT	1
285	284	5	GCATGCAAAGCGTAGCAGTGAATT	1
286	285	5	CATGCAAAGCGTAGCAGTGAATTC	1
287	286	5	ATGCAAAGCGTAGCAGTGAATTCT	1
288	287	5	TGCAAAGCGTAGCAGTGAATTCTG	1
289	288	5	GCAAAGCGTAGCAGTGAATTCTGG	1
290	289	5	CAAAGCGTAGCAGTGAATTCTGGA	1
291	290	5	AAAGCGTAGCAGTGAATTCTGGAA	1
292	291	5	AAGCGTAGCAGTGAATTCTGGAAG	1
293	292	5	AGCGTAGCAGTGAATTCTGGAAGA	1
294	293	5	GCGTAGCAGTGAATTCTGGAAGAA	1
295	294	5	CGTAGCAGTGAATTCTGGAAGAAA	1
296	295	5	GTAGCAGTGAATTCTGGAAGAAAG	1
297	296	5	TAGCAGTGAATTCTGGAAGAAAGT	1
298	297	5	AGCAGTGAATTCTGGAAGAAAGTG	1
299	298	4	GCAGTGAATTCTGGAAGAAAGTGA	1
300	299	3	CAGTGAATTCTGGAAGAAAGTGAC	1
301	300	3	AGTGAATTCTGGAAGAAAGTGACT	1
302	301	3	GTGAATTCTGGAAGAAAGTGACTT	1
303	302	3	TGAATTCTGGAAGAAAGTGACTTA	1
304	303	3	GAATTCTGGAAGAAAGTGACTTAT	1
305	304	3	AATTCTGGAAGAAAGTGACTTATT	1
306	305	3	ATTCTGGAAGAAAGTGACTTATTA	1
307	306	3	TTCTGGAAGAAAGTGACTTATTAC	1
308	307	3	TCTGGAAGAAAGTGACTTATTACA	1
309	308	3	CTGGAAGAAAGTGACTTATTACAT	1
310	309	3	TGGAAGAAAGTGACTTATTACATT	1
311	310	3	GGAAGAAAGTGACTTATTACATTG	1
312	311	3	GAAGAAAGTGACTTATTACATTGG	1
313	312	3	AAGAAAGTGACTTATTACATTGGT	1
314	313	3	AGAAAGTGACTTATTACATTGGTG	1
315	314	3	GAAAGTGACTTATTACATTGGTGG	1
316	315	3	AAAGTGACTTATTACATTGGTGGA	1
317	316	3	AAGTGACTTATTACATTGGTGGAC	1
318	317	3	AGTGACTTATTACATTGGTGGACC	1
319	318	3	GTGACTTATTACATTGGTGGACCA	1
320	319	2	TGACTTATTACATTGGTGGACCAG	1
321	320	2	GACTTATTACATTGGTGGACCAGC	1
322	321	2	ACTTATTACATTGGTGGACCAGCA	1
323	322	2	CTTATTACATTGGTGGACCAGCAT	1
324	323	2	TTATTACATTGGTGGACCAGCATT	1
325	324	1	TATTACATTGGTGGACCAGCATTG	1
326	325	1	ATTACATTGGTGGACCAGCATTGA	1
327	326	1	TTACATTGGTGGACCAGCATTGAT	1
328	327	1	TACATTGGTGGACCAGCATTGATA	1
329	328	1	ACATTGGTGGACCAGCATTGATAT	1
330	329	1	CATTGGTGGACCAGCATTGATATT	1
331	330	1	ATTGGTGGACCAGCATTGATATTG	1
332	331	1	TTGGTGGACCAGCATTGATATTGG	1
333	332	1	TGGTGGACCAGCATTGATATTGGC	1
334	-1	0	AAGTCAATCATTTAAAGAAGGATG	1
335	334	1	AGTCAATCATTTAAAGAAGGATGA	1
336	335	1	GTCAATCATTTAAAGAAGGATGAT	1
337	336	1	TCAATCATTTAAAGAAGGATGATG	1
338	337	1	CAATCATTTAAAGAAGGATGATGA	1
339	338	1	AATCATTTAAAGAAGGATGATGAA	1
340	339	2	ATCATTTAAAGAAGGATGATGAAT	1
341	340	2	TCATTTAAAGAAGGATGATGAATA	1
342	341	2	CATTTAAAGAAGGATGATGAATAG	1
343	342	2	ATTTAAAGAAGGATGATGAATAGG	1
344	343	3	TTTAAAGAAGGATGATGAATAGGC	1
345	344	3	TTAAAGAAGGATGATGAATAGGCA	1
346	345	3	TAAAGAAGGATGATGAATAGGCAT	1
347	346	3	AAAGAAGGATGATGAATAGGCATA	1
348	347	3	AAGAAGGATGATGAATAGGCATAG	1
349	348	3	AGAAGGATGATGAATAGGCATAGC	1
350	349	3	GAAGGATGATGAATAGGCATAGCG	1
351	350	3	AAGGATGATGAATAGGCATAGCGT	1
352	351	3	AGGATGATGAATAGGCATAGCGTT	1
353	352	3	GGATGATGAATAGGCATAGCGTTC	1
354	353	3	GATGATGAATAGGCATAGCGTTCT	1
355	354	3	ATGATGAATAGGCATAGCGTTCTT	1
356	355	3	TGATGAATAGGCATAGCGTTCTTT	1
357	356	3	GATGAATAGGCATAGCGTTCTTTA	1
358	357	3	ATGAATAGGCATAGCGTTCTTTAA	1
359	358	3	TGAATAGGCATAGCGTTCTTTAAG	1
360	359	3	GAATAGGCATAGCGTTCTTTAAGC	1
361	360	3	AATAGGCATAGCGTTCTTTAAGCC	1
362	361	3	ATAGGCATAGCGTTCTTTAAGCCT	1
363	362	4	TAGGCATAGCGTTCTTTAAGCCTT	1
364	363	4	AGGCATAGCGTTCTTTAAGCCTTT	1
365	364	3	GGCATAGCGTTCTTTAAGCCTTTT	1
366	365	3	GCATAGCGTTCTTTAAGCCTTTTT	1
367	366	3	CATAGCGTTCTTTAAGCCTTTTTG	1
368	367	3	ATAGCGTTCTTTAAGCCTTTTTGC	1
369	368	3	TAGCGTTCTTTAAGCCTTTTTGCA	1
370	369	3	AGCGTTCTTTAAGCCTTTTTGCAC	1
371	370	3	GCGTTCTTTAAGCCTTTTTGCACG	1
372	371	3	CGTTCTTTAAGCCTTTTTGCACGA	1
373	372	3	GTTCTTTAAGCCTTTTTGCACGAC	1
374	373	3	TTCTTTAAGCCTTTTTGCACGACT	1
375	374	3	TCTTTAAGCCTTTTTGCACGACTC	1
376	375	3	CTTTAAGCCTTTTTGCACGACTCA	1
377	376	3	TTTAAGCCTTTTTGCACGACTCAA	1
378	377	3	TTAAGCCTTTTTGCACGACTCAAT	1
379	378	3	TAAGCCTTTTTGCACGACTCAATT	1
380	379	3	AAGCCTTTTTGCACGACTCAATTA	1
381	380	3	AGCCTTTTTGCACGACTCAATTAA	1
382	381	3	GCCTTTTTGCACGACTCAATTAAC	1
383	382	3	CCTTTTTGCACGACTCAATTAACC	1
384	383	2	CTTTTTGCACGACTCAATTAACCC	1
385	384	2	TTTTTGCACGACTCAATTAACCCC	1
386	385	2	TTTTGCACGACTCAATTAACCCCC	1
387	386	2	TTTGCACGACTCAATTAACCCCCA	1
388	387	2	TTGCACGACTCAATTAACCCCCAT	1
389	388	2	TGCACGACTCAATTAACCCCCATA	1
390	389	2	GCACGACTCAATTAACCCCCATAC	1
391	390	2	CACGACTCAATTAACCCCCATACC	1
392	391	2	ACGACTCAATTAACCCCCATACCA	1
393	392	2	CGACTCAATTAACCCCCATACCAT	1
394	393	2	GACTCAATTAACCCCCATACCATG	1
395	394	2	ACTCAATTAACCCCCATACCATGT	1
396	395	2	CTCAATTAACCCCCATACCATGTA	1
397	396	2	TCAATTAACCCCCATACCATGTAG	1
398	397	2	CAATTAACCCCCATACCATGTAGC	1
399	398	2	AATTAACCCCCATACCATGTAGCA	1
400	399	3	ATTAACCCCCATACCATGTAGCAA	1
401	400	3	TTAACCCCCATACCATGTAGCAAG	1
402	401	3	TAACCCCCATACCATGTAGCAAGC	1
403	402	3	AACCCCCATACCATGTAGCAAGCA	1
404	403	3	ACCCCCATACCATGTAGCAAGCAA	1
405	404	3	CCCCCATACCATGTAGCAAGCAAA	1
406	405	3	CCCCATACCATGTAGCAAGCAAAG	1
407	406	2	CCCATACCATGTAGCAAGCAAAGA	1
408	407	2	CCATACCATGTAGCAAGCAAAGAA	1
409	408	2	CATACCATGTAGCAAGCAAAGAAG	1
410	409	2	ATACCATGTAGCAAGCAAAGAAGA	1
411	410	2	TACCATGTAGCAAGCAAAGAAGAA	1
412	411	2	ACCATGTAGCAAGCAAAGAAGAAC	1
413	412	2	CCATGTAGCAAGCAAAGAAGAACG	1
414	413	2	CATGTAGCAAGCAAAGAAGAACGA	1
415	414	2	ATGTAGCAAGCAAAGAAGAACGAA	1
416	415	2	TGTAGCAAGCAAAGAAGAACGAAT	1
417	416	2	GTAGCAAGCAAAGAAGAACGAATA	1
418	417	2	TAGCAAGCAAAGAAGAACGAATAA	1
419	418	2	AGCAAGCAAAGAAGAACGAATAAG	1
420	419	2	GCAAGCAAAGAAGAACGAATAAGG	1
421	420	2	CAAGCAAAGAAGAACGAATAAGGT	1
422	421	2	AAGCAAAGAAGAACGAATAAGGTG	1
423	422	2	AGCAAAGAAGAACGAATAAGGTGT	1
424	423	2	GCAAAGAAGAACGAATAAGGTGTT	1
425	424	2	CAAAGAAGAACGAATAAGGTGTTG	1
426	425	2	AAAGAAGAACGAATAAGGTGTTGG	1
427	426	2	AAGAAGAACGAATAAGGTGTTGGA	1
428	427	2	AGAAGAACGAATAAGGTGTTGGAG	1
429	428	3	GAAGAACGAATAAGGTGTTGGAGG	1
430	429	3	AAGAACGAATAAGGTGTTGGAGGG	1
431	430	2	AGAACGAATAAGGTGTTGGAGGGA	1
432	431	2	GAACGAATAAGGTGTTGGAGGGAT	1
433	432	2	AACGAATAAGGTGTTGGAGGGATG	1
434	433	2	ACGAATAAGGTGTTGGAGGGATGC	1
435	434	2	CGAATAAGGTGTTGGAGGGATGCA	1
436	435	2	GAATAAGGTGTTGGAGGGATGCAT	1
437	436	2	AATAAGGTGTTGGAGGGATGCATA	1
438	437	2	ATAAGGTGTTGGAGGGATGCATAA	1
439	438	2	TAAGGTGTTGGAGGGATGCATAAC	1
440	439	2	AAGGTGTTGGAGGGATGCATAACG	1
441	440	2	AGGTGTTGGAGGGATGCATAACGG	1
442	441	2	GGTGTTGGAGGGATGCATAACGGA	1
443	442	2	GTGTTGGAGGGATGCATAACGGAA	1
444	443	1	TGTTGGAGGGATGCATAACGGAAA	1
445	444	1	GTTGGAGGGATGCATAACGGAAAG	1
446	445	1	TTGGAGGGATGCATAACGGAAAGT	1
447	446	1	TGGAGGGATGCATAACGGAAAGTG	1
448	447	1	GGAGGGATGCATAACGGAAAGTGT	1
449	448	1	GAGGGATGCATAACGGAAAGTGTG	1
450	449	1	AGGGATGCATAACGGAAAGTGTGT	1
451	450	1	GGGATGCATAACGGAAAGTGTGTT	1
452	451	1	GGATGCATAACGGAAAGTGTGTTT	1
453	452	1	GATGCATAACGGAAAGTGTGTTTT	1
454	453	1	ATGCATAACGGAAAGTGTGTTTTT	1
455	454	1	TGCATAACGGAAAGTGTGTTTTTA	1
456	455	1	GCATAACGGAAAGTGTGTTTTTAG	1
457	456	1	CATAACGGAAAGTGTGTTTTTAGC	1
458	457	1	ATAACGGAAAGTGTGTTTTTAGCA	1
459	458	1	TAACGGAAAGTGTGTTTTTAGCAA	1
460	459	1	AACGGAAAGTGTGTTTTTAGCAAT	1
461	460	1	ACGGAAAGTGTGTTTTTAGCAATG	1
462	461	1	CGGAAAGTGTGTTTTTAGCAATGC	1
463	462	1	GGAAAGTGTGTTTTTAGCAATGCT	1
464	463	1	GAAAGTGTGTTTTTAGCAATGCTA	1
465	464	1	AAAGTGTGTTTTTAGCAATGCTAA	1
466	465	1	AAGTGTGTTTTTAGCAATGCTAAA	1
467	466	1	AGTGTGTTTTTAGCAATGCTAAAA	1
468	467	1	GTGTGTTTTTAGCAATGCTAAAAG	1
469	468	1	TGTGTTTTTAGCAATGCTAAAAGG	1
470	469	1	GTGTTTTTAGCAATGCTAAAAGGT	1
471	470	1	TGTTTTTAGCAATGCTAAAAGGTA	1
472	471	1	GTTTTTAGCAATGCTAAAAGGTAA	1
