Component 612
1	-1	0	TGACACTATTGACAATGTCAAGAG	1
2	1	1	GACACTATTGACAATGTCAAGAGT	1
3	2	1	ACACTATTGACAATGTCAAGAGTA	1
4	3	1	CACTATTGACAATGTCAAGAGTAA	1
5	4	1	ACTATTGACAATGTCAAGAGTAAG	1
6	5	1	CTATTGACAATGTCAAGAGTAAGA	1
7	6	1	TATTGACAATGTCAAGAGTAAGAT	1
8	7	1	ATTGACAATGTCAAGAGTAAGATT	1
9	8	1	TTGACAATGTCAAGAGTAAGATTC	1
10	9	1	TGACAATGTCAAGAGTAAGATTCA	1
11	10	2	GACAATGTCAAGAGTAAGATTCAG	1
12	11	2	ACAATGTCAAGAGTAAGATTCAGG	1
13	12	2	CAATGTCAAGAGTAAGATTCAGGA	1
14	13	2	AATGTCAAGAGTAAGATTCAGGAC	1
15	14	2	ATGTCAAGAGTAAGATTCAGGACA	1
16	15	2	TGTCAAGAGTAAGATTCAGGACAA	1
17	16	2	GTCAAGAGTAAGATTCAGGACAAG	1
18	17	2	TCAAGAGTAAGATTCAGGACAAGG	1
19	18	2	CAAGAGTAAGATTCAGGACAAGGA	1
20	19	2	AAGAGTAAGATTCAGGACAAGGAA	1
21	20	2	AGAGTAAGATTCAGGACAAGGAAG	1
22	21	2	GAGTAAGATTCAGGACAAGGAAGG	1
23	22	2	AGTAAGATTCAGGACAAGGAAGGA	1
24	23	2	GTAAGATTCAGGACAAGGAAGGAA	1
25	24	2	TAAGATTCAGGACAAGGAAGGAAT	1
26	25	2	AAGATTCAGGACAAGGAAGGAATT	1
27	26	2	AGATTCAGGACAAGGAAGGAATTC	1
28	27	2	GATTCAGGACAAGGAAGGAATTCC	1
29	28	1	ATTCAGGACAAGGAAGGAATTCCT	1
30	29	1	TTCAGGACAAGGAAGGAATTCCTC	1
31	30	1	TCAGGACAAGGAAGGAATTCCTCC	1
32	31	1	CAGGACAAGGAAGGAATTCCTCCT	1
33	32	1	AGGACAAGGAAGGAATTCCTCCTG	1
34	33	1	GGACAAGGAAGGAATTCCTCCTGA	1
35	34	1	GACAAGGAAGGAATTCCTCCTGAT	1
36	35	1	ACAAGGAAGGAATTCCTCCTGATC	1
37	36	1	CAAGGAAGGAATTCCTCCTGATCA	1
38	37	1	AAGGAAGGAATTCCTCCTGATCAA	1
39	38	2	AGGAAGGAATTCCTCCTGATCAAC	1
40	39	2	GGAAGGAATTCCTCCTGATCAACA	1
41	40	3	GAAGGAATTCCTCCTGATCAACAA	1
42	41	5	AAGGAATTCCTCCTGATCAACAAC	1
43	42	6	AGGAATTCCTCCTGATCAACAACG	1
44	43	7	GGAATTCCTCCTGATCAACAACGT	1
45	44	6	GAATTCCTCCTGATCAACAACGTT	1
46	45	6	AATTCCTCCTGATCAACAACGTTT	1
47	46	6	ATTCCTCCTGATCAACAACGTTTG	1
48	47	6	TTCCTCCTGATCAACAACGTTTGA	1
49	48	6	TCCTCCTGATCAACAACGTTTGAT	1
50	49	6	CCTCCTGATCAACAACGTTTGATC	1
51	50	6	CTCCTGATCAACAACGTTTGATCT	1
52	51	6	TCCTGATCAACAACGTTTGATCTT	1
53	52	6	CCTGATCAACAACGTTTGATCTTT	1
54	53	6	CTGATCAACAACGTTTGATCTTTG	1
55	54	6	TGATCAACAACGTTTGATCTTTGC	1
56	55	6	GATCAACAACGTTTGATCTTTGCT	1
57	56	6	ATCAACAACGTTTGATCTTTGCTG	1
58	57	6	TCAACAACGTTTGATCTTTGCTGG	1
59	58	6	CAACAACGTTTGATCTTTGCTGGC	1
60	59	6	AACAACGTTTGATCTTTGCTGGCA	1
61	60	6	ACAACGTTTGATCTTTGCTGGCAA	1
62	61	6	CAACGTTTGATCTTTGCTGGCAAG	1
63	62	7	AACGTTTGATCTTTGCTGGCAAGC	1
64	63	8	ACGTTTGATCTTTGCTGGCAAGCA	1
65	64	8	CGTTTGATCTTTGCTGGCAAGCAA	1
66	65	8	GTTTGATCTTTGCTGGCAAGCAAC	1
67	66	8	TTTGATCTTTGCTGGCAAGCAACT	1
68	67	7	TTGATCTTTGCTGGCAAGCAACTC	1
69	68	6	TGATCTTTGCTGGCAAGCAACTCG	1
70	69	6	GATCTTTGCTGGCAAGCAACTCGA	1
71	70	6	ATCTTTGCTGGCAAGCAACTCGAG	1
72	71	6	TCTTTGCTGGCAAGCAACTCGAGG	1
73	72	6	CTTTGCTGGCAAGCAACTCGAGGA	1
74	73	6	TTTGCTGGCAAGCAACTCGAGGAC	1
75	74	6	TTGCTGGCAAGCAACTCGAGGACG	1
76	75	6	TGCTGGCAAGCAACTCGAGGACGG	1
77	76	6	GCTGGCAAGCAACTCGAGGACGGA	1
78	77	7	CTGGCAAGCAACTCGAGGACGGAC	1
79	78	7	TGGCAAGCAACTCGAGGACGGACG	1
80	79	7	GGCAAGCAACTCGAGGACGGACGT	1
81	80	7	GCAAGCAACTCGAGGACGGACGTA	1
82	81	6	CAAGCAACTCGAGGACGGACGTAC	1
83	82	6	AAGCAACTCGAGGACGGACGTACT	1
84	83	6	AGCAACTCGAGGACGGACGTACTT	1
85	84	6	GCAACTCGAGGACGGACGTACTTT	1
86	85	6	CAACTCGAGGACGGACGTACTTTG	1
87	86	5	AACTCGAGGACGGACGTACTTTGT	1
88	87	3	ACTCGAGGACGGACGTACTTTGTC	1
89	88	3	CTCGAGGACGGACGTACTTTGTCT	1
90	89	4	TCGAGGACGGACGTACTTTGTCTG	1
91	90	4	CGAGGACGGACGTACTTTGTCTGA	1
92	91	5	GAGGACGGACGTACTTTGTCTGAT	1
93	92	5	AGGACGGACGTACTTTGTCTGATT	1
94	93	5	GGACGGACGTACTTTGTCTGATTA	1
95	94	5	GACGGACGTACTTTGTCTGATTAT	1
96	95	5	ACGGACGTACTTTGTCTGATTATA	1
97	96	5	CGGACGTACTTTGTCTGATTATAA	1
98	97	6	GGACGTACTTTGTCTGATTATAAC	1
99	98	7	GACGTACTTTGTCTGATTATAACA	1
100	99	7	ACGTACTTTGTCTGATTATAACAT	1
101	100	7	CGTACTTTGTCTGATTATAACATC	1
102	101	8	GTACTTTGTCTGATTATAACATCC	1
103	102	8	TACTTTGTCTGATTATAACATCCA	1
104	103	8	ACTTTGTCTGATTATAACATCCAA	1
105	104	8	CTTTGTCTGATTATAACATCCAAA	1
106	105	8	TTTGTCTGATTATAACATCCAAAA	1
107	106	8	TTGTCTGATTATAACATCCAAAAG	1
108	107	7	TGTCTGATTATAACATCCAAAAGG	1
109	108	7	GTCTGATTATAACATCCAAAAGGA	1
110	109	7	TCTGATTATAACATCCAAAAGGAG	1
111	110	7	CTGATTATAACATCCAAAAGGAGT	1
112	111	9	TGATTATAACATCCAAAAGGAGTC	1
113	112	8	GATTATAACATCCAAAAGGAGTCC	1
114	113	8	ATTATAACATCCAAAAGGAGTCCA	1
115	114	8	TTATAACATCCAAAAGGAGTCCAC	1
116	115	8	TATAACATCCAAAAGGAGTCCACT	1
117	116	8	ATAACATCCAAAAGGAGTCCACTC	1
118	117	8	TAACATCCAAAAGGAGTCCACTCT	1
119	118	8	AACATCCAAAAGGAGTCCACTCTT	1
119	495	7	AACATCCAAAAGGAGTCCACTCTT	1
120	119	15	ACATCCAAAAGGAGTCCACTCTTC	1
121	120	15	CATCCAAAAGGAGTCCACTCTTCA	1
122	121	15	ATCCAAAAGGAGTCCACTCTTCAC	1
123	122	15	TCCAAAAGGAGTCCACTCTTCACC	1
124	123	16	CCAAAAGGAGTCCACTCTTCACCT	1
125	124	16	CAAAAGGAGTCCACTCTTCACCTC	1
126	125	16	AAAAGGAGTCCACTCTTCACCTCG	1
127	126	15	AAAGGAGTCCACTCTTCACCTCGT	1
128	127	16	AAGGAGTCCACTCTTCACCTCGTT	1
129	128	15	AGGAGTCCACTCTTCACCTCGTTT	1
130	129	18	GGAGTCCACTCTTCACCTCGTTTT	1
131	130	19	GAGTCCACTCTTCACCTCGTTTTG	1
132	131	19	AGTCCACTCTTCACCTCGTTTTGC	1
133	132	19	GTCCACTCTTCACCTCGTTTTGCG	1
134	133	18	TCCACTCTTCACCTCGTTTTGCGT	1
135	134	19	CCACTCTTCACCTCGTTTTGCGTC	1
136	135	19	CACTCTTCACCTCGTTTTGCGTCT	1
137	136	20	ACTCTTCACCTCGTTTTGCGTCTT	1
138	137	22	CTCTTCACCTCGTTTTGCGTCTTC	1
139	138	23	TCTTCACCTCGTTTTGCGTCTTCG	1
140	139	23	CTTCACCTCGTTTTGCGTCTTCGT	1
141	140	24	TTCACCTCGTTTTGCGTCTTCGTG	1
142	141	23	TCACCTCGTTTTGCGTCTTCGTGG	1
143	142	22	CACCTCGTTTTGCGTCTTCGTGGT	1
144	143	20	ACCTCGTTTTGCGTCTTCGTGGTG	1
145	144	20	CCTCGTTTTGCGTCTTCGTGGTGG	1
146	145	20	CTCGTTTTGCGTCTTCGTGGTGGT	1
147	146	19	TCGTTTTGCGTCTTCGTGGTGGTG	1
148	147	18	CGTTTTGCGTCTTCGTGGTGGTGG	1
149	148	19	GTTTTGCGTCTTCGTGGTGGTGGT	1
150	149	20	TTTTGCGTCTTCGTGGTGGTGGTA	1
151	150	20	TTTGCGTCTTCGTGGTGGTGGTAA	1
152	151	26	TTGCGTCTTCGTGGTGGTGGTAAG	1
153	152	26	TGCGTCTTCGTGGTGGTGGTAAGA	1
154	153	26	GCGTCTTCGTGGTGGTGGTAAGAA	1
155	154	27	CGTCTTCGTGGTGGTGGTAAGAAG	1
156	155	28	GTCTTCGTGGTGGTGGTAAGAAGC	1
157	156	33	TCTTCGTGGTGGTGGTAAGAAGCG	1
158	157	36	CTTCGTGGTGGTGGTAAGAAGCGT	1
159	158	36	TTCGTGGTGGTGGTAAGAAGCGTA	1
160	159	37	TCGTGGTGGTGGTAAGAAGCGTAA	1
161	160	37	CGTGGTGGTGGTAAGAAGCGTAAA	1
162	161	41	GTGGTGGTGGTAAGAAGCGTAAAA	1
163	162	42	TGGTGGTGGTAAGAAGCGTAAAAA	1
164	163	42	GGTGGTGGTAAGAAGCGTAAAAAG	1
165	164	42	GTGGTGGTAAGAAGCGTAAAAAGA	1
166	165	43	TGGTGGTAAGAAGCGTAAAAAGAA	1
167	166	43	GGTGGTAAGAAGCGTAAAAAGAAG	1
168	167	42	GTGGTAAGAAGCGTAAAAAGAAGA	1
169	168	42	TGGTAAGAAGCGTAAAAAGAAGAC	1
170	169	42	GGTAAGAAGCGTAAAAAGAAGACT	1
171	170	42	GTAAGAAGCGTAAAAAGAAGACTT	1
172	171	44	TAAGAAGCGTAAAAAGAAGACTTA	1
173	172	44	AAGAAGCGTAAAAAGAAGACTTAC	1
174	173	41	AGAAGCGTAAAAAGAAGACTTACA	1
175	174	40	GAAGCGTAAAAAGAAGACTTACAC	1
176	175	40	AAGCGTAAAAAGAAGACTTACACT	1
177	176	40	AGCGTAAAAAGAAGACTTACACTA	1
178	177	39	GCGTAAAAAGAAGACTTACACTAC	1
179	178	38	CGTAAAAAGAAGACTTACACTACT	1
180	179	38	GTAAAAAGAAGACTTACACTACTC	1
181	180	37	TAAAAAGAAGACTTACACTACTCC	1
182	181	35	AAAAAGAAGACTTACACTACTCCC	1
183	182	35	AAAAGAAGACTTACACTACTCCCA	1
184	183	35	AAAGAAGACTTACACTACTCCCAA	1
185	184	34	AAGAAGACTTACACTACTCCCAAG	1
186	185	33	AGAAGACTTACACTACTCCCAAGA	1
187	186	33	GAAGACTTACACTACTCCCAAGAA	1
188	187	33	AAGACTTACACTACTCCCAAGAAG	1
189	188	33	AGACTTACACTACTCCCAAGAAGA	1
190	189	33	GACTTACACTACTCCCAAGAAGAT	1
191	190	32	ACTTACACTACTCCCAAGAAGATC	1
192	191	32	CTTACACTACTCCCAAGAAGATCA	1
193	192	35	TTACACTACTCCCAAGAAGATCAA	1
194	193	34	TACACTACTCCCAAGAAGATCAAG	1
195	194	32	ACACTACTCCCAAGAAGATCAAGC	1
196	195	27	CACTACTCCCAAGAAGATCAAGCA	1
197	196	27	ACTACTCCCAAGAAGATCAAGCAC	1
198	197	27	CTACTCCCAAGAAGATCAAGCACA	1
199	198	26	TACTCCCAAGAAGATCAAGCACAA	1
200	199	24	ACTCCCAAGAAGATCAAGCACAAG	1
201	200	17	CTCCCAAGAAGATCAAGCACAAGC	1
202	201	14	TCCCAAGAAGATCAAGCACAAGCA	1
203	202	14	CCCAAGAAGATCAAGCACAAGCAC	1
204	203	13	CCAAGAAGATCAAGCACAAGCACA	1
205	204	13	CAAGAAGATCAAGCACAAGCACAA	1
206	205	9	AAGAAGATCAAGCACAAGCACAAG	1
207	206	8	AGAAGATCAAGCACAAGCACAAGA	1
208	207	8	GAAGATCAAGCACAAGCACAAGAA	1
209	208	8	AAGATCAAGCACAAGCACAAGAAG	1
210	209	7	AGATCAAGCACAAGCACAAGAAGG	1
211	210	7	GATCAAGCACAAGCACAAGAAGGT	1
212	211	7	ATCAAGCACAAGCACAAGAAGGTT	1
213	212	8	TCAAGCACAAGCACAAGAAGGTTG	1
214	213	8	CAAGCACAAGCACAAGAAGGTTGA	1
215	214	9	AAGCACAAGCACAAGAAGGTTGAG	1
216	215	6	AGCACAAGCACAAGAAGGTTGAGC	1
217	216	6	GCACAAGCACAAGAAGGTTGAGCT	1
218	217	6	CACAAGCACAAGAAGGTTGAGCTC	1
219	218	6	ACAAGCACAAGAAGGTTGAGCTCG	1
220	219	6	CAAGCACAAGAAGGTTGAGCTCGC	1
221	220	7	AAGCACAAGAAGGTTGAGCTCGCC	1
222	221	7	AGCACAAGAAGGTTGAGCTCGCCG	1
223	222	7	GCACAAGAAGGTTGAGCTCGCCGT	1
224	223	7	CACAAGAAGGTTGAGCTCGCCGTC	1
225	224	7	ACAAGAAGGTTGAGCTCGCCGTCC	1
226	225	7	CAAGAAGGTTGAGCTCGCCGTCCT	1
227	226	7	AAGAAGGTTGAGCTCGCCGTCCTC	1
228	227	7	AGAAGGTTGAGCTCGCCGTCCTCA	1
229	228	8	GAAGGTTGAGCTCGCCGTCCTCAA	1
230	229	6	AAGGTTGAGCTCGCCGTCCTCAAA	1
231	230	6	AGGTTGAGCTCGCCGTCCTCAAAT	1
232	231	6	GGTTGAGCTCGCCGTCCTCAAATA	1
233	232	6	GTTGAGCTCGCCGTCCTCAAATAC	1
234	233	6	TTGAGCTCGCCGTCCTCAAATACT	1
235	234	6	TGAGCTCGCCGTCCTCAAATACTA	1
236	235	6	GAGCTCGCCGTCCTCAAATACTAC	1
237	236	3	AGCTCGCCGTCCTCAAATACTACA	1
238	237	3	GCTCGCCGTCCTCAAATACTACAA	1
239	238	3	CTCGCCGTCCTCAAATACTACAAG	1
240	239	2	TCGCCGTCCTCAAATACTACAAGG	1
241	240	2	CGCCGTCCTCAAATACTACAAGGT	1
242	241	2	GCCGTCCTCAAATACTACAAGGTT	1
243	242	2	CCGTCCTCAAATACTACAAGGTTG	1
244	243	2	CGTCCTCAAATACTACAAGGTTGA	1
245	244	2	GTCCTCAAATACTACAAGGTTGAG	1
246	245	3	TCCTCAAATACTACAAGGTTGAGG	1
247	246	3	CCTCAAATACTACAAGGTTGAGGA	1
248	247	3	CTCAAATACTACAAGGTTGAGGAT	1
249	248	3	TCAAATACTACAAGGTTGAGGATG	1
250	249	3	CAAATACTACAAGGTTGAGGATGA	1
251	250	3	AAATACTACAAGGTTGAGGATGAT	1
252	251	3	AATACTACAAGGTTGAGGATGATG	1
253	252	3	ATACTACAAGGTTGAGGATGATGG	1
254	253	3	TACTACAAGGTTGAGGATGATGGA	1
255	254	5	ACTACAAGGTTGAGGATGATGGAA	1
256	255	7	CTACAAGGTTGAGGATGATGGAAG	1
257	256	6	TACAAGGTTGAGGATGATGGAAGC	1
258	257	6	ACAAGGTTGAGGATGATGGAAGCG	1
259	258	5	CAAGGTTGAGGATGATGGAAGCGT	1
260	259	5	AAGGTTGAGGATGATGGAAGCGTT	1
261	260	5	AGGTTGAGGATGATGGAAGCGTTA	1
262	261	5	GGTTGAGGATGATGGAAGCGTTAA	1
263	262	6	GTTGAGGATGATGGAAGCGTTAAG	1
264	263	6	TTGAGGATGATGGAAGCGTTAAGC	1
265	264	5	TGAGGATGATGGAAGCGTTAAGCG	1
266	265	5	GAGGATGATGGAAGCGTTAAGCGT	1
267	266	5	AGGATGATGGAAGCGTTAAGCGTC	1
268	267	5	GGATGATGGAAGCGTTAAGCGTCT	1
269	268	5	GATGATGGAAGCGTTAAGCGTCTT	1
270	269	5	ATGATGGAAGCGTTAAGCGTCTTC	1
271	270	5	TGATGGAAGCGTTAAGCGTCTTCG	1
272	271	5	GATGGAAGCGTTAAGCGTCTTCGT	1
273	272	4	ATGGAAGCGTTAAGCGTCTTCGTC	1
274	273	4	TGGAAGCGTTAAGCGTCTTCGTCG	1
275	274	4	GGAAGCGTTAAGCGTCTTCGTCGT	1
276	275	4	GAAGCGTTAAGCGTCTTCGTCGTG	1
277	276	4	AAGCGTTAAGCGTCTTCGTCGTGA	1
278	277	4	AGCGTTAAGCGTCTTCGTCGTGAG	1
279	278	4	GCGTTAAGCGTCTTCGTCGTGAGT	1
280	279	4	CGTTAAGCGTCTTCGTCGTGAGTG	1
281	280	4	GTTAAGCGTCTTCGTCGTGAGTGT	1
282	281	5	TTAAGCGTCTTCGTCGTGAGTGTC	1
283	282	6	TAAGCGTCTTCGTCGTGAGTGTCC	1
284	283	5	AAGCGTCTTCGTCGTGAGTGTCCC	1
285	284	5	AGCGTCTTCGTCGTGAGTGTCCCA	1
286	285	5	GCGTCTTCGTCGTGAGTGTCCCAA	1
287	286	5	CGTCTTCGTCGTGAGTGTCCCAAC	1
288	287	5	GTCTTCGTCGTGAGTGTCCCAACT	1
289	288	5	TCTTCGTCGTGAGTGTCCCAACTG	1
290	289	5	CTTCGTCGTGAGTGTCCCAACTGT	1
291	290	5	TTCGTCGTGAGTGTCCCAACTGTG	1
292	291	5	TCGTCGTGAGTGTCCCAACTGTGG	1
293	292	6	CGTCGTGAGTGTCCCAACTGTGGT	1
294	293	6	GTCGTGAGTGTCCCAACTGTGGTG	1
295	294	5	TCGTGAGTGTCCCAACTGTGGTGC	1
296	295	5	CGTGAGTGTCCCAACTGTGGTGCG	1
297	296	6	GTGAGTGTCCCAACTGTGGTGCGT	1
298	297	6	TGAGTGTCCCAACTGTGGTGCGTC	1
299	298	6	GAGTGTCCCAACTGTGGTGCGTCC	1
300	299	4	AGTGTCCCAACTGTGGTGCGTCCA	1
301	300	4	GTGTCCCAACTGTGGTGCGTCCAC	1
302	301	4	TGTCCCAACTGTGGTGCGTCCACC	1
303	302	4	GTCCCAACTGTGGTGCGTCCACCT	1
304	303	4	TCCCAACTGTGGTGCGTCCACCTT	1
305	304	4	CCCAACTGTGGTGCGTCCACCTTC	1
306	305	4	CCAACTGTGGTGCGTCCACCTTCA	1
307	306	4	CAACTGTGGTGCGTCCACCTTCAT	1
308	307	4	AACTGTGGTGCGTCCACCTTCATG	1
309	308	5	ACTGTGGTGCGTCCACCTTCATGG	1
310	309	5	CTGTGGTGCGTCCACCTTCATGGC	1
311	310	5	TGTGGTGCGTCCACCTTCATGGCC	1
312	311	5	GTGGTGCGTCCACCTTCATGGCCA	1
313	312	5	TGGTGCGTCCACCTTCATGGCCAA	1
314	313	5	GGTGCGTCCACCTTCATGGCCAAC	1
315	314	5	GTGCGTCCACCTTCATGGCCAACC	1
316	315	5	TGCGTCCACCTTCATGGCCAACCA	1
317	316	5	GCGTCCACCTTCATGGCCAACCAC	1
318	317	5	CGTCCACCTTCATGGCCAACCACA	1
319	318	5	GTCCACCTTCATGGCCAACCACAA	1
320	319	5	TCCACCTTCATGGCCAACCACAAG	1
320	512	7	TCCACCTTCATGGCCAACCACAAG	1
321	320	12	CCACCTTCATGGCCAACCACAAGG	1
322	321	12	CACCTTCATGGCCAACCACAAGGA	1
323	322	12	ACCTTCATGGCCAACCACAAGGAC	1
324	323	12	CCTTCATGGCCAACCACAAGGACC	1
325	324	12	CTTCATGGCCAACCACAAGGACCG	1
326	325	11	TTCATGGCCAACCACAAGGACCGC	1
327	326	10	TCATGGCCAACCACAAGGACCGCC	1
328	327	10	CATGGCCAACCACAAGGACCGCCT	1
329	328	10	ATGGCCAACCACAAGGACCGCCTT	1
330	329	10	TGGCCAACCACAAGGACCGCCTTT	1
331	330	10	GGCCAACCACAAGGACCGCCTTTA	1
332	331	10	GCCAACCACAAGGACCGCCTTTAC	1
333	332	10	CCAACCACAAGGACCGCCTTTACT	1
334	333	10	CAACCACAAGGACCGCCTTTACTG	1
335	334	10	AACCACAAGGACCGCCTTTACTGT	1
336	335	11	ACCACAAGGACCGCCTTTACTGTG	1
337	336	10	CCACAAGGACCGCCTTTACTGTGG	1
338	337	10	CACAAGGACCGCCTTTACTGTGGT	1
339	338	10	ACAAGGACCGCCTTTACTGTGGTA	1
340	339	10	CAAGGACCGCCTTTACTGTGGTAG	1
341	340	9	AAGGACCGCCTTTACTGTGGTAGA	1
342	341	9	AGGACCGCCTTTACTGTGGTAGAT	1
343	342	9	GGACCGCCTTTACTGTGGTAGATG	1
344	343	9	GACCGCCTTTACTGTGGTAGATGC	1
345	344	9	ACCGCCTTTACTGTGGTAGATGCC	1
346	345	9	CCGCCTTTACTGTGGTAGATGCCA	1
347	346	7	CGCCTTTACTGTGGTAGATGCCAC	1
348	347	6	GCCTTTACTGTGGTAGATGCCACT	1
349	348	6	CCTTTACTGTGGTAGATGCCACTT	1
350	349	6	CTTTACTGTGGTAGATGCCACTTG	1
351	350	4	TTTACTGTGGTAGATGCCACTTGA	1
352	351	4	TTACTGTGGTAGATGCCACTTGAC	1
353	-1	0	GGAAGAGGCAATACTTTGCTGACG	1
354	353	3	GAAGAGGCAATACTTTGCTGACGA	1
355	354	3	AAGAGGCAATACTTTGCTGACGAT	1
356	355	3	AGAGGCAATACTTTGCTGACGATG	1
357	356	3	GAGGCAATACTTTGCTGACGATGC	1
358	357	3	AGGCAATACTTTGCTGACGATGCA	1
359	358	3	GGCAATACTTTGCTGACGATGCAG	1
360	359	4	GCAATACTTTGCTGACGATGCAGA	1
361	360	19	CAATACTTTGCTGACGATGCAGAT	1
362	361	28	AATACTTTGCTGACGATGCAGATC	1
363	362	30	ATACTTTGCTGACGATGCAGATCT	1
364	363	30	TACTTTGCTGACGATGCAGATCTT	1
365	364	31	ACTTTGCTGACGATGCAGATCTTT	1
366	365	32	CTTTGCTGACGATGCAGATCTTTG	1
367	366	38	TTTGCTGACGATGCAGATCTTTGT	1
368	367	39	TTGCTGACGATGCAGATCTTTGTA	1
369	368	40	TGCTGACGATGCAGATCTTTGTAA	1
370	369	40	GCTGACGATGCAGATCTTTGTAAA	1
371	370	41	CTGACGATGCAGATCTTTGTAAAA	1
372	371	41	TGACGATGCAGATCTTTGTAAAAA	1
373	372	41	GACGATGCAGATCTTTGTAAAAAC	1
374	373	41	ACGATGCAGATCTTTGTAAAAACC	1
375	374	41	CGATGCAGATCTTTGTAAAAACCC	1
376	375	41	GATGCAGATCTTTGTAAAAACCCT	1
377	376	41	ATGCAGATCTTTGTAAAAACCCTT	1
378	377	41	TGCAGATCTTTGTAAAAACCCTTA	1
379	378	41	GCAGATCTTTGTAAAAACCCTTAC	1
380	379	41	CAGATCTTTGTAAAAACCCTTACG	1
381	380	42	AGATCTTTGTAAAAACCCTTACGG	1
382	381	41	GATCTTTGTAAAAACCCTTACGGG	1
383	382	40	ATCTTTGTAAAAACCCTTACGGGT	1
384	383	40	TCTTTGTAAAAACCCTTACGGGTA	1
385	384	40	CTTTGTAAAAACCCTTACGGGTAA	1
386	385	40	TTTGTAAAAACCCTTACGGGTAAG	1
387	386	40	TTGTAAAAACCCTTACGGGTAAGA	1
388	387	40	TGTAAAAACCCTTACGGGTAAGAC	1
389	388	40	GTAAAAACCCTTACGGGTAAGACC	1
390	389	40	TAAAAACCCTTACGGGTAAGACCA	1
391	390	40	AAAAACCCTTACGGGTAAGACCAT	1
392	391	40	AAAACCCTTACGGGTAAGACCATT	1
393	392	40	AAACCCTTACGGGTAAGACCATTA	1
394	393	40	AACCCTTACGGGTAAGACCATTAC	1
395	394	40	ACCCTTACGGGTAAGACCATTACC	1
396	395	40	CCCTTACGGGTAAGACCATTACCC	1
397	396	40	CCTTACGGGTAAGACCATTACCCT	1
398	397	37	CTTACGGGTAAGACCATTACCCTT	1
399	398	37	TTACGGGTAAGACCATTACCCTTG	1
400	399	37	TACGGGTAAGACCATTACCCTTGA	1
401	400	37	ACGGGTAAGACCATTACCCTTGAG	1
402	401	37	CGGGTAAGACCATTACCCTTGAGG	1
403	402	37	GGGTAAGACCATTACCCTTGAGGT	1
404	403	37	GGTAAGACCATTACCCTTGAGGTT	1
405	404	22	GTAAGACCATTACCCTTGAGGTTG	1
406	405	14	TAAGACCATTACCCTTGAGGTTGA	1
407	406	12	AAGACCATTACCCTTGAGGTTGAA	1
408	407	13	AGACCATTACCCTTGAGGTTGAAT	1
409	408	12	GACCATTACCCTTGAGGTTGAATC	1
410	409	11	ACCATTACCCTTGAGGTTGAATCC	1
411	410	5	CCATTACCCTTGAGGTTGAATCCT	1
412	411	4	CATTACCCTTGAGGTTGAATCCTC	1
413	412	3	ATTACCCTTGAGGTTGAATCCTCT	1
414	413	3	TTACCCTTGAGGTTGAATCCTCTG	1
415	414	3	TACCCTTGAGGTTGAATCCTCTGA	1
416	415	3	ACCCTTGAGGTTGAATCCTCTGAC	1
417	416	3	CCCTTGAGGTTGAATCCTCTGACA	1
418	417	3	CCTTGAGGTTGAATCCTCTGACAC	1
419	418	3	CTTGAGGTTGAATCCTCTGACACT	1
420	419	3	TTGAGGTTGAATCCTCTGACACTA	1
421	420	3	TGAGGTTGAATCCTCTGACACTAT	1
422	421	3	GAGGTTGAATCCTCTGACACTATT	1
423	422	2	AGGTTGAATCCTCTGACACTATTG	1
424	423	2	GGTTGAATCCTCTGACACTATTGA	1
425	424	1	GTTGAATCCTCTGACACTATTGAC	1
426	425	1	TTGAATCCTCTGACACTATTGACA	1
427	426	1	TGAATCCTCTGACACTATTGACAA	1
428	427	1	GAATCCTCTGACACTATTGACAAT	1
429	-1	0	TCCTGATCAACAACGTCTTATTTT	1
430	429	2	CCTGATCAACAACGTCTTATTTTC	1
431	430	2	CTGATCAACAACGTCTTATTTTCG	1
432	431	2	TGATCAACAACGTCTTATTTTCGC	1
433	432	2	GATCAACAACGTCTTATTTTCGCT	1
434	433	2	ATCAACAACGTCTTATTTTCGCTG	1
435	434	2	TCAACAACGTCTTATTTTCGCTGG	1
436	435	2	CAACAACGTCTTATTTTCGCTGGT	1
437	436	2	AACAACGTCTTATTTTCGCTGGTA	1
438	437	2	ACAACGTCTTATTTTCGCTGGTAA	1
439	438	2	CAACGTCTTATTTTCGCTGGTAAG	1
440	439	2	AACGTCTTATTTTCGCTGGTAAGC	1
441	440	2	ACGTCTTATTTTCGCTGGTAAGCA	1
442	441	2	CGTCTTATTTTCGCTGGTAAGCAG	1
443	442	2	GTCTTATTTTCGCTGGTAAGCAGT	1
444	443	4	TCTTATTTTCGCTGGTAAGCAGTT	1
445	444	4	CTTATTTTCGCTGGTAAGCAGTTA	1
446	445	4	TTATTTTCGCTGGTAAGCAGTTAG	1
447	446	3	TATTTTCGCTGGTAAGCAGTTAGA	1
448	447	3	ATTTTCGCTGGTAAGCAGTTAGAA	1
449	448	5	TTTTCGCTGGTAAGCAGTTAGAAG	1
450	449	5	TTTCGCTGGTAAGCAGTTAGAAGA	1
451	450	6	TTCGCTGGTAAGCAGTTAGAAGAT	1
452	451	6	TCGCTGGTAAGCAGTTAGAAGATG	1
453	452	6	CGCTGGTAAGCAGTTAGAAGATGG	1
454	453	6	GCTGGTAAGCAGTTAGAAGATGGA	1
455	454	6	CTGGTAAGCAGTTAGAAGATGGAC	1
456	455	6	TGGTAAGCAGTTAGAAGATGGACG	1
457	456	6	GGTAAGCAGTTAGAAGATGGACGT	1
458	457	6	GTAAGCAGTTAGAAGATGGACGTA	1
459	458	5	TAAGCAGTTAGAAGATGGACGTAC	1
460	459	5	AAGCAGTTAGAAGATGGACGTACT	1
461	460	5	AGCAGTTAGAAGATGGACGTACTT	1
462	461	5	GCAGTTAGAAGATGGACGTACTTT	1
463	462	5	CAGTTAGAAGATGGACGTACTTTG	1
464	463	5	AGTTAGAAGATGGACGTACTTTGT	1
465	464	5	GTTAGAAGATGGACGTACTTTGTC	1
466	465	5	TTAGAAGATGGACGTACTTTGTCT	1
467	466	5	TAGAAGATGGACGTACTTTGTCTG	1
468	467	5	AGAAGATGGACGTACTTTGTCTGA	1
469	468	5	GAAGATGGACGTACTTTGTCTGAT	1
470	469	5	AAGATGGACGTACTTTGTCTGATT	1
471	470	5	AGATGGACGTACTTTGTCTGATTA	1
472	471	5	GATGGACGTACTTTGTCTGATTAC	1
473	472	5	ATGGACGTACTTTGTCTGATTACA	1
474	473	5	TGGACGTACTTTGTCTGATTACAA	1
475	474	6	GGACGTACTTTGTCTGATTACAAC	1
476	475	6	GACGTACTTTGTCTGATTACAACA	1
477	476	7	ACGTACTTTGTCTGATTACAACAT	1
478	477	7	CGTACTTTGTCTGATTACAACATC	1
479	478	7	GTACTTTGTCTGATTACAACATCC	1
480	479	8	TACTTTGTCTGATTACAACATCCA	1
481	480	9	ACTTTGTCTGATTACAACATCCAA	1
482	481	9	CTTTGTCTGATTACAACATCCAAA	1
483	482	9	TTTGTCTGATTACAACATCCAAAA	1
484	483	11	TTGTCTGATTACAACATCCAAAAG	1
485	484	11	TGTCTGATTACAACATCCAAAAGG	1
486	485	11	GTCTGATTACAACATCCAAAAGGA	1
487	486	11	TCTGATTACAACATCCAAAAGGAG	1
488	487	9	CTGATTACAACATCCAAAAGGAGT	1
489	488	9	TGATTACAACATCCAAAAGGAGTC	1
490	489	9	GATTACAACATCCAAAAGGAGTCC	1
491	490	9	ATTACAACATCCAAAAGGAGTCCA	1
492	491	9	TTACAACATCCAAAAGGAGTCCAC	1
493	492	7	TACAACATCCAAAAGGAGTCCACT	1
494	493	7	ACAACATCCAAAAGGAGTCCACTC	1
495	494	7	CAACATCCAAAAGGAGTCCACTCT	1
496	-1	0	GTCCTAACTGTGGTGCATCCACCT	1
497	496	1	TCCTAACTGTGGTGCATCCACCTT	1
498	497	1	CCTAACTGTGGTGCATCCACCTTC	1
499	498	1	CTAACTGTGGTGCATCCACCTTCA	1
500	499	3	TAACTGTGGTGCATCCACCTTCAT	1
501	500	3	AACTGTGGTGCATCCACCTTCATG	1
502	501	6	ACTGTGGTGCATCCACCTTCATGG	1
503	502	6	CTGTGGTGCATCCACCTTCATGGC	1
504	503	6	TGTGGTGCATCCACCTTCATGGCC	1
505	504	6	GTGGTGCATCCACCTTCATGGCCA	1
506	505	7	TGGTGCATCCACCTTCATGGCCAA	1
507	506	7	GGTGCATCCACCTTCATGGCCAAC	1
508	507	7	GTGCATCCACCTTCATGGCCAACC	1
509	508	7	TGCATCCACCTTCATGGCCAACCA	1
510	509	7	GCATCCACCTTCATGGCCAACCAC	1
511	510	7	CATCCACCTTCATGGCCAACCACA	1
512	511	7	ATCCACCTTCATGGCCAACCACAA	1
