Component 614
1	-1	0	CGCTTCAACAAATCTAAGGCTGTT	1
2	1	1	GCTTCAACAAATCTAAGGCTGTTC	1
3	2	1	CTTCAACAAATCTAAGGCTGTTCA	1
4	3	1	TTCAACAAATCTAAGGCTGTTCAT	1
5	4	1	TCAACAAATCTAAGGCTGTTCATT	1
6	5	1	CAACAAATCTAAGGCTGTTCATTC	1
7	6	1	AACAAATCTAAGGCTGTTCATTCC	1
8	7	1	ACAAATCTAAGGCTGTTCATTCCA	1
9	8	1	CAAATCTAAGGCTGTTCATTCCAT	1
10	9	1	AAATCTAAGGCTGTTCATTCCATT	1
11	10	1	AATCTAAGGCTGTTCATTCCATTA	1
12	11	1	ATCTAAGGCTGTTCATTCCATTAT	1
13	12	1	TCTAAGGCTGTTCATTCCATTATG	1
14	13	1	CTAAGGCTGTTCATTCCATTATGC	1
15	14	1	TAAGGCTGTTCATTCCATTATGCG	1
16	15	1	AAGGCTGTTCATTCCATTATGCGC	1
17	16	1	AGGCTGTTCATTCCATTATGCGCC	1
18	17	1	GGCTGTTCATTCCATTATGCGCCA	1
19	18	1	GCTGTTCATTCCATTATGCGCCAT	1
20	19	1	CTGTTCATTCCATTATGCGCCATA	1
21	20	1	TGTTCATTCCATTATGCGCCATAT	1
22	21	1	GTTCATTCCATTATGCGCCATATT	1
23	22	1	TTCATTCCATTATGCGCCATATTG	1
24	23	1	TCATTCCATTATGCGCCATATTGC	1
25	24	1	CATTCCATTATGCGCCATATTGCT	1
26	25	1	ATTCCATTATGCGCCATATTGCTG	1
27	26	1	TTCCATTATGCGCCATATTGCTGA	1
28	27	1	TCCATTATGCGCCATATTGCTGAG	1
29	28	1	CCATTATGCGCCATATTGCTGAGA	1
30	29	1	CATTATGCGCCATATTGCTGAGAA	1
31	30	1	ATTATGCGCCATATTGCTGAGAAG	1
32	31	1	TTATGCGCCATATTGCTGAGAAGC	1
33	32	2	TATGCGCCATATTGCTGAGAAGCA	1
34	33	2	ATGCGCCATATTGCTGAGAAGCAT	1
35	34	2	TGCGCCATATTGCTGAGAAGCATA	1
36	35	2	GCGCCATATTGCTGAGAAGCATAA	1
37	36	3	CGCCATATTGCTGAGAAGCATAAT	1
38	37	3	GCCATATTGCTGAGAAGCATAATG	1
39	38	3	CCATATTGCTGAGAAGCATAATGT	1
40	39	3	CATATTGCTGAGAAGCATAATGTT	1
41	40	3	ATATTGCTGAGAAGCATAATGTTC	1
42	41	3	TATTGCTGAGAAGCATAATGTTCC	1
43	42	3	ATTGCTGAGAAGCATAATGTTCCT	1
44	43	3	TTGCTGAGAAGCATAATGTTCCTT	1
45	44	3	TGCTGAGAAGCATAATGTTCCTTT	1
46	45	2	GCTGAGAAGCATAATGTTCCTTTG	1
47	46	2	CTGAGAAGCATAATGTTCCTTTGG	1
48	47	2	TGAGAAGCATAATGTTCCTTTGGA	1
49	48	2	GAGAAGCATAATGTTCCTTTGGAG	1
50	49	2	AGAAGCATAATGTTCCTTTGGAGA	1
51	50	2	GAAGCATAATGTTCCTTTGGAGAC	1
52	51	2	AAGCATAATGTTCCTTTGGAGACC	1
53	52	2	AGCATAATGTTCCTTTGGAGACCA	1
54	53	2	GCATAATGTTCCTTTGGAGACCAT	1
55	54	2	CATAATGTTCCTTTGGAGACCATG	1
56	55	2	ATAATGTTCCTTTGGAGACCATGT	1
57	56	2	TAATGTTCCTTTGGAGACCATGTA	1
58	57	2	AATGTTCCTTTGGAGACCATGTAT	1
59	58	2	ATGTTCCTTTGGAGACCATGTATA	1
60	59	2	TGTTCCTTTGGAGACCATGTATAC	1
61	60	2	GTTCCTTTGGAGACCATGTATACC	1
62	61	2	TTCCTTTGGAGACCATGTATACCA	1
63	62	3	TCCTTTGGAGACCATGTATACCAC	1
64	63	3	CCTTTGGAGACCATGTATACCACA	1
65	64	3	CTTTGGAGACCATGTATACCACAA	1
66	65	3	TTTGGAGACCATGTATACCACAAT	1
67	66	3	TTGGAGACCATGTATACCACAATT	1
68	67	3	TGGAGACCATGTATACCACAATTG	1
69	68	3	GGAGACCATGTATACCACAATTGG	1
70	69	3	GAGACCATGTATACCACAATTGGA	1
71	70	3	AGACCATGTATACCACAATTGGAT	1
72	71	3	GACCATGTATACCACAATTGGATG	1
73	72	3	ACCATGTATACCACAATTGGATGG	1
74	73	3	CCATGTATACCACAATTGGATGGC	1
75	74	3	CATGTATACCACAATTGGATGGCC	1
76	75	3	ATGTATACCACAATTGGATGGCCA	1
77	76	2	TGTATACCACAATTGGATGGCCAT	1
78	77	2	GTATACCACAATTGGATGGCCATT	1
79	78	2	TATACCACAATTGGATGGCCATTA	1
80	79	1	ATACCACAATTGGATGGCCATTAT	1
81	80	1	TACCACAATTGGATGGCCATTATA	1
82	81	1	ACCACAATTGGATGGCCATTATAC	1
83	82	1	CCACAATTGGATGGCCATTATACC	1
84	83	1	CACAATTGGATGGCCATTATACCG	1
85	84	1	ACAATTGGATGGCCATTATACCGC	1
86	85	1	CAATTGGATGGCCATTATACCGCA	1
87	86	2	AATTGGATGGCCATTATACCGCAA	1
88	87	2	ATTGGATGGCCATTATACCGCAAA	1
89	88	2	TTGGATGGCCATTATACCGCAAAT	1
90	89	2	TGGATGGCCATTATACCGCAAATA	1
91	90	2	GGATGGCCATTATACCGCAAATAT	1
92	91	2	GATGGCCATTATACCGCAAATATG	1
93	92	2	ATGGCCATTATACCGCAAATATGG	1
94	93	2	TGGCCATTATACCGCAAATATGGA	1
95	94	2	GGCCATTATACCGCAAATATGGAC	1
96	95	2	GCCATTATACCGCAAATATGGACA	1
97	96	2	CCATTATACCGCAAATATGGACAT	1
98	97	2	CATTATACCGCAAATATGGACATG	1
99	98	2	ATTATACCGCAAATATGGACATGC	1
100	99	2	TTATACCGCAAATATGGACATGCT	1
101	100	2	TATACCGCAAATATGGACATGCTT	1
102	101	2	ATACCGCAAATATGGACATGCTTA	1
103	102	2	TACCGCAAATATGGACATGCTTAT	1
104	103	2	ACCGCAAATATGGACATGCTTATG	1
105	104	2	CCGCAAATATGGACATGCTTATGA	1
106	105	2	CGCAAATATGGACATGCTTATGAC	1
107	106	1	GCAAATATGGACATGCTTATGACG	1
108	107	1	CAAATATGGACATGCTTATGACGC	1
109	108	1	AAATATGGACATGCTTATGACGCC	1
110	109	1	AATATGGACATGCTTATGACGCCT	1
111	110	1	ATATGGACATGCTTATGACGCCTT	1
112	111	1	TATGGACATGCTTATGACGCCTTT	1
113	112	1	ATGGACATGCTTATGACGCCTTTA	1
114	113	1	TGGACATGCTTATGACGCCTTTAA	1
115	114	1	GGACATGCTTATGACGCCTTTAAG	1
116	115	1	GACATGCTTATGACGCCTTTAAGC	1
117	116	1	ACATGCTTATGACGCCTTTAAGCT	1
118	117	1	CATGCTTATGACGCCTTTAAGCTT	1
119	118	1	ATGCTTATGACGCCTTTAAGCTTG	1
120	119	1	TGCTTATGACGCCTTTAAGCTTGC	1
121	120	1	GCTTATGACGCCTTTAAGCTTGCT	1
122	121	1	CTTATGACGCCTTTAAGCTTGCTA	1
123	122	1	TTATGACGCCTTTAAGCTTGCTAT	1
124	123	1	TATGACGCCTTTAAGCTTGCTATT	1
125	124	1	ATGACGCCTTTAAGCTTGCTATTA	1
126	125	1	TGACGCCTTTAAGCTTGCTATTAG	1
127	126	1	GACGCCTTTAAGCTTGCTATTAGT	1
128	127	1	ACGCCTTTAAGCTTGCTATTAGTA	1
129	128	1	CGCCTTTAAGCTTGCTATTAGTAA	1
130	129	2	GCCTTTAAGCTTGCTATTAGTAAC	1
131	130	1	CCTTTAAGCTTGCTATTAGTAACC	1
132	131	1	CTTTAAGCTTGCTATTAGTAACCC	1
133	132	1	TTTAAGCTTGCTATTAGTAACCCA	1
134	133	1	TTAAGCTTGCTATTAGTAACCCAG	1
135	134	1	TAAGCTTGCTATTAGTAACCCAGA	1
136	135	1	AAGCTTGCTATTAGTAACCCAGAT	1
137	136	1	AGCTTGCTATTAGTAACCCAGATC	1
138	137	1	GCTTGCTATTAGTAACCCAGATCA	1
139	138	1	CTTGCTATTAGTAACCCAGATCAT	1
140	139	1	TTGCTATTAGTAACCCAGATCATG	1
141	140	1	TGCTATTAGTAACCCAGATCATGT	1
142	141	1	GCTATTAGTAACCCAGATCATGTC	1
143	142	1	CTATTAGTAACCCAGATCATGTCT	1
144	143	1	TATTAGTAACCCAGATCATGTCTT	1
145	144	1	ATTAGTAACCCAGATCATGTCTTT	1
146	145	1	TTAGTAACCCAGATCATGTCTTTG	1
147	146	1	TAGTAACCCAGATCATGTCTTTGA	1
148	147	1	AGTAACCCAGATCATGTCTTTGAG	1
149	148	1	GTAACCCAGATCATGTCTTTGAGG	1
150	149	1	TAACCCAGATCATGTCTTTGAGGG	1
151	150	1	AACCCAGATCATGTCTTTGAGGGT	1
152	151	1	ACCCAGATCATGTCTTTGAGGGTT	1
153	152	1	CCCAGATCATGTCTTTGAGGGTTT	1
154	153	1	CCAGATCATGTCTTTGAGGGTTTA	1
155	154	1	CAGATCATGTCTTTGAGGGTTTAG	1
156	155	1	AGATCATGTCTTTGAGGGTTTAGA	1
157	156	1	GATCATGTCTTTGAGGGTTTAGAA	1
158	157	1	ATCATGTCTTTGAGGGTTTAGAAC	1
159	158	2	TCATGTCTTTGAGGGTTTAGAACC	1
160	159	2	CATGTCTTTGAGGGTTTAGAACCT	1
161	160	2	ATGTCTTTGAGGGTTTAGAACCTC	1
162	161	2	TGTCTTTGAGGGTTTAGAACCTCC	1
163	162	2	GTCTTTGAGGGTTTAGAACCTCCC	1
164	163	2	TCTTTGAGGGTTTAGAACCTCCCA	1
165	164	2	CTTTGAGGGTTTAGAACCTCCCAA	1
166	165	2	TTTGAGGGTTTAGAACCTCCCAAA	1
167	166	2	TTGAGGGTTTAGAACCTCCCAAAT	1
168	167	2	TGAGGGTTTAGAACCTCCCAAATC	1
169	168	2	GAGGGTTTAGAACCTCCCAAATCG	1
170	169	2	AGGGTTTAGAACCTCCCAAATCGG	1
171	170	2	GGGTTTAGAACCTCCCAAATCGGG	1
172	171	2	GGTTTAGAACCTCCCAAATCGGGT	1
173	172	2	GTTTAGAACCTCCCAAATCGGGTG	1
174	173	1	TTTAGAACCTCCCAAATCGGGTGT	1
175	174	1	TTAGAACCTCCCAAATCGGGTGTT	1
176	175	4	TAGAACCTCCCAAATCGGGTGTTA	1
177	176	5	AGAACCTCCCAAATCGGGTGTTAT	1
178	177	5	GAACCTCCCAAATCGGGTGTTATT	1
179	178	5	AACCTCCCAAATCGGGTGTTATTA	1
180	179	5	ACCTCCCAAATCGGGTGTTATTAA	1
181	180	5	CCTCCCAAATCGGGTGTTATTAAT	1
182	181	5	CTCCCAAATCGGGTGTTATTAATG	1
183	182	5	TCCCAAATCGGGTGTTATTAATGA	1
184	183	5	CCCAAATCGGGTGTTATTAATGAT	1
185	184	5	CCAAATCGGGTGTTATTAATGATT	1
186	185	5	CAAATCGGGTGTTATTAATGATTT	1
187	186	5	AAATCGGGTGTTATTAATGATTTG	1
188	187	5	AATCGGGTGTTATTAATGATTTGT	1
189	188	5	ATCGGGTGTTATTAATGATTTGTT	1
190	189	6	TCGGGTGTTATTAATGATTTGTTG	1
191	190	6	CGGGTGTTATTAATGATTTGTTGG	1
192	191	6	GGGTGTTATTAATGATTTGTTGGC	1
193	192	6	GGTGTTATTAATGATTTGTTGGCT	1
194	193	6	GTGTTATTAATGATTTGTTGGCTC	1
195	194	6	TGTTATTAATGATTTGTTGGCTCA	1
196	195	6	GTTATTAATGATTTGTTGGCTCAA	1
197	196	6	TTATTAATGATTTGTTGGCTCAAA	1
198	197	6	TATTAATGATTTGTTGGCTCAAAT	1
199	198	6	ATTAATGATTTGTTGGCTCAAATC	1
200	199	6	TTAATGATTTGTTGGCTCAAATCT	1
201	200	6	TAATGATTTGTTGGCTCAAATCTC	1
202	201	6	AATGATTTGTTGGCTCAAATCTCT	1
203	202	5	ATGATTTGTTGGCTCAAATCTCTC	1
204	203	5	TGATTTGTTGGCTCAAATCTCTCG	1
205	204	5	GATTTGTTGGCTCAAATCTCTCGT	1
206	205	5	ATTTGTTGGCTCAAATCTCTCGTC	1
207	206	5	TTTGTTGGCTCAAATCTCTCGTCG	1
208	207	6	TTGTTGGCTCAAATCTCTCGTCGT	1
209	208	6	TGTTGGCTCAAATCTCTCGTCGTC	1
210	209	6	GTTGGCTCAAATCTCTCGTCGTCT	1
211	210	6	TTGGCTCAAATCTCTCGTCGTCTG	1
212	211	6	TGGCTCAAATCTCTCGTCGTCTGA	1
213	212	6	GGCTCAAATCTCTCGTCGTCTGAC	1
214	213	6	GCTCAAATCTCTCGTCGTCTGACG	1
215	214	6	CTCAAATCTCTCGTCGTCTGACGC	1
216	215	6	TCAAATCTCTCGTCGTCTGACGCC	1
217	216	6	CAAATCTCTCGTCGTCTGACGCCT	1
218	217	6	AAATCTCTCGTCGTCTGACGCCTC	1
219	218	6	AATCTCTCGTCGTCTGACGCCTCA	1
220	219	3	ATCTCTCGTCGTCTGACGCCTCAG	1
221	220	2	TCTCTCGTCGTCTGACGCCTCAGC	1
222	221	2	CTCTCGTCGTCTGACGCCTCAGCC	1
223	222	2	TCTCGTCGTCTGACGCCTCAGCCC	1
224	223	2	CTCGTCGTCTGACGCCTCAGCCCA	1
225	224	2	TCGTCGTCTGACGCCTCAGCCCAT	1
226	225	2	CGTCGTCTGACGCCTCAGCCCATT	1
227	226	2	GTCGTCTGACGCCTCAGCCCATTA	1
228	227	2	TCGTCTGACGCCTCAGCCCATTAA	1
229	228	2	CGTCTGACGCCTCAGCCCATTAAA	1
230	229	2	GTCTGACGCCTCAGCCCATTAAAA	1
231	230	2	TCTGACGCCTCAGCCCATTAAAAT	1
232	231	2	CTGACGCCTCAGCCCATTAAAATT	1
233	232	2	TGACGCCTCAGCCCATTAAAATTC	1
234	233	1	GACGCCTCAGCCCATTAAAATTCG	1
235	234	1	ACGCCTCAGCCCATTAAAATTCGT	1
236	235	1	CGCCTCAGCCCATTAAAATTCGTG	1
237	236	1	GCCTCAGCCCATTAAAATTCGTGC	1
238	237	1	CCTCAGCCCATTAAAATTCGTGCT	1
239	238	1	CTCAGCCCATTAAAATTCGTGCTG	1
240	239	1	TCAGCCCATTAAAATTCGTGCTGA	1
241	240	1	CAGCCCATTAAAATTCGTGCTGAC	1
242	241	1	AGCCCATTAAAATTCGTGCTGACG	1
243	242	1	GCCCATTAAAATTCGTGCTGACGT	1
244	243	1	CCCATTAAAATTCGTGCTGACGTT	1
245	244	1	CCATTAAAATTCGTGCTGACGTTG	1
246	245	1	CATTAAAATTCGTGCTGACGTTGA	1
247	246	2	ATTAAAATTCGTGCTGACGTTGAA	1
248	247	2	TTAAAATTCGTGCTGACGTTGAAG	1
249	248	2	TAAAATTCGTGCTGACGTTGAAGT	1
250	249	2	AAAATTCGTGCTGACGTTGAAGTC	1
251	250	2	AAATTCGTGCTGACGTTGAAGTCA	1
252	251	1	AATTCGTGCTGACGTTGAAGTCAC	1
253	252	1	ATTCGTGCTGACGTTGAAGTCACT	1
254	253	1	TTCGTGCTGACGTTGAAGTCACTT	1
255	254	1	TCGTGCTGACGTTGAAGTCACTTG	1
256	255	1	CGTGCTGACGTTGAAGTCACTTGC	1
257	256	1	GTGCTGACGTTGAAGTCACTTGCT	1
258	257	1	TGCTGACGTTGAAGTCACTTGCTT	1
259	258	1	GCTGACGTTGAAGTCACTTGCTTT	1
260	259	1	CTGACGTTGAAGTCACTTGCTTTG	1
261	260	1	TGACGTTGAAGTCACTTGCTTTGG	1
262	261	1	GACGTTGAAGTCACTTGCTTTGGC	1
263	262	1	ACGTTGAAGTCACTTGCTTTGGCT	1
264	263	1	CGTTGAAGTCACTTGCTTTGGCTA	1
265	264	1	GTTGAAGTCACTTGCTTTGGCTAC	1
266	265	1	TTGAAGTCACTTGCTTTGGCTACG	1
267	266	1	TGAAGTCACTTGCTTTGGCTACGA	1
268	267	1	GAAGTCACTTGCTTTGGCTACGAA	1
269	268	1	AAGTCACTTGCTTTGGCTACGAAG	1
270	269	1	AGTCACTTGCTTTGGCTACGAAGG	1
271	270	1	GTCACTTGCTTTGGCTACGAAGGT	1
272	271	1	TCACTTGCTTTGGCTACGAAGGTA	1
273	272	1	CACTTGCTTTGGCTACGAAGGTAT	1
274	273	1	ACTTGCTTTGGCTACGAAGGTATT	1
275	274	1	CTTGCTTTGGCTACGAAGGTATTA	1
276	275	1	TTGCTTTGGCTACGAAGGTATTAA	1
277	276	1	TGCTTTGGCTACGAAGGTATTAAC	1
278	277	1	GCTTTGGCTACGAAGGTATTAACG	1
279	278	1	CTTTGGCTACGAAGGTATTAACGC	1
280	279	1	TTTGGCTACGAAGGTATTAACGCT	1
281	280	1	TTGGCTACGAAGGTATTAACGCTA	1
282	281	1	TGGCTACGAAGGTATTAACGCTAT	1
283	282	1	GGCTACGAAGGTATTAACGCTATC	1
284	283	1	GCTACGAAGGTATTAACGCTATCA	1
285	284	1	CTACGAAGGTATTAACGCTATCAA	1
286	285	1	TACGAAGGTATTAACGCTATCAAG	1
287	286	1	ACGAAGGTATTAACGCTATCAAGG	1
288	287	1	CGAAGGTATTAACGCTATCAAGGC	1
289	288	1	GAAGGTATTAACGCTATCAAGGCC	1
290	289	2	AAGGTATTAACGCTATCAAGGCCG	1
291	290	1	AGGTATTAACGCTATCAAGGCCGC	1
292	291	1	GGTATTAACGCTATCAAGGCCGCT	1
293	292	1	GTATTAACGCTATCAAGGCCGCTT	1
294	293	1	TATTAACGCTATCAAGGCCGCTTT	1
295	294	1	ATTAACGCTATCAAGGCCGCTTTG	1
296	295	1	TTAACGCTATCAAGGCCGCTTTGA	1
297	296	1	TAACGCTATCAAGGCCGCTTTGAA	1
298	297	1	AACGCTATCAAGGCCGCTTTGAAG	1
299	298	1	ACGCTATCAAGGCCGCTTTGAAGG	1
300	299	1	CGCTATCAAGGCCGCTTTGAAGGC	1
301	300	1	GCTATCAAGGCCGCTTTGAAGGCT	1
302	301	1	CTATCAAGGCCGCTTTGAAGGCTG	1
303	302	1	TATCAAGGCCGCTTTGAAGGCTGC	1
304	303	1	ATCAAGGCCGCTTTGAAGGCTGCT	1
305	304	1	TCAAGGCCGCTTTGAAGGCTGCTG	1
306	305	1	CAAGGCCGCTTTGAAGGCTGCTGA	1
307	306	1	AAGGCCGCTTTGAAGGCTGCTGAA	1
308	307	2	AGGCCGCTTTGAAGGCTGCTGAAG	1
309	308	2	GGCCGCTTTGAAGGCTGCTGAAGA	1
310	309	2	GCCGCTTTGAAGGCTGCTGAAGAT	1
311	310	2	CCGCTTTGAAGGCTGCTGAAGATG	1
312	311	2	CGCTTTGAAGGCTGCTGAAGATGT	1
313	312	2	GCTTTGAAGGCTGCTGAAGATGTT	1
314	313	2	CTTTGAAGGCTGCTGAAGATGTTC	1
315	314	2	TTTGAAGGCTGCTGAAGATGTTCA	1
316	315	2	TTGAAGGCTGCTGAAGATGTTCAT	1
317	316	2	TGAAGGCTGCTGAAGATGTTCATA	1
318	317	2	GAAGGCTGCTGAAGATGTTCATAC	1
319	318	2	AAGGCTGCTGAAGATGTTCATACC	1
320	319	2	AGGCTGCTGAAGATGTTCATACCG	1
321	320	2	GGCTGCTGAAGATGTTCATACCGA	1
322	321	2	GCTGCTGAAGATGTTCATACCGAG	1
323	322	2	CTGCTGAAGATGTTCATACCGAGG	1
324	323	2	TGCTGAAGATGTTCATACCGAGGA	1
325	324	2	GCTGAAGATGTTCATACCGAGGAG	1
326	325	2	CTGAAGATGTTCATACCGAGGAGG	1
327	326	2	TGAAGATGTTCATACCGAGGAGGT	1
328	327	2	GAAGATGTTCATACCGAGGAGGTT	1
329	328	2	AAGATGTTCATACCGAGGAGGTTC	1
330	329	2	AGATGTTCATACCGAGGAGGTTCC	1
331	330	2	GATGTTCATACCGAGGAGGTTCCT	1
332	331	2	ATGTTCATACCGAGGAGGTTCCTA	1
333	332	2	TGTTCATACCGAGGAGGTTCCTAT	1
334	333	1	GTTCATACCGAGGAGGTTCCTATC	1
335	334	1	TTCATACCGAGGAGGTTCCTATCA	1
336	335	1	TCATACCGAGGAGGTTCCTATCAA	1
337	336	1	CATACCGAGGAGGTTCCTATCAAA	1
338	337	1	ATACCGAGGAGGTTCCTATCAAAG	1
339	338	1	TACCGAGGAGGTTCCTATCAAAGT	1
340	339	1	ACCGAGGAGGTTCCTATCAAAGTT	1
341	340	1	CCGAGGAGGTTCCTATCAAAGTTA	1
342	341	1	CGAGGAGGTTCCTATCAAAGTTAA	1
343	342	1	GAGGAGGTTCCTATCAAAGTTAAA	1
344	343	1	AGGAGGTTCCTATCAAAGTTAAAC	1
345	344	1	GGAGGTTCCTATCAAAGTTAAACT	1
346	345	1	GAGGTTCCTATCAAAGTTAAACTT	1
347	346	1	AGGTTCCTATCAAAGTTAAACTTG	1
348	347	1	GGTTCCTATCAAAGTTAAACTTGT	1
349	348	1	GTTCCTATCAAAGTTAAACTTGTT	1
350	349	1	TTCCTATCAAAGTTAAACTTGTTG	1
351	350	1	TCCTATCAAAGTTAAACTTGTTGC	1
352	-1	0	CAACACTTTGCAAAAATGTCGACG	1
353	352	1	AACACTTTGCAAAAATGTCGACGA	1
354	353	1	ACACTTTGCAAAAATGTCGACGAC	1
355	354	1	CACTTTGCAAAAATGTCGACGACA	1
356	355	2	ACTTTGCAAAAATGTCGACGACAA	1
357	356	2	CTTTGCAAAAATGTCGACGACAAG	1
358	357	2	TTTGCAAAAATGTCGACGACAAGC	1
359	358	2	TTGCAAAAATGTCGACGACAAGCT	1
360	359	2	TGCAAAAATGTCGACGACAAGCTG	1
361	360	3	GCAAAAATGTCGACGACAAGCTGC	1
362	361	3	CAAAAATGTCGACGACAAGCTGCA	1
363	362	3	AAAAATGTCGACGACAAGCTGCAG	1
364	363	3	AAAATGTCGACGACAAGCTGCAGA	1
365	364	3	AAATGTCGACGACAAGCTGCAGAA	1
366	365	3	AATGTCGACGACAAGCTGCAGAAT	1
367	366	3	ATGTCGACGACAAGCTGCAGAATG	1
368	367	3	TGTCGACGACAAGCTGCAGAATGT	1
369	368	3	GTCGACGACAAGCTGCAGAATGTA	1
370	369	4	TCGACGACAAGCTGCAGAATGTAC	1
371	370	4	CGACGACAAGCTGCAGAATGTACG	1
372	371	4	GACGACAAGCTGCAGAATGTACGA	1
373	372	4	ACGACAAGCTGCAGAATGTACGAG	1
374	373	4	CGACAAGCTGCAGAATGTACGAGA	1
375	374	4	GACAAGCTGCAGAATGTACGAGAA	1
376	375	4	ACAAGCTGCAGAATGTACGAGAAT	1
377	376	4	CAAGCTGCAGAATGTACGAGAATC	1
378	377	4	AAGCTGCAGAATGTACGAGAATCG	1
379	378	4	AGCTGCAGAATGTACGAGAATCGC	1
380	379	4	GCTGCAGAATGTACGAGAATCGCT	1
381	380	4	CTGCAGAATGTACGAGAATCGCTT	1
382	381	4	TGCAGAATGTACGAGAATCGCTTC	1
383	382	5	GCAGAATGTACGAGAATCGCTTCC	1
384	383	5	CAGAATGTACGAGAATCGCTTCCC	1
385	384	5	AGAATGTACGAGAATCGCTTCCCG	1
386	385	5	GAATGTACGAGAATCGCTTCCCGG	1
387	386	5	AATGTACGAGAATCGCTTCCCGGA	1
388	387	5	ATGTACGAGAATCGCTTCCCGGAA	1
389	388	5	TGTACGAGAATCGCTTCCCGGAAG	1
390	389	5	GTACGAGAATCGCTTCCCGGAAGT	1
391	390	5	TACGAGAATCGCTTCCCGGAAGTG	1
392	391	5	ACGAGAATCGCTTCCCGGAAGTGG	1
393	392	5	CGAGAATCGCTTCCCGGAAGTGGA	1
394	393	6	GAGAATCGCTTCCCGGAAGTGGAT	1
395	394	6	AGAATCGCTTCCCGGAAGTGGATG	1
396	395	6	GAATCGCTTCCCGGAAGTGGATGA	1
397	396	5	AATCGCTTCCCGGAAGTGGATGAA	1
398	397	5	ATCGCTTCCCGGAAGTGGATGAAC	1
399	398	5	TCGCTTCCCGGAAGTGGATGAACT	1
400	399	4	CGCTTCCCGGAAGTGGATGAACTC	1
401	400	4	GCTTCCCGGAAGTGGATGAACTCG	1
402	401	4	CTTCCCGGAAGTGGATGAACTCGT	1
403	402	4	TTCCCGGAAGTGGATGAACTCGTT	1
404	403	5	TCCCGGAAGTGGATGAACTCGTTG	1
405	404	4	CCCGGAAGTGGATGAACTCGTTGT	1
406	405	4	CCGGAAGTGGATGAACTCGTTGTT	1
407	406	4	CGGAAGTGGATGAACTCGTTGTTG	1
408	407	4	GGAAGTGGATGAACTCGTTGTTGT	1
409	408	4	GAAGTGGATGAACTCGTTGTTGTC	1
410	409	4	AAGTGGATGAACTCGTTGTTGTCA	1
411	410	4	AGTGGATGAACTCGTTGTTGTCAA	1
412	411	4	GTGGATGAACTCGTTGTTGTCAAC	1
413	412	4	TGGATGAACTCGTTGTTGTCAACG	1
414	413	3	GGATGAACTCGTTGTTGTCAACGT	1
415	414	3	GATGAACTCGTTGTTGTCAACGTT	1
416	415	3	ATGAACTCGTTGTTGTCAACGTTC	1
417	416	3	TGAACTCGTTGTTGTCAACGTTCG	1
418	417	3	GAACTCGTTGTTGTCAACGTTCGT	1
419	418	3	AACTCGTTGTTGTCAACGTTCGTC	1
420	419	3	ACTCGTTGTTGTCAACGTTCGTCA	1
421	420	3	CTCGTTGTTGTCAACGTTCGTCAA	1
422	421	3	TCGTTGTTGTCAACGTTCGTCAAA	1
423	422	3	CGTTGTTGTCAACGTTCGTCAAAT	1
424	423	3	GTTGTTGTCAACGTTCGTCAAATC	1
425	424	3	TTGTTGTCAACGTTCGTCAAATCC	1
426	425	3	TGTTGTCAACGTTCGTCAAATCCA	1
427	426	2	GTTGTCAACGTTCGTCAAATCCAG	1
428	427	2	TTGTCAACGTTCGTCAAATCCAGG	1
429	428	2	TGTCAACGTTCGTCAAATCCAGGA	1
430	429	2	GTCAACGTTCGTCAAATCCAGGAG	1
431	430	2	TCAACGTTCGTCAAATCCAGGAGA	1
432	431	2	CAACGTTCGTCAAATCCAGGAGAT	1
433	432	2	AACGTTCGTCAAATCCAGGAGATG	1
434	433	2	ACGTTCGTCAAATCCAGGAGATGG	1
435	434	2	CGTTCGTCAAATCCAGGAGATGGG	1
436	435	2	GTTCGTCAAATCCAGGAGATGGGC	1
437	436	2	TTCGTCAAATCCAGGAGATGGGCG	1
438	437	1	TCGTCAAATCCAGGAGATGGGCGC	1
439	438	1	CGTCAAATCCAGGAGATGGGCGCT	1
440	439	1	GTCAAATCCAGGAGATGGGCGCTT	1
441	440	1	TCAAATCCAGGAGATGGGCGCTTA	1
442	-1	0	CGATAATATTGAAGGAATGGTTTT	1
443	442	1	GATAATATTGAAGGAATGGTTTTG	1
444	443	1	ATAATATTGAAGGAATGGTTTTGC	1
445	444	1	TAATATTGAAGGAATGGTTTTGCT	1
446	445	1	AATATTGAAGGAATGGTTTTGCTC	1
447	446	1	ATATTGAAGGAATGGTTTTGCTCT	1
448	447	1	TATTGAAGGAATGGTTTTGCTCTC	1
449	448	1	ATTGAAGGAATGGTTTTGCTCTCT	1
450	449	1	TTGAAGGAATGGTTTTGCTCTCTG	1
451	450	1	TGAAGGAATGGTTTTGCTCTCTGA	1
452	451	1	GAAGGAATGGTTTTGCTCTCTGAG	1
453	452	1	AAGGAATGGTTTTGCTCTCTGAGC	1
454	453	1	AGGAATGGTTTTGCTCTCTGAGCT	1
455	454	1	GGAATGGTTTTGCTCTCTGAGCTT	1
456	455	1	GAATGGTTTTGCTCTCTGAGCTTT	1
457	456	1	AATGGTTTTGCTCTCTGAGCTTTC	1
458	457	1	ATGGTTTTGCTCTCTGAGCTTTCC	1
459	458	1	TGGTTTTGCTCTCTGAGCTTTCCA	1
460	459	1	GGTTTTGCTCTCTGAGCTTTCCAG	1
461	460	1	GTTTTGCTCTCTGAGCTTTCCAGA	1
462	461	1	TTTTGCTCTCTGAGCTTTCCAGAC	1
463	462	1	TTTGCTCTCTGAGCTTTCCAGACG	1
464	463	1	TTGCTCTCTGAGCTTTCCAGACGT	1
465	464	1	TGCTCTCTGAGCTTTCCAGACGTC	1
466	465	1	GCTCTCTGAGCTTTCCAGACGTCG	1
467	466	1	CTCTCTGAGCTTTCCAGACGTCGT	1
468	467	1	TCTCTGAGCTTTCCAGACGTCGTA	1
469	468	1	CTCTGAGCTTTCCAGACGTCGTAT	1
470	469	1	TCTGAGCTTTCCAGACGTCGTATT	1
471	470	1	CTGAGCTTTCCAGACGTCGTATTC	1
472	471	2	TGAGCTTTCCAGACGTCGTATTCG	1
473	472	2	GAGCTTTCCAGACGTCGTATTCGT	1
474	473	2	AGCTTTCCAGACGTCGTATTCGTT	1
475	474	2	GCTTTCCAGACGTCGTATTCGTTC	1
476	475	2	CTTTCCAGACGTCGTATTCGTTCA	1
477	476	2	TTTCCAGACGTCGTATTCGTTCAG	1
478	477	2	TTCCAGACGTCGTATTCGTTCAGT	1
479	478	2	TCCAGACGTCGTATTCGTTCAGTA	1
480	479	2	CCAGACGTCGTATTCGTTCAGTAC	1
481	480	2	CAGACGTCGTATTCGTTCAGTACA	1
482	481	2	AGACGTCGTATTCGTTCAGTACAA	1
483	482	2	GACGTCGTATTCGTTCAGTACAAA	1
484	483	2	ACGTCGTATTCGTTCAGTACAAAA	1
485	484	2	CGTCGTATTCGTTCAGTACAAAAG	1
486	485	2	GTCGTATTCGTTCAGTACAAAAGC	1
487	486	1	TCGTATTCGTTCAGTACAAAAGCA	1
488	487	1	CGTATTCGTTCAGTACAAAAGCAT	1
489	488	1	GTATTCGTTCAGTACAAAAGCATA	1
490	489	1	TATTCGTTCAGTACAAAAGCATAT	1
491	490	1	ATTCGTTCAGTACAAAAGCATATT	1
492	491	1	TTCGTTCAGTACAAAAGCATATTC	1
493	492	1	TCGTTCAGTACAAAAGCATATTCG	1
494	493	1	CGTTCAGTACAAAAGCATATTCGC	1
495	494	1	GTTCAGTACAAAAGCATATTCGCG	1
496	495	1	TTCAGTACAAAAGCATATTCGCGT	1
497	496	1	TCAGTACAAAAGCATATTCGCGTT	1
498	497	1	CAGTACAAAAGCATATTCGCGTTG	1
499	498	1	AGTACAAAAGCATATTCGCGTTGG	1
500	499	4	GTACAAAAGCATATTCGCGTTGGT	1
501	500	4	TACAAAAGCATATTCGCGTTGGTC	1
502	501	4	ACAAAAGCATATTCGCGTTGGTCG	1
503	502	6	CAAAAGCATATTCGCGTTGGTCGT	1
504	503	6	AAAAGCATATTCGCGTTGGTCGTA	1
505	504	6	AAAGCATATTCGCGTTGGTCGTAA	1
506	505	6	AAGCATATTCGCGTTGGTCGTAAT	1
507	506	6	AGCATATTCGCGTTGGTCGTAATG	1
508	507	6	GCATATTCGCGTTGGTCGTAATGA	1
509	508	6	CATATTCGCGTTGGTCGTAATGAA	1
510	509	6	ATATTCGCGTTGGTCGTAATGAAG	1
511	510	6	TATTCGCGTTGGTCGTAATGAAGT	1
512	511	6	ATTCGCGTTGGTCGTAATGAAGTC	1
513	512	6	TTCGCGTTGGTCGTAATGAAGTCG	1
514	513	6	TCGCGTTGGTCGTAATGAAGTCGT	1
515	514	6	CGCGTTGGTCGTAATGAAGTCGTC	1
516	515	5	GCGTTGGTCGTAATGAAGTCGTCG	1
517	516	5	CGTTGGTCGTAATGAAGTCGTCGT	1
518	517	5	GTTGGTCGTAATGAAGTCGTCGTG	1
519	518	5	TTGGTCGTAATGAAGTCGTCGTGG	1
520	519	5	TGGTCGTAATGAAGTCGTCGTGGT	1
521	520	5	GGTCGTAATGAAGTCGTCGTGGTC	1
522	521	5	GTCGTAATGAAGTCGTCGTGGTCT	1
523	522	5	TCGTAATGAAGTCGTCGTGGTCTT	1
524	523	5	CGTAATGAAGTCGTCGTGGTCTTA	1
525	524	5	GTAATGAAGTCGTCGTGGTCTTAC	1
526	525	5	TAATGAAGTCGTCGTGGTCTTACG	1
527	526	5	AATGAAGTCGTCGTGGTCTTACGT	1
528	527	5	ATGAAGTCGTCGTGGTCTTACGTG	1
529	528	5	TGAAGTCGTCGTGGTCTTACGTGT	1
530	529	5	GAAGTCGTCGTGGTCTTACGTGTC	1
531	530	5	AAGTCGTCGTGGTCTTACGTGTCG	1
532	531	5	AGTCGTCGTGGTCTTACGTGTCGA	1
533	532	5	GTCGTCGTGGTCTTACGTGTCGAC	1
534	533	5	TCGTCGTGGTCTTACGTGTCGACA	1
535	534	5	CGTCGTGGTCTTACGTGTCGACAA	1
536	535	5	GTCGTGGTCTTACGTGTCGACAAG	1
537	536	5	TCGTGGTCTTACGTGTCGACAAGG	1
538	537	5	CGTGGTCTTACGTGTCGACAAGGA	1
539	538	5	GTGGTCTTACGTGTCGACAAGGAA	1
540	539	5	TGGTCTTACGTGTCGACAAGGAAA	1
541	540	6	GGTCTTACGTGTCGACAAGGAAAA	1
542	541	5	GTCTTACGTGTCGACAAGGAAAAA	1
543	542	5	TCTTACGTGTCGACAAGGAAAAAG	1
544	543	3	CTTACGTGTCGACAAGGAAAAAGG	1
545	544	3	TTACGTGTCGACAAGGAAAAAGGA	1
546	545	2	TACGTGTCGACAAGGAAAAAGGAA	1
547	545	1	TACGTGTCGACAAGGAAAAAGGAT	1
548	547	1	ACGTGTCGACAAGGAAAAAGGATA	1
549	548	1	CGTGTCGACAAGGAAAAAGGATAC	1
550	549	1	GTGTCGACAAGGAAAAAGGATACA	1
551	550	1	TGTCGACAAGGAAAAAGGATACAT	1
552	551	1	GTCGACAAGGAAAAAGGATACATC	1
553	552	1	TCGACAAGGAAAAAGGATACATCG	1
554	553	1	CGACAAGGAAAAAGGATACATCGA	1
555	554	1	GACAAGGAAAAAGGATACATCGAT	1
556	555	1	ACAAGGAAAAAGGATACATCGATC	1
557	556	1	CAAGGAAAAAGGATACATCGATCT	1
558	557	1	AAGGAAAAAGGATACATCGATCTT	1
559	558	1	AGGAAAAAGGATACATCGATCTTT	1
560	559	1	GGAAAAAGGATACATCGATCTTTC	1
561	560	1	GAAAAAGGATACATCGATCTTTCA	1
562	561	1	AAAAAGGATACATCGATCTTTCAA	1
563	562	1	AAAAGGATACATCGATCTTTCAAA	1
564	563	1	AAAGGATACATCGATCTTTCAAAG	1
565	564	2	AAGGATACATCGATCTTTCAAAGC	1
566	565	2	AGGATACATCGATCTTTCAAAGCG	1
567	566	2	GGATACATCGATCTTTCAAAGCGC	1
568	567	2	GATACATCGATCTTTCAAAGCGCC	1
569	568	3	ATACATCGATCTTTCAAAGCGCCG	1
570	569	2	TACATCGATCTTTCAAAGCGCCGT	1
571	570	2	ACATCGATCTTTCAAAGCGCCGTG	1
572	571	2	CATCGATCTTTCAAAGCGCCGTGT	1
573	572	2	ATCGATCTTTCAAAGCGCCGTGTT	1
574	573	2	TCGATCTTTCAAAGCGCCGTGTTA	1
575	574	2	CGATCTTTCAAAGCGCCGTGTTAG	1
576	575	3	GATCTTTCAAAGCGCCGTGTTAGC	1
577	576	3	ATCTTTCAAAGCGCCGTGTTAGCC	1
578	577	3	TCTTTCAAAGCGCCGTGTTAGCCC	1
579	578	3	CTTTCAAAGCGCCGTGTTAGCCCT	1
580	579	3	TTTCAAAGCGCCGTGTTAGCCCTG	1
581	580	3	TTCAAAGCGCCGTGTTAGCCCTGA	1
582	581	3	TCAAAGCGCCGTGTTAGCCCTGAG	1
583	582	3	CAAAGCGCCGTGTTAGCCCTGAGG	1
584	583	3	AAAGCGCCGTGTTAGCCCTGAGGA	1
585	584	3	AAGCGCCGTGTTAGCCCTGAGGAT	1
586	585	3	AGCGCCGTGTTAGCCCTGAGGATG	1
587	586	3	GCGCCGTGTTAGCCCTGAGGATGT	1
588	587	3	CGCCGTGTTAGCCCTGAGGATGTT	1
589	588	3	GCCGTGTTAGCCCTGAGGATGTTG	1
590	589	3	CCGTGTTAGCCCTGAGGATGTTGT	1
591	590	3	CGTGTTAGCCCTGAGGATGTTGTA	1
592	591	3	GTGTTAGCCCTGAGGATGTTGTAA	1
593	592	3	TGTTAGCCCTGAGGATGTTGTAAA	1
594	593	3	GTTAGCCCTGAGGATGTTGTAAAG	1
595	594	3	TTAGCCCTGAGGATGTTGTAAAGT	1
596	595	3	TAGCCCTGAGGATGTTGTAAAGTG	1
597	596	3	AGCCCTGAGGATGTTGTAAAGTGC	1
598	597	3	GCCCTGAGGATGTTGTAAAGTGCG	1
599	598	3	CCCTGAGGATGTTGTAAAGTGCGA	1
600	599	3	CCTGAGGATGTTGTAAAGTGCGAA	1
601	600	3	CTGAGGATGTTGTAAAGTGCGAAG	1
602	601	3	TGAGGATGTTGTAAAGTGCGAAGA	1
603	602	3	GAGGATGTTGTAAAGTGCGAAGAA	1
604	603	3	AGGATGTTGTAAAGTGCGAAGAAC	1
605	604	3	GGATGTTGTAAAGTGCGAAGAACG	1
606	605	3	GATGTTGTAAAGTGCGAAGAACGC	1
607	606	3	ATGTTGTAAAGTGCGAAGAACGCT	1
608	607	3	TGTTGTAAAGTGCGAAGAACGCTT	1
609	608	2	GTTGTAAAGTGCGAAGAACGCTTC	1
610	609	2	TTGTAAAGTGCGAAGAACGCTTCA	1
611	610	2	TGTAAAGTGCGAAGAACGCTTCAA	1
612	611	2	GTAAAGTGCGAAGAACGCTTCAAC	1
613	612	1	TAAAGTGCGAAGAACGCTTCAACA	1
614	613	1	AAAGTGCGAAGAACGCTTCAACAA	1
615	614	1	AAGTGCGAAGAACGCTTCAACAAA	1
616	615	1	AGTGCGAAGAACGCTTCAACAAAT	1
617	616	1	GTGCGAAGAACGCTTCAACAAATC	1
618	617	1	TGCGAAGAACGCTTCAACAAATCT	1
619	618	1	GCGAAGAACGCTTCAACAAATCTA	1
