Component 62
1	-1	0	GTATCGGTGCTACTCACAGCTCTC	1
2	1	1	TATCGGTGCTACTCACAGCTCTCG	1
3	2	1	ATCGGTGCTACTCACAGCTCTCGT	1
4	3	1	TCGGTGCTACTCACAGCTCTCGTT	1
5	4	1	CGGTGCTACTCACAGCTCTCGTTT	1
6	5	1	GGTGCTACTCACAGCTCTCGTTTC	1
7	6	1	GTGCTACTCACAGCTCTCGTTTCA	1
8	7	1	TGCTACTCACAGCTCTCGTTTCAT	1
9	8	1	GCTACTCACAGCTCTCGTTTCATT	1
10	9	1	CTACTCACAGCTCTCGTTTCATTC	1
11	10	1	TACTCACAGCTCTCGTTTCATTCC	1
12	11	1	ACTCACAGCTCTCGTTTCATTCCT	1
13	12	1	CTCACAGCTCTCGTTTCATTCCTT	1
14	13	1	TCACAGCTCTCGTTTCATTCCTTT	1
15	14	1	CACAGCTCTCGTTTCATTCCTTTG	1
16	15	1	ACAGCTCTCGTTTCATTCCTTTGA	1
17	16	1	CAGCTCTCGTTTCATTCCTTTGAA	1
18	17	2	AGCTCTCGTTTCATTCCTTTGAAG	1
19	18	2	GCTCTCGTTTCATTCCTTTGAAGT	1
20	19	2	CTCTCGTTTCATTCCTTTGAAGTA	1
21	20	2	TCTCGTTTCATTCCTTTGAAGTAG	1
22	21	2	CTCGTTTCATTCCTTTGAAGTAGG	1
23	22	2	TCGTTTCATTCCTTTGAAGTAGGT	1
24	23	2	CGTTTCATTCCTTTGAAGTAGGTC	1
25	24	2	GTTTCATTCCTTTGAAGTAGGTCT	1
26	25	2	TTTCATTCCTTTGAAGTAGGTCTG	1
27	26	2	TTCATTCCTTTGAAGTAGGTCTGT	1
28	27	2	TCATTCCTTTGAAGTAGGTCTGTT	1
29	28	2	CATTCCTTTGAAGTAGGTCTGTTC	1
30	29	2	ATTCCTTTGAAGTAGGTCTGTTCA	1
31	30	2	TTCCTTTGAAGTAGGTCTGTTCAA	1
32	31	2	TCCTTTGAAGTAGGTCTGTTCAAG	1
33	32	2	CCTTTGAAGTAGGTCTGTTCAAGA	1
34	33	2	CTTTGAAGTAGGTCTGTTCAAGAA	1
35	34	2	TTTGAAGTAGGTCTGTTCAAGAAA	1
36	35	2	TTGAAGTAGGTCTGTTCAAGAAAT	1
37	36	2	TGAAGTAGGTCTGTTCAAGAAATC	1
38	37	2	GAAGTAGGTCTGTTCAAGAAATCA	1
39	38	2	AAGTAGGTCTGTTCAAGAAATCAT	1
40	39	2	AGTAGGTCTGTTCAAGAAATCATT	1
41	40	2	GTAGGTCTGTTCAAGAAATCATTC	1
42	41	2	TAGGTCTGTTCAAGAAATCATTCC	1
43	42	2	AGGTCTGTTCAAGAAATCATTCCG	1
44	43	2	GGTCTGTTCAAGAAATCATTCCGT	1
45	44	2	GTCTGTTCAAGAAATCATTCCGTC	1
46	45	1	TCTGTTCAAGAAATCATTCCGTCG	1
47	46	1	CTGTTCAAGAAATCATTCCGTCGT	1
48	47	2	TGTTCAAGAAATCATTCCGTCGTA	1
49	48	2	GTTCAAGAAATCATTCCGTCGTAT	1
50	49	2	TTCAAGAAATCATTCCGTCGTATA	1
51	50	2	TCAAGAAATCATTCCGTCGTATAT	1
52	51	2	CAAGAAATCATTCCGTCGTATATG	1
53	52	2	AAGAAATCATTCCGTCGTATATGT	1
54	53	2	AGAAATCATTCCGTCGTATATGTA	1
55	54	2	GAAATCATTCCGTCGTATATGTAT	1
56	55	2	AAATCATTCCGTCGTATATGTATA	1
57	56	2	AATCATTCCGTCGTATATGTATAT	1
58	57	2	ATCATTCCGTCGTATATGTATATC	1
59	58	2	TCATTCCGTCGTATATGTATATCC	1
60	59	2	CATTCCGTCGTATATGTATATCCA	1
61	60	2	ATTCCGTCGTATATGTATATCCAG	1
62	61	2	TTCCGTCGTATATGTATATCCAGT	1
63	62	2	TCCGTCGTATATGTATATCCAGTT	1
64	63	4	CCGTCGTATATGTATATCCAGTTT	1
65	64	4	CGTCGTATATGTATATCCAGTTTA	1
66	65	4	GTCGTATATGTATATCCAGTTTAT	1
67	66	4	TCGTATATGTATATCCAGTTTATA	1
68	67	4	CGTATATGTATATCCAGTTTATAT	1
69	68	4	GTATATGTATATCCAGTTTATATA	1
70	69	4	TATATGTATATCCAGTTTATATAT	1
71	70	4	ATATGTATATCCAGTTTATATATA	1
72	71	4	TATGTATATCCAGTTTATATATAT	1
73	72	4	ATGTATATCCAGTTTATATATATA	1
74	73	4	TGTATATCCAGTTTATATATATAT	1
75	74	5	GTATATCCAGTTTATATATATATG	1
76	75	5	TATATCCAGTTTATATATATATGT	1
77	76	5	ATATCCAGTTTATATATATATGTT	1
78	77	5	TATCCAGTTTATATATATATGTTA	1
79	78	5	ATCCAGTTTATATATATATGTTAA	1
80	79	5	TCCAGTTTATATATATATGTTAAG	1
81	80	5	CCAGTTTATATATATATGTTAAGG	1
82	81	5	CAGTTTATATATATATGTTAAGGA	1
83	82	5	AGTTTATATATATATGTTAAGGAA	1
84	83	5	GTTTATATATATATGTTAAGGAAA	1
85	84	5	TTTATATATATATGTTAAGGAAAC	1
86	85	5	TTATATATATATGTTAAGGAAACC	1
87	86	5	TATATATATATGTTAAGGAAACCT	1
88	87	5	ATATATATATGTTAAGGAAACCTT	1
89	88	5	TATATATATGTTAAGGAAACCTTC	1
90	89	5	ATATATATGTTAAGGAAACCTTCA	1
91	90	5	TATATATGTTAAGGAAACCTTCAC	1
92	91	4	ATATATGTTAAGGAAACCTTCACA	1
93	92	4	TATATGTTAAGGAAACCTTCACAG	1
94	93	4	ATATGTTAAGGAAACCTTCACAGG	1
95	94	4	TATGTTAAGGAAACCTTCACAGGA	1
96	95	4	ATGTTAAGGAAACCTTCACAGGAA	1
97	96	4	TGTTAAGGAAACCTTCACAGGAAT	1
98	97	4	GTTAAGGAAACCTTCACAGGAATA	1
99	98	4	TTAAGGAAACCTTCACAGGAATAA	1
100	99	4	TAAGGAAACCTTCACAGGAATAAA	1
101	100	4	AAGGAAACCTTCACAGGAATAAAA	1
102	101	4	AGGAAACCTTCACAGGAATAAAAT	1
103	102	4	GGAAACCTTCACAGGAATAAAATA	1
104	103	4	GAAACCTTCACAGGAATAAAATAA	1
105	104	4	AAACCTTCACAGGAATAAAATAAA	1
106	105	3	AACCTTCACAGGAATAAAATAAAA	1
107	106	3	ACCTTCACAGGAATAAAATAAAAG	1
108	107	1	CCTTCACAGGAATAAAATAAAAGG	1
109	108	1	CTTCACAGGAATAAAATAAAAGGT	1
110	109	1	TTCACAGGAATAAAATAAAAGGTA	1
111	110	1	TCACAGGAATAAAATAAAAGGTAT	1
112	111	1	CACAGGAATAAAATAAAAGGTATC	1
113	112	1	ACAGGAATAAAATAAAAGGTATCT	1
114	113	1	CAGGAATAAAATAAAAGGTATCTT	1
115	114	1	AGGAATAAAATAAAAGGTATCTTT	1
116	115	1	GGAATAAAATAAAAGGTATCTTTA	1
117	116	1	GAATAAAATAAAAGGTATCTTTAC	1
118	117	1	AATAAAATAAAAGGTATCTTTACG	1
119	-1	0	TGGCAGAGGAAAATCACGACGAGG	1
120	119	3	GGCAGAGGAAAATCACGACGAGGC	1
121	120	3	GCAGAGGAAAATCACGACGAGGCC	1
122	121	4	CAGAGGAAAATCACGACGAGGCCG	1
123	122	4	AGAGGAAAATCACGACGAGGCCGT	1
124	123	4	GAGGAAAATCACGACGAGGCCGTT	1
125	124	5	AGGAAAATCACGACGAGGCCGTTC	1
126	125	6	GGAAAATCACGACGAGGCCGTTCG	1
127	126	12	GAAAATCACGACGAGGCCGTTCGT	1
128	127	14	AAAATCACGACGAGGCCGTTCGTG	1
129	128	16	AAATCACGACGAGGCCGTTCGTGT	1
130	129	16	AATCACGACGAGGCCGTTCGTGTC	1
131	130	16	ATCACGACGAGGCCGTTCGTGTCG	1
132	131	16	TCACGACGAGGCCGTTCGTGTCGC	1
133	132	16	CACGACGAGGCCGTTCGTGTCGCT	1
134	133	17	ACGACGAGGCCGTTCGTGTCGCTG	1
135	134	18	CGACGAGGCCGTTCGTGTCGCTGA	1
136	135	18	GACGAGGCCGTTCGTGTCGCTGAA	1
137	136	18	ACGAGGCCGTTCGTGTCGCTGAAC	1
138	137	18	CGAGGCCGTTCGTGTCGCTGAACT	1
139	138	19	GAGGCCGTTCGTGTCGCTGAACTT	1
140	139	19	AGGCCGTTCGTGTCGCTGAACTTA	1
141	140	18	GGCCGTTCGTGTCGCTGAACTTAG	1
142	141	18	GCCGTTCGTGTCGCTGAACTTAGG	1
143	142	18	CCGTTCGTGTCGCTGAACTTAGGA	1
144	143	18	CGTTCGTGTCGCTGAACTTAGGAA	1
145	144	18	GTTCGTGTCGCTGAACTTAGGAAG	1
146	145	18	TTCGTGTCGCTGAACTTAGGAAGA	1
147	146	18	TCGTGTCGCTGAACTTAGGAAGAA	1
148	147	19	CGTGTCGCTGAACTTAGGAAGAAG	1
149	148	19	GTGTCGCTGAACTTAGGAAGAAGA	1
150	149	19	TGTCGCTGAACTTAGGAAGAAGAG	1
151	150	20	GTCGCTGAACTTAGGAAGAAGAGA	1
152	151	20	TCGCTGAACTTAGGAAGAAGAGAA	1
153	152	20	CGCTGAACTTAGGAAGAAGAGAAC	1
154	153	20	GCTGAACTTAGGAAGAAGAGAACC	1
155	154	20	CTGAACTTAGGAAGAAGAGAACCT	1
156	155	20	TGAACTTAGGAAGAAGAGAACCTT	1
157	156	20	GAACTTAGGAAGAAGAGAACCTTC	1
158	157	20	AACTTAGGAAGAAGAGAACCTTCC	1
159	158	20	ACTTAGGAAGAAGAGAACCTTCCG	1
160	159	20	CTTAGGAAGAAGAGAACCTTCCGT	1
161	160	20	TTAGGAAGAAGAGAACCTTCCGTA	1
162	161	20	TAGGAAGAAGAGAACCTTCCGTAC	1
163	162	20	AGGAAGAAGAGAACCTTCCGTACC	1
164	163	17	GGAAGAAGAGAACCTTCCGTACCT	1
165	164	17	GAAGAAGAGAACCTTCCGTACCTT	1
166	165	17	AAGAAGAGAACCTTCCGTACCTTC	1
167	166	17	AGAAGAGAACCTTCCGTACCTTCG	1
168	167	17	GAAGAGAACCTTCCGTACCTTCGC	1
169	168	16	AAGAGAACCTTCCGTACCTTCGCC	1
170	169	15	AGAGAACCTTCCGTACCTTCGCCT	1
171	170	9	GAGAACCTTCCGTACCTTCGCCTA	1
172	171	8	AGAACCTTCCGTACCTTCGCCTAT	1
173	172	6	GAACCTTCCGTACCTTCGCCTATC	1
174	173	6	AACCTTCCGTACCTTCGCCTATCG	1
175	174	6	ACCTTCCGTACCTTCGCCTATCGT	1
176	175	6	CCTTCCGTACCTTCGCCTATCGTG	1
177	176	8	CTTCCGTACCTTCGCCTATCGTGG	1
178	177	7	TTCCGTACCTTCGCCTATCGTGGC	1
179	178	6	TCCGTACCTTCGCCTATCGTGGCG	1
180	179	6	CCGTACCTTCGCCTATCGTGGCGT	1
181	180	6	CGTACCTTCGCCTATCGTGGCGTC	1
182	181	6	GTACCTTCGCCTATCGTGGCGTCG	1
183	182	5	TACCTTCGCCTATCGTGGCGTCGA	1
184	183	5	ACCTTCGCCTATCGTGGCGTCGAG	1
185	184	4	CCTTCGCCTATCGTGGCGTCGAGC	1
186	185	4	CTTCGCCTATCGTGGCGTCGAGCT	1
187	186	4	TTCGCCTATCGTGGCGTCGAGCTT	1
188	187	4	TCGCCTATCGTGGCGTCGAGCTTG	1
189	188	4	CGCCTATCGTGGCGTCGAGCTTGA	1
190	189	5	GCCTATCGTGGCGTCGAGCTTGAA	1
191	190	5	CCTATCGTGGCGTCGAGCTTGAAC	1
192	191	4	CTATCGTGGCGTCGAGCTTGAACA	1
193	192	4	TATCGTGGCGTCGAGCTTGAACAA	1
194	193	4	ATCGTGGCGTCGAGCTTGAACAAC	1
195	194	4	TCGTGGCGTCGAGCTTGAACAACT	1
196	195	4	CGTGGCGTCGAGCTTGAACAACTT	1
197	196	4	GTGGCGTCGAGCTTGAACAACTTT	1
198	197	4	TGGCGTCGAGCTTGAACAACTTTT	1
199	198	4	GGCGTCGAGCTTGAACAACTTTTG	1
200	199	4	GCGTCGAGCTTGAACAACTTTTGG	1
201	200	4	CGTCGAGCTTGAACAACTTTTGGA	1
202	201	4	GTCGAGCTTGAACAACTTTTGGAC	1
203	202	4	TCGAGCTTGAACAACTTTTGGACC	1
204	203	4	CGAGCTTGAACAACTTTTGGACCT	1
205	204	4	GAGCTTGAACAACTTTTGGACCTC	1
206	205	4	AGCTTGAACAACTTTTGGACCTCT	1
207	206	4	GCTTGAACAACTTTTGGACCTCTC	1
208	207	4	CTTGAACAACTTTTGGACCTCTCT	1
209	208	4	TTGAACAACTTTTGGACCTCTCTG	1
210	209	4	TGAACAACTTTTGGACCTCTCTGC	1
211	210	5	GAACAACTTTTGGACCTCTCTGCT	1
212	211	5	AACAACTTTTGGACCTCTCTGCTG	1
213	212	5	ACAACTTTTGGACCTCTCTGCTGA	1
214	213	5	CAACTTTTGGACCTCTCTGCTGAG	1
215	214	5	AACTTTTGGACCTCTCTGCTGAGC	1
216	215	5	ACTTTTGGACCTCTCTGCTGAGCA	1
217	216	5	CTTTTGGACCTCTCTGCTGAGCAG	1
218	217	5	TTTTGGACCTCTCTGCTGAGCAGT	1
219	218	6	TTTGGACCTCTCTGCTGAGCAGTT	1
220	219	7	TTGGACCTCTCTGCTGAGCAGTTG	1
221	220	5	TGGACCTCTCTGCTGAGCAGTTGG	1
222	221	5	GGACCTCTCTGCTGAGCAGTTGGT	1
223	222	5	GACCTCTCTGCTGAGCAGTTGGTT	1
224	223	5	ACCTCTCTGCTGAGCAGTTGGTTG	1
225	224	5	CCTCTCTGCTGAGCAGTTGGTTGA	1
226	225	5	CTCTCTGCTGAGCAGTTGGTTGAC	1
227	226	5	TCTCTGCTGAGCAGTTGGTTGACT	1
228	227	5	CTCTGCTGAGCAGTTGGTTGACTT	1
229	228	5	TCTGCTGAGCAGTTGGTTGACTTG	1
230	229	5	CTGCTGAGCAGTTGGTTGACTTGT	1
231	230	5	TGCTGAGCAGTTGGTTGACTTGTT	1
232	231	5	GCTGAGCAGTTGGTTGACTTGTTC	1
233	232	5	CTGAGCAGTTGGTTGACTTGTTCC	1
234	233	5	TGAGCAGTTGGTTGACTTGTTCCA	1
235	234	5	GAGCAGTTGGTTGACTTGTTCCAT	1
236	235	5	AGCAGTTGGTTGACTTGTTCCATG	1
237	236	5	GCAGTTGGTTGACTTGTTCCATGC	1
238	237	5	CAGTTGGTTGACTTGTTCCATGCT	1
239	238	5	AGTTGGTTGACTTGTTCCATGCTC	1
240	239	6	GTTGGTTGACTTGTTCCATGCTCG	1
241	240	7	TTGGTTGACTTGTTCCATGCTCGT	1
242	241	7	TGGTTGACTTGTTCCATGCTCGTG	1
243	242	7	GGTTGACTTGTTCCATGCTCGTGC	1
244	243	7	GTTGACTTGTTCCATGCTCGTGCT	1
245	244	7	TTGACTTGTTCCATGCTCGTGCTC	1
246	245	7	TGACTTGTTCCATGCTCGTGCTCG	1
247	246	7	GACTTGTTCCATGCTCGTGCTCGT	1
248	247	7	ACTTGTTCCATGCTCGTGCTCGTC	1
249	248	7	CTTGTTCCATGCTCGTGCTCGTCG	1
250	249	7	TTGTTCCATGCTCGTGCTCGTCGT	1
251	250	7	TGTTCCATGCTCGTGCTCGTCGTC	1
252	251	6	GTTCCATGCTCGTGCTCGTCGTCG	1
253	252	6	TTCCATGCTCGTGCTCGTCGTCGT	1
254	253	6	TCCATGCTCGTGCTCGTCGTCGTA	1
255	254	5	CCATGCTCGTGCTCGTCGTCGTAT	1
256	255	4	CATGCTCGTGCTCGTCGTCGTATG	1
257	256	4	ATGCTCGTGCTCGTCGTCGTATGC	1
258	257	4	TGCTCGTGCTCGTCGTCGTATGCT	1
259	258	4	GCTCGTGCTCGTCGTCGTATGCTC	1
260	259	4	CTCGTGCTCGTCGTCGTATGCTCC	1
261	260	4	TCGTGCTCGTCGTCGTATGCTCCG	1
262	261	3	CGTGCTCGTCGTCGTATGCTCCGT	1
263	262	3	GTGCTCGTCGTCGTATGCTCCGTG	1
264	263	2	TGCTCGTCGTCGTATGCTCCGTGG	1
265	264	2	GCTCGTCGTCGTATGCTCCGTGGC	1
266	265	4	CTCGTCGTCGTATGCTCCGTGGCC	1
267	266	4	TCGTCGTCGTATGCTCCGTGGCCT	1
268	267	4	CGTCGTCGTATGCTCCGTGGCCTT	1
269	268	6	GTCGTCGTATGCTCCGTGGCCTTG	1
270	269	7	TCGTCGTATGCTCCGTGGCCTTGG	1
271	270	7	CGTCGTATGCTCCGTGGCCTTGGA	1
272	271	7	GTCGTATGCTCCGTGGCCTTGGAC	1
273	272	7	TCGTATGCTCCGTGGCCTTGGACC	1
274	273	7	CGTATGCTCCGTGGCCTTGGACCT	1
275	274	7	GTATGCTCCGTGGCCTTGGACCTA	1
276	275	7	TATGCTCCGTGGCCTTGGACCTAA	1
277	276	7	ATGCTCCGTGGCCTTGGACCTAAT	1
278	277	6	TGCTCCGTGGCCTTGGACCTAATG	1
279	278	6	GCTCCGTGGCCTTGGACCTAATGC	1
280	279	6	CTCCGTGGCCTTGGACCTAATGCT	1
281	280	7	TCCGTGGCCTTGGACCTAATGCTT	1
282	281	7	CCGTGGCCTTGGACCTAATGCTTC	1
283	282	7	CGTGGCCTTGGACCTAATGCTTCT	1
284	283	7	GTGGCCTTGGACCTAATGCTTCTC	1
285	284	7	TGGCCTTGGACCTAATGCTTCTCG	1
286	285	7	GGCCTTGGACCTAATGCTTCTCGT	1
287	286	7	GCCTTGGACCTAATGCTTCTCGTT	1
288	287	8	CCTTGGACCTAATGCTTCTCGTTT	1
289	288	8	CTTGGACCTAATGCTTCTCGTTTT	1
290	289	8	TTGGACCTAATGCTTCTCGTTTTA	1
291	290	8	TGGACCTAATGCTTCTCGTTTTAT	1
292	291	8	GGACCTAATGCTTCTCGTTTTATC	1
293	292	8	GACCTAATGCTTCTCGTTTTATCA	1
294	293	8	ACCTAATGCTTCTCGTTTTATCAG	1
295	294	8	CCTAATGCTTCTCGTTTTATCAGA	1
296	295	8	CTAATGCTTCTCGTTTTATCAGAA	1
297	296	8	TAATGCTTCTCGTTTTATCAGAAA	1
298	297	8	AATGCTTCTCGTTTTATCAGAAAG	1
299	298	8	ATGCTTCTCGTTTTATCAGAAAGC	1
300	299	8	TGCTTCTCGTTTTATCAGAAAGCT	1
301	300	8	GCTTCTCGTTTTATCAGAAAGCTT	1
302	301	8	CTTCTCGTTTTATCAGAAAGCTTC	1
303	302	8	TTCTCGTTTTATCAGAAAGCTTCG	1
304	303	8	TCTCGTTTTATCAGAAAGCTTCGT	1
305	304	8	CTCGTTTTATCAGAAAGCTTCGTA	1
306	305	11	TCGTTTTATCAGAAAGCTTCGTAA	1
307	306	12	CGTTTTATCAGAAAGCTTCGTAAG	1
308	307	12	GTTTTATCAGAAAGCTTCGTAAGG	1
309	308	15	TTTTATCAGAAAGCTTCGTAAGGC	1
310	309	13	TTTATCAGAAAGCTTCGTAAGGCC	1
311	310	13	TTATCAGAAAGCTTCGTAAGGCCA	1
312	311	13	TATCAGAAAGCTTCGTAAGGCCAA	1
313	312	11	ATCAGAAAGCTTCGTAAGGCCAAG	1
314	313	10	TCAGAAAGCTTCGTAAGGCCAAGT	1
315	314	11	CAGAAAGCTTCGTAAGGCCAAGTC	1
316	315	11	AGAAAGCTTCGTAAGGCCAAGTCT	1
317	316	11	GAAAGCTTCGTAAGGCCAAGTCTG	1
318	317	11	AAAGCTTCGTAAGGCCAAGTCTGA	1
319	318	11	AAGCTTCGTAAGGCCAAGTCTGAG	1
320	319	11	AGCTTCGTAAGGCCAAGTCTGAGG	1
321	320	12	GCTTCGTAAGGCCAAGTCTGAGGC	1
322	321	12	CTTCGTAAGGCCAAGTCTGAGGCT	1
323	322	13	TTCGTAAGGCCAAGTCTGAGGCTC	1
324	323	13	TCGTAAGGCCAAGTCTGAGGCTCC	1
325	324	12	CGTAAGGCCAAGTCTGAGGCTCCT	1
326	325	12	GTAAGGCCAAGTCTGAGGCTCCTC	1
327	326	12	TAAGGCCAAGTCTGAGGCTCCTCT	1
328	327	12	AAGGCCAAGTCTGAGGCTCCTCTC	1
329	328	12	AGGCCAAGTCTGAGGCTCCTCTCA	1
330	329	12	GGCCAAGTCTGAGGCTCCTCTCAA	1
331	330	12	GCCAAGTCTGAGGCTCCTCTCAAT	1
332	331	11	CCAAGTCTGAGGCTCCTCTCAATG	1
333	332	11	CAAGTCTGAGGCTCCTCTCAATGA	1
334	333	11	AAGTCTGAGGCTCCTCTCAATGAG	1
335	334	11	AGTCTGAGGCTCCTCTCAATGAGA	1
336	335	11	GTCTGAGGCTCCTCTCAATGAGAA	1
337	336	11	TCTGAGGCTCCTCTCAATGAGAAG	1
338	337	14	CTGAGGCTCCTCTCAATGAGAAGC	1
339	338	14	TGAGGCTCCTCTCAATGAGAAGCC	1
340	339	14	GAGGCTCCTCTCAATGAGAAGCCT	1
341	340	15	AGGCTCCTCTCAATGAGAAGCCTG	1
342	341	15	GGCTCCTCTCAATGAGAAGCCTGC	1
343	342	16	GCTCCTCTCAATGAGAAGCCTGCA	1
344	343	16	CTCCTCTCAATGAGAAGCCTGCAA	1
345	344	16	TCCTCTCAATGAGAAGCCTGCAAC	1
346	345	16	CCTCTCAATGAGAAGCCTGCAACC	1
347	346	16	CTCTCAATGAGAAGCCTGCAACCG	1
348	347	17	TCTCAATGAGAAGCCTGCAACCGT	1
349	348	17	CTCAATGAGAAGCCTGCAACCGTC	1
350	349	14	TCAATGAGAAGCCTGCAACCGTCA	1
351	350	13	CAATGAGAAGCCTGCAACCGTCAA	1
352	351	13	AATGAGAAGCCTGCAACCGTCAAG	1
353	352	10	ATGAGAAGCCTGCAACCGTCAAGA	1
354	353	10	TGAGAAGCCTGCAACCGTCAAGAC	1
355	354	10	GAGAAGCCTGCAACCGTCAAGACT	1
356	355	10	AGAAGCCTGCAACCGTCAAGACTC	1
357	356	10	GAAGCCTGCAACCGTCAAGACTCA	1
358	357	10	AAGCCTGCAACCGTCAAGACTCAC	1
359	358	9	AGCCTGCAACCGTCAAGACTCACT	1
360	359	9	GCCTGCAACCGTCAAGACTCACTT	1
361	360	9	CCTGCAACCGTCAAGACTCACTTG	1
362	361	9	CTGCAACCGTCAAGACTCACTTGC	1
363	362	9	TGCAACCGTCAAGACTCACTTGCG	1
364	363	9	GCAACCGTCAAGACTCACTTGCGT	1
365	364	8	CAACCGTCAAGACTCACTTGCGTA	1
366	365	8	AACCGTCAAGACTCACTTGCGTAA	1
367	366	7	ACCGTCAAGACTCACTTGCGTAAC	1
368	367	7	CCGTCAAGACTCACTTGCGTAACA	1
369	368	7	CGTCAAGACTCACTTGCGTAACAT	1
370	369	7	GTCAAGACTCACTTGCGTAACATG	1
371	370	7	TCAAGACTCACTTGCGTAACATGA	1
372	371	6	CAAGACTCACTTGCGTAACATGAT	1
373	372	6	AAGACTCACTTGCGTAACATGATC	1
374	373	6	AGACTCACTTGCGTAACATGATCA	1
375	374	6	GACTCACTTGCGTAACATGATCAT	1
376	375	6	ACTCACTTGCGTAACATGATCATC	1
377	376	6	CTCACTTGCGTAACATGATCATCC	1
378	377	6	TCACTTGCGTAACATGATCATCCT	1
379	378	6	CACTTGCGTAACATGATCATCCTT	1
380	379	6	ACTTGCGTAACATGATCATCCTTC	1
381	380	6	CTTGCGTAACATGATCATCCTTCC	1
382	381	3	TTGCGTAACATGATCATCCTTCCC	1
383	382	3	TGCGTAACATGATCATCCTTCCCG	1
384	383	2	GCGTAACATGATCATCCTTCCCGA	1
385	384	2	CGTAACATGATCATCCTTCCCGAG	1
386	385	2	GTAACATGATCATCCTTCCCGAGA	1
387	386	2	TAACATGATCATCCTTCCCGAGAT	1
388	387	2	AACATGATCATCCTTCCCGAGATG	1
389	388	2	ACATGATCATCCTTCCCGAGATGG	1
390	389	2	CATGATCATCCTTCCCGAGATGGT	1
391	390	2	ATGATCATCCTTCCCGAGATGGTT	1
392	391	1	TGATCATCCTTCCCGAGATGGTTG	1
393	392	1	GATCATCCTTCCCGAGATGGTTGG	1
394	393	1	ATCATCCTTCCCGAGATGGTTGGT	1
395	394	1	TCATCCTTCCCGAGATGGTTGGTT	1
396	395	1	CATCCTTCCCGAGATGGTTGGTTC	1
397	396	1	ATCCTTCCCGAGATGGTTGGTTCT	1
398	397	1	TCCTTCCCGAGATGGTTGGTTCTG	1
399	398	1	CCTTCCCGAGATGGTTGGTTCTGT	1
400	399	1	CTTCCCGAGATGGTTGGTTCTGTT	1
401	400	1	TTCCCGAGATGGTTGGTTCTGTTG	1
402	401	2	TCCCGAGATGGTTGGTTCTGTTGT	1
403	402	2	CCCGAGATGGTTGGTTCTGTTGTT	1
404	403	2	CCGAGATGGTTGGTTCTGTTGTTG	1
405	404	2	CGAGATGGTTGGTTCTGTTGTTGG	1
406	405	2	GAGATGGTTGGTTCTGTTGTTGGT	1
407	406	2	AGATGGTTGGTTCTGTTGTTGGTA	1
408	407	2	GATGGTTGGTTCTGTTGTTGGTAT	1
409	408	2	ATGGTTGGTTCTGTTGTTGGTATC	1
410	409	2	TGGTTGGTTCTGTTGTTGGTATCT	1
411	410	2	GGTTGGTTCTGTTGTTGGTATCTA	1
412	411	2	GTTGGTTCTGTTGTTGGTATCTAC	1
413	412	2	TTGGTTCTGTTGTTGGTATCTACA	1
414	413	2	TGGTTCTGTTGTTGGTATCTACAA	1
415	414	2	GGTTCTGTTGTTGGTATCTACAAC	1
416	415	2	GTTCTGTTGTTGGTATCTACAACG	1
417	416	3	TTCTGTTGTTGGTATCTACAACGG	1
418	417	3	TCTGTTGTTGGTATCTACAACGGT	1
419	418	3	CTGTTGTTGGTATCTACAACGGTA	1
420	419	3	TGTTGTTGGTATCTACAACGGTAA	1
421	420	3	GTTGTTGGTATCTACAACGGTAAG	1
422	421	4	TTGTTGGTATCTACAACGGTAAGC	1
423	422	4	TGTTGGTATCTACAACGGTAAGCT	1
424	423	4	GTTGGTATCTACAACGGTAAGCTC	1
425	424	4	TTGGTATCTACAACGGTAAGCTCT	1
426	425	4	TGGTATCTACAACGGTAAGCTCTT	1
427	426	4	GGTATCTACAACGGTAAGCTCTTC	1
428	427	4	GTATCTACAACGGTAAGCTCTTCA	1
429	428	4	TATCTACAACGGTAAGCTCTTCAA	1
430	429	4	ATCTACAACGGTAAGCTCTTCAAC	1
431	430	3	TCTACAACGGTAAGCTCTTCAACC	1
432	431	3	CTACAACGGTAAGCTCTTCAACCA	1
433	432	3	TACAACGGTAAGCTCTTCAACCAG	1
434	433	4	ACAACGGTAAGCTCTTCAACCAGG	1
435	434	4	CAACGGTAAGCTCTTCAACCAGGT	1
436	435	4	AACGGTAAGCTCTTCAACCAGGTC	1
437	436	4	ACGGTAAGCTCTTCAACCAGGTCG	1
438	437	5	CGGTAAGCTCTTCAACCAGGTCGA	1
439	438	7	GGTAAGCTCTTCAACCAGGTCGAA	1
440	439	8	GTAAGCTCTTCAACCAGGTCGAAA	1
441	440	8	TAAGCTCTTCAACCAGGTCGAAAT	1
442	441	8	AAGCTCTTCAACCAGGTCGAAATT	1
443	442	8	AGCTCTTCAACCAGGTCGAAATTC	1
444	443	8	GCTCTTCAACCAGGTCGAAATTCG	1
445	444	8	CTCTTCAACCAGGTCGAAATTCGC	1
446	445	7	TCTTCAACCAGGTCGAAATTCGCC	1
447	446	7	CTTCAACCAGGTCGAAATTCGCCC	1
448	447	7	TTCAACCAGGTCGAAATTCGCCCT	1
449	448	7	TCAACCAGGTCGAAATTCGCCCTG	1
450	449	7	CAACCAGGTCGAAATTCGCCCTGA	1
451	450	8	AACCAGGTCGAAATTCGCCCTGAA	1
452	451	8	ACCAGGTCGAAATTCGCCCTGAAA	1
453	452	8	CCAGGTCGAAATTCGCCCTGAAAT	1
454	453	8	CAGGTCGAAATTCGCCCTGAAATG	1
455	454	8	AGGTCGAAATTCGCCCTGAAATGA	1
456	455	8	GGTCGAAATTCGCCCTGAAATGAT	1
457	456	8	GTCGAAATTCGCCCTGAAATGATC	1
458	457	8	TCGAAATTCGCCCTGAAATGATCG	1
459	458	8	CGAAATTCGCCCTGAAATGATCGG	1
460	459	7	GAAATTCGCCCTGAAATGATCGGC	1
461	460	6	AAATTCGCCCTGAAATGATCGGCC	1
462	461	6	AATTCGCCCTGAAATGATCGGCCA	1
463	462	6	ATTCGCCCTGAAATGATCGGCCAC	1
464	463	7	TTCGCCCTGAAATGATCGGCCACT	1
465	464	7	TCGCCCTGAAATGATCGGCCACTA	1
466	465	7	CGCCCTGAAATGATCGGCCACTAC	1
467	466	7	GCCCTGAAATGATCGGCCACTACT	1
468	467	8	CCCTGAAATGATCGGCCACTACTT	1
469	468	8	CCTGAAATGATCGGCCACTACTTG	1
470	469	8	CTGAAATGATCGGCCACTACTTGG	1
471	470	8	TGAAATGATCGGCCACTACTTGGG	1
472	471	8	GAAATGATCGGCCACTACTTGGGT	1
473	472	10	AAATGATCGGCCACTACTTGGGTG	1
474	473	11	AATGATCGGCCACTACTTGGGTGA	1
475	474	11	ATGATCGGCCACTACTTGGGTGAG	1
476	475	12	TGATCGGCCACTACTTGGGTGAGT	1
477	476	12	GATCGGCCACTACTTGGGTGAGTT	1
478	477	12	ATCGGCCACTACTTGGGTGAGTTT	1
479	478	12	TCGGCCACTACTTGGGTGAGTTTT	1
480	479	12	CGGCCACTACTTGGGTGAGTTTTC	1
481	480	12	GGCCACTACTTGGGTGAGTTTTCC	1
482	481	11	GCCACTACTTGGGTGAGTTTTCCA	1
483	482	10	CCACTACTTGGGTGAGTTTTCCAT	1
484	483	9	CACTACTTGGGTGAGTTTTCCATT	1
485	484	9	ACTACTTGGGTGAGTTTTCCATTA	1
486	485	9	CTACTTGGGTGAGTTTTCCATTAC	1
487	486	9	TACTTGGGTGAGTTTTCCATTACC	1
488	487	9	ACTTGGGTGAGTTTTCCATTACCT	1
489	488	10	CTTGGGTGAGTTTTCCATTACCTA	1
490	489	10	TTGGGTGAGTTTTCCATTACCTAC	1
491	490	12	TGGGTGAGTTTTCCATTACCTACA	1
492	491	13	GGGTGAGTTTTCCATTACCTACAA	1
493	492	13	GGTGAGTTTTCCATTACCTACAAA	1
494	493	13	GTGAGTTTTCCATTACCTACAAAC	1
495	494	12	TGAGTTTTCCATTACCTACAAACC	1
496	495	12	GAGTTTTCCATTACCTACAAACCT	1
497	496	12	AGTTTTCCATTACCTACAAACCTA	1
498	497	12	GTTTTCCATTACCTACAAACCTAC	1
499	498	12	TTTTCCATTACCTACAAACCTACC	1
500	499	12	TTTCCATTACCTACAAACCTACCA	1
501	500	12	TTCCATTACCTACAAACCTACCAA	1
502	501	12	TCCATTACCTACAAACCTACCAAG	1
503	502	12	CCATTACCTACAAACCTACCAAGC	1
504	503	12	CATTACCTACAAACCTACCAAGCA	1
505	504	12	ATTACCTACAAACCTACCAAGCAC	1
506	505	12	TTACCTACAAACCTACCAAGCACG	1
507	506	12	TACCTACAAACCTACCAAGCACGG	1
508	507	11	ACCTACAAACCTACCAAGCACGGT	1
509	508	11	CCTACAAACCTACCAAGCACGGTC	1
510	509	10	CTACAAACCTACCAAGCACGGTCG	1
511	510	10	TACAAACCTACCAAGCACGGTCGC	1
512	511	9	ACAAACCTACCAAGCACGGTCGCC	1
513	512	9	CAAACCTACCAAGCACGGTCGCCC	1
514	513	9	AAACCTACCAAGCACGGTCGCCCT	1
515	514	9	AACCTACCAAGCACGGTCGCCCTG	1
516	515	9	ACCTACCAAGCACGGTCGCCCTGG	1
517	516	6	CCTACCAAGCACGGTCGCCCTGGT	1
518	517	6	CTACCAAGCACGGTCGCCCTGGTA	1
519	518	6	TACCAAGCACGGTCGCCCTGGTAT	1
520	519	5	ACCAAGCACGGTCGCCCTGGTATC	1
521	520	5	CCAAGCACGGTCGCCCTGGTATCG	1
522	521	5	CAAGCACGGTCGCCCTGGTATCGG	1
523	522	5	AAGCACGGTCGCCCTGGTATCGGT	1
524	523	5	AGCACGGTCGCCCTGGTATCGGTG	1
525	524	5	GCACGGTCGCCCTGGTATCGGTGC	1
526	525	5	CACGGTCGCCCTGGTATCGGTGCT	1
527	526	4	ACGGTCGCCCTGGTATCGGTGCTA	1
528	527	4	CGGTCGCCCTGGTATCGGTGCTAC	1
529	528	4	GGTCGCCCTGGTATCGGTGCTACT	1
530	529	4	GTCGCCCTGGTATCGGTGCTACTC	1
531	530	4	TCGCCCTGGTATCGGTGCTACTCA	1
532	531	4	CGCCCTGGTATCGGTGCTACTCAC	1
533	532	3	GCCCTGGTATCGGTGCTACTCACA	1
534	533	3	CCCTGGTATCGGTGCTACTCACAG	1
535	534	1	CCTGGTATCGGTGCTACTCACAGC	1
