Component 626
1	-1	0	CTCAAACGCATCTGTAGGGAGGAA	1
2	1	1	TCAAACGCATCTGTAGGGAGGAAA	1
3	2	1	CAAACGCATCTGTAGGGAGGAAAG	1
4	3	1	AAACGCATCTGTAGGGAGGAAAGA	1
5	4	2	AACGCATCTGTAGGGAGGAAAGAT	1
6	5	2	ACGCATCTGTAGGGAGGAAAGATA	1
7	6	3	CGCATCTGTAGGGAGGAAAGATAT	1
8	7	6	GCATCTGTAGGGAGGAAAGATATC	1
9	8	6	CATCTGTAGGGAGGAAAGATATCA	1
10	9	6	ATCTGTAGGGAGGAAAGATATCAA	1
11	10	6	TCTGTAGGGAGGAAAGATATCAAA	1
12	11	6	CTGTAGGGAGGAAAGATATCAAAA	1
13	12	6	TGTAGGGAGGAAAGATATCAAAAT	1
14	13	6	GTAGGGAGGAAAGATATCAAAATG	1
15	14	6	TAGGGAGGAAAGATATCAAAATGG	1
16	15	6	AGGGAGGAAAGATATCAAAATGGC	1
17	16	6	GGGAGGAAAGATATCAAAATGGCA	1
18	17	6	GGAGGAAAGATATCAAAATGGCAA	1
19	18	6	GAGGAAAGATATCAAAATGGCAAC	1
20	19	6	AGGAAAGATATCAAAATGGCAACC	1
21	20	6	GGAAAGATATCAAAATGGCAACCA	1
22	21	6	GAAAGATATCAAAATGGCAACCAA	1
23	22	6	AAAGATATCAAAATGGCAACCAAC	1
24	23	6	AAGATATCAAAATGGCAACCAACG	1
25	24	6	AGATATCAAAATGGCAACCAACGT	1
26	25	8	GATATCAAAATGGCAACCAACGTT	1
27	26	8	ATATCAAAATGGCAACCAACGTTG	1
28	27	8	TATCAAAATGGCAACCAACGTTGG	1
29	28	8	ATCAAAATGGCAACCAACGTTGGG	1
30	29	8	TCAAAATGGCAACCAACGTTGGGC	1
31	30	8	CAAAATGGCAACCAACGTTGGGCC	1
32	31	8	AAAATGGCAACCAACGTTGGGCCT	1
33	32	8	AAATGGCAACCAACGTTGGGCCTC	1
34	33	8	AATGGCAACCAACGTTGGGCCTCA	1
35	34	8	ATGGCAACCAACGTTGGGCCTCAA	1
36	35	8	TGGCAACCAACGTTGGGCCTCAAA	1
37	36	8	GGCAACCAACGTTGGGCCTCAAAT	1
38	37	7	GCAACCAACGTTGGGCCTCAAATT	1
39	38	7	CAACCAACGTTGGGCCTCAAATTC	1
40	39	8	AACCAACGTTGGGCCTCAAATTCG	1
41	40	8	ACCAACGTTGGGCCTCAAATTCGT	1
42	41	8	CCAACGTTGGGCCTCAAATTCGTT	1
43	42	8	CAACGTTGGGCCTCAAATTCGTTC	1
44	43	8	AACGTTGGGCCTCAAATTCGTTCC	1
45	44	8	ACGTTGGGCCTCAAATTCGTTCCG	1
46	45	7	CGTTGGGCCTCAAATTCGTTCCGG	1
47	46	7	GTTGGGCCTCAAATTCGTTCCGGT	1
48	47	7	TTGGGCCTCAAATTCGTTCCGGTG	1
49	48	6	TGGGCCTCAAATTCGTTCCGGTGA	1
50	49	6	GGGCCTCAAATTCGTTCCGGTGAG	1
51	50	5	GGCCTCAAATTCGTTCCGGTGAGC	1
52	51	2	GCCTCAAATTCGTTCCGGTGAGCT	1
53	52	2	CCTCAAATTCGTTCCGGTGAGCTT	1
54	53	2	CTCAAATTCGTTCCGGTGAGCTTG	1
55	54	2	TCAAATTCGTTCCGGTGAGCTTGT	1
56	55	2	CAAATTCGTTCCGGTGAGCTTGTT	1
57	56	2	AAATTCGTTCCGGTGAGCTTGTTT	1
58	57	2	AATTCGTTCCGGTGAGCTTGTTTT	1
59	58	2	ATTCGTTCCGGTGAGCTTGTTTTC	1
60	59	2	TTCGTTCCGGTGAGCTTGTTTTCG	1
61	60	2	TCGTTCCGGTGAGCTTGTTTTCGG	1
62	61	2	CGTTCCGGTGAGCTTGTTTTCGGT	1
63	62	2	GTTCCGGTGAGCTTGTTTTCGGTG	1
64	63	2	TTCCGGTGAGCTTGTTTTCGGTGT	1
65	64	2	TCCGGTGAGCTTGTTTTCGGTGTT	1
66	65	2	CCGGTGAGCTTGTTTTCGGTGTTG	1
67	66	2	CGGTGAGCTTGTTTTCGGTGTTGC	1
68	67	2	GGTGAGCTTGTTTTCGGTGTTGCT	1
69	68	2	GTGAGCTTGTTTTCGGTGTTGCTC	1
70	69	1	TGAGCTTGTTTTCGGTGTTGCTCA	1
71	70	1	GAGCTTGTTTTCGGTGTTGCTCAC	1
72	71	1	AGCTTGTTTTCGGTGTTGCTCACA	1
73	72	1	GCTTGTTTTCGGTGTTGCTCACAT	1
74	73	1	CTTGTTTTCGGTGTTGCTCACATC	1
75	74	1	TTGTTTTCGGTGTTGCTCACATCT	1
76	75	1	TGTTTTCGGTGTTGCTCACATCTT	1
77	76	1	GTTTTCGGTGTTGCTCACATCTTT	1
78	77	1	TTTTCGGTGTTGCTCACATCTTTG	1
79	78	1	TTTCGGTGTTGCTCACATCTTTGC	1
80	79	1	TTCGGTGTTGCTCACATCTTTGCT	1
81	80	1	TCGGTGTTGCTCACATCTTTGCTT	1
82	81	1	CGGTGTTGCTCACATCTTTGCTTC	1
83	82	1	GGTGTTGCTCACATCTTTGCTTCT	1
84	-1	0	TTCACATCACTAATTTGACCGGCA	1
85	84	1	TCACATCACTAATTTGACCGGCAA	1
86	85	1	CACATCACTAATTTGACCGGCAAG	1
87	86	1	ACATCACTAATTTGACCGGCAAGG	1
88	87	1	CATCACTAATTTGACCGGCAAGGA	1
89	88	1	ATCACTAATTTGACCGGCAAGGAA	1
90	89	1	TCACTAATTTGACCGGCAAGGAAA	1
91	90	1	CACTAATTTGACCGGCAAGGAAAC	1
92	91	1	ACTAATTTGACCGGCAAGGAAACC	1
93	92	1	CTAATTTGACCGGCAAGGAAACCA	1
94	93	1	TAATTTGACCGGCAAGGAAACCAT	1
95	94	1	AATTTGACCGGCAAGGAAACCATC	1
96	95	1	ATTTGACCGGCAAGGAAACCATCG	1
97	96	2	TTTGACCGGCAAGGAAACCATCGT	1
98	97	2	TTGACCGGCAAGGAAACCATCGTT	1
99	98	2	TGACCGGCAAGGAAACCATCGTTC	1
100	99	2	GACCGGCAAGGAAACCATCGTTCG	1
101	100	2	ACCGGCAAGGAAACCATCGTTCGT	1
102	101	3	CCGGCAAGGAAACCATCGTTCGTG	1
103	102	3	CGGCAAGGAAACCATCGTTCGTGT	1
104	103	3	GGCAAGGAAACCATCGTTCGTGTT	1
105	104	3	GCAAGGAAACCATCGTTCGTGTTA	1
106	105	3	CAAGGAAACCATCGTTCGTGTTAC	1
107	106	3	AAGGAAACCATCGTTCGTGTTACT	1
108	107	3	AGGAAACCATCGTTCGTGTTACTG	1
109	108	3	GGAAACCATCGTTCGTGTTACTGG	1
110	109	4	GAAACCATCGTTCGTGTTACTGGT	1
111	110	4	AAACCATCGTTCGTGTTACTGGTG	1
112	111	4	AACCATCGTTCGTGTTACTGGTGG	1
113	112	4	ACCATCGTTCGTGTTACTGGTGGT	1
114	113	4	CCATCGTTCGTGTTACTGGTGGTA	1
115	114	4	CATCGTTCGTGTTACTGGTGGTAT	1
116	115	4	ATCGTTCGTGTTACTGGTGGTATG	1
117	116	4	TCGTTCGTGTTACTGGTGGTATGA	1
118	117	4	CGTTCGTGTTACTGGTGGTATGAA	1
119	118	4	GTTCGTGTTACTGGTGGTATGAAG	1
120	119	4	TTCGTGTTACTGGTGGTATGAAGG	1
121	120	4	TCGTGTTACTGGTGGTATGAAGGT	1
122	121	4	CGTGTTACTGGTGGTATGAAGGTC	1
123	122	4	GTGTTACTGGTGGTATGAAGGTCA	1
124	123	6	TGTTACTGGTGGTATGAAGGTCAA	1
125	124	6	GTTACTGGTGGTATGAAGGTCAAG	1
126	125	6	TTACTGGTGGTATGAAGGTCAAGA	1
127	126	6	TACTGGTGGTATGAAGGTCAAGAC	1
128	127	5	ACTGGTGGTATGAAGGTCAAGACT	1
129	128	5	CTGGTGGTATGAAGGTCAAGACTG	1
130	129	5	TGGTGGTATGAAGGTCAAGACTGA	1
131	130	5	GGTGGTATGAAGGTCAAGACTGAT	1
131	285	5	GGTGGTATGAAGGTCAAGACTGAT	1
132	-1	0	CAAAAACTAACCACGAAAAATGGC	1
133	132	1	AAAAACTAACCACGAAAAATGGCT	1
134	133	1	AAAACTAACCACGAAAAATGGCTA	1
135	134	1	AAACTAACCACGAAAAATGGCTAC	1
136	135	1	AACTAACCACGAAAAATGGCTACT	1
137	136	1	ACTAACCACGAAAAATGGCTACTA	1
138	137	1	CTAACCACGAAAAATGGCTACTAA	1
139	138	1	TAACCACGAAAAATGGCTACTAAC	1
140	139	1	AACCACGAAAAATGGCTACTAACG	1
141	140	1	ACCACGAAAAATGGCTACTAACGT	1
142	141	1	CCACGAAAAATGGCTACTAACGTT	1
143	142	1	CACGAAAAATGGCTACTAACGTTG	1
144	143	1	ACGAAAAATGGCTACTAACGTTGG	1
145	144	2	CGAAAAATGGCTACTAACGTTGGC	1
146	145	5	GAAAAATGGCTACTAACGTTGGCC	1
147	146	5	AAAAATGGCTACTAACGTTGGCCC	1
148	147	5	AAAATGGCTACTAACGTTGGCCCT	1
149	148	5	AAATGGCTACTAACGTTGGCCCTC	1
150	149	5	AATGGCTACTAACGTTGGCCCTCA	1
151	150	5	ATGGCTACTAACGTTGGCCCTCAA	1
152	151	5	TGGCTACTAACGTTGGCCCTCAAA	1
153	152	5	GGCTACTAACGTTGGCCCTCAAAT	1
154	153	9	GCTACTAACGTTGGCCCTCAAATC	1
155	154	10	CTACTAACGTTGGCCCTCAAATCC	1
156	155	10	TACTAACGTTGGCCCTCAAATCCG	1
157	156	11	ACTAACGTTGGCCCTCAAATCCGT	1
158	157	11	CTAACGTTGGCCCTCAAATCCGTT	1
159	158	12	TAACGTTGGCCCTCAAATCCGTTC	1
160	159	12	AACGTTGGCCCTCAAATCCGTTCC	1
161	160	12	ACGTTGGCCCTCAAATCCGTTCCG	1
162	161	13	CGTTGGCCCTCAAATCCGTTCCGG	1
163	162	15	GTTGGCCCTCAAATCCGTTCCGGT	1
164	163	17	TTGGCCCTCAAATCCGTTCCGGTG	1
165	164	17	TGGCCCTCAAATCCGTTCCGGTGA	1
166	165	17	GGCCCTCAAATCCGTTCCGGTGAG	1
167	166	17	GCCCTCAAATCCGTTCCGGTGAGC	1
168	167	17	CCCTCAAATCCGTTCCGGTGAGCT	1
169	168	17	CCTCAAATCCGTTCCGGTGAGCTT	1
170	169	17	CTCAAATCCGTTCCGGTGAGCTTG	1
171	170	18	TCAAATCCGTTCCGGTGAGCTTGT	1
172	171	18	CAAATCCGTTCCGGTGAGCTTGTT	1
173	172	19	AAATCCGTTCCGGTGAGCTTGTTT	1
174	173	19	AATCCGTTCCGGTGAGCTTGTTTT	1
175	174	18	ATCCGTTCCGGTGAGCTTGTTTTC	1
176	175	18	TCCGTTCCGGTGAGCTTGTTTTCG	1
177	176	17	CCGTTCCGGTGAGCTTGTTTTCGG	1
178	177	17	CGTTCCGGTGAGCTTGTTTTCGGC	1
179	178	17	GTTCCGGTGAGCTTGTTTTCGGCG	1
180	179	17	TTCCGGTGAGCTTGTTTTCGGCGT	1
181	180	17	TCCGGTGAGCTTGTTTTCGGCGTT	1
182	181	17	CCGGTGAGCTTGTTTTCGGCGTTG	1
183	182	17	CGGTGAGCTTGTTTTCGGCGTTGC	1
184	183	18	GGTGAGCTTGTTTTCGGCGTTGCT	1
185	184	18	GTGAGCTTGTTTTCGGCGTTGCTC	1
186	185	18	TGAGCTTGTTTTCGGCGTTGCTCA	1
187	186	18	GAGCTTGTTTTCGGCGTTGCTCAC	1
188	187	17	AGCTTGTTTTCGGCGTTGCTCACA	1
189	188	17	GCTTGTTTTCGGCGTTGCTCACAT	1
190	189	15	CTTGTTTTCGGCGTTGCTCACATC	1
191	190	15	TTGTTTTCGGCGTTGCTCACATCT	1
192	191	15	TGTTTTCGGCGTTGCTCACATCTT	1
193	192	15	GTTTTCGGCGTTGCTCACATCTTC	1
194	193	16	TTTTCGGCGTTGCTCACATCTTCG	1
195	194	16	TTTCGGCGTTGCTCACATCTTCGC	1
196	195	16	TTCGGCGTTGCTCACATCTTCGCC	1
197	196	15	TCGGCGTTGCTCACATCTTCGCCT	1
198	197	12	CGGCGTTGCTCACATCTTCGCCTC	1
199	198	11	GGCGTTGCTCACATCTTCGCCTCC	1
200	199	11	GCGTTGCTCACATCTTCGCCTCCT	1
201	200	10	CGTTGCTCACATCTTCGCCTCCTT	1
202	201	10	GTTGCTCACATCTTCGCCTCCTTT	1
203	202	9	TTGCTCACATCTTCGCCTCCTTTA	1
204	203	9	TGCTCACATCTTCGCCTCCTTTAA	1
205	204	9	GCTCACATCTTCGCCTCCTTTAAT	1
206	205	8	CTCACATCTTCGCCTCCTTTAATG	1
207	206	6	TCACATCTTCGCCTCCTTTAATGA	1
208	207	4	CACATCTTCGCCTCCTTTAATGAT	1
209	208	5	ACATCTTCGCCTCCTTTAATGATA	1
210	209	5	CATCTTCGCCTCCTTTAATGATAC	1
211	210	5	ATCTTCGCCTCCTTTAATGATACA	1
212	211	5	TCTTCGCCTCCTTTAATGATACAT	1
213	212	5	CTTCGCCTCCTTTAATGATACATT	1
214	213	5	TTCGCCTCCTTTAATGATACATTC	1
215	214	4	TCGCCTCCTTTAATGATACATTCG	1
216	215	4	CGCCTCCTTTAATGATACATTCGT	1
217	216	3	GCCTCCTTTAATGATACATTCGTT	1
218	217	4	CCTCCTTTAATGATACATTCGTTC	1
219	218	4	CTCCTTTAATGATACATTCGTTCA	1
220	219	4	TCCTTTAATGATACATTCGTTCAC	1
221	220	4	CCTTTAATGATACATTCGTTCACA	1
222	221	4	CTTTAATGATACATTCGTTCACAT	1
223	222	4	TTTAATGATACATTCGTTCACATC	1
224	223	4	TTAATGATACATTCGTTCACATCA	1
225	224	4	TAATGATACATTCGTTCACATCAC	1
226	225	4	AATGATACATTCGTTCACATCACT	1
227	226	4	ATGATACATTCGTTCACATCACTG	1
228	227	3	TGATACATTCGTTCACATCACTGA	1
229	228	3	GATACATTCGTTCACATCACTGAT	1
230	229	3	ATACATTCGTTCACATCACTGATT	1
231	230	3	TACATTCGTTCACATCACTGATTT	1
232	231	3	ACATTCGTTCACATCACTGATTTG	1
233	232	3	CATTCGTTCACATCACTGATTTGA	1
234	233	3	ATTCGTTCACATCACTGATTTGAC	1
235	234	3	TTCGTTCACATCACTGATTTGACC	1
236	235	5	TCGTTCACATCACTGATTTGACCG	1
237	236	5	CGTTCACATCACTGATTTGACCGG	1
238	237	4	GTTCACATCACTGATTTGACCGGC	1
239	238	5	TTCACATCACTGATTTGACCGGCA	1
240	239	5	TCACATCACTGATTTGACCGGCAA	1
241	240	5	CACATCACTGATTTGACCGGCAAG	1
242	241	5	ACATCACTGATTTGACCGGCAAGG	1
243	242	5	CATCACTGATTTGACCGGCAAGGA	1
244	243	5	ATCACTGATTTGACCGGCAAGGAA	1
245	244	5	TCACTGATTTGACCGGCAAGGAAA	1
246	245	5	CACTGATTTGACCGGCAAGGAAAC	1
247	246	5	ACTGATTTGACCGGCAAGGAAACC	1
248	247	5	CTGATTTGACCGGCAAGGAAACCA	1
249	248	5	TGATTTGACCGGCAAGGAAACCAT	1
250	249	4	GATTTGACCGGCAAGGAAACCATT	1
251	250	4	ATTTGACCGGCAAGGAAACCATTG	1
252	251	3	TTTGACCGGCAAGGAAACCATTGT	1
253	252	2	TTGACCGGCAAGGAAACCATTGTT	1
254	253	2	TGACCGGCAAGGAAACCATTGTTC	1
255	254	2	GACCGGCAAGGAAACCATTGTTCG	1
256	255	2	ACCGGCAAGGAAACCATTGTTCGT	1
257	256	2	CCGGCAAGGAAACCATTGTTCGTG	1
258	257	2	CGGCAAGGAAACCATTGTTCGTGT	1
259	258	2	GGCAAGGAAACCATTGTTCGTGTC	1
260	259	2	GCAAGGAAACCATTGTTCGTGTCA	1
261	260	2	CAAGGAAACCATTGTTCGTGTCAC	1
262	261	1	AAGGAAACCATTGTTCGTGTCACC	1
263	262	1	AGGAAACCATTGTTCGTGTCACCG	1
264	263	1	GGAAACCATTGTTCGTGTCACCGG	1
265	264	1	GAAACCATTGTTCGTGTCACCGGT	1
266	265	1	AAACCATTGTTCGTGTCACCGGTG	1
267	266	2	AACCATTGTTCGTGTCACCGGTGG	1
268	267	2	ACCATTGTTCGTGTCACCGGTGGT	1
269	268	2	CCATTGTTCGTGTCACCGGTGGTA	1
270	269	2	CATTGTTCGTGTCACCGGTGGTAT	1
271	270	3	ATTGTTCGTGTCACCGGTGGTATG	1
272	271	3	TTGTTCGTGTCACCGGTGGTATGA	1
273	272	3	TGTTCGTGTCACCGGTGGTATGAA	1
274	273	3	GTTCGTGTCACCGGTGGTATGAAG	1
275	274	3	TTCGTGTCACCGGTGGTATGAAGG	1
276	275	3	TCGTGTCACCGGTGGTATGAAGGT	1
277	276	4	CGTGTCACCGGTGGTATGAAGGTC	1
278	277	5	GTGTCACCGGTGGTATGAAGGTCA	1
279	278	6	TGTCACCGGTGGTATGAAGGTCAA	1
280	279	5	GTCACCGGTGGTATGAAGGTCAAG	1
281	280	5	TCACCGGTGGTATGAAGGTCAAGA	1
282	281	5	CACCGGTGGTATGAAGGTCAAGAC	1
283	282	4	ACCGGTGGTATGAAGGTCAAGACT	1
284	283	5	CCGGTGGTATGAAGGTCAAGACTG	1
285	284	5	CGGTGGTATGAAGGTCAAGACTGA	1
286	131	10	GTGGTATGAAGGTCAAGACTGATC	1
287	286	10	TGGTATGAAGGTCAAGACTGATCG	1
288	287	10	GGTATGAAGGTCAAGACTGATCGT	1
289	288	10	GTATGAAGGTCAAGACTGATCGTG	1
290	289	11	TATGAAGGTCAAGACTGATCGTGA	1
291	290	11	ATGAAGGTCAAGACTGATCGTGAT	1
292	291	11	TGAAGGTCAAGACTGATCGTGATG	1
293	292	11	GAAGGTCAAGACTGATCGTGATGA	1
294	293	11	AAGGTCAAGACTGATCGTGATGAG	1
295	294	11	AGGTCAAGACTGATCGTGATGAGT	1
296	295	11	GGTCAAGACTGATCGTGATGAGTC	1
297	296	11	GTCAAGACTGATCGTGATGAGTCT	1
298	297	11	TCAAGACTGATCGTGATGAGTCTT	1
299	298	12	CAAGACTGATCGTGATGAGTCTTC	1
300	299	11	AAGACTGATCGTGATGAGTCTTCT	1
301	300	11	AGACTGATCGTGATGAGTCTTCTC	1
302	301	11	GACTGATCGTGATGAGTCTTCTCC	1
303	302	6	ACTGATCGTGATGAGTCTTCTCCT	1
304	303	6	CTGATCGTGATGAGTCTTCTCCTT	1
305	304	7	TGATCGTGATGAGTCTTCTCCTTA	1
306	305	7	GATCGTGATGAGTCTTCTCCTTAC	1
307	306	7	ATCGTGATGAGTCTTCTCCTTACG	1
308	307	7	TCGTGATGAGTCTTCTCCTTACGC	1
309	308	7	CGTGATGAGTCTTCTCCTTACGCT	1
310	309	6	GTGATGAGTCTTCTCCTTACGCTG	1
311	310	6	TGATGAGTCTTCTCCTTACGCTGC	1
312	311	6	GATGAGTCTTCTCCTTACGCTGCT	1
313	312	6	ATGAGTCTTCTCCTTACGCTGCTA	1
314	313	6	TGAGTCTTCTCCTTACGCTGCTAT	1
315	314	6	GAGTCTTCTCCTTACGCTGCTATG	1
316	315	6	AGTCTTCTCCTTACGCTGCTATGT	1
317	316	6	GTCTTCTCCTTACGCTGCTATGTT	1
318	317	7	TCTTCTCCTTACGCTGCTATGTTA	1
319	318	7	CTTCTCCTTACGCTGCTATGTTAG	1
320	319	9	TTCTCCTTACGCTGCTATGTTAGC	1
321	320	8	TCTCCTTACGCTGCTATGTTAGCC	1
322	321	7	CTCCTTACGCTGCTATGTTAGCCG	1
323	322	7	TCCTTACGCTGCTATGTTAGCCGC	1
324	323	7	CCTTACGCTGCTATGTTAGCCGCC	1
325	324	7	CTTACGCTGCTATGTTAGCCGCCC	1
326	325	7	TTACGCTGCTATGTTAGCCGCCCA	1
327	668	2	TACGCTGCTATGTTAGCCGCCCAA	1
327	326	6	TACGCTGCTATGTTAGCCGCCCAA	1
328	327	8	ACGCTGCTATGTTAGCCGCCCAAG	1
329	328	9	CGCTGCTATGTTAGCCGCCCAAGA	1
330	329	9	GCTGCTATGTTAGCCGCCCAAGAC	1
331	330	9	CTGCTATGTTAGCCGCCCAAGACG	1
332	331	9	TGCTATGTTAGCCGCCCAAGACGC	1
333	332	9	GCTATGTTAGCCGCCCAAGACGCT	1
334	333	9	CTATGTTAGCCGCCCAAGACGCTG	1
335	334	10	TATGTTAGCCGCCCAAGACGCTGC	1
336	335	10	ATGTTAGCCGCCCAAGACGCTGCT	1
337	336	10	TGTTAGCCGCCCAAGACGCTGCTG	1
338	337	11	GTTAGCCGCCCAAGACGCTGCTGC	1
339	338	11	TTAGCCGCCCAAGACGCTGCTGCT	1
340	339	11	TAGCCGCCCAAGACGCTGCTGCTA	1
341	340	11	AGCCGCCCAAGACGCTGCTGCTAA	1
342	341	14	GCCGCCCAAGACGCTGCTGCTAAG	1
343	342	13	CCGCCCAAGACGCTGCTGCTAAGT	1
344	343	13	CGCCCAAGACGCTGCTGCTAAGTG	1
345	344	13	GCCCAAGACGCTGCTGCTAAGTGC	1
346	345	13	CCCAAGACGCTGCTGCTAAGTGCA	1
347	346	13	CCAAGACGCTGCTGCTAAGTGCAA	1
348	347	13	CAAGACGCTGCTGCTAAGTGCAAG	1
349	348	12	AAGACGCTGCTGCTAAGTGCAAGG	1
350	349	12	AGACGCTGCTGCTAAGTGCAAGGA	1
351	350	13	GACGCTGCTGCTAAGTGCAAGGAA	1
352	351	13	ACGCTGCTGCTAAGTGCAAGGAAG	1
353	352	13	CGCTGCTGCTAAGTGCAAGGAAGT	1
354	353	13	GCTGCTGCTAAGTGCAAGGAAGTT	1
355	354	13	CTGCTGCTAAGTGCAAGGAAGTTG	1
356	355	13	TGCTGCTAAGTGCAAGGAAGTTGG	1
357	356	13	GCTGCTAAGTGCAAGGAAGTTGGT	1
358	357	12	CTGCTAAGTGCAAGGAAGTTGGTA	1
359	358	11	TGCTAAGTGCAAGGAAGTTGGTAT	1
360	359	11	GCTAAGTGCAAGGAAGTTGGTATC	1
361	360	12	CTAAGTGCAAGGAAGTTGGTATCA	1
362	361	14	TAAGTGCAAGGAAGTTGGTATCAC	1
363	362	14	AAGTGCAAGGAAGTTGGTATCACT	1
364	363	12	AGTGCAAGGAAGTTGGTATCACTG	1
365	364	14	GTGCAAGGAAGTTGGTATCACTGC	1
366	365	14	TGCAAGGAAGTTGGTATCACTGCT	1
367	366	15	GCAAGGAAGTTGGTATCACTGCTC	1
368	367	16	CAAGGAAGTTGGTATCACTGCTCT	1
369	368	16	AAGGAAGTTGGTATCACTGCTCTT	1
370	369	16	AGGAAGTTGGTATCACTGCTCTTC	1
371	370	16	GGAAGTTGGTATCACTGCTCTTCA	1
372	371	16	GAAGTTGGTATCACTGCTCTTCAC	1
373	372	15	AAGTTGGTATCACTGCTCTTCACA	1
374	373	15	AGTTGGTATCACTGCTCTTCACAT	1
375	374	15	GTTGGTATCACTGCTCTTCACATC	1
376	375	15	TTGGTATCACTGCTCTTCACATCA	1
377	376	14	TGGTATCACTGCTCTTCACATCAA	1
378	377	14	GGTATCACTGCTCTTCACATCAAG	1
379	378	12	GTATCACTGCTCTTCACATCAAGA	1
380	379	12	TATCACTGCTCTTCACATCAAGAT	1
381	380	12	ATCACTGCTCTTCACATCAAGATC	1
382	381	11	TCACTGCTCTTCACATCAAGATCC	1
383	382	11	CACTGCTCTTCACATCAAGATCCG	1
384	383	11	ACTGCTCTTCACATCAAGATCCGT	1
385	384	10	CTGCTCTTCACATCAAGATCCGTG	1
386	385	8	TGCTCTTCACATCAAGATCCGTGC	1
387	386	8	GCTCTTCACATCAAGATCCGTGCT	1
388	387	8	CTCTTCACATCAAGATCCGTGCTA	1
389	388	8	TCTTCACATCAAGATCCGTGCTAC	1
390	389	8	CTTCACATCAAGATCCGTGCTACT	1
391	390	8	TTCACATCAAGATCCGTGCTACTG	1
392	391	9	TCACATCAAGATCCGTGCTACTGG	1
393	392	8	CACATCAAGATCCGTGCTACTGGT	1
394	393	8	ACATCAAGATCCGTGCTACTGGTG	1
395	394	7	CATCAAGATCCGTGCTACTGGTGG	1
396	395	7	ATCAAGATCCGTGCTACTGGTGGT	1
397	396	7	TCAAGATCCGTGCTACTGGTGGTA	1
398	397	7	CAAGATCCGTGCTACTGGTGGTAC	1
399	398	7	AAGATCCGTGCTACTGGTGGTACT	1
400	399	8	AGATCCGTGCTACTGGTGGTACTG	1
401	400	8	GATCCGTGCTACTGGTGGTACTGC	1
402	401	8	ATCCGTGCTACTGGTGGTACTGCT	1
403	402	8	TCCGTGCTACTGGTGGTACTGCTA	1
404	403	8	CCGTGCTACTGGTGGTACTGCTAC	1
405	404	6	CGTGCTACTGGTGGTACTGCTACC	1
406	405	4	GTGCTACTGGTGGTACTGCTACCA	1
407	406	4	TGCTACTGGTGGTACTGCTACCAA	1
408	407	4	GCTACTGGTGGTACTGCTACCAAG	1
409	408	3	CTACTGGTGGTACTGCTACCAAGA	1
410	409	3	TACTGGTGGTACTGCTACCAAGAC	1
411	410	3	ACTGGTGGTACTGCTACCAAGACC	1
412	411	3	CTGGTGGTACTGCTACCAAGACCC	1
413	412	3	TGGTGGTACTGCTACCAAGACCCC	1
414	413	3	GGTGGTACTGCTACCAAGACCCCT	1
415	414	3	GTGGTACTGCTACCAAGACCCCTG	1
416	415	3	TGGTACTGCTACCAAGACCCCTGG	1
417	416	3	GGTACTGCTACCAAGACCCCTGGT	1
418	417	3	GTACTGCTACCAAGACCCCTGGTC	1
419	418	4	TACTGCTACCAAGACCCCTGGTCC	1
420	419	4	ACTGCTACCAAGACCCCTGGTCCT	1
421	420	4	CTGCTACCAAGACCCCTGGTCCTG	1
422	421	5	TGCTACCAAGACCCCTGGTCCTGG	1
423	422	5	GCTACCAAGACCCCTGGTCCTGGT	1
424	423	5	CTACCAAGACCCCTGGTCCTGGTG	1
425	424	5	TACCAAGACCCCTGGTCCTGGTGC	1
426	425	5	ACCAAGACCCCTGGTCCTGGTGCT	1
427	426	5	CCAAGACCCCTGGTCCTGGTGCTC	1
428	427	5	CAAGACCCCTGGTCCTGGTGCTCA	1
429	428	5	AAGACCCCTGGTCCTGGTGCTCAA	1
430	429	5	AGACCCCTGGTCCTGGTGCTCAAG	1
431	430	5	GACCCCTGGTCCTGGTGCTCAAGC	1
432	431	5	ACCCCTGGTCCTGGTGCTCAAGCT	1
433	432	5	CCCCTGGTCCTGGTGCTCAAGCTG	1
434	433	5	CCCTGGTCCTGGTGCTCAAGCTGC	1
435	434	5	CCTGGTCCTGGTGCTCAAGCTGCC	1
436	435	4	CTGGTCCTGGTGCTCAAGCTGCCC	1
437	436	5	TGGTCCTGGTGCTCAAGCTGCCCT	1
438	437	6	GGTCCTGGTGCTCAAGCTGCCCTT	1
439	438	6	GTCCTGGTGCTCAAGCTGCCCTTC	1
440	439	6	TCCTGGTGCTCAAGCTGCCCTTCG	1
441	440	6	CCTGGTGCTCAAGCTGCCCTTCGT	1
442	441	6	CTGGTGCTCAAGCTGCCCTTCGTG	1
443	442	6	TGGTGCTCAAGCTGCCCTTCGTGC	1
444	443	5	GGTGCTCAAGCTGCCCTTCGTGCC	1
445	444	7	GTGCTCAAGCTGCCCTTCGTGCCT	1
446	445	7	TGCTCAAGCTGCCCTTCGTGCCTT	1
447	446	7	GCTCAAGCTGCCCTTCGTGCCTTG	1
448	447	9	CTCAAGCTGCCCTTCGTGCCTTGG	1
449	448	8	TCAAGCTGCCCTTCGTGCCTTGGC	1
450	449	8	CAAGCTGCCCTTCGTGCCTTGGCC	1
451	450	8	AAGCTGCCCTTCGTGCCTTGGCCC	1
452	451	7	AGCTGCCCTTCGTGCCTTGGCCCG	1
453	452	7	GCTGCCCTTCGTGCCTTGGCCCGT	1
454	453	7	CTGCCCTTCGTGCCTTGGCCCGTG	1
455	454	7	TGCCCTTCGTGCCTTGGCCCGTGC	1
456	455	7	GCCCTTCGTGCCTTGGCCCGTGCT	1
457	456	8	CCCTTCGTGCCTTGGCCCGTGCTG	1
458	457	8	CCTTCGTGCCTTGGCCCGTGCTGG	1
459	458	8	CTTCGTGCCTTGGCCCGTGCTGGT	1
460	459	11	TTCGTGCCTTGGCCCGTGCTGGTA	1
461	460	11	TCGTGCCTTGGCCCGTGCTGGTAT	1
462	461	11	CGTGCCTTGGCCCGTGCTGGTATG	1
463	462	10	GTGCCTTGGCCCGTGCTGGTATGC	1
464	463	10	TGCCTTGGCCCGTGCTGGTATGCG	1
465	464	10	GCCTTGGCCCGTGCTGGTATGCGT	1
466	465	9	CCTTGGCCCGTGCTGGTATGCGTA	1
467	466	9	CTTGGCCCGTGCTGGTATGCGTAT	1
468	467	9	TTGGCCCGTGCTGGTATGCGTATT	1
469	468	9	TGGCCCGTGCTGGTATGCGTATTG	1
470	469	9	GGCCCGTGCTGGTATGCGTATTGG	1
471	470	6	GCCCGTGCTGGTATGCGTATTGGC	1
472	471	6	CCCGTGCTGGTATGCGTATTGGCC	1
473	472	6	CCGTGCTGGTATGCGTATTGGCCG	1
474	473	6	CGTGCTGGTATGCGTATTGGCCGT	1
475	474	6	GTGCTGGTATGCGTATTGGCCGTA	1
476	475	6	TGCTGGTATGCGTATTGGCCGTAT	1
477	476	7	GCTGGTATGCGTATTGGCCGTATT	1
478	477	7	CTGGTATGCGTATTGGCCGTATTG	1
479	478	7	TGGTATGCGTATTGGCCGTATTGA	1
480	479	7	GGTATGCGTATTGGCCGTATTGAG	1
481	480	6	GTATGCGTATTGGCCGTATTGAGG	1
482	481	4	TATGCGTATTGGCCGTATTGAGGA	1
483	482	4	ATGCGTATTGGCCGTATTGAGGAT	1
484	483	4	TGCGTATTGGCCGTATTGAGGATG	1
485	484	4	GCGTATTGGCCGTATTGAGGATGT	1
486	485	4	CGTATTGGCCGTATTGAGGATGTT	1
487	486	4	GTATTGGCCGTATTGAGGATGTTA	1
488	487	5	TATTGGCCGTATTGAGGATGTTAC	1
489	488	4	ATTGGCCGTATTGAGGATGTTACT	1
490	489	4	TTGGCCGTATTGAGGATGTTACTC	1
491	490	4	TGGCCGTATTGAGGATGTTACTCC	1
492	491	2	GGCCGTATTGAGGATGTTACTCCC	1
493	492	2	GCCGTATTGAGGATGTTACTCCCA	1
494	493	3	CCGTATTGAGGATGTTACTCCCAT	1
495	494	3	CGTATTGAGGATGTTACTCCCATC	1
496	495	3	GTATTGAGGATGTTACTCCCATCC	1
497	496	3	TATTGAGGATGTTACTCCCATCCC	1
498	497	3	ATTGAGGATGTTACTCCCATCCCC	1
499	498	3	TTGAGGATGTTACTCCCATCCCCA	1
500	499	3	TGAGGATGTTACTCCCATCCCCAC	1
501	500	2	GAGGATGTTACTCCCATCCCCACT	1
502	501	2	AGGATGTTACTCCCATCCCCACTG	1
503	502	2	GGATGTTACTCCCATCCCCACTGA	1
504	503	2	GATGTTACTCCCATCCCCACTGAT	1
505	504	2	ATGTTACTCCCATCCCCACTGATT	1
506	505	2	TGTTACTCCCATCCCCACTGATTC	1
507	506	2	GTTACTCCCATCCCCACTGATTCT	1
508	507	2	TTACTCCCATCCCCACTGATTCTA	1
509	508	2	TACTCCCATCCCCACTGATTCTAC	1
510	509	2	ACTCCCATCCCCACTGATTCTACT	1
511	510	2	CTCCCATCCCCACTGATTCTACTC	1
512	511	2	TCCCATCCCCACTGATTCTACTCG	1
513	512	2	CCCATCCCCACTGATTCTACTCGT	1
514	513	2	CCATCCCCACTGATTCTACTCGTA	1
515	514	2	CATCCCCACTGATTCTACTCGTAG	1
516	515	3	ATCCCCACTGATTCTACTCGTAGA	1
517	516	3	TCCCCACTGATTCTACTCGTAGAA	1
518	517	3	CCCCACTGATTCTACTCGTAGAAA	1
519	518	3	CCCACTGATTCTACTCGTAGAAAG	1
520	519	3	CCACTGATTCTACTCGTAGAAAGG	1
521	520	4	CACTGATTCTACTCGTAGAAAGGG	1
522	521	5	ACTGATTCTACTCGTAGAAAGGGT	1
523	522	5	CTGATTCTACTCGTAGAAAGGGTG	1
524	523	5	TGATTCTACTCGTAGAAAGGGTGG	1
525	524	5	GATTCTACTCGTAGAAAGGGTGGT	1
526	525	5	ATTCTACTCGTAGAAAGGGTGGTC	1
527	526	6	TTCTACTCGTAGAAAGGGTGGTCG	1
528	527	6	TCTACTCGTAGAAAGGGTGGTCGT	1
529	528	6	CTACTCGTAGAAAGGGTGGTCGTC	1
530	529	6	TACTCGTAGAAAGGGTGGTCGTCG	1
531	530	6	ACTCGTAGAAAGGGTGGTCGTCGT	1
532	531	5	CTCGTAGAAAGGGTGGTCGTCGTG	1
533	532	5	TCGTAGAAAGGGTGGTCGTCGTGG	1
534	533	5	CGTAGAAAGGGTGGTCGTCGTGGT	1
535	534	5	GTAGAAAGGGTGGTCGTCGTGGTC	1
536	535	5	TAGAAAGGGTGGTCGTCGTGGTCG	1
537	536	5	AGAAAGGGTGGTCGTCGTGGTCGC	1
538	537	4	GAAAGGGTGGTCGTCGTGGTCGCA	1
539	538	4	AAAGGGTGGTCGTCGTGGTCGCAG	1
540	539	4	AAGGGTGGTCGTCGTGGTCGCAGA	1
541	540	4	AGGGTGGTCGTCGTGGTCGCAGAC	1
542	541	4	GGGTGGTCGTCGTGGTCGCAGACT	1
543	542	4	GGTGGTCGTCGTGGTCGCAGACTT	1
544	543	4	GTGGTCGTCGTGGTCGCAGACTTT	1
545	544	4	TGGTCGTCGTGGTCGCAGACTTTA	1
546	545	4	GGTCGTCGTGGTCGCAGACTTTAA	1
547	546	4	GTCGTCGTGGTCGCAGACTTTAAG	1
548	547	4	TCGTCGTGGTCGCAGACTTTAAGT	1
549	548	4	CGTCGTGGTCGCAGACTTTAAGTG	1
550	549	4	GTCGTGGTCGCAGACTTTAAGTGT	1
551	550	4	TCGTGGTCGCAGACTTTAAGTGTG	1
552	551	4	CGTGGTCGCAGACTTTAAGTGTGC	1
553	552	4	GTGGTCGCAGACTTTAAGTGTGCT	1
554	553	5	TGGTCGCAGACTTTAAGTGTGCTG	1
555	554	5	GGTCGCAGACTTTAAGTGTGCTGT	1
556	555	5	GTCGCAGACTTTAAGTGTGCTGTC	1
557	556	5	TCGCAGACTTTAAGTGTGCTGTCG	1
558	557	5	CGCAGACTTTAAGTGTGCTGTCGT	1
559	558	5	GCAGACTTTAAGTGTGCTGTCGTA	1
560	559	4	CAGACTTTAAGTGTGCTGTCGTAT	1
561	560	4	AGACTTTAAGTGTGCTGTCGTATC	1
562	561	4	GACTTTAAGTGTGCTGTCGTATCT	1
563	562	5	ACTTTAAGTGTGCTGTCGTATCTG	1
564	563	5	CTTTAAGTGTGCTGTCGTATCTGC	1
565	564	4	TTTAAGTGTGCTGTCGTATCTGCC	1
566	565	3	TTAAGTGTGCTGTCGTATCTGCCA	1
567	566	3	TAAGTGTGCTGTCGTATCTGCCAG	1
568	567	3	AAGTGTGCTGTCGTATCTGCCAGT	1
569	568	3	AGTGTGCTGTCGTATCTGCCAGTG	1
570	569	2	GTGTGCTGTCGTATCTGCCAGTGT	1
571	570	2	TGTGCTGTCGTATCTGCCAGTGTC	1
572	571	2	GTGCTGTCGTATCTGCCAGTGTCT	1
573	572	2	TGCTGTCGTATCTGCCAGTGTCTC	1
574	573	3	GCTGTCGTATCTGCCAGTGTCTCG	1
575	574	3	CTGTCGTATCTGCCAGTGTCTCGA	1
576	575	3	TGTCGTATCTGCCAGTGTCTCGAA	1
577	576	3	GTCGTATCTGCCAGTGTCTCGAAT	1
578	577	3	TCGTATCTGCCAGTGTCTCGAATT	1
579	578	3	CGTATCTGCCAGTGTCTCGAATTT	1
580	579	3	GTATCTGCCAGTGTCTCGAATTTT	1
581	580	3	TATCTGCCAGTGTCTCGAATTTTA	1
582	581	3	ATCTGCCAGTGTCTCGAATTTTAT	1
583	582	3	TCTGCCAGTGTCTCGAATTTTATT	1
584	583	3	CTGCCAGTGTCTCGAATTTTATTT	1
585	584	3	TGCCAGTGTCTCGAATTTTATTTC	1
586	585	3	GCCAGTGTCTCGAATTTTATTTCG	1
587	586	3	CCAGTGTCTCGAATTTTATTTCGG	1
588	587	3	CAGTGTCTCGAATTTTATTTCGGT	1
589	588	3	AGTGTCTCGAATTTTATTTCGGTA	1
590	589	3	GTGTCTCGAATTTTATTTCGGTAC	1
591	590	3	TGTCTCGAATTTTATTTCGGTACT	1
592	591	3	GTCTCGAATTTTATTTCGGTACTT	1
593	592	3	TCTCGAATTTTATTTCGGTACTTT	1
594	593	3	CTCGAATTTTATTTCGGTACTTTT	1
595	594	3	TCGAATTTTATTTCGGTACTTTTC	1
596	595	3	CGAATTTTATTTCGGTACTTTTCT	1
597	596	3	GAATTTTATTTCGGTACTTTTCTG	1
598	597	2	AATTTTATTTCGGTACTTTTCTGT	1
599	598	2	ATTTTATTTCGGTACTTTTCTGTC	1
600	599	2	TTTTATTTCGGTACTTTTCTGTCA	1
601	600	3	TTTATTTCGGTACTTTTCTGTCAC	1
602	601	3	TTATTTCGGTACTTTTCTGTCACA	1
603	602	3	TATTTCGGTACTTTTCTGTCACAT	1
604	603	3	ATTTCGGTACTTTTCTGTCACATG	1
605	604	3	TTTCGGTACTTTTCTGTCACATGG	1
606	605	3	TTCGGTACTTTTCTGTCACATGGG	1
607	606	2	TCGGTACTTTTCTGTCACATGGGA	1
608	607	2	CGGTACTTTTCTGTCACATGGGAG	1
609	608	2	GGTACTTTTCTGTCACATGGGAGG	1
610	609	2	GTACTTTTCTGTCACATGGGAGGA	1
611	610	2	TACTTTTCTGTCACATGGGAGGAA	1
612	611	2	ACTTTTCTGTCACATGGGAGGAAT	1
613	612	2	CTTTTCTGTCACATGGGAGGAATT	1
614	613	2	TTTTCTGTCACATGGGAGGAATTT	1
615	614	2	TTTCTGTCACATGGGAGGAATTTC	1
616	615	2	TTCTGTCACATGGGAGGAATTTCA	1
617	616	2	TCTGTCACATGGGAGGAATTTCAC	1
618	617	1	CTGTCACATGGGAGGAATTTCACT	1
619	618	1	TGTCACATGGGAGGAATTTCACTG	1
620	619	1	GTCACATGGGAGGAATTTCACTGG	1
621	620	1	TCACATGGGAGGAATTTCACTGGA	1
622	621	1	CACATGGGAGGAATTTCACTGGAA	1
623	622	1	ACATGGGAGGAATTTCACTGGAAT	1
624	623	1	CATGGGAGGAATTTCACTGGAATT	1
625	624	1	ATGGGAGGAATTTCACTGGAATTG	1
626	625	1	TGGGAGGAATTTCACTGGAATTGT	1
627	626	1	GGGAGGAATTTCACTGGAATTGTT	1
628	627	1	GGAGGAATTTCACTGGAATTGTTA	1
629	628	1	GAGGAATTTCACTGGAATTGTTAT	1
630	629	1	AGGAATTTCACTGGAATTGTTATT	1
631	630	1	GGAATTTCACTGGAATTGTTATTC	1
632	631	1	GAATTTCACTGGAATTGTTATTCG	1
633	632	1	AATTTCACTGGAATTGTTATTCGT	1
634	633	1	ATTTCACTGGAATTGTTATTCGTT	1
635	634	1	TTTCACTGGAATTGTTATTCGTTT	1
636	635	1	TTCACTGGAATTGTTATTCGTTTA	1
637	636	1	TCACTGGAATTGTTATTCGTTTAG	1
638	637	1	CACTGGAATTGTTATTCGTTTAGG	1
639	638	1	ACTGGAATTGTTATTCGTTTAGGA	1
640	639	1	CTGGAATTGTTATTCGTTTAGGAT	1
641	640	1	TGGAATTGTTATTCGTTTAGGATA	1
642	641	1	GGAATTGTTATTCGTTTAGGATAT	1
643	642	1	GAATTGTTATTCGTTTAGGATATC	1
644	643	1	AATTGTTATTCGTTTAGGATATCT	1
645	302	5	ACTGATCGTGATGAGTCTTCTCCA	1
646	645	5	CTGATCGTGATGAGTCTTCTCCAT	1
647	646	6	TGATCGTGATGAGTCTTCTCCATA	1
648	647	6	GATCGTGATGAGTCTTCTCCATAC	1
649	648	6	ATCGTGATGAGTCTTCTCCATACG	1
650	649	5	TCGTGATGAGTCTTCTCCATACGC	1
651	650	5	CGTGATGAGTCTTCTCCATACGCT	1
652	651	5	GTGATGAGTCTTCTCCATACGCTG	1
653	652	5	TGATGAGTCTTCTCCATACGCTGC	1
654	653	5	GATGAGTCTTCTCCATACGCTGCT	1
655	654	5	ATGAGTCTTCTCCATACGCTGCTA	1
656	655	5	TGAGTCTTCTCCATACGCTGCTAT	1
657	656	5	GAGTCTTCTCCATACGCTGCTATG	1
658	657	5	AGTCTTCTCCATACGCTGCTATGT	1
659	658	5	GTCTTCTCCATACGCTGCTATGTT	1
660	659	5	TCTTCTCCATACGCTGCTATGTTA	1
661	660	4	CTTCTCCATACGCTGCTATGTTAG	1
662	661	4	TTCTCCATACGCTGCTATGTTAGC	1
663	662	4	TCTCCATACGCTGCTATGTTAGCC	1
664	663	2	CTCCATACGCTGCTATGTTAGCCG	1
665	664	2	TCCATACGCTGCTATGTTAGCCGC	1
666	665	2	CCATACGCTGCTATGTTAGCCGCC	1
667	666	2	CATACGCTGCTATGTTAGCCGCCC	1
668	667	2	ATACGCTGCTATGTTAGCCGCCCA	1
