Component 627
1	-1	0	CTTTGCAGGATGGGACGTGATATA	1
2	1	1	TTTGCAGGATGGGACGTGATATAT	1
3	2	1	TTGCAGGATGGGACGTGATATATA	1
4	3	1	TGCAGGATGGGACGTGATATATAC	1
5	4	1	GCAGGATGGGACGTGATATATACA	1
6	5	2	CAGGATGGGACGTGATATATACAA	1
7	6	2	AGGATGGGACGTGATATATACAAG	1
8	7	2	GGATGGGACGTGATATATACAAGG	1
9	8	2	GATGGGACGTGATATATACAAGGA	1
10	9	2	ATGGGACGTGATATATACAAGGAC	1
11	10	3	TGGGACGTGATATATACAAGGACG	1
12	11	3	GGGACGTGATATATACAAGGACGA	1
13	12	4	GGACGTGATATATACAAGGACGAG	1
14	13	4	GACGTGATATATACAAGGACGAGA	1
15	14	4	ACGTGATATATACAAGGACGAGAC	1
16	15	5	CGTGATATATACAAGGACGAGACT	1
17	16	6	GTGATATATACAAGGACGAGACTT	1
18	17	7	TGATATATACAAGGACGAGACTTT	1
19	18	7	GATATATACAAGGACGAGACTTTG	1
20	19	9	ATATATACAAGGACGAGACTTTGA	1
21	20	9	TATATACAAGGACGAGACTTTGAC	1
22	21	9	ATATACAAGGACGAGACTTTGACA	1
23	22	9	TATACAAGGACGAGACTTTGACAA	1
24	23	9	ATACAAGGACGAGACTTTGACAAT	1
25	24	9	TACAAGGACGAGACTTTGACAATC	1
26	25	9	ACAAGGACGAGACTTTGACAATCC	1
27	26	9	CAAGGACGAGACTTTGACAATCCC	1
28	27	9	AAGGACGAGACTTTGACAATCCCC	1
29	28	9	AGGACGAGACTTTGACAATCCCCA	1
30	29	9	GGACGAGACTTTGACAATCCCCAA	1
31	30	9	GACGAGACTTTGACAATCCCCAAG	1
32	31	10	ACGAGACTTTGACAATCCCCAAGG	1
33	32	10	CGAGACTTTGACAATCCCCAAGGG	1
34	33	11	GAGACTTTGACAATCCCCAAGGGT	1
35	34	11	AGACTTTGACAATCCCCAAGGGTG	1
36	35	11	GACTTTGACAATCCCCAAGGGTGT	1
37	36	11	ACTTTGACAATCCCCAAGGGTGTT	1
38	37	11	CTTTGACAATCCCCAAGGGTGTTA	1
39	38	11	TTTGACAATCCCCAAGGGTGTTAC	1
40	39	12	TTGACAATCCCCAAGGGTGTTACT	1
41	40	12	TGACAATCCCCAAGGGTGTTACTG	1
42	41	12	GACAATCCCCAAGGGTGTTACTGT	1
43	42	12	ACAATCCCCAAGGGTGTTACTGTT	1
44	43	12	CAATCCCCAAGGGTGTTACTGTTG	1
45	44	12	AATCCCCAAGGGTGTTACTGTTGA	1
46	45	11	ATCCCCAAGGGTGTTACTGTTGAC	1
47	46	11	TCCCCAAGGGTGTTACTGTTGACA	1
48	47	11	CCCCAAGGGTGTTACTGTTGACAT	1
49	48	11	CCCAAGGGTGTTACTGTTGACATT	1
50	49	10	CCAAGGGTGTTACTGTTGACATTA	1
51	50	10	CAAGGGTGTTACTGTTGACATTAA	1
52	51	10	AAGGGTGTTACTGTTGACATTAAG	1
53	52	10	AGGGTGTTACTGTTGACATTAAGG	1
54	53	10	GGGTGTTACTGTTGACATTAAGGC	1
55	54	9	GGTGTTACTGTTGACATTAAGGCA	1
56	55	9	GTGTTACTGTTGACATTAAGGCAC	1
57	56	8	TGTTACTGTTGACATTAAGGCACG	1
58	57	8	GTTACTGTTGACATTAAGGCACGT	1
59	58	8	TTACTGTTGACATTAAGGCACGTA	1
60	59	7	TACTGTTGACATTAAGGCACGTAA	1
61	60	6	ACTGTTGACATTAAGGCACGTAAT	1
62	61	6	CTGTTGACATTAAGGCACGTAATG	1
63	62	6	TGTTGACATTAAGGCACGTAATGT	1
64	63	4	GTTGACATTAAGGCACGTAATGTT	1
65	64	4	TTGACATTAAGGCACGTAATGTTA	1
66	65	4	TGACATTAAGGCACGTAATGTTAC	1
67	66	4	GACATTAAGGCACGTAATGTTACA	1
68	67	4	ACATTAAGGCACGTAATGTTACAG	1
69	68	4	CATTAAGGCACGTAATGTTACAGT	1
70	69	4	ATTAAGGCACGTAATGTTACAGTT	1
71	70	4	TTAAGGCACGTAATGTTACAGTTA	1
72	71	4	TAAGGCACGTAATGTTACAGTTAC	1
73	72	4	AAGGCACGTAATGTTACAGTTACC	1
74	73	4	AGGCACGTAATGTTACAGTTACCG	1
75	74	4	GGCACGTAATGTTACAGTTACCGG	1
76	75	3	GCACGTAATGTTACAGTTACCGGT	1
77	76	3	CACGTAATGTTACAGTTACCGGTC	1
78	77	2	ACGTAATGTTACAGTTACCGGTCC	1
79	78	2	CGTAATGTTACAGTTACCGGTCCT	1
80	79	2	GTAATGTTACAGTTACCGGTCCTC	1
81	80	2	TAATGTTACAGTTACCGGTCCTCG	1
82	81	2	AATGTTACAGTTACCGGTCCTCGT	1
83	82	2	ATGTTACAGTTACCGGTCCTCGTG	1
84	83	1	TGTTACAGTTACCGGTCCTCGTGG	1
85	84	1	GTTACAGTTACCGGTCCTCGTGGT	1
86	85	1	TTACAGTTACCGGTCCTCGTGGTA	1
87	86	1	TACAGTTACCGGTCCTCGTGGTAC	1
88	87	1	ACAGTTACCGGTCCTCGTGGTACT	1
89	88	1	CAGTTACCGGTCCTCGTGGTACTC	1
90	89	1	AGTTACCGGTCCTCGTGGTACTCT	1
91	90	1	GTTACCGGTCCTCGTGGTACTCTC	1
92	91	1	TTACCGGTCCTCGTGGTACTCTCA	1
93	92	1	TACCGGTCCTCGTGGTACTCTCAA	1
94	93	1	ACCGGTCCTCGTGGTACTCTCAAG	1
95	94	1	CCGGTCCTCGTGGTACTCTCAAGC	1
96	95	1	CGGTCCTCGTGGTACTCTCAAGCA	1
97	96	1	GGTCCTCGTGGTACTCTCAAGCAA	1
98	97	1	GTCCTCGTGGTACTCTCAAGCAAA	1
99	98	1	TCCTCGTGGTACTCTCAAGCAAAA	1
100	99	1	CCTCGTGGTACTCTCAAGCAAAAC	1
101	100	1	CTCGTGGTACTCTCAAGCAAAACT	1
102	101	1	TCGTGGTACTCTCAAGCAAAACTT	1
103	102	1	CGTGGTACTCTCAAGCAAAACTTG	1
104	103	1	GTGGTACTCTCAAGCAAAACTTGC	1
105	104	1	TGGTACTCTCAAGCAAAACTTGCG	1
106	-1	0	TCACTGTCTCCATTTCCTCCGCTG	1
107	106	1	CACTGTCTCCATTTCCTCCGCTGT	1
108	107	2	ACTGTCTCCATTTCCTCCGCTGTC	1
109	108	2	CTGTCTCCATTTCCTCCGCTGTCA	1
110	109	2	TGTCTCCATTTCCTCCGCTGTCAA	1
111	110	2	GTCTCCATTTCCTCCGCTGTCAAG	1
112	111	2	TCTCCATTTCCTCCGCTGTCAAGG	1
113	112	2	CTCCATTTCCTCCGCTGTCAAGGA	1
114	113	2	TCCATTTCCTCCGCTGTCAAGGAT	1
115	114	2	CCATTTCCTCCGCTGTCAAGGATG	1
116	115	2	CATTTCCTCCGCTGTCAAGGATGA	1
117	116	2	ATTTCCTCCGCTGTCAAGGATGAG	1
118	117	2	TTTCCTCCGCTGTCAAGGATGAGA	1
119	118	3	TTCCTCCGCTGTCAAGGATGAGAT	1
120	119	3	TCCTCCGCTGTCAAGGATGAGATT	1
121	120	3	CCTCCGCTGTCAAGGATGAGATTA	1
122	121	3	CTCCGCTGTCAAGGATGAGATTAT	1
123	122	3	TCCGCTGTCAAGGATGAGATTATC	1
124	123	3	CCGCTGTCAAGGATGAGATTATCC	1
125	124	3	CGCTGTCAAGGATGAGATTATCCT	1
126	125	3	GCTGTCAAGGATGAGATTATCCTT	1
127	126	3	CTGTCAAGGATGAGATTATCCTTG	1
128	127	3	TGTCAAGGATGAGATTATCCTTGA	1
129	128	3	GTCAAGGATGAGATTATCCTTGAG	1
130	129	3	TCAAGGATGAGATTATCCTTGAGG	1
131	130	3	CAAGGATGAGATTATCCTTGAGGG	1
132	131	3	AAGGATGAGATTATCCTTGAGGGT	1
133	132	3	AGGATGAGATTATCCTTGAGGGTA	1
134	133	4	GGATGAGATTATCCTTGAGGGTAA	1
135	134	4	GATGAGATTATCCTTGAGGGTAAC	1
136	135	4	ATGAGATTATCCTTGAGGGTAACT	1
137	136	4	TGAGATTATCCTTGAGGGTAACTC	1
138	137	4	GAGATTATCCTTGAGGGTAACTCT	1
139	138	4	AGATTATCCTTGAGGGTAACTCTT	1
140	139	4	GATTATCCTTGAGGGTAACTCTTT	1
141	140	4	ATTATCCTTGAGGGTAACTCTTTG	1
142	141	4	TTATCCTTGAGGGTAACTCTTTGG	1
143	142	4	TATCCTTGAGGGTAACTCTTTGGA	1
144	143	4	ATCCTTGAGGGTAACTCTTTGGAA	1
145	144	4	TCCTTGAGGGTAACTCTTTGGAAA	1
146	145	4	CCTTGAGGGTAACTCTTTGGAAAA	1
147	146	4	CTTGAGGGTAACTCTTTGGAAAAC	1
148	147	4	TTGAGGGTAACTCTTTGGAAAACG	1
149	148	4	TGAGGGTAACTCTTTGGAAAACGT	1
150	149	4	GAGGGTAACTCTTTGGAAAACGTT	1
151	150	3	AGGGTAACTCTTTGGAAAACGTTT	1
152	151	2	GGGTAACTCTTTGGAAAACGTTTC	1
153	152	2	GGTAACTCTTTGGAAAACGTTTCT	1
154	153	2	GTAACTCTTTGGAAAACGTTTCTC	1
155	154	2	TAACTCTTTGGAAAACGTTTCTCA	1
156	155	2	AACTCTTTGGAAAACGTTTCTCAA	1
157	156	1	ACTCTTTGGAAAACGTTTCTCAAT	1
158	157	1	CTCTTTGGAAAACGTTTCTCAATC	1
159	158	1	TCTTTGGAAAACGTTTCTCAATCC	1
160	159	1	CTTTGGAAAACGTTTCTCAATCCG	1
161	160	1	TTTGGAAAACGTTTCTCAATCCGC	1
162	161	1	TTGGAAAACGTTTCTCAATCCGCT	1
163	-1	0	CGGAACTGTTGTTGAAATTCGTAA	1
164	163	1	GGAACTGTTGTTGAAATTCGTAAC	1
165	164	1	GAACTGTTGTTGAAATTCGTAACT	1
166	165	2	AACTGTTGTTGAAATTCGTAACTT	1
167	166	2	ACTGTTGTTGAAATTCGTAACTTC	1
168	167	2	CTGTTGTTGAAATTCGTAACTTCT	1
169	168	2	TGTTGTTGAAATTCGTAACTTCTT	1
170	169	2	GTTGTTGAAATTCGTAACTTCTTG	1
171	170	2	TTGTTGAAATTCGTAACTTCTTGG	1
172	171	2	TGTTGAAATTCGTAACTTCTTGGG	1
173	172	2	GTTGAAATTCGTAACTTCTTGGGT	1
174	173	2	TTGAAATTCGTAACTTCTTGGGTG	1
175	174	2	TGAAATTCGTAACTTCTTGGGTGA	1
176	175	2	GAAATTCGTAACTTCTTGGGTGAG	1
177	176	2	AAATTCGTAACTTCTTGGGTGAGC	1
178	177	2	AATTCGTAACTTCTTGGGTGAGCG	1
179	178	2	ATTCGTAACTTCTTGGGTGAGCGT	1
180	179	2	TTCGTAACTTCTTGGGTGAGCGTA	1
181	180	2	TCGTAACTTCTTGGGTGAGCGTAT	1
182	181	2	CGTAACTTCTTGGGTGAGCGTATT	1
183	182	3	GTAACTTCTTGGGTGAGCGTATTA	1
184	183	3	TAACTTCTTGGGTGAGCGTATTAC	1
185	184	4	AACTTCTTGGGTGAGCGTATTACT	1
186	185	5	ACTTCTTGGGTGAGCGTATTACTC	1
187	186	5	CTTCTTGGGTGAGCGTATTACTCG	1
188	187	5	TTCTTGGGTGAGCGTATTACTCGT	1
189	188	5	TCTTGGGTGAGCGTATTACTCGTG	1
190	189	5	CTTGGGTGAGCGTATTACTCGTGT	1
191	190	5	TTGGGTGAGCGTATTACTCGTGTT	1
192	191	5	TGGGTGAGCGTATTACTCGTGTTA	1
193	192	5	GGGTGAGCGTATTACTCGTGTTAT	1
194	193	5	GGTGAGCGTATTACTCGTGTTATT	1
195	194	5	GTGAGCGTATTACTCGTGTTATTA	1
196	195	5	TGAGCGTATTACTCGTGTTATTAA	1
197	196	5	GAGCGTATTACTCGTGTTATTAAG	1
198	197	5	AGCGTATTACTCGTGTTATTAAGT	1
199	198	5	GCGTATTACTCGTGTTATTAAGTG	1
200	199	5	CGTATTACTCGTGTTATTAAGTGT	1
201	200	5	GTATTACTCGTGTTATTAAGTGTT	1
202	201	5	TATTACTCGTGTTATTAAGTGTTT	1
203	202	5	ATTACTCGTGTTATTAAGTGTTTG	1
204	203	5	TTACTCGTGTTATTAAGTGTTTGC	1
205	204	5	TACTCGTGTTATTAAGTGTTTGCC	1
206	205	5	ACTCGTGTTATTAAGTGTTTGCCT	1
207	206	5	CTCGTGTTATTAAGTGTTTGCCTG	1
208	207	4	TCGTGTTATTAAGTGTTTGCCTGG	1
209	208	4	CGTGTTATTAAGTGTTTGCCTGGT	1
210	209	3	GTGTTATTAAGTGTTTGCCTGGTG	1
211	210	3	TGTTATTAAGTGTTTGCCTGGTGT	1
212	211	3	GTTATTAAGTGTTTGCCTGGTGTC	1
213	212	3	TTATTAAGTGTTTGCCTGGTGTCA	1
214	213	3	TATTAAGTGTTTGCCTGGTGTCAC	1
215	214	3	ATTAAGTGTTTGCCTGGTGTCACT	1
216	215	3	TTAAGTGTTTGCCTGGTGTCACTG	1
217	216	3	TAAGTGTTTGCCTGGTGTCACTGT	1
218	217	3	AAGTGTTTGCCTGGTGTCACTGTC	1
219	218	3	AGTGTTTGCCTGGTGTCACTGTCT	1
220	219	3	GTGTTTGCCTGGTGTCACTGTCTC	1
221	220	3	TGTTTGCCTGGTGTCACTGTCTCC	1
222	221	3	GTTTGCCTGGTGTCACTGTCTCCA	1
223	222	3	TTTGCCTGGTGTCACTGTCTCCAT	1
224	223	3	TTGCCTGGTGTCACTGTCTCCATT	1
225	224	3	TGCCTGGTGTCACTGTCTCCATTT	1
226	225	3	GCCTGGTGTCACTGTCTCCATTTC	1
227	226	2	CCTGGTGTCACTGTCTCCATTTCC	1
228	227	1	CTGGTGTCACTGTCTCCATTTCCT	1
229	228	1	TGGTGTCACTGTCTCCATTTCCTC	1
230	-1	0	GCACGGATCTCGCAAACATAATGC	1
231	230	1	CACGGATCTCGCAAACATAATGCT	1
232	231	2	ACGGATCTCGCAAACATAATGCTT	1
233	232	2	CGGATCTCGCAAACATAATGCTTG	1
234	233	2	GGATCTCGCAAACATAATGCTTGC	1
235	234	2	GATCTCGCAAACATAATGCTTGCA	1
236	235	2	ATCTCGCAAACATAATGCTTGCAT	1
237	236	2	TCTCGCAAACATAATGCTTGCATC	1
238	237	2	CTCGCAAACATAATGCTTGCATCC	1
239	238	2	TCGCAAACATAATGCTTGCATCCG	1
240	239	2	CGCAAACATAATGCTTGCATCCGT	1
241	240	4	GCAAACATAATGCTTGCATCCGTT	1
242	241	4	CAAACATAATGCTTGCATCCGTTC	1
243	242	4	AAACATAATGCTTGCATCCGTTCC	1
244	243	4	AACATAATGCTTGCATCCGTTCCG	1
245	244	4	ACATAATGCTTGCATCCGTTCCGT	1
246	245	4	CATAATGCTTGCATCCGTTCCGTC	1
247	246	4	ATAATGCTTGCATCCGTTCCGTCT	1
248	247	4	TAATGCTTGCATCCGTTCCGTCTA	1
249	248	5	AATGCTTGCATCCGTTCCGTCTAT	1
250	249	5	ATGCTTGCATCCGTTCCGTCTATT	1
251	250	8	TGCTTGCATCCGTTCCGTCTATTC	1
252	251	9	GCTTGCATCCGTTCCGTCTATTCT	1
253	252	9	CTTGCATCCGTTCCGTCTATTCTA	1
254	253	9	TTGCATCCGTTCCGTCTATTCTAT	1
255	254	9	TGCATCCGTTCCGTCTATTCTATC	1
256	255	9	GCATCCGTTCCGTCTATTCTATCA	1
257	256	11	CATCCGTTCCGTCTATTCTATCAT	1
258	257	11	ATCCGTTCCGTCTATTCTATCATT	1
259	258	11	TCCGTTCCGTCTATTCTATCATTA	1
260	259	11	CCGTTCCGTCTATTCTATCATTAA	1
261	260	11	CGTTCCGTCTATTCTATCATTAAC	1
262	261	11	GTTCCGTCTATTCTATCATTAACA	1
263	262	11	TTCCGTCTATTCTATCATTAACAA	1
264	263	11	TCCGTCTATTCTATCATTAACAAC	1
265	264	11	CCGTCTATTCTATCATTAACAACA	1
266	265	11	CGTCTATTCTATCATTAACAACAT	1
267	266	11	GTCTATTCTATCATTAACAACATG	1
268	267	12	TCTATTCTATCATTAACAACATGA	1
269	268	12	CTATTCTATCATTAACAACATGAT	1
270	269	12	TATTCTATCATTAACAACATGATT	1
271	270	12	ATTCTATCATTAACAACATGATTA	1
272	271	12	TTCTATCATTAACAACATGATTAT	1
273	272	12	TCTATCATTAACAACATGATTATC	1
274	273	12	CTATCATTAACAACATGATTATCG	1
275	274	11	TATCATTAACAACATGATTATCGG	1
276	275	10	ATCATTAACAACATGATTATCGGT	1
277	276	10	TCATTAACAACATGATTATCGGTG	1
278	277	10	CATTAACAACATGATTATCGGTGT	1
279	278	10	ATTAACAACATGATTATCGGTGTC	1
280	279	10	TTAACAACATGATTATCGGTGTCA	1
281	280	10	TAACAACATGATTATCGGTGTCAC	1
282	281	10	AACAACATGATTATCGGTGTCACC	1
283	282	12	ACAACATGATTATCGGTGTCACCC	1
284	283	13	CAACATGATTATCGGTGTCACCCA	1
285	284	11	AACATGATTATCGGTGTCACCCAA	1
286	285	11	ACATGATTATCGGTGTCACCCAAG	1
287	286	11	CATGATTATCGGTGTCACCCAAGG	1
288	287	12	ATGATTATCGGTGTCACCCAAGGT	1
289	288	12	TGATTATCGGTGTCACCCAAGGTT	1
290	289	12	GATTATCGGTGTCACCCAAGGTTT	1
291	290	12	ATTATCGGTGTCACCCAAGGTTTC	1
292	291	12	TTATCGGTGTCACCCAAGGTTTCC	1
293	292	11	TATCGGTGTCACCCAAGGTTTCCG	1
294	293	11	ATCGGTGTCACCCAAGGTTTCCGC	1
295	294	8	TCGGTGTCACCCAAGGTTTCCGCT	1
296	295	7	CGGTGTCACCCAAGGTTTCCGCTA	1
297	296	8	GGTGTCACCCAAGGTTTCCGCTAC	1
298	297	8	GTGTCACCCAAGGTTTCCGCTACA	1
299	298	9	TGTCACCCAAGGTTTCCGCTACAA	1
300	299	9	GTCACCCAAGGTTTCCGCTACAAA	1
301	300	7	TCACCCAAGGTTTCCGCTACAAAA	1
302	301	7	CACCCAAGGTTTCCGCTACAAAAT	1
303	302	7	ACCCAAGGTTTCCGCTACAAAATG	1
304	303	7	CCCAAGGTTTCCGCTACAAAATGC	1
305	304	7	CCAAGGTTTCCGCTACAAAATGCG	1
306	305	7	CAAGGTTTCCGCTACAAAATGCGT	1
307	306	8	AAGGTTTCCGCTACAAAATGCGTC	1
308	307	8	AGGTTTCCGCTACAAAATGCGTCT	1
309	308	8	GGTTTCCGCTACAAAATGCGTCTT	1
310	309	9	GTTTCCGCTACAAAATGCGTCTTG	1
311	310	9	TTTCCGCTACAAAATGCGTCTTGT	1
312	311	8	TTCCGCTACAAAATGCGTCTTGTC	1
313	312	8	TCCGCTACAAAATGCGTCTTGTCT	1
314	313	8	CCGCTACAAAATGCGTCTTGTCTA	1
315	314	8	CGCTACAAAATGCGTCTTGTCTAT	1
316	315	8	GCTACAAAATGCGTCTTGTCTATG	1
317	316	8	CTACAAAATGCGTCTTGTCTATGC	1
318	317	8	TACAAAATGCGTCTTGTCTATGCA	1
319	318	8	ACAAAATGCGTCTTGTCTATGCAC	1
320	319	8	CAAAATGCGTCTTGTCTATGCACA	1
321	320	8	AAAATGCGTCTTGTCTATGCACAT	1
322	321	8	AAATGCGTCTTGTCTATGCACATT	1
323	322	8	AATGCGTCTTGTCTATGCACATTT	1
324	323	8	ATGCGTCTTGTCTATGCACATTTC	1
325	324	8	TGCGTCTTGTCTATGCACATTTCC	1
326	325	8	GCGTCTTGTCTATGCACATTTCCC	1
327	326	5	CGTCTTGTCTATGCACATTTCCCC	1
328	327	4	GTCTTGTCTATGCACATTTCCCCA	1
329	328	4	TCTTGTCTATGCACATTTCCCCAT	1
330	329	4	CTTGTCTATGCACATTTCCCCATC	1
331	330	4	TTGTCTATGCACATTTCCCCATCA	1
332	331	3	TGTCTATGCACATTTCCCCATCAA	1
333	332	3	GTCTATGCACATTTCCCCATCAAC	1
334	333	3	TCTATGCACATTTCCCCATCAACA	1
335	334	3	CTATGCACATTTCCCCATCAACAT	1
336	335	3	TATGCACATTTCCCCATCAACATT	1
337	336	3	ATGCACATTTCCCCATCAACATTA	1
338	337	3	TGCACATTTCCCCATCAACATTAA	1
339	338	3	GCACATTTCCCCATCAACATTAAC	1
340	339	3	CACATTTCCCCATCAACATTAACT	1
341	340	2	ACATTTCCCCATCAACATTAACTT	1
342	341	2	CATTTCCCCATCAACATTAACTTG	1
343	342	1	ATTTCCCCATCAACATTAACTTGA	1
344	343	1	TTTCCCCATCAACATTAACTTGAC	1
345	344	1	TTCCCCATCAACATTAACTTGACT	1
346	345	1	TCCCCATCAACATTAACTTGACTG	1
347	346	1	CCCCATCAACATTAACTTGACTGA	1
348	347	1	CCCATCAACATTAACTTGACTGAG	1
349	348	1	CCATCAACATTAACTTGACTGAGA	1
350	349	1	CATCAACATTAACTTGACTGAGAA	1
351	350	1	ATCAACATTAACTTGACTGAGAAC	1
352	351	1	TCAACATTAACTTGACTGAGAACG	1
353	352	1	CAACATTAACTTGACTGAGAACGG	1
354	-1	0	TTTGCAATGTCCGCAATAAGGATA	1
355	354	1	TTGCAATGTCCGCAATAAGGATAT	1
356	355	1	TGCAATGTCCGCAATAAGGATATT	1
357	356	1	GCAATGTCCGCAATAAGGATATTC	1
358	357	1	CAATGTCCGCAATAAGGATATTCG	1
359	358	1	AATGTCCGCAATAAGGATATTCGT	1
360	359	1	ATGTCCGCAATAAGGATATTCGTA	1
361	360	2	TGTCCGCAATAAGGATATTCGTAA	1
362	361	2	GTCCGCAATAAGGATATTCGTAAA	1
363	362	2	TCCGCAATAAGGATATTCGTAAAT	1
364	363	2	CCGCAATAAGGATATTCGTAAATT	1
365	364	2	CGCAATAAGGATATTCGTAAATTT	1
366	365	2	GCAATAAGGATATTCGTAAATTTT	1
367	366	2	CAATAAGGATATTCGTAAATTTTT	1
368	367	2	AATAAGGATATTCGTAAATTTTTG	1
369	368	2	ATAAGGATATTCGTAAATTTTTGG	1
370	369	2	TAAGGATATTCGTAAATTTTTGGA	1
371	370	2	AAGGATATTCGTAAATTTTTGGAT	1
372	371	2	AGGATATTCGTAAATTTTTGGATG	1
373	372	2	GGATATTCGTAAATTTTTGGATGG	1
374	373	2	GATATTCGTAAATTTTTGGATGGT	1
375	374	2	ATATTCGTAAATTTTTGGATGGTA	1
376	375	2	TATTCGTAAATTTTTGGATGGTAT	1
377	376	2	ATTCGTAAATTTTTGGATGGTATC	1
378	377	4	TTCGTAAATTTTTGGATGGTATCT	1
379	378	4	TCGTAAATTTTTGGATGGTATCTA	1
380	379	4	CGTAAATTTTTGGATGGTATCTAC	1
381	380	4	GTAAATTTTTGGATGGTATCTACG	1
382	381	4	TAAATTTTTGGATGGTATCTACGT	1
383	382	4	AAATTTTTGGATGGTATCTACGTC	1
384	383	4	AATTTTTGGATGGTATCTACGTCT	1
385	384	4	ATTTTTGGATGGTATCTACGTCTC	1
386	385	4	TTTTTGGATGGTATCTACGTCTCC	1
387	386	4	TTTTGGATGGTATCTACGTCTCCG	1
388	387	4	TTTGGATGGTATCTACGTCTCCGA	1
389	388	4	TTGGATGGTATCTACGTCTCCGAG	1
390	389	4	TGGATGGTATCTACGTCTCCGAGC	1
391	390	4	GGATGGTATCTACGTCTCCGAGCG	1
392	391	4	GATGGTATCTACGTCTCCGAGCGT	1
393	392	4	ATGGTATCTACGTCTCCGAGCGTG	1
394	393	4	TGGTATCTACGTCTCCGAGCGTGG	1
395	394	4	GGTATCTACGTCTCCGAGCGTGGT	1
396	395	4	GTATCTACGTCTCCGAGCGTGGTA	1
397	396	4	TATCTACGTCTCCGAGCGTGGTAA	1
398	397	4	ATCTACGTCTCCGAGCGTGGTAAC	1
399	398	3	TCTACGTCTCCGAGCGTGGTAACA	1
400	399	4	CTACGTCTCCGAGCGTGGTAACAT	1
401	400	5	TACGTCTCCGAGCGTGGTAACATT	1
402	401	5	ACGTCTCCGAGCGTGGTAACATTG	1
403	402	5	CGTCTCCGAGCGTGGTAACATTGA	1
404	403	5	GTCTCCGAGCGTGGTAACATTGAG	1
405	404	4	TCTCCGAGCGTGGTAACATTGAGG	1
406	405	4	CTCCGAGCGTGGTAACATTGAGGA	1
407	406	4	TCCGAGCGTGGTAACATTGAGGAG	1
408	407	4	CCGAGCGTGGTAACATTGAGGAGC	1
409	408	4	CGAGCGTGGTAACATTGAGGAGCT	1
410	409	4	GAGCGTGGTAACATTGAGGAGCTT	1
411	410	4	AGCGTGGTAACATTGAGGAGCTTG	1
412	411	4	GCGTGGTAACATTGAGGAGCTTGA	1
413	412	4	CGTGGTAACATTGAGGAGCTTGAA	1
414	413	4	GTGGTAACATTGAGGAGCTTGAAG	1
415	414	4	TGGTAACATTGAGGAGCTTGAAGA	1
416	415	4	GGTAACATTGAGGAGCTTGAAGAG	1
417	416	4	GTAACATTGAGGAGCTTGAAGAGT	1
418	417	4	TAACATTGAGGAGCTTGAAGAGTA	1
419	418	4	AACATTGAGGAGCTTGAAGAGTAG	1
420	419	4	ACATTGAGGAGCTTGAAGAGTAGA	1
421	420	4	CATTGAGGAGCTTGAAGAGTAGAT	1
422	421	2	ATTGAGGAGCTTGAAGAGTAGATT	1
423	422	2	TTGAGGAGCTTGAAGAGTAGATTA	1
424	423	3	TGAGGAGCTTGAAGAGTAGATTAT	1
425	424	3	GAGGAGCTTGAAGAGTAGATTATA	1
426	425	3	AGGAGCTTGAAGAGTAGATTATAA	1
427	426	3	GGAGCTTGAAGAGTAGATTATAAT	1
428	427	3	GAGCTTGAAGAGTAGATTATAATA	1
429	428	3	AGCTTGAAGAGTAGATTATAATAC	1
430	429	3	GCTTGAAGAGTAGATTATAATACA	1
431	430	3	CTTGAAGAGTAGATTATAATACAA	1
432	431	3	TTGAAGAGTAGATTATAATACAAC	1
433	432	3	TGAAGAGTAGATTATAATACAACA	1
434	433	3	GAAGAGTAGATTATAATACAACAT	1
435	434	3	AAGAGTAGATTATAATACAACATC	1
436	435	3	AGAGTAGATTATAATACAACATCA	1
437	436	3	GAGTAGATTATAATACAACATCAC	1
438	437	3	AGTAGATTATAATACAACATCACT	1
439	438	3	GTAGATTATAATACAACATCACTA	1
440	439	3	TAGATTATAATACAACATCACTAG	1
441	440	3	AGATTATAATACAACATCACTAGC	1
442	441	3	GATTATAATACAACATCACTAGCC	1
443	442	3	ATTATAATACAACATCACTAGCCG	1
444	443	2	TTATAATACAACATCACTAGCCGT	1
445	444	1	TATAATACAACATCACTAGCCGTT	1
446	445	1	ATAATACAACATCACTAGCCGTTA	1
447	446	1	TAATACAACATCACTAGCCGTTAA	1
448	447	1	AATACAACATCACTAGCCGTTAAG	1
449	448	1	ATACAACATCACTAGCCGTTAAGT	1
450	449	1	TACAACATCACTAGCCGTTAAGTC	1
451	450	1	ACAACATCACTAGCCGTTAAGTCT	1
452	451	1	CAACATCACTAGCCGTTAAGTCTT	1
453	452	1	AACATCACTAGCCGTTAAGTCTTG	1
454	453	1	ACATCACTAGCCGTTAAGTCTTGT	1
455	454	1	CATCACTAGCCGTTAAGTCTTGTT	1
456	455	1	ATCACTAGCCGTTAAGTCTTGTTT	1
457	456	1	TCACTAGCCGTTAAGTCTTGTTTG	1
458	457	1	CACTAGCCGTTAAGTCTTGTTTGT	1
459	458	1	ACTAGCCGTTAAGTCTTGTTTGTC	1
460	459	1	CTAGCCGTTAAGTCTTGTTTGTCA	1
461	460	1	TAGCCGTTAAGTCTTGTTTGTCAA	1
462	461	1	AGCCGTTAAGTCTTGTTTGTCAAA	1
463	462	1	GCCGTTAAGTCTTGTTTGTCAAAA	1
464	463	1	CCGTTAAGTCTTGTTTGTCAAAAA	1
465	464	1	CGTTAAGTCTTGTTTGTCAAAAAG	1
466	465	1	GTTAAGTCTTGTTTGTCAAAAAGT	1
467	466	1	TTAAGTCTTGTTTGTCAAAAAGTC	1
