Component 628
1	-1	0	CTTGGGTGGTGATTTCGATGGAAT	1
2	1	1	TTGGGTGGTGATTTCGATGGAATT	1
3	2	1	TGGGTGGTGATTTCGATGGAATTG	1
4	3	1	GGGTGGTGATTTCGATGGAATTGA	1
5	4	1	GGTGGTGATTTCGATGGAATTGAT	1
6	5	1	GTGGTGATTTCGATGGAATTGATA	1
7	6	1	TGGTGATTTCGATGGAATTGATAT	1
8	7	1	GGTGATTTCGATGGAATTGATATG	1
9	8	1	GTGATTTCGATGGAATTGATATGG	1
10	9	1	TGATTTCGATGGAATTGATATGGT	1
11	10	1	GATTTCGATGGAATTGATATGGTG	1
12	11	1	ATTTCGATGGAATTGATATGGTGC	1
13	12	1	TTTCGATGGAATTGATATGGTGCC	1
14	13	1	TTCGATGGAATTGATATGGTGCCC	1
15	14	1	TCGATGGAATTGATATGGTGCCCA	1
16	15	1	CGATGGAATTGATATGGTGCCCAA	1
17	16	1	GATGGAATTGATATGGTGCCCAAG	1
18	17	1	ATGGAATTGATATGGTGCCCAAGG	1
19	18	1	TGGAATTGATATGGTGCCCAAGGG	1
20	19	1	GGAATTGATATGGTGCCCAAGGGA	1
21	20	1	GAATTGATATGGTGCCCAAGGGAC	1
22	21	1	AATTGATATGGTGCCCAAGGGACT	1
23	22	1	ATTGATATGGTGCCCAAGGGACTC	1
24	23	1	TTGATATGGTGCCCAAGGGACTCG	1
25	24	1	TGATATGGTGCCCAAGGGACTCGA	1
26	25	1	GATATGGTGCCCAAGGGACTCGAG	1
27	26	1	ATATGGTGCCCAAGGGACTCGAGG	1
28	27	1	TATGGTGCCCAAGGGACTCGAGGA	1
29	28	1	ATGGTGCCCAAGGGACTCGAGGAT	1
30	29	1	TGGTGCCCAAGGGACTCGAGGATG	1
31	30	1	GGTGCCCAAGGGACTCGAGGATGT	1
32	31	2	GTGCCCAAGGGACTCGAGGATGTT	1
33	32	2	TGCCCAAGGGACTCGAGGATGTTT	1
34	33	2	GCCCAAGGGACTCGAGGATGTTTC	1
35	34	2	CCCAAGGGACTCGAGGATGTTTCC	1
36	35	2	CCAAGGGACTCGAGGATGTTTCCA	1
37	36	2	CAAGGGACTCGAGGATGTTTCCAA	1
38	37	2	AAGGGACTCGAGGATGTTTCCAAG	1
39	38	2	AGGGACTCGAGGATGTTTCCAAGT	1
40	39	2	GGGACTCGAGGATGTTTCCAAGTA	1
41	40	2	GGACTCGAGGATGTTTCCAAGTAT	1
42	41	2	GACTCGAGGATGTTTCCAAGTATC	1
43	42	2	ACTCGAGGATGTTTCCAAGTATCC	1
44	43	2	CTCGAGGATGTTTCCAAGTATCCT	1
45	44	2	TCGAGGATGTTTCCAAGTATCCTG	1
46	45	1	CGAGGATGTTTCCAAGTATCCTGA	1
47	46	2	GAGGATGTTTCCAAGTATCCTGAT	1
48	47	2	AGGATGTTTCCAAGTATCCTGATC	1
49	48	2	GGATGTTTCCAAGTATCCTGATCT	1
50	49	2	GATGTTTCCAAGTATCCTGATCTT	1
51	50	2	ATGTTTCCAAGTATCCTGATCTTT	1
52	51	2	TGTTTCCAAGTATCCTGATCTTTT	1
53	52	2	GTTTCCAAGTATCCTGATCTTTTT	1
54	53	2	TTTCCAAGTATCCTGATCTTTTTG	1
55	54	3	TTCCAAGTATCCTGATCTTTTTGT	1
56	55	3	TCCAAGTATCCTGATCTTTTTGTT	1
57	56	3	CCAAGTATCCTGATCTTTTTGTTA	1
58	57	3	CAAGTATCCTGATCTTTTTGTTAA	1
59	58	3	AAGTATCCTGATCTTTTTGTTAAA	1
60	59	3	AGTATCCTGATCTTTTTGTTAAAT	1
61	60	3	GTATCCTGATCTTTTTGTTAAATT	1
62	61	3	TATCCTGATCTTTTTGTTAAATTG	1
63	62	3	ATCCTGATCTTTTTGTTAAATTGG	1
64	63	4	TCCTGATCTTTTTGTTAAATTGGC	1
65	64	4	CCTGATCTTTTTGTTAAATTGGCT	1
66	65	4	CTGATCTTTTTGTTAAATTGGCTG	1
67	66	4	TGATCTTTTTGTTAAATTGGCTGA	1
68	67	4	GATCTTTTTGTTAAATTGGCTGAG	1
69	68	4	ATCTTTTTGTTAAATTGGCTGAGC	1
70	69	4	TCTTTTTGTTAAATTGGCTGAGCG	1
71	70	4	CTTTTTGTTAAATTGGCTGAGCGT	1
72	71	4	TTTTTGTTAAATTGGCTGAGCGTG	1
73	72	4	TTTTGTTAAATTGGCTGAGCGTGG	1
74	73	4	TTTGTTAAATTGGCTGAGCGTGGT	1
75	74	4	TTGTTAAATTGGCTGAGCGTGGTC	1
76	75	3	TGTTAAATTGGCTGAGCGTGGTCT	1
77	76	3	GTTAAATTGGCTGAGCGTGGTCTC	1
78	77	3	TTAAATTGGCTGAGCGTGGTCTCA	1
79	78	3	TAAATTGGCTGAGCGTGGTCTCAG	1
80	79	3	AAATTGGCTGAGCGTGGTCTCAGT	1
81	80	3	AATTGGCTGAGCGTGGTCTCAGTA	1
82	81	3	ATTGGCTGAGCGTGGTCTCAGTAT	1
83	82	3	TTGGCTGAGCGTGGTCTCAGTATC	1
84	83	3	TGGCTGAGCGTGGTCTCAGTATCA	1
85	84	3	GGCTGAGCGTGGTCTCAGTATCAC	1
86	85	3	GCTGAGCGTGGTCTCAGTATCACT	1
87	86	3	CTGAGCGTGGTCTCAGTATCACTG	1
88	87	4	TGAGCGTGGTCTCAGTATCACTGA	1
89	88	4	GAGCGTGGTCTCAGTATCACTGAA	1
90	89	4	AGCGTGGTCTCAGTATCACTGAAT	1
91	90	3	GCGTGGTCTCAGTATCACTGAATT	1
92	91	3	CGTGGTCTCAGTATCACTGAATTA	1
93	92	3	GTGGTCTCAGTATCACTGAATTAG	1
94	93	3	TGGTCTCAGTATCACTGAATTAGC	1
95	94	3	GGTCTCAGTATCACTGAATTAGCA	1
96	95	3	GTCTCAGTATCACTGAATTAGCAG	1
97	96	3	TCTCAGTATCACTGAATTAGCAGA	1
98	97	3	CTCAGTATCACTGAATTAGCAGAT	1
99	98	2	TCAGTATCACTGAATTAGCAGATA	1
100	99	2	CAGTATCACTGAATTAGCAGATAT	1
101	100	2	AGTATCACTGAATTAGCAGATATT	1
102	101	2	GTATCACTGAATTAGCAGATATTG	1
103	102	2	TATCACTGAATTAGCAGATATTGC	1
104	103	2	ATCACTGAATTAGCAGATATTGCA	1
105	104	2	TCACTGAATTAGCAGATATTGCAG	1
106	105	1	CACTGAATTAGCAGATATTGCAGG	1
107	106	1	ACTGAATTAGCAGATATTGCAGGC	1
108	107	1	CTGAATTAGCAGATATTGCAGGCC	1
109	108	1	TGAATTAGCAGATATTGCAGGCCG	1
110	109	1	GAATTAGCAGATATTGCAGGCCGT	1
111	110	1	AATTAGCAGATATTGCAGGCCGTA	1
112	111	1	ATTAGCAGATATTGCAGGCCGTAA	1
113	112	1	TTAGCAGATATTGCAGGCCGTAAT	1
114	113	1	TAGCAGATATTGCAGGCCGTAATG	1
115	114	1	AGCAGATATTGCAGGCCGTAATGT	1
116	115	1	GCAGATATTGCAGGCCGTAATGTG	1
117	116	1	CAGATATTGCAGGCCGTAATGTGC	1
118	117	1	AGATATTGCAGGCCGTAATGTGCT	1
119	118	1	GATATTGCAGGCCGTAATGTGCTT	1
120	119	1	ATATTGCAGGCCGTAATGTGCTTC	1
121	120	1	TATTGCAGGCCGTAATGTGCTTCG	1
122	121	1	ATTGCAGGCCGTAATGTGCTTCGT	1
123	122	1	TTGCAGGCCGTAATGTGCTTCGTG	1
124	123	1	TGCAGGCCGTAATGTGCTTCGTGT	1
125	124	1	GCAGGCCGTAATGTGCTTCGTGTT	1
126	125	1	CAGGCCGTAATGTGCTTCGTGTTT	1
127	126	1	AGGCCGTAATGTGCTTCGTGTTTG	1
128	127	1	GGCCGTAATGTGCTTCGTGTTTGG	1
129	128	1	GCCGTAATGTGCTTCGTGTTTGGA	1
130	129	1	CCGTAATGTGCTTCGTGTTTGGAA	1
131	130	1	CGTAATGTGCTTCGTGTTTGGAAG	1
132	-1	0	GTAAGGTCAAATTCGACTTTTTAC	1
133	132	1	TAAGGTCAAATTCGACTTTTTACG	1
134	133	1	AAGGTCAAATTCGACTTTTTACGC	1
135	134	1	AGGTCAAATTCGACTTTTTACGCA	1
136	135	1	GGTCAAATTCGACTTTTTACGCAA	1
137	136	1	GTCAAATTCGACTTTTTACGCAAT	1
138	137	1	TCAAATTCGACTTTTTACGCAATC	1
139	138	1	CAAATTCGACTTTTTACGCAATCA	1
140	139	2	AAATTCGACTTTTTACGCAATCAC	1
141	140	2	AATTCGACTTTTTACGCAATCACA	1
142	141	2	ATTCGACTTTTTACGCAATCACAT	1
143	142	2	TTCGACTTTTTACGCAATCACATT	1
144	143	2	TCGACTTTTTACGCAATCACATTT	1
145	144	2	CGACTTTTTACGCAATCACATTTC	1
146	145	2	GACTTTTTACGCAATCACATTTCA	1
147	146	2	ACTTTTTACGCAATCACATTTCAA	1
148	147	2	CTTTTTACGCAATCACATTTCAAG	1
149	148	2	TTTTTACGCAATCACATTTCAAGT	1
150	149	2	TTTTACGCAATCACATTTCAAGTA	1
151	150	3	TTTACGCAATCACATTTCAAGTAT	1
152	151	3	TTACGCAATCACATTTCAAGTATG	1
153	152	3	TACGCAATCACATTTCAAGTATGA	1
154	153	3	ACGCAATCACATTTCAAGTATGAT	1
155	154	3	CGCAATCACATTTCAAGTATGATG	1
156	155	3	GCAATCACATTTCAAGTATGATGG	1
157	156	3	CAATCACATTTCAAGTATGATGGG	1
158	157	4	AATCACATTTCAAGTATGATGGGC	1
159	158	5	ATCACATTTCAAGTATGATGGGCA	1
160	159	5	TCACATTTCAAGTATGATGGGCAT	1
161	160	5	CACATTTCAAGTATGATGGGCATT	1
162	161	5	ACATTTCAAGTATGATGGGCATTG	1
163	162	5	CATTTCAAGTATGATGGGCATTGA	1
164	163	5	ATTTCAAGTATGATGGGCATTGAA	1
165	164	5	TTTCAAGTATGATGGGCATTGAAG	1
166	165	5	TTCAAGTATGATGGGCATTGAAGG	1
167	166	5	TCAAGTATGATGGGCATTGAAGGT	1
168	167	5	CAAGTATGATGGGCATTGAAGGTC	1
169	168	5	AAGTATGATGGGCATTGAAGGTCT	1
170	169	5	AGTATGATGGGCATTGAAGGTCTT	1
171	170	5	GTATGATGGGCATTGAAGGTCTTC	1
172	171	5	TATGATGGGCATTGAAGGTCTTCA	1
173	172	5	ATGATGGGCATTGAAGGTCTTCAC	1
174	173	5	TGATGGGCATTGAAGGTCTTCACC	1
175	174	5	GATGGGCATTGAAGGTCTTCACCA	1
176	175	5	ATGGGCATTGAAGGTCTTCACCAG	1
177	176	4	TGGGCATTGAAGGTCTTCACCAGA	1
178	177	4	GGGCATTGAAGGTCTTCACCAGAT	1
179	178	4	GGCATTGAAGGTCTTCACCAGATT	1
180	179	4	GCATTGAAGGTCTTCACCAGATTG	1
181	180	4	CATTGAAGGTCTTCACCAGATTGC	1
182	181	4	ATTGAAGGTCTTCACCAGATTGCA	1
183	182	4	TTGAAGGTCTTCACCAGATTGCAG	1
184	183	4	TGAAGGTCTTCACCAGATTGCAGG	1
185	184	4	GAAGGTCTTCACCAGATTGCAGGA	1
186	185	4	AAGGTCTTCACCAGATTGCAGGAA	1
187	186	4	AGGTCTTCACCAGATTGCAGGAAG	1
188	187	4	GGTCTTCACCAGATTGCAGGAAGC	1
189	188	4	GTCTTCACCAGATTGCAGGAAGCC	1
190	189	4	TCTTCACCAGATTGCAGGAAGCCC	1
191	190	4	CTTCACCAGATTGCAGGAAGCCCA	1
192	191	4	TTCACCAGATTGCAGGAAGCCCAT	1
193	192	4	TCACCAGATTGCAGGAAGCCCATC	1
194	193	4	CACCAGATTGCAGGAAGCCCATCC	1
195	194	3	ACCAGATTGCAGGAAGCCCATCCA	1
196	195	3	CCAGATTGCAGGAAGCCCATCCAT	1
197	196	3	CAGATTGCAGGAAGCCCATCCATT	1
198	197	3	AGATTGCAGGAAGCCCATCCATTT	1
199	198	3	GATTGCAGGAAGCCCATCCATTTT	1
200	199	3	ATTGCAGGAAGCCCATCCATTTTA	1
201	200	3	TTGCAGGAAGCCCATCCATTTTAC	1
202	201	2	TGCAGGAAGCCCATCCATTTTACG	1
203	202	1	GCAGGAAGCCCATCCATTTTACGC	1
204	203	1	CAGGAAGCCCATCCATTTTACGCC	1
205	204	1	AGGAAGCCCATCCATTTTACGCCA	1
206	205	1	GGAAGCCCATCCATTTTACGCCAA	1
207	206	1	GAAGCCCATCCATTTTACGCCAAT	1
208	207	1	AAGCCCATCCATTTTACGCCAATT	1
209	208	1	AGCCCATCCATTTTACGCCAATTC	1
210	209	1	GCCCATCCATTTTACGCCAATTCT	1
211	210	1	CCCATCCATTTTACGCCAATTCTA	1
212	211	1	CCATCCATTTTACGCCAATTCTAC	1
213	212	1	CATCCATTTTACGCCAATTCTACG	1
214	213	1	ATCCATTTTACGCCAATTCTACGA	1
215	214	1	TCCATTTTACGCCAATTCTACGAT	1
216	215	1	CCATTTTACGCCAATTCTACGATC	1
217	216	1	CATTTTACGCCAATTCTACGATCT	1
218	217	1	ATTTTACGCCAATTCTACGATCTT	1
219	218	1	TTTTACGCCAATTCTACGATCTTG	1
220	219	1	TTTACGCCAATTCTACGATCTTGG	1
221	220	1	TTACGCCAATTCTACGATCTTGGC	1
222	221	1	TACGCCAATTCTACGATCTTGGCG	1
223	222	1	ACGCCAATTCTACGATCTTGGCGT	1
224	223	1	CGCCAATTCTACGATCTTGGCGTT	1
225	224	1	GCCAATTCTACGATCTTGGCGTTC	1
226	225	2	CCAATTCTACGATCTTGGCGTTCG	1
227	226	2	CAATTCTACGATCTTGGCGTTCGC	1
228	227	1	AATTCTACGATCTTGGCGTTCGCT	1
229	228	1	ATTCTACGATCTTGGCGTTCGCTA	1
230	229	1	TTCTACGATCTTGGCGTTCGCTAT	1
231	230	1	TCTACGATCTTGGCGTTCGCTATG	1
232	231	1	CTACGATCTTGGCGTTCGCTATGC	1
233	232	1	TACGATCTTGGCGTTCGCTATGCT	1
234	233	1	ACGATCTTGGCGTTCGCTATGCTA	1
235	234	1	CGATCTTGGCGTTCGCTATGCTAC	1
236	235	1	GATCTTGGCGTTCGCTATGCTACT	1
237	236	1	ATCTTGGCGTTCGCTATGCTACTC	1
238	237	1	TCTTGGCGTTCGCTATGCTACTCT	1
239	238	1	CTTGGCGTTCGCTATGCTACTCTT	1
240	239	1	TTGGCGTTCGCTATGCTACTCTTG	1
241	240	1	TGGCGTTCGCTATGCTACTCTTGC	1
242	241	1	GGCGTTCGCTATGCTACTCTTGCG	1
243	242	1	GCGTTCGCTATGCTACTCTTGCGC	1
244	243	1	CGTTCGCTATGCTACTCTTGCGCA	1
245	244	1	GTTCGCTATGCTACTCTTGCGCAC	1
246	245	1	TTCGCTATGCTACTCTTGCGCACA	1
247	246	1	TCGCTATGCTACTCTTGCGCACAA	1
248	247	1	CGCTATGCTACTCTTGCGCACAAT	1
249	248	1	GCTATGCTACTCTTGCGCACAATT	1
250	249	1	CTATGCTACTCTTGCGCACAATTG	1
251	250	1	TATGCTACTCTTGCGCACAATTGT	1
252	251	1	ATGCTACTCTTGCGCACAATTGTG	1
253	252	1	TGCTACTCTTGCGCACAATTGTGA	1
254	253	1	GCTACTCTTGCGCACAATTGTGAC	1
255	254	1	CTACTCTTGCGCACAATTGTGACA	1
256	255	1	TACTCTTGCGCACAATTGTGACAA	1
257	256	1	ACTCTTGCGCACAATTGTGACAAC	1
258	257	1	CTCTTGCGCACAATTGTGACAACG	1
259	258	1	TCTTGCGCACAATTGTGACAACGT	1
260	259	1	CTTGCGCACAATTGTGACAACGTA	1
261	260	1	TTGCGCACAATTGTGACAACGTAT	1
262	261	1	TGCGCACAATTGTGACAACGTATT	1
263	262	1	GCGCACAATTGTGACAACGTATTC	1
264	263	1	CGCACAATTGTGACAACGTATTCG	1
265	264	1	GCACAATTGTGACAACGTATTCGC	1
266	265	1	CACAATTGTGACAACGTATTCGCC	1
267	266	1	ACAATTGTGACAACGTATTCGCCG	1
268	267	1	CAATTGTGACAACGTATTCGCCGA	1
269	268	1	AATTGTGACAACGTATTCGCCGAT	1
270	-1	0	TTAATAAGTCTACCTCTACCTCTT	1
271	270	1	TAATAAGTCTACCTCTACCTCTTT	1
272	271	1	AATAAGTCTACCTCTACCTCTTTA	1
273	272	1	ATAAGTCTACCTCTACCTCTTTAT	1
274	273	1	TAAGTCTACCTCTACCTCTTTATT	1
275	274	1	AAGTCTACCTCTACCTCTTTATTT	1
276	275	1	AGTCTACCTCTACCTCTTTATTTT	1
277	276	1	GTCTACCTCTACCTCTTTATTTTA	1
278	277	1	TCTACCTCTACCTCTTTATTTTAT	1
279	278	1	CTACCTCTACCTCTTTATTTTATT	1
280	279	1	TACCTCTACCTCTTTATTTTATTT	1
281	280	1	ACCTCTACCTCTTTATTTTATTTT	1
282	281	1	CCTCTACCTCTTTATTTTATTTTT	1
283	282	1	CTCTACCTCTTTATTTTATTTTTG	1
284	283	1	TCTACCTCTTTATTTTATTTTTGG	1
285	284	1	CTACCTCTTTATTTTATTTTTGGA	1
286	285	1	TACCTCTTTATTTTATTTTTGGAA	1
287	286	1	ACCTCTTTATTTTATTTTTGGAAA	1
288	287	1	CCTCTTTATTTTATTTTTGGAAAA	1
289	288	1	CTCTTTATTTTATTTTTGGAAAAA	1
290	289	1	TCTTTATTTTATTTTTGGAAAAAT	1
291	290	1	CTTTATTTTATTTTTGGAAAAATT	1
292	291	1	TTTATTTTATTTTTGGAAAAATTT	1
293	292	1	TTATTTTATTTTTGGAAAAATTTA	1
294	293	2	TATTTTATTTTTGGAAAAATTTAC	1
295	294	3	ATTTTATTTTTGGAAAAATTTACT	1
296	295	3	TTTTATTTTTGGAAAAATTTACTG	1
297	296	3	TTTATTTTTGGAAAAATTTACTGT	1
298	297	3	TTATTTTTGGAAAAATTTACTGTA	1
299	298	3	TATTTTTGGAAAAATTTACTGTAT	1
300	299	3	ATTTTTGGAAAAATTTACTGTATT	1
301	300	3	TTTTTGGAAAAATTTACTGTATTA	1
302	301	3	TTTTGGAAAAATTTACTGTATTAT	1
303	302	3	TTTGGAAAAATTTACTGTATTATT	1
304	303	3	TTGGAAAAATTTACTGTATTATTC	1
305	304	4	TGGAAAAATTTACTGTATTATTCC	1
306	305	4	GGAAAAATTTACTGTATTATTCCA	1
307	306	4	GAAAAATTTACTGTATTATTCCAT	1
308	307	4	AAAAATTTACTGTATTATTCCATT	1
309	308	4	AAAATTTACTGTATTATTCCATTT	1
310	309	4	AAATTTACTGTATTATTCCATTTT	1
311	310	4	AATTTACTGTATTATTCCATTTTG	1
312	311	4	ATTTACTGTATTATTCCATTTTGC	1
313	312	4	TTTACTGTATTATTCCATTTTGCC	1
314	313	4	TTACTGTATTATTCCATTTTGCCG	1
315	314	3	TACTGTATTATTCCATTTTGCCGG	1
316	315	3	ACTGTATTATTCCATTTTGCCGGT	1
317	316	3	CTGTATTATTCCATTTTGCCGGTT	1
318	317	3	TGTATTATTCCATTTTGCCGGTTA	1
319	318	3	GTATTATTCCATTTTGCCGGTTAT	1
320	319	3	TATTATTCCATTTTGCCGGTTATG	1
321	320	3	ATTATTCCATTTTGCCGGTTATGA	1
322	321	3	TTATTCCATTTTGCCGGTTATGAA	1
323	322	3	TATTCCATTTTGCCGGTTATGAAT	1
324	323	3	ATTCCATTTTGCCGGTTATGAATT	1
325	324	3	TTCCATTTTGCCGGTTATGAATTT	1
326	325	4	TCCATTTTGCCGGTTATGAATTTC	1
327	326	4	CCATTTTGCCGGTTATGAATTTCT	1
328	327	4	CATTTTGCCGGTTATGAATTTCTT	1
329	328	4	ATTTTGCCGGTTATGAATTTCTTA	1
330	329	4	TTTTGCCGGTTATGAATTTCTTAC	1
331	330	4	TTTGCCGGTTATGAATTTCTTACG	1
332	331	4	TTGCCGGTTATGAATTTCTTACGA	1
333	332	4	TGCCGGTTATGAATTTCTTACGAT	1
334	333	4	GCCGGTTATGAATTTCTTACGATT	1
335	334	4	CCGGTTATGAATTTCTTACGATTA	1
336	335	4	CGGTTATGAATTTCTTACGATTAA	1
337	336	3	GGTTATGAATTTCTTACGATTAAC	1
338	337	3	GTTATGAATTTCTTACGATTAACG	1
339	338	2	TTATGAATTTCTTACGATTAACGA	1
340	339	2	TATGAATTTCTTACGATTAACGAC	1
341	340	2	ATGAATTTCTTACGATTAACGACA	1
342	341	2	TGAATTTCTTACGATTAACGACAA	1
343	342	2	GAATTTCTTACGATTAACGACAAA	1
344	343	2	AATTTCTTACGATTAACGACAAAC	1
345	344	2	ATTTCTTACGATTAACGACAAACC	1
346	345	2	TTTCTTACGATTAACGACAAACCA	1
347	346	2	TTCTTACGATTAACGACAAACCAT	1
348	347	2	TCTTACGATTAACGACAAACCATG	1
349	348	1	CTTACGATTAACGACAAACCATGC	1
350	349	1	TTACGATTAACGACAAACCATGCC	1
351	350	1	TACGATTAACGACAAACCATGCCT	1
352	351	1	ACGATTAACGACAAACCATGCCTA	1
353	352	1	CGATTAACGACAAACCATGCCTAT	1
354	353	1	GATTAACGACAAACCATGCCTATT	1
355	354	1	ATTAACGACAAACCATGCCTATTG	1
356	355	1	TTAACGACAAACCATGCCTATTGC	1
357	356	1	TAACGACAAACCATGCCTATTGCT	1
358	357	1	AACGACAAACCATGCCTATTGCTT	1
359	358	1	ACGACAAACCATGCCTATTGCTTA	1
360	359	1	CGACAAACCATGCCTATTGCTTAC	1
361	360	1	GACAAACCATGCCTATTGCTTACT	1
362	361	1	ACAAACCATGCCTATTGCTTACTC	1
363	362	1	CAAACCATGCCTATTGCTTACTCT	1
364	363	1	AAACCATGCCTATTGCTTACTCTT	1
365	364	1	AACCATGCCTATTGCTTACTCTTT	1
366	365	1	ACCATGCCTATTGCTTACTCTTTT	1
367	366	1	CCATGCCTATTGCTTACTCTTTTA	1
368	367	1	CATGCCTATTGCTTACTCTTTTAT	1
369	368	1	ATGCCTATTGCTTACTCTTTTATG	1
370	-1	0	TCAATTCTGGTCTGTATTTGTCGA	1
371	370	1	CAATTCTGGTCTGTATTTGTCGAA	1
372	371	1	AATTCTGGTCTGTATTTGTCGAAT	1
373	372	1	ATTCTGGTCTGTATTTGTCGAATG	1
374	373	1	TTCTGGTCTGTATTTGTCGAATGT	1
375	374	1	TCTGGTCTGTATTTGTCGAATGTC	1
376	375	1	CTGGTCTGTATTTGTCGAATGTCC	1
377	376	1	TGGTCTGTATTTGTCGAATGTCCT	1
378	377	1	GGTCTGTATTTGTCGAATGTCCTA	1
379	378	1	GTCTGTATTTGTCGAATGTCCTAG	1
380	379	1	TCTGTATTTGTCGAATGTCCTAGC	1
381	380	1	CTGTATTTGTCGAATGTCCTAGCT	1
382	381	1	TGTATTTGTCGAATGTCCTAGCTT	1
383	382	1	GTATTTGTCGAATGTCCTAGCTTG	1
384	383	1	TATTTGTCGAATGTCCTAGCTTGG	1
385	384	1	ATTTGTCGAATGTCCTAGCTTGGA	1
386	385	1	TTTGTCGAATGTCCTAGCTTGGAT	1
387	386	1	TTGTCGAATGTCCTAGCTTGGATT	1
388	387	1	TGTCGAATGTCCTAGCTTGGATTC	1
389	388	1	GTCGAATGTCCTAGCTTGGATTCC	1
390	389	1	TCGAATGTCCTAGCTTGGATTCCA	1
391	390	1	CGAATGTCCTAGCTTGGATTCCAA	1
392	391	1	GAATGTCCTAGCTTGGATTCCAAT	1
393	392	1	AATGTCCTAGCTTGGATTCCAATA	1
394	393	1	ATGTCCTAGCTTGGATTCCAATAG	1
395	394	1	TGTCCTAGCTTGGATTCCAATAGT	1
396	395	1	GTCCTAGCTTGGATTCCAATAGTT	1
397	396	1	TCCTAGCTTGGATTCCAATAGTTC	1
398	397	1	CCTAGCTTGGATTCCAATAGTTCT	1
399	398	1	CTAGCTTGGATTCCAATAGTTCTC	1
400	399	1	TAGCTTGGATTCCAATAGTTCTCT	1
401	400	1	AGCTTGGATTCCAATAGTTCTCTT	1
402	401	1	GCTTGGATTCCAATAGTTCTCTTT	1
403	402	1	CTTGGATTCCAATAGTTCTCTTTC	1
404	403	2	TTGGATTCCAATAGTTCTCTTTCG	1
405	404	2	TGGATTCCAATAGTTCTCTTTCGT	1
406	405	2	GGATTCCAATAGTTCTCTTTCGTG	1
407	406	2	GATTCCAATAGTTCTCTTTCGTGG	1
408	407	2	ATTCCAATAGTTCTCTTTCGTGGA	1
409	408	2	TTCCAATAGTTCTCTTTCGTGGAA	1
410	409	2	TCCAATAGTTCTCTTTCGTGGAAT	1
411	410	2	CCAATAGTTCTCTTTCGTGGAATC	1
412	411	2	CAATAGTTCTCTTTCGTGGAATCG	1
413	412	2	AATAGTTCTCTTTCGTGGAATCGC	1
414	413	2	ATAGTTCTCTTTCGTGGAATCGCA	1
415	414	1	TAGTTCTCTTTCGTGGAATCGCAC	1
416	415	1	AGTTCTCTTTCGTGGAATCGCACA	1
417	416	1	GTTCTCTTTCGTGGAATCGCACAG	1
418	417	1	TTCTCTTTCGTGGAATCGCACAGG	1
419	418	1	TCTCTTTCGTGGAATCGCACAGGT	1
420	419	1	CTCTTTCGTGGAATCGCACAGGTG	1
421	420	2	TCTTTCGTGGAATCGCACAGGTGA	1
422	421	2	CTTTCGTGGAATCGCACAGGTGAA	1
423	422	2	TTTCGTGGAATCGCACAGGTGAAT	1
424	423	2	TTCGTGGAATCGCACAGGTGAATA	1
425	424	2	TCGTGGAATCGCACAGGTGAATAT	1
426	425	2	CGTGGAATCGCACAGGTGAATATG	1
427	426	2	GTGGAATCGCACAGGTGAATATGA	1
428	427	2	TGGAATCGCACAGGTGAATATGAA	1
429	428	2	GGAATCGCACAGGTGAATATGAAG	1
430	429	2	GAATCGCACAGGTGAATATGAAGC	1
431	430	2	AATCGCACAGGTGAATATGAAGCT	1
432	431	3	ATCGCACAGGTGAATATGAAGCTG	1
433	432	3	TCGCACAGGTGAATATGAAGCTGT	1
434	433	3	CGCACAGGTGAATATGAAGCTGTT	1
435	434	3	GCACAGGTGAATATGAAGCTGTTA	1
436	435	3	CACAGGTGAATATGAAGCTGTTAC	1
437	436	3	ACAGGTGAATATGAAGCTGTTACA	1
438	437	3	CAGGTGAATATGAAGCTGTTACAC	1
439	438	3	AGGTGAATATGAAGCTGTTACACA	1
440	439	3	GGTGAATATGAAGCTGTTACACAG	1
441	440	3	GTGAATATGAAGCTGTTACACAGA	1
442	441	3	TGAATATGAAGCTGTTACACAGAC	1
443	442	3	GAATATGAAGCTGTTACACAGACT	1
444	443	3	AATATGAAGCTGTTACACAGACTC	1
445	444	3	ATATGAAGCTGTTACACAGACTCT	1
446	445	3	TATGAAGCTGTTACACAGACTCTT	1
447	446	3	ATGAAGCTGTTACACAGACTCTTC	1
448	447	2	TGAAGCTGTTACACAGACTCTTCA	1
449	448	2	GAAGCTGTTACACAGACTCTTCAA	1
450	449	2	AAGCTGTTACACAGACTCTTCAAC	1
451	450	2	AGCTGTTACACAGACTCTTCAACA	1
452	451	2	GCTGTTACACAGACTCTTCAACAA	1
453	452	2	CTGTTACACAGACTCTTCAACAAA	1
454	453	2	TGTTACACAGACTCTTCAACAAAT	1
455	454	2	GTTACACAGACTCTTCAACAAATC	1
456	455	2	TTACACAGACTCTTCAACAAATCG	1
457	456	2	TACACAGACTCTTCAACAAATCGA	1
458	457	3	ACACAGACTCTTCAACAAATCGAT	1
459	458	3	CACAGACTCTTCAACAAATCGATG	1
460	459	3	ACAGACTCTTCAACAAATCGATGT	1
461	460	3	CAGACTCTTCAACAAATCGATGTT	1
462	461	3	AGACTCTTCAACAAATCGATGTTG	1
463	462	3	GACTCTTCAACAAATCGATGTTGT	1
464	463	3	ACTCTTCAACAAATCGATGTTGTT	1
465	464	2	CTCTTCAACAAATCGATGTTGTTA	1
466	465	2	TCTTCAACAAATCGATGTTGTTAA	1
467	466	2	CTTCAACAAATCGATGTTGTTAAA	1
468	467	2	TTCAACAAATCGATGTTGTTAAAA	1
469	468	2	TCAACAAATCGATGTTGTTAAAAG	1
470	469	2	CAACAAATCGATGTTGTTAAAAGG	1
471	470	2	AACAAATCGATGTTGTTAAAAGGA	1
472	471	2	ACAAATCGATGTTGTTAAAAGGAT	1
473	472	2	CAAATCGATGTTGTTAAAAGGATG	1
474	473	2	AAATCGATGTTGTTAAAAGGATGG	1
475	474	2	AATCGATGTTGTTAAAAGGATGGC	1
476	475	1	ATCGATGTTGTTAAAAGGATGGCT	1
477	476	1	TCGATGTTGTTAAAAGGATGGCTC	1
478	477	1	CGATGTTGTTAAAAGGATGGCTCT	1
479	478	1	GATGTTGTTAAAAGGATGGCTCTA	1
480	479	1	ATGTTGTTAAAAGGATGGCTCTAT	1
481	480	1	TGTTGTTAAAAGGATGGCTCTATA	1
482	481	1	GTTGTTAAAAGGATGGCTCTATAC	1
483	482	1	TTGTTAAAAGGATGGCTCTATACT	1
484	483	1	TGTTAAAAGGATGGCTCTATACTA	1
485	484	1	GTTAAAAGGATGGCTCTATACTAC	1
486	485	1	TTAAAAGGATGGCTCTATACTACC	1
487	486	1	TAAAAGGATGGCTCTATACTACCC	1
488	487	1	AAAAGGATGGCTCTATACTACCCT	1
489	488	1	AAAGGATGGCTCTATACTACCCTA	1
490	489	1	AAGGATGGCTCTATACTACCCTAA	1
491	490	1	AGGATGGCTCTATACTACCCTAAA	1
492	491	1	GGATGGCTCTATACTACCCTAAAA	1
493	492	1	GATGGCTCTATACTACCCTAAAAC	1
494	493	1	ATGGCTCTATACTACCCTAAAACA	1
495	494	1	TGGCTCTATACTACCCTAAAACAT	1
496	495	2	GGCTCTATACTACCCTAAAACATT	1
497	496	2	GCTCTATACTACCCTAAAACATTC	1
498	497	2	CTCTATACTACCCTAAAACATTCT	1
499	498	2	TCTATACTACCCTAAAACATTCTC	1
500	499	2	CTATACTACCCTAAAACATTCTCT	1
501	500	2	TATACTACCCTAAAACATTCTCTT	1
502	501	1	ATACTACCCTAAAACATTCTCTTT	1
503	502	1	TACTACCCTAAAACATTCTCTTTG	1
504	503	1	ACTACCCTAAAACATTCTCTTTGA	1
505	504	1	CTACCCTAAAACATTCTCTTTGAC	1
506	505	1	TACCCTAAAACATTCTCTTTGACT	1
507	506	1	ACCCTAAAACATTCTCTTTGACTG	1
508	507	1	CCCTAAAACATTCTCTTTGACTGA	1
509	508	1	CCTAAAACATTCTCTTTGACTGAT	1
510	509	1	CTAAAACATTCTCTTTGACTGATC	1
511	510	1	TAAAACATTCTCTTTGACTGATCA	1
512	511	1	AAAACATTCTCTTTGACTGATCAT	1
513	512	1	AAACATTCTCTTTGACTGATCATA	1
514	513	1	AACATTCTCTTTGACTGATCATAG	1
515	514	1	ACATTCTCTTTGACTGATCATAGC	1
516	515	1	CATTCTCTTTGACTGATCATAGCG	1
517	516	1	ATTCTCTTTGACTGATCATAGCGG	1
518	517	1	TTCTCTTTGACTGATCATAGCGGT	1
519	518	1	TCTCTTTGACTGATCATAGCGGTA	1
520	519	1	CTCTTTGACTGATCATAGCGGTAA	1
521	520	1	TCTTTGACTGATCATAGCGGTAAG	1
522	521	1	CTTTGACTGATCATAGCGGTAAGG	1
523	522	1	TTTGACTGATCATAGCGGTAAGGT	1
524	523	1	TTGACTGATCATAGCGGTAAGGTC	1
525	524	1	TGACTGATCATAGCGGTAAGGTCA	1
526	525	1	GACTGATCATAGCGGTAAGGTCAA	1
527	526	1	ACTGATCATAGCGGTAAGGTCAAA	1
528	527	1	CTGATCATAGCGGTAAGGTCAAAT	1
529	528	1	TGATCATAGCGGTAAGGTCAAATT	1
530	529	1	GATCATAGCGGTAAGGTCAAATTC	1
531	530	1	ATCATAGCGGTAAGGTCAAATTCG	1
532	531	1	TCATAGCGGTAAGGTCAAATTCGA	1
533	532	1	CATAGCGGTAAGGTCAAATTCGAC	1
534	533	1	ATAGCGGTAAGGTCAAATTCGACT	1
535	534	1	TAGCGGTAAGGTCAAATTCGACTT	1
536	535	1	AGCGGTAAGGTCAAATTCGACTTT	1
537	536	1	GCGGTAAGGTCAAATTCGACTTTT	1
538	537	1	CGGTAAGGTCAAATTCGACTTTTT	1
539	538	1	GGTAAGGTCAAATTCGACTTTTTA	1
540	-1	0	TGATCATCCCAGAAATGTTCCTGA	1
541	540	1	GATCATCCCAGAAATGTTCCTGAC	1
542	541	1	ATCATCCCAGAAATGTTCCTGACG	1
543	542	1	TCATCCCAGAAATGTTCCTGACGA	1
544	543	1	CATCCCAGAAATGTTCCTGACGAT	1
545	544	1	ATCCCAGAAATGTTCCTGACGATG	1
546	545	1	TCCCAGAAATGTTCCTGACGATGT	1
547	546	1	CCCAGAAATGTTCCTGACGATGTT	1
548	547	1	CCAGAAATGTTCCTGACGATGTTC	1
549	548	1	CAGAAATGTTCCTGACGATGTTCT	1
550	549	1	AGAAATGTTCCTGACGATGTTCTG	1
551	550	1	GAAATGTTCCTGACGATGTTCTGA	1
552	551	1	AAATGTTCCTGACGATGTTCTGAT	1
553	552	1	AATGTTCCTGACGATGTTCTGATT	1
554	553	1	ATGTTCCTGACGATGTTCTGATTC	1
555	554	1	TGTTCCTGACGATGTTCTGATTCG	1
556	555	1	GTTCCTGACGATGTTCTGATTCGC	1
557	556	1	TTCCTGACGATGTTCTGATTCGCG	1
558	557	1	TCCTGACGATGTTCTGATTCGCGT	1
559	558	1	CCTGACGATGTTCTGATTCGCGTC	1
560	559	1	CTGACGATGTTCTGATTCGCGTCA	1
561	560	1	TGACGATGTTCTGATTCGCGTCAA	1
562	561	2	GACGATGTTCTGATTCGCGTCAAG	1
563	562	2	ACGATGTTCTGATTCGCGTCAAGG	1
564	563	2	CGATGTTCTGATTCGCGTCAAGGA	1
565	564	2	GATGTTCTGATTCGCGTCAAGGAA	1
566	565	2	ATGTTCTGATTCGCGTCAAGGAAA	1
567	566	2	TGTTCTGATTCGCGTCAAGGAAAC	1
568	567	2	GTTCTGATTCGCGTCAAGGAAACT	1
569	568	4	TTCTGATTCGCGTCAAGGAAACTG	1
570	569	4	TCTGATTCGCGTCAAGGAAACTGA	1
571	570	5	CTGATTCGCGTCAAGGAAACTGAT	1
572	571	5	TGATTCGCGTCAAGGAAACTGATG	1
573	572	5	GATTCGCGTCAAGGAAACTGATGG	1
574	573	5	ATTCGCGTCAAGGAAACTGATGGC	1
575	574	5	TTCGCGTCAAGGAAACTGATGGCG	1
576	575	5	TCGCGTCAAGGAAACTGATGGCGT	1
577	576	5	CGCGTCAAGGAAACTGATGGCGTT	1
578	577	5	GCGTCAAGGAAACTGATGGCGTTG	1
579	578	5	CGTCAAGGAAACTGATGGCGTTGT	1
580	579	5	GTCAAGGAAACTGATGGCGTTGTT	1
581	580	5	TCAAGGAAACTGATGGCGTTGTTA	1
582	581	5	CAAGGAAACTGATGGCGTTGTTAT	1
583	582	5	AAGGAAACTGATGGCGTTGTTATG	1
584	583	5	AGGAAACTGATGGCGTTGTTATGG	1
585	584	4	GGAAACTGATGGCGTTGTTATGGT	1
586	585	4	GAAACTGATGGCGTTGTTATGGTG	1
587	586	4	AAACTGATGGCGTTGTTATGGTGA	1
588	587	4	AACTGATGGCGTTGTTATGGTGAA	1
589	588	4	ACTGATGGCGTTGTTATGGTGAAT	1
590	589	4	CTGATGGCGTTGTTATGGTGAATT	1
591	590	4	TGATGGCGTTGTTATGGTGAATTT	1
592	591	4	GATGGCGTTGTTATGGTGAATTTT	1
593	592	4	ATGGCGTTGTTATGGTGAATTTTT	1
594	593	4	TGGCGTTGTTATGGTGAATTTTTA	1
595	594	4	GGCGTTGTTATGGTGAATTTTTAC	1
596	595	4	GCGTTGTTATGGTGAATTTTTACC	1
597	596	4	CGTTGTTATGGTGAATTTTTACCC	1
598	597	5	GTTGTTATGGTGAATTTTTACCCT	1
599	598	5	TTGTTATGGTGAATTTTTACCCTG	1
600	599	5	TGTTATGGTGAATTTTTACCCTGC	1
601	600	5	GTTATGGTGAATTTTTACCCTGCA	1
602	601	5	TTATGGTGAATTTTTACCCTGCAT	1
603	602	5	TATGGTGAATTTTTACCCTGCATT	1
604	603	5	ATGGTGAATTTTTACCCTGCATTC	1
605	604	5	TGGTGAATTTTTACCCTGCATTCA	1
606	605	4	GGTGAATTTTTACCCTGCATTCAT	1
607	606	4	GTGAATTTTTACCCTGCATTCATT	1
608	607	4	TGAATTTTTACCCTGCATTCATTA	1
609	608	4	GAATTTTTACCCTGCATTCATTAG	1
610	609	4	AATTTTTACCCTGCATTCATTAGT	1
611	610	4	ATTTTTACCCTGCATTCATTAGTC	1
612	611	4	TTTTTACCCTGCATTCATTAGTCC	1
613	612	2	TTTTACCCTGCATTCATTAGTCCA	1
614	613	2	TTTACCCTGCATTCATTAGTCCAC	1
615	614	1	TTACCCTGCATTCATTAGTCCACA	1
616	615	1	TACCCTGCATTCATTAGTCCACAC	1
617	616	1	ACCCTGCATTCATTAGTCCACACC	1
618	617	1	CCCTGCATTCATTAGTCCACACCC	1
619	618	1	CCTGCATTCATTAGTCCACACCCT	1
620	619	1	CTGCATTCATTAGTCCACACCCTG	1
621	620	1	TGCATTCATTAGTCCACACCCTGA	1
622	621	1	GCATTCATTAGTCCACACCCTGAA	1
623	622	1	CATTCATTAGTCCACACCCTGAAA	1
624	623	2	ATTCATTAGTCCACACCCTGAAAA	1
625	624	2	TTCATTAGTCCACACCCTGAAAAT	1
626	625	2	TCATTAGTCCACACCCTGAAAATG	1
627	626	2	CATTAGTCCACACCCTGAAAATGC	1
628	627	2	ATTAGTCCACACCCTGAAAATGCT	1
629	628	2	TTAGTCCACACCCTGAAAATGCTA	1
630	629	2	TAGTCCACACCCTGAAAATGCTAC	1
631	630	2	AGTCCACACCCTGAAAATGCTACA	1
632	631	2	GTCCACACCCTGAAAATGCTACAA	1
633	632	2	TCCACACCCTGAAAATGCTACAAT	1
634	633	2	CCACACCCTGAAAATGCTACAATT	1
635	634	2	CACACCCTGAAAATGCTACAATTG	1
636	635	2	ACACCCTGAAAATGCTACAATTGA	1
637	636	2	CACCCTGAAAATGCTACAATTGAT	1
638	637	2	ACCCTGAAAATGCTACAATTGATA	1
639	638	2	CCCTGAAAATGCTACAATTGATAC	1
640	639	2	CCTGAAAATGCTACAATTGATACC	1
641	640	2	CTGAAAATGCTACAATTGATACCG	1
642	641	1	TGAAAATGCTACAATTGATACCGT	1
643	642	1	GAAAATGCTACAATTGATACCGTC	1
644	643	1	AAAATGCTACAATTGATACCGTCG	1
645	644	1	AAATGCTACAATTGATACCGTCGT	1
646	645	1	AATGCTACAATTGATACCGTCGTT	1
647	646	1	ATGCTACAATTGATACCGTCGTTG	1
648	647	1	TGCTACAATTGATACCGTCGTTGA	1
649	648	1	GCTACAATTGATACCGTCGTTGAG	1
650	649	1	CTACAATTGATACCGTCGTTGAGC	1
651	650	1	TACAATTGATACCGTCGTTGAGCA	1
652	651	1	ACAATTGATACCGTCGTTGAGCAT	1
653	652	1	CAATTGATACCGTCGTTGAGCATA	1
654	653	1	AATTGATACCGTCGTTGAGCATAT	1
655	654	1	ATTGATACCGTCGTTGAGCATATA	1
656	655	1	TTGATACCGTCGTTGAGCATATAA	1
657	656	1	TGATACCGTCGTTGAGCATATAAT	1
658	657	1	GATACCGTCGTTGAGCATATAATG	1
659	658	1	ATACCGTCGTTGAGCATATAATGC	1
660	659	1	TACCGTCGTTGAGCATATAATGCA	1
661	660	1	ACCGTCGTTGAGCATATAATGCAT	1
662	661	1	CCGTCGTTGAGCATATAATGCATA	1
663	662	1	CGTCGTTGAGCATATAATGCATAT	1
664	663	2	GTCGTTGAGCATATAATGCATATT	1
665	664	2	TCGTTGAGCATATAATGCATATTG	1
666	665	2	CGTTGAGCATATAATGCATATTGC	1
667	666	2	GTTGAGCATATAATGCATATTGCC	1
668	667	1	TTGAGCATATAATGCATATTGCCA	1
669	668	1	TGAGCATATAATGCATATTGCCAA	1
670	669	1	GAGCATATAATGCATATTGCCAAT	1
671	670	1	AGCATATAATGCATATTGCCAATG	1
672	671	1	GCATATAATGCATATTGCCAATGT	1
673	672	1	CATATAATGCATATTGCCAATGTA	1
674	673	1	ATATAATGCATATTGCCAATGTAA	1
675	674	1	TATAATGCATATTGCCAATGTAAC	1
676	675	1	ATAATGCATATTGCCAATGTAACT	1
677	676	1	TAATGCATATTGCCAATGTAACTG	1
678	677	1	AATGCATATTGCCAATGTAACTGG	1
679	678	1	ATGCATATTGCCAATGTAACTGGA	1
680	679	2	TGCATATTGCCAATGTAACTGGAT	1
681	680	2	GCATATTGCCAATGTAACTGGATC	1
682	681	2	CATATTGCCAATGTAACTGGATCG	1
683	682	2	ATATTGCCAATGTAACTGGATCGT	1
684	683	2	TATTGCCAATGTAACTGGATCGTA	1
685	684	2	ATTGCCAATGTAACTGGATCGTAT	1
686	685	2	TTGCCAATGTAACTGGATCGTATC	1
687	686	2	TGCCAATGTAACTGGATCGTATCG	1
688	687	2	GCCAATGTAACTGGATCGTATCGT	1
689	688	2	CCAATGTAACTGGATCGTATCGTC	1
690	689	2	CAATGTAACTGGATCGTATCGTCA	1
691	690	2	AATGTAACTGGATCGTATCGTCAT	1
692	691	2	ATGTAACTGGATCGTATCGTCATA	1
693	692	2	TGTAACTGGATCGTATCGTCATAT	1
694	693	2	GTAACTGGATCGTATCGTCATATT	1
695	694	2	TAACTGGATCGTATCGTCATATTG	1
696	695	2	AACTGGATCGTATCGTCATATTGG	1
697	696	2	ACTGGATCGTATCGTCATATTGGC	1
698	697	2	CTGGATCGTATCGTCATATTGGCT	1
699	698	2	TGGATCGTATCGTCATATTGGCTT	1
700	699	1	GGATCGTATCGTCATATTGGCTTG	1
701	700	1	GATCGTATCGTCATATTGGCTTGG	1
702	701	1	ATCGTATCGTCATATTGGCTTGGG	1
703	702	1	TCGTATCGTCATATTGGCTTGGGG	1
704	703	1	CGTATCGTCATATTGGCTTGGGGG	1
705	704	1	GTATCGTCATATTGGCTTGGGGGG	1
706	705	1	TATCGTCATATTGGCTTGGGGGGT	1
707	706	1	ATCGTCATATTGGCTTGGGGGGTG	1
708	707	1	TCGTCATATTGGCTTGGGGGGTGA	1
709	708	1	CGTCATATTGGCTTGGGGGGTGAT	1
710	709	1	GTCATATTGGCTTGGGGGGTGATT	1
711	710	1	TCATATTGGCTTGGGGGGTGATTT	1
712	711	1	CATATTGGCTTGGGGGGTGATTTC	1
713	712	1	ATATTGGCTTGGGGGGTGATTTCG	1
714	713	1	TATTGGCTTGGGGGGTGATTTCGT	1
715	714	1	ATTGGCTTGGGGGGTGATTTCGTT	1
716	715	1	TTGGCTTGGGGGGTGATTTCGTTG	1
717	716	1	TGGCTTGGGGGGTGATTTCGTTGG	1
718	717	1	GGCTTGGGGGGTGATTTCGTTGGA	1
719	718	1	GCTTGGGGGGTGATTTCGTTGGAA	1
720	719	1	CTTGGGGGGTGATTTCGTTGGAAT	1
721	720	1	TTGGGGGGTGATTTCGTTGGAATT	1
722	721	1	TGGGGGGTGATTTCGTTGGAATTG	1
723	722	1	GGGGGGTGATTTCGTTGGAATTGA	1
724	-1	0	GATTGTCTCCTGCGGGCCGCGATA	1
725	724	1	ATTGTCTCCTGCGGGCCGCGATAT	1
726	725	2	TTGTCTCCTGCGGGCCGCGATATT	1
727	726	2	TGTCTCCTGCGGGCCGCGATATTG	1
728	727	2	GTCTCCTGCGGGCCGCGATATTGT	1
729	728	2	TCTCCTGCGGGCCGCGATATTGTC	1
730	729	2	CTCCTGCGGGCCGCGATATTGTCC	1
731	730	2	TCCTGCGGGCCGCGATATTGTCCG	1
732	731	2	CCTGCGGGCCGCGATATTGTCCGT	1
733	732	2	CTGCGGGCCGCGATATTGTCCGTG	1
734	733	2	TGCGGGCCGCGATATTGTCCGTGA	1
735	734	2	GCGGGCCGCGATATTGTCCGTGAA	1
736	735	2	CGGGCCGCGATATTGTCCGTGAAA	1
737	736	2	GGGCCGCGATATTGTCCGTGAAAT	1
738	737	2	GGCCGCGATATTGTCCGTGAAATG	1
739	738	2	GCCGCGATATTGTCCGTGAAATGA	1
740	739	3	CCGCGATATTGTCCGTGAAATGAA	1
741	740	3	CGCGATATTGTCCGTGAAATGAAT	1
742	741	3	GCGATATTGTCCGTGAAATGAATC	1
743	742	3	CGATATTGTCCGTGAAATGAATCG	1
744	743	3	GATATTGTCCGTGAAATGAATCGT	1
745	744	3	ATATTGTCCGTGAAATGAATCGTC	1
746	745	3	TATTGTCCGTGAAATGAATCGTCT	1
747	746	3	ATTGTCCGTGAAATGAATCGTCTT	1
748	747	3	TTGTCCGTGAAATGAATCGTCTTG	1
749	748	3	TGTCCGTGAAATGAATCGTCTTGG	1
750	749	3	GTCCGTGAAATGAATCGTCTTGGT	1
751	750	3	TCCGTGAAATGAATCGTCTTGGTA	1
752	751	3	CCGTGAAATGAATCGTCTTGGTAT	1
753	752	4	CGTGAAATGAATCGTCTTGGTATG	1
754	753	5	GTGAAATGAATCGTCTTGGTATGA	1
755	754	5	TGAAATGAATCGTCTTGGTATGAT	1
756	755	5	GAAATGAATCGTCTTGGTATGATT	1
757	756	5	AAATGAATCGTCTTGGTATGATTG	1
758	757	5	AATGAATCGTCTTGGTATGATTGT	1
759	758	5	ATGAATCGTCTTGGTATGATTGTA	1
760	759	5	TGAATCGTCTTGGTATGATTGTAG	1
761	760	5	GAATCGTCTTGGTATGATTGTAGA	1
762	761	5	AATCGTCTTGGTATGATTGTAGAT	1
763	762	4	ATCGTCTTGGTATGATTGTAGATC	1
764	763	4	TCGTCTTGGTATGATTGTAGATCT	1
765	764	4	CGTCTTGGTATGATTGTAGATCTT	1
766	765	4	GTCTTGGTATGATTGTAGATCTTT	1
767	766	4	TCTTGGTATGATTGTAGATCTTTC	1
768	767	4	CTTGGTATGATTGTAGATCTTTCA	1
769	768	3	TTGGTATGATTGTAGATCTTTCAC	1
770	769	2	TGGTATGATTGTAGATCTTTCACA	1
771	770	2	GGTATGATTGTAGATCTTTCACAC	1
772	771	2	GTATGATTGTAGATCTTTCACACA	1
773	772	2	TATGATTGTAGATCTTTCACACAC	1
774	773	2	ATGATTGTAGATCTTTCACACACC	1
775	774	2	TGATTGTAGATCTTTCACACACCA	1
776	775	2	GATTGTAGATCTTTCACACACCAC	1
777	776	2	ATTGTAGATCTTTCACACACCACA	1
778	777	2	TTGTAGATCTTTCACACACCACAC	1
779	778	2	TGTAGATCTTTCACACACCACACC	1
780	779	2	GTAGATCTTTCACACACCACACCT	1
781	780	2	TAGATCTTTCACACACCACACCTG	1
782	781	2	AGATCTTTCACACACCACACCTGA	1
783	782	2	GATCTTTCACACACCACACCTGAG	1
784	783	1	ATCTTTCACACACCACACCTGAGA	1
785	784	1	TCTTTCACACACCACACCTGAGAC	1
786	785	1	CTTTCACACACCACACCTGAGACC	1
787	786	1	TTTCACACACCACACCTGAGACCA	1
788	787	1	TTCACACACCACACCTGAGACCAT	1
789	788	1	TCACACACCACACCTGAGACCATG	1
790	789	1	CACACACCACACCTGAGACCATGC	1
791	790	1	ACACACCACACCTGAGACCATGCA	1
792	791	1	CACACCACACCTGAGACCATGCAT	1
793	792	1	ACACCACACCTGAGACCATGCATC	1
794	793	1	CACCACACCTGAGACCATGCATCA	1
795	794	1	ACCACACCTGAGACCATGCATCAA	1
796	795	1	CCACACCTGAGACCATGCATCAAG	1
797	796	1	CACACCTGAGACCATGCATCAAGC	1
