Component 629
1	461	3	ATAATTGCTACCAAGGGTGGCCTT	1
2	1	1	TAATTGCTACCAAGGGTGGCCTTT	1
3	2	1	AATTGCTACCAAGGGTGGCCTTTT	1
4	3	1	ATTGCTACCAAGGGTGGCCTTTTC	1
5	4	1	TTGCTACCAAGGGTGGCCTTTTCG	1
6	5	1	TGCTACCAAGGGTGGCCTTTTCGT	1
7	6	1	GCTACCAAGGGTGGCCTTTTCGTA	1
8	7	1	CTACCAAGGGTGGCCTTTTCGTAC	1
9	8	1	TACCAAGGGTGGCCTTTTCGTACA	1
10	9	1	ACCAAGGGTGGCCTTTTCGTACAG	1
11	10	1	CCAAGGGTGGCCTTTTCGTACAGG	1
12	11	1	CAAGGGTGGCCTTTTCGTACAGGT	1
13	12	1	AAGGGTGGCCTTTTCGTACAGGTC	1
14	13	1	AGGGTGGCCTTTTCGTACAGGTCC	1
15	14	1	GGGTGGCCTTTTCGTACAGGTCCA	1
16	15	1	GGTGGCCTTTTCGTACAGGTCCAA	1
17	16	1	GTGGCCTTTTCGTACAGGTCCAAA	1
18	17	1	TGGCCTTTTCGTACAGGTCCAAAT	1
19	18	1	GGCCTTTTCGTACAGGTCCAAATG	1
20	19	1	GCCTTTTCGTACAGGTCCAAATGA	1
21	20	1	CCTTTTCGTACAGGTCCAAATGAA	1
22	21	1	CTTTTCGTACAGGTCCAAATGAAT	1
23	22	1	TTTTCGTACAGGTCCAAATGAATG	1
24	23	1	TTTCGTACAGGTCCAAATGAATGG	1
25	24	1	TTCGTACAGGTCCAAATGAATGGC	1
26	25	2	TCGTACAGGTCCAAATGAATGGCA	1
27	26	2	CGTACAGGTCCAAATGAATGGCAT	1
28	27	2	GTACAGGTCCAAATGAATGGCATC	1
29	28	2	TACAGGTCCAAATGAATGGCATCC	1
30	29	2	ACAGGTCCAAATGAATGGCATCCT	1
31	30	2	CAGGTCCAAATGAATGGCATCCTT	1
32	31	2	AGGTCCAAATGAATGGCATCCTTG	1
33	32	2	GGTCCAAATGAATGGCATCCTTGT	1
34	33	2	GTCCAAATGAATGGCATCCTTGTG	1
35	34	1	TCCAAATGAATGGCATCCTTGTGG	1
36	35	1	CCAAATGAATGGCATCCTTGTGGA	1
37	36	1	CAAATGAATGGCATCCTTGTGGAG	1
38	37	1	AAATGAATGGCATCCTTGTGGAGC	1
39	38	1	AATGAATGGCATCCTTGTGGAGCA	1
40	39	1	ATGAATGGCATCCTTGTGGAGCAC	1
41	40	1	TGAATGGCATCCTTGTGGAGCACC	1
42	41	1	GAATGGCATCCTTGTGGAGCACCC	1
43	42	1	AATGGCATCCTTGTGGAGCACCCA	1
44	43	1	ATGGCATCCTTGTGGAGCACCCAA	1
45	44	1	TGGCATCCTTGTGGAGCACCCAAA	1
46	45	1	GGCATCCTTGTGGAGCACCCAAAT	1
47	46	1	GCATCCTTGTGGAGCACCCAAATT	1
48	47	1	CATCCTTGTGGAGCACCCAAATTT	1
49	48	1	ATCCTTGTGGAGCACCCAAATTTT	1
50	49	1	TCCTTGTGGAGCACCCAAATTTTT	1
51	50	1	CCTTGTGGAGCACCCAAATTTTTA	1
52	51	1	CTTGTGGAGCACCCAAATTTTTAC	1
53	52	1	TTGTGGAGCACCCAAATTTTTACG	1
54	53	1	TGTGGAGCACCCAAATTTTTACGT	1
55	54	3	GTGGAGCACCCAAATTTTTACGTC	1
56	55	3	TGGAGCACCCAAATTTTTACGTCA	1
57	56	3	GGAGCACCCAAATTTTTACGTCAA	1
58	57	3	GAGCACCCAAATTTTTACGTCAAG	1
59	58	3	AGCACCCAAATTTTTACGTCAAGA	1
60	59	3	GCACCCAAATTTTTACGTCAAGAA	1
61	60	3	CACCCAAATTTTTACGTCAAGAAG	1
62	61	3	ACCCAAATTTTTACGTCAAGAAGT	1
63	62	3	CCCAAATTTTTACGTCAAGAAGTA	1
64	63	3	CCAAATTTTTACGTCAAGAAGTAC	1
65	64	4	CAAATTTTTACGTCAAGAAGTACT	1
66	65	3	AAATTTTTACGTCAAGAAGTACTT	1
67	66	3	AATTTTTACGTCAAGAAGTACTTA	1
68	67	3	ATTTTTACGTCAAGAAGTACTTAT	1
69	68	3	TTTTTACGTCAAGAAGTACTTATG	1
70	69	3	TTTTACGTCAAGAAGTACTTATGA	1
71	70	3	TTTACGTCAAGAAGTACTTATGAG	1
72	71	3	TTACGTCAAGAAGTACTTATGAGC	1
73	72	3	TACGTCAAGAAGTACTTATGAGCA	1
74	73	3	ACGTCAAGAAGTACTTATGAGCAT	1
75	74	3	CGTCAAGAAGTACTTATGAGCATG	1
76	75	3	GTCAAGAAGTACTTATGAGCATGC	1
77	76	3	TCAAGAAGTACTTATGAGCATGCG	1
78	77	3	CAAGAAGTACTTATGAGCATGCGT	1
79	78	3	AAGAAGTACTTATGAGCATGCGTC	1
80	79	3	AGAAGTACTTATGAGCATGCGTCG	1
81	80	3	GAAGTACTTATGAGCATGCGTCGA	1
82	81	3	AAGTACTTATGAGCATGCGTCGAC	1
83	82	3	AGTACTTATGAGCATGCGTCGACT	1
84	83	3	GTACTTATGAGCATGCGTCGACTT	1
85	84	3	TACTTATGAGCATGCGTCGACTTG	1
86	85	3	ACTTATGAGCATGCGTCGACTTGG	1
87	86	3	CTTATGAGCATGCGTCGACTTGGA	1
88	87	3	TTATGAGCATGCGTCGACTTGGAG	1
89	88	3	TATGAGCATGCGTCGACTTGGAGT	1
90	89	3	ATGAGCATGCGTCGACTTGGAGTT	1
91	90	3	TGAGCATGCGTCGACTTGGAGTTA	1
92	91	3	GAGCATGCGTCGACTTGGAGTTAA	1
93	92	3	AGCATGCGTCGACTTGGAGTTAAG	1
94	93	3	GCATGCGTCGACTTGGAGTTAAGC	1
95	94	3	CATGCGTCGACTTGGAGTTAAGCA	1
96	95	3	ATGCGTCGACTTGGAGTTAAGCAA	1
97	96	3	TGCGTCGACTTGGAGTTAAGCAAA	1
98	97	3	GCGTCGACTTGGAGTTAAGCAAAT	1
99	98	1	CGTCGACTTGGAGTTAAGCAAATT	1
100	99	1	GTCGACTTGGAGTTAAGCAAATTG	1
101	100	2	TCGACTTGGAGTTAAGCAAATTGA	1
102	101	2	CGACTTGGAGTTAAGCAAATTGAC	1
103	102	2	GACTTGGAGTTAAGCAAATTGACC	1
104	103	2	ACTTGGAGTTAAGCAAATTGACCT	1
105	104	2	CTTGGAGTTAAGCAAATTGACCTC	1
106	105	2	TTGGAGTTAAGCAAATTGACCTCT	1
107	106	2	TGGAGTTAAGCAAATTGACCTCTG	1
108	107	2	GGAGTTAAGCAAATTGACCTCTGG	1
109	108	1	GAGTTAAGCAAATTGACCTCTGGC	1
110	109	1	AGTTAAGCAAATTGACCTCTGGCA	1
111	110	1	GTTAAGCAAATTGACCTCTGGCAA	1
112	111	1	TTAAGCAAATTGACCTCTGGCAAC	1
113	112	1	TAAGCAAATTGACCTCTGGCAACT	1
114	113	1	AAGCAAATTGACCTCTGGCAACTA	1
115	114	1	AGCAAATTGACCTCTGGCAACTAC	1
116	115	1	GCAAATTGACCTCTGGCAACTACA	1
117	116	1	CAAATTGACCTCTGGCAACTACAT	1
118	117	1	AAATTGACCTCTGGCAACTACATC	1
119	118	1	AATTGACCTCTGGCAACTACATCG	1
120	119	1	ATTGACCTCTGGCAACTACATCGC	1
121	120	1	TTGACCTCTGGCAACTACATCGCA	1
122	121	1	TGACCTCTGGCAACTACATCGCAT	1
123	122	1	GACCTCTGGCAACTACATCGCATC	1
124	123	1	ACCTCTGGCAACTACATCGCATCG	1
125	124	1	CCTCTGGCAACTACATCGCATCGA	1
126	125	1	CTCTGGCAACTACATCGCATCGAT	1
127	126	1	TCTGGCAACTACATCGCATCGATC	1
128	127	1	CTGGCAACTACATCGCATCGATCC	1
129	128	1	TGGCAACTACATCGCATCGATCCC	1
130	129	1	GGCAACTACATCGCATCGATCCCA	1
131	130	1	GCAACTACATCGCATCGATCCCAA	1
132	131	1	CAACTACATCGCATCGATCCCAAG	1
133	132	1	AACTACATCGCATCGATCCCAAGG	1
134	133	1	ACTACATCGCATCGATCCCAAGGT	1
135	134	1	CTACATCGCATCGATCCCAAGGTT	1
136	135	1	TACATCGCATCGATCCCAAGGTTC	1
137	136	1	ACATCGCATCGATCCCAAGGTTCC	1
138	137	1	CATCGCATCGATCCCAAGGTTCCT	1
139	138	1	ATCGCATCGATCCCAAGGTTCCTC	1
140	139	1	TCGCATCGATCCCAAGGTTCCTCG	1
141	140	1	CGCATCGATCCCAAGGTTCCTCGC	1
142	141	1	GCATCGATCCCAAGGTTCCTCGCA	1
143	142	1	CATCGATCCCAAGGTTCCTCGCAA	1
144	143	1	ATCGATCCCAAGGTTCCTCGCAAA	1
145	-1	0	ATAGTACTTGATCTTGATTTCTAA	1
146	145	1	TAGTACTTGATCTTGATTTCTAAG	1
147	146	2	AGTACTTGATCTTGATTTCTAAGA	1
148	147	2	GTACTTGATCTTGATTTCTAAGAA	1
149	148	2	TACTTGATCTTGATTTCTAAGAAA	1
150	149	2	ACTTGATCTTGATTTCTAAGAAAA	1
151	150	3	CTTGATCTTGATTTCTAAGAAAAG	1
152	151	4	TTGATCTTGATTTCTAAGAAAAGC	1
153	152	6	TGATCTTGATTTCTAAGAAAAGCG	1
154	153	6	GATCTTGATTTCTAAGAAAAGCGA	1
155	154	6	ATCTTGATTTCTAAGAAAAGCGAC	1
156	155	6	TCTTGATTTCTAAGAAAAGCGACA	1
157	156	6	CTTGATTTCTAAGAAAAGCGACAA	1
158	157	7	TTGATTTCTAAGAAAAGCGACAAA	1
159	158	7	TGATTTCTAAGAAAAGCGACAAAA	1
160	159	7	GATTTCTAAGAAAAGCGACAAAAG	1
161	160	7	ATTTCTAAGAAAAGCGACAAAAGA	1
162	161	8	TTTCTAAGAAAAGCGACAAAAGAC	1
163	162	8	TTCTAAGAAAAGCGACAAAAGACA	1
164	163	8	TCTAAGAAAAGCGACAAAAGACAC	1
165	164	8	CTAAGAAAAGCGACAAAAGACACA	1
166	165	8	TAAGAAAAGCGACAAAAGACACAA	1
167	166	8	AAGAAAAGCGACAAAAGACACAAA	1
168	167	8	AGAAAAGCGACAAAAGACACAAAA	1
169	168	8	GAAAAGCGACAAAAGACACAAAAA	1
170	169	8	AAAAGCGACAAAAGACACAAAAAT	1
171	170	8	AAAGCGACAAAAGACACAAAAATG	1
172	171	8	AAGCGACAAAAGACACAAAAATGA	1
173	172	8	AGCGACAAAAGACACAAAAATGAG	1
174	173	8	GCGACAAAAGACACAAAAATGAGT	1
175	174	8	CGACAAAAGACACAAAAATGAGTA	1
176	175	9	GACAAAAGACACAAAAATGAGTAA	1
177	176	9	ACAAAAGACACAAAAATGAGTAAA	1
178	177	9	CAAAAGACACAAAAATGAGTAAAA	1
179	178	9	AAAAGACACAAAAATGAGTAAAAC	1
180	179	8	AAAGACACAAAAATGAGTAAAACT	1
181	180	8	AAGACACAAAAATGAGTAAAACTG	1
182	181	8	AGACACAAAAATGAGTAAAACTGC	1
183	182	8	GACACAAAAATGAGTAAAACTGCA	1
184	183	8	ACACAAAAATGAGTAAAACTGCAG	1
185	184	8	CACAAAAATGAGTAAAACTGCAGC	1
186	185	8	ACAAAAATGAGTAAAACTGCAGCT	1
187	186	8	CAAAAATGAGTAAAACTGCAGCTT	1
188	187	8	AAAAATGAGTAAAACTGCAGCTTC	1
189	188	8	AAAATGAGTAAAACTGCAGCTTCT	1
190	189	7	AAATGAGTAAAACTGCAGCTTCTT	1
191	190	7	AATGAGTAAAACTGCAGCTTCTTC	1
192	191	7	ATGAGTAAAACTGCAGCTTCTTCC	1
193	192	7	TGAGTAAAACTGCAGCTTCTTCCG	1
194	193	7	GAGTAAAACTGCAGCTTCTTCCGC	1
195	194	6	AGTAAAACTGCAGCTTCTTCCGCC	1
196	195	5	GTAAAACTGCAGCTTCTTCCGCCG	1
197	196	4	TAAAACTGCAGCTTCTTCCGCCGT	1
198	197	4	AAAACTGCAGCTTCTTCCGCCGTA	1
199	198	4	AAACTGCAGCTTCTTCCGCCGTAG	1
200	199	4	AACTGCAGCTTCTTCCGCCGTAGA	1
201	200	4	ACTGCAGCTTCTTCCGCCGTAGAT	1
202	201	3	CTGCAGCTTCTTCCGCCGTAGATG	1
203	202	3	TGCAGCTTCTTCCGCCGTAGATGC	1
204	203	3	GCAGCTTCTTCCGCCGTAGATGCT	1
205	204	3	CAGCTTCTTCCGCCGTAGATGCTT	1
206	205	2	AGCTTCTTCCGCCGTAGATGCTTC	1
207	206	2	GCTTCTTCCGCCGTAGATGCTTCA	1
208	207	2	CTTCTTCCGCCGTAGATGCTTCAC	1
209	208	2	TTCTTCCGCCGTAGATGCTTCACA	1
210	209	2	TCTTCCGCCGTAGATGCTTCACAA	1
211	210	2	CTTCCGCCGTAGATGCTTCACAAG	1
212	211	2	TTCCGCCGTAGATGCTTCACAAGC	1
213	212	2	TCCGCCGTAGATGCTTCACAAGCT	1
214	213	2	CCGCCGTAGATGCTTCACAAGCTG	1
215	214	2	CGCCGTAGATGCTTCACAAGCTGG	1
216	215	2	GCCGTAGATGCTTCACAAGCTGGG	1
217	216	3	CCGTAGATGCTTCACAAGCTGGGA	1
218	217	3	CGTAGATGCTTCACAAGCTGGGAC	1
219	218	3	GTAGATGCTTCACAAGCTGGGACT	1
220	219	2	TAGATGCTTCACAAGCTGGGACTG	1
221	220	1	AGATGCTTCACAAGCTGGGACTGT	1
222	221	1	GATGCTTCACAAGCTGGGACTGTC	1
223	222	1	ATGCTTCACAAGCTGGGACTGTCA	1
224	223	1	TGCTTCACAAGCTGGGACTGTCAA	1
225	224	1	GCTTCACAAGCTGGGACTGTCAAG	1
226	225	1	CTTCACAAGCTGGGACTGTCAAGG	1
227	226	1	TTCACAAGCTGGGACTGTCAAGGT	1
228	227	1	TCACAAGCTGGGACTGTCAAGGTT	1
229	228	1	CACAAGCTGGGACTGTCAAGGTTG	1
230	229	1	ACAAGCTGGGACTGTCAAGGTTGG	1
231	230	1	CAAGCTGGGACTGTCAAGGTTGGC	1
232	231	1	AAGCTGGGACTGTCAAGGTTGGCG	1
233	232	1	AGCTGGGACTGTCAAGGTTGGCGA	1
234	233	1	GCTGGGACTGTCAAGGTTGGCGAC	1
235	234	1	CTGGGACTGTCAAGGTTGGCGACA	1
236	235	1	TGGGACTGTCAAGGTTGGCGACAT	1
237	236	1	GGGACTGTCAAGGTTGGCGACATG	1
238	237	1	GGACTGTCAAGGTTGGCGACATGG	1
239	238	1	GACTGTCAAGGTTGGCGACATGGT	1
240	239	1	ACTGTCAAGGTTGGCGACATGGTT	1
241	240	1	CTGTCAAGGTTGGCGACATGGTTG	1
242	241	1	TGTCAAGGTTGGCGACATGGTTGT	1
243	242	1	GTCAAGGTTGGCGACATGGTTGTC	1
244	243	1	TCAAGGTTGGCGACATGGTTGTCA	1
245	244	1	CAAGGTTGGCGACATGGTTGTCAA	1
246	245	1	AAGGTTGGCGACATGGTTGTCAAT	1
247	246	1	AGGTTGGCGACATGGTTGTCAATA	1
248	247	1	GGTTGGCGACATGGTTGTCAATAG	1
249	248	1	GTTGGCGACATGGTTGTCAATAGA	1
250	249	1	TTGGCGACATGGTTGTCAATAGAA	1
251	250	1	TGGCGACATGGTTGTCAATAGAAT	1
252	251	1	GGCGACATGGTTGTCAATAGAATG	1
253	252	1	GCGACATGGTTGTCAATAGAATGG	1
254	253	1	CGACATGGTTGTCAATAGAATGGG	1
255	254	1	GACATGGTTGTCAATAGAATGGGA	1
256	255	1	ACATGGTTGTCAATAGAATGGGAT	1
257	256	1	CATGGTTGTCAATAGAATGGGATT	1
258	257	2	ATGGTTGTCAATAGAATGGGATTC	1
259	258	2	TGGTTGTCAATAGAATGGGATTCG	1
260	259	2	GGTTGTCAATAGAATGGGATTCGG	1
261	260	1	GTTGTCAATAGAATGGGATTCGGA	1
262	261	1	TTGTCAATAGAATGGGATTCGGAG	1
263	262	1	TGTCAATAGAATGGGATTCGGAGC	1
264	263	1	GTCAATAGAATGGGATTCGGAGCA	1
265	264	1	TCAATAGAATGGGATTCGGAGCAA	1
266	265	1	CAATAGAATGGGATTCGGAGCAAT	1
267	266	1	AATAGAATGGGATTCGGAGCAATG	1
268	267	1	ATAGAATGGGATTCGGAGCAATGA	1
269	268	1	TAGAATGGGATTCGGAGCAATGAG	1
270	269	1	AGAATGGGATTCGGAGCAATGAGA	1
271	270	1	GAATGGGATTCGGAGCAATGAGAG	1
272	271	1	AATGGGATTCGGAGCAATGAGAGT	1
273	272	1	ATGGGATTCGGAGCAATGAGAGTT	1
274	273	1	TGGGATTCGGAGCAATGAGAGTTA	1
275	274	1	GGGATTCGGAGCAATGAGAGTTAC	1
276	275	1	GGATTCGGAGCAATGAGAGTTACC	1
277	276	1	GATTCGGAGCAATGAGAGTTACCG	1
278	277	1	ATTCGGAGCAATGAGAGTTACCGG	1
279	278	1	TTCGGAGCAATGAGAGTTACCGGT	1
280	279	1	TCGGAGCAATGAGAGTTACCGGTG	1
281	280	1	CGGAGCAATGAGAGTTACCGGTGA	1
282	281	1	GGAGCAATGAGAGTTACCGGTGAT	1
283	282	1	GAGCAATGAGAGTTACCGGTGATG	1
284	283	3	AGCAATGAGAGTTACCGGTGATGG	1
285	284	3	GCAATGAGAGTTACCGGTGATGGT	1
286	285	3	CAATGAGAGTTACCGGTGATGGTA	1
287	286	3	AATGAGAGTTACCGGTGATGGTAT	1
288	287	3	ATGAGAGTTACCGGTGATGGTATA	1
289	288	3	TGAGAGTTACCGGTGATGGTATAT	1
290	289	3	GAGAGTTACCGGTGATGGTATATG	1
291	290	3	AGAGTTACCGGTGATGGTATATGG	1
292	291	3	GAGTTACCGGTGATGGTATATGGG	1
293	292	3	AGTTACCGGTGATGGTATATGGGA	1
294	293	3	GTTACCGGTGATGGTATATGGGAT	1
295	294	3	TTACCGGTGATGGTATATGGGATG	1
296	295	3	TACCGGTGATGGTATATGGGATGA	1
297	296	3	ACCGGTGATGGTATATGGGATGAA	1
298	297	4	CCGGTGATGGTATATGGGATGAAC	1
299	298	4	CGGTGATGGTATATGGGATGAACC	1
300	299	5	GGTGATGGTATATGGGATGAACCC	1
301	300	5	GTGATGGTATATGGGATGAACCCA	1
302	301	4	TGATGGTATATGGGATGAACCCAA	1
303	302	4	GATGGTATATGGGATGAACCCAAA	1
304	303	4	ATGGTATATGGGATGAACCCAAAG	1
305	304	4	TGGTATATGGGATGAACCCAAAGA	1
306	305	4	GGTATATGGGATGAACCCAAAGAC	1
307	306	4	GTATATGGGATGAACCCAAAGACA	1
308	307	4	TATATGGGATGAACCCAAAGACAA	1
309	308	4	ATATGGGATGAACCCAAAGACAAA	1
310	309	4	TATGGGATGAACCCAAAGACAAAG	1
311	310	4	ATGGGATGAACCCAAAGACAAAGA	1
312	311	4	TGGGATGAACCCAAAGACAAAGAG	1
313	312	4	GGGATGAACCCAAAGACAAAGAGG	1
314	313	4	GGATGAACCCAAAGACAAAGAGGC	1
315	314	4	GATGAACCCAAAGACAAAGAGGCT	1
316	315	4	ATGAACCCAAAGACAAAGAGGCTT	1
317	316	4	TGAACCCAAAGACAAAGAGGCTTG	1
318	317	4	GAACCCAAAGACAAAGAGGCTTGC	1
319	318	4	AACCCAAAGACAAAGAGGCTTGCA	1
320	319	4	ACCCAAAGACAAAGAGGCTTGCAT	1
321	320	5	CCCAAAGACAAAGAGGCTTGCATC	1
322	321	5	CCAAAGACAAAGAGGCTTGCATCG	1
323	322	5	CAAAGACAAAGAGGCTTGCATCGC	1
324	323	5	AAAGACAAAGAGGCTTGCATCGCA	1
325	324	5	AAGACAAAGAGGCTTGCATCGCAA	1
326	325	5	AGACAAAGAGGCTTGCATCGCAAC	1
327	326	5	GACAAAGAGGCTTGCATCGCAACT	1
328	327	3	ACAAAGAGGCTTGCATCGCAACTT	1
329	328	3	CAAAGAGGCTTGCATCGCAACTTT	1
330	329	3	AAAGAGGCTTGCATCGCAACTTTA	1
331	330	3	AAGAGGCTTGCATCGCAACTTTAA	1
332	331	3	AGAGGCTTGCATCGCAACTTTAAA	1
333	332	3	GAGGCTTGCATCGCAACTTTAAAA	1
334	333	3	AGGCTTGCATCGCAACTTTAAAAC	1
335	334	3	GGCTTGCATCGCAACTTTAAAACG	1
336	335	3	GCTTGCATCGCAACTTTAAAACGT	1
337	336	3	CTTGCATCGCAACTTTAAAACGTT	1
338	337	3	TTGCATCGCAACTTTAAAACGTTT	1
339	338	3	TGCATCGCAACTTTAAAACGTTTG	1
340	339	3	GCATCGCAACTTTAAAACGTTTGC	1
341	340	4	CATCGCAACTTTAAAACGTTTGCC	1
342	341	3	ATCGCAACTTTAAAACGTTTGCCT	1
343	342	3	TCGCAACTTTAAAACGTTTGCCTG	1
344	343	3	CGCAACTTTAAAACGTTTGCCTGA	1
345	344	3	GCAACTTTAAAACGTTTGCCTGAA	1
346	345	3	CAACTTTAAAACGTTTGCCTGAAC	1
347	346	3	AACTTTAAAACGTTTGCCTGAACT	1
348	347	3	ACTTTAAAACGTTTGCCTGAACTC	1
349	348	3	CTTTAAAACGTTTGCCTGAACTCA	1
350	349	3	TTTAAAACGTTTGCCTGAACTCAA	1
351	350	3	TTAAAACGTTTGCCTGAACTCAAT	1
352	351	3	TAAAACGTTTGCCTGAACTCAATA	1
353	352	3	AAAACGTTTGCCTGAACTCAATAT	1
354	353	3	AAACGTTTGCCTGAACTCAATATT	1
355	354	3	AACGTTTGCCTGAACTCAATATTA	1
356	355	3	ACGTTTGCCTGAACTCAATATTAA	1
357	356	3	CGTTTGCCTGAACTCAATATTAAC	1
358	357	3	GTTTGCCTGAACTCAATATTAACT	1
359	358	3	TTTGCCTGAACTCAATATTAACTT	1
360	359	3	TTGCCTGAACTCAATATTAACTTT	1
361	360	3	TGCCTGAACTCAATATTAACTTTA	1
362	361	3	GCCTGAACTCAATATTAACTTTAT	1
363	362	3	CCTGAACTCAATATTAACTTTATT	1
364	363	3	CTGAACTCAATATTAACTTTATTG	1
365	364	2	TGAACTCAATATTAACTTTATTGA	1
366	365	2	GAACTCAATATTAACTTTATTGAT	1
367	366	2	AACTCAATATTAACTTTATTGATA	1
368	367	2	ACTCAATATTAACTTTATTGATAC	1
369	368	2	CTCAATATTAACTTTATTGATACC	1
370	369	2	TCAATATTAACTTTATTGATACCG	1
371	370	3	CAATATTAACTTTATTGATACCGC	1
372	371	4	AATATTAACTTTATTGATACCGCC	1
373	372	3	ATATTAACTTTATTGATACCGCCG	1
374	373	3	TATTAACTTTATTGATACCGCCGA	1
375	374	3	ATTAACTTTATTGATACCGCCGAT	1
376	375	3	TTAACTTTATTGATACCGCCGATT	1
377	376	3	TAACTTTATTGATACCGCCGATTC	1
378	377	5	AACTTTATTGATACCGCCGATTCT	1
379	378	5	ACTTTATTGATACCGCCGATTCTT	1
380	379	5	CTTTATTGATACCGCCGATTCTTA	1
381	380	5	TTTATTGATACCGCCGATTCTTAC	1
382	381	5	TTATTGATACCGCCGATTCTTACG	1
383	382	5	TATTGATACCGCCGATTCTTACGG	1
384	383	5	ATTGATACCGCCGATTCTTACGGC	1
385	384	4	TTGATACCGCCGATTCTTACGGCC	1
386	385	4	TGATACCGCCGATTCTTACGGCCC	1
387	386	4	GATACCGCCGATTCTTACGGCCCT	1
388	387	4	ATACCGCCGATTCTTACGGCCCTG	1
389	388	5	TACCGCCGATTCTTACGGCCCTGA	1
390	389	5	ACCGCCGATTCTTACGGCCCTGAG	1
391	390	5	CCGCCGATTCTTACGGCCCTGAGG	1
392	391	5	CGCCGATTCTTACGGCCCTGAGGT	1
393	392	5	GCCGATTCTTACGGCCCTGAGGTC	1
394	393	5	CCGATTCTTACGGCCCTGAGGTCA	1
395	394	5	CGATTCTTACGGCCCTGAGGTCAG	1
396	395	5	GATTCTTACGGCCCTGAGGTCAGC	1
397	396	5	ATTCTTACGGCCCTGAGGTCAGCG	1
398	397	5	TTCTTACGGCCCTGAGGTCAGCGA	1
399	398	5	TCTTACGGCCCTGAGGTCAGCGAG	1
400	399	5	CTTACGGCCCTGAGGTCAGCGAGA	1
401	400	5	TTACGGCCCTGAGGTCAGCGAGAA	1
402	401	5	TACGGCCCTGAGGTCAGCGAGAAT	1
403	402	5	ACGGCCCTGAGGTCAGCGAGAATC	1
404	403	6	CGGCCCTGAGGTCAGCGAGAATCT	1
405	404	6	GGCCCTGAGGTCAGCGAGAATCTT	1
406	405	6	GCCCTGAGGTCAGCGAGAATCTTT	1
407	406	6	CCCTGAGGTCAGCGAGAATCTTTT	1
408	407	6	CCTGAGGTCAGCGAGAATCTTTTA	1
409	408	6	CTGAGGTCAGCGAGAATCTTTTAC	1
410	409	6	TGAGGTCAGCGAGAATCTTTTACG	1
411	410	6	GAGGTCAGCGAGAATCTTTTACGA	1
412	411	6	AGGTCAGCGAGAATCTTTTACGAG	1
413	412	6	GGTCAGCGAGAATCTTTTACGAGA	1
414	413	6	GTCAGCGAGAATCTTTTACGAGAA	1
415	414	5	TCAGCGAGAATCTTTTACGAGAAG	1
416	415	4	CAGCGAGAATCTTTTACGAGAAGC	1
417	416	4	AGCGAGAATCTTTTACGAGAAGCT	1
418	417	4	GCGAGAATCTTTTACGAGAAGCTT	1
419	418	4	CGAGAATCTTTTACGAGAAGCTTT	1
420	419	4	GAGAATCTTTTACGAGAAGCTTTA	1
421	420	4	AGAATCTTTTACGAGAAGCTTTAT	1
422	421	3	GAATCTTTTACGAGAAGCTTTATA	1
423	422	3	AATCTTTTACGAGAAGCTTTATAC	1
424	423	4	ATCTTTTACGAGAAGCTTTATACC	1
425	424	4	TCTTTTACGAGAAGCTTTATACCC	1
426	425	4	CTTTTACGAGAAGCTTTATACCCT	1
427	426	4	TTTTACGAGAAGCTTTATACCCTT	1
428	427	4	TTTACGAGAAGCTTTATACCCTTA	1
429	428	4	TTACGAGAAGCTTTATACCCTTAC	1
430	429	4	TACGAGAAGCTTTATACCCTTACA	1
431	430	4	ACGAGAAGCTTTATACCCTTACAA	1
432	431	4	CGAGAAGCTTTATACCCTTACAAA	1
433	432	3	GAGAAGCTTTATACCCTTACAAAG	1
434	433	3	AGAAGCTTTATACCCTTACAAAGG	1
435	434	3	GAAGCTTTATACCCTTACAAAGGA	1
436	435	3	AAGCTTTATACCCTTACAAAGGAC	1
437	436	3	AGCTTTATACCCTTACAAAGGACT	1
438	437	3	GCTTTATACCCTTACAAAGGACTT	1
439	438	3	CTTTATACCCTTACAAAGGACTTA	1
440	439	3	TTTATACCCTTACAAAGGACTTAT	1
441	440	3	TTATACCCTTACAAAGGACTTATA	1
442	441	3	TATACCCTTACAAAGGACTTATAA	1
443	442	3	ATACCCTTACAAAGGACTTATAAT	1
444	443	3	TACCCTTACAAAGGACTTATAATT	1
445	444	3	ACCCTTACAAAGGACTTATAATTG	1
446	445	3	CCCTTACAAAGGACTTATAATTGC	1
447	446	3	CCTTACAAAGGACTTATAATTGCT	1
448	447	2	CTTACAAAGGACTTATAATTGCTA	1
449	448	2	TTACAAAGGACTTATAATTGCTAC	1
450	449	2	TACAAAGGACTTATAATTGCTACC	1
451	450	2	ACAAAGGACTTATAATTGCTACCA	1
452	451	3	CAAAGGACTTATAATTGCTACCAA	1
453	452	3	AAAGGACTTATAATTGCTACCAAG	1
454	453	3	AAGGACTTATAATTGCTACCAAGG	1
455	454	3	AGGACTTATAATTGCTACCAAGGG	1
456	455	3	GGACTTATAATTGCTACCAAGGGT	1
457	456	3	GACTTATAATTGCTACCAAGGGTG	1
458	457	3	ACTTATAATTGCTACCAAGGGTGG	1
459	458	3	CTTATAATTGCTACCAAGGGTGGC	1
460	459	3	TTATAATTGCTACCAAGGGTGGCC	1
461	460	3	TATAATTGCTACCAAGGGTGGCCT	1
462	1	2	TAATTGCTACCAAGGGTGGCCTTG	1
463	462	2	AATTGCTACCAAGGGTGGCCTTGT	1
464	463	2	ATTGCTACCAAGGGTGGCCTTGTT	1
465	464	1	TTGCTACCAAGGGTGGCCTTGTTC	1
466	465	1	TGCTACCAAGGGTGGCCTTGTTCG	1
467	-1	0	ATGAAGAAAGAAGGATTGATTCGC	1
468	467	1	TGAAGAAAGAAGGATTGATTCGCC	1
469	468	1	GAAGAAAGAAGGATTGATTCGCCA	1
470	469	1	AAGAAAGAAGGATTGATTCGCCAT	1
471	470	1	AGAAAGAAGGATTGATTCGCCATG	1
472	471	1	GAAAGAAGGATTGATTCGCCATGT	1
473	472	1	AAAGAAGGATTGATTCGCCATGTT	1
474	473	1	AAGAAGGATTGATTCGCCATGTTG	1
475	474	1	AGAAGGATTGATTCGCCATGTTGG	1
476	475	1	GAAGGATTGATTCGCCATGTTGGA	1
477	476	1	AAGGATTGATTCGCCATGTTGGAT	1
478	477	1	AGGATTGATTCGCCATGTTGGATT	1
479	478	1	GGATTGATTCGCCATGTTGGATTG	1
480	479	1	GATTGATTCGCCATGTTGGATTGA	1
481	480	1	ATTGATTCGCCATGTTGGATTGAG	1
482	481	1	TTGATTCGCCATGTTGGATTGAGT	1
483	482	1	TGATTCGCCATGTTGGATTGAGTG	1
484	483	1	GATTCGCCATGTTGGATTGAGTGA	1
485	484	2	ATTCGCCATGTTGGATTGAGTGAG	1
486	485	2	TTCGCCATGTTGGATTGAGTGAGG	1
487	486	2	TCGCCATGTTGGATTGAGTGAGGT	1
488	487	2	CGCCATGTTGGATTGAGTGAGGTT	1
489	488	2	GCCATGTTGGATTGAGTGAGGTTA	1
490	489	2	CCATGTTGGATTGAGTGAGGTTAC	1
491	490	2	CATGTTGGATTGAGTGAGGTTACA	1
492	491	2	ATGTTGGATTGAGTGAGGTTACAG	1
493	492	2	TGTTGGATTGAGTGAGGTTACAGT	1
494	493	2	GTTGGATTGAGTGAGGTTACAGTA	1
495	494	2	TTGGATTGAGTGAGGTTACAGTAG	1
496	495	2	TGGATTGAGTGAGGTTACAGTAGA	1
497	496	2	GGATTGAGTGAGGTTACAGTAGAC	1
498	497	2	GATTGAGTGAGGTTACAGTAGACG	1
499	498	2	ATTGAGTGAGGTTACAGTAGACGA	1
500	499	2	TTGAGTGAGGTTACAGTAGACGAT	1
501	500	2	TGAGTGAGGTTACAGTAGACGATA	1
502	501	2	GAGTGAGGTTACAGTAGACGATAT	1
503	502	2	AGTGAGGTTACAGTAGACGATATC	1
504	503	2	GTGAGGTTACAGTAGACGATATCA	1
505	504	2	TGAGGTTACAGTAGACGATATCAA	1
506	505	3	GAGGTTACAGTAGACGATATCAAA	1
507	506	5	AGGTTACAGTAGACGATATCAAAG	1
508	507	5	GGTTACAGTAGACGATATCAAAGA	1
509	508	5	GTTACAGTAGACGATATCAAAGAA	1
510	509	5	TTACAGTAGACGATATCAAAGAAG	1
511	510	5	TACAGTAGACGATATCAAAGAAGC	1
512	511	4	ACAGTAGACGATATCAAAGAAGCT	1
513	512	4	CAGTAGACGATATCAAAGAAGCTG	1
514	513	4	AGTAGACGATATCAAAGAAGCTGA	1
515	514	4	GTAGACGATATCAAAGAAGCTGAA	1
516	515	4	TAGACGATATCAAAGAAGCTGAAC	1
517	516	4	AGACGATATCAAAGAAGCTGAACA	1
518	517	5	GACGATATCAAAGAAGCTGAACAG	1
519	518	5	ACGATATCAAAGAAGCTGAACAGT	1
520	519	5	CGATATCAAAGAAGCTGAACAGTA	1
521	520	5	GATATCAAAGAAGCTGAACAGTAT	1
522	521	5	ATATCAAAGAAGCTGAACAGTATT	1
523	522	5	TATCAAAGAAGCTGAACAGTATTT	1
524	523	5	ATCAAAGAAGCTGAACAGTATTTT	1
525	524	5	TCAAAGAAGCTGAACAGTATTTTC	1
526	525	5	CAAAGAAGCTGAACAGTATTTTCC	1
527	526	5	AAAGAAGCTGAACAGTATTTTCCG	1
528	527	5	AAGAAGCTGAACAGTATTTTCCGG	1
529	528	5	AGAAGCTGAACAGTATTTTCCGGT	1
530	529	5	GAAGCTGAACAGTATTTTCCGGTA	1
531	530	5	AAGCTGAACAGTATTTTCCGGTAG	1
532	531	5	AGCTGAACAGTATTTTCCGGTAGT	1
533	532	5	GCTGAACAGTATTTTCCGGTAGTT	1
534	533	5	CTGAACAGTATTTTCCGGTAGTTA	1
535	534	5	TGAACAGTATTTTCCGGTAGTTAG	1
536	535	5	GAACAGTATTTTCCGGTAGTTAGT	1
537	536	5	AACAGTATTTTCCGGTAGTTAGTG	1
538	537	5	ACAGTATTTTCCGGTAGTTAGTGT	1
539	538	5	CAGTATTTTCCGGTAGTTAGTGTT	1
540	539	5	AGTATTTTCCGGTAGTTAGTGTTC	1
541	540	5	GTATTTTCCGGTAGTTAGTGTTCA	1
542	541	5	TATTTTCCGGTAGTTAGTGTTCAG	1
543	542	5	ATTTTCCGGTAGTTAGTGTTCAGA	1
544	543	5	TTTTCCGGTAGTTAGTGTTCAGAA	1
545	544	5	TTTCCGGTAGTTAGTGTTCAGAAC	1
546	545	5	TTCCGGTAGTTAGTGTTCAGAACT	1
547	546	5	TCCGGTAGTTAGTGTTCAGAACTT	1
548	547	5	CCGGTAGTTAGTGTTCAGAACTTA	1
549	548	5	CGGTAGTTAGTGTTCAGAACTTAT	1
550	549	4	GGTAGTTAGTGTTCAGAACTTATT	1
551	550	2	GTAGTTAGTGTTCAGAACTTATTC	1
552	551	2	TAGTTAGTGTTCAGAACTTATTCA	1
553	552	2	AGTTAGTGTTCAGAACTTATTCAA	1
554	553	2	GTTAGTGTTCAGAACTTATTCAAC	1
555	554	2	TTAGTGTTCAGAACTTATTCAACC	1
556	555	2	TAGTGTTCAGAACTTATTCAACCT	1
557	556	2	AGTGTTCAGAACTTATTCAACCTT	1
558	557	2	GTGTTCAGAACTTATTCAACCTTG	1
559	558	2	TGTTCAGAACTTATTCAACCTTGT	1
560	559	2	GTTCAGAACTTATTCAACCTTGTC	1
561	560	2	TTCAGAACTTATTCAACCTTGTCA	1
562	561	1	TCAGAACTTATTCAACCTTGTCAA	1
563	562	1	CAGAACTTATTCAACCTTGTCAAT	1
564	563	1	AGAACTTATTCAACCTTGTCAATC	1
565	564	1	GAACTTATTCAACCTTGTCAATCG	1
566	565	1	AACTTATTCAACCTTGTCAATCGT	1
567	566	1	ACTTATTCAACCTTGTCAATCGTA	1
568	567	1	CTTATTCAACCTTGTCAATCGTAA	1
569	568	1	TTATTCAACCTTGTCAATCGTAAG	1
570	569	1	TATTCAACCTTGTCAATCGTAAGA	1
571	570	1	ATTCAACCTTGTCAATCGTAAGAA	1
572	571	1	TTCAACCTTGTCAATCGTAAGAAT	1
573	-1	0	GCTTCAGGAGCATTAGCCAAACCC	1
574	573	1	CTTCAGGAGCATTAGCCAAACCCG	1
575	574	1	TTCAGGAGCATTAGCCAAACCCGG	1
576	575	1	TCAGGAGCATTAGCCAAACCCGGA	1
577	576	1	CAGGAGCATTAGCCAAACCCGGAA	1
578	577	1	AGGAGCATTAGCCAAACCCGGAAC	1
579	578	1	GGAGCATTAGCCAAACCCGGAACC	1
580	579	1	GAGCATTAGCCAAACCCGGAACCA	1
581	580	1	AGCATTAGCCAAACCCGGAACCAT	1
582	581	1	GCATTAGCCAAACCCGGAACCATC	1
583	582	1	CATTAGCCAAACCCGGAACCATCC	1
584	583	1	ATTAGCCAAACCCGGAACCATCCT	1
585	584	1	TTAGCCAAACCCGGAACCATCCTG	1
586	585	1	TAGCCAAACCCGGAACCATCCTGG	1
587	586	1	AGCCAAACCCGGAACCATCCTGGA	1
588	587	1	GCCAAACCCGGAACCATCCTGGAC	1
589	588	1	CCAAACCCGGAACCATCCTGGACG	1
590	589	1	CAAACCCGGAACCATCCTGGACGC	1
591	590	1	AAACCCGGAACCATCCTGGACGCT	1
592	591	1	AACCCGGAACCATCCTGGACGCTG	1
593	592	1	ACCCGGAACCATCCTGGACGCTGT	1
594	593	1	CCCGGAACCATCCTGGACGCTGTT	1
595	594	1	CCGGAACCATCCTGGACGCTGTTT	1
596	595	1	CGGAACCATCCTGGACGCTGTTTC	1
597	596	1	GGAACCATCCTGGACGCTGTTTCA	1
598	597	1	GAACCATCCTGGACGCTGTTTCAA	1
599	598	1	AACCATCCTGGACGCTGTTTCAAA	1
600	599	1	ACCATCCTGGACGCTGTTTCAAAA	1
601	600	1	CCATCCTGGACGCTGTTTCAAAAG	1
602	601	1	CATCCTGGACGCTGTTTCAAAAGA	1
603	602	1	ATCCTGGACGCTGTTTCAAAAGAC	1
604	603	1	TCCTGGACGCTGTTTCAAAAGACC	1
605	604	1	CCTGGACGCTGTTTCAAAAGACCT	1
606	605	1	CTGGACGCTGTTTCAAAAGACCTT	1
607	606	1	TGGACGCTGTTTCAAAAGACCTTG	1
608	607	1	GGACGCTGTTTCAAAAGACCTTGA	1
609	608	1	GACGCTGTTTCAAAAGACCTTGAT	1
610	609	1	ACGCTGTTTCAAAAGACCTTGATC	1
611	610	1	CGCTGTTTCAAAAGACCTTGATCG	1
612	611	1	GCTGTTTCAAAAGACCTTGATCGT	1
613	612	1	CTGTTTCAAAAGACCTTGATCGTT	1
614	613	2	TGTTTCAAAAGACCTTGATCGTTC	1
615	614	2	GTTTCAAAAGACCTTGATCGTTCC	1
616	615	2	TTTCAAAAGACCTTGATCGTTCCA	1
617	616	2	TTCAAAAGACCTTGATCGTTCCAC	1
618	617	1	TCAAAAGACCTTGATCGTTCCACT	1
619	618	1	CAAAAGACCTTGATCGTTCCACTA	1
620	619	1	AAAAGACCTTGATCGTTCCACTAG	1
621	620	1	AAAGACCTTGATCGTTCCACTAGT	1
622	621	1	AAGACCTTGATCGTTCCACTAGTC	1
623	622	1	AGACCTTGATCGTTCCACTAGTCA	1
624	623	1	GACCTTGATCGTTCCACTAGTCAA	1
625	624	1	ACCTTGATCGTTCCACTAGTCAAA	1
626	625	1	CCTTGATCGTTCCACTAGTCAAAT	1
627	626	2	CTTGATCGTTCCACTAGTCAAATA	1
628	627	2	TTGATCGTTCCACTAGTCAAATAG	1
629	628	2	TGATCGTTCCACTAGTCAAATAGC	1
630	629	2	GATCGTTCCACTAGTCAAATAGCT	1
631	630	2	ATCGTTCCACTAGTCAAATAGCTT	1
632	631	2	TCGTTCCACTAGTCAAATAGCTTT	1
633	632	2	CGTTCCACTAGTCAAATAGCTTTG	1
634	633	2	GTTCCACTAGTCAAATAGCTTTGA	1
635	634	2	TTCCACTAGTCAAATAGCTTTGAG	1
636	635	2	TCCACTAGTCAAATAGCTTTGAGT	1
637	636	2	CCACTAGTCAAATAGCTTTGAGTT	1
638	637	2	CACTAGTCAAATAGCTTTGAGTTG	1
639	638	2	ACTAGTCAAATAGCTTTGAGTTGG	1
640	639	2	CTAGTCAAATAGCTTTGAGTTGGG	1
641	640	2	TAGTCAAATAGCTTTGAGTTGGGT	1
642	641	2	AGTCAAATAGCTTTGAGTTGGGTT	1
643	642	2	GTCAAATAGCTTTGAGTTGGGTTT	1
644	643	3	TCAAATAGCTTTGAGTTGGGTTTT	1
645	644	3	CAAATAGCTTTGAGTTGGGTTTTA	1
646	645	3	AAATAGCTTTGAGTTGGGTTTTAC	1
647	646	3	AATAGCTTTGAGTTGGGTTTTACA	1
648	647	3	ATAGCTTTGAGTTGGGTTTTACAA	1
649	648	3	TAGCTTTGAGTTGGGTTTTACAAC	1
650	649	3	AGCTTTGAGTTGGGTTTTACAACG	1
651	650	3	GCTTTGAGTTGGGTTTTACAACGC	1
652	651	3	CTTTGAGTTGGGTTTTACAACGCA	1
653	652	3	TTTGAGTTGGGTTTTACAACGCAG	1
654	653	3	TTGAGTTGGGTTTTACAACGCAGT	1
655	654	3	TGAGTTGGGTTTTACAACGCAGTC	1
656	655	3	GAGTTGGGTTTTACAACGCAGTCC	1
657	656	3	AGTTGGGTTTTACAACGCAGTCCG	1
658	657	2	GTTGGGTTTTACAACGCAGTCCGG	1
659	658	3	TTGGGTTTTACAACGCAGTCCGGT	1
660	659	3	TGGGTTTTACAACGCAGTCCGGTT	1
661	660	3	GGGTTTTACAACGCAGTCCGGTTA	1
662	661	3	GGTTTTACAACGCAGTCCGGTTAT	1
663	662	3	GTTTTACAACGCAGTCCGGTTATG	1
664	663	3	TTTTACAACGCAGTCCGGTTATGC	1
665	664	3	TTTACAACGCAGTCCGGTTATGCT	1
666	665	3	TTACAACGCAGTCCGGTTATGCTA	1
667	666	3	TACAACGCAGTCCGGTTATGCTAC	1
668	667	3	ACAACGCAGTCCGGTTATGCTACC	1
669	668	3	CAACGCAGTCCGGTTATGCTACCT	1
670	669	3	AACGCAGTCCGGTTATGCTACCTA	1
671	670	2	ACGCAGTCCGGTTATGCTACCTAT	1
672	671	2	CGCAGTCCGGTTATGCTACCTATT	1
673	672	2	GCAGTCCGGTTATGCTACCTATTC	1
674	673	2	CAGTCCGGTTATGCTACCTATTCC	1
675	674	2	AGTCCGGTTATGCTACCTATTCCT	1
676	675	2	GTCCGGTTATGCTACCTATTCCTG	1
677	676	2	TCCGGTTATGCTACCTATTCCTGG	1
678	677	2	CCGGTTATGCTACCTATTCCTGGT	1
679	678	2	CGGTTATGCTACCTATTCCTGGTA	1
680	679	2	GGTTATGCTACCTATTCCTGGTAC	1
681	680	2	GTTATGCTACCTATTCCTGGTACT	1
682	681	2	TTATGCTACCTATTCCTGGTACTA	1
683	682	2	TATGCTACCTATTCCTGGTACTAG	1
684	683	2	ATGCTACCTATTCCTGGTACTAGC	1
685	684	2	TGCTACCTATTCCTGGTACTAGCA	1
686	685	2	GCTACCTATTCCTGGTACTAGCAA	1
687	686	2	CTACCTATTCCTGGTACTAGCAAA	1
688	687	1	TACCTATTCCTGGTACTAGCAAAG	1
689	688	1	ACCTATTCCTGGTACTAGCAAAGT	1
690	689	1	CCTATTCCTGGTACTAGCAAAGTA	1
691	690	1	CTATTCCTGGTACTAGCAAAGTAG	1
692	691	1	TATTCCTGGTACTAGCAAAGTAGA	1
693	692	1	ATTCCTGGTACTAGCAAAGTAGAT	1
694	693	1	TTCCTGGTACTAGCAAAGTAGATC	1
695	694	1	TCCTGGTACTAGCAAAGTAGATCA	1
696	695	1	CCTGGTACTAGCAAAGTAGATCAT	1
697	696	1	CTGGTACTAGCAAAGTAGATCATC	1
698	697	1	TGGTACTAGCAAAGTAGATCATCT	1
699	698	1	GGTACTAGCAAAGTAGATCATCTC	1
700	699	1	GTACTAGCAAAGTAGATCATCTCG	1
701	700	1	TACTAGCAAAGTAGATCATCTCGA	1
702	701	1	ACTAGCAAAGTAGATCATCTCGAA	1
703	-1	0	CTAAGCGTCAAGAAGAGGAGAAGA	1
704	703	1	TAAGCGTCAAGAAGAGGAGAAGAA	1
705	704	1	AAGCGTCAAGAAGAGGAGAAGAAA	1
706	705	1	AGCGTCAAGAAGAGGAGAAGAAAA	1
707	706	1	GCGTCAAGAAGAGGAGAAGAAAAA	1
708	707	1	CGTCAAGAAGAGGAGAAGAAAAAG	1
709	708	1	GTCAAGAAGAGGAGAAGAAAAAGT	1
710	709	1	TCAAGAAGAGGAGAAGAAAAAGTC	1
711	710	2	CAAGAAGAGGAGAAGAAAAAGTCT	1
712	711	2	AAGAAGAGGAGAAGAAAAAGTCTT	1
713	712	2	AGAAGAGGAGAAGAAAAAGTCTTC	1
714	713	2	GAAGAGGAGAAGAAAAAGTCTTCT	1
715	714	2	AAGAGGAGAAGAAAAAGTCTTCTT	1
716	715	2	AGAGGAGAAGAAAAAGTCTTCTTA	1
717	716	2	GAGGAGAAGAAAAAGTCTTCTTAG	1
718	717	2	AGGAGAAGAAAAAGTCTTCTTAGA	1
719	718	2	GGAGAAGAAAAAGTCTTCTTAGAT	1
720	719	2	GAGAAGAAAAAGTCTTCTTAGATT	1
721	720	2	AGAAGAAAAAGTCTTCTTAGATTT	1
722	721	2	GAAGAAAAAGTCTTCTTAGATTTC	1
723	722	2	AAGAAAAAGTCTTCTTAGATTTCT	1
724	723	2	AGAAAAAGTCTTCTTAGATTTCTC	1
725	724	2	GAAAAAGTCTTCTTAGATTTCTCT	1
726	725	2	AAAAAGTCTTCTTAGATTTCTCTT	1
727	726	2	AAAAGTCTTCTTAGATTTCTCTTT	1
728	727	2	AAAGTCTTCTTAGATTTCTCTTTT	1
729	728	2	AAGTCTTCTTAGATTTCTCTTTTT	1
730	729	2	AGTCTTCTTAGATTTCTCTTTTTC	1
731	730	2	GTCTTCTTAGATTTCTCTTTTTCT	1
732	731	2	TCTTCTTAGATTTCTCTTTTTCTT	1
733	732	2	CTTCTTAGATTTCTCTTTTTCTTT	1
734	733	2	TTCTTAGATTTCTCTTTTTCTTTC	1
735	734	2	TCTTAGATTTCTCTTTTTCTTTCT	1
736	735	2	CTTAGATTTCTCTTTTTCTTTCTA	1
737	736	2	TTAGATTTCTCTTTTTCTTTCTAT	1
738	737	2	TAGATTTCTCTTTTTCTTTCTATG	1
739	738	2	AGATTTCTCTTTTTCTTTCTATGG	1
740	739	2	GATTTCTCTTTTTCTTTCTATGGA	1
741	740	2	ATTTCTCTTTTTCTTTCTATGGAA	1
742	741	2	TTTCTCTTTTTCTTTCTATGGAAA	1
743	742	2	TTCTCTTTTTCTTTCTATGGAAAC	1
744	743	2	TCTCTTTTTCTTTCTATGGAAACT	1
745	744	2	CTCTTTTTCTTTCTATGGAAACTT	1
746	745	2	TCTTTTTCTTTCTATGGAAACTTA	1
747	746	2	CTTTTTCTTTCTATGGAAACTTAC	1
748	747	1	TTTTTCTTTCTATGGAAACTTACT	1
749	748	1	TTTTCTTTCTATGGAAACTTACTA	1
750	749	1	TTTCTTTCTATGGAAACTTACTAA	1
751	750	1	TTCTTTCTATGGAAACTTACTAAT	1
752	751	1	TCTTTCTATGGAAACTTACTAATG	1
753	752	1	CTTTCTATGGAAACTTACTAATGC	1
754	753	1	TTTCTATGGAAACTTACTAATGCC	1
