Component 636
1	-1	0	AAAAAAGAGGCAGTTGTAAGCTAA	1
2	1	2	AAAAAGAGGCAGTTGTAAGCTAAG	1
3	2	3	AAAAGAGGCAGTTGTAAGCTAAGT	1
4	3	3	AAAGAGGCAGTTGTAAGCTAAGTT	1
5	4	3	AAGAGGCAGTTGTAAGCTAAGTTA	1
6	5	3	AGAGGCAGTTGTAAGCTAAGTTAT	1
7	6	3	GAGGCAGTTGTAAGCTAAGTTATT	1
8	7	3	AGGCAGTTGTAAGCTAAGTTATTC	1
9	8	3	GGCAGTTGTAAGCTAAGTTATTCT	1
10	9	3	GCAGTTGTAAGCTAAGTTATTCTT	1
11	10	3	CAGTTGTAAGCTAAGTTATTCTTT	1
12	11	3	AGTTGTAAGCTAAGTTATTCTTTT	1
13	12	3	GTTGTAAGCTAAGTTATTCTTTTT	1
14	13	3	TTGTAAGCTAAGTTATTCTTTTTT	1
15	14	3	TGTAAGCTAAGTTATTCTTTTTTA	1
16	15	3	GTAAGCTAAGTTATTCTTTTTTAT	1
17	16	3	TAAGCTAAGTTATTCTTTTTTATT	1
18	17	3	AAGCTAAGTTATTCTTTTTTATTT	1
19	18	3	AGCTAAGTTATTCTTTTTTATTTC	1
20	19	3	GCTAAGTTATTCTTTTTTATTTCT	1
21	20	3	CTAAGTTATTCTTTTTTATTTCTA	1
22	21	3	TAAGTTATTCTTTTTTATTTCTAA	1
23	22	3	AAGTTATTCTTTTTTATTTCTAAA	1
24	23	3	AGTTATTCTTTTTTATTTCTAAAA	1
25	24	3	GTTATTCTTTTTTATTTCTAAAAT	1
26	25	3	TTATTCTTTTTTATTTCTAAAATT	1
27	26	3	TATTCTTTTTTATTTCTAAAATTC	1
28	27	3	ATTCTTTTTTATTTCTAAAATTCT	1
29	28	3	TTCTTTTTTATTTCTAAAATTCTG	1
30	29	3	TCTTTTTTATTTCTAAAATTCTGA	1
31	30	3	CTTTTTTATTTCTAAAATTCTGAA	1
32	31	3	TTTTTTATTTCTAAAATTCTGAAA	1
33	32	3	TTTTTATTTCTAAAATTCTGAAAA	1
34	33	3	TTTTATTTCTAAAATTCTGAAAAT	1
35	34	3	TTTATTTCTAAAATTCTGAAAATG	1
36	35	3	TTATTTCTAAAATTCTGAAAATGA	1
37	36	3	TATTTCTAAAATTCTGAAAATGAA	1
38	37	3	ATTTCTAAAATTCTGAAAATGAAC	1
39	38	3	TTTCTAAAATTCTGAAAATGAACG	1
40	39	3	TTCTAAAATTCTGAAAATGAACGC	1
41	40	3	TCTAAAATTCTGAAAATGAACGCT	1
42	41	3	CTAAAATTCTGAAAATGAACGCTC	1
43	42	3	TAAAATTCTGAAAATGAACGCTCA	1
44	43	3	AAAATTCTGAAAATGAACGCTCAG	1
45	44	3	AAATTCTGAAAATGAACGCTCAGG	1
46	45	1	AATTCTGAAAATGAACGCTCAGGT	1
47	-1	0	GTGACCACCACTGTCAAGGAGTAT	1
48	47	1	TGACCACCACTGTCAAGGAGTATG	1
49	48	1	GACCACCACTGTCAAGGAGTATGA	1
50	49	1	ACCACCACTGTCAAGGAGTATGAT	1
51	50	1	CCACCACTGTCAAGGAGTATGATA	1
52	51	1	CACCACTGTCAAGGAGTATGATAG	1
53	52	1	ACCACTGTCAAGGAGTATGATAGT	1
54	53	1	CCACTGTCAAGGAGTATGATAGTG	1
55	54	1	CACTGTCAAGGAGTATGATAGTGA	1
56	55	1	ACTGTCAAGGAGTATGATAGTGAG	1
57	56	1	CTGTCAAGGAGTATGATAGTGAGC	1
58	57	2	TGTCAAGGAGTATGATAGTGAGCA	1
59	58	2	GTCAAGGAGTATGATAGTGAGCAA	1
60	59	2	TCAAGGAGTATGATAGTGAGCAAT	1
61	60	2	CAAGGAGTATGATAGTGAGCAATT	1
62	61	2	AAGGAGTATGATAGTGAGCAATTA	1
63	62	2	AGGAGTATGATAGTGAGCAATTAC	1
64	63	2	GGAGTATGATAGTGAGCAATTACA	1
65	64	2	GAGTATGATAGTGAGCAATTACAA	1
66	65	2	AGTATGATAGTGAGCAATTACAAA	1
67	66	2	GTATGATAGTGAGCAATTACAAAA	1
68	67	2	TATGATAGTGAGCAATTACAAAAG	1
69	68	2	ATGATAGTGAGCAATTACAAAAGG	1
70	69	3	TGATAGTGAGCAATTACAAAAGGC	1
71	70	3	GATAGTGAGCAATTACAAAAGGCT	1
72	71	3	ATAGTGAGCAATTACAAAAGGCTA	1
73	72	3	TAGTGAGCAATTACAAAAGGCTAA	1
74	73	3	AGTGAGCAATTACAAAAGGCTAAA	1
75	74	3	GTGAGCAATTACAAAAGGCTAAAC	1
76	75	3	TGAGCAATTACAAAAGGCTAAACG	1
77	76	4	GAGCAATTACAAAAGGCTAAACGC	1
78	77	4	AGCAATTACAAAAGGCTAAACGCT	1
79	78	4	GCAATTACAAAAGGCTAAACGCTC	1
80	79	4	CAATTACAAAAGGCTAAACGCTCT	1
81	80	4	AATTACAAAAGGCTAAACGCTCTA	1
82	81	4	ATTACAAAAGGCTAAACGCTCTAC	1
83	82	4	TTACAAAAGGCTAAACGCTCTACC	1
84	83	4	TACAAAAGGCTAAACGCTCTACCA	1
85	84	4	ACAAAAGGCTAAACGCTCTACCAT	1
86	85	4	CAAAAGGCTAAACGCTCTACCATG	1
87	86	4	AAAAGGCTAAACGCTCTACCATGA	1
88	87	4	AAAGGCTAAACGCTCTACCATGAT	1
89	88	4	AAGGCTAAACGCTCTACCATGATG	1
90	89	4	AGGCTAAACGCTCTACCATGATGG	1
91	90	4	GGCTAAACGCTCTACCATGATGGG	1
92	91	3	GCTAAACGCTCTACCATGATGGGT	1
93	92	3	CTAAACGCTCTACCATGATGGGTG	1
94	93	3	TAAACGCTCTACCATGATGGGTGT	1
95	94	3	AAACGCTCTACCATGATGGGTGTA	1
96	95	3	AACGCTCTACCATGATGGGTGTAG	1
97	96	2	ACGCTCTACCATGATGGGTGTAGC	1
98	97	2	CGCTCTACCATGATGGGTGTAGCT	1
99	98	2	GCTCTACCATGATGGGTGTAGCTA	1
100	99	2	CTCTACCATGATGGGTGTAGCTAT	1
101	100	2	TCTACCATGATGGGTGTAGCTATC	1
102	101	1	CTACCATGATGGGTGTAGCTATCA	1
103	102	1	TACCATGATGGGTGTAGCTATCAT	1
104	103	1	ACCATGATGGGTGTAGCTATCATG	1
105	104	1	CCATGATGGGTGTAGCTATCATGG	1
106	105	1	CATGATGGGTGTAGCTATCATGGC	1
107	106	1	ATGATGGGTGTAGCTATCATGGCG	1
108	107	1	TGATGGGTGTAGCTATCATGGCGT	1
109	108	1	GATGGGTGTAGCTATCATGGCGTT	1
110	109	1	ATGGGTGTAGCTATCATGGCGTTC	1
111	110	1	TGGGTGTAGCTATCATGGCGTTCA	1
112	111	1	GGGTGTAGCTATCATGGCGTTCAT	1
113	112	1	GGTGTAGCTATCATGGCGTTCATG	1
114	113	1	GTGTAGCTATCATGGCGTTCATGC	1
115	114	1	TGTAGCTATCATGGCGTTCATGCA	1
116	115	1	GTAGCTATCATGGCGTTCATGCAT	1
117	116	1	TAGCTATCATGGCGTTCATGCATT	1
118	117	1	AGCTATCATGGCGTTCATGCATTT	1
119	118	1	GCTATCATGGCGTTCATGCATTTG	1
120	119	1	CTATCATGGCGTTCATGCATTTGT	1
121	120	2	TATCATGGCGTTCATGCATTTGTA	1
122	121	2	ATCATGGCGTTCATGCATTTGTAT	1
123	122	2	TCATGGCGTTCATGCATTTGTATA	1
124	123	2	CATGGCGTTCATGCATTTGTATAT	1
125	124	2	ATGGCGTTCATGCATTTGTATATG	1
126	125	2	TGGCGTTCATGCATTTGTATATGG	1
127	126	2	GGCGTTCATGCATTTGTATATGGG	1
128	127	2	GCGTTCATGCATTTGTATATGGGT	1
129	128	2	CGTTCATGCATTTGTATATGGGTT	1
130	129	2	GTTCATGCATTTGTATATGGGTTA	1
131	130	2	TTCATGCATTTGTATATGGGTTAT	1
132	131	3	TCATGCATTTGTATATGGGTTATG	1
133	132	3	CATGCATTTGTATATGGGTTATGC	1
134	133	3	ATGCATTTGTATATGGGTTATGCT	1
135	134	3	TGCATTTGTATATGGGTTATGCTC	1
136	135	3	GCATTTGTATATGGGTTATGCTCA	1
137	136	3	CATTTGTATATGGGTTATGCTCAA	1
138	137	3	ATTTGTATATGGGTTATGCTCAAC	1
139	138	3	TTTGTATATGGGTTATGCTCAACC	1
140	139	3	TTGTATATGGGTTATGCTCAACCA	1
141	140	3	TGTATATGGGTTATGCTCAACCAT	1
142	141	3	GTATATGGGTTATGCTCAACCATT	1
143	142	3	TATATGGGTTATGCTCAACCATTG	1
144	143	3	ATATGGGTTATGCTCAACCATTGG	1
145	144	3	TATGGGTTATGCTCAACCATTGGT	1
146	145	3	ATGGGTTATGCTCAACCATTGGTG	1
147	146	3	TGGGTTATGCTCAACCATTGGTGA	1
148	147	3	GGGTTATGCTCAACCATTGGTGAT	1
149	148	3	GGTTATGCTCAACCATTGGTGATT	1
150	149	3	GTTATGCTCAACCATTGGTGATTC	1
151	150	3	TTATGCTCAACCATTGGTGATTCA	1
152	151	3	TATGCTCAACCATTGGTGATTCAG	1
153	152	3	ATGCTCAACCATTGGTGATTCAGT	1
154	153	3	TGCTCAACCATTGGTGATTCAGTC	1
155	154	3	GCTCAACCATTGGTGATTCAGTCC	1
156	155	5	CTCAACCATTGGTGATTCAGTCCA	1
157	156	5	TCAACCATTGGTGATTCAGTCCAT	1
158	157	4	CAACCATTGGTGATTCAGTCCATT	1
159	158	4	AACCATTGGTGATTCAGTCCATTC	1
160	159	4	ACCATTGGTGATTCAGTCCATTCT	1
161	160	4	CCATTGGTGATTCAGTCCATTCTC	1
162	161	4	CATTGGTGATTCAGTCCATTCTCC	1
163	162	3	ATTGGTGATTCAGTCCATTCTCCC	1
164	163	2	TTGGTGATTCAGTCCATTCTCCCT	1
165	164	2	TGGTGATTCAGTCCATTCTCCCTT	1
166	165	2	GGTGATTCAGTCCATTCTCCCTTT	1
167	166	2	GTGATTCAGTCCATTCTCCCTTTG	1
168	167	2	TGATTCAGTCCATTCTCCCTTTGA	1
169	168	2	GATTCAGTCCATTCTCCCTTTGAT	1
170	169	2	ATTCAGTCCATTCTCCCTTTGATT	1
171	170	2	TTCAGTCCATTCTCCCTTTGATTT	1
172	171	2	TCAGTCCATTCTCCCTTTGATTTC	1
173	172	2	CAGTCCATTCTCCCTTTGATTTCC	1
174	173	2	AGTCCATTCTCCCTTTGATTTCCT	1
175	174	2	GTCCATTCTCCCTTTGATTTCCTT	1
176	175	2	TCCATTCTCCCTTTGATTTCCTTG	1
177	176	2	CCATTCTCCCTTTGATTTCCTTGT	1
178	177	2	CATTCTCCCTTTGATTTCCTTGTT	1
179	178	2	ATTCTCCCTTTGATTTCCTTGTTT	1
180	179	2	TTCTCCCTTTGATTTCCTTGTTTA	1
181	180	2	TCTCCCTTTGATTTCCTTGTTTAC	1
182	181	2	CTCCCTTTGATTTCCTTGTTTACT	1
183	182	2	TCCCTTTGATTTCCTTGTTTACTA	1
184	183	2	CCCTTTGATTTCCTTGTTTACTAA	1
185	184	2	CCTTTGATTTCCTTGTTTACTAAC	1
186	185	2	CTTTGATTTCCTTGTTTACTAACA	1
187	186	2	TTTGATTTCCTTGTTTACTAACAA	1
188	187	2	TTGATTTCCTTGTTTACTAACAAC	1
189	188	2	TGATTTCCTTGTTTACTAACAACT	1
190	189	2	GATTTCCTTGTTTACTAACAACTT	1
191	190	2	ATTTCCTTGTTTACTAACAACTTG	1
192	191	2	TTTCCTTGTTTACTAACAACTTGG	1
193	192	2	TTCCTTGTTTACTAACAACTTGGT	1
194	193	2	TCCTTGTTTACTAACAACTTGGTT	1
195	194	2	CCTTGTTTACTAACAACTTGGTTT	1
196	195	2	CTTGTTTACTAACAACTTGGTTTC	1
197	196	3	TTGTTTACTAACAACTTGGTTTCC	1
198	197	3	TGTTTACTAACAACTTGGTTTCCA	1
199	198	3	GTTTACTAACAACTTGGTTTCCAT	1
200	199	1	TTTACTAACAACTTGGTTTCCATT	1
201	200	1	TTACTAACAACTTGGTTTCCATTT	1
202	201	1	TACTAACAACTTGGTTTCCATTTA	1
203	202	1	ACTAACAACTTGGTTTCCATTTAC	1
204	203	1	CTAACAACTTGGTTTCCATTTACA	1
205	204	2	TAACAACTTGGTTTCCATTTACAT	1
206	205	2	AACAACTTGGTTTCCATTTACATC	1
207	206	2	ACAACTTGGTTTCCATTTACATCT	1
208	207	2	CAACTTGGTTTCCATTTACATCTT	1
209	208	2	AACTTGGTTTCCATTTACATCTTT	1
210	209	2	ACTTGGTTTCCATTTACATCTTTA	1
211	210	2	CTTGGTTTCCATTTACATCTTTAA	1
212	211	3	TTGGTTTCCATTTACATCTTTAAT	1
213	212	3	TGGTTTCCATTTACATCTTTAATA	1
214	213	3	GGTTTCCATTTACATCTTTAATAA	1
215	214	3	GTTTCCATTTACATCTTTAATAAG	1
216	215	3	TTTCCATTTACATCTTTAATAAGG	1
217	216	3	TTCCATTTACATCTTTAATAAGGC	1
218	217	3	TCCATTTACATCTTTAATAAGGCT	1
219	218	3	CCATTTACATCTTTAATAAGGCTG	1
220	219	3	CATTTACATCTTTAATAAGGCTGC	1
221	220	3	ATTTACATCTTTAATAAGGCTGCT	1
222	221	3	TTTACATCTTTAATAAGGCTGCTG	1
223	222	3	TTACATCTTTAATAAGGCTGCTGA	1
224	223	3	TACATCTTTAATAAGGCTGCTGAA	1
225	224	3	ACATCTTTAATAAGGCTGCTGAAG	1
226	225	3	CATCTTTAATAAGGCTGCTGAAGG	1
227	226	3	ATCTTTAATAAGGCTGCTGAAGGT	1
228	227	3	TCTTTAATAAGGCTGCTGAAGGTA	1
229	228	3	CTTTAATAAGGCTGCTGAAGGTAG	1
230	229	3	TTTAATAAGGCTGCTGAAGGTAGC	1
231	230	3	TTAATAAGGCTGCTGAAGGTAGCT	1
232	231	3	TAATAAGGCTGCTGAAGGTAGCTT	1
233	232	3	AATAAGGCTGCTGAAGGTAGCTTA	1
234	233	3	ATAAGGCTGCTGAAGGTAGCTTAT	1
235	234	3	TAAGGCTGCTGAAGGTAGCTTATC	1
236	235	3	AAGGCTGCTGAAGGTAGCTTATCT	1
237	236	3	AGGCTGCTGAAGGTAGCTTATCTC	1
238	237	3	GGCTGCTGAAGGTAGCTTATCTCG	1
239	238	2	GCTGCTGAAGGTAGCTTATCTCGT	1
240	239	2	CTGCTGAAGGTAGCTTATCTCGTC	1
241	240	2	TGCTGAAGGTAGCTTATCTCGTCC	1
242	241	2	GCTGAAGGTAGCTTATCTCGTCCA	1
243	242	3	CTGAAGGTAGCTTATCTCGTCCAT	1
244	243	3	TGAAGGTAGCTTATCTCGTCCATT	1
245	244	3	GAAGGTAGCTTATCTCGTCCATTT	1
246	245	3	AAGGTAGCTTATCTCGTCCATTTG	1
247	246	3	AGGTAGCTTATCTCGTCCATTTGC	1
248	247	3	GGTAGCTTATCTCGTCCATTTGCT	1
249	248	2	GTAGCTTATCTCGTCCATTTGCTC	1
250	249	2	TAGCTTATCTCGTCCATTTGCTCC	1
251	250	2	AGCTTATCTCGTCCATTTGCTCCC	1
252	251	2	GCTTATCTCGTCCATTTGCTCCCC	1
253	252	2	CTTATCTCGTCCATTTGCTCCCCC	1
254	253	2	TTATCTCGTCCATTTGCTCCCCCT	1
255	254	2	TATCTCGTCCATTTGCTCCCCCTG	1
256	255	1	ATCTCGTCCATTTGCTCCCCCTGC	1
257	256	1	TCTCGTCCATTTGCTCCCCCTGCT	1
258	257	1	CTCGTCCATTTGCTCCCCCTGCTG	1
259	258	1	TCGTCCATTTGCTCCCCCTGCTGG	1
260	259	1	CGTCCATTTGCTCCCCCTGCTGGT	1
261	260	1	GTCCATTTGCTCCCCCTGCTGGTC	1
262	261	1	TCCATTTGCTCCCCCTGCTGGTCT	1
263	262	1	CCATTTGCTCCCCCTGCTGGTCTC	1
264	263	1	CATTTGCTCCCCCTGCTGGTCTCT	1
265	264	1	ATTTGCTCCCCCTGCTGGTCTCTT	1
266	265	1	TTTGCTCCCCCTGCTGGTCTCTTT	1
267	266	2	TTGCTCCCCCTGCTGGTCTCTTTG	1
268	267	2	TGCTCCCCCTGCTGGTCTCTTTGG	1
269	268	2	GCTCCCCCTGCTGGTCTCTTTGGG	1
270	269	2	CTCCCCCTGCTGGTCTCTTTGGGG	1
271	270	2	TCCCCCTGCTGGTCTCTTTGGGGG	1
272	271	2	CCCCCTGCTGGTCTCTTTGGGGGA	1
273	272	2	CCCCTGCTGGTCTCTTTGGGGGAG	1
274	273	2	CCCTGCTGGTCTCTTTGGGGGAGG	1
275	274	2	CCTGCTGGTCTCTTTGGGGGAGGA	1
276	275	2	CTGCTGGTCTCTTTGGGGGAGGAA	1
277	276	2	TGCTGGTCTCTTTGGGGGAGGAAA	1
278	277	2	GCTGGTCTCTTTGGGGGAGGAAAC	1
279	278	2	CTGGTCTCTTTGGGGGAGGAAACA	1
280	279	2	TGGTCTCTTTGGGGGAGGAAACAA	1
281	280	2	GGTCTCTTTGGGGGAGGAAACAAG	1
282	281	2	GTCTCTTTGGGGGAGGAAACAAGC	1
283	282	2	TCTCTTTGGGGGAGGAAACAAGCC	1
284	283	1	CTCTTTGGGGGAGGAAACAAGCCT	1
285	284	1	TCTTTGGGGGAGGAAACAAGCCTG	1
286	285	1	CTTTGGGGGAGGAAACAAGCCTGC	1
287	286	1	TTTGGGGGAGGAAACAAGCCTGCA	1
288	287	1	TTGGGGGAGGAAACAAGCCTGCAG	1
289	288	1	TGGGGGAGGAAACAAGCCTGCAGC	1
290	289	1	GGGGGAGGAAACAAGCCTGCAGCT	1
291	290	1	GGGGAGGAAACAAGCCTGCAGCTG	1
292	291	1	GGGAGGAAACAAGCCTGCAGCTGC	1
293	292	1	GGAGGAAACAAGCCTGCAGCTGCT	1
294	293	1	GAGGAAACAAGCCTGCAGCTGCTG	1
295	294	1	AGGAAACAAGCCTGCAGCTGCTGT	1
296	295	1	GGAAACAAGCCTGCAGCTGCTGTT	1
297	296	1	GAAACAAGCCTGCAGCTGCTGTTA	1
298	297	1	AAACAAGCCTGCAGCTGCTGTTAC	1
299	298	1	AACAAGCCTGCAGCTGCTGTTACT	1
300	-1	0	CTTGTCGCCGCATTGGGTGTTATG	1
301	300	2	TTGTCGCCGCATTGGGTGTTATGC	1
302	301	2	TGTCGCCGCATTGGGTGTTATGCA	1
303	302	2	GTCGCCGCATTGGGTGTTATGCAA	1
304	303	2	TCGCCGCATTGGGTGTTATGCAAT	1
305	304	2	CGCCGCATTGGGTGTTATGCAATA	1
306	305	2	GCCGCATTGGGTGTTATGCAATAT	1
307	306	2	CCGCATTGGGTGTTATGCAATATT	1
308	307	2	CGCATTGGGTGTTATGCAATATTC	1
309	308	2	GCATTGGGTGTTATGCAATATTCT	1
310	309	2	CATTGGGTGTTATGCAATATTCTA	1
311	310	2	ATTGGGTGTTATGCAATATTCTAA	1
312	311	2	TTGGGTGTTATGCAATATTCTAAG	1
313	312	2	TGGGTGTTATGCAATATTCTAAGA	1
314	313	2	GGGTGTTATGCAATATTCTAAGAA	1
315	314	2	GGTGTTATGCAATATTCTAAGAAG	1
316	315	2	GTGTTATGCAATATTCTAAGAAGC	1
317	316	2	TGTTATGCAATATTCTAAGAAGCT	1
318	317	2	GTTATGCAATATTCTAAGAAGCTT	1
319	318	2	TTATGCAATATTCTAAGAAGCTTG	1
320	319	2	TATGCAATATTCTAAGAAGCTTGA	1
321	320	2	ATGCAATATTCTAAGAAGCTTGAC	1
322	321	2	TGCAATATTCTAAGAAGCTTGACT	1
323	322	2	GCAATATTCTAAGAAGCTTGACTT	1
324	323	4	CAATATTCTAAGAAGCTTGACTTC	1
325	324	4	AATATTCTAAGAAGCTTGACTTCA	1
326	325	4	ATATTCTAAGAAGCTTGACTTCAC	1
327	326	4	TATTCTAAGAAGCTTGACTTCACC	1
328	327	4	ATTCTAAGAAGCTTGACTTCACCG	1
329	328	4	TTCTAAGAAGCTTGACTTCACCGA	1
330	329	4	TCTAAGAAGCTTGACTTCACCGAC	1
331	330	4	CTAAGAAGCTTGACTTCACCGACC	1
332	331	4	TAAGAAGCTTGACTTCACCGACCC	1
333	332	4	AAGAAGCTTGACTTCACCGACCCT	1
334	333	4	AGAAGCTTGACTTCACCGACCCTC	1
335	334	4	GAAGCTTGACTTCACCGACCCTCA	1
336	335	4	AAGCTTGACTTCACCGACCCTCAA	1
337	336	4	AGCTTGACTTCACCGACCCTCAAA	1
338	337	4	GCTTGACTTCACCGACCCTCAAAT	1
339	338	4	CTTGACTTCACCGACCCTCAAATT	1
340	339	4	TTGACTTCACCGACCCTCAAATTG	1
341	340	4	TGACTTCACCGACCCTCAAATTGT	1
342	341	4	GACTTCACCGACCCTCAAATTGTC	1
343	342	4	ACTTCACCGACCCTCAAATTGTCT	1
344	343	4	CTTCACCGACCCTCAAATTGTCTA	1
345	344	2	TTCACCGACCCTCAAATTGTCTAT	1
346	345	2	TCACCGACCCTCAAATTGTCTATT	1
347	346	2	CACCGACCCTCAAATTGTCTATTA	1
348	347	2	ACCGACCCTCAAATTGTCTATTAT	1
349	348	2	CCGACCCTCAAATTGTCTATTATG	1
350	349	2	CGACCCTCAAATTGTCTATTATGC	1
351	350	2	GACCCTCAAATTGTCTATTATGCT	1
352	351	2	ACCCTCAAATTGTCTATTATGCTC	1
353	352	2	CCCTCAAATTGTCTATTATGCTCG	1
354	353	2	CCTCAAATTGTCTATTATGCTCGT	1
355	354	2	CTCAAATTGTCTATTATGCTCGTG	1
356	355	2	TCAAATTGTCTATTATGCTCGTGC	1
357	356	2	CAAATTGTCTATTATGCTCGTGCT	1
358	357	2	AAATTGTCTATTATGCTCGTGCTG	1
359	358	2	AATTGTCTATTATGCTCGTGCTGC	1
360	359	2	ATTGTCTATTATGCTCGTGCTGCC	1
361	360	2	TTGTCTATTATGCTCGTGCTGCCT	1
362	361	2	TGTCTATTATGCTCGTGCTGCCTA	1
363	362	2	GTCTATTATGCTCGTGCTGCCTAT	1
364	363	2	TCTATTATGCTCGTGCTGCCTATG	1
365	364	2	CTATTATGCTCGTGCTGCCTATGT	1
366	365	2	TATTATGCTCGTGCTGCCTATGTG	1
367	366	2	ATTATGCTCGTGCTGCCTATGTGA	1
368	-1	0	TGCTCGTGCTGCCTATGTGATCTC	1
369	368	1	GCTCGTGCTGCCTATGTGATCTCA	1
370	369	1	CTCGTGCTGCCTATGTGATCTCAA	1
371	370	1	TCGTGCTGCCTATGTGATCTCAAA	1
372	371	1	CGTGCTGCCTATGTGATCTCAAAC	1
373	372	1	GTGCTGCCTATGTGATCTCAAACA	1
374	373	1	TGCTGCCTATGTGATCTCAAACAC	1
375	374	1	GCTGCCTATGTGATCTCAAACACC	1
376	375	1	CTGCCTATGTGATCTCAAACACCA	1
377	376	1	TGCCTATGTGATCTCAAACACCAT	1
378	377	1	GCCTATGTGATCTCAAACACCATT	1
379	378	1	CCTATGTGATCTCAAACACCATTA	1
380	379	1	CTATGTGATCTCAAACACCATTAT	1
381	380	1	TATGTGATCTCAAACACCATTATT	1
382	381	1	ATGTGATCTCAAACACCATTATTT	1
383	382	1	TGTGATCTCAAACACCATTATTTT	1
384	383	1	GTGATCTCAAACACCATTATTTTT	1
385	384	1	TGATCTCAAACACCATTATTTTTG	1
386	385	1	GATCTCAAACACCATTATTTTTGG	1
387	386	1	ATCTCAAACACCATTATTTTTGGT	1
388	387	1	TCTCAAACACCATTATTTTTGGTG	1
389	388	1	CTCAAACACCATTATTTTTGGTGT	1
390	389	1	TCAAACACCATTATTTTTGGTGTC	1
391	390	1	CAAACACCATTATTTTTGGTGTCT	1
392	391	1	AAACACCATTATTTTTGGTGTCTA	1
393	392	1	AACACCATTATTTTTGGTGTCTAT	1
394	393	1	ACACCATTATTTTTGGTGTCTATG	1
395	394	1	CACCATTATTTTTGGTGTCTATGC	1
396	395	1	ACCATTATTTTTGGTGTCTATGCA	1
397	396	1	CCATTATTTTTGGTGTCTATGCAA	1
398	397	1	CATTATTTTTGGTGTCTATGCAAT	1
399	398	1	ATTATTTTTGGTGTCTATGCAATT	1
400	399	1	TTATTTTTGGTGTCTATGCAATTA	1
401	400	1	TATTTTTGGTGTCTATGCAATTAT	1
402	401	1	ATTTTTGGTGTCTATGCAATTATC	1
403	402	1	TTTTTGGTGTCTATGCAATTATCC	1
404	403	1	TTTTGGTGTCTATGCAATTATCCA	1
405	404	1	TTTGGTGTCTATGCAATTATCCAA	1
406	405	2	TTGGTGTCTATGCAATTATCCAAG	1
407	406	2	TGGTGTCTATGCAATTATCCAAGC	1
408	407	2	GGTGTCTATGCAATTATCCAAGCT	1
409	408	2	GTGTCTATGCAATTATCCAAGCTC	1
410	409	2	TGTCTATGCAATTATCCAAGCTCG	1
411	410	2	GTCTATGCAATTATCCAAGCTCGT	1
412	411	2	TCTATGCAATTATCCAAGCTCGTA	1
413	412	1	CTATGCAATTATCCAAGCTCGTAT	1
414	413	1	TATGCAATTATCCAAGCTCGTATT	1
415	414	2	ATGCAATTATCCAAGCTCGTATTA	1
416	415	2	TGCAATTATCCAAGCTCGTATTAA	1
417	416	3	GCAATTATCCAAGCTCGTATTAAT	1
418	417	3	CAATTATCCAAGCTCGTATTAATG	1
419	418	3	AATTATCCAAGCTCGTATTAATGC	1
420	419	3	ATTATCCAAGCTCGTATTAATGCC	1
421	420	4	TTATCCAAGCTCGTATTAATGCCA	1
422	421	4	TATCCAAGCTCGTATTAATGCCAA	1
423	422	4	ATCCAAGCTCGTATTAATGCCAAC	1
424	423	4	TCCAAGCTCGTATTAATGCCAACA	1
425	424	4	CCAAGCTCGTATTAATGCCAACAA	1
426	425	4	CAAGCTCGTATTAATGCCAACAAT	1
427	426	4	AAGCTCGTATTAATGCCAACAATG	1
428	427	4	AGCTCGTATTAATGCCAACAATGA	1
429	428	4	GCTCGTATTAATGCCAACAATGAT	1
430	429	4	CTCGTATTAATGCCAACAATGATG	1
431	430	5	TCGTATTAATGCCAACAATGATGA	1
432	431	5	CGTATTAATGCCAACAATGATGAG	1
433	432	5	GTATTAATGCCAACAATGATGAGA	1
434	433	5	TATTAATGCCAACAATGATGAGAC	1
435	434	5	ATTAATGCCAACAATGATGAGACT	1
436	435	5	TTAATGCCAACAATGATGAGACTC	1
437	436	5	TAATGCCAACAATGATGAGACTCC	1
438	437	5	AATGCCAACAATGATGAGACTCCT	1
439	438	5	ATGCCAACAATGATGAGACTCCTT	1
440	439	5	TGCCAACAATGATGAGACTCCTTT	1
441	440	6	GCCAACAATGATGAGACTCCTTTG	1
442	441	6	CCAACAATGATGAGACTCCTTTGG	1
443	442	6	CAACAATGATGAGACTCCTTTGGT	1
444	443	6	AACAATGATGAGACTCCTTTGGTT	1
445	444	6	ACAATGATGAGACTCCTTTGGTTT	1
446	445	6	CAATGATGAGACTCCTTTGGTTTA	1
447	446	6	AATGATGAGACTCCTTTGGTTTAT	1
448	447	6	ATGATGAGACTCCTTTGGTTTATG	1
449	448	6	TGATGAGACTCCTTTGGTTTATGA	1
450	449	5	GATGAGACTCCTTTGGTTTATGAA	1
451	450	5	ATGAGACTCCTTTGGTTTATGAAG	1
452	451	5	TGAGACTCCTTTGGTTTATGAAGA	1
453	452	5	GAGACTCCTTTGGTTTATGAAGAG	1
454	453	5	AGACTCCTTTGGTTTATGAAGAGC	1
455	454	5	GACTCCTTTGGTTTATGAAGAGCC	1
456	455	5	ACTCCTTTGGTTTATGAAGAGCCT	1
457	456	5	CTCCTTTGGTTTATGAAGAGCCTG	1
458	457	5	TCCTTTGGTTTATGAAGAGCCTGC	1
459	458	4	CCTTTGGTTTATGAAGAGCCTGCA	1
460	459	4	CTTTGGTTTATGAAGAGCCTGCAC	1
461	460	4	TTTGGTTTATGAAGAGCCTGCACC	1
462	461	4	TTGGTTTATGAAGAGCCTGCACCT	1
463	462	4	TGGTTTATGAAGAGCCTGCACCTC	1
464	463	4	GGTTTATGAAGAGCCTGCACCTCC	1
465	464	3	GTTTATGAAGAGCCTGCACCTCCT	1
466	465	3	TTTATGAAGAGCCTGCACCTCCTT	1
467	466	3	TTATGAAGAGCCTGCACCTCCTTT	1
468	467	3	TATGAAGAGCCTGCACCTCCTTTT	1
469	468	3	ATGAAGAGCCTGCACCTCCTTTTT	1
470	469	3	TGAAGAGCCTGCACCTCCTTTTTC	1
471	470	3	GAAGAGCCTGCACCTCCTTTTTCT	1
472	471	3	AAGAGCCTGCACCTCCTTTTTCTG	1
473	472	3	AGAGCCTGCACCTCCTTTTTCTGG	1
474	473	3	GAGCCTGCACCTCCTTTTTCTGGA	1
475	474	2	AGCCTGCACCTCCTTTTTCTGGAC	1
476	475	2	GCCTGCACCTCCTTTTTCTGGACA	1
477	476	2	CCTGCACCTCCTTTTTCTGGACAA	1
478	477	1	CTGCACCTCCTTTTTCTGGACAAG	1
479	478	1	TGCACCTCCTTTTTCTGGACAAGG	1
480	479	1	GCACCTCCTTTTTCTGGACAAGGC	1
481	480	1	CACCTCCTTTTTCTGGACAAGGCA	1
482	481	1	ACCTCCTTTTTCTGGACAAGGCAA	1
483	482	1	CCTCCTTTTTCTGGACAAGGCAAT	1
484	483	1	CTCCTTTTTCTGGACAAGGCAATG	1
485	484	1	TCCTTTTTCTGGACAAGGCAATGG	1
486	485	1	CCTTTTTCTGGACAAGGCAATGGC	1
487	486	1	CTTTTTCTGGACAAGGCAATGGCA	1
488	487	1	TTTTTCTGGACAAGGCAATGGCAA	1
489	488	1	TTTTCTGGACAAGGCAATGGCAAG	1
490	489	1	TTTCTGGACAAGGCAATGGCAAGC	1
491	490	1	TTCTGGACAAGGCAATGGCAAGCT	1
492	491	1	TCTGGACAAGGCAATGGCAAGCTA	1
493	492	1	CTGGACAAGGCAATGGCAAGCTAG	1
494	493	1	TGGACAAGGCAATGGCAAGCTAGT	1
495	494	1	GGACAAGGCAATGGCAAGCTAGTG	1
496	495	1	GACAAGGCAATGGCAAGCTAGTGA	1
497	496	1	ACAAGGCAATGGCAAGCTAGTGAC	1
498	497	1	CAAGGCAATGGCAAGCTAGTGACC	1
499	498	1	AAGGCAATGGCAAGCTAGTGACCA	1
500	499	1	AGGCAATGGCAAGCTAGTGACCAC	1
501	500	1	GGCAATGGCAAGCTAGTGACCACC	1
502	501	1	GCAATGGCAAGCTAGTGACCACCA	1
503	502	1	CAATGGCAAGCTAGTGACCACCAC	1
504	503	1	AATGGCAAGCTAGTGACCACCACT	1
