Component 641
1	-1	0	AGATTGCTAATCTAAACCTACCGG	1
2	1	1	GATTGCTAATCTAAACCTACCGGA	1
3	2	1	ATTGCTAATCTAAACCTACCGGAT	1
4	3	1	TTGCTAATCTAAACCTACCGGATG	1
5	4	1	TGCTAATCTAAACCTACCGGATGG	1
6	5	1	GCTAATCTAAACCTACCGGATGGT	1
7	6	1	CTAATCTAAACCTACCGGATGGTT	1
8	7	1	TAATCTAAACCTACCGGATGGTTC	1
9	8	1	AATCTAAACCTACCGGATGGTTCC	1
10	9	1	ATCTAAACCTACCGGATGGTTCCG	1
11	10	1	TCTAAACCTACCGGATGGTTCCGT	1
12	11	1	CTAAACCTACCGGATGGTTCCGTT	1
13	12	1	TAAACCTACCGGATGGTTCCGTTC	1
14	13	2	AAACCTACCGGATGGTTCCGTTCG	1
15	14	2	AACCTACCGGATGGTTCCGTTCGT	1
16	15	2	ACCTACCGGATGGTTCCGTTCGTT	1
17	16	2	CCTACCGGATGGTTCCGTTCGTTC	1
18	17	2	CTACCGGATGGTTCCGTTCGTTCT	1
19	18	2	TACCGGATGGTTCCGTTCGTTCTG	1
20	19	2	ACCGGATGGTTCCGTTCGTTCTGG	1
21	20	2	CCGGATGGTTCCGTTCGTTCTGGT	1
22	21	2	CGGATGGTTCCGTTCGTTCTGGTC	1
23	22	2	GGATGGTTCCGTTCGTTCTGGTCA	1
24	23	2	GATGGTTCCGTTCGTTCTGGTCAA	1
25	24	2	ATGGTTCCGTTCGTTCTGGTCAAG	1
26	25	2	TGGTTCCGTTCGTTCTGGTCAAGT	1
27	26	2	GGTTCCGTTCGTTCTGGTCAAGTC	1
28	27	2	GTTCCGTTCGTTCTGGTCAAGTCT	1
29	28	2	TTCCGTTCGTTCTGGTCAAGTCTT	1
30	29	2	TCCGTTCGTTCTGGTCAAGTCTTA	1
31	30	2	CCGTTCGTTCTGGTCAAGTCTTAG	1
32	31	3	CGTTCGTTCTGGTCAAGTCTTAGA	1
33	32	3	GTTCGTTCTGGTCAAGTCTTAGAA	1
34	33	3	TTCGTTCTGGTCAAGTCTTAGAAG	1
35	34	3	TCGTTCTGGTCAAGTCTTAGAAGT	1
36	35	3	CGTTCTGGTCAAGTCTTAGAAGTT	1
37	36	3	GTTCTGGTCAAGTCTTAGAAGTTG	1
38	37	3	TTCTGGTCAAGTCTTAGAAGTTGC	1
39	38	3	TCTGGTCAAGTCTTAGAAGTTGCA	1
40	39	3	CTGGTCAAGTCTTAGAAGTTGCAG	1
41	40	3	TGGTCAAGTCTTAGAAGTTGCAGG	1
42	41	3	GGTCAAGTCTTAGAAGTTGCAGGT	1
43	42	3	GTCAAGTCTTAGAAGTTGCAGGTC	1
44	43	3	TCAAGTCTTAGAAGTTGCAGGTCA	1
45	44	3	CAAGTCTTAGAAGTTGCAGGTCAT	1
46	45	2	AAGTCTTAGAAGTTGCAGGTCATA	1
47	46	2	AGTCTTAGAAGTTGCAGGTCATAA	1
48	47	2	GTCTTAGAAGTTGCAGGTCATAAA	1
49	48	2	TCTTAGAAGTTGCAGGTCATAAAG	1
50	49	2	CTTAGAAGTTGCAGGTCATAAAGC	1
51	50	2	TTAGAAGTTGCAGGTCATAAAGCC	1
52	51	2	TAGAAGTTGCAGGTCATAAAGCCA	1
53	52	2	AGAAGTTGCAGGTCATAAAGCCAT	1
54	53	2	GAAGTTGCAGGTCATAAAGCCATT	1
55	54	2	AAGTTGCAGGTCATAAAGCCATTG	1
56	55	2	AGTTGCAGGTCATAAAGCCATTGT	1
57	56	2	GTTGCAGGTCATAAAGCCATTGTA	1
58	57	1	TTGCAGGTCATAAAGCCATTGTAC	1
59	58	1	TGCAGGTCATAAAGCCATTGTACA	1
60	59	1	GCAGGTCATAAAGCCATTGTACAA	1
61	60	1	CAGGTCATAAAGCCATTGTACAAG	1
62	61	1	AGGTCATAAAGCCATTGTACAAGT	1
63	62	2	GGTCATAAAGCCATTGTACAAGTT	1
64	63	2	GTCATAAAGCCATTGTACAAGTTT	1
65	64	2	TCATAAAGCCATTGTACAAGTTTT	1
66	65	2	CATAAAGCCATTGTACAAGTTTTC	1
67	66	2	ATAAAGCCATTGTACAAGTTTTCG	1
68	67	2	TAAAGCCATTGTACAAGTTTTCGA	1
69	68	2	AAAGCCATTGTACAAGTTTTCGAA	1
70	69	2	AAGCCATTGTACAAGTTTTCGAAG	1
71	70	2	AGCCATTGTACAAGTTTTCGAAGG	1
72	71	2	GCCATTGTACAAGTTTTCGAAGGC	1
73	72	2	CCATTGTACAAGTTTTCGAAGGCA	1
74	73	2	CATTGTACAAGTTTTCGAAGGCAC	1
75	74	2	ATTGTACAAGTTTTCGAAGGCACT	1
76	75	3	TTGTACAAGTTTTCGAAGGCACTT	1
77	76	3	TGTACAAGTTTTCGAAGGCACTTC	1
78	77	3	GTACAAGTTTTCGAAGGCACTTCT	1
79	78	3	TACAAGTTTTCGAAGGCACTTCTG	1
80	79	3	ACAAGTTTTCGAAGGCACTTCTGG	1
81	80	3	CAAGTTTTCGAAGGCACTTCTGGA	1
82	81	3	AAGTTTTCGAAGGCACTTCTGGAG	1
83	82	3	AGTTTTCGAAGGCACTTCTGGAGT	1
84	83	3	GTTTTCGAAGGCACTTCTGGAGTC	1
85	84	3	TTTTCGAAGGCACTTCTGGAGTCG	1
86	85	3	TTTCGAAGGCACTTCTGGAGTCGA	1
87	86	3	TTCGAAGGCACTTCTGGAGTCGAT	1
88	87	3	TCGAAGGCACTTCTGGAGTCGATG	1
89	88	3	CGAAGGCACTTCTGGAGTCGATGT	1
90	89	3	GAAGGCACTTCTGGAGTCGATGTT	1
91	90	3	AAGGCACTTCTGGAGTCGATGTTA	1
92	91	3	AGGCACTTCTGGAGTCGATGTTAG	1
93	92	3	GGCACTTCTGGAGTCGATGTTAGA	1
94	93	3	GCACTTCTGGAGTCGATGTTAGAA	1
95	94	3	CACTTCTGGAGTCGATGTTAGAAA	1
96	95	3	ACTTCTGGAGTCGATGTTAGAAAA	1
97	96	4	CTTCTGGAGTCGATGTTAGAAAAA	1
98	97	4	TTCTGGAGTCGATGTTAGAAAAAC	1
99	98	4	TCTGGAGTCGATGTTAGAAAAACT	1
100	99	4	CTGGAGTCGATGTTAGAAAAACTA	1
101	100	4	TGGAGTCGATGTTAGAAAAACTAC	1
102	101	4	GGAGTCGATGTTAGAAAAACTACC	1
103	102	4	GAGTCGATGTTAGAAAAACTACCA	1
104	103	4	AGTCGATGTTAGAAAAACTACCAT	1
105	104	4	GTCGATGTTAGAAAAACTACCATT	1
106	105	4	TCGATGTTAGAAAAACTACCATTG	1
107	106	3	CGATGTTAGAAAAACTACCATTGA	1
108	107	3	GATGTTAGAAAAACTACCATTGAT	1
109	108	3	ATGTTAGAAAAACTACCATTGATT	1
110	109	3	TGTTAGAAAAACTACCATTGATTT	1
111	110	3	GTTAGAAAAACTACCATTGATTTT	1
112	111	3	TTAGAAAAACTACCATTGATTTTA	1
113	112	3	TAGAAAAACTACCATTGATTTTAC	1
114	113	3	AGAAAAACTACCATTGATTTTACT	1
115	114	3	GAAAAACTACCATTGATTTTACTG	1
116	115	3	AAAAACTACCATTGATTTTACTGG	1
117	116	2	AAAACTACCATTGATTTTACTGGT	1
118	117	2	AAACTACCATTGATTTTACTGGTC	1
119	118	2	AACTACCATTGATTTTACTGGTCA	1
120	119	1	ACTACCATTGATTTTACTGGTCAT	1
121	120	2	CTACCATTGATTTTACTGGTCATT	1
122	121	2	TACCATTGATTTTACTGGTCATTC	1
123	122	2	ACCATTGATTTTACTGGTCATTCC	1
124	123	2	CCATTGATTTTACTGGTCATTCCA	1
125	124	2	CATTGATTTTACTGGTCATTCCAT	1
126	125	2	ATTGATTTTACTGGTCATTCCATG	1
127	126	2	TTGATTTTACTGGTCATTCCATGC	1
128	127	2	TGATTTTACTGGTCATTCCATGCG	1
129	128	1	GATTTTACTGGTCATTCCATGCGA	1
130	129	1	ATTTTACTGGTCATTCCATGCGAA	1
131	130	1	TTTTACTGGTCATTCCATGCGAAT	1
132	131	1	TTTACTGGTCATTCCATGCGAATC	1
133	132	1	TTACTGGTCATTCCATGCGAATCC	1
134	133	1	TACTGGTCATTCCATGCGAATCCC	1
135	134	1	ACTGGTCATTCCATGCGAATCCCT	1
136	135	1	CTGGTCATTCCATGCGAATCCCTG	1
137	136	1	TGGTCATTCCATGCGAATCCCTGT	1
138	137	1	GGTCATTCCATGCGAATCCCTGTT	1
139	138	1	GTCATTCCATGCGAATCCCTGTTT	1
140	139	1	TCATTCCATGCGAATCCCTGTTTC	1
141	140	1	CATTCCATGCGAATCCCTGTTTCA	1
142	141	1	ATTCCATGCGAATCCCTGTTTCAG	1
143	142	1	TTCCATGCGAATCCCTGTTTCAGA	1
144	143	1	TCCATGCGAATCCCTGTTTCAGAA	1
145	144	1	CCATGCGAATCCCTGTTTCAGAAG	1
146	145	1	CATGCGAATCCCTGTTTCAGAAGA	1
147	146	1	ATGCGAATCCCTGTTTCAGAAGAT	1
148	147	1	TGCGAATCCCTGTTTCAGAAGATA	1
149	148	1	GCGAATCCCTGTTTCAGAAGATAT	1
150	149	1	CGAATCCCTGTTTCAGAAGATATG	1
151	150	1	GAATCCCTGTTTCAGAAGATATGC	1
152	-1	0	CGTTAACATGGCGTCGCTCTTTGA	1
153	152	1	GTTAACATGGCGTCGCTCTTTGAT	1
154	153	1	TTAACATGGCGTCGCTCTTTGATA	1
155	154	1	TAACATGGCGTCGCTCTTTGATAT	1
156	155	1	AACATGGCGTCGCTCTTTGATATC	1
157	156	1	ACATGGCGTCGCTCTTTGATATCA	1
158	157	1	CATGGCGTCGCTCTTTGATATCAA	1
159	158	1	ATGGCGTCGCTCTTTGATATCAAT	1
160	159	1	TGGCGTCGCTCTTTGATATCAATG	1
161	160	1	GGCGTCGCTCTTTGATATCAATGC	1
162	161	1	GCGTCGCTCTTTGATATCAATGCA	1
163	162	1	CGTCGCTCTTTGATATCAATGCAG	1
164	163	3	GTCGCTCTTTGATATCAATGCAGC	1
165	164	3	TCGCTCTTTGATATCAATGCAGCT	1
166	165	4	CGCTCTTTGATATCAATGCAGCTG	1
167	166	4	GCTCTTTGATATCAATGCAGCTGC	1
168	167	4	CTCTTTGATATCAATGCAGCTGCT	1
169	168	4	TCTTTGATATCAATGCAGCTGCTG	1
170	169	4	CTTTGATATCAATGCAGCTGCTGC	1
171	170	4	TTTGATATCAATGCAGCTGCTGCT	1
172	171	4	TTGATATCAATGCAGCTGCTGCTG	1
173	172	4	TGATATCAATGCAGCTGCTGCTGT	1
174	173	4	GATATCAATGCAGCTGCTGCTGTA	1
175	174	4	ATATCAATGCAGCTGCTGCTGTAA	1
176	175	4	TATCAATGCAGCTGCTGCTGTAAA	1
177	176	4	ATCAATGCAGCTGCTGCTGTAAAG	1
178	177	4	TCAATGCAGCTGCTGCTGTAAAGG	1
179	178	4	CAATGCAGCTGCTGCTGTAAAGGA	1
180	179	4	AATGCAGCTGCTGCTGTAAAGGAT	1
181	180	4	ATGCAGCTGCTGCTGTAAAGGATT	1
182	181	4	TGCAGCTGCTGCTGTAAAGGATTA	1
183	182	4	GCAGCTGCTGCTGTAAAGGATTAT	1
184	183	4	CAGCTGCTGCTGTAAAGGATTATT	1
185	184	4	AGCTGCTGCTGTAAAGGATTATTC	1
186	185	4	GCTGCTGCTGTAAAGGATTATTCC	1
187	186	4	CTGCTGCTGTAAAGGATTATTCCA	1
188	187	4	TGCTGCTGTAAAGGATTATTCCAT	1
189	188	4	GCTGCTGTAAAGGATTATTCCATA	1
190	189	4	CTGCTGTAAAGGATTATTCCATAA	1
191	190	4	TGCTGTAAAGGATTATTCCATAAA	1
192	191	4	GCTGTAAAGGATTATTCCATAAAA	1
193	192	4	CTGTAAAGGATTATTCCATAAAAC	1
194	193	4	TGTAAAGGATTATTCCATAAAACC	1
195	194	4	GTAAAGGATTATTCCATAAAACCT	1
196	195	4	TAAAGGATTATTCCATAAAACCTC	1
197	196	3	AAAGGATTATTCCATAAAACCTCG	1
198	197	3	AAGGATTATTCCATAAAACCTCGA	1
199	198	3	AGGATTATTCCATAAAACCTCGAC	1
200	199	3	GGATTATTCCATAAAACCTCGACT	1
201	200	3	GATTATTCCATAAAACCTCGACTC	1
202	201	3	ATTATTCCATAAAACCTCGACTCT	1
203	202	3	TTATTCCATAAAACCTCGACTCTC	1
204	203	3	TATTCCATAAAACCTCGACTCTCT	1
205	204	3	ATTCCATAAAACCTCGACTCTCTT	1
206	205	3	TTCCATAAAACCTCGACTCTCTTA	1
207	206	3	TCCATAAAACCTCGACTCTCTTAC	1
208	207	1	CCATAAAACCTCGACTCTCTTACA	1
209	208	1	CATAAAACCTCGACTCTCTTACAA	1
210	128	1	GATTTTACTGGTCATTCCATGCGT	1
211	210	1	ATTTTACTGGTCATTCCATGCGTA	1
212	211	1	TTTTACTGGTCATTCCATGCGTAT	1
213	212	1	TTTACTGGTCATTCCATGCGTATC	1
214	213	1	TTACTGGTCATTCCATGCGTATCC	1
215	214	1	TACTGGTCATTCCATGCGTATCCC	1
216	215	1	ACTGGTCATTCCATGCGTATCCCT	1
217	216	1	CTGGTCATTCCATGCGTATCCCTG	1
218	217	1	TGGTCATTCCATGCGTATCCCTGT	1
219	218	1	GGTCATTCCATGCGTATCCCTGTT	1
220	219	1	GTCATTCCATGCGTATCCCTGTTT	1
221	220	1	TCATTCCATGCGTATCCCTGTTTC	1
222	-1	0	TGATAAAGGACCCAACTTGCTTGC	1
223	222	1	GATAAAGGACCCAACTTGCTTGCT	1
224	223	1	ATAAAGGACCCAACTTGCTTGCTG	1
225	224	1	TAAAGGACCCAACTTGCTTGCTGA	1
226	225	1	AAAGGACCCAACTTGCTTGCTGAA	1
227	226	1	AAGGACCCAACTTGCTTGCTGAAG	1
228	227	2	AGGACCCAACTTGCTTGCTGAAGA	1
229	228	2	GGACCCAACTTGCTTGCTGAAGAT	1
230	229	2	GACCCAACTTGCTTGCTGAAGATT	1
231	230	2	ACCCAACTTGCTTGCTGAAGATTA	1
232	231	2	CCCAACTTGCTTGCTGAAGATTAT	1
233	232	2	CCAACTTGCTTGCTGAAGATTATC	1
234	233	2	CAACTTGCTTGCTGAAGATTATCT	1
235	234	2	AACTTGCTTGCTGAAGATTATCTT	1
236	235	2	ACTTGCTTGCTGAAGATTATCTTG	1
237	236	3	CTTGCTTGCTGAAGATTATCTTGA	1
238	237	3	TTGCTTGCTGAAGATTATCTTGAT	1
239	238	3	TGCTTGCTGAAGATTATCTTGATA	1
240	239	3	GCTTGCTGAAGATTATCTTGATAT	1
241	240	3	CTTGCTGAAGATTATCTTGATATC	1
242	241	3	TTGCTGAAGATTATCTTGATATCA	1
243	242	3	TGCTGAAGATTATCTTGATATCAA	1
244	243	3	GCTGAAGATTATCTTGATATCAAT	1
245	244	3	CTGAAGATTATCTTGATATCAATG	1
246	245	3	TGAAGATTATCTTGATATCAATGG	1
247	246	3	GAAGATTATCTTGATATCAATGGT	1
248	247	3	AAGATTATCTTGATATCAATGGTT	1
249	248	3	AGATTATCTTGATATCAATGGTTC	1
250	249	3	GATTATCTTGATATCAATGGTTCT	1
251	250	3	ATTATCTTGATATCAATGGTTCTC	1
252	251	3	TTATCTTGATATCAATGGTTCTCC	1
253	252	3	TATCTTGATATCAATGGTTCTCCT	1
254	253	3	ATCTTGATATCAATGGTTCTCCTA	1
255	254	3	TCTTGATATCAATGGTTCTCCTAT	1
256	255	3	CTTGATATCAATGGTTCTCCTATC	1
257	256	3	TTGATATCAATGGTTCTCCTATCA	1
258	257	3	TGATATCAATGGTTCTCCTATCAA	1
259	258	2	GATATCAATGGTTCTCCTATCAAT	1
260	259	2	ATATCAATGGTTCTCCTATCAATC	1
261	260	2	TATCAATGGTTCTCCTATCAATCC	1
262	261	2	ATCAATGGTTCTCCTATCAATCCT	1
263	262	2	TCAATGGTTCTCCTATCAATCCTT	1
264	263	2	CAATGGTTCTCCTATCAATCCTTA	1
265	264	2	AATGGTTCTCCTATCAATCCTTAT	1
266	265	2	ATGGTTCTCCTATCAATCCTTATG	1
267	266	1	TGGTTCTCCTATCAATCCTTATGC	1
268	267	1	GGTTCTCCTATCAATCCTTATGCC	1
269	268	1	GTTCTCCTATCAATCCTTATGCCC	1
270	269	1	TTCTCCTATCAATCCTTATGCCCG	1
271	270	1	TCTCCTATCAATCCTTATGCCCGA	1
