Component 643
1	-1	0	ATTTACAAGTGGAGAGGATTTAAT	1
2	1	2	TTTACAAGTGGAGAGGATTTAATT	1
3	2	2	TTACAAGTGGAGAGGATTTAATTT	1
4	3	2	TACAAGTGGAGAGGATTTAATTTG	1
5	4	3	ACAAGTGGAGAGGATTTAATTTGT	1
6	5	3	CAAGTGGAGAGGATTTAATTTGTG	1
7	6	3	AAGTGGAGAGGATTTAATTTGTGG	1
8	7	3	AGTGGAGAGGATTTAATTTGTGGT	1
9	8	3	GTGGAGAGGATTTAATTTGTGGTT	1
10	9	3	TGGAGAGGATTTAATTTGTGGTTA	1
11	10	3	GGAGAGGATTTAATTTGTGGTTAC	1
12	11	3	GAGAGGATTTAATTTGTGGTTACA	1
13	12	3	AGAGGATTTAATTTGTGGTTACAA	1
14	13	3	GAGGATTTAATTTGTGGTTACAAG	1
15	14	3	AGGATTTAATTTGTGGTTACAAGG	1
16	15	3	GGATTTAATTTGTGGTTACAAGGA	1
17	16	3	GATTTAATTTGTGGTTACAAGGAT	1
18	17	3	ATTTAATTTGTGGTTACAAGGATG	1
19	18	3	TTTAATTTGTGGTTACAAGGATGA	1
20	19	3	TTAATTTGTGGTTACAAGGATGAA	1
21	20	4	TAATTTGTGGTTACAAGGATGAAA	1
22	21	4	AATTTGTGGTTACAAGGATGAAAG	1
23	22	4	ATTTGTGGTTACAAGGATGAAAGT	1
24	23	4	TTTGTGGTTACAAGGATGAAAGTG	1
25	24	4	TTGTGGTTACAAGGATGAAAGTGG	1
26	25	4	TGTGGTTACAAGGATGAAAGTGGG	1
27	26	4	GTGGTTACAAGGATGAAAGTGGGT	1
28	27	4	TGGTTACAAGGATGAAAGTGGGTT	1
29	28	4	GGTTACAAGGATGAAAGTGGGTTG	1
30	29	4	GTTACAAGGATGAAAGTGGGTTGC	1
31	30	4	TTACAAGGATGAAAGTGGGTTGCA	1
32	31	4	TACAAGGATGAAAGTGGGTTGCAT	1
33	32	4	ACAAGGATGAAAGTGGGTTGCATA	1
34	33	4	CAAGGATGAAAGTGGGTTGCATAG	1
35	34	4	AAGGATGAAAGTGGGTTGCATAGG	1
36	35	4	AGGATGAAAGTGGGTTGCATAGGC	1
37	36	4	GGATGAAAGTGGGTTGCATAGGCT	1
38	37	4	GATGAAAGTGGGTTGCATAGGCTA	1
39	38	4	ATGAAAGTGGGTTGCATAGGCTAT	1
40	39	4	TGAAAGTGGGTTGCATAGGCTATT	1
41	40	4	GAAAGTGGGTTGCATAGGCTATTT	1
42	41	4	AAAGTGGGTTGCATAGGCTATTTG	1
43	42	4	AAGTGGGTTGCATAGGCTATTTGT	1
44	43	4	AGTGGGTTGCATAGGCTATTTGTC	1
45	44	4	GTGGGTTGCATAGGCTATTTGTCA	1
46	45	2	TGGGTTGCATAGGCTATTTGTCAA	1
47	46	2	GGGTTGCATAGGCTATTTGTCAAG	1
48	47	2	GGTTGCATAGGCTATTTGTCAAGG	1
49	48	1	GTTGCATAGGCTATTTGTCAAGGG	1
50	49	1	TTGCATAGGCTATTTGTCAAGGGA	1
51	50	1	TGCATAGGCTATTTGTCAAGGGAA	1
52	51	1	GCATAGGCTATTTGTCAAGGGAAA	1
53	52	1	CATAGGCTATTTGTCAAGGGAAAA	1
54	53	1	ATAGGCTATTTGTCAAGGGAAAAA	1
55	54	1	TAGGCTATTTGTCAAGGGAAAAAA	1
56	55	1	AGGCTATTTGTCAAGGGAAAAAAG	1
57	56	1	GGCTATTTGTCAAGGGAAAAAAGG	1
58	57	1	GCTATTTGTCAAGGGAAAAAAGGA	1
59	58	1	CTATTTGTCAAGGGAAAAAAGGAC	1
60	59	1	TATTTGTCAAGGGAAAAAAGGACC	1
61	60	1	ATTTGTCAAGGGAAAAAAGGACCT	1
62	61	1	TTTGTCAAGGGAAAAAAGGACCTC	1
63	62	1	TTGTCAAGGGAAAAAAGGACCTCG	1
64	-1	0	TATGGTTTTTTGTGCCTCATCTCC	1
65	64	1	ATGGTTTTTTGTGCCTCATCTCCA	1
66	65	1	TGGTTTTTTGTGCCTCATCTCCAG	1
67	66	1	GGTTTTTTGTGCCTCATCTCCAGA	1
68	67	1	GTTTTTTGTGCCTCATCTCCAGAC	1
69	68	1	TTTTTTGTGCCTCATCTCCAGACA	1
70	69	1	TTTTTGTGCCTCATCTCCAGACAA	1
71	70	1	TTTTGTGCCTCATCTCCAGACAAA	1
72	71	1	TTTGTGCCTCATCTCCAGACAAAT	1
73	72	1	TTGTGCCTCATCTCCAGACAAATC	1
74	73	1	TGTGCCTCATCTCCAGACAAATCT	1
75	74	1	GTGCCTCATCTCCAGACAAATCTG	1
76	75	1	TGCCTCATCTCCAGACAAATCTGT	1
77	76	1	GCCTCATCTCCAGACAAATCTGTT	1
78	77	1	CCTCATCTCCAGACAAATCTGTTG	1
79	78	1	CTCATCTCCAGACAAATCTGTTGT	1
80	79	2	TCATCTCCAGACAAATCTGTTGTT	1
81	80	2	CATCTCCAGACAAATCTGTTGTTG	1
82	81	2	ATCTCCAGACAAATCTGTTGTTGA	1
83	82	2	TCTCCAGACAAATCTGTTGTTGAG	1
84	83	2	CTCCAGACAAATCTGTTGTTGAGT	1
85	84	3	TCCAGACAAATCTGTTGTTGAGTT	1
86	85	3	CCAGACAAATCTGTTGTTGAGTTT	1
87	86	3	CAGACAAATCTGTTGTTGAGTTTG	1
88	87	3	AGACAAATCTGTTGTTGAGTTTGT	1
89	88	3	GACAAATCTGTTGTTGAGTTTGTT	1
90	89	3	ACAAATCTGTTGTTGAGTTTGTTT	1
91	90	4	CAAATCTGTTGTTGAGTTTGTTTT	1
92	91	4	AAATCTGTTGTTGAGTTTGTTTTG	1
93	92	4	AATCTGTTGTTGAGTTTGTTTTGC	1
94	93	4	ATCTGTTGTTGAGTTTGTTTTGCC	1
95	94	4	TCTGTTGTTGAGTTTGTTTTGCCT	1
96	95	4	CTGTTGTTGAGTTTGTTTTGCCTC	1
97	96	4	TGTTGTTGAGTTTGTTTTGCCTCC	1
98	97	4	GTTGTTGAGTTTGTTTTGCCTCCA	1
99	98	4	TTGTTGAGTTTGTTTTGCCTCCAG	1
100	99	4	TGTTGAGTTTGTTTTGCCTCCAGA	1
101	100	4	GTTGAGTTTGTTTTGCCTCCAGAA	1
102	101	4	TTGAGTTTGTTTTGCCTCCAGAAA	1
103	102	4	TGAGTTTGTTTTGCCTCCAGAAAA	1
104	103	4	GAGTTTGTTTTGCCTCCAGAAAAC	1
105	104	4	AGTTTGTTTTGCCTCCAGAAAACG	1
106	105	4	GTTTGTTTTGCCTCCAGAAAACGC	1
107	106	3	TTTGTTTTGCCTCCAGAAAACGCT	1
108	107	3	TTGTTTTGCCTCCAGAAAACGCTG	1
109	108	3	TGTTTTGCCTCCAGAAAACGCTGA	1
110	109	3	GTTTTGCCTCCAGAAAACGCTGAA	1
111	110	3	TTTTGCCTCCAGAAAACGCTGAAA	1
112	111	3	TTTGCCTCCAGAAAACGCTGAAAT	1
113	112	3	TTGCCTCCAGAAAACGCTGAAATA	1
114	113	3	TGCCTCCAGAAAACGCTGAAATAG	1
115	114	3	GCCTCCAGAAAACGCTGAAATAGG	1
116	115	3	CCTCCAGAAAACGCTGAAATAGGT	1
117	116	3	CTCCAGAAAACGCTGAAATAGGTG	1
118	117	3	TCCAGAAAACGCTGAAATAGGTGA	1
119	118	3	CCAGAAAACGCTGAAATAGGTGAT	1
120	119	3	CAGAAAACGCTGAAATAGGTGATC	1
121	120	3	AGAAAACGCTGAAATAGGTGATCG	1
122	121	3	GAAAACGCTGAAATAGGTGATCGA	1
123	122	3	AAAACGCTGAAATAGGTGATCGAC	1
124	123	2	AAACGCTGAAATAGGTGATCGACT	1
125	124	2	AACGCTGAAATAGGTGATCGACTT	1
126	125	2	ACGCTGAAATAGGTGATCGACTTA	1
127	126	2	CGCTGAAATAGGTGATCGACTTAC	1
128	127	2	GCTGAAATAGGTGATCGACTTACT	1
129	128	1	CTGAAATAGGTGATCGACTTACTT	1
130	129	1	TGAAATAGGTGATCGACTTACTTT	1
131	130	1	GAAATAGGTGATCGACTTACTTTC	1
132	131	1	AAATAGGTGATCGACTTACTTTCG	1
133	132	1	AATAGGTGATCGACTTACTTTCGA	1
134	133	1	ATAGGTGATCGACTTACTTTCGAG	1
135	-1	0	GAACTGTTTGCAGTGGTTTAGTTA	1
136	135	1	AACTGTTTGCAGTGGTTTAGTTAA	1
137	136	1	ACTGTTTGCAGTGGTTTAGTTAAG	1
138	137	1	CTGTTTGCAGTGGTTTAGTTAAGT	1
139	138	1	TGTTTGCAGTGGTTTAGTTAAGTA	1
140	139	1	GTTTGCAGTGGTTTAGTTAAGTAC	1
141	140	1	TTTGCAGTGGTTTAGTTAAGTACA	1
142	141	1	TTGCAGTGGTTTAGTTAAGTACAT	1
143	142	1	TGCAGTGGTTTAGTTAAGTACATT	1
144	143	1	GCAGTGGTTTAGTTAAGTACATTC	1
145	144	1	CAGTGGTTTAGTTAAGTACATTCC	1
146	145	1	AGTGGTTTAGTTAAGTACATTCCA	1
147	146	1	GTGGTTTAGTTAAGTACATTCCAT	1
148	147	1	TGGTTTAGTTAAGTACATTCCATT	1
149	148	1	GGTTTAGTTAAGTACATTCCATTG	1
150	149	2	GTTTAGTTAAGTACATTCCATTGG	1
151	150	2	TTTAGTTAAGTACATTCCATTGGA	1
152	151	2	TTAGTTAAGTACATTCCATTGGAA	1
153	152	2	TAGTTAAGTACATTCCATTGGAAC	1
154	153	2	AGTTAAGTACATTCCATTGGAACA	1
155	154	2	GTTAAGTACATTCCATTGGAACAA	1
156	155	3	TTAAGTACATTCCATTGGAACAAA	1
157	156	3	TAAGTACATTCCATTGGAACAAAT	1
158	157	3	AAGTACATTCCATTGGAACAAATG	1
159	158	3	AGTACATTCCATTGGAACAAATGC	1
160	159	3	GTACATTCCATTGGAACAAATGCA	1
161	160	3	TACATTCCATTGGAACAAATGCAG	1
162	161	3	ACATTCCATTGGAACAAATGCAGC	1
163	162	3	CATTCCATTGGAACAAATGCAGCA	1
164	163	3	ATTCCATTGGAACAAATGCAGCAA	1
165	164	3	TTCCATTGGAACAAATGCAGCAAC	1
166	165	3	TCCATTGGAACAAATGCAGCAACG	1
167	166	3	CCATTGGAACAAATGCAGCAACGC	1
168	167	3	CATTGGAACAAATGCAGCAACGCA	1
169	168	3	ATTGGAACAAATGCAGCAACGCAA	1
170	169	3	TTGGAACAAATGCAGCAACGCAAA	1
171	170	3	TGGAACAAATGCAGCAACGCAAAG	1
172	171	3	GGAACAAATGCAGCAACGCAAAGT	1
173	172	3	GAACAAATGCAGCAACGCAAAGTT	1
174	173	3	AACAAATGCAGCAACGCAAAGTTA	1
175	174	3	ACAAATGCAGCAACGCAAAGTTAT	1
176	175	3	CAAATGCAGCAACGCAAAGTTATT	1
177	176	3	AAATGCAGCAACGCAAAGTTATTG	1
178	177	3	AATGCAGCAACGCAAAGTTATTGT	1
179	178	3	ATGCAGCAACGCAAAGTTATTGTT	1
180	179	2	TGCAGCAACGCAAAGTTATTGTTG	1
181	180	2	GCAGCAACGCAAAGTTATTGTTGT	1
182	181	2	CAGCAACGCAAAGTTATTGTTGTC	1
183	182	2	AGCAACGCAAAGTTATTGTTGTCG	1
184	183	2	GCAACGCAAAGTTATTGTTGTCGC	1
185	184	2	CAACGCAAAGTTATTGTTGTCGCT	1
186	185	2	AACGCAAAGTTATTGTTGTCGCTA	1
187	186	2	ACGCAAAGTTATTGTTGTCGCTAA	1
188	187	2	CGCAAAGTTATTGTTGTCGCTAAT	1
189	188	2	GCAAAGTTATTGTTGTCGCTAATT	1
190	189	2	CAAAGTTATTGTTGTCGCTAATTT	1
191	190	3	AAAGTTATTGTTGTCGCTAATTTA	1
192	191	2	AAGTTATTGTTGTCGCTAATTTAA	1
193	192	2	AGTTATTGTTGTCGCTAATTTAAA	1
194	193	2	GTTATTGTTGTCGCTAATTTAAAG	1
195	194	2	TTATTGTTGTCGCTAATTTAAAGC	1
196	195	2	TATTGTTGTCGCTAATTTAAAGCC	1
197	196	2	ATTGTTGTCGCTAATTTAAAGCCC	1
198	197	2	TTGTTGTCGCTAATTTAAAGCCCG	1
199	198	2	TGTTGTCGCTAATTTAAAGCCCGT	1
200	199	1	GTTGTCGCTAATTTAAAGCCCGTC	1
201	200	1	TTGTCGCTAATTTAAAGCCCGTCA	1
202	201	1	TGTCGCTAATTTAAAGCCCGTCAA	1
203	202	1	GTCGCTAATTTAAAGCCCGTCAAC	1
204	203	1	TCGCTAATTTAAAGCCCGTCAACA	1
205	204	1	CGCTAATTTAAAGCCCGTCAACAT	1
206	205	1	GCTAATTTAAAGCCCGTCAACATG	1
207	206	1	CTAATTTAAAGCCCGTCAACATGC	1
208	207	1	TAATTTAAAGCCCGTCAACATGCG	1
209	208	1	AATTTAAAGCCCGTCAACATGCGT	1
210	209	1	ATTTAAAGCCCGTCAACATGCGTA	1
211	210	1	TTTAAAGCCCGTCAACATGCGTAG	1
212	211	1	TTAAAGCCCGTCAACATGCGTAGT	1
213	212	1	TAAAGCCCGTCAACATGCGTAGTG	1
214	213	1	AAAGCCCGTCAACATGCGTAGTGT	1
215	214	1	AAGCCCGTCAACATGCGTAGTGTA	1
216	215	1	AGCCCGTCAACATGCGTAGTGTAA	1
217	216	1	GCCCGTCAACATGCGTAGTGTAAA	1
218	217	1	CCCGTCAACATGCGTAGTGTAAAG	1
219	218	1	CCGTCAACATGCGTAGTGTAAAGT	1
220	219	1	CGTCAACATGCGTAGTGTAAAGTC	1
221	220	1	GTCAACATGCGTAGTGTAAAGTCT	1
222	221	1	TCAACATGCGTAGTGTAAAGTCTC	1
223	222	1	CAACATGCGTAGTGTAAAGTCTCA	1
224	223	2	AACATGCGTAGTGTAAAGTCTCAA	1
225	224	2	ACATGCGTAGTGTAAAGTCTCAAG	1
226	225	2	CATGCGTAGTGTAAAGTCTCAAGC	1
227	226	2	ATGCGTAGTGTAAAGTCTCAAGCT	1
228	227	2	TGCGTAGTGTAAAGTCTCAAGCTA	1
229	228	2	GCGTAGTGTAAAGTCTCAAGCTAT	1
230	229	2	CGTAGTGTAAAGTCTCAAGCTATG	1
231	230	2	GTAGTGTAAAGTCTCAAGCTATGG	1
232	231	2	TAGTGTAAAGTCTCAAGCTATGGT	1
233	232	2	AGTGTAAAGTCTCAAGCTATGGTT	1
234	233	2	GTGTAAAGTCTCAAGCTATGGTTT	1
235	234	1	TGTAAAGTCTCAAGCTATGGTTTT	1
236	235	1	GTAAAGTCTCAAGCTATGGTTTTT	1
237	236	1	TAAAGTCTCAAGCTATGGTTTTTT	1
238	237	1	AAAGTCTCAAGCTATGGTTTTTTG	1
239	238	1	AAGTCTCAAGCTATGGTTTTTTGT	1
240	239	1	AGTCTCAAGCTATGGTTTTTTGTG	1
241	240	1	GTCTCAAGCTATGGTTTTTTGTGC	1
242	241	1	TCTCAAGCTATGGTTTTTTGTGCC	1
243	242	1	CTCAAGCTATGGTTTTTTGTGCCT	1
244	243	1	TCAAGCTATGGTTTTTTGTGCCTC	1
245	244	1	CAAGCTATGGTTTTTTGTGCCTCA	1
246	245	1	AAGCTATGGTTTTTTGTGCCTCAT	1
247	246	1	AGCTATGGTTTTTTGTGCCTCATC	1
248	247	1	GCTATGGTTTTTTGTGCCTCATCT	1
249	248	1	CTATGGTTTTTTGTGCCTCATCTC	1
250	-1	0	GCCTTCTCAGGAAGCCTCAGTTAA	1
251	250	1	CCTTCTCAGGAAGCCTCAGTTAAA	1
252	251	1	CTTCTCAGGAAGCCTCAGTTAAAT	1
253	252	1	TTCTCAGGAAGCCTCAGTTAAATC	1
254	253	1	TCTCAGGAAGCCTCAGTTAAATCC	1
255	254	1	CTCAGGAAGCCTCAGTTAAATCCG	1
256	255	1	TCAGGAAGCCTCAGTTAAATCCGT	1
257	256	1	CAGGAAGCCTCAGTTAAATCCGTC	1
258	257	2	AGGAAGCCTCAGTTAAATCCGTCG	1
259	258	2	GGAAGCCTCAGTTAAATCCGTCGA	1
260	259	2	GAAGCCTCAGTTAAATCCGTCGAG	1
261	260	2	AAGCCTCAGTTAAATCCGTCGAGA	1
262	261	2	AGCCTCAGTTAAATCCGTCGAGAA	1
263	262	2	GCCTCAGTTAAATCCGTCGAGAAG	1
264	263	2	CCTCAGTTAAATCCGTCGAGAAGG	1
265	264	2	CTCAGTTAAATCCGTCGAGAAGGC	1
266	265	2	TCAGTTAAATCCGTCGAGAAGGCT	1
267	266	2	CAGTTAAATCCGTCGAGAAGGCTC	1
268	267	2	AGTTAAATCCGTCGAGAAGGCTCC	1
269	268	2	GTTAAATCCGTCGAGAAGGCTCCT	1
270	269	2	TTAAATCCGTCGAGAAGGCTCCTA	1
271	270	2	TAAATCCGTCGAGAAGGCTCCTAA	1
272	271	2	AAATCCGTCGAGAAGGCTCCTAAA	1
273	272	3	AATCCGTCGAGAAGGCTCCTAAAG	1
274	273	4	ATCCGTCGAGAAGGCTCCTAAAGG	1
275	274	4	TCCGTCGAGAAGGCTCCTAAAGGT	1
276	275	4	CCGTCGAGAAGGCTCCTAAAGGTT	1
277	276	4	CGTCGAGAAGGCTCCTAAAGGTTT	1
278	277	4	GTCGAGAAGGCTCCTAAAGGTTTA	1
279	278	4	TCGAGAAGGCTCCTAAAGGTTTAG	1
280	279	4	CGAGAAGGCTCCTAAAGGTTTAGA	1
281	280	4	GAGAAGGCTCCTAAAGGTTTAGAA	1
282	281	4	AGAAGGCTCCTAAAGGTTTAGAAG	1
283	282	4	GAAGGCTCCTAAAGGTTTAGAAGG	1
284	283	4	AAGGCTCCTAAAGGTTTAGAAGGT	1
285	284	4	AGGCTCCTAAAGGTTTAGAAGGTG	1
286	285	4	GGCTCCTAAAGGTTTAGAAGGTGC	1
287	286	4	GCTCCTAAAGGTTTAGAAGGTGCT	1
288	287	4	CTCCTAAAGGTTTAGAAGGTGCTA	1
289	288	4	TCCTAAAGGTTTAGAAGGTGCTAA	1
290	289	4	CCTAAAGGTTTAGAAGGTGCTAAA	1
291	290	4	CTAAAGGTTTAGAAGGTGCTAAAA	1
292	291	4	TAAAGGTTTAGAAGGTGCTAAAAA	1
293	292	4	AAAGGTTTAGAAGGTGCTAAAAAG	1
294	293	4	AAGGTTTAGAAGGTGCTAAAAAGG	1
295	294	3	AGGTTTAGAAGGTGCTAAAAAGGA	1
296	295	3	GGTTTAGAAGGTGCTAAAAAGGAG	1
297	296	3	GTTTAGAAGGTGCTAAAAAGGAGA	1
298	297	3	TTTAGAAGGTGCTAAAAAGGAGAA	1
299	298	3	TTAGAAGGTGCTAAAAAGGAGAAG	1
300	299	3	TAGAAGGTGCTAAAAAGGAGAAGC	1
301	300	3	AGAAGGTGCTAAAAAGGAGAAGCA	1
302	301	2	GAAGGTGCTAAAAAGGAGAAGCAA	1
303	302	2	AAGGTGCTAAAAAGGAGAAGCAAA	1
304	303	2	AGGTGCTAAAAAGGAGAAGCAAAA	1
305	304	2	GGTGCTAAAAAGGAGAAGCAAAAT	1
306	305	2	GTGCTAAAAAGGAGAAGCAAAATA	1
307	306	2	TGCTAAAAAGGAGAAGCAAAATAA	1
308	307	2	GCTAAAAAGGAGAAGCAAAATAAG	1
309	308	2	CTAAAAAGGAGAAGCAAAATAAGA	1
310	309	2	TAAAAAGGAGAAGCAAAATAAGAA	1
311	310	2	AAAAAGGAGAAGCAAAATAAGAAG	1
312	311	2	AAAAGGAGAAGCAAAATAAGAAGG	1
313	312	2	AAAGGAGAAGCAAAATAAGAAGGA	1
314	313	2	AAGGAGAAGCAAAATAAGAAGGAA	1
315	314	2	AGGAGAAGCAAAATAAGAAGGAAA	1
316	315	3	GGAGAAGCAAAATAAGAAGGAAAA	1
317	316	2	GAGAAGCAAAATAAGAAGGAAAAG	1
318	317	1	AGAAGCAAAATAAGAAGGAAAAGA	1
319	318	1	GAAGCAAAATAAGAAGGAAAAGAA	1
320	319	1	AAGCAAAATAAGAAGGAAAAGAAA	1
321	320	1	AGCAAAATAAGAAGGAAAAGAAAG	1
322	321	1	GCAAAATAAGAAGGAAAAGAAAGA	1
323	322	2	CAAAATAAGAAGGAAAAGAAAGAC	1
324	323	2	AAAATAAGAAGGAAAAGAAAGACA	1
325	324	2	AAATAAGAAGGAAAAGAAAGACAA	1
326	325	2	AATAAGAAGGAAAAGAAAGACAAA	1
327	326	2	ATAAGAAGGAAAAGAAAGACAAAA	1
328	327	2	TAAGAAGGAAAAGAAAGACAAAAA	1
329	328	2	AAGAAGGAAAAGAAAGACAAAAAA	1
330	329	1	AGAAGGAAAAGAAAGACAAAAAAG	1
331	330	1	GAAGGAAAAGAAAGACAAAAAAGA	1
332	331	1	AAGGAAAAGAAAGACAAAAAAGAT	1
333	332	1	AGGAAAAGAAAGACAAAAAAGATA	1
334	333	1	GGAAAAGAAAGACAAAAAAGATAA	1
335	334	1	GAAAAGAAAGACAAAAAAGATAAA	1
336	335	1	AAAAGAAAGACAAAAAAGATAAAA	1
337	336	1	AAAGAAAGACAAAAAAGATAAAAA	1
338	337	1	AAGAAAGACAAAAAAGATAAAAAA	1
339	338	1	AGAAAGACAAAAAAGATAAAAAAG	1
340	339	1	GAAAGACAAAAAAGATAAAAAAGA	1
341	340	1	AAAGACAAAAAAGATAAAAAAGAT	1
342	341	1	AAGACAAAAAAGATAAAAAAGATA	1
343	342	2	AGACAAAAAAGATAAAAAAGATAA	1
344	343	2	GACAAAAAAGATAAAAAAGATAAA	1
345	344	2	ACAAAAAAGATAAAAAAGATAAAA	1
346	345	1	CAAAAAAGATAAAAAAGATAAAAA	1
347	346	2	AAAAAAGATAAAAAAGATAAAAAG	1
348	347	4	AAAAAGATAAAAAAGATAAAAAGG	1
349	348	4	AAAAGATAAAAAAGATAAAAAGGA	1
350	349	4	AAAGATAAAAAAGATAAAAAGGAG	1
351	350	4	AAGATAAAAAAGATAAAAAGGAGA	1
352	351	4	AGATAAAAAAGATAAAAAGGAGAA	1
353	352	4	GATAAAAAAGATAAAAAGGAGAAG	1
354	353	4	ATAAAAAAGATAAAAAGGAGAAGG	1
355	354	4	TAAAAAAGATAAAAAGGAGAAGGC	1
356	355	4	AAAAAAGATAAAAAGGAGAAGGCT	1
357	356	4	AAAAAGATAAAAAGGAGAAGGCTC	1
358	357	4	AAAAGATAAAAAGGAGAAGGCTCC	1
359	358	3	AAAGATAAAAAGGAGAAGGCTCCC	1
360	359	3	AAGATAAAAAGGAGAAGGCTCCCA	1
361	360	3	AGATAAAAAGGAGAAGGCTCCCAA	1
362	361	3	GATAAAAAGGAGAAGGCTCCCAAG	1
363	362	3	ATAAAAAGGAGAAGGCTCCCAAGG	1
364	363	3	TAAAAAGGAGAAGGCTCCCAAGGA	1
365	364	3	AAAAAGGAGAAGGCTCCCAAGGAA	1
366	365	3	AAAAGGAGAAGGCTCCCAAGGAAC	1
367	366	3	AAAGGAGAAGGCTCCCAAGGAACC	1
368	367	3	AAGGAGAAGGCTCCCAAGGAACCT	1
369	368	3	AGGAGAAGGCTCCCAAGGAACCTC	1
370	369	3	GGAGAAGGCTCCCAAGGAACCTCC	1
371	370	3	GAGAAGGCTCCCAAGGAACCTCCT	1
372	371	3	AGAAGGCTCCCAAGGAACCTCCTA	1
373	372	3	GAAGGCTCCCAAGGAACCTCCTAA	1
374	373	3	AAGGCTCCCAAGGAACCTCCTAAA	1
375	374	3	AGGCTCCCAAGGAACCTCCTAAAG	1
376	375	3	GGCTCCCAAGGAACCTCCTAAAGC	1
377	376	3	GCTCCCAAGGAACCTCCTAAAGCT	1
378	377	3	CTCCCAAGGAACCTCCTAAAGCTG	1
379	378	3	TCCCAAGGAACCTCCTAAAGCTGC	1
380	379	3	CCCAAGGAACCTCCTAAAGCTGCT	1
381	380	3	CCAAGGAACCTCCTAAAGCTGCTA	1
382	381	3	CAAGGAACCTCCTAAAGCTGCTAC	1
383	382	3	AAGGAACCTCCTAAAGCTGCTACT	1
384	383	3	AGGAACCTCCTAAAGCTGCTACTC	1
385	384	4	GGAACCTCCTAAAGCTGCTACTCC	1
386	385	4	GAACCTCCTAAAGCTGCTACTCCT	1
387	386	3	AACCTCCTAAAGCTGCTACTCCTG	1
388	387	3	ACCTCCTAAAGCTGCTACTCCTGT	1
389	388	4	CCTCCTAAAGCTGCTACTCCTGTC	1
390	389	4	CTCCTAAAGCTGCTACTCCTGTCC	1
391	390	3	TCCTAAAGCTGCTACTCCTGTCCC	1
392	391	2	CCTAAAGCTGCTACTCCTGTCCCT	1
393	392	2	CTAAAGCTGCTACTCCTGTCCCTT	1
394	393	2	TAAAGCTGCTACTCCTGTCCCTTC	1
395	394	2	AAAGCTGCTACTCCTGTCCCTTCC	1
396	395	2	AAGCTGCTACTCCTGTCCCTTCCA	1
397	396	2	AGCTGCTACTCCTGTCCCTTCCAT	1
398	397	2	GCTGCTACTCCTGTCCCTTCCATG	1
399	398	2	CTGCTACTCCTGTCCCTTCCATGA	1
400	399	2	TGCTACTCCTGTCCCTTCCATGAT	1
401	400	2	GCTACTCCTGTCCCTTCCATGATT	1
402	401	2	CTACTCCTGTCCCTTCCATGATTG	1
403	402	2	TACTCCTGTCCCTTCCATGATTGA	1
404	403	2	ACTCCTGTCCCTTCCATGATTGAT	1
405	404	2	CTCCTGTCCCTTCCATGATTGATT	1
406	405	2	TCCTGTCCCTTCCATGATTGATTT	1
407	406	2	CCTGTCCCTTCCATGATTGATTTC	1
408	407	2	CTGTCCCTTCCATGATTGATTTCC	1
409	408	2	TGTCCCTTCCATGATTGATTTCCG	1
410	409	2	GTCCCTTCCATGATTGATTTCCGC	1
411	410	2	TCCCTTCCATGATTGATTTCCGCA	1
412	411	2	CCCTTCCATGATTGATTTCCGCAT	1
413	412	2	CCTTCCATGATTGATTTCCGCATT	1
414	413	2	CTTCCATGATTGATTTCCGCATTG	1
415	414	2	TTCCATGATTGATTTCCGCATTGG	1
416	415	2	TCCATGATTGATTTCCGCATTGGC	1
417	416	2	CCATGATTGATTTCCGCATTGGCT	1
418	417	2	CATGATTGATTTCCGCATTGGCTT	1
419	418	2	ATGATTGATTTCCGCATTGGCTTT	1
420	419	2	TGATTGATTTCCGCATTGGCTTTA	1
421	420	2	GATTGATTTCCGCATTGGCTTTAT	1
422	421	2	ATTGATTTCCGCATTGGCTTTATT	1
423	422	2	TTGATTTCCGCATTGGCTTTATTG	1
424	423	2	TGATTTCCGCATTGGCTTTATTGA	1
425	424	2	GATTTCCGCATTGGCTTTATTGAG	1
426	425	2	ATTTCCGCATTGGCTTTATTGAGA	1
427	426	2	TTTCCGCATTGGCTTTATTGAGAA	1
428	427	2	TTCCGCATTGGCTTTATTGAGAAG	1
429	428	1	TCCGCATTGGCTTTATTGAGAAGG	1
430	429	1	CCGCATTGGCTTTATTGAGAAGGC	1
431	430	2	CGCATTGGCTTTATTGAGAAGGCA	1
432	431	2	GCATTGGCTTTATTGAGAAGGCAG	1
433	432	1	CATTGGCTTTATTGAGAAGGCAGT	1
434	433	1	ATTGGCTTTATTGAGAAGGCAGTC	1
435	434	1	TTGGCTTTATTGAGAAGGCAGTCA	1
436	435	1	TGGCTTTATTGAGAAGGCAGTCAA	1
437	436	1	GGCTTTATTGAGAAGGCAGTCAAA	1
438	437	1	GCTTTATTGAGAAGGCAGTCAAAC	1
439	438	1	CTTTATTGAGAAGGCAGTCAAACA	1
440	439	1	TTTATTGAGAAGGCAGTCAAACAT	1
441	440	1	TTATTGAGAAGGCAGTCAAACATC	1
442	441	1	TATTGAGAAGGCAGTCAAACATCC	1
443	442	1	ATTGAGAAGGCAGTCAAACATCCC	1
444	443	1	TTGAGAAGGCAGTCAAACATCCCA	1
445	444	1	TGAGAAGGCAGTCAAACATCCCAA	1
446	445	1	GAGAAGGCAGTCAAACATCCCAAT	1
447	446	1	AGAAGGCAGTCAAACATCCCAATG	1
448	447	1	GAAGGCAGTCAAACATCCCAATGC	1
449	448	1	AAGGCAGTCAAACATCCCAATGCT	1
450	449	1	AGGCAGTCAAACATCCCAATGCTG	1
451	450	1	GGCAGTCAAACATCCCAATGCTGA	1
452	451	1	GCAGTCAAACATCCCAATGCTGAC	1
453	452	1	CAGTCAAACATCCCAATGCTGACA	1
454	453	1	AGTCAAACATCCCAATGCTGACAG	1
455	454	2	GTCAAACATCCCAATGCTGACAGT	1
456	455	2	TCAAACATCCCAATGCTGACAGTT	1
457	456	2	CAAACATCCCAATGCTGACAGTTT	1
458	457	2	AAACATCCCAATGCTGACAGTTTG	1
459	458	2	AACATCCCAATGCTGACAGTTTGT	1
460	459	2	ACATCCCAATGCTGACAGTTTGTA	1
461	460	2	CATCCCAATGCTGACAGTTTGTAC	1
462	461	2	ATCCCAATGCTGACAGTTTGTACG	1
463	462	2	TCCCAATGCTGACAGTTTGTACGT	1
464	463	2	CCCAATGCTGACAGTTTGTACGTT	1
465	464	2	CCAATGCTGACAGTTTGTACGTTT	1
466	465	2	CAATGCTGACAGTTTGTACGTTTC	1
467	466	3	AATGCTGACAGTTTGTACGTTTCT	1
468	467	3	ATGCTGACAGTTTGTACGTTTCTA	1
469	468	3	TGCTGACAGTTTGTACGTTTCTAC	1
470	469	3	GCTGACAGTTTGTACGTTTCTACC	1
471	470	3	CTGACAGTTTGTACGTTTCTACCA	1
472	471	3	TGACAGTTTGTACGTTTCTACCAT	1
473	472	3	GACAGTTTGTACGTTTCTACCATA	1
474	473	3	ACAGTTTGTACGTTTCTACCATAC	1
475	474	2	CAGTTTGTACGTTTCTACCATACA	1
476	475	2	AGTTTGTACGTTTCTACCATACAT	1
477	476	2	GTTTGTACGTTTCTACCATACATT	1
478	477	2	TTTGTACGTTTCTACCATACATTG	1
479	478	2	TTGTACGTTTCTACCATACATTGT	1
480	479	2	TGTACGTTTCTACCATACATTGTG	1
481	480	2	GTACGTTTCTACCATACATTGTGG	1
482	481	2	TACGTTTCTACCATACATTGTGGT	1
483	482	2	ACGTTTCTACCATACATTGTGGTG	1
484	483	2	CGTTTCTACCATACATTGTGGTGA	1
485	484	2	GTTTCTACCATACATTGTGGTGAT	1
486	485	2	TTTCTACCATACATTGTGGTGATG	1
487	486	2	TTCTACCATACATTGTGGTGATGC	1
488	487	2	TCTACCATACATTGTGGTGATGCT	1
489	488	2	CTACCATACATTGTGGTGATGCTG	1
490	489	2	TACCATACATTGTGGTGATGCTGA	1
491	490	2	ACCATACATTGTGGTGATGCTGAG	1
492	491	2	CCATACATTGTGGTGATGCTGAGG	1
493	492	2	CATACATTGTGGTGATGCTGAGGG	1
494	493	2	ATACATTGTGGTGATGCTGAGGGA	1
495	494	2	TACATTGTGGTGATGCTGAGGGAC	1
496	495	2	ACATTGTGGTGATGCTGAGGGACC	1
497	496	2	CATTGTGGTGATGCTGAGGGACCA	1
498	497	2	ATTGTGGTGATGCTGAGGGACCAA	1
499	498	1	TTGTGGTGATGCTGAGGGACCAAG	1
500	499	1	TGTGGTGATGCTGAGGGACCAAGA	1
501	500	1	GTGGTGATGCTGAGGGACCAAGAA	1
502	501	1	TGGTGATGCTGAGGGACCAAGAAC	1
503	502	1	GGTGATGCTGAGGGACCAAGAACT	1
504	503	1	GTGATGCTGAGGGACCAAGAACTG	1
505	504	1	TGATGCTGAGGGACCAAGAACTGT	1
506	505	1	GATGCTGAGGGACCAAGAACTGTT	1
507	506	1	ATGCTGAGGGACCAAGAACTGTTT	1
508	507	1	TGCTGAGGGACCAAGAACTGTTTG	1
509	508	1	GCTGAGGGACCAAGAACTGTTTGC	1
510	509	1	CTGAGGGACCAAGAACTGTTTGCA	1
511	-1	0	TTACATATGTGGATTATCTGCGAA	1
512	511	1	TACATATGTGGATTATCTGCGAAG	1
513	512	1	ACATATGTGGATTATCTGCGAAGG	1
514	513	1	CATATGTGGATTATCTGCGAAGGA	1
515	514	1	ATATGTGGATTATCTGCGAAGGAG	1
516	515	1	TATGTGGATTATCTGCGAAGGAGG	1
517	516	1	ATGTGGATTATCTGCGAAGGAGGG	1
518	517	1	TGTGGATTATCTGCGAAGGAGGGA	1
519	518	1	GTGGATTATCTGCGAAGGAGGGAT	1
520	519	1	TGGATTATCTGCGAAGGAGGGATA	1
521	520	1	GGATTATCTGCGAAGGAGGGATAC	1
522	521	1	GATTATCTGCGAAGGAGGGATACA	1
523	522	1	ATTATCTGCGAAGGAGGGATACAA	1
524	523	1	TTATCTGCGAAGGAGGGATACAAG	1
525	524	1	TATCTGCGAAGGAGGGATACAAGC	1
526	525	1	ATCTGCGAAGGAGGGATACAAGCT	1
527	526	1	TCTGCGAAGGAGGGATACAAGCTT	1
528	527	1	CTGCGAAGGAGGGATACAAGCTTA	1
529	528	1	TGCGAAGGAGGGATACAAGCTTAA	1
530	529	1	GCGAAGGAGGGATACAAGCTTAAC	1
531	530	2	CGAAGGAGGGATACAAGCTTAACA	1
532	531	2	GAAGGAGGGATACAAGCTTAACAA	1
533	532	3	AAGGAGGGATACAAGCTTAACAAT	1
534	533	3	AGGAGGGATACAAGCTTAACAATG	1
535	534	4	GGAGGGATACAAGCTTAACAATGT	1
536	535	4	GAGGGATACAAGCTTAACAATGTT	1
537	536	4	AGGGATACAAGCTTAACAATGTTT	1
538	537	4	GGGATACAAGCTTAACAATGTTTG	1
539	538	4	GGATACAAGCTTAACAATGTTTGT	1
540	539	4	GATACAAGCTTAACAATGTTTGTA	1
541	540	4	ATACAAGCTTAACAATGTTTGTAG	1
542	541	4	TACAAGCTTAACAATGTTTGTAGA	1
543	542	4	ACAAGCTTAACAATGTTTGTAGAT	1
544	543	4	CAAGCTTAACAATGTTTGTAGATG	1
545	544	4	AAGCTTAACAATGTTTGTAGATGG	1
546	545	4	AGCTTAACAATGTTTGTAGATGGT	1
547	546	4	GCTTAACAATGTTTGTAGATGGTT	1
548	547	4	CTTAACAATGTTTGTAGATGGTTT	1
549	548	5	TTAACAATGTTTGTAGATGGTTTG	1
550	549	5	TAACAATGTTTGTAGATGGTTTGA	1
551	550	5	AACAATGTTTGTAGATGGTTTGAT	1
552	551	5	ACAATGTTTGTAGATGGTTTGATT	1
553	552	5	CAATGTTTGTAGATGGTTTGATTT	1
554	553	5	AATGTTTGTAGATGGTTTGATTTT	1
555	554	5	ATGTTTGTAGATGGTTTGATTTTA	1
556	555	4	TGTTTGTAGATGGTTTGATTTTAT	1
557	556	4	GTTTGTAGATGGTTTGATTTTATT	1
558	557	4	TTTGTAGATGGTTTGATTTTATTC	1
559	558	4	TTGTAGATGGTTTGATTTTATTCA	1
560	559	4	TGTAGATGGTTTGATTTTATTCAA	1
561	560	4	GTAGATGGTTTGATTTTATTCAAC	1
562	561	4	TAGATGGTTTGATTTTATTCAACA	1
563	562	4	AGATGGTTTGATTTTATTCAACAT	1
564	563	4	GATGGTTTGATTTTATTCAACATC	1
565	564	4	ATGGTTTGATTTTATTCAACATCA	1
566	565	4	TGGTTTGATTTTATTCAACATCAG	1
567	566	4	GGTTTGATTTTATTCAACATCAGG	1
568	567	4	GTTTGATTTTATTCAACATCAGGA	1
569	568	4	TTTGATTTTATTCAACATCAGGAA	1
570	569	5	TTGATTTTATTCAACATCAGGAAA	1
571	570	5	TGATTTTATTCAACATCAGGAAAG	1
572	571	5	GATTTTATTCAACATCAGGAAAGT	1
573	572	5	ATTTTATTCAACATCAGGAAAGTG	1
574	573	5	TTTTATTCAACATCAGGAAAGTGT	1
575	574	4	TTTATTCAACATCAGGAAAGTGTT	1
576	575	4	TTATTCAACATCAGGAAAGTGTTA	1
577	576	3	TATTCAACATCAGGAAAGTGTTAT	1
578	577	3	ATTCAACATCAGGAAAGTGTTATG	1
579	578	2	TTCAACATCAGGAAAGTGTTATGG	1
580	579	2	TCAACATCAGGAAAGTGTTATGGA	1
581	580	2	CAACATCAGGAAAGTGTTATGGAA	1
582	581	2	AACATCAGGAAAGTGTTATGGAAG	1
583	582	3	ACATCAGGAAAGTGTTATGGAAGC	1
584	583	3	CATCAGGAAAGTGTTATGGAAGCT	1
585	584	3	ATCAGGAAAGTGTTATGGAAGCTG	1
586	585	3	TCAGGAAAGTGTTATGGAAGCTGC	1
587	586	3	CAGGAAAGTGTTATGGAAGCTGCT	1
588	587	3	AGGAAAGTGTTATGGAAGCTGCTA	1
589	588	3	GGAAAGTGTTATGGAAGCTGCTAA	1
590	589	3	GAAAGTGTTATGGAAGCTGCTAAT	1
591	590	3	AAAGTGTTATGGAAGCTGCTAATA	1
592	591	3	AAGTGTTATGGAAGCTGCTAATAG	1
593	592	2	AGTGTTATGGAAGCTGCTAATAGT	1
594	593	2	GTGTTATGGAAGCTGCTAATAGTA	1
595	594	2	TGTTATGGAAGCTGCTAATAGTAT	1
596	595	2	GTTATGGAAGCTGCTAATAGTATG	1
597	596	2	TTATGGAAGCTGCTAATAGTATGT	1
598	597	2	TATGGAAGCTGCTAATAGTATGTC	1
599	598	2	ATGGAAGCTGCTAATAGTATGTCG	1
600	599	2	TGGAAGCTGCTAATAGTATGTCGA	1
601	600	2	GGAAGCTGCTAATAGTATGTCGAT	1
602	601	3	GAAGCTGCTAATAGTATGTCGATG	1
603	602	3	AAGCTGCTAATAGTATGTCGATGA	1
604	603	3	AGCTGCTAATAGTATGTCGATGAA	1
605	604	3	GCTGCTAATAGTATGTCGATGAAG	1
606	605	3	CTGCTAATAGTATGTCGATGAAGT	1
607	606	3	TGCTAATAGTATGTCGATGAAGTT	1
608	607	3	GCTAATAGTATGTCGATGAAGTTG	1
609	608	3	CTAATAGTATGTCGATGAAGTTGG	1
610	609	3	TAATAGTATGTCGATGAAGTTGGC	1
611	610	3	AATAGTATGTCGATGAAGTTGGCA	1
612	611	3	ATAGTATGTCGATGAAGTTGGCAA	1
613	612	3	TAGTATGTCGATGAAGTTGGCAAA	1
614	613	2	AGTATGTCGATGAAGTTGGCAAAC	1
615	614	2	GTATGTCGATGAAGTTGGCAAACA	1
616	615	2	TATGTCGATGAAGTTGGCAAACAT	1
617	616	2	ATGTCGATGAAGTTGGCAAACATC	1
618	617	2	TGTCGATGAAGTTGGCAAACATCG	1
619	618	2	GTCGATGAAGTTGGCAAACATCGA	1
620	619	2	TCGATGAAGTTGGCAAACATCGAT	1
621	620	2	CGATGAAGTTGGCAAACATCGATT	1
622	621	2	GATGAAGTTGGCAAACATCGATTT	1
623	622	2	ATGAAGTTGGCAAACATCGATTTG	1
624	623	2	TGAAGTTGGCAAACATCGATTTGA	1
625	624	2	GAAGTTGGCAAACATCGATTTGAA	1
626	625	2	AAGTTGGCAAACATCGATTTGAAT	1
627	626	1	AGTTGGCAAACATCGATTTGAATG	1
628	627	1	GTTGGCAAACATCGATTTGAATGC	1
629	628	1	TTGGCAAACATCGATTTGAATGCT	1
630	629	1	TGGCAAACATCGATTTGAATGCTC	1
631	630	1	GGCAAACATCGATTTGAATGCTCC	1
632	631	1	GCAAACATCGATTTGAATGCTCCT	1
633	632	1	CAAACATCGATTTGAATGCTCCTA	1
634	633	1	AAACATCGATTTGAATGCTCCTAA	1
635	634	1	AACATCGATTTGAATGCTCCTAAG	1
636	635	1	ACATCGATTTGAATGCTCCTAAGA	1
637	636	1	CATCGATTTGAATGCTCCTAAGAT	1
638	637	1	ATCGATTTGAATGCTCCTAAGATT	1
639	638	1	TCGATTTGAATGCTCCTAAGATTC	1
640	639	1	CGATTTGAATGCTCCTAAGATTCA	1
641	640	1	GATTTGAATGCTCCTAAGATTCAA	1
642	641	1	ATTTGAATGCTCCTAAGATTCAAC	1
643	642	1	TTTGAATGCTCCTAAGATTCAACG	1
644	643	1	TTGAATGCTCCTAAGATTCAACGT	1
645	644	1	TGAATGCTCCTAAGATTCAACGTC	1
