Component 648
1	-1	0	CTTTTTCGTTTTTTTTTAAATCCA	1
2	1	1	TTTTTCGTTTTTTTTTAAATCCAT	1
3	2	1	TTTTCGTTTTTTTTTAAATCCATC	1
4	3	1	TTTCGTTTTTTTTTAAATCCATCA	1
5	4	1	TTCGTTTTTTTTTAAATCCATCAA	1
6	5	1	TCGTTTTTTTTTAAATCCATCAAA	1
7	6	1	CGTTTTTTTTTAAATCCATCAAAT	1
8	7	2	GTTTTTTTTTAAATCCATCAAATG	1
9	8	2	TTTTTTTTTAAATCCATCAAATGC	1
10	9	2	TTTTTTTTAAATCCATCAAATGCT	1
11	10	2	TTTTTTTAAATCCATCAAATGCTT	1
12	11	2	TTTTTTAAATCCATCAAATGCTTT	1
13	12	2	TTTTTAAATCCATCAAATGCTTTC	1
14	13	2	TTTTAAATCCATCAAATGCTTTCC	1
15	14	3	TTTAAATCCATCAAATGCTTTCCC	1
16	15	3	TTAAATCCATCAAATGCTTTCCCG	1
17	16	2	TAAATCCATCAAATGCTTTCCCGC	1
18	17	2	AAATCCATCAAATGCTTTCCCGCC	1
19	18	3	AATCCATCAAATGCTTTCCCGCCT	1
20	19	4	ATCCATCAAATGCTTTCCCGCCTC	1
21	20	4	TCCATCAAATGCTTTCCCGCCTCT	1
22	21	4	CCATCAAATGCTTTCCCGCCTCTT	1
23	22	4	CATCAAATGCTTTCCCGCCTCTTC	1
24	23	4	ATCAAATGCTTTCCCGCCTCTTCT	1
25	24	4	TCAAATGCTTTCCCGCCTCTTCTT	1
26	25	4	CAAATGCTTTCCCGCCTCTTCTTT	1
27	26	4	AAATGCTTTCCCGCCTCTTCTTTA	1
28	27	4	AATGCTTTCCCGCCTCTTCTTTAC	1
29	28	4	ATGCTTTCCCGCCTCTTCTTTACT	1
30	29	4	TGCTTTCCCGCCTCTTCTTTACTA	1
31	30	5	GCTTTCCCGCCTCTTCTTTACTAG	1
32	31	5	CTTTCCCGCCTCTTCTTTACTAGG	1
33	32	5	TTTCCCGCCTCTTCTTTACTAGGT	1
34	33	6	TTCCCGCCTCTTCTTTACTAGGTA	1
35	34	6	TCCCGCCTCTTCTTTACTAGGTAT	1
36	35	6	CCCGCCTCTTCTTTACTAGGTATT	1
37	36	8	CCGCCTCTTCTTTACTAGGTATTT	1
38	37	8	CGCCTCTTCTTTACTAGGTATTTT	1
39	38	8	GCCTCTTCTTTACTAGGTATTTTT	1
40	39	8	CCTCTTCTTTACTAGGTATTTTTT	1
41	40	8	CTCTTCTTTACTAGGTATTTTTTT	1
42	41	9	TCTTCTTTACTAGGTATTTTTTTT	1
43	42	9	CTTCTTTACTAGGTATTTTTTTTA	1
44	43	9	TTCTTTACTAGGTATTTTTTTTAT	1
45	44	9	TCTTTACTAGGTATTTTTTTTATT	1
46	45	8	CTTTACTAGGTATTTTTTTTATTG	1
47	46	8	TTTACTAGGTATTTTTTTTATTGT	1
48	47	8	TTACTAGGTATTTTTTTTATTGTT	1
49	48	8	TACTAGGTATTTTTTTTATTGTTT	1
50	49	8	ACTAGGTATTTTTTTTATTGTTTT	1
51	50	8	CTAGGTATTTTTTTTATTGTTTTC	1
52	51	7	TAGGTATTTTTTTTATTGTTTTCT	1
53	52	7	AGGTATTTTTTTTATTGTTTTCTC	1
54	53	7	GGTATTTTTTTTATTGTTTTCTCA	1
55	54	5	GTATTTTTTTTATTGTTTTCTCAC	1
56	55	4	TATTTTTTTTATTGTTTTCTCACC	1
57	56	4	ATTTTTTTTATTGTTTTCTCACCC	1
58	57	3	TTTTTTTTATTGTTTTCTCACCCT	1
59	58	3	TTTTTTTATTGTTTTCTCACCCTG	1
60	59	3	TTTTTTATTGTTTTCTCACCCTGT	1
61	60	3	TTTTTATTGTTTTCTCACCCTGTT	1
62	61	3	TTTTATTGTTTTCTCACCCTGTTT	1
63	62	3	TTTATTGTTTTCTCACCCTGTTTA	1
64	63	3	TTATTGTTTTCTCACCCTGTTTAA	1
65	64	3	TATTGTTTTCTCACCCTGTTTAAT	1
66	65	3	ATTGTTTTCTCACCCTGTTTAATT	1
67	66	3	TTGTTTTCTCACCCTGTTTAATTT	1
68	67	3	TGTTTTCTCACCCTGTTTAATTTT	1
69	68	3	GTTTTCTCACCCTGTTTAATTTTT	1
70	69	3	TTTTCTCACCCTGTTTAATTTTTT	1
71	70	3	TTTCTCACCCTGTTTAATTTTTTT	1
72	71	3	TTCTCACCCTGTTTAATTTTTTTT	1
73	72	3	TCTCACCCTGTTTAATTTTTTTTG	1
74	73	3	CTCACCCTGTTTAATTTTTTTTGG	1
75	74	2	TCACCCTGTTTAATTTTTTTTGGG	1
76	75	2	CACCCTGTTTAATTTTTTTTGGGA	1
77	76	2	ACCCTGTTTAATTTTTTTTGGGAA	1
78	77	1	CCCTGTTTAATTTTTTTTGGGAAG	1
79	78	1	CCTGTTTAATTTTTTTTGGGAAGC	1
80	79	1	CTGTTTAATTTTTTTTGGGAAGCC	1
81	-1	0	TTCTATGGCTATTTTTGTAACGAT	1
82	81	1	TCTATGGCTATTTTTGTAACGATT	1
83	82	1	CTATGGCTATTTTTGTAACGATTT	1
84	83	2	TATGGCTATTTTTGTAACGATTTT	1
85	84	2	ATGGCTATTTTTGTAACGATTTTA	1
86	85	2	TGGCTATTTTTGTAACGATTTTAA	1
87	86	2	GGCTATTTTTGTAACGATTTTAAT	1
88	87	2	GCTATTTTTGTAACGATTTTAATT	1
89	88	2	CTATTTTTGTAACGATTTTAATTA	1
90	89	2	TATTTTTGTAACGATTTTAATTAT	1
91	90	2	ATTTTTGTAACGATTTTAATTATT	1
92	91	2	TTTTTGTAACGATTTTAATTATTG	1
93	92	2	TTTTGTAACGATTTTAATTATTGT	1
94	93	2	TTTGTAACGATTTTAATTATTGTG	1
95	94	2	TTGTAACGATTTTAATTATTGTGA	1
96	95	2	TGTAACGATTTTAATTATTGTGAT	1
97	96	2	GTAACGATTTTAATTATTGTGATG	1
98	97	2	TAACGATTTTAATTATTGTGATGC	1
99	98	3	AACGATTTTAATTATTGTGATGCT	1
100	99	3	ACGATTTTAATTATTGTGATGCTG	1
101	100	3	CGATTTTAATTATTGTGATGCTGA	1
102	101	3	GATTTTAATTATTGTGATGCTGAA	1
103	102	3	ATTTTAATTATTGTGATGCTGAAC	1
104	103	3	TTTTAATTATTGTGATGCTGAACG	1
105	104	3	TTTAATTATTGTGATGCTGAACGT	1
106	105	3	TTAATTATTGTGATGCTGAACGTT	1
107	106	3	TAATTATTGTGATGCTGAACGTTT	1
108	107	3	AATTATTGTGATGCTGAACGTTTA	1
109	108	3	ATTATTGTGATGCTGAACGTTTAT	1
110	109	3	TTATTGTGATGCTGAACGTTTATG	1
111	110	3	TATTGTGATGCTGAACGTTTATGA	1
112	111	3	ATTGTGATGCTGAACGTTTATGAT	1
113	112	3	TTGTGATGCTGAACGTTTATGATG	1
114	113	3	TGTGATGCTGAACGTTTATGATGA	1
115	114	3	GTGATGCTGAACGTTTATGATGAC	1
116	115	3	TGATGCTGAACGTTTATGATGACT	1
117	116	3	GATGCTGAACGTTTATGATGACTT	1
118	117	3	ATGCTGAACGTTTATGATGACTTG	1
119	118	3	TGCTGAACGTTTATGATGACTTGC	1
120	119	3	GCTGAACGTTTATGATGACTTGCG	1
121	120	3	CTGAACGTTTATGATGACTTGCGC	1
122	121	3	TGAACGTTTATGATGACTTGCGCG	1
123	122	3	GAACGTTTATGATGACTTGCGCGG	1
124	123	3	AACGTTTATGATGACTTGCGCGGG	1
125	124	2	ACGTTTATGATGACTTGCGCGGGT	1
126	125	2	CGTTTATGATGACTTGCGCGGGTT	1
127	126	2	GTTTATGATGACTTGCGCGGGTTA	1
128	127	1	TTTATGATGACTTGCGCGGGTTAT	1
129	128	1	TTATGATGACTTGCGCGGGTTATG	1
130	129	1	TATGATGACTTGCGCGGGTTATGA	1
131	130	1	ATGATGACTTGCGCGGGTTATGAC	1
132	131	1	TGATGACTTGCGCGGGTTATGACT	1
133	132	1	GATGACTTGCGCGGGTTATGACTT	1
134	133	1	ATGACTTGCGCGGGTTATGACTTA	1
135	134	1	TGACTTGCGCGGGTTATGACTTAA	1
136	135	1	GACTTGCGCGGGTTATGACTTAAA	1
137	136	1	ACTTGCGCGGGTTATGACTTAAAT	1
138	137	1	CTTGCGCGGGTTATGACTTAAATA	1
139	138	1	TTGCGCGGGTTATGACTTAAATAG	1
140	139	1	TGCGCGGGTTATGACTTAAATAGG	1
141	140	1	GCGCGGGTTATGACTTAAATAGGC	1
142	141	1	CGCGGGTTATGACTTAAATAGGCC	1
143	-1	0	TGACCCTGCCAGGATCCATTTGTG	1
144	143	1	GACCCTGCCAGGATCCATTTGTGG	1
145	144	1	ACCCTGCCAGGATCCATTTGTGGA	1
146	145	1	CCCTGCCAGGATCCATTTGTGGAG	1
147	146	2	CCTGCCAGGATCCATTTGTGGAGA	1
148	147	2	CTGCCAGGATCCATTTGTGGAGAC	1
149	148	2	TGCCAGGATCCATTTGTGGAGACA	1
150	149	2	GCCAGGATCCATTTGTGGAGACAG	1
151	150	2	CCAGGATCCATTTGTGGAGACAGT	1
152	151	2	CAGGATCCATTTGTGGAGACAGTT	1
153	152	2	AGGATCCATTTGTGGAGACAGTTT	1
154	153	2	GGATCCATTTGTGGAGACAGTTTT	1
155	154	2	GATCCATTTGTGGAGACAGTTTTG	1
156	155	2	ATCCATTTGTGGAGACAGTTTTGT	1
157	156	2	TCCATTTGTGGAGACAGTTTTGTA	1
158	157	2	CCATTTGTGGAGACAGTTTTGTAA	1
159	158	2	CATTTGTGGAGACAGTTTTGTAAC	1
160	159	2	ATTTGTGGAGACAGTTTTGTAACG	1
161	160	2	TTTGTGGAGACAGTTTTGTAACGT	1
162	161	2	TTGTGGAGACAGTTTTGTAACGTT	1
163	162	2	TGTGGAGACAGTTTTGTAACGTTG	1
164	163	3	GTGGAGACAGTTTTGTAACGTTGT	1
165	164	3	TGGAGACAGTTTTGTAACGTTGTA	1
166	165	3	GGAGACAGTTTTGTAACGTTGTAG	1
167	166	3	GAGACAGTTTTGTAACGTTGTAGG	1
168	167	3	AGACAGTTTTGTAACGTTGTAGGA	1
169	168	3	GACAGTTTTGTAACGTTGTAGGAT	1
170	169	3	ACAGTTTTGTAACGTTGTAGGATA	1
171	170	3	CAGTTTTGTAACGTTGTAGGATAC	1
172	171	3	AGTTTTGTAACGTTGTAGGATACG	1
173	172	3	GTTTTGTAACGTTGTAGGATACGA	1
174	173	3	TTTTGTAACGTTGTAGGATACGAT	1
175	174	3	TTTGTAACGTTGTAGGATACGATA	1
176	175	3	TTGTAACGTTGTAGGATACGATAT	1
177	176	3	TGTAACGTTGTAGGATACGATATG	1
178	177	3	GTAACGTTGTAGGATACGATATGC	1
179	178	3	TAACGTTGTAGGATACGATATGCC	1
180	179	3	AACGTTGTAGGATACGATATGCCT	1
181	180	3	ACGTTGTAGGATACGATATGCCTA	1
182	181	4	CGTTGTAGGATACGATATGCCTAC	1
183	182	4	GTTGTAGGATACGATATGCCTACT	1
184	183	4	TTGTAGGATACGATATGCCTACTC	1
185	184	4	TGTAGGATACGATATGCCTACTCC	1
186	185	4	GTAGGATACGATATGCCTACTCCT	1
187	186	4	TAGGATACGATATGCCTACTCCTG	1
188	187	3	AGGATACGATATGCCTACTCCTGG	1
189	188	3	GGATACGATATGCCTACTCCTGGA	1
190	189	3	GATACGATATGCCTACTCCTGGAG	1
191	190	2	ATACGATATGCCTACTCCTGGAGA	1
192	191	2	TACGATATGCCTACTCCTGGAGAA	1
193	192	2	ACGATATGCCTACTCCTGGAGAAC	1
194	193	2	CGATATGCCTACTCCTGGAGAACA	1
195	194	2	GATATGCCTACTCCTGGAGAACAA	1
196	195	2	ATATGCCTACTCCTGGAGAACAAA	1
197	196	2	TATGCCTACTCCTGGAGAACAAAA	1
198	197	2	ATGCCTACTCCTGGAGAACAAAAA	1
199	198	2	TGCCTACTCCTGGAGAACAAAAAG	1
200	199	2	GCCTACTCCTGGAGAACAAAAAGA	1
201	200	2	CCTACTCCTGGAGAACAAAAAGAA	1
202	201	2	CTACTCCTGGAGAACAAAAAGAAG	1
203	202	2	TACTCCTGGAGAACAAAAAGAAGC	1
204	203	2	ACTCCTGGAGAACAAAAAGAAGCC	1
205	204	2	CTCCTGGAGAACAAAAAGAAGCCC	1
206	205	2	TCCTGGAGAACAAAAAGAAGCCCC	1
207	206	1	CCTGGAGAACAAAAAGAAGCCCCT	1
208	207	1	CTGGAGAACAAAAAGAAGCCCCTC	1
209	208	1	TGGAGAACAAAAAGAAGCCCCTCC	1
210	209	1	GGAGAACAAAAAGAAGCCCCTCCT	1
211	210	1	GAGAACAAAAAGAAGCCCCTCCTT	1
212	211	1	AGAACAAAAAGAAGCCCCTCCTTC	1
213	212	1	GAACAAAAAGAAGCCCCTCCTTCG	1
214	213	1	AACAAAAAGAAGCCCCTCCTTCGC	1
215	214	1	ACAAAAAGAAGCCCCTCCTTCGCC	1
216	215	1	CAAAAAGAAGCCCCTCCTTCGCCG	1
217	216	1	AAAAAGAAGCCCCTCCTTCGCCGG	1
218	217	1	AAAAGAAGCCCCTCCTTCGCCGGC	1
219	218	1	AAAGAAGCCCCTCCTTCGCCGGCT	1
220	219	1	AAGAAGCCCCTCCTTCGCCGGCTC	1
221	220	1	AGAAGCCCCTCCTTCGCCGGCTCA	1
222	221	1	GAAGCCCCTCCTTCGCCGGCTCAA	1
223	222	1	AAGCCCCTCCTTCGCCGGCTCAAG	1
224	223	1	AGCCCCTCCTTCGCCGGCTCAAGA	1
225	224	1	GCCCCTCCTTCGCCGGCTCAAGAG	1
226	-1	0	CCCTCCTTCGCCGGCTCAAGAGGC	1
227	226	1	CCTCCTTCGCCGGCTCAAGAGGCA	1
228	227	1	CTCCTTCGCCGGCTCAAGAGGCAA	1
229	228	1	TCCTTCGCCGGCTCAAGAGGCAAT	1
230	229	1	CCTTCGCCGGCTCAAGAGGCAATT	1
231	230	1	CTTCGCCGGCTCAAGAGGCAATTC	1
232	231	1	TTCGCCGGCTCAAGAGGCAATTCC	1
233	232	1	TCGCCGGCTCAAGAGGCAATTCCA	1
234	233	1	CGCCGGCTCAAGAGGCAATTCCAG	1
235	234	1	GCCGGCTCAAGAGGCAATTCCAGA	1
236	235	1	CCGGCTCAAGAGGCAATTCCAGAG	1
237	236	1	CGGCTCAAGAGGCAATTCCAGAGT	1
238	237	1	GGCTCAAGAGGCAATTCCAGAGTC	1
239	238	1	GCTCAAGAGGCAATTCCAGAGTCG	1
240	239	1	CTCAAGAGGCAATTCCAGAGTCGC	1
241	240	1	TCAAGAGGCAATTCCAGAGTCGCC	1
242	241	1	CAAGAGGCAATTCCAGAGTCGCCT	1
243	242	1	AAGAGGCAATTCCAGAGTCGCCTG	1
244	243	1	AGAGGCAATTCCAGAGTCGCCTGT	1
245	244	1	GAGGCAATTCCAGAGTCGCCTGTT	1
246	245	1	AGGCAATTCCAGAGTCGCCTGTTG	1
247	246	1	GGCAATTCCAGAGTCGCCTGTTGA	1
248	247	1	GCAATTCCAGAGTCGCCTGTTGAA	1
249	248	1	CAATTCCAGAGTCGCCTGTTGAAG	1
250	249	2	AATTCCAGAGTCGCCTGTTGAAGA	1
251	250	2	ATTCCAGAGTCGCCTGTTGAAGAG	1
252	251	2	TTCCAGAGTCGCCTGTTGAAGAGG	1
253	252	3	TCCAGAGTCGCCTGTTGAAGAGGC	1
254	253	3	CCAGAGTCGCCTGTTGAAGAGGCT	1
255	254	3	CAGAGTCGCCTGTTGAAGAGGCTA	1
256	255	3	AGAGTCGCCTGTTGAAGAGGCTAT	1
257	256	3	GAGTCGCCTGTTGAAGAGGCTATT	1
258	257	3	AGTCGCCTGTTGAAGAGGCTATTG	1
259	258	3	GTCGCCTGTTGAAGAGGCTATTGC	1
260	259	3	TCGCCTGTTGAAGAGGCTATTGCA	1
261	260	3	CGCCTGTTGAAGAGGCTATTGCAA	1
262	261	3	GCCTGTTGAAGAGGCTATTGCAAG	1
263	262	3	CCTGTTGAAGAGGCTATTGCAAGT	1
264	263	3	CTGTTGAAGAGGCTATTGCAAGTG	1
265	264	3	TGTTGAAGAGGCTATTGCAAGTGA	1
266	265	3	GTTGAAGAGGCTATTGCAAGTGAT	1
267	266	3	TTGAAGAGGCTATTGCAAGTGATA	1
268	267	3	TGAAGAGGCTATTGCAAGTGATAG	1
269	268	3	GAAGAGGCTATTGCAAGTGATAGC	1
270	269	3	AAGAGGCTATTGCAAGTGATAGCG	1
271	270	2	AGAGGCTATTGCAAGTGATAGCGA	1
272	271	2	GAGGCTATTGCAAGTGATAGCGAT	1
273	272	2	AGGCTATTGCAAGTGATAGCGATG	1
274	273	2	GGCTATTGCAAGTGATAGCGATGA	1
275	274	2	GCTATTGCAAGTGATAGCGATGAA	1
276	275	2	CTATTGCAAGTGATAGCGATGAAG	1
277	276	2	TATTGCAAGTGATAGCGATGAAGA	1
278	277	2	ATTGCAAGTGATAGCGATGAAGAA	1
279	278	2	TTGCAAGTGATAGCGATGAAGAAG	1
280	279	2	TGCAAGTGATAGCGATGAAGAAGA	1
281	280	2	GCAAGTGATAGCGATGAAGAAGAA	1
282	281	2	CAAGTGATAGCGATGAAGAAGAAG	1
283	282	1	AAGTGATAGCGATGAAGAAGAAGA	1
284	283	1	AGTGATAGCGATGAAGAAGAAGAA	1
285	284	1	GTGATAGCGATGAAGAAGAAGAAG	1
286	285	1	TGATAGCGATGAAGAAGAAGAAGA	1
287	286	1	GATAGCGATGAAGAAGAAGAAGAA	1
288	287	1	ATAGCGATGAAGAAGAAGAAGAAG	1
289	288	1	TAGCGATGAAGAAGAAGAAGAAGA	1
290	289	1	AGCGATGAAGAAGAAGAAGAAGAA	1
291	290	1	GCGATGAAGAAGAAGAAGAAGAAA	1
292	291	1	CGATGAAGAAGAAGAAGAAGAAAT	1
293	292	2	GATGAAGAAGAAGAAGAAGAAATT	1
294	293	2	ATGAAGAAGAAGAAGAAGAAATTA	1
295	294	2	TGAAGAAGAAGAAGAAGAAATTAA	1
296	295	2	GAAGAAGAAGAAGAAGAAATTAAG	1
297	296	1	AAGAAGAAGAAGAAGAAATTAAGG	1
298	297	1	AGAAGAAGAAGAAGAAATTAAGGC	1
299	298	1	GAAGAAGAAGAAGAAATTAAGGCT	1
300	299	1	AAGAAGAAGAAGAAATTAAGGCTT	1
301	300	1	AGAAGAAGAAGAAATTAAGGCTTA	1
302	301	1	GAAGAAGAAGAAATTAAGGCTTAG	1
303	302	1	AAGAAGAAGAAATTAAGGCTTAGA	1
304	303	1	AGAAGAAGAAATTAAGGCTTAGAA	1
305	304	1	GAAGAAGAAATTAAGGCTTAGAAA	1
306	305	1	AAGAAGAAATTAAGGCTTAGAAAA	1
307	306	1	AGAAGAAATTAAGGCTTAGAAAAT	1
308	307	1	GAAGAAATTAAGGCTTAGAAAATT	1
309	308	1	AAGAAATTAAGGCTTAGAAAATTA	1
310	309	1	AGAAATTAAGGCTTAGAAAATTAT	1
311	310	1	GAAATTAAGGCTTAGAAAATTATA	1
312	311	1	AAATTAAGGCTTAGAAAATTATAG	1
313	312	1	AATTAAGGCTTAGAAAATTATAGC	1
314	313	1	ATTAAGGCTTAGAAAATTATAGCA	1
315	314	1	TTAAGGCTTAGAAAATTATAGCAG	1
316	315	1	TAAGGCTTAGAAAATTATAGCAGA	1
317	316	1	AAGGCTTAGAAAATTATAGCAGAC	1
318	317	1	AGGCTTAGAAAATTATAGCAGACT	1
319	318	1	GGCTTAGAAAATTATAGCAGACTT	1
320	319	1	GCTTAGAAAATTATAGCAGACTTT	1
321	320	1	CTTAGAAAATTATAGCAGACTTTT	1
322	321	1	TTAGAAAATTATAGCAGACTTTTT	1
323	322	1	TAGAAAATTATAGCAGACTTTTTT	1
324	323	1	AGAAAATTATAGCAGACTTTTTTC	1
325	324	1	GAAAATTATAGCAGACTTTTTTCG	1
326	325	1	AAAATTATAGCAGACTTTTTTCGT	1
327	326	1	AAATTATAGCAGACTTTTTTCGTT	1
328	327	1	AATTATAGCAGACTTTTTTCGTTT	1
329	328	1	ATTATAGCAGACTTTTTTCGTTTT	1
330	329	1	TTATAGCAGACTTTTTTCGTTTTT	1
331	330	1	TATAGCAGACTTTTTTCGTTTTTT	1
332	331	1	ATAGCAGACTTTTTTCGTTTTTTT	1
333	332	1	TAGCAGACTTTTTTCGTTTTTTTT	1
334	333	1	AGCAGACTTTTTTCGTTTTTTTTT	1
335	334	1	GCAGACTTTTTTCGTTTTTTTTTA	1
336	335	1	CAGACTTTTTTCGTTTTTTTTTAA	1
337	-1	0	AGTTTACACAATTGATGGAATTAT	1
338	337	1	GTTTACACAATTGATGGAATTATG	1
339	338	1	TTTACACAATTGATGGAATTATGG	1
340	339	1	TTACACAATTGATGGAATTATGGC	1
341	340	1	TACACAATTGATGGAATTATGGCT	1
342	341	1	ACACAATTGATGGAATTATGGCTT	1
343	342	1	CACAATTGATGGAATTATGGCTTG	1
344	343	1	ACAATTGATGGAATTATGGCTTGA	1
345	344	1	CAATTGATGGAATTATGGCTTGAA	1
346	345	1	AATTGATGGAATTATGGCTTGAAA	1
347	346	1	ATTGATGGAATTATGGCTTGAAAA	1
348	347	1	TTGATGGAATTATGGCTTGAAAAG	1
349	348	1	TGATGGAATTATGGCTTGAAAAGT	1
350	349	2	GATGGAATTATGGCTTGAAAAGTC	1
351	350	2	ATGGAATTATGGCTTGAAAAGTCT	1
352	351	2	TGGAATTATGGCTTGAAAAGTCTC	1
353	352	2	GGAATTATGGCTTGAAAAGTCTCG	1
354	353	2	GAATTATGGCTTGAAAAGTCTCGT	1
355	354	1	AATTATGGCTTGAAAAGTCTCGTG	1
356	355	1	ATTATGGCTTGAAAAGTCTCGTGC	1
357	356	1	TTATGGCTTGAAAAGTCTCGTGCG	1
358	357	1	TATGGCTTGAAAAGTCTCGTGCGG	1
359	358	1	ATGGCTTGAAAAGTCTCGTGCGGA	1
360	359	1	TGGCTTGAAAAGTCTCGTGCGGAG	1
361	360	1	GGCTTGAAAAGTCTCGTGCGGAGG	1
362	361	1	GCTTGAAAAGTCTCGTGCGGAGGT	1
363	362	1	CTTGAAAAGTCTCGTGCGGAGGTT	1
364	363	1	TTGAAAAGTCTCGTGCGGAGGTTC	1
365	364	1	TGAAAAGTCTCGTGCGGAGGTTCC	1
366	365	1	GAAAAGTCTCGTGCGGAGGTTCCA	1
367	366	1	AAAAGTCTCGTGCGGAGGTTCCAG	1
368	367	1	AAAGTCTCGTGCGGAGGTTCCAGA	1
369	368	1	AAGTCTCGTGCGGAGGTTCCAGAC	1
370	369	2	AGTCTCGTGCGGAGGTTCCAGACG	1
371	370	2	GTCTCGTGCGGAGGTTCCAGACGC	1
372	371	2	TCTCGTGCGGAGGTTCCAGACGCT	1
373	372	2	CTCGTGCGGAGGTTCCAGACGCTG	1
374	373	2	TCGTGCGGAGGTTCCAGACGCTGA	1
375	374	3	CGTGCGGAGGTTCCAGACGCTGAT	1
376	375	3	GTGCGGAGGTTCCAGACGCTGATT	1
377	376	3	TGCGGAGGTTCCAGACGCTGATTT	1
378	377	3	GCGGAGGTTCCAGACGCTGATTTT	1
379	378	3	CGGAGGTTCCAGACGCTGATTTTC	1
380	379	3	GGAGGTTCCAGACGCTGATTTTCT	1
381	380	3	GAGGTTCCAGACGCTGATTTTCTA	1
382	381	2	AGGTTCCAGACGCTGATTTTCTAA	1
383	382	2	GGTTCCAGACGCTGATTTTCTAAT	1
384	383	2	GTTCCAGACGCTGATTTTCTAATG	1
385	384	2	TTCCAGACGCTGATTTTCTAATGA	1
386	385	2	TCCAGACGCTGATTTTCTAATGAC	1
387	386	2	CCAGACGCTGATTTTCTAATGACT	1
388	387	2	CAGACGCTGATTTTCTAATGACTA	1
389	388	2	AGACGCTGATTTTCTAATGACTAC	1
390	389	2	GACGCTGATTTTCTAATGACTACC	1
391	390	2	ACGCTGATTTTCTAATGACTACCC	1
392	391	2	CGCTGATTTTCTAATGACTACCCG	1
393	392	2	GCTGATTTTCTAATGACTACCCGA	1
394	393	2	CTGATTTTCTAATGACTACCCGAA	1
395	394	2	TGATTTTCTAATGACTACCCGAAA	1
396	395	2	GATTTTCTAATGACTACCCGAAAT	1
397	396	2	ATTTTCTAATGACTACCCGAAATA	1
398	397	2	TTTTCTAATGACTACCCGAAATAT	1
399	398	2	TTTCTAATGACTACCCGAAATATT	1
400	399	2	TTCTAATGACTACCCGAAATATTA	1
401	400	2	TCTAATGACTACCCGAAATATTAT	1
402	401	2	CTAATGACTACCCGAAATATTATG	1
403	402	2	TAATGACTACCCGAAATATTATGT	1
404	403	2	AATGACTACCCGAAATATTATGTT	1
405	404	2	ATGACTACCCGAAATATTATGTTA	1
406	405	2	TGACTACCCGAAATATTATGTTAT	1
407	406	2	GACTACCCGAAATATTATGTTATC	1
408	407	2	ACTACCCGAAATATTATGTTATCC	1
409	408	2	CTACCCGAAATATTATGTTATCCT	1
410	409	2	TACCCGAAATATTATGTTATCCTT	1
411	410	2	ACCCGAAATATTATGTTATCCTTT	1
412	411	2	CCCGAAATATTATGTTATCCTTTC	1
413	412	2	CCGAAATATTATGTTATCCTTTCC	1
414	413	2	CGAAATATTATGTTATCCTTTCCC	1
415	414	3	GAAATATTATGTTATCCTTTCCCA	1
416	415	3	AAATATTATGTTATCCTTTCCCAG	1
417	416	3	AATATTATGTTATCCTTTCCCAGC	1
418	417	3	ATATTATGTTATCCTTTCCCAGCA	1
419	418	2	TATTATGTTATCCTTTCCCAGCAA	1
420	419	2	ATTATGTTATCCTTTCCCAGCAAT	1
421	420	2	TTATGTTATCCTTTCCCAGCAATG	1
422	421	2	TATGTTATCCTTTCCCAGCAATGA	1
423	422	2	ATGTTATCCTTTCCCAGCAATGAG	1
424	423	2	TGTTATCCTTTCCCAGCAATGAGG	1
425	424	2	GTTATCCTTTCCCAGCAATGAGGA	1
426	425	2	TTATCCTTTCCCAGCAATGAGGAA	1
427	426	2	TATCCTTTCCCAGCAATGAGGAAC	1
428	427	2	ATCCTTTCCCAGCAATGAGGAACA	1
429	428	2	TCCTTTCCCAGCAATGAGGAACAG	1
430	429	2	CCTTTCCCAGCAATGAGGAACAGG	1
431	430	3	CTTTCCCAGCAATGAGGAACAGGG	1
432	431	3	TTTCCCAGCAATGAGGAACAGGGT	1
433	432	3	TTCCCAGCAATGAGGAACAGGGTC	1
434	433	3	TCCCAGCAATGAGGAACAGGGTCA	1
435	434	3	CCCAGCAATGAGGAACAGGGTCAT	1
436	435	3	CCAGCAATGAGGAACAGGGTCATC	1
437	436	3	CAGCAATGAGGAACAGGGTCATCA	1
438	437	3	AGCAATGAGGAACAGGGTCATCAG	1
439	438	3	GCAATGAGGAACAGGGTCATCAGA	1
440	439	3	CAATGAGGAACAGGGTCATCAGAG	1
441	440	3	AATGAGGAACAGGGTCATCAGAGG	1
442	441	3	ATGAGGAACAGGGTCATCAGAGGT	1
443	442	3	TGAGGAACAGGGTCATCAGAGGTC	1
444	443	3	GAGGAACAGGGTCATCAGAGGTCG	1
445	444	3	AGGAACAGGGTCATCAGAGGTCGG	1
446	445	3	GGAACAGGGTCATCAGAGGTCGGC	1
447	446	4	GAACAGGGTCATCAGAGGTCGGCG	1
448	447	4	AACAGGGTCATCAGAGGTCGGCGT	1
449	448	4	ACAGGGTCATCAGAGGTCGGCGTC	1
450	449	4	CAGGGTCATCAGAGGTCGGCGTCA	1
451	450	4	AGGGTCATCAGAGGTCGGCGTCAC	1
452	451	4	GGGTCATCAGAGGTCGGCGTCACA	1
453	452	4	GGTCATCAGAGGTCGGCGTCACAT	1
454	453	4	GTCATCAGAGGTCGGCGTCACATG	1
455	454	4	TCATCAGAGGTCGGCGTCACATGG	1
456	455	4	CATCAGAGGTCGGCGTCACATGGC	1
457	456	4	ATCAGAGGTCGGCGTCACATGGCT	1
458	457	3	TCAGAGGTCGGCGTCACATGGCTC	1
459	458	2	CAGAGGTCGGCGTCACATGGCTCT	1
460	459	2	AGAGGTCGGCGTCACATGGCTCTA	1
461	460	2	GAGGTCGGCGTCACATGGCTCTAC	1
462	461	2	AGGTCGGCGTCACATGGCTCTACT	1
463	462	2	GGTCGGCGTCACATGGCTCTACTT	1
464	463	2	GTCGGCGTCACATGGCTCTACTTC	1
465	464	2	TCGGCGTCACATGGCTCTACTTCA	1
466	465	2	CGGCGTCACATGGCTCTACTTCAT	1
467	466	2	GGCGTCACATGGCTCTACTTCATC	1
468	467	2	GCGTCACATGGCTCTACTTCATCG	1
469	468	2	CGTCACATGGCTCTACTTCATCGG	1
470	469	3	GTCACATGGCTCTACTTCATCGGC	1
471	470	3	TCACATGGCTCTACTTCATCGGCA	1
472	471	3	CACATGGCTCTACTTCATCGGCAA	1
473	472	3	ACATGGCTCTACTTCATCGGCAAC	1
474	473	3	CATGGCTCTACTTCATCGGCAACA	1
475	474	3	ATGGCTCTACTTCATCGGCAACAT	1
476	475	3	TGGCTCTACTTCATCGGCAACATC	1
477	476	3	GGCTCTACTTCATCGGCAACATCT	1
478	477	3	GCTCTACTTCATCGGCAACATCTA	1
479	478	3	CTCTACTTCATCGGCAACATCTAC	1
480	479	3	TCTACTTCATCGGCAACATCTACT	1
481	480	3	CTACTTCATCGGCAACATCTACTC	1
482	481	3	TACTTCATCGGCAACATCTACTCC	1
483	482	3	ACTTCATCGGCAACATCTACTCCA	1
484	483	3	CTTCATCGGCAACATCTACTCCAA	1
485	484	3	TTCATCGGCAACATCTACTCCAAA	1
486	485	3	TCATCGGCAACATCTACTCCAAAA	1
487	486	3	CATCGGCAACATCTACTCCAAAAC	1
488	487	3	ATCGGCAACATCTACTCCAAAACG	1
489	488	3	TCGGCAACATCTACTCCAAAACGT	1
490	489	3	CGGCAACATCTACTCCAAAACGTC	1
491	490	2	GGCAACATCTACTCCAAAACGTCT	1
492	491	2	GCAACATCTACTCCAAAACGTCTG	1
493	492	2	CAACATCTACTCCAAAACGTCTGA	1
494	493	2	AACATCTACTCCAAAACGTCTGAG	1
495	494	2	ACATCTACTCCAAAACGTCTGAGT	1
496	495	2	CATCTACTCCAAAACGTCTGAGTA	1
497	496	2	ATCTACTCCAAAACGTCTGAGTAT	1
498	497	2	TCTACTCCAAAACGTCTGAGTATC	1
499	498	2	CTACTCCAAAACGTCTGAGTATCT	1
500	499	2	TACTCCAAAACGTCTGAGTATCTC	1
501	500	2	ACTCCAAAACGTCTGAGTATCTCT	1
502	501	2	CTCCAAAACGTCTGAGTATCTCTT	1
503	502	2	TCCAAAACGTCTGAGTATCTCTTC	1
504	503	2	CCAAAACGTCTGAGTATCTCTTCT	1
505	504	2	CAAAACGTCTGAGTATCTCTTCTA	1
506	505	2	AAAACGTCTGAGTATCTCTTCTAT	1
507	506	2	AAACGTCTGAGTATCTCTTCTATG	1
508	507	2	AACGTCTGAGTATCTCTTCTATGG	1
509	508	2	ACGTCTGAGTATCTCTTCTATGGA	1
510	509	2	CGTCTGAGTATCTCTTCTATGGAC	1
511	510	2	GTCTGAGTATCTCTTCTATGGACC	1
512	511	2	TCTGAGTATCTCTTCTATGGACCC	1
513	512	2	CTGAGTATCTCTTCTATGGACCCT	1
514	513	1	TGAGTATCTCTTCTATGGACCCTG	1
515	514	1	GAGTATCTCTTCTATGGACCCTGC	1
516	515	1	AGTATCTCTTCTATGGACCCTGCC	1
517	516	1	GTATCTCTTCTATGGACCCTGCCA	1
518	517	1	TATCTCTTCTATGGACCCTGCCAG	1
519	-1	0	ATTTTTTTTGGGAAGCCATCCTCT	1
520	519	1	TTTTTTTTGGGAAGCCATCCTCTC	1
521	520	1	TTTTTTTGGGAAGCCATCCTCTCT	1
522	521	1	TTTTTTGGGAAGCCATCCTCTCTA	1
523	522	1	TTTTTGGGAAGCCATCCTCTCTAG	1
524	523	1	TTTTGGGAAGCCATCCTCTCTAGA	1
525	524	1	TTTGGGAAGCCATCCTCTCTAGAG	1
526	525	1	TTGGGAAGCCATCCTCTCTAGAGT	1
527	526	1	TGGGAAGCCATCCTCTCTAGAGTA	1
528	527	1	GGGAAGCCATCCTCTCTAGAGTAC	1
529	528	1	GGAAGCCATCCTCTCTAGAGTACC	1
530	529	1	GAAGCCATCCTCTCTAGAGTACCT	1
531	530	1	AAGCCATCCTCTCTAGAGTACCTT	1
532	531	1	AGCCATCCTCTCTAGAGTACCTTC	1
533	532	1	GCCATCCTCTCTAGAGTACCTTCA	1
534	533	1	CCATCCTCTCTAGAGTACCTTCAT	1
535	534	1	CATCCTCTCTAGAGTACCTTCATA	1
536	535	1	ATCCTCTCTAGAGTACCTTCATAA	1
537	536	1	TCCTCTCTAGAGTACCTTCATAAT	1
538	537	1	CCTCTCTAGAGTACCTTCATAATT	1
539	538	1	CTCTCTAGAGTACCTTCATAATTG	1
540	539	1	TCTCTAGAGTACCTTCATAATTGA	1
541	540	1	CTCTAGAGTACCTTCATAATTGAT	1
542	541	1	TCTAGAGTACCTTCATAATTGATA	1
543	542	1	CTAGAGTACCTTCATAATTGATAT	1
544	543	1	TAGAGTACCTTCATAATTGATATT	1
545	544	1	AGAGTACCTTCATAATTGATATTT	1
546	545	1	GAGTACCTTCATAATTGATATTTT	1
547	546	2	AGTACCTTCATAATTGATATTTTC	1
548	547	2	GTACCTTCATAATTGATATTTTCA	1
549	548	2	TACCTTCATAATTGATATTTTCAG	1
550	549	2	ACCTTCATAATTGATATTTTCAGG	1
551	550	2	CCTTCATAATTGATATTTTCAGGC	1
552	551	2	CTTCATAATTGATATTTTCAGGCT	1
553	552	2	TTCATAATTGATATTTTCAGGCTC	1
554	553	2	TCATAATTGATATTTTCAGGCTCT	1
555	554	2	CATAATTGATATTTTCAGGCTCTC	1
556	555	3	ATAATTGATATTTTCAGGCTCTCA	1
557	556	3	TAATTGATATTTTCAGGCTCTCAC	1
558	557	3	AATTGATATTTTCAGGCTCTCACC	1
559	558	3	ATTGATATTTTCAGGCTCTCACCG	1
560	559	3	TTGATATTTTCAGGCTCTCACCGA	1
561	560	3	TGATATTTTCAGGCTCTCACCGAG	1
562	561	3	GATATTTTCAGGCTCTCACCGAGT	1
563	562	4	ATATTTTCAGGCTCTCACCGAGTT	1
564	563	3	TATTTTCAGGCTCTCACCGAGTTG	1
565	564	3	ATTTTCAGGCTCTCACCGAGTTGG	1
566	565	3	TTTTCAGGCTCTCACCGAGTTGGC	1
567	566	3	TTTCAGGCTCTCACCGAGTTGGCT	1
568	567	3	TTCAGGCTCTCACCGAGTTGGCTC	1
569	568	3	TCAGGCTCTCACCGAGTTGGCTCA	1
570	569	3	CAGGCTCTCACCGAGTTGGCTCAA	1
571	570	3	AGGCTCTCACCGAGTTGGCTCAAA	1
572	571	3	GGCTCTCACCGAGTTGGCTCAAAC	1
573	572	3	GCTCTCACCGAGTTGGCTCAAACT	1
574	573	3	CTCTCACCGAGTTGGCTCAAACTC	1
575	574	3	TCTCACCGAGTTGGCTCAAACTCG	1
576	575	3	CTCACCGAGTTGGCTCAAACTCGA	1
577	576	3	TCACCGAGTTGGCTCAAACTCGAA	1
578	577	3	CACCGAGTTGGCTCAAACTCGAAA	1
579	578	3	ACCGAGTTGGCTCAAACTCGAAAT	1
580	579	3	CCGAGTTGGCTCAAACTCGAAATG	1
581	580	3	CGAGTTGGCTCAAACTCGAAATGG	1
582	581	3	GAGTTGGCTCAAACTCGAAATGGA	1
583	582	3	AGTTGGCTCAAACTCGAAATGGAA	1
584	583	3	GTTGGCTCAAACTCGAAATGGAAA	1
585	584	3	TTGGCTCAAACTCGAAATGGAAAT	1
586	585	3	TGGCTCAAACTCGAAATGGAAATC	1
587	586	3	GGCTCAAACTCGAAATGGAAATCT	1
588	587	3	GCTCAAACTCGAAATGGAAATCTT	1
589	588	3	CTCAAACTCGAAATGGAAATCTTT	1
590	589	3	TCAAACTCGAAATGGAAATCTTTA	1
591	590	2	CAAACTCGAAATGGAAATCTTTAA	1
592	591	2	AAACTCGAAATGGAAATCTTTAAA	1
593	592	2	AACTCGAAATGGAAATCTTTAAAA	1
594	593	2	ACTCGAAATGGAAATCTTTAAAAT	1
595	594	2	CTCGAAATGGAAATCTTTAAAATC	1
596	595	2	TCGAAATGGAAATCTTTAAAATCA	1
597	596	2	CGAAATGGAAATCTTTAAAATCAA	1
598	597	2	GAAATGGAAATCTTTAAAATCAAT	1
599	598	2	AAATGGAAATCTTTAAAATCAATT	1
600	599	1	AATGGAAATCTTTAAAATCAATTG	1
601	600	1	ATGGAAATCTTTAAAATCAATTGA	1
602	601	1	TGGAAATCTTTAAAATCAATTGAG	1
603	602	1	GGAAATCTTTAAAATCAATTGAGG	1
604	603	2	GAAATCTTTAAAATCAATTGAGGG	1
605	604	2	AAATCTTTAAAATCAATTGAGGGA	1
606	605	2	AATCTTTAAAATCAATTGAGGGAA	1
607	606	1	ATCTTTAAAATCAATTGAGGGAAT	1
608	607	1	TCTTTAAAATCAATTGAGGGAATT	1
609	608	1	CTTTAAAATCAATTGAGGGAATTG	1
610	609	1	TTTAAAATCAATTGAGGGAATTGT	1
611	610	1	TTAAAATCAATTGAGGGAATTGTT	1
612	611	1	TAAAATCAATTGAGGGAATTGTTT	1
613	612	1	AAAATCAATTGAGGGAATTGTTTC	1
614	613	1	AAATCAATTGAGGGAATTGTTTCC	1
615	614	1	AATCAATTGAGGGAATTGTTTCCT	1
616	615	1	ATCAATTGAGGGAATTGTTTCCTA	1
617	616	1	TCAATTGAGGGAATTGTTTCCTAT	1
618	617	1	CAATTGAGGGAATTGTTTCCTATG	1
619	618	1	AATTGAGGGAATTGTTTCCTATGT	1
620	619	1	ATTGAGGGAATTGTTTCCTATGTT	1
621	620	1	TTGAGGGAATTGTTTCCTATGTTC	1
622	621	1	TGAGGGAATTGTTTCCTATGTTCT	1
623	622	1	GAGGGAATTGTTTCCTATGTTCTT	1
624	623	1	AGGGAATTGTTTCCTATGTTCTTC	1
625	624	1	GGGAATTGTTTCCTATGTTCTTCA	1
626	625	1	GGAATTGTTTCCTATGTTCTTCAA	1
627	626	1	GAATTGTTTCCTATGTTCTTCAAT	1
628	627	1	AATTGTTTCCTATGTTCTTCAATT	1
629	628	1	ATTGTTTCCTATGTTCTTCAATTG	1
630	629	1	TTGTTTCCTATGTTCTTCAATTGA	1
631	630	1	TGTTTCCTATGTTCTTCAATTGAC	1
632	631	1	GTTTCCTATGTTCTTCAATTGACA	1
633	632	1	TTTCCTATGTTCTTCAATTGACAG	1
634	633	1	TTCCTATGTTCTTCAATTGACAGG	1
635	634	1	TCCTATGTTCTTCAATTGACAGGA	1
636	635	1	CCTATGTTCTTCAATTGACAGGAA	1
637	636	1	CTATGTTCTTCAATTGACAGGAAA	1
638	637	3	TATGTTCTTCAATTGACAGGAAAA	1
639	638	3	ATGTTCTTCAATTGACAGGAAAAT	1
640	639	3	TGTTCTTCAATTGACAGGAAAATC	1
641	640	3	GTTCTTCAATTGACAGGAAAATCT	1
642	641	4	TTCTTCAATTGACAGGAAAATCTT	1
643	642	5	TCTTCAATTGACAGGAAAATCTTT	1
644	643	5	CTTCAATTGACAGGAAAATCTTTT	1
645	644	5	TTCAATTGACAGGAAAATCTTTTA	1
646	645	5	TCAATTGACAGGAAAATCTTTTAT	1
647	646	5	CAATTGACAGGAAAATCTTTTATG	1
648	647	4	AATTGACAGGAAAATCTTTTATGT	1
649	648	4	ATTGACAGGAAAATCTTTTATGTT	1
650	649	4	TTGACAGGAAAATCTTTTATGTTT	1
651	650	6	TGACAGGAAAATCTTTTATGTTTT	1
652	651	6	GACAGGAAAATCTTTTATGTTTTG	1
653	652	6	ACAGGAAAATCTTTTATGTTTTGT	1
654	653	5	CAGGAAAATCTTTTATGTTTTGTC	1
655	654	5	AGGAAAATCTTTTATGTTTTGTCC	1
656	655	5	GGAAAATCTTTTATGTTTTGTCCT	1
657	656	5	GAAAATCTTTTATGTTTTGTCCTT	1
658	657	5	AAAATCTTTTATGTTTTGTCCTTA	1
659	658	5	AAATCTTTTATGTTTTGTCCTTAT	1
660	659	5	AATCTTTTATGTTTTGTCCTTATG	1
661	660	5	ATCTTTTATGTTTTGTCCTTATGG	1
662	661	5	TCTTTTATGTTTTGTCCTTATGGT	1
663	662	5	CTTTTATGTTTTGTCCTTATGGTG	1
664	663	5	TTTTATGTTTTGTCCTTATGGTGA	1
665	664	5	TTTATGTTTTGTCCTTATGGTGAA	1
666	665	5	TTATGTTTTGTCCTTATGGTGAAA	1
667	666	5	TATGTTTTGTCCTTATGGTGAAAC	1
668	667	5	ATGTTTTGTCCTTATGGTGAAACT	1
669	668	5	TGTTTTGTCCTTATGGTGAAACTA	1
670	669	5	GTTTTGTCCTTATGGTGAAACTAC	1
671	670	5	TTTTGTCCTTATGGTGAAACTACA	1
672	671	5	TTTGTCCTTATGGTGAAACTACAC	1
673	672	5	TTGTCCTTATGGTGAAACTACACT	1
674	673	5	TGTCCTTATGGTGAAACTACACTT	1
675	674	5	GTCCTTATGGTGAAACTACACTTT	1
676	675	5	TCCTTATGGTGAAACTACACTTTC	1
677	676	5	CCTTATGGTGAAACTACACTTTCT	1
678	677	5	CTTATGGTGAAACTACACTTTCTT	1
679	678	6	TTATGGTGAAACTACACTTTCTTT	1
680	679	6	TATGGTGAAACTACACTTTCTTTT	1
681	680	6	ATGGTGAAACTACACTTTCTTTTG	1
682	681	4	TGGTGAAACTACACTTTCTTTTGT	1
683	682	4	GGTGAAACTACACTTTCTTTTGTC	1
684	683	4	GTGAAACTACACTTTCTTTTGTCC	1
685	684	4	TGAAACTACACTTTCTTTTGTCCC	1
686	685	3	GAAACTACACTTTCTTTTGTCCCG	1
687	686	2	AAACTACACTTTCTTTTGTCCCGA	1
688	687	2	AACTACACTTTCTTTTGTCCCGAC	1
689	688	2	ACTACACTTTCTTTTGTCCCGACA	1
690	689	2	CTACACTTTCTTTTGTCCCGACAA	1
691	690	2	TACACTTTCTTTTGTCCCGACAAC	1
692	691	2	ACACTTTCTTTTGTCCCGACAACC	1
693	692	2	CACTTTCTTTTGTCCCGACAACCC	1
694	693	2	ACTTTCTTTTGTCCCGACAACCCA	1
695	694	1	CTTTCTTTTGTCCCGACAACCCAA	1
696	695	1	TTTCTTTTGTCCCGACAACCCAAT	1
697	696	1	TTCTTTTGTCCCGACAACCCAATA	1
698	697	1	TCTTTTGTCCCGACAACCCAATAA	1
699	698	1	CTTTTGTCCCGACAACCCAATAAC	1
700	699	1	TTTTGTCCCGACAACCCAATAACG	1
701	700	2	TTTGTCCCGACAACCCAATAACGA	1
702	701	2	TTGTCCCGACAACCCAATAACGAT	1
703	702	2	TGTCCCGACAACCCAATAACGATT	1
704	703	2	GTCCCGACAACCCAATAACGATTC	1
705	704	2	TCCCGACAACCCAATAACGATTCG	1
706	705	2	CCCGACAACCCAATAACGATTCGG	1
707	706	2	CCGACAACCCAATAACGATTCGGC	1
708	707	2	CGACAACCCAATAACGATTCGGCT	1
709	708	2	GACAACCCAATAACGATTCGGCTT	1
710	709	2	ACAACCCAATAACGATTCGGCTTA	1
711	710	2	CAACCCAATAACGATTCGGCTTAT	1
712	711	2	AACCCAATAACGATTCGGCTTATT	1
713	712	2	ACCCAATAACGATTCGGCTTATTA	1
714	713	2	CCCAATAACGATTCGGCTTATTAC	1
715	714	2	CCAATAACGATTCGGCTTATTACT	1
716	715	2	CAATAACGATTCGGCTTATTACTT	1
717	716	2	AATAACGATTCGGCTTATTACTTA	1
718	717	2	ATAACGATTCGGCTTATTACTTAT	1
719	718	2	TAACGATTCGGCTTATTACTTATG	1
720	719	2	AACGATTCGGCTTATTACTTATGG	1
721	720	2	ACGATTCGGCTTATTACTTATGGA	1
722	721	2	CGATTCGGCTTATTACTTATGGAA	1
723	722	2	GATTCGGCTTATTACTTATGGAAG	1
724	723	2	ATTCGGCTTATTACTTATGGAAGA	1
725	724	2	TTCGGCTTATTACTTATGGAAGAG	1
726	725	2	TCGGCTTATTACTTATGGAAGAGA	1
727	726	2	CGGCTTATTACTTATGGAAGAGAA	1
728	727	2	GGCTTATTACTTATGGAAGAGAAT	1
729	728	2	GCTTATTACTTATGGAAGAGAATT	1
730	729	2	CTTATTACTTATGGAAGAGAATTC	1
731	730	2	TTATTACTTATGGAAGAGAATTCT	1
732	731	2	TATTACTTATGGAAGAGAATTCTA	1
733	732	2	ATTACTTATGGAAGAGAATTCTAC	1
734	733	2	TTACTTATGGAAGAGAATTCTACT	1
735	734	2	TACTTATGGAAGAGAATTCTACTA	1
736	735	2	ACTTATGGAAGAGAATTCTACTAG	1
737	736	2	CTTATGGAAGAGAATTCTACTAGA	1
738	737	2	TTATGGAAGAGAATTCTACTAGAG	1
739	738	1	TATGGAAGAGAATTCTACTAGAGC	1
740	739	2	ATGGAAGAGAATTCTACTAGAGCT	1
741	740	2	TGGAAGAGAATTCTACTAGAGCTG	1
742	741	2	GGAAGAGAATTCTACTAGAGCTGA	1
743	742	2	GAAGAGAATTCTACTAGAGCTGAA	1
744	743	2	AAGAGAATTCTACTAGAGCTGAAA	1
745	744	1	AGAGAATTCTACTAGAGCTGAAAC	1
746	745	1	GAGAATTCTACTAGAGCTGAAACC	1
747	746	1	AGAATTCTACTAGAGCTGAAACCC	1
748	747	1	GAATTCTACTAGAGCTGAAACCCT	1
749	748	2	AATTCTACTAGAGCTGAAACCCTT	1
750	749	2	ATTCTACTAGAGCTGAAACCCTTT	1
751	750	2	TTCTACTAGAGCTGAAACCCTTTT	1
752	751	2	TCTACTAGAGCTGAAACCCTTTTT	1
753	752	2	CTACTAGAGCTGAAACCCTTTTTT	1
754	753	2	TACTAGAGCTGAAACCCTTTTTTT	1
755	754	2	ACTAGAGCTGAAACCCTTTTTTTT	1
756	755	2	CTAGAGCTGAAACCCTTTTTTTTA	1
757	756	2	TAGAGCTGAAACCCTTTTTTTTAG	1
758	757	2	AGAGCTGAAACCCTTTTTTTTAGT	1
759	758	2	GAGCTGAAACCCTTTTTTTTAGTT	1
760	759	2	AGCTGAAACCCTTTTTTTTAGTTG	1
761	760	2	GCTGAAACCCTTTTTTTTAGTTGT	1
762	761	2	CTGAAACCCTTTTTTTTAGTTGTG	1
763	762	2	TGAAACCCTTTTTTTTAGTTGTGA	1
764	763	2	GAAACCCTTTTTTTTAGTTGTGAA	1
765	764	2	AAACCCTTTTTTTTAGTTGTGAAA	1
766	765	2	AACCCTTTTTTTTAGTTGTGAAAC	1
767	766	2	ACCCTTTTTTTTAGTTGTGAAACT	1
768	767	2	CCCTTTTTTTTAGTTGTGAAACTA	1
769	768	2	CCTTTTTTTTAGTTGTGAAACTAA	1
770	769	2	CTTTTTTTTAGTTGTGAAACTAAA	1
771	770	3	TTTTTTTTAGTTGTGAAACTAAAT	1
772	771	3	TTTTTTTAGTTGTGAAACTAAATT	1
773	772	3	TTTTTTAGTTGTGAAACTAAATTT	1
774	773	3	TTTTTAGTTGTGAAACTAAATTTT	1
775	774	3	TTTTAGTTGTGAAACTAAATTTTA	1
776	775	3	TTTAGTTGTGAAACTAAATTTTAT	1
777	776	3	TTAGTTGTGAAACTAAATTTTATG	1
778	777	3	TAGTTGTGAAACTAAATTTTATGA	1
779	778	3	AGTTGTGAAACTAAATTTTATGAT	1
780	779	3	GTTGTGAAACTAAATTTTATGATT	1
781	780	3	TTGTGAAACTAAATTTTATGATTC	1
782	781	3	TGTGAAACTAAATTTTATGATTCA	1
783	782	3	GTGAAACTAAATTTTATGATTCAT	1
784	783	2	TGAAACTAAATTTTATGATTCATG	1
785	784	2	GAAACTAAATTTTATGATTCATGA	1
786	785	2	AAACTAAATTTTATGATTCATGAT	1
787	786	2	AACTAAATTTTATGATTCATGATA	1
788	787	2	ACTAAATTTTATGATTCATGATAC	1
789	788	2	CTAAATTTTATGATTCATGATACT	1
790	789	2	TAAATTTTATGATTCATGATACTT	1
791	790	2	AAATTTTATGATTCATGATACTTA	1
792	791	2	AATTTTATGATTCATGATACTTAC	1
793	792	1	ATTTTATGATTCATGATACTTACT	1
794	793	1	TTTTATGATTCATGATACTTACTC	1
795	794	1	TTTATGATTCATGATACTTACTCC	1
796	795	1	TTATGATTCATGATACTTACTCCT	1
797	796	1	TATGATTCATGATACTTACTCCTT	1
798	797	1	ATGATTCATGATACTTACTCCTTA	1
799	798	1	TGATTCATGATACTTACTCCTTAG	1
800	799	1	GATTCATGATACTTACTCCTTAGC	1
801	800	1	ATTCATGATACTTACTCCTTAGCC	1
802	801	1	TTCATGATACTTACTCCTTAGCCA	1
803	802	1	TCATGATACTTACTCCTTAGCCAT	1
804	803	1	CATGATACTTACTCCTTAGCCATC	1
805	804	1	ATGATACTTACTCCTTAGCCATCT	1
806	805	1	TGATACTTACTCCTTAGCCATCTG	1
807	806	1	GATACTTACTCCTTAGCCATCTGA	1
808	807	1	ATACTTACTCCTTAGCCATCTGAA	1
809	808	1	TACTTACTCCTTAGCCATCTGAAA	1
810	809	1	ACTTACTCCTTAGCCATCTGAAAT	1
811	810	1	CTTACTCCTTAGCCATCTGAAATG	1
812	811	1	TTACTCCTTAGCCATCTGAAATGT	1
813	812	1	TACTCCTTAGCCATCTGAAATGTT	1
814	813	1	ACTCCTTAGCCATCTGAAATGTTC	1
