Component 654
1	-1	0	AGTTGCATTCATTTTGGATCAAGT	1
2	1	1	GTTGCATTCATTTTGGATCAAGTT	1
3	2	1	TTGCATTCATTTTGGATCAAGTTA	1
4	3	2	TGCATTCATTTTGGATCAAGTTAG	1
5	4	2	GCATTCATTTTGGATCAAGTTAGA	1
6	5	2	CATTCATTTTGGATCAAGTTAGAT	1
7	6	2	ATTCATTTTGGATCAAGTTAGATT	1
8	7	2	TTCATTTTGGATCAAGTTAGATTA	1
9	8	2	TCATTTTGGATCAAGTTAGATTAT	1
10	9	2	CATTTTGGATCAAGTTAGATTATT	1
11	10	2	ATTTTGGATCAAGTTAGATTATTC	1
12	11	2	TTTTGGATCAAGTTAGATTATTCT	1
13	12	2	TTTGGATCAAGTTAGATTATTCTT	1
14	13	2	TTGGATCAAGTTAGATTATTCTTA	1
15	14	2	TGGATCAAGTTAGATTATTCTTAC	1
16	15	2	GGATCAAGTTAGATTATTCTTACT	1
17	16	2	GATCAAGTTAGATTATTCTTACTG	1
18	17	2	ATCAAGTTAGATTATTCTTACTGA	1
19	18	2	TCAAGTTAGATTATTCTTACTGAG	1
20	19	2	CAAGTTAGATTATTCTTACTGAGG	1
21	20	2	AAGTTAGATTATTCTTACTGAGGT	1
22	21	2	AGTTAGATTATTCTTACTGAGGTC	1
23	22	2	GTTAGATTATTCTTACTGAGGTCT	1
24	23	3	TTAGATTATTCTTACTGAGGTCTG	1
25	24	3	TAGATTATTCTTACTGAGGTCTGA	1
26	25	3	AGATTATTCTTACTGAGGTCTGAT	1
27	26	3	GATTATTCTTACTGAGGTCTGATT	1
28	27	3	ATTATTCTTACTGAGGTCTGATTA	1
29	28	3	TTATTCTTACTGAGGTCTGATTAC	1
30	29	3	TATTCTTACTGAGGTCTGATTACT	1
31	30	3	ATTCTTACTGAGGTCTGATTACTA	1
32	31	3	TTCTTACTGAGGTCTGATTACTAC	1
33	32	3	TCTTACTGAGGTCTGATTACTACA	1
34	33	3	CTTACTGAGGTCTGATTACTACAT	1
35	34	3	TTACTGAGGTCTGATTACTACATG	1
36	35	3	TACTGAGGTCTGATTACTACATGG	1
37	36	4	ACTGAGGTCTGATTACTACATGGC	1
38	37	4	CTGAGGTCTGATTACTACATGGCA	1
39	38	4	TGAGGTCTGATTACTACATGGCAT	1
40	39	4	GAGGTCTGATTACTACATGGCATC	1
41	40	4	AGGTCTGATTACTACATGGCATCT	1
42	41	4	GGTCTGATTACTACATGGCATCTA	1
43	42	4	GTCTGATTACTACATGGCATCTAC	1
44	43	4	TCTGATTACTACATGGCATCTACT	1
45	44	4	CTGATTACTACATGGCATCTACTT	1
46	45	3	TGATTACTACATGGCATCTACTTA	1
47	46	3	GATTACTACATGGCATCTACTTAC	1
48	47	1	ATTACTACATGGCATCTACTTACA	1
49	48	1	TTACTACATGGCATCTACTTACAC	1
50	49	1	TACTACATGGCATCTACTTACACG	1
51	50	1	ACTACATGGCATCTACTTACACGA	1
52	51	1	CTACATGGCATCTACTTACACGAA	1
53	52	1	TACATGGCATCTACTTACACGAAG	1
54	53	1	ACATGGCATCTACTTACACGAAGA	1
55	54	1	CATGGCATCTACTTACACGAAGAA	1
56	55	1	ATGGCATCTACTTACACGAAGAAA	1
57	56	1	TGGCATCTACTTACACGAAGAAAA	1
58	57	1	GGCATCTACTTACACGAAGAAAAT	1
59	58	1	GCATCTACTTACACGAAGAAAATA	1
60	59	1	CATCTACTTACACGAAGAAAATAA	1
61	60	1	ATCTACTTACACGAAGAAAATAAA	1
62	61	1	TCTACTTACACGAAGAAAATAAAT	1
63	62	1	CTACTTACACGAAGAAAATAAATG	1
64	63	1	TACTTACACGAAGAAAATAAATGT	1
65	64	1	ACTTACACGAAGAAAATAAATGTT	1
66	65	1	CTTACACGAAGAAAATAAATGTTA	1
67	66	1	TTACACGAAGAAAATAAATGTTAA	1
68	67	1	TACACGAAGAAAATAAATGTTAAG	1
69	68	1	ACACGAAGAAAATAAATGTTAAGT	1
70	69	1	CACGAAGAAAATAAATGTTAAGTT	1
71	70	1	ACGAAGAAAATAAATGTTAAGTTT	1
72	71	1	CGAAGAAAATAAATGTTAAGTTTT	1
73	72	1	GAAGAAAATAAATGTTAAGTTTTT	1
74	73	1	AAGAAAATAAATGTTAAGTTTTTT	1
75	74	1	AGAAAATAAATGTTAAGTTTTTTT	1
76	75	1	GAAAATAAATGTTAAGTTTTTTTG	1
77	76	1	AAAATAAATGTTAAGTTTTTTTGA	1
78	77	1	AAATAAATGTTAAGTTTTTTTGAA	1
79	78	1	AATAAATGTTAAGTTTTTTTGAAA	1
80	79	1	ATAAATGTTAAGTTTTTTTGAAAA	1
81	-1	0	CGAAATGGAACAGAAACCGGAAGT	1
82	81	2	GAAATGGAACAGAAACCGGAAGTT	1
83	82	2	AAATGGAACAGAAACCGGAAGTTG	1
84	83	2	AATGGAACAGAAACCGGAAGTTGA	1
85	84	2	ATGGAACAGAAACCGGAAGTTGAT	1
86	85	2	TGGAACAGAAACCGGAAGTTGATT	1
87	86	2	GGAACAGAAACCGGAAGTTGATTA	1
88	87	2	GAACAGAAACCGGAAGTTGATTAC	1
89	88	2	AACAGAAACCGGAAGTTGATTACT	1
90	89	2	ACAGAAACCGGAAGTTGATTACTC	1
91	90	2	CAGAAACCGGAAGTTGATTACTCA	1
92	91	4	AGAAACCGGAAGTTGATTACTCAG	1
93	92	4	GAAACCGGAAGTTGATTACTCAGA	1
94	93	4	AAACCGGAAGTTGATTACTCAGAG	1
95	94	4	AACCGGAAGTTGATTACTCAGAGA	1
96	95	4	ACCGGAAGTTGATTACTCAGAGAA	1
97	96	5	CCGGAAGTTGATTACTCAGAGAAG	1
98	97	5	CGGAAGTTGATTACTCAGAGAAGT	1
99	98	5	GGAAGTTGATTACTCAGAGAAGTT	1
100	99	5	GAAGTTGATTACTCAGAGAAGTTT	1
101	100	5	AAGTTGATTACTCAGAGAAGTTTG	1
102	101	5	AGTTGATTACTCAGAGAAGTTTGC	1
103	102	5	GTTGATTACTCAGAGAAGTTTGCA	1
104	103	5	TTGATTACTCAGAGAAGTTTGCAG	1
105	104	5	TGATTACTCAGAGAAGTTTGCAGA	1
106	105	5	GATTACTCAGAGAAGTTTGCAGAG	1
107	106	5	ATTACTCAGAGAAGTTTGCAGAGT	1
108	107	5	TTACTCAGAGAAGTTTGCAGAGTT	1
109	108	5	TACTCAGAGAAGTTTGCAGAGTTA	1
110	109	5	ACTCAGAGAAGTTTGCAGAGTTAC	1
111	110	5	CTCAGAGAAGTTTGCAGAGTTACA	1
112	111	6	TCAGAGAAGTTTGCAGAGTTACAA	1
113	112	6	CAGAGAAGTTTGCAGAGTTACAAA	1
114	113	6	AGAGAAGTTTGCAGAGTTACAAAA	1
115	114	6	GAGAAGTTTGCAGAGTTACAAAAA	1
116	115	6	AGAAGTTTGCAGAGTTACAAAAAA	1
117	116	6	GAAGTTTGCAGAGTTACAAAAAAG	1
118	117	6	AAGTTTGCAGAGTTACAAAAAAGT	1
119	118	6	AGTTTGCAGAGTTACAAAAAAGTT	1
120	119	6	GTTTGCAGAGTTACAAAAAAGTTT	1
121	120	6	TTTGCAGAGTTACAAAAAAGTTTA	1
122	121	6	TTGCAGAGTTACAAAAAAGTTTAA	1
123	122	6	TGCAGAGTTACAAAAAAGTTTAAA	1
124	123	6	GCAGAGTTACAAAAAAGTTTAAAT	1
125	124	6	CAGAGTTACAAAAAAGTTTAAATA	1
126	125	4	AGAGTTACAAAAAAGTTTAAATAA	1
127	126	4	GAGTTACAAAAAAGTTTAAATAAC	1
128	127	4	AGTTACAAAAAAGTTTAAATAACC	1
129	128	4	GTTACAAAAAAGTTTAAATAACCT	1
130	129	4	TTACAAAAAAGTTTAAATAACCTT	1
131	130	4	TACAAAAAAGTTTAAATAACCTTA	1
132	131	4	ACAAAAAAGTTTAAATAACCTTAA	1
133	132	4	CAAAAAAGTTTAAATAACCTTAAT	1
134	133	4	AAAAAAGTTTAAATAACCTTAATA	1
135	134	4	AAAAAGTTTAAATAACCTTAATAC	1
136	135	2	AAAAGTTTAAATAACCTTAATACC	1
137	136	2	AAAGTTTAAATAACCTTAATACCA	1
138	137	2	AAGTTTAAATAACCTTAATACCAT	1
139	138	2	AGTTTAAATAACCTTAATACCATA	1
140	139	2	GTTTAAATAACCTTAATACCATAG	1
141	140	1	TTTAAATAACCTTAATACCATAGA	1
142	141	1	TTAAATAACCTTAATACCATAGAC	1
143	142	1	TAAATAACCTTAATACCATAGACA	1
144	143	1	AAATAACCTTAATACCATAGACAT	1
145	144	1	AATAACCTTAATACCATAGACATC	1
146	145	1	ATAACCTTAATACCATAGACATCG	1
147	146	1	TAACCTTAATACCATAGACATCGA	1
148	147	1	AACCTTAATACCATAGACATCGAT	1
149	148	1	ACCTTAATACCATAGACATCGATG	1
150	149	1	CCTTAATACCATAGACATCGATGC	1
151	150	1	CTTAATACCATAGACATCGATGCG	1
152	151	1	TTAATACCATAGACATCGATGCGA	1
153	152	1	TAATACCATAGACATCGATGCGAA	1
154	153	1	AATACCATAGACATCGATGCGAAC	1
155	154	1	ATACCATAGACATCGATGCGAACC	1
156	-1	0	GCTTAAACGAACAGTTGGTTAGTC	1
157	156	1	CTTAAACGAACAGTTGGTTAGTCT	1
158	157	1	TTAAACGAACAGTTGGTTAGTCTC	1
159	158	1	TAAACGAACAGTTGGTTAGTCTCT	1
160	159	2	AAACGAACAGTTGGTTAGTCTCTT	1
161	160	2	AACGAACAGTTGGTTAGTCTCTTT	1
162	161	2	ACGAACAGTTGGTTAGTCTCTTTA	1
163	162	2	CGAACAGTTGGTTAGTCTCTTTAA	1
164	163	2	GAACAGTTGGTTAGTCTCTTTAAA	1
165	164	2	AACAGTTGGTTAGTCTCTTTAAAA	1
166	165	2	ACAGTTGGTTAGTCTCTTTAAAAA	1
167	166	2	CAGTTGGTTAGTCTCTTTAAAAAG	1
168	167	2	AGTTGGTTAGTCTCTTTAAAAAGC	1
169	168	2	GTTGGTTAGTCTCTTTAAAAAGCA	1
170	169	2	TTGGTTAGTCTCTTTAAAAAGCAT	1
171	170	2	TGGTTAGTCTCTTTAAAAAGCATG	1
172	171	2	GGTTAGTCTCTTTAAAAAGCATGG	1
173	172	2	GTTAGTCTCTTTAAAAAGCATGGC	1
174	173	2	TTAGTCTCTTTAAAAAGCATGGCC	1
175	174	2	TAGTCTCTTTAAAAAGCATGGCCA	1
176	175	2	AGTCTCTTTAAAAAGCATGGCCAA	1
177	176	2	GTCTCTTTAAAAAGCATGGCCAAC	1
178	177	2	TCTCTTTAAAAAGCATGGCCAACT	1
179	178	2	CTCTTTAAAAAGCATGGCCAACTG	1
180	179	2	TCTTTAAAAAGCATGGCCAACTGA	1
181	180	2	CTTTAAAAAGCATGGCCAACTGAA	1
182	181	4	TTTAAAAAGCATGGCCAACTGAAA	1
183	182	5	TTAAAAAGCATGGCCAACTGAAAC	1
184	183	5	TAAAAAGCATGGCCAACTGAAACA	1
185	184	5	AAAAAGCATGGCCAACTGAAACAA	1
186	185	6	AAAAGCATGGCCAACTGAAACAAT	1
187	186	6	AAAGCATGGCCAACTGAAACAATC	1
188	187	6	AAGCATGGCCAACTGAAACAATCG	1
189	188	6	AGCATGGCCAACTGAAACAATCGA	1
190	189	6	GCATGGCCAACTGAAACAATCGAT	1
191	190	6	CATGGCCAACTGAAACAATCGATG	1
192	191	6	ATGGCCAACTGAAACAATCGATGA	1
193	192	6	TGGCCAACTGAAACAATCGATGAC	1
194	193	6	GGCCAACTGAAACAATCGATGACA	1
195	194	6	GCCAACTGAAACAATCGATGACAA	1
196	195	6	CCAACTGAAACAATCGATGACAAG	1
197	196	6	CAACTGAAACAATCGATGACAAGT	1
198	197	6	AACTGAAACAATCGATGACAAGTT	1
199	198	6	ACTGAAACAATCGATGACAAGTTT	1
200	199	6	CTGAAACAATCGATGACAAGTTTA	1
201	200	5	TGAAACAATCGATGACAAGTTTAG	1
202	201	5	GAAACAATCGATGACAAGTTTAGT	1
203	202	5	AAACAATCGATGACAAGTTTAGTC	1
204	203	4	AACAATCGATGACAAGTTTAGTCC	1
205	204	4	ACAATCGATGACAAGTTTAGTCCA	1
206	205	4	CAATCGATGACAAGTTTAGTCCAA	1
207	206	4	AATCGATGACAAGTTTAGTCCAAC	1
208	207	4	ATCGATGACAAGTTTAGTCCAACA	1
209	208	4	TCGATGACAAGTTTAGTCCAACAT	1
210	209	4	CGATGACAAGTTTAGTCCAACATG	1
211	210	4	GATGACAAGTTTAGTCCAACATGT	1
212	211	4	ATGACAAGTTTAGTCCAACATGTA	1
213	212	4	TGACAAGTTTAGTCCAACATGTAA	1
214	213	4	GACAAGTTTAGTCCAACATGTAAT	1
215	214	4	ACAAGTTTAGTCCAACATGTAATG	1
216	215	4	CAAGTTTAGTCCAACATGTAATGA	1
217	216	4	AAGTTTAGTCCAACATGTAATGAC	1
218	217	4	AGTTTAGTCCAACATGTAATGACC	1
219	218	4	GTTTAGTCCAACATGTAATGACCT	1
220	219	4	TTTAGTCCAACATGTAATGACCTA	1
221	220	4	TTAGTCCAACATGTAATGACCTAT	1
222	221	4	TAGTCCAACATGTAATGACCTATC	1
223	222	4	AGTCCAACATGTAATGACCTATCT	1
224	223	4	GTCCAACATGTAATGACCTATCTT	1
225	224	4	TCCAACATGTAATGACCTATCTTC	1
226	225	2	CCAACATGTAATGACCTATCTTCC	1
227	226	1	CAACATGTAATGACCTATCTTCCT	1
228	227	1	AACATGTAATGACCTATCTTCCTG	1
229	228	2	ACATGTAATGACCTATCTTCCTGG	1
230	229	1	CATGTAATGACCTATCTTCCTGGA	1
231	230	1	ATGTAATGACCTATCTTCCTGGAA	1
232	231	1	TGTAATGACCTATCTTCCTGGAAT	1
233	232	1	GTAATGACCTATCTTCCTGGAATT	1
234	233	1	TAATGACCTATCTTCCTGGAATTG	1
235	234	1	AATGACCTATCTTCCTGGAATTGA	1
236	235	1	ATGACCTATCTTCCTGGAATTGAC	1
237	236	1	TGACCTATCTTCCTGGAATTGACG	1
238	237	1	GACCTATCTTCCTGGAATTGACGA	1
239	238	1	ACCTATCTTCCTGGAATTGACGAT	1
240	239	1	CCTATCTTCCTGGAATTGACGATT	1
241	240	1	CTATCTTCCTGGAATTGACGATTT	1
242	241	1	TATCTTCCTGGAATTGACGATTTA	1
243	242	1	ATCTTCCTGGAATTGACGATTTAA	1
244	243	1	TCTTCCTGGAATTGACGATTTAAA	1
245	244	1	CTTCCTGGAATTGACGATTTAAAA	1
246	245	1	TTCCTGGAATTGACGATTTAAAAA	1
247	246	1	TCCTGGAATTGACGATTTAAAAAC	1
248	247	1	CCTGGAATTGACGATTTAAAAACA	1
249	248	1	CTGGAATTGACGATTTAAAAACAA	1
250	249	1	TGGAATTGACGATTTAAAAACAAA	1
251	250	1	GGAATTGACGATTTAAAAACAAAA	1
252	251	1	GAATTGACGATTTAAAAACAAAAA	1
253	252	1	AATTGACGATTTAAAAACAAAAAT	1
254	253	1	ATTGACGATTTAAAAACAAAAATT	1
255	254	1	TTGACGATTTAAAAACAAAAATTA	1
256	255	1	TGACGATTTAAAAACAAAAATTAA	1
257	256	1	GACGATTTAAAAACAAAAATTAAT	1
258	257	1	ACGATTTAAAAACAAAAATTAATT	1
259	258	1	CGATTTAAAAACAAAAATTAATTT	1
260	259	1	GATTTAAAAACAAAAATTAATTTG	1
261	260	1	ATTTAAAAACAAAAATTAATTTGA	1
262	261	1	TTTAAAAACAAAAATTAATTTGAT	1
263	262	1	TTAAAAACAAAAATTAATTTGATT	1
264	263	1	TAAAAACAAAAATTAATTTGATTG	1
265	264	1	AAAAACAAAAATTAATTTGATTGA	1
266	265	1	AAAACAAAAATTAATTTGATTGAA	1
267	266	1	AAACAAAAATTAATTTGATTGAAA	1
268	267	1	AACAAAAATTAATTTGATTGAAAC	1
269	268	1	ACAAAAATTAATTTGATTGAAACA	1
270	269	1	CAAAAATTAATTTGATTGAAACAT	1
271	270	2	AAAAATTAATTTGATTGAAACATT	1
272	271	2	AAAATTAATTTGATTGAAACATTG	1
273	272	3	AAATTAATTTGATTGAAACATTGC	1
274	273	3	AATTAATTTGATTGAAACATTGCG	1
275	274	3	ATTAATTTGATTGAAACATTGCGT	1
276	275	3	TTAATTTGATTGAAACATTGCGTA	1
277	276	3	TAATTTGATTGAAACATTGCGTAC	1
278	277	3	AATTTGATTGAAACATTGCGTACT	1
279	278	3	ATTTGATTGAAACATTGCGTACTA	1
280	279	3	TTTGATTGAAACATTGCGTACTAT	1
281	280	3	TTGATTGAAACATTGCGTACTATT	1
282	281	3	TGATTGAAACATTGCGTACTATTA	1
283	282	3	GATTGAAACATTGCGTACTATTAC	1
284	283	3	ATTGAAACATTGCGTACTATTACT	1
285	284	3	TTGAAACATTGCGTACTATTACTG	1
286	285	3	TGAAACATTGCGTACTATTACTGA	1
287	286	3	GAAACATTGCGTACTATTACTGAT	1
288	287	3	AAACATTGCGTACTATTACTGATG	1
289	288	3	AACATTGCGTACTATTACTGATGG	1
290	289	3	ACATTGCGTACTATTACTGATGGA	1
291	290	3	CATTGCGTACTATTACTGATGGAA	1
292	291	3	ATTGCGTACTATTACTGATGGAAA	1
293	292	3	TTGCGTACTATTACTGATGGAAAG	1
294	293	3	TGCGTACTATTACTGATGGAAAGA	1
295	294	3	GCGTACTATTACTGATGGAAAGAT	1
296	295	3	CGTACTATTACTGATGGAAAGATA	1
297	296	3	GTACTATTACTGATGGAAAGATAT	1
298	297	3	TACTATTACTGATGGAAAGATATA	1
299	298	3	ACTATTACTGATGGAAAGATATAT	1
300	299	3	CTATTACTGATGGAAAGATATATG	1
301	300	3	TATTACTGATGGAAAGATATATGT	1
302	301	3	ATTACTGATGGAAAGATATATGTG	1
303	302	3	TTACTGATGGAAAGATATATGTGG	1
304	303	3	TACTGATGGAAAGATATATGTGGA	1
305	304	3	ACTGATGGAAAGATATATGTGGAA	1
306	305	3	CTGATGGAAAGATATATGTGGAAG	1
307	306	3	TGATGGAAAGATATATGTGGAAGT	1
308	307	3	GATGGAAAGATATATGTGGAAGTA	1
309	308	3	ATGGAAAGATATATGTGGAAGTAG	1
310	309	3	TGGAAAGATATATGTGGAAGTAGA	1
311	310	4	GGAAAGATATATGTGGAAGTAGAA	1
312	311	4	GAAAGATATATGTGGAAGTAGAAA	1
313	312	4	AAAGATATATGTGGAAGTAGAAAG	1
314	313	4	AAGATATATGTGGAAGTAGAAAGG	1
315	314	3	AGATATATGTGGAAGTAGAAAGGG	1
316	315	3	GATATATGTGGAAGTAGAAAGGGC	1
317	316	1	ATATATGTGGAAGTAGAAAGGGCA	1
318	317	1	TATATGTGGAAGTAGAAAGGGCAC	1
319	318	1	ATATGTGGAAGTAGAAAGGGCACG	1
320	319	1	TATGTGGAAGTAGAAAGGGCACGT	1
321	320	1	ATGTGGAAGTAGAAAGGGCACGTC	1
322	321	1	TGTGGAAGTAGAAAGGGCACGTCT	1
323	322	1	GTGGAAGTAGAAAGGGCACGTCTT	1
324	323	1	TGGAAGTAGAAAGGGCACGTCTTA	1
325	324	1	GGAAGTAGAAAGGGCACGTCTTAC	1
326	325	1	GAAGTAGAAAGGGCACGTCTTACA	1
327	326	1	AAGTAGAAAGGGCACGTCTTACAC	1
328	327	1	AGTAGAAAGGGCACGTCTTACACA	1
329	328	1	GTAGAAAGGGCACGTCTTACACAA	1
330	329	1	TAGAAAGGGCACGTCTTACACAAC	1
331	330	2	AGAAAGGGCACGTCTTACACAACT	1
332	331	2	GAAAGGGCACGTCTTACACAACTG	1
333	332	2	AAAGGGCACGTCTTACACAACTGC	1
334	333	2	AAGGGCACGTCTTACACAACTGCT	1
335	334	2	AGGGCACGTCTTACACAACTGCTT	1
336	335	2	GGGCACGTCTTACACAACTGCTTT	1
337	336	2	GGCACGTCTTACACAACTGCTTTC	1
338	337	2	GCACGTCTTACACAACTGCTTTCC	1
339	338	2	CACGTCTTACACAACTGCTTTCCC	1
340	339	2	ACGTCTTACACAACTGCTTTCCCA	1
341	340	2	CGTCTTACACAACTGCTTTCCCAG	1
342	341	2	GTCTTACACAACTGCTTTCCCAGA	1
343	342	2	TCTTACACAACTGCTTTCCCAGAT	1
344	343	2	CTTACACAACTGCTTTCCCAGATT	1
345	344	2	TTACACAACTGCTTTCCCAGATTA	1
346	345	2	TACACAACTGCTTTCCCAGATTAA	1
347	346	2	ACACAACTGCTTTCCCAGATTAAA	1
348	347	2	CACAACTGCTTTCCCAGATTAAAG	1
349	348	2	ACAACTGCTTTCCCAGATTAAAGA	1
350	349	2	CAACTGCTTTCCCAGATTAAAGAA	1
351	350	2	AACTGCTTTCCCAGATTAAAGAAG	1
352	351	2	ACTGCTTTCCCAGATTAAAGAAGA	1
353	352	2	CTGCTTTCCCAGATTAAAGAAGAG	1
354	353	2	TGCTTTCCCAGATTAAAGAAGAGC	1
355	354	1	GCTTTCCCAGATTAAAGAAGAGCA	1
356	355	1	CTTTCCCAGATTAAAGAAGAGCAA	1
357	356	1	TTTCCCAGATTAAAGAAGAGCAAG	1
358	357	1	TTCCCAGATTAAAGAAGAGCAAGG	1
359	358	1	TCCCAGATTAAAGAAGAGCAAGGT	1
360	359	1	CCCAGATTAAAGAAGAGCAAGGTG	1
361	360	1	CCAGATTAAAGAAGAGCAAGGTGA	1
362	361	1	CAGATTAAAGAAGAGCAAGGTGAC	1
363	362	1	AGATTAAAGAAGAGCAAGGTGACA	1
364	363	1	GATTAAAGAAGAGCAAGGTGACAT	1
365	364	1	ATTAAAGAAGAGCAAGGTGACATC	1
366	365	1	TTAAAGAAGAGCAAGGTGACATCA	1
367	366	1	TAAAGAAGAGCAAGGTGACATCAA	1
368	367	1	AAAGAAGAGCAAGGTGACATCAAA	1
369	368	1	AAGAAGAGCAAGGTGACATCAAAT	1
370	369	1	AGAAGAGCAAGGTGACATCAAATC	1
371	370	1	GAAGAGCAAGGTGACATCAAATCT	1
372	371	1	AAGAGCAAGGTGACATCAAATCTG	1
373	372	1	AGAGCAAGGTGACATCAAATCTGC	1
374	373	1	GAGCAAGGTGACATCAAATCTGCC	1
375	-1	0	TCGAGAAGCTTTTGATTTTTGAGA	1
376	375	1	CGAGAAGCTTTTGATTTTTGAGAA	1
377	376	1	GAGAAGCTTTTGATTTTTGAGAAG	1
378	377	1	AGAAGCTTTTGATTTTTGAGAAGC	1
379	378	1	GAAGCTTTTGATTTTTGAGAAGCA	1
380	379	1	AAGCTTTTGATTTTTGAGAAGCAA	1
381	380	1	AGCTTTTGATTTTTGAGAAGCAAG	1
382	381	2	GCTTTTGATTTTTGAGAAGCAAGT	1
383	382	2	CTTTTGATTTTTGAGAAGCAAGTT	1
384	383	2	TTTTGATTTTTGAGAAGCAAGTTC	1
385	384	2	TTTGATTTTTGAGAAGCAAGTTCG	1
386	385	2	TTGATTTTTGAGAAGCAAGTTCGT	1
387	386	2	TGATTTTTGAGAAGCAAGTTCGTC	1
388	387	2	GATTTTTGAGAAGCAAGTTCGTCA	1
389	388	2	ATTTTTGAGAAGCAAGTTCGTCAG	1
390	389	2	TTTTTGAGAAGCAAGTTCGTCAGG	1
391	390	2	TTTTGAGAAGCAAGTTCGTCAGGC	1
392	391	2	TTTGAGAAGCAAGTTCGTCAGGCT	1
393	392	2	TTGAGAAGCAAGTTCGTCAGGCTT	1
394	393	2	TGAGAAGCAAGTTCGTCAGGCTTC	1
395	394	2	GAGAAGCAAGTTCGTCAGGCTTCT	1
396	395	2	AGAAGCAAGTTCGTCAGGCTTCTG	1
397	396	2	GAAGCAAGTTCGTCAGGCTTCTGA	1
398	397	2	AAGCAAGTTCGTCAGGCTTCTGAC	1
399	398	2	AGCAAGTTCGTCAGGCTTCTGACA	1
400	399	2	GCAAGTTCGTCAGGCTTCTGACAC	1
401	400	2	CAAGTTCGTCAGGCTTCTGACACC	1
402	401	2	AAGTTCGTCAGGCTTCTGACACCA	1
403	402	2	AGTTCGTCAGGCTTCTGACACCAG	1
404	403	2	GTTCGTCAGGCTTCTGACACCAGC	1
405	404	2	TTCGTCAGGCTTCTGACACCAGCA	1
406	405	2	TCGTCAGGCTTCTGACACCAGCAC	1
407	406	2	CGTCAGGCTTCTGACACCAGCACG	1
408	407	2	GTCAGGCTTCTGACACCAGCACGA	1
409	408	2	TCAGGCTTCTGACACCAGCACGAA	1
410	409	2	CAGGCTTCTGACACCAGCACGAAT	1
411	410	2	AGGCTTCTGACACCAGCACGAATA	1
412	411	2	GGCTTCTGACACCAGCACGAATAC	1
413	412	2	GCTTCTGACACCAGCACGAATACG	1
414	413	2	CTTCTGACACCAGCACGAATACGA	1
415	414	2	TTCTGACACCAGCACGAATACGAA	1
416	415	2	TCTGACACCAGCACGAATACGAAA	1
417	416	2	CTGACACCAGCACGAATACGAAAG	1
418	417	2	TGACACCAGCACGAATACGAAAGT	1
419	418	2	GACACCAGCACGAATACGAAAGTA	1
420	419	1	ACACCAGCACGAATACGAAAGTAT	1
421	420	1	CACCAGCACGAATACGAAAGTATT	1
422	421	1	ACCAGCACGAATACGAAAGTATTA	1
423	422	1	CCAGCACGAATACGAAAGTATTAA	1
424	423	1	CAGCACGAATACGAAAGTATTAAT	1
425	424	1	AGCACGAATACGAAAGTATTAATA	1
