Component 655
1	-1	0	TTGTTGGTTATTTTTTCATTAATT	1
2	1	1	TGTTGGTTATTTTTTCATTAATTC	1
3	2	1	GTTGGTTATTTTTTCATTAATTCC	1
4	3	1	TTGGTTATTTTTTCATTAATTCCC	1
5	4	1	TGGTTATTTTTTCATTAATTCCCT	1
6	5	1	GGTTATTTTTTCATTAATTCCCTC	1
7	6	1	GTTATTTTTTCATTAATTCCCTCG	1
8	7	1	TTATTTTTTCATTAATTCCCTCGC	1
9	8	1	TATTTTTTCATTAATTCCCTCGCC	1
10	9	1	ATTTTTTCATTAATTCCCTCGCCA	1
11	10	1	TTTTTTCATTAATTCCCTCGCCAG	1
12	11	1	TTTTTCATTAATTCCCTCGCCAGC	1
13	12	1	TTTTCATTAATTCCCTCGCCAGCA	1
14	13	1	TTTCATTAATTCCCTCGCCAGCAA	1
15	14	1	TTCATTAATTCCCTCGCCAGCAAA	1
16	15	1	TCATTAATTCCCTCGCCAGCAAAC	1
17	16	1	CATTAATTCCCTCGCCAGCAAACA	1
18	17	1	ATTAATTCCCTCGCCAGCAAACAA	1
19	18	1	TTAATTCCCTCGCCAGCAAACAAC	1
20	19	1	TAATTCCCTCGCCAGCAAACAACT	1
21	20	1	AATTCCCTCGCCAGCAAACAACTT	1
22	21	1	ATTCCCTCGCCAGCAAACAACTTT	1
23	22	1	TTCCCTCGCCAGCAAACAACTTTA	1
24	23	1	TCCCTCGCCAGCAAACAACTTTAT	1
25	24	1	CCCTCGCCAGCAAACAACTTTATG	1
26	25	1	CCTCGCCAGCAAACAACTTTATGG	1
27	26	1	CTCGCCAGCAAACAACTTTATGGC	1
28	27	1	TCGCCAGCAAACAACTTTATGGCG	1
29	28	1	CGCCAGCAAACAACTTTATGGCGA	1
30	29	1	GCCAGCAAACAACTTTATGGCGAG	1
31	30	1	CCAGCAAACAACTTTATGGCGAGG	1
32	31	1	CAGCAAACAACTTTATGGCGAGGA	1
33	32	1	AGCAAACAACTTTATGGCGAGGAT	1
34	33	1	GCAAACAACTTTATGGCGAGGATT	1
35	34	1	CAAACAACTTTATGGCGAGGATTT	1
36	35	1	AAACAACTTTATGGCGAGGATTTA	1
37	36	1	AACAACTTTATGGCGAGGATTTAT	1
38	37	1	ACAACTTTATGGCGAGGATTTATT	1
39	38	1	CAACTTTATGGCGAGGATTTATTT	1
40	39	1	AACTTTATGGCGAGGATTTATTTA	1
41	40	2	ACTTTATGGCGAGGATTTATTTAT	1
42	41	2	CTTTATGGCGAGGATTTATTTATT	1
43	42	2	TTTATGGCGAGGATTTATTTATTT	1
44	43	2	TTATGGCGAGGATTTATTTATTTA	1
45	44	2	TATGGCGAGGATTTATTTATTTAC	1
46	45	1	ATGGCGAGGATTTATTTATTTACA	1
47	46	2	TGGCGAGGATTTATTTATTTACAT	1
48	47	3	GGCGAGGATTTATTTATTTACATT	1
49	48	3	GCGAGGATTTATTTATTTACATTG	1
50	49	3	CGAGGATTTATTTATTTACATTGG	1
51	50	3	GAGGATTTATTTATTTACATTGGT	1
52	51	3	AGGATTTATTTATTTACATTGGTA	1
53	52	3	GGATTTATTTATTTACATTGGTAA	1
54	53	3	GATTTATTTATTTACATTGGTAAA	1
55	54	3	ATTTATTTATTTACATTGGTAAAG	1
56	55	3	TTTATTTATTTACATTGGTAAAGC	1
57	56	3	TTATTTATTTACATTGGTAAAGCG	1
58	57	3	TATTTATTTACATTGGTAAAGCGT	1
59	58	3	ATTTATTTACATTGGTAAAGCGTT	1
60	59	2	TTTATTTACATTGGTAAAGCGTTG	1
61	60	2	TTATTTACATTGGTAAAGCGTTGG	1
62	61	2	TATTTACATTGGTAAAGCGTTGGT	1
63	62	2	ATTTACATTGGTAAAGCGTTGGTC	1
64	63	2	TTTACATTGGTAAAGCGTTGGTCG	1
65	64	2	TTACATTGGTAAAGCGTTGGTCGA	1
66	65	2	TACATTGGTAAAGCGTTGGTCGAA	1
67	66	2	ACATTGGTAAAGCGTTGGTCGAAT	1
68	67	2	CATTGGTAAAGCGTTGGTCGAATA	1
69	68	2	ATTGGTAAAGCGTTGGTCGAATAA	1
70	69	2	TTGGTAAAGCGTTGGTCGAATAAT	1
71	70	2	TGGTAAAGCGTTGGTCGAATAATT	1
72	71	2	GGTAAAGCGTTGGTCGAATAATTA	1
73	72	2	GTAAAGCGTTGGTCGAATAATTAT	1
74	73	2	TAAAGCGTTGGTCGAATAATTATA	1
75	74	2	AAAGCGTTGGTCGAATAATTATAG	1
76	75	2	AAGCGTTGGTCGAATAATTATAGA	1
77	76	2	AGCGTTGGTCGAATAATTATAGAT	1
78	77	2	GCGTTGGTCGAATAATTATAGATC	1
79	78	2	CGTTGGTCGAATAATTATAGATCT	1
80	79	2	GTTGGTCGAATAATTATAGATCTT	1
81	80	2	TTGGTCGAATAATTATAGATCTTG	1
82	81	2	TGGTCGAATAATTATAGATCTTGA	1
83	82	2	GGTCGAATAATTATAGATCTTGAT	1
84	83	2	GTCGAATAATTATAGATCTTGATT	1
85	84	2	TCGAATAATTATAGATCTTGATTT	1
86	85	2	CGAATAATTATAGATCTTGATTTT	1
87	86	2	GAATAATTATAGATCTTGATTTTT	1
88	87	2	AATAATTATAGATCTTGATTTTTC	1
89	88	2	ATAATTATAGATCTTGATTTTTCT	1
90	89	2	TAATTATAGATCTTGATTTTTCTG	1
91	90	1	AATTATAGATCTTGATTTTTCTGT	1
92	-1	0	TGCTGTTTGGATGCAATGTTTTAA	1
93	92	1	GCTGTTTGGATGCAATGTTTTAAA	1
94	93	1	CTGTTTGGATGCAATGTTTTAAAA	1
95	94	1	TGTTTGGATGCAATGTTTTAAAAA	1
96	95	2	GTTTGGATGCAATGTTTTAAAAAA	1
97	96	3	TTTGGATGCAATGTTTTAAAAAAC	1
98	97	4	TTGGATGCAATGTTTTAAAAAACT	1
99	98	5	TGGATGCAATGTTTTAAAAAACTA	1
100	99	5	GGATGCAATGTTTTAAAAAACTAT	1
101	100	5	GATGCAATGTTTTAAAAAACTATT	1
102	101	5	ATGCAATGTTTTAAAAAACTATTT	1
103	102	5	TGCAATGTTTTAAAAAACTATTTG	1
104	103	5	GCAATGTTTTAAAAAACTATTTGG	1
105	104	5	CAATGTTTTAAAAAACTATTTGGC	1
106	105	5	AATGTTTTAAAAAACTATTTGGCT	1
107	106	5	ATGTTTTAAAAAACTATTTGGCTT	1
108	107	5	TGTTTTAAAAAACTATTTGGCTTG	1
109	108	5	GTTTTAAAAAACTATTTGGCTTGT	1
110	109	5	TTTTAAAAAACTATTTGGCTTGTT	1
111	110	5	TTTAAAAAACTATTTGGCTTGTTC	1
112	111	5	TTAAAAAACTATTTGGCTTGTTCT	1
113	112	5	TAAAAAACTATTTGGCTTGTTCTT	1
114	113	5	AAAAAACTATTTGGCTTGTTCTTT	1
115	114	5	AAAAACTATTTGGCTTGTTCTTTC	1
116	115	5	AAAACTATTTGGCTTGTTCTTTCT	1
117	116	5	AAACTATTTGGCTTGTTCTTTCTA	1
118	117	5	AACTATTTGGCTTGTTCTTTCTAC	1
119	118	6	ACTATTTGGCTTGTTCTTTCTACT	1
120	119	6	CTATTTGGCTTGTTCTTTCTACTT	1
121	120	7	TATTTGGCTTGTTCTTTCTACTTT	1
122	121	7	ATTTGGCTTGTTCTTTCTACTTTT	1
123	122	7	TTTGGCTTGTTCTTTCTACTTTTC	1
124	123	7	TTGGCTTGTTCTTTCTACTTTTCT	1
125	124	7	TGGCTTGTTCTTTCTACTTTTCTC	1
126	125	7	GGCTTGTTCTTTCTACTTTTCTCG	1
127	126	7	GCTTGTTCTTTCTACTTTTCTCGA	1
128	127	8	CTTGTTCTTTCTACTTTTCTCGAA	1
129	128	8	TTGTTCTTTCTACTTTTCTCGAAA	1
130	129	8	TGTTCTTTCTACTTTTCTCGAAAG	1
131	130	8	GTTCTTTCTACTTTTCTCGAAAGA	1
132	131	8	TTCTTTCTACTTTTCTCGAAAGAG	1
133	132	8	TCTTTCTACTTTTCTCGAAAGAGA	1
134	133	8	CTTTCTACTTTTCTCGAAAGAGAG	1
135	134	8	TTTCTACTTTTCTCGAAAGAGAGC	1
136	135	8	TTCTACTTTTCTCGAAAGAGAGCA	1
137	136	7	TCTACTTTTCTCGAAAGAGAGCAT	1
138	137	7	CTACTTTTCTCGAAAGAGAGCATG	1
139	138	8	TACTTTTCTCGAAAGAGAGCATGC	1
140	139	7	ACTTTTCTCGAAAGAGAGCATGCA	1
141	140	7	CTTTTCTCGAAAGAGAGCATGCAC	1
142	141	7	TTTTCTCGAAAGAGAGCATGCACC	1
143	142	6	TTTCTCGAAAGAGAGCATGCACCA	1
144	143	6	TTCTCGAAAGAGAGCATGCACCAC	1
145	144	6	TCTCGAAAGAGAGCATGCACCACT	1
146	145	6	CTCGAAAGAGAGCATGCACCACTG	1
147	146	6	TCGAAAGAGAGCATGCACCACTGA	1
148	147	6	CGAAAGAGAGCATGCACCACTGAT	1
149	148	6	GAAAGAGAGCATGCACCACTGATT	1
150	149	6	AAAGAGAGCATGCACCACTGATTA	1
151	150	6	AAGAGAGCATGCACCACTGATTAA	1
152	151	6	AGAGAGCATGCACCACTGATTAAA	1
153	152	7	GAGAGCATGCACCACTGATTAAAC	1
154	153	7	AGAGCATGCACCACTGATTAAACT	1
155	154	7	GAGCATGCACCACTGATTAAACTA	1
156	155	7	AGCATGCACCACTGATTAAACTAA	1
157	156	7	GCATGCACCACTGATTAAACTAAA	1
158	157	7	CATGCACCACTGATTAAACTAAAA	1
159	158	7	ATGCACCACTGATTAAACTAAAAG	1
160	159	7	TGCACCACTGATTAAACTAAAAGC	1
161	160	7	GCACCACTGATTAAACTAAAAGCC	1
162	161	8	CACCACTGATTAAACTAAAAGCCG	1
163	162	7	ACCACTGATTAAACTAAAAGCCGT	1
164	163	7	CCACTGATTAAACTAAAAGCCGTG	1
165	164	6	CACTGATTAAACTAAAAGCCGTGT	1
166	165	6	ACTGATTAAACTAAAAGCCGTGTT	1
167	166	6	CTGATTAAACTAAAAGCCGTGTTT	1
168	167	6	TGATTAAACTAAAAGCCGTGTTTA	1
169	168	6	GATTAAACTAAAAGCCGTGTTTAT	1
170	169	6	ATTAAACTAAAAGCCGTGTTTATT	1
171	170	6	TTAAACTAAAAGCCGTGTTTATTT	1
172	171	5	TAAACTAAAAGCCGTGTTTATTTT	1
173	172	5	AAACTAAAAGCCGTGTTTATTTTC	1
174	173	5	AACTAAAAGCCGTGTTTATTTTCT	1
175	174	5	ACTAAAAGCCGTGTTTATTTTCTG	1
176	175	5	CTAAAAGCCGTGTTTATTTTCTGA	1
177	176	5	TAAAAGCCGTGTTTATTTTCTGAC	1
178	177	4	AAAAGCCGTGTTTATTTTCTGACT	1
179	178	4	AAAGCCGTGTTTATTTTCTGACTT	1
180	179	4	AAGCCGTGTTTATTTTCTGACTTG	1
181	180	4	AGCCGTGTTTATTTTCTGACTTGA	1
182	181	4	GCCGTGTTTATTTTCTGACTTGAG	1
183	182	3	CCGTGTTTATTTTCTGACTTGAGT	1
184	183	3	CGTGTTTATTTTCTGACTTGAGTG	1
185	184	2	GTGTTTATTTTCTGACTTGAGTGC	1
186	185	1	TGTTTATTTTCTGACTTGAGTGCA	1
187	186	1	GTTTATTTTCTGACTTGAGTGCAA	1
188	187	1	TTTATTTTCTGACTTGAGTGCAAT	1
189	188	1	TTATTTTCTGACTTGAGTGCAATT	1
190	189	1	TATTTTCTGACTTGAGTGCAATTA	1
191	190	1	ATTTTCTGACTTGAGTGCAATTAA	1
192	191	1	TTTTCTGACTTGAGTGCAATTAAT	1
193	192	1	TTTCTGACTTGAGTGCAATTAATG	1
194	193	1	TTCTGACTTGAGTGCAATTAATGA	1
195	194	1	TCTGACTTGAGTGCAATTAATGAT	1
196	195	1	CTGACTTGAGTGCAATTAATGATT	1
197	196	1	TGACTTGAGTGCAATTAATGATTG	1
198	197	1	GACTTGAGTGCAATTAATGATTGT	1
199	198	1	ACTTGAGTGCAATTAATGATTGTT	1
200	199	1	CTTGAGTGCAATTAATGATTGTTG	1
201	200	1	TTGAGTGCAATTAATGATTGTTGG	1
202	201	1	TGAGTGCAATTAATGATTGTTGGT	1
203	202	1	GAGTGCAATTAATGATTGTTGGTT	1
204	203	1	AGTGCAATTAATGATTGTTGGTTA	1
205	204	1	GTGCAATTAATGATTGTTGGTTAT	1
206	-1	0	TGCTATTACCCAACCGTTTAATTT	1
207	206	1	GCTATTACCCAACCGTTTAATTTC	1
208	207	1	CTATTACCCAACCGTTTAATTTCA	1
209	208	2	TATTACCCAACCGTTTAATTTCAG	1
210	209	2	ATTACCCAACCGTTTAATTTCAGC	1
211	210	2	TTACCCAACCGTTTAATTTCAGCT	1
212	211	2	TACCCAACCGTTTAATTTCAGCTT	1
213	212	2	ACCCAACCGTTTAATTTCAGCTTC	1
214	213	2	CCCAACCGTTTAATTTCAGCTTCT	1
215	214	2	CCAACCGTTTAATTTCAGCTTCTT	1
216	215	2	CAACCGTTTAATTTCAGCTTCTTT	1
217	216	2	AACCGTTTAATTTCAGCTTCTTTT	1
218	217	2	ACCGTTTAATTTCAGCTTCTTTTC	1
219	218	2	CCGTTTAATTTCAGCTTCTTTTCT	1
220	219	2	CGTTTAATTTCAGCTTCTTTTCTT	1
221	220	2	GTTTAATTTCAGCTTCTTTTCTTC	1
222	221	2	TTTAATTTCAGCTTCTTTTCTTCG	1
223	222	2	TTAATTTCAGCTTCTTTTCTTCGA	1
224	223	2	TAATTTCAGCTTCTTTTCTTCGAA	1
225	224	2	AATTTCAGCTTCTTTTCTTCGAAA	1
226	225	2	ATTTCAGCTTCTTTTCTTCGAAAT	1
227	226	2	TTTCAGCTTCTTTTCTTCGAAATT	1
228	227	2	TTCAGCTTCTTTTCTTCGAAATTA	1
229	228	2	TCAGCTTCTTTTCTTCGAAATTAA	1
230	229	2	CAGCTTCTTTTCTTCGAAATTAAA	1
231	230	2	AGCTTCTTTTCTTCGAAATTAAAA	1
232	231	2	GCTTCTTTTCTTCGAAATTAAAAC	1
233	232	2	CTTCTTTTCTTCGAAATTAAAACC	1
234	233	2	TTCTTTTCTTCGAAATTAAAACCT	1
235	234	2	TCTTTTCTTCGAAATTAAAACCTT	1
236	235	2	CTTTTCTTCGAAATTAAAACCTTT	1
237	236	2	TTTTCTTCGAAATTAAAACCTTTA	1
238	237	2	TTTCTTCGAAATTAAAACCTTTAG	1
239	238	2	TTCTTCGAAATTAAAACCTTTAGT	1
240	239	2	TCTTCGAAATTAAAACCTTTAGTT	1
241	240	2	CTTCGAAATTAAAACCTTTAGTTT	1
242	241	2	TTCGAAATTAAAACCTTTAGTTTT	1
243	242	2	TCGAAATTAAAACCTTTAGTTTTA	1
244	243	2	CGAAATTAAAACCTTTAGTTTTAT	1
245	244	3	GAAATTAAAACCTTTAGTTTTATG	1
246	245	3	AAATTAAAACCTTTAGTTTTATGA	1
247	246	3	AATTAAAACCTTTAGTTTTATGAT	1
248	247	3	ATTAAAACCTTTAGTTTTATGATG	1
249	248	3	TTAAAACCTTTAGTTTTATGATGG	1
250	249	3	TAAAACCTTTAGTTTTATGATGGA	1
251	250	2	AAAACCTTTAGTTTTATGATGGAC	1
252	251	2	AAACCTTTAGTTTTATGATGGACT	1
253	252	1	AACCTTTAGTTTTATGATGGACTG	1
254	253	1	ACCTTTAGTTTTATGATGGACTGT	1
255	254	1	CCTTTAGTTTTATGATGGACTGTC	1
256	255	1	CTTTAGTTTTATGATGGACTGTCT	1
257	256	1	TTTAGTTTTATGATGGACTGTCTT	1
258	257	1	TTAGTTTTATGATGGACTGTCTTT	1
259	258	1	TAGTTTTATGATGGACTGTCTTTT	1
260	259	1	AGTTTTATGATGGACTGTCTTTTC	1
261	260	1	GTTTTATGATGGACTGTCTTTTCT	1
262	261	1	TTTTATGATGGACTGTCTTTTCTA	1
263	262	1	TTTATGATGGACTGTCTTTTCTAT	1
264	263	1	TTATGATGGACTGTCTTTTCTATT	1
265	264	1	TATGATGGACTGTCTTTTCTATTT	1
266	265	1	ATGATGGACTGTCTTTTCTATTTT	1
267	266	1	TGATGGACTGTCTTTTCTATTTTT	1
268	267	1	GATGGACTGTCTTTTCTATTTTTT	1
269	268	1	ATGGACTGTCTTTTCTATTTTTTA	1
270	269	1	TGGACTGTCTTTTCTATTTTTTAA	1
271	270	1	GGACTGTCTTTTCTATTTTTTAAG	1
272	271	1	GACTGTCTTTTCTATTTTTTAAGC	1
273	272	1	ACTGTCTTTTCTATTTTTTAAGCG	1
274	273	1	CTGTCTTTTCTATTTTTTAAGCGC	1
275	274	1	TGTCTTTTCTATTTTTTAAGCGCA	1
276	275	1	GTCTTTTCTATTTTTTAAGCGCAA	1
277	276	1	TCTTTTCTATTTTTTAAGCGCAAA	1
278	277	1	CTTTTCTATTTTTTAAGCGCAAAA	1
279	278	1	TTTTCTATTTTTTAAGCGCAAAAT	1
280	279	1	TTTCTATTTTTTAAGCGCAAAATC	1
281	280	1	TTCTATTTTTTAAGCGCAAAATCT	1
282	281	1	TCTATTTTTTAAGCGCAAAATCTT	1
283	282	1	CTATTTTTTAAGCGCAAAATCTTT	1
284	283	1	TATTTTTTAAGCGCAAAATCTTTT	1
285	284	1	ATTTTTTAAGCGCAAAATCTTTTA	1
286	285	1	TTTTTTAAGCGCAAAATCTTTTAC	1
287	286	1	TTTTTAAGCGCAAAATCTTTTACA	1
288	287	1	TTTTAAGCGCAAAATCTTTTACAG	1
289	-1	0	CTGGTTTTGTTTTTGTACCCAATT	1
290	289	3	TGGTTTTGTTTTTGTACCCAATTA	1
291	290	5	GGTTTTGTTTTTGTACCCAATTAT	1
292	291	5	GTTTTGTTTTTGTACCCAATTATT	1
293	292	5	TTTTGTTTTTGTACCCAATTATTT	1
294	293	6	TTTGTTTTTGTACCCAATTATTTA	1
295	294	7	TTGTTTTTGTACCCAATTATTTAA	1
296	295	7	TGTTTTTGTACCCAATTATTTAAG	1
297	296	7	GTTTTTGTACCCAATTATTTAAGG	1
298	297	7	TTTTTGTACCCAATTATTTAAGGT	1
299	298	7	TTTTGTACCCAATTATTTAAGGTG	1
300	299	7	TTTGTACCCAATTATTTAAGGTGT	1
301	300	7	TTGTACCCAATTATTTAAGGTGTC	1
302	301	8	TGTACCCAATTATTTAAGGTGTCA	1
303	302	8	GTACCCAATTATTTAAGGTGTCAA	1
304	303	8	TACCCAATTATTTAAGGTGTCAAA	1
305	304	8	ACCCAATTATTTAAGGTGTCAAAT	1
306	305	8	CCCAATTATTTAAGGTGTCAAATG	1
307	306	8	CCAATTATTTAAGGTGTCAAATGT	1
308	307	8	CAATTATTTAAGGTGTCAAATGTC	1
309	308	10	AATTATTTAAGGTGTCAAATGTCT	1
310	309	10	ATTATTTAAGGTGTCAAATGTCTG	1
311	310	10	TTATTTAAGGTGTCAAATGTCTGC	1
312	311	10	TATTTAAGGTGTCAAATGTCTGCT	1
313	312	10	ATTTAAGGTGTCAAATGTCTGCTC	1
314	313	11	TTTAAGGTGTCAAATGTCTGCTCA	1
315	314	11	TTAAGGTGTCAAATGTCTGCTCAA	1
316	315	11	TAAGGTGTCAAATGTCTGCTCAAC	1
317	316	11	AAGGTGTCAAATGTCTGCTCAACA	1
318	317	11	AGGTGTCAAATGTCTGCTCAACAG	1
319	318	11	GGTGTCAAATGTCTGCTCAACAGT	1
320	319	11	GTGTCAAATGTCTGCTCAACAGTT	1
321	320	11	TGTCAAATGTCTGCTCAACAGTTT	1
322	321	11	GTCAAATGTCTGCTCAACAGTTTT	1
323	322	11	TCAAATGTCTGCTCAACAGTTTTA	1
324	323	11	CAAATGTCTGCTCAACAGTTTTAT	1
325	324	11	AAATGTCTGCTCAACAGTTTTATG	1
326	325	11	AATGTCTGCTCAACAGTTTTATGG	1
327	326	11	ATGTCTGCTCAACAGTTTTATGGT	1
328	327	11	TGTCTGCTCAACAGTTTTATGGTG	1
329	328	11	GTCTGCTCAACAGTTTTATGGTGA	1
330	329	11	TCTGCTCAACAGTTTTATGGTGAT	1
331	330	11	CTGCTCAACAGTTTTATGGTGATA	1
332	331	11	TGCTCAACAGTTTTATGGTGATAA	1
333	332	11	GCTCAACAGTTTTATGGTGATAAG	1
334	333	8	CTCAACAGTTTTATGGTGATAAGG	1
335	334	6	TCAACAGTTTTATGGTGATAAGGG	1
336	335	6	CAACAGTTTTATGGTGATAAGGGC	1
337	336	6	AACAGTTTTATGGTGATAAGGGCT	1
338	337	5	ACAGTTTTATGGTGATAAGGGCTA	1
339	338	4	CAGTTTTATGGTGATAAGGGCTAT	1
340	339	4	AGTTTTATGGTGATAAGGGCTATG	1
341	340	4	GTTTTATGGTGATAAGGGCTATGC	1
342	341	4	TTTTATGGTGATAAGGGCTATGCC	1
343	342	4	TTTATGGTGATAAGGGCTATGCCC	1
344	343	4	TTATGGTGATAAGGGCTATGCCCC	1
345	344	4	TATGGTGATAAGGGCTATGCCCCT	1
346	345	3	ATGGTGATAAGGGCTATGCCCCTG	1
347	346	3	TGGTGATAAGGGCTATGCCCCTGC	1
348	347	3	GGTGATAAGGGCTATGCCCCTGCT	1
349	348	3	GTGATAAGGGCTATGCCCCTGCTC	1
350	349	3	TGATAAGGGCTATGCCCCTGCTCC	1
351	350	3	GATAAGGGCTATGCCCCTGCTCCT	1
352	351	3	ATAAGGGCTATGCCCCTGCTCCTC	1
353	352	1	TAAGGGCTATGCCCCTGCTCCTCC	1
354	353	1	AAGGGCTATGCCCCTGCTCCTCCT	1
355	354	1	AGGGCTATGCCCCTGCTCCTCCTC	1
356	355	1	GGGCTATGCCCCTGCTCCTCCTCA	1
357	356	1	GGCTATGCCCCTGCTCCTCCTCAC	1
358	-1	0	CTGCTCCTCCTCAACAAGCTTATG	1
359	358	1	TGCTCCTCCTCAACAAGCTTATGG	1
360	359	1	GCTCCTCCTCAACAAGCTTATGGA	1
361	360	1	CTCCTCCTCAACAAGCTTATGGAG	1
362	361	1	TCCTCCTCAACAAGCTTATGGAGG	1
363	362	1	CCTCCTCAACAAGCTTATGGAGGC	1
364	363	1	CTCCTCAACAAGCTTATGGAGGCC	1
365	364	1	TCCTCAACAAGCTTATGGAGGCCC	1
366	365	1	CCTCAACAAGCTTATGGAGGCCCA	1
367	366	1	CTCAACAAGCTTATGGAGGCCCAA	1
368	367	1	TCAACAAGCTTATGGAGGCCCAAA	1
369	368	1	CAACAAGCTTATGGAGGCCCAAAC	1
370	369	1	AACAAGCTTATGGAGGCCCAAACT	1
371	370	1	ACAAGCTTATGGAGGCCCAAACTA	1
372	371	1	CAAGCTTATGGAGGCCCAAACTAT	1
373	372	1	AAGCTTATGGAGGCCCAAACTATT	1
374	373	1	AGCTTATGGAGGCCCAAACTATTA	1
375	374	1	GCTTATGGAGGCCCAAACTATTAT	1
376	375	1	CTTATGGAGGCCCAAACTATTATC	1
377	376	1	TTATGGAGGCCCAAACTATTATCC	1
378	377	1	TATGGAGGCCCAAACTATTATCCT	1
379	378	1	ATGGAGGCCCAAACTATTATCCTC	1
380	379	1	TGGAGGCCCAAACTATTATCCTCC	1
381	380	2	GGAGGCCCAAACTATTATCCTCCT	1
382	381	2	GAGGCCCAAACTATTATCCTCCTC	1
383	382	2	AGGCCCAAACTATTATCCTCCTCA	1
384	383	2	GGCCCAAACTATTATCCTCCTCAA	1
385	384	2	GCCCAAACTATTATCCTCCTCAAC	1
386	385	2	CCCAAACTATTATCCTCCTCAACA	1
387	386	2	CCAAACTATTATCCTCCTCAACAA	1
388	387	2	CAAACTATTATCCTCCTCAACAAA	1
389	388	2	AAACTATTATCCTCCTCAACAAAA	1
390	389	2	AACTATTATCCTCCTCAACAAAAT	1
391	390	2	ACTATTATCCTCCTCAACAAAATT	1
392	391	2	CTATTATCCTCCTCAACAAAATTA	1
393	392	2	TATTATCCTCCTCAACAAAATTAT	1
394	393	2	ATTATCCTCCTCAACAAAATTATC	1
395	394	2	TTATCCTCCTCAACAAAATTATCC	1
396	395	2	TATCCTCCTCAACAAAATTATCCT	1
397	396	2	ATCCTCCTCAACAAAATTATCCTC	1
398	397	2	TCCTCCTCAACAAAATTATCCTCA	1
399	398	3	CCTCCTCAACAAAATTATCCTCAA	1
400	399	3	CTCCTCAACAAAATTATCCTCAAC	1
401	400	3	TCCTCAACAAAATTATCCTCAACA	1
402	401	3	CCTCAACAAAATTATCCTCAACAA	1
403	402	3	CTCAACAAAATTATCCTCAACAAG	1
404	403	3	TCAACAAAATTATCCTCAACAAGG	1
405	404	3	CAACAAAATTATCCTCAACAAGGT	1
406	405	3	AACAAAATTATCCTCAACAAGGTT	1
407	406	4	ACAAAATTATCCTCAACAAGGTTA	1
408	407	4	CAAAATTATCCTCAACAAGGTTAT	1
409	408	5	AAAATTATCCTCAACAAGGTTATG	1
410	409	5	AAATTATCCTCAACAAGGTTATGC	1
411	410	5	AATTATCCTCAACAAGGTTATGCT	1
412	411	5	ATTATCCTCAACAAGGTTATGCTC	1
413	412	5	TTATCCTCAACAAGGTTATGCTCC	1
414	413	5	TATCCTCAACAAGGTTATGCTCCT	1
415	414	5	ATCCTCAACAAGGTTATGCTCCTC	1
416	415	5	TCCTCAACAAGGTTATGCTCCTCC	1
417	416	5	CCTCAACAAGGTTATGCTCCTCCA	1
418	417	5	CTCAACAAGGTTATGCTCCTCCAC	1
419	418	5	TCAACAAGGTTATGCTCCTCCACA	1
420	419	5	CAACAAGGTTATGCTCCTCCACAA	1
421	420	5	AACAAGGTTATGCTCCTCCACAAG	1
422	421	5	ACAAGGTTATGCTCCTCCACAAGG	1
423	422	5	CAAGGTTATGCTCCTCCACAAGGC	1
424	423	5	AAGGTTATGCTCCTCCACAAGGCT	1
425	424	5	AGGTTATGCTCCTCCACAAGGCTA	1
426	425	6	GGTTATGCTCCTCCACAAGGCTAT	1
427	426	6	GTTATGCTCCTCCACAAGGCTATC	1
428	427	6	TTATGCTCCTCCACAAGGCTATCC	1
429	428	7	TATGCTCCTCCACAAGGCTATCCT	1
430	429	7	ATGCTCCTCCACAAGGCTATCCTC	1
431	430	7	TGCTCCTCCACAAGGCTATCCTCA	1
432	431	7	GCTCCTCCACAAGGCTATCCTCAA	1
433	432	8	CTCCTCCACAAGGCTATCCTCAAG	1
434	433	9	TCCTCCACAAGGCTATCCTCAAGG	1
435	434	9	CCTCCACAAGGCTATCCTCAAGGT	1
436	435	10	CTCCACAAGGCTATCCTCAAGGTG	1
437	436	10	TCCACAAGGCTATCCTCAAGGTGG	1
438	437	10	CCACAAGGCTATCCTCAAGGTGGA	1
439	438	10	CACAAGGCTATCCTCAAGGTGGAT	1
440	439	10	ACAAGGCTATCCTCAAGGTGGATA	1
441	440	10	CAAGGCTATCCTCAAGGTGGATAT	1
442	441	10	AAGGCTATCCTCAAGGTGGATATC	1
443	442	9	AGGCTATCCTCAAGGTGGATATCC	1
444	443	9	GGCTATCCTCAAGGTGGATATCCT	1
445	444	9	GCTATCCTCAAGGTGGATATCCTG	1
446	445	9	CTATCCTCAAGGTGGATATCCTGC	1
447	446	8	TATCCTCAAGGTGGATATCCTGCT	1
448	447	8	ATCCTCAAGGTGGATATCCTGCTC	1
449	448	8	TCCTCAAGGTGGATATCCTGCTCA	1
450	449	8	CCTCAAGGTGGATATCCTGCTCAG	1
451	450	9	CTCAAGGTGGATATCCTGCTCAGC	1
452	451	9	TCAAGGTGGATATCCTGCTCAGCA	1
453	452	8	CAAGGTGGATATCCTGCTCAGCAA	1
454	453	8	AAGGTGGATATCCTGCTCAGCAAC	1
455	454	8	AGGTGGATATCCTGCTCAGCAACC	1
456	455	8	GGTGGATATCCTGCTCAGCAACCT	1
457	456	8	GTGGATATCCTGCTCAGCAACCTA	1
458	457	8	TGGATATCCTGCTCAGCAACCTAT	1
459	458	8	GGATATCCTGCTCAGCAACCTATG	1
460	459	8	GATATCCTGCTCAGCAACCTATGT	1
461	460	8	ATATCCTGCTCAGCAACCTATGTA	1
462	461	8	TATCCTGCTCAGCAACCTATGTAT	1
463	462	8	ATCCTGCTCAGCAACCTATGTATG	1
464	463	8	TCCTGCTCAGCAACCTATGTATGT	1
465	464	8	CCTGCTCAGCAACCTATGTATGTT	1
466	465	8	CTGCTCAGCAACCTATGTATGTTC	1
467	466	8	TGCTCAGCAACCTATGTATGTTCA	1
468	467	8	GCTCAGCAACCTATGTATGTTCAG	1
469	468	7	CTCAGCAACCTATGTATGTTCAGC	1
470	469	6	TCAGCAACCTATGTATGTTCAGCA	1
471	470	6	CAGCAACCTATGTATGTTCAGCAA	1
472	471	6	AGCAACCTATGTATGTTCAGCAAC	1
473	472	5	GCAACCTATGTATGTTCAGCAACC	1
474	473	4	CAACCTATGTATGTTCAGCAACCT	1
475	474	4	AACCTATGTATGTTCAGCAACCTC	1
476	475	3	ACCTATGTATGTTCAGCAACCTCA	1
477	476	3	CCTATGTATGTTCAGCAACCTCAG	1
478	477	2	CTATGTATGTTCAGCAACCTCAGG	1
479	478	2	TATGTATGTTCAGCAACCTCAGGC	1
480	479	1	ATGTATGTTCAGCAACCTCAGGCC	1
481	480	1	TGTATGTTCAGCAACCTCAGGCCA	1
482	481	1	GTATGTTCAGCAACCTCAGGCCAG	1
483	482	1	TATGTTCAGCAACCTCAGGCCAGT	1
484	483	1	ATGTTCAGCAACCTCAGGCCAGTG	1
485	484	1	TGTTCAGCAACCTCAGGCCAGTGA	1
486	485	1	GTTCAGCAACCTCAGGCCAGTGAT	1
487	486	1	TTCAGCAACCTCAGGCCAGTGATC	1
488	487	1	TCAGCAACCTCAGGCCAGTGATCC	1
489	488	1	CAGCAACCTCAGGCCAGTGATCCT	1
490	489	1	AGCAACCTCAGGCCAGTGATCCTG	1
491	490	1	GCAACCTCAGGCCAGTGATCCTGG	1
492	491	1	CAACCTCAGGCCAGTGATCCTGGT	1
493	492	1	AACCTCAGGCCAGTGATCCTGGTG	1
494	493	1	ACCTCAGGCCAGTGATCCTGGTGG	1
