Component 660
1	-1	0	CCAAGGGTTTGAACCCTTGCCTTG	1
2	1	1	CAAGGGTTTGAACCCTTGCCTTGC	1
3	2	1	AAGGGTTTGAACCCTTGCCTTGCC	1
4	3	1	AGGGTTTGAACCCTTGCCTTGCCA	1
5	4	1	GGGTTTGAACCCTTGCCTTGCCAT	1
6	5	1	GGTTTGAACCCTTGCCTTGCCATT	1
7	6	1	GTTTGAACCCTTGCCTTGCCATTG	1
8	7	1	TTTGAACCCTTGCCTTGCCATTGC	1
9	8	1	TTGAACCCTTGCCTTGCCATTGCC	1
10	9	1	TGAACCCTTGCCTTGCCATTGCCA	1
11	10	1	GAACCCTTGCCTTGCCATTGCCAA	1
12	11	1	AACCCTTGCCTTGCCATTGCCAAG	1
13	12	1	ACCCTTGCCTTGCCATTGCCAAGG	1
14	13	1	CCCTTGCCTTGCCATTGCCAAGGT	1
15	14	1	CCTTGCCTTGCCATTGCCAAGGTA	1
16	15	1	CTTGCCTTGCCATTGCCAAGGTAA	1
17	16	1	TTGCCTTGCCATTGCCAAGGTAAA	1
18	17	1	TGCCTTGCCATTGCCAAGGTAAAG	1
19	18	1	GCCTTGCCATTGCCAAGGTAAAGG	1
20	19	1	CCTTGCCATTGCCAAGGTAAAGGC	1
21	20	1	CTTGCCATTGCCAAGGTAAAGGCT	1
22	21	1	TTGCCATTGCCAAGGTAAAGGCTT	1
23	22	1	TGCCATTGCCAAGGTAAAGGCTTT	1
24	23	2	GCCATTGCCAAGGTAAAGGCTTTG	1
25	24	2	CCATTGCCAAGGTAAAGGCTTTGA	1
26	25	2	CATTGCCAAGGTAAAGGCTTTGAT	1
27	26	2	ATTGCCAAGGTAAAGGCTTTGATG	1
28	27	2	TTGCCAAGGTAAAGGCTTTGATGG	1
29	28	2	TGCCAAGGTAAAGGCTTTGATGGC	1
30	29	2	GCCAAGGTAAAGGCTTTGATGGCT	1
31	30	2	CCAAGGTAAAGGCTTTGATGGCTA	1
32	31	2	CAAGGTAAAGGCTTTGATGGCTAC	1
33	32	2	AAGGTAAAGGCTTTGATGGCTACT	1
34	33	2	AGGTAAAGGCTTTGATGGCTACTG	1
35	34	2	GGTAAAGGCTTTGATGGCTACTGC	1
36	35	2	GTAAAGGCTTTGATGGCTACTGCT	1
37	36	2	TAAAGGCTTTGATGGCTACTGCTT	1
38	37	2	AAAGGCTTTGATGGCTACTGCTTA	1
39	38	2	AAGGCTTTGATGGCTACTGCTTAA	1
40	39	2	AGGCTTTGATGGCTACTGCTTAAA	1
41	40	2	GGCTTTGATGGCTACTGCTTAAAC	1
42	41	2	GCTTTGATGGCTACTGCTTAAACA	1
43	42	2	CTTTGATGGCTACTGCTTAAACAA	1
44	43	2	TTTGATGGCTACTGCTTAAACAAG	1
45	44	2	TTGATGGCTACTGCTTAAACAAGA	1
46	45	1	TGATGGCTACTGCTTAAACAAGAT	1
47	46	1	GATGGCTACTGCTTAAACAAGATT	1
48	47	1	ATGGCTACTGCTTAAACAAGATTT	1
49	48	1	TGGCTACTGCTTAAACAAGATTTA	1
50	49	1	GGCTACTGCTTAAACAAGATTTAC	1
51	50	1	GCTACTGCTTAAACAAGATTTACG	1
52	51	1	CTACTGCTTAAACAAGATTTACGC	1
53	52	1	TACTGCTTAAACAAGATTTACGCT	1
54	53	1	ACTGCTTAAACAAGATTTACGCTT	1
55	54	1	CTGCTTAAACAAGATTTACGCTTC	1
56	55	1	TGCTTAAACAAGATTTACGCTTCT	1
57	56	1	GCTTAAACAAGATTTACGCTTCTT	1
58	57	1	CTTAAACAAGATTTACGCTTCTTT	1
59	58	1	TTAAACAAGATTTACGCTTCTTTT	1
60	59	1	TAAACAAGATTTACGCTTCTTTTT	1
61	60	1	AAACAAGATTTACGCTTCTTTTTG	1
62	61	1	AACAAGATTTACGCTTCTTTTTGT	1
63	62	2	ACAAGATTTACGCTTCTTTTTGTC	1
64	63	2	CAAGATTTACGCTTCTTTTTGTCT	1
65	64	2	AAGATTTACGCTTCTTTTTGTCTT	1
66	65	2	AGATTTACGCTTCTTTTTGTCTTT	1
67	66	4	GATTTACGCTTCTTTTTGTCTTTT	1
68	67	3	ATTTACGCTTCTTTTTGTCTTTTC	1
69	68	3	TTTACGCTTCTTTTTGTCTTTTCT	1
70	69	3	TTACGCTTCTTTTTGTCTTTTCTT	1
71	70	3	TACGCTTCTTTTTGTCTTTTCTTT	1
72	71	3	ACGCTTCTTTTTGTCTTTTCTTTC	1
73	72	3	CGCTTCTTTTTGTCTTTTCTTTCG	1
74	73	3	GCTTCTTTTTGTCTTTTCTTTCGC	1
75	74	3	CTTCTTTTTGTCTTTTCTTTCGCA	1
76	75	3	TTCTTTTTGTCTTTTCTTTCGCAT	1
77	76	3	TCTTTTTGTCTTTTCTTTCGCATC	1
78	77	3	CTTTTTGTCTTTTCTTTCGCATCT	1
79	78	3	TTTTTGTCTTTTCTTTCGCATCTG	1
80	79	3	TTTTGTCTTTTCTTTCGCATCTGA	1
81	80	3	TTTGTCTTTTCTTTCGCATCTGAT	1
82	81	3	TTGTCTTTTCTTTCGCATCTGATG	1
83	82	3	TGTCTTTTCTTTCGCATCTGATGA	1
84	83	4	GTCTTTTCTTTCGCATCTGATGAT	1
85	84	4	TCTTTTCTTTCGCATCTGATGATT	1
86	85	4	CTTTTCTTTCGCATCTGATGATTC	1
87	86	4	TTTTCTTTCGCATCTGATGATTCC	1
88	87	4	TTTCTTTCGCATCTGATGATTCCA	1
89	88	4	TTCTTTCGCATCTGATGATTCCAA	1
90	89	4	TCTTTCGCATCTGATGATTCCAAT	1
91	90	4	CTTTCGCATCTGATGATTCCAATA	1
92	91	4	TTTCGCATCTGATGATTCCAATAT	1
93	92	4	TTCGCATCTGATGATTCCAATATT	1
94	93	4	TCGCATCTGATGATTCCAATATTT	1
95	94	4	CGCATCTGATGATTCCAATATTTC	1
96	95	4	GCATCTGATGATTCCAATATTTCT	1
97	96	4	CATCTGATGATTCCAATATTTCTT	1
98	97	4	ATCTGATGATTCCAATATTTCTTG	1
99	98	4	TCTGATGATTCCAATATTTCTTGT	1
100	99	4	CTGATGATTCCAATATTTCTTGTT	1
101	100	4	TGATGATTCCAATATTTCTTGTTA	1
102	101	4	GATGATTCCAATATTTCTTGTTAA	1
103	102	4	ATGATTCCAATATTTCTTGTTAAA	1
104	103	4	TGATTCCAATATTTCTTGTTAAAG	1
105	104	4	GATTCCAATATTTCTTGTTAAAGA	1
106	105	4	ATTCCAATATTTCTTGTTAAAGAG	1
107	106	3	TTCCAATATTTCTTGTTAAAGAGG	1
108	107	3	TCCAATATTTCTTGTTAAAGAGGA	1
109	108	3	CCAATATTTCTTGTTAAAGAGGAA	1
110	109	3	CAATATTTCTTGTTAAAGAGGAAC	1
111	110	1	AATATTTCTTGTTAAAGAGGAACC	1
112	111	1	ATATTTCTTGTTAAAGAGGAACCC	1
113	112	1	TATTTCTTGTTAAAGAGGAACCCC	1
114	113	1	ATTTCTTGTTAAAGAGGAACCCCC	1
115	114	1	TTTCTTGTTAAAGAGGAACCCCCG	1
116	115	1	TTCTTGTTAAAGAGGAACCCCCGT	1
117	116	1	TCTTGTTAAAGAGGAACCCCCGTT	1
118	117	1	CTTGTTAAAGAGGAACCCCCGTTG	1
119	118	1	TTGTTAAAGAGGAACCCCCGTTGT	1
120	119	1	TGTTAAAGAGGAACCCCCGTTGTT	1
121	120	1	GTTAAAGAGGAACCCCCGTTGTTA	1
122	121	1	TTAAAGAGGAACCCCCGTTGTTAC	1
123	122	1	TAAAGAGGAACCCCCGTTGTTACT	1
124	123	1	AAAGAGGAACCCCCGTTGTTACTT	1
125	124	1	AAGAGGAACCCCCGTTGTTACTTA	1
126	125	1	AGAGGAACCCCCGTTGTTACTTAA	1
127	126	1	GAGGAACCCCCGTTGTTACTTAAC	1
128	-1	0	TTACCAATCTCGCGCTGACCGTGC	1
129	128	1	TACCAATCTCGCGCTGACCGTGCC	1
130	129	1	ACCAATCTCGCGCTGACCGTGCCA	1
131	130	1	CCAATCTCGCGCTGACCGTGCCAA	1
132	131	1	CAATCTCGCGCTGACCGTGCCAAG	1
133	132	1	AATCTCGCGCTGACCGTGCCAAGC	1
134	133	1	ATCTCGCGCTGACCGTGCCAAGCT	1
135	134	1	TCTCGCGCTGACCGTGCCAAGCTT	1
136	135	1	CTCGCGCTGACCGTGCCAAGCTTG	1
137	136	1	TCGCGCTGACCGTGCCAAGCTTGA	1
138	137	1	CGCGCTGACCGTGCCAAGCTTGAC	1
139	138	1	GCGCTGACCGTGCCAAGCTTGACG	1
140	139	1	CGCTGACCGTGCCAAGCTTGACGG	1
141	140	2	GCTGACCGTGCCAAGCTTGACGGT	1
142	141	2	CTGACCGTGCCAAGCTTGACGGTT	1
143	142	2	TGACCGTGCCAAGCTTGACGGTTT	1
144	143	2	GACCGTGCCAAGCTTGACGGTTTG	1
145	144	2	ACCGTGCCAAGCTTGACGGTTTGT	1
146	145	2	CCGTGCCAAGCTTGACGGTTTGTA	1
147	146	2	CGTGCCAAGCTTGACGGTTTGTAT	1
148	147	2	GTGCCAAGCTTGACGGTTTGTATG	1
149	148	2	TGCCAAGCTTGACGGTTTGTATGA	1
150	149	2	GCCAAGCTTGACGGTTTGTATGAA	1
151	150	2	CCAAGCTTGACGGTTTGTATGAAT	1
152	151	2	CAAGCTTGACGGTTTGTATGAATG	1
153	152	2	AAGCTTGACGGTTTGTATGAATGT	1
154	153	2	AGCTTGACGGTTTGTATGAATGTA	1
155	154	2	GCTTGACGGTTTGTATGAATGTAT	1
156	155	2	CTTGACGGTTTGTATGAATGTATT	1
157	156	2	TTGACGGTTTGTATGAATGTATTT	1
158	157	2	TGACGGTTTGTATGAATGTATTTT	1
159	158	2	GACGGTTTGTATGAATGTATTTTG	1
160	159	4	ACGGTTTGTATGAATGTATTTTGT	1
161	160	5	CGGTTTGTATGAATGTATTTTGTG	1
162	161	5	GGTTTGTATGAATGTATTTTGTGT	1
163	162	5	GTTTGTATGAATGTATTTTGTGTG	1
164	163	5	TTTGTATGAATGTATTTTGTGTGC	1
165	164	5	TTGTATGAATGTATTTTGTGTGCC	1
166	165	5	TGTATGAATGTATTTTGTGTGCCT	1
167	166	5	GTATGAATGTATTTTGTGTGCCTG	1
168	167	5	TATGAATGTATTTTGTGTGCCTGT	1
169	168	5	ATGAATGTATTTTGTGTGCCTGTT	1
170	169	5	TGAATGTATTTTGTGTGCCTGTTG	1
171	170	5	GAATGTATTTTGTGTGCCTGTTGT	1
172	171	5	AATGTATTTTGTGTGCCTGTTGTT	1
173	172	4	ATGTATTTTGTGTGCCTGTTGTTC	1
174	173	4	TGTATTTTGTGTGCCTGTTGTTCT	1
175	174	4	GTATTTTGTGTGCCTGTTGTTCTA	1
176	175	4	TATTTTGTGTGCCTGTTGTTCTAC	1
177	176	4	ATTTTGTGTGCCTGTTGTTCTACC	1
178	177	4	TTTTGTGTGCCTGTTGTTCTACCT	1
179	178	4	TTTGTGTGCCTGTTGTTCTACCTC	1
180	179	4	TTGTGTGCCTGTTGTTCTACCTCT	1
181	180	4	TGTGTGCCTGTTGTTCTACCTCTT	1
182	181	4	GTGTGCCTGTTGTTCTACCTCTTG	1
183	182	4	TGTGCCTGTTGTTCTACCTCTTGT	1
184	183	4	GTGCCTGTTGTTCTACCTCTTGTC	1
185	184	3	TGCCTGTTGTTCTACCTCTTGTCC	1
186	185	3	GCCTGTTGTTCTACCTCTTGTCCA	1
187	186	3	CCTGTTGTTCTACCTCTTGTCCAT	1
188	187	3	CTGTTGTTCTACCTCTTGTCCATC	1
189	188	3	TGTTGTTCTACCTCTTGTCCATCT	1
190	189	3	GTTGTTCTACCTCTTGTCCATCTT	1
191	190	3	TTGTTCTACCTCTTGTCCATCTTA	1
192	191	3	TGTTCTACCTCTTGTCCATCTTAC	1
193	192	3	GTTCTACCTCTTGTCCATCTTACT	1
194	193	3	TTCTACCTCTTGTCCATCTTACTG	1
195	194	3	TCTACCTCTTGTCCATCTTACTGG	1
196	195	3	CTACCTCTTGTCCATCTTACTGGT	1
197	196	3	TACCTCTTGTCCATCTTACTGGTG	1
198	197	3	ACCTCTTGTCCATCTTACTGGTGG	1
199	198	3	CCTCTTGTCCATCTTACTGGTGGA	1
200	199	3	CTCTTGTCCATCTTACTGGTGGAA	1
201	200	2	TCTTGTCCATCTTACTGGTGGAAC	1
202	201	2	CTTGTCCATCTTACTGGTGGAACT	1
203	202	2	TTGTCCATCTTACTGGTGGAACTC	1
204	203	1	TGTCCATCTTACTGGTGGAACTCA	1
205	-1	0	TTTTGATGCAGGCTTATCGTTGGA	1
206	205	1	TTTGATGCAGGCTTATCGTTGGAT	1
207	206	1	TTGATGCAGGCTTATCGTTGGATC	1
208	207	1	TGATGCAGGCTTATCGTTGGATCA	1
209	208	1	GATGCAGGCTTATCGTTGGATCAT	1
210	209	1	ATGCAGGCTTATCGTTGGATCATC	1
211	210	1	TGCAGGCTTATCGTTGGATCATCG	1
212	211	1	GCAGGCTTATCGTTGGATCATCGA	1
213	212	2	CAGGCTTATCGTTGGATCATCGAT	1
214	213	2	AGGCTTATCGTTGGATCATCGATT	1
215	214	2	GGCTTATCGTTGGATCATCGATTC	1
216	215	2	GCTTATCGTTGGATCATCGATTCT	1
217	216	2	CTTATCGTTGGATCATCGATTCTC	1
218	217	2	TTATCGTTGGATCATCGATTCTCG	1
219	218	2	TATCGTTGGATCATCGATTCTCGT	1
220	219	2	ATCGTTGGATCATCGATTCTCGTG	1
221	220	2	TCGTTGGATCATCGATTCTCGTGA	1
222	221	2	CGTTGGATCATCGATTCTCGTGAT	1
223	222	2	GTTGGATCATCGATTCTCGTGATC	1
224	223	2	TTGGATCATCGATTCTCGTGATCA	1
225	224	2	TGGATCATCGATTCTCGTGATCAA	1
226	225	2	GGATCATCGATTCTCGTGATCAAG	1
227	226	2	GATCATCGATTCTCGTGATCAAGC	1
228	227	2	ATCATCGATTCTCGTGATCAAGCT	1
229	228	2	TCATCGATTCTCGTGATCAAGCTA	1
230	229	2	CATCGATTCTCGTGATCAAGCTAC	1
231	230	2	ATCGATTCTCGTGATCAAGCTACT	1
232	231	2	TCGATTCTCGTGATCAAGCTACTG	1
233	232	2	CGATTCTCGTGATCAAGCTACTGC	1
234	233	2	GATTCTCGTGATCAAGCTACTGCT	1
235	234	2	ATTCTCGTGATCAAGCTACTGCTA	1
236	235	2	TTCTCGTGATCAAGCTACTGCTAA	1
237	236	3	TCTCGTGATCAAGCTACTGCTAAA	1
238	237	3	CTCGTGATCAAGCTACTGCTAAAC	1
239	238	3	TCGTGATCAAGCTACTGCTAAACG	1
240	239	3	CGTGATCAAGCTACTGCTAAACGT	1
241	240	3	GTGATCAAGCTACTGCTAAACGTT	1
242	241	3	TGATCAAGCTACTGCTAAACGTTT	1
243	242	3	GATCAAGCTACTGCTAAACGTTTG	1
244	243	3	ATCAAGCTACTGCTAAACGTTTGG	1
245	244	3	TCAAGCTACTGCTAAACGTTTGGA	1
246	245	3	CAAGCTACTGCTAAACGTTTGGAT	1
247	246	3	AAGCTACTGCTAAACGTTTGGATG	1
248	247	3	AGCTACTGCTAAACGTTTGGATGT	1
249	248	3	GCTACTGCTAAACGTTTGGATGTC	1
250	249	2	CTACTGCTAAACGTTTGGATGTCA	1
251	250	2	TACTGCTAAACGTTTGGATGTCAT	1
252	251	2	ACTGCTAAACGTTTGGATGTCATG	1
253	252	2	CTGCTAAACGTTTGGATGTCATGC	1
254	253	2	TGCTAAACGTTTGGATGTCATGCA	1
255	254	3	GCTAAACGTTTGGATGTCATGCAG	1
256	255	3	CTAAACGTTTGGATGTCATGCAGA	1
257	256	2	TAAACGTTTGGATGTCATGCAGAA	1
258	257	2	AAACGTTTGGATGTCATGCAGAAC	1
259	258	2	AACGTTTGGATGTCATGCAGAACT	1
260	259	2	ACGTTTGGATGTCATGCAGAACTC	1
261	260	2	CGTTTGGATGTCATGCAGAACTCT	1
262	261	2	GTTTGGATGTCATGCAGAACTCTA	1
263	262	2	TTTGGATGTCATGCAGAACTCTAT	1
264	263	2	TTGGATGTCATGCAGAACTCTATG	1
265	264	2	TGGATGTCATGCAGAACTCTATGT	1
266	265	2	GGATGTCATGCAGAACTCTATGTC	1
267	266	3	GATGTCATGCAGAACTCTATGTCT	1
268	267	3	ATGTCATGCAGAACTCTATGTCTG	1
269	268	3	TGTCATGCAGAACTCTATGTCTGT	1
270	269	3	GTCATGCAGAACTCTATGTCTGTC	1
271	270	3	TCATGCAGAACTCTATGTCTGTCT	1
272	271	3	CATGCAGAACTCTATGTCTGTCTA	1
273	272	3	ATGCAGAACTCTATGTCTGTCTAT	1
274	273	3	TGCAGAACTCTATGTCTGTCTATC	1
275	274	3	GCAGAACTCTATGTCTGTCTATCG	1
276	275	3	CAGAACTCTATGTCTGTCTATCGT	1
277	276	4	AGAACTCTATGTCTGTCTATCGTT	1
278	277	4	GAACTCTATGTCTGTCTATCGTTG	1
279	278	4	AACTCTATGTCTGTCTATCGTTGC	1
280	279	4	ACTCTATGTCTGTCTATCGTTGCC	1
281	280	2	CTCTATGTCTGTCTATCGTTGCCA	1
282	281	2	TCTATGTCTGTCTATCGTTGCCAT	1
283	282	2	CTATGTCTGTCTATCGTTGCCATA	1
284	283	2	TATGTCTGTCTATCGTTGCCATAC	1
285	284	2	ATGTCTGTCTATCGTTGCCATACC	1
286	285	2	TGTCTGTCTATCGTTGCCATACCA	1
287	286	2	GTCTGTCTATCGTTGCCATACCAT	1
288	287	2	TCTGTCTATCGTTGCCATACCATT	1
289	288	2	CTGTCTATCGTTGCCATACCATTA	1
290	289	2	TGTCTATCGTTGCCATACCATTAT	1
291	290	2	GTCTATCGTTGCCATACCATTATG	1
292	291	2	TCTATCGTTGCCATACCATTATGA	1
293	292	2	CTATCGTTGCCATACCATTATGAA	1
294	293	2	TATCGTTGCCATACCATTATGAAT	1
295	294	2	ATCGTTGCCATACCATTATGAATT	1
296	295	2	TCGTTGCCATACCATTATGAATTG	1
297	296	2	CGTTGCCATACCATTATGAATTGC	1
298	297	2	GTTGCCATACCATTATGAATTGCG	1
299	298	1	TTGCCATACCATTATGAATTGCGC	1
300	299	1	TGCCATACCATTATGAATTGCGCT	1
301	300	1	GCCATACCATTATGAATTGCGCTC	1
302	301	1	CCATACCATTATGAATTGCGCTCG	1
303	302	1	CATACCATTATGAATTGCGCTCGT	1
304	303	1	ATACCATTATGAATTGCGCTCGTA	1
305	304	1	TACCATTATGAATTGCGCTCGTAC	1
306	305	1	ACCATTATGAATTGCGCTCGTACT	1
307	306	1	CCATTATGAATTGCGCTCGTACTT	1
308	307	1	CATTATGAATTGCGCTCGTACTTG	1
309	308	1	ATTATGAATTGCGCTCGTACTTGT	1
310	309	1	TTATGAATTGCGCTCGTACTTGTC	1
311	310	1	TATGAATTGCGCTCGTACTTGTCC	1
312	311	1	ATGAATTGCGCTCGTACTTGTCCC	1
313	312	1	TGAATTGCGCTCGTACTTGTCCCA	1
314	313	1	GAATTGCGCTCGTACTTGTCCCAA	1
315	314	1	AATTGCGCTCGTACTTGTCCCAAG	1
316	315	1	ATTGCGCTCGTACTTGTCCCAAGG	1
317	316	1	TTGCGCTCGTACTTGTCCCAAGGG	1
318	317	1	TGCGCTCGTACTTGTCCCAAGGGT	1
319	318	1	GCGCTCGTACTTGTCCCAAGGGTT	1
320	319	1	CGCTCGTACTTGTCCCAAGGGTTT	1
321	-1	0	CGATTTTTTTTACTTGCGTAGCTC	1
322	321	1	GATTTTTTTTACTTGCGTAGCTCT	1
323	322	1	ATTTTTTTTACTTGCGTAGCTCTG	1
324	323	1	TTTTTTTTACTTGCGTAGCTCTGT	1
325	324	1	TTTTTTTACTTGCGTAGCTCTGTG	1
326	325	1	TTTTTTACTTGCGTAGCTCTGTGT	1
327	326	1	TTTTTACTTGCGTAGCTCTGTGTT	1
328	327	1	TTTTACTTGCGTAGCTCTGTGTTT	1
329	328	1	TTTACTTGCGTAGCTCTGTGTTTA	1
330	329	1	TTACTTGCGTAGCTCTGTGTTTAG	1
331	330	1	TACTTGCGTAGCTCTGTGTTTAGC	1
332	331	1	ACTTGCGTAGCTCTGTGTTTAGCT	1
333	332	1	CTTGCGTAGCTCTGTGTTTAGCTG	1
334	333	1	TTGCGTAGCTCTGTGTTTAGCTGT	1
335	334	1	TGCGTAGCTCTGTGTTTAGCTGTC	1
336	335	1	GCGTAGCTCTGTGTTTAGCTGTCA	1
337	336	1	CGTAGCTCTGTGTTTAGCTGTCAT	1
338	337	1	GTAGCTCTGTGTTTAGCTGTCATC	1
339	338	1	TAGCTCTGTGTTTAGCTGTCATCT	1
340	339	1	AGCTCTGTGTTTAGCTGTCATCTA	1
341	340	1	GCTCTGTGTTTAGCTGTCATCTAT	1
342	341	1	CTCTGTGTTTAGCTGTCATCTATG	1
343	342	1	TCTGTGTTTAGCTGTCATCTATGC	1
344	343	1	CTGTGTTTAGCTGTCATCTATGCT	1
345	344	1	TGTGTTTAGCTGTCATCTATGCTA	1
346	345	2	GTGTTTAGCTGTCATCTATGCTAC	1
347	346	2	TGTTTAGCTGTCATCTATGCTACA	1
348	347	2	GTTTAGCTGTCATCTATGCTACAT	1
349	348	2	TTTAGCTGTCATCTATGCTACATT	1
350	349	3	TTAGCTGTCATCTATGCTACATTA	1
351	350	3	TAGCTGTCATCTATGCTACATTAC	1
352	351	3	AGCTGTCATCTATGCTACATTACT	1
353	352	3	GCTGTCATCTATGCTACATTACTT	1
354	353	3	CTGTCATCTATGCTACATTACTTT	1
355	354	3	TGTCATCTATGCTACATTACTTTC	1
356	355	3	GTCATCTATGCTACATTACTTTCT	1
357	356	3	TCATCTATGCTACATTACTTTCTC	1
358	357	3	CATCTATGCTACATTACTTTCTCG	1
359	358	3	ATCTATGCTACATTACTTTCTCGA	1
360	359	3	TCTATGCTACATTACTTTCTCGAT	1
361	360	3	CTATGCTACATTACTTTCTCGATC	1
362	361	3	TATGCTACATTACTTTCTCGATCT	1
363	362	3	ATGCTACATTACTTTCTCGATCTG	1
364	363	3	TGCTACATTACTTTCTCGATCTGA	1
365	364	4	GCTACATTACTTTCTCGATCTGAC	1
366	365	4	CTACATTACTTTCTCGATCTGACC	1
367	366	4	TACATTACTTTCTCGATCTGACCA	1
368	367	4	ACATTACTTTCTCGATCTGACCAT	1
369	368	4	CATTACTTTCTCGATCTGACCATT	1
370	369	4	ATTACTTTCTCGATCTGACCATTA	1
371	370	4	TTACTTTCTCGATCTGACCATTAC	1
372	371	4	TACTTTCTCGATCTGACCATTACT	1
373	372	4	ACTTTCTCGATCTGACCATTACTT	1
374	373	4	CTTTCTCGATCTGACCATTACTTT	1
375	374	4	TTTCTCGATCTGACCATTACTTTT	1
376	375	4	TTCTCGATCTGACCATTACTTTTG	1
377	376	4	TCTCGATCTGACCATTACTTTTGC	1
378	377	4	CTCGATCTGACCATTACTTTTGCG	1
379	378	4	TCGATCTGACCATTACTTTTGCGT	1
380	379	4	CGATCTGACCATTACTTTTGCGTT	1
381	380	4	GATCTGACCATTACTTTTGCGTTG	1
382	381	4	ATCTGACCATTACTTTTGCGTTGT	1
383	382	4	TCTGACCATTACTTTTGCGTTGTT	1
384	383	4	CTGACCATTACTTTTGCGTTGTTC	1
385	384	4	TGACCATTACTTTTGCGTTGTTCC	1
386	385	4	GACCATTACTTTTGCGTTGTTCCC	1
387	386	4	ACCATTACTTTTGCGTTGTTCCCG	1
388	387	4	CCATTACTTTTGCGTTGTTCCCGT	1
389	388	4	CATTACTTTTGCGTTGTTCCCGTT	1
390	389	3	ATTACTTTTGCGTTGTTCCCGTTA	1
391	390	3	TTACTTTTGCGTTGTTCCCGTTAA	1
392	391	3	TACTTTTGCGTTGTTCCCGTTAAT	1
393	392	3	ACTTTTGCGTTGTTCCCGTTAATG	1
394	393	2	CTTTTGCGTTGTTCCCGTTAATGA	1
395	394	2	TTTTGCGTTGTTCCCGTTAATGAA	1
396	395	2	TTTGCGTTGTTCCCGTTAATGAAC	1
397	396	2	TTGCGTTGTTCCCGTTAATGAACC	1
398	397	2	TGCGTTGTTCCCGTTAATGAACCC	1
399	398	2	GCGTTGTTCCCGTTAATGAACCCT	1
400	399	2	CGTTGTTCCCGTTAATGAACCCTT	1
401	400	2	GTTGTTCCCGTTAATGAACCCTTT	1
402	401	2	TTGTTCCCGTTAATGAACCCTTTA	1
403	402	2	TGTTCCCGTTAATGAACCCTTTAT	1
404	403	2	GTTCCCGTTAATGAACCCTTTATT	1
405	404	2	TTCCCGTTAATGAACCCTTTATTT	1
406	405	2	TCCCGTTAATGAACCCTTTATTTT	1
407	406	2	CCCGTTAATGAACCCTTTATTTTT	1
408	407	2	CCGTTAATGAACCCTTTATTTTTA	1
409	408	1	CGTTAATGAACCCTTTATTTTTAT	1
