Component 669
1	-1	0	TTCGTATCGTCAATGAGCCTACTG	1
2	1	1	TCGTATCGTCAATGAGCCTACTGC	1
3	2	1	CGTATCGTCAATGAGCCTACTGCG	1
4	3	1	GTATCGTCAATGAGCCTACTGCGG	1
5	4	1	TATCGTCAATGAGCCTACTGCGGC	1
6	5	1	ATCGTCAATGAGCCTACTGCGGCT	1
7	6	1	TCGTCAATGAGCCTACTGCGGCTG	1
8	7	2	CGTCAATGAGCCTACTGCGGCTGC	1
9	8	2	GTCAATGAGCCTACTGCGGCTGCT	1
10	9	2	TCAATGAGCCTACTGCGGCTGCTA	1
11	10	2	CAATGAGCCTACTGCGGCTGCTAT	1
12	11	2	AATGAGCCTACTGCGGCTGCTATT	1
13	12	2	ATGAGCCTACTGCGGCTGCTATTG	1
14	13	2	TGAGCCTACTGCGGCTGCTATTGC	1
15	14	2	GAGCCTACTGCGGCTGCTATTGCC	1
16	15	2	AGCCTACTGCGGCTGCTATTGCCT	1
17	16	2	GCCTACTGCGGCTGCTATTGCCTA	1
18	17	2	CCTACTGCGGCTGCTATTGCCTAC	1
19	18	2	CTACTGCGGCTGCTATTGCCTACG	1
20	19	2	TACTGCGGCTGCTATTGCCTACGG	1
21	20	2	ACTGCGGCTGCTATTGCCTACGGA	1
22	21	2	CTGCGGCTGCTATTGCCTACGGAT	1
23	22	2	TGCGGCTGCTATTGCCTACGGATT	1
24	23	3	GCGGCTGCTATTGCCTACGGATTA	1
25	24	3	CGGCTGCTATTGCCTACGGATTAG	1
26	25	3	GGCTGCTATTGCCTACGGATTAGA	1
27	26	3	GCTGCTATTGCCTACGGATTAGAC	1
28	27	3	CTGCTATTGCCTACGGATTAGACA	1
29	28	3	TGCTATTGCCTACGGATTAGACAA	1
30	29	3	GCTATTGCCTACGGATTAGACAAA	1
31	30	3	CTATTGCCTACGGATTAGACAAAA	1
32	31	3	TATTGCCTACGGATTAGACAAAAC	1
33	32	3	ATTGCCTACGGATTAGACAAAACT	1
34	33	3	TTGCCTACGGATTAGACAAAACTG	1
35	34	3	TGCCTACGGATTAGACAAAACTGA	1
36	35	3	GCCTACGGATTAGACAAAACTGAT	1
37	36	3	CCTACGGATTAGACAAAACTGATA	1
38	37	3	CTACGGATTAGACAAAACTGATAC	1
39	38	3	TACGGATTAGACAAAACTGATACA	1
40	39	3	ACGGATTAGACAAAACTGATACAG	1
41	40	3	CGGATTAGACAAAACTGATACAGA	1
42	41	3	GGATTAGACAAAACTGATACAGAG	1
43	42	3	GATTAGACAAAACTGATACAGAGA	1
44	43	3	ATTAGACAAAACTGATACAGAGAA	1
45	44	3	TTAGACAAAACTGATACAGAGAAG	1
46	45	1	TAGACAAAACTGATACAGAGAAGC	1
47	46	1	AGACAAAACTGATACAGAGAAGCA	1
48	47	1	GACAAAACTGATACAGAGAAGCAT	1
49	48	1	ACAAAACTGATACAGAGAAGCATA	1
50	49	1	CAAAACTGATACAGAGAAGCATAT	1
51	50	1	AAAACTGATACAGAGAAGCATATT	1
52	51	1	AAACTGATACAGAGAAGCATATTG	1
53	52	1	AACTGATACAGAGAAGCATATTGT	1
54	53	1	ACTGATACAGAGAAGCATATTGTT	1
55	54	1	CTGATACAGAGAAGCATATTGTTG	1
56	55	1	TGATACAGAGAAGCATATTGTTGT	1
57	56	1	GATACAGAGAAGCATATTGTTGTT	1
58	57	1	ATACAGAGAAGCATATTGTTGTTT	1
59	58	1	TACAGAGAAGCATATTGTTGTTTA	1
60	59	1	ACAGAGAAGCATATTGTTGTTTAT	1
61	60	1	CAGAGAAGCATATTGTTGTTTATG	1
62	61	1	AGAGAAGCATATTGTTGTTTATGA	1
63	62	1	GAGAAGCATATTGTTGTTTATGAT	1
64	63	1	AGAAGCATATTGTTGTTTATGATT	1
65	64	1	GAAGCATATTGTTGTTTATGATTT	1
66	65	1	AAGCATATTGTTGTTTATGATTTA	1
67	66	1	AGCATATTGTTGTTTATGATTTAG	1
68	-1	0	ATTCTTAGTAAAATGAAGCAAACT	1
69	68	1	TTCTTAGTAAAATGAAGCAAACTG	1
70	69	1	TCTTAGTAAAATGAAGCAAACTGC	1
71	70	1	CTTAGTAAAATGAAGCAAACTGCT	1
72	71	1	TTAGTAAAATGAAGCAAACTGCTG	1
73	72	1	TAGTAAAATGAAGCAAACTGCTGA	1
74	73	1	AGTAAAATGAAGCAAACTGCTGAA	1
75	74	2	GTAAAATGAAGCAAACTGCTGAAG	1
76	75	2	TAAAATGAAGCAAACTGCTGAAGC	1
77	76	2	AAAATGAAGCAAACTGCTGAAGCT	1
78	77	2	AAATGAAGCAAACTGCTGAAGCTT	1
79	78	1	AATGAAGCAAACTGCTGAAGCTTA	1
80	79	1	ATGAAGCAAACTGCTGAAGCTTAC	1
81	80	1	TGAAGCAAACTGCTGAAGCTTACC	1
82	81	1	GAAGCAAACTGCTGAAGCTTACCT	1
83	82	1	AAGCAAACTGCTGAAGCTTACCTC	1
84	83	1	AGCAAACTGCTGAAGCTTACCTCG	1
85	84	1	GCAAACTGCTGAAGCTTACCTCGG	1
86	85	1	CAAACTGCTGAAGCTTACCTCGGA	1
87	86	1	AAACTGCTGAAGCTTACCTCGGAA	1
88	87	1	AACTGCTGAAGCTTACCTCGGAAA	1
89	88	1	ACTGCTGAAGCTTACCTCGGAAAG	1
90	89	1	CTGCTGAAGCTTACCTCGGAAAGC	1
91	90	1	TGCTGAAGCTTACCTCGGAAAGCC	1
92	91	1	GCTGAAGCTTACCTCGGAAAGCCT	1
93	92	1	CTGAAGCTTACCTCGGAAAGCCTG	1
94	93	1	TGAAGCTTACCTCGGAAAGCCTGT	1
95	94	1	GAAGCTTACCTCGGAAAGCCTGTC	1
96	95	1	AAGCTTACCTCGGAAAGCCTGTCA	1
97	96	1	AGCTTACCTCGGAAAGCCTGTCAC	1
98	97	1	GCTTACCTCGGAAAGCCTGTCACT	1
99	98	1	CTTACCTCGGAAAGCCTGTCACTC	1
100	99	1	TTACCTCGGAAAGCCTGTCACTCA	1
101	100	1	TACCTCGGAAAGCCTGTCACTCAC	1
102	101	1	ACCTCGGAAAGCCTGTCACTCACG	1
103	102	1	CCTCGGAAAGCCTGTCACTCACGC	1
104	103	2	CTCGGAAAGCCTGTCACTCACGCT	1
105	104	2	TCGGAAAGCCTGTCACTCACGCTG	1
106	105	2	CGGAAAGCCTGTCACTCACGCTGT	1
107	106	2	GGAAAGCCTGTCACTCACGCTGTT	1
108	107	2	GAAAGCCTGTCACTCACGCTGTTG	1
109	108	2	AAAGCCTGTCACTCACGCTGTTGT	1
110	109	2	AAGCCTGTCACTCACGCTGTTGTT	1
111	110	2	AGCCTGTCACTCACGCTGTTGTTA	1
112	111	3	GCCTGTCACTCACGCTGTTGTTAC	1
113	112	2	CCTGTCACTCACGCTGTTGTTACT	1
114	113	2	CTGTCACTCACGCTGTTGTTACTG	1
115	114	4	TGTCACTCACGCTGTTGTTACTGT	1
116	115	4	GTCACTCACGCTGTTGTTACTGTC	1
117	116	4	TCACTCACGCTGTTGTTACTGTCC	1
118	117	4	CACTCACGCTGTTGTTACTGTCCC	1
119	118	4	ACTCACGCTGTTGTTACTGTCCCC	1
120	119	4	CTCACGCTGTTGTTACTGTCCCCG	1
121	120	4	TCACGCTGTTGTTACTGTCCCCGC	1
122	121	4	CACGCTGTTGTTACTGTCCCCGCC	1
123	122	4	ACGCTGTTGTTACTGTCCCCGCCT	1
124	123	4	CGCTGTTGTTACTGTCCCCGCCTA	1
125	124	4	GCTGTTGTTACTGTCCCCGCCTAC	1
126	125	4	CTGTTGTTACTGTCCCCGCCTACT	1
127	126	4	TGTTGTTACTGTCCCCGCCTACTT	1
128	127	4	GTTGTTACTGTCCCCGCCTACTTC	1
129	128	5	TTGTTACTGTCCCCGCCTACTTCA	1
130	129	5	TGTTACTGTCCCCGCCTACTTCAA	1
131	130	5	GTTACTGTCCCCGCCTACTTCAAT	1
132	131	5	TTACTGTCCCCGCCTACTTCAATG	1
133	132	5	TACTGTCCCCGCCTACTTCAATGA	1
134	133	5	ACTGTCCCCGCCTACTTCAATGAC	1
135	134	5	CTGTCCCCGCCTACTTCAATGACG	1
136	135	5	TGTCCCCGCCTACTTCAATGACGC	1
137	136	5	GTCCCCGCCTACTTCAATGACGCT	1
138	137	5	TCCCCGCCTACTTCAATGACGCTC	1
139	138	5	CCCCGCCTACTTCAATGACGCTCA	1
140	139	5	CCCGCCTACTTCAATGACGCTCAG	1
141	140	4	CCGCCTACTTCAATGACGCTCAGC	1
142	141	4	CGCCTACTTCAATGACGCTCAGCG	1
143	142	4	GCCTACTTCAATGACGCTCAGCGT	1
144	143	4	CCTACTTCAATGACGCTCAGCGTC	1
145	144	4	CTACTTCAATGACGCTCAGCGTCA	1
146	145	4	TACTTCAATGACGCTCAGCGTCAG	1
147	146	4	ACTTCAATGACGCTCAGCGTCAGG	1
148	147	3	CTTCAATGACGCTCAGCGTCAGGC	1
149	148	3	TTCAATGACGCTCAGCGTCAGGCT	1
150	149	3	TCAATGACGCTCAGCGTCAGGCTA	1
151	150	3	CAATGACGCTCAGCGTCAGGCTAC	1
152	151	3	AATGACGCTCAGCGTCAGGCTACC	1
153	152	2	ATGACGCTCAGCGTCAGGCTACCA	1
154	153	2	TGACGCTCAGCGTCAGGCTACCAA	1
155	154	2	GACGCTCAGCGTCAGGCTACCAAG	1
156	155	1	ACGCTCAGCGTCAGGCTACCAAGG	1
157	156	1	CGCTCAGCGTCAGGCTACCAAGGA	1
158	157	1	GCTCAGCGTCAGGCTACCAAGGAT	1
159	158	1	CTCAGCGTCAGGCTACCAAGGATG	1
160	159	1	TCAGCGTCAGGCTACCAAGGATGC	1
161	160	1	CAGCGTCAGGCTACCAAGGATGCT	1
162	161	1	AGCGTCAGGCTACCAAGGATGCTG	1
163	162	1	GCGTCAGGCTACCAAGGATGCTGG	1
164	163	1	CGTCAGGCTACCAAGGATGCTGGT	1
165	164	1	GTCAGGCTACCAAGGATGCTGGTC	1
166	165	1	TCAGGCTACCAAGGATGCTGGTCC	1
167	166	1	CAGGCTACCAAGGATGCTGGTCCT	1
168	167	1	AGGCTACCAAGGATGCTGGTCCTA	1
169	168	1	GGCTACCAAGGATGCTGGTCCTAT	1
170	169	1	GCTACCAAGGATGCTGGTCCTATT	1
171	170	1	CTACCAAGGATGCTGGTCCTATTG	1
172	171	1	TACCAAGGATGCTGGTCCTATTGC	1
173	-1	0	TTTAAGCTACTTTGTAGCTTTATT	1
174	173	1	TTAAGCTACTTTGTAGCTTTATTC	1
175	174	1	TAAGCTACTTTGTAGCTTTATTCC	1
176	175	1	AAGCTACTTTGTAGCTTTATTCCT	1
177	176	1	AGCTACTTTGTAGCTTTATTCCTC	1
178	177	1	GCTACTTTGTAGCTTTATTCCTCC	1
179	178	1	CTACTTTGTAGCTTTATTCCTCCT	1
180	179	1	TACTTTGTAGCTTTATTCCTCCTA	1
181	180	1	ACTTTGTAGCTTTATTCCTCCTAC	1
182	181	1	CTTTGTAGCTTTATTCCTCCTACC	1
183	182	1	TTTGTAGCTTTATTCCTCCTACCT	1
184	183	1	TTGTAGCTTTATTCCTCCTACCTA	1
185	184	1	TGTAGCTTTATTCCTCCTACCTAT	1
186	185	1	GTAGCTTTATTCCTCCTACCTATG	1
187	186	1	TAGCTTTATTCCTCCTACCTATGG	1
188	187	1	AGCTTTATTCCTCCTACCTATGGC	1
189	188	1	GCTTTATTCCTCCTACCTATGGCT	1
190	189	1	CTTTATTCCTCCTACCTATGGCTT	1
191	190	1	TTTATTCCTCCTACCTATGGCTTT	1
192	191	1	TTATTCCTCCTACCTATGGCTTTT	1
193	192	1	TATTCCTCCTACCTATGGCTTTTG	1
194	193	1	ATTCCTCCTACCTATGGCTTTTGC	1
195	194	1	TTCCTCCTACCTATGGCTTTTGCT	1
196	195	1	TCCTCCTACCTATGGCTTTTGCTA	1
197	196	1	CCTCCTACCTATGGCTTTTGCTAG	1
198	197	1	CTCCTACCTATGGCTTTTGCTAGT	1
199	198	1	TCCTACCTATGGCTTTTGCTAGTG	1
200	199	1	CCTACCTATGGCTTTTGCTAGTGG	1
201	200	1	CTACCTATGGCTTTTGCTAGTGGT	1
202	201	1	TACCTATGGCTTTTGCTAGTGGTG	1
203	202	1	ACCTATGGCTTTTGCTAGTGGTGA	1
204	203	1	CCTATGGCTTTTGCTAGTGGTGAT	1
205	204	1	CTATGGCTTTTGCTAGTGGTGATG	1
206	205	1	TATGGCTTTTGCTAGTGGTGATGA	1
207	206	1	ATGGCTTTTGCTAGTGGTGATGAT	1
208	207	1	TGGCTTTTGCTAGTGGTGATGATA	1
209	208	1	GGCTTTTGCTAGTGGTGATGATAA	1
210	209	1	GCTTTTGCTAGTGGTGATGATAAC	1
211	210	1	CTTTTGCTAGTGGTGATGATAACT	1
212	211	1	TTTTGCTAGTGGTGATGATAACTC	1
213	212	2	TTTGCTAGTGGTGATGATAACTCT	1
214	213	2	TTGCTAGTGGTGATGATAACTCTA	1
215	214	2	TGCTAGTGGTGATGATAACTCTAC	1
216	215	2	GCTAGTGGTGATGATAACTCTACA	1
217	216	2	CTAGTGGTGATGATAACTCTACAG	1
218	217	1	TAGTGGTGATGATAACTCTACAGA	1
219	218	1	AGTGGTGATGATAACTCTACAGAA	1
220	219	1	GTGGTGATGATAACTCTACAGAAT	1
221	220	1	TGGTGATGATAACTCTACAGAATC	1
222	221	1	GGTGATGATAACTCTACAGAATCA	1
223	222	1	GTGATGATAACTCTACAGAATCAT	1
224	223	1	TGATGATAACTCTACAGAATCATA	1
225	224	1	GATGATAACTCTACAGAATCATAT	1
226	225	1	ATGATAACTCTACAGAATCATATG	1
227	226	1	TGATAACTCTACAGAATCATATGG	1
228	227	1	GATAACTCTACAGAATCATATGGA	1
229	228	1	ATAACTCTACAGAATCATATGGAA	1
230	229	1	TAACTCTACAGAATCATATGGAAC	1
231	230	1	AACTCTACAGAATCATATGGAACA	1
232	231	1	ACTCTACAGAATCATATGGAACAG	1
233	232	1	CTCTACAGAATCATATGGAACAGT	1
234	233	1	TCTACAGAATCATATGGAACAGTT	1
235	234	1	CTACAGAATCATATGGAACAGTTA	1
236	235	1	TACAGAATCATATGGAACAGTTAT	1
237	236	1	ACAGAATCATATGGAACAGTTATT	1
238	237	2	CAGAATCATATGGAACAGTTATTG	1
239	238	2	AGAATCATATGGAACAGTTATTGG	1
240	239	2	GAATCATATGGAACAGTTATTGGT	1
241	240	2	AATCATATGGAACAGTTATTGGTA	1
242	241	2	ATCATATGGAACAGTTATTGGTAT	1
243	242	2	TCATATGGAACAGTTATTGGTATT	1
244	243	2	CATATGGAACAGTTATTGGTATTG	1
245	244	2	ATATGGAACAGTTATTGGTATTGA	1
246	245	2	TATGGAACAGTTATTGGTATTGAT	1
247	246	2	ATGGAACAGTTATTGGTATTGATC	1
248	247	2	TGGAACAGTTATTGGTATTGATCT	1
249	248	2	GGAACAGTTATTGGTATTGATCTT	1
250	249	2	GAACAGTTATTGGTATTGATCTTG	1
251	250	2	AACAGTTATTGGTATTGATCTTGG	1
252	251	2	ACAGTTATTGGTATTGATCTTGGT	1
253	252	2	CAGTTATTGGTATTGATCTTGGTA	1
254	253	2	AGTTATTGGTATTGATCTTGGTAC	1
255	254	2	GTTATTGGTATTGATCTTGGTACA	1
256	255	2	TTATTGGTATTGATCTTGGTACAA	1
257	256	1	TATTGGTATTGATCTTGGTACAAC	1
258	257	1	ATTGGTATTGATCTTGGTACAACA	1
259	258	1	TTGGTATTGATCTTGGTACAACAT	1
260	259	1	TGGTATTGATCTTGGTACAACATA	1
261	260	1	GGTATTGATCTTGGTACAACATAC	1
262	261	1	GTATTGATCTTGGTACAACATACT	1
263	262	1	TATTGATCTTGGTACAACATACTC	1
264	263	1	ATTGATCTTGGTACAACATACTCT	1
265	264	1	TTGATCTTGGTACAACATACTCTT	1
266	265	1	TGATCTTGGTACAACATACTCTTG	1
267	266	1	GATCTTGGTACAACATACTCTTGC	1
268	267	1	ATCTTGGTACAACATACTCTTGCG	1
269	268	1	TCTTGGTACAACATACTCTTGCGT	1
270	269	1	CTTGGTACAACATACTCTTGCGTT	1
271	270	1	TTGGTACAACATACTCTTGCGTTG	1
272	271	1	TGGTACAACATACTCTTGCGTTGC	1
273	272	1	GGTACAACATACTCTTGCGTTGCC	1
274	273	1	GTACAACATACTCTTGCGTTGCCG	1
275	274	1	TACAACATACTCTTGCGTTGCCGT	1
276	275	1	ACAACATACTCTTGCGTTGCCGTT	1
277	276	1	CAACATACTCTTGCGTTGCCGTTA	1
278	277	1	AACATACTCTTGCGTTGCCGTTAT	1
279	278	1	ACATACTCTTGCGTTGCCGTTATG	1
280	279	1	CATACTCTTGCGTTGCCGTTATGA	1
281	280	2	ATACTCTTGCGTTGCCGTTATGAA	1
282	281	1	TACTCTTGCGTTGCCGTTATGAAA	1
283	282	2	ACTCTTGCGTTGCCGTTATGAAAA	1
284	283	2	CTCTTGCGTTGCCGTTATGAAAAA	1
285	284	3	TCTTGCGTTGCCGTTATGAAAAAT	1
286	285	4	CTTGCGTTGCCGTTATGAAAAATG	1
287	286	5	TTGCGTTGCCGTTATGAAAAATGG	1
288	287	5	TGCGTTGCCGTTATGAAAAATGGT	1
289	288	5	GCGTTGCCGTTATGAAAAATGGTC	1
290	289	5	CGTTGCCGTTATGAAAAATGGTCG	1
291	290	5	GTTGCCGTTATGAAAAATGGTCGT	1
292	291	5	TTGCCGTTATGAAAAATGGTCGTG	1
293	292	5	TGCCGTTATGAAAAATGGTCGTGT	1
294	293	5	GCCGTTATGAAAAATGGTCGTGTA	1
295	294	5	CCGTTATGAAAAATGGTCGTGTAG	1
296	295	5	CGTTATGAAAAATGGTCGTGTAGA	1
297	296	5	GTTATGAAAAATGGTCGTGTAGAA	1
298	297	5	TTATGAAAAATGGTCGTGTAGAAA	1
299	298	5	TATGAAAAATGGTCGTGTAGAAAT	1
300	299	5	ATGAAAAATGGTCGTGTAGAAATT	1
301	300	5	TGAAAAATGGTCGTGTAGAAATTA	1
302	301	5	GAAAAATGGTCGTGTAGAAATTAT	1
303	302	5	AAAAATGGTCGTGTAGAAATTATT	1
304	303	5	AAAATGGTCGTGTAGAAATTATTG	1
305	304	4	AAATGGTCGTGTAGAAATTATTGC	1
306	305	4	AATGGTCGTGTAGAAATTATTGCC	1
307	306	4	ATGGTCGTGTAGAAATTATTGCCA	1
308	307	4	TGGTCGTGTAGAAATTATTGCCAA	1
309	308	4	GGTCGTGTAGAAATTATTGCCAAC	1
310	309	4	GTCGTGTAGAAATTATTGCCAACG	1
311	310	4	TCGTGTAGAAATTATTGCCAACGA	1
312	311	4	CGTGTAGAAATTATTGCCAACGAT	1
313	312	4	GTGTAGAAATTATTGCCAACGATC	1
314	313	4	TGTAGAAATTATTGCCAACGATCA	1
315	314	4	GTAGAAATTATTGCCAACGATCAG	1
316	315	4	TAGAAATTATTGCCAACGATCAGG	1
317	316	4	AGAAATTATTGCCAACGATCAGGG	1
318	317	4	GAAATTATTGCCAACGATCAGGGT	1
319	318	4	AAATTATTGCCAACGATCAGGGTA	1
320	319	4	AATTATTGCCAACGATCAGGGTAA	1
321	320	4	ATTATTGCCAACGATCAGGGTAAT	1
322	321	4	TTATTGCCAACGATCAGGGTAATC	1
323	322	4	TATTGCCAACGATCAGGGTAATCG	1
324	323	4	ATTGCCAACGATCAGGGTAATCGT	1
325	324	3	TTGCCAACGATCAGGGTAATCGTA	1
326	325	3	TGCCAACGATCAGGGTAATCGTAT	1
327	326	2	GCCAACGATCAGGGTAATCGTATT	1
328	327	2	CCAACGATCAGGGTAATCGTATTA	1
329	328	2	CAACGATCAGGGTAATCGTATTAC	1
330	329	1	AACGATCAGGGTAATCGTATTACA	1
331	-1	0	TGGCCTTTACTGAAGACGAACGTT	1
332	331	2	GGCCTTTACTGAAGACGAACGTTT	1
333	332	2	GCCTTTACTGAAGACGAACGTTTG	1
334	333	2	CCTTTACTGAAGACGAACGTTTGG	1
335	334	2	CTTTACTGAAGACGAACGTTTGGT	1
336	335	2	TTTACTGAAGACGAACGTTTGGTT	1
337	336	2	TTACTGAAGACGAACGTTTGGTTG	1
338	337	2	TACTGAAGACGAACGTTTGGTTGG	1
339	338	2	ACTGAAGACGAACGTTTGGTTGGT	1
340	339	2	CTGAAGACGAACGTTTGGTTGGTG	1
341	340	2	TGAAGACGAACGTTTGGTTGGTGA	1
342	341	2	GAAGACGAACGTTTGGTTGGTGAG	1
343	342	2	AAGACGAACGTTTGGTTGGTGAGG	1
344	343	2	AGACGAACGTTTGGTTGGTGAGGC	1
345	344	2	GACGAACGTTTGGTTGGTGAGGCC	1
346	345	2	ACGAACGTTTGGTTGGTGAGGCCG	1
347	346	2	CGAACGTTTGGTTGGTGAGGCCGC	1
348	347	2	GAACGTTTGGTTGGTGAGGCCGCT	1
349	348	2	AACGTTTGGTTGGTGAGGCCGCTA	1
350	349	2	ACGTTTGGTTGGTGAGGCCGCTAA	1
351	350	2	CGTTTGGTTGGTGAGGCCGCTAAG	1
352	351	2	GTTTGGTTGGTGAGGCCGCTAAGA	1
353	352	2	TTTGGTTGGTGAGGCCGCTAAGAA	1
354	353	2	TTGGTTGGTGAGGCCGCTAAGAAC	1
355	354	2	TGGTTGGTGAGGCCGCTAAGAACC	1
356	355	2	GGTTGGTGAGGCCGCTAAGAACCA	1
357	356	2	GTTGGTGAGGCCGCTAAGAACCAA	1
358	357	2	TTGGTGAGGCCGCTAAGAACCAAG	1
359	358	2	TGGTGAGGCCGCTAAGAACCAAGC	1
360	359	2	GGTGAGGCCGCTAAGAACCAAGCT	1
361	360	2	GTGAGGCCGCTAAGAACCAAGCTC	1
362	361	2	TGAGGCCGCTAAGAACCAAGCTCC	1
363	362	2	GAGGCCGCTAAGAACCAAGCTCCT	1
364	363	2	AGGCCGCTAAGAACCAAGCTCCTT	1
365	364	2	GGCCGCTAAGAACCAAGCTCCTTC	1
366	365	2	GCCGCTAAGAACCAAGCTCCTTCC	1
367	366	3	CCGCTAAGAACCAAGCTCCTTCCA	1
368	367	3	CGCTAAGAACCAAGCTCCTTCCAA	1
369	368	3	GCTAAGAACCAAGCTCCTTCCAAT	1
370	369	3	CTAAGAACCAAGCTCCTTCCAATC	1
371	370	3	TAAGAACCAAGCTCCTTCCAATCC	1
372	371	3	AAGAACCAAGCTCCTTCCAATCCT	1
373	372	3	AGAACCAAGCTCCTTCCAATCCTG	1
374	373	3	GAACCAAGCTCCTTCCAATCCTGA	1
375	374	3	AACCAAGCTCCTTCCAATCCTGAA	1
376	375	1	ACCAAGCTCCTTCCAATCCTGAAA	1
377	376	2	CCAAGCTCCTTCCAATCCTGAAAA	1
378	377	2	CAAGCTCCTTCCAATCCTGAAAAC	1
379	378	2	AAGCTCCTTCCAATCCTGAAAACA	1
380	379	2	AGCTCCTTCCAATCCTGAAAACAC	1
381	380	2	GCTCCTTCCAATCCTGAAAACACC	1
382	381	2	CTCCTTCCAATCCTGAAAACACCA	1
383	382	2	TCCTTCCAATCCTGAAAACACCAT	1
384	383	2	CCTTCCAATCCTGAAAACACCATT	1
385	384	2	CTTCCAATCCTGAAAACACCATTT	1
386	385	2	TTCCAATCCTGAAAACACCATTTT	1
387	386	2	TCCAATCCTGAAAACACCATTTTT	1
388	387	2	CCAATCCTGAAAACACCATTTTTG	1
389	388	2	CAATCCTGAAAACACCATTTTTGA	1
390	389	2	AATCCTGAAAACACCATTTTTGAC	1
391	390	2	ATCCTGAAAACACCATTTTTGACA	1
392	391	2	TCCTGAAAACACCATTTTTGACAT	1
393	392	2	CCTGAAAACACCATTTTTGACATC	1
394	393	3	CTGAAAACACCATTTTTGACATCA	1
395	394	3	TGAAAACACCATTTTTGACATCAA	1
396	395	4	GAAAACACCATTTTTGACATCAAG	1
397	396	4	AAAACACCATTTTTGACATCAAGC	1
398	397	4	AAACACCATTTTTGACATCAAGCG	1
399	398	4	AACACCATTTTTGACATCAAGCGT	1
400	399	4	ACACCATTTTTGACATCAAGCGTC	1
401	400	4	CACCATTTTTGACATCAAGCGTCT	1
402	401	4	ACCATTTTTGACATCAAGCGTCTT	1
403	402	4	CCATTTTTGACATCAAGCGTCTTA	1
404	403	4	CATTTTTGACATCAAGCGTCTTAT	1
405	404	4	ATTTTTGACATCAAGCGTCTTATT	1
406	405	4	TTTTTGACATCAAGCGTCTTATTG	1
407	406	4	TTTTGACATCAAGCGTCTTATTGG	1
408	407	4	TTTGACATCAAGCGTCTTATTGGA	1
409	408	4	TTGACATCAAGCGTCTTATTGGAC	1
410	409	4	TGACATCAAGCGTCTTATTGGACG	1
411	410	3	GACATCAAGCGTCTTATTGGACGT	1
412	411	3	ACATCAAGCGTCTTATTGGACGTA	1
413	412	3	CATCAAGCGTCTTATTGGACGTAA	1
414	413	3	ATCAAGCGTCTTATTGGACGTAAG	1
415	414	3	TCAAGCGTCTTATTGGACGTAAGT	1
416	415	3	CAAGCGTCTTATTGGACGTAAGTT	1
417	416	3	AAGCGTCTTATTGGACGTAAGTTT	1
418	417	3	AGCGTCTTATTGGACGTAAGTTTG	1
419	418	3	GCGTCTTATTGGACGTAAGTTTGA	1
420	419	3	CGTCTTATTGGACGTAAGTTTGAC	1
421	420	2	GTCTTATTGGACGTAAGTTTGACG	1
422	421	2	TCTTATTGGACGTAAGTTTGACGA	1
423	422	2	CTTATTGGACGTAAGTTTGACGAA	1
424	423	2	TTATTGGACGTAAGTTTGACGAAA	1
425	424	2	TATTGGACGTAAGTTTGACGAAAA	1
426	425	3	ATTGGACGTAAGTTTGACGAAAAG	1
427	426	3	TTGGACGTAAGTTTGACGAAAAGA	1
428	427	3	TGGACGTAAGTTTGACGAAAAGAC	1
429	428	3	GGACGTAAGTTTGACGAAAAGACA	1
430	429	3	GACGTAAGTTTGACGAAAAGACAA	1
431	430	4	ACGTAAGTTTGACGAAAAGACAAT	1
432	431	4	CGTAAGTTTGACGAAAAGACAATG	1
433	432	4	GTAAGTTTGACGAAAAGACAATGG	1
434	433	4	TAAGTTTGACGAAAAGACAATGGC	1
435	434	4	AAGTTTGACGAAAAGACAATGGCC	1
436	435	4	AGTTTGACGAAAAGACAATGGCCA	1
437	436	4	GTTTGACGAAAAGACAATGGCCAA	1
438	437	3	TTTGACGAAAAGACAATGGCCAAG	1
439	438	3	TTGACGAAAAGACAATGGCCAAGG	1
440	439	2	TGACGAAAAGACAATGGCCAAGGA	1
441	440	2	GACGAAAAGACAATGGCCAAGGAT	1
442	441	2	ACGAAAAGACAATGGCCAAGGATA	1
443	442	2	CGAAAAGACAATGGCCAAGGATAT	1
444	443	2	GAAAAGACAATGGCCAAGGATATT	1
445	444	2	AAAAGACAATGGCCAAGGATATTA	1
446	445	2	AAAGACAATGGCCAAGGATATTAA	1
447	446	2	AAGACAATGGCCAAGGATATTAAA	1
448	447	2	AGACAATGGCCAAGGATATTAAAT	1
449	448	2	GACAATGGCCAAGGATATTAAATC	1
450	449	2	ACAATGGCCAAGGATATTAAATCT	1
451	450	2	CAATGGCCAAGGATATTAAATCTT	1
452	451	2	AATGGCCAAGGATATTAAATCTTT	1
453	452	2	ATGGCCAAGGATATTAAATCTTTT	1
454	453	2	TGGCCAAGGATATTAAATCTTTTC	1
455	454	2	GGCCAAGGATATTAAATCTTTTCC	1
456	455	2	GCCAAGGATATTAAATCTTTTCCT	1
457	456	2	CCAAGGATATTAAATCTTTTCCTT	1
458	457	2	CAAGGATATTAAATCTTTTCCTTT	1
459	458	2	AAGGATATTAAATCTTTTCCTTTC	1
460	459	2	AGGATATTAAATCTTTTCCTTTCC	1
461	460	2	GGATATTAAATCTTTTCCTTTCCA	1
462	461	2	GATATTAAATCTTTTCCTTTCCAT	1
463	462	2	ATATTAAATCTTTTCCTTTCCATA	1
464	463	2	TATTAAATCTTTTCCTTTCCATAT	1
465	464	2	ATTAAATCTTTTCCTTTCCATATT	1
466	465	2	TTAAATCTTTTCCTTTCCATATTG	1
467	466	2	TAAATCTTTTCCTTTCCATATTGT	1
468	467	2	AAATCTTTTCCTTTCCATATTGTA	1
469	468	2	AATCTTTTCCTTTCCATATTGTAA	1
470	469	1	ATCTTTTCCTTTCCATATTGTAAA	1
471	470	1	TCTTTTCCTTTCCATATTGTAAAT	1
472	471	1	CTTTTCCTTTCCATATTGTAAATG	1
473	472	1	TTTTCCTTTCCATATTGTAAATGA	1
474	473	2	TTTCCTTTCCATATTGTAAATGAC	1
475	474	1	TTCCTTTCCATATTGTAAATGACA	1
476	475	1	TCCTTTCCATATTGTAAATGACAA	1
477	476	1	CCTTTCCATATTGTAAATGACAAG	1
478	477	1	CTTTCCATATTGTAAATGACAAGA	1
479	478	1	TTTCCATATTGTAAATGACAAGAA	1
480	479	1	TTCCATATTGTAAATGACAAGAAC	1
481	480	1	TCCATATTGTAAATGACAAGAACC	1
482	481	1	CCATATTGTAAATGACAAGAACCG	1
483	482	1	CATATTGTAAATGACAAGAACCGT	1
484	483	1	ATATTGTAAATGACAAGAACCGTC	1
485	484	1	TATTGTAAATGACAAGAACCGTCC	1
486	485	1	ATTGTAAATGACAAGAACCGTCCT	1
487	486	1	TTGTAAATGACAAGAACCGTCCTT	1
488	487	1	TGTAAATGACAAGAACCGTCCTTT	1
489	488	1	GTAAATGACAAGAACCGTCCTTTG	1
490	489	1	TAAATGACAAGAACCGTCCTTTGG	1
491	490	1	AAATGACAAGAACCGTCCTTTGGT	1
492	491	1	AATGACAAGAACCGTCCTTTGGTT	1
493	492	1	ATGACAAGAACCGTCCTTTGGTTG	1
494	493	1	TGACAAGAACCGTCCTTTGGTTGA	1
495	494	1	GACAAGAACCGTCCTTTGGTTGAG	1
496	495	1	ACAAGAACCGTCCTTTGGTTGAGG	1
497	496	1	CAAGAACCGTCCTTTGGTTGAGGT	1
498	497	1	AAGAACCGTCCTTTGGTTGAGGTT	1
499	498	1	AGAACCGTCCTTTGGTTGAGGTTA	1
500	499	1	GAACCGTCCTTTGGTTGAGGTTAA	1
501	500	1	AACCGTCCTTTGGTTGAGGTTAAT	1
502	501	1	ACCGTCCTTTGGTTGAGGTTAATG	1
503	502	1	CCGTCCTTTGGTTGAGGTTAATGT	1
504	503	1	CGTCCTTTGGTTGAGGTTAATGTA	1
505	504	2	GTCCTTTGGTTGAGGTTAATGTAG	1
506	505	2	TCCTTTGGTTGAGGTTAATGTAGG	1
507	506	1	CCTTTGGTTGAGGTTAATGTAGGT	1
508	507	1	CTTTGGTTGAGGTTAATGTAGGTG	1
509	508	1	TTTGGTTGAGGTTAATGTAGGTGG	1
510	509	1	TTGGTTGAGGTTAATGTAGGTGGT	1
511	510	1	TGGTTGAGGTTAATGTAGGTGGTA	1
512	511	1	GGTTGAGGTTAATGTAGGTGGTAA	1
513	512	1	GTTGAGGTTAATGTAGGTGGTAAG	1
514	513	1	TTGAGGTTAATGTAGGTGGTAAGA	1
515	514	1	TGAGGTTAATGTAGGTGGTAAGAA	1
516	515	1	GAGGTTAATGTAGGTGGTAAGAAG	1
517	516	1	AGGTTAATGTAGGTGGTAAGAAGA	1
518	517	1	GGTTAATGTAGGTGGTAAGAAGAA	1
519	518	1	GTTAATGTAGGTGGTAAGAAGAAA	1
520	519	1	TTAATGTAGGTGGTAAGAAGAAAA	1
521	520	1	TAATGTAGGTGGTAAGAAGAAAAA	1
522	521	2	AATGTAGGTGGTAAGAAGAAAAAG	1
523	522	2	ATGTAGGTGGTAAGAAGAAAAAGT	1
524	523	2	TGTAGGTGGTAAGAAGAAAAAGTT	1
525	524	2	GTAGGTGGTAAGAAGAAAAAGTTT	1
526	525	2	TAGGTGGTAAGAAGAAAAAGTTTA	1
527	526	2	AGGTGGTAAGAAGAAAAAGTTTAC	1
528	527	2	GGTGGTAAGAAGAAAAAGTTTACC	1
529	528	2	GTGGTAAGAAGAAAAAGTTTACCC	1
530	529	2	TGGTAAGAAGAAAAAGTTTACCCC	1
531	530	2	GGTAAGAAGAAAAAGTTTACCCCT	1
532	531	2	GTAAGAAGAAAAAGTTTACCCCTG	1
533	532	2	TAAGAAGAAAAAGTTTACCCCTGA	1
534	533	2	AAGAAGAAAAAGTTTACCCCTGAA	1
535	534	2	AGAAGAAAAAGTTTACCCCTGAAG	1
536	535	2	GAAGAAAAAGTTTACCCCTGAAGA	1
537	536	2	AAGAAAAAGTTTACCCCTGAAGAA	1
538	537	2	AGAAAAAGTTTACCCCTGAAGAAA	1
539	538	2	GAAAAAGTTTACCCCTGAAGAAAT	1
540	539	2	AAAAAGTTTACCCCTGAAGAAATT	1
541	540	2	AAAAGTTTACCCCTGAAGAAATTT	1
542	541	2	AAAGTTTACCCCTGAAGAAATTTC	1
543	542	2	AAGTTTACCCCTGAAGAAATTTCA	1
544	543	2	AGTTTACCCCTGAAGAAATTTCAG	1
545	544	2	GTTTACCCCTGAAGAAATTTCAGC	1
546	545	2	TTTACCCCTGAAGAAATTTCAGCC	1
547	546	2	TTACCCCTGAAGAAATTTCAGCCA	1
548	547	2	TACCCCTGAAGAAATTTCAGCCAT	1
549	548	1	ACCCCTGAAGAAATTTCAGCCATG	1
550	549	1	CCCCTGAAGAAATTTCAGCCATGA	1
551	550	1	CCCTGAAGAAATTTCAGCCATGAT	1
552	551	1	CCTGAAGAAATTTCAGCCATGATT	1
553	552	1	CTGAAGAAATTTCAGCCATGATTC	1
554	553	1	TGAAGAAATTTCAGCCATGATTCT	1
555	554	1	GAAGAAATTTCAGCCATGATTCTT	1
556	555	1	AAGAAATTTCAGCCATGATTCTTA	1
557	556	1	AGAAATTTCAGCCATGATTCTTAG	1
558	557	1	GAAATTTCAGCCATGATTCTTAGT	1
559	558	1	AAATTTCAGCCATGATTCTTAGTA	1
560	559	1	AATTTCAGCCATGATTCTTAGTAA	1
561	560	1	ATTTCAGCCATGATTCTTAGTAAA	1
562	561	1	TTTCAGCCATGATTCTTAGTAAAA	1
563	-1	0	TTTGGCTACTTCAGGTGATACCCA	1
564	563	1	TTGGCTACTTCAGGTGATACCCAT	1
565	564	1	TGGCTACTTCAGGTGATACCCATC	1
566	565	1	GGCTACTTCAGGTGATACCCATCT	1
567	566	1	GCTACTTCAGGTGATACCCATCTC	1
568	567	1	CTACTTCAGGTGATACCCATCTCG	1
569	568	1	TACTTCAGGTGATACCCATCTCGG	1
570	569	1	ACTTCAGGTGATACCCATCTCGGT	1
571	570	1	CTTCAGGTGATACCCATCTCGGTG	1
572	571	1	TTCAGGTGATACCCATCTCGGTGG	1
573	572	1	TCAGGTGATACCCATCTCGGTGGT	1
574	573	1	CAGGTGATACCCATCTCGGTGGTG	1
575	574	1	AGGTGATACCCATCTCGGTGGTGA	1
576	575	1	GGTGATACCCATCTCGGTGGTGAG	1
577	576	1	GTGATACCCATCTCGGTGGTGAGG	1
578	577	1	TGATACCCATCTCGGTGGTGAGGA	1
579	578	1	GATACCCATCTCGGTGGTGAGGAC	1
580	579	1	ATACCCATCTCGGTGGTGAGGACT	1
581	580	1	TACCCATCTCGGTGGTGAGGACTT	1
582	581	1	ACCCATCTCGGTGGTGAGGACTTT	1
583	582	1	CCCATCTCGGTGGTGAGGACTTTG	1
584	583	2	CCATCTCGGTGGTGAGGACTTTGA	1
585	584	2	CATCTCGGTGGTGAGGACTTTGAC	1
586	585	2	ATCTCGGTGGTGAGGACTTTGACA	1
587	586	2	TCTCGGTGGTGAGGACTTTGACAA	1
588	587	2	CTCGGTGGTGAGGACTTTGACAAC	1
589	588	2	TCGGTGGTGAGGACTTTGACAACC	1
590	589	2	CGGTGGTGAGGACTTTGACAACCG	1
591	590	2	GGTGGTGAGGACTTTGACAACCGT	1
592	591	2	GTGGTGAGGACTTTGACAACCGTG	1
593	592	2	TGGTGAGGACTTTGACAACCGTGT	1
594	593	2	GGTGAGGACTTTGACAACCGTGTT	1
595	594	2	GTGAGGACTTTGACAACCGTGTTA	1
596	595	2	TGAGGACTTTGACAACCGTGTTAT	1
597	596	2	GAGGACTTTGACAACCGTGTTATC	1
598	597	2	AGGACTTTGACAACCGTGTTATCA	1
599	598	2	GGACTTTGACAACCGTGTTATCAA	1
600	599	2	GACTTTGACAACCGTGTTATCAAC	1
601	600	2	ACTTTGACAACCGTGTTATCAACT	1
602	601	2	CTTTGACAACCGTGTTATCAACTA	1
603	602	2	TTTGACAACCGTGTTATCAACTAC	1
604	603	2	TTGACAACCGTGTTATCAACTACT	1
605	604	2	TGACAACCGTGTTATCAACTACTT	1
606	605	2	GACAACCGTGTTATCAACTACTTA	1
607	606	2	ACAACCGTGTTATCAACTACTTAC	1
608	-1	0	CTAGTTTGGTAAATCTTAATCAAA	1
609	608	1	TAGTTTGGTAAATCTTAATCAAAA	1
610	609	1	AGTTTGGTAAATCTTAATCAAAAA	1
611	610	2	GTTTGGTAAATCTTAATCAAAAAC	1
612	611	2	TTTGGTAAATCTTAATCAAAAACT	1
613	612	2	TTGGTAAATCTTAATCAAAAACTA	1
614	613	2	TGGTAAATCTTAATCAAAAACTAT	1
615	614	2	GGTAAATCTTAATCAAAAACTATT	1
616	615	2	GTAAATCTTAATCAAAAACTATTA	1
617	616	2	TAAATCTTAATCAAAAACTATTAA	1
618	617	2	AAATCTTAATCAAAAACTATTAAA	1
619	618	2	AATCTTAATCAAAAACTATTAAAA	1
620	619	2	ATCTTAATCAAAAACTATTAAAAC	1
621	620	2	TCTTAATCAAAAACTATTAAAACC	1
622	621	2	CTTAATCAAAAACTATTAAAACCC	1
623	622	2	TTAATCAAAAACTATTAAAACCCG	1
624	623	2	TAATCAAAAACTATTAAAACCCGT	1
625	624	2	AATCAAAAACTATTAAAACCCGTT	1
626	625	2	ATCAAAAACTATTAAAACCCGTTT	1
627	626	2	TCAAAAACTATTAAAACCCGTTTA	1
628	627	2	CAAAAACTATTAAAACCCGTTTAC	1
629	628	2	AAAAACTATTAAAACCCGTTTACT	1
630	629	2	AAAACTATTAAAACCCGTTTACTA	1
631	630	2	AAACTATTAAAACCCGTTTACTAT	1
632	631	2	AACTATTAAAACCCGTTTACTATT	1
633	632	2	ACTATTAAAACCCGTTTACTATTT	1
634	633	2	CTATTAAAACCCGTTTACTATTTA	1
635	634	2	TATTAAAACCCGTTTACTATTTAC	1
636	635	2	ATTAAAACCCGTTTACTATTTACT	1
637	636	2	TTAAAACCCGTTTACTATTTACTT	1
638	637	2	TAAAACCCGTTTACTATTTACTTA	1
639	638	2	AAAACCCGTTTACTATTTACTTAA	1
640	639	2	AAACCCGTTTACTATTTACTTAAC	1
641	640	2	AACCCGTTTACTATTTACTTAACA	1
642	641	2	ACCCGTTTACTATTTACTTAACAG	1
643	642	2	CCCGTTTACTATTTACTTAACAGG	1
644	643	3	CCGTTTACTATTTACTTAACAGGT	1
645	644	3	CGTTTACTATTTACTTAACAGGTT	1
646	645	3	GTTTACTATTTACTTAACAGGTTG	1
647	646	3	TTTACTATTTACTTAACAGGTTGT	1
648	647	3	TTACTATTTACTTAACAGGTTGTT	1
649	648	3	TACTATTTACTTAACAGGTTGTTT	1
650	649	3	ACTATTTACTTAACAGGTTGTTTT	1
651	650	3	CTATTTACTTAACAGGTTGTTTTC	1
652	651	3	TATTTACTTAACAGGTTGTTTTCA	1
653	652	2	ATTTACTTAACAGGTTGTTTTCAA	1
654	653	2	TTTACTTAACAGGTTGTTTTCAAT	1
655	654	1	TTACTTAACAGGTTGTTTTCAATA	1
656	655	1	TACTTAACAGGTTGTTTTCAATAA	1
657	656	1	ACTTAACAGGTTGTTTTCAATAAT	1
658	657	1	CTTAACAGGTTGTTTTCAATAATT	1
659	658	1	TTAACAGGTTGTTTTCAATAATTG	1
660	659	1	TAACAGGTTGTTTTCAATAATTGG	1
661	660	2	AACAGGTTGTTTTCAATAATTGGG	1
662	661	2	ACAGGTTGTTTTCAATAATTGGGA	1
663	662	2	CAGGTTGTTTTCAATAATTGGGAA	1
664	663	2	AGGTTGTTTTCAATAATTGGGAAT	1
665	664	2	GGTTGTTTTCAATAATTGGGAATT	1
666	665	2	GTTGTTTTCAATAATTGGGAATTG	1
667	666	2	TTGTTTTCAATAATTGGGAATTGG	1
668	667	2	TGTTTTCAATAATTGGGAATTGGC	1
669	668	2	GTTTTCAATAATTGGGAATTGGCT	1
670	669	2	TTTTCAATAATTGGGAATTGGCTT	1
671	670	2	TTTCAATAATTGGGAATTGGCTTG	1
672	671	2	TTCAATAATTGGGAATTGGCTTGT	1
673	672	2	TCAATAATTGGGAATTGGCTTGTG	1
674	673	2	CAATAATTGGGAATTGGCTTGTGC	1
675	674	2	AATAATTGGGAATTGGCTTGTGCC	1
676	675	2	ATAATTGGGAATTGGCTTGTGCCT	1
677	676	2	TAATTGGGAATTGGCTTGTGCCTA	1
678	677	2	AATTGGGAATTGGCTTGTGCCTAC	1
679	678	2	ATTGGGAATTGGCTTGTGCCTACG	1
680	679	2	TTGGGAATTGGCTTGTGCCTACGA	1
681	680	2	TGGGAATTGGCTTGTGCCTACGAT	1
682	681	3	GGGAATTGGCTTGTGCCTACGATC	1
683	682	3	GGAATTGGCTTGTGCCTACGATCT	1
684	683	3	GAATTGGCTTGTGCCTACGATCTC	1
685	684	3	AATTGGCTTGTGCCTACGATCTCT	1
686	685	3	ATTGGCTTGTGCCTACGATCTCTT	1
687	686	3	TTGGCTTGTGCCTACGATCTCTTG	1
688	687	2	TGGCTTGTGCCTACGATCTCTTGT	1
689	688	2	GGCTTGTGCCTACGATCTCTTGTA	1
690	689	2	GCTTGTGCCTACGATCTCTTGTAA	1
691	690	2	CTTGTGCCTACGATCTCTTGTAAT	1
692	691	2	TTGTGCCTACGATCTCTTGTAATT	1
693	692	1	TGTGCCTACGATCTCTTGTAATTG	1
694	693	1	GTGCCTACGATCTCTTGTAATTGA	1
695	694	1	TGCCTACGATCTCTTGTAATTGAA	1
696	695	1	GCCTACGATCTCTTGTAATTGAAC	1
697	696	1	CCTACGATCTCTTGTAATTGAACT	1
698	697	1	CTACGATCTCTTGTAATTGAACTC	1
699	698	1	TACGATCTCTTGTAATTGAACTCC	1
700	699	1	ACGATCTCTTGTAATTGAACTCCA	1
701	700	1	CGATCTCTTGTAATTGAACTCCAC	1
702	701	1	GATCTCTTGTAATTGAACTCCACA	1
703	702	1	ATCTCTTGTAATTGAACTCCACAT	1
704	703	1	TCTCTTGTAATTGAACTCCACATA	1
705	704	1	CTCTTGTAATTGAACTCCACATAT	1
706	705	1	TCTTGTAATTGAACTCCACATATA	1
707	706	1	CTTGTAATTGAACTCCACATATAA	1
708	707	1	TTGTAATTGAACTCCACATATAAG	1
709	708	1	TGTAATTGAACTCCACATATAAGC	1
710	709	1	GTAATTGAACTCCACATATAAGCA	1
711	710	1	TAATTGAACTCCACATATAAGCAT	1
712	711	1	AATTGAACTCCACATATAAGCATT	1
713	712	1	ATTGAACTCCACATATAAGCATTT	1
714	713	1	TTGAACTCCACATATAAGCATTTA	1
715	714	1	TGAACTCCACATATAAGCATTTAT	1
716	715	1	GAACTCCACATATAAGCATTTATA	1
717	716	1	AACTCCACATATAAGCATTTATAA	1
718	717	1	ACTCCACATATAAGCATTTATAAG	1
719	718	1	CTCCACATATAAGCATTTATAAGT	1
720	719	1	TCCACATATAAGCATTTATAAGTT	1
721	720	1	CCACATATAAGCATTTATAAGTTG	1
722	721	1	CACATATAAGCATTTATAAGTTGG	1
723	722	2	ACATATAAGCATTTATAAGTTGGT	1
724	723	2	CATATAAGCATTTATAAGTTGGTA	1
725	724	2	ATATAAGCATTTATAAGTTGGTAA	1
726	725	1	TATAAGCATTTATAAGTTGGTAAT	1
727	726	1	ATAAGCATTTATAAGTTGGTAATC	1
728	727	1	TAAGCATTTATAAGTTGGTAATCT	1
729	728	1	AAGCATTTATAAGTTGGTAATCTT	1
730	729	1	AGCATTTATAAGTTGGTAATCTTC	1
731	730	1	GCATTTATAAGTTGGTAATCTTCA	1
732	731	1	CATTTATAAGTTGGTAATCTTCAA	1
733	732	1	ATTTATAAGTTGGTAATCTTCAAA	1
734	733	1	TTTATAAGTTGGTAATCTTCAAAT	1
735	734	1	TTATAAGTTGGTAATCTTCAAATT	1
736	735	1	TATAAGTTGGTAATCTTCAAATTC	1
737	736	1	ATAAGTTGGTAATCTTCAAATTCT	1
738	737	1	TAAGTTGGTAATCTTCAAATTCTT	1
739	738	1	AAGTTGGTAATCTTCAAATTCTTG	1
740	739	1	AGTTGGTAATCTTCAAATTCTTGT	1
741	740	1	GTTGGTAATCTTCAAATTCTTGTT	1
742	741	1	TTGGTAATCTTCAAATTCTTGTTT	1
743	742	1	TGGTAATCTTCAAATTCTTGTTTA	1
744	743	1	GGTAATCTTCAAATTCTTGTTTAT	1
745	744	1	GTAATCTTCAAATTCTTGTTTATT	1
746	745	1	TAATCTTCAAATTCTTGTTTATTG	1
747	746	1	AATCTTCAAATTCTTGTTTATTGA	1
748	747	1	ATCTTCAAATTCTTGTTTATTGAA	1
749	748	1	TCTTCAAATTCTTGTTTATTGAAA	1
