Component 670
1	-1	0	TTGGAGACGCTTTTCTTGGTTATG	1
2	1	1	TGGAGACGCTTTTCTTGGTTATGC	1
3	2	1	GGAGACGCTTTTCTTGGTTATGCT	1
4	3	1	GAGACGCTTTTCTTGGTTATGCTG	1
5	4	2	AGACGCTTTTCTTGGTTATGCTGG	1
6	5	2	GACGCTTTTCTTGGTTATGCTGGT	1
7	6	2	ACGCTTTTCTTGGTTATGCTGGTC	1
8	7	2	CGCTTTTCTTGGTTATGCTGGTCG	1
9	8	2	GCTTTTCTTGGTTATGCTGGTCGT	1
10	9	2	CTTTTCTTGGTTATGCTGGTCGTT	1
11	10	2	TTTTCTTGGTTATGCTGGTCGTTT	1
12	11	2	TTTCTTGGTTATGCTGGTCGTTTT	1
13	12	2	TTCTTGGTTATGCTGGTCGTTTTT	1
14	13	2	TCTTGGTTATGCTGGTCGTTTTTC	1
15	14	2	CTTGGTTATGCTGGTCGTTTTTCT	1
16	15	2	TTGGTTATGCTGGTCGTTTTTCTC	1
17	16	2	TGGTTATGCTGGTCGTTTTTCTCC	1
18	17	2	GGTTATGCTGGTCGTTTTTCTCCT	1
19	18	2	GTTATGCTGGTCGTTTTTCTCCTT	1
20	19	2	TTATGCTGGTCGTTTTTCTCCTTG	1
21	20	2	TATGCTGGTCGTTTTTCTCCTTGG	1
22	21	2	ATGCTGGTCGTTTTTCTCCTTGGT	1
23	22	2	TGCTGGTCGTTTTTCTCCTTGGTT	1
24	23	2	GCTGGTCGTTTTTCTCCTTGGTTG	1
25	24	2	CTGGTCGTTTTTCTCCTTGGTTGG	1
26	25	2	TGGTCGTTTTTCTCCTTGGTTGGT	1
27	26	2	GGTCGTTTTTCTCCTTGGTTGGTG	1
28	27	2	GTCGTTTTTCTCCTTGGTTGGTGG	1
29	28	2	TCGTTTTTCTCCTTGGTTGGTGGC	1
30	29	2	CGTTTTTCTCCTTGGTTGGTGGCC	1
31	30	2	GTTTTTCTCCTTGGTTGGTGGCCG	1
32	31	2	TTTTTCTCCTTGGTTGGTGGCCGA	1
33	32	2	TTTTCTCCTTGGTTGGTGGCCGAG	1
34	33	2	TTTCTCCTTGGTTGGTGGCCGAGT	1
35	34	2	TTCTCCTTGGTTGGTGGCCGAGTT	1
36	35	2	TCTCCTTGGTTGGTGGCCGAGTTG	1
37	36	2	CTCCTTGGTTGGTGGCCGAGTTGC	1
38	37	2	TCCTTGGTTGGTGGCCGAGTTGCA	1
39	38	2	CCTTGGTTGGTGGCCGAGTTGCAA	1
40	39	2	CTTGGTTGGTGGCCGAGTTGCAAA	1
41	40	2	TTGGTTGGTGGCCGAGTTGCAAAA	1
42	41	2	TGGTTGGTGGCCGAGTTGCAAAAG	1
43	42	2	GGTTGGTGGCCGAGTTGCAAAAGC	1
44	43	2	GTTGGTGGCCGAGTTGCAAAAGCA	1
45	44	2	TTGGTGGCCGAGTTGCAAAAGCAC	1
46	45	1	TGGTGGCCGAGTTGCAAAAGCACC	1
47	46	1	GGTGGCCGAGTTGCAAAAGCACCC	1
48	47	1	GTGGCCGAGTTGCAAAAGCACCCC	1
49	-1	0	TTTCAACTGATTTGCAATTGACAT	1
50	49	1	TTCAACTGATTTGCAATTGACATT	1
51	50	1	TCAACTGATTTGCAATTGACATTT	1
52	51	1	CAACTGATTTGCAATTGACATTTC	1
53	52	1	AACTGATTTGCAATTGACATTTCC	1
54	53	2	ACTGATTTGCAATTGACATTTCCA	1
55	54	2	CTGATTTGCAATTGACATTTCCAT	1
56	55	3	TGATTTGCAATTGACATTTCCATT	1
57	56	3	GATTTGCAATTGACATTTCCATTG	1
58	57	3	ATTTGCAATTGACATTTCCATTGT	1
59	58	3	TTTGCAATTGACATTTCCATTGTT	1
60	59	3	TTGCAATTGACATTTCCATTGTTT	1
61	60	3	TGCAATTGACATTTCCATTGTTTT	1
62	61	3	GCAATTGACATTTCCATTGTTTTG	1
63	62	3	CAATTGACATTTCCATTGTTTTGT	1
64	63	3	AATTGACATTTCCATTGTTTTGTT	1
65	64	3	ATTGACATTTCCATTGTTTTGTTT	1
66	65	3	TTGACATTTCCATTGTTTTGTTTT	1
67	66	3	TGACATTTCCATTGTTTTGTTTTT	1
68	67	3	GACATTTCCATTGTTTTGTTTTTC	1
69	68	3	ACATTTCCATTGTTTTGTTTTTCT	1
70	69	3	CATTTCCATTGTTTTGTTTTTCTT	1
71	70	3	ATTTCCATTGTTTTGTTTTTCTTT	1
72	71	3	TTTCCATTGTTTTGTTTTTCTTTG	1
73	72	3	TTCCATTGTTTTGTTTTTCTTTGT	1
74	73	3	TCCATTGTTTTGTTTTTCTTTGTT	1
75	74	3	CCATTGTTTTGTTTTTCTTTGTTG	1
76	75	3	CATTGTTTTGTTTTTCTTTGTTGC	1
77	76	3	ATTGTTTTGTTTTTCTTTGTTGCA	1
78	77	3	TTGTTTTGTTTTTCTTTGTTGCAT	1
79	78	3	TGTTTTGTTTTTCTTTGTTGCATT	1
80	79	3	GTTTTGTTTTTCTTTGTTGCATTT	1
81	80	3	TTTTGTTTTTCTTTGTTGCATTTT	1
82	81	4	TTTGTTTTTCTTTGTTGCATTTTT	1
83	82	4	TTGTTTTTCTTTGTTGCATTTTTT	1
84	83	4	TGTTTTTCTTTGTTGCATTTTTTC	1
85	84	4	GTTTTTCTTTGTTGCATTTTTTCT	1
86	85	4	TTTTTCTTTGTTGCATTTTTTCTT	1
87	86	4	TTTTCTTTGTTGCATTTTTTCTTT	1
88	87	4	TTTCTTTGTTGCATTTTTTCTTTT	1
89	88	4	TTCTTTGTTGCATTTTTTCTTTTG	1
90	89	4	TCTTTGTTGCATTTTTTCTTTTGC	1
91	90	4	CTTTGTTGCATTTTTTCTTTTGCA	1
92	91	4	TTTGTTGCATTTTTTCTTTTGCAA	1
93	92	4	TTGTTGCATTTTTTCTTTTGCAAA	1
94	93	2	TGTTGCATTTTTTCTTTTGCAAAG	1
95	94	2	GTTGCATTTTTTCTTTTGCAAAGC	1
96	95	2	TTGCATTTTTTCTTTTGCAAAGCT	1
97	96	2	TGCATTTTTTCTTTTGCAAAGCTT	1
98	97	1	GCATTTTTTCTTTTGCAAAGCTTT	1
99	98	1	CATTTTTTCTTTTGCAAAGCTTTA	1
100	-1	0	GGCTCCTTCCAGCGCCTTCAACCC	1
101	100	1	GCTCCTTCCAGCGCCTTCAACCCT	1
102	101	1	CTCCTTCCAGCGCCTTCAACCCTT	1
103	102	1	TCCTTCCAGCGCCTTCAACCCTTT	1
104	103	1	CCTTCCAGCGCCTTCAACCCTTTA	1
105	104	1	CTTCCAGCGCCTTCAACCCTTTAA	1
106	105	1	TTCCAGCGCCTTCAACCCTTTAAG	1
107	106	1	TCCAGCGCCTTCAACCCTTTAAGG	1
108	107	1	CCAGCGCCTTCAACCCTTTAAGGT	1
109	108	1	CAGCGCCTTCAACCCTTTAAGGTT	1
110	109	1	AGCGCCTTCAACCCTTTAAGGTTT	1
111	110	1	GCGCCTTCAACCCTTTAAGGTTTT	1
112	111	1	CGCCTTCAACCCTTTAAGGTTTTT	1
113	112	1	GCCTTCAACCCTTTAAGGTTTTTC	1
114	113	2	CCTTCAACCCTTTAAGGTTTTTCC	1
115	114	3	CTTCAACCCTTTAAGGTTTTTCCT	1
116	115	3	TTCAACCCTTTAAGGTTTTTCCTG	1
117	116	3	TCAACCCTTTAAGGTTTTTCCTGG	1
118	117	3	CAACCCTTTAAGGTTTTTCCTGGA	1
119	118	4	AACCCTTTAAGGTTTTTCCTGGAT	1
120	119	4	ACCCTTTAAGGTTTTTCCTGGATG	1
121	120	4	CCCTTTAAGGTTTTTCCTGGATGA	1
122	121	5	CCTTTAAGGTTTTTCCTGGATGAC	1
123	122	5	CTTTAAGGTTTTTCCTGGATGACA	1
124	123	5	TTTAAGGTTTTTCCTGGATGACAC	1
125	124	5	TTAAGGTTTTTCCTGGATGACACC	1
126	125	5	TAAGGTTTTTCCTGGATGACACCT	1
127	126	5	AAGGTTTTTCCTGGATGACACCTT	1
128	127	5	AGGTTTTTCCTGGATGACACCTTT	1
129	128	5	GGTTTTTCCTGGATGACACCTTTT	1
130	129	5	GTTTTTCCTGGATGACACCTTTTC	1
131	130	5	TTTTTCCTGGATGACACCTTTTCA	1
132	131	5	TTTTCCTGGATGACACCTTTTCAA	1
133	132	5	TTTCCTGGATGACACCTTTTCAAG	1
134	133	5	TTCCTGGATGACACCTTTTCAAGC	1
135	134	5	TCCTGGATGACACCTTTTCAAGCG	1
136	135	5	CCTGGATGACACCTTTTCAAGCGG	1
137	136	5	CTGGATGACACCTTTTCAAGCGGT	1
138	137	5	TGGATGACACCTTTTCAAGCGGTG	1
139	138	5	GGATGACACCTTTTCAAGCGGTGC	1
140	139	5	GATGACACCTTTTCAAGCGGTGCT	1
141	140	5	ATGACACCTTTTCAAGCGGTGCTA	1
142	141	5	TGACACCTTTTCAAGCGGTGCTAC	1
143	142	5	GACACCTTTTCAAGCGGTGCTACT	1
144	143	5	ACACCTTTTCAAGCGGTGCTACTG	1
145	144	4	CACCTTTTCAAGCGGTGCTACTGA	1
146	145	4	ACCTTTTCAAGCGGTGCTACTGAG	1
147	146	5	CCTTTTCAAGCGGTGCTACTGAGG	1
148	147	5	CTTTTCAAGCGGTGCTACTGAGGA	1
149	148	5	TTTTCAAGCGGTGCTACTGAGGAA	1
150	149	5	TTTCAAGCGGTGCTACTGAGGAAC	1
151	150	5	TTCAAGCGGTGCTACTGAGGAACA	1
152	151	5	TCAAGCGGTGCTACTGAGGAACAT	1
153	152	5	CAAGCGGTGCTACTGAGGAACATT	1
154	153	5	AAGCGGTGCTACTGAGGAACATTT	1
155	154	5	AGCGGTGCTACTGAGGAACATTTT	1
156	155	5	GCGGTGCTACTGAGGAACATTTTA	1
157	156	5	CGGTGCTACTGAGGAACATTTTAT	1
158	157	4	GGTGCTACTGAGGAACATTTTATG	1
159	158	3	GTGCTACTGAGGAACATTTTATGG	1
160	159	3	TGCTACTGAGGAACATTTTATGGG	1
161	160	3	GCTACTGAGGAACATTTTATGGGC	1
162	161	3	CTACTGAGGAACATTTTATGGGCC	1
163	162	2	TACTGAGGAACATTTTATGGGCCC	1
164	163	2	ACTGAGGAACATTTTATGGGCCCC	1
165	164	1	CTGAGGAACATTTTATGGGCCCCT	1
166	165	1	TGAGGAACATTTTATGGGCCCCTC	1
167	166	1	GAGGAACATTTTATGGGCCCCTCT	1
168	167	1	AGGAACATTTTATGGGCCCCTCTG	1
169	168	1	GGAACATTTTATGGGCCCCTCTGA	1
170	169	1	GAACATTTTATGGGCCCCTCTGAT	1
171	170	1	AACATTTTATGGGCCCCTCTGATG	1
172	171	1	ACATTTTATGGGCCCCTCTGATGA	1
173	172	1	CATTTTATGGGCCCCTCTGATGAT	1
174	173	1	ATTTTATGGGCCCCTCTGATGATG	1
175	174	1	TTTTATGGGCCCCTCTGATGATGG	1
176	175	1	TTTATGGGCCCCTCTGATGATGGT	1
177	176	1	TTATGGGCCCCTCTGATGATGGTT	1
178	177	1	TATGGGCCCCTCTGATGATGGTTT	1
179	178	1	ATGGGCCCCTCTGATGATGGTTTT	1
180	179	1	TGGGCCCCTCTGATGATGGTTTTG	1
181	180	1	GGGCCCCTCTGATGATGGTTTTGC	1
182	181	1	GGCCCCTCTGATGATGGTTTTGCG	1
183	182	1	GCCCCTCTGATGATGGTTTTGCGC	1
184	183	1	CCCCTCTGATGATGGTTTTGCGCT	1
185	184	1	CCCTCTGATGATGGTTTTGCGCTT	1
186	185	1	CCTCTGATGATGGTTTTGCGCTTC	1
187	186	1	CTCTGATGATGGTTTTGCGCTTCA	1
188	187	2	TCTGATGATGGTTTTGCGCTTCAG	1
189	188	2	CTGATGATGGTTTTGCGCTTCAGC	1
190	189	2	TGATGATGGTTTTGCGCTTCAGCA	1
191	190	1	GATGATGGTTTTGCGCTTCAGCAG	1
192	191	1	ATGATGGTTTTGCGCTTCAGCAGC	1
193	192	1	TGATGGTTTTGCGCTTCAGCAGCC	1
194	193	1	GATGGTTTTGCGCTTCAGCAGCCC	1
195	194	1	ATGGTTTTGCGCTTCAGCAGCCCA	1
196	195	1	TGGTTTTGCGCTTCAGCAGCCCAC	1
197	196	2	GGTTTTGCGCTTCAGCAGCCCACC	1
198	197	2	GTTTTGCGCTTCAGCAGCCCACCA	1
199	198	2	TTTTGCGCTTCAGCAGCCCACCAA	1
200	199	2	TTTGCGCTTCAGCAGCCCACCAAT	1
201	200	2	TTGCGCTTCAGCAGCCCACCAATT	1
202	201	2	TGCGCTTCAGCAGCCCACCAATTA	1
203	202	2	GCGCTTCAGCAGCCCACCAATTAT	1
204	203	2	CGCTTCAGCAGCCCACCAATTATG	1
205	204	2	GCTTCAGCAGCCCACCAATTATGA	1
206	205	2	CTTCAGCAGCCCACCAATTATGAT	1
207	206	2	TTCAGCAGCCCACCAATTATGATC	1
208	207	2	TCAGCAGCCCACCAATTATGATCC	1
209	208	2	CAGCAGCCCACCAATTATGATCCT	1
210	209	2	AGCAGCCCACCAATTATGATCCTT	1
211	210	2	GCAGCCCACCAATTATGATCCTTC	1
212	211	2	CAGCCCACCAATTATGATCCTTCT	1
213	212	2	AGCCCACCAATTATGATCCTTCTA	1
214	213	2	GCCCACCAATTATGATCCTTCTAT	1
215	214	2	CCCACCAATTATGATCCTTCTATG	1
216	215	2	CCACCAATTATGATCCTTCTATGC	1
217	216	2	CACCAATTATGATCCTTCTATGCC	1
218	217	2	ACCAATTATGATCCTTCTATGCCA	1
219	218	2	CCAATTATGATCCTTCTATGCCAT	1
220	219	2	CAATTATGATCCTTCTATGCCATT	1
221	220	2	AATTATGATCCTTCTATGCCATTT	1
222	221	2	ATTATGATCCTTCTATGCCATTTC	1
223	222	2	TTATGATCCTTCTATGCCATTTCC	1
224	223	2	TATGATCCTTCTATGCCATTTCCT	1
225	224	2	ATGATCCTTCTATGCCATTTCCTT	1
226	225	2	TGATCCTTCTATGCCATTTCCTTT	1
227	226	3	GATCCTTCTATGCCATTTCCTTTA	1
228	227	3	ATCCTTCTATGCCATTTCCTTTAG	1
229	228	3	TCCTTCTATGCCATTTCCTTTAGA	1
230	229	3	CCTTCTATGCCATTTCCTTTAGAT	1
231	230	3	CTTCTATGCCATTTCCTTTAGATG	1
232	231	2	TTCTATGCCATTTCCTTTAGATGA	1
233	232	2	TCTATGCCATTTCCTTTAGATGAA	1
234	233	2	CTATGCCATTTCCTTTAGATGAAT	1
235	234	2	TATGCCATTTCCTTTAGATGAATC	1
236	235	2	ATGCCATTTCCTTTAGATGAATCG	1
237	236	2	TGCCATTTCCTTTAGATGAATCGG	1
238	237	2	GCCATTTCCTTTAGATGAATCGGC	1
239	238	2	CCATTTCCTTTAGATGAATCGGCA	1
240	239	2	CATTTCCTTTAGATGAATCGGCAT	1
241	240	1	ATTTCCTTTAGATGAATCGGCATC	1
242	241	1	TTTCCTTTAGATGAATCGGCATCA	1
243	242	1	TTCCTTTAGATGAATCGGCATCAG	1
244	243	1	TCCTTTAGATGAATCGGCATCAGC	1
245	244	1	CCTTTAGATGAATCGGCATCAGCC	1
246	245	1	CTTTAGATGAATCGGCATCAGCCG	1
247	246	2	TTTAGATGAATCGGCATCAGCCGC	1
248	247	2	TTAGATGAATCGGCATCAGCCGCT	1
249	248	2	TAGATGAATCGGCATCAGCCGCTG	1
250	249	2	AGATGAATCGGCATCAGCCGCTGT	1
251	250	2	GATGAATCGGCATCAGCCGCTGTG	1
252	251	2	ATGAATCGGCATCAGCCGCTGTGG	1
253	252	2	TGAATCGGCATCAGCCGCTGTGGA	1
254	253	2	GAATCGGCATCAGCCGCTGTGGAT	1
255	254	2	AATCGGCATCAGCCGCTGTGGATG	1
256	255	2	ATCGGCATCAGCCGCTGTGGATGC	1
257	256	2	TCGGCATCAGCCGCTGTGGATGCT	1
258	257	2	CGGCATCAGCCGCTGTGGATGCTG	1
259	258	2	GGCATCAGCCGCTGTGGATGCTGT	1
260	259	2	GCATCAGCCGCTGTGGATGCTGTG	1
261	260	2	CATCAGCCGCTGTGGATGCTGTGT	1
262	261	2	ATCAGCCGCTGTGGATGCTGTGTC	1
263	262	2	TCAGCCGCTGTGGATGCTGTGTCT	1
264	263	2	CAGCCGCTGTGGATGCTGTGTCTA	1
265	264	2	AGCCGCTGTGGATGCTGTGTCTAA	1
266	265	2	GCCGCTGTGGATGCTGTGTCTAAT	1
267	266	2	CCGCTGTGGATGCTGTGTCTAATA	1
268	267	2	CGCTGTGGATGCTGTGTCTAATAA	1
269	268	2	GCTGTGGATGCTGTGTCTAATAAT	1
270	269	2	CTGTGGATGCTGTGTCTAATAATT	1
271	270	1	TGTGGATGCTGTGTCTAATAATTA	1
272	271	1	GTGGATGCTGTGTCTAATAATTAC	1
273	272	1	TGGATGCTGTGTCTAATAATTACA	1
274	273	1	GGATGCTGTGTCTAATAATTACAT	1
275	274	1	GATGCTGTGTCTAATAATTACATT	1
276	275	1	ATGCTGTGTCTAATAATTACATTG	1
277	276	1	TGCTGTGTCTAATAATTACATTGT	1
278	277	1	GCTGTGTCTAATAATTACATTGTC	1
279	278	1	CTGTGTCTAATAATTACATTGTCA	1
280	279	1	TGTGTCTAATAATTACATTGTCAT	1
281	280	1	GTGTCTAATAATTACATTGTCATG	1
282	281	1	TGTCTAATAATTACATTGTCATGT	1
283	282	1	GTCTAATAATTACATTGTCATGTT	1
284	283	1	TCTAATAATTACATTGTCATGTTT	1
285	284	1	CTAATAATTACATTGTCATGTTTA	1
286	285	1	TAATAATTACATTGTCATGTTTAA	1
287	286	1	AATAATTACATTGTCATGTTTAAA	1
288	287	1	ATAATTACATTGTCATGTTTAAAC	1
289	288	1	TAATTACATTGTCATGTTTAAACC	1
290	289	1	AATTACATTGTCATGTTTAAACCT	1
291	-1	0	GTTGGTTTCTAAATTCCTTTCTTT	1
292	291	1	TTGGTTTCTAAATTCCTTTCTTTT	1
293	292	1	TGGTTTCTAAATTCCTTTCTTTTT	1
294	293	1	GGTTTCTAAATTCCTTTCTTTTTT	1
295	294	1	GTTTCTAAATTCCTTTCTTTTTTT	1
296	295	1	TTTCTAAATTCCTTTCTTTTTTTC	1
297	296	1	TTCTAAATTCCTTTCTTTTTTTCC	1
298	297	1	TCTAAATTCCTTTCTTTTTTTCCG	1
299	298	2	CTAAATTCCTTTCTTTTTTTCCGA	1
300	299	2	TAAATTCCTTTCTTTTTTTCCGAA	1
301	300	2	AAATTCCTTTCTTTTTTTCCGAAT	1
302	301	2	AATTCCTTTCTTTTTTTCCGAATT	1
303	302	2	ATTCCTTTCTTTTTTTCCGAATTC	1
304	303	2	TTCCTTTCTTTTTTTCCGAATTCA	1
305	304	2	TCCTTTCTTTTTTTCCGAATTCAT	1
306	305	2	CCTTTCTTTTTTTCCGAATTCATT	1
307	306	2	CTTTCTTTTTTTCCGAATTCATTT	1
308	307	2	TTTCTTTTTTTCCGAATTCATTTT	1
309	308	2	TTCTTTTTTTCCGAATTCATTTTT	1
310	309	2	TCTTTTTTTCCGAATTCATTTTTT	1
311	310	2	CTTTTTTTCCGAATTCATTTTTTC	1
312	311	2	TTTTTTTCCGAATTCATTTTTTCA	1
313	312	2	TTTTTTCCGAATTCATTTTTTCAA	1
314	313	2	TTTTTCCGAATTCATTTTTTCAAA	1
315	314	2	TTTTCCGAATTCATTTTTTCAAAG	1
316	315	2	TTTCCGAATTCATTTTTTCAAAGA	1
317	316	2	TTCCGAATTCATTTTTTCAAAGAC	1
318	317	2	TCCGAATTCATTTTTTCAAAGACA	1
319	318	2	CCGAATTCATTTTTTCAAAGACAC	1
320	319	2	CGAATTCATTTTTTCAAAGACACT	1
321	320	2	GAATTCATTTTTTCAAAGACACTA	1
322	321	2	AATTCATTTTTTCAAAGACACTAC	1
323	322	2	ATTCATTTTTTCAAAGACACTACG	1
324	323	2	TTCATTTTTTCAAAGACACTACGC	1
325	324	2	TCATTTTTTCAAAGACACTACGCG	1
326	325	2	CATTTTTTCAAAGACACTACGCGG	1
327	326	2	ATTTTTTCAAAGACACTACGCGGT	1
328	327	2	TTTTTTCAAAGACACTACGCGGTT	1
329	328	2	TTTTTCAAAGACACTACGCGGTTG	1
330	329	2	TTTTCAAAGACACTACGCGGTTGC	1
331	330	2	TTTCAAAGACACTACGCGGTTGCT	1
332	331	2	TTCAAAGACACTACGCGGTTGCTT	1
333	332	2	TCAAAGACACTACGCGGTTGCTTG	1
334	333	2	CAAAGACACTACGCGGTTGCTTGA	1
335	334	2	AAAGACACTACGCGGTTGCTTGAA	1
336	335	1	AAGACACTACGCGGTTGCTTGAAG	1
337	336	1	AGACACTACGCGGTTGCTTGAAGC	1
338	337	1	GACACTACGCGGTTGCTTGAAGCT	1
339	338	1	ACACTACGCGGTTGCTTGAAGCTG	1
340	339	1	CACTACGCGGTTGCTTGAAGCTGA	1
341	340	1	ACTACGCGGTTGCTTGAAGCTGAA	1
342	341	1	CTACGCGGTTGCTTGAAGCTGAAA	1
