Component 671
1	-1	0	CATGATCCTAAGACATTTGAGAAC	1
2	1	1	ATGATCCTAAGACATTTGAGAACA	1
3	2	1	TGATCCTAAGACATTTGAGAACAC	1
4	3	1	GATCCTAAGACATTTGAGAACACA	1
5	4	1	ATCCTAAGACATTTGAGAACACAA	1
6	5	1	TCCTAAGACATTTGAGAACACAAG	1
7	6	1	CCTAAGACATTTGAGAACACAAGT	1
8	7	1	CTAAGACATTTGAGAACACAAGTT	1
9	8	1	TAAGACATTTGAGAACACAAGTTT	1
10	9	1	AAGACATTTGAGAACACAAGTTTG	1
11	10	1	AGACATTTGAGAACACAAGTTTGT	1
12	11	1	GACATTTGAGAACACAAGTTTGTG	1
13	12	1	ACATTTGAGAACACAAGTTTGTGT	1
14	13	1	CATTTGAGAACACAAGTTTGTGTA	1
15	14	1	ATTTGAGAACACAAGTTTGTGTAT	1
16	15	1	TTTGAGAACACAAGTTTGTGTATT	1
17	16	1	TTGAGAACACAAGTTTGTGTATTT	1
18	17	1	TGAGAACACAAGTTTGTGTATTTT	1
19	18	2	GAGAACACAAGTTTGTGTATTTTG	1
20	19	2	AGAACACAAGTTTGTGTATTTTGG	1
21	20	2	GAACACAAGTTTGTGTATTTTGGG	1
22	21	2	AACACAAGTTTGTGTATTTTGGGA	1
23	22	2	ACACAAGTTTGTGTATTTTGGGAG	1
24	23	2	CACAAGTTTGTGTATTTTGGGAGA	1
25	24	2	ACAAGTTTGTGTATTTTGGGAGAA	1
26	25	2	CAAGTTTGTGTATTTTGGGAGAAA	1
27	26	2	AAGTTTGTGTATTTTGGGAGAAAA	1
28	27	2	AGTTTGTGTATTTTGGGAGAAAAA	1
29	28	2	GTTTGTGTATTTTGGGAGAAAAAG	1
30	29	2	TTTGTGTATTTTGGGAGAAAAAGT	1
31	30	2	TTGTGTATTTTGGGAGAAAAAGTT	1
32	31	3	TGTGTATTTTGGGAGAAAAAGTTC	1
33	32	2	GTGTATTTTGGGAGAAAAAGTTCG	1
34	33	2	TGTATTTTGGGAGAAAAAGTTCGC	1
35	34	2	GTATTTTGGGAGAAAAAGTTCGCA	1
36	35	2	TATTTTGGGAGAAAAAGTTCGCAC	1
37	36	2	ATTTTGGGAGAAAAAGTTCGCACT	1
38	37	2	TTTTGGGAGAAAAAGTTCGCACTC	1
39	38	2	TTTGGGAGAAAAAGTTCGCACTCA	1
40	39	2	TTGGGAGAAAAAGTTCGCACTCAA	1
41	40	2	TGGGAGAAAAAGTTCGCACTCAAT	1
42	41	2	GGGAGAAAAAGTTCGCACTCAATT	1
43	42	2	GGAGAAAAAGTTCGCACTCAATTA	1
44	43	2	GAGAAAAAGTTCGCACTCAATTAC	1
45	44	2	AGAAAAAGTTCGCACTCAATTACT	1
46	45	2	GAAAAAGTTCGCACTCAATTACTT	1
47	46	2	AAAAAGTTCGCACTCAATTACTTC	1
48	47	2	AAAAGTTCGCACTCAATTACTTCG	1
49	48	2	AAAGTTCGCACTCAATTACTTCGT	1
50	49	2	AAGTTCGCACTCAATTACTTCGTT	1
51	50	2	AGTTCGCACTCAATTACTTCGTTT	1
52	51	2	GTTCGCACTCAATTACTTCGTTTC	1
53	52	2	TTCGCACTCAATTACTTCGTTTCT	1
54	53	2	TCGCACTCAATTACTTCGTTTCTG	1
55	54	2	CGCACTCAATTACTTCGTTTCTGT	1
56	55	2	GCACTCAATTACTTCGTTTCTGTC	1
57	56	2	CACTCAATTACTTCGTTTCTGTCC	1
58	57	3	ACTCAATTACTTCGTTTCTGTCCC	1
59	58	3	CTCAATTACTTCGTTTCTGTCCCG	1
60	59	3	TCAATTACTTCGTTTCTGTCCCGA	1
61	60	3	CAATTACTTCGTTTCTGTCCCGAA	1
62	61	3	AATTACTTCGTTTCTGTCCCGAAT	1
63	62	2	ATTACTTCGTTTCTGTCCCGAATC	1
64	63	2	TTACTTCGTTTCTGTCCCGAATCT	1
65	64	2	TACTTCGTTTCTGTCCCGAATCTT	1
66	65	2	ACTTCGTTTCTGTCCCGAATCTTT	1
67	66	2	CTTCGTTTCTGTCCCGAATCTTTC	1
68	67	2	TTCGTTTCTGTCCCGAATCTTTCT	1
69	68	2	TCGTTTCTGTCCCGAATCTTTCTA	1
70	69	2	CGTTTCTGTCCCGAATCTTTCTAC	1
71	70	2	GTTTCTGTCCCGAATCTTTCTACT	1
72	71	2	TTTCTGTCCCGAATCTTTCTACTT	1
73	72	1	TTCTGTCCCGAATCTTTCTACTTG	1
74	73	1	TCTGTCCCGAATCTTTCTACTTGA	1
75	74	1	CTGTCCCGAATCTTTCTACTTGAC	1
76	75	1	TGTCCCGAATCTTTCTACTTGACT	1
77	76	1	GTCCCGAATCTTTCTACTTGACTT	1
78	77	1	TCCCGAATCTTTCTACTTGACTTT	1
79	78	1	CCCGAATCTTTCTACTTGACTTTT	1
80	79	1	CCGAATCTTTCTACTTGACTTTTG	1
81	80	1	CGAATCTTTCTACTTGACTTTTGC	1
82	81	1	GAATCTTTCTACTTGACTTTTGCA	1
83	82	1	AATCTTTCTACTTGACTTTTGCAC	1
84	83	1	ATCTTTCTACTTGACTTTTGCACA	1
85	84	1	TCTTTCTACTTGACTTTTGCACAC	1
86	85	2	CTTTCTACTTGACTTTTGCACACA	1
87	86	2	TTTCTACTTGACTTTTGCACACAT	1
88	87	2	TTCTACTTGACTTTTGCACACATT	1
89	88	2	TCTACTTGACTTTTGCACACATTG	1
90	89	1	CTACTTGACTTTTGCACACATTGG	1
91	90	1	TACTTGACTTTTGCACACATTGGT	1
92	91	1	ACTTGACTTTTGCACACATTGGTG	1
93	92	1	CTTGACTTTTGCACACATTGGTGG	1
94	93	1	TTGACTTTTGCACACATTGGTGGA	1
95	94	1	TGACTTTTGCACACATTGGTGGAG	1
96	95	1	GACTTTTGCACACATTGGTGGAGC	1
97	96	1	ACTTTTGCACACATTGGTGGAGCT	1
98	97	1	CTTTTGCACACATTGGTGGAGCTA	1
99	98	1	TTTTGCACACATTGGTGGAGCTAG	1
100	99	1	TTTGCACACATTGGTGGAGCTAGT	1
101	100	1	TTGCACACATTGGTGGAGCTAGTC	1
102	101	1	TGCACACATTGGTGGAGCTAGTCC	1
103	102	1	GCACACATTGGTGGAGCTAGTCCT	1
104	103	1	CACACATTGGTGGAGCTAGTCCTT	1
105	104	1	ACACATTGGTGGAGCTAGTCCTTC	1
106	105	1	CACATTGGTGGAGCTAGTCCTTCT	1
107	106	1	ACATTGGTGGAGCTAGTCCTTCTT	1
108	107	1	CATTGGTGGAGCTAGTCCTTCTTT	1
109	108	1	ATTGGTGGAGCTAGTCCTTCTTTT	1
110	109	1	TTGGTGGAGCTAGTCCTTCTTTTG	1
111	110	1	TGGTGGAGCTAGTCCTTCTTTTGA	1
112	111	1	GGTGGAGCTAGTCCTTCTTTTGAA	1
113	112	1	GTGGAGCTAGTCCTTCTTTTGAAG	1
114	113	1	TGGAGCTAGTCCTTCTTTTGAAGA	1
115	114	1	GGAGCTAGTCCTTCTTTTGAAGAA	1
116	115	1	GAGCTAGTCCTTCTTTTGAAGAAG	1
117	116	1	AGCTAGTCCTTCTTTTGAAGAAGC	1
118	117	1	GCTAGTCCTTCTTTTGAAGAAGCT	1
119	118	1	CTAGTCCTTCTTTTGAAGAAGCTT	1
120	119	1	TAGTCCTTCTTTTGAAGAAGCTTT	1
121	120	1	AGTCCTTCTTTTGAAGAAGCTTTA	1
122	121	1	GTCCTTCTTTTGAAGAAGCTTTAC	1
123	122	1	TCCTTCTTTTGAAGAAGCTTTACA	1
124	123	1	CCTTCTTTTGAAGAAGCTTTACAA	1
125	124	1	CTTCTTTTGAAGAAGCTTTACAAA	1
126	125	1	TTCTTTTGAAGAAGCTTTACAAAT	1
127	126	1	TCTTTTGAAGAAGCTTTACAAATT	1
128	127	1	CTTTTGAAGAAGCTTTACAAATTT	1
129	128	1	TTTTGAAGAAGCTTTACAAATTTC	1
130	-1	0	AAGGAGGCTGGAACTAAAGCACCT	1
131	130	1	AGGAGGCTGGAACTAAAGCACCTG	1
132	131	1	GGAGGCTGGAACTAAAGCACCTGA	1
133	132	1	GAGGCTGGAACTAAAGCACCTGAG	1
134	133	1	AGGCTGGAACTAAAGCACCTGAGG	1
135	134	1	GGCTGGAACTAAAGCACCTGAGGA	1
136	135	1	GCTGGAACTAAAGCACCTGAGGAG	1
137	136	1	CTGGAACTAAAGCACCTGAGGAGG	1
138	137	1	TGGAACTAAAGCACCTGAGGAGGG	1
139	138	1	GGAACTAAAGCACCTGAGGAGGGT	1
140	139	1	GAACTAAAGCACCTGAGGAGGGTA	1
141	140	1	AACTAAAGCACCTGAGGAGGGTAA	1
142	141	1	ACTAAAGCACCTGAGGAGGGTAAA	1
143	142	1	CTAAAGCACCTGAGGAGGGTAAAA	1
144	143	1	TAAAGCACCTGAGGAGGGTAAAAC	1
145	144	1	AAAGCACCTGAGGAGGGTAAAACT	1
146	145	1	AAGCACCTGAGGAGGGTAAAACTC	1
147	146	1	AGCACCTGAGGAGGGTAAAACTCT	1
148	147	1	GCACCTGAGGAGGGTAAAACTCTT	1
149	148	1	CACCTGAGGAGGGTAAAACTCTTA	1
150	149	1	ACCTGAGGAGGGTAAAACTCTTAT	1
151	150	1	CCTGAGGAGGGTAAAACTCTTATG	1
152	151	3	CTGAGGAGGGTAAAACTCTTATGG	1
153	152	3	TGAGGAGGGTAAAACTCTTATGGT	1
154	153	3	GAGGAGGGTAAAACTCTTATGGTT	1
155	154	3	AGGAGGGTAAAACTCTTATGGTTG	1
156	155	3	GGAGGGTAAAACTCTTATGGTTGC	1
157	156	3	GAGGGTAAAACTCTTATGGTTGCT	1
158	157	3	AGGGTAAAACTCTTATGGTTGCTT	1
159	158	3	GGGTAAAACTCTTATGGTTGCTTG	1
160	159	3	GGTAAAACTCTTATGGTTGCTTGC	1
161	160	3	GTAAAACTCTTATGGTTGCTTGCT	1
162	161	3	TAAAACTCTTATGGTTGCTTGCTC	1
163	162	2	AAAACTCTTATGGTTGCTTGCTCC	1
164	163	2	AAACTCTTATGGTTGCTTGCTCCA	1
165	164	2	AACTCTTATGGTTGCTTGCTCCAG	1
166	165	2	ACTCTTATGGTTGCTTGCTCCAGT	1
167	166	2	CTCTTATGGTTGCTTGCTCCAGTG	1
168	167	2	TCTTATGGTTGCTTGCTCCAGTGA	1
169	168	2	CTTATGGTTGCTTGCTCCAGTGAC	1
170	169	2	TTATGGTTGCTTGCTCCAGTGACA	1
171	170	2	TATGGTTGCTTGCTCCAGTGACAA	1
172	171	2	ATGGTTGCTTGCTCCAGTGACAAG	1
173	172	2	TGGTTGCTTGCTCCAGTGACAAGG	1
174	173	2	GGTTGCTTGCTCCAGTGACAAGGG	1
175	174	2	GTTGCTTGCTCCAGTGACAAGGGT	1
176	175	2	TTGCTTGCTCCAGTGACAAGGGTC	1
177	176	2	TGCTTGCTCCAGTGACAAGGGTCT	1
178	177	2	GCTTGCTCCAGTGACAAGGGTCTT	1
179	178	2	CTTGCTCCAGTGACAAGGGTCTTT	1
180	179	2	TTGCTCCAGTGACAAGGGTCTTTG	1
181	180	2	TGCTCCAGTGACAAGGGTCTTTGT	1
182	181	2	GCTCCAGTGACAAGGGTCTTTGTG	1
183	182	2	CTCCAGTGACAAGGGTCTTTGTGG	1
184	183	2	TCCAGTGACAAGGGTCTTTGTGGT	1
185	184	2	CCAGTGACAAGGGTCTTTGTGGTG	1
186	185	2	CAGTGACAAGGGTCTTTGTGGTGG	1
187	186	2	AGTGACAAGGGTCTTTGTGGTGGT	1
188	187	2	GTGACAAGGGTCTTTGTGGTGGTA	1
189	188	2	TGACAAGGGTCTTTGTGGTGGTAT	1
190	189	3	GACAAGGGTCTTTGTGGTGGTATT	1
191	190	3	ACAAGGGTCTTTGTGGTGGTATTC	1
192	191	3	CAAGGGTCTTTGTGGTGGTATTCA	1
193	192	3	AAGGGTCTTTGTGGTGGTATTCAT	1
194	193	3	AGGGTCTTTGTGGTGGTATTCATT	1
195	194	3	GGGTCTTTGTGGTGGTATTCATTC	1
196	195	1	GGTCTTTGTGGTGGTATTCATTCT	1
197	196	1	GTCTTTGTGGTGGTATTCATTCTT	1
198	197	1	TCTTTGTGGTGGTATTCATTCTTC	1
199	198	1	CTTTGTGGTGGTATTCATTCTTCA	1
200	199	1	TTTGTGGTGGTATTCATTCTTCAA	1
201	200	1	TTGTGGTGGTATTCATTCTTCAAT	1
202	201	1	TGTGGTGGTATTCATTCTTCAATC	1
203	202	1	GTGGTGGTATTCATTCTTCAATCT	1
204	203	2	TGGTGGTATTCATTCTTCAATCTC	1
205	204	2	GGTGGTATTCATTCTTCAATCTCT	1
206	205	2	GTGGTATTCATTCTTCAATCTCTC	1
207	206	2	TGGTATTCATTCTTCAATCTCTCG	1
208	207	2	GGTATTCATTCTTCAATCTCTCGT	1
209	208	2	GTATTCATTCTTCAATCTCTCGTC	1
210	209	2	TATTCATTCTTCAATCTCTCGTCT	1
211	210	2	ATTCATTCTTCAATCTCTCGTCTT	1
212	211	2	TTCATTCTTCAATCTCTCGTCTTA	1
213	212	2	TCATTCTTCAATCTCTCGTCTTAT	1
214	213	2	CATTCTTCAATCTCTCGTCTTATC	1
215	214	2	ATTCTTCAATCTCTCGTCTTATCC	1
216	215	2	TTCTTCAATCTCTCGTCTTATCCG	1
217	216	2	TCTTCAATCTCTCGTCTTATCCGT	1
218	217	2	CTTCAATCTCTCGTCTTATCCGTA	1
219	218	2	TTCAATCTCTCGTCTTATCCGTAG	1
220	219	2	TCAATCTCTCGTCTTATCCGTAGA	1
221	220	2	CAATCTCTCGTCTTATCCGTAGAG	1
222	221	2	AATCTCTCGTCTTATCCGTAGAGA	1
223	222	2	ATCTCTCGTCTTATCCGTAGAGAA	1
224	223	2	TCTCTCGTCTTATCCGTAGAGAAC	1
225	224	2	CTCTCGTCTTATCCGTAGAGAACT	1
226	225	2	TCTCGTCTTATCCGTAGAGAACTA	1
227	226	2	CTCGTCTTATCCGTAGAGAACTAC	1
228	227	2	TCGTCTTATCCGTAGAGAACTACA	1
229	228	2	CGTCTTATCCGTAGAGAACTACAT	1
230	229	2	GTCTTATCCGTAGAGAACTACATG	1
231	230	2	TCTTATCCGTAGAGAACTACATGA	1
232	231	2	CTTATCCGTAGAGAACTACATGAT	1
233	232	2	TTATCCGTAGAGAACTACATGATC	1
234	233	1	TATCCGTAGAGAACTACATGATCC	1
235	234	1	ATCCGTAGAGAACTACATGATCCT	1
236	235	1	TCCGTAGAGAACTACATGATCCTA	1
237	236	1	CCGTAGAGAACTACATGATCCTAA	1
238	237	1	CGTAGAGAACTACATGATCCTAAG	1
239	238	1	GTAGAGAACTACATGATCCTAAGA	1
240	239	1	TAGAGAACTACATGATCCTAAGAC	1
241	240	1	AGAGAACTACATGATCCTAAGACA	1
242	241	1	GAGAACTACATGATCCTAAGACAT	1
243	242	1	AGAACTACATGATCCTAAGACATT	1
244	243	1	GAACTACATGATCCTAAGACATTT	1
245	244	1	AACTACATGATCCTAAGACATTTG	1
246	245	1	ACTACATGATCCTAAGACATTTGA	1
247	246	1	CTACATGATCCTAAGACATTTGAG	1
248	-1	0	CTATGATAGAATTGTTCTCGTCTA	1
249	248	1	TATGATAGAATTGTTCTCGTCTAT	1
250	249	1	ATGATAGAATTGTTCTCGTCTATA	1
251	250	1	TGATAGAATTGTTCTCGTCTATAA	1
252	251	1	GATAGAATTGTTCTCGTCTATAAC	1
253	252	1	ATAGAATTGTTCTCGTCTATAACA	1
254	253	1	TAGAATTGTTCTCGTCTATAACAA	1
255	254	1	AGAATTGTTCTCGTCTATAACAAG	1
256	255	1	GAATTGTTCTCGTCTATAACAAGT	1
257	256	1	AATTGTTCTCGTCTATAACAAGTT	1
258	257	2	ATTGTTCTCGTCTATAACAAGTTT	1
259	258	2	TTGTTCTCGTCTATAACAAGTTTG	1
260	259	2	TGTTCTCGTCTATAACAAGTTTGC	1
261	260	2	GTTCTCGTCTATAACAAGTTTGCT	1
262	261	4	TTCTCGTCTATAACAAGTTTGCTT	1
263	262	4	TCTCGTCTATAACAAGTTTGCTTC	1
264	263	4	CTCGTCTATAACAAGTTTGCTTCC	1
265	264	4	TCGTCTATAACAAGTTTGCTTCCG	1
266	265	4	CGTCTATAACAAGTTTGCTTCCGC	1
267	266	4	GTCTATAACAAGTTTGCTTCCGCT	1
268	267	4	TCTATAACAAGTTTGCTTCCGCTG	1
269	268	4	CTATAACAAGTTTGCTTCCGCTGT	1
270	269	4	TATAACAAGTTTGCTTCCGCTGTC	1
271	270	4	ATAACAAGTTTGCTTCCGCTGTCT	1
272	271	4	TAACAAGTTTGCTTCCGCTGTCTC	1
273	272	4	AACAAGTTTGCTTCCGCTGTCTCG	1
274	273	4	ACAAGTTTGCTTCCGCTGTCTCGT	1
275	274	4	CAAGTTTGCTTCCGCTGTCTCGTT	1
276	275	4	AAGTTTGCTTCCGCTGTCTCGTTT	1
277	276	4	AGTTTGCTTCCGCTGTCTCGTTTG	1
278	277	4	GTTTGCTTCCGCTGTCTCGTTTGA	1
279	278	5	TTTGCTTCCGCTGTCTCGTTTGAA	1
280	279	5	TTGCTTCCGCTGTCTCGTTTGAAA	1
281	280	5	TGCTTCCGCTGTCTCGTTTGAAAC	1
282	281	5	GCTTCCGCTGTCTCGTTTGAAACT	1
283	282	6	CTTCCGCTGTCTCGTTTGAAACTG	1
284	283	7	TTCCGCTGTCTCGTTTGAAACTGT	1
285	284	7	TCCGCTGTCTCGTTTGAAACTGTG	1
286	285	8	CCGCTGTCTCGTTTGAAACTGTGA	1
287	286	8	CGCTGTCTCGTTTGAAACTGTGAT	1
288	287	8	GCTGTCTCGTTTGAAACTGTGATG	1
289	288	8	CTGTCTCGTTTGAAACTGTGATGA	1
290	289	8	TGTCTCGTTTGAAACTGTGATGAA	1
291	290	8	GTCTCGTTTGAAACTGTGATGAAG	1
292	291	8	TCTCGTTTGAAACTGTGATGAAGA	1
293	292	7	CTCGTTTGAAACTGTGATGAAGAA	1
294	293	7	TCGTTTGAAACTGTGATGAAGAAC	1
295	294	7	CGTTTGAAACTGTGATGAAGAACT	1
296	295	7	GTTTGAAACTGTGATGAAGAACTT	1
297	296	7	TTTGAAACTGTGATGAAGAACTTG	1
298	297	7	TTGAAACTGTGATGAAGAACTTGT	1
299	298	7	TGAAACTGTGATGAAGAACTTGTA	1
300	299	7	GAAACTGTGATGAAGAACTTGTAT	1
301	300	7	AAACTGTGATGAAGAACTTGTATA	1
302	301	6	AACTGTGATGAAGAACTTGTATAC	1
303	302	6	ACTGTGATGAAGAACTTGTATACA	1
304	303	6	CTGTGATGAAGAACTTGTATACAA	1
305	304	6	TGTGATGAAGAACTTGTATACAAC	1
306	305	4	GTGATGAAGAACTTGTATACAACT	1
307	306	4	TGATGAAGAACTTGTATACAACTA	1
308	307	4	GATGAAGAACTTGTATACAACTAA	1
309	308	4	ATGAAGAACTTGTATACAACTAAG	1
310	309	4	TGAAGAACTTGTATACAACTAAGG	1
311	310	4	GAAGAACTTGTATACAACTAAGGC	1
312	311	4	AAGAACTTGTATACAACTAAGGCC	1
313	312	4	AGAACTTGTATACAACTAAGGCCA	1
314	313	4	GAACTTGTATACAACTAAGGCCAT	1
315	314	4	AACTTGTATACAACTAAGGCCATC	1
316	315	4	ACTTGTATACAACTAAGGCCATCA	1
317	316	4	CTTGTATACAACTAAGGCCATCAA	1
318	317	4	TTGTATACAACTAAGGCCATCAAT	1
319	318	4	TGTATACAACTAAGGCCATCAATG	1
320	319	4	GTATACAACTAAGGCCATCAATGA	1
321	320	5	TATACAACTAAGGCCATCAATGAA	1
322	321	5	ATACAACTAAGGCCATCAATGAAT	1
323	322	4	TACAACTAAGGCCATCAATGAATC	1
324	323	4	ACAACTAAGGCCATCAATGAATCC	1
325	324	4	CAACTAAGGCCATCAATGAATCCC	1
326	325	4	AACTAAGGCCATCAATGAATCCCC	1
327	326	2	ACTAAGGCCATCAATGAATCCCCC	1
328	327	2	CTAAGGCCATCAATGAATCCCCCA	1
329	328	2	TAAGGCCATCAATGAATCCCCCAA	1
330	329	1	AAGGCCATCAATGAATCCCCCAAT	1
331	330	1	AGGCCATCAATGAATCCCCCAATC	1
332	331	1	GGCCATCAATGAATCCCCCAATCT	1
333	332	1	GCCATCAATGAATCCCCCAATCTC	1
334	333	1	CCATCAATGAATCCCCCAATCTCT	1
335	334	1	CATCAATGAATCCCCCAATCTCTC	1
336	335	1	ATCAATGAATCCCCCAATCTCTCT	1
337	336	1	TCAATGAATCCCCCAATCTCTCTG	1
338	337	1	CAATGAATCCCCCAATCTCTCTGC	1
339	338	1	AATGAATCCCCCAATCTCTCTGCA	1
340	339	1	ATGAATCCCCCAATCTCTCTGCAT	1
341	340	1	TGAATCCCCCAATCTCTCTGCATA	1
342	341	1	GAATCCCCCAATCTCTCTGCATAC	1
343	342	1	AATCCCCCAATCTCTCTGCATACG	1
344	343	1	ATCCCCCAATCTCTCTGCATACGA	1
345	344	1	TCCCCCAATCTCTCTGCATACGAG	1
346	345	1	CCCCCAATCTCTCTGCATACGAGG	1
347	346	1	CCCCAATCTCTCTGCATACGAGGT	1
348	347	1	CCCAATCTCTCTGCATACGAGGTA	1
349	348	1	CCAATCTCTCTGCATACGAGGTAA	1
350	349	1	CAATCTCTCTGCATACGAGGTAAG	1
351	350	1	AATCTCTCTGCATACGAGGTAAGT	1
352	351	1	ATCTCTCTGCATACGAGGTAAGTG	1
353	352	1	TCTCTCTGCATACGAGGTAAGTGA	1
354	353	1	CTCTCTGCATACGAGGTAAGTGAT	1
355	354	1	TCTCTGCATACGAGGTAAGTGATG	1
356	355	1	CTCTGCATACGAGGTAAGTGATGA	1
357	356	1	TCTGCATACGAGGTAAGTGATGAA	1
358	-1	0	AACGCCATGGAAAATGCAAGCAAG	1
359	358	1	ACGCCATGGAAAATGCAAGCAAGA	1
360	359	1	CGCCATGGAAAATGCAAGCAAGAG	1
361	360	2	GCCATGGAAAATGCAAGCAAGAGT	1
362	361	2	CCATGGAAAATGCAAGCAAGAGTG	1
363	362	2	CATGGAAAATGCAAGCAAGAGTGC	1
364	363	2	ATGGAAAATGCAAGCAAGAGTGCT	1
365	364	2	TGGAAAATGCAAGCAAGAGTGCTG	1
366	365	2	GGAAAATGCAAGCAAGAGTGCTGG	1
367	366	2	GAAAATGCAAGCAAGAGTGCTGGA	1
368	367	2	AAAATGCAAGCAAGAGTGCTGGAG	1
369	368	2	AAATGCAAGCAAGAGTGCTGGAGA	1
370	369	2	AATGCAAGCAAGAGTGCTGGAGAT	1
371	370	2	ATGCAAGCAAGAGTGCTGGAGATA	1
372	371	2	TGCAAGCAAGAGTGCTGGAGATAT	1
373	372	2	GCAAGCAAGAGTGCTGGAGATATG	1
374	373	2	CAAGCAAGAGTGCTGGAGATATGA	1
375	374	3	AAGCAAGAGTGCTGGAGATATGAT	1
376	375	3	AGCAAGAGTGCTGGAGATATGATT	1
377	376	3	GCAAGAGTGCTGGAGATATGATTA	1
378	377	3	CAAGAGTGCTGGAGATATGATTAA	1
379	378	3	AAGAGTGCTGGAGATATGATTAAC	1
380	379	3	AGAGTGCTGGAGATATGATTAACA	1
381	380	3	GAGTGCTGGAGATATGATTAACAA	1
382	381	3	AGTGCTGGAGATATGATTAACAAG	1
383	382	3	GTGCTGGAGATATGATTAACAAGT	1
384	383	3	TGCTGGAGATATGATTAACAAGTT	1
385	384	3	GCTGGAGATATGATTAACAAGTTT	1
386	385	3	CTGGAGATATGATTAACAAGTTTT	1
387	386	3	TGGAGATATGATTAACAAGTTTTC	1
388	387	3	GGAGATATGATTAACAAGTTTTCC	1
389	388	3	GAGATATGATTAACAAGTTTTCCA	1
390	389	3	AGATATGATTAACAAGTTTTCCAT	1
391	390	3	GATATGATTAACAAGTTTTCCATC	1
392	391	3	ATATGATTAACAAGTTTTCCATCC	1
393	392	3	TATGATTAACAAGTTTTCCATCCA	1
394	393	3	ATGATTAACAAGTTTTCCATCCAA	1
395	394	3	TGATTAACAAGTTTTCCATCCAAT	1
396	395	3	GATTAACAAGTTTTCCATCCAATA	1
397	396	3	ATTAACAAGTTTTCCATCCAATAT	1
398	397	3	TTAACAAGTTTTCCATCCAATATA	1
399	398	3	TAACAAGTTTTCCATCCAATATAA	1
400	399	3	AACAAGTTTTCCATCCAATATAAT	1
401	400	3	ACAAGTTTTCCATCCAATATAATC	1
402	401	3	CAAGTTTTCCATCCAATATAATCG	1
403	402	2	AAGTTTTCCATCCAATATAATCGT	1
404	403	2	AGTTTTCCATCCAATATAATCGTC	1
405	404	1	GTTTTCCATCCAATATAATCGTCA	1
406	405	1	TTTTCCATCCAATATAATCGTCAA	1
407	406	1	TTTCCATCCAATATAATCGTCAAC	1
408	407	1	TTCCATCCAATATAATCGTCAACG	1
409	408	1	TCCATCCAATATAATCGTCAACGT	1
410	409	1	CCATCCAATATAATCGTCAACGTC	1
411	410	1	CATCCAATATAATCGTCAACGTCA	1
412	411	1	ATCCAATATAATCGTCAACGTCAA	1
413	412	1	TCCAATATAATCGTCAACGTCAAG	1
414	413	1	CCAATATAATCGTCAACGTCAAGC	1
415	414	1	CAATATAATCGTCAACGTCAAGCC	1
416	415	1	AATATAATCGTCAACGTCAAGCCC	1
417	416	1	ATATAATCGTCAACGTCAAGCCCC	1
418	417	1	TATAATCGTCAACGTCAAGCCCCC	1
419	-1	0	AAGAGATTGAACAAAGGCTGAAGT	1
420	419	2	AGAGATTGAACAAAGGCTGAAGTC	1
421	420	2	GAGATTGAACAAAGGCTGAAGTCT	1
422	421	2	AGATTGAACAAAGGCTGAAGTCTA	1
423	422	2	GATTGAACAAAGGCTGAAGTCTAT	1
424	423	2	ATTGAACAAAGGCTGAAGTCTATT	1
425	424	2	TTGAACAAAGGCTGAAGTCTATTA	1
426	425	2	TGAACAAAGGCTGAAGTCTATTAA	1
427	426	2	GAACAAAGGCTGAAGTCTATTAAG	1
428	427	2	AACAAAGGCTGAAGTCTATTAAGA	1
429	428	2	ACAAAGGCTGAAGTCTATTAAGAA	1
430	429	2	CAAAGGCTGAAGTCTATTAAGAAC	1
431	430	2	AAAGGCTGAAGTCTATTAAGAACA	1
432	431	2	AAGGCTGAAGTCTATTAAGAACAT	1
433	432	3	AGGCTGAAGTCTATTAAGAACATT	1
434	433	3	GGCTGAAGTCTATTAAGAACATTG	1
435	434	3	GCTGAAGTCTATTAAGAACATTGA	1
436	435	3	CTGAAGTCTATTAAGAACATTGAA	1
437	436	3	TGAAGTCTATTAAGAACATTGAAA	1
438	437	3	GAAGTCTATTAAGAACATTGAAAA	1
439	438	3	AAGTCTATTAAGAACATTGAAAAG	1
440	439	3	AGTCTATTAAGAACATTGAAAAGA	1
441	440	3	GTCTATTAAGAACATTGAAAAGAT	1
442	441	3	TCTATTAAGAACATTGAAAAGATT	1
443	442	3	CTATTAAGAACATTGAAAAGATTA	1
444	443	3	TATTAAGAACATTGAAAAGATTAC	1
445	444	3	ATTAAGAACATTGAAAAGATTACC	1
446	445	3	TTAAGAACATTGAAAAGATTACCA	1
447	446	3	TAAGAACATTGAAAAGATTACCAA	1
448	447	3	AAGAACATTGAAAAGATTACCAAG	1
449	448	3	AGAACATTGAAAAGATTACCAAGA	1
450	449	3	GAACATTGAAAAGATTACCAAGAC	1
451	450	3	AACATTGAAAAGATTACCAAGACC	1
452	451	3	ACATTGAAAAGATTACCAAGACCA	1
453	452	3	CATTGAAAAGATTACCAAGACCAT	1
454	453	3	ATTGAAAAGATTACCAAGACCATC	1
455	454	3	TTGAAAAGATTACCAAGACCATCA	1
456	455	3	TGAAAAGATTACCAAGACCATCAA	1
457	456	3	GAAAAGATTACCAAGACCATCAAA	1
458	457	3	AAAAGATTACCAAGACCATCAAAA	1
459	458	3	AAAGATTACCAAGACCATCAAAAC	1
460	459	3	AAGATTACCAAGACCATCAAAACT	1
461	460	3	AGATTACCAAGACCATCAAAACTG	1
462	461	3	GATTACCAAGACCATCAAAACTGT	1
463	462	3	ATTACCAAGACCATCAAAACTGTA	1
464	463	1	TTACCAAGACCATCAAAACTGTAG	1
465	464	1	TACCAAGACCATCAAAACTGTAGC	1
466	465	1	ACCAAGACCATCAAAACTGTAGCT	1
467	466	1	CCAAGACCATCAAAACTGTAGCTC	1
468	467	1	CAAGACCATCAAAACTGTAGCTCA	1
469	468	1	AAGACCATCAAAACTGTAGCTCAA	1
470	469	1	AGACCATCAAAACTGTAGCTCAAA	1
471	470	1	GACCATCAAAACTGTAGCTCAAAC	1
472	471	1	ACCATCAAAACTGTAGCTCAAACT	1
473	472	1	CCATCAAAACTGTAGCTCAAACTA	1
474	473	1	CATCAAAACTGTAGCTCAAACTAA	1
475	474	1	ATCAAAACTGTAGCTCAAACTAAG	1
476	475	1	TCAAAACTGTAGCTCAAACTAAGC	1
