Component 673
1	-1	0	CCTTTCTTGATGTGCGCTTGGAAA	1
2	1	1	CTTTCTTGATGTGCGCTTGGAAAA	1
3	2	1	TTTCTTGATGTGCGCTTGGAAAAT	1
4	3	2	TTCTTGATGTGCGCTTGGAAAATT	1
5	4	4	TCTTGATGTGCGCTTGGAAAATTG	1
6	5	5	CTTGATGTGCGCTTGGAAAATTGC	1
7	6	5	TTGATGTGCGCTTGGAAAATTGCT	1
8	7	5	TGATGTGCGCTTGGAAAATTGCTC	1
9	8	7	GATGTGCGCTTGGAAAATTGCTCC	1
10	9	9	ATGTGCGCTTGGAAAATTGCTCCT	1
11	10	9	TGTGCGCTTGGAAAATTGCTCCTG	1
12	11	9	GTGCGCTTGGAAAATTGCTCCTGC	1
13	12	9	TGCGCTTGGAAAATTGCTCCTGCC	1
14	13	11	GCGCTTGGAAAATTGCTCCTGCCG	1
15	14	11	CGCTTGGAAAATTGCTCCTGCCGT	1
16	15	11	GCTTGGAAAATTGCTCCTGCCGTC	1
17	16	11	CTTGGAAAATTGCTCCTGCCGTCG	1
18	17	11	TTGGAAAATTGCTCCTGCCGTCGC	1
19	18	11	TGGAAAATTGCTCCTGCCGTCGCT	1
20	19	12	GGAAAATTGCTCCTGCCGTCGCTT	1
21	20	12	GAAAATTGCTCCTGCCGTCGCTTG	1
22	21	13	AAAATTGCTCCTGCCGTCGCTTGT	1
23	22	13	AAATTGCTCCTGCCGTCGCTTGTG	1
24	23	13	AATTGCTCCTGCCGTCGCTTGTGG	1
25	24	14	ATTGCTCCTGCCGTCGCTTGTGGT	1
26	25	15	TTGCTCCTGCCGTCGCTTGTGGTA	1
27	26	15	TGCTCCTGCCGTCGCTTGTGGTAA	1
28	27	15	GCTCCTGCCGTCGCTTGTGGTAAT	1
29	28	16	CTCCTGCCGTCGCTTGTGGTAATA	1
30	29	16	TCCTGCCGTCGCTTGTGGTAATAC	1
31	30	16	CCTGCCGTCGCTTGTGGTAATACT	1
32	31	17	CTGCCGTCGCTTGTGGTAATACTA	1
33	32	17	TGCCGTCGCTTGTGGTAATACTAT	1
34	33	17	GCCGTCGCTTGTGGTAATACTATT	1
35	34	17	CCGTCGCTTGTGGTAATACTATTA	1
36	35	17	CGTCGCTTGTGGTAATACTATTAT	1
37	36	18	GTCGCTTGTGGTAATACTATTATT	1
38	37	18	TCGCTTGTGGTAATACTATTATTT	1
39	38	18	CGCTTGTGGTAATACTATTATTTT	1
40	39	18	GCTTGTGGTAATACTATTATTTTG	1
41	40	18	CTTGTGGTAATACTATTATTTTGA	1
42	41	18	TTGTGGTAATACTATTATTTTGAA	1
43	42	18	TGTGGTAATACTATTATTTTGAAG	1
44	43	18	GTGGTAATACTATTATTTTGAAGA	1
45	44	18	TGGTAATACTATTATTTTGAAGAC	1
46	45	17	GGTAATACTATTATTTTGAAGACT	1
47	46	17	GTAATACTATTATTTTGAAGACTG	1
48	47	16	TAATACTATTATTTTGAAGACTGC	1
49	48	14	AATACTATTATTTTGAAGACTGCC	1
50	49	13	ATACTATTATTTTGAAGACTGCCG	1
51	50	13	TACTATTATTTTGAAGACTGCCGA	1
52	51	13	ACTATTATTTTGAAGACTGCCGAA	1
53	52	12	CTATTATTTTGAAGACTGCCGAAC	1
54	53	10	TATTATTTTGAAGACTGCCGAACT	1
55	54	10	ATTATTTTGAAGACTGCCGAACTC	1
56	55	10	TTATTTTGAAGACTGCCGAACTCA	1
57	56	10	TATTTTGAAGACTGCCGAACTCAC	1
58	57	8	ATTTTGAAGACTGCCGAACTCACT	1
59	58	8	TTTTGAAGACTGCCGAACTCACTC	1
60	59	9	TTTGAAGACTGCCGAACTCACTCC	1
61	60	9	TTGAAGACTGCCGAACTCACTCCT	1
62	61	9	TGAAGACTGCCGAACTCACTCCTC	1
63	62	9	GAAGACTGCCGAACTCACTCCTCT	1
64	63	9	AAGACTGCCGAACTCACTCCTCTT	1
65	64	9	AGACTGCCGAACTCACTCCTCTTT	1
66	65	8	GACTGCCGAACTCACTCCTCTTTC	1
67	66	8	ACTGCCGAACTCACTCCTCTTTCC	1
68	67	8	CTGCCGAACTCACTCCTCTTTCCG	1
69	68	7	TGCCGAACTCACTCCTCTTTCCGC	1
70	69	7	GCCGAACTCACTCCTCTTTCCGCT	1
71	70	8	CCGAACTCACTCCTCTTTCCGCTC	1
72	71	8	CGAACTCACTCCTCTTTCCGCTCT	1
73	72	7	GAACTCACTCCTCTTTCCGCTCTG	1
74	73	7	AACTCACTCCTCTTTCCGCTCTGT	1
75	74	7	ACTCACTCCTCTTTCCGCTCTGTG	1
76	75	6	CTCACTCCTCTTTCCGCTCTGTGT	1
77	76	6	TCACTCCTCTTTCCGCTCTGTGTC	1
78	77	6	CACTCCTCTTTCCGCTCTGTGTCT	1
79	78	6	ACTCCTCTTTCCGCTCTGTGTCTT	1
80	79	6	CTCCTCTTTCCGCTCTGTGTCTTA	1
81	80	5	TCCTCTTTCCGCTCTGTGTCTTAC	1
82	81	5	CCTCTTTCCGCTCTGTGTCTTACC	1
83	82	5	CTCTTTCCGCTCTGTGTCTTACCA	1
84	83	5	TCTTTCCGCTCTGTGTCTTACCAA	1
85	84	5	CTTTCCGCTCTGTGTCTTACCAAG	1
86	85	5	TTTCCGCTCTGTGTCTTACCAAGT	1
87	86	5	TTCCGCTCTGTGTCTTACCAAGTT	1
88	87	5	TCCGCTCTGTGTCTTACCAAGTTT	1
89	88	5	CCGCTCTGTGTCTTACCAAGTTTG	1
90	89	5	CGCTCTGTGTCTTACCAAGTTTGT	1
91	90	5	GCTCTGTGTCTTACCAAGTTTGTT	1
92	91	5	CTCTGTGTCTTACCAAGTTTGTTC	1
93	92	5	TCTGTGTCTTACCAAGTTTGTTCC	1
94	93	5	CTGTGTCTTACCAAGTTTGTTCCT	1
95	94	5	TGTGTCTTACCAAGTTTGTTCCTG	1
96	95	5	GTGTCTTACCAAGTTTGTTCCTGA	1
97	96	4	TGTCTTACCAAGTTTGTTCCTGAA	1
98	97	4	GTCTTACCAAGTTTGTTCCTGAAT	1
99	98	4	TCTTACCAAGTTTGTTCCTGAATG	1
100	99	4	CTTACCAAGTTTGTTCCTGAATGT	1
101	100	5	TTACCAAGTTTGTTCCTGAATGTG	1
102	101	5	TACCAAGTTTGTTCCTGAATGTGG	1
103	102	5	ACCAAGTTTGTTCCTGAATGTGGC	1
104	103	4	CCAAGTTTGTTCCTGAATGTGGCT	1
105	104	4	CAAGTTTGTTCCTGAATGTGGCTT	1
106	105	4	AAGTTTGTTCCTGAATGTGGCTTC	1
107	106	4	AGTTTGTTCCTGAATGTGGCTTCC	1
108	107	3	GTTTGTTCCTGAATGTGGCTTCCC	1
109	108	3	TTTGTTCCTGAATGTGGCTTCCCT	1
110	109	3	TTGTTCCTGAATGTGGCTTCCCTC	1
111	110	3	TGTTCCTGAATGTGGCTTCCCTCC	1
112	111	3	GTTCCTGAATGTGGCTTCCCTCCA	1
113	112	2	TTCCTGAATGTGGCTTCCCTCCAG	1
114	113	2	TCCTGAATGTGGCTTCCCTCCAGG	1
115	114	1	CCTGAATGTGGCTTCCCTCCAGGT	1
116	115	1	CTGAATGTGGCTTCCCTCCAGGTG	1
117	116	1	TGAATGTGGCTTCCCTCCAGGTGT	1
118	117	1	GAATGTGGCTTCCCTCCAGGTGTC	1
119	118	1	AATGTGGCTTCCCTCCAGGTGTCA	1
120	-1	0	CCTTTACCGGTTCTACCGGTGTCG	1
121	120	1	CTTTACCGGTTCTACCGGTGTCGG	1
122	121	2	TTTACCGGTTCTACCGGTGTCGGT	1
123	122	2	TTACCGGTTCTACCGGTGTCGGTC	1
124	123	2	TACCGGTTCTACCGGTGTCGGTCG	1
125	124	2	ACCGGTTCTACCGGTGTCGGTCGT	1
126	125	2	CCGGTTCTACCGGTGTCGGTCGTA	1
127	126	2	CGGTTCTACCGGTGTCGGTCGTAT	1
128	127	3	GGTTCTACCGGTGTCGGTCGTATG	1
129	128	3	GTTCTACCGGTGTCGGTCGTATGG	1
130	129	3	TTCTACCGGTGTCGGTCGTATGGT	1
131	130	3	TCTACCGGTGTCGGTCGTATGGTT	1
132	131	3	CTACCGGTGTCGGTCGTATGGTTA	1
133	132	3	TACCGGTGTCGGTCGTATGGTTAT	1
134	133	3	ACCGGTGTCGGTCGTATGGTTATG	1
135	134	3	CCGGTGTCGGTCGTATGGTTATGC	1
136	135	3	CGGTGTCGGTCGTATGGTTATGCG	1
137	136	3	GGTGTCGGTCGTATGGTTATGCGT	1
138	137	3	GTGTCGGTCGTATGGTTATGCGTG	1
139	138	3	TGTCGGTCGTATGGTTATGCGTGC	1
140	139	3	GTCGGTCGTATGGTTATGCGTGCT	1
141	140	3	TCGGTCGTATGGTTATGCGTGCTG	1
142	141	3	CGGTCGTATGGTTATGCGTGCTGC	1
143	142	3	GGTCGTATGGTTATGCGTGCTGCC	1
144	143	3	GTCGTATGGTTATGCGTGCTGCCG	1
145	144	3	TCGTATGGTTATGCGTGCTGCCGC	1
146	145	3	CGTATGGTTATGCGTGCTGCCGCC	1
147	146	3	GTATGGTTATGCGTGCTGCCGCCT	1
148	147	3	TATGGTTATGCGTGCTGCCGCCTC	1
149	148	3	ATGGTTATGCGTGCTGCCGCCTCC	1
150	149	3	TGGTTATGCGTGCTGCCGCCTCCT	1
151	150	4	GGTTATGCGTGCTGCCGCCTCCTC	1
152	151	4	GTTATGCGTGCTGCCGCCTCCTCC	1
153	152	4	TTATGCGTGCTGCCGCCTCCTCCA	1
154	153	4	TATGCGTGCTGCCGCCTCCTCCAA	1
155	154	4	ATGCGTGCTGCCGCCTCCTCCAAC	1
156	155	4	TGCGTGCTGCCGCCTCCTCCAACC	1
157	156	4	GCGTGCTGCCGCCTCCTCCAACCT	1
158	157	4	CGTGCTGCCGCCTCCTCCAACCTG	1
159	158	4	GTGCTGCCGCCTCCTCCAACCTGA	1
160	159	4	TGCTGCCGCCTCCTCCAACCTGAA	1
161	160	4	GCTGCCGCCTCCTCCAACCTGAAG	1
162	161	3	CTGCCGCCTCCTCCAACCTGAAGA	1
163	162	3	TGCCGCCTCCTCCAACCTGAAGAA	1
164	163	3	GCCGCCTCCTCCAACCTGAAGAAG	1
165	164	2	CCGCCTCCTCCAACCTGAAGAAGG	1
166	165	2	CGCCTCCTCCAACCTGAAGAAGGT	1
167	166	2	GCCTCCTCCAACCTGAAGAAGGTC	1
168	167	2	CCTCCTCCAACCTGAAGAAGGTCA	1
169	168	2	CTCCTCCAACCTGAAGAAGGTCAC	1
170	169	2	TCCTCCAACCTGAAGAAGGTCACT	1
171	170	2	CCTCCAACCTGAAGAAGGTCACTC	1
172	171	1	CTCCAACCTGAAGAAGGTCACTCT	1
173	172	1	TCCAACCTGAAGAAGGTCACTCTT	1
174	173	2	CCAACCTGAAGAAGGTCACTCTTG	1
175	174	2	CAACCTGAAGAAGGTCACTCTTGA	1
176	175	2	AACCTGAAGAAGGTCACTCTTGAA	1
177	176	2	ACCTGAAGAAGGTCACTCTTGAAT	1
178	177	2	CCTGAAGAAGGTCACTCTTGAATT	1
179	178	2	CTGAAGAAGGTCACTCTTGAATTG	1
180	179	2	TGAAGAAGGTCACTCTTGAATTGG	1
181	180	2	GAAGAAGGTCACTCTTGAATTGGG	1
182	181	2	AAGAAGGTCACTCTTGAATTGGGT	1
183	182	2	AGAAGGTCACTCTTGAATTGGGTG	1
184	183	2	GAAGGTCACTCTTGAATTGGGTGG	1
185	184	2	AAGGTCACTCTTGAATTGGGTGGT	1
186	185	2	AGGTCACTCTTGAATTGGGTGGTA	1
187	186	2	GGTCACTCTTGAATTGGGTGGTAA	1
188	187	2	GTCACTCTTGAATTGGGTGGTAAG	1
189	188	2	TCACTCTTGAATTGGGTGGTAAGT	1
190	189	2	CACTCTTGAATTGGGTGGTAAGTC	1
191	190	2	ACTCTTGAATTGGGTGGTAAGTCT	1
192	191	2	CTCTTGAATTGGGTGGTAAGTCTC	1
193	192	2	TCTTGAATTGGGTGGTAAGTCTCC	1
194	193	2	CTTGAATTGGGTGGTAAGTCTCCC	1
195	194	1	TTGAATTGGGTGGTAAGTCTCCCA	1
196	195	1	TGAATTGGGTGGTAAGTCTCCCAA	1
197	196	1	GAATTGGGTGGTAAGTCTCCCAAT	1
198	197	1	AATTGGGTGGTAAGTCTCCCAATA	1
199	198	1	ATTGGGTGGTAAGTCTCCCAATAT	1
200	199	1	TTGGGTGGTAAGTCTCCCAATATT	1
201	200	1	TGGGTGGTAAGTCTCCCAATATTG	1
202	201	1	GGGTGGTAAGTCTCCCAATATTGT	1
203	202	1	GGTGGTAAGTCTCCCAATATTGTT	1
204	203	1	GTGGTAAGTCTCCCAATATTGTTT	1
205	204	1	TGGTAAGTCTCCCAATATTGTTTT	1
206	205	1	GGTAAGTCTCCCAATATTGTTTTC	1
207	206	1	GTAAGTCTCCCAATATTGTTTTCA	1
208	207	1	TAAGTCTCCCAATATTGTTTTCAA	1
209	208	1	AAGTCTCCCAATATTGTTTTCAAC	1
210	209	1	AGTCTCCCAATATTGTTTTCAACG	1
211	210	1	GTCTCCCAATATTGTTTTCAACGA	1
212	211	1	TCTCCCAATATTGTTTTCAACGAT	1
213	212	1	CTCCCAATATTGTTTTCAACGATG	1
214	213	1	TCCCAATATTGTTTTCAACGATGC	1
215	214	2	CCCAATATTGTTTTCAACGATGCC	1
216	215	2	CCAATATTGTTTTCAACGATGCCG	1
217	216	2	CAATATTGTTTTCAACGATGCCGA	1
218	217	2	AATATTGTTTTCAACGATGCCGAT	1
219	218	2	ATATTGTTTTCAACGATGCCGATT	1
220	219	2	TATTGTTTTCAACGATGCCGATTT	1
221	220	2	ATTGTTTTCAACGATGCCGATTTG	1
222	221	2	TTGTTTTCAACGATGCCGATTTGG	1
223	222	2	TGTTTTCAACGATGCCGATTTGGA	1
224	223	2	GTTTTCAACGATGCCGATTTGGAC	1
225	224	2	TTTTCAACGATGCCGATTTGGACT	1
226	225	2	TTTCAACGATGCCGATTTGGACTC	1
227	226	2	TTCAACGATGCCGATTTGGACTCA	1
228	227	2	TCAACGATGCCGATTTGGACTCAG	1
229	228	2	CAACGATGCCGATTTGGACTCAGC	1
230	229	2	AACGATGCCGATTTGGACTCAGCT	1
231	230	2	ACGATGCCGATTTGGACTCAGCTG	1
232	231	2	CGATGCCGATTTGGACTCAGCTGC	1
233	232	2	GATGCCGATTTGGACTCAGCTGCT	1
234	233	2	ATGCCGATTTGGACTCAGCTGCTG	1
235	234	2	TGCCGATTTGGACTCAGCTGCTGT	1
236	235	2	GCCGATTTGGACTCAGCTGCTGTC	1
237	236	2	CCGATTTGGACTCAGCTGCTGTCT	1
238	237	2	CGATTTGGACTCAGCTGCTGTCTG	1
239	238	2	GATTTGGACTCAGCTGCTGTCTGG	1
240	239	2	ATTTGGACTCAGCTGCTGTCTGGA	1
241	240	2	TTTGGACTCAGCTGCTGTCTGGAC	1
242	241	2	TTGGACTCAGCTGCTGTCTGGACT	1
243	242	2	TGGACTCAGCTGCTGTCTGGACTA	1
244	243	2	GGACTCAGCTGCTGTCTGGACTAA	1
245	244	2	GACTCAGCTGCTGTCTGGACTAAC	1
246	245	2	ACTCAGCTGCTGTCTGGACTAACT	1
247	246	2	CTCAGCTGCTGTCTGGACTAACTA	1
248	247	2	TCAGCTGCTGTCTGGACTAACTAT	1
249	248	2	CAGCTGCTGTCTGGACTAACTATG	1
250	249	2	AGCTGCTGTCTGGACTAACTATGG	1
251	250	2	GCTGCTGTCTGGACTAACTATGGT	1
252	251	2	CTGCTGTCTGGACTAACTATGGTA	1
253	252	2	TGCTGTCTGGACTAACTATGGTAT	1
254	253	3	GCTGTCTGGACTAACTATGGTATC	1
255	254	3	CTGTCTGGACTAACTATGGTATCT	1
256	255	3	TGTCTGGACTAACTATGGTATCTT	1
257	256	3	GTCTGGACTAACTATGGTATCTTT	1
258	257	3	TCTGGACTAACTATGGTATCTTTT	1
259	258	2	CTGGACTAACTATGGTATCTTTTA	1
260	259	2	TGGACTAACTATGGTATCTTTTAC	1
261	260	2	GGACTAACTATGGTATCTTTTACA	1
262	261	2	GACTAACTATGGTATCTTTTACAA	1
263	262	2	ACTAACTATGGTATCTTTTACAAC	1
264	263	2	CTAACTATGGTATCTTTTACAACT	1
265	264	2	TAACTATGGTATCTTTTACAACTC	1
266	265	2	AACTATGGTATCTTTTACAACTCT	1
267	266	2	ACTATGGTATCTTTTACAACTCTG	1
268	267	2	CTATGGTATCTTTTACAACTCTGG	1
269	268	2	TATGGTATCTTTTACAACTCTGGT	1
270	269	2	ATGGTATCTTTTACAACTCTGGTC	1
271	270	2	TGGTATCTTTTACAACTCTGGTCA	1
272	271	2	GGTATCTTTTACAACTCTGGTCAA	1
273	272	2	GTATCTTTTACAACTCTGGTCAAG	1
274	273	2	TATCTTTTACAACTCTGGTCAAGT	1
275	274	2	ATCTTTTACAACTCTGGTCAAGTC	1
276	275	2	TCTTTTACAACTCTGGTCAAGTCT	1
277	276	2	CTTTTACAACTCTGGTCAAGTCTG	1
278	277	2	TTTTACAACTCTGGTCAAGTCTGT	1
279	278	2	TTTACAACTCTGGTCAAGTCTGTT	1
280	279	2	TTACAACTCTGGTCAAGTCTGTTG	1
281	280	2	TACAACTCTGGTCAAGTCTGTTGT	1
282	281	2	ACAACTCTGGTCAAGTCTGTTGTG	1
283	282	2	CAACTCTGGTCAAGTCTGTTGTGC	1
284	283	3	AACTCTGGTCAAGTCTGTTGTGCA	1
285	284	4	ACTCTGGTCAAGTCTGTTGTGCAG	1
286	285	4	CTCTGGTCAAGTCTGTTGTGCAGG	1
287	286	5	TCTGGTCAAGTCTGTTGTGCAGGT	1
288	287	6	CTGGTCAAGTCTGTTGTGCAGGTA	1
289	288	6	TGGTCAAGTCTGTTGTGCAGGTAG	1
290	289	7	GGTCAAGTCTGTTGTGCAGGTAGC	1
291	290	7	GTCAAGTCTGTTGTGCAGGTAGCC	1
292	291	7	TCAAGTCTGTTGTGCAGGTAGCCG	1
293	292	7	CAAGTCTGTTGTGCAGGTAGCCGT	1
294	293	7	AAGTCTGTTGTGCAGGTAGCCGTG	1
295	294	7	AGTCTGTTGTGCAGGTAGCCGTGT	1
296	295	8	GTCTGTTGTGCAGGTAGCCGTGTC	1
297	296	8	TCTGTTGTGCAGGTAGCCGTGTCT	1
298	297	7	CTGTTGTGCAGGTAGCCGTGTCTA	1
299	298	9	TGTTGTGCAGGTAGCCGTGTCTAC	1
300	299	9	GTTGTGCAGGTAGCCGTGTCTACG	1
301	300	9	TTGTGCAGGTAGCCGTGTCTACGT	1
302	301	9	TGTGCAGGTAGCCGTGTCTACGTG	1
303	302	9	GTGCAGGTAGCCGTGTCTACGTGC	1
304	303	9	TGCAGGTAGCCGTGTCTACGTGCA	1
305	304	8	GCAGGTAGCCGTGTCTACGTGCAA	1
306	305	9	CAGGTAGCCGTGTCTACGTGCAAG	1
307	306	10	AGGTAGCCGTGTCTACGTGCAAGA	1
308	307	10	GGTAGCCGTGTCTACGTGCAAGAG	1
309	308	10	GTAGCCGTGTCTACGTGCAAGAGG	1
310	309	10	TAGCCGTGTCTACGTGCAAGAGGA	1
311	310	10	AGCCGTGTCTACGTGCAAGAGGAT	1
312	311	10	GCCGTGTCTACGTGCAAGAGGATG	1
313	312	10	CCGTGTCTACGTGCAAGAGGATGT	1
314	313	10	CGTGTCTACGTGCAAGAGGATGTT	1
315	314	10	GTGTCTACGTGCAAGAGGATGTTT	1
316	315	10	TGTCTACGTGCAAGAGGATGTTTA	1
317	316	10	GTCTACGTGCAAGAGGATGTTTAC	1
318	317	10	TCTACGTGCAAGAGGATGTTTACG	1
319	318	10	CTACGTGCAAGAGGATGTTTACGA	1
320	319	10	TACGTGCAAGAGGATGTTTACGAT	1
321	320	10	ACGTGCAAGAGGATGTTTACGATG	1
322	321	10	CGTGCAAGAGGATGTTTACGATGA	1
323	322	10	GTGCAAGAGGATGTTTACGATGAG	1
324	323	10	TGCAAGAGGATGTTTACGATGAGT	1
325	324	10	GCAAGAGGATGTTTACGATGAGTT	1
326	325	11	CAAGAGGATGTTTACGATGAGTTC	1
327	326	10	AAGAGGATGTTTACGATGAGTTCA	1
328	327	10	AGAGGATGTTTACGATGAGTTCAT	1
329	328	9	GAGGATGTTTACGATGAGTTCATT	1
330	329	9	AGGATGTTTACGATGAGTTCATTA	1
331	330	8	GGATGTTTACGATGAGTTCATTAA	1
332	331	7	GATGTTTACGATGAGTTCATTAAA	1
333	332	7	ATGTTTACGATGAGTTCATTAAAC	1
334	333	6	TGTTTACGATGAGTTCATTAAACG	1
335	334	5	GTTTACGATGAGTTCATTAAACGC	1
336	335	5	TTTACGATGAGTTCATTAAACGCA	1
337	336	5	TTACGATGAGTTCATTAAACGCAT	1
338	337	5	TACGATGAGTTCATTAAACGCATG	1
339	338	5	ACGATGAGTTCATTAAACGCATGG	1
340	339	5	CGATGAGTTCATTAAACGCATGGT	1
341	340	6	GATGAGTTCATTAAACGCATGGTT	1
342	341	6	ATGAGTTCATTAAACGCATGGTTG	1
343	342	4	TGAGTTCATTAAACGCATGGTTGC	1
344	343	4	GAGTTCATTAAACGCATGGTTGCC	1
345	344	4	AGTTCATTAAACGCATGGTTGCCA	1
346	345	4	GTTCATTAAACGCATGGTTGCCAA	1
347	346	5	TTCATTAAACGCATGGTTGCCAAG	1
348	347	6	TCATTAAACGCATGGTTGCCAAGG	1
349	348	6	CATTAAACGCATGGTTGCCAAGGC	1
350	349	5	ATTAAACGCATGGTTGCCAAGGCC	1
351	350	4	TTAAACGCATGGTTGCCAAGGCCA	1
352	351	4	TAAACGCATGGTTGCCAAGGCCAA	1
353	352	4	AAACGCATGGTTGCCAAGGCCAAG	1
354	353	4	AACGCATGGTTGCCAAGGCCAAGA	1
355	354	4	ACGCATGGTTGCCAAGGCCAAGAC	1
356	355	4	CGCATGGTTGCCAAGGCCAAGACT	1
357	356	4	GCATGGTTGCCAAGGCCAAGACTT	1
358	357	4	CATGGTTGCCAAGGCCAAGACTTT	1
359	358	4	ATGGTTGCCAAGGCCAAGACTTTG	1
360	359	4	TGGTTGCCAAGGCCAAGACTTTGA	1
361	360	4	GGTTGCCAAGGCCAAGACTTTGAA	1
362	361	4	GTTGCCAAGGCCAAGACTTTGAAG	1
363	362	4	TTGCCAAGGCCAAGACTTTGAAGG	1
364	363	4	TGCCAAGGCCAAGACTTTGAAGGT	1
365	364	4	GCCAAGGCCAAGACTTTGAAGGTT	1
366	365	4	CCAAGGCCAAGACTTTGAAGGTTG	1
367	366	4	CAAGGCCAAGACTTTGAAGGTTGG	1
368	367	4	AAGGCCAAGACTTTGAAGGTTGGT	1
369	368	4	AGGCCAAGACTTTGAAGGTTGGTG	1
370	369	3	GGCCAAGACTTTGAAGGTTGGTGA	1
371	370	3	GCCAAGACTTTGAAGGTTGGTGAT	1
372	371	3	CCAAGACTTTGAAGGTTGGTGATC	1
373	372	3	CAAGACTTTGAAGGTTGGTGATCC	1
374	373	3	AAGACTTTGAAGGTTGGTGATCCT	1
375	374	3	AGACTTTGAAGGTTGGTGATCCTT	1
376	375	3	GACTTTGAAGGTTGGTGATCCTTT	1
377	376	3	ACTTTGAAGGTTGGTGATCCTTTC	1
378	377	3	CTTTGAAGGTTGGTGATCCTTTCG	1
379	378	3	TTTGAAGGTTGGTGATCCTTTCGC	1
380	379	3	TTGAAGGTTGGTGATCCTTTCGCC	1
381	380	4	TGAAGGTTGGTGATCCTTTCGCCG	1
382	381	4	GAAGGTTGGTGATCCTTTCGCCGA	1
383	382	5	AAGGTTGGTGATCCTTTCGCCGAA	1
384	383	5	AGGTTGGTGATCCTTTCGCCGAAG	1
385	384	4	GGTTGGTGATCCTTTCGCCGAAGA	1
386	385	4	GTTGGTGATCCTTTCGCCGAAGAT	1
387	386	4	TTGGTGATCCTTTCGCCGAAGATA	1
388	387	4	TGGTGATCCTTTCGCCGAAGATAC	1
389	388	4	GGTGATCCTTTCGCCGAAGATACC	1
390	389	4	GTGATCCTTTCGCCGAAGATACCT	1
391	390	3	TGATCCTTTCGCCGAAGATACCTT	1
392	391	2	GATCCTTTCGCCGAAGATACCTTC	1
393	392	2	ATCCTTTCGCCGAAGATACCTTCC	1
394	393	2	TCCTTTCGCCGAAGATACCTTCCA	1
395	394	2	CCTTTCGCCGAAGATACCTTCCAA	1
396	395	4	CTTTCGCCGAAGATACCTTCCAAG	1
397	396	5	TTTCGCCGAAGATACCTTCCAAGG	1
398	397	5	TTCGCCGAAGATACCTTCCAAGGT	1
399	398	5	TCGCCGAAGATACCTTCCAAGGTG	1
400	399	5	CGCCGAAGATACCTTCCAAGGTGC	1
401	400	6	GCCGAAGATACCTTCCAAGGTGCT	1
402	401	6	CCGAAGATACCTTCCAAGGTGCTC	1
403	402	6	CGAAGATACCTTCCAAGGTGCTCA	1
404	403	6	GAAGATACCTTCCAAGGTGCTCAA	1
405	404	6	AAGATACCTTCCAAGGTGCTCAAG	1
406	405	6	AGATACCTTCCAAGGTGCTCAAGT	1
407	406	6	GATACCTTCCAAGGTGCTCAAGTT	1
408	407	6	ATACCTTCCAAGGTGCTCAAGTTA	1
409	408	7	TACCTTCCAAGGTGCTCAAGTTAG	1
410	409	7	ACCTTCCAAGGTGCTCAAGTTAGT	1
411	410	7	CCTTCCAAGGTGCTCAAGTTAGTA	1
412	411	7	CTTCCAAGGTGCTCAAGTTAGTAA	1
413	412	7	TTCCAAGGTGCTCAAGTTAGTAAG	1
414	413	7	TCCAAGGTGCTCAAGTTAGTAAGC	1
415	414	7	CCAAGGTGCTCAAGTTAGTAAGCA	1
416	415	8	CAAGGTGCTCAAGTTAGTAAGCAA	1
417	416	8	AAGGTGCTCAAGTTAGTAAGCAAC	1
418	417	8	AGGTGCTCAAGTTAGTAAGCAACA	1
419	418	8	GGTGCTCAAGTTAGTAAGCAACAG	1
420	419	8	GTGCTCAAGTTAGTAAGCAACAGT	1
421	420	8	TGCTCAAGTTAGTAAGCAACAGTA	1
422	421	8	GCTCAAGTTAGTAAGCAACAGTAT	1
423	422	8	CTCAAGTTAGTAAGCAACAGTATG	1
424	423	9	TCAAGTTAGTAAGCAACAGTATGA	1
425	424	8	CAAGTTAGTAAGCAACAGTATGAA	1
426	425	8	AAGTTAGTAAGCAACAGTATGAAC	1
427	426	7	AGTTAGTAAGCAACAGTATGAACG	1
428	427	7	GTTAGTAAGCAACAGTATGAACGT	1
429	428	7	TTAGTAAGCAACAGTATGAACGTA	1
430	429	7	TAGTAAGCAACAGTATGAACGTAT	1
431	430	7	AGTAAGCAACAGTATGAACGTATT	1
432	431	7	GTAAGCAACAGTATGAACGTATTG	1
433	432	7	TAAGCAACAGTATGAACGTATTGT	1
434	433	7	AAGCAACAGTATGAACGTATTGTT	1
435	434	7	AGCAACAGTATGAACGTATTGTTA	1
436	435	7	GCAACAGTATGAACGTATTGTTAG	1
437	436	7	CAACAGTATGAACGTATTGTTAGT	1
438	437	7	AACAGTATGAACGTATTGTTAGTT	1
439	438	8	ACAGTATGAACGTATTGTTAGTTA	1
440	439	6	CAGTATGAACGTATTGTTAGTTAT	1
441	440	5	AGTATGAACGTATTGTTAGTTATA	1
442	441	5	GTATGAACGTATTGTTAGTTATAT	1
443	442	5	TATGAACGTATTGTTAGTTATATT	1
444	443	5	ATGAACGTATTGTTAGTTATATTG	1
445	444	4	TGAACGTATTGTTAGTTATATTGA	1
446	445	4	GAACGTATTGTTAGTTATATTGAG	1
447	446	4	AACGTATTGTTAGTTATATTGAGA	1
448	447	4	ACGTATTGTTAGTTATATTGAGAG	1
449	448	4	CGTATTGTTAGTTATATTGAGAGT	1
450	449	5	GTATTGTTAGTTATATTGAGAGTG	1
451	450	4	TATTGTTAGTTATATTGAGAGTGG	1
452	451	4	ATTGTTAGTTATATTGAGAGTGGC	1
453	452	3	TTGTTAGTTATATTGAGAGTGGCA	1
454	453	3	TGTTAGTTATATTGAGAGTGGCAT	1
455	454	3	GTTAGTTATATTGAGAGTGGCATT	1
456	455	3	TTAGTTATATTGAGAGTGGCATTG	1
457	456	3	TAGTTATATTGAGAGTGGCATTGC	1
458	457	3	AGTTATATTGAGAGTGGCATTGCT	1
459	458	3	GTTATATTGAGAGTGGCATTGCTC	1
460	459	3	TTATATTGAGAGTGGCATTGCTCA	1
461	460	3	TATATTGAGAGTGGCATTGCTCAT	1
462	461	3	ATATTGAGAGTGGCATTGCTCATG	1
463	462	3	TATTGAGAGTGGCATTGCTCATGG	1
464	463	3	ATTGAGAGTGGCATTGCTCATGGT	1
465	464	3	TTGAGAGTGGCATTGCTCATGGTG	1
466	465	3	TGAGAGTGGCATTGCTCATGGTGC	1
467	466	3	GAGAGTGGCATTGCTCATGGTGCC	1
468	467	2	AGAGTGGCATTGCTCATGGTGCCA	1
469	468	2	GAGTGGCATTGCTCATGGTGCCAA	1
470	469	2	AGTGGCATTGCTCATGGTGCCAAA	1
471	470	2	GTGGCATTGCTCATGGTGCCAAAT	1
472	471	2	TGGCATTGCTCATGGTGCCAAATT	1
473	472	3	GGCATTGCTCATGGTGCCAAATTA	1
474	473	3	GCATTGCTCATGGTGCCAAATTAG	1
475	474	3	CATTGCTCATGGTGCCAAATTAGA	1
476	475	3	ATTGCTCATGGTGCCAAATTAGAG	1
477	476	3	TTGCTCATGGTGCCAAATTAGAGA	1
478	477	3	TGCTCATGGTGCCAAATTAGAGAT	1
479	478	3	GCTCATGGTGCCAAATTAGAGATT	1
480	479	3	CTCATGGTGCCAAATTAGAGATTG	1
481	480	4	TCATGGTGCCAAATTAGAGATTGG	1
482	481	4	CATGGTGCCAAATTAGAGATTGGT	1
483	482	3	ATGGTGCCAAATTAGAGATTGGTG	1
484	483	3	TGGTGCCAAATTAGAGATTGGTGG	1
485	484	3	GGTGCCAAATTAGAGATTGGTGGT	1
486	485	3	GTGCCAAATTAGAGATTGGTGGTA	1
487	486	4	TGCCAAATTAGAGATTGGTGGTAA	1
488	487	4	GCCAAATTAGAGATTGGTGGTAAG	1
489	488	4	CCAAATTAGAGATTGGTGGTAAGC	1
490	489	5	CAAATTAGAGATTGGTGGTAAGCG	1
491	490	5	AAATTAGAGATTGGTGGTAAGCGT	1
492	491	5	AATTAGAGATTGGTGGTAAGCGTC	1
493	492	5	ATTAGAGATTGGTGGTAAGCGTCA	1
494	493	4	TTAGAGATTGGTGGTAAGCGTCAT	1
495	494	4	TAGAGATTGGTGGTAAGCGTCATG	1
496	495	4	AGAGATTGGTGGTAAGCGTCATGG	1
497	496	4	GAGATTGGTGGTAAGCGTCATGGT	1
498	497	5	AGATTGGTGGTAAGCGTCATGGTA	1
499	498	6	GATTGGTGGTAAGCGTCATGGTAA	1
500	499	6	ATTGGTGGTAAGCGTCATGGTAAT	1
501	500	7	TTGGTGGTAAGCGTCATGGTAATC	1
502	501	7	TGGTGGTAAGCGTCATGGTAATCT	1
503	502	7	GGTGGTAAGCGTCATGGTAATCTC	1
504	503	7	GTGGTAAGCGTCATGGTAATCTCG	1
505	504	7	TGGTAAGCGTCATGGTAATCTCGG	1
506	505	7	GGTAAGCGTCATGGTAATCTCGGT	1
507	506	7	GTAAGCGTCATGGTAATCTCGGTT	1
508	507	7	TAAGCGTCATGGTAATCTCGGTTA	1
509	508	7	AAGCGTCATGGTAATCTCGGTTAC	1
510	509	7	AGCGTCATGGTAATCTCGGTTACT	1
511	510	7	GCGTCATGGTAATCTCGGTTACTT	1
512	511	8	CGTCATGGTAATCTCGGTTACTTT	1
513	512	8	GTCATGGTAATCTCGGTTACTTTG	1
514	513	8	TCATGGTAATCTCGGTTACTTTGT	1
515	514	8	CATGGTAATCTCGGTTACTTTGTC	1
516	515	8	ATGGTAATCTCGGTTACTTTGTCG	1
517	516	7	TGGTAATCTCGGTTACTTTGTCGA	1
518	517	8	GGTAATCTCGGTTACTTTGTCGAA	1
519	518	8	GTAATCTCGGTTACTTTGTCGAAC	1
520	519	8	TAATCTCGGTTACTTTGTCGAACC	1
521	520	8	AATCTCGGTTACTTTGTCGAACCT	1
522	521	8	ATCTCGGTTACTTTGTCGAACCTA	1
523	522	8	TCTCGGTTACTTTGTCGAACCTAC	1
524	523	8	CTCGGTTACTTTGTCGAACCTACT	1
525	524	7	TCGGTTACTTTGTCGAACCTACTA	1
526	525	7	CGGTTACTTTGTCGAACCTACTAT	1
527	526	7	GGTTACTTTGTCGAACCTACTATT	1
528	527	7	GTTACTTTGTCGAACCTACTATTC	1
529	528	7	TTACTTTGTCGAACCTACTATTCT	1
530	529	7	TACTTTGTCGAACCTACTATTCTC	1
531	530	6	ACTTTGTCGAACCTACTATTCTCT	1
532	531	6	CTTTGTCGAACCTACTATTCTCTC	1
533	532	6	TTTGTCGAACCTACTATTCTCTCC	1
534	533	6	TTGTCGAACCTACTATTCTCTCCA	1
535	534	6	TGTCGAACCTACTATTCTCTCCAA	1
536	535	6	GTCGAACCTACTATTCTCTCCAAC	1
537	536	6	TCGAACCTACTATTCTCTCCAACG	1
538	537	6	CGAACCTACTATTCTCTCCAACGT	1
539	538	6	GAACCTACTATTCTCTCCAACGTT	1
540	539	6	AACCTACTATTCTCTCCAACGTTA	1
541	540	5	ACCTACTATTCTCTCCAACGTTAC	1
542	541	5	CCTACTATTCTCTCCAACGTTACC	1
543	542	4	CTACTATTCTCTCCAACGTTACCG	1
544	543	4	TACTATTCTCTCCAACGTTACCGA	1
545	544	3	ACTATTCTCTCCAACGTTACCGAG	1
546	545	4	CTATTCTCTCCAACGTTACCGAGG	1
547	546	4	TATTCTCTCCAACGTTACCGAGGA	1
548	547	4	ATTCTCTCCAACGTTACCGAGGAC	1
549	548	4	TTCTCTCCAACGTTACCGAGGACA	1
550	549	5	TCTCTCCAACGTTACCGAGGACAT	1
551	550	5	CTCTCCAACGTTACCGAGGACATG	1
552	551	5	TCTCCAACGTTACCGAGGACATGG	1
553	552	5	CTCCAACGTTACCGAGGACATGGC	1
554	553	5	TCCAACGTTACCGAGGACATGGCT	1
555	554	5	CCAACGTTACCGAGGACATGGCTG	1
556	555	4	CAACGTTACCGAGGACATGGCTGT	1
557	556	4	AACGTTACCGAGGACATGGCTGTC	1
558	557	4	ACGTTACCGAGGACATGGCTGTCG	1
559	558	4	CGTTACCGAGGACATGGCTGTCGG	1
560	559	4	GTTACCGAGGACATGGCTGTCGGT	1
561	560	4	TTACCGAGGACATGGCTGTCGGTA	1
562	561	6	TACCGAGGACATGGCTGTCGGTAA	1
563	562	6	ACCGAGGACATGGCTGTCGGTAAG	1
564	563	6	CCGAGGACATGGCTGTCGGTAAGG	1
565	564	6	CGAGGACATGGCTGTCGGTAAGGA	1
566	565	6	GAGGACATGGCTGTCGGTAAGGAG	1
567	566	6	AGGACATGGCTGTCGGTAAGGAGG	1
568	567	6	GGACATGGCTGTCGGTAAGGAGGA	1
569	568	6	GACATGGCTGTCGGTAAGGAGGAA	1
570	569	6	ACATGGCTGTCGGTAAGGAGGAAA	1
571	570	7	CATGGCTGTCGGTAAGGAGGAAAT	1
572	571	7	ATGGCTGTCGGTAAGGAGGAAATT	1
573	572	8	TGGCTGTCGGTAAGGAGGAAATTT	1
574	573	8	GGCTGTCGGTAAGGAGGAAATTTT	1
575	574	8	GCTGTCGGTAAGGAGGAAATTTTT	1
576	575	8	CTGTCGGTAAGGAGGAAATTTTTG	1
577	576	7	TGTCGGTAAGGAGGAAATTTTTGG	1
578	577	7	GTCGGTAAGGAGGAAATTTTTGGA	1
579	578	7	TCGGTAAGGAGGAAATTTTTGGAC	1
580	579	7	CGGTAAGGAGGAAATTTTTGGACC	1
581	580	7	GGTAAGGAGGAAATTTTTGGACCC	1
582	581	7	GTAAGGAGGAAATTTTTGGACCCG	1
583	582	7	TAAGGAGGAAATTTTTGGACCCGT	1
584	583	8	AAGGAGGAAATTTTTGGACCCGTT	1
585	584	11	AGGAGGAAATTTTTGGACCCGTTC	1
586	585	11	GGAGGAAATTTTTGGACCCGTTCT	1
587	586	11	GAGGAAATTTTTGGACCCGTTCTT	1
588	587	12	AGGAAATTTTTGGACCCGTTCTTG	1
589	588	12	GGAAATTTTTGGACCCGTTCTTGC	1
590	589	12	GAAATTTTTGGACCCGTTCTTGCC	1
591	590	13	AAATTTTTGGACCCGTTCTTGCCG	1
592	591	15	AATTTTTGGACCCGTTCTTGCCGT	1
593	592	15	ATTTTTGGACCCGTTCTTGCCGTC	1
594	593	14	TTTTTGGACCCGTTCTTGCCGTCA	1
595	594	14	TTTTGGACCCGTTCTTGCCGTCAT	1
596	595	14	TTTGGACCCGTTCTTGCCGTCATT	1
597	596	14	TTGGACCCGTTCTTGCCGTCATTA	1
598	597	14	TGGACCCGTTCTTGCCGTCATTAA	1
599	598	14	GGACCCGTTCTTGCCGTCATTAAA	1
600	599	14	GACCCGTTCTTGCCGTCATTAAAT	1
601	600	14	ACCCGTTCTTGCCGTCATTAAATT	1
602	601	14	CCCGTTCTTGCCGTCATTAAATTC	1
603	602	14	CCGTTCTTGCCGTCATTAAATTCA	1
604	603	14	CGTTCTTGCCGTCATTAAATTCAA	1
605	604	14	GTTCTTGCCGTCATTAAATTCAAG	1
606	605	10	TTCTTGCCGTCATTAAATTCAAGA	1
607	606	10	TCTTGCCGTCATTAAATTCAAGAC	1
608	607	10	CTTGCCGTCATTAAATTCAAGACC	1
609	608	10	TTGCCGTCATTAAATTCAAGACCA	1
610	609	10	TGCCGTCATTAAATTCAAGACCAT	1
611	610	10	GCCGTCATTAAATTCAAGACCATC	1
612	611	11	CCGTCATTAAATTCAAGACCATCG	1
613	612	11	CGTCATTAAATTCAAGACCATCGA	1
614	613	11	GTCATTAAATTCAAGACCATCGAG	1
615	614	10	TCATTAAATTCAAGACCATCGAGG	1
616	615	10	CATTAAATTCAAGACCATCGAGGA	1
617	616	11	ATTAAATTCAAGACCATCGAGGAG	1
618	617	12	TTAAATTCAAGACCATCGAGGAGG	1
619	618	13	TAAATTCAAGACCATCGAGGAGGC	1
620	619	14	AAATTCAAGACCATCGAGGAGGCC	1
621	620	14	AATTCAAGACCATCGAGGAGGCCA	1
622	621	14	ATTCAAGACCATCGAGGAGGCCAT	1
623	622	14	TTCAAGACCATCGAGGAGGCCATC	1
624	623	14	TCAAGACCATCGAGGAGGCCATCC	1
625	624	14	CAAGACCATCGAGGAGGCCATCCG	1
626	625	14	AAGACCATCGAGGAGGCCATCCGT	1
627	626	14	AGACCATCGAGGAGGCCATCCGTC	1
628	627	13	GACCATCGAGGAGGCCATCCGTCG	1
629	628	10	ACCATCGAGGAGGCCATCCGTCGC	1
630	629	10	CCATCGAGGAGGCCATCCGTCGCG	1
631	630	11	CATCGAGGAGGCCATCCGTCGCGG	1
632	631	10	ATCGAGGAGGCCATCCGTCGCGGT	1
633	632	10	TCGAGGAGGCCATCCGTCGCGGTA	1
634	633	10	CGAGGAGGCCATCCGTCGCGGTAA	1
635	634	9	GAGGAGGCCATCCGTCGCGGTAAC	1
636	635	7	AGGAGGCCATCCGTCGCGGTAACA	1
637	636	7	GGAGGCCATCCGTCGCGGTAACAA	1
638	637	8	GAGGCCATCCGTCGCGGTAACAAC	1
639	638	8	AGGCCATCCGTCGCGGTAACAACA	1
640	639	8	GGCCATCCGTCGCGGTAACAACAG	1
641	640	8	GCCATCCGTCGCGGTAACAACAGT	1
642	641	8	CCATCCGTCGCGGTAACAACAGTA	1
643	642	8	CATCCGTCGCGGTAACAACAGTAC	1
644	643	8	ATCCGTCGCGGTAACAACAGTACA	1
645	644	8	TCCGTCGCGGTAACAACAGTACAT	1
646	645	8	CCGTCGCGGTAACAACAGTACATA	1
647	646	8	CGTCGCGGTAACAACAGTACATAT	1
648	647	8	GTCGCGGTAACAACAGTACATATG	1
649	648	8	TCGCGGTAACAACAGTACATATGG	1
650	649	8	CGCGGTAACAACAGTACATATGGT	1
651	650	10	GCGGTAACAACAGTACATATGGTT	1
652	651	11	CGGTAACAACAGTACATATGGTTT	1
653	652	11	GGTAACAACAGTACATATGGTTTA	1
654	653	11	GTAACAACAGTACATATGGTTTAG	1
655	654	11	TAACAACAGTACATATGGTTTAGC	1
656	655	10	AACAACAGTACATATGGTTTAGCT	1
657	656	10	ACAACAGTACATATGGTTTAGCTG	1
658	657	10	CAACAGTACATATGGTTTAGCTGC	1
659	658	10	AACAGTACATATGGTTTAGCTGCT	1
660	659	10	ACAGTACATATGGTTTAGCTGCTG	1
661	660	9	CAGTACATATGGTTTAGCTGCTGG	1
662	661	8	AGTACATATGGTTTAGCTGCTGGT	1
663	662	7	GTACATATGGTTTAGCTGCTGGTG	1
664	663	6	TACATATGGTTTAGCTGCTGGTGT	1
665	664	6	ACATATGGTTTAGCTGCTGGTGTA	1
666	665	6	CATATGGTTTAGCTGCTGGTGTAC	1
667	666	6	ATATGGTTTAGCTGCTGGTGTACA	1
668	667	6	TATGGTTTAGCTGCTGGTGTACAC	1
669	668	6	ATGGTTTAGCTGCTGGTGTACACA	1
670	669	6	TGGTTTAGCTGCTGGTGTACACAC	1
671	670	6	GGTTTAGCTGCTGGTGTACACACT	1
672	671	6	GTTTAGCTGCTGGTGTACACACTA	1
673	672	6	TTTAGCTGCTGGTGTACACACTAA	1
674	673	6	TTAGCTGCTGGTGTACACACTAAC	1
675	674	5	TAGCTGCTGGTGTACACACTAACA	1
676	675	6	AGCTGCTGGTGTACACACTAACAA	1
677	676	5	GCTGCTGGTGTACACACTAACAAT	1
678	677	5	CTGCTGGTGTACACACTAACAATA	1
679	678	5	TGCTGGTGTACACACTAACAATAT	1
680	679	5	GCTGGTGTACACACTAACAATATT	1
681	680	5	CTGGTGTACACACTAACAATATTA	1
682	681	4	TGGTGTACACACTAACAATATTAC	1
683	682	4	GGTGTACACACTAACAATATTACC	1
684	683	4	GTGTACACACTAACAATATTACCA	1
685	684	4	TGTACACACTAACAATATTACCAA	1
686	685	4	GTACACACTAACAATATTACCAAT	1
687	686	4	TACACACTAACAATATTACCAATG	1
688	687	4	ACACACTAACAATATTACCAATGC	1
689	688	4	CACACTAACAATATTACCAATGCC	1
690	689	4	ACACTAACAATATTACCAATGCCA	1
691	690	4	CACTAACAATATTACCAATGCCAT	1
692	691	4	ACTAACAATATTACCAATGCCATC	1
693	692	4	CTAACAATATTACCAATGCCATCA	1
694	693	4	TAACAATATTACCAATGCCATCAA	1
695	694	1	AACAATATTACCAATGCCATCAAG	1
696	695	2	ACAATATTACCAATGCCATCAAGG	1
697	696	2	CAATATTACCAATGCCATCAAGGT	1
698	697	2	AATATTACCAATGCCATCAAGGTC	1
699	698	2	ATATTACCAATGCCATCAAGGTCA	1
700	699	2	TATTACCAATGCCATCAAGGTCAG	1
701	700	2	ATTACCAATGCCATCAAGGTCAGC	1
702	701	2	TTACCAATGCCATCAAGGTCAGCA	1
703	702	2	TACCAATGCCATCAAGGTCAGCAA	1
704	703	2	ACCAATGCCATCAAGGTCAGCAAT	1
705	704	2	CCAATGCCATCAAGGTCAGCAATG	1
706	705	2	CAATGCCATCAAGGTCAGCAATGC	1
707	706	2	AATGCCATCAAGGTCAGCAATGCT	1
708	707	2	ATGCCATCAAGGTCAGCAATGCTC	1
709	708	3	TGCCATCAAGGTCAGCAATGCTCT	1
710	709	3	GCCATCAAGGTCAGCAATGCTCTT	1
711	710	3	CCATCAAGGTCAGCAATGCTCTTG	1
712	711	3	CATCAAGGTCAGCAATGCTCTTGA	1
713	712	3	ATCAAGGTCAGCAATGCTCTTGAA	1
714	713	3	TCAAGGTCAGCAATGCTCTTGAAG	1
715	714	3	CAAGGTCAGCAATGCTCTTGAAGC	1
716	715	4	AAGGTCAGCAATGCTCTTGAAGCC	1
717	716	4	AGGTCAGCAATGCTCTTGAAGCCG	1
718	717	4	GGTCAGCAATGCTCTTGAAGCCGG	1
719	718	6	GTCAGCAATGCTCTTGAAGCCGGT	1
720	719	5	TCAGCAATGCTCTTGAAGCCGGTA	1
721	720	5	CAGCAATGCTCTTGAAGCCGGTAC	1
722	721	6	AGCAATGCTCTTGAAGCCGGTACT	1
723	722	6	GCAATGCTCTTGAAGCCGGTACTG	1
724	723	6	CAATGCTCTTGAAGCCGGTACTGT	1
725	724	7	AATGCTCTTGAAGCCGGTACTGTT	1
726	725	7	ATGCTCTTGAAGCCGGTACTGTTT	1
727	726	7	TGCTCTTGAAGCCGGTACTGTTTG	1
728	727	8	GCTCTTGAAGCCGGTACTGTTTGG	1
729	728	8	CTCTTGAAGCCGGTACTGTTTGGG	1
730	729	8	TCTTGAAGCCGGTACTGTTTGGGT	1
731	730	8	CTTGAAGCCGGTACTGTTTGGGTG	1
732	731	8	TTGAAGCCGGTACTGTTTGGGTGA	1
733	732	8	TGAAGCCGGTACTGTTTGGGTGAA	1
734	733	8	GAAGCCGGTACTGTTTGGGTGAAT	1
735	734	8	AAGCCGGTACTGTTTGGGTGAATT	1
736	735	8	AGCCGGTACTGTTTGGGTGAATTG	1
737	736	8	GCCGGTACTGTTTGGGTGAATTGT	1
738	737	8	CCGGTACTGTTTGGGTGAATTGTT	1
739	738	7	CGGTACTGTTTGGGTGAATTGTTA	1
740	739	6	GGTACTGTTTGGGTGAATTGTTAT	1
741	740	6	GTACTGTTTGGGTGAATTGTTATA	1
742	741	6	TACTGTTTGGGTGAATTGTTATAA	1
743	742	6	ACTGTTTGGGTGAATTGTTATAAC	1
744	743	7	CTGTTTGGGTGAATTGTTATAACT	1
745	744	7	TGTTTGGGTGAATTGTTATAACTT	1
746	745	7	GTTTGGGTGAATTGTTATAACTTA	1
747	746	7	TTTGGGTGAATTGTTATAACTTAC	1
748	747	8	TTGGGTGAATTGTTATAACTTACT	1
749	748	9	TGGGTGAATTGTTATAACTTACTT	1
750	749	9	GGGTGAATTGTTATAACTTACTTC	1
751	750	9	GGTGAATTGTTATAACTTACTTCA	1
752	751	9	GTGAATTGTTATAACTTACTTCAT	1
753	752	8	TGAATTGTTATAACTTACTTCATC	1
754	753	8	GAATTGTTATAACTTACTTCATCA	1
755	754	8	AATTGTTATAACTTACTTCATCAC	1
756	755	8	ATTGTTATAACTTACTTCATCACC	1
757	756	8	TTGTTATAACTTACTTCATCACCA	1
758	757	8	TGTTATAACTTACTTCATCACCAA	1
759	758	8	GTTATAACTTACTTCATCACCAAA	1
760	759	8	TTATAACTTACTTCATCACCAAAT	1
761	760	8	TATAACTTACTTCATCACCAAATT	1
762	761	8	ATAACTTACTTCATCACCAAATTC	1
763	762	6	TAACTTACTTCATCACCAAATTCC	1
764	763	6	AACTTACTTCATCACCAAATTCCC	1
765	764	6	ACTTACTTCATCACCAAATTCCCT	1
766	765	5	CTTACTTCATCACCAAATTCCCTT	1
767	766	5	TTACTTCATCACCAAATTCCCTTT	1
768	767	5	TACTTCATCACCAAATTCCCTTTG	1
769	768	3	ACTTCATCACCAAATTCCCTTTGG	1
770	769	3	CTTCATCACCAAATTCCCTTTGGT	1
771	770	3	TTCATCACCAAATTCCCTTTGGTG	1
772	771	2	TCATCACCAAATTCCCTTTGGTGG	1
773	772	2	CATCACCAAATTCCCTTTGGTGGT	1
774	773	2	ATCACCAAATTCCCTTTGGTGGTT	1
775	774	2	TCACCAAATTCCCTTTGGTGGTTA	1
776	775	3	CACCAAATTCCCTTTGGTGGTTAT	1
777	776	4	ACCAAATTCCCTTTGGTGGTTATA	1
778	777	4	CCAAATTCCCTTTGGTGGTTATAA	1
779	778	4	CAAATTCCCTTTGGTGGTTATAAG	1
780	779	4	AAATTCCCTTTGGTGGTTATAAGG	1
781	780	4	AATTCCCTTTGGTGGTTATAAGGA	1
782	781	4	ATTCCCTTTGGTGGTTATAAGGAG	1
783	782	4	TTCCCTTTGGTGGTTATAAGGAGA	1
784	783	5	TCCCTTTGGTGGTTATAAGGAGAG	1
785	784	5	CCCTTTGGTGGTTATAAGGAGAGT	1
786	785	5	CCTTTGGTGGTTATAAGGAGAGTG	1
787	786	5	CTTTGGTGGTTATAAGGAGAGTGG	1
788	787	5	TTTGGTGGTTATAAGGAGAGTGGC	1
789	788	5	TTGGTGGTTATAAGGAGAGTGGCA	1
790	789	5	TGGTGGTTATAAGGAGAGTGGCAT	1
791	790	5	GGTGGTTATAAGGAGAGTGGCATC	1
792	791	5	GTGGTTATAAGGAGAGTGGCATCG	1
793	792	6	TGGTTATAAGGAGAGTGGCATCGG	1
794	793	6	GGTTATAAGGAGAGTGGCATCGGT	1
795	794	6	GTTATAAGGAGAGTGGCATCGGTC	1
796	795	6	TTATAAGGAGAGTGGCATCGGTCG	1
797	796	6	TATAAGGAGAGTGGCATCGGTCGC	1
798	797	6	ATAAGGAGAGTGGCATCGGTCGCG	1
799	798	6	TAAGGAGAGTGGCATCGGTCGCGA	1
800	799	6	AAGGAGAGTGGCATCGGTCGCGAA	1
801	800	7	AGGAGAGTGGCATCGGTCGCGAAT	1
802	801	10	GGAGAGTGGCATCGGTCGCGAATT	1
803	802	10	GAGAGTGGCATCGGTCGCGAATTG	1
804	803	10	AGAGTGGCATCGGTCGCGAATTGG	1
805	804	12	GAGTGGCATCGGTCGCGAATTGGG	1
806	805	12	AGTGGCATCGGTCGCGAATTGGGC	1
807	806	12	GTGGCATCGGTCGCGAATTGGGCT	1
808	807	12	TGGCATCGGTCGCGAATTGGGCTC	1
809	808	12	GGCATCGGTCGCGAATTGGGCTCT	1
810	809	12	GCATCGGTCGCGAATTGGGCTCTT	1
811	810	12	CATCGGTCGCGAATTGGGCTCTTA	1
812	811	12	ATCGGTCGCGAATTGGGCTCTTAC	1
813	812	12	TCGGTCGCGAATTGGGCTCTTACG	1
814	813	12	CGGTCGCGAATTGGGCTCTTACGG	1
815	814	13	GGTCGCGAATTGGGCTCTTACGGT	1
816	815	15	GTCGCGAATTGGGCTCTTACGGTC	1
817	816	15	TCGCGAATTGGGCTCTTACGGTCT	1
818	817	15	CGCGAATTGGGCTCTTACGGTCTT	1
819	818	15	GCGAATTGGGCTCTTACGGTCTTA	1
820	819	14	CGAATTGGGCTCTTACGGTCTTAC	1
821	820	13	GAATTGGGCTCTTACGGTCTTACC	1
822	821	13	AATTGGGCTCTTACGGTCTTACCA	1
823	822	13	ATTGGGCTCTTACGGTCTTACCAA	1
824	823	13	TTGGGCTCTTACGGTCTTACCAAT	1
825	824	13	TGGGCTCTTACGGTCTTACCAATT	1
826	825	13	GGGCTCTTACGGTCTTACCAATTA	1
827	826	13	GGCTCTTACGGTCTTACCAATTAT	1
828	827	12	GCTCTTACGGTCTTACCAATTATA	1
829	828	12	CTCTTACGGTCTTACCAATTATAC	1
830	829	12	TCTTACGGTCTTACCAATTATACT	1
831	830	12	CTTACGGTCTTACCAATTATACTC	1
832	831	11	TTACGGTCTTACCAATTATACTCA	1
833	832	11	TACGGTCTTACCAATTATACTCAA	1
834	833	10	ACGGTCTTACCAATTATACTCAAA	1
835	834	10	CGGTCTTACCAATTATACTCAAAC	1
836	835	10	GGTCTTACCAATTATACTCAAACA	1
837	836	9	GTCTTACCAATTATACTCAAACAA	1
838	837	9	TCTTACCAATTATACTCAAACAAA	1
839	838	9	CTTACCAATTATACTCAAACAAAA	1
840	839	9	TTACCAATTATACTCAAACAAAAG	1
841	840	10	TACCAATTATACTCAAACAAAAGC	1
842	841	11	ACCAATTATACTCAAACAAAAGCT	1
843	842	11	CCAATTATACTCAAACAAAAGCTG	1
844	843	12	CAATTATACTCAAACAAAAGCTGT	1
845	844	11	AATTATACTCAAACAAAAGCTGTT	1
846	845	8	ATTATACTCAAACAAAAGCTGTTC	1
847	846	8	TTATACTCAAACAAAAGCTGTTCA	1
848	847	8	TATACTCAAACAAAAGCTGTTCAC	1
849	848	6	ATACTCAAACAAAAGCTGTTCACA	1
850	849	7	TACTCAAACAAAAGCTGTTCACAT	1
851	850	8	ACTCAAACAAAAGCTGTTCACATC	1
852	851	8	CTCAAACAAAAGCTGTTCACATCA	1
853	852	8	TCAAACAAAAGCTGTTCACATCAA	1
854	853	8	CAAACAAAAGCTGTTCACATCAAC	1
855	854	8	AAACAAAAGCTGTTCACATCAACC	1
856	855	8	AACAAAAGCTGTTCACATCAACCT	1
857	856	8	ACAAAAGCTGTTCACATCAACCTG	1
858	857	8	CAAAAGCTGTTCACATCAACCTGG	1
859	858	8	AAAAGCTGTTCACATCAACCTGGG	1
860	859	6	AAAGCTGTTCACATCAACCTGGGA	1
861	860	6	AAGCTGTTCACATCAACCTGGGAA	1
862	861	6	AGCTGTTCACATCAACCTGGGAAT	1
863	862	6	GCTGTTCACATCAACCTGGGAATG	1
864	863	6	CTGTTCACATCAACCTGGGAATGG	1
865	864	6	TGTTCACATCAACCTGGGAATGGA	1
866	865	6	GTTCACATCAACCTGGGAATGGAT	1
867	866	6	TTCACATCAACCTGGGAATGGATT	1
868	867	6	TCACATCAACCTGGGAATGGATTC	1
869	868	6	CACATCAACCTGGGAATGGATTCT	1
870	869	6	ACATCAACCTGGGAATGGATTCTC	1
871	870	6	CATCAACCTGGGAATGGATTCTCC	1
872	871	6	ATCAACCTGGGAATGGATTCTCCC	1
873	872	6	TCAACCTGGGAATGGATTCTCCCA	1
874	873	6	CAACCTGGGAATGGATTCTCCCAT	1
875	874	6	AACCTGGGAATGGATTCTCCCATT	1
876	875	6	ACCTGGGAATGGATTCTCCCATTT	1
877	876	6	CCTGGGAATGGATTCTCCCATTTA	1
878	877	7	CTGGGAATGGATTCTCCCATTTAA	1
879	878	7	TGGGAATGGATTCTCCCATTTAAG	1
880	879	7	GGGAATGGATTCTCCCATTTAAGG	1
881	880	7	GGAATGGATTCTCCCATTTAAGGA	1
882	881	7	GAATGGATTCTCCCATTTAAGGAA	1
883	882	7	AATGGATTCTCCCATTTAAGGAAA	1
884	883	7	ATGGATTCTCCCATTTAAGGAAAT	1
885	884	7	TGGATTCTCCCATTTAAGGAAATC	1
886	885	6	GGATTCTCCCATTTAAGGAAATCA	1
887	886	7	GATTCTCCCATTTAAGGAAATCAG	1
888	887	6	ATTCTCCCATTTAAGGAAATCAGA	1
889	888	6	TTCTCCCATTTAAGGAAATCAGAC	1
890	889	6	TCTCCCATTTAAGGAAATCAGACG	1
891	890	6	CTCCCATTTAAGGAAATCAGACGC	1
892	891	6	TCCCATTTAAGGAAATCAGACGCA	1
893	892	6	CCCATTTAAGGAAATCAGACGCAA	1
894	893	6	CCATTTAAGGAAATCAGACGCAAA	1
895	894	5	CATTTAAGGAAATCAGACGCAAAT	1
896	895	5	ATTTAAGGAAATCAGACGCAAATA	1
897	896	5	TTTAAGGAAATCAGACGCAAATAT	1
898	897	5	TTAAGGAAATCAGACGCAAATATT	1
899	898	5	TAAGGAAATCAGACGCAAATATTT	1
900	899	5	AAGGAAATCAGACGCAAATATTTT	1
901	900	5	AGGAAATCAGACGCAAATATTTTT	1
902	901	5	GGAAATCAGACGCAAATATTTTTT	1
903	902	4	GAAATCAGACGCAAATATTTTTTG	1
904	903	4	AAATCAGACGCAAATATTTTTTGT	1
905	904	4	AATCAGACGCAAATATTTTTTGTA	1
906	905	4	ATCAGACGCAAATATTTTTTGTAA	1
907	906	4	TCAGACGCAAATATTTTTTGTAAA	1
908	907	4	CAGACGCAAATATTTTTTGTAAAA	1
909	908	4	AGACGCAAATATTTTTTGTAAAAA	1
910	909	4	GACGCAAATATTTTTTGTAAAAAA	1
911	910	4	ACGCAAATATTTTTTGTAAAAAAA	1
912	911	4	CGCAAATATTTTTTGTAAAAAAAA	1
913	912	4	GCAAATATTTTTTGTAAAAAAAAT	1
914	913	4	CAAATATTTTTTGTAAAAAAAATA	1
915	914	4	AAATATTTTTTGTAAAAAAAATAA	1
916	915	4	AATATTTTTTGTAAAAAAAATAAA	1
917	916	4	ATATTTTTTGTAAAAAAAATAAAA	1
918	917	4	TATTTTTTGTAAAAAAAATAAAAA	1
919	918	4	ATTTTTTGTAAAAAAAATAAAAAA	1
920	919	4	TTTTTTGTAAAAAAAATAAAAAAA	1
921	920	4	TTTTTGTAAAAAAAATAAAAAAAT	1
922	921	3	TTTTGTAAAAAAAATAAAAAAATA	1
923	922	3	TTTGTAAAAAAAATAAAAAAATAT	1
924	923	3	TTGTAAAAAAAATAAAAAAATATG	1
925	924	3	TGTAAAAAAAATAAAAAAATATGC	1
926	925	3	GTAAAAAAAATAAAAAAATATGCA	1
927	926	3	TAAAAAAAATAAAAAAATATGCAT	1
928	927	3	AAAAAAAATAAAAAAATATGCATT	1
929	928	2	AAAAAAATAAAAAAATATGCATTC	1
930	929	3	AAAAAATAAAAAAATATGCATTCA	1
931	930	2	AAAAATAAAAAAATATGCATTCAA	1
932	931	2	AAAATAAAAAAATATGCATTCAAT	1
933	932	2	AAATAAAAAAATATGCATTCAATG	1
934	933	2	AATAAAAAAATATGCATTCAATGG	1
935	934	2	ATAAAAAAATATGCATTCAATGGA	1
936	935	1	TAAAAAAATATGCATTCAATGGAT	1
937	936	1	AAAAAAATATGCATTCAATGGATA	1
938	937	1	AAAAAATATGCATTCAATGGATAA	1
939	938	1	AAAAATATGCATTCAATGGATAAA	1
940	939	1	AAAATATGCATTCAATGGATAAAG	1
941	940	1	AAATATGCATTCAATGGATAAAGA	1
942	941	1	AATATGCATTCAATGGATAAAGAA	1
943	942	1	ATATGCATTCAATGGATAAAGAAT	1
944	943	1	TATGCATTCAATGGATAAAGAATG	1
945	944	1	ATGCATTCAATGGATAAAGAATGA	1
946	945	1	TGCATTCAATGGATAAAGAATGAA	1
947	946	1	GCATTCAATGGATAAAGAATGAAG	1
948	947	1	CATTCAATGGATAAAGAATGAAGA	1
949	948	1	ATTCAATGGATAAAGAATGAAGAA	1
950	949	1	TTCAATGGATAAAGAATGAAGAAA	1
951	950	1	TCAATGGATAAAGAATGAAGAAAA	1
952	951	1	CAATGGATAAAGAATGAAGAAAAA	1
953	952	1	AATGGATAAAGAATGAAGAAAAAC	1
954	953	1	ATGGATAAAGAATGAAGAAAAACT	1
955	954	1	TGGATAAAGAATGAAGAAAAACTC	1
956	955	1	GGATAAAGAATGAAGAAAAACTCT	1
957	956	1	GATAAAGAATGAAGAAAAACTCTA	1
958	957	1	ATAAAGAATGAAGAAAAACTCTAG	1
959	958	1	TAAAGAATGAAGAAAAACTCTAGT	1
960	959	1	AAAGAATGAAGAAAAACTCTAGTG	1
961	960	1	AAGAATGAAGAAAAACTCTAGTGA	1
962	961	2	AGAATGAAGAAAAACTCTAGTGAA	1
963	962	2	GAATGAAGAAAAACTCTAGTGAAG	1
964	963	2	AATGAAGAAAAACTCTAGTGAAGA	1
965	964	2	ATGAAGAAAAACTCTAGTGAAGAG	1
966	965	2	TGAAGAAAAACTCTAGTGAAGAGA	1
967	966	2	GAAGAAAAACTCTAGTGAAGAGAA	1
968	967	3	AAGAAAAACTCTAGTGAAGAGAAT	1
969	968	4	AGAAAAACTCTAGTGAAGAGAATT	1
970	969	4	GAAAAACTCTAGTGAAGAGAATTA	1
971	970	4	AAAAACTCTAGTGAAGAGAATTAT	1
972	971	4	AAAACTCTAGTGAAGAGAATTATT	1
973	972	4	AAACTCTAGTGAAGAGAATTATTG	1
974	973	3	AACTCTAGTGAAGAGAATTATTGG	1
975	974	3	ACTCTAGTGAAGAGAATTATTGGA	1
976	975	3	CTCTAGTGAAGAGAATTATTGGAT	1
977	976	3	TCTAGTGAAGAGAATTATTGGATT	1
978	977	3	CTAGTGAAGAGAATTATTGGATTT	1
979	978	3	TAGTGAAGAGAATTATTGGATTTT	1
980	979	3	AGTGAAGAGAATTATTGGATTTTT	1
981	980	3	GTGAAGAGAATTATTGGATTTTTC	1
982	981	4	TGAAGAGAATTATTGGATTTTTCT	1
983	982	4	GAAGAGAATTATTGGATTTTTCTC	1
984	983	4	AAGAGAATTATTGGATTTTTCTCT	1
985	984	4	AGAGAATTATTGGATTTTTCTCTT	1
986	985	4	GAGAATTATTGGATTTTTCTCTTT	1
987	986	4	AGAATTATTGGATTTTTCTCTTTA	1
988	987	4	GAATTATTGGATTTTTCTCTTTAT	1
989	988	4	AATTATTGGATTTTTCTCTTTATG	1
990	989	4	ATTATTGGATTTTTCTCTTTATGT	1
991	990	4	TTATTGGATTTTTCTCTTTATGTT	1
992	991	4	TATTGGATTTTTCTCTTTATGTTA	1
993	992	4	ATTGGATTTTTCTCTTTATGTTAT	1
994	993	4	TTGGATTTTTCTCTTTATGTTATG	1
995	994	4	TGGATTTTTCTCTTTATGTTATGA	1
996	995	4	GGATTTTTCTCTTTATGTTATGAA	1
997	996	4	GATTTTTCTCTTTATGTTATGAAT	1
998	997	4	ATTTTTCTCTTTATGTTATGAATG	1
999	998	4	TTTTTCTCTTTATGTTATGAATGT	1
1000	999	4	TTTTCTCTTTATGTTATGAATGTT	1
1001	1000	4	TTTCTCTTTATGTTATGAATGTTT	1
1002	1001	4	TTCTCTTTATGTTATGAATGTTTA	1
1003	1002	4	TCTCTTTATGTTATGAATGTTTAC	1
1004	1003	4	CTCTTTATGTTATGAATGTTTACA	1
1005	1004	4	TCTTTATGTTATGAATGTTTACAG	1
1006	1005	3	CTTTATGTTATGAATGTTTACAGT	1
1007	1006	3	TTTATGTTATGAATGTTTACAGTT	1
1008	1007	3	TTATGTTATGAATGTTTACAGTTT	1
1009	1008	3	TATGTTATGAATGTTTACAGTTTT	1
1010	1009	3	ATGTTATGAATGTTTACAGTTTTT	1
1011	1010	3	TGTTATGAATGTTTACAGTTTTTC	1
1012	1011	3	GTTATGAATGTTTACAGTTTTTCT	1
1013	1012	2	TTATGAATGTTTACAGTTTTTCTT	1
1014	1013	2	TATGAATGTTTACAGTTTTTCTTG	1
1015	1014	2	ATGAATGTTTACAGTTTTTCTTGA	1
1016	1015	2	TGAATGTTTACAGTTTTTCTTGAA	1
1017	1016	2	GAATGTTTACAGTTTTTCTTGAAA	1
1018	1017	2	AATGTTTACAGTTTTTCTTGAAAC	1
1019	1018	2	ATGTTTACAGTTTTTCTTGAAACT	1
1020	1019	2	TGTTTACAGTTTTTCTTGAAACTC	1
1021	1020	2	GTTTACAGTTTTTCTTGAAACTCT	1
1022	1021	2	TTTACAGTTTTTCTTGAAACTCTT	1
1023	1022	2	TTACAGTTTTTCTTGAAACTCTTC	1
1024	1023	2	TACAGTTTTTCTTGAAACTCTTCT	1
1025	1024	2	ACAGTTTTTCTTGAAACTCTTCTA	1
1026	1025	1	CAGTTTTTCTTGAAACTCTTCTAT	1
1027	1026	1	AGTTTTTCTTGAAACTCTTCTATG	1
1028	1027	1	GTTTTTCTTGAAACTCTTCTATGA	1
1029	1028	1	TTTTTCTTGAAACTCTTCTATGAC	1
1030	1029	1	TTTTCTTGAAACTCTTCTATGACG	1
1031	1030	1	TTTCTTGAAACTCTTCTATGACGG	1
1032	1031	1	TTCTTGAAACTCTTCTATGACGGA	1
1033	1032	1	TCTTGAAACTCTTCTATGACGGAT	1
1034	1033	1	CTTGAAACTCTTCTATGACGGATT	1
1035	1034	1	TTGAAACTCTTCTATGACGGATTT	1
1036	1035	1	TGAAACTCTTCTATGACGGATTTT	1
1037	1036	1	GAAACTCTTCTATGACGGATTTTC	1
1038	1037	1	AAACTCTTCTATGACGGATTTTCT	1
1039	1038	1	AACTCTTCTATGACGGATTTTCTT	1
1040	1039	1	ACTCTTCTATGACGGATTTTCTTT	1
1041	1040	1	CTCTTCTATGACGGATTTTCTTTA	1
1042	1041	1	TCTTCTATGACGGATTTTCTTTAT	1
1043	1042	1	CTTCTATGACGGATTTTCTTTATT	1
1044	1043	1	TTCTATGACGGATTTTCTTTATTA	1
1045	1044	1	TCTATGACGGATTTTCTTTATTAT	1
1046	1045	1	CTATGACGGATTTTCTTTATTATG	1
1047	1046	1	TATGACGGATTTTCTTTATTATGA	1
1048	1047	1	ATGACGGATTTTCTTTATTATGAA	1
1049	1048	1	TGACGGATTTTCTTTATTATGAAT	1
1050	1049	1	GACGGATTTTCTTTATTATGAATC	1
1051	1050	1	ACGGATTTTCTTTATTATGAATCA	1
1052	1051	1	CGGATTTTCTTTATTATGAATCAA	1
1053	1052	1	GGATTTTCTTTATTATGAATCAAA	1
1054	1053	1	GATTTTCTTTATTATGAATCAAAA	1
1055	1054	1	ATTTTCTTTATTATGAATCAAAAC	1
1056	-1	0	GTTGGGCCGATAAGGATTATGGTC	1
1057	1056	1	TTGGGCCGATAAGGATTATGGTCA	1
1058	1057	1	TGGGCCGATAAGGATTATGGTCAA	1
1059	1058	1	GGGCCGATAAGGATTATGGTCAAA	1
1060	1059	1	GGCCGATAAGGATTATGGTCAAAC	1
1061	1060	1	GCCGATAAGGATTATGGTCAAACC	1
1062	1061	1	CCGATAAGGATTATGGTCAAACCA	1
1063	1062	1	CGATAAGGATTATGGTCAAACCAT	1
1064	1063	1	GATAAGGATTATGGTCAAACCATT	1
1065	1064	1	ATAAGGATTATGGTCAAACCATTG	1
1066	1065	1	TAAGGATTATGGTCAAACCATTGA	1
1067	1066	1	AAGGATTATGGTCAAACCATTGAA	1
1068	1067	1	AGGATTATGGTCAAACCATTGAAA	1
1069	1068	1	GGATTATGGTCAAACCATTGAAAC	1
1070	1069	1	GATTATGGTCAAACCATTGAAACC	1
1071	1070	1	ATTATGGTCAAACCATTGAAACCG	1
1072	1071	1	TTATGGTCAAACCATTGAAACCGA	1
1073	1072	1	TATGGTCAAACCATTGAAACCGAC	1
1074	1073	1	ATGGTCAAACCATTGAAACCGACA	1
1075	1074	1	TGGTCAAACCATTGAAACCGACAT	1
1076	1075	1	GGTCAAACCATTGAAACCGACATT	1
1077	1076	1	GTCAAACCATTGAAACCGACATTA	1
1078	1077	1	TCAAACCATTGAAACCGACATTAA	1
1079	1078	1	CAAACCATTGAAACCGACATTAAG	1
1080	1079	1	AAACCATTGAAACCGACATTAAGC	1
1081	1080	1	AACCATTGAAACCGACATTAAGCG	1
1082	1081	1	ACCATTGAAACCGACATTAAGCGT	1
1083	1082	1	CCATTGAAACCGACATTAAGCGTT	1
1084	1083	1	CATTGAAACCGACATTAAGCGTTT	1
1085	1084	1	ATTGAAACCGACATTAAGCGTTTT	1
1086	1085	1	TTGAAACCGACATTAAGCGTTTTG	1
1087	1086	1	TGAAACCGACATTAAGCGTTTTGC	1
1088	1087	1	GAAACCGACATTAAGCGTTTTGCC	1
1089	1088	1	AAACCGACATTAAGCGTTTTGCCT	1
1090	1089	1	AACCGACATTAAGCGTTTTGCCTA	1
1091	1090	1	ACCGACATTAAGCGTTTTGCCTAT	1
1092	1091	2	CCGACATTAAGCGTTTTGCCTATA	1
1093	1092	2	CGACATTAAGCGTTTTGCCTATAC	1
1094	1093	2	GACATTAAGCGTTTTGCCTATACT	1
1095	1094	2	ACATTAAGCGTTTTGCCTATACTC	1
1096	1095	2	CATTAAGCGTTTTGCCTATACTCG	1
1097	1096	2	ATTAAGCGTTTTGCCTATACTCGT	1
1098	1097	2	TTAAGCGTTTTGCCTATACTCGTC	1
1099	1098	2	TAAGCGTTTTGCCTATACTCGTCA	1
1100	1099	2	AAGCGTTTTGCCTATACTCGTCAC	1
1101	1100	2	AGCGTTTTGCCTATACTCGTCACG	1
1102	1101	2	GCGTTTTGCCTATACTCGTCACGA	1
1103	1102	2	CGTTTTGCCTATACTCGTCACGAA	1
1104	1103	2	GTTTTGCCTATACTCGTCACGAAC	1
1105	1104	3	TTTTGCCTATACTCGTCACGAACC	1
1106	1105	3	TTTGCCTATACTCGTCACGAACCC	1
1107	1106	3	TTGCCTATACTCGTCACGAACCCA	1
1108	1107	3	TGCCTATACTCGTCACGAACCCAT	1
1109	1108	3	GCCTATACTCGTCACGAACCCATT	1
1110	1109	3	CCTATACTCGTCACGAACCCATTG	1
1111	1110	3	CTATACTCGTCACGAACCCATTGG	1
1112	1111	3	TATACTCGTCACGAACCCATTGGT	1
1113	1112	3	ATACTCGTCACGAACCCATTGGTG	1
1114	1113	3	TACTCGTCACGAACCCATTGGTGT	1
1115	1114	3	ACTCGTCACGAACCCATTGGTGTA	1
1116	1115	3	CTCGTCACGAACCCATTGGTGTAT	1
1117	1116	3	TCGTCACGAACCCATTGGTGTATG	1
1118	1117	3	CGTCACGAACCCATTGGTGTATGT	1
1119	1118	3	GTCACGAACCCATTGGTGTATGTG	1
1120	1119	3	TCACGAACCCATTGGTGTATGTGG	1
1121	1120	3	CACGAACCCATTGGTGTATGTGGT	1
1122	1121	3	ACGAACCCATTGGTGTATGTGGTC	1
1123	1122	3	CGAACCCATTGGTGTATGTGGTCA	1
1124	1123	3	GAACCCATTGGTGTATGTGGTCAA	1
1125	1124	3	AACCCATTGGTGTATGTGGTCAAA	1
1126	1125	3	ACCCATTGGTGTATGTGGTCAAAT	1
1127	1126	3	CCCATTGGTGTATGTGGTCAAATC	1
1128	1127	3	CCATTGGTGTATGTGGTCAAATCA	1
1129	1128	3	CATTGGTGTATGTGGTCAAATCAT	1
1130	1129	3	ATTGGTGTATGTGGTCAAATCATC	1
1131	1130	3	TTGGTGTATGTGGTCAAATCATCC	1
1132	1131	3	TGGTGTATGTGGTCAAATCATCCC	1
1133	1132	3	GGTGTATGTGGTCAAATCATCCCC	1
1134	1133	3	GTGTATGTGGTCAAATCATCCCCT	1
1135	1134	3	TGTATGTGGTCAAATCATCCCCTG	1
1136	1135	2	GTATGTGGTCAAATCATCCCCTGG	1
1137	1136	2	TATGTGGTCAAATCATCCCCTGGA	1
1138	1137	2	ATGTGGTCAAATCATCCCCTGGAA	1
1139	1138	2	TGTGGTCAAATCATCCCCTGGAAT	1
1140	1139	2	GTGGTCAAATCATCCCCTGGAATT	1
1141	1140	2	TGGTCAAATCATCCCCTGGAATTT	1
1142	1141	2	GGTCAAATCATCCCCTGGAATTTC	1
1143	1142	2	GTCAAATCATCCCCTGGAATTTCC	1
1144	1143	2	TCAAATCATCCCCTGGAATTTCCC	1
1145	1144	1	CAAATCATCCCCTGGAATTTCCCT	1
1146	1145	1	AAATCATCCCCTGGAATTTCCCTT	1
1147	1146	1	AATCATCCCCTGGAATTTCCCTTT	1
1148	1147	1	ATCATCCCCTGGAATTTCCCTTTC	1
1149	-1	0	ACAGCACGGTCTTTTCGTTTCTAC	1
1150	1149	1	CAGCACGGTCTTTTCGTTTCTACA	1
1151	1150	1	AGCACGGTCTTTTCGTTTCTACAA	1
1152	1151	1	GCACGGTCTTTTCGTTTCTACAAC	1
1153	1152	2	CACGGTCTTTTCGTTTCTACAACA	1
1154	1153	4	ACGGTCTTTTCGTTTCTACAACAC	1
1155	1154	6	CGGTCTTTTCGTTTCTACAACACG	1
1156	1155	10	GGTCTTTTCGTTTCTACAACACGC	1
1157	1156	10	GTCTTTTCGTTTCTACAACACGCT	1
1158	1157	11	TCTTTTCGTTTCTACAACACGCTT	1
1159	1158	11	CTTTTCGTTTCTACAACACGCTTG	1
1160	1159	12	TTTTCGTTTCTACAACACGCTTGC	1
1161	1160	12	TTTCGTTTCTACAACACGCTTGCT	1
1162	1161	13	TTCGTTTCTACAACACGCTTGCTA	1
1163	1162	13	TCGTTTCTACAACACGCTTGCTAT	1
1164	1163	13	CGTTTCTACAACACGCTTGCTATT	1
1165	1164	15	GTTTCTACAACACGCTTGCTATTC	1
1166	1165	17	TTTCTACAACACGCTTGCTATTCT	1
1167	1166	17	TTCTACAACACGCTTGCTATTCTC	1
1168	1167	17	TCTACAACACGCTTGCTATTCTCT	1
1169	1168	17	CTACAACACGCTTGCTATTCTCTT	1
1170	1169	17	TACAACACGCTTGCTATTCTCTTA	1
1171	1170	17	ACAACACGCTTGCTATTCTCTTAT	1
1172	1171	17	CAACACGCTTGCTATTCTCTTATT	1
1173	1172	17	AACACGCTTGCTATTCTCTTATTA	1
1174	1173	17	ACACGCTTGCTATTCTCTTATTAG	1
1175	1174	17	CACGCTTGCTATTCTCTTATTAGT	1
1176	1175	17	ACGCTTGCTATTCTCTTATTAGTA	1
1177	1176	17	CGCTTGCTATTCTCTTATTAGTAT	1
1178	1177	17	GCTTGCTATTCTCTTATTAGTATA	1
1179	1178	17	CTTGCTATTCTCTTATTAGTATAT	1
1180	1179	17	TTGCTATTCTCTTATTAGTATATT	1
1181	1180	17	TGCTATTCTCTTATTAGTATATTC	1
1182	1181	17	GCTATTCTCTTATTAGTATATTCC	1
1183	1182	17	CTATTCTCTTATTAGTATATTCCT	1
1184	1183	17	TATTCTCTTATTAGTATATTCCTC	1
1185	1184	17	ATTCTCTTATTAGTATATTCCTCT	1
1186	1185	17	TTCTCTTATTAGTATATTCCTCTA	1
1187	1186	17	TCTCTTATTAGTATATTCCTCTAT	1
1188	1187	17	CTCTTATTAGTATATTCCTCTATC	1
1189	1188	18	TCTTATTAGTATATTCCTCTATCT	1
1190	1189	18	CTTATTAGTATATTCCTCTATCTA	1
1191	1190	19	TTATTAGTATATTCCTCTATCTAT	1
1192	1191	19	TATTAGTATATTCCTCTATCTATA	1
1193	1192	19	ATTAGTATATTCCTCTATCTATAG	1
1194	1193	18	TTAGTATATTCCTCTATCTATAGT	1
1195	1194	18	TAGTATATTCCTCTATCTATAGTC	1
1196	1195	18	AGTATATTCCTCTATCTATAGTCT	1
1197	1196	17	GTATATTCCTCTATCTATAGTCTT	1
1198	1197	15	TATATTCCTCTATCTATAGTCTTT	1
1199	1198	13	ATATTCCTCTATCTATAGTCTTTC	1
1200	1199	9	TATTCCTCTATCTATAGTCTTTCC	1
1201	1200	9	ATTCCTCTATCTATAGTCTTTCCT	1
1202	1201	8	TTCCTCTATCTATAGTCTTTCCTT	1
1203	1202	8	TCCTCTATCTATAGTCTTTCCTTC	1
1204	1203	7	CCTCTATCTATAGTCTTTCCTTCA	1
1205	1204	7	CTCTATCTATAGTCTTTCCTTCAC	1
1206	1205	6	TCTATCTATAGTCTTTCCTTCACT	1
1207	1206	6	CTATCTATAGTCTTTCCTTCACTT	1
1208	1207	6	TATCTATAGTCTTTCCTTCACTTC	1
1209	1208	4	ATCTATAGTCTTTCCTTCACTTCC	1
1210	1209	3	TCTATAGTCTTTCCTTCACTTCCT	1
1211	1210	3	CTATAGTCTTTCCTTCACTTCCTA	1
1212	1211	4	TATAGTCTTTCCTTCACTTCCTAC	1
1213	1212	4	ATAGTCTTTCCTTCACTTCCTACA	1
1214	1213	4	TAGTCTTTCCTTCACTTCCTACAT	1
1215	1214	4	AGTCTTTCCTTCACTTCCTACATC	1
1216	1215	4	GTCTTTCCTTCACTTCCTACATCC	1
1217	1216	6	TCTTTCCTTCACTTCCTACATCCA	1
1218	1217	6	CTTTCCTTCACTTCCTACATCCAA	1
1219	1218	7	TTTCCTTCACTTCCTACATCCAAA	1
1220	1219	7	TTCCTTCACTTCCTACATCCAAAT	1
1221	1220	7	TCCTTCACTTCCTACATCCAAATT	1
1222	1221	7	CCTTCACTTCCTACATCCAAATTG	1
1223	1222	7	CTTCACTTCCTACATCCAAATTGA	1
1224	1223	7	TTCACTTCCTACATCCAAATTGAT	1
1225	1224	8	TCACTTCCTACATCCAAATTGATA	1
1226	1225	8	CACTTCCTACATCCAAATTGATAT	1
1227	1226	8	ACTTCCTACATCCAAATTGATATA	1
1228	1227	8	CTTCCTACATCCAAATTGATATAG	1
1229	1228	8	TTCCTACATCCAAATTGATATAGG	1
1230	1229	8	TCCTACATCCAAATTGATATAGGT	1
1231	1230	8	CCTACATCCAAATTGATATAGGTT	1
1232	1231	9	CTACATCCAAATTGATATAGGTTT	1
1233	1232	8	TACATCCAAATTGATATAGGTTTC	1
1234	1233	8	ACATCCAAATTGATATAGGTTTCC	1
1235	1234	7	CATCCAAATTGATATAGGTTTCCT	1
1236	1235	7	ATCCAAATTGATATAGGTTTCCTT	1
1237	1236	7	TCCAAATTGATATAGGTTTCCTTT	1
1238	1237	7	CCAAATTGATATAGGTTTCCTTTG	1
1239	1238	7	CAAATTGATATAGGTTTCCTTTGT	1
1240	1239	8	AAATTGATATAGGTTTCCTTTGTG	1
1241	1240	8	AATTGATATAGGTTTCCTTTGTGG	1
1242	1241	8	ATTGATATAGGTTTCCTTTGTGGT	1
1243	1242	8	TTGATATAGGTTTCCTTTGTGGTA	1
1244	1243	8	TGATATAGGTTTCCTTTGTGGTAT	1
1245	1244	8	GATATAGGTTTCCTTTGTGGTATT	1
1246	1245	7	ATATAGGTTTCCTTTGTGGTATTA	1
1247	1246	7	TATAGGTTTCCTTTGTGGTATTAT	1
1248	1247	7	ATAGGTTTCCTTTGTGGTATTATT	1
1249	1248	7	TAGGTTTCCTTTGTGGTATTATTA	1
1250	1249	7	AGGTTTCCTTTGTGGTATTATTAC	1
1251	1250	7	GGTTTCCTTTGTGGTATTATTACT	1
1252	1251	7	GTTTCCTTTGTGGTATTATTACTA	1
1253	1252	7	TTTCCTTTGTGGTATTATTACTAA	1
1254	1253	7	TTCCTTTGTGGTATTATTACTAAC	1
1255	1254	7	TCCTTTGTGGTATTATTACTAACA	1
1256	1255	6	CCTTTGTGGTATTATTACTAACAA	1
1257	1256	6	CTTTGTGGTATTATTACTAACAAC	1
1258	1257	6	TTTGTGGTATTATTACTAACAACG	1
1259	1258	6	TTGTGGTATTATTACTAACAACGA	1
1260	1259	6	TGTGGTATTATTACTAACAACGAC	1
1261	1260	4	GTGGTATTATTACTAACAACGACA	1
1262	1261	4	TGGTATTATTACTAACAACGACAA	1
1263	1262	3	GGTATTATTACTAACAACGACAAT	1
1264	1263	3	GTATTATTACTAACAACGACAATT	1
1265	1264	3	TATTATTACTAACAACGACAATTG	1
1266	1265	3	ATTATTACTAACAACGACAATTGA	1
1267	1266	3	TTATTACTAACAACGACAATTGAT	1
1268	1267	3	TATTACTAACAACGACAATTGATT	1
1269	1268	2	ATTACTAACAACGACAATTGATTG	1
1270	1269	2	TTACTAACAACGACAATTGATTGT	1
1271	1270	2	TACTAACAACGACAATTGATTGTT	1
1272	1271	2	ACTAACAACGACAATTGATTGTTT	1
1273	1272	2	CTAACAACGACAATTGATTGTTTT	1
1274	1273	2	TAACAACGACAATTGATTGTTTTA	1
1275	1274	2	AACAACGACAATTGATTGTTTTAA	1
1276	1275	1	ACAACGACAATTGATTGTTTTAAT	1
1277	1276	1	CAACGACAATTGATTGTTTTAATT	1
1278	1277	1	AACGACAATTGATTGTTTTAATTC	1
1279	1278	1	ACGACAATTGATTGTTTTAATTCA	1
1280	1279	1	CGACAATTGATTGTTTTAATTCAT	1
1281	1280	1	GACAATTGATTGTTTTAATTCATT	1
1282	1281	1	ACAATTGATTGTTTTAATTCATTG	1
1283	1282	1	CAATTGATTGTTTTAATTCATTGA	1
1284	-1	0	TCAAAACGGTTTTGATATTTGAAC	1
1285	1284	1	CAAAACGGTTTTGATATTTGAACT	1
1286	1285	1	AAAACGGTTTTGATATTTGAACTT	1
1287	1286	1	AAACGGTTTTGATATTTGAACTTT	1
1288	1287	1	AACGGTTTTGATATTTGAACTTTC	1
1289	1288	1	ACGGTTTTGATATTTGAACTTTCA	1
1290	1289	1	CGGTTTTGATATTTGAACTTTCAA	1
1291	1290	1	GGTTTTGATATTTGAACTTTCAAA	1
1292	1291	2	GTTTTGATATTTGAACTTTCAAAT	1
1293	1292	2	TTTTGATATTTGAACTTTCAAATG	1
1294	1293	2	TTTGATATTTGAACTTTCAAATGC	1
1295	1294	2	TTGATATTTGAACTTTCAAATGCA	1
1296	1295	2	TGATATTTGAACTTTCAAATGCAT	1
1297	1296	2	GATATTTGAACTTTCAAATGCATT	1
1298	1297	2	ATATTTGAACTTTCAAATGCATTT	1
1299	1298	2	TATTTGAACTTTCAAATGCATTTT	1
1300	1299	2	ATTTGAACTTTCAAATGCATTTTA	1
1301	1300	2	TTTGAACTTTCAAATGCATTTTAT	1
1302	1301	2	TTGAACTTTCAAATGCATTTTATT	1
1303	1302	2	TGAACTTTCAAATGCATTTTATTG	1
1304	1303	2	GAACTTTCAAATGCATTTTATTGA	1
1305	1304	2	AACTTTCAAATGCATTTTATTGAA	1
1306	1305	2	ACTTTCAAATGCATTTTATTGAAT	1
1307	1306	2	CTTTCAAATGCATTTTATTGAATT	1
1308	1307	2	TTTCAAATGCATTTTATTGAATTT	1
1309	1308	2	TTCAAATGCATTTTATTGAATTTA	1
1310	1309	2	TCAAATGCATTTTATTGAATTTAC	1
1311	1310	2	CAAATGCATTTTATTGAATTTACA	1
1312	1311	2	AAATGCATTTTATTGAATTTACAT	1
1313	1312	2	AATGCATTTTATTGAATTTACATA	1
1314	1313	2	ATGCATTTTATTGAATTTACATAG	1
1315	1314	2	TGCATTTTATTGAATTTACATAGT	1
1316	1315	2	GCATTTTATTGAATTTACATAGTG	1
1317	1316	2	CATTTTATTGAATTTACATAGTGA	1
1318	1317	2	ATTTTATTGAATTTACATAGTGAT	1
1319	1318	2	TTTTATTGAATTTACATAGTGATG	1
1320	1319	2	TTTATTGAATTTACATAGTGATGA	1
1321	1320	2	TTATTGAATTTACATAGTGATGAT	1
1322	1321	2	TATTGAATTTACATAGTGATGATT	1
1323	1322	2	ATTGAATTTACATAGTGATGATTC	1
1324	1323	2	TTGAATTTACATAGTGATGATTCT	1
1325	1324	2	TGAATTTACATAGTGATGATTCTT	1
1326	1325	2	GAATTTACATAGTGATGATTCTTT	1
1327	1326	2	AATTTACATAGTGATGATTCTTTA	1
1328	1327	2	ATTTACATAGTGATGATTCTTTAT	1
1329	1328	1	TTTACATAGTGATGATTCTTTATG	1
1330	1329	1	TTACATAGTGATGATTCTTTATGT	1
1331	1330	1	TACATAGTGATGATTCTTTATGTT	1
1332	1331	1	ACATAGTGATGATTCTTTATGTTA	1
1333	1332	1	CATAGTGATGATTCTTTATGTTAG	1
1334	1333	1	ATAGTGATGATTCTTTATGTTAGT	1
1335	1334	1	TAGTGATGATTCTTTATGTTAGTG	1
1336	-1	0	TTGATTGTTTTAATTCATTGATTT	1
1337	1336	1	TGATTGTTTTAATTCATTGATTTT	1
1338	1337	1	GATTGTTTTAATTCATTGATTTTG	1
1339	1338	1	ATTGTTTTAATTCATTGATTTTGT	1
1340	1339	1	TTGTTTTAATTCATTGATTTTGTC	1
1341	1340	1	TGTTTTAATTCATTGATTTTGTCG	1
1342	1341	1	GTTTTAATTCATTGATTTTGTCGT	1
1343	1342	1	TTTTAATTCATTGATTTTGTCGTC	1
1344	1343	1	TTTAATTCATTGATTTTGTCGTCT	1
1345	1344	1	TTAATTCATTGATTTTGTCGTCTT	1
1346	1345	1	TAATTCATTGATTTTGTCGTCTTT	1
1347	1346	1	AATTCATTGATTTTGTCGTCTTTC	1
1348	1347	2	ATTCATTGATTTTGTCGTCTTTCG	1
1349	1348	2	TTCATTGATTTTGTCGTCTTTCGG	1
1350	1349	2	TCATTGATTTTGTCGTCTTTCGGT	1
1351	1350	2	CATTGATTTTGTCGTCTTTCGGTT	1
1352	1351	2	ATTGATTTTGTCGTCTTTCGGTTT	1
1353	1352	2	TTGATTTTGTCGTCTTTCGGTTTT	1
1354	1353	2	TGATTTTGTCGTCTTTCGGTTTTT	1
1355	1354	2	GATTTTGTCGTCTTTCGGTTTTTA	1
1356	1355	2	ATTTTGTCGTCTTTCGGTTTTTAT	1
1357	1356	2	TTTTGTCGTCTTTCGGTTTTTATC	1
1358	1357	2	TTTGTCGTCTTTCGGTTTTTATCA	1
1359	1358	2	TTGTCGTCTTTCGGTTTTTATCAC	1
1360	1359	2	TGTCGTCTTTCGGTTTTTATCACA	1
1361	1360	2	GTCGTCTTTCGGTTTTTATCACAT	1
1362	1361	2	TCGTCTTTCGGTTTTTATCACATT	1
1363	1362	2	CGTCTTTCGGTTTTTATCACATTT	1
1364	1363	2	GTCTTTCGGTTTTTATCACATTTT	1
1365	1364	2	TCTTTCGGTTTTTATCACATTTTA	1
1366	1365	2	CTTTCGGTTTTTATCACATTTTAT	1
1367	1366	2	TTTCGGTTTTTATCACATTTTATA	1
1368	1367	2	TTCGGTTTTTATCACATTTTATAA	1
1369	1368	2	TCGGTTTTTATCACATTTTATAAA	1
1370	1369	4	CGGTTTTTATCACATTTTATAAAA	1
1371	1370	4	GGTTTTTATCACATTTTATAAAAA	1
1372	1371	6	GTTTTTATCACATTTTATAAAAAC	1
1373	1372	6	TTTTTATCACATTTTATAAAAACT	1
1374	1373	6	TTTTATCACATTTTATAAAAACTG	1
1375	1374	6	TTTATCACATTTTATAAAAACTGC	1
1376	1375	6	TTATCACATTTTATAAAAACTGCA	1
1377	1376	7	TATCACATTTTATAAAAACTGCAT	1
1378	1377	7	ATCACATTTTATAAAAACTGCATC	1
1379	1378	7	TCACATTTTATAAAAACTGCATCC	1
1380	1379	7	CACATTTTATAAAAACTGCATCCC	1
1381	1380	8	ACATTTTATAAAAACTGCATCCCC	1
1382	1381	8	CATTTTATAAAAACTGCATCCCCC	1
1383	1382	8	ATTTTATAAAAACTGCATCCCCCT	1
1384	1383	9	TTTTATAAAAACTGCATCCCCCTC	1
1385	1384	9	TTTATAAAAACTGCATCCCCCTCT	1
1386	1385	9	TTATAAAAACTGCATCCCCCTCTT	1
1387	1386	9	TATAAAAACTGCATCCCCCTCTTC	1
1388	1387	9	ATAAAAACTGCATCCCCCTCTTCT	1
1389	1388	9	TAAAAACTGCATCCCCCTCTTCTT	1
1390	1389	9	AAAAACTGCATCCCCCTCTTCTTA	1
1391	1390	9	AAAACTGCATCCCCCTCTTCTTAA	1
1392	1391	9	AAACTGCATCCCCCTCTTCTTAAG	1
1393	1392	9	AACTGCATCCCCCTCTTCTTAAGA	1
1394	1393	9	ACTGCATCCCCCTCTTCTTAAGAA	1
1395	1394	9	CTGCATCCCCCTCTTCTTAAGAAT	1
1396	1395	9	TGCATCCCCCTCTTCTTAAGAATA	1
1397	1396	9	GCATCCCCCTCTTCTTAAGAATAA	1
1398	1397	9	CATCCCCCTCTTCTTAAGAATAAT	1
1399	1398	9	ATCCCCCTCTTCTTAAGAATAATA	1
1400	1399	9	TCCCCCTCTTCTTAAGAATAATAA	1
1401	1400	9	CCCCCTCTTCTTAAGAATAATAAG	1
1402	1401	9	CCCCTCTTCTTAAGAATAATAAGA	1
1403	1402	9	CCCTCTTCTTAAGAATAATAAGAG	1
1404	1403	9	CCTCTTCTTAAGAATAATAAGAGG	1
1405	1404	9	CTCTTCTTAAGAATAATAAGAGGC	1
1406	1405	10	TCTTCTTAAGAATAATAAGAGGCC	1
1407	1406	10	CTTCTTAAGAATAATAAGAGGCCA	1
1408	1407	11	TTCTTAAGAATAATAAGAGGCCAT	1
1409	1408	12	TCTTAAGAATAATAAGAGGCCATT	1
1410	1409	12	CTTAAGAATAATAAGAGGCCATTG	1
1411	1410	12	TTAAGAATAATAAGAGGCCATTGT	1
1412	1411	12	TAAGAATAATAAGAGGCCATTGTT	1
1413	1412	12	AAGAATAATAAGAGGCCATTGTTT	1
1414	1413	10	AGAATAATAAGAGGCCATTGTTTA	1
1415	1414	10	GAATAATAAGAGGCCATTGTTTAT	1
1416	1415	8	AATAATAAGAGGCCATTGTTTATT	1
1417	1416	8	ATAATAAGAGGCCATTGTTTATTT	1
1418	1417	8	TAATAAGAGGCCATTGTTTATTTA	1
1419	1418	8	AATAAGAGGCCATTGTTTATTTAC	1
1420	1419	8	ATAAGAGGCCATTGTTTATTTACC	1
1421	1420	7	TAAGAGGCCATTGTTTATTTACCC	1
1422	1421	7	AAGAGGCCATTGTTTATTTACCCC	1
1423	1422	7	AGAGGCCATTGTTTATTTACCCCG	1
1424	1423	7	GAGGCCATTGTTTATTTACCCCGG	1
1425	1424	5	AGGCCATTGTTTATTTACCCCGGT	1
1426	1425	5	GGCCATTGTTTATTTACCCCGGTC	1
1427	1426	5	GCCATTGTTTATTTACCCCGGTCC	1
1428	1427	4	CCATTGTTTATTTACCCCGGTCCT	1
1429	1428	4	CATTGTTTATTTACCCCGGTCCTT	1
1430	1429	4	ATTGTTTATTTACCCCGGTCCTTT	1
1431	1430	4	TTGTTTATTTACCCCGGTCCTTTT	1
1432	1431	4	TGTTTATTTACCCCGGTCCTTTTC	1
1433	1432	5	GTTTATTTACCCCGGTCCTTTTCT	1
1434	1433	5	TTTATTTACCCCGGTCCTTTTCTG	1
1435	1434	5	TTATTTACCCCGGTCCTTTTCTGA	1
1436	1435	4	TATTTACCCCGGTCCTTTTCTGAC	1
1437	1436	4	ATTTACCCCGGTCCTTTTCTGACC	1
1438	1437	4	TTTACCCCGGTCCTTTTCTGACCA	1
1439	1438	5	TTACCCCGGTCCTTTTCTGACCAT	1
1440	1439	5	TACCCCGGTCCTTTTCTGACCATC	1
1441	1440	5	ACCCCGGTCCTTTTCTGACCATCT	1
1442	1441	5	CCCCGGTCCTTTTCTGACCATCTA	1
1443	1442	5	CCCGGTCCTTTTCTGACCATCTAA	1
1444	1443	6	CCGGTCCTTTTCTGACCATCTAAT	1
1445	1444	6	CGGTCCTTTTCTGACCATCTAATC	1
1446	1445	6	GGTCCTTTTCTGACCATCTAATCT	1
1447	1446	6	GTCCTTTTCTGACCATCTAATCTT	1
1448	1447	6	TCCTTTTCTGACCATCTAATCTTT	1
1449	1448	6	CCTTTTCTGACCATCTAATCTTTT	1
1450	1449	5	CTTTTCTGACCATCTAATCTTTTC	1
1451	1450	5	TTTTCTGACCATCTAATCTTTTCG	1
1452	1451	4	TTTCTGACCATCTAATCTTTTCGT	1
1453	1452	3	TTCTGACCATCTAATCTTTTCGTA	1
1454	1453	3	TCTGACCATCTAATCTTTTCGTAT	1
1455	1454	3	CTGACCATCTAATCTTTTCGTATT	1
1456	1455	4	TGACCATCTAATCTTTTCGTATTA	1
1457	1456	5	GACCATCTAATCTTTTCGTATTAG	1
1458	1457	8	ACCATCTAATCTTTTCGTATTAGG	1
1459	1458	8	CCATCTAATCTTTTCGTATTAGGT	1
1460	1459	8	CATCTAATCTTTTCGTATTAGGTG	1
1461	1460	10	ATCTAATCTTTTCGTATTAGGTGC	1
1462	1461	10	TCTAATCTTTTCGTATTAGGTGCT	1
1463	1462	10	CTAATCTTTTCGTATTAGGTGCTC	1
1464	1463	10	TAATCTTTTCGTATTAGGTGCTCT	1
1465	1464	10	AATCTTTTCGTATTAGGTGCTCTT	1
1466	1465	10	ATCTTTTCGTATTAGGTGCTCTTT	1
1467	1466	10	TCTTTTCGTATTAGGTGCTCTTTT	1
1468	1467	10	CTTTTCGTATTAGGTGCTCTTTTA	1
1469	1468	10	TTTTCGTATTAGGTGCTCTTTTAC	1
1470	1469	10	TTTCGTATTAGGTGCTCTTTTACT	1
1471	1470	10	TTCGTATTAGGTGCTCTTTTACTT	1
1472	1471	10	TCGTATTAGGTGCTCTTTTACTTA	1
1473	1472	10	CGTATTAGGTGCTCTTTTACTTAT	1
1474	1473	9	GTATTAGGTGCTCTTTTACTTATA	1
1475	1474	9	TATTAGGTGCTCTTTTACTTATAG	1
1476	1475	10	ATTAGGTGCTCTTTTACTTATAGT	1
1477	1476	9	TTAGGTGCTCTTTTACTTATAGTT	1
1478	1477	9	TAGGTGCTCTTTTACTTATAGTTT	1
1479	1478	9	AGGTGCTCTTTTACTTATAGTTTG	1
1480	1479	9	GGTGCTCTTTTACTTATAGTTTGG	1
1481	1480	9	GTGCTCTTTTACTTATAGTTTGGT	1
1482	1481	9	TGCTCTTTTACTTATAGTTTGGTT	1
1483	1482	8	GCTCTTTTACTTATAGTTTGGTTT	1
1484	1483	8	CTCTTTTACTTATAGTTTGGTTTC	1
1485	1484	8	TCTTTTACTTATAGTTTGGTTTCG	1
1486	1485	8	CTTTTACTTATAGTTTGGTTTCGC	1
1487	1486	8	TTTTACTTATAGTTTGGTTTCGCC	1
1488	1487	7	TTTACTTATAGTTTGGTTTCGCCC	1
1489	1488	8	TTACTTATAGTTTGGTTTCGCCCA	1
1490	1489	8	TACTTATAGTTTGGTTTCGCCCAT	1
1491	1490	8	ACTTATAGTTTGGTTTCGCCCATA	1
1492	1491	8	CTTATAGTTTGGTTTCGCCCATAA	1
1493	1492	9	TTATAGTTTGGTTTCGCCCATAAC	1
1494	1493	9	TATAGTTTGGTTTCGCCCATAACT	1
1495	1494	9	ATAGTTTGGTTTCGCCCATAACTT	1
1496	1495	9	TAGTTTGGTTTCGCCCATAACTTT	1
1497	1496	9	AGTTTGGTTTCGCCCATAACTTTT	1
1498	1497	9	GTTTGGTTTCGCCCATAACTTTTT	1
1499	1498	11	TTTGGTTTCGCCCATAACTTTTTG	1
1500	1499	10	TTGGTTTCGCCCATAACTTTTTGA	1
1501	1500	9	TGGTTTCGCCCATAACTTTTTGAC	1
1502	1501	8	GGTTTCGCCCATAACTTTTTGACG	1
1503	1502	8	GTTTCGCCCATAACTTTTTGACGA	1
1504	1503	8	TTTCGCCCATAACTTTTTGACGAC	1
1505	1504	7	TTCGCCCATAACTTTTTGACGACG	1
1506	1505	7	TCGCCCATAACTTTTTGACGACGT	1
1507	1506	7	CGCCCATAACTTTTTGACGACGTT	1
1508	1507	7	GCCCATAACTTTTTGACGACGTTG	1
1509	1508	7	CCCATAACTTTTTGACGACGTTGT	1
1510	1509	7	CCATAACTTTTTGACGACGTTGTT	1
1511	1510	7	CATAACTTTTTGACGACGTTGTTT	1
1512	1511	7	ATAACTTTTTGACGACGTTGTTTA	1
1513	1512	7	TAACTTTTTGACGACGTTGTTTAC	1
1514	1513	7	AACTTTTTGACGACGTTGTTTACT	1
1515	1514	8	ACTTTTTGACGACGTTGTTTACTT	1
1516	1515	8	CTTTTTGACGACGTTGTTTACTTT	1
1517	1516	8	TTTTTGACGACGTTGTTTACTTTG	1
1518	1517	8	TTTTGACGACGTTGTTTACTTTGG	1
1519	1518	8	TTTGACGACGTTGTTTACTTTGGT	1
1520	1519	8	TTGACGACGTTGTTTACTTTGGTT	1
1521	1520	9	TGACGACGTTGTTTACTTTGGTTG	1
1522	1521	9	GACGACGTTGTTTACTTTGGTTGA	1
1523	1522	9	ACGACGTTGTTTACTTTGGTTGAT	1
1524	1523	9	CGACGTTGTTTACTTTGGTTGATA	1
1525	1524	9	GACGTTGTTTACTTTGGTTGATAT	1
1526	1525	9	ACGTTGTTTACTTTGGTTGATATA	1
1527	1526	9	CGTTGTTTACTTTGGTTGATATAA	1
1528	1527	10	GTTGTTTACTTTGGTTGATATAAA	1
1529	1528	10	TTGTTTACTTTGGTTGATATAAAA	1
1530	1529	10	TGTTTACTTTGGTTGATATAAAAT	1
1531	1530	10	GTTTACTTTGGTTGATATAAAATT	1
1532	1531	10	TTTACTTTGGTTGATATAAAATTA	1
1533	1532	9	TTACTTTGGTTGATATAAAATTAT	1
1534	1533	9	TACTTTGGTTGATATAAAATTATT	1
1535	1534	10	ACTTTGGTTGATATAAAATTATTT	1
1536	1535	10	CTTTGGTTGATATAAAATTATTTT	1
1537	1536	9	TTTGGTTGATATAAAATTATTTTA	1
1538	1537	9	TTGGTTGATATAAAATTATTTTAT	1
1539	1538	9	TGGTTGATATAAAATTATTTTATA	1
1540	1539	9	GGTTGATATAAAATTATTTTATAC	1
1541	1540	9	GTTGATATAAAATTATTTTATACA	1
1542	1541	9	TTGATATAAAATTATTTTATACAA	1
1543	1542	8	TGATATAAAATTATTTTATACAAT	1
1544	1543	8	GATATAAAATTATTTTATACAATC	1
1545	1544	8	ATATAAAATTATTTTATACAATCG	1
1546	1545	6	TATAAAATTATTTTATACAATCGT	1
1547	1546	6	ATAAAATTATTTTATACAATCGTT	1
1548	1547	6	TAAAATTATTTTATACAATCGTTA	1
1549	1548	5	AAAATTATTTTATACAATCGTTAA	1
1550	1549	5	AAATTATTTTATACAATCGTTAAC	1
1551	1550	5	AATTATTTTATACAATCGTTAACA	1
1552	1551	5	ATTATTTTATACAATCGTTAACAC	1
1553	1552	5	TTATTTTATACAATCGTTAACACC	1
1554	1553	5	TATTTTATACAATCGTTAACACCT	1
1555	1554	5	ATTTTATACAATCGTTAACACCTC	1
1556	1555	5	TTTTATACAATCGTTAACACCTCA	1
1557	1556	5	TTTATACAATCGTTAACACCTCAT	1
1558	1557	5	TTATACAATCGTTAACACCTCATA	1
1559	1558	4	TATACAATCGTTAACACCTCATAT	1
1560	1559	4	ATACAATCGTTAACACCTCATATT	1
1561	1560	4	TACAATCGTTAACACCTCATATTT	1
1562	1561	3	ACAATCGTTAACACCTCATATTTT	1
1563	1562	3	CAATCGTTAACACCTCATATTTTC	1
1564	1563	3	AATCGTTAACACCTCATATTTTCC	1
1565	1564	2	ATCGTTAACACCTCATATTTTCCA	1
1566	1565	2	TCGTTAACACCTCATATTTTCCAT	1
1567	1566	2	CGTTAACACCTCATATTTTCCATT	1
1568	1567	2	GTTAACACCTCATATTTTCCATTT	1
1569	1568	2	TTAACACCTCATATTTTCCATTTC	1
1570	1569	2	TAACACCTCATATTTTCCATTTCA	1
1571	1570	2	AACACCTCATATTTTCCATTTCAT	1
1572	1571	1	ACACCTCATATTTTCCATTTCATT	1
1573	1572	1	CACCTCATATTTTCCATTTCATTA	1
1574	1573	1	ACCTCATATTTTCCATTTCATTAC	1
1575	1574	1	CCTCATATTTTCCATTTCATTACT	1
1576	1575	1	CTCATATTTTCCATTTCATTACTG	1
1577	1576	2	TCATATTTTCCATTTCATTACTGA	1
1578	1577	1	CATATTTTCCATTTCATTACTGAT	1
1579	1578	2	ATATTTTCCATTTCATTACTGATC	1
1580	1579	2	TATTTTCCATTTCATTACTGATCT	1
1581	1580	2	ATTTTCCATTTCATTACTGATCTT	1
1582	1581	2	TTTTCCATTTCATTACTGATCTTT	1
1583	1582	2	TTTCCATTTCATTACTGATCTTTT	1
1584	1583	2	TTCCATTTCATTACTGATCTTTTG	1
1585	1584	2	TCCATTTCATTACTGATCTTTTGG	1
1586	1585	5	CCATTTCATTACTGATCTTTTGGT	1
1587	1586	9	CATTTCATTACTGATCTTTTGGTT	1
1588	1587	9	ATTTCATTACTGATCTTTTGGTTT	1
1589	1588	9	TTTCATTACTGATCTTTTGGTTTT	1
1590	1589	8	TTCATTACTGATCTTTTGGTTTTG	1
1591	1590	8	TCATTACTGATCTTTTGGTTTTGT	1
1592	1591	8	CATTACTGATCTTTTGGTTTTGTC	1
1593	1592	8	ATTACTGATCTTTTGGTTTTGTCC	1
1594	1593	8	TTACTGATCTTTTGGTTTTGTCCT	1
1595	1594	8	TACTGATCTTTTGGTTTTGTCCTG	1
1596	1595	8	ACTGATCTTTTGGTTTTGTCCTGT	1
1597	1596	8	CTGATCTTTTGGTTTTGTCCTGTG	1
1598	1597	8	TGATCTTTTGGTTTTGTCCTGTGT	1
1599	1598	8	GATCTTTTGGTTTTGTCCTGTGTT	1
1600	1599	8	ATCTTTTGGTTTTGTCCTGTGTTT	1
1601	1600	8	TCTTTTGGTTTTGTCCTGTGTTTG	1
1602	1601	8	CTTTTGGTTTTGTCCTGTGTTTGC	1
1603	1602	8	TTTTGGTTTTGTCCTGTGTTTGCA	1
1604	1603	8	TTTGGTTTTGTCCTGTGTTTGCAT	1
1605	1604	8	TTGGTTTTGTCCTGTGTTTGCATT	1
1606	1605	8	TGGTTTTGTCCTGTGTTTGCATTT	1
1607	1606	8	GGTTTTGTCCTGTGTTTGCATTTC	1
1608	1607	8	GTTTTGTCCTGTGTTTGCATTTCA	1
1609	1608	8	TTTTGTCCTGTGTTTGCATTTCAA	1
1610	1609	8	TTTGTCCTGTGTTTGCATTTCAAT	1
1611	1610	8	TTGTCCTGTGTTTGCATTTCAATT	1
1612	1611	8	TGTCCTGTGTTTGCATTTCAATTC	1
1613	1612	8	GTCCTGTGTTTGCATTTCAATTCA	1
1614	1613	8	TCCTGTGTTTGCATTTCAATTCAG	1
1615	1614	9	CCTGTGTTTGCATTTCAATTCAGC	1
1616	1615	9	CTGTGTTTGCATTTCAATTCAGCT	1
1617	1616	9	TGTGTTTGCATTTCAATTCAGCTC	1
1618	1617	9	GTGTTTGCATTTCAATTCAGCTCT	1
1619	1618	9	TGTTTGCATTTCAATTCAGCTCTG	1
1620	1619	10	GTTTGCATTTCAATTCAGCTCTGC	1
1621	1620	9	TTTGCATTTCAATTCAGCTCTGCC	1
1622	1621	9	TTGCATTTCAATTCAGCTCTGCCA	1
1623	1622	8	TGCATTTCAATTCAGCTCTGCCAA	1
1624	1623	8	GCATTTCAATTCAGCTCTGCCAAA	1
1625	1624	8	CATTTCAATTCAGCTCTGCCAAAT	1
1626	1625	8	ATTTCAATTCAGCTCTGCCAAATT	1
1627	1626	8	TTTCAATTCAGCTCTGCCAAATTT	1
1628	1627	8	TTCAATTCAGCTCTGCCAAATTTA	1
1629	1628	8	TCAATTCAGCTCTGCCAAATTTAT	1
1630	1629	5	CAATTCAGCTCTGCCAAATTTATC	1
1631	1630	1	AATTCAGCTCTGCCAAATTTATCC	1
1632	1631	1	ATTCAGCTCTGCCAAATTTATCCC	1
1633	1632	1	TTCAGCTCTGCCAAATTTATCCCA	1
1634	1633	1	TCAGCTCTGCCAAATTTATCCCAC	1
1635	1634	1	CAGCTCTGCCAAATTTATCCCACT	1
1636	1635	1	AGCTCTGCCAAATTTATCCCACTA	1
1637	1636	1	GCTCTGCCAAATTTATCCCACTAC	1
1638	1637	1	CTCTGCCAAATTTATCCCACTACT	1
1639	1638	1	TCTGCCAAATTTATCCCACTACTT	1
1640	1639	1	CTGCCAAATTTATCCCACTACTTC	1
1641	1640	1	TGCCAAATTTATCCCACTACTTCA	1
1642	1641	1	GCCAAATTTATCCCACTACTTCAT	1
1643	1642	3	CCAAATTTATCCCACTACTTCATT	1
1644	1643	3	CAAATTTATCCCACTACTTCATTT	1
1645	1644	3	AAATTTATCCCACTACTTCATTTT	1
1646	1645	3	AATTTATCCCACTACTTCATTTTT	1
1647	1646	3	ATTTATCCCACTACTTCATTTTTT	1
1648	1647	4	TTTATCCCACTACTTCATTTTTTA	1
1649	1648	4	TTATCCCACTACTTCATTTTTTAT	1
1650	1649	4	TATCCCACTACTTCATTTTTTATC	1
1651	1650	4	ATCCCACTACTTCATTTTTTATCT	1
1652	1651	4	TCCCACTACTTCATTTTTTATCTT	1
1653	1652	4	CCCACTACTTCATTTTTTATCTTT	1
1654	1653	4	CCACTACTTCATTTTTTATCTTTG	1
1655	1654	4	CACTACTTCATTTTTTATCTTTGG	1
1656	1655	4	ACTACTTCATTTTTTATCTTTGGT	1
1657	1656	4	CTACTTCATTTTTTATCTTTGGTT	1
1658	1657	4	TACTTCATTTTTTATCTTTGGTTT	1
1659	1658	4	ACTTCATTTTTTATCTTTGGTTTT	1
1660	1659	4	CTTCATTTTTTATCTTTGGTTTTT	1
1661	1660	4	TTCATTTTTTATCTTTGGTTTTTT	1
1662	1661	4	TCATTTTTTATCTTTGGTTTTTTT	1
1663	1662	4	CATTTTTTATCTTTGGTTTTTTTT	1
1664	1663	4	ATTTTTTATCTTTGGTTTTTTTTT	1
1665	1664	4	TTTTTTATCTTTGGTTTTTTTTTT	1
1666	1665	4	TTTTTATCTTTGGTTTTTTTTTTT	1
1667	1666	4	TTTTATCTTTGGTTTTTTTTTTTT	1
1668	1667	4	TTTATCTTTGGTTTTTTTTTTTTT	1
1669	1668	3	TTATCTTTGGTTTTTTTTTTTTTT	1
1670	1669	2	TATCTTTGGTTTTTTTTTTTTTTC	1
1671	1670	2	ATCTTTGGTTTTTTTTTTTTTTCT	1
1672	1671	2	TCTTTGGTTTTTTTTTTTTTTCTA	1
1673	1672	3	CTTTGGTTTTTTTTTTTTTTCTAG	1
1674	1673	3	TTTGGTTTTTTTTTTTTTTCTAGT	1
1675	1674	3	TTGGTTTTTTTTTTTTTTCTAGTT	1
1676	1675	3	TGGTTTTTTTTTTTTTTCTAGTTA	1
1677	1676	3	GGTTTTTTTTTTTTTTCTAGTTAA	1
1678	1677	3	GTTTTTTTTTTTTTTCTAGTTAAT	1
1679	1678	4	TTTTTTTTTTTTTTCTAGTTAATT	1
1680	1679	7	TTTTTTTTTTTTTCTAGTTAATTT	1
1681	1680	9	TTTTTTTTTTTTCTAGTTAATTTT	1
1682	1681	9	TTTTTTTTTTTCTAGTTAATTTTT	1
1683	1682	9	TTTTTTTTTTCTAGTTAATTTTTT	1
1684	1683	9	TTTTTTTTTCTAGTTAATTTTTTA	1
1685	1684	9	TTTTTTTTCTAGTTAATTTTTTAA	1
1686	1685	9	TTTTTTTCTAGTTAATTTTTTAAT	1
1687	1686	10	TTTTTTCTAGTTAATTTTTTAATT	1
1688	1687	10	TTTTTCTAGTTAATTTTTTAATTA	1
1689	1688	10	TTTTCTAGTTAATTTTTTAATTAC	1
1690	1689	10	TTTCTAGTTAATTTTTTAATTACT	1
1691	1690	9	TTCTAGTTAATTTTTTAATTACTC	1
1692	1691	9	TCTAGTTAATTTTTTAATTACTCT	1
1693	1692	9	CTAGTTAATTTTTTAATTACTCTT	1
1694	1693	9	TAGTTAATTTTTTAATTACTCTTA	1
1695	1694	9	AGTTAATTTTTTAATTACTCTTAC	1
1696	1695	9	GTTAATTTTTTAATTACTCTTACT	1
1697	1696	9	TTAATTTTTTAATTACTCTTACTC	1
1698	1697	9	TAATTTTTTAATTACTCTTACTCA	1
1699	1698	9	AATTTTTTAATTACTCTTACTCAT	1
1700	1699	9	ATTTTTTAATTACTCTTACTCATT	1
1701	1700	9	TTTTTTAATTACTCTTACTCATTT	1
1702	1701	9	TTTTTAATTACTCTTACTCATTTA	1
1703	1702	9	TTTTAATTACTCTTACTCATTTAC	1
1704	1703	8	TTTAATTACTCTTACTCATTTACG	1
1705	1704	8	TTAATTACTCTTACTCATTTACGA	1
1706	1705	8	TAATTACTCTTACTCATTTACGAC	1
1707	1706	7	AATTACTCTTACTCATTTACGACA	1
1708	1707	7	ATTACTCTTACTCATTTACGACAA	1
1709	1708	7	TTACTCTTACTCATTTACGACAAC	1
1710	1709	7	TACTCTTACTCATTTACGACAACG	1
1711	1710	7	ACTCTTACTCATTTACGACAACGA	1
1712	1711	7	CTCTTACTCATTTACGACAACGAC	1
1713	1712	7	TCTTACTCATTTACGACAACGACC	1
1714	1713	6	CTTACTCATTTACGACAACGACCC	1
1715	1714	5	TTACTCATTTACGACAACGACCCC	1
1716	1715	4	TACTCATTTACGACAACGACCCCT	1
1717	1716	4	ACTCATTTACGACAACGACCCCTT	1
1718	1717	4	CTCATTTACGACAACGACCCCTTT	1
1719	1718	4	TCATTTACGACAACGACCCCTTTT	1
1720	1719	4	CATTTACGACAACGACCCCTTTTC	1
1721	1720	4	ATTTACGACAACGACCCCTTTTCT	1
1722	1721	4	TTTACGACAACGACCCCTTTTCTC	1
1723	1722	3	TTACGACAACGACCCCTTTTCTCA	1
1724	1723	3	TACGACAACGACCCCTTTTCTCAA	1
1725	1724	3	ACGACAACGACCCCTTTTCTCAAT	1
1726	1725	3	CGACAACGACCCCTTTTCTCAATT	1
1727	1726	3	GACAACGACCCCTTTTCTCAATTT	1
1728	1727	3	ACAACGACCCCTTTTCTCAATTTT	1
1729	1728	3	CAACGACCCCTTTTCTCAATTTTT	1
1730	1729	3	AACGACCCCTTTTCTCAATTTTTT	1
1731	1730	1	ACGACCCCTTTTCTCAATTTTTTA	1
1732	1731	1	CGACCCCTTTTCTCAATTTTTTAA	1
1733	1732	1	GACCCCTTTTCTCAATTTTTTAAT	1
1734	1733	1	ACCCCTTTTCTCAATTTTTTAATA	1
1735	1734	1	CCCCTTTTCTCAATTTTTTAATAC	1
1736	1735	1	CCCTTTTCTCAATTTTTTAATACA	1
1737	1736	1	CCTTTTCTCAATTTTTTAATACAA	1
1738	1737	1	CTTTTCTCAATTTTTTAATACAAA	1
1739	1738	1	TTTTCTCAATTTTTTAATACAAAC	1
1740	1739	1	TTTCTCAATTTTTTAATACAAACT	1
1741	1740	1	TTCTCAATTTTTTAATACAAACTT	1
1742	1741	1	TCTCAATTTTTTAATACAAACTTT	1
1743	1742	1	CTCAATTTTTTAATACAAACTTTT	1
1744	1743	1	TCAATTTTTTAATACAAACTTTTC	1
1745	1744	1	CAATTTTTTAATACAAACTTTTCA	1
1746	1745	3	AATTTTTTAATACAAACTTTTCAA	1
1747	1746	3	ATTTTTTAATACAAACTTTTCAAA	1
1748	1747	3	TTTTTTAATACAAACTTTTCAAAA	1
1749	1748	3	TTTTTAATACAAACTTTTCAAAAT	1
1750	1749	3	TTTTAATACAAACTTTTCAAAATG	1
1751	1750	4	TTTAATACAAACTTTTCAAAATGT	1
1752	1751	4	TTAATACAAACTTTTCAAAATGTC	1
1753	1752	4	TAATACAAACTTTTCAAAATGTCT	1
1754	1753	4	AATACAAACTTTTCAAAATGTCTA	1
1755	1754	4	ATACAAACTTTTCAAAATGTCTAC	1
1756	1755	4	TACAAACTTTTCAAAATGTCTACA	1
1757	1756	3	ACAAACTTTTCAAAATGTCTACAA	1
1758	1757	3	CAAACTTTTCAAAATGTCTACAAA	1
1759	1758	3	AAACTTTTCAAAATGTCTACAAAA	1
1760	1759	3	AACTTTTCAAAATGTCTACAAAAC	1
1761	1760	3	ACTTTTCAAAATGTCTACAAAACT	1
1762	1761	3	CTTTTCAAAATGTCTACAAAACTC	1
1763	1762	3	TTTTCAAAATGTCTACAAAACTCG	1
1764	1763	3	TTTCAAAATGTCTACAAAACTCGT	1
1765	1764	3	TTCAAAATGTCTACAAAACTCGTT	1
1766	1765	3	TCAAAATGTCTACAAAACTCGTTG	1
1767	1766	3	CAAAATGTCTACAAAACTCGTTGA	1
1768	1767	4	AAAATGTCTACAAAACTCGTTGAT	1
1769	1768	4	AAATGTCTACAAAACTCGTTGATC	1
1770	1769	4	AATGTCTACAAAACTCGTTGATCA	1
1771	1770	4	ATGTCTACAAAACTCGTTGATCAC	1
1772	1771	4	TGTCTACAAAACTCGTTGATCACG	1
1773	1772	4	GTCTACAAAACTCGTTGATCACGT	1
1774	1773	5	TCTACAAAACTCGTTGATCACGTC	1
1775	1774	5	CTACAAAACTCGTTGATCACGTCG	1
1776	1775	5	TACAAAACTCGTTGATCACGTCGA	1
1777	1776	5	ACAAAACTCGTTGATCACGTCGAA	1
1778	1777	5	CAAAACTCGTTGATCACGTCGAAA	1
1779	1778	5	AAAACTCGTTGATCACGTCGAAAT	1
1780	1779	5	AAACTCGTTGATCACGTCGAAATT	1
1781	1780	5	AACTCGTTGATCACGTCGAAATTA	1
1782	1781	5	ACTCGTTGATCACGTCGAAATTAC	1
1783	1782	5	CTCGTTGATCACGTCGAAATTACC	1
1784	1783	5	TCGTTGATCACGTCGAAATTACCG	1
1785	1784	5	CGTTGATCACGTCGAAATTACCGT	1
1786	1785	5	GTTGATCACGTCGAAATTACCGTT	1
1787	1786	5	TTGATCACGTCGAAATTACCGTTC	1
1788	1787	5	TGATCACGTCGAAATTACCGTTCC	1
1789	1788	4	GATCACGTCGAAATTACCGTTCCT	1
1790	1789	3	ATCACGTCGAAATTACCGTTCCTA	1
1791	1790	4	TCACGTCGAAATTACCGTTCCTAC	1
1792	1791	4	CACGTCGAAATTACCGTTCCTACA	1
1793	1792	4	ACGTCGAAATTACCGTTCCTACAG	1
1794	1793	4	CGTCGAAATTACCGTTCCTACAGG	1
1795	1794	4	GTCGAAATTACCGTTCCTACAGGA	1
1796	1795	4	TCGAAATTACCGTTCCTACAGGAA	1
1797	1796	4	CGAAATTACCGTTCCTACAGGAAA	1
1798	1797	4	GAAATTACCGTTCCTACAGGAAAA	1
1799	1798	4	AAATTACCGTTCCTACAGGAAAAA	1
1800	1799	4	AATTACCGTTCCTACAGGAAAAAC	1
1801	1800	4	ATTACCGTTCCTACAGGAAAAACT	1
1802	1801	4	TTACCGTTCCTACAGGAAAAACTT	1
1803	1802	4	TACCGTTCCTACAGGAAAAACTTA	1
1804	1803	4	ACCGTTCCTACAGGAAAAACTTAC	1
1805	1804	4	CCGTTCCTACAGGAAAAACTTACA	1
1806	1805	4	CGTTCCTACAGGAAAAACTTACAT	1
1807	1806	4	GTTCCTACAGGAAAAACTTACATT	1
1808	1807	4	TTCCTACAGGAAAAACTTACATTC	1
1809	1808	4	TCCTACAGGAAAAACTTACATTCA	1
1810	1809	4	CCTACAGGAAAAACTTACATTCAA	1
1811	1810	4	CTACAGGAAAAACTTACATTCAAC	1
1812	1811	3	TACAGGAAAAACTTACATTCAACC	1
1813	1812	3	ACAGGAAAAACTTACATTCAACCT	1
1814	1813	3	CAGGAAAAACTTACATTCAACCTG	1
1815	1814	3	AGGAAAAACTTACATTCAACCTGT	1
1816	1815	3	GGAAAAACTTACATTCAACCTGTC	1
1817	1816	3	GAAAAACTTACATTCAACCTGTCG	1
1818	1817	2	AAAAACTTACATTCAACCTGTCGG	1
1819	1818	2	AAAACTTACATTCAACCTGTCGGT	1
1820	1819	2	AAACTTACATTCAACCTGTCGGTC	1
1821	1820	2	AACTTACATTCAACCTGTCGGTCT	1
1822	1821	2	ACTTACATTCAACCTGTCGGTCTC	1
1823	1822	2	CTTACATTCAACCTGTCGGTCTCT	1
1824	1823	2	TTACATTCAACCTGTCGGTCTCTT	1
1825	1824	2	TACATTCAACCTGTCGGTCTCTTT	1
1826	1825	2	ACATTCAACCTGTCGGTCTCTTTA	1
1827	1826	2	CATTCAACCTGTCGGTCTCTTTAT	1
1828	1827	2	ATTCAACCTGTCGGTCTCTTTATC	1
1829	1828	2	TTCAACCTGTCGGTCTCTTTATCA	1
1830	1829	2	TCAACCTGTCGGTCTCTTTATCAA	1
1831	1830	2	CAACCTGTCGGTCTCTTTATCAAT	1
1832	1831	2	AACCTGTCGGTCTCTTTATCAATA	1
1833	1832	2	ACCTGTCGGTCTCTTTATCAATAA	1
1834	1833	2	CCTGTCGGTCTCTTTATCAATAAC	1
1835	1834	2	CTGTCGGTCTCTTTATCAATAACC	1
1836	1835	2	TGTCGGTCTCTTTATCAATAACCA	1
1837	1836	2	GTCGGTCTCTTTATCAATAACCAA	1
1838	1837	2	TCGGTCTCTTTATCAATAACCAAC	1
1839	1838	1	CGGTCTCTTTATCAATAACCAACA	1
1840	1839	1	GGTCTCTTTATCAATAACCAACAT	1
1841	1840	1	GTCTCTTTATCAATAACCAACATG	1
1842	1841	1	TCTCTTTATCAATAACCAACATGT	1
1843	1842	1	CTCTTTATCAATAACCAACATGTC	1
1844	1843	1	TCTTTATCAATAACCAACATGTCG	1
1845	1844	1	CTTTATCAATAACCAACATGTCGA	1
1846	1845	1	TTTATCAATAACCAACATGTCGAT	1
1847	1846	1	TTATCAATAACCAACATGTCGATT	1
1848	1847	1	TATCAATAACCAACATGTCGATTC	1
1849	1848	3	ATCAATAACCAACATGTCGATTCC	1
1850	1849	3	TCAATAACCAACATGTCGATTCCG	1
1851	1850	3	CAATAACCAACATGTCGATTCCGT	1
1852	1851	3	AATAACCAACATGTCGATTCCGTT	1
1853	1852	3	ATAACCAACATGTCGATTCCGTTC	1
1854	1853	3	TAACCAACATGTCGATTCCGTTCA	1
1855	1854	3	AACCAACATGTCGATTCCGTTCAC	1
1856	1855	3	ACCAACATGTCGATTCCGTTCACG	1
1857	1856	3	CCAACATGTCGATTCCGTTCACGG	1
1858	1857	3	CAACATGTCGATTCCGTTCACGGT	1
1859	1858	3	AACATGTCGATTCCGTTCACGGTG	1
1860	1859	3	ACATGTCGATTCCGTTCACGGTGG	1
1861	1860	3	CATGTCGATTCCGTTCACGGTGGT	1
1862	1861	3	ATGTCGATTCCGTTCACGGTGGTC	1
1863	1862	4	TGTCGATTCCGTTCACGGTGGTCG	1
1864	1863	4	GTCGATTCCGTTCACGGTGGTCGT	1
1865	1864	4	TCGATTCCGTTCACGGTGGTCGTG	1
1866	1865	4	CGATTCCGTTCACGGTGGTCGTGT	1
1867	1866	4	GATTCCGTTCACGGTGGTCGTGTG	1
1868	1867	4	ATTCCGTTCACGGTGGTCGTGTGA	1
1869	1868	4	TTCCGTTCACGGTGGTCGTGTGAA	1
1870	1869	4	TCCGTTCACGGTGGTCGTGTGAAG	1
1871	1870	4	CCGTTCACGGTGGTCGTGTGAAGG	1
1872	1871	4	CGTTCACGGTGGTCGTGTGAAGGT	1
1873	1872	4	GTTCACGGTGGTCGTGTGAAGGTT	1
1874	1873	4	TTCACGGTGGTCGTGTGAAGGTTT	1
1875	1874	4	TCACGGTGGTCGTGTGAAGGTTTA	1
1876	1875	4	CACGGTGGTCGTGTGAAGGTTTAC	1
1877	1876	4	ACGGTGGTCGTGTGAAGGTTTACT	1
1878	1877	4	CGGTGGTCGTGTGAAGGTTTACTC	1
1879	1878	3	GGTGGTCGTGTGAAGGTTTACTCT	1
1880	1879	3	GTGGTCGTGTGAAGGTTTACTCTC	1
1881	1880	3	TGGTCGTGTGAAGGTTTACTCTCC	1
1882	1881	3	GGTCGTGTGAAGGTTTACTCTCCT	1
1883	1882	4	GTCGTGTGAAGGTTTACTCTCCTT	1
1884	1883	4	TCGTGTGAAGGTTTACTCTCCTTC	1
1885	1884	4	CGTGTGAAGGTTTACTCTCCTTCT	1
1886	1885	4	GTGTGAAGGTTTACTCTCCTTCTA	1
1887	1886	4	TGTGAAGGTTTACTCTCCTTCTAC	1
1888	1887	4	GTGAAGGTTTACTCTCCTTCTACT	1
1889	1888	4	TGAAGGTTTACTCTCCTTCTACTG	1
1890	1889	4	GAAGGTTTACTCTCCTTCTACTGA	1
1891	1890	4	AAGGTTTACTCTCCTTCTACTGAG	1
1892	1891	4	AGGTTTACTCTCCTTCTACTGAGA	1
1893	1892	2	GGTTTACTCTCCTTCTACTGAGAA	1
1894	1893	2	GTTTACTCTCCTTCTACTGAGAAA	1
1895	1894	2	TTTACTCTCCTTCTACTGAGAAAC	1
1896	1895	2	TTACTCTCCTTCTACTGAGAAACT	1
1897	1896	2	TACTCTCCTTCTACTGAGAAACTT	1
1898	1897	2	ACTCTCCTTCTACTGAGAAACTTA	1
1899	1898	2	CTCTCCTTCTACTGAGAAACTTAT	1
1900	1899	2	TCTCCTTCTACTGAGAAACTTATT	1
1901	1900	2	CTCCTTCTACTGAGAAACTTATTT	1
1902	1901	3	TCCTTCTACTGAGAAACTTATTTG	1
1903	1902	3	CCTTCTACTGAGAAACTTATTTGT	1
1904	1903	3	CTTCTACTGAGAAACTTATTTGTG	1
1905	1904	3	TTCTACTGAGAAACTTATTTGTGA	1
1906	1905	3	TCTACTGAGAAACTTATTTGTGAG	1
1907	1906	2	CTACTGAGAAACTTATTTGTGAGG	1
1908	1907	2	TACTGAGAAACTTATTTGTGAGGT	1
1909	1908	2	ACTGAGAAACTTATTTGTGAGGTA	1
1910	1909	2	CTGAGAAACTTATTTGTGAGGTAG	1
1911	1910	2	TGAGAAACTTATTTGTGAGGTAGC	1
1912	1911	2	GAGAAACTTATTTGTGAGGTAGCT	1
1913	1912	2	AGAAACTTATTTGTGAGGTAGCTG	1
1914	1913	2	GAAACTTATTTGTGAGGTAGCTGA	1
1915	1914	2	AAACTTATTTGTGAGGTAGCTGAC	1
1916	1915	2	AACTTATTTGTGAGGTAGCTGACG	1
1917	1916	2	ACTTATTTGTGAGGTAGCTGACGC	1
1918	1917	2	CTTATTTGTGAGGTAGCTGACGCC	1
1919	1918	2	TTATTTGTGAGGTAGCTGACGCCG	1
1920	1919	2	TATTTGTGAGGTAGCTGACGCCGA	1
1921	1920	2	ATTTGTGAGGTAGCTGACGCCGAC	1
1922	1921	2	TTTGTGAGGTAGCTGACGCCGACG	1
1923	1922	2	TTGTGAGGTAGCTGACGCCGACGA	1
1924	1923	3	TGTGAGGTAGCTGACGCCGACGAA	1
1925	1924	3	GTGAGGTAGCTGACGCCGACGAAG	1
1926	1925	3	TGAGGTAGCTGACGCCGACGAAGA	1
1927	1926	2	GAGGTAGCTGACGCCGACGAAGAG	1
1928	1927	3	AGGTAGCTGACGCCGACGAAGAGG	1
1929	1928	3	GGTAGCTGACGCCGACGAAGAGGA	1
1930	1929	3	GTAGCTGACGCCGACGAAGAGGAT	1
1931	1930	3	TAGCTGACGCCGACGAAGAGGATG	1
1932	1931	3	AGCTGACGCCGACGAAGAGGATGT	1
1933	1932	3	GCTGACGCCGACGAAGAGGATGTC	1
1934	1933	3	CTGACGCCGACGAAGAGGATGTCG	1
1935	1934	4	TGACGCCGACGAAGAGGATGTCGA	1
1936	1935	4	GACGCCGACGAAGAGGATGTCGAT	1
1937	1936	4	ACGCCGACGAAGAGGATGTCGATA	1
1938	1937	4	CGCCGACGAAGAGGATGTCGATAT	1
1939	1938	4	GCCGACGAAGAGGATGTCGATATC	1
1940	1939	4	CCGACGAAGAGGATGTCGATATCG	1
1941	1940	4	CGACGAAGAGGATGTCGATATCGC	1
1942	1941	4	GACGAAGAGGATGTCGATATCGCC	1
1943	1942	4	ACGAAGAGGATGTCGATATCGCCG	1
1944	1943	4	CGAAGAGGATGTCGATATCGCCGT	1
1945	1944	4	GAAGAGGATGTCGATATCGCCGTG	1
1946	1945	3	AAGAGGATGTCGATATCGCCGTGA	1
1947	1946	3	AGAGGATGTCGATATCGCCGTGAA	1
1948	1947	3	GAGGATGTCGATATCGCCGTGAAA	1
1949	1948	3	AGGATGTCGATATCGCCGTGAAAG	1
1950	1949	3	GGATGTCGATATCGCCGTGAAAGT	1
1951	1950	3	GATGTCGATATCGCCGTGAAAGTT	1
1952	1951	3	ATGTCGATATCGCCGTGAAAGTTG	1
1953	1952	3	TGTCGATATCGCCGTGAAAGTTGC	1
1954	1953	3	GTCGATATCGCCGTGAAAGTTGCT	1
1955	1954	3	TCGATATCGCCGTGAAAGTTGCTC	1
1956	1955	3	CGATATCGCCGTGAAAGTTGCTCG	1
1957	1956	3	GATATCGCCGTGAAAGTTGCTCGT	1
1958	1957	3	ATATCGCCGTGAAAGTTGCTCGTG	1
1959	1958	3	TATCGCCGTGAAAGTTGCTCGTGC	1
1960	1959	3	ATCGCCGTGAAAGTTGCTCGTGCC	1
1961	1960	3	TCGCCGTGAAAGTTGCTCGTGCCG	1
1962	1961	3	CGCCGTGAAAGTTGCTCGTGCCGC	1
1963	1962	3	GCCGTGAAAGTTGCTCGTGCCGCT	1
1964	1963	3	CCGTGAAAGTTGCTCGTGCCGCTT	1
1965	1964	3	CGTGAAAGTTGCTCGTGCCGCTTT	1
1966	1965	3	GTGAAAGTTGCTCGTGCCGCTTTC	1
1967	1966	3	TGAAAGTTGCTCGTGCCGCTTTCC	1
1968	1967	2	GAAAGTTGCTCGTGCCGCTTTCCA	1
1969	1968	2	AAAGTTGCTCGTGCCGCTTTCCAG	1
1970	1969	2	AAGTTGCTCGTGCCGCTTTCCAGA	1
1971	1970	2	AGTTGCTCGTGCCGCTTTCCAGAC	1
1972	1971	3	GTTGCTCGTGCCGCTTTCCAGACC	1
1973	1972	3	TTGCTCGTGCCGCTTTCCAGACCG	1
1974	1973	3	TGCTCGTGCCGCTTTCCAGACCGA	1
1975	1974	3	GCTCGTGCCGCTTTCCAGACCGAT	1
1976	1975	3	CTCGTGCCGCTTTCCAGACCGATG	1
1977	1976	3	TCGTGCCGCTTTCCAGACCGATGC	1
1978	1977	3	CGTGCCGCTTTCCAGACCGATGCT	1
1979	1978	2	GTGCCGCTTTCCAGACCGATGCTC	1
1980	1979	2	TGCCGCTTTCCAGACCGATGCTCC	1
1981	1980	2	GCCGCTTTCCAGACCGATGCTCCA	1
1982	1981	2	CCGCTTTCCAGACCGATGCTCCAT	1
1983	1982	2	CGCTTTCCAGACCGATGCTCCATG	1
1984	1983	2	GCTTTCCAGACCGATGCTCCATGG	1
1985	1984	2	CTTTCCAGACCGATGCTCCATGGC	1
1986	1985	2	TTTCCAGACCGATGCTCCATGGCG	1
1987	1986	2	TTCCAGACCGATGCTCCATGGCGC	1
1988	1987	1	TCCAGACCGATGCTCCATGGCGCA	1
1989	1988	1	CCAGACCGATGCTCCATGGCGCAA	1
1990	1989	1	CAGACCGATGCTCCATGGCGCAAG	1
1991	1990	1	AGACCGATGCTCCATGGCGCAAGT	1
1992	1991	1	GACCGATGCTCCATGGCGCAAGTT	1
1993	1992	1	ACCGATGCTCCATGGCGCAAGTTT	1
1994	1993	1	CCGATGCTCCATGGCGCAAGTTTT	1
1995	1994	2	CGATGCTCCATGGCGCAAGTTTTC	1
1996	1995	1	GATGCTCCATGGCGCAAGTTTTCT	1
1997	1996	1	ATGCTCCATGGCGCAAGTTTTCTA	1
1998	1997	1	TGCTCCATGGCGCAAGTTTTCTAG	1
1999	1998	1	GCTCCATGGCGCAAGTTTTCTAGC	1
2000	1999	1	CTCCATGGCGCAAGTTTTCTAGCG	1
2001	2000	1	TCCATGGCGCAAGTTTTCTAGCGC	1
2002	2001	1	CCATGGCGCAAGTTTTCTAGCGCT	1
2003	2002	1	CATGGCGCAAGTTTTCTAGCGCTC	1
2004	2003	1	ATGGCGCAAGTTTTCTAGCGCTCA	1
2005	2004	1	TGGCGCAAGTTTTCTAGCGCTCAA	1
2006	2005	1	GGCGCAAGTTTTCTAGCGCTCAAC	1
2007	2006	1	GCGCAAGTTTTCTAGCGCTCAACG	1
2008	2007	1	CGCAAGTTTTCTAGCGCTCAACGT	1
2009	2008	1	GCAAGTTTTCTAGCGCTCAACGTG	1
2010	2009	1	CAAGTTTTCTAGCGCTCAACGTGG	1
2011	2010	1	AAGTTTTCTAGCGCTCAACGTGGA	1
2012	2011	1	AGTTTTCTAGCGCTCAACGTGGAC	1
2013	2012	1	GTTTTCTAGCGCTCAACGTGGACG	1
2014	2013	1	TTTTCTAGCGCTCAACGTGGACGT	1
2015	2014	1	TTTCTAGCGCTCAACGTGGACGTT	1
2016	2015	1	TTCTAGCGCTCAACGTGGACGTTG	1
2017	2016	1	TCTAGCGCTCAACGTGGACGTTGC	1
2018	2017	1	CTAGCGCTCAACGTGGACGTTGCC	1
2019	2018	1	TAGCGCTCAACGTGGACGTTGCCT	1
2020	2019	1	AGCGCTCAACGTGGACGTTGCCTC	1
2021	2020	2	GCGCTCAACGTGGACGTTGCCTCT	1
2022	2021	2	CGCTCAACGTGGACGTTGCCTCTC	1
2023	2022	4	GCTCAACGTGGACGTTGCCTCTCC	1
2024	2023	4	CTCAACGTGGACGTTGCCTCTCCC	1
2025	2024	4	TCAACGTGGACGTTGCCTCTCCCG	1
2026	2025	4	CAACGTGGACGTTGCCTCTCCCGT	1
2027	2026	4	AACGTGGACGTTGCCTCTCCCGTC	1
2028	2027	4	ACGTGGACGTTGCCTCTCCCGTCT	1
2029	2028	4	CGTGGACGTTGCCTCTCCCGTCTC	1
2030	2029	4	GTGGACGTTGCCTCTCCCGTCTCG	1
2031	2030	4	TGGACGTTGCCTCTCCCGTCTCGC	1
2032	2031	4	GGACGTTGCCTCTCCCGTCTCGCT	1
2033	2032	4	GACGTTGCCTCTCCCGTCTCGCTG	1
2034	2033	4	ACGTTGCCTCTCCCGTCTCGCTGA	1
2035	2034	4	CGTTGCCTCTCCCGTCTCGCTGAC	1
2036	2035	5	GTTGCCTCTCCCGTCTCGCTGACT	1
2037	2036	5	TTGCCTCTCCCGTCTCGCTGACTG	1
2038	2037	4	TGCCTCTCCCGTCTCGCTGACTGT	1
2039	2038	4	GCCTCTCCCGTCTCGCTGACTGTA	1
2040	2039	5	CCTCTCCCGTCTCGCTGACTGTAT	1
2041	2040	5	CTCTCCCGTCTCGCTGACTGTATC	1
2042	2041	5	TCTCCCGTCTCGCTGACTGTATCG	1
2043	2042	5	CTCCCGTCTCGCTGACTGTATCGA	1
2044	2043	5	TCCCGTCTCGCTGACTGTATCGAG	1
2045	2044	5	CCCGTCTCGCTGACTGTATCGAGC	1
2046	2045	5	CCGTCTCGCTGACTGTATCGAGCA	1
2047	2046	5	CGTCTCGCTGACTGTATCGAGCAA	1
2048	2047	5	GTCTCGCTGACTGTATCGAGCAAA	1
2049	2048	5	TCTCGCTGACTGTATCGAGCAAAA	1
2050	2049	5	CTCGCTGACTGTATCGAGCAAAAC	1
2051	2050	5	TCGCTGACTGTATCGAGCAAAACT	1
2052	2051	5	CGCTGACTGTATCGAGCAAAACTT	1
2053	2052	5	GCTGACTGTATCGAGCAAAACTTG	1
2054	2053	7	CTGACTGTATCGAGCAAAACTTGG	1
2055	2054	7	TGACTGTATCGAGCAAAACTTGGA	1
2056	2055	7	GACTGTATCGAGCAAAACTTGGAA	1
2057	2056	8	ACTGTATCGAGCAAAACTTGGAAT	1
2058	2057	8	CTGTATCGAGCAAAACTTGGAATA	1
2059	2058	8	TGTATCGAGCAAAACTTGGAATAC	1
2060	2059	8	GTATCGAGCAAAACTTGGAATACC	1
2061	2060	7	TATCGAGCAAAACTTGGAATACCT	1
2062	2061	7	ATCGAGCAAAACTTGGAATACCTC	1
2063	2062	8	TCGAGCAAAACTTGGAATACCTCG	1
2064	2063	8	CGAGCAAAACTTGGAATACCTCGC	1
2065	2064	8	GAGCAAAACTTGGAATACCTCGCT	1
2066	2065	7	AGCAAAACTTGGAATACCTCGCTT	1
2067	2066	6	GCAAAACTTGGAATACCTCGCTTC	1
2068	2067	8	CAAAACTTGGAATACCTCGCTTCT	1
2069	2068	8	AAAACTTGGAATACCTCGCTTCTA	1
2070	2069	8	AAACTTGGAATACCTCGCTTCTAT	1
2071	2070	8	AACTTGGAATACCTCGCTTCTATT	1
2072	2071	8	ACTTGGAATACCTCGCTTCTATTG	1
2073	2072	8	CTTGGAATACCTCGCTTCTATTGA	1
2074	2073	8	TTGGAATACCTCGCTTCTATTGAG	1
2075	2074	8	TGGAATACCTCGCTTCTATTGAGA	1
2076	2075	7	GGAATACCTCGCTTCTATTGAGAC	1
2077	2076	7	GAATACCTCGCTTCTATTGAGACT	1
2078	2077	7	AATACCTCGCTTCTATTGAGACTC	1
2079	2078	7	ATACCTCGCTTCTATTGAGACTCT	1
2080	2079	6	TACCTCGCTTCTATTGAGACTCTT	1
2081	2080	6	ACCTCGCTTCTATTGAGACTCTTG	1
2082	2081	6	CCTCGCTTCTATTGAGACTCTTGA	1
2083	2082	6	CTCGCTTCTATTGAGACTCTTGAC	1
2084	2083	5	TCGCTTCTATTGAGACTCTTGACA	1
2085	2084	6	CGCTTCTATTGAGACTCTTGACAA	1
2086	2085	6	GCTTCTATTGAGACTCTTGACAAT	1
2087	2086	6	CTTCTATTGAGACTCTTGACAATG	1
2088	2087	6	TTCTATTGAGACTCTTGACAATGG	1
2089	2088	6	TCTATTGAGACTCTTGACAATGGT	1
2090	2089	6	CTATTGAGACTCTTGACAATGGTA	1
2091	2090	6	TATTGAGACTCTTGACAATGGTAA	1
2092	2091	6	ATTGAGACTCTTGACAATGGTAAG	1
2093	2092	6	TTGAGACTCTTGACAATGGTAAGA	1
2094	2093	6	TGAGACTCTTGACAATGGTAAGAG	1
2095	2094	6	GAGACTCTTGACAATGGTAAGAGT	1
2096	2095	6	AGACTCTTGACAATGGTAAGAGTA	1
2097	2096	6	GACTCTTGACAATGGTAAGAGTAT	1
2098	2097	5	ACTCTTGACAATGGTAAGAGTATC	1
2099	2098	5	CTCTTGACAATGGTAAGAGTATCA	1
2100	2099	5	TCTTGACAATGGTAAGAGTATCAC	1
2101	2100	5	CTTGACAATGGTAAGAGTATCACT	1
2102	2101	5	TTGACAATGGTAAGAGTATCACTT	1
2103	2102	5	TGACAATGGTAAGAGTATCACTTT	1
2104	2103	7	GACAATGGTAAGAGTATCACTTTG	1
2105	2104	7	ACAATGGTAAGAGTATCACTTTGG	1
2106	2105	7	CAATGGTAAGAGTATCACTTTGGC	1
2107	2106	6	AATGGTAAGAGTATCACTTTGGCT	1
2108	2107	6	ATGGTAAGAGTATCACTTTGGCTA	1
2109	2108	6	TGGTAAGAGTATCACTTTGGCTAG	1
2110	2109	6	GGTAAGAGTATCACTTTGGCTAGA	1
2111	2110	6	GTAAGAGTATCACTTTGGCTAGAG	1
2112	2111	4	TAAGAGTATCACTTTGGCTAGAGG	1
2113	2112	5	AAGAGTATCACTTTGGCTAGAGGT	1
2114	2113	5	AGAGTATCACTTTGGCTAGAGGTG	1
2115	2114	5	GAGTATCACTTTGGCTAGAGGTGA	1
2116	2115	5	AGTATCACTTTGGCTAGAGGTGAC	1
2117	2116	5	GTATCACTTTGGCTAGAGGTGACG	1
2118	2117	5	TATCACTTTGGCTAGAGGTGACGT	1
2119	2118	5	ATCACTTTGGCTAGAGGTGACGTT	1
2120	2119	5	TCACTTTGGCTAGAGGTGACGTTC	1
2121	2120	5	CACTTTGGCTAGAGGTGACGTTCA	1
2122	2121	5	ACTTTGGCTAGAGGTGACGTTCAA	1
2123	2122	5	CTTTGGCTAGAGGTGACGTTCAAG	1
2124	2123	5	TTTGGCTAGAGGTGACGTTCAAGC	1
2125	2124	7	TTGGCTAGAGGTGACGTTCAAGCT	1
2126	2125	7	TGGCTAGAGGTGACGTTCAAGCTG	1
2127	2126	7	GGCTAGAGGTGACGTTCAAGCTGC	1
2128	2127	7	GCTAGAGGTGACGTTCAAGCTGCT	1
2129	2128	6	CTAGAGGTGACGTTCAAGCTGCTG	1
2130	2129	5	TAGAGGTGACGTTCAAGCTGCTGC	1
2131	2130	5	AGAGGTGACGTTCAAGCTGCTGCC	1
2132	2131	5	GAGGTGACGTTCAAGCTGCTGCCG	1
2133	2132	5	AGGTGACGTTCAAGCTGCTGCCGA	1
2134	2133	5	GGTGACGTTCAAGCTGCTGCCGAT	1
2135	2134	5	GTGACGTTCAAGCTGCTGCCGATT	1
2136	2135	5	TGACGTTCAAGCTGCTGCCGATTG	1
2137	2136	5	GACGTTCAAGCTGCTGCCGATTGT	1
2138	2137	5	ACGTTCAAGCTGCTGCCGATTGTT	1
2139	2138	5	CGTTCAAGCTGCTGCCGATTGTTT	1
2140	2139	5	GTTCAAGCTGCTGCCGATTGTTTC	1
2141	2140	5	TTCAAGCTGCTGCCGATTGTTTCC	1
2142	2141	4	TCAAGCTGCTGCCGATTGTTTCCG	1
2143	2142	4	CAAGCTGCTGCCGATTGTTTCCGT	1
2144	2143	4	AAGCTGCTGCCGATTGTTTCCGTT	1
2145	2144	4	AGCTGCTGCCGATTGTTTCCGTTA	1
2146	2145	4	GCTGCTGCCGATTGTTTCCGTTAT	1
2147	2146	4	CTGCTGCCGATTGTTTCCGTTATT	1
2148	2147	3	TGCTGCCGATTGTTTCCGTTATTA	1
2149	2148	3	GCTGCCGATTGTTTCCGTTATTAT	1
2150	2149	3	CTGCCGATTGTTTCCGTTATTATG	1
2151	2150	3	TGCCGATTGTTTCCGTTATTATGG	1
2152	2151	3	GCCGATTGTTTCCGTTATTATGGT	1
2153	2152	3	CCGATTGTTTCCGTTATTATGGTG	1
2154	2153	3	CGATTGTTTCCGTTATTATGGTGG	1
2155	2154	3	GATTGTTTCCGTTATTATGGTGGT	1
2156	2155	3	ATTGTTTCCGTTATTATGGTGGTT	1
2157	2156	2	TTGTTTCCGTTATTATGGTGGTTG	1
2158	2157	2	TGTTTCCGTTATTATGGTGGTTGG	1
2159	2158	2	GTTTCCGTTATTATGGTGGTTGGG	1
2160	2159	2	TTTCCGTTATTATGGTGGTTGGGC	1
2161	2160	2	TTCCGTTATTATGGTGGTTGGGCC	1
2162	2161	2	TCCGTTATTATGGTGGTTGGGCCG	1
2163	2162	2	CCGTTATTATGGTGGTTGGGCCGA	1
2164	2163	2	CGTTATTATGGTGGTTGGGCCGAT	1
2165	2164	2	GTTATTATGGTGGTTGGGCCGATA	1
2166	2165	2	TTATTATGGTGGTTGGGCCGATAA	1
2167	2166	2	TATTATGGTGGTTGGGCCGATAAG	1
2168	2167	2	ATTATGGTGGTTGGGCCGATAAGG	1
