Component 678
1	-1	0	CCCGTCTCGTACCTTCTGGCATTG	1
2	1	1	CCGTCTCGTACCTTCTGGCATTGC	1
3	2	1	CGTCTCGTACCTTCTGGCATTGCT	1
4	3	1	GTCTCGTACCTTCTGGCATTGCTT	1
5	4	1	TCTCGTACCTTCTGGCATTGCTTT	1
6	5	1	CTCGTACCTTCTGGCATTGCTTTT	1
7	6	1	TCGTACCTTCTGGCATTGCTTTTG	1
8	7	1	CGTACCTTCTGGCATTGCTTTTGT	1
9	8	1	GTACCTTCTGGCATTGCTTTTGTT	1
10	9	1	TACCTTCTGGCATTGCTTTTGTTA	1
11	10	2	ACCTTCTGGCATTGCTTTTGTTAC	1
12	11	2	CCTTCTGGCATTGCTTTTGTTACA	1
13	12	2	CTTCTGGCATTGCTTTTGTTACAT	1
14	13	2	TTCTGGCATTGCTTTTGTTACATT	1
15	14	2	TCTGGCATTGCTTTTGTTACATTC	1
16	15	2	CTGGCATTGCTTTTGTTACATTCA	1
17	16	2	TGGCATTGCTTTTGTTACATTCAA	1
18	17	2	GGCATTGCTTTTGTTACATTCAAC	1
19	18	2	GCATTGCTTTTGTTACATTCAACA	1
20	19	2	CATTGCTTTTGTTACATTCAACAA	1
21	20	2	ATTGCTTTTGTTACATTCAACAAT	1
22	21	2	TTGCTTTTGTTACATTCAACAATC	1
23	22	2	TGCTTTTGTTACATTCAACAATCA	1
24	23	2	GCTTTTGTTACATTCAACAATCAG	1
25	24	2	CTTTTGTTACATTCAACAATCAGG	1
26	25	2	TTTTGTTACATTCAACAATCAGGA	1
27	26	2	TTTGTTACATTCAACAATCAGGAG	1
28	27	2	TTGTTACATTCAACAATCAGGAGG	1
29	28	2	TGTTACATTCAACAATCAGGAGGA	1
30	29	2	GTTACATTCAACAATCAGGAGGAT	1
31	30	2	TTACATTCAACAATCAGGAGGATG	1
32	31	2	TACATTCAACAATCAGGAGGATGT	1
33	32	2	ACATTCAACAATCAGGAGGATGTT	1
34	33	2	CATTCAACAATCAGGAGGATGTTG	1
35	34	2	ATTCAACAATCAGGAGGATGTTGA	1
36	35	2	TTCAACAATCAGGAGGATGTTGAC	1
37	36	2	TCAACAATCAGGAGGATGTTGACA	1
38	37	2	CAACAATCAGGAGGATGTTGACAA	1
39	38	2	AACAATCAGGAGGATGTTGACAAA	1
40	39	2	ACAATCAGGAGGATGTTGACAAAG	1
41	40	2	CAATCAGGAGGATGTTGACAAAGC	1
42	41	2	AATCAGGAGGATGTTGACAAAGCT	1
43	42	2	ATCAGGAGGATGTTGACAAAGCTA	1
44	43	2	TCAGGAGGATGTTGACAAAGCTAT	1
45	44	2	CAGGAGGATGTTGACAAAGCTATA	1
46	45	1	AGGAGGATGTTGACAAAGCTATAG	1
47	46	1	GGAGGATGTTGACAAAGCTATAGA	1
48	47	1	GAGGATGTTGACAAAGCTATAGAG	1
49	48	1	AGGATGTTGACAAAGCTATAGAGA	1
50	49	3	GGATGTTGACAAAGCTATAGAGAC	1
51	50	3	GATGTTGACAAAGCTATAGAGACA	1
52	51	3	ATGTTGACAAAGCTATAGAGACAT	1
53	52	3	TGTTGACAAAGCTATAGAGACATT	1
54	53	3	GTTGACAAAGCTATAGAGACATTG	1
55	54	2	TTGACAAAGCTATAGAGACATTGA	1
56	55	2	TGACAAAGCTATAGAGACATTGAA	1
57	56	2	GACAAAGCTATAGAGACATTGAAT	1
58	57	2	ACAAAGCTATAGAGACATTGAATG	1
59	58	2	CAAAGCTATAGAGACATTGAATGG	1
60	59	2	AAAGCTATAGAGACATTGAATGGT	1
61	60	2	AAGCTATAGAGACATTGAATGGTA	1
62	61	2	AGCTATAGAGACATTGAATGGTAA	1
63	62	2	GCTATAGAGACATTGAATGGTAAA	1
64	63	2	CTATAGAGACATTGAATGGTAAAA	1
65	64	2	TATAGAGACATTGAATGGTAAAAC	1
66	65	2	ATAGAGACATTGAATGGTAAAACA	1
67	66	2	TAGAGACATTGAATGGTAAAACAT	1
68	67	2	AGAGACATTGAATGGTAAAACATT	1
69	68	2	GAGACATTGAATGGTAAAACATTG	1
70	69	2	AGACATTGAATGGTAAAACATTGG	1
71	70	2	GACATTGAATGGTAAAACATTGGA	1
72	71	2	ACATTGAATGGTAAAACATTGGAT	1
73	72	2	CATTGAATGGTAAAACATTGGATG	1
74	73	2	ATTGAATGGTAAAACATTGGATGA	1
75	74	2	TTGAATGGTAAAACATTGGATGAT	1
76	75	2	TGAATGGTAAAACATTGGATGATC	1
77	76	2	GAATGGTAAAACATTGGATGATCG	1
78	77	2	AATGGTAAAACATTGGATGATCGC	1
79	78	2	ATGGTAAAACATTGGATGATCGCG	1
80	79	2	TGGTAAAACATTGGATGATCGCGA	1
81	80	2	GGTAAAACATTGGATGATCGCGAG	1
82	81	2	GTAAAACATTGGATGATCGCGAGA	1
83	82	2	TAAAACATTGGATGATCGCGAGAT	1
84	83	3	AAAACATTGGATGATCGCGAGATT	1
85	84	3	AAACATTGGATGATCGCGAGATTG	1
86	85	3	AACATTGGATGATCGCGAGATTGT	1
87	86	3	ACATTGGATGATCGCGAGATTGTT	1
88	87	3	CATTGGATGATCGCGAGATTGTTG	1
89	88	3	ATTGGATGATCGCGAGATTGTTGT	1
90	89	3	TTGGATGATCGCGAGATTGTTGTT	1
91	90	3	TGGATGATCGCGAGATTGTTGTTC	1
92	91	3	GGATGATCGCGAGATTGTTGTTCA	1
93	92	3	GATGATCGCGAGATTGTTGTTCAA	1
94	93	1	ATGATCGCGAGATTGTTGTTCAAA	1
95	94	1	TGATCGCGAGATTGTTGTTCAAAA	1
96	95	1	GATCGCGAGATTGTTGTTCAAAAA	1
97	96	1	ATCGCGAGATTGTTGTTCAAAAAG	1
98	97	1	TCGCGAGATTGTTGTTCAAAAAGC	1
99	98	1	CGCGAGATTGTTGTTCAAAAAGCT	1
100	99	1	GCGAGATTGTTGTTCAAAAAGCTC	1
101	100	1	CGAGATTGTTGTTCAAAAAGCTCG	1
102	101	1	GAGATTGTTGTTCAAAAAGCTCGT	1
103	102	1	AGATTGTTGTTCAAAAAGCTCGTC	1
104	103	1	GATTGTTGTTCAAAAAGCTCGTCC	1
105	104	1	ATTGTTGTTCAAAAAGCTCGTCCT	1
106	-1	0	AGAAAAATCAGGCGTTACTGCTAG	1
107	106	1	GAAAAATCAGGCGTTACTGCTAGT	1
108	107	1	AAAAATCAGGCGTTACTGCTAGTG	1
109	108	1	AAAATCAGGCGTTACTGCTAGTGC	1
110	109	2	AAATCAGGCGTTACTGCTAGTGCT	1
111	110	2	AATCAGGCGTTACTGCTAGTGCTA	1
112	111	2	ATCAGGCGTTACTGCTAGTGCTAT	1
113	112	2	TCAGGCGTTACTGCTAGTGCTATA	1
114	113	2	CAGGCGTTACTGCTAGTGCTATAA	1
115	114	2	AGGCGTTACTGCTAGTGCTATAAC	1
116	115	2	GGCGTTACTGCTAGTGCTATAACT	1
117	116	2	GCGTTACTGCTAGTGCTATAACTG	1
118	117	2	CGTTACTGCTAGTGCTATAACTGC	1
119	118	2	GTTACTGCTAGTGCTATAACTGCC	1
120	119	2	TTACTGCTAGTGCTATAACTGCCT	1
121	120	2	TACTGCTAGTGCTATAACTGCCTA	1
122	121	2	ACTGCTAGTGCTATAACTGCCTAA	1
123	122	2	CTGCTAGTGCTATAACTGCCTAAA	1
124	123	2	TGCTAGTGCTATAACTGCCTAAAA	1
125	124	2	GCTAGTGCTATAACTGCCTAAAAG	1
126	125	2	CTAGTGCTATAACTGCCTAAAAGT	1
127	126	2	TAGTGCTATAACTGCCTAAAAGTT	1
128	127	3	AGTGCTATAACTGCCTAAAAGTTA	1
129	128	3	GTGCTATAACTGCCTAAAAGTTAA	1
130	129	3	TGCTATAACTGCCTAAAAGTTAAA	1
131	130	3	GCTATAACTGCCTAAAAGTTAAAA	1
132	131	3	CTATAACTGCCTAAAAGTTAAAAT	1
133	132	3	TATAACTGCCTAAAAGTTAAAATA	1
134	133	3	ATAACTGCCTAAAAGTTAAAATAT	1
135	134	3	TAACTGCCTAAAAGTTAAAATATG	1
136	135	3	AACTGCCTAAAAGTTAAAATATGA	1
137	136	3	ACTGCCTAAAAGTTAAAATATGAT	1
138	137	3	CTGCCTAAAAGTTAAAATATGATT	1
139	138	3	TGCCTAAAAGTTAAAATATGATTT	1
140	139	3	GCCTAAAAGTTAAAATATGATTTG	1
141	140	3	CCTAAAAGTTAAAATATGATTTGT	1
142	141	3	CTAAAAGTTAAAATATGATTTGTG	1
143	142	3	TAAAAGTTAAAATATGATTTGTGA	1
144	143	3	AAAAGTTAAAATATGATTTGTGAT	1
145	144	3	AAAGTTAAAATATGATTTGTGATT	1
146	145	3	AAGTTAAAATATGATTTGTGATTA	1
147	146	3	AGTTAAAATATGATTTGTGATTAT	1
148	147	3	GTTAAAATATGATTTGTGATTATT	1
149	148	3	TTAAAATATGATTTGTGATTATTC	1
150	149	3	TAAAATATGATTTGTGATTATTCC	1
151	150	2	AAAATATGATTTGTGATTATTCCT	1
152	151	2	AAATATGATTTGTGATTATTCCTG	1
153	152	2	AATATGATTTGTGATTATTCCTGG	1
154	153	1	ATATGATTTGTGATTATTCCTGGC	1
155	154	1	TATGATTTGTGATTATTCCTGGCT	1
156	155	1	ATGATTTGTGATTATTCCTGGCTC	1
157	156	1	TGATTTGTGATTATTCCTGGCTCT	1
158	157	1	GATTTGTGATTATTCCTGGCTCTT	1
159	158	1	ATTTGTGATTATTCCTGGCTCTTC	1
160	159	1	TTTGTGATTATTCCTGGCTCTTCG	1
161	160	1	TTGTGATTATTCCTGGCTCTTCGT	1
162	161	1	TGTGATTATTCCTGGCTCTTCGTT	1
163	162	1	GTGATTATTCCTGGCTCTTCGTTC	1
164	163	1	TGATTATTCCTGGCTCTTCGTTCC	1
165	164	1	GATTATTCCTGGCTCTTCGTTCCT	1
166	165	1	ATTATTCCTGGCTCTTCGTTCCTT	1
167	166	1	TTATTCCTGGCTCTTCGTTCCTTT	1
168	167	1	TATTCCTGGCTCTTCGTTCCTTTT	1
169	168	1	ATTCCTGGCTCTTCGTTCCTTTTA	1
170	169	1	TTCCTGGCTCTTCGTTCCTTTTAT	1
171	170	1	TCCTGGCTCTTCGTTCCTTTTATA	1
172	-1	0	GAGGAAATGAATGGAAAGCAAGTA	1
173	172	1	AGGAAATGAATGGAAAGCAAGTAG	1
174	173	1	GGAAATGAATGGAAAGCAAGTAGG	1
175	174	1	GAAATGAATGGAAAGCAAGTAGGT	1
176	175	1	AAATGAATGGAAAGCAAGTAGGTG	1
177	176	1	AATGAATGGAAAGCAAGTAGGTGA	1
178	177	1	ATGAATGGAAAGCAAGTAGGTGAC	1
179	178	1	TGAATGGAAAGCAAGTAGGTGACC	1
180	179	1	GAATGGAAAGCAAGTAGGTGACCT	1
181	180	1	AATGGAAAGCAAGTAGGTGACCTT	1
182	181	1	ATGGAAAGCAAGTAGGTGACCTTA	1
183	182	1	TGGAAAGCAAGTAGGTGACCTTAC	1
184	183	1	GGAAAGCAAGTAGGTGACCTTACT	1
185	184	1	GAAAGCAAGTAGGTGACCTTACTT	1
186	185	1	AAAGCAAGTAGGTGACCTTACTTT	1
187	186	1	AAGCAAGTAGGTGACCTTACTTTG	1
188	187	1	AGCAAGTAGGTGACCTTACTTTGG	1
189	188	1	GCAAGTAGGTGACCTTACTTTGGT	1
190	189	1	CAAGTAGGTGACCTTACTTTGGTT	1
191	190	1	AAGTAGGTGACCTTACTTTGGTTG	1
192	191	1	AGTAGGTGACCTTACTTTGGTTGT	1
193	192	1	GTAGGTGACCTTACTTTGGTTGTT	1
194	193	1	TAGGTGACCTTACTTTGGTTGTTA	1
195	194	1	AGGTGACCTTACTTTGGTTGTTAA	1
196	195	2	GGTGACCTTACTTTGGTTGTTAAA	1
197	196	2	GTGACCTTACTTTGGTTGTTAAAA	1
198	197	2	TGACCTTACTTTGGTTGTTAAAAG	1
199	198	2	GACCTTACTTTGGTTGTTAAAAGT	1
200	199	2	ACCTTACTTTGGTTGTTAAAAGTG	1
201	200	3	CCTTACTTTGGTTGTTAAAAGTGC	1
202	201	3	CTTACTTTGGTTGTTAAAAGTGCT	1
203	202	3	TTACTTTGGTTGTTAAAAGTGCTG	1
204	203	4	TACTTTGGTTGTTAAAAGTGCTGT	1
205	204	4	ACTTTGGTTGTTAAAAGTGCTGTC	1
206	205	4	CTTTGGTTGTTAAAAGTGCTGTCT	1
207	206	4	TTTGGTTGTTAAAAGTGCTGTCTT	1
208	207	4	TTGGTTGTTAAAAGTGCTGTCTTC	1
209	208	4	TGGTTGTTAAAAGTGCTGTCTTCC	1
210	209	6	GGTTGTTAAAAGTGCTGTCTTCCG	1
211	210	8	GTTGTTAAAAGTGCTGTCTTCCGT	1
212	211	8	TTGTTAAAAGTGCTGTCTTCCGTG	1
213	212	8	TGTTAAAAGTGCTGTCTTCCGTGA	1
214	213	9	GTTAAAAGTGCTGTCTTCCGTGAA	1
215	214	9	TTAAAAGTGCTGTCTTCCGTGAAG	1
216	215	9	TAAAAGTGCTGTCTTCCGTGAAGA	1
217	216	8	AAAAGTGCTGTCTTCCGTGAAGAT	1
218	217	8	AAAGTGCTGTCTTCCGTGAAGATA	1
219	218	8	AAGTGCTGTCTTCCGTGAAGATAA	1
220	219	8	AGTGCTGTCTTCCGTGAAGATAAG	1
221	220	8	GTGCTGTCTTCCGTGAAGATAAGC	1
222	221	8	TGCTGTCTTCCGTGAAGATAAGCA	1
223	222	8	GCTGTCTTCCGTGAAGATAAGCAA	1
224	223	8	CTGTCTTCCGTGAAGATAAGCAAA	1
225	224	8	TGTCTTCCGTGAAGATAAGCAAAA	1
226	225	8	GTCTTCCGTGAAGATAAGCAAAAT	1
227	226	7	TCTTCCGTGAAGATAAGCAAAATG	1
228	227	7	CTTCCGTGAAGATAAGCAAAATGA	1
229	228	7	TTCCGTGAAGATAAGCAAAATGAT	1
230	229	6	TCCGTGAAGATAAGCAAAATGATG	1
231	230	6	CCGTGAAGATAAGCAAAATGATGA	1
232	231	6	CGTGAAGATAAGCAAAATGATGAA	1
233	232	7	GTGAAGATAAGCAAAATGATGAAA	1
234	233	7	TGAAGATAAGCAAAATGATGAAAA	1
235	234	6	GAAGATAAGCAAAATGATGAAAAT	1
236	235	6	AAGATAAGCAAAATGATGAAAATG	1
237	236	6	AGATAAGCAAAATGATGAAAATGA	1
238	237	6	GATAAGCAAAATGATGAAAATGAA	1
239	238	6	ATAAGCAAAATGATGAAAATGAAA	1
240	239	5	TAAGCAAAATGATGAAAATGAAAA	1
241	240	5	AAGCAAAATGATGAAAATGAAAAA	1
242	241	5	AGCAAAATGATGAAAATGAAAAAA	1
243	242	5	GCAAAATGATGAAAATGAAAAAAA	1
244	243	5	CAAAATGATGAAAATGAAAAAAAT	1
245	244	5	AAAATGATGAAAATGAAAAAAATG	1
246	245	6	AAATGATGAAAATGAAAAAAATGA	1
247	246	6	AATGATGAAAATGAAAAAAATGAA	1
248	247	6	ATGATGAAAATGAAAAAAATGAAA	1
249	248	6	TGATGAAAATGAAAAAAATGAAAA	1
250	249	6	GATGAAAATGAAAAAAATGAAAAC	1
251	250	6	ATGAAAATGAAAAAAATGAAAACG	1
252	251	6	TGAAAATGAAAAAAATGAAAACGA	1
253	252	5	GAAAATGAAAAAAATGAAAACGAA	1
254	253	3	AAAATGAAAAAAATGAAAACGAAC	1
255	254	2	AAATGAAAAAAATGAAAACGAACC	1
256	255	2	AATGAAAAAAATGAAAACGAACCT	1
257	256	2	ATGAAAAAAATGAAAACGAACCTA	1
258	257	2	TGAAAAAAATGAAAACGAACCTAT	1
259	258	2	GAAAAAAATGAAAACGAACCTATT	1
260	259	2	AAAAAAATGAAAACGAACCTATTG	1
261	260	3	AAAAAATGAAAACGAACCTATTGA	1
262	261	3	AAAAATGAAAACGAACCTATTGAG	1
263	262	3	AAAATGAAAACGAACCTATTGAGG	1
264	263	3	AAATGAAAACGAACCTATTGAGGC	1
265	264	3	AATGAAAACGAACCTATTGAGGCT	1
266	265	3	ATGAAAACGAACCTATTGAGGCTT	1
267	266	3	TGAAAACGAACCTATTGAGGCTTC	1
268	267	3	GAAAACGAACCTATTGAGGCTTCA	1
269	268	3	AAAACGAACCTATTGAGGCTTCAG	1
270	269	3	AAACGAACCTATTGAGGCTTCAGA	1
271	270	3	AACGAACCTATTGAGGCTTCAGAA	1
272	271	3	ACGAACCTATTGAGGCTTCAGAAT	1
273	272	3	CGAACCTATTGAGGCTTCAGAATC	1
274	273	3	GAACCTATTGAGGCTTCAGAATCT	1
275	274	3	AACCTATTGAGGCTTCAGAATCTG	1
276	275	3	ACCTATTGAGGCTTCAGAATCTGC	1
277	276	2	CCTATTGAGGCTTCAGAATCTGCT	1
278	277	1	CTATTGAGGCTTCAGAATCTGCTC	1
279	278	1	TATTGAGGCTTCAGAATCTGCTCC	1
280	279	1	ATTGAGGCTTCAGAATCTGCTCCC	1
281	280	1	TTGAGGCTTCAGAATCTGCTCCCA	1
282	281	1	TGAGGCTTCAGAATCTGCTCCCAC	1
283	282	1	GAGGCTTCAGAATCTGCTCCCACT	1
284	283	1	AGGCTTCAGAATCTGCTCCCACTA	1
285	284	1	GGCTTCAGAATCTGCTCCCACTAA	1
286	285	1	GCTTCAGAATCTGCTCCCACTAAC	1
287	286	1	CTTCAGAATCTGCTCCCACTAACG	1
288	287	1	TTCAGAATCTGCTCCCACTAACGT	1
289	288	1	TCAGAATCTGCTCCCACTAACGTG	1
290	289	1	CAGAATCTGCTCCCACTAACGTGT	1
291	290	1	AGAATCTGCTCCCACTAACGTGTC	1
292	291	2	GAATCTGCTCCCACTAACGTGTCT	1
293	292	2	AATCTGCTCCCACTAACGTGTCTG	1
294	293	2	ATCTGCTCCCACTAACGTGTCTGA	1
295	294	2	TCTGCTCCCACTAACGTGTCTGAT	1
296	295	2	CTGCTCCCACTAACGTGTCTGATT	1
297	296	2	TGCTCCCACTAACGTGTCTGATTC	1
298	297	2	GCTCCCACTAACGTGTCTGATTCT	1
299	298	2	CTCCCACTAACGTGTCTGATTCTA	1
300	299	2	TCCCACTAACGTGTCTGATTCTAC	1
301	300	2	CCCACTAACGTGTCTGATTCTACT	1
302	301	2	CCACTAACGTGTCTGATTCTACTG	1
303	302	2	CACTAACGTGTCTGATTCTACTGA	1
304	303	2	ACTAACGTGTCTGATTCTACTGAG	1
305	304	2	CTAACGTGTCTGATTCTACTGAGC	1
306	305	2	TAACGTGTCTGATTCTACTGAGCC	1
307	306	2	AACGTGTCTGATTCTACTGAGCCC	1
308	307	2	ACGTGTCTGATTCTACTGAGCCCA	1
309	308	2	CGTGTCTGATTCTACTGAGCCCAA	1
310	309	2	GTGTCTGATTCTACTGAGCCCAAA	1
311	310	2	TGTCTGATTCTACTGAGCCCAAAG	1
312	311	2	GTCTGATTCTACTGAGCCCAAAGC	1
313	312	2	TCTGATTCTACTGAGCCCAAAGCA	1
314	313	2	CTGATTCTACTGAGCCCAAAGCAT	1
315	314	2	TGATTCTACTGAGCCCAAAGCATC	1
316	315	2	GATTCTACTGAGCCCAAAGCATCT	1
317	316	2	ATTCTACTGAGCCCAAAGCATCTG	1
318	317	2	TTCTACTGAGCCCAAAGCATCTGA	1
319	318	2	TCTACTGAGCCCAAAGCATCTGAG	1
320	319	2	CTACTGAGCCCAAAGCATCTGAGG	1
321	320	2	TACTGAGCCCAAAGCATCTGAGGT	1
322	321	2	ACTGAGCCCAAAGCATCTGAGGTT	1
323	322	2	CTGAGCCCAAAGCATCTGAGGTTG	1
324	323	2	TGAGCCCAAAGCATCTGAGGTTGA	1
325	324	2	GAGCCCAAAGCATCTGAGGTTGAC	1
326	325	2	AGCCCAAAGCATCTGAGGTTGACT	1
327	326	2	GCCCAAAGCATCTGAGGTTGACTC	1
328	327	2	CCCAAAGCATCTGAGGTTGACTCA	1
329	328	2	CCAAAGCATCTGAGGTTGACTCAG	1
330	329	2	CAAAGCATCTGAGGTTGACTCAGA	1
331	330	2	AAAGCATCTGAGGTTGACTCAGAA	1
332	331	2	AAGCATCTGAGGTTGACTCAGAAG	1
333	332	2	AGCATCTGAGGTTGACTCAGAAGA	1
334	333	1	GCATCTGAGGTTGACTCAGAAGAA	1
335	334	1	CATCTGAGGTTGACTCAGAAGAAA	1
336	-1	0	TCTTCGTTCCTTTTATAATGAGCC	1
337	336	1	CTTCGTTCCTTTTATAATGAGCCT	1
338	337	1	TTCGTTCCTTTTATAATGAGCCTC	1
339	338	1	TCGTTCCTTTTATAATGAGCCTCG	1
340	339	1	CGTTCCTTTTATAATGAGCCTCGC	1
341	340	1	GTTCCTTTTATAATGAGCCTCGCC	1
342	341	1	TTCCTTTTATAATGAGCCTCGCCA	1
343	342	1	TCCTTTTATAATGAGCCTCGCCAT	1
344	343	1	CCTTTTATAATGAGCCTCGCCATT	1
345	344	1	CTTTTATAATGAGCCTCGCCATTA	1
346	345	1	TTTTATAATGAGCCTCGCCATTAT	1
347	346	1	TTTATAATGAGCCTCGCCATTATA	1
348	347	2	TTATAATGAGCCTCGCCATTATAC	1
349	348	2	TATAATGAGCCTCGCCATTATACT	1
350	349	2	ATAATGAGCCTCGCCATTATACTT	1
351	350	3	TAATGAGCCTCGCCATTATACTTA	1
352	351	3	AATGAGCCTCGCCATTATACTTAT	1
353	352	4	ATGAGCCTCGCCATTATACTTATA	1
354	353	4	TGAGCCTCGCCATTATACTTATAT	1
355	354	4	GAGCCTCGCCATTATACTTATATA	1
356	355	4	AGCCTCGCCATTATACTTATATAT	1
357	356	4	GCCTCGCCATTATACTTATATATG	1
358	357	4	CCTCGCCATTATACTTATATATGT	1
359	358	4	CTCGCCATTATACTTATATATGTC	1
360	359	4	TCGCCATTATACTTATATATGTCC	1
361	360	4	CGCCATTATACTTATATATGTCCC	1
362	361	4	GCCATTATACTTATATATGTCCCG	1
363	362	4	CCATTATACTTATATATGTCCCGA	1
364	363	4	CATTATACTTATATATGTCCCGAA	1
365	364	4	ATTATACTTATATATGTCCCGAAT	1
366	365	4	TTATACTTATATATGTCCCGAATA	1
367	366	4	TATACTTATATATGTCCCGAATAC	1
368	367	4	ATACTTATATATGTCCCGAATACC	1
369	368	4	TACTTATATATGTCCCGAATACCC	1
370	369	4	ACTTATATATGTCCCGAATACCCT	1
371	370	4	CTTATATATGTCCCGAATACCCTC	1
372	371	4	TTATATATGTCCCGAATACCCTCA	1
373	372	4	TATATATGTCCCGAATACCCTCAT	1
374	373	4	ATATATGTCCCGAATACCCTCATG	1
375	374	4	TATATGTCCCGAATACCCTCATGT	1
376	375	4	ATATGTCCCGAATACCCTCATGTT	1
377	376	4	TATGTCCCGAATACCCTCATGTTT	1
378	377	5	ATGTCCCGAATACCCTCATGTTTC	1
379	378	5	TGTCCCGAATACCCTCATGTTTCC	1
380	379	5	GTCCCGAATACCCTCATGTTTCCG	1
381	380	4	TCCCGAATACCCTCATGTTTCCGC	1
382	381	4	CCCGAATACCCTCATGTTTCCGCA	1
383	382	4	CCGAATACCCTCATGTTTCCGCAC	1
384	383	5	CGAATACCCTCATGTTTCCGCACG	1
385	384	5	GAATACCCTCATGTTTCCGCACGT	1
386	385	5	AATACCCTCATGTTTCCGCACGTC	1
387	386	5	ATACCCTCATGTTTCCGCACGTCA	1
388	387	5	TACCCTCATGTTTCCGCACGTCAC	1
389	388	5	ACCCTCATGTTTCCGCACGTCACG	1
390	389	5	CCCTCATGTTTCCGCACGTCACGT	1
391	390	5	CCTCATGTTTCCGCACGTCACGTT	1
392	391	4	CTCATGTTTCCGCACGTCACGTTC	1
393	392	4	TCATGTTTCCGCACGTCACGTTCT	1
394	393	4	CATGTTTCCGCACGTCACGTTCTC	1
395	394	3	ATGTTTCCGCACGTCACGTTCTCT	1
396	395	3	TGTTTCCGCACGTCACGTTCTCTC	1
397	396	2	GTTTCCGCACGTCACGTTCTCTCC	1
398	397	2	TTTCCGCACGTCACGTTCTCTCCC	1
399	398	2	TTCCGCACGTCACGTTCTCTCCCT	1
400	399	2	TCCGCACGTCACGTTCTCTCCCTT	1
401	400	2	CCGCACGTCACGTTCTCTCCCTTA	1
402	401	2	CGCACGTCACGTTCTCTCCCTTAG	1
403	402	2	GCACGTCACGTTCTCTCCCTTAGC	1
404	403	2	CACGTCACGTTCTCTCCCTTAGCA	1
405	404	2	ACGTCACGTTCTCTCCCTTAGCAT	1
406	405	2	CGTCACGTTCTCTCCCTTAGCATG	1
407	406	2	GTCACGTTCTCTCCCTTAGCATGG	1
408	407	3	TCACGTTCTCTCCCTTAGCATGGA	1
409	408	3	CACGTTCTCTCCCTTAGCATGGAA	1
410	409	3	ACGTTCTCTCCCTTAGCATGGAAC	1
411	410	3	CGTTCTCTCCCTTAGCATGGAACC	1
412	411	3	GTTCTCTCCCTTAGCATGGAACCC	1
413	412	3	TTCTCTCCCTTAGCATGGAACCCA	1
414	413	3	TCTCTCCCTTAGCATGGAACCCAT	1
415	414	3	CTCTCCCTTAGCATGGAACCCATG	1
416	415	3	TCTCCCTTAGCATGGAACCCATGC	1
417	416	3	CTCCCTTAGCATGGAACCCATGCA	1
418	417	3	TCCCTTAGCATGGAACCCATGCAT	1
419	418	3	CCCTTAGCATGGAACCCATGCATG	1
420	419	3	CCTTAGCATGGAACCCATGCATGT	1
421	420	3	CTTAGCATGGAACCCATGCATGTT	1
422	421	2	TTAGCATGGAACCCATGCATGTTC	1
423	422	2	TAGCATGGAACCCATGCATGTTCC	1
424	423	2	AGCATGGAACCCATGCATGTTCCT	1
425	424	2	GCATGGAACCCATGCATGTTCCTG	1
426	425	2	CATGGAACCCATGCATGTTCCTGG	1
427	426	2	ATGGAACCCATGCATGTTCCTGGT	1
428	427	1	TGGAACCCATGCATGTTCCTGGTA	1
429	428	1	GGAACCCATGCATGTTCCTGGTAA	1
430	429	1	GAACCCATGCATGTTCCTGGTAAA	1
431	430	1	AACCCATGCATGTTCCTGGTAAAA	1
432	431	1	ACCCATGCATGTTCCTGGTAAAAA	1
433	432	1	CCCATGCATGTTCCTGGTAAAAAG	1
434	433	1	CCATGCATGTTCCTGGTAAAAAGT	1
435	434	1	CATGCATGTTCCTGGTAAAAAGTT	1
436	435	1	ATGCATGTTCCTGGTAAAAAGTTG	1
437	436	1	TGCATGTTCCTGGTAAAAAGTTGC	1
438	437	1	GCATGTTCCTGGTAAAAAGTTGCA	1
439	438	1	CATGTTCCTGGTAAAAAGTTGCAG	1
440	439	1	ATGTTCCTGGTAAAAAGTTGCAGC	1
441	440	1	TGTTCCTGGTAAAAAGTTGCAGCT	1
442	441	1	GTTCCTGGTAAAAAGTTGCAGCTT	1
443	442	1	TTCCTGGTAAAAAGTTGCAGCTTT	1
444	443	1	TCCTGGTAAAAAGTTGCAGCTTTG	1
445	444	1	CCTGGTAAAAAGTTGCAGCTTTGT	1
446	445	1	CTGGTAAAAAGTTGCAGCTTTGTA	1
447	446	1	TGGTAAAAAGTTGCAGCTTTGTAG	1
448	447	1	GGTAAAAAGTTGCAGCTTTGTAGA	1
449	448	1	GTAAAAAGTTGCAGCTTTGTAGAC	1
450	449	1	TAAAAAGTTGCAGCTTTGTAGACT	1
451	450	1	AAAAAGTTGCAGCTTTGTAGACTA	1
452	-1	0	GCAAATGGTGTCGATAAGAAACAA	1
453	452	1	CAAATGGTGTCGATAAGAAACAAA	1
454	453	1	AAATGGTGTCGATAAGAAACAAAA	1
455	454	1	AATGGTGTCGATAAGAAACAAAAT	1
456	455	1	ATGGTGTCGATAAGAAACAAAATG	1
457	456	1	TGGTGTCGATAAGAAACAAAATGA	1
458	457	1	GGTGTCGATAAGAAACAAAATGAG	1
459	458	2	GTGTCGATAAGAAACAAAATGAGA	1
460	459	2	TGTCGATAAGAAACAAAATGAGAT	1
461	460	2	GTCGATAAGAAACAAAATGAGATC	1
462	461	2	TCGATAAGAAACAAAATGAGATCA	1
463	462	2	CGATAAGAAACAAAATGAGATCAA	1
464	463	2	GATAAGAAACAAAATGAGATCAAA	1
465	464	2	ATAAGAAACAAAATGAGATCAAAG	1
466	465	2	TAAGAAACAAAATGAGATCAAAGG	1
467	466	2	AAGAAACAAAATGAGATCAAAGGA	1
468	467	2	AGAAACAAAATGAGATCAAAGGAA	1
469	468	2	GAAACAAAATGAGATCAAAGGAAA	1
470	469	2	AAACAAAATGAGATCAAAGGAAAG	1
471	470	2	AACAAAATGAGATCAAAGGAAAGG	1
472	471	2	ACAAAATGAGATCAAAGGAAAGGG	1
473	472	3	CAAAATGAGATCAAAGGAAAGGGT	1
474	473	3	AAAATGAGATCAAAGGAAAGGGTG	1
475	474	3	AAATGAGATCAAAGGAAAGGGTGG	1
476	475	3	AATGAGATCAAAGGAAAGGGTGGG	1
477	476	3	ATGAGATCAAAGGAAAGGGTGGGT	1
478	477	4	TGAGATCAAAGGAAAGGGTGGGTC	1
479	478	6	GAGATCAAAGGAAAGGGTGGGTCT	1
480	479	6	AGATCAAAGGAAAGGGTGGGTCTG	1
481	480	6	GATCAAAGGAAAGGGTGGGTCTGG	1
482	481	6	ATCAAAGGAAAGGGTGGGTCTGGT	1
483	482	6	TCAAAGGAAAGGGTGGGTCTGGTA	1
484	483	6	CAAAGGAAAGGGTGGGTCTGGTAA	1
485	484	6	AAAGGAAAGGGTGGGTCTGGTAAA	1
486	485	6	AAGGAAAGGGTGGGTCTGGTAAAA	1
487	486	6	AGGAAAGGGTGGGTCTGGTAAAAA	1
488	487	6	GGAAAGGGTGGGTCTGGTAAAAAC	1
489	488	6	GAAAGGGTGGGTCTGGTAAAAACA	1
490	489	8	AAAGGGTGGGTCTGGTAAAAACAA	1
491	490	8	AAGGGTGGGTCTGGTAAAAACAAG	1
492	491	8	AGGGTGGGTCTGGTAAAAACAAGG	1
493	492	8	GGGTGGGTCTGGTAAAAACAAGGC	1
494	493	8	GGTGGGTCTGGTAAAAACAAGGCT	1
495	494	8	GTGGGTCTGGTAAAAACAAGGCTA	1
496	495	8	TGGGTCTGGTAAAAACAAGGCTAA	1
497	496	7	GGGTCTGGTAAAAACAAGGCTAAG	1
498	497	7	GGTCTGGTAAAAACAAGGCTAAGC	1
499	498	7	GTCTGGTAAAAACAAGGCTAAGCC	1
500	499	8	TCTGGTAAAAACAAGGCTAAGCCT	1
501	500	8	CTGGTAAAAACAAGGCTAAGCCTT	1
502	501	8	TGGTAAAAACAAGGCTAAGCCTTT	1
503	502	7	GGTAAAAACAAGGCTAAGCCTTTG	1
504	503	7	GTAAAAACAAGGCTAAGCCTTTGC	1
505	504	7	TAAAAACAAGGCTAAGCCTTTGCC	1
506	505	7	AAAAACAAGGCTAAGCCTTTGCCT	1
507	506	7	AAAACAAGGCTAAGCCTTTGCCTC	1
508	507	7	AAACAAGGCTAAGCCTTTGCCTCC	1
509	508	7	AACAAGGCTAAGCCTTTGCCTCCC	1
510	509	7	ACAAGGCTAAGCCTTTGCCTCCCA	1
511	510	7	CAAGGCTAAGCCTTTGCCTCCCAA	1
512	511	7	AAGGCTAAGCCTTTGCCTCCCAAC	1
513	512	7	AGGCTAAGCCTTTGCCTCCCAACT	1
514	513	7	GGCTAAGCCTTTGCCTCCCAACTC	1
515	514	7	GCTAAGCCTTTGCCTCCCAACTCT	1
516	515	7	CTAAGCCTTTGCCTCCCAACTCTA	1
517	516	6	TAAGCCTTTGCCTCCCAACTCTAT	1
518	517	6	AAGCCTTTGCCTCCCAACTCTATT	1
519	518	6	AGCCTTTGCCTCCCAACTCTATTT	1
520	519	6	GCCTTTGCCTCCCAACTCTATTTA	1
521	520	6	CCTTTGCCTCCCAACTCTATTTAT	1
522	521	5	CTTTGCCTCCCAACTCTATTTATG	1
523	522	3	TTTGCCTCCCAACTCTATTTATGT	1
524	523	3	TTGCCTCCCAACTCTATTTATGTT	1
525	524	3	TGCCTCCCAACTCTATTTATGTTT	1
526	525	3	GCCTCCCAACTCTATTTATGTTTC	1
527	526	3	CCTCCCAACTCTATTTATGTTTCA	1
528	527	3	CTCCCAACTCTATTTATGTTTCAG	1
529	528	3	TCCCAACTCTATTTATGTTTCAGG	1
530	529	3	CCCAACTCTATTTATGTTTCAGGC	1
531	530	4	CCAACTCTATTTATGTTTCAGGCC	1
532	531	4	CAACTCTATTTATGTTTCAGGCCT	1
533	532	4	AACTCTATTTATGTTTCAGGCCTC	1
534	533	2	ACTCTATTTATGTTTCAGGCCTCT	1
535	534	2	CTCTATTTATGTTTCAGGCCTCTC	1
536	535	2	TCTATTTATGTTTCAGGCCTCTCC	1
537	536	2	CTATTTATGTTTCAGGCCTCTCCG	1
538	537	2	TATTTATGTTTCAGGCCTCTCCGT	1
539	538	2	ATTTATGTTTCAGGCCTCTCCGTT	1
540	539	2	TTTATGTTTCAGGCCTCTCCGTTA	1
541	540	2	TTATGTTTCAGGCCTCTCCGTTAC	1
542	541	2	TATGTTTCAGGCCTCTCCGTTACT	1
543	542	2	ATGTTTCAGGCCTCTCCGTTACTT	1
544	543	1	TGTTTCAGGCCTCTCCGTTACTTT	1
545	544	1	GTTTCAGGCCTCTCCGTTACTTTA	1
546	545	1	TTTCAGGCCTCTCCGTTACTTTAA	1
547	546	1	TTCAGGCCTCTCCGTTACTTTAAC	1
548	547	1	TCAGGCCTCTCCGTTACTTTAACA	1
549	548	1	CAGGCCTCTCCGTTACTTTAACAA	1
550	549	1	AGGCCTCTCCGTTACTTTAACAAA	1
551	550	1	GGCCTCTCCGTTACTTTAACAAAT	1
552	551	2	GCCTCTCCGTTACTTTAACAAATG	1
553	552	2	CCTCTCCGTTACTTTAACAAATGA	1
554	553	2	CTCTCCGTTACTTTAACAAATGAA	1
555	554	2	TCTCCGTTACTTTAACAAATGAAG	1
556	555	2	CTCCGTTACTTTAACAAATGAAGG	1
557	556	2	TCCGTTACTTTAACAAATGAAGGC	1
558	557	2	CCGTTACTTTAACAAATGAAGGCC	1
559	558	2	CGTTACTTTAACAAATGAAGGCCT	1
560	559	3	GTTACTTTAACAAATGAAGGCCTT	1
561	560	4	TTACTTTAACAAATGAAGGCCTTA	1
562	561	4	TACTTTAACAAATGAAGGCCTTAA	1
563	562	4	ACTTTAACAAATGAAGGCCTTAAA	1
564	563	4	CTTTAACAAATGAAGGCCTTAAAG	1
565	564	4	TTTAACAAATGAAGGCCTTAAAGA	1
566	565	4	TTAACAAATGAAGGCCTTAAAGAA	1
567	566	4	TAACAAATGAAGGCCTTAAAGAAA	1
568	567	5	AACAAATGAAGGCCTTAAAGAAAT	1
569	568	5	ACAAATGAAGGCCTTAAAGAAATG	1
570	569	5	CAAATGAAGGCCTTAAAGAAATGT	1
571	570	5	AAATGAAGGCCTTAAAGAAATGTT	1
572	571	6	AATGAAGGCCTTAAAGAAATGTTC	1
573	572	6	ATGAAGGCCTTAAAGAAATGTTCG	1
574	573	6	TGAAGGCCTTAAAGAAATGTTCGA	1
575	574	5	GAAGGCCTTAAAGAAATGTTCGAT	1
576	575	5	AAGGCCTTAAAGAAATGTTCGATG	1
577	576	5	AGGCCTTAAAGAAATGTTCGATGC	1
578	577	5	GGCCTTAAAGAAATGTTCGATGCT	1
579	578	5	GCCTTAAAGAAATGTTCGATGCTT	1
580	579	5	CCTTAAAGAAATGTTCGATGCTTA	1
581	580	5	CTTAAAGAAATGTTCGATGCTTAC	1
582	581	5	TTAAAGAAATGTTCGATGCTTACA	1
583	582	5	TAAAGAAATGTTCGATGCTTACAA	1
584	583	5	AAAGAAATGTTCGATGCTTACAAT	1
585	584	5	AAGAAATGTTCGATGCTTACAATC	1
586	585	6	AGAAATGTTCGATGCTTACAATCC	1
587	586	6	GAAATGTTCGATGCTTACAATCCT	1
588	587	6	AAATGTTCGATGCTTACAATCCTA	1
589	588	6	AATGTTCGATGCTTACAATCCTAC	1
590	589	6	ATGTTCGATGCTTACAATCCTACT	1
591	590	6	TGTTCGATGCTTACAATCCTACTC	1
592	591	6	GTTCGATGCTTACAATCCTACTCG	1
593	592	6	TTCGATGCTTACAATCCTACTCGT	1
594	593	7	TCGATGCTTACAATCCTACTCGTG	1
595	594	7	CGATGCTTACAATCCTACTCGTGC	1
596	595	6	GATGCTTACAATCCTACTCGTGCT	1
597	596	6	ATGCTTACAATCCTACTCGTGCTC	1
598	597	6	TGCTTACAATCCTACTCGTGCTCG	1
599	598	6	GCTTACAATCCTACTCGTGCTCGT	1
600	599	5	CTTACAATCCTACTCGTGCTCGTA	1
601	600	5	TTACAATCCTACTCGTGCTCGTAT	1
602	601	5	TACAATCCTACTCGTGCTCGTATT	1
603	602	5	ACAATCCTACTCGTGCTCGTATTG	1
604	603	4	CAATCCTACTCGTGCTCGTATTGC	1
605	604	4	AATCCTACTCGTGCTCGTATTGCT	1
606	605	4	ATCCTACTCGTGCTCGTATTGCTG	1
607	606	4	TCCTACTCGTGCTCGTATTGCTGT	1
608	607	4	CCTACTCGTGCTCGTATTGCTGTT	1
609	608	4	CTACTCGTGCTCGTATTGCTGTTC	1
610	609	4	TACTCGTGCTCGTATTGCTGTTCG	1
611	610	4	ACTCGTGCTCGTATTGCTGTTCGT	1
612	611	3	CTCGTGCTCGTATTGCTGTTCGTT	1
613	612	4	TCGTGCTCGTATTGCTGTTCGTTC	1
614	613	4	CGTGCTCGTATTGCTGTTCGTTCC	1
615	614	3	GTGCTCGTATTGCTGTTCGTTCCC	1
616	615	3	TGCTCGTATTGCTGTTCGTTCCCT	1
617	616	3	GCTCGTATTGCTGTTCGTTCCCTT	1
618	617	3	CTCGTATTGCTGTTCGTTCCCTTC	1
619	618	3	TCGTATTGCTGTTCGTTCCCTTCC	1
620	619	3	CGTATTGCTGTTCGTTCCCTTCCT	1
621	620	4	GTATTGCTGTTCGTTCCCTTCCTC	1
622	621	4	TATTGCTGTTCGTTCCCTTCCTCC	1
623	622	4	ATTGCTGTTCGTTCCCTTCCTCCT	1
624	623	4	TTGCTGTTCGTTCCCTTCCTCCTT	1
625	624	4	TGCTGTTCGTTCCCTTCCTCCTTA	1
626	625	4	GCTGTTCGTTCCCTTCCTCCTTAT	1
627	626	4	CTGTTCGTTCCCTTCCTCCTTATA	1
628	627	4	TGTTCGTTCCCTTCCTCCTTATAT	1
629	628	4	GTTCGTTCCCTTCCTCCTTATATT	1
630	629	3	TTCGTTCCCTTCCTCCTTATATTA	1
631	630	4	TCGTTCCCTTCCTCCTTATATTAT	1
632	631	4	CGTTCCCTTCCTCCTTATATTATT	1
633	632	4	GTTCCCTTCCTCCTTATATTATTC	1
634	633	4	TTCCCTTCCTCCTTATATTATTCG	1
635	634	4	TCCCTTCCTCCTTATATTATTCGC	1
636	635	4	CCCTTCCTCCTTATATTATTCGCC	1
637	636	4	CCTTCCTCCTTATATTATTCGCCG	1
638	637	4	CTTCCTCCTTATATTATTCGCCGT	1
639	638	4	TTCCTCCTTATATTATTCGCCGTA	1
640	639	4	TCCTCCTTATATTATTCGCCGTAT	1
641	640	4	CCTCCTTATATTATTCGCCGTATA	1
642	641	4	CTCCTTATATTATTCGCCGTATAA	1
643	642	4	TCCTTATATTATTCGCCGTATAAA	1
644	643	4	CCTTATATTATTCGCCGTATAAAA	1
645	644	4	CTTATATTATTCGCCGTATAAAAT	1
646	645	4	TTATATTATTCGCCGTATAAAATT	1
647	646	4	TATATTATTCGCCGTATAAAATTA	1
648	647	4	ATATTATTCGCCGTATAAAATTAC	1
649	648	3	TATTATTCGCCGTATAAAATTACG	1
650	649	3	ATTATTCGCCGTATAAAATTACGT	1
651	650	3	TTATTCGCCGTATAAAATTACGTG	1
652	651	3	TATTCGCCGTATAAAATTACGTGG	1
653	652	3	ATTCGCCGTATAAAATTACGTGGT	1
654	653	3	TTCGCCGTATAAAATTACGTGGTG	1
655	654	3	TCGCCGTATAAAATTACGTGGTGA	1
656	655	3	CGCCGTATAAAATTACGTGGTGAG	1
657	656	2	GCCGTATAAAATTACGTGGTGAGC	1
658	657	3	CCGTATAAAATTACGTGGTGAGCA	1
659	658	3	CGTATAAAATTACGTGGTGAGCAA	1
660	659	3	GTATAAAATTACGTGGTGAGCAAC	1
661	660	3	TATAAAATTACGTGGTGAGCAACG	1
662	661	3	ATAAAATTACGTGGTGAGCAACGT	1
663	662	3	TAAAATTACGTGGTGAGCAACGTC	1
664	663	3	AAAATTACGTGGTGAGCAACGTCG	1
665	664	2	AAATTACGTGGTGAGCAACGTCGT	1
666	665	2	AATTACGTGGTGAGCAACGTCGTG	1
667	666	2	ATTACGTGGTGAGCAACGTCGTGG	1
668	667	2	TTACGTGGTGAGCAACGTCGTGGT	1
669	668	2	TACGTGGTGAGCAACGTCGTGGTC	1
670	669	2	ACGTGGTGAGCAACGTCGTGGTCG	1
671	670	2	CGTGGTGAGCAACGTCGTGGTCGT	1
672	671	2	GTGGTGAGCAACGTCGTGGTCGTG	1
673	672	2	TGGTGAGCAACGTCGTGGTCGTGG	1
674	673	2	GGTGAGCAACGTCGTGGTCGTGGT	1
675	674	1	GTGAGCAACGTCGTGGTCGTGGTT	1
676	675	1	TGAGCAACGTCGTGGTCGTGGTTT	1
677	676	1	GAGCAACGTCGTGGTCGTGGTTTT	1
678	677	1	AGCAACGTCGTGGTCGTGGTTTTG	1
679	678	1	GCAACGTCGTGGTCGTGGTTTTGG	1
680	679	1	CAACGTCGTGGTCGTGGTTTTGGA	1
681	680	1	AACGTCGTGGTCGTGGTTTTGGAT	1
682	681	1	ACGTCGTGGTCGTGGTTTTGGATT	1
683	682	2	CGTCGTGGTCGTGGTTTTGGATTT	1
684	683	2	GTCGTGGTCGTGGTTTTGGATTTG	1
685	684	2	TCGTGGTCGTGGTTTTGGATTTGT	1
686	685	2	CGTGGTCGTGGTTTTGGATTTGTG	1
687	686	2	GTGGTCGTGGTTTTGGATTTGTGT	1
688	687	2	TGGTCGTGGTTTTGGATTTGTGTC	1
689	688	2	GGTCGTGGTTTTGGATTTGTGTCT	1
690	689	2	GTCGTGGTTTTGGATTTGTGTCTT	1
691	690	2	TCGTGGTTTTGGATTTGTGTCTTT	1
692	691	2	CGTGGTTTTGGATTTGTGTCTTTT	1
693	692	2	GTGGTTTTGGATTTGTGTCTTTTG	1
694	693	2	TGGTTTTGGATTTGTGTCTTTTGC	1
695	694	2	GGTTTTGGATTTGTGTCTTTTGCT	1
696	695	2	GTTTTGGATTTGTGTCTTTTGCTA	1
697	696	2	TTTTGGATTTGTGTCTTTTGCTAA	1
698	697	2	TTTGGATTTGTGTCTTTTGCTAAT	1
699	698	2	TTGGATTTGTGTCTTTTGCTAATG	1
700	699	2	TGGATTTGTGTCTTTTGCTAATGC	1
701	700	3	GGATTTGTGTCTTTTGCTAATGCT	1
702	701	2	GATTTGTGTCTTTTGCTAATGCTG	1
703	702	2	ATTTGTGTCTTTTGCTAATGCTGA	1
704	703	2	TTTGTGTCTTTTGCTAATGCTGAG	1
705	704	2	TTGTGTCTTTTGCTAATGCTGAGG	1
706	705	2	TGTGTCTTTTGCTAATGCTGAGGA	1
707	706	2	GTGTCTTTTGCTAATGCTGAGGAT	1
708	707	2	TGTCTTTTGCTAATGCTGAGGATC	1
709	708	2	GTCTTTTGCTAATGCTGAGGATCA	1
710	709	2	TCTTTTGCTAATGCTGAGGATCAA	1
711	710	2	CTTTTGCTAATGCTGAGGATCAAT	1
712	711	2	TTTTGCTAATGCTGAGGATCAATC	1
713	712	2	TTTGCTAATGCTGAGGATCAATCC	1
714	713	2	TTGCTAATGCTGAGGATCAATCCA	1
715	714	2	TGCTAATGCTGAGGATCAATCCAG	1
716	715	2	GCTAATGCTGAGGATCAATCCAGA	1
717	716	2	CTAATGCTGAGGATCAATCCAGAG	1
718	717	2	TAATGCTGAGGATCAATCCAGAGC	1
719	718	2	AATGCTGAGGATCAATCCAGAGCT	1
720	719	2	ATGCTGAGGATCAATCCAGAGCTA	1
721	720	2	TGCTGAGGATCAATCCAGAGCTAT	1
722	721	2	GCTGAGGATCAATCCAGAGCTATT	1
723	722	2	CTGAGGATCAATCCAGAGCTATTG	1
724	723	2	TGAGGATCAATCCAGAGCTATTGA	1
725	724	2	GAGGATCAATCCAGAGCTATTGAG	1
726	725	2	AGGATCAATCCAGAGCTATTGAGG	1
727	726	1	GGATCAATCCAGAGCTATTGAGGA	1
728	727	1	GATCAATCCAGAGCTATTGAGGAA	1
729	728	1	ATCAATCCAGAGCTATTGAGGAAA	1
730	729	1	TCAATCCAGAGCTATTGAGGAAAT	1
731	730	1	CAATCCAGAGCTATTGAGGAAATG	1
732	731	1	AATCCAGAGCTATTGAGGAAATGA	1
733	732	1	ATCCAGAGCTATTGAGGAAATGAA	1
734	733	1	TCCAGAGCTATTGAGGAAATGAAT	1
735	734	1	CCAGAGCTATTGAGGAAATGAATG	1
736	735	1	CAGAGCTATTGAGGAAATGAATGG	1
737	736	1	AGAGCTATTGAGGAAATGAATGGA	1
738	737	1	GAGCTATTGAGGAAATGAATGGAA	1
739	738	1	AGCTATTGAGGAAATGAATGGAAA	1
740	739	1	GCTATTGAGGAAATGAATGGAAAG	1
741	740	1	CTATTGAGGAAATGAATGGAAAGC	1
742	741	1	TATTGAGGAAATGAATGGAAAGCA	1
743	742	1	ATTGAGGAAATGAATGGAAAGCAA	1
744	743	1	TTGAGGAAATGAATGGAAAGCAAG	1
745	-1	0	GAAAAAGTCAAAAAATAAAAATGG	1
746	745	1	AAAAAGTCAAAAAATAAAAATGGT	1
747	746	1	AAAAGTCAAAAAATAAAAATGGTG	1
748	747	1	AAAGTCAAAAAATAAAAATGGTGA	1
749	748	1	AAGTCAAAAAATAAAAATGGTGAA	1
750	749	1	AGTCAAAAAATAAAAATGGTGAAG	1
751	750	1	GTCAAAAAATAAAAATGGTGAAGA	1
752	751	1	TCAAAAAATAAAAATGGTGAAGAA	1
753	752	1	CAAAAAATAAAAATGGTGAAGAAC	1
754	753	1	AAAAAATAAAAATGGTGAAGAACC	1
755	754	1	AAAAATAAAAATGGTGAAGAACCT	1
756	755	1	AAAATAAAAATGGTGAAGAACCTG	1
757	756	1	AAATAAAAATGGTGAAGAACCTGA	1
758	757	1	AATAAAAATGGTGAAGAACCTGAA	1
759	758	2	ATAAAAATGGTGAAGAACCTGAAA	1
760	759	2	TAAAAATGGTGAAGAACCTGAAAC	1
761	760	2	AAAAATGGTGAAGAACCTGAAACT	1
762	761	2	AAAATGGTGAAGAACCTGAAACTT	1
763	762	2	AAATGGTGAAGAACCTGAAACTTC	1
764	763	2	AATGGTGAAGAACCTGAAACTTCA	1
765	764	2	ATGGTGAAGAACCTGAAACTTCAA	1
766	765	2	TGGTGAAGAACCTGAAACTTCAAC	1
767	766	2	GGTGAAGAACCTGAAACTTCAACT	1
768	767	2	GTGAAGAACCTGAAACTTCAACTT	1
769	768	2	TGAAGAACCTGAAACTTCAACTTC	1
770	769	2	GAAGAACCTGAAACTTCAACTTCT	1
771	770	2	AAGAACCTGAAACTTCAACTTCTG	1
772	771	2	AGAACCTGAAACTTCAACTTCTGT	1
773	772	2	GAACCTGAAACTTCAACTTCTGTC	1
774	773	2	AACCTGAAACTTCAACTTCTGTCG	1
775	774	2	ACCTGAAACTTCAACTTCTGTCGA	1
776	775	2	CCTGAAACTTCAACTTCTGTCGAA	1
777	776	2	CTGAAACTTCAACTTCTGTCGAAA	1
778	777	4	TGAAACTTCAACTTCTGTCGAAAA	1
779	778	4	GAAACTTCAACTTCTGTCGAAAAT	1
780	779	4	AAACTTCAACTTCTGTCGAAAATG	1
781	780	4	AACTTCAACTTCTGTCGAAAATGC	1
782	781	4	ACTTCAACTTCTGTCGAAAATGCT	1
783	782	4	CTTCAACTTCTGTCGAAAATGCTG	1
784	783	4	TTCAACTTCTGTCGAAAATGCTGA	1
785	784	4	TCAACTTCTGTCGAAAATGCTGAA	1
786	785	4	CAACTTCTGTCGAAAATGCTGAAT	1
787	786	4	AACTTCTGTCGAAAATGCTGAATC	1
788	787	4	ACTTCTGTCGAAAATGCTGAATCT	1
789	788	4	CTTCTGTCGAAAATGCTGAATCTG	1
790	789	3	TTCTGTCGAAAATGCTGAATCTGC	1
791	790	3	TCTGTCGAAAATGCTGAATCTGCT	1
792	791	3	CTGTCGAAAATGCTGAATCTGCTA	1
793	792	3	TGTCGAAAATGCTGAATCTGCTAA	1
794	793	3	GTCGAAAATGCTGAATCTGCTAAG	1
795	794	3	TCGAAAATGCTGAATCTGCTAAGG	1
796	795	3	CGAAAATGCTGAATCTGCTAAGGG	1
797	796	3	GAAAATGCTGAATCTGCTAAGGGC	1
798	797	3	AAAATGCTGAATCTGCTAAGGGCT	1
799	798	3	AAATGCTGAATCTGCTAAGGGCTC	1
800	799	3	AATGCTGAATCTGCTAAGGGCTCC	1
801	800	3	ATGCTGAATCTGCTAAGGGCTCCA	1
802	801	3	TGCTGAATCTGCTAAGGGCTCCAG	1
803	802	2	GCTGAATCTGCTAAGGGCTCCAGT	1
804	803	2	CTGAATCTGCTAAGGGCTCCAGTG	1
805	804	2	TGAATCTGCTAAGGGCTCCAGTGA	1
806	805	2	GAATCTGCTAAGGGCTCCAGTGAT	1
807	806	2	AATCTGCTAAGGGCTCCAGTGATG	1
808	807	2	ATCTGCTAAGGGCTCCAGTGATGA	1
809	808	2	TCTGCTAAGGGCTCCAGTGATGAA	1
810	809	2	CTGCTAAGGGCTCCAGTGATGAAA	1
811	810	2	TGCTAAGGGCTCCAGTGATGAAAA	1
812	811	2	GCTAAGGGCTCCAGTGATGAAAAT	1
813	812	2	CTAAGGGCTCCAGTGATGAAAATG	1
814	813	2	TAAGGGCTCCAGTGATGAAAATGA	1
815	814	2	AAGGGCTCCAGTGATGAAAATGAA	1
816	815	2	AGGGCTCCAGTGATGAAAATGAAG	1
817	816	2	GGGCTCCAGTGATGAAAATGAAGC	1
818	817	2	GGCTCCAGTGATGAAAATGAAGCT	1
819	818	2	GCTCCAGTGATGAAAATGAAGCTA	1
820	819	2	CTCCAGTGATGAAAATGAAGCTAA	1
821	820	2	TCCAGTGATGAAAATGAAGCTAAT	1
