Component 680
1	-1	0	AGTAACTCTATTTCGTTAATATTA	1
2	1	1	GTAACTCTATTTCGTTAATATTAA	1
3	2	1	TAACTCTATTTCGTTAATATTAAT	1
4	3	1	AACTCTATTTCGTTAATATTAATA	1
5	4	1	ACTCTATTTCGTTAATATTAATAG	1
6	5	2	CTCTATTTCGTTAATATTAATAGT	1
7	6	4	TCTATTTCGTTAATATTAATAGTG	1
8	7	4	CTATTTCGTTAATATTAATAGTGC	1
9	8	4	TATTTCGTTAATATTAATAGTGCA	1
10	9	4	ATTTCGTTAATATTAATAGTGCAA	1
11	10	4	TTTCGTTAATATTAATAGTGCAAT	1
12	11	4	TTCGTTAATATTAATAGTGCAATA	1
13	12	4	TCGTTAATATTAATAGTGCAATAT	1
14	13	4	CGTTAATATTAATAGTGCAATATG	1
15	14	4	GTTAATATTAATAGTGCAATATGT	1
16	15	4	TTAATATTAATAGTGCAATATGTC	1
17	16	4	TAATATTAATAGTGCAATATGTCT	1
18	17	4	AATATTAATAGTGCAATATGTCTG	1
19	18	4	ATATTAATAGTGCAATATGTCTGG	1
20	19	4	TATTAATAGTGCAATATGTCTGGC	1
21	20	4	ATTAATAGTGCAATATGTCTGGCC	1
22	21	4	TTAATAGTGCAATATGTCTGGCCG	1
23	22	4	TAATAGTGCAATATGTCTGGCCGT	1
24	23	4	AATAGTGCAATATGTCTGGCCGTG	1
25	24	4	ATAGTGCAATATGTCTGGCCGTGG	1
26	25	4	TAGTGCAATATGTCTGGCCGTGGT	1
27	26	4	AGTGCAATATGTCTGGCCGTGGTA	1
28	27	4	GTGCAATATGTCTGGCCGTGGTAA	1
29	28	4	TGCAATATGTCTGGCCGTGGTAAA	1
30	29	4	GCAATATGTCTGGCCGTGGTAAAG	1
31	30	4	CAATATGTCTGGCCGTGGTAAAGG	1
32	31	3	AATATGTCTGGCCGTGGTAAAGGT	1
33	32	3	ATATGTCTGGCCGTGGTAAAGGTG	1
34	33	3	TATGTCTGGCCGTGGTAAAGGTGG	1
35	34	3	ATGTCTGGCCGTGGTAAAGGTGGA	1
36	35	3	TGTCTGGCCGTGGTAAAGGTGGAA	1
37	36	3	GTCTGGCCGTGGTAAAGGTGGAAA	1
38	37	3	TCTGGCCGTGGTAAAGGTGGAAAA	1
39	38	3	CTGGCCGTGGTAAAGGTGGAAAAG	1
40	39	3	TGGCCGTGGTAAAGGTGGAAAAGG	1
41	40	3	GGCCGTGGTAAAGGTGGAAAAGGT	1
42	41	3	GCCGTGGTAAAGGTGGAAAAGGTT	1
43	42	4	CCGTGGTAAAGGTGGAAAAGGTTT	1
44	43	4	CGTGGTAAAGGTGGAAAAGGTTTA	1
45	44	4	GTGGTAAAGGTGGAAAAGGTTTAG	1
46	45	3	TGGTAAAGGTGGAAAAGGTTTAGG	1
47	46	3	GGTAAAGGTGGAAAAGGTTTAGGA	1
48	47	3	GTAAAGGTGGAAAAGGTTTAGGAA	1
49	48	3	TAAAGGTGGAAAAGGTTTAGGAAA	1
50	49	2	AAAGGTGGAAAAGGTTTAGGAAAG	1
51	50	1	AAGGTGGAAAAGGTTTAGGAAAGG	1
52	51	1	AGGTGGAAAAGGTTTAGGAAAGGG	1
53	52	1	GGTGGAAAAGGTTTAGGAAAGGGT	1
54	53	1	GTGGAAAAGGTTTAGGAAAGGGTG	1
55	54	1	TGGAAAAGGTTTAGGAAAGGGTGG	1
56	55	1	GGAAAAGGTTTAGGAAAGGGTGGT	1
57	56	1	GAAAAGGTTTAGGAAAGGGTGGTG	1
58	57	1	AAAAGGTTTAGGAAAGGGTGGTGC	1
59	58	1	AAAGGTTTAGGAAAGGGTGGTGCC	1
60	59	1	AAGGTTTAGGAAAGGGTGGTGCCA	1
61	60	1	AGGTTTAGGAAAGGGTGGTGCCAA	1
62	61	1	GGTTTAGGAAAGGGTGGTGCCAAG	1
63	62	1	GTTTAGGAAAGGGTGGTGCCAAGC	1
64	63	1	TTTAGGAAAGGGTGGTGCCAAGCG	1
65	64	1	TTAGGAAAGGGTGGTGCCAAGCGT	1
66	65	1	TAGGAAAGGGTGGTGCCAAGCGTC	1
67	66	1	AGGAAAGGGTGGTGCCAAGCGTCA	1
68	67	1	GGAAAGGGTGGTGCCAAGCGTCAC	1
69	68	1	GAAAGGGTGGTGCCAAGCGTCACC	1
70	69	2	AAAGGGTGGTGCCAAGCGTCACCG	1
71	70	2	AAGGGTGGTGCCAAGCGTCACCGT	1
72	71	2	AGGGTGGTGCCAAGCGTCACCGTA	1
73	72	2	GGGTGGTGCCAAGCGTCACCGTAA	1
74	73	2	GGTGGTGCCAAGCGTCACCGTAAG	1
75	74	2	GTGGTGCCAAGCGTCACCGTAAGA	1
76	75	2	TGGTGCCAAGCGTCACCGTAAGAT	1
77	76	2	GGTGCCAAGCGTCACCGTAAGATC	1
78	77	2	GTGCCAAGCGTCACCGTAAGATCC	1
79	78	2	TGCCAAGCGTCACCGTAAGATCCT	1
80	79	2	GCCAAGCGTCACCGTAAGATCCTT	1
81	80	3	CCAAGCGTCACCGTAAGATCCTTC	1
82	81	3	CAAGCGTCACCGTAAGATCCTTCG	1
83	82	3	AAGCGTCACCGTAAGATCCTTCGT	1
84	83	3	AGCGTCACCGTAAGATCCTTCGTG	1
85	84	3	GCGTCACCGTAAGATCCTTCGTGA	1
86	85	3	CGTCACCGTAAGATCCTTCGTGAC	1
87	86	2	GTCACCGTAAGATCCTTCGTGACA	1
88	87	2	TCACCGTAAGATCCTTCGTGACAA	1
89	88	2	CACCGTAAGATCCTTCGTGACAAT	1
90	89	2	ACCGTAAGATCCTTCGTGACAATA	1
91	90	2	CCGTAAGATCCTTCGTGACAATAT	1
92	91	2	CGTAAGATCCTTCGTGACAATATT	1
93	92	2	GTAAGATCCTTCGTGACAATATTC	1
94	93	2	TAAGATCCTTCGTGACAATATTCA	1
95	94	2	AAGATCCTTCGTGACAATATTCAA	1
96	95	2	AGATCCTTCGTGACAATATTCAAG	1
97	96	2	GATCCTTCGTGACAATATTCAAGG	1
98	97	2	ATCCTTCGTGACAATATTCAAGGT	1
99	98	2	TCCTTCGTGACAATATTCAAGGTA	1
100	99	2	CCTTCGTGACAATATTCAAGGTAT	1
101	100	2	CTTCGTGACAATATTCAAGGTATT	1
102	101	2	TTCGTGACAATATTCAAGGTATTA	1
103	102	2	TCGTGACAATATTCAAGGTATTAC	1
104	103	2	CGTGACAATATTCAAGGTATTACT	1
105	104	2	GTGACAATATTCAAGGTATTACTA	1
106	105	2	TGACAATATTCAAGGTATTACTAA	1
107	106	2	GACAATATTCAAGGTATTACTAAG	1
108	107	2	ACAATATTCAAGGTATTACTAAGC	1
109	108	2	CAATATTCAAGGTATTACTAAGCC	1
110	109	2	AATATTCAAGGTATTACTAAGCCT	1
111	110	2	ATATTCAAGGTATTACTAAGCCTG	1
112	111	2	TATTCAAGGTATTACTAAGCCTGC	1
113	112	2	ATTCAAGGTATTACTAAGCCTGCC	1
114	113	3	TTCAAGGTATTACTAAGCCTGCCA	1
115	114	3	TCAAGGTATTACTAAGCCTGCCAT	1
116	115	3	CAAGGTATTACTAAGCCTGCCATT	1
117	116	3	AAGGTATTACTAAGCCTGCCATTC	1
118	117	3	AGGTATTACTAAGCCTGCCATTCG	1
119	118	2	GGTATTACTAAGCCTGCCATTCGT	1
120	119	2	GTATTACTAAGCCTGCCATTCGTC	1
121	120	2	TATTACTAAGCCTGCCATTCGTCG	1
122	121	2	ATTACTAAGCCTGCCATTCGTCGT	1
123	122	2	TTACTAAGCCTGCCATTCGTCGTC	1
124	123	2	TACTAAGCCTGCCATTCGTCGTCT	1
125	124	1	ACTAAGCCTGCCATTCGTCGTCTT	1
126	125	1	CTAAGCCTGCCATTCGTCGTCTTG	1
127	126	1	TAAGCCTGCCATTCGTCGTCTTGC	1
128	127	1	AAGCCTGCCATTCGTCGTCTTGCT	1
129	128	1	AGCCTGCCATTCGTCGTCTTGCTC	1
130	129	1	GCCTGCCATTCGTCGTCTTGCTCG	1
131	632	4	TCGTCTTGCTCGTCGTGGTGGTGT	1
132	131	3	CGTCTTGCTCGTCGTGGTGGTGTG	1
133	132	4	GTCTTGCTCGTCGTGGTGGTGTGA	1
134	133	4	TCTTGCTCGTCGTGGTGGTGTGAA	1
135	134	4	CTTGCTCGTCGTGGTGGTGTGAAG	1
136	135	4	TTGCTCGTCGTGGTGGTGTGAAGC	1
137	136	4	TGCTCGTCGTGGTGGTGTGAAGCG	1
138	137	4	GCTCGTCGTGGTGGTGTGAAGCGT	1
139	138	4	CTCGTCGTGGTGGTGTGAAGCGTA	1
140	139	5	TCGTCGTGGTGGTGTGAAGCGTAT	1
141	140	5	CGTCGTGGTGGTGTGAAGCGTATT	1
142	141	5	GTCGTGGTGGTGTGAAGCGTATTT	1
143	142	4	TCGTGGTGGTGTGAAGCGTATTTC	1
144	143	4	CGTGGTGGTGTGAAGCGTATTTCC	1
145	144	4	GTGGTGGTGTGAAGCGTATTTCCG	1
146	145	4	TGGTGGTGTGAAGCGTATTTCCGC	1
147	146	4	GGTGGTGTGAAGCGTATTTCCGCT	1
148	147	4	GTGGTGTGAAGCGTATTTCCGCTT	1
149	148	4	TGGTGTGAAGCGTATTTCCGCTTT	1
150	149	4	GGTGTGAAGCGTATTTCCGCTTTG	1
151	150	4	GTGTGAAGCGTATTTCCGCTTTGG	1
152	151	4	TGTGAAGCGTATTTCCGCTTTGGT	1
153	152	4	GTGAAGCGTATTTCCGCTTTGGTT	1
154	153	4	TGAAGCGTATTTCCGCTTTGGTTT	1
155	154	4	GAAGCGTATTTCCGCTTTGGTTTA	1
156	155	4	AAGCGTATTTCCGCTTTGGTTTAT	1
157	156	4	AGCGTATTTCCGCTTTGGTTTATG	1
158	157	4	GCGTATTTCCGCTTTGGTTTATGA	1
159	158	4	CGTATTTCCGCTTTGGTTTATGAA	1
160	159	4	GTATTTCCGCTTTGGTTTATGAAG	1
161	160	4	TATTTCCGCTTTGGTTTATGAAGA	1
162	161	4	ATTTCCGCTTTGGTTTATGAAGAG	1
163	162	4	TTTCCGCTTTGGTTTATGAAGAGA	1
164	163	4	TTCCGCTTTGGTTTATGAAGAGAC	1
165	164	4	TCCGCTTTGGTTTATGAAGAGACT	1
166	165	4	CCGCTTTGGTTTATGAAGAGACTC	1
167	166	5	CGCTTTGGTTTATGAAGAGACTCG	1
168	167	5	GCTTTGGTTTATGAAGAGACTCGT	1
169	168	5	CTTTGGTTTATGAAGAGACTCGTG	1
170	169	5	TTTGGTTTATGAAGAGACTCGTGC	1
171	170	5	TTGGTTTATGAAGAGACTCGTGCT	1
172	171	5	TGGTTTATGAAGAGACTCGTGCTG	1
173	172	5	GGTTTATGAAGAGACTCGTGCTGT	1
174	173	4	GTTTATGAAGAGACTCGTGCTGTT	1
175	174	4	TTTATGAAGAGACTCGTGCTGTTC	1
176	175	4	TTATGAAGAGACTCGTGCTGTTCT	1
177	176	3	TATGAAGAGACTCGTGCTGTTCTC	1
178	177	3	ATGAAGAGACTCGTGCTGTTCTCA	1
179	178	3	TGAAGAGACTCGTGCTGTTCTCAA	1
180	179	3	GAAGAGACTCGTGCTGTTCTCAAG	1
181	180	3	AAGAGACTCGTGCTGTTCTCAAGC	1
182	181	3	AGAGACTCGTGCTGTTCTCAAGCT	1
183	182	3	GAGACTCGTGCTGTTCTCAAGCTC	1
184	183	2	AGACTCGTGCTGTTCTCAAGCTCT	1
185	184	2	GACTCGTGCTGTTCTCAAGCTCTT	1
186	185	3	ACTCGTGCTGTTCTCAAGCTCTTC	1
187	186	3	CTCGTGCTGTTCTCAAGCTCTTCT	1
188	187	3	TCGTGCTGTTCTCAAGCTCTTCTT	1
189	188	3	CGTGCTGTTCTCAAGCTCTTCTTA	1
190	189	3	GTGCTGTTCTCAAGCTCTTCTTAG	1
191	190	3	TGCTGTTCTCAAGCTCTTCTTAGA	1
192	191	3	GCTGTTCTCAAGCTCTTCTTAGAA	1
193	192	3	CTGTTCTCAAGCTCTTCTTAGAAA	1
194	193	3	TGTTCTCAAGCTCTTCTTAGAAAA	1
195	194	3	GTTCTCAAGCTCTTCTTAGAAAAT	1
196	195	3	TTCTCAAGCTCTTCTTAGAAAATG	1
197	196	3	TCTCAAGCTCTTCTTAGAAAATGT	1
198	197	3	CTCAAGCTCTTCTTAGAAAATGTT	1
199	198	3	TCAAGCTCTTCTTAGAAAATGTTA	1
200	199	3	CAAGCTCTTCTTAGAAAATGTTAT	1
201	200	3	AAGCTCTTCTTAGAAAATGTTATT	1
202	201	3	AGCTCTTCTTAGAAAATGTTATTC	1
203	202	3	GCTCTTCTTAGAAAATGTTATTCG	1
204	203	4	CTCTTCTTAGAAAATGTTATTCGC	1
205	204	4	TCTTCTTAGAAAATGTTATTCGCG	1
206	205	4	CTTCTTAGAAAATGTTATTCGCGA	1
207	206	4	TTCTTAGAAAATGTTATTCGCGAT	1
208	207	4	TCTTAGAAAATGTTATTCGCGATG	1
209	208	4	CTTAGAAAATGTTATTCGCGATGC	1
210	209	4	TTAGAAAATGTTATTCGCGATGCC	1
211	210	3	TAGAAAATGTTATTCGCGATGCCG	1
212	211	3	AGAAAATGTTATTCGCGATGCCGT	1
213	212	4	GAAAATGTTATTCGCGATGCCGTC	1
214	213	5	AAAATGTTATTCGCGATGCCGTCA	1
215	214	5	AAATGTTATTCGCGATGCCGTCAC	1
216	215	5	AATGTTATTCGCGATGCCGTCACC	1
217	216	5	ATGTTATTCGCGATGCCGTCACCT	1
218	217	5	TGTTATTCGCGATGCCGTCACCTA	1
219	218	5	GTTATTCGCGATGCCGTCACCTAT	1
220	219	5	TTATTCGCGATGCCGTCACCTATA	1
221	220	5	TATTCGCGATGCCGTCACCTATAC	1
222	221	5	ATTCGCGATGCCGTCACCTATACT	1
223	222	5	TTCGCGATGCCGTCACCTATACTG	1
224	223	5	TCGCGATGCCGTCACCTATACTGA	1
225	224	5	CGCGATGCCGTCACCTATACTGAG	1
226	225	5	GCGATGCCGTCACCTATACTGAGC	1
227	226	5	CGATGCCGTCACCTATACTGAGCA	1
228	227	5	GATGCCGTCACCTATACTGAGCAT	1
229	228	5	ATGCCGTCACCTATACTGAGCATG	1
230	229	4	TGCCGTCACCTATACTGAGCATGC	1
231	230	4	GCCGTCACCTATACTGAGCATGCC	1
232	231	4	CCGTCACCTATACTGAGCATGCCA	1
233	232	4	CGTCACCTATACTGAGCATGCCAA	1
234	734	1	GTCACCTATACTGAGCATGCCAAG	1
234	233	4	GTCACCTATACTGAGCATGCCAAG	1
235	-1	0	TTTCGGTGGTTAAATTCGATATCA	1
236	235	1	TTCGGTGGTTAAATTCGATATCAA	1
237	236	2	TCGGTGGTTAAATTCGATATCAAT	1
238	237	2	CGGTGGTTAAATTCGATATCAATT	1
239	238	2	GGTGGTTAAATTCGATATCAATTG	1
240	239	2	GTGGTTAAATTCGATATCAATTGC	1
241	240	2	TGGTTAAATTCGATATCAATTGCC	1
242	241	2	GGTTAAATTCGATATCAATTGCCG	1
243	242	2	GTTAAATTCGATATCAATTGCCGA	1
244	243	2	TTAAATTCGATATCAATTGCCGAC	1
245	244	2	TAAATTCGATATCAATTGCCGACT	1
246	245	2	AAATTCGATATCAATTGCCGACTC	1
247	246	2	AATTCGATATCAATTGCCGACTCC	1
248	247	2	ATTCGATATCAATTGCCGACTCCG	1
249	248	2	TTCGATATCAATTGCCGACTCCGA	1
250	249	2	TCGATATCAATTGCCGACTCCGAA	1
251	250	3	CGATATCAATTGCCGACTCCGAAT	1
252	251	3	GATATCAATTGCCGACTCCGAATT	1
253	252	3	ATATCAATTGCCGACTCCGAATTT	1
254	253	3	TATCAATTGCCGACTCCGAATTTT	1
255	254	3	ATCAATTGCCGACTCCGAATTTTT	1
256	255	3	TCAATTGCCGACTCCGAATTTTTT	1
257	256	3	CAATTGCCGACTCCGAATTTTTTG	1
258	257	3	AATTGCCGACTCCGAATTTTTTGT	1
259	258	3	ATTGCCGACTCCGAATTTTTTGTT	1
260	259	3	TTGCCGACTCCGAATTTTTTGTTT	1
261	260	3	TGCCGACTCCGAATTTTTTGTTTC	1
262	261	3	GCCGACTCCGAATTTTTTGTTTCG	1
263	262	3	CCGACTCCGAATTTTTTGTTTCGA	1
264	263	3	CGACTCCGAATTTTTTGTTTCGAG	1
265	264	3	GACTCCGAATTTTTTGTTTCGAGT	1
266	265	3	ACTCCGAATTTTTTGTTTCGAGTC	1
267	266	3	CTCCGAATTTTTTGTTTCGAGTCT	1
268	267	3	TCCGAATTTTTTGTTTCGAGTCTA	1
269	268	3	CCGAATTTTTTGTTTCGAGTCTAT	1
270	269	4	CGAATTTTTTGTTTCGAGTCTATC	1
271	270	4	GAATTTTTTGTTTCGAGTCTATCA	1
272	271	4	AATTTTTTGTTTCGAGTCTATCAA	1
273	272	4	ATTTTTTGTTTCGAGTCTATCAAT	1
274	273	4	TTTTTTGTTTCGAGTCTATCAATT	1
275	274	4	TTTTTGTTTCGAGTCTATCAATTT	1
276	275	4	TTTTGTTTCGAGTCTATCAATTTT	1
277	276	5	TTTGTTTCGAGTCTATCAATTTTA	1
278	277	5	TTGTTTCGAGTCTATCAATTTTAT	1
279	278	5	TGTTTCGAGTCTATCAATTTTATG	1
280	279	4	GTTTCGAGTCTATCAATTTTATGT	1
281	280	3	TTTCGAGTCTATCAATTTTATGTG	1
282	281	3	TTCGAGTCTATCAATTTTATGTGT	1
283	282	3	TCGAGTCTATCAATTTTATGTGTA	1
284	283	3	CGAGTCTATCAATTTTATGTGTAC	1
285	284	3	GAGTCTATCAATTTTATGTGTACA	1
286	285	3	AGTCTATCAATTTTATGTGTACAC	1
287	286	3	GTCTATCAATTTTATGTGTACACT	1
288	287	3	TCTATCAATTTTATGTGTACACTA	1
289	288	3	CTATCAATTTTATGTGTACACTAT	1
290	289	3	TATCAATTTTATGTGTACACTATA	1
291	290	3	ATCAATTTTATGTGTACACTATAA	1
292	291	3	TCAATTTTATGTGTACACTATAAC	1
293	292	3	CAATTTTATGTGTACACTATAACT	1
294	293	3	AATTTTATGTGTACACTATAACTA	1
295	294	2	ATTTTATGTGTACACTATAACTAT	1
296	295	2	TTTTATGTGTACACTATAACTATT	1
297	296	2	TTTATGTGTACACTATAACTATTC	1
298	297	2	TTATGTGTACACTATAACTATTCT	1
299	298	2	TATGTGTACACTATAACTATTCTA	1
300	299	2	ATGTGTACACTATAACTATTCTAT	1
301	300	2	TGTGTACACTATAACTATTCTATA	1
302	301	2	GTGTACACTATAACTATTCTATAT	1
303	302	2	TGTACACTATAACTATTCTATATA	1
304	303	2	GTACACTATAACTATTCTATATAT	1
305	304	2	TACACTATAACTATTCTATATATA	1
306	305	2	ACACTATAACTATTCTATATATAC	1
307	306	2	CACTATAACTATTCTATATATACA	1
308	307	2	ACTATAACTATTCTATATATACAT	1
309	308	2	CTATAACTATTCTATATATACATG	1
310	309	2	TATAACTATTCTATATATACATGC	1
311	310	2	ATAACTATTCTATATATACATGCC	1
312	311	2	TAACTATTCTATATATACATGCCA	1
313	312	2	AACTATTCTATATATACATGCCAA	1
314	313	1	ACTATTCTATATATACATGCCAAA	1
315	314	1	CTATTCTATATATACATGCCAAAC	1
316	315	1	TATTCTATATATACATGCCAAACG	1
317	316	1	ATTCTATATATACATGCCAAACGA	1
318	317	1	TTCTATATATACATGCCAAACGAG	1
319	318	1	TCTATATATACATGCCAAACGAGA	1
320	319	1	CTATATATACATGCCAAACGAGAG	1
321	-1	0	TGTCACTTCCTTGGACGTTGTCTA	1
322	321	1	GTCACTTCCTTGGACGTTGTCTAC	1
323	322	1	TCACTTCCTTGGACGTTGTCTACT	1
324	323	1	CACTTCCTTGGACGTTGTCTACTC	1
325	324	1	ACTTCCTTGGACGTTGTCTACTCT	1
326	325	1	CTTCCTTGGACGTTGTCTACTCTT	1
327	326	1	TTCCTTGGACGTTGTCTACTCTTT	1
328	327	1	TCCTTGGACGTTGTCTACTCTTTG	1
329	328	1	CCTTGGACGTTGTCTACTCTTTGA	1
330	329	1	CTTGGACGTTGTCTACTCTTTGAA	1
331	330	1	TTGGACGTTGTCTACTCTTTGAAG	1
332	331	1	TGGACGTTGTCTACTCTTTGAAGC	1
333	332	1	GGACGTTGTCTACTCTTTGAAGCG	1
334	333	1	GACGTTGTCTACTCTTTGAAGCGT	1
335	334	2	ACGTTGTCTACTCTTTGAAGCGTC	1
336	335	2	CGTTGTCTACTCTTTGAAGCGTCA	1
337	336	2	GTTGTCTACTCTTTGAAGCGTCAA	1
338	337	3	TTGTCTACTCTTTGAAGCGTCAAG	1
339	338	3	TGTCTACTCTTTGAAGCGTCAAGG	1
340	339	3	GTCTACTCTTTGAAGCGTCAAGGC	1
341	340	3	TCTACTCTTTGAAGCGTCAAGGCC	1
342	341	3	CTACTCTTTGAAGCGTCAAGGCCG	1
343	342	3	TACTCTTTGAAGCGTCAAGGCCGT	1
344	343	3	ACTCTTTGAAGCGTCAAGGCCGTA	1
345	344	3	CTCTTTGAAGCGTCAAGGCCGTAC	1
346	564	3	TCTTTGAAGCGTCAAGGCCGTACC	1
346	345	3	TCTTTGAAGCGTCAAGGCCGTACC	1
347	346	6	CTTTGAAGCGTCAAGGCCGTACCA	1
348	347	6	TTTGAAGCGTCAAGGCCGTACCAT	1
349	348	8	TTGAAGCGTCAAGGCCGTACCATT	1
350	349	8	TGAAGCGTCAAGGCCGTACCATTT	1
351	350	8	GAAGCGTCAAGGCCGTACCATTTA	1
352	351	8	AAGCGTCAAGGCCGTACCATTTAT	1
353	352	8	AGCGTCAAGGCCGTACCATTTATG	1
354	353	8	GCGTCAAGGCCGTACCATTTATGG	1
355	354	8	CGTCAAGGCCGTACCATTTATGGT	1
356	355	8	GTCAAGGCCGTACCATTTATGGTT	1
357	356	8	TCAAGGCCGTACCATTTATGGTTT	1
358	357	8	CAAGGCCGTACCATTTATGGTTTC	1
359	358	8	AAGGCCGTACCATTTATGGTTTCG	1
360	359	8	AGGCCGTACCATTTATGGTTTCGG	1
361	360	8	GGCCGTACCATTTATGGTTTCGGT	1
362	361	8	GCCGTACCATTTATGGTTTCGGTG	1
363	362	8	CCGTACCATTTATGGTTTCGGTGG	1
364	363	8	CGTACCATTTATGGTTTCGGTGGT	1
365	364	8	GTACCATTTATGGTTTCGGTGGTT	1
366	365	7	TACCATTTATGGTTTCGGTGGTTA	1
367	366	7	ACCATTTATGGTTTCGGTGGTTAA	1
368	367	7	CCATTTATGGTTTCGGTGGTTAAA	1
369	368	6	CATTTATGGTTTCGGTGGTTAAAC	1
370	369	6	ATTTATGGTTTCGGTGGTTAAACT	1
371	370	5	TTTATGGTTTCGGTGGTTAAACTC	1
372	371	5	TTATGGTTTCGGTGGTTAAACTCC	1
373	372	4	TATGGTTTCGGTGGTTAAACTCCT	1
374	373	5	ATGGTTTCGGTGGTTAAACTCCTA	1
375	374	5	TGGTTTCGGTGGTTAAACTCCTAT	1
376	375	4	GGTTTCGGTGGTTAAACTCCTATT	1
377	376	4	GTTTCGGTGGTTAAACTCCTATTA	1
378	377	7	TTTCGGTGGTTAAACTCCTATTAC	1
379	378	7	TTCGGTGGTTAAACTCCTATTACA	1
380	379	7	TCGGTGGTTAAACTCCTATTACAT	1
381	380	7	CGGTGGTTAAACTCCTATTACATT	1
382	381	7	GGTGGTTAAACTCCTATTACATTG	1
383	382	7	GTGGTTAAACTCCTATTACATTGA	1
384	383	7	TGGTTAAACTCCTATTACATTGAT	1
385	384	7	GGTTAAACTCCTATTACATTGATT	1
386	385	7	GTTAAACTCCTATTACATTGATTT	1
387	386	7	TTAAACTCCTATTACATTGATTTT	1
388	387	7	TAAACTCCTATTACATTGATTTTT	1
389	388	8	AAACTCCTATTACATTGATTTTTT	1
390	389	7	AACTCCTATTACATTGATTTTTTT	1
391	390	8	ACTCCTATTACATTGATTTTTTTC	1
392	391	8	CTCCTATTACATTGATTTTTTTCT	1
393	392	6	TCCTATTACATTGATTTTTTTCTC	1
394	393	6	CCTATTACATTGATTTTTTTCTCC	1
395	394	6	CTATTACATTGATTTTTTTCTCCT	1
396	395	7	TATTACATTGATTTTTTTCTCCTT	1
397	396	9	ATTACATTGATTTTTTTCTCCTTG	1
398	397	9	TTACATTGATTTTTTTCTCCTTGT	1
399	398	9	TACATTGATTTTTTTCTCCTTGTT	1
400	399	9	ACATTGATTTTTTTCTCCTTGTTT	1
401	400	9	CATTGATTTTTTTCTCCTTGTTTG	1
402	401	10	ATTGATTTTTTTCTCCTTGTTTGT	1
403	402	10	TTGATTTTTTTCTCCTTGTTTGTA	1
404	403	10	TGATTTTTTTCTCCTTGTTTGTAT	1
405	404	10	GATTTTTTTCTCCTTGTTTGTATA	1
406	405	10	ATTTTTTTCTCCTTGTTTGTATAT	1
407	406	10	TTTTTTTCTCCTTGTTTGTATATC	1
408	407	10	TTTTTTCTCCTTGTTTGTATATCA	1
409	408	10	TTTTTCTCCTTGTTTGTATATCAC	1
410	409	10	TTTTCTCCTTGTTTGTATATCACT	1
411	410	10	TTTCTCCTTGTTTGTATATCACTT	1
412	411	10	TTCTCCTTGTTTGTATATCACTTT	1
413	412	10	TCTCCTTGTTTGTATATCACTTTA	1
414	413	10	CTCCTTGTTTGTATATCACTTTAT	1
415	414	10	TCCTTGTTTGTATATCACTTTATT	1
416	415	10	CCTTGTTTGTATATCACTTTATTA	1
417	416	10	CTTGTTTGTATATCACTTTATTAT	1
418	417	9	TTGTTTGTATATCACTTTATTATT	1
419	418	9	TGTTTGTATATCACTTTATTATTT	1
420	419	9	GTTTGTATATCACTTTATTATTTA	1
421	420	9	TTTGTATATCACTTTATTATTTAC	1
422	421	6	TTGTATATCACTTTATTATTTACC	1
423	422	6	TGTATATCACTTTATTATTTACCA	1
424	423	6	GTATATCACTTTATTATTTACCAC	1
425	424	6	TATATCACTTTATTATTTACCACT	1
426	425	6	ATATCACTTTATTATTTACCACTT	1
427	426	6	TATCACTTTATTATTTACCACTTA	1
428	427	6	ATCACTTTATTATTTACCACTTAA	1
429	428	6	TCACTTTATTATTTACCACTTAAT	1
430	429	6	CACTTTATTATTTACCACTTAATT	1
431	430	6	ACTTTATTATTTACCACTTAATTC	1
432	431	6	CTTTATTATTTACCACTTAATTCC	1
433	432	4	TTTATTATTTACCACTTAATTCCT	1
434	433	4	TTATTATTTACCACTTAATTCCTT	1
435	434	4	TATTATTTACCACTTAATTCCTTT	1
436	435	4	ATTATTTACCACTTAATTCCTTTT	1
437	436	4	TTATTTACCACTTAATTCCTTTTT	1
438	437	4	TATTTACCACTTAATTCCTTTTTT	1
439	438	4	ATTTACCACTTAATTCCTTTTTTA	1
440	439	4	TTTACCACTTAATTCCTTTTTTAC	1
441	440	1	TTACCACTTAATTCCTTTTTTACC	1
442	441	1	TACCACTTAATTCCTTTTTTACCC	1
443	442	1	ACCACTTAATTCCTTTTTTACCCC	1
444	443	1	CCACTTAATTCCTTTTTTACCCCT	1
445	444	1	CACTTAATTCCTTTTTTACCCCTG	1
446	445	1	ACTTAATTCCTTTTTTACCCCTGT	1
447	446	1	CTTAATTCCTTTTTTACCCCTGTC	1
448	447	1	TTAATTCCTTTTTTACCCCTGTCT	1
449	448	1	TAATTCCTTTTTTACCCCTGTCTG	1
450	449	1	AATTCCTTTTTTACCCCTGTCTGC	1
451	450	1	ATTCCTTTTTTACCCCTGTCTGCT	1
452	451	1	TTCCTTTTTTACCCCTGTCTGCTA	1
453	452	1	TCCTTTTTTACCCCTGTCTGCTAT	1
454	453	1	CCTTTTTTACCCCTGTCTGCTATA	1
455	454	1	CTTTTTTACCCCTGTCTGCTATAA	1
456	455	1	TTTTTTACCCCTGTCTGCTATAAA	1
457	456	1	TTTTTACCCCTGTCTGCTATAAAT	1
458	457	1	TTTTACCCCTGTCTGCTATAAATG	1
459	458	1	TTTACCCCTGTCTGCTATAAATGT	1
460	459	1	TTACCCCTGTCTGCTATAAATGTT	1
461	460	1	TACCCCTGTCTGCTATAAATGTTG	1
462	461	1	ACCCCTGTCTGCTATAAATGTTGT	1
463	462	1	CCCCTGTCTGCTATAAATGTTGTG	1
464	463	1	CCCTGTCTGCTATAAATGTTGTGC	1
465	464	3	CCTGTCTGCTATAAATGTTGTGCA	1
466	465	3	CTGTCTGCTATAAATGTTGTGCAA	1
467	466	3	TGTCTGCTATAAATGTTGTGCAAT	1
468	467	4	GTCTGCTATAAATGTTGTGCAATT	1
469	468	4	TCTGCTATAAATGTTGTGCAATTG	1
470	469	4	CTGCTATAAATGTTGTGCAATTGT	1
471	470	4	TGCTATAAATGTTGTGCAATTGTT	1
472	471	4	GCTATAAATGTTGTGCAATTGTTC	1
473	472	4	CTATAAATGTTGTGCAATTGTTCG	1
474	473	4	TATAAATGTTGTGCAATTGTTCGT	1
475	474	4	ATAAATGTTGTGCAATTGTTCGTG	1
476	475	4	TAAATGTTGTGCAATTGTTCGTGA	1
477	476	4	AAATGTTGTGCAATTGTTCGTGAA	1
478	477	4	AATGTTGTGCAATTGTTCGTGAAA	1
479	478	3	ATGTTGTGCAATTGTTCGTGAAAT	1
480	479	3	TGTTGTGCAATTGTTCGTGAAATT	1
481	480	3	GTTGTGCAATTGTTCGTGAAATTT	1
482	481	3	TTGTGCAATTGTTCGTGAAATTTG	1
483	482	3	TGTGCAATTGTTCGTGAAATTTGA	1
484	483	3	GTGCAATTGTTCGTGAAATTTGAA	1
485	484	3	TGCAATTGTTCGTGAAATTTGAAT	1
486	485	3	GCAATTGTTCGTGAAATTTGAATT	1
487	486	3	CAATTGTTCGTGAAATTTGAATTA	1
488	487	3	AATTGTTCGTGAAATTTGAATTAT	1
489	488	3	ATTGTTCGTGAAATTTGAATTATC	1
490	489	3	TTGTTCGTGAAATTTGAATTATCT	1
491	490	3	TGTTCGTGAAATTTGAATTATCTA	1
492	491	3	GTTCGTGAAATTTGAATTATCTAT	1
493	492	3	TTCGTGAAATTTGAATTATCTATC	1
494	493	3	TCGTGAAATTTGAATTATCTATCA	1
495	494	3	CGTGAAATTTGAATTATCTATCAA	1
496	495	3	GTGAAATTTGAATTATCTATCAAT	1
497	496	3	TGAAATTTGAATTATCTATCAATA	1
498	497	3	GAAATTTGAATTATCTATCAATAT	1
499	498	3	AAATTTGAATTATCTATCAATATA	1
500	499	3	AATTTGAATTATCTATCAATATAA	1
501	500	3	ATTTGAATTATCTATCAATATAAT	1
502	501	3	TTTGAATTATCTATCAATATAATT	1
503	502	3	TTGAATTATCTATCAATATAATTT	1
504	503	4	TGAATTATCTATCAATATAATTTT	1
505	504	4	GAATTATCTATCAATATAATTTTT	1
506	505	4	AATTATCTATCAATATAATTTTTG	1
507	506	4	ATTATCTATCAATATAATTTTTGT	1
508	507	4	TTATCTATCAATATAATTTTTGTG	1
509	508	2	TATCTATCAATATAATTTTTGTGG	1
510	509	2	ATCTATCAATATAATTTTTGTGGA	1
511	510	1	TCTATCAATATAATTTTTGTGGAT	1
512	511	1	CTATCAATATAATTTTTGTGGATT	1
513	512	1	TATCAATATAATTTTTGTGGATTA	1
514	513	1	ATCAATATAATTTTTGTGGATTAT	1
515	514	1	TCAATATAATTTTTGTGGATTATT	1
516	515	1	CAATATAATTTTTGTGGATTATTA	1
517	516	1	AATATAATTTTTGTGGATTATTAC	1
518	517	1	ATATAATTTTTGTGGATTATTACC	1
519	518	1	TATAATTTTTGTGGATTATTACCT	1
520	519	1	ATAATTTTTGTGGATTATTACCTC	1
521	520	1	TAATTTTTGTGGATTATTACCTCT	1
522	521	1	AATTTTTGTGGATTATTACCTCTT	1
523	522	1	ATTTTTGTGGATTATTACCTCTTT	1
524	523	1	TTTTTGTGGATTATTACCTCTTTC	1
525	524	1	TTTTGTGGATTATTACCTCTTTCT	1
526	525	1	TTTGTGGATTATTACCTCTTTCTG	1
527	526	1	TTGTGGATTATTACCTCTTTCTGC	1
528	527	1	TGTGGATTATTACCTCTTTCTGCG	1
529	528	1	GTGGATTATTACCTCTTTCTGCGA	1
530	529	1	TGGATTATTACCTCTTTCTGCGAC	1
531	530	1	GGATTATTACCTCTTTCTGCGACT	1
532	531	1	GATTATTACCTCTTTCTGCGACTT	1
533	532	1	ATTATTACCTCTTTCTGCGACTTT	1
534	533	1	TTATTACCTCTTTCTGCGACTTTC	1
535	534	1	TATTACCTCTTTCTGCGACTTTCC	1
536	535	1	ATTACCTCTTTCTGCGACTTTCCC	1
537	536	1	TTACCTCTTTCTGCGACTTTCCCT	1
538	537	1	TACCTCTTTCTGCGACTTTCCCTT	1
539	538	1	ACCTCTTTCTGCGACTTTCCCTTT	1
540	539	1	CCTCTTTCTGCGACTTTCCCTTTT	1
541	540	1	CTCTTTCTGCGACTTTCCCTTTTT	1
542	541	1	TCTTTCTGCGACTTTCCCTTTTTC	1
543	542	1	CTTTCTGCGACTTTCCCTTTTTCA	1
544	543	1	TTTCTGCGACTTTCCCTTTTTCAG	1
545	544	1	TTCTGCGACTTTCCCTTTTTCAGC	1
546	545	1	TCTGCGACTTTCCCTTTTTCAGCA	1
547	546	1	CTGCGACTTTCCCTTTTTCAGCAG	1
548	-1	0	CTTTGGACGTTGTCTATTCTTTGA	1
549	548	1	TTTGGACGTTGTCTATTCTTTGAA	1
550	549	1	TTGGACGTTGTCTATTCTTTGAAG	1
551	550	1	TGGACGTTGTCTATTCTTTGAAGC	1
552	551	2	GGACGTTGTCTATTCTTTGAAGCG	1
553	552	2	GACGTTGTCTATTCTTTGAAGCGT	1
554	553	2	ACGTTGTCTATTCTTTGAAGCGTC	1
555	554	2	CGTTGTCTATTCTTTGAAGCGTCA	1
556	555	2	GTTGTCTATTCTTTGAAGCGTCAA	1
557	556	2	TTGTCTATTCTTTGAAGCGTCAAG	1
558	557	2	TGTCTATTCTTTGAAGCGTCAAGG	1
559	558	2	GTCTATTCTTTGAAGCGTCAAGGC	1
560	559	2	TCTATTCTTTGAAGCGTCAAGGCC	1
561	560	2	CTATTCTTTGAAGCGTCAAGGCCG	1
562	561	2	TATTCTTTGAAGCGTCAAGGCCGT	1
563	562	2	ATTCTTTGAAGCGTCAAGGCCGTA	1
564	563	2	TTCTTTGAAGCGTCAAGGCCGTAC	1
565	-1	0	GGTGGTGCTAAGCGCCATCGTAAG	1
566	565	1	GTGGTGCTAAGCGCCATCGTAAGA	1
567	566	1	TGGTGCTAAGCGCCATCGTAAGAT	1
568	567	1	GGTGCTAAGCGCCATCGTAAGATC	1
569	568	1	GTGCTAAGCGCCATCGTAAGATCC	1
570	569	1	TGCTAAGCGCCATCGTAAGATCCT	1
571	570	1	GCTAAGCGCCATCGTAAGATCCTT	1
572	571	1	CTAAGCGCCATCGTAAGATCCTTC	1
573	572	1	TAAGCGCCATCGTAAGATCCTTCG	1
574	573	1	AAGCGCCATCGTAAGATCCTTCGT	1
575	574	1	AGCGCCATCGTAAGATCCTTCGTG	1
576	575	1	GCGCCATCGTAAGATCCTTCGTGA	1
577	576	1	CGCCATCGTAAGATCCTTCGTGAT	1
578	577	2	GCCATCGTAAGATCCTTCGTGATA	1
579	578	2	CCATCGTAAGATCCTTCGTGATAA	1
580	579	2	CATCGTAAGATCCTTCGTGATAAC	1
581	580	2	ATCGTAAGATCCTTCGTGATAACA	1
582	581	2	TCGTAAGATCCTTCGTGATAACAT	1
583	582	2	CGTAAGATCCTTCGTGATAACATT	1
584	583	2	GTAAGATCCTTCGTGATAACATTC	1
585	584	2	TAAGATCCTTCGTGATAACATTCA	1
586	585	2	AAGATCCTTCGTGATAACATTCAA	1
587	586	2	AGATCCTTCGTGATAACATTCAAG	1
588	587	2	GATCCTTCGTGATAACATTCAAGG	1
589	588	2	ATCCTTCGTGATAACATTCAAGGT	1
590	589	2	TCCTTCGTGATAACATTCAAGGTA	1
591	590	2	CCTTCGTGATAACATTCAAGGTAT	1
592	591	2	CTTCGTGATAACATTCAAGGTATT	1
593	592	2	TTCGTGATAACATTCAAGGTATTA	1
594	593	2	TCGTGATAACATTCAAGGTATTAC	1
595	594	2	CGTGATAACATTCAAGGTATTACT	1
596	595	2	GTGATAACATTCAAGGTATTACTA	1
597	596	2	TGATAACATTCAAGGTATTACTAA	1
598	597	2	GATAACATTCAAGGTATTACTAAG	1
599	598	2	ATAACATTCAAGGTATTACTAAGC	1
600	599	2	TAACATTCAAGGTATTACTAAGCC	1
601	600	2	AACATTCAAGGTATTACTAAGCCT	1
602	601	3	ACATTCAAGGTATTACTAAGCCTG	1
603	602	3	CATTCAAGGTATTACTAAGCCTGC	1
604	603	1	ATTCAAGGTATTACTAAGCCTGCT	1
605	604	1	TTCAAGGTATTACTAAGCCTGCTA	1
606	605	1	TCAAGGTATTACTAAGCCTGCTAT	1
607	606	1	CAAGGTATTACTAAGCCTGCTATC	1
608	607	1	AAGGTATTACTAAGCCTGCTATCC	1
609	608	1	AGGTATTACTAAGCCTGCTATCCG	1
610	609	1	GGTATTACTAAGCCTGCTATCCGT	1
611	610	1	GTATTACTAAGCCTGCTATCCGTC	1
612	611	1	TATTACTAAGCCTGCTATCCGTCG	1
613	612	1	ATTACTAAGCCTGCTATCCGTCGT	1
614	613	1	TTACTAAGCCTGCTATCCGTCGTC	1
615	614	1	TACTAAGCCTGCTATCCGTCGTCT	1
616	615	2	ACTAAGCCTGCTATCCGTCGTCTT	1
617	616	2	CTAAGCCTGCTATCCGTCGTCTTG	1
618	617	2	TAAGCCTGCTATCCGTCGTCTTGC	1
619	618	2	AAGCCTGCTATCCGTCGTCTTGCT	1
620	619	2	AGCCTGCTATCCGTCGTCTTGCTC	1
621	620	2	GCCTGCTATCCGTCGTCTTGCTCG	1
622	621	2	CCTGCTATCCGTCGTCTTGCTCGT	1
623	622	2	CTGCTATCCGTCGTCTTGCTCGTC	1
624	623	2	TGCTATCCGTCGTCTTGCTCGTCG	1
625	624	2	GCTATCCGTCGTCTTGCTCGTCGT	1
626	625	2	CTATCCGTCGTCTTGCTCGTCGTG	1
627	626	2	TATCCGTCGTCTTGCTCGTCGTGG	1
628	627	2	ATCCGTCGTCTTGCTCGTCGTGGT	1
629	628	2	TCCGTCGTCTTGCTCGTCGTGGTG	1
630	629	2	CCGTCGTCTTGCTCGTCGTGGTGG	1
631	630	2	CGTCGTCTTGCTCGTCGTGGTGGT	1
632	631	3	GTCGTCTTGCTCGTCGTGGTGGTG	1
633	131	1	CGTCTTGCTCGTCGTGGTGGTGTT	1
634	633	1	GTCTTGCTCGTCGTGGTGGTGTTA	1
635	634	1	TCTTGCTCGTCGTGGTGGTGTTAA	1
636	635	1	CTTGCTCGTCGTGGTGGTGTTAAG	1
637	636	1	TTGCTCGTCGTGGTGGTGTTAAGC	1
638	637	1	TGCTCGTCGTGGTGGTGTTAAGCG	1
639	638	1	GCTCGTCGTGGTGGTGTTAAGCGT	1
640	639	1	CTCGTCGTGGTGGTGTTAAGCGTA	1
641	640	1	TCGTCGTGGTGGTGTTAAGCGTAT	1
642	641	1	CGTCGTGGTGGTGTTAAGCGTATT	1
643	642	1	GTCGTGGTGGTGTTAAGCGTATTT	1
644	643	1	TCGTGGTGGTGTTAAGCGTATTTC	1
645	644	1	CGTGGTGGTGTTAAGCGTATTTCC	1
646	645	1	GTGGTGGTGTTAAGCGTATTTCCG	1
647	646	1	TGGTGGTGTTAAGCGTATTTCCGC	1
648	647	1	GGTGGTGTTAAGCGTATTTCCGCT	1
649	648	1	GTGGTGTTAAGCGTATTTCCGCTT	1
650	649	1	TGGTGTTAAGCGTATTTCCGCTTT	1
651	650	1	GGTGTTAAGCGTATTTCCGCTTTA	1
652	651	1	GTGTTAAGCGTATTTCCGCTTTAG	1
653	652	1	TGTTAAGCGTATTTCCGCTTTAGT	1
654	653	1	GTTAAGCGTATTTCCGCTTTAGTT	1
655	654	1	TTAAGCGTATTTCCGCTTTAGTTT	1
656	655	1	TAAGCGTATTTCCGCTTTAGTTTA	1
657	656	1	AAGCGTATTTCCGCTTTAGTTTAC	1
658	657	1	AGCGTATTTCCGCTTTAGTTTACG	1
659	658	1	GCGTATTTCCGCTTTAGTTTACGA	1
660	659	1	CGTATTTCCGCTTTAGTTTACGAA	1
661	660	1	GTATTTCCGCTTTAGTTTACGAAG	1
662	661	1	TATTTCCGCTTTAGTTTACGAAGA	1
663	662	2	ATTTCCGCTTTAGTTTACGAAGAG	1
664	663	2	TTTCCGCTTTAGTTTACGAAGAGA	1
665	664	2	TTCCGCTTTAGTTTACGAAGAGAC	1
666	665	2	TCCGCTTTAGTTTACGAAGAGACT	1
667	666	2	CCGCTTTAGTTTACGAAGAGACTC	1
668	667	2	CGCTTTAGTTTACGAAGAGACTCG	1
669	668	2	GCTTTAGTTTACGAAGAGACTCGT	1
670	669	2	CTTTAGTTTACGAAGAGACTCGTG	1
671	670	2	TTTAGTTTACGAAGAGACTCGTGC	1
672	671	2	TTAGTTTACGAAGAGACTCGTGCT	1
673	672	2	TAGTTTACGAAGAGACTCGTGCTG	1
674	673	2	AGTTTACGAAGAGACTCGTGCTGT	1
675	674	2	GTTTACGAAGAGACTCGTGCTGTC	1
676	675	1	TTTACGAAGAGACTCGTGCTGTCC	1
677	676	1	TTACGAAGAGACTCGTGCTGTCCT	1
678	677	1	TACGAAGAGACTCGTGCTGTCCTC	1
679	678	1	ACGAAGAGACTCGTGCTGTCCTCA	1
680	679	1	CGAAGAGACTCGTGCTGTCCTCAA	1
681	680	1	GAAGAGACTCGTGCTGTCCTCAAG	1
682	681	1	AAGAGACTCGTGCTGTCCTCAAGC	1
683	682	3	AGAGACTCGTGCTGTCCTCAAGCT	1
684	683	3	GAGACTCGTGCTGTCCTCAAGCTC	1
685	684	4	AGACTCGTGCTGTCCTCAAGCTCT	1
686	685	4	GACTCGTGCTGTCCTCAAGCTCTT	1
687	686	4	ACTCGTGCTGTCCTCAAGCTCTTC	1
688	687	4	CTCGTGCTGTCCTCAAGCTCTTCT	1
689	688	4	TCGTGCTGTCCTCAAGCTCTTCTT	1
690	689	5	CGTGCTGTCCTCAAGCTCTTCTTG	1
691	690	5	GTGCTGTCCTCAAGCTCTTCTTGG	1
692	691	5	TGCTGTCCTCAAGCTCTTCTTGGA	1
693	692	5	GCTGTCCTCAAGCTCTTCTTGGAA	1
694	693	5	CTGTCCTCAAGCTCTTCTTGGAAA	1
695	694	5	TGTCCTCAAGCTCTTCTTGGAAAA	1
696	695	5	GTCCTCAAGCTCTTCTTGGAAAAT	1
697	696	5	TCCTCAAGCTCTTCTTGGAAAATG	1
698	697	5	CCTCAAGCTCTTCTTGGAAAATGT	1
699	698	5	CTCAAGCTCTTCTTGGAAAATGTT	1
700	699	5	TCAAGCTCTTCTTGGAAAATGTTA	1
701	700	5	CAAGCTCTTCTTGGAAAATGTTAT	1
702	701	5	AAGCTCTTCTTGGAAAATGTTATT	1
703	702	5	AGCTCTTCTTGGAAAATGTTATTC	1
704	703	5	GCTCTTCTTGGAAAATGTTATTCG	1
705	704	5	CTCTTCTTGGAAAATGTTATTCGT	1
706	705	5	TCTTCTTGGAAAATGTTATTCGTG	1
707	706	4	CTTCTTGGAAAATGTTATTCGTGA	1
708	707	4	TTCTTGGAAAATGTTATTCGTGAT	1
709	708	4	TCTTGGAAAATGTTATTCGTGATG	1
710	709	4	CTTGGAAAATGTTATTCGTGATGC	1
711	710	4	TTGGAAAATGTTATTCGTGATGCT	1
712	711	4	TGGAAAATGTTATTCGTGATGCTG	1
713	712	4	GGAAAATGTTATTCGTGATGCTGT	1
714	713	4	GAAAATGTTATTCGTGATGCTGTC	1
715	714	4	AAAATGTTATTCGTGATGCTGTCA	1
716	715	3	AAATGTTATTCGTGATGCTGTCAC	1
717	716	3	AATGTTATTCGTGATGCTGTCACC	1
718	717	3	ATGTTATTCGTGATGCTGTCACCT	1
719	718	3	TGTTATTCGTGATGCTGTCACCTA	1
720	719	3	GTTATTCGTGATGCTGTCACCTAT	1
721	720	3	TTATTCGTGATGCTGTCACCTATA	1
722	721	3	TATTCGTGATGCTGTCACCTATAC	1
723	722	3	ATTCGTGATGCTGTCACCTATACT	1
724	723	3	TTCGTGATGCTGTCACCTATACTG	1
725	724	3	TCGTGATGCTGTCACCTATACTGA	1
726	725	3	CGTGATGCTGTCACCTATACTGAG	1
727	726	2	GTGATGCTGTCACCTATACTGAGC	1
728	727	2	TGATGCTGTCACCTATACTGAGCA	1
729	728	1	GATGCTGTCACCTATACTGAGCAT	1
730	729	1	ATGCTGTCACCTATACTGAGCATG	1
731	730	1	TGCTGTCACCTATACTGAGCATGC	1
732	731	1	GCTGTCACCTATACTGAGCATGCC	1
733	732	1	CTGTCACCTATACTGAGCATGCCA	1
734	733	1	TGTCACCTATACTGAGCATGCCAA	1
735	234	5	TCACCTATACTGAGCATGCCAAGC	1
736	735	5	CACCTATACTGAGCATGCCAAGCG	1
737	736	5	ACCTATACTGAGCATGCCAAGCGT	1
738	737	5	CCTATACTGAGCATGCCAAGCGTA	1
739	738	5	CTATACTGAGCATGCCAAGCGTAA	1
740	739	5	TATACTGAGCATGCCAAGCGTAAG	1
741	740	5	ATACTGAGCATGCCAAGCGTAAGA	1
742	741	5	TACTGAGCATGCCAAGCGTAAGAC	1
743	742	5	ACTGAGCATGCCAAGCGTAAGACT	1
744	743	5	CTGAGCATGCCAAGCGTAAGACTG	1
745	744	5	TGAGCATGCCAAGCGTAAGACTGT	1
746	745	3	GAGCATGCCAAGCGTAAGACTGTC	1
747	746	3	AGCATGCCAAGCGTAAGACTGTCA	1
748	747	2	GCATGCCAAGCGTAAGACTGTCAC	1
749	748	2	CATGCCAAGCGTAAGACTGTCACT	1
750	749	2	ATGCCAAGCGTAAGACTGTCACTT	1
751	750	2	TGCCAAGCGTAAGACTGTCACTTC	1
752	751	2	GCCAAGCGTAAGACTGTCACTTCT	1
753	752	2	CCAAGCGTAAGACTGTCACTTCTT	1
754	753	2	CAAGCGTAAGACTGTCACTTCTTT	1
755	754	2	AAGCGTAAGACTGTCACTTCTTTG	1
756	755	2	AGCGTAAGACTGTCACTTCTTTGG	1
757	756	1	GCGTAAGACTGTCACTTCTTTGGA	1
