Component 681
1	-1	0	CGTCTTCGTGGCGGTCTTTTTTAA	1
2	1	1	GTCTTCGTGGCGGTCTTTTTTAAT	1
3	2	1	TCTTCGTGGCGGTCTTTTTTAATC	1
4	3	1	CTTCGTGGCGGTCTTTTTTAATCA	1
5	4	1	TTCGTGGCGGTCTTTTTTAATCAT	1
6	5	1	TCGTGGCGGTCTTTTTTAATCATC	1
7	6	2	CGTGGCGGTCTTTTTTAATCATCC	1
8	7	3	GTGGCGGTCTTTTTTAATCATCCT	1
9	8	3	TGGCGGTCTTTTTTAATCATCCTT	1
10	9	3	GGCGGTCTTTTTTAATCATCCTTT	1
11	10	3	GCGGTCTTTTTTAATCATCCTTTG	1
12	11	3	CGGTCTTTTTTAATCATCCTTTGT	1
13	12	3	GGTCTTTTTTAATCATCCTTTGTA	1
14	13	3	GTCTTTTTTAATCATCCTTTGTAA	1
15	14	3	TCTTTTTTAATCATCCTTTGTAAT	1
16	15	4	CTTTTTTAATCATCCTTTGTAATT	1
17	16	4	TTTTTTAATCATCCTTTGTAATTG	1
18	17	4	TTTTTAATCATCCTTTGTAATTGA	1
19	18	4	TTTTAATCATCCTTTGTAATTGAC	1
20	19	4	TTTAATCATCCTTTGTAATTGACT	1
21	20	4	TTAATCATCCTTTGTAATTGACTA	1
22	21	4	TAATCATCCTTTGTAATTGACTAG	1
23	22	4	AATCATCCTTTGTAATTGACTAGT	1
24	23	4	ATCATCCTTTGTAATTGACTAGTT	1
25	24	4	TCATCCTTTGTAATTGACTAGTTC	1
26	25	4	CATCCTTTGTAATTGACTAGTTCA	1
27	26	5	ATCCTTTGTAATTGACTAGTTCAA	1
28	27	5	TCCTTTGTAATTGACTAGTTCAAC	1
29	28	5	CCTTTGTAATTGACTAGTTCAACT	1
30	29	5	CTTTGTAATTGACTAGTTCAACTT	1
31	30	5	TTTGTAATTGACTAGTTCAACTTT	1
32	31	5	TTGTAATTGACTAGTTCAACTTTA	1
33	32	5	TGTAATTGACTAGTTCAACTTTAA	1
34	33	5	GTAATTGACTAGTTCAACTTTAAC	1
35	34	5	TAATTGACTAGTTCAACTTTAACG	1
36	35	5	AATTGACTAGTTCAACTTTAACGT	1
37	36	5	ATTGACTAGTTCAACTTTAACGTT	1
38	37	5	TTGACTAGTTCAACTTTAACGTTT	1
39	38	5	TGACTAGTTCAACTTTAACGTTTT	1
40	39	5	GACTAGTTCAACTTTAACGTTTTT	1
41	40	5	ACTAGTTCAACTTTAACGTTTTTT	1
42	41	5	CTAGTTCAACTTTAACGTTTTTTC	1
43	42	5	TAGTTCAACTTTAACGTTTTTTCA	1
44	43	5	AGTTCAACTTTAACGTTTTTTCAA	1
45	44	5	GTTCAACTTTAACGTTTTTTCAAT	1
46	45	4	TTCAACTTTAACGTTTTTTCAATT	1
47	46	4	TCAACTTTAACGTTTTTTCAATTG	1
48	47	4	CAACTTTAACGTTTTTTCAATTGG	1
49	48	4	AACTTTAACGTTTTTTCAATTGGC	1
50	49	4	ACTTTAACGTTTTTTCAATTGGCT	1
51	50	3	CTTTAACGTTTTTTCAATTGGCTG	1
52	51	2	TTTAACGTTTTTTCAATTGGCTGA	1
53	52	2	TTAACGTTTTTTCAATTGGCTGAT	1
54	53	2	TAACGTTTTTTCAATTGGCTGATT	1
55	54	2	AACGTTTTTTCAATTGGCTGATTT	1
56	55	2	ACGTTTTTTCAATTGGCTGATTTA	1
57	56	2	CGTTTTTTCAATTGGCTGATTTAG	1
58	57	2	GTTTTTTCAATTGGCTGATTTAGT	1
59	58	2	TTTTTTCAATTGGCTGATTTAGTT	1
60	59	1	TTTTTCAATTGGCTGATTTAGTTA	1
61	60	1	TTTTCAATTGGCTGATTTAGTTAT	1
62	61	1	TTTCAATTGGCTGATTTAGTTATC	1
63	62	1	TTCAATTGGCTGATTTAGTTATCC	1
64	-1	0	CACAATCTCTACCATGCAGATTTT	1
65	64	3	ACAATCTCTACCATGCAGATTTTC	1
66	65	3	CAATCTCTACCATGCAGATTTTCG	1
67	66	3	AATCTCTACCATGCAGATTTTCGT	1
68	67	3	ATCTCTACCATGCAGATTTTCGTC	1
69	68	3	TCTCTACCATGCAGATTTTCGTCA	1
70	69	3	CTCTACCATGCAGATTTTCGTCAA	1
71	70	4	TCTACCATGCAGATTTTCGTCAAG	1
72	71	4	CTACCATGCAGATTTTCGTCAAGA	1
73	72	4	TACCATGCAGATTTTCGTCAAGAC	1
74	73	5	ACCATGCAGATTTTCGTCAAGACA	1
75	74	5	CCATGCAGATTTTCGTCAAGACAT	1
76	75	5	CATGCAGATTTTCGTCAAGACATT	1
77	76	5	ATGCAGATTTTCGTCAAGACATTA	1
78	77	5	TGCAGATTTTCGTCAAGACATTAA	1
79	78	5	GCAGATTTTCGTCAAGACATTAAC	1
80	79	5	CAGATTTTCGTCAAGACATTAACT	1
81	80	5	AGATTTTCGTCAAGACATTAACTG	1
82	81	6	GATTTTCGTCAAGACATTAACTGG	1
83	82	6	ATTTTCGTCAAGACATTAACTGGA	1
84	83	6	TTTTCGTCAAGACATTAACTGGAA	1
85	84	6	TTTCGTCAAGACATTAACTGGAAA	1
86	85	6	TTCGTCAAGACATTAACTGGAAAG	1
87	86	6	TCGTCAAGACATTAACTGGAAAGA	1
88	87	6	CGTCAAGACATTAACTGGAAAGAC	1
89	88	6	GTCAAGACATTAACTGGAAAGACT	1
90	89	6	TCAAGACATTAACTGGAAAGACTA	1
91	90	6	CAAGACATTAACTGGAAAGACTAT	1
92	91	6	AAGACATTAACTGGAAAGACTATT	1
93	92	6	AGACATTAACTGGAAAGACTATTA	1
94	93	6	GACATTAACTGGAAAGACTATTAC	1
95	94	6	ACATTAACTGGAAAGACTATTACA	1
96	95	6	CATTAACTGGAAAGACTATTACAT	1
97	96	6	ATTAACTGGAAAGACTATTACATT	1
98	97	6	TTAACTGGAAAGACTATTACATTG	1
99	98	6	TAACTGGAAAGACTATTACATTGG	1
100	99	6	AACTGGAAAGACTATTACATTGGA	1
101	100	6	ACTGGAAAGACTATTACATTGGAA	1
102	101	6	CTGGAAAGACTATTACATTGGAAG	1
103	102	6	TGGAAAGACTATTACATTGGAAGT	1
104	103	6	GGAAAGACTATTACATTGGAAGTT	1
105	104	5	GAAAGACTATTACATTGGAAGTTG	1
106	105	5	AAAGACTATTACATTGGAAGTTGA	1
107	106	5	AAGACTATTACATTGGAAGTTGAA	1
108	107	5	AGACTATTACATTGGAAGTTGAAT	1
109	108	2	GACTATTACATTGGAAGTTGAATC	1
110	109	2	ACTATTACATTGGAAGTTGAATCT	1
111	110	2	CTATTACATTGGAAGTTGAATCTT	1
112	111	2	TATTACATTGGAAGTTGAATCTTC	1
113	112	2	ATTACATTGGAAGTTGAATCTTCC	1
114	113	2	TTACATTGGAAGTTGAATCTTCCG	1
115	114	1	TACATTGGAAGTTGAATCTTCCGA	1
116	115	1	ACATTGGAAGTTGAATCTTCCGAT	1
117	116	1	CATTGGAAGTTGAATCTTCCGATA	1
118	317	16	CAACATTCAAAAGGAGTCTACTCT	1
119	118	7	AACATTCAAAAGGAGTCTACTCTA	1
120	119	7	ACATTCAAAAGGAGTCTACTCTAC	1
121	120	7	CATTCAAAAGGAGTCTACTCTACA	1
122	121	7	ATTCAAAAGGAGTCTACTCTACAT	1
123	122	7	TTCAAAAGGAGTCTACTCTACATC	1
124	123	8	TCAAAAGGAGTCTACTCTACATCT	1
125	124	8	CAAAAGGAGTCTACTCTACATCTT	1
126	125	8	AAAAGGAGTCTACTCTACATCTTG	1
127	126	9	AAAGGAGTCTACTCTACATCTTGT	1
128	127	10	AAGGAGTCTACTCTACATCTTGTT	1
129	128	9	AGGAGTCTACTCTACATCTTGTTC	1
130	129	9	GGAGTCTACTCTACATCTTGTTCT	1
131	130	9	GAGTCTACTCTACATCTTGTTCTT	1
132	131	9	AGTCTACTCTACATCTTGTTCTTC	1
133	132	10	GTCTACTCTACATCTTGTTCTTCG	1
134	133	10	TCTACTCTACATCTTGTTCTTCGT	1
135	134	11	CTACTCTACATCTTGTTCTTCGTC	1
136	135	11	TACTCTACATCTTGTTCTTCGTCT	1
137	136	11	ACTCTACATCTTGTTCTTCGTCTT	1
138	137	12	CTCTACATCTTGTTCTTCGTCTTC	1
139	138	15	TCTACATCTTGTTCTTCGTCTTCG	1
140	139	16	CTACATCTTGTTCTTCGTCTTCGT	1
141	140	18	TACATCTTGTTCTTCGTCTTCGTG	1
142	141	18	ACATCTTGTTCTTCGTCTTCGTGG	1
143	142	18	CATCTTGTTCTTCGTCTTCGTGGC	1
144	143	17	ATCTTGTTCTTCGTCTTCGTGGCG	1
145	144	17	TCTTGTTCTTCGTCTTCGTGGCGG	1
146	145	16	CTTGTTCTTCGTCTTCGTGGCGGT	1
146	344	5	CTTGTTCTTCGTCTTCGTGGCGGT	1
147	372	35	AATTTTTGTCAAAACCTTGACTGG	1
148	147	36	ATTTTTGTCAAAACCTTGACTGGT	1
149	148	35	TTTTTGTCAAAACCTTGACTGGTA	1
150	149	36	TTTTGTCAAAACCTTGACTGGTAA	1
151	150	35	TTTGTCAAAACCTTGACTGGTAAA	1
152	151	33	TTGTCAAAACCTTGACTGGTAAAA	1
153	152	33	TGTCAAAACCTTGACTGGTAAAAC	1
154	153	31	GTCAAAACCTTGACTGGTAAAACC	1
155	154	29	TCAAAACCTTGACTGGTAAAACCA	1
156	155	28	CAAAACCTTGACTGGTAAAACCAT	1
157	156	25	AAAACCTTGACTGGTAAAACCATT	1
158	157	24	AAACCTTGACTGGTAAAACCATTA	1
159	158	24	AACCTTGACTGGTAAAACCATTAC	1
160	159	24	ACCTTGACTGGTAAAACCATTACA	1
161	160	24	CCTTGACTGGTAAAACCATTACAT	1
162	161	24	CTTGACTGGTAAAACCATTACATT	1
163	162	23	TTGACTGGTAAAACCATTACATTG	1
164	163	23	TGACTGGTAAAACCATTACATTGG	1
165	164	23	GACTGGTAAAACCATTACATTGGA	1
166	165	23	ACTGGTAAAACCATTACATTGGAA	1
167	166	22	CTGGTAAAACCATTACATTGGAAG	1
168	167	22	TGGTAAAACCATTACATTGGAAGT	1
169	168	22	GGTAAAACCATTACATTGGAAGTT	1
170	169	23	GTAAAACCATTACATTGGAAGTTG	1
171	170	23	TAAAACCATTACATTGGAAGTTGA	1
172	171	23	AAAACCATTACATTGGAAGTTGAG	1
173	172	22	AAACCATTACATTGGAAGTTGAGT	1
174	173	21	AACCATTACATTGGAAGTTGAGTC	1
175	174	21	ACCATTACATTGGAAGTTGAGTCT	1
176	175	21	CCATTACATTGGAAGTTGAGTCTT	1
177	176	21	CATTACATTGGAAGTTGAGTCTTC	1
178	177	21	ATTACATTGGAAGTTGAGTCTTCT	1
179	178	21	TTACATTGGAAGTTGAGTCTTCTG	1
180	179	20	TACATTGGAAGTTGAGTCTTCTGA	1
181	180	20	ACATTGGAAGTTGAGTCTTCTGAC	1
182	181	18	CATTGGAAGTTGAGTCTTCTGACA	1
183	182	17	ATTGGAAGTTGAGTCTTCTGACAC	1
184	183	16	TTGGAAGTTGAGTCTTCTGACACC	1
185	184	15	TGGAAGTTGAGTCTTCTGACACCA	1
186	185	17	GGAAGTTGAGTCTTCTGACACCAT	1
187	186	17	GAAGTTGAGTCTTCTGACACCATT	1
188	187	17	AAGTTGAGTCTTCTGACACCATTG	1
189	188	13	AGTTGAGTCTTCTGACACCATTGA	1
190	189	12	GTTGAGTCTTCTGACACCATTGAT	1
191	190	11	TTGAGTCTTCTGACACCATTGATA	1
192	191	10	TGAGTCTTCTGACACCATTGATAA	1
193	192	10	GAGTCTTCTGACACCATTGATAAC	1
194	193	8	AGTCTTCTGACACCATTGATAACG	1
195	194	7	GTCTTCTGACACCATTGATAACGT	1
196	195	9	TCTTCTGACACCATTGATAACGTA	1
197	196	9	CTTCTGACACCATTGATAACGTAA	1
198	197	9	TTCTGACACCATTGATAACGTAAA	1
199	198	8	TCTGACACCATTGATAACGTAAAG	1
200	199	9	CTGACACCATTGATAACGTAAAGA	1
201	200	9	TGACACCATTGATAACGTAAAGAG	1
202	201	9	GACACCATTGATAACGTAAAGAGC	1
203	202	9	ACACCATTGATAACGTAAAGAGCA	1
204	203	8	CACCATTGATAACGTAAAGAGCAA	1
205	204	8	ACCATTGATAACGTAAAGAGCAAG	1
206	205	8	CCATTGATAACGTAAAGAGCAAGA	1
207	206	9	CATTGATAACGTAAAGAGCAAGAT	1
208	207	9	ATTGATAACGTAAAGAGCAAGATT	1
209	208	9	TTGATAACGTAAAGAGCAAGATTC	1
210	209	9	TGATAACGTAAAGAGCAAGATTCA	1
211	210	9	GATAACGTAAAGAGCAAGATTCAG	1
212	211	9	ATAACGTAAAGAGCAAGATTCAGG	1
213	212	9	TAACGTAAAGAGCAAGATTCAGGA	1
214	213	8	AACGTAAAGAGCAAGATTCAGGAT	1
215	214	10	ACGTAAAGAGCAAGATTCAGGATA	1
216	215	11	CGTAAAGAGCAAGATTCAGGATAA	1
217	216	11	GTAAAGAGCAAGATTCAGGATAAG	1
218	217	12	TAAAGAGCAAGATTCAGGATAAGG	1
219	218	12	AAAGAGCAAGATTCAGGATAAGGA	1
220	219	12	AAGAGCAAGATTCAGGATAAGGAA	1
221	220	12	AGAGCAAGATTCAGGATAAGGAAG	1
222	221	12	GAGCAAGATTCAGGATAAGGAAGG	1
223	222	10	AGCAAGATTCAGGATAAGGAAGGC	1
224	223	9	GCAAGATTCAGGATAAGGAAGGCA	1
225	224	10	CAAGATTCAGGATAAGGAAGGCAT	1
226	225	10	AAGATTCAGGATAAGGAAGGCATT	1
227	226	10	AGATTCAGGATAAGGAAGGCATTC	1
228	227	10	GATTCAGGATAAGGAAGGCATTCC	1
229	228	11	ATTCAGGATAAGGAAGGCATTCCT	1
230	229	9	TTCAGGATAAGGAAGGCATTCCTC	1
231	230	9	TCAGGATAAGGAAGGCATTCCTCC	1
232	231	9	CAGGATAAGGAAGGCATTCCTCCT	1
233	232	8	AGGATAAGGAAGGCATTCCTCCTG	1
234	233	8	GGATAAGGAAGGCATTCCTCCTGA	1
235	234	9	GATAAGGAAGGCATTCCTCCTGAT	1
236	235	9	ATAAGGAAGGCATTCCTCCTGATC	1
237	236	9	TAAGGAAGGCATTCCTCCTGATCA	1
238	237	9	AAGGAAGGCATTCCTCCTGATCAA	1
239	238	9	AGGAAGGCATTCCTCCTGATCAAC	1
240	239	7	GGAAGGCATTCCTCCTGATCAACA	1
241	240	7	GAAGGCATTCCTCCTGATCAACAA	1
242	241	7	AAGGCATTCCTCCTGATCAACAAC	1
243	242	6	AGGCATTCCTCCTGATCAACAACG	1
244	243	5	GGCATTCCTCCTGATCAACAACGT	1
245	244	5	GCATTCCTCCTGATCAACAACGTC	1
246	245	4	CATTCCTCCTGATCAACAACGTCT	1
247	246	9	ATTCCTCCTGATCAACAACGTCTT	1
248	247	10	TTCCTCCTGATCAACAACGTCTTA	1
249	248	11	TCCTCCTGATCAACAACGTCTTAT	1
250	249	13	CCTCCTGATCAACAACGTCTTATT	1
251	250	13	CTCCTGATCAACAACGTCTTATTT	1
252	251	15	TCCTGATCAACAACGTCTTATTTT	1
253	252	15	CCTGATCAACAACGTCTTATTTTT	1
254	253	15	CTGATCAACAACGTCTTATTTTTG	1
255	254	16	TGATCAACAACGTCTTATTTTTGC	1
256	255	16	GATCAACAACGTCTTATTTTTGCT	1
257	256	16	ATCAACAACGTCTTATTTTTGCTG	1
258	257	16	TCAACAACGTCTTATTTTTGCTGG	1
259	258	14	CAACAACGTCTTATTTTTGCTGGT	1
260	259	15	AACAACGTCTTATTTTTGCTGGTA	1
261	260	15	ACAACGTCTTATTTTTGCTGGTAA	1
262	261	15	CAACGTCTTATTTTTGCTGGTAAG	1
263	262	17	AACGTCTTATTTTTGCTGGTAAGC	1
264	263	19	ACGTCTTATTTTTGCTGGTAAGCA	1
265	264	19	CGTCTTATTTTTGCTGGTAAGCAA	1
266	265	19	GTCTTATTTTTGCTGGTAAGCAAC	1
267	266	22	TCTTATTTTTGCTGGTAAGCAACT	1
268	267	22	CTTATTTTTGCTGGTAAGCAACTT	1
269	268	21	TTATTTTTGCTGGTAAGCAACTTG	1
270	269	23	TATTTTTGCTGGTAAGCAACTTGA	1
271	270	23	ATTTTTGCTGGTAAGCAACTTGAA	1
272	271	23	TTTTTGCTGGTAAGCAACTTGAAG	1
273	272	23	TTTTGCTGGTAAGCAACTTGAAGA	1
274	273	15	TTTGCTGGTAAGCAACTTGAAGAC	1
275	274	15	TTGCTGGTAAGCAACTTGAAGACG	1
276	275	15	TGCTGGTAAGCAACTTGAAGACGG	1
277	276	15	GCTGGTAAGCAACTTGAAGACGGA	1
278	277	15	CTGGTAAGCAACTTGAAGACGGAC	1
279	278	14	TGGTAAGCAACTTGAAGACGGACG	1
280	279	14	GGTAAGCAACTTGAAGACGGACGT	1
281	280	14	GTAAGCAACTTGAAGACGGACGTA	1
282	281	14	TAAGCAACTTGAAGACGGACGTAC	1
283	282	14	AAGCAACTTGAAGACGGACGTACT	1
284	283	14	AGCAACTTGAAGACGGACGTACTC	1
285	284	16	GCAACTTGAAGACGGACGTACTCT	1
286	285	16	CAACTTGAAGACGGACGTACTCTT	1
287	286	16	AACTTGAAGACGGACGTACTCTTT	1
288	287	16	ACTTGAAGACGGACGTACTCTTTC	1
289	288	16	CTTGAAGACGGACGTACTCTTTCA	1
290	289	16	TTGAAGACGGACGTACTCTTTCAG	1
291	290	12	TGAAGACGGACGTACTCTTTCAGA	1
292	291	12	GAAGACGGACGTACTCTTTCAGAT	1
293	292	12	AAGACGGACGTACTCTTTCAGATT	1
294	293	12	AGACGGACGTACTCTTTCAGATTA	1
295	294	13	GACGGACGTACTCTTTCAGATTAC	1
296	295	13	ACGGACGTACTCTTTCAGATTACA	1
297	296	13	CGGACGTACTCTTTCAGATTACAA	1
298	396	8	GGACGTACTCTTTCAGATTACAAC	1
298	297	15	GGACGTACTCTTTCAGATTACAAC	1
299	298	22	GACGTACTCTTTCAGATTACAACA	1
300	299	23	ACGTACTCTTTCAGATTACAACAT	1
301	300	23	CGTACTCTTTCAGATTACAACATT	1
302	301	23	GTACTCTTTCAGATTACAACATTC	1
303	302	24	TACTCTTTCAGATTACAACATTCA	1
304	303	24	ACTCTTTCAGATTACAACATTCAA	1
305	304	24	CTCTTTCAGATTACAACATTCAAA	1
306	305	23	TCTTTCAGATTACAACATTCAAAA	1
307	306	21	CTTTCAGATTACAACATTCAAAAG	1
308	307	19	TTTCAGATTACAACATTCAAAAGG	1
309	308	19	TTCAGATTACAACATTCAAAAGGA	1
310	309	20	TCAGATTACAACATTCAAAAGGAG	1
311	310	18	CAGATTACAACATTCAAAAGGAGT	1
312	311	18	AGATTACAACATTCAAAAGGAGTC	1
313	312	18	GATTACAACATTCAAAAGGAGTCT	1
314	313	17	ATTACAACATTCAAAAGGAGTCTA	1
315	314	17	TTACAACATTCAAAAGGAGTCTAC	1
316	315	17	TACAACATTCAAAAGGAGTCTACT	1
317	316	17	ACAACATTCAAAAGGAGTCTACTC	1
318	118	9	AACATTCAAAAGGAGTCTACTCTT	1
319	318	9	ACATTCAAAAGGAGTCTACTCTTC	1
320	319	8	CATTCAAAAGGAGTCTACTCTTCA	1
321	320	8	ATTCAAAAGGAGTCTACTCTTCAC	1
322	321	8	TTCAAAAGGAGTCTACTCTTCACC	1
323	322	8	TCAAAAGGAGTCTACTCTTCACCT	1
324	323	8	CAAAAGGAGTCTACTCTTCACCTT	1
325	324	8	AAAAGGAGTCTACTCTTCACCTTG	1
326	325	8	AAAGGAGTCTACTCTTCACCTTGT	1
327	326	8	AAGGAGTCTACTCTTCACCTTGTT	1
328	327	7	AGGAGTCTACTCTTCACCTTGTTC	1
329	328	6	GGAGTCTACTCTTCACCTTGTTCT	1
330	329	6	GAGTCTACTCTTCACCTTGTTCTT	1
331	330	6	AGTCTACTCTTCACCTTGTTCTTC	1
332	331	6	GTCTACTCTTCACCTTGTTCTTCG	1
333	332	5	TCTACTCTTCACCTTGTTCTTCGT	1
334	333	5	CTACTCTTCACCTTGTTCTTCGTC	1
335	334	6	TACTCTTCACCTTGTTCTTCGTCT	1
336	335	6	ACTCTTCACCTTGTTCTTCGTCTT	1
337	336	5	CTCTTCACCTTGTTCTTCGTCTTC	1
338	337	7	TCTTCACCTTGTTCTTCGTCTTCG	1
339	338	6	CTTCACCTTGTTCTTCGTCTTCGT	1
340	339	6	TTCACCTTGTTCTTCGTCTTCGTG	1
341	340	5	TCACCTTGTTCTTCGTCTTCGTGG	1
342	341	5	CACCTTGTTCTTCGTCTTCGTGGC	1
343	342	5	ACCTTGTTCTTCGTCTTCGTGGCG	1
344	343	5	CCTTGTTCTTCGTCTTCGTGGCGG	1
345	146	22	TTGTTCTTCGTCTTCGTGGCGGTA	1
346	345	21	TGTTCTTCGTCTTCGTGGCGGTAT	1
347	346	21	GTTCTTCGTCTTCGTGGCGGTATG	1
348	347	21	TTCTTCGTCTTCGTGGCGGTATGC	1
349	348	21	TCTTCGTCTTCGTGGCGGTATGCA	1
350	349	21	CTTCGTCTTCGTGGCGGTATGCAA	1
351	350	21	TTCGTCTTCGTGGCGGTATGCAAA	1
352	351	21	TCGTCTTCGTGGCGGTATGCAAAT	1
353	352	21	CGTCTTCGTGGCGGTATGCAAATT	1
354	353	21	GTCTTCGTGGCGGTATGCAAATTT	1
355	354	23	TCTTCGTGGCGGTATGCAAATTTT	1
356	355	24	CTTCGTGGCGGTATGCAAATTTTT	1
357	356	24	TTCGTGGCGGTATGCAAATTTTTG	1
358	357	24	TCGTGGCGGTATGCAAATTTTTGT	1
359	358	24	CGTGGCGGTATGCAAATTTTTGTC	1
360	359	24	GTGGCGGTATGCAAATTTTTGTCA	1
361	360	26	TGGCGGTATGCAAATTTTTGTCAA	1
362	361	28	GGCGGTATGCAAATTTTTGTCAAA	1
363	362	28	GCGGTATGCAAATTTTTGTCAAAA	1
364	363	30	CGGTATGCAAATTTTTGTCAAAAC	1
365	364	31	GGTATGCAAATTTTTGTCAAAACC	1
366	365	31	GTATGCAAATTTTTGTCAAAACCT	1
367	366	31	TATGCAAATTTTTGTCAAAACCTT	1
368	367	32	ATGCAAATTTTTGTCAAAACCTTG	1
369	368	31	TGCAAATTTTTGTCAAAACCTTGA	1
370	369	30	GCAAATTTTTGTCAAAACCTTGAC	1
371	370	34	CAAATTTTTGTCAAAACCTTGACT	1
372	371	35	AAATTTTTGTCAAAACCTTGACTG	1
373	273	9	TTTGCTGGTAAGCAACTTGAAGAT	1
374	373	9	TTGCTGGTAAGCAACTTGAAGATG	1
375	374	9	TGCTGGTAAGCAACTTGAAGATGG	1
376	375	10	GCTGGTAAGCAACTTGAAGATGGA	1
377	376	10	CTGGTAAGCAACTTGAAGATGGAC	1
378	377	10	TGGTAAGCAACTTGAAGATGGACG	1
379	378	10	GGTAAGCAACTTGAAGATGGACGT	1
380	379	10	GTAAGCAACTTGAAGATGGACGTA	1
381	380	10	TAAGCAACTTGAAGATGGACGTAC	1
382	381	10	AAGCAACTTGAAGATGGACGTACT	1
383	382	10	AGCAACTTGAAGATGGACGTACTC	1
384	383	10	GCAACTTGAAGATGGACGTACTCT	1
385	384	11	CAACTTGAAGATGGACGTACTCTT	1
386	385	11	AACTTGAAGATGGACGTACTCTTT	1
387	386	11	ACTTGAAGATGGACGTACTCTTTC	1
388	387	11	CTTGAAGATGGACGTACTCTTTCA	1
389	388	12	TTGAAGATGGACGTACTCTTTCAG	1
390	389	11	TGAAGATGGACGTACTCTTTCAGA	1
391	390	11	GAAGATGGACGTACTCTTTCAGAT	1
392	391	10	AAGATGGACGTACTCTTTCAGATT	1
393	392	10	AGATGGACGTACTCTTTCAGATTA	1
394	393	9	GATGGACGTACTCTTTCAGATTAC	1
395	394	8	ATGGACGTACTCTTTCAGATTACA	1
396	395	8	TGGACGTACTCTTTCAGATTACAA	1
