Component 683
1	-1	0	TGTAAGATCGATTTCATTGCTTGC	1
2	1	1	GTAAGATCGATTTCATTGCTTGCC	1
3	2	1	TAAGATCGATTTCATTGCTTGCCA	1
4	3	1	AAGATCGATTTCATTGCTTGCCAT	1
5	4	1	AGATCGATTTCATTGCTTGCCATT	1
6	5	1	GATCGATTTCATTGCTTGCCATTG	1
7	6	1	ATCGATTTCATTGCTTGCCATTGG	1
8	7	2	TCGATTTCATTGCTTGCCATTGGT	1
9	8	2	CGATTTCATTGCTTGCCATTGGTA	1
10	9	2	GATTTCATTGCTTGCCATTGGTAT	1
11	10	2	ATTTCATTGCTTGCCATTGGTATG	1
12	11	2	TTTCATTGCTTGCCATTGGTATGG	1
13	12	2	TTCATTGCTTGCCATTGGTATGGT	1
14	13	2	TCATTGCTTGCCATTGGTATGGTA	1
15	14	2	CATTGCTTGCCATTGGTATGGTAT	1
16	15	2	ATTGCTTGCCATTGGTATGGTATT	1
17	16	2	TTGCTTGCCATTGGTATGGTATTG	1
18	17	2	TGCTTGCCATTGGTATGGTATTGA	1
19	18	2	GCTTGCCATTGGTATGGTATTGAC	1
20	19	2	CTTGCCATTGGTATGGTATTGACT	1
21	20	2	TTGCCATTGGTATGGTATTGACTT	1
22	21	2	TGCCATTGGTATGGTATTGACTTT	1
23	22	2	GCCATTGGTATGGTATTGACTTTA	1
24	23	2	CCATTGGTATGGTATTGACTTTAG	1
25	24	2	CATTGGTATGGTATTGACTTTAGC	1
26	25	2	ATTGGTATGGTATTGACTTTAGCA	1
27	26	3	TTGGTATGGTATTGACTTTAGCAA	1
28	27	3	TGGTATGGTATTGACTTTAGCAAT	1
29	28	3	GGTATGGTATTGACTTTAGCAATT	1
30	29	3	GTATGGTATTGACTTTAGCAATTT	1
31	30	3	TATGGTATTGACTTTAGCAATTTG	1
32	31	3	ATGGTATTGACTTTAGCAATTTGC	1
33	32	3	TGGTATTGACTTTAGCAATTTGCA	1
34	33	3	GGTATTGACTTTAGCAATTTGCAA	1
35	34	3	GTATTGACTTTAGCAATTTGCAAG	1
36	35	3	TATTGACTTTAGCAATTTGCAAGA	1
37	36	3	ATTGACTTTAGCAATTTGCAAGAT	1
38	37	3	TTGACTTTAGCAATTTGCAAGATT	1
39	38	3	TGACTTTAGCAATTTGCAAGATTA	1
40	39	3	GACTTTAGCAATTTGCAAGATTAT	1
41	40	3	ACTTTAGCAATTTGCAAGATTATA	1
42	41	3	CTTTAGCAATTTGCAAGATTATAT	1
43	42	3	TTTAGCAATTTGCAAGATTATATT	1
44	43	3	TTAGCAATTTGCAAGATTATATTA	1
45	44	3	TAGCAATTTGCAAGATTATATTAA	1
46	45	2	AGCAATTTGCAAGATTATATTAAC	1
47	46	2	GCAATTTGCAAGATTATATTAACT	1
48	47	2	CAATTTGCAAGATTATATTAACTC	1
49	48	2	AATTTGCAAGATTATATTAACTCT	1
50	49	2	ATTTGCAAGATTATATTAACTCTC	1
51	50	2	TTTGCAAGATTATATTAACTCTCT	1
52	51	1	TTGCAAGATTATATTAACTCTCTC	1
53	52	1	TGCAAGATTATATTAACTCTCTCG	1
54	53	1	GCAAGATTATATTAACTCTCTCGC	1
55	54	1	CAAGATTATATTAACTCTCTCGCC	1
56	55	2	AAGATTATATTAACTCTCTCGCCA	1
57	56	2	AGATTATATTAACTCTCTCGCCAA	1
58	57	2	GATTATATTAACTCTCTCGCCAAT	1
59	58	2	ATTATATTAACTCTCTCGCCAATT	1
60	59	2	TTATATTAACTCTCTCGCCAATTA	1
61	60	2	TATATTAACTCTCTCGCCAATTAC	1
62	61	2	ATATTAACTCTCTCGCCAATTACG	1
63	62	2	TATTAACTCTCTCGCCAATTACGG	1
64	63	2	ATTAACTCTCTCGCCAATTACGGT	1
65	64	2	TTAACTCTCTCGCCAATTACGGTC	1
66	65	2	TAACTCTCTCGCCAATTACGGTCT	1
67	66	2	AACTCTCTCGCCAATTACGGTCTC	1
68	67	2	ACTCTCTCGCCAATTACGGTCTCC	1
69	68	2	CTCTCTCGCCAATTACGGTCTCCC	1
70	69	1	TCTCTCGCCAATTACGGTCTCCCT	1
71	70	1	CTCTCGCCAATTACGGTCTCCCTA	1
72	71	1	TCTCGCCAATTACGGTCTCCCTAT	1
73	72	1	CTCGCCAATTACGGTCTCCCTATT	1
74	73	2	TCGCCAATTACGGTCTCCCTATTT	1
75	74	2	CGCCAATTACGGTCTCCCTATTTG	1
76	75	2	GCCAATTACGGTCTCCCTATTTGG	1
77	76	2	CCAATTACGGTCTCCCTATTTGGC	1
78	77	2	CAATTACGGTCTCCCTATTTGGCT	1
79	78	2	AATTACGGTCTCCCTATTTGGCTT	1
80	79	2	ATTACGGTCTCCCTATTTGGCTTA	1
81	80	2	TTACGGTCTCCCTATTTGGCTTAC	1
82	81	2	TACGGTCTCCCTATTTGGCTTACT	1
83	82	2	ACGGTCTCCCTATTTGGCTTACTG	1
84	83	2	CGGTCTCCCTATTTGGCTTACTGA	1
85	84	2	GGTCTCCCTATTTGGCTTACTGAA	1
86	85	2	GTCTCCCTATTTGGCTTACTGAAT	1
87	86	2	TCTCCCTATTTGGCTTACTGAATT	1
88	87	2	CTCCCTATTTGGCTTACTGAATTT	1
89	88	3	TCCCTATTTGGCTTACTGAATTTG	1
90	89	3	CCCTATTTGGCTTACTGAATTTGC	1
91	90	4	CCTATTTGGCTTACTGAATTTGCT	1
92	91	5	CTATTTGGCTTACTGAATTTGCTT	1
93	92	5	TATTTGGCTTACTGAATTTGCTTG	1
94	93	5	ATTTGGCTTACTGAATTTGCTTGC	1
95	94	5	TTTGGCTTACTGAATTTGCTTGCA	1
96	95	5	TTGGCTTACTGAATTTGCTTGCAC	1
97	96	5	TGGCTTACTGAATTTGCTTGCACC	1
98	97	5	GGCTTACTGAATTTGCTTGCACCA	1
99	98	5	GCTTACTGAATTTGCTTGCACCAA	1
100	99	4	CTTACTGAATTTGCTTGCACCAAC	1
101	100	4	TTACTGAATTTGCTTGCACCAACT	1
102	101	4	TACTGAATTTGCTTGCACCAACTG	1
103	102	5	ACTGAATTTGCTTGCACCAACTGG	1
104	103	5	CTGAATTTGCTTGCACCAACTGGG	1
105	104	5	TGAATTTGCTTGCACCAACTGGGA	1
106	105	5	GAATTTGCTTGCACCAACTGGGAT	1
107	106	5	AATTTGCTTGCACCAACTGGGATG	1
108	107	5	ATTTGCTTGCACCAACTGGGATGA	1
109	108	5	TTTGCTTGCACCAACTGGGATGAT	1
110	109	5	TTGCTTGCACCAACTGGGATGATA	1
111	110	5	TGCTTGCACCAACTGGGATGATAG	1
112	111	5	GCTTGCACCAACTGGGATGATAGC	1
113	112	5	CTTGCACCAACTGGGATGATAGCA	1
114	113	5	TTGCACCAACTGGGATGATAGCAA	1
115	114	5	TGCACCAACTGGGATGATAGCAAT	1
116	115	5	GCACCAACTGGGATGATAGCAATT	1
117	116	5	CACCAACTGGGATGATAGCAATTT	1
118	117	4	ACCAACTGGGATGATAGCAATTTA	1
119	118	4	CCAACTGGGATGATAGCAATTTAC	1
120	119	4	CAACTGGGATGATAGCAATTTACC	1
121	120	4	AACTGGGATGATAGCAATTTACCT	1
122	121	4	ACTGGGATGATAGCAATTTACCTT	1
123	122	4	CTGGGATGATAGCAATTTACCTTC	1
124	123	4	TGGGATGATAGCAATTTACCTTCA	1
125	124	4	GGGATGATAGCAATTTACCTTCAT	1
126	125	4	GGATGATAGCAATTTACCTTCATT	1
127	126	5	GATGATAGCAATTTACCTTCATTG	1
128	127	5	ATGATAGCAATTTACCTTCATTGG	1
129	128	5	TGATAGCAATTTACCTTCATTGGA	1
130	129	5	GATAGCAATTTACCTTCATTGGAT	1
131	130	5	ATAGCAATTTACCTTCATTGGATG	1
132	131	5	TAGCAATTTACCTTCATTGGATGA	1
133	132	4	AGCAATTTACCTTCATTGGATGAA	1
134	133	5	GCAATTTACCTTCATTGGATGAAG	1
135	134	4	CAATTTACCTTCATTGGATGAAGT	1
136	135	3	AATTTACCTTCATTGGATGAAGTT	1
137	136	4	ATTTACCTTCATTGGATGAAGTTA	1
138	137	4	TTTACCTTCATTGGATGAAGTTAA	1
139	138	4	TTACCTTCATTGGATGAAGTTAAG	1
140	139	4	TACCTTCATTGGATGAAGTTAAGA	1
141	140	4	ACCTTCATTGGATGAAGTTAAGAC	1
142	141	4	CCTTCATTGGATGAAGTTAAGACT	1
143	142	4	CTTCATTGGATGAAGTTAAGACTT	1
144	143	4	TTCATTGGATGAAGTTAAGACTTT	1
145	144	4	TCATTGGATGAAGTTAAGACTTTG	1
146	145	4	CATTGGATGAAGTTAAGACTTTGA	1
147	146	3	ATTGGATGAAGTTAAGACTTTGAT	1
148	147	3	TTGGATGAAGTTAAGACTTTGATG	1
149	148	3	TGGATGAAGTTAAGACTTTGATGA	1
150	149	3	GGATGAAGTTAAGACTTTGATGAC	1
151	150	3	GATGAAGTTAAGACTTTGATGACC	1
152	151	3	ATGAAGTTAAGACTTTGATGACCA	1
153	152	3	TGAAGTTAAGACTTTGATGACCAG	1
154	153	3	GAAGTTAAGACTTTGATGACCAGC	1
155	154	3	AAGTTAAGACTTTGATGACCAGCG	1
156	155	3	AGTTAAGACTTTGATGACCAGCGC	1
157	156	3	GTTAAGACTTTGATGACCAGCGCT	1
158	157	3	TTAAGACTTTGATGACCAGCGCTC	1
159	158	3	TAAGACTTTGATGACCAGCGCTCT	1
160	159	3	AAGACTTTGATGACCAGCGCTCTT	1
161	160	3	AGACTTTGATGACCAGCGCTCTTG	1
162	161	3	GACTTTGATGACCAGCGCTCTTGG	1
163	162	3	ACTTTGATGACCAGCGCTCTTGGC	1
164	163	3	CTTTGATGACCAGCGCTCTTGGCT	1
165	164	3	TTTGATGACCAGCGCTCTTGGCTT	1
166	165	3	TTGATGACCAGCGCTCTTGGCTTT	1
167	166	3	TGATGACCAGCGCTCTTGGCTTTT	1
168	167	3	GATGACCAGCGCTCTTGGCTTTTT	1
169	168	3	ATGACCAGCGCTCTTGGCTTTTTA	1
170	169	3	TGACCAGCGCTCTTGGCTTTTTAG	1
171	170	2	GACCAGCGCTCTTGGCTTTTTAGA	1
172	171	2	ACCAGCGCTCTTGGCTTTTTAGAT	1
173	172	2	CCAGCGCTCTTGGCTTTTTAGATG	1
174	173	2	CAGCGCTCTTGGCTTTTTAGATGG	1
175	174	2	AGCGCTCTTGGCTTTTTAGATGGA	1
176	175	2	GCGCTCTTGGCTTTTTAGATGGAC	1
177	176	2	CGCTCTTGGCTTTTTAGATGGACA	1
178	177	1	GCTCTTGGCTTTTTAGATGGACAT	1
179	178	1	CTCTTGGCTTTTTAGATGGACATG	1
180	179	1	TCTTGGCTTTTTAGATGGACATGG	1
181	-1	0	GCAAGCGCGGTTTGGCCTGGATTC	1
182	181	1	CAAGCGCGGTTTGGCCTGGATTCC	1
183	182	1	AAGCGCGGTTTGGCCTGGATTCCT	1
184	183	1	AGCGCGGTTTGGCCTGGATTCCTG	1
185	184	1	GCGCGGTTTGGCCTGGATTCCTGG	1
186	185	1	CGCGGTTTGGCCTGGATTCCTGGA	1
187	186	1	GCGGTTTGGCCTGGATTCCTGGAA	1
188	187	1	CGGTTTGGCCTGGATTCCTGGAAC	1
189	188	1	GGTTTGGCCTGGATTCCTGGAACT	1
190	189	1	GTTTGGCCTGGATTCCTGGAACTG	1
191	190	1	TTTGGCCTGGATTCCTGGAACTGA	1
192	191	1	TTGGCCTGGATTCCTGGAACTGAC	1
193	192	1	TGGCCTGGATTCCTGGAACTGACC	1
194	193	1	GGCCTGGATTCCTGGAACTGACCT	1
195	194	1	GCCTGGATTCCTGGAACTGACCTT	1
196	195	1	CCTGGATTCCTGGAACTGACCTTG	1
197	196	1	CTGGATTCCTGGAACTGACCTTGG	1
198	197	1	TGGATTCCTGGAACTGACCTTGGT	1
199	198	1	GGATTCCTGGAACTGACCTTGGTT	1
200	199	1	GATTCCTGGAACTGACCTTGGTTA	1
201	200	1	ATTCCTGGAACTGACCTTGGTTAC	1
202	201	1	TTCCTGGAACTGACCTTGGTTACT	1
203	202	1	TCCTGGAACTGACCTTGGTTACTC	1
204	203	1	CCTGGAACTGACCTTGGTTACTCT	1
205	204	3	CTGGAACTGACCTTGGTTACTCTG	1
206	205	3	TGGAACTGACCTTGGTTACTCTGA	1
207	206	3	GGAACTGACCTTGGTTACTCTGAT	1
208	207	3	GAACTGACCTTGGTTACTCTGATA	1
209	208	3	AACTGACCTTGGTTACTCTGATAA	1
210	209	3	ACTGACCTTGGTTACTCTGATAAC	1
211	210	3	CTGACCTTGGTTACTCTGATAACT	1
212	211	3	TGACCTTGGTTACTCTGATAACTT	1
213	212	3	GACCTTGGTTACTCTGATAACTTT	1
214	213	3	ACCTTGGTTACTCTGATAACTTTG	1
215	214	3	CCTTGGTTACTCTGATAACTTTGT	1
216	215	3	CTTGGTTACTCTGATAACTTTGTC	1
217	216	3	TTGGTTACTCTGATAACTTTGTCA	1
218	217	3	TGGTTACTCTGATAACTTTGTCAA	1
219	218	3	GGTTACTCTGATAACTTTGTCAAT	1
220	219	3	GTTACTCTGATAACTTTGTCAATA	1
221	220	3	TTACTCTGATAACTTTGTCAATAA	1
222	221	3	TACTCTGATAACTTTGTCAATAAG	1
223	222	3	ACTCTGATAACTTTGTCAATAAGG	1
224	223	3	CTCTGATAACTTTGTCAATAAGGG	1
225	224	3	TCTGATAACTTTGTCAATAAGGGC	1
226	225	2	CTGATAACTTTGTCAATAAGGGCA	1
227	226	2	TGATAACTTTGTCAATAAGGGCAT	1
228	227	2	GATAACTTTGTCAATAAGGGCATC	1
229	228	2	ATAACTTTGTCAATAAGGGCATCA	1
230	229	2	TAACTTTGTCAATAAGGGCATCAA	1
231	230	2	AACTTTGTCAATAAGGGCATCAAC	1
232	231	2	ACTTTGTCAATAAGGGCATCAACT	1
233	232	2	CTTTGTCAATAAGGGCATCAACTG	1
234	233	2	TTTGTCAATAAGGGCATCAACTGG	1
235	234	2	TTGTCAATAAGGGCATCAACTGGT	1
236	235	2	TGTCAATAAGGGCATCAACTGGTA	1
237	236	3	GTCAATAAGGGCATCAACTGGTAT	1
238	237	3	TCAATAAGGGCATCAACTGGTATT	1
239	238	3	CAATAAGGGCATCAACTGGTATTA	1
240	239	3	AATAAGGGCATCAACTGGTATTAC	1
241	240	3	ATAAGGGCATCAACTGGTATTACA	1
242	241	3	TAAGGGCATCAACTGGTATTACAA	1
243	242	3	AAGGGCATCAACTGGTATTACAAC	1
244	243	3	AGGGCATCAACTGGTATTACAACT	1
245	244	3	GGGCATCAACTGGTATTACAACTG	1
246	245	3	GGCATCAACTGGTATTACAACTGG	1
247	246	3	GCATCAACTGGTATTACAACTGGG	1
248	247	3	CATCAACTGGTATTACAACTGGGG	1
249	248	1	ATCAACTGGTATTACAACTGGGGT	1
250	249	1	TCAACTGGTATTACAACTGGGGTA	1
251	250	1	CAACTGGTATTACAACTGGGGTAG	1
252	251	1	AACTGGTATTACAACTGGGGTAGT	1
253	252	1	ACTGGTATTACAACTGGGGTAGTT	1
254	253	1	CTGGTATTACAACTGGGGTAGTTA	1
255	254	1	TGGTATTACAACTGGGGTAGTTAT	1
256	255	1	GGTATTACAACTGGGGTAGTTATT	1
257	256	1	GTATTACAACTGGGGTAGTTATTC	1
258	257	1	TATTACAACTGGGGTAGTTATTCA	1
259	258	1	ATTACAACTGGGGTAGTTATTCAT	1
260	259	1	TTACAACTGGGGTAGTTATTCATC	1
261	260	1	TACAACTGGGGTAGTTATTCATCT	1
262	261	2	ACAACTGGGGTAGTTATTCATCTG	1
263	262	2	CAACTGGGGTAGTTATTCATCTGG	1
264	263	2	AACTGGGGTAGTTATTCATCTGGT	1
265	264	2	ACTGGGGTAGTTATTCATCTGGTC	1
266	265	2	CTGGGGTAGTTATTCATCTGGTCT	1
267	266	2	TGGGGTAGTTATTCATCTGGTCTG	1
268	267	2	GGGGTAGTTATTCATCTGGTCTGA	1
269	268	2	GGGTAGTTATTCATCTGGTCTGAG	1
270	269	2	GGTAGTTATTCATCTGGTCTGAGT	1
271	270	2	GTAGTTATTCATCTGGTCTGAGTT	1
272	271	2	TAGTTATTCATCTGGTCTGAGTTC	1
273	272	2	AGTTATTCATCTGGTCTGAGTTCC	1
274	273	2	GTTATTCATCTGGTCTGAGTTCCT	1
275	274	2	TTATTCATCTGGTCTGAGTTCCTC	1
276	275	2	TATTCATCTGGTCTGAGTTCCTCT	1
277	276	2	ATTCATCTGGTCTGAGTTCCTCTT	1
278	277	2	TTCATCTGGTCTGAGTTCCTCTTT	1
279	278	2	TCATCTGGTCTGAGTTCCTCTTTT	1
280	279	2	CATCTGGTCTGAGTTCCTCTTTTG	1
281	280	1	ATCTGGTCTGAGTTCCTCTTTTGA	1
282	281	1	TCTGGTCTGAGTTCCTCTTTTGAA	1
283	282	1	CTGGTCTGAGTTCCTCTTTTGAAT	1
284	283	1	TGGTCTGAGTTCCTCTTTTGAATA	1
285	284	1	GGTCTGAGTTCCTCTTTTGAATAT	1
286	285	1	GTCTGAGTTCCTCTTTTGAATATG	1
287	286	1	TCTGAGTTCCTCTTTTGAATATGT	1
288	287	1	CTGAGTTCCTCTTTTGAATATGTT	1
289	288	1	TGAGTTCCTCTTTTGAATATGTTC	1
290	289	1	GAGTTCCTCTTTTGAATATGTTCT	1
291	290	1	AGTTCCTCTTTTGAATATGTTCTC	1
292	291	1	GTTCCTCTTTTGAATATGTTCTCA	1
293	292	1	TTCCTCTTTTGAATATGTTCTCAA	1
294	293	1	TCCTCTTTTGAATATGTTCTCAAC	1
295	294	1	CCTCTTTTGAATATGTTCTCAACC	1
296	295	1	CTCTTTTGAATATGTTCTCAACCA	1
297	296	1	TCTTTTGAATATGTTCTCAACCAA	1
298	297	1	CTTTTGAATATGTTCTCAACCAAC	1
299	298	1	TTTTGAATATGTTCTCAACCAACA	1
300	299	3	TTTGAATATGTTCTCAACCAACAT	1
301	300	3	TTGAATATGTTCTCAACCAACATG	1
302	301	3	TGAATATGTTCTCAACCAACATGA	1
303	302	3	GAATATGTTCTCAACCAACATGAT	1
304	303	3	AATATGTTCTCAACCAACATGATG	1
305	304	3	ATATGTTCTCAACCAACATGATGC	1
306	305	2	TATGTTCTCAACCAACATGATGCC	1
307	306	2	ATGTTCTCAACCAACATGATGCCA	1
308	307	2	TGTTCTCAACCAACATGATGCCAA	1
309	308	2	GTTCTCAACCAACATGATGCCAAT	1
310	309	2	TTCTCAACCAACATGATGCCAATA	1
311	310	2	TCTCAACCAACATGATGCCAATAG	1
312	311	2	CTCAACCAACATGATGCCAATAGC	1
313	312	2	TCAACCAACATGATGCCAATAGCC	1
314	313	2	CAACCAACATGATGCCAATAGCCT	1
315	314	2	AACCAACATGATGCCAATAGCCTT	1
316	315	2	ACCAACATGATGCCAATAGCCTTT	1
317	316	2	CCAACATGATGCCAATAGCCTTTC	1
318	317	3	CAACATGATGCCAATAGCCTTTCT	1
319	318	3	AACATGATGCCAATAGCCTTTCTT	1
320	319	3	ACATGATGCCAATAGCCTTTCTTC	1
321	320	3	CATGATGCCAATAGCCTTTCTTCA	1
322	321	3	ATGATGCCAATAGCCTTTCTTCAG	1
323	322	3	TGATGCCAATAGCCTTTCTTCAGC	1
324	323	3	GATGCCAATAGCCTTTCTTCAGCT	1
325	324	3	ATGCCAATAGCCTTTCTTCAGCTT	1
326	325	3	TGCCAATAGCCTTTCTTCAGCTTC	1
327	326	3	GCCAATAGCCTTTCTTCAGCTTCT	1
328	327	3	CCAATAGCCTTTCTTCAGCTTCTT	1
329	328	3	CAATAGCCTTTCTTCAGCTTCTTC	1
330	329	3	AATAGCCTTTCTTCAGCTTCTTCT	1
331	330	3	ATAGCCTTTCTTCAGCTTCTTCTG	1
332	331	3	TAGCCTTTCTTCAGCTTCTTCTGT	1
333	332	3	AGCCTTTCTTCAGCTTCTTCTGTT	1
334	333	3	GCCTTTCTTCAGCTTCTTCTGTTT	1
335	334	3	CCTTTCTTCAGCTTCTTCTGTTTT	1
336	335	3	CTTTCTTCAGCTTCTTCTGTTTTC	1
337	336	4	TTTCTTCAGCTTCTTCTGTTTTCA	1
338	337	4	TTCTTCAGCTTCTTCTGTTTTCAC	1
339	338	4	TCTTCAGCTTCTTCTGTTTTCACT	1
340	339	4	CTTCAGCTTCTTCTGTTTTCACTG	1
341	340	4	TTCAGCTTCTTCTGTTTTCACTGG	1
342	341	4	TCAGCTTCTTCTGTTTTCACTGGT	1
343	342	5	CAGCTTCTTCTGTTTTCACTGGTG	1
344	343	3	AGCTTCTTCTGTTTTCACTGGTGG	1
345	344	3	GCTTCTTCTGTTTTCACTGGTGGT	1
346	345	3	CTTCTTCTGTTTTCACTGGTGGTG	1
347	346	3	TTCTTCTGTTTTCACTGGTGGTGC	1
348	347	3	TCTTCTGTTTTCACTGGTGGTGCT	1
349	348	3	CTTCTGTTTTCACTGGTGGTGCTA	1
350	349	3	TTCTGTTTTCACTGGTGGTGCTAC	1
351	350	3	TCTGTTTTCACTGGTGGTGCTACC	1
352	351	3	CTGTTTTCACTGGTGGTGCTACCG	1
353	352	3	TGTTTTCACTGGTGGTGCTACCGT	1
354	353	3	GTTTTCACTGGTGGTGCTACCGTC	1
355	354	3	TTTTCACTGGTGGTGCTACCGTCA	1
356	355	3	TTTCACTGGTGGTGCTACCGTCAT	1
357	356	3	TTCACTGGTGGTGCTACCGTCATT	1
358	357	3	TCACTGGTGGTGCTACCGTCATTG	1
359	358	3	CACTGGTGGTGCTACCGTCATTGG	1
360	359	3	ACTGGTGGTGCTACCGTCATTGGA	1
361	360	3	CTGGTGGTGCTACCGTCATTGGAT	1
362	361	2	TGGTGGTGCTACCGTCATTGGATT	1
363	362	2	GGTGGTGCTACCGTCATTGGATTT	1
364	363	2	GTGGTGCTACCGTCATTGGATTTA	1
365	364	2	TGGTGCTACCGTCATTGGATTTAA	1
366	365	2	GGTGCTACCGTCATTGGATTTAAT	1
367	366	2	GTGCTACCGTCATTGGATTTAATG	1
368	367	2	TGCTACCGTCATTGGATTTAATGA	1
369	368	2	GCTACCGTCATTGGATTTAATGAG	1
370	369	2	CTACCGTCATTGGATTTAATGAGC	1
371	370	2	TACCGTCATTGGATTTAATGAGCC	1
372	371	2	ACCGTCATTGGATTTAATGAGCCT	1
373	372	2	CCGTCATTGGATTTAATGAGCCTG	1
374	373	2	CGTCATTGGATTTAATGAGCCTGA	1
375	374	2	GTCATTGGATTTAATGAGCCTGAT	1
376	375	2	TCATTGGATTTAATGAGCCTGATT	1
377	376	2	CATTGGATTTAATGAGCCTGATTT	1
378	377	2	ATTGGATTTAATGAGCCTGATTTG	1
379	378	2	TTGGATTTAATGAGCCTGATTTGT	1
380	379	2	TGGATTTAATGAGCCTGATTTGTC	1
381	380	1	GGATTTAATGAGCCTGATTTGTCC	1
382	381	1	GATTTAATGAGCCTGATTTGTCCG	1
383	382	1	ATTTAATGAGCCTGATTTGTCCGC	1
384	383	1	TTTAATGAGCCTGATTTGTCCGCT	1
385	384	1	TTAATGAGCCTGATTTGTCCGCTG	1
386	385	1	TAATGAGCCTGATTTGTCCGCTGC	1
387	-1	0	AATGAGCCTGATTTGTCCGCTGCT	1
388	387	1	ATGAGCCTGATTTGTCCGCTGCTG	1
389	388	1	TGAGCCTGATTTGTCCGCTGCTGG	1
390	389	1	GAGCCTGATTTGTCCGCTGCTGGA	1
391	390	1	AGCCTGATTTGTCCGCTGCTGGAA	1
392	391	1	GCCTGATTTGTCCGCTGCTGGAAA	1
393	392	1	CCTGATTTGTCCGCTGCTGGAAAT	1
394	393	1	CTGATTTGTCCGCTGCTGGAAATC	1
395	394	1	TGATTTGTCCGCTGCTGGAAATCC	1
396	395	1	GATTTGTCCGCTGCTGGAAATCCT	1
397	396	1	ATTTGTCCGCTGCTGGAAATCCTA	1
398	397	1	TTTGTCCGCTGCTGGAAATCCTAT	1
399	398	1	TTGTCCGCTGCTGGAAATCCTATA	1
400	399	1	TGTCCGCTGCTGGAAATCCTATAG	1
401	400	1	GTCCGCTGCTGGAAATCCTATAGA	1
402	401	2	TCCGCTGCTGGAAATCCTATAGAT	1
403	402	2	CCGCTGCTGGAAATCCTATAGATG	1
404	403	2	CGCTGCTGGAAATCCTATAGATGC	1
405	404	2	GCTGCTGGAAATCCTATAGATGCA	1
406	405	3	CTGCTGGAAATCCTATAGATGCAG	1
407	406	3	TGCTGGAAATCCTATAGATGCAGC	1
408	407	3	GCTGGAAATCCTATAGATGCAGCT	1
409	408	3	CTGGAAATCCTATAGATGCAGCTA	1
410	409	3	TGGAAATCCTATAGATGCAGCTAC	1
411	410	3	GGAAATCCTATAGATGCAGCTACT	1
412	411	3	GAAATCCTATAGATGCAGCTACTG	1
413	412	3	AAATCCTATAGATGCAGCTACTGC	1
414	413	3	AATCCTATAGATGCAGCTACTGCA	1
415	414	3	ATCCTATAGATGCAGCTACTGCAG	1
416	415	3	TCCTATAGATGCAGCTACTGCAGC	1
417	416	3	CCTATAGATGCAGCTACTGCAGCT	1
418	417	3	CTATAGATGCAGCTACTGCAGCTA	1
419	418	3	TATAGATGCAGCTACTGCAGCTAG	1
420	419	3	ATAGATGCAGCTACTGCAGCTAGT	1
421	420	3	TAGATGCAGCTACTGCAGCTAGTT	1
422	421	3	AGATGCAGCTACTGCAGCTAGTTA	1
423	422	3	GATGCAGCTACTGCAGCTAGTTAT	1
424	423	3	ATGCAGCTACTGCAGCTAGTTATT	1
425	424	3	TGCAGCTACTGCAGCTAGTTATTA	1
426	425	3	GCAGCTACTGCAGCTAGTTATTAT	1
427	426	3	CAGCTACTGCAGCTAGTTATTATC	1
428	427	3	AGCTACTGCAGCTAGTTATTATCT	1
429	428	3	GCTACTGCAGCTAGTTATTATCTT	1
430	429	3	CTACTGCAGCTAGTTATTATCTTC	1
431	430	3	TACTGCAGCTAGTTATTATCTTCA	1
432	431	2	ACTGCAGCTAGTTATTATCTTCAA	1
433	432	2	CTGCAGCTAGTTATTATCTTCAAT	1
434	433	2	TGCAGCTAGTTATTATCTTCAATA	1
435	434	2	GCAGCTAGTTATTATCTTCAATAC	1
436	435	2	CAGCTAGTTATTATCTTCAATACT	1
437	436	2	AGCTAGTTATTATCTTCAATACTT	1
438	437	2	GCTAGTTATTATCTTCAATACTTA	1
439	438	2	CTAGTTATTATCTTCAATACTTAA	1
440	439	2	TAGTTATTATCTTCAATACTTAAC	1
441	440	2	AGTTATTATCTTCAATACTTAACA	1
442	441	2	GTTATTATCTTCAATACTTAACAC	1
443	442	2	TTATTATCTTCAATACTTAACACC	1
444	443	2	TATTATCTTCAATACTTAACACCT	1
445	444	2	ATTATCTTCAATACTTAACACCTC	1
446	-1	0	CTTGGCTTTTTAGATGGACATGGA	1
447	446	1	TTGGCTTTTTAGATGGACATGGAT	1
448	447	1	TGGCTTTTTAGATGGACATGGATC	1
449	448	1	GGCTTTTTAGATGGACATGGATCT	1
450	449	1	GCTTTTTAGATGGACATGGATCTG	1
451	450	1	CTTTTTAGATGGACATGGATCTGT	1
452	451	1	TTTTTAGATGGACATGGATCTGTT	1
453	452	1	TTTTAGATGGACATGGATCTGTTG	1
454	453	1	TTTAGATGGACATGGATCTGTTGA	1
455	454	1	TTAGATGGACATGGATCTGTTGAG	1
456	455	1	TAGATGGACATGGATCTGTTGAGC	1
457	456	1	AGATGGACATGGATCTGTTGAGCG	1
458	457	1	GATGGACATGGATCTGTTGAGCGT	1
459	458	1	ATGGACATGGATCTGTTGAGCGTT	1
460	459	1	TGGACATGGATCTGTTGAGCGTTA	1
461	460	1	GGACATGGATCTGTTGAGCGTTAC	1
462	461	1	GACATGGATCTGTTGAGCGTTACA	1
463	462	1	ACATGGATCTGTTGAGCGTTACAG	1
464	463	1	CATGGATCTGTTGAGCGTTACAGT	1
465	464	1	ATGGATCTGTTGAGCGTTACAGTT	1
466	465	1	TGGATCTGTTGAGCGTTACAGTTG	1
467	466	2	GGATCTGTTGAGCGTTACAGTTGG	1
468	467	2	GATCTGTTGAGCGTTACAGTTGGT	1
469	468	3	ATCTGTTGAGCGTTACAGTTGGTT	1
470	469	3	TCTGTTGAGCGTTACAGTTGGTTT	1
471	470	3	CTGTTGAGCGTTACAGTTGGTTTG	1
472	471	4	TGTTGAGCGTTACAGTTGGTTTGC	1
473	472	5	GTTGAGCGTTACAGTTGGTTTGCT	1
474	473	5	TTGAGCGTTACAGTTGGTTTGCTC	1
475	474	6	TGAGCGTTACAGTTGGTTTGCTCC	1
476	475	6	GAGCGTTACAGTTGGTTTGCTCCT	1
477	476	6	AGCGTTACAGTTGGTTTGCTCCTG	1
478	477	6	GCGTTACAGTTGGTTTGCTCCTGC	1
479	478	6	CGTTACAGTTGGTTTGCTCCTGCT	1
480	479	6	GTTACAGTTGGTTTGCTCCTGCTA	1
481	480	6	TTACAGTTGGTTTGCTCCTGCTAC	1
482	481	6	TACAGTTGGTTTGCTCCTGCTACC	1
483	482	6	ACAGTTGGTTTGCTCCTGCTACCG	1
484	483	6	CAGTTGGTTTGCTCCTGCTACCGA	1
485	484	6	AGTTGGTTTGCTCCTGCTACCGAA	1
486	485	6	GTTGGTTTGCTCCTGCTACCGAAC	1
487	486	6	TTGGTTTGCTCCTGCTACCGAACT	1
488	487	6	TGGTTTGCTCCTGCTACCGAACTC	1
489	488	6	GGTTTGCTCCTGCTACCGAACTCG	1
490	489	6	GTTTGCTCCTGCTACCGAACTCGG	1
491	490	5	TTTGCTCCTGCTACCGAACTCGGA	1
492	491	5	TTGCTCCTGCTACCGAACTCGGAG	1
493	492	5	TGCTCCTGCTACCGAACTCGGAGC	1
494	493	5	GCTCCTGCTACCGAACTCGGAGCC	1
495	494	5	CTCCTGCTACCGAACTCGGAGCCG	1
496	495	5	TCCTGCTACCGAACTCGGAGCCGG	1
497	496	5	CCTGCTACCGAACTCGGAGCCGGT	1
498	497	5	CTGCTACCGAACTCGGAGCCGGTG	1
499	498	5	TGCTACCGAACTCGGAGCCGGTGT	1
500	499	5	GCTACCGAACTCGGAGCCGGTGTT	1
501	500	5	CTACCGAACTCGGAGCCGGTGTTG	1
502	501	5	TACCGAACTCGGAGCCGGTGTTGG	1
503	502	5	ACCGAACTCGGAGCCGGTGTTGGT	1
504	503	5	CCGAACTCGGAGCCGGTGTTGGTA	1
505	504	5	CGAACTCGGAGCCGGTGTTGGTAA	1
506	505	5	GAACTCGGAGCCGGTGTTGGTAAT	1
507	506	5	AACTCGGAGCCGGTGTTGGTAATA	1
508	507	5	ACTCGGAGCCGGTGTTGGTAATAA	1
509	508	6	CTCGGAGCCGGTGTTGGTAATAAC	1
510	509	6	TCGGAGCCGGTGTTGGTAATAACA	1
511	510	5	CGGAGCCGGTGTTGGTAATAACAA	1
512	511	5	GGAGCCGGTGTTGGTAATAACAAT	1
513	512	4	GAGCCGGTGTTGGTAATAACAATG	1
514	513	4	AGCCGGTGTTGGTAATAACAATGC	1
515	514	4	GCCGGTGTTGGTAATAACAATGCC	1
516	515	3	CCGGTGTTGGTAATAACAATGCCC	1
517	516	2	CGGTGTTGGTAATAACAATGCCCT	1
518	517	1	GGTGTTGGTAATAACAATGCCCTT	1
519	518	1	GTGTTGGTAATAACAATGCCCTTA	1
520	519	1	TGTTGGTAATAACAATGCCCTTAT	1
521	520	1	GTTGGTAATAACAATGCCCTTATC	1
522	521	1	TTGGTAATAACAATGCCCTTATCA	1
523	522	1	TGGTAATAACAATGCCCTTATCAG	1
524	523	1	GGTAATAACAATGCCCTTATCAGT	1
525	524	1	GTAATAACAATGCCCTTATCAGTT	1
526	525	1	TAATAACAATGCCCTTATCAGTTC	1
527	526	1	AATAACAATGCCCTTATCAGTTCC	1
528	527	1	ATAACAATGCCCTTATCAGTTCCT	1
529	528	1	TAACAATGCCCTTATCAGTTCCTC	1
530	529	1	AACAATGCCCTTATCAGTTCCTCT	1
531	530	1	ACAATGCCCTTATCAGTTCCTCTG	1
532	531	1	CAATGCCCTTATCAGTTCCTCTGG	1
533	532	1	AATGCCCTTATCAGTTCCTCTGGT	1
534	533	1	ATGCCCTTATCAGTTCCTCTGGTG	1
535	534	1	TGCCCTTATCAGTTCCTCTGGTGG	1
536	535	1	GCCCTTATCAGTTCCTCTGGTGGA	1
537	536	1	CCCTTATCAGTTCCTCTGGTGGAT	1
538	537	1	CCTTATCAGTTCCTCTGGTGGATT	1
539	538	1	CTTATCAGTTCCTCTGGTGGATTA	1
540	539	1	TTATCAGTTCCTCTGGTGGATTAA	1
541	540	1	TATCAGTTCCTCTGGTGGATTAAG	1
542	541	1	ATCAGTTCCTCTGGTGGATTAAGT	1
543	542	1	TCAGTTCCTCTGGTGGATTAAGTG	1
544	543	1	CAGTTCCTCTGGTGGATTAAGTGA	1
545	544	1	AGTTCCTCTGGTGGATTAAGTGAA	1
546	545	1	GTTCCTCTGGTGGATTAAGTGAAG	1
547	546	1	TTCCTCTGGTGGATTAAGTGAAGT	1
548	547	1	TCCTCTGGTGGATTAAGTGAAGTC	1
549	548	1	CCTCTGGTGGATTAAGTGAAGTCG	1
550	549	1	CTCTGGTGGATTAAGTGAAGTCGG	1
551	550	1	TCTGGTGGATTAAGTGAAGTCGGA	1
552	551	1	CTGGTGGATTAAGTGAAGTCGGAG	1
553	-1	0	CTTCGTGAATCTGGTGCCATTGGT	1
554	553	1	TTCGTGAATCTGGTGCCATTGGTT	1
555	554	1	TCGTGAATCTGGTGCCATTGGTTA	1
556	555	1	CGTGAATCTGGTGCCATTGGTTAT	1
557	556	1	GTGAATCTGGTGCCATTGGTTATT	1
558	557	1	TGAATCTGGTGCCATTGGTTATTT	1
559	558	1	GAATCTGGTGCCATTGGTTATTTG	1
560	559	1	AATCTGGTGCCATTGGTTATTTGG	1
561	560	1	ATCTGGTGCCATTGGTTATTTGGG	1
562	561	1	TCTGGTGCCATTGGTTATTTGGGA	1
563	562	1	CTGGTGCCATTGGTTATTTGGGAT	1
564	563	1	TGGTGCCATTGGTTATTTGGGATC	1
565	564	1	GGTGCCATTGGTTATTTGGGATCA	1
566	565	1	GTGCCATTGGTTATTTGGGATCAC	1
567	566	1	TGCCATTGGTTATTTGGGATCACC	1
568	567	1	GCCATTGGTTATTTGGGATCACCT	1
569	568	1	CCATTGGTTATTTGGGATCACCTG	1
570	569	1	CATTGGTTATTTGGGATCACCTGC	1
571	570	1	ATTGGTTATTTGGGATCACCTGCC	1
572	571	1	TTGGTTATTTGGGATCACCTGCCA	1
573	572	1	TGGTTATTTGGGATCACCTGCCAT	1
574	573	1	GGTTATTTGGGATCACCTGCCATC	1
575	574	1	GTTATTTGGGATCACCTGCCATCA	1
576	575	1	TTATTTGGGATCACCTGCCATCAG	1
577	576	1	TATTTGGGATCACCTGCCATCAGT	1
578	577	1	ATTTGGGATCACCTGCCATCAGTA	1
579	578	1	TTTGGGATCACCTGCCATCAGTAA	1
580	579	1	TTGGGATCACCTGCCATCAGTAAC	1
581	580	1	TGGGATCACCTGCCATCAGTAACG	1
582	581	1	GGGATCACCTGCCATCAGTAACGT	1
583	582	1	GGATCACCTGCCATCAGTAACGTA	1
584	583	1	GATCACCTGCCATCAGTAACGTAG	1
585	584	1	ATCACCTGCCATCAGTAACGTAGG	1
586	585	1	TCACCTGCCATCAGTAACGTAGGT	1
587	586	2	CACCTGCCATCAGTAACGTAGGTG	1
588	587	2	ACCTGCCATCAGTAACGTAGGTGA	1
589	588	2	CCTGCCATCAGTAACGTAGGTGAA	1
590	589	3	CTGCCATCAGTAACGTAGGTGAAG	1
591	590	3	TGCCATCAGTAACGTAGGTGAAGA	1
592	591	3	GCCATCAGTAACGTAGGTGAAGAT	1
593	592	3	CCATCAGTAACGTAGGTGAAGATT	1
594	593	3	CATCAGTAACGTAGGTGAAGATTG	1
595	594	3	ATCAGTAACGTAGGTGAAGATTGG	1
596	595	3	TCAGTAACGTAGGTGAAGATTGGC	1
597	596	3	CAGTAACGTAGGTGAAGATTGGCT	1
598	597	2	AGTAACGTAGGTGAAGATTGGCTT	1
599	598	2	GTAACGTAGGTGAAGATTGGCTTT	1
600	599	2	TAACGTAGGTGAAGATTGGCTTTC	1
601	600	2	AACGTAGGTGAAGATTGGCTTTCT	1
602	601	3	ACGTAGGTGAAGATTGGCTTTCTG	1
603	602	3	CGTAGGTGAAGATTGGCTTTCTGA	1
604	603	3	GTAGGTGAAGATTGGCTTTCTGAA	1
605	604	3	TAGGTGAAGATTGGCTTTCTGAAT	1
606	605	3	AGGTGAAGATTGGCTTTCTGAATT	1
607	606	3	GGTGAAGATTGGCTTTCTGAATTC	1
608	607	3	GTGAAGATTGGCTTTCTGAATTCA	1
609	608	3	TGAAGATTGGCTTTCTGAATTCAT	1
610	609	3	GAAGATTGGCTTTCTGAATTCATG	1
611	610	3	AAGATTGGCTTTCTGAATTCATGA	1
612	611	3	AGATTGGCTTTCTGAATTCATGAG	1
613	612	3	GATTGGCTTTCTGAATTCATGAGC	1
614	613	3	ATTGGCTTTCTGAATTCATGAGCG	1
615	614	3	TTGGCTTTCTGAATTCATGAGCGC	1
616	615	3	TGGCTTTCTGAATTCATGAGCGCA	1
617	616	3	GGCTTTCTGAATTCATGAGCGCAT	1
618	617	3	GCTTTCTGAATTCATGAGCGCATG	1
619	618	3	CTTTCTGAATTCATGAGCGCATGC	1
620	619	3	TTTCTGAATTCATGAGCGCATGCT	1
621	620	3	TTCTGAATTCATGAGCGCATGCTC	1
622	621	3	TCTGAATTCATGAGCGCATGCTCT	1
623	622	3	CTGAATTCATGAGCGCATGCTCTG	1
624	623	3	TGAATTCATGAGCGCATGCTCTGA	1
625	624	3	GAATTCATGAGCGCATGCTCTGAT	1
626	625	3	AATTCATGAGCGCATGCTCTGATT	1
627	626	3	ATTCATGAGCGCATGCTCTGATTG	1
628	627	3	TTCATGAGCGCATGCTCTGATTGT	1
629	628	3	TCATGAGCGCATGCTCTGATTGTA	1
630	629	3	CATGAGCGCATGCTCTGATTGTAA	1
631	630	2	ATGAGCGCATGCTCTGATTGTAAG	1
632	631	2	TGAGCGCATGCTCTGATTGTAAGA	1
633	632	2	GAGCGCATGCTCTGATTGTAAGAT	1
634	633	1	AGCGCATGCTCTGATTGTAAGATC	1
635	634	1	GCGCATGCTCTGATTGTAAGATCG	1
636	635	1	CGCATGCTCTGATTGTAAGATCGA	1
637	636	1	GCATGCTCTGATTGTAAGATCGAT	1
638	637	1	CATGCTCTGATTGTAAGATCGATT	1
639	638	1	ATGCTCTGATTGTAAGATCGATTT	1
640	639	1	TGCTCTGATTGTAAGATCGATTTC	1
641	640	1	GCTCTGATTGTAAGATCGATTTCA	1
642	641	1	CTCTGATTGTAAGATCGATTTCAT	1
643	642	1	TCTGATTGTAAGATCGATTTCATT	1
644	643	1	CTGATTGTAAGATCGATTTCATTG	1
645	644	1	TGATTGTAAGATCGATTTCATTGC	1
646	-1	0	CTGCCATCTATCAGATTGTTTAAG	1
647	646	1	TGCCATCTATCAGATTGTTTAAGC	1
648	647	1	GCCATCTATCAGATTGTTTAAGCT	1
649	648	1	CCATCTATCAGATTGTTTAAGCTT	1
650	649	1	CATCTATCAGATTGTTTAAGCTTT	1
651	650	1	ATCTATCAGATTGTTTAAGCTTTC	1
652	651	1	TCTATCAGATTGTTTAAGCTTTCT	1
653	652	1	CTATCAGATTGTTTAAGCTTTCTG	1
654	653	1	TATCAGATTGTTTAAGCTTTCTGA	1
655	654	1	ATCAGATTGTTTAAGCTTTCTGAA	1
656	655	1	TCAGATTGTTTAAGCTTTCTGAAC	1
657	656	1	CAGATTGTTTAAGCTTTCTGAACT	1
658	657	1	AGATTGTTTAAGCTTTCTGAACTA	1
659	658	1	GATTGTTTAAGCTTTCTGAACTAT	1
660	659	1	ATTGTTTAAGCTTTCTGAACTATG	1
661	660	1	TTGTTTAAGCTTTCTGAACTATGC	1
662	661	1	TGTTTAAGCTTTCTGAACTATGCT	1
663	662	1	GTTTAAGCTTTCTGAACTATGCTT	1
664	663	1	TTTAAGCTTTCTGAACTATGCTTA	1
665	664	1	TTAAGCTTTCTGAACTATGCTTAT	1
666	665	1	TAAGCTTTCTGAACTATGCTTATA	1
667	666	1	AAGCTTTCTGAACTATGCTTATAG	1
668	667	1	AGCTTTCTGAACTATGCTTATAGG	1
669	668	1	GCTTTCTGAACTATGCTTATAGGA	1
670	669	1	CTTTCTGAACTATGCTTATAGGAG	1
671	670	1	TTTCTGAACTATGCTTATAGGAGA	1
672	671	1	TTCTGAACTATGCTTATAGGAGAT	1
673	672	1	TCTGAACTATGCTTATAGGAGATG	1
674	673	1	CTGAACTATGCTTATAGGAGATGT	1
675	674	1	TGAACTATGCTTATAGGAGATGTG	1
676	675	1	GAACTATGCTTATAGGAGATGTGC	1
677	676	2	AACTATGCTTATAGGAGATGTGCT	1
678	677	3	ACTATGCTTATAGGAGATGTGCTT	1
679	678	3	CTATGCTTATAGGAGATGTGCTTC	1
680	679	3	TATGCTTATAGGAGATGTGCTTCT	1
681	680	3	ATGCTTATAGGAGATGTGCTTCTT	1
682	681	3	TGCTTATAGGAGATGTGCTTCTTA	1
683	682	3	GCTTATAGGAGATGTGCTTCTTAT	1
684	683	3	CTTATAGGAGATGTGCTTCTTATT	1
685	684	3	TTATAGGAGATGTGCTTCTTATTA	1
686	685	3	TATAGGAGATGTGCTTCTTATTAC	1
687	686	3	ATAGGAGATGTGCTTCTTATTACA	1
688	687	3	TAGGAGATGTGCTTCTTATTACAT	1
689	688	3	AGGAGATGTGCTTCTTATTACATC	1
690	689	3	GGAGATGTGCTTCTTATTACATCG	1
691	690	2	GAGATGTGCTTCTTATTACATCGA	1
692	691	2	AGATGTGCTTCTTATTACATCGAT	1
693	692	2	GATGTGCTTCTTATTACATCGATC	1
694	693	2	ATGTGCTTCTTATTACATCGATCT	1
695	694	2	TGTGCTTCTTATTACATCGATCTT	1
696	695	2	GTGCTTCTTATTACATCGATCTTT	1
697	696	2	TGCTTCTTATTACATCGATCTTTC	1
698	697	2	GCTTCTTATTACATCGATCTTTCA	1
699	698	2	CTTCTTATTACATCGATCTTTCAT	1
700	699	2	TTCTTATTACATCGATCTTTCATT	1
701	700	2	TCTTATTACATCGATCTTTCATTT	1
702	701	2	CTTATTACATCGATCTTTCATTTA	1
703	702	2	TTATTACATCGATCTTTCATTTAT	1
704	703	2	TATTACATCGATCTTTCATTTATT	1
705	704	2	ATTACATCGATCTTTCATTTATTC	1
706	705	2	TTACATCGATCTTTCATTTATTCA	1
707	706	2	TACATCGATCTTTCATTTATTCAT	1
708	707	2	ACATCGATCTTTCATTTATTCATT	1
709	708	2	CATCGATCTTTCATTTATTCATTC	1
710	709	2	ATCGATCTTTCATTTATTCATTCG	1
711	710	2	TCGATCTTTCATTTATTCATTCGT	1
712	711	2	CGATCTTTCATTTATTCATTCGTT	1
713	712	2	GATCTTTCATTTATTCATTCGTTT	1
714	713	2	ATCTTTCATTTATTCATTCGTTTA	1
715	714	2	TCTTTCATTTATTCATTCGTTTAT	1
716	715	2	CTTTCATTTATTCATTCGTTTATT	1
717	716	2	TTTCATTTATTCATTCGTTTATTT	1
718	717	2	TTCATTTATTCATTCGTTTATTTT	1
719	718	2	TCATTTATTCATTCGTTTATTTTA	1
720	719	2	CATTTATTCATTCGTTTATTTTAC	1
721	720	1	ATTTATTCATTCGTTTATTTTACC	1
722	-1	0	GCTGCTAACAAGGGAGTTAGTACT	1
723	722	1	CTGCTAACAAGGGAGTTAGTACTC	1
724	723	1	TGCTAACAAGGGAGTTAGTACTCC	1
725	724	1	GCTAACAAGGGAGTTAGTACTCCT	1
726	725	1	CTAACAAGGGAGTTAGTACTCCTG	1
727	726	1	TAACAAGGGAGTTAGTACTCCTGC	1
728	727	1	AACAAGGGAGTTAGTACTCCTGCT	1
729	728	1	ACAAGGGAGTTAGTACTCCTGCTG	1
730	729	1	CAAGGGAGTTAGTACTCCTGCTGT	1
731	730	1	AAGGGAGTTAGTACTCCTGCTGTT	1
732	731	1	AGGGAGTTAGTACTCCTGCTGTTT	1
733	732	1	GGGAGTTAGTACTCCTGCTGTTTC	1
734	733	1	GGAGTTAGTACTCCTGCTGTTTCT	1
735	734	1	GAGTTAGTACTCCTGCTGTTTCTT	1
736	735	1	AGTTAGTACTCCTGCTGTTTCTTC	1
737	736	1	GTTAGTACTCCTGCTGTTTCTTCA	1
738	737	1	TTAGTACTCCTGCTGTTTCTTCAG	1
739	738	1	TAGTACTCCTGCTGTTTCTTCAGC	1
740	739	1	AGTACTCCTGCTGTTTCTTCAGCT	1
741	740	1	GTACTCCTGCTGTTTCTTCAGCTG	1
742	741	1	TACTCCTGCTGTTTCTTCAGCTGC	1
743	742	1	ACTCCTGCTGTTTCTTCAGCTGCC	1
744	743	1	CTCCTGCTGTTTCTTCAGCTGCCG	1
745	744	1	TCCTGCTGTTTCTTCAGCTGCCGC	1
746	745	1	CCTGCTGTTTCTTCAGCTGCCGCC	1
747	746	2	CTGCTGTTTCTTCAGCTGCCGCCT	1
748	747	2	TGCTGTTTCTTCAGCTGCCGCCTC	1
749	748	2	GCTGTTTCTTCAGCTGCCGCCTCC	1
750	749	2	CTGTTTCTTCAGCTGCCGCCTCCT	1
751	750	2	TGTTTCTTCAGCTGCCGCCTCCTC	1
752	751	2	GTTTCTTCAGCTGCCGCCTCCTCT	1
753	752	2	TTTCTTCAGCTGCCGCCTCCTCTT	1
754	753	2	TTCTTCAGCTGCCGCCTCCTCTTC	1
755	754	2	TCTTCAGCTGCCGCCTCCTCTTCA	1
756	755	2	CTTCAGCTGCCGCCTCCTCTTCAG	1
757	756	2	TTCAGCTGCCGCCTCCTCTTCAGC	1
758	757	2	TCAGCTGCCGCCTCCTCTTCAGCT	1
759	758	2	CAGCTGCCGCCTCCTCTTCAGCTG	1
760	759	2	AGCTGCCGCCTCCTCTTCAGCTGT	1
761	760	2	GCTGCCGCCTCCTCTTCAGCTGTC	1
762	761	2	CTGCCGCCTCCTCTTCAGCTGTCG	1
763	762	2	TGCCGCCTCCTCTTCAGCTGTCGT	1
764	763	3	GCCGCCTCCTCTTCAGCTGTCGTT	1
765	764	3	CCGCCTCCTCTTCAGCTGTCGTTT	1
766	765	3	CGCCTCCTCTTCAGCTGTCGTTTC	1
767	766	2	GCCTCCTCTTCAGCTGTCGTTTCC	1
768	767	2	CCTCCTCTTCAGCTGTCGTTTCCT	1
769	768	2	CTCCTCTTCAGCTGTCGTTTCCTC	1
770	769	2	TCCTCTTCAGCTGTCGTTTCCTCT	1
771	770	2	CCTCTTCAGCTGTCGTTTCCTCTG	1
772	771	2	CTCTTCAGCTGTCGTTTCCTCTGT	1
773	772	2	TCTTCAGCTGTCGTTTCCTCTGTT	1
774	773	2	CTTCAGCTGTCGTTTCCTCTGTTG	1
775	774	2	TTCAGCTGTCGTTTCCTCTGTTGT	1
776	775	2	TCAGCTGTCGTTTCCTCTGTTGTC	1
777	776	2	CAGCTGTCGTTTCCTCTGTTGTCT	1
778	777	2	AGCTGTCGTTTCCTCTGTTGTCTC	1
779	778	2	GCTGTCGTTTCCTCTGTTGTCTCT	1
780	779	2	CTGTCGTTTCCTCTGTTGTCTCTA	1
781	780	2	TGTCGTTTCCTCTGTTGTCTCTAG	1
782	781	2	GTCGTTTCCTCTGTTGTCTCTAGT	1
783	782	2	TCGTTTCCTCTGTTGTCTCTAGTG	1
784	783	2	CGTTTCCTCTGTTGTCTCTAGTGC	1
785	784	3	GTTTCCTCTGTTGTCTCTAGTGCC	1
786	785	3	TTTCCTCTGTTGTCTCTAGTGCCA	1
787	786	3	TTCCTCTGTTGTCTCTAGTGCCAC	1
788	787	3	TCCTCTGTTGTCTCTAGTGCCACT	1
789	788	3	CCTCTGTTGTCTCTAGTGCCACTT	1
790	789	3	CTCTGTTGTCTCTAGTGCCACTTC	1
791	790	2	TCTGTTGTCTCTAGTGCCACTTCT	1
792	791	2	CTGTTGTCTCTAGTGCCACTTCTG	1
793	792	2	TGTTGTCTCTAGTGCCACTTCTGT	1
794	793	2	GTTGTCTCTAGTGCCACTTCTGTT	1
795	794	2	TTGTCTCTAGTGCCACTTCTGTTG	1
796	795	2	TGTCTCTAGTGCCACTTCTGTTGC	1
797	796	2	GTCTCTAGTGCCACTTCTGTTGCT	1
798	797	2	TCTCTAGTGCCACTTCTGTTGCTG	1
799	798	2	CTCTAGTGCCACTTCTGTTGCTGC	1
800	799	2	TCTAGTGCCACTTCTGTTGCTGCT	1
801	800	2	CTAGTGCCACTTCTGTTGCTGCTT	1
802	801	2	TAGTGCCACTTCTGTTGCTGCTTC	1
803	802	2	AGTGCCACTTCTGTTGCTGCTTCT	1
804	803	2	GTGCCACTTCTGTTGCTGCTTCTA	1
805	804	3	TGCCACTTCTGTTGCTGCTTCTAG	1
806	805	3	GCCACTTCTGTTGCTGCTTCTAGT	1
807	806	3	CCACTTCTGTTGCTGCTTCTAGTA	1
808	807	2	CACTTCTGTTGCTGCTTCTAGTAC	1
809	808	2	ACTTCTGTTGCTGCTTCTAGTACT	1
810	809	2	CTTCTGTTGCTGCTTCTAGTACTA	1
811	810	2	TTCTGTTGCTGCTTCTAGTACTAT	1
812	811	2	TCTGTTGCTGCTTCTAGTACTATT	1
813	812	2	CTGTTGCTGCTTCTAGTACTATTT	1
814	813	2	TGTTGCTGCTTCTAGTACTATTTC	1
815	814	2	GTTGCTGCTTCTAGTACTATTTCC	1
816	815	2	TTGCTGCTTCTAGTACTATTTCCA	1
817	816	2	TGCTGCTTCTAGTACTATTTCCAG	1
818	817	2	GCTGCTTCTAGTACTATTTCCAGT	1
819	818	2	CTGCTTCTAGTACTATTTCCAGTG	1
820	819	2	TGCTTCTAGTACTATTTCCAGTGC	1
821	820	2	GCTTCTAGTACTATTTCCAGTGCT	1
822	821	2	CTTCTAGTACTATTTCCAGTGCTA	1
823	822	2	TTCTAGTACTATTTCCAGTGCTAC	1
824	823	2	TCTAGTACTATTTCCAGTGCTACC	1
825	824	2	CTAGTACTATTTCCAGTGCTACCT	1
826	825	2	TAGTACTATTTCCAGTGCTACCTC	1
827	826	2	AGTACTATTTCCAGTGCTACCTCA	1
828	827	2	GTACTATTTCCAGTGCTACCTCAA	1
829	828	1	TACTATTTCCAGTGCTACCTCAAG	1
830	829	1	ACTATTTCCAGTGCTACCTCAAGC	1
831	830	1	CTATTTCCAGTGCTACCTCAAGCT	1
832	831	1	TATTTCCAGTGCTACCTCAAGCTC	1
833	832	1	ATTTCCAGTGCTACCTCAAGCTCT	1
834	833	1	TTTCCAGTGCTACCTCAAGCTCTG	1
835	834	1	TTCCAGTGCTACCTCAAGCTCTGC	1
836	835	1	TCCAGTGCTACCTCAAGCTCTGCA	1
837	836	1	CCAGTGCTACCTCAAGCTCTGCAT	1
838	837	1	CAGTGCTACCTCAAGCTCTGCATC	1
839	838	1	AGTGCTACCTCAAGCTCTGCATCA	1
840	839	1	GTGCTACCTCAAGCTCTGCATCAG	1
841	840	2	TGCTACCTCAAGCTCTGCATCAGC	1
842	841	2	GCTACCTCAAGCTCTGCATCAGCA	1
843	842	2	CTACCTCAAGCTCTGCATCAGCAT	1
844	843	2	TACCTCAAGCTCTGCATCAGCATC	1
845	844	1	ACCTCAAGCTCTGCATCAGCATCC	1
846	845	1	CCTCAAGCTCTGCATCAGCATCCC	1
847	846	1	CTCAAGCTCTGCATCAGCATCCCC	1
848	847	1	TCAAGCTCTGCATCAGCATCCCCT	1
849	848	1	CAAGCTCTGCATCAGCATCCCCTA	1
850	849	1	AAGCTCTGCATCAGCATCCCCTAC	1
851	850	1	AGCTCTGCATCAGCATCCCCTACT	1
852	851	1	GCTCTGCATCAGCATCCCCTACTA	1
853	852	1	CTCTGCATCAGCATCCCCTACTAG	1
854	853	1	TCTGCATCAGCATCCCCTACTAGT	1
855	854	1	CTGCATCAGCATCCCCTACTAGTT	1
856	855	1	TGCATCAGCATCCCCTACTAGTTC	1
857	856	1	GCATCAGCATCCCCTACTAGTTCT	1
858	857	1	CATCAGCATCCCCTACTAGTTCTT	1
859	858	1	ATCAGCATCCCCTACTAGTTCTTC	1
860	859	1	TCAGCATCCCCTACTAGTTCTTCA	1
861	860	1	CAGCATCCCCTACTAGTTCTTCAG	1
862	861	1	AGCATCCCCTACTAGTTCTTCAGT	1
863	862	1	GCATCCCCTACTAGTTCTTCAGTT	1
864	863	1	CATCCCCTACTAGTTCTTCAGTTT	1
865	864	1	ATCCCCTACTAGTTCTTCAGTTTC	1
866	865	1	TCCCCTACTAGTTCTTCAGTTTCT	1
867	866	1	CCCCTACTAGTTCTTCAGTTTCTG	1
868	867	1	CCCTACTAGTTCTTCAGTTTCTGG	1
869	868	1	CCTACTAGTTCTTCAGTTTCTGGC	1
870	869	1	CTACTAGTTCTTCAGTTTCTGGCA	1
871	870	1	TACTAGTTCTTCAGTTTCTGGCAA	1
872	871	1	ACTAGTTCTTCAGTTTCTGGCAAG	1
873	872	1	CTAGTTCTTCAGTTTCTGGCAAGC	1
874	873	1	TAGTTCTTCAGTTTCTGGCAAGCG	1
875	874	1	AGTTCTTCAGTTTCTGGCAAGCGC	1
876	875	1	GTTCTTCAGTTTCTGGCAAGCGCG	1
877	876	1	TTCTTCAGTTTCTGGCAAGCGCGG	1
878	877	1	TCTTCAGTTTCTGGCAAGCGCGGT	1
879	878	1	CTTCAGTTTCTGGCAAGCGCGGTT	1
880	879	1	TTCAGTTTCTGGCAAGCGCGGTTT	1
881	880	1	TCAGTTTCTGGCAAGCGCGGTTTG	1
882	881	1	CAGTTTCTGGCAAGCGCGGTTTGG	1
883	882	1	AGTTTCTGGCAAGCGCGGTTTGGC	1
884	883	1	GTTTCTGGCAAGCGCGGTTTGGCC	1
