Component 688
1	-1	0	CCACTATTTGAAAATGTCAGCTAG	1
2	1	2	CACTATTTGAAAATGTCAGCTAGC	1
3	2	2	ACTATTTGAAAATGTCAGCTAGCA	1
4	3	2	CTATTTGAAAATGTCAGCTAGCAG	1
5	4	2	TATTTGAAAATGTCAGCTAGCAGA	1
6	5	2	ATTTGAAAATGTCAGCTAGCAGAA	1
7	6	2	TTTGAAAATGTCAGCTAGCAGAAC	1
8	7	2	TTGAAAATGTCAGCTAGCAGAACT	1
9	8	2	TGAAAATGTCAGCTAGCAGAACTA	1
10	9	2	GAAAATGTCAGCTAGCAGAACTAA	1
11	10	3	AAAATGTCAGCTAGCAGAACTAAC	1
12	11	3	AAATGTCAGCTAGCAGAACTAACG	1
13	12	4	AATGTCAGCTAGCAGAACTAACGT	1
14	13	4	ATGTCAGCTAGCAGAACTAACGTT	1
15	14	4	TGTCAGCTAGCAGAACTAACGTTA	1
16	15	4	GTCAGCTAGCAGAACTAACGTTAA	1
17	16	4	TCAGCTAGCAGAACTAACGTTAAC	1
18	17	4	CAGCTAGCAGAACTAACGTTAACG	1
19	18	4	AGCTAGCAGAACTAACGTTAACGT	1
20	19	4	GCTAGCAGAACTAACGTTAACGTT	1
21	20	4	CTAGCAGAACTAACGTTAACGTTG	1
22	21	4	TAGCAGAACTAACGTTAACGTTGC	1
23	22	4	AGCAGAACTAACGTTAACGTTGCT	1
24	23	4	GCAGAACTAACGTTAACGTTGCTA	1
25	24	4	CAGAACTAACGTTAACGTTGCTAT	1
26	25	4	AGAACTAACGTTAACGTTGCTATT	1
27	26	4	GAACTAACGTTAACGTTGCTATTG	1
28	27	4	AACTAACGTTAACGTTGCTATTGT	1
29	28	4	ACTAACGTTAACGTTGCTATTGTT	1
30	29	4	CTAACGTTAACGTTGCTATTGTTG	1
31	30	4	TAACGTTAACGTTGCTATTGTTGG	1
32	31	4	AACGTTAACGTTGCTATTGTTGGT	1
33	32	4	ACGTTAACGTTGCTATTGTTGGTA	1
34	33	4	CGTTAACGTTGCTATTGTTGGTAC	1
35	34	4	GTTAACGTTGCTATTGTTGGTACA	1
36	35	4	TTAACGTTGCTATTGTTGGTACAG	1
37	36	5	TAACGTTGCTATTGTTGGTACAGG	1
38	37	5	AACGTTGCTATTGTTGGTACAGGA	1
39	38	5	ACGTTGCTATTGTTGGTACAGGAA	1
40	39	5	CGTTGCTATTGTTGGTACAGGAAA	1
41	40	5	GTTGCTATTGTTGGTACAGGAAAC	1
42	41	5	TTGCTATTGTTGGTACAGGAAACA	1
43	42	5	TGCTATTGTTGGTACAGGAAACAT	1
44	43	5	GCTATTGTTGGTACAGGAAACATC	1
45	44	5	CTATTGTTGGTACAGGAAACATCG	1
46	45	3	TATTGTTGGTACAGGAAACATCGG	1
47	46	3	ATTGTTGGTACAGGAAACATCGGC	1
48	47	3	TTGTTGGTACAGGAAACATCGGCG	1
49	48	3	TGTTGGTACAGGAAACATCGGCGG	1
50	49	2	GTTGGTACAGGAAACATCGGCGGT	1
51	50	2	TTGGTACAGGAAACATCGGCGGTG	1
52	51	2	TGGTACAGGAAACATCGGCGGTGA	1
53	52	3	GGTACAGGAAACATCGGCGGTGAA	1
54	53	3	GTACAGGAAACATCGGCGGTGAAC	1
55	54	3	TACAGGAAACATCGGCGGTGAACT	1
56	55	2	ACAGGAAACATCGGCGGTGAACTC	1
57	56	1	CAGGAAACATCGGCGGTGAACTCT	1
58	57	1	AGGAAACATCGGCGGTGAACTCTT	1
59	58	1	GGAAACATCGGCGGTGAACTCTTA	1
60	59	1	GAAACATCGGCGGTGAACTCTTAA	1
61	60	1	AAACATCGGCGGTGAACTCTTAAA	1
62	61	1	AACATCGGCGGTGAACTCTTAAAC	1
63	62	1	ACATCGGCGGTGAACTCTTAAACC	1
64	63	1	CATCGGCGGTGAACTCTTAAACCC	1
65	64	1	ATCGGCGGTGAACTCTTAAACCCA	1
66	65	1	TCGGCGGTGAACTCTTAAACCCAA	1
67	66	1	CGGCGGTGAACTCTTAAACCCAAT	1
68	67	1	GGCGGTGAACTCTTAAACCCAATT	1
69	68	1	GCGGTGAACTCTTAAACCCAATTA	1
70	69	1	CGGTGAACTCTTAAACCCAATTAA	1
71	70	1	GGTGAACTCTTAAACCCAATTAAG	1
72	71	1	GTGAACTCTTAAACCCAATTAAGG	1
73	72	1	TGAACTCTTAAACCCAATTAAGGG	1
74	73	1	GAACTCTTAAACCCAATTAAGGGT	1
75	74	1	AACTCTTAAACCCAATTAAGGGTT	1
76	75	1	ACTCTTAAACCCAATTAAGGGTTT	1
77	-1	0	CGGCGGTGAACTCTTAAACCAAAT	1
78	77	1	GGCGGTGAACTCTTAAACCAAATT	1
79	78	1	GCGGTGAACTCTTAAACCAAATTA	1
80	79	1	CGGTGAACTCTTAAACCAAATTAA	1
81	80	1	GGTGAACTCTTAAACCAAATTAAG	1
82	81	1	GTGAACTCTTAAACCAAATTAAGG	1
83	82	1	TGAACTCTTAAACCAAATTAAGGG	1
84	83	1	GAACTCTTAAACCAAATTAAGGGT	1
85	84	1	AACTCTTAAACCAAATTAAGGGTT	1
86	85	1	ACTCTTAAACCAAATTAAGGGTTT	1
87	86	1	CTCTTAAACCAAATTAAGGGTTTT	1
88	87	1	TCTTAAACCAAATTAAGGGTTTTA	1
89	88	1	CTTAAACCAAATTAAGGGTTTTAA	1
90	89	1	TTAAACCAAATTAAGGGTTTTAAT	1
91	90	1	TAAACCAAATTAAGGGTTTTAATG	1
92	91	1	AAACCAAATTAAGGGTTTTAATGA	1
93	92	1	AACCAAATTAAGGGTTTTAATGAA	1
94	93	1	ACCAAATTAAGGGTTTTAATGAAA	1
95	94	1	CCAAATTAAGGGTTTTAATGAAAA	1
96	95	1	CAAATTAAGGGTTTTAATGAAAAC	1
97	96	1	AAATTAAGGGTTTTAATGAAAACG	1
98	97	1	AATTAAGGGTTTTAATGAAAACGC	1
99	98	1	ATTAAGGGTTTTAATGAAAACGCT	1
100	99	1	TTAAGGGTTTTAATGAAAACGCTT	1
101	100	1	TAAGGGTTTTAATGAAAACGCTTC	1
102	101	1	AAGGGTTTTAATGAAAACGCTTCT	1
103	102	1	AGGGTTTTAATGAAAACGCTTCTA	1
104	103	1	GGGTTTTAATGAAAACGCTTCTAC	1
105	104	1	GGTTTTAATGAAAACGCTTCTACC	1
106	105	1	GTTTTAATGAAAACGCTTCTACCA	1
107	106	1	TTTTAATGAAAACGCTTCTACCAA	1
108	107	1	TTTAATGAAAACGCTTCTACCAAT	1
109	108	1	TTAATGAAAACGCTTCTACCAATG	1
110	109	1	TAATGAAAACGCTTCTACCAATGG	1
111	110	1	AATGAAAACGCTTCTACCAATGGC	1
112	111	1	ATGAAAACGCTTCTACCAATGGCA	1
113	112	1	TGAAAACGCTTCTACCAATGGCAC	1
114	113	2	GAAAACGCTTCTACCAATGGCACT	1
115	114	2	AAAACGCTTCTACCAATGGCACTA	1
116	115	2	AAACGCTTCTACCAATGGCACTAC	1
117	116	2	AACGCTTCTACCAATGGCACTACC	1
118	117	2	ACGCTTCTACCAATGGCACTACCT	1
119	118	2	CGCTTCTACCAATGGCACTACCTC	1
120	119	2	GCTTCTACCAATGGCACTACCTCT	1
121	120	2	CTTCTACCAATGGCACTACCTCTT	1
122	121	1	TTCTACCAATGGCACTACCTCTTT	1
123	122	1	TCTACCAATGGCACTACCTCTTTT	1
124	123	1	CTACCAATGGCACTACCTCTTTTA	1
125	124	1	TACCAATGGCACTACCTCTTTTAA	1
126	125	1	ACCAATGGCACTACCTCTTTTAAC	1
127	126	1	CCAATGGCACTACCTCTTTTAACG	1
128	127	1	CAATGGCACTACCTCTTTTAACGT	1
129	128	1	AATGGCACTACCTCTTTTAACGTT	1
130	129	1	ATGGCACTACCTCTTTTAACGTTG	1
131	130	1	TGGCACTACCTCTTTTAACGTTGT	1
132	131	1	GGCACTACCTCTTTTAACGTTGTT	1
133	132	1	GCACTACCTCTTTTAACGTTGTTG	1
134	133	1	CACTACCTCTTTTAACGTTGTTGC	1
135	134	1	ACTACCTCTTTTAACGTTGTTGCC	1
136	135	1	CTACCTCTTTTAACGTTGTTGCCA	1
137	136	1	TACCTCTTTTAACGTTGTTGCCAT	1
138	137	1	ACCTCTTTTAACGTTGTTGCCATT	1
139	138	1	CCTCTTTTAACGTTGTTGCCATTT	1
140	139	1	CTCTTTTAACGTTGTTGCCATTTC	1
141	140	1	TCTTTTAACGTTGTTGCCATTTCT	1
142	141	1	CTTTTAACGTTGTTGCCATTTCTA	1
143	142	1	TTTTAACGTTGTTGCCATTTCTAG	1
144	143	1	TTTAACGTTGTTGCCATTTCTAGT	1
145	144	2	TTAACGTTGTTGCCATTTCTAGTA	1
146	145	2	TAACGTTGTTGCCATTTCTAGTAT	1
147	146	2	AACGTTGTTGCCATTTCTAGTATG	1
148	147	2	ACGTTGTTGCCATTTCTAGTATGG	1
149	148	2	CGTTGTTGCCATTTCTAGTATGGA	1
150	149	2	GTTGTTGCCATTTCTAGTATGGAA	1
151	150	2	TTGTTGCCATTTCTAGTATGGAAG	1
152	151	2	TGTTGCCATTTCTAGTATGGAAGG	1
153	152	2	GTTGCCATTTCTAGTATGGAAGGT	1
154	153	2	TTGCCATTTCTAGTATGGAAGGTC	1
155	154	2	TGCCATTTCTAGTATGGAAGGTCA	1
156	155	2	GCCATTTCTAGTATGGAAGGTCAC	1
157	156	2	CCATTTCTAGTATGGAAGGTCACT	1
158	157	1	CATTTCTAGTATGGAAGGTCACTA	1
159	158	1	ATTTCTAGTATGGAAGGTCACTAC	1
160	159	1	TTTCTAGTATGGAAGGTCACTACG	1
161	160	1	TTCTAGTATGGAAGGTCACTACGT	1
162	161	1	TCTAGTATGGAAGGTCACTACGTC	1
163	162	1	CTAGTATGGAAGGTCACTACGTCT	1
164	163	1	TAGTATGGAAGGTCACTACGTCTC	1
165	164	1	AGTATGGAAGGTCACTACGTCTCC	1
166	165	1	GTATGGAAGGTCACTACGTCTCCA	1
167	166	1	TATGGAAGGTCACTACGTCTCCAA	1
168	167	1	ATGGAAGGTCACTACGTCTCCAAG	1
169	168	1	TGGAAGGTCACTACGTCTCCAAGG	1
170	169	1	GGAAGGTCACTACGTCTCCAAGGA	1
171	170	1	GAAGGTCACTACGTCTCCAAGGAT	1
172	171	1	AAGGTCACTACGTCTCCAAGGATT	1
173	172	1	AGGTCACTACGTCTCCAAGGATTA	1
174	173	1	GGTCACTACGTCTCCAAGGATTAT	1
175	174	1	GTCACTACGTCTCCAAGGATTATC	1
176	175	1	TCACTACGTCTCCAAGGATTATCA	1
177	176	1	CACTACGTCTCCAAGGATTATCAG	1
178	177	1	ACTACGTCTCCAAGGATTATCAGC	1
179	178	1	CTACGTCTCCAAGGATTATCAGCC	1
180	179	1	TACGTCTCCAAGGATTATCAGCCC	1
181	180	2	ACGTCTCCAAGGATTATCAGCCCA	1
182	181	2	CGTCTCCAAGGATTATCAGCCCAT	1
183	182	4	GTCTCCAAGGATTATCAGCCCATT	1
184	183	4	TCTCCAAGGATTATCAGCCCATTA	1
185	184	4	CTCCAAGGATTATCAGCCCATTAA	1
186	185	4	TCCAAGGATTATCAGCCCATTAAT	1
187	186	4	CCAAGGATTATCAGCCCATTAATT	1
188	187	3	CAAGGATTATCAGCCCATTAATTT	1
189	188	3	AAGGATTATCAGCCCATTAATTTG	1
190	189	3	AGGATTATCAGCCCATTAATTTGT	1
191	190	3	GGATTATCAGCCCATTAATTTGTC	1
192	191	3	GATTATCAGCCCATTAATTTGTCT	1
193	192	3	ATTATCAGCCCATTAATTTGTCTG	1
194	193	3	TTATCAGCCCATTAATTTGTCTGA	1
195	194	3	TATCAGCCCATTAATTTGTCTGAA	1
196	195	3	ATCAGCCCATTAATTTGTCTGAAT	1
197	196	3	TCAGCCCATTAATTTGTCTGAATG	1
198	197	3	CAGCCCATTAATTTGTCTGAATGG	1
199	198	3	AGCCCATTAATTTGTCTGAATGGA	1
200	199	3	GCCCATTAATTTGTCTGAATGGAA	1
201	200	3	CCCATTAATTTGTCTGAATGGAAG	1
202	201	3	CCATTAATTTGTCTGAATGGAAGA	1
203	202	3	CATTAATTTGTCTGAATGGAAGAA	1
204	203	3	ATTAATTTGTCTGAATGGAAGAAC	1
205	204	3	TTAATTTGTCTGAATGGAAGAACC	1
206	205	3	TAATTTGTCTGAATGGAAGAACCT	1
207	206	3	AATTTGTCTGAATGGAAGAACCTT	1
208	207	3	ATTTGTCTGAATGGAAGAACCTTA	1
209	208	3	TTTGTCTGAATGGAAGAACCTTAC	1
210	209	3	TTGTCTGAATGGAAGAACCTTACT	1
211	210	3	TGTCTGAATGGAAGAACCTTACTT	1
212	211	3	GTCTGAATGGAAGAACCTTACTTC	1
213	212	3	TCTGAATGGAAGAACCTTACTTCT	1
214	213	3	CTGAATGGAAGAACCTTACTTCTC	1
215	214	3	TGAATGGAAGAACCTTACTTCTCA	1
216	215	3	GAATGGAAGAACCTTACTTCTCAG	1
217	216	3	AATGGAAGAACCTTACTTCTCAGA	1
218	217	3	ATGGAAGAACCTTACTTCTCAGAA	1
219	218	3	TGGAAGAACCTTACTTCTCAGAAC	1
220	219	3	GGAAGAACCTTACTTCTCAGAACC	1
221	220	3	GAAGAACCTTACTTCTCAGAACCA	1
222	221	3	AAGAACCTTACTTCTCAGAACCAA	1
223	222	4	AGAACCTTACTTCTCAGAACCAAG	1
224	223	4	GAACCTTACTTCTCAGAACCAAGG	1
225	224	3	AACCTTACTTCTCAGAACCAAGGT	1
226	225	3	ACCTTACTTCTCAGAACCAAGGTG	1
227	226	1	CCTTACTTCTCAGAACCAAGGTGC	1
228	227	1	CTTACTTCTCAGAACCAAGGTGCT	1
229	228	1	TTACTTCTCAGAACCAAGGTGCTT	1
230	229	1	TACTTCTCAGAACCAAGGTGCTTA	1
231	230	1	ACTTCTCAGAACCAAGGTGCTTAT	1
232	231	1	CTTCTCAGAACCAAGGTGCTTATT	1
233	232	1	TTCTCAGAACCAAGGTGCTTATTC	1
234	233	1	TCTCAGAACCAAGGTGCTTATTCA	1
235	234	1	CTCAGAACCAAGGTGCTTATTCAT	1
236	235	1	TCAGAACCAAGGTGCTTATTCATT	1
237	236	1	CAGAACCAAGGTGCTTATTCATTA	1
238	237	1	AGAACCAAGGTGCTTATTCATTAG	1
239	238	1	GAACCAAGGTGCTTATTCATTAGA	1
240	239	1	AACCAAGGTGCTTATTCATTAGAT	1
241	240	1	ACCAAGGTGCTTATTCATTAGATG	1
242	241	1	CCAAGGTGCTTATTCATTAGATGC	1
243	242	1	CAAGGTGCTTATTCATTAGATGCT	1
244	243	1	AAGGTGCTTATTCATTAGATGCTT	1
245	244	1	AGGTGCTTATTCATTAGATGCTTG	1
246	245	1	GGTGCTTATTCATTAGATGCTTGG	1
247	246	1	GTGCTTATTCATTAGATGCTTGGT	1
248	247	1	TGCTTATTCATTAGATGCTTGGTA	1
249	248	1	GCTTATTCATTAGATGCTTGGTAG	1
250	249	1	CTTATTCATTAGATGCTTGGTAGA	1
251	250	1	TTATTCATTAGATGCTTGGTAGAT	1
252	251	1	TATTCATTAGATGCTTGGTAGATT	1
253	252	1	ATTCATTAGATGCTTGGTAGATTT	1
254	253	1	TTCATTAGATGCTTGGTAGATTTC	1
255	254	1	TCATTAGATGCTTGGTAGATTTCC	1
256	255	1	CATTAGATGCTTGGTAGATTTCCT	1
257	256	1	ATTAGATGCTTGGTAGATTTCCTT	1
258	257	1	TTAGATGCTTGGTAGATTTCCTTG	1
259	258	1	TAGATGCTTGGTAGATTTCCTTGC	1
260	259	1	AGATGCTTGGTAGATTTCCTTGCC	1
261	260	1	GATGCTTGGTAGATTTCCTTGCCA	1
262	261	1	ATGCTTGGTAGATTTCCTTGCCAA	1
263	262	1	TGCTTGGTAGATTTCCTTGCCAAG	1
264	263	1	GCTTGGTAGATTTCCTTGCCAAGT	1
265	264	1	CTTGGTAGATTTCCTTGCCAAGTC	1
266	503	3	TTGGTAGATTTCCTTGCCAAGTCC	1
266	265	1	TTGGTAGATTTCCTTGCCAAGTCC	1
267	-1	0	CGAGCCTGACCCTCGTGATGACTT	1
268	267	1	GAGCCTGACCCTCGTGATGACTTG	1
269	268	1	AGCCTGACCCTCGTGATGACTTGA	1
270	269	1	GCCTGACCCTCGTGATGACTTGAA	1
271	270	1	CCTGACCCTCGTGATGACTTGAAT	1
272	271	1	CTGACCCTCGTGATGACTTGAATG	1
273	272	1	TGACCCTCGTGATGACTTGAATGG	1
274	273	1	GACCCTCGTGATGACTTGAATGGC	1
275	274	1	ACCCTCGTGATGACTTGAATGGCA	1
276	275	1	CCCTCGTGATGACTTGAATGGCAT	1
277	276	1	CCTCGTGATGACTTGAATGGCATG	1
278	277	1	CTCGTGATGACTTGAATGGCATGG	1
279	278	1	TCGTGATGACTTGAATGGCATGGA	1
280	279	1	CGTGATGACTTGAATGGCATGGAT	1
281	280	1	GTGATGACTTGAATGGCATGGATG	1
282	281	1	TGATGACTTGAATGGCATGGATGT	1
283	282	2	GATGACTTGAATGGCATGGATGTC	1
284	283	2	ATGACTTGAATGGCATGGATGTCG	1
285	284	2	TGACTTGAATGGCATGGATGTCGC	1
286	285	2	GACTTGAATGGCATGGATGTCGCT	1
287	286	2	ACTTGAATGGCATGGATGTCGCTC	1
288	287	2	CTTGAATGGCATGGATGTCGCTCG	1
289	288	2	TTGAATGGCATGGATGTCGCTCGT	1
290	289	2	TGAATGGCATGGATGTCGCTCGTA	1
291	290	2	GAATGGCATGGATGTCGCTCGTAA	1
292	291	2	AATGGCATGGATGTCGCTCGTAAA	1
293	292	2	ATGGCATGGATGTCGCTCGTAAAG	1
294	293	2	TGGCATGGATGTCGCTCGTAAAGT	1
295	294	2	GGCATGGATGTCGCTCGTAAAGTC	1
296	295	2	GCATGGATGTCGCTCGTAAAGTCA	1
297	296	2	CATGGATGTCGCTCGTAAAGTCAC	1
298	297	2	ATGGATGTCGCTCGTAAAGTCACC	1
299	298	2	TGGATGTCGCTCGTAAAGTCACCA	1
300	299	2	GGATGTCGCTCGTAAAGTCACCAT	1
301	300	2	GATGTCGCTCGTAAAGTCACCATC	1
302	301	2	ATGTCGCTCGTAAAGTCACCATCT	1
303	302	3	TGTCGCTCGTAAAGTCACCATCTT	1
304	303	3	GTCGCTCGTAAAGTCACCATCTTG	1
305	304	3	TCGCTCGTAAAGTCACCATCTTGT	1
306	305	3	CGCTCGTAAAGTCACCATCTTGTC	1
307	306	5	GCTCGTAAAGTCACCATCTTGTCT	1
308	307	5	CTCGTAAAGTCACCATCTTGTCTC	1
309	308	5	TCGTAAAGTCACCATCTTGTCTCG	1
310	309	5	CGTAAAGTCACCATCTTGTCTCGT	1
311	310	5	GTAAAGTCACCATCTTGTCTCGTA	1
312	311	4	TAAAGTCACCATCTTGTCTCGTAT	1
313	312	4	AAAGTCACCATCTTGTCTCGTATT	1
314	313	4	AAGTCACCATCTTGTCTCGTATTG	1
315	314	4	AGTCACCATCTTGTCTCGTATTGC	1
316	315	4	GTCACCATCTTGTCTCGTATTGCT	1
317	316	4	TCACCATCTTGTCTCGTATTGCTG	1
318	317	4	CACCATCTTGTCTCGTATTGCTGG	1
319	318	4	ACCATCTTGTCTCGTATTGCTGGT	1
320	319	4	CCATCTTGTCTCGTATTGCTGGTG	1
321	320	4	CATCTTGTCTCGTATTGCTGGTGT	1
322	321	4	ATCTTGTCTCGTATTGCTGGTGTT	1
323	322	4	TCTTGTCTCGTATTGCTGGTGTTC	1
324	323	4	CTTGTCTCGTATTGCTGGTGTTCA	1
325	324	6	TTGTCTCGTATTGCTGGTGTTCAT	1
326	325	6	TGTCTCGTATTGCTGGTGTTCATG	1
327	326	5	GTCTCGTATTGCTGGTGTTCATGT	1
328	327	5	TCTCGTATTGCTGGTGTTCATGTC	1
329	328	5	CTCGTATTGCTGGTGTTCATGTCG	1
330	329	5	TCGTATTGCTGGTGTTCATGTCGA	1
331	330	5	CGTATTGCTGGTGTTCATGTCGAG	1
332	331	5	GTATTGCTGGTGTTCATGTCGAGT	1
333	332	5	TATTGCTGGTGTTCATGTCGAGTC	1
334	333	5	ATTGCTGGTGTTCATGTCGAGTCA	1
335	334	5	TTGCTGGTGTTCATGTCGAGTCAG	1
336	335	5	TGCTGGTGTTCATGTCGAGTCAGC	1
337	336	5	GCTGGTGTTCATGTCGAGTCAGCT	1
338	337	5	CTGGTGTTCATGTCGAGTCAGCTA	1
339	338	5	TGGTGTTCATGTCGAGTCAGCTAG	1
340	339	5	GGTGTTCATGTCGAGTCAGCTAGC	1
341	340	5	GTGTTCATGTCGAGTCAGCTAGCT	1
342	341	5	TGTTCATGTCGAGTCAGCTAGCTC	1
343	342	5	GTTCATGTCGAGTCAGCTAGCTCA	1
344	343	5	TTCATGTCGAGTCAGCTAGCTCAT	1
345	344	5	TCATGTCGAGTCAGCTAGCTCATT	1
346	345	5	CATGTCGAGTCAGCTAGCTCATTC	1
347	346	4	ATGTCGAGTCAGCTAGCTCATTCC	1
348	347	4	TGTCGAGTCAGCTAGCTCATTCCC	1
349	348	4	GTCGAGTCAGCTAGCTCATTCCCT	1
350	349	4	TCGAGTCAGCTAGCTCATTCCCTG	1
351	350	2	CGAGTCAGCTAGCTCATTCCCTGT	1
352	351	2	GAGTCAGCTAGCTCATTCCCTGTT	1
353	352	2	AGTCAGCTAGCTCATTCCCTGTTA	1
354	353	2	GTCAGCTAGCTCATTCCCTGTTAA	1
355	354	2	TCAGCTAGCTCATTCCCTGTTAAA	1
356	355	2	CAGCTAGCTCATTCCCTGTTAAAT	1
357	356	2	AGCTAGCTCATTCCCTGTTAAATC	1
358	357	2	GCTAGCTCATTCCCTGTTAAATCG	1
359	358	2	CTAGCTCATTCCCTGTTAAATCGC	1
360	359	2	TAGCTCATTCCCTGTTAAATCGCT	1
361	360	2	AGCTCATTCCCTGTTAAATCGCTC	1
362	361	2	GCTCATTCCCTGTTAAATCGCTCA	1
363	362	2	CTCATTCCCTGTTAAATCGCTCAT	1
364	363	2	TCATTCCCTGTTAAATCGCTCATT	1
365	364	2	CATTCCCTGTTAAATCGCTCATTC	1
366	365	2	ATTCCCTGTTAAATCGCTCATTCC	1
367	366	2	TTCCCTGTTAAATCGCTCATTCCT	1
368	367	2	TCCCTGTTAAATCGCTCATTCCTG	1
369	-1	0	CTGAACCTTTGAAGAGTGCTGTAA	1
370	369	1	TGAACCTTTGAAGAGTGCTGTAAA	1
371	370	1	GAACCTTTGAAGAGTGCTGTAAAT	1
372	371	1	AACCTTTGAAGAGTGCTGTAAATG	1
373	372	1	ACCTTTGAAGAGTGCTGTAAATGC	1
374	373	1	CCTTTGAAGAGTGCTGTAAATGCT	1
375	374	1	CTTTGAAGAGTGCTGTAAATGCTG	1
376	375	1	TTTGAAGAGTGCTGTAAATGCTGA	1
377	376	1	TTGAAGAGTGCTGTAAATGCTGAA	1
378	377	1	TGAAGAGTGCTGTAAATGCTGAAG	1
379	378	1	GAAGAGTGCTGTAAATGCTGAAGA	1
380	379	1	AAGAGTGCTGTAAATGCTGAAGAG	1
381	380	1	AGAGTGCTGTAAATGCTGAAGAGT	1
382	381	1	GAGTGCTGTAAATGCTGAAGAGTT	1
383	382	1	AGTGCTGTAAATGCTGAAGAGTTT	1
384	383	1	GTGCTGTAAATGCTGAAGAGTTTT	1
385	384	1	TGCTGTAAATGCTGAAGAGTTTTT	1
386	385	1	GCTGTAAATGCTGAAGAGTTTTTA	1
387	386	1	CTGTAAATGCTGAAGAGTTTTTAG	1
388	387	1	TGTAAATGCTGAAGAGTTTTTAGC	1
389	388	1	GTAAATGCTGAAGAGTTTTTAGCT	1
390	389	1	TAAATGCTGAAGAGTTTTTAGCTG	1
391	390	1	AAATGCTGAAGAGTTTTTAGCTGG	1
392	391	1	AATGCTGAAGAGTTTTTAGCTGGA	1
393	392	1	ATGCTGAAGAGTTTTTAGCTGGAT	1
394	393	1	TGCTGAAGAGTTTTTAGCTGGATT	1
395	394	2	GCTGAAGAGTTTTTAGCTGGATTA	1
396	395	2	CTGAAGAGTTTTTAGCTGGATTAC	1
397	396	2	TGAAGAGTTTTTAGCTGGATTACC	1
398	397	2	GAAGAGTTTTTAGCTGGATTACCT	1
399	398	2	AAGAGTTTTTAGCTGGATTACCTA	1
400	399	2	AGAGTTTTTAGCTGGATTACCTAA	1
401	400	2	GAGTTTTTAGCTGGATTACCTAAC	1
402	401	2	AGTTTTTAGCTGGATTACCTAACT	1
403	402	2	GTTTTTAGCTGGATTACCTAACTT	1
404	403	2	TTTTTAGCTGGATTACCTAACTTT	1
405	404	2	TTTTAGCTGGATTACCTAACTTTG	1
406	405	2	TTTAGCTGGATTACCTAACTTTGA	1
407	406	2	TTAGCTGGATTACCTAACTTTGAT	1
408	407	2	TAGCTGGATTACCTAACTTTGATT	1
409	408	2	AGCTGGATTACCTAACTTTGATTC	1
410	409	2	GCTGGATTACCTAACTTTGATTCA	1
411	410	2	CTGGATTACCTAACTTTGATTCAG	1
412	411	2	TGGATTACCTAACTTTGATTCAGA	1
413	412	2	GGATTACCTAACTTTGATTCAGAA	1
414	413	1	GATTACCTAACTTTGATTCAGAAT	1
415	414	1	ATTACCTAACTTTGATTCAGAATT	1
416	415	1	TTACCTAACTTTGATTCAGAATTT	1
417	416	1	TACCTAACTTTGATTCAGAATTTG	1
418	417	1	ACCTAACTTTGATTCAGAATTTGC	1
419	418	1	CCTAACTTTGATTCAGAATTTGCT	1
420	419	1	CTAACTTTGATTCAGAATTTGCTA	1
421	420	1	TAACTTTGATTCAGAATTTGCTAG	1
422	421	1	AACTTTGATTCAGAATTTGCTAGC	1
423	422	2	ACTTTGATTCAGAATTTGCTAGCA	1
424	423	2	CTTTGATTCAGAATTTGCTAGCAT	1
425	424	2	TTTGATTCAGAATTTGCTAGCATG	1
426	425	2	TTGATTCAGAATTTGCTAGCATGC	1
427	426	2	TGATTCAGAATTTGCTAGCATGCG	1
428	427	2	GATTCAGAATTTGCTAGCATGCGC	1
429	428	2	ATTCAGAATTTGCTAGCATGCGCG	1
430	429	2	TTCAGAATTTGCTAGCATGCGCGA	1
431	430	2	TCAGAATTTGCTAGCATGCGCGAA	1
432	431	2	CAGAATTTGCTAGCATGCGCGAAG	1
433	432	2	AGAATTTGCTAGCATGCGCGAAGA	1
434	433	2	GAATTTGCTAGCATGCGCGAAGAA	1
435	434	2	AATTTGCTAGCATGCGCGAAGAAG	1
436	435	2	ATTTGCTAGCATGCGCGAAGAAGC	1
437	436	2	TTTGCTAGCATGCGCGAAGAAGCT	1
438	437	2	TTGCTAGCATGCGCGAAGAAGCTG	1
439	438	1	TGCTAGCATGCGCGAAGAAGCTGA	1
440	439	1	GCTAGCATGCGCGAAGAAGCTGAG	1
441	440	2	CTAGCATGCGCGAAGAAGCTGAGA	1
442	441	2	TAGCATGCGCGAAGAAGCTGAGAA	1
443	442	2	AGCATGCGCGAAGAAGCTGAGAAG	1
444	443	2	GCATGCGCGAAGAAGCTGAGAAGG	1
445	444	2	CATGCGCGAAGAAGCTGAGAAGGA	1
446	445	2	ATGCGCGAAGAAGCTGAGAAGGAA	1
447	446	2	TGCGCGAAGAAGCTGAGAAGGAAG	1
448	447	2	GCGCGAAGAAGCTGAGAAGGAAGG	1
449	448	2	CGCGAAGAAGCTGAGAAGGAAGGC	1
450	449	2	GCGAAGAAGCTGAGAAGGAAGGCA	1
451	450	2	CGAAGAAGCTGAGAAGGAAGGCAA	1
452	451	2	GAAGAAGCTGAGAAGGAAGGCAAG	1
453	452	2	AAGAAGCTGAGAAGGAAGGCAAGG	1
454	453	2	AGAAGCTGAGAAGGAAGGCAAGGT	1
455	454	2	GAAGCTGAGAAGGAAGGCAAGGTT	1
456	455	2	AAGCTGAGAAGGAAGGCAAGGTTG	1
457	456	2	AGCTGAGAAGGAAGGCAAGGTTGT	1
458	457	2	GCTGAGAAGGAAGGCAAGGTTGTC	1
459	458	2	CTGAGAAGGAAGGCAAGGTTGTCC	1
460	459	2	TGAGAAGGAAGGCAAGGTTGTCCG	1
461	460	2	GAGAAGGAAGGCAAGGTTGTCCGT	1
462	461	2	AGAAGGAAGGCAAGGTTGTCCGTT	1
463	462	2	GAAGGAAGGCAAGGTTGTCCGTTT	1
464	463	2	AAGGAAGGCAAGGTTGTCCGTTTT	1
465	464	2	AGGAAGGCAAGGTTGTCCGTTTTG	1
466	465	2	GGAAGGCAAGGTTGTCCGTTTTGT	1
467	466	1	GAAGGCAAGGTTGTCCGTTTTGTT	1
468	467	1	AAGGCAAGGTTGTCCGTTTTGTTG	1
469	468	1	AGGCAAGGTTGTCCGTTTTGTTGG	1
470	469	1	GGCAAGGTTGTCCGTTTTGTTGGT	1
471	470	1	GCAAGGTTGTCCGTTTTGTTGGTG	1
472	471	1	CAAGGTTGTCCGTTTTGTTGGTGA	1
473	472	1	AAGGTTGTCCGTTTTGTTGGTGAG	1
474	473	1	AGGTTGTCCGTTTTGTTGGTGAGG	1
475	474	1	GGTTGTCCGTTTTGTTGGTGAGGC	1
476	475	1	GTTGTCCGTTTTGTTGGTGAGGCT	1
477	476	1	TTGTCCGTTTTGTTGGTGAGGCTG	1
478	477	1	TGTCCGTTTTGTTGGTGAGGCTGA	1
479	478	1	GTCCGTTTTGTTGGTGAGGCTGAC	1
480	479	1	TCCGTTTTGTTGGTGAGGCTGACG	1
481	480	1	CCGTTTTGTTGGTGAGGCTGACGT	1
482	481	1	CGTTTTGTTGGTGAGGCTGACGTT	1
483	482	1	GTTTTGTTGGTGAGGCTGACGTTG	1
484	483	1	TTTTGTTGGTGAGGCTGACGTTGT	1
485	-1	0	TGCTTATTCATTAGATGCTTTGGT	1
486	485	1	GCTTATTCATTAGATGCTTTGGTA	1
487	486	1	CTTATTCATTAGATGCTTTGGTAG	1
488	487	1	TTATTCATTAGATGCTTTGGTAGA	1
489	488	1	TATTCATTAGATGCTTTGGTAGAT	1
490	489	1	ATTCATTAGATGCTTTGGTAGATT	1
491	490	1	TTCATTAGATGCTTTGGTAGATTT	1
492	491	1	TCATTAGATGCTTTGGTAGATTTC	1
493	492	1	CATTAGATGCTTTGGTAGATTTCC	1
494	493	1	ATTAGATGCTTTGGTAGATTTCCT	1
495	494	3	TTAGATGCTTTGGTAGATTTCCTT	1
496	495	3	TAGATGCTTTGGTAGATTTCCTTG	1
497	496	3	AGATGCTTTGGTAGATTTCCTTGC	1
498	497	4	GATGCTTTGGTAGATTTCCTTGCC	1
499	498	4	ATGCTTTGGTAGATTTCCTTGCCA	1
500	499	4	TGCTTTGGTAGATTTCCTTGCCAA	1
501	500	4	GCTTTGGTAGATTTCCTTGCCAAG	1
502	501	3	CTTTGGTAGATTTCCTTGCCAAGT	1
503	502	3	TTTGGTAGATTTCCTTGCCAAGTC	1
504	266	3	TGGTAGATTTCCTTGCCAAGTCCC	1
505	504	3	GGTAGATTTCCTTGCCAAGTCCCC	1
506	505	4	GTAGATTTCCTTGCCAAGTCCCCC	1
507	506	4	TAGATTTCCTTGCCAAGTCCCCCC	1
508	507	4	AGATTTCCTTGCCAAGTCCCCCCT	1
509	508	4	GATTTCCTTGCCAAGTCCCCCCTT	1
510	509	4	ATTTCCTTGCCAAGTCCCCCCTTC	1
511	510	5	TTTCCTTGCCAAGTCCCCCCTTCC	1
512	511	5	TTCCTTGCCAAGTCCCCCCTTCCC	1
513	512	5	TCCTTGCCAAGTCCCCCCTTCCCG	1
514	513	5	CCTTGCCAAGTCCCCCCTTCCCGC	1
515	514	5	CTTGCCAAGTCCCCCCTTCCCGCC	1
516	515	5	TTGCCAAGTCCCCCCTTCCCGCCA	1
517	516	5	TGCCAAGTCCCCCCTTCCCGCCAT	1
518	517	5	GCCAAGTCCCCCCTTCCCGCCATT	1
519	518	5	CCAAGTCCCCCCTTCCCGCCATTT	1
520	519	7	CAAGTCCCCCCTTCCCGCCATTTT	1
521	520	7	AAGTCCCCCCTTCCCGCCATTTTG	1
522	521	7	AGTCCCCCCTTCCCGCCATTTTGG	1
523	522	6	GTCCCCCCTTCCCGCCATTTTGGT	1
524	523	6	TCCCCCCTTCCCGCCATTTTGGTC	1
525	524	6	CCCCCCTTCCCGCCATTTTGGTCG	1
526	525	7	CCCCCTTCCCGCCATTTTGGTCGA	1
527	526	7	CCCCTTCCCGCCATTTTGGTCGAT	1
528	527	7	CCCTTCCCGCCATTTTGGTCGATA	1
529	528	6	CCTTCCCGCCATTTTGGTCGATAA	1
530	529	5	CTTCCCGCCATTTTGGTCGATAAC	1
531	530	5	TTCCCGCCATTTTGGTCGATAACA	1
532	531	5	TCCCGCCATTTTGGTCGATAACAC	1
533	532	5	CCCGCCATTTTGGTCGATAACACT	1
534	533	6	CCGCCATTTTGGTCGATAACACTG	1
535	534	6	CGCCATTTTGGTCGATAACACTGC	1
536	535	6	GCCATTTTGGTCGATAACACTGCC	1
537	536	6	CCATTTTGGTCGATAACACTGCCT	1
538	537	4	CATTTTGGTCGATAACACTGCCTC	1
539	538	4	ATTTTGGTCGATAACACTGCCTCT	1
540	539	4	TTTTGGTCGATAACACTGCCTCTG	1
541	540	4	TTTGGTCGATAACACTGCCTCTGA	1
542	541	5	TTGGTCGATAACACTGCCTCTGAA	1
543	542	5	TGGTCGATAACACTGCCTCTGAAG	1
544	543	5	GGTCGATAACACTGCCTCTGAAGC	1
545	544	6	GTCGATAACACTGCCTCTGAAGCA	1
546	545	6	TCGATAACACTGCCTCTGAAGCAA	1
547	546	6	CGATAACACTGCCTCTGAAGCAAT	1
548	547	7	GATAACACTGCCTCTGAAGCAATC	1
549	548	7	ATAACACTGCCTCTGAAGCAATCG	1
550	549	7	TAACACTGCCTCTGAAGCAATCGC	1
551	550	7	AACACTGCCTCTGAAGCAATCGCT	1
552	551	7	ACACTGCCTCTGAAGCAATCGCTC	1
553	552	7	CACTGCCTCTGAAGCAATCGCTCA	1
554	553	7	ACTGCCTCTGAAGCAATCGCTCAA	1
555	554	6	CTGCCTCTGAAGCAATCGCTCAAT	1
556	555	6	TGCCTCTGAAGCAATCGCTCAATC	1
557	556	6	GCCTCTGAAGCAATCGCTCAATCT	1
558	557	6	CCTCTGAAGCAATCGCTCAATCTT	1
559	558	6	CTCTGAAGCAATCGCTCAATCTTA	1
560	559	6	TCTGAAGCAATCGCTCAATCTTAT	1
561	560	6	CTGAAGCAATCGCTCAATCTTATC	1
562	561	6	TGAAGCAATCGCTCAATCTTATCC	1
563	562	6	GAAGCAATCGCTCAATCTTATCCT	1
564	563	5	AAGCAATCGCTCAATCTTATCCTA	1
565	564	5	AGCAATCGCTCAATCTTATCCTAA	1
566	565	5	GCAATCGCTCAATCTTATCCTAAA	1
567	566	5	CAATCGCTCAATCTTATCCTAAAT	1
568	567	5	AATCGCTCAATCTTATCCTAAATT	1
569	568	5	ATCGCTCAATCTTATCCTAAATTT	1
570	569	5	TCGCTCAATCTTATCCTAAATTTT	1
571	570	5	CGCTCAATCTTATCCTAAATTTTT	1
572	571	5	GCTCAATCTTATCCTAAATTTTTG	1
573	572	4	CTCAATCTTATCCTAAATTTTTGA	1
574	573	4	TCAATCTTATCCTAAATTTTTGAG	1
575	574	4	CAATCTTATCCTAAATTTTTGAGC	1
576	575	4	AATCTTATCCTAAATTTTTGAGCA	1
577	576	4	ATCTTATCCTAAATTTTTGAGCAA	1
578	577	4	TCTTATCCTAAATTTTTGAGCAAG	1
579	578	4	CTTATCCTAAATTTTTGAGCAAGA	1
580	579	4	TTATCCTAAATTTTTGAGCAAGAA	1
581	580	4	TATCCTAAATTTTTGAGCAAGAAA	1
582	581	4	ATCCTAAATTTTTGAGCAAGAAAA	1
583	582	4	TCCTAAATTTTTGAGCAAGAAAAT	1
584	583	4	CCTAAATTTTTGAGCAAGAAAATC	1
585	584	3	CTAAATTTTTGAGCAAGAAAATCA	1
586	585	2	TAAATTTTTGAGCAAGAAAATCAA	1
587	586	2	AAATTTTTGAGCAAGAAAATCAAC	1
588	587	2	AATTTTTGAGCAAGAAAATCAACA	1
589	588	1	ATTTTTGAGCAAGAAAATCAACAT	1
590	589	1	TTTTTGAGCAAGAAAATCAACATT	1
591	590	1	TTTTGAGCAAGAAAATCAACATTG	1
592	591	2	TTTGAGCAAGAAAATCAACATTGC	1
593	592	2	TTGAGCAAGAAAATCAACATTGCT	1
594	593	2	TGAGCAAGAAAATCAACATTGCTA	1
595	594	2	GAGCAAGAAAATCAACATTGCTAC	1
596	595	2	AGCAAGAAAATCAACATTGCTACT	1
597	596	2	GCAAGAAAATCAACATTGCTACTC	1
598	597	2	CAAGAAAATCAACATTGCTACTCC	1
599	598	2	AAGAAAATCAACATTGCTACTCCC	1
600	599	1	AGAAAATCAACATTGCTACTCCCA	1
601	600	1	GAAAATCAACATTGCTACTCCCAA	1
602	601	1	AAAATCAACATTGCTACTCCCAAC	1
603	602	1	AAATCAACATTGCTACTCCCAACA	1
604	603	1	AATCAACATTGCTACTCCCAACAA	1
605	604	1	ATCAACATTGCTACTCCCAACAAG	1
606	605	1	TCAACATTGCTACTCCCAACAAGA	1
607	606	1	CAACATTGCTACTCCCAACAAGAA	1
608	607	1	AACATTGCTACTCCCAACAAGAAA	1
609	608	1	ACATTGCTACTCCCAACAAGAAAG	1
610	609	1	CATTGCTACTCCCAACAAGAAAGC	1
611	610	1	ATTGCTACTCCCAACAAGAAAGCA	1
612	611	1	TTGCTACTCCCAACAAGAAAGCAT	1
613	612	1	TGCTACTCCCAACAAGAAAGCATT	1
614	613	1	GCTACTCCCAACAAGAAAGCATTC	1
615	614	1	CTACTCCCAACAAGAAAGCATTCT	1
616	615	1	TACTCCCAACAAGAAAGCATTCTC	1
617	616	1	ACTCCCAACAAGAAAGCATTCTCT	1
618	617	1	CTCCCAACAAGAAAGCATTCTCTG	1
619	618	1	TCCCAACAAGAAAGCATTCTCTGC	1
620	619	1	CCCAACAAGAAAGCATTCTCTGCT	1
621	620	1	CCAACAAGAAAGCATTCTCTGCTA	1
622	621	1	CAACAAGAAAGCATTCTCTGCTAG	1
623	622	1	AACAAGAAAGCATTCTCTGCTAGT	1
624	623	1	ACAAGAAAGCATTCTCTGCTAGTA	1
625	624	1	CAAGAAAGCATTCTCTGCTAGTAA	1
626	625	1	AAGAAAGCATTCTCTGCTAGTAAT	1
627	626	1	AGAAAGCATTCTCTGCTAGTAATG	1
628	627	1	GAAAGCATTCTCTGCTAGTAATGA	1
629	628	1	AAAGCATTCTCTGCTAGTAATGAT	1
630	629	1	AAGCATTCTCTGCTAGTAATGATG	1
631	630	1	AGCATTCTCTGCTAGTAATGATGT	1
632	631	1	GCATTCTCTGCTAGTAATGATGTC	1
633	632	1	CATTCTCTGCTAGTAATGATGTCT	1
634	633	1	ATTCTCTGCTAGTAATGATGTCTA	1
635	634	1	TTCTCTGCTAGTAATGATGTCTAT	1
636	-1	0	AGAAAGGAACTGCCTCATTCTCTG	1
637	636	2	GAAAGGAACTGCCTCATTCTCTGA	1
638	637	2	AAAGGAACTGCCTCATTCTCTGAT	1
639	638	2	AAGGAACTGCCTCATTCTCTGATA	1
640	639	2	AGGAACTGCCTCATTCTCTGATAT	1
641	640	2	GGAACTGCCTCATTCTCTGATATC	1
642	641	3	GAACTGCCTCATTCTCTGATATCG	1
643	642	3	AACTGCCTCATTCTCTGATATCGT	1
644	643	3	ACTGCCTCATTCTCTGATATCGTC	1
645	644	3	CTGCCTCATTCTCTGATATCGTCA	1
646	645	3	TGCCTCATTCTCTGATATCGTCAA	1
647	646	3	GCCTCATTCTCTGATATCGTCAAA	1
648	647	3	CCTCATTCTCTGATATCGTCAAAA	1
649	648	3	CTCATTCTCTGATATCGTCAAAAT	1
650	649	3	TCATTCTCTGATATCGTCAAAATT	1
651	650	3	CATTCTCTGATATCGTCAAAATTG	1
652	651	3	ATTCTCTGATATCGTCAAAATTGC	1
653	652	3	TTCTCTGATATCGTCAAAATTGCC	1
654	653	3	TCTCTGATATCGTCAAAATTGCCA	1
655	654	3	CTCTGATATCGTCAAAATTGCCAA	1
656	655	3	TCTGATATCGTCAAAATTGCCAAA	1
657	656	3	CTGATATCGTCAAAATTGCCAAAC	1
658	657	3	TGATATCGTCAAAATTGCCAAACA	1
659	658	3	GATATCGTCAAAATTGCCAAACAA	1
660	659	3	ATATCGTCAAAATTGCCAAACAAA	1
661	660	3	TATCGTCAAAATTGCCAAACAAAA	1
662	661	3	ATCGTCAAAATTGCCAAACAAAAT	1
663	662	3	TCGTCAAAATTGCCAAACAAAATG	1
664	663	3	CGTCAAAATTGCCAAACAAAATGG	1
665	664	3	GTCAAAATTGCCAAACAAAATGGC	1
666	665	3	TCAAAATTGCCAAACAAAATGGCT	1
667	666	3	CAAAATTGCCAAACAAAATGGCTA	1
668	667	3	AAAATTGCCAAACAAAATGGCTAT	1
669	668	3	AAATTGCCAAACAAAATGGCTATA	1
670	669	3	AATTGCCAAACAAAATGGCTATAC	1
671	670	3	ATTGCCAAACAAAATGGCTATACC	1
672	671	3	TTGCCAAACAAAATGGCTATACCG	1
673	672	3	TGCCAAACAAAATGGCTATACCGA	1
674	673	3	GCCAAACAAAATGGCTATACCGAG	1
675	674	3	CCAAACAAAATGGCTATACCGAGC	1
676	675	3	CAAACAAAATGGCTATACCGAGCC	1
677	676	3	AAACAAAATGGCTATACCGAGCCT	1
678	677	3	AACAAAATGGCTATACCGAGCCTG	1
679	678	3	ACAAAATGGCTATACCGAGCCTGA	1
680	679	3	CAAAATGGCTATACCGAGCCTGAC	1
681	680	1	AAAATGGCTATACCGAGCCTGACC	1
682	681	1	AAATGGCTATACCGAGCCTGACCC	1
683	682	1	AATGGCTATACCGAGCCTGACCCT	1
684	683	1	ATGGCTATACCGAGCCTGACCCTC	1
685	684	1	TGGCTATACCGAGCCTGACCCTCG	1
686	-1	0	GCAAGGAGAGCGGTGCTTTATTGA	1
687	686	1	CAAGGAGAGCGGTGCTTTATTGAT	1
688	687	1	AAGGAGAGCGGTGCTTTATTGATG	1
689	688	1	AGGAGAGCGGTGCTTTATTGATGC	1
690	689	1	GGAGAGCGGTGCTTTATTGATGCA	1
691	690	1	GAGAGCGGTGCTTTATTGATGCAC	1
692	691	1	AGAGCGGTGCTTTATTGATGCACG	1
693	692	1	GAGCGGTGCTTTATTGATGCACGA	1
694	693	2	AGCGGTGCTTTATTGATGCACGAG	1
695	694	2	GCGGTGCTTTATTGATGCACGAGG	1
696	695	2	CGGTGCTTTATTGATGCACGAGGC	1
697	696	3	GGTGCTTTATTGATGCACGAGGCT	1
698	697	3	GTGCTTTATTGATGCACGAGGCTT	1
699	698	3	TGCTTTATTGATGCACGAGGCTTC	1
700	699	3	GCTTTATTGATGCACGAGGCTTCT	1
701	700	3	CTTTATTGATGCACGAGGCTTCTG	1
702	701	3	TTTATTGATGCACGAGGCTTCTGT	1
703	702	3	TTATTGATGCACGAGGCTTCTGTT	1
704	703	3	TATTGATGCACGAGGCTTCTGTTG	1
705	704	3	ATTGATGCACGAGGCTTCTGTTGG	1
706	705	3	TTGATGCACGAGGCTTCTGTTGGT	1
707	706	3	TGATGCACGAGGCTTCTGTTGGTG	1
708	707	3	GATGCACGAGGCTTCTGTTGGTGC	1
709	708	3	ATGCACGAGGCTTCTGTTGGTGCT	1
710	709	3	TGCACGAGGCTTCTGTTGGTGCTG	1
711	710	3	GCACGAGGCTTCTGTTGGTGCTGG	1
712	711	3	CACGAGGCTTCTGTTGGTGCTGGT	1
713	712	3	ACGAGGCTTCTGTTGGTGCTGGTT	1
714	713	3	CGAGGCTTCTGTTGGTGCTGGTTT	1
715	714	3	GAGGCTTCTGTTGGTGCTGGTTTG	1
716	715	3	AGGCTTCTGTTGGTGCTGGTTTGC	1
717	716	3	GGCTTCTGTTGGTGCTGGTTTGCC	1
718	717	3	GCTTCTGTTGGTGCTGGTTTGCCA	1
719	718	3	CTTCTGTTGGTGCTGGTTTGCCAA	1
720	719	4	TTCTGTTGGTGCTGGTTTGCCAAT	1
721	720	4	TCTGTTGGTGCTGGTTTGCCAATT	1
722	721	4	CTGTTGGTGCTGGTTTGCCAATTA	1
723	722	4	TGTTGGTGCTGGTTTGCCAATTAT	1
724	723	4	GTTGGTGCTGGTTTGCCAATTATC	1
725	724	4	TTGGTGCTGGTTTGCCAATTATCT	1
726	725	3	TGGTGCTGGTTTGCCAATTATCTC	1
727	726	3	GGTGCTGGTTTGCCAATTATCTCC	1
728	727	3	GTGCTGGTTTGCCAATTATCTCCA	1
729	728	3	TGCTGGTTTGCCAATTATCTCCAC	1
730	729	3	GCTGGTTTGCCAATTATCTCCACA	1
731	730	3	CTGGTTTGCCAATTATCTCCACAT	1
732	731	4	TGGTTTGCCAATTATCTCCACATT	1
733	732	4	GGTTTGCCAATTATCTCCACATTA	1
734	733	4	GTTTGCCAATTATCTCCACATTAA	1
735	734	4	TTTGCCAATTATCTCCACATTAAA	1
736	735	4	TTGCCAATTATCTCCACATTAAAA	1
737	736	4	TGCCAATTATCTCCACATTAAAAG	1
738	737	3	GCCAATTATCTCCACATTAAAAGA	1
739	738	3	CCAATTATCTCCACATTAAAAGAA	1
740	739	3	CAATTATCTCCACATTAAAAGAAC	1
741	740	2	AATTATCTCCACATTAAAAGAACT	1
742	741	2	ATTATCTCCACATTAAAAGAACTT	1
743	742	2	TTATCTCCACATTAAAAGAACTTA	1
744	743	3	TATCTCCACATTAAAAGAACTTAT	1
745	744	3	ATCTCCACATTAAAAGAACTTATC	1
746	745	3	TCTCCACATTAAAAGAACTTATCG	1
747	746	3	CTCCACATTAAAAGAACTTATCGC	1
748	747	3	TCCACATTAAAAGAACTTATCGCT	1
749	748	3	CCACATTAAAAGAACTTATCGCTA	1
750	749	3	CACATTAAAAGAACTTATCGCTAC	1
751	750	3	ACATTAAAAGAACTTATCGCTACT	1
752	751	3	CATTAAAAGAACTTATCGCTACTG	1
753	752	3	ATTAAAAGAACTTATCGCTACTGG	1
754	753	3	TTAAAAGAACTTATCGCTACTGGT	1
755	754	3	TAAAAGAACTTATCGCTACTGGTG	1
756	755	3	AAAAGAACTTATCGCTACTGGTGA	1
757	756	3	AAAGAACTTATCGCTACTGGTGAT	1
758	757	3	AAGAACTTATCGCTACTGGTGATG	1
759	758	3	AGAACTTATCGCTACTGGTGATGA	1
760	759	3	GAACTTATCGCTACTGGTGATGAA	1
761	760	3	AACTTATCGCTACTGGTGATGAAA	1
762	761	3	ACTTATCGCTACTGGTGATGAAAT	1
763	762	3	CTTATCGCTACTGGTGATGAAATC	1
764	763	3	TTATCGCTACTGGTGATGAAATCA	1
765	764	3	TATCGCTACTGGTGATGAAATCAT	1
766	765	3	ATCGCTACTGGTGATGAAATCATA	1
767	766	3	TCGCTACTGGTGATGAAATCATAA	1
768	767	3	CGCTACTGGTGATGAAATCATAAA	1
769	768	3	GCTACTGGTGATGAAATCATAAAG	1
770	769	3	CTACTGGTGATGAAATCATAAAGA	1
771	770	3	TACTGGTGATGAAATCATAAAGAT	1
772	771	3	ACTGGTGATGAAATCATAAAGATT	1
773	772	3	CTGGTGATGAAATCATAAAGATTG	1
774	773	3	TGGTGATGAAATCATAAAGATTGA	1
775	774	3	GGTGATGAAATCATAAAGATTGAA	1
776	775	2	GTGATGAAATCATAAAGATTGAAG	1
777	776	2	TGATGAAATCATAAAGATTGAAGG	1
778	777	2	GATGAAATCATAAAGATTGAAGGT	1
779	778	2	ATGAAATCATAAAGATTGAAGGTA	1
780	779	2	TGAAATCATAAAGATTGAAGGTAT	1
781	780	3	GAAATCATAAAGATTGAAGGTATC	1
782	781	3	AAATCATAAAGATTGAAGGTATCT	1
783	782	3	AATCATAAAGATTGAAGGTATCTT	1
784	783	3	ATCATAAAGATTGAAGGTATCTTT	1
785	784	3	TCATAAAGATTGAAGGTATCTTTT	1
786	785	3	CATAAAGATTGAAGGTATCTTTTC	1
787	786	3	ATAAAGATTGAAGGTATCTTTTCT	1
788	787	2	TAAAGATTGAAGGTATCTTTTCTG	1
789	788	3	AAAGATTGAAGGTATCTTTTCTGG	1
790	789	3	AAGATTGAAGGTATCTTTTCTGGC	1
791	790	3	AGATTGAAGGTATCTTTTCTGGCA	1
792	791	3	GATTGAAGGTATCTTTTCTGGCAC	1
793	792	3	ATTGAAGGTATCTTTTCTGGCACT	1
794	793	3	TTGAAGGTATCTTTTCTGGCACTC	1
795	794	3	TGAAGGTATCTTTTCTGGCACTCT	1
796	795	3	GAAGGTATCTTTTCTGGCACTCTG	1
797	796	3	AAGGTATCTTTTCTGGCACTCTGT	1
798	797	3	AGGTATCTTTTCTGGCACTCTGTC	1
799	798	3	GGTATCTTTTCTGGCACTCTGTCT	1
800	799	3	GTATCTTTTCTGGCACTCTGTCTT	1
801	800	3	TATCTTTTCTGGCACTCTGTCTTA	1
802	801	3	ATCTTTTCTGGCACTCTGTCTTAC	1
803	802	3	TCTTTTCTGGCACTCTGTCTTACA	1
804	803	3	CTTTTCTGGCACTCTGTCTTACAT	1
805	804	3	TTTTCTGGCACTCTGTCTTACATC	1
806	805	5	TTTCTGGCACTCTGTCTTACATCT	1
807	806	5	TTCTGGCACTCTGTCTTACATCTT	1
808	807	4	TCTGGCACTCTGTCTTACATCTTC	1
809	808	4	CTGGCACTCTGTCTTACATCTTCA	1
810	809	4	TGGCACTCTGTCTTACATCTTCAA	1
811	810	3	GGCACTCTGTCTTACATCTTCAAC	1
812	811	3	GCACTCTGTCTTACATCTTCAACG	1
813	812	3	CACTCTGTCTTACATCTTCAACGT	1
814	813	3	ACTCTGTCTTACATCTTCAACGTT	1
815	814	3	CTCTGTCTTACATCTTCAACGTTT	1
816	815	3	TCTGTCTTACATCTTCAACGTTTG	1
817	816	3	CTGTCTTACATCTTCAACGTTTGG	1
818	817	3	TGTCTTACATCTTCAACGTTTGGT	1
819	818	3	GTCTTACATCTTCAACGTTTGGTC	1
820	819	3	TCTTACATCTTCAACGTTTGGTCT	1
821	820	3	CTTACATCTTCAACGTTTGGTCTC	1
822	821	3	TTACATCTTCAACGTTTGGTCTCC	1
823	822	3	TACATCTTCAACGTTTGGTCTCCT	1
824	823	3	ACATCTTCAACGTTTGGTCTCCTA	1
825	824	2	CATCTTCAACGTTTGGTCTCCTAA	1
826	825	2	ATCTTCAACGTTTGGTCTCCTAAC	1
827	826	2	TCTTCAACGTTTGGTCTCCTAACG	1
828	827	2	CTTCAACGTTTGGTCTCCTAACGG	1
829	828	2	TTCAACGTTTGGTCTCCTAACGGC	1
830	829	2	TCAACGTTTGGTCTCCTAACGGCA	1
831	830	2	CAACGTTTGGTCTCCTAACGGCAA	1
832	831	2	AACGTTTGGTCTCCTAACGGCAAG	1
833	832	1	ACGTTTGGTCTCCTAACGGCAAGA	1
834	833	1	CGTTTGGTCTCCTAACGGCAAGAA	1
835	834	1	GTTTGGTCTCCTAACGGCAAGAAA	1
836	835	2	TTTGGTCTCCTAACGGCAAGAAAG	1
837	836	2	TTGGTCTCCTAACGGCAAGAAAGG	1
838	837	2	TGGTCTCCTAACGGCAAGAAAGGA	1
839	838	2	GGTCTCCTAACGGCAAGAAAGGAA	1
840	839	2	GTCTCCTAACGGCAAGAAAGGAAC	1
841	840	2	TCTCCTAACGGCAAGAAAGGAACT	1
842	841	2	CTCCTAACGGCAAGAAAGGAACTG	1
843	842	2	TCCTAACGGCAAGAAAGGAACTGC	1
844	843	2	CCTAACGGCAAGAAAGGAACTGCC	1
845	844	2	CTAACGGCAAGAAAGGAACTGCCT	1
846	845	2	TAACGGCAAGAAAGGAACTGCCTC	1
847	846	2	AACGGCAAGAAAGGAACTGCCTCA	1
848	847	2	ACGGCAAGAAAGGAACTGCCTCAT	1
849	848	2	CGGCAAGAAAGGAACTGCCTCATT	1
