Component 689
1	-1	0	CAGAACACTAGAAAATAATGGCTC	1
2	1	2	AGAACACTAGAAAATAATGGCTCG	1
3	2	6	GAACACTAGAAAATAATGGCTCGT	1
4	3	8	AACACTAGAAAATAATGGCTCGTA	1
5	4	9	ACACTAGAAAATAATGGCTCGTAC	1
6	5	10	CACTAGAAAATAATGGCTCGTACT	1
7	6	10	ACTAGAAAATAATGGCTCGTACTA	1
8	7	10	CTAGAAAATAATGGCTCGTACTAA	1
9	8	10	TAGAAAATAATGGCTCGTACTAAG	1
10	9	10	AGAAAATAATGGCTCGTACTAAGC	1
11	10	12	GAAAATAATGGCTCGTACTAAGCA	1
12	11	14	AAAATAATGGCTCGTACTAAGCAA	1
13	12	15	AAATAATGGCTCGTACTAAGCAAA	1
14	13	14	AATAATGGCTCGTACTAAGCAAAC	1
15	14	14	ATAATGGCTCGTACTAAGCAAACT	1
16	15	14	TAATGGCTCGTACTAAGCAAACTG	1
17	16	14	AATGGCTCGTACTAAGCAAACTGC	1
18	17	14	ATGGCTCGTACTAAGCAAACTGCA	1
19	18	14	TGGCTCGTACTAAGCAAACTGCAC	1
20	19	13	GGCTCGTACTAAGCAAACTGCACG	1
21	20	14	GCTCGTACTAAGCAAACTGCACGT	1
22	21	14	CTCGTACTAAGCAAACTGCACGTA	1
23	22	14	TCGTACTAAGCAAACTGCACGTAA	1
24	23	14	CGTACTAAGCAAACTGCACGTAAA	1
25	24	13	GTACTAAGCAAACTGCACGTAAAT	1
26	25	13	TACTAAGCAAACTGCACGTAAATC	1
27	26	13	ACTAAGCAAACTGCACGTAAATCA	1
28	27	13	CTAAGCAAACTGCACGTAAATCAA	1
29	28	13	TAAGCAAACTGCACGTAAATCAAC	1
30	29	12	AAGCAAACTGCACGTAAATCAACT	1
31	30	12	AGCAAACTGCACGTAAATCAACTG	1
32	31	12	GCAAACTGCACGTAAATCAACTGG	1
33	32	11	CAAACTGCACGTAAATCAACTGGT	1
34	33	11	AAACTGCACGTAAATCAACTGGTG	1
35	34	11	AACTGCACGTAAATCAACTGGTGG	1
36	35	11	ACTGCACGTAAATCAACTGGTGGT	1
37	36	11	CTGCACGTAAATCAACTGGTGGTA	1
38	37	11	TGCACGTAAATCAACTGGTGGTAA	1
39	38	12	GCACGTAAATCAACTGGTGGTAAG	1
40	39	12	CACGTAAATCAACTGGTGGTAAGG	1
41	40	12	ACGTAAATCAACTGGTGGTAAGGC	1
42	41	12	CGTAAATCAACTGGTGGTAAGGCT	1
43	42	13	GTAAATCAACTGGTGGTAAGGCTC	1
44	43	13	TAAATCAACTGGTGGTAAGGCTCC	1
45	44	13	AAATCAACTGGTGGTAAGGCTCCT	1
46	45	13	AATCAACTGGTGGTAAGGCTCCTC	1
47	46	9	ATCAACTGGTGGTAAGGCTCCTCG	1
48	47	7	TCAACTGGTGGTAAGGCTCCTCGT	1
49	48	7	CAACTGGTGGTAAGGCTCCTCGTA	1
50	49	7	AACTGGTGGTAAGGCTCCTCGTAA	1
51	50	7	ACTGGTGGTAAGGCTCCTCGTAAG	1
52	51	7	CTGGTGGTAAGGCTCCTCGTAAGC	1
53	52	7	TGGTGGTAAGGCTCCTCGTAAGCA	1
54	53	7	GGTGGTAAGGCTCCTCGTAAGCAA	1
55	54	5	GTGGTAAGGCTCCTCGTAAGCAAC	1
56	55	3	TGGTAAGGCTCCTCGTAAGCAACT	1
57	56	2	GGTAAGGCTCCTCGTAAGCAACTT	1
58	57	2	GTAAGGCTCCTCGTAAGCAACTTG	1
59	58	2	TAAGGCTCCTCGTAAGCAACTTGC	1
60	59	2	AAGGCTCCTCGTAAGCAACTTGCC	1
61	60	2	AGGCTCCTCGTAAGCAACTTGCCT	1
62	61	2	GGCTCCTCGTAAGCAACTTGCCTC	1
63	62	3	GCTCCTCGTAAGCAACTTGCCTCT	1
64	63	3	CTCCTCGTAAGCAACTTGCCTCTA	1
65	64	3	TCCTCGTAAGCAACTTGCCTCTAA	1
66	65	3	CCTCGTAAGCAACTTGCCTCTAAG	1
67	66	3	CTCGTAAGCAACTTGCCTCTAAGG	1
68	67	3	TCGTAAGCAACTTGCCTCTAAGGC	1
69	68	3	CGTAAGCAACTTGCCTCTAAGGCT	1
70	69	3	GTAAGCAACTTGCCTCTAAGGCTG	1
71	70	3	TAAGCAACTTGCCTCTAAGGCTGC	1
72	71	3	AAGCAACTTGCCTCTAAGGCTGCC	1
73	72	3	AGCAACTTGCCTCTAAGGCTGCCC	1
74	73	3	GCAACTTGCCTCTAAGGCTGCCCG	1
75	74	3	CAACTTGCCTCTAAGGCTGCCCGT	1
76	75	3	AACTTGCCTCTAAGGCTGCCCGTA	1
77	76	3	ACTTGCCTCTAAGGCTGCCCGTAA	1
78	77	3	CTTGCCTCTAAGGCTGCCCGTAAG	1
79	78	3	TTGCCTCTAAGGCTGCCCGTAAGG	1
80	79	3	TGCCTCTAAGGCTGCCCGTAAGGC	1
81	80	3	GCCTCTAAGGCTGCCCGTAAGGCT	1
82	81	3	CCTCTAAGGCTGCCCGTAAGGCTG	1
83	82	2	CTCTAAGGCTGCCCGTAAGGCTGC	1
84	83	2	TCTAAGGCTGCCCGTAAGGCTGCT	1
85	84	2	CTAAGGCTGCCCGTAAGGCTGCTC	1
86	85	2	TAAGGCTGCCCGTAAGGCTGCTCC	1
87	86	1	AAGGCTGCCCGTAAGGCTGCTCCC	1
88	87	1	AGGCTGCCCGTAAGGCTGCTCCCG	1
89	88	1	GGCTGCCCGTAAGGCTGCTCCCGC	1
90	89	1	GCTGCCCGTAAGGCTGCTCCCGCT	1
91	90	3	CTGCCCGTAAGGCTGCTCCCGCTA	1
92	91	3	TGCCCGTAAGGCTGCTCCCGCTAC	1
93	92	3	GCCCGTAAGGCTGCTCCCGCTACT	1
94	93	3	CCCGTAAGGCTGCTCCCGCTACTG	1
95	94	3	CCGTAAGGCTGCTCCCGCTACTGG	1
96	95	3	CGTAAGGCTGCTCCCGCTACTGGT	1
97	96	3	GTAAGGCTGCTCCCGCTACTGGTG	1
98	97	3	TAAGGCTGCTCCCGCTACTGGTGG	1
99	98	3	AAGGCTGCTCCCGCTACTGGTGGT	1
100	99	3	AGGCTGCTCCCGCTACTGGTGGTG	1
101	100	3	GGCTGCTCCCGCTACTGGTGGTGT	1
102	101	3	GCTGCTCCCGCTACTGGTGGTGTT	1
103	102	3	CTGCTCCCGCTACTGGTGGTGTTA	1
104	103	3	TGCTCCCGCTACTGGTGGTGTTAA	1
105	104	3	GCTCCCGCTACTGGTGGTGTTAAG	1
106	105	3	CTCCCGCTACTGGTGGTGTTAAGA	1
107	106	3	TCCCGCTACTGGTGGTGTTAAGAA	1
108	107	3	CCCGCTACTGGTGGTGTTAAGAAG	1
109	108	2	CCGCTACTGGTGGTGTTAAGAAGC	1
110	109	2	CGCTACTGGTGGTGTTAAGAAGCC	1
111	110	3	GCTACTGGTGGTGTTAAGAAGCCT	1
112	111	3	CTACTGGTGGTGTTAAGAAGCCTC	1
113	112	3	TACTGGTGGTGTTAAGAAGCCTCA	1
114	113	3	ACTGGTGGTGTTAAGAAGCCTCAT	1
115	114	3	CTGGTGGTGTTAAGAAGCCTCATC	1
116	115	3	TGGTGGTGTTAAGAAGCCTCATCG	1
117	116	3	GGTGGTGTTAAGAAGCCTCATCGT	1
118	117	3	GTGGTGTTAAGAAGCCTCATCGTT	1
119	118	4	TGGTGTTAAGAAGCCTCATCGTTA	1
120	119	4	GGTGTTAAGAAGCCTCATCGTTAT	1
121	120	6	GTGTTAAGAAGCCTCATCGTTATC	1
122	121	6	TGTTAAGAAGCCTCATCGTTATCG	1
123	122	6	GTTAAGAAGCCTCATCGTTATCGT	1
124	123	6	TTAAGAAGCCTCATCGTTATCGTC	1
125	124	6	TAAGAAGCCTCATCGTTATCGTCC	1
126	125	2	AAGAAGCCTCATCGTTATCGTCCT	1
127	126	3	AGAAGCCTCATCGTTATCGTCCTG	1
128	127	3	GAAGCCTCATCGTTATCGTCCTGG	1
129	128	5	AAGCCTCATCGTTATCGTCCTGGT	1
130	129	5	AGCCTCATCGTTATCGTCCTGGTA	1
131	130	4	GCCTCATCGTTATCGTCCTGGTAC	1
132	131	4	CCTCATCGTTATCGTCCTGGTACT	1
133	132	4	CTCATCGTTATCGTCCTGGTACTG	1
134	133	4	TCATCGTTATCGTCCTGGTACTGT	1
135	134	4	CATCGTTATCGTCCTGGTACTGTC	1
136	135	4	ATCGTTATCGTCCTGGTACTGTCG	1
137	136	4	TCGTTATCGTCCTGGTACTGTCGC	1
138	137	4	CGTTATCGTCCTGGTACTGTCGCT	1
139	138	5	GTTATCGTCCTGGTACTGTCGCTC	1
140	139	5	TTATCGTCCTGGTACTGTCGCTCT	1
141	140	6	TATCGTCCTGGTACTGTCGCTCTT	1
142	141	7	ATCGTCCTGGTACTGTCGCTCTTC	1
143	142	7	TCGTCCTGGTACTGTCGCTCTTCG	1
144	143	8	CGTCCTGGTACTGTCGCTCTTCGT	1
145	144	9	GTCCTGGTACTGTCGCTCTTCGTG	1
146	145	8	TCCTGGTACTGTCGCTCTTCGTGA	1
147	146	5	CCTGGTACTGTCGCTCTTCGTGAG	1
148	147	5	CTGGTACTGTCGCTCTTCGTGAGA	1
149	148	6	TGGTACTGTCGCTCTTCGTGAGAT	1
150	149	6	GGTACTGTCGCTCTTCGTGAGATT	1
151	150	6	GTACTGTCGCTCTTCGTGAGATTC	1
152	151	6	TACTGTCGCTCTTCGTGAGATTCG	1
153	152	6	ACTGTCGCTCTTCGTGAGATTCGT	1
154	153	6	CTGTCGCTCTTCGTGAGATTCGTC	1
155	154	5	TGTCGCTCTTCGTGAGATTCGTCG	1
156	155	5	GTCGCTCTTCGTGAGATTCGTCGT	1
157	156	7	TCGCTCTTCGTGAGATTCGTCGTT	1
158	157	8	CGCTCTTCGTGAGATTCGTCGTTA	1
159	158	8	GCTCTTCGTGAGATTCGTCGTTAT	1
160	159	9	CTCTTCGTGAGATTCGTCGTTATC	1
161	160	9	TCTTCGTGAGATTCGTCGTTATCA	1
162	161	9	CTTCGTGAGATTCGTCGTTATCAA	1
163	162	9	TTCGTGAGATTCGTCGTTATCAAA	1
164	163	9	TCGTGAGATTCGTCGTTATCAAAA	1
165	164	10	CGTGAGATTCGTCGTTATCAAAAG	1
166	165	10	GTGAGATTCGTCGTTATCAAAAGT	1
167	166	10	TGAGATTCGTCGTTATCAAAAGTC	1
168	167	10	GAGATTCGTCGTTATCAAAAGTCT	1
169	168	10	AGATTCGTCGTTATCAAAAGTCTA	1
170	169	10	GATTCGTCGTTATCAAAAGTCTAC	1
171	170	10	ATTCGTCGTTATCAAAAGTCTACT	1
172	171	17	TTCGTCGTTATCAAAAGTCTACTG	1
173	172	17	TCGTCGTTATCAAAAGTCTACTGA	1
174	173	17	CGTCGTTATCAAAAGTCTACTGAA	1
175	174	17	GTCGTTATCAAAAGTCTACTGAAC	1
176	175	17	TCGTTATCAAAAGTCTACTGAACT	1
177	176	17	CGTTATCAAAAGTCTACTGAACTT	1
178	177	17	GTTATCAAAAGTCTACTGAACTTT	1
179	178	18	TTATCAAAAGTCTACTGAACTTTT	1
179	226	1	TTATCAAAAGTCTACTGAACTTTT	1
180	179	11	TATCAAAAGTCTACTGAACTTTTA	1
181	180	11	ATCAAAAGTCTACTGAACTTTTAA	1
182	181	11	TCAAAAGTCTACTGAACTTTTAAT	1
183	182	10	CAAAAGTCTACTGAACTTTTAATT	1
184	183	10	AAAAGTCTACTGAACTTTTAATTC	1
185	184	10	AAAGTCTACTGAACTTTTAATTCG	1
186	185	9	AAGTCTACTGAACTTTTAATTCGT	1
187	186	9	AGTCTACTGAACTTTTAATTCGTA	1
188	187	7	GTCTACTGAACTTTTAATTCGTAA	1
189	188	7	TCTACTGAACTTTTAATTCGTAAG	1
190	189	7	CTACTGAACTTTTAATTCGTAAGC	1
191	190	7	TACTGAACTTTTAATTCGTAAGCT	1
192	191	7	ACTGAACTTTTAATTCGTAAGCTA	1
193	192	6	CTGAACTTTTAATTCGTAAGCTAC	1
194	193	6	TGAACTTTTAATTCGTAAGCTACC	1
195	194	6	GAACTTTTAATTCGTAAGCTACCT	1
196	195	6	AACTTTTAATTCGTAAGCTACCTT	1
197	196	6	ACTTTTAATTCGTAAGCTACCTTT	1
198	197	6	CTTTTAATTCGTAAGCTACCTTTC	1
199	198	6	TTTTAATTCGTAAGCTACCTTTCC	1
200	199	5	TTTAATTCGTAAGCTACCTTTCCA	1
201	200	2	TTAATTCGTAAGCTACCTTTCCAA	1
202	201	1	TAATTCGTAAGCTACCTTTCCAAC	1
203	202	1	AATTCGTAAGCTACCTTTCCAACG	1
204	154	1	TGTCGCTCTTCGTGAGATTCGTCT	1
205	204	1	GTCGCTCTTCGTGAGATTCGTCTT	1
206	205	1	TCGCTCTTCGTGAGATTCGTCTTA	1
207	206	1	CGCTCTTCGTGAGATTCGTCTTAT	1
208	207	1	GCTCTTCGTGAGATTCGTCTTATC	1
209	208	1	CTCTTCGTGAGATTCGTCTTATCA	1
210	209	1	TCTTCGTGAGATTCGTCTTATCAA	1
211	210	1	CTTCGTGAGATTCGTCTTATCAAA	1
212	211	1	TTCGTGAGATTCGTCTTATCAAAA	1
213	212	1	TCGTGAGATTCGTCTTATCAAAAG	1
214	213	1	CGTGAGATTCGTCTTATCAAAAGT	1
215	214	1	GTGAGATTCGTCTTATCAAAAGTC	1
216	215	1	TGAGATTCGTCTTATCAAAAGTCT	1
217	216	1	GAGATTCGTCTTATCAAAAGTCTA	1
218	217	1	AGATTCGTCTTATCAAAAGTCTAC	1
219	218	1	GATTCGTCTTATCAAAAGTCTACT	1
220	219	1	ATTCGTCTTATCAAAAGTCTACTG	1
221	220	1	TTCGTCTTATCAAAAGTCTACTGA	1
222	221	1	TCGTCTTATCAAAAGTCTACTGAA	1
223	222	1	CGTCTTATCAAAAGTCTACTGAAC	1
224	223	1	GTCTTATCAAAAGTCTACTGAACT	1
225	224	1	TCTTATCAAAAGTCTACTGAACTT	1
226	225	1	CTTATCAAAAGTCTACTGAACTTT	1
227	179	8	TATCAAAAGTCTACTGAACTTTTG	1
228	227	8	ATCAAAAGTCTACTGAACTTTTGA	1
229	228	8	TCAAAAGTCTACTGAACTTTTGAT	1
230	229	8	CAAAAGTCTACTGAACTTTTGATT	1
231	230	9	AAAAGTCTACTGAACTTTTGATTC	1
232	231	9	AAAGTCTACTGAACTTTTGATTCG	1
233	232	9	AAGTCTACTGAACTTTTGATTCGT	1
234	233	9	AGTCTACTGAACTTTTGATTCGTA	1
235	234	9	GTCTACTGAACTTTTGATTCGTAA	1
236	235	7	TCTACTGAACTTTTGATTCGTAAG	1
237	236	7	CTACTGAACTTTTGATTCGTAAGC	1
238	237	6	TACTGAACTTTTGATTCGTAAGCT	1
239	238	6	ACTGAACTTTTGATTCGTAAGCTA	1
240	239	6	CTGAACTTTTGATTCGTAAGCTAC	1
241	240	5	TGAACTTTTGATTCGTAAGCTACC	1
242	241	5	GAACTTTTGATTCGTAAGCTACCT	1
243	242	6	AACTTTTGATTCGTAAGCTACCTT	1
244	243	6	ACTTTTGATTCGTAAGCTACCTTT	1
245	244	6	CTTTTGATTCGTAAGCTACCTTTC	1
246	245	6	TTTTGATTCGTAAGCTACCTTTCC	1
247	246	6	TTTGATTCGTAAGCTACCTTTCCA	1
248	247	7	TTGATTCGTAAGCTACCTTTCCAA	1
249	248	6	TGATTCGTAAGCTACCTTTCCAAC	1
250	249	4	GATTCGTAAGCTACCTTTCCAACG	1
251	250	4	ATTCGTAAGCTACCTTTCCAACGC	1
252	251	4	TTCGTAAGCTACCTTTCCAACGCT	1
253	252	4	TCGTAAGCTACCTTTCCAACGCTT	1
254	253	4	CGTAAGCTACCTTTCCAACGCTTG	1
255	254	5	GTAAGCTACCTTTCCAACGCTTGG	1
256	255	6	TAAGCTACCTTTCCAACGCTTGGT	1
257	256	6	AAGCTACCTTTCCAACGCTTGGTC	1
258	257	6	AGCTACCTTTCCAACGCTTGGTCC	1
259	258	6	GCTACCTTTCCAACGCTTGGTCCG	1
260	259	6	CTACCTTTCCAACGCTTGGTCCGT	1
261	260	6	TACCTTTCCAACGCTTGGTCCGTG	1
262	261	6	ACCTTTCCAACGCTTGGTCCGTGA	1
263	262	6	CCTTTCCAACGCTTGGTCCGTGAA	1
264	263	7	CTTTCCAACGCTTGGTCCGTGAAA	1
265	264	7	TTTCCAACGCTTGGTCCGTGAAAT	1
266	265	7	TTCCAACGCTTGGTCCGTGAAATC	1
267	266	7	TCCAACGCTTGGTCCGTGAAATCG	1
268	267	7	CCAACGCTTGGTCCGTGAAATCGC	1
269	268	7	CAACGCTTGGTCCGTGAAATCGCC	1
270	269	6	AACGCTTGGTCCGTGAAATCGCCC	1
271	270	6	ACGCTTGGTCCGTGAAATCGCCCA	1
272	271	6	CGCTTGGTCCGTGAAATCGCCCAA	1
273	272	6	GCTTGGTCCGTGAAATCGCCCAAG	1
274	273	6	CTTGGTCCGTGAAATCGCCCAAGA	1
275	1321	2	TTGGTCCGTGAAATCGCCCAAGAT	1
275	274	5	TTGGTCCGTGAAATCGCCCAAGAT	1
276	275	7	TGGTCCGTGAAATCGCCCAAGATT	1
277	276	8	GGTCCGTGAAATCGCCCAAGATTT	1
278	277	8	GTCCGTGAAATCGCCCAAGATTTC	1
279	278	9	TCCGTGAAATCGCCCAAGATTTCA	1
280	279	11	CCGTGAAATCGCCCAAGATTTCAA	1
281	280	11	CGTGAAATCGCCCAAGATTTCAAG	1
282	281	11	GTGAAATCGCCCAAGATTTCAAGA	1
283	282	11	TGAAATCGCCCAAGATTTCAAGAC	1
284	283	11	GAAATCGCCCAAGATTTCAAGACT	1
285	284	11	AAATCGCCCAAGATTTCAAGACTG	1
286	285	11	AATCGCCCAAGATTTCAAGACTGA	1
287	286	9	ATCGCCCAAGATTTCAAGACTGAC	1
288	287	9	TCGCCCAAGATTTCAAGACTGACT	1
289	288	10	CGCCCAAGATTTCAAGACTGACTT	1
290	289	13	GCCCAAGATTTCAAGACTGACTTG	1
291	290	13	CCCAAGATTTCAAGACTGACTTGC	1
292	291	12	CCAAGATTTCAAGACTGACTTGCG	1
293	292	12	CAAGATTTCAAGACTGACTTGCGT	1
294	293	13	AAGATTTCAAGACTGACTTGCGTT	1
295	294	15	AGATTTCAAGACTGACTTGCGTTT	1
296	295	15	GATTTCAAGACTGACTTGCGTTTC	1
297	296	15	ATTTCAAGACTGACTTGCGTTTCC	1
298	297	16	TTTCAAGACTGACTTGCGTTTCCA	1
299	298	9	TTCAAGACTGACTTGCGTTTCCAG	1
300	299	8	TCAAGACTGACTTGCGTTTCCAGT	1
301	300	8	CAAGACTGACTTGCGTTTCCAGTC	1
302	301	8	AAGACTGACTTGCGTTTCCAGTCT	1
303	302	9	AGACTGACTTGCGTTTCCAGTCTT	1
304	303	9	GACTGACTTGCGTTTCCAGTCTTC	1
305	304	10	ACTGACTTGCGTTTCCAGTCTTCT	1
306	305	10	CTGACTTGCGTTTCCAGTCTTCTG	1
307	306	10	TGACTTGCGTTTCCAGTCTTCTGC	1
308	307	9	GACTTGCGTTTCCAGTCTTCTGCC	1
309	308	9	ACTTGCGTTTCCAGTCTTCTGCCA	1
310	309	9	CTTGCGTTTCCAGTCTTCTGCCAT	1
311	310	9	TTGCGTTTCCAGTCTTCTGCCATT	1
312	311	9	TGCGTTTCCAGTCTTCTGCCATTG	1
313	312	9	GCGTTTCCAGTCTTCTGCCATTGG	1
314	313	9	CGTTTCCAGTCTTCTGCCATTGGT	1
315	314	9	GTTTCCAGTCTTCTGCCATTGGTG	1
316	315	10	TTTCCAGTCTTCTGCCATTGGTGC	1
317	316	10	TTCCAGTCTTCTGCCATTGGTGCT	1
318	317	10	TCCAGTCTTCTGCCATTGGTGCTC	1
319	318	8	CCAGTCTTCTGCCATTGGTGCTCT	1
320	319	8	CAGTCTTCTGCCATTGGTGCTCTC	1
321	320	8	AGTCTTCTGCCATTGGTGCTCTCC	1
322	321	8	GTCTTCTGCCATTGGTGCTCTCCA	1
323	322	7	TCTTCTGCCATTGGTGCTCTCCAA	1
324	323	11	CTTCTGCCATTGGTGCTCTCCAAG	1
325	324	11	TTCTGCCATTGGTGCTCTCCAAGA	1
326	325	11	TCTGCCATTGGTGCTCTCCAAGAA	1
327	326	11	CTGCCATTGGTGCTCTCCAAGAAG	1
328	327	11	TGCCATTGGTGCTCTCCAAGAAGC	1
329	328	11	GCCATTGGTGCTCTCCAAGAAGCT	1
330	329	11	CCATTGGTGCTCTCCAAGAAGCTG	1
331	330	12	CATTGGTGCTCTCCAAGAAGCTGT	1
332	331	12	ATTGGTGCTCTCCAAGAAGCTGTT	1
333	332	11	TTGGTGCTCTCCAAGAAGCTGTTG	1
334	333	8	TGGTGCTCTCCAAGAAGCTGTTGA	1
335	334	8	GGTGCTCTCCAAGAAGCTGTTGAG	1
336	335	8	GTGCTCTCCAAGAAGCTGTTGAGG	1
337	336	8	TGCTCTCCAAGAAGCTGTTGAGGC	1
338	337	7	GCTCTCCAAGAAGCTGTTGAGGCC	1
339	338	6	CTCTCCAAGAAGCTGTTGAGGCCT	1
340	339	6	TCTCCAAGAAGCTGTTGAGGCCTA	1
341	340	4	CTCCAAGAAGCTGTTGAGGCCTAT	1
342	341	4	TCCAAGAAGCTGTTGAGGCCTATC	1
343	342	4	CCAAGAAGCTGTTGAGGCCTATCT	1
344	343	4	CAAGAAGCTGTTGAGGCCTATCTT	1
345	344	5	AAGAAGCTGTTGAGGCCTATCTTG	1
346	345	5	AGAAGCTGTTGAGGCCTATCTTGT	1
347	346	4	GAAGCTGTTGAGGCCTATCTTGTC	1
348	347	4	AAGCTGTTGAGGCCTATCTTGTCT	1
349	348	3	AGCTGTTGAGGCCTATCTTGTCTC	1
350	349	3	GCTGTTGAGGCCTATCTTGTCTCT	1
351	350	3	CTGTTGAGGCCTATCTTGTCTCTC	1
352	351	3	TGTTGAGGCCTATCTTGTCTCTCT	1
353	352	3	GTTGAGGCCTATCTTGTCTCTCTA	1
354	353	3	TTGAGGCCTATCTTGTCTCTCTAT	1
355	354	3	TGAGGCCTATCTTGTCTCTCTATT	1
356	355	3	GAGGCCTATCTTGTCTCTCTATTT	1
357	356	4	AGGCCTATCTTGTCTCTCTATTTG	1
358	357	4	GGCCTATCTTGTCTCTCTATTTGA	1
359	358	5	GCCTATCTTGTCTCTCTATTTGAA	1
360	359	4	CCTATCTTGTCTCTCTATTTGAAG	1
361	360	6	CTATCTTGTCTCTCTATTTGAAGA	1
362	361	11	TATCTTGTCTCTCTATTTGAAGAC	1
363	362	11	ATCTTGTCTCTCTATTTGAAGACA	1
364	363	11	TCTTGTCTCTCTATTTGAAGACAC	1
365	364	11	CTTGTCTCTCTATTTGAAGACACT	1
366	365	11	TTGTCTCTCTATTTGAAGACACTA	1
367	366	11	TGTCTCTCTATTTGAAGACACTAA	1
368	367	12	GTCTCTCTATTTGAAGACACTAAC	1
369	368	12	TCTCTCTATTTGAAGACACTAACT	1
370	369	12	CTCTCTATTTGAAGACACTAACTT	1
371	370	12	TCTCTATTTGAAGACACTAACTTG	1
372	371	12	CTCTATTTGAAGACACTAACTTGT	1
373	372	13	TCTATTTGAAGACACTAACTTGTG	1
374	373	13	CTATTTGAAGACACTAACTTGTGT	1
375	374	12	TATTTGAAGACACTAACTTGTGTG	1
376	375	12	ATTTGAAGACACTAACTTGTGTGC	1
377	376	12	TTTGAAGACACTAACTTGTGTGCT	1
378	377	12	TTGAAGACACTAACTTGTGTGCTA	1
379	378	12	TGAAGACACTAACTTGTGTGCTAT	1
380	379	12	GAAGACACTAACTTGTGTGCTATT	1
381	380	12	AAGACACTAACTTGTGTGCTATTC	1
382	381	12	AGACACTAACTTGTGTGCTATTCA	1
383	382	12	GACACTAACTTGTGTGCTATTCAC	1
384	383	14	ACACTAACTTGTGTGCTATTCACG	1
385	384	14	CACTAACTTGTGTGCTATTCACGG	1
386	385	15	ACTAACTTGTGTGCTATTCACGGA	1
387	386	15	CTAACTTGTGTGCTATTCACGGAA	1
388	387	16	TAACTTGTGTGCTATTCACGGAAA	1
389	388	12	AACTTGTGTGCTATTCACGGAAAG	1
390	389	12	ACTTGTGTGCTATTCACGGAAAGC	1
391	390	12	CTTGTGTGCTATTCACGGAAAGCG	1
392	391	12	TTGTGTGCTATTCACGGAAAGCGT	1
393	392	12	TGTGTGCTATTCACGGAAAGCGTG	1
394	393	12	GTGTGCTATTCACGGAAAGCGTGT	1
395	394	12	TGTGCTATTCACGGAAAGCGTGTA	1
396	395	12	GTGCTATTCACGGAAAGCGTGTAA	1
397	396	12	TGCTATTCACGGAAAGCGTGTAAC	1
398	397	12	GCTATTCACGGAAAGCGTGTAACT	1
399	398	12	CTATTCACGGAAAGCGTGTAACTA	1
400	399	12	TATTCACGGAAAGCGTGTAACTAT	1
401	400	11	ATTCACGGAAAGCGTGTAACTATT	1
402	401	11	TTCACGGAAAGCGTGTAACTATTC	1
403	402	10	TCACGGAAAGCGTGTAACTATTCA	1
404	403	10	CACGGAAAGCGTGTAACTATTCAA	1
405	404	8	ACGGAAAGCGTGTAACTATTCAAC	1
406	405	3	CGGAAAGCGTGTAACTATTCAACC	1
407	406	3	GGAAAGCGTGTAACTATTCAACCC	1
408	407	3	GAAAGCGTGTAACTATTCAACCCA	1
409	408	3	AAAGCGTGTAACTATTCAACCCAA	1
410	409	3	AAGCGTGTAACTATTCAACCCAAG	1
411	410	3	AGCGTGTAACTATTCAACCCAAGG	1
412	411	2	GCGTGTAACTATTCAACCCAAGGA	1
413	412	2	CGTGTAACTATTCAACCCAAGGAT	1
414	413	2	GTGTAACTATTCAACCCAAGGATA	1
415	414	2	TGTAACTATTCAACCCAAGGATAT	1
416	415	4	GTAACTATTCAACCCAAGGATATG	1
417	416	3	TAACTATTCAACCCAAGGATATGC	1
418	417	3	AACTATTCAACCCAAGGATATGCA	1
419	418	3	ACTATTCAACCCAAGGATATGCAA	1
420	419	3	CTATTCAACCCAAGGATATGCAAT	1
421	420	3	TATTCAACCCAAGGATATGCAATT	1
422	421	3	ATTCAACCCAAGGATATGCAATTG	1
422	1300	2	ATTCAACCCAAGGATATGCAATTG	1
423	422	5	TTCAACCCAAGGATATGCAATTGG	1
424	423	5	TCAACCCAAGGATATGCAATTGGC	1
425	424	3	CAACCCAAGGATATGCAATTGGCT	1
426	425	3	AACCCAAGGATATGCAATTGGCTC	1
427	426	3	ACCCAAGGATATGCAATTGGCTCG	1
428	427	3	CCCAAGGATATGCAATTGGCTCGT	1
429	428	3	CCAAGGATATGCAATTGGCTCGTC	1
430	429	3	CAAGGATATGCAATTGGCTCGTCG	1
431	430	3	AAGGATATGCAATTGGCTCGTCGT	1
432	431	2	AGGATATGCAATTGGCTCGTCGTC	1
433	432	2	GGATATGCAATTGGCTCGTCGTCT	1
434	433	2	GATATGCAATTGGCTCGTCGTCTT	1
435	434	2	ATATGCAATTGGCTCGTCGTCTTC	1
436	435	2	TATGCAATTGGCTCGTCGTCTTCG	1
437	436	2	ATGCAATTGGCTCGTCGTCTTCGC	1
438	437	3	TGCAATTGGCTCGTCGTCTTCGCG	1
439	438	3	GCAATTGGCTCGTCGTCTTCGCGG	1
440	439	3	CAATTGGCTCGTCGTCTTCGCGGT	1
441	440	3	AATTGGCTCGTCGTCTTCGCGGTG	1
442	441	3	ATTGGCTCGTCGTCTTCGCGGTGA	1
443	442	3	TTGGCTCGTCGTCTTCGCGGTGAA	1
444	443	3	TGGCTCGTCGTCTTCGCGGTGAAC	1
445	444	4	GGCTCGTCGTCTTCGCGGTGAACG	1
446	445	4	GCTCGTCGTCTTCGCGGTGAACGC	1
447	446	4	CTCGTCGTCTTCGCGGTGAACGCT	1
448	447	4	TCGTCGTCTTCGCGGTGAACGCTC	1
449	448	4	CGTCGTCTTCGCGGTGAACGCTCA	1
450	449	4	GTCGTCTTCGCGGTGAACGCTCAT	1
451	450	4	TCGTCTTCGCGGTGAACGCTCATA	1
452	451	4	CGTCTTCGCGGTGAACGCTCATAA	1
453	452	4	GTCTTCGCGGTGAACGCTCATAAG	1
454	453	4	TCTTCGCGGTGAACGCTCATAAGC	1
455	454	4	CTTCGCGGTGAACGCTCATAAGCA	1
456	455	3	TTCGCGGTGAACGCTCATAAGCAA	1
457	456	3	TCGCGGTGAACGCTCATAAGCAAC	1
458	457	3	CGCGGTGAACGCTCATAAGCAACT	1
459	458	3	GCGGTGAACGCTCATAAGCAACTT	1
460	459	2	CGGTGAACGCTCATAAGCAACTTT	1
461	460	2	GGTGAACGCTCATAAGCAACTTTA	1
462	461	2	GTGAACGCTCATAAGCAACTTTAC	1
463	462	2	TGAACGCTCATAAGCAACTTTACC	1
464	463	2	GAACGCTCATAAGCAACTTTACCA	1
465	464	2	AACGCTCATAAGCAACTTTACCAA	1
466	465	2	ACGCTCATAAGCAACTTTACCAAA	1
467	466	2	CGCTCATAAGCAACTTTACCAAAT	1
468	467	3	GCTCATAAGCAACTTTACCAAATT	1
469	468	4	CTCATAAGCAACTTTACCAAATTG	1
470	469	4	TCATAAGCAACTTTACCAAATTGT	1
471	470	4	CATAAGCAACTTTACCAAATTGTG	1
472	471	4	ATAAGCAACTTTACCAAATTGTGG	1
473	472	4	TAAGCAACTTTACCAAATTGTGGT	1
474	473	4	AAGCAACTTTACCAAATTGTGGTT	1
475	474	4	AGCAACTTTACCAAATTGTGGTTG	1
476	475	5	GCAACTTTACCAAATTGTGGTTGC	1
477	476	5	CAACTTTACCAAATTGTGGTTGCC	1
478	477	5	AACTTTACCAAATTGTGGTTGCCA	1
479	478	5	ACTTTACCAAATTGTGGTTGCCAT	1
480	479	4	CTTTACCAAATTGTGGTTGCCATC	1
481	480	4	TTTACCAAATTGTGGTTGCCATCT	1
482	481	4	TTACCAAATTGTGGTTGCCATCTG	1
483	482	4	TACCAAATTGTGGTTGCCATCTGA	1
484	483	4	ACCAAATTGTGGTTGCCATCTGAT	1
485	484	4	CCAAATTGTGGTTGCCATCTGATG	1
486	485	5	CAAATTGTGGTTGCCATCTGATGG	1
487	486	6	AAATTGTGGTTGCCATCTGATGGT	1
488	487	8	AATTGTGGTTGCCATCTGATGGTG	1
489	488	9	ATTGTGGTTGCCATCTGATGGTGT	1
490	489	9	TTGTGGTTGCCATCTGATGGTGTG	1
491	490	9	TGTGGTTGCCATCTGATGGTGTGA	1
492	491	10	GTGGTTGCCATCTGATGGTGTGAT	1
493	492	10	TGGTTGCCATCTGATGGTGTGATT	1
494	493	10	GGTTGCCATCTGATGGTGTGATTT	1
495	494	10	GTTGCCATCTGATGGTGTGATTTG	1
496	495	10	TTGCCATCTGATGGTGTGATTTGG	1
497	496	10	TGCCATCTGATGGTGTGATTTGGA	1
498	497	10	GCCATCTGATGGTGTGATTTGGAA	1
499	498	11	CCATCTGATGGTGTGATTTGGAAT	1
500	499	11	CATCTGATGGTGTGATTTGGAATC	1
501	500	11	ATCTGATGGTGTGATTTGGAATCT	1
502	501	11	TCTGATGGTGTGATTTGGAATCTT	1
503	502	12	CTGATGGTGTGATTTGGAATCTTT	1
504	503	12	TGATGGTGTGATTTGGAATCTTTT	1
505	504	12	GATGGTGTGATTTGGAATCTTTTG	1
506	505	12	ATGGTGTGATTTGGAATCTTTTGG	1
507	506	12	TGGTGTGATTTGGAATCTTTTGGT	1
508	507	12	GGTGTGATTTGGAATCTTTTGGTC	1
509	508	12	GTGTGATTTGGAATCTTTTGGTCG	1
510	509	13	TGTGATTTGGAATCTTTTGGTCGT	1
511	510	12	GTGATTTGGAATCTTTTGGTCGTC	1
512	511	12	TGATTTGGAATCTTTTGGTCGTCT	1
513	512	11	GATTTGGAATCTTTTGGTCGTCTA	1
514	513	11	ATTTGGAATCTTTTGGTCGTCTAT	1
515	514	11	TTTGGAATCTTTTGGTCGTCTATC	1
516	515	11	TTGGAATCTTTTGGTCGTCTATCC	1
517	516	11	TGGAATCTTTTGGTCGTCTATCCC	1
518	517	11	GGAATCTTTTGGTCGTCTATCCCA	1
519	518	10	GAATCTTTTGGTCGTCTATCCCAT	1
520	519	10	AATCTTTTGGTCGTCTATCCCATT	1
521	520	10	ATCTTTTGGTCGTCTATCCCATTG	1
522	521	10	TCTTTTGGTCGTCTATCCCATTGT	1
523	522	10	CTTTTGGTCGTCTATCCCATTGTA	1
524	523	10	TTTTGGTCGTCTATCCCATTGTAA	1
525	524	10	TTTGGTCGTCTATCCCATTGTAAT	1
526	525	10	TTGGTCGTCTATCCCATTGTAATC	1
527	526	10	TGGTCGTCTATCCCATTGTAATCC	1
528	527	10	GGTCGTCTATCCCATTGTAATCCT	1
529	528	10	GTCGTCTATCCCATTGTAATCCTT	1
530	529	8	TCGTCTATCCCATTGTAATCCTTC	1
531	530	7	CGTCTATCCCATTGTAATCCTTCC	1
532	531	6	GTCTATCCCATTGTAATCCTTCCC	1
533	532	4	TCTATCCCATTGTAATCCTTCCCT	1
534	533	4	CTATCCCATTGTAATCCTTCCCTC	1
535	534	4	TATCCCATTGTAATCCTTCCCTCA	1
536	535	3	ATCCCATTGTAATCCTTCCCTCAT	1
537	536	3	TCCCATTGTAATCCTTCCCTCATT	1
538	537	3	CCCATTGTAATCCTTCCCTCATTT	1
539	538	3	CCATTGTAATCCTTCCCTCATTTA	1
540	539	3	CATTGTAATCCTTCCCTCATTTAC	1
541	540	3	ATTGTAATCCTTCCCTCATTTACT	1
542	541	3	TTGTAATCCTTCCCTCATTTACTT	1
543	542	2	TGTAATCCTTCCCTCATTTACTTT	1
544	543	2	GTAATCCTTCCCTCATTTACTTTG	1
545	544	2	TAATCCTTCCCTCATTTACTTTGC	1
546	545	2	AATCCTTCCCTCATTTACTTTGCC	1
547	546	3	ATCCTTCCCTCATTTACTTTGCCT	1
548	547	3	TCCTTCCCTCATTTACTTTGCCTT	1
549	548	3	CCTTCCCTCATTTACTTTGCCTTT	1
550	549	3	CTTCCCTCATTTACTTTGCCTTTC	1
551	550	3	TTCCCTCATTTACTTTGCCTTTCG	1
552	551	3	TCCCTCATTTACTTTGCCTTTCGA	1
553	552	3	CCCTCATTTACTTTGCCTTTCGAA	1
554	553	2	CCTCATTTACTTTGCCTTTCGAAA	1
555	554	2	CTCATTTACTTTGCCTTTCGAAAC	1
556	555	2	TCATTTACTTTGCCTTTCGAAACA	1
557	556	2	CATTTACTTTGCCTTTCGAAACAA	1
558	557	2	ATTTACTTTGCCTTTCGAAACAAA	1
559	558	3	TTTACTTTGCCTTTCGAAACAAAA	1
560	559	3	TTACTTTGCCTTTCGAAACAAAAT	1
561	560	3	TACTTTGCCTTTCGAAACAAAATT	1
562	561	3	ACTTTGCCTTTCGAAACAAAATTT	1
563	562	3	CTTTGCCTTTCGAAACAAAATTTA	1
564	563	3	TTTGCCTTTCGAAACAAAATTTAA	1
565	564	3	TTGCCTTTCGAAACAAAATTTAAC	1
566	565	3	TGCCTTTCGAAACAAAATTTAACC	1
567	566	3	GCCTTTCGAAACAAAATTTAACCT	1
568	567	3	CCTTTCGAAACAAAATTTAACCTT	1
569	568	3	CTTTCGAAACAAAATTTAACCTTG	1
570	569	3	TTTCGAAACAAAATTTAACCTTGA	1
571	570	3	TTCGAAACAAAATTTAACCTTGAG	1
572	571	3	TCGAAACAAAATTTAACCTTGAGT	1
573	572	3	CGAAACAAAATTTAACCTTGAGTG	1
574	573	3	GAAACAAAATTTAACCTTGAGTGT	1
575	574	3	AAACAAAATTTAACCTTGAGTGTT	1
576	575	3	AACAAAATTTAACCTTGAGTGTTG	1
577	576	3	ACAAAATTTAACCTTGAGTGTTGT	1
578	577	3	CAAAATTTAACCTTGAGTGTTGTG	1
579	578	3	AAAATTTAACCTTGAGTGTTGTGG	1
580	579	4	AAATTTAACCTTGAGTGTTGTGGA	1
581	580	4	AATTTAACCTTGAGTGTTGTGGAA	1
582	581	4	ATTTAACCTTGAGTGTTGTGGAAT	1
583	582	4	TTTAACCTTGAGTGTTGTGGAATG	1
584	583	4	TTAACCTTGAGTGTTGTGGAATGT	1
585	584	4	TAACCTTGAGTGTTGTGGAATGTA	1
586	585	7	AACCTTGAGTGTTGTGGAATGTAA	1
587	586	7	ACCTTGAGTGTTGTGGAATGTAAC	1
588	587	7	CCTTGAGTGTTGTGGAATGTAACA	1
589	588	7	CTTGAGTGTTGTGGAATGTAACAA	1
590	589	6	TTGAGTGTTGTGGAATGTAACAAA	1
591	590	5	TGAGTGTTGTGGAATGTAACAAAC	1
592	591	5	GAGTGTTGTGGAATGTAACAAACG	1
593	592	5	AGTGTTGTGGAATGTAACAAACGA	1
594	593	5	GTGTTGTGGAATGTAACAAACGAT	1
595	594	5	TGTTGTGGAATGTAACAAACGATA	1
596	595	5	GTTGTGGAATGTAACAAACGATAT	1
597	596	5	TTGTGGAATGTAACAAACGATATG	1
598	597	5	TGTGGAATGTAACAAACGATATGC	1
599	598	5	GTGGAATGTAACAAACGATATGCA	1
600	599	5	TGGAATGTAACAAACGATATGCAA	1
601	600	5	GGAATGTAACAAACGATATGCAAG	1
602	601	5	GAATGTAACAAACGATATGCAAGT	1
603	602	4	AATGTAACAAACGATATGCAAGTC	1
604	603	4	ATGTAACAAACGATATGCAAGTCT	1
605	604	4	TGTAACAAACGATATGCAAGTCTA	1
606	605	4	GTAACAAACGATATGCAAGTCTAA	1
607	606	4	TAACAAACGATATGCAAGTCTAAT	1
608	607	4	AACAAACGATATGCAAGTCTAATT	1
609	608	4	ACAAACGATATGCAAGTCTAATTT	1
610	609	4	CAAACGATATGCAAGTCTAATTTT	1
611	610	4	AAACGATATGCAAGTCTAATTTTT	1
612	611	4	AACGATATGCAAGTCTAATTTTTT	1
613	612	4	ACGATATGCAAGTCTAATTTTTTG	1
614	613	4	CGATATGCAAGTCTAATTTTTTGT	1
615	614	4	GATATGCAAGTCTAATTTTTTGTT	1
616	615	4	ATATGCAAGTCTAATTTTTTGTTT	1
617	616	5	TATGCAAGTCTAATTTTTTGTTTC	1
618	617	5	ATGCAAGTCTAATTTTTTGTTTCC	1
619	618	5	TGCAAGTCTAATTTTTTGTTTCCG	1
620	619	5	GCAAGTCTAATTTTTTGTTTCCGT	1
621	620	5	CAAGTCTAATTTTTTGTTTCCGTG	1
622	621	5	AAGTCTAATTTTTTGTTTCCGTGA	1
623	622	5	AGTCTAATTTTTTGTTTCCGTGAG	1
624	623	4	GTCTAATTTTTTGTTTCCGTGAGC	1
625	624	4	TCTAATTTTTTGTTTCCGTGAGCT	1
626	625	4	CTAATTTTTTGTTTCCGTGAGCTG	1
627	626	4	TAATTTTTTGTTTCCGTGAGCTGC	1
628	627	4	AATTTTTTGTTTCCGTGAGCTGCA	1
629	628	4	ATTTTTTGTTTCCGTGAGCTGCAC	1
630	629	4	TTTTTTGTTTCCGTGAGCTGCACT	1
631	630	4	TTTTTGTTTCCGTGAGCTGCACTA	1
632	631	4	TTTTGTTTCCGTGAGCTGCACTAT	1
633	632	4	TTTGTTTCCGTGAGCTGCACTATC	1
634	633	4	TTGTTTCCGTGAGCTGCACTATCT	1
635	634	4	TGTTTCCGTGAGCTGCACTATCTA	1
636	635	4	GTTTCCGTGAGCTGCACTATCTAT	1
637	636	4	TTTCCGTGAGCTGCACTATCTATT	1
638	637	4	TTCCGTGAGCTGCACTATCTATTT	1
639	638	4	TCCGTGAGCTGCACTATCTATTTA	1
640	639	4	CCGTGAGCTGCACTATCTATTTAT	1
641	640	4	CGTGAGCTGCACTATCTATTTATA	1
642	641	4	GTGAGCTGCACTATCTATTTATAT	1
643	642	4	TGAGCTGCACTATCTATTTATATT	1
644	643	4	GAGCTGCACTATCTATTTATATTT	1
645	644	4	AGCTGCACTATCTATTTATATTTT	1
646	645	4	GCTGCACTATCTATTTATATTTTT	1
647	646	5	CTGCACTATCTATTTATATTTTTG	1
648	647	5	TGCACTATCTATTTATATTTTTGT	1
649	648	5	GCACTATCTATTTATATTTTTGTT	1
650	649	5	CACTATCTATTTATATTTTTGTTT	1
651	650	5	ACTATCTATTTATATTTTTGTTTT	1
652	651	5	CTATCTATTTATATTTTTGTTTTC	1
653	652	5	TATCTATTTATATTTTTGTTTTCT	1
654	653	5	ATCTATTTATATTTTTGTTTTCTT	1
655	654	5	TCTATTTATATTTTTGTTTTCTTT	1
656	655	5	CTATTTATATTTTTGTTTTCTTTT	1
657	656	5	TATTTATATTTTTGTTTTCTTTTT	1
658	657	5	ATTTATATTTTTGTTTTCTTTTTT	1
659	658	5	TTTATATTTTTGTTTTCTTTTTTC	1
660	659	5	TTATATTTTTGTTTTCTTTTTTCG	1
661	660	4	TATATTTTTGTTTTCTTTTTTCGA	1
662	661	4	ATATTTTTGTTTTCTTTTTTCGAG	1
663	662	4	TATTTTTGTTTTCTTTTTTCGAGT	1
664	663	4	ATTTTTGTTTTCTTTTTTCGAGTT	1
665	664	4	TTTTTGTTTTCTTTTTTCGAGTTA	1
666	665	4	TTTTGTTTTCTTTTTTCGAGTTAT	1
667	666	4	TTTGTTTTCTTTTTTCGAGTTATA	1
668	667	4	TTGTTTTCTTTTTTCGAGTTATAC	1
669	668	4	TGTTTTCTTTTTTCGAGTTATACC	1
670	669	4	GTTTTCTTTTTTCGAGTTATACCG	1
671	670	4	TTTTCTTTTTTCGAGTTATACCGC	1
672	671	4	TTTCTTTTTTCGAGTTATACCGCG	1
673	672	4	TTCTTTTTTCGAGTTATACCGCGG	1
674	673	2	TCTTTTTTCGAGTTATACCGCGGA	1
675	674	2	CTTTTTTCGAGTTATACCGCGGAC	1
676	675	2	TTTTTTCGAGTTATACCGCGGACG	1
677	676	2	TTTTTCGAGTTATACCGCGGACGT	1
678	677	2	TTTTCGAGTTATACCGCGGACGTT	1
679	678	2	TTTCGAGTTATACCGCGGACGTTT	1
680	679	2	TTCGAGTTATACCGCGGACGTTTT	1
681	680	2	TCGAGTTATACCGCGGACGTTTTT	1
682	681	2	CGAGTTATACCGCGGACGTTTTTA	1
683	682	2	GAGTTATACCGCGGACGTTTTTAT	1
684	683	2	AGTTATACCGCGGACGTTTTTATT	1
685	684	2	GTTATACCGCGGACGTTTTTATTT	1
686	685	2	TTATACCGCGGACGTTTTTATTTT	1
687	686	2	TATACCGCGGACGTTTTTATTTTC	1
688	687	2	ATACCGCGGACGTTTTTATTTTCG	1
689	688	2	TACCGCGGACGTTTTTATTTTCGA	1
690	689	2	ACCGCGGACGTTTTTATTTTCGAA	1
691	690	1	CCGCGGACGTTTTTATTTTCGAAA	1
692	691	1	CGCGGACGTTTTTATTTTCGAAAT	1
693	692	1	GCGGACGTTTTTATTTTCGAAATG	1
694	693	1	CGGACGTTTTTATTTTCGAAATGT	1
695	694	1	GGACGTTTTTATTTTCGAAATGTA	1
696	695	1	GACGTTTTTATTTTCGAAATGTAT	1
697	696	1	ACGTTTTTATTTTCGAAATGTATA	1
698	697	1	CGTTTTTATTTTCGAAATGTATAG	1
699	698	1	GTTTTTATTTTCGAAATGTATAGA	1
700	699	1	TTTTTATTTTCGAAATGTATAGAA	1
701	700	1	TTTTATTTTCGAAATGTATAGAAA	1
702	701	1	TTTATTTTCGAAATGTATAGAAAT	1
703	702	1	TTATTTTCGAAATGTATAGAAATT	1
704	703	1	TATTTTCGAAATGTATAGAAATTT	1
705	704	1	ATTTTCGAAATGTATAGAAATTTT	1
706	705	1	TTTTCGAAATGTATAGAAATTTTT	1
707	706	1	TTTCGAAATGTATAGAAATTTTTA	1
708	707	2	TTCGAAATGTATAGAAATTTTTAA	1
709	708	4	TCGAAATGTATAGAAATTTTTAAT	1
710	709	4	CGAAATGTATAGAAATTTTTAATT	1
711	710	4	GAAATGTATAGAAATTTTTAATTC	1
712	711	4	AAATGTATAGAAATTTTTAATTCT	1
713	712	4	AATGTATAGAAATTTTTAATTCTC	1
714	713	4	ATGTATAGAAATTTTTAATTCTCT	1
715	714	4	TGTATAGAAATTTTTAATTCTCTC	1
716	715	3	GTATAGAAATTTTTAATTCTCTCT	1
717	716	3	TATAGAAATTTTTAATTCTCTCTT	1
718	717	3	ATAGAAATTTTTAATTCTCTCTTT	1
719	718	3	TAGAAATTTTTAATTCTCTCTTTA	1
720	719	3	AGAAATTTTTAATTCTCTCTTTAC	1
721	720	3	GAAATTTTTAATTCTCTCTTTACG	1
722	721	3	AAATTTTTAATTCTCTCTTTACGT	1
723	722	3	AATTTTTAATTCTCTCTTTACGTC	1
724	723	3	ATTTTTAATTCTCTCTTTACGTCC	1
725	724	3	TTTTTAATTCTCTCTTTACGTCCT	1
726	725	3	TTTTAATTCTCTCTTTACGTCCTG	1
727	726	3	TTTAATTCTCTCTTTACGTCCTGC	1
728	727	3	TTAATTCTCTCTTTACGTCCTGCG	1
729	728	3	TAATTCTCTCTTTACGTCCTGCGC	1
730	729	3	AATTCTCTCTTTACGTCCTGCGCA	1
731	730	3	ATTCTCTCTTTACGTCCTGCGCAA	1
732	731	3	TTCTCTCTTTACGTCCTGCGCAAT	1
733	732	3	TCTCTCTTTACGTCCTGCGCAATT	1
734	733	3	CTCTCTTTACGTCCTGCGCAATTG	1
735	734	3	TCTCTTTACGTCCTGCGCAATTGT	1
736	735	3	CTCTTTACGTCCTGCGCAATTGTG	1
737	736	3	TCTTTACGTCCTGCGCAATTGTGT	1
738	737	3	CTTTACGTCCTGCGCAATTGTGTA	1
739	738	3	TTTACGTCCTGCGCAATTGTGTAA	1
740	739	3	TTACGTCCTGCGCAATTGTGTAAA	1
741	740	3	TACGTCCTGCGCAATTGTGTAAAT	1
742	741	3	ACGTCCTGCGCAATTGTGTAAATG	1
743	742	3	CGTCCTGCGCAATTGTGTAAATGA	1
744	743	3	GTCCTGCGCAATTGTGTAAATGAA	1
745	744	3	TCCTGCGCAATTGTGTAAATGAAA	1
746	745	3	CCTGCGCAATTGTGTAAATGAAAC	1
747	746	3	CTGCGCAATTGTGTAAATGAAACG	1
748	747	3	TGCGCAATTGTGTAAATGAAACGC	1
749	748	3	GCGCAATTGTGTAAATGAAACGCT	1
750	749	3	CGCAATTGTGTAAATGAAACGCTG	1
751	750	3	GCAATTGTGTAAATGAAACGCTGA	1
752	751	2	CAATTGTGTAAATGAAACGCTGAG	1
753	-1	0	CCGTCGTCTTCGTGGCGAACGCTC	1
754	753	1	CGTCGTCTTCGTGGCGAACGCTCT	1
755	754	1	GTCGTCTTCGTGGCGAACGCTCTT	1
756	755	1	TCGTCTTCGTGGCGAACGCTCTTA	1
757	756	1	CGTCTTCGTGGCGAACGCTCTTAA	1
758	757	1	GTCTTCGTGGCGAACGCTCTTAAA	1
759	758	1	TCTTCGTGGCGAACGCTCTTAAAT	1
760	759	1	CTTCGTGGCGAACGCTCTTAAATG	1
761	760	1	TTCGTGGCGAACGCTCTTAAATGC	1
762	761	1	TCGTGGCGAACGCTCTTAAATGCA	1
763	762	1	CGTGGCGAACGCTCTTAAATGCAT	1
764	763	1	GTGGCGAACGCTCTTAAATGCATT	1
765	764	1	TGGCGAACGCTCTTAAATGCATTG	1
766	765	1	GGCGAACGCTCTTAAATGCATTGA	1
767	766	1	GCGAACGCTCTTAAATGCATTGAT	1
768	767	1	CGAACGCTCTTAAATGCATTGATT	1
769	768	1	GAACGCTCTTAAATGCATTGATTG	1
770	769	1	AACGCTCTTAAATGCATTGATTGC	1
771	770	1	ACGCTCTTAAATGCATTGATTGCC	1
772	771	1	CGCTCTTAAATGCATTGATTGCCT	1
773	772	1	GCTCTTAAATGCATTGATTGCCTA	1
774	773	1	CTCTTAAATGCATTGATTGCCTAA	1
775	774	1	TCTTAAATGCATTGATTGCCTAAT	1
776	775	1	CTTAAATGCATTGATTGCCTAATA	1
777	776	1	TTAAATGCATTGATTGCCTAATAT	1
778	777	1	TAAATGCATTGATTGCCTAATATT	1
779	778	1	AAATGCATTGATTGCCTAATATTT	1
780	779	1	AATGCATTGATTGCCTAATATTTT	1
781	780	1	ATGCATTGATTGCCTAATATTTTA	1
782	781	1	TGCATTGATTGCCTAATATTTTAT	1
783	782	1	GCATTGATTGCCTAATATTTTATT	1
784	783	1	CATTGATTGCCTAATATTTTATTT	1
785	784	1	ATTGATTGCCTAATATTTTATTTG	1
786	785	1	TTGATTGCCTAATATTTTATTTGG	1
787	786	1	TGATTGCCTAATATTTTATTTGGT	1
788	787	1	GATTGCCTAATATTTTATTTGGTA	1
789	788	1	ATTGCCTAATATTTTATTTGGTAT	1
790	789	2	TTGCCTAATATTTTATTTGGTATA	1
791	790	2	TGCCTAATATTTTATTTGGTATAT	1
792	791	2	GCCTAATATTTTATTTGGTATATT	1
793	792	2	CCTAATATTTTATTTGGTATATTG	1
794	793	2	CTAATATTTTATTTGGTATATTGT	1
795	794	2	TAATATTTTATTTGGTATATTGTG	1
796	795	2	AATATTTTATTTGGTATATTGTGT	1
797	796	3	ATATTTTATTTGGTATATTGTGTT	1
798	797	2	TATTTTATTTGGTATATTGTGTTT	1
799	798	2	ATTTTATTTGGTATATTGTGTTTA	1
800	799	2	TTTTATTTGGTATATTGTGTTTAT	1
801	800	2	TTTATTTGGTATATTGTGTTTATT	1
802	801	2	TTATTTGGTATATTGTGTTTATTG	1
803	802	2	TATTTGGTATATTGTGTTTATTGG	1
804	803	2	ATTTGGTATATTGTGTTTATTGGG	1
805	804	2	TTTGGTATATTGTGTTTATTGGGT	1
806	805	2	TTGGTATATTGTGTTTATTGGGTT	1
807	806	2	TGGTATATTGTGTTTATTGGGTTT	1
808	807	2	GGTATATTGTGTTTATTGGGTTTA	1
809	808	2	GTATATTGTGTTTATTGGGTTTAA	1
810	809	2	TATATTGTGTTTATTGGGTTTAAG	1
811	810	2	ATATTGTGTTTATTGGGTTTAAGT	1
812	811	2	TATTGTGTTTATTGGGTTTAAGTT	1
813	812	2	ATTGTGTTTATTGGGTTTAAGTTT	1
814	813	2	TTGTGTTTATTGGGTTTAAGTTTT	1
815	814	2	TGTGTTTATTGGGTTTAAGTTTTG	1
816	815	2	GTGTTTATTGGGTTTAAGTTTTGC	1
817	816	2	TGTTTATTGGGTTTAAGTTTTGCA	1
818	817	2	GTTTATTGGGTTTAAGTTTTGCAT	1
819	818	2	TTTATTGGGTTTAAGTTTTGCATT	1
820	819	2	TTATTGGGTTTAAGTTTTGCATTT	1
821	820	2	TATTGGGTTTAAGTTTTGCATTTC	1
822	821	2	ATTGGGTTTAAGTTTTGCATTTCC	1
823	822	2	TTGGGTTTAAGTTTTGCATTTCCT	1
824	823	2	TGGGTTTAAGTTTTGCATTTCCTA	1
825	824	2	GGGTTTAAGTTTTGCATTTCCTAA	1
826	825	3	GGTTTAAGTTTTGCATTTCCTAAT	1
827	826	5	GTTTAAGTTTTGCATTTCCTAATT	1
828	827	5	TTTAAGTTTTGCATTTCCTAATTT	1
829	828	5	TTAAGTTTTGCATTTCCTAATTTT	1
830	829	5	TAAGTTTTGCATTTCCTAATTTTT	1
831	830	5	AAGTTTTGCATTTCCTAATTTTTT	1
832	831	5	AGTTTTGCATTTCCTAATTTTTTC	1
833	832	5	GTTTTGCATTTCCTAATTTTTTCA	1
834	833	4	TTTTGCATTTCCTAATTTTTTCAA	1
835	834	4	TTTGCATTTCCTAATTTTTTCAAT	1
836	835	4	TTGCATTTCCTAATTTTTTCAATC	1
837	836	4	TGCATTTCCTAATTTTTTCAATCA	1
838	837	4	GCATTTCCTAATTTTTTCAATCAT	1
839	838	4	CATTTCCTAATTTTTTCAATCATT	1
840	839	4	ATTTCCTAATTTTTTCAATCATTG	1
841	840	3	TTTCCTAATTTTTTCAATCATTGT	1
842	841	3	TTCCTAATTTTTTCAATCATTGTC	1
843	842	3	TCCTAATTTTTTCAATCATTGTCA	1
844	843	3	CCTAATTTTTTCAATCATTGTCAT	1
845	844	3	CTAATTTTTTCAATCATTGTCATG	1
846	845	3	TAATTTTTTCAATCATTGTCATGT	1
847	846	3	AATTTTTTCAATCATTGTCATGTA	1
848	847	3	ATTTTTTCAATCATTGTCATGTAT	1
849	848	3	TTTTTTCAATCATTGTCATGTATA	1
850	849	3	TTTTTCAATCATTGTCATGTATAT	1
851	850	3	TTTTCAATCATTGTCATGTATATT	1
852	851	3	TTTCAATCATTGTCATGTATATTT	1
853	852	3	TTCAATCATTGTCATGTATATTTC	1
854	853	3	TCAATCATTGTCATGTATATTTCC	1
855	854	3	CAATCATTGTCATGTATATTTCCT	1
856	855	3	AATCATTGTCATGTATATTTCCTT	1
857	856	3	ATCATTGTCATGTATATTTCCTTG	1
858	857	3	TCATTGTCATGTATATTTCCTTGG	1
859	858	3	CATTGTCATGTATATTTCCTTGGT	1
860	859	3	ATTGTCATGTATATTTCCTTGGTT	1
861	860	3	TTGTCATGTATATTTCCTTGGTTT	1
862	861	3	TGTCATGTATATTTCCTTGGTTTA	1
863	862	3	GTCATGTATATTTCCTTGGTTTAA	1
864	863	3	TCATGTATATTTCCTTGGTTTAAT	1
865	864	3	CATGTATATTTCCTTGGTTTAATG	1
866	865	2	ATGTATATTTCCTTGGTTTAATGT	1
867	866	2	TGTATATTTCCTTGGTTTAATGTC	1
868	867	2	GTATATTTCCTTGGTTTAATGTCG	1
869	868	2	TATATTTCCTTGGTTTAATGTCGG	1
870	869	1	ATATTTCCTTGGTTTAATGTCGGG	1
871	-1	0	CTTTTTGTAAGTTTATTTACCGAA	1
872	871	7	TTTTTGTAAGTTTATTTACCGAAT	1
873	872	7	TTTTGTAAGTTTATTTACCGAATT	1
874	873	7	TTTGTAAGTTTATTTACCGAATTA	1
875	874	8	TTGTAAGTTTATTTACCGAATTAC	1
876	875	11	TGTAAGTTTATTTACCGAATTACG	1
877	876	12	GTAAGTTTATTTACCGAATTACGT	1
878	877	13	TAAGTTTATTTACCGAATTACGTT	1
879	878	13	AAGTTTATTTACCGAATTACGTTA	1
880	879	13	AGTTTATTTACCGAATTACGTTAT	1
881	880	13	GTTTATTTACCGAATTACGTTATG	1
882	881	19	TTTATTTACCGAATTACGTTATGG	1
883	882	19	TTATTTACCGAATTACGTTATGGC	1
884	883	19	TATTTACCGAATTACGTTATGGCT	1
885	884	19	ATTTACCGAATTACGTTATGGCTC	1
886	885	17	TTTACCGAATTACGTTATGGCTCG	1
887	886	16	TTACCGAATTACGTTATGGCTCGT	1
888	887	15	TACCGAATTACGTTATGGCTCGTA	1
889	888	15	ACCGAATTACGTTATGGCTCGTAC	1
890	889	20	CCGAATTACGTTATGGCTCGTACC	1
891	890	22	CGAATTACGTTATGGCTCGTACCA	1
892	891	22	GAATTACGTTATGGCTCGTACCAA	1
893	892	23	AATTACGTTATGGCTCGTACCAAG	1
894	893	23	ATTACGTTATGGCTCGTACCAAGC	1
895	894	23	TTACGTTATGGCTCGTACCAAGCA	1
896	895	23	TACGTTATGGCTCGTACCAAGCAA	1
897	896	23	ACGTTATGGCTCGTACCAAGCAAA	1
898	897	18	CGTTATGGCTCGTACCAAGCAAAC	1
899	898	18	GTTATGGCTCGTACCAAGCAAACT	1
900	899	16	TTATGGCTCGTACCAAGCAAACTG	1
901	900	16	TATGGCTCGTACCAAGCAAACTGC	1
902	901	16	ATGGCTCGTACCAAGCAAACTGCT	1
903	902	16	TGGCTCGTACCAAGCAAACTGCTC	1
904	903	16	GGCTCGTACCAAGCAAACTGCTCG	1
905	904	16	GCTCGTACCAAGCAAACTGCTCGT	1
906	905	18	CTCGTACCAAGCAAACTGCTCGTA	1
907	906	18	TCGTACCAAGCAAACTGCTCGTAA	1
908	907	18	CGTACCAAGCAAACTGCTCGTAAA	1
909	908	17	GTACCAAGCAAACTGCTCGTAAAT	1
910	909	17	TACCAAGCAAACTGCTCGTAAATC	1
911	910	17	ACCAAGCAAACTGCTCGTAAATCT	1
912	911	17	CCAAGCAAACTGCTCGTAAATCTA	1
913	912	18	CAAGCAAACTGCTCGTAAATCTAC	1
914	913	18	AAGCAAACTGCTCGTAAATCTACC	1
915	914	17	AGCAAACTGCTCGTAAATCTACCG	1
916	915	12	GCAAACTGCTCGTAAATCTACCGG	1
917	916	11	CAAACTGCTCGTAAATCTACCGGT	1
918	917	12	AAACTGCTCGTAAATCTACCGGTG	1
919	918	12	AACTGCTCGTAAATCTACCGGTGG	1
920	919	10	ACTGCTCGTAAATCTACCGGTGGT	1
921	920	10	CTGCTCGTAAATCTACCGGTGGTA	1
922	921	10	TGCTCGTAAATCTACCGGTGGTAA	1
923	922	11	GCTCGTAAATCTACCGGTGGTAAG	1
924	923	11	CTCGTAAATCTACCGGTGGTAAGG	1
925	924	11	TCGTAAATCTACCGGTGGTAAGGC	1
926	925	11	CGTAAATCTACCGGTGGTAAGGCA	1
927	926	11	GTAAATCTACCGGTGGTAAGGCAC	1
928	927	11	TAAATCTACCGGTGGTAAGGCACC	1
929	928	11	AAATCTACCGGTGGTAAGGCACCC	1
930	929	11	AATCTACCGGTGGTAAGGCACCCC	1
931	930	10	ATCTACCGGTGGTAAGGCACCCCG	1
932	1478	1	TCTACCGGTGGTAAGGCACCCCGT	1
932	931	8	TCTACCGGTGGTAAGGCACCCCGT	1
933	932	9	CTACCGGTGGTAAGGCACCCCGTA	1
934	933	8	TACCGGTGGTAAGGCACCCCGTAA	1
935	934	7	ACCGGTGGTAAGGCACCCCGTAAG	1
936	935	7	CCGGTGGTAAGGCACCCCGTAAGC	1
937	936	7	CGGTGGTAAGGCACCCCGTAAGCA	1
938	937	7	GGTGGTAAGGCACCCCGTAAGCAA	1
939	938	7	GTGGTAAGGCACCCCGTAAGCAAT	1
940	939	7	TGGTAAGGCACCCCGTAAGCAATT	1
941	940	7	GGTAAGGCACCCCGTAAGCAATTG	1
942	941	7	GTAAGGCACCCCGTAAGCAATTGG	1
943	942	7	TAAGGCACCCCGTAAGCAATTGGC	1
944	943	7	AAGGCACCCCGTAAGCAATTGGCC	1
945	944	7	AGGCACCCCGTAAGCAATTGGCCT	1
946	945	7	GGCACCCCGTAAGCAATTGGCCTC	1
947	946	7	GCACCCCGTAAGCAATTGGCCTCT	1
948	947	7	CACCCCGTAAGCAATTGGCCTCTA	1
949	948	7	ACCCCGTAAGCAATTGGCCTCTAA	1
950	949	3	CCCCGTAAGCAATTGGCCTCTAAG	1
951	950	3	CCCGTAAGCAATTGGCCTCTAAGG	1
952	951	3	CCGTAAGCAATTGGCCTCTAAGGC	1
953	952	3	CGTAAGCAATTGGCCTCTAAGGCT	1
954	953	3	GTAAGCAATTGGCCTCTAAGGCTG	1
955	954	3	TAAGCAATTGGCCTCTAAGGCTGC	1
956	955	3	AAGCAATTGGCCTCTAAGGCTGCC	1
957	956	3	AGCAATTGGCCTCTAAGGCTGCCC	1
958	957	3	GCAATTGGCCTCTAAGGCTGCCCG	1
959	958	3	CAATTGGCCTCTAAGGCTGCCCGT	1
960	959	3	AATTGGCCTCTAAGGCTGCCCGTA	1
961	388	3	AACTTGTGTGCTATTCACGGAAAA	1
962	961	3	ACTTGTGTGCTATTCACGGAAAAC	1
963	962	3	CTTGTGTGCTATTCACGGAAAACG	1
964	963	3	TTGTGTGCTATTCACGGAAAACGT	1
965	964	3	TGTGTGCTATTCACGGAAAACGTG	1
966	965	3	GTGTGCTATTCACGGAAAACGTGT	1
967	966	3	TGTGCTATTCACGGAAAACGTGTT	1
968	967	3	GTGCTATTCACGGAAAACGTGTTA	1
969	968	3	TGCTATTCACGGAAAACGTGTTAC	1
970	969	2	GCTATTCACGGAAAACGTGTTACG	1
971	970	2	CTATTCACGGAAAACGTGTTACGA	1
972	971	2	TATTCACGGAAAACGTGTTACGAT	1
973	972	2	ATTCACGGAAAACGTGTTACGATT	1
974	973	2	TTCACGGAAAACGTGTTACGATTC	1
975	974	2	TCACGGAAAACGTGTTACGATTCA	1
976	975	2	CACGGAAAACGTGTTACGATTCAA	1
977	976	2	ACGGAAAACGTGTTACGATTCAAC	1
978	977	1	CGGAAAACGTGTTACGATTCAACC	1
979	978	1	GGAAAACGTGTTACGATTCAACCC	1
980	979	1	GAAAACGTGTTACGATTCAACCCA	1
981	980	1	AAAACGTGTTACGATTCAACCCAA	1
982	981	1	AAACGTGTTACGATTCAACCCAAG	1
983	982	1	AACGTGTTACGATTCAACCCAAGG	1
984	983	1	ACGTGTTACGATTCAACCCAAGGA	1
985	984	1	CGTGTTACGATTCAACCCAAGGAT	1
986	985	1	GTGTTACGATTCAACCCAAGGATA	1
987	986	2	TGTTACGATTCAACCCAAGGATAT	1
988	987	2	GTTACGATTCAACCCAAGGATATG	1
989	988	3	TTACGATTCAACCCAAGGATATGC	1
990	989	3	TACGATTCAACCCAAGGATATGCA	1
991	990	3	ACGATTCAACCCAAGGATATGCAG	1
992	991	3	CGATTCAACCCAAGGATATGCAGT	1
993	992	4	GATTCAACCCAAGGATATGCAGTT	1
994	993	4	ATTCAACCCAAGGATATGCAGTTG	1
995	994	4	TTCAACCCAAGGATATGCAGTTGG	1
996	995	4	TCAACCCAAGGATATGCAGTTGGC	1
997	996	4	CAACCCAAGGATATGCAGTTGGCT	1
998	997	4	AACCCAAGGATATGCAGTTGGCTC	1
999	998	4	ACCCAAGGATATGCAGTTGGCTCG	1
1000	999	4	CCCAAGGATATGCAGTTGGCTCGT	1
1001	1000	4	CCAAGGATATGCAGTTGGCTCGTC	1
1002	1001	3	CAAGGATATGCAGTTGGCTCGTCG	1
1003	1002	3	AAGGATATGCAGTTGGCTCGTCGT	1
1004	1003	3	AGGATATGCAGTTGGCTCGTCGTC	1
1005	1004	3	GGATATGCAGTTGGCTCGTCGTCT	1
1006	1005	3	GATATGCAGTTGGCTCGTCGTCTC	1
1007	1006	3	ATATGCAGTTGGCTCGTCGTCTCC	1
1008	1007	3	TATGCAGTTGGCTCGTCGTCTCCG	1
1009	1008	3	ATGCAGTTGGCTCGTCGTCTCCGT	1
1010	1009	3	TGCAGTTGGCTCGTCGTCTCCGTG	1
1011	1010	3	GCAGTTGGCTCGTCGTCTCCGTGG	1
1012	1011	4	CAGTTGGCTCGTCGTCTCCGTGGC	1
1013	1012	4	AGTTGGCTCGTCGTCTCCGTGGCG	1
1014	1013	4	GTTGGCTCGTCGTCTCCGTGGCGA	1
1015	1014	4	TTGGCTCGTCGTCTCCGTGGCGAA	1
1016	1015	4	TGGCTCGTCGTCTCCGTGGCGAAC	1
1017	1016	4	GGCTCGTCGTCTCCGTGGCGAACG	1
1018	1017	4	GCTCGTCGTCTCCGTGGCGAACGC	1
1019	1018	4	CTCGTCGTCTCCGTGGCGAACGCT	1
1020	1019	4	TCGTCGTCTCCGTGGCGAACGCTC	1
1021	1020	4	CGTCGTCTCCGTGGCGAACGCTCA	1
1022	1021	4	GTCGTCTCCGTGGCGAACGCTCAT	1
1023	1022	4	TCGTCTCCGTGGCGAACGCTCATA	1
1024	1023	4	CGTCTCCGTGGCGAACGCTCATAA	1
1025	1024	4	GTCTCCGTGGCGAACGCTCATAAT	1
1026	1025	4	TCTCCGTGGCGAACGCTCATAATT	1
1027	1026	4	CTCCGTGGCGAACGCTCATAATTT	1
1028	1027	4	TCCGTGGCGAACGCTCATAATTTT	1
1029	1028	4	CCGTGGCGAACGCTCATAATTTTC	1
1030	1029	4	CGTGGCGAACGCTCATAATTTTCT	1
1031	1030	3	GTGGCGAACGCTCATAATTTTCTC	1
1032	1031	3	TGGCGAACGCTCATAATTTTCTCC	1
1033	1032	2	GGCGAACGCTCATAATTTTCTCCA	1
1034	1033	2	GCGAACGCTCATAATTTTCTCCAG	1
1035	1034	2	CGAACGCTCATAATTTTCTCCAGG	1
1036	1035	2	GAACGCTCATAATTTTCTCCAGGA	1
1037	1036	1	AACGCTCATAATTTTCTCCAGGAC	1
1038	1037	1	ACGCTCATAATTTTCTCCAGGACT	1
1039	1038	1	CGCTCATAATTTTCTCCAGGACTT	1
1040	1039	1	GCTCATAATTTTCTCCAGGACTTT	1
1041	1040	1	CTCATAATTTTCTCCAGGACTTTT	1
1042	1041	1	TCATAATTTTCTCCAGGACTTTTG	1
1043	1042	1	CATAATTTTCTCCAGGACTTTTGG	1
1044	1043	1	ATAATTTTCTCCAGGACTTTTGGC	1
1045	1044	1	TAATTTTCTCCAGGACTTTTGGCA	1
1046	1045	1	AATTTTCTCCAGGACTTTTGGCAA	1
1047	1046	1	ATTTTCTCCAGGACTTTTGGCAAT	1
1048	1047	1	TTTTCTCCAGGACTTTTGGCAATT	1
1049	1048	1	TTTCTCCAGGACTTTTGGCAATTG	1
1050	1049	1	TTCTCCAGGACTTTTGGCAATTGT	1
1051	1050	1	TCTCCAGGACTTTTGGCAATTGTA	1
1052	1051	1	CTCCAGGACTTTTGGCAATTGTAA	1
1053	1052	1	TCCAGGACTTTTGGCAATTGTAAT	1
1054	1053	1	CCAGGACTTTTGGCAATTGTAATT	1
1055	1054	1	CAGGACTTTTGGCAATTGTAATTG	1
1056	916	4	CAAACTGCTCGTAAATCTACCGGG	1
1057	1056	4	AAACTGCTCGTAAATCTACCGGGG	1
1058	1057	4	AACTGCTCGTAAATCTACCGGGGG	1
1059	1058	3	ACTGCTCGTAAATCTACCGGGGGG	1
1060	1059	3	CTGCTCGTAAATCTACCGGGGGGA	1
1061	1060	3	TGCTCGTAAATCTACCGGGGGGAA	1
1062	1061	3	GCTCGTAAATCTACCGGGGGGAAG	1
1063	1062	3	CTCGTAAATCTACCGGGGGGAAGG	1
1064	1063	3	TCGTAAATCTACCGGGGGGAAGGC	1
1065	1064	2	CGTAAATCTACCGGGGGGAAGGCA	1
1066	1065	2	GTAAATCTACCGGGGGGAAGGCAC	1
1067	1066	2	TAAATCTACCGGGGGGAAGGCACC	1
1068	1067	2	AAATCTACCGGGGGGAAGGCACCC	1
1069	1068	2	AATCTACCGGGGGGAAGGCACCCC	1
1070	1069	1	ATCTACCGGGGGGAAGGCACCCCG	1
1071	1070	1	TCTACCGGGGGGAAGGCACCCCGT	1
1072	1071	1	CTACCGGGGGGAAGGCACCCCGTA	1
1073	146	3	CCTGGTACTGTCGCTCTTCGTGAA	1
1074	1073	3	CTGGTACTGTCGCTCTTCGTGAAA	1
1075	1074	3	TGGTACTGTCGCTCTTCGTGAAAT	1
1076	1075	3	GGTACTGTCGCTCTTCGTGAAATC	1
1077	1076	4	GTACTGTCGCTCTTCGTGAAATCC	1
1078	1077	8	TACTGTCGCTCTTCGTGAAATCCG	1
1079	1078	8	ACTGTCGCTCTTCGTGAAATCCGT	1
1080	1079	8	CTGTCGCTCTTCGTGAAATCCGTC	1
1081	1080	7	TGTCGCTCTTCGTGAAATCCGTCG	1
1082	1081	8	GTCGCTCTTCGTGAAATCCGTCGT	1
1083	1082	9	TCGCTCTTCGTGAAATCCGTCGTT	1
1084	1083	9	CGCTCTTCGTGAAATCCGTCGTTA	1
1085	1084	9	GCTCTTCGTGAAATCCGTCGTTAC	1
1086	1085	10	CTCTTCGTGAAATCCGTCGTTACC	1
1087	1086	10	TCTTCGTGAAATCCGTCGTTACCA	1
1088	1087	10	CTTCGTGAAATCCGTCGTTACCAA	1
1089	1088	10	TTCGTGAAATCCGTCGTTACCAAA	1
1090	1089	10	TCGTGAAATCCGTCGTTACCAAAA	1
1091	1090	10	CGTGAAATCCGTCGTTACCAAAAG	1
1092	1091	10	GTGAAATCCGTCGTTACCAAAAGT	1
1093	1092	10	TGAAATCCGTCGTTACCAAAAGTC	1
1094	1093	10	GAAATCCGTCGTTACCAAAAGTCT	1
1095	1094	10	AAATCCGTCGTTACCAAAAGTCTA	1
1096	1095	10	AATCCGTCGTTACCAAAAGTCTAC	1
1097	1096	10	ATCCGTCGTTACCAAAAGTCTACT	1
1098	1097	10	TCCGTCGTTACCAAAAGTCTACTG	1
1099	1098	8	CCGTCGTTACCAAAAGTCTACTGA	1
1100	1099	8	CGTCGTTACCAAAAGTCTACTGAA	1
1101	1100	8	GTCGTTACCAAAAGTCTACTGAAT	1
1102	1101	8	TCGTTACCAAAAGTCTACTGAATT	1
1103	1102	8	CGTTACCAAAAGTCTACTGAATTG	1
1104	1103	8	GTTACCAAAAGTCTACTGAATTGT	1
1105	1104	10	TTACCAAAAGTCTACTGAATTGTT	1
1106	1105	10	TACCAAAAGTCTACTGAATTGTTG	1
1107	1106	11	ACCAAAAGTCTACTGAATTGTTGA	1
1108	1107	12	CCAAAAGTCTACTGAATTGTTGAT	1
1109	1108	12	CAAAAGTCTACTGAATTGTTGATT	1
1110	1109	12	AAAAGTCTACTGAATTGTTGATTC	1
1111	1110	12	AAAGTCTACTGAATTGTTGATTCG	1
1112	1111	12	AAGTCTACTGAATTGTTGATTCGC	1
1113	1112	12	AGTCTACTGAATTGTTGATTCGCA	1
1114	1113	12	GTCTACTGAATTGTTGATTCGCAA	1
1115	1114	12	TCTACTGAATTGTTGATTCGCAAA	1
1116	1115	11	CTACTGAATTGTTGATTCGCAAAC	1
1117	1116	11	TACTGAATTGTTGATTCGCAAACT	1
1118	1117	11	ACTGAATTGTTGATTCGCAAACTT	1
1119	1118	13	CTGAATTGTTGATTCGCAAACTTC	1
1120	1119	13	TGAATTGTTGATTCGCAAACTTCC	1
1121	1120	11	GAATTGTTGATTCGCAAACTTCCC	1
1122	1121	8	AATTGTTGATTCGCAAACTTCCCT	1
1123	1122	7	ATTGTTGATTCGCAAACTTCCCTT	1
1124	1123	7	TTGTTGATTCGCAAACTTCCCTTC	1
1125	1124	7	TGTTGATTCGCAAACTTCCCTTCC	1
1126	1125	6	GTTGATTCGCAAACTTCCCTTCCA	1
1127	1126	5	TTGATTCGCAAACTTCCCTTCCAA	1
1128	1127	5	TGATTCGCAAACTTCCCTTCCAAC	1
1129	1128	4	GATTCGCAAACTTCCCTTCCAACG	1
1130	1129	4	ATTCGCAAACTTCCCTTCCAACGT	1
1131	1130	5	TTCGCAAACTTCCCTTCCAACGTT	1
1132	1131	5	TCGCAAACTTCCCTTCCAACGTTT	1
1133	1132	5	CGCAAACTTCCCTTCCAACGTTTG	1
1134	1133	8	GCAAACTTCCCTTCCAACGTTTGG	1
1135	1134	8	CAAACTTCCCTTCCAACGTTTGGT	1
1136	1135	8	AAACTTCCCTTCCAACGTTTGGTC	1
1137	1136	8	AACTTCCCTTCCAACGTTTGGTCC	1
1138	1137	8	ACTTCCCTTCCAACGTTTGGTCCG	1
1139	1138	8	CTTCCCTTCCAACGTTTGGTCCGT	1
1140	1139	10	TTCCCTTCCAACGTTTGGTCCGTG	1
1141	1140	12	TCCCTTCCAACGTTTGGTCCGTGA	1
1142	1141	14	CCCTTCCAACGTTTGGTCCGTGAA	1
1143	1142	15	CCTTCCAACGTTTGGTCCGTGAAA	1
1144	1143	15	CTTCCAACGTTTGGTCCGTGAAAT	1
1145	1144	15	TTCCAACGTTTGGTCCGTGAAATT	1
1146	1145	15	TCCAACGTTTGGTCCGTGAAATTG	1
1147	1146	15	CCAACGTTTGGTCCGTGAAATTGC	1
1148	1147	16	CAACGTTTGGTCCGTGAAATTGCC	1
1149	1148	14	AACGTTTGGTCCGTGAAATTGCCC	1
1150	1149	14	ACGTTTGGTCCGTGAAATTGCCCA	1
1151	1150	13	CGTTTGGTCCGTGAAATTGCCCAA	1
1152	1151	13	GTTTGGTCCGTGAAATTGCCCAAG	1
1153	1152	13	TTTGGTCCGTGAAATTGCCCAAGA	1
1154	1153	13	TTGGTCCGTGAAATTGCCCAAGAT	1
1155	1154	13	TGGTCCGTGAAATTGCCCAAGATT	1
1156	1155	13	GGTCCGTGAAATTGCCCAAGATTT	1
1157	1156	13	GTCCGTGAAATTGCCCAAGATTTT	1
1158	1157	13	TCCGTGAAATTGCCCAAGATTTTA	1
1159	1158	13	CCGTGAAATTGCCCAAGATTTTAA	1
1160	1159	13	CGTGAAATTGCCCAAGATTTTAAG	1
1161	1160	13	GTGAAATTGCCCAAGATTTTAAGA	1
1162	1161	13	TGAAATTGCCCAAGATTTTAAGAC	1
1163	1162	11	GAAATTGCCCAAGATTTTAAGACT	1
1164	1163	11	AAATTGCCCAAGATTTTAAGACTG	1
1165	1164	12	AATTGCCCAAGATTTTAAGACTGA	1
1166	1165	12	ATTGCCCAAGATTTTAAGACTGAC	1
1167	1166	12	TTGCCCAAGATTTTAAGACTGACT	1
1168	1167	13	TGCCCAAGATTTTAAGACTGACTT	1
1169	1168	13	GCCCAAGATTTTAAGACTGACTTG	1
1170	1169	13	CCCAAGATTTTAAGACTGACTTGC	1
1171	1170	13	CCAAGATTTTAAGACTGACTTGCG	1
1172	1171	13	CAAGATTTTAAGACTGACTTGCGT	1
1173	1172	13	AAGATTTTAAGACTGACTTGCGTT	1
1174	1173	13	AGATTTTAAGACTGACTTGCGTTT	1
1175	1174	12	GATTTTAAGACTGACTTGCGTTTC	1
1176	1175	12	ATTTTAAGACTGACTTGCGTTTCC	1
1177	1176	12	TTTTAAGACTGACTTGCGTTTCCA	1
1178	1177	9	TTTAAGACTGACTTGCGTTTCCAA	1
1179	1178	9	TTAAGACTGACTTGCGTTTCCAAT	1
1180	1179	9	TAAGACTGACTTGCGTTTCCAATC	1
1181	1180	9	AAGACTGACTTGCGTTTCCAATCC	1
1182	1181	9	AGACTGACTTGCGTTTCCAATCCT	1
1183	1182	9	GACTGACTTGCGTTTCCAATCCTC	1
1184	1183	8	ACTGACTTGCGTTTCCAATCCTCC	1
1185	1184	6	CTGACTTGCGTTTCCAATCCTCCG	1
1186	1185	4	TGACTTGCGTTTCCAATCCTCCGC	1
1187	1186	3	GACTTGCGTTTCCAATCCTCCGCA	1
1188	1187	3	ACTTGCGTTTCCAATCCTCCGCAA	1
1189	1188	3	CTTGCGTTTCCAATCCTCCGCAAT	1
1190	1189	3	TTGCGTTTCCAATCCTCCGCAATT	1
1191	1190	3	TGCGTTTCCAATCCTCCGCAATTG	1
1192	1191	2	GCGTTTCCAATCCTCCGCAATTGG	1
1193	1192	2	CGTTTCCAATCCTCCGCAATTGGT	1
1194	1193	2	GTTTCCAATCCTCCGCAATTGGTG	1
1195	1194	2	TTTCCAATCCTCCGCAATTGGTGC	1
1196	1195	2	TTCCAATCCTCCGCAATTGGTGCT	1
1197	1196	2	TCCAATCCTCCGCAATTGGTGCTC	1
1198	1197	2	CCAATCCTCCGCAATTGGTGCTCT	1
1199	1198	2	CAATCCTCCGCAATTGGTGCTCTT	1
1200	1199	2	AATCCTCCGCAATTGGTGCTCTTC	1
1201	1200	2	ATCCTCCGCAATTGGTGCTCTTCA	1
1202	1201	2	TCCTCCGCAATTGGTGCTCTTCAA	1
1203	1202	2	CCTCCGCAATTGGTGCTCTTCAAG	1
1204	1203	2	CTCCGCAATTGGTGCTCTTCAAGA	1
1205	1204	2	TCCGCAATTGGTGCTCTTCAAGAA	1
1206	1205	2	CCGCAATTGGTGCTCTTCAAGAAG	1
1207	1206	3	CGCAATTGGTGCTCTTCAAGAAGC	1
1208	1207	3	GCAATTGGTGCTCTTCAAGAAGCT	1
1209	1208	3	CAATTGGTGCTCTTCAAGAAGCTG	1
1210	1209	3	AATTGGTGCTCTTCAAGAAGCTGT	1
1211	1210	4	ATTGGTGCTCTTCAAGAAGCTGTC	1
1212	1211	3	TTGGTGCTCTTCAAGAAGCTGTCG	1
1213	1212	3	TGGTGCTCTTCAAGAAGCTGTCGA	1
1214	1213	3	GGTGCTCTTCAAGAAGCTGTCGAG	1
1215	1214	3	GTGCTCTTCAAGAAGCTGTCGAGG	1
1216	1215	3	TGCTCTTCAAGAAGCTGTCGAGGC	1
1217	1216	3	GCTCTTCAAGAAGCTGTCGAGGCT	1
1218	1217	3	CTCTTCAAGAAGCTGTCGAGGCTT	1
1219	1218	3	TCTTCAAGAAGCTGTCGAGGCTTA	1
1220	1219	3	CTTCAAGAAGCTGTCGAGGCTTAT	1
1221	1220	3	TTCAAGAAGCTGTCGAGGCTTATC	1
1222	1221	3	TCAAGAAGCTGTCGAGGCTTATCT	1
1223	1222	3	CAAGAAGCTGTCGAGGCTTATCTT	1
1224	1223	3	AAGAAGCTGTCGAGGCTTATCTTG	1
1225	1224	3	AGAAGCTGTCGAGGCTTATCTTGT	1
1226	1225	4	GAAGCTGTCGAGGCTTATCTTGTC	1
1227	1226	5	AAGCTGTCGAGGCTTATCTTGTCT	1
1228	1227	4	AGCTGTCGAGGCTTATCTTGTCTC	1
1229	1228	4	GCTGTCGAGGCTTATCTTGTCTCT	1
1230	1229	4	CTGTCGAGGCTTATCTTGTCTCTC	1
1231	1230	6	TGTCGAGGCTTATCTTGTCTCTCT	1
1232	1231	6	GTCGAGGCTTATCTTGTCTCTCTC	1
1233	1232	7	TCGAGGCTTATCTTGTCTCTCTCT	1
1234	1233	7	CGAGGCTTATCTTGTCTCTCTCTT	1
1235	1234	7	GAGGCTTATCTTGTCTCTCTCTTC	1
1236	1235	8	AGGCTTATCTTGTCTCTCTCTTCG	1
1237	1236	8	GGCTTATCTTGTCTCTCTCTTCGA	1
1238	1237	8	GCTTATCTTGTCTCTCTCTTCGAA	1
1239	1238	11	CTTATCTTGTCTCTCTCTTCGAAG	1
1240	1239	11	TTATCTTGTCTCTCTCTTCGAAGA	1
1241	1240	16	TATCTTGTCTCTCTCTTCGAAGAT	1
1242	1241	16	ATCTTGTCTCTCTCTTCGAAGATA	1
1243	1242	16	TCTTGTCTCTCTCTTCGAAGATAC	1
1244	1243	16	CTTGTCTCTCTCTTCGAAGATACC	1
1245	1244	16	TTGTCTCTCTCTTCGAAGATACCA	1
1246	1245	16	TGTCTCTCTCTTCGAAGATACCAA	1
1247	1246	16	GTCTCTCTCTTCGAAGATACCAAT	1
1248	1247	16	TCTCTCTCTTCGAAGATACCAATC	1
1249	1248	17	CTCTCTCTTCGAAGATACCAATCT	1
1250	1249	17	TCTCTCTTCGAAGATACCAATCTT	1
1251	1250	17	CTCTCTTCGAAGATACCAATCTTT	1
1252	1251	17	TCTCTTCGAAGATACCAATCTTTG	1
1253	1252	17	CTCTTCGAAGATACCAATCTTTGC	1
1254	1253	17	TCTTCGAAGATACCAATCTTTGCG	1
1255	1254	16	CTTCGAAGATACCAATCTTTGCGC	1
1256	1255	16	TTCGAAGATACCAATCTTTGCGCT	1
1257	1256	16	TCGAAGATACCAATCTTTGCGCTA	1
1258	1257	16	CGAAGATACCAATCTTTGCGCTAT	1
1259	1258	16	GAAGATACCAATCTTTGCGCTATC	1
1260	1259	17	AAGATACCAATCTTTGCGCTATCC	1
1261	1260	17	AGATACCAATCTTTGCGCTATCCA	1
1262	1261	17	GATACCAATCTTTGCGCTATCCAT	1
1263	1262	18	ATACCAATCTTTGCGCTATCCATG	1
1264	1263	18	TACCAATCTTTGCGCTATCCATGG	1
1265	1264	18	ACCAATCTTTGCGCTATCCATGGC	1
1266	1265	18	CCAATCTTTGCGCTATCCATGGCA	1
1267	1266	18	CAATCTTTGCGCTATCCATGGCAA	1
1268	1267	18	AATCTTTGCGCTATCCATGGCAAG	1
1269	1268	18	ATCTTTGCGCTATCCATGGCAAGC	1
1270	1269	17	TCTTTGCGCTATCCATGGCAAGCG	1
1271	1270	16	CTTTGCGCTATCCATGGCAAGCGT	1
1272	1271	16	TTTGCGCTATCCATGGCAAGCGTG	1
1273	1272	16	TTGCGCTATCCATGGCAAGCGTGT	1
1274	1273	16	TGCGCTATCCATGGCAAGCGTGTT	1
1275	1274	14	GCGCTATCCATGGCAAGCGTGTTA	1
1276	1275	14	CGCTATCCATGGCAAGCGTGTTAC	1
1277	1276	13	GCTATCCATGGCAAGCGTGTTACC	1
1278	1277	13	CTATCCATGGCAAGCGTGTTACCA	1
1279	1278	13	TATCCATGGCAAGCGTGTTACCAT	1
1280	1279	12	ATCCATGGCAAGCGTGTTACCATT	1
1281	1280	12	TCCATGGCAAGCGTGTTACCATTC	1
1282	1281	12	CCATGGCAAGCGTGTTACCATTCA	1
1283	1282	9	CATGGCAAGCGTGTTACCATTCAA	1
1284	1283	9	ATGGCAAGCGTGTTACCATTCAAC	1
1285	1284	3	TGGCAAGCGTGTTACCATTCAACC	1
1286	1285	3	GGCAAGCGTGTTACCATTCAACCC	1
1287	1286	3	GCAAGCGTGTTACCATTCAACCCA	1
1288	1287	3	CAAGCGTGTTACCATTCAACCCAA	1
1289	1288	3	AAGCGTGTTACCATTCAACCCAAG	1
1290	1289	3	AGCGTGTTACCATTCAACCCAAGG	1
1291	1290	3	GCGTGTTACCATTCAACCCAAGGA	1
1292	1291	3	CGTGTTACCATTCAACCCAAGGAT	1
1293	1292	2	GTGTTACCATTCAACCCAAGGATA	1
1294	1293	2	TGTTACCATTCAACCCAAGGATAT	1
1295	1294	2	GTTACCATTCAACCCAAGGATATG	1
1296	1295	2	TTACCATTCAACCCAAGGATATGC	1
1297	1296	2	TACCATTCAACCCAAGGATATGCA	1
1298	1297	2	ACCATTCAACCCAAGGATATGCAA	1
1299	1298	2	CCATTCAACCCAAGGATATGCAAT	1
1300	1299	2	CATTCAACCCAAGGATATGCAATT	1
1301	-1	0	CGTAAGCTACCTTTCCAACGTTTG	1
1302	1301	2	GTAAGCTACCTTTCCAACGTTTGG	1
1303	1302	2	TAAGCTACCTTTCCAACGTTTGGT	1
1304	1303	2	AAGCTACCTTTCCAACGTTTGGTC	1
1305	1304	2	AGCTACCTTTCCAACGTTTGGTCC	1
1306	1305	2	GCTACCTTTCCAACGTTTGGTCCG	1
1307	1306	2	CTACCTTTCCAACGTTTGGTCCGT	1
1308	1307	2	TACCTTTCCAACGTTTGGTCCGTG	1
1309	1308	2	ACCTTTCCAACGTTTGGTCCGTGA	1
1310	1309	2	CCTTTCCAACGTTTGGTCCGTGAA	1
1311	1310	2	CTTTCCAACGTTTGGTCCGTGAAA	1
1312	1311	2	TTTCCAACGTTTGGTCCGTGAAAT	1
1313	1312	2	TTCCAACGTTTGGTCCGTGAAATC	1
1314	1313	2	TCCAACGTTTGGTCCGTGAAATCG	1
1315	1314	2	CCAACGTTTGGTCCGTGAAATCGC	1
1316	1315	2	CAACGTTTGGTCCGTGAAATCGCC	1
1317	1316	2	AACGTTTGGTCCGTGAAATCGCCC	1
1318	1317	2	ACGTTTGGTCCGTGAAATCGCCCA	1
1319	1318	2	CGTTTGGTCCGTGAAATCGCCCAA	1
1320	1319	2	GTTTGGTCCGTGAAATCGCCCAAG	1
1321	1320	2	TTTGGTCCGTGAAATCGCCCAAGA	1
1322	-1	0	GAACTTCATCTGTATTCTTATATG	1
1323	1322	2	AACTTCATCTGTATTCTTATATGC	1
1324	1323	2	ACTTCATCTGTATTCTTATATGCT	1
1325	1324	2	CTTCATCTGTATTCTTATATGCTA	1
1326	1325	2	TTCATCTGTATTCTTATATGCTAT	1
1327	1326	2	TCATCTGTATTCTTATATGCTATT	1
1328	1327	2	CATCTGTATTCTTATATGCTATTT	1
1329	1328	2	ATCTGTATTCTTATATGCTATTTA	1
1330	1329	2	TCTGTATTCTTATATGCTATTTAA	1
1331	1330	2	CTGTATTCTTATATGCTATTTAAT	1
1332	1331	2	TGTATTCTTATATGCTATTTAATA	1
1333	1332	2	GTATTCTTATATGCTATTTAATAG	1
1334	1333	2	TATTCTTATATGCTATTTAATAGT	1
1335	1334	2	ATTCTTATATGCTATTTAATAGTA	1
1336	1335	2	TTCTTATATGCTATTTAATAGTAA	1
1337	1336	2	TCTTATATGCTATTTAATAGTAAA	1
1338	1337	2	CTTATATGCTATTTAATAGTAAAT	1
1339	1338	2	TTATATGCTATTTAATAGTAAATT	1
1340	1339	2	TATATGCTATTTAATAGTAAATTA	1
1341	1340	2	ATATGCTATTTAATAGTAAATTAA	1
1342	1341	2	TATGCTATTTAATAGTAAATTAAT	1
1343	1342	2	ATGCTATTTAATAGTAAATTAATT	1
1344	1343	2	TGCTATTTAATAGTAAATTAATTT	1
1345	1344	2	GCTATTTAATAGTAAATTAATTTT	1
1346	1345	2	CTATTTAATAGTAAATTAATTTTT	1
1347	1346	2	TATTTAATAGTAAATTAATTTTTA	1
1348	1347	2	ATTTAATAGTAAATTAATTTTTAA	1
1349	1348	2	TTTAATAGTAAATTAATTTTTAAT	1
1350	1349	2	TTAATAGTAAATTAATTTTTAATA	1
1351	1350	2	TAATAGTAAATTAATTTTTAATAT	1
1352	1351	2	AATAGTAAATTAATTTTTAATATC	1
1353	1352	2	ATAGTAAATTAATTTTTAATATCA	1
1354	1353	2	TAGTAAATTAATTTTTAATATCAT	1
1355	1354	2	AGTAAATTAATTTTTAATATCATT	1
1356	1355	2	GTAAATTAATTTTTAATATCATTA	1
1357	1356	2	TAAATTAATTTTTAATATCATTAT	1
1358	1357	2	AAATTAATTTTTAATATCATTATT	1
1359	1358	2	AATTAATTTTTAATATCATTATTG	1
1360	1359	2	ATTAATTTTTAATATCATTATTGA	1
1361	1360	2	TTAATTTTTAATATCATTATTGAA	1
1362	1361	2	TAATTTTTAATATCATTATTGAAA	1
1363	1362	2	AATTTTTAATATCATTATTGAAAC	1
1364	1363	2	ATTTTTAATATCATTATTGAAACA	1
1365	1364	2	TTTTTAATATCATTATTGAAACAC	1
1366	1365	2	TTTTAATATCATTATTGAAACACG	1
1367	-1	0	CAACAATTGGCAAAAGTAGCACAA	1
1368	1367	2	AACAATTGGCAAAAGTAGCACAAC	1
1369	1368	2	ACAATTGGCAAAAGTAGCACAACA	1
1370	1369	2	CAATTGGCAAAAGTAGCACAACAG	1
1371	1370	4	AATTGGCAAAAGTAGCACAACAGC	1
1372	1371	4	ATTGGCAAAAGTAGCACAACAGCT	1
1373	1372	4	TTGGCAAAAGTAGCACAACAGCTA	1
1374	1373	4	TGGCAAAAGTAGCACAACAGCTAT	1
1375	1374	4	GGCAAAAGTAGCACAACAGCTATT	1
1376	1375	8	GCAAAAGTAGCACAACAGCTATTT	1
1377	1376	12	CAAAAGTAGCACAACAGCTATTTT	1
1378	1377	12	AAAAGTAGCACAACAGCTATTTTT	1
1379	1378	12	AAAGTAGCACAACAGCTATTTTTT	1
1380	1379	11	AAGTAGCACAACAGCTATTTTTTT	1
1381	1380	11	AGTAGCACAACAGCTATTTTTTTC	1
1382	1381	11	GTAGCACAACAGCTATTTTTTTCT	1
1383	1382	11	TAGCACAACAGCTATTTTTTTCTC	1
1384	1383	11	AGCACAACAGCTATTTTTTTCTCG	1
1385	1384	11	GCACAACAGCTATTTTTTTCTCGA	1
1386	1385	12	CACAACAGCTATTTTTTTCTCGAT	1
1387	1386	12	ACAACAGCTATTTTTTTCTCGATT	1
1388	1387	11	CAACAGCTATTTTTTTCTCGATTG	1
1389	1388	11	AACAGCTATTTTTTTCTCGATTGT	1
1390	1389	11	ACAGCTATTTTTTTCTCGATTGTC	1
1391	1390	11	CAGCTATTTTTTTCTCGATTGTCT	1
1392	1391	11	AGCTATTTTTTTCTCGATTGTCTT	1
1393	1392	11	GCTATTTTTTTCTCGATTGTCTTT	1
1394	1393	11	CTATTTTTTTCTCGATTGTCTTTT	1
1395	1394	11	TATTTTTTTCTCGATTGTCTTTTT	1
1396	1395	11	ATTTTTTTCTCGATTGTCTTTTTA	1
1397	1396	12	TTTTTTTCTCGATTGTCTTTTTAT	1
1398	1397	12	TTTTTTCTCGATTGTCTTTTTATT	1
1399	1398	13	TTTTTCTCGATTGTCTTTTTATTT	1
1400	1399	13	TTTTCTCGATTGTCTTTTTATTTG	1
1401	1400	13	TTTCTCGATTGTCTTTTTATTTGA	1
1402	1401	13	TTCTCGATTGTCTTTTTATTTGAT	1
1403	1402	13	TCTCGATTGTCTTTTTATTTGATA	1
1404	1403	13	CTCGATTGTCTTTTTATTTGATAT	1
1405	1404	13	TCGATTGTCTTTTTATTTGATATT	1
1406	1405	13	CGATTGTCTTTTTATTTGATATTC	1
1407	1406	13	GATTGTCTTTTTATTTGATATTCA	1
1408	1407	13	ATTGTCTTTTTATTTGATATTCAT	1
1409	1408	13	TTGTCTTTTTATTTGATATTCATT	1
1410	1409	13	TGTCTTTTTATTTGATATTCATTC	1
1411	1410	13	GTCTTTTTATTTGATATTCATTCT	1
1412	1411	11	TCTTTTTATTTGATATTCATTCTA	1
1413	1412	12	CTTTTTATTTGATATTCATTCTAC	1
1414	1413	12	TTTTTATTTGATATTCATTCTACT	1
1415	1414	9	TTTTATTTGATATTCATTCTACTA	1
1416	1415	10	TTTATTTGATATTCATTCTACTAG	1
1417	1416	10	TTATTTGATATTCATTCTACTAGC	1
1418	1417	10	TATTTGATATTCATTCTACTAGCT	1
1419	1418	10	ATTTGATATTCATTCTACTAGCTT	1
1420	1419	7	TTTGATATTCATTCTACTAGCTTG	1
1421	1420	2	TTGATATTCATTCTACTAGCTTGA	1
1422	1421	2	TGATATTCATTCTACTAGCTTGAT	1
1423	1422	2	GATATTCATTCTACTAGCTTGATA	1
1424	1423	2	ATATTCATTCTACTAGCTTGATAT	1
1425	1424	2	TATTCATTCTACTAGCTTGATATA	1
1426	1425	2	ATTCATTCTACTAGCTTGATATAA	1
1427	1426	2	TTCATTCTACTAGCTTGATATAAT	1
1428	1427	2	TCATTCTACTAGCTTGATATAATG	1
1429	1428	2	CATTCTACTAGCTTGATATAATGG	1
1430	1429	2	ATTCTACTAGCTTGATATAATGGC	1
1431	1430	2	TTCTACTAGCTTGATATAATGGCT	1
1432	1431	2	TCTACTAGCTTGATATAATGGCTC	1
1433	1432	2	CTACTAGCTTGATATAATGGCTCG	1
1434	1433	2	TACTAGCTTGATATAATGGCTCGT	1
1435	1434	2	ACTAGCTTGATATAATGGCTCGTA	1
1436	1435	2	CTAGCTTGATATAATGGCTCGTAC	1
1437	1436	2	TAGCTTGATATAATGGCTCGTACT	1
1438	1437	2	AGCTTGATATAATGGCTCGTACTA	1
1439	1438	2	GCTTGATATAATGGCTCGTACTAA	1
1440	1439	2	CTTGATATAATGGCTCGTACTAAA	1
1441	1440	1	TTGATATAATGGCTCGTACTAAAC	1
1442	1441	1	TGATATAATGGCTCGTACTAAACA	1
1443	1442	1	GATATAATGGCTCGTACTAAACAA	1
1444	1443	1	ATATAATGGCTCGTACTAAACAAA	1
1445	1444	1	TATAATGGCTCGTACTAAACAAAC	1
1446	1445	1	ATAATGGCTCGTACTAAACAAACA	1
1447	1446	1	TAATGGCTCGTACTAAACAAACAG	1
1448	1447	1	AATGGCTCGTACTAAACAAACAGC	1
1449	1448	1	ATGGCTCGTACTAAACAAACAGCT	1
1450	1449	1	TGGCTCGTACTAAACAAACAGCTC	1
1451	1450	1	GGCTCGTACTAAACAAACAGCTCG	1
1452	1451	1	GCTCGTACTAAACAAACAGCTCGT	1
1453	1452	2	CTCGTACTAAACAAACAGCTCGTA	1
1454	1453	2	TCGTACTAAACAAACAGCTCGTAA	1
1455	1454	2	CGTACTAAACAAACAGCTCGTAAG	1
1456	1455	2	GTACTAAACAAACAGCTCGTAAGT	1
1457	1456	2	TACTAAACAAACAGCTCGTAAGTC	1
1458	1457	2	ACTAAACAAACAGCTCGTAAGTCT	1
1459	1458	2	CTAAACAAACAGCTCGTAAGTCTA	1
1460	1459	1	TAAACAAACAGCTCGTAAGTCTAC	1
1461	1460	1	AAACAAACAGCTCGTAAGTCTACC	1
1462	1461	1	AACAAACAGCTCGTAAGTCTACCG	1
1463	1462	1	ACAAACAGCTCGTAAGTCTACCGG	1
1464	1463	1	CAAACAGCTCGTAAGTCTACCGGT	1
1465	1464	1	AAACAGCTCGTAAGTCTACCGGTG	1
1466	1465	1	AACAGCTCGTAAGTCTACCGGTGG	1
1467	1466	1	ACAGCTCGTAAGTCTACCGGTGGT	1
1468	1467	1	CAGCTCGTAAGTCTACCGGTGGTA	1
1469	1468	1	AGCTCGTAAGTCTACCGGTGGTAA	1
1470	1469	1	GCTCGTAAGTCTACCGGTGGTAAG	1
1471	1470	1	CTCGTAAGTCTACCGGTGGTAAGG	1
1472	1471	1	TCGTAAGTCTACCGGTGGTAAGGC	1
1473	1472	1	CGTAAGTCTACCGGTGGTAAGGCA	1
1474	1473	1	GTAAGTCTACCGGTGGTAAGGCAC	1
1475	1474	1	TAAGTCTACCGGTGGTAAGGCACC	1
1476	1475	1	AAGTCTACCGGTGGTAAGGCACCC	1
1477	1476	1	AGTCTACCGGTGGTAAGGCACCCC	1
1478	1477	1	GTCTACCGGTGGTAAGGCACCCCG	1
1479	897	4	CGTTATGGCTCGTACCAAGCAAAA	1
1480	1479	3	GTTATGGCTCGTACCAAGCAAAAT	1
1481	1480	4	TTATGGCTCGTACCAAGCAAAATG	1
1482	1481	4	TATGGCTCGTACCAAGCAAAATGC	1
1483	1482	4	ATGGCTCGTACCAAGCAAAATGCT	1
1484	1483	4	TGGCTCGTACCAAGCAAAATGCTC	1
1485	1484	4	GGCTCGTACCAAGCAAAATGCTCG	1
1486	1485	4	GCTCGTACCAAGCAAAATGCTCGT	1
1487	1486	4	CTCGTACCAAGCAAAATGCTCGTA	1
1488	1487	4	TCGTACCAAGCAAAATGCTCGTAA	1
1489	1488	4	CGTACCAAGCAAAATGCTCGTAAA	1
1490	1489	3	GTACCAAGCAAAATGCTCGTAAAT	1
1491	1490	3	TACCAAGCAAAATGCTCGTAAATC	1
1492	1491	3	ACCAAGCAAAATGCTCGTAAATCT	1
1493	1492	3	CCAAGCAAAATGCTCGTAAATCTA	1
1494	1493	3	CAAGCAAAATGCTCGTAAATCTAC	1
1495	1494	3	AAGCAAAATGCTCGTAAATCTACC	1
1496	1495	3	AGCAAAATGCTCGTAAATCTACCG	1
1497	1496	2	GCAAAATGCTCGTAAATCTACCGG	1
1498	1497	1	CAAAATGCTCGTAAATCTACCGGG	1
1499	1498	1	AAAATGCTCGTAAATCTACCGGGG	1
1500	1499	1	AAATGCTCGTAAATCTACCGGGGG	1
1501	1500	1	AATGCTCGTAAATCTACCGGGGGT	1
1502	1501	1	ATGCTCGTAAATCTACCGGGGGTA	1
1503	1502	1	TGCTCGTAAATCTACCGGGGGTAA	1
1504	1503	2	GCTCGTAAATCTACCGGGGGTAAG	1
1505	1504	2	CTCGTAAATCTACCGGGGGTAAGG	1
1506	1505	2	TCGTAAATCTACCGGGGGTAAGGC	1
1507	1506	1	CGTAAATCTACCGGGGGTAAGGCC	1
1508	1507	1	GTAAATCTACCGGGGGTAAGGCCC	1
1509	1508	1	TAAATCTACCGGGGGTAAGGCCCC	1
1510	1509	1	AAATCTACCGGGGGTAAGGCCCCC	1
1511	1510	1	AATCTACCGGGGGTAAGGCCCCCC	1
1512	1511	1	ATCTACCGGGGGTAAGGCCCCCCC	1
1513	1512	1	TCTACCGGGGGTAAGGCCCCCCCT	1
1514	1513	1	CTACCGGGGGTAAGGCCCCCCCTA	1
