Component 692
1	-1	0	GAGACATCAAAATGGCACTGAAGG	1
2	1	5	AGACATCAAAATGGCACTGAAGGA	1
3	2	5	GACATCAAAATGGCACTGAAGGAG	1
4	3	6	ACATCAAAATGGCACTGAAGGAGT	1
5	4	6	CATCAAAATGGCACTGAAGGAGTA	1
6	5	6	ATCAAAATGGCACTGAAGGAGTAT	1
7	6	9	TCAAAATGGCACTGAAGGAGTATC	1
8	7	10	CAAAATGGCACTGAAGGAGTATCA	1
9	8	13	AAAATGGCACTGAAGGAGTATCAA	1
10	9	13	AAATGGCACTGAAGGAGTATCAAG	1
11	10	13	AATGGCACTGAAGGAGTATCAAGT	1
12	11	13	ATGGCACTGAAGGAGTATCAAGTC	1
13	12	14	TGGCACTGAAGGAGTATCAAGTCG	1
14	13	14	GGCACTGAAGGAGTATCAAGTCGT	1
15	14	14	GCACTGAAGGAGTATCAAGTCGTT	1
16	15	14	CACTGAAGGAGTATCAAGTCGTTG	1
17	16	15	ACTGAAGGAGTATCAAGTCGTTGG	1
18	17	15	CTGAAGGAGTATCAAGTCGTTGGC	1
19	18	15	TGAAGGAGTATCAAGTCGTTGGCC	1
20	19	15	GAAGGAGTATCAAGTCGTTGGCCG	1
21	20	15	AAGGAGTATCAAGTCGTTGGCCGT	1
22	21	15	AGGAGTATCAAGTCGTTGGCCGTA	1
23	22	15	GGAGTATCAAGTCGTTGGCCGTAA	1
24	23	15	GAGTATCAAGTCGTTGGCCGTAAG	1
25	24	15	AGTATCAAGTCGTTGGCCGTAAGG	1
26	25	15	GTATCAAGTCGTTGGCCGTAAGGT	1
27	26	15	TATCAAGTCGTTGGCCGTAAGGTC	1
28	27	15	ATCAAGTCGTTGGCCGTAAGGTCC	1
29	28	15	TCAAGTCGTTGGCCGTAAGGTCCC	1
30	29	15	CAAGTCGTTGGCCGTAAGGTCCCA	1
31	30	15	AAGTCGTTGGCCGTAAGGTCCCAA	1
32	31	15	AGTCGTTGGCCGTAAGGTCCCAAC	1
33	32	15	GTCGTTGGCCGTAAGGTCCCAACT	1
34	33	15	TCGTTGGCCGTAAGGTCCCAACTG	1
35	34	15	CGTTGGCCGTAAGGTCCCAACTGA	1
36	35	16	GTTGGCCGTAAGGTCCCAACTGAG	1
37	36	16	TTGGCCGTAAGGTCCCAACTGAGC	1
38	37	16	TGGCCGTAAGGTCCCAACTGAGCA	1
39	38	16	GGCCGTAAGGTCCCAACTGAGCAT	1
40	39	16	GCCGTAAGGTCCCAACTGAGCATG	1
41	40	16	CCGTAAGGTCCCAACTGAGCATGA	1
42	41	16	CGTAAGGTCCCAACTGAGCATGAA	1
43	42	16	GTAAGGTCCCAACTGAGCATGAAC	1
44	43	16	TAAGGTCCCAACTGAGCATGAACC	1
45	44	16	AAGGTCCCAACTGAGCATGAACCT	1
46	45	11	AGGTCCCAACTGAGCATGAACCTG	1
47	46	11	GGTCCCAACTGAGCATGAACCTGT	1
48	47	10	GTCCCAACTGAGCATGAACCTGTG	1
49	48	11	TCCCAACTGAGCATGAACCTGTGC	1
50	49	11	CCCAACTGAGCATGAACCTGTGCC	1
51	50	8	CCAACTGAGCATGAACCTGTGCCT	1
52	51	7	CAACTGAGCATGAACCTGTGCCTA	1
53	52	4	AACTGAGCATGAACCTGTGCCTAA	1
54	53	4	ACTGAGCATGAACCTGTGCCTAAG	1
55	54	4	CTGAGCATGAACCTGTGCCTAAGT	1
56	55	4	TGAGCATGAACCTGTGCCTAAGTT	1
57	56	3	GAGCATGAACCTGTGCCTAAGTTG	1
58	57	3	AGCATGAACCTGTGCCTAAGTTGT	1
59	58	3	GCATGAACCTGTGCCTAAGTTGTT	1
60	59	3	CATGAACCTGTGCCTAAGTTGTTC	1
61	60	2	ATGAACCTGTGCCTAAGTTGTTCC	1
62	61	2	TGAACCTGTGCCTAAGTTGTTCCG	1
63	62	2	GAACCTGTGCCTAAGTTGTTCCGT	1
64	63	2	AACCTGTGCCTAAGTTGTTCCGTA	1
65	64	2	ACCTGTGCCTAAGTTGTTCCGTAT	1
66	65	2	CCTGTGCCTAAGTTGTTCCGTATG	1
67	66	2	CTGTGCCTAAGTTGTTCCGTATGC	1
68	67	2	TGTGCCTAAGTTGTTCCGTATGCG	1
69	68	2	GTGCCTAAGTTGTTCCGTATGCGT	1
70	69	2	TGCCTAAGTTGTTCCGTATGCGTT	1
71	70	2	GCCTAAGTTGTTCCGTATGCGTTT	1
72	71	3	CCTAAGTTGTTCCGTATGCGTTTA	1
73	72	3	CTAAGTTGTTCCGTATGCGTTTAT	1
74	73	3	TAAGTTGTTCCGTATGCGTTTATT	1
75	74	3	AAGTTGTTCCGTATGCGTTTATTC	1
76	75	3	AGTTGTTCCGTATGCGTTTATTCG	1
77	76	3	GTTGTTCCGTATGCGTTTATTCGC	1
78	77	3	TTGTTCCGTATGCGTTTATTCGCA	1
79	78	3	TGTTCCGTATGCGTTTATTCGCAC	1
80	79	2	GTTCCGTATGCGTTTATTCGCACC	1
81	80	3	TTCCGTATGCGTTTATTCGCACCT	1
82	81	3	TCCGTATGCGTTTATTCGCACCTA	1
83	82	3	CCGTATGCGTTTATTCGCACCTAA	1
84	83	3	CGTATGCGTTTATTCGCACCTAAT	1
85	84	3	GTATGCGTTTATTCGCACCTAATG	1
86	85	3	TATGCGTTTATTCGCACCTAATGA	1
87	86	3	ATGCGTTTATTCGCACCTAATGAA	1
88	87	3	TGCGTTTATTCGCACCTAATGAAT	1
89	88	3	GCGTTTATTCGCACCTAATGAATC	1
90	89	3	CGTTTATTCGCACCTAATGAATCA	1
91	90	3	GTTTATTCGCACCTAATGAATCAG	1
92	91	3	TTTATTCGCACCTAATGAATCAGT	1
93	92	2	TTATTCGCACCTAATGAATCAGTT	1
94	93	2	TATTCGCACCTAATGAATCAGTTG	1
95	94	2	ATTCGCACCTAATGAATCAGTTGC	1
96	95	2	TTCGCACCTAATGAATCAGTTGCC	1
97	96	2	TCGCACCTAATGAATCAGTTGCCA	1
98	97	2	CGCACCTAATGAATCAGTTGCCAA	1
99	98	2	GCACCTAATGAATCAGTTGCCAAG	1
100	99	2	CACCTAATGAATCAGTTGCCAAGT	1
101	100	2	ACCTAATGAATCAGTTGCCAAGTC	1
102	101	2	CCTAATGAATCAGTTGCCAAGTCT	1
103	102	2	CTAATGAATCAGTTGCCAAGTCTC	1
104	103	2	TAATGAATCAGTTGCCAAGTCTCG	1
105	104	2	AATGAATCAGTTGCCAAGTCTCGT	1
106	105	2	ATGAATCAGTTGCCAAGTCTCGTT	1
107	106	2	TGAATCAGTTGCCAAGTCTCGTTA	1
108	107	2	GAATCAGTTGCCAAGTCTCGTTAC	1
109	108	2	AATCAGTTGCCAAGTCTCGTTACT	1
110	109	2	ATCAGTTGCCAAGTCTCGTTACTG	1
111	110	2	TCAGTTGCCAAGTCTCGTTACTGG	1
112	111	2	CAGTTGCCAAGTCTCGTTACTGGT	1
113	112	2	AGTTGCCAAGTCTCGTTACTGGTA	1
114	113	2	GTTGCCAAGTCTCGTTACTGGTAT	1
115	114	2	TTGCCAAGTCTCGTTACTGGTATT	1
116	115	1	TGCCAAGTCTCGTTACTGGTATTT	1
117	116	1	GCCAAGTCTCGTTACTGGTATTTC	1
118	117	2	CCAAGTCTCGTTACTGGTATTTCT	1
119	118	2	CAAGTCTCGTTACTGGTATTTCTT	1
120	119	2	AAGTCTCGTTACTGGTATTTCTTG	1
121	120	2	AGTCTCGTTACTGGTATTTCTTGA	1
122	121	2	GTCTCGTTACTGGTATTTCTTGAA	1
123	122	2	TCTCGTTACTGGTATTTCTTGAAG	1
124	123	2	CTCGTTACTGGTATTTCTTGAAGA	1
125	124	1	TCGTTACTGGTATTTCTTGAAGAT	1
126	125	1	CGTTACTGGTATTTCTTGAAGATG	1
127	126	1	GTTACTGGTATTTCTTGAAGATGA	1
128	127	2	TTACTGGTATTTCTTGAAGATGAT	1
129	128	2	TACTGGTATTTCTTGAAGATGATC	1
130	129	2	ACTGGTATTTCTTGAAGATGATCA	1
131	130	2	CTGGTATTTCTTGAAGATGATCAA	1
132	131	2	TGGTATTTCTTGAAGATGATCAAC	1
133	132	2	GGTATTTCTTGAAGATGATCAACA	1
134	133	2	GTATTTCTTGAAGATGATCAACAA	1
135	134	2	TATTTCTTGAAGATGATCAACAAA	1
136	135	3	ATTTCTTGAAGATGATCAACAAAG	1
137	136	4	TTTCTTGAAGATGATCAACAAAGT	1
138	137	6	TTCTTGAAGATGATCAACAAAGTC	1
138	427	5	TTCTTGAAGATGATCAACAAAGTC	1
139	138	11	TCTTGAAGATGATCAACAAAGTCA	1
140	139	12	CTTGAAGATGATCAACAAAGTCAA	1
141	140	12	TTGAAGATGATCAACAAAGTCAAG	1
142	141	12	TGAAGATGATCAACAAAGTCAAGA	1
143	142	11	GAAGATGATCAACAAAGTCAAGAA	1
144	143	13	AAGATGATCAACAAAGTCAAGAAG	1
145	144	14	AGATGATCAACAAAGTCAAGAAGG	1
146	145	15	GATGATCAACAAAGTCAAGAAGGC	1
147	146	15	ATGATCAACAAAGTCAAGAAGGCC	1
148	147	15	TGATCAACAAAGTCAAGAAGGCCA	1
149	148	15	GATCAACAAAGTCAAGAAGGCCAC	1
150	149	15	ATCAACAAAGTCAAGAAGGCCACT	1
151	150	15	TCAACAAAGTCAAGAAGGCCACTG	1
152	151	15	CAACAAAGTCAAGAAGGCCACTGG	1
153	152	15	AACAAAGTCAAGAAGGCCACTGGT	1
154	153	15	ACAAAGTCAAGAAGGCCACTGGTG	1
155	154	15	CAAAGTCAAGAAGGCCACTGGTGA	1
156	155	15	AAAGTCAAGAAGGCCACTGGTGAG	1
157	156	15	AAGTCAAGAAGGCCACTGGTGAGA	1
158	157	15	AGTCAAGAAGGCCACTGGTGAGAT	1
159	158	15	GTCAAGAAGGCCACTGGTGAGATC	1
160	159	15	TCAAGAAGGCCACTGGTGAGATCG	1
161	160	15	CAAGAAGGCCACTGGTGAGATCGT	1
162	161	14	AAGAAGGCCACTGGTGAGATCGTT	1
163	162	15	AGAAGGCCACTGGTGAGATCGTTG	1
164	163	15	GAAGGCCACTGGTGAGATCGTTGC	1
165	164	5	AAGGCCACTGGTGAGATCGTTGCC	1
166	165	5	AGGCCACTGGTGAGATCGTTGCCA	1
167	166	4	GGCCACTGGTGAGATCGTTGCCAT	1
168	167	4	GCCACTGGTGAGATCGTTGCCATC	1
169	168	4	CCACTGGTGAGATCGTTGCCATCA	1
170	169	3	CACTGGTGAGATCGTTGCCATCAA	1
171	170	2	ACTGGTGAGATCGTTGCCATCAAT	1
172	171	2	CTGGTGAGATCGTTGCCATCAATG	1
173	172	2	TGGTGAGATCGTTGCCATCAATGA	1
174	173	2	GGTGAGATCGTTGCCATCAATGAG	1
175	174	2	GTGAGATCGTTGCCATCAATGAGA	1
176	175	2	TGAGATCGTTGCCATCAATGAGAT	1
177	176	2	GAGATCGTTGCCATCAATGAGATT	1
178	177	2	AGATCGTTGCCATCAATGAGATTT	1
179	178	2	GATCGTTGCCATCAATGAGATTTC	1
180	179	2	ATCGTTGCCATCAATGAGATTTCC	1
181	180	2	TCGTTGCCATCAATGAGATTTCCG	1
182	181	1	CGTTGCCATCAATGAGATTTCCGA	1
183	182	1	GTTGCCATCAATGAGATTTCCGAG	1
184	183	1	TTGCCATCAATGAGATTTCCGAGC	1
185	184	1	TGCCATCAATGAGATTTCCGAGCC	1
186	185	1	GCCATCAATGAGATTTCCGAGCCT	1
187	186	1	CCATCAATGAGATTTCCGAGCCTA	1
188	187	1	CATCAATGAGATTTCCGAGCCTAA	1
189	188	1	ATCAATGAGATTTCCGAGCCTAAG	1
190	189	1	TCAATGAGATTTCCGAGCCTAAGC	1
191	190	1	CAATGAGATTTCCGAGCCTAAGCC	1
192	191	2	AATGAGATTTCCGAGCCTAAGCCG	1
193	192	2	ATGAGATTTCCGAGCCTAAGCCGT	1
194	193	3	TGAGATTTCCGAGCCTAAGCCGTT	1
195	194	6	GAGATTTCCGAGCCTAAGCCGTTG	1
196	195	6	AGATTTCCGAGCCTAAGCCGTTGA	1
197	196	8	GATTTCCGAGCCTAAGCCGTTGAA	1
198	197	11	ATTTCCGAGCCTAAGCCGTTGAAG	1
199	198	12	TTTCCGAGCCTAAGCCGTTGAAGG	1
200	199	13	TTCCGAGCCTAAGCCGTTGAAGGC	1
201	200	13	TCCGAGCCTAAGCCGTTGAAGGCC	1
202	201	13	CCGAGCCTAAGCCGTTGAAGGCCA	1
203	202	13	CGAGCCTAAGCCGTTGAAGGCCAA	1
204	203	14	GAGCCTAAGCCGTTGAAGGCCAAG	1
205	204	15	AGCCTAAGCCGTTGAAGGCCAAGG	1
206	205	15	GCCTAAGCCGTTGAAGGCCAAGGT	1
207	206	15	CCTAAGCCGTTGAAGGCCAAGGTC	1
208	207	15	CTAAGCCGTTGAAGGCCAAGGTCT	1
209	208	15	TAAGCCGTTGAAGGCCAAGGTCTT	1
210	209	15	AAGCCGTTGAAGGCCAAGGTCTTC	1
211	210	15	AGCCGTTGAAGGCCAAGGTCTTCG	1
212	211	15	GCCGTTGAAGGCCAAGGTCTTCGG	1
213	212	15	CCGTTGAAGGCCAAGGTCTTCGGT	1
214	213	15	CGTTGAAGGCCAAGGTCTTCGGTA	1
215	214	15	GTTGAAGGCCAAGGTCTTCGGTAT	1
216	215	15	TTGAAGGCCAAGGTCTTCGGTATC	1
217	216	15	TGAAGGCCAAGGTCTTCGGTATCT	1
218	217	16	GAAGGCCAAGGTCTTCGGTATCTG	1
219	218	18	AAGGCCAAGGTCTTCGGTATCTGG	1
220	219	18	AGGCCAAGGTCTTCGGTATCTGGA	1
221	220	18	GGCCAAGGTCTTCGGTATCTGGAT	1
222	221	18	GCCAAGGTCTTCGGTATCTGGATT	1
223	222	18	CCAAGGTCTTCGGTATCTGGATTC	1
224	223	18	CAAGGTCTTCGGTATCTGGATTCG	1
225	224	19	AAGGTCTTCGGTATCTGGATTCGT	1
226	225	19	AGGTCTTCGGTATCTGGATTCGTT	1
227	226	19	GGTCTTCGGTATCTGGATTCGTTA	1
228	227	19	GTCTTCGGTATCTGGATTCGTTAT	1
229	228	19	TCTTCGGTATCTGGATTCGTTATG	1
230	229	20	CTTCGGTATCTGGATTCGTTATGA	1
231	230	20	TTCGGTATCTGGATTCGTTATGAC	1
232	231	20	TCGGTATCTGGATTCGTTATGACT	1
233	232	20	CGGTATCTGGATTCGTTATGACTC	1
234	897	10	GGTATCTGGATTCGTTATGACTCT	1
234	233	20	GGTATCTGGATTCGTTATGACTCT	1
235	234	30	GTATCTGGATTCGTTATGACTCTC	1
236	235	28	TATCTGGATTCGTTATGACTCTCG	1
237	236	18	ATCTGGATTCGTTATGACTCTCGC	1
238	237	17	TCTGGATTCGTTATGACTCTCGCT	1
239	238	14	CTGGATTCGTTATGACTCTCGCTC	1
240	239	14	TGGATTCGTTATGACTCTCGCTCT	1
241	240	12	GGATTCGTTATGACTCTCGCTCTG	1
242	241	9	GATTCGTTATGACTCTCGCTCTGG	1
243	242	8	ATTCGTTATGACTCTCGCTCTGGT	1
244	243	8	TTCGTTATGACTCTCGCTCTGGTA	1
245	244	8	TCGTTATGACTCTCGCTCTGGTAC	1
246	245	8	CGTTATGACTCTCGCTCTGGTACC	1
247	246	8	GTTATGACTCTCGCTCTGGTACCC	1
248	247	7	TTATGACTCTCGCTCTGGTACCCA	1
249	248	7	TATGACTCTCGCTCTGGTACCCAC	1
250	249	7	ATGACTCTCGCTCTGGTACCCACA	1
251	250	7	TGACTCTCGCTCTGGTACCCACAA	1
252	251	7	GACTCTCGCTCTGGTACCCACAAC	1
253	252	9	ACTCTCGCTCTGGTACCCACAACA	1
254	253	9	CTCTCGCTCTGGTACCCACAACAT	1
255	254	9	TCTCGCTCTGGTACCCACAACATG	1
256	255	9	CTCGCTCTGGTACCCACAACATGT	1
257	256	9	TCGCTCTGGTACCCACAACATGTA	1
258	257	9	CGCTCTGGTACCCACAACATGTAC	1
259	258	9	GCTCTGGTACCCACAACATGTACA	1
260	259	9	CTCTGGTACCCACAACATGTACAA	1
261	260	9	TCTGGTACCCACAACATGTACAAG	1
262	261	8	CTGGTACCCACAACATGTACAAGG	1
263	262	6	TGGTACCCACAACATGTACAAGGA	1
264	263	6	GGTACCCACAACATGTACAAGGAG	1
265	264	6	GTACCCACAACATGTACAAGGAGT	1
266	265	6	TACCCACAACATGTACAAGGAGTT	1
267	266	6	ACCCACAACATGTACAAGGAGTTC	1
268	267	6	CCCACAACATGTACAAGGAGTTCC	1
269	268	5	CCACAACATGTACAAGGAGTTCCG	1
270	269	5	CACAACATGTACAAGGAGTTCCGT	1
271	270	5	ACAACATGTACAAGGAGTTCCGTG	1
272	271	2	CAACATGTACAAGGAGTTCCGTGA	1
273	272	2	AACATGTACAAGGAGTTCCGTGAC	1
274	273	2	ACATGTACAAGGAGTTCCGTGACA	1
275	274	2	CATGTACAAGGAGTTCCGTGACAC	1
276	275	2	ATGTACAAGGAGTTCCGTGACACT	1
277	276	2	TGTACAAGGAGTTCCGTGACACTA	1
278	277	2	GTACAAGGAGTTCCGTGACACTAC	1
279	278	2	TACAAGGAGTTCCGTGACACTACT	1
280	279	2	ACAAGGAGTTCCGTGACACTACTC	1
281	280	2	CAAGGAGTTCCGTGACACTACTCG	1
282	281	1	AAGGAGTTCCGTGACACTACTCGG	1
283	282	1	AGGAGTTCCGTGACACTACTCGGG	1
284	283	1	GGAGTTCCGTGACACTACTCGGGT	1
285	284	1	GAGTTCCGTGACACTACTCGGGTT	1
286	285	1	AGTTCCGTGACACTACTCGGGTTG	1
287	286	1	GTTCCGTGACACTACTCGGGTTGG	1
288	287	1	TTCCGTGACACTACTCGGGTTGGT	1
289	288	1	TCCGTGACACTACTCGGGTTGGTG	1
290	289	1	CCGTGACACTACTCGGGTTGGTGG	1
291	290	1	CGTGACACTACTCGGGTTGGTGGC	1
292	291	1	GTGACACTACTCGGGTTGGTGGCG	1
293	292	1	TGACACTACTCGGGTTGGTGGCGT	1
294	293	1	GACACTACTCGGGTTGGTGGCGTT	1
295	294	1	ACACTACTCGGGTTGGTGGCGTTA	1
296	-1	0	GGGAAAATGGCACTCAAGGAGTAT	1
297	296	1	GGAAAATGGCACTCAAGGAGTATC	1
298	297	7	GAAAATGGCACTCAAGGAGTATCA	1
299	298	8	AAAATGGCACTCAAGGAGTATCAA	1
300	299	8	AAATGGCACTCAAGGAGTATCAAG	1
301	300	8	AATGGCACTCAAGGAGTATCAAGT	1
302	301	8	ATGGCACTCAAGGAGTATCAAGTC	1
303	302	9	TGGCACTCAAGGAGTATCAAGTCG	1
304	303	11	GGCACTCAAGGAGTATCAAGTCGT	1
305	304	11	GCACTCAAGGAGTATCAAGTCGTT	1
306	305	12	CACTCAAGGAGTATCAAGTCGTTG	1
307	306	14	ACTCAAGGAGTATCAAGTCGTTGG	1
308	307	14	CTCAAGGAGTATCAAGTCGTTGGA	1
309	308	15	TCAAGGAGTATCAAGTCGTTGGAC	1
310	309	15	CAAGGAGTATCAAGTCGTTGGACG	1
311	310	16	AAGGAGTATCAAGTCGTTGGACGC	1
312	311	16	AGGAGTATCAAGTCGTTGGACGCA	1
313	312	16	GGAGTATCAAGTCGTTGGACGCAA	1
314	313	17	GAGTATCAAGTCGTTGGACGCAAG	1
315	314	17	AGTATCAAGTCGTTGGACGCAAGG	1
316	315	17	GTATCAAGTCGTTGGACGCAAGGT	1
317	316	17	TATCAAGTCGTTGGACGCAAGGTT	1
318	317	17	ATCAAGTCGTTGGACGCAAGGTTC	1
319	318	17	TCAAGTCGTTGGACGCAAGGTTCC	1
320	319	17	CAAGTCGTTGGACGCAAGGTTCCT	1
321	320	18	AAGTCGTTGGACGCAAGGTTCCTA	1
322	321	18	AGTCGTTGGACGCAAGGTTCCTAC	1
323	322	18	GTCGTTGGACGCAAGGTTCCTACG	1
324	323	19	TCGTTGGACGCAAGGTTCCTACGG	1
325	324	19	CGTTGGACGCAAGGTTCCTACGGA	1
326	325	19	GTTGGACGCAAGGTTCCTACGGAA	1
327	326	20	TTGGACGCAAGGTTCCTACGGAAC	1
328	327	20	TGGACGCAAGGTTCCTACGGAACA	1
329	328	20	GGACGCAAGGTTCCTACGGAACAT	1
330	329	20	GACGCAAGGTTCCTACGGAACATG	1
331	330	20	ACGCAAGGTTCCTACGGAACATGA	1
332	331	18	CGCAAGGTTCCTACGGAACATGAG	1
333	332	19	GCAAGGTTCCTACGGAACATGAGC	1
334	333	19	CAAGGTTCCTACGGAACATGAGCC	1
335	334	19	AAGGTTCCTACGGAACATGAGCCT	1
336	335	19	AGGTTCCTACGGAACATGAGCCTG	1
337	336	19	GGTTCCTACGGAACATGAGCCTGT	1
338	337	19	GTTCCTACGGAACATGAGCCTGTT	1
339	338	20	TTCCTACGGAACATGAGCCTGTTC	1
340	339	20	TCCTACGGAACATGAGCCTGTTCC	1
341	340	19	CCTACGGAACATGAGCCTGTTCCC	1
342	341	13	CTACGGAACATGAGCCTGTTCCCA	1
343	342	12	TACGGAACATGAGCCTGTTCCCAA	1
344	343	12	ACGGAACATGAGCCTGTTCCCAAG	1
345	344	13	CGGAACATGAGCCTGTTCCCAAGC	1
346	345	13	GGAACATGAGCCTGTTCCCAAGCT	1
347	346	12	GAACATGAGCCTGTTCCCAAGCTA	1
348	347	10	AACATGAGCCTGTTCCCAAGCTAT	1
349	348	10	ACATGAGCCTGTTCCCAAGCTATT	1
350	349	9	CATGAGCCTGTTCCCAAGCTATTC	1
351	350	8	ATGAGCCTGTTCCCAAGCTATTCC	1
352	351	8	TGAGCCTGTTCCCAAGCTATTCCG	1
353	352	7	GAGCCTGTTCCCAAGCTATTCCGT	1
354	353	7	AGCCTGTTCCCAAGCTATTCCGTA	1
355	354	6	GCCTGTTCCCAAGCTATTCCGTAT	1
356	355	6	CCTGTTCCCAAGCTATTCCGTATG	1
357	356	7	CTGTTCCCAAGCTATTCCGTATGC	1
358	357	5	TGTTCCCAAGCTATTCCGTATGCG	1
359	358	5	GTTCCCAAGCTATTCCGTATGCGT	1
360	359	5	TTCCCAAGCTATTCCGTATGCGTT	1
361	360	5	TCCCAAGCTATTCCGTATGCGTTT	1
362	361	6	CCCAAGCTATTCCGTATGCGTTTG	1
363	362	6	CCAAGCTATTCCGTATGCGTTTGT	1
364	363	6	CAAGCTATTCCGTATGCGTTTGTT	1
365	364	5	AAGCTATTCCGTATGCGTTTGTTC	1
366	365	5	AGCTATTCCGTATGCGTTTGTTCG	1
367	366	5	GCTATTCCGTATGCGTTTGTTCGC	1
368	367	4	CTATTCCGTATGCGTTTGTTCGCA	1
369	368	4	TATTCCGTATGCGTTTGTTCGCAC	1
370	369	4	ATTCCGTATGCGTTTGTTCGCACC	1
371	370	3	TTCCGTATGCGTTTGTTCGCACCT	1
372	371	3	TCCGTATGCGTTTGTTCGCACCTA	1
373	372	3	CCGTATGCGTTTGTTCGCACCTAA	1
374	373	3	CGTATGCGTTTGTTCGCACCTAAT	1
375	374	3	GTATGCGTTTGTTCGCACCTAATG	1
376	375	2	TATGCGTTTGTTCGCACCTAATGA	1
377	376	2	ATGCGTTTGTTCGCACCTAATGAA	1
378	377	2	TGCGTTTGTTCGCACCTAATGAAT	1
379	378	2	GCGTTTGTTCGCACCTAATGAATC	1
380	379	2	CGTTTGTTCGCACCTAATGAATCT	1
381	380	2	GTTTGTTCGCACCTAATGAATCTG	1
382	381	2	TTTGTTCGCACCTAATGAATCTGT	1
383	382	2	TTGTTCGCACCTAATGAATCTGTT	1
384	383	2	TGTTCGCACCTAATGAATCTGTTG	1
385	384	2	GTTCGCACCTAATGAATCTGTTGC	1
386	385	2	TTCGCACCTAATGAATCTGTTGCC	1
387	386	2	TCGCACCTAATGAATCTGTTGCCA	1
388	387	2	CGCACCTAATGAATCTGTTGCCAA	1
389	388	2	GCACCTAATGAATCTGTTGCCAAG	1
390	389	2	CACCTAATGAATCTGTTGCCAAGT	1
391	390	1	ACCTAATGAATCTGTTGCCAAGTC	1
392	391	1	CCTAATGAATCTGTTGCCAAGTCT	1
393	392	1	CTAATGAATCTGTTGCCAAGTCTC	1
394	393	1	TAATGAATCTGTTGCCAAGTCTCG	1
395	394	1	AATGAATCTGTTGCCAAGTCTCGT	1
396	395	1	ATGAATCTGTTGCCAAGTCTCGTT	1
397	396	1	TGAATCTGTTGCCAAGTCTCGTTA	1
398	397	1	GAATCTGTTGCCAAGTCTCGTTAT	1
399	398	1	AATCTGTTGCCAAGTCTCGTTATT	1
400	399	1	ATCTGTTGCCAAGTCTCGTTATTG	1
401	400	1	TCTGTTGCCAAGTCTCGTTATTGG	1
402	401	1	CTGTTGCCAAGTCTCGTTATTGGT	1
403	402	1	TGTTGCCAAGTCTCGTTATTGGTA	1
404	403	1	GTTGCCAAGTCTCGTTATTGGTAC	1
405	404	1	TTGCCAAGTCTCGTTATTGGTACT	1
406	405	1	TGCCAAGTCTCGTTATTGGTACTT	1
407	406	1	GCCAAGTCTCGTTATTGGTACTTC	1
408	407	1	CCAAGTCTCGTTATTGGTACTTCT	1
409	408	1	CAAGTCTCGTTATTGGTACTTCTT	1
410	409	1	AAGTCTCGTTATTGGTACTTCTTG	1
411	410	1	AGTCTCGTTATTGGTACTTCTTGA	1
412	411	1	GTCTCGTTATTGGTACTTCTTGAA	1
413	412	2	TCTCGTTATTGGTACTTCTTGAAG	1
414	413	2	CTCGTTATTGGTACTTCTTGAAGA	1
415	414	2	TCGTTATTGGTACTTCTTGAAGAT	1
416	415	3	CGTTATTGGTACTTCTTGAAGATG	1
417	416	4	GTTATTGGTACTTCTTGAAGATGA	1
418	417	4	TTATTGGTACTTCTTGAAGATGAT	1
419	418	4	TATTGGTACTTCTTGAAGATGATC	1
420	419	4	ATTGGTACTTCTTGAAGATGATCA	1
421	420	4	TTGGTACTTCTTGAAGATGATCAA	1
422	421	4	TGGTACTTCTTGAAGATGATCAAC	1
423	422	4	GGTACTTCTTGAAGATGATCAACA	1
424	423	4	GTACTTCTTGAAGATGATCAACAA	1
425	424	4	TACTTCTTGAAGATGATCAACAAA	1
426	425	4	ACTTCTTGAAGATGATCAACAAAG	1
427	426	4	CTTCTTGAAGATGATCAACAAAGT	1
428	631	7	TATCCTTAAGGTTGTTGAGGTTGA	1
429	428	3	ATCCTTAAGGTTGTTGAGGTTGAG	1
430	429	3	TCCTTAAGGTTGTTGAGGTTGAGA	1
431	430	4	CCTTAAGGTTGTTGAGGTTGAGAA	1
432	431	4	CTTAAGGTTGTTGAGGTTGAGAAG	1
433	432	4	TTAAGGTTGTTGAGGTTGAGAAGA	1
434	433	4	TAAGGTTGTTGAGGTTGAGAAGAA	1
435	434	3	AAGGTTGTTGAGGTTGAGAAGAAG	1
436	435	3	AGGTTGTTGAGGTTGAGAAGAAGG	1
437	436	2	GGTTGTTGAGGTTGAGAAGAAGGA	1
438	437	2	GTTGTTGAGGTTGAGAAGAAGGAG	1
439	438	2	TTGTTGAGGTTGAGAAGAAGGAGG	1
440	439	1	TGTTGAGGTTGAGAAGAAGGAGGA	1
441	440	1	GTTGAGGTTGAGAAGAAGGAGGAC	1
442	441	1	TTGAGGTTGAGAAGAAGGAGGACG	1
443	442	1	TGAGGTTGAGAAGAAGGAGGACGT	1
444	443	1	GAGGTTGAGAAGAAGGAGGACGTT	1
445	444	1	AGGTTGAGAAGAAGGAGGACGTTC	1
446	445	1	GGTTGAGAAGAAGGAGGACGTTCG	1
447	446	2	GTTGAGAAGAAGGAGGACGTTCGC	1
448	447	5	TTGAGAAGAAGGAGGACGTTCGCC	1
449	448	5	TGAGAAGAAGGAGGACGTTCGCCG	1
450	449	5	GAGAAGAAGGAGGACGTTCGCCGT	1
451	450	6	AGAAGAAGGAGGACGTTCGCCGTA	1
452	451	6	GAAGAAGGAGGACGTTCGCCGTAA	1
453	452	6	AAGAAGGAGGACGTTCGCCGTAAC	1
454	453	6	AGAAGGAGGACGTTCGCCGTAACT	1
455	454	6	GAAGGAGGACGTTCGCCGTAACTA	1
456	455	6	AAGGAGGACGTTCGCCGTAACTAT	1
457	456	6	AGGAGGACGTTCGCCGTAACTATG	1
458	457	6	GGAGGACGTTCGCCGTAACTATGT	1
459	458	6	GAGGACGTTCGCCGTAACTATGTC	1
460	459	6	AGGACGTTCGCCGTAACTATGTCA	1
461	460	6	GGACGTTCGCCGTAACTATGTCAA	1
462	461	6	GACGTTCGCCGTAACTATGTCAAG	1
463	462	6	ACGTTCGCCGTAACTATGTCAAGC	1
464	463	6	CGTTCGCCGTAACTATGTCAAGCA	1
465	464	6	GTTCGCCGTAACTATGTCAAGCAA	1
466	465	6	TTCGCCGTAACTATGTCAAGCAAC	1
467	466	6	TCGCCGTAACTATGTCAAGCAACT	1
468	467	6	CGCCGTAACTATGTCAAGCAACTC	1
469	468	6	GCCGTAACTATGTCAAGCAACTCC	1
470	469	6	CCGTAACTATGTCAAGCAACTCCT	1
471	470	5	CGTAACTATGTCAAGCAACTCCTT	1
472	471	5	GTAACTATGTCAAGCAACTCCTTA	1
473	472	5	TAACTATGTCAAGCAACTCCTTAA	1
474	473	5	AACTATGTCAAGCAACTCCTTAAC	1
475	474	5	ACTATGTCAAGCAACTCCTTAACC	1
476	475	5	CTATGTCAAGCAACTCCTTAACCC	1
477	476	6	TATGTCAAGCAACTCCTTAACCCT	1
478	477	6	ATGTCAAGCAACTCCTTAACCCTC	1
479	478	6	TGTCAAGCAACTCCTTAACCCTCA	1
480	479	6	GTCAAGCAACTCCTTAACCCTCAC	1
481	480	6	TCAAGCAACTCCTTAACCCTCACT	1
482	481	6	CAAGCAACTCCTTAACCCTCACTT	1
483	482	6	AAGCAACTCCTTAACCCTCACTTG	1
484	483	6	AGCAACTCCTTAACCCTCACTTGA	1
485	484	6	GCAACTCCTTAACCCTCACTTGAA	1
486	485	6	CAACTCCTTAACCCTCACTTGAAA	1
487	486	6	AACTCCTTAACCCTCACTTGAAAT	1
488	487	6	ACTCCTTAACCCTCACTTGAAATT	1
489	488	6	CTCCTTAACCCTCACTTGAAATTC	1
490	489	6	TCCTTAACCCTCACTTGAAATTCC	1
491	490	5	CCTTAACCCTCACTTGAAATTCCC	1
492	491	2	CTTAACCCTCACTTGAAATTCCCT	1
493	492	1	TTAACCCTCACTTGAAATTCCCTC	1
494	493	1	TAACCCTCACTTGAAATTCCCTCT	1
495	236	10	ATCTGGATTCGTTATGACTCTCGT	1
496	495	10	TCTGGATTCGTTATGACTCTCGTT	1
497	496	12	CTGGATTCGTTATGACTCTCGTTC	1
498	497	14	TGGATTCGTTATGACTCTCGTTCC	1
499	498	14	GGATTCGTTATGACTCTCGTTCCG	1
500	499	13	GATTCGTTATGACTCTCGTTCCGG	1
501	500	12	ATTCGTTATGACTCTCGTTCCGGT	1
502	501	12	TTCGTTATGACTCTCGTTCCGGTA	1
503	502	13	TCGTTATGACTCTCGTTCCGGTAC	1
504	503	13	CGTTATGACTCTCGTTCCGGTACT	1
505	504	13	GTTATGACTCTCGTTCCGGTACTC	1
506	505	13	TTATGACTCTCGTTCCGGTACTCA	1
507	506	13	TATGACTCTCGTTCCGGTACTCAC	1
508	507	13	ATGACTCTCGTTCCGGTACTCACA	1
509	508	13	TGACTCTCGTTCCGGTACTCACAA	1
510	509	13	GACTCTCGTTCCGGTACTCACAAC	1
511	510	13	ACTCTCGTTCCGGTACTCACAACA	1
512	511	13	CTCTCGTTCCGGTACTCACAACAT	1
513	512	12	TCTCGTTCCGGTACTCACAACATG	1
514	513	12	CTCGTTCCGGTACTCACAACATGT	1
515	514	12	TCGTTCCGGTACTCACAACATGTA	1
516	515	12	CGTTCCGGTACTCACAACATGTAC	1
517	516	11	GTTCCGGTACTCACAACATGTACA	1
518	517	11	TTCCGGTACTCACAACATGTACAA	1
519	518	11	TCCGGTACTCACAACATGTACAAA	1
520	519	11	CCGGTACTCACAACATGTACAAAG	1
521	520	9	CGGTACTCACAACATGTACAAAGA	1
522	521	9	GGTACTCACAACATGTACAAAGAG	1
523	522	8	GTACTCACAACATGTACAAAGAGT	1
524	523	8	TACTCACAACATGTACAAAGAGTT	1
525	524	7	ACTCACAACATGTACAAAGAGTTC	1
526	525	7	CTCACAACATGTACAAAGAGTTCC	1
527	526	6	TCACAACATGTACAAAGAGTTCCG	1
528	527	6	CACAACATGTACAAAGAGTTCCGC	1
529	528	6	ACAACATGTACAAAGAGTTCCGCG	1
530	529	5	CAACATGTACAAAGAGTTCCGCGA	1
531	530	5	AACATGTACAAAGAGTTCCGCGAC	1
532	531	5	ACATGTACAAAGAGTTCCGCGACA	1
533	532	5	CATGTACAAAGAGTTCCGCGACAC	1
534	533	5	ATGTACAAAGAGTTCCGCGACACT	1
535	534	5	TGTACAAAGAGTTCCGCGACACTA	1
536	535	7	GTACAAAGAGTTCCGCGACACTAC	1
537	536	9	TACAAAGAGTTCCGCGACACTACT	1
538	537	9	ACAAAGAGTTCCGCGACACTACTC	1
539	538	9	CAAAGAGTTCCGCGACACTACTCG	1
540	539	11	AAAGAGTTCCGCGACACTACTCGT	1
541	540	9	AAGAGTTCCGCGACACTACTCGTG	1
542	541	7	AGAGTTCCGCGACACTACTCGTGT	1
543	542	7	GAGTTCCGCGACACTACTCGTGTT	1
544	543	7	AGTTCCGCGACACTACTCGTGTTG	1
545	544	7	GTTCCGCGACACTACTCGTGTTGG	1
546	545	7	TTCCGCGACACTACTCGTGTTGGT	1
547	546	7	TCCGCGACACTACTCGTGTTGGTG	1
548	547	7	CCGCGACACTACTCGTGTTGGTGC	1
549	548	7	CGCGACACTACTCGTGTTGGTGCT	1
550	549	9	GCGACACTACTCGTGTTGGTGCTG	1
551	550	9	CGACACTACTCGTGTTGGTGCTGT	1
552	551	9	GACACTACTCGTGTTGGTGCTGTC	1
553	552	9	ACACTACTCGTGTTGGTGCTGTCG	1
554	553	9	CACTACTCGTGTTGGTGCTGTCGA	1
555	554	9	ACTACTCGTGTTGGTGCTGTCGAG	1
556	555	9	CTACTCGTGTTGGTGCTGTCGAGG	1
557	556	10	TACTCGTGTTGGTGCTGTCGAGGC	1
558	557	10	ACTCGTGTTGGTGCTGTCGAGGCT	1
559	558	10	CTCGTGTTGGTGCTGTCGAGGCTA	1
560	559	10	TCGTGTTGGTGCTGTCGAGGCTAT	1
561	560	10	CGTGTTGGTGCTGTCGAGGCTATG	1
562	561	10	GTGTTGGTGCTGTCGAGGCTATGT	1
563	562	10	TGTTGGTGCTGTCGAGGCTATGTA	1
564	563	10	GTTGGTGCTGTCGAGGCTATGTAT	1
565	564	10	TTGGTGCTGTCGAGGCTATGTATG	1
566	565	10	TGGTGCTGTCGAGGCTATGTATGC	1
567	566	10	GGTGCTGTCGAGGCTATGTATGCC	1
568	567	10	GTGCTGTCGAGGCTATGTATGCCG	1
569	568	10	TGCTGTCGAGGCTATGTATGCCGA	1
570	569	10	GCTGTCGAGGCTATGTATGCCGAT	1
571	570	11	CTGTCGAGGCTATGTATGCCGATA	1
572	571	11	TGTCGAGGCTATGTATGCCGATAT	1
573	572	11	GTCGAGGCTATGTATGCCGATATG	1
574	573	11	TCGAGGCTATGTATGCCGATATGG	1
575	574	11	CGAGGCTATGTATGCCGATATGGC	1
576	575	11	GAGGCTATGTATGCCGATATGGCT	1
577	576	15	AGGCTATGTATGCCGATATGGCTG	1
578	577	15	GGCTATGTATGCCGATATGGCTGC	1
579	578	15	GCTATGTATGCCGATATGGCTGCC	1
580	579	13	CTATGTATGCCGATATGGCTGCCC	1
581	580	11	TATGTATGCCGATATGGCTGCCCG	1
582	581	11	ATGTATGCCGATATGGCTGCCCGT	1
583	582	11	TGTATGCCGATATGGCTGCCCGTC	1
584	583	9	GTATGCCGATATGGCTGCCCGTCA	1
585	584	9	TATGCCGATATGGCTGCCCGTCAT	1
586	585	9	ATGCCGATATGGCTGCCCGTCATC	1
587	586	9	TGCCGATATGGCTGCCCGTCATCG	1
588	587	9	GCCGATATGGCTGCCCGTCATCGT	1
589	588	9	CCGATATGGCTGCCCGTCATCGTG	1
590	589	9	CGATATGGCTGCCCGTCATCGTGC	1
591	590	8	GATATGGCTGCCCGTCATCGTGCT	1
592	591	8	ATATGGCTGCCCGTCATCGTGCTC	1
593	592	8	TATGGCTGCCCGTCATCGTGCTCG	1
594	593	6	ATGGCTGCCCGTCATCGTGCTCGT	1
595	594	6	TGGCTGCCCGTCATCGTGCTCGTT	1
596	595	6	GGCTGCCCGTCATCGTGCTCGTTT	1
597	596	6	GCTGCCCGTCATCGTGCTCGTTTC	1
598	597	6	CTGCCCGTCATCGTGCTCGTTTCC	1
599	598	6	TGCCCGTCATCGTGCTCGTTTCCG	1
600	599	7	GCCCGTCATCGTGCTCGTTTCCGC	1
601	600	9	CCCGTCATCGTGCTCGTTTCCGCA	1
602	601	9	CCGTCATCGTGCTCGTTTCCGCAG	1
603	602	9	CGTCATCGTGCTCGTTTCCGCAGC	1
604	603	9	GTCATCGTGCTCGTTTCCGCAGCA	1
605	604	9	TCATCGTGCTCGTTTCCGCAGCAT	1
606	605	9	CATCGTGCTCGTTTCCGCAGCATC	1
607	606	9	ATCGTGCTCGTTTCCGCAGCATCC	1
608	607	9	TCGTGCTCGTTTCCGCAGCATCCG	1
609	608	8	CGTGCTCGTTTCCGCAGCATCCGT	1
610	609	6	GTGCTCGTTTCCGCAGCATCCGTA	1
611	610	6	TGCTCGTTTCCGCAGCATCCGTAT	1
612	611	6	GCTCGTTTCCGCAGCATCCGTATC	1
613	612	7	CTCGTTTCCGCAGCATCCGTATCC	1
614	613	7	TCGTTTCCGCAGCATCCGTATCCT	1
615	614	6	CGTTTCCGCAGCATCCGTATCCTT	1
616	615	6	GTTTCCGCAGCATCCGTATCCTTA	1
617	616	6	TTTCCGCAGCATCCGTATCCTTAA	1
618	617	5	TTCCGCAGCATCCGTATCCTTAAG	1
619	618	5	TCCGCAGCATCCGTATCCTTAAGG	1
620	619	5	CCGCAGCATCCGTATCCTTAAGGT	1
621	620	5	CGCAGCATCCGTATCCTTAAGGTT	1
622	621	5	GCAGCATCCGTATCCTTAAGGTTG	1
623	622	6	CAGCATCCGTATCCTTAAGGTTGT	1
624	623	6	AGCATCCGTATCCTTAAGGTTGTT	1
625	624	6	GCATCCGTATCCTTAAGGTTGTTG	1
626	625	6	CATCCGTATCCTTAAGGTTGTTGA	1
627	626	6	ATCCGTATCCTTAAGGTTGTTGAG	1
628	627	6	TCCGTATCCTTAAGGTTGTTGAGG	1
629	628	6	CCGTATCCTTAAGGTTGTTGAGGT	1
630	629	6	CGTATCCTTAAGGTTGTTGAGGTT	1
631	630	7	GTATCCTTAAGGTTGTTGAGGTTG	1
632	428	4	ATCCTTAAGGTTGTTGAGGTTGAA	1
633	632	4	TCCTTAAGGTTGTTGAGGTTGAAA	1
634	633	4	CCTTAAGGTTGTTGAGGTTGAAAA	1
635	634	4	CTTAAGGTTGTTGAGGTTGAAAAG	1
636	635	4	TTAAGGTTGTTGAGGTTGAAAAGA	1
637	636	4	TAAGGTTGTTGAGGTTGAAAAGAA	1
638	637	4	AAGGTTGTTGAGGTTGAAAAGAAG	1
639	638	4	AGGTTGTTGAGGTTGAAAAGAAGG	1
640	639	4	GGTTGTTGAGGTTGAAAAGAAGGA	1
641	640	4	GTTGTTGAGGTTGAAAAGAAGGAG	1
642	641	4	TTGTTGAGGTTGAAAAGAAGGAGG	1
643	642	4	TGTTGAGGTTGAAAAGAAGGAGGA	1
644	643	2	GTTGAGGTTGAAAAGAAGGAGGAT	1
645	644	2	TTGAGGTTGAAAAGAAGGAGGATG	1
646	645	2	TGAGGTTGAAAAGAAGGAGGATGT	1
647	646	3	GAGGTTGAAAAGAAGGAGGATGTT	1
648	647	3	AGGTTGAAAAGAAGGAGGATGTTC	1
649	648	3	GGTTGAAAAGAAGGAGGATGTTCG	1
650	649	3	GTTGAAAAGAAGGAGGATGTTCGT	1
651	650	4	TTGAAAAGAAGGAGGATGTTCGTC	1
652	651	4	TGAAAAGAAGGAGGATGTTCGTCG	1
653	652	5	GAAAAGAAGGAGGATGTTCGTCGT	1
654	653	5	AAAAGAAGGAGGATGTTCGTCGTA	1
655	654	5	AAAGAAGGAGGATGTTCGTCGTAA	1
656	655	3	AAGAAGGAGGATGTTCGTCGTAAC	1
657	656	3	AGAAGGAGGATGTTCGTCGTAACT	1
658	657	3	GAAGGAGGATGTTCGTCGTAACTA	1
659	658	3	AAGGAGGATGTTCGTCGTAACTAT	1
660	659	3	AGGAGGATGTTCGTCGTAACTATG	1
661	660	4	GGAGGATGTTCGTCGTAACTATGT	1
662	661	4	GAGGATGTTCGTCGTAACTATGTC	1
663	662	4	AGGATGTTCGTCGTAACTATGTCA	1
664	663	4	GGATGTTCGTCGTAACTATGTCAA	1
665	664	4	GATGTTCGTCGTAACTATGTCAAG	1
666	665	3	ATGTTCGTCGTAACTATGTCAAGC	1
667	666	3	TGTTCGTCGTAACTATGTCAAGCA	1
668	667	3	GTTCGTCGTAACTATGTCAAGCAA	1
669	668	3	TTCGTCGTAACTATGTCAAGCAAC	1
670	669	3	TCGTCGTAACTATGTCAAGCAACT	1
671	670	4	CGTCGTAACTATGTCAAGCAACTC	1
672	671	4	GTCGTAACTATGTCAAGCAACTCC	1
673	672	4	TCGTAACTATGTCAAGCAACTCCT	1
674	673	4	CGTAACTATGTCAAGCAACTCCTC	1
675	674	4	GTAACTATGTCAAGCAACTCCTCA	1
676	675	4	TAACTATGTCAAGCAACTCCTCAA	1
677	676	4	AACTATGTCAAGCAACTCCTCAAC	1
678	677	4	ACTATGTCAAGCAACTCCTCAACC	1
679	678	4	CTATGTCAAGCAACTCCTCAACCC	1
680	679	4	TATGTCAAGCAACTCCTCAACCCT	1
681	680	4	ATGTCAAGCAACTCCTCAACCCTC	1
682	681	4	TGTCAAGCAACTCCTCAACCCTCA	1
683	682	4	GTCAAGCAACTCCTCAACCCTCAC	1
684	683	4	TCAAGCAACTCCTCAACCCTCACT	1
685	684	4	CAAGCAACTCCTCAACCCTCACTT	1
686	685	4	AAGCAACTCCTCAACCCTCACTTG	1
687	686	4	AGCAACTCCTCAACCCTCACTTGA	1
688	687	4	GCAACTCCTCAACCCTCACTTGAA	1
689	688	4	CAACTCCTCAACCCTCACTTGAAG	1
690	689	4	AACTCCTCAACCCTCACTTGAAGT	1
691	690	4	ACTCCTCAACCCTCACTTGAAGTT	1
692	691	4	CTCCTCAACCCTCACTTGAAGTTC	1
693	692	4	TCCTCAACCCTCACTTGAAGTTCC	1
694	693	4	CCTCAACCCTCACTTGAAGTTCCC	1
695	694	3	CTCAACCCTCACTTGAAGTTCCCT	1
696	695	3	TCAACCCTCACTTGAAGTTCCCTC	1
697	696	2	CAACCCTCACTTGAAGTTCCCTCT	1
698	697	2	AACCCTCACTTGAAGTTCCCTCTT	1
699	698	2	ACCCTCACTTGAAGTTCCCTCTTC	1
700	699	2	CCCTCACTTGAAGTTCCCTCTTCC	1
701	700	2	CCTCACTTGAAGTTCCCTCTTCCT	1
702	701	2	CTCACTTGAAGTTCCCTCTTCCTC	1
703	702	2	TCACTTGAAGTTCCCTCTTCCTCA	1
704	703	2	CACTTGAAGTTCCCTCTTCCTCAC	1
705	704	2	ACTTGAAGTTCCCTCTTCCTCACA	1
706	705	2	CTTGAAGTTCCCTCTTCCTCACAG	1
707	706	2	TTGAAGTTCCCTCTTCCTCACAGA	1
708	707	2	TGAAGTTCCCTCTTCCTCACAGAC	1
709	708	2	GAAGTTCCCTCTTCCTCACAGACG	1
710	709	2	AAGTTCCCTCTTCCTCACAGACGT	1
711	710	2	AGTTCCCTCTTCCTCACAGACGTA	1
712	711	3	GTTCCCTCTTCCTCACAGACGTAC	1
713	712	3	TTCCCTCTTCCTCACAGACGTACT	1
714	713	3	TCCCTCTTCCTCACAGACGTACTG	1
715	714	4	CCCTCTTCCTCACAGACGTACTGG	1
716	715	4	CCTCTTCCTCACAGACGTACTGGC	1
717	716	4	CTCTTCCTCACAGACGTACTGGCG	1
718	717	4	TCTTCCTCACAGACGTACTGGCGT	1
719	718	4	CTTCCTCACAGACGTACTGGCGTT	1
720	719	4	TTCCTCACAGACGTACTGGCGTTG	1
721	720	4	TCCTCACAGACGTACTGGCGTTGT	1
722	721	4	CCTCACAGACGTACTGGCGTTGTC	1
723	722	4	CTCACAGACGTACTGGCGTTGTCG	1
724	723	4	TCACAGACGTACTGGCGTTGTCGG	1
725	724	4	CACAGACGTACTGGCGTTGTCGGT	1
726	725	4	ACAGACGTACTGGCGTTGTCGGTT	1
727	726	4	CAGACGTACTGGCGTTGTCGGTTT	1
728	727	4	AGACGTACTGGCGTTGTCGGTTTG	1
729	728	4	GACGTACTGGCGTTGTCGGTTTGG	1
730	729	4	ACGTACTGGCGTTGTCGGTTTGGC	1
731	730	4	CGTACTGGCGTTGTCGGTTTGGCT	1
732	731	4	GTACTGGCGTTGTCGGTTTGGCTG	1
733	732	4	TACTGGCGTTGTCGGTTTGGCTGG	1
734	733	4	ACTGGCGTTGTCGGTTTGGCTGGT	1
735	734	4	CTGGCGTTGTCGGTTTGGCTGGTA	1
736	735	4	TGGCGTTGTCGGTTTGGCTGGTAA	1
737	736	4	GGCGTTGTCGGTTTGGCTGGTAAG	1
738	737	4	GCGTTGTCGGTTTGGCTGGTAAGA	1
739	738	4	CGTTGTCGGTTTGGCTGGTAAGAA	1
740	739	4	GTTGTCGGTTTGGCTGGTAAGAAG	1
741	740	4	TTGTCGGTTTGGCTGGTAAGAAGG	1
742	741	4	TGTCGGTTTGGCTGGTAAGAAGGT	1
743	742	5	GTCGGTTTGGCTGGTAAGAAGGTT	1
744	743	5	TCGGTTTGGCTGGTAAGAAGGTTT	1
745	744	5	CGGTTTGGCTGGTAAGAAGGTTTT	1
746	745	5	GGTTTGGCTGGTAAGAAGGTTTTT	1
747	746	5	GTTTGGCTGGTAAGAAGGTTTTTG	1
748	747	5	TTTGGCTGGTAAGAAGGTTTTTGC	1
749	748	4	TTGGCTGGTAAGAAGGTTTTTGCT	1
750	749	4	TGGCTGGTAAGAAGGTTTTTGCTC	1
751	750	4	GGCTGGTAAGAAGGTTTTTGCTCC	1
752	751	4	GCTGGTAAGAAGGTTTTTGCTCCT	1
753	752	4	CTGGTAAGAAGGTTTTTGCTCCTC	1
754	753	4	TGGTAAGAAGGTTTTTGCTCCTCA	1
755	754	4	GGTAAGAAGGTTTTTGCTCCTCAT	1
756	755	3	GTAAGAAGGTTTTTGCTCCTCATC	1
757	756	3	TAAGAAGGTTTTTGCTCCTCATCG	1
758	757	3	AAGAAGGTTTTTGCTCCTCATCGC	1
759	758	1	AGAAGGTTTTTGCTCCTCATCGCC	1
760	759	1	GAAGGTTTTTGCTCCTCATCGCCC	1
761	760	1	AAGGTTTTTGCTCCTCATCGCCCC	1
762	761	1	AGGTTTTTGCTCCTCATCGCCCCA	1
763	762	1	GGTTTTTGCTCCTCATCGCCCCAG	1
764	763	1	GTTTTTGCTCCTCATCGCCCCAGC	1
765	764	1	TTTTTGCTCCTCATCGCCCCAGCA	1
766	765	1	TTTTGCTCCTCATCGCCCCAGCAC	1
767	766	1	TTTGCTCCTCATCGCCCCAGCACT	1
768	767	1	TTGCTCCTCATCGCCCCAGCACTT	1
769	768	1	TGCTCCTCATCGCCCCAGCACTTT	1
770	769	1	GCTCCTCATCGCCCCAGCACTTTC	1
771	770	1	CTCCTCATCGCCCCAGCACTTTCT	1
772	771	1	TCCTCATCGCCCCAGCACTTTCTA	1
773	772	1	CCTCATCGCCCCAGCACTTTCTAC	1
774	773	1	CTCATCGCCCCAGCACTTTCTACT	1
775	774	1	TCATCGCCCCAGCACTTTCTACTA	1
776	775	3	CATCGCCCCAGCACTTTCTACTAA	1
777	776	4	ATCGCCCCAGCACTTTCTACTAAG	1
778	777	4	TCGCCCCAGCACTTTCTACTAAGG	1
779	778	4	CGCCCCAGCACTTTCTACTAAGGG	1
780	779	4	GCCCCAGCACTTTCTACTAAGGGA	1
781	780	4	CCCCAGCACTTTCTACTAAGGGAT	1
782	781	4	CCCAGCACTTTCTACTAAGGGATA	1
783	782	4	CCAGCACTTTCTACTAAGGGATAT	1
784	783	4	CAGCACTTTCTACTAAGGGATATG	1
785	784	5	AGCACTTTCTACTAAGGGATATGG	1
786	785	4	GCACTTTCTACTAAGGGATATGGG	1
787	786	3	CACTTTCTACTAAGGGATATGGGT	1
788	787	3	ACTTTCTACTAAGGGATATGGGTC	1
789	788	3	CTTTCTACTAAGGGATATGGGTCT	1
790	789	3	TTTCTACTAAGGGATATGGGTCTT	1
791	790	3	TTCTACTAAGGGATATGGGTCTTT	1
792	791	3	TCTACTAAGGGATATGGGTCTTTT	1
793	792	3	CTACTAAGGGATATGGGTCTTTTC	1
794	793	3	TACTAAGGGATATGGGTCTTTTCT	1
795	794	3	ACTAAGGGATATGGGTCTTTTCTA	1
796	795	3	CTAAGGGATATGGGTCTTTTCTAT	1
797	796	3	TAAGGGATATGGGTCTTTTCTATT	1
798	797	3	AAGGGATATGGGTCTTTTCTATTA	1
799	798	3	AGGGATATGGGTCTTTTCTATTAG	1
800	799	3	GGGATATGGGTCTTTTCTATTAGT	1
801	800	3	GGATATGGGTCTTTTCTATTAGTA	1
802	801	3	GATATGGGTCTTTTCTATTAGTAA	1
803	802	3	ATATGGGTCTTTTCTATTAGTAAA	1
804	803	3	TATGGGTCTTTTCTATTAGTAAAA	1
805	804	3	ATGGGTCTTTTCTATTAGTAAAAA	1
806	805	3	TGGGTCTTTTCTATTAGTAAAAAA	1
807	806	3	GGGTCTTTTCTATTAGTAAAAAAA	1
808	807	3	GGTCTTTTCTATTAGTAAAAAAAA	1
809	808	3	GTCTTTTCTATTAGTAAAAAAAAT	1
810	809	3	TCTTTTCTATTAGTAAAAAAAATT	1
811	810	4	CTTTTCTATTAGTAAAAAAAATTA	1
812	811	4	TTTTCTATTAGTAAAAAAAATTAG	1
813	812	4	TTTCTATTAGTAAAAAAAATTAGT	1
814	813	4	TTCTATTAGTAAAAAAAATTAGTT	1
815	814	4	TCTATTAGTAAAAAAAATTAGTTT	1
816	815	4	CTATTAGTAAAAAAAATTAGTTTT	1
817	816	4	TATTAGTAAAAAAAATTAGTTTTC	1
818	817	3	ATTAGTAAAAAAAATTAGTTTTCC	1
819	818	2	TTAGTAAAAAAAATTAGTTTTCCT	1
820	819	1	TAGTAAAAAAAATTAGTTTTCCTT	1
821	820	1	AGTAAAAAAAATTAGTTTTCCTTG	1
822	821	1	GTAAAAAAAATTAGTTTTCCTTGA	1
823	822	1	TAAAAAAAATTAGTTTTCCTTGAA	1
824	823	1	AAAAAAAATTAGTTTTCCTTGAAA	1
825	824	1	AAAAAAATTAGTTTTCCTTGAAAA	1
826	825	1	AAAAAATTAGTTTTCCTTGAAAAA	1
827	826	1	AAAAATTAGTTTTCCTTGAAAAAA	1
828	827	1	AAAATTAGTTTTCCTTGAAAAAAA	1
829	164	10	AAGGCCACTGGTGAGATCGTTGCT	1
830	829	10	AGGCCACTGGTGAGATCGTTGCTA	1
831	830	10	GGCCACTGGTGAGATCGTTGCTAT	1
832	831	11	GCCACTGGTGAGATCGTTGCTATC	1
833	832	11	CCACTGGTGAGATCGTTGCTATCA	1
834	833	11	CACTGGTGAGATCGTTGCTATCAA	1
835	834	11	ACTGGTGAGATCGTTGCTATCAAT	1
836	835	10	CTGGTGAGATCGTTGCTATCAATG	1
837	836	10	TGGTGAGATCGTTGCTATCAATGA	1
838	837	10	GGTGAGATCGTTGCTATCAATGAG	1
839	838	10	GTGAGATCGTTGCTATCAATGAGA	1
840	839	10	TGAGATCGTTGCTATCAATGAGAT	1
841	840	10	GAGATCGTTGCTATCAATGAGATT	1
842	841	10	AGATCGTTGCTATCAATGAGATTT	1
843	842	10	GATCGTTGCTATCAATGAGATTTC	1
844	843	9	ATCGTTGCTATCAATGAGATTTCT	1
845	844	8	TCGTTGCTATCAATGAGATTTCTG	1
846	845	6	CGTTGCTATCAATGAGATTTCTGA	1
847	846	6	GTTGCTATCAATGAGATTTCTGAG	1
848	847	6	TTGCTATCAATGAGATTTCTGAGC	1
849	848	6	TGCTATCAATGAGATTTCTGAGCC	1
850	849	6	GCTATCAATGAGATTTCTGAGCCC	1
851	850	5	CTATCAATGAGATTTCTGAGCCCA	1
852	851	5	TATCAATGAGATTTCTGAGCCCAA	1
853	852	4	ATCAATGAGATTTCTGAGCCCAAG	1
854	853	3	TCAATGAGATTTCTGAGCCCAAGC	1
855	854	3	CAATGAGATTTCTGAGCCCAAGCC	1
856	855	3	AATGAGATTTCTGAGCCCAAGCCT	1
857	856	3	ATGAGATTTCTGAGCCCAAGCCTC	1
858	857	3	TGAGATTTCTGAGCCCAAGCCTCT	1
859	858	3	GAGATTTCTGAGCCCAAGCCTCTT	1
860	859	3	AGATTTCTGAGCCCAAGCCTCTTA	1
861	860	3	GATTTCTGAGCCCAAGCCTCTTAA	1
862	861	4	ATTTCTGAGCCCAAGCCTCTTAAG	1
863	862	5	TTTCTGAGCCCAAGCCTCTTAAGG	1
864	863	5	TTCTGAGCCCAAGCCTCTTAAGGC	1
865	864	5	TCTGAGCCCAAGCCTCTTAAGGCC	1
866	865	5	CTGAGCCCAAGCCTCTTAAGGCCA	1
867	866	5	TGAGCCCAAGCCTCTTAAGGCCAA	1
868	867	5	GAGCCCAAGCCTCTTAAGGCCAAG	1
869	868	5	AGCCCAAGCCTCTTAAGGCCAAGG	1
870	869	5	GCCCAAGCCTCTTAAGGCCAAGGT	1
871	870	4	CCCAAGCCTCTTAAGGCCAAGGTC	1
872	871	4	CCAAGCCTCTTAAGGCCAAGGTCT	1
873	872	4	CAAGCCTCTTAAGGCCAAGGTCTT	1
874	873	4	AAGCCTCTTAAGGCCAAGGTCTTT	1
875	874	5	AGCCTCTTAAGGCCAAGGTCTTTG	1
876	875	4	GCCTCTTAAGGCCAAGGTCTTTGG	1
877	876	4	CCTCTTAAGGCCAAGGTCTTTGGT	1
878	877	4	CTCTTAAGGCCAAGGTCTTTGGTA	1
879	878	5	TCTTAAGGCCAAGGTCTTTGGTAT	1
880	879	5	CTTAAGGCCAAGGTCTTTGGTATC	1
881	880	5	TTAAGGCCAAGGTCTTTGGTATCT	1
882	881	5	TAAGGCCAAGGTCTTTGGTATCTG	1
883	882	7	AAGGCCAAGGTCTTTGGTATCTGG	1
884	883	7	AGGCCAAGGTCTTTGGTATCTGGA	1
885	884	8	GGCCAAGGTCTTTGGTATCTGGAT	1
886	885	8	GCCAAGGTCTTTGGTATCTGGATT	1
887	886	9	CCAAGGTCTTTGGTATCTGGATTC	1
888	887	9	CAAGGTCTTTGGTATCTGGATTCG	1
889	888	9	AAGGTCTTTGGTATCTGGATTCGT	1
890	889	9	AGGTCTTTGGTATCTGGATTCGTT	1
891	890	10	GGTCTTTGGTATCTGGATTCGTTA	1
892	891	11	GTCTTTGGTATCTGGATTCGTTAT	1
893	892	11	TCTTTGGTATCTGGATTCGTTATG	1
894	893	11	CTTTGGTATCTGGATTCGTTATGA	1
895	894	11	TTTGGTATCTGGATTCGTTATGAC	1
896	895	10	TTGGTATCTGGATTCGTTATGACT	1
897	896	10	TGGTATCTGGATTCGTTATGACTC	1
