Component 693
1	-1	0	CTCTATACTACAAAATGGGAAAAC	1
2	1	3	TCTATACTACAAAATGGGAAAACC	1
3	2	3	CTATACTACAAAATGGGAAAACCC	1
4	3	4	TATACTACAAAATGGGAAAACCCG	1
5	4	4	ATACTACAAAATGGGAAAACCCGC	1
6	5	4	TACTACAAAATGGGAAAACCCGCA	1
7	6	4	ACTACAAAATGGGAAAACCCGCAG	1
8	7	4	CTACAAAATGGGAAAACCCGCAGG	1
9	8	4	TACAAAATGGGAAAACCCGCAGGA	1
10	9	4	ACAAAATGGGAAAACCCGCAGGAT	1
11	10	5	CAAAATGGGAAAACCCGCAGGATT	1
12	11	11	AAAATGGGAAAACCCGCAGGATTG	1
13	12	11	AAATGGGAAAACCCGCAGGATTGA	1
14	13	11	AATGGGAAAACCCGCAGGATTGAA	1
15	14	11	ATGGGAAAACCCGCAGGATTGAAC	1
16	15	11	TGGGAAAACCCGCAGGATTGAACG	1
17	16	13	GGGAAAACCCGCAGGATTGAACGC	1
18	17	13	GGAAAACCCGCAGGATTGAACGCC	1
19	18	15	GAAAACCCGCAGGATTGAACGCCG	1
20	19	16	AAAACCCGCAGGATTGAACGCCGC	1
21	20	17	AAACCCGCAGGATTGAACGCCGCT	1
22	21	17	AACCCGCAGGATTGAACGCCGCTC	1
23	22	17	ACCCGCAGGATTGAACGCCGCTCG	1
24	23	17	CCCGCAGGATTGAACGCCGCTCGT	1
25	24	17	CCGCAGGATTGAACGCCGCTCGTA	1
26	25	17	CGCAGGATTGAACGCCGCTCGTAA	1
27	26	18	GCAGGATTGAACGCCGCTCGTAAG	1
28	27	23	CAGGATTGAACGCCGCTCGTAAGC	1
29	28	24	AGGATTGAACGCCGCTCGTAAGCT	1
30	29	24	GGATTGAACGCCGCTCGTAAGCTT	1
31	30	24	GATTGAACGCCGCTCGTAAGCTTC	1
32	31	24	ATTGAACGCCGCTCGTAAGCTTCG	1
33	32	23	TTGAACGCCGCTCGTAAGCTTCGC	1
34	33	23	TGAACGCCGCTCGTAAGCTTCGCA	1
35	34	23	GAACGCCGCTCGTAAGCTTCGCAA	1
36	35	23	AACGCCGCTCGTAAGCTTCGCAAT	1
37	36	24	ACGCCGCTCGTAAGCTTCGCAATC	1
38	37	24	CGCCGCTCGTAAGCTTCGCAATCA	1
39	38	24	GCCGCTCGTAAGCTTCGCAATCAT	1
40	39	24	CCGCTCGTAAGCTTCGCAATCATC	1
41	40	24	CGCTCGTAAGCTTCGCAATCATCG	1
42	41	24	GCTCGTAAGCTTCGCAATCATCGC	1
43	42	24	CTCGTAAGCTTCGCAATCATCGCC	1
44	43	24	TCGTAAGCTTCGCAATCATCGCCG	1
45	44	24	CGTAAGCTTCGCAATCATCGCCGT	1
46	45	21	GTAAGCTTCGCAATCATCGCCGTG	1
47	46	20	TAAGCTTCGCAATCATCGCCGTGA	1
48	47	19	AAGCTTCGCAATCATCGCCGTGAG	1
49	48	19	AGCTTCGCAATCATCGCCGTGAGG	1
50	49	18	GCTTCGCAATCATCGCCGTGAGGA	1
51	50	18	CTTCGCAATCATCGCCGTGAGGAG	1
52	51	18	TTCGCAATCATCGCCGTGAGGAGC	1
53	52	18	TCGCAATCATCGCCGTGAGGAGCG	1
54	53	18	CGCAATCATCGCCGTGAGGAGCGT	1
55	54	17	GCAATCATCGCCGTGAGGAGCGTT	1
56	55	12	CAATCATCGCCGTGAGGAGCGTTG	1
57	56	12	AATCATCGCCGTGAGGAGCGTTGG	1
58	57	13	ATCATCGCCGTGAGGAGCGTTGGG	1
59	58	14	TCATCGCCGTGAGGAGCGTTGGGC	1
60	59	14	CATCGCCGTGAGGAGCGTTGGGCC	1
61	60	12	ATCGCCGTGAGGAGCGTTGGGCCG	1
62	61	12	TCGCCGTGAGGAGCGTTGGGCCGA	1
63	62	10	CGCCGTGAGGAGCGTTGGGCCGAT	1
64	63	9	GCCGTGAGGAGCGTTGGGCCGATG	1
65	64	10	CCGTGAGGAGCGTTGGGCCGATGC	1
66	65	11	CGTGAGGAGCGTTGGGCCGATGCT	1
67	66	11	GTGAGGAGCGTTGGGCCGATGCTC	1
68	67	11	TGAGGAGCGTTGGGCCGATGCTCA	1
69	68	11	GAGGAGCGTTGGGCCGATGCTCAT	1
70	69	11	AGGAGCGTTGGGCCGATGCTCATT	1
71	70	10	GGAGCGTTGGGCCGATGCTCATTA	1
72	71	5	GAGCGTTGGGCCGATGCTCATTAC	1
73	72	4	AGCGTTGGGCCGATGCTCATTACA	1
74	73	4	GCGTTGGGCCGATGCTCATTACAA	1
75	74	4	CGTTGGGCCGATGCTCATTACAAG	1
76	75	4	GTTGGGCCGATGCTCATTACAAGA	1
77	76	4	TTGGGCCGATGCTCATTACAAGAA	1
78	77	4	TGGGCCGATGCTCATTACAAGAAG	1
79	78	4	GGGCCGATGCTCATTACAAGAAGC	1
80	79	4	GGCCGATGCTCATTACAAGAAGCG	1
81	80	5	GCCGATGCTCATTACAAGAAGCGC	1
82	81	5	CCGATGCTCATTACAAGAAGCGCT	1
83	82	5	CGATGCTCATTACAAGAAGCGCTT	1
84	83	5	GATGCTCATTACAAGAAGCGCTTA	1
85	84	4	ATGCTCATTACAAGAAGCGCTTAT	1
86	85	4	TGCTCATTACAAGAAGCGCTTATT	1
87	86	4	GCTCATTACAAGAAGCGCTTATTG	1
88	87	5	CTCATTACAAGAAGCGCTTATTGG	1
89	88	5	TCATTACAAGAAGCGCTTATTGGG	1
90	89	5	CATTACAAGAAGCGCTTATTGGGA	1
91	90	5	ATTACAAGAAGCGCTTATTGGGAA	1
92	91	5	TTACAAGAAGCGCTTATTGGGAAC	1
93	92	5	TACAAGAAGCGCTTATTGGGAACC	1
94	93	5	ACAAGAAGCGCTTATTGGGAACCG	1
95	94	5	CAAGAAGCGCTTATTGGGAACCGC	1
96	95	5	AAGAAGCGCTTATTGGGAACCGCT	1
97	96	5	AGAAGCGCTTATTGGGAACCGCTT	1
98	97	5	GAAGCGCTTATTGGGAACCGCTTA	1
99	98	5	AAGCGCTTATTGGGAACCGCTTAC	1
100	99	5	AGCGCTTATTGGGAACCGCTTACA	1
101	100	5	GCGCTTATTGGGAACCGCTTACAA	1
102	101	5	CGCTTATTGGGAACCGCTTACAAG	1
103	102	4	GCTTATTGGGAACCGCTTACAAGT	1
104	103	5	CTTATTGGGAACCGCTTACAAGTC	1
105	104	5	TTATTGGGAACCGCTTACAAGTCA	1
106	105	5	TATTGGGAACCGCTTACAAGTCAT	1
107	106	5	ATTGGGAACCGCTTACAAGTCATC	1
108	107	5	TTGGGAACCGCTTACAAGTCATCA	1
109	108	4	TGGGAACCGCTTACAAGTCATCAC	1
110	109	3	GGGAACCGCTTACAAGTCATCACC	1
111	110	3	GGAACCGCTTACAAGTCATCACCT	1
112	111	3	GAACCGCTTACAAGTCATCACCTT	1
113	112	3	AACCGCTTACAAGTCATCACCTTT	1
114	113	3	ACCGCTTACAAGTCATCACCTTTC	1
115	114	3	CCGCTTACAAGTCATCACCTTTCG	1
116	115	3	CGCTTACAAGTCATCACCTTTCGG	1
117	116	3	GCTTACAAGTCATCACCTTTCGGT	1
118	117	3	CTTACAAGTCATCACCTTTCGGTG	1
119	118	3	TTACAAGTCATCACCTTTCGGTGG	1
120	119	3	TACAAGTCATCACCTTTCGGTGGA	1
121	120	3	ACAAGTCATCACCTTTCGGTGGAT	1
122	121	3	CAAGTCATCACCTTTCGGTGGATC	1
123	122	3	AAGTCATCACCTTTCGGTGGATCG	1
124	123	4	AGTCATCACCTTTCGGTGGATCGT	1
125	124	3	GTCATCACCTTTCGGTGGATCGTC	1
126	125	3	TCATCACCTTTCGGTGGATCGTCT	1
127	126	3	CATCACCTTTCGGTGGATCGTCTC	1
128	127	3	ATCACCTTTCGGTGGATCGTCTCA	1
129	128	3	TCACCTTTCGGTGGATCGTCTCAT	1
130	129	3	CACCTTTCGGTGGATCGTCTCATG	1
131	130	3	ACCTTTCGGTGGATCGTCTCATGC	1
132	131	2	CCTTTCGGTGGATCGTCTCATGCT	1
133	132	2	CTTTCGGTGGATCGTCTCATGCTA	1
134	133	3	TTTCGGTGGATCGTCTCATGCTAA	1
135	134	3	TTCGGTGGATCGTCTCATGCTAAG	1
136	135	3	TCGGTGGATCGTCTCATGCTAAGG	1
137	136	3	CGGTGGATCGTCTCATGCTAAGGG	1
138	137	3	GGTGGATCGTCTCATGCTAAGGGT	1
139	138	3	GTGGATCGTCTCATGCTAAGGGTA	1
140	139	3	TGGATCGTCTCATGCTAAGGGTAT	1
141	140	3	GGATCGTCTCATGCTAAGGGTATC	1
142	141	3	GATCGTCTCATGCTAAGGGTATCG	1
143	142	3	ATCGTCTCATGCTAAGGGTATCGT	1
144	143	3	TCGTCTCATGCTAAGGGTATCGTT	1
145	144	3	CGTCTCATGCTAAGGGTATCGTTG	1
146	145	3	GTCTCATGCTAAGGGTATCGTTGT	1
147	146	3	TCTCATGCTAAGGGTATCGTTGTC	1
148	147	2	CTCATGCTAAGGGTATCGTTGTCG	1
149	148	2	TCATGCTAAGGGTATCGTTGTCGA	1
150	149	2	CATGCTAAGGGTATCGTTGTCGAA	1
151	150	2	ATGCTAAGGGTATCGTTGTCGAAA	1
152	151	2	TGCTAAGGGTATCGTTGTCGAAAA	1
153	152	2	GCTAAGGGTATCGTTGTCGAAAAG	1
154	153	2	CTAAGGGTATCGTTGTCGAAAAGA	1
155	154	2	TAAGGGTATCGTTGTCGAAAAGAT	1
156	155	2	AAGGGTATCGTTGTCGAAAAGATT	1
157	156	2	AGGGTATCGTTGTCGAAAAGATTG	1
158	157	3	GGGTATCGTTGTCGAAAAGATTGG	1
159	158	3	GGTATCGTTGTCGAAAAGATTGGT	1
160	159	3	GTATCGTTGTCGAAAAGATTGGTG	1
161	160	3	TATCGTTGTCGAAAAGATTGGTGT	1
162	161	3	ATCGTTGTCGAAAAGATTGGTGTA	1
163	162	3	TCGTTGTCGAAAAGATTGGTGTAG	1
164	163	3	CGTTGTCGAAAAGATTGGTGTAGA	1
165	164	3	GTTGTCGAAAAGATTGGTGTAGAA	1
166	165	5	TTGTCGAAAAGATTGGTGTAGAAG	1
167	166	5	TGTCGAAAAGATTGGTGTAGAAGC	1
168	167	4	GTCGAAAAGATTGGTGTAGAAGCT	1
169	168	4	TCGAAAAGATTGGTGTAGAAGCTA	1
170	169	5	CGAAAAGATTGGTGTAGAAGCTAA	1
171	170	5	GAAAAGATTGGTGTAGAAGCTAAG	1
172	171	6	AAAAGATTGGTGTAGAAGCTAAGC	1
173	172	6	AAAGATTGGTGTAGAAGCTAAGCA	1
174	173	6	AAGATTGGTGTAGAAGCTAAGCAA	1
175	174	6	AGATTGGTGTAGAAGCTAAGCAAC	1
176	175	6	GATTGGTGTAGAAGCTAAGCAACC	1
177	176	6	ATTGGTGTAGAAGCTAAGCAACCT	1
178	177	5	TTGGTGTAGAAGCTAAGCAACCTA	1
179	178	5	TGGTGTAGAAGCTAAGCAACCTAA	1
180	179	5	GGTGTAGAAGCTAAGCAACCTAAC	1
181	180	5	GTGTAGAAGCTAAGCAACCTAACT	1
182	181	5	TGTAGAAGCTAAGCAACCTAACTC	1
183	182	5	GTAGAAGCTAAGCAACCTAACTCT	1
184	183	5	TAGAAGCTAAGCAACCTAACTCTG	1
185	184	5	AGAAGCTAAGCAACCTAACTCTGC	1
186	185	5	GAAGCTAAGCAACCTAACTCTGCT	1
187	186	5	AAGCTAAGCAACCTAACTCTGCTA	1
188	187	5	AGCTAAGCAACCTAACTCTGCTAT	1
189	188	5	GCTAAGCAACCTAACTCTGCTATT	1
190	189	5	CTAAGCAACCTAACTCTGCTATTC	1
191	190	5	TAAGCAACCTAACTCTGCTATTCG	1
192	191	5	AAGCAACCTAACTCTGCTATTCGT	1
193	192	7	AGCAACCTAACTCTGCTATTCGTA	1
194	193	7	GCAACCTAACTCTGCTATTCGTAA	1
195	194	7	CAACCTAACTCTGCTATTCGTAAA	1
196	195	7	AACCTAACTCTGCTATTCGTAAAT	1
197	196	7	ACCTAACTCTGCTATTCGTAAATG	1
198	197	7	CCTAACTCTGCTATTCGTAAATGT	1
199	198	7	CTAACTCTGCTATTCGTAAATGTG	1
200	199	8	TAACTCTGCTATTCGTAAATGTGT	1
201	200	10	AACTCTGCTATTCGTAAATGTGTT	1
202	201	11	ACTCTGCTATTCGTAAATGTGTTC	1
203	202	15	CTCTGCTATTCGTAAATGTGTTCG	1
204	203	16	TCTGCTATTCGTAAATGTGTTCGT	1
205	204	17	CTGCTATTCGTAAATGTGTTCGTG	1
206	205	19	TGCTATTCGTAAATGTGTTCGTGT	1
207	206	21	GCTATTCGTAAATGTGTTCGTGTT	1
208	207	22	CTATTCGTAAATGTGTTCGTGTTC	1
209	208	22	TATTCGTAAATGTGTTCGTGTTCA	1
210	209	20	ATTCGTAAATGTGTTCGTGTTCAG	1
211	210	20	TTCGTAAATGTGTTCGTGTTCAGT	1
212	211	20	TCGTAAATGTGTTCGTGTTCAGTT	1
213	212	20	CGTAAATGTGTTCGTGTTCAGTTG	1
214	213	19	GTAAATGTGTTCGTGTTCAGTTGA	1
215	214	19	TAAATGTGTTCGTGTTCAGTTGAT	1
216	215	18	AAATGTGTTCGTGTTCAGTTGATC	1
217	216	18	AATGTGTTCGTGTTCAGTTGATCA	1
218	217	18	ATGTGTTCGTGTTCAGTTGATCAA	1
219	218	18	TGTGTTCGTGTTCAGTTGATCAAG	1
220	219	18	GTGTTCGTGTTCAGTTGATCAAGA	1
221	220	18	TGTTCGTGTTCAGTTGATCAAGAA	1
222	221	18	GTTCGTGTTCAGTTGATCAAGAAT	1
223	222	18	TTCGTGTTCAGTTGATCAAGAATG	1
224	223	18	TCGTGTTCAGTTGATCAAGAATGG	1
225	224	18	CGTGTTCAGTTGATCAAGAATGGT	1
226	225	18	GTGTTCAGTTGATCAAGAATGGTA	1
227	226	18	TGTTCAGTTGATCAAGAATGGTAA	1
228	227	18	GTTCAGTTGATCAAGAATGGTAAG	1
229	228	18	TTCAGTTGATCAAGAATGGTAAGA	1
230	229	18	TCAGTTGATCAAGAATGGTAAGAA	1
231	230	18	CAGTTGATCAAGAATGGTAAGAAA	1
232	231	18	AGTTGATCAAGAATGGTAAGAAAG	1
233	232	18	GTTGATCAAGAATGGTAAGAAAGT	1
234	233	18	TTGATCAAGAATGGTAAGAAAGTT	1
235	234	18	TGATCAAGAATGGTAAGAAAGTTA	1
236	235	17	GATCAAGAATGGTAAGAAAGTTAC	1
237	236	15	ATCAAGAATGGTAAGAAAGTTACC	1
238	237	16	TCAAGAATGGTAAGAAAGTTACCG	1
239	238	16	CAAGAATGGTAAGAAAGTTACCGC	1
240	239	16	AAGAATGGTAAGAAAGTTACCGCT	1
241	240	16	AGAATGGTAAGAAAGTTACCGCTT	1
242	241	16	GAATGGTAAGAAAGTTACCGCTTT	1
243	242	16	AATGGTAAGAAAGTTACCGCTTTC	1
244	243	15	ATGGTAAGAAAGTTACCGCTTTCG	1
245	244	13	TGGTAAGAAAGTTACCGCTTTCGT	1
246	245	11	GGTAAGAAAGTTACCGCTTTCGTT	1
247	246	8	GTAAGAAAGTTACCGCTTTCGTTC	1
248	247	7	TAAGAAAGTTACCGCTTTCGTTCC	1
249	248	5	AAGAAAGTTACCGCTTTCGTTCCC	1
250	249	3	AGAAAGTTACCGCTTTCGTTCCCC	1
251	250	1	GAAAGTTACCGCTTTCGTTCCCCA	1
252	-1	0	CGCTTGTTGGGCACTGCTTATAAG	1
253	252	1	GCTTGTTGGGCACTGCTTATAAGT	1
254	253	1	CTTGTTGGGCACTGCTTATAAGTC	1
255	254	1	TTGTTGGGCACTGCTTATAAGTCA	1
256	255	1	TGTTGGGCACTGCTTATAAGTCAT	1
257	256	1	GTTGGGCACTGCTTATAAGTCATC	1
258	257	1	TTGGGCACTGCTTATAAGTCATCT	1
259	258	1	TGGGCACTGCTTATAAGTCATCTC	1
260	259	1	GGGCACTGCTTATAAGTCATCTCC	1
261	260	1	GGCACTGCTTATAAGTCATCTCCC	1
262	261	1	GCACTGCTTATAAGTCATCTCCCT	1
263	262	1	CACTGCTTATAAGTCATCTCCCTT	1
264	263	1	ACTGCTTATAAGTCATCTCCCTTC	1
265	264	1	CTGCTTATAAGTCATCTCCCTTCG	1
266	265	1	TGCTTATAAGTCATCTCCCTTCGG	1
267	266	1	GCTTATAAGTCATCTCCCTTCGGT	1
268	267	1	CTTATAAGTCATCTCCCTTCGGTG	1
269	268	1	TTATAAGTCATCTCCCTTCGGTGG	1
270	269	1	TATAAGTCATCTCCCTTCGGTGGC	1
271	270	1	ATAAGTCATCTCCCTTCGGTGGCT	1
272	271	1	TAAGTCATCTCCCTTCGGTGGCTC	1
273	272	1	AAGTCATCTCCCTTCGGTGGCTCC	1
274	273	1	AGTCATCTCCCTTCGGTGGCTCCT	1
275	274	1	GTCATCTCCCTTCGGTGGCTCCTC	1
276	275	1	TCATCTCCCTTCGGTGGCTCCTCT	1
277	276	1	CATCTCCCTTCGGTGGCTCCTCTC	1
278	277	1	ATCTCCCTTCGGTGGCTCCTCTCA	1
279	278	1	TCTCCCTTCGGTGGCTCCTCTCAC	1
280	279	1	CTCCCTTCGGTGGCTCCTCTCACG	1
281	280	1	TCCCTTCGGTGGCTCCTCTCACGC	1
282	281	1	CCCTTCGGTGGCTCCTCTCACGCC	1
283	282	1	CCTTCGGTGGCTCCTCTCACGCCA	1
284	283	1	CTTCGGTGGCTCCTCTCACGCCAA	1
285	284	1	TTCGGTGGCTCCTCTCACGCCAAA	1
286	285	1	TCGGTGGCTCCTCTCACGCCAAAG	1
287	286	1	CGGTGGCTCCTCTCACGCCAAAGG	1
288	287	1	GGTGGCTCCTCTCACGCCAAAGGA	1
289	288	1	GTGGCTCCTCTCACGCCAAAGGAA	1
290	289	1	TGGCTCCTCTCACGCCAAAGGAAT	1
291	290	1	GGCTCCTCTCACGCCAAAGGAATT	1
292	291	1	GCTCCTCTCACGCCAAAGGAATTG	1
293	292	1	CTCCTCTCACGCCAAAGGAATTGT	1
294	293	2	TCCTCTCACGCCAAAGGAATTGTC	1
295	294	2	CCTCTCACGCCAAAGGAATTGTCG	1
296	295	2	CTCTCACGCCAAAGGAATTGTCGT	1
297	296	1	TCTCACGCCAAAGGAATTGTCGTT	1
298	297	1	CTCACGCCAAAGGAATTGTCGTTG	1
299	298	1	TCACGCCAAAGGAATTGTCGTTGA	1
300	299	1	CACGCCAAAGGAATTGTCGTTGAA	1
301	300	1	ACGCCAAAGGAATTGTCGTTGAAA	1
302	301	1	CGCCAAAGGAATTGTCGTTGAAAA	1
303	302	1	GCCAAAGGAATTGTCGTTGAAAAA	1
304	303	1	CCAAAGGAATTGTCGTTGAAAAAA	1
305	304	1	CAAAGGAATTGTCGTTGAAAAAAT	1
306	305	1	AAAGGAATTGTCGTTGAAAAAATC	1
307	306	1	AAGGAATTGTCGTTGAAAAAATCG	1
308	307	1	AGGAATTGTCGTTGAAAAAATCGG	1
309	308	1	GGAATTGTCGTTGAAAAAATCGGT	1
310	309	1	GAATTGTCGTTGAAAAAATCGGTG	1
311	310	1	AATTGTCGTTGAAAAAATCGGTGT	1
312	311	1	ATTGTCGTTGAAAAAATCGGTGTT	1
313	312	1	TTGTCGTTGAAAAAATCGGTGTTG	1
314	313	1	TGTCGTTGAAAAAATCGGTGTTGA	1
315	314	1	GTCGTTGAAAAAATCGGTGTTGAA	1
316	315	1	TCGTTGAAAAAATCGGTGTTGAAG	1
317	316	1	CGTTGAAAAAATCGGTGTTGAAGC	1
318	317	1	GTTGAAAAAATCGGTGTTGAAGCT	1
319	318	1	TTGAAAAAATCGGTGTTGAAGCTA	1
320	319	1	TGAAAAAATCGGTGTTGAAGCTAA	1
321	320	1	GAAAAAATCGGTGTTGAAGCTAAG	1
322	321	1	AAAAAATCGGTGTTGAAGCTAAGC	1
323	322	1	AAAAATCGGTGTTGAAGCTAAGCA	1
324	323	1	AAAATCGGTGTTGAAGCTAAGCAA	1
325	324	1	AAATCGGTGTTGAAGCTAAGCAAC	1
326	325	1	AATCGGTGTTGAAGCTAAGCAACC	1
327	326	1	ATCGGTGTTGAAGCTAAGCAACCT	1
328	327	1	TCGGTGTTGAAGCTAAGCAACCTA	1
329	328	1	CGGTGTTGAAGCTAAGCAACCTAA	1
330	329	2	GGTGTTGAAGCTAAGCAACCTAAC	1
331	330	3	GTGTTGAAGCTAAGCAACCTAACT	1
332	331	5	TGTTGAAGCTAAGCAACCTAACTC	1
333	332	5	GTTGAAGCTAAGCAACCTAACTCT	1
334	333	5	TTGAAGCTAAGCAACCTAACTCTG	1
335	334	5	TGAAGCTAAGCAACCTAACTCTGC	1
336	335	5	GAAGCTAAGCAACCTAACTCTGCC	1
337	336	4	AAGCTAAGCAACCTAACTCTGCCA	1
338	337	4	AGCTAAGCAACCTAACTCTGCCAT	1
339	338	4	GCTAAGCAACCTAACTCTGCCATT	1
340	339	4	CTAAGCAACCTAACTCTGCCATTC	1
341	340	3	TAAGCAACCTAACTCTGCCATTCG	1
342	341	3	AAGCAACCTAACTCTGCCATTCGT	1
343	342	3	AGCAACCTAACTCTGCCATTCGTA	1
344	343	3	GCAACCTAACTCTGCCATTCGTAA	1
345	344	3	CAACCTAACTCTGCCATTCGTAAA	1
346	345	3	AACCTAACTCTGCCATTCGTAAAT	1
347	346	3	ACCTAACTCTGCCATTCGTAAATG	1
348	347	3	CCTAACTCTGCCATTCGTAAATGT	1
349	348	3	CTAACTCTGCCATTCGTAAATGTG	1
350	349	3	TAACTCTGCCATTCGTAAATGTGT	1
351	350	3	AACTCTGCCATTCGTAAATGTGTG	1
352	351	3	ACTCTGCCATTCGTAAATGTGTGC	1
353	352	6	CTCTGCCATTCGTAAATGTGTGCG	1
354	353	6	TCTGCCATTCGTAAATGTGTGCGT	1
355	354	7	CTGCCATTCGTAAATGTGTGCGTG	1
356	355	8	TGCCATTCGTAAATGTGTGCGTGT	1
357	356	9	GCCATTCGTAAATGTGTGCGTGTT	1
358	357	9	CCATTCGTAAATGTGTGCGTGTTC	1
359	358	9	CATTCGTAAATGTGTGCGTGTTCA	1
360	359	9	ATTCGTAAATGTGTGCGTGTTCAA	1
361	360	9	TTCGTAAATGTGTGCGTGTTCAAT	1
362	361	9	TCGTAAATGTGTGCGTGTTCAATT	1
363	362	9	CGTAAATGTGTGCGTGTTCAATTG	1
364	363	9	GTAAATGTGTGCGTGTTCAATTGA	1
365	364	9	TAAATGTGTGCGTGTTCAATTGAT	1
366	365	10	AAATGTGTGCGTGTTCAATTGATC	1
367	366	10	AATGTGTGCGTGTTCAATTGATCA	1
368	367	10	ATGTGTGCGTGTTCAATTGATCAA	1
369	368	10	TGTGTGCGTGTTCAATTGATCAAG	1
370	369	10	GTGTGCGTGTTCAATTGATCAAGA	1
371	370	10	TGTGCGTGTTCAATTGATCAAGAA	1
372	371	10	GTGCGTGTTCAATTGATCAAGAAC	1
373	372	10	TGCGTGTTCAATTGATCAAGAACG	1
374	373	8	GCGTGTTCAATTGATCAAGAACGG	1
375	374	7	CGTGTTCAATTGATCAAGAACGGA	1
376	375	6	GTGTTCAATTGATCAAGAACGGAA	1
377	376	6	TGTTCAATTGATCAAGAACGGAAA	1
378	377	6	GTTCAATTGATCAAGAACGGAAAG	1
379	378	6	TTCAATTGATCAAGAACGGAAAGA	1
380	379	6	TCAATTGATCAAGAACGGAAAGAA	1
381	380	6	CAATTGATCAAGAACGGAAAGAAA	1
382	381	6	AATTGATCAAGAACGGAAAGAAAG	1
383	382	6	ATTGATCAAGAACGGAAAGAAAGT	1
384	383	6	TTGATCAAGAACGGAAAGAAAGTT	1
385	384	6	TGATCAAGAACGGAAAGAAAGTTA	1
386	385	6	GATCAAGAACGGAAAGAAAGTTAC	1
387	386	6	ATCAAGAACGGAAAGAAAGTTACA	1
388	387	6	TCAAGAACGGAAAGAAAGTTACAG	1
389	388	6	CAAGAACGGAAAGAAAGTTACAGC	1
390	389	6	AAGAACGGAAAGAAAGTTACAGCT	1
391	390	6	AGAACGGAAAGAAAGTTACAGCTT	1
392	391	6	GAACGGAAAGAAAGTTACAGCTTT	1
393	392	6	AACGGAAAGAAAGTTACAGCTTTC	1
394	393	6	ACGGAAAGAAAGTTACAGCTTTCG	1
395	394	6	CGGAAAGAAAGTTACAGCTTTCGT	1
396	395	6	GGAAAGAAAGTTACAGCTTTCGTC	1
397	396	3	GAAAGAAAGTTACAGCTTTCGTCC	1
398	397	3	AAAGAAAGTTACAGCTTTCGTCCC	1
399	398	2	AAGAAAGTTACAGCTTTCGTCCCC	1
400	399	1	AGAAAGTTACAGCTTTCGTCCCCC	1
401	496	7	TAAGGGCAAGGCTAAGGGTGATAT	1
402	401	3	AAGGGCAAGGCTAAGGGTGATATT	1
403	402	3	AGGGCAAGGCTAAGGGTGATATTC	1
404	403	3	GGGCAAGGCTAAGGGTGATATTCC	1
405	404	3	GGCAAGGCTAAGGGTGATATTCCC	1
406	405	3	GCAAGGCTAAGGGTGATATTCCCG	1
407	406	2	CAAGGCTAAGGGTGATATTCCCGG	1
408	407	2	AAGGCTAAGGGTGATATTCCCGGT	1
409	408	2	AGGCTAAGGGTGATATTCCCGGTG	1
410	409	3	GGCTAAGGGTGATATTCCCGGTGT	1
411	410	3	GCTAAGGGTGATATTCCCGGTGTC	1
412	411	3	CTAAGGGTGATATTCCCGGTGTCC	1
413	412	3	TAAGGGTGATATTCCCGGTGTCCG	1
414	413	3	AAGGGTGATATTCCCGGTGTCCGT	1
415	414	3	AGGGTGATATTCCCGGTGTCCGTT	1
416	415	3	GGGTGATATTCCCGGTGTCCGTTT	1
417	416	3	GGTGATATTCCCGGTGTCCGTTTC	1
418	417	2	GTGATATTCCCGGTGTCCGTTTCA	1
419	418	2	TGATATTCCCGGTGTCCGTTTCAA	1
420	419	1	GATATTCCCGGTGTCCGTTTCAAG	1
421	-1	0	CCGCTTTCGTTCCCCACGATGGTT	1
422	421	1	CGCTTTCGTTCCCCACGATGGTTG	1
423	422	1	GCTTTCGTTCCCCACGATGGTTGT	1
424	423	1	CTTTCGTTCCCCACGATGGTTGTC	1
425	424	1	TTTCGTTCCCCACGATGGTTGTCT	1
426	425	1	TTCGTTCCCCACGATGGTTGTCTC	1
427	426	1	TCGTTCCCCACGATGGTTGTCTCA	1
428	427	2	CGTTCCCCACGATGGTTGTCTCAA	1
429	428	3	GTTCCCCACGATGGTTGTCTCAAC	1
430	429	3	TTCCCCACGATGGTTGTCTCAACT	1
431	430	3	TCCCCACGATGGTTGTCTCAACTT	1
432	431	2	CCCCACGATGGTTGTCTCAACTTC	1
433	432	3	CCCACGATGGTTGTCTCAACTTCG	1
434	433	4	CCACGATGGTTGTCTCAACTTCGT	1
435	434	4	CACGATGGTTGTCTCAACTTCGTT	1
436	435	4	ACGATGGTTGTCTCAACTTCGTTG	1
437	436	4	CGATGGTTGTCTCAACTTCGTTGA	1
438	437	6	GATGGTTGTCTCAACTTCGTTGAT	1
439	438	7	ATGGTTGTCTCAACTTCGTTGATG	1
440	439	7	TGGTTGTCTCAACTTCGTTGATGA	1
441	440	7	GGTTGTCTCAACTTCGTTGATGAA	1
442	441	7	GTTGTCTCAACTTCGTTGATGAAA	1
443	442	7	TTGTCTCAACTTCGTTGATGAAAA	1
444	443	7	TGTCTCAACTTCGTTGATGAAAAC	1
445	444	7	GTCTCAACTTCGTTGATGAAAACG	1
446	445	7	TCTCAACTTCGTTGATGAAAACGA	1
447	446	8	CTCAACTTCGTTGATGAAAACGAC	1
448	447	8	TCAACTTCGTTGATGAAAACGACG	1
449	448	8	CAACTTCGTTGATGAAAACGACGA	1
450	449	8	AACTTCGTTGATGAAAACGACGAA	1
451	450	8	ACTTCGTTGATGAAAACGACGAAG	1
452	451	8	CTTCGTTGATGAAAACGACGAAGT	1
453	452	8	TTCGTTGATGAAAACGACGAAGTT	1
454	453	8	TCGTTGATGAAAACGACGAAGTTC	1
455	454	8	CGTTGATGAAAACGACGAAGTTCT	1
456	455	8	GTTGATGAAAACGACGAAGTTCTT	1
457	456	8	TTGATGAAAACGACGAAGTTCTTC	1
458	457	9	TGATGAAAACGACGAAGTTCTTCT	1
459	458	10	GATGAAAACGACGAAGTTCTTCTT	1
460	459	10	ATGAAAACGACGAAGTTCTTCTTT	1
461	460	10	TGAAAACGACGAAGTTCTTCTTTC	1
462	461	10	GAAAACGACGAAGTTCTTCTTTCT	1
463	462	10	AAAACGACGAAGTTCTTCTTTCTG	1
464	463	10	AAACGACGAAGTTCTTCTTTCTGG	1
465	464	10	AACGACGAAGTTCTTCTTTCTGGT	1
466	465	10	ACGACGAAGTTCTTCTTTCTGGTT	1
467	466	11	CGACGAAGTTCTTCTTTCTGGTTT	1
468	467	11	GACGAAGTTCTTCTTTCTGGTTTC	1
469	468	11	ACGAAGTTCTTCTTTCTGGTTTCG	1
470	469	11	CGAAGTTCTTCTTTCTGGTTTCGG	1
471	470	11	GAAGTTCTTCTTTCTGGTTTCGGT	1
472	471	10	AAGTTCTTCTTTCTGGTTTCGGTC	1
473	472	10	AGTTCTTCTTTCTGGTTTCGGTCG	1
474	473	10	GTTCTTCTTTCTGGTTTCGGTCGT	1
475	474	10	TTCTTCTTTCTGGTTTCGGTCGTA	1
476	475	10	TCTTCTTTCTGGTTTCGGTCGTAA	1
477	476	9	CTTCTTTCTGGTTTCGGTCGTAAG	1
478	477	8	TTCTTTCTGGTTTCGGTCGTAAGG	1
479	478	7	TCTTTCTGGTTTCGGTCGTAAGGG	1
480	479	6	CTTTCTGGTTTCGGTCGTAAGGGC	1
481	480	6	TTTCTGGTTTCGGTCGTAAGGGCA	1
482	481	5	TTCTGGTTTCGGTCGTAAGGGCAA	1
483	482	5	TCTGGTTTCGGTCGTAAGGGCAAG	1
483	742	5	TCTGGTTTCGGTCGTAAGGGCAAG	1
484	483	10	CTGGTTTCGGTCGTAAGGGCAAGG	1
485	484	10	TGGTTTCGGTCGTAAGGGCAAGGC	1
486	485	9	GGTTTCGGTCGTAAGGGCAAGGCT	1
487	486	9	GTTTCGGTCGTAAGGGCAAGGCTA	1
488	487	9	TTTCGGTCGTAAGGGCAAGGCTAA	1
489	488	9	TTCGGTCGTAAGGGCAAGGCTAAG	1
490	489	8	TCGGTCGTAAGGGCAAGGCTAAGG	1
491	490	7	CGGTCGTAAGGGCAAGGCTAAGGG	1
492	491	7	GGTCGTAAGGGCAAGGCTAAGGGT	1
493	492	7	GTCGTAAGGGCAAGGCTAAGGGTG	1
494	493	7	TCGTAAGGGCAAGGCTAAGGGTGA	1
495	494	7	CGTAAGGGCAAGGCTAAGGGTGAT	1
496	495	7	GTAAGGGCAAGGCTAAGGGTGATA	1
497	401	4	AAGGGCAAGGCTAAGGGTGATATC	1
498	497	4	AGGGCAAGGCTAAGGGTGATATCC	1
499	498	4	GGGCAAGGCTAAGGGTGATATCCC	1
500	499	3	GGCAAGGCTAAGGGTGATATCCCA	1
501	500	3	GCAAGGCTAAGGGTGATATCCCAG	1
502	501	2	CAAGGCTAAGGGTGATATCCCAGG	1
503	502	2	AAGGCTAAGGGTGATATCCCAGGT	1
504	503	2	AGGCTAAGGGTGATATCCCAGGTG	1
505	504	2	GGCTAAGGGTGATATCCCAGGTGT	1
506	505	2	GCTAAGGGTGATATCCCAGGTGTT	1
507	506	2	CTAAGGGTGATATCCCAGGTGTTC	1
508	507	2	TAAGGGTGATATCCCAGGTGTTCG	1
509	508	2	AAGGGTGATATCCCAGGTGTTCGT	1
510	509	2	AGGGTGATATCCCAGGTGTTCGTT	1
511	510	2	GGGTGATATCCCAGGTGTTCGTTT	1
512	511	2	GGTGATATCCCAGGTGTTCGTTTC	1
513	512	1	GTGATATCCCAGGTGTTCGTTTCA	1
514	513	1	TGATATCCCAGGTGTTCGTTTCAA	1
515	514	1	GATATCCCAGGTGTTCGTTTCAAG	1
516	515	1	ATATCCCAGGTGTTCGTTTCAAGG	1
517	516	1	TATCCCAGGTGTTCGTTTCAAGGT	1
518	517	1	ATCCCAGGTGTTCGTTTCAAGGTC	1
519	518	1	TCCCAGGTGTTCGTTTCAAGGTCG	1
520	519	1	CCCAGGTGTTCGTTTCAAGGTCGT	1
521	520	1	CCAGGTGTTCGTTTCAAGGTCGTC	1
522	521	1	CAGGTGTTCGTTTCAAGGTCGTCA	1
523	522	1	AGGTGTTCGTTTCAAGGTCGTCAA	1
524	523	1	GGTGTTCGTTTCAAGGTCGTCAAG	1
525	524	1	GTGTTCGTTTCAAGGTCGTCAAGG	1
526	525	1	TGTTCGTTTCAAGGTCGTCAAGGT	1
527	526	1	GTTCGTTTCAAGGTCGTCAAGGTC	1
528	527	1	TTCGTTTCAAGGTCGTCAAGGTCG	1
529	528	1	TCGTTTCAAGGTCGTCAAGGTCGC	1
530	529	1	CGTTTCAAGGTCGTCAAGGTCGCT	1
531	530	1	GTTTCAAGGTCGTCAAGGTCGCTG	1
532	531	1	TTTCAAGGTCGTCAAGGTCGCTGG	1
533	532	1	TTCAAGGTCGTCAAGGTCGCTGGT	1
534	533	1	TCAAGGTCGTCAAGGTCGCTGGTG	1
535	534	1	CAAGGTCGTCAAGGTCGCTGGTGT	1
536	535	1	AAGGTCGTCAAGGTCGCTGGTGTC	1
537	536	1	AGGTCGTCAAGGTCGCTGGTGTCG	1
538	537	1	GGTCGTCAAGGTCGCTGGTGTCGG	1
539	538	1	GTCGTCAAGGTCGCTGGTGTCGGT	1
540	539	1	TCGTCAAGGTCGCTGGTGTCGGTC	1
541	540	2	CGTCAAGGTCGCTGGTGTCGGTCT	1
542	541	2	GTCAAGGTCGCTGGTGTCGGTCTC	1
543	542	2	TCAAGGTCGCTGGTGTCGGTCTCT	1
544	543	2	CAAGGTCGCTGGTGTCGGTCTCTC	1
545	544	3	AAGGTCGCTGGTGTCGGTCTCTCT	1
546	545	3	AGGTCGCTGGTGTCGGTCTCTCTG	1
547	546	2	GGTCGCTGGTGTCGGTCTCTCTGC	1
548	547	1	GTCGCTGGTGTCGGTCTCTCTGCC	1
549	548	1	TCGCTGGTGTCGGTCTCTCTGCCC	1
550	549	1	CGCTGGTGTCGGTCTCTCTGCCCT	1
551	550	1	GCTGGTGTCGGTCTCTCTGCCCTT	1
552	551	1	CTGGTGTCGGTCTCTCTGCCCTTT	1
553	552	1	TGGTGTCGGTCTCTCTGCCCTTTT	1
554	553	1	GGTGTCGGTCTCTCTGCCCTTTTC	1
555	554	1	GTGTCGGTCTCTCTGCCCTTTTCC	1
556	555	1	TGTCGGTCTCTCTGCCCTTTTCCA	1
557	556	1	GTCGGTCTCTCTGCCCTTTTCCAT	1
558	557	1	TCGGTCTCTCTGCCCTTTTCCATG	1
559	558	1	CGGTCTCTCTGCCCTTTTCCATGA	1
560	559	1	GGTCTCTCTGCCCTTTTCCATGAA	1
561	560	1	GTCTCTCTGCCCTTTTCCATGAAA	1
562	561	1	TCTCTCTGCCCTTTTCCATGAAAA	1
563	562	1	CTCTCTGCCCTTTTCCATGAAAAG	1
564	563	1	TCTCTGCCCTTTTCCATGAAAAGA	1
565	564	1	CTCTGCCCTTTTCCATGAAAAGAA	1
566	565	1	TCTGCCCTTTTCCATGAAAAGAAG	1
567	566	1	CTGCCCTTTTCCATGAAAAGAAGG	1
568	567	1	TGCCCTTTTCCATGAAAAGAAGGA	1
569	568	1	GCCCTTTTCCATGAAAAGAAGGAA	1
570	569	1	CCCTTTTCCATGAAAAGAAGGAAA	1
571	570	1	CCTTTTCCATGAAAAGAAGGAAAA	1
572	571	1	CTTTTCCATGAAAAGAAGGAAAAA	1
573	572	2	TTTTCCATGAAAAGAAGGAAAAAC	1
574	573	2	TTTCCATGAAAAGAAGGAAAAACC	1
575	574	2	TTCCATGAAAAGAAGGAAAAACCT	1
576	575	2	TCCATGAAAAGAAGGAAAAACCTA	1
577	576	2	CCATGAAAAGAAGGAAAAACCTAG	1
578	577	2	CATGAAAAGAAGGAAAAACCTAGA	1
579	578	2	ATGAAAAGAAGGAAAAACCTAGAG	1
580	579	2	TGAAAAGAAGGAAAAACCTAGAGC	1
581	580	2	GAAAAGAAGGAAAAACCTAGAGCT	1
582	581	2	AAAAGAAGGAAAAACCTAGAGCTT	1
583	582	2	AAAGAAGGAAAAACCTAGAGCTTA	1
584	583	2	AAGAAGGAAAAACCTAGAGCTTAA	1
585	584	1	AGAAGGAAAAACCTAGAGCTTAAG	1
586	585	1	GAAGGAAAAACCTAGAGCTTAAGA	1
587	586	1	AAGGAAAAACCTAGAGCTTAAGAA	1
588	587	1	AGGAAAAACCTAGAGCTTAAGAAT	1
589	588	1	GGAAAAACCTAGAGCTTAAGAATA	1
590	589	1	GAAAAACCTAGAGCTTAAGAATAG	1
591	590	1	AAAAACCTAGAGCTTAAGAATAGT	1
592	591	1	AAAACCTAGAGCTTAAGAATAGTA	1
593	592	1	AAACCTAGAGCTTAAGAATAGTAA	1
594	593	1	AACCTAGAGCTTAAGAATAGTAAT	1
595	594	1	ACCTAGAGCTTAAGAATAGTAATG	1
596	595	1	CCTAGAGCTTAAGAATAGTAATGC	1
597	596	1	CTAGAGCTTAAGAATAGTAATGCA	1
598	597	1	TAGAGCTTAAGAATAGTAATGCAT	1
599	598	1	AGAGCTTAAGAATAGTAATGCATT	1
600	599	1	GAGCTTAAGAATAGTAATGCATTT	1
601	600	1	AGCTTAAGAATAGTAATGCATTTG	1
602	601	1	GCTTAAGAATAGTAATGCATTTGG	1
603	602	1	CTTAAGAATAGTAATGCATTTGGT	1
604	603	1	TTAAGAATAGTAATGCATTTGGTC	1
605	604	1	TAAGAATAGTAATGCATTTGGTCA	1
606	605	1	AAGAATAGTAATGCATTTGGTCAT	1
607	606	1	AGAATAGTAATGCATTTGGTCATA	1
608	607	1	GAATAGTAATGCATTTGGTCATAG	1
609	608	1	AATAGTAATGCATTTGGTCATAGG	1
610	609	1	ATAGTAATGCATTTGGTCATAGGT	1
611	610	1	TAGTAATGCATTTGGTCATAGGTG	1
612	611	1	AGTAATGCATTTGGTCATAGGTGC	1
613	612	1	GTAATGCATTTGGTCATAGGTGCC	1
614	613	1	TAATGCATTTGGTCATAGGTGCCT	1
615	614	1	AATGCATTTGGTCATAGGTGCCTC	1
616	615	1	ATGCATTTGGTCATAGGTGCCTCA	1
617	-1	0	TATGGGTAAGCCCGCTGGATTGAA	1
618	617	1	ATGGGTAAGCCCGCTGGATTGAAC	1
619	618	1	TGGGTAAGCCCGCTGGATTGAACG	1
620	619	1	GGGTAAGCCCGCTGGATTGAACGC	1
621	620	1	GGTAAGCCCGCTGGATTGAACGCT	1
622	621	2	GTAAGCCCGCTGGATTGAACGCTG	1
623	622	3	TAAGCCCGCTGGATTGAACGCTGC	1
624	623	3	AAGCCCGCTGGATTGAACGCTGCT	1
625	624	3	AGCCCGCTGGATTGAACGCTGCTC	1
626	625	3	GCCCGCTGGATTGAACGCTGCTCG	1
627	626	3	CCCGCTGGATTGAACGCTGCTCGC	1
628	627	3	CCGCTGGATTGAACGCTGCTCGCA	1
629	628	4	CGCTGGATTGAACGCTGCTCGCAA	1
630	629	8	GCTGGATTGAACGCTGCTCGCAAA	1
631	630	15	CTGGATTGAACGCTGCTCGCAAAC	1
632	631	15	TGGATTGAACGCTGCTCGCAAACT	1
633	632	15	GGATTGAACGCTGCTCGCAAACTT	1
634	633	15	GATTGAACGCTGCTCGCAAACTTC	1
635	634	15	ATTGAACGCTGCTCGCAAACTTCG	1
636	635	15	TTGAACGCTGCTCGCAAACTTCGT	1
637	636	15	TGAACGCTGCTCGCAAACTTCGTA	1
638	637	15	GAACGCTGCTCGCAAACTTCGTAA	1
639	638	15	AACGCTGCTCGCAAACTTCGTAAC	1
640	639	15	ACGCTGCTCGCAAACTTCGTAACC	1
641	640	15	CGCTGCTCGCAAACTTCGTAACCA	1
642	641	15	GCTGCTCGCAAACTTCGTAACCAT	1
643	642	16	CTGCTCGCAAACTTCGTAACCATC	1
644	643	16	TGCTCGCAAACTTCGTAACCATCG	1
645	644	16	GCTCGCAAACTTCGTAACCATCGC	1
646	645	16	CTCGCAAACTTCGTAACCATCGCC	1
647	646	16	TCGCAAACTTCGTAACCATCGCCG	1
648	647	16	CGCAAACTTCGTAACCATCGCCGT	1
649	648	16	GCAAACTTCGTAACCATCGCCGTG	1
650	649	16	CAAACTTCGTAACCATCGCCGTGA	1
651	650	16	AAACTTCGTAACCATCGCCGTGAG	1
652	651	16	AACTTCGTAACCATCGCCGTGAGG	1
653	652	16	ACTTCGTAACCATCGCCGTGAGGA	1
654	653	16	CTTCGTAACCATCGCCGTGAGGAG	1
655	654	16	TTCGTAACCATCGCCGTGAGGAGC	1
656	655	16	TCGTAACCATCGCCGTGAGGAGCG	1
657	656	16	CGTAACCATCGCCGTGAGGAGCGT	1
658	657	16	GTAACCATCGCCGTGAGGAGCGTT	1
659	658	16	TAACCATCGCCGTGAGGAGCGTTG	1
660	659	16	AACCATCGCCGTGAGGAGCGTTGG	1
661	660	16	ACCATCGCCGTGAGGAGCGTTGGG	1
662	661	15	CCATCGCCGTGAGGAGCGTTGGGC	1
663	662	15	CATCGCCGTGAGGAGCGTTGGGCT	1
664	663	15	ATCGCCGTGAGGAGCGTTGGGCTG	1
665	664	14	TCGCCGTGAGGAGCGTTGGGCTGA	1
666	665	13	CGCCGTGAGGAGCGTTGGGCTGAC	1
667	666	13	GCCGTGAGGAGCGTTGGGCTGACG	1
668	667	13	CCGTGAGGAGCGTTGGGCTGACGC	1
669	668	13	CGTGAGGAGCGTTGGGCTGACGCT	1
670	669	13	GTGAGGAGCGTTGGGCTGACGCTC	1
671	670	13	TGAGGAGCGTTGGGCTGACGCTCA	1
672	671	13	GAGGAGCGTTGGGCTGACGCTCAT	1
673	672	11	AGGAGCGTTGGGCTGACGCTCATT	1
674	673	7	GGAGCGTTGGGCTGACGCTCATTA	1
675	-1	0	AAGTTACAGCTTTCGTCCCCCATG	1
676	675	1	AGTTACAGCTTTCGTCCCCCATGA	1
677	676	1	GTTACAGCTTTCGTCCCCCATGAC	1
678	677	1	TTACAGCTTTCGTCCCCCATGACG	1
679	678	1	TACAGCTTTCGTCCCCCATGACGG	1
680	679	1	ACAGCTTTCGTCCCCCATGACGGT	1
681	680	1	CAGCTTTCGTCCCCCATGACGGTT	1
682	681	1	AGCTTTCGTCCCCCATGACGGTTG	1
683	682	1	GCTTTCGTCCCCCATGACGGTTGT	1
684	683	1	CTTTCGTCCCCCATGACGGTTGTC	1
685	684	1	TTTCGTCCCCCATGACGGTTGTCT	1
686	685	1	TTCGTCCCCCATGACGGTTGTCTC	1
687	686	1	TCGTCCCCCATGACGGTTGTCTCA	1
688	687	1	CGTCCCCCATGACGGTTGTCTCAA	1
689	688	1	GTCCCCCATGACGGTTGTCTCAAC	1
690	689	1	TCCCCCATGACGGTTGTCTCAACT	1
691	690	1	CCCCCATGACGGTTGTCTCAACTT	1
692	691	1	CCCCATGACGGTTGTCTCAACTTT	1
693	692	1	CCCATGACGGTTGTCTCAACTTTG	1
694	693	1	CCATGACGGTTGTCTCAACTTTGT	1
695	694	1	CATGACGGTTGTCTCAACTTTGTC	1
696	695	1	ATGACGGTTGTCTCAACTTTGTCG	1
697	696	1	TGACGGTTGTCTCAACTTTGTCGA	1
698	697	2	GACGGTTGTCTCAACTTTGTCGAT	1
699	698	2	ACGGTTGTCTCAACTTTGTCGATG	1
700	699	2	CGGTTGTCTCAACTTTGTCGATGA	1
701	700	2	GGTTGTCTCAACTTTGTCGATGAG	1
702	701	3	GTTGTCTCAACTTTGTCGATGAGA	1
703	702	3	TTGTCTCAACTTTGTCGATGAGAA	1
704	703	3	TGTCTCAACTTTGTCGATGAGAAC	1
705	704	3	GTCTCAACTTTGTCGATGAGAACG	1
706	705	3	TCTCAACTTTGTCGATGAGAACGA	1
707	706	3	CTCAACTTTGTCGATGAGAACGAC	1
708	707	3	TCAACTTTGTCGATGAGAACGACG	1
709	708	3	CAACTTTGTCGATGAGAACGACGA	1
710	709	3	AACTTTGTCGATGAGAACGACGAG	1
711	710	3	ACTTTGTCGATGAGAACGACGAGG	1
712	711	3	CTTTGTCGATGAGAACGACGAGGT	1
713	712	3	TTTGTCGATGAGAACGACGAGGTT	1
714	713	3	TTGTCGATGAGAACGACGAGGTTC	1
715	714	3	TGTCGATGAGAACGACGAGGTTCT	1
716	715	3	GTCGATGAGAACGACGAGGTTCTT	1
717	716	3	TCGATGAGAACGACGAGGTTCTTC	1
718	717	4	CGATGAGAACGACGAGGTTCTTCT	1
719	718	5	GATGAGAACGACGAGGTTCTTCTC	1
720	719	5	ATGAGAACGACGAGGTTCTTCTCT	1
721	720	5	TGAGAACGACGAGGTTCTTCTCTC	1
722	721	5	GAGAACGACGAGGTTCTTCTCTCT	1
723	722	5	AGAACGACGAGGTTCTTCTCTCTG	1
724	723	5	GAACGACGAGGTTCTTCTCTCTGG	1
725	724	5	AACGACGAGGTTCTTCTCTCTGGT	1
726	725	5	ACGACGAGGTTCTTCTCTCTGGTT	1
727	726	5	CGACGAGGTTCTTCTCTCTGGTTT	1
728	727	5	GACGAGGTTCTTCTCTCTGGTTTC	1
729	728	5	ACGAGGTTCTTCTCTCTGGTTTCG	1
730	729	6	CGAGGTTCTTCTCTCTGGTTTCGG	1
731	730	6	GAGGTTCTTCTCTCTGGTTTCGGT	1
732	731	6	AGGTTCTTCTCTCTGGTTTCGGTC	1
733	732	6	GGTTCTTCTCTCTGGTTTCGGTCG	1
734	733	6	GTTCTTCTCTCTGGTTTCGGTCGT	1
735	734	6	TTCTTCTCTCTGGTTTCGGTCGTA	1
736	735	6	TCTTCTCTCTGGTTTCGGTCGTAA	1
737	736	6	CTTCTCTCTGGTTTCGGTCGTAAG	1
738	737	6	TTCTCTCTGGTTTCGGTCGTAAGG	1
739	738	6	TCTCTCTGGTTTCGGTCGTAAGGG	1
740	739	6	CTCTCTGGTTTCGGTCGTAAGGGC	1
741	740	6	TCTCTGGTTTCGGTCGTAAGGGCA	1
742	741	5	CTCTGGTTTCGGTCGTAAGGGCAA	1
