Component 694
1	-1	0	GTCTTCGAAATTGTTTTGTCTTCG	1
2	1	1	TCTTCGAAATTGTTTTGTCTTCGT	1
3	2	1	CTTCGAAATTGTTTTGTCTTCGTT	1
4	3	1	TTCGAAATTGTTTTGTCTTCGTTC	1
5	4	3	TCGAAATTGTTTTGTCTTCGTTCT	1
6	5	3	CGAAATTGTTTTGTCTTCGTTCTT	1
7	6	4	GAAATTGTTTTGTCTTCGTTCTTT	1
8	7	4	AAATTGTTTTGTCTTCGTTCTTTT	1
9	8	4	AATTGTTTTGTCTTCGTTCTTTTC	1
10	9	4	ATTGTTTTGTCTTCGTTCTTTTCC	1
11	10	4	TTGTTTTGTCTTCGTTCTTTTCCT	1
12	11	4	TGTTTTGTCTTCGTTCTTTTCCTT	1
13	12	4	GTTTTGTCTTCGTTCTTTTCCTTC	1
14	13	4	TTTTGTCTTCGTTCTTTTCCTTCT	1
15	14	4	TTTGTCTTCGTTCTTTTCCTTCTG	1
16	15	5	TTGTCTTCGTTCTTTTCCTTCTGT	1
17	16	5	TGTCTTCGTTCTTTTCCTTCTGTT	1
18	17	5	GTCTTCGTTCTTTTCCTTCTGTTC	1
19	18	5	TCTTCGTTCTTTTCCTTCTGTTCA	1
20	19	5	CTTCGTTCTTTTCCTTCTGTTCAG	1
21	20	5	TTCGTTCTTTTCCTTCTGTTCAGA	1
22	21	5	TCGTTCTTTTCCTTCTGTTCAGAG	1
23	22	5	CGTTCTTTTCCTTCTGTTCAGAGG	1
24	23	5	GTTCTTTTCCTTCTGTTCAGAGGA	1
25	24	5	TTCTTTTCCTTCTGTTCAGAGGAC	1
26	25	5	TCTTTTCCTTCTGTTCAGAGGACC	1
27	26	5	CTTTTCCTTCTGTTCAGAGGACCG	1
28	27	5	TTTTCCTTCTGTTCAGAGGACCGC	1
29	28	5	TTTCCTTCTGTTCAGAGGACCGCC	1
30	29	5	TTCCTTCTGTTCAGAGGACCGCCT	1
31	30	5	TCCTTCTGTTCAGAGGACCGCCTG	1
32	31	5	CCTTCTGTTCAGAGGACCGCCTGG	1
33	32	5	CTTCTGTTCAGAGGACCGCCTGGC	1
34	33	5	TTCTGTTCAGAGGACCGCCTGGCA	1
35	34	4	TCTGTTCAGAGGACCGCCTGGCAG	1
36	35	4	CTGTTCAGAGGACCGCCTGGCAGA	1
37	36	4	TGTTCAGAGGACCGCCTGGCAGAG	1
38	37	3	GTTCAGAGGACCGCCTGGCAGAGG	1
39	38	3	TTCAGAGGACCGCCTGGCAGAGGC	1
40	39	3	TCAGAGGACCGCCTGGCAGAGGCT	1
41	40	3	CAGAGGACCGCCTGGCAGAGGCTT	1
42	41	3	AGAGGACCGCCTGGCAGAGGCTTG	1
43	42	3	GAGGACCGCCTGGCAGAGGCTTGT	1
44	43	3	AGGACCGCCTGGCAGAGGCTTGTT	1
45	44	3	GGACCGCCTGGCAGAGGCTTGTTC	1
46	45	3	GACCGCCTGGCAGAGGCTTGTTCT	1
47	46	3	ACCGCCTGGCAGAGGCTTGTTCTG	1
48	47	3	CCGCCTGGCAGAGGCTTGTTCTGC	1
49	48	1	CGCCTGGCAGAGGCTTGTTCTGCC	1
50	49	1	GCCTGGCAGAGGCTTGTTCTGCCT	1
51	-1	0	CAGGTTGCTAGCCTTCAGGAAGTA	1
52	51	1	AGGTTGCTAGCCTTCAGGAAGTAG	1
53	52	1	GGTTGCTAGCCTTCAGGAAGTAGA	1
54	53	1	GTTGCTAGCCTTCAGGAAGTAGAG	1
55	54	1	TTGCTAGCCTTCAGGAAGTAGAGT	1
56	55	3	TGCTAGCCTTCAGGAAGTAGAGTC	1
57	56	3	GCTAGCCTTCAGGAAGTAGAGTCT	1
58	57	3	CTAGCCTTCAGGAAGTAGAGTCTG	1
59	58	4	TAGCCTTCAGGAAGTAGAGTCTGT	1
60	59	4	AGCCTTCAGGAAGTAGAGTCTGTA	1
61	60	4	GCCTTCAGGAAGTAGAGTCTGTAA	1
62	61	4	CCTTCAGGAAGTAGAGTCTGTAAC	1
63	62	4	CTTCAGGAAGTAGAGTCTGTAACT	1
64	63	4	TTCAGGAAGTAGAGTCTGTAACTC	1
65	64	4	TCAGGAAGTAGAGTCTGTAACTCA	1
66	65	4	CAGGAAGTAGAGTCTGTAACTCAG	1
67	66	5	AGGAAGTAGAGTCTGTAACTCAGG	1
68	67	5	GGAAGTAGAGTCTGTAACTCAGGC	1
69	68	5	GAAGTAGAGTCTGTAACTCAGGCT	1
70	69	5	AAGTAGAGTCTGTAACTCAGGCTC	1
71	70	5	AGTAGAGTCTGTAACTCAGGCTCT	1
72	71	5	GTAGAGTCTGTAACTCAGGCTCTA	1
73	72	5	TAGAGTCTGTAACTCAGGCTCTAT	1
74	73	5	AGAGTCTGTAACTCAGGCTCTATT	1
75	74	5	GAGTCTGTAACTCAGGCTCTATTC	1
76	75	5	AGTCTGTAACTCAGGCTCTATTCC	1
77	76	5	GTCTGTAACTCAGGCTCTATTCCA	1
78	77	5	TCTGTAACTCAGGCTCTATTCCAC	1
79	78	5	CTGTAACTCAGGCTCTATTCCACA	1
80	79	5	TGTAACTCAGGCTCTATTCCACAC	1
81	80	5	GTAACTCAGGCTCTATTCCACACT	1
82	81	5	TAACTCAGGCTCTATTCCACACTT	1
83	82	5	AACTCAGGCTCTATTCCACACTTC	1
84	83	5	ACTCAGGCTCTATTCCACACTTCG	1
85	84	5	CTCAGGCTCTATTCCACACTTCGA	1
86	85	5	TCAGGCTCTATTCCACACTTCGAA	1
87	86	5	CAGGCTCTATTCCACACTTCGAAA	1
88	87	5	AGGCTCTATTCCACACTTCGAAAG	1
89	88	5	GGCTCTATTCCACACTTCGAAAGA	1
90	89	5	GCTCTATTCCACACTTCGAAAGAA	1
91	90	5	CTCTATTCCACACTTCGAAAGAAA	1
92	91	5	TCTATTCCACACTTCGAAAGAAAC	1
93	92	5	CTATTCCACACTTCGAAAGAAACT	1
94	93	5	TATTCCACACTTCGAAAGAAACTG	1
95	94	5	ATTCCACACTTCGAAAGAAACTGC	1
96	95	4	TTCCACACTTCGAAAGAAACTGCC	1
97	96	4	TCCACACTTCGAAAGAAACTGCCC	1
98	97	4	CCACACTTCGAAAGAAACTGCCCG	1
99	98	4	CACACTTCGAAAGAAACTGCCCGT	1
100	99	2	ACACTTCGAAAGAAACTGCCCGTA	1
101	100	2	CACTTCGAAAGAAACTGCCCGTAT	1
102	101	2	ACTTCGAAAGAAACTGCCCGTATG	1
103	102	1	CTTCGAAAGAAACTGCCCGTATGG	1
104	103	1	TTCGAAAGAAACTGCCCGTATGGA	1
105	104	1	TCGAAAGAAACTGCCCGTATGGAG	1
106	105	1	CGAAAGAAACTGCCCGTATGGAGG	1
107	106	1	GAAAGAAACTGCCCGTATGGAGGC	1
108	107	1	AAAGAAACTGCCCGTATGGAGGCT	1
109	108	1	AAGAAACTGCCCGTATGGAGGCTG	1
110	109	1	AGAAACTGCCCGTATGGAGGCTGA	1
111	-1	0	CAAAAAGCAGCAAATATAATCAGC	1
112	111	1	AAAAAGCAGCAAATATAATCAGCT	1
113	112	1	AAAAGCAGCAAATATAATCAGCTC	1
114	113	1	AAAGCAGCAAATATAATCAGCTCT	1
115	114	1	AAGCAGCAAATATAATCAGCTCTG	1
116	115	1	AGCAGCAAATATAATCAGCTCTGT	1
117	116	1	GCAGCAAATATAATCAGCTCTGTT	1
118	117	1	CAGCAAATATAATCAGCTCTGTTC	1
119	118	1	AGCAAATATAATCAGCTCTGTTCC	1
120	119	1	GCAAATATAATCAGCTCTGTTCCT	1
121	120	1	CAAATATAATCAGCTCTGTTCCTT	1
122	121	1	AAATATAATCAGCTCTGTTCCTTC	1
123	122	1	AATATAATCAGCTCTGTTCCTTCT	1
124	123	1	ATATAATCAGCTCTGTTCCTTCTA	1
125	124	1	TATAATCAGCTCTGTTCCTTCTAC	1
126	125	1	ATAATCAGCTCTGTTCCTTCTACC	1
127	126	1	TAATCAGCTCTGTTCCTTCTACCT	1
128	127	1	AATCAGCTCTGTTCCTTCTACCTC	1
129	128	1	ATCAGCTCTGTTCCTTCTACCTCT	1
130	129	1	TCAGCTCTGTTCCTTCTACCTCTT	1
131	130	1	CAGCTCTGTTCCTTCTACCTCTTT	1
132	131	1	AGCTCTGTTCCTTCTACCTCTTTA	1
133	132	1	GCTCTGTTCCTTCTACCTCTTTAT	1
134	133	1	CTCTGTTCCTTCTACCTCTTTATT	1
135	134	1	TCTGTTCCTTCTACCTCTTTATTA	1
136	135	1	CTGTTCCTTCTACCTCTTTATTAA	1
137	136	1	TGTTCCTTCTACCTCTTTATTAAC	1
138	137	1	GTTCCTTCTACCTCTTTATTAACA	1
139	138	2	TTCCTTCTACCTCTTTATTAACAA	1
140	139	2	TCCTTCTACCTCTTTATTAACAAA	1
141	140	2	CCTTCTACCTCTTTATTAACAAAA	1
142	141	2	CTTCTACCTCTTTATTAACAAAAT	1
143	142	2	TTCTACCTCTTTATTAACAAAATC	1
144	143	2	TCTACCTCTTTATTAACAAAATCT	1
145	144	3	CTACCTCTTTATTAACAAAATCTG	1
146	145	3	TACCTCTTTATTAACAAAATCTGG	1
147	146	3	ACCTCTTTATTAACAAAATCTGGT	1
148	147	3	CCTCTTTATTAACAAAATCTGGTG	1
149	148	4	CTCTTTATTAACAAAATCTGGTGT	1
150	149	4	TCTTTATTAACAAAATCTGGTGTC	1
151	150	4	CTTTATTAACAAAATCTGGTGTCT	1
152	151	4	TTTATTAACAAAATCTGGTGTCTT	1
153	152	4	TTATTAACAAAATCTGGTGTCTTG	1
154	153	4	TATTAACAAAATCTGGTGTCTTGA	1
155	154	4	ATTAACAAAATCTGGTGTCTTGAC	1
156	155	3	TTAACAAAATCTGGTGTCTTGACT	1
157	156	3	TAACAAAATCTGGTGTCTTGACTG	1
158	157	3	AACAAAATCTGGTGTCTTGACTGT	1
159	158	3	ACAAAATCTGGTGTCTTGACTGTT	1
160	159	3	CAAAATCTGGTGTCTTGACTGTTA	1
161	160	4	AAAATCTGGTGTCTTGACTGTTAC	1
162	161	4	AAATCTGGTGTCTTGACTGTTACC	1
163	162	4	AATCTGGTGTCTTGACTGTTACCG	1
164	163	4	ATCTGGTGTCTTGACTGTTACCGC	1
165	164	4	TCTGGTGTCTTGACTGTTACCGCT	1
166	165	4	CTGGTGTCTTGACTGTTACCGCTG	1
167	166	4	TGGTGTCTTGACTGTTACCGCTGC	1
168	167	4	GGTGTCTTGACTGTTACCGCTGCT	1
169	168	4	GTGTCTTGACTGTTACCGCTGCTG	1
170	169	4	TGTCTTGACTGTTACCGCTGCTGC	1
171	170	4	GTCTTGACTGTTACCGCTGCTGCT	1
172	171	4	TCTTGACTGTTACCGCTGCTGCTC	1
173	172	4	CTTGACTGTTACCGCTGCTGCTCT	1
174	173	4	TTGACTGTTACCGCTGCTGCTCTT	1
175	174	4	TGACTGTTACCGCTGCTGCTCTTG	1
176	175	4	GACTGTTACCGCTGCTGCTCTTGC	1
177	176	4	ACTGTTACCGCTGCTGCTCTTGCT	1
178	177	4	CTGTTACCGCTGCTGCTCTTGCTA	1
179	178	4	TGTTACCGCTGCTGCTCTTGCTAC	1
180	179	3	GTTACCGCTGCTGCTCTTGCTACT	1
181	180	3	TTACCGCTGCTGCTCTTGCTACTG	1
182	181	3	TACCGCTGCTGCTCTTGCTACTGC	1
183	182	2	ACCGCTGCTGCTCTTGCTACTGCC	1
184	183	2	CCGCTGCTGCTCTTGCTACTGCCA	1
185	184	2	CGCTGCTGCTCTTGCTACTGCCAT	1
186	185	2	GCTGCTGCTCTTGCTACTGCCATA	1
187	186	2	CTGCTGCTCTTGCTACTGCCATAT	1
188	187	2	TGCTGCTCTTGCTACTGCCATATC	1
189	188	1	GCTGCTCTTGCTACTGCCATATCT	1
190	189	1	CTGCTCTTGCTACTGCCATATCTA	1
191	190	1	TGCTCTTGCTACTGCCATATCTAA	1
192	-1	0	CTAAATCAGTGTTGGATAGCTGGG	1
193	192	1	TAAATCAGTGTTGGATAGCTGGGT	1
194	193	1	AAATCAGTGTTGGATAGCTGGGTT	1
195	194	1	AATCAGTGTTGGATAGCTGGGTTC	1
196	195	1	ATCAGTGTTGGATAGCTGGGTTCA	1
197	196	1	TCAGTGTTGGATAGCTGGGTTCAT	1
198	197	1	CAGTGTTGGATAGCTGGGTTCATC	1
199	198	1	AGTGTTGGATAGCTGGGTTCATCA	1
200	199	1	GTGTTGGATAGCTGGGTTCATCAC	1
201	200	1	TGTTGGATAGCTGGGTTCATCACG	1
202	201	1	GTTGGATAGCTGGGTTCATCACGA	1
203	202	1	TTGGATAGCTGGGTTCATCACGAA	1
204	203	1	TGGATAGCTGGGTTCATCACGAAG	1
205	204	1	GGATAGCTGGGTTCATCACGAAGC	1
206	205	1	GATAGCTGGGTTCATCACGAAGCC	1
207	206	1	ATAGCTGGGTTCATCACGAAGCCA	1
208	207	1	TAGCTGGGTTCATCACGAAGCCAA	1
209	208	1	AGCTGGGTTCATCACGAAGCCAAC	1
210	209	1	GCTGGGTTCATCACGAAGCCAACG	1
211	210	1	CTGGGTTCATCACGAAGCCAACGT	1
212	211	1	TGGGTTCATCACGAAGCCAACGTT	1
213	212	1	GGGTTCATCACGAAGCCAACGTTC	1
214	213	1	GGTTCATCACGAAGCCAACGTTCG	1
215	214	1	GTTCATCACGAAGCCAACGTTCGC	1
216	215	1	TTCATCACGAAGCCAACGTTCGCG	1
217	216	1	TCATCACGAAGCCAACGTTCGCGC	1
218	217	1	CATCACGAAGCCAACGTTCGCGCT	1
219	218	1	ATCACGAAGCCAACGTTCGCGCTG	1
220	219	1	TCACGAAGCCAACGTTCGCGCTGA	1
221	220	1	CACGAAGCCAACGTTCGCGCTGAA	1
222	221	1	ACGAAGCCAACGTTCGCGCTGAAC	1
223	222	1	CGAAGCCAACGTTCGCGCTGAACA	1
224	223	1	GAAGCCAACGTTCGCGCTGAACAA	1
225	224	1	AAGCCAACGTTCGCGCTGAACAAC	1
226	225	1	AGCCAACGTTCGCGCTGAACAACA	1
227	226	1	GCCAACGTTCGCGCTGAACAACAG	1
228	227	1	CCAACGTTCGCGCTGAACAACAGG	1
229	228	1	CAACGTTCGCGCTGAACAACAGGA	1
230	229	1	AACGTTCGCGCTGAACAACAGGAA	1
231	230	1	ACGTTCGCGCTGAACAACAGGAAC	1
232	231	2	CGTTCGCGCTGAACAACAGGAACG	1
233	232	2	GTTCGCGCTGAACAACAGGAACGT	1
234	233	2	TTCGCGCTGAACAACAGGAACGTC	1
235	234	2	TCGCGCTGAACAACAGGAACGTCT	1
236	235	2	CGCGCTGAACAACAGGAACGTCTC	1
237	236	1	GCGCTGAACAACAGGAACGTCTCG	1
238	237	1	CGCTGAACAACAGGAACGTCTCGT	1
239	238	1	GCTGAACAACAGGAACGTCTCGTT	1
240	239	1	CTGAACAACAGGAACGTCTCGTTG	1
241	240	1	TGAACAACAGGAACGTCTCGTTGA	1
242	241	1	GAACAACAGGAACGTCTCGTTGAA	1
243	242	1	AACAACAGGAACGTCTCGTTGAAG	1
244	243	1	ACAACAGGAACGTCTCGTTGAAGA	1
245	244	1	CAACAGGAACGTCTCGTTGAAGAT	1
246	245	2	AACAGGAACGTCTCGTTGAAGATG	1
247	246	2	ACAGGAACGTCTCGTTGAAGATGT	1
248	247	2	CAGGAACGTCTCGTTGAAGATGTC	1
249	248	2	AGGAACGTCTCGTTGAAGATGTCT	1
250	249	2	GGAACGTCTCGTTGAAGATGTCTT	1
251	250	2	GAACGTCTCGTTGAAGATGTCTTG	1
252	251	2	AACGTCTCGTTGAAGATGTCTTGG	1
253	252	3	ACGTCTCGTTGAAGATGTCTTGGC	1
254	253	3	CGTCTCGTTGAAGATGTCTTGGCT	1
255	254	3	GTCTCGTTGAAGATGTCTTGGCTC	1
256	255	3	TCTCGTTGAAGATGTCTTGGCTCG	1
257	256	3	CTCGTTGAAGATGTCTTGGCTCGT	1
258	257	3	TCGTTGAAGATGTCTTGGCTCGTG	1
259	258	3	CGTTGAAGATGTCTTGGCTCGTGT	1
260	259	3	GTTGAAGATGTCTTGGCTCGTGTC	1
261	260	3	TTGAAGATGTCTTGGCTCGTGTCA	1
262	261	3	TGAAGATGTCTTGGCTCGTGTCAA	1
263	262	3	GAAGATGTCTTGGCTCGTGTCAAC	1
264	263	3	AAGATGTCTTGGCTCGTGTCAACA	1
265	264	3	AGATGTCTTGGCTCGTGTCAACAG	1
266	265	3	GATGTCTTGGCTCGTGTCAACAGC	1
267	266	3	ATGTCTTGGCTCGTGTCAACAGCA	1
268	267	3	TGTCTTGGCTCGTGTCAACAGCAA	1
269	268	3	GTCTTGGCTCGTGTCAACAGCAAA	1
270	269	3	TCTTGGCTCGTGTCAACAGCAAAG	1
271	270	3	CTTGGCTCGTGTCAACAGCAAAGT	1
272	271	4	TTGGCTCGTGTCAACAGCAAAGTT	1
273	272	4	TGGCTCGTGTCAACAGCAAAGTTT	1
274	273	4	GGCTCGTGTCAACAGCAAAGTTTC	1
275	274	4	GCTCGTGTCAACAGCAAAGTTTCT	1
276	275	3	CTCGTGTCAACAGCAAAGTTTCTA	1
277	276	3	TCGTGTCAACAGCAAAGTTTCTAC	1
278	277	3	CGTGTCAACAGCAAAGTTTCTACC	1
279	278	3	GTGTCAACAGCAAAGTTTCTACCC	1
280	279	3	TGTCAACAGCAAAGTTTCTACCCA	1
281	280	3	GTCAACAGCAAAGTTTCTACCCAA	1
282	281	2	TCAACAGCAAAGTTTCTACCCAAA	1
283	282	2	CAACAGCAAAGTTTCTACCCAAAA	1
284	283	2	AACAGCAAAGTTTCTACCCAAAAG	1
285	284	2	ACAGCAAAGTTTCTACCCAAAAGT	1
286	285	2	CAGCAAAGTTTCTACCCAAAAGTT	1
287	286	2	AGCAAAGTTTCTACCCAAAAGTTC	1
288	287	2	GCAAAGTTTCTACCCAAAAGTTCC	1
289	288	2	CAAAGTTTCTACCCAAAAGTTCCA	1
290	289	2	AAAGTTTCTACCCAAAAGTTCCAA	1
291	290	2	AAGTTTCTACCCAAAAGTTCCAAC	1
292	291	2	AGTTTCTACCCAAAAGTTCCAACA	1
293	292	2	GTTTCTACCCAAAAGTTCCAACAG	1
294	293	2	TTTCTACCCAAAAGTTCCAACAGG	1
295	294	2	TTCTACCCAAAAGTTCCAACAGGA	1
296	295	1	TCTACCCAAAAGTTCCAACAGGAT	1
297	296	1	CTACCCAAAAGTTCCAACAGGATG	1
298	297	1	TACCCAAAAGTTCCAACAGGATGC	1
299	298	1	ACCCAAAAGTTCCAACAGGATGCT	1
300	299	1	CCCAAAAGTTCCAACAGGATGCTC	1
301	300	1	CCAAAAGTTCCAACAGGATGCTCT	1
302	301	1	CAAAAGTTCCAACAGGATGCTCTC	1
303	302	1	AAAAGTTCCAACAGGATGCTCTCA	1
304	303	1	AAAGTTCCAACAGGATGCTCTCAA	1
305	304	1	AAGTTCCAACAGGATGCTCTCAAT	1
306	305	1	AGTTCCAACAGGATGCTCTCAATG	1
307	306	1	GTTCCAACAGGATGCTCTCAATGA	1
308	307	1	TTCCAACAGGATGCTCTCAATGAA	1
309	308	1	TCCAACAGGATGCTCTCAATGAAA	1
310	309	1	CCAACAGGATGCTCTCAATGAAAG	1
311	310	1	CAACAGGATGCTCTCAATGAAAGT	1
312	311	1	AACAGGATGCTCTCAATGAAAGTC	1
313	312	1	ACAGGATGCTCTCAATGAAAGTCT	1
314	313	1	CAGGATGCTCTCAATGAAAGTCTC	1
315	314	1	AGGATGCTCTCAATGAAAGTCTCG	1
316	-1	0	CTTGCTACTGCCATATCTAAAGGC	1
317	316	1	TTGCTACTGCCATATCTAAAGGCA	1
318	317	1	TGCTACTGCCATATCTAAAGGCAT	1
319	318	1	GCTACTGCCATATCTAAAGGCATT	1
320	319	1	CTACTGCCATATCTAAAGGCATTT	1
321	320	1	TACTGCCATATCTAAAGGCATTTA	1
322	321	1	ACTGCCATATCTAAAGGCATTTAT	1
323	322	1	CTGCCATATCTAAAGGCATTTATG	1
324	323	1	TGCCATATCTAAAGGCATTTATGT	1
325	324	1	GCCATATCTAAAGGCATTTATGTC	1
326	325	1	CCATATCTAAAGGCATTTATGTCG	1
327	326	1	CATATCTAAAGGCATTTATGTCGT	1
328	327	1	ATATCTAAAGGCATTTATGTCGTT	1
329	328	1	TATCTAAAGGCATTTATGTCGTTA	1
330	329	1	ATCTAAAGGCATTTATGTCGTTAA	1
331	330	1	TCTAAAGGCATTTATGTCGTTAAC	1
332	331	1	CTAAAGGCATTTATGTCGTTAACG	1
333	332	1	TAAAGGCATTTATGTCGTTAACGA	1
334	333	1	AAAGGCATTTATGTCGTTAACGAT	1
335	334	1	AAGGCATTTATGTCGTTAACGATG	1
336	335	1	AGGCATTTATGTCGTTAACGATGA	1
337	336	1	GGCATTTATGTCGTTAACGATGAG	1
338	337	1	GCATTTATGTCGTTAACGATGAGT	1
339	338	1	CATTTATGTCGTTAACGATGAGTC	1
340	339	1	ATTTATGTCGTTAACGATGAGTCA	1
341	340	1	TTTATGTCGTTAACGATGAGTCAA	1
342	341	1	TTATGTCGTTAACGATGAGTCAAT	1
343	342	1	TATGTCGTTAACGATGAGTCAATT	1
344	343	1	ATGTCGTTAACGATGAGTCAATTG	1
345	344	1	TGTCGTTAACGATGAGTCAATTGT	1
346	345	1	GTCGTTAACGATGAGTCAATTGTT	1
347	346	1	TCGTTAACGATGAGTCAATTGTTG	1
348	347	1	CGTTAACGATGAGTCAATTGTTGT	1
349	348	1	GTTAACGATGAGTCAATTGTTGTG	1
350	349	1	TTAACGATGAGTCAATTGTTGTGG	1
351	350	1	TAACGATGAGTCAATTGTTGTGGC	1
352	351	1	AACGATGAGTCAATTGTTGTGGCT	1
353	352	1	ACGATGAGTCAATTGTTGTGGCTT	1
354	353	1	CGATGAGTCAATTGTTGTGGCTTC	1
355	354	1	GATGAGTCAATTGTTGTGGCTTCT	1
356	355	1	ATGAGTCAATTGTTGTGGCTTCTT	1
357	356	1	TGAGTCAATTGTTGTGGCTTCTTT	1
358	357	1	GAGTCAATTGTTGTGGCTTCTTTT	1
359	358	2	AGTCAATTGTTGTGGCTTCTTTTC	1
360	359	2	GTCAATTGTTGTGGCTTCTTTTCT	1
361	360	1	TCAATTGTTGTGGCTTCTTTTCTT	1
362	361	1	CAATTGTTGTGGCTTCTTTTCTTG	1
363	362	1	AATTGTTGTGGCTTCTTTTCTTGG	1
364	363	1	ATTGTTGTGGCTTCTTTTCTTGGA	1
365	364	1	TTGTTGTGGCTTCTTTTCTTGGAC	1
366	365	1	TGTTGTGGCTTCTTTTCTTGGACT	1
367	366	1	GTTGTGGCTTCTTTTCTTGGACTT	1
368	367	1	TTGTGGCTTCTTTTCTTGGACTTG	1
369	368	1	TGTGGCTTCTTTTCTTGGACTTGT	1
370	369	1	GTGGCTTCTTTTCTTGGACTTGTA	1
371	370	1	TGGCTTCTTTTCTTGGACTTGTAG	1
372	371	1	GGCTTCTTTTCTTGGACTTGTAGG	1
373	372	1	GCTTCTTTTCTTGGACTTGTAGGA	1
374	373	1	CTTCTTTTCTTGGACTTGTAGGAG	1
375	374	1	TTCTTTTCTTGGACTTGTAGGAGT	1
376	375	1	TCTTTTCTTGGACTTGTAGGAGTC	1
377	376	1	CTTTTCTTGGACTTGTAGGAGTCT	1
378	377	1	TTTTCTTGGACTTGTAGGAGTCTT	1
379	378	1	TTTCTTGGACTTGTAGGAGTCTTT	1
380	379	1	TTCTTGGACTTGTAGGAGTCTTTG	1
381	380	1	TCTTGGACTTGTAGGAGTCTTTGG	1
382	381	1	CTTGGACTTGTAGGAGTCTTTGGT	1
383	382	1	TTGGACTTGTAGGAGTCTTTGGTA	1
384	383	1	TGGACTTGTAGGAGTCTTTGGTAC	1
385	384	1	GGACTTGTAGGAGTCTTTGGTACT	1
386	385	1	GACTTGTAGGAGTCTTTGGTACTT	1
387	386	2	ACTTGTAGGAGTCTTTGGTACTTT	1
388	387	2	CTTGTAGGAGTCTTTGGTACTTTA	1
389	388	2	TTGTAGGAGTCTTTGGTACTTTAG	1
390	389	2	TGTAGGAGTCTTTGGTACTTTAGG	1
391	390	2	GTAGGAGTCTTTGGTACTTTAGGT	1
392	391	2	TAGGAGTCTTTGGTACTTTAGGTC	1
393	392	2	AGGAGTCTTTGGTACTTTAGGTCG	1
394	393	2	GGAGTCTTTGGTACTTTAGGTCGT	1
395	394	2	GAGTCTTTGGTACTTTAGGTCGTA	1
396	395	3	AGTCTTTGGTACTTTAGGTCGTAA	1
397	396	3	GTCTTTGGTACTTTAGGTCGTAAA	1
398	397	3	TCTTTGGTACTTTAGGTCGTAAAG	1
399	398	3	CTTTGGTACTTTAGGTCGTAAAGC	1
400	399	3	TTTGGTACTTTAGGTCGTAAAGCT	1
401	400	3	TTGGTACTTTAGGTCGTAAAGCTT	1
402	401	4	TGGTACTTTAGGTCGTAAAGCTTA	1
403	402	3	GGTACTTTAGGTCGTAAAGCTTAT	1
404	403	3	GTACTTTAGGTCGTAAAGCTTATA	1
405	404	3	TACTTTAGGTCGTAAAGCTTATAA	1
406	405	4	ACTTTAGGTCGTAAAGCTTATAAT	1
407	406	4	CTTTAGGTCGTAAAGCTTATAATG	1
408	407	4	TTTAGGTCGTAAAGCTTATAATGA	1
409	408	5	TTAGGTCGTAAAGCTTATAATGAA	1
410	409	5	TAGGTCGTAAAGCTTATAATGAAT	1
411	410	5	AGGTCGTAAAGCTTATAATGAATG	1
412	411	5	GGTCGTAAAGCTTATAATGAATGG	1
413	412	5	GTCGTAAAGCTTATAATGAATGGT	1
414	413	5	TCGTAAAGCTTATAATGAATGGTC	1
415	414	5	CGTAAAGCTTATAATGAATGGTCT	1
416	415	5	GTAAAGCTTATAATGAATGGTCTG	1
417	416	5	TAAAGCTTATAATGAATGGTCTGA	1
418	417	5	AAAGCTTATAATGAATGGTCTGAC	1
419	418	5	AAGCTTATAATGAATGGTCTGACA	1
420	419	5	AGCTTATAATGAATGGTCTGACAA	1
421	420	5	GCTTATAATGAATGGTCTGACAAG	1
422	421	5	CTTATAATGAATGGTCTGACAAGA	1
423	422	5	TTATAATGAATGGTCTGACAAGAC	1
424	423	5	TATAATGAATGGTCTGACAAGACA	1
425	424	5	ATAATGAATGGTCTGACAAGACAA	1
426	425	5	TAATGAATGGTCTGACAAGACAAT	1
427	426	5	AATGAATGGTCTGACAAGACAATC	1
428	427	5	ATGAATGGTCTGACAAGACAATCG	1
429	428	4	TGAATGGTCTGACAAGACAATCGC	1
430	429	4	GAATGGTCTGACAAGACAATCGCT	1
431	430	3	AATGGTCTGACAAGACAATCGCTA	1
432	431	3	ATGGTCTGACAAGACAATCGCTAA	1
433	432	3	TGGTCTGACAAGACAATCGCTAAA	1
434	433	3	GGTCTGACAAGACAATCGCTAAAA	1
435	434	3	GTCTGACAAGACAATCGCTAAAAT	1
436	435	3	TCTGACAAGACAATCGCTAAAATT	1
437	436	3	CTGACAAGACAATCGCTAAAATTG	1
438	437	3	TGACAAGACAATCGCTAAAATTGG	1
439	438	3	GACAAGACAATCGCTAAAATTGGT	1
440	439	1	ACAAGACAATCGCTAAAATTGGTG	1
441	440	1	CAAGACAATCGCTAAAATTGGTGG	1
442	441	1	AAGACAATCGCTAAAATTGGTGGA	1
443	442	1	AGACAATCGCTAAAATTGGTGGAA	1
444	443	1	GACAATCGCTAAAATTGGTGGAAT	1
445	444	1	ACAATCGCTAAAATTGGTGGAATT	1
446	445	1	CAATCGCTAAAATTGGTGGAATTA	1
447	446	1	AATCGCTAAAATTGGTGGAATTAT	1
448	447	2	ATCGCTAAAATTGGTGGAATTATG	1
449	448	2	TCGCTAAAATTGGTGGAATTATGC	1
450	449	2	CGCTAAAATTGGTGGAATTATGCA	1
451	450	2	GCTAAAATTGGTGGAATTATGCAA	1
452	451	2	CTAAAATTGGTGGAATTATGCAAG	1
453	452	1	TAAAATTGGTGGAATTATGCAAGC	1
454	453	1	AAAATTGGTGGAATTATGCAAGCT	1
455	454	1	AAATTGGTGGAATTATGCAAGCTG	1
456	455	1	AATTGGTGGAATTATGCAAGCTGC	1
457	456	1	ATTGGTGGAATTATGCAAGCTGCT	1
458	457	1	TTGGTGGAATTATGCAAGCTGCTC	1
459	458	1	TGGTGGAATTATGCAAGCTGCTCG	1
460	459	1	GGTGGAATTATGCAAGCTGCTCGA	1
461	460	1	GTGGAATTATGCAAGCTGCTCGAA	1
462	461	1	TGGAATTATGCAAGCTGCTCGAAA	1
463	462	1	GGAATTATGCAAGCTGCTCGAAAT	1
464	463	1	GAATTATGCAAGCTGCTCGAAATG	1
465	464	1	AATTATGCAAGCTGCTCGAAATGA	1
466	465	1	ATTATGCAAGCTGCTCGAAATGAT	1
467	466	1	TTATGCAAGCTGCTCGAAATGATC	1
468	467	1	TATGCAAGCTGCTCGAAATGATCA	1
469	468	1	ATGCAAGCTGCTCGAAATGATCAT	1
470	469	1	TGCAAGCTGCTCGAAATGATCATA	1
471	470	1	GCAAGCTGCTCGAAATGATCATAC	1
472	471	1	CAAGCTGCTCGAAATGATCATACT	1
473	472	1	AAGCTGCTCGAAATGATCATACTA	1
474	473	1	AGCTGCTCGAAATGATCATACTAG	1
475	474	1	GCTGCTCGAAATGATCATACTAGT	1
476	475	1	CTGCTCGAAATGATCATACTAGTG	1
477	476	1	TGCTCGAAATGATCATACTAGTGC	1
478	477	1	GCTCGAAATGATCATACTAGTGCT	1
479	478	1	CTCGAAATGATCATACTAGTGCTA	1
480	479	1	TCGAAATGATCATACTAGTGCTAT	1
481	480	1	CGAAATGATCATACTAGTGCTATC	1
482	481	1	GAAATGATCATACTAGTGCTATCC	1
483	482	1	AAATGATCATACTAGTGCTATCCG	1
484	483	1	AATGATCATACTAGTGCTATCCGC	1
485	484	1	ATGATCATACTAGTGCTATCCGCG	1
486	485	1	TGATCATACTAGTGCTATCCGCGA	1
487	486	1	GATCATACTAGTGCTATCCGCGAA	1
488	487	1	ATCATACTAGTGCTATCCGCGAAC	1
489	488	1	TCATACTAGTGCTATCCGCGAACG	1
490	489	1	CATACTAGTGCTATCCGCGAACGT	1
491	490	1	ATACTAGTGCTATCCGCGAACGTA	1
