Component 695
1	-1	0	CGTTGACGGTGAGGAAGGTATTGA	1
2	1	1	GTTGACGGTGAGGAAGGTATTGAG	1
3	2	1	TTGACGGTGAGGAAGGTATTGAGG	1
4	3	1	TGACGGTGAGGAAGGTATTGAGGA	1
5	4	1	GACGGTGAGGAAGGTATTGAGGAC	1
6	5	1	ACGGTGAGGAAGGTATTGAGGACT	1
7	6	1	CGGTGAGGAAGGTATTGAGGACTC	1
8	7	1	GGTGAGGAAGGTATTGAGGACTCT	1
9	8	1	GTGAGGAAGGTATTGAGGACTCTA	1
10	9	2	TGAGGAAGGTATTGAGGACTCTAG	1
11	10	2	GAGGAAGGTATTGAGGACTCTAGC	1
12	11	2	AGGAAGGTATTGAGGACTCTAGCA	1
13	12	2	GGAAGGTATTGAGGACTCTAGCAA	1
14	13	2	GAAGGTATTGAGGACTCTAGCAAT	1
15	14	2	AAGGTATTGAGGACTCTAGCAATG	1
16	15	3	AGGTATTGAGGACTCTAGCAATGA	1
17	16	3	GGTATTGAGGACTCTAGCAATGAC	1
18	17	3	GTATTGAGGACTCTAGCAATGACA	1
19	18	3	TATTGAGGACTCTAGCAATGACAT	1
20	19	3	ATTGAGGACTCTAGCAATGACATT	1
21	20	3	TTGAGGACTCTAGCAATGACATTA	1
22	21	4	TGAGGACTCTAGCAATGACATTAG	1
23	22	4	GAGGACTCTAGCAATGACATTAGT	1
24	23	4	AGGACTCTAGCAATGACATTAGTT	1
25	24	4	GGACTCTAGCAATGACATTAGTTC	1
26	25	4	GACTCTAGCAATGACATTAGTTCC	1
27	26	4	ACTCTAGCAATGACATTAGTTCCA	1
28	27	4	CTCTAGCAATGACATTAGTTCCAC	1
29	28	4	TCTAGCAATGACATTAGTTCCACA	1
30	29	4	CTAGCAATGACATTAGTTCCACAA	1
31	30	4	TAGCAATGACATTAGTTCCACAAC	1
32	31	4	AGCAATGACATTAGTTCCACAACA	1
33	32	4	GCAATGACATTAGTTCCACAACAT	1
34	33	4	CAATGACATTAGTTCCACAACATC	1
35	34	4	AATGACATTAGTTCCACAACATCT	1
36	35	4	ATGACATTAGTTCCACAACATCTT	1
37	36	4	TGACATTAGTTCCACAACATCTTC	1
38	37	4	GACATTAGTTCCACAACATCTTCG	1
39	38	5	ACATTAGTTCCACAACATCTTCGG	1
40	39	5	CATTAGTTCCACAACATCTTCGGA	1
41	40	5	ATTAGTTCCACAACATCTTCGGAT	1
42	41	6	TTAGTTCCACAACATCTTCGGATG	1
43	42	6	TAGTTCCACAACATCTTCGGATGG	1
44	43	6	AGTTCCACAACATCTTCGGATGGC	1
45	44	6	GTTCCACAACATCTTCGGATGGCC	1
46	45	5	TTCCACAACATCTTCGGATGGCCG	1
47	46	5	TCCACAACATCTTCGGATGGCCGT	1
48	47	5	CCACAACATCTTCGGATGGCCGTG	1
49	48	7	CACAACATCTTCGGATGGCCGTGC	1
50	49	7	ACAACATCTTCGGATGGCCGTGCC	1
51	50	7	CAACATCTTCGGATGGCCGTGCCA	1
52	51	7	AACATCTTCGGATGGCCGTGCCAA	1
53	52	7	ACATCTTCGGATGGCCGTGCCAAG	1
54	53	6	CATCTTCGGATGGCCGTGCCAAGC	1
55	54	6	ATCTTCGGATGGCCGTGCCAAGCC	1
56	55	6	TCTTCGGATGGCCGTGCCAAGCCC	1
57	56	6	CTTCGGATGGCCGTGCCAAGCCCG	1
58	57	6	TTCGGATGGCCGTGCCAAGCCCGA	1
59	58	6	TCGGATGGCCGTGCCAAGCCCGAA	1
60	59	5	CGGATGGCCGTGCCAAGCCCGAAT	1
61	60	6	GGATGGCCGTGCCAAGCCCGAATC	1
62	61	6	GATGGCCGTGCCAAGCCCGAATCT	1
63	62	6	ATGGCCGTGCCAAGCCCGAATCTA	1
64	63	6	TGGCCGTGCCAAGCCCGAATCTAG	1
65	64	6	GGCCGTGCCAAGCCCGAATCTAGC	1
66	65	5	GCCGTGCCAAGCCCGAATCTAGCT	1
67	66	5	CCGTGCCAAGCCCGAATCTAGCTA	1
68	67	5	CGTGCCAAGCCCGAATCTAGCTAC	1
69	68	5	GTGCCAAGCCCGAATCTAGCTACC	1
70	69	5	TGCCAAGCCCGAATCTAGCTACCA	1
71	70	6	GCCAAGCCCGAATCTAGCTACCAC	1
72	71	6	CCAAGCCCGAATCTAGCTACCACG	1
73	72	6	CAAGCCCGAATCTAGCTACCACGA	1
74	73	6	AAGCCCGAATCTAGCTACCACGAT	1
75	74	6	AGCCCGAATCTAGCTACCACGATC	1
76	75	6	GCCCGAATCTAGCTACCACGATCA	1
77	76	6	CCCGAATCTAGCTACCACGATCAG	1
78	77	6	CCGAATCTAGCTACCACGATCAGG	1
79	78	6	CGAATCTAGCTACCACGATCAGGA	1
80	79	5	GAATCTAGCTACCACGATCAGGAA	1
81	80	5	AATCTAGCTACCACGATCAGGAAG	1
82	81	5	ATCTAGCTACCACGATCAGGAAGA	1
83	82	4	TCTAGCTACCACGATCAGGAAGAA	1
84	83	4	CTAGCTACCACGATCAGGAAGAAC	1
85	84	4	TAGCTACCACGATCAGGAAGAACA	1
86	85	3	AGCTACCACGATCAGGAAGAACAA	1
87	86	4	GCTACCACGATCAGGAAGAACAAT	1
88	87	5	CTACCACGATCAGGAAGAACAATT	1
89	88	5	TACCACGATCAGGAAGAACAATTC	1
90	89	5	ACCACGATCAGGAAGAACAATTCG	1
91	90	5	CCACGATCAGGAAGAACAATTCGC	1
92	91	5	CACGATCAGGAAGAACAATTCGCA	1
93	92	4	ACGATCAGGAAGAACAATTCGCAT	1
94	93	4	CGATCAGGAAGAACAATTCGCATA	1
95	94	4	GATCAGGAAGAACAATTCGCATAG	1
96	95	4	ATCAGGAAGAACAATTCGCATAGA	1
97	96	4	TCAGGAAGAACAATTCGCATAGAT	1
98	97	4	CAGGAAGAACAATTCGCATAGATT	1
99	98	4	AGGAAGAACAATTCGCATAGATTG	1
100	99	4	GGAAGAACAATTCGCATAGATTGC	1
101	100	4	GAAGAACAATTCGCATAGATTGCT	1
102	101	4	AAGAACAATTCGCATAGATTGCTG	1
103	102	4	AGAACAATTCGCATAGATTGCTGA	1
104	103	4	GAACAATTCGCATAGATTGCTGAT	1
105	104	3	AACAATTCGCATAGATTGCTGATT	1
106	105	3	ACAATTCGCATAGATTGCTGATTG	1
107	106	3	CAATTCGCATAGATTGCTGATTGA	1
108	107	3	AATTCGCATAGATTGCTGATTGAT	1
109	108	3	ATTCGCATAGATTGCTGATTGATA	1
110	109	3	TTCGCATAGATTGCTGATTGATAA	1
111	110	3	TCGCATAGATTGCTGATTGATAAC	1
112	111	3	CGCATAGATTGCTGATTGATAACA	1
113	112	4	GCATAGATTGCTGATTGATAACAA	1
114	113	4	CATAGATTGCTGATTGATAACAAC	1
115	114	3	ATAGATTGCTGATTGATAACAACA	1
116	115	3	TAGATTGCTGATTGATAACAACAA	1
117	116	3	AGATTGCTGATTGATAACAACAAT	1
118	117	3	GATTGCTGATTGATAACAACAATA	1
119	118	4	ATTGCTGATTGATAACAACAATAT	1
120	119	4	TTGCTGATTGATAACAACAATATT	1
121	120	4	TGCTGATTGATAACAACAATATTT	1
122	121	4	GCTGATTGATAACAACAATATTTA	1
123	122	4	CTGATTGATAACAACAATATTTAT	1
124	123	4	TGATTGATAACAACAATATTTATA	1
125	124	4	GATTGATAACAACAATATTTATAA	1
126	125	4	ATTGATAACAACAATATTTATAAA	1
127	126	4	TTGATAACAACAATATTTATAAAA	1
128	127	4	TGATAACAACAATATTTATAAAAA	1
129	128	4	GATAACAACAATATTTATAAAAAG	1
130	129	4	ATAACAACAATATTTATAAAAAGC	1
131	130	3	TAACAACAATATTTATAAAAAGCT	1
132	131	2	AACAACAATATTTATAAAAAGCTT	1
133	132	2	ACAACAATATTTATAAAAAGCTTA	1
134	133	2	CAACAATATTTATAAAAAGCTTAA	1
135	134	2	AACAATATTTATAAAAAGCTTAAA	1
136	135	2	ACAATATTTATAAAAAGCTTAAAA	1
137	136	2	CAATATTTATAAAAAGCTTAAAAT	1
138	137	2	AATATTTATAAAAAGCTTAAAATG	1
139	138	2	ATATTTATAAAAAGCTTAAAATGC	1
140	139	2	TATTTATAAAAAGCTTAAAATGCG	1
141	140	2	ATTTATAAAAAGCTTAAAATGCGC	1
142	141	2	TTTATAAAAAGCTTAAAATGCGCT	1
143	142	2	TTATAAAAAGCTTAAAATGCGCTT	1
144	143	2	TATAAAAAGCTTAAAATGCGCTTA	1
145	144	2	ATAAAAAGCTTAAAATGCGCTTAT	1
146	145	2	TAAAAAGCTTAAAATGCGCTTATT	1
147	146	2	AAAAAGCTTAAAATGCGCTTATTT	1
148	147	2	AAAAGCTTAAAATGCGCTTATTTT	1
149	148	3	AAAGCTTAAAATGCGCTTATTTTA	1
150	149	3	AAGCTTAAAATGCGCTTATTTTAA	1
151	150	4	AGCTTAAAATGCGCTTATTTTAAG	1
152	151	4	GCTTAAAATGCGCTTATTTTAAGC	1
153	152	6	CTTAAAATGCGCTTATTTTAAGCT	1
154	153	6	TTAAAATGCGCTTATTTTAAGCTT	1
155	154	6	TAAAATGCGCTTATTTTAAGCTTA	1
156	155	6	AAAATGCGCTTATTTTAAGCTTAA	1
157	156	5	AAATGCGCTTATTTTAAGCTTAAT	1
158	157	5	AATGCGCTTATTTTAAGCTTAATG	1
159	158	5	ATGCGCTTATTTTAAGCTTAATGT	1
160	159	5	TGCGCTTATTTTAAGCTTAATGTT	1
161	160	5	GCGCTTATTTTAAGCTTAATGTTT	1
162	161	5	CGCTTATTTTAAGCTTAATGTTTG	1
163	162	4	GCTTATTTTAAGCTTAATGTTTGT	1
164	163	4	CTTATTTTAAGCTTAATGTTTGTC	1
165	164	4	TTATTTTAAGCTTAATGTTTGTCG	1
166	165	4	TATTTTAAGCTTAATGTTTGTCGT	1
167	166	4	ATTTTAAGCTTAATGTTTGTCGTG	1
168	167	4	TTTTAAGCTTAATGTTTGTCGTGG	1
169	168	4	TTTAAGCTTAATGTTTGTCGTGGT	1
170	169	4	TTAAGCTTAATGTTTGTCGTGGTT	1
171	170	4	TAAGCTTAATGTTTGTCGTGGTTC	1
172	171	4	AAGCTTAATGTTTGTCGTGGTTCG	1
173	172	4	AGCTTAATGTTTGTCGTGGTTCGT	1
174	173	4	GCTTAATGTTTGTCGTGGTTCGTT	1
175	174	4	CTTAATGTTTGTCGTGGTTCGTTG	1
176	175	4	TTAATGTTTGTCGTGGTTCGTTGA	1
177	176	4	TAATGTTTGTCGTGGTTCGTTGAT	1
178	177	4	AATGTTTGTCGTGGTTCGTTGATT	1
179	178	4	ATGTTTGTCGTGGTTCGTTGATTC	1
180	179	4	TGTTTGTCGTGGTTCGTTGATTCC	1
181	180	4	GTTTGTCGTGGTTCGTTGATTCCT	1
182	181	4	TTTGTCGTGGTTCGTTGATTCCTG	1
183	182	5	TTGTCGTGGTTCGTTGATTCCTGT	1
184	183	5	TGTCGTGGTTCGTTGATTCCTGTT	1
185	184	5	GTCGTGGTTCGTTGATTCCTGTTG	1
186	185	5	TCGTGGTTCGTTGATTCCTGTTGT	1
187	186	5	CGTGGTTCGTTGATTCCTGTTGTT	1
188	187	5	GTGGTTCGTTGATTCCTGTTGTTG	1
189	188	5	TGGTTCGTTGATTCCTGTTGTTGT	1
190	189	5	GGTTCGTTGATTCCTGTTGTTGTT	1
191	190	5	GTTCGTTGATTCCTGTTGTTGTTT	1
192	191	5	TTCGTTGATTCCTGTTGTTGTTTT	1
193	192	4	TCGTTGATTCCTGTTGTTGTTTTT	1
194	193	4	CGTTGATTCCTGTTGTTGTTTTTT	1
195	194	4	GTTGATTCCTGTTGTTGTTTTTTA	1
196	195	4	TTGATTCCTGTTGTTGTTTTTTAT	1
197	196	2	TGATTCCTGTTGTTGTTTTTTATT	1
198	197	2	GATTCCTGTTGTTGTTTTTTATTA	1
199	198	2	ATTCCTGTTGTTGTTTTTTATTAT	1
200	199	2	TTCCTGTTGTTGTTTTTTATTATA	1
201	200	2	TCCTGTTGTTGTTTTTTATTATAT	1
202	201	2	CCTGTTGTTGTTTTTTATTATATC	1
203	202	2	CTGTTGTTGTTTTTTATTATATCC	1
204	203	2	TGTTGTTGTTTTTTATTATATCCC	1
205	204	2	GTTGTTGTTTTTTATTATATCCCT	1
206	205	2	TTGTTGTTTTTTATTATATCCCTG	1
207	206	2	TGTTGTTTTTTATTATATCCCTGA	1
208	207	2	GTTGTTTTTTATTATATCCCTGAA	1
209	208	2	TTGTTTTTTATTATATCCCTGAAA	1
210	209	2	TGTTTTTTATTATATCCCTGAAAA	1
211	210	2	GTTTTTTATTATATCCCTGAAAAT	1
212	211	2	TTTTTTATTATATCCCTGAAAATT	1
213	212	2	TTTTTATTATATCCCTGAAAATTT	1
214	213	2	TTTTATTATATCCCTGAAAATTTC	1
215	214	2	TTTATTATATCCCTGAAAATTTCT	1
216	215	2	TTATTATATCCCTGAAAATTTCTG	1
217	216	2	TATTATATCCCTGAAAATTTCTGA	1
218	217	2	ATTATATCCCTGAAAATTTCTGAT	1
219	218	2	TTATATCCCTGAAAATTTCTGATG	1
220	219	2	TATATCCCTGAAAATTTCTGATGT	1
221	220	2	ATATCCCTGAAAATTTCTGATGTT	1
222	221	2	TATCCCTGAAAATTTCTGATGTTT	1
223	222	2	ATCCCTGAAAATTTCTGATGTTTG	1
224	223	2	TCCCTGAAAATTTCTGATGTTTGT	1
225	224	2	CCCTGAAAATTTCTGATGTTTGTT	1
226	225	2	CCTGAAAATTTCTGATGTTTGTTA	1
227	226	1	CTGAAAATTTCTGATGTTTGTTAG	1
228	227	1	TGAAAATTTCTGATGTTTGTTAGG	1
229	228	1	GAAAATTTCTGATGTTTGTTAGGA	1
230	229	2	AAAATTTCTGATGTTTGTTAGGAG	1
231	230	2	AAATTTCTGATGTTTGTTAGGAGT	1
232	231	2	AATTTCTGATGTTTGTTAGGAGTA	1
233	232	2	ATTTCTGATGTTTGTTAGGAGTAG	1
234	233	2	TTTCTGATGTTTGTTAGGAGTAGC	1
235	234	2	TTCTGATGTTTGTTAGGAGTAGCG	1
236	235	2	TCTGATGTTTGTTAGGAGTAGCGG	1
237	236	2	CTGATGTTTGTTAGGAGTAGCGGT	1
238	237	3	TGATGTTTGTTAGGAGTAGCGGTG	1
239	238	2	GATGTTTGTTAGGAGTAGCGGTGG	1
240	239	2	ATGTTTGTTAGGAGTAGCGGTGGC	1
241	240	3	TGTTTGTTAGGAGTAGCGGTGGCA	1
242	241	3	GTTTGTTAGGAGTAGCGGTGGCAT	1
243	242	3	TTTGTTAGGAGTAGCGGTGGCATT	1
244	243	3	TTGTTAGGAGTAGCGGTGGCATTT	1
245	244	3	TGTTAGGAGTAGCGGTGGCATTTT	1
246	245	3	GTTAGGAGTAGCGGTGGCATTTTT	1
247	246	3	TTAGGAGTAGCGGTGGCATTTTTT	1
248	247	4	TAGGAGTAGCGGTGGCATTTTTTA	1
249	248	5	AGGAGTAGCGGTGGCATTTTTTAA	1
250	249	4	GGAGTAGCGGTGGCATTTTTTAAA	1
251	250	4	GAGTAGCGGTGGCATTTTTTAAAG	1
252	251	4	AGTAGCGGTGGCATTTTTTAAAGA	1
253	252	4	GTAGCGGTGGCATTTTTTAAAGAT	1
254	253	4	TAGCGGTGGCATTTTTTAAAGATT	1
255	254	4	AGCGGTGGCATTTTTTAAAGATTG	1
256	255	4	GCGGTGGCATTTTTTAAAGATTGG	1
257	256	4	CGGTGGCATTTTTTAAAGATTGGA	1
258	257	4	GGTGGCATTTTTTAAAGATTGGAA	1
259	258	4	GTGGCATTTTTTAAAGATTGGAAC	1
260	259	4	TGGCATTTTTTAAAGATTGGAACT	1
261	260	4	GGCATTTTTTAAAGATTGGAACTA	1
262	261	4	GCATTTTTTAAAGATTGGAACTAA	1
263	262	4	CATTTTTTAAAGATTGGAACTAAT	1
264	263	4	ATTTTTTAAAGATTGGAACTAATT	1
265	264	4	TTTTTTAAAGATTGGAACTAATTT	1
266	265	4	TTTTTAAAGATTGGAACTAATTTA	1
267	266	5	TTTTAAAGATTGGAACTAATTTAT	1
268	267	5	TTTAAAGATTGGAACTAATTTATT	1
269	268	5	TTAAAGATTGGAACTAATTTATTC	1
270	269	5	TAAAGATTGGAACTAATTTATTCT	1
271	270	6	AAAGATTGGAACTAATTTATTCTT	1
272	271	7	AAGATTGGAACTAATTTATTCTTG	1
273	272	8	AGATTGGAACTAATTTATTCTTGT	1
274	273	7	GATTGGAACTAATTTATTCTTGTC	1
275	274	8	ATTGGAACTAATTTATTCTTGTCT	1
276	275	8	TTGGAACTAATTTATTCTTGTCTC	1
277	276	8	TGGAACTAATTTATTCTTGTCTCA	1
278	277	8	GGAACTAATTTATTCTTGTCTCAC	1
279	278	8	GAACTAATTTATTCTTGTCTCACT	1
280	279	7	AACTAATTTATTCTTGTCTCACTC	1
281	280	7	ACTAATTTATTCTTGTCTCACTCG	1
282	281	7	CTAATTTATTCTTGTCTCACTCGC	1
283	282	7	TAATTTATTCTTGTCTCACTCGCT	1
284	283	6	AATTTATTCTTGTCTCACTCGCTG	1
285	284	5	ATTTATTCTTGTCTCACTCGCTGC	1
286	285	5	TTTATTCTTGTCTCACTCGCTGCA	1
287	286	5	TTATTCTTGTCTCACTCGCTGCAT	1
288	287	5	TATTCTTGTCTCACTCGCTGCATT	1
289	288	5	ATTCTTGTCTCACTCGCTGCATTT	1
290	289	5	TTCTTGTCTCACTCGCTGCATTTG	1
291	290	5	TCTTGTCTCACTCGCTGCATTTGG	1
292	291	5	CTTGTCTCACTCGCTGCATTTGGA	1
293	292	4	TTGTCTCACTCGCTGCATTTGGAA	1
294	293	4	TGTCTCACTCGCTGCATTTGGAAG	1
295	294	4	GTCTCACTCGCTGCATTTGGAAGA	1
296	295	4	TCTCACTCGCTGCATTTGGAAGAT	1
297	296	4	CTCACTCGCTGCATTTGGAAGATA	1
298	297	4	TCACTCGCTGCATTTGGAAGATAA	1
299	298	4	CACTCGCTGCATTTGGAAGATAAA	1
300	299	4	ACTCGCTGCATTTGGAAGATAAAT	1
301	300	4	CTCGCTGCATTTGGAAGATAAATG	1
302	301	4	TCGCTGCATTTGGAAGATAAATGA	1
303	302	4	CGCTGCATTTGGAAGATAAATGAA	1
304	303	4	GCTGCATTTGGAAGATAAATGAAT	1
305	304	4	CTGCATTTGGAAGATAAATGAATG	1
306	305	4	TGCATTTGGAAGATAAATGAATGA	1
307	306	4	GCATTTGGAAGATAAATGAATGAA	1
308	307	4	CATTTGGAAGATAAATGAATGAAT	1
309	308	4	ATTTGGAAGATAAATGAATGAATA	1
310	309	4	TTTGGAAGATAAATGAATGAATAC	1
311	310	3	TTGGAAGATAAATGAATGAATACC	1
312	311	3	TGGAAGATAAATGAATGAATACCC	1
313	312	3	GGAAGATAAATGAATGAATACCCA	1
314	313	3	GAAGATAAATGAATGAATACCCAG	1
315	314	2	AAGATAAATGAATGAATACCCAGA	1
316	315	1	AGATAAATGAATGAATACCCAGAA	1
317	-1	0	GTCTTGCGTCCAACTTTAGCTGTC	1
318	317	1	TCTTGCGTCCAACTTTAGCTGTCT	1
319	318	1	CTTGCGTCCAACTTTAGCTGTCTG	1
320	319	1	TTGCGTCCAACTTTAGCTGTCTGT	1
321	320	1	TGCGTCCAACTTTAGCTGTCTGTG	1
322	321	1	GCGTCCAACTTTAGCTGTCTGTGT	1
323	322	1	CGTCCAACTTTAGCTGTCTGTGTG	1
324	323	1	GTCCAACTTTAGCTGTCTGTGTGT	1
325	324	1	TCCAACTTTAGCTGTCTGTGTGTA	1
326	325	1	CCAACTTTAGCTGTCTGTGTGTAT	1
327	326	1	CAACTTTAGCTGTCTGTGTGTATC	1
328	327	1	AACTTTAGCTGTCTGTGTGTATCT	1
329	328	1	ACTTTAGCTGTCTGTGTGTATCTT	1
330	329	1	CTTTAGCTGTCTGTGTGTATCTTT	1
331	330	1	TTTAGCTGTCTGTGTGTATCTTTC	1
332	331	2	TTAGCTGTCTGTGTGTATCTTTCT	1
333	332	2	TAGCTGTCTGTGTGTATCTTTCTC	1
334	333	2	AGCTGTCTGTGTGTATCTTTCTCC	1
335	334	2	GCTGTCTGTGTGTATCTTTCTCCC	1
336	335	2	CTGTCTGTGTGTATCTTTCTCCCT	1
337	336	2	TGTCTGTGTGTATCTTTCTCCCTT	1
338	337	2	GTCTGTGTGTATCTTTCTCCCTTC	1
339	338	2	TCTGTGTGTATCTTTCTCCCTTCA	1
340	339	2	CTGTGTGTATCTTTCTCCCTTCAG	1
341	340	2	TGTGTGTATCTTTCTCCCTTCAGC	1
342	341	2	GTGTGTATCTTTCTCCCTTCAGCG	1
343	342	2	TGTGTATCTTTCTCCCTTCAGCGA	1
344	343	2	GTGTATCTTTCTCCCTTCAGCGAT	1
345	344	2	TGTATCTTTCTCCCTTCAGCGATT	1
346	345	2	GTATCTTTCTCCCTTCAGCGATTG	1
347	346	2	TATCTTTCTCCCTTCAGCGATTGT	1
348	347	2	ATCTTTCTCCCTTCAGCGATTGTT	1
349	348	2	TCTTTCTCCCTTCAGCGATTGTTA	1
350	349	2	CTTTCTCCCTTCAGCGATTGTTAG	1
351	350	2	TTTCTCCCTTCAGCGATTGTTAGT	1
352	351	2	TTCTCCCTTCAGCGATTGTTAGTA	1
353	352	2	TCTCCCTTCAGCGATTGTTAGTAA	1
354	353	3	CTCCCTTCAGCGATTGTTAGTAAG	1
355	354	3	TCCCTTCAGCGATTGTTAGTAAGT	1
356	355	3	CCCTTCAGCGATTGTTAGTAAGTT	1
357	356	3	CCTTCAGCGATTGTTAGTAAGTTA	1
358	357	3	CTTCAGCGATTGTTAGTAAGTTAA	1
359	358	3	TTCAGCGATTGTTAGTAAGTTAAT	1
360	359	3	TCAGCGATTGTTAGTAAGTTAATT	1
361	360	3	CAGCGATTGTTAGTAAGTTAATTC	1
362	361	2	AGCGATTGTTAGTAAGTTAATTCC	1
363	362	2	GCGATTGTTAGTAAGTTAATTCCC	1
364	363	2	CGATTGTTAGTAAGTTAATTCCCT	1
365	364	2	GATTGTTAGTAAGTTAATTCCCTT	1
366	365	2	ATTGTTAGTAAGTTAATTCCCTTT	1
367	366	2	TTGTTAGTAAGTTAATTCCCTTTC	1
368	367	2	TGTTAGTAAGTTAATTCCCTTTCA	1
369	368	2	GTTAGTAAGTTAATTCCCTTTCAA	1
370	369	2	TTAGTAAGTTAATTCCCTTTCAAC	1
371	370	2	TAGTAAGTTAATTCCCTTTCAACC	1
372	371	2	AGTAAGTTAATTCCCTTTCAACCT	1
373	372	2	GTAAGTTAATTCCCTTTCAACCTT	1
374	373	2	TAAGTTAATTCCCTTTCAACCTTT	1
375	374	2	AAGTTAATTCCCTTTCAACCTTTG	1
376	375	2	AGTTAATTCCCTTTCAACCTTTGT	1
377	376	2	GTTAATTCCCTTTCAACCTTTGTG	1
378	377	2	TTAATTCCCTTTCAACCTTTGTGT	1
379	378	2	TAATTCCCTTTCAACCTTTGTGTT	1
380	379	2	AATTCCCTTTCAACCTTTGTGTTT	1
381	380	2	ATTCCCTTTCAACCTTTGTGTTTT	1
382	381	2	TTCCCTTTCAACCTTTGTGTTTTT	1
383	382	2	TCCCTTTCAACCTTTGTGTTTTTT	1
384	383	2	CCCTTTCAACCTTTGTGTTTTTTT	1
385	384	3	CCTTTCAACCTTTGTGTTTTTTTT	1
386	385	3	CTTTCAACCTTTGTGTTTTTTTTA	1
387	386	3	TTTCAACCTTTGTGTTTTTTTTAA	1
388	387	3	TTCAACCTTTGTGTTTTTTTTAAA	1
389	388	3	TCAACCTTTGTGTTTTTTTTAAAA	1
390	389	3	CAACCTTTGTGTTTTTTTTAAAAA	1
391	390	3	AACCTTTGTGTTTTTTTTAAAAAC	1
392	391	3	ACCTTTGTGTTTTTTTTAAAAACT	1
393	392	3	CCTTTGTGTTTTTTTTAAAAACTC	1
394	393	3	CTTTGTGTTTTTTTTAAAAACTCT	1
395	394	3	TTTGTGTTTTTTTTAAAAACTCTT	1
396	395	3	TTGTGTTTTTTTTAAAAACTCTTT	1
397	396	3	TGTGTTTTTTTTAAAAACTCTTTT	1
398	397	2	GTGTTTTTTTTAAAAACTCTTTTT	1
399	398	2	TGTTTTTTTTAAAAACTCTTTTTT	1
400	399	2	GTTTTTTTTAAAAACTCTTTTTTT	1
401	400	2	TTTTTTTTAAAAACTCTTTTTTTT	1
402	401	2	TTTTTTTAAAAACTCTTTTTTTTT	1
403	402	2	TTTTTTAAAAACTCTTTTTTTTTT	1
404	403	2	TTTTTAAAAACTCTTTTTTTTTTC	1
405	404	2	TTTTAAAAACTCTTTTTTTTTTCA	1
406	405	2	TTTAAAAACTCTTTTTTTTTTCAC	1
407	406	2	TTAAAAACTCTTTTTTTTTTCACA	1
408	407	2	TAAAAACTCTTTTTTTTTTCACAT	1
409	408	2	AAAAACTCTTTTTTTTTTCACATT	1
410	409	2	AAAACTCTTTTTTTTTTCACATTC	1
411	410	2	AAACTCTTTTTTTTTTCACATTCC	1
412	411	2	AACTCTTTTTTTTTTCACATTCCC	1
413	412	2	ACTCTTTTTTTTTTCACATTCCCA	1
414	413	2	CTCTTTTTTTTTTCACATTCCCAT	1
415	414	2	TCTTTTTTTTTTCACATTCCCATC	1
416	415	2	CTTTTTTTTTTCACATTCCCATCT	1
417	416	2	TTTTTTTTTTCACATTCCCATCTC	1
418	417	2	TTTTTTTTTCACATTCCCATCTCG	1
419	418	2	TTTTTTTTCACATTCCCATCTCGA	1
420	419	1	TTTTTTTCACATTCCCATCTCGAT	1
421	420	1	TTTTTTCACATTCCCATCTCGATT	1
422	421	1	TTTTTCACATTCCCATCTCGATTG	1
423	422	1	TTTTCACATTCCCATCTCGATTGC	1
424	423	1	TTTCACATTCCCATCTCGATTGCT	1
425	424	1	TTCACATTCCCATCTCGATTGCTT	1
426	425	1	TCACATTCCCATCTCGATTGCTTT	1
427	426	1	CACATTCCCATCTCGATTGCTTTA	1
428	427	1	ACATTCCCATCTCGATTGCTTTAT	1
429	-1	0	TCGGTATAATCCGGTAACAGATTC	1
430	429	1	CGGTATAATCCGGTAACAGATTCG	1
431	430	1	GGTATAATCCGGTAACAGATTCGT	1
432	431	2	GTATAATCCGGTAACAGATTCGTA	1
433	432	2	TATAATCCGGTAACAGATTCGTAT	1
434	433	2	ATAATCCGGTAACAGATTCGTATT	1
435	434	2	TAATCCGGTAACAGATTCGTATTC	1
436	435	2	AATCCGGTAACAGATTCGTATTCG	1
437	436	2	ATCCGGTAACAGATTCGTATTCGT	1
438	437	2	TCCGGTAACAGATTCGTATTCGTA	1
439	438	2	CCGGTAACAGATTCGTATTCGTAT	1
440	439	2	CGGTAACAGATTCGTATTCGTATT	1
441	440	2	GGTAACAGATTCGTATTCGTATTC	1
442	441	2	GTAACAGATTCGTATTCGTATTCT	1
443	442	2	TAACAGATTCGTATTCGTATTCTT	1
444	443	2	AACAGATTCGTATTCGTATTCTTC	1
445	444	2	ACAGATTCGTATTCGTATTCTTCG	1
446	445	2	CAGATTCGTATTCGTATTCTTCGG	1
447	446	2	AGATTCGTATTCGTATTCTTCGGC	1
448	447	3	GATTCGTATTCGTATTCTTCGGCG	1
449	448	3	ATTCGTATTCGTATTCTTCGGCGC	1
450	449	3	TTCGTATTCGTATTCTTCGGCGCG	1
451	450	3	TCGTATTCGTATTCTTCGGCGCGG	1
452	451	3	CGTATTCGTATTCTTCGGCGCGGC	1
453	452	3	GTATTCGTATTCTTCGGCGCGGCA	1
454	453	3	TATTCGTATTCTTCGGCGCGGCAA	1
455	454	3	ATTCGTATTCTTCGGCGCGGCAAG	1
456	455	3	TTCGTATTCTTCGGCGCGGCAAGG	1
457	456	3	TCGTATTCTTCGGCGCGGCAAGGT	1
458	457	3	CGTATTCTTCGGCGCGGCAAGGTC	1
459	458	3	GTATTCTTCGGCGCGGCAAGGTCT	1
460	459	3	TATTCTTCGGCGCGGCAAGGTCTA	1
461	460	3	ATTCTTCGGCGCGGCAAGGTCTAA	1
462	461	3	TTCTTCGGCGCGGCAAGGTCTAAT	1
463	462	3	TCTTCGGCGCGGCAAGGTCTAATT	1
464	463	3	CTTCGGCGCGGCAAGGTCTAATTA	1
465	464	3	TTCGGCGCGGCAAGGTCTAATTAC	1
466	465	3	TCGGCGCGGCAAGGTCTAATTACT	1
467	466	6	CGGCGCGGCAAGGTCTAATTACTG	1
468	467	6	GGCGCGGCAAGGTCTAATTACTGG	1
469	468	6	GCGCGGCAAGGTCTAATTACTGGT	1
470	469	6	CGCGGCAAGGTCTAATTACTGGTA	1
471	470	6	GCGGCAAGGTCTAATTACTGGTAT	1
472	471	6	CGGCAAGGTCTAATTACTGGTATG	1
473	472	6	GGCAAGGTCTAATTACTGGTATGG	1
474	473	5	GCAAGGTCTAATTACTGGTATGGT	1
475	474	5	CAAGGTCTAATTACTGGTATGGTT	1
476	475	4	AAGGTCTAATTACTGGTATGGTTA	1
477	476	4	AGGTCTAATTACTGGTATGGTTAA	1
478	477	4	GGTCTAATTACTGGTATGGTTAAC	1
479	478	4	GTCTAATTACTGGTATGGTTAACG	1
480	479	4	TCTAATTACTGGTATGGTTAACGT	1
481	480	4	CTAATTACTGGTATGGTTAACGTT	1
482	481	4	TAATTACTGGTATGGTTAACGTTG	1
483	482	4	AATTACTGGTATGGTTAACGTTGG	1
484	483	4	ATTACTGGTATGGTTAACGTTGGT	1
485	484	4	TTACTGGTATGGTTAACGTTGGTT	1
486	485	4	TACTGGTATGGTTAACGTTGGTTC	1
487	486	4	ACTGGTATGGTTAACGTTGGTTCT	1
488	487	5	CTGGTATGGTTAACGTTGGTTCTT	1
489	488	5	TGGTATGGTTAACGTTGGTTCTTT	1
490	489	5	GGTATGGTTAACGTTGGTTCTTTC	1
491	490	5	GTATGGTTAACGTTGGTTCTTTCT	1
492	491	4	TATGGTTAACGTTGGTTCTTTCTT	1
493	492	4	ATGGTTAACGTTGGTTCTTTCTTT	1
494	493	4	TGGTTAACGTTGGTTCTTTCTTTG	1
495	494	4	GGTTAACGTTGGTTCTTTCTTTGG	1
496	495	4	GTTAACGTTGGTTCTTTCTTTGGT	1
497	496	4	TTAACGTTGGTTCTTTCTTTGGTT	1
498	497	4	TAACGTTGGTTCTTTCTTTGGTTG	1
499	498	4	AACGTTGGTTCTTTCTTTGGTTGT	1
500	499	4	ACGTTGGTTCTTTCTTTGGTTGTT	1
501	500	4	CGTTGGTTCTTTCTTTGGTTGTTT	1
502	501	4	GTTGGTTCTTTCTTTGGTTGTTTC	1
503	502	4	TTGGTTCTTTCTTTGGTTGTTTCC	1
504	503	4	TGGTTCTTTCTTTGGTTGTTTCCT	1
505	504	4	GGTTCTTTCTTTGGTTGTTTCCTT	1
506	505	4	GTTCTTTCTTTGGTTGTTTCCTTT	1
507	506	4	TTCTTTCTTTGGTTGTTTCCTTTC	1
508	507	4	TCTTTCTTTGGTTGTTTCCTTTCT	1
509	508	4	CTTTCTTTGGTTGTTTCCTTTCTT	1
510	509	4	TTTCTTTGGTTGTTTCCTTTCTTC	1
511	510	1	TTCTTTGGTTGTTTCCTTTCTTCC	1
512	511	1	TCTTTGGTTGTTTCCTTTCTTCCC	1
513	512	1	CTTTGGTTGTTTCCTTTCTTCCCC	1
514	513	1	TTTGGTTGTTTCCTTTCTTCCCCT	1
515	514	1	TTGGTTGTTTCCTTTCTTCCCCTC	1
516	515	1	TGGTTGTTTCCTTTCTTCCCCTCT	1
517	516	1	GGTTGTTTCCTTTCTTCCCCTCTT	1
518	517	1	GTTGTTTCCTTTCTTCCCCTCTTA	1
519	518	1	TTGTTTCCTTTCTTCCCCTCTTAT	1
520	519	1	TGTTTCCTTTCTTCCCCTCTTATG	1
521	520	1	GTTTCCTTTCTTCCCCTCTTATGG	1
522	521	1	TTTCCTTTCTTCCCCTCTTATGGA	1
523	522	1	TTCCTTTCTTCCCCTCTTATGGAT	1
524	523	1	TCCTTTCTTCCCCTCTTATGGATC	1
525	524	1	CCTTTCTTCCCCTCTTATGGATCG	1
526	525	1	CTTTCTTCCCCTCTTATGGATCGC	1
527	526	1	TTTCTTCCCCTCTTATGGATCGCA	1
528	527	1	TTCTTCCCCTCTTATGGATCGCAT	1
529	528	1	TCTTCCCCTCTTATGGATCGCATT	1
530	529	1	CTTCCCCTCTTATGGATCGCATTG	1
531	530	1	TTCCCCTCTTATGGATCGCATTGG	1
532	-1	0	TACCATTGTCGCCACCGATCAATT	1
533	532	1	ACCATTGTCGCCACCGATCAATTG	1
534	533	1	CCATTGTCGCCACCGATCAATTGG	1
535	534	1	CATTGTCGCCACCGATCAATTGGC	1
536	535	1	ATTGTCGCCACCGATCAATTGGCT	1
537	536	1	TTGTCGCCACCGATCAATTGGCTG	1
538	537	1	TGTCGCCACCGATCAATTGGCTGT	1
539	538	1	GTCGCCACCGATCAATTGGCTGTC	1
540	539	1	TCGCCACCGATCAATTGGCTGTCA	1
541	540	1	CGCCACCGATCAATTGGCTGTCAC	1
542	541	1	GCCACCGATCAATTGGCTGTCACT	1
543	542	1	CCACCGATCAATTGGCTGTCACTA	1
544	543	1	CACCGATCAATTGGCTGTCACTAG	1
545	544	1	ACCGATCAATTGGCTGTCACTAGT	1
546	545	1	CCGATCAATTGGCTGTCACTAGTA	1
547	546	1	CGATCAATTGGCTGTCACTAGTAG	1
548	547	1	GATCAATTGGCTGTCACTAGTAGT	1
549	548	1	ATCAATTGGCTGTCACTAGTAGTA	1
550	549	1	TCAATTGGCTGTCACTAGTAGTAT	1
551	550	1	CAATTGGCTGTCACTAGTAGTATT	1
552	551	1	AATTGGCTGTCACTAGTAGTATTT	1
553	552	1	ATTGGCTGTCACTAGTAGTATTTT	1
554	553	1	TTGGCTGTCACTAGTAGTATTTTC	1
555	554	1	TGGCTGTCACTAGTAGTATTTTCA	1
556	555	1	GGCTGTCACTAGTAGTATTTTCAT	1
557	556	1	GCTGTCACTAGTAGTATTTTCATT	1
558	557	1	CTGTCACTAGTAGTATTTTCATTG	1
559	558	1	TGTCACTAGTAGTATTTTCATTGC	1
560	559	1	GTCACTAGTAGTATTTTCATTGCC	1
561	560	1	TCACTAGTAGTATTTTCATTGCCG	1
562	561	1	CACTAGTAGTATTTTCATTGCCGC	1
563	562	1	ACTAGTAGTATTTTCATTGCCGCT	1
564	563	1	CTAGTAGTATTTTCATTGCCGCTT	1
565	564	1	TAGTAGTATTTTCATTGCCGCTTG	1
566	565	1	AGTAGTATTTTCATTGCCGCTTGT	1
567	566	1	GTAGTATTTTCATTGCCGCTTGTA	1
568	567	1	TAGTATTTTCATTGCCGCTTGTAT	1
569	568	1	AGTATTTTCATTGCCGCTTGTATC	1
570	569	1	GTATTTTCATTGCCGCTTGTATCA	1
571	570	2	TATTTTCATTGCCGCTTGTATCAA	1
572	571	2	ATTTTCATTGCCGCTTGTATCAAC	1
573	572	2	TTTTCATTGCCGCTTGTATCAACA	1
574	573	2	TTTCATTGCCGCTTGTATCAACAT	1
575	574	2	TTCATTGCCGCTTGTATCAACATG	1
576	575	2	TCATTGCCGCTTGTATCAACATGG	1
577	576	1	CATTGCCGCTTGTATCAACATGGG	1
578	577	1	ATTGCCGCTTGTATCAACATGGGT	1
579	578	1	TTGCCGCTTGTATCAACATGGGTA	1
580	579	1	TGCCGCTTGTATCAACATGGGTAC	1
581	580	1	GCCGCTTGTATCAACATGGGTACT	1
582	581	1	CCGCTTGTATCAACATGGGTACTC	1
583	582	1	CGCTTGTATCAACATGGGTACTCA	1
584	583	1	GCTTGTATCAACATGGGTACTCAC	1
585	584	1	CTTGTATCAACATGGGTACTCACA	1
586	585	1	TTGTATCAACATGGGTACTCACAA	1
587	586	1	TGTATCAACATGGGTACTCACAAG	1
588	587	1	GTATCAACATGGGTACTCACAAGT	1
589	588	1	TATCAACATGGGTACTCACAAGTT	1
590	589	1	ATCAACATGGGTACTCACAAGTTG	1
591	590	1	TCAACATGGGTACTCACAAGTTGC	1
592	591	1	CAACATGGGTACTCACAAGTTGCA	1
593	592	1	AACATGGGTACTCACAAGTTGCAC	1
594	593	1	ACATGGGTACTCACAAGTTGCACA	1
595	594	1	CATGGGTACTCACAAGTTGCACAA	1
596	595	2	ATGGGTACTCACAAGTTGCACAAG	1
597	596	2	TGGGTACTCACAAGTTGCACAAGA	1
598	597	2	GGGTACTCACAAGTTGCACAAGAC	1
599	598	2	GGTACTCACAAGTTGCACAAGACT	1
600	599	2	GTACTCACAAGTTGCACAAGACTG	1
601	600	2	TACTCACAAGTTGCACAAGACTGC	1
602	601	2	ACTCACAAGTTGCACAAGACTGCT	1
603	602	2	CTCACAAGTTGCACAAGACTGCTC	1
604	603	2	TCACAAGTTGCACAAGACTGCTCA	1
605	604	2	CACAAGTTGCACAAGACTGCTCAA	1
606	605	2	ACAAGTTGCACAAGACTGCTCAAT	1
607	606	2	CAAGTTGCACAAGACTGCTCAATG	1
608	607	2	AAGTTGCACAAGACTGCTCAATGG	1
609	608	3	AGTTGCACAAGACTGCTCAATGGC	1
610	609	3	GTTGCACAAGACTGCTCAATGGCG	1
611	610	3	TTGCACAAGACTGCTCAATGGCGT	1
612	611	3	TGCACAAGACTGCTCAATGGCGTG	1
613	612	3	GCACAAGACTGCTCAATGGCGTGT	1
614	613	2	CACAAGACTGCTCAATGGCGTGTA	1
615	614	2	ACAAGACTGCTCAATGGCGTGTAT	1
616	615	2	CAAGACTGCTCAATGGCGTGTATC	1
617	616	3	AAGACTGCTCAATGGCGTGTATCC	1
618	617	3	AGACTGCTCAATGGCGTGTATCCA	1
619	618	3	GACTGCTCAATGGCGTGTATCCAT	1
620	619	3	ACTGCTCAATGGCGTGTATCCATG	1
621	620	3	CTGCTCAATGGCGTGTATCCATGG	1
622	621	3	TGCTCAATGGCGTGTATCCATGGG	1
623	622	3	GCTCAATGGCGTGTATCCATGGGT	1
624	623	3	CTCAATGGCGTGTATCCATGGGTA	1
625	624	3	TCAATGGCGTGTATCCATGGGTAT	1
626	625	3	CAATGGCGTGTATCCATGGGTATT	1
627	626	3	AATGGCGTGTATCCATGGGTATTA	1
628	627	3	ATGGCGTGTATCCATGGGTATTAA	1
629	628	3	TGGCGTGTATCCATGGGTATTAAC	1
630	629	3	GGCGTGTATCCATGGGTATTAACT	1
631	630	3	GCGTGTATCCATGGGTATTAACTT	1
632	631	3	CGTGTATCCATGGGTATTAACTTG	1
633	632	3	GTGTATCCATGGGTATTAACTTGC	1
634	633	3	TGTATCCATGGGTATTAACTTGCT	1
635	634	3	GTATCCATGGGTATTAACTTGCTT	1
636	635	3	TATCCATGGGTATTAACTTGCTTT	1
637	636	3	ATCCATGGGTATTAACTTGCTTTG	1
638	637	3	TCCATGGGTATTAACTTGCTTTGG	1
639	638	3	CCATGGGTATTAACTTGCTTTGGG	1
640	639	2	CATGGGTATTAACTTGCTTTGGGG	1
641	640	2	ATGGGTATTAACTTGCTTTGGGGT	1
642	641	2	TGGGTATTAACTTGCTTTGGGGTA	1
643	642	2	GGGTATTAACTTGCTTTGGGGTAT	1
644	643	2	GGTATTAACTTGCTTTGGGGTATC	1
645	644	2	GTATTAACTTGCTTTGGGGTATCA	1
646	645	2	TATTAACTTGCTTTGGGGTATCAT	1
647	646	2	ATTAACTTGCTTTGGGGTATCATC	1
648	647	2	TTAACTTGCTTTGGGGTATCATCA	1
649	648	2	TAACTTGCTTTGGGGTATCATCAC	1
650	649	2	AACTTGCTTTGGGGTATCATCACC	1
651	650	2	ACTTGCTTTGGGGTATCATCACCT	1
652	651	2	CTTGCTTTGGGGTATCATCACCTT	1
653	652	2	TTGCTTTGGGGTATCATCACCTTC	1
654	653	2	TGCTTTGGGGTATCATCACCTTCA	1
655	654	2	GCTTTGGGGTATCATCACCTTCAT	1
656	655	2	CTTTGGGGTATCATCACCTTCATC	1
657	656	2	TTTGGGGTATCATCACCTTCATCG	1
658	657	2	TTGGGGTATCATCACCTTCATCGG	1
659	658	2	TGGGGTATCATCACCTTCATCGGT	1
660	659	2	GGGGTATCATCACCTTCATCGGTA	1
661	660	1	GGGTATCATCACCTTCATCGGTAT	1
662	661	1	GGTATCATCACCTTCATCGGTATT	1
663	662	1	GTATCATCACCTTCATCGGTATTT	1
664	663	1	TATCATCACCTTCATCGGTATTTC	1
665	664	1	ATCATCACCTTCATCGGTATTTCT	1
666	665	1	TCATCACCTTCATCGGTATTTCTT	1
667	666	1	CATCACCTTCATCGGTATTTCTTT	1
668	667	1	ATCACCTTCATCGGTATTTCTTTC	1
669	668	3	TCACCTTCATCGGTATTTCTTTCC	1
670	669	3	CACCTTCATCGGTATTTCTTTCCT	1
671	670	4	ACCTTCATCGGTATTTCTTTCCTT	1
672	671	4	CCTTCATCGGTATTTCTTTCCTTC	1
673	672	4	CTTCATCGGTATTTCTTTCCTTCC	1
674	673	5	TTCATCGGTATTTCTTTCCTTCCT	1
675	674	6	TCATCGGTATTTCTTTCCTTCCTG	1
676	675	6	CATCGGTATTTCTTTCCTTCCTGA	1
677	676	6	ATCGGTATTTCTTTCCTTCCTGAA	1
678	677	6	TCGGTATTTCTTTCCTTCCTGAAT	1
679	678	6	CGGTATTTCTTTCCTTCCTGAATC	1
680	679	6	GGTATTTCTTTCCTTCCTGAATCC	1
681	680	6	GTATTTCTTTCCTTCCTGAATCCC	1
682	681	6	TATTTCTTTCCTTCCTGAATCCCC	1
683	682	6	ATTTCTTTCCTTCCTGAATCCCCT	1
684	683	6	TTTCTTTCCTTCCTGAATCCCCTC	1
685	684	6	TTCTTTCCTTCCTGAATCCCCTCG	1
686	685	6	TCTTTCCTTCCTGAATCCCCTCGT	1
687	686	6	CTTTCCTTCCTGAATCCCCTCGTT	1
688	687	6	TTTCCTTCCTGAATCCCCTCGTTA	1
689	688	6	TTCCTTCCTGAATCCCCTCGTTAT	1
690	689	6	TCCTTCCTGAATCCCCTCGTTATT	1
691	690	6	CCTTCCTGAATCCCCTCGTTATTT	1
692	691	6	CTTCCTGAATCCCCTCGTTATTTG	1
693	692	6	TTCCTGAATCCCCTCGTTATTTGA	1
694	693	6	TCCTGAATCCCCTCGTTATTTGAT	1
695	694	5	CCTGAATCCCCTCGTTATTTGATC	1
696	695	5	CTGAATCCCCTCGTTATTTGATCT	1
697	696	4	TGAATCCCCTCGTTATTTGATCTC	1
698	697	4	GAATCCCCTCGTTATTTGATCTCT	1
699	698	4	AATCCCCTCGTTATTTGATCTCTG	1
700	699	4	ATCCCCTCGTTATTTGATCTCTGT	1
701	700	4	TCCCCTCGTTATTTGATCTCTGTT	1
702	701	4	CCCCTCGTTATTTGATCTCTGTTG	1
703	702	4	CCCTCGTTATTTGATCTCTGTTGG	1
704	703	3	CCTCGTTATTTGATCTCTGTTGGT	1
705	704	3	CTCGTTATTTGATCTCTGTTGGTA	1
706	705	3	TCGTTATTTGATCTCTGTTGGTAG	1
707	706	3	CGTTATTTGATCTCTGTTGGTAGA	1
708	707	3	GTTATTTGATCTCTGTTGGTAGAG	1
709	708	3	TTATTTGATCTCTGTTGGTAGAGA	1
710	709	3	TATTTGATCTCTGTTGGTAGAGAT	1
711	710	3	ATTTGATCTCTGTTGGTAGAGATG	1
712	711	4	TTTGATCTCTGTTGGTAGAGATGA	1
713	712	3	TTGATCTCTGTTGGTAGAGATGAA	1
714	713	3	TGATCTCTGTTGGTAGAGATGAAG	1
715	714	2	GATCTCTGTTGGTAGAGATGAAGA	1
716	715	3	ATCTCTGTTGGTAGAGATGAAGAG	1
717	716	3	TCTCTGTTGGTAGAGATGAAGAGG	1
718	717	2	CTCTGTTGGTAGAGATGAAGAGGC	1
719	718	3	TCTGTTGGTAGAGATGAAGAGGCT	1
720	719	3	CTGTTGGTAGAGATGAAGAGGCTC	1
721	720	3	TGTTGGTAGAGATGAAGAGGCTCT	1
722	721	3	GTTGGTAGAGATGAAGAGGCTCTT	1
723	722	3	TTGGTAGAGATGAAGAGGCTCTTC	1
724	723	3	TGGTAGAGATGAAGAGGCTCTTCA	1
725	724	3	GGTAGAGATGAAGAGGCTCTTCAA	1
726	725	3	GTAGAGATGAAGAGGCTCTTCAAA	1
727	726	3	TAGAGATGAAGAGGCTCTTCAAAT	1
728	727	3	AGAGATGAAGAGGCTCTTCAAATT	1
729	728	3	GAGATGAAGAGGCTCTTCAAATTA	1
730	729	3	AGATGAAGAGGCTCTTCAAATTAT	1
731	730	3	GATGAAGAGGCTCTTCAAATTATG	1
732	731	4	ATGAAGAGGCTCTTCAAATTATGG	1
733	732	4	TGAAGAGGCTCTTCAAATTATGGC	1
734	733	4	GAAGAGGCTCTTCAAATTATGGCC	1
735	734	4	AAGAGGCTCTTCAAATTATGGCCA	1
736	735	4	AGAGGCTCTTCAAATTATGGCCAA	1
737	736	4	GAGGCTCTTCAAATTATGGCCAAG	1
738	737	4	AGGCTCTTCAAATTATGGCCAAGA	1
739	738	4	GGCTCTTCAAATTATGGCCAAGAA	1
740	739	5	GCTCTTCAAATTATGGCCAAGAAC	1
741	740	5	CTCTTCAAATTATGGCCAAGAACA	1
742	741	5	TCTTCAAATTATGGCCAAGAACAA	1
743	742	5	CTTCAAATTATGGCCAAGAACAAC	1
744	743	5	TTCAAATTATGGCCAAGAACAACG	1
745	744	5	TCAAATTATGGCCAAGAACAACGA	1
746	745	5	CAAATTATGGCCAAGAACAACGAT	1
747	746	5	AAATTATGGCCAAGAACAACGATC	1
748	747	5	AATTATGGCCAAGAACAACGATCT	1
749	748	5	ATTATGGCCAAGAACAACGATCTT	1
750	749	5	TTATGGCCAAGAACAACGATCTTC	1
751	750	4	TATGGCCAAGAACAACGATCTTCC	1
752	751	4	ATGGCCAAGAACAACGATCTTCCT	1
753	752	4	TGGCCAAGAACAACGATCTTCCTA	1
754	753	4	GGCCAAGAACAACGATCTTCCTAT	1
755	754	4	GCCAAGAACAACGATCTTCCTATC	1
756	755	3	CCAAGAACAACGATCTTCCTATCG	1
757	756	3	CAAGAACAACGATCTTCCTATCGA	1
758	757	3	AAGAACAACGATCTTCCTATCGAA	1
759	758	3	AGAACAACGATCTTCCTATCGAAC	1
760	759	3	GAACAACGATCTTCCTATCGAACA	1
761	760	3	AACAACGATCTTCCTATCGAACAC	1
762	761	3	ACAACGATCTTCCTATCGAACACG	1
763	762	2	CAACGATCTTCCTATCGAACACGA	1
764	763	3	AACGATCTTCCTATCGAACACGAA	1
765	764	3	ACGATCTTCCTATCGAACACGAAG	1
766	765	3	CGATCTTCCTATCGAACACGAAGT	1
767	766	3	GATCTTCCTATCGAACACGAAGTT	1
768	767	3	ATCTTCCTATCGAACACGAAGTTA	1
769	768	3	TCTTCCTATCGAACACGAAGTTAT	1
770	769	3	CTTCCTATCGAACACGAAGTTATC	1
771	770	3	TTCCTATCGAACACGAAGTTATCC	1
772	771	3	TCCTATCGAACACGAAGTTATCCA	1
773	772	3	CCTATCGAACACGAAGTTATCCAA	1
774	773	3	CTATCGAACACGAAGTTATCCAAA	1
775	774	3	TATCGAACACGAAGTTATCCAAAC	1
776	775	2	ATCGAACACGAAGTTATCCAAACG	1
777	776	2	TCGAACACGAAGTTATCCAAACGG	1
778	777	2	CGAACACGAAGTTATCCAAACGGA	1
779	778	2	GAACACGAAGTTATCCAAACGGAA	1
780	779	3	AACACGAAGTTATCCAAACGGAAT	1
781	780	3	ACACGAAGTTATCCAAACGGAATA	1
782	781	3	CACGAAGTTATCCAAACGGAATAC	1
783	782	4	ACGAAGTTATCCAAACGGAATACC	1
784	783	3	CGAAGTTATCCAAACGGAATACCA	1
785	784	3	GAAGTTATCCAAACGGAATACCAT	1
786	785	3	AAGTTATCCAAACGGAATACCATG	1
787	786	3	AGTTATCCAAACGGAATACCATGT	1
788	787	3	GTTATCCAAACGGAATACCATGTT	1
789	788	3	TTATCCAAACGGAATACCATGTTA	1
790	789	3	TATCCAAACGGAATACCATGTTAT	1
791	790	3	ATCCAAACGGAATACCATGTTATT	1
792	791	3	TCCAAACGGAATACCATGTTATTA	1
793	792	3	CCAAACGGAATACCATGTTATTAA	1
794	793	3	CAAACGGAATACCATGTTATTAAG	1
795	794	3	AAACGGAATACCATGTTATTAAGT	1
796	795	3	AACGGAATACCATGTTATTAAGTC	1
797	796	3	ACGGAATACCATGTTATTAAGTCT	1
798	797	3	CGGAATACCATGTTATTAAGTCTG	1
799	798	4	GGAATACCATGTTATTAAGTCTGA	1
800	799	4	GAATACCATGTTATTAAGTCTGAT	1
801	800	4	AATACCATGTTATTAAGTCTGATT	1
802	801	4	ATACCATGTTATTAAGTCTGATTG	1
803	802	4	TACCATGTTATTAAGTCTGATTGT	1
804	803	4	ACCATGTTATTAAGTCTGATTGTG	1
805	804	4	CCATGTTATTAAGTCTGATTGTGA	1
806	805	4	CATGTTATTAAGTCTGATTGTGAA	1
807	806	4	ATGTTATTAAGTCTGATTGTGAAG	1
808	807	3	TGTTATTAAGTCTGATTGTGAAGC	1
809	808	3	GTTATTAAGTCTGATTGTGAAGCT	1
810	809	3	TTATTAAGTCTGATTGTGAAGCTG	1
811	810	3	TATTAAGTCTGATTGTGAAGCTGA	1
812	811	3	ATTAAGTCTGATTGTGAAGCTGAA	1
813	812	3	TTAAGTCTGATTGTGAAGCTGAAT	1
814	813	3	TAAGTCTGATTGTGAAGCTGAATT	1
815	814	3	AAGTCTGATTGTGAAGCTGAATTG	1
816	815	3	AGTCTGATTGTGAAGCTGAATTGG	1
817	816	3	GTCTGATTGTGAAGCTGAATTGGC	1
818	817	4	TCTGATTGTGAAGCTGAATTGGCT	1
819	818	4	CTGATTGTGAAGCTGAATTGGCTG	1
820	819	4	TGATTGTGAAGCTGAATTGGCTGG	1
821	820	4	GATTGTGAAGCTGAATTGGCTGGT	1
822	821	4	ATTGTGAAGCTGAATTGGCTGGTG	1
823	822	4	TTGTGAAGCTGAATTGGCTGGTGG	1
824	823	3	TGTGAAGCTGAATTGGCTGGTGGT	1
825	824	4	GTGAAGCTGAATTGGCTGGTGGTC	1
826	825	5	TGAAGCTGAATTGGCTGGTGGTCC	1
827	826	4	GAAGCTGAATTGGCTGGTGGTCCC	1
828	827	4	AAGCTGAATTGGCTGGTGGTCCCG	1
829	828	4	AGCTGAATTGGCTGGTGGTCCCGC	1
830	829	4	GCTGAATTGGCTGGTGGTCCCGCT	1
831	830	4	CTGAATTGGCTGGTGGTCCCGCTA	1
832	831	4	TGAATTGGCTGGTGGTCCCGCTAC	1
833	832	4	GAATTGGCTGGTGGTCCCGCTACT	1
834	833	4	AATTGGCTGGTGGTCCCGCTACTT	1
835	834	4	ATTGGCTGGTGGTCCCGCTACTTG	1
836	835	4	TTGGCTGGTGGTCCCGCTACTTGG	1
837	836	4	TGGCTGGTGGTCCCGCTACTTGGC	1
838	837	4	GGCTGGTGGTCCCGCTACTTGGCC	1
839	838	4	GCTGGTGGTCCCGCTACTTGGCCC	1
840	839	4	CTGGTGGTCCCGCTACTTGGCCCG	1
841	840	4	TGGTGGTCCCGCTACTTGGCCCGA	1
842	841	4	GGTGGTCCCGCTACTTGGCCCGAA	1
843	842	3	GTGGTCCCGCTACTTGGCCCGAAA	1
844	843	3	TGGTCCCGCTACTTGGCCCGAAAT	1
845	844	3	GGTCCCGCTACTTGGCCCGAAATT	1
846	845	4	GTCCCGCTACTTGGCCCGAAATTT	1
847	846	4	TCCCGCTACTTGGCCCGAAATTTT	1
848	847	4	CCCGCTACTTGGCCCGAAATTTTT	1
849	848	4	CCGCTACTTGGCCCGAAATTTTTG	1
850	849	4	CGCTACTTGGCCCGAAATTTTTGG	1
851	850	4	GCTACTTGGCCCGAAATTTTTGGT	1
852	851	4	CTACTTGGCCCGAAATTTTTGGTC	1
853	852	4	TACTTGGCCCGAAATTTTTGGTCC	1
854	853	4	ACTTGGCCCGAAATTTTTGGTCCC	1
855	854	4	CTTGGCCCGAAATTTTTGGTCCCG	1
856	855	4	TTGGCCCGAAATTTTTGGTCCCGA	1
857	856	5	TGGCCCGAAATTTTTGGTCCCGAC	1
858	857	5	GGCCCGAAATTTTTGGTCCCGACA	1
859	858	5	GCCCGAAATTTTTGGTCCCGACAT	1
860	859	5	CCCGAAATTTTTGGTCCCGACATT	1
861	860	5	CCGAAATTTTTGGTCCCGACATTC	1
862	861	4	CGAAATTTTTGGTCCCGACATTCG	1
863	862	5	GAAATTTTTGGTCCCGACATTCGT	1
864	863	5	AAATTTTTGGTCCCGACATTCGTT	1
865	864	5	AATTTTTGGTCCCGACATTCGTTA	1
866	865	5	ATTTTTGGTCCCGACATTCGTTAT	1
867	866	6	TTTTTGGTCCCGACATTCGTTATC	1
868	867	6	TTTTGGTCCCGACATTCGTTATCG	1
869	868	5	TTTGGTCCCGACATTCGTTATCGT	1
870	869	4	TTGGTCCCGACATTCGTTATCGTA	1
871	870	4	TGGTCCCGACATTCGTTATCGTAC	1
872	871	5	GGTCCCGACATTCGTTATCGTACC	1
873	872	5	GTCCCGACATTCGTTATCGTACCT	1
874	873	6	TCCCGACATTCGTTATCGTACCTT	1
875	874	6	CCCGACATTCGTTATCGTACCTTC	1
876	875	6	CCGACATTCGTTATCGTACCTTCC	1
877	876	6	CGACATTCGTTATCGTACCTTCCT	1
878	877	6	GACATTCGTTATCGTACCTTCCTT	1
879	878	6	ACATTCGTTATCGTACCTTCCTTG	1
880	879	6	CATTCGTTATCGTACCTTCCTTGG	1
881	880	6	ATTCGTTATCGTACCTTCCTTGGT	1
882	881	7	TTCGTTATCGTACCTTCCTTGGTC	1
883	882	7	TCGTTATCGTACCTTCCTTGGTCT	1
884	883	7	CGTTATCGTACCTTCCTTGGTCTT	1
885	884	9	GTTATCGTACCTTCCTTGGTCTTG	1
886	885	9	TTATCGTACCTTCCTTGGTCTTGG	1
887	886	9	TATCGTACCTTCCTTGGTCTTGGT	1
888	887	9	ATCGTACCTTCCTTGGTCTTGGTG	1
889	888	9	TCGTACCTTCCTTGGTCTTGGTGT	1
890	889	8	CGTACCTTCCTTGGTCTTGGTGTC	1
891	890	8	GTACCTTCCTTGGTCTTGGTGTCA	1
892	891	8	TACCTTCCTTGGTCTTGGTGTCAT	1
893	892	8	ACCTTCCTTGGTCTTGGTGTCATG	1
894	893	8	CCTTCCTTGGTCTTGGTGTCATGT	1
895	894	8	CTTCCTTGGTCTTGGTGTCATGTC	1
896	895	8	TTCCTTGGTCTTGGTGTCATGTCT	1
897	896	8	TCCTTGGTCTTGGTGTCATGTCTC	1
898	897	8	CCTTGGTCTTGGTGTCATGTCTCT	1
899	898	8	CTTGGTCTTGGTGTCATGTCTCTT	1
900	899	8	TTGGTCTTGGTGTCATGTCTCTTC	1
901	900	7	TGGTCTTGGTGTCATGTCTCTTCA	1
902	901	7	GGTCTTGGTGTCATGTCTCTTCAA	1
903	902	7	GTCTTGGTGTCATGTCTCTTCAAC	1
904	903	7	TCTTGGTGTCATGTCTCTTCAACA	1
905	904	7	CTTGGTGTCATGTCTCTTCAACAA	1
906	905	7	TTGGTGTCATGTCTCTTCAACAAC	1
907	906	6	TGGTGTCATGTCTCTTCAACAACT	1
908	907	6	GGTGTCATGTCTCTTCAACAACTT	1
909	908	6	GTGTCATGTCTCTTCAACAACTTA	1
910	909	6	TGTCATGTCTCTTCAACAACTTAC	1
911	910	5	GTCATGTCTCTTCAACAACTTACC	1
912	911	5	TCATGTCTCTTCAACAACTTACCG	1
913	912	5	CATGTCTCTTCAACAACTTACCGG	1
914	913	4	ATGTCTCTTCAACAACTTACCGGT	1
915	914	4	TGTCTCTTCAACAACTTACCGGTG	1
916	915	3	GTCTCTTCAACAACTTACCGGTGA	1
917	916	3	TCTCTTCAACAACTTACCGGTGAT	1
918	917	2	CTCTTCAACAACTTACCGGTGATA	1
919	918	3	TCTTCAACAACTTACCGGTGATAA	1
920	919	3	CTTCAACAACTTACCGGTGATAAC	1
921	920	3	TTCAACAACTTACCGGTGATAACT	1
922	921	3	TCAACAACTTACCGGTGATAACTA	1
923	922	3	CAACAACTTACCGGTGATAACTAC	1
924	923	3	AACAACTTACCGGTGATAACTACT	1
925	924	3	ACAACTTACCGGTGATAACTACTA	1
926	925	3	CAACTTACCGGTGATAACTACTAC	1
927	926	3	AACTTACCGGTGATAACTACTACT	1
928	927	4	ACTTACCGGTGATAACTACTACTT	1
929	928	3	CTTACCGGTGATAACTACTACTTC	1
930	929	5	TTACCGGTGATAACTACTACTTCT	1
931	930	5	TACCGGTGATAACTACTACTTCTA	1
932	931	5	ACCGGTGATAACTACTACTTCTAC	1
933	932	5	CCGGTGATAACTACTACTTCTACT	1
934	933	5	CGGTGATAACTACTACTTCTACTA	1
935	934	5	GGTGATAACTACTACTTCTACTAT	1
936	935	5	GTGATAACTACTACTTCTACTATG	1
937	936	5	TGATAACTACTACTTCTACTATGG	1
938	937	5	GATAACTACTACTTCTACTATGGT	1
939	938	5	ATAACTACTACTTCTACTATGGTT	1
940	939	5	TAACTACTACTTCTACTATGGTTT	1
941	940	6	AACTACTACTTCTACTATGGTTTC	1
942	941	6	ACTACTACTTCTACTATGGTTTCG	1
943	942	6	CTACTACTTCTACTATGGTTTCGA	1
944	943	6	TACTACTTCTACTATGGTTTCGAG	1
945	944	6	ACTACTTCTACTATGGTTTCGAGG	1
946	945	6	CTACTTCTACTATGGTTTCGAGGT	1
947	946	6	TACTTCTACTATGGTTTCGAGGTG	1
948	947	6	ACTTCTACTATGGTTTCGAGGTGT	1
949	948	6	CTTCTACTATGGTTTCGAGGTGTT	1
950	949	6	TTCTACTATGGTTTCGAGGTGTTT	1
951	950	7	TCTACTATGGTTTCGAGGTGTTTG	1
952	951	7	CTACTATGGTTTCGAGGTGTTTGA	1
953	952	8	TACTATGGTTTCGAGGTGTTTGAG	1
954	953	8	ACTATGGTTTCGAGGTGTTTGAGG	1
955	954	8	CTATGGTTTCGAGGTGTTTGAGGG	1
956	955	8	TATGGTTTCGAGGTGTTTGAGGGT	1
957	956	8	ATGGTTTCGAGGTGTTTGAGGGTA	1
958	957	8	TGGTTTCGAGGTGTTTGAGGGTAC	1
959	958	8	GGTTTCGAGGTGTTTGAGGGTACT	1
960	959	8	GTTTCGAGGTGTTTGAGGGTACTG	1
961	960	8	TTTCGAGGTGTTTGAGGGTACTGG	1
962	961	8	TTCGAGGTGTTTGAGGGTACTGGT	1
963	962	7	TCGAGGTGTTTGAGGGTACTGGTA	1
964	963	7	CGAGGTGTTTGAGGGTACTGGTAT	1
965	964	7	GAGGTGTTTGAGGGTACTGGTATG	1
966	965	7	AGGTGTTTGAGGGTACTGGTATGA	1
967	966	7	GGTGTTTGAGGGTACTGGTATGAA	1
968	967	7	GTGTTTGAGGGTACTGGTATGAAC	1
969	968	7	TGTTTGAGGGTACTGGTATGAACT	1
970	969	7	GTTTGAGGGTACTGGTATGAACTC	1
971	970	7	TTTGAGGGTACTGGTATGAACTCT	1
972	971	6	TTGAGGGTACTGGTATGAACTCTC	1
973	972	5	TGAGGGTACTGGTATGAACTCTCC	1
974	973	3	GAGGGTACTGGTATGAACTCTCCT	1
975	974	3	AGGGTACTGGTATGAACTCTCCTT	1
976	975	3	GGGTACTGGTATGAACTCTCCTTA	1
977	976	3	GGTACTGGTATGAACTCTCCTTAT	1
978	977	3	GTACTGGTATGAACTCTCCTTATC	1
979	978	3	TACTGGTATGAACTCTCCTTATCT	1
980	979	3	ACTGGTATGAACTCTCCTTATCTT	1
981	980	3	CTGGTATGAACTCTCCTTATCTTT	1
982	981	3	TGGTATGAACTCTCCTTATCTTTC	1
983	982	7	GGTATGAACTCTCCTTATCTTTCT	1
984	983	7	GTATGAACTCTCCTTATCTTTCTG	1
985	984	6	TATGAACTCTCCTTATCTTTCTGC	1
986	985	6	ATGAACTCTCCTTATCTTTCTGCT	1
987	986	6	TGAACTCTCCTTATCTTTCTGCTT	1
988	987	6	GAACTCTCCTTATCTTTCTGCTTT	1
989	988	6	AACTCTCCTTATCTTTCTGCTTTG	1
990	989	6	ACTCTCCTTATCTTTCTGCTTTGA	1
991	990	6	CTCTCCTTATCTTTCTGCTTTGAT	1
992	991	6	TCTCCTTATCTTTCTGCTTTGATT	1
993	992	6	CTCCTTATCTTTCTGCTTTGATTC	1
994	993	6	TCCTTATCTTTCTGCTTTGATTCT	1
995	994	5	CCTTATCTTTCTGCTTTGATTCTT	1
996	995	5	CTTATCTTTCTGCTTTGATTCTTG	1
997	996	4	TTATCTTTCTGCTTTGATTCTTGA	1
998	997	4	TATCTTTCTGCTTTGATTCTTGAT	1
999	998	4	ATCTTTCTGCTTTGATTCTTGATG	1
1000	999	4	TCTTTCTGCTTTGATTCTTGATGC	1
1001	1000	4	CTTTCTGCTTTGATTCTTGATGCC	1
1002	1001	4	TTTCTGCTTTGATTCTTGATGCCG	1
1003	1002	4	TTCTGCTTTGATTCTTGATGCCGT	1
1004	1003	4	TCTGCTTTGATTCTTGATGCCGTT	1
1005	1004	5	CTGCTTTGATTCTTGATGCCGTTA	1
1006	1005	5	TGCTTTGATTCTTGATGCCGTTAA	1
1007	1006	5	GCTTTGATTCTTGATGCCGTTAAC	1
1008	1007	5	CTTTGATTCTTGATGCCGTTAACT	1
1009	1008	5	TTTGATTCTTGATGCCGTTAACTT	1
1010	1009	5	TTGATTCTTGATGCCGTTAACTTT	1
1011	1010	5	TGATTCTTGATGCCGTTAACTTTG	1
1012	1011	5	GATTCTTGATGCCGTTAACTTTGG	1
1013	1012	5	ATTCTTGATGCCGTTAACTTTGGA	1
1014	1013	5	TTCTTGATGCCGTTAACTTTGGAT	1
1015	1014	5	TCTTGATGCCGTTAACTTTGGATG	1
1016	1015	5	CTTGATGCCGTTAACTTTGGATGT	1
1017	1016	5	TTGATGCCGTTAACTTTGGATGTA	1
1018	1017	5	TGATGCCGTTAACTTTGGATGTAC	1
1019	1018	5	GATGCCGTTAACTTTGGATGTACG	1
1020	1019	5	ATGCCGTTAACTTTGGATGTACGT	1
1021	1020	5	TGCCGTTAACTTTGGATGTACGTT	1
1022	1021	5	GCCGTTAACTTTGGATGTACGTTT	1
1023	1022	5	CCGTTAACTTTGGATGTACGTTTG	1
1024	1023	5	CGTTAACTTTGGATGTACGTTTGG	1
1025	1024	5	GTTAACTTTGGATGTACGTTTGGT	1
1026	1025	5	TTAACTTTGGATGTACGTTTGGTG	1
1027	1026	2	TAACTTTGGATGTACGTTTGGTGG	1
1028	1027	2	AACTTTGGATGTACGTTTGGTGGT	1
1029	1028	2	ACTTTGGATGTACGTTTGGTGGTC	1
1030	1029	2	CTTTGGATGTACGTTTGGTGGTCT	1
1031	1030	2	TTTGGATGTACGTTTGGTGGTCTT	1
1032	1031	3	TTGGATGTACGTTTGGTGGTCTTT	1
1033	1032	3	TGGATGTACGTTTGGTGGTCTTTT	1
1034	1033	3	GGATGTACGTTTGGTGGTCTTTTC	1
1035	1034	3	GATGTACGTTTGGTGGTCTTTTCG	1
1036	1035	3	ATGTACGTTTGGTGGTCTTTTCGT	1
1037	1036	3	TGTACGTTTGGTGGTCTTTTCGTC	1
1038	1037	3	GTACGTTTGGTGGTCTTTTCGTCC	1
1039	1038	3	TACGTTTGGTGGTCTTTTCGTCCT	1
1040	1039	3	ACGTTTGGTGGTCTTTTCGTCCTA	1
1041	1040	3	CGTTTGGTGGTCTTTTCGTCCTAG	1
1042	1041	4	GTTTGGTGGTCTTTTCGTCCTAGA	1
1043	1042	4	TTTGGTGGTCTTTTCGTCCTAGAG	1
1044	1043	4	TTGGTGGTCTTTTCGTCCTAGAGT	1
1045	1044	4	TGGTGGTCTTTTCGTCCTAGAGTT	1
1046	1045	4	GGTGGTCTTTTCGTCCTAGAGTTC	1
1047	1046	4	GTGGTCTTTTCGTCCTAGAGTTCT	1
1048	1047	5	TGGTCTTTTCGTCCTAGAGTTCTT	1
1049	1048	4	GGTCTTTTCGTCCTAGAGTTCTTT	1
1050	1049	4	GTCTTTTCGTCCTAGAGTTCTTTG	1
1051	1050	4	TCTTTTCGTCCTAGAGTTCTTTGG	1
1052	1051	4	CTTTTCGTCCTAGAGTTCTTTGGT	1
1053	1052	4	TTTTCGTCCTAGAGTTCTTTGGTC	1
1054	1053	4	TTTCGTCCTAGAGTTCTTTGGTCG	1
1055	1054	4	TTCGTCCTAGAGTTCTTTGGTCGT	1
1056	1055	4	TCGTCCTAGAGTTCTTTGGTCGTC	1
1057	1056	4	CGTCCTAGAGTTCTTTGGTCGTCG	1
1058	1057	4	GTCCTAGAGTTCTTTGGTCGTCGT	1
1059	1058	4	TCCTAGAGTTCTTTGGTCGTCGTA	1
1060	1059	4	CCTAGAGTTCTTTGGTCGTCGTAT	1
1061	1060	4	CTAGAGTTCTTTGGTCGTCGTATG	1
1062	1061	4	TAGAGTTCTTTGGTCGTCGTATGC	1
1063	1062	5	AGAGTTCTTTGGTCGTCGTATGCC	1
1064	1063	5	GAGTTCTTTGGTCGTCGTATGCCA	1
1065	1064	5	AGTTCTTTGGTCGTCGTATGCCAT	1
1066	1065	5	GTTCTTTGGTCGTCGTATGCCATT	1
1067	1066	6	TTCTTTGGTCGTCGTATGCCATTG	1
1068	1067	7	TCTTTGGTCGTCGTATGCCATTGA	1
1069	1068	7	CTTTGGTCGTCGTATGCCATTGAT	1
1070	1069	7	TTTGGTCGTCGTATGCCATTGATT	1
1071	1070	6	TTGGTCGTCGTATGCCATTGATTA	1
1072	1071	6	TGGTCGTCGTATGCCATTGATTAT	1
1073	1072	6	GGTCGTCGTATGCCATTGATTATT	1
1074	1073	7	GTCGTCGTATGCCATTGATTATTG	1
1075	1074	7	TCGTCGTATGCCATTGATTATTGG	1
1076	1075	6	CGTCGTATGCCATTGATTATTGGT	1
1077	1076	6	GTCGTATGCCATTGATTATTGGTG	1
1078	1077	5	TCGTATGCCATTGATTATTGGTGC	1
1079	1078	5	CGTATGCCATTGATTATTGGTGCT	1
1080	1079	5	GTATGCCATTGATTATTGGTGCTC	1
1081	1080	5	TATGCCATTGATTATTGGTGCTCT	1
1082	1081	5	ATGCCATTGATTATTGGTGCTCTT	1
1083	1082	6	TGCCATTGATTATTGGTGCTCTTT	1
1084	1083	6	GCCATTGATTATTGGTGCTCTTTG	1
1085	1084	7	CCATTGATTATTGGTGCTCTTTGG	1
1086	1085	7	CATTGATTATTGGTGCTCTTTGGC	1
1087	1086	7	ATTGATTATTGGTGCTCTTTGGCA	1
1088	1087	7	TTGATTATTGGTGCTCTTTGGCAA	1
1089	1088	6	TGATTATTGGTGCTCTTTGGCAAT	1
1090	1089	6	GATTATTGGTGCTCTTTGGCAATC	1
1091	1090	6	ATTATTGGTGCTCTTTGGCAATCC	1
1092	1091	5	TTATTGGTGCTCTTTGGCAATCCA	1
1093	1092	5	TATTGGTGCTCTTTGGCAATCCAT	1
1094	1093	5	ATTGGTGCTCTTTGGCAATCCATT	1
1095	1094	5	TTGGTGCTCTTTGGCAATCCATTA	1
1096	1095	5	TGGTGCTCTTTGGCAATCCATTAC	1
1097	1096	5	GGTGCTCTTTGGCAATCCATTACT	1
1098	1097	5	GTGCTCTTTGGCAATCCATTACTT	1
1099	1098	5	TGCTCTTTGGCAATCCATTACTTT	1
1100	1099	5	GCTCTTTGGCAATCCATTACTTTC	1
1101	1100	5	CTCTTTGGCAATCCATTACTTTCT	1
1102	1101	5	TCTTTGGCAATCCATTACTTTCTT	1
1103	1102	5	CTTTGGCAATCCATTACTTTCTTC	1
1104	1103	5	TTTGGCAATCCATTACTTTCTTCA	1
1105	1104	9	TTGGCAATCCATTACTTTCTTCAT	1
1106	1105	9	TGGCAATCCATTACTTTCTTCATT	1
1107	1106	8	GGCAATCCATTACTTTCTTCATTT	1
1108	1107	8	GCAATCCATTACTTTCTTCATTTA	1
1109	1108	8	CAATCCATTACTTTCTTCATTTAC	1
1110	1109	8	AATCCATTACTTTCTTCATTTACG	1
1111	1110	7	ATCCATTACTTTCTTCATTTACGC	1
1112	1111	6	TCCATTACTTTCTTCATTTACGCA	1
1113	1112	6	CCATTACTTTCTTCATTTACGCAG	1
1114	1113	6	CATTACTTTCTTCATTTACGCAGC	1
1115	1114	6	ATTACTTTCTTCATTTACGCAGCT	1
1116	1115	6	TTACTTTCTTCATTTACGCAGCTG	1
1117	1116	6	TACTTTCTTCATTTACGCAGCTGT	1
1118	1117	5	ACTTTCTTCATTTACGCAGCTGTT	1
1119	1118	5	CTTTCTTCATTTACGCAGCTGTTG	1
1120	1119	6	TTTCTTCATTTACGCAGCTGTTGG	1
1121	1120	6	TTCTTCATTTACGCAGCTGTTGGT	1
1122	1121	6	TCTTCATTTACGCAGCTGTTGGTA	1
1123	1122	6	CTTCATTTACGCAGCTGTTGGTAA	1
1124	1123	6	TTCATTTACGCAGCTGTTGGTAAT	1
1125	1124	6	TCATTTACGCAGCTGTTGGTAATC	1
1126	1125	6	CATTTACGCAGCTGTTGGTAATCG	1
1127	1126	6	ATTTACGCAGCTGTTGGTAATCGT	1
1128	1127	6	TTTACGCAGCTGTTGGTAATCGTG	1
1129	1128	5	TTACGCAGCTGTTGGTAATCGTGC	1
1130	1129	4	TACGCAGCTGTTGGTAATCGTGCT	1
1131	1130	3	ACGCAGCTGTTGGTAATCGTGCTC	1
1132	1131	3	CGCAGCTGTTGGTAATCGTGCTCT	1
1133	1132	3	GCAGCTGTTGGTAATCGTGCTCTT	1
1134	1133	3	CAGCTGTTGGTAATCGTGCTCTTA	1
1135	1134	4	AGCTGTTGGTAATCGTGCTCTTAC	1
1136	1135	4	GCTGTTGGTAATCGTGCTCTTACT	1
1137	1136	4	CTGTTGGTAATCGTGCTCTTACTC	1
1138	1137	4	TGTTGGTAATCGTGCTCTTACTCG	1
1139	1138	3	GTTGGTAATCGTGCTCTTACTCGT	1
1140	1139	3	TTGGTAATCGTGCTCTTACTCGTA	1
1141	1140	3	TGGTAATCGTGCTCTTACTCGTAA	1
1142	1141	3	GGTAATCGTGCTCTTACTCGTAAG	1
1143	1142	3	GTAATCGTGCTCTTACTCGTAAGA	1
1144	1143	3	TAATCGTGCTCTTACTCGTAAGAA	1
1145	1144	3	AATCGTGCTCTTACTCGTAAGAAT	1
1146	1145	3	ATCGTGCTCTTACTCGTAAGAATG	1
1147	1146	3	TCGTGCTCTTACTCGTAAGAATGG	1
1148	1147	3	CGTGCTCTTACTCGTAAGAATGGT	1
1149	1148	3	GTGCTCTTACTCGTAAGAATGGTA	1
1150	1149	3	TGCTCTTACTCGTAAGAATGGTAC	1
1151	1150	3	GCTCTTACTCGTAAGAATGGTACC	1
1152	1151	3	CTCTTACTCGTAAGAATGGTACCT	1
1153	1152	3	TCTTACTCGTAAGAATGGTACCTC	1
1154	1153	3	CTTACTCGTAAGAATGGTACCTCA	1
1155	1154	3	TTACTCGTAAGAATGGTACCTCAA	1
1156	1155	3	TACTCGTAAGAATGGTACCTCAAA	1
1157	1156	3	ACTCGTAAGAATGGTACCTCAAAC	1
1158	1157	3	CTCGTAAGAATGGTACCTCAAACC	1
1159	1158	3	TCGTAAGAATGGTACCTCAAACCA	1
1160	1159	3	CGTAAGAATGGTACCTCAAACCAT	1
1161	1160	3	GTAAGAATGGTACCTCAAACCATC	1
1162	1161	3	TAAGAATGGTACCTCAAACCATCG	1
1163	1162	3	AAGAATGGTACCTCAAACCATCGT	1
1164	1163	2	AGAATGGTACCTCAAACCATCGTG	1
1165	1164	2	GAATGGTACCTCAAACCATCGTGC	1
1166	1165	2	AATGGTACCTCAAACCATCGTGCC	1
1167	1166	2	ATGGTACCTCAAACCATCGTGCCG	1
1168	1167	2	TGGTACCTCAAACCATCGTGCCGG	1
1169	1168	2	GGTACCTCAAACCATCGTGCCGGT	1
1170	1169	2	GTACCTCAAACCATCGTGCCGGTG	1
1171	1170	2	TACCTCAAACCATCGTGCCGGTGC	1
1172	1171	2	ACCTCAAACCATCGTGCCGGTGCC	1
1173	1172	2	CCTCAAACCATCGTGCCGGTGCCG	1
1174	1173	2	CTCAAACCATCGTGCCGGTGCCGT	1
1175	1174	2	TCAAACCATCGTGCCGGTGCCGTT	1
1176	1175	2	CAAACCATCGTGCCGGTGCCGTTA	1
1177	1176	2	AAACCATCGTGCCGGTGCCGTTAT	1
1178	1177	2	AACCATCGTGCCGGTGCCGTTATG	1
1179	1178	1	ACCATCGTGCCGGTGCCGTTATGA	1
1180	1179	2	CCATCGTGCCGGTGCCGTTATGAT	1
1181	1180	2	CATCGTGCCGGTGCCGTTATGATT	1
1182	1181	2	ATCGTGCCGGTGCCGTTATGATTG	1
1183	1182	2	TCGTGCCGGTGCCGTTATGATTGT	1
1184	1183	2	CGTGCCGGTGCCGTTATGATTGTG	1
1185	1184	2	GTGCCGGTGCCGTTATGATTGTGT	1
1186	1185	2	TGCCGGTGCCGTTATGATTGTGTT	1
1187	1186	5	GCCGGTGCCGTTATGATTGTGTTC	1
1188	1187	5	CCGGTGCCGTTATGATTGTGTTCT	1
1189	1188	6	CGGTGCCGTTATGATTGTGTTCTC	1
1190	1189	7	GGTGCCGTTATGATTGTGTTCTCA	1
1191	1190	7	GTGCCGTTATGATTGTGTTCTCAT	1
1192	1191	7	TGCCGTTATGATTGTGTTCTCATG	1
1193	1192	7	GCCGTTATGATTGTGTTCTCATGT	1
1194	1193	7	CCGTTATGATTGTGTTCTCATGTC	1
1195	1194	7	CGTTATGATTGTGTTCTCATGTCT	1
1196	1195	7	GTTATGATTGTGTTCTCATGTCTT	1
1197	1196	7	TTATGATTGTGTTCTCATGTCTTT	1
1198	1197	7	TATGATTGTGTTCTCATGTCTTTT	1
1199	1198	8	ATGATTGTGTTCTCATGTCTTTTC	1
1200	1199	8	TGATTGTGTTCTCATGTCTTTTCA	1
1201	1200	8	GATTGTGTTCTCATGTCTTTTCAT	1
1202	1201	8	ATTGTGTTCTCATGTCTTTTCATT	1
1203	1202	8	TTGTGTTCTCATGTCTTTTCATTT	1
1204	1203	8	TGTGTTCTCATGTCTTTTCATTTT	1
1205	1204	8	GTGTTCTCATGTCTTTTCATTTTC	1
1206	1205	8	TGTTCTCATGTCTTTTCATTTTCA	1
1207	1206	8	GTTCTCATGTCTTTTCATTTTCAG	1
1208	1207	8	TTCTCATGTCTTTTCATTTTCAGT	1
1209	1208	8	TCTCATGTCTTTTCATTTTCAGTT	1
1210	1209	8	CTCATGTCTTTTCATTTTCAGTTT	1
1211	1210	8	TCATGTCTTTTCATTTTCAGTTTT	1
1212	1211	8	CATGTCTTTTCATTTTCAGTTTTG	1
1213	1212	8	ATGTCTTTTCATTTTCAGTTTTGC	1
1214	1213	8	TGTCTTTTCATTTTCAGTTTTGCT	1
1215	1214	8	GTCTTTTCATTTTCAGTTTTGCTC	1
1216	1215	8	TCTTTTCATTTTCAGTTTTGCTCA	1
1217	1216	9	CTTTTCATTTTCAGTTTTGCTCAA	1
1218	1217	9	TTTTCATTTTCAGTTTTGCTCAAA	1
1219	1218	9	TTTCATTTTCAGTTTTGCTCAAAC	1
1220	1219	9	TTCATTTTCAGTTTTGCTCAAACT	1
1221	1220	9	TCATTTTCAGTTTTGCTCAAACTT	1
1222	1221	9	CATTTTCAGTTTTGCTCAAACTTG	1
1223	1222	9	ATTTTCAGTTTTGCTCAAACTTGG	1
1224	1223	8	TTTTCAGTTTTGCTCAAACTTGGG	1
1225	1224	7	TTTCAGTTTTGCTCAAACTTGGGG	1
1226	1225	7	TTCAGTTTTGCTCAAACTTGGGGT	1
1227	1226	7	TCAGTTTTGCTCAAACTTGGGGTC	1
1228	1227	7	CAGTTTTGCTCAAACTTGGGGTCC	1
1229	1228	7	AGTTTTGCTCAAACTTGGGGTCCT	1
1230	1229	6	GTTTTGCTCAAACTTGGGGTCCTG	1
1231	1230	4	TTTTGCTCAAACTTGGGGTCCTGC	1
1232	1231	3	TTTGCTCAAACTTGGGGTCCTGCC	1
1233	1232	2	TTGCTCAAACTTGGGGTCCTGCCG	1
1234	1233	1	TGCTCAAACTTGGGGTCCTGCCGC	1
1235	1234	1	GCTCAAACTTGGGGTCCTGCCGCA	1
1236	1235	2	CTCAAACTTGGGGTCCTGCCGCAT	1
1237	1236	2	TCAAACTTGGGGTCCTGCCGCATA	1
1238	1237	2	CAAACTTGGGGTCCTGCCGCATAC	1
1239	1238	2	AAACTTGGGGTCCTGCCGCATACG	1
1240	1239	2	AACTTGGGGTCCTGCCGCATACGT	1
1241	1240	2	ACTTGGGGTCCTGCCGCATACGTT	1
1242	1241	2	CTTGGGGTCCTGCCGCATACGTTA	1
1243	1242	1	TTGGGGTCCTGCCGCATACGTTAT	1
1244	1243	1	TGGGGTCCTGCCGCATACGTTATC	1
1245	1244	1	GGGGTCCTGCCGCATACGTTATCG	1
1246	1245	2	GGGTCCTGCCGCATACGTTATCGT	1
1247	1246	3	GGTCCTGCCGCATACGTTATCGTT	1
1248	1247	3	GTCCTGCCGCATACGTTATCGTTG	1
1249	1248	3	TCCTGCCGCATACGTTATCGTTGG	1
1250	1249	3	CCTGCCGCATACGTTATCGTTGGT	1
1251	1250	3	CTGCCGCATACGTTATCGTTGGTG	1
1252	1251	3	TGCCGCATACGTTATCGTTGGTGA	1
1253	1252	3	GCCGCATACGTTATCGTTGGTGAA	1
1254	1253	3	CCGCATACGTTATCGTTGGTGAAT	1
1255	1254	3	CGCATACGTTATCGTTGGTGAATC	1
1256	1255	3	GCATACGTTATCGTTGGTGAATCG	1
1257	1256	3	CATACGTTATCGTTGGTGAATCGT	1
1258	1257	3	ATACGTTATCGTTGGTGAATCGTA	1
1259	1258	3	TACGTTATCGTTGGTGAATCGTAT	1
1260	1259	3	ACGTTATCGTTGGTGAATCGTATC	1
1261	1260	3	CGTTATCGTTGGTGAATCGTATCC	1
1262	1261	4	GTTATCGTTGGTGAATCGTATCCC	1
1263	1262	4	TTATCGTTGGTGAATCGTATCCCA	1
1264	1263	4	TATCGTTGGTGAATCGTATCCCAT	1
1265	1264	4	ATCGTTGGTGAATCGTATCCCATT	1
1266	1265	4	TCGTTGGTGAATCGTATCCCATTC	1
1267	1266	4	CGTTGGTGAATCGTATCCCATTCG	1
1268	1267	4	GTTGGTGAATCGTATCCCATTCGT	1
1269	1268	4	TTGGTGAATCGTATCCCATTCGTT	1
1270	1269	4	TGGTGAATCGTATCCCATTCGTTA	1
1271	1270	4	GGTGAATCGTATCCCATTCGTTAT	1
1272	1271	4	GTGAATCGTATCCCATTCGTTATC	1
1273	1272	4	TGAATCGTATCCCATTCGTTATCG	1
1274	1273	4	GAATCGTATCCCATTCGTTATCGT	1
1275	1274	4	AATCGTATCCCATTCGTTATCGTT	1
1276	1275	4	ATCGTATCCCATTCGTTATCGTTC	1
1277	1276	4	TCGTATCCCATTCGTTATCGTTCC	1
1278	1277	4	CGTATCCCATTCGTTATCGTTCCA	1
1279	1278	4	GTATCCCATTCGTTATCGTTCCAA	1
1280	1279	4	TATCCCATTCGTTATCGTTCCAAG	1
1281	1280	4	ATCCCATTCGTTATCGTTCCAAGT	1
1282	1281	4	TCCCATTCGTTATCGTTCCAAGTG	1
1283	1282	4	CCCATTCGTTATCGTTCCAAGTGT	1
1284	1283	4	CCATTCGTTATCGTTCCAAGTGTG	1
1285	1284	4	CATTCGTTATCGTTCCAAGTGTGC	1
1286	1285	4	ATTCGTTATCGTTCCAAGTGTGCT	1
1287	1286	6	TTCGTTATCGTTCCAAGTGTGCTG	1
1288	1287	6	TCGTTATCGTTCCAAGTGTGCTGC	1
1289	1288	6	CGTTATCGTTCCAAGTGTGCTGCC	1
1290	1289	6	GTTATCGTTCCAAGTGTGCTGCCG	1
1291	1290	5	TTATCGTTCCAAGTGTGCTGCCGT	1
1292	1291	6	TATCGTTCCAAGTGTGCTGCCGTC	1
1293	1292	6	ATCGTTCCAAGTGTGCTGCCGTCG	1
1294	1293	7	TCGTTCCAAGTGTGCTGCCGTCGC	1
1295	1294	9	CGTTCCAAGTGTGCTGCCGTCGCT	1
1296	1295	10	GTTCCAAGTGTGCTGCCGTCGCTA	1
1297	1296	10	TTCCAAGTGTGCTGCCGTCGCTAC	1
1298	1297	11	TCCAAGTGTGCTGCCGTCGCTACC	1
1299	1298	11	CCAAGTGTGCTGCCGTCGCTACCA	1
1300	1299	11	CAAGTGTGCTGCCGTCGCTACCAC	1
1301	1300	11	AAGTGTGCTGCCGTCGCTACCACT	1
1302	1301	11	AGTGTGCTGCCGTCGCTACCACTG	1
1303	1302	11	GTGTGCTGCCGTCGCTACCACTGG	1
1304	1303	11	TGTGCTGCCGTCGCTACCACTGGT	1
1305	1304	11	GTGCTGCCGTCGCTACCACTGGTA	1
1306	1305	11	TGCTGCCGTCGCTACCACTGGTAA	1
1307	1306	11	GCTGCCGTCGCTACCACTGGTAAC	1
1308	1307	12	CTGCCGTCGCTACCACTGGTAACT	1
1309	1308	12	TGCCGTCGCTACCACTGGTAACTG	1
1310	1309	12	GCCGTCGCTACCACTGGTAACTGG	1
1311	1310	12	CCGTCGCTACCACTGGTAACTGGT	1
1312	1311	12	CGTCGCTACCACTGGTAACTGGTT	1
1313	1312	12	GTCGCTACCACTGGTAACTGGTTG	1
1314	1313	12	TCGCTACCACTGGTAACTGGTTGT	1
1315	1314	12	CGCTACCACTGGTAACTGGTTGTG	1
1316	1315	12	GCTACCACTGGTAACTGGTTGTGG	1
1317	1316	12	CTACCACTGGTAACTGGTTGTGGG	1
1318	1317	12	TACCACTGGTAACTGGTTGTGGGG	1
1319	1318	13	ACCACTGGTAACTGGTTGTGGGGT	1
1320	1319	13	CCACTGGTAACTGGTTGTGGGGTT	1
1321	1320	13	CACTGGTAACTGGTTGTGGGGTTT	1
1322	1321	13	ACTGGTAACTGGTTGTGGGGTTTC	1
1323	1322	13	CTGGTAACTGGTTGTGGGGTTTCC	1
1324	1323	12	TGGTAACTGGTTGTGGGGTTTCCT	1
1325	1324	12	GGTAACTGGTTGTGGGGTTTCCTT	1
1326	1325	12	GTAACTGGTTGTGGGGTTTCCTTA	1
1327	1326	12	TAACTGGTTGTGGGGTTTCCTTAT	1
1328	1327	12	AACTGGTTGTGGGGTTTCCTTATT	1
1329	1328	10	ACTGGTTGTGGGGTTTCCTTATTT	1
1330	1329	10	CTGGTTGTGGGGTTTCCTTATTTC	1
1331	1330	8	TGGTTGTGGGGTTTCCTTATTTCC	1
1332	1331	8	GGTTGTGGGGTTTCCTTATTTCCT	1
1333	1332	8	GTTGTGGGGTTTCCTTATTTCCTT	1
1334	1333	7	TTGTGGGGTTTCCTTATTTCCTTT	1
1335	1334	7	TGTGGGGTTTCCTTATTTCCTTTT	1
1336	1335	7	GTGGGGTTTCCTTATTTCCTTTTT	1
1337	1336	7	TGGGGTTTCCTTATTTCCTTTTTC	1
1338	1337	7	GGGGTTTCCTTATTTCCTTTTTCA	1
1339	1338	5	GGGTTTCCTTATTTCCTTTTTCAC	1
1340	1339	4	GGTTTCCTTATTTCCTTTTTCACT	1
1341	1340	4	GTTTCCTTATTTCCTTTTTCACTC	1
1342	1341	4	TTTCCTTATTTCCTTTTTCACTCC	1
1343	1342	4	TTCCTTATTTCCTTTTTCACTCCC	1
1344	1343	4	TCCTTATTTCCTTTTTCACTCCCT	1
1345	1344	4	CCTTATTTCCTTTTTCACTCCCTT	1
1346	1345	4	CTTATTTCCTTTTTCACTCCCTTC	1
1347	1346	4	TTATTTCCTTTTTCACTCCCTTCA	1
1348	1347	4	TATTTCCTTTTTCACTCCCTTCAT	1
1349	1348	4	ATTTCCTTTTTCACTCCCTTCATT	1
1350	1349	3	TTTCCTTTTTCACTCCCTTCATTA	1
1351	1350	3	TTCCTTTTTCACTCCCTTCATTAC	1
1352	1351	2	TCCTTTTTCACTCCCTTCATTACC	1
1353	1352	2	CCTTTTTCACTCCCTTCATTACCA	1
1354	1353	2	CTTTTTCACTCCCTTCATTACCAA	1
1355	1354	2	TTTTTCACTCCCTTCATTACCAAC	1
1356	1355	2	TTTTCACTCCCTTCATTACCAACT	1
1357	1356	2	TTTCACTCCCTTCATTACCAACTC	1
1358	1357	2	TTCACTCCCTTCATTACCAACTCC	1
1359	1358	2	TCACTCCCTTCATTACCAACTCCA	1
1360	1359	2	CACTCCCTTCATTACCAACTCCAT	1
1361	1360	2	ACTCCCTTCATTACCAACTCCATT	1
1362	1361	2	CTCCCTTCATTACCAACTCCATTG	1
1363	1362	1	TCCCTTCATTACCAACTCCATTGG	1
1364	1363	2	CCCTTCATTACCAACTCCATTGGA	1
1365	1364	2	CCTTCATTACCAACTCCATTGGAT	1
1366	1365	2	CTTCATTACCAACTCCATTGGATT	1
1367	1366	2	TTCATTACCAACTCCATTGGATTC	1
1368	1367	2	TCATTACCAACTCCATTGGATTCA	1
1369	1368	2	CATTACCAACTCCATTGGATTCAA	1
1370	1369	2	ATTACCAACTCCATTGGATTCAAG	1
1371	1370	2	TTACCAACTCCATTGGATTCAAGT	1
1372	1371	2	TACCAACTCCATTGGATTCAAGTA	1
1373	1372	2	ACCAACTCCATTGGATTCAAGTAT	1
1374	1373	2	CCAACTCCATTGGATTCAAGTATG	1
1375	1374	2	CAACTCCATTGGATTCAAGTATGG	1
1376	1375	2	AACTCCATTGGATTCAAGTATGGT	1
1377	1376	2	ACTCCATTGGATTCAAGTATGGTT	1
1378	1377	2	CTCCATTGGATTCAAGTATGGTTA	1
1379	1378	2	TCCATTGGATTCAAGTATGGTTAC	1
1380	1379	2	CCATTGGATTCAAGTATGGTTACA	1
1381	1380	2	CATTGGATTCAAGTATGGTTACAT	1
1382	1381	2	ATTGGATTCAAGTATGGTTACATT	1
1383	1382	3	TTGGATTCAAGTATGGTTACATTT	1
1384	1383	3	TGGATTCAAGTATGGTTACATTTT	1
1385	1384	3	GGATTCAAGTATGGTTACATTTTC	1
1386	1385	2	GATTCAAGTATGGTTACATTTTCG	1
1387	1386	2	ATTCAAGTATGGTTACATTTTCGC	1
1388	1387	2	TTCAAGTATGGTTACATTTTCGCT	1
1389	1388	2	TCAAGTATGGTTACATTTTCGCTG	1
1390	1389	2	CAAGTATGGTTACATTTTCGCTGC	1
1391	1390	2	AAGTATGGTTACATTTTCGCTGCT	1
1392	1391	2	AGTATGGTTACATTTTCGCTGCTT	1
1393	1392	2	GTATGGTTACATTTTCGCTGCTTG	1
1394	1393	2	TATGGTTACATTTTCGCTGCTTGT	1
1395	1394	2	ATGGTTACATTTTCGCTGCTTGTA	1
1396	1395	2	TGGTTACATTTTCGCTGCTTGTAA	1
1397	1396	2	GGTTACATTTTCGCTGCTTGTAAC	1
1398	1397	2	GTTACATTTTCGCTGCTTGTAACT	1
1399	1398	2	TTACATTTTCGCTGCTTGTAACTT	1
1400	1399	2	TACATTTTCGCTGCTTGTAACTTG	1
1401	1400	2	ACATTTTCGCTGCTTGTAACTTGT	1
1402	1401	2	CATTTTCGCTGCTTGTAACTTGTG	1
1403	1402	2	ATTTTCGCTGCTTGTAACTTGTGT	1
1404	1403	2	TTTTCGCTGCTTGTAACTTGTGTG	1
1405	1404	2	TTTCGCTGCTTGTAACTTGTGTGC	1
1406	1405	2	TTCGCTGCTTGTAACTTGTGTGCT	1
1407	1406	2	TCGCTGCTTGTAACTTGTGTGCTG	1
1408	1407	1	CGCTGCTTGTAACTTGTGTGCTGC	1
1409	1408	2	GCTGCTTGTAACTTGTGTGCTGCT	1
1410	1409	2	CTGCTTGTAACTTGTGTGCTGCTT	1
1411	1410	2	TGCTTGTAACTTGTGTGCTGCTTG	1
1412	1411	2	GCTTGTAACTTGTGTGCTGCTTGT	1
1413	1412	2	CTTGTAACTTGTGTGCTGCTTGTA	1
1414	1413	2	TTGTAACTTGTGTGCTGCTTGTAT	1
1415	1414	3	TGTAACTTGTGTGCTGCTTGTATT	1
1416	1415	3	GTAACTTGTGTGCTGCTTGTATTA	1
1417	1416	3	TAACTTGTGTGCTGCTTGTATTAT	1
1418	1417	3	AACTTGTGTGCTGCTTGTATTATT	1
1419	1418	3	ACTTGTGTGCTGCTTGTATTATTT	1
1420	1419	3	CTTGTGTGCTGCTTGTATTATTTT	1
1421	1420	3	TTGTGTGCTGCTTGTATTATTTTC	1
1422	1421	3	TGTGTGCTGCTTGTATTATTTTCT	1
1423	1422	4	GTGTGCTGCTTGTATTATTTTCTT	1
1424	1423	5	TGTGCTGCTTGTATTATTTTCTTG	1
1425	1424	5	GTGCTGCTTGTATTATTTTCTTGT	1
1426	1425	5	TGCTGCTTGTATTATTTTCTTGTT	1
1427	1426	4	GCTGCTTGTATTATTTTCTTGTTT	1
1428	1427	4	CTGCTTGTATTATTTTCTTGTTTG	1
1429	1428	4	TGCTTGTATTATTTTCTTGTTTGC	1
1430	1429	4	GCTTGTATTATTTTCTTGTTTGCT	1
1431	1430	4	CTTGTATTATTTTCTTGTTTGCTC	1
1432	1431	3	TTGTATTATTTTCTTGTTTGCTCA	1
1433	1432	3	TGTATTATTTTCTTGTTTGCTCAT	1
1434	1433	3	GTATTATTTTCTTGTTTGCTCATG	1
1435	1434	3	TATTATTTTCTTGTTTGCTCATGA	1
1436	1435	3	ATTATTTTCTTGTTTGCTCATGAA	1
1437	1436	4	TTATTTTCTTGTTTGCTCATGAAA	1
1438	1437	4	TATTTTCTTGTTTGCTCATGAAAC	1
1439	1438	4	ATTTTCTTGTTTGCTCATGAAACC	1
1440	1439	4	TTTTCTTGTTTGCTCATGAAACCA	1
1441	1440	4	TTTCTTGTTTGCTCATGAAACCAA	1
1442	1441	4	TTCTTGTTTGCTCATGAAACCAAA	1
1443	1442	4	TCTTGTTTGCTCATGAAACCAAAG	1
1444	1443	4	CTTGTTTGCTCATGAAACCAAAGG	1
1445	1444	4	TTGTTTGCTCATGAAACCAAAGGT	1
1446	1445	4	TGTTTGCTCATGAAACCAAAGGTC	1
1447	1446	4	GTTTGCTCATGAAACCAAAGGTCT	1
1448	1447	4	TTTGCTCATGAAACCAAAGGTCTT	1
1449	1448	4	TTGCTCATGAAACCAAAGGTCTTA	1
1450	1449	4	TGCTCATGAAACCAAAGGTCTTAC	1
1451	1450	4	GCTCATGAAACCAAAGGTCTTACC	1
1452	1451	4	CTCATGAAACCAAAGGTCTTACCT	1
1453	1452	4	TCATGAAACCAAAGGTCTTACCTT	1
1454	1453	4	CATGAAACCAAAGGTCTTACCTTG	1
1455	1454	4	ATGAAACCAAAGGTCTTACCTTGG	1
1456	1455	4	TGAAACCAAAGGTCTTACCTTGGA	1
1457	1456	4	GAAACCAAAGGTCTTACCTTGGAA	1
1458	1457	4	AAACCAAAGGTCTTACCTTGGAAG	1
1459	1458	3	AACCAAAGGTCTTACCTTGGAAGA	1
1460	1459	4	ACCAAAGGTCTTACCTTGGAAGAG	1
1461	1460	4	CCAAAGGTCTTACCTTGGAAGAGA	1
1462	1461	4	CAAAGGTCTTACCTTGGAAGAGAT	1
1463	1462	4	AAAGGTCTTACCTTGGAAGAGATT	1
1464	1463	4	AAGGTCTTACCTTGGAAGAGATTA	1
1465	1464	4	AGGTCTTACCTTGGAAGAGATTAA	1
1466	1465	4	GGTCTTACCTTGGAAGAGATTAAC	1
1467	1466	3	GTCTTACCTTGGAAGAGATTAACG	1
1468	1467	2	TCTTACCTTGGAAGAGATTAACGA	1
1469	1468	2	CTTACCTTGGAAGAGATTAACGAA	1
1470	1469	2	TTACCTTGGAAGAGATTAACGAAC	1
1471	1470	3	TACCTTGGAAGAGATTAACGAACT	1
1472	1471	3	ACCTTGGAAGAGATTAACGAACTA	1
1473	1472	3	CCTTGGAAGAGATTAACGAACTAT	1
1474	1473	3	CTTGGAAGAGATTAACGAACTATA	1
1475	1474	3	TTGGAAGAGATTAACGAACTATAT	1
1476	1475	3	TGGAAGAGATTAACGAACTATATA	1
1477	1476	3	GGAAGAGATTAACGAACTATATAT	1
1478	1477	3	GAAGAGATTAACGAACTATATATC	1
1479	1478	3	AAGAGATTAACGAACTATATATCT	1
1480	1479	3	AGAGATTAACGAACTATATATCTC	1
1481	1480	2	GAGATTAACGAACTATATATCTCT	1
1482	1481	2	AGATTAACGAACTATATATCTCTG	1
1483	1482	3	GATTAACGAACTATATATCTCTGG	1
1484	1483	3	ATTAACGAACTATATATCTCTGGT	1
1485	1484	4	TTAACGAACTATATATCTCTGGTG	1
1486	1485	4	TAACGAACTATATATCTCTGGTGC	1
1487	1486	4	AACGAACTATATATCTCTGGTGCT	1
1488	1487	4	ACGAACTATATATCTCTGGTGCTA	1
1489	1488	4	CGAACTATATATCTCTGGTGCTAA	1
1490	1489	4	GAACTATATATCTCTGGTGCTAAG	1
1491	1490	4	AACTATATATCTCTGGTGCTAAGC	1
1492	1491	4	ACTATATATCTCTGGTGCTAAGCC	1
1493	1492	4	CTATATATCTCTGGTGCTAAGCCC	1
1494	1493	4	TATATATCTCTGGTGCTAAGCCCT	1
1495	1494	4	ATATATCTCTGGTGCTAAGCCCTG	1
1496	1495	4	TATATCTCTGGTGCTAAGCCCTGG	1
1497	1496	5	ATATCTCTGGTGCTAAGCCCTGGA	1
1498	1497	5	TATCTCTGGTGCTAAGCCCTGGAT	1
1499	1498	6	ATCTCTGGTGCTAAGCCCTGGATG	1
1500	1499	6	TCTCTGGTGCTAAGCCCTGGATGC	1
1501	1500	6	CTCTGGTGCTAAGCCCTGGATGCC	1
1502	1501	6	TCTGGTGCTAAGCCCTGGATGCCT	1
1503	1502	6	CTGGTGCTAAGCCCTGGATGCCTA	1
1504	1503	5	TGGTGCTAAGCCCTGGATGCCTAG	1
1505	1504	5	GGTGCTAAGCCCTGGATGCCTAGA	1
1506	1505	5	GTGCTAAGCCCTGGATGCCTAGAC	1
1507	1506	5	TGCTAAGCCCTGGATGCCTAGACC	1
1508	1507	5	GCTAAGCCCTGGATGCCTAGACCT	1
1509	1508	6	CTAAGCCCTGGATGCCTAGACCTA	1
1510	1509	6	TAAGCCCTGGATGCCTAGACCTAA	1
1511	1510	6	AAGCCCTGGATGCCTAGACCTAAG	1
1512	1511	6	AGCCCTGGATGCCTAGACCTAAGA	1
1513	1512	6	GCCCTGGATGCCTAGACCTAAGAA	1
1514	1513	6	CCCTGGATGCCTAGACCTAAGAAC	1
1515	1514	5	CCTGGATGCCTAGACCTAAGAACC	1
1516	1515	5	CTGGATGCCTAGACCTAAGAACCT	1
1517	1516	5	TGGATGCCTAGACCTAAGAACCTT	1
1518	1517	6	GGATGCCTAGACCTAAGAACCTTG	1
1519	1518	9	GATGCCTAGACCTAAGAACCTTGG	1
1520	1519	9	ATGCCTAGACCTAAGAACCTTGGT	1
1521	1520	9	TGCCTAGACCTAAGAACCTTGGTA	1
1522	1521	9	GCCTAGACCTAAGAACCTTGGTAA	1
1523	1522	9	CCTAGACCTAAGAACCTTGGTAAC	1
1524	1523	9	CTAGACCTAAGAACCTTGGTAACT	1
1525	1524	9	TAGACCTAAGAACCTTGGTAACTT	1
1526	1525	9	AGACCTAAGAACCTTGGTAACTTC	1
1527	1526	8	GACCTAAGAACCTTGGTAACTTCA	1
1528	1527	8	ACCTAAGAACCTTGGTAACTTCAC	1
1529	1528	7	CCTAAGAACCTTGGTAACTTCACC	1
1530	1529	7	CTAAGAACCTTGGTAACTTCACCA	1
1531	1530	7	TAAGAACCTTGGTAACTTCACCAA	1
1532	1531	7	AAGAACCTTGGTAACTTCACCAAG	1
1533	1532	7	AGAACCTTGGTAACTTCACCAAGC	1
1534	1533	7	GAACCTTGGTAACTTCACCAAGCA	1
1535	1534	7	AACCTTGGTAACTTCACCAAGCAA	1
1536	1535	7	ACCTTGGTAACTTCACCAAGCAAC	1
1537	1536	7	CCTTGGTAACTTCACCAAGCAACA	1
1538	1537	7	CTTGGTAACTTCACCAAGCAACAA	1
1539	1538	7	TTGGTAACTTCACCAAGCAACAAG	1
1540	1539	7	TGGTAACTTCACCAAGCAACAAGA	1
1541	1540	7	GGTAACTTCACCAAGCAACAAGAA	1
1542	1541	7	GTAACTTCACCAAGCAACAAGAAG	1
1543	1542	6	TAACTTCACCAAGCAACAAGAAGA	1
1544	1543	6	AACTTCACCAAGCAACAAGAAGAG	1
1545	1544	6	ACTTCACCAAGCAACAAGAAGAGG	1
1546	1545	6	CTTCACCAAGCAACAAGAAGAGGT	1
1547	1546	6	TTCACCAAGCAACAAGAAGAGGTT	1
1548	1547	6	TCACCAAGCAACAAGAAGAGGTTC	1
1549	1548	6	CACCAAGCAACAAGAAGAGGTTCG	1
1550	1549	6	ACCAAGCAACAAGAAGAGGTTCGT	1
1551	1550	6	CCAAGCAACAAGAAGAGGTTCGTG	1
1552	1551	6	CAAGCAACAAGAAGAGGTTCGTGA	1
1553	1552	5	AAGCAACAAGAAGAGGTTCGTGAA	1
1554	1553	5	AGCAACAAGAAGAGGTTCGTGAAA	1
1555	1554	5	GCAACAAGAAGAGGTTCGTGAAAA	1
1556	1555	5	CAACAAGAAGAGGTTCGTGAAAAA	1
1557	1556	5	AACAAGAAGAGGTTCGTGAAAAAT	1
1558	1557	5	ACAAGAAGAGGTTCGTGAAAAATC	1
1559	1558	5	CAAGAAGAGGTTCGTGAAAAATCC	1
1560	1559	5	AAGAAGAGGTTCGTGAAAAATCCC	1
1561	1560	5	AGAAGAGGTTCGTGAAAAATCCCG	1
1562	1561	4	GAAGAGGTTCGTGAAAAATCCCGT	1
1563	1562	1	AAGAGGTTCGTGAAAAATCCCGTG	1
1564	1563	1	AGAGGTTCGTGAAAAATCCCGTGG	1
1565	1564	1	GAGGTTCGTGAAAAATCCCGTGGT	1
1566	1565	1	AGGTTCGTGAAAAATCCCGTGGTG	1
1567	1566	1	GGTTCGTGAAAAATCCCGTGGTGT	1
1568	1567	1	GTTCGTGAAAAATCCCGTGGTGTT	1
1569	1568	1	TTCGTGAAAAATCCCGTGGTGTTC	1
1570	1569	1	TCGTGAAAAATCCCGTGGTGTTCA	1
1571	1570	1	CGTGAAAAATCCCGTGGTGTTCAA	1
1572	1571	1	GTGAAAAATCCCGTGGTGTTCAAG	1
1573	1572	2	TGAAAAATCCCGTGGTGTTCAAGG	1
1574	1573	2	GAAAAATCCCGTGGTGTTCAAGGC	1
1575	1574	2	AAAAATCCCGTGGTGTTCAAGGCG	1
1576	1575	3	AAAATCCCGTGGTGTTCAAGGCGA	1
1577	1576	3	AAATCCCGTGGTGTTCAAGGCGAA	1
1578	1577	3	AATCCCGTGGTGTTCAAGGCGAAA	1
1579	1578	3	ATCCCGTGGTGTTCAAGGCGAAAG	1
1580	1579	3	TCCCGTGGTGTTCAAGGCGAAAGT	1
1581	1580	3	CCCGTGGTGTTCAAGGCGAAAGTG	1
1582	1581	3	CCGTGGTGTTCAAGGCGAAAGTGC	1
1583	1582	3	CGTGGTGTTCAAGGCGAAAGTGCC	1
1584	1583	3	GTGGTGTTCAAGGCGAAAGTGCCG	1
1585	1584	2	TGGTGTTCAAGGCGAAAGTGCCGC	1
1586	1585	2	GGTGTTCAAGGCGAAAGTGCCGCT	1
1587	1586	2	GTGTTCAAGGCGAAAGTGCCGCTC	1
1588	1587	2	TGTTCAAGGCGAAAGTGCCGCTCA	1
1589	1588	2	GTTCAAGGCGAAAGTGCCGCTCAT	1
1590	1589	2	TTCAAGGCGAAAGTGCCGCTCATC	1
1591	1590	2	TCAAGGCGAAAGTGCCGCTCATCT	1
1592	1591	2	CAAGGCGAAAGTGCCGCTCATCTT	1
1593	1592	2	AAGGCGAAAGTGCCGCTCATCTTG	1
1594	1593	2	AGGCGAAAGTGCCGCTCATCTTGA	1
1595	1594	2	GGCGAAAGTGCCGCTCATCTTGAA	1
1596	1595	2	GCGAAAGTGCCGCTCATCTTGAAA	1
1597	1596	2	CGAAAGTGCCGCTCATCTTGAAAA	1
1598	1597	2	GAAAGTGCCGCTCATCTTGAAAAC	1
1599	1598	2	AAAGTGCCGCTCATCTTGAAAACG	1
1600	1599	2	AAGTGCCGCTCATCTTGAAAACGT	1
1601	1600	2	AGTGCCGCTCATCTTGAAAACGTT	1
1602	1601	2	GTGCCGCTCATCTTGAAAACGTTG	1
1603	1602	2	TGCCGCTCATCTTGAAAACGTTGA	1
1604	1603	2	GCCGCTCATCTTGAAAACGTTGAC	1
1605	1604	2	CCGCTCATCTTGAAAACGTTGACG	1
1606	1605	2	CGCTCATCTTGAAAACGTTGACGG	1
1607	1606	2	GCTCATCTTGAAAACGTTGACGGT	1
1608	1607	2	CTCATCTTGAAAACGTTGACGGTG	1
1609	1608	2	TCATCTTGAAAACGTTGACGGTGA	1
1610	1609	2	CATCTTGAAAACGTTGACGGTGAG	1
1611	1610	2	ATCTTGAAAACGTTGACGGTGAGG	1
1612	1611	2	TCTTGAAAACGTTGACGGTGAGGA	1
1613	1612	2	CTTGAAAACGTTGACGGTGAGGAA	1
1614	1613	2	TTGAAAACGTTGACGGTGAGGAAG	1
1615	1614	1	TGAAAACGTTGACGGTGAGGAAGT	1
1616	1615	1	GAAAACGTTGACGGTGAGGAAGTT	1
1617	1616	1	AAAACGTTGACGGTGAGGAAGTTA	1
1618	1617	1	AAACGTTGACGGTGAGGAAGTTAT	1
1619	1618	1	AACGTTGACGGTGAGGAAGTTATT	1
1620	-1	0	TAAACTTCGGTTTCGGTTCTATTT	1
1621	1620	1	AAACTTCGGTTTCGGTTCTATTTT	1
1622	1621	1	AACTTCGGTTTCGGTTCTATTTTG	1
1623	1622	1	ACTTCGGTTTCGGTTCTATTTTGG	1
1624	1623	1	CTTCGGTTTCGGTTCTATTTTGGG	1
1625	1624	1	TTCGGTTTCGGTTCTATTTTGGGC	1
1626	1625	1	TCGGTTTCGGTTCTATTTTGGGCT	1
1627	1626	1	CGGTTTCGGTTCTATTTTGGGCTT	1
1628	1627	1	GGTTTCGGTTCTATTTTGGGCTTT	1
1629	1628	1	GTTTCGGTTCTATTTTGGGCTTTT	1
1630	1629	1	TTTCGGTTCTATTTTGGGCTTTTG	1
1631	1630	1	TTCGGTTCTATTTTGGGCTTTTGT	1
1632	1631	1	TCGGTTCTATTTTGGGCTTTTGTC	1
1633	1632	1	CGGTTCTATTTTGGGCTTTTGTCT	1
1634	1633	1	GGTTCTATTTTGGGCTTTTGTCTT	1
1635	1634	1	GTTCTATTTTGGGCTTTTGTCTTG	1
1636	1635	1	TTCTATTTTGGGCTTTTGTCTTGT	1
1637	1636	2	TCTATTTTGGGCTTTTGTCTTGTC	1
1638	1637	3	CTATTTTGGGCTTTTGTCTTGTCA	1
1639	1638	3	TATTTTGGGCTTTTGTCTTGTCAT	1
1640	1639	3	ATTTTGGGCTTTTGTCTTGTCATT	1
1641	1640	4	TTTTGGGCTTTTGTCTTGTCATTG	1
1642	1641	4	TTTGGGCTTTTGTCTTGTCATTGA	1
1643	1642	4	TTGGGCTTTTGTCTTGTCATTGAA	1
1644	1643	4	TGGGCTTTTGTCTTGTCATTGAAA	1
1645	1644	4	GGGCTTTTGTCTTGTCATTGAAAG	1
1646	1645	4	GGCTTTTGTCTTGTCATTGAAAGC	1
1647	1646	4	GCTTTTGTCTTGTCATTGAAAGCT	1
1648	1647	4	CTTTTGTCTTGTCATTGAAAGCTT	1
1649	1648	4	TTTTGTCTTGTCATTGAAAGCTTT	1
1650	1649	4	TTTGTCTTGTCATTGAAAGCTTTT	1
1651	1650	4	TTGTCTTGTCATTGAAAGCTTTTT	1
1652	1651	4	TGTCTTGTCATTGAAAGCTTTTTG	1
1653	1652	4	GTCTTGTCATTGAAAGCTTTTTGT	1
1654	1653	4	TCTTGTCATTGAAAGCTTTTTGTT	1
1655	1654	4	CTTGTCATTGAAAGCTTTTTGTTG	1
1656	1655	4	TTGTCATTGAAAGCTTTTTGTTGT	1
1657	1656	4	TGTCATTGAAAGCTTTTTGTTGTC	1
1658	1657	4	GTCATTGAAAGCTTTTTGTTGTCT	1
1659	1658	4	TCATTGAAAGCTTTTTGTTGTCTT	1
1660	1659	4	CATTGAAAGCTTTTTGTTGTCTTT	1
1661	1660	5	ATTGAAAGCTTTTTGTTGTCTTTT	1
1662	1661	5	TTGAAAGCTTTTTGTTGTCTTTTA	1
1663	1662	4	TGAAAGCTTTTTGTTGTCTTTTAA	1
1664	1663	4	GAAAGCTTTTTGTTGTCTTTTAAC	1
1665	1664	4	AAAGCTTTTTGTTGTCTTTTAACC	1
1666	1665	4	AAGCTTTTTGTTGTCTTTTAACCC	1
1667	1666	4	AGCTTTTTGTTGTCTTTTAACCCT	1
1668	1667	4	GCTTTTTGTTGTCTTTTAACCCTA	1
1669	1668	4	CTTTTTGTTGTCTTTTAACCCTAT	1
1670	1669	4	TTTTTGTTGTCTTTTAACCCTATT	1
1671	1670	4	TTTTGTTGTCTTTTAACCCTATTT	1
1672	1671	4	TTTGTTGTCTTTTAACCCTATTTA	1
1673	1672	4	TTGTTGTCTTTTAACCCTATTTAC	1
1674	1673	5	TGTTGTCTTTTAACCCTATTTACA	1
1675	1674	5	GTTGTCTTTTAACCCTATTTACAA	1
1676	1675	5	TTGTCTTTTAACCCTATTTACAAT	1
1677	1676	5	TGTCTTTTAACCCTATTTACAATC	1
1678	1677	5	GTCTTTTAACCCTATTTACAATCA	1
1679	1678	5	TCTTTTAACCCTATTTACAATCAA	1
1680	1679	5	CTTTTAACCCTATTTACAATCAAA	1
1681	1680	4	TTTTAACCCTATTTACAATCAAAC	1
1682	1681	3	TTTAACCCTATTTACAATCAAACC	1
1683	1682	3	TTAACCCTATTTACAATCAAACCC	1
1684	1683	2	TAACCCTATTTACAATCAAACCCT	1
1685	1684	2	AACCCTATTTACAATCAAACCCTT	1
1686	1685	2	ACCCTATTTACAATCAAACCCTTT	1
1687	1686	2	CCCTATTTACAATCAAACCCTTTA	1
1688	1687	2	CCTATTTACAATCAAACCCTTTAT	1
1689	1688	2	CTATTTACAATCAAACCCTTTATA	1
1690	1689	2	TATTTACAATCAAACCCTTTATAT	1
1691	1690	2	ATTTACAATCAAACCCTTTATATC	1
1692	1691	2	TTTACAATCAAACCCTTTATATCT	1
1693	1692	2	TTACAATCAAACCCTTTATATCTT	1
1694	1693	2	TACAATCAAACCCTTTATATCTTT	1
1695	1694	2	ACAATCAAACCCTTTATATCTTTT	1
1696	1695	2	CAATCAAACCCTTTATATCTTTTT	1
1697	1696	2	AATCAAACCCTTTATATCTTTTTT	1
1698	1697	2	ATCAAACCCTTTATATCTTTTTTT	1
1699	1698	2	TCAAACCCTTTATATCTTTTTTTA	1
1700	1699	2	CAAACCCTTTATATCTTTTTTTAT	1
1701	1700	2	AAACCCTTTATATCTTTTTTTATT	1
1702	1701	2	AACCCTTTATATCTTTTTTTATTA	1
1703	1702	2	ACCCTTTATATCTTTTTTTATTAA	1
1704	1703	2	CCCTTTATATCTTTTTTTATTAAT	1
1705	1704	1	CCTTTATATCTTTTTTTATTAATT	1
1706	1705	1	CTTTATATCTTTTTTTATTAATTT	1
1707	1706	1	TTTATATCTTTTTTTATTAATTTT	1
1708	1707	2	TTATATCTTTTTTTATTAATTTTT	1
1709	1708	2	TATATCTTTTTTTATTAATTTTTC	1
1710	1709	2	ATATCTTTTTTTATTAATTTTTCT	1
1711	1710	2	TATCTTTTTTTATTAATTTTTCTC	1
1712	1711	2	ATCTTTTTTTATTAATTTTTCTCC	1
1713	1712	2	TCTTTTTTTATTAATTTTTCTCCT	1
1714	1713	2	CTTTTTTTATTAATTTTTCTCCTT	1
1715	1714	2	TTTTTTTATTAATTTTTCTCCTTC	1
1716	1715	2	TTTTTTATTAATTTTTCTCCTTCC	1
1717	1716	2	TTTTTATTAATTTTTCTCCTTCCA	1
1718	1717	1	TTTTATTAATTTTTCTCCTTCCAT	1
1719	1718	1	TTTATTAATTTTTCTCCTTCCATT	1
1720	1719	1	TTATTAATTTTTCTCCTTCCATTA	1
1721	1720	1	TATTAATTTTTCTCCTTCCATTAT	1
1722	1721	1	ATTAATTTTTCTCCTTCCATTATA	1
1723	1722	1	TTAATTTTTCTCCTTCCATTATAT	1
1724	1723	1	TAATTTTTCTCCTTCCATTATATT	1
1725	1724	1	AATTTTTCTCCTTCCATTATATTA	1
1726	1725	1	ATTTTTCTCCTTCCATTATATTAC	1
1727	1726	1	TTTTTCTCCTTCCATTATATTACC	1
1728	1727	1	TTTTCTCCTTCCATTATATTACCC	1
1729	1728	1	TTTCTCCTTCCATTATATTACCCT	1
1730	1729	1	TTCTCCTTCCATTATATTACCCTT	1
1731	1730	1	TCTCCTTCCATTATATTACCCTTT	1
1732	1731	1	CTCCTTCCATTATATTACCCTTTT	1
1733	1732	1	TCCTTCCATTATATTACCCTTTTA	1
1734	1733	1	CCTTCCATTATATTACCCTTTTAA	1
1735	1734	1	CTTCCATTATATTACCCTTTTAAT	1
1736	1735	1	TTCCATTATATTACCCTTTTAATC	1
1737	1736	1	TCCATTATATTACCCTTTTAATCG	1
1738	1737	1	CCATTATATTACCCTTTTAATCGT	1
1739	1738	1	CATTATATTACCCTTTTAATCGTA	1
1740	1739	1	ATTATATTACCCTTTTAATCGTAA	1
1741	1740	1	TTATATTACCCTTTTAATCGTAAT	1
1742	1741	1	TATATTACCCTTTTAATCGTAATT	1
1743	1742	1	ATATTACCCTTTTAATCGTAATTT	1
1744	1743	1	TATTACCCTTTTAATCGTAATTTT	1
1745	1744	1	ATTACCCTTTTAATCGTAATTTTC	1
1746	1745	2	TTACCCTTTTAATCGTAATTTTCA	1
1747	1746	2	TACCCTTTTAATCGTAATTTTCAA	1
1748	1747	2	ACCCTTTTAATCGTAATTTTCAAA	1
1749	1748	2	CCCTTTTAATCGTAATTTTCAAAA	1
1750	1749	2	CCTTTTAATCGTAATTTTCAAAAA	1
1751	1750	2	CTTTTAATCGTAATTTTCAAAAAT	1
1752	1751	1	TTTTAATCGTAATTTTCAAAAATG	1
1753	1752	3	TTTAATCGTAATTTTCAAAAATGG	1
1754	1753	3	TTAATCGTAATTTTCAAAAATGGG	1
1755	1754	3	TAATCGTAATTTTCAAAAATGGGA	1
1756	1755	3	AATCGTAATTTTCAAAAATGGGAA	1
1757	1756	3	ATCGTAATTTTCAAAAATGGGAAA	1
1758	1757	3	TCGTAATTTTCAAAAATGGGAAAA	1
1759	1758	3	CGTAATTTTCAAAAATGGGAAAAA	1
1760	1759	3	GTAATTTTCAAAAATGGGAAAAAA	1
1761	1760	3	TAATTTTCAAAAATGGGAAAAAAT	1
1762	1761	3	AATTTTCAAAAATGGGAAAAAATT	1
1763	1762	3	ATTTTCAAAAATGGGAAAAAATTT	1
1764	1763	3	TTTTCAAAAATGGGAAAAAATTTG	1
1765	1764	3	TTTCAAAAATGGGAAAAAATTTGA	1
1766	1765	3	TTCAAAAATGGGAAAAAATTTGAC	1
1767	1766	3	TCAAAAATGGGAAAAAATTTGACC	1
1768	1767	3	CAAAAATGGGAAAAAATTTGACCA	1
1769	1768	4	AAAAATGGGAAAAAATTTGACCAT	1
1770	1769	4	AAAATGGGAAAAAATTTGACCATT	1
1771	1770	4	AAATGGGAAAAAATTTGACCATTG	1
1772	1771	4	AATGGGAAAAAATTTGACCATTGT	1
1773	1772	5	ATGGGAAAAAATTTGACCATTGTC	1
1774	1773	5	TGGGAAAAAATTTGACCATTGTCA	1
1775	1774	5	GGGAAAAAATTTGACCATTGTCAT	1
1776	1775	5	GGAAAAAATTTGACCATTGTCATG	1
1777	1776	5	GAAAAAATTTGACCATTGTCATGT	1
1778	1777	5	AAAAAATTTGACCATTGTCATGTT	1
1779	1778	5	AAAAATTTGACCATTGTCATGTTG	1
1780	1779	5	AAAATTTGACCATTGTCATGTTGG	1
1781	1780	5	AAATTTGACCATTGTCATGTTGGT	1
1782	1781	5	AATTTGACCATTGTCATGTTGGTC	1
1783	1782	5	ATTTGACCATTGTCATGTTGGTCT	1
1784	1783	5	TTTGACCATTGTCATGTTGGTCTT	1
1785	1784	6	TTGACCATTGTCATGTTGGTCTTC	1
1786	1785	6	TGACCATTGTCATGTTGGTCTTCG	1
1787	1786	6	GACCATTGTCATGTTGGTCTTCGT	1
1788	1787	6	ACCATTGTCATGTTGGTCTTCGTG	1
1789	1788	6	CCATTGTCATGTTGGTCTTCGTGT	1
1790	1789	5	CATTGTCATGTTGGTCTTCGTGTC	1
1791	1790	5	ATTGTCATGTTGGTCTTCGTGTCC	1
1792	1791	5	TTGTCATGTTGGTCTTCGTGTCCA	1
1793	1792	5	TGTCATGTTGGTCTTCGTGTCCAT	1
1794	1793	5	GTCATGTTGGTCTTCGTGTCCATG	1
1795	1794	5	TCATGTTGGTCTTCGTGTCCATGG	1
1796	1795	5	CATGTTGGTCTTCGTGTCCATGGC	1
1797	1796	3	ATGTTGGTCTTCGTGTCCATGGCC	1
1798	1797	3	TGTTGGTCTTCGTGTCCATGGCCG	1
1799	1798	3	GTTGGTCTTCGTGTCCATGGCCGG	1
1800	1799	3	TTGGTCTTCGTGTCCATGGCCGGA	1
1801	1800	3	TGGTCTTCGTGTCCATGGCCGGAT	1
1802	1801	3	GGTCTTCGTGTCCATGGCCGGATG	1
1803	1802	3	GTCTTCGTGTCCATGGCCGGATGG	1
1804	1803	3	TCTTCGTGTCCATGGCCGGATGGA	1
1805	1804	3	CTTCGTGTCCATGGCCGGATGGAT	1
1806	1805	3	TTCGTGTCCATGGCCGGATGGATG	1
1807	1806	3	TCGTGTCCATGGCCGGATGGATGT	1
1808	1807	3	CGTGTCCATGGCCGGATGGATGTT	1
1809	1808	3	GTGTCCATGGCCGGATGGATGTTT	1
1810	1809	3	TGTCCATGGCCGGATGGATGTTTG	1
1811	1810	3	GTCCATGGCCGGATGGATGTTTGG	1
1812	1811	3	TCCATGGCCGGATGGATGTTTGGC	1
1813	1812	2	CCATGGCCGGATGGATGTTTGGCG	1
1814	1813	2	CATGGCCGGATGGATGTTTGGCGC	1
1815	1814	2	ATGGCCGGATGGATGTTTGGCGCC	1
1816	1815	1	TGGCCGGATGGATGTTTGGCGCCG	1
1817	1816	1	GGCCGGATGGATGTTTGGCGCCGA	1
1818	1817	1	GCCGGATGGATGTTTGGCGCCGAT	1
1819	1818	1	CCGGATGGATGTTTGGCGCCGATA	1
1820	1819	1	CGGATGGATGTTTGGCGCCGATAC	1
1821	1820	1	GGATGGATGTTTGGCGCCGATACC	1
1822	1821	1	GATGGATGTTTGGCGCCGATACCG	1
1823	1822	1	ATGGATGTTTGGCGCCGATACCGG	1
1824	1823	1	TGGATGTTTGGCGCCGATACCGGT	1
1825	1824	1	GGATGTTTGGCGCCGATACCGGTT	1
1826	1825	1	GATGTTTGGCGCCGATACCGGTTC	1
1827	1826	1	ATGTTTGGCGCCGATACCGGTTCC	1
1828	1827	1	TGTTTGGCGCCGATACCGGTTCCA	1
1829	-1	0	TTTTGTTTGAGTCTTGTATTTTGT	1
1830	1829	2	TTTGTTTGAGTCTTGTATTTTGTG	1
1831	1830	2	TTGTTTGAGTCTTGTATTTTGTGT	1
1832	1831	2	TGTTTGAGTCTTGTATTTTGTGTA	1
1833	1832	2	GTTTGAGTCTTGTATTTTGTGTAT	1
1834	1833	2	TTTGAGTCTTGTATTTTGTGTATT	1
1835	1834	2	TTGAGTCTTGTATTTTGTGTATTC	1
1836	1835	2	TGAGTCTTGTATTTTGTGTATTCG	1
1837	1836	2	GAGTCTTGTATTTTGTGTATTCGC	1
1838	1837	2	AGTCTTGTATTTTGTGTATTCGCT	1
1839	1838	2	GTCTTGTATTTTGTGTATTCGCTC	1
1840	1839	2	TCTTGTATTTTGTGTATTCGCTCT	1
1841	1840	2	CTTGTATTTTGTGTATTCGCTCTC	1
1842	1841	2	TTGTATTTTGTGTATTCGCTCTCC	1
1843	1842	2	TGTATTTTGTGTATTCGCTCTCCC	1
1844	1843	2	GTATTTTGTGTATTCGCTCTCCCT	1
1845	1844	2	TATTTTGTGTATTCGCTCTCCCTC	1
1846	1845	2	ATTTTGTGTATTCGCTCTCCCTCT	1
1847	1846	2	TTTTGTGTATTCGCTCTCCCTCTC	1
1848	1847	2	TTTGTGTATTCGCTCTCCCTCTCT	1
1849	1848	2	TTGTGTATTCGCTCTCCCTCTCTA	1
1850	1849	2	TGTGTATTCGCTCTCCCTCTCTAT	1
1851	1850	2	GTGTATTCGCTCTCCCTCTCTATA	1
1852	1851	2	TGTATTCGCTCTCCCTCTCTATAT	1
1853	1852	2	GTATTCGCTCTCCCTCTCTATATA	1
1853	2093	5	GTATTCGCTCTCCCTCTCTATATA	1
1854	-1	0	CGCATTGGTAAGCGTACCTCTATT	1
1855	1854	1	GCATTGGTAAGCGTACCTCTATTA	1
1856	1855	2	CATTGGTAAGCGTACCTCTATTAT	1
1857	1856	2	ATTGGTAAGCGTACCTCTATTATG	1
1858	1857	2	TTGGTAAGCGTACCTCTATTATGT	1
1859	1858	2	TGGTAAGCGTACCTCTATTATGTT	1
1860	1859	2	GGTAAGCGTACCTCTATTATGTTT	1
1861	1860	2	GTAAGCGTACCTCTATTATGTTTT	1
1862	1861	2	TAAGCGTACCTCTATTATGTTTTG	1
1863	1862	2	AAGCGTACCTCTATTATGTTTTGG	1
1864	1863	2	AGCGTACCTCTATTATGTTTTGGA	1
1865	1864	4	GCGTACCTCTATTATGTTTTGGAC	1
1866	1865	4	CGTACCTCTATTATGTTTTGGACT	1
1867	1866	4	GTACCTCTATTATGTTTTGGACTA	1
1868	1867	4	TACCTCTATTATGTTTTGGACTAT	1
1869	1868	4	ACCTCTATTATGTTTTGGACTATT	1
1870	1869	4	CCTCTATTATGTTTTGGACTATTG	1
1871	1870	4	CTCTATTATGTTTTGGACTATTGT	1
1872	1871	4	TCTATTATGTTTTGGACTATTGTT	1
1873	1872	4	CTATTATGTTTTGGACTATTGTTT	1
1874	1873	4	TATTATGTTTTGGACTATTGTTTA	1
1875	1874	4	ATTATGTTTTGGACTATTGTTTAT	1
1876	1875	4	TTATGTTTTGGACTATTGTTTATT	1
1877	1876	4	TATGTTTTGGACTATTGTTTATTT	1
1878	1877	4	ATGTTTTGGACTATTGTTTATTTG	1
1879	1878	4	TGTTTTGGACTATTGTTTATTTGA	1
1880	1879	4	GTTTTGGACTATTGTTTATTTGAT	1
1881	1880	4	TTTTGGACTATTGTTTATTTGATT	1
1882	1881	4	TTTGGACTATTGTTTATTTGATTG	1
1883	1882	4	TTGGACTATTGTTTATTTGATTGG	1
1884	1883	4	TGGACTATTGTTTATTTGATTGGT	1
1885	1884	4	GGACTATTGTTTATTTGATTGGTA	1
1886	1885	4	GACTATTGTTTATTTGATTGGTAT	1
1887	1886	4	ACTATTGTTTATTTGATTGGTATT	1
1888	1887	4	CTATTGTTTATTTGATTGGTATTA	1
1889	1888	4	TATTGTTTATTTGATTGGTATTAT	1
1890	1889	4	ATTGTTTATTTGATTGGTATTATT	1
1891	1890	4	TTGTTTATTTGATTGGTATTATTC	1
1892	1891	4	TGTTTATTTGATTGGTATTATTCT	1
1893	1892	4	GTTTATTTGATTGGTATTATTCTT	1
1894	1893	4	TTTATTTGATTGGTATTATTCTTC	1
1895	1894	4	TTATTTGATTGGTATTATTCTTCA	1
1896	1895	4	TATTTGATTGGTATTATTCTTCAA	1
1897	1896	4	ATTTGATTGGTATTATTCTTCAAG	1
1898	1897	4	TTTGATTGGTATTATTCTTCAAGT	1
1899	1898	2	TTGATTGGTATTATTCTTCAAGTT	1
1900	1899	2	TGATTGGTATTATTCTTCAAGTTA	1
1901	1900	2	GATTGGTATTATTCTTCAAGTTAC	1
1902	1901	2	ATTGGTATTATTCTTCAAGTTACC	1
1903	1902	2	TTGGTATTATTCTTCAAGTTACCG	1
1904	1903	2	TGGTATTATTCTTCAAGTTACCGC	1
1905	1904	2	GGTATTATTCTTCAAGTTACCGCT	1
1906	1905	2	GTATTATTCTTCAAGTTACCGCTG	1
1907	1906	2	TATTATTCTTCAAGTTACCGCTGT	1
1908	1907	2	ATTATTCTTCAAGTTACCGCTGTC	1
1909	-1	0	CGGTTTTATCCATCTCTACACTAC	1
1910	1909	4	GGTTTTATCCATCTCTACACTACA	1
1911	1910	4	GTTTTATCCATCTCTACACTACAT	1
1912	1911	7	TTTTATCCATCTCTACACTACATT	1
1913	1912	7	TTTATCCATCTCTACACTACATTA	1
1914	1913	7	TTATCCATCTCTACACTACATTAC	1
1915	1914	7	TATCCATCTCTACACTACATTACC	1
1916	1915	7	ATCCATCTCTACACTACATTACCT	1
1917	1916	7	TCCATCTCTACACTACATTACCTT	1
1918	1917	7	CCATCTCTACACTACATTACCTTC	1
1919	1918	7	CATCTCTACACTACATTACCTTCC	1
1920	1919	7	ATCTCTACACTACATTACCTTCCT	1
1921	1920	7	TCTCTACACTACATTACCTTCCTT	1
1922	1921	7	CTCTACACTACATTACCTTCCTTA	1
1923	1922	9	TCTACACTACATTACCTTCCTTAT	1
1924	1923	9	CTACACTACATTACCTTCCTTATC	1
1925	1924	9	TACACTACATTACCTTCCTTATCA	1
1926	1925	9	ACACTACATTACCTTCCTTATCAT	1
1927	1926	9	CACTACATTACCTTCCTTATCATC	1
1928	1927	9	ACTACATTACCTTCCTTATCATCG	1
1929	1928	9	CTACATTACCTTCCTTATCATCGT	1
1930	1929	9	TACATTACCTTCCTTATCATCGTT	1
1931	1930	9	ACATTACCTTCCTTATCATCGTTA	1
1932	1931	9	CATTACCTTCCTTATCATCGTTAA	1
1933	1932	9	ATTACCTTCCTTATCATCGTTAAT	1
1934	1933	9	TTACCTTCCTTATCATCGTTAATT	1
1935	1934	9	TACCTTCCTTATCATCGTTAATTC	1
1936	1935	9	ACCTTCCTTATCATCGTTAATTCC	1
1937	1936	9	CCTTCCTTATCATCGTTAATTCCT	1
1938	1937	9	CTTCCTTATCATCGTTAATTCCTT	1
1939	1938	9	TTCCTTATCATCGTTAATTCCTTT	1
1940	1939	9	TCCTTATCATCGTTAATTCCTTTG	1
1941	1940	9	CCTTATCATCGTTAATTCCTTTGT	1
1942	1941	9	CTTATCATCGTTAATTCCTTTGTC	1
1943	1942	9	TTATCATCGTTAATTCCTTTGTCA	1
1944	1943	9	TATCATCGTTAATTCCTTTGTCAG	1
1945	1944	9	ATCATCGTTAATTCCTTTGTCAGG	1
1946	1945	9	TCATCGTTAATTCCTTTGTCAGGT	1
1947	1946	9	CATCGTTAATTCCTTTGTCAGGTC	1
1948	1947	9	ATCGTTAATTCCTTTGTCAGGTCT	1
1949	1948	9	TCGTTAATTCCTTTGTCAGGTCTT	1
1950	1949	9	CGTTAATTCCTTTGTCAGGTCTTG	1
1951	1950	8	GTTAATTCCTTTGTCAGGTCTTGC	1
1952	1951	8	TTAATTCCTTTGTCAGGTCTTGCG	1
1953	1952	8	TAATTCCTTTGTCAGGTCTTGCGT	1
1954	1953	5	AATTCCTTTGTCAGGTCTTGCGTC	1
1955	1954	5	ATTCCTTTGTCAGGTCTTGCGTCC	1
1956	1955	2	TTCCTTTGTCAGGTCTTGCGTCCA	1
1957	1956	2	TCCTTTGTCAGGTCTTGCGTCCAA	1
1958	1957	2	CCTTTGTCAGGTCTTGCGTCCAAC	1
1959	1958	2	CTTTGTCAGGTCTTGCGTCCAACT	1
1960	1959	2	TTTGTCAGGTCTTGCGTCCAACTT	1
1961	1960	2	TTGTCAGGTCTTGCGTCCAACTTT	1
1962	1961	2	TGTCAGGTCTTGCGTCCAACTTTA	1
1963	1962	2	GTCAGGTCTTGCGTCCAACTTTAG	1
1964	1963	2	TCAGGTCTTGCGTCCAACTTTAGC	1
1965	1964	2	CAGGTCTTGCGTCCAACTTTAGCT	1
1966	1965	2	AGGTCTTGCGTCCAACTTTAGCTG	1
1967	-1	0	TCTCGATTGCTTTATTTTGCTTCG	1
1968	1967	1	CTCGATTGCTTTATTTTGCTTCGA	1
1969	1968	2	TCGATTGCTTTATTTTGCTTCGAG	1
1970	1969	2	CGATTGCTTTATTTTGCTTCGAGT	1
1971	1970	2	GATTGCTTTATTTTGCTTCGAGTA	1
1972	1971	2	ATTGCTTTATTTTGCTTCGAGTAG	1
1973	1972	2	TTGCTTTATTTTGCTTCGAGTAGT	1
1974	1973	2	TGCTTTATTTTGCTTCGAGTAGTT	1
1975	1974	2	GCTTTATTTTGCTTCGAGTAGTTT	1
1976	1975	4	CTTTATTTTGCTTCGAGTAGTTTG	1
1977	1976	5	TTTATTTTGCTTCGAGTAGTTTGT	1
1978	1977	5	TTATTTTGCTTCGAGTAGTTTGTG	1
1979	1978	5	TATTTTGCTTCGAGTAGTTTGTGT	1
1980	1979	5	ATTTTGCTTCGAGTAGTTTGTGTT	1
1981	1980	5	TTTTGCTTCGAGTAGTTTGTGTTT	1
1982	1981	5	TTTGCTTCGAGTAGTTTGTGTTTT	1
1983	1982	5	TTGCTTCGAGTAGTTTGTGTTTTG	1
1984	1983	5	TGCTTCGAGTAGTTTGTGTTTTGT	1
1985	1984	6	GCTTCGAGTAGTTTGTGTTTTGTG	1
1986	1985	6	CTTCGAGTAGTTTGTGTTTTGTGC	1
1987	1986	6	TTCGAGTAGTTTGTGTTTTGTGCC	1
1988	1987	6	TCGAGTAGTTTGTGTTTTGTGCCT	1
1989	1988	6	CGAGTAGTTTGTGTTTTGTGCCTT	1
1990	1989	7	GAGTAGTTTGTGTTTTGTGCCTTT	1
1991	1990	7	AGTAGTTTGTGTTTTGTGCCTTTT	1
1992	1991	7	GTAGTTTGTGTTTTGTGCCTTTTT	1
1993	1992	7	TAGTTTGTGTTTTGTGCCTTTTTC	1
1994	1993	7	AGTTTGTGTTTTGTGCCTTTTTCG	1
1995	1994	7	GTTTGTGTTTTGTGCCTTTTTCGA	1
1996	1995	7	TTTGTGTTTTGTGCCTTTTTCGAT	1
1997	1996	6	TTGTGTTTTGTGCCTTTTTCGATT	1
1998	1997	6	TGTGTTTTGTGCCTTTTTCGATTT	1
1999	1998	6	GTGTTTTGTGCCTTTTTCGATTTG	1
2000	1999	6	TGTTTTGTGCCTTTTTCGATTTGT	1
2001	2000	6	GTTTTGTGCCTTTTTCGATTTGTA	1
2002	2001	6	TTTTGTGCCTTTTTCGATTTGTAA	1
2003	2002	6	TTTGTGCCTTTTTCGATTTGTAAG	1
2004	2003	6	TTGTGCCTTTTTCGATTTGTAAGG	1
2005	2004	6	TGTGCCTTTTTCGATTTGTAAGGA	1
2006	2005	6	GTGCCTTTTTCGATTTGTAAGGAA	1
2007	2006	6	TGCCTTTTTCGATTTGTAAGGAAT	1
2008	2007	6	GCCTTTTTCGATTTGTAAGGAATC	1
2009	2008	6	CCTTTTTCGATTTGTAAGGAATCG	1
2010	2009	6	CTTTTTCGATTTGTAAGGAATCGT	1
2011	2010	6	TTTTTCGATTTGTAAGGAATCGTT	1
2012	2011	5	TTTTCGATTTGTAAGGAATCGTTC	1
2013	2012	4	TTTCGATTTGTAAGGAATCGTTCA	1
2014	2013	4	TTCGATTTGTAAGGAATCGTTCAT	1
2015	2014	4	TCGATTTGTAAGGAATCGTTCATC	1
2016	2015	4	CGATTTGTAAGGAATCGTTCATCT	1
2017	2016	5	GATTTGTAAGGAATCGTTCATCTT	1
2018	2017	5	ATTTGTAAGGAATCGTTCATCTTC	1
2019	2018	5	TTTGTAAGGAATCGTTCATCTTCC	1
2020	2019	3	TTGTAAGGAATCGTTCATCTTCCA	1
2021	2020	3	TGTAAGGAATCGTTCATCTTCCAA	1
2022	2021	3	GTAAGGAATCGTTCATCTTCCAAA	1
2023	2022	3	TAAGGAATCGTTCATCTTCCAAAT	1
2024	2023	3	AAGGAATCGTTCATCTTCCAAATT	1
2025	2024	3	AGGAATCGTTCATCTTCCAAATTT	1
2026	2025	3	GGAATCGTTCATCTTCCAAATTTC	1
2027	2026	3	GAATCGTTCATCTTCCAAATTTCC	1
2028	2027	3	AATCGTTCATCTTCCAAATTTCCA	1
2029	2028	2	ATCGTTCATCTTCCAAATTTCCAT	1
2030	2029	2	TCGTTCATCTTCCAAATTTCCATT	1
2031	2030	2	CGTTCATCTTCCAAATTTCCATTC	1
2032	2031	2	GTTCATCTTCCAAATTTCCATTCA	1
2033	2032	2	TTCATCTTCCAAATTTCCATTCAT	1
2034	2033	1	TCATCTTCCAAATTTCCATTCATT	1
2035	2034	4	CATCTTCCAAATTTCCATTCATTC	1
2036	2035	4	ATCTTCCAAATTTCCATTCATTCT	1
2037	2036	4	TCTTCCAAATTTCCATTCATTCTC	1
2038	2037	4	CTTCCAAATTTCCATTCATTCTCT	1
2039	2038	4	TTCCAAATTTCCATTCATTCTCTC	1
2040	2039	4	TCCAAATTTCCATTCATTCTCTCT	1
2041	2040	5	CCAAATTTCCATTCATTCTCTCTC	1
2042	2041	5	CAAATTTCCATTCATTCTCTCTCA	1
2043	2042	6	AAATTTCCATTCATTCTCTCTCAT	1
2044	2043	6	AATTTCCATTCATTCTCTCTCATT	1
2045	2044	8	ATTTCCATTCATTCTCTCTCATTC	1
2046	2045	8	TTTCCATTCATTCTCTCTCATTCC	1
2047	2046	9	TTCCATTCATTCTCTCTCATTCCT	1
2048	2047	9	TCCATTCATTCTCTCTCATTCCTT	1
2049	2048	9	CCATTCATTCTCTCTCATTCCTTT	1
2050	2049	9	CATTCATTCTCTCTCATTCCTTTT	1
2051	2050	9	ATTCATTCTCTCTCATTCCTTTTG	1
2052	2051	9	TTCATTCTCTCTCATTCCTTTTGT	1
2053	2052	9	TCATTCTCTCTCATTCCTTTTGTT	1
2054	2053	9	CATTCTCTCTCATTCCTTTTGTTT	1
2055	2054	9	ATTCTCTCTCATTCCTTTTGTTTG	1
2056	2055	9	TTCTCTCTCATTCCTTTTGTTTGA	1
2057	2056	9	TCTCTCTCATTCCTTTTGTTTGAG	1
2058	2057	9	CTCTCTCATTCCTTTTGTTTGAGT	1
2059	2058	9	TCTCTCATTCCTTTTGTTTGAGTC	1
2060	2059	9	CTCTCATTCCTTTTGTTTGAGTCT	1
2061	2060	9	TCTCATTCCTTTTGTTTGAGTCTT	1
2062	2061	9	CTCATTCCTTTTGTTTGAGTCTTG	1
2063	2062	9	TCATTCCTTTTGTTTGAGTCTTGT	1
2064	2063	10	CATTCCTTTTGTTTGAGTCTTGTA	1
2065	2064	11	ATTCCTTTTGTTTGAGTCTTGTAT	1
2066	2065	11	TTCCTTTTGTTTGAGTCTTGTATT	1
2067	2066	11	TCCTTTTGTTTGAGTCTTGTATTT	1
2068	2067	11	CCTTTTGTTTGAGTCTTGTATTTT	1
2069	2068	11	CTTTTGTTTGAGTCTTGTATTTTG	1
2070	2069	12	TTTTGTTTGAGTCTTGTATTTTGC	1
2071	2070	12	TTTGTTTGAGTCTTGTATTTTGCG	1
2072	2071	12	TTGTTTGAGTCTTGTATTTTGCGT	1
2073	2072	12	TGTTTGAGTCTTGTATTTTGCGTA	1
2074	2073	12	GTTTGAGTCTTGTATTTTGCGTAT	1
2075	2074	12	TTTGAGTCTTGTATTTTGCGTATT	1
2076	2075	12	TTGAGTCTTGTATTTTGCGTATTC	1
2077	2076	12	TGAGTCTTGTATTTTGCGTATTCG	1
2078	2077	12	GAGTCTTGTATTTTGCGTATTCGC	1
2079	2078	9	AGTCTTGTATTTTGCGTATTCGCT	1
2080	2079	9	GTCTTGTATTTTGCGTATTCGCTC	1
2081	2080	9	TCTTGTATTTTGCGTATTCGCTCT	1
2082	2081	9	CTTGTATTTTGCGTATTCGCTCTC	1
2083	2082	9	TTGTATTTTGCGTATTCGCTCTCC	1
2084	2083	10	TGTATTTTGCGTATTCGCTCTCCC	1
2085	2084	9	GTATTTTGCGTATTCGCTCTCCCT	1
2086	2085	9	TATTTTGCGTATTCGCTCTCCCTC	1
2087	2086	8	ATTTTGCGTATTCGCTCTCCCTCT	1
2088	2087	8	TTTTGCGTATTCGCTCTCCCTCTC	1
2089	2088	6	TTTGCGTATTCGCTCTCCCTCTCT	1
2090	2089	6	TTGCGTATTCGCTCTCCCTCTCTA	1
2091	2090	5	TGCGTATTCGCTCTCCCTCTCTAT	1
2092	2091	5	GCGTATTCGCTCTCCCTCTCTATA	1
2093	2092	5	CGTATTCGCTCTCCCTCTCTATAT	1
2094	1853	7	TATTCGCTCTCCCTCTCTATATAC	1
2095	2094	7	ATTCGCTCTCCCTCTCTATATACC	1
2096	2095	7	TTCGCTCTCCCTCTCTATATACCC	1
2097	2096	7	TCGCTCTCCCTCTCTATATACCCT	1
2098	2097	7	CGCTCTCCCTCTCTATATACCCTT	1
2099	2098	7	GCTCTCCCTCTCTATATACCCTTC	1
2100	2099	7	CTCTCCCTCTCTATATACCCTTCT	1
2101	2100	7	TCTCCCTCTCTATATACCCTTCTC	1
2102	2101	7	CTCCCTCTCTATATACCCTTCTCT	1
2103	2102	7	TCCCTCTCTATATACCCTTCTCTT	1
2104	2103	6	CCCTCTCTATATACCCTTCTCTTA	1
2105	2104	8	CCTCTCTATATACCCTTCTCTTAA	1
2106	2105	10	CTCTCTATATACCCTTCTCTTAAA	1
2107	2106	9	TCTCTATATACCCTTCTCTTAAAC	1
2108	2107	9	CTCTATATACCCTTCTCTTAAACT	1
2109	2108	9	TCTATATACCCTTCTCTTAAACTC	1
2110	2109	9	CTATATACCCTTCTCTTAAACTCA	1
2111	2110	9	TATATACCCTTCTCTTAAACTCAT	1
2112	2111	9	ATATACCCTTCTCTTAAACTCATC	1
2113	2112	8	TATACCCTTCTCTTAAACTCATCT	1
2114	2113	6	ATACCCTTCTCTTAAACTCATCTG	1
2115	2114	6	TACCCTTCTCTTAAACTCATCTGT	1
2116	2115	6	ACCCTTCTCTTAAACTCATCTGTC	1
2117	2116	6	CCCTTCTCTTAAACTCATCTGTCG	1
2118	2117	7	CCTTCTCTTAAACTCATCTGTCGT	1
2119	2118	7	CTTCTCTTAAACTCATCTGTCGTT	1
2120	2119	7	TTCTCTTAAACTCATCTGTCGTTT	1
2121	2120	7	TCTCTTAAACTCATCTGTCGTTTC	1
2122	2121	7	CTCTTAAACTCATCTGTCGTTTCT	1
2123	2122	8	TCTTAAACTCATCTGTCGTTTCTT	1
2124	2123	8	CTTAAACTCATCTGTCGTTTCTTT	1
2125	2124	8	TTAAACTCATCTGTCGTTTCTTTT	1
2126	2125	8	TAAACTCATCTGTCGTTTCTTTTT	1
2127	2126	7	AAACTCATCTGTCGTTTCTTTTTT	1
2128	2127	7	AACTCATCTGTCGTTTCTTTTTTT	1
2129	2128	7	ACTCATCTGTCGTTTCTTTTTTTT	1
2130	2129	7	CTCATCTGTCGTTTCTTTTTTTTT	1
2131	2130	7	TCATCTGTCGTTTCTTTTTTTTTT	1
2132	2131	6	CATCTGTCGTTTCTTTTTTTTTTT	1
2133	2132	4	ATCTGTCGTTTCTTTTTTTTTTTG	1
2134	2133	4	TCTGTCGTTTCTTTTTTTTTTTGC	1
2135	2134	4	CTGTCGTTTCTTTTTTTTTTTGCC	1
2136	2135	4	TGTCGTTTCTTTTTTTTTTTGCCT	1
2137	2136	4	GTCGTTTCTTTTTTTTTTTGCCTT	1
2138	2137	5	TCGTTTCTTTTTTTTTTTGCCTTT	1
2139	2138	5	CGTTTCTTTTTTTTTTTGCCTTTT	1
2140	2139	5	GTTTCTTTTTTTTTTTGCCTTTTT	1
2141	2140	5	TTTCTTTTTTTTTTTGCCTTTTTA	1
2142	2141	5	TTCTTTTTTTTTTTGCCTTTTTAA	1
2143	2142	5	TCTTTTTTTTTTTGCCTTTTTAAT	1
2144	2143	5	CTTTTTTTTTTTGCCTTTTTAATT	1
2145	2144	6	TTTTTTTTTTTGCCTTTTTAATTC	1
2146	2145	8	TTTTTTTTTTGCCTTTTTAATTCC	1
2147	2146	9	TTTTTTTTTGCCTTTTTAATTCCA	1
2148	2147	9	TTTTTTTTGCCTTTTTAATTCCAA	1
2149	2148	7	TTTTTTTGCCTTTTTAATTCCAAA	1
2150	2149	4	TTTTTTGCCTTTTTAATTCCAAAC	1
2151	2150	3	TTTTTGCCTTTTTAATTCCAAACA	1
2152	2151	3	TTTTGCCTTTTTAATTCCAAACAT	1
2153	2152	3	TTTGCCTTTTTAATTCCAAACATC	1
2154	2153	3	TTGCCTTTTTAATTCCAAACATCT	1
2155	2154	3	TGCCTTTTTAATTCCAAACATCTT	1
2156	2155	3	GCCTTTTTAATTCCAAACATCTTT	1
2157	2156	3	CCTTTTTAATTCCAAACATCTTTT	1
2158	2157	3	CTTTTTAATTCCAAACATCTTTTT	1
2159	2158	3	TTTTTAATTCCAAACATCTTTTTT	1
2160	2159	3	TTTTAATTCCAAACATCTTTTTTA	1
2161	2160	3	TTTAATTCCAAACATCTTTTTTAA	1
2162	2161	3	TTAATTCCAAACATCTTTTTTAAA	1
2163	2162	3	TAATTCCAAACATCTTTTTTAAAA	1
2164	2163	3	AATTCCAAACATCTTTTTTAAAAG	1
2165	2164	3	ATTCCAAACATCTTTTTTAAAAGA	1
2166	2165	3	TTCCAAACATCTTTTTTAAAAGAA	1
2167	2166	2	TCCAAACATCTTTTTTAAAAGAAA	1
2168	2167	2	CCAAACATCTTTTTTAAAAGAAAA	1
2169	2168	2	CAAACATCTTTTTTAAAAGAAAAA	1
2170	2169	2	AAACATCTTTTTTAAAAGAAAAAA	1
2171	2170	2	AACATCTTTTTTAAAAGAAAAAAA	1
2172	2171	2	ACATCTTTTTTAAAAGAAAAAAAA	1
2173	2172	2	CATCTTTTTTAAAAGAAAAAAAAA	1
2174	2173	2	ATCTTTTTTAAAAGAAAAAAAAAG	1
2175	2174	2	TCTTTTTTAAAAGAAAAAAAAAGA	1
2176	2175	2	CTTTTTTAAAAGAAAAAAAAAGAA	1
2177	2176	2	TTTTTTAAAAGAAAAAAAAAGAAA	1
2178	2177	2	TTTTTAAAAGAAAAAAAAAGAAAT	1
2179	2178	2	TTTTAAAAGAAAAAAAAAGAAATC	1
2180	2179	4	TTTAAAAGAAAAAAAAAGAAATCT	1
2181	2180	4	TTAAAAGAAAAAAAAAGAAATCTT	1
2182	2181	3	TAAAAGAAAAAAAAAGAAATCTTA	1
2183	2182	3	AAAAGAAAAAAAAAGAAATCTTAT	1
2184	2183	3	AAAGAAAAAAAAAGAAATCTTATA	1
2185	2184	3	AAGAAAAAAAAAGAAATCTTATAC	1
2186	2185	3	AGAAAAAAAAAGAAATCTTATACC	1
2187	2186	3	GAAAAAAAAAGAAATCTTATACCC	1
2188	2187	2	AAAAAAAAAGAAATCTTATACCCT	1
2189	2188	2	AAAAAAAAGAAATCTTATACCCTT	1
2190	2189	2	AAAAAAAGAAATCTTATACCCTTT	1
2191	2190	2	AAAAAAGAAATCTTATACCCTTTT	1
2192	2191	2	AAAAAGAAATCTTATACCCTTTTT	1
2193	2192	2	AAAAGAAATCTTATACCCTTTTTA	1
2194	2193	2	AAAGAAATCTTATACCCTTTTTAA	1
2195	2194	2	AAGAAATCTTATACCCTTTTTAAG	1
2196	2195	2	AGAAATCTTATACCCTTTTTAAGA	1
2197	2196	2	GAAATCTTATACCCTTTTTAAGAA	1
2198	2197	2	AAATCTTATACCCTTTTTAAGAAA	1
2199	2198	2	AATCTTATACCCTTTTTAAGAAAA	1
2200	2199	2	ATCTTATACCCTTTTTAAGAAAAA	1
2201	2200	2	TCTTATACCCTTTTTAAGAAAAAC	1
2202	2201	2	CTTATACCCTTTTTAAGAAAAACA	1
2203	2202	2	TTATACCCTTTTTAAGAAAAACAA	1
2204	2203	2	TATACCCTTTTTAAGAAAAACAAA	1
2205	2204	2	ATACCCTTTTTAAGAAAAACAAAC	1
2206	2205	2	TACCCTTTTTAAGAAAAACAAACA	1
2207	2206	2	ACCCTTTTTAAGAAAAACAAACAA	1
2208	2207	2	CCCTTTTTAAGAAAAACAAACAAG	1
2209	2208	2	CCTTTTTAAGAAAAACAAACAAGC	1
2210	2209	2	CTTTTTAAGAAAAACAAACAAGCA	1
2211	2210	2	TTTTTAAGAAAAACAAACAAGCAA	1
2212	2211	2	TTTTAAGAAAAACAAACAAGCAAG	1
2213	2212	2	TTTAAGAAAAACAAACAAGCAAGC	1
2214	2213	2	TTAAGAAAAACAAACAAGCAAGCA	1
2215	2214	2	TAAGAAAAACAAACAAGCAAGCAA	1
2216	2215	2	AAGAAAAACAAACAAGCAAGCAAG	1
2217	2216	2	AGAAAAACAAACAAGCAAGCAAGC	1
2218	2217	2	GAAAAACAAACAAGCAAGCAAGCA	1
2219	2218	2	AAAAACAAACAAGCAAGCAAGCAA	1
2220	2219	2	AAAACAAACAAGCAAGCAAGCAAA	1
2221	2220	3	AAACAAACAAGCAAGCAAGCAAAA	1
2222	2221	3	AACAAACAAGCAAGCAAGCAAAAA	1
2223	2222	3	ACAAACAAGCAAGCAAGCAAAAAT	1
2224	2223	1	CAAACAAGCAAGCAAGCAAAAATA	1
2225	2224	1	AAACAAGCAAGCAAGCAAAAATAC	1
2226	2225	1	AACAAGCAAGCAAGCAAAAATACT	1
2227	2226	1	ACAAGCAAGCAAGCAAAAATACTT	1
2228	2227	1	CAAGCAAGCAAGCAAAAATACTTT	1
2229	2228	1	AAGCAAGCAAGCAAAAATACTTTA	1
2230	2229	1	AGCAAGCAAGCAAAAATACTTTAC	1
2231	2230	1	GCAAGCAAGCAAAAATACTTTACT	1
2232	2231	1	CAAGCAAGCAAAAATACTTTACTA	1
2233	2232	1	AAGCAAGCAAAAATACTTTACTAG	1
2234	2233	1	AGCAAGCAAAAATACTTTACTAGC	1
2235	2234	1	GCAAGCAAAAATACTTTACTAGCT	1
2236	2235	1	CAAGCAAAAATACTTTACTAGCTT	1
2237	2236	1	AAGCAAAAATACTTTACTAGCTTG	1
2238	2237	1	AGCAAAAATACTTTACTAGCTTGT	1
2239	2238	1	GCAAAAATACTTTACTAGCTTGTT	1
2240	2239	1	CAAAAATACTTTACTAGCTTGTTC	1
2241	2240	1	AAAAATACTTTACTAGCTTGTTCA	1
2242	2241	1	AAAATACTTTACTAGCTTGTTCAA	1
2243	2242	1	AAATACTTTACTAGCTTGTTCAAA	1
2244	2243	1	AATACTTTACTAGCTTGTTCAAAA	1
2245	2244	3	ATACTTTACTAGCTTGTTCAAAAA	1
2246	2245	3	TACTTTACTAGCTTGTTCAAAAAA	1
2247	2246	3	ACTTTACTAGCTTGTTCAAAAAAT	1
2248	2247	3	CTTTACTAGCTTGTTCAAAAAATT	1
2249	2248	3	TTTACTAGCTTGTTCAAAAAATTT	1
2250	2249	3	TTACTAGCTTGTTCAAAAAATTTC	1
2251	2250	3	TACTAGCTTGTTCAAAAAATTTCT	1
2252	2251	3	ACTAGCTTGTTCAAAAAATTTCTT	1
2253	2252	3	CTAGCTTGTTCAAAAAATTTCTTT	1
2254	2253	3	TAGCTTGTTCAAAAAATTTCTTTT	1
2255	2254	3	AGCTTGTTCAAAAAATTTCTTTTT	1
2256	2255	3	GCTTGTTCAAAAAATTTCTTTTTC	1
2257	2256	3	CTTGTTCAAAAAATTTCTTTTTCA	1
2258	2257	2	TTGTTCAAAAAATTTCTTTTTCAC	1
2259	2258	2	TGTTCAAAAAATTTCTTTTTCACT	1
2260	2259	2	GTTCAAAAAATTTCTTTTTCACTG	1
2261	2260	2	TTCAAAAAATTTCTTTTTCACTGT	1
2262	2261	2	TCAAAAAATTTCTTTTTCACTGTT	1
2263	2262	2	CAAAAAATTTCTTTTTCACTGTTG	1
2264	2263	2	AAAAAATTTCTTTTTCACTGTTGC	1
2265	2264	2	AAAAATTTCTTTTTCACTGTTGCG	1
2266	2265	2	AAAATTTCTTTTTCACTGTTGCGT	1
2267	2266	2	AAATTTCTTTTTCACTGTTGCGTT	1
2268	2267	2	AATTTCTTTTTCACTGTTGCGTTA	1
2269	2268	2	ATTTCTTTTTCACTGTTGCGTTAT	1
2270	2269	2	TTTCTTTTTCACTGTTGCGTTATA	1
2271	2270	2	TTCTTTTTCACTGTTGCGTTATAA	1
2272	2271	2	TCTTTTTCACTGTTGCGTTATAAC	1
2273	2272	2	CTTTTTCACTGTTGCGTTATAACG	1
2274	2273	2	TTTTTCACTGTTGCGTTATAACGA	1
2275	2274	2	TTTTCACTGTTGCGTTATAACGAT	1
2276	2275	2	TTTCACTGTTGCGTTATAACGATA	1
2277	2276	2	TTCACTGTTGCGTTATAACGATAG	1
2278	2277	2	TCACTGTTGCGTTATAACGATAGT	1
2279	2278	2	CACTGTTGCGTTATAACGATAGTT	1
2280	2279	2	ACTGTTGCGTTATAACGATAGTTA	1
2281	2280	2	CTGTTGCGTTATAACGATAGTTAA	1
2282	2281	2	TGTTGCGTTATAACGATAGTTAAA	1
2283	2282	2	GTTGCGTTATAACGATAGTTAAAC	1
2284	2283	2	TTGCGTTATAACGATAGTTAAACT	1
2285	2284	2	TGCGTTATAACGATAGTTAAACTT	1
2286	2285	2	GCGTTATAACGATAGTTAAACTTC	1
2287	2286	2	CGTTATAACGATAGTTAAACTTCG	1
2288	2287	2	GTTATAACGATAGTTAAACTTCGG	1
2289	-1	0	TGATTGCTATTGGTAAAGATGAAG	1
2290	2289	1	GATTGCTATTGGTAAAGATGAAGA	1
2291	2290	1	ATTGCTATTGGTAAAGATGAAGAG	1
2292	2291	1	TTGCTATTGGTAAAGATGAAGAGG	1
2293	2292	1	TGCTATTGGTAAAGATGAAGAGGC	1
2294	2293	1	GCTATTGGTAAAGATGAAGAGGCT	1
2295	2294	1	CTATTGGTAAAGATGAAGAGGCTC	1
2296	2295	1	TATTGGTAAAGATGAAGAGGCTCT	1
2297	2296	1	ATTGGTAAAGATGAAGAGGCTCTT	1
2298	2297	1	TTGGTAAAGATGAAGAGGCTCTTG	1
2299	2298	1	TGGTAAAGATGAAGAGGCTCTTGA	1
2300	2299	1	GGTAAAGATGAAGAGGCTCTTGAC	1
2301	2300	1	GTAAAGATGAAGAGGCTCTTGACA	1
2302	2301	1	TAAAGATGAAGAGGCTCTTGACAT	1
2303	2302	1	AAAGATGAAGAGGCTCTTGACATT	1
2304	2303	1	AAGATGAAGAGGCTCTTGACATTA	1
2305	2304	1	AGATGAAGAGGCTCTTGACATTAT	1
2306	2305	1	GATGAAGAGGCTCTTGACATTATG	1
2307	2306	2	ATGAAGAGGCTCTTGACATTATGT	1
2308	2307	2	TGAAGAGGCTCTTGACATTATGTG	1
2309	2308	2	GAAGAGGCTCTTGACATTATGTGC	1
2310	2309	2	AAGAGGCTCTTGACATTATGTGCA	1
2311	2310	2	AGAGGCTCTTGACATTATGTGCAA	1
2312	2311	2	GAGGCTCTTGACATTATGTGCAAA	1
2313	2312	2	AGGCTCTTGACATTATGTGCAAAA	1
2314	2313	2	GGCTCTTGACATTATGTGCAAAAA	1
2315	2314	2	GCTCTTGACATTATGTGCAAAAAC	1
2316	2315	3	CTCTTGACATTATGTGCAAAAACA	1
2317	2316	3	TCTTGACATTATGTGCAAAAACAA	1
2318	2317	3	CTTGACATTATGTGCAAAAACAAC	1
2319	2318	3	TTGACATTATGTGCAAAAACAACG	1
2320	2319	3	TGACATTATGTGCAAAAACAACGA	1
2321	2320	3	GACATTATGTGCAAAAACAACGAT	1
2322	2321	3	ACATTATGTGCAAAAACAACGATC	1
2323	2322	3	CATTATGTGCAAAAACAACGATCT	1
2324	2323	3	ATTATGTGCAAAAACAACGATCTT	1
2325	2324	3	TTATGTGCAAAAACAACGATCTTC	1
2326	2325	3	TATGTGCAAAAACAACGATCTTCC	1
2327	2326	3	ATGTGCAAAAACAACGATCTTCCT	1
2328	2327	3	TGTGCAAAAACAACGATCTTCCTC	1
2329	2328	3	GTGCAAAAACAACGATCTTCCTCG	1
2330	2329	3	TGCAAAAACAACGATCTTCCTCGT	1
2331	2330	3	GCAAAAACAACGATCTTCCTCGTG	1
2332	2331	3	CAAAAACAACGATCTTCCTCGTGA	1
2333	2332	3	AAAAACAACGATCTTCCTCGTGAA	1
2334	2333	2	AAAACAACGATCTTCCTCGTGAAC	1
2335	2334	2	AAACAACGATCTTCCTCGTGAACA	1
2336	2335	1	AACAACGATCTTCCTCGTGAACAC	1
2337	2336	1	ACAACGATCTTCCTCGTGAACACG	1
2338	2337	1	CAACGATCTTCCTCGTGAACACGA	1
2339	2338	1	AACGATCTTCCTCGTGAACACGAA	1
2340	2339	1	ACGATCTTCCTCGTGAACACGAAA	1
2341	2340	1	CGATCTTCCTCGTGAACACGAAAT	1
2342	2341	1	GATCTTCCTCGTGAACACGAAATT	1
2343	2342	1	ATCTTCCTCGTGAACACGAAATTA	1
2344	2343	1	TCTTCCTCGTGAACACGAAATTAT	1
2345	2344	1	CTTCCTCGTGAACACGAAATTATT	1
2346	2345	1	TTCCTCGTGAACACGAAATTATTC	1
2347	2346	1	TCCTCGTGAACACGAAATTATTCA	1
2348	2347	1	CCTCGTGAACACGAAATTATTCAA	1
2349	2348	1	CTCGTGAACACGAAATTATTCAAA	1
2350	2349	2	TCGTGAACACGAAATTATTCAAAC	1
2351	2350	2	CGTGAACACGAAATTATTCAAACG	1
2352	2351	2	GTGAACACGAAATTATTCAAACGG	1
2353	2352	2	TGAACACGAAATTATTCAAACGGA	1
2354	2353	2	GAACACGAAATTATTCAAACGGAA	1
2355	2354	2	AACACGAAATTATTCAAACGGAAT	1
2356	2355	2	ACACGAAATTATTCAAACGGAATA	1
2357	2356	2	CACGAAATTATTCAAACGGAATAC	1
2358	2357	2	ACGAAATTATTCAAACGGAATACC	1
2359	2358	2	CGAAATTATTCAAACGGAATACCA	1
2360	2359	1	GAAATTATTCAAACGGAATACCAT	1
2361	2360	1	AAATTATTCAAACGGAATACCATG	1
2362	2361	1	AATTATTCAAACGGAATACCATGT	1
2363	2362	1	ATTATTCAAACGGAATACCATGTC	1
2364	2363	1	TTATTCAAACGGAATACCATGTCA	1
2365	2364	1	TATTCAAACGGAATACCATGTCAT	1
2366	2365	2	ATTCAAACGGAATACCATGTCATT	1
2367	2366	2	TTCAAACGGAATACCATGTCATTA	1
2368	2367	2	TCAAACGGAATACCATGTCATTAA	1
2369	2368	2	CAAACGGAATACCATGTCATTAAA	1
2370	2369	2	AAACGGAATACCATGTCATTAAAA	1
2371	2370	2	AACGGAATACCATGTCATTAAAAC	1
2372	2371	2	ACGGAATACCATGTCATTAAAACT	1
2373	2372	2	CGGAATACCATGTCATTAAAACTG	1
2374	2373	2	GGAATACCATGTCATTAAAACTGA	1
2375	2374	2	GAATACCATGTCATTAAAACTGAC	1
2376	2375	2	AATACCATGTCATTAAAACTGACT	1
2377	2376	2	ATACCATGTCATTAAAACTGACTG	1
2378	2377	2	TACCATGTCATTAAAACTGACTGT	1
2379	2378	2	ACCATGTCATTAAAACTGACTGTG	1
2380	2379	2	CCATGTCATTAAAACTGACTGTGA	1
2381	2380	2	CATGTCATTAAAACTGACTGTGAA	1
2382	2381	2	ATGTCATTAAAACTGACTGTGAAG	1
2383	2382	2	TGTCATTAAAACTGACTGTGAAGC	1
2384	2383	2	GTCATTAAAACTGACTGTGAAGCT	1
2385	2384	2	TCATTAAAACTGACTGTGAAGCTG	1
2386	2385	2	CATTAAAACTGACTGTGAAGCTGA	1
2387	2386	2	ATTAAAACTGACTGTGAAGCTGAA	1
2388	2387	2	TTAAAACTGACTGTGAAGCTGAAA	1
2389	2388	2	TAAAACTGACTGTGAAGCTGAAAT	1
2390	2389	2	AAAACTGACTGTGAAGCTGAAATG	1
2391	2390	2	AAACTGACTGTGAAGCTGAAATGG	1
2392	2391	2	AACTGACTGTGAAGCTGAAATGGC	1
2393	2392	2	ACTGACTGTGAAGCTGAAATGGCC	1
2394	2393	1	CTGACTGTGAAGCTGAAATGGCCG	1
2395	2394	1	TGACTGTGAAGCTGAAATGGCCGG	1
2396	2395	1	GACTGTGAAGCTGAAATGGCCGGT	1
2397	2396	1	ACTGTGAAGCTGAAATGGCCGGTG	1
2398	2397	1	CTGTGAAGCTGAAATGGCCGGTGG	1
2399	2398	1	TGTGAAGCTGAAATGGCCGGTGGT	1
2400	2399	1	GTGAAGCTGAAATGGCCGGTGGTC	1
2401	2400	1	TGAAGCTGAAATGGCCGGTGGTCC	1
2402	2401	1	GAAGCTGAAATGGCCGGTGGTCCC	1
2403	2402	1	AAGCTGAAATGGCCGGTGGTCCCG	1
2404	2403	1	AGCTGAAATGGCCGGTGGTCCCGC	1
2405	2404	1	GCTGAAATGGCCGGTGGTCCCGCT	1
2406	2405	1	CTGAAATGGCCGGTGGTCCCGCTA	1
2407	2406	1	TGAAATGGCCGGTGGTCCCGCTAC	1
2408	2407	1	GAAATGGCCGGTGGTCCCGCTACT	1
2409	2408	1	AAATGGCCGGTGGTCCCGCTACTT	1
2410	-1	0	CAAGTTACCGCTGTCCCATCTTGG	1
2411	2410	1	AAGTTACCGCTGTCCCATCTTGGG	1
2412	2411	1	AGTTACCGCTGTCCCATCTTGGGT	1
2413	2412	1	GTTACCGCTGTCCCATCTTGGGTC	1
2414	2413	1	TTACCGCTGTCCCATCTTGGGTCC	1
2415	2414	1	TACCGCTGTCCCATCTTGGGTCCA	1
2416	2415	1	ACCGCTGTCCCATCTTGGGTCCAA	1
2417	2416	1	CCGCTGTCCCATCTTGGGTCCAAA	1
2418	2417	1	CGCTGTCCCATCTTGGGTCCAAAT	1
2419	2418	1	GCTGTCCCATCTTGGGTCCAAATC	1
2420	2419	1	CTGTCCCATCTTGGGTCCAAATCA	1
2421	2420	1	TGTCCCATCTTGGGTCCAAATCAT	1
2422	2421	1	GTCCCATCTTGGGTCCAAATCATG	1
2423	2422	1	TCCCATCTTGGGTCCAAATCATGG	1
2424	2423	1	CCCATCTTGGGTCCAAATCATGGT	1
2425	2424	1	CCATCTTGGGTCCAAATCATGGTT	1
2426	2425	1	CATCTTGGGTCCAAATCATGGTTG	1
2427	2426	1	ATCTTGGGTCCAAATCATGGTTGC	1
2428	2427	2	TCTTGGGTCCAAATCATGGTTGCT	1
2429	2428	2	CTTGGGTCCAAATCATGGTTGCTA	1
2430	2429	2	TTGGGTCCAAATCATGGTTGCTAA	1
2431	2430	2	TGGGTCCAAATCATGGTTGCTAAG	1
2432	2431	2	GGGTCCAAATCATGGTTGCTAAGA	1
2433	2432	2	GGTCCAAATCATGGTTGCTAAGAT	1
2434	2433	5	GTCCAAATCATGGTTGCTAAGATT	1
2435	2434	5	TCCAAATCATGGTTGCTAAGATTT	1
2436	2435	5	CCAAATCATGGTTGCTAAGATTTG	1
2437	2436	5	CAAATCATGGTTGCTAAGATTTGG	1
2438	2437	5	AAATCATGGTTGCTAAGATTTGGA	1
2439	2438	5	AATCATGGTTGCTAAGATTTGGAC	1
2440	2439	5	ATCATGGTTGCTAAGATTTGGACT	1
2441	2440	5	TCATGGTTGCTAAGATTTGGACTG	1
2442	2441	5	CATGGTTGCTAAGATTTGGACTGG	1
2443	2442	5	ATGGTTGCTAAGATTTGGACTGGT	1
2444	2443	5	TGGTTGCTAAGATTTGGACTGGTC	1
2445	2444	5	GGTTGCTAAGATTTGGACTGGTCT	1
2446	2445	5	GTTGCTAAGATTTGGACTGGTCTT	1
2447	2446	3	TTGCTAAGATTTGGACTGGTCTTT	1
2448	2447	3	TGCTAAGATTTGGACTGGTCTTTC	1
2449	2448	3	GCTAAGATTTGGACTGGTCTTTCC	1
2450	2449	4	CTAAGATTTGGACTGGTCTTTCCA	1
2451	2450	4	TAAGATTTGGACTGGTCTTTCCAT	1
2452	2451	4	AAGATTTGGACTGGTCTTTCCATT	1
2453	2452	4	AGATTTGGACTGGTCTTTCCATTG	1
2454	2453	4	GATTTGGACTGGTCTTTCCATTGG	1
2455	2454	4	ATTTGGACTGGTCTTTCCATTGGC	1
2456	2455	4	TTTGGACTGGTCTTTCCATTGGCG	1
2457	2456	4	TTGGACTGGTCTTTCCATTGGCGC	1
2458	2457	4	TGGACTGGTCTTTCCATTGGCGCC	1
2459	2458	4	GGACTGGTCTTTCCATTGGCGCCT	1
2460	2459	4	GACTGGTCTTTCCATTGGCGCCTT	1
2461	2460	4	ACTGGTCTTTCCATTGGCGCCTTG	1
2462	2461	4	CTGGTCTTTCCATTGGCGCCTTGT	1
2463	2462	4	TGGTCTTTCCATTGGCGCCTTGTC	1
2464	2463	4	GGTCTTTCCATTGGCGCCTTGTCT	1
2465	2464	4	GTCTTTCCATTGGCGCCTTGTCTG	1
2466	2465	4	TCTTTCCATTGGCGCCTTGTCTGT	1
2467	2466	4	CTTTCCATTGGCGCCTTGTCTGTG	1
2468	2467	4	TTTCCATTGGCGCCTTGTCTGTGC	1
2469	2468	4	TTCCATTGGCGCCTTGTCTGTGCT	1
2470	2469	4	TCCATTGGCGCCTTGTCTGTGCTT	1
2471	2470	4	CCATTGGCGCCTTGTCTGTGCTTG	1
2472	2471	3	CATTGGCGCCTTGTCTGTGCTTGC	1
2473	2472	3	ATTGGCGCCTTGTCTGTGCTTGCC	1
2474	2473	3	TTGGCGCCTTGTCTGTGCTTGCCC	1
2475	2474	3	TGGCGCCTTGTCTGTGCTTGCCCC	1
2476	2475	3	GGCGCCTTGTCTGTGCTTGCCCCC	1
2477	2476	3	GCGCCTTGTCTGTGCTTGCCCCCG	1
2478	2477	1	CGCCTTGTCTGTGCTTGCCCCCGG	1
2479	2478	1	GCCTTGTCTGTGCTTGCCCCCGGT	1
2480	2479	3	CCTTGTCTGTGCTTGCCCCCGGTT	1
2481	2480	3	CTTGTCTGTGCTTGCCCCCGGTTT	1
2482	2481	3	TTGTCTGTGCTTGCCCCCGGTTTC	1
2483	2482	4	TGTCTGTGCTTGCCCCCGGTTTCC	1
2484	2483	4	GTCTGTGCTTGCCCCCGGTTTCCA	1
2485	2484	4	TCTGTGCTTGCCCCCGGTTTCCAA	1
2486	2485	4	CTGTGCTTGCCCCCGGTTTCCAAT	1
2487	2486	4	TGTGCTTGCCCCCGGTTTCCAATC	1
2488	2487	4	GTGCTTGCCCCCGGTTTCCAATCT	1
2489	2488	4	TGCTTGCCCCCGGTTTCCAATCTG	1
2490	2489	4	GCTTGCCCCCGGTTTCCAATCTGA	1
2491	2490	4	CTTGCCCCCGGTTTCCAATCTGAG	1
2492	2491	4	TTGCCCCCGGTTTCCAATCTGAGG	1
2493	2492	4	TGCCCCCGGTTTCCAATCTGAGGT	1
2494	2493	4	GCCCCCGGTTTCCAATCTGAGGTT	1
2495	2494	4	CCCCCGGTTTCCAATCTGAGGTTG	1
2496	2495	4	CCCCGGTTTCCAATCTGAGGTTGC	1
2497	2496	4	CCCGGTTTCCAATCTGAGGTTGCT	1
2498	2497	3	CCGGTTTCCAATCTGAGGTTGCTC	1
2499	2498	3	CGGTTTCCAATCTGAGGTTGCTCC	1
2500	2499	3	GGTTTCCAATCTGAGGTTGCTCCC	1
2501	2500	3	GTTTCCAATCTGAGGTTGCTCCCG	1
2502	2501	3	TTTCCAATCTGAGGTTGCTCCCGC	1
2503	2502	3	TTCCAATCTGAGGTTGCTCCCGCT	1
2504	2503	2	TCCAATCTGAGGTTGCTCCCGCTA	1
2505	2504	2	CCAATCTGAGGTTGCTCCCGCTAC	1
2506	2505	2	CAATCTGAGGTTGCTCCCGCTACC	1
2507	2506	2	AATCTGAGGTTGCTCCCGCTACCC	1
2508	2507	2	ATCTGAGGTTGCTCCCGCTACCCT	1
2509	2508	2	TCTGAGGTTGCTCCCGCTACCCTT	1
2510	2509	2	CTGAGGTTGCTCCCGCTACCCTTC	1
2511	2510	2	TGAGGTTGCTCCCGCTACCCTTCG	1
2512	2511	2	GAGGTTGCTCCCGCTACCCTTCGT	1
2513	2512	1	AGGTTGCTCCCGCTACCCTTCGTG	1
2514	2513	1	GGTTGCTCCCGCTACCCTTCGTGG	1
2515	2514	1	GTTGCTCCCGCTACCCTTCGTGGT	1
2516	2515	1	TTGCTCCCGCTACCCTTCGTGGTA	1
2517	2516	1	TGCTCCCGCTACCCTTCGTGGTAC	1
2518	2517	1	GCTCCCGCTACCCTTCGTGGTACC	1
2519	2518	1	CTCCCGCTACCCTTCGTGGTACCA	1
2520	2519	1	TCCCGCTACCCTTCGTGGTACCAT	1
2521	2520	1	CCCGCTACCCTTCGTGGTACCATT	1
2522	2521	1	CCGCTACCCTTCGTGGTACCATTG	1
2523	2522	1	CGCTACCCTTCGTGGTACCATTGT	1
2524	2523	1	GCTACCCTTCGTGGTACCATTGTC	1
2525	2524	1	CTACCCTTCGTGGTACCATTGTCA	1
2526	2525	1	TACCCTTCGTGGTACCATTGTCAC	1
2527	-1	0	ACGGAAAGTTTTTGTCTCATCATT	1
2528	2527	1	CGGAAAGTTTTTGTCTCATCATTT	1
2529	2528	1	GGAAAGTTTTTGTCTCATCATTTC	1
2530	2529	1	GAAAGTTTTTGTCTCATCATTTCA	1
2531	2530	1	AAAGTTTTTGTCTCATCATTTCAT	1
2532	2531	1	AAGTTTTTGTCTCATCATTTCATG	1
2533	2532	1	AGTTTTTGTCTCATCATTTCATGC	1
2534	2533	1	GTTTTTGTCTCATCATTTCATGCT	1
2535	2534	1	TTTTTGTCTCATCATTTCATGCTT	1
2536	2535	1	TTTTGTCTCATCATTTCATGCTTT	1
2537	2536	1	TTTGTCTCATCATTTCATGCTTTA	1
2538	2537	1	TTGTCTCATCATTTCATGCTTTAA	1
2539	2538	1	TGTCTCATCATTTCATGCTTTAAA	1
2540	2539	1	GTCTCATCATTTCATGCTTTAAAT	1
2541	2540	2	TCTCATCATTTCATGCTTTAAATT	1
2542	2541	2	CTCATCATTTCATGCTTTAAATTT	1
2543	2542	2	TCATCATTTCATGCTTTAAATTTA	1
2544	2543	2	CATCATTTCATGCTTTAAATTTAA	1
2545	2544	2	ATCATTTCATGCTTTAAATTTAAT	1
2546	2545	2	TCATTTCATGCTTTAAATTTAATG	1
2547	2546	2	CATTTCATGCTTTAAATTTAATGT	1
2548	2547	2	ATTTCATGCTTTAAATTTAATGTT	1
2549	2548	2	TTTCATGCTTTAAATTTAATGTTG	1
2550	2549	2	TTCATGCTTTAAATTTAATGTTGG	1
2551	2550	2	TCATGCTTTAAATTTAATGTTGGT	1
2552	2551	2	CATGCTTTAAATTTAATGTTGGTT	1
2553	2552	2	ATGCTTTAAATTTAATGTTGGTTT	1
2554	2553	2	TGCTTTAAATTTAATGTTGGTTTG	1
2555	2554	2	GCTTTAAATTTAATGTTGGTTTGG	1
2556	2555	2	CTTTAAATTTAATGTTGGTTTGGA	1
2557	2556	2	TTTAAATTTAATGTTGGTTTGGAT	1
2558	2557	2	TTAAATTTAATGTTGGTTTGGATT	1
2559	2558	2	TAAATTTAATGTTGGTTTGGATTT	1
2560	2559	2	AAATTTAATGTTGGTTTGGATTTA	1
2561	2560	2	AATTTAATGTTGGTTTGGATTTAT	1
2562	2561	2	ATTTAATGTTGGTTTGGATTTATT	1
2563	2562	2	TTTAATGTTGGTTTGGATTTATTT	1
2564	2563	2	TTAATGTTGGTTTGGATTTATTTA	1
2565	2564	2	TAATGTTGGTTTGGATTTATTTAA	1
2566	2565	2	AATGTTGGTTTGGATTTATTTAAT	1
2567	2566	2	ATGTTGGTTTGGATTTATTTAATT	1
2568	2567	2	TGTTGGTTTGGATTTATTTAATTT	1
2569	2568	2	GTTGGTTTGGATTTATTTAATTTT	1
2570	2569	2	TTGGTTTGGATTTATTTAATTTTC	1
2571	2570	2	TGGTTTGGATTTATTTAATTTTCC	1
2572	2571	1	GGTTTGGATTTATTTAATTTTCCT	1
2573	2572	1	GTTTGGATTTATTTAATTTTCCTA	1
2574	2573	1	TTTGGATTTATTTAATTTTCCTAG	1
2575	2574	1	TTGGATTTATTTAATTTTCCTAGC	1
2576	2575	1	TGGATTTATTTAATTTTCCTAGCT	1
2577	2576	1	GGATTTATTTAATTTTCCTAGCTT	1
2578	2577	1	GATTTATTTAATTTTCCTAGCTTT	1
2579	2578	1	ATTTATTTAATTTTCCTAGCTTTA	1
2580	2579	1	TTTATTTAATTTTCCTAGCTTTAG	1
2581	2580	1	TTATTTAATTTTCCTAGCTTTAGT	1
2582	2581	1	TATTTAATTTTCCTAGCTTTAGTC	1
2583	2582	1	ATTTAATTTTCCTAGCTTTAGTCG	1
2584	2583	1	TTTAATTTTCCTAGCTTTAGTCGA	1
