Component 700
1	-1	0	ACAGCTTCAATGGCAGCAGCTCGT	1
2	1	1	CAGCTTCAATGGCAGCAGCTCGTC	1
3	2	3	AGCTTCAATGGCAGCAGCTCGTCC	1
4	3	3	GCTTCAATGGCAGCAGCTCGTCCC	1
5	4	6	CTTCAATGGCAGCAGCTCGTCCCA	1
6	5	14	TTCAATGGCAGCAGCTCGTCCCAC	1
7	6	15	TCAATGGCAGCAGCTCGTCCCACA	1
8	7	15	CAATGGCAGCAGCTCGTCCCACAG	1
9	8	15	AATGGCAGCAGCTCGTCCCACAGT	1
10	9	16	ATGGCAGCAGCTCGTCCCACAGTT	1
11	10	16	TGGCAGCAGCTCGTCCCACAGTTA	1
12	11	16	GGCAGCAGCTCGTCCCACAGTTAG	1
13	12	16	GCAGCAGCTCGTCCCACAGTTAGT	1
14	13	17	CAGCAGCTCGTCCCACAGTTAGTA	1
15	14	18	AGCAGCTCGTCCCACAGTTAGTAT	1
16	15	18	GCAGCTCGTCCCACAGTTAGTATT	1
17	16	18	CAGCTCGTCCCACAGTTAGTATTT	1
18	17	18	AGCTCGTCCCACAGTTAGTATTTA	1
19	18	18	GCTCGTCCCACAGTTAGTATTTAC	1
20	19	18	CTCGTCCCACAGTTAGTATTTACA	1
21	20	18	TCGTCCCACAGTTAGTATTTACAG	1
22	21	18	CGTCCCACAGTTAGTATTTACAGC	1
23	22	18	GTCCCACAGTTAGTATTTACAGCA	1
24	23	18	TCCCACAGTTAGTATTTACAGCAA	1
25	24	18	CCCACAGTTAGTATTTACAGCAAA	1
26	25	18	CCACAGTTAGTATTTACAGCAAAG	1
27	26	19	CACAGTTAGTATTTACAGCAAAGA	1
28	27	19	ACAGTTAGTATTTACAGCAAAGAC	1
29	28	19	CAGTTAGTATTTACAGCAAAGACG	1
30	29	19	AGTTAGTATTTACAGCAAAGACGG	1
31	30	19	GTTAGTATTTACAGCAAAGACGGC	1
32	31	19	TTAGTATTTACAGCAAAGACGGCA	1
33	32	19	TAGTATTTACAGCAAAGACGGCAG	1
34	33	19	AGTATTTACAGCAAAGACGGCAGT	1
35	34	19	GTATTTACAGCAAAGACGGCAGTG	1
36	35	18	TATTTACAGCAAAGACGGCAGTGT	1
37	36	18	ATTTACAGCAAAGACGGCAGTGTC	1
38	37	18	TTTACAGCAAAGACGGCAGTGTCT	1
39	38	18	TTACAGCAAAGACGGCAGTGTCTC	1
40	39	18	TACAGCAAAGACGGCAGTGTCTCT	1
41	40	18	ACAGCAAAGACGGCAGTGTCTCTT	1
42	41	18	CAGCAAAGACGGCAGTGTCTCTTC	1
43	42	18	AGCAAAGACGGCAGTGTCTCTTCT	1
44	43	18	GCAAAGACGGCAGTGTCTCTTCTG	1
45	44	18	CAAAGACGGCAGTGTCTCTTCTGA	1
46	45	17	AAAGACGGCAGTGTCTCTTCTGAG	1
47	46	15	AAGACGGCAGTGTCTCTTCTGAGA	1
48	47	15	AGACGGCAGTGTCTCTTCTGAGAC	1
49	48	12	GACGGCAGTGTCTCTTCTGAGACT	1
50	49	4	ACGGCAGTGTCTCTTCTGAGACTA	1
51	50	3	CGGCAGTGTCTCTTCTGAGACTAT	1
52	51	3	GGCAGTGTCTCTTCTGAGACTATT	1
53	52	3	GCAGTGTCTCTTCTGAGACTATTG	1
54	53	3	CAGTGTCTCTTCTGAGACTATTGC	1
55	54	3	AGTGTCTCTTCTGAGACTATTGCT	1
56	55	3	GTGTCTCTTCTGAGACTATTGCTT	1
57	56	3	TGTCTCTTCTGAGACTATTGCTTT	1
58	57	2	GTCTCTTCTGAGACTATTGCTTTG	1
59	58	1	TCTCTTCTGAGACTATTGCTTTGC	1
60	59	1	CTCTTCTGAGACTATTGCTTTGCC	1
61	60	1	TCTTCTGAGACTATTGCTTTGCCT	1
62	61	1	CTTCTGAGACTATTGCTTTGCCTT	1
63	62	1	TTCTGAGACTATTGCTTTGCCTTT	1
64	63	1	TCTGAGACTATTGCTTTGCCTTTT	1
65	64	1	CTGAGACTATTGCTTTGCCTTTTG	1
66	65	2	TGAGACTATTGCTTTGCCTTTTGT	1
67	66	2	GAGACTATTGCTTTGCCTTTTGTT	1
68	67	2	AGACTATTGCTTTGCCTTTTGTTT	1
69	68	2	GACTATTGCTTTGCCTTTTGTTTT	1
70	69	2	ACTATTGCTTTGCCTTTTGTTTTC	1
71	70	1	CTATTGCTTTGCCTTTTGTTTTCA	1
72	71	1	TATTGCTTTGCCTTTTGTTTTCAA	1
73	72	1	ATTGCTTTGCCTTTTGTTTTCAAA	1
74	73	1	TTGCTTTGCCTTTTGTTTTCAAAG	1
74	365	2	TTGCTTTGCCTTTTGTTTTCAAAG	1
75	-1	0	AGGCTTTCCGTAACATTCCTGGTG	1
76	75	2	GGCTTTCCGTAACATTCCTGGTGT	1
77	76	2	GCTTTCCGTAACATTCCTGGTGTT	1
78	77	4	CTTTCCGTAACATTCCTGGTGTTG	1
79	78	4	TTTCCGTAACATTCCTGGTGTTGA	1
80	79	5	TTCCGTAACATTCCTGGTGTTGAA	1
81	80	5	TCCGTAACATTCCTGGTGTTGAAA	1
82	81	5	CCGTAACATTCCTGGTGTTGAAAT	1
83	82	5	CGTAACATTCCTGGTGTTGAAATT	1
84	83	5	GTAACATTCCTGGTGTTGAAATTG	1
85	84	5	TAACATTCCTGGTGTTGAAATTGT	1
86	85	5	AACATTCCTGGTGTTGAAATTGTC	1
87	86	5	ACATTCCTGGTGTTGAAATTGTCA	1
88	87	5	CATTCCTGGTGTTGAAATTGTCAA	1
89	88	5	ATTCCTGGTGTTGAAATTGTCAAC	1
90	89	5	TTCCTGGTGTTGAAATTGTCAACG	1
91	90	5	TCCTGGTGTTGAAATTGTCAACGT	1
92	91	5	CCTGGTGTTGAAATTGTCAACGTT	1
93	92	5	CTGGTGTTGAAATTGTCAACGTTC	1
94	93	5	TGGTGTTGAAATTGTCAACGTTCG	1
95	94	5	GGTGTTGAAATTGTCAACGTTCGT	1
96	95	5	GTGTTGAAATTGTCAACGTTCGTC	1
97	96	5	TGTTGAAATTGTCAACGTTCGTCG	1
98	97	5	GTTGAAATTGTCAACGTTCGTCGT	1
99	98	5	TTGAAATTGTCAACGTTCGTCGTT	1
100	99	5	TGAAATTGTCAACGTTCGTCGTTT	1
101	100	5	GAAATTGTCAACGTTCGTCGTTTG	1
102	101	5	AAATTGTCAACGTTCGTCGTTTGA	1
103	102	5	AATTGTCAACGTTCGTCGTTTGAA	1
104	103	5	ATTGTCAACGTTCGTCGTTTGAAC	1
105	104	5	TTGTCAACGTTCGTCGTTTGAACT	1
106	105	5	TGTCAACGTTCGTCGTTTGAACTT	1
107	106	5	GTCAACGTTCGTCGTTTGAACTTA	1
108	107	7	TCAACGTTCGTCGTTTGAACTTAC	1
109	108	8	CAACGTTCGTCGTTTGAACTTACT	1
110	109	8	AACGTTCGTCGTTTGAACTTACTT	1
111	110	8	ACGTTCGTCGTTTGAACTTACTTC	1
112	111	8	CGTTCGTCGTTTGAACTTACTTCA	1
113	112	8	GTTCGTCGTTTGAACTTACTTCAA	1
114	113	8	TTCGTCGTTTGAACTTACTTCAAC	1
115	114	8	TCGTCGTTTGAACTTACTTCAACT	1
116	115	8	CGTCGTTTGAACTTACTTCAACTT	1
117	116	8	GTCGTTTGAACTTACTTCAACTTG	1
118	117	8	TCGTTTGAACTTACTTCAACTTGC	1
119	118	7	CGTTTGAACTTACTTCAACTTGCT	1
120	119	5	GTTTGAACTTACTTCAACTTGCTC	1
121	120	5	TTTGAACTTACTTCAACTTGCTCC	1
122	121	3	TTGAACTTACTTCAACTTGCTCCT	1
123	122	3	TGAACTTACTTCAACTTGCTCCTG	1
124	123	3	GAACTTACTTCAACTTGCTCCTGG	1
125	124	3	AACTTACTTCAACTTGCTCCTGGT	1
126	125	3	ACTTACTTCAACTTGCTCCTGGTG	1
127	126	3	CTTACTTCAACTTGCTCCTGGTGG	1
128	127	3	TTACTTCAACTTGCTCCTGGTGGA	1
129	128	3	TACTTCAACTTGCTCCTGGTGGAC	1
130	129	3	ACTTCAACTTGCTCCTGGTGGACA	1
131	130	3	CTTCAACTTGCTCCTGGTGGACAT	1
132	131	3	TTCAACTTGCTCCTGGTGGACATT	1
133	132	3	TCAACTTGCTCCTGGTGGACATTT	1
134	133	3	CAACTTGCTCCTGGTGGACATTTG	1
135	134	3	AACTTGCTCCTGGTGGACATTTGG	1
136	135	3	ACTTGCTCCTGGTGGACATTTGGG	1
137	136	3	CTTGCTCCTGGTGGACATTTGGGT	1
138	137	3	TTGCTCCTGGTGGACATTTGGGTC	1
139	138	3	TGCTCCTGGTGGACATTTGGGTCG	1
140	139	3	GCTCCTGGTGGACATTTGGGTCGT	1
141	140	3	CTCCTGGTGGACATTTGGGTCGTT	1
142	141	3	TCCTGGTGGACATTTGGGTCGTTT	1
143	142	3	CCTGGTGGACATTTGGGTCGTTTT	1
144	143	2	CTGGTGGACATTTGGGTCGTTTTG	1
145	144	2	TGGTGGACATTTGGGTCGTTTTGT	1
146	145	2	GGTGGACATTTGGGTCGTTTTGTT	1
147	146	2	GTGGACATTTGGGTCGTTTTGTTA	1
148	147	2	TGGACATTTGGGTCGTTTTGTTAT	1
149	148	2	GGACATTTGGGTCGTTTTGTTATC	1
150	149	2	GACATTTGGGTCGTTTTGTTATCT	1
151	150	1	ACATTTGGGTCGTTTTGTTATCTG	1
152	-1	0	CAAGGCTTATCGTGATGTTATTAA	1
153	152	1	AAGGCTTATCGTGATGTTATTAAA	1
154	153	1	AGGCTTATCGTGATGTTATTAAAG	1
155	154	1	GGCTTATCGTGATGTTATTAAAGT	1
156	155	2	GCTTATCGTGATGTTATTAAAGTC	1
157	156	2	CTTATCGTGATGTTATTAAAGTCG	1
158	157	2	TTATCGTGATGTTATTAAAGTCGC	1
159	158	2	TATCGTGATGTTATTAAAGTCGCC	1
160	159	3	ATCGTGATGTTATTAAAGTCGCCA	1
161	160	3	TCGTGATGTTATTAAAGTCGCCAA	1
162	161	3	CGTGATGTTATTAAAGTCGCCAAC	1
163	162	3	GTGATGTTATTAAAGTCGCCAACT	1
164	163	3	TGATGTTATTAAAGTCGCCAACTC	1
165	164	3	GATGTTATTAAAGTCGCCAACTCT	1
166	165	3	ATGTTATTAAAGTCGCCAACTCTC	1
167	166	3	TGTTATTAAAGTCGCCAACTCTCG	1
168	167	3	GTTATTAAAGTCGCCAACTCTCGT	1
169	168	3	TTATTAAAGTCGCCAACTCTCGTA	1
170	169	3	TATTAAAGTCGCCAACTCTCGTAA	1
171	170	3	ATTAAAGTCGCCAACTCTCGTAAG	1
172	171	3	TTAAAGTCGCCAACTCTCGTAAGC	1
173	172	3	TAAAGTCGCCAACTCTCGTAAGCT	1
174	173	3	AAAGTCGCCAACTCTCGTAAGCTC	1
175	174	3	AAGTCGCCAACTCTCGTAAGCTCC	1
176	175	3	AGTCGCCAACTCTCGTAAGCTCCG	1
177	176	3	GTCGCCAACTCTCGTAAGCTCCGT	1
178	177	3	TCGCCAACTCTCGTAAGCTCCGTG	1
179	178	3	CGCCAACTCTCGTAAGCTCCGTGC	1
180	179	3	GCCAACTCTCGTAAGCTCCGTGCT	1
181	180	4	CCAACTCTCGTAAGCTCCGTGCTG	1
182	181	4	CAACTCTCGTAAGCTCCGTGCTGG	1
183	182	4	AACTCTCGTAAGCTCCGTGCTGGA	1
184	183	4	ACTCTCGTAAGCTCCGTGCTGGAA	1
185	184	4	CTCTCGTAAGCTCCGTGCTGGAAA	1
186	185	4	TCTCGTAAGCTCCGTGCTGGAAAG	1
187	186	4	CTCGTAAGCTCCGTGCTGGAAAGG	1
188	187	4	TCGTAAGCTCCGTGCTGGAAAGGG	1
189	188	4	CGTAAGCTCCGTGCTGGAAAGGGT	1
190	189	4	GTAAGCTCCGTGCTGGAAAGGGTA	1
191	190	4	TAAGCTCCGTGCTGGAAAGGGTAA	1
192	191	4	AAGCTCCGTGCTGGAAAGGGTAAG	1
193	192	4	AGCTCCGTGCTGGAAAGGGTAAGC	1
194	193	4	GCTCCGTGCTGGAAAGGGTAAGCT	1
195	194	4	CTCCGTGCTGGAAAGGGTAAGCTT	1
196	195	4	TCCGTGCTGGAAAGGGTAAGCTTC	1
197	196	3	CCGTGCTGGAAAGGGTAAGCTTCG	1
198	1158	1	CGTGCTGGAAAGGGTAAGCTTCGT	1
198	197	3	CGTGCTGGAAAGGGTAAGCTTCGT	1
199	198	4	GTGCTGGAAAGGGTAAGCTTCGTA	1
200	199	3	TGCTGGAAAGGGTAAGCTTCGTAA	1
201	200	3	GCTGGAAAGGGTAAGCTTCGTAAC	1
202	201	3	CTGGAAAGGGTAAGCTTCGTAACC	1
203	202	3	TGGAAAGGGTAAGCTTCGTAACCG	1
204	203	2	GGAAAGGGTAAGCTTCGTAACCGC	1
205	204	2	GAAAGGGTAAGCTTCGTAACCGCC	1
206	205	2	AAAGGGTAAGCTTCGTAACCGCCG	1
207	206	2	AAGGGTAAGCTTCGTAACCGCCGT	1
208	207	2	AGGGTAAGCTTCGTAACCGCCGTC	1
209	208	2	GGGTAAGCTTCGTAACCGCCGTCA	1
210	209	2	GGTAAGCTTCGTAACCGCCGTCAT	1
211	210	2	GTAAGCTTCGTAACCGCCGTCATG	1
212	211	2	TAAGCTTCGTAACCGCCGTCATGT	1
213	212	2	AAGCTTCGTAACCGCCGTCATGTT	1
214	213	2	AGCTTCGTAACCGCCGTCATGTTC	1
215	214	2	GCTTCGTAACCGCCGTCATGTTCA	1
216	215	2	CTTCGTAACCGCCGTCATGTTCAA	1
217	216	2	TTCGTAACCGCCGTCATGTTCAAC	1
218	217	3	TCGTAACCGCCGTCATGTTCAACG	1
219	218	3	CGTAACCGCCGTCATGTTCAACGT	1
220	219	3	GTAACCGCCGTCATGTTCAACGTC	1
221	220	3	TAACCGCCGTCATGTTCAACGTCG	1
222	221	3	AACCGCCGTCATGTTCAACGTCGC	1
223	222	3	ACCGCCGTCATGTTCAACGTCGCG	1
224	223	3	CCGCCGTCATGTTCAACGTCGCGG	1
225	224	3	CGCCGTCATGTTCAACGTCGCGGT	1
226	225	4	GCCGTCATGTTCAACGTCGCGGTC	1
227	226	4	CCGTCATGTTCAACGTCGCGGTCC	1
228	227	5	CGTCATGTTCAACGTCGCGGTCCT	1
229	228	6	GTCATGTTCAACGTCGCGGTCCTC	1
230	229	6	TCATGTTCAACGTCGCGGTCCTCT	1
231	230	6	CATGTTCAACGTCGCGGTCCTCTT	1
232	231	6	ATGTTCAACGTCGCGGTCCTCTTG	1
233	232	6	TGTTCAACGTCGCGGTCCTCTTGT	1
234	233	6	GTTCAACGTCGCGGTCCTCTTGTT	1
235	234	7	TTCAACGTCGCGGTCCTCTTGTTG	1
236	235	7	TCAACGTCGCGGTCCTCTTGTTGT	1
237	236	7	CAACGTCGCGGTCCTCTTGTTGTT	1
238	237	7	AACGTCGCGGTCCTCTTGTTGTTT	1
239	238	7	ACGTCGCGGTCCTCTTGTTGTTTT	1
240	239	7	CGTCGCGGTCCTCTTGTTGTTTTC	1
241	240	7	GTCGCGGTCCTCTTGTTGTTTTCA	1
242	241	7	TCGCGGTCCTCTTGTTGTTTTCAA	1
243	242	8	CGCGGTCCTCTTGTTGTTTTCAAC	1
244	243	8	GCGGTCCTCTTGTTGTTTTCAACG	1
245	244	8	CGGTCCTCTTGTTGTTTTCAACGA	1
246	245	8	GGTCCTCTTGTTGTTTTCAACGAA	1
247	246	9	GTCCTCTTGTTGTTTTCAACGAAG	1
248	247	8	TCCTCTTGTTGTTTTCAACGAAGA	1
249	248	8	CCTCTTGTTGTTTTCAACGAAGAT	1
250	249	7	CTCTTGTTGTTTTCAACGAAGATG	1
251	250	6	TCTTGTTGTTTTCAACGAAGATGC	1
252	251	6	CTTGTTGTTTTCAACGAAGATGCT	1
253	252	6	TTGTTGTTTTCAACGAAGATGCTG	1
254	253	6	TGTTGTTTTCAACGAAGATGCTGG	1
255	254	6	GTTGTTTTCAACGAAGATGCTGGT	1
256	255	6	TTGTTTTCAACGAAGATGCTGGTA	1
257	256	6	TGTTTTCAACGAAGATGCTGGTAT	1
258	257	6	GTTTTCAACGAAGATGCTGGTATT	1
259	258	6	TTTTCAACGAAGATGCTGGTATTG	1
260	259	6	TTTCAACGAAGATGCTGGTATTGT	1
261	260	6	TTCAACGAAGATGCTGGTATTGTT	1
262	261	5	TCAACGAAGATGCTGGTATTGTTA	1
263	262	5	CAACGAAGATGCTGGTATTGTTAA	1
264	263	5	AACGAAGATGCTGGTATTGTTAAG	1
265	264	5	ACGAAGATGCTGGTATTGTTAAGG	1
266	265	5	CGAAGATGCTGGTATTGTTAAGGC	1
267	266	5	GAAGATGCTGGTATTGTTAAGGCT	1
268	267	5	AAGATGCTGGTATTGTTAAGGCTT	1
269	268	5	AGATGCTGGTATTGTTAAGGCTTT	1
270	269	4	GATGCTGGTATTGTTAAGGCTTTC	1
271	270	4	ATGCTGGTATTGTTAAGGCTTTCC	1
272	271	3	TGCTGGTATTGTTAAGGCTTTCCG	1
273	272	2	GCTGGTATTGTTAAGGCTTTCCGT	1
274	273	2	CTGGTATTGTTAAGGCTTTCCGTA	1
275	274	2	TGGTATTGTTAAGGCTTTCCGTAA	1
276	275	1	GGTATTGTTAAGGCTTTCCGTAAC	1
277	276	1	GTATTGTTAAGGCTTTCCGTAACA	1
278	277	1	TATTGTTAAGGCTTTCCGTAACAT	1
279	-1	0	GGTACTCACCGTTCCGGCCAAGCA	1
280	279	1	GTACTCACCGTTCCGGCCAAGCAG	1
281	280	1	TACTCACCGTTCCGGCCAAGCAGC	1
282	281	1	ACTCACCGTTCCGGCCAAGCAGCT	1
283	282	1	CTCACCGTTCCGGCCAAGCAGCTT	1
284	283	1	TCACCGTTCCGGCCAAGCAGCTTT	1
285	284	1	CACCGTTCCGGCCAAGCAGCTTTT	1
286	285	1	ACCGTTCCGGCCAAGCAGCTTTTG	1
287	286	1	CCGTTCCGGCCAAGCAGCTTTTGG	1
288	287	1	CGTTCCGGCCAAGCAGCTTTTGGT	1
289	288	1	GTTCCGGCCAAGCAGCTTTTGGTA	1
290	289	1	TTCCGGCCAAGCAGCTTTTGGTAA	1
291	290	2	TCCGGCCAAGCAGCTTTTGGTAAT	1
292	291	2	CCGGCCAAGCAGCTTTTGGTAATA	1
293	292	2	CGGCCAAGCAGCTTTTGGTAATAT	1
294	293	2	GGCCAAGCAGCTTTTGGTAATATG	1
295	294	2	GCCAAGCAGCTTTTGGTAATATGT	1
296	295	2	CCAAGCAGCTTTTGGTAATATGTG	1
297	296	2	CAAGCAGCTTTTGGTAATATGTGT	1
298	297	2	AAGCAGCTTTTGGTAATATGTGTC	1
299	298	2	AGCAGCTTTTGGTAATATGTGTCG	1
300	299	2	GCAGCTTTTGGTAATATGTGTCGT	1
301	300	2	CAGCTTTTGGTAATATGTGTCGTA	1
302	301	2	AGCTTTTGGTAATATGTGTCGTAG	1
303	302	2	GCTTTTGGTAATATGTGTCGTAGC	1
303	570	7	GCTTTTGGTAATATGTGTCGTAGC	1
304	-1	0	GGCTGCTGCTCGCCCCACTGTTAG	1
305	304	1	GCTGCTGCTCGCCCCACTGTTAGC	1
306	305	1	CTGCTGCTCGCCCCACTGTTAGCA	1
307	306	1	TGCTGCTCGCCCCACTGTTAGCAT	1
308	307	1	GCTGCTCGCCCCACTGTTAGCATT	1
309	308	1	CTGCTCGCCCCACTGTTAGCATTT	1
310	309	1	TGCTCGCCCCACTGTTAGCATTTA	1
311	310	1	GCTCGCCCCACTGTTAGCATTTAC	1
312	311	1	CTCGCCCCACTGTTAGCATTTACA	1
313	312	1	TCGCCCCACTGTTAGCATTTACAA	1
314	313	1	CGCCCCACTGTTAGCATTTACAAC	1
315	314	1	GCCCCACTGTTAGCATTTACAACA	1
316	315	1	CCCCACTGTTAGCATTTACAACAA	1
317	316	1	CCCACTGTTAGCATTTACAACAAA	1
318	317	1	CCACTGTTAGCATTTACAACAAAG	1
319	318	1	CACTGTTAGCATTTACAACAAAGA	1
320	319	1	ACTGTTAGCATTTACAACAAAGAT	1
321	320	1	CTGTTAGCATTTACAACAAAGATG	1
322	321	1	TGTTAGCATTTACAACAAAGATGG	1
323	322	1	GTTAGCATTTACAACAAAGATGGC	1
324	323	1	TTAGCATTTACAACAAAGATGGCA	1
325	324	2	TAGCATTTACAACAAAGATGGCAG	1
326	325	2	AGCATTTACAACAAAGATGGCAGT	1
327	326	2	GCATTTACAACAAAGATGGCAGTG	1
328	327	2	CATTTACAACAAAGATGGCAGTGT	1
329	328	2	ATTTACAACAAAGATGGCAGTGTC	1
330	329	2	TTTACAACAAAGATGGCAGTGTCT	1
331	330	2	TTACAACAAAGATGGCAGTGTCTC	1
332	331	2	TACAACAAAGATGGCAGTGTCTCT	1
333	332	2	ACAACAAAGATGGCAGTGTCTCTT	1
334	333	2	CAACAAAGATGGCAGTGTCTCTTC	1
335	334	2	AACAAAGATGGCAGTGTCTCTTCT	1
336	335	2	ACAAAGATGGCAGTGTCTCTTCTG	1
337	336	2	CAAAGATGGCAGTGTCTCTTCTGA	1
338	337	3	AAAGATGGCAGTGTCTCTTCTGAG	1
339	338	3	AAGATGGCAGTGTCTCTTCTGAGA	1
340	339	3	AGATGGCAGTGTCTCTTCTGAGAC	1
341	340	3	GATGGCAGTGTCTCTTCTGAGACC	1
342	341	3	ATGGCAGTGTCTCTTCTGAGACCC	1
343	342	3	TGGCAGTGTCTCTTCTGAGACCCT	1
344	343	3	GGCAGTGTCTCTTCTGAGACCCTT	1
345	344	3	GCAGTGTCTCTTCTGAGACCCTTG	1
346	345	3	CAGTGTCTCTTCTGAGACCCTTGC	1
347	346	3	AGTGTCTCTTCTGAGACCCTTGCT	1
348	347	3	GTGTCTCTTCTGAGACCCTTGCTT	1
349	348	2	TGTCTCTTCTGAGACCCTTGCTTT	1
350	349	2	GTCTCTTCTGAGACCCTTGCTTTG	1
351	350	2	TCTCTTCTGAGACCCTTGCTTTGC	1
352	351	2	CTCTTCTGAGACCCTTGCTTTGCC	1
353	352	2	TCTTCTGAGACCCTTGCTTTGCCT	1
354	353	2	CTTCTGAGACCCTTGCTTTGCCTT	1
355	354	2	TTCTGAGACCCTTGCTTTGCCTTT	1
356	355	2	TCTGAGACCCTTGCTTTGCCTTTT	1
357	356	2	CTGAGACCCTTGCTTTGCCTTTTG	1
358	357	2	TGAGACCCTTGCTTTGCCTTTTGT	1
359	358	2	GAGACCCTTGCTTTGCCTTTTGTT	1
360	359	2	AGACCCTTGCTTTGCCTTTTGTTT	1
361	360	2	GACCCTTGCTTTGCCTTTTGTTTT	1
362	361	2	ACCCTTGCTTTGCCTTTTGTTTTC	1
363	362	2	CCCTTGCTTTGCCTTTTGTTTTCA	1
364	363	2	CCTTGCTTTGCCTTTTGTTTTCAA	1
365	364	2	CTTGCTTTGCCTTTTGTTTTCAAA	1
366	74	3	TGCTTTGCCTTTTGTTTTCAAAGC	1
367	366	1	GCTTTGCCTTTTGTTTTCAAAGCC	1
368	367	1	CTTTGCCTTTTGTTTTCAAAGCCC	1
369	368	1	TTTGCCTTTTGTTTTCAAAGCCCC	1
370	369	1	TTGCCTTTTGTTTTCAAAGCCCCT	1
371	370	1	TGCCTTTTGTTTTCAAAGCCCCTA	1
372	371	1	GCCTTTTGTTTTCAAAGCCCCTAT	1
373	372	1	CCTTTTGTTTTCAAAGCCCCTATC	1
374	373	1	CTTTTGTTTTCAAAGCCCCTATCA	1
375	374	1	TTTTGTTTTCAAAGCCCCTATCAG	1
376	375	1	TTTGTTTTCAAAGCCCCTATCAGA	1
377	376	1	TTGTTTTCAAAGCCCCTATCAGAC	1
378	377	1	TGTTTTCAAAGCCCCTATCAGACC	1
379	378	1	GTTTTCAAAGCCCCTATCAGACCT	1
380	379	1	TTTTCAAAGCCCCTATCAGACCTG	1
381	380	1	TTTCAAAGCCCCTATCAGACCTGA	1
382	381	1	TTCAAAGCCCCTATCAGACCTGAT	1
383	382	1	TCAAAGCCCCTATCAGACCTGATT	1
384	383	1	CAAAGCCCCTATCAGACCTGATTT	1
385	384	1	AAAGCCCCTATCAGACCTGATTTG	1
386	385	1	AAGCCCCTATCAGACCTGATTTGG	1
387	386	1	AGCCCCTATCAGACCTGATTTGGT	1
388	387	1	GCCCCTATCAGACCTGATTTGGTT	1
389	388	1	CCCCTATCAGACCTGATTTGGTTC	1
390	389	1	CCCTATCAGACCTGATTTGGTTCG	1
391	390	1	CCTATCAGACCTGATTTGGTTCGC	1
392	391	1	CTATCAGACCTGATTTGGTTCGCT	1
393	392	1	TATCAGACCTGATTTGGTTCGCTC	1
394	393	1	ATCAGACCTGATTTGGTTCGCTCC	1
395	394	1	TCAGACCTGATTTGGTTCGCTCCG	1
396	395	1	CAGACCTGATTTGGTTCGCTCCGT	1
397	396	1	AGACCTGATTTGGTTCGCTCCGTT	1
398	397	1	GACCTGATTTGGTTCGCTCCGTTC	1
399	398	1	ACCTGATTTGGTTCGCTCCGTTCA	1
400	399	1	CCTGATTTGGTTCGCTCCGTTCAT	1
401	400	2	CTGATTTGGTTCGCTCCGTTCATA	1
402	401	2	TGATTTGGTTCGCTCCGTTCATAC	1
403	402	2	GATTTGGTTCGCTCCGTTCATACC	1
404	403	2	ATTTGGTTCGCTCCGTTCATACCG	1
405	404	2	TTTGGTTCGCTCCGTTCATACCGC	1
406	405	2	TTGGTTCGCTCCGTTCATACCGCT	1
407	406	2	TGGTTCGCTCCGTTCATACCGCTG	1
408	407	2	GGTTCGCTCCGTTCATACCGCTGT	1
409	408	2	GTTCGCTCCGTTCATACCGCTGTT	1
410	409	3	TTCGCTCCGTTCATACCGCTGTTG	1
411	410	3	TCGCTCCGTTCATACCGCTGTTGC	1
412	411	3	CGCTCCGTTCATACCGCTGTTGCC	1
413	412	3	GCTCCGTTCATACCGCTGTTGCCA	1
414	413	3	CTCCGTTCATACCGCTGTTGCCAA	1
415	414	3	TCCGTTCATACCGCTGTTGCCAAG	1
416	415	3	CCGTTCATACCGCTGTTGCCAAGA	1
417	416	3	CGTTCATACCGCTGTTGCCAAGAA	1
418	417	3	GTTCATACCGCTGTTGCCAAGAAC	1
419	418	3	TTCATACCGCTGTTGCCAAGAACA	1
420	419	3	TCATACCGCTGTTGCCAAGAACAA	1
421	420	3	CATACCGCTGTTGCCAAGAACAAG	1
422	421	3	ATACCGCTGTTGCCAAGAACAAGC	1
423	422	3	TACCGCTGTTGCCAAGAACAAGCG	1
424	423	4	ACCGCTGTTGCCAAGAACAAGCGT	1
425	424	4	CCGCTGTTGCCAAGAACAAGCGTC	1
426	425	4	CGCTGTTGCCAAGAACAAGCGTCA	1
427	426	4	GCTGTTGCCAAGAACAAGCGTCAA	1
428	427	5	CTGTTGCCAAGAACAAGCGTCAAC	1
429	428	5	TGTTGCCAAGAACAAGCGTCAACC	1
430	429	5	GTTGCCAAGAACAAGCGTCAACCT	1
431	430	5	TTGCCAAGAACAAGCGTCAACCTT	1
432	431	5	TGCCAAGAACAAGCGTCAACCTTA	1
433	432	5	GCCAAGAACAAGCGTCAACCTTAC	1
434	433	5	CCAAGAACAAGCGTCAACCTTACG	1
435	434	5	CAAGAACAAGCGTCAACCTTACGC	1
436	435	6	AAGAACAAGCGTCAACCTTACGCT	1
437	436	6	AGAACAAGCGTCAACCTTACGCTG	1
438	437	6	GAACAAGCGTCAACCTTACGCTGT	1
439	438	6	AACAAGCGTCAACCTTACGCTGTT	1
440	439	6	ACAAGCGTCAACCTTACGCTGTTT	1
441	440	6	CAAGCGTCAACCTTACGCTGTTTC	1
442	441	6	AAGCGTCAACCTTACGCTGTTTCT	1
443	442	6	AGCGTCAACCTTACGCTGTTTCTG	1
444	443	6	GCGTCAACCTTACGCTGTTTCTGA	1
445	444	4	CGTCAACCTTACGCTGTTTCTGAA	1
446	445	4	GTCAACCTTACGCTGTTTCTGAAA	1
447	446	4	TCAACCTTACGCTGTTTCTGAAAA	1
448	447	4	CAACCTTACGCTGTTTCTGAAAAG	1
449	448	4	AACCTTACGCTGTTTCTGAAAAGG	1
450	449	4	ACCTTACGCTGTTTCTGAAAAGGC	1
451	450	4	CCTTACGCTGTTTCTGAAAAGGCC	1
452	451	4	CTTACGCTGTTTCTGAAAAGGCCG	1
453	452	3	TTACGCTGTTTCTGAAAAGGCCGG	1
454	453	3	TACGCTGTTTCTGAAAAGGCCGGT	1
455	454	3	ACGCTGTTTCTGAAAAGGCCGGTC	1
456	455	3	CGCTGTTTCTGAAAAGGCCGGTCA	1
457	456	3	GCTGTTTCTGAAAAGGCCGGTCAT	1
458	457	3	CTGTTTCTGAAAAGGCCGGTCATC	1
459	458	3	TGTTTCTGAAAAGGCCGGTCATCA	1
460	459	3	GTTTCTGAAAAGGCCGGTCATCAA	1
461	460	3	TTTCTGAAAAGGCCGGTCATCAAA	1
462	461	3	TTCTGAAAAGGCCGGTCATCAAAC	1
463	462	3	TCTGAAAAGGCCGGTCATCAAACT	1
464	463	3	CTGAAAAGGCCGGTCATCAAACTT	1
465	464	4	TGAAAAGGCCGGTCATCAAACTTC	1
466	465	4	GAAAAGGCCGGTCATCAAACTTCC	1
467	466	4	AAAAGGCCGGTCATCAAACTTCCG	1
468	467	3	AAAGGCCGGTCATCAAACTTCCGC	1
469	468	3	AAGGCCGGTCATCAAACTTCCGCC	1
470	469	3	AGGCCGGTCATCAAACTTCCGCCG	1
471	470	3	GGCCGGTCATCAAACTTCCGCCGA	1
472	471	2	GCCGGTCATCAAACTTCCGCCGAG	1
473	472	3	CCGGTCATCAAACTTCCGCCGAGT	1
474	473	3	CGGTCATCAAACTTCCGCCGAGTC	1
475	474	3	GGTCATCAAACTTCCGCCGAGTCT	1
476	475	4	GTCATCAAACTTCCGCCGAGTCTT	1
477	476	4	TCATCAAACTTCCGCCGAGTCTTG	1
478	477	4	CATCAAACTTCCGCCGAGTCTTGG	1
479	478	4	ATCAAACTTCCGCCGAGTCTTGGG	1
480	479	3	TCAAACTTCCGCCGAGTCTTGGGG	1
481	480	3	CAAACTTCCGCCGAGTCTTGGGGT	1
482	481	3	AAACTTCCGCCGAGTCTTGGGGTA	1
483	482	7	AACTTCCGCCGAGTCTTGGGGTAC	1
484	483	7	ACTTCCGCCGAGTCTTGGGGTACT	1
485	484	7	CTTCCGCCGAGTCTTGGGGTACTG	1
486	485	7	TTCCGCCGAGTCTTGGGGTACTGG	1
487	486	7	TCCGCCGAGTCTTGGGGTACTGGT	1
488	487	7	CCGCCGAGTCTTGGGGTACTGGTC	1
489	488	8	CGCCGAGTCTTGGGGTACTGGTCG	1
490	489	8	GCCGAGTCTTGGGGTACTGGTCGT	1
491	490	8	CCGAGTCTTGGGGTACTGGTCGTG	1
492	491	8	CGAGTCTTGGGGTACTGGTCGTGC	1
493	492	8	GAGTCTTGGGGTACTGGTCGTGCC	1
494	493	8	AGTCTTGGGGTACTGGTCGTGCCC	1
495	494	9	GTCTTGGGGTACTGGTCGTGCCCT	1
496	495	11	TCTTGGGGTACTGGTCGTGCCCTT	1
497	496	11	CTTGGGGTACTGGTCGTGCCCTTG	1
498	497	12	TTGGGGTACTGGTCGTGCCCTTGC	1
499	498	12	TGGGGTACTGGTCGTGCCCTTGCT	1
500	499	12	GGGGTACTGGTCGTGCCCTTGCTC	1
501	500	13	GGGTACTGGTCGTGCCCTTGCTCG	1
502	501	14	GGTACTGGTCGTGCCCTTGCTCGT	1
503	502	14	GTACTGGTCGTGCCCTTGCTCGTA	1
504	503	14	TACTGGTCGTGCCCTTGCTCGTAT	1
505	504	14	ACTGGTCGTGCCCTTGCTCGTATT	1
506	505	14	CTGGTCGTGCCCTTGCTCGTATTC	1
507	506	14	TGGTCGTGCCCTTGCTCGTATTCC	1
508	507	14	GGTCGTGCCCTTGCTCGTATTCCT	1
509	508	13	GTCGTGCCCTTGCTCGTATTCCTC	1
510	509	13	TCGTGCCCTTGCTCGTATTCCTCG	1
511	510	13	CGTGCCCTTGCTCGTATTCCTCGT	1
512	511	13	GTGCCCTTGCTCGTATTCCTCGTG	1
513	512	13	TGCCCTTGCTCGTATTCCTCGTGT	1
514	513	13	GCCCTTGCTCGTATTCCTCGTGTT	1
515	514	13	CCCTTGCTCGTATTCCTCGTGTTG	1
516	515	13	CCTTGCTCGTATTCCTCGTGTTGG	1
517	516	12	CTTGCTCGTATTCCTCGTGTTGGT	1
518	517	13	TTGCTCGTATTCCTCGTGTTGGTG	1
519	518	13	TGCTCGTATTCCTCGTGTTGGTGG	1
520	519	12	GCTCGTATTCCTCGTGTTGGTGGT	1
521	520	12	CTCGTATTCCTCGTGTTGGTGGTG	1
522	521	12	TCGTATTCCTCGTGTTGGTGGTGG	1
523	522	12	CGTATTCCTCGTGTTGGTGGTGGT	1
524	523	14	GTATTCCTCGTGTTGGTGGTGGTG	1
525	524	14	TATTCCTCGTGTTGGTGGTGGTGG	1
526	525	13	ATTCCTCGTGTTGGTGGTGGTGGT	1
527	526	10	TTCCTCGTGTTGGTGGTGGTGGTA	1
528	527	10	TCCTCGTGTTGGTGGTGGTGGTAC	1
529	528	11	CCTCGTGTTGGTGGTGGTGGTACC	1
530	529	11	CTCGTGTTGGTGGTGGTGGTACCC	1
531	530	11	TCGTGTTGGTGGTGGTGGTACCCA	1
532	531	10	CGTGTTGGTGGTGGTGGTACCCAT	1
533	532	10	GTGTTGGTGGTGGTGGTACCCATC	1
534	533	10	TGTTGGTGGTGGTGGTACCCATCG	1
535	534	10	GTTGGTGGTGGTGGTACCCATCGT	1
536	535	10	TTGGTGGTGGTGGTACCCATCGTT	1
537	536	10	TGGTGGTGGTGGTACCCATCGTTC	1
538	537	10	GGTGGTGGTGGTACCCATCGTTCC	1
539	538	9	GTGGTGGTGGTACCCATCGTTCCG	1
540	539	7	TGGTGGTGGTACCCATCGTTCCGG	1
541	540	7	GGTGGTGGTACCCATCGTTCCGGT	1
542	541	6	GTGGTGGTACCCATCGTTCCGGTC	1
543	542	7	TGGTGGTACCCATCGTTCCGGTCA	1
544	543	8	GGTGGTACCCATCGTTCCGGTCAA	1
545	544	7	GTGGTACCCATCGTTCCGGTCAAG	1
546	545	6	TGGTACCCATCGTTCCGGTCAAGC	1
547	546	6	GGTACCCATCGTTCCGGTCAAGCT	1
548	547	6	GTACCCATCGTTCCGGTCAAGCTG	1
549	548	6	TACCCATCGTTCCGGTCAAGCTGC	1
550	549	6	ACCCATCGTTCCGGTCAAGCTGCT	1
551	550	6	CCCATCGTTCCGGTCAAGCTGCTT	1
552	551	7	CCATCGTTCCGGTCAAGCTGCTTT	1
553	552	7	CATCGTTCCGGTCAAGCTGCTTTT	1
554	553	7	ATCGTTCCGGTCAAGCTGCTTTTG	1
555	554	7	TCGTTCCGGTCAAGCTGCTTTTGG	1
556	555	7	CGTTCCGGTCAAGCTGCTTTTGGT	1
557	556	6	GTTCCGGTCAAGCTGCTTTTGGTA	1
558	557	7	TTCCGGTCAAGCTGCTTTTGGTAA	1
559	558	7	TCCGGTCAAGCTGCTTTTGGTAAT	1
560	559	8	CCGGTCAAGCTGCTTTTGGTAATA	1
561	560	8	CGGTCAAGCTGCTTTTGGTAATAT	1
562	561	7	GGTCAAGCTGCTTTTGGTAATATG	1
563	562	7	GTCAAGCTGCTTTTGGTAATATGT	1
564	563	7	TCAAGCTGCTTTTGGTAATATGTG	1
565	564	7	CAAGCTGCTTTTGGTAATATGTGT	1
566	565	7	AAGCTGCTTTTGGTAATATGTGTC	1
567	566	7	AGCTGCTTTTGGTAATATGTGTCG	1
568	567	6	GCTGCTTTTGGTAATATGTGTCGT	1
569	568	6	CTGCTTTTGGTAATATGTGTCGTA	1
570	569	7	TGCTTTTGGTAATATGTGTCGTAG	1
571	303	9	CTTTTGGTAATATGTGTCGTAGCG	1
572	571	7	TTTTGGTAATATGTGTCGTAGCGG	1
573	572	7	TTTGGTAATATGTGTCGTAGCGGT	1
574	573	7	TTGGTAATATGTGTCGTAGCGGTC	1
575	574	7	TGGTAATATGTGTCGTAGCGGTCG	1
576	575	7	GGTAATATGTGTCGTAGCGGTCGT	1
577	576	7	GTAATATGTGTCGTAGCGGTCGTA	1
578	577	7	TAATATGTGTCGTAGCGGTCGTAT	1
579	578	7	AATATGTGTCGTAGCGGTCGTATG	1
580	579	8	ATATGTGTCGTAGCGGTCGTATGT	1
581	580	8	TATGTGTCGTAGCGGTCGTATGTT	1
582	581	8	ATGTGTCGTAGCGGTCGTATGTTC	1
583	582	8	TGTGTCGTAGCGGTCGTATGTTCG	1
584	583	8	GTGTCGTAGCGGTCGTATGTTCGC	1
585	584	8	TGTCGTAGCGGTCGTATGTTCGCT	1
586	585	7	GTCGTAGCGGTCGTATGTTCGCTC	1
587	586	7	TCGTAGCGGTCGTATGTTCGCTCC	1
588	587	4	CGTAGCGGTCGTATGTTCGCTCCA	1
589	588	4	GTAGCGGTCGTATGTTCGCTCCAA	1
590	589	4	TAGCGGTCGTATGTTCGCTCCAAC	1
591	590	4	AGCGGTCGTATGTTCGCTCCAACC	1
592	591	4	GCGGTCGTATGTTCGCTCCAACCA	1
593	592	4	CGGTCGTATGTTCGCTCCAACCAA	1
594	593	4	GGTCGTATGTTCGCTCCAACCAAG	1
595	594	3	GTCGTATGTTCGCTCCAACCAAGA	1
596	595	3	TCGTATGTTCGCTCCAACCAAGAC	1
597	596	3	CGTATGTTCGCTCCAACCAAGACC	1
598	597	3	GTATGTTCGCTCCAACCAAGACCT	1
599	598	3	TATGTTCGCTCCAACCAAGACCTG	1
600	599	3	ATGTTCGCTCCAACCAAGACCTGG	1
601	600	2	TGTTCGCTCCAACCAAGACCTGGC	1
602	601	2	GTTCGCTCCAACCAAGACCTGGCG	1
603	602	1	TTCGCTCCAACCAAGACCTGGCGC	1
604	603	1	TCGCTCCAACCAAGACCTGGCGCA	1
605	604	1	CGCTCCAACCAAGACCTGGCGCAA	1
606	605	1	GCTCCAACCAAGACCTGGCGCAAG	1
607	606	1	CTCCAACCAAGACCTGGCGCAAGT	1
608	607	1	TCCAACCAAGACCTGGCGCAAGTG	1
609	608	1	CCAACCAAGACCTGGCGCAAGTGG	1
610	609	1	CAACCAAGACCTGGCGCAAGTGGC	1
611	610	1	AACCAAGACCTGGCGCAAGTGGCA	1
612	611	1	ACCAAGACCTGGCGCAAGTGGCAC	1
613	-1	0	CTGCTTTCGGTCTCCTTGACAGTG	1
614	613	1	TGCTTTCGGTCTCCTTGACAGTGT	1
615	614	2	GCTTTCGGTCTCCTTGACAGTGTC	1
616	615	2	CTTTCGGTCTCCTTGACAGTGTCT	1
617	616	2	TTTCGGTCTCCTTGACAGTGTCTT	1
618	617	2	TTCGGTCTCCTTGACAGTGTCTTT	1
619	618	4	TCGGTCTCCTTGACAGTGTCTTTG	1
620	619	6	CGGTCTCCTTGACAGTGTCTTTGG	1
621	620	8	GGTCTCCTTGACAGTGTCTTTGGA	1
622	621	8	GTCTCCTTGACAGTGTCTTTGGAA	1
623	622	9	TCTCCTTGACAGTGTCTTTGGAAG	1
624	623	9	CTCCTTGACAGTGTCTTTGGAAGC	1
625	624	9	TCCTTGACAGTGTCTTTGGAAGCA	1
626	625	9	CCTTGACAGTGTCTTTGGAAGCAC	1
627	626	9	CTTGACAGTGTCTTTGGAAGCACT	1
628	627	9	TTGACAGTGTCTTTGGAAGCACTA	1
629	628	9	TGACAGTGTCTTTGGAAGCACTAC	1
630	629	10	GACAGTGTCTTTGGAAGCACTACT	1
631	630	10	ACAGTGTCTTTGGAAGCACTACTG	1
632	631	10	CAGTGTCTTTGGAAGCACTACTGA	1
633	632	10	AGTGTCTTTGGAAGCACTACTGAG	1
634	633	10	GTGTCTTTGGAAGCACTACTGAGG	1
635	634	10	TGTCTTTGGAAGCACTACTGAGGC	1
636	635	10	GTCTTTGGAAGCACTACTGAGGCT	1
637	636	10	TCTTTGGAAGCACTACTGAGGCTG	1
638	637	10	CTTTGGAAGCACTACTGAGGCTGC	1
639	638	10	TTTGGAAGCACTACTGAGGCTGCT	1
640	639	10	TTGGAAGCACTACTGAGGCTGCTC	1
641	640	10	TGGAAGCACTACTGAGGCTGCTCA	1
642	641	10	GGAAGCACTACTGAGGCTGCTCAA	1
643	642	10	GAAGCACTACTGAGGCTGCTCAAC	1
644	643	10	AAGCACTACTGAGGCTGCTCAACT	1
645	644	10	AGCACTACTGAGGCTGCTCAACTC	1
646	645	10	GCACTACTGAGGCTGCTCAACTCA	1
647	646	10	CACTACTGAGGCTGCTCAACTCAA	1
648	647	10	ACTACTGAGGCTGCTCAACTCAAG	1
649	648	10	CTACTGAGGCTGCTCAACTCAAGA	1
650	649	10	TACTGAGGCTGCTCAACTCAAGAA	1
651	650	10	ACTGAGGCTGCTCAACTCAAGAAA	1
652	651	10	CTGAGGCTGCTCAACTCAAGAAAA	1
653	652	10	TGAGGCTGCTCAACTCAAGAAAAA	1
654	653	10	GAGGCTGCTCAACTCAAGAAAAAC	1
655	654	10	AGGCTGCTCAACTCAAGAAAAACT	1
656	655	10	GGCTGCTCAACTCAAGAAAAACTA	1
657	656	10	GCTGCTCAACTCAAGAAAAACTAT	1
658	657	10	CTGCTCAACTCAAGAAAAACTATT	1
659	658	9	TGCTCAACTCAAGAAAAACTATTT	1
660	659	9	GCTCAACTCAAGAAAAACTATTTC	1
661	660	9	CTCAACTCAAGAAAAACTATTTCC	1
662	661	9	TCAACTCAAGAAAAACTATTTCCT	1
663	662	7	CAACTCAAGAAAAACTATTTCCTC	1
664	663	5	AACTCAAGAAAAACTATTTCCTCC	1
665	664	3	ACTCAAGAAAAACTATTTCCTCCC	1
666	665	3	CTCAAGAAAAACTATTTCCTCCCT	1
667	666	2	TCAAGAAAAACTATTTCCTCCCTG	1
668	667	2	CAAGAAAAACTATTTCCTCCCTGA	1
669	668	2	AAGAAAAACTATTTCCTCCCTGAG	1
670	669	2	AGAAAAACTATTTCCTCCCTGAGA	1
671	670	3	GAAAAACTATTTCCTCCCTGAGAA	1
672	671	3	AAAAACTATTTCCTCCCTGAGAAC	1
673	672	3	AAAACTATTTCCTCCCTGAGAACA	1
674	673	2	AAACTATTTCCTCCCTGAGAACAT	1
675	674	2	AACTATTTCCTCCCTGAGAACATC	1
676	675	2	ACTATTTCCTCCCTGAGAACATCA	1
677	676	2	CTATTTCCTCCCTGAGAACATCAT	1
678	677	2	TATTTCCTCCCTGAGAACATCATC	1
679	678	3	ATTTCCTCCCTGAGAACATCATCT	1
680	679	3	TTTCCTCCCTGAGAACATCATCTC	1
681	680	4	TTCCTCCCTGAGAACATCATCTCT	1
682	681	4	TCCTCCCTGAGAACATCATCTCTA	1
683	682	4	CCTCCCTGAGAACATCATCTCTAA	1
684	683	4	CTCCCTGAGAACATCATCTCTAAT	1
685	684	4	TCCCTGAGAACATCATCTCTAATG	1
686	685	4	CCCTGAGAACATCATCTCTAATGC	1
687	686	4	CCTGAGAACATCATCTCTAATGCC	1
688	687	4	CTGAGAACATCATCTCTAATGCCG	1
689	688	4	TGAGAACATCATCTCTAATGCCGA	1
690	689	5	GAGAACATCATCTCTAATGCCGAT	1
691	690	5	AGAACATCATCTCTAATGCCGATG	1
692	691	5	GAACATCATCTCTAATGCCGATGT	1
693	692	5	AACATCATCTCTAATGCCGATGTT	1
694	693	5	ACATCATCTCTAATGCCGATGTTA	1
695	694	5	CATCATCTCTAATGCCGATGTTAC	1
696	695	5	ATCATCTCTAATGCCGATGTTACT	1
697	696	5	TCATCTCTAATGCCGATGTTACTC	1
698	697	5	CATCTCTAATGCCGATGTTACTCG	1
699	698	5	ATCTCTAATGCCGATGTTACTCGT	1
700	699	5	TCTCTAATGCCGATGTTACTCGTC	1
701	700	5	CTCTAATGCCGATGTTACTCGTCT	1
702	701	4	TCTAATGCCGATGTTACTCGTCTC	1
703	702	4	CTAATGCCGATGTTACTCGTCTCA	1
704	703	4	TAATGCCGATGTTACTCGTCTCAT	1
705	704	4	AATGCCGATGTTACTCGTCTCATC	1
706	705	4	ATGCCGATGTTACTCGTCTCATCA	1
707	706	4	TGCCGATGTTACTCGTCTCATCAA	1
708	707	4	GCCGATGTTACTCGTCTCATCAAC	1
709	708	4	CCGATGTTACTCGTCTCATCAACT	1
710	709	4	CGATGTTACTCGTCTCATCAACTC	1
711	710	4	GATGTTACTCGTCTCATCAACTCT	1
712	711	4	ATGTTACTCGTCTCATCAACTCTG	1
713	712	4	TGTTACTCGTCTCATCAACTCTGA	1
714	713	3	GTTACTCGTCTCATCAACTCTGAT	1
715	714	2	TTACTCGTCTCATCAACTCTGATG	1
716	715	2	TACTCGTCTCATCAACTCTGATGA	1
717	716	3	ACTCGTCTCATCAACTCTGATGAA	1
718	717	3	CTCGTCTCATCAACTCTGATGAAA	1
719	718	3	TCGTCTCATCAACTCTGATGAAAT	1
720	719	3	CGTCTCATCAACTCTGATGAAATT	1
721	720	4	GTCTCATCAACTCTGATGAAATTC	1
722	721	4	TCTCATCAACTCTGATGAAATTCA	1
723	722	4	CTCATCAACTCTGATGAAATTCAA	1
724	723	4	TCATCAACTCTGATGAAATTCAAA	1
725	724	3	CATCAACTCTGATGAAATTCAAAG	1
726	725	3	ATCAACTCTGATGAAATTCAAAGC	1
727	726	3	TCAACTCTGATGAAATTCAAAGCA	1
728	727	3	CAACTCTGATGAAATTCAAAGCAT	1
729	728	3	AACTCTGATGAAATTCAAAGCATT	1
730	729	3	ACTCTGATGAAATTCAAAGCATTG	1
731	730	3	CTCTGATGAAATTCAAAGCATTGT	1
732	731	3	TCTGATGAAATTCAAAGCATTGTC	1
733	732	3	CTGATGAAATTCAAAGCATTGTCA	1
734	733	2	TGATGAAATTCAAAGCATTGTCAA	1
735	734	2	GATGAAATTCAAAGCATTGTCAAG	1
736	735	2	ATGAAATTCAAAGCATTGTCAAGG	1
737	736	3	TGAAATTCAAAGCATTGTCAAGGC	1
738	737	3	GAAATTCAAAGCATTGTCAAGGCC	1
739	738	3	AAATTCAAAGCATTGTCAAGGCCG	1
740	739	3	AATTCAAAGCATTGTCAAGGCCGC	1
741	740	3	ATTCAAAGCATTGTCAAGGCCGCT	1
742	741	3	TTCAAAGCATTGTCAAGGCCGCTG	1
743	742	3	TCAAAGCATTGTCAAGGCCGCTGG	1
744	743	3	CAAAGCATTGTCAAGGCCGCTGGT	1
745	744	3	AAAGCATTGTCAAGGCCGCTGGTC	1
746	745	3	AAGCATTGTCAAGGCCGCTGGTCC	1
747	746	3	AGCATTGTCAAGGCCGCTGGTCCT	1
748	747	3	GCATTGTCAAGGCCGCTGGTCCTT	1
749	748	3	CATTGTCAAGGCCGCTGGTCCTTC	1
750	749	3	ATTGTCAAGGCCGCTGGTCCTTCT	1
751	750	3	TTGTCAAGGCCGCTGGTCCTTCTC	1
752	751	3	TGTCAAGGCCGCTGGTCCTTCTCG	1
753	752	3	GTCAAGGCCGCTGGTCCTTCTCGA	1
754	753	3	TCAAGGCCGCTGGTCCTTCTCGAG	1
755	754	3	CAAGGCCGCTGGTCCTTCTCGAGT	1
756	755	3	AAGGCCGCTGGTCCTTCTCGAGTC	1
757	756	3	AGGCCGCTGGTCCTTCTCGAGTCA	1
758	757	3	GGCCGCTGGTCCTTCTCGAGTCAA	1
759	758	3	GCCGCTGGTCCTTCTCGAGTCAAG	1
760	759	3	CCGCTGGTCCTTCTCGAGTCAAGC	1
761	760	2	CGCTGGTCCTTCTCGAGTCAAGCG	1
762	761	2	GCTGGTCCTTCTCGAGTCAAGCGT	1
763	762	3	CTGGTCCTTCTCGAGTCAAGCGTG	1
764	763	3	TGGTCCTTCTCGAGTCAAGCGTGC	1
765	764	2	GGTCCTTCTCGAGTCAAGCGTGCT	1
766	765	2	GTCCTTCTCGAGTCAAGCGTGCTC	1
767	766	2	TCCTTCTCGAGTCAAGCGTGCTCA	1
768	767	2	CCTTCTCGAGTCAAGCGTGCTCAT	1
769	768	2	CTTCTCGAGTCAAGCGTGCTCATG	1
770	769	2	TTCTCGAGTCAAGCGTGCTCATGT	1
771	770	2	TCTCGAGTCAAGCGTGCTCATGTC	1
772	771	2	CTCGAGTCAAGCGTGCTCATGTCC	1
773	772	2	TCGAGTCAAGCGTGCTCATGTCCA	1
774	773	2	CGAGTCAAGCGTGCTCATGTCCAA	1
775	774	2	GAGTCAAGCGTGCTCATGTCCAAA	1
776	775	2	AGTCAAGCGTGCTCATGTCCAAAA	1
777	776	2	GTCAAGCGTGCTCATGTCCAAAAG	1
778	777	2	TCAAGCGTGCTCATGTCCAAAAGA	1
779	778	2	CAAGCGTGCTCATGTCCAAAAGAA	1
780	779	2	AAGCGTGCTCATGTCCAAAAGAAG	1
781	780	1	AGCGTGCTCATGTCCAAAAGAAGA	1
782	781	1	GCGTGCTCATGTCCAAAAGAAGAA	1
783	782	1	CGTGCTCATGTCCAAAAGAAGAAC	1
784	783	2	GTGCTCATGTCCAAAAGAAGAACC	1
785	784	2	TGCTCATGTCCAAAAGAAGAACCC	1
786	785	2	GCTCATGTCCAAAAGAAGAACCCT	1
787	786	2	CTCATGTCCAAAAGAAGAACCCTC	1
788	787	2	TCATGTCCAAAAGAAGAACCCTCT	1
789	788	2	CATGTCCAAAAGAAGAACCCTCTT	1
790	789	2	ATGTCCAAAAGAAGAACCCTCTTA	1
791	790	2	TGTCCAAAAGAAGAACCCTCTTAA	1
792	791	2	GTCCAAAAGAAGAACCCTCTTAAG	1
793	792	2	TCCAAAAGAAGAACCCTCTTAAGA	1
794	793	2	CCAAAAGAAGAACCCTCTTAAGAA	1
795	794	2	CAAAAGAAGAACCCTCTTAAGAAC	1
796	795	2	AAAAGAAGAACCCTCTTAAGAACA	1
797	796	2	AAAGAAGAACCCTCTTAAGAACAA	1
798	797	2	AAGAAGAACCCTCTTAAGAACAAG	1
799	798	2	AGAAGAACCCTCTTAAGAACAAGG	1
800	799	2	GAAGAACCCTCTTAAGAACAAGGC	1
801	800	2	AAGAACCCTCTTAAGAACAAGGCT	1
802	801	2	AGAACCCTCTTAAGAACAAGGCTG	1
803	802	2	GAACCCTCTTAAGAACAAGGCTGT	1
804	803	2	AACCCTCTTAAGAACAAGGCTGTT	1
805	804	2	ACCCTCTTAAGAACAAGGCTGTTT	1
806	805	2	CCCTCTTAAGAACAAGGCTGTTTT	1
807	806	1	CCTCTTAAGAACAAGGCTGTTTTG	1
808	807	1	CTCTTAAGAACAAGGCTGTTTTGG	1
809	808	1	TCTTAAGAACAAGGCTGTTTTGGC	1
810	809	1	CTTAAGAACAAGGCTGTTTTGGCT	1
811	810	1	TTAAGAACAAGGCTGTTTTGGCTC	1
812	811	1	TAAGAACAAGGCTGTTTTGGCTCG	1
813	812	1	AAGAACAAGGCTGTTTTGGCTCGT	1
814	813	1	AGAACAAGGCTGTTTTGGCTCGTC	1
815	814	4	GAACAAGGCTGTTTTGGCTCGTCT	1
816	815	4	AACAAGGCTGTTTTGGCTCGTCTT	1
817	816	4	ACAAGGCTGTTTTGGCTCGTCTTA	1
818	817	4	CAAGGCTGTTTTGGCTCGTCTTAA	1
819	818	4	AAGGCTGTTTTGGCTCGTCTTAAC	1
820	819	5	AGGCTGTTTTGGCTCGTCTTAACC	1
821	820	6	GGCTGTTTTGGCTCGTCTTAACCC	1
822	821	6	GCTGTTTTGGCTCGTCTTAACCCT	1
823	822	6	CTGTTTTGGCTCGTCTTAACCCTT	1
824	823	6	TGTTTTGGCTCGTCTTAACCCTTA	1
825	824	6	GTTTTGGCTCGTCTTAACCCTTAT	1
826	825	6	TTTTGGCTCGTCTTAACCCTTATG	1
827	826	9	TTTGGCTCGTCTTAACCCTTATGC	1
828	827	8	TTGGCTCGTCTTAACCCTTATGCT	1
829	828	9	TGGCTCGTCTTAACCCTTATGCTA	1
830	829	9	GGCTCGTCTTAACCCTTATGCTAA	1
831	830	9	GCTCGTCTTAACCCTTATGCTAAG	1
832	831	9	CTCGTCTTAACCCTTATGCTAAGG	1
833	832	9	TCGTCTTAACCCTTATGCTAAGGC	1
834	833	9	CGTCTTAACCCTTATGCTAAGGCT	1
835	834	9	GTCTTAACCCTTATGCTAAGGCTT	1
836	835	9	TCTTAACCCTTATGCTAAGGCTTA	1
837	836	9	CTTAACCCTTATGCTAAGGCTTAC	1
838	837	9	TTAACCCTTATGCTAAGGCTTACA	1
839	838	9	TAACCCTTATGCTAAGGCTTACAA	1
840	839	9	AACCCTTATGCTAAGGCTTACAAG	1
841	840	9	ACCCTTATGCTAAGGCTTACAAGG	1
842	841	9	CCCTTATGCTAAGGCTTACAAGGC	1
843	842	9	CCTTATGCTAAGGCTTACAAGGCC	1
844	843	9	CTTATGCTAAGGCTTACAAGGCCA	1
845	844	8	TTATGCTAAGGCTTACAAGGCCAA	1
846	845	8	TATGCTAAGGCTTACAAGGCCAAT	1
847	846	8	ATGCTAAGGCTTACAAGGCCAATG	1
848	847	8	TGCTAAGGCTTACAAGGCCAATGT	1
849	848	8	GCTAAGGCTTACAAGGCCAATGTC	1
850	849	8	CTAAGGCTTACAAGGCCAATGTCA	1
851	850	8	TAAGGCTTACAAGGCCAATGTCAA	1
852	851	8	AAGGCTTACAAGGCCAATGTCAAA	1
853	852	8	AGGCTTACAAGGCCAATGTCAAAT	1
854	853	8	GGCTTACAAGGCCAATGTCAAATT	1
855	854	8	GCTTACAAGGCCAATGTCAAATTA	1
856	855	8	CTTACAAGGCCAATGTCAAATTAA	1
857	856	8	TTACAAGGCCAATGTCAAATTAAA	1
858	857	7	TACAAGGCCAATGTCAAATTAAAC	1
859	858	5	ACAAGGCCAATGTCAAATTAAACA	1
860	859	5	CAAGGCCAATGTCAAATTAAACAC	1
861	860	5	AAGGCCAATGTCAAATTAAACACT	1
862	861	6	AGGCCAATGTCAAATTAAACACTG	1
863	862	6	GGCCAATGTCAAATTAAACACTGG	1
864	863	5	GCCAATGTCAAATTAAACACTGGA	1
865	864	5	CCAATGTCAAATTAAACACTGGAA	1
866	865	5	CAATGTCAAATTAAACACTGGAAA	1
867	866	5	AATGTCAAATTAAACACTGGAAAG	1
868	867	5	ATGTCAAATTAAACACTGGAAAGA	1
869	868	5	TGTCAAATTAAACACTGGAAAGAC	1
870	869	5	GTCAAATTAAACACTGGAAAGACC	1
871	870	2	TCAAATTAAACACTGGAAAGACCC	1
872	871	2	CAAATTAAACACTGGAAAGACCCC	1
873	872	1	AAATTAAACACTGGAAAGACCCCC	1
874	873	1	AATTAAACACTGGAAAGACCCCCA	1
875	874	1	ATTAAACACTGGAAAGACCCCCAA	1
876	875	1	TTAAACACTGGAAAGACCCCCAAG	1
877	876	1	TAAACACTGGAAAGACCCCCAAGG	1
878	877	1	AAACACTGGAAAGACCCCCAAGGC	1
879	878	1	AACACTGGAAAGACCCCCAAGGCA	1
880	879	1	ACACTGGAAAGACCCCCAAGGCAG	1
881	880	1	CACTGGAAAGACCCCCAAGGCAGC	1
882	881	1	ACTGGAAAGACCCCCAAGGCAGCT	1
883	882	1	CTGGAAAGACCCCCAAGGCAGCTG	1
884	883	1	TGGAAAGACCCCCAAGGCAGCTGG	1
885	884	1	GGAAAGACCCCCAAGGCAGCTGGT	1
886	885	1	GAAAGACCCCCAAGGCAGCTGGTG	1
887	886	1	AAAGACCCCCAAGGCAGCTGGTGA	1
888	887	1	AAGACCCCCAAGGCAGCTGGTGAA	1
889	888	1	AGACCCCCAAGGCAGCTGGTGAAA	1
890	889	1	GACCCCCAAGGCAGCTGGTGAAAA	1
891	890	1	ACCCCCAAGGCAGCTGGTGAAAAA	1
892	891	1	CCCCCAAGGCAGCTGGTGAAAAAT	1
893	892	1	CCCCAAGGCAGCTGGTGAAAAATT	1
894	893	1	CCCAAGGCAGCTGGTGAAAAATTC	1
895	894	1	CCAAGGCAGCTGGTGAAAAATTCT	1
896	895	1	CAAGGCAGCTGGTGAAAAATTCTT	1
897	896	1	AAGGCAGCTGGTGAAAAATTCTTG	1
898	897	1	AGGCAGCTGGTGAAAAATTCTTGA	1
899	898	1	GGCAGCTGGTGAAAAATTCTTGAC	1
900	899	1	GCAGCTGGTGAAAAATTCTTGACC	1
901	900	1	CAGCTGGTGAAAAATTCTTGACCG	1
902	901	1	AGCTGGTGAAAAATTCTTGACCGT	1
903	902	1	GCTGGTGAAAAATTCTTGACCGTC	1
904	903	1	CTGGTGAAAAATTCTTGACCGTCC	1
905	904	1	TGGTGAAAAATTCTTGACCGTCCA	1
906	-1	0	CAAGACCTGGCGCAAGTGGCACGT	1
907	906	1	AAGACCTGGCGCAAGTGGCACGTT	1
908	907	1	AGACCTGGCGCAAGTGGCACGTTA	1
909	908	1	GACCTGGCGCAAGTGGCACGTTAA	1
910	909	1	ACCTGGCGCAAGTGGCACGTTAAG	1
911	910	1	CCTGGCGCAAGTGGCACGTTAAGG	1
912	911	1	CTGGCGCAAGTGGCACGTTAAGGT	1
913	912	1	TGGCGCAAGTGGCACGTTAAGGTC	1
914	913	1	GGCGCAAGTGGCACGTTAAGGTCA	1
915	914	1	GCGCAAGTGGCACGTTAAGGTCAA	1
916	915	1	CGCAAGTGGCACGTTAAGGTCAAT	1
917	916	1	GCAAGTGGCACGTTAAGGTCAATC	1
918	917	1	CAAGTGGCACGTTAAGGTCAATCA	1
919	918	1	AAGTGGCACGTTAAGGTCAATCAG	1
920	919	2	AGTGGCACGTTAAGGTCAATCAGA	1
921	920	2	GTGGCACGTTAAGGTCAATCAGAA	1
922	921	2	TGGCACGTTAAGGTCAATCAGAAC	1
923	922	2	GGCACGTTAAGGTCAATCAGAACG	1
924	923	2	GCACGTTAAGGTCAATCAGAACGA	1
925	924	2	CACGTTAAGGTCAATCAGAACGAA	1
926	925	2	ACGTTAAGGTCAATCAGAACGAAA	1
927	926	2	CGTTAAGGTCAATCAGAACGAAAA	1
928	927	2	GTTAAGGTCAATCAGAACGAAAAG	1
929	928	3	TTAAGGTCAATCAGAACGAAAAGC	1
930	929	3	TAAGGTCAATCAGAACGAAAAGCG	1
931	930	3	AAGGTCAATCAGAACGAAAAGCGT	1
932	931	3	AGGTCAATCAGAACGAAAAGCGTT	1
933	932	3	GGTCAATCAGAACGAAAAGCGTTA	1
934	933	3	GTCAATCAGAACGAAAAGCGTTAT	1
935	934	3	TCAATCAGAACGAAAAGCGTTATG	1
936	935	3	CAATCAGAACGAAAAGCGTTATGC	1
937	936	3	AATCAGAACGAAAAGCGTTATGCT	1
938	937	3	ATCAGAACGAAAAGCGTTATGCTA	1
939	938	3	TCAGAACGAAAAGCGTTATGCTAT	1
940	939	3	CAGAACGAAAAGCGTTATGCTATT	1
941	940	4	AGAACGAAAAGCGTTATGCTATTT	1
942	941	4	GAACGAAAAGCGTTATGCTATTTC	1
943	942	4	AACGAAAAGCGTTATGCTATTTCT	1
944	943	4	ACGAAAAGCGTTATGCTATTTCTT	1
945	944	5	CGAAAAGCGTTATGCTATTTCTTC	1
946	945	5	GAAAAGCGTTATGCTATTTCTTCT	1
947	946	5	AAAAGCGTTATGCTATTTCTTCTG	1
948	947	5	AAAGCGTTATGCTATTTCTTCTGC	1
949	948	5	AAGCGTTATGCTATTTCTTCTGCC	1
950	949	5	AGCGTTATGCTATTTCTTCTGCCG	1
951	950	4	GCGTTATGCTATTTCTTCTGCCGT	1
952	951	4	CGTTATGCTATTTCTTCTGCCGTT	1
953	952	4	GTTATGCTATTTCTTCTGCCGTTG	1
954	953	4	TTATGCTATTTCTTCTGCCGTTGC	1
955	954	4	TATGCTATTTCTTCTGCCGTTGCT	1
956	955	4	ATGCTATTTCTTCTGCCGTTGCTG	1
957	956	4	TGCTATTTCTTCTGCCGTTGCTGC	1
958	957	4	GCTATTTCTTCTGCCGTTGCTGCC	1
959	958	5	CTATTTCTTCTGCCGTTGCTGCCT	1
960	959	5	TATTTCTTCTGCCGTTGCTGCCTC	1
961	960	5	ATTTCTTCTGCCGTTGCTGCCTCT	1
962	961	5	TTTCTTCTGCCGTTGCTGCCTCTG	1
963	962	5	TTCTTCTGCCGTTGCTGCCTCTGG	1
964	963	4	TCTTCTGCCGTTGCTGCCTCTGGT	1
965	964	4	CTTCTGCCGTTGCTGCCTCTGGTG	1
966	965	4	TTCTGCCGTTGCTGCCTCTGGTGT	1
967	966	4	TCTGCCGTTGCTGCCTCTGGTGTC	1
968	967	4	CTGCCGTTGCTGCCTCTGGTGTCC	1
969	968	4	TGCCGTTGCTGCCTCTGGTGTCCC	1
970	969	4	GCCGTTGCTGCCTCTGGTGTCCCT	1
971	970	4	CCGTTGCTGCCTCTGGTGTCCCTT	1
972	971	4	CGTTGCTGCCTCTGGTGTCCCTTC	1
973	972	3	GTTGCTGCCTCTGGTGTCCCTTCT	1
974	973	3	TTGCTGCCTCTGGTGTCCCTTCTC	1
975	974	3	TGCTGCCTCTGGTGTCCCTTCTCT	1
976	975	3	GCTGCCTCTGGTGTCCCTTCTCTC	1
977	976	3	CTGCCTCTGGTGTCCCTTCTCTCC	1
978	977	3	TGCCTCTGGTGTCCCTTCTCTCCT	1
979	978	3	GCCTCTGGTGTCCCTTCTCTCCTT	1
980	979	3	CCTCTGGTGTCCCTTCTCTCCTTT	1
981	980	3	CTCTGGTGTCCCTTCTCTCCTTTT	1
982	981	3	TCTGGTGTCCCTTCTCTCCTTTTG	1
983	982	3	CTGGTGTCCCTTCTCTCCTTTTGG	1
984	983	3	TGGTGTCCCTTCTCTCCTTTTGGC	1
985	984	2	GGTGTCCCTTCTCTCCTTTTGGCT	1
986	985	2	GTGTCCCTTCTCTCCTTTTGGCTC	1
987	986	2	TGTCCCTTCTCTCCTTTTGGCTCG	1
988	987	2	GTCCCTTCTCTCCTTTTGGCTCGT	1
989	988	1	TCCCTTCTCTCCTTTTGGCTCGTG	1
990	989	1	CCCTTCTCTCCTTTTGGCTCGTGG	1
991	990	1	CCTTCTCTCCTTTTGGCTCGTGGT	1
992	991	1	CTTCTCTCCTTTTGGCTCGTGGTC	1
993	992	1	TTCTCTCCTTTTGGCTCGTGGTCA	1
994	993	1	TCTCTCCTTTTGGCTCGTGGTCAC	1
995	994	1	CTCTCCTTTTGGCTCGTGGTCACC	1
996	995	1	TCTCCTTTTGGCTCGTGGTCACCG	1
997	996	1	CTCCTTTTGGCTCGTGGTCACCGT	1
998	997	2	TCCTTTTGGCTCGTGGTCACCGTA	1
999	998	3	CCTTTTGGCTCGTGGTCACCGTAT	1
1000	999	4	CTTTTGGCTCGTGGTCACCGTATT	1
1001	1000	6	TTTTGGCTCGTGGTCACCGTATTG	1
1002	1001	5	TTTGGCTCGTGGTCACCGTATTGA	1
1003	1002	5	TTGGCTCGTGGTCACCGTATTGAG	1
1004	1003	5	TGGCTCGTGGTCACCGTATTGAGG	1
1005	1004	5	GGCTCGTGGTCACCGTATTGAGGA	1
1006	1005	5	GCTCGTGGTCACCGTATTGAGGAG	1
1007	1006	5	CTCGTGGTCACCGTATTGAGGAGA	1
1008	1007	5	TCGTGGTCACCGTATTGAGGAGAT	1
1009	1008	3	CGTGGTCACCGTATTGAGGAGATT	1
1010	1009	4	GTGGTCACCGTATTGAGGAGATTC	1
1011	1010	4	TGGTCACCGTATTGAGGAGATTCC	1
1012	1011	4	GGTCACCGTATTGAGGAGATTCCT	1
1013	1012	4	GTCACCGTATTGAGGAGATTCCTG	1
1014	1013	5	TCACCGTATTGAGGAGATTCCTGA	1
1015	1014	5	CACCGTATTGAGGAGATTCCTGAG	1
1016	1015	5	ACCGTATTGAGGAGATTCCTGAGG	1
1017	1016	5	CCGTATTGAGGAGATTCCTGAGGT	1
1018	1017	5	CGTATTGAGGAGATTCCTGAGGTC	1
1019	1018	5	GTATTGAGGAGATTCCTGAGGTCC	1
1020	1019	5	TATTGAGGAGATTCCTGAGGTCCC	1
1021	1020	5	ATTGAGGAGATTCCTGAGGTCCCT	1
1022	1021	5	TTGAGGAGATTCCTGAGGTCCCTT	1
1023	1022	5	TGAGGAGATTCCTGAGGTCCCTTT	1
1024	1023	5	GAGGAGATTCCTGAGGTCCCTTTG	1
1025	1024	5	AGGAGATTCCTGAGGTCCCTTTGG	1
1026	1025	5	GGAGATTCCTGAGGTCCCTTTGGT	1
1027	1026	6	GAGATTCCTGAGGTCCCTTTGGTT	1
1028	1027	6	AGATTCCTGAGGTCCCTTTGGTTG	1
1029	1028	6	GATTCCTGAGGTCCCTTTGGTTGT	1
1030	1029	6	ATTCCTGAGGTCCCTTTGGTTGTC	1
1031	1030	6	TTCCTGAGGTCCCTTTGGTTGTCG	1
1032	1031	6	TCCTGAGGTCCCTTTGGTTGTCGA	1
1033	1032	6	CCTGAGGTCCCTTTGGTTGTCGAC	1
1034	1033	6	CTGAGGTCCCTTTGGTTGTCGACG	1
1035	1034	7	TGAGGTCCCTTTGGTTGTCGACGA	1
1036	1035	7	GAGGTCCCTTTGGTTGTCGACGAT	1
1037	1036	7	AGGTCCCTTTGGTTGTCGACGATG	1
1038	1037	7	GGTCCCTTTGGTTGTCGACGATGC	1
1039	1038	7	GTCCCTTTGGTTGTCGACGATGCT	1
1040	1039	7	TCCCTTTGGTTGTCGACGATGCTG	1
1041	1040	7	CCCTTTGGTTGTCGACGATGCTGT	1
1042	1041	6	CCTTTGGTTGTCGACGATGCTGTC	1
1043	1042	5	CTTTGGTTGTCGACGATGCTGTCC	1
1044	1043	4	TTTGGTTGTCGACGATGCTGTCCA	1
1045	1044	4	TTGGTTGTCGACGATGCTGTCCAA	1
1046	1045	4	TGGTTGTCGACGATGCTGTCCAAT	1
1047	1046	4	GGTTGTCGACGATGCTGTCCAATC	1
1048	1047	4	GTTGTCGACGATGCTGTCCAATCT	1
1049	1048	5	TTGTCGACGATGCTGTCCAATCTT	1
1050	1049	5	TGTCGACGATGCTGTCCAATCTTT	1
1051	1050	5	GTCGACGATGCTGTCCAATCTTTC	1
1052	1051	5	TCGACGATGCTGTCCAATCTTTCC	1
1053	1052	5	CGACGATGCTGTCCAATCTTTCCA	1
1054	1053	6	GACGATGCTGTCCAATCTTTCCAA	1
1055	1054	6	ACGATGCTGTCCAATCTTTCCAAA	1
1056	1055	6	CGATGCTGTCCAATCTTTCCAAAA	1
1057	1056	6	GATGCTGTCCAATCTTTCCAAAAG	1
1058	1057	5	ATGCTGTCCAATCTTTCCAAAAGA	1
1059	1058	5	TGCTGTCCAATCTTTCCAAAAGAC	1
1060	1059	5	GCTGTCCAATCTTTCCAAAAGACC	1
1061	1060	5	CTGTCCAATCTTTCCAAAAGACCA	1
1062	1061	5	TGTCCAATCTTTCCAAAAGACCAA	1
1063	1062	5	GTCCAATCTTTCCAAAAGACCAAG	1
1064	1063	5	TCCAATCTTTCCAAAAGACCAAGG	1
1065	1064	5	CCAATCTTTCCAAAAGACCAAGGA	1
1066	1065	5	CAATCTTTCCAAAAGACCAAGGAG	1
1067	1066	5	AATCTTTCCAAAAGACCAAGGAGG	1
1068	1067	5	ATCTTTCCAAAAGACCAAGGAGGC	1
1069	1068	5	TCTTTCCAAAAGACCAAGGAGGCT	1
1070	1069	5	CTTTCCAAAAGACCAAGGAGGCTG	1
1071	1070	4	TTTCCAAAAGACCAAGGAGGCTGT	1
1072	1071	4	TTCCAAAAGACCAAGGAGGCTGTT	1
1073	1072	4	TCCAAAAGACCAAGGAGGCTGTTG	1
1074	1073	4	CCAAAAGACCAAGGAGGCTGTTGC	1
1075	1074	5	CAAAAGACCAAGGAGGCTGTTGCC	1
1076	1075	5	AAAAGACCAAGGAGGCTGTTGCCC	1
1077	1076	5	AAAGACCAAGGAGGCTGTTGCCCT	1
1078	1077	4	AAGACCAAGGAGGCTGTTGCCCTT	1
1079	1078	4	AGACCAAGGAGGCTGTTGCCCTTT	1
1080	1079	4	GACCAAGGAGGCTGTTGCCCTTTT	1
1081	1080	4	ACCAAGGAGGCTGTTGCCCTTTTG	1
1082	1081	4	CCAAGGAGGCTGTTGCCCTTTTGA	1
1083	1082	4	CAAGGAGGCTGTTGCCCTTTTGAA	1
1084	1083	4	AAGGAGGCTGTTGCCCTTTTGAAG	1
1085	1084	4	AGGAGGCTGTTGCCCTTTTGAAGG	1
1086	1085	4	GGAGGCTGTTGCCCTTTTGAAGGA	1
1087	1086	4	GAGGCTGTTGCCCTTTTGAAGGAG	1
1088	1087	4	AGGCTGTTGCCCTTTTGAAGGAGA	1
1089	1088	4	GGCTGTTGCCCTTTTGAAGGAGAT	1
1090	1089	5	GCTGTTGCCCTTTTGAAGGAGATT	1
1091	1090	5	CTGTTGCCCTTTTGAAGGAGATTA	1
1092	1091	5	TGTTGCCCTTTTGAAGGAGATTAA	1
1093	1092	4	GTTGCCCTTTTGAAGGAGATTAAG	1
1094	1093	4	TTGCCCTTTTGAAGGAGATTAAGG	1
1095	1094	4	TGCCCTTTTGAAGGAGATTAAGGC	1
1096	1095	4	GCCCTTTTGAAGGAGATTAAGGCT	1
1097	1096	4	CCCTTTTGAAGGAGATTAAGGCTT	1
1098	1097	2	CCTTTTGAAGGAGATTAAGGCTTA	1
1099	1098	2	CTTTTGAAGGAGATTAAGGCTTAC	1
1100	1099	2	TTTTGAAGGAGATTAAGGCTTACC	1
1101	1100	2	TTTGAAGGAGATTAAGGCTTACCG	1
1102	1101	2	TTGAAGGAGATTAAGGCTTACCGC	1
1103	1102	2	TGAAGGAGATTAAGGCTTACCGCG	1
1104	1103	2	GAAGGAGATTAAGGCTTACCGCGA	1
1105	1104	2	AAGGAGATTAAGGCTTACCGCGAT	1
1106	1105	2	AGGAGATTAAGGCTTACCGCGATG	1
1107	1106	2	GGAGATTAAGGCTTACCGCGATGT	1
1108	1107	2	GAGATTAAGGCTTACCGCGATGTT	1
1109	1108	2	AGATTAAGGCTTACCGCGATGTTG	1
1110	1109	2	GATTAAGGCTTACCGCGATGTTGT	1
1111	1110	2	ATTAAGGCTTACCGCGATGTTGTC	1
1112	1111	3	TTAAGGCTTACCGCGATGTTGTCA	1
1113	1112	3	TAAGGCTTACCGCGATGTTGTCAA	1
1114	1113	3	AAGGCTTACCGCGATGTTGTCAAG	1
1115	1114	3	AGGCTTACCGCGATGTTGTCAAGG	1
1116	1115	3	GGCTTACCGCGATGTTGTCAAGGT	1
1117	1116	3	GCTTACCGCGATGTTGTCAAGGTT	1
1118	1117	3	CTTACCGCGATGTTGTCAAGGTTG	1
1119	1118	2	TTACCGCGATGTTGTCAAGGTTGC	1
1120	1119	2	TACCGCGATGTTGTCAAGGTTGCC	1
1121	1120	2	ACCGCGATGTTGTCAAGGTTGCCA	1
1122	1121	2	CCGCGATGTTGTCAAGGTTGCCAA	1
1123	1122	2	CGCGATGTTGTCAAGGTTGCCAAC	1
1124	1123	3	GCGATGTTGTCAAGGTTGCCAACT	1
1125	1124	4	CGATGTTGTCAAGGTTGCCAACTC	1
1126	1125	4	GATGTTGTCAAGGTTGCCAACTCT	1
1127	1126	4	ATGTTGTCAAGGTTGCCAACTCTC	1
1128	1127	4	TGTTGTCAAGGTTGCCAACTCTCG	1
1129	1128	4	GTTGTCAAGGTTGCCAACTCTCGC	1
1130	1129	4	TTGTCAAGGTTGCCAACTCTCGCA	1
1131	1130	4	TGTCAAGGTTGCCAACTCTCGCAA	1
1132	1131	4	GTCAAGGTTGCCAACTCTCGCAAG	1
1133	1132	4	TCAAGGTTGCCAACTCTCGCAAGC	1
1134	1133	3	CAAGGTTGCCAACTCTCGCAAGCT	1
1135	1134	3	AAGGTTGCCAACTCTCGCAAGCTT	1
1136	1135	3	AGGTTGCCAACTCTCGCAAGCTTC	1
1137	1136	3	GGTTGCCAACTCTCGCAAGCTTCG	1
1138	1137	3	GTTGCCAACTCTCGCAAGCTTCGT	1
1139	1138	3	TTGCCAACTCTCGCAAGCTTCGTG	1
1140	1139	3	TGCCAACTCTCGCAAGCTTCGTGC	1
1141	1140	3	GCCAACTCTCGCAAGCTTCGTGCT	1
1142	1141	3	CCAACTCTCGCAAGCTTCGTGCTG	1
1143	1142	3	CAACTCTCGCAAGCTTCGTGCTGG	1
1144	1143	3	AACTCTCGCAAGCTTCGTGCTGGA	1
1145	1144	3	ACTCTCGCAAGCTTCGTGCTGGAA	1
1146	1145	3	CTCTCGCAAGCTTCGTGCTGGAAA	1
1147	1146	3	TCTCGCAAGCTTCGTGCTGGAAAG	1
1148	1147	3	CTCGCAAGCTTCGTGCTGGAAAGG	1
1149	1148	3	TCGCAAGCTTCGTGCTGGAAAGGG	1
1150	1149	3	CGCAAGCTTCGTGCTGGAAAGGGT	1
1151	1150	3	GCAAGCTTCGTGCTGGAAAGGGTA	1
1152	1151	3	CAAGCTTCGTGCTGGAAAGGGTAA	1
1153	1152	3	AAGCTTCGTGCTGGAAAGGGTAAG	1
1154	1153	3	AGCTTCGTGCTGGAAAGGGTAAGC	1
1155	1154	3	GCTTCGTGCTGGAAAGGGTAAGCT	1
1156	1155	2	CTTCGTGCTGGAAAGGGTAAGCTT	1
1157	1156	2	TTCGTGCTGGAAAGGGTAAGCTTC	1
1158	1157	1	TCGTGCTGGAAAGGGTAAGCTTCG	1
1159	-1	0	CTTGACCGTCCTTCATGAAAACTA	1
1160	1159	1	TTGACCGTCCTTCATGAAAACTAA	1
1161	1160	1	TGACCGTCCTTCATGAAAACTAAG	1
1162	1161	1	GACCGTCCTTCATGAAAACTAAGC	1
1163	1162	1	ACCGTCCTTCATGAAAACTAAGCA	1
1164	1163	2	CCGTCCTTCATGAAAACTAAGCAT	1
1165	1164	3	CGTCCTTCATGAAAACTAAGCATG	1
1166	1165	3	GTCCTTCATGAAAACTAAGCATGT	1
1167	1166	3	TCCTTCATGAAAACTAAGCATGTT	1
1168	1167	3	CCTTCATGAAAACTAAGCATGTTG	1
1169	1168	3	CTTCATGAAAACTAAGCATGTTGC	1
1170	1169	3	TTCATGAAAACTAAGCATGTTGCC	1
1171	1170	3	TCATGAAAACTAAGCATGTTGCCT	1
1172	1171	3	CATGAAAACTAAGCATGTTGCCTA	1
1173	1172	3	ATGAAAACTAAGCATGTTGCCTAC	1
1174	1173	3	TGAAAACTAAGCATGTTGCCTACC	1
1175	1174	3	GAAAACTAAGCATGTTGCCTACCT	1
1176	1175	3	AAAACTAAGCATGTTGCCTACCTC	1
1177	1176	3	AAACTAAGCATGTTGCCTACCTCT	1
1178	1177	3	AACTAAGCATGTTGCCTACCTCTC	1
1179	1178	3	ACTAAGCATGTTGCCTACCTCTCT	1
1180	1179	3	CTAAGCATGTTGCCTACCTCTCTT	1
1181	1180	3	TAAGCATGTTGCCTACCTCTCTTT	1
1182	1181	3	AAGCATGTTGCCTACCTCTCTTTA	1
1183	1182	3	AGCATGTTGCCTACCTCTCTTTAT	1
1184	1183	3	GCATGTTGCCTACCTCTCTTTATT	1
1185	1184	3	CATGTTGCCTACCTCTCTTTATTA	1
1186	1185	3	ATGTTGCCTACCTCTCTTTATTAT	1
1187	1186	4	TGTTGCCTACCTCTCTTTATTATT	1
1188	1187	4	GTTGCCTACCTCTCTTTATTATTA	1
1189	1188	4	TTGCCTACCTCTCTTTATTATTAG	1
1190	1189	4	TGCCTACCTCTCTTTATTATTAGT	1
1191	1190	4	GCCTACCTCTCTTTATTATTAGTT	1
1192	1191	4	CCTACCTCTCTTTATTATTAGTTT	1
1193	1192	4	CTACCTCTCTTTATTATTAGTTTG	1
1194	1193	4	TACCTCTCTTTATTATTAGTTTGG	1
1195	1194	4	ACCTCTCTTTATTATTAGTTTGGA	1
1196	1195	4	CCTCTCTTTATTATTAGTTTGGAG	1
1197	1196	4	CTCTCTTTATTATTAGTTTGGAGA	1
1198	1197	4	TCTCTTTATTATTAGTTTGGAGAT	1
1199	1198	4	CTCTTTATTATTAGTTTGGAGATA	1
1200	1199	4	TCTTTATTATTAGTTTGGAGATAG	1
1201	1200	4	CTTTATTATTAGTTTGGAGATAGA	1
1202	1201	4	TTTATTATTAGTTTGGAGATAGAT	1
1203	1202	4	TTATTATTAGTTTGGAGATAGATA	1
1204	1203	2	TATTATTAGTTTGGAGATAGATAG	1
1205	1204	2	ATTATTAGTTTGGAGATAGATAGC	1
1206	1205	2	TTATTAGTTTGGAGATAGATAGCG	1
1207	1206	2	TATTAGTTTGGAGATAGATAGCGG	1
1208	1207	1	ATTAGTTTGGAGATAGATAGCGGT	1
1209	1208	1	TTAGTTTGGAGATAGATAGCGGTA	1
1210	1209	1	TAGTTTGGAGATAGATAGCGGTAA	1
1211	1210	1	AGTTTGGAGATAGATAGCGGTAAT	1
1212	1211	1	GTTTGGAGATAGATAGCGGTAATA	1
1213	1212	1	TTTGGAGATAGATAGCGGTAATAT	1
1214	1213	1	TTGGAGATAGATAGCGGTAATATA	1
1215	1214	1	TGGAGATAGATAGCGGTAATATAA	1
1216	1215	1	GGAGATAGATAGCGGTAATATAAG	1
1217	1216	1	GAGATAGATAGCGGTAATATAAGT	1
1218	1217	1	AGATAGATAGCGGTAATATAAGTT	1
1219	1218	1	GATAGATAGCGGTAATATAAGTTT	1
1220	1219	1	ATAGATAGCGGTAATATAAGTTTT	1
1221	1220	1	TAGATAGCGGTAATATAAGTTTTG	1
1222	1221	1	AGATAGCGGTAATATAAGTTTTGA	1
1223	1222	1	GATAGCGGTAATATAAGTTTTGAA	1
1224	1223	1	ATAGCGGTAATATAAGTTTTGAAG	1
1225	1224	1	TAGCGGTAATATAAGTTTTGAAGA	1
1226	1225	1	AGCGGTAATATAAGTTTTGAAGAT	1
1227	1226	1	GCGGTAATATAAGTTTTGAAGATA	1
1228	1227	1	CGGTAATATAAGTTTTGAAGATAG	1
1229	1228	1	GGTAATATAAGTTTTGAAGATAGT	1
1230	1229	1	GTAATATAAGTTTTGAAGATAGTG	1
