Component 704
1	-1	0	GGCTTGGAAGAAGTCTTTCGACGG	1
2	1	1	GCTTGGAAGAAGTCTTTCGACGGT	1
3	2	1	CTTGGAAGAAGTCTTTCGACGGTG	1
4	3	1	TTGGAAGAAGTCTTTCGACGGTGG	1
5	4	2	TGGAAGAAGTCTTTCGACGGTGGT	1
6	5	3	GGAAGAAGTCTTTCGACGGTGGTG	1
7	6	3	GAAGAAGTCTTTCGACGGTGGTGA	1
8	7	3	AAGAAGTCTTTCGACGGTGGTGAG	1
9	8	3	AGAAGTCTTTCGACGGTGGTGAGC	1
10	9	3	GAAGTCTTTCGACGGTGGTGAGCA	1
11	10	3	AAGTCTTTCGACGGTGGTGAGCAA	1
12	11	3	AGTCTTTCGACGGTGGTGAGCAAA	1
13	12	3	GTCTTTCGACGGTGGTGAGCAAAG	1
14	13	3	TCTTTCGACGGTGGTGAGCAAAGT	1
15	14	3	CTTTCGACGGTGGTGAGCAAAGTG	1
16	15	3	TTTCGACGGTGGTGAGCAAAGTGG	1
17	16	3	TTCGACGGTGGTGAGCAAAGTGGT	1
18	17	3	TCGACGGTGGTGAGCAAAGTGGTG	1
19	18	3	CGACGGTGGTGAGCAAAGTGGTGT	1
20	19	3	GACGGTGGTGAGCAAAGTGGTGTT	1
21	20	3	ACGGTGGTGAGCAAAGTGGTGTTC	1
22	21	3	CGGTGGTGAGCAAAGTGGTGTTCA	1
23	22	3	GGTGGTGAGCAAAGTGGTGTTCAC	1
24	23	3	GTGGTGAGCAAAGTGGTGTTCACT	1
25	24	3	TGGTGAGCAAAGTGGTGTTCACTT	1
26	25	3	GGTGAGCAAAGTGGTGTTCACTTT	1
27	26	3	GTGAGCAAAGTGGTGTTCACTTTG	1
28	27	3	TGAGCAAAGTGGTGTTCACTTTGT	1
29	28	3	GAGCAAAGTGGTGTTCACTTTGTC	1
30	29	3	AGCAAAGTGGTGTTCACTTTGTCG	1
31	30	3	GCAAAGTGGTGTTCACTTTGTCGC	1
32	31	3	CAAAGTGGTGTTCACTTTGTCGCC	1
33	32	3	AAAGTGGTGTTCACTTTGTCGCCG	1
34	33	3	AAGTGGTGTTCACTTTGTCGCCGA	1
35	34	3	AGTGGTGTTCACTTTGTCGCCGAC	1
36	35	3	GTGGTGTTCACTTTGTCGCCGACT	1
37	36	3	TGGTGTTCACTTTGTCGCCGACTG	1
38	37	3	GGTGTTCACTTTGTCGCCGACTGG	1
39	38	3	GTGTTCACTTTGTCGCCGACTGGA	1
40	39	3	TGTTCACTTTGTCGCCGACTGGAA	1
41	40	3	GTTCACTTTGTCGCCGACTGGAAC	1
42	41	4	TTCACTTTGTCGCCGACTGGAACG	1
43	42	4	TCACTTTGTCGCCGACTGGAACGG	1
44	43	4	CACTTTGTCGCCGACTGGAACGGA	1
45	44	3	ACTTTGTCGCCGACTGGAACGGAG	1
46	45	3	CTTTGTCGCCGACTGGAACGGAGA	1
47	46	3	TTTGTCGCCGACTGGAACGGAGAG	1
48	47	3	TTGTCGCCGACTGGAACGGAGAGT	1
49	48	2	TGTCGCCGACTGGAACGGAGAGTT	1
50	49	1	GTCGCCGACTGGAACGGAGAGTTT	1
51	50	1	TCGCCGACTGGAACGGAGAGTTTA	1
52	51	1	CGCCGACTGGAACGGAGAGTTTAC	1
53	52	1	GCCGACTGGAACGGAGAGTTTACC	1
54	53	1	CCGACTGGAACGGAGAGTTTACCA	1
55	54	1	CGACTGGAACGGAGAGTTTACCAA	1
56	55	1	GACTGGAACGGAGAGTTTACCAAG	1
57	56	1	ACTGGAACGGAGAGTTTACCAAGG	1
58	57	1	CTGGAACGGAGAGTTTACCAAGGC	1
59	58	1	TGGAACGGAGAGTTTACCAAGGCA	1
60	59	1	GGAACGGAGAGTTTACCAAGGCAT	1
61	60	1	GAACGGAGAGTTTACCAAGGCATT	1
62	61	1	AACGGAGAGTTTACCAAGGCATTT	1
63	62	1	ACGGAGAGTTTACCAAGGCATTTG	1
64	63	1	CGGAGAGTTTACCAAGGCATTTGA	1
65	64	1	GGAGAGTTTACCAAGGCATTTGAT	1
66	65	1	GAGAGTTTACCAAGGCATTTGATG	1
67	66	1	AGAGTTTACCAAGGCATTTGATGC	1
68	67	1	GAGTTTACCAAGGCATTTGATGCT	1
69	68	1	AGTTTACCAAGGCATTTGATGCTC	1
70	69	1	GTTTACCAAGGCATTTGATGCTCG	1
71	70	1	TTTACCAAGGCATTTGATGCTCGC	1
72	71	1	TTACCAAGGCATTTGATGCTCGCT	1
73	72	1	TACCAAGGCATTTGATGCTCGCTT	1
74	73	1	ACCAAGGCATTTGATGCTCGCTTC	1
75	74	1	CCAAGGCATTTGATGCTCGCTTCG	1
76	75	1	CAAGGCATTTGATGCTCGCTTCGA	1
77	76	1	AAGGCATTTGATGCTCGCTTCGAC	1
78	77	1	AGGCATTTGATGCTCGCTTCGACG	1
79	-1	0	GGGCCCTCTTCGCTCCAAGCGTTA	1
80	79	1	GGCCCTCTTCGCTCCAAGCGTTAT	1
81	80	1	GCCCTCTTCGCTCCAAGCGTTATG	1
82	81	1	CCCTCTTCGCTCCAAGCGTTATGC	1
83	82	1	CCTCTTCGCTCCAAGCGTTATGCC	1
84	83	1	CTCTTCGCTCCAAGCGTTATGCCG	1
85	84	1	TCTTCGCTCCAAGCGTTATGCCGC	1
86	85	1	CTTCGCTCCAAGCGTTATGCCGCT	1
87	86	1	TTCGCTCCAAGCGTTATGCCGCTG	1
88	87	1	TCGCTCCAAGCGTTATGCCGCTGT	1
89	88	2	CGCTCCAAGCGTTATGCCGCTGTT	1
90	89	2	GCTCCAAGCGTTATGCCGCTGTTG	1
91	90	2	CTCCAAGCGTTATGCCGCTGTTGT	1
92	91	2	TCCAAGCGTTATGCCGCTGTTGTC	1
93	92	2	CCAAGCGTTATGCCGCTGTTGTCG	1
94	93	2	CAAGCGTTATGCCGCTGTTGTCGA	1
95	94	2	AAGCGTTATGCCGCTGTTGTCGAG	1
96	95	2	AGCGTTATGCCGCTGTTGTCGAGA	1
97	96	2	GCGTTATGCCGCTGTTGTCGAGAA	1
98	97	2	CGTTATGCCGCTGTTGTCGAGAAT	1
99	98	2	GTTATGCCGCTGTTGTCGAGAATG	1
100	99	2	TTATGCCGCTGTTGTCGAGAATGG	1
101	100	2	TATGCCGCTGTTGTCGAGAATGGC	1
102	101	2	ATGCCGCTGTTGTCGAGAATGGCA	1
103	102	2	TGCCGCTGTTGTCGAGAATGGCAA	1
104	103	2	GCCGCTGTTGTCGAGAATGGCAAG	1
105	104	2	CCGCTGTTGTCGAGAATGGCAAGG	1
106	105	2	CGCTGTTGTCGAGAATGGCAAGGT	1
107	106	3	GCTGTTGTCGAGAATGGCAAGGTT	1
108	107	3	CTGTTGTCGAGAATGGCAAGGTTG	1
109	108	5	TGTTGTCGAGAATGGCAAGGTTGT	1
110	109	6	GTTGTCGAGAATGGCAAGGTTGTC	1
111	110	6	TTGTCGAGAATGGCAAGGTTGTCA	1
112	111	6	TGTCGAGAATGGCAAGGTTGTCAA	1
113	112	7	GTCGAGAATGGCAAGGTTGTCAAG	1
114	113	7	TCGAGAATGGCAAGGTTGTCAAGG	1
115	114	7	CGAGAATGGCAAGGTTGTCAAGGT	1
116	115	8	GAGAATGGCAAGGTTGTCAAGGTT	1
117	116	8	AGAATGGCAAGGTTGTCAAGGTTT	1
118	117	9	GAATGGCAAGGTTGTCAAGGTTTT	1
119	118	9	AATGGCAAGGTTGTCAAGGTTTTC	1
120	119	9	ATGGCAAGGTTGTCAAGGTTTTCA	1
121	120	9	TGGCAAGGTTGTCAAGGTTTTCAT	1
122	121	9	GGCAAGGTTGTCAAGGTTTTCATT	1
123	122	9	GCAAGGTTGTCAAGGTTTTCATTG	1
124	123	8	CAAGGTTGTCAAGGTTTTCATTGA	1
125	124	8	AAGGTTGTCAAGGTTTTCATTGAG	1
126	125	8	AGGTTGTCAAGGTTTTCATTGAGA	1
127	126	8	GGTTGTCAAGGTTTTCATTGAGAA	1
128	127	8	GTTGTCAAGGTTTTCATTGAGAAC	1
129	128	8	TTGTCAAGGTTTTCATTGAGAACG	1
130	129	8	TGTCAAGGTTTTCATTGAGAACGA	1
131	130	8	GTCAAGGTTTTCATTGAGAACGAG	1
132	131	8	TCAAGGTTTTCATTGAGAACGAGG	1
133	132	9	CAAGGTTTTCATTGAGAACGAGGT	1
134	133	9	AAGGTTTTCATTGAGAACGAGGTC	1
135	134	10	AGGTTTTCATTGAGAACGAGGTCA	1
136	135	10	GGTTTTCATTGAGAACGAGGTCAC	1
137	136	10	GTTTTCATTGAGAACGAGGTCACC	1
138	137	10	TTTTCATTGAGAACGAGGTCACCG	1
139	138	10	TTTCATTGAGAACGAGGTCACCGA	1
140	139	10	TTCATTGAGAACGAGGTCACCGAT	1
141	140	10	TCATTGAGAACGAGGTCACCGATG	1
142	141	10	CATTGAGAACGAGGTCACCGATGT	1
143	142	10	ATTGAGAACGAGGTCACCGATGTT	1
144	143	10	TTGAGAACGAGGTCACCGATGTTG	1
145	144	10	TGAGAACGAGGTCACCGATGTTGA	1
146	145	10	GAGAACGAGGTCACCGATGTTGAT	1
147	146	10	AGAACGAGGTCACCGATGTTGATA	1
148	147	10	GAACGAGGTCACCGATGTTGATAT	1
149	148	10	AACGAGGTCACCGATGTTGATATT	1
150	149	10	ACGAGGTCACCGATGTTGATATTT	1
151	150	9	CGAGGTCACCGATGTTGATATTTC	1
152	151	9	GAGGTCACCGATGTTGATATTTCC	1
153	152	7	AGGTCACCGATGTTGATATTTCCT	1
154	153	5	GGTCACCGATGTTGATATTTCCTC	1
155	154	5	GTCACCGATGTTGATATTTCCTCC	1
156	155	5	TCACCGATGTTGATATTTCCTCCG	1
157	156	4	CACCGATGTTGATATTTCCTCCGC	1
158	157	4	ACCGATGTTGATATTTCCTCCGCT	1
159	158	3	CCGATGTTGATATTTCCTCCGCTG	1
160	159	3	CGATGTTGATATTTCCTCCGCTGA	1
161	160	3	GATGTTGATATTTCCTCCGCTGAC	1
162	161	2	ATGTTGATATTTCCTCCGCTGACA	1
163	162	3	TGTTGATATTTCCTCCGCTGACAA	1
164	163	3	GTTGATATTTCCTCCGCTGACAAG	1
165	164	3	TTGATATTTCCTCCGCTGACAAGG	1
166	165	2	TGATATTTCCTCCGCTGACAAGGT	1
167	166	2	GATATTTCCTCCGCTGACAAGGTC	1
168	167	2	ATATTTCCTCCGCTGACAAGGTCC	1
169	168	2	TATTTCCTCCGCTGACAAGGTCCT	1
170	169	2	ATTTCCTCCGCTGACAAGGTCCTT	1
171	170	2	TTTCCTCCGCTGACAAGGTCCTTA	1
172	171	2	TTCCTCCGCTGACAAGGTCCTTAG	1
173	172	2	TCCTCCGCTGACAAGGTCCTTAGC	1
174	173	2	CCTCCGCTGACAAGGTCCTTAGCT	1
175	174	3	CTCCGCTGACAAGGTCCTTAGCTC	1
176	175	3	TCCGCTGACAAGGTCCTTAGCTCT	1
177	176	3	CCGCTGACAAGGTCCTTAGCTCTC	1
178	177	3	CGCTGACAAGGTCCTTAGCTCTCT	1
179	178	2	GCTGACAAGGTCCTTAGCTCTCTT	1
180	179	2	CTGACAAGGTCCTTAGCTCTCTTT	1
181	180	2	TGACAAGGTCCTTAGCTCTCTTTA	1
182	181	2	GACAAGGTCCTTAGCTCTCTTTAA	1
183	182	2	ACAAGGTCCTTAGCTCTCTTTAAA	1
184	183	2	CAAGGTCCTTAGCTCTCTTTAAAT	1
185	184	2	AAGGTCCTTAGCTCTCTTTAAATC	1
186	185	2	AGGTCCTTAGCTCTCTTTAAATCT	1
187	186	2	GGTCCTTAGCTCTCTTTAAATCTG	1
188	187	2	GTCCTTAGCTCTCTTTAAATCTGA	1
189	188	2	TCCTTAGCTCTCTTTAAATCTGAT	1
190	189	1	CCTTAGCTCTCTTTAAATCTGATG	1
191	190	1	CTTAGCTCTCTTTAAATCTGATGA	1
192	191	1	TTAGCTCTCTTTAAATCTGATGAA	1
193	192	1	TAGCTCTCTTTAAATCTGATGAAC	1
194	193	1	AGCTCTCTTTAAATCTGATGAACT	1
195	194	1	GCTCTCTTTAAATCTGATGAACTG	1
196	195	1	CTCTCTTTAAATCTGATGAACTGT	1
197	196	1	TCTCTTTAAATCTGATGAACTGTT	1
198	197	1	CTCTTTAAATCTGATGAACTGTTG	1
199	198	1	TCTTTAAATCTGATGAACTGTTGT	1
200	199	1	CTTTAAATCTGATGAACTGTTGTA	1
201	200	1	TTTAAATCTGATGAACTGTTGTAC	1
202	201	1	TTAAATCTGATGAACTGTTGTACT	1
203	202	1	TAAATCTGATGAACTGTTGTACTA	1
204	203	1	AAATCTGATGAACTGTTGTACTAA	1
205	204	1	AATCTGATGAACTGTTGTACTAAT	1
206	205	1	ATCTGATGAACTGTTGTACTAATT	1
207	-1	0	GATAAAGCACTCCATATTTGAGTT	1
208	207	2	ATAAAGCACTCCATATTTGAGTTT	1
209	208	2	TAAAGCACTCCATATTTGAGTTTT	1
210	209	2	AAAGCACTCCATATTTGAGTTTTT	1
211	210	2	AAGCACTCCATATTTGAGTTTTTT	1
212	211	2	AGCACTCCATATTTGAGTTTTTTT	1
213	212	2	GCACTCCATATTTGAGTTTTTTTT	1
214	213	2	CACTCCATATTTGAGTTTTTTTTG	1
215	214	2	ACTCCATATTTGAGTTTTTTTTGT	1
216	215	2	CTCCATATTTGAGTTTTTTTTGTC	1
217	216	2	TCCATATTTGAGTTTTTTTTGTCA	1
218	217	2	CCATATTTGAGTTTTTTTTGTCAT	1
219	218	2	CATATTTGAGTTTTTTTTGTCATT	1
220	219	2	ATATTTGAGTTTTTTTTGTCATTG	1
221	220	2	TATTTGAGTTTTTTTTGTCATTGT	1
222	221	2	ATTTGAGTTTTTTTTGTCATTGTG	1
223	222	2	TTTGAGTTTTTTTTGTCATTGTGA	1
224	223	2	TTGAGTTTTTTTTGTCATTGTGAT	1
225	224	2	TGAGTTTTTTTTGTCATTGTGATG	1
226	225	2	GAGTTTTTTTTGTCATTGTGATGA	1
227	226	2	AGTTTTTTTTGTCATTGTGATGAT	1
228	227	2	GTTTTTTTTGTCATTGTGATGATA	1
229	228	2	TTTTTTTTGTCATTGTGATGATAT	1
230	229	2	TTTTTTTGTCATTGTGATGATATA	1
231	230	2	TTTTTTGTCATTGTGATGATATAT	1
232	231	2	TTTTTGTCATTGTGATGATATATG	1
233	232	2	TTTTGTCATTGTGATGATATATGT	1
234	233	2	TTTGTCATTGTGATGATATATGTT	1
235	234	2	TTGTCATTGTGATGATATATGTTT	1
236	235	2	TGTCATTGTGATGATATATGTTTA	1
237	236	2	GTCATTGTGATGATATATGTTTAG	1
238	237	2	TCATTGTGATGATATATGTTTAGA	1
239	238	2	CATTGTGATGATATATGTTTAGAT	1
240	239	2	ATTGTGATGATATATGTTTAGATT	1
241	240	2	TTGTGATGATATATGTTTAGATTT	1
242	241	2	TGTGATGATATATGTTTAGATTTA	1
243	242	2	GTGATGATATATGTTTAGATTTAT	1
244	243	2	TGATGATATATGTTTAGATTTATG	1
245	244	2	GATGATATATGTTTAGATTTATGA	1
246	245	2	ATGATATATGTTTAGATTTATGAA	1
247	246	2	TGATATATGTTTAGATTTATGAAA	1
248	247	2	GATATATGTTTAGATTTATGAAAT	1
249	248	2	ATATATGTTTAGATTTATGAAATT	1
250	249	2	TATATGTTTAGATTTATGAAATTT	1
251	250	2	ATATGTTTAGATTTATGAAATTTT	1
252	-1	0	TCTGATGAACTGTTGTACTAATTG	1
253	252	1	CTGATGAACTGTTGTACTAATTGT	1
254	253	1	TGATGAACTGTTGTACTAATTGTT	1
255	254	1	GATGAACTGTTGTACTAATTGTTT	1
256	255	1	ATGAACTGTTGTACTAATTGTTTT	1
257	256	1	TGAACTGTTGTACTAATTGTTTTG	1
258	257	1	GAACTGTTGTACTAATTGTTTTGA	1
259	258	1	AACTGTTGTACTAATTGTTTTGAT	1
260	259	1	ACTGTTGTACTAATTGTTTTGATG	1
261	260	2	CTGTTGTACTAATTGTTTTGATGG	1
262	261	2	TGTTGTACTAATTGTTTTGATGGG	1
263	262	2	GTTGTACTAATTGTTTTGATGGGA	1
264	263	2	TTGTACTAATTGTTTTGATGGGAA	1
265	264	2	TGTACTAATTGTTTTGATGGGAAT	1
266	265	2	GTACTAATTGTTTTGATGGGAATG	1
267	266	2	TACTAATTGTTTTGATGGGAATGT	1
268	267	2	ACTAATTGTTTTGATGGGAATGTT	1
269	268	2	CTAATTGTTTTGATGGGAATGTTT	1
270	269	2	TAATTGTTTTGATGGGAATGTTTT	1
271	270	2	AATTGTTTTGATGGGAATGTTTTT	1
272	271	2	ATTGTTTTGATGGGAATGTTTTTT	1
273	272	2	TTGTTTTGATGGGAATGTTTTTTT	1
274	273	2	TGTTTTGATGGGAATGTTTTTTTC	1
275	274	2	GTTTTGATGGGAATGTTTTTTTCC	1
276	275	2	TTTTGATGGGAATGTTTTTTTCCT	1
277	276	2	TTTGATGGGAATGTTTTTTTCCTT	1
278	277	2	TTGATGGGAATGTTTTTTTCCTTT	1
279	278	2	TGATGGGAATGTTTTTTTCCTTTA	1
280	279	2	GATGGGAATGTTTTTTTCCTTTAA	1
281	280	2	ATGGGAATGTTTTTTTCCTTTAAT	1
282	281	2	TGGGAATGTTTTTTTCCTTTAATG	1
283	282	2	GGGAATGTTTTTTTCCTTTAATGA	1
284	283	2	GGAATGTTTTTTTCCTTTAATGAA	1
285	284	2	GAATGTTTTTTTCCTTTAATGAAC	1
286	285	2	AATGTTTTTTTCCTTTAATGAACG	1
287	286	2	ATGTTTTTTTCCTTTAATGAACGA	1
288	287	2	TGTTTTTTTCCTTTAATGAACGAA	1
289	288	2	GTTTTTTTCCTTTAATGAACGAAA	1
290	289	2	TTTTTTTCCTTTAATGAACGAAAC	1
291	290	2	TTTTTTCCTTTAATGAACGAAACT	1
292	291	2	TTTTTCCTTTAATGAACGAAACTT	1
293	292	2	TTTTCCTTTAATGAACGAAACTTA	1
294	293	2	TTTCCTTTAATGAACGAAACTTAG	1
295	294	2	TTCCTTTAATGAACGAAACTTAGA	1
296	295	2	TCCTTTAATGAACGAAACTTAGAA	1
297	296	1	CCTTTAATGAACGAAACTTAGAAT	1
298	297	1	CTTTAATGAACGAAACTTAGAATC	1
299	298	1	TTTAATGAACGAAACTTAGAATCA	1
300	299	1	TTAATGAACGAAACTTAGAATCAA	1
301	300	1	TAATGAACGAAACTTAGAATCAAA	1
302	301	1	AATGAACGAAACTTAGAATCAAAA	1
303	302	1	ATGAACGAAACTTAGAATCAAAAA	1
304	303	1	TGAACGAAACTTAGAATCAAAAAG	1
305	-1	0	ACTTGAACGACATTTTTTGAATAC	1
306	305	3	CTTGAACGACATTTTTTGAATACG	1
307	306	8	TTGAACGACATTTTTTGAATACGC	1
308	307	8	TGAACGACATTTTTTGAATACGCC	1
309	308	10	GAACGACATTTTTTGAATACGCCG	1
310	309	10	AACGACATTTTTTGAATACGCCGT	1
311	310	10	ACGACATTTTTTGAATACGCCGTT	1
312	311	10	CGACATTTTTTGAATACGCCGTTA	1
313	312	13	GACATTTTTTGAATACGCCGTTAC	1
314	313	15	ACATTTTTTGAATACGCCGTTACT	1
315	314	15	CATTTTTTGAATACGCCGTTACTC	1
316	315	23	ATTTTTTGAATACGCCGTTACTCC	1
317	316	23	TTTTTTGAATACGCCGTTACTCCT	1
318	317	23	TTTTTGAATACGCCGTTACTCCTA	1
319	318	24	TTTTGAATACGCCGTTACTCCTAA	1
320	319	26	TTTGAATACGCCGTTACTCCTAAA	1
321	320	27	TTGAATACGCCGTTACTCCTAAAG	1
322	321	27	TGAATACGCCGTTACTCCTAAAGA	1
323	322	27	GAATACGCCGTTACTCCTAAAGAT	1
324	323	27	AATACGCCGTTACTCCTAAAGATT	1
325	324	27	ATACGCCGTTACTCCTAAAGATTT	1
326	325	27	TACGCCGTTACTCCTAAAGATTTT	1
327	326	27	ACGCCGTTACTCCTAAAGATTTTA	1
328	327	27	CGCCGTTACTCCTAAAGATTTTAT	1
329	328	27	GCCGTTACTCCTAAAGATTTTATA	1
330	329	26	CCGTTACTCCTAAAGATTTTATAC	1
331	330	25	CGTTACTCCTAAAGATTTTATACC	1
332	331	25	GTTACTCCTAAAGATTTTATACCA	1
333	332	25	TTACTCCTAAAGATTTTATACCAC	1
334	333	26	TACTCCTAAAGATTTTATACCACT	1
335	334	26	ACTCCTAAAGATTTTATACCACTT	1
336	335	26	CTCCTAAAGATTTTATACCACTTG	1
337	336	26	TCCTAAAGATTTTATACCACTTGC	1
338	337	26	CCTAAAGATTTTATACCACTTGCT	1
339	338	26	CTAAAGATTTTATACCACTTGCTT	1
340	339	26	TAAAGATTTTATACCACTTGCTTT	1
341	340	26	AAAGATTTTATACCACTTGCTTTA	1
342	341	27	AAGATTTTATACCACTTGCTTTAA	1
343	342	27	AGATTTTATACCACTTGCTTTAAC	1
344	343	27	GATTTTATACCACTTGCTTTAACT	1
345	344	27	ATTTTATACCACTTGCTTTAACTT	1
346	345	27	TTTTATACCACTTGCTTTAACTTT	1
347	346	28	TTTATACCACTTGCTTTAACTTTT	1
348	347	28	TTATACCACTTGCTTTAACTTTTA	1
349	348	28	TATACCACTTGCTTTAACTTTTAC	1
350	349	25	ATACCACTTGCTTTAACTTTTACA	1
351	350	20	TACCACTTGCTTTAACTTTTACAC	1
352	351	20	ACCACTTGCTTTAACTTTTACACA	1
353	352	18	CCACTTGCTTTAACTTTTACACAA	1
354	353	19	CACTTGCTTTAACTTTTACACAAA	1
355	354	21	ACTTGCTTTAACTTTTACACAAAT	1
356	355	21	CTTGCTTTAACTTTTACACAAATT	1
357	356	18	TTGCTTTAACTTTTACACAAATTT	1
358	357	16	TGCTTTAACTTTTACACAAATTTA	1
359	358	16	GCTTTAACTTTTACACAAATTTAT	1
360	359	7	CTTTAACTTTTACACAAATTTATT	1
361	360	7	TTTAACTTTTACACAAATTTATTA	1
362	361	7	TTAACTTTTACACAAATTTATTAC	1
363	362	6	TAACTTTTACACAAATTTATTACT	1
364	363	4	AACTTTTACACAAATTTATTACTA	1
365	364	3	ACTTTTACACAAATTTATTACTAC	1
366	365	3	CTTTTACACAAATTTATTACTACT	1
367	366	3	TTTTACACAAATTTATTACTACTA	1
368	367	3	TTTACACAAATTTATTACTACTAT	1
369	368	3	TTACACAAATTTATTACTACTATT	1
370	369	3	TACACAAATTTATTACTACTATTA	1
371	370	3	ACACAAATTTATTACTACTATTAA	1
372	371	3	CACAAATTTATTACTACTATTAAA	1
373	372	2	ACAAATTTATTACTACTATTAAAA	1
374	373	2	CAAATTTATTACTACTATTAAAAA	1
375	374	2	AAATTTATTACTACTATTAAAAAT	1
376	375	2	AATTTATTACTACTATTAAAAATG	1
377	376	2	ATTTATTACTACTATTAAAAATGG	1
378	377	2	TTTATTACTACTATTAAAAATGGT	1
379	378	2	TTATTACTACTATTAAAAATGGTT	1
380	379	2	TATTACTACTATTAAAAATGGTTG	1
381	380	2	ATTACTACTATTAAAAATGGTTGC	1
382	381	2	TTACTACTATTAAAAATGGTTGCT	1
383	382	2	TACTACTATTAAAAATGGTTGCTG	1
384	383	2	ACTACTATTAAAAATGGTTGCTGT	1
385	384	2	CTACTATTAAAAATGGTTGCTGTC	1
386	385	2	TACTATTAAAAATGGTTGCTGTCG	1
387	386	2	ACTATTAAAAATGGTTGCTGTCGG	1
388	387	2	CTATTAAAAATGGTTGCTGTCGGA	1
389	388	2	TATTAAAAATGGTTGCTGTCGGAT	1
390	389	2	ATTAAAAATGGTTGCTGTCGGATC	1
391	390	1	TTAAAAATGGTTGCTGTCGGATCT	1
392	391	1	TAAAAATGGTTGCTGTCGGATCTA	1
393	392	1	AAAAATGGTTGCTGTCGGATCTAC	1
394	393	1	AAAATGGTTGCTGTCGGATCTACT	1
395	394	1	AAATGGTTGCTGTCGGATCTACTT	1
396	395	1	AATGGTTGCTGTCGGATCTACTTT	1
397	396	1	ATGGTTGCTGTCGGATCTACTTTG	1
398	397	1	TGGTTGCTGTCGGATCTACTTTGC	1
399	398	1	GGTTGCTGTCGGATCTACTTTGCC	1
400	399	1	GTTGCTGTCGGATCTACTTTGCCT	1
401	400	1	TTGCTGTCGGATCTACTTTGCCTA	1
402	401	1	TGCTGTCGGATCTACTTTGCCTAA	1
403	402	1	GCTGTCGGATCTACTTTGCCTAAA	1
404	403	1	CTGTCGGATCTACTTTGCCTAAAG	1
405	404	1	TGTCGGATCTACTTTGCCTAAAGT	1
406	405	1	GTCGGATCTACTTTGCCTAAAGTT	1
407	406	1	TCGGATCTACTTTGCCTAAAGTTA	1
408	407	1	CGGATCTACTTTGCCTAAAGTTAC	1
409	408	2	GGATCTACTTTGCCTAAAGTTACT	1
410	409	2	GATCTACTTTGCCTAAAGTTACTC	1
411	410	2	ATCTACTTTGCCTAAAGTTACTCT	1
412	411	2	TCTACTTTGCCTAAAGTTACTCTT	1
413	412	2	CTACTTTGCCTAAAGTTACTCTTT	1
414	413	2	TACTTTGCCTAAAGTTACTCTTTG	1
415	414	2	ACTTTGCCTAAAGTTACTCTTTGG	1
416	415	2	CTTTGCCTAAAGTTACTCTTTGGG	1
417	416	2	TTTGCCTAAAGTTACTCTTTGGGA	1
418	417	2	TTGCCTAAAGTTACTCTTTGGGAA	1
419	418	2	TGCCTAAAGTTACTCTTTGGGAAA	1
420	419	2	GCCTAAAGTTACTCTTTGGGAAAA	1
421	420	3	CCTAAAGTTACTCTTTGGGAAAAC	1
422	421	3	CTAAAGTTACTCTTTGGGAAAACA	1
423	422	3	TAAAGTTACTCTTTGGGAAAACAA	1
424	423	3	AAAGTTACTCTTTGGGAAAACAAG	1
425	424	3	AAGTTACTCTTTGGGAAAACAAGC	1
426	425	3	AGTTACTCTTTGGGAAAACAAGCC	1
427	426	3	GTTACTCTTTGGGAAAACAAGCCC	1
428	427	3	TTACTCTTTGGGAAAACAAGCCCG	1
429	428	3	TACTCTTTGGGAAAACAAGCCCGA	1
430	429	2	ACTCTTTGGGAAAACAAGCCCGAA	1
431	430	2	CTCTTTGGGAAAACAAGCCCGAAG	1
432	431	2	TCTTTGGGAAAACAAGCCCGAAGA	1
433	432	2	CTTTGGGAAAACAAGCCCGAAGAG	1
434	433	2	TTTGGGAAAACAAGCCCGAAGAGG	1
435	434	2	TTGGGAAAACAAGCCCGAAGAGGT	1
436	435	2	TGGGAAAACAAGCCCGAAGAGGTT	1
437	436	2	GGGAAAACAAGCCCGAAGAGGTTG	1
438	437	3	GGAAAACAAGCCCGAAGAGGTTGT	1
439	438	3	GAAAACAAGCCCGAAGAGGTTGTT	1
440	439	3	AAAACAAGCCCGAAGAGGTTGTTG	1
441	440	3	AAACAAGCCCGAAGAGGTTGTTGA	1
442	441	3	AACAAGCCCGAAGAGGTTGTTGAA	1
443	442	3	ACAAGCCCGAAGAGGTTGTTGAAT	1
444	443	3	CAAGCCCGAAGAGGTTGTTGAATT	1
445	444	3	AAGCCCGAAGAGGTTGTTGAATTC	1
446	445	3	AGCCCGAAGAGGTTGTTGAATTCC	1
447	446	3	GCCCGAAGAGGTTGTTGAATTCCC	1
448	447	6	CCCGAAGAGGTTGTTGAATTCCCT	1
449	448	15	CCGAAGAGGTTGTTGAATTCCCTT	1
450	449	15	CGAAGAGGTTGTTGAATTCCCTTC	1
451	450	15	GAAGAGGTTGTTGAATTCCCTTCT	1
452	451	17	AAGAGGTTGTTGAATTCCCTTCTC	1
453	452	16	AGAGGTTGTTGAATTCCCTTCTCA	1
454	453	16	GAGGTTGTTGAATTCCCTTCTCAA	1
455	454	17	AGGTTGTTGAATTCCCTTCTCAAG	1
456	455	18	GGTTGTTGAATTCCCTTCTCAAGG	1
457	456	19	GTTGTTGAATTCCCTTCTCAAGGC	1
458	457	19	TTGTTGAATTCCCTTCTCAAGGCA	1
459	458	19	TGTTGAATTCCCTTCTCAAGGCAA	1
460	459	19	GTTGAATTCCCTTCTCAAGGCAAA	1
461	460	19	TTGAATTCCCTTCTCAAGGCAAAT	1
462	461	19	TGAATTCCCTTCTCAAGGCAAATT	1
463	462	19	GAATTCCCTTCTCAAGGCAAATTC	1
464	463	19	AATTCCCTTCTCAAGGCAAATTCA	1
465	464	18	ATTCCCTTCTCAAGGCAAATTCAT	1
466	465	18	TTCCCTTCTCAAGGCAAATTCATC	1
467	466	18	TCCCTTCTCAAGGCAAATTCATCA	1
468	467	18	CCCTTCTCAAGGCAAATTCATCAT	1
469	468	18	CCTTCTCAAGGCAAATTCATCATT	1
470	469	19	CTTCTCAAGGCAAATTCATCATTG	1
471	470	19	TTCTCAAGGCAAATTCATCATTGT	1
472	471	19	TCTCAAGGCAAATTCATCATTGTC	1
473	472	19	CTCAAGGCAAATTCATCATTGTCG	1
474	473	20	TCAAGGCAAATTCATCATTGTCGG	1
475	474	21	CAAGGCAAATTCATCATTGTCGGT	1
476	475	22	AAGGCAAATTCATCATTGTCGGTG	1
477	476	22	AGGCAAATTCATCATTGTCGGTGT	1
478	477	22	GGCAAATTCATCATTGTCGGTGTT	1
479	478	23	GCAAATTCATCATTGTCGGTGTTC	1
480	479	23	CAAATTCATCATTGTCGGTGTTCC	1
481	480	23	AAATTCATCATTGTCGGTGTTCCC	1
482	481	22	AATTCATCATTGTCGGTGTTCCCG	1
483	482	22	ATTCATCATTGTCGGTGTTCCCGG	1
484	483	22	TTCATCATTGTCGGTGTTCCCGGC	1
485	484	22	TCATCATTGTCGGTGTTCCCGGCG	1
486	485	22	CATCATTGTCGGTGTTCCCGGCGC	1
487	486	22	ATCATTGTCGGTGTTCCCGGCGCT	1
488	487	22	TCATTGTCGGTGTTCCCGGCGCTT	1
489	488	22	CATTGTCGGTGTTCCCGGCGCTTT	1
490	489	22	ATTGTCGGTGTTCCCGGCGCTTTC	1
491	490	22	TTGTCGGTGTTCCCGGCGCTTTCA	1
492	491	19	TGTCGGTGTTCCCGGCGCTTTCAC	1
493	492	9	GTCGGTGTTCCCGGCGCTTTCACT	1
494	493	9	TCGGTGTTCCCGGCGCTTTCACTC	1
495	494	9	CGGTGTTCCCGGCGCTTTCACTCC	1
496	495	5	GGTGTTCCCGGCGCTTTCACTCCT	1
497	496	6	GTGTTCCCGGCGCTTTCACTCCTC	1
498	497	6	TGTTCCCGGCGCTTTCACTCCTCC	1
499	498	4	GTTCCCGGCGCTTTCACTCCTCCT	1
500	499	4	TTCCCGGCGCTTTCACTCCTCCTT	1
501	500	4	TCCCGGCGCTTTCACTCCTCCTTG	1
502	501	4	CCCGGCGCTTTCACTCCTCCTTGT	1
503	502	4	CCGGCGCTTTCACTCCTCCTTGTT	1
504	503	5	CGGCGCTTTCACTCCTCCTTGTTC	1
505	504	5	GGCGCTTTCACTCCTCCTTGTTCT	1
506	505	6	GCGCTTTCACTCCTCCTTGTTCTT	1
507	506	7	CGCTTTCACTCCTCCTTGTTCTTC	1
508	507	8	GCTTTCACTCCTCCTTGTTCTTCT	1
509	508	8	CTTTCACTCCTCCTTGTTCTTCTC	1
510	509	10	TTTCACTCCTCCTTGTTCTTCTCA	1
511	510	11	TTCACTCCTCCTTGTTCTTCTCAA	1
512	511	11	TCACTCCTCCTTGTTCTTCTCAAG	1
513	512	11	CACTCCTCCTTGTTCTTCTCAAGT	1
514	513	11	ACTCCTCCTTGTTCTTCTCAAGTT	1
515	514	11	CTCCTCCTTGTTCTTCTCAAGTTC	1
516	515	11	TCCTCCTTGTTCTTCTCAAGTTCC	1
517	516	11	CCTCCTTGTTCTTCTCAAGTTCCT	1
518	517	10	CTCCTTGTTCTTCTCAAGTTCCTG	1
519	518	10	TCCTTGTTCTTCTCAAGTTCCTGG	1
520	519	10	CCTTGTTCTTCTCAAGTTCCTGGC	1
521	520	10	CTTGTTCTTCTCAAGTTCCTGGCT	1
522	521	11	TTGTTCTTCTCAAGTTCCTGGCTA	1
523	522	11	TGTTCTTCTCAAGTTCCTGGCTAT	1
524	523	11	GTTCTTCTCAAGTTCCTGGCTATA	1
525	524	11	TTCTTCTCAAGTTCCTGGCTATAT	1
526	525	11	TCTTCTCAAGTTCCTGGCTATATT	1
527	526	11	CTTCTCAAGTTCCTGGCTATATTG	1
528	527	11	TTCTCAAGTTCCTGGCTATATTGC	1
529	528	11	TCTCAAGTTCCTGGCTATATTGCA	1
530	529	11	CTCAAGTTCCTGGCTATATTGCAA	1
531	530	11	TCAAGTTCCTGGCTATATTGCAAA	1
532	531	11	CAAGTTCCTGGCTATATTGCAAAT	1
533	532	11	AAGTTCCTGGCTATATTGCAAATG	1
534	533	11	AGTTCCTGGCTATATTGCAAATGA	1
535	534	11	GTTCCTGGCTATATTGCAAATGAG	1
536	535	11	TTCCTGGCTATATTGCAAATGAGA	1
537	536	10	TCCTGGCTATATTGCAAATGAGAA	1
538	537	11	CCTGGCTATATTGCAAATGAGAAG	1
539	538	12	CTGGCTATATTGCAAATGAGAAGC	1
540	539	12	TGGCTATATTGCAAATGAGAAGCA	1
541	540	13	GGCTATATTGCAAATGAGAAGCAA	1
542	541	13	GCTATATTGCAAATGAGAAGCAAT	1
543	542	13	CTATATTGCAAATGAGAAGCAATT	1
544	543	13	TATATTGCAAATGAGAAGCAATTT	1
545	544	13	ATATTGCAAATGAGAAGCAATTTG	1
546	545	13	TATTGCAAATGAGAAGCAATTTGC	1
547	546	13	ATTGCAAATGAGAAGCAATTTGCT	1
548	547	12	TTGCAAATGAGAAGCAATTTGCTG	1
549	548	13	TGCAAATGAGAAGCAATTTGCTGC	1
550	549	13	GCAAATGAGAAGCAATTTGCTGCC	1
551	550	12	CAAATGAGAAGCAATTTGCTGCCA	1
552	551	11	AAATGAGAAGCAATTTGCTGCCAA	1
553	552	11	AATGAGAAGCAATTTGCTGCCAAG	1
554	553	10	ATGAGAAGCAATTTGCTGCCAAGG	1
555	554	9	TGAGAAGCAATTTGCTGCCAAGGG	1
556	555	9	GAGAAGCAATTTGCTGCCAAGGGC	1
557	556	9	AGAAGCAATTTGCTGCCAAGGGCA	1
558	557	9	GAAGCAATTTGCTGCCAAGGGCAT	1
559	558	9	AAGCAATTTGCTGCCAAGGGCATC	1
560	559	9	AGCAATTTGCTGCCAAGGGCATCA	1
561	560	9	GCAATTTGCTGCCAAGGGCATCAG	1
562	561	9	CAATTTGCTGCCAAGGGCATCAGC	1
563	562	9	AATTTGCTGCCAAGGGCATCAGCG	1
564	563	8	ATTTGCTGCCAAGGGCATCAGCGG	1
565	564	7	TTTGCTGCCAAGGGCATCAGCGGA	1
566	565	7	TTGCTGCCAAGGGCATCAGCGGAA	1
567	566	6	TGCTGCCAAGGGCATCAGCGGAAT	1
568	567	6	GCTGCCAAGGGCATCAGCGGAATC	1
569	568	6	CTGCCAAGGGCATCAGCGGAATCT	1
570	569	6	TGCCAAGGGCATCAGCGGAATCTA	1
571	570	6	GCCAAGGGCATCAGCGGAATCTAT	1
572	571	6	CCAAGGGCATCAGCGGAATCTATG	1
573	572	6	CAAGGGCATCAGCGGAATCTATGT	1
574	573	7	AAGGGCATCAGCGGAATCTATGTC	1
575	574	7	AGGGCATCAGCGGAATCTATGTCG	1
576	575	7	GGGCATCAGCGGAATCTATGTCGT	1
577	576	7	GGCATCAGCGGAATCTATGTCGTT	1
578	577	8	GCATCAGCGGAATCTATGTCGTTG	1
579	578	8	CATCAGCGGAATCTATGTCGTTGC	1
580	579	8	ATCAGCGGAATCTATGTCGTTGCC	1
581	580	8	TCAGCGGAATCTATGTCGTTGCCG	1
582	581	5	CAGCGGAATCTATGTCGTTGCCGT	1
583	582	5	AGCGGAATCTATGTCGTTGCCGTA	1
584	583	5	GCGGAATCTATGTCGTTGCCGTAA	1
585	584	4	CGGAATCTATGTCGTTGCCGTAAA	1
586	585	4	GGAATCTATGTCGTTGCCGTAAAT	1
587	586	4	GAATCTATGTCGTTGCCGTAAATG	1
588	587	4	AATCTATGTCGTTGCCGTAAATGA	1
589	588	4	ATCTATGTCGTTGCCGTAAATGAC	1
590	589	4	TCTATGTCGTTGCCGTAAATGACG	1
591	590	4	CTATGTCGTTGCCGTAAATGACGT	1
592	591	4	TATGTCGTTGCCGTAAATGACGTT	1
593	592	3	ATGTCGTTGCCGTAAATGACGTTT	1
594	593	3	TGTCGTTGCCGTAAATGACGTTTT	1
595	594	3	GTCGTTGCCGTAAATGACGTTTTC	1
596	595	3	TCGTTGCCGTAAATGACGTTTTCG	1
597	596	3	CGTTGCCGTAAATGACGTTTTCGT	1
598	597	3	GTTGCCGTAAATGACGTTTTCGTC	1
599	598	3	TTGCCGTAAATGACGTTTTCGTCA	1
600	599	3	TGCCGTAAATGACGTTTTCGTCAC	1
601	600	3	GCCGTAAATGACGTTTTCGTCACC	1
602	601	3	CCGTAAATGACGTTTTCGTCACCA	1
603	602	3	CGTAAATGACGTTTTCGTCACCAA	1
604	603	3	GTAAATGACGTTTTCGTCACCAAG	1
605	604	3	TAAATGACGTTTTCGTCACCAAGG	1
606	605	3	AAATGACGTTTTCGTCACCAAGGC	1
607	606	3	AATGACGTTTTCGTCACCAAGGCT	1
608	607	3	ATGACGTTTTCGTCACCAAGGCTT	1
609	608	3	TGACGTTTTCGTCACCAAGGCTTG	1
610	609	3	GACGTTTTCGTCACCAAGGCTTGG	1
611	610	3	ACGTTTTCGTCACCAAGGCTTGGA	1
612	611	3	CGTTTTCGTCACCAAGGCTTGGAA	1
613	612	3	GTTTTCGTCACCAAGGCTTGGAAG	1
614	613	2	TTTTCGTCACCAAGGCTTGGAAGA	1
615	614	2	TTTCGTCACCAAGGCTTGGAAGAA	1
616	615	2	TTCGTCACCAAGGCTTGGAAGAAG	1
617	616	2	TCGTCACCAAGGCTTGGAAGAAGT	1
618	617	2	CGTCACCAAGGCTTGGAAGAAGTC	1
619	618	2	GTCACCAAGGCTTGGAAGAAGTCT	1
620	619	2	TCACCAAGGCTTGGAAGAAGTCTT	1
621	620	2	CACCAAGGCTTGGAAGAAGTCTTT	1
622	621	2	ACCAAGGCTTGGAAGAAGTCTTTC	1
623	622	2	CCAAGGCTTGGAAGAAGTCTTTCG	1
624	623	2	CAAGGCTTGGAAGAAGTCTTTCGA	1
625	624	2	AAGGCTTGGAAGAAGTCTTTCGAC	1
