Component 705
1	702	6	CCGTCTTAAATATGCTTTGAACGG	1
2	1	2	CGTCTTAAATATGCTTTGAACGGT	1
3	2	2	GTCTTAAATATGCTTTGAACGGTC	1
4	3	2	TCTTAAATATGCTTTGAACGGTCG	1
5	4	2	CTTAAATATGCTTTGAACGGTCGT	1
6	5	2	TTAAATATGCTTTGAACGGTCGTG	1
7	6	2	TAAATATGCTTTGAACGGTCGTGA	1
8	7	2	AAATATGCTTTGAACGGTCGTGAG	1
9	8	2	AATATGCTTTGAACGGTCGTGAGG	1
10	9	2	ATATGCTTTGAACGGTCGTGAGGT	1
11	10	2	TATGCTTTGAACGGTCGTGAGGTT	1
12	11	2	ATGCTTTGAACGGTCGTGAGGTTA	1
13	12	2	TGCTTTGAACGGTCGTGAGGTTAA	1
14	13	2	GCTTTGAACGGTCGTGAGGTTAAG	1
15	14	2	CTTTGAACGGTCGTGAGGTTAAGG	1
16	15	2	TTTGAACGGTCGTGAGGTTAAGGC	1
17	16	2	TTGAACGGTCGTGAGGTTAAGGCC	1
18	17	2	TGAACGGTCGTGAGGTTAAGGCCA	1
19	18	2	GAACGGTCGTGAGGTTAAGGCCAT	1
20	19	2	AACGGTCGTGAGGTTAAGGCCATC	1
21	20	2	ACGGTCGTGAGGTTAAGGCCATCC	1
22	21	2	CGGTCGTGAGGTTAAGGCCATCCT	1
23	22	2	GGTCGTGAGGTTAAGGCCATCCTC	1
24	23	2	GTCGTGAGGTTAAGGCCATCCTCA	1
25	24	2	TCGTGAGGTTAAGGCCATCCTCAT	1
26	25	1	CGTGAGGTTAAGGCCATCCTCATG	1
27	26	1	GTGAGGTTAAGGCCATCCTCATGC	1
28	27	1	TGAGGTTAAGGCCATCCTCATGCA	1
29	28	1	GAGGTTAAGGCCATCCTCATGCAA	1
30	29	1	AGGTTAAGGCCATCCTCATGCAAC	1
31	30	1	GGTTAAGGCCATCCTCATGCAACG	1
32	31	3	GTTAAGGCCATCCTCATGCAACGT	1
33	32	3	TTAAGGCCATCCTCATGCAACGTC	1
34	33	4	TAAGGCCATCCTCATGCAACGTCT	1
35	34	4	AAGGCCATCCTCATGCAACGTCTC	1
36	35	4	AGGCCATCCTCATGCAACGTCTCA	1
37	36	4	GGCCATCCTCATGCAACGTCTCAT	1
38	37	4	GCCATCCTCATGCAACGTCTCATT	1
39	38	5	CCATCCTCATGCAACGTCTCATTC	1
40	39	5	CATCCTCATGCAACGTCTCATTCA	1
41	40	5	ATCCTCATGCAACGTCTCATTCAA	1
42	41	5	TCCTCATGCAACGTCTCATTCAAG	1
43	42	5	CCTCATGCAACGTCTCATTCAAGT	1
44	43	5	CTCATGCAACGTCTCATTCAAGTT	1
45	44	5	TCATGCAACGTCTCATTCAAGTTG	1
46	45	5	CATGCAACGTCTCATTCAAGTTGA	1
47	46	5	ATGCAACGTCTCATTCAAGTTGAT	1
48	47	5	TGCAACGTCTCATTCAAGTTGATG	1
49	48	5	GCAACGTCTCATTCAAGTTGATGG	1
50	49	5	CAACGTCTCATTCAAGTTGATGGA	1
51	50	5	AACGTCTCATTCAAGTTGATGGAA	1
52	51	5	ACGTCTCATTCAAGTTGATGGAAA	1
53	52	5	CGTCTCATTCAAGTTGATGGAAAG	1
54	53	5	GTCTCATTCAAGTTGATGGAAAGG	1
55	54	5	TCTCATTCAAGTTGATGGAAAGGT	1
56	55	5	CTCATTCAAGTTGATGGAAAGGTT	1
57	56	5	TCATTCAAGTTGATGGAAAGGTTC	1
58	57	5	CATTCAAGTTGATGGAAAGGTTCG	1
59	58	5	ATTCAAGTTGATGGAAAGGTTCGT	1
60	59	5	TTCAAGTTGATGGAAAGGTTCGTA	1
61	60	5	TCAAGTTGATGGAAAGGTTCGTAC	1
62	61	5	CAAGTTGATGGAAAGGTTCGTACT	1
63	62	5	AAGTTGATGGAAAGGTTCGTACTG	1
64	63	5	AGTTGATGGAAAGGTTCGTACTGA	1
65	64	5	GTTGATGGAAAGGTTCGTACTGAT	1
66	65	5	TTGATGGAAAGGTTCGTACTGATT	1
67	66	5	TGATGGAAAGGTTCGTACTGATTC	1
68	67	5	GATGGAAAGGTTCGTACTGATTCT	1
69	68	5	ATGGAAAGGTTCGTACTGATTCTA	1
70	69	5	TGGAAAGGTTCGTACTGATTCTAC	1
71	70	5	GGAAAGGTTCGTACTGATTCTACC	1
72	71	5	GAAAGGTTCGTACTGATTCTACCT	1
73	72	5	AAAGGTTCGTACTGATTCTACCTT	1
74	73	5	AAGGTTCGTACTGATTCTACCTTC	1
75	74	5	AGGTTCGTACTGATTCTACCTTCC	1
76	75	3	GGTTCGTACTGATTCTACCTTCCC	1
77	76	2	GTTCGTACTGATTCTACCTTCCCT	1
78	77	1	TTCGTACTGATTCTACCTTCCCTA	1
79	78	1	TCGTACTGATTCTACCTTCCCTAC	1
80	79	1	CGTACTGATTCTACCTTCCCTACT	1
81	80	1	GTACTGATTCTACCTTCCCTACTG	1
82	81	2	TACTGATTCTACCTTCCCTACTGG	1
83	82	1	ACTGATTCTACCTTCCCTACTGGC	1
84	83	1	CTGATTCTACCTTCCCTACTGGCT	1
85	84	2	TGATTCTACCTTCCCTACTGGCTT	1
86	85	2	GATTCTACCTTCCCTACTGGCTTC	1
87	86	2	ATTCTACCTTCCCTACTGGCTTCA	1
88	87	2	TTCTACCTTCCCTACTGGCTTCAT	1
89	88	2	TCTACCTTCCCTACTGGCTTCATG	1
90	89	2	CTACCTTCCCTACTGGCTTCATGG	1
91	90	2	TACCTTCCCTACTGGCTTCATGGA	1
92	91	2	ACCTTCCCTACTGGCTTCATGGAT	1
93	92	2	CCTTCCCTACTGGCTTCATGGATG	1
94	93	2	CTTCCCTACTGGCTTCATGGATGT	1
95	94	2	TTCCCTACTGGCTTCATGGATGTA	1
96	95	1	TCCCTACTGGCTTCATGGATGTAA	1
97	96	1	CCCTACTGGCTTCATGGATGTAAT	1
98	97	1	CCTACTGGCTTCATGGATGTAATC	1
99	98	1	CTACTGGCTTCATGGATGTAATCT	1
100	99	1	TACTGGCTTCATGGATGTAATCTC	1
101	100	1	ACTGGCTTCATGGATGTAATCTCT	1
102	101	1	CTGGCTTCATGGATGTAATCTCTG	1
103	102	1	TGGCTTCATGGATGTAATCTCTGT	1
104	103	4	GGCTTCATGGATGTAATCTCTGTT	1
105	104	5	GCTTCATGGATGTAATCTCTGTTG	1
106	105	5	CTTCATGGATGTAATCTCTGTTGA	1
107	106	5	TTCATGGATGTAATCTCTGTTGAA	1
108	107	5	TCATGGATGTAATCTCTGTTGAAA	1
109	108	5	CATGGATGTAATCTCTGTTGAAAA	1
110	109	5	ATGGATGTAATCTCTGTTGAAAAG	1
111	110	5	TGGATGTAATCTCTGTTGAAAAGA	1
112	111	5	GGATGTAATCTCTGTTGAAAAGAC	1
113	112	5	GATGTAATCTCTGTTGAAAAGACT	1
114	113	5	ATGTAATCTCTGTTGAAAAGACTG	1
115	114	5	TGTAATCTCTGTTGAAAAGACTGG	1
116	115	5	GTAATCTCTGTTGAAAAGACTGGC	1
117	116	5	TAATCTCTGTTGAAAAGACTGGCG	1
118	117	5	AATCTCTGTTGAAAAGACTGGCGA	1
119	118	5	ATCTCTGTTGAAAAGACTGGCGAA	1
120	119	5	TCTCTGTTGAAAAGACTGGCGAAC	1
121	120	5	CTCTGTTGAAAAGACTGGCGAACA	1
122	121	5	TCTGTTGAAAAGACTGGCGAACAC	1
123	122	5	CTGTTGAAAAGACTGGCGAACACT	1
124	123	5	TGTTGAAAAGACTGGCGAACACTT	1
125	124	5	GTTGAAAAGACTGGCGAACACTTC	1
126	125	4	TTGAAAAGACTGGCGAACACTTCC	1
127	126	4	TGAAAAGACTGGCGAACACTTCCG	1
128	127	5	GAAAAGACTGGCGAACACTTCCGC	1
129	128	5	AAAAGACTGGCGAACACTTCCGCC	1
130	129	5	AAAGACTGGCGAACACTTCCGCCT	1
131	130	5	AAGACTGGCGAACACTTCCGCCTT	1
132	131	5	AGACTGGCGAACACTTCCGCCTTG	1
133	132	5	GACTGGCGAACACTTCCGCCTTGT	1
134	133	5	ACTGGCGAACACTTCCGCCTTGTC	1
135	134	6	CTGGCGAACACTTCCGCCTTGTCT	1
136	135	6	TGGCGAACACTTCCGCCTTGTCTA	1
137	136	6	GGCGAACACTTCCGCCTTGTCTAC	1
138	137	6	GCGAACACTTCCGCCTTGTCTACG	1
139	138	6	CGAACACTTCCGCCTTGTCTACGA	1
140	139	5	GAACACTTCCGCCTTGTCTACGAC	1
141	140	5	AACACTTCCGCCTTGTCTACGACA	1
142	141	5	ACACTTCCGCCTTGTCTACGACAT	1
143	1640	3	CACTTCCGCCTTGTCTACGACATC	1
143	142	5	CACTTCCGCCTTGTCTACGACATC	1
144	143	8	ACTTCCGCCTTGTCTACGACATCA	1
145	144	8	CTTCCGCCTTGTCTACGACATCAA	1
146	145	8	TTCCGCCTTGTCTACGACATCAAG	1
147	146	8	TCCGCCTTGTCTACGACATCAAGG	1
148	147	6	CCGCCTTGTCTACGACATCAAGGG	1
149	148	5	CGCCTTGTCTACGACATCAAGGGC	1
150	149	5	GCCTTGTCTACGACATCAAGGGCC	1
151	150	4	CCTTGTCTACGACATCAAGGGCCG	1
152	151	4	CTTGTCTACGACATCAAGGGCCGC	1
153	152	3	TTGTCTACGACATCAAGGGCCGCT	1
154	153	3	TGTCTACGACATCAAGGGCCGCTT	1
155	154	2	GTCTACGACATCAAGGGCCGCTTC	1
156	155	2	TCTACGACATCAAGGGCCGCTTCA	1
157	156	2	CTACGACATCAAGGGCCGCTTCAC	1
158	157	1	TACGACATCAAGGGCCGCTTCACT	1
159	158	1	ACGACATCAAGGGCCGCTTCACTG	1
160	159	1	CGACATCAAGGGCCGCTTCACTGT	1
161	160	1	GACATCAAGGGCCGCTTCACTGTT	1
162	161	2	ACATCAAGGGCCGCTTCACTGTTC	1
163	162	2	CATCAAGGGCCGCTTCACTGTTCA	1
164	163	2	ATCAAGGGCCGCTTCACTGTTCAC	1
165	164	2	TCAAGGGCCGCTTCACTGTTCACC	1
166	165	2	CAAGGGCCGCTTCACTGTTCACCG	1
167	166	2	AAGGGCCGCTTCACTGTTCACCGT	1
168	167	2	AGGGCCGCTTCACTGTTCACCGTA	1
169	168	2	GGGCCGCTTCACTGTTCACCGTAT	1
170	169	2	GGCCGCTTCACTGTTCACCGTATT	1
171	170	2	GCCGCTTCACTGTTCACCGTATTA	1
172	171	2	CCGCTTCACTGTTCACCGTATTAC	1
173	172	2	CGCTTCACTGTTCACCGTATTACT	1
174	173	2	GCTTCACTGTTCACCGTATTACTG	1
175	174	1	CTTCACTGTTCACCGTATTACTGC	1
176	175	1	TTCACTGTTCACCGTATTACTGCT	1
177	176	1	TCACTGTTCACCGTATTACTGCTG	1
178	177	1	CACTGTTCACCGTATTACTGCTGA	1
179	178	1	ACTGTTCACCGTATTACTGCTGAA	1
180	179	1	CTGTTCACCGTATTACTGCTGAAG	1
181	180	1	TGTTCACCGTATTACTGCTGAAGA	1
182	181	1	GTTCACCGTATTACTGCTGAAGAA	1
183	182	1	TTCACCGTATTACTGCTGAAGAAG	1
184	183	1	TCACCGTATTACTGCTGAAGAAGC	1
185	184	1	CACCGTATTACTGCTGAAGAAGCT	1
186	185	1	ACCGTATTACTGCTGAAGAAGCTA	1
187	186	3	CCGTATTACTGCTGAAGAAGCTAA	1
188	187	3	CGTATTACTGCTGAAGAAGCTAAG	1
189	188	3	GTATTACTGCTGAAGAAGCTAAGT	1
190	189	3	TATTACTGCTGAAGAAGCTAAGTA	1
191	190	3	ATTACTGCTGAAGAAGCTAAGTAT	1
192	191	3	TTACTGCTGAAGAAGCTAAGTATA	1
193	192	3	TACTGCTGAAGAAGCTAAGTATAA	1
194	193	3	ACTGCTGAAGAAGCTAAGTATAAG	1
195	194	3	CTGCTGAAGAAGCTAAGTATAAGC	1
196	195	3	TGCTGAAGAAGCTAAGTATAAGCT	1
197	196	3	GCTGAAGAAGCTAAGTATAAGCTC	1
198	197	3	CTGAAGAAGCTAAGTATAAGCTCT	1
199	198	3	TGAAGAAGCTAAGTATAAGCTCTG	1
200	199	3	GAAGAAGCTAAGTATAAGCTCTGC	1
201	200	3	AAGAAGCTAAGTATAAGCTCTGCA	1
202	201	4	AGAAGCTAAGTATAAGCTCTGCAA	1
203	202	4	GAAGCTAAGTATAAGCTCTGCAAG	1
204	203	4	AAGCTAAGTATAAGCTCTGCAAGG	1
205	204	3	AGCTAAGTATAAGCTCTGCAAGGT	1
206	205	3	GCTAAGTATAAGCTCTGCAAGGTC	1
207	206	5	CTAAGTATAAGCTCTGCAAGGTCA	1
208	207	5	TAAGTATAAGCTCTGCAAGGTCAA	1
209	208	5	AAGTATAAGCTCTGCAAGGTCAAG	1
210	209	5	AGTATAAGCTCTGCAAGGTCAAGC	1
211	210	5	GTATAAGCTCTGCAAGGTCAAGCG	1
212	211	5	TATAAGCTCTGCAAGGTCAAGCGT	1
213	212	5	ATAAGCTCTGCAAGGTCAAGCGTG	1
214	213	5	TAAGCTCTGCAAGGTCAAGCGTGT	1
215	214	5	AAGCTCTGCAAGGTCAAGCGTGTT	1
216	215	5	AGCTCTGCAAGGTCAAGCGTGTTC	1
217	216	5	GCTCTGCAAGGTCAAGCGTGTTCA	1
218	217	6	CTCTGCAAGGTCAAGCGTGTTCAA	1
219	218	6	TCTGCAAGGTCAAGCGTGTTCAAT	1
220	219	6	CTGCAAGGTCAAGCGTGTTCAATT	1
221	220	6	TGCAAGGTCAAGCGTGTTCAATTG	1
222	221	6	GCAAGGTCAAGCGTGTTCAATTGG	1
223	222	6	CAAGGTCAAGCGTGTTCAATTGGG	1
224	223	6	AAGGTCAAGCGTGTTCAATTGGGA	1
225	224	6	AGGTCAAGCGTGTTCAATTGGGAG	1
226	225	6	GGTCAAGCGTGTTCAATTGGGAGC	1
227	226	6	GTCAAGCGTGTTCAATTGGGAGCT	1
228	227	6	TCAAGCGTGTTCAATTGGGAGCTA	1
229	228	6	CAAGCGTGTTCAATTGGGAGCTAA	1
230	229	6	AAGCGTGTTCAATTGGGAGCTAAG	1
231	230	4	AGCGTGTTCAATTGGGAGCTAAGG	1
232	231	4	GCGTGTTCAATTGGGAGCTAAGGG	1
233	232	4	CGTGTTCAATTGGGAGCTAAGGGG	1
234	233	4	GTGTTCAATTGGGAGCTAAGGGGG	1
235	234	4	TGTTCAATTGGGAGCTAAGGGGGT	1
236	235	4	GTTCAATTGGGAGCTAAGGGGGTT	1
237	236	4	TTCAATTGGGAGCTAAGGGGGTTC	1
238	237	4	TCAATTGGGAGCTAAGGGGGTTCC	1
239	238	4	CAATTGGGAGCTAAGGGGGTTCCC	1
240	239	4	AATTGGGAGCTAAGGGGGTTCCCT	1
241	240	4	ATTGGGAGCTAAGGGGGTTCCCTT	1
242	241	4	TTGGGAGCTAAGGGGGTTCCCTTC	1
243	242	4	TGGGAGCTAAGGGGGTTCCCTTCC	1
244	243	4	GGGAGCTAAGGGGGTTCCCTTCCT	1
245	244	4	GGAGCTAAGGGGGTTCCCTTCCTT	1
246	245	3	GAGCTAAGGGGGTTCCCTTCCTTG	1
247	246	3	AGCTAAGGGGGTTCCCTTCCTTGT	1
248	247	3	GCTAAGGGGGTTCCCTTCCTTGTC	1
249	248	3	CTAAGGGGGTTCCCTTCCTTGTCA	1
250	249	3	TAAGGGGGTTCCCTTCCTTGTCAC	1
251	250	1	AAGGGGGTTCCCTTCCTTGTCACC	1
252	251	1	AGGGGGTTCCCTTCCTTGTCACCC	1
253	252	1	GGGGGTTCCCTTCCTTGTCACCCA	1
254	253	1	GGGGTTCCCTTCCTTGTCACCCAT	1
255	254	1	GGGTTCCCTTCCTTGTCACCCATG	1
256	255	1	GGTTCCCTTCCTTGTCACCCATGA	1
257	256	1	GTTCCCTTCCTTGTCACCCATGAT	1
258	257	1	TTCCCTTCCTTGTCACCCATGATG	1
259	258	1	TCCCTTCCTTGTCACCCATGATGG	1
260	259	1	CCCTTCCTTGTCACCCATGATGGA	1
261	260	1	CCTTCCTTGTCACCCATGATGGAC	1
262	-1	0	GTGACCGCAGACGTGCCCTTAAAG	1
263	262	1	TGACCGCAGACGTGCCCTTAAAGG	1
264	263	1	GACCGCAGACGTGCCCTTAAAGGT	1
265	264	1	ACCGCAGACGTGCCCTTAAAGGTT	1
266	265	1	CCGCAGACGTGCCCTTAAAGGTTT	1
267	266	1	CGCAGACGTGCCCTTAAAGGTTTG	1
268	267	1	GCAGACGTGCCCTTAAAGGTTTGG	1
269	268	1	CAGACGTGCCCTTAAAGGTTTGGC	1
270	269	1	AGACGTGCCCTTAAAGGTTTGGCT	1
271	270	1	GACGTGCCCTTAAAGGTTTGGCTT	1
272	271	1	ACGTGCCCTTAAAGGTTTGGCTTA	1
273	272	1	CGTGCCCTTAAAGGTTTGGCTTAG	1
274	273	1	GTGCCCTTAAAGGTTTGGCTTAGT	1
275	274	1	TGCCCTTAAAGGTTTGGCTTAGTT	1
276	275	1	GCCCTTAAAGGTTTGGCTTAGTTC	1
277	276	1	CCCTTAAAGGTTTGGCTTAGTTCT	1
278	277	1	CCTTAAAGGTTTGGCTTAGTTCTG	1
279	278	1	CTTAAAGGTTTGGCTTAGTTCTGA	1
280	279	1	TTAAAGGTTTGGCTTAGTTCTGAA	1
281	280	1	TAAAGGTTTGGCTTAGTTCTGAAA	1
282	281	1	AAAGGTTTGGCTTAGTTCTGAAAT	1
283	282	1	AAGGTTTGGCTTAGTTCTGAAATA	1
284	283	1	AGGTTTGGCTTAGTTCTGAAATAA	1
285	284	1	GGTTTGGCTTAGTTCTGAAATAAG	1
286	285	1	GTTTGGCTTAGTTCTGAAATAAGC	1
287	286	1	TTTGGCTTAGTTCTGAAATAAGCG	1
288	287	1	TTGGCTTAGTTCTGAAATAAGCGC	1
289	288	1	TGGCTTAGTTCTGAAATAAGCGCA	1
290	289	1	GGCTTAGTTCTGAAATAAGCGCAA	1
291	290	1	GCTTAGTTCTGAAATAAGCGCAAC	1
292	291	1	CTTAGTTCTGAAATAAGCGCAACA	1
293	292	1	TTAGTTCTGAAATAAGCGCAACAT	1
294	293	1	TAGTTCTGAAATAAGCGCAACATA	1
295	294	1	AGTTCTGAAATAAGCGCAACATAA	1
296	295	1	GTTCTGAAATAAGCGCAACATAAT	1
297	296	1	TTCTGAAATAAGCGCAACATAATT	1
298	297	1	TCTGAAATAAGCGCAACATAATTA	1
299	298	1	CTGAAATAAGCGCAACATAATTAT	1
300	299	3	TGAAATAAGCGCAACATAATTATT	1
301	300	3	GAAATAAGCGCAACATAATTATTG	1
302	301	3	AAATAAGCGCAACATAATTATTGT	1
303	302	3	AATAAGCGCAACATAATTATTGTT	1
304	303	3	ATAAGCGCAACATAATTATTGTTA	1
305	304	3	TAAGCGCAACATAATTATTGTTAT	1
306	305	3	AAGCGCAACATAATTATTGTTATG	1
307	306	2	AGCGCAACATAATTATTGTTATGC	1
308	307	3	GCGCAACATAATTATTGTTATGCG	1
309	308	3	CGCAACATAATTATTGTTATGCGA	1
310	309	3	GCAACATAATTATTGTTATGCGAA	1
311	310	3	CAACATAATTATTGTTATGCGAAT	1
312	311	3	AACATAATTATTGTTATGCGAATA	1
313	312	3	ACATAATTATTGTTATGCGAATAT	1
314	313	3	CATAATTATTGTTATGCGAATATA	1
315	314	3	ATAATTATTGTTATGCGAATATAT	1
316	315	3	TAATTATTGTTATGCGAATATATT	1
317	316	3	AATTATTGTTATGCGAATATATTT	1
318	317	3	ATTATTGTTATGCGAATATATTTG	1
319	318	3	TTATTGTTATGCGAATATATTTGG	1
320	319	3	TATTGTTATGCGAATATATTTGGT	1
321	320	3	ATTGTTATGCGAATATATTTGGTG	1
322	321	3	TTGTTATGCGAATATATTTGGTGT	1
323	322	3	TGTTATGCGAATATATTTGGTGTT	1
324	323	3	GTTATGCGAATATATTTGGTGTTT	1
325	324	3	TTATGCGAATATATTTGGTGTTTC	1
326	325	3	TATGCGAATATATTTGGTGTTTCG	1
327	326	3	ATGCGAATATATTTGGTGTTTCGT	1
328	327	3	TGCGAATATATTTGGTGTTTCGTT	1
329	328	3	GCGAATATATTTGGTGTTTCGTTA	1
330	329	3	CGAATATATTTGGTGTTTCGTTAA	1
331	330	3	GAATATATTTGGTGTTTCGTTAAT	1
332	331	3	AATATATTTGGTGTTTCGTTAATA	1
333	332	3	ATATATTTGGTGTTTCGTTAATAG	1
334	333	3	TATATTTGGTGTTTCGTTAATAGC	1
335	334	3	ATATTTGGTGTTTCGTTAATAGCA	1
336	335	3	TATTTGGTGTTTCGTTAATAGCAA	1
337	336	3	ATTTGGTGTTTCGTTAATAGCAAA	1
338	337	3	TTTGGTGTTTCGTTAATAGCAAAA	1
339	338	3	TTGGTGTTTCGTTAATAGCAAAAC	1
340	339	3	TGGTGTTTCGTTAATAGCAAAACT	1
341	340	3	GGTGTTTCGTTAATAGCAAAACTT	1
342	341	3	GTGTTTCGTTAATAGCAAAACTTA	1
343	342	3	TGTTTCGTTAATAGCAAAACTTAG	1
344	343	1	GTTTCGTTAATAGCAAAACTTAGG	1
345	344	1	TTTCGTTAATAGCAAAACTTAGGA	1
346	345	1	TTCGTTAATAGCAAAACTTAGGAC	1
347	346	1	TCGTTAATAGCAAAACTTAGGACT	1
348	347	1	CGTTAATAGCAAAACTTAGGACTG	1
349	348	1	GTTAATAGCAAAACTTAGGACTGT	1
350	349	1	TTAATAGCAAAACTTAGGACTGTA	1
351	350	1	TAATAGCAAAACTTAGGACTGTAC	1
352	-1	0	GGTGTCAAACTTAGCATTACTGAA	1
353	352	1	GTGTCAAACTTAGCATTACTGAAG	1
354	353	1	TGTCAAACTTAGCATTACTGAAGA	1
355	354	2	GTCAAACTTAGCATTACTGAAGAG	1
356	355	2	TCAAACTTAGCATTACTGAAGAGC	1
357	356	2	CAAACTTAGCATTACTGAAGAGCG	1
358	357	2	AAACTTAGCATTACTGAAGAGCGT	1
359	358	2	AACTTAGCATTACTGAAGAGCGTG	1
360	359	2	ACTTAGCATTACTGAAGAGCGTGA	1
361	360	2	CTTAGCATTACTGAAGAGCGTGAC	1
362	361	2	TTAGCATTACTGAAGAGCGTGACC	1
363	362	2	TAGCATTACTGAAGAGCGTGACCG	1
364	363	2	AGCATTACTGAAGAGCGTGACCGT	1
365	364	2	GCATTACTGAAGAGCGTGACCGTA	1
366	365	2	CATTACTGAAGAGCGTGACCGTAG	1
367	366	2	ATTACTGAAGAGCGTGACCGTAGA	1
368	367	2	TTACTGAAGAGCGTGACCGTAGAC	1
369	368	2	TACTGAAGAGCGTGACCGTAGACG	1
370	369	2	ACTGAAGAGCGTGACCGTAGACGT	1
371	370	2	CTGAAGAGCGTGACCGTAGACGTG	1
372	371	3	TGAAGAGCGTGACCGTAGACGTGC	1
373	372	3	GAAGAGCGTGACCGTAGACGTGCT	1
374	373	3	AAGAGCGTGACCGTAGACGTGCTC	1
375	374	3	AGAGCGTGACCGTAGACGTGCTCT	1
376	375	3	GAGCGTGACCGTAGACGTGCTCTC	1
377	376	3	AGCGTGACCGTAGACGTGCTCTCA	1
378	377	3	GCGTGACCGTAGACGTGCTCTCAA	1
379	378	3	CGTGACCGTAGACGTGCTCTCAAA	1
380	379	3	GTGACCGTAGACGTGCTCTCAAAG	1
381	380	3	TGACCGTAGACGTGCTCTCAAAGG	1
382	381	3	GACCGTAGACGTGCTCTCAAAGGT	1
383	382	3	ACCGTAGACGTGCTCTCAAAGGTC	1
384	383	3	CCGTAGACGTGCTCTCAAAGGTCT	1
385	384	3	CGTAGACGTGCTCTCAAAGGTCTT	1
386	385	3	GTAGACGTGCTCTCAAAGGTCTTG	1
387	386	3	TAGACGTGCTCTCAAAGGTCTTGC	1
388	387	3	AGACGTGCTCTCAAAGGTCTTGCT	1
389	388	3	GACGTGCTCTCAAAGGTCTTGCTT	1
390	389	3	ACGTGCTCTCAAAGGTCTTGCTTA	1
391	390	3	CGTGCTCTCAAAGGTCTTGCTTAA	1
392	391	3	GTGCTCTCAAAGGTCTTGCTTAAA	1
393	392	3	TGCTCTCAAAGGTCTTGCTTAAAA	1
394	393	3	GCTCTCAAAGGTCTTGCTTAAAAA	1
395	394	3	CTCTCAAAGGTCTTGCTTAAAAAT	1
396	395	3	TCTCAAAGGTCTTGCTTAAAAATG	1
397	396	2	CTCAAAGGTCTTGCTTAAAAATGT	1
398	397	2	TCAAAGGTCTTGCTTAAAAATGTT	1
399	398	1	CAAAGGTCTTGCTTAAAAATGTTG	1
400	399	1	AAAGGTCTTGCTTAAAAATGTTGA	1
401	400	1	AAGGTCTTGCTTAAAAATGTTGAA	1
402	401	1	AGGTCTTGCTTAAAAATGTTGAAA	1
403	402	1	GGTCTTGCTTAAAAATGTTGAAAC	1
404	403	1	GTCTTGCTTAAAAATGTTGAAACG	1
405	404	1	TCTTGCTTAAAAATGTTGAAACGT	1
406	405	1	CTTGCTTAAAAATGTTGAAACGTA	1
407	406	1	TTGCTTAAAAATGTTGAAACGTAT	1
408	407	1	TGCTTAAAAATGTTGAAACGTATA	1
409	408	1	GCTTAAAAATGTTGAAACGTATAT	1
410	409	1	CTTAAAAATGTTGAAACGTATATT	1
411	410	1	TTAAAAATGTTGAAACGTATATTG	1
412	411	1	TAAAAATGTTGAAACGTATATTGG	1
413	412	1	AAAAATGTTGAAACGTATATTGGT	1
414	413	1	AAAATGTTGAAACGTATATTGGTA	1
415	414	1	AAATGTTGAAACGTATATTGGTAA	1
416	1321	10	GGTCAACGACACCATAAAACTTAA	1
417	416	4	GTCAACGACACCATAAAACTTAAC	1
418	417	4	TCAACGACACCATAAAACTTAACT	1
419	418	4	CAACGACACCATAAAACTTAACTT	1
420	419	4	AACGACACCATAAAACTTAACTTG	1
421	420	4	ACGACACCATAAAACTTAACTTGG	1
422	421	4	CGACACCATAAAACTTAACTTGGA	1
423	422	5	GACACCATAAAACTTAACTTGGAA	1
424	423	5	ACACCATAAAACTTAACTTGGAAA	1
425	424	4	CACCATAAAACTTAACTTGGAAAC	1
426	425	5	ACCATAAAACTTAACTTGGAAACC	1
427	426	5	CCATAAAACTTAACTTGGAAACCA	1
428	427	5	CATAAAACTTAACTTGGAAACCAA	1
429	428	5	ATAAAACTTAACTTGGAAACCAAC	1
430	429	2	TAAAACTTAACTTGGAAACCAACA	1
431	430	2	AAAACTTAACTTGGAAACCAACAA	1
432	431	2	AAACTTAACTTGGAAACCAACAAG	1
433	432	2	AACTTAACTTGGAAACCAACAAGA	1
434	433	2	ACTTAACTTGGAAACCAACAAGAT	1
435	434	2	CTTAACTTGGAAACCAACAAGATC	1
436	435	2	TTAACTTGGAAACCAACAAGATCG	1
437	436	2	TAACTTGGAAACCAACAAGATCGA	1
438	437	2	AACTTGGAAACCAACAAGATCGAG	1
439	438	2	ACTTGGAAACCAACAAGATCGAGT	1
440	439	2	CTTGGAAACCAACAAGATCGAGTC	1
441	1345	4	TTGGAAACCAACAAGATCGAGTCG	1
441	440	2	TTGGAAACCAACAAGATCGAGTCG	1
442	902	8	AGAGGCTAAATACAAGCTTTGCAA	1
443	442	3	GAGGCTAAATACAAGCTTTGCAAG	1
444	443	2	AGGCTAAATACAAGCTTTGCAAGG	1
445	444	2	GGCTAAATACAAGCTTTGCAAGGT	1
446	445	2	GCTAAATACAAGCTTTGCAAGGTC	1
447	446	2	CTAAATACAAGCTTTGCAAGGTCA	1
448	447	2	TAAATACAAGCTTTGCAAGGTCAA	1
449	448	2	AAATACAAGCTTTGCAAGGTCAAG	1
450	449	2	AATACAAGCTTTGCAAGGTCAAGC	1
451	450	3	ATACAAGCTTTGCAAGGTCAAGCG	1
452	451	3	TACAAGCTTTGCAAGGTCAAGCGT	1
453	452	3	ACAAGCTTTGCAAGGTCAAGCGTG	1
454	453	3	CAAGCTTTGCAAGGTCAAGCGTGT	1
455	454	3	AAGCTTTGCAAGGTCAAGCGTGTT	1
456	455	3	AGCTTTGCAAGGTCAAGCGTGTTC	1
457	456	3	GCTTTGCAAGGTCAAGCGTGTTCA	1
458	457	3	CTTTGCAAGGTCAAGCGTGTTCAA	1
459	458	3	TTTGCAAGGTCAAGCGTGTTCAAT	1
460	459	2	TTGCAAGGTCAAGCGTGTTCAATT	1
461	460	2	TGCAAGGTCAAGCGTGTTCAATTA	1
462	461	2	GCAAGGTCAAGCGTGTTCAATTAG	1
463	462	2	CAAGGTCAAGCGTGTTCAATTAGG	1
464	463	2	AAGGTCAAGCGTGTTCAATTAGGT	1
465	464	2	AGGTCAAGCGTGTTCAATTAGGTG	1
466	465	2	GGTCAAGCGTGTTCAATTAGGTGC	1
467	466	2	GTCAAGCGTGTTCAATTAGGTGCT	1
468	467	2	TCAAGCGTGTTCAATTAGGTGCTA	1
469	468	2	CAAGCGTGTTCAATTAGGTGCTAA	1
470	469	5	AAGCGTGTTCAATTAGGTGCTAAG	1
471	470	5	AGCGTGTTCAATTAGGTGCTAAGG	1
472	471	5	GCGTGTTCAATTAGGTGCTAAGGG	1
473	472	5	CGTGTTCAATTAGGTGCTAAGGGT	1
474	473	5	GTGTTCAATTAGGTGCTAAGGGTG	1
475	474	6	TGTTCAATTAGGTGCTAAGGGTGT	1
476	475	6	GTTCAATTAGGTGCTAAGGGTGTT	1
477	476	6	TTCAATTAGGTGCTAAGGGTGTTC	1
478	477	6	TCAATTAGGTGCTAAGGGTGTTCC	1
479	478	6	CAATTAGGTGCTAAGGGTGTTCCT	1
480	479	6	AATTAGGTGCTAAGGGTGTTCCTT	1
481	480	7	ATTAGGTGCTAAGGGTGTTCCTTT	1
482	481	7	TTAGGTGCTAAGGGTGTTCCTTTT	1
483	482	7	TAGGTGCTAAGGGTGTTCCTTTTC	1
484	483	7	AGGTGCTAAGGGTGTTCCTTTTCT	1
485	484	7	GGTGCTAAGGGTGTTCCTTTTCTC	1
486	485	7	GTGCTAAGGGTGTTCCTTTTCTCG	1
487	486	6	TGCTAAGGGTGTTCCTTTTCTCGT	1
488	487	6	GCTAAGGGTGTTCCTTTTCTCGTC	1
489	488	6	CTAAGGGTGTTCCTTTTCTCGTCA	1
490	489	6	TAAGGGTGTTCCTTTTCTCGTCAC	1
491	490	6	AAGGGTGTTCCTTTTCTCGTCACC	1
492	491	6	AGGGTGTTCCTTTTCTCGTCACCC	1
493	492	6	GGGTGTTCCTTTTCTCGTCACCCA	1
494	493	5	GGTGTTCCTTTTCTCGTCACCCAT	1
495	494	5	GTGTTCCTTTTCTCGTCACCCATG	1
496	495	5	TGTTCCTTTTCTCGTCACCCATGA	1
497	496	6	GTTCCTTTTCTCGTCACCCATGAT	1
498	497	6	TTCCTTTTCTCGTCACCCATGATG	1
499	498	7	TCCTTTTCTCGTCACCCATGATGG	1
500	499	7	CCTTTTCTCGTCACCCATGATGGA	1
501	500	7	CTTTTCTCGTCACCCATGATGGAC	1
502	501	7	TTTTCTCGTCACCCATGATGGACG	1
503	502	7	TTTCTCGTCACCCATGATGGACGT	1
504	503	7	TTCTCGTCACCCATGATGGACGTA	1
505	504	8	TCTCGTCACCCATGATGGACGTAC	1
506	505	8	CTCGTCACCCATGATGGACGTACT	1
507	506	8	TCGTCACCCATGATGGACGTACTA	1
508	507	8	CGTCACCCATGATGGACGTACTAT	1
509	508	8	GTCACCCATGATGGACGTACTATT	1
510	509	8	TCACCCATGATGGACGTACTATTC	1
511	510	8	CACCCATGATGGACGTACTATTCG	1
512	511	8	ACCCATGATGGACGTACTATTCGT	1
513	512	8	CCCATGATGGACGTACTATTCGTT	1
514	513	5	CCATGATGGACGTACTATTCGTTA	1
515	514	5	CATGATGGACGTACTATTCGTTAT	1
516	515	5	ATGATGGACGTACTATTCGTTATC	1
517	516	5	TGATGGACGTACTATTCGTTATCC	1
518	517	5	GATGGACGTACTATTCGTTATCCC	1
519	518	4	ATGGACGTACTATTCGTTATCCCG	1
520	519	4	TGGACGTACTATTCGTTATCCCGA	1
521	520	5	GGACGTACTATTCGTTATCCCGAT	1
522	521	5	GACGTACTATTCGTTATCCCGATC	1
523	522	5	ACGTACTATTCGTTATCCCGATCC	1
524	523	5	CGTACTATTCGTTATCCCGATCCA	1
525	524	4	GTACTATTCGTTATCCCGATCCAT	1
526	525	7	TACTATTCGTTATCCCGATCCATT	1
527	526	7	ACTATTCGTTATCCCGATCCATTG	1
528	527	7	CTATTCGTTATCCCGATCCATTGA	1
529	528	7	TATTCGTTATCCCGATCCATTGAT	1
530	529	7	ATTCGTTATCCCGATCCATTGATC	1
531	530	7	TTCGTTATCCCGATCCATTGATCA	1
532	531	6	TCGTTATCCCGATCCATTGATCAA	1
533	532	6	CGTTATCCCGATCCATTGATCAAG	1
534	533	6	GTTATCCCGATCCATTGATCAAGG	1
535	534	6	TTATCCCGATCCATTGATCAAGGT	1
536	535	6	TATCCCGATCCATTGATCAAGGTC	1
537	536	6	ATCCCGATCCATTGATCAAGGTCA	1
538	537	6	TCCCGATCCATTGATCAAGGTCAA	1
539	538	6	CCCGATCCATTGATCAAGGTCAAC	1
540	539	6	CCGATCCATTGATCAAGGTCAACG	1
541	540	5	CGATCCATTGATCAAGGTCAACGA	1
542	541	5	GATCCATTGATCAAGGTCAACGAC	1
543	542	5	ATCCATTGATCAAGGTCAACGACA	1
544	543	5	TCCATTGATCAAGGTCAACGACAC	1
545	544	5	CCATTGATCAAGGTCAACGACACC	1
546	545	5	CATTGATCAAGGTCAACGACACCA	1
547	546	5	ATTGATCAAGGTCAACGACACCAT	1
548	547	4	TTGATCAAGGTCAACGACACCATA	1
548	1314	6	TTGATCAAGGTCAACGACACCATA	1
549	-1	0	CAAAAATGGTTCGAGGTCCTAAAA	1
550	549	1	AAAAATGGTTCGAGGTCCTAAAAA	1
551	550	1	AAAATGGTTCGAGGTCCTAAAAAG	1
552	551	1	AAATGGTTCGAGGTCCTAAAAAGC	1
553	552	1	AATGGTTCGAGGTCCTAAAAAGCA	1
554	553	3	ATGGTTCGAGGTCCTAAAAAGCAT	1
555	554	3	TGGTTCGAGGTCCTAAAAAGCATT	1
556	555	3	GGTTCGAGGTCCTAAAAAGCATTT	1
557	556	3	GTTCGAGGTCCTAAAAAGCATTTG	1
558	557	6	TTCGAGGTCCTAAAAAGCATTTGA	1
559	558	6	TCGAGGTCCTAAAAAGCATTTGAA	1
560	559	7	CGAGGTCCTAAAAAGCATTTGAAG	1
561	560	10	GAGGTCCTAAAAAGCATTTGAAGC	1
562	561	10	AGGTCCTAAAAAGCATTTGAAGCG	1
563	562	10	GGTCCTAAAAAGCATTTGAAGCGT	1
564	563	11	GTCCTAAAAAGCATTTGAAGCGTG	1
565	564	11	TCCTAAAAAGCATTTGAAGCGTGT	1
566	565	11	CCTAAAAAGCATTTGAAGCGTGTT	1
567	566	11	CTAAAAAGCATTTGAAGCGTGTTG	1
568	567	13	TAAAAAGCATTTGAAGCGTGTTGC	1
569	568	13	AAAAAGCATTTGAAGCGTGTTGCT	1
570	569	12	AAAAGCATTTGAAGCGTGTTGCTG	1
571	570	11	AAAGCATTTGAAGCGTGTTGCTGC	1
572	571	11	AAGCATTTGAAGCGTGTTGCTGCC	1
573	572	12	AGCATTTGAAGCGTGTTGCTGCCC	1
574	573	12	GCATTTGAAGCGTGTTGCTGCCCC	1
575	574	12	CATTTGAAGCGTGTTGCTGCCCCT	1
576	575	12	ATTTGAAGCGTGTTGCTGCCCCTC	1
577	576	12	TTTGAAGCGTGTTGCTGCCCCTCA	1
578	577	13	TTGAAGCGTGTTGCTGCCCCTCAC	1
579	578	13	TGAAGCGTGTTGCTGCCCCTCACC	1
580	579	13	GAAGCGTGTTGCTGCCCCTCACCA	1
581	580	13	AAGCGTGTTGCTGCCCCTCACCAC	1
582	581	13	AGCGTGTTGCTGCCCCTCACCACT	1
583	582	13	GCGTGTTGCTGCCCCTCACCACTG	1
584	583	13	CGTGTTGCTGCCCCTCACCACTGG	1
585	584	14	GTGTTGCTGCCCCTCACCACTGGC	1
586	585	14	TGTTGCTGCCCCTCACCACTGGCT	1
587	586	14	GTTGCTGCCCCTCACCACTGGCTT	1
588	587	14	TTGCTGCCCCTCACCACTGGCTTT	1
589	588	14	TGCTGCCCCTCACCACTGGCTTTT	1
590	589	14	GCTGCCCCTCACCACTGGCTTTTG	1
591	590	14	CTGCCCCTCACCACTGGCTTTTGG	1
592	591	15	TGCCCCTCACCACTGGCTTTTGGA	1
593	592	15	GCCCCTCACCACTGGCTTTTGGAC	1
594	593	14	CCCCTCACCACTGGCTTTTGGACA	1
595	594	15	CCCTCACCACTGGCTTTTGGACAA	1
596	595	16	CCTCACCACTGGCTTTTGGACAAG	1
597	596	17	CTCACCACTGGCTTTTGGACAAGC	1
598	597	15	TCACCACTGGCTTTTGGACAAGCT	1
599	598	15	CACCACTGGCTTTTGGACAAGCTC	1
600	599	15	ACCACTGGCTTTTGGACAAGCTCT	1
601	600	15	CCACTGGCTTTTGGACAAGCTCTC	1
602	601	12	CACTGGCTTTTGGACAAGCTCTCC	1
603	602	12	ACTGGCTTTTGGACAAGCTCTCCG	1
604	603	11	CTGGCTTTTGGACAAGCTCTCCGG	1
605	604	8	TGGCTTTTGGACAAGCTCTCCGGA	1
606	605	8	GGCTTTTGGACAAGCTCTCCGGAA	1
607	606	8	GCTTTTGGACAAGCTCTCCGGAAC	1
608	607	7	CTTTTGGACAAGCTCTCCGGAACT	1
609	608	8	TTTTGGACAAGCTCTCCGGAACTT	1
610	609	8	TTTGGACAAGCTCTCCGGAACTTA	1
611	610	8	TTGGACAAGCTCTCCGGAACTTAC	1
612	611	6	TGGACAAGCTCTCCGGAACTTACG	1
613	612	6	GGACAAGCTCTCCGGAACTTACGC	1
614	613	6	GACAAGCTCTCCGGAACTTACGCT	1
615	614	6	ACAAGCTCTCCGGAACTTACGCTC	1
616	615	7	CAAGCTCTCCGGAACTTACGCTCC	1
617	616	8	AAGCTCTCCGGAACTTACGCTCCA	1
618	617	8	AGCTCTCCGGAACTTACGCTCCAA	1
619	618	8	GCTCTCCGGAACTTACGCTCCAAA	1
620	619	8	CTCTCCGGAACTTACGCTCCAAAG	1
621	620	8	TCTCCGGAACTTACGCTCCAAAGC	1
622	621	7	CTCCGGAACTTACGCTCCAAAGCC	1
623	622	7	TCCGGAACTTACGCTCCAAAGCCT	1
624	623	7	CCGGAACTTACGCTCCAAAGCCTT	1
625	624	8	CGGAACTTACGCTCCAAAGCCTTC	1
626	625	8	GGAACTTACGCTCCAAAGCCTTCT	1
627	626	8	GAACTTACGCTCCAAAGCCTTCTC	1
628	627	8	AACTTACGCTCCAAAGCCTTCTCC	1
629	628	7	ACTTACGCTCCAAAGCCTTCTCCA	1
630	629	7	CTTACGCTCCAAAGCCTTCTCCAG	1
631	630	7	TTACGCTCCAAAGCCTTCTCCAGG	1
632	631	7	TACGCTCCAAAGCCTTCTCCAGGT	1
633	632	7	ACGCTCCAAAGCCTTCTCCAGGTC	1
634	633	9	CGCTCCAAAGCCTTCTCCAGGTCC	1
635	634	9	GCTCCAAAGCCTTCTCCAGGTCCT	1
636	635	8	CTCCAAAGCCTTCTCCAGGTCCTC	1
637	636	8	TCCAAAGCCTTCTCCAGGTCCTCA	1
638	637	8	CCAAAGCCTTCTCCAGGTCCTCAT	1
639	638	8	CAAAGCCTTCTCCAGGTCCTCATA	1
640	639	8	AAAGCCTTCTCCAGGTCCTCATAA	1
641	640	7	AAGCCTTCTCCAGGTCCTCATAAG	1
642	641	7	AGCCTTCTCCAGGTCCTCATAAGG	1
643	642	7	GCCTTCTCCAGGTCCTCATAAGGC	1
644	643	8	CCTTCTCCAGGTCCTCATAAGGCC	1
645	644	8	CTTCTCCAGGTCCTCATAAGGCCC	1
646	645	9	TTCTCCAGGTCCTCATAAGGCCCG	1
647	646	9	TCTCCAGGTCCTCATAAGGCCCGT	1
648	647	9	CTCCAGGTCCTCATAAGGCCCGTG	1
649	648	9	TCCAGGTCCTCATAAGGCCCGTGA	1
650	649	9	CCAGGTCCTCATAAGGCCCGTGAG	1
651	650	9	CAGGTCCTCATAAGGCCCGTGAGT	1
652	651	9	AGGTCCTCATAAGGCCCGTGAGTG	1
653	652	8	GGTCCTCATAAGGCCCGTGAGTGC	1
654	653	8	GTCCTCATAAGGCCCGTGAGTGCC	1
655	654	8	TCCTCATAAGGCCCGTGAGTGCCT	1
656	655	8	CCTCATAAGGCCCGTGAGTGCCTT	1
657	656	8	CTCATAAGGCCCGTGAGTGCCTTC	1
658	657	8	TCATAAGGCCCGTGAGTGCCTTCC	1
659	658	8	CATAAGGCCCGTGAGTGCCTTCCT	1
660	659	7	ATAAGGCCCGTGAGTGCCTTCCTT	1
661	660	5	TAAGGCCCGTGAGTGCCTTCCTTT	1
662	661	5	AAGGCCCGTGAGTGCCTTCCTTTG	1
663	662	5	AGGCCCGTGAGTGCCTTCCTTTGA	1
664	663	5	GGCCCGTGAGTGCCTTCCTTTGAT	1
665	664	5	GCCCGTGAGTGCCTTCCTTTGATT	1
666	665	5	CCCGTGAGTGCCTTCCTTTGATTG	1
667	666	5	CCGTGAGTGCCTTCCTTTGATTGT	1
668	667	5	CGTGAGTGCCTTCCTTTGATTGTT	1
669	668	4	GTGAGTGCCTTCCTTTGATTGTTT	1
670	669	4	TGAGTGCCTTCCTTTGATTGTTTT	1
671	670	4	GAGTGCCTTCCTTTGATTGTTTTC	1
672	671	4	AGTGCCTTCCTTTGATTGTTTTCT	1
673	672	4	GTGCCTTCCTTTGATTGTTTTCTT	1
674	673	4	TGCCTTCCTTTGATTGTTTTCTTG	1
675	674	4	GCCTTCCTTTGATTGTTTTCTTGC	1
676	675	4	CCTTCCTTTGATTGTTTTCTTGCG	1
677	676	4	CTTCCTTTGATTGTTTTCTTGCGT	1
678	677	4	TTCCTTTGATTGTTTTCTTGCGTA	1
679	678	4	TCCTTTGATTGTTTTCTTGCGTAA	1
680	679	5	CCTTTGATTGTTTTCTTGCGTAAC	1
681	680	5	CTTTGATTGTTTTCTTGCGTAACC	1
682	681	5	TTTGATTGTTTTCTTGCGTAACCG	1
683	682	6	TTGATTGTTTTCTTGCGTAACCGT	1
684	683	5	TGATTGTTTTCTTGCGTAACCGTC	1
685	684	5	GATTGTTTTCTTGCGTAACCGTCT	1
686	685	5	ATTGTTTTCTTGCGTAACCGTCTT	1
687	686	5	TTGTTTTCTTGCGTAACCGTCTTA	1
688	687	4	TGTTTTCTTGCGTAACCGTCTTAA	1
689	688	3	GTTTTCTTGCGTAACCGTCTTAAA	1
690	689	3	TTTTCTTGCGTAACCGTCTTAAAT	1
691	690	3	TTTCTTGCGTAACCGTCTTAAATA	1
692	691	3	TTCTTGCGTAACCGTCTTAAATAT	1
693	692	3	TCTTGCGTAACCGTCTTAAATATG	1
694	693	3	CTTGCGTAACCGTCTTAAATATGC	1
695	694	3	TTGCGTAACCGTCTTAAATATGCT	1
696	695	4	TGCGTAACCGTCTTAAATATGCTT	1
697	696	4	GCGTAACCGTCTTAAATATGCTTT	1
698	697	4	CGTAACCGTCTTAAATATGCTTTG	1
699	698	5	GTAACCGTCTTAAATATGCTTTGA	1
700	699	5	TAACCGTCTTAAATATGCTTTGAA	1
701	700	5	AACCGTCTTAAATATGCTTTGAAC	1
702	701	6	ACCGTCTTAAATATGCTTTGAACG	1
703	1	4	CGTCTTAAATATGCTTTGAACGGA	1
704	703	4	GTCTTAAATATGCTTTGAACGGAC	1
705	704	4	TCTTAAATATGCTTTGAACGGACG	1
706	705	4	CTTAAATATGCTTTGAACGGACGT	1
707	706	4	TTAAATATGCTTTGAACGGACGTG	1
708	707	4	TAAATATGCTTTGAACGGACGTGA	1
709	708	4	AAATATGCTTTGAACGGACGTGAG	1
709	1874	6	AAATATGCTTTGAACGGACGTGAG	1
710	709	10	AATATGCTTTGAACGGACGTGAGG	1
711	710	10	ATATGCTTTGAACGGACGTGAGGT	1
712	711	10	TATGCTTTGAACGGACGTGAGGTT	1
713	712	11	ATGCTTTGAACGGACGTGAGGTTA	1
714	713	11	TGCTTTGAACGGACGTGAGGTTAA	1
715	714	11	GCTTTGAACGGACGTGAGGTTAAG	1
716	715	11	CTTTGAACGGACGTGAGGTTAAGG	1
717	716	12	TTTGAACGGACGTGAGGTTAAGGC	1
718	717	7	TTGAACGGACGTGAGGTTAAGGCT	1
719	718	7	TGAACGGACGTGAGGTTAAGGCTA	1
720	719	7	GAACGGACGTGAGGTTAAGGCTAT	1
721	720	6	AACGGACGTGAGGTTAAGGCTATC	1
722	721	7	ACGGACGTGAGGTTAAGGCTATCC	1
723	722	7	CGGACGTGAGGTTAAGGCTATCCT	1
724	723	7	GGACGTGAGGTTAAGGCTATCCTT	1
725	724	7	GACGTGAGGTTAAGGCTATCCTTA	1
726	725	6	ACGTGAGGTTAAGGCTATCCTTAT	1
727	726	6	CGTGAGGTTAAGGCTATCCTTATG	1
728	727	7	GTGAGGTTAAGGCTATCCTTATGC	1
729	728	7	TGAGGTTAAGGCTATCCTTATGCA	1
730	729	7	GAGGTTAAGGCTATCCTTATGCAA	1
731	730	7	AGGTTAAGGCTATCCTTATGCAAC	1
732	731	7	GGTTAAGGCTATCCTTATGCAACG	1
733	732	9	GTTAAGGCTATCCTTATGCAACGT	1
734	733	9	TTAAGGCTATCCTTATGCAACGTC	1
735	734	9	TAAGGCTATCCTTATGCAACGTCT	1
736	735	9	AAGGCTATCCTTATGCAACGTCTC	1
737	736	9	AGGCTATCCTTATGCAACGTCTCA	1
738	737	9	GGCTATCCTTATGCAACGTCTCAT	1
739	738	8	GCTATCCTTATGCAACGTCTCATT	1
740	739	9	CTATCCTTATGCAACGTCTCATTA	1
741	740	9	TATCCTTATGCAACGTCTCATTAA	1
742	741	10	ATCCTTATGCAACGTCTCATTAAG	1
743	742	9	TCCTTATGCAACGTCTCATTAAGG	1
744	743	9	CCTTATGCAACGTCTCATTAAGGT	1
745	744	9	CTTATGCAACGTCTCATTAAGGTA	1
746	745	9	TTATGCAACGTCTCATTAAGGTAG	1
747	746	9	TATGCAACGTCTCATTAAGGTAGA	1
748	747	9	ATGCAACGTCTCATTAAGGTAGAT	1
749	748	9	TGCAACGTCTCATTAAGGTAGATG	1
750	749	9	GCAACGTCTCATTAAGGTAGATGG	1
751	750	9	CAACGTCTCATTAAGGTAGATGGA	1
752	751	9	AACGTCTCATTAAGGTAGATGGAA	1
753	752	9	ACGTCTCATTAAGGTAGATGGAAA	1
754	753	9	CGTCTCATTAAGGTAGATGGAAAG	1
755	754	9	GTCTCATTAAGGTAGATGGAAAGG	1
756	755	9	TCTCATTAAGGTAGATGGAAAGGT	1
757	756	8	CTCATTAAGGTAGATGGAAAGGTT	1
758	757	8	TCATTAAGGTAGATGGAAAGGTTC	1
759	758	8	CATTAAGGTAGATGGAAAGGTTCG	1
760	759	8	ATTAAGGTAGATGGAAAGGTTCGT	1
761	760	7	TTAAGGTAGATGGAAAGGTTCGTA	1
762	761	6	TAAGGTAGATGGAAAGGTTCGTAC	1
763	762	6	AAGGTAGATGGAAAGGTTCGTACC	1
764	763	5	AGGTAGATGGAAAGGTTCGTACCG	1
765	764	4	GGTAGATGGAAAGGTTCGTACCGA	1
766	765	4	GTAGATGGAAAGGTTCGTACCGAC	1
767	766	3	TAGATGGAAAGGTTCGTACCGACT	1
768	767	3	AGATGGAAAGGTTCGTACCGACTC	1
769	768	3	GATGGAAAGGTTCGTACCGACTCT	1
770	769	3	ATGGAAAGGTTCGTACCGACTCTA	1
771	770	3	TGGAAAGGTTCGTACCGACTCTAC	1
772	771	3	GGAAAGGTTCGTACCGACTCTACT	1
773	772	3	GAAAGGTTCGTACCGACTCTACTT	1
774	773	3	AAAGGTTCGTACCGACTCTACTTT	1
775	774	4	AAGGTTCGTACCGACTCTACTTTC	1
776	775	4	AGGTTCGTACCGACTCTACTTTCC	1
777	776	3	GGTTCGTACCGACTCTACTTTCCC	1
778	777	3	GTTCGTACCGACTCTACTTTCCCT	1
779	778	3	TTCGTACCGACTCTACTTTCCCTA	1
780	779	3	TCGTACCGACTCTACTTTCCCTAC	1
781	780	3	CGTACCGACTCTACTTTCCCTACC	1
782	781	3	GTACCGACTCTACTTTCCCTACCG	1
783	782	3	TACCGACTCTACTTTCCCTACCGG	1
784	783	2	ACCGACTCTACTTTCCCTACCGGC	1
785	784	2	CCGACTCTACTTTCCCTACCGGCT	1
786	785	2	CGACTCTACTTTCCCTACCGGCTT	1
787	786	3	GACTCTACTTTCCCTACCGGCTTT	1
788	787	3	ACTCTACTTTCCCTACCGGCTTTA	1
789	788	3	CTCTACTTTCCCTACCGGCTTTAT	1
790	789	4	TCTACTTTCCCTACCGGCTTTATG	1
791	790	4	CTACTTTCCCTACCGGCTTTATGG	1
792	791	4	TACTTTCCCTACCGGCTTTATGGA	1
793	792	4	ACTTTCCCTACCGGCTTTATGGAT	1
794	793	4	CTTTCCCTACCGGCTTTATGGATG	1
795	794	5	TTTCCCTACCGGCTTTATGGATGT	1
796	795	5	TTCCCTACCGGCTTTATGGATGTG	1
797	796	5	TCCCTACCGGCTTTATGGATGTGA	1
798	797	5	CCCTACCGGCTTTATGGATGTGAT	1
799	798	5	CCTACCGGCTTTATGGATGTGATC	1
800	799	5	CTACCGGCTTTATGGATGTGATCT	1
801	800	5	TACCGGCTTTATGGATGTGATCTC	1
802	801	5	ACCGGCTTTATGGATGTGATCTCC	1
803	802	5	CCGGCTTTATGGATGTGATCTCCG	1
804	803	6	CGGCTTTATGGATGTGATCTCCGT	1
805	804	8	GGCTTTATGGATGTGATCTCCGTT	1
806	805	8	GCTTTATGGATGTGATCTCCGTTG	1
807	806	8	CTTTATGGATGTGATCTCCGTTGA	1
808	807	8	TTTATGGATGTGATCTCCGTTGAA	1
809	808	8	TTATGGATGTGATCTCCGTTGAAA	1
810	809	8	TATGGATGTGATCTCCGTTGAAAA	1
811	810	8	ATGGATGTGATCTCCGTTGAAAAG	1
812	811	8	TGGATGTGATCTCCGTTGAAAAGA	1
813	812	8	GGATGTGATCTCCGTTGAAAAGAC	1
814	813	8	GATGTGATCTCCGTTGAAAAGACT	1
815	814	7	ATGTGATCTCCGTTGAAAAGACTG	1
816	815	8	TGTGATCTCCGTTGAAAAGACTGG	1
817	816	8	GTGATCTCCGTTGAAAAGACTGGT	1
818	817	7	TGATCTCCGTTGAAAAGACTGGTG	1
819	818	7	GATCTCCGTTGAAAAGACTGGTGA	1
820	819	7	ATCTCCGTTGAAAAGACTGGTGAG	1
821	820	8	TCTCCGTTGAAAAGACTGGTGAGC	1
822	821	9	CTCCGTTGAAAAGACTGGTGAGCA	1
823	822	9	TCCGTTGAAAAGACTGGTGAGCAC	1
824	823	10	CCGTTGAAAAGACTGGTGAGCACT	1
825	824	12	CGTTGAAAAGACTGGTGAGCACTT	1
826	825	13	GTTGAAAAGACTGGTGAGCACTTC	1
827	826	13	TTGAAAAGACTGGTGAGCACTTCC	1
828	827	13	TGAAAAGACTGGTGAGCACTTCCG	1
829	828	13	GAAAAGACTGGTGAGCACTTCCGC	1
830	829	13	AAAAGACTGGTGAGCACTTCCGCC	1
831	830	12	AAAGACTGGTGAGCACTTCCGCCT	1
832	831	12	AAGACTGGTGAGCACTTCCGCCTT	1
833	832	12	AGACTGGTGAGCACTTCCGCCTTG	1
834	833	11	GACTGGTGAGCACTTCCGCCTTGT	1
835	834	12	ACTGGTGAGCACTTCCGCCTTGTC	1
836	835	12	CTGGTGAGCACTTCCGCCTTGTCT	1
837	836	12	TGGTGAGCACTTCCGCCTTGTCTA	1
838	837	12	GGTGAGCACTTCCGCCTTGTCTAT	1
839	838	11	GTGAGCACTTCCGCCTTGTCTATG	1
840	839	11	TGAGCACTTCCGCCTTGTCTATGA	1
841	840	11	GAGCACTTCCGCCTTGTCTATGAC	1
842	841	11	AGCACTTCCGCCTTGTCTATGACA	1
843	842	11	GCACTTCCGCCTTGTCTATGACAT	1
844	843	11	CACTTCCGCCTTGTCTATGACATT	1
845	844	11	ACTTCCGCCTTGTCTATGACATTA	1
846	845	11	CTTCCGCCTTGTCTATGACATTAA	1
847	846	11	TTCCGCCTTGTCTATGACATTAAG	1
848	847	10	TCCGCCTTGTCTATGACATTAAGG	1
849	848	8	CCGCCTTGTCTATGACATTAAGGG	1
850	849	8	CGCCTTGTCTATGACATTAAGGGC	1
851	850	8	GCCTTGTCTATGACATTAAGGGCC	1
852	851	8	CCTTGTCTATGACATTAAGGGCCG	1
853	852	8	CTTGTCTATGACATTAAGGGCCGT	1
854	853	8	TTGTCTATGACATTAAGGGCCGTT	1
855	854	8	TGTCTATGACATTAAGGGCCGTTT	1
856	855	9	GTCTATGACATTAAGGGCCGTTTC	1
857	856	10	TCTATGACATTAAGGGCCGTTTCA	1
858	857	10	CTATGACATTAAGGGCCGTTTCAC	1
859	858	11	TATGACATTAAGGGCCGTTTCACT	1
860	859	9	ATGACATTAAGGGCCGTTTCACTG	1
861	860	10	TGACATTAAGGGCCGTTTCACTGT	1
862	861	10	GACATTAAGGGCCGTTTCACTGTC	1
863	862	10	ACATTAAGGGCCGTTTCACTGTCC	1
864	863	10	CATTAAGGGCCGTTTCACTGTCCA	1
865	864	9	ATTAAGGGCCGTTTCACTGTCCAC	1
866	865	8	TTAAGGGCCGTTTCACTGTCCACC	1
867	866	8	TAAGGGCCGTTTCACTGTCCACCG	1
868	867	6	AAGGGCCGTTTCACTGTCCACCGT	1
869	868	5	AGGGCCGTTTCACTGTCCACCGTA	1
870	869	4	GGGCCGTTTCACTGTCCACCGTAT	1
871	870	4	GGCCGTTTCACTGTCCACCGTATT	1
872	871	4	GCCGTTTCACTGTCCACCGTATTA	1
873	872	4	CCGTTTCACTGTCCACCGTATTAC	1
874	873	4	CGTTTCACTGTCCACCGTATTACT	1
875	874	4	GTTTCACTGTCCACCGTATTACTG	1
876	875	4	TTTCACTGTCCACCGTATTACTGC	1
877	876	5	TTCACTGTCCACCGTATTACTGCT	1
878	877	5	TCACTGTCCACCGTATTACTGCTG	1
879	878	4	CACTGTCCACCGTATTACTGCTGA	1
880	879	4	ACTGTCCACCGTATTACTGCTGAA	1
881	880	4	CTGTCCACCGTATTACTGCTGAAG	1
882	881	4	TGTCCACCGTATTACTGCTGAAGA	1
883	882	4	GTCCACCGTATTACTGCTGAAGAG	1
884	883	4	TCCACCGTATTACTGCTGAAGAGG	1
885	884	4	CCACCGTATTACTGCTGAAGAGGC	1
886	885	4	CACCGTATTACTGCTGAAGAGGCT	1
887	886	4	ACCGTATTACTGCTGAAGAGGCTA	1
888	887	4	CCGTATTACTGCTGAAGAGGCTAA	1
889	1205	6	CGTATTACTGCTGAAGAGGCTAAA	1
889	888	4	CGTATTACTGCTGAAGAGGCTAAA	1
890	889	10	GTATTACTGCTGAAGAGGCTAAAT	1
891	890	10	TATTACTGCTGAAGAGGCTAAATA	1
892	891	8	ATTACTGCTGAAGAGGCTAAATAC	1
893	892	8	TTACTGCTGAAGAGGCTAAATACA	1
894	893	8	TACTGCTGAAGAGGCTAAATACAA	1
895	894	8	ACTGCTGAAGAGGCTAAATACAAG	1
896	895	8	CTGCTGAAGAGGCTAAATACAAGC	1
897	896	8	TGCTGAAGAGGCTAAATACAAGCT	1
898	897	9	GCTGAAGAGGCTAAATACAAGCTT	1
899	898	9	CTGAAGAGGCTAAATACAAGCTTT	1
900	899	9	TGAAGAGGCTAAATACAAGCTTTG	1
901	900	8	GAAGAGGCTAAATACAAGCTTTGC	1
902	901	8	AAGAGGCTAAATACAAGCTTTGCA	1
903	442	6	GAGGCTAAATACAAGCTTTGCAAA	1
904	903	6	AGGCTAAATACAAGCTTTGCAAAG	1
905	904	5	GGCTAAATACAAGCTTTGCAAAGT	1
906	905	5	GCTAAATACAAGCTTTGCAAAGTT	1
907	906	5	CTAAATACAAGCTTTGCAAAGTTA	1
908	907	6	TAAATACAAGCTTTGCAAAGTTAA	1
909	908	6	AAATACAAGCTTTGCAAAGTTAAG	1
910	909	6	AATACAAGCTTTGCAAAGTTAAGC	1
911	910	6	ATACAAGCTTTGCAAAGTTAAGCG	1
912	911	6	TACAAGCTTTGCAAAGTTAAGCGT	1
913	912	6	ACAAGCTTTGCAAAGTTAAGCGTG	1
914	913	6	CAAGCTTTGCAAAGTTAAGCGTGT	1
915	914	5	AAGCTTTGCAAAGTTAAGCGTGTT	1
916	915	5	AGCTTTGCAAAGTTAAGCGTGTTC	1
917	916	5	GCTTTGCAAAGTTAAGCGTGTTCA	1
918	917	4	CTTTGCAAAGTTAAGCGTGTTCAA	1
919	918	5	TTTGCAAAGTTAAGCGTGTTCAAT	1
920	919	5	TTGCAAAGTTAAGCGTGTTCAATT	1
921	920	5	TGCAAAGTTAAGCGTGTTCAATTA	1
922	921	5	GCAAAGTTAAGCGTGTTCAATTAG	1
923	922	4	CAAAGTTAAGCGTGTTCAATTAGG	1
924	923	3	AAAGTTAAGCGTGTTCAATTAGGA	1
925	924	3	AAGTTAAGCGTGTTCAATTAGGAG	1
926	925	3	AGTTAAGCGTGTTCAATTAGGAGC	1
927	926	3	GTTAAGCGTGTTCAATTAGGAGCT	1
928	927	3	TTAAGCGTGTTCAATTAGGAGCTA	1
929	928	3	TAAGCGTGTTCAATTAGGAGCTAA	1
930	929	3	AAGCGTGTTCAATTAGGAGCTAAG	1
931	930	3	AGCGTGTTCAATTAGGAGCTAAGG	1
932	931	3	GCGTGTTCAATTAGGAGCTAAGGG	1
933	932	3	CGTGTTCAATTAGGAGCTAAGGGC	1
934	933	4	GTGTTCAATTAGGAGCTAAGGGCG	1
935	934	5	TGTTCAATTAGGAGCTAAGGGCGT	1
936	935	5	GTTCAATTAGGAGCTAAGGGCGTC	1
937	936	5	TTCAATTAGGAGCTAAGGGCGTCC	1
938	937	5	TCAATTAGGAGCTAAGGGCGTCCC	1
939	938	5	CAATTAGGAGCTAAGGGCGTCCCT	1
940	939	5	AATTAGGAGCTAAGGGCGTCCCTT	1
941	940	4	ATTAGGAGCTAAGGGCGTCCCTTT	1
942	941	4	TTAGGAGCTAAGGGCGTCCCTTTC	1
943	942	4	TAGGAGCTAAGGGCGTCCCTTTCC	1
944	943	4	AGGAGCTAAGGGCGTCCCTTTCCT	1
945	944	4	GGAGCTAAGGGCGTCCCTTTCCTT	1
946	945	4	GAGCTAAGGGCGTCCCTTTCCTTG	1
947	946	4	AGCTAAGGGCGTCCCTTTCCTTGT	1
948	947	4	GCTAAGGGCGTCCCTTTCCTTGTC	1
949	948	4	CTAAGGGCGTCCCTTTCCTTGTCA	1
950	949	4	TAAGGGCGTCCCTTTCCTTGTCAC	1
951	950	4	AAGGGCGTCCCTTTCCTTGTCACT	1
952	951	3	AGGGCGTCCCTTTCCTTGTCACTC	1
953	952	3	GGGCGTCCCTTTCCTTGTCACTCA	1
954	953	3	GGCGTCCCTTTCCTTGTCACTCAT	1
955	954	3	GCGTCCCTTTCCTTGTCACTCATG	1
956	955	3	CGTCCCTTTCCTTGTCACTCATGA	1
957	956	3	GTCCCTTTCCTTGTCACTCATGAT	1
958	957	3	TCCCTTTCCTTGTCACTCATGATG	1
959	958	3	CCCTTTCCTTGTCACTCATGATGG	1
960	959	3	CCTTTCCTTGTCACTCATGATGGA	1
961	960	3	CTTTCCTTGTCACTCATGATGGAC	1
962	961	3	TTTCCTTGTCACTCATGATGGACG	1
963	962	2	TTCCTTGTCACTCATGATGGACGT	1
964	963	2	TCCTTGTCACTCATGATGGACGTA	1
965	964	2	CCTTGTCACTCATGATGGACGTAC	1
966	965	2	CTTGTCACTCATGATGGACGTACT	1
967	966	2	TTGTCACTCATGATGGACGTACTA	1
968	967	2	TGTCACTCATGATGGACGTACTAT	1
969	968	2	GTCACTCATGATGGACGTACTATC	1
970	969	2	TCACTCATGATGGACGTACTATCC	1
971	970	2	CACTCATGATGGACGTACTATCCG	1
972	971	2	ACTCATGATGGACGTACTATCCGT	1
973	972	2	CTCATGATGGACGTACTATCCGTT	1
974	973	2	TCATGATGGACGTACTATCCGTTA	1
975	974	2	CATGATGGACGTACTATCCGTTAT	1
976	975	2	ATGATGGACGTACTATCCGTTATC	1
977	976	2	TGATGGACGTACTATCCGTTATCC	1
978	977	1	GATGGACGTACTATCCGTTATCCG	1
979	-1	0	GTCGTTTTGGTACCATTGTTCATC	1
980	979	1	TCGTTTTGGTACCATTGTTCATCG	1
981	980	1	CGTTTTGGTACCATTGTTCATCGT	1
982	981	1	GTTTTGGTACCATTGTTCATCGTG	1
983	982	1	TTTTGGTACCATTGTTCATCGTGA	1
984	983	1	TTTGGTACCATTGTTCATCGTGAG	1
985	984	1	TTGGTACCATTGTTCATCGTGAGC	1
986	985	1	TGGTACCATTGTTCATCGTGAGCA	1
987	986	1	GGTACCATTGTTCATCGTGAGCAT	1
988	987	1	GTACCATTGTTCATCGTGAGCATC	1
989	988	1	TACCATTGTTCATCGTGAGCATCA	1
990	989	1	ACCATTGTTCATCGTGAGCATCAT	1
991	990	1	CCATTGTTCATCGTGAGCATCATC	1
992	991	1	CATTGTTCATCGTGAGCATCATCT	1
993	992	1	ATTGTTCATCGTGAGCATCATCTT	1
994	993	2	TTGTTCATCGTGAGCATCATCTTG	1
995	994	2	TGTTCATCGTGAGCATCATCTTGG	1
996	995	2	GTTCATCGTGAGCATCATCTTGGC	1
997	996	2	TTCATCGTGAGCATCATCTTGGCT	1
998	997	2	TCATCGTGAGCATCATCTTGGCTC	1
999	998	2	CATCGTGAGCATCATCTTGGCTCT	1
1000	999	2	ATCGTGAGCATCATCTTGGCTCTT	1
1001	1000	3	TCGTGAGCATCATCTTGGCTCTTT	1
1002	1001	4	CGTGAGCATCATCTTGGCTCTTTT	1
1003	1002	5	GTGAGCATCATCTTGGCTCTTTTG	1
1004	1003	5	TGAGCATCATCTTGGCTCTTTTGA	1
1005	1004	5	GAGCATCATCTTGGCTCTTTTGAA	1
1006	1005	5	AGCATCATCTTGGCTCTTTTGAAA	1
1007	1006	6	GCATCATCTTGGCTCTTTTGAAAT	1
1008	1007	7	CATCATCTTGGCTCTTTTGAAATT	1
1009	1008	7	ATCATCTTGGCTCTTTTGAAATTA	1
1010	1009	7	TCATCTTGGCTCTTTTGAAATTAT	1
1011	1010	7	CATCTTGGCTCTTTTGAAATTATT	1
1012	1011	7	ATCTTGGCTCTTTTGAAATTATTC	1
1013	1012	7	TCTTGGCTCTTTTGAAATTATTCA	1
1014	1013	7	CTTGGCTCTTTTGAAATTATTCAC	1
1015	1014	7	TTGGCTCTTTTGAAATTATTCACG	1
1016	1015	6	TGGCTCTTTTGAAATTATTCACGT	1
1017	1016	6	GGCTCTTTTGAAATTATTCACGTT	1
1018	1017	6	GCTCTTTTGAAATTATTCACGTTA	1
1019	1018	6	CTCTTTTGAAATTATTCACGTTAA	1
1020	1019	6	TCTTTTGAAATTATTCACGTTAAG	1
1021	1020	6	CTTTTGAAATTATTCACGTTAAGG	1
1022	1021	6	TTTTGAAATTATTCACGTTAAGGA	1
1023	1022	6	TTTGAAATTATTCACGTTAAGGAT	1
1024	1023	6	TTGAAATTATTCACGTTAAGGATG	1
1025	1024	6	TGAAATTATTCACGTTAAGGATGC	1
1026	1025	6	GAAATTATTCACGTTAAGGATGCT	1
1027	1026	6	AAATTATTCACGTTAAGGATGCTT	1
1028	1027	6	AATTATTCACGTTAAGGATGCTTT	1
1029	1028	6	ATTATTCACGTTAAGGATGCTTTG	1
1030	1029	6	TTATTCACGTTAAGGATGCTTTGG	1
1031	1030	6	TATTCACGTTAAGGATGCTTTGGA	1
1032	1031	6	ATTCACGTTAAGGATGCTTTGGAT	1
1033	1032	6	TTCACGTTAAGGATGCTTTGGATC	1
1034	1033	6	TCACGTTAAGGATGCTTTGGATCG	1
1035	1034	6	CACGTTAAGGATGCTTTGGATCGT	1
1036	1035	6	ACGTTAAGGATGCTTTGGATCGTG	1
1037	1036	6	CGTTAAGGATGCTTTGGATCGTGA	1
1038	1037	5	GTTAAGGATGCTTTGGATCGTGAG	1
1039	1038	5	TTAAGGATGCTTTGGATCGTGAGT	1
1040	1039	5	TAAGGATGCTTTGGATCGTGAGTT	1
1041	1040	5	AAGGATGCTTTGGATCGTGAGTTT	1
1042	1041	5	AGGATGCTTTGGATCGTGAGTTTG	1
1043	1042	4	GGATGCTTTGGATCGTGAGTTTGC	1
1044	1043	4	GATGCTTTGGATCGTGAGTTTGCT	1
1045	1044	3	ATGCTTTGGATCGTGAGTTTGCTA	1
1046	1045	2	TGCTTTGGATCGTGAGTTTGCTAC	1
1047	1046	1	GCTTTGGATCGTGAGTTTGCTACC	1
1048	1047	1	CTTTGGATCGTGAGTTTGCTACCC	1
1049	1048	1	TTTGGATCGTGAGTTTGCTACCCG	1
1050	1049	1	TTGGATCGTGAGTTTGCTACCCGA	1
1051	1050	1	TGGATCGTGAGTTTGCTACCCGAC	1
1052	1236	5	TAACATGGGACGTGTTGGTACCAT	1
1053	1052	1	AACATGGGACGTGTTGGTACCATC	1
1054	1053	1	ACATGGGACGTGTTGGTACCATCG	1
1055	1054	1	CATGGGACGTGTTGGTACCATCGT	1
1056	1055	1	ATGGGACGTGTTGGTACCATCGTT	1
1057	1056	1	TGGGACGTGTTGGTACCATCGTTC	1
1058	1057	1	GGGACGTGTTGGTACCATCGTTCA	1
1059	1058	1	GGACGTGTTGGTACCATCGTTCAT	1
1060	1059	1	GACGTGTTGGTACCATCGTTCATC	1
1061	1060	1	ACGTGTTGGTACCATCGTTCATCG	1
1062	1061	1	CGTGTTGGTACCATCGTTCATCGT	1
1063	1062	1	GTGTTGGTACCATCGTTCATCGTG	1
1064	1063	1	TGTTGGTACCATCGTTCATCGTGA	1
1065	1064	1	GTTGGTACCATCGTTCATCGTGAG	1
1066	1065	1	TTGGTACCATCGTTCATCGTGAGC	1
1067	1066	1	TGGTACCATCGTTCATCGTGAGCA	1
1068	1067	1	GGTACCATCGTTCATCGTGAGCAC	1
1069	1068	1	GTACCATCGTTCATCGTGAGCACC	1
1070	1069	1	TACCATCGTTCATCGTGAGCACCA	1
1071	1070	1	ACCATCGTTCATCGTGAGCACCAT	1
1072	1071	1	CCATCGTTCATCGTGAGCACCATC	1
1073	1072	2	CATCGTTCATCGTGAGCACCATCT	1
1074	1073	3	ATCGTTCATCGTGAGCACCATCTT	1
1075	1074	3	TCGTTCATCGTGAGCACCATCTTG	1
1076	1075	2	CGTTCATCGTGAGCACCATCTTGG	1
1077	1076	1	GTTCATCGTGAGCACCATCTTGGT	1
1078	1077	1	TTCATCGTGAGCACCATCTTGGTT	1
1079	1078	1	TCATCGTGAGCACCATCTTGGTTC	1
1080	1079	1	CATCGTGAGCACCATCTTGGTTCT	1
1081	1080	1	ATCGTGAGCACCATCTTGGTTCTT	1
1082	1081	1	TCGTGAGCACCATCTTGGTTCTTT	1
1083	1082	1	CGTGAGCACCATCTTGGTTCTTTT	1
1084	1083	1	GTGAGCACCATCTTGGTTCTTTTG	1
1085	1084	1	TGAGCACCATCTTGGTTCTTTTGA	1
1086	1085	1	GAGCACCATCTTGGTTCTTTTGAA	1
1087	1086	2	AGCACCATCTTGGTTCTTTTGAAA	1
1088	1087	2	GCACCATCTTGGTTCTTTTGAAAT	1
1089	1088	2	CACCATCTTGGTTCTTTTGAAATC	1
1090	1089	2	ACCATCTTGGTTCTTTTGAAATCA	1
1091	1090	2	CCATCTTGGTTCTTTTGAAATCAT	1
1092	1091	2	CATCTTGGTTCTTTTGAAATCATC	1
1093	1092	2	ATCTTGGTTCTTTTGAAATCATCC	1
1094	1093	2	TCTTGGTTCTTTTGAAATCATCCA	1
1095	1094	2	CTTGGTTCTTTTGAAATCATCCAT	1
1096	1095	2	TTGGTTCTTTTGAAATCATCCATG	1
1097	1096	2	TGGTTCTTTTGAAATCATCCATGT	1
1098	1097	2	GGTTCTTTTGAAATCATCCATGTT	1
1099	1098	2	GTTCTTTTGAAATCATCCATGTTA	1
1100	1099	2	TTCTTTTGAAATCATCCATGTTAA	1
1101	1100	2	TCTTTTGAAATCATCCATGTTAAG	1
1102	1101	2	CTTTTGAAATCATCCATGTTAAGG	1
1103	1102	2	TTTTGAAATCATCCATGTTAAGGA	1
1104	1103	1	TTTGAAATCATCCATGTTAAGGAT	1
1105	1104	1	TTGAAATCATCCATGTTAAGGATG	1
1106	1105	1	TGAAATCATCCATGTTAAGGATGC	1
1107	1106	1	GAAATCATCCATGTTAAGGATGCC	1
1108	1107	1	AAATCATCCATGTTAAGGATGCCT	1
1109	1108	1	AATCATCCATGTTAAGGATGCCTT	1
1110	1109	1	ATCATCCATGTTAAGGATGCCTTG	1
1111	1110	2	TCATCCATGTTAAGGATGCCTTGG	1
1112	1111	2	CATCCATGTTAAGGATGCCTTGGA	1
1113	1112	2	ATCCATGTTAAGGATGCCTTGGAC	1
1114	1113	2	TCCATGTTAAGGATGCCTTGGACC	1
1115	1114	2	CCATGTTAAGGATGCCTTGGACCG	1
1116	1115	3	CATGTTAAGGATGCCTTGGACCGT	1
1117	1116	3	ATGTTAAGGATGCCTTGGACCGTG	1
1118	1117	2	TGTTAAGGATGCCTTGGACCGTGA	1
1119	1118	2	GTTAAGGATGCCTTGGACCGTGAA	1
1120	1119	2	TTAAGGATGCCTTGGACCGTGAAT	1
1121	1120	2	TAAGGATGCCTTGGACCGTGAATT	1
1122	1121	3	AAGGATGCCTTGGACCGTGAATTT	1
1123	1122	3	AGGATGCCTTGGACCGTGAATTTG	1
1124	1123	3	GGATGCCTTGGACCGTGAATTTGC	1
1125	1124	3	GATGCCTTGGACCGTGAATTTGCT	1
1126	1125	3	ATGCCTTGGACCGTGAATTTGCTA	1
1127	1126	3	TGCCTTGGACCGTGAATTTGCTAC	1
1128	1127	3	GCCTTGGACCGTGAATTTGCTACT	1
1129	1128	4	CCTTGGACCGTGAATTTGCTACTC	1
1130	1129	4	CTTGGACCGTGAATTTGCTACTCG	1
1131	1130	4	TTGGACCGTGAATTTGCTACTCGT	1
1132	1131	4	TGGACCGTGAATTTGCTACTCGTC	1
1133	1132	4	GGACCGTGAATTTGCTACTCGTCT	1
1134	1133	4	GACCGTGAATTTGCTACTCGTCTT	1
1135	1134	4	ACCGTGAATTTGCTACTCGTCTTT	1
1136	1135	4	CCGTGAATTTGCTACTCGTCTTTC	1
1137	1136	4	CGTGAATTTGCTACTCGTCTTTCA	1
1138	1137	4	GTGAATTTGCTACTCGTCTTTCAA	1
1139	1138	4	TGAATTTGCTACTCGTCTTTCAAA	1
1140	1139	4	GAATTTGCTACTCGTCTTTCAAAC	1
1141	1140	4	AATTTGCTACTCGTCTTTCAAACG	1
1142	1141	4	ATTTGCTACTCGTCTTTCAAACGT	1
1143	1142	4	TTTGCTACTCGTCTTTCAAACGTT	1
1144	1143	4	TTGCTACTCGTCTTTCAAACGTTT	1
1145	1144	4	TGCTACTCGTCTTTCAAACGTTTT	1
1146	1145	4	GCTACTCGTCTTTCAAACGTTTTC	1
1147	1146	4	CTACTCGTCTTTCAAACGTTTTCG	1
1148	1147	4	TACTCGTCTTTCAAACGTTTTCGT	1
1149	1148	4	ACTCGTCTTTCAAACGTTTTCGTT	1
1150	1149	4	CTCGTCTTTCAAACGTTTTCGTTA	1
1151	1150	4	TCGTCTTTCAAACGTTTTCGTTAT	1
1152	1151	4	CGTCTTTCAAACGTTTTCGTTATT	1
1153	1152	4	GTCTTTCAAACGTTTTCGTTATTG	1
1154	1153	4	TCTTTCAAACGTTTTCGTTATTGG	1
1155	1154	3	CTTTCAAACGTTTTCGTTATTGGT	1
1156	1155	3	TTTCAAACGTTTTCGTTATTGGTG	1
1157	1156	3	TTCAAACGTTTTCGTTATTGGTGA	1
1158	1157	3	TCAAACGTTTTCGTTATTGGTGAG	1
1159	1158	3	CAAACGTTTTCGTTATTGGTGAGA	1
1160	1159	2	AAACGTTTTCGTTATTGGTGAGAC	1
1161	1160	2	AACGTTTTCGTTATTGGTGAGACT	1
1162	1161	2	ACGTTTTCGTTATTGGTGAGACTG	1
1163	1162	2	CGTTTTCGTTATTGGTGAGACTGG	1
1164	1163	2	GTTTTCGTTATTGGTGAGACTGGT	1
1165	1164	2	TTTTCGTTATTGGTGAGACTGGTA	1
1166	1165	1	TTTCGTTATTGGTGAGACTGGTAA	1
1167	1166	1	TTCGTTATTGGTGAGACTGGTAAG	1
1168	1167	1	TCGTTATTGGTGAGACTGGTAAGA	1
1169	1168	1	CGTTATTGGTGAGACTGGTAAGAG	1
1170	1169	1	GTTATTGGTGAGACTGGTAAGAGC	1
1171	1170	1	TTATTGGTGAGACTGGTAAGAGCT	1
1172	1171	1	TATTGGTGAGACTGGTAAGAGCTG	1
1173	154	1	GTCTACGACATCAAGGGCCGCTTT	1
1174	1173	1	TCTACGACATCAAGGGCCGCTTTA	1
1175	1174	1	CTACGACATCAAGGGCCGCTTTAC	1
1176	1175	2	TACGACATCAAGGGCCGCTTTACT	1
1177	1176	2	ACGACATCAAGGGCCGCTTTACTG	1
1178	1177	2	CGACATCAAGGGCCGCTTTACTGT	1
1179	1178	3	GACATCAAGGGCCGCTTTACTGTT	1
1180	1179	3	ACATCAAGGGCCGCTTTACTGTTC	1
1181	1180	3	CATCAAGGGCCGCTTTACTGTTCA	1
1182	1181	3	ATCAAGGGCCGCTTTACTGTTCAT	1
1183	1182	3	TCAAGGGCCGCTTTACTGTTCATC	1
1184	1183	3	CAAGGGCCGCTTTACTGTTCATCG	1
1185	1184	3	AAGGGCCGCTTTACTGTTCATCGT	1
1186	1185	3	AGGGCCGCTTTACTGTTCATCGTA	1
1187	1186	3	GGGCCGCTTTACTGTTCATCGTAT	1
1188	1187	3	GGCCGCTTTACTGTTCATCGTATT	1
1189	1188	4	GCCGCTTTACTGTTCATCGTATTA	1
1190	1189	4	CCGCTTTACTGTTCATCGTATTAC	1
1191	1190	4	CGCTTTACTGTTCATCGTATTACT	1
1192	1191	5	GCTTTACTGTTCATCGTATTACTG	1
1193	1192	5	CTTTACTGTTCATCGTATTACTGC	1
1194	1193	5	TTTACTGTTCATCGTATTACTGCT	1
1195	1194	5	TTACTGTTCATCGTATTACTGCTG	1
1196	1195	5	TACTGTTCATCGTATTACTGCTGA	1
1197	1196	5	ACTGTTCATCGTATTACTGCTGAA	1
1198	1197	6	CTGTTCATCGTATTACTGCTGAAG	1
1199	1198	6	TGTTCATCGTATTACTGCTGAAGA	1
1200	1199	6	GTTCATCGTATTACTGCTGAAGAG	1
1201	1200	6	TTCATCGTATTACTGCTGAAGAGG	1
1202	1201	6	TCATCGTATTACTGCTGAAGAGGC	1
1203	1202	6	CATCGTATTACTGCTGAAGAGGCT	1
1204	1203	6	ATCGTATTACTGCTGAAGAGGCTA	1
1205	1204	6	TCGTATTACTGCTGAAGAGGCTAA	1
1206	-1	0	CTTCCGCTCAAGTTATGGTTACCG	1
1207	1206	1	TTCCGCTCAAGTTATGGTTACCGG	1
1208	1207	1	TCCGCTCAAGTTATGGTTACCGGT	1
1209	1208	1	CCGCTCAAGTTATGGTTACCGGTG	1
1210	1209	1	CGCTCAAGTTATGGTTACCGGTGG	1
1211	1210	1	GCTCAAGTTATGGTTACCGGTGGT	1
1212	1211	1	CTCAAGTTATGGTTACCGGTGGTC	1
1213	1212	1	TCAAGTTATGGTTACCGGTGGTCG	1
1214	1213	1	CAAGTTATGGTTACCGGTGGTCGT	1
1215	1214	1	AAGTTATGGTTACCGGTGGTCGTA	1
1216	1215	1	AGTTATGGTTACCGGTGGTCGTAA	1
1217	1216	1	GTTATGGTTACCGGTGGTCGTAAC	1
1218	1217	2	TTATGGTTACCGGTGGTCGTAACA	1
1219	1218	2	TATGGTTACCGGTGGTCGTAACAT	1
1220	1219	2	ATGGTTACCGGTGGTCGTAACATG	1
1221	1220	2	TGGTTACCGGTGGTCGTAACATGG	1
1222	1221	2	GGTTACCGGTGGTCGTAACATGGG	1
1223	1222	2	GTTACCGGTGGTCGTAACATGGGA	1
1224	1223	2	TTACCGGTGGTCGTAACATGGGAC	1
1225	1224	2	TACCGGTGGTCGTAACATGGGACG	1
1226	1225	2	ACCGGTGGTCGTAACATGGGACGT	1
1227	1226	3	CCGGTGGTCGTAACATGGGACGTG	1
1228	1227	4	CGGTGGTCGTAACATGGGACGTGT	1
1229	1228	4	GGTGGTCGTAACATGGGACGTGTT	1
1230	1229	4	GTGGTCGTAACATGGGACGTGTTG	1
1231	1230	4	TGGTCGTAACATGGGACGTGTTGG	1
1232	1231	4	GGTCGTAACATGGGACGTGTTGGT	1
1233	1232	4	GTCGTAACATGGGACGTGTTGGTA	1
1234	1233	5	TCGTAACATGGGACGTGTTGGTAC	1
1235	1234	5	CGTAACATGGGACGTGTTGGTACC	1
1236	1235	5	GTAACATGGGACGTGTTGGTACCA	1
1237	1052	4	AACATGGGACGTGTTGGTACCATT	1
1238	1237	4	ACATGGGACGTGTTGGTACCATTG	1
1239	1238	4	CATGGGACGTGTTGGTACCATTGT	1
1240	1239	4	ATGGGACGTGTTGGTACCATTGTC	1
1241	1240	4	TGGGACGTGTTGGTACCATTGTCC	1
1242	1241	5	GGGACGTGTTGGTACCATTGTCCA	1
1243	1242	5	GGACGTGTTGGTACCATTGTCCAT	1
1244	1243	5	GACGTGTTGGTACCATTGTCCATC	1
1245	1244	6	ACGTGTTGGTACCATTGTCCATCG	1
1246	1245	6	CGTGTTGGTACCATTGTCCATCGT	1
1247	1246	6	GTGTTGGTACCATTGTCCATCGTG	1
1248	1247	6	TGTTGGTACCATTGTCCATCGTGA	1
1249	1248	6	GTTGGTACCATTGTCCATCGTGAG	1
1250	1249	5	TTGGTACCATTGTCCATCGTGAGC	1
1251	1250	5	TGGTACCATTGTCCATCGTGAGCA	1
1252	1251	5	GGTACCATTGTCCATCGTGAGCAC	1
1253	1252	5	GTACCATTGTCCATCGTGAGCACC	1
1254	1253	5	TACCATTGTCCATCGTGAGCACCA	1
1255	1254	5	ACCATTGTCCATCGTGAGCACCAT	1
1256	1255	5	CCATTGTCCATCGTGAGCACCATC	1
1257	1256	5	CATTGTCCATCGTGAGCACCATCT	1
1258	1257	5	ATTGTCCATCGTGAGCACCATCTT	1
1259	1258	5	TTGTCCATCGTGAGCACCATCTTG	1
1260	1259	5	TGTCCATCGTGAGCACCATCTTGG	1
1261	1260	5	GTCCATCGTGAGCACCATCTTGGT	1
1262	1261	5	TCCATCGTGAGCACCATCTTGGTT	1
1263	1262	5	CCATCGTGAGCACCATCTTGGTTC	1
1264	1263	5	CATCGTGAGCACCATCTTGGTTCC	1
1265	1264	5	ATCGTGAGCACCATCTTGGTTCCT	1
1266	1265	5	TCGTGAGCACCATCTTGGTTCCTT	1
1267	1266	5	CGTGAGCACCATCTTGGTTCCTTT	1
1268	1267	5	GTGAGCACCATCTTGGTTCCTTTG	1
1269	1268	5	TGAGCACCATCTTGGTTCCTTTGA	1
1270	1269	4	GAGCACCATCTTGGTTCCTTTGAA	1
1271	1270	3	AGCACCATCTTGGTTCCTTTGAAA	1
1272	1271	3	GCACCATCTTGGTTCCTTTGAAAT	1
1273	1272	3	CACCATCTTGGTTCCTTTGAAATC	1
1274	1273	3	ACCATCTTGGTTCCTTTGAAATCA	1
1275	1274	3	CCATCTTGGTTCCTTTGAAATCAT	1
1276	1275	3	CATCTTGGTTCCTTTGAAATCATT	1
1277	1276	2	ATCTTGGTTCCTTTGAAATCATTC	1
1278	1277	2	TCTTGGTTCCTTTGAAATCATTCA	1
1279	1278	2	CTTGGTTCCTTTGAAATCATTCAT	1
1280	1279	2	TTGGTTCCTTTGAAATCATTCATG	1
1281	1280	2	TGGTTCCTTTGAAATCATTCATGT	1
1282	1281	2	GGTTCCTTTGAAATCATTCATGTT	1
1283	1282	2	GTTCCTTTGAAATCATTCATGTTA	1
1284	1283	2	TTCCTTTGAAATCATTCATGTTAA	1
1285	1284	2	TCCTTTGAAATCATTCATGTTAAG	1
1286	1285	1	CCTTTGAAATCATTCATGTTAAGG	1
1287	1286	1	CTTTGAAATCATTCATGTTAAGGA	1
1288	1287	1	TTTGAAATCATTCATGTTAAGGAT	1
1289	-1	0	GACGTACTATTCGTTATCCTGATC	1
1290	1289	2	ACGTACTATTCGTTATCCTGATCC	1
1291	1290	2	CGTACTATTCGTTATCCTGATCCT	1
1292	1291	2	GTACTATTCGTTATCCTGATCCTT	1
1293	1292	3	TACTATTCGTTATCCTGATCCTTT	1
1294	1293	4	ACTATTCGTTATCCTGATCCTTTG	1
1295	1294	4	CTATTCGTTATCCTGATCCTTTGA	1
1296	1295	4	TATTCGTTATCCTGATCCTTTGAT	1
1297	1296	4	ATTCGTTATCCTGATCCTTTGATC	1
1298	1297	5	TTCGTTATCCTGATCCTTTGATCA	1
1299	1298	5	TCGTTATCCTGATCCTTTGATCAA	1
1300	1299	5	CGTTATCCTGATCCTTTGATCAAG	1
1301	1300	5	GTTATCCTGATCCTTTGATCAAGG	1
1302	1301	5	TTATCCTGATCCTTTGATCAAGGT	1
1303	1302	5	TATCCTGATCCTTTGATCAAGGTC	1
1304	1303	5	ATCCTGATCCTTTGATCAAGGTCA	1
1305	1304	5	TCCTGATCCTTTGATCAAGGTCAA	1
1306	1305	5	CCTGATCCTTTGATCAAGGTCAAC	1
1307	1306	5	CTGATCCTTTGATCAAGGTCAACG	1
1308	1307	5	TGATCCTTTGATCAAGGTCAACGA	1
1309	1308	5	GATCCTTTGATCAAGGTCAACGAC	1
1310	1309	6	ATCCTTTGATCAAGGTCAACGACA	1
1311	1310	6	TCCTTTGATCAAGGTCAACGACAC	1
1312	1311	6	CCTTTGATCAAGGTCAACGACACC	1
1313	1312	6	CTTTGATCAAGGTCAACGACACCA	1
1314	1313	6	TTTGATCAAGGTCAACGACACCAT	1
1315	548	10	TGATCAAGGTCAACGACACCATAA	1
1316	1315	10	GATCAAGGTCAACGACACCATAAA	1
1317	1316	10	ATCAAGGTCAACGACACCATAAAA	1
1318	1317	10	TCAAGGTCAACGACACCATAAAAC	1
1319	1318	10	CAAGGTCAACGACACCATAAAACT	1
1320	1319	10	AAGGTCAACGACACCATAAAACTT	1
1321	1320	10	AGGTCAACGACACCATAAAACTTA	1
1322	416	6	GTCAACGACACCATAAAACTTAAT	1
1323	1322	6	TCAACGACACCATAAAACTTAATT	1
1324	1323	6	CAACGACACCATAAAACTTAATTT	1
1325	1324	6	AACGACACCATAAAACTTAATTTG	1
1326	1325	7	ACGACACCATAAAACTTAATTTGG	1
1327	1326	7	CGACACCATAAAACTTAATTTGGA	1
1328	1327	7	GACACCATAAAACTTAATTTGGAA	1
1329	1328	7	ACACCATAAAACTTAATTTGGAAA	1
1330	1329	7	CACCATAAAACTTAATTTGGAAAC	1
1331	1330	7	ACCATAAAACTTAATTTGGAAACC	1
1332	1331	5	CCATAAAACTTAATTTGGAAACCA	1
1333	1332	5	CATAAAACTTAATTTGGAAACCAA	1
1334	1333	5	ATAAAACTTAATTTGGAAACCAAC	1
1335	1334	4	TAAAACTTAATTTGGAAACCAACA	1
1336	1335	4	AAAACTTAATTTGGAAACCAACAA	1
1337	1336	4	AAACTTAATTTGGAAACCAACAAG	1
1338	1337	4	AACTTAATTTGGAAACCAACAAGA	1
1339	1338	4	ACTTAATTTGGAAACCAACAAGAT	1
1340	1339	3	CTTAATTTGGAAACCAACAAGATC	1
1341	1340	4	TTAATTTGGAAACCAACAAGATCG	1
1342	1341	4	TAATTTGGAAACCAACAAGATCGA	1
1343	1342	4	AATTTGGAAACCAACAAGATCGAG	1
1344	1343	4	ATTTGGAAACCAACAAGATCGAGT	1
1345	1344	4	TTTGGAAACCAACAAGATCGAGTC	1
1346	441	6	TGGAAACCAACAAGATCGAGTCGT	1
1347	1346	6	GGAAACCAACAAGATCGAGTCGTT	1
1348	1347	6	GAAACCAACAAGATCGAGTCGTTC	1
1349	1348	6	AAACCAACAAGATCGAGTCGTTCA	1
1350	1349	6	AACCAACAAGATCGAGTCGTTCAT	1
1351	1350	5	ACCAACAAGATCGAGTCGTTCATT	1
1352	1351	5	CCAACAAGATCGAGTCGTTCATTA	1
1353	1352	5	CAACAAGATCGAGTCGTTCATTAA	1
1354	1353	5	AACAAGATCGAGTCGTTCATTAAA	1
1355	1354	5	ACAAGATCGAGTCGTTCATTAAAT	1
1356	1355	5	CAAGATCGAGTCGTTCATTAAATT	1
1357	1356	5	AAGATCGAGTCGTTCATTAAATTT	1
1358	1357	5	AGATCGAGTCGTTCATTAAATTTG	1
1359	1358	5	GATCGAGTCGTTCATTAAATTTGA	1
1360	1359	5	ATCGAGTCGTTCATTAAATTTGAT	1
1361	1360	5	TCGAGTCGTTCATTAAATTTGATA	1
1362	1361	5	CGAGTCGTTCATTAAATTTGATAC	1
1363	1362	5	GAGTCGTTCATTAAATTTGATACT	1
1364	1363	4	AGTCGTTCATTAAATTTGATACTT	1
1365	1364	4	GTCGTTCATTAAATTTGATACTTC	1
1366	1365	4	TCGTTCATTAAATTTGATACTTCC	1
1367	1366	4	CGTTCATTAAATTTGATACTTCCG	1
1368	1367	4	GTTCATTAAATTTGATACTTCCGC	1
1369	1368	3	TTCATTAAATTTGATACTTCCGCT	1
1370	1369	3	TCATTAAATTTGATACTTCCGCTC	1
1371	1370	2	CATTAAATTTGATACTTCCGCTCA	1
1372	1371	2	ATTAAATTTGATACTTCCGCTCAA	1
1373	1372	2	TTAAATTTGATACTTCCGCTCAAG	1
1374	1373	1	TAAATTTGATACTTCCGCTCAAGT	1
1375	1374	1	AAATTTGATACTTCCGCTCAAGTT	1
1376	1375	1	AATTTGATACTTCCGCTCAAGTTA	1
1377	1376	1	ATTTGATACTTCCGCTCAAGTTAT	1
1378	1377	1	TTTGATACTTCCGCTCAAGTTATG	1
1379	1378	1	TTGATACTTCCGCTCAAGTTATGG	1
1380	1379	1	TGATACTTCCGCTCAAGTTATGGT	1
1381	1380	1	GATACTTCCGCTCAAGTTATGGTT	1
1382	1381	1	ATACTTCCGCTCAAGTTATGGTTA	1
1383	1382	1	TACTTCCGCTCAAGTTATGGTTAC	1
1384	-1	0	CATGGTTCGCGGACCGAAAAAGCA	1
1385	1384	3	ATGGTTCGCGGACCGAAAAAGCAT	1
1386	1385	3	TGGTTCGCGGACCGAAAAAGCATC	1
1387	1386	3	GGTTCGCGGACCGAAAAAGCATCT	1
1388	1387	5	GTTCGCGGACCGAAAAAGCATCTG	1
1389	1388	8	TTCGCGGACCGAAAAAGCATCTGA	1
1390	1389	9	TCGCGGACCGAAAAAGCATCTGAA	1
1391	1390	9	CGCGGACCGAAAAAGCATCTGAAG	1
1392	1391	11	GCGGACCGAAAAAGCATCTGAAGC	1
1393	1392	11	CGGACCGAAAAAGCATCTGAAGCG	1
1394	1393	11	GGACCGAAAAAGCATCTGAAGCGT	1
1395	1394	11	GACCGAAAAAGCATCTGAAGCGTG	1
1396	1395	11	ACCGAAAAAGCATCTGAAGCGTGT	1
1397	1396	11	CCGAAAAAGCATCTGAAGCGTGTT	1
1398	1397	11	CGAAAAAGCATCTGAAGCGTGTTG	1
1399	1398	12	GAAAAAGCATCTGAAGCGTGTTGC	1
1400	1399	12	AAAAAGCATCTGAAGCGTGTTGCT	1
1401	1400	12	AAAAGCATCTGAAGCGTGTTGCTG	1
1402	1401	12	AAAGCATCTGAAGCGTGTTGCTGC	1
1403	1402	12	AAGCATCTGAAGCGTGTTGCTGCT	1
1404	1403	12	AGCATCTGAAGCGTGTTGCTGCTC	1
1405	1404	12	GCATCTGAAGCGTGTTGCTGCTCC	1
1406	1405	12	CATCTGAAGCGTGTTGCTGCTCCT	1
1407	1406	12	ATCTGAAGCGTGTTGCTGCTCCTC	1
1408	1407	12	TCTGAAGCGTGTTGCTGCTCCTCA	1
1409	1408	12	CTGAAGCGTGTTGCTGCTCCTCAC	1
1410	1409	12	TGAAGCGTGTTGCTGCTCCTCACC	1
1411	1410	12	GAAGCGTGTTGCTGCTCCTCACCA	1
1412	1411	12	AAGCGTGTTGCTGCTCCTCACCAT	1
1413	1412	12	AGCGTGTTGCTGCTCCTCACCATT	1
1414	1413	12	GCGTGTTGCTGCTCCTCACCATTG	1
1415	1414	12	CGTGTTGCTGCTCCTCACCATTGG	1
1416	1415	12	GTGTTGCTGCTCCTCACCATTGGC	1
1417	1416	12	TGTTGCTGCTCCTCACCATTGGCT	1
1418	1417	12	GTTGCTGCTCCTCACCATTGGCTT	1
1419	1418	12	TTGCTGCTCCTCACCATTGGCTTT	1
1420	1419	12	TGCTGCTCCTCACCATTGGCTTTT	1
1421	1420	12	GCTGCTCCTCACCATTGGCTTTTA	1
1422	1421	12	CTGCTCCTCACCATTGGCTTTTAG	1
1423	1422	12	TGCTCCTCACCATTGGCTTTTAGA	1
1424	1423	12	GCTCCTCACCATTGGCTTTTAGAC	1
1425	1424	12	CTCCTCACCATTGGCTTTTAGACA	1
1426	1425	12	TCCTCACCATTGGCTTTTAGACAA	1
1427	1426	12	CCTCACCATTGGCTTTTAGACAAG	1
1428	1427	12	CTCACCATTGGCTTTTAGACAAGC	1
1429	1428	9	TCACCATTGGCTTTTAGACAAGCT	1
1430	1429	9	CACCATTGGCTTTTAGACAAGCTC	1
1431	1430	9	ACCATTGGCTTTTAGACAAGCTCT	1
1432	1431	7	CCATTGGCTTTTAGACAAGCTCTC	1
1433	1432	4	CATTGGCTTTTAGACAAGCTCTCT	1
1434	1433	3	ATTGGCTTTTAGACAAGCTCTCTG	1
1435	1434	3	TTGGCTTTTAGACAAGCTCTCTGG	1
1436	1435	1	TGGCTTTTAGACAAGCTCTCTGGT	1
1437	1436	1	GGCTTTTAGACAAGCTCTCTGGTA	1
1438	1437	1	GCTTTTAGACAAGCTCTCTGGTAC	1
1439	1438	1	CTTTTAGACAAGCTCTCTGGTACT	1
1440	1439	1	TTTTAGACAAGCTCTCTGGTACTT	1
1441	1440	1	TTTAGACAAGCTCTCTGGTACTTA	1
1442	1441	1	TTAGACAAGCTCTCTGGTACTTAT	1
1443	-1	0	AAGAGTTGGATTTCTTTGCCCAAG	1
1444	1443	1	AGAGTTGGATTTCTTTGCCCAAGG	1
1445	1444	1	GAGTTGGATTTCTTTGCCCAAGGG	1
1446	1445	1	AGTTGGATTTCTTTGCCCAAGGGT	1
1447	1446	1	GTTGGATTTCTTTGCCCAAGGGTA	1
1448	1447	1	TTGGATTTCTTTGCCCAAGGGTAA	1
1449	1448	1	TGGATTTCTTTGCCCAAGGGTAAG	1
1450	1449	1	GGATTTCTTTGCCCAAGGGTAAGG	1
1451	1450	2	GATTTCTTTGCCCAAGGGTAAGGG	1
1452	1451	2	ATTTCTTTGCCCAAGGGTAAGGGT	1
1453	1452	2	TTTCTTTGCCCAAGGGTAAGGGTG	1
1454	1453	2	TTCTTTGCCCAAGGGTAAGGGTGT	1
1455	1454	2	TCTTTGCCCAAGGGTAAGGGTGTC	1
1456	1455	2	CTTTGCCCAAGGGTAAGGGTGTCA	1
1457	1456	2	TTTGCCCAAGGGTAAGGGTGTCAA	1
1458	1457	2	TTGCCCAAGGGTAAGGGTGTCAAG	1
1459	1458	2	TGCCCAAGGGTAAGGGTGTCAAGC	1
1460	1459	2	GCCCAAGGGTAAGGGTGTCAAGCT	1
1461	1460	2	CCCAAGGGTAAGGGTGTCAAGCTC	1
1462	1461	2	CCAAGGGTAAGGGTGTCAAGCTCA	1
1463	1462	2	CAAGGGTAAGGGTGTCAAGCTCAG	1
1464	1463	2	AAGGGTAAGGGTGTCAAGCTCAGC	1
1465	1464	2	AGGGTAAGGGTGTCAAGCTCAGCA	1
1466	1465	2	GGGTAAGGGTGTCAAGCTCAGCAT	1
1467	1466	2	GGTAAGGGTGTCAAGCTCAGCATT	1
1468	1467	2	GTAAGGGTGTCAAGCTCAGCATTA	1
1469	1468	2	TAAGGGTGTCAAGCTCAGCATTAC	1
1470	1469	2	AAGGGTGTCAAGCTCAGCATTACC	1
1471	1470	2	AGGGTGTCAAGCTCAGCATTACCG	1
1472	1471	2	GGGTGTCAAGCTCAGCATTACCGA	1
1473	1472	2	GGTGTCAAGCTCAGCATTACCGAA	1
1474	1473	2	GTGTCAAGCTCAGCATTACCGAAG	1
1475	1474	2	TGTCAAGCTCAGCATTACCGAAGA	1
1476	1475	2	GTCAAGCTCAGCATTACCGAAGAG	1
1477	1476	2	TCAAGCTCAGCATTACCGAAGAGC	1
1478	1477	2	CAAGCTCAGCATTACCGAAGAGCG	1
1479	1478	2	AAGCTCAGCATTACCGAAGAGCGT	1
1480	1479	2	AGCTCAGCATTACCGAAGAGCGTG	1
1481	1480	2	GCTCAGCATTACCGAAGAGCGTGA	1
1482	1481	2	CTCAGCATTACCGAAGAGCGTGAC	1
1483	1482	2	TCAGCATTACCGAAGAGCGTGACC	1
1484	1483	2	CAGCATTACCGAAGAGCGTGACCG	1
1485	1484	2	AGCATTACCGAAGAGCGTGACCGC	1
1486	1485	2	GCATTACCGAAGAGCGTGACCGCA	1
1487	1486	2	CATTACCGAAGAGCGTGACCGCAG	1
1488	1487	1	ATTACCGAAGAGCGTGACCGCAGA	1
1489	1488	1	TTACCGAAGAGCGTGACCGCAGAC	1
1490	1489	2	TACCGAAGAGCGTGACCGCAGACG	1
1491	1490	2	ACCGAAGAGCGTGACCGCAGACGT	1
1492	1491	2	CCGAAGAGCGTGACCGCAGACGTG	1
1493	1492	2	CGAAGAGCGTGACCGCAGACGTGC	1
1494	1493	1	GAAGAGCGTGACCGCAGACGTGCT	1
1495	1494	1	AAGAGCGTGACCGCAGACGTGCTC	1
1496	1495	1	AGAGCGTGACCGCAGACGTGCTCT	1
1497	1496	2	GAGCGTGACCGCAGACGTGCTCTC	1
1498	1497	2	AGCGTGACCGCAGACGTGCTCTCA	1
1499	1498	2	GCGTGACCGCAGACGTGCTCTCAA	1
1500	1499	2	CGTGACCGCAGACGTGCTCTCAAG	1
1501	1500	2	GTGACCGCAGACGTGCTCTCAAGG	1
1502	1501	2	TGACCGCAGACGTGCTCTCAAGGG	1
1503	1502	2	GACCGCAGACGTGCTCTCAAGGGA	1
1504	1503	2	ACCGCAGACGTGCTCTCAAGGGAC	1
1505	1504	3	CCGCAGACGTGCTCTCAAGGGACT	1
1506	1505	3	CGCAGACGTGCTCTCAAGGGACTT	1
1507	1506	3	GCAGACGTGCTCTCAAGGGACTTG	1
1508	1507	3	CAGACGTGCTCTCAAGGGACTTGC	1
1509	1508	4	AGACGTGCTCTCAAGGGACTTGCC	1
1510	1509	4	GACGTGCTCTCAAGGGACTTGCCT	1
1511	1510	4	ACGTGCTCTCAAGGGACTTGCCTA	1
1512	1511	4	CGTGCTCTCAAGGGACTTGCCTAA	1
1513	1512	4	GTGCTCTCAAGGGACTTGCCTAAA	1
1514	1513	4	TGCTCTCAAGGGACTTGCCTAAAT	1
1515	1514	4	GCTCTCAAGGGACTTGCCTAAATA	1
1516	1515	4	CTCTCAAGGGACTTGCCTAAATAT	1
1517	1516	4	TCTCAAGGGACTTGCCTAAATATT	1
1518	1517	5	CTCAAGGGACTTGCCTAAATATTA	1
1519	1518	5	TCAAGGGACTTGCCTAAATATTAT	1
1520	1519	5	CAAGGGACTTGCCTAAATATTATT	1
1521	1520	5	AAGGGACTTGCCTAAATATTATTT	1
1522	1521	5	AGGGACTTGCCTAAATATTATTTT	1
1523	1522	5	GGGACTTGCCTAAATATTATTTTT	1
1524	1523	5	GGACTTGCCTAAATATTATTTTTT	1
1525	1524	5	GACTTGCCTAAATATTATTTTTTC	1
1526	1525	5	ACTTGCCTAAATATTATTTTTTCA	1
1527	1526	5	CTTGCCTAAATATTATTTTTTCAA	1
1528	1527	5	TTGCCTAAATATTATTTTTTCAAA	1
1529	1528	5	TGCCTAAATATTATTTTTTCAAAA	1
1530	1529	5	GCCTAAATATTATTTTTTCAAAAA	1
1531	1530	5	CCTAAATATTATTTTTTCAAAAAG	1
1532	1531	5	CTAAATATTATTTTTTCAAAAAGC	1
1533	1532	4	TAAATATTATTTTTTCAAAAAGCA	1
1534	1533	3	AAATATTATTTTTTCAAAAAGCAA	1
1535	1534	3	AATATTATTTTTTCAAAAAGCAAA	1
1536	1535	3	ATATTATTTTTTCAAAAAGCAAAT	1
1537	1536	3	TATTATTTTTTCAAAAAGCAAATG	1
1538	1537	3	ATTATTTTTTCAAAAAGCAAATGC	1
1539	1538	3	TTATTTTTTCAAAAAGCAAATGCA	1
1540	1539	3	TATTTTTTCAAAAAGCAAATGCAC	1
1541	1540	2	ATTTTTTCAAAAAGCAAATGCACA	1
1542	1541	2	TTTTTTCAAAAAGCAAATGCACAT	1
1543	1542	2	TTTTTCAAAAAGCAAATGCACATT	1
1544	1543	2	TTTTCAAAAAGCAAATGCACATTT	1
1545	1544	2	TTTCAAAAAGCAAATGCACATTTT	1
1546	1545	2	TTCAAAAAGCAAATGCACATTTTG	1
1547	1546	2	TCAAAAAGCAAATGCACATTTTGT	1
1548	1547	2	CAAAAAGCAAATGCACATTTTGTT	1
1549	1548	1	AAAAAGCAAATGCACATTTTGTTA	1
1550	1549	1	AAAAGCAAATGCACATTTTGTTAT	1
1551	1550	1	AAAGCAAATGCACATTTTGTTATA	1
1552	1551	1	AAGCAAATGCACATTTTGTTATAA	1
1553	1552	1	AGCAAATGCACATTTTGTTATAAT	1
1554	1553	1	GCAAATGCACATTTTGTTATAATA	1
1555	1554	1	CAAATGCACATTTTGTTATAATAT	1
1556	1555	1	AAATGCACATTTTGTTATAATATG	1
1557	1556	1	AATGCACATTTTGTTATAATATGA	1
1558	1557	1	ATGCACATTTTGTTATAATATGAT	1
1559	1558	1	TGCACATTTTGTTATAATATGATG	1
1560	1559	1	GCACATTTTGTTATAATATGATGG	1
1561	1560	1	CACATTTTGTTATAATATGATGGA	1
1562	-1	0	GGTTGACGGAAAGGTTCGTACTGA	1
1563	1562	1	GTTGACGGAAAGGTTCGTACTGAC	1
1564	1563	2	TTGACGGAAAGGTTCGTACTGACT	1
1565	1564	3	TGACGGAAAGGTTCGTACTGACTC	1
1566	1565	3	GACGGAAAGGTTCGTACTGACTCT	1
1567	1566	3	ACGGAAAGGTTCGTACTGACTCTA	1
1568	1567	3	CGGAAAGGTTCGTACTGACTCTAC	1
1569	1568	3	GGAAAGGTTCGTACTGACTCTACC	1
1570	1569	3	GAAAGGTTCGTACTGACTCTACCT	1
1571	1570	3	AAAGGTTCGTACTGACTCTACCTT	1
1572	1571	3	AAGGTTCGTACTGACTCTACCTTT	1
1573	1572	3	AGGTTCGTACTGACTCTACCTTTC	1
1574	1573	4	GGTTCGTACTGACTCTACCTTTCC	1
1575	1574	4	GTTCGTACTGACTCTACCTTTCCT	1
1576	1575	4	TTCGTACTGACTCTACCTTTCCTA	1
1577	1576	4	TCGTACTGACTCTACCTTTCCTAC	1
1578	1577	4	CGTACTGACTCTACCTTTCCTACC	1
1579	1578	4	GTACTGACTCTACCTTTCCTACCG	1
1580	1579	4	TACTGACTCTACCTTTCCTACCGG	1
1581	1580	4	ACTGACTCTACCTTTCCTACCGGC	1
1582	1581	5	CTGACTCTACCTTTCCTACCGGCT	1
1583	1582	5	TGACTCTACCTTTCCTACCGGCTT	1
1584	1583	5	GACTCTACCTTTCCTACCGGCTTT	1
1585	1584	5	ACTCTACCTTTCCTACCGGCTTTA	1
1586	1585	5	CTCTACCTTTCCTACCGGCTTTAT	1
1587	1586	5	TCTACCTTTCCTACCGGCTTTATG	1
1588	1587	5	CTACCTTTCCTACCGGCTTTATGG	1
1589	1588	5	TACCTTTCCTACCGGCTTTATGGA	1
1590	1589	5	ACCTTTCCTACCGGCTTTATGGAT	1
1591	1590	5	CCTTTCCTACCGGCTTTATGGATG	1
1592	1591	5	CTTTCCTACCGGCTTTATGGATGT	1
1593	1592	5	TTTCCTACCGGCTTTATGGATGTA	1
1594	1593	6	TTCCTACCGGCTTTATGGATGTAA	1
1595	1594	7	TCCTACCGGCTTTATGGATGTAAT	1
1596	1595	7	CCTACCGGCTTTATGGATGTAATC	1
1597	1596	7	CTACCGGCTTTATGGATGTAATCT	1
1598	1597	7	TACCGGCTTTATGGATGTAATCTC	1
1599	1598	7	ACCGGCTTTATGGATGTAATCTCC	1
1600	1599	7	CCGGCTTTATGGATGTAATCTCCG	1
1601	1600	7	CGGCTTTATGGATGTAATCTCCGT	1
1602	1601	7	GGCTTTATGGATGTAATCTCCGTT	1
1603	1602	7	GCTTTATGGATGTAATCTCCGTTG	1
1604	1603	7	CTTTATGGATGTAATCTCCGTTGA	1
1605	1604	7	TTTATGGATGTAATCTCCGTTGAC	1
1606	1605	7	TTATGGATGTAATCTCCGTTGACA	1
1607	1606	6	TATGGATGTAATCTCCGTTGACAA	1
1608	1607	5	ATGGATGTAATCTCCGTTGACAAG	1
1609	1608	4	TGGATGTAATCTCCGTTGACAAGA	1
1610	1609	4	GGATGTAATCTCCGTTGACAAGAC	1
1611	1610	4	GATGTAATCTCCGTTGACAAGACT	1
1612	1611	5	ATGTAATCTCCGTTGACAAGACTG	1
1613	1612	5	TGTAATCTCCGTTGACAAGACTGG	1
1614	1613	5	GTAATCTCCGTTGACAAGACTGGC	1
1615	1614	5	TAATCTCCGTTGACAAGACTGGCG	1
1616	1615	5	AATCTCCGTTGACAAGACTGGCGA	1
1617	1616	5	ATCTCCGTTGACAAGACTGGCGAG	1
1618	1617	4	TCTCCGTTGACAAGACTGGCGAGC	1
1619	1618	4	CTCCGTTGACAAGACTGGCGAGCA	1
1620	1619	4	TCCGTTGACAAGACTGGCGAGCAC	1
1621	1620	5	CCGTTGACAAGACTGGCGAGCACT	1
1622	1621	5	CGTTGACAAGACTGGCGAGCACTT	1
1623	1622	5	GTTGACAAGACTGGCGAGCACTTC	1
1624	1623	5	TTGACAAGACTGGCGAGCACTTCC	1
1625	1624	5	TGACAAGACTGGCGAGCACTTCCG	1
1626	1625	4	GACAAGACTGGCGAGCACTTCCGC	1
1627	1626	4	ACAAGACTGGCGAGCACTTCCGCC	1
1628	1627	4	CAAGACTGGCGAGCACTTCCGCCT	1
1629	1628	5	AAGACTGGCGAGCACTTCCGCCTT	1
1630	1629	5	AGACTGGCGAGCACTTCCGCCTTG	1
1631	1630	5	GACTGGCGAGCACTTCCGCCTTGT	1
1632	1631	5	ACTGGCGAGCACTTCCGCCTTGTC	1
1633	1632	5	CTGGCGAGCACTTCCGCCTTGTCT	1
1634	1633	5	TGGCGAGCACTTCCGCCTTGTCTA	1
1635	1634	5	GGCGAGCACTTCCGCCTTGTCTAC	1
1636	1635	5	GCGAGCACTTCCGCCTTGTCTACG	1
1637	1636	5	CGAGCACTTCCGCCTTGTCTACGA	1
1638	1637	4	GAGCACTTCCGCCTTGTCTACGAC	1
1639	1638	3	AGCACTTCCGCCTTGTCTACGACA	1
1640	1639	3	GCACTTCCGCCTTGTCTACGACAT	1
1641	-1	0	TTGAAAAATGGTTAGAGGACCCAA	1
1642	1641	1	TGAAAAATGGTTAGAGGACCCAAA	1
1643	1642	3	GAAAAATGGTTAGAGGACCCAAAA	1
1644	1643	4	AAAAATGGTTAGAGGACCCAAAAA	1
1645	1644	4	AAAATGGTTAGAGGACCCAAAAAA	1
1646	1645	4	AAATGGTTAGAGGACCCAAAAAAC	1
1647	1646	4	AATGGTTAGAGGACCCAAAAAACA	1
1648	1647	5	ATGGTTAGAGGACCCAAAAAACAT	1
1649	1648	5	TGGTTAGAGGACCCAAAAAACATT	1
1650	1649	5	GGTTAGAGGACCCAAAAAACATTT	1
1651	1650	6	GTTAGAGGACCCAAAAAACATTTA	1
1652	1651	6	TTAGAGGACCCAAAAAACATTTAA	1
1653	1652	5	TAGAGGACCCAAAAAACATTTAAA	1
1654	1653	5	AGAGGACCCAAAAAACATTTAAAG	1
1655	1654	5	GAGGACCCAAAAAACATTTAAAGC	1
1656	1655	5	AGGACCCAAAAAACATTTAAAGCG	1
1657	1656	5	GGACCCAAAAAACATTTAAAGCGT	1
1658	1657	5	GACCCAAAAAACATTTAAAGCGTG	1
1659	1658	5	ACCCAAAAAACATTTAAAGCGTGT	1
1660	1659	5	CCCAAAAAACATTTAAAGCGTGTC	1
1661	1660	5	CCAAAAAACATTTAAAGCGTGTCG	1
1662	1661	5	CAAAAAACATTTAAAGCGTGTCGC	1
1663	1662	5	AAAAAACATTTAAAGCGTGTCGCG	1
1664	1663	5	AAAAACATTTAAAGCGTGTCGCGG	1
1665	1664	5	AAAACATTTAAAGCGTGTCGCGGC	1
1666	1665	6	AAACATTTAAAGCGTGTCGCGGCA	1
1667	1666	6	AACATTTAAAGCGTGTCGCGGCAC	1
1668	1667	6	ACATTTAAAGCGTGTCGCGGCACC	1
1669	1668	6	CATTTAAAGCGTGTCGCGGCACCT	1
1670	1669	6	ATTTAAAGCGTGTCGCGGCACCTC	1
1671	1670	6	TTTAAAGCGTGTCGCGGCACCTCA	1
1672	1671	6	TTAAAGCGTGTCGCGGCACCTCAC	1
1673	1672	6	TAAAGCGTGTCGCGGCACCTCACC	1
1674	1673	6	AAAGCGTGTCGCGGCACCTCACCA	1
1675	1674	6	AAGCGTGTCGCGGCACCTCACCAC	1
1676	1675	6	AGCGTGTCGCGGCACCTCACCACT	1
1677	1676	6	GCGTGTCGCGGCACCTCACCACTG	1
1678	1677	6	CGTGTCGCGGCACCTCACCACTGG	1
1679	1678	6	GTGTCGCGGCACCTCACCACTGGC	1
1680	1679	6	TGTCGCGGCACCTCACCACTGGCT	1
1681	1680	6	GTCGCGGCACCTCACCACTGGCTT	1
1682	1681	6	TCGCGGCACCTCACCACTGGCTTT	1
1683	1682	6	CGCGGCACCTCACCACTGGCTTTT	1
1684	1683	7	GCGGCACCTCACCACTGGCTTTTG	1
1685	1684	7	CGGCACCTCACCACTGGCTTTTGG	1
1686	1685	6	GGCACCTCACCACTGGCTTTTGGA	1
1687	1686	4	GCACCTCACCACTGGCTTTTGGAT	1
1688	1687	4	CACCTCACCACTGGCTTTTGGATA	1
1689	1688	5	ACCTCACCACTGGCTTTTGGATAA	1
1690	1689	5	CCTCACCACTGGCTTTTGGATAAG	1
1691	1690	5	CTCACCACTGGCTTTTGGATAAGC	1
1692	1691	4	TCACCACTGGCTTTTGGATAAGCT	1
1693	1692	4	CACCACTGGCTTTTGGATAAGCTT	1
1694	1693	4	ACCACTGGCTTTTGGATAAGCTTT	1
1695	1694	2	CCACTGGCTTTTGGATAAGCTTTC	1
1696	1695	2	CACTGGCTTTTGGATAAGCTTTCT	1
1697	1696	2	ACTGGCTTTTGGATAAGCTTTCTG	1
1698	1697	2	CTGGCTTTTGGATAAGCTTTCTGG	1
1699	1698	2	TGGCTTTTGGATAAGCTTTCTGGT	1
1700	1699	2	GGCTTTTGGATAAGCTTTCTGGTA	1
1701	1700	2	GCTTTTGGATAAGCTTTCTGGTAC	1
1702	1701	2	CTTTTGGATAAGCTTTCTGGTACT	1
1703	1702	2	TTTTGGATAAGCTTTCTGGTACTT	1
1704	1703	2	TTTGGATAAGCTTTCTGGTACTTA	1
1705	1704	2	TTGGATAAGCTTTCTGGTACTTAT	1
1706	1705	2	TGGATAAGCTTTCTGGTACTTATG	1
1707	1706	2	GGATAAGCTTTCTGGTACTTATGC	1
1708	1707	2	GATAAGCTTTCTGGTACTTATGCT	1
1709	1708	2	ATAAGCTTTCTGGTACTTATGCTC	1
1710	1709	1	TAAGCTTTCTGGTACTTATGCTCC	1
1711	1710	1	AAGCTTTCTGGTACTTATGCTCCA	1
1712	1711	1	AGCTTTCTGGTACTTATGCTCCAA	1
1713	1712	1	GCTTTCTGGTACTTATGCTCCAAA	1
1714	1713	1	CTTTCTGGTACTTATGCTCCAAAG	1
1715	1714	1	TTTCTGGTACTTATGCTCCAAAGC	1
1716	1715	1	TTCTGGTACTTATGCTCCAAAGCC	1
1717	1716	1	TCTGGTACTTATGCTCCAAAGCCT	1
1718	1717	1	CTGGTACTTATGCTCCAAAGCCTT	1
1719	1718	2	TGGTACTTATGCTCCAAAGCCTTC	1
1720	1719	2	GGTACTTATGCTCCAAAGCCTTCT	1
1721	1720	2	GTACTTATGCTCCAAAGCCTTCTC	1
1722	1721	2	TACTTATGCTCCAAAGCCTTCTCC	1
1723	1722	2	ACTTATGCTCCAAAGCCTTCTCCT	1
1724	1723	2	CTTATGCTCCAAAGCCTTCTCCTG	1
1725	1724	2	TTATGCTCCAAAGCCTTCTCCTGG	1
1726	1725	3	TATGCTCCAAAGCCTTCTCCTGGT	1
1727	1726	3	ATGCTCCAAAGCCTTCTCCTGGTC	1
1728	1727	2	TGCTCCAAAGCCTTCTCCTGGTCC	1
1729	1728	2	GCTCCAAAGCCTTCTCCTGGTCCT	1
1730	1729	2	CTCCAAAGCCTTCTCCTGGTCCTC	1
1731	1730	2	TCCAAAGCCTTCTCCTGGTCCTCA	1
1732	1731	2	CCAAAGCCTTCTCCTGGTCCTCAC	1
1733	1732	2	CAAAGCCTTCTCCTGGTCCTCACA	1
1734	1733	2	AAAGCCTTCTCCTGGTCCTCACAA	1
1735	1734	2	AAGCCTTCTCCTGGTCCTCACAAG	1
1736	1735	2	AGCCTTCTCCTGGTCCTCACAAGG	1
1737	1736	2	GCCTTCTCCTGGTCCTCACAAGGC	1
1738	1737	3	CCTTCTCCTGGTCCTCACAAGGCC	1
1739	1738	3	CTTCTCCTGGTCCTCACAAGGCCC	1
1740	1739	3	TTCTCCTGGTCCTCACAAGGCCCG	1
1741	1740	3	TCTCCTGGTCCTCACAAGGCCCGC	1
1742	1741	3	CTCCTGGTCCTCACAAGGCCCGCG	1
1743	1742	3	TCCTGGTCCTCACAAGGCCCGCGA	1
1744	1743	3	CCTGGTCCTCACAAGGCCCGCGAA	1
1745	1744	4	CTGGTCCTCACAAGGCCCGCGAAT	1
1746	1745	4	TGGTCCTCACAAGGCCCGCGAATG	1
1747	1746	4	GGTCCTCACAAGGCCCGCGAATGT	1
1748	1747	4	GTCCTCACAAGGCCCGCGAATGTC	1
1749	1748	4	TCCTCACAAGGCCCGCGAATGTCT	1
1750	1749	4	CCTCACAAGGCCCGCGAATGTCTT	1
1751	1750	4	CTCACAAGGCCCGCGAATGTCTTC	1
1752	1751	4	TCACAAGGCCCGCGAATGTCTTCC	1
1753	1752	4	CACAAGGCCCGCGAATGTCTTCCT	1
1754	1753	4	ACAAGGCCCGCGAATGTCTTCCTT	1
1755	1754	4	CAAGGCCCGCGAATGTCTTCCTTT	1
1756	1755	4	AAGGCCCGCGAATGTCTTCCTTTG	1
1757	1756	4	AGGCCCGCGAATGTCTTCCTTTGA	1
1758	1757	4	GGCCCGCGAATGTCTTCCTTTGAT	1
1759	1758	4	GCCCGCGAATGTCTTCCTTTGATT	1
1760	1759	4	CCCGCGAATGTCTTCCTTTGATTG	1
1761	1760	4	CCGCGAATGTCTTCCTTTGATTGT	1
1762	1761	4	CGCGAATGTCTTCCTTTGATTGTG	1
1763	1762	3	GCGAATGTCTTCCTTTGATTGTGT	1
1764	1763	3	CGAATGTCTTCCTTTGATTGTGTT	1
1765	1764	3	GAATGTCTTCCTTTGATTGTGTTC	1
1766	1765	3	AATGTCTTCCTTTGATTGTGTTCT	1
1767	1766	3	ATGTCTTCCTTTGATTGTGTTCTT	1
1768	1767	3	TGTCTTCCTTTGATTGTGTTCTTG	1
1769	1768	3	GTCTTCCTTTGATTGTGTTCTTGC	1
1770	1769	2	TCTTCCTTTGATTGTGTTCTTGCG	1
1771	1770	2	CTTCCTTTGATTGTGTTCTTGCGC	1
1772	1771	2	TTCCTTTGATTGTGTTCTTGCGCA	1
1773	1772	2	TCCTTTGATTGTGTTCTTGCGCAA	1
1774	1773	2	CCTTTGATTGTGTTCTTGCGCAAC	1
1775	1774	2	CTTTGATTGTGTTCTTGCGCAACC	1
1776	1775	2	TTTGATTGTGTTCTTGCGCAACCG	1
1777	1776	2	TTGATTGTGTTCTTGCGCAACCGT	1
1778	1777	2	TGATTGTGTTCTTGCGCAACCGTC	1
1779	1778	2	GATTGTGTTCTTGCGCAACCGTCT	1
1780	1779	2	ATTGTGTTCTTGCGCAACCGTCTT	1
1781	1780	2	TTGTGTTCTTGCGCAACCGTCTTA	1
1782	1781	1	TGTGTTCTTGCGCAACCGTCTTAA	1
1783	1782	1	GTGTTCTTGCGCAACCGTCTTAAA	1
1784	1783	1	TGTTCTTGCGCAACCGTCTTAAAT	1
1785	1784	1	GTTCTTGCGCAACCGTCTTAAATA	1
1786	1785	1	TTCTTGCGCAACCGTCTTAAATAT	1
1787	1786	1	TCTTGCGCAACCGTCTTAAATATG	1
1788	1787	1	CTTGCGCAACCGTCTTAAATATGC	1
1789	-1	0	CTGGTACTTATGCCCCCAAGCCAT	1
1790	1789	1	TGGTACTTATGCCCCCAAGCCATC	1
1791	1790	1	GGTACTTATGCCCCCAAGCCATCA	1
1792	1791	1	GTACTTATGCCCCCAAGCCATCAC	1
1793	1792	1	TACTTATGCCCCCAAGCCATCACC	1
1794	1793	1	ACTTATGCCCCCAAGCCATCACCC	1
1795	1794	1	CTTATGCCCCCAAGCCATCACCCG	1
1796	1795	1	TTATGCCCCCAAGCCATCACCCGG	1
1797	1796	1	TATGCCCCCAAGCCATCACCCGGC	1
1798	1797	1	ATGCCCCCAAGCCATCACCCGGCC	1
1799	1798	1	TGCCCCCAAGCCATCACCCGGCCC	1
1800	1799	1	GCCCCCAAGCCATCACCCGGCCCT	1
1801	1800	1	CCCCCAAGCCATCACCCGGCCCTC	1
1802	1801	1	CCCCAAGCCATCACCCGGCCCTCA	1
1803	1802	1	CCCAAGCCATCACCCGGCCCTCAC	1
1804	1803	1	CCAAGCCATCACCCGGCCCTCACA	1
1805	1804	1	CAAGCCATCACCCGGCCCTCACAA	1
1806	1805	1	AAGCCATCACCCGGCCCTCACAAA	1
1807	1806	1	AGCCATCACCCGGCCCTCACAAAG	1
1808	1807	1	GCCATCACCCGGCCCTCACAAAGC	1
1809	1808	1	CCATCACCCGGCCCTCACAAAGCC	1
1810	1809	1	CATCACCCGGCCCTCACAAAGCCC	1
1811	1810	1	ATCACCCGGCCCTCACAAAGCCCG	1
1812	1811	1	TCACCCGGCCCTCACAAAGCCCGT	1
1813	1812	1	CACCCGGCCCTCACAAAGCCCGTG	1
1814	1813	1	ACCCGGCCCTCACAAAGCCCGTGA	1
1815	1814	1	CCCGGCCCTCACAAAGCCCGTGAG	1
1816	1815	1	CCGGCCCTCACAAAGCCCGTGAGT	1
1817	1816	1	CGGCCCTCACAAAGCCCGTGAGTG	1
1818	1817	2	GGCCCTCACAAAGCCCGTGAGTGC	1
1819	1818	2	GCCCTCACAAAGCCCGTGAGTGCC	1
1820	1819	2	CCCTCACAAAGCCCGTGAGTGCCT	1
1821	1820	2	CCTCACAAAGCCCGTGAGTGCCTT	1
1822	1821	2	CTCACAAAGCCCGTGAGTGCCTTC	1
1823	1822	2	TCACAAAGCCCGTGAGTGCCTTCC	1
1824	1823	2	CACAAAGCCCGTGAGTGCCTTCCT	1
1825	1824	2	ACAAAGCCCGTGAGTGCCTTCCTT	1
1826	1825	2	CAAAGCCCGTGAGTGCCTTCCTTT	1
1827	1826	2	AAAGCCCGTGAGTGCCTTCCTTTG	1
1828	1827	2	AAGCCCGTGAGTGCCTTCCTTTGA	1
1829	1828	2	AGCCCGTGAGTGCCTTCCTTTGAT	1
1830	1829	2	GCCCGTGAGTGCCTTCCTTTGATC	1
1831	1830	2	CCCGTGAGTGCCTTCCTTTGATCG	1
1832	1831	2	CCGTGAGTGCCTTCCTTTGATCGT	1
1833	1832	2	CGTGAGTGCCTTCCTTTGATCGTT	1
1834	1833	1	GTGAGTGCCTTCCTTTGATCGTTT	1
1835	1834	1	TGAGTGCCTTCCTTTGATCGTTTT	1
1836	1835	1	GAGTGCCTTCCTTTGATCGTTTTC	1
1837	1836	1	AGTGCCTTCCTTTGATCGTTTTCT	1
1838	1837	1	GTGCCTTCCTTTGATCGTTTTCTT	1
1839	1838	1	TGCCTTCCTTTGATCGTTTTCTTG	1
1840	1839	1	GCCTTCCTTTGATCGTTTTCTTGC	1
1841	1840	1	CCTTCCTTTGATCGTTTTCTTGCG	1
1842	1841	1	CTTCCTTTGATCGTTTTCTTGCGT	1
1843	1842	1	TTCCTTTGATCGTTTTCTTGCGTA	1
1844	1843	2	TCCTTTGATCGTTTTCTTGCGTAA	1
1845	1844	2	CCTTTGATCGTTTTCTTGCGTAAC	1
1846	1845	2	CTTTGATCGTTTTCTTGCGTAACC	1
1847	1846	2	TTTGATCGTTTTCTTGCGTAACCG	1
1848	1847	2	TTGATCGTTTTCTTGCGTAACCGT	1
1849	1848	2	TGATCGTTTTCTTGCGTAACCGTC	1
1850	1849	2	GATCGTTTTCTTGCGTAACCGTCT	1
1851	1850	2	ATCGTTTTCTTGCGTAACCGTCTC	1
1852	1851	4	TCGTTTTCTTGCGTAACCGTCTCA	1
1853	1852	4	CGTTTTCTTGCGTAACCGTCTCAA	1
1854	1853	4	GTTTTCTTGCGTAACCGTCTCAAA	1
1855	1854	5	TTTTCTTGCGTAACCGTCTCAAAT	1
1856	1855	4	TTTCTTGCGTAACCGTCTCAAATA	1
1857	1856	4	TTCTTGCGTAACCGTCTCAAATAT	1
1858	1857	6	TCTTGCGTAACCGTCTCAAATATG	1
1859	1858	6	CTTGCGTAACCGTCTCAAATATGC	1
1860	1859	6	TTGCGTAACCGTCTCAAATATGCT	1
1861	1860	6	TGCGTAACCGTCTCAAATATGCTT	1
1862	1861	6	GCGTAACCGTCTCAAATATGCTTT	1
1863	1862	6	CGTAACCGTCTCAAATATGCTTTG	1
1864	1863	7	GTAACCGTCTCAAATATGCTTTGA	1
1865	1864	7	TAACCGTCTCAAATATGCTTTGAA	1
1866	1865	7	AACCGTCTCAAATATGCTTTGAAC	1
1867	1866	7	ACCGTCTCAAATATGCTTTGAACG	1
1868	1867	7	CCGTCTCAAATATGCTTTGAACGG	1
1869	1868	7	CGTCTCAAATATGCTTTGAACGGA	1
1870	1869	7	GTCTCAAATATGCTTTGAACGGAC	1
1871	1870	7	TCTCAAATATGCTTTGAACGGACG	1
1872	1871	7	CTCAAATATGCTTTGAACGGACGT	1
1873	1872	7	TCAAATATGCTTTGAACGGACGTG	1
1874	1873	6	CAAATATGCTTTGAACGGACGTGA	1
1875	-1	0	GGACGTACTATCCGTTATCCTGAT	1
1876	1875	2	GACGTACTATCCGTTATCCTGATC	1
1877	1876	2	ACGTACTATCCGTTATCCTGATCC	1
1878	1877	2	CGTACTATCCGTTATCCTGATCCT	1
1879	1878	2	GTACTATCCGTTATCCTGATCCTT	1
1880	1879	2	TACTATCCGTTATCCTGATCCTTT	1
1881	1880	2	ACTATCCGTTATCCTGATCCTTTG	1
1882	1881	2	CTATCCGTTATCCTGATCCTTTGA	1
1883	1882	2	TATCCGTTATCCTGATCCTTTGAT	1
1884	1883	2	ATCCGTTATCCTGATCCTTTGATT	1
1885	1884	2	TCCGTTATCCTGATCCTTTGATTA	1
1886	1885	2	CCGTTATCCTGATCCTTTGATTAA	1
1887	1886	2	CGTTATCCTGATCCTTTGATTAAG	1
1888	1887	2	GTTATCCTGATCCTTTGATTAAGG	1
1889	1888	3	TTATCCTGATCCTTTGATTAAGGT	1
1890	1889	3	TATCCTGATCCTTTGATTAAGGTC	1
1891	1890	3	ATCCTGATCCTTTGATTAAGGTCA	1
1892	1891	3	TCCTGATCCTTTGATTAAGGTCAA	1
1893	1892	4	CCTGATCCTTTGATTAAGGTCAAT	1
1894	1893	4	CTGATCCTTTGATTAAGGTCAATG	1
1895	1894	5	TGATCCTTTGATTAAGGTCAATGA	1
1896	1895	5	GATCCTTTGATTAAGGTCAATGAT	1
1897	1896	5	ATCCTTTGATTAAGGTCAATGATA	1
1898	1897	5	TCCTTTGATTAAGGTCAATGATAC	1
1899	1898	5	CCTTTGATTAAGGTCAATGATACC	1
1900	1899	5	CTTTGATTAAGGTCAATGATACCA	1
1901	1900	5	TTTGATTAAGGTCAATGATACCAT	1
1902	1901	5	TTGATTAAGGTCAATGATACCATT	1
1903	1902	5	TGATTAAGGTCAATGATACCATTA	1
1904	1903	5	GATTAAGGTCAATGATACCATTAA	1
1905	1904	5	ATTAAGGTCAATGATACCATTAAG	1
1906	1905	5	TTAAGGTCAATGATACCATTAAGC	1
1907	1906	9	TAAGGTCAATGATACCATTAAGCT	1
1908	1907	9	AAGGTCAATGATACCATTAAGCTT	1
1909	1908	9	AGGTCAATGATACCATTAAGCTTA	1
1910	1909	9	GGTCAATGATACCATTAAGCTTAA	1
1911	1910	9	GTCAATGATACCATTAAGCTTAAC	1
1912	1911	9	TCAATGATACCATTAAGCTTAACT	1
1913	1912	9	CAATGATACCATTAAGCTTAACTT	1
1914	1913	9	AATGATACCATTAAGCTTAACTTG	1
1915	1914	9	ATGATACCATTAAGCTTAACTTGG	1
1916	1915	9	TGATACCATTAAGCTTAACTTGGA	1
1917	1916	9	GATACCATTAAGCTTAACTTGGAA	1
1918	1917	9	ATACCATTAAGCTTAACTTGGAAA	1
1919	1918	9	TACCATTAAGCTTAACTTGGAAAC	1
1920	1919	7	ACCATTAAGCTTAACTTGGAAACC	1
1921	1920	7	CCATTAAGCTTAACTTGGAAACCA	1
1922	1921	7	CATTAAGCTTAACTTGGAAACCAA	1
1923	1922	7	ATTAAGCTTAACTTGGAAACCAAT	1
1924	1923	7	TTAAGCTTAACTTGGAAACCAATA	1
1925	1924	7	TAAGCTTAACTTGGAAACCAATAA	1
1926	1925	7	AAGCTTAACTTGGAAACCAATAAA	1
1927	1926	7	AGCTTAACTTGGAAACCAATAAAA	1
1928	1927	7	GCTTAACTTGGAAACCAATAAAAT	1
1929	1928	7	CTTAACTTGGAAACCAATAAAATT	1
1930	1929	7	TTAACTTGGAAACCAATAAAATTG	1
1931	1930	7	TAACTTGGAAACCAATAAAATTGA	1
1932	1931	7	AACTTGGAAACCAATAAAATTGAG	1
1933	1932	6	ACTTGGAAACCAATAAAATTGAGT	1
1934	1933	6	CTTGGAAACCAATAAAATTGAGTC	1
1935	1934	6	TTGGAAACCAATAAAATTGAGTCT	1
1936	1935	6	TGGAAACCAATAAAATTGAGTCTT	1
1937	1936	5	GGAAACCAATAAAATTGAGTCTTT	1
1938	1937	5	GAAACCAATAAAATTGAGTCTTTC	1
1939	1938	4	AAACCAATAAAATTGAGTCTTTCA	1
1940	1939	4	AACCAATAAAATTGAGTCTTTCAT	1
1941	1940	4	ACCAATAAAATTGAGTCTTTCATC	1
1942	1941	4	CCAATAAAATTGAGTCTTTCATCA	1
1943	1942	4	CAATAAAATTGAGTCTTTCATCAA	1
1944	1943	4	AATAAAATTGAGTCTTTCATCAAA	1
1945	1944	4	ATAAAATTGAGTCTTTCATCAAAT	1
1946	1945	4	TAAAATTGAGTCTTTCATCAAATT	1
1947	1946	4	AAAATTGAGTCTTTCATCAAATTC	1
1948	1947	4	AAATTGAGTCTTTCATCAAATTCG	1
1949	1948	4	AATTGAGTCTTTCATCAAATTCGA	1
1950	1949	4	ATTGAGTCTTTCATCAAATTCGAC	1
