Component 710
1	-1	0	CACACATTCATTCCGTTAACTTAC	1
2	1	1	ACACATTCATTCCGTTAACTTACC	1
3	2	1	CACATTCATTCCGTTAACTTACCG	1
4	3	1	ACATTCATTCCGTTAACTTACCGT	1
5	4	1	CATTCATTCCGTTAACTTACCGTT	1
6	5	1	ATTCATTCCGTTAACTTACCGTTT	1
7	6	1	TTCATTCCGTTAACTTACCGTTTT	1
8	7	1	TCATTCCGTTAACTTACCGTTTTC	1
9	8	1	CATTCCGTTAACTTACCGTTTTCC	1
10	9	1	ATTCCGTTAACTTACCGTTTTCCT	1
11	10	2	TTCCGTTAACTTACCGTTTTCCTG	1
12	11	3	TCCGTTAACTTACCGTTTTCCTGC	1
13	12	3	CCGTTAACTTACCGTTTTCCTGCT	1
14	13	3	CGTTAACTTACCGTTTTCCTGCTT	1
15	14	3	GTTAACTTACCGTTTTCCTGCTTC	1
16	15	4	TTAACTTACCGTTTTCCTGCTTCT	1
17	16	4	TAACTTACCGTTTTCCTGCTTCTT	1
18	17	5	AACTTACCGTTTTCCTGCTTCTTG	1
19	18	5	ACTTACCGTTTTCCTGCTTCTTGT	1
20	19	5	CTTACCGTTTTCCTGCTTCTTGTT	1
21	20	5	TTACCGTTTTCCTGCTTCTTGTTT	1
22	21	5	TACCGTTTTCCTGCTTCTTGTTTG	1
23	22	5	ACCGTTTTCCTGCTTCTTGTTTGA	1
24	23	6	CCGTTTTCCTGCTTCTTGTTTGAG	1
25	24	6	CGTTTTCCTGCTTCTTGTTTGAGA	1
26	25	6	GTTTTCCTGCTTCTTGTTTGAGAA	1
27	26	6	TTTTCCTGCTTCTTGTTTGAGAAA	1
28	27	6	TTTCCTGCTTCTTGTTTGAGAAAT	1
29	28	6	TTCCTGCTTCTTGTTTGAGAAATT	1
30	29	6	TCCTGCTTCTTGTTTGAGAAATTT	1
31	30	6	CCTGCTTCTTGTTTGAGAAATTTG	1
32	31	6	CTGCTTCTTGTTTGAGAAATTTGG	1
33	32	6	TGCTTCTTGTTTGAGAAATTTGGA	1
34	33	7	GCTTCTTGTTTGAGAAATTTGGAA	1
35	34	8	CTTCTTGTTTGAGAAATTTGGAAT	1
36	35	8	TTCTTGTTTGAGAAATTTGGAATT	1
37	36	8	TCTTGTTTGAGAAATTTGGAATTT	1
38	37	9	CTTGTTTGAGAAATTTGGAATTTT	1
39	38	10	TTGTTTGAGAAATTTGGAATTTTT	1
40	39	10	TGTTTGAGAAATTTGGAATTTTTT	1
41	40	10	GTTTGAGAAATTTGGAATTTTTTG	1
42	41	11	TTTGAGAAATTTGGAATTTTTTGA	1
43	42	11	TTGAGAAATTTGGAATTTTTTGAT	1
44	43	11	TGAGAAATTTGGAATTTTTTGATC	1
45	44	11	GAGAAATTTGGAATTTTTTGATCG	1
46	45	10	AGAAATTTGGAATTTTTTGATCGT	1
47	46	10	GAAATTTGGAATTTTTTGATCGTT	1
48	47	12	AAATTTGGAATTTTTTGATCGTTA	1
49	48	12	AATTTGGAATTTTTTGATCGTTAG	1
50	49	12	ATTTGGAATTTTTTGATCGTTAGA	1
51	50	12	TTTGGAATTTTTTGATCGTTAGAA	1
52	51	12	TTGGAATTTTTTGATCGTTAGAAG	1
53	52	11	TGGAATTTTTTGATCGTTAGAAGA	1
54	53	11	GGAATTTTTTGATCGTTAGAAGAT	1
55	54	10	GAATTTTTTGATCGTTAGAAGATT	1
56	55	9	AATTTTTTGATCGTTAGAAGATTC	1
57	56	9	ATTTTTTGATCGTTAGAAGATTCG	1
58	57	9	TTTTTTGATCGTTAGAAGATTCGC	1
59	58	9	TTTTTGATCGTTAGAAGATTCGCG	1
60	59	9	TTTTGATCGTTAGAAGATTCGCGA	1
61	60	9	TTTGATCGTTAGAAGATTCGCGAA	1
62	61	8	TTGATCGTTAGAAGATTCGCGAAA	1
63	62	8	TGATCGTTAGAAGATTCGCGAAAA	1
64	63	8	GATCGTTAGAAGATTCGCGAAAAG	1
65	64	8	ATCGTTAGAAGATTCGCGAAAAGT	1
66	65	8	TCGTTAGAAGATTCGCGAAAAGTC	1
67	66	8	CGTTAGAAGATTCGCGAAAAGTCT	1
68	67	7	GTTAGAAGATTCGCGAAAAGTCTA	1
69	68	7	TTAGAAGATTCGCGAAAAGTCTAT	1
70	69	7	TAGAAGATTCGCGAAAAGTCTATT	1
71	70	7	AGAAGATTCGCGAAAAGTCTATTG	1
72	71	7	GAAGATTCGCGAAAAGTCTATTGA	1
73	72	7	AAGATTCGCGAAAAGTCTATTGAT	1
74	73	7	AGATTCGCGAAAAGTCTATTGATT	1
75	74	7	GATTCGCGAAAAGTCTATTGATTT	1
76	75	7	ATTCGCGAAAAGTCTATTGATTTT	1
77	76	9	TTCGCGAAAAGTCTATTGATTTTT	1
78	77	8	TCGCGAAAAGTCTATTGATTTTTC	1
79	78	7	CGCGAAAAGTCTATTGATTTTTCT	1
80	79	7	GCGAAAAGTCTATTGATTTTTCTA	1
81	80	7	CGAAAAGTCTATTGATTTTTCTAT	1
82	81	6	GAAAAGTCTATTGATTTTTCTATC	1
83	82	6	AAAAGTCTATTGATTTTTCTATCC	1
84	83	6	AAAGTCTATTGATTTTTCTATCCG	1
85	84	6	AAGTCTATTGATTTTTCTATCCGT	1
86	85	5	AGTCTATTGATTTTTCTATCCGTT	1
87	86	5	GTCTATTGATTTTTCTATCCGTTT	1
88	87	5	TCTATTGATTTTTCTATCCGTTTG	1
89	88	5	CTATTGATTTTTCTATCCGTTTGA	1
90	89	6	TATTGATTTTTCTATCCGTTTGAA	1
91	90	6	ATTGATTTTTCTATCCGTTTGAAA	1
92	91	4	TTGATTTTTCTATCCGTTTGAAAA	1
93	92	4	TGATTTTTCTATCCGTTTGAAAAA	1
94	93	4	GATTTTTCTATCCGTTTGAAAAAA	1
95	94	4	ATTTTTCTATCCGTTTGAAAAAAT	1
96	95	4	TTTTTCTATCCGTTTGAAAAAATA	1
97	96	3	TTTTCTATCCGTTTGAAAAAATAC	1
98	97	3	TTTCTATCCGTTTGAAAAAATACC	1
99	98	3	TTCTATCCGTTTGAAAAAATACCC	1
100	99	3	TCTATCCGTTTGAAAAAATACCCA	1
101	100	3	CTATCCGTTTGAAAAAATACCCAA	1
102	101	3	TATCCGTTTGAAAAAATACCCAAT	1
103	102	3	ATCCGTTTGAAAAAATACCCAATA	1
104	103	3	TCCGTTTGAAAAAATACCCAATAC	1
105	104	3	CCGTTTGAAAAAATACCCAATACC	1
106	105	3	CGTTTGAAAAAATACCCAATACCC	1
107	106	3	GTTTGAAAAAATACCCAATACCCG	1
108	107	3	TTTGAAAAAATACCCAATACCCGT	1
109	108	2	TTGAAAAAATACCCAATACCCGTA	1
110	109	2	TGAAAAAATACCCAATACCCGTAC	1
111	110	2	GAAAAAATACCCAATACCCGTACT	1
112	111	2	AAAAAATACCCAATACCCGTACTT	1
113	112	2	AAAAATACCCAATACCCGTACTTA	1
114	113	2	AAAATACCCAATACCCGTACTTAG	1
115	114	3	AAATACCCAATACCCGTACTTAGT	1
116	115	3	AATACCCAATACCCGTACTTAGTT	1
117	116	3	ATACCCAATACCCGTACTTAGTTT	1
118	117	3	TACCCAATACCCGTACTTAGTTTA	1
119	118	3	ACCCAATACCCGTACTTAGTTTAC	1
120	119	3	CCCAATACCCGTACTTAGTTTACC	1
121	120	2	CCAATACCCGTACTTAGTTTACCA	1
122	121	2	CAATACCCGTACTTAGTTTACCAG	1
123	122	2	AATACCCGTACTTAGTTTACCAGC	1
124	123	2	ATACCCGTACTTAGTTTACCAGCT	1
125	124	2	TACCCGTACTTAGTTTACCAGCTT	1
126	125	2	ACCCGTACTTAGTTTACCAGCTTT	1
127	126	1	CCCGTACTTAGTTTACCAGCTTTT	1
128	127	1	CCGTACTTAGTTTACCAGCTTTTT	1
129	128	1	CGTACTTAGTTTACCAGCTTTTTG	1
130	129	1	GTACTTAGTTTACCAGCTTTTTGA	1
131	130	1	TACTTAGTTTACCAGCTTTTTGAA	1
132	131	1	ACTTAGTTTACCAGCTTTTTGAAA	1
133	132	2	CTTAGTTTACCAGCTTTTTGAAAT	1
134	133	2	TTAGTTTACCAGCTTTTTGAAATT	1
135	134	2	TAGTTTACCAGCTTTTTGAAATTA	1
136	135	2	AGTTTACCAGCTTTTTGAAATTAG	1
137	136	2	GTTTACCAGCTTTTTGAAATTAGC	1
138	137	2	TTTACCAGCTTTTTGAAATTAGCT	1
139	138	2	TTACCAGCTTTTTGAAATTAGCTA	1
140	139	2	TACCAGCTTTTTGAAATTAGCTAG	1
141	140	2	ACCAGCTTTTTGAAATTAGCTAGC	1
142	141	2	CCAGCTTTTTGAAATTAGCTAGCT	1
143	142	2	CAGCTTTTTGAAATTAGCTAGCTA	1
144	143	2	AGCTTTTTGAAATTAGCTAGCTAA	1
145	144	2	GCTTTTTGAAATTAGCTAGCTAAT	1
146	145	2	CTTTTTGAAATTAGCTAGCTAATT	1
147	146	2	TTTTTGAAATTAGCTAGCTAATTA	1
148	147	2	TTTTGAAATTAGCTAGCTAATTAT	1
149	148	2	TTTGAAATTAGCTAGCTAATTATT	1
150	149	2	TTGAAATTAGCTAGCTAATTATTT	1
151	150	2	TGAAATTAGCTAGCTAATTATTTT	1
152	151	2	GAAATTAGCTAGCTAATTATTTTA	1
153	152	2	AAATTAGCTAGCTAATTATTTTAC	1
154	153	2	AATTAGCTAGCTAATTATTTTACA	1
155	154	2	ATTAGCTAGCTAATTATTTTACAT	1
156	155	2	TTAGCTAGCTAATTATTTTACATT	1
157	156	2	TAGCTAGCTAATTATTTTACATTT	1
158	157	2	AGCTAGCTAATTATTTTACATTTA	1
159	158	1	GCTAGCTAATTATTTTACATTTAT	1
160	159	1	CTAGCTAATTATTTTACATTTATC	1
161	160	1	TAGCTAATTATTTTACATTTATCT	1
162	161	1	AGCTAATTATTTTACATTTATCTG	1
163	162	1	GCTAATTATTTTACATTTATCTGC	1
164	163	1	CTAATTATTTTACATTTATCTGCT	1
165	164	1	TAATTATTTTACATTTATCTGCTT	1
166	165	1	AATTATTTTACATTTATCTGCTTG	1
167	166	2	ATTATTTTACATTTATCTGCTTGT	1
168	167	2	TTATTTTACATTTATCTGCTTGTT	1
169	168	2	TATTTTACATTTATCTGCTTGTTC	1
170	169	2	ATTTTACATTTATCTGCTTGTTCT	1
171	170	2	TTTTACATTTATCTGCTTGTTCTT	1
172	171	2	TTTACATTTATCTGCTTGTTCTTT	1
173	172	2	TTACATTTATCTGCTTGTTCTTTT	1
174	173	2	TACATTTATCTGCTTGTTCTTTTT	1
175	174	2	ACATTTATCTGCTTGTTCTTTTTC	1
176	175	2	CATTTATCTGCTTGTTCTTTTTCC	1
177	176	1	ATTTATCTGCTTGTTCTTTTTCCT	1
178	177	2	TTTATCTGCTTGTTCTTTTTCCTC	1
179	178	2	TTATCTGCTTGTTCTTTTTCCTCG	1
180	179	2	TATCTGCTTGTTCTTTTTCCTCGT	1
181	180	2	ATCTGCTTGTTCTTTTTCCTCGTG	1
182	181	2	TCTGCTTGTTCTTTTTCCTCGTGA	1
183	182	2	CTGCTTGTTCTTTTTCCTCGTGAT	1
184	183	2	TGCTTGTTCTTTTTCCTCGTGATC	1
185	184	2	GCTTGTTCTTTTTCCTCGTGATCT	1
186	185	2	CTTGTTCTTTTTCCTCGTGATCTC	1
187	186	2	TTGTTCTTTTTCCTCGTGATCTCA	1
188	187	2	TGTTCTTTTTCCTCGTGATCTCAT	1
189	188	2	GTTCTTTTTCCTCGTGATCTCATT	1
190	189	2	TTCTTTTTCCTCGTGATCTCATTA	1
191	190	2	TCTTTTTCCTCGTGATCTCATTAT	1
192	191	2	CTTTTTCCTCGTGATCTCATTATA	1
193	192	2	TTTTTCCTCGTGATCTCATTATAC	1
194	193	2	TTTTCCTCGTGATCTCATTATACT	1
195	194	2	TTTCCTCGTGATCTCATTATACTA	1
196	195	2	TTCCTCGTGATCTCATTATACTAT	1
197	196	2	TCCTCGTGATCTCATTATACTATA	1
198	197	2	CCTCGTGATCTCATTATACTATAC	1
199	198	2	CTCGTGATCTCATTATACTATACT	1
200	199	2	TCGTGATCTCATTATACTATACTC	1
201	200	2	CGTGATCTCATTATACTATACTCG	1
202	201	2	GTGATCTCATTATACTATACTCGA	1
203	202	2	TGATCTCATTATACTATACTCGAT	1
204	203	2	GATCTCATTATACTATACTCGATT	1
205	204	2	ATCTCATTATACTATACTCGATTG	1
206	205	2	TCTCATTATACTATACTCGATTGA	1
207	206	3	CTCATTATACTATACTCGATTGAT	1
208	207	3	TCATTATACTATACTCGATTGATT	1
209	208	3	CATTATACTATACTCGATTGATTA	1
210	209	3	ATTATACTATACTCGATTGATTAG	1
211	210	4	TTATACTATACTCGATTGATTAGC	1
212	211	5	TATACTATACTCGATTGATTAGCA	1
213	212	5	ATACTATACTCGATTGATTAGCAA	1
214	213	5	TACTATACTCGATTGATTAGCAAC	1
215	214	5	ACTATACTCGATTGATTAGCAACA	1
216	215	5	CTATACTCGATTGATTAGCAACAA	1
217	216	6	TATACTCGATTGATTAGCAACAAT	1
218	217	6	ATACTCGATTGATTAGCAACAATG	1
219	218	6	TACTCGATTGATTAGCAACAATGG	1
220	219	6	ACTCGATTGATTAGCAACAATGGC	1
221	220	6	CTCGATTGATTAGCAACAATGGCT	1
222	221	5	TCGATTGATTAGCAACAATGGCTC	1
223	222	5	CGATTGATTAGCAACAATGGCTCC	1
224	223	4	GATTGATTAGCAACAATGGCTCCA	1
225	224	4	ATTGATTAGCAACAATGGCTCCAC	1
226	225	4	TTGATTAGCAACAATGGCTCCACC	1
227	226	4	TGATTAGCAACAATGGCTCCACCT	1
228	227	4	GATTAGCAACAATGGCTCCACCTG	1
229	228	4	ATTAGCAACAATGGCTCCACCTGC	1
230	229	4	TTAGCAACAATGGCTCCACCTGCT	1
231	230	4	TAGCAACAATGGCTCCACCTGCTT	1
232	231	4	AGCAACAATGGCTCCACCTGCTTA	1
233	232	4	GCAACAATGGCTCCACCTGCTTAT	1
234	233	4	CAACAATGGCTCCACCTGCTTATG	1
235	234	4	AACAATGGCTCCACCTGCTTATGC	1
236	235	4	ACAATGGCTCCACCTGCTTATGCC	1
237	236	5	CAATGGCTCCACCTGCTTATGCCG	1
238	237	5	AATGGCTCCACCTGCTTATGCCGC	1
239	238	7	ATGGCTCCACCTGCTTATGCCGCT	1
240	239	7	TGGCTCCACCTGCTTATGCCGCTA	1
241	240	7	GGCTCCACCTGCTTATGCCGCTAT	1
242	241	7	GCTCCACCTGCTTATGCCGCTATT	1
243	242	7	CTCCACCTGCTTATGCCGCTATTA	1
244	243	7	TCCACCTGCTTATGCCGCTATTAA	1
245	244	7	CCACCTGCTTATGCCGCTATTAAC	1
246	245	7	CACCTGCTTATGCCGCTATTAACA	1
247	246	7	ACCTGCTTATGCCGCTATTAACAA	1
248	247	7	CCTGCTTATGCCGCTATTAACAAA	1
249	248	9	CTGCTTATGCCGCTATTAACAAAT	1
250	249	9	TGCTTATGCCGCTATTAACAAATT	1
251	250	8	GCTTATGCCGCTATTAACAAATTA	1
252	251	8	CTTATGCCGCTATTAACAAATTAT	1
253	252	8	TTATGCCGCTATTAACAAATTATG	1
254	253	8	TATGCCGCTATTAACAAATTATGC	1
255	254	6	ATGCCGCTATTAACAAATTATGCA	1
256	255	5	TGCCGCTATTAACAAATTATGCAA	1
257	256	5	GCCGCTATTAACAAATTATGCAAC	1
258	257	5	CCGCTATTAACAAATTATGCAACG	1
259	258	5	CGCTATTAACAAATTATGCAACGA	1
260	259	5	GCTATTAACAAATTATGCAACGAC	1
261	260	4	CTATTAACAAATTATGCAACGACT	1
262	261	4	TATTAACAAATTATGCAACGACTT	1
263	262	4	ATTAACAAATTATGCAACGACTTA	1
264	263	4	TTAACAAATTATGCAACGACTTAT	1
265	264	4	TAACAAATTATGCAACGACTTATT	1
266	265	5	AACAAATTATGCAACGACTTATTG	1
267	266	5	ACAAATTATGCAACGACTTATTGC	1
268	267	5	CAAATTATGCAACGACTTATTGCA	1
269	268	5	AAATTATGCAACGACTTATTGCAA	1
270	269	5	AATTATGCAACGACTTATTGCAAC	1
271	270	5	ATTATGCAACGACTTATTGCAACG	1
272	271	6	TTATGCAACGACTTATTGCAACGC	1
273	272	6	TATGCAACGACTTATTGCAACGCG	1
274	273	7	ATGCAACGACTTATTGCAACGCGA	1
275	274	8	TGCAACGACTTATTGCAACGCGAT	1
276	275	8	GCAACGACTTATTGCAACGCGATT	1
277	276	10	CAACGACTTATTGCAACGCGATTT	1
278	277	10	AACGACTTATTGCAACGCGATTTC	1
279	278	10	ACGACTTATTGCAACGCGATTTCC	1
280	279	10	CGACTTATTGCAACGCGATTTCCC	1
281	280	9	GACTTATTGCAACGCGATTTCCCT	1
282	281	9	ACTTATTGCAACGCGATTTCCCTG	1
283	282	7	CTTATTGCAACGCGATTTCCCTGT	1
284	283	7	TTATTGCAACGCGATTTCCCTGTC	1
285	284	7	TATTGCAACGCGATTTCCCTGTCG	1
286	285	7	ATTGCAACGCGATTTCCCTGTCGG	1
287	286	7	TTGCAACGCGATTTCCCTGTCGGA	1
288	287	7	TGCAACGCGATTTCCCTGTCGGAG	1
289	288	9	GCAACGCGATTTCCCTGTCGGAGC	1
290	289	9	CAACGCGATTTCCCTGTCGGAGCT	1
291	290	9	AACGCGATTTCCCTGTCGGAGCTA	1
292	291	9	ACGCGATTTCCCTGTCGGAGCTAC	1
293	292	8	CGCGATTTCCCTGTCGGAGCTACC	1
294	293	8	GCGATTTCCCTGTCGGAGCTACCT	1
295	294	8	CGATTTCCCTGTCGGAGCTACCTT	1
296	295	8	GATTTCCCTGTCGGAGCTACCTTA	1
297	296	8	ATTTCCCTGTCGGAGCTACCTTAT	1
298	297	8	TTTCCCTGTCGGAGCTACCTTATT	1
299	298	8	TTCCCTGTCGGAGCTACCTTATTG	1
300	299	8	TCCCTGTCGGAGCTACCTTATTGA	1
301	300	8	CCCTGTCGGAGCTACCTTATTGAG	1
302	301	8	CCTGTCGGAGCTACCTTATTGAGC	1
303	302	8	CTGTCGGAGCTACCTTATTGAGCG	1
304	303	8	TGTCGGAGCTACCTTATTGAGCGT	1
305	304	8	GTCGGAGCTACCTTATTGAGCGTT	1
306	305	8	TCGGAGCTACCTTATTGAGCGTTC	1
307	306	8	CGGAGCTACCTTATTGAGCGTTCG	1
308	307	8	GGAGCTACCTTATTGAGCGTTCGC	1
309	308	8	GAGCTACCTTATTGAGCGTTCGCA	1
310	309	7	AGCTACCTTATTGAGCGTTCGCAC	1
311	310	7	GCTACCTTATTGAGCGTTCGCACT	1
312	311	7	CTACCTTATTGAGCGTTCGCACTA	1
313	312	7	TACCTTATTGAGCGTTCGCACTAC	1
314	313	7	ACCTTATTGAGCGTTCGCACTACC	1
315	314	6	CCTTATTGAGCGTTCGCACTACCG	1
316	315	5	CTTATTGAGCGTTCGCACTACCGC	1
317	316	3	TTATTGAGCGTTCGCACTACCGCT	1
318	317	3	TATTGAGCGTTCGCACTACCGCTC	1
319	318	3	ATTGAGCGTTCGCACTACCGCTCC	1
320	319	3	TTGAGCGTTCGCACTACCGCTCCC	1
321	320	2	TGAGCGTTCGCACTACCGCTCCCA	1
322	321	2	GAGCGTTCGCACTACCGCTCCCAA	1
323	322	2	AGCGTTCGCACTACCGCTCCCAAC	1
324	323	2	GCGTTCGCACTACCGCTCCCAACG	1
325	324	2	CGTTCGCACTACCGCTCCCAACGG	1
326	325	2	GTTCGCACTACCGCTCCCAACGGA	1
327	326	2	TTCGCACTACCGCTCCCAACGGAG	1
328	327	2	TCGCACTACCGCTCCCAACGGAGT	1
329	328	2	CGCACTACCGCTCCCAACGGAGTC	1
330	329	2	GCACTACCGCTCCCAACGGAGTCG	1
331	330	2	CACTACCGCTCCCAACGGAGTCGT	1
332	331	2	ACTACCGCTCCCAACGGAGTCGTC	1
333	-1	0	GGTTGGTTTAAGTGAGCAGTTCGC	1
334	333	1	GTTGGTTTAAGTGAGCAGTTCGCT	1
335	334	2	TTGGTTTAAGTGAGCAGTTCGCTC	1
336	335	2	TGGTTTAAGTGAGCAGTTCGCTCC	1
337	336	2	GGTTTAAGTGAGCAGTTCGCTCCA	1
338	337	2	GTTTAAGTGAGCAGTTCGCTCCAG	1
339	338	2	TTTAAGTGAGCAGTTCGCTCCAGG	1
340	339	2	TTAAGTGAGCAGTTCGCTCCAGGA	1
341	340	2	TAAGTGAGCAGTTCGCTCCAGGAT	1
342	341	2	AAGTGAGCAGTTCGCTCCAGGATT	1
343	342	2	AGTGAGCAGTTCGCTCCAGGATTG	1
344	343	2	GTGAGCAGTTCGCTCCAGGATTGC	1
345	344	2	TGAGCAGTTCGCTCCAGGATTGCA	1
346	345	2	GAGCAGTTCGCTCCAGGATTGCAC	1
347	346	2	AGCAGTTCGCTCCAGGATTGCACC	1
348	347	2	GCAGTTCGCTCCAGGATTGCACCT	1
349	348	2	CAGTTCGCTCCAGGATTGCACCTT	1
350	349	2	AGTTCGCTCCAGGATTGCACCTTA	1
351	350	2	GTTCGCTCCAGGATTGCACCTTAA	1
352	351	2	TTCGCTCCAGGATTGCACCTTAAC	1
353	352	2	TCGCTCCAGGATTGCACCTTAACG	1
354	353	2	CGCTCCAGGATTGCACCTTAACGT	1
355	354	2	GCTCCAGGATTGCACCTTAACGTC	1
356	355	2	CTCCAGGATTGCACCTTAACGTCA	1
357	356	2	TCCAGGATTGCACCTTAACGTCAA	1
358	357	2	CCAGGATTGCACCTTAACGTCAAC	1
359	358	2	CAGGATTGCACCTTAACGTCAACA	1
360	359	2	AGGATTGCACCTTAACGTCAACAC	1
361	360	2	GGATTGCACCTTAACGTCAACACG	1
362	361	2	GATTGCACCTTAACGTCAACACGA	1
363	362	2	ATTGCACCTTAACGTCAACACGAC	1
364	363	2	TTGCACCTTAACGTCAACACGACT	1
365	364	2	TGCACCTTAACGTCAACACGACTT	1
366	365	2	GCACCTTAACGTCAACACGACTTT	1
367	366	2	CACCTTAACGTCAACACGACTTTT	1
368	367	2	ACCTTAACGTCAACACGACTTTTA	1
369	368	2	CCTTAACGTCAACACGACTTTTAG	1
370	369	2	CTTAACGTCAACACGACTTTTAGC	1
371	370	2	TTAACGTCAACACGACTTTTAGCC	1
372	371	2	TAACGTCAACACGACTTTTAGCCC	1
373	372	2	AACGTCAACACGACTTTTAGCCCT	1
374	373	3	ACGTCAACACGACTTTTAGCCCTG	1
375	374	3	CGTCAACACGACTTTTAGCCCTGC	1
376	375	3	GTCAACACGACTTTTAGCCCTGCA	1
377	376	4	TCAACACGACTTTTAGCCCTGCAA	1
378	377	4	CAACACGACTTTTAGCCCTGCAAC	1
379	378	3	AACACGACTTTTAGCCCTGCAACT	1
380	379	3	ACACGACTTTTAGCCCTGCAACTG	1
381	380	3	CACGACTTTTAGCCCTGCAACTGC	1
382	381	4	ACGACTTTTAGCCCTGCAACTGCC	1
383	382	4	CGACTTTTAGCCCTGCAACTGCCG	1
384	383	6	GACTTTTAGCCCTGCAACTGCCGC	1
385	384	6	ACTTTTAGCCCTGCAACTGCCGCC	1
386	385	6	CTTTTAGCCCTGCAACTGCCGCCA	1
387	386	6	TTTTAGCCCTGCAACTGCCGCCAA	1
388	387	6	TTTAGCCCTGCAACTGCCGCCAAG	1
389	388	6	TTAGCCCTGCAACTGCCGCCAAGA	1
390	389	6	TAGCCCTGCAACTGCCGCCAAGAC	1
391	390	6	AGCCCTGCAACTGCCGCCAAGACT	1
392	391	6	GCCCTGCAACTGCCGCCAAGACTG	1
393	392	6	CCCTGCAACTGCCGCCAAGACTGC	1
394	393	6	CCTGCAACTGCCGCCAAGACTGCT	1
395	394	6	CTGCAACTGCCGCCAAGACTGCTA	1
396	395	6	TGCAACTGCCGCCAAGACTGCTAT	1
397	396	6	GCAACTGCCGCCAAGACTGCTATT	1
398	397	6	CAACTGCCGCCAAGACTGCTATTC	1
399	398	6	AACTGCCGCCAAGACTGCTATTCT	1
400	399	6	ACTGCCGCCAAGACTGCTATTCTC	1
401	400	6	CTGCCGCCAAGACTGCTATTCTCA	1
402	401	6	TGCCGCCAAGACTGCTATTCTCAA	1
403	402	6	GCCGCCAAGACTGCTATTCTCAAT	1
404	403	6	CCGCCAAGACTGCTATTCTCAATT	1
405	404	6	CGCCAAGACTGCTATTCTCAATTT	1
406	405	6	GCCAAGACTGCTATTCTCAATTTG	1
407	406	6	CCAAGACTGCTATTCTCAATTTGG	1
408	407	6	CAAGACTGCTATTCTCAATTTGGA	1
409	408	6	AAGACTGCTATTCTCAATTTGGAG	1
410	409	6	AGACTGCTATTCTCAATTTGGAGC	1
411	410	6	GACTGCTATTCTCAATTTGGAGCA	1
412	411	6	ACTGCTATTCTCAATTTGGAGCAT	1
413	412	6	CTGCTATTCTCAATTTGGAGCATC	1
414	413	6	TGCTATTCTCAATTTGGAGCATCA	1
415	414	6	GCTATTCTCAATTTGGAGCATCAA	1
416	415	6	CTATTCTCAATTTGGAGCATCAAC	1
417	416	6	TATTCTCAATTTGGAGCATCAACA	1
418	417	5	ATTCTCAATTTGGAGCATCAACAT	1
419	418	5	TTCTCAATTTGGAGCATCAACATC	1
420	419	5	TCTCAATTTGGAGCATCAACATCC	1
421	420	4	CTCAATTTGGAGCATCAACATCCT	1
422	421	3	TCAATTTGGAGCATCAACATCCTT	1
423	422	3	CAATTTGGAGCATCAACATCCTTT	1
424	423	3	AATTTGGAGCATCAACATCCTTTA	1
425	424	3	ATTTGGAGCATCAACATCCTTTAA	1
426	425	2	TTTGGAGCATCAACATCCTTTAAT	1
427	426	2	TTGGAGCATCAACATCCTTTAATA	1
428	-1	0	TGTAAACGCGTTGGAGCGCAAGTT	1
429	428	1	GTAAACGCGTTGGAGCGCAAGTTC	1
430	429	1	TAAACGCGTTGGAGCGCAAGTTCC	1
431	430	1	AAACGCGTTGGAGCGCAAGTTCCT	1
432	431	1	AACGCGTTGGAGCGCAAGTTCCTT	1
433	432	1	ACGCGTTGGAGCGCAAGTTCCTTG	1
434	433	1	CGCGTTGGAGCGCAAGTTCCTTGG	1
435	434	1	GCGTTGGAGCGCAAGTTCCTTGGT	1
436	435	1	CGTTGGAGCGCAAGTTCCTTGGTG	1
437	436	1	GTTGGAGCGCAAGTTCCTTGGTGA	1
438	437	1	TTGGAGCGCAAGTTCCTTGGTGAC	1
439	438	1	TGGAGCGCAAGTTCCTTGGTGACT	1
440	439	1	GGAGCGCAAGTTCCTTGGTGACTT	1
441	440	1	GAGCGCAAGTTCCTTGGTGACTTT	1
442	441	1	AGCGCAAGTTCCTTGGTGACTTTA	1
443	442	1	GCGCAAGTTCCTTGGTGACTTTAC	1
444	443	1	CGCAAGTTCCTTGGTGACTTTACT	1
445	444	1	GCAAGTTCCTTGGTGACTTTACTG	1
446	445	1	CAAGTTCCTTGGTGACTTTACTGT	1
447	446	1	AAGTTCCTTGGTGACTTTACTGTC	1
448	447	1	AGTTCCTTGGTGACTTTACTGTCG	1
449	448	1	GTTCCTTGGTGACTTTACTGTCGG	1
450	449	1	TTCCTTGGTGACTTTACTGTCGGC	1
451	450	1	TCCTTGGTGACTTTACTGTCGGCC	1
452	451	1	CCTTGGTGACTTTACTGTCGGCCA	1
453	452	1	CTTGGTGACTTTACTGTCGGCCAC	1
454	453	1	TTGGTGACTTTACTGTCGGCCACG	1
455	454	1	TGGTGACTTTACTGTCGGCCACGA	1
456	455	1	GGTGACTTTACTGTCGGCCACGAG	1
457	456	1	GTGACTTTACTGTCGGCCACGAGG	1
458	457	1	TGACTTTACTGTCGGCCACGAGGG	1
459	458	1	GACTTTACTGTCGGCCACGAGGGA	1
460	459	1	ACTTTACTGTCGGCCACGAGGGAT	1
461	460	1	CTTTACTGTCGGCCACGAGGGATT	1
462	461	1	TTTACTGTCGGCCACGAGGGATTC	1
463	462	1	TTACTGTCGGCCACGAGGGATTCT	1
464	463	1	TACTGTCGGCCACGAGGGATTCTT	1
465	464	1	ACTGTCGGCCACGAGGGATTCTTG	1
466	465	1	CTGTCGGCCACGAGGGATTCTTGG	1
467	466	1	TGTCGGCCACGAGGGATTCTTGGC	1
468	467	2	GTCGGCCACGAGGGATTCTTGGCT	1
469	468	2	TCGGCCACGAGGGATTCTTGGCTG	1
470	469	2	CGGCCACGAGGGATTCTTGGCTGG	1
471	470	1	GGCCACGAGGGATTCTTGGCTGGT	1
472	471	1	GCCACGAGGGATTCTTGGCTGGTG	1
473	472	1	CCACGAGGGATTCTTGGCTGGTGC	1
474	473	1	CACGAGGGATTCTTGGCTGGTGCT	1
475	474	1	ACGAGGGATTCTTGGCTGGTGCTG	1
476	475	1	CGAGGGATTCTTGGCTGGTGCTGA	1
477	476	1	GAGGGATTCTTGGCTGGTGCTGAA	1
478	477	1	AGGGATTCTTGGCTGGTGCTGAAT	1
479	478	1	GGGATTCTTGGCTGGTGCTGAATT	1
480	479	1	GGATTCTTGGCTGGTGCTGAATTT	1
481	480	1	GATTCTTGGCTGGTGCTGAATTTG	1
482	481	1	ATTCTTGGCTGGTGCTGAATTTGG	1
483	482	1	TTCTTGGCTGGTGCTGAATTTGGT	1
484	483	2	TCTTGGCTGGTGCTGAATTTGGTT	1
485	484	2	CTTGGCTGGTGCTGAATTTGGTTA	1
486	485	2	TTGGCTGGTGCTGAATTTGGTTAT	1
487	486	2	TGGCTGGTGCTGAATTTGGTTATG	1
488	487	2	GGCTGGTGCTGAATTTGGTTATGA	1
489	488	2	GCTGGTGCTGAATTTGGTTATGAT	1
490	489	2	CTGGTGCTGAATTTGGTTATGATG	1
491	490	2	TGGTGCTGAATTTGGTTATGATGT	1
492	491	2	GGTGCTGAATTTGGTTATGATGTT	1
493	492	2	GTGCTGAATTTGGTTATGATGTTC	1
494	493	2	TGCTGAATTTGGTTATGATGTTCA	1
495	494	2	GCTGAATTTGGTTATGATGTTCAA	1
496	495	2	CTGAATTTGGTTATGATGTTCAAA	1
497	496	2	TGAATTTGGTTATGATGTTCAAAA	1
498	497	2	GAATTTGGTTATGATGTTCAAAAG	1
499	498	3	AATTTGGTTATGATGTTCAAAAGG	1
500	499	3	ATTTGGTTATGATGTTCAAAAGGG	1
501	500	3	TTTGGTTATGATGTTCAAAAGGGC	1
502	501	3	TTGGTTATGATGTTCAAAAGGGCA	1
503	502	3	TGGTTATGATGTTCAAAAGGGCAA	1
504	503	3	GGTTATGATGTTCAAAAGGGCAAT	1
505	504	3	GTTATGATGTTCAAAAGGGCAATG	1
506	505	4	TTATGATGTTCAAAAGGGCAATGT	1
507	506	4	TATGATGTTCAAAAGGGCAATGTT	1
508	507	4	ATGATGTTCAAAAGGGCAATGTTT	1
509	508	5	TGATGTTCAAAAGGGCAATGTTTC	1
510	509	5	GATGTTCAAAAGGGCAATGTTTCT	1
511	510	5	ATGTTCAAAAGGGCAATGTTTCTA	1
512	511	4	TGTTCAAAAGGGCAATGTTTCTAA	1
513	512	4	GTTCAAAAGGGCAATGTTTCTAAC	1
514	513	4	TTCAAAAGGGCAATGTTTCTAACT	1
515	514	4	TCAAAAGGGCAATGTTTCTAACTA	1
516	515	4	CAAAAGGGCAATGTTTCTAACTAT	1
517	516	4	AAAAGGGCAATGTTTCTAACTATG	1
518	517	4	AAAGGGCAATGTTTCTAACTATGC	1
519	518	4	AAGGGCAATGTTTCTAACTATGCT	1
520	519	4	AGGGCAATGTTTCTAACTATGCTG	1
521	520	4	GGGCAATGTTTCTAACTATGCTGC	1
522	521	5	GGCAATGTTTCTAACTATGCTGCT	1
523	522	5	GCAATGTTTCTAACTATGCTGCTA	1
524	523	5	CAATGTTTCTAACTATGCTGCTAC	1
525	524	5	AATGTTTCTAACTATGCTGCTACT	1
526	525	5	ATGTTTCTAACTATGCTGCTACTA	1
527	526	5	TGTTTCTAACTATGCTGCTACTAT	1
528	527	4	GTTTCTAACTATGCTGCTACTATC	1
529	528	4	TTTCTAACTATGCTGCTACTATCG	1
530	529	4	TTCTAACTATGCTGCTACTATCGG	1
531	530	4	TCTAACTATGCTGCTACTATCGGT	1
532	531	4	CTAACTATGCTGCTACTATCGGTT	1
533	532	4	TAACTATGCTGCTACTATCGGTTA	1
534	533	4	AACTATGCTGCTACTATCGGTTAC	1
535	534	4	ACTATGCTGCTACTATCGGTTACT	1
536	535	4	CTATGCTGCTACTATCGGTTACTT	1
537	536	4	TATGCTGCTACTATCGGTTACTTG	1
538	537	4	ATGCTGCTACTATCGGTTACTTGG	1
539	538	4	TGCTGCTACTATCGGTTACTTGGC	1
540	539	4	GCTGCTACTATCGGTTACTTGGCT	1
541	540	4	CTGCTACTATCGGTTACTTGGCTA	1
542	541	4	TGCTACTATCGGTTACTTGGCTAG	1
543	542	3	GCTACTATCGGTTACTTGGCTAGT	1
544	543	2	CTACTATCGGTTACTTGGCTAGTC	1
545	544	2	TACTATCGGTTACTTGGCTAGTCC	1
546	545	2	ACTATCGGTTACTTGGCTAGTCCT	1
547	546	2	CTATCGGTTACTTGGCTAGTCCTC	1
548	547	1	TATCGGTTACTTGGCTAGTCCTCT	1
549	548	1	ATCGGTTACTTGGCTAGTCCTCTT	1
550	549	1	TCGGTTACTTGGCTAGTCCTCTTT	1
551	550	1	CGGTTACTTGGCTAGTCCTCTTTC	1
552	551	2	GGTTACTTGGCTAGTCCTCTTTCT	1
553	552	1	GTTACTTGGCTAGTCCTCTTTCTG	1
554	553	1	TTACTTGGCTAGTCCTCTTTCTGT	1
555	554	1	TACTTGGCTAGTCCTCTTTCTGTT	1
556	555	1	ACTTGGCTAGTCCTCTTTCTGTTG	1
557	556	1	CTTGGCTAGTCCTCTTTCTGTTGC	1
558	557	2	TTGGCTAGTCCTCTTTCTGTTGCC	1
559	558	2	TGGCTAGTCCTCTTTCTGTTGCCC	1
560	559	2	GGCTAGTCCTCTTTCTGTTGCCCT	1
561	560	2	GCTAGTCCTCTTTCTGTTGCCCTT	1
562	561	2	CTAGTCCTCTTTCTGTTGCCCTTC	1
563	562	2	TAGTCCTCTTTCTGTTGCCCTTCA	1
564	563	2	AGTCCTCTTTCTGTTGCCCTTCAA	1
565	564	2	GTCCTCTTTCTGTTGCCCTTCAAG	1
566	565	2	TCCTCTTTCTGTTGCCCTTCAAGC	1
567	566	2	CCTCTTTCTGTTGCCCTTCAAGCT	1
568	567	2	CTCTTTCTGTTGCCCTTCAAGCTT	1
569	568	2	TCTTTCTGTTGCCCTTCAAGCTTC	1
570	569	2	CTTTCTGTTGCCCTTCAAGCTTCC	1
571	570	2	TTTCTGTTGCCCTTCAAGCTTCCA	1
572	571	2	TTCTGTTGCCCTTCAAGCTTCCAA	1
573	572	2	TCTGTTGCCCTTCAAGCTTCCAAC	1
574	573	2	CTGTTGCCCTTCAAGCTTCCAACA	1
575	574	2	TGTTGCCCTTCAAGCTTCCAACAA	1
576	575	2	GTTGCCCTTCAAGCTTCCAACAAT	1
577	576	2	TTGCCCTTCAAGCTTCCAACAATC	1
578	577	2	TGCCCTTCAAGCTTCCAACAATCT	1
579	578	2	GCCCTTCAAGCTTCCAACAATCTC	1
580	579	2	CCCTTCAAGCTTCCAACAATCTCA	1
581	580	2	CCTTCAAGCTTCCAACAATCTCAG	1
582	581	2	CTTCAAGCTTCCAACAATCTCAGT	1
583	582	2	TTCAAGCTTCCAACAATCTCAGTG	1
584	583	2	TCAAGCTTCCAACAATCTCAGTGT	1
585	584	2	CAAGCTTCCAACAATCTCAGTGTA	1
586	585	2	AAGCTTCCAACAATCTCAGTGTAT	1
587	586	2	AGCTTCCAACAATCTCAGTGTATT	1
588	587	2	GCTTCCAACAATCTCAGTGTATTC	1
589	588	2	CTTCCAACAATCTCAGTGTATTCC	1
590	589	2	TTCCAACAATCTCAGTGTATTCCG	1
591	590	2	TCCAACAATCTCAGTGTATTCCGT	1
592	591	2	CCAACAATCTCAGTGTATTCCGTG	1
593	592	2	CAACAATCTCAGTGTATTCCGTGC	1
594	593	2	AACAATCTCAGTGTATTCCGTGCT	1
595	594	2	ACAATCTCAGTGTATTCCGTGCTA	1
596	595	1	CAATCTCAGTGTATTCCGTGCTAG	1
597	596	1	AATCTCAGTGTATTCCGTGCTAGC	1
598	597	1	ATCTCAGTGTATTCCGTGCTAGCT	1
599	598	1	TCTCAGTGTATTCCGTGCTAGCTA	1
600	599	1	CTCAGTGTATTCCGTGCTAGCTAT	1
601	600	1	TCAGTGTATTCCGTGCTAGCTATT	1
602	-1	0	TTGGAGCTTGCTTCCAAATACGCC	1
603	602	1	TGGAGCTTGCTTCCAAATACGCCC	1
604	603	1	GGAGCTTGCTTCCAAATACGCCCT	1
605	604	1	GAGCTTGCTTCCAAATACGCCCTT	1
606	605	1	AGCTTGCTTCCAAATACGCCCTTG	1
607	606	1	GCTTGCTTCCAAATACGCCCTTGA	1
608	607	1	CTTGCTTCCAAATACGCCCTTGAC	1
609	608	1	TTGCTTCCAAATACGCCCTTGACA	1
610	609	1	TGCTTCCAAATACGCCCTTGACAA	1
611	610	1	GCTTCCAAATACGCCCTTGACAAG	1
612	611	1	CTTCCAAATACGCCCTTGACAAGG	1
613	612	3	TTCCAAATACGCCCTTGACAAGGA	1
614	613	3	TCCAAATACGCCCTTGACAAGGAT	1
615	614	3	CCAAATACGCCCTTGACAAGGATA	1
616	615	3	CAAATACGCCCTTGACAAGGATAC	1
617	616	3	AAATACGCCCTTGACAAGGATACT	1
618	617	3	AATACGCCCTTGACAAGGATACTT	1
619	618	3	ATACGCCCTTGACAAGGATACTTT	1
620	619	3	TACGCCCTTGACAAGGATACTTTT	1
621	620	3	ACGCCCTTGACAAGGATACTTTTG	1
622	621	3	CGCCCTTGACAAGGATACTTTTGT	1
623	622	3	GCCCTTGACAAGGATACTTTTGTG	1
624	623	3	CCCTTGACAAGGATACTTTTGTGA	1
625	624	3	CCTTGACAAGGATACTTTTGTGAA	1
626	625	4	CTTGACAAGGATACTTTTGTGAAG	1
627	626	5	TTGACAAGGATACTTTTGTGAAGG	1
628	627	5	TGACAAGGATACTTTTGTGAAGGG	1
629	628	5	GACAAGGATACTTTTGTGAAGGGA	1
630	629	5	ACAAGGATACTTTTGTGAAGGGAA	1
631	630	5	CAAGGATACTTTTGTGAAGGGAAA	1
632	631	5	AAGGATACTTTTGTGAAGGGAAAG	1
633	632	5	AGGATACTTTTGTGAAGGGAAAGA	1
634	633	5	GGATACTTTTGTGAAGGGAAAGAT	1
635	634	5	GATACTTTTGTGAAGGGAAAGATC	1
636	635	6	ATACTTTTGTGAAGGGAAAGATCA	1
637	636	6	TACTTTTGTGAAGGGAAAGATCAA	1
638	637	6	ACTTTTGTGAAGGGAAAGATCAAT	1
639	638	6	CTTTTGTGAAGGGAAAGATCAATA	1
640	639	6	TTTTGTGAAGGGAAAGATCAATAG	1
641	640	6	TTTGTGAAGGGAAAGATCAATAGC	1
642	641	6	TTGTGAAGGGAAAGATCAATAGCG	1
643	642	6	TGTGAAGGGAAAGATCAATAGCGC	1
644	643	6	GTGAAGGGAAAGATCAATAGCGCT	1
645	644	6	TGAAGGGAAAGATCAATAGCGCTG	1
646	645	6	GAAGGGAAAGATCAATAGCGCTGG	1
647	646	5	AAGGGAAAGATCAATAGCGCTGGT	1
648	647	5	AGGGAAAGATCAATAGCGCTGGTG	1
649	648	5	GGGAAAGATCAATAGCGCTGGTGT	1
650	649	5	GGAAAGATCAATAGCGCTGGTGTT	1
651	650	5	GAAAGATCAATAGCGCTGGTGTTG	1
652	651	5	AAAGATCAATAGCGCTGGTGTTGC	1
653	652	5	AAGATCAATAGCGCTGGTGTTGCT	1
654	653	5	AGATCAATAGCGCTGGTGTTGCTA	1
655	654	5	GATCAATAGCGCTGGTGTTGCTAC	1
656	655	5	ATCAATAGCGCTGGTGTTGCTACT	1
657	656	3	TCAATAGCGCTGGTGTTGCTACTT	1
658	657	3	CAATAGCGCTGGTGTTGCTACTTT	1
659	658	3	AATAGCGCTGGTGTTGCTACTTTG	1
660	659	3	ATAGCGCTGGTGTTGCTACTTTGT	1
661	660	2	TAGCGCTGGTGTTGCTACTTTGTC	1
662	661	2	AGCGCTGGTGTTGCTACTTTGTCT	1
663	662	2	GCGCTGGTGTTGCTACTTTGTCTT	1
664	663	2	CGCTGGTGTTGCTACTTTGTCTTA	1
665	664	2	GCTGGTGTTGCTACTTTGTCTTAT	1
666	665	2	CTGGTGTTGCTACTTTGTCTTATT	1
667	666	2	TGGTGTTGCTACTTTGTCTTATTT	1
668	667	2	GGTGTTGCTACTTTGTCTTATTTC	1
669	668	2	GTGTTGCTACTTTGTCTTATTTCC	1
670	669	2	TGTTGCTACTTTGTCTTATTTCCA	1
671	670	1	GTTGCTACTTTGTCTTATTTCCAA	1
672	671	1	TTGCTACTTTGTCTTATTTCCAAA	1
673	672	1	TGCTACTTTGTCTTATTTCCAAAC	1
674	673	1	GCTACTTTGTCTTATTTCCAAACC	1
675	674	1	CTACTTTGTCTTATTTCCAAACCG	1
676	675	1	TACTTTGTCTTATTTCCAAACCGT	1
677	676	1	ACTTTGTCTTATTTCCAAACCGTC	1
678	677	1	CTTTGTCTTATTTCCAAACCGTCC	1
679	678	1	TTTGTCTTATTTCCAAACCGTCCG	1
680	-1	0	ACCGTCCGTCCTGGTGTTACCGTC	1
681	680	2	CCGTCCGTCCTGGTGTTACCGTCG	1
682	681	2	CGTCCGTCCTGGTGTTACCGTCGG	1
683	682	3	GTCCGTCCTGGTGTTACCGTCGGC	1
684	683	3	TCCGTCCTGGTGTTACCGTCGGCC	1
685	684	3	CCGTCCTGGTGTTACCGTCGGCCT	1
686	685	3	CGTCCTGGTGTTACCGTCGGCCTT	1
687	686	3	GTCCTGGTGTTACCGTCGGCCTTG	1
688	687	3	TCCTGGTGTTACCGTCGGCCTTGG	1
689	688	3	CCTGGTGTTACCGTCGGCCTTGGT	1
690	689	3	CTGGTGTTACCGTCGGCCTTGGTC	1
691	690	3	TGGTGTTACCGTCGGCCTTGGTCT	1
692	691	3	GGTGTTACCGTCGGCCTTGGTCTT	1
693	692	3	GTGTTACCGTCGGCCTTGGTCTTC	1
694	693	3	TGTTACCGTCGGCCTTGGTCTTCA	1
695	694	3	GTTACCGTCGGCCTTGGTCTTCAA	1
696	695	3	TTACCGTCGGCCTTGGTCTTCAAC	1
697	696	3	TACCGTCGGCCTTGGTCTTCAACT	1
698	697	3	ACCGTCGGCCTTGGTCTTCAACTC	1
699	698	3	CCGTCGGCCTTGGTCTTCAACTCG	1
700	699	3	CGTCGGCCTTGGTCTTCAACTCGA	1
701	700	3	GTCGGCCTTGGTCTTCAACTCGAC	1
702	701	4	TCGGCCTTGGTCTTCAACTCGACA	1
703	702	4	CGGCCTTGGTCTTCAACTCGACAC	1
704	703	4	GGCCTTGGTCTTCAACTCGACACT	1
705	704	4	GCCTTGGTCTTCAACTCGACACTC	1
706	705	4	CCTTGGTCTTCAACTCGACACTCA	1
707	706	4	CTTGGTCTTCAACTCGACACTCAA	1
708	707	4	TTGGTCTTCAACTCGACACTCAAC	1
709	708	4	TGGTCTTCAACTCGACACTCAACG	1
710	709	4	GGTCTTCAACTCGACACTCAACGT	1
711	710	4	GTCTTCAACTCGACACTCAACGTT	1
712	711	5	TCTTCAACTCGACACTCAACGTTT	1
713	712	5	CTTCAACTCGACACTCAACGTTTA	1
714	713	5	TTCAACTCGACACTCAACGTTTAG	1
715	714	5	TCAACTCGACACTCAACGTTTAGG	1
716	715	5	CAACTCGACACTCAACGTTTAGGA	1
717	716	5	AACTCGACACTCAACGTTTAGGAC	1
718	717	5	ACTCGACACTCAACGTTTAGGACA	1
719	718	5	CTCGACACTCAACGTTTAGGACAA	1
720	719	5	TCGACACTCAACGTTTAGGACAAC	1
721	720	5	CGACACTCAACGTTTAGGACAACC	1
722	721	5	GACACTCAACGTTTAGGACAACCC	1
723	722	5	ACACTCAACGTTTAGGACAACCCG	1
724	723	5	CACTCAACGTTTAGGACAACCCGC	1
725	724	3	ACTCAACGTTTAGGACAACCCGCT	1
726	725	3	CTCAACGTTTAGGACAACCCGCTC	1
727	726	2	TCAACGTTTAGGACAACCCGCTCA	1
728	727	2	CAACGTTTAGGACAACCCGCTCAC	1
729	728	2	AACGTTTAGGACAACCCGCTCACA	1
730	729	2	ACGTTTAGGACAACCCGCTCACAA	1
731	730	2	CGTTTAGGACAACCCGCTCACAAG	1
732	731	2	GTTTAGGACAACCCGCTCACAAGG	1
733	732	3	TTTAGGACAACCCGCTCACAAGGC	1
734	733	3	TTAGGACAACCCGCTCACAAGGCT	1
735	734	3	TAGGACAACCCGCTCACAAGGCTG	1
736	735	3	AGGACAACCCGCTCACAAGGCTGG	1
737	736	3	GGACAACCCGCTCACAAGGCTGGC	1
738	737	3	GACAACCCGCTCACAAGGCTGGCC	1
739	738	3	ACAACCCGCTCACAAGGCTGGCCT	1
740	739	3	CAACCCGCTCACAAGGCTGGCCTT	1
741	740	4	AACCCGCTCACAAGGCTGGCCTTT	1
742	741	4	ACCCGCTCACAAGGCTGGCCTTTC	1
743	742	4	CCCGCTCACAAGGCTGGCCTTTCT	1
744	743	4	CCGCTCACAAGGCTGGCCTTTCTC	1
745	744	4	CGCTCACAAGGCTGGCCTTTCTCT	1
746	745	3	GCTCACAAGGCTGGCCTTTCTCTT	1
747	746	4	CTCACAAGGCTGGCCTTTCTCTTG	1
748	747	4	TCACAAGGCTGGCCTTTCTCTTGC	1
749	748	4	CACAAGGCTGGCCTTTCTCTTGCT	1
750	749	4	ACAAGGCTGGCCTTTCTCTTGCTT	1
751	750	4	CAAGGCTGGCCTTTCTCTTGCTTT	1
752	751	4	AAGGCTGGCCTTTCTCTTGCTTTT	1
753	752	4	AGGCTGGCCTTTCTCTTGCTTTTT	1
754	753	4	GGCTGGCCTTTCTCTTGCTTTTTC	1
755	754	4	GCTGGCCTTTCTCTTGCTTTTTCA	1
756	755	3	CTGGCCTTTCTCTTGCTTTTTCAG	1
757	756	3	TGGCCTTTCTCTTGCTTTTTCAGC	1
758	757	3	GGCCTTTCTCTTGCTTTTTCAGCC	1
759	758	3	GCCTTTCTCTTGCTTTTTCAGCCT	1
760	759	3	CCTTTCTCTTGCTTTTTCAGCCTA	1
761	760	4	CTTTCTCTTGCTTTTTCAGCCTAA	1
762	761	4	TTTCTCTTGCTTTTTCAGCCTAAA	1
763	762	4	TTCTCTTGCTTTTTCAGCCTAAAC	1
764	763	4	TCTCTTGCTTTTTCAGCCTAAACC	1
765	764	4	CTCTTGCTTTTTCAGCCTAAACCA	1
766	765	4	TCTTGCTTTTTCAGCCTAAACCAG	1
767	766	4	CTTGCTTTTTCAGCCTAAACCAGC	1
768	767	4	TTGCTTTTTCAGCCTAAACCAGCT	1
769	768	4	TGCTTTTTCAGCCTAAACCAGCTT	1
770	769	4	GCTTTTTCAGCCTAAACCAGCTTG	1
771	770	4	CTTTTTCAGCCTAAACCAGCTTGT	1
772	771	4	TTTTTCAGCCTAAACCAGCTTGTC	1
773	772	4	TTTTCAGCCTAAACCAGCTTGTCT	1
774	773	4	TTTCAGCCTAAACCAGCTTGTCTA	1
775	774	4	TTCAGCCTAAACCAGCTTGTCTAG	1
776	775	4	TCAGCCTAAACCAGCTTGTCTAGC	1
777	776	3	CAGCCTAAACCAGCTTGTCTAGCC	1
778	777	3	AGCCTAAACCAGCTTGTCTAGCCA	1
779	778	3	GCCTAAACCAGCTTGTCTAGCCAT	1
780	779	3	CCTAAACCAGCTTGTCTAGCCATG	1
781	780	3	CTAAACCAGCTTGTCTAGCCATGA	1
782	781	3	TAAACCAGCTTGTCTAGCCATGAT	1
783	782	3	AAACCAGCTTGTCTAGCCATGATC	1
784	783	3	AACCAGCTTGTCTAGCCATGATCC	1
785	784	2	ACCAGCTTGTCTAGCCATGATCCC	1
786	785	2	CCAGCTTGTCTAGCCATGATCCCA	1
787	786	4	CAGCTTGTCTAGCCATGATCCCAT	1
788	787	4	AGCTTGTCTAGCCATGATCCCATC	1
789	788	4	GCTTGTCTAGCCATGATCCCATCG	1
790	789	4	CTTGTCTAGCCATGATCCCATCGT	1
791	790	3	TTGTCTAGCCATGATCCCATCGTA	1
792	791	3	TGTCTAGCCATGATCCCATCGTAT	1
793	792	3	GTCTAGCCATGATCCCATCGTATG	1
794	793	2	TCTAGCCATGATCCCATCGTATGA	1
795	794	2	CTAGCCATGATCCCATCGTATGAG	1
796	795	2	TAGCCATGATCCCATCGTATGAGC	1
797	796	2	AGCCATGATCCCATCGTATGAGCT	1
798	797	2	GCCATGATCCCATCGTATGAGCTG	1
799	798	2	CCATGATCCCATCGTATGAGCTGT	1
800	799	2	CATGATCCCATCGTATGAGCTGTT	1
801	800	2	ATGATCCCATCGTATGAGCTGTTT	1
802	801	2	TGATCCCATCGTATGAGCTGTTTA	1
803	802	2	GATCCCATCGTATGAGCTGTTTAT	1
804	803	2	ATCCCATCGTATGAGCTGTTTATT	1
805	804	2	TCCCATCGTATGAGCTGTTTATTA	1
806	805	2	CCCATCGTATGAGCTGTTTATTAA	1
807	806	2	CCATCGTATGAGCTGTTTATTAAT	1
808	807	2	CATCGTATGAGCTGTTTATTAATC	1
809	808	2	ATCGTATGAGCTGTTTATTAATCC	1
810	809	2	TCGTATGAGCTGTTTATTAATCCT	1
811	810	2	CGTATGAGCTGTTTATTAATCCTA	1
812	811	2	GTATGAGCTGTTTATTAATCCTAC	1
813	812	2	TATGAGCTGTTTATTAATCCTACC	1
814	813	1	ATGAGCTGTTTATTAATCCTACCT	1
815	814	1	TGAGCTGTTTATTAATCCTACCTT	1
816	815	1	GAGCTGTTTATTAATCCTACCTTC	1
817	816	1	AGCTGTTTATTAATCCTACCTTCC	1
818	-1	0	GTGCTAGCTATTATCACCGTGTCA	1
819	818	2	TGCTAGCTATTATCACCGTGTCAG	1
820	819	2	GCTAGCTATTATCACCGTGTCAGC	1
821	820	2	CTAGCTATTATCACCGTGTCAGCT	1
822	821	3	TAGCTATTATCACCGTGTCAGCTC	1
823	822	3	AGCTATTATCACCGTGTCAGCTCT	1
824	823	3	GCTATTATCACCGTGTCAGCTCTG	1
825	824	3	CTATTATCACCGTGTCAGCTCTGA	1
826	825	3	TATTATCACCGTGTCAGCTCTGAT	1
827	826	3	ATTATCACCGTGTCAGCTCTGATG	1
828	827	3	TTATCACCGTGTCAGCTCTGATGT	1
829	828	3	TATCACCGTGTCAGCTCTGATGTA	1
830	829	3	ATCACCGTGTCAGCTCTGATGTAG	1
831	830	3	TCACCGTGTCAGCTCTGATGTAGA	1
832	831	3	CACCGTGTCAGCTCTGATGTAGAA	1
833	832	3	ACCGTGTCAGCTCTGATGTAGAAG	1
834	833	5	CCGTGTCAGCTCTGATGTAGAAGC	1
835	834	5	CGTGTCAGCTCTGATGTAGAAGCT	1
836	835	5	GTGTCAGCTCTGATGTAGAAGCTG	1
837	836	5	TGTCAGCTCTGATGTAGAAGCTGG	1
838	837	5	GTCAGCTCTGATGTAGAAGCTGGT	1
839	838	6	TCAGCTCTGATGTAGAAGCTGGTG	1
840	839	6	CAGCTCTGATGTAGAAGCTGGTGG	1
841	840	6	AGCTCTGATGTAGAAGCTGGTGGT	1
842	841	6	GCTCTGATGTAGAAGCTGGTGGTA	1
843	842	6	CTCTGATGTAGAAGCTGGTGGTAA	1
844	843	6	TCTGATGTAGAAGCTGGTGGTAAT	1
845	844	6	CTGATGTAGAAGCTGGTGGTAATG	1
846	845	6	TGATGTAGAAGCTGGTGGTAATGT	1
847	846	6	GATGTAGAAGCTGGTGGTAATGTT	1
848	847	6	ATGTAGAAGCTGGTGGTAATGTTA	1
849	848	6	TGTAGAAGCTGGTGGTAATGTTAC	1
850	849	6	GTAGAAGCTGGTGGTAATGTTACT	1
851	850	6	TAGAAGCTGGTGGTAATGTTACTT	1
852	851	6	AGAAGCTGGTGGTAATGTTACTTG	1
853	852	6	GAAGCTGGTGGTAATGTTACTTGG	1
854	853	6	AAGCTGGTGGTAATGTTACTTGGG	1
855	854	6	AGCTGGTGGTAATGTTACTTGGGA	1
856	855	6	GCTGGTGGTAATGTTACTTGGGAT	1
857	856	6	CTGGTGGTAATGTTACTTGGGATG	1
858	857	6	TGGTGGTAATGTTACTTGGGATGC	1
859	858	6	GGTGGTAATGTTACTTGGGATGCT	1
860	859	6	GTGGTAATGTTACTTGGGATGCTG	1
861	860	6	TGGTAATGTTACTTGGGATGCTGC	1
862	861	6	GGTAATGTTACTTGGGATGCTGCT	1
863	862	4	GTAATGTTACTTGGGATGCTGCTT	1
864	863	4	TAATGTTACTTGGGATGCTGCTTC	1
865	864	4	AATGTTACTTGGGATGCTGCTTCC	1
866	865	3	ATGTTACTTGGGATGCTGCTTCCA	1
867	866	3	TGTTACTTGGGATGCTGCTTCCAC	1
868	867	3	GTTACTTGGGATGCTGCTTCCACT	1
869	868	3	TTACTTGGGATGCTGCTTCCACTG	1
870	869	3	TACTTGGGATGCTGCTTCCACTGC	1
871	870	3	ACTTGGGATGCTGCTTCCACTGCT	1
872	871	3	CTTGGGATGCTGCTTCCACTGCTA	1
873	872	3	TTGGGATGCTGCTTCCACTGCTAA	1
874	873	3	TGGGATGCTGCTTCCACTGCTAAT	1
875	874	3	GGGATGCTGCTTCCACTGCTAATG	1
876	875	3	GGATGCTGCTTCCACTGCTAATGC	1
877	876	3	GATGCTGCTTCCACTGCTAATGCT	1
878	877	1	ATGCTGCTTCCACTGCTAATGCTA	1
879	878	1	TGCTGCTTCCACTGCTAATGCTAT	1
880	879	1	GCTGCTTCCACTGCTAATGCTATC	1
881	880	1	CTGCTTCCACTGCTAATGCTATCA	1
882	881	1	TGCTTCCACTGCTAATGCTATCAC	1
883	-1	0	CTTCAATGTCTCTGGTAATCAGGA	1
884	883	1	TTCAATGTCTCTGGTAATCAGGAC	1
885	884	1	TCAATGTCTCTGGTAATCAGGACG	1
886	885	1	CAATGTCTCTGGTAATCAGGACGC	1
887	886	1	AATGTCTCTGGTAATCAGGACGCC	1
888	887	1	ATGTCTCTGGTAATCAGGACGCCA	1
889	888	2	TGTCTCTGGTAATCAGGACGCCAA	1
890	889	2	GTCTCTGGTAATCAGGACGCCAAG	1
891	890	2	TCTCTGGTAATCAGGACGCCAAGG	1
892	891	2	CTCTGGTAATCAGGACGCCAAGGG	1
893	892	2	TCTGGTAATCAGGACGCCAAGGGT	1
894	893	2	CTGGTAATCAGGACGCCAAGGGTG	1
895	894	2	TGGTAATCAGGACGCCAAGGGTGT	1
896	895	2	GGTAATCAGGACGCCAAGGGTGTT	1
897	896	2	GTAATCAGGACGCCAAGGGTGTTA	1
898	897	2	TAATCAGGACGCCAAGGGTGTTAT	1
899	898	2	AATCAGGACGCCAAGGGTGTTATC	1
900	899	2	ATCAGGACGCCAAGGGTGTTATCT	1
901	900	2	TCAGGACGCCAAGGGTGTTATCTC	1
902	901	2	CAGGACGCCAAGGGTGTTATCTCT	1
903	902	2	AGGACGCCAAGGGTGTTATCTCTG	1
904	903	2	GGACGCCAAGGGTGTTATCTCTGG	1
905	904	2	GACGCCAAGGGTGTTATCTCTGGT	1
906	905	2	ACGCCAAGGGTGTTATCTCTGGTA	1
907	906	2	CGCCAAGGGTGTTATCTCTGGTAA	1
908	907	2	GCCAAGGGTGTTATCTCTGGTAAA	1
909	908	2	CCAAGGGTGTTATCTCTGGTAAAC	1
910	909	2	CAAGGGTGTTATCTCTGGTAAACT	1
911	910	2	AAGGGTGTTATCTCTGGTAAACTT	1
912	911	2	AGGGTGTTATCTCTGGTAAACTTG	1
913	912	2	GGGTGTTATCTCTGGTAAACTTGA	1
914	913	2	GGTGTTATCTCTGGTAAACTTGAA	1
915	914	2	GTGTTATCTCTGGTAAACTTGAAA	1
916	915	2	TGTTATCTCTGGTAAACTTGAAAC	1
917	916	2	GTTATCTCTGGTAAACTTGAAACC	1
918	917	2	TTATCTCTGGTAAACTTGAAACCA	1
919	918	2	TATCTCTGGTAAACTTGAAACCAG	1
920	919	2	ATCTCTGGTAAACTTGAAACCAGC	1
921	920	2	TCTCTGGTAAACTTGAAACCAGCT	1
922	921	2	CTCTGGTAAACTTGAAACCAGCTT	1
923	922	2	TCTGGTAAACTTGAAACCAGCTTC	1
924	923	2	CTGGTAAACTTGAAACCAGCTTCA	1
925	924	2	TGGTAAACTTGAAACCAGCTTCAA	1
926	925	2	GGTAAACTTGAAACCAGCTTCAAC	1
927	926	2	GTAAACTTGAAACCAGCTTCAACG	1
928	927	1	TAAACTTGAAACCAGCTTCAACGA	1
929	928	1	AAACTTGAAACCAGCTTCAACGAC	1
930	929	1	AACTTGAAACCAGCTTCAACGACA	1
931	930	1	ACTTGAAACCAGCTTCAACGACAA	1
932	931	1	CTTGAAACCAGCTTCAACGACAAG	1
933	-1	0	ATTTCTCCTCTTTTTCAGAAGAGT	1
934	933	2	TTTCTCCTCTTTTTCAGAAGAGTG	1
935	934	2	TTCTCCTCTTTTTCAGAAGAGTGA	1
936	935	2	TCTCCTCTTTTTCAGAAGAGTGAT	1
937	936	2	CTCCTCTTTTTCAGAAGAGTGATG	1
938	937	2	TCCTCTTTTTCAGAAGAGTGATGT	1
939	938	2	CCTCTTTTTCAGAAGAGTGATGTT	1
940	939	2	CTCTTTTTCAGAAGAGTGATGTTC	1
941	940	2	TCTTTTTCAGAAGAGTGATGTTCT	1
942	941	2	CTTTTTCAGAAGAGTGATGTTCTG	1
943	942	2	TTTTTCAGAAGAGTGATGTTCTGT	1
944	943	2	TTTTCAGAAGAGTGATGTTCTGTC	1
945	944	2	TTTCAGAAGAGTGATGTTCTGTCT	1
946	945	2	TTCAGAAGAGTGATGTTCTGTCTT	1
947	946	2	TCAGAAGAGTGATGTTCTGTCTTG	1
948	947	2	CAGAAGAGTGATGTTCTGTCTTGA	1
949	948	2	AGAAGAGTGATGTTCTGTCTTGAA	1
950	949	2	GAAGAGTGATGTTCTGTCTTGAAT	1
951	950	2	AAGAGTGATGTTCTGTCTTGAATT	1
952	951	2	AGAGTGATGTTCTGTCTTGAATTG	1
953	952	2	GAGTGATGTTCTGTCTTGAATTGA	1
954	953	2	AGTGATGTTCTGTCTTGAATTGAG	1
955	954	2	GTGATGTTCTGTCTTGAATTGAGA	1
956	955	2	TGATGTTCTGTCTTGAATTGAGAA	1
957	956	2	GATGTTCTGTCTTGAATTGAGAAC	1
958	957	2	ATGTTCTGTCTTGAATTGAGAACA	1
959	958	2	TGTTCTGTCTTGAATTGAGAACAG	1
960	959	2	GTTCTGTCTTGAATTGAGAACAGC	1
961	960	2	TTCTGTCTTGAATTGAGAACAGCC	1
962	961	3	TCTGTCTTGAATTGAGAACAGCCT	1
963	962	3	CTGTCTTGAATTGAGAACAGCCTG	1
964	963	3	TGTCTTGAATTGAGAACAGCCTGA	1
965	964	3	GTCTTGAATTGAGAACAGCCTGAT	1
966	965	3	TCTTGAATTGAGAACAGCCTGATG	1
967	966	3	CTTGAATTGAGAACAGCCTGATGT	1
968	967	3	TTGAATTGAGAACAGCCTGATGTC	1
969	968	3	TGAATTGAGAACAGCCTGATGTCA	1
970	969	3	GAATTGAGAACAGCCTGATGTCAA	1
971	970	3	AATTGAGAACAGCCTGATGTCAAT	1
972	971	4	ATTGAGAACAGCCTGATGTCAATT	1
973	972	4	TTGAGAACAGCCTGATGTCAATTG	1
974	973	4	TGAGAACAGCCTGATGTCAATTGA	1
975	974	4	GAGAACAGCCTGATGTCAATTGAA	1
976	975	4	AGAACAGCCTGATGTCAATTGAAA	1
977	976	4	GAACAGCCTGATGTCAATTGAAAT	1
978	977	2	AACAGCCTGATGTCAATTGAAATG	1
979	978	2	ACAGCCTGATGTCAATTGAAATGC	1
980	979	2	CAGCCTGATGTCAATTGAAATGCT	1
981	980	2	AGCCTGATGTCAATTGAAATGCTC	1
982	981	2	GCCTGATGTCAATTGAAATGCTCG	1
983	982	2	CCTGATGTCAATTGAAATGCTCGC	1
984	983	2	CTGATGTCAATTGAAATGCTCGCT	1
985	984	2	TGATGTCAATTGAAATGCTCGCTT	1
986	985	2	GATGTCAATTGAAATGCTCGCTTT	1
987	986	2	ATGTCAATTGAAATGCTCGCTTTT	1
988	987	2	TGTCAATTGAAATGCTCGCTTTTT	1
989	988	2	GTCAATTGAAATGCTCGCTTTTTA	1
990	989	2	TCAATTGAAATGCTCGCTTTTTAT	1
991	990	2	CAATTGAAATGCTCGCTTTTTATG	1
992	991	2	AATTGAAATGCTCGCTTTTTATGT	1
993	992	2	ATTGAAATGCTCGCTTTTTATGTT	1
994	993	2	TTGAAATGCTCGCTTTTTATGTTG	1
995	994	2	TGAAATGCTCGCTTTTTATGTTGA	1
996	995	2	GAAATGCTCGCTTTTTATGTTGAT	1
997	996	2	AAATGCTCGCTTTTTATGTTGATC	1
998	997	2	AATGCTCGCTTTTTATGTTGATCA	1
999	998	2	ATGCTCGCTTTTTATGTTGATCAC	1
1000	999	2	TGCTCGCTTTTTATGTTGATCACA	1
1001	1000	2	GCTCGCTTTTTATGTTGATCACAT	1
1002	1001	2	CTCGCTTTTTATGTTGATCACATT	1
1003	1002	2	TCGCTTTTTATGTTGATCACATTC	1
1004	1003	2	CGCTTTTTATGTTGATCACATTCC	1
1005	1004	2	GCTTTTTATGTTGATCACATTCCC	1
1006	1005	1	CTTTTTATGTTGATCACATTCCCA	1
1007	1006	1	TTTTTATGTTGATCACATTCCCAT	1
1008	1007	1	TTTTATGTTGATCACATTCCCATA	1
1009	1008	1	TTTATGTTGATCACATTCCCATAG	1
1010	1009	1	TTATGTTGATCACATTCCCATAGG	1
1011	1010	1	TATGTTGATCACATTCCCATAGGT	1
1012	1011	1	ATGTTGATCACATTCCCATAGGTC	1
1013	1012	1	TGTTGATCACATTCCCATAGGTCT	1
1014	1013	1	GTTGATCACATTCCCATAGGTCTT	1
1015	1014	1	TTGATCACATTCCCATAGGTCTTG	1
