Component 72
1	-1	0	TGGCTGGCGTTTCTGTTAAGGATG	1
2	1	2	GGCTGGCGTTTCTGTTAAGGATGT	1
3	2	4	GCTGGCGTTTCTGTTAAGGATGTG	1
4	3	5	CTGGCGTTTCTGTTAAGGATGTGG	1
5	4	5	TGGCGTTTCTGTTAAGGATGTGGA	1
6	5	7	GGCGTTTCTGTTAAGGATGTGGAC	1
7	6	9	GCGTTTCTGTTAAGGATGTGGACG	1
8	7	9	CGTTTCTGTTAAGGATGTGGACGC	1
9	8	9	GTTTCTGTTAAGGATGTGGACGCT	1
10	9	10	TTTCTGTTAAGGATGTGGACGCTC	1
11	10	13	TTCTGTTAAGGATGTGGACGCTCA	1
12	11	13	TCTGTTAAGGATGTGGACGCTCAA	1
13	12	13	CTGTTAAGGATGTGGACGCTCAAA	1
14	13	14	TGTTAAGGATGTGGACGCTCAAAA	1
15	14	15	GTTAAGGATGTGGACGCTCAAAAA	1
16	15	15	TTAAGGATGTGGACGCTCAAAAAT	1
17	16	15	TAAGGATGTGGACGCTCAAAAATT	1
18	17	14	AAGGATGTGGACGCTCAAAAATTC	1
19	18	14	AGGATGTGGACGCTCAAAAATTCA	1
20	19	14	GGATGTGGACGCTCAAAAATTCAT	1
21	20	14	GATGTGGACGCTCAAAAATTCATA	1
22	21	14	ATGTGGACGCTCAAAAATTCATAA	1
23	22	14	TGTGGACGCTCAAAAATTCATAAC	1
24	23	15	GTGGACGCTCAAAAATTCATAACT	1
25	24	15	TGGACGCTCAAAAATTCATAACTG	1
26	25	15	GGACGCTCAAAAATTCATAACTGC	1
27	26	15	GACGCTCAAAAATTCATAACTGCC	1
28	27	15	ACGCTCAAAAATTCATAACTGCCT	1
29	28	15	CGCTCAAAAATTCATAACTGCCTA	1
30	29	15	GCTCAAAAATTCATAACTGCCTAT	1
31	30	15	CTCAAAAATTCATAACTGCCTATG	1
32	31	16	TCAAAAATTCATAACTGCCTATGC	1
33	32	16	CAAAAATTCATAACTGCCTATGCT	1
34	33	16	AAAAATTCATAACTGCCTATGCTG	1
35	34	16	AAAATTCATAACTGCCTATGCTGC	1
36	35	16	AAATTCATAACTGCCTATGCTGCT	1
37	36	16	AATTCATAACTGCCTATGCTGCTT	1
38	37	16	ATTCATAACTGCCTATGCTGCTTT	1
39	38	16	TTCATAACTGCCTATGCTGCTTTC	1
40	39	16	TCATAACTGCCTATGCTGCTTTCT	1
41	40	16	CATAACTGCCTATGCTGCTTTCTT	1
42	41	16	ATAACTGCCTATGCTGCTTTCTTA	1
43	42	17	TAACTGCCTATGCTGCTTTCTTAA	1
44	43	16	AACTGCCTATGCTGCTTTCTTAAA	1
45	44	15	ACTGCCTATGCTGCTTTCTTAAAG	1
46	45	13	CTGCCTATGCTGCTTTCTTAAAGC	1
47	46	11	TGCCTATGCTGCTTTCTTAAAGCG	1
48	47	10	GCCTATGCTGCTTTCTTAAAGCGC	1
49	48	10	CCTATGCTGCTTTCTTAAAGCGCT	1
50	49	9	CTATGCTGCTTTCTTAAAGCGCTC	1
51	50	8	TATGCTGCTTTCTTAAAGCGCTCC	1
52	51	8	ATGCTGCTTTCTTAAAGCGCTCCG	1
53	52	8	TGCTGCTTTCTTAAAGCGCTCCGG	1
54	53	7	GCTGCTTTCTTAAAGCGCTCCGGC	1
55	54	4	CTGCTTTCTTAAAGCGCTCCGGCA	1
56	55	4	TGCTTTCTTAAAGCGCTCCGGCAA	1
57	56	4	GCTTTCTTAAAGCGCTCCGGCAAG	1
58	57	3	CTTTCTTAAAGCGCTCCGGCAAGA	1
59	58	2	TTTCTTAAAGCGCTCCGGCAAGAT	1
60	59	2	TTCTTAAAGCGCTCCGGCAAGATG	1
61	60	2	TCTTAAAGCGCTCCGGCAAGATGA	1
62	61	2	CTTAAAGCGCTCCGGCAAGATGAC	1
63	62	2	TTAAAGCGCTCCGGCAAGATGACT	1
64	63	2	TAAAGCGCTCCGGCAAGATGACTA	1
65	64	2	AAAGCGCTCCGGCAAGATGACTAC	1
66	65	2	AAGCGCTCCGGCAAGATGACTACT	1
67	66	2	AGCGCTCCGGCAAGATGACTACTC	1
68	67	1	GCGCTCCGGCAAGATGACTACTCC	1
69	68	1	CGCTCCGGCAAGATGACTACTCCT	1
70	69	1	GCTCCGGCAAGATGACTACTCCTC	1
71	70	1	CTCCGGCAAGATGACTACTCCTCA	1
72	71	1	TCCGGCAAGATGACTACTCCTCAA	1
73	72	1	CCGGCAAGATGACTACTCCTCAAT	1
74	73	1	CGGCAAGATGACTACTCCTCAATG	1
75	74	1	GGCAAGATGACTACTCCTCAATGG	1
76	75	1	GCAAGATGACTACTCCTCAATGGA	1
77	76	1	CAAGATGACTACTCCTCAATGGAT	1
78	77	1	AAGATGACTACTCCTCAATGGATT	1
79	78	1	AGATGACTACTCCTCAATGGATTG	1
80	79	1	GATGACTACTCCTCAATGGATTGA	1
81	80	1	ATGACTACTCCTCAATGGATTGAC	1
82	81	1	TGACTACTCCTCAATGGATTGACA	1
83	82	1	GACTACTCCTCAATGGATTGACAT	1
84	83	1	ACTACTCCTCAATGGATTGACATC	1
85	84	1	CTACTCCTCAATGGATTGACATCG	1
86	85	1	TACTCCTCAATGGATTGACATCGT	1
87	86	1	ACTCCTCAATGGATTGACATCGTC	1
88	87	1	CTCCTCAATGGATTGACATCGTCA	1
89	88	1	TCCTCAATGGATTGACATCGTCAA	1
90	89	1	CCTCAATGGATTGACATCGTCAAG	1
91	90	1	CTCAATGGATTGACATCGTCAAGA	1
92	91	1	TCAATGGATTGACATCGTCAAGAC	1
93	92	1	CAATGGATTGACATCGTCAAGACT	1
94	93	1	AATGGATTGACATCGTCAAGACTG	1
95	94	1	ATGGATTGACATCGTCAAGACTGG	1
96	95	1	TGGATTGACATCGTCAAGACTGGT	1
97	96	1	GGATTGACATCGTCAAGACTGGTA	1
98	97	1	GATTGACATCGTCAAGACTGGTAC	1
99	98	1	ATTGACATCGTCAAGACTGGTACT	1
100	99	1	TTGACATCGTCAAGACTGGTACTC	1
101	100	1	TGACATCGTCAAGACTGGTACTCA	1
102	101	1	GACATCGTCAAGACTGGTACTCAC	1
103	102	1	ACATCGTCAAGACTGGTACTCACA	1
104	103	1	CATCGTCAAGACTGGTACTCACAA	1
105	104	1	ATCGTCAAGACTGGTACTCACAAA	1
106	105	1	TCGTCAAGACTGGTACTCACAAAG	1
107	106	1	CGTCAAGACTGGTACTCACAAAGA	1
108	107	1	GTCAAGACTGGTACTCACAAAGAG	1
109	108	1	TCAAGACTGGTACTCACAAAGAGT	1
110	109	1	CAAGACTGGTACTCACAAAGAGTT	1
111	110	1	AAGACTGGTACTCACAAAGAGTTA	1
112	111	1	AGACTGGTACTCACAAAGAGTTAG	1
113	112	1	GACTGGTACTCACAAAGAGTTAGC	1
114	113	1	ACTGGTACTCACAAAGAGTTAGCT	1
115	114	1	CTGGTACTCACAAAGAGTTAGCTC	1
116	115	2	TGGTACTCACAAAGAGTTAGCTCC	1
117	116	2	GGTACTCACAAAGAGTTAGCTCCT	1
118	117	2	GTACTCACAAAGAGTTAGCTCCTT	1
119	118	2	TACTCACAAAGAGTTAGCTCCTTA	1
120	119	1	ACTCACAAAGAGTTAGCTCCTTAC	1
121	120	1	CTCACAAAGAGTTAGCTCCTTACG	1
122	121	1	TCACAAAGAGTTAGCTCCTTACGA	1
123	122	1	CACAAAGAGTTAGCTCCTTACGAC	1
124	123	1	ACAAAGAGTTAGCTCCTTACGACC	1
125	124	1	CAAAGAGTTAGCTCCTTACGACCC	1
126	125	2	AAAGAGTTAGCTCCTTACGACCCC	1
127	126	2	AAGAGTTAGCTCCTTACGACCCCG	1
128	127	2	AGAGTTAGCTCCTTACGACCCCGA	1
129	128	2	GAGTTAGCTCCTTACGACCCCGAT	1
130	129	2	AGTTAGCTCCTTACGACCCCGATT	1
131	130	3	GTTAGCTCCTTACGACCCCGATTG	1
132	131	3	TTAGCTCCTTACGACCCCGATTGG	1
133	132	3	TAGCTCCTTACGACCCCGATTGGT	1
134	133	3	AGCTCCTTACGACCCCGATTGGTA	1
135	134	4	GCTCCTTACGACCCCGATTGGTAT	1
136	135	5	CTCCTTACGACCCCGATTGGTATT	1
137	136	5	TCCTTACGACCCCGATTGGTATTA	1
138	137	5	CCTTACGACCCCGATTGGTATTAT	1
139	138	5	CTTACGACCCCGATTGGTATTATG	1
140	139	5	TTACGACCCCGATTGGTATTATGT	1
141	140	6	TACGACCCCGATTGGTATTATGTC	1
142	141	6	ACGACCCCGATTGGTATTATGTCC	1
143	142	6	CGACCCCGATTGGTATTATGTCCG	1
144	143	6	GACCCCGATTGGTATTATGTCCGC	1
145	144	6	ACCCCGATTGGTATTATGTCCGCG	1
146	145	6	CCCCGATTGGTATTATGTCCGCGC	1
147	146	6	CCCGATTGGTATTATGTCCGCGCT	1
148	147	6	CCGATTGGTATTATGTCCGCGCTG	1
149	148	6	CGATTGGTATTATGTCCGCGCTGC	1
150	149	6	GATTGGTATTATGTCCGCGCTGCT	1
151	150	6	ATTGGTATTATGTCCGCGCTGCTG	1
152	151	6	TTGGTATTATGTCCGCGCTGCTGC	1
153	152	6	TGGTATTATGTCCGCGCTGCTGCC	1
154	153	6	GGTATTATGTCCGCGCTGCTGCCA	1
155	154	6	GTATTATGTCCGCGCTGCTGCCAT	1
156	155	6	TATTATGTCCGCGCTGCTGCCATT	1
157	156	6	ATTATGTCCGCGCTGCTGCCATTG	1
158	157	6	TTATGTCCGCGCTGCTGCCATTGC	1
159	158	6	TATGTCCGCGCTGCTGCCATTGCC	1
160	159	5	ATGTCCGCGCTGCTGCCATTGCCC	1
161	160	5	TGTCCGCGCTGCTGCCATTGCCCG	1
162	161	5	GTCCGCGCTGCTGCCATTGCCCGC	1
163	162	5	TCCGCGCTGCTGCCATTGCCCGCC	1
164	163	5	CCGCGCTGCTGCCATTGCCCGCCA	1
165	164	6	CGCGCTGCTGCCATTGCCCGCCAC	1
166	165	6	GCGCTGCTGCCATTGCCCGCCACA	1
167	166	6	CGCTGCTGCCATTGCCCGCCACAT	1
168	167	6	GCTGCTGCCATTGCCCGCCACATC	1
169	168	7	CTGCTGCCATTGCCCGCCACATCT	1
170	169	6	TGCTGCCATTGCCCGCCACATCTA	1
171	170	6	GCTGCCATTGCCCGCCACATCTAT	1
172	171	6	CTGCCATTGCCCGCCACATCTATC	1
173	172	6	TGCCATTGCCCGCCACATCTATCT	1
174	173	6	GCCATTGCCCGCCACATCTATCTC	1
175	174	5	CCATTGCCCGCCACATCTATCTCC	1
176	175	5	CATTGCCCGCCACATCTATCTCCG	1
177	176	4	ATTGCCCGCCACATCTATCTCCGC	1
178	177	3	TTGCCCGCCACATCTATCTCCGCA	1
179	178	2	TGCCCGCCACATCTATCTCCGCAA	1
180	179	2	GCCCGCCACATCTATCTCCGCAAG	1
181	180	2	CCCGCCACATCTATCTCCGCAAGC	1
182	181	6	CCGCCACATCTATCTCCGCAAGCA	1
183	182	6	CGCCACATCTATCTCCGCAAGCAA	1
184	183	6	GCCACATCTATCTCCGCAAGCAAG	1
185	184	5	CCACATCTATCTCCGCAAGCAAGT	1
186	185	5	CACATCTATCTCCGCAAGCAAGTT	1
187	186	5	ACATCTATCTCCGCAAGCAAGTTG	1
188	187	5	CATCTATCTCCGCAAGCAAGTTGG	1
189	188	5	ATCTATCTCCGCAAGCAAGTTGGT	1
190	189	5	TCTATCTCCGCAAGCAAGTTGGTG	1
191	190	5	CTATCTCCGCAAGCAAGTTGGTGT	1
192	191	5	TATCTCCGCAAGCAAGTTGGTGTT	1
193	192	5	ATCTCCGCAAGCAAGTTGGTGTTG	1
194	193	5	TCTCCGCAAGCAAGTTGGTGTTGG	1
195	194	5	CTCCGCAAGCAAGTTGGTGTTGGC	1
196	195	5	TCCGCAAGCAAGTTGGTGTTGGCC	1
197	196	5	CCGCAAGCAAGTTGGTGTTGGCCG	1
198	197	6	CGCAAGCAAGTTGGTGTTGGCCGT	1
199	198	6	GCAAGCAAGTTGGTGTTGGCCGTC	1
200	199	6	CAAGCAAGTTGGTGTTGGCCGTCT	1
201	200	6	AAGCAAGTTGGTGTTGGCCGTCTT	1
202	201	6	AGCAAGTTGGTGTTGGCCGTCTTT	1
203	202	6	GCAAGTTGGTGTTGGCCGTCTTTG	1
204	203	6	CAAGTTGGTGTTGGCCGTCTTTGC	1
205	204	6	AAGTTGGTGTTGGCCGTCTTTGCA	1
206	205	6	AGTTGGTGTTGGCCGTCTTTGCAA	1
207	206	6	GTTGGTGTTGGCCGTCTTTGCAAG	1
208	207	6	TTGGTGTTGGCCGTCTTTGCAAGG	1
209	208	6	TGGTGTTGGCCGTCTTTGCAAGGT	1
210	209	6	GGTGTTGGCCGTCTTTGCAAGGTC	1
211	210	6	GTGTTGGCCGTCTTTGCAAGGTCT	1
212	211	7	TGTTGGCCGTCTTTGCAAGGTCTA	1
213	212	9	GTTGGCCGTCTTTGCAAGGTCTAT	1
214	213	9	TTGGCCGTCTTTGCAAGGTCTATG	1
215	214	9	TGGCCGTCTTTGCAAGGTCTATGG	1
216	215	9	GGCCGTCTTTGCAAGGTCTATGGT	1
217	216	9	GCCGTCTTTGCAAGGTCTATGGTG	1
218	217	9	CCGTCTTTGCAAGGTCTATGGTGG	1
219	218	9	CGTCTTTGCAAGGTCTATGGTGGT	1
220	219	9	GTCTTTGCAAGGTCTATGGTGGTT	1
221	220	10	TCTTTGCAAGGTCTATGGTGGTTC	1
222	221	10	CTTTGCAAGGTCTATGGTGGTTCC	1
223	222	10	TTTGCAAGGTCTATGGTGGTTCCG	1
224	223	10	TTGCAAGGTCTATGGTGGTTCCGT	1
225	224	10	TGCAAGGTCTATGGTGGTTCCGTT	1
226	225	7	GCAAGGTCTATGGTGGTTCCGTTA	1
227	226	6	CAAGGTCTATGGTGGTTCCGTTAA	1
228	227	6	AAGGTCTATGGTGGTTCCGTTAAC	1
229	228	6	AGGTCTATGGTGGTTCCGTTAACC	1
230	229	6	GGTCTATGGTGGTTCCGTTAACCG	1
231	230	6	GTCTATGGTGGTTCCGTTAACCGT	1
232	231	6	TCTATGGTGGTTCCGTTAACCGTG	1
233	232	6	CTATGGTGGTTCCGTTAACCGTGG	1
234	233	6	TATGGTGGTTCCGTTAACCGTGGC	1
235	234	6	ATGGTGGTTCCGTTAACCGTGGCA	1
236	235	6	TGGTGGTTCCGTTAACCGTGGCAT	1
237	236	6	GGTGGTTCCGTTAACCGTGGCATG	1
238	237	6	GTGGTTCCGTTAACCGTGGCATGC	1
239	238	6	TGGTTCCGTTAACCGTGGCATGCG	1
240	239	6	GGTTCCGTTAACCGTGGCATGCGC	1
241	240	6	GTTCCGTTAACCGTGGCATGCGCC	1
242	241	5	TTCCGTTAACCGTGGCATGCGCCC	1
243	242	4	TCCGTTAACCGTGGCATGCGCCCT	1
244	243	4	CCGTTAACCGTGGCATGCGCCCTT	1
245	244	4	CGTTAACCGTGGCATGCGCCCTTC	1
246	245	4	GTTAACCGTGGCATGCGCCCTTCT	1
247	246	4	TTAACCGTGGCATGCGCCCTTCTC	1
248	247	4	TAACCGTGGCATGCGCCCTTCTCA	1
249	248	4	AACCGTGGCATGCGCCCTTCTCAT	1
250	249	4	ACCGTGGCATGCGCCCTTCTCATC	1
251	250	4	CCGTGGCATGCGCCCTTCTCATCA	1
252	251	5	CGTGGCATGCGCCCTTCTCATCAC	1
253	252	5	GTGGCATGCGCCCTTCTCATCACC	1
254	253	5	TGGCATGCGCCCTTCTCATCACCG	1
255	254	3	GGCATGCGCCCTTCTCATCACCGT	1
256	255	3	GCATGCGCCCTTCTCATCACCGTG	1
257	256	2	CATGCGCCCTTCTCATCACCGTGA	1
258	257	2	ATGCGCCCTTCTCATCACCGTGAT	1
259	258	2	TGCGCCCTTCTCATCACCGTGATG	1
260	259	2	GCGCCCTTCTCATCACCGTGATGG	1
261	260	2	CGCCCTTCTCATCACCGTGATGGT	1
262	261	2	GCCCTTCTCATCACCGTGATGGTT	1
263	262	2	CCCTTCTCATCACCGTGATGGTTC	1
264	263	2	CCTTCTCATCACCGTGATGGTTCT	1
265	264	2	CTTCTCATCACCGTGATGGTTCTG	1
266	265	2	TTCTCATCACCGTGATGGTTCTGG	1
267	266	2	TCTCATCACCGTGATGGTTCTGGC	1
268	267	1	CTCATCACCGTGATGGTTCTGGCA	1
269	268	1	TCATCACCGTGATGGTTCTGGCAG	1
270	269	1	CATCACCGTGATGGTTCTGGCAGT	1
271	270	1	ATCACCGTGATGGTTCTGGCAGTG	1
272	271	1	TCACCGTGATGGTTCTGGCAGTGT	1
273	272	1	CACCGTGATGGTTCTGGCAGTGTA	1
274	273	1	ACCGTGATGGTTCTGGCAGTGTAC	1
275	274	1	CCGTGATGGTTCTGGCAGTGTACA	1
276	275	1	CGTGATGGTTCTGGCAGTGTACAA	1
277	276	1	GTGATGGTTCTGGCAGTGTACAAC	1
278	277	1	TGATGGTTCTGGCAGTGTACAACG	1
279	278	1	GATGGTTCTGGCAGTGTACAACGC	1
280	279	1	ATGGTTCTGGCAGTGTACAACGCA	1
281	280	4	TGGTTCTGGCAGTGTACAACGCAA	1
282	281	4	GGTTCTGGCAGTGTACAACGCAAA	1
283	282	4	GTTCTGGCAGTGTACAACGCAAAG	1
284	283	4	TTCTGGCAGTGTACAACGCAAAGT	1
285	284	4	TCTGGCAGTGTACAACGCAAAGTT	1
286	285	4	CTGGCAGTGTACAACGCAAAGTTG	1
287	286	4	TGGCAGTGTACAACGCAAAGTTGT	1
288	287	4	GGCAGTGTACAACGCAAAGTTGTT	1
289	288	4	GCAGTGTACAACGCAAAGTTGTTC	1
290	289	4	CAGTGTACAACGCAAAGTTGTTCA	1
291	290	4	AGTGTACAACGCAAAGTTGTTCAA	1
292	291	4	GTGTACAACGCAAAGTTGTTCAAA	1
293	292	4	TGTACAACGCAAAGTTGTTCAAAG	1
294	293	4	GTACAACGCAAAGTTGTTCAAAGC	1
295	294	4	TACAACGCAAAGTTGTTCAAAGCT	1
296	295	3	ACAACGCAAAGTTGTTCAAAGCTT	1
297	296	3	CAACGCAAAGTTGTTCAAAGCTTG	1
298	297	3	AACGCAAAGTTGTTCAAAGCTTGG	1
299	298	3	ACGCAAAGTTGTTCAAAGCTTGGA	1
300	299	3	CGCAAAGTTGTTCAAAGCTTGGAG	1
301	300	3	GCAAAGTTGTTCAAAGCTTGGAGA	1
302	301	3	CAAAGTTGTTCAAAGCTTGGAGAA	1
303	302	3	AAAGTTGTTCAAAGCTTGGAGAAA	1
304	303	3	AAGTTGTTCAAAGCTTGGAGAAAA	1
305	304	3	AGTTGTTCAAAGCTTGGAGAAAAT	1
306	305	3	GTTGTTCAAAGCTTGGAGAAAATC	1
307	306	3	TTGTTCAAAGCTTGGAGAAAATCG	1
308	307	3	TGTTCAAAGCTTGGAGAAAATCGG	1
309	308	3	GTTCAAAGCTTGGAGAAAATCGGT	1
310	309	3	TTCAAAGCTTGGAGAAAATCGGTG	1
311	310	3	TCAAAGCTTGGAGAAAATCGGTGT	1
312	311	3	CAAAGCTTGGAGAAAATCGGTGTT	1
313	312	3	AAAGCTTGGAGAAAATCGGTGTTC	1
314	313	3	AAGCTTGGAGAAAATCGGTGTTCT	1
315	314	3	AGCTTGGAGAAAATCGGTGTTCTT	1
316	315	3	GCTTGGAGAAAATCGGTGTTCTTG	1
317	316	3	CTTGGAGAAAATCGGTGTTCTTGA	1
318	317	3	TTGGAGAAAATCGGTGTTCTTGAA	1
319	318	3	TGGAGAAAATCGGTGTTCTTGAAA	1
320	319	3	GGAGAAAATCGGTGTTCTTGAAAA	1
321	320	3	GAGAAAATCGGTGTTCTTGAAAAG	1
322	321	3	AGAAAATCGGTGTTCTTGAAAAGT	1
323	322	3	GAAAATCGGTGTTCTTGAAAAGTC	1
324	323	3	AAAATCGGTGTTCTTGAAAAGTCC	1
325	-1	0	TATTGCCTACTCTCTTTTGGAAGA	1
326	325	1	ATTGCCTACTCTCTTTTGGAAGAA	1
327	326	2	TTGCCTACTCTCTTTTGGAAGAAG	1
328	327	2	TGCCTACTCTCTTTTGGAAGAAGA	1
329	328	2	GCCTACTCTCTTTTGGAAGAAGAA	1
330	329	2	CCTACTCTCTTTTGGAAGAAGAAA	1
331	330	2	CTACTCTCTTTTGGAAGAAGAAAG	1
332	331	2	TACTCTCTTTTGGAAGAAGAAAGC	1
333	332	2	ACTCTCTTTTGGAAGAAGAAAGCG	1
334	333	2	CTCTCTTTTGGAAGAAGAAAGCGA	1
335	334	2	TCTCTTTTGGAAGAAGAAAGCGAG	1
336	335	2	CTCTTTTGGAAGAAGAAAGCGAGT	1
337	336	2	TCTTTTGGAAGAAGAAAGCGAGTA	1
338	337	2	CTTTTGGAAGAAGAAAGCGAGTAA	1
339	338	2	TTTTGGAAGAAGAAAGCGAGTAAG	1
340	339	2	TTTGGAAGAAGAAAGCGAGTAAGC	1
341	340	2	TTGGAAGAAGAAAGCGAGTAAGCA	1
342	341	2	TGGAAGAAGAAAGCGAGTAAGCAT	1
343	342	2	GGAAGAAGAAAGCGAGTAAGCATT	1
344	343	2	GAAGAAGAAAGCGAGTAAGCATTT	1
345	344	2	AAGAAGAAAGCGAGTAAGCATTTC	1
346	345	2	AGAAGAAAGCGAGTAAGCATTTCT	1
347	346	2	GAAGAAAGCGAGTAAGCATTTCTA	1
348	347	2	AAGAAAGCGAGTAAGCATTTCTAT	1
349	348	2	AGAAAGCGAGTAAGCATTTCTATA	1
350	349	2	GAAAGCGAGTAAGCATTTCTATAG	1
351	350	2	AAAGCGAGTAAGCATTTCTATAGT	1
352	351	2	AAGCGAGTAAGCATTTCTATAGTC	1
353	352	2	AGCGAGTAAGCATTTCTATAGTCT	1
354	353	2	GCGAGTAAGCATTTCTATAGTCTT	1
355	354	2	CGAGTAAGCATTTCTATAGTCTTA	1
356	355	2	GAGTAAGCATTTCTATAGTCTTAA	1
357	356	2	AGTAAGCATTTCTATAGTCTTAAT	1
358	357	2	GTAAGCATTTCTATAGTCTTAATC	1
359	358	2	TAAGCATTTCTATAGTCTTAATCT	1
360	359	2	AAGCATTTCTATAGTCTTAATCTA	1
361	360	2	AGCATTTCTATAGTCTTAATCTAA	1
362	361	2	GCATTTCTATAGTCTTAATCTAAG	1
363	362	2	CATTTCTATAGTCTTAATCTAAGT	1
364	363	2	ATTTCTATAGTCTTAATCTAAGTG	1
365	364	2	TTTCTATAGTCTTAATCTAAGTGT	1
366	365	2	TTCTATAGTCTTAATCTAAGTGTT	1
367	366	2	TCTATAGTCTTAATCTAAGTGTTT	1
368	367	2	CTATAGTCTTAATCTAAGTGTTTA	1
369	368	2	TATAGTCTTAATCTAAGTGTTTAA	1
370	369	1	ATAGTCTTAATCTAAGTGTTTAAG	1
