Component 720
1	-1	0	CCTTCTTTCCAGAAGTCTGGTAAG	1
2	1	1	CTTCTTTCCAGAAGTCTGGTAAGG	1
3	2	1	TTCTTTCCAGAAGTCTGGTAAGGA	1
4	3	1	TCTTTCCAGAAGTCTGGTAAGGAT	1
5	4	1	CTTTCCAGAAGTCTGGTAAGGATG	1
6	5	1	TTTCCAGAAGTCTGGTAAGGATGC	1
7	6	1	TTCCAGAAGTCTGGTAAGGATGCT	1
8	7	1	TCCAGAAGTCTGGTAAGGATGCTG	1
9	8	1	CCAGAAGTCTGGTAAGGATGCTGC	1
10	9	1	CAGAAGTCTGGTAAGGATGCTGCT	1
11	10	1	AGAAGTCTGGTAAGGATGCTGCTG	1
12	11	1	GAAGTCTGGTAAGGATGCTGCTGC	1
13	12	1	AAGTCTGGTAAGGATGCTGCTGCT	1
14	13	2	AGTCTGGTAAGGATGCTGCTGCTT	1
15	14	2	GTCTGGTAAGGATGCTGCTGCTTT	1
16	15	2	TCTGGTAAGGATGCTGCTGCTTTC	1
17	16	2	CTGGTAAGGATGCTGCTGCTTTCA	1
18	17	3	TGGTAAGGATGCTGCTGCTTTCAA	1
19	18	3	GGTAAGGATGCTGCTGCTTTCAAG	1
20	19	3	GTAAGGATGCTGCTGCTTTCAAGG	1
21	20	3	TAAGGATGCTGCTGCTTTCAAGGC	1
22	21	3	AAGGATGCTGCTGCTTTCAAGGCT	1
23	22	3	AGGATGCTGCTGCTTTCAAGGCTG	1
24	23	4	GGATGCTGCTGCTTTCAAGGCTGA	1
25	24	4	GATGCTGCTGCTTTCAAGGCTGAG	1
26	25	5	ATGCTGCTGCTTTCAAGGCTGAGT	1
27	26	5	TGCTGCTGCTTTCAAGGCTGAGTC	1
28	27	4	GCTGCTGCTTTCAAGGCTGAGTCA	1
29	28	4	CTGCTGCTTTCAAGGCTGAGTCAC	1
30	29	5	TGCTGCTTTCAAGGCTGAGTCACT	1
31	30	5	GCTGCTTTCAAGGCTGAGTCACTC	1
32	31	5	CTGCTTTCAAGGCTGAGTCACTCA	1
33	32	5	TGCTTTCAAGGCTGAGTCACTCAA	1
34	33	6	GCTTTCAAGGCTGAGTCACTCAAG	1
35	34	6	CTTTCAAGGCTGAGTCACTCAAGC	1
36	35	6	TTTCAAGGCTGAGTCACTCAAGCA	1
37	36	6	TTCAAGGCTGAGTCACTCAAGCAT	1
38	37	7	TCAAGGCTGAGTCACTCAAGCATA	1
39	38	8	CAAGGCTGAGTCACTCAAGCATAC	1
40	39	8	AAGGCTGAGTCACTCAAGCATACT	1
41	40	8	AGGCTGAGTCACTCAAGCATACTC	1
42	41	8	GGCTGAGTCACTCAAGCATACTCA	1
43	42	8	GCTGAGTCACTCAAGCATACTCAA	1
44	43	8	CTGAGTCACTCAAGCATACTCAAA	1
45	44	8	TGAGTCACTCAAGCATACTCAAAG	1
46	45	8	GAGTCACTCAAGCATACTCAAAGG	1
47	46	8	AGTCACTCAAGCATACTCAAAGGA	1
48	47	8	GTCACTCAAGCATACTCAAAGGAA	1
49	48	8	TCACTCAAGCATACTCAAAGGAAA	1
50	49	8	CACTCAAGCATACTCAAAGGAAAC	1
51	50	7	ACTCAAGCATACTCAAAGGAAACT	1
52	51	7	CTCAAGCATACTCAAAGGAAACTC	1
53	52	7	TCAAGCATACTCAAAGGAAACTCA	1
54	53	8	CAAGCATACTCAAAGGAAACTCAC	1
55	54	8	AAGCATACTCAAAGGAAACTCACT	1
56	55	8	AGCATACTCAAAGGAAACTCACTG	1
57	56	8	GCATACTCAAAGGAAACTCACTGC	1
58	57	8	CATACTCAAAGGAAACTCACTGCT	1
59	58	9	ATACTCAAAGGAAACTCACTGCTG	1
60	59	8	TACTCAAAGGAAACTCACTGCTGA	1
61	60	8	ACTCAAAGGAAACTCACTGCTGAA	1
62	61	8	CTCAAAGGAAACTCACTGCTGAAG	1
63	62	8	TCAAAGGAAACTCACTGCTGAAGA	1
64	63	8	CAAAGGAAACTCACTGCTGAAGAG	1
65	64	8	AAAGGAAACTCACTGCTGAAGAGC	1
66	65	8	AAGGAAACTCACTGCTGAAGAGCG	1
67	66	8	AGGAAACTCACTGCTGAAGAGCGC	1
68	67	7	GGAAACTCACTGCTGAAGAGCGCA	1
69	68	7	GAAACTCACTGCTGAAGAGCGCAA	1
70	69	6	AAACTCACTGCTGAAGAGCGCAAG	1
71	70	6	AACTCACTGCTGAAGAGCGCAAGG	1
72	71	5	ACTCACTGCTGAAGAGCGCAAGGA	1
73	72	4	CTCACTGCTGAAGAGCGCAAGGAA	1
74	73	4	TCACTGCTGAAGAGCGCAAGGAAC	1
75	74	4	CACTGCTGAAGAGCGCAAGGAACG	1
76	75	4	ACTGCTGAAGAGCGCAAGGAACGT	1
77	76	4	CTGCTGAAGAGCGCAAGGAACGTT	1
78	77	3	TGCTGAAGAGCGCAAGGAACGTTT	1
79	78	4	GCTGAAGAGCGCAAGGAACGTTTC	1
80	79	5	CTGAAGAGCGCAAGGAACGTTTCA	1
81	80	5	TGAAGAGCGCAAGGAACGTTTCAA	1
82	81	4	GAAGAGCGCAAGGAACGTTTCAAC	1
83	82	3	AAGAGCGCAAGGAACGTTTCAACG	1
84	83	3	AGAGCGCAAGGAACGTTTCAACGC	1
85	84	4	GAGCGCAAGGAACGTTTCAACGCC	1
86	85	4	AGCGCAAGGAACGTTTCAACGCCA	1
87	86	4	GCGCAAGGAACGTTTCAACGCCAA	1
88	87	4	CGCAAGGAACGTTTCAACGCCAAG	1
89	88	4	GCAAGGAACGTTTCAACGCCAAGG	1
90	89	4	CAAGGAACGTTTCAACGCCAAGGT	1
91	90	4	AAGGAACGTTTCAACGCCAAGGTT	1
92	91	4	AGGAACGTTTCAACGCCAAGGTTA	1
93	92	4	GGAACGTTTCAACGCCAAGGTTAT	1
94	93	4	GAACGTTTCAACGCCAAGGTTATC	1
95	94	4	AACGTTTCAACGCCAAGGTTATCG	1
96	95	4	ACGTTTCAACGCCAAGGTTATCGA	1
97	96	4	CGTTTCAACGCCAAGGTTATCGAG	1
98	97	3	GTTTCAACGCCAAGGTTATCGAGG	1
99	98	3	TTTCAACGCCAAGGTTATCGAGGC	1
100	99	2	TTCAACGCCAAGGTTATCGAGGCT	1
101	100	2	TCAACGCCAAGGTTATCGAGGCTG	1
102	101	2	CAACGCCAAGGTTATCGAGGCTGG	1
103	102	2	AACGCCAAGGTTATCGAGGCTGGT	1
104	103	2	ACGCCAAGGTTATCGAGGCTGGTC	1
105	104	2	CGCCAAGGTTATCGAGGCTGGTCG	1
106	105	2	GCCAAGGTTATCGAGGCTGGTCGT	1
107	106	2	CCAAGGTTATCGAGGCTGGTCGTG	1
108	107	2	CAAGGTTATCGAGGCTGGTCGTGC	1
109	108	2	AAGGTTATCGAGGCTGGTCGTGCT	1
110	109	2	AGGTTATCGAGGCTGGTCGTGCTT	1
111	110	2	GGTTATCGAGGCTGGTCGTGCTTA	1
112	111	3	GTTATCGAGGCTGGTCGTGCTTAA	1
113	112	3	TTATCGAGGCTGGTCGTGCTTAAG	1
114	113	3	TATCGAGGCTGGTCGTGCTTAAGT	1
115	114	3	ATCGAGGCTGGTCGTGCTTAAGTA	1
116	115	3	TCGAGGCTGGTCGTGCTTAAGTAT	1
117	116	3	CGAGGCTGGTCGTGCTTAAGTATA	1
118	117	3	GAGGCTGGTCGTGCTTAAGTATAT	1
119	118	3	AGGCTGGTCGTGCTTAAGTATATC	1
120	119	3	GGCTGGTCGTGCTTAAGTATATCT	1
121	120	3	GCTGGTCGTGCTTAAGTATATCTT	1
122	121	3	CTGGTCGTGCTTAAGTATATCTTA	1
123	122	2	TGGTCGTGCTTAAGTATATCTTAA	1
124	123	1	GGTCGTGCTTAAGTATATCTTAAA	1
125	124	1	GTCGTGCTTAAGTATATCTTAAAC	1
126	125	1	TCGTGCTTAAGTATATCTTAAACC	1
127	126	1	CGTGCTTAAGTATATCTTAAACCA	1
128	127	1	GTGCTTAAGTATATCTTAAACCAT	1
129	128	1	TGCTTAAGTATATCTTAAACCATT	1
130	129	1	GCTTAAGTATATCTTAAACCATTT	1
131	130	1	CTTAAGTATATCTTAAACCATTTT	1
132	131	1	TTAAGTATATCTTAAACCATTTTA	1
133	132	1	TAAGTATATCTTAAACCATTTTAA	1
134	133	1	AAGTATATCTTAAACCATTTTAAT	1
135	134	1	AGTATATCTTAAACCATTTTAATA	1
136	135	1	GTATATCTTAAACCATTTTAATAG	1
137	136	1	TATATCTTAAACCATTTTAATAGT	1
138	137	1	ATATCTTAAACCATTTTAATAGTA	1
139	138	1	TATCTTAAACCATTTTAATAGTAT	1
140	139	1	ATCTTAAACCATTTTAATAGTATG	1
141	140	1	TCTTAAACCATTTTAATAGTATGT	1
142	141	1	CTTAAACCATTTTAATAGTATGTC	1
143	142	1	TTAAACCATTTTAATAGTATGTCC	1
144	143	1	TAAACCATTTTAATAGTATGTCCT	1
145	144	1	AAACCATTTTAATAGTATGTCCTG	1
146	145	1	AACCATTTTAATAGTATGTCCTGT	1
147	146	1	ACCATTTTAATAGTATGTCCTGTT	1
148	147	1	CCATTTTAATAGTATGTCCTGTTC	1
149	148	1	CATTTTAATAGTATGTCCTGTTCT	1
150	149	1	ATTTTAATAGTATGTCCTGTTCTT	1
151	150	1	TTTTAATAGTATGTCCTGTTCTTT	1
152	151	1	TTTAATAGTATGTCCTGTTCTTTT	1
153	152	1	TTAATAGTATGTCCTGTTCTTTTC	1
154	153	1	TAATAGTATGTCCTGTTCTTTTCC	1
155	154	1	AATAGTATGTCCTGTTCTTTTCCG	1
156	1058	19	TTTCCCTGGTTTCGATATTGAAAC	1
157	156	4	TTCCCTGGTTTCGATATTGAAACT	1
158	157	5	TCCCTGGTTTCGATATTGAAACTG	1
159	158	5	CCCTGGTTTCGATATTGAAACTGA	1
160	159	5	CCTGGTTTCGATATTGAAACTGAG	1
161	160	5	CTGGTTTCGATATTGAAACTGAGG	1
162	161	7	TGGTTTCGATATTGAAACTGAGGA	1
163	162	7	GGTTTCGATATTGAAACTGAGGAA	1
164	163	6	GTTTCGATATTGAAACTGAGGAAT	1
165	164	6	TTTCGATATTGAAACTGAGGAATT	1
166	165	6	TTCGATATTGAAACTGAGGAATTG	1
167	166	6	TCGATATTGAAACTGAGGAATTGG	1
168	167	6	CGATATTGAAACTGAGGAATTGGA	1
169	168	6	GATATTGAAACTGAGGAATTGGAT	1
170	169	5	ATATTGAAACTGAGGAATTGGATG	1
171	170	5	TATTGAAACTGAGGAATTGGATGA	1
172	171	5	ATTGAAACTGAGGAATTGGATGAT	1
173	172	5	TTGAAACTGAGGAATTGGATGATG	1
174	173	5	TGAAACTGAGGAATTGGATGATGA	1
175	174	5	GAAACTGAGGAATTGGATGATGAG	1
176	175	5	AAACTGAGGAATTGGATGATGAGA	1
177	176	5	AACTGAGGAATTGGATGATGAGAC	1
178	177	5	ACTGAGGAATTGGATGATGAGACT	1
179	178	5	CTGAGGAATTGGATGATGAGACTC	1
180	179	5	TGAGGAATTGGATGATGAGACTCT	1
181	180	5	GAGGAATTGGATGATGAGACTCTC	1
182	181	5	AGGAATTGGATGATGAGACTCTCC	1
183	182	5	GGAATTGGATGATGAGACTCTCCG	1
184	183	5	GAATTGGATGATGAGACTCTCCGT	1
185	184	4	AATTGGATGATGAGACTCTCCGTA	1
186	185	4	ATTGGATGATGAGACTCTCCGTAA	1
187	186	4	TTGGATGATGAGACTCTCCGTAAG	1
188	187	4	TGGATGATGAGACTCTCCGTAAGT	1
189	188	4	GGATGATGAGACTCTCCGTAAGTA	1
190	189	4	GATGATGAGACTCTCCGTAAGTAT	1
191	190	3	ATGATGAGACTCTCCGTAAGTATA	1
192	191	3	TGATGAGACTCTCCGTAAGTATAT	1
193	192	3	GATGAGACTCTCCGTAAGTATATC	1
194	193	3	ATGAGACTCTCCGTAAGTATATCT	1
195	194	3	TGAGACTCTCCGTAAGTATATCTA	1
196	195	3	GAGACTCTCCGTAAGTATATCTAT	1
197	196	3	AGACTCTCCGTAAGTATATCTATG	1
198	197	3	GACTCTCCGTAAGTATATCTATGG	1
199	198	3	ACTCTCCGTAAGTATATCTATGGT	1
200	199	3	CTCTCCGTAAGTATATCTATGGTG	1
201	200	3	TCTCCGTAAGTATATCTATGGTGG	1
202	201	3	CTCCGTAAGTATATCTATGGTGGT	1
203	202	3	TCCGTAAGTATATCTATGGTGGTC	1
204	203	3	CCGTAAGTATATCTATGGTGGTCA	1
205	204	3	CGTAAGTATATCTATGGTGGTCAT	1
206	205	1	GTAAGTATATCTATGGTGGTCATG	1
207	206	1	TAAGTATATCTATGGTGGTCATGT	1
208	207	1	AAGTATATCTATGGTGGTCATGTT	1
209	208	1	AGTATATCTATGGTGGTCATGTTG	1
210	209	1	GTATATCTATGGTGGTCATGTTGC	1
211	210	1	TATATCTATGGTGGTCATGTTGCT	1
212	211	1	ATATCTATGGTGGTCATGTTGCTG	1
213	212	1	TATCTATGGTGGTCATGTTGCTGA	1
214	213	1	ATCTATGGTGGTCATGTTGCTGAA	1
215	214	2	TCTATGGTGGTCATGTTGCTGAAT	1
216	215	2	CTATGGTGGTCATGTTGCTGAATA	1
217	216	2	TATGGTGGTCATGTTGCTGAATAC	1
218	217	2	ATGGTGGTCATGTTGCTGAATACA	1
219	218	2	TGGTGGTCATGTTGCTGAATACAT	1
220	219	2	GGTGGTCATGTTGCTGAATACATG	1
221	220	2	GTGGTCATGTTGCTGAATACATGG	1
222	221	2	TGGTCATGTTGCTGAATACATGGA	1
223	222	3	GGTCATGTTGCTGAATACATGGAG	1
224	223	3	GTCATGTTGCTGAATACATGGAGA	1
225	224	3	TCATGTTGCTGAATACATGGAGAT	1
226	225	3	CATGTTGCTGAATACATGGAGATG	1
226	1127	2	CATGTTGCTGAATACATGGAGATG	1
227	970	9	TTTGAAGCGTACTTCTACCGGTTC	1
228	227	1	TTGAAGCGTACTTCTACCGGTTCT	1
229	228	1	TGAAGCGTACTTCTACCGGTTCTC	1
230	229	3	GAAGCGTACTTCTACCGGTTCTCG	1
231	230	3	AAGCGTACTTCTACCGGTTCTCGT	1
232	231	4	AGCGTACTTCTACCGGTTCTCGTG	1
233	232	4	GCGTACTTCTACCGGTTCTCGTGT	1
234	233	4	CGTACTTCTACCGGTTCTCGTGTC	1
235	234	7	GTACTTCTACCGGTTCTCGTGTCT	1
236	235	7	TACTTCTACCGGTTCTCGTGTCTT	1
237	236	7	ACTTCTACCGGTTCTCGTGTCTTT	1
238	237	7	CTTCTACCGGTTCTCGTGTCTTTG	1
239	238	8	TTCTACCGGTTCTCGTGTCTTTGG	1
240	239	8	TCTACCGGTTCTCGTGTCTTTGGT	1
241	240	8	CTACCGGTTCTCGTGTCTTTGGTG	1
242	241	8	TACCGGTTCTCGTGTCTTTGGTGC	1
243	242	8	ACCGGTTCTCGTGTCTTTGGTGCC	1
244	243	8	CCGGTTCTCGTGTCTTTGGTGCCA	1
245	244	8	CGGTTCTCGTGTCTTTGGTGCCAT	1
246	245	8	GGTTCTCGTGTCTTTGGTGCCATG	1
247	246	8	GTTCTCGTGTCTTTGGTGCCATGA	1
248	247	8	TTCTCGTGTCTTTGGTGCCATGAA	1
249	248	8	TCTCGTGTCTTTGGTGCCATGAAG	1
250	249	8	CTCGTGTCTTTGGTGCCATGAAGG	1
251	250	8	TCGTGTCTTTGGTGCCATGAAGGG	1
252	251	8	CGTGTCTTTGGTGCCATGAAGGGT	1
253	252	8	GTGTCTTTGGTGCCATGAAGGGTG	1
254	253	8	TGTCTTTGGTGCCATGAAGGGTGC	1
255	254	9	GTCTTTGGTGCCATGAAGGGTGCT	1
256	255	10	TCTTTGGTGCCATGAAGGGTGCTT	1
257	256	10	CTTTGGTGCCATGAAGGGTGCTTC	1
258	257	10	TTTGGTGCCATGAAGGGTGCTTCT	1
259	258	10	TTGGTGCCATGAAGGGTGCTTCTG	1
260	259	9	TGGTGCCATGAAGGGTGCTTCTGA	1
261	260	9	GGTGCCATGAAGGGTGCTTCTGAT	1
262	261	9	GTGCCATGAAGGGTGCTTCTGATG	1
263	262	9	TGCCATGAAGGGTGCTTCTGATGG	1
264	263	9	GCCATGAAGGGTGCTTCTGATGGT	1
265	264	9	CCATGAAGGGTGCTTCTGATGGTG	1
266	265	8	CATGAAGGGTGCTTCTGATGGTGG	1
267	266	8	ATGAAGGGTGCTTCTGATGGTGGA	1
268	267	8	TGAAGGGTGCTTCTGATGGTGGAT	1
269	268	8	GAAGGGTGCTTCTGATGGTGGATT	1
270	269	8	AAGGGTGCTTCTGATGGTGGATTG	1
271	270	8	AGGGTGCTTCTGATGGTGGATTGT	1
272	271	8	GGGTGCTTCTGATGGTGGATTGTT	1
273	272	8	GGTGCTTCTGATGGTGGATTGTTT	1
274	273	6	GTGCTTCTGATGGTGGATTGTTTA	1
275	274	6	TGCTTCTGATGGTGGATTGTTTAT	1
276	275	5	GCTTCTGATGGTGGATTGTTTATT	1
277	276	5	CTTCTGATGGTGGATTGTTTATTC	1
278	277	5	TTCTGATGGTGGATTGTTTATTCC	1
279	278	2	TCTGATGGTGGATTGTTTATTCCC	1
280	279	2	CTGATGGTGGATTGTTTATTCCCC	1
281	280	2	TGATGGTGGATTGTTTATTCCCCA	1
282	281	2	GATGGTGGATTGTTTATTCCCCAC	1
283	282	2	ATGGTGGATTGTTTATTCCCCACT	1
284	283	2	TGGTGGATTGTTTATTCCCCACTC	1
285	284	2	GGTGGATTGTTTATTCCCCACTCT	1
286	285	2	GTGGATTGTTTATTCCCCACTCTC	1
287	286	2	TGGATTGTTTATTCCCCACTCTCC	1
288	287	2	GGATTGTTTATTCCCCACTCTCCC	1
289	288	2	GATTGTTTATTCCCCACTCTCCCA	1
290	289	2	ATTGTTTATTCCCCACTCTCCCAA	1
291	290	2	TTGTTTATTCCCCACTCTCCCAAC	1
291	1033	3	TTGTTTATTCCCCACTCTCCCAAC	1
292	-1	0	CGACATGCCCTTTATCAAAGCAGT	1
293	292	1	GACATGCCCTTTATCAAAGCAGTC	1
294	293	1	ACATGCCCTTTATCAAAGCAGTCA	1
295	294	1	CATGCCCTTTATCAAAGCAGTCAA	1
296	295	2	ATGCCCTTTATCAAAGCAGTCAAG	1
297	296	2	TGCCCTTTATCAAAGCAGTCAAGA	1
298	297	2	GCCCTTTATCAAAGCAGTCAAGAG	1
299	298	2	CCCTTTATCAAAGCAGTCAAGAGC	1
300	299	2	CCTTTATCAAAGCAGTCAAGAGCA	1
301	300	2	CTTTATCAAAGCAGTCAAGAGCAG	1
302	301	4	TTTATCAAAGCAGTCAAGAGCAGC	1
303	302	4	TTATCAAAGCAGTCAAGAGCAGCC	1
304	303	4	TATCAAAGCAGTCAAGAGCAGCCC	1
305	304	5	ATCAAAGCAGTCAAGAGCAGCCCT	1
306	305	5	TCAAAGCAGTCAAGAGCAGCCCTT	1
307	306	5	CAAAGCAGTCAAGAGCAGCCCTTA	1
308	307	6	AAAGCAGTCAAGAGCAGCCCTTAC	1
309	308	6	AAGCAGTCAAGAGCAGCCCTTACT	1
310	309	6	AGCAGTCAAGAGCAGCCCTTACTT	1
311	310	6	GCAGTCAAGAGCAGCCCTTACTTT	1
312	311	6	CAGTCAAGAGCAGCCCTTACTTTT	1
313	312	6	AGTCAAGAGCAGCCCTTACTTTTC	1
314	313	6	GTCAAGAGCAGCCCTTACTTTTCA	1
315	314	6	TCAAGAGCAGCCCTTACTTTTCAC	1
316	315	6	CAAGAGCAGCCCTTACTTTTCACG	1
317	316	6	AAGAGCAGCCCTTACTTTTCACGT	1
318	317	6	AGAGCAGCCCTTACTTTTCACGTT	1
319	318	6	GAGCAGCCCTTACTTTTCACGTTA	1
320	319	6	AGCAGCCCTTACTTTTCACGTTAT	1
321	320	6	GCAGCCCTTACTTTTCACGTTATC	1
322	321	6	CAGCCCTTACTTTTCACGTTATCA	1
323	322	6	AGCCCTTACTTTTCACGTTATCAG	1
324	323	6	GCCCTTACTTTTCACGTTATCAGA	1
325	324	6	CCCTTACTTTTCACGTTATCAGAC	1
326	325	6	CCTTACTTTTCACGTTATCAGACG	1
327	326	6	CTTACTTTTCACGTTATCAGACGA	1
328	327	6	TTACTTTTCACGTTATCAGACGAA	1
329	328	6	TACTTTTCACGTTATCAGACGAAA	1
330	329	6	ACTTTTCACGTTATCAGACGAAAT	1
331	330	6	CTTTTCACGTTATCAGACGAAATA	1
332	331	6	TTTTCACGTTATCAGACGAAATAT	1
333	332	6	TTTCACGTTATCAGACGAAATATC	1
334	333	6	TTCACGTTATCAGACGAAATATCG	1
335	334	6	TCACGTTATCAGACGAAATATCGT	1
336	335	6	CACGTTATCAGACGAAATATCGTC	1
337	336	5	ACGTTATCAGACGAAATATCGTCG	1
338	337	5	CGTTATCAGACGAAATATCGTCGT	1
339	338	5	GTTATCAGACGAAATATCGTCGTC	1
340	339	4	TTATCAGACGAAATATCGTCGTCG	1
341	340	4	TATCAGACGAAATATCGTCGTCGT	1
342	341	4	ATCAGACGAAATATCGTCGTCGTC	1
343	342	4	TCAGACGAAATATCGTCGTCGTCG	1
344	343	4	CAGACGAAATATCGTCGTCGTCGT	1
344	578	11	CAGACGAAATATCGTCGTCGTCGT	1
345	27	2	GCTGCTGCTTTCAAGGCTGAGTCT	1
346	345	2	CTGCTGCTTTCAAGGCTGAGTCTC	1
347	346	2	TGCTGCTTTCAAGGCTGAGTCTCT	1
348	347	2	GCTGCTTTCAAGGCTGAGTCTCTT	1
349	348	2	CTGCTTTCAAGGCTGAGTCTCTTA	1
350	349	2	TGCTTTCAAGGCTGAGTCTCTTAA	1
351	350	2	GCTTTCAAGGCTGAGTCTCTTAAG	1
352	351	2	CTTTCAAGGCTGAGTCTCTTAAGT	1
353	352	2	TTTCAAGGCTGAGTCTCTTAAGTA	1
354	353	2	TTCAAGGCTGAGTCTCTTAAGTAT	1
355	354	2	TCAAGGCTGAGTCTCTTAAGTATA	1
356	355	2	CAAGGCTGAGTCTCTTAAGTATAC	1
357	356	2	AAGGCTGAGTCTCTTAAGTATACT	1
358	357	2	AGGCTGAGTCTCTTAAGTATACTC	1
359	358	2	GGCTGAGTCTCTTAAGTATACTCA	1
360	359	2	GCTGAGTCTCTTAAGTATACTCAA	1
361	360	2	CTGAGTCTCTTAAGTATACTCAAA	1
362	361	2	TGAGTCTCTTAAGTATACTCAAAG	1
363	362	1	GAGTCTCTTAAGTATACTCAAAGG	1
364	363	1	AGTCTCTTAAGTATACTCAAAGGA	1
365	364	1	GTCTCTTAAGTATACTCAAAGGAA	1
366	365	1	TCTCTTAAGTATACTCAAAGGAAG	1
367	366	1	CTCTTAAGTATACTCAAAGGAAGC	1
368	367	1	TCTTAAGTATACTCAAAGGAAGCT	1
369	368	1	CTTAAGTATACTCAAAGGAAGCTT	1
370	369	1	TTAAGTATACTCAAAGGAAGCTTA	1
371	370	1	TAAGTATACTCAAAGGAAGCTTAC	1
372	371	1	AAGTATACTCAAAGGAAGCTTACT	1
373	372	1	AGTATACTCAAAGGAAGCTTACTG	1
374	373	1	GTATACTCAAAGGAAGCTTACTGC	1
375	374	1	TATACTCAAAGGAAGCTTACTGCT	1
376	375	1	ATACTCAAAGGAAGCTTACTGCTG	1
377	376	1	TACTCAAAGGAAGCTTACTGCTGA	1
378	377	1	ACTCAAAGGAAGCTTACTGCTGAA	1
379	378	1	CTCAAAGGAAGCTTACTGCTGAAG	1
380	379	1	TCAAAGGAAGCTTACTGCTGAAGA	1
381	380	1	CAAAGGAAGCTTACTGCTGAAGAA	1
382	381	1	AAAGGAAGCTTACTGCTGAAGAAC	1
383	382	1	AAGGAAGCTTACTGCTGAAGAACG	1
384	383	1	AGGAAGCTTACTGCTGAAGAACGC	1
385	384	1	GGAAGCTTACTGCTGAAGAACGCA	1
386	385	1	GAAGCTTACTGCTGAAGAACGCAA	1
387	386	1	AAGCTTACTGCTGAAGAACGCAAA	1
388	387	1	AGCTTACTGCTGAAGAACGCAAAG	1
389	388	1	GCTTACTGCTGAAGAACGCAAAGA	1
390	389	1	CTTACTGCTGAAGAACGCAAAGAG	1
391	390	2	TTACTGCTGAAGAACGCAAAGAGC	1
392	391	2	TACTGCTGAAGAACGCAAAGAGCG	1
393	392	2	ACTGCTGAAGAACGCAAAGAGCGT	1
394	393	2	CTGCTGAAGAACGCAAAGAGCGTT	1
395	394	2	TGCTGAAGAACGCAAAGAGCGTTT	1
396	395	2	GCTGAAGAACGCAAAGAGCGTTTC	1
397	396	2	CTGAAGAACGCAAAGAGCGTTTCA	1
398	397	2	TGAAGAACGCAAAGAGCGTTTCAA	1
399	398	2	GAAGAACGCAAAGAGCGTTTCAAC	1
400	399	2	AAGAACGCAAAGAGCGTTTCAACG	1
401	400	2	AGAACGCAAAGAGCGTTTCAACGC	1
402	401	2	GAACGCAAAGAGCGTTTCAACGCC	1
403	402	2	AACGCAAAGAGCGTTTCAACGCCA	1
404	403	2	ACGCAAAGAGCGTTTCAACGCCAA	1
405	404	2	CGCAAAGAGCGTTTCAACGCCAAG	1
406	405	2	GCAAAGAGCGTTTCAACGCCAAGG	1
407	406	2	CAAAGAGCGTTTCAACGCCAAGGT	1
408	407	2	AAAGAGCGTTTCAACGCCAAGGTT	1
409	408	2	AAGAGCGTTTCAACGCCAAGGTTA	1
410	409	2	AGAGCGTTTCAACGCCAAGGTTAT	1
411	410	3	GAGCGTTTCAACGCCAAGGTTATT	1
412	411	3	AGCGTTTCAACGCCAAGGTTATTG	1
413	412	3	GCGTTTCAACGCCAAGGTTATTGA	1
414	413	3	CGTTTCAACGCCAAGGTTATTGAG	1
415	414	3	GTTTCAACGCCAAGGTTATTGAGG	1
416	415	4	TTTCAACGCCAAGGTTATTGAGGC	1
417	416	4	TTCAACGCCAAGGTTATTGAGGCC	1
418	417	4	TCAACGCCAAGGTTATTGAGGCCG	1
419	418	4	CAACGCCAAGGTTATTGAGGCCGG	1
420	419	3	AACGCCAAGGTTATTGAGGCCGGT	1
421	420	3	ACGCCAAGGTTATTGAGGCCGGTC	1
422	421	3	CGCCAAGGTTATTGAGGCCGGTCG	1
423	422	2	GCCAAGGTTATTGAGGCCGGTCGT	1
424	423	2	CCAAGGTTATTGAGGCCGGTCGTG	1
425	424	2	CAAGGTTATTGAGGCCGGTCGTGC	1
426	425	2	AAGGTTATTGAGGCCGGTCGTGCT	1
427	426	2	AGGTTATTGAGGCCGGTCGTGCTT	1
428	427	2	GGTTATTGAGGCCGGTCGTGCTTA	1
429	428	2	GTTATTGAGGCCGGTCGTGCTTAA	1
430	429	2	TTATTGAGGCCGGTCGTGCTTAAA	1
431	430	2	TATTGAGGCCGGTCGTGCTTAAAA	1
432	431	2	ATTGAGGCCGGTCGTGCTTAAAAA	1
433	432	2	TTGAGGCCGGTCGTGCTTAAAAAG	1
434	433	2	TGAGGCCGGTCGTGCTTAAAAAGG	1
435	434	2	GAGGCCGGTCGTGCTTAAAAAGGG	1
436	435	2	AGGCCGGTCGTGCTTAAAAAGGGT	1
437	436	2	GGCCGGTCGTGCTTAAAAAGGGTG	1
438	437	2	GCCGGTCGTGCTTAAAAAGGGTGC	1
439	438	2	CCGGTCGTGCTTAAAAAGGGTGCT	1
440	439	2	CGGTCGTGCTTAAAAAGGGTGCTT	1
441	440	2	GGTCGTGCTTAAAAAGGGTGCTTA	1
442	441	2	GTCGTGCTTAAAAAGGGTGCTTAA	1
443	442	2	TCGTGCTTAAAAAGGGTGCTTAAT	1
444	443	2	CGTGCTTAAAAAGGGTGCTTAATA	1
445	444	2	GTGCTTAAAAAGGGTGCTTAATAA	1
446	445	2	TGCTTAAAAAGGGTGCTTAATAAA	1
447	446	2	GCTTAAAAAGGGTGCTTAATAAAA	1
448	447	2	CTTAAAAAGGGTGCTTAATAAAAA	1
449	448	2	TTAAAAAGGGTGCTTAATAAAAAA	1
450	449	2	TAAAAAGGGTGCTTAATAAAAAAT	1
451	450	2	AAAAAGGGTGCTTAATAAAAAATT	1
452	451	2	AAAAGGGTGCTTAATAAAAAATTG	1
453	452	2	AAAGGGTGCTTAATAAAAAATTGA	1
454	453	2	AAGGGTGCTTAATAAAAAATTGAC	1
455	454	1	AGGGTGCTTAATAAAAAATTGACA	1
456	455	1	GGGTGCTTAATAAAAAATTGACAC	1
457	456	1	GGTGCTTAATAAAAAATTGACACT	1
458	457	1	GTGCTTAATAAAAAATTGACACTG	1
459	458	1	TGCTTAATAAAAAATTGACACTGA	1
460	-1	0	CTCTTCTGAGCTTCCTCGTTACGG	1
461	460	1	TCTTCTGAGCTTCCTCGTTACGGT	1
462	461	1	CTTCTGAGCTTCCTCGTTACGGTA	1
463	462	1	TTCTGAGCTTCCTCGTTACGGTAT	1
464	463	3	TCTGAGCTTCCTCGTTACGGTATC	1
465	464	3	CTGAGCTTCCTCGTTACGGTATCA	1
466	465	3	TGAGCTTCCTCGTTACGGTATCAA	1
467	466	3	GAGCTTCCTCGTTACGGTATCAAA	1
468	467	3	AGCTTCCTCGTTACGGTATCAAAT	1
469	468	3	GCTTCCTCGTTACGGTATCAAATG	1
470	469	3	CTTCCTCGTTACGGTATCAAATGG	1
471	470	3	TTCCTCGTTACGGTATCAAATGGG	1
472	471	3	TCCTCGTTACGGTATCAAATGGGG	1
473	472	3	CCTCGTTACGGTATCAAATGGGGT	1
474	473	3	CTCGTTACGGTATCAAATGGGGTT	1
475	474	3	TCGTTACGGTATCAAATGGGGTTT	1
476	475	3	CGTTACGGTATCAAATGGGGTTTG	1
477	476	3	GTTACGGTATCAAATGGGGTTTGG	1
478	477	3	TTACGGTATCAAATGGGGTTTGGC	1
479	478	3	TACGGTATCAAATGGGGTTTGGCC	1
479	780	4	TACGGTATCAAATGGGGTTTGGCC	1
480	675	8	CCGTTTGGTCGTTCGTTTCTCCAA	1
481	480	6	CGTTTGGTCGTTCGTTTCTCCAAC	1
482	481	5	GTTTGGTCGTTCGTTTCTCCAACC	1
483	482	5	TTTGGTCGTTCGTTTCTCCAACCG	1
484	483	6	TTGGTCGTTCGTTTCTCCAACCGT	1
485	484	6	TGGTCGTTCGTTTCTCCAACCGTT	1
486	485	6	GGTCGTTCGTTTCTCCAACCGTTT	1
487	486	6	GTCGTTCGTTTCTCCAACCGTTTC	1
488	487	6	TCGTTCGTTTCTCCAACCGTTTCG	1
489	488	6	CGTTCGTTTCTCCAACCGTTTCGT	1
490	489	4	GTTCGTTTCTCCAACCGTTTCGTC	1
491	490	5	TTCGTTTCTCCAACCGTTTCGTCA	1
492	491	5	TCGTTTCTCCAACCGTTTCGTCAC	1
493	492	5	CGTTTCTCCAACCGTTTCGTCACA	1
494	493	6	GTTTCTCCAACCGTTTCGTCACAT	1
495	494	6	TTTCTCCAACCGTTTCGTCACATG	1
496	495	6	TTCTCCAACCGTTTCGTCACATGC	1
497	496	6	TCTCCAACCGTTTCGTCACATGCC	1
498	497	6	CTCCAACCGTTTCGTCACATGCCA	1
499	498	6	TCCAACCGTTTCGTCACATGCCAA	1
500	499	6	CCAACCGTTTCGTCACATGCCAAA	1
501	500	5	CAACCGTTTCGTCACATGCCAAAT	1
502	501	5	AACCGTTTCGTCACATGCCAAATA	1
503	502	5	ACCGTTTCGTCACATGCCAAATAG	1
504	503	5	CCGTTTCGTCACATGCCAAATAGT	1
505	699	6	CGTTTCGTCACATGCCAAATAGTT	1
505	504	5	CGTTTCGTCACATGCCAAATAGTT	1
506	703	10	CGTCACATGCCAAATAGTTTCTTC	1
507	506	6	GTCACATGCCAAATAGTTTCTTCC	1
508	507	6	TCACATGCCAAATAGTTTCTTCCA	1
509	508	5	CACATGCCAAATAGTTTCTTCCAG	1
510	509	5	ACATGCCAAATAGTTTCTTCCAGA	1
511	510	5	CATGCCAAATAGTTTCTTCCAGAG	1
512	511	5	ATGCCAAATAGTTTCTTCCAGAGT	1
513	512	5	TGCCAAATAGTTTCTTCCAGAGTA	1
514	513	5	GCCAAATAGTTTCTTCCAGAGTAA	1
515	514	5	CCAAATAGTTTCTTCCAGAGTAAA	1
516	515	5	CAAATAGTTTCTTCCAGAGTAAAC	1
517	516	6	AAATAGTTTCTTCCAGAGTAAACG	1
518	517	6	AATAGTTTCTTCCAGAGTAAACGG	1
519	518	6	ATAGTTTCTTCCAGAGTAAACGGT	1
520	519	6	TAGTTTCTTCCAGAGTAAACGGTG	1
521	520	7	AGTTTCTTCCAGAGTAAACGGTGA	1
522	521	7	GTTTCTTCCAGAGTAAACGGTGAC	1
523	522	7	TTTCTTCCAGAGTAAACGGTGACT	1
524	523	7	TTCTTCCAGAGTAAACGGTGACTA	1
525	524	7	TCTTCCAGAGTAAACGGTGACTAT	1
526	525	7	CTTCCAGAGTAAACGGTGACTATG	1
527	526	7	TTCCAGAGTAAACGGTGACTATGT	1
528	527	7	TCCAGAGTAAACGGTGACTATGTT	1
529	528	7	CCAGAGTAAACGGTGACTATGTTC	1
530	529	7	CAGAGTAAACGGTGACTATGTTCT	1
531	727	11	AGAGTAAACGGTGACTATGTTCTT	1
531	530	7	AGAGTAAACGGTGACTATGTTCTT	1
532	-1	0	TGCCCTTCATCAAAGCAGTCAAGA	1
533	532	1	GCCCTTCATCAAAGCAGTCAAGAG	1
534	533	1	CCCTTCATCAAAGCAGTCAAGAGC	1
535	534	1	CCTTCATCAAAGCAGTCAAGAGCA	1
536	535	2	CTTCATCAAAGCAGTCAAGAGCAG	1
537	536	4	TTCATCAAAGCAGTCAAGAGCAGC	1
538	537	4	TCATCAAAGCAGTCAAGAGCAGCC	1
539	538	4	CATCAAAGCAGTCAAGAGCAGCCC	1
540	539	4	ATCAAAGCAGTCAAGAGCAGCCCA	1
541	540	5	TCAAAGCAGTCAAGAGCAGCCCAT	1
542	541	5	CAAAGCAGTCAAGAGCAGCCCATA	1
543	542	5	AAAGCAGTCAAGAGCAGCCCATAC	1
544	543	6	AAGCAGTCAAGAGCAGCCCATACT	1
545	544	6	AGCAGTCAAGAGCAGCCCATACTT	1
546	545	7	GCAGTCAAGAGCAGCCCATACTTC	1
547	546	8	CAGTCAAGAGCAGCCCATACTTCT	1
548	547	9	AGTCAAGAGCAGCCCATACTTCTC	1
549	548	9	GTCAAGAGCAGCCCATACTTCTCA	1
550	549	9	TCAAGAGCAGCCCATACTTCTCAC	1
551	550	10	CAAGAGCAGCCCATACTTCTCACG	1
552	551	10	AAGAGCAGCCCATACTTCTCACGT	1
553	552	10	AGAGCAGCCCATACTTCTCACGTT	1
554	553	10	GAGCAGCCCATACTTCTCACGTTA	1
555	554	10	AGCAGCCCATACTTCTCACGTTAC	1
556	555	9	GCAGCCCATACTTCTCACGTTACC	1
557	556	10	CAGCCCATACTTCTCACGTTACCA	1
558	557	10	AGCCCATACTTCTCACGTTACCAG	1
559	558	10	GCCCATACTTCTCACGTTACCAGA	1
560	559	10	CCCATACTTCTCACGTTACCAGAC	1
561	560	10	CCATACTTCTCACGTTACCAGACG	1
562	561	10	CATACTTCTCACGTTACCAGACGA	1
563	562	10	ATACTTCTCACGTTACCAGACGAA	1
564	563	10	TACTTCTCACGTTACCAGACGAAA	1
565	564	10	ACTTCTCACGTTACCAGACGAAAT	1
566	565	10	CTTCTCACGTTACCAGACGAAATA	1
567	566	10	TTCTCACGTTACCAGACGAAATAT	1
568	567	10	TCTCACGTTACCAGACGAAATATC	1
569	568	11	CTCACGTTACCAGACGAAATATCG	1
570	569	11	TCACGTTACCAGACGAAATATCGT	1
571	570	11	CACGTTACCAGACGAAATATCGTC	1
572	571	11	ACGTTACCAGACGAAATATCGTCG	1
573	572	11	CGTTACCAGACGAAATATCGTCGT	1
574	573	12	GTTACCAGACGAAATATCGTCGTC	1
575	574	12	TTACCAGACGAAATATCGTCGTCG	1
576	575	12	TACCAGACGAAATATCGTCGTCGT	1
577	576	11	ACCAGACGAAATATCGTCGTCGTC	1
578	577	11	CCAGACGAAATATCGTCGTCGTCG	1
579	344	14	AGACGAAATATCGTCGTCGTCGTG	1
580	579	11	GACGAAATATCGTCGTCGTCGTGA	1
581	580	11	ACGAAATATCGTCGTCGTCGTGAG	1
582	581	11	CGAAATATCGTCGTCGTCGTGAGG	1
583	582	11	GAAATATCGTCGTCGTCGTGAGGG	1
584	583	10	AAATATCGTCGTCGTCGTGAGGGT	1
585	584	10	AATATCGTCGTCGTCGTGAGGGTA	1
586	585	9	ATATCGTCGTCGTCGTGAGGGTAA	1
587	586	8	TATCGTCGTCGTCGTGAGGGTAAA	1
588	587	8	ATCGTCGTCGTCGTGAGGGTAAAA	1
589	588	7	TCGTCGTCGTCGTGAGGGTAAAAC	1
590	589	6	CGTCGTCGTCGTGAGGGTAAAACC	1
591	590	6	GTCGTCGTCGTGAGGGTAAAACCG	1
592	591	5	TCGTCGTCGTGAGGGTAAAACCGA	1
593	592	5	CGTCGTCGTGAGGGTAAAACCGAT	1
594	593	5	GTCGTCGTGAGGGTAAAACCGATT	1
595	594	5	TCGTCGTGAGGGTAAAACCGATTA	1
596	595	5	CGTCGTGAGGGTAAAACCGATTAT	1
597	596	5	GTCGTGAGGGTAAAACCGATTATT	1
598	597	5	TCGTGAGGGTAAAACCGATTATTA	1
599	598	5	CGTGAGGGTAAAACCGATTATTAC	1
600	599	4	GTGAGGGTAAAACCGATTATTACG	1
601	600	4	TGAGGGTAAAACCGATTATTACGC	1
602	601	4	GAGGGTAAAACCGATTATTACGCT	1
603	602	4	AGGGTAAAACCGATTATTACGCTC	1
604	603	4	GGGTAAAACCGATTATTACGCTCG	1
605	604	4	GGTAAAACCGATTATTACGCTCGT	1
606	605	4	GTAAAACCGATTATTACGCTCGTA	1
607	606	4	TAAAACCGATTATTACGCTCGTAA	1
608	607	4	AAAACCGATTATTACGCTCGTAAG	1
609	608	4	AAACCGATTATTACGCTCGTAAGC	1
610	609	4	AACCGATTATTACGCTCGTAAGCG	1
611	610	4	ACCGATTATTACGCTCGTAAGCGT	1
612	611	4	CCGATTATTACGCTCGTAAGCGTT	1
613	612	5	CGATTATTACGCTCGTAAGCGTTT	1
614	613	5	GATTATTACGCTCGTAAGCGTTTG	1
615	614	5	ATTATTACGCTCGTAAGCGTTTGA	1
616	615	5	TTATTACGCTCGTAAGCGTTTGAT	1
617	616	4	TATTACGCTCGTAAGCGTTTGATT	1
618	617	4	ATTACGCTCGTAAGCGTTTGATTG	1
619	618	4	TTACGCTCGTAAGCGTTTGATTGC	1
620	619	4	TACGCTCGTAAGCGTTTGATTGCC	1
621	620	4	ACGCTCGTAAGCGTTTGATTGCCC	1
622	621	4	CGCTCGTAAGCGTTTGATTGCCCA	1
623	622	4	GCTCGTAAGCGTTTGATTGCCCAG	1
624	623	4	CTCGTAAGCGTTTGATTGCCCAGG	1
625	624	4	TCGTAAGCGTTTGATTGCCCAGGC	1
626	625	4	CGTAAGCGTTTGATTGCCCAGGCC	1
627	626	3	GTAAGCGTTTGATTGCCCAGGCCA	1
628	627	3	TAAGCGTTTGATTGCCCAGGCCAA	1
629	628	3	AAGCGTTTGATTGCCCAGGCCAAG	1
630	629	3	AGCGTTTGATTGCCCAGGCCAAGA	1
631	630	3	GCGTTTGATTGCCCAGGCCAAGAA	1
632	631	3	CGTTTGATTGCCCAGGCCAAGAAC	1
633	632	3	GTTTGATTGCCCAGGCCAAGAACA	1
634	633	4	TTTGATTGCCCAGGCCAAGAACAA	1
635	634	4	TTGATTGCCCAGGCCAAGAACAAG	1
636	635	4	TGATTGCCCAGGCCAAGAACAAGT	1
637	636	4	GATTGCCCAGGCCAAGAACAAGTA	1
638	637	3	ATTGCCCAGGCCAAGAACAAGTAC	1
639	638	3	TTGCCCAGGCCAAGAACAAGTACA	1
640	639	3	TGCCCAGGCCAAGAACAAGTACAA	1
641	640	3	GCCCAGGCCAAGAACAAGTACAAT	1
642	641	4	CCCAGGCCAAGAACAAGTACAATG	1
643	642	4	CCAGGCCAAGAACAAGTACAATGC	1
644	643	4	CAGGCCAAGAACAAGTACAATGCT	1
645	644	4	AGGCCAAGAACAAGTACAATGCTC	1
646	645	4	GGCCAAGAACAAGTACAATGCTCC	1
647	646	4	GCCAAGAACAAGTACAATGCTCCC	1
648	647	4	CCAAGAACAAGTACAATGCTCCCA	1
649	648	4	CAAGAACAAGTACAATGCTCCCAA	1
650	649	4	AAGAACAAGTACAATGCTCCCAAG	1
651	650	4	AGAACAAGTACAATGCTCCCAAGT	1
652	651	4	GAACAAGTACAATGCTCCCAAGTA	1
653	652	5	AACAAGTACAATGCTCCCAAGTAC	1
654	653	5	ACAAGTACAATGCTCCCAAGTACC	1
655	654	5	CAAGTACAATGCTCCCAAGTACCG	1
656	655	4	AAGTACAATGCTCCCAAGTACCGT	1
657	656	4	AGTACAATGCTCCCAAGTACCGTT	1
658	657	4	GTACAATGCTCCCAAGTACCGTTT	1
659	658	4	TACAATGCTCCCAAGTACCGTTTG	1
660	659	6	ACAATGCTCCCAAGTACCGTTTGG	1
661	660	6	CAATGCTCCCAAGTACCGTTTGGT	1
662	661	7	AATGCTCCCAAGTACCGTTTGGTC	1
663	662	7	ATGCTCCCAAGTACCGTTTGGTCG	1
664	663	7	TGCTCCCAAGTACCGTTTGGTCGT	1
665	664	8	GCTCCCAAGTACCGTTTGGTCGTT	1
666	665	8	CTCCCAAGTACCGTTTGGTCGTTC	1
667	666	8	TCCCAAGTACCGTTTGGTCGTTCG	1
668	667	9	CCCAAGTACCGTTTGGTCGTTCGT	1
669	668	9	CCAAGTACCGTTTGGTCGTTCGTT	1
670	669	9	CAAGTACCGTTTGGTCGTTCGTTT	1
671	670	9	AAGTACCGTTTGGTCGTTCGTTTC	1
672	671	9	AGTACCGTTTGGTCGTTCGTTTCT	1
673	672	9	GTACCGTTTGGTCGTTCGTTTCTC	1
674	673	9	TACCGTTTGGTCGTTCGTTTCTCC	1
675	674	9	ACCGTTTGGTCGTTCGTTTCTCCA	1
676	480	2	CGTTTGGTCGTTCGTTTCTCCAAT	1
677	676	2	GTTTGGTCGTTCGTTTCTCCAATC	1
678	677	2	TTTGGTCGTTCGTTTCTCCAATCG	1
679	678	2	TTGGTCGTTCGTTTCTCCAATCGT	1
680	679	2	TGGTCGTTCGTTTCTCCAATCGTT	1
681	680	2	GGTCGTTCGTTTCTCCAATCGTTT	1
682	681	2	GTCGTTCGTTTCTCCAATCGTTTC	1
683	682	2	TCGTTCGTTTCTCCAATCGTTTCG	1
684	683	2	CGTTCGTTTCTCCAATCGTTTCGT	1
685	684	2	GTTCGTTTCTCCAATCGTTTCGTC	1
686	685	2	TTCGTTTCTCCAATCGTTTCGTCA	1
687	686	2	TCGTTTCTCCAATCGTTTCGTCAC	1
688	687	3	CGTTTCTCCAATCGTTTCGTCACA	1
689	688	4	GTTTCTCCAATCGTTTCGTCACAT	1
690	689	4	TTTCTCCAATCGTTTCGTCACATG	1
691	690	4	TTCTCCAATCGTTTCGTCACATGC	1
692	691	4	TCTCCAATCGTTTCGTCACATGCC	1
693	692	6	CTCCAATCGTTTCGTCACATGCCA	1
694	693	6	TCCAATCGTTTCGTCACATGCCAA	1
695	694	6	CCAATCGTTTCGTCACATGCCAAA	1
696	695	6	CAATCGTTTCGTCACATGCCAAAT	1
697	696	6	AATCGTTTCGTCACATGCCAAATA	1
698	697	6	ATCGTTTCGTCACATGCCAAATAG	1
699	698	6	TCGTTTCGTCACATGCCAAATAGT	1
700	505	11	GTTTCGTCACATGCCAAATAGTTT	1
701	700	11	TTTCGTCACATGCCAAATAGTTTC	1
702	701	11	TTCGTCACATGCCAAATAGTTTCT	1
703	702	11	TCGTCACATGCCAAATAGTTTCTT	1
704	506	6	GTCACATGCCAAATAGTTTCTTCT	1
705	704	6	TCACATGCCAAATAGTTTCTTCTA	1
706	705	7	CACATGCCAAATAGTTTCTTCTAG	1
707	706	9	ACATGCCAAATAGTTTCTTCTAGA	1
708	707	9	CATGCCAAATAGTTTCTTCTAGAG	1
709	708	8	ATGCCAAATAGTTTCTTCTAGAGT	1
710	709	11	TGCCAAATAGTTTCTTCTAGAGTA	1
711	710	11	GCCAAATAGTTTCTTCTAGAGTAA	1
712	711	10	CCAAATAGTTTCTTCTAGAGTAAA	1
713	712	10	CAAATAGTTTCTTCTAGAGTAAAC	1
714	713	12	AAATAGTTTCTTCTAGAGTAAACG	1
715	714	12	AATAGTTTCTTCTAGAGTAAACGG	1
716	715	11	ATAGTTTCTTCTAGAGTAAACGGT	1
717	716	11	TAGTTTCTTCTAGAGTAAACGGTG	1
718	717	11	AGTTTCTTCTAGAGTAAACGGTGA	1
719	718	11	GTTTCTTCTAGAGTAAACGGTGAC	1
720	719	11	TTTCTTCTAGAGTAAACGGTGACT	1
721	720	11	TTCTTCTAGAGTAAACGGTGACTA	1
722	721	11	TCTTCTAGAGTAAACGGTGACTAT	1
723	722	11	CTTCTAGAGTAAACGGTGACTATG	1
724	723	11	TTCTAGAGTAAACGGTGACTATGT	1
725	724	11	TCTAGAGTAAACGGTGACTATGTT	1
726	725	11	CTAGAGTAAACGGTGACTATGTTC	1
727	726	11	TAGAGTAAACGGTGACTATGTTCT	1
728	531	18	GAGTAAACGGTGACTATGTTCTTG	1
729	728	17	AGTAAACGGTGACTATGTTCTTGC	1
730	729	16	GTAAACGGTGACTATGTTCTTGCT	1
731	730	16	TAAACGGTGACTATGTTCTTGCTC	1
732	731	16	AAACGGTGACTATGTTCTTGCTCA	1
733	732	11	AACGGTGACTATGTTCTTGCTCAT	1
734	733	11	ACGGTGACTATGTTCTTGCTCATG	1
735	734	11	CGGTGACTATGTTCTTGCTCATGC	1
736	735	11	GGTGACTATGTTCTTGCTCATGCT	1
737	736	11	GTGACTATGTTCTTGCTCATGCTC	1
738	737	11	TGACTATGTTCTTGCTCATGCTCA	1
739	738	12	GACTATGTTCTTGCTCATGCTCAC	1
740	739	12	ACTATGTTCTTGCTCATGCTCACT	1
741	740	12	CTATGTTCTTGCTCATGCTCACTC	1
742	741	12	TATGTTCTTGCTCATGCTCACTCT	1
743	742	12	ATGTTCTTGCTCATGCTCACTCTT	1
744	743	12	TGTTCTTGCTCATGCTCACTCTTC	1
745	744	12	GTTCTTGCTCATGCTCACTCTTCT	1
746	745	12	TTCTTGCTCATGCTCACTCTTCTG	1
747	746	11	TCTTGCTCATGCTCACTCTTCTGA	1
748	747	11	CTTGCTCATGCTCACTCTTCTGAG	1
749	748	10	TTGCTCATGCTCACTCTTCTGAGC	1
750	749	9	TGCTCATGCTCACTCTTCTGAGCT	1
751	750	9	GCTCATGCTCACTCTTCTGAGCTC	1
752	751	9	CTCATGCTCACTCTTCTGAGCTCC	1
753	752	7	TCATGCTCACTCTTCTGAGCTCCC	1
754	753	6	CATGCTCACTCTTCTGAGCTCCCT	1
755	754	6	ATGCTCACTCTTCTGAGCTCCCTC	1
756	755	6	TGCTCACTCTTCTGAGCTCCCTCG	1
757	756	5	GCTCACTCTTCTGAGCTCCCTCGC	1
758	757	5	CTCACTCTTCTGAGCTCCCTCGCT	1
759	758	5	TCACTCTTCTGAGCTCCCTCGCTA	1
760	759	5	CACTCTTCTGAGCTCCCTCGCTAC	1
761	760	5	ACTCTTCTGAGCTCCCTCGCTACG	1
762	761	5	CTCTTCTGAGCTCCCTCGCTACGG	1
763	762	4	TCTTCTGAGCTCCCTCGCTACGGT	1
764	763	3	CTTCTGAGCTCCCTCGCTACGGTA	1
765	764	3	TTCTGAGCTCCCTCGCTACGGTAT	1
766	765	3	TCTGAGCTCCCTCGCTACGGTATC	1
767	766	3	CTGAGCTCCCTCGCTACGGTATCA	1
768	767	3	TGAGCTCCCTCGCTACGGTATCAA	1
769	768	3	GAGCTCCCTCGCTACGGTATCAAA	1
770	769	3	AGCTCCCTCGCTACGGTATCAAAT	1
771	770	3	GCTCCCTCGCTACGGTATCAAATG	1
772	771	3	CTCCCTCGCTACGGTATCAAATGG	1
773	772	3	TCCCTCGCTACGGTATCAAATGGG	1
774	773	2	CCCTCGCTACGGTATCAAATGGGG	1
775	774	2	CCTCGCTACGGTATCAAATGGGGT	1
776	775	2	CTCGCTACGGTATCAAATGGGGTT	1
777	776	2	TCGCTACGGTATCAAATGGGGTTT	1
778	777	2	CGCTACGGTATCAAATGGGGTTTG	1
779	778	2	GCTACGGTATCAAATGGGGTTTGG	1
780	779	2	CTACGGTATCAAATGGGGTTTGGC	1
781	479	7	ACGGTATCAAATGGGGTTTGGCCA	1
782	781	6	CGGTATCAAATGGGGTTTGGCCAA	1
783	782	7	GGTATCAAATGGGGTTTGGCCAAC	1
784	783	7	GTATCAAATGGGGTTTGGCCAACT	1
785	784	7	TATCAAATGGGGTTTGGCCAACTG	1
786	785	9	ATCAAATGGGGTTTGGCCAACTGG	1
787	786	9	TCAAATGGGGTTTGGCCAACTGGA	1
788	787	9	CAAATGGGGTTTGGCCAACTGGAC	1
789	788	10	AAATGGGGTTTGGCCAACTGGACT	1
790	789	9	AATGGGGTTTGGCCAACTGGACTG	1
791	790	12	ATGGGGTTTGGCCAACTGGACTGC	1
792	791	12	TGGGGTTTGGCCAACTGGACTGCC	1
793	792	14	GGGGTTTGGCCAACTGGACTGCCG	1
794	793	14	GGGTTTGGCCAACTGGACTGCCGC	1
795	794	14	GGTTTGGCCAACTGGACTGCCGCC	1
796	795	14	GTTTGGCCAACTGGACTGCCGCCT	1
797	796	14	TTTGGCCAACTGGACTGCCGCCTA	1
798	797	14	TTGGCCAACTGGACTGCCGCCTAC	1
799	798	14	TGGCCAACTGGACTGCCGCCTACG	1
800	799	14	GGCCAACTGGACTGCCGCCTACGC	1
801	800	14	GCCAACTGGACTGCCGCCTACGCT	1
802	801	15	CCAACTGGACTGCCGCCTACGCTA	1
803	802	15	CAACTGGACTGCCGCCTACGCTAC	1
804	803	15	AACTGGACTGCCGCCTACGCTACC	1
805	804	15	ACTGGACTGCCGCCTACGCTACCG	1
806	805	14	CTGGACTGCCGCCTACGCTACCGG	1
807	806	14	TGGACTGCCGCCTACGCTACCGGT	1
808	807	14	GGACTGCCGCCTACGCTACCGGTC	1
809	808	13	GACTGCCGCCTACGCTACCGGTCT	1
810	809	13	ACTGCCGCCTACGCTACCGGTCTT	1
811	810	13	CTGCCGCCTACGCTACCGGTCTTT	1
812	811	13	TGCCGCCTACGCTACCGGTCTTTT	1
813	812	13	GCCGCCTACGCTACCGGTCTTTTG	1
814	813	13	CCGCCTACGCTACCGGTCTTTTGG	1
815	814	13	CGCCTACGCTACCGGTCTTTTGGT	1
816	815	13	GCCTACGCTACCGGTCTTTTGGTC	1
817	816	13	CCTACGCTACCGGTCTTTTGGTCG	1
818	817	14	CTACGCTACCGGTCTTTTGGTCGC	1
819	818	14	TACGCTACCGGTCTTTTGGTCGCT	1
820	819	14	ACGCTACCGGTCTTTTGGTCGCTC	1
821	820	14	CGCTACCGGTCTTTTGGTCGCTCG	1
822	821	14	GCTACCGGTCTTTTGGTCGCTCGT	1
823	822	14	CTACCGGTCTTTTGGTCGCTCGTC	1
824	823	13	TACCGGTCTTTTGGTCGCTCGTCG	1
825	824	13	ACCGGTCTTTTGGTCGCTCGTCGT	1
826	825	15	CCGGTCTTTTGGTCGCTCGTCGTG	1
827	826	15	CGGTCTTTTGGTCGCTCGTCGTGC	1
828	827	16	GGTCTTTTGGTCGCTCGTCGTGCT	1
829	828	16	GTCTTTTGGTCGCTCGTCGTGCTC	1
830	829	15	TCTTTTGGTCGCTCGTCGTGCTCT	1
831	830	16	CTTTTGGTCGCTCGTCGTGCTCTT	1
832	831	16	TTTTGGTCGCTCGTCGTGCTCTTG	1
833	832	15	TTTGGTCGCTCGTCGTGCTCTTGC	1
834	833	14	TTGGTCGCTCGTCGTGCTCTTGCC	1
835	834	12	TGGTCGCTCGTCGTGCTCTTGCCA	1
836	835	12	GGTCGCTCGTCGTGCTCTTGCCAA	1
837	836	10	GTCGCTCGTCGTGCTCTTGCCAAG	1
838	837	10	TCGCTCGTCGTGCTCTTGCCAAGG	1
839	838	9	CGCTCGTCGTGCTCTTGCCAAGGT	1
840	839	10	GCTCGTCGTGCTCTTGCCAAGGTT	1
841	840	10	CTCGTCGTGCTCTTGCCAAGGTTG	1
842	841	10	TCGTCGTGCTCTTGCCAAGGTTGG	1
843	842	10	CGTCGTGCTCTTGCCAAGGTTGGC	1
844	843	10	GTCGTGCTCTTGCCAAGGTTGGCC	1
845	844	10	TCGTGCTCTTGCCAAGGTTGGCCT	1
846	845	10	CGTGCTCTTGCCAAGGTTGGCCTC	1
847	846	10	GTGCTCTTGCCAAGGTTGGCCTCG	1
848	847	10	TGCTCTTGCCAAGGTTGGCCTCGC	1
849	848	10	GCTCTTGCCAAGGTTGGCCTCGCT	1
850	849	10	CTCTTGCCAAGGTTGGCCTCGCTG	1
851	850	10	TCTTGCCAAGGTTGGCCTCGCTGA	1
852	851	10	CTTGCCAAGGTTGGCCTCGCTGAC	1
853	852	10	TTGCCAAGGTTGGCCTCGCTGACA	1
854	853	11	TGCCAAGGTTGGCCTCGCTGACAA	1
855	854	11	GCCAAGGTTGGCCTCGCTGACAAA	1
856	855	11	CCAAGGTTGGCCTCGCTGACAAAT	1
857	856	11	CAAGGTTGGCCTCGCTGACAAATA	1
858	857	11	AAGGTTGGCCTCGCTGACAAATAT	1
859	858	11	AGGTTGGCCTCGCTGACAAATATG	1
860	859	11	GGTTGGCCTCGCTGACAAATATGA	1
861	860	11	GTTGGCCTCGCTGACAAATATGAG	1
862	861	10	TTGGCCTCGCTGACAAATATGAGG	1
863	862	10	TGGCCTCGCTGACAAATATGAGGG	1
864	863	10	GGCCTCGCTGACAAATATGAGGGT	1
865	864	10	GCCTCGCTGACAAATATGAGGGTG	1
866	865	10	CCTCGCTGACAAATATGAGGGTGT	1
867	866	11	CTCGCTGACAAATATGAGGGTGTC	1
868	867	10	TCGCTGACAAATATGAGGGTGTCA	1
869	868	10	CGCTGACAAATATGAGGGTGTCAC	1
870	869	8	GCTGACAAATATGAGGGTGTCACT	1
871	870	7	CTGACAAATATGAGGGTGTCACTG	1
872	871	6	TGACAAATATGAGGGTGTCACTGA	1
873	872	6	GACAAATATGAGGGTGTCACTGAA	1
874	873	5	ACAAATATGAGGGTGTCACTGAAC	1
875	874	4	CAAATATGAGGGTGTCACTGAACC	1
876	875	4	AAATATGAGGGTGTCACTGAACCC	1
877	876	4	AATATGAGGGTGTCACTGAACCCG	1
878	877	3	ATATGAGGGTGTCACTGAACCCGA	1
879	878	3	TATGAGGGTGTCACTGAACCCGAA	1
880	879	3	ATGAGGGTGTCACTGAACCCGAAG	1
881	880	3	TGAGGGTGTCACTGAACCCGAAGG	1
882	881	2	GAGGGTGTCACTGAACCCGAAGGT	1
883	882	2	AGGGTGTCACTGAACCCGAAGGTG	1
884	883	1	GGGTGTCACTGAACCCGAAGGTGA	1
885	884	1	GGTGTCACTGAACCCGAAGGTGAA	1
886	885	1	GTGTCACTGAACCCGAAGGTGAAT	1
887	886	4	TGTCACTGAACCCGAAGGTGAATT	1
888	887	4	GTCACTGAACCCGAAGGTGAATTT	1
889	888	4	TCACTGAACCCGAAGGTGAATTTG	1
890	889	4	CACTGAACCCGAAGGTGAATTTGA	1
891	890	4	ACTGAACCCGAAGGTGAATTTGAG	1
892	891	4	CTGAACCCGAAGGTGAATTTGAGC	1
893	892	5	TGAACCCGAAGGTGAATTTGAGCT	1
894	893	6	GAACCCGAAGGTGAATTTGAGCTT	1
895	894	5	AACCCGAAGGTGAATTTGAGCTTA	1
896	895	5	ACCCGAAGGTGAATTTGAGCTTAC	1
897	896	5	CCCGAAGGTGAATTTGAGCTTACC	1
898	897	6	CCGAAGGTGAATTTGAGCTTACCG	1
899	898	6	CGAAGGTGAATTTGAGCTTACCGA	1
900	899	6	GAAGGTGAATTTGAGCTTACCGAG	1
901	900	6	AAGGTGAATTTGAGCTTACCGAGG	1
902	901	6	AGGTGAATTTGAGCTTACCGAGGC	1
903	902	6	GGTGAATTTGAGCTTACCGAGGCC	1
904	903	6	GTGAATTTGAGCTTACCGAGGCCA	1
905	904	6	TGAATTTGAGCTTACCGAGGCCAT	1
906	905	6	GAATTTGAGCTTACCGAGGCCATC	1
907	906	7	AATTTGAGCTTACCGAGGCCATCG	1
908	907	7	ATTTGAGCTTACCGAGGCCATCGA	1
909	908	8	TTTGAGCTTACCGAGGCCATCGAG	1
910	909	8	TTGAGCTTACCGAGGCCATCGAGG	1
911	910	8	TGAGCTTACCGAGGCCATCGAGGA	1
912	911	8	GAGCTTACCGAGGCCATCGAGGAT	1
913	912	8	AGCTTACCGAGGCCATCGAGGATG	1
914	913	8	GCTTACCGAGGCCATCGAGGATGG	1
915	914	8	CTTACCGAGGCCATCGAGGATGGT	1
916	915	8	TTACCGAGGCCATCGAGGATGGTC	1
917	916	8	TACCGAGGCCATCGAGGATGGTCC	1
918	917	8	ACCGAGGCCATCGAGGATGGTCCT	1
919	918	8	CCGAGGCCATCGAGGATGGTCCTC	1
920	919	8	CGAGGCCATCGAGGATGGTCCTCG	1
921	920	9	GAGGCCATCGAGGATGGTCCTCGT	1
922	921	10	AGGCCATCGAGGATGGTCCTCGTC	1
923	922	10	GGCCATCGAGGATGGTCCTCGTCC	1
924	923	10	GCCATCGAGGATGGTCCTCGTCCT	1
925	924	10	CCATCGAGGATGGTCCTCGTCCTT	1
926	925	10	CATCGAGGATGGTCCTCGTCCTTT	1
927	926	10	ATCGAGGATGGTCCTCGTCCTTTC	1
928	927	10	TCGAGGATGGTCCTCGTCCTTTCA	1
929	928	10	CGAGGATGGTCCTCGTCCTTTCAA	1
930	929	11	GAGGATGGTCCTCGTCCTTTCAAG	1
931	930	8	AGGATGGTCCTCGTCCTTTCAAGG	1
932	931	8	GGATGGTCCTCGTCCTTTCAAGGT	1
933	932	8	GATGGTCCTCGTCCTTTCAAGGTT	1
934	933	8	ATGGTCCTCGTCCTTTCAAGGTTT	1
935	934	8	TGGTCCTCGTCCTTTCAAGGTTTT	1
936	935	8	GGTCCTCGTCCTTTCAAGGTTTTC	1
937	936	7	GTCCTCGTCCTTTCAAGGTTTTCT	1
938	937	6	TCCTCGTCCTTTCAAGGTTTTCTT	1
939	938	6	CCTCGTCCTTTCAAGGTTTTCTTG	1
940	939	6	CTCGTCCTTTCAAGGTTTTCTTGG	1
941	940	6	TCGTCCTTTCAAGGTTTTCTTGGA	1
942	941	5	CGTCCTTTCAAGGTTTTCTTGGAT	1
943	942	5	GTCCTTTCAAGGTTTTCTTGGATG	1
944	943	5	TCCTTTCAAGGTTTTCTTGGATGT	1
945	944	5	CCTTTCAAGGTTTTCTTGGATGTT	1
946	945	5	CTTTCAAGGTTTTCTTGGATGTTG	1
947	946	5	TTTCAAGGTTTTCTTGGATGTTGG	1
948	947	5	TTCAAGGTTTTCTTGGATGTTGGT	1
948	1387	3	TTCAAGGTTTTCTTGGATGTTGGT	1
949	948	8	TCAAGGTTTTCTTGGATGTTGGTT	1
950	949	10	CAAGGTTTTCTTGGATGTTGGTTT	1
951	950	10	AAGGTTTTCTTGGATGTTGGTTTG	1
952	951	10	AGGTTTTCTTGGATGTTGGTTTGA	1
953	952	9	GGTTTTCTTGGATGTTGGTTTGAA	1
954	953	8	GTTTTCTTGGATGTTGGTTTGAAG	1
955	954	7	TTTTCTTGGATGTTGGTTTGAAGC	1
956	955	7	TTTCTTGGATGTTGGTTTGAAGCG	1
957	956	7	TTCTTGGATGTTGGTTTGAAGCGT	1
958	957	6	TCTTGGATGTTGGTTTGAAGCGTA	1
959	958	6	CTTGGATGTTGGTTTGAAGCGTAC	1
960	959	8	TTGGATGTTGGTTTGAAGCGTACT	1
961	960	8	TGGATGTTGGTTTGAAGCGTACTT	1
962	961	9	GGATGTTGGTTTGAAGCGTACTTC	1
963	962	9	GATGTTGGTTTGAAGCGTACTTCT	1
964	963	9	ATGTTGGTTTGAAGCGTACTTCTA	1
965	964	8	TGTTGGTTTGAAGCGTACTTCTAC	1
966	965	8	GTTGGTTTGAAGCGTACTTCTACC	1
967	966	9	TTGGTTTGAAGCGTACTTCTACCG	1
968	967	9	TGGTTTGAAGCGTACTTCTACCGG	1
969	968	9	GGTTTGAAGCGTACTTCTACCGGT	1
970	969	9	GTTTGAAGCGTACTTCTACCGGTT	1
971	227	8	TTGAAGCGTACTTCTACCGGTTCC	1
972	971	8	TGAAGCGTACTTCTACCGGTTCCC	1
973	972	9	GAAGCGTACTTCTACCGGTTCCCG	1
974	973	8	AAGCGTACTTCTACCGGTTCCCGT	1
975	974	8	AGCGTACTTCTACCGGTTCCCGTG	1
976	975	8	GCGTACTTCTACCGGTTCCCGTGT	1
977	976	8	CGTACTTCTACCGGTTCCCGTGTC	1
978	977	9	GTACTTCTACCGGTTCCCGTGTCT	1
979	978	9	TACTTCTACCGGTTCCCGTGTCTT	1
980	979	10	ACTTCTACCGGTTCCCGTGTCTTT	1
981	980	11	CTTCTACCGGTTCCCGTGTCTTTG	1
982	981	13	TTCTACCGGTTCCCGTGTCTTTGG	1
983	982	13	TCTACCGGTTCCCGTGTCTTTGGT	1
984	983	12	CTACCGGTTCCCGTGTCTTTGGTG	1
985	984	12	TACCGGTTCCCGTGTCTTTGGTGC	1
986	985	12	ACCGGTTCCCGTGTCTTTGGTGCA	1
987	986	12	CCGGTTCCCGTGTCTTTGGTGCAA	1
988	987	12	CGGTTCCCGTGTCTTTGGTGCAAT	1
989	988	12	GGTTCCCGTGTCTTTGGTGCAATG	1
990	989	12	GTTCCCGTGTCTTTGGTGCAATGA	1
991	990	12	TTCCCGTGTCTTTGGTGCAATGAA	1
992	991	12	TCCCGTGTCTTTGGTGCAATGAAG	1
993	992	10	CCCGTGTCTTTGGTGCAATGAAGG	1
994	993	10	CCGTGTCTTTGGTGCAATGAAGGG	1
995	994	9	CGTGTCTTTGGTGCAATGAAGGGT	1
996	995	9	GTGTCTTTGGTGCAATGAAGGGTG	1
997	996	9	TGTCTTTGGTGCAATGAAGGGTGC	1
998	997	9	GTCTTTGGTGCAATGAAGGGTGCT	1
999	998	9	TCTTTGGTGCAATGAAGGGTGCTT	1
1000	999	9	CTTTGGTGCAATGAAGGGTGCTTC	1
1001	1000	9	TTTGGTGCAATGAAGGGTGCTTCT	1
1002	1001	9	TTGGTGCAATGAAGGGTGCTTCTG	1
1003	1002	8	TGGTGCAATGAAGGGTGCTTCTGA	1
1004	1003	8	GGTGCAATGAAGGGTGCTTCTGAT	1
1005	1004	8	GTGCAATGAAGGGTGCTTCTGATG	1
1006	1005	9	TGCAATGAAGGGTGCTTCTGATGG	1
1007	1006	9	GCAATGAAGGGTGCTTCTGATGGT	1
1008	1007	9	CAATGAAGGGTGCTTCTGATGGTG	1
1009	1008	9	AATGAAGGGTGCTTCTGATGGTGG	1
1010	1009	8	ATGAAGGGTGCTTCTGATGGTGGT	1
1011	1010	8	TGAAGGGTGCTTCTGATGGTGGTT	1
1012	1011	8	GAAGGGTGCTTCTGATGGTGGTTT	1
1013	1012	8	AAGGGTGCTTCTGATGGTGGTTTG	1
1014	1013	8	AGGGTGCTTCTGATGGTGGTTTGT	1
1015	1014	8	GGGTGCTTCTGATGGTGGTTTGTT	1
1016	1015	8	GGTGCTTCTGATGGTGGTTTGTTT	1
1017	1016	6	GTGCTTCTGATGGTGGTTTGTTTA	1
1018	1017	6	TGCTTCTGATGGTGGTTTGTTTAT	1
1019	1018	6	GCTTCTGATGGTGGTTTGTTTATT	1
1020	1019	6	CTTCTGATGGTGGTTTGTTTATTC	1
1021	1020	6	TTCTGATGGTGGTTTGTTTATTCC	1
1022	1021	5	TCTGATGGTGGTTTGTTTATTCCC	1
1023	1022	5	CTGATGGTGGTTTGTTTATTCCCC	1
1024	1023	4	TGATGGTGGTTTGTTTATTCCCCA	1
1025	1024	4	GATGGTGGTTTGTTTATTCCCCAC	1
1026	1025	2	ATGGTGGTTTGTTTATTCCCCACT	1
1027	1026	2	TGGTGGTTTGTTTATTCCCCACTC	1
1028	1027	2	GGTGGTTTGTTTATTCCCCACTCT	1
1029	1028	2	GTGGTTTGTTTATTCCCCACTCTC	1
1030	1029	3	TGGTTTGTTTATTCCCCACTCTCC	1
1031	1030	3	GGTTTGTTTATTCCCCACTCTCCC	1
1032	1031	3	GTTTGTTTATTCCCCACTCTCCCA	1
1033	1032	3	TTTGTTTATTCCCCACTCTCCCAA	1
1034	291	6	TGTTTATTCCCCACTCTCCCAACC	1
1035	1034	7	GTTTATTCCCCACTCTCCCAACCG	1
1036	1035	7	TTTATTCCCCACTCTCCCAACCGT	1
1037	1036	7	TTATTCCCCACTCTCCCAACCGTT	1
1038	1037	7	TATTCCCCACTCTCCCAACCGTTT	1
1039	1038	7	ATTCCCCACTCTCCCAACCGTTTC	1
1040	1039	7	TTCCCCACTCTCCCAACCGTTTCC	1
1041	1040	6	TCCCCACTCTCCCAACCGTTTCCC	1
1042	1041	7	CCCCACTCTCCCAACCGTTTCCCT	1
1043	1042	8	CCCACTCTCCCAACCGTTTCCCTG	1
1044	1043	10	CCACTCTCCCAACCGTTTCCCTGG	1
1045	1044	12	CACTCTCCCAACCGTTTCCCTGGT	1
1046	1045	12	ACTCTCCCAACCGTTTCCCTGGTT	1
1047	1046	12	CTCTCCCAACCGTTTCCCTGGTTT	1
1048	1047	15	TCTCCCAACCGTTTCCCTGGTTTC	1
1049	1048	14	CTCCCAACCGTTTCCCTGGTTTCG	1
1050	1049	16	TCCCAACCGTTTCCCTGGTTTCGA	1
1051	1050	16	CCCAACCGTTTCCCTGGTTTCGAT	1
1052	1051	16	CCAACCGTTTCCCTGGTTTCGATA	1
1053	1052	18	CAACCGTTTCCCTGGTTTCGATAT	1
1054	1053	18	AACCGTTTCCCTGGTTTCGATATT	1
1055	1054	18	ACCGTTTCCCTGGTTTCGATATTG	1
1056	1055	19	CCGTTTCCCTGGTTTCGATATTGA	1
1057	1056	19	CGTTTCCCTGGTTTCGATATTGAA	1
1058	1057	19	GTTTCCCTGGTTTCGATATTGAAA	1
1059	156	15	TTCCCTGGTTTCGATATTGAAACC	1
1060	1059	15	TCCCTGGTTTCGATATTGAAACCG	1
1061	1060	15	CCCTGGTTTCGATATTGAAACCGA	1
1062	1061	15	CCTGGTTTCGATATTGAAACCGAG	1
1063	1062	16	CTGGTTTCGATATTGAAACCGAGG	1
1064	1063	16	TGGTTTCGATATTGAAACCGAGGA	1
1065	1064	16	GGTTTCGATATTGAAACCGAGGAG	1
1066	1065	16	GTTTCGATATTGAAACCGAGGAGT	1
1067	1066	16	TTTCGATATTGAAACCGAGGAGTT	1
1068	1067	16	TTCGATATTGAAACCGAGGAGTTG	1
1069	1068	16	TCGATATTGAAACCGAGGAGTTGG	1
1070	1069	16	CGATATTGAAACCGAGGAGTTGGA	1
1071	1070	16	GATATTGAAACCGAGGAGTTGGAT	1
1072	1071	18	ATATTGAAACCGAGGAGTTGGATG	1
1073	1072	18	TATTGAAACCGAGGAGTTGGATGA	1
1074	1073	18	ATTGAAACCGAGGAGTTGGATGAT	1
1075	1074	18	TTGAAACCGAGGAGTTGGATGATG	1
1076	1075	19	TGAAACCGAGGAGTTGGATGATGA	1
1077	1076	18	GAAACCGAGGAGTTGGATGATGAG	1
1078	1077	17	AAACCGAGGAGTTGGATGATGAGA	1
1079	1078	17	AACCGAGGAGTTGGATGATGAGAC	1
1080	1079	17	ACCGAGGAGTTGGATGATGAGACT	1
1081	1080	17	CCGAGGAGTTGGATGATGAGACTC	1
1082	1081	16	CGAGGAGTTGGATGATGAGACTCT	1
1083	1082	16	GAGGAGTTGGATGATGAGACTCTC	1
1084	1083	16	AGGAGTTGGATGATGAGACTCTCC	1
1085	1084	14	GGAGTTGGATGATGAGACTCTCCG	1
1086	1085	13	GAGTTGGATGATGAGACTCTCCGC	1
1087	1086	12	AGTTGGATGATGAGACTCTCCGCA	1
1088	1087	11	GTTGGATGATGAGACTCTCCGCAA	1
1089	1088	11	TTGGATGATGAGACTCTCCGCAAA	1
1090	1089	11	TGGATGATGAGACTCTCCGCAAAT	1
1091	1090	9	GGATGATGAGACTCTCCGCAAATA	1
1092	1091	9	GATGATGAGACTCTCCGCAAATAT	1
1093	1092	8	ATGATGAGACTCTCCGCAAATATA	1
1094	1093	8	TGATGAGACTCTCCGCAAATATAT	1
1095	1094	8	GATGAGACTCTCCGCAAATATATC	1
1096	1095	7	ATGAGACTCTCCGCAAATATATCT	1
1097	1096	7	TGAGACTCTCCGCAAATATATCTA	1
1098	1097	8	GAGACTCTCCGCAAATATATCTAT	1
1099	1098	7	AGACTCTCCGCAAATATATCTATG	1
1100	1099	7	GACTCTCCGCAAATATATCTATGG	1
1101	1100	7	ACTCTCCGCAAATATATCTATGGT	1
1102	1101	7	CTCTCCGCAAATATATCTATGGTG	1
1103	1102	7	TCTCCGCAAATATATCTATGGTGG	1
1104	1103	6	CTCCGCAAATATATCTATGGTGGC	1
1105	1104	6	TCCGCAAATATATCTATGGTGGCC	1
1106	1105	6	CCGCAAATATATCTATGGTGGCCA	1
1107	1106	5	CGCAAATATATCTATGGTGGCCAT	1
1108	1107	5	GCAAATATATCTATGGTGGCCATG	1
1109	1108	5	CAAATATATCTATGGTGGCCATGT	1
1110	1109	5	AAATATATCTATGGTGGCCATGTT	1
1111	1110	5	AATATATCTATGGTGGCCATGTTG	1
1112	1111	5	ATATATCTATGGTGGCCATGTTGC	1
1113	1112	5	TATATCTATGGTGGCCATGTTGCT	1
1114	1113	5	ATATCTATGGTGGCCATGTTGCTG	1
1115	1114	4	TATCTATGGTGGCCATGTTGCTGA	1
1116	1115	3	ATCTATGGTGGCCATGTTGCTGAA	1
1117	1116	3	TCTATGGTGGCCATGTTGCTGAAT	1
1118	1117	2	CTATGGTGGCCATGTTGCTGAATA	1
1119	1118	2	TATGGTGGCCATGTTGCTGAATAC	1
1120	1119	2	ATGGTGGCCATGTTGCTGAATACA	1
1121	1120	2	TGGTGGCCATGTTGCTGAATACAT	1
1122	1121	2	GGTGGCCATGTTGCTGAATACATG	1
1123	1122	2	GTGGCCATGTTGCTGAATACATGG	1
1124	1123	2	TGGCCATGTTGCTGAATACATGGA	1
1125	1124	2	GGCCATGTTGCTGAATACATGGAG	1
1126	1125	2	GCCATGTTGCTGAATACATGGAGA	1
1127	1126	2	CCATGTTGCTGAATACATGGAGAT	1
1128	226	5	ATGTTGCTGAATACATGGAGATGC	1
1129	1128	5	TGTTGCTGAATACATGGAGATGCT	1
1130	1129	4	GTTGCTGAATACATGGAGATGCTT	1
1131	1130	6	TTGCTGAATACATGGAGATGCTTA	1
1132	1131	7	TGCTGAATACATGGAGATGCTTAT	1
1133	1132	7	GCTGAATACATGGAGATGCTTATT	1
1134	1133	9	CTGAATACATGGAGATGCTTATTG	1
1135	1134	9	TGAATACATGGAGATGCTTATTGA	1
1136	1135	10	GAATACATGGAGATGCTTATTGAT	1
1137	1136	10	AATACATGGAGATGCTTATTGATG	1
1138	1137	10	ATACATGGAGATGCTTATTGATGA	1
1139	1138	10	TACATGGAGATGCTTATTGATGAT	1
1140	1139	10	ACATGGAGATGCTTATTGATGATG	1
1141	1140	9	CATGGAGATGCTTATTGATGATGA	1
1142	1141	9	ATGGAGATGCTTATTGATGATGAT	1
1143	1142	9	TGGAGATGCTTATTGATGATGATG	1
1144	1143	10	GGAGATGCTTATTGATGATGATGA	1
1145	1144	10	GAGATGCTTATTGATGATGATGAA	1
1146	1145	9	AGATGCTTATTGATGATGATGAAG	1
1147	1146	9	GATGCTTATTGATGATGATGAAGA	1
1148	1147	9	ATGCTTATTGATGATGATGAAGAG	1
1149	1148	9	TGCTTATTGATGATGATGAAGAGC	1
1150	1149	9	GCTTATTGATGATGATGAAGAGCG	1
1151	1150	9	CTTATTGATGATGATGAAGAGCGT	1
1152	1151	9	TTATTGATGATGATGAAGAGCGTT	1
1153	1152	9	TATTGATGATGATGAAGAGCGTTA	1
1154	1153	9	ATTGATGATGATGAAGAGCGTTAT	1
1155	1154	10	TTGATGATGATGAAGAGCGTTATC	1
1156	1155	10	TGATGATGATGAAGAGCGTTATCA	1
1157	1156	10	GATGATGATGAAGAGCGTTATCAA	1
1158	1157	10	ATGATGATGAAGAGCGTTATCAAA	1
1159	1158	10	TGATGATGAAGAGCGTTATCAAAA	1
1160	1159	9	GATGATGAAGAGCGTTATCAAAAG	1
1161	1160	9	ATGATGAAGAGCGTTATCAAAAGC	1
1162	1161	9	TGATGAAGAGCGTTATCAAAAGCA	1
1163	1162	9	GATGAAGAGCGTTATCAAAAGCAA	1
1164	1163	9	ATGAAGAGCGTTATCAAAAGCAAT	1
1165	1164	11	TGAAGAGCGTTATCAAAAGCAATT	1
1166	1165	11	GAAGAGCGTTATCAAAAGCAATTC	1
1167	1166	11	AAGAGCGTTATCAAAAGCAATTCT	1
1168	1167	10	AGAGCGTTATCAAAAGCAATTCTC	1
1169	1168	10	GAGCGTTATCAAAAGCAATTCTCT	1
1170	1169	10	AGCGTTATCAAAAGCAATTCTCTG	1
1171	1170	10	GCGTTATCAAAAGCAATTCTCTGG	1
1172	1171	6	CGTTATCAAAAGCAATTCTCTGGT	1
1173	1172	6	GTTATCAAAAGCAATTCTCTGGTT	1
1174	1173	6	TTATCAAAAGCAATTCTCTGGTTT	1
1175	1174	4	TATCAAAAGCAATTCTCTGGTTTG	1
1176	1175	3	ATCAAAAGCAATTCTCTGGTTTGA	1
1177	1176	3	TCAAAAGCAATTCTCTGGTTTGAT	1
1178	1177	1	CAAAAGCAATTCTCTGGTTTGATC	1
1179	1178	1	AAAAGCAATTCTCTGGTTTGATCG	1
1180	1179	1	AAAGCAATTCTCTGGTTTGATCGC	1
1181	1180	1	AAGCAATTCTCTGGTTTGATCGCT	1
1182	1181	1	AGCAATTCTCTGGTTTGATCGCTG	1
1183	1182	1	GCAATTCTCTGGTTTGATCGCTGA	1
1184	1183	2	CAATTCTCTGGTTTGATCGCTGAT	1
1185	1184	2	AATTCTCTGGTTTGATCGCTGATG	1
1186	1185	2	ATTCTCTGGTTTGATCGCTGATGG	1
1187	1186	2	TTCTCTGGTTTGATCGCTGATGGT	1
1188	1187	1	TCTCTGGTTTGATCGCTGATGGTA	1
1189	1188	1	CTCTGGTTTGATCGCTGATGGTAT	1
1190	1189	1	TCTGGTTTGATCGCTGATGGTATT	1
1191	1190	1	CTGGTTTGATCGCTGATGGTATTG	1
1192	1191	1	TGGTTTGATCGCTGATGGTATTGA	1
1193	1192	1	GGTTTGATCGCTGATGGTATTGAG	1
1194	1193	1	GTTTGATCGCTGATGGTATTGAGA	1
1195	1194	1	TTTGATCGCTGATGGTATTGAGAG	1
1196	1195	1	TTGATCGCTGATGGTATTGAGAGT	1
1197	1196	1	TGATCGCTGATGGTATTGAGAGTG	1
1198	1197	1	GATCGCTGATGGTATTGAGAGTGA	1
1199	1198	1	ATCGCTGATGGTATTGAGAGTGAT	1
1200	1199	1	TCGCTGATGGTATTGAGAGTGATC	1
1201	1200	1	CGCTGATGGTATTGAGAGTGATCA	1
1202	1201	1	GCTGATGGTATTGAGAGTGATCAA	1
1203	1202	1	CTGATGGTATTGAGAGTGATCAAC	1
1204	1203	1	TGATGGTATTGAGAGTGATCAACT	1
1205	1204	1	GATGGTATTGAGAGTGATCAACTT	1
1206	1205	1	ATGGTATTGAGAGTGATCAACTTG	1
1207	1206	1	TGGTATTGAGAGTGATCAACTTGA	1
1208	1207	1	GGTATTGAGAGTGATCAACTTGAG	1
1209	1208	1	GTATTGAGAGTGATCAACTTGAGG	1
1210	1209	1	TATTGAGAGTGATCAACTTGAGGA	1
1211	1210	1	ATTGAGAGTGATCAACTTGAGGAC	1
1212	1211	1	TTGAGAGTGATCAACTTGAGGACA	1
1213	1212	1	TGAGAGTGATCAACTTGAGGACAT	1
1214	1213	1	GAGAGTGATCAACTTGAGGACATC	1
1215	1214	1	AGAGTGATCAACTTGAGGACATCT	1
1216	1215	1	GAGTGATCAACTTGAGGACATCTA	1
1217	1216	1	AGTGATCAACTTGAGGACATCTAT	1
1218	1217	1	GTGATCAACTTGAGGACATCTATG	1
1219	1218	1	TGATCAACTTGAGGACATCTATGC	1
1220	1219	1	GATCAACTTGAGGACATCTATGCT	1
1221	1220	1	ATCAACTTGAGGACATCTATGCTG	1
1222	1221	2	TCAACTTGAGGACATCTATGCTGA	1
1223	1222	2	CAACTTGAGGACATCTATGCTGAG	1
1224	1223	2	AACTTGAGGACATCTATGCTGAGG	1
1225	1224	2	ACTTGAGGACATCTATGCTGAGGC	1
1226	1225	2	CTTGAGGACATCTATGCTGAGGCC	1
1227	1226	2	TTGAGGACATCTATGCTGAGGCCT	1
1228	1227	2	TGAGGACATCTATGCTGAGGCCTA	1
1229	1228	2	GAGGACATCTATGCTGAGGCCTAT	1
1230	1229	3	AGGACATCTATGCTGAGGCCTATG	1
1231	1230	3	GGACATCTATGCTGAGGCCTATGC	1
1232	1231	3	GACATCTATGCTGAGGCCTATGCC	1
1233	1232	3	ACATCTATGCTGAGGCCTATGCCA	1
1234	1233	3	CATCTATGCTGAGGCCTATGCCAA	1
1235	1234	3	ATCTATGCTGAGGCCTATGCCAAG	1
1236	1235	3	TCTATGCTGAGGCCTATGCCAAGA	1
1237	1236	3	CTATGCTGAGGCCTATGCCAAGAT	1
1238	1237	3	TATGCTGAGGCCTATGCCAAGATC	1
1239	1238	3	ATGCTGAGGCCTATGCCAAGATCC	1
1240	1239	3	TGCTGAGGCCTATGCCAAGATCCG	1
1241	1240	3	GCTGAGGCCTATGCCAAGATCCGT	1
1242	1241	3	CTGAGGCCTATGCCAAGATCCGTG	1
1243	1242	3	TGAGGCCTATGCCAAGATCCGTGA	1
1244	1243	3	GAGGCCTATGCCAAGATCCGTGAG	1
1245	1244	3	AGGCCTATGCCAAGATCCGTGAGG	1
1246	1245	3	GGCCTATGCCAAGATCCGTGAGGA	1
1247	1246	3	GCCTATGCCAAGATCCGTGAGGAT	1
1248	1247	3	CCTATGCCAAGATCCGTGAGGATC	1
1249	1248	3	CTATGCCAAGATCCGTGAGGATCC	1
1250	1249	3	TATGCCAAGATCCGTGAGGATCCC	1
1251	1250	3	ATGCCAAGATCCGTGAGGATCCCT	1
1252	1251	3	TGCCAAGATCCGTGAGGATCCCTC	1
1253	1252	3	GCCAAGATCCGTGAGGATCCCTCT	1
1254	1253	3	CCAAGATCCGTGAGGATCCCTCTT	1
1255	1254	3	CAAGATCCGTGAGGATCCCTCTTT	1
1256	1255	3	AAGATCCGTGAGGATCCCTCTTTC	1
1257	1256	3	AGATCCGTGAGGATCCCTCTTTCC	1
1258	1257	3	GATCCGTGAGGATCCCTCTTTCCA	1
1259	1258	3	ATCCGTGAGGATCCCTCTTTCCAA	1
1260	1259	3	TCCGTGAGGATCCCTCTTTCCAAA	1
1261	1260	3	CCGTGAGGATCCCTCTTTCCAAAA	1
1262	1261	3	CGTGAGGATCCCTCTTTCCAAAAG	1
1263	1262	3	GTGAGGATCCCTCTTTCCAAAAGT	1
1264	1263	3	TGAGGATCCCTCTTTCCAAAAGTC	1
1265	1264	3	GAGGATCCCTCTTTCCAAAAGTCT	1
1266	1265	2	AGGATCCCTCTTTCCAAAAGTCTG	1
1267	1266	2	GGATCCCTCTTTCCAAAAGTCTGG	1
1268	1267	2	GATCCCTCTTTCCAAAAGTCTGGT	1
1269	1268	2	ATCCCTCTTTCCAAAAGTCTGGTA	1
1270	1269	2	TCCCTCTTTCCAAAAGTCTGGTAA	1
1271	1270	2	CCCTCTTTCCAAAAGTCTGGTAAG	1
1272	1271	1	CCTCTTTCCAAAAGTCTGGTAAGG	1
1273	1272	1	CTCTTTCCAAAAGTCTGGTAAGGA	1
1274	833	2	TTGGTCGCTCGTCGTGCTCTTGCT	1
1275	1274	1	TGGTCGCTCGTCGTGCTCTTGCTA	1
1276	1275	1	GGTCGCTCGTCGTGCTCTTGCTAA	1
1277	1276	2	GTCGCTCGTCGTGCTCTTGCTAAG	1
1278	1277	4	TCGCTCGTCGTGCTCTTGCTAAGG	1
1279	1278	4	CGCTCGTCGTGCTCTTGCTAAGGT	1
1280	1279	4	GCTCGTCGTGCTCTTGCTAAGGTT	1
1281	1280	4	CTCGTCGTGCTCTTGCTAAGGTTG	1
1282	1281	4	TCGTCGTGCTCTTGCTAAGGTTGG	1
1283	1282	4	CGTCGTGCTCTTGCTAAGGTTGGC	1
1284	1283	4	GTCGTGCTCTTGCTAAGGTTGGCC	1
1285	1284	4	TCGTGCTCTTGCTAAGGTTGGCCT	1
1286	1285	4	CGTGCTCTTGCTAAGGTTGGCCTT	1
1287	1286	4	GTGCTCTTGCTAAGGTTGGCCTTG	1
1288	1287	4	TGCTCTTGCTAAGGTTGGCCTTGC	1
1289	1288	4	GCTCTTGCTAAGGTTGGCCTTGCT	1
1290	1289	4	CTCTTGCTAAGGTTGGCCTTGCTG	1
1291	1290	4	TCTTGCTAAGGTTGGCCTTGCTGA	1
1292	1291	4	CTTGCTAAGGTTGGCCTTGCTGAT	1
1293	1292	4	TTGCTAAGGTTGGCCTTGCTGATA	1
1294	1293	4	TGCTAAGGTTGGCCTTGCTGATAA	1
1295	1294	4	GCTAAGGTTGGCCTTGCTGATAAG	1
1296	1295	4	CTAAGGTTGGCCTTGCTGATAAGT	1
1297	1296	4	TAAGGTTGGCCTTGCTGATAAGTA	1
1298	1297	4	AAGGTTGGCCTTGCTGATAAGTAT	1
1299	1298	4	AGGTTGGCCTTGCTGATAAGTATG	1
1300	1299	4	GGTTGGCCTTGCTGATAAGTATGA	1
1301	1300	4	GTTGGCCTTGCTGATAAGTATGAG	1
1302	1301	5	TTGGCCTTGCTGATAAGTATGAGG	1
1303	1302	5	TGGCCTTGCTGATAAGTATGAGGG	1
1304	1303	5	GGCCTTGCTGATAAGTATGAGGGT	1
1305	1304	5	GCCTTGCTGATAAGTATGAGGGTG	1
1306	1305	5	CCTTGCTGATAAGTATGAGGGTGT	1
1307	1306	5	CTTGCTGATAAGTATGAGGGTGTT	1
1308	1307	5	TTGCTGATAAGTATGAGGGTGTTA	1
1309	1308	5	TGCTGATAAGTATGAGGGTGTTAC	1
1310	1309	5	GCTGATAAGTATGAGGGTGTTACT	1
1311	1310	6	CTGATAAGTATGAGGGTGTTACTG	1
1312	1311	6	TGATAAGTATGAGGGTGTTACTGA	1
1313	1312	5	GATAAGTATGAGGGTGTTACTGAA	1
1314	1313	5	ATAAGTATGAGGGTGTTACTGAAC	1
1315	1314	5	TAAGTATGAGGGTGTTACTGAACC	1
1316	1315	5	AAGTATGAGGGTGTTACTGAACCT	1
1317	1316	5	AGTATGAGGGTGTTACTGAACCTG	1
1318	1317	6	GTATGAGGGTGTTACTGAACCTGA	1
1319	1318	6	TATGAGGGTGTTACTGAACCTGAG	1
1320	1319	6	ATGAGGGTGTTACTGAACCTGAGG	1
1321	1320	5	TGAGGGTGTTACTGAACCTGAGGG	1
1322	1321	3	GAGGGTGTTACTGAACCTGAGGGT	1
1323	1322	3	AGGGTGTTACTGAACCTGAGGGTG	1
1324	1323	3	GGGTGTTACTGAACCTGAGGGTGA	1
1325	1324	3	GGTGTTACTGAACCTGAGGGTGAG	1
1326	1325	3	GTGTTACTGAACCTGAGGGTGAGT	1
1327	1326	3	TGTTACTGAACCTGAGGGTGAGTT	1
1328	1327	3	GTTACTGAACCTGAGGGTGAGTTC	1
1329	1328	3	TTACTGAACCTGAGGGTGAGTTCG	1
1330	1329	3	TACTGAACCTGAGGGTGAGTTCGA	1
1331	1330	3	ACTGAACCTGAGGGTGAGTTCGAG	1
1332	1331	3	CTGAACCTGAGGGTGAGTTCGAGC	1
1333	1332	3	TGAACCTGAGGGTGAGTTCGAGCT	1
1334	1333	4	GAACCTGAGGGTGAGTTCGAGCTC	1
1335	1334	4	AACCTGAGGGTGAGTTCGAGCTCA	1
1336	1335	4	ACCTGAGGGTGAGTTCGAGCTCAC	1
1337	1336	4	CCTGAGGGTGAGTTCGAGCTCACT	1
1338	1337	4	CTGAGGGTGAGTTCGAGCTCACTG	1
1339	1338	4	TGAGGGTGAGTTCGAGCTCACTGA	1
1340	1339	4	GAGGGTGAGTTCGAGCTCACTGAG	1
1341	1340	4	AGGGTGAGTTCGAGCTCACTGAGG	1
1342	1341	4	GGGTGAGTTCGAGCTCACTGAGGC	1
1343	1342	4	GGTGAGTTCGAGCTCACTGAGGCT	1
1344	1343	4	GTGAGTTCGAGCTCACTGAGGCTA	1
1345	1344	4	TGAGTTCGAGCTCACTGAGGCTAT	1
1346	1345	3	GAGTTCGAGCTCACTGAGGCTATT	1
1347	1346	3	AGTTCGAGCTCACTGAGGCTATTG	1
1348	1347	3	GTTCGAGCTCACTGAGGCTATTGA	1
1349	1348	3	TTCGAGCTCACTGAGGCTATTGAG	1
1350	1349	3	TCGAGCTCACTGAGGCTATTGAGG	1
1351	1350	3	CGAGCTCACTGAGGCTATTGAGGA	1
1352	1351	3	GAGCTCACTGAGGCTATTGAGGAT	1
1353	1352	3	AGCTCACTGAGGCTATTGAGGATG	1
1354	1353	3	GCTCACTGAGGCTATTGAGGATGG	1
1355	1354	2	CTCACTGAGGCTATTGAGGATGGT	1
1356	1355	2	TCACTGAGGCTATTGAGGATGGTC	1
1357	1356	2	CACTGAGGCTATTGAGGATGGTCC	1
1358	1357	2	ACTGAGGCTATTGAGGATGGTCCT	1
1359	1358	1	CTGAGGCTATTGAGGATGGTCCTC	1
1360	1359	1	TGAGGCTATTGAGGATGGTCCTCG	1
1361	1360	1	GAGGCTATTGAGGATGGTCCTCGC	1
1362	1361	1	AGGCTATTGAGGATGGTCCTCGCC	1
1363	1362	1	GGCTATTGAGGATGGTCCTCGCCC	1
1364	1363	1	GCTATTGAGGATGGTCCTCGCCCC	1
1365	1364	1	CTATTGAGGATGGTCCTCGCCCCT	1
1366	1365	1	TATTGAGGATGGTCCTCGCCCCTT	1
1367	1366	1	ATTGAGGATGGTCCTCGCCCCTTC	1
1368	1367	1	TTGAGGATGGTCCTCGCCCCTTCA	1
1369	1368	1	TGAGGATGGTCCTCGCCCCTTCAA	1
1370	1369	2	GAGGATGGTCCTCGCCCCTTCAAG	1
1371	1370	2	AGGATGGTCCTCGCCCCTTCAAGG	1
1372	1371	3	GGATGGTCCTCGCCCCTTCAAGGT	1
1373	1372	3	GATGGTCCTCGCCCCTTCAAGGTT	1
1374	1373	3	ATGGTCCTCGCCCCTTCAAGGTTT	1
1375	1374	3	TGGTCCTCGCCCCTTCAAGGTTTT	1
1376	1375	3	GGTCCTCGCCCCTTCAAGGTTTTC	1
1377	1376	3	GTCCTCGCCCCTTCAAGGTTTTCT	1
1378	1377	2	TCCTCGCCCCTTCAAGGTTTTCTT	1
1379	1378	2	CCTCGCCCCTTCAAGGTTTTCTTG	1
1380	1379	2	CTCGCCCCTTCAAGGTTTTCTTGG	1
1381	1380	3	TCGCCCCTTCAAGGTTTTCTTGGA	1
1382	1381	3	CGCCCCTTCAAGGTTTTCTTGGAT	1
1383	1382	3	GCCCCTTCAAGGTTTTCTTGGATG	1
1384	1383	3	CCCCTTCAAGGTTTTCTTGGATGT	1
1385	1384	3	CCCTTCAAGGTTTTCTTGGATGTT	1
1386	1385	3	CCTTCAAGGTTTTCTTGGATGTTG	1
1387	1386	3	CTTCAAGGTTTTCTTGGATGTTGG	1
