Component 726
1	-1	0	GACAAAGTTCATTTGCACTCCTGA	1
2	1	2	ACAAAGTTCATTTGCACTCCTGAA	1
3	2	2	CAAAGTTCATTTGCACTCCTGAAG	1
4	3	4	AAAGTTCATTTGCACTCCTGAAGT	1
5	4	4	AAGTTCATTTGCACTCCTGAAGTC	1
6	5	4	AGTTCATTTGCACTCCTGAAGTCA	1
7	6	4	GTTCATTTGCACTCCTGAAGTCAA	1
8	7	16	TTCATTTGCACTCCTGAAGTCAAC	1
9	8	18	TCATTTGCACTCCTGAAGTCAACG	1
10	9	18	CATTTGCACTCCTGAAGTCAACGT	1
11	10	19	ATTTGCACTCCTGAAGTCAACGTC	1
12	11	22	TTTGCACTCCTGAAGTCAACGTCT	1
13	12	28	TTGCACTCCTGAAGTCAACGTCTT	1
14	13	31	TGCACTCCTGAAGTCAACGTCTTT	1
15	14	31	GCACTCCTGAAGTCAACGTCTTTT	1
16	15	31	CACTCCTGAAGTCAACGTCTTTTG	1
17	16	32	ACTCCTGAAGTCAACGTCTTTTGA	1
18	17	32	CTCCTGAAGTCAACGTCTTTTGAA	1
19	18	33	TCCTGAAGTCAACGTCTTTTGAAT	1
20	19	33	CCTGAAGTCAACGTCTTTTGAATT	1
21	20	35	CTGAAGTCAACGTCTTTTGAATTT	1
22	21	36	TGAAGTCAACGTCTTTTGAATTTT	1
23	22	36	GAAGTCAACGTCTTTTGAATTTTT	1
24	23	36	AAGTCAACGTCTTTTGAATTTTTC	1
25	24	36	AGTCAACGTCTTTTGAATTTTTCA	1
26	25	36	GTCAACGTCTTTTGAATTTTTCAG	1
27	26	36	TCAACGTCTTTTGAATTTTTCAGG	1
28	27	36	CAACGTCTTTTGAATTTTTCAGGT	1
29	28	36	AACGTCTTTTGAATTTTTCAGGTT	1
30	29	37	ACGTCTTTTGAATTTTTCAGGTTT	1
31	30	37	CGTCTTTTGAATTTTTCAGGTTTA	1
32	31	39	GTCTTTTGAATTTTTCAGGTTTAC	1
33	32	39	TCTTTTGAATTTTTCAGGTTTACT	1
34	33	39	CTTTTGAATTTTTCAGGTTTACTT	1
35	34	39	TTTTGAATTTTTCAGGTTTACTTC	1
36	35	39	TTTGAATTTTTCAGGTTTACTTCT	1
37	36	38	TTGAATTTTTCAGGTTTACTTCTG	1
38	37	38	TGAATTTTTCAGGTTTACTTCTGT	1
39	38	38	GAATTTTTCAGGTTTACTTCTGTT	1
40	39	38	AATTTTTCAGGTTTACTTCTGTTT	1
41	40	38	ATTTTTCAGGTTTACTTCTGTTTA	1
42	41	38	TTTTTCAGGTTTACTTCTGTTTAC	1
43	42	38	TTTTCAGGTTTACTTCTGTTTACT	1
44	43	38	TTTCAGGTTTACTTCTGTTTACTC	1
45	44	38	TTCAGGTTTACTTCTGTTTACTCG	1
46	45	36	TCAGGTTTACTTCTGTTTACTCGT	1
47	46	36	CAGGTTTACTTCTGTTTACTCGTT	1
48	47	34	AGGTTTACTTCTGTTTACTCGTTA	1
49	48	34	GGTTTACTTCTGTTTACTCGTTAA	1
50	49	34	GTTTACTTCTGTTTACTCGTTAAA	1
51	50	34	TTTACTTCTGTTTACTCGTTAAAT	1
52	51	22	TTACTTCTGTTTACTCGTTAAATC	1
53	52	20	TACTTCTGTTTACTCGTTAAATCG	1
54	53	20	ACTTCTGTTTACTCGTTAAATCGA	1
55	54	19	CTTCTGTTTACTCGTTAAATCGAT	1
56	55	16	TTCTGTTTACTCGTTAAATCGATT	1
57	56	11	TCTGTTTACTCGTTAAATCGATTT	1
58	57	8	CTGTTTACTCGTTAAATCGATTTT	1
59	58	8	TGTTTACTCGTTAAATCGATTTTT	1
60	59	8	GTTTACTCGTTAAATCGATTTTTT	1
61	60	8	TTTACTCGTTAAATCGATTTTTTC	1
62	61	8	TTACTCGTTAAATCGATTTTTTCT	1
63	62	7	TACTCGTTAAATCGATTTTTTCTT	1
64	63	7	ACTCGTTAAATCGATTTTTTCTTT	1
65	64	5	CTCGTTAAATCGATTTTTTCTTTA	1
66	65	4	TCGTTAAATCGATTTTTTCTTTAT	1
67	66	4	CGTTAAATCGATTTTTTCTTTATT	1
68	67	5	GTTAAATCGATTTTTTCTTTATTT	1
69	68	5	TTAAATCGATTTTTTCTTTATTTG	1
70	69	5	TAAATCGATTTTTTCTTTATTTGA	1
71	70	5	AAATCGATTTTTTCTTTATTTGAG	1
72	71	4	AATCGATTTTTTCTTTATTTGAGT	1
73	72	4	ATCGATTTTTTCTTTATTTGAGTA	1
74	73	3	TCGATTTTTTCTTTATTTGAGTAT	1
75	74	3	CGATTTTTTCTTTATTTGAGTATA	1
76	75	2	GATTTTTTCTTTATTTGAGTATAT	1
77	76	2	ATTTTTTCTTTATTTGAGTATATA	1
78	77	2	TTTTTTCTTTATTTGAGTATATAT	1
79	78	2	TTTTTCTTTATTTGAGTATATATT	1
80	79	2	TTTTCTTTATTTGAGTATATATTT	1
81	80	2	TTTCTTTATTTGAGTATATATTTT	1
82	81	2	TTCTTTATTTGAGTATATATTTTT	1
83	82	2	TCTTTATTTGAGTATATATTTTTA	1
84	83	2	CTTTATTTGAGTATATATTTTTAA	1
85	84	2	TTTATTTGAGTATATATTTTTAAC	1
86	85	2	TTATTTGAGTATATATTTTTAACT	1
87	86	2	TATTTGAGTATATATTTTTAACTT	1
88	87	2	ATTTGAGTATATATTTTTAACTTA	1
89	88	2	TTTGAGTATATATTTTTAACTTAA	1
90	89	2	TTGAGTATATATTTTTAACTTAAT	1
91	90	2	TGAGTATATATTTTTAACTTAATT	1
92	91	2	GAGTATATATTTTTAACTTAATTT	1
93	92	2	AGTATATATTTTTAACTTAATTTC	1
94	93	2	GTATATATTTTTAACTTAATTTCC	1
95	94	2	TATATATTTTTAACTTAATTTCCC	1
96	95	3	ATATATTTTTAACTTAATTTCCCA	1
97	96	3	TATATTTTTAACTTAATTTCCCAT	1
98	97	3	ATATTTTTAACTTAATTTCCCATT	1
99	98	3	TATTTTTAACTTAATTTCCCATTT	1
100	99	3	ATTTTTAACTTAATTTCCCATTTC	1
101	100	3	TTTTTAACTTAATTTCCCATTTCA	1
102	101	3	TTTTAACTTAATTTCCCATTTCAT	1
103	102	3	TTTAACTTAATTTCCCATTTCATT	1
104	103	3	TTAACTTAATTTCCCATTTCATTT	1
105	104	2	TAACTTAATTTCCCATTTCATTTA	1
106	105	2	AACTTAATTTCCCATTTCATTTAT	1
107	106	2	ACTTAATTTCCCATTTCATTTATA	1
108	107	2	CTTAATTTCCCATTTCATTTATAT	1
109	108	2	TTAATTTCCCATTTCATTTATATA	1
110	109	2	TAATTTCCCATTTCATTTATATAC	1
111	110	2	AATTTCCCATTTCATTTATATACA	1
112	111	1	ATTTCCCATTTCATTTATATACAA	1
113	112	1	TTTCCCATTTCATTTATATACAAC	1
114	113	1	TTCCCATTTCATTTATATACAACA	1
115	114	1	TCCCATTTCATTTATATACAACAT	1
116	115	1	CCCATTTCATTTATATACAACATG	1
117	116	1	CCATTTCATTTATATACAACATGG	1
118	117	1	CATTTCATTTATATACAACATGGT	1
119	118	1	ATTTCATTTATATACAACATGGTG	1
120	119	1	TTTCATTTATATACAACATGGTGA	1
121	120	1	TTCATTTATATACAACATGGTGAA	1
122	121	1	TCATTTATATACAACATGGTGAAA	1
123	122	1	CATTTATATACAACATGGTGAAAC	1
124	123	1	ATTTATATACAACATGGTGAAACA	1
125	124	1	TTTATATACAACATGGTGAAACAA	1
126	125	1	TTATATACAACATGGTGAAACAAG	1
127	126	1	TATATACAACATGGTGAAACAAGT	1
128	127	1	ATATACAACATGGTGAAACAAGTC	1
129	128	1	TATACAACATGGTGAAACAAGTCT	1
130	129	1	ATACAACATGGTGAAACAAGTCTC	1
131	130	1	TACAACATGGTGAAACAAGTCTCC	1
132	131	1	ACAACATGGTGAAACAAGTCTCCG	1
133	132	2	CAACATGGTGAAACAAGTCTCCGA	1
134	133	2	AACATGGTGAAACAAGTCTCCGAC	1
135	134	2	ACATGGTGAAACAAGTCTCCGACT	1
136	135	2	CATGGTGAAACAAGTCTCCGACTC	1
137	136	2	ATGGTGAAACAAGTCTCCGACTCT	1
138	137	2	TGGTGAAACAAGTCTCCGACTCTT	1
139	138	2	GGTGAAACAAGTCTCCGACTCTTC	1
140	139	2	GTGAAACAAGTCTCCGACTCTTCT	1
141	140	2	TGAAACAAGTCTCCGACTCTTCTG	1
142	141	2	GAAACAAGTCTCCGACTCTTCTGA	1
143	142	2	AAACAAGTCTCCGACTCTTCTGAA	1
144	143	2	AACAAGTCTCCGACTCTTCTGAAT	1
145	144	2	ACAAGTCTCCGACTCTTCTGAATT	1
146	145	2	CAAGTCTCCGACTCTTCTGAATTT	1
147	146	2	AAGTCTCCGACTCTTCTGAATTTA	1
148	147	2	AGTCTCCGACTCTTCTGAATTTAA	1
149	148	2	GTCTCCGACTCTTCTGAATTTAAA	1
150	149	3	TCTCCGACTCTTCTGAATTTAAAT	1
151	150	3	CTCCGACTCTTCTGAATTTAAATC	1
152	151	3	TCCGACTCTTCTGAATTTAAATCT	1
153	152	3	CCGACTCTTCTGAATTTAAATCTA	1
154	153	3	CGACTCTTCTGAATTTAAATCTAT	1
155	154	3	GACTCTTCTGAATTTAAATCTATT	1
156	155	3	ACTCTTCTGAATTTAAATCTATTG	1
157	156	3	CTCTTCTGAATTTAAATCTATTGT	1
158	157	3	TCTTCTGAATTTAAATCTATTGTT	1
159	158	3	CTTCTGAATTTAAATCTATTGTTT	1
160	159	3	TTCTGAATTTAAATCTATTGTTTG	1
161	160	3	TCTGAATTTAAATCTATTGTTTGC	1
162	161	4	CTGAATTTAAATCTATTGTTTGCC	1
163	162	4	TGAATTTAAATCTATTGTTTGCCA	1
164	163	8	GAATTTAAATCTATTGTTTGCCAA	1
165	164	8	AATTTAAATCTATTGTTTGCCAAG	1
166	165	9	ATTTAAATCTATTGTTTGCCAAGA	1
167	166	9	TTTAAATCTATTGTTTGCCAAGAC	1
168	167	9	TTAAATCTATTGTTTGCCAAGACA	1
169	168	9	TAAATCTATTGTTTGCCAAGACAA	1
170	169	10	AAATCTATTGTTTGCCAAGACAAG	1
171	170	10	AATCTATTGTTTGCCAAGACAAGC	1
172	171	11	ATCTATTGTTTGCCAAGACAAGCT	1
173	172	11	TCTATTGTTTGCCAAGACAAGCTT	1
174	173	13	CTATTGTTTGCCAAGACAAGCTTG	1
175	174	13	TATTGTTTGCCAAGACAAGCTTGT	1
176	175	13	ATTGTTTGCCAAGACAAGCTTGTC	1
177	176	12	TTGTTTGCCAAGACAAGCTTGTCG	1
178	177	12	TGTTTGCCAAGACAAGCTTGTCGT	1
179	178	12	GTTTGCCAAGACAAGCTTGTCGTT	1
180	179	14	TTTGCCAAGACAAGCTTGTCGTTG	1
181	180	14	TTGCCAAGACAAGCTTGTCGTTGT	1
182	181	14	TGCCAAGACAAGCTTGTCGTTGTC	1
183	182	15	GCCAAGACAAGCTTGTCGTTGTCG	1
184	183	14	CCAAGACAAGCTTGTCGTTGTCGA	1
185	184	14	CAAGACAAGCTTGTCGTTGTCGAC	1
186	185	14	AAGACAAGCTTGTCGTTGTCGACT	1
187	186	14	AGACAAGCTTGTCGTTGTCGACTT	1
188	187	14	GACAAGCTTGTCGTTGTCGACTTC	1
189	188	14	ACAAGCTTGTCGTTGTCGACTTCT	1
190	189	14	CAAGCTTGTCGTTGTCGACTTCTT	1
191	190	14	AAGCTTGTCGTTGTCGACTTCTTT	1
192	191	14	AGCTTGTCGTTGTCGACTTCTTTG	1
193	192	14	GCTTGTCGTTGTCGACTTCTTTGC	1
194	193	13	CTTGTCGTTGTCGACTTCTTTGCT	1
195	194	13	TTGTCGTTGTCGACTTCTTTGCTA	1
196	195	13	TGTCGTTGTCGACTTCTTTGCTAC	1
197	196	13	GTCGTTGTCGACTTCTTTGCTACT	1
198	197	13	TCGTTGTCGACTTCTTTGCTACTT	1
199	198	14	CGTTGTCGACTTCTTTGCTACTTG	1
200	199	14	GTTGTCGACTTCTTTGCTACTTGG	1
201	200	14	TTGTCGACTTCTTTGCTACTTGGT	1
202	201	16	TGTCGACTTCTTTGCTACTTGGTG	1
203	202	17	GTCGACTTCTTTGCTACTTGGTGT	1
204	203	18	TCGACTTCTTTGCTACTTGGTGTG	1
205	204	21	CGACTTCTTTGCTACTTGGTGTGG	1
206	205	20	GACTTCTTTGCTACTTGGTGTGGA	1
207	206	20	ACTTCTTTGCTACTTGGTGTGGAC	1
208	207	16	CTTCTTTGCTACTTGGTGTGGACC	1
209	208	16	TTCTTTGCTACTTGGTGTGGACCT	1
210	209	16	TCTTTGCTACTTGGTGTGGACCTT	1
211	210	18	CTTTGCTACTTGGTGTGGACCTTG	1
212	211	18	TTTGCTACTTGGTGTGGACCTTGC	1
213	212	18	TTGCTACTTGGTGTGGACCTTGCA	1
214	213	17	TGCTACTTGGTGTGGACCTTGCAA	1
215	214	18	GCTACTTGGTGTGGACCTTGCAAG	1
216	215	17	CTACTTGGTGTGGACCTTGCAAGG	1
217	216	17	TACTTGGTGTGGACCTTGCAAGGC	1
218	217	18	ACTTGGTGTGGACCTTGCAAGGCC	1
219	218	18	CTTGGTGTGGACCTTGCAAGGCCA	1
220	219	19	TTGGTGTGGACCTTGCAAGGCCAT	1
221	220	20	TGGTGTGGACCTTGCAAGGCCATT	1
222	221	20	GGTGTGGACCTTGCAAGGCCATTG	1
223	222	20	GTGTGGACCTTGCAAGGCCATTGC	1
224	223	18	TGTGGACCTTGCAAGGCCATTGCT	1
225	224	19	GTGGACCTTGCAAGGCCATTGCTC	1
226	225	19	TGGACCTTGCAAGGCCATTGCTCC	1
227	226	18	GGACCTTGCAAGGCCATTGCTCCT	1
228	227	18	GACCTTGCAAGGCCATTGCTCCTA	1
229	228	18	ACCTTGCAAGGCCATTGCTCCTAA	1
230	229	18	CCTTGCAAGGCCATTGCTCCTAAG	1
231	230	18	CTTGCAAGGCCATTGCTCCTAAGT	1
232	231	18	TTGCAAGGCCATTGCTCCTAAGTT	1
233	232	18	TGCAAGGCCATTGCTCCTAAGTTT	1
234	233	18	GCAAGGCCATTGCTCCTAAGTTTG	1
235	234	18	CAAGGCCATTGCTCCTAAGTTTGA	1
236	235	18	AAGGCCATTGCTCCTAAGTTTGAG	1
237	236	17	AGGCCATTGCTCCTAAGTTTGAGC	1
238	237	17	GGCCATTGCTCCTAAGTTTGAGCA	1
239	238	17	GCCATTGCTCCTAAGTTTGAGCAA	1
240	239	17	CCATTGCTCCTAAGTTTGAGCAAT	1
241	240	17	CATTGCTCCTAAGTTTGAGCAATT	1
242	241	17	ATTGCTCCTAAGTTTGAGCAATTT	1
243	242	16	TTGCTCCTAAGTTTGAGCAATTTT	1
244	243	16	TGCTCCTAAGTTTGAGCAATTTTC	1
245	244	16	GCTCCTAAGTTTGAGCAATTTTCC	1
246	245	15	CTCCTAAGTTTGAGCAATTTTCCA	1
247	246	13	TCCTAAGTTTGAGCAATTTTCCAA	1
248	247	12	CCTAAGTTTGAGCAATTTTCCAAC	1
249	248	9	CTAAGTTTGAGCAATTTTCCAACA	1
250	249	9	TAAGTTTGAGCAATTTTCCAACAC	1
251	250	9	AAGTTTGAGCAATTTTCCAACACT	1
252	251	9	AGTTTGAGCAATTTTCCAACACTT	1
253	252	9	GTTTGAGCAATTTTCCAACACTTA	1
254	253	9	TTTGAGCAATTTTCCAACACTTAC	1
255	254	6	TTGAGCAATTTTCCAACACTTACT	1
256	255	6	TGAGCAATTTTCCAACACTTACTC	1
257	256	6	GAGCAATTTTCCAACACTTACTCT	1
258	257	6	AGCAATTTTCCAACACTTACTCTG	1
259	258	5	GCAATTTTCCAACACTTACTCTGA	1
260	259	5	CAATTTTCCAACACTTACTCTGAT	1
261	260	5	AATTTTCCAACACTTACTCTGATG	1
262	261	3	ATTTTCCAACACTTACTCTGATGC	1
263	262	3	TTTTCCAACACTTACTCTGATGCC	1
264	263	1	TTTCCAACACTTACTCTGATGCCA	1
265	264	1	TTCCAACACTTACTCTGATGCCAC	1
266	265	1	TCCAACACTTACTCTGATGCCACT	1
267	266	1	CCAACACTTACTCTGATGCCACTT	1
268	267	2	CAACACTTACTCTGATGCCACTTT	1
269	268	2	AACACTTACTCTGATGCCACTTTC	1
270	269	2	ACACTTACTCTGATGCCACTTTCA	1
271	270	2	CACTTACTCTGATGCCACTTTCAT	1
272	271	2	ACTTACTCTGATGCCACTTTCATC	1
273	272	2	CTTACTCTGATGCCACTTTCATCA	1
274	273	3	TTACTCTGATGCCACTTTCATCAA	1
275	274	3	TACTCTGATGCCACTTTCATCAAG	1
276	275	3	ACTCTGATGCCACTTTCATCAAGG	1
277	276	3	CTCTGATGCCACTTTCATCAAGGT	1
278	277	3	TCTGATGCCACTTTCATCAAGGTT	1
279	278	3	CTGATGCCACTTTCATCAAGGTTG	1
280	279	5	TGATGCCACTTTCATCAAGGTTGA	1
281	280	7	GATGCCACTTTCATCAAGGTTGAT	1
282	281	9	ATGCCACTTTCATCAAGGTTGATG	1
283	282	9	TGCCACTTTCATCAAGGTTGATGT	1
284	283	9	GCCACTTTCATCAAGGTTGATGTC	1
285	284	9	CCACTTTCATCAAGGTTGATGTCG	1
286	285	10	CACTTTCATCAAGGTTGATGTCGA	1
287	286	10	ACTTTCATCAAGGTTGATGTCGAT	1
288	287	10	CTTTCATCAAGGTTGATGTCGATC	1
289	288	10	TTTCATCAAGGTTGATGTCGATCA	1
290	289	10	TTCATCAAGGTTGATGTCGATCAA	1
291	290	10	TCATCAAGGTTGATGTCGATCAAT	1
292	291	10	CATCAAGGTTGATGTCGATCAATT	1
293	292	10	ATCAAGGTTGATGTCGATCAATTA	1
294	293	10	TCAAGGTTGATGTCGATCAATTAA	1
295	294	10	CAAGGTTGATGTCGATCAATTAAG	1
296	295	10	AAGGTTGATGTCGATCAATTAAGT	1
297	296	10	AGGTTGATGTCGATCAATTAAGTG	1
298	297	10	GGTTGATGTCGATCAATTAAGTGA	1
299	298	10	GTTGATGTCGATCAATTAAGTGAA	1
300	299	11	TTGATGTCGATCAATTAAGTGAAA	1
301	300	11	TGATGTCGATCAATTAAGTGAAAT	1
302	301	11	GATGTCGATCAATTAAGTGAAATT	1
303	302	11	ATGTCGATCAATTAAGTGAAATTG	1
304	303	11	TGTCGATCAATTAAGTGAAATTGC	1
305	304	11	GTCGATCAATTAAGTGAAATTGCA	1
306	305	10	TCGATCAATTAAGTGAAATTGCAG	1
307	306	10	CGATCAATTAAGTGAAATTGCAGC	1
308	307	10	GATCAATTAAGTGAAATTGCAGCT	1
309	308	10	ATCAATTAAGTGAAATTGCAGCTG	1
310	309	10	TCAATTAAGTGAAATTGCAGCTGA	1
311	310	10	CAATTAAGTGAAATTGCAGCTGAA	1
312	311	9	AATTAAGTGAAATTGCAGCTGAAG	1
313	312	9	ATTAAGTGAAATTGCAGCTGAAGC	1
314	313	12	TTAAGTGAAATTGCAGCTGAAGCT	1
315	314	12	TAAGTGAAATTGCAGCTGAAGCTG	1
316	315	14	AAGTGAAATTGCAGCTGAAGCTGG	1
317	316	14	AGTGAAATTGCAGCTGAAGCTGGC	1
318	317	13	GTGAAATTGCAGCTGAAGCTGGCG	1
319	318	13	TGAAATTGCAGCTGAAGCTGGCGT	1
320	319	13	GAAATTGCAGCTGAAGCTGGCGTT	1
321	320	13	AAATTGCAGCTGAAGCTGGCGTTC	1
322	321	13	AATTGCAGCTGAAGCTGGCGTTCA	1
323	322	13	ATTGCAGCTGAAGCTGGCGTTCAC	1
324	323	11	TTGCAGCTGAAGCTGGCGTTCACG	1
325	324	9	TGCAGCTGAAGCTGGCGTTCACGC	1
326	325	7	GCAGCTGAAGCTGGCGTTCACGCT	1
327	326	7	CAGCTGAAGCTGGCGTTCACGCTA	1
328	327	7	AGCTGAAGCTGGCGTTCACGCTAT	1
329	328	7	GCTGAAGCTGGCGTTCACGCTATG	1
330	329	6	CTGAAGCTGGCGTTCACGCTATGC	1
331	330	6	TGAAGCTGGCGTTCACGCTATGCC	1
332	331	6	GAAGCTGGCGTTCACGCTATGCCC	1
333	332	6	AAGCTGGCGTTCACGCTATGCCCT	1
334	333	7	AGCTGGCGTTCACGCTATGCCCTC	1
335	334	7	GCTGGCGTTCACGCTATGCCCTCT	1
336	335	7	CTGGCGTTCACGCTATGCCCTCTT	1
337	336	7	TGGCGTTCACGCTATGCCCTCTTT	1
338	337	7	GGCGTTCACGCTATGCCCTCTTTC	1
339	338	7	GCGTTCACGCTATGCCCTCTTTCT	1
340	339	7	CGTTCACGCTATGCCCTCTTTCTT	1
341	340	7	GTTCACGCTATGCCCTCTTTCTTC	1
342	341	7	TTCACGCTATGCCCTCTTTCTTCC	1
343	342	7	TCACGCTATGCCCTCTTTCTTCCT	1
344	343	6	CACGCTATGCCCTCTTTCTTCCTT	1
345	344	6	ACGCTATGCCCTCTTTCTTCCTTT	1
346	345	6	CGCTATGCCCTCTTTCTTCCTTTA	1
347	346	7	GCTATGCCCTCTTTCTTCCTTTAC	1
348	347	7	CTATGCCCTCTTTCTTCCTTTACA	1
349	348	7	TATGCCCTCTTTCTTCCTTTACAA	1
350	349	7	ATGCCCTCTTTCTTCCTTTACAAG	1
351	350	7	TGCCCTCTTTCTTCCTTTACAAGA	1
352	351	7	GCCCTCTTTCTTCCTTTACAAGAA	1
353	352	7	CCCTCTTTCTTCCTTTACAAGAAT	1
354	353	7	CCTCTTTCTTCCTTTACAAGAATG	1
355	354	7	CTCTTTCTTCCTTTACAAGAATGG	1
356	355	7	TCTTTCTTCCTTTACAAGAATGGT	1
357	356	7	CTTTCTTCCTTTACAAGAATGGTG	1
358	357	3	TTTCTTCCTTTACAAGAATGGTGA	1
359	358	3	TTCTTCCTTTACAAGAATGGTGAG	1
360	359	1	TCTTCCTTTACAAGAATGGTGAGA	1
361	360	1	CTTCCTTTACAAGAATGGTGAGAA	1
362	361	1	TTCCTTTACAAGAATGGTGAGAAG	1
363	362	1	TCCTTTACAAGAATGGTGAGAAGA	1
364	363	1	CCTTTACAAGAATGGTGAGAAGAT	1
365	364	1	CTTTACAAGAATGGTGAGAAGATT	1
366	365	1	TTTACAAGAATGGTGAGAAGATTG	1
367	366	1	TTACAAGAATGGTGAGAAGATTGA	1
368	367	1	TACAAGAATGGTGAGAAGATTGAA	1
369	368	1	ACAAGAATGGTGAGAAGATTGAAG	1
370	369	1	CAAGAATGGTGAGAAGATTGAAGA	1
371	370	1	AAGAATGGTGAGAAGATTGAAGAA	1
372	371	1	AGAATGGTGAGAAGATTGAAGAAA	1
373	372	1	GAATGGTGAGAAGATTGAAGAAAT	1
374	373	1	AATGGTGAGAAGATTGAAGAAATC	1
375	374	1	ATGGTGAGAAGATTGAAGAAATCG	1
376	375	1	TGGTGAGAAGATTGAAGAAATCGT	1
377	376	1	GGTGAGAAGATTGAAGAAATCGTA	1
