Component 728
1	-1	0	AACATGTCCAACTGCTTTTTTGAC	1
2	1	2	ACATGTCCAACTGCTTTTTTGACG	1
3	2	2	CATGTCCAACTGCTTTTTTGACGT	1
4	3	2	ATGTCCAACTGCTTTTTTGACGTT	1
5	4	2	TGTCCAACTGCTTTTTTGACGTTA	1
6	5	2	GTCCAACTGCTTTTTTGACGTTAT	1
7	6	12	TCCAACTGCTTTTTTGACGTTATT	1
8	7	13	CCAACTGCTTTTTTGACGTTATTG	1
9	8	13	CAACTGCTTTTTTGACGTTATTGC	1
10	9	14	AACTGCTTTTTTGACGTTATTGCC	1
11	10	14	ACTGCTTTTTTGACGTTATTGCCA	1
12	11	15	CTGCTTTTTTGACGTTATTGCCAA	1
13	12	16	TGCTTTTTTGACGTTATTGCCAAC	1
14	13	17	GCTTTTTTGACGTTATTGCCAACG	1
15	14	20	CTTTTTTGACGTTATTGCCAACGG	1
16	15	21	TTTTTTGACGTTATTGCCAACGGC	1
17	16	21	TTTTTGACGTTATTGCCAACGGCC	1
18	17	22	TTTTGACGTTATTGCCAACGGCCA	1
19	18	22	TTTGACGTTATTGCCAACGGCCAA	1
20	19	22	TTGACGTTATTGCCAACGGCCAAC	1
21	20	22	TGACGTTATTGCCAACGGCCAACC	1
22	21	22	GACGTTATTGCCAACGGCCAACCT	1
23	22	22	ACGTTATTGCCAACGGCCAACCTT	1
24	23	22	CGTTATTGCCAACGGCCAACCTTT	1
25	24	22	GTTATTGCCAACGGCCAACCTTTA	1
26	25	22	TTATTGCCAACGGCCAACCTTTAG	1
27	26	22	TATTGCCAACGGCCAACCTTTAGG	1
28	27	22	ATTGCCAACGGCCAACCTTTAGGA	1
29	28	22	TTGCCAACGGCCAACCTTTAGGAC	1
30	29	22	TGCCAACGGCCAACCTTTAGGACG	1
31	30	22	GCCAACGGCCAACCTTTAGGACGT	1
32	31	22	CCAACGGCCAACCTTTAGGACGTA	1
33	32	22	CAACGGCCAACCTTTAGGACGTAT	1
34	33	22	AACGGCCAACCTTTAGGACGTATC	1
35	34	22	ACGGCCAACCTTTAGGACGTATCG	1
36	35	22	CGGCCAACCTTTAGGACGTATCGT	1
37	36	22	GGCCAACCTTTAGGACGTATCGTC	1
38	37	22	GCCAACCTTTAGGACGTATCGTCT	1
39	38	22	CCAACCTTTAGGACGTATCGTCTT	1
40	39	22	CAACCTTTAGGACGTATCGTCTTC	1
41	40	22	AACCTTTAGGACGTATCGTCTTCA	1
42	41	21	ACCTTTAGGACGTATCGTCTTCAA	1
43	42	21	CCTTTAGGACGTATCGTCTTCAAA	1
44	43	21	CTTTAGGACGTATCGTCTTCAAAT	1
45	44	22	TTTAGGACGTATCGTCTTCAAATT	1
46	45	20	TTAGGACGTATCGTCTTCAAATTA	1
47	46	20	TAGGACGTATCGTCTTCAAATTAT	1
48	47	20	AGGACGTATCGTCTTCAAATTATT	1
49	48	19	GGACGTATCGTCTTCAAATTATTC	1
50	49	19	GACGTATCGTCTTCAAATTATTCG	1
51	50	10	ACGTATCGTCTTCAAATTATTCGA	1
52	51	9	CGTATCGTCTTCAAATTATTCGAC	1
53	52	9	GTATCGTCTTCAAATTATTCGACG	1
54	53	8	TATCGTCTTCAAATTATTCGACGA	1
55	54	8	ATCGTCTTCAAATTATTCGACGAT	1
56	55	8	TCGTCTTCAAATTATTCGACGATG	1
57	56	7	CGTCTTCAAATTATTCGACGATGT	1
58	57	7	GTCTTCAAATTATTCGACGATGTC	1
59	58	4	TCTTCAAATTATTCGACGATGTCG	1
60	59	3	CTTCAAATTATTCGACGATGTCGT	1
61	60	3	TTCAAATTATTCGACGATGTCGTT	1
62	61	3	TCAAATTATTCGACGATGTCGTTC	1
63	62	3	CAAATTATTCGACGATGTCGTTCC	1
64	63	3	AAATTATTCGACGATGTCGTTCCC	1
65	64	3	AATTATTCGACGATGTCGTTCCCA	1
66	65	3	ATTATTCGACGATGTCGTTCCCAA	1
67	66	3	TTATTCGACGATGTCGTTCCCAAG	1
68	67	3	TATTCGACGATGTCGTTCCCAAGA	1
69	68	3	ATTCGACGATGTCGTTCCCAAGAC	1
70	69	3	TTCGACGATGTCGTTCCCAAGACT	1
71	70	3	TCGACGATGTCGTTCCCAAGACTG	1
72	71	3	CGACGATGTCGTTCCCAAGACTGC	1
73	72	4	GACGATGTCGTTCCCAAGACTGCT	1
74	73	4	ACGATGTCGTTCCCAAGACTGCTG	1
75	74	4	CGATGTCGTTCCCAAGACTGCTGC	1
76	75	4	GATGTCGTTCCCAAGACTGCTGCT	1
77	76	4	ATGTCGTTCCCAAGACTGCTGCTA	1
78	77	4	TGTCGTTCCCAAGACTGCTGCTAA	1
79	78	4	GTCGTTCCCAAGACTGCTGCTAAC	1
80	79	4	TCGTTCCCAAGACTGCTGCTAACT	1
81	80	4	CGTTCCCAAGACTGCTGCTAACTT	1
82	81	4	GTTCCCAAGACTGCTGCTAACTTC	1
83	82	4	TTCCCAAGACTGCTGCTAACTTCC	1
84	83	4	TCCCAAGACTGCTGCTAACTTCCG	1
85	84	4	CCCAAGACTGCTGCTAACTTCCGT	1
86	85	4	CCAAGACTGCTGCTAACTTCCGTG	1
87	86	4	CAAGACTGCTGCTAACTTCCGTGC	1
88	87	4	AAGACTGCTGCTAACTTCCGTGCT	1
89	88	3	AGACTGCTGCTAACTTCCGTGCTC	1
90	89	3	GACTGCTGCTAACTTCCGTGCTCT	1
91	90	3	ACTGCTGCTAACTTCCGTGCTCTC	1
92	91	3	CTGCTGCTAACTTCCGTGCTCTCT	1
93	92	4	TGCTGCTAACTTCCGTGCTCTCTG	1
94	93	4	GCTGCTAACTTCCGTGCTCTCTGC	1
95	94	3	CTGCTAACTTCCGTGCTCTCTGCA	1
96	95	3	TGCTAACTTCCGTGCTCTCTGCAC	1
97	96	3	GCTAACTTCCGTGCTCTCTGCACC	1
98	97	4	CTAACTTCCGTGCTCTCTGCACCG	1
99	98	4	TAACTTCCGTGCTCTCTGCACCGG	1
100	99	5	AACTTCCGTGCTCTCTGCACCGGC	1
101	100	5	ACTTCCGTGCTCTCTGCACCGGCG	1
102	101	4	CTTCCGTGCTCTCTGCACCGGCGA	1
103	102	4	TTCCGTGCTCTCTGCACCGGCGAG	1
104	103	4	TCCGTGCTCTCTGCACCGGCGAGA	1
105	104	4	CCGTGCTCTCTGCACCGGCGAGAA	1
106	105	4	CGTGCTCTCTGCACCGGCGAGAAG	1
107	106	4	GTGCTCTCTGCACCGGCGAGAAGG	1
108	107	4	TGCTCTCTGCACCGGCGAGAAGGG	1
109	108	4	GCTCTCTGCACCGGCGAGAAGGGC	1
110	109	4	CTCTCTGCACCGGCGAGAAGGGCT	1
111	110	4	TCTCTGCACCGGCGAGAAGGGCTA	1
112	111	4	CTCTGCACCGGCGAGAAGGGCTAT	1
113	112	4	TCTGCACCGGCGAGAAGGGCTATG	1
114	113	4	CTGCACCGGCGAGAAGGGCTATGG	1
115	114	4	TGCACCGGCGAGAAGGGCTATGGC	1
116	115	4	GCACCGGCGAGAAGGGCTATGGCT	1
117	116	3	CACCGGCGAGAAGGGCTATGGCTA	1
118	117	3	ACCGGCGAGAAGGGCTATGGCTAT	1
119	118	3	CCGGCGAGAAGGGCTATGGCTATG	1
120	119	4	CGGCGAGAAGGGCTATGGCTATGC	1
121	120	4	GGCGAGAAGGGCTATGGCTATGCT	1
122	121	4	GCGAGAAGGGCTATGGCTATGCTG	1
123	122	4	CGAGAAGGGCTATGGCTATGCTGG	1
124	123	4	GAGAAGGGCTATGGCTATGCTGGC	1
125	124	4	AGAAGGGCTATGGCTATGCTGGCT	1
126	125	4	GAAGGGCTATGGCTATGCTGGCTC	1
127	126	4	AAGGGCTATGGCTATGCTGGCTCC	1
128	127	4	AGGGCTATGGCTATGCTGGCTCCA	1
129	128	4	GGGCTATGGCTATGCTGGCTCCAC	1
130	129	4	GGCTATGGCTATGCTGGCTCCACC	1
131	130	4	GCTATGGCTATGCTGGCTCCACCT	1
132	131	3	CTATGGCTATGCTGGCTCCACCTT	1
133	132	3	TATGGCTATGCTGGCTCCACCTTC	1
134	133	3	ATGGCTATGCTGGCTCCACCTTCC	1
135	134	3	TGGCTATGCTGGCTCCACCTTCCA	1
136	135	3	GGCTATGCTGGCTCCACCTTCCAC	1
137	136	3	GCTATGCTGGCTCCACCTTCCACC	1
138	137	3	CTATGCTGGCTCCACCTTCCACCG	1
139	138	3	TATGCTGGCTCCACCTTCCACCGT	1
140	139	3	ATGCTGGCTCCACCTTCCACCGTG	1
141	140	4	TGCTGGCTCCACCTTCCACCGTGT	1
142	141	3	GCTGGCTCCACCTTCCACCGTGTC	1
143	142	3	CTGGCTCCACCTTCCACCGTGTCA	1
144	143	2	TGGCTCCACCTTCCACCGTGTCAT	1
145	144	2	GGCTCCACCTTCCACCGTGTCATT	1
146	145	2	GCTCCACCTTCCACCGTGTCATTC	1
147	146	2	CTCCACCTTCCACCGTGTCATTCC	1
148	147	2	TCCACCTTCCACCGTGTCATTCCC	1
149	148	3	CCACCTTCCACCGTGTCATTCCCC	1
150	149	3	CACCTTCCACCGTGTCATTCCCCA	1
151	150	3	ACCTTCCACCGTGTCATTCCCCAA	1
152	151	4	CCTTCCACCGTGTCATTCCCCAAT	1
153	152	4	CTTCCACCGTGTCATTCCCCAATT	1
154	153	5	TTCCACCGTGTCATTCCCCAATTC	1
155	154	5	TCCACCGTGTCATTCCCCAATTCA	1
156	155	5	CCACCGTGTCATTCCCCAATTCAT	1
157	156	5	CACCGTGTCATTCCCCAATTCATG	1
158	157	5	ACCGTGTCATTCCCCAATTCATGC	1
159	158	5	CCGTGTCATTCCCCAATTCATGCT	1
160	159	5	CGTGTCATTCCCCAATTCATGCTC	1
161	160	5	GTGTCATTCCCCAATTCATGCTCC	1
162	161	5	TGTCATTCCCCAATTCATGCTCCA	1
163	162	5	GTCATTCCCCAATTCATGCTCCAA	1
164	163	4	TCATTCCCCAATTCATGCTCCAAG	1
165	164	4	CATTCCCCAATTCATGCTCCAAGG	1
166	165	4	ATTCCCCAATTCATGCTCCAAGGT	1
167	166	4	TTCCCCAATTCATGCTCCAAGGTG	1
168	167	4	TCCCCAATTCATGCTCCAAGGTGG	1
169	168	4	CCCCAATTCATGCTCCAAGGTGGT	1
170	169	4	CCCAATTCATGCTCCAAGGTGGTG	1
171	170	4	CCAATTCATGCTCCAAGGTGGTGA	1
172	171	5	CAATTCATGCTCCAAGGTGGTGAT	1
173	172	5	AATTCATGCTCCAAGGTGGTGATT	1
174	173	5	ATTCATGCTCCAAGGTGGTGATTT	1
175	174	5	TTCATGCTCCAAGGTGGTGATTTC	1
176	175	5	TCATGCTCCAAGGTGGTGATTTCA	1
177	176	5	CATGCTCCAAGGTGGTGATTTCAC	1
178	177	5	ATGCTCCAAGGTGGTGATTTCACT	1
179	178	5	TGCTCCAAGGTGGTGATTTCACTC	1
180	179	5	GCTCCAAGGTGGTGATTTCACTCG	1
181	180	5	CTCCAAGGTGGTGATTTCACTCGC	1
182	181	7	TCCAAGGTGGTGATTTCACTCGCG	1
183	182	7	CCAAGGTGGTGATTTCACTCGCGG	1
184	183	7	CAAGGTGGTGATTTCACTCGCGGT	1
185	184	6	AAGGTGGTGATTTCACTCGCGGTA	1
186	185	6	AGGTGGTGATTTCACTCGCGGTAA	1
187	186	6	GGTGGTGATTTCACTCGCGGTAAC	1
188	187	6	GTGGTGATTTCACTCGCGGTAACG	1
189	188	6	TGGTGATTTCACTCGCGGTAACGG	1
190	189	6	GGTGATTTCACTCGCGGTAACGGT	1
191	190	6	GTGATTTCACTCGCGGTAACGGTA	1
192	191	6	TGATTTCACTCGCGGTAACGGTAC	1
193	192	5	GATTTCACTCGCGGTAACGGTACC	1
194	193	5	ATTTCACTCGCGGTAACGGTACCG	1
195	194	5	TTTCACTCGCGGTAACGGTACCGG	1
196	195	4	TTCACTCGCGGTAACGGTACCGGT	1
197	196	4	TCACTCGCGGTAACGGTACCGGTG	1
198	197	3	CACTCGCGGTAACGGTACCGGTGG	1
199	198	3	ACTCGCGGTAACGGTACCGGTGGA	1
200	199	3	CTCGCGGTAACGGTACCGGTGGAA	1
201	200	3	TCGCGGTAACGGTACCGGTGGAAA	1
202	201	3	CGCGGTAACGGTACCGGTGGAAAG	1
203	202	3	GCGGTAACGGTACCGGTGGAAAGT	1
204	203	3	CGGTAACGGTACCGGTGGAAAGTC	1
205	204	3	GGTAACGGTACCGGTGGAAAGTCC	1
206	205	3	GTAACGGTACCGGTGGAAAGTCCA	1
207	206	3	TAACGGTACCGGTGGAAAGTCCAT	1
208	207	3	AACGGTACCGGTGGAAAGTCCATT	1
209	208	3	ACGGTACCGGTGGAAAGTCCATTT	1
210	209	4	CGGTACCGGTGGAAAGTCCATTTA	1
211	210	4	GGTACCGGTGGAAAGTCCATTTAT	1
212	211	4	GTACCGGTGGAAAGTCCATTTATG	1
213	212	3	TACCGGTGGAAAGTCCATTTATGG	1
214	213	4	ACCGGTGGAAAGTCCATTTATGGC	1
215	214	4	CCGGTGGAAAGTCCATTTATGGCG	1
216	215	5	CGGTGGAAAGTCCATTTATGGCGA	1
217	216	6	GGTGGAAAGTCCATTTATGGCGAG	1
218	217	9	GTGGAAAGTCCATTTATGGCGAGA	1
219	218	9	TGGAAAGTCCATTTATGGCGAGAA	1
220	219	9	GGAAAGTCCATTTATGGCGAGAAA	1
221	220	10	GAAAGTCCATTTATGGCGAGAAAT	1
222	221	10	AAAGTCCATTTATGGCGAGAAATT	1
223	222	10	AAGTCCATTTATGGCGAGAAATTT	1
224	223	10	AGTCCATTTATGGCGAGAAATTTC	1
225	224	10	GTCCATTTATGGCGAGAAATTTCC	1
226	225	8	TCCATTTATGGCGAGAAATTTCCT	1
227	226	8	CCATTTATGGCGAGAAATTTCCTG	1
228	227	8	CATTTATGGCGAGAAATTTCCTGA	1
229	228	8	ATTTATGGCGAGAAATTTCCTGAT	1
230	229	8	TTTATGGCGAGAAATTTCCTGATG	1
231	230	8	TTATGGCGAGAAATTTCCTGATGA	1
232	231	8	TATGGCGAGAAATTTCCTGATGAA	1
233	232	8	ATGGCGAGAAATTTCCTGATGAAA	1
234	233	8	TGGCGAGAAATTTCCTGATGAAAA	1
235	234	8	GGCGAGAAATTTCCTGATGAAAAC	1
236	235	8	GCGAGAAATTTCCTGATGAAAACT	1
237	236	8	CGAGAAATTTCCTGATGAAAACTT	1
238	237	8	GAGAAATTTCCTGATGAAAACTTT	1
239	238	8	AGAAATTTCCTGATGAAAACTTTG	1
240	239	8	GAAATTTCCTGATGAAAACTTTGC	1
241	240	8	AAATTTCCTGATGAAAACTTTGCC	1
242	241	8	AATTTCCTGATGAAAACTTTGCCT	1
243	242	9	ATTTCCTGATGAAAACTTTGCCTT	1
244	243	9	TTTCCTGATGAAAACTTTGCCTTG	1
245	244	10	TTCCTGATGAAAACTTTGCCTTGA	1
246	245	10	TCCTGATGAAAACTTTGCCTTGAA	1
247	246	10	CCTGATGAAAACTTTGCCTTGAAG	1
248	247	10	CTGATGAAAACTTTGCCTTGAAGC	1
249	248	11	TGATGAAAACTTTGCCTTGAAGCA	1
250	249	11	GATGAAAACTTTGCCTTGAAGCAT	1
251	250	11	ATGAAAACTTTGCCTTGAAGCATA	1
252	251	11	TGAAAACTTTGCCTTGAAGCATAA	1
253	252	11	GAAAACTTTGCCTTGAAGCATAAC	1
254	253	10	AAAACTTTGCCTTGAAGCATAACA	1
255	254	10	AAACTTTGCCTTGAAGCATAACAA	1
256	255	10	AACTTTGCCTTGAAGCATAACAAG	1
257	256	10	ACTTTGCCTTGAAGCATAACAAGC	1
258	257	9	CTTTGCCTTGAAGCATAACAAGCC	1
259	258	8	TTTGCCTTGAAGCATAACAAGCCT	1
260	259	7	TTGCCTTGAAGCATAACAAGCCTG	1
261	260	6	TGCCTTGAAGCATAACAAGCCTGG	1
262	261	4	GCCTTGAAGCATAACAAGCCTGGT	1
263	262	4	CCTTGAAGCATAACAAGCCTGGTT	1
264	263	4	CTTGAAGCATAACAAGCCTGGTTT	1
265	264	3	TTGAAGCATAACAAGCCTGGTTTG	1
266	265	3	TGAAGCATAACAAGCCTGGTTTGT	1
267	266	4	GAAGCATAACAAGCCTGGTTTGTT	1
268	267	4	AAGCATAACAAGCCTGGTTTGTTG	1
269	268	4	AGCATAACAAGCCTGGTTTGTTGT	1
270	269	5	GCATAACAAGCCTGGTTTGTTGTC	1
271	270	5	CATAACAAGCCTGGTTTGTTGTCT	1
272	271	6	ATAACAAGCCTGGTTTGTTGTCTA	1
273	272	6	TAACAAGCCTGGTTTGTTGTCTAT	1
274	273	6	AACAAGCCTGGTTTGTTGTCTATG	1
275	274	6	ACAAGCCTGGTTTGTTGTCTATGG	1
276	275	6	CAAGCCTGGTTTGTTGTCTATGGC	1
277	276	6	AAGCCTGGTTTGTTGTCTATGGCC	1
278	277	7	AGCCTGGTTTGTTGTCTATGGCCA	1
279	278	7	GCCTGGTTTGTTGTCTATGGCCAA	1
280	279	9	CCTGGTTTGTTGTCTATGGCCAAC	1
281	280	9	CTGGTTTGTTGTCTATGGCCAACG	1
282	281	9	TGGTTTGTTGTCTATGGCCAACGC	1
283	282	9	GGTTTGTTGTCTATGGCCAACGCT	1
284	283	9	GTTTGTTGTCTATGGCCAACGCTG	1
285	284	9	TTTGTTGTCTATGGCCAACGCTGG	1
286	285	9	TTGTTGTCTATGGCCAACGCTGGT	1
287	286	8	TGTTGTCTATGGCCAACGCTGGTC	1
288	287	7	GTTGTCTATGGCCAACGCTGGTCC	1
289	288	6	TTGTCTATGGCCAACGCTGGTCCT	1
290	289	6	TGTCTATGGCCAACGCTGGTCCTA	1
291	290	7	GTCTATGGCCAACGCTGGTCCTAA	1
292	291	7	TCTATGGCCAACGCTGGTCCTAAC	1
293	292	7	CTATGGCCAACGCTGGTCCTAACA	1
294	293	9	TATGGCCAACGCTGGTCCTAACAC	1
295	294	9	ATGGCCAACGCTGGTCCTAACACC	1
296	295	9	TGGCCAACGCTGGTCCTAACACCA	1
297	296	9	GGCCAACGCTGGTCCTAACACCAA	1
298	297	9	GCCAACGCTGGTCCTAACACCAAC	1
299	298	9	CCAACGCTGGTCCTAACACCAACG	1
300	299	9	CAACGCTGGTCCTAACACCAACGG	1
301	300	9	AACGCTGGTCCTAACACCAACGGT	1
302	301	9	ACGCTGGTCCTAACACCAACGGTT	1
303	302	9	CGCTGGTCCTAACACCAACGGTTC	1
304	303	9	GCTGGTCCTAACACCAACGGTTCT	1
305	304	9	CTGGTCCTAACACCAACGGTTCTC	1
306	305	9	TGGTCCTAACACCAACGGTTCTCA	1
307	306	9	GGTCCTAACACCAACGGTTCTCAA	1
308	307	9	GTCCTAACACCAACGGTTCTCAAT	1
309	308	9	TCCTAACACCAACGGTTCTCAATT	1
310	309	9	CCTAACACCAACGGTTCTCAATTT	1
311	310	9	CTAACACCAACGGTTCTCAATTTT	1
312	311	9	TAACACCAACGGTTCTCAATTTTT	1
313	312	9	AACACCAACGGTTCTCAATTTTTC	1
314	313	8	ACACCAACGGTTCTCAATTTTTCA	1
315	314	8	CACCAACGGTTCTCAATTTTTCAT	1
316	315	8	ACCAACGGTTCTCAATTTTTCATT	1
317	316	8	CCAACGGTTCTCAATTTTTCATTA	1
318	317	8	CAACGGTTCTCAATTTTTCATTAC	1
319	318	8	AACGGTTCTCAATTTTTCATTACC	1
320	319	8	ACGGTTCTCAATTTTTCATTACCA	1
321	320	8	CGGTTCTCAATTTTTCATTACCAC	1
322	321	8	GGTTCTCAATTTTTCATTACCACC	1
323	322	8	GTTCTCAATTTTTCATTACCACCG	1
324	323	7	TTCTCAATTTTTCATTACCACCGT	1
325	324	7	TCTCAATTTTTCATTACCACCGTT	1
326	325	7	CTCAATTTTTCATTACCACCGTTG	1
327	326	7	TCAATTTTTCATTACCACCGTTGT	1
328	327	7	CAATTTTTCATTACCACCGTTGTC	1
329	328	7	AATTTTTCATTACCACCGTTGTCA	1
330	329	6	ATTTTTCATTACCACCGTTGTCAC	1
331	330	6	TTTTTCATTACCACCGTTGTCACT	1
332	331	6	TTTTCATTACCACCGTTGTCACTC	1
333	332	6	TTTCATTACCACCGTTGTCACTCC	1
334	333	6	TTCATTACCACCGTTGTCACTCCC	1
335	334	5	TCATTACCACCGTTGTCACTCCCT	1
336	335	5	CATTACCACCGTTGTCACTCCCTG	1
337	336	4	ATTACCACCGTTGTCACTCCCTGG	1
338	337	2	TTACCACCGTTGTCACTCCCTGGT	1
339	338	3	TACCACCGTTGTCACTCCCTGGTT	1
340	339	3	ACCACCGTTGTCACTCCCTGGTTA	1
341	340	3	CCACCGTTGTCACTCCCTGGTTAG	1
342	341	3	CACCGTTGTCACTCCCTGGTTAGA	1
343	342	3	ACCGTTGTCACTCCCTGGTTAGAT	1
344	343	3	CCGTTGTCACTCCCTGGTTAGATG	1
345	344	3	CGTTGTCACTCCCTGGTTAGATGG	1
346	345	3	GTTGTCACTCCCTGGTTAGATGGC	1
347	346	3	TTGTCACTCCCTGGTTAGATGGCA	1
348	347	3	TGTCACTCCCTGGTTAGATGGCAA	1
349	348	3	GTCACTCCCTGGTTAGATGGCAAG	1
350	349	4	TCACTCCCTGGTTAGATGGCAAGC	1
351	350	4	CACTCCCTGGTTAGATGGCAAGCA	1
352	351	4	ACTCCCTGGTTAGATGGCAAGCAT	1
353	352	4	CTCCCTGGTTAGATGGCAAGCATG	1
354	353	4	TCCCTGGTTAGATGGCAAGCATGT	1
355	354	4	CCCTGGTTAGATGGCAAGCATGTC	1
356	355	5	CCTGGTTAGATGGCAAGCATGTCG	1
357	356	5	CTGGTTAGATGGCAAGCATGTCGT	1
358	357	5	TGGTTAGATGGCAAGCATGTCGTT	1
359	358	5	GGTTAGATGGCAAGCATGTCGTTT	1
360	359	4	GTTAGATGGCAAGCATGTCGTTTT	1
361	360	4	TTAGATGGCAAGCATGTCGTTTTC	1
362	361	4	TAGATGGCAAGCATGTCGTTTTCG	1
363	362	4	AGATGGCAAGCATGTCGTTTTCGG	1
364	363	4	GATGGCAAGCATGTCGTTTTCGGT	1
365	364	4	ATGGCAAGCATGTCGTTTTCGGTG	1
366	365	3	TGGCAAGCATGTCGTTTTCGGTGA	1
367	366	3	GGCAAGCATGTCGTTTTCGGTGAG	1
368	367	3	GCAAGCATGTCGTTTTCGGTGAGG	1
369	368	3	CAAGCATGTCGTTTTCGGTGAGGT	1
370	369	3	AAGCATGTCGTTTTCGGTGAGGTC	1
371	370	3	AGCATGTCGTTTTCGGTGAGGTCA	1
372	371	3	GCATGTCGTTTTCGGTGAGGTCAC	1
373	372	3	CATGTCGTTTTCGGTGAGGTCACT	1
374	373	3	ATGTCGTTTTCGGTGAGGTCACTG	1
375	374	3	TGTCGTTTTCGGTGAGGTCACTGA	1
376	375	3	GTCGTTTTCGGTGAGGTCACTGAG	1
377	376	3	TCGTTTTCGGTGAGGTCACTGAGG	1
378	377	3	CGTTTTCGGTGAGGTCACTGAGGG	1
379	378	3	GTTTTCGGTGAGGTCACTGAGGGT	1
380	379	3	TTTTCGGTGAGGTCACTGAGGGTA	1
381	380	3	TTTCGGTGAGGTCACTGAGGGTAT	1
382	381	3	TTCGGTGAGGTCACTGAGGGTATG	1
383	382	2	TCGGTGAGGTCACTGAGGGTATGG	1
384	383	3	CGGTGAGGTCACTGAGGGTATGGA	1
385	384	3	GGTGAGGTCACTGAGGGTATGGAT	1
386	385	3	GTGAGGTCACTGAGGGTATGGATG	1
387	386	3	TGAGGTCACTGAGGGTATGGATGT	1
388	387	3	GAGGTCACTGAGGGTATGGATGTT	1
389	388	3	AGGTCACTGAGGGTATGGATGTTG	1
390	389	3	GGTCACTGAGGGTATGGATGTTGT	1
391	390	3	GTCACTGAGGGTATGGATGTTGTC	1
392	391	3	TCACTGAGGGTATGGATGTTGTCA	1
393	392	3	CACTGAGGGTATGGATGTTGTCAA	1
394	393	2	ACTGAGGGTATGGATGTTGTCAAG	1
395	394	2	CTGAGGGTATGGATGTTGTCAAGA	1
396	395	3	TGAGGGTATGGATGTTGTCAAGAA	1
397	396	3	GAGGGTATGGATGTTGTCAAGAAG	1
398	397	3	AGGGTATGGATGTTGTCAAGAAGG	1
399	398	3	GGGTATGGATGTTGTCAAGAAGGT	1
400	399	2	GGTATGGATGTTGTCAAGAAGGTT	1
401	400	2	GTATGGATGTTGTCAAGAAGGTTG	1
402	401	2	TATGGATGTTGTCAAGAAGGTTGA	1
403	402	1	ATGGATGTTGTCAAGAAGGTTGAA	1
404	403	1	TGGATGTTGTCAAGAAGGTTGAAA	1
405	404	1	GGATGTTGTCAAGAAGGTTGAAAG	1
406	405	1	GATGTTGTCAAGAAGGTTGAAAGC	1
407	406	1	ATGTTGTCAAGAAGGTTGAAAGCT	1
408	407	1	TGTTGTCAAGAAGGTTGAAAGCTT	1
409	408	1	GTTGTCAAGAAGGTTGAAAGCTTG	1
410	409	1	TTGTCAAGAAGGTTGAAAGCTTGG	1
411	410	1	TGTCAAGAAGGTTGAAAGCTTGGG	1
412	411	1	GTCAAGAAGGTTGAAAGCTTGGGT	1
413	412	1	TCAAGAAGGTTGAAAGCTTGGGTT	1
414	413	1	CAAGAAGGTTGAAAGCTTGGGTTC	1
415	414	1	AAGAAGGTTGAAAGCTTGGGTTCT	1
416	415	1	AGAAGGTTGAAAGCTTGGGTTCTA	1
417	416	2	GAAGGTTGAAAGCTTGGGTTCTAA	1
418	417	2	AAGGTTGAAAGCTTGGGTTCTAAC	1
419	418	2	AGGTTGAAAGCTTGGGTTCTAACT	1
420	419	2	GGTTGAAAGCTTGGGTTCTAACTC	1
421	420	2	GTTGAAAGCTTGGGTTCTAACTCT	1
422	421	2	TTGAAAGCTTGGGTTCTAACTCTG	1
423	422	2	TGAAAGCTTGGGTTCTAACTCTGG	1
424	423	2	GAAAGCTTGGGTTCTAACTCTGGT	1
425	424	2	AAAGCTTGGGTTCTAACTCTGGTG	1
426	425	2	AAGCTTGGGTTCTAACTCTGGTGC	1
427	426	2	AGCTTGGGTTCTAACTCTGGTGCT	1
428	427	2	GCTTGGGTTCTAACTCTGGTGCTA	1
429	428	2	CTTGGGTTCTAACTCTGGTGCTAC	1
430	429	2	TTGGGTTCTAACTCTGGTGCTACT	1
431	430	2	TGGGTTCTAACTCTGGTGCTACTC	1
432	431	2	GGGTTCTAACTCTGGTGCTACTCG	1
433	432	2	GGTTCTAACTCTGGTGCTACTCGT	1
434	433	2	GTTCTAACTCTGGTGCTACTCGTG	1
435	434	2	TTCTAACTCTGGTGCTACTCGTGC	1
436	435	2	TCTAACTCTGGTGCTACTCGTGCT	1
437	436	2	CTAACTCTGGTGCTACTCGTGCTC	1
438	437	2	TAACTCTGGTGCTACTCGTGCTCG	1
439	438	2	AACTCTGGTGCTACTCGTGCTCGC	1
440	439	1	ACTCTGGTGCTACTCGTGCTCGCA	1
441	440	1	CTCTGGTGCTACTCGTGCTCGCAT	1
442	441	1	TCTGGTGCTACTCGTGCTCGCATT	1
443	442	1	CTGGTGCTACTCGTGCTCGCATTG	1
444	443	1	TGGTGCTACTCGTGCTCGCATTGT	1
445	444	1	GGTGCTACTCGTGCTCGCATTGTC	1
446	445	1	GTGCTACTCGTGCTCGCATTGTCA	1
447	446	1	TGCTACTCGTGCTCGCATTGTCAT	1
448	447	1	GCTACTCGTGCTCGCATTGTCATT	1
449	448	1	CTACTCGTGCTCGCATTGTCATTG	1
450	449	2	TACTCGTGCTCGCATTGTCATTGA	1
451	450	2	ACTCGTGCTCGCATTGTCATTGAC	1
452	451	2	CTCGTGCTCGCATTGTCATTGACA	1
453	452	2	TCGTGCTCGCATTGTCATTGACAA	1
454	453	2	CGTGCTCGCATTGTCATTGACAAG	1
455	454	2	GTGCTCGCATTGTCATTGACAAGT	1
456	455	2	TGCTCGCATTGTCATTGACAAGTG	1
457	456	2	GCTCGCATTGTCATTGACAAGTGT	1
458	457	2	CTCGCATTGTCATTGACAAGTGTG	1
459	458	2	TCGCATTGTCATTGACAAGTGTGG	1
460	459	2	CGCATTGTCATTGACAAGTGTGGT	1
461	460	1	GCATTGTCATTGACAAGTGTGGTA	1
462	461	1	CATTGTCATTGACAAGTGTGGTAC	1
463	462	1	ATTGTCATTGACAAGTGTGGTACC	1
464	463	1	TTGTCATTGACAAGTGTGGTACCG	1
465	464	1	TGTCATTGACAAGTGTGGTACCGT	1
466	465	1	GTCATTGACAAGTGTGGTACCGTC	1
467	466	1	TCATTGACAAGTGTGGTACCGTCT	1
468	467	1	CATTGACAAGTGTGGTACCGTCTA	1
469	468	1	ATTGACAAGTGTGGTACCGTCTAA	1
470	469	1	TTGACAAGTGTGGTACCGTCTAAG	1
471	470	1	TGACAAGTGTGGTACCGTCTAAGC	1
472	471	1	GACAAGTGTGGTACCGTCTAAGCT	1
473	472	1	ACAAGTGTGGTACCGTCTAAGCTT	1
474	473	1	CAAGTGTGGTACCGTCTAAGCTTG	1
475	474	1	AAGTGTGGTACCGTCTAAGCTTGT	1
476	475	1	AGTGTGGTACCGTCTAAGCTTGTG	1
477	476	1	GTGTGGTACCGTCTAAGCTTGTGC	1
478	477	1	TGTGGTACCGTCTAAGCTTGTGCT	1
479	478	1	GTGGTACCGTCTAAGCTTGTGCTT	1
480	479	1	TGGTACCGTCTAAGCTTGTGCTTT	1
481	480	1	GGTACCGTCTAAGCTTGTGCTTTT	1
482	481	1	GTACCGTCTAAGCTTGTGCTTTTT	1
483	482	1	TACCGTCTAAGCTTGTGCTTTTTT	1
484	483	1	ACCGTCTAAGCTTGTGCTTTTTTA	1
485	484	1	CCGTCTAAGCTTGTGCTTTTTTAA	1
486	485	1	CGTCTAAGCTTGTGCTTTTTTAAC	1
487	486	1	GTCTAAGCTTGTGCTTTTTTAACT	1
488	487	1	TCTAAGCTTGTGCTTTTTTAACTT	1
489	488	1	CTAAGCTTGTGCTTTTTTAACTTA	1
490	489	1	TAAGCTTGTGCTTTTTTAACTTAC	1
491	490	1	AAGCTTGTGCTTTTTTAACTTACT	1
492	491	1	AGCTTGTGCTTTTTTAACTTACTC	1
493	492	1	GCTTGTGCTTTTTTAACTTACTCG	1
