Component 729
1	-1	0	TCACCACCATCTAACCATCACTTA	1
2	1	1	CACCACCATCTAACCATCACTTAT	1
3	2	2	ACCACCATCTAACCATCACTTATA	1
4	3	2	CCACCATCTAACCATCACTTATAA	1
5	4	8	CACCATCTAACCATCACTTATAAA	1
6	5	8	ACCATCTAACCATCACTTATAAAA	1
7	6	8	CCATCTAACCATCACTTATAAAAG	1
8	7	9	CATCTAACCATCACTTATAAAAGT	1
9	8	9	ATCTAACCATCACTTATAAAAGTA	1
10	9	9	TCTAACCATCACTTATAAAAGTAT	1
11	10	9	CTAACCATCACTTATAAAAGTATC	1
12	11	9	TAACCATCACTTATAAAAGTATCA	1
13	12	10	AACCATCACTTATAAAAGTATCAA	1
14	13	10	ACCATCACTTATAAAAGTATCAAA	1
15	14	10	CCATCACTTATAAAAGTATCAAAA	1
16	15	11	CATCACTTATAAAAGTATCAAAAA	1
17	16	13	ATCACTTATAAAAGTATCAAAAAA	1
18	17	13	TCACTTATAAAAGTATCAAAAAAT	1
19	18	13	CACTTATAAAAGTATCAAAAAATG	1
20	19	15	ACTTATAAAAGTATCAAAAAATGG	1
21	20	17	CTTATAAAAGTATCAAAAAATGGT	1
22	21	17	TTATAAAAGTATCAAAAAATGGTG	1
23	22	17	TATAAAAGTATCAAAAAATGGTGA	1
24	23	17	ATAAAAGTATCAAAAAATGGTGAA	1
25	24	17	TAAAAGTATCAAAAAATGGTGAAC	1
26	25	17	AAAAGTATCAAAAAATGGTGAACA	1
27	26	18	AAAGTATCAAAAAATGGTGAACAT	1
28	27	18	AAGTATCAAAAAATGGTGAACATT	1
29	28	18	AGTATCAAAAAATGGTGAACATTC	1
30	29	18	GTATCAAAAAATGGTGAACATTCC	1
31	30	18	TATCAAAAAATGGTGAACATTCCC	1
32	31	18	ATCAAAAAATGGTGAACATTCCCA	1
33	32	18	TCAAAAAATGGTGAACATTCCCAA	1
34	33	18	CAAAAAATGGTGAACATTCCCAAG	1
35	34	18	AAAAAATGGTGAACATTCCCAAGA	1
36	35	18	AAAAATGGTGAACATTCCCAAGAC	1
37	36	18	AAAATGGTGAACATTCCCAAGACC	1
38	37	18	AAATGGTGAACATTCCCAAGACCC	1
39	38	19	AATGGTGAACATTCCCAAGACCCG	1
40	39	19	ATGGTGAACATTCCCAAGACCCGT	1
41	40	19	TGGTGAACATTCCCAAGACCCGTA	1
42	41	19	GGTGAACATTCCCAAGACCCGTAA	1
43	42	19	GTGAACATTCCCAAGACCCGTAAG	1
44	43	19	TGAACATTCCCAAGACCCGTAAGA	1
45	44	19	GAACATTCCCAAGACCCGTAAGAC	1
46	45	17	AACATTCCCAAGACCCGTAAGACT	1
47	46	16	ACATTCCCAAGACCCGTAAGACTT	1
48	47	16	CATTCCCAAGACCCGTAAGACTTA	1
49	48	10	ATTCCCAAGACCCGTAAGACTTAC	1
50	49	10	TTCCCAAGACCCGTAAGACTTACT	1
51	50	10	TCCCAAGACCCGTAAGACTTACTG	1
52	51	9	CCCAAGACCCGTAAGACTTACTGT	1
53	52	9	CCAAGACCCGTAAGACTTACTGTC	1
54	53	9	CAAGACCCGTAAGACTTACTGTCC	1
55	54	9	AAGACCCGTAAGACTTACTGTCCT	1
56	55	9	AGACCCGTAAGACTTACTGTCCTG	1
57	56	8	GACCCGTAAGACTTACTGTCCTGG	1
58	57	8	ACCCGTAAGACTTACTGTCCTGGT	1
59	58	8	CCCGTAAGACTTACTGTCCTGGTA	1
60	59	7	CCGTAAGACTTACTGTCCTGGTAA	1
61	60	5	CGTAAGACTTACTGTCCTGGTAAG	1
62	61	5	GTAAGACTTACTGTCCTGGTAAGA	1
63	62	6	TAAGACTTACTGTCCTGGTAAGAA	1
64	63	5	AAGACTTACTGTCCTGGTAAGAAC	1
65	64	4	AGACTTACTGTCCTGGTAAGAACT	1
66	65	4	GACTTACTGTCCTGGTAAGAACTG	1
67	66	4	ACTTACTGTCCTGGTAAGAACTGC	1
68	67	4	CTTACTGTCCTGGTAAGAACTGCC	1
69	68	4	TTACTGTCCTGGTAAGAACTGCCG	1
70	69	4	TACTGTCCTGGTAAGAACTGCCGC	1
71	70	3	ACTGTCCTGGTAAGAACTGCCGCA	1
72	71	3	CTGTCCTGGTAAGAACTGCCGCAA	1
73	72	5	TGTCCTGGTAAGAACTGCCGCAAG	1
74	73	5	GTCCTGGTAAGAACTGCCGCAAGC	1
75	74	5	TCCTGGTAAGAACTGCCGCAAGCA	1
76	75	5	CCTGGTAAGAACTGCCGCAAGCAC	1
77	76	5	CTGGTAAGAACTGCCGCAAGCACA	1
78	77	5	TGGTAAGAACTGCCGCAAGCACAC	1
79	78	5	GGTAAGAACTGCCGCAAGCACACT	1
80	79	5	GTAAGAACTGCCGCAAGCACACTG	1
81	80	5	TAAGAACTGCCGCAAGCACACTGT	1
82	81	5	AAGAACTGCCGCAAGCACACTGTC	1
83	82	4	AGAACTGCCGCAAGCACACTGTCC	1
84	83	4	GAACTGCCGCAAGCACACTGTCCA	1
85	84	4	AACTGCCGCAAGCACACTGTCCAC	1
86	85	4	ACTGCCGCAAGCACACTGTCCACA	1
87	86	4	CTGCCGCAAGCACACTGTCCACAG	1
88	87	4	TGCCGCAAGCACACTGTCCACAGA	1
89	88	3	GCCGCAAGCACACTGTCCACAGAG	1
90	89	3	CCGCAAGCACACTGTCCACAGAGT	1
91	90	3	CGCAAGCACACTGTCCACAGAGTC	1
92	91	3	GCAAGCACACTGTCCACAGAGTCA	1
93	92	3	CAAGCACACTGTCCACAGAGTCAC	1
94	93	3	AAGCACACTGTCCACAGAGTCACC	1
95	94	3	AGCACACTGTCCACAGAGTCACCC	1
96	95	4	GCACACTGTCCACAGAGTCACCCA	1
97	96	4	CACACTGTCCACAGAGTCACCCAA	1
98	97	4	ACACTGTCCACAGAGTCACCCAAT	1
99	98	4	CACTGTCCACAGAGTCACCCAATA	1
100	99	4	ACTGTCCACAGAGTCACCCAATAC	1
101	100	4	CTGTCCACAGAGTCACCCAATACA	1
102	101	4	TGTCCACAGAGTCACCCAATACAA	1
103	102	4	GTCCACAGAGTCACCCAATACAAG	1
104	103	4	TCCACAGAGTCACCCAATACAAGA	1
105	104	4	CCACAGAGTCACCCAATACAAGAA	1
106	105	4	CACAGAGTCACCCAATACAAGAAG	1
107	106	3	ACAGAGTCACCCAATACAAGAAGG	1
108	107	3	CAGAGTCACCCAATACAAGAAGGG	1
109	108	3	AGAGTCACCCAATACAAGAAGGGA	1
110	109	3	GAGTCACCCAATACAAGAAGGGAC	1
111	110	3	AGTCACCCAATACAAGAAGGGACC	1
112	111	3	GTCACCCAATACAAGAAGGGACCT	1
113	112	3	TCACCCAATACAAGAAGGGACCTG	1
114	113	3	CACCCAATACAAGAAGGGACCTGA	1
115	114	3	ACCCAATACAAGAAGGGACCTGAT	1
116	115	3	CCCAATACAAGAAGGGACCTGATT	1
117	116	1	CCAATACAAGAAGGGACCTGATTC	1
118	117	2	CAATACAAGAAGGGACCTGATTCC	1
119	118	2	AATACAAGAAGGGACCTGATTCCA	1
120	119	2	ATACAAGAAGGGACCTGATTCCAA	1
121	120	2	TACAAGAAGGGACCTGATTCCAAG	1
122	121	2	ACAAGAAGGGACCTGATTCCAAGC	1
123	122	2	CAAGAAGGGACCTGATTCCAAGCT	1
124	123	2	AAGAAGGGACCTGATTCCAAGCTT	1
125	124	2	AGAAGGGACCTGATTCCAAGCTTG	1
126	125	2	GAAGGGACCTGATTCCAAGCTTGC	1
127	126	2	AAGGGACCTGATTCCAAGCTTGCT	1
128	127	2	AGGGACCTGATTCCAAGCTTGCTC	1
129	128	2	GGGACCTGATTCCAAGCTTGCTCA	1
130	129	2	GGACCTGATTCCAAGCTTGCTCAG	1
131	130	2	GACCTGATTCCAAGCTTGCTCAGG	1
132	131	2	ACCTGATTCCAAGCTTGCTCAGGG	1
133	132	2	CCTGATTCCAAGCTTGCTCAGGGT	1
134	133	2	CTGATTCCAAGCTTGCTCAGGGTA	1
135	134	2	TGATTCCAAGCTTGCTCAGGGTAA	1
136	135	2	GATTCCAAGCTTGCTCAGGGTAAG	1
137	136	2	ATTCCAAGCTTGCTCAGGGTAAGC	1
138	137	3	TTCCAAGCTTGCTCAGGGTAAGCG	1
139	138	4	TCCAAGCTTGCTCAGGGTAAGCGT	1
140	139	4	CCAAGCTTGCTCAGGGTAAGCGTC	1
141	140	4	CAAGCTTGCTCAGGGTAAGCGTCG	1
142	141	5	AAGCTTGCTCAGGGTAAGCGTCGT	1
143	142	5	AGCTTGCTCAGGGTAAGCGTCGTT	1
144	143	5	GCTTGCTCAGGGTAAGCGTCGTTA	1
145	144	5	CTTGCTCAGGGTAAGCGTCGTTAT	1
146	145	5	TTGCTCAGGGTAAGCGTCGTTATG	1
147	146	5	TGCTCAGGGTAAGCGTCGTTATGA	1
148	147	5	GCTCAGGGTAAGCGTCGTTATGAC	1
149	148	5	CTCAGGGTAAGCGTCGTTATGACC	1
150	149	5	TCAGGGTAAGCGTCGTTATGACCG	1
151	150	5	CAGGGTAAGCGTCGTTATGACCGC	1
152	151	5	AGGGTAAGCGTCGTTATGACCGCA	1
153	152	7	GGGTAAGCGTCGTTATGACCGCAA	1
154	153	7	GGTAAGCGTCGTTATGACCGCAAG	1
155	154	7	GTAAGCGTCGTTATGACCGCAAGC	1
156	155	8	TAAGCGTCGTTATGACCGCAAGCA	1
157	156	8	AAGCGTCGTTATGACCGCAAGCAA	1
158	157	8	AGCGTCGTTATGACCGCAAGCAAA	1
159	158	8	GCGTCGTTATGACCGCAAGCAAAG	1
160	159	8	CGTCGTTATGACCGCAAGCAAAGT	1
161	160	9	GTCGTTATGACCGCAAGCAAAGTG	1
162	161	8	TCGTTATGACCGCAAGCAAAGTGG	1
163	162	8	CGTTATGACCGCAAGCAAAGTGGT	1
164	163	8	GTTATGACCGCAAGCAAAGTGGTT	1
165	164	8	TTATGACCGCAAGCAAAGTGGTTT	1
166	165	8	TATGACCGCAAGCAAAGTGGTTTT	1
167	166	9	ATGACCGCAAGCAAAGTGGTTTTG	1
168	167	10	TGACCGCAAGCAAAGTGGTTTTGG	1
169	168	10	GACCGCAAGCAAAGTGGTTTTGGT	1
170	169	9	ACCGCAAGCAAAGTGGTTTTGGTG	1
171	170	11	CCGCAAGCAAAGTGGTTTTGGTGG	1
172	171	11	CGCAAGCAAAGTGGTTTTGGTGGT	1
173	172	11	GCAAGCAAAGTGGTTTTGGTGGTC	1
174	173	11	CAAGCAAAGTGGTTTTGGTGGTCA	1
175	174	12	AAGCAAAGTGGTTTTGGTGGTCAA	1
176	175	12	AGCAAAGTGGTTTTGGTGGTCAAA	1
177	176	12	GCAAAGTGGTTTTGGTGGTCAAAC	1
178	177	12	CAAAGTGGTTTTGGTGGTCAAACT	1
179	178	12	AAAGTGGTTTTGGTGGTCAAACTA	1
180	179	12	AAGTGGTTTTGGTGGTCAAACTAA	1
181	180	12	AGTGGTTTTGGTGGTCAAACTAAG	1
182	181	11	GTGGTTTTGGTGGTCAAACTAAGC	1
183	182	10	TGGTTTTGGTGGTCAAACTAAGCC	1
184	183	9	GGTTTTGGTGGTCAAACTAAGCCC	1
185	184	9	GTTTTGGTGGTCAAACTAAGCCCG	1
186	185	8	TTTTGGTGGTCAAACTAAGCCCGT	1
187	186	8	TTTGGTGGTCAAACTAAGCCCGTT	1
188	187	8	TTGGTGGTCAAACTAAGCCCGTTT	1
189	188	8	TGGTGGTCAAACTAAGCCCGTTTT	1
190	189	8	GGTGGTCAAACTAAGCCCGTTTTC	1
191	190	8	GTGGTCAAACTAAGCCCGTTTTCC	1
192	191	8	TGGTCAAACTAAGCCCGTTTTCCA	1
193	192	8	GGTCAAACTAAGCCCGTTTTCCAC	1
194	193	8	GTCAAACTAAGCCCGTTTTCCACA	1
195	194	9	TCAAACTAAGCCCGTTTTCCACAA	1
196	195	9	CAAACTAAGCCCGTTTTCCACAAG	1
197	196	7	AAACTAAGCCCGTTTTCCACAAGA	1
198	197	7	AACTAAGCCCGTTTTCCACAAGAA	1
199	198	7	ACTAAGCCCGTTTTCCACAAGAAG	1
200	199	7	CTAAGCCCGTTTTCCACAAGAAGG	1
201	200	7	TAAGCCCGTTTTCCACAAGAAGGC	1
202	201	7	AAGCCCGTTTTCCACAAGAAGGCT	1
203	202	7	AGCCCGTTTTCCACAAGAAGGCTA	1
204	203	7	GCCCGTTTTCCACAAGAAGGCTAA	1
205	204	6	CCCGTTTTCCACAAGAAGGCTAAG	1
206	205	7	CCGTTTTCCACAAGAAGGCTAAGG	1
207	206	7	CGTTTTCCACAAGAAGGCTAAGGT	1
208	207	7	GTTTTCCACAAGAAGGCTAAGGTT	1
209	208	7	TTTTCCACAAGAAGGCTAAGGTTA	1
210	209	7	TTTCCACAAGAAGGCTAAGGTTAC	1
211	210	6	TTCCACAAGAAGGCTAAGGTTACC	1
212	211	5	TCCACAAGAAGGCTAAGGTTACCA	1
213	212	7	CCACAAGAAGGCTAAGGTTACCAA	1
214	213	7	CACAAGAAGGCTAAGGTTACCAAG	1
215	214	5	ACAAGAAGGCTAAGGTTACCAAGA	1
216	215	5	CAAGAAGGCTAAGGTTACCAAGAA	1
217	216	5	AAGAAGGCTAAGGTTACCAAGAAG	1
218	217	5	AGAAGGCTAAGGTTACCAAGAAGG	1
219	218	4	GAAGGCTAAGGTTACCAAGAAGGT	1
220	219	4	AAGGCTAAGGTTACCAAGAAGGTT	1
221	220	4	AGGCTAAGGTTACCAAGAAGGTTG	1
222	221	4	GGCTAAGGTTACCAAGAAGGTTGT	1
223	222	4	GCTAAGGTTACCAAGAAGGTTGTC	1
224	223	4	CTAAGGTTACCAAGAAGGTTGTCC	1
225	224	4	TAAGGTTACCAAGAAGGTTGTCCT	1
226	225	4	AAGGTTACCAAGAAGGTTGTCCTT	1
227	226	4	AGGTTACCAAGAAGGTTGTCCTTC	1
228	227	5	GGTTACCAAGAAGGTTGTCCTTCG	1
229	228	5	GTTACCAAGAAGGTTGTCCTTCGT	1
230	229	5	TTACCAAGAAGGTTGTCCTTCGTT	1
231	230	5	TACCAAGAAGGTTGTCCTTCGTTT	1
232	231	5	ACCAAGAAGGTTGTCCTTCGTTTG	1
233	232	5	CCAAGAAGGTTGTCCTTCGTTTGG	1
234	233	5	CAAGAAGGTTGTCCTTCGTTTGGA	1
235	234	5	AAGAAGGTTGTCCTTCGTTTGGAA	1
236	235	5	AGAAGGTTGTCCTTCGTTTGGAAT	1
237	236	5	GAAGGTTGTCCTTCGTTTGGAATG	1
238	237	5	AAGGTTGTCCTTCGTTTGGAATGC	1
239	238	4	AGGTTGTCCTTCGTTTGGAATGCG	1
240	239	4	GGTTGTCCTTCGTTTGGAATGCGT	1
241	240	4	GTTGTCCTTCGTTTGGAATGCGTC	1
242	241	4	TTGTCCTTCGTTTGGAATGCGTCT	1
243	242	4	TGTCCTTCGTTTGGAATGCGTCTC	1
244	243	4	GTCCTTCGTTTGGAATGCGTCTCT	1
245	244	4	TCCTTCGTTTGGAATGCGTCTCTT	1
246	245	4	CCTTCGTTTGGAATGCGTCTCTTG	1
247	246	4	CTTCGTTTGGAATGCGTCTCTTGC	1
248	247	4	TTCGTTTGGAATGCGTCTCTTGCA	1
249	248	4	TCGTTTGGAATGCGTCTCTTGCAA	1
250	249	3	CGTTTGGAATGCGTCTCTTGCAAA	1
251	250	3	GTTTGGAATGCGTCTCTTGCAAAT	1
252	251	3	TTTGGAATGCGTCTCTTGCAAATA	1
253	252	3	TTGGAATGCGTCTCTTGCAAATAC	1
254	253	3	TGGAATGCGTCTCTTGCAAATACA	1
255	254	3	GGAATGCGTCTCTTGCAAATACAA	1
256	255	4	GAATGCGTCTCTTGCAAATACAAG	1
257	256	3	AATGCGTCTCTTGCAAATACAAGA	1
258	257	3	ATGCGTCTCTTGCAAATACAAGAA	1
259	258	3	TGCGTCTCTTGCAAATACAAGAAT	1
260	259	3	GCGTCTCTTGCAAATACAAGAATC	1
261	260	3	CGTCTCTTGCAAATACAAGAATCA	1
262	261	3	GTCTCTTGCAAATACAAGAATCAA	1
263	262	3	TCTCTTGCAAATACAAGAATCAAT	1
264	263	4	CTCTTGCAAATACAAGAATCAATT	1
265	264	4	TCTTGCAAATACAAGAATCAATTG	1
266	265	4	CTTGCAAATACAAGAATCAATTGG	1
267	266	4	TTGCAAATACAAGAATCAATTGGT	1
268	267	4	TGCAAATACAAGAATCAATTGGTT	1
269	268	4	GCAAATACAAGAATCAATTGGTTT	1
270	269	4	CAAATACAAGAATCAATTGGTTTT	1
271	270	4	AAATACAAGAATCAATTGGTTTTG	1
272	271	4	AATACAAGAATCAATTGGTTTTGA	1
273	272	4	ATACAAGAATCAATTGGTTTTGAA	1
274	273	6	TACAAGAATCAATTGGTTTTGAAG	1
275	274	6	ACAAGAATCAATTGGTTTTGAAGC	1
276	275	6	CAAGAATCAATTGGTTTTGAAGCG	1
277	276	7	AAGAATCAATTGGTTTTGAAGCGT	1
278	277	7	AGAATCAATTGGTTTTGAAGCGTT	1
279	278	7	GAATCAATTGGTTTTGAAGCGTTG	1
280	279	7	AATCAATTGGTTTTGAAGCGTTGC	1
281	280	7	ATCAATTGGTTTTGAAGCGTTGCA	1
282	281	7	TCAATTGGTTTTGAAGCGTTGCAA	1
283	282	7	CAATTGGTTTTGAAGCGTTGCAAG	1
284	283	7	AATTGGTTTTGAAGCGTTGCAAGC	1
285	284	8	ATTGGTTTTGAAGCGTTGCAAGCA	1
286	285	8	TTGGTTTTGAAGCGTTGCAAGCAT	1
287	286	8	TGGTTTTGAAGCGTTGCAAGCATT	1
288	287	8	GGTTTTGAAGCGTTGCAAGCATTT	1
289	288	8	GTTTTGAAGCGTTGCAAGCATTTC	1
290	289	7	TTTTGAAGCGTTGCAAGCATTTCG	1
291	290	7	TTTGAAGCGTTGCAAGCATTTCGA	1
292	291	6	TTGAAGCGTTGCAAGCATTTCGAG	1
293	292	6	TGAAGCGTTGCAAGCATTTCGAGC	1
294	293	6	GAAGCGTTGCAAGCATTTCGAGCT	1
295	294	6	AAGCGTTGCAAGCATTTCGAGCTT	1
296	295	6	AGCGTTGCAAGCATTTCGAGCTTG	1
297	296	6	GCGTTGCAAGCATTTCGAGCTTGG	1
298	297	6	CGTTGCAAGCATTTCGAGCTTGGT	1
299	298	6	GTTGCAAGCATTTCGAGCTTGGTG	1
300	299	5	TTGCAAGCATTTCGAGCTTGGTGG	1
301	300	4	TGCAAGCATTTCGAGCTTGGTGGT	1
302	301	4	GCAAGCATTTCGAGCTTGGTGGTG	1
303	302	4	CAAGCATTTCGAGCTTGGTGGTGA	1
304	303	4	AAGCATTTCGAGCTTGGTGGTGAA	1
305	304	4	AGCATTTCGAGCTTGGTGGTGAAA	1
306	305	4	GCATTTCGAGCTTGGTGGTGAAAA	1
307	306	4	CATTTCGAGCTTGGTGGTGAAAAG	1
308	307	4	ATTTCGAGCTTGGTGGTGAAAAGA	1
309	308	4	TTTCGAGCTTGGTGGTGAAAAGAA	1
310	309	4	TTCGAGCTTGGTGGTGAAAAGAAG	1
311	310	4	TCGAGCTTGGTGGTGAAAAGAAGA	1
312	311	4	CGAGCTTGGTGGTGAAAAGAAGAC	1
313	312	4	GAGCTTGGTGGTGAAAAGAAGACT	1
314	313	4	AGCTTGGTGGTGAAAAGAAGACTA	1
315	314	5	GCTTGGTGGTGAAAAGAAGACTAA	1
316	315	5	CTTGGTGGTGAAAAGAAGACTAAG	1
317	316	5	TTGGTGGTGAAAAGAAGACTAAGG	1
318	317	3	TGGTGGTGAAAAGAAGACTAAGGG	1
319	318	3	GGTGGTGAAAAGAAGACTAAGGGT	1
320	319	3	GTGGTGAAAAGAAGACTAAGGGTG	1
321	320	2	TGGTGAAAAGAAGACTAAGGGTGC	1
322	321	2	GGTGAAAAGAAGACTAAGGGTGCT	1
323	322	2	GTGAAAAGAAGACTAAGGGTGCTG	1
324	323	3	TGAAAAGAAGACTAAGGGTGCTGC	1
325	324	3	GAAAAGAAGACTAAGGGTGCTGCT	1
326	325	5	AAAAGAAGACTAAGGGTGCTGCTA	1
327	326	7	AAAGAAGACTAAGGGTGCTGCTAT	1
328	327	7	AAGAAGACTAAGGGTGCTGCTATC	1
329	328	6	AGAAGACTAAGGGTGCTGCTATCC	1
330	329	6	GAAGACTAAGGGTGCTGCTATCCA	1
331	330	6	AAGACTAAGGGTGCTGCTATCCAA	1
332	331	6	AGACTAAGGGTGCTGCTATCCAAT	1
333	332	6	GACTAAGGGTGCTGCTATCCAATT	1
334	333	6	ACTAAGGGTGCTGCTATCCAATTC	1
335	334	6	CTAAGGGTGCTGCTATCCAATTCT	1
336	335	6	TAAGGGTGCTGCTATCCAATTCTA	1
337	336	6	AAGGGTGCTGCTATCCAATTCTAA	1
338	337	6	AGGGTGCTGCTATCCAATTCTAAG	1
339	338	6	GGGTGCTGCTATCCAATTCTAAGT	1
340	339	6	GGTGCTGCTATCCAATTCTAAGTG	1
341	340	6	GTGCTGCTATCCAATTCTAAGTGT	1
342	341	6	TGCTGCTATCCAATTCTAAGTGTT	1
343	342	6	GCTGCTATCCAATTCTAAGTGTTT	1
344	343	6	CTGCTATCCAATTCTAAGTGTTTT	1
345	344	6	TGCTATCCAATTCTAAGTGTTTTA	1
346	345	6	GCTATCCAATTCTAAGTGTTTTAG	1
347	346	6	CTATCCAATTCTAAGTGTTTTAGC	1
348	347	6	TATCCAATTCTAAGTGTTTTAGCA	1
349	348	6	ATCCAATTCTAAGTGTTTTAGCAA	1
350	349	6	TCCAATTCTAAGTGTTTTAGCAAA	1
351	350	6	CCAATTCTAAGTGTTTTAGCAAAT	1
352	351	5	CAATTCTAAGTGTTTTAGCAAATA	1
353	352	5	AATTCTAAGTGTTTTAGCAAATAC	1
354	353	5	ATTCTAAGTGTTTTAGCAAATACA	1
355	354	5	TTCTAAGTGTTTTAGCAAATACAA	1
356	355	5	TCTAAGTGTTTTAGCAAATACAAT	1
357	356	5	CTAAGTGTTTTAGCAAATACAATT	1
358	357	5	TAAGTGTTTTAGCAAATACAATTT	1
359	358	5	AAGTGTTTTAGCAAATACAATTTT	1
360	359	5	AGTGTTTTAGCAAATACAATTTTC	1
361	360	5	GTGTTTTAGCAAATACAATTTTCT	1
362	361	5	TGTTTTAGCAAATACAATTTTCTT	1
363	362	5	GTTTTAGCAAATACAATTTTCTTC	1
364	363	5	TTTTAGCAAATACAATTTTCTTCT	1
365	364	5	TTTAGCAAATACAATTTTCTTCTT	1
366	365	5	TTAGCAAATACAATTTTCTTCTTT	1
367	366	5	TAGCAAATACAATTTTCTTCTTTT	1
368	367	4	AGCAAATACAATTTTCTTCTTTTA	1
369	368	4	GCAAATACAATTTTCTTCTTTTAC	1
370	369	2	CAAATACAATTTTCTTCTTTTACG	1
