Component 73
1	-1	0	TGCCAATGGTGTTTTGACTGTTTC	1
2	1	1	GCCAATGGTGTTTTGACTGTTTCA	1
3	2	1	CCAATGGTGTTTTGACTGTTTCAG	1
4	3	1	CAATGGTGTTTTGACTGTTTCAGC	1
5	4	1	AATGGTGTTTTGACTGTTTCAGCC	1
6	5	1	ATGGTGTTTTGACTGTTTCAGCCG	1
7	6	1	TGGTGTTTTGACTGTTTCAGCCGT	1
8	7	1	GGTGTTTTGACTGTTTCAGCCGTC	1
9	8	1	GTGTTTTGACTGTTTCAGCCGTCG	1
10	9	1	TGTTTTGACTGTTTCAGCCGTCGA	1
11	10	1	GTTTTGACTGTTTCAGCCGTCGAC	1
12	11	1	TTTTGACTGTTTCAGCCGTCGACA	1
13	12	1	TTTGACTGTTTCAGCCGTCGACAA	1
14	13	1	TTGACTGTTTCAGCCGTCGACAAG	1
15	14	1	TGACTGTTTCAGCCGTCGACAAGT	1
16	15	1	GACTGTTTCAGCCGTCGACAAGTC	1
17	16	1	ACTGTTTCAGCCGTCGACAAGTCT	1
18	17	1	CTGTTTCAGCCGTCGACAAGTCTG	1
19	18	2	TGTTTCAGCCGTCGACAAGTCTGG	1
20	19	2	GTTTCAGCCGTCGACAAGTCTGGT	1
21	20	2	TTTCAGCCGTCGACAAGTCTGGTA	1
22	21	2	TTCAGCCGTCGACAAGTCTGGTAA	1
23	22	2	TCAGCCGTCGACAAGTCTGGTAAG	1
24	23	2	CAGCCGTCGACAAGTCTGGTAAGG	1
25	24	2	AGCCGTCGACAAGTCTGGTAAGGG	1
26	25	2	GCCGTCGACAAGTCTGGTAAGGGT	1
27	26	2	CCGTCGACAAGTCTGGTAAGGGTA	1
28	27	2	CGTCGACAAGTCTGGTAAGGGTAA	1
29	28	2	GTCGACAAGTCTGGTAAGGGTAAG	1
30	29	2	TCGACAAGTCTGGTAAGGGTAAGC	1
31	30	2	CGACAAGTCTGGTAAGGGTAAGCC	1
32	31	2	GACAAGTCTGGTAAGGGTAAGCCT	1
33	32	2	ACAAGTCTGGTAAGGGTAAGCCTG	1
34	33	2	CAAGTCTGGTAAGGGTAAGCCTGA	1
35	34	2	AAGTCTGGTAAGGGTAAGCCTGAG	1
36	35	2	AGTCTGGTAAGGGTAAGCCTGAGA	1
37	36	2	GTCTGGTAAGGGTAAGCCTGAGAA	1
38	37	2	TCTGGTAAGGGTAAGCCTGAGAAG	1
39	38	2	CTGGTAAGGGTAAGCCTGAGAAGC	1
40	39	2	TGGTAAGGGTAAGCCTGAGAAGCT	1
41	40	2	GGTAAGGGTAAGCCTGAGAAGCTT	1
42	41	2	GTAAGGGTAAGCCTGAGAAGCTTG	1
43	42	2	TAAGGGTAAGCCTGAGAAGCTTGT	1
44	43	2	AAGGGTAAGCCTGAGAAGCTTGTT	1
45	44	2	AGGGTAAGCCTGAGAAGCTTGTTA	1
46	45	1	GGGTAAGCCTGAGAAGCTTGTTAT	1
47	46	1	GGTAAGCCTGAGAAGCTTGTTATC	1
48	47	1	GTAAGCCTGAGAAGCTTGTTATCA	1
49	48	1	TAAGCCTGAGAAGCTTGTTATCAA	1
50	49	1	AAGCCTGAGAAGCTTGTTATCAAG	1
51	50	1	AGCCTGAGAAGCTTGTTATCAAGA	1
52	51	1	GCCTGAGAAGCTTGTTATCAAGAA	1
53	52	1	CCTGAGAAGCTTGTTATCAAGAAT	1
54	53	1	CTGAGAAGCTTGTTATCAAGAATG	1
55	54	1	TGAGAAGCTTGTTATCAAGAATGA	1
56	55	1	GAGAAGCTTGTTATCAAGAATGAC	1
57	56	1	AGAAGCTTGTTATCAAGAATGACA	1
58	57	1	GAAGCTTGTTATCAAGAATGACAA	1
59	58	2	AAGCTTGTTATCAAGAATGACAAA	1
60	59	2	AGCTTGTTATCAAGAATGACAAAG	1
61	60	3	GCTTGTTATCAAGAATGACAAAGG	1
62	61	3	CTTGTTATCAAGAATGACAAAGGT	1
63	62	2	TTGTTATCAAGAATGACAAAGGTC	1
64	63	2	TGTTATCAAGAATGACAAAGGTCG	1
65	64	2	GTTATCAAGAATGACAAAGGTCGT	1
66	65	2	TTATCAAGAATGACAAAGGTCGTT	1
67	66	2	TATCAAGAATGACAAAGGTCGTTT	1
68	67	2	ATCAAGAATGACAAAGGTCGTTTG	1
69	68	2	TCAAGAATGACAAAGGTCGTTTGT	1
70	69	2	CAAGAATGACAAAGGTCGTTTGTC	1
71	70	2	AAGAATGACAAAGGTCGTTTGTCT	1
72	71	2	AGAATGACAAAGGTCGTTTGTCTG	1
73	72	2	GAATGACAAAGGTCGTTTGTCTGA	1
74	73	2	AATGACAAAGGTCGTTTGTCTGAG	1
75	74	2	ATGACAAAGGTCGTTTGTCTGAGG	1
76	75	2	TGACAAAGGTCGTTTGTCTGAGGA	1
77	76	2	GACAAAGGTCGTTTGTCTGAGGAA	1
78	77	2	ACAAAGGTCGTTTGTCTGAGGAAG	1
79	78	2	CAAAGGTCGTTTGTCTGAGGAAGA	1
80	79	2	AAAGGTCGTTTGTCTGAGGAAGAT	1
81	80	2	AAGGTCGTTTGTCTGAGGAAGATA	1
82	81	2	AGGTCGTTTGTCTGAGGAAGATAT	1
83	82	2	GGTCGTTTGTCTGAGGAAGATATC	1
84	83	2	GTCGTTTGTCTGAGGAAGATATCG	1
85	84	2	TCGTTTGTCTGAGGAAGATATCGA	1
86	85	2	CGTTTGTCTGAGGAAGATATCGAG	1
87	86	2	GTTTGTCTGAGGAAGATATCGAGC	1
88	87	2	TTTGTCTGAGGAAGATATCGAGCG	1
89	88	2	TTGTCTGAGGAAGATATCGAGCGC	1
90	89	2	TGTCTGAGGAAGATATCGAGCGCA	1
91	90	2	GTCTGAGGAAGATATCGAGCGCAT	1
92	91	2	TCTGAGGAAGATATCGAGCGCATG	1
93	92	3	CTGAGGAAGATATCGAGCGCATGG	1
94	93	3	TGAGGAAGATATCGAGCGCATGGT	1
95	94	3	GAGGAAGATATCGAGCGCATGGTT	1
96	95	3	AGGAAGATATCGAGCGCATGGTTA	1
97	96	3	GGAAGATATCGAGCGCATGGTTAA	1
98	97	3	GAAGATATCGAGCGCATGGTTAAG	1
99	98	3	AAGATATCGAGCGCATGGTTAAGG	1
100	99	3	AGATATCGAGCGCATGGTTAAGGA	1
101	100	3	GATATCGAGCGCATGGTTAAGGAG	1
102	101	3	ATATCGAGCGCATGGTTAAGGAGG	1
103	102	2	TATCGAGCGCATGGTTAAGGAGGC	1
104	103	2	ATCGAGCGCATGGTTAAGGAGGCC	1
105	104	1	TCGAGCGCATGGTTAAGGAGGCCG	1
106	105	1	CGAGCGCATGGTTAAGGAGGCCGA	1
107	106	1	GAGCGCATGGTTAAGGAGGCCGAA	1
108	107	1	AGCGCATGGTTAAGGAGGCCGAAG	1
109	108	1	GCGCATGGTTAAGGAGGCCGAAGA	1
110	109	1	CGCATGGTTAAGGAGGCCGAAGAA	1
111	110	2	GCATGGTTAAGGAGGCCGAAGAAT	1
112	111	2	CATGGTTAAGGAGGCCGAAGAATT	1
113	112	2	ATGGTTAAGGAGGCCGAAGAATTC	1
114	113	2	TGGTTAAGGAGGCCGAAGAATTCG	1
115	114	2	GGTTAAGGAGGCCGAAGAATTCGC	1
116	115	2	GTTAAGGAGGCCGAAGAATTCGCT	1
117	116	2	TTAAGGAGGCCGAAGAATTCGCTG	1
118	117	2	TAAGGAGGCCGAAGAATTCGCTGA	1
119	118	2	AAGGAGGCCGAAGAATTCGCTGAA	1
120	119	2	AGGAGGCCGAAGAATTCGCTGAAG	1
121	120	2	GGAGGCCGAAGAATTCGCTGAAGA	1
122	121	2	GAGGCCGAAGAATTCGCTGAAGAA	1
123	122	2	AGGCCGAAGAATTCGCTGAAGAAG	1
124	123	2	GGCCGAAGAATTCGCTGAAGAAGA	1
125	124	2	GCCGAAGAATTCGCTGAAGAAGAT	1
126	125	2	CCGAAGAATTCGCTGAAGAAGATA	1
127	126	2	CGAAGAATTCGCTGAAGAAGATAA	1
128	127	2	GAAGAATTCGCTGAAGAAGATAAG	1
129	128	2	AAGAATTCGCTGAAGAAGATAAGA	1
130	129	2	AGAATTCGCTGAAGAAGATAAGAT	1
131	130	2	GAATTCGCTGAAGAAGATAAGATT	1
132	131	2	AATTCGCTGAAGAAGATAAGATTT	1
133	132	2	ATTCGCTGAAGAAGATAAGATTTT	1
134	133	2	TTCGCTGAAGAAGATAAGATTTTG	1
135	134	2	TCGCTGAAGAAGATAAGATTTTGA	1
136	135	2	CGCTGAAGAAGATAAGATTTTGAA	1
137	136	1	GCTGAAGAAGATAAGATTTTGAAG	1
138	137	1	CTGAAGAAGATAAGATTTTGAAGG	1
139	138	1	TGAAGAAGATAAGATTTTGAAGGA	1
140	139	1	GAAGAAGATAAGATTTTGAAGGAG	1
141	140	1	AAGAAGATAAGATTTTGAAGGAGC	1
142	141	1	AGAAGATAAGATTTTGAAGGAGCG	1
143	142	1	GAAGATAAGATTTTGAAGGAGCGT	1
144	143	1	AAGATAAGATTTTGAAGGAGCGTA	1
145	144	1	AGATAAGATTTTGAAGGAGCGTAT	1
146	145	1	GATAAGATTTTGAAGGAGCGTATT	1
147	146	1	ATAAGATTTTGAAGGAGCGTATTG	1
148	147	1	TAAGATTTTGAAGGAGCGTATTGA	1
149	148	1	AAGATTTTGAAGGAGCGTATTGAA	1
150	149	1	AGATTTTGAAGGAGCGTATTGAAG	1
151	150	1	GATTTTGAAGGAGCGTATTGAAGC	1
152	151	1	ATTTTGAAGGAGCGTATTGAAGCT	1
153	152	1	TTTTGAAGGAGCGTATTGAAGCTC	1
154	153	1	TTTGAAGGAGCGTATTGAAGCTCG	1
155	-1	0	TTGATCCCGAAGATAAGCAAGCTG	1
156	155	1	TGATCCCGAAGATAAGCAAGCTGT	1
157	156	1	GATCCCGAAGATAAGCAAGCTGTT	1
158	157	1	ATCCCGAAGATAAGCAAGCTGTTT	1
159	158	1	TCCCGAAGATAAGCAAGCTGTTTT	1
160	159	1	CCCGAAGATAAGCAAGCTGTTTTG	1
161	160	1	CCGAAGATAAGCAAGCTGTTTTGG	1
162	161	1	CGAAGATAAGCAAGCTGTTTTGGA	1
163	162	1	GAAGATAAGCAAGCTGTTTTGGAC	1
164	163	1	AAGATAAGCAAGCTGTTTTGGACG	1
165	164	1	AGATAAGCAAGCTGTTTTGGACGC	1
166	165	1	GATAAGCAAGCTGTTTTGGACGCT	1
167	166	1	ATAAGCAAGCTGTTTTGGACGCTG	1
168	167	1	TAAGCAAGCTGTTTTGGACGCTGT	1
169	168	2	AAGCAAGCTGTTTTGGACGCTGTC	1
170	169	2	AGCAAGCTGTTTTGGACGCTGTCG	1
171	170	2	GCAAGCTGTTTTGGACGCTGTCGA	1
172	171	2	CAAGCTGTTTTGGACGCTGTCGAA	1
173	172	2	AAGCTGTTTTGGACGCTGTCGAAG	1
174	173	2	AGCTGTTTTGGACGCTGTCGAAGA	1
175	174	2	GCTGTTTTGGACGCTGTCGAAGAT	1
176	175	2	CTGTTTTGGACGCTGTCGAAGATG	1
177	176	2	TGTTTTGGACGCTGTCGAAGATGT	1
178	177	3	GTTTTGGACGCTGTCGAAGATGTT	1
179	178	3	TTTTGGACGCTGTCGAAGATGTTG	1
180	179	3	TTTGGACGCTGTCGAAGATGTTGC	1
181	180	3	TTGGACGCTGTCGAAGATGTTGCT	1
182	181	3	TGGACGCTGTCGAAGATGTTGCTG	1
183	182	3	GGACGCTGTCGAAGATGTTGCTGA	1
184	183	3	GACGCTGTCGAAGATGTTGCTGAA	1
185	184	3	ACGCTGTCGAAGATGTTGCTGAAT	1
186	185	3	CGCTGTCGAAGATGTTGCTGAATG	1
187	186	3	GCTGTCGAAGATGTTGCTGAATGG	1
188	187	3	CTGTCGAAGATGTTGCTGAATGGC	1
189	188	3	TGTCGAAGATGTTGCTGAATGGCT	1
190	189	3	GTCGAAGATGTTGCTGAATGGCTT	1
191	190	3	TCGAAGATGTTGCTGAATGGCTTG	1
192	191	3	CGAAGATGTTGCTGAATGGCTTGA	1
193	192	3	GAAGATGTTGCTGAATGGCTTGAA	1
194	193	3	AAGATGTTGCTGAATGGCTTGAAA	1
195	194	3	AGATGTTGCTGAATGGCTTGAAAT	1
196	195	3	GATGTTGCTGAATGGCTTGAAATC	1
197	196	3	ATGTTGCTGAATGGCTTGAAATCC	1
198	197	3	TGTTGCTGAATGGCTTGAAATCCA	1
199	198	3	GTTGCTGAATGGCTTGAAATCCAC	1
200	199	2	TTGCTGAATGGCTTGAAATCCACG	1
201	200	2	TGCTGAATGGCTTGAAATCCACGG	1
202	201	2	GCTGAATGGCTTGAAATCCACGGA	1
203	202	2	CTGAATGGCTTGAAATCCACGGAG	1
204	203	2	TGAATGGCTTGAAATCCACGGAGA	1
205	204	2	GAATGGCTTGAAATCCACGGAGAA	1
206	205	2	AATGGCTTGAAATCCACGGAGAAG	1
207	206	2	ATGGCTTGAAATCCACGGAGAAGA	1
208	207	2	TGGCTTGAAATCCACGGAGAAGAT	1
209	208	2	GGCTTGAAATCCACGGAGAAGATG	1
210	209	2	GCTTGAAATCCACGGAGAAGATGC	1
211	210	2	CTTGAAATCCACGGAGAAGATGCC	1
212	211	2	TTGAAATCCACGGAGAAGATGCCA	1
213	212	1	TGAAATCCACGGAGAAGATGCCAG	1
214	213	1	GAAATCCACGGAGAAGATGCCAGC	1
215	214	1	AAATCCACGGAGAAGATGCCAGCA	1
216	215	1	AATCCACGGAGAAGATGCCAGCAA	1
217	216	1	ATCCACGGAGAAGATGCCAGCAAG	1
218	217	1	TCCACGGAGAAGATGCCAGCAAGG	1
219	218	1	CCACGGAGAAGATGCCAGCAAGGA	1
220	219	1	CACGGAGAAGATGCCAGCAAGGAA	1
221	220	3	ACGGAGAAGATGCCAGCAAGGAAG	1
222	221	2	CGGAGAAGATGCCAGCAAGGAAGA	1
223	222	2	GGAGAAGATGCCAGCAAGGAAGAA	1
224	223	2	GAGAAGATGCCAGCAAGGAAGAAT	1
225	224	2	AGAAGATGCCAGCAAGGAAGAATT	1
226	225	2	GAAGATGCCAGCAAGGAAGAATTT	1
227	226	2	AAGATGCCAGCAAGGAAGAATTTG	1
228	227	2	AGATGCCAGCAAGGAAGAATTTGA	1
229	228	2	GATGCCAGCAAGGAAGAATTTGAA	1
230	229	2	ATGCCAGCAAGGAAGAATTTGAAG	1
231	230	2	TGCCAGCAAGGAAGAATTTGAAGA	1
232	231	2	GCCAGCAAGGAAGAATTTGAAGAT	1
233	232	2	CCAGCAAGGAAGAATTTGAAGATC	1
234	233	2	CAGCAAGGAAGAATTTGAAGATCA	1
235	234	2	AGCAAGGAAGAATTTGAAGATCAG	1
236	235	2	GCAAGGAAGAATTTGAAGATCAGC	1
237	236	2	CAAGGAAGAATTTGAAGATCAGCG	1
238	237	2	AAGGAAGAATTTGAAGATCAGCGT	1
239	238	2	AGGAAGAATTTGAAGATCAGCGTC	1
240	239	2	GGAAGAATTTGAAGATCAGCGTCA	1
241	240	2	GAAGAATTTGAAGATCAGCGTCAA	1
242	241	2	AAGAATTTGAAGATCAGCGTCAAA	1
243	242	2	AGAATTTGAAGATCAGCGTCAAAA	1
244	243	2	GAATTTGAAGATCAGCGTCAAAAA	1
245	244	2	AATTTGAAGATCAGCGTCAAAAAC	1
246	245	2	ATTTGAAGATCAGCGTCAAAAACT	1
247	246	2	TTTGAAGATCAGCGTCAAAAACTC	1
248	247	2	TTGAAGATCAGCGTCAAAAACTCG	1
249	248	2	TGAAGATCAGCGTCAAAAACTCGA	1
250	249	3	GAAGATCAGCGTCAAAAACTCGAT	1
251	250	3	AAGATCAGCGTCAAAAACTCGATG	1
252	251	3	AGATCAGCGTCAAAAACTCGATGC	1
253	252	3	GATCAGCGTCAAAAACTCGATGCC	1
254	253	3	ATCAGCGTCAAAAACTCGATGCCG	1
255	254	3	TCAGCGTCAAAAACTCGATGCCGT	1
256	255	3	CAGCGTCAAAAACTCGATGCCGTT	1
257	256	3	AGCGTCAAAAACTCGATGCCGTTG	1
258	257	3	GCGTCAAAAACTCGATGCCGTTGT	1
259	258	3	CGTCAAAAACTCGATGCCGTTGTT	1
260	259	4	GTCAAAAACTCGATGCCGTTGTTC	1
261	260	4	TCAAAAACTCGATGCCGTTGTTCA	1
262	261	4	CAAAAACTCGATGCCGTTGTTCAT	1
263	262	4	AAAAACTCGATGCCGTTGTTCATC	1
264	263	4	AAAACTCGATGCCGTTGTTCATCC	1
265	264	2	AAACTCGATGCCGTTGTTCATCCT	1
266	265	2	AACTCGATGCCGTTGTTCATCCTA	1
267	266	2	ACTCGATGCCGTTGTTCATCCTAT	1
268	267	2	CTCGATGCCGTTGTTCATCCTATT	1
269	268	2	TCGATGCCGTTGTTCATCCTATTA	1
270	269	2	CGATGCCGTTGTTCATCCTATTAC	1
271	270	2	GATGCCGTTGTTCATCCTATTACC	1
272	271	2	ATGCCGTTGTTCATCCTATTACCC	1
273	272	2	TGCCGTTGTTCATCCTATTACCCA	1
274	273	2	GCCGTTGTTCATCCTATTACCCAA	1
275	274	2	CCGTTGTTCATCCTATTACCCAAA	1
276	275	2	CGTTGTTCATCCTATTACCCAAAA	1
277	276	2	GTTGTTCATCCTATTACCCAAAAG	1
278	277	2	TTGTTCATCCTATTACCCAAAAGT	1
279	278	2	TGTTCATCCTATTACCCAAAAGTT	1
280	279	2	GTTCATCCTATTACCCAAAAGTTG	1
281	280	2	TTCATCCTATTACCCAAAAGTTGT	1
282	281	2	TCATCCTATTACCCAAAAGTTGTA	1
283	282	2	CATCCTATTACCCAAAAGTTGTAT	1
284	283	2	ATCCTATTACCCAAAAGTTGTATT	1
285	284	2	TCCTATTACCCAAAAGTTGTATTC	1
286	285	2	CCTATTACCCAAAAGTTGTATTCC	1
287	286	2	CTATTACCCAAAAGTTGTATTCCG	1
288	287	2	TATTACCCAAAAGTTGTATTCCGA	1
289	288	2	ATTACCCAAAAGTTGTATTCCGAA	1
290	289	2	TTACCCAAAAGTTGTATTCCGAAG	1
291	290	2	TACCCAAAAGTTGTATTCCGAAGG	1
292	291	2	ACCCAAAAGTTGTATTCCGAAGGA	1
293	292	2	CCCAAAAGTTGTATTCCGAAGGAG	1
294	293	1	CCAAAAGTTGTATTCCGAAGGAGC	1
295	294	1	CAAAAGTTGTATTCCGAAGGAGCT	1
296	295	1	AAAAGTTGTATTCCGAAGGAGCTG	1
297	296	1	AAAGTTGTATTCCGAAGGAGCTGG	1
298	297	1	AAGTTGTATTCCGAAGGAGCTGGT	1
299	298	1	AGTTGTATTCCGAAGGAGCTGGTG	1
300	299	1	GTTGTATTCCGAAGGAGCTGGTGA	1
301	300	1	TTGTATTCCGAAGGAGCTGGTGAT	1
302	301	1	TGTATTCCGAAGGAGCTGGTGATG	1
303	302	1	GTATTCCGAAGGAGCTGGTGATGC	1
