Component 730
1	-1	0	CCAAATTTAAAGGTTTTTGTTTGT	1
2	1	1	CAAATTTAAAGGTTTTTGTTTGTT	1
3	2	7	AAATTTAAAGGTTTTTGTTTGTTA	1
4	3	8	AATTTAAAGGTTTTTGTTTGTTAC	1
5	4	8	ATTTAAAGGTTTTTGTTTGTTACG	1
6	5	9	TTTAAAGGTTTTTGTTTGTTACGT	1
7	6	9	TTAAAGGTTTTTGTTTGTTACGTT	1
8	7	9	TAAAGGTTTTTGTTTGTTACGTTA	1
9	8	9	AAAGGTTTTTGTTTGTTACGTTAT	1
10	9	9	AAGGTTTTTGTTTGTTACGTTATT	1
11	10	9	AGGTTTTTGTTTGTTACGTTATTA	1
12	11	9	GGTTTTTGTTTGTTACGTTATTAG	1
13	12	11	GTTTTTGTTTGTTACGTTATTAGA	1
14	13	13	TTTTTGTTTGTTACGTTATTAGAA	1
15	14	13	TTTTGTTTGTTACGTTATTAGAAC	1
16	15	14	TTTGTTTGTTACGTTATTAGAACC	1
17	16	15	TTGTTTGTTACGTTATTAGAACCA	1
18	17	15	TGTTTGTTACGTTATTAGAACCAT	1
19	18	15	GTTTGTTACGTTATTAGAACCATG	1
20	19	15	TTTGTTACGTTATTAGAACCATGT	1
21	20	15	TTGTTACGTTATTAGAACCATGTC	1
22	21	15	TGTTACGTTATTAGAACCATGTCT	1
23	22	15	GTTACGTTATTAGAACCATGTCTA	1
24	23	15	TTACGTTATTAGAACCATGTCTAG	1
25	24	15	TACGTTATTAGAACCATGTCTAGT	1
26	25	16	ACGTTATTAGAACCATGTCTAGTG	1
27	26	16	CGTTATTAGAACCATGTCTAGTGT	1
28	27	16	GTTATTAGAACCATGTCTAGTGTT	1
29	28	16	TTATTAGAACCATGTCTAGTGTTG	1
30	29	16	TATTAGAACCATGTCTAGTGTTGA	1
31	30	16	ATTAGAACCATGTCTAGTGTTGAA	1
32	31	16	TTAGAACCATGTCTAGTGTTGAAT	1
33	32	16	TAGAACCATGTCTAGTGTTGAATC	1
34	33	16	AGAACCATGTCTAGTGTTGAATCA	1
35	34	16	GAACCATGTCTAGTGTTGAATCAT	1
36	35	16	AACCATGTCTAGTGTTGAATCATT	1
37	36	16	ACCATGTCTAGTGTTGAATCATTT	1
38	37	16	CCATGTCTAGTGTTGAATCATTTG	1
39	38	16	CATGTCTAGTGTTGAATCATTTGT	1
40	39	16	ATGTCTAGTGTTGAATCATTTGTT	1
41	40	16	TGTCTAGTGTTGAATCATTTGTTG	1
42	41	16	GTCTAGTGTTGAATCATTTGTTGA	1
43	42	16	TCTAGTGTTGAATCATTTGTTGAC	1
44	43	16	CTAGTGTTGAATCATTTGTTGACT	1
45	44	17	TAGTGTTGAATCATTTGTTGACTC	1
46	45	16	AGTGTTGAATCATTTGTTGACTCT	1
47	46	9	GTGTTGAATCATTTGTTGACTCTG	1
48	47	8	TGTTGAATCATTTGTTGACTCTGC	1
49	48	8	GTTGAATCATTTGTTGACTCTGCC	1
50	49	7	TTGAATCATTTGTTGACTCTGCCG	1
51	50	7	TGAATCATTTGTTGACTCTGCCGT	1
52	51	7	GAATCATTTGTTGACTCTGCCGTT	1
53	52	7	AATCATTTGTTGACTCTGCCGTTG	1
54	53	7	ATCATTTGTTGACTCTGCCGTTGC	1
55	54	7	TCATTTGTTGACTCTGCCGTTGCT	1
56	55	7	CATTTGTTGACTCTGCCGTTGCTG	1
57	56	5	ATTTGTTGACTCTGCCGTTGCTGA	1
58	57	3	TTTGTTGACTCTGCCGTTGCTGAC	1
59	58	3	TTGTTGACTCTGCCGTTGCTGACA	1
60	59	2	TGTTGACTCTGCCGTTGCTGACAA	1
61	60	2	GTTGACTCTGCCGTTGCTGACAAC	1
62	61	2	TTGACTCTGCCGTTGCTGACAACG	1
63	62	2	TGACTCTGCCGTTGCTGACAACGA	1
64	63	2	GACTCTGCCGTTGCTGACAACGAT	1
65	64	2	ACTCTGCCGTTGCTGACAACGATG	1
66	65	2	CTCTGCCGTTGCTGACAACGATGT	1
67	66	2	TCTGCCGTTGCTGACAACGATGTT	1
68	67	2	CTGCCGTTGCTGACAACGATGTTG	1
69	68	2	TGCCGTTGCTGACAACGATGTTGT	1
70	69	2	GCCGTTGCTGACAACGATGTTGTT	1
71	70	2	CCGTTGCTGACAACGATGTTGTTG	1
72	71	2	CGTTGCTGACAACGATGTTGTTGT	1
73	72	2	GTTGCTGACAACGATGTTGTTGTT	1
74	73	2	TTGCTGACAACGATGTTGTTGTTT	1
75	74	2	TGCTGACAACGATGTTGTTGTTTT	1
76	75	2	GCTGACAACGATGTTGTTGTTTTT	1
77	76	2	CTGACAACGATGTTGTTGTTTTTG	1
78	77	2	TGACAACGATGTTGTTGTTTTTGC	1
79	78	2	GACAACGATGTTGTTGTTTTTGCC	1
80	79	2	ACAACGATGTTGTTGTTTTTGCCA	1
81	80	2	CAACGATGTTGTTGTTTTTGCCAA	1
82	81	2	AACGATGTTGTTGTTTTTGCCAAG	1
83	82	2	ACGATGTTGTTGTTTTTGCCAAGT	1
84	83	2	CGATGTTGTTGTTTTTGCCAAGTC	1
85	84	2	GATGTTGTTGTTTTTGCCAAGTCT	1
86	85	2	ATGTTGTTGTTTTTGCCAAGTCTT	1
87	86	2	TGTTGTTGTTTTTGCCAAGTCTTA	1
88	87	2	GTTGTTGTTTTTGCCAAGTCTTAC	1
89	88	1	TTGTTGTTTTTGCCAAGTCTTACT	1
90	89	1	TGTTGTTTTTGCCAAGTCTTACTG	1
91	90	1	GTTGTTTTTGCCAAGTCTTACTGC	1
92	91	2	TTGTTTTTGCCAAGTCTTACTGCC	1
93	92	2	TGTTTTTGCCAAGTCTTACTGCCC	1
94	93	2	GTTTTTGCCAAGTCTTACTGCCCT	1
95	94	2	TTTTTGCCAAGTCTTACTGCCCTT	1
96	95	2	TTTTGCCAAGTCTTACTGCCCTTA	1
97	96	2	TTTGCCAAGTCTTACTGCCCTTAC	1
98	97	2	TTGCCAAGTCTTACTGCCCTTACT	1
99	98	2	TGCCAAGTCTTACTGCCCTTACTG	1
100	99	2	GCCAAGTCTTACTGCCCTTACTGC	1
101	100	2	CCAAGTCTTACTGCCCTTACTGCC	1
102	101	2	CAAGTCTTACTGCCCTTACTGCCA	1
103	102	2	AAGTCTTACTGCCCTTACTGCCAT	1
104	103	2	AGTCTTACTGCCCTTACTGCCATG	1
105	104	1	GTCTTACTGCCCTTACTGCCATGC	1
106	105	1	TCTTACTGCCCTTACTGCCATGCT	1
107	106	1	CTTACTGCCCTTACTGCCATGCTA	1
108	107	1	TTACTGCCCTTACTGCCATGCTAC	1
109	108	1	TACTGCCCTTACTGCCATGCTACT	1
110	109	1	ACTGCCCTTACTGCCATGCTACTG	1
111	110	1	CTGCCCTTACTGCCATGCTACTGA	1
112	111	1	TGCCCTTACTGCCATGCTACTGAA	1
113	112	1	GCCCTTACTGCCATGCTACTGAAA	1
114	113	1	CCCTTACTGCCATGCTACTGAAAA	1
115	114	1	CCTTACTGCCATGCTACTGAAAAG	1
116	115	1	CTTACTGCCATGCTACTGAAAAGG	1
117	116	1	TTACTGCCATGCTACTGAAAAGGT	1
118	117	1	TACTGCCATGCTACTGAAAAGGTG	1
119	118	1	ACTGCCATGCTACTGAAAAGGTGA	1
120	119	1	CTGCCATGCTACTGAAAAGGTGAT	1
121	120	1	TGCCATGCTACTGAAAAGGTGATC	1
122	121	1	GCCATGCTACTGAAAAGGTGATCG	1
123	122	1	CCATGCTACTGAAAAGGTGATCGC	1
124	123	1	CATGCTACTGAAAAGGTGATCGCT	1
125	124	1	ATGCTACTGAAAAGGTGATCGCTG	1
126	125	1	TGCTACTGAAAAGGTGATCGCTGA	1
127	126	1	GCTACTGAAAAGGTGATCGCTGAT	1
128	127	1	CTACTGAAAAGGTGATCGCTGATA	1
129	128	1	TACTGAAAAGGTGATCGCTGATAA	1
130	129	1	ACTGAAAAGGTGATCGCTGATAAG	1
131	130	1	CTGAAAAGGTGATCGCTGATAAGA	1
132	131	1	TGAAAAGGTGATCGCTGATAAGAA	1
133	132	1	GAAAAGGTGATCGCTGATAAGAAA	1
134	133	2	AAAAGGTGATCGCTGATAAGAAAA	1
135	134	3	AAAGGTGATCGCTGATAAGAAAAT	1
136	135	2	AAGGTGATCGCTGATAAGAAAATT	1
137	136	2	AGGTGATCGCTGATAAGAAAATTA	1
138	137	3	GGTGATCGCTGATAAGAAAATTAA	1
139	138	3	GTGATCGCTGATAAGAAAATTAAG	1
140	139	3	TGATCGCTGATAAGAAAATTAAGG	1
141	140	3	GATCGCTGATAAGAAAATTAAGGC	1
142	141	3	ATCGCTGATAAGAAAATTAAGGCT	1
143	142	3	TCGCTGATAAGAAAATTAAGGCTC	1
144	143	3	CGCTGATAAGAAAATTAAGGCTCA	1
145	144	3	GCTGATAAGAAAATTAAGGCTCAG	1
146	145	3	CTGATAAGAAAATTAAGGCTCAGG	1
147	146	3	TGATAAGAAAATTAAGGCTCAGGT	1
148	147	3	GATAAGAAAATTAAGGCTCAGGTA	1
149	148	3	ATAAGAAAATTAAGGCTCAGGTAT	1
150	149	3	TAAGAAAATTAAGGCTCAGGTATA	1
151	150	3	AAGAAAATTAAGGCTCAGGTATAC	1
152	151	3	AGAAAATTAAGGCTCAGGTATACC	1
153	152	3	GAAAATTAAGGCTCAGGTATACCA	1
154	153	3	AAAATTAAGGCTCAGGTATACCAG	1
155	154	3	AAATTAAGGCTCAGGTATACCAGA	1
156	155	3	AATTAAGGCTCAGGTATACCAGAT	1
157	156	3	ATTAAGGCTCAGGTATACCAGATT	1
158	157	3	TTAAGGCTCAGGTATACCAGATTG	1
159	158	3	TAAGGCTCAGGTATACCAGATTGA	1
160	159	3	AAGGCTCAGGTATACCAGATTGAC	1
161	160	4	AGGCTCAGGTATACCAGATTGACC	1
162	161	4	GGCTCAGGTATACCAGATTGACCT	1
163	162	4	GCTCAGGTATACCAGATTGACCTT	1
164	163	4	CTCAGGTATACCAGATTGACCTTA	1
165	164	4	TCAGGTATACCAGATTGACCTTAT	1
166	165	4	CAGGTATACCAGATTGACCTTATG	1
167	166	5	AGGTATACCAGATTGACCTTATGA	1
168	167	5	GGTATACCAGATTGACCTTATGAA	1
169	168	5	GTATACCAGATTGACCTTATGAAC	1
170	169	5	TATACCAGATTGACCTTATGAACA	1
171	170	5	ATACCAGATTGACCTTATGAACAA	1
172	171	5	TACCAGATTGACCTTATGAACAAC	1
173	172	5	ACCAGATTGACCTTATGAACAACG	1
174	173	5	CCAGATTGACCTTATGAACAACGG	1
175	174	5	CAGATTGACCTTATGAACAACGGT	1
176	175	5	AGATTGACCTTATGAACAACGGTG	1
177	176	6	GATTGACCTTATGAACAACGGTGA	1
178	177	5	ATTGACCTTATGAACAACGGTGAT	1
179	178	4	TTGACCTTATGAACAACGGTGATG	1
180	179	4	TGACCTTATGAACAACGGTGATGA	1
181	180	5	GACCTTATGAACAACGGTGATGAG	1
182	181	4	ACCTTATGAACAACGGTGATGAGA	1
183	182	5	CCTTATGAACAACGGTGATGAGAT	1
184	183	5	CTTATGAACAACGGTGATGAGATT	1
185	184	5	TTATGAACAACGGTGATGAGATTC	1
186	185	5	TATGAACAACGGTGATGAGATTCA	1
187	186	5	ATGAACAACGGTGATGAGATTCAA	1
188	187	6	TGAACAACGGTGATGAGATTCAAT	1
189	188	6	GAACAACGGTGATGAGATTCAATC	1
190	189	6	AACAACGGTGATGAGATTCAATCT	1
191	190	7	ACAACGGTGATGAGATTCAATCTT	1
192	191	7	CAACGGTGATGAGATTCAATCTTA	1
193	192	7	AACGGTGATGAGATTCAATCTTAC	1
194	193	7	ACGGTGATGAGATTCAATCTTACT	1
195	194	7	CGGTGATGAGATTCAATCTTACTT	1
196	195	7	GGTGATGAGATTCAATCTTACTTA	1
197	196	7	GTGATGAGATTCAATCTTACTTAT	1
198	197	7	TGATGAGATTCAATCTTACTTATT	1
199	198	7	GATGAGATTCAATCTTACTTATTG	1
200	199	7	ATGAGATTCAATCTTACTTATTGA	1
201	200	8	TGAGATTCAATCTTACTTATTGAA	1
202	201	8	GAGATTCAATCTTACTTATTGAAG	1
203	202	8	AGATTCAATCTTACTTATTGAAGA	1
204	203	8	GATTCAATCTTACTTATTGAAGAA	1
205	204	8	ATTCAATCTTACTTATTGAAGAAG	1
206	205	8	TTCAATCTTACTTATTGAAGAAGA	1
207	206	9	TCAATCTTACTTATTGAAGAAGAC	1
208	207	9	CAATCTTACTTATTGAAGAAGACC	1
209	208	9	AATCTTACTTATTGAAGAAGACCG	1
210	209	9	ATCTTACTTATTGAAGAAGACCGG	1
211	210	8	TCTTACTTATTGAAGAAGACCGGT	1
212	211	8	CTTACTTATTGAAGAAGACCGGTC	1
213	212	8	TTACTTATTGAAGAAGACCGGTCA	1
214	213	8	TACTTATTGAAGAAGACCGGTCAA	1
215	214	8	ACTTATTGAAGAAGACCGGTCAAC	1
216	215	8	CTTATTGAAGAAGACCGGTCAACG	1
217	216	8	TTATTGAAGAAGACCGGTCAACGT	1
218	217	8	TATTGAAGAAGACCGGTCAACGTA	1
219	218	8	ATTGAAGAAGACCGGTCAACGTAC	1
220	219	8	TTGAAGAAGACCGGTCAACGTACC	1
221	220	7	TGAAGAAGACCGGTCAACGTACCG	1
222	221	7	GAAGAAGACCGGTCAACGTACCGT	1
223	222	9	AAGAAGACCGGTCAACGTACCGTA	1
224	223	10	AGAAGACCGGTCAACGTACCGTAC	1
225	224	9	GAAGACCGGTCAACGTACCGTACC	1
226	225	9	AAGACCGGTCAACGTACCGTACCC	1
227	226	8	AGACCGGTCAACGTACCGTACCCA	1
228	227	8	GACCGGTCAACGTACCGTACCCAA	1
229	228	8	ACCGGTCAACGTACCGTACCCAAT	1
230	229	8	CCGGTCAACGTACCGTACCCAATA	1
231	230	8	CGGTCAACGTACCGTACCCAATAT	1
232	231	8	GGTCAACGTACCGTACCCAATATC	1
233	232	8	GTCAACGTACCGTACCCAATATCT	1
234	233	8	TCAACGTACCGTACCCAATATCTT	1
235	234	7	CAACGTACCGTACCCAATATCTTT	1
236	235	7	AACGTACCGTACCCAATATCTTTA	1
237	236	7	ACGTACCGTACCCAATATCTTTAT	1
238	237	7	CGTACCGTACCCAATATCTTTATT	1
239	238	6	GTACCGTACCCAATATCTTTATTC	1
240	239	6	TACCGTACCCAATATCTTTATTCA	1
241	240	6	ACCGTACCCAATATCTTTATTCAC	1
242	241	6	CCGTACCCAATATCTTTATTCACC	1
243	242	6	CGTACCCAATATCTTTATTCACCA	1
244	243	6	GTACCCAATATCTTTATTCACCAA	1
245	244	6	TACCCAATATCTTTATTCACCAAA	1
246	245	6	ACCCAATATCTTTATTCACCAAAA	1
247	246	6	CCCAATATCTTTATTCACCAAAAG	1
248	247	7	CCAATATCTTTATTCACCAAAAGC	1
249	248	6	CAATATCTTTATTCACCAAAAGCA	1
250	249	5	AATATCTTTATTCACCAAAAGCAT	1
251	250	4	ATATCTTTATTCACCAAAAGCATG	1
252	251	4	TATCTTTATTCACCAAAAGCATGT	1
253	252	4	ATCTTTATTCACCAAAAGCATGTT	1
254	253	4	TCTTTATTCACCAAAAGCATGTTG	1
255	254	4	CTTTATTCACCAAAAGCATGTTGG	1
256	255	4	TTTATTCACCAAAAGCATGTTGGT	1
257	256	4	TTATTCACCAAAAGCATGTTGGTG	1
258	257	4	TATTCACCAAAAGCATGTTGGTGG	1
259	258	4	ATTCACCAAAAGCATGTTGGTGGT	1
260	259	4	TTCACCAAAAGCATGTTGGTGGTA	1
261	260	4	TCACCAAAAGCATGTTGGTGGTAA	1
262	261	4	CACCAAAAGCATGTTGGTGGTAAC	1
263	262	4	ACCAAAAGCATGTTGGTGGTAACT	1
264	263	4	CCAAAAGCATGTTGGTGGTAACTC	1
265	264	4	CAAAAGCATGTTGGTGGTAACTCG	1
266	265	4	AAAAGCATGTTGGTGGTAACTCGG	1
267	266	2	AAAGCATGTTGGTGGTAACTCGGA	1
268	267	1	AAGCATGTTGGTGGTAACTCGGAT	1
269	268	1	AGCATGTTGGTGGTAACTCGGATT	1
270	269	1	GCATGTTGGTGGTAACTCGGATTT	1
271	270	1	CATGTTGGTGGTAACTCGGATTTC	1
272	271	1	ATGTTGGTGGTAACTCGGATTTCC	1
273	272	1	TGTTGGTGGTAACTCGGATTTCCA	1
274	273	1	GTTGGTGGTAACTCGGATTTCCAA	1
275	274	1	TTGGTGGTAACTCGGATTTCCAAG	1
276	275	1	TGGTGGTAACTCGGATTTCCAAGC	1
277	276	1	GGTGGTAACTCGGATTTCCAAGCA	1
278	277	1	GTGGTAACTCGGATTTCCAAGCAT	1
279	278	1	TGGTAACTCGGATTTCCAAGCATT	1
280	279	1	GGTAACTCGGATTTCCAAGCATTA	1
281	280	1	GTAACTCGGATTTCCAAGCATTAT	1
282	281	1	TAACTCGGATTTCCAAGCATTATT	1
283	282	1	AACTCGGATTTCCAAGCATTATTC	1
284	283	1	ACTCGGATTTCCAAGCATTATTCA	1
285	284	1	CTCGGATTTCCAAGCATTATTCAA	1
286	285	1	TCGGATTTCCAAGCATTATTCAAG	1
287	286	1	CGGATTTCCAAGCATTATTCAAGA	1
288	287	2	GGATTTCCAAGCATTATTCAAGAA	1
289	288	2	GATTTCCAAGCATTATTCAAGAAG	1
290	289	2	ATTTCCAAGCATTATTCAAGAAGG	1
291	290	2	TTTCCAAGCATTATTCAAGAAGGG	1
292	291	1	TTCCAAGCATTATTCAAGAAGGGC	1
293	292	1	TCCAAGCATTATTCAAGAAGGGCG	1
294	293	1	CCAAGCATTATTCAAGAAGGGCGA	1
295	294	3	CAAGCATTATTCAAGAAGGGCGAG	1
296	295	3	AAGCATTATTCAAGAAGGGCGAGC	1
297	296	3	AGCATTATTCAAGAAGGGCGAGCT	1
298	297	3	GCATTATTCAAGAAGGGCGAGCTC	1
299	298	3	CATTATTCAAGAAGGGCGAGCTCG	1
300	299	3	ATTATTCAAGAAGGGCGAGCTCGA	1
301	300	3	TTATTCAAGAAGGGCGAGCTCGAC	1
302	301	3	TATTCAAGAAGGGCGAGCTCGACT	1
303	302	3	ATTCAAGAAGGGCGAGCTCGACTC	1
304	303	3	TTCAAGAAGGGCGAGCTCGACTCT	1
305	304	3	TCAAGAAGGGCGAGCTCGACTCTC	1
306	305	3	CAAGAAGGGCGAGCTCGACTCTCT	1
307	306	3	AAGAAGGGCGAGCTCGACTCTCTT	1
308	307	3	AGAAGGGCGAGCTCGACTCTCTTT	1
309	308	3	GAAGGGCGAGCTCGACTCTCTTTT	1
310	309	3	AAGGGCGAGCTCGACTCTCTTTTT	1
311	310	3	AGGGCGAGCTCGACTCTCTTTTTA	1
312	311	3	GGGCGAGCTCGACTCTCTTTTTAA	1
313	312	3	GGCGAGCTCGACTCTCTTTTTAAT	1
314	313	2	GCGAGCTCGACTCTCTTTTTAATA	1
315	314	2	CGAGCTCGACTCTCTTTTTAATAC	1
316	315	2	GAGCTCGACTCTCTTTTTAATACT	1
317	316	2	AGCTCGACTCTCTTTTTAATACTG	1
318	317	2	GCTCGACTCTCTTTTTAATACTGC	1
319	318	3	CTCGACTCTCTTTTTAATACTGCC	1
320	319	3	TCGACTCTCTTTTTAATACTGCCT	1
321	320	3	CGACTCTCTTTTTAATACTGCCTA	1
322	321	3	GACTCTCTTTTTAATACTGCCTAA	1
323	322	3	ACTCTCTTTTTAATACTGCCTAAT	1
324	323	3	CTCTCTTTTTAATACTGCCTAATG	1
325	324	3	TCTCTTTTTAATACTGCCTAATGA	1
326	325	3	CTCTTTTTAATACTGCCTAATGAA	1
327	326	3	TCTTTTTAATACTGCCTAATGAAA	1
328	327	3	CTTTTTAATACTGCCTAATGAAAT	1
329	328	3	TTTTTAATACTGCCTAATGAAATT	1
330	329	3	TTTTAATACTGCCTAATGAAATTC	1
331	330	3	TTTAATACTGCCTAATGAAATTCT	1
332	331	2	TTAATACTGCCTAATGAAATTCTA	1
333	332	2	TAATACTGCCTAATGAAATTCTAT	1
334	333	2	AATACTGCCTAATGAAATTCTATG	1
335	334	2	ATACTGCCTAATGAAATTCTATGA	1
336	335	2	TACTGCCTAATGAAATTCTATGAG	1
337	336	2	ACTGCCTAATGAAATTCTATGAGC	1
338	337	2	CTGCCTAATGAAATTCTATGAGCA	1
339	338	1	TGCCTAATGAAATTCTATGAGCAA	1
340	339	1	GCCTAATGAAATTCTATGAGCAAT	1
341	340	1	CCTAATGAAATTCTATGAGCAATA	1
342	341	1	CTAATGAAATTCTATGAGCAATAA	1
343	342	1	TAATGAAATTCTATGAGCAATAAA	1
344	343	1	AATGAAATTCTATGAGCAATAAAT	1
345	344	1	ATGAAATTCTATGAGCAATAAATT	1
346	345	1	TGAAATTCTATGAGCAATAAATTT	1
347	346	1	GAAATTCTATGAGCAATAAATTTT	1
348	347	1	AAATTCTATGAGCAATAAATTTTT	1
349	348	1	AATTCTATGAGCAATAAATTTTTT	1
350	349	1	ATTCTATGAGCAATAAATTTTTTT	1
351	350	1	TTCTATGAGCAATAAATTTTTTTC	1
352	351	1	TCTATGAGCAATAAATTTTTTTCT	1
353	352	1	CTATGAGCAATAAATTTTTTTCTT	1
354	353	1	TATGAGCAATAAATTTTTTTCTTT	1
355	354	1	ATGAGCAATAAATTTTTTTCTTTA	1
356	355	1	TGAGCAATAAATTTTTTTCTTTAA	1
357	356	1	GAGCAATAAATTTTTTTCTTTAAA	1
358	357	1	AGCAATAAATTTTTTTCTTTAAAT	1
359	358	1	GCAATAAATTTTTTTCTTTAAATT	1
360	359	1	CAATAAATTTTTTTCTTTAAATTA	1
361	360	1	AATAAATTTTTTTCTTTAAATTAA	1
362	361	1	ATAAATTTTTTTCTTTAAATTAAA	1
