Component 731
1	-1	0	CCAAAATGTCTGCCTCCGAACTTG	1
2	1	1	CAAAATGTCTGCCTCCGAACTTGC	1
3	2	4	AAAATGTCTGCCTCCGAACTTGCT	1
4	3	4	AAATGTCTGCCTCCGAACTTGCTA	1
5	4	4	AATGTCTGCCTCCGAACTTGCTAC	1
6	5	5	ATGTCTGCCTCCGAACTTGCTACA	1
7	6	5	TGTCTGCCTCCGAACTTGCTACAA	1
8	7	6	GTCTGCCTCCGAACTTGCTACAAG	1
9	8	6	TCTGCCTCCGAACTTGCTACAAGT	1
10	9	6	CTGCCTCCGAACTTGCTACAAGTT	1
11	10	9	TGCCTCCGAACTTGCTACAAGTTA	1
12	11	9	GCCTCCGAACTTGCTACAAGTTAC	1
13	12	9	CCTCCGAACTTGCTACAAGTTACT	1
14	13	9	CTCCGAACTTGCTACAAGTTACTC	1
15	14	10	TCCGAACTTGCTACAAGTTACTCT	1
16	15	10	CCGAACTTGCTACAAGTTACTCTG	1
17	16	11	CGAACTTGCTACAAGTTACTCTGC	1
18	17	12	GAACTTGCTACAAGTTACTCTGCT	1
19	18	12	AACTTGCTACAAGTTACTCTGCTC	1
20	19	12	ACTTGCTACAAGTTACTCTGCTCT	1
21	20	12	CTTGCTACAAGTTACTCTGCTCTC	1
22	21	13	TTGCTACAAGTTACTCTGCTCTCA	1
23	22	13	TGCTACAAGTTACTCTGCTCTCAT	1
24	23	13	GCTACAAGTTACTCTGCTCTCATC	1
25	24	14	CTACAAGTTACTCTGCTCTCATCT	1
26	25	15	TACAAGTTACTCTGCTCTCATCTT	1
27	26	15	ACAAGTTACTCTGCTCTCATCTTG	1
28	27	15	CAAGTTACTCTGCTCTCATCTTGG	1
29	28	16	AAGTTACTCTGCTCTCATCTTGGC	1
30	29	16	AGTTACTCTGCTCTCATCTTGGCC	1
31	30	16	GTTACTCTGCTCTCATCTTGGCCG	1
32	31	16	TTACTCTGCTCTCATCTTGGCCGA	1
33	32	16	TACTCTGCTCTCATCTTGGCCGAC	1
34	33	16	ACTCTGCTCTCATCTTGGCCGACG	1
35	34	16	CTCTGCTCTCATCTTGGCCGACGA	1
36	35	16	TCTGCTCTCATCTTGGCCGACGAG	1
37	36	18	CTGCTCTCATCTTGGCCGACGAGG	1
38	37	18	TGCTCTCATCTTGGCCGACGAGGG	1
39	38	17	GCTCTCATCTTGGCCGACGAGGGT	1
40	39	17	CTCTCATCTTGGCCGACGAGGGTA	1
41	40	17	TCTCATCTTGGCCGACGAGGGTAT	1
42	41	17	CTCATCTTGGCCGACGAGGGTATT	1
43	42	16	TCATCTTGGCCGACGAGGGTATTG	1
44	43	16	CATCTTGGCCGACGAGGGTATTGA	1
45	44	16	ATCTTGGCCGACGAGGGTATTGAG	1
46	45	15	TCTTGGCCGACGAGGGTATTGAGA	1
47	46	12	CTTGGCCGACGAGGGTATTGAGAT	1
48	47	12	TTGGCCGACGAGGGTATTGAGATC	1
49	48	12	TGGCCGACGAGGGTATTGAGATCA	1
50	49	12	GGCCGACGAGGGTATTGAGATCAC	1
51	50	13	GCCGACGAGGGTATTGAGATCACC	1
52	51	12	CCGACGAGGGTATTGAGATCACCT	1
53	52	12	CGACGAGGGTATTGAGATCACCTC	1
54	53	12	GACGAGGGTATTGAGATCACCTCA	1
55	54	10	ACGAGGGTATTGAGATCACCTCAG	1
56	55	9	CGAGGGTATTGAGATCACCTCAGA	1
57	56	10	GAGGGTATTGAGATCACCTCAGAT	1
58	57	10	AGGGTATTGAGATCACCTCAGATA	1
59	58	8	GGGTATTGAGATCACCTCAGATAA	1
60	59	8	GGTATTGAGATCACCTCAGATAAA	1
61	60	7	GTATTGAGATCACCTCAGATAAAC	1
62	61	6	TATTGAGATCACCTCAGATAAACT	1
63	62	6	ATTGAGATCACCTCAGATAAACTC	1
64	63	7	TTGAGATCACCTCAGATAAACTCT	1
65	64	7	TGAGATCACCTCAGATAAACTCTT	1
66	65	6	GAGATCACCTCAGATAAACTCTTG	1
67	66	6	AGATCACCTCAGATAAACTCTTGT	1
68	67	6	GATCACCTCAGATAAACTCTTGTC	1
69	68	5	ATCACCTCAGATAAACTCTTGTCT	1
70	69	4	TCACCTCAGATAAACTCTTGTCTT	1
71	70	4	CACCTCAGATAAACTCTTGTCTTT	1
72	71	4	ACCTCAGATAAACTCTTGTCTTTG	1
73	72	3	CCTCAGATAAACTCTTGTCTTTGA	1
74	73	3	CTCAGATAAACTCTTGTCTTTGAC	1
75	74	3	TCAGATAAACTCTTGTCTTTGACT	1
76	75	3	CAGATAAACTCTTGTCTTTGACTA	1
77	76	3	AGATAAACTCTTGTCTTTGACTAA	1
78	77	3	GATAAACTCTTGTCTTTGACTAAG	1
79	78	3	ATAAACTCTTGTCTTTGACTAAGG	1
80	79	3	TAAACTCTTGTCTTTGACTAAGGC	1
81	80	2	AAACTCTTGTCTTTGACTAAGGCT	1
82	81	2	AACTCTTGTCTTTGACTAAGGCTG	1
83	82	2	ACTCTTGTCTTTGACTAAGGCTGC	1
84	83	2	CTCTTGTCTTTGACTAAGGCTGCC	1
85	84	2	TCTTGTCTTTGACTAAGGCTGCCA	1
86	85	2	CTTGTCTTTGACTAAGGCTGCCAA	1
87	86	2	TTGTCTTTGACTAAGGCTGCCAAC	1
88	87	2	TGTCTTTGACTAAGGCTGCCAACG	1
89	88	2	GTCTTTGACTAAGGCTGCCAACGT	1
90	89	2	TCTTTGACTAAGGCTGCCAACGTC	1
91	90	2	CTTTGACTAAGGCTGCCAACGTCG	1
92	91	3	TTTGACTAAGGCTGCCAACGTCGA	1
93	92	3	TTGACTAAGGCTGCCAACGTCGAT	1
94	93	3	TGACTAAGGCTGCCAACGTCGATG	1
95	94	3	GACTAAGGCTGCCAACGTCGATGT	1
96	95	3	ACTAAGGCTGCCAACGTCGATGTT	1
97	96	3	CTAAGGCTGCCAACGTCGATGTTG	1
98	97	3	TAAGGCTGCCAACGTCGATGTTGA	1
99	98	3	AAGGCTGCCAACGTCGATGTTGAG	1
100	99	3	AGGCTGCCAACGTCGATGTTGAGC	1
101	100	2	GGCTGCCAACGTCGATGTTGAGCC	1
102	101	2	GCTGCCAACGTCGATGTTGAGCCT	1
103	102	2	CTGCCAACGTCGATGTTGAGCCTA	1
104	103	2	TGCCAACGTCGATGTTGAGCCTAT	1
105	104	2	GCCAACGTCGATGTTGAGCCTATC	1
106	105	2	CCAACGTCGATGTTGAGCCTATCT	1
107	106	2	CAACGTCGATGTTGAGCCTATCTG	1
108	107	1	AACGTCGATGTTGAGCCTATCTGG	1
109	108	1	ACGTCGATGTTGAGCCTATCTGGG	1
110	109	1	CGTCGATGTTGAGCCTATCTGGGC	1
111	110	1	GTCGATGTTGAGCCTATCTGGGCA	1
112	111	1	TCGATGTTGAGCCTATCTGGGCAA	1
113	112	1	CGATGTTGAGCCTATCTGGGCAAC	1
114	113	1	GATGTTGAGCCTATCTGGGCAACC	1
115	114	1	ATGTTGAGCCTATCTGGGCAACCA	1
116	115	1	TGTTGAGCCTATCTGGGCAACCAT	1
117	116	1	GTTGAGCCTATCTGGGCAACCATC	1
118	117	1	TTGAGCCTATCTGGGCAACCATCT	1
119	118	2	TGAGCCTATCTGGGCAACCATCTT	1
120	119	2	GAGCCTATCTGGGCAACCATCTTT	1
121	120	2	AGCCTATCTGGGCAACCATCTTTG	1
122	121	2	GCCTATCTGGGCAACCATCTTTGC	1
123	122	2	CCTATCTGGGCAACCATCTTTGCT	1
124	123	2	CTATCTGGGCAACCATCTTTGCTA	1
125	124	2	TATCTGGGCAACCATCTTTGCTAA	1
126	125	2	ATCTGGGCAACCATCTTTGCTAAG	1
127	126	2	TCTGGGCAACCATCTTTGCTAAGG	1
128	127	2	CTGGGCAACCATCTTTGCTAAGGC	1
129	128	2	TGGGCAACCATCTTTGCTAAGGCT	1
130	129	2	GGGCAACCATCTTTGCTAAGGCTT	1
131	130	2	GGCAACCATCTTTGCTAAGGCTTT	1
132	131	2	GCAACCATCTTTGCTAAGGCTTTG	1
133	132	2	CAACCATCTTTGCTAAGGCTTTGG	1
134	133	2	AACCATCTTTGCTAAGGCTTTGGA	1
135	134	2	ACCATCTTTGCTAAGGCTTTGGAG	1
136	135	1	CCATCTTTGCTAAGGCTTTGGAGG	1
137	136	1	CATCTTTGCTAAGGCTTTGGAGGG	1
138	137	1	ATCTTTGCTAAGGCTTTGGAGGGC	1
139	138	1	TCTTTGCTAAGGCTTTGGAGGGCA	1
140	139	3	CTTTGCTAAGGCTTTGGAGGGCAA	1
141	140	3	TTTGCTAAGGCTTTGGAGGGCAAG	1
142	141	3	TTGCTAAGGCTTTGGAGGGCAAGG	1
143	142	3	TGCTAAGGCTTTGGAGGGCAAGGA	1
144	143	3	GCTAAGGCTTTGGAGGGCAAGGAC	1
145	144	3	CTAAGGCTTTGGAGGGCAAGGACT	1
146	145	3	TAAGGCTTTGGAGGGCAAGGACTT	1
147	146	4	AAGGCTTTGGAGGGCAAGGACTTG	1
148	147	4	AGGCTTTGGAGGGCAAGGACTTGA	1
149	148	4	GGCTTTGGAGGGCAAGGACTTGAA	1
150	149	4	GCTTTGGAGGGCAAGGACTTGAAG	1
151	150	4	CTTTGGAGGGCAAGGACTTGAAGG	1
152	151	4	TTTGGAGGGCAAGGACTTGAAGGA	1
153	152	4	TTGGAGGGCAAGGACTTGAAGGAA	1
154	153	4	TGGAGGGCAAGGACTTGAAGGAAC	1
155	154	4	GGAGGGCAAGGACTTGAAGGAACT	1
156	155	4	GAGGGCAAGGACTTGAAGGAACTC	1
157	156	4	AGGGCAAGGACTTGAAGGAACTCC	1
158	157	4	GGGCAAGGACTTGAAGGAACTCCT	1
159	158	4	GGCAAGGACTTGAAGGAACTCCTT	1
160	159	4	GCAAGGACTTGAAGGAACTCCTTT	1
161	160	4	CAAGGACTTGAAGGAACTCCTTTT	1
162	161	4	AAGGACTTGAAGGAACTCCTTTTG	1
163	162	3	AGGACTTGAAGGAACTCCTTTTGA	1
164	163	3	GGACTTGAAGGAACTCCTTTTGAA	1
165	164	3	GACTTGAAGGAACTCCTTTTGAAC	1
166	165	3	ACTTGAAGGAACTCCTTTTGAACA	1
167	166	3	CTTGAAGGAACTCCTTTTGAACAT	1
168	167	3	TTGAAGGAACTCCTTTTGAACATT	1
169	168	3	TGAAGGAACTCCTTTTGAACATTG	1
170	169	3	GAAGGAACTCCTTTTGAACATTGG	1
171	170	3	AAGGAACTCCTTTTGAACATTGGC	1
172	171	3	AGGAACTCCTTTTGAACATTGGCT	1
173	172	4	GGAACTCCTTTTGAACATTGGCTC	1
174	173	4	GAACTCCTTTTGAACATTGGCTCT	1
175	174	4	AACTCCTTTTGAACATTGGCTCTG	1
176	175	4	ACTCCTTTTGAACATTGGCTCTGC	1
177	176	4	CTCCTTTTGAACATTGGCTCTGCT	1
178	177	4	TCCTTTTGAACATTGGCTCTGCTG	1
179	178	4	CCTTTTGAACATTGGCTCTGCTGC	1
180	179	4	CTTTTGAACATTGGCTCTGCTGCT	1
181	180	4	TTTTGAACATTGGCTCTGCTGCTG	1
182	181	4	TTTGAACATTGGCTCTGCTGCTGC	1
183	182	4	TTGAACATTGGCTCTGCTGCTGCC	1
184	183	2	TGAACATTGGCTCTGCTGCTGCCG	1
185	184	2	GAACATTGGCTCTGCTGCTGCCGC	1
186	185	2	AACATTGGCTCTGCTGCTGCCGCT	1
187	186	2	ACATTGGCTCTGCTGCTGCCGCTC	1
188	187	2	CATTGGCTCTGCTGCTGCCGCTCC	1
189	188	2	ATTGGCTCTGCTGCTGCCGCTCCT	1
190	189	2	TTGGCTCTGCTGCTGCCGCTCCTG	1
191	190	1	TGGCTCTGCTGCTGCCGCTCCTGC	1
192	191	1	GGCTCTGCTGCTGCCGCTCCTGCT	1
193	192	1	GCTCTGCTGCTGCCGCTCCTGCTG	1
194	193	1	CTCTGCTGCTGCCGCTCCTGCTGC	1
195	194	1	TCTGCTGCTGCCGCTCCTGCTGCT	1
196	195	1	CTGCTGCTGCCGCTCCTGCTGCTG	1
197	196	1	TGCTGCTGCCGCTCCTGCTGCTGG	1
198	197	1	GCTGCTGCCGCTCCTGCTGCTGGT	1
199	198	1	CTGCTGCCGCTCCTGCTGCTGGTG	1
200	199	1	TGCTGCCGCTCCTGCTGCTGGTGG	1
201	200	1	GCTGCCGCTCCTGCTGCTGGTGGC	1
202	201	1	CTGCCGCTCCTGCTGCTGGTGGCG	1
203	202	2	TGCCGCTCCTGCTGCTGGTGGCGC	1
204	203	2	GCCGCTCCTGCTGCTGGTGGCGCC	1
205	204	2	CCGCTCCTGCTGCTGGTGGCGCCG	1
206	205	2	CGCTCCTGCTGCTGGTGGCGCCGG	1
207	206	2	GCTCCTGCTGCTGGTGGCGCCGGT	1
208	207	2	CTCCTGCTGCTGGTGGCGCCGGTG	1
209	208	2	TCCTGCTGCTGGTGGCGCCGGTGC	1
210	209	2	CCTGCTGCTGGTGGCGCCGGTGCT	1
211	210	2	CTGCTGCTGGTGGCGCCGGTGCTC	1
212	211	2	TGCTGCTGGTGGCGCCGGTGCTCC	1
213	212	2	GCTGCTGGTGGCGCCGGTGCTCCT	1
214	213	2	CTGCTGGTGGCGCCGGTGCTCCTG	1
215	214	2	TGCTGGTGGCGCCGGTGCTCCTGC	1
216	215	2	GCTGGTGGCGCCGGTGCTCCTGCC	1
217	216	1	CTGGTGGCGCCGGTGCTCCTGCCG	1
218	217	2	TGGTGGCGCCGGTGCTCCTGCCGC	1
219	218	2	GGTGGCGCCGGTGCTCCTGCCGCT	1
220	219	2	GTGGCGCCGGTGCTCCTGCCGCTG	1
221	220	2	TGGCGCCGGTGCTCCTGCCGCTGC	1
222	221	2	GGCGCCGGTGCTCCTGCCGCTGCT	1
223	222	3	GCGCCGGTGCTCCTGCCGCTGCTG	1
224	223	3	CGCCGGTGCTCCTGCCGCTGCTGC	1
225	224	4	GCCGGTGCTCCTGCCGCTGCTGCT	1
226	225	4	CCGGTGCTCCTGCCGCTGCTGCTG	1
227	226	4	CGGTGCTCCTGCCGCTGCTGCTGG	1
228	227	4	GGTGCTCCTGCCGCTGCTGCTGGT	1
229	228	5	GTGCTCCTGCCGCTGCTGCTGGTG	1
230	229	5	TGCTCCTGCCGCTGCTGCTGGTGG	1
231	230	6	GCTCCTGCCGCTGCTGCTGGTGGT	1
232	231	6	CTCCTGCCGCTGCTGCTGGTGGTG	1
233	232	9	TCCTGCCGCTGCTGCTGGTGGTGA	1
234	233	9	CCTGCCGCTGCTGCTGGTGGTGAA	1
235	234	12	CTGCCGCTGCTGCTGGTGGTGAAG	1
236	235	12	TGCCGCTGCTGCTGGTGGTGAAGC	1
237	236	12	GCCGCTGCTGCTGGTGGTGAAGCC	1
238	237	13	CCGCTGCTGCTGGTGGTGAAGCCG	1
239	238	13	CGCTGCTGCTGGTGGTGAAGCCGC	1
240	239	13	GCTGCTGCTGGTGGTGAAGCCGCT	1
241	240	13	CTGCTGCTGGTGGTGAAGCCGCTG	1
242	241	13	TGCTGCTGGTGGTGAAGCCGCTGC	1
243	242	13	GCTGCTGGTGGTGAAGCCGCTGCT	1
244	243	13	CTGCTGGTGGTGAAGCCGCTGCTG	1
245	244	14	TGCTGGTGGTGAAGCCGCTGCTGA	1
246	245	14	GCTGGTGGTGAAGCCGCTGCTGAA	1
247	246	13	CTGGTGGTGAAGCCGCTGCTGAAG	1
248	247	13	TGGTGGTGAAGCCGCTGCTGAAGA	1
249	248	13	GGTGGTGAAGCCGCTGCTGAAGAA	1
250	249	13	GTGGTGAAGCCGCTGCTGAAGAAC	1
251	250	12	TGGTGAAGCCGCTGCTGAAGAACA	1
252	251	12	GGTGAAGCCGCTGCTGAAGAACAG	1
253	252	12	GTGAAGCCGCTGCTGAAGAACAGA	1
254	253	13	TGAAGCCGCTGCTGAAGAACAGAA	1
255	254	13	GAAGCCGCTGCTGAAGAACAGAAG	1
256	255	13	AAGCCGCTGCTGAAGAACAGAAGG	1
257	256	13	AGCCGCTGCTGAAGAACAGAAGGA	1
258	257	12	GCCGCTGCTGAAGAACAGAAGGAA	1
259	258	11	CCGCTGCTGAAGAACAGAAGGAAG	1
260	259	10	CGCTGCTGAAGAACAGAAGGAAGA	1
261	260	10	GCTGCTGAAGAACAGAAGGAAGAG	1
262	261	8	CTGCTGAAGAACAGAAGGAAGAGG	1
263	262	8	TGCTGAAGAACAGAAGGAAGAGGC	1
264	263	8	GCTGAAGAACAGAAGGAAGAGGCT	1
265	264	8	CTGAAGAACAGAAGGAAGAGGCTA	1
266	265	8	TGAAGAACAGAAGGAAGAGGCTAA	1
267	266	8	GAAGAACAGAAGGAAGAGGCTAAA	1
268	267	8	AAGAACAGAAGGAAGAGGCTAAAG	1
269	268	8	AGAACAGAAGGAAGAGGCTAAAGA	1
270	269	8	GAACAGAAGGAAGAGGCTAAAGAA	1
271	270	8	AACAGAAGGAAGAGGCTAAAGAAG	1
272	271	7	ACAGAAGGAAGAGGCTAAAGAAGA	1
273	272	7	CAGAAGGAAGAGGCTAAAGAAGAA	1
274	273	5	AGAAGGAAGAGGCTAAAGAAGAAG	1
275	274	5	GAAGGAAGAGGCTAAAGAAGAAGA	1
276	275	5	AAGGAAGAGGCTAAAGAAGAAGAG	1
277	276	2	AGGAAGAGGCTAAAGAAGAAGAGG	1
278	277	2	GGAAGAGGCTAAAGAAGAAGAGGA	1
279	278	1	GAAGAGGCTAAAGAAGAAGAGGAG	1
280	279	1	AAGAGGCTAAAGAAGAAGAGGAGT	1
281	280	1	AGAGGCTAAAGAAGAAGAGGAGTC	1
282	281	1	GAGGCTAAAGAAGAAGAGGAGTCT	1
283	282	1	AGGCTAAAGAAGAAGAGGAGTCTG	1
284	283	1	GGCTAAAGAAGAAGAGGAGTCTGA	1
285	284	1	GCTAAAGAAGAAGAGGAGTCTGAT	1
286	285	1	CTAAAGAAGAAGAGGAGTCTGATG	1
287	286	1	TAAAGAAGAAGAGGAGTCTGATGA	1
288	287	1	AAAGAAGAAGAGGAGTCTGATGAA	1
289	288	1	AAGAAGAAGAGGAGTCTGATGAAG	1
290	289	1	AGAAGAAGAGGAGTCTGATGAAGA	1
291	290	1	GAAGAAGAGGAGTCTGATGAAGAT	1
292	291	1	AAGAAGAGGAGTCTGATGAAGATA	1
293	292	1	AGAAGAGGAGTCTGATGAAGATAT	1
294	293	1	GAAGAGGAGTCTGATGAAGATATG	1
295	294	1	AAGAGGAGTCTGATGAAGATATGG	1
296	295	1	AGAGGAGTCTGATGAAGATATGGG	1
297	296	1	GAGGAGTCTGATGAAGATATGGGG	1
