Component 732
1	-1	0	GGCTCCCAAGAAGAAATGGTCTAA	1
2	1	1	GCTCCCAAGAAGAAATGGTCTAAA	1
3	2	1	CTCCCAAGAAGAAATGGTCTAAAG	1
4	3	1	TCCCAAGAAGAAATGGTCTAAAGG	1
5	4	1	CCCAAGAAGAAATGGTCTAAAGGA	1
6	5	1	CCAAGAAGAAATGGTCTAAAGGAA	1
7	6	1	CAAGAAGAAATGGTCTAAAGGAAA	1
8	7	1	AAGAAGAAATGGTCTAAAGGAAAA	1
9	8	2	AGAAGAAATGGTCTAAAGGAAAAG	1
10	9	3	GAAGAAATGGTCTAAAGGAAAAGT	1
11	10	11	AAGAAATGGTCTAAAGGAAAAGTG	1
12	11	14	AGAAATGGTCTAAAGGAAAAGTGA	1
13	12	14	GAAATGGTCTAAAGGAAAAGTGAA	1
14	13	17	AAATGGTCTAAAGGAAAAGTGAAG	1
15	14	18	AATGGTCTAAAGGAAAAGTGAAGG	1
16	15	18	ATGGTCTAAAGGAAAAGTGAAGGA	1
17	16	18	TGGTCTAAAGGAAAAGTGAAGGAC	1
18	17	18	GGTCTAAAGGAAAAGTGAAGGACA	1
19	18	19	GTCTAAAGGAAAAGTGAAGGACAA	1
20	19	22	TCTAAAGGAAAAGTGAAGGACAAG	1
21	20	22	CTAAAGGAAAAGTGAAGGACAAGG	1
22	21	23	TAAAGGAAAAGTGAAGGACAAGGC	1
23	22	23	AAAGGAAAAGTGAAGGACAAGGCT	1
24	23	23	AAGGAAAAGTGAAGGACAAGGCTC	1
25	24	23	AGGAAAAGTGAAGGACAAGGCTCA	1
26	25	23	GGAAAAGTGAAGGACAAGGCTCAA	1
27	26	24	GAAAAGTGAAGGACAAGGCTCAAC	1
28	27	24	AAAAGTGAAGGACAAGGCTCAACA	1
29	28	24	AAAGTGAAGGACAAGGCTCAACAC	1
30	29	24	AAGTGAAGGACAAGGCTCAACACG	1
31	30	24	AGTGAAGGACAAGGCTCAACACGC	1
32	31	24	GTGAAGGACAAGGCTCAACACGCC	1
33	32	24	TGAAGGACAAGGCTCAACACGCCA	1
34	33	24	GAAGGACAAGGCTCAACACGCCAC	1
35	34	24	AAGGACAAGGCTCAACACGCCACT	1
36	35	23	AGGACAAGGCTCAACACGCCACTG	1
37	36	24	GGACAAGGCTCAACACGCCACTGT	1
38	37	24	GACAAGGCTCAACACGCCACTGTC	1
39	38	24	ACAAGGCTCAACACGCCACTGTCT	1
40	39	24	CAAGGCTCAACACGCCACTGTCTT	1
41	40	24	AAGGCTCAACACGCCACTGTCTTT	1
42	41	23	AGGCTCAACACGCCACTGTCTTTG	1
43	42	23	GGCTCAACACGCCACTGTCTTTGA	1
44	43	23	GCTCAACACGCCACTGTCTTTGAC	1
45	44	24	CTCAACACGCCACTGTCTTTGACA	1
46	45	23	TCAACACGCCACTGTCTTTGACAA	1
47	46	23	CAACACGCCACTGTCTTTGACAAG	1
48	47	23	AACACGCCACTGTCTTTGACAAGA	1
49	48	23	ACACGCCACTGTCTTTGACAAGAG	1
50	49	23	CACGCCACTGTCTTTGACAAGAGC	1
51	50	23	ACGCCACTGTCTTTGACAAGAGCA	1
52	51	23	CGCCACTGTCTTTGACAAGAGCAT	1
53	52	22	GCCACTGTCTTTGACAAGAGCATC	1
54	53	21	CCACTGTCTTTGACAAGAGCATCA	1
55	54	14	CACTGTCTTTGACAAGAGCATCAT	1
56	55	11	ACTGTCTTTGACAAGAGCATCATC	1
57	56	11	CTGTCTTTGACAAGAGCATCATCG	1
58	57	8	TGTCTTTGACAAGAGCATCATCGA	1
59	58	8	GTCTTTGACAAGAGCATCATCGAC	1
60	59	8	TCTTTGACAAGAGCATCATCGACC	1
61	60	8	CTTTGACAAGAGCATCATCGACCG	1
62	61	8	TTTGACAAGAGCATCATCGACCGT	1
63	62	7	TTGACAAGAGCATCATCGACCGTA	1
64	63	4	TGACAAGAGCATCATCGACCGTAT	1
65	64	4	GACAAGAGCATCATCGACCGTATC	1
66	65	3	ACAAGAGCATCATCGACCGTATCA	1
67	66	3	CAAGAGCATCATCGACCGTATCAA	1
68	67	3	AAGAGCATCATCGACCGTATCAAC	1
69	68	3	AGAGCATCATCGACCGTATCAACA	1
70	69	3	GAGCATCATCGACCGTATCAACAA	1
71	70	3	AGCATCATCGACCGTATCAACAAG	1
72	71	3	GCATCATCGACCGTATCAACAAGG	1
73	72	4	CATCATCGACCGTATCAACAAGGA	1
74	73	5	ATCATCGACCGTATCAACAAGGAG	1
75	74	5	TCATCGACCGTATCAACAAGGAGG	1
76	75	5	CATCGACCGTATCAACAAGGAGGT	1
77	76	5	ATCGACCGTATCAACAAGGAGGTT	1
78	77	5	TCGACCGTATCAACAAGGAGGTTC	1
79	78	5	CGACCGTATCAACAAGGAGGTTCC	1
80	79	6	GACCGTATCAACAAGGAGGTTCCT	1
81	80	5	ACCGTATCAACAAGGAGGTTCCTG	1
82	81	5	CCGTATCAACAAGGAGGTTCCTGC	1
83	82	5	CGTATCAACAAGGAGGTTCCTGCC	1
84	83	5	GTATCAACAAGGAGGTTCCTGCCT	1
85	84	5	TATCAACAAGGAGGTTCCTGCCTT	1
86	85	5	ATCAACAAGGAGGTTCCTGCCTTC	1
87	86	5	TCAACAAGGAGGTTCCTGCCTTCA	1
88	87	5	CAACAAGGAGGTTCCTGCCTTCAA	1
89	88	4	AACAAGGAGGTTCCTGCCTTCAAG	1
90	89	4	ACAAGGAGGTTCCTGCCTTCAAGT	1
91	90	4	CAAGGAGGTTCCTGCCTTCAAGTT	1
92	91	4	AAGGAGGTTCCTGCCTTCAAGTTC	1
93	92	4	AGGAGGTTCCTGCCTTCAAGTTCA	1
94	93	4	GGAGGTTCCTGCCTTCAAGTTCAT	1
95	94	4	GAGGTTCCTGCCTTCAAGTTCATC	1
96	95	4	AGGTTCCTGCCTTCAAGTTCATCT	1
97	96	4	GGTTCCTGCCTTCAAGTTCATCTC	1
98	97	4	GTTCCTGCCTTCAAGTTCATCTCG	1
99	98	4	TTCCTGCCTTCAAGTTCATCTCGG	1
100	99	4	TCCTGCCTTCAAGTTCATCTCGGT	1
101	100	4	CCTGCCTTCAAGTTCATCTCGGTT	1
102	101	4	CTGCCTTCAAGTTCATCTCGGTTT	1
103	102	4	TGCCTTCAAGTTCATCTCGGTTTC	1
104	103	4	GCCTTCAAGTTCATCTCGGTTTCA	1
105	104	5	CCTTCAAGTTCATCTCGGTTTCAG	1
106	105	4	CTTCAAGTTCATCTCGGTTTCAGT	1
107	106	5	TTCAAGTTCATCTCGGTTTCAGTC	1
108	107	5	TCAAGTTCATCTCGGTTTCAGTCC	1
109	108	5	CAAGTTCATCTCGGTTTCAGTCCT	1
110	109	5	AAGTTCATCTCGGTTTCAGTCCTT	1
111	110	5	AGTTCATCTCGGTTTCAGTCCTTG	1
112	111	6	GTTCATCTCGGTTTCAGTCCTTGT	1
113	112	6	TTCATCTCGGTTTCAGTCCTTGTT	1
114	113	6	TCATCTCGGTTTCAGTCCTTGTTG	1
115	114	5	CATCTCGGTTTCAGTCCTTGTTGA	1
116	115	5	ATCTCGGTTTCAGTCCTTGTTGAC	1
117	116	4	TCTCGGTTTCAGTCCTTGTTGACC	1
118	117	4	CTCGGTTTCAGTCCTTGTTGACCG	1
119	118	4	TCGGTTTCAGTCCTTGTTGACCGC	1
120	119	4	CGGTTTCAGTCCTTGTTGACCGCA	1
121	120	4	GGTTTCAGTCCTTGTTGACCGCAT	1
122	121	4	GTTTCAGTCCTTGTTGACCGCATG	1
123	122	4	TTTCAGTCCTTGTTGACCGCATGA	1
124	123	3	TTCAGTCCTTGTTGACCGCATGAA	1
125	124	3	TCAGTCCTTGTTGACCGCATGAAG	1
126	125	3	CAGTCCTTGTTGACCGCATGAAGA	1
127	126	2	AGTCCTTGTTGACCGCATGAAGAT	1
128	127	2	GTCCTTGTTGACCGCATGAAGATC	1
129	128	2	TCCTTGTTGACCGCATGAAGATCA	1
130	129	2	CCTTGTTGACCGCATGAAGATCAA	1
131	130	2	CTTGTTGACCGCATGAAGATCAAC	1
132	131	2	TTGTTGACCGCATGAAGATCAACG	1
133	132	1	TGTTGACCGCATGAAGATCAACGG	1
134	133	1	GTTGACCGCATGAAGATCAACGGA	1
135	134	1	TTGACCGCATGAAGATCAACGGAT	1
136	135	1	TGACCGCATGAAGATCAACGGATC	1
137	136	1	GACCGCATGAAGATCAACGGATCT	1
138	137	1	ACCGCATGAAGATCAACGGATCTC	1
139	138	1	CCGCATGAAGATCAACGGATCTCT	1
140	139	1	CGCATGAAGATCAACGGATCTCTT	1
141	140	1	GCATGAAGATCAACGGATCTCTTG	1
142	141	2	CATGAAGATCAACGGATCTCTTGC	1
143	142	2	ATGAAGATCAACGGATCTCTTGCT	1
144	143	2	TGAAGATCAACGGATCTCTTGCTC	1
145	144	2	GAAGATCAACGGATCTCTTGCTCG	1
146	145	2	AAGATCAACGGATCTCTTGCTCGT	1
147	146	2	AGATCAACGGATCTCTTGCTCGTA	1
148	147	3	GATCAACGGATCTCTTGCTCGTAT	1
149	148	4	ATCAACGGATCTCTTGCTCGTATT	1
150	149	5	TCAACGGATCTCTTGCTCGTATTG	1
151	150	5	CAACGGATCTCTTGCTCGTATTGC	1
152	151	5	AACGGATCTCTTGCTCGTATTGCC	1
153	152	5	ACGGATCTCTTGCTCGTATTGCCA	1
154	153	5	CGGATCTCTTGCTCGTATTGCCAT	1
155	154	6	GGATCTCTTGCTCGTATTGCCATT	1
156	155	7	GATCTCTTGCTCGTATTGCCATTC	1
157	156	7	ATCTCTTGCTCGTATTGCCATTCG	1
158	157	7	TCTCTTGCTCGTATTGCCATTCGC	1
159	158	7	CTCTTGCTCGTATTGCCATTCGCG	1
160	159	7	TCTTGCTCGTATTGCCATTCGCGA	1
161	160	7	CTTGCTCGTATTGCCATTCGCGAC	1
162	161	7	TTGCTCGTATTGCCATTCGCGACT	1
163	162	7	TGCTCGTATTGCCATTCGCGACTT	1
164	163	8	GCTCGTATTGCCATTCGCGACTTG	1
165	164	9	CTCGTATTGCCATTCGCGACTTGG	1
166	165	9	TCGTATTGCCATTCGCGACTTGGC	1
167	166	9	CGTATTGCCATTCGCGACTTGGCT	1
168	167	10	GTATTGCCATTCGCGACTTGGCTG	1
169	168	11	TATTGCCATTCGCGACTTGGCTGA	1
170	169	11	ATTGCCATTCGCGACTTGGCTGAA	1
171	170	11	TTGCCATTCGCGACTTGGCTGAAC	1
172	171	11	TGCCATTCGCGACTTGGCTGAACG	1
173	172	11	GCCATTCGCGACTTGGCTGAACGC	1
174	173	11	CCATTCGCGACTTGGCTGAACGCG	1
175	174	11	CATTCGCGACTTGGCTGAACGCGG	1
176	175	11	ATTCGCGACTTGGCTGAACGCGGT	1
177	176	11	TTCGCGACTTGGCTGAACGCGGTG	1
178	177	12	TCGCGACTTGGCTGAACGCGGTGT	1
179	178	12	CGCGACTTGGCTGAACGCGGTGTC	1
180	179	12	GCGACTTGGCTGAACGCGGTGTCA	1
181	180	13	CGACTTGGCTGAACGCGGTGTCAT	1
182	181	14	GACTTGGCTGAACGCGGTGTCATC	1
183	182	15	ACTTGGCTGAACGCGGTGTCATCC	1
184	183	15	CTTGGCTGAACGCGGTGTCATCCA	1
185	184	14	TTGGCTGAACGCGGTGTCATCCAA	1
186	185	14	TGGCTGAACGCGGTGTCATCCAAA	1
187	186	14	GGCTGAACGCGGTGTCATCCAAAA	1
188	187	14	GCTGAACGCGGTGTCATCCAAAAA	1
189	188	15	CTGAACGCGGTGTCATCCAAAAAG	1
190	189	15	TGAACGCGGTGTCATCCAAAAAGT	1
191	190	15	GAACGCGGTGTCATCCAAAAAGTG	1
192	191	14	AACGCGGTGTCATCCAAAAAGTGG	1
193	192	13	ACGCGGTGTCATCCAAAAAGTGGA	1
194	193	12	CGCGGTGTCATCCAAAAAGTGGAC	1
195	194	11	GCGGTGTCATCCAAAAAGTGGACC	1
196	195	11	CGGTGTCATCCAAAAAGTGGACCA	1
197	196	11	GGTGTCATCCAAAAAGTGGACCAA	1
198	197	11	GTGTCATCCAAAAAGTGGACCAAC	1
199	198	10	TGTCATCCAAAAAGTGGACCAACA	1
200	199	9	GTCATCCAAAAAGTGGACCAACAC	1
201	200	9	TCATCCAAAAAGTGGACCAACACT	1
202	201	9	CATCCAAAAAGTGGACCAACACTC	1
203	202	8	ATCCAAAAAGTGGACCAACACTCT	1
204	203	8	TCCAAAAAGTGGACCAACACTCTA	1
205	204	8	CCAAAAAGTGGACCAACACTCTAA	1
206	205	8	CAAAAAGTGGACCAACACTCTAAG	1
207	206	8	AAAAAGTGGACCAACACTCTAAGC	1
208	207	6	AAAAGTGGACCAACACTCTAAGCA	1
209	208	6	AAAGTGGACCAACACTCTAAGCAA	1
210	209	6	AAGTGGACCAACACTCTAAGCAAG	1
211	210	5	AGTGGACCAACACTCTAAGCAAGC	1
212	211	4	GTGGACCAACACTCTAAGCAAGCT	1
213	212	3	TGGACCAACACTCTAAGCAAGCTA	1
214	213	4	GGACCAACACTCTAAGCAAGCTAT	1
215	214	4	GACCAACACTCTAAGCAAGCTATC	1
216	215	5	ACCAACACTCTAAGCAAGCTATCT	1
217	216	5	CCAACACTCTAAGCAAGCTATCTA	1
218	217	5	CAACACTCTAAGCAAGCTATCTAC	1
219	218	5	AACACTCTAAGCAAGCTATCTACA	1
220	219	5	ACACTCTAAGCAAGCTATCTACAC	1
221	220	6	CACTCTAAGCAAGCTATCTACACA	1
222	221	8	ACTCTAAGCAAGCTATCTACACAC	1
223	222	8	CTCTAAGCAAGCTATCTACACACG	1
224	223	7	TCTAAGCAAGCTATCTACACACGT	1
225	224	7	CTAAGCAAGCTATCTACACACGTG	1
226	225	8	TAAGCAAGCTATCTACACACGTGT	1
227	226	8	AAGCAAGCTATCTACACACGTGTA	1
228	227	8	AGCAAGCTATCTACACACGTGTAC	1
229	228	8	GCAAGCTATCTACACACGTGTACC	1
230	229	9	CAAGCTATCTACACACGTGTACCT	1
231	230	10	AAGCTATCTACACACGTGTACCTG	1
232	231	11	AGCTATCTACACACGTGTACCTGC	1
233	232	14	GCTATCTACACACGTGTACCTGCT	1
234	233	16	CTATCTACACACGTGTACCTGCTG	1
235	234	17	TATCTACACACGTGTACCTGCTGC	1
236	235	17	ATCTACACACGTGTACCTGCTGCT	1
237	236	17	TCTACACACGTGTACCTGCTGCTA	1
238	237	17	CTACACACGTGTACCTGCTGCTAC	1
239	238	17	TACACACGTGTACCTGCTGCTACT	1
240	239	17	ACACACGTGTACCTGCTGCTACTG	1
241	240	17	CACACGTGTACCTGCTGCTACTGC	1
242	241	17	ACACGTGTACCTGCTGCTACTGCT	1
243	242	17	CACGTGTACCTGCTGCTACTGCTT	1
244	243	17	ACGTGTACCTGCTGCTACTGCTTA	1
245	244	17	CGTGTACCTGCTGCTACTGCTTAA	1
246	245	17	GTGTACCTGCTGCTACTGCTTAAG	1
247	246	17	TGTACCTGCTGCTACTGCTTAAGT	1
248	247	17	GTACCTGCTGCTACTGCTTAAGTT	1
249	248	17	TACCTGCTGCTACTGCTTAAGTTA	1
250	249	17	ACCTGCTGCTACTGCTTAAGTTAT	1
251	250	17	CCTGCTGCTACTGCTTAAGTTATG	1
252	251	17	CTGCTGCTACTGCTTAAGTTATGG	1
253	252	17	TGCTGCTACTGCTTAAGTTATGGT	1
254	253	17	GCTGCTACTGCTTAAGTTATGGTG	1
255	254	17	CTGCTACTGCTTAAGTTATGGTGT	1
256	255	17	TGCTACTGCTTAAGTTATGGTGTT	1
257	256	17	GCTACTGCTTAAGTTATGGTGTTG	1
258	257	16	CTACTGCTTAAGTTATGGTGTTGC	1
259	258	16	TACTGCTTAAGTTATGGTGTTGCC	1
260	259	15	ACTGCTTAAGTTATGGTGTTGCCA	1
261	260	15	CTGCTTAAGTTATGGTGTTGCCAT	1
262	261	14	TGCTTAAGTTATGGTGTTGCCATT	1
263	262	14	GCTTAAGTTATGGTGTTGCCATTA	1
264	263	14	CTTAAGTTATGGTGTTGCCATTAA	1
265	264	13	TTAAGTTATGGTGTTGCCATTAAT	1
266	265	12	TAAGTTATGGTGTTGCCATTAATC	1
267	266	13	AAGTTATGGTGTTGCCATTAATCA	1
268	267	13	AGTTATGGTGTTGCCATTAATCAA	1
269	268	12	GTTATGGTGTTGCCATTAATCAAT	1
270	269	10	TTATGGTGTTGCCATTAATCAATA	1
271	270	10	TATGGTGTTGCCATTAATCAATAA	1
272	271	10	ATGGTGTTGCCATTAATCAATAAA	1
273	272	10	TGGTGTTGCCATTAATCAATAAAT	1
274	273	9	GGTGTTGCCATTAATCAATAAATC	1
275	274	8	GTGTTGCCATTAATCAATAAATCC	1
276	275	4	TGTTGCCATTAATCAATAAATCCA	1
277	276	2	GTTGCCATTAATCAATAAATCCAA	1
