Component 736
1	-1	0	GTTACCACCATGTCGGAACAAGGA	1
2	1	1	TTACCACCATGTCGGAACAAGGAG	1
3	2	1	TACCACCATGTCGGAACAAGGAGA	1
4	3	1	ACCACCATGTCGGAACAAGGAGAC	1
5	4	1	CCACCATGTCGGAACAAGGAGACC	1
6	5	1	CACCATGTCGGAACAAGGAGACCA	1
7	6	2	ACCATGTCGGAACAAGGAGACCAA	1
8	7	2	CCATGTCGGAACAAGGAGACCAAA	1
9	8	2	CATGTCGGAACAAGGAGACCAAAT	1
10	9	2	ATGTCGGAACAAGGAGACCAAATT	1
11	10	2	TGTCGGAACAAGGAGACCAAATTG	1
12	11	3	GTCGGAACAAGGAGACCAAATTGA	1
13	12	7	TCGGAACAAGGAGACCAAATTGAA	1
14	13	7	CGGAACAAGGAGACCAAATTGAAC	1
15	14	7	GGAACAAGGAGACCAAATTGAACA	1
16	15	8	GAACAAGGAGACCAAATTGAACAA	1
17	16	8	AACAAGGAGACCAAATTGAACAAG	1
18	17	8	ACAAGGAGACCAAATTGAACAAGT	1
19	18	8	CAAGGAGACCAAATTGAACAAGTT	1
20	19	8	AAGGAGACCAAATTGAACAAGTTG	1
21	20	9	AGGAGACCAAATTGAACAAGTTGA	1
22	21	9	GGAGACCAAATTGAACAAGTTGAC	1
23	22	10	GAGACCAAATTGAACAAGTTGACG	1
24	23	10	AGACCAAATTGAACAAGTTGACGT	1
25	24	10	GACCAAATTGAACAAGTTGACGTC	1
26	25	10	ACCAAATTGAACAAGTTGACGTCG	1
27	26	12	CCAAATTGAACAAGTTGACGTCGT	1
28	27	12	CAAATTGAACAAGTTGACGTCGTC	1
29	28	12	AAATTGAACAAGTTGACGTCGTCG	1
30	29	12	AATTGAACAAGTTGACGTCGTCGA	1
31	30	12	ATTGAACAAGTTGACGTCGTCGAA	1
32	31	12	TTGAACAAGTTGACGTCGTCGAAG	1
33	32	12	TGAACAAGTTGACGTCGTCGAAGA	1
34	33	11	GAACAAGTTGACGTCGTCGAAGAA	1
35	34	12	AACAAGTTGACGTCGTCGAAGAAG	1
36	35	12	ACAAGTTGACGTCGTCGAAGAAGT	1
37	36	12	CAAGTTGACGTCGTCGAAGAAGTT	1
38	37	13	AAGTTGACGTCGTCGAAGAAGTTG	1
39	38	13	AGTTGACGTCGTCGAAGAAGTTGA	1
40	39	13	GTTGACGTCGTCGAAGAAGTTGAA	1
41	40	14	TTGACGTCGTCGAAGAAGTTGAAG	1
42	41	14	TGACGTCGTCGAAGAAGTTGAAGT	1
43	42	14	GACGTCGTCGAAGAAGTTGAAGTT	1
44	43	14	ACGTCGTCGAAGAAGTTGAAGTTG	1
45	44	14	CGTCGTCGAAGAAGTTGAAGTTGA	1
46	45	14	GTCGTCGAAGAAGTTGAAGTTGAG	1
47	46	14	TCGTCGAAGAAGTTGAAGTTGAGG	1
48	47	14	CGTCGAAGAAGTTGAAGTTGAGGC	1
49	48	14	GTCGAAGAAGTTGAAGTTGAGGCT	1
50	49	13	TCGAAGAAGTTGAAGTTGAGGCTG	1
51	50	12	CGAAGAAGTTGAAGTTGAGGCTGC	1
52	51	12	GAAGAAGTTGAAGTTGAGGCTGCC	1
53	52	12	AAGAAGTTGAAGTTGAGGCTGCCG	1
54	53	12	AGAAGTTGAAGTTGAGGCTGCCGC	1
55	54	12	GAAGTTGAAGTTGAGGCTGCCGCT	1
56	55	11	AAGTTGAAGTTGAGGCTGCCGCTC	1
57	56	7	AGTTGAAGTTGAGGCTGCCGCTCC	1
58	57	7	GTTGAAGTTGAGGCTGCCGCTCCT	1
59	58	7	TTGAAGTTGAGGCTGCCGCTCCTG	1
60	59	5	TGAAGTTGAGGCTGCCGCTCCTGA	1
61	60	5	GAAGTTGAGGCTGCCGCTCCTGAA	1
62	61	5	AAGTTGAGGCTGCCGCTCCTGAAA	1
63	62	5	AGTTGAGGCTGCCGCTCCTGAAAC	1
64	63	5	GTTGAGGCTGCCGCTCCTGAAACT	1
65	64	4	TTGAGGCTGCCGCTCCTGAAACTG	1
66	65	4	TGAGGCTGCCGCTCCTGAAACTGT	1
67	66	4	GAGGCTGCCGCTCCTGAAACTGTC	1
68	67	4	AGGCTGCCGCTCCTGAAACTGTCT	1
69	68	4	GGCTGCCGCTCCTGAAACTGTCTC	1
70	69	4	GCTGCCGCTCCTGAAACTGTCTCC	1
71	70	3	CTGCCGCTCCTGAAACTGTCTCCG	1
72	71	3	TGCCGCTCCTGAAACTGTCTCCGT	1
73	72	3	GCCGCTCCTGAAACTGTCTCCGTT	1
74	73	3	CCGCTCCTGAAACTGTCTCCGTTG	1
75	74	4	CGCTCCTGAAACTGTCTCCGTTGA	1
76	75	4	GCTCCTGAAACTGTCTCCGTTGAG	1
77	76	4	CTCCTGAAACTGTCTCCGTTGAGG	1
78	77	4	TCCTGAAACTGTCTCCGTTGAGGA	1
79	78	4	CCTGAAACTGTCTCCGTTGAGGAT	1
80	79	6	CTGAAACTGTCTCCGTTGAGGATG	1
81	80	6	TGAAACTGTCTCCGTTGAGGATGC	1
82	81	5	GAAACTGTCTCCGTTGAGGATGCT	1
83	82	5	AAACTGTCTCCGTTGAGGATGCTT	1
84	83	5	AACTGTCTCCGTTGAGGATGCTTT	1
85	84	4	ACTGTCTCCGTTGAGGATGCTTTG	1
86	85	4	CTGTCTCCGTTGAGGATGCTTTGA	1
87	86	4	TGTCTCCGTTGAGGATGCTTTGAA	1
88	87	4	GTCTCCGTTGAGGATGCTTTGAAG	1
89	88	4	TCTCCGTTGAGGATGCTTTGAAGG	1
90	89	3	CTCCGTTGAGGATGCTTTGAAGGA	1
91	90	3	TCCGTTGAGGATGCTTTGAAGGAA	1
92	91	3	CCGTTGAGGATGCTTTGAAGGAAG	1
93	92	3	CGTTGAGGATGCTTTGAAGGAAGT	1
94	93	3	GTTGAGGATGCTTTGAAGGAAGTT	1
95	94	3	TTGAGGATGCTTTGAAGGAAGTTT	1
96	95	3	TGAGGATGCTTTGAAGGAAGTTTT	1
97	96	3	GAGGATGCTTTGAAGGAAGTTTTG	1
98	97	3	AGGATGCTTTGAAGGAAGTTTTGA	1
99	98	3	GGATGCTTTGAAGGAAGTTTTGAA	1
100	99	3	GATGCTTTGAAGGAAGTTTTGAAG	1
101	100	3	ATGCTTTGAAGGAAGTTTTGAAGC	1
102	101	3	TGCTTTGAAGGAAGTTTTGAAGCG	1
103	102	2	GCTTTGAAGGAAGTTTTGAAGCGT	1
104	103	2	CTTTGAAGGAAGTTTTGAAGCGTG	1
105	104	2	TTTGAAGGAAGTTTTGAAGCGTGC	1
106	105	2	TTGAAGGAAGTTTTGAAGCGTGCC	1
107	106	2	TGAAGGAAGTTTTGAAGCGTGCCC	1
108	107	3	GAAGGAAGTTTTGAAGCGTGCCCT	1
109	108	3	AAGGAAGTTTTGAAGCGTGCCCTT	1
110	109	3	AGGAAGTTTTGAAGCGTGCCCTTG	1
111	110	3	GGAAGTTTTGAAGCGTGCCCTTGT	1
112	111	3	GAAGTTTTGAAGCGTGCCCTTGTT	1
113	112	3	AAGTTTTGAAGCGTGCCCTTGTTC	1
114	113	3	AGTTTTGAAGCGTGCCCTTGTTCA	1
115	114	3	GTTTTGAAGCGTGCCCTTGTTCAC	1
116	115	3	TTTTGAAGCGTGCCCTTGTTCACG	1
117	116	3	TTTGAAGCGTGCCCTTGTTCACGA	1
118	117	3	TTGAAGCGTGCCCTTGTTCACGAC	1
119	118	3	TGAAGCGTGCCCTTGTTCACGACG	1
120	119	3	GAAGCGTGCCCTTGTTCACGACGG	1
121	120	3	AAGCGTGCCCTTGTTCACGACGGT	1
122	121	3	AGCGTGCCCTTGTTCACGACGGTC	1
123	122	3	GCGTGCCCTTGTTCACGACGGTCT	1
124	123	1	CGTGCCCTTGTTCACGACGGTCTT	1
125	124	1	GTGCCCTTGTTCACGACGGTCTTG	1
126	125	1	TGCCCTTGTTCACGACGGTCTTGC	1
127	126	1	GCCCTTGTTCACGACGGTCTTGCC	1
128	127	1	CCCTTGTTCACGACGGTCTTGCCC	1
129	128	1	CCTTGTTCACGACGGTCTTGCCCG	1
130	129	1	CTTGTTCACGACGGTCTTGCCCGT	1
131	130	1	TTGTTCACGACGGTCTTGCCCGTG	1
132	131	1	TGTTCACGACGGTCTTGCCCGTGG	1
133	132	1	GTTCACGACGGTCTTGCCCGTGGT	1
134	133	1	TTCACGACGGTCTTGCCCGTGGTA	1
135	134	2	TCACGACGGTCTTGCCCGTGGTAT	1
136	135	2	CACGACGGTCTTGCCCGTGGTATT	1
137	136	2	ACGACGGTCTTGCCCGTGGTATTC	1
138	137	2	CGACGGTCTTGCCCGTGGTATTCG	1
139	138	2	GACGGTCTTGCCCGTGGTATTCGC	1
140	139	2	ACGGTCTTGCCCGTGGTATTCGCG	1
141	140	2	CGGTCTTGCCCGTGGTATTCGCGA	1
142	141	2	GGTCTTGCCCGTGGTATTCGCGAG	1
143	142	2	GTCTTGCCCGTGGTATTCGCGAGG	1
144	143	2	TCTTGCCCGTGGTATTCGCGAGGC	1
145	144	2	CTTGCCCGTGGTATTCGCGAGGCT	1
146	145	2	TTGCCCGTGGTATTCGCGAGGCTT	1
147	146	2	TGCCCGTGGTATTCGCGAGGCTTC	1
148	147	2	GCCCGTGGTATTCGCGAGGCTTCC	1
149	148	2	CCCGTGGTATTCGCGAGGCTTCCA	1
150	149	2	CCGTGGTATTCGCGAGGCTTCCAA	1
151	150	2	CGTGGTATTCGCGAGGCTTCCAAG	1
152	151	1	GTGGTATTCGCGAGGCTTCCAAGG	1
153	152	1	TGGTATTCGCGAGGCTTCCAAGGC	1
154	153	1	GGTATTCGCGAGGCTTCCAAGGCT	1
155	154	1	GTATTCGCGAGGCTTCCAAGGCTC	1
156	155	1	TATTCGCGAGGCTTCCAAGGCTCT	1
157	156	1	ATTCGCGAGGCTTCCAAGGCTCTT	1
158	157	1	TTCGCGAGGCTTCCAAGGCTCTTG	1
159	158	1	TCGCGAGGCTTCCAAGGCTCTTGA	1
160	159	1	CGCGAGGCTTCCAAGGCTCTTGAC	1
161	160	1	GCGAGGCTTCCAAGGCTCTTGACC	1
162	161	1	CGAGGCTTCCAAGGCTCTTGACCG	1
163	162	2	GAGGCTTCCAAGGCTCTTGACCGC	1
164	163	3	AGGCTTCCAAGGCTCTTGACCGCC	1
165	164	3	GGCTTCCAAGGCTCTTGACCGCCG	1
166	165	3	GCTTCCAAGGCTCTTGACCGCCGT	1
167	166	3	CTTCCAAGGCTCTTGACCGCCGTC	1
168	167	3	TTCCAAGGCTCTTGACCGCCGTCA	1
169	168	3	TCCAAGGCTCTTGACCGCCGTCAA	1
170	169	3	CCAAGGCTCTTGACCGCCGTCAAG	1
171	170	3	CAAGGCTCTTGACCGCCGTCAAGC	1
172	171	3	AAGGCTCTTGACCGCCGTCAAGCT	1
173	172	3	AGGCTCTTGACCGCCGTCAAGCTC	1
174	173	3	GGCTCTTGACCGCCGTCAAGCTCA	1
175	174	3	GCTCTTGACCGCCGTCAAGCTCAC	1
176	175	3	CTCTTGACCGCCGTCAAGCTCACC	1
177	176	3	TCTTGACCGCCGTCAAGCTCACCT	1
178	177	4	CTTGACCGCCGTCAAGCTCACCTT	1
179	178	3	TTGACCGCCGTCAAGCTCACCTTT	1
180	179	3	TGACCGCCGTCAAGCTCACCTTTG	1
181	180	3	GACCGCCGTCAAGCTCACCTTTGC	1
182	181	3	ACCGCCGTCAAGCTCACCTTTGCG	1
183	182	3	CCGCCGTCAAGCTCACCTTTGCGT	1
184	183	3	CGCCGTCAAGCTCACCTTTGCGTT	1
185	184	3	GCCGTCAAGCTCACCTTTGCGTTC	1
186	185	3	CCGTCAAGCTCACCTTTGCGTTCT	1
187	186	3	CGTCAAGCTCACCTTTGCGTTCTT	1
188	187	3	GTCAAGCTCACCTTTGCGTTCTTT	1
189	188	3	TCAAGCTCACCTTTGCGTTCTTTG	1
190	189	3	CAAGCTCACCTTTGCGTTCTTTGC	1
191	190	3	AAGCTCACCTTTGCGTTCTTTGCG	1
192	191	3	AGCTCACCTTTGCGTTCTTTGCGA	1
193	192	3	GCTCACCTTTGCGTTCTTTGCGAG	1
194	193	3	CTCACCTTTGCGTTCTTTGCGAGT	1
195	194	4	TCACCTTTGCGTTCTTTGCGAGTC	1
196	195	4	CACCTTTGCGTTCTTTGCGAGTCC	1
197	196	4	ACCTTTGCGTTCTTTGCGAGTCCT	1
198	197	4	CCTTTGCGTTCTTTGCGAGTCCTG	1
199	198	4	CTTTGCGTTCTTTGCGAGTCCTGT	1
200	199	4	TTTGCGTTCTTTGCGAGTCCTGTG	1
201	200	4	TTGCGTTCTTTGCGAGTCCTGTGA	1
202	201	4	TGCGTTCTTTGCGAGTCCTGTGAC	1
203	202	4	GCGTTCTTTGCGAGTCCTGTGACC	1
204	203	4	CGTTCTTTGCGAGTCCTGTGACCA	1
205	204	4	GTTCTTTGCGAGTCCTGTGACCAA	1
206	205	4	TTCTTTGCGAGTCCTGTGACCAAG	1
207	206	4	TCTTTGCGAGTCCTGTGACCAAGA	1
208	207	2	CTTTGCGAGTCCTGTGACCAAGAA	1
209	208	1	TTTGCGAGTCCTGTGACCAAGAAG	1
210	209	1	TTGCGAGTCCTGTGACCAAGAAGC	1
211	210	1	TGCGAGTCCTGTGACCAAGAAGCT	1
212	211	2	GCGAGTCCTGTGACCAAGAAGCTT	1
213	212	3	CGAGTCCTGTGACCAAGAAGCTTA	1
214	213	3	GAGTCCTGTGACCAAGAAGCTTAT	1
215	214	4	AGTCCTGTGACCAAGAAGCTTATG	1
216	215	4	GTCCTGTGACCAAGAAGCTTATGT	1
217	216	4	TCCTGTGACCAAGAAGCTTATGTT	1
218	217	4	CCTGTGACCAAGAAGCTTATGTTA	1
219	218	4	CTGTGACCAAGAAGCTTATGTTAA	1
220	219	4	TGTGACCAAGAAGCTTATGTTAAA	1
221	220	4	GTGACCAAGAAGCTTATGTTAAAT	1
222	221	4	TGACCAAGAAGCTTATGTTAAATT	1
223	222	4	GACCAAGAAGCTTATGTTAAATTG	1
224	223	4	ACCAAGAAGCTTATGTTAAATTGG	1
225	224	4	CCAAGAAGCTTATGTTAAATTGGT	1
226	225	4	CAAGAAGCTTATGTTAAATTGGTT	1
227	226	5	AAGAAGCTTATGTTAAATTGGTTG	1
228	227	5	AGAAGCTTATGTTAAATTGGTTGA	1
229	228	5	GAAGCTTATGTTAAATTGGTTGAG	1
230	229	5	AAGCTTATGTTAAATTGGTTGAGG	1
231	230	5	AGCTTATGTTAAATTGGTTGAGGC	1
232	231	6	GCTTATGTTAAATTGGTTGAGGCT	1
233	232	6	CTTATGTTAAATTGGTTGAGGCTC	1
234	233	6	TTATGTTAAATTGGTTGAGGCTCT	1
235	234	6	TATGTTAAATTGGTTGAGGCTCTT	1
236	235	6	ATGTTAAATTGGTTGAGGCTCTTT	1
237	236	6	TGTTAAATTGGTTGAGGCTCTTTG	1
238	237	6	GTTAAATTGGTTGAGGCTCTTTGC	1
239	238	6	TTAAATTGGTTGAGGCTCTTTGCG	1
240	239	6	TAAATTGGTTGAGGCTCTTTGCGC	1
241	240	6	AAATTGGTTGAGGCTCTTTGCGCT	1
242	241	6	AATTGGTTGAGGCTCTTTGCGCTG	1
243	242	6	ATTGGTTGAGGCTCTTTGCGCTGA	1
244	243	6	TTGGTTGAGGCTCTTTGCGCTGAA	1
245	244	6	TGGTTGAGGCTCTTTGCGCTGAAT	1
246	245	6	GGTTGAGGCTCTTTGCGCTGAATC	1
247	246	5	GTTGAGGCTCTTTGCGCTGAATCT	1
248	247	5	TTGAGGCTCTTTGCGCTGAATCTG	1
249	248	5	TGAGGCTCTTTGCGCTGAATCTGA	1
250	249	5	GAGGCTCTTTGCGCTGAATCTGAG	1
251	250	5	AGGCTCTTTGCGCTGAATCTGAGA	1
252	251	5	GGCTCTTTGCGCTGAATCTGAGAC	1
253	252	5	GCTCTTTGCGCTGAATCTGAGACT	1
254	253	5	CTCTTTGCGCTGAATCTGAGACTC	1
255	254	5	TCTTTGCGCTGAATCTGAGACTCC	1
256	255	4	CTTTGCGCTGAATCTGAGACTCCT	1
257	256	4	TTTGCGCTGAATCTGAGACTCCTT	1
258	257	4	TTGCGCTGAATCTGAGACTCCTTT	1
259	258	3	TGCGCTGAATCTGAGACTCCTTTG	1
260	259	3	GCGCTGAATCTGAGACTCCTTTGA	1
261	260	3	CGCTGAATCTGAGACTCCTTTGAT	1
262	261	3	GCTGAATCTGAGACTCCTTTGATC	1
263	262	3	CTGAATCTGAGACTCCTTTGATCA	1
264	263	3	TGAATCTGAGACTCCTTTGATCAA	1
265	264	3	GAATCTGAGACTCCTTTGATCAAG	1
266	265	3	AATCTGAGACTCCTTTGATCAAGG	1
267	266	3	ATCTGAGACTCCTTTGATCAAGGT	1
268	267	3	TCTGAGACTCCTTTGATCAAGGTT	1
269	268	3	CTGAGACTCCTTTGATCAAGGTTG	1
270	269	3	TGAGACTCCTTTGATCAAGGTTGC	1
271	270	2	GAGACTCCTTTGATCAAGGTTGCC	1
272	271	2	AGACTCCTTTGATCAAGGTTGCCG	1
273	272	4	GACTCCTTTGATCAAGGTTGCCGA	1
274	273	4	ACTCCTTTGATCAAGGTTGCCGAC	1
275	274	4	CTCCTTTGATCAAGGTTGCCGACC	1
276	275	3	TCCTTTGATCAAGGTTGCCGACCC	1
277	276	4	CCTTTGATCAAGGTTGCCGACCCC	1
278	277	3	CTTTGATCAAGGTTGCCGACCCCA	1
279	278	3	TTTGATCAAGGTTGCCGACCCCAA	1
280	279	3	TTGATCAAGGTTGCCGACCCCAAG	1
281	280	3	TGATCAAGGTTGCCGACCCCAAGG	1
282	281	3	GATCAAGGTTGCCGACCCCAAGGT	1
283	282	3	ATCAAGGTTGCCGACCCCAAGGTT	1
284	283	3	TCAAGGTTGCCGACCCCAAGGTTT	1
285	284	3	CAAGGTTGCCGACCCCAAGGTTTT	1
286	285	3	AAGGTTGCCGACCCCAAGGTTTTG	1
287	286	3	AGGTTGCCGACCCCAAGGTTTTGG	1
288	287	3	GGTTGCCGACCCCAAGGTTTTGGG	1
289	288	3	GTTGCCGACCCCAAGGTTTTGGGT	1
290	289	3	TTGCCGACCCCAAGGTTTTGGGTG	1
291	290	3	TGCCGACCCCAAGGTTTTGGGTGA	1
292	291	3	GCCGACCCCAAGGTTTTGGGTGAA	1
293	292	3	CCGACCCCAAGGTTTTGGGTGAAT	1
294	293	3	CGACCCCAAGGTTTTGGGTGAATG	1
295	294	3	GACCCCAAGGTTTTGGGTGAATGG	1
296	295	3	ACCCCAAGGTTTTGGGTGAATGGG	1
297	296	3	CCCCAAGGTTTTGGGTGAATGGGC	1
298	297	3	CCCAAGGTTTTGGGTGAATGGGCT	1
299	298	3	CCAAGGTTTTGGGTGAATGGGCTG	1
300	299	3	CAAGGTTTTGGGTGAATGGGCTGG	1
301	300	3	AAGGTTTTGGGTGAATGGGCTGGC	1
302	301	3	AGGTTTTGGGTGAATGGGCTGGCC	1
303	302	3	GGTTTTGGGTGAATGGGCTGGCCT	1
304	303	3	GTTTTGGGTGAATGGGCTGGCCTT	1
305	304	3	TTTTGGGTGAATGGGCTGGCCTTT	1
306	305	3	TTTGGGTGAATGGGCTGGCCTTTG	1
307	306	3	TTGGGTGAATGGGCTGGCCTTTGT	1
308	307	3	TGGGTGAATGGGCTGGCCTTTGTG	1
309	308	3	GGGTGAATGGGCTGGCCTTTGTGT	1
310	309	3	GGTGAATGGGCTGGCCTTTGTGTC	1
311	310	3	GTGAATGGGCTGGCCTTTGTGTCC	1
312	311	3	TGAATGGGCTGGCCTTTGTGTCCT	1
313	312	4	GAATGGGCTGGCCTTTGTGTCCTT	1
314	313	4	AATGGGCTGGCCTTTGTGTCCTTG	1
315	314	4	ATGGGCTGGCCTTTGTGTCCTTGA	1
316	315	4	TGGGCTGGCCTTTGTGTCCTTGAC	1
317	316	3	GGGCTGGCCTTTGTGTCCTTGACC	1
318	317	4	GGCTGGCCTTTGTGTCCTTGACCG	1
319	318	4	GCTGGCCTTTGTGTCCTTGACCGT	1
320	319	4	CTGGCCTTTGTGTCCTTGACCGTG	1
321	320	3	TGGCCTTTGTGTCCTTGACCGTGA	1
322	321	3	GGCCTTTGTGTCCTTGACCGTGAC	1
323	322	3	GCCTTTGTGTCCTTGACCGTGACG	1
324	323	4	CCTTTGTGTCCTTGACCGTGACGG	1
325	324	5	CTTTGTGTCCTTGACCGTGACGGT	1
326	325	5	TTTGTGTCCTTGACCGTGACGGTA	1
327	326	5	TTGTGTCCTTGACCGTGACGGTAA	1
328	327	5	TGTGTCCTTGACCGTGACGGTAAT	1
329	328	5	GTGTCCTTGACCGTGACGGTAATG	1
330	329	5	TGTCCTTGACCGTGACGGTAATGC	1
331	330	5	GTCCTTGACCGTGACGGTAATGCC	1
332	331	5	TCCTTGACCGTGACGGTAATGCCC	1
333	332	5	CCTTGACCGTGACGGTAATGCCCG	1
334	333	5	CTTGACCGTGACGGTAATGCCCGT	1
335	334	5	TTGACCGTGACGGTAATGCCCGTA	1
336	335	5	TGACCGTGACGGTAATGCCCGTAA	1
337	336	6	GACCGTGACGGTAATGCCCGTAAG	1
338	337	6	ACCGTGACGGTAATGCCCGTAAGG	1
339	338	6	CCGTGACGGTAATGCCCGTAAGGT	1
340	339	6	CGTGACGGTAATGCCCGTAAGGTT	1
341	340	6	GTGACGGTAATGCCCGTAAGGTTG	1
342	341	6	TGACGGTAATGCCCGTAAGGTTGT	1
343	342	6	GACGGTAATGCCCGTAAGGTTGTT	1
344	343	5	ACGGTAATGCCCGTAAGGTTGTTG	1
345	344	5	CGGTAATGCCCGTAAGGTTGTTGG	1
346	345	5	GGTAATGCCCGTAAGGTTGTTGGA	1
347	346	5	GTAATGCCCGTAAGGTTGTTGGAT	1
348	347	5	TAATGCCCGTAAGGTTGTTGGATG	1
349	348	5	AATGCCCGTAAGGTTGTTGGATGC	1
350	349	5	ATGCCCGTAAGGTTGTTGGATGCT	1
351	350	5	TGCCCGTAAGGTTGTTGGATGCTC	1
352	351	5	GCCCGTAAGGTTGTTGGATGCTCT	1
353	352	5	CCCGTAAGGTTGTTGGATGCTCTT	1
354	353	5	CCGTAAGGTTGTTGGATGCTCTTG	1
355	354	5	CGTAAGGTTGTTGGATGCTCTTGT	1
356	355	5	GTAAGGTTGTTGGATGCTCTTGTG	1
357	356	4	TAAGGTTGTTGGATGCTCTTGTGT	1
358	357	4	AAGGTTGTTGGATGCTCTTGTGTT	1
359	358	4	AGGTTGTTGGATGCTCTTGTGTTG	1
360	359	4	GGTTGTTGGATGCTCTTGTGTTGC	1
361	360	4	GTTGTTGGATGCTCTTGTGTTGCT	1
362	361	3	TTGTTGGATGCTCTTGTGTTGCTG	1
363	362	3	TGTTGGATGCTCTTGTGTTGCTGT	1
364	363	3	GTTGGATGCTCTTGTGTTGCTGTT	1
365	364	3	TTGGATGCTCTTGTGTTGCTGTTA	1
366	365	3	TGGATGCTCTTGTGTTGCTGTTAC	1
367	366	3	GGATGCTCTTGTGTTGCTGTTACC	1
368	367	2	GATGCTCTTGTGTTGCTGTTACCG	1
369	368	1	ATGCTCTTGTGTTGCTGTTACCGA	1
370	369	1	TGCTCTTGTGTTGCTGTTACCGAC	1
371	370	1	GCTCTTGTGTTGCTGTTACCGACT	1
372	371	1	CTCTTGTGTTGCTGTTACCGACTA	1
373	372	2	TCTTGTGTTGCTGTTACCGACTAT	1
374	373	2	CTTGTGTTGCTGTTACCGACTATG	1
375	374	2	TTGTGTTGCTGTTACCGACTATGG	1
376	375	2	TGTGTTGCTGTTACCGACTATGGT	1
377	376	2	GTGTTGCTGTTACCGACTATGGTG	1
378	377	2	TGTTGCTGTTACCGACTATGGTGA	1
379	378	2	GTTGCTGTTACCGACTATGGTGAG	1
380	379	1	TTGCTGTTACCGACTATGGTGAGG	1
381	380	1	TGCTGTTACCGACTATGGTGAGGA	1
382	381	1	GCTGTTACCGACTATGGTGAGGAT	1
383	382	1	CTGTTACCGACTATGGTGAGGATT	1
384	383	1	TGTTACCGACTATGGTGAGGATTC	1
385	384	1	GTTACCGACTATGGTGAGGATTCC	1
386	385	1	TTACCGACTATGGTGAGGATTCCG	1
387	386	1	TACCGACTATGGTGAGGATTCCGC	1
388	387	1	ACCGACTATGGTGAGGATTCCGCT	1
389	388	1	CCGACTATGGTGAGGATTCCGCTG	1
390	389	2	CGACTATGGTGAGGATTCCGCTGC	1
391	390	2	GACTATGGTGAGGATTCCGCTGCT	1
392	391	2	ACTATGGTGAGGATTCCGCTGCTC	1
393	392	2	CTATGGTGAGGATTCCGCTGCTCT	1
394	393	2	TATGGTGAGGATTCCGCTGCTCTT	1
395	394	2	ATGGTGAGGATTCCGCTGCTCTTC	1
396	395	3	TGGTGAGGATTCCGCTGCTCTTCA	1
397	396	3	GGTGAGGATTCCGCTGCTCTTCAA	1
398	397	3	GTGAGGATTCCGCTGCTCTTCAAA	1
399	398	3	TGAGGATTCCGCTGCTCTTCAAAA	1
400	399	3	GAGGATTCCGCTGCTCTTCAAAAG	1
401	400	4	AGGATTCCGCTGCTCTTCAAAAGC	1
402	401	4	GGATTCCGCTGCTCTTCAAAAGCT	1
403	402	4	GATTCCGCTGCTCTTCAAAAGCTT	1
404	403	4	ATTCCGCTGCTCTTCAAAAGCTTT	1
405	404	4	TTCCGCTGCTCTTCAAAAGCTTTT	1
406	405	4	TCCGCTGCTCTTCAAAAGCTTTTG	1
407	406	4	CCGCTGCTCTTCAAAAGCTTTTGG	1
408	407	4	CGCTGCTCTTCAAAAGCTTTTGGA	1
409	408	4	GCTGCTCTTCAAAAGCTTTTGGAA	1
410	409	5	CTGCTCTTCAAAAGCTTTTGGAAA	1
411	410	5	TGCTCTTCAAAAGCTTTTGGAAAG	1
412	411	5	GCTCTTCAAAAGCTTTTGGAAAGC	1
413	412	5	CTCTTCAAAAGCTTTTGGAAAGCT	1
414	413	5	TCTTCAAAAGCTTTTGGAAAGCTT	1
415	414	5	CTTCAAAAGCTTTTGGAAAGCTTC	1
416	415	5	TTCAAAAGCTTTTGGAAAGCTTCT	1
417	416	4	TCAAAAGCTTTTGGAAAGCTTCTC	1
418	417	4	CAAAAGCTTTTGGAAAGCTTCTCT	1
419	418	4	AAAAGCTTTTGGAAAGCTTCTCTG	1
420	419	4	AAAGCTTTTGGAAAGCTTCTCTGC	1
421	420	4	AAGCTTTTGGAAAGCTTCTCTGCC	1
422	421	4	AGCTTTTGGAAAGCTTCTCTGCCT	1
423	422	4	GCTTTTGGAAAGCTTCTCTGCCTA	1
424	423	4	CTTTTGGAAAGCTTCTCTGCCTAA	1
425	424	4	TTTTGGAAAGCTTCTCTGCCTAAA	1
426	425	4	TTTGGAAAGCTTCTCTGCCTAAAC	1
427	426	4	TTGGAAAGCTTCTCTGCCTAAACT	1
428	427	4	TGGAAAGCTTCTCTGCCTAAACTA	1
429	428	4	GGAAAGCTTCTCTGCCTAAACTAT	1
430	429	4	GAAAGCTTCTCTGCCTAAACTATC	1
431	430	4	AAAGCTTCTCTGCCTAAACTATCT	1
432	431	4	AAGCTTCTCTGCCTAAACTATCTA	1
433	432	4	AGCTTCTCTGCCTAAACTATCTAG	1
434	433	3	GCTTCTCTGCCTAAACTATCTAGT	1
435	434	3	CTTCTCTGCCTAAACTATCTAGTG	1
436	435	3	TTCTCTGCCTAAACTATCTAGTGG	1
437	436	3	TCTCTGCCTAAACTATCTAGTGGT	1
438	437	3	CTCTGCCTAAACTATCTAGTGGTA	1
439	438	3	TCTGCCTAAACTATCTAGTGGTAA	1
440	439	2	CTGCCTAAACTATCTAGTGGTAAA	1
441	440	2	TGCCTAAACTATCTAGTGGTAAAC	1
442	441	2	GCCTAAACTATCTAGTGGTAAACG	1
443	442	1	CCTAAACTATCTAGTGGTAAACGA	1
444	443	1	CTAAACTATCTAGTGGTAAACGAA	1
