Component 738
1	-1	0	ACCAAAAACAGCAAGAAAAATGGC	1
2	1	1	CCAAAAACAGCAAGAAAAATGGCC	1
3	2	4	CAAAAACAGCAAGAAAAATGGCCA	1
4	3	5	AAAAACAGCAAGAAAAATGGCCAA	1
5	4	7	AAAACAGCAAGAAAAATGGCCAAT	1
6	5	7	AAACAGCAAGAAAAATGGCCAATC	1
7	6	9	AACAGCAAGAAAAATGGCCAATCT	1
8	7	9	ACAGCAAGAAAAATGGCCAATCTT	1
9	8	9	CAGCAAGAAAAATGGCCAATCTTA	1
10	9	10	AGCAAGAAAAATGGCCAATCTTAG	1
11	10	10	GCAAGAAAAATGGCCAATCTTAGA	1
12	11	10	CAAGAAAAATGGCCAATCTTAGAA	1
13	12	11	AAGAAAAATGGCCAATCTTAGAAC	1
14	13	13	AGAAAAATGGCCAATCTTAGAACG	1
15	14	21	GAAAAATGGCCAATCTTAGAACGC	1
16	15	22	AAAAATGGCCAATCTTAGAACGCA	1
17	16	22	AAAATGGCCAATCTTAGAACGCAG	1
18	17	22	AAATGGCCAATCTTAGAACGCAGA	1
19	18	22	AATGGCCAATCTTAGAACGCAGAA	1
20	19	22	ATGGCCAATCTTAGAACGCAGAAG	1
21	20	22	TGGCCAATCTTAGAACGCAGAAGC	1
22	21	22	GGCCAATCTTAGAACGCAGAAGCG	1
23	22	24	GCCAATCTTAGAACGCAGAAGCGA	1
24	23	25	CCAATCTTAGAACGCAGAAGCGAC	1
25	24	25	CAATCTTAGAACGCAGAAGCGACT	1
26	25	25	AATCTTAGAACGCAGAAGCGACTT	1
27	26	25	ATCTTAGAACGCAGAAGCGACTTG	1
28	27	25	TCTTAGAACGCAGAAGCGACTTGC	1
29	28	25	CTTAGAACGCAGAAGCGACTTGCT	1
30	29	24	TTAGAACGCAGAAGCGACTTGCTG	1
31	30	24	TAGAACGCAGAAGCGACTTGCTGC	1
32	31	24	AGAACGCAGAAGCGACTTGCTGCA	1
33	32	23	GAACGCAGAAGCGACTTGCTGCAT	1
34	33	24	AACGCAGAAGCGACTTGCTGCATC	1
35	34	24	ACGCAGAAGCGACTTGCTGCATCC	1
36	35	24	CGCAGAAGCGACTTGCTGCATCCG	1
37	36	24	GCAGAAGCGACTTGCTGCATCCGT	1
38	37	24	CAGAAGCGACTTGCTGCATCCGTC	1
39	38	24	AGAAGCGACTTGCTGCATCCGTCC	1
40	39	24	GAAGCGACTTGCTGCATCCGTCCT	1
41	40	24	AAGCGACTTGCTGCATCCGTCCTT	1
42	41	24	AGCGACTTGCTGCATCCGTCCTTA	1
43	42	24	GCGACTTGCTGCATCCGTCCTTAA	1
44	43	24	CGACTTGCTGCATCCGTCCTTAAA	1
45	44	24	GACTTGCTGCATCCGTCCTTAAAT	1
46	45	23	ACTTGCTGCATCCGTCCTTAAATG	1
47	46	20	CTTGCTGCATCCGTCCTTAAATGC	1
48	47	20	TTGCTGCATCCGTCCTTAAATGCG	1
49	48	18	TGCTGCATCCGTCCTTAAATGCGG	1
50	49	18	GCTGCATCCGTCCTTAAATGCGGC	1
51	50	16	CTGCATCCGTCCTTAAATGCGGCA	1
52	51	16	TGCATCCGTCCTTAAATGCGGCAA	1
53	52	17	GCATCCGTCCTTAAATGCGGCAAA	1
54	53	16	CATCCGTCCTTAAATGCGGCAAAC	1
55	54	17	ATCCGTCCTTAAATGCGGCAAACG	1
56	55	18	TCCGTCCTTAAATGCGGCAAACGC	1
57	56	17	CCGTCCTTAAATGCGGCAAACGCA	1
58	57	16	CGTCCTTAAATGCGGCAAACGCAA	1
59	58	8	GTCCTTAAATGCGGCAAACGCAAA	1
60	59	7	TCCTTAAATGCGGCAAACGCAAAG	1
61	60	7	CCTTAAATGCGGCAAACGCAAAGT	1
62	61	7	CTTAAATGCGGCAAACGCAAAGTT	1
63	62	7	TTAAATGCGGCAAACGCAAAGTTT	1
64	63	7	TAAATGCGGCAAACGCAAAGTTTG	1
65	64	7	AAATGCGGCAAACGCAAAGTTTGG	1
66	65	7	AATGCGGCAAACGCAAAGTTTGGA	1
67	66	5	ATGCGGCAAACGCAAAGTTTGGAT	1
68	67	4	TGCGGCAAACGCAAAGTTTGGATG	1
69	68	4	GCGGCAAACGCAAAGTTTGGATGG	1
70	69	4	CGGCAAACGCAAAGTTTGGATGGA	1
71	70	4	GGCAAACGCAAAGTTTGGATGGAT	1
72	71	5	GCAAACGCAAAGTTTGGATGGATC	1
73	72	5	CAAACGCAAAGTTTGGATGGATCC	1
74	73	5	AAACGCAAAGTTTGGATGGATCCT	1
75	74	5	AACGCAAAGTTTGGATGGATCCTA	1
76	75	5	ACGCAAAGTTTGGATGGATCCTAA	1
77	76	5	CGCAAAGTTTGGATGGATCCTAAT	1
78	77	5	GCAAAGTTTGGATGGATCCTAATG	1
79	78	5	CAAAGTTTGGATGGATCCTAATGA	1
80	79	5	AAAGTTTGGATGGATCCTAATGAA	1
81	80	5	AAGTTTGGATGGATCCTAATGAAA	1
82	81	5	AGTTTGGATGGATCCTAATGAAAT	1
83	82	5	GTTTGGATGGATCCTAATGAAATC	1
84	83	5	TTTGGATGGATCCTAATGAAATCA	1
85	84	5	TTGGATGGATCCTAATGAAATCAG	1
86	85	5	TGGATGGATCCTAATGAAATCAGC	1
87	86	5	GGATGGATCCTAATGAAATCAGCG	1
88	87	5	GATGGATCCTAATGAAATCAGCGA	1
89	88	4	ATGGATCCTAATGAAATCAGCGAA	1
90	89	4	TGGATCCTAATGAAATCAGCGAAA	1
91	90	4	GGATCCTAATGAAATCAGCGAAAT	1
92	91	3	GATCCTAATGAAATCAGCGAAATC	1
93	92	3	ATCCTAATGAAATCAGCGAAATCA	1
94	93	3	TCCTAATGAAATCAGCGAAATCAG	1
95	94	2	CCTAATGAAATCAGCGAAATCAGC	1
96	95	2	CTAATGAAATCAGCGAAATCAGCA	1
97	96	2	TAATGAAATCAGCGAAATCAGCAA	1
98	97	2	AATGAAATCAGCGAAATCAGCAAT	1
99	98	3	ATGAAATCAGCGAAATCAGCAATG	1
100	99	2	TGAAATCAGCGAAATCAGCAATGC	1
101	100	2	GAAATCAGCGAAATCAGCAATGCC	1
102	101	2	AAATCAGCGAAATCAGCAATGCCA	1
103	102	2	AATCAGCGAAATCAGCAATGCCAA	1
104	103	2	ATCAGCGAAATCAGCAATGCCAAC	1
105	104	2	TCAGCGAAATCAGCAATGCCAACA	1
106	105	2	CAGCGAAATCAGCAATGCCAACAG	1
107	106	3	AGCGAAATCAGCAATGCCAACAGC	1
108	107	3	GCGAAATCAGCAATGCCAACAGCC	1
109	108	4	CGAAATCAGCAATGCCAACAGCCG	1
110	109	4	GAAATCAGCAATGCCAACAGCCGT	1
111	110	4	AAATCAGCAATGCCAACAGCCGTC	1
112	111	5	AATCAGCAATGCCAACAGCCGTCA	1
113	112	5	ATCAGCAATGCCAACAGCCGTCAA	1
114	113	5	TCAGCAATGCCAACAGCCGTCAAA	1
115	114	5	CAGCAATGCCAACAGCCGTCAAAA	1
116	115	5	AGCAATGCCAACAGCCGTCAAAAC	1
117	116	5	GCAATGCCAACAGCCGTCAAAACG	1
118	117	5	CAATGCCAACAGCCGTCAAAACGT	1
119	118	5	AATGCCAACAGCCGTCAAAACGTC	1
120	119	5	ATGCCAACAGCCGTCAAAACGTCC	1
121	120	5	TGCCAACAGCCGTCAAAACGTCCG	1
122	121	4	GCCAACAGCCGTCAAAACGTCCGT	1
123	122	4	CCAACAGCCGTCAAAACGTCCGTA	1
124	123	4	CAACAGCCGTCAAAACGTCCGTAA	1
125	124	4	AACAGCCGTCAAAACGTCCGTAAG	1
126	125	4	ACAGCCGTCAAAACGTCCGTAAGT	1
127	126	4	CAGCCGTCAAAACGTCCGTAAGTT	1
128	127	4	AGCCGTCAAAACGTCCGTAAGTTG	1
129	128	4	GCCGTCAAAACGTCCGTAAGTTGA	1
130	129	4	CCGTCAAAACGTCCGTAAGTTGAT	1
131	130	4	CGTCAAAACGTCCGTAAGTTGATT	1
132	131	6	GTCAAAACGTCCGTAAGTTGATTA	1
133	132	6	TCAAAACGTCCGTAAGTTGATTAA	1
134	133	6	CAAAACGTCCGTAAGTTGATTAAG	1
135	134	6	AAAACGTCCGTAAGTTGATTAAGG	1
136	135	7	AAACGTCCGTAAGTTGATTAAGGA	1
137	136	7	AACGTCCGTAAGTTGATTAAGGAC	1
138	137	7	ACGTCCGTAAGTTGATTAAGGACG	1
139	138	7	CGTCCGTAAGTTGATTAAGGACGG	1
140	139	7	GTCCGTAAGTTGATTAAGGACGGT	1
141	140	7	TCCGTAAGTTGATTAAGGACGGTT	1
142	141	7	CCGTAAGTTGATTAAGGACGGTTT	1
143	142	6	CGTAAGTTGATTAAGGACGGTTTG	1
144	143	7	GTAAGTTGATTAAGGACGGTTTGG	1
145	144	7	TAAGTTGATTAAGGACGGTTTGGT	1
146	145	7	AAGTTGATTAAGGACGGTTTGGTT	1
147	146	7	AGTTGATTAAGGACGGTTTGGTTA	1
148	147	8	GTTGATTAAGGACGGTTTGGTTAT	1
149	148	8	TTGATTAAGGACGGTTTGGTTATT	1
150	149	8	TGATTAAGGACGGTTTGGTTATTC	1
151	150	7	GATTAAGGACGGTTTGGTTATTCG	1
152	151	7	ATTAAGGACGGTTTGGTTATTCGC	1
153	152	6	TTAAGGACGGTTTGGTTATTCGCA	1
154	153	6	TAAGGACGGTTTGGTTATTCGCAA	1
155	154	6	AAGGACGGTTTGGTTATTCGCAAG	1
156	155	5	AGGACGGTTTGGTTATTCGCAAGC	1
157	156	5	GGACGGTTTGGTTATTCGCAAGCC	1
158	157	5	GACGGTTTGGTTATTCGCAAGCCT	1
159	158	6	ACGGTTTGGTTATTCGCAAGCCTA	1
160	159	7	CGGTTTGGTTATTCGCAAGCCTAA	1
161	160	9	GGTTTGGTTATTCGCAAGCCTAAC	1
162	161	9	GTTTGGTTATTCGCAAGCCTAACT	1
163	162	9	TTTGGTTATTCGCAAGCCTAACTT	1
164	163	9	TTGGTTATTCGCAAGCCTAACTTG	1
165	164	9	TGGTTATTCGCAAGCCTAACTTGA	1
166	165	9	GGTTATTCGCAAGCCTAACTTGAT	1
167	166	9	GTTATTCGCAAGCCTAACTTGATG	1
168	167	9	TTATTCGCAAGCCTAACTTGATGC	1
169	168	9	TATTCGCAAGCCTAACTTGATGCA	1
170	169	9	ATTCGCAAGCCTAACTTGATGCAT	1
171	170	10	TTCGCAAGCCTAACTTGATGCATT	1
172	171	10	TCGCAAGCCTAACTTGATGCATTC	1
173	172	11	CGCAAGCCTAACTTGATGCATTCT	1
174	173	11	GCAAGCCTAACTTGATGCATTCTC	1
175	174	12	CAAGCCTAACTTGATGCATTCTCG	1
176	175	10	AAGCCTAACTTGATGCATTCTCGC	1
177	176	10	AGCCTAACTTGATGCATTCTCGCT	1
178	177	11	GCCTAACTTGATGCATTCTCGCTT	1
179	178	13	CCTAACTTGATGCATTCTCGCTTC	1
180	179	13	CTAACTTGATGCATTCTCGCTTCC	1
181	180	13	TAACTTGATGCATTCTCGCTTCCG	1
182	181	13	AACTTGATGCATTCTCGCTTCCGC	1
183	182	15	ACTTGATGCATTCTCGCTTCCGCA	1
184	183	16	CTTGATGCATTCTCGCTTCCGCAT	1
185	184	16	TTGATGCATTCTCGCTTCCGCATT	1
186	185	16	TGATGCATTCTCGCTTCCGCATTC	1
187	186	16	GATGCATTCTCGCTTCCGCATTCG	1
188	187	15	ATGCATTCTCGCTTCCGCATTCGT	1
189	188	15	TGCATTCTCGCTTCCGCATTCGTA	1
190	189	15	GCATTCTCGCTTCCGCATTCGTAA	1
191	190	15	CATTCTCGCTTCCGCATTCGTAAG	1
192	191	15	ATTCTCGCTTCCGCATTCGTAAGA	1
193	192	15	TTCTCGCTTCCGCATTCGTAAGAC	1
194	193	15	TCTCGCTTCCGCATTCGTAAGACC	1
195	194	16	CTCGCTTCCGCATTCGTAAGACCC	1
196	195	17	TCGCTTCCGCATTCGTAAGACCCA	1
197	196	17	CGCTTCCGCATTCGTAAGACCCAT	1
198	197	18	GCTTCCGCATTCGTAAGACCCATG	1
199	198	18	CTTCCGCATTCGTAAGACCCATGC	1
200	199	18	TTCCGCATTCGTAAGACCCATGCC	1
201	200	17	TCCGCATTCGTAAGACCCATGCCG	1
202	201	17	CCGCATTCGTAAGACCCATGCCGC	1
203	202	16	CGCATTCGTAAGACCCATGCCGCC	1
204	203	16	GCATTCGTAAGACCCATGCCGCCA	1
205	204	15	CATTCGTAAGACCCATGCCGCCAA	1
206	205	15	ATTCGTAAGACCCATGCCGCCAAG	1
207	206	14	TTCGTAAGACCCATGCCGCCAAGC	1
208	207	14	TCGTAAGACCCATGCCGCCAAGCG	1
209	208	14	CGTAAGACCCATGCCGCCAAGCGT	1
210	209	15	GTAAGACCCATGCCGCCAAGCGTC	1
211	210	17	TAAGACCCATGCCGCCAAGCGTCT	1
212	211	18	AAGACCCATGCCGCCAAGCGTCTT	1
213	212	18	AGACCCATGCCGCCAAGCGTCTTG	1
214	213	18	GACCCATGCCGCCAAGCGTCTTGG	1
215	214	17	ACCCATGCCGCCAAGCGTCTTGGT	1
216	215	17	CCCATGCCGCCAAGCGTCTTGGTC	1
217	216	16	CCATGCCGCCAAGCGTCTTGGTCG	1
218	217	16	CATGCCGCCAAGCGTCTTGGTCGT	1
219	218	16	ATGCCGCCAAGCGTCTTGGTCGTC	1
220	219	16	TGCCGCCAAGCGTCTTGGTCGTCA	1
221	220	16	GCCGCCAAGCGTCTTGGTCGTCAC	1
222	221	15	CCGCCAAGCGTCTTGGTCGTCACA	1
223	222	13	CGCCAAGCGTCTTGGTCGTCACAC	1
224	223	13	GCCAAGCGTCTTGGTCGTCACACC	1
225	224	13	CCAAGCGTCTTGGTCGTCACACCG	1
226	225	14	CAAGCGTCTTGGTCGTCACACCGG	1
227	226	10	AAGCGTCTTGGTCGTCACACCGGT	1
228	227	10	AGCGTCTTGGTCGTCACACCGGTT	1
229	228	10	GCGTCTTGGTCGTCACACCGGTTA	1
230	229	10	CGTCTTGGTCGTCACACCGGTTAC	1
231	230	10	GTCTTGGTCGTCACACCGGTTACG	1
232	231	10	TCTTGGTCGTCACACCGGTTACGG	1
233	232	10	CTTGGTCGTCACACCGGTTACGGT	1
234	233	10	TTGGTCGTCACACCGGTTACGGTA	1
235	234	10	TGGTCGTCACACCGGTTACGGTAA	1
236	235	10	GGTCGTCACACCGGTTACGGTAAG	1
237	236	10	GTCGTCACACCGGTTACGGTAAGC	1
238	237	10	TCGTCACACCGGTTACGGTAAGCG	1
239	238	10	CGTCACACCGGTTACGGTAAGCGT	1
240	239	9	GTCACACCGGTTACGGTAAGCGTA	1
241	240	9	TCACACCGGTTACGGTAAGCGTAA	1
242	241	8	CACACCGGTTACGGTAAGCGTAAG	1
243	242	9	ACACCGGTTACGGTAAGCGTAAGG	1
244	243	9	CACCGGTTACGGTAAGCGTAAGGG	1
245	244	9	ACCGGTTACGGTAAGCGTAAGGGT	1
246	245	10	CCGGTTACGGTAAGCGTAAGGGTA	1
247	246	11	CGGTTACGGTAAGCGTAAGGGTAC	1
248	247	9	GGTTACGGTAAGCGTAAGGGTACT	1
249	248	10	GTTACGGTAAGCGTAAGGGTACTG	1
250	249	10	TTACGGTAAGCGTAAGGGTACTGC	1
251	250	10	TACGGTAAGCGTAAGGGTACTGCC	1
252	251	10	ACGGTAAGCGTAAGGGTACTGCCG	1
253	252	11	CGGTAAGCGTAAGGGTACTGCCGA	1
254	253	11	GGTAAGCGTAAGGGTACTGCCGAA	1
255	254	9	GTAAGCGTAAGGGTACTGCCGAAG	1
256	255	9	TAAGCGTAAGGGTACTGCCGAAGC	1
257	256	9	AAGCGTAAGGGTACTGCCGAAGCT	1
258	257	9	AGCGTAAGGGTACTGCCGAAGCTC	1
259	258	9	GCGTAAGGGTACTGCCGAAGCTCG	1
260	259	9	CGTAAGGGTACTGCCGAAGCTCGT	1
261	260	9	GTAAGGGTACTGCCGAAGCTCGTA	1
262	261	9	TAAGGGTACTGCCGAAGCTCGTAT	1
263	262	8	AAGGGTACTGCCGAAGCTCGTATG	1
264	263	8	AGGGTACTGCCGAAGCTCGTATGC	1
265	264	8	GGGTACTGCCGAAGCTCGTATGCC	1
266	265	8	GGTACTGCCGAAGCTCGTATGCCC	1
267	266	7	GTACTGCCGAAGCTCGTATGCCCT	1
268	267	7	TACTGCCGAAGCTCGTATGCCCTC	1
269	268	7	ACTGCCGAAGCTCGTATGCCCTCT	1
270	269	7	CTGCCGAAGCTCGTATGCCCTCTG	1
271	270	6	TGCCGAAGCTCGTATGCCCTCTGC	1
272	271	7	GCCGAAGCTCGTATGCCCTCTGCT	1
273	272	7	CCGAAGCTCGTATGCCCTCTGCTG	1
274	273	7	CGAAGCTCGTATGCCCTCTGCTGT	1
275	274	7	GAAGCTCGTATGCCCTCTGCTGTT	1
276	275	7	AAGCTCGTATGCCCTCTGCTGTTG	1
277	276	7	AGCTCGTATGCCCTCTGCTGTTGT	1
278	277	7	GCTCGTATGCCCTCTGCTGTTGTT	1
279	278	7	CTCGTATGCCCTCTGCTGTTGTTT	1
280	279	7	TCGTATGCCCTCTGCTGTTGTTTG	1
281	280	7	CGTATGCCCTCTGCTGTTGTTTGG	1
282	281	7	GTATGCCCTCTGCTGTTGTTTGGA	1
283	282	7	TATGCCCTCTGCTGTTGTTTGGAT	1
284	283	7	ATGCCCTCTGCTGTTGTTTGGATG	1
285	284	7	TGCCCTCTGCTGTTGTTTGGATGC	1
286	285	7	GCCCTCTGCTGTTGTTTGGATGCG	1
287	286	6	CCCTCTGCTGTTGTTTGGATGCGC	1
288	287	6	CCTCTGCTGTTGTTTGGATGCGCC	1
289	288	6	CTCTGCTGTTGTTTGGATGCGCCG	1
290	289	4	TCTGCTGTTGTTTGGATGCGCCGT	1
291	290	4	CTGCTGTTGTTTGGATGCGCCGTC	1
292	291	4	TGCTGTTGTTTGGATGCGCCGTCA	1
293	292	3	GCTGTTGTTTGGATGCGCCGTCAA	1
294	293	3	CTGTTGTTTGGATGCGCCGTCAAC	1
295	294	3	TGTTGTTTGGATGCGCCGTCAACG	1
296	295	4	GTTGTTTGGATGCGCCGTCAACGT	1
297	296	3	TTGTTTGGATGCGCCGTCAACGTG	1
298	297	3	TGTTTGGATGCGCCGTCAACGTGT	1
299	298	4	GTTTGGATGCGCCGTCAACGTGTT	1
300	299	3	TTTGGATGCGCCGTCAACGTGTTT	1
301	300	3	TTGGATGCGCCGTCAACGTGTTTT	1
302	301	3	TGGATGCGCCGTCAACGTGTTTTG	1
303	302	3	GGATGCGCCGTCAACGTGTTTTGC	1
304	303	3	GATGCGCCGTCAACGTGTTTTGCG	1
305	304	3	ATGCGCCGTCAACGTGTTTTGCGT	1
306	305	3	TGCGCCGTCAACGTGTTTTGCGTC	1
307	306	3	GCGCCGTCAACGTGTTTTGCGTCG	1
308	307	3	CGCCGTCAACGTGTTTTGCGTCGT	1
309	308	3	GCCGTCAACGTGTTTTGCGTCGTC	1
310	309	4	CCGTCAACGTGTTTTGCGTCGTCT	1
311	310	4	CGTCAACGTGTTTTGCGTCGTCTT	1
312	311	4	GTCAACGTGTTTTGCGTCGTCTTC	1
313	312	5	TCAACGTGTTTTGCGTCGTCTTCT	1
314	313	7	CAACGTGTTTTGCGTCGTCTTCTT	1
315	314	7	AACGTGTTTTGCGTCGTCTTCTTC	1
316	315	6	ACGTGTTTTGCGTCGTCTTCTTCG	1
317	316	6	CGTGTTTTGCGTCGTCTTCTTCGC	1
318	317	6	GTGTTTTGCGTCGTCTTCTTCGCA	1
319	318	6	TGTTTTGCGTCGTCTTCTTCGCAA	1
320	319	6	GTTTTGCGTCGTCTTCTTCGCAAG	1
321	320	6	TTTTGCGTCGTCTTCTTCGCAAGT	1
322	321	6	TTTGCGTCGTCTTCTTCGCAAGTA	1
323	322	6	TTGCGTCGTCTTCTTCGCAAGTAT	1
324	323	6	TGCGTCGTCTTCTTCGCAAGTATC	1
325	324	7	GCGTCGTCTTCTTCGCAAGTATCG	1
326	325	7	CGTCGTCTTCTTCGCAAGTATCGT	1
327	326	8	GTCGTCTTCTTCGCAAGTATCGTG	1
328	327	9	TCGTCTTCTTCGCAAGTATCGTGA	1
329	328	9	CGTCTTCTTCGCAAGTATCGTGAG	1
330	329	9	GTCTTCTTCGCAAGTATCGTGAGT	1
331	330	11	TCTTCTTCGCAAGTATCGTGAGTC	1
332	331	11	CTTCTTCGCAAGTATCGTGAGTCT	1
333	332	12	TTCTTCGCAAGTATCGTGAGTCTG	1
334	333	11	TCTTCGCAAGTATCGTGAGTCTGG	1
335	334	11	CTTCGCAAGTATCGTGAGTCTGGC	1
336	335	12	TTCGCAAGTATCGTGAGTCTGGCA	1
337	336	12	TCGCAAGTATCGTGAGTCTGGCAA	1
338	337	12	CGCAAGTATCGTGAGTCTGGCAAG	1
339	338	12	GCAAGTATCGTGAGTCTGGCAAGA	1
340	339	12	CAAGTATCGTGAGTCTGGCAAGAT	1
341	340	13	AAGTATCGTGAGTCTGGCAAGATT	1
342	341	13	AGTATCGTGAGTCTGGCAAGATTG	1
343	342	12	GTATCGTGAGTCTGGCAAGATTGA	1
344	343	12	TATCGTGAGTCTGGCAAGATTGAT	1
345	344	12	ATCGTGAGTCTGGCAAGATTGATA	1
346	345	12	TCGTGAGTCTGGCAAGATTGATAA	1
347	346	12	CGTGAGTCTGGCAAGATTGATAAG	1
348	347	14	GTGAGTCTGGCAAGATTGATAAGC	1
349	348	14	TGAGTCTGGCAAGATTGATAAGCA	1
350	349	13	GAGTCTGGCAAGATTGATAAGCAT	1
351	350	13	AGTCTGGCAAGATTGATAAGCATC	1
352	351	13	GTCTGGCAAGATTGATAAGCATCT	1
353	352	16	TCTGGCAAGATTGATAAGCATCTT	1
354	353	15	CTGGCAAGATTGATAAGCATCTTT	1
355	354	15	TGGCAAGATTGATAAGCATCTTTA	1
356	355	15	GGCAAGATTGATAAGCATCTTTAT	1
357	356	14	GCAAGATTGATAAGCATCTTTATC	1
358	357	15	CAAGATTGATAAGCATCTTTATCA	1
359	358	15	AAGATTGATAAGCATCTTTATCAC	1
360	359	16	AGATTGATAAGCATCTTTATCACA	1
361	360	16	GATTGATAAGCATCTTTATCACAC	1
362	361	16	ATTGATAAGCATCTTTATCACACT	1
363	362	16	TTGATAAGCATCTTTATCACACTC	1
364	363	16	TGATAAGCATCTTTATCACACTCT	1
365	364	16	GATAAGCATCTTTATCACACTCTT	1
366	365	16	ATAAGCATCTTTATCACACTCTTT	1
367	366	16	TAAGCATCTTTATCACACTCTTTA	1
368	367	16	AAGCATCTTTATCACACTCTTTAT	1
369	368	15	AGCATCTTTATCACACTCTTTATT	1
370	369	15	GCATCTTTATCACACTCTTTATTT	1
371	370	14	CATCTTTATCACACTCTTTATTTG	1
372	371	13	ATCTTTATCACACTCTTTATTTGG	1
373	372	13	TCTTTATCACACTCTTTATTTGGA	1
374	373	14	CTTTATCACACTCTTTATTTGGAA	1
375	374	12	TTTATCACACTCTTTATTTGGAAG	1
376	375	12	TTATCACACTCTTTATTTGGAAGC	1
377	376	11	TATCACACTCTTTATTTGGAAGCT	1
378	377	11	ATCACACTCTTTATTTGGAAGCTA	1
379	378	11	TCACACTCTTTATTTGGAAGCTAA	1
380	379	10	CACACTCTTTATTTGGAAGCTAAG	1
381	380	10	ACACTCTTTATTTGGAAGCTAAGG	1
382	381	10	CACTCTTTATTTGGAAGCTAAGGG	1
383	382	10	ACTCTTTATTTGGAAGCTAAGGGT	1
384	383	10	CTCTTTATTTGGAAGCTAAGGGTA	1
385	384	10	TCTTTATTTGGAAGCTAAGGGTAA	1
386	385	10	CTTTATTTGGAAGCTAAGGGTAAC	1
387	386	10	TTTATTTGGAAGCTAAGGGTAACA	1
388	387	11	TTATTTGGAAGCTAAGGGTAACAC	1
389	388	11	TATTTGGAAGCTAAGGGTAACACC	1
390	389	11	ATTTGGAAGCTAAGGGTAACACCT	1
391	390	11	TTTGGAAGCTAAGGGTAACACCTT	1
392	391	9	TTGGAAGCTAAGGGTAACACCTTT	1
393	392	9	TGGAAGCTAAGGGTAACACCTTTA	1
394	393	9	GGAAGCTAAGGGTAACACCTTTAA	1
395	394	9	GAAGCTAAGGGTAACACCTTTAAA	1
396	395	9	AAGCTAAGGGTAACACCTTTAAAC	1
397	396	5	AGCTAAGGGTAACACCTTTAAACA	1
398	397	5	GCTAAGGGTAACACCTTTAAACAC	1
399	398	5	CTAAGGGTAACACCTTTAAACACA	1
400	399	5	TAAGGGTAACACCTTTAAACACAA	1
401	400	5	AAGGGTAACACCTTTAAACACAAG	1
402	401	2	AGGGTAACACCTTTAAACACAAGC	1
403	402	2	GGGTAACACCTTTAAACACAAGCG	1
404	403	2	GGTAACACCTTTAAACACAAGCGT	1
405	404	2	GTAACACCTTTAAACACAAGCGTG	1
406	405	2	TAACACCTTTAAACACAAGCGTGC	1
407	406	2	AACACCTTTAAACACAAGCGTGCT	1
408	407	2	ACACCTTTAAACACAAGCGTGCTT	1
409	408	2	CACCTTTAAACACAAGCGTGCTTT	1
410	409	2	ACCTTTAAACACAAGCGTGCTTTA	1
411	410	2	CCTTTAAACACAAGCGTGCTTTAA	1
412	411	2	CTTTAAACACAAGCGTGCTTTAAT	1
413	412	2	TTTAAACACAAGCGTGCTTTAATT	1
414	413	2	TTAAACACAAGCGTGCTTTAATTG	1
415	414	2	TAAACACAAGCGTGCTTTAATTGA	1
416	415	2	AAACACAAGCGTGCTTTAATTGAG	1
417	416	2	AACACAAGCGTGCTTTAATTGAGC	1
418	417	2	ACACAAGCGTGCTTTAATTGAGCA	1
419	418	2	CACAAGCGTGCTTTAATTGAGCAT	1
420	419	2	ACAAGCGTGCTTTAATTGAGCATA	1
421	420	2	CAAGCGTGCTTTAATTGAGCATAT	1
422	421	2	AAGCGTGCTTTAATTGAGCATATT	1
423	422	2	AGCGTGCTTTAATTGAGCATATTC	1
424	423	2	GCGTGCTTTAATTGAGCATATTCA	1
425	424	2	CGTGCTTTAATTGAGCATATTCAA	1
426	425	3	GTGCTTTAATTGAGCATATTCAAC	1
427	426	3	TGCTTTAATTGAGCATATTCAACG	1
428	427	3	GCTTTAATTGAGCATATTCAACGT	1
429	428	3	CTTTAATTGAGCATATTCAACGTG	1
430	429	3	TTTAATTGAGCATATTCAACGTGC	1
431	430	3	TTAATTGAGCATATTCAACGTGCC	1
432	431	2	TAATTGAGCATATTCAACGTGCCA	1
433	432	2	AATTGAGCATATTCAACGTGCCAA	1
434	433	2	ATTGAGCATATTCAACGTGCCAAG	1
435	434	2	TTGAGCATATTCAACGTGCCAAGG	1
436	435	2	TGAGCATATTCAACGTGCCAAGGC	1
437	436	2	GAGCATATTCAACGTGCCAAGGCT	1
438	437	3	AGCATATTCAACGTGCCAAGGCTG	1
439	438	3	GCATATTCAACGTGCCAAGGCTGA	1
440	439	3	CATATTCAACGTGCCAAGGCTGAG	1
441	440	3	ATATTCAACGTGCCAAGGCTGAGG	1
442	441	3	TATTCAACGTGCCAAGGCTGAGGC	1
443	442	3	ATTCAACGTGCCAAGGCTGAGGCC	1
444	443	3	TTCAACGTGCCAAGGCTGAGGCCA	1
445	444	3	TCAACGTGCCAAGGCTGAGGCCAA	1
446	445	3	CAACGTGCCAAGGCTGAGGCCAAC	1
447	446	3	AACGTGCCAAGGCTGAGGCCAACC	1
448	447	2	ACGTGCCAAGGCTGAGGCCAACCG	1
449	448	2	CGTGCCAAGGCTGAGGCCAACCGT	1
450	449	2	GTGCCAAGGCTGAGGCCAACCGTA	1
451	450	3	TGCCAAGGCTGAGGCCAACCGTAC	1
452	451	3	GCCAAGGCTGAGGCCAACCGTACT	1
453	452	3	CCAAGGCTGAGGCCAACCGTACTA	1
454	453	4	CAAGGCTGAGGCCAACCGTACTAA	1
455	454	4	AAGGCTGAGGCCAACCGTACTAAG	1
456	455	4	AGGCTGAGGCCAACCGTACTAAGT	1
457	456	4	GGCTGAGGCCAACCGTACTAAGTT	1
458	457	4	GCTGAGGCCAACCGTACTAAGTTG	1
459	458	4	CTGAGGCCAACCGTACTAAGTTGA	1
460	459	4	TGAGGCCAACCGTACTAAGTTGAT	1
461	460	4	GAGGCCAACCGTACTAAGTTGATC	1
462	461	4	AGGCCAACCGTACTAAGTTGATCC	1
463	462	4	GGCCAACCGTACTAAGTTGATCCA	1
464	463	4	GCCAACCGTACTAAGTTGATCCAA	1
465	464	4	CCAACCGTACTAAGTTGATCCAAG	1
466	465	4	CAACCGTACTAAGTTGATCCAAGA	1
467	466	4	AACCGTACTAAGTTGATCCAAGAG	1
468	467	4	ACCGTACTAAGTTGATCCAAGAGC	1
469	468	3	CCGTACTAAGTTGATCCAAGAGCA	1
470	469	3	CGTACTAAGTTGATCCAAGAGCAA	1
471	470	3	GTACTAAGTTGATCCAAGAGCAAC	1
472	471	3	TACTAAGTTGATCCAAGAGCAACA	1
473	472	3	ACTAAGTTGATCCAAGAGCAACAA	1
474	473	3	CTAAGTTGATCCAAGAGCAACAAG	1
475	474	3	TAAGTTGATCCAAGAGCAACAAGA	1
476	475	3	AAGTTGATCCAAGAGCAACAAGAT	1
477	476	3	AGTTGATCCAAGAGCAACAAGATG	1
478	477	4	GTTGATCCAAGAGCAACAAGATGC	1
479	478	4	TTGATCCAAGAGCAACAAGATGCT	1
480	479	4	TGATCCAAGAGCAACAAGATGCTC	1
481	480	3	GATCCAAGAGCAACAAGATGCTCG	1
482	481	3	ATCCAAGAGCAACAAGATGCTCGT	1
483	482	3	TCCAAGAGCAACAAGATGCTCGTC	1
484	483	3	CCAAGAGCAACAAGATGCTCGTCG	1
485	484	3	CAAGAGCAACAAGATGCTCGTCGT	1
486	485	3	AAGAGCAACAAGATGCTCGTCGTG	1
487	486	3	AGAGCAACAAGATGCTCGTCGTGC	1
488	487	3	GAGCAACAAGATGCTCGTCGTGCT	1
489	488	3	AGCAACAAGATGCTCGTCGTGCTC	1
490	489	3	GCAACAAGATGCTCGTCGTGCTCG	1
491	490	3	CAACAAGATGCTCGTCGTGCTCGT	1
492	491	3	AACAAGATGCTCGTCGTGCTCGTG	1
493	492	3	ACAAGATGCTCGTCGTGCTCGTGC	1
494	493	3	CAAGATGCTCGTCGTGCTCGTGCC	1
495	494	2	AAGATGCTCGTCGTGCTCGTGCCA	1
496	495	2	AGATGCTCGTCGTGCTCGTGCCAA	1
497	496	3	GATGCTCGTCGTGCTCGTGCCAAG	1
498	497	2	ATGCTCGTCGTGCTCGTGCCAAGG	1
499	498	2	TGCTCGTCGTGCTCGTGCCAAGGC	1
500	499	2	GCTCGTCGTGCTCGTGCCAAGGCT	1
501	500	2	CTCGTCGTGCTCGTGCCAAGGCTG	1
502	501	2	TCGTCGTGCTCGTGCCAAGGCTGC	1
503	502	2	CGTCGTGCTCGTGCCAAGGCTGCT	1
504	503	2	GTCGTGCTCGTGCCAAGGCTGCTC	1
505	504	2	TCGTGCTCGTGCCAAGGCTGCTCG	1
506	505	2	CGTGCTCGTGCCAAGGCTGCTCGT	1
507	506	2	GTGCTCGTGCCAAGGCTGCTCGTC	1
508	507	2	TGCTCGTGCCAAGGCTGCTCGTCA	1
509	508	2	GCTCGTGCCAAGGCTGCTCGTCAA	1
510	509	2	CTCGTGCCAAGGCTGCTCGTCAAC	1
511	510	2	TCGTGCCAAGGCTGCTCGTCAACG	1
512	511	2	CGTGCCAAGGCTGCTCGTCAACGC	1
513	512	2	GTGCCAAGGCTGCTCGTCAACGCA	1
514	513	2	TGCCAAGGCTGCTCGTCAACGCAG	1
515	514	2	GCCAAGGCTGCTCGTCAACGCAGA	1
516	515	2	CCAAGGCTGCTCGTCAACGCAGAG	1
517	516	2	CAAGGCTGCTCGTCAACGCAGAGC	1
518	517	3	AAGGCTGCTCGTCAACGCAGAGCC	1
519	518	3	AGGCTGCTCGTCAACGCAGAGCCA	1
520	519	3	GGCTGCTCGTCAACGCAGAGCCAA	1
521	520	3	GCTGCTCGTCAACGCAGAGCCAAG	1
522	521	2	CTGCTCGTCAACGCAGAGCCAAGG	1
523	522	2	TGCTCGTCAACGCAGAGCCAAGGC	1
524	523	2	GCTCGTCAACGCAGAGCCAAGGCT	1
525	524	2	CTCGTCAACGCAGAGCCAAGGCTG	1
526	525	2	TCGTCAACGCAGAGCCAAGGCTGT	1
527	526	2	CGTCAACGCAGAGCCAAGGCTGTT	1
528	527	2	GTCAACGCAGAGCCAAGGCTGTTG	1
529	528	2	TCAACGCAGAGCCAAGGCTGTTGA	1
530	529	2	CAACGCAGAGCCAAGGCTGTTGAA	1
531	530	2	AACGCAGAGCCAAGGCTGTTGAAG	1
532	531	2	ACGCAGAGCCAAGGCTGTTGAAGA	1
533	532	2	CGCAGAGCCAAGGCTGTTGAAGAA	1
534	533	2	GCAGAGCCAAGGCTGTTGAAGAAA	1
535	534	2	CAGAGCCAAGGCTGTTGAAGAAAA	1
536	535	2	AGAGCCAAGGCTGTTGAAGAAAAG	1
537	536	2	GAGCCAAGGCTGTTGAAGAAAAGC	1
538	537	1	AGCCAAGGCTGTTGAAGAAAAGCG	1
539	538	1	GCCAAGGCTGTTGAAGAAAAGCGT	1
540	539	1	CCAAGGCTGTTGAAGAAAAGCGTG	1
541	540	1	CAAGGCTGTTGAAGAAAAGCGTGA	1
542	541	1	AAGGCTGTTGAAGAAAAGCGTGAG	1
543	542	1	AGGCTGTTGAAGAAAAGCGTGAGC	1
544	543	1	GGCTGTTGAAGAAAAGCGTGAGCA	1
545	544	1	GCTGTTGAAGAAAAGCGTGAGCAA	1
546	545	1	CTGTTGAAGAAAAGCGTGAGCAAC	1
547	546	1	TGTTGAAGAAAAGCGTGAGCAACT	1
548	547	1	GTTGAAGAAAAGCGTGAGCAACTT	1
549	548	1	TTGAAGAAAAGCGTGAGCAACTTT	1
550	549	1	TGAAGAAAAGCGTGAGCAACTTTA	1
551	550	1	GAAGAAAAGCGTGAGCAACTTTAC	1
552	551	1	AAGAAAAGCGTGAGCAACTTTACA	1
553	552	1	AGAAAAGCGTGAGCAACTTTACAC	1
554	553	1	GAAAAGCGTGAGCAACTTTACACT	1
555	554	1	AAAAGCGTGAGCAACTTTACACTG	1
556	555	1	AAAGCGTGAGCAACTTTACACTGC	1
557	556	2	AAGCGTGAGCAACTTTACACTGCT	1
558	557	2	AGCGTGAGCAACTTTACACTGCTG	1
559	558	2	GCGTGAGCAACTTTACACTGCTGC	1
560	559	2	CGTGAGCAACTTTACACTGCTGCC	1
561	560	1	GTGAGCAACTTTACACTGCTGCCG	1
562	561	1	TGAGCAACTTTACACTGCTGCCGA	1
563	562	2	GAGCAACTTTACACTGCTGCCGAA	1
564	563	2	AGCAACTTTACACTGCTGCCGAAA	1
565	564	2	GCAACTTTACACTGCTGCCGAAAA	1
566	565	3	CAACTTTACACTGCTGCCGAAAAG	1
567	566	3	AACTTTACACTGCTGCCGAAAAGA	1
568	567	3	ACTTTACACTGCTGCCGAAAAGAT	1
569	568	4	CTTTACACTGCTGCCGAAAAGATT	1
570	569	4	TTTACACTGCTGCCGAAAAGATTG	1
571	570	4	TTACACTGCTGCCGAAAAGATTGA	1
572	571	4	TACACTGCTGCCGAAAAGATTGAG	1
573	572	4	ACACTGCTGCCGAAAAGATTGAGG	1
574	573	4	CACTGCTGCCGAAAAGATTGAGGA	1
575	574	4	ACTGCTGCCGAAAAGATTGAGGAG	1
576	575	4	CTGCTGCCGAAAAGATTGAGGAGT	1
577	576	4	TGCTGCCGAAAAGATTGAGGAGTA	1
578	577	4	GCTGCCGAAAAGATTGAGGAGTAA	1
579	578	4	CTGCCGAAAAGATTGAGGAGTAAA	1
580	579	4	TGCCGAAAAGATTGAGGAGTAAAT	1
581	580	4	GCCGAAAAGATTGAGGAGTAAATG	1
582	581	4	CCGAAAAGATTGAGGAGTAAATGA	1
583	582	4	CGAAAAGATTGAGGAGTAAATGAA	1
584	583	4	GAAAAGATTGAGGAGTAAATGAAT	1
585	584	4	AAAAGATTGAGGAGTAAATGAATA	1
586	585	4	AAAGATTGAGGAGTAAATGAATAT	1
587	586	4	AAGATTGAGGAGTAAATGAATATA	1
588	587	4	AGATTGAGGAGTAAATGAATATAT	1
589	588	4	GATTGAGGAGTAAATGAATATATT	1
590	589	4	ATTGAGGAGTAAATGAATATATTT	1
591	590	4	TTGAGGAGTAAATGAATATATTTT	1
592	591	4	TGAGGAGTAAATGAATATATTTTC	1
593	592	4	GAGGAGTAAATGAATATATTTTCC	1
594	593	4	AGGAGTAAATGAATATATTTTCCC	1
595	594	4	GGAGTAAATGAATATATTTTCCCC	1
596	595	4	GAGTAAATGAATATATTTTCCCCT	1
597	596	4	AGTAAATGAATATATTTTCCCCTT	1
598	597	4	GTAAATGAATATATTTTCCCCTTT	1
599	598	4	TAAATGAATATATTTTCCCCTTTT	1
600	599	4	AAATGAATATATTTTCCCCTTTTG	1
601	600	3	AATGAATATATTTTCCCCTTTTGA	1
602	601	3	ATGAATATATTTTCCCCTTTTGAA	1
603	602	3	TGAATATATTTTCCCCTTTTGAAC	1
604	603	3	GAATATATTTTCCCCTTTTGAACT	1
605	604	3	AATATATTTTCCCCTTTTGAACTG	1
606	605	3	ATATATTTTCCCCTTTTGAACTGG	1
607	606	2	TATATTTTCCCCTTTTGAACTGGA	1
608	607	2	ATATTTTCCCCTTTTGAACTGGAA	1
609	608	1	TATTTTCCCCTTTTGAACTGGAAT	1
610	609	1	ATTTTCCCCTTTTGAACTGGAATA	1
611	610	1	TTTTCCCCTTTTGAACTGGAATAG	1
612	611	1	TTTCCCCTTTTGAACTGGAATAGC	1
