Component 745
1	-1	0	CGCATCCGCACAACACCAGCATTG	1
2	1	1	GCATCCGCACAACACCAGCATTGC	1
3	2	1	CATCCGCACAACACCAGCATTGCA	1
4	3	1	ATCCGCACAACACCAGCATTGCAC	1
5	4	1	TCCGCACAACACCAGCATTGCACC	1
6	5	1	CCGCACAACACCAGCATTGCACCA	1
7	6	1	CGCACAACACCAGCATTGCACCAT	1
8	7	1	GCACAACACCAGCATTGCACCATG	1
9	8	2	CACAACACCAGCATTGCACCATGT	1
10	9	2	ACAACACCAGCATTGCACCATGTC	1
11	10	2	CAACACCAGCATTGCACCATGTCT	1
12	11	2	AACACCAGCATTGCACCATGTCTA	1
13	12	2	ACACCAGCATTGCACCATGTCTAA	1
14	13	2	CACCAGCATTGCACCATGTCTAAG	1
15	14	2	ACCAGCATTGCACCATGTCTAAGG	1
16	15	2	CCAGCATTGCACCATGTCTAAGGT	1
17	16	3	CAGCATTGCACCATGTCTAAGGTC	1
18	17	11	AGCATTGCACCATGTCTAAGGTCA	1
19	18	11	GCATTGCACCATGTCTAAGGTCAG	1
20	19	11	CATTGCACCATGTCTAAGGTCAGC	1
21	20	11	ATTGCACCATGTCTAAGGTCAGCG	1
22	21	13	TTGCACCATGTCTAAGGTCAGCGT	1
23	22	13	TGCACCATGTCTAAGGTCAGCGTT	1
24	23	13	GCACCATGTCTAAGGTCAGCGTTG	1
25	24	13	CACCATGTCTAAGGTCAGCGTTGC	1
26	25	13	ACCATGTCTAAGGTCAGCGTTGCC	1
27	26	13	CCATGTCTAAGGTCAGCGTTGCCT	1
28	27	14	CATGTCTAAGGTCAGCGTTGCCTC	1
29	28	15	ATGTCTAAGGTCAGCGTTGCCTCG	1
30	29	15	TGTCTAAGGTCAGCGTTGCCTCGG	1
31	30	15	GTCTAAGGTCAGCGTTGCCTCGGT	1
32	31	15	TCTAAGGTCAGCGTTGCCTCGGTC	1
33	32	16	CTAAGGTCAGCGTTGCCTCGGTCC	1
34	33	16	TAAGGTCAGCGTTGCCTCGGTCCG	1
35	34	16	AAGGTCAGCGTTGCCTCGGTCCGC	1
36	35	16	AGGTCAGCGTTGCCTCGGTCCGCT	1
37	36	16	GGTCAGCGTTGCCTCGGTCCGCTC	1
38	37	16	GTCAGCGTTGCCTCGGTCCGCTCT	1
39	38	17	TCAGCGTTGCCTCGGTCCGCTCTA	1
40	39	18	CAGCGTTGCCTCGGTCCGCTCTAA	1
41	40	18	AGCGTTGCCTCGGTCCGCTCTAAC	1
42	41	19	GCGTTGCCTCGGTCCGCTCTAACG	1
43	42	19	CGTTGCCTCGGTCCGCTCTAACGT	1
44	43	20	GTTGCCTCGGTCCGCTCTAACGTC	1
45	44	20	TTGCCTCGGTCCGCTCTAACGTCG	1
46	45	19	TGCCTCGGTCCGCTCTAACGTCGA	1
47	46	19	GCCTCGGTCCGCTCTAACGTCGAG	1
48	47	19	CCTCGGTCCGCTCTAACGTCGAGC	1
49	48	20	CTCGGTCCGCTCTAACGTCGAGCA	1
50	49	21	TCGGTCCGCTCTAACGTCGAGCAA	1
51	50	21	CGGTCCGCTCTAACGTCGAGCAAA	1
52	51	21	GGTCCGCTCTAACGTCGAGCAAAT	1
53	52	19	GTCCGCTCTAACGTCGAGCAAATT	1
54	53	19	TCCGCTCTAACGTCGAGCAAATTC	1
55	54	19	CCGCTCTAACGTCGAGCAAATTCT	1
56	55	19	CGCTCTAACGTCGAGCAAATTCTC	1
57	56	19	GCTCTAACGTCGAGCAAATTCTCA	1
58	57	19	CTCTAACGTCGAGCAAATTCTCAA	1
59	58	19	TCTAACGTCGAGCAAATTCTCAAG	1
60	59	19	CTAACGTCGAGCAAATTCTCAAGG	1
61	60	18	TAACGTCGAGCAAATTCTCAAGGG	1
62	61	9	AACGTCGAGCAAATTCTCAAGGGC	1
63	62	9	ACGTCGAGCAAATTCTCAAGGGCT	1
64	63	9	CGTCGAGCAAATTCTCAAGGGCTC	1
65	64	9	GTCGAGCAAATTCTCAAGGGCTCT	1
66	65	8	TCGAGCAAATTCTCAAGGGCTCTG	1
67	66	8	CGAGCAAATTCTCAAGGGCTCTGA	1
68	67	8	GAGCAAATTCTCAAGGGCTCTGAA	1
69	68	8	AGCAAATTCTCAAGGGCTCTGAAG	1
70	69	8	GCAAATTCTCAAGGGCTCTGAAGA	1
71	70	7	CAAATTCTCAAGGGCTCTGAAGAG	1
72	71	6	AAATTCTCAAGGGCTCTGAAGAGA	1
73	72	5	AATTCTCAAGGGCTCTGAAGAGAA	1
74	73	5	ATTCTCAAGGGCTCTGAAGAGAAG	1
75	74	5	TTCTCAAGGGCTCTGAAGAGAAGA	1
76	75	5	TCTCAAGGGCTCTGAAGAGAAGAA	1
77	76	4	CTCAAGGGCTCTGAAGAGAAGAAG	1
78	77	4	TCAAGGGCTCTGAAGAGAAGAAGC	1
79	78	4	CAAGGGCTCTGAAGAGAAGAAGCG	1
80	79	4	AAGGGCTCTGAAGAGAAGAAGCGT	1
81	80	4	AGGGCTCTGAAGAGAAGAAGCGTA	1
82	81	4	GGGCTCTGAAGAGAAGAAGCGTAA	1
83	82	3	GGCTCTGAAGAGAAGAAGCGTAAC	1
84	83	3	GCTCTGAAGAGAAGAAGCGTAACT	1
85	84	3	CTCTGAAGAGAAGAAGCGTAACTT	1
86	85	3	TCTGAAGAGAAGAAGCGTAACTTC	1
87	86	3	CTGAAGAGAAGAAGCGTAACTTCA	1
88	87	2	TGAAGAGAAGAAGCGTAACTTCAC	1
89	88	2	GAAGAGAAGAAGCGTAACTTCACT	1
90	89	3	AAGAGAAGAAGCGTAACTTCACTG	1
91	90	3	AGAGAAGAAGCGTAACTTCACTGA	1
92	91	3	GAGAAGAAGCGTAACTTCACTGAG	1
93	92	2	AGAAGAAGCGTAACTTCACTGAGA	1
94	93	1	GAAGAAGCGTAACTTCACTGAGAC	1
95	94	1	AAGAAGCGTAACTTCACTGAGACT	1
96	95	1	AGAAGCGTAACTTCACTGAGACTG	1
97	96	1	GAAGCGTAACTTCACTGAGACTGT	1
98	97	1	AAGCGTAACTTCACTGAGACTGTC	1
99	98	1	AGCGTAACTTCACTGAGACTGTCG	1
100	99	1	GCGTAACTTCACTGAGACTGTCGA	1
101	100	2	CGTAACTTCACTGAGACTGTCGAG	1
102	101	3	GTAACTTCACTGAGACTGTCGAGC	1
103	102	3	TAACTTCACTGAGACTGTCGAGCT	1
104	103	3	AACTTCACTGAGACTGTCGAGCTT	1
105	104	3	ACTTCACTGAGACTGTCGAGCTTC	1
106	105	4	CTTCACTGAGACTGTCGAGCTTCA	1
107	106	5	TTCACTGAGACTGTCGAGCTTCAA	1
108	107	5	TCACTGAGACTGTCGAGCTTCAAA	1
109	108	5	CACTGAGACTGTCGAGCTTCAAAT	1
110	109	5	ACTGAGACTGTCGAGCTTCAAATT	1
111	110	4	CTGAGACTGTCGAGCTTCAAATTG	1
112	111	4	TGAGACTGTCGAGCTTCAAATTGG	1
113	112	4	GAGACTGTCGAGCTTCAAATTGGT	1
114	113	4	AGACTGTCGAGCTTCAAATTGGTT	1
115	114	4	GACTGTCGAGCTTCAAATTGGTTT	1
116	115	4	ACTGTCGAGCTTCAAATTGGTTTG	1
117	116	4	CTGTCGAGCTTCAAATTGGTTTGA	1
118	117	4	TGTCGAGCTTCAAATTGGTTTGAA	1
119	118	4	GTCGAGCTTCAAATTGGTTTGAAG	1
120	119	4	TCGAGCTTCAAATTGGTTTGAAGA	1
121	120	4	CGAGCTTCAAATTGGTTTGAAGAA	1
122	121	4	GAGCTTCAAATTGGTTTGAAGAAC	1
123	122	4	AGCTTCAAATTGGTTTGAAGAACT	1
124	123	4	GCTTCAAATTGGTTTGAAGAACTA	1
125	124	4	CTTCAAATTGGTTTGAAGAACTAT	1
126	125	4	TTCAAATTGGTTTGAAGAACTATG	1
127	126	4	TCAAATTGGTTTGAAGAACTATGA	1
128	127	4	CAAATTGGTTTGAAGAACTATGAC	1
129	128	4	AAATTGGTTTGAAGAACTATGACC	1
130	129	4	AATTGGTTTGAAGAACTATGACCC	1
131	130	4	ATTGGTTTGAAGAACTATGACCCT	1
132	131	5	TTGGTTTGAAGAACTATGACCCTC	1
133	132	5	TGGTTTGAAGAACTATGACCCTCA	1
134	133	4	GGTTTGAAGAACTATGACCCTCAA	1
135	134	5	GTTTGAAGAACTATGACCCTCAAC	1
136	135	7	TTTGAAGAACTATGACCCTCAACG	1
137	136	7	TTGAAGAACTATGACCCTCAACGT	1
138	137	7	TGAAGAACTATGACCCTCAACGTG	1
139	138	8	GAAGAACTATGACCCTCAACGTGA	1
140	139	8	AAGAACTATGACCCTCAACGTGAT	1
141	140	8	AGAACTATGACCCTCAACGTGATA	1
142	141	8	GAACTATGACCCTCAACGTGATAA	1
143	142	8	AACTATGACCCTCAACGTGATAAG	1
144	143	8	ACTATGACCCTCAACGTGATAAGC	1
145	144	7	CTATGACCCTCAACGTGATAAGCG	1
146	145	6	TATGACCCTCAACGTGATAAGCGT	1
147	146	6	ATGACCCTCAACGTGATAAGCGTT	1
148	147	6	TGACCCTCAACGTGATAAGCGTTT	1
149	148	8	GACCCTCAACGTGATAAGCGTTTC	1
150	149	7	ACCCTCAACGTGATAAGCGTTTCT	1
151	150	7	CCCTCAACGTGATAAGCGTTTCTC	1
152	151	7	CCTCAACGTGATAAGCGTTTCTCC	1
153	152	8	CTCAACGTGATAAGCGTTTCTCCG	1
154	153	8	TCAACGTGATAAGCGTTTCTCCGG	1
155	154	8	CAACGTGATAAGCGTTTCTCCGGT	1
156	155	8	AACGTGATAAGCGTTTCTCCGGTA	1
157	156	8	ACGTGATAAGCGTTTCTCCGGTAC	1
158	157	8	CGTGATAAGCGTTTCTCCGGTACT	1
159	158	8	GTGATAAGCGTTTCTCCGGTACTA	1
160	159	8	TGATAAGCGTTTCTCCGGTACTAT	1
161	160	8	GATAAGCGTTTCTCCGGTACTATC	1
162	161	8	ATAAGCGTTTCTCCGGTACTATCA	1
163	162	8	TAAGCGTTTCTCCGGTACTATCAA	1
164	163	10	AAGCGTTTCTCCGGTACTATCAAG	1
165	164	11	AGCGTTTCTCCGGTACTATCAAGT	1
166	165	11	GCGTTTCTCCGGTACTATCAAGTT	1
167	166	13	CGTTTCTCCGGTACTATCAAGTTG	1
168	167	15	GTTTCTCCGGTACTATCAAGTTGC	1
169	168	16	TTTCTCCGGTACTATCAAGTTGCC	1
170	169	16	TTCTCCGGTACTATCAAGTTGCCC	1
171	170	16	TCTCCGGTACTATCAAGTTGCCCA	1
172	171	16	CTCCGGTACTATCAAGTTGCCCAA	1
173	172	17	TCCGGTACTATCAAGTTGCCCAAT	1
174	173	17	CCGGTACTATCAAGTTGCCCAATG	1
175	174	17	CGGTACTATCAAGTTGCCCAATGT	1
176	175	16	GGTACTATCAAGTTGCCCAATGTT	1
177	176	16	GTACTATCAAGTTGCCCAATGTTC	1
178	177	16	TACTATCAAGTTGCCCAATGTTCC	1
179	178	16	ACTATCAAGTTGCCCAATGTTCCT	1
180	179	15	CTATCAAGTTGCCCAATGTTCCTC	1
181	180	15	TATCAAGTTGCCCAATGTTCCTCG	1
182	181	15	ATCAAGTTGCCCAATGTTCCTCGT	1
183	182	14	TCAAGTTGCCCAATGTTCCTCGTC	1
184	183	14	CAAGTTGCCCAATGTTCCTCGTCC	1
185	184	14	AAGTTGCCCAATGTTCCTCGTCCC	1
186	185	14	AGTTGCCCAATGTTCCTCGTCCCA	1
187	186	14	GTTGCCCAATGTTCCTCGTCCCAA	1
188	187	14	TTGCCCAATGTTCCTCGTCCCAAC	1
189	188	15	TGCCCAATGTTCCTCGTCCCAACA	1
190	189	15	GCCCAATGTTCCTCGTCCCAACAT	1
191	190	15	CCCAATGTTCCTCGTCCCAACATG	1
192	191	15	CCAATGTTCCTCGTCCCAACATGG	1
193	192	13	CAATGTTCCTCGTCCCAACATGGC	1
194	193	13	AATGTTCCTCGTCCCAACATGGCC	1
195	194	12	ATGTTCCTCGTCCCAACATGGCCA	1
196	195	11	TGTTCCTCGTCCCAACATGGCCAT	1
197	196	10	GTTCCTCGTCCCAACATGGCCATT	1
198	197	11	TTCCTCGTCCCAACATGGCCATTT	1
199	198	11	TCCTCGTCCCAACATGGCCATTTG	1
200	199	12	CCTCGTCCCAACATGGCCATTTGC	1
201	200	13	CTCGTCCCAACATGGCCATTTGCA	1
202	201	14	TCGTCCCAACATGGCCATTTGCAT	1
203	202	14	CGTCCCAACATGGCCATTTGCATT	1
204	203	14	GTCCCAACATGGCCATTTGCATTC	1
205	204	14	TCCCAACATGGCCATTTGCATTCT	1
206	205	14	CCCAACATGGCCATTTGCATTCTC	1
207	206	14	CCAACATGGCCATTTGCATTCTCG	1
208	207	12	CAACATGGCCATTTGCATTCTCGG	1
209	208	11	AACATGGCCATTTGCATTCTCGGT	1
210	209	11	ACATGGCCATTTGCATTCTCGGTG	1
211	210	9	CATGGCCATTTGCATTCTCGGTGA	1
212	211	8	ATGGCCATTTGCATTCTCGGTGAT	1
213	212	7	TGGCCATTTGCATTCTCGGTGATG	1
214	213	6	GGCCATTTGCATTCTCGGTGATGC	1
215	214	6	GCCATTTGCATTCTCGGTGATGCC	1
216	215	8	CCATTTGCATTCTCGGTGATGCCC	1
217	216	7	CATTTGCATTCTCGGTGATGCCCA	1
218	217	8	ATTTGCATTCTCGGTGATGCCCAT	1
219	218	8	TTTGCATTCTCGGTGATGCCCATG	1
220	219	9	TTGCATTCTCGGTGATGCCCATGA	1
221	220	9	TGCATTCTCGGTGATGCCCATGAT	1
222	221	9	GCATTCTCGGTGATGCCCATGATT	1
223	222	9	CATTCTCGGTGATGCCCATGATTT	1
224	223	9	ATTCTCGGTGATGCCCATGATTTG	1
225	224	9	TTCTCGGTGATGCCCATGATTTGG	1
226	225	9	TCTCGGTGATGCCCATGATTTGGA	1
227	226	9	CTCGGTGATGCCCATGATTTGGAT	1
228	227	9	TCGGTGATGCCCATGATTTGGATC	1
229	228	9	CGGTGATGCCCATGATTTGGATCG	1
230	229	10	GGTGATGCCCATGATTTGGATCGT	1
231	230	10	GTGATGCCCATGATTTGGATCGTG	1
232	231	10	TGATGCCCATGATTTGGATCGTGC	1
233	232	9	GATGCCCATGATTTGGATCGTGCC	1
234	233	9	ATGCCCATGATTTGGATCGTGCCA	1
235	234	9	TGCCCATGATTTGGATCGTGCCAA	1
236	235	9	GCCCATGATTTGGATCGTGCCAAG	1
237	236	10	CCCATGATTTGGATCGTGCCAAGC	1
238	237	10	CCATGATTTGGATCGTGCCAAGCA	1
239	238	10	CATGATTTGGATCGTGCCAAGCAC	1
240	239	10	ATGATTTGGATCGTGCCAAGCACG	1
241	240	10	TGATTTGGATCGTGCCAAGCACGG	1
242	241	9	GATTTGGATCGTGCCAAGCACGGT	1
243	242	9	ATTTGGATCGTGCCAAGCACGGTG	1
244	243	8	TTTGGATCGTGCCAAGCACGGTGG	1
245	244	8	TTGGATCGTGCCAAGCACGGTGGT	1
246	245	8	TGGATCGTGCCAAGCACGGTGGTG	1
247	246	8	GGATCGTGCCAAGCACGGTGGTGT	1
248	247	8	GATCGTGCCAAGCACGGTGGTGTC	1
249	248	8	ATCGTGCCAAGCACGGTGGTGTCG	1
250	249	9	TCGTGCCAAGCACGGTGGTGTCGA	1
251	250	9	CGTGCCAAGCACGGTGGTGTCGAT	1
252	251	9	GTGCCAAGCACGGTGGTGTCGATG	1
253	252	9	TGCCAAGCACGGTGGTGTCGATGC	1
254	253	10	GCCAAGCACGGTGGTGTCGATGCT	1
255	254	10	CCAAGCACGGTGGTGTCGATGCTA	1
256	255	10	CAAGCACGGTGGTGTCGATGCTAT	1
257	256	10	AAGCACGGTGGTGTCGATGCTATG	1
258	257	10	AGCACGGTGGTGTCGATGCTATGT	1
259	258	10	GCACGGTGGTGTCGATGCTATGTC	1
260	259	8	CACGGTGGTGTCGATGCTATGTCC	1
261	260	8	ACGGTGGTGTCGATGCTATGTCCG	1
262	261	7	CGGTGGTGTCGATGCTATGTCCGT	1
263	262	7	GGTGGTGTCGATGCTATGTCCGTC	1
264	263	6	GTGGTGTCGATGCTATGTCCGTCG	1
265	264	6	TGGTGTCGATGCTATGTCCGTCGA	1
266	265	6	GGTGTCGATGCTATGTCCGTCGAT	1
267	266	5	GTGTCGATGCTATGTCCGTCGATG	1
268	267	5	TGTCGATGCTATGTCCGTCGATGA	1
269	268	5	GTCGATGCTATGTCCGTCGATGAC	1
270	269	5	TCGATGCTATGTCCGTCGATGACT	1
271	270	5	CGATGCTATGTCCGTCGATGACTT	1
272	271	5	GATGCTATGTCCGTCGATGACTTG	1
273	272	6	ATGCTATGTCCGTCGATGACTTGA	1
274	273	5	TGCTATGTCCGTCGATGACTTGAA	1
275	274	5	GCTATGTCCGTCGATGACTTGAAA	1
276	275	6	CTATGTCCGTCGATGACTTGAAAA	1
277	276	6	TATGTCCGTCGATGACTTGAAAAA	1
278	277	5	ATGTCCGTCGATGACTTGAAAAAG	1
279	278	5	TGTCCGTCGATGACTTGAAAAAGC	1
280	279	5	GTCCGTCGATGACTTGAAAAAGCT	1
281	280	5	TCCGTCGATGACTTGAAAAAGCTT	1
282	281	5	CCGTCGATGACTTGAAAAAGCTTA	1
283	282	5	CGTCGATGACTTGAAAAAGCTTAA	1
284	283	5	GTCGATGACTTGAAAAAGCTTAAC	1
285	284	5	TCGATGACTTGAAAAAGCTTAACA	1
286	285	5	CGATGACTTGAAAAAGCTTAACAA	1
287	286	5	GATGACTTGAAAAAGCTTAACAAG	1
288	287	5	ATGACTTGAAAAAGCTTAACAAGA	1
289	288	4	TGACTTGAAAAAGCTTAACAAGAA	1
290	289	4	GACTTGAAAAAGCTTAACAAGAAC	1
291	290	4	ACTTGAAAAAGCTTAACAAGAACA	1
292	291	4	CTTGAAAAAGCTTAACAAGAACAA	1
293	292	4	TTGAAAAAGCTTAACAAGAACAAG	1
294	293	3	TGAAAAAGCTTAACAAGAACAAGA	1
295	294	3	GAAAAAGCTTAACAAGAACAAGAA	1
296	295	4	AAAAAGCTTAACAAGAACAAGAAG	1
297	296	4	AAAAGCTTAACAAGAACAAGAAGC	1
298	297	3	AAAGCTTAACAAGAACAAGAAGCT	1
299	298	3	AAGCTTAACAAGAACAAGAAGCTT	1
300	299	3	AGCTTAACAAGAACAAGAAGCTTG	1
301	300	5	GCTTAACAAGAACAAGAAGCTTGT	1
302	301	5	CTTAACAAGAACAAGAAGCTTGTC	1
303	302	5	TTAACAAGAACAAGAAGCTTGTCA	1
304	303	6	TAACAAGAACAAGAAGCTTGTCAA	1
305	304	6	AACAAGAACAAGAAGCTTGTCAAG	1
306	305	6	ACAAGAACAAGAAGCTTGTCAAGA	1
307	306	6	CAAGAACAAGAAGCTTGTCAAGAA	1
308	307	7	AAGAACAAGAAGCTTGTCAAGAAG	1
309	308	7	AGAACAAGAAGCTTGTCAAGAAGT	1
310	309	7	GAACAAGAAGCTTGTCAAGAAGTT	1
311	310	7	AACAAGAAGCTTGTCAAGAAGTTG	1
312	311	7	ACAAGAAGCTTGTCAAGAAGTTGG	1
313	312	8	CAAGAAGCTTGTCAAGAAGTTGGC	1
314	313	8	AAGAAGCTTGTCAAGAAGTTGGCC	1
315	314	8	AGAAGCTTGTCAAGAAGTTGGCCA	1
316	315	8	GAAGCTTGTCAAGAAGTTGGCCAA	1
317	316	8	AAGCTTGTCAAGAAGTTGGCCAAG	1
318	317	8	AGCTTGTCAAGAAGTTGGCCAAGA	1
319	318	8	GCTTGTCAAGAAGTTGGCCAAGAA	1
320	319	8	CTTGTCAAGAAGTTGGCCAAGAAG	1
321	320	10	TTGTCAAGAAGTTGGCCAAGAAGT	1
322	321	10	TGTCAAGAAGTTGGCCAAGAAGTA	1
323	322	10	GTCAAGAAGTTGGCCAAGAAGTAT	1
324	323	10	TCAAGAAGTTGGCCAAGAAGTATG	1
325	324	10	CAAGAAGTTGGCCAAGAAGTATGA	1
326	325	10	AAGAAGTTGGCCAAGAAGTATGAT	1
327	326	10	AGAAGTTGGCCAAGAAGTATGATG	1
328	327	10	GAAGTTGGCCAAGAAGTATGATGC	1
329	328	10	AAGTTGGCCAAGAAGTATGATGCT	1
330	329	11	AGTTGGCCAAGAAGTATGATGCTT	1
331	330	11	GTTGGCCAAGAAGTATGATGCTTT	1
332	331	11	TTGGCCAAGAAGTATGATGCTTTC	1
333	332	11	TGGCCAAGAAGTATGATGCTTTCA	1
334	333	11	GGCCAAGAAGTATGATGCTTTCAT	1
335	334	11	GCCAAGAAGTATGATGCTTTCATT	1
336	335	11	CCAAGAAGTATGATGCTTTCATTG	1
337	336	11	CAAGAAGTATGATGCTTTCATTGC	1
338	337	11	AAGAAGTATGATGCTTTCATTGCT	1
339	338	11	AGAAGTATGATGCTTTCATTGCTT	1
340	339	10	GAAGTATGATGCTTTCATTGCTTC	1
341	340	10	AAGTATGATGCTTTCATTGCTTCT	1
342	341	10	AGTATGATGCTTTCATTGCTTCTG	1
343	342	10	GTATGATGCTTTCATTGCTTCTGA	1
344	343	10	TATGATGCTTTCATTGCTTCTGAA	1
345	344	8	ATGATGCTTTCATTGCTTCTGAAG	1
346	345	8	TGATGCTTTCATTGCTTCTGAAGT	1
347	346	9	GATGCTTTCATTGCTTCTGAAGTC	1
348	347	8	ATGCTTTCATTGCTTCTGAAGTCC	1
349	348	8	TGCTTTCATTGCTTCTGAAGTCCT	1
350	349	8	GCTTTCATTGCTTCTGAAGTCCTC	1
351	350	8	CTTTCATTGCTTCTGAAGTCCTCA	1
352	351	8	TTTCATTGCTTCTGAAGTCCTCAT	1
353	352	8	TTCATTGCTTCTGAAGTCCTCATC	1
354	353	8	TCATTGCTTCTGAAGTCCTCATCA	1
355	354	8	CATTGCTTCTGAAGTCCTCATCAA	1
356	355	8	ATTGCTTCTGAAGTCCTCATCAAG	1
357	356	7	TTGCTTCTGAAGTCCTCATCAAGC	1
358	357	7	TGCTTCTGAAGTCCTCATCAAGCA	1
359	358	7	GCTTCTGAAGTCCTCATCAAGCAA	1
360	359	7	CTTCTGAAGTCCTCATCAAGCAAA	1
361	360	6	TTCTGAAGTCCTCATCAAGCAAAT	1
362	361	6	TCTGAAGTCCTCATCAAGCAAATT	1
363	362	7	CTGAAGTCCTCATCAAGCAAATTC	1
364	363	6	TGAAGTCCTCATCAAGCAAATTCC	1
365	364	3	GAAGTCCTCATCAAGCAAATTCCT	1
366	365	3	AAGTCCTCATCAAGCAAATTCCTC	1
367	366	6	AGTCCTCATCAAGCAAATTCCTCG	1
368	367	9	GTCCTCATCAAGCAAATTCCTCGT	1
369	368	12	TCCTCATCAAGCAAATTCCTCGTC	1
370	369	13	CCTCATCAAGCAAATTCCTCGTCT	1
371	370	14	CTCATCAAGCAAATTCCTCGTCTG	1
372	371	14	TCATCAAGCAAATTCCTCGTCTGT	1
373	372	15	CATCAAGCAAATTCCTCGTCTGTT	1
374	373	16	ATCAAGCAAATTCCTCGTCTGTTG	1
375	374	16	TCAAGCAAATTCCTCGTCTGTTGG	1
376	375	17	CAAGCAAATTCCTCGTCTGTTGGG	1
377	376	17	AAGCAAATTCCTCGTCTGTTGGGT	1
378	377	17	AGCAAATTCCTCGTCTGTTGGGTC	1
379	378	18	GCAAATTCCTCGTCTGTTGGGTCC	1
380	379	21	CAAATTCCTCGTCTGTTGGGTCCC	1
381	380	20	AAATTCCTCGTCTGTTGGGTCCCG	1
382	381	19	AATTCCTCGTCTGTTGGGTCCCGG	1
383	382	20	ATTCCTCGTCTGTTGGGTCCCGGT	1
384	383	20	TTCCTCGTCTGTTGGGTCCCGGTC	1
385	384	20	TCCTCGTCTGTTGGGTCCCGGTCT	1
386	385	21	CCTCGTCTGTTGGGTCCCGGTCTT	1
387	386	21	CTCGTCTGTTGGGTCCCGGTCTTT	1
388	387	22	TCGTCTGTTGGGTCCCGGTCTTTC	1
389	388	22	CGTCTGTTGGGTCCCGGTCTTTCC	1
390	389	22	GTCTGTTGGGTCCCGGTCTTTCCA	1
391	390	21	TCTGTTGGGTCCCGGTCTTTCCAA	1
392	391	21	CTGTTGGGTCCCGGTCTTTCCAAG	1
393	392	21	TGTTGGGTCCCGGTCTTTCCAAGG	1
394	393	22	GTTGGGTCCCGGTCTTTCCAAGGC	1
395	394	22	TTGGGTCCCGGTCTTTCCAAGGCT	1
396	395	21	TGGGTCCCGGTCTTTCCAAGGCTG	1
397	396	21	GGGTCCCGGTCTTTCCAAGGCTGG	1
398	397	20	GGTCCCGGTCTTTCCAAGGCTGGT	1
399	398	20	GTCCCGGTCTTTCCAAGGCTGGTA	1
400	399	20	TCCCGGTCTTTCCAAGGCTGGTAA	1
401	400	20	CCCGGTCTTTCCAAGGCTGGTAAG	1
402	401	20	CCGGTCTTTCCAAGGCTGGTAAGT	1
403	402	20	CGGTCTTTCCAAGGCTGGTAAGTT	1
404	403	20	GGTCTTTCCAAGGCTGGTAAGTTC	1
405	404	22	GTCTTTCCAAGGCTGGTAAGTTCC	1
406	405	23	TCTTTCCAAGGCTGGTAAGTTCCC	1
407	406	23	CTTTCCAAGGCTGGTAAGTTCCCT	1
408	407	23	TTTCCAAGGCTGGTAAGTTCCCTT	1
409	408	23	TTCCAAGGCTGGTAAGTTCCCTTC	1
410	409	23	TCCAAGGCTGGTAAGTTCCCTTCC	1
411	410	19	CCAAGGCTGGTAAGTTCCCTTCCC	1
412	411	16	CAAGGCTGGTAAGTTCCCTTCCCC	1
413	412	13	AAGGCTGGTAAGTTCCCTTCCCCT	1
414	413	13	AGGCTGGTAAGTTCCCTTCCCCTG	1
415	414	12	GGCTGGTAAGTTCCCTTCCCCTGT	1
416	415	12	GCTGGTAAGTTCCCTTCCCCTGTC	1
417	416	11	CTGGTAAGTTCCCTTCCCCTGTCT	1
418	417	10	TGGTAAGTTCCCTTCCCCTGTCTC	1
419	418	10	GGTAAGTTCCCTTCCCCTGTCTCC	1
420	419	9	GTAAGTTCCCTTCCCCTGTCTCCC	1
421	420	9	TAAGTTCCCTTCCCCTGTCTCCCA	1
422	421	9	AAGTTCCCTTCCCCTGTCTCCCAT	1
423	422	9	AGTTCCCTTCCCCTGTCTCCCATG	1
424	423	6	GTTCCCTTCCCCTGTCTCCCATGC	1
425	424	6	TTCCCTTCCCCTGTCTCCCATGCT	1
426	425	6	TCCCTTCCCCTGTCTCCCATGCTG	1
427	426	5	CCCTTCCCCTGTCTCCCATGCTGA	1
428	427	6	CCTTCCCCTGTCTCCCATGCTGAC	1
429	428	6	CTTCCCCTGTCTCCCATGCTGACG	1
430	429	5	TTCCCCTGTCTCCCATGCTGACGA	1
431	430	5	TCCCCTGTCTCCCATGCTGACGAC	1
432	431	4	CCCCTGTCTCCCATGCTGACGACC	1
433	432	4	CCCTGTCTCCCATGCTGACGACCT	1
434	433	4	CCTGTCTCCCATGCTGACGACCTT	1
435	434	5	CTGTCTCCCATGCTGACGACCTTT	1
436	435	6	TGTCTCCCATGCTGACGACCTTTA	1
437	436	6	GTCTCCCATGCTGACGACCTTTAC	1
438	437	5	TCTCCCATGCTGACGACCTTTACG	1
439	438	5	CTCCCATGCTGACGACCTTTACGG	1
440	439	5	TCCCATGCTGACGACCTTTACGGT	1
441	440	5	CCCATGCTGACGACCTTTACGGTA	1
442	441	6	CCATGCTGACGACCTTTACGGTAA	1
443	442	6	CATGCTGACGACCTTTACGGTAAA	1
444	443	6	ATGCTGACGACCTTTACGGTAAAA	1
445	444	6	TGCTGACGACCTTTACGGTAAAAT	1
446	445	6	GCTGACGACCTTTACGGTAAAATC	1
447	446	6	CTGACGACCTTTACGGTAAAATCA	1
448	447	6	TGACGACCTTTACGGTAAAATCAC	1
449	448	3	GACGACCTTTACGGTAAAATCACC	1
450	449	4	ACGACCTTTACGGTAAAATCACCG	1
451	450	4	CGACCTTTACGGTAAAATCACCGA	1
452	451	4	GACCTTTACGGTAAAATCACCGAG	1
453	452	4	ACCTTTACGGTAAAATCACCGAGG	1
454	453	4	CCTTTACGGTAAAATCACCGAGGT	1
455	454	4	CTTTACGGTAAAATCACCGAGGTT	1
456	455	4	TTTACGGTAAAATCACCGAGGTTA	1
457	456	4	TTACGGTAAAATCACCGAGGTTAA	1
458	457	4	TACGGTAAAATCACCGAGGTTAAG	1
459	458	4	ACGGTAAAATCACCGAGGTTAAGT	1
460	459	4	CGGTAAAATCACCGAGGTTAAGTC	1
461	460	4	GGTAAAATCACCGAGGTTAAGTCC	1
462	461	5	GTAAAATCACCGAGGTTAAGTCCA	1
463	462	5	TAAAATCACCGAGGTTAAGTCCAC	1
464	463	5	AAAATCACCGAGGTTAAGTCCACT	1
465	464	5	AAATCACCGAGGTTAAGTCCACTA	1
466	465	5	AATCACCGAGGTTAAGTCCACTAT	1
467	466	5	ATCACCGAGGTTAAGTCCACTATC	1
468	467	5	TCACCGAGGTTAAGTCCACTATCA	1
469	468	5	CACCGAGGTTAAGTCCACTATCAA	1
470	469	5	ACCGAGGTTAAGTCCACTATCAAG	1
471	470	5	CCGAGGTTAAGTCCACTATCAAGT	1
472	471	5	CGAGGTTAAGTCCACTATCAAGTT	1
473	472	5	GAGGTTAAGTCCACTATCAAGTTC	1
474	473	5	AGGTTAAGTCCACTATCAAGTTCC	1
475	474	5	GGTTAAGTCCACTATCAAGTTCCA	1
476	475	5	GTTAAGTCCACTATCAAGTTCCAA	1
477	476	5	TTAAGTCCACTATCAAGTTCCAAT	1
478	477	5	TAAGTCCACTATCAAGTTCCAATT	1
479	478	4	AAGTCCACTATCAAGTTCCAATTG	1
480	479	3	AGTCCACTATCAAGTTCCAATTGA	1
481	480	3	GTCCACTATCAAGTTCCAATTGAA	1
482	481	3	TCCACTATCAAGTTCCAATTGAAG	1
483	482	3	CCACTATCAAGTTCCAATTGAAGA	1
484	483	3	CACTATCAAGTTCCAATTGAAGAA	1
485	484	4	ACTATCAAGTTCCAATTGAAGAAG	1
486	485	4	CTATCAAGTTCCAATTGAAGAAGG	1
487	486	4	TATCAAGTTCCAATTGAAGAAGGT	1
488	487	4	ATCAAGTTCCAATTGAAGAAGGTC	1
489	488	3	TCAAGTTCCAATTGAAGAAGGTCC	1
490	489	3	CAAGTTCCAATTGAAGAAGGTCCT	1
491	490	3	AAGTTCCAATTGAAGAAGGTCCTT	1
492	491	3	AGTTCCAATTGAAGAAGGTCCTTT	1
493	492	3	GTTCCAATTGAAGAAGGTCCTTTG	1
494	493	3	TTCCAATTGAAGAAGGTCCTTTGC	1
495	494	4	TCCAATTGAAGAAGGTCCTTTGCC	1
496	495	4	CCAATTGAAGAAGGTCCTTTGCCT	1
497	496	4	CAATTGAAGAAGGTCCTTTGCCTT	1
498	497	4	AATTGAAGAAGGTCCTTTGCCTTG	1
499	498	4	ATTGAAGAAGGTCCTTTGCCTTGG	1
500	499	4	TTGAAGAAGGTCCTTTGCCTTGGT	1
501	500	5	TGAAGAAGGTCCTTTGCCTTGGTG	1
502	501	5	GAAGAAGGTCCTTTGCCTTGGTGT	1
503	502	5	AAGAAGGTCCTTTGCCTTGGTGTT	1
504	503	5	AGAAGGTCCTTTGCCTTGGTGTTG	1
505	504	5	GAAGGTCCTTTGCCTTGGTGTTGC	1
506	505	4	AAGGTCCTTTGCCTTGGTGTTGCT	1
507	506	4	AGGTCCTTTGCCTTGGTGTTGCTG	1
508	507	5	GGTCCTTTGCCTTGGTGTTGCTGT	1
509	508	6	GTCCTTTGCCTTGGTGTTGCTGTC	1
510	509	6	TCCTTTGCCTTGGTGTTGCTGTCG	1
511	510	6	CCTTTGCCTTGGTGTTGCTGTCGG	1
512	511	6	CTTTGCCTTGGTGTTGCTGTCGGC	1
513	512	6	TTTGCCTTGGTGTTGCTGTCGGCC	1
514	513	7	TTGCCTTGGTGTTGCTGTCGGCCA	1
515	514	7	TGCCTTGGTGTTGCTGTCGGCCAT	1
516	515	7	GCCTTGGTGTTGCTGTCGGCCATG	1
517	516	7	CCTTGGTGTTGCTGTCGGCCATGT	1
518	517	7	CTTGGTGTTGCTGTCGGCCATGTC	1
519	518	9	TTGGTGTTGCTGTCGGCCATGTCG	1
520	519	9	TGGTGTTGCTGTCGGCCATGTCGA	1
521	520	9	GGTGTTGCTGTCGGCCATGTCGAG	1
522	521	9	GTGTTGCTGTCGGCCATGTCGAGA	1
523	522	9	TGTTGCTGTCGGCCATGTCGAGAT	1
524	523	9	GTTGCTGTCGGCCATGTCGAGATG	1
525	524	9	TTGCTGTCGGCCATGTCGAGATGT	1
526	525	9	TGCTGTCGGCCATGTCGAGATGTC	1
527	526	9	GCTGTCGGCCATGTCGAGATGTCT	1
528	527	9	CTGTCGGCCATGTCGAGATGTCTG	1
529	528	10	TGTCGGCCATGTCGAGATGTCTGA	1
530	529	9	GTCGGCCATGTCGAGATGTCTGAG	1
531	530	9	TCGGCCATGTCGAGATGTCTGAGG	1
532	531	9	CGGCCATGTCGAGATGTCTGAGGA	1
533	532	9	GGCCATGTCGAGATGTCTGAGGAG	1
534	533	9	GCCATGTCGAGATGTCTGAGGAGC	1
535	534	9	CCATGTCGAGATGTCTGAGGAGCA	1
536	535	9	CATGTCGAGATGTCTGAGGAGCAA	1
537	536	9	ATGTCGAGATGTCTGAGGAGCAAT	1
538	537	9	TGTCGAGATGTCTGAGGAGCAATT	1
539	538	8	GTCGAGATGTCTGAGGAGCAATTG	1
540	539	8	TCGAGATGTCTGAGGAGCAATTGA	1
541	540	9	CGAGATGTCTGAGGAGCAATTGAT	1
542	541	9	GAGATGTCTGAGGAGCAATTGATT	1
543	542	9	AGATGTCTGAGGAGCAATTGATTG	1
544	543	9	GATGTCTGAGGAGCAATTGATTGC	1
545	544	8	ATGTCTGAGGAGCAATTGATTGCT	1
546	545	8	TGTCTGAGGAGCAATTGATTGCTA	1
547	546	8	GTCTGAGGAGCAATTGATTGCTAA	1
548	547	8	TCTGAGGAGCAATTGATTGCTAAC	1
549	548	8	CTGAGGAGCAATTGATTGCTAACA	1
550	549	8	TGAGGAGCAATTGATTGCTAACAT	1
551	550	8	GAGGAGCAATTGATTGCTAACATC	1
552	551	9	AGGAGCAATTGATTGCTAACATCA	1
553	552	8	GGAGCAATTGATTGCTAACATCAT	1
554	553	8	GAGCAATTGATTGCTAACATCATG	1
555	554	8	AGCAATTGATTGCTAACATCATGC	1
556	555	7	GCAATTGATTGCTAACATCATGCT	1
557	556	7	CAATTGATTGCTAACATCATGCTT	1
558	557	6	AATTGATTGCTAACATCATGCTTG	1
559	558	6	ATTGATTGCTAACATCATGCTTGC	1
560	559	6	TTGATTGCTAACATCATGCTTGCC	1
561	560	6	TGATTGCTAACATCATGCTTGCCG	1
562	561	5	GATTGCTAACATCATGCTTGCCGT	1
563	562	5	ATTGCTAACATCATGCTTGCCGTC	1
564	563	5	TTGCTAACATCATGCTTGCCGTCA	1
565	564	5	TGCTAACATCATGCTTGCCGTCAA	1
566	565	5	GCTAACATCATGCTTGCCGTCAAC	1
567	566	5	CTAACATCATGCTTGCCGTCAACT	1
568	567	5	TAACATCATGCTTGCCGTCAACTT	1
569	568	5	AACATCATGCTTGCCGTCAACTTC	1
570	569	5	ACATCATGCTTGCCGTCAACTTCT	1
571	570	5	CATCATGCTTGCCGTCAACTTCTT	1
572	571	5	ATCATGCTTGCCGTCAACTTCTTG	1
573	572	4	TCATGCTTGCCGTCAACTTCTTGG	1
574	573	4	CATGCTTGCCGTCAACTTCTTGGT	1
575	574	4	ATGCTTGCCGTCAACTTCTTGGTT	1
576	575	5	TGCTTGCCGTCAACTTCTTGGTTT	1
577	576	5	GCTTGCCGTCAACTTCTTGGTTTC	1
578	577	5	CTTGCCGTCAACTTCTTGGTTTCT	1
579	578	5	TTGCCGTCAACTTCTTGGTTTCTT	1
580	579	5	TGCCGTCAACTTCTTGGTTTCTTT	1
581	580	5	GCCGTCAACTTCTTGGTTTCTTTG	1
582	581	5	CCGTCAACTTCTTGGTTTCTTTGT	1
583	582	5	CGTCAACTTCTTGGTTTCTTTGTT	1
584	583	5	GTCAACTTCTTGGTTTCTTTGTTG	1
585	584	5	TCAACTTCTTGGTTTCTTTGTTGA	1
586	585	5	CAACTTCTTGGTTTCTTTGTTGAA	1
587	586	5	AACTTCTTGGTTTCTTTGTTGAAG	1
588	587	5	ACTTCTTGGTTTCTTTGTTGAAGA	1
589	588	5	CTTCTTGGTTTCTTTGTTGAAGAA	1
590	589	6	TTCTTGGTTTCTTTGTTGAAGAAG	1
591	590	6	TCTTGGTTTCTTTGTTGAAGAAGG	1
592	591	6	CTTGGTTTCTTTGTTGAAGAAGGG	1
593	592	6	TTGGTTTCTTTGTTGAAGAAGGGC	1
594	593	6	TGGTTTCTTTGTTGAAGAAGGGCT	1
595	594	5	GGTTTCTTTGTTGAAGAAGGGCTG	1
596	595	4	GTTTCTTTGTTGAAGAAGGGCTGG	1
597	596	4	TTTCTTTGTTGAAGAAGGGCTGGC	1
598	597	4	TTCTTTGTTGAAGAAGGGCTGGCA	1
599	598	4	TCTTTGTTGAAGAAGGGCTGGCAA	1
600	599	5	CTTTGTTGAAGAAGGGCTGGCAAA	1
601	600	5	TTTGTTGAAGAAGGGCTGGCAAAA	1
602	601	5	TTGTTGAAGAAGGGCTGGCAAAAC	1
603	602	5	TGTTGAAGAAGGGCTGGCAAAACA	1
604	603	5	GTTGAAGAAGGGCTGGCAAAACAT	1
605	604	5	TTGAAGAAGGGCTGGCAAAACATT	1
606	605	5	TGAAGAAGGGCTGGCAAAACATTG	1
607	606	5	GAAGAAGGGCTGGCAAAACATTGG	1
608	607	5	AAGAAGGGCTGGCAAAACATTGGC	1
609	608	5	AGAAGGGCTGGCAAAACATTGGCT	1
610	609	5	GAAGGGCTGGCAAAACATTGGCTC	1
611	610	5	AAGGGCTGGCAAAACATTGGCTCC	1
612	611	5	AGGGCTGGCAAAACATTGGCTCCT	1
613	612	5	GGGCTGGCAAAACATTGGCTCCTT	1
614	613	5	GGCTGGCAAAACATTGGCTCCTTG	1
615	614	5	GCTGGCAAAACATTGGCTCCTTGG	1
616	615	4	CTGGCAAAACATTGGCTCCTTGGT	1
617	616	4	TGGCAAAACATTGGCTCCTTGGTC	1
618	617	4	GGCAAAACATTGGCTCCTTGGTCG	1
619	618	4	GCAAAACATTGGCTCCTTGGTCGT	1
620	619	3	CAAAACATTGGCTCCTTGGTCGTC	1
621	620	3	AAAACATTGGCTCCTTGGTCGTCA	1
622	621	3	AAACATTGGCTCCTTGGTCGTCAA	1
623	622	3	AACATTGGCTCCTTGGTCGTCAAA	1
624	623	3	ACATTGGCTCCTTGGTCGTCAAAT	1
625	624	3	CATTGGCTCCTTGGTCGTCAAATC	1
626	625	3	ATTGGCTCCTTGGTCGTCAAATCT	1
627	626	3	TTGGCTCCTTGGTCGTCAAATCTA	1
628	627	3	TGGCTCCTTGGTCGTCAAATCTAC	1
629	628	2	GGCTCCTTGGTCGTCAAATCTACC	1
630	629	2	GCTCCTTGGTCGTCAAATCTACCA	1
631	630	2	CTCCTTGGTCGTCAAATCTACCAT	1
632	631	2	TCCTTGGTCGTCAAATCTACCATG	1
633	632	2	CCTTGGTCGTCAAATCTACCATGG	1
634	633	1	CTTGGTCGTCAAATCTACCATGGG	1
635	634	1	TTGGTCGTCAAATCTACCATGGGT	1
636	635	1	TGGTCGTCAAATCTACCATGGGTA	1
637	636	1	GGTCGTCAAATCTACCATGGGTAA	1
638	637	1	GTCGTCAAATCTACCATGGGTAAG	1
639	638	1	TCGTCAAATCTACCATGGGTAAGC	1
640	639	1	CGTCAAATCTACCATGGGTAAGCC	1
641	640	1	GTCAAATCTACCATGGGTAAGCCT	1
642	641	1	TCAAATCTACCATGGGTAAGCCTC	1
643	642	1	CAAATCTACCATGGGTAAGCCTCA	1
644	643	1	AAATCTACCATGGGTAAGCCTCAC	1
645	644	1	AATCTACCATGGGTAAGCCTCACA	1
646	645	3	ATCTACCATGGGTAAGCCTCACAG	1
647	646	3	TCTACCATGGGTAAGCCTCACAGA	1
648	647	3	CTACCATGGGTAAGCCTCACAGAC	1
649	648	4	TACCATGGGTAAGCCTCACAGACT	1
650	649	4	ACCATGGGTAAGCCTCACAGACTT	1
651	650	4	CCATGGGTAAGCCTCACAGACTTT	1
652	651	5	CATGGGTAAGCCTCACAGACTTTA	1
653	652	6	ATGGGTAAGCCTCACAGACTTTAC	1
654	653	6	TGGGTAAGCCTCACAGACTTTACT	1
655	654	7	GGGTAAGCCTCACAGACTTTACTA	1
656	655	7	GGTAAGCCTCACAGACTTTACTAA	1
657	656	8	GTAAGCCTCACAGACTTTACTAAA	1
658	657	8	TAAGCCTCACAGACTTTACTAAAA	1
659	658	8	AAGCCTCACAGACTTTACTAAAAA	1
660	659	8	AGCCTCACAGACTTTACTAAAAAT	1
661	660	8	GCCTCACAGACTTTACTAAAAATG	1
662	661	8	CCTCACAGACTTTACTAAAAATGC	1
663	662	8	CTCACAGACTTTACTAAAAATGCG	1
664	663	8	TCACAGACTTTACTAAAAATGCGT	1
665	664	8	CACAGACTTTACTAAAAATGCGTA	1
666	665	8	ACAGACTTTACTAAAAATGCGTAG	1
667	666	8	CAGACTTTACTAAAAATGCGTAGT	1
668	667	8	AGACTTTACTAAAAATGCGTAGTA	1
669	668	9	GACTTTACTAAAAATGCGTAGTAT	1
670	669	9	ACTTTACTAAAAATGCGTAGTATT	1
671	670	9	CTTTACTAAAAATGCGTAGTATTT	1
672	671	9	TTTACTAAAAATGCGTAGTATTTG	1
673	672	9	TTACTAAAAATGCGTAGTATTTGT	1
674	673	9	TACTAAAAATGCGTAGTATTTGTT	1
675	674	9	ACTAAAAATGCGTAGTATTTGTTA	1
676	675	9	CTAAAAATGCGTAGTATTTGTTAC	1
677	676	9	TAAAAATGCGTAGTATTTGTTACG	1
678	677	9	AAAAATGCGTAGTATTTGTTACGT	1
679	678	9	AAAATGCGTAGTATTTGTTACGTG	1
680	679	9	AAATGCGTAGTATTTGTTACGTGT	1
681	680	9	AATGCGTAGTATTTGTTACGTGTC	1
682	681	9	ATGCGTAGTATTTGTTACGTGTCT	1
683	682	9	TGCGTAGTATTTGTTACGTGTCTA	1
684	683	9	GCGTAGTATTTGTTACGTGTCTAA	1
685	684	9	CGTAGTATTTGTTACGTGTCTAAT	1
686	685	9	GTAGTATTTGTTACGTGTCTAATA	1
687	686	9	TAGTATTTGTTACGTGTCTAATAA	1
688	687	8	AGTATTTGTTACGTGTCTAATAAA	1
689	688	8	GTATTTGTTACGTGTCTAATAAAT	1
690	689	6	TATTTGTTACGTGTCTAATAAATA	1
691	690	6	ATTTGTTACGTGTCTAATAAATAA	1
692	691	6	TTTGTTACGTGTCTAATAAATAAA	1
693	692	4	TTGTTACGTGTCTAATAAATAAAT	1
694	693	4	TGTTACGTGTCTAATAAATAAATC	1
695	694	4	GTTACGTGTCTAATAAATAAATCC	1
696	695	3	TTACGTGTCTAATAAATAAATCCC	1
697	696	2	TACGTGTCTAATAAATAAATCCCA	1
698	697	2	ACGTGTCTAATAAATAAATCCCAC	1
699	698	1	CGTGTCTAATAAATAAATCCCACC	1
700	699	1	GTGTCTAATAAATAAATCCCACCG	1
