Component 748
1	-1	0	GTGGTCACCGCTGTCTACAAAATG	1
2	1	1	TGGTCACCGCTGTCTACAAAATGA	1
3	2	1	GGTCACCGCTGTCTACAAAATGAG	1
4	3	3	GTCACCGCTGTCTACAAAATGAGT	1
5	4	4	TCACCGCTGTCTACAAAATGAGTC	1
6	5	4	CACCGCTGTCTACAAAATGAGTCA	1
7	6	8	ACCGCTGTCTACAAAATGAGTCAA	1
8	7	9	CCGCTGTCTACAAAATGAGTCAAG	1
9	8	20	CGCTGTCTACAAAATGAGTCAAGT	1
10	9	22	GCTGTCTACAAAATGAGTCAAGTC	1
11	10	24	CTGTCTACAAAATGAGTCAAGTCG	1
12	11	25	TGTCTACAAAATGAGTCAAGTCGC	1
13	12	28	GTCTACAAAATGAGTCAAGTCGCC	1
14	13	28	TCTACAAAATGAGTCAAGTCGCCA	1
15	14	28	CTACAAAATGAGTCAAGTCGCCAA	1
16	15	28	TACAAAATGAGTCAAGTCGCCAAA	1
17	16	29	ACAAAATGAGTCAAGTCGCCAAAG	1
18	17	31	CAAAATGAGTCAAGTCGCCAAAGA	1
19	18	31	AAAATGAGTCAAGTCGCCAAAGAT	1
20	19	32	AAATGAGTCAAGTCGCCAAAGATC	1
21	20	32	AATGAGTCAAGTCGCCAAAGATCA	1
22	21	32	ATGAGTCAAGTCGCCAAAGATCAA	1
23	22	32	TGAGTCAAGTCGCCAAAGATCAAA	1
24	23	32	GAGTCAAGTCGCCAAAGATCAAAA	1
25	24	32	AGTCAAGTCGCCAAAGATCAAAAG	1
26	25	32	GTCAAGTCGCCAAAGATCAAAAGG	1
27	26	32	TCAAGTCGCCAAAGATCAAAAGGA	1
28	27	32	CAAGTCGCCAAAGATCAAAAGGAA	1
29	28	32	AAGTCGCCAAAGATCAAAAGGAAC	1
30	29	32	AGTCGCCAAAGATCAAAAGGAACA	1
31	30	33	GTCGCCAAAGATCAAAAGGAACAA	1
32	31	34	TCGCCAAAGATCAAAAGGAACAAC	1
33	32	34	CGCCAAAGATCAAAAGGAACAACA	1
34	33	34	GCCAAAGATCAAAAGGAACAACAA	1
35	34	35	CCAAAGATCAAAAGGAACAACAAA	1
36	35	35	CAAAGATCAAAAGGAACAACAAAT	1
37	36	35	AAAGATCAAAAGGAACAACAAATT	1
38	37	35	AAGATCAAAAGGAACAACAAATTC	1
39	38	35	AGATCAAAAGGAACAACAAATTCC	1
40	39	33	GATCAAAAGGAACAACAAATTCCC	1
41	40	33	ATCAAAAGGAACAACAAATTCCCT	1
42	41	33	TCAAAAGGAACAACAAATTCCCTC	1
43	42	33	CAAAAGGAACAACAAATTCCCTCT	1
44	43	33	AAAAGGAACAACAAATTCCCTCTA	1
45	44	33	AAAGGAACAACAAATTCCCTCTAC	1
46	45	32	AAGGAACAACAAATTCCCTCTACT	1
47	46	32	AGGAACAACAAATTCCCTCTACTG	1
48	47	30	GGAACAACAAATTCCCTCTACTGT	1
49	48	29	GAACAACAAATTCCCTCTACTGTT	1
50	49	29	AACAACAAATTCCCTCTACTGTTC	1
51	50	25	ACAACAAATTCCCTCTACTGTTCA	1
52	51	24	CAACAAATTCCCTCTACTGTTCAC	1
53	52	15	AACAAATTCCCTCTACTGTTCACC	1
54	53	13	ACAAATTCCCTCTACTGTTCACCG	1
55	54	11	CAAATTCCCTCTACTGTTCACCGC	1
56	55	10	AAATTCCCTCTACTGTTCACCGCA	1
57	56	7	AATTCCCTCTACTGTTCACCGCAT	1
58	57	7	ATTCCCTCTACTGTTCACCGCATT	1
59	58	7	TTCCCTCTACTGTTCACCGCATTC	1
60	59	7	TCCCTCTACTGTTCACCGCATTCG	1
61	60	6	CCCTCTACTGTTCACCGCATTCGC	1
62	61	4	CCTCTACTGTTCACCGCATTCGCA	1
63	62	4	CTCTACTGTTCACCGCATTCGCAT	1
64	63	3	TCTACTGTTCACCGCATTCGCATT	1
65	64	3	CTACTGTTCACCGCATTCGCATTA	1
66	65	3	TACTGTTCACCGCATTCGCATTAC	1
67	66	3	ACTGTTCACCGCATTCGCATTACC	1
68	67	3	CTGTTCACCGCATTCGCATTACCC	1
69	68	3	TGTTCACCGCATTCGCATTACCCT	1
70	69	3	GTTCACCGCATTCGCATTACCCTT	1
71	70	3	TTCACCGCATTCGCATTACCCTTA	1
72	71	3	TCACCGCATTCGCATTACCCTTAC	1
73	72	3	CACCGCATTCGCATTACCCTTACT	1
74	73	3	ACCGCATTCGCATTACCCTTACTT	1
75	74	2	CCGCATTCGCATTACCCTTACTTC	1
76	75	2	CGCATTCGCATTACCCTTACTTCT	1
77	76	2	GCATTCGCATTACCCTTACTTCTC	1
78	77	3	CATTCGCATTACCCTTACTTCTCG	1
79	78	2	ATTCGCATTACCCTTACTTCTCGT	1
80	79	2	TTCGCATTACCCTTACTTCTCGTA	1
81	80	2	TCGCATTACCCTTACTTCTCGTAA	1
82	81	2	CGCATTACCCTTACTTCTCGTAAC	1
83	82	2	GCATTACCCTTACTTCTCGTAACG	1
84	83	2	CATTACCCTTACTTCTCGTAACGT	1
85	84	2	ATTACCCTTACTTCTCGTAACGTT	1
86	85	2	TTACCCTTACTTCTCGTAACGTTC	1
87	86	2	TACCCTTACTTCTCGTAACGTTCG	1
88	87	2	ACCCTTACTTCTCGTAACGTTCGT	1
89	88	2	CCCTTACTTCTCGTAACGTTCGTA	1
90	89	2	CCTTACTTCTCGTAACGTTCGTAA	1
91	90	2	CTTACTTCTCGTAACGTTCGTAAC	1
92	91	2	TTACTTCTCGTAACGTTCGTAACT	1
93	92	2	TACTTCTCGTAACGTTCGTAACTT	1
94	93	2	ACTTCTCGTAACGTTCGTAACTTG	1
95	94	2	CTTCTCGTAACGTTCGTAACTTGG	1
96	95	2	TTCTCGTAACGTTCGTAACTTGGA	1
97	96	2	TCTCGTAACGTTCGTAACTTGGAG	1
98	97	2	CTCGTAACGTTCGTAACTTGGAGA	1
99	98	2	TCGTAACGTTCGTAACTTGGAGAA	1
100	99	2	CGTAACGTTCGTAACTTGGAGAAG	1
101	100	2	GTAACGTTCGTAACTTGGAGAAGG	1
102	101	2	TAACGTTCGTAACTTGGAGAAGGT	1
103	102	2	AACGTTCGTAACTTGGAGAAGGTT	1
104	103	3	ACGTTCGTAACTTGGAGAAGGTTT	1
105	104	3	CGTTCGTAACTTGGAGAAGGTTTG	1
106	105	3	GTTCGTAACTTGGAGAAGGTTTGC	1
107	106	3	TTCGTAACTTGGAGAAGGTTTGCT	1
108	107	3	TCGTAACTTGGAGAAGGTTTGCTC	1
109	108	3	CGTAACTTGGAGAAGGTTTGCTCT	1
110	109	3	GTAACTTGGAGAAGGTTTGCTCTG	1
111	110	3	TAACTTGGAGAAGGTTTGCTCTGA	1
112	111	3	AACTTGGAGAAGGTTTGCTCTGAC	1
113	112	3	ACTTGGAGAAGGTTTGCTCTGACT	1
114	113	3	CTTGGAGAAGGTTTGCTCTGACTT	1
115	114	3	TTGGAGAAGGTTTGCTCTGACTTG	1
116	115	4	TGGAGAAGGTTTGCTCTGACTTGG	1
117	116	4	GGAGAAGGTTTGCTCTGACTTGGT	1
118	117	4	GAGAAGGTTTGCTCTGACTTGGTC	1
119	118	5	AGAAGGTTTGCTCTGACTTGGTCA	1
120	119	4	GAAGGTTTGCTCTGACTTGGTCAA	1
121	120	4	AAGGTTTGCTCTGACTTGGTCAAC	1
122	121	3	AGGTTTGCTCTGACTTGGTCAACC	1
123	122	3	GGTTTGCTCTGACTTGGTCAACCG	1
124	123	3	GTTTGCTCTGACTTGGTCAACCGT	1
125	124	5	TTTGCTCTGACTTGGTCAACCGTG	1
126	125	5	TTGCTCTGACTTGGTCAACCGTGC	1
127	126	5	TGCTCTGACTTGGTCAACCGTGCC	1
128	127	5	GCTCTGACTTGGTCAACCGTGCCA	1
129	128	5	CTCTGACTTGGTCAACCGTGCCAA	1
130	129	5	TCTGACTTGGTCAACCGTGCCAAG	1
131	130	5	CTGACTTGGTCAACCGTGCCAAGG	1
132	131	5	TGACTTGGTCAACCGTGCCAAGGA	1
133	132	5	GACTTGGTCAACCGTGCCAAGGAC	1
134	133	5	ACTTGGTCAACCGTGCCAAGGACA	1
135	134	5	CTTGGTCAACCGTGCCAAGGACAA	1
136	135	5	TTGGTCAACCGTGCCAAGGACAAG	1
137	136	5	TGGTCAACCGTGCCAAGGACAAGC	1
138	137	5	GGTCAACCGTGCCAAGGACAAGCA	1
139	138	5	GTCAACCGTGCCAAGGACAAGCAA	1
140	139	5	TCAACCGTGCCAAGGACAAGCAAT	1
141	140	5	CAACCGTGCCAAGGACAAGCAATT	1
142	141	5	AACCGTGCCAAGGACAAGCAATTG	1
143	142	5	ACCGTGCCAAGGACAAGCAATTGC	1
144	143	5	CCGTGCCAAGGACAAGCAATTGCG	1
145	144	6	CGTGCCAAGGACAAGCAATTGCGT	1
146	145	12	GTGCCAAGGACAAGCAATTGCGTG	1
147	146	12	TGCCAAGGACAAGCAATTGCGTGT	1
148	147	11	GCCAAGGACAAGCAATTGCGTGTT	1
149	148	11	CCAAGGACAAGCAATTGCGTGTTA	1
150	149	11	CAAGGACAAGCAATTGCGTGTTAA	1
151	150	12	AAGGACAAGCAATTGCGTGTTAAG	1
152	151	12	AGGACAAGCAATTGCGTGTTAAGG	1
153	152	13	GGACAAGCAATTGCGTGTTAAGGG	1
154	153	13	GACAAGCAATTGCGTGTTAAGGGT	1
155	154	13	ACAAGCAATTGCGTGTTAAGGGTC	1
156	155	13	CAAGCAATTGCGTGTTAAGGGTCC	1
157	156	13	AAGCAATTGCGTGTTAAGGGTCCT	1
158	157	13	AGCAATTGCGTGTTAAGGGTCCTG	1
159	158	13	GCAATTGCGTGTTAAGGGTCCTGT	1
160	159	12	CAATTGCGTGTTAAGGGTCCTGTT	1
161	160	12	AATTGCGTGTTAAGGGTCCTGTTC	1
162	161	13	ATTGCGTGTTAAGGGTCCTGTTCG	1
163	162	13	TTGCGTGTTAAGGGTCCTGTTCGT	1
164	163	12	TGCGTGTTAAGGGTCCTGTTCGTC	1
165	164	13	GCGTGTTAAGGGTCCTGTTCGTCT	1
166	165	13	CGTGTTAAGGGTCCTGTTCGTCTT	1
167	166	13	GTGTTAAGGGTCCTGTTCGTCTTC	1
168	167	14	TGTTAAGGGTCCTGTTCGTCTTCC	1
169	168	12	GTTAAGGGTCCTGTTCGTCTTCCC	1
170	169	13	TTAAGGGTCCTGTTCGTCTTCCCA	1
171	170	13	TAAGGGTCCTGTTCGTCTTCCCAC	1
172	171	13	AAGGGTCCTGTTCGTCTTCCCACC	1
173	172	13	AGGGTCCTGTTCGTCTTCCCACCA	1
174	173	13	GGGTCCTGTTCGTCTTCCCACCAA	1
175	174	13	GGTCCTGTTCGTCTTCCCACCAAG	1
176	175	13	GTCCTGTTCGTCTTCCCACCAAGA	1
177	176	13	TCCTGTTCGTCTTCCCACCAAGAT	1
178	177	13	CCTGTTCGTCTTCCCACCAAGATC	1
179	178	13	CTGTTCGTCTTCCCACCAAGATCT	1
180	179	14	TGTTCGTCTTCCCACCAAGATCTT	1
181	180	14	GTTCGTCTTCCCACCAAGATCTTG	1
182	181	14	TTCGTCTTCCCACCAAGATCTTGA	1
183	182	14	TCGTCTTCCCACCAAGATCTTGAA	1
184	183	14	CGTCTTCCCACCAAGATCTTGAAA	1
185	184	14	GTCTTCCCACCAAGATCTTGAAAA	1
186	185	14	TCTTCCCACCAAGATCTTGAAAAT	1
187	186	14	CTTCCCACCAAGATCTTGAAAATC	1
188	187	14	TTCCCACCAAGATCTTGAAAATCA	1
189	188	14	TCCCACCAAGATCTTGAAAATCAC	1
190	189	7	CCCACCAAGATCTTGAAAATCACT	1
191	190	7	CCACCAAGATCTTGAAAATCACTA	1
192	191	7	CACCAAGATCTTGAAAATCACTAC	1
193	192	6	ACCAAGATCTTGAAAATCACTACC	1
194	193	6	CCAAGATCTTGAAAATCACTACCC	1
195	194	6	CAAGATCTTGAAAATCACTACCCG	1
196	195	6	AAGATCTTGAAAATCACTACCCGT	1
197	196	6	AGATCTTGAAAATCACTACCCGTA	1
198	197	6	GATCTTGAAAATCACTACCCGTAA	1
199	198	6	ATCTTGAAAATCACTACCCGTAAG	1
200	199	6	TCTTGAAAATCACTACCCGTAAGA	1
201	200	6	CTTGAAAATCACTACCCGTAAGAC	1
202	201	6	TTGAAAATCACTACCCGTAAGACT	1
203	202	6	TGAAAATCACTACCCGTAAGACTC	1
204	203	6	GAAAATCACTACCCGTAAGACTCC	1
205	204	6	AAAATCACTACCCGTAAGACTCCT	1
206	205	5	AAATCACTACCCGTAAGACTCCTA	1
207	206	4	AATCACTACCCGTAAGACTCCTAA	1
208	207	4	ATCACTACCCGTAAGACTCCTAAC	1
209	208	4	TCACTACCCGTAAGACTCCTAACG	1
210	209	4	CACTACCCGTAAGACTCCTAACGG	1
211	210	5	ACTACCCGTAAGACTCCTAACGGT	1
212	211	4	CTACCCGTAAGACTCCTAACGGTG	1
213	212	4	TACCCGTAAGACTCCTAACGGTGA	1
214	213	3	ACCCGTAAGACTCCTAACGGTGAA	1
215	214	3	CCCGTAAGACTCCTAACGGTGAAG	1
216	215	5	CCGTAAGACTCCTAACGGTGAAGG	1
217	216	5	CGTAAGACTCCTAACGGTGAAGGT	1
218	217	5	GTAAGACTCCTAACGGTGAAGGTT	1
219	218	5	TAAGACTCCTAACGGTGAAGGTTC	1
220	219	5	AAGACTCCTAACGGTGAAGGTTCC	1
221	220	5	AGACTCCTAACGGTGAAGGTTCCA	1
222	221	5	GACTCCTAACGGTGAAGGTTCCAA	1
223	222	7	ACTCCTAACGGTGAAGGTTCCAAG	1
224	223	6	CTCCTAACGGTGAAGGTTCCAAGA	1
225	224	9	TCCTAACGGTGAAGGTTCCAAGAC	1
226	225	10	CCTAACGGTGAAGGTTCCAAGACC	1
227	226	10	CTAACGGTGAAGGTTCCAAGACCT	1
228	227	10	TAACGGTGAAGGTTCCAAGACCTG	1
229	228	11	AACGGTGAAGGTTCCAAGACCTGG	1
230	229	11	ACGGTGAAGGTTCCAAGACCTGGG	1
231	230	14	CGGTGAAGGTTCCAAGACCTGGGA	1
232	231	14	GGTGAAGGTTCCAAGACCTGGGAA	1
233	232	14	GTGAAGGTTCCAAGACCTGGGAAA	1
234	233	14	TGAAGGTTCCAAGACCTGGGAAAC	1
235	234	14	GAAGGTTCCAAGACCTGGGAAACC	1
236	235	14	AAGGTTCCAAGACCTGGGAAACCT	1
237	236	14	AGGTTCCAAGACCTGGGAAACCTA	1
238	237	14	GGTTCCAAGACCTGGGAAACCTAT	1
239	238	13	GTTCCAAGACCTGGGAAACCTATG	1
240	239	13	TTCCAAGACCTGGGAAACCTATGA	1
241	240	13	TCCAAGACCTGGGAAACCTATGAG	1
242	241	13	CCAAGACCTGGGAAACCTATGAGA	1
243	242	13	CAAGACCTGGGAAACCTATGAGAT	1
244	243	13	AAGACCTGGGAAACCTATGAGATG	1
245	244	13	AGACCTGGGAAACCTATGAGATGC	1
246	245	12	GACCTGGGAAACCTATGAGATGCG	1
247	246	13	ACCTGGGAAACCTATGAGATGCGT	1
248	247	13	CCTGGGAAACCTATGAGATGCGTA	1
249	248	13	CTGGGAAACCTATGAGATGCGTAT	1
250	249	14	TGGGAAACCTATGAGATGCGTATC	1
251	250	14	GGGAAACCTATGAGATGCGTATCC	1
252	251	15	GGAAACCTATGAGATGCGTATCCA	1
253	252	15	GAAACCTATGAGATGCGTATCCAC	1
254	253	15	AAACCTATGAGATGCGTATCCACA	1
255	254	14	AACCTATGAGATGCGTATCCACAA	1
256	255	14	ACCTATGAGATGCGTATCCACAAG	1
257	256	15	CCTATGAGATGCGTATCCACAAGC	1
258	257	15	CTATGAGATGCGTATCCACAAGCG	1
259	258	15	TATGAGATGCGTATCCACAAGCGT	1
260	259	13	ATGAGATGCGTATCCACAAGCGTC	1
261	260	13	TGAGATGCGTATCCACAAGCGTCT	1
262	261	13	GAGATGCGTATCCACAAGCGTCTC	1
263	262	15	AGATGCGTATCCACAAGCGTCTCA	1
264	263	16	GATGCGTATCCACAAGCGTCTCAT	1
265	264	16	ATGCGTATCCACAAGCGTCTCATC	1
266	265	16	TGCGTATCCACAAGCGTCTCATCG	1
267	266	14	GCGTATCCACAAGCGTCTCATCGA	1
268	267	16	CGTATCCACAAGCGTCTCATCGAC	1
269	268	14	GTATCCACAAGCGTCTCATCGACC	1
270	269	13	TATCCACAAGCGTCTCATCGACCT	1
271	270	13	ATCCACAAGCGTCTCATCGACCTC	1
272	271	13	TCCACAAGCGTCTCATCGACCTCC	1
273	272	12	CCACAAGCGTCTCATCGACCTCCA	1
274	273	12	CACAAGCGTCTCATCGACCTCCAC	1
275	274	8	ACAAGCGTCTCATCGACCTCCACT	1
276	275	8	CAAGCGTCTCATCGACCTCCACTC	1
277	276	9	AAGCGTCTCATCGACCTCCACTCT	1
278	277	9	AGCGTCTCATCGACCTCCACTCTC	1
279	278	9	GCGTCTCATCGACCTCCACTCTCC	1
280	279	9	CGTCTCATCGACCTCCACTCTCCT	1
281	280	10	GTCTCATCGACCTCCACTCTCCTT	1
282	281	10	TCTCATCGACCTCCACTCTCCTTC	1
283	282	10	CTCATCGACCTCCACTCTCCTTCC	1
284	283	10	TCATCGACCTCCACTCTCCTTCCG	1
285	284	10	CATCGACCTCCACTCTCCTTCCGA	1
286	285	10	ATCGACCTCCACTCTCCTTCCGAG	1
287	286	10	TCGACCTCCACTCTCCTTCCGAGA	1
288	287	10	CGACCTCCACTCTCCTTCCGAGAT	1
289	288	10	GACCTCCACTCTCCTTCCGAGATT	1
290	289	10	ACCTCCACTCTCCTTCCGAGATTG	1
291	290	9	CCTCCACTCTCCTTCCGAGATTGT	1
292	291	9	CTCCACTCTCCTTCCGAGATTGTC	1
293	292	9	TCCACTCTCCTTCCGAGATTGTCA	1
294	293	8	CCACTCTCCTTCCGAGATTGTCAA	1
295	294	8	CACTCTCCTTCCGAGATTGTCAAG	1
296	295	8	ACTCTCCTTCCGAGATTGTCAAGC	1
297	296	8	CTCTCCTTCCGAGATTGTCAAGCA	1
298	297	8	TCTCCTTCCGAGATTGTCAAGCAA	1
299	298	8	CTCCTTCCGAGATTGTCAAGCAAA	1
300	299	8	TCCTTCCGAGATTGTCAAGCAAAT	1
301	300	7	CCTTCCGAGATTGTCAAGCAAATT	1
302	301	7	CTTCCGAGATTGTCAAGCAAATTA	1
303	302	7	TTCCGAGATTGTCAAGCAAATTAC	1
304	303	7	TCCGAGATTGTCAAGCAAATTACT	1
305	304	6	CCGAGATTGTCAAGCAAATTACTT	1
306	305	7	CGAGATTGTCAAGCAAATTACTTC	1
307	306	6	GAGATTGTCAAGCAAATTACTTCC	1
308	307	4	AGATTGTCAAGCAAATTACTTCCA	1
309	308	5	GATTGTCAAGCAAATTACTTCCAT	1
310	309	5	ATTGTCAAGCAAATTACTTCCATC	1
311	310	5	TTGTCAAGCAAATTACTTCCATCC	1
312	311	4	TGTCAAGCAAATTACTTCCATCCA	1
313	312	4	GTCAAGCAAATTACTTCCATCCAC	1
314	313	4	TCAAGCAAATTACTTCCATCCACA	1
315	314	4	CAAGCAAATTACTTCCATCCACAT	1
316	315	4	AAGCAAATTACTTCCATCCACATC	1
317	316	4	AGCAAATTACTTCCATCCACATCG	1
318	317	4	GCAAATTACTTCCATCCACATCGA	1
319	318	4	CAAATTACTTCCATCCACATCGAG	1
320	319	4	AAATTACTTCCATCCACATCGAGC	1
321	320	3	AATTACTTCCATCCACATCGAGCC	1
322	321	3	ATTACTTCCATCCACATCGAGCCT	1
323	322	3	TTACTTCCATCCACATCGAGCCTG	1
324	323	3	TACTTCCATCCACATCGAGCCTGG	1
325	324	2	ACTTCCATCCACATCGAGCCTGGT	1
326	325	2	CTTCCATCCACATCGAGCCTGGTG	1
327	326	2	TTCCATCCACATCGAGCCTGGTGT	1
328	327	2	TCCATCCACATCGAGCCTGGTGTT	1
329	328	2	CCATCCACATCGAGCCTGGTGTTG	1
330	329	2	CATCCACATCGAGCCTGGTGTTGA	1
331	330	2	ATCCACATCGAGCCTGGTGTTGAG	1
332	331	3	TCCACATCGAGCCTGGTGTTGAGG	1
333	332	3	CCACATCGAGCCTGGTGTTGAGGT	1
334	333	3	CACATCGAGCCTGGTGTTGAGGTT	1
335	334	3	ACATCGAGCCTGGTGTTGAGGTTG	1
336	335	4	CATCGAGCCTGGTGTTGAGGTTGA	1
337	336	4	ATCGAGCCTGGTGTTGAGGTTGAG	1
338	337	4	TCGAGCCTGGTGTTGAGGTTGAGG	1
339	338	4	CGAGCCTGGTGTTGAGGTTGAGGT	1
340	339	4	GAGCCTGGTGTTGAGGTTGAGGTT	1
341	340	4	AGCCTGGTGTTGAGGTTGAGGTTA	1
342	341	4	GCCTGGTGTTGAGGTTGAGGTTAC	1
343	342	4	CCTGGTGTTGAGGTTGAGGTTACC	1
344	343	4	CTGGTGTTGAGGTTGAGGTTACCA	1
345	344	4	TGGTGTTGAGGTTGAGGTTACCAT	1
346	345	4	GGTGTTGAGGTTGAGGTTACCATT	1
347	346	4	GTGTTGAGGTTGAGGTTACCATTG	1
348	347	4	TGTTGAGGTTGAGGTTACCATTGC	1
349	348	4	GTTGAGGTTGAGGTTACCATTGCC	1
350	349	3	TTGAGGTTGAGGTTACCATTGCCC	1
351	350	3	TGAGGTTGAGGTTACCATTGCCCA	1
352	351	3	GAGGTTGAGGTTACCATTGCCCAG	1
353	352	2	AGGTTGAGGTTACCATTGCCCAGT	1
354	353	2	GGTTGAGGTTACCATTGCCCAGTA	1
355	354	2	GTTGAGGTTACCATTGCCCAGTAA	1
356	355	2	TTGAGGTTACCATTGCCCAGTAAG	1
357	356	2	TGAGGTTACCATTGCCCAGTAAGG	1
358	357	2	GAGGTTACCATTGCCCAGTAAGGT	1
359	358	2	AGGTTACCATTGCCCAGTAAGGTG	1
360	359	2	GGTTACCATTGCCCAGTAAGGTGC	1
361	360	2	GTTACCATTGCCCAGTAAGGTGCT	1
362	361	2	TTACCATTGCCCAGTAAGGTGCTT	1
363	362	2	TACCATTGCCCAGTAAGGTGCTTG	1
364	363	2	ACCATTGCCCAGTAAGGTGCTTGT	1
365	364	2	CCATTGCCCAGTAAGGTGCTTGTT	1
366	365	2	CATTGCCCAGTAAGGTGCTTGTTC	1
367	366	2	ATTGCCCAGTAAGGTGCTTGTTCC	1
368	367	2	TTGCCCAGTAAGGTGCTTGTTCCA	1
369	368	2	TGCCCAGTAAGGTGCTTGTTCCAT	1
370	369	2	GCCCAGTAAGGTGCTTGTTCCATT	1
371	370	2	CCCAGTAAGGTGCTTGTTCCATTT	1
372	371	2	CCAGTAAGGTGCTTGTTCCATTTG	1
373	372	3	CAGTAAGGTGCTTGTTCCATTTGG	1
374	373	3	AGTAAGGTGCTTGTTCCATTTGGT	1
375	374	3	GTAAGGTGCTTGTTCCATTTGGTC	1
376	375	2	TAAGGTGCTTGTTCCATTTGGTCG	1
377	376	2	AAGGTGCTTGTTCCATTTGGTCGG	1
378	377	2	AGGTGCTTGTTCCATTTGGTCGGG	1
379	378	2	GGTGCTTGTTCCATTTGGTCGGGG	1
380	379	1	GTGCTTGTTCCATTTGGTCGGGGT	1
381	380	1	TGCTTGTTCCATTTGGTCGGGGTT	1
382	381	1	GCTTGTTCCATTTGGTCGGGGTTC	1
383	382	1	CTTGTTCCATTTGGTCGGGGTTCG	1
384	383	1	TTGTTCCATTTGGTCGGGGTTCGG	1
385	384	1	TGTTCCATTTGGTCGGGGTTCGGG	1
386	385	1	GTTCCATTTGGTCGGGGTTCGGGA	1
387	386	1	TTCCATTTGGTCGGGGTTCGGGAT	1
388	387	1	TCCATTTGGTCGGGGTTCGGGATG	1
389	388	1	CCATTTGGTCGGGGTTCGGGATGT	1
390	389	1	CATTTGGTCGGGGTTCGGGATGTC	1
391	390	1	ATTTGGTCGGGGTTCGGGATGTCA	1
392	391	1	TTTGGTCGGGGTTCGGGATGTCAT	1
393	392	1	TTGGTCGGGGTTCGGGATGTCATG	1
394	393	1	TGGTCGGGGTTCGGGATGTCATGT	1
395	394	1	GGTCGGGGTTCGGGATGTCATGTT	1
396	395	1	GTCGGGGTTCGGGATGTCATGTTT	1
397	396	1	TCGGGGTTCGGGATGTCATGTTTG	1
398	397	1	CGGGGTTCGGGATGTCATGTTTGC	1
399	398	1	GGGGTTCGGGATGTCATGTTTGCA	1
400	399	1	GGGTTCGGGATGTCATGTTTGCAT	1
401	400	1	GGTTCGGGATGTCATGTTTGCATC	1
402	401	1	GTTCGGGATGTCATGTTTGCATCG	1
403	402	1	TTCGGGATGTCATGTTTGCATCGA	1
404	403	1	TCGGGATGTCATGTTTGCATCGAA	1
405	404	1	CGGGATGTCATGTTTGCATCGAAA	1
406	405	1	GGGATGTCATGTTTGCATCGAAAG	1
407	406	1	GGATGTCATGTTTGCATCGAAAGT	1
408	407	1	GATGTCATGTTTGCATCGAAAGTC	1
409	408	1	ATGTCATGTTTGCATCGAAAGTCC	1
410	409	1	TGTCATGTTTGCATCGAAAGTCCC	1
411	410	1	GTCATGTTTGCATCGAAAGTCCCC	1
412	411	1	TCATGTTTGCATCGAAAGTCCCCT	1
413	412	1	CATGTTTGCATCGAAAGTCCCCTC	1
414	413	1	ATGTTTGCATCGAAAGTCCCCTCC	1
415	414	1	TGTTTGCATCGAAAGTCCCCTCCA	1
416	415	1	GTTTGCATCGAAAGTCCCCTCCAG	1
