Component 750
1	-1	0	TGTCTGTTAGCAACGATCTCATCT	1
2	1	1	GTCTGTTAGCAACGATCTCATCTG	1
3	2	5	TCTGTTAGCAACGATCTCATCTGG	1
4	3	6	CTGTTAGCAACGATCTCATCTGGC	1
5	4	9	TGTTAGCAACGATCTCATCTGGCA	1
6	5	10	GTTAGCAACGATCTCATCTGGCAA	1
7	6	11	TTAGCAACGATCTCATCTGGCAAG	1
8	7	11	TAGCAACGATCTCATCTGGCAAGT	1
9	8	11	AGCAACGATCTCATCTGGCAAGTT	1
10	9	11	GCAACGATCTCATCTGGCAAGTTA	1
11	10	13	CAACGATCTCATCTGGCAAGTTAT	1
12	11	15	AACGATCTCATCTGGCAAGTTATC	1
13	12	15	ACGATCTCATCTGGCAAGTTATCC	1
14	13	15	CGATCTCATCTGGCAAGTTATCCG	1
15	14	15	GATCTCATCTGGCAAGTTATCCGT	1
16	15	15	ATCTCATCTGGCAAGTTATCCGTG	1
17	16	15	TCTCATCTGGCAAGTTATCCGTGA	1
18	17	15	CTCATCTGGCAAGTTATCCGTGAC	1
19	18	16	TCATCTGGCAAGTTATCCGTGACA	1
20	19	16	CATCTGGCAAGTTATCCGTGACAA	1
21	20	16	ATCTGGCAAGTTATCCGTGACAAC	1
22	21	16	TCTGGCAAGTTATCCGTGACAACA	1
23	22	16	CTGGCAAGTTATCCGTGACAACAA	1
24	23	16	TGGCAAGTTATCCGTGACAACAAC	1
25	24	16	GGCAAGTTATCCGTGACAACAACC	1
26	25	16	GCAAGTTATCCGTGACAACAACCG	1
27	26	17	CAAGTTATCCGTGACAACAACCGC	1
28	27	17	AAGTTATCCGTGACAACAACCGCT	1
29	28	17	AGTTATCCGTGACAACAACCGCTT	1
30	29	17	GTTATCCGTGACAACAACCGCTTT	1
31	30	17	TTATCCGTGACAACAACCGCTTTC	1
32	31	17	TATCCGTGACAACAACCGCTTTCT	1
33	32	17	ATCCGTGACAACAACCGCTTTCTT	1
34	33	17	TCCGTGACAACAACCGCTTTCTTG	1
35	34	17	CCGTGACAACAACCGCTTTCTTGT	1
36	35	17	CGTGACAACAACCGCTTTCTTGTT	1
37	36	17	GTGACAACAACCGCTTTCTTGTTA	1
38	37	17	TGACAACAACCGCTTTCTTGTTAA	1
39	38	17	GACAACAACCGCTTTCTTGTTAAG	1
40	39	16	ACAACAACCGCTTTCTTGTTAAGC	1
41	40	16	CAACAACCGCTTTCTTGTTAAGCG	1
42	41	16	AACAACCGCTTTCTTGTTAAGCGT	1
43	42	16	ACAACCGCTTTCTTGTTAAGCGTC	1
44	43	16	CAACCGCTTTCTTGTTAAGCGTCC	1
45	44	16	AACCGCTTTCTTGTTAAGCGTCCC	1
46	45	15	ACCGCTTTCTTGTTAAGCGTCCCG	1
47	46	12	CCGCTTTCTTGTTAAGCGTCCCGA	1
48	47	11	CGCTTTCTTGTTAAGCGTCCCGAA	1
49	48	8	GCTTTCTTGTTAAGCGTCCCGAAT	1
50	49	7	CTTTCTTGTTAAGCGTCCCGAATT	1
51	50	6	TTTCTTGTTAAGCGTCCCGAATTC	1
52	51	6	TTCTTGTTAAGCGTCCCGAATTCG	1
53	52	6	TCTTGTTAAGCGTCCCGAATTCGG	1
54	53	5	CTTGTTAAGCGTCCCGAATTCGGT	1
55	54	3	TTGTTAAGCGTCCCGAATTCGGTG	1
56	55	1	TGTTAAGCGTCCCGAATTCGGTGG	1
57	56	2	GTTAAGCGTCCCGAATTCGGTGGC	1
58	57	2	TTAAGCGTCCCGAATTCGGTGGCA	1
59	58	2	TAAGCGTCCCGAATTCGGTGGCAT	1
60	59	2	AAGCGTCCCGAATTCGGTGGCATT	1
61	60	2	AGCGTCCCGAATTCGGTGGCATTC	1
62	61	2	GCGTCCCGAATTCGGTGGCATTCA	1
63	62	2	CGTCCCGAATTCGGTGGCATTCAA	1
64	63	2	GTCCCGAATTCGGTGGCATTCAAT	1
65	64	2	TCCCGAATTCGGTGGCATTCAATT	1
66	65	2	CCCGAATTCGGTGGCATTCAATTC	1
67	66	2	CCGAATTCGGTGGCATTCAATTCA	1
68	67	2	CGAATTCGGTGGCATTCAATTCAA	1
69	68	2	GAATTCGGTGGCATTCAATTCAAC	1
70	69	2	AATTCGGTGGCATTCAATTCAACC	1
71	70	1	ATTCGGTGGCATTCAATTCAACCG	1
72	71	1	TTCGGTGGCATTCAATTCAACCGT	1
73	72	1	TCGGTGGCATTCAATTCAACCGTG	1
74	73	1	CGGTGGCATTCAATTCAACCGTGA	1
75	74	1	GGTGGCATTCAATTCAACCGTGAG	1
76	75	1	GTGGCATTCAATTCAACCGTGAGC	1
77	76	1	TGGCATTCAATTCAACCGTGAGCC	1
78	77	1	GGCATTCAATTCAACCGTGAGCCC	1
79	78	1	GCATTCAATTCAACCGTGAGCCCG	1
80	79	1	CATTCAATTCAACCGTGAGCCCGT	1
81	80	1	ATTCAATTCAACCGTGAGCCCGTT	1
82	81	1	TTCAATTCAACCGTGAGCCCGTTA	1
83	82	1	TCAATTCAACCGTGAGCCCGTTAA	1
84	83	1	CAATTCAACCGTGAGCCCGTTAAC	1
85	84	1	AATTCAACCGTGAGCCCGTTAACG	1
86	85	1	ATTCAACCGTGAGCCCGTTAACGT	1
87	86	1	TTCAACCGTGAGCCCGTTAACGTT	1
88	87	1	TCAACCGTGAGCCCGTTAACGTTT	1
89	88	1	CAACCGTGAGCCCGTTAACGTTTC	1
90	89	1	AACCGTGAGCCCGTTAACGTTTCT	1
91	90	1	ACCGTGAGCCCGTTAACGTTTCTG	1
92	91	1	CCGTGAGCCCGTTAACGTTTCTGG	1
93	92	1	CGTGAGCCCGTTAACGTTTCTGGC	1
94	93	1	GTGAGCCCGTTAACGTTTCTGGCA	1
95	94	1	TGAGCCCGTTAACGTTTCTGGCAA	1
96	95	1	GAGCCCGTTAACGTTTCTGGCAAG	1
97	96	1	AGCCCGTTAACGTTTCTGGCAAGA	1
98	97	1	GCCCGTTAACGTTTCTGGCAAGAA	1
99	98	2	CCCGTTAACGTTTCTGGCAAGAAC	1
100	99	2	CCGTTAACGTTTCTGGCAAGAACG	1
101	100	1	CGTTAACGTTTCTGGCAAGAACGC	1
102	101	1	GTTAACGTTTCTGGCAAGAACGCT	1
103	102	1	TTAACGTTTCTGGCAAGAACGCTC	1
104	103	1	TAACGTTTCTGGCAAGAACGCTCA	1
105	104	1	AACGTTTCTGGCAAGAACGCTCAA	1
106	105	1	ACGTTTCTGGCAAGAACGCTCAAC	1
107	106	1	CGTTTCTGGCAAGAACGCTCAACG	1
108	107	1	GTTTCTGGCAAGAACGCTCAACGC	1
109	108	1	TTTCTGGCAAGAACGCTCAACGCT	1
110	109	1	TTCTGGCAAGAACGCTCAACGCTT	1
111	110	1	TCTGGCAAGAACGCTCAACGCTTC	1
112	111	1	CTGGCAAGAACGCTCAACGCTTCT	1
113	112	1	TGGCAAGAACGCTCAACGCTTCTC	1
114	113	1	GGCAAGAACGCTCAACGCTTCTCT	1
115	114	1	GCAAGAACGCTCAACGCTTCTCTG	1
116	115	1	CAAGAACGCTCAACGCTTCTCTGG	1
117	116	1	AAGAACGCTCAACGCTTCTCTGGT	1
118	117	1	AGAACGCTCAACGCTTCTCTGGTC	1
119	118	1	GAACGCTCAACGCTTCTCTGGTCT	1
120	119	1	AACGCTCAACGCTTCTCTGGTCTC	1
121	120	1	ACGCTCAACGCTTCTCTGGTCTCT	1
122	121	1	CGCTCAACGCTTCTCTGGTCTCTG	1
123	122	1	GCTCAACGCTTCTCTGGTCTCTGC	1
124	123	1	CTCAACGCTTCTCTGGTCTCTGCA	1
125	124	1	TCAACGCTTCTCTGGTCTCTGCAA	1
126	125	1	CAACGCTTCTCTGGTCTCTGCAAT	1
127	126	1	AACGCTTCTCTGGTCTCTGCAATG	1
128	127	1	ACGCTTCTCTGGTCTCTGCAATGA	1
129	128	1	CGCTTCTCTGGTCTCTGCAATGAC	1
130	129	2	GCTTCTCTGGTCTCTGCAATGACA	1
131	130	2	CTTCTCTGGTCTCTGCAATGACAA	1
132	131	2	TTCTCTGGTCTCTGCAATGACAAA	1
133	132	3	TCTCTGGTCTCTGCAATGACAAAG	1
134	133	3	CTCTGGTCTCTGCAATGACAAAGC	1
135	134	3	TCTGGTCTCTGCAATGACAAAGCC	1
136	135	3	CTGGTCTCTGCAATGACAAAGCCG	1
137	136	3	TGGTCTCTGCAATGACAAAGCCGT	1
138	137	3	GGTCTCTGCAATGACAAAGCCGTT	1
139	138	4	GTCTCTGCAATGACAAAGCCGTTG	1
140	139	4	TCTCTGCAATGACAAAGCCGTTGG	1
141	140	4	CTCTGCAATGACAAAGCCGTTGGT	1
142	141	4	TCTGCAATGACAAAGCCGTTGGTG	1
143	142	3	CTGCAATGACAAAGCCGTTGGTGT	1
144	143	3	TGCAATGACAAAGCCGTTGGTGTC	1
145	144	3	GCAATGACAAAGCCGTTGGTGTCC	1
146	145	3	CAATGACAAAGCCGTTGGTGTCCA	1
147	146	5	AATGACAAAGCCGTTGGTGTCCAA	1
148	147	6	ATGACAAAGCCGTTGGTGTCCAAG	1
149	148	6	TGACAAAGCCGTTGGTGTCCAAGC	1
150	149	6	GACAAAGCCGTTGGTGTCCAAGCT	1
151	150	8	ACAAAGCCGTTGGTGTCCAAGCTA	1
152	151	9	CAAAGCCGTTGGTGTCCAAGCTAA	1
153	152	10	AAAGCCGTTGGTGTCCAAGCTAAC	1
154	153	9	AAGCCGTTGGTGTCCAAGCTAACA	1
155	154	9	AGCCGTTGGTGTCCAAGCTAACAG	1
156	155	9	GCCGTTGGTGTCCAAGCTAACAGC	1
157	156	9	CCGTTGGTGTCCAAGCTAACAGCC	1
158	157	9	CGTTGGTGTCCAAGCTAACAGCCC	1
159	158	9	GTTGGTGTCCAAGCTAACAGCCCC	1
160	159	8	TTGGTGTCCAAGCTAACAGCCCCC	1
161	160	8	TGGTGTCCAAGCTAACAGCCCCCG	1
162	161	8	GGTGTCCAAGCTAACAGCCCCCGT	1
163	162	8	GTGTCCAAGCTAACAGCCCCCGTG	1
164	163	9	TGTCCAAGCTAACAGCCCCCGTGG	1
165	164	9	GTCCAAGCTAACAGCCCCCGTGGT	1
166	165	9	TCCAAGCTAACAGCCCCCGTGGTG	1
167	166	9	CCAAGCTAACAGCCCCCGTGGTGT	1
168	167	10	CAAGCTAACAGCCCCCGTGGTGTT	1
169	168	10	AAGCTAACAGCCCCCGTGGTGTTG	1
170	169	10	AGCTAACAGCCCCCGTGGTGTTGT	1
171	170	10	GCTAACAGCCCCCGTGGTGTTGTT	1
172	171	10	CTAACAGCCCCCGTGGTGTTGTTT	1
173	172	11	TAACAGCCCCCGTGGTGTTGTTTT	1
174	173	10	AACAGCCCCCGTGGTGTTGTTTTA	1
175	174	10	ACAGCCCCCGTGGTGTTGTTTTAA	1
176	175	10	CAGCCCCCGTGGTGTTGTTTTAAT	1
177	176	9	AGCCCCCGTGGTGTTGTTTTAATT	1
178	177	9	GCCCCCGTGGTGTTGTTTTAATTA	1
179	178	10	CCCCCGTGGTGTTGTTTTAATTAC	1
180	179	10	CCCCGTGGTGTTGTTTTAATTACC	1
181	180	11	CCCGTGGTGTTGTTTTAATTACCA	1
182	181	12	CCGTGGTGTTGTTTTAATTACCAA	1
183	182	13	CGTGGTGTTGTTTTAATTACCAAG	1
184	183	12	GTGGTGTTGTTTTAATTACCAAGA	1
185	184	12	TGGTGTTGTTTTAATTACCAAGAC	1
186	185	12	GGTGTTGTTTTAATTACCAAGACC	1
187	186	12	GTGTTGTTTTAATTACCAAGACCA	1
188	187	12	TGTTGTTTTAATTACCAAGACCAA	1
189	188	11	GTTGTTTTAATTACCAAGACCAAT	1
190	189	11	TTGTTTTAATTACCAAGACCAATC	1
191	190	10	TGTTTTAATTACCAAGACCAATCC	1
192	191	9	GTTTTAATTACCAAGACCAATCCC	1
193	192	10	TTTTAATTACCAAGACCAATCCCA	1
194	193	9	TTTAATTACCAAGACCAATCCCAA	1
195	194	8	TTAATTACCAAGACCAATCCCAAG	1
196	195	7	TAATTACCAAGACCAATCCCAAGA	1
197	196	6	AATTACCAAGACCAATCCCAAGAA	1
198	197	6	ATTACCAAGACCAATCCCAAGAAT	1
199	198	6	TTACCAAGACCAATCCCAAGAATG	1
200	199	6	TACCAAGACCAATCCCAAGAATGC	1
201	200	6	ACCAAGACCAATCCCAAGAATGCT	1
202	201	6	CCAAGACCAATCCCAAGAATGCTC	1
203	202	6	CAAGACCAATCCCAAGAATGCTCA	1
204	203	6	AAGACCAATCCCAAGAATGCTCAA	1
205	204	6	AGACCAATCCCAAGAATGCTCAAA	1
206	205	6	GACCAATCCCAAGAATGCTCAAAA	1
207	206	6	ACCAATCCCAAGAATGCTCAAAAG	1
208	207	5	CCAATCCCAAGAATGCTCAAAAGC	1
209	208	6	CAATCCCAAGAATGCTCAAAAGCC	1
210	209	7	AATCCCAAGAATGCTCAAAAGCCT	1
211	210	7	ATCCCAAGAATGCTCAAAAGCCTG	1
212	211	7	TCCCAAGAATGCTCAAAAGCCTGC	1
213	212	7	CCCAAGAATGCTCAAAAGCCTGCC	1
214	213	7	CCAAGAATGCTCAAAAGCCTGCCA	1
215	214	7	CAAGAATGCTCAAAAGCCTGCCAA	1
216	215	7	AAGAATGCTCAAAAGCCTGCCAAG	1
217	216	6	AGAATGCTCAAAAGCCTGCCAAGC	1
218	217	6	GAATGCTCAAAAGCCTGCCAAGCT	1
219	218	6	AATGCTCAAAAGCCTGCCAAGCTT	1
220	219	6	ATGCTCAAAAGCCTGCCAAGCTTT	1
221	220	6	TGCTCAAAAGCCTGCCAAGCTTTT	1
222	221	6	GCTCAAAAGCCTGCCAAGCTTTTC	1
223	222	6	CTCAAAAGCCTGCCAAGCTTTTCC	1
224	223	7	TCAAAAGCCTGCCAAGCTTTTCCG	1
225	224	7	CAAAAGCCTGCCAAGCTTTTCCGC	1
226	225	6	AAAAGCCTGCCAAGCTTTTCCGCA	1
227	226	5	AAAGCCTGCCAAGCTTTTCCGCAA	1
228	227	5	AAGCCTGCCAAGCTTTTCCGCAAG	1
229	228	5	AGCCTGCCAAGCTTTTCCGCAAGG	1
230	229	5	GCCTGCCAAGCTTTTCCGCAAGGA	1
231	230	5	CCTGCCAAGCTTTTCCGCAAGGAT	1
232	231	5	CTGCCAAGCTTTTCCGCAAGGATG	1
233	232	5	TGCCAAGCTTTTCCGCAAGGATGT	1
234	233	5	GCCAAGCTTTTCCGCAAGGATGTC	1
235	234	5	CCAAGCTTTTCCGCAAGGATGTCA	1
236	235	6	CAAGCTTTTCCGCAAGGATGTCAT	1
237	236	5	AAGCTTTTCCGCAAGGATGTCATT	1
238	237	5	AGCTTTTCCGCAAGGATGTCATTG	1
239	238	5	GCTTTTCCGCAAGGATGTCATTGC	1
240	239	5	CTTTTCCGCAAGGATGTCATTGCC	1
241	240	5	TTTTCCGCAAGGATGTCATTGCCA	1
242	241	5	TTTCCGCAAGGATGTCATTGCCAA	1
243	242	5	TTCCGCAAGGATGTCATTGCCAAC	1
244	243	5	TCCGCAAGGATGTCATTGCCAACG	1
245	244	5	CCGCAAGGATGTCATTGCCAACGC	1
246	245	5	CGCAAGGATGTCATTGCCAACGCT	1
247	246	5	GCAAGGATGTCATTGCCAACGCTT	1
248	247	5	CAAGGATGTCATTGCCAACGCTTC	1
249	248	5	AAGGATGTCATTGCCAACGCTTCT	1
250	249	5	AGGATGTCATTGCCAACGCTTCTT	1
251	250	5	GGATGTCATTGCCAACGCTTCTTC	1
252	251	5	GATGTCATTGCCAACGCTTCTTCT	1
253	252	4	ATGTCATTGCCAACGCTTCTTCTC	1
254	253	3	TGTCATTGCCAACGCTTCTTCTCG	1
255	254	3	GTCATTGCCAACGCTTCTTCTCGT	1
256	255	2	TCATTGCCAACGCTTCTTCTCGTA	1
257	256	2	CATTGCCAACGCTTCTTCTCGTAA	1
258	257	2	ATTGCCAACGCTTCTTCTCGTAAG	1
259	258	2	TTGCCAACGCTTCTTCTCGTAAGA	1
260	259	2	TGCCAACGCTTCTTCTCGTAAGAC	1
261	260	2	GCCAACGCTTCTTCTCGTAAGACC	1
262	261	3	CCAACGCTTCTTCTCGTAAGACCT	1
263	262	3	CAACGCTTCTTCTCGTAAGACCTA	1
264	263	3	AACGCTTCTTCTCGTAAGACCTAT	1
265	264	3	ACGCTTCTTCTCGTAAGACCTATA	1
266	265	3	CGCTTCTTCTCGTAAGACCTATAA	1
267	266	3	GCTTCTTCTCGTAAGACCTATAAG	1
268	267	1	CTTCTTCTCGTAAGACCTATAAGA	1
269	268	1	TTCTTCTCGTAAGACCTATAAGAG	1
270	269	1	TCTTCTCGTAAGACCTATAAGAGC	1
271	270	1	CTTCTCGTAAGACCTATAAGAGCA	1
272	271	1	TTCTCGTAAGACCTATAAGAGCAT	1
273	272	1	TCTCGTAAGACCTATAAGAGCATT	1
274	273	1	CTCGTAAGACCTATAAGAGCATTG	1
275	274	1	TCGTAAGACCTATAAGAGCATTGC	1
276	275	1	CGTAAGACCTATAAGAGCATTGCT	1
277	276	1	GTAAGACCTATAAGAGCATTGCTG	1
278	277	1	TAAGACCTATAAGAGCATTGCTGG	1
279	278	1	AAGACCTATAAGAGCATTGCTGGT	1
280	279	1	AGACCTATAAGAGCATTGCTGGTC	1
281	280	1	GACCTATAAGAGCATTGCTGGTCG	1
282	281	1	ACCTATAAGAGCATTGCTGGTCGT	1
283	282	2	CCTATAAGAGCATTGCTGGTCGTA	1
284	283	2	CTATAAGAGCATTGCTGGTCGTAT	1
285	284	2	TATAAGAGCATTGCTGGTCGTATC	1
286	285	2	ATAAGAGCATTGCTGGTCGTATCG	1
287	286	2	TAAGAGCATTGCTGGTCGTATCGG	1
288	287	1	AAGAGCATTGCTGGTCGTATCGGC	1
289	288	1	AGAGCATTGCTGGTCGTATCGGCA	1
290	289	1	GAGCATTGCTGGTCGTATCGGCAG	1
291	290	2	AGCATTGCTGGTCGTATCGGCAGA	1
292	291	2	GCATTGCTGGTCGTATCGGCAGAA	1
293	292	2	CATTGCTGGTCGTATCGGCAGAAC	1
294	293	2	ATTGCTGGTCGTATCGGCAGAACT	1
295	294	2	TTGCTGGTCGTATCGGCAGAACTG	1
296	295	2	TGCTGGTCGTATCGGCAGAACTGG	1
297	296	2	GCTGGTCGTATCGGCAGAACTGGC	1
298	297	2	CTGGTCGTATCGGCAGAACTGGCT	1
299	298	2	TGGTCGTATCGGCAGAACTGGCTA	1
300	299	2	GGTCGTATCGGCAGAACTGGCTAT	1
301	300	2	GTCGTATCGGCAGAACTGGCTATC	1
302	301	2	TCGTATCGGCAGAACTGGCTATCG	1
303	302	2	CGTATCGGCAGAACTGGCTATCGT	1
304	303	2	GTATCGGCAGAACTGGCTATCGTG	1
305	304	3	TATCGGCAGAACTGGCTATCGTGA	1
306	305	3	ATCGGCAGAACTGGCTATCGTGAT	1
307	306	3	TCGGCAGAACTGGCTATCGTGATG	1
308	307	3	CGGCAGAACTGGCTATCGTGATGA	1
309	308	3	GGCAGAACTGGCTATCGTGATGAT	1
310	309	3	GCAGAACTGGCTATCGTGATGATC	1
311	310	3	CAGAACTGGCTATCGTGATGATCT	1
312	311	3	AGAACTGGCTATCGTGATGATCTT	1
313	312	3	GAACTGGCTATCGTGATGATCTTG	1
314	313	3	AACTGGCTATCGTGATGATCTTGT	1
315	314	4	ACTGGCTATCGTGATGATCTTGTC	1
316	315	4	CTGGCTATCGTGATGATCTTGTCA	1
317	316	4	TGGCTATCGTGATGATCTTGTCAA	1
318	317	5	GGCTATCGTGATGATCTTGTCAAG	1
319	318	5	GCTATCGTGATGATCTTGTCAAGG	1
320	319	7	CTATCGTGATGATCTTGTCAAGGT	1
321	320	7	TATCGTGATGATCTTGTCAAGGTT	1
322	321	7	ATCGTGATGATCTTGTCAAGGTTT	1
323	322	7	TCGTGATGATCTTGTCAAGGTTTC	1
324	323	7	CGTGATGATCTTGTCAAGGTTTCC	1
325	324	7	GTGATGATCTTGTCAAGGTTTCCG	1
326	325	7	TGATGATCTTGTCAAGGTTTCCGT	1
327	326	6	GATGATCTTGTCAAGGTTTCCGTT	1
328	327	6	ATGATCTTGTCAAGGTTTCCGTTG	1
329	328	6	TGATCTTGTCAAGGTTTCCGTTGC	1
330	329	6	GATCTTGTCAAGGTTTCCGTTGCC	1
331	330	6	ATCTTGTCAAGGTTTCCGTTGCCC	1
332	331	6	TCTTGTCAAGGTTTCCGTTGCCCG	1
333	332	6	CTTGTCAAGGTTTCCGTTGCCCGT	1
334	333	6	TTGTCAAGGTTTCCGTTGCCCGTG	1
335	334	5	TGTCAAGGTTTCCGTTGCCCGTGC	1
336	335	5	GTCAAGGTTTCCGTTGCCCGTGCC	1
337	336	5	TCAAGGTTTCCGTTGCCCGTGCCT	1
338	337	5	CAAGGTTTCCGTTGCCCGTGCCTC	1
339	338	5	AAGGTTTCCGTTGCCCGTGCCTCC	1
340	339	5	AGGTTTCCGTTGCCCGTGCCTCCG	1
341	340	5	GGTTTCCGTTGCCCGTGCCTCCGC	1
342	341	5	GTTTCCGTTGCCCGTGCCTCCGCT	1
343	342	5	TTTCCGTTGCCCGTGCCTCCGCTA	1
344	343	5	TTCCGTTGCCCGTGCCTCCGCTAT	1
345	344	5	TCCGTTGCCCGTGCCTCCGCTATT	1
346	345	5	CCGTTGCCCGTGCCTCCGCTATTC	1
347	346	5	CGTTGCCCGTGCCTCCGCTATTCT	1
348	347	5	GTTGCCCGTGCCTCCGCTATTCTT	1
349	348	4	TTGCCCGTGCCTCCGCTATTCTTT	1
350	349	4	TGCCCGTGCCTCCGCTATTCTTTC	1
351	350	4	GCCCGTGCCTCCGCTATTCTTTCT	1
352	351	4	CCCGTGCCTCCGCTATTCTTTCTT	1
353	352	4	CCGTGCCTCCGCTATTCTTTCTTC	1
354	353	4	CGTGCCTCCGCTATTCTTTCTTCT	1
355	354	4	GTGCCTCCGCTATTCTTTCTTCTC	1
356	355	4	TGCCTCCGCTATTCTTTCTTCTCA	1
357	356	4	GCCTCCGCTATTCTTTCTTCTCAA	1
358	357	4	CCTCCGCTATTCTTTCTTCTCAAC	1
359	358	2	CTCCGCTATTCTTTCTTCTCAACG	1
360	359	2	TCCGCTATTCTTTCTTCTCAACGC	1
361	360	2	CCGCTATTCTTTCTTCTCAACGCC	1
362	361	1	CGCTATTCTTTCTTCTCAACGCCC	1
363	362	2	GCTATTCTTTCTTCTCAACGCCCC	1
364	363	3	CTATTCTTTCTTCTCAACGCCCCA	1
365	364	3	TATTCTTTCTTCTCAACGCCCCAA	1
366	365	4	ATTCTTTCTTCTCAACGCCCCAAG	1
367	366	4	TTCTTTCTTCTCAACGCCCCAAGA	1
368	367	4	TCTTTCTTCTCAACGCCCCAAGAA	1
369	368	4	CTTTCTTCTCAACGCCCCAAGAAG	1
370	369	4	TTTCTTCTCAACGCCCCAAGAAGA	1
371	370	4	TTCTTCTCAACGCCCCAAGAAGAC	1
372	371	4	TCTTCTCAACGCCCCAAGAAGACT	1
373	372	4	CTTCTCAACGCCCCAAGAAGACTG	1
374	373	4	TTCTCAACGCCCCAAGAAGACTGT	1
375	374	4	TCTCAACGCCCCAAGAAGACTGTT	1
376	375	4	CTCAACGCCCCAAGAAGACTGTTG	1
377	376	4	TCAACGCCCCAAGAAGACTGTTGC	1
378	377	4	CAACGCCCCAAGAAGACTGTTGCT	1
379	378	4	AACGCCCCAAGAAGACTGTTGCTT	1
380	379	4	ACGCCCCAAGAAGACTGTTGCTTA	1
381	380	4	CGCCCCAAGAAGACTGTTGCTTAG	1
382	381	4	GCCCCAAGAAGACTGTTGCTTAGA	1
383	382	4	CCCCAAGAAGACTGTTGCTTAGAC	1
384	383	4	CCCAAGAAGACTGTTGCTTAGACT	1
385	384	4	CCAAGAAGACTGTTGCTTAGACTG	1
386	385	4	CAAGAAGACTGTTGCTTAGACTGA	1
387	386	4	AAGAAGACTGTTGCTTAGACTGAT	1
388	387	4	AGAAGACTGTTGCTTAGACTGATG	1
389	388	4	GAAGACTGTTGCTTAGACTGATGG	1
390	389	4	AAGACTGTTGCTTAGACTGATGGT	1
391	390	4	AGACTGTTGCTTAGACTGATGGTT	1
392	391	4	GACTGTTGCTTAGACTGATGGTTT	1
393	392	4	ACTGTTGCTTAGACTGATGGTTTT	1
394	393	4	CTGTTGCTTAGACTGATGGTTTTA	1
395	394	4	TGTTGCTTAGACTGATGGTTTTAA	1
396	395	4	GTTGCTTAGACTGATGGTTTTAAA	1
397	396	4	TTGCTTAGACTGATGGTTTTAAAT	1
398	397	4	TGCTTAGACTGATGGTTTTAAATA	1
399	398	4	GCTTAGACTGATGGTTTTAAATAA	1
400	399	4	CTTAGACTGATGGTTTTAAATAAA	1
401	400	4	TTAGACTGATGGTTTTAAATAAAA	1
402	401	4	TAGACTGATGGTTTTAAATAAAAT	1
403	402	4	AGACTGATGGTTTTAAATAAAATC	1
404	403	4	GACTGATGGTTTTAAATAAAATCT	1
405	404	4	ACTGATGGTTTTAAATAAAATCTT	1
406	405	4	CTGATGGTTTTAAATAAAATCTTT	1
407	406	2	TGATGGTTTTAAATAAAATCTTTA	1
408	407	1	GATGGTTTTAAATAAAATCTTTAA	1
409	408	1	ATGGTTTTAAATAAAATCTTTAAA	1
