Component 751
1	-1	0	AAGGCACCCTACTCTCACCTTTTT	1
2	1	1	AGGCACCCTACTCTCACCTTTTTT	1
3	2	1	GGCACCCTACTCTCACCTTTTTTT	1
4	3	1	GCACCCTACTCTCACCTTTTTTTA	1
5	4	1	CACCCTACTCTCACCTTTTTTTAC	1
6	5	1	ACCCTACTCTCACCTTTTTTTACC	1
7	6	1	CCCTACTCTCACCTTTTTTTACCA	1
8	7	1	CCTACTCTCACCTTTTTTTACCAC	1
9	8	1	CTACTCTCACCTTTTTTTACCACT	1
10	9	1	TACTCTCACCTTTTTTTACCACTT	1
11	10	1	ACTCTCACCTTTTTTTACCACTTT	1
12	11	1	CTCTCACCTTTTTTTACCACTTTA	1
13	12	1	TCTCACCTTTTTTTACCACTTTAA	1
14	13	1	CTCACCTTTTTTTACCACTTTAAG	1
15	14	1	TCACCTTTTTTTACCACTTTAAGC	1
16	15	1	CACCTTTTTTTACCACTTTAAGCG	1
17	16	1	ACCTTTTTTTACCACTTTAAGCGT	1
18	17	1	CCTTTTTTTACCACTTTAAGCGTG	1
19	18	1	CTTTTTTTACCACTTTAAGCGTGC	1
20	19	1	TTTTTTTACCACTTTAAGCGTGCT	1
21	20	1	TTTTTTACCACTTTAAGCGTGCTT	1
22	21	1	TTTTTACCACTTTAAGCGTGCTTG	1
23	22	1	TTTTACCACTTTAAGCGTGCTTGA	1
24	23	1	TTTACCACTTTAAGCGTGCTTGAG	1
25	24	1	TTACCACTTTAAGCGTGCTTGAGA	1
26	25	1	TACCACTTTAAGCGTGCTTGAGAC	1
27	26	1	ACCACTTTAAGCGTGCTTGAGACA	1
28	27	1	CCACTTTAAGCGTGCTTGAGACAA	1
29	28	1	CACTTTAAGCGTGCTTGAGACAAT	1
30	29	1	ACTTTAAGCGTGCTTGAGACAATC	1
31	30	1	CTTTAAGCGTGCTTGAGACAATCG	1
32	31	1	TTTAAGCGTGCTTGAGACAATCGA	1
33	32	1	TTAAGCGTGCTTGAGACAATCGAC	1
34	33	1	TAAGCGTGCTTGAGACAATCGACT	1
35	34	1	AAGCGTGCTTGAGACAATCGACTT	1
36	35	1	AGCGTGCTTGAGACAATCGACTTT	1
37	36	1	GCGTGCTTGAGACAATCGACTTTC	1
38	37	1	CGTGCTTGAGACAATCGACTTTCA	1
39	38	2	GTGCTTGAGACAATCGACTTTCAA	1
40	39	2	TGCTTGAGACAATCGACTTTCAAC	1
41	40	2	GCTTGAGACAATCGACTTTCAACA	1
42	41	2	CTTGAGACAATCGACTTTCAACAA	1
43	42	2	TTGAGACAATCGACTTTCAACAAC	1
44	43	2	TGAGACAATCGACTTTCAACAACT	1
45	44	2	GAGACAATCGACTTTCAACAACTC	1
46	45	5	AGACAATCGACTTTCAACAACTCA	1
47	46	13	GACAATCGACTTTCAACAACTCAT	1
48	47	13	ACAATCGACTTTCAACAACTCATA	1
49	48	13	CAATCGACTTTCAACAACTCATAT	1
50	49	14	AATCGACTTTCAACAACTCATATC	1
51	50	14	ATCGACTTTCAACAACTCATATCA	1
52	51	15	TCGACTTTCAACAACTCATATCAC	1
53	52	16	CGACTTTCAACAACTCATATCACC	1
54	53	21	GACTTTCAACAACTCATATCACCC	1
55	54	23	ACTTTCAACAACTCATATCACCCT	1
56	55	24	CTTTCAACAACTCATATCACCCTA	1
57	56	24	TTTCAACAACTCATATCACCCTAA	1
58	57	25	TTCAACAACTCATATCACCCTAAC	1
59	58	25	TCAACAACTCATATCACCCTAACA	1
60	59	25	CAACAACTCATATCACCCTAACAA	1
61	60	25	AACAACTCATATCACCCTAACAAA	1
62	61	26	ACAACTCATATCACCCTAACAAAC	1
63	62	26	CAACTCATATCACCCTAACAAACT	1
64	63	27	AACTCATATCACCCTAACAAACTT	1
65	64	29	ACTCATATCACCCTAACAAACTTT	1
66	65	29	CTCATATCACCCTAACAAACTTTC	1
67	66	29	TCATATCACCCTAACAAACTTTCA	1
68	67	29	CATATCACCCTAACAAACTTTCAA	1
69	68	29	ATATCACCCTAACAAACTTTCAAC	1
70	69	29	TATCACCCTAACAAACTTTCAACG	1
71	70	29	ATCACCCTAACAAACTTTCAACGA	1
72	71	29	TCACCCTAACAAACTTTCAACGAT	1
73	72	29	CACCCTAACAAACTTTCAACGATG	1
74	73	29	ACCCTAACAAACTTTCAACGATGG	1
75	74	29	CCCTAACAAACTTTCAACGATGGA	1
76	75	29	CCTAACAAACTTTCAACGATGGAA	1
77	76	29	CTAACAAACTTTCAACGATGGAAC	1
78	77	30	TAACAAACTTTCAACGATGGAACA	1
79	78	30	AACAAACTTTCAACGATGGAACAC	1
80	79	31	ACAAACTTTCAACGATGGAACACA	1
81	80	31	CAAACTTTCAACGATGGAACACAC	1
82	81	33	AAACTTTCAACGATGGAACACACT	1
83	82	32	AACTTTCAACGATGGAACACACTA	1
84	83	32	ACTTTCAACGATGGAACACACTAC	1
85	84	32	CTTTCAACGATGGAACACACTACC	1
86	85	32	TTTCAACGATGGAACACACTACCC	1
87	86	32	TTCAACGATGGAACACACTACCCA	1
88	87	30	TCAACGATGGAACACACTACCCAA	1
89	88	30	CAACGATGGAACACACTACCCAAT	1
90	89	28	AACGATGGAACACACTACCCAATG	1
91	90	23	ACGATGGAACACACTACCCAATGT	1
92	91	23	CGATGGAACACACTACCCAATGTA	1
93	92	23	GATGGAACACACTACCCAATGTAA	1
94	93	22	ATGGAACACACTACCCAATGTAAG	1
95	94	22	TGGAACACACTACCCAATGTAAGA	1
96	95	21	GGAACACACTACCCAATGTAAGAG	1
97	96	19	GAACACACTACCCAATGTAAGAGC	1
98	97	14	AACACACTACCCAATGTAAGAGCA	1
99	98	12	ACACACTACCCAATGTAAGAGCAA	1
100	99	11	CACACTACCCAATGTAAGAGCAAA	1
101	100	10	ACACTACCCAATGTAAGAGCAAAC	1
102	101	8	CACTACCCAATGTAAGAGCAAACA	1
103	102	8	ACTACCCAATGTAAGAGCAAACAA	1
104	103	8	CTACCCAATGTAAGAGCAAACAAG	1
105	104	7	TACCCAATGTAAGAGCAAACAAGG	1
106	105	7	ACCCAATGTAAGAGCAAACAAGGC	1
107	106	9	CCCAATGTAAGAGCAAACAAGGCA	1
108	107	9	CCAATGTAAGAGCAAACAAGGCAA	1
109	108	7	CAATGTAAGAGCAAACAAGGCAAG	1
110	109	7	AATGTAAGAGCAAACAAGGCAAGC	1
111	110	6	ATGTAAGAGCAAACAAGGCAAGCC	1
112	111	6	TGTAAGAGCAAACAAGGCAAGCCT	1
113	112	6	GTAAGAGCAAACAAGGCAAGCCTT	1
114	113	6	TAAGAGCAAACAAGGCAAGCCTTG	1
115	114	6	AAGAGCAAACAAGGCAAGCCTTGC	1
116	115	6	AGAGCAAACAAGGCAAGCCTTGCG	1
117	116	6	GAGCAAACAAGGCAAGCCTTGCGA	1
118	117	7	AGCAAACAAGGCAAGCCTTGCGAC	1
119	118	7	GCAAACAAGGCAAGCCTTGCGACT	1
120	119	7	CAAACAAGGCAAGCCTTGCGACTG	1
121	120	7	AAACAAGGCAAGCCTTGCGACTGC	1
122	121	8	AACAAGGCAAGCCTTGCGACTGCC	1
123	122	8	ACAAGGCAAGCCTTGCGACTGCCA	1
124	123	7	CAAGGCAAGCCTTGCGACTGCCAA	1
125	124	7	AAGGCAAGCCTTGCGACTGCCAAT	1
126	125	6	AGGCAAGCCTTGCGACTGCCAATC	1
127	126	6	GGCAAGCCTTGCGACTGCCAATCC	1
128	127	6	GCAAGCCTTGCGACTGCCAATCCA	1
129	128	6	CAAGCCTTGCGACTGCCAATCCAA	1
130	129	6	AAGCCTTGCGACTGCCAATCCAAG	1
131	130	5	AGCCTTGCGACTGCCAATCCAAGT	1
132	131	5	GCCTTGCGACTGCCAATCCAAGTG	1
133	132	5	CCTTGCGACTGCCAATCCAAGTGC	1
134	133	4	CTTGCGACTGCCAATCCAAGTGCG	1
135	134	4	TTGCGACTGCCAATCCAAGTGCGG	1
136	135	4	TGCGACTGCCAATCCAAGTGCGGT	1
137	136	4	GCGACTGCCAATCCAAGTGCGGTT	1
138	137	4	CGACTGCCAATCCAAGTGCGGTTG	1
139	138	4	GACTGCCAATCCAAGTGCGGTTGC	1
140	139	5	ACTGCCAATCCAAGTGCGGTTGCC	1
141	140	5	CTGCCAATCCAAGTGCGGTTGCCA	1
142	141	6	TGCCAATCCAAGTGCGGTTGCCAA	1
143	142	6	GCCAATCCAAGTGCGGTTGCCAAG	1
144	143	6	CCAATCCAAGTGCGGTTGCCAAGA	1
145	144	6	CAATCCAAGTGCGGTTGCCAAGAT	1
146	145	6	AATCCAAGTGCGGTTGCCAAGATT	1
147	146	5	ATCCAAGTGCGGTTGCCAAGATTG	1
148	147	6	TCCAAGTGCGGTTGCCAAGATTGC	1
149	148	6	CCAAGTGCGGTTGCCAAGATTGCA	1
150	149	6	CAAGTGCGGTTGCCAAGATTGCAA	1
151	150	4	AAGTGCGGTTGCCAAGATTGCAAA	1
152	151	4	AGTGCGGTTGCCAAGATTGCAAAG	1
153	152	4	GTGCGGTTGCCAAGATTGCAAAGA	1
154	153	4	TGCGGTTGCCAAGATTGCAAAGAG	1
155	154	4	GCGGTTGCCAAGATTGCAAAGAGT	1
156	155	5	CGGTTGCCAAGATTGCAAAGAGTC	1
157	156	4	GGTTGCCAAGATTGCAAAGAGTCT	1
158	157	4	GTTGCCAAGATTGCAAAGAGTCTT	1
159	158	4	TTGCCAAGATTGCAAAGAGTCTTG	1
160	159	4	TGCCAAGATTGCAAAGAGTCTTGT	1
161	160	6	GCCAAGATTGCAAAGAGTCTTGTG	1
162	161	5	CCAAGATTGCAAAGAGTCTTGTGG	1
163	162	5	CAAGATTGCAAAGAGTCTTGTGGT	1
164	163	5	AAGATTGCAAAGAGTCTTGTGGTT	1
165	164	5	AGATTGCAAAGAGTCTTGTGGTTG	1
166	165	4	GATTGCAAAGAGTCTTGTGGTTGC	1
167	166	4	ATTGCAAAGAGTCTTGTGGTTGCA	1
168	167	4	TTGCAAAGAGTCTTGTGGTTGCAA	1
169	168	5	TGCAAAGAGTCTTGTGGTTGCAAG	1
170	169	6	GCAAAGAGTCTTGTGGTTGCAAGA	1
171	170	6	CAAAGAGTCTTGTGGTTGCAAGAG	1
172	171	7	AAAGAGTCTTGTGGTTGCAAGAGC	1
173	172	6	AAGAGTCTTGTGGTTGCAAGAGCA	1
174	173	6	AGAGTCTTGTGGTTGCAAGAGCAG	1
175	174	6	GAGTCTTGTGGTTGCAAGAGCAGC	1
176	175	7	AGTCTTGTGGTTGCAAGAGCAGCG	1
177	176	7	GTCTTGTGGTTGCAAGAGCAGCGC	1
178	177	8	TCTTGTGGTTGCAAGAGCAGCGCT	1
179	178	8	CTTGTGGTTGCAAGAGCAGCGCTG	1
180	179	10	TTGTGGTTGCAAGAGCAGCGCTGT	1
181	180	11	TGTGGTTGCAAGAGCAGCGCTGTT	1
182	181	12	GTGGTTGCAAGAGCAGCGCTGTTG	1
183	182	12	TGGTTGCAAGAGCAGCGCTGTTGA	1
184	183	12	GGTTGCAAGAGCAGCGCTGTTGAT	1
185	184	12	GTTGCAAGAGCAGCGCTGTTGATA	1
186	185	11	TTGCAAGAGCAGCGCTGTTGATAA	1
187	186	11	TGCAAGAGCAGCGCTGTTGATAAC	1
188	187	11	GCAAGAGCAGCGCTGTTGATAACT	1
189	188	12	CAAGAGCAGCGCTGTTGATAACTG	1
190	189	12	AAGAGCAGCGCTGTTGATAACTGC	1
191	190	12	AGAGCAGCGCTGTTGATAACTGCA	1
192	191	11	GAGCAGCGCTGTTGATAACTGCAA	1
193	192	11	AGCAGCGCTGTTGATAACTGCAAG	1
194	193	11	GCAGCGCTGTTGATAACTGCAAGT	1
195	194	11	CAGCGCTGTTGATAACTGCAAGTG	1
196	195	12	AGCGCTGTTGATAACTGCAAGTGC	1
197	196	13	GCGCTGTTGATAACTGCAAGTGCT	1
198	197	13	CGCTGTTGATAACTGCAAGTGCTC	1
199	198	13	GCTGTTGATAACTGCAAGTGCTCT	1
200	199	13	CTGTTGATAACTGCAAGTGCTCTT	1
201	200	13	TGTTGATAACTGCAAGTGCTCTTC	1
202	201	13	GTTGATAACTGCAAGTGCTCTTCT	1
203	202	13	TTGATAACTGCAAGTGCTCTTCTT	1
204	203	13	TGATAACTGCAAGTGCTCTTCTTG	1
205	204	11	GATAACTGCAAGTGCTCTTCTTGC	1
206	205	11	ATAACTGCAAGTGCTCTTCTTGCA	1
207	206	11	TAACTGCAAGTGCTCTTCTTGCAA	1
208	207	11	AACTGCAAGTGCTCTTCTTGCAAA	1
209	208	11	ACTGCAAGTGCTCTTCTTGCAAAT	1
210	209	11	CTGCAAGTGCTCTTCTTGCAAATG	1
211	210	11	TGCAAGTGCTCTTCTTGCAAATGT	1
212	211	11	GCAAGTGCTCTTCTTGCAAATGTG	1
213	212	10	CAAGTGCTCTTCTTGCAAATGTGC	1
214	213	9	AAGTGCTCTTCTTGCAAATGTGCT	1
215	214	9	AGTGCTCTTCTTGCAAATGTGCTT	1
216	215	9	GTGCTCTTCTTGCAAATGTGCTTC	1
217	216	9	TGCTCTTCTTGCAAATGTGCTTCG	1
218	217	9	GCTCTTCTTGCAAATGTGCTTCGA	1
219	218	10	CTCTTCTTGCAAATGTGCTTCGAA	1
220	219	9	TCTTCTTGCAAATGTGCTTCGAAG	1
221	220	9	CTTCTTGCAAATGTGCTTCGAAGT	1
222	221	8	TTCTTGCAAATGTGCTTCGAAGTA	1
223	222	8	TCTTGCAAATGTGCTTCGAAGTAA	1
224	223	6	CTTGCAAATGTGCTTCGAAGTAAT	1
225	224	5	TTGCAAATGTGCTTCGAAGTAATC	1
226	225	5	TGCAAATGTGCTTCGAAGTAATCT	1
227	226	5	GCAAATGTGCTTCGAAGTAATCTA	1
228	227	5	CAAATGTGCTTCGAAGTAATCTAT	1
229	228	5	AAATGTGCTTCGAAGTAATCTATA	1
230	229	5	AATGTGCTTCGAAGTAATCTATAT	1
231	230	5	ATGTGCTTCGAAGTAATCTATATG	1
232	231	5	TGTGCTTCGAAGTAATCTATATGA	1
233	232	4	GTGCTTCGAAGTAATCTATATGAG	1
234	233	4	TGCTTCGAAGTAATCTATATGAGA	1
235	234	4	GCTTCGAAGTAATCTATATGAGAT	1
236	235	5	CTTCGAAGTAATCTATATGAGATT	1
237	236	5	TTCGAAGTAATCTATATGAGATTT	1
238	237	5	TCGAAGTAATCTATATGAGATTTA	1
239	238	6	CGAAGTAATCTATATGAGATTTAC	1
240	239	5	GAAGTAATCTATATGAGATTTACG	1
241	240	4	AAGTAATCTATATGAGATTTACGG	1
242	241	4	AGTAATCTATATGAGATTTACGGA	1
243	242	4	GTAATCTATATGAGATTTACGGAC	1
244	243	3	TAATCTATATGAGATTTACGGACT	1
245	244	3	AATCTATATGAGATTTACGGACTG	1
246	245	3	ATCTATATGAGATTTACGGACTGT	1
247	246	4	TCTATATGAGATTTACGGACTGTA	1
248	247	5	CTATATGAGATTTACGGACTGTAG	1
249	248	6	TATATGAGATTTACGGACTGTAGT	1
250	249	6	ATATGAGATTTACGGACTGTAGTT	1
251	250	6	TATGAGATTTACGGACTGTAGTTC	1
252	251	6	ATGAGATTTACGGACTGTAGTTCT	1
253	252	7	TGAGATTTACGGACTGTAGTTCTG	1
254	253	7	GAGATTTACGGACTGTAGTTCTGG	1
255	254	7	AGATTTACGGACTGTAGTTCTGGC	1
256	255	7	GATTTACGGACTGTAGTTCTGGCC	1
257	256	7	ATTTACGGACTGTAGTTCTGGCCT	1
258	257	7	TTTACGGACTGTAGTTCTGGCCTT	1
259	258	7	TTACGGACTGTAGTTCTGGCCTTG	1
260	259	7	TACGGACTGTAGTTCTGGCCTTGA	1
261	260	7	ACGGACTGTAGTTCTGGCCTTGAC	1
262	261	8	CGGACTGTAGTTCTGGCCTTGACG	1
263	262	8	GGACTGTAGTTCTGGCCTTGACGA	1
264	263	8	GACTGTAGTTCTGGCCTTGACGAA	1
265	264	8	ACTGTAGTTCTGGCCTTGACGAAA	1
266	265	8	CTGTAGTTCTGGCCTTGACGAAAT	1
267	266	10	TGTAGTTCTGGCCTTGACGAAATA	1
268	267	10	GTAGTTCTGGCCTTGACGAAATAT	1
269	268	10	TAGTTCTGGCCTTGACGAAATATT	1
270	269	10	AGTTCTGGCCTTGACGAAATATTT	1
271	270	10	GTTCTGGCCTTGACGAAATATTTC	1
272	271	10	TTCTGGCCTTGACGAAATATTTCA	1
273	272	10	TCTGGCCTTGACGAAATATTTCAT	1
274	273	10	CTGGCCTTGACGAAATATTTCATC	1
275	274	10	TGGCCTTGACGAAATATTTCATCC	1
276	275	10	GGCCTTGACGAAATATTTCATCCA	1
277	276	10	GCCTTGACGAAATATTTCATCCAT	1
278	277	10	CCTTGACGAAATATTTCATCCATA	1
279	278	11	CTTGACGAAATATTTCATCCATAA	1
280	279	10	TTGACGAAATATTTCATCCATAAA	1
281	280	10	TGACGAAATATTTCATCCATAAAG	1
282	281	10	GACGAAATATTTCATCCATAAAGC	1
283	282	10	ACGAAATATTTCATCCATAAAGCA	1
284	283	10	CGAAATATTTCATCCATAAAGCAA	1
285	284	10	GAAATATTTCATCCATAAAGCAAT	1
286	285	11	AAATATTTCATCCATAAAGCAATG	1
287	286	11	AATATTTCATCCATAAAGCAATGT	1
288	287	11	ATATTTCATCCATAAAGCAATGTC	1
289	288	11	TATTTCATCCATAAAGCAATGTCC	1
290	289	11	ATTTCATCCATAAAGCAATGTCCG	1
291	290	10	TTTCATCCATAAAGCAATGTCCGC	1
292	291	8	TTCATCCATAAAGCAATGTCCGCC	1
293	292	7	TCATCCATAAAGCAATGTCCGCCT	1
294	293	7	CATCCATAAAGCAATGTCCGCCTC	1
295	294	7	ATCCATAAAGCAATGTCCGCCTCG	1
296	295	7	TCCATAAAGCAATGTCCGCCTCGT	1
297	296	6	CCATAAAGCAATGTCCGCCTCGTC	1
298	297	6	CATAAAGCAATGTCCGCCTCGTCT	1
299	298	6	ATAAAGCAATGTCCGCCTCGTCTT	1
300	299	6	TAAAGCAATGTCCGCCTCGTCTTA	1
301	300	7	AAAGCAATGTCCGCCTCGTCTTAT	1
302	301	7	AAGCAATGTCCGCCTCGTCTTATT	1
303	302	7	AGCAATGTCCGCCTCGTCTTATTG	1
304	303	7	GCAATGTCCGCCTCGTCTTATTGT	1
305	304	7	CAATGTCCGCCTCGTCTTATTGTT	1
306	305	6	AATGTCCGCCTCGTCTTATTGTTT	1
307	306	6	ATGTCCGCCTCGTCTTATTGTTTT	1
308	307	6	TGTCCGCCTCGTCTTATTGTTTTT	1
309	308	6	GTCCGCCTCGTCTTATTGTTTTTC	1
310	309	6	TCCGCCTCGTCTTATTGTTTTTCG	1
311	310	5	CCGCCTCGTCTTATTGTTTTTCGA	1
312	311	7	CGCCTCGTCTTATTGTTTTTCGAA	1
313	312	8	GCCTCGTCTTATTGTTTTTCGAAG	1
314	313	8	CCTCGTCTTATTGTTTTTCGAAGC	1
315	314	8	CTCGTCTTATTGTTTTTCGAAGCA	1
316	315	8	TCGTCTTATTGTTTTTCGAAGCAT	1
317	316	8	CGTCTTATTGTTTTTCGAAGCATC	1
318	317	8	GTCTTATTGTTTTTCGAAGCATCA	1
319	318	8	TCTTATTGTTTTTCGAAGCATCAG	1
320	319	8	CTTATTGTTTTTCGAAGCATCAGT	1
321	320	9	TTATTGTTTTTCGAAGCATCAGTC	1
322	321	9	TATTGTTTTTCGAAGCATCAGTCG	1
323	322	8	ATTGTTTTTCGAAGCATCAGTCGA	1
324	323	14	TTGTTTTTCGAAGCATCAGTCGAG	1
325	324	14	TGTTTTTCGAAGCATCAGTCGAGA	1
326	325	15	GTTTTTCGAAGCATCAGTCGAGAA	1
327	326	15	TTTTTCGAAGCATCAGTCGAGAAA	1
328	327	15	TTTTCGAAGCATCAGTCGAGAAAA	1
329	328	15	TTTCGAAGCATCAGTCGAGAAAAC	1
330	329	14	TTCGAAGCATCAGTCGAGAAAACA	1
331	330	13	TCGAAGCATCAGTCGAGAAAACAA	1
332	331	13	CGAAGCATCAGTCGAGAAAACAAT	1
333	332	12	GAAGCATCAGTCGAGAAAACAATA	1
334	333	12	AAGCATCAGTCGAGAAAACAATAC	1
335	334	12	AGCATCAGTCGAGAAAACAATACT	1
336	335	12	GCATCAGTCGAGAAAACAATACTA	1
337	336	12	CATCAGTCGAGAAAACAATACTAT	1
338	337	12	ATCAGTCGAGAAAACAATACTATT	1
339	338	12	TCAGTCGAGAAAACAATACTATTA	1
340	339	12	CAGTCGAGAAAACAATACTATTAT	1
341	340	11	AGTCGAGAAAACAATACTATTATG	1
342	341	12	GTCGAGAAAACAATACTATTATGG	1
343	342	12	TCGAGAAAACAATACTATTATGGA	1
344	343	12	CGAGAAAACAATACTATTATGGAC	1
345	344	11	GAGAAAACAATACTATTATGGACC	1
346	345	11	AGAAAACAATACTATTATGGACCA	1
347	346	11	GAAAACAATACTATTATGGACCAA	1
348	347	11	AAAACAATACTATTATGGACCAAC	1
349	348	11	AAACAATACTATTATGGACCAACG	1
350	349	12	AACAATACTATTATGGACCAACGA	1
351	350	12	ACAATACTATTATGGACCAACGAA	1
352	351	12	CAATACTATTATGGACCAACGAAT	1
353	352	12	AATACTATTATGGACCAACGAATC	1
354	353	12	ATACTATTATGGACCAACGAATCG	1
355	354	12	TACTATTATGGACCAACGAATCGC	1
356	355	10	ACTATTATGGACCAACGAATCGCC	1
357	356	9	CTATTATGGACCAACGAATCGCCC	1
358	357	10	TATTATGGACCAACGAATCGCCCT	1
359	358	10	ATTATGGACCAACGAATCGCCCTG	1
360	359	11	TTATGGACCAACGAATCGCCCTGA	1
361	360	11	TATGGACCAACGAATCGCCCTGAT	1
362	361	11	ATGGACCAACGAATCGCCCTGATG	1
363	362	15	TGGACCAACGAATCGCCCTGATGT	1
364	363	15	GGACCAACGAATCGCCCTGATGTC	1
365	364	14	GACCAACGAATCGCCCTGATGTCT	1
366	365	15	ACCAACGAATCGCCCTGATGTCTT	1
367	366	20	CCAACGAATCGCCCTGATGTCTTG	1
368	367	15	CAACGAATCGCCCTGATGTCTTGA	1
369	368	15	AACGAATCGCCCTGATGTCTTGAT	1
370	369	18	ACGAATCGCCCTGATGTCTTGATC	1
371	370	18	CGAATCGCCCTGATGTCTTGATCC	1
372	371	18	GAATCGCCCTGATGTCTTGATCCT	1
373	372	18	AATCGCCCTGATGTCTTGATCCTA	1
374	373	20	ATCGCCCTGATGTCTTGATCCTAC	1
375	374	21	TCGCCCTGATGTCTTGATCCTACT	1
376	375	21	CGCCCTGATGTCTTGATCCTACTA	1
377	376	21	GCCCTGATGTCTTGATCCTACTAC	1
378	377	21	CCCTGATGTCTTGATCCTACTACA	1
379	378	21	CCTGATGTCTTGATCCTACTACAT	1
380	379	21	CTGATGTCTTGATCCTACTACATT	1
381	380	21	TGATGTCTTGATCCTACTACATTG	1
382	381	22	GATGTCTTGATCCTACTACATTGC	1
383	382	22	ATGTCTTGATCCTACTACATTGCT	1
384	383	22	TGTCTTGATCCTACTACATTGCTA	1
385	384	22	GTCTTGATCCTACTACATTGCTAC	1
386	385	21	TCTTGATCCTACTACATTGCTACT	1
387	386	21	CTTGATCCTACTACATTGCTACTT	1
388	387	22	TTGATCCTACTACATTGCTACTTT	1
389	388	22	TGATCCTACTACATTGCTACTTTT	1
390	389	22	GATCCTACTACATTGCTACTTTTT	1
391	390	22	ATCCTACTACATTGCTACTTTTTT	1
392	391	22	TCCTACTACATTGCTACTTTTTTA	1
393	392	22	CCTACTACATTGCTACTTTTTTAC	1
394	393	21	CTACTACATTGCTACTTTTTTACA	1
395	394	21	TACTACATTGCTACTTTTTTACAG	1
396	395	21	ACTACATTGCTACTTTTTTACAGA	1
397	396	21	CTACATTGCTACTTTTTTACAGAG	1
398	397	21	TACATTGCTACTTTTTTACAGAGC	1
399	398	21	ACATTGCTACTTTTTTACAGAGCA	1
400	399	21	CATTGCTACTTTTTTACAGAGCAT	1
401	400	21	ATTGCTACTTTTTTACAGAGCATT	1
402	401	21	TTGCTACTTTTTTACAGAGCATTC	1
403	402	21	TGCTACTTTTTTACAGAGCATTCT	1
404	403	20	GCTACTTTTTTACAGAGCATTCTT	1
405	404	20	CTACTTTTTTACAGAGCATTCTTA	1
406	405	20	TACTTTTTTACAGAGCATTCTTAC	1
407	406	16	ACTTTTTTACAGAGCATTCTTACT	1
408	407	15	CTTTTTTACAGAGCATTCTTACTT	1
409	408	15	TTTTTTACAGAGCATTCTTACTTA	1
410	409	14	TTTTTACAGAGCATTCTTACTTAC	1
411	410	9	TTTTACAGAGCATTCTTACTTACA	1
412	411	8	TTTACAGAGCATTCTTACTTACAA	1
413	412	8	TTACAGAGCATTCTTACTTACAAC	1
414	413	3	TACAGAGCATTCTTACTTACAACT	1
415	414	3	ACAGAGCATTCTTACTTACAACTC	1
416	415	3	CAGAGCATTCTTACTTACAACTCA	1
417	416	3	AGAGCATTCTTACTTACAACTCAA	1
418	417	3	GAGCATTCTTACTTACAACTCAAC	1
419	418	2	AGCATTCTTACTTACAACTCAACT	1
420	419	2	GCATTCTTACTTACAACTCAACTC	1
421	420	2	CATTCTTACTTACAACTCAACTCT	1
422	421	2	ATTCTTACTTACAACTCAACTCTT	1
423	422	2	TTCTTACTTACAACTCAACTCTTA	1
424	423	2	TCTTACTTACAACTCAACTCTTAA	1
425	424	2	CTTACTTACAACTCAACTCTTAAG	1
426	425	1	TTACTTACAACTCAACTCTTAAGA	1
427	426	1	TACTTACAACTCAACTCTTAAGAT	1
428	427	1	ACTTACAACTCAACTCTTAAGATA	1
429	428	1	CTTACAACTCAACTCTTAAGATAT	1
430	429	2	TTACAACTCAACTCTTAAGATATG	1
431	430	2	TACAACTCAACTCTTAAGATATGA	1
432	431	2	ACAACTCAACTCTTAAGATATGAT	1
433	432	2	CAACTCAACTCTTAAGATATGATT	1
434	433	2	AACTCAACTCTTAAGATATGATTG	1
435	434	2	ACTCAACTCTTAAGATATGATTGT	1
436	435	3	CTCAACTCTTAAGATATGATTGTT	1
437	436	3	TCAACTCTTAAGATATGATTGTTA	1
438	437	3	CAACTCTTAAGATATGATTGTTAT	1
439	438	3	AACTCTTAAGATATGATTGTTATG	1
440	439	3	ACTCTTAAGATATGATTGTTATGA	1
441	440	3	CTCTTAAGATATGATTGTTATGAA	1
442	441	3	TCTTAAGATATGATTGTTATGAAT	1
443	442	3	CTTAAGATATGATTGTTATGAATA	1
444	443	3	TTAAGATATGATTGTTATGAATAA	1
445	444	3	TAAGATATGATTGTTATGAATAAT	1
446	445	3	AAGATATGATTGTTATGAATAATA	1
447	446	3	AGATATGATTGTTATGAATAATAA	1
448	447	3	GATATGATTGTTATGAATAATAAT	1
449	448	3	ATATGATTGTTATGAATAATAATG	1
450	449	3	TATGATTGTTATGAATAATAATGA	1
451	450	3	ATGATTGTTATGAATAATAATGAA	1
452	451	3	TGATTGTTATGAATAATAATGAAA	1
453	452	3	GATTGTTATGAATAATAATGAAAT	1
454	453	3	ATTGTTATGAATAATAATGAAATC	1
455	454	3	TTGTTATGAATAATAATGAAATCA	1
456	455	3	TGTTATGAATAATAATGAAATCAT	1
457	456	3	GTTATGAATAATAATGAAATCATA	1
458	457	3	TTATGAATAATAATGAAATCATAA	1
459	458	3	TATGAATAATAATGAAATCATAAA	1
460	459	3	ATGAATAATAATGAAATCATAAAT	1
461	460	3	TGAATAATAATGAAATCATAAATT	1
462	461	3	GAATAATAATGAAATCATAAATTG	1
463	462	3	AATAATAATGAAATCATAAATTGA	1
464	463	3	ATAATAATGAAATCATAAATTGAT	1
465	464	3	TAATAATGAAATCATAAATTGATT	1
466	465	3	AATAATGAAATCATAAATTGATTT	1
467	466	3	ATAATGAAATCATAAATTGATTTA	1
468	467	3	TAATGAAATCATAAATTGATTTAT	1
469	468	3	AATGAAATCATAAATTGATTTATT	1
470	469	3	ATGAAATCATAAATTGATTTATTT	1
471	470	3	TGAAATCATAAATTGATTTATTTT	1
472	471	3	GAAATCATAAATTGATTTATTTTC	1
473	472	3	AAATCATAAATTGATTTATTTTCA	1
474	473	2	AATCATAAATTGATTTATTTTCAA	1
475	474	2	ATCATAAATTGATTTATTTTCAAC	1
476	475	1	TCATAAATTGATTTATTTTCAACA	1
477	476	1	CATAAATTGATTTATTTTCAACAG	1
478	477	1	ATAAATTGATTTATTTTCAACAGC	1
479	478	1	TAAATTGATTTATTTTCAACAGCG	1
