Component 757
1	-1	0	GCCGGAGGTGCCGGTCTTCGTGCT	1
2	1	1	CCGGAGGTGCCGGTCTTCGTGCTA	1
3	2	1	CGGAGGTGCCGGTCTTCGTGCTAC	1
4	3	1	GGAGGTGCCGGTCTTCGTGCTACT	1
5	4	1	GAGGTGCCGGTCTTCGTGCTACTT	1
6	5	1	AGGTGCCGGTCTTCGTGCTACTTT	1
7	6	1	GGTGCCGGTCTTCGTGCTACTTTT	1
8	7	1	GTGCCGGTCTTCGTGCTACTTTTG	1
9	8	1	TGCCGGTCTTCGTGCTACTTTTGG	1
10	9	1	GCCGGTCTTCGTGCTACTTTTGGT	1
11	10	1	CCGGTCTTCGTGCTACTTTTGGTT	1
12	11	1	CGGTCTTCGTGCTACTTTTGGTTT	1
13	12	1	GGTCTTCGTGCTACTTTTGGTTTG	1
14	13	1	GTCTTCGTGCTACTTTTGGTTTGG	1
15	14	1	TCTTCGTGCTACTTTTGGTTTGGC	1
16	15	1	CTTCGTGCTACTTTTGGTTTGGCA	1
17	16	2	TTCGTGCTACTTTTGGTTTGGCAG	1
18	17	2	TCGTGCTACTTTTGGTTTGGCAGA	1
19	18	2	CGTGCTACTTTTGGTTTGGCAGAA	1
20	19	2	GTGCTACTTTTGGTTTGGCAGAAG	1
21	20	2	TGCTACTTTTGGTTTGGCAGAAGC	1
22	21	2	GCTACTTTTGGTTTGGCAGAAGCC	1
23	22	2	CTACTTTTGGTTTGGCAGAAGCCG	1
24	23	2	TACTTTTGGTTTGGCAGAAGCCGG	1
25	24	2	ACTTTTGGTTTGGCAGAAGCCGGC	1
26	25	2	CTTTTGGTTTGGCAGAAGCCGGCT	1
27	26	2	TTTTGGTTTGGCAGAAGCCGGCTT	1
28	27	2	TTTGGTTTGGCAGAAGCCGGCTTT	1
29	28	2	TTGGTTTGGCAGAAGCCGGCTTTA	1
30	29	2	TGGTTTGGCAGAAGCCGGCTTTAA	1
31	30	2	GGTTTGGCAGAAGCCGGCTTTAAT	1
32	31	2	GTTTGGCAGAAGCCGGCTTTAATA	1
33	32	2	TTTGGCAGAAGCCGGCTTTAATAC	1
34	33	2	TTGGCAGAAGCCGGCTTTAATACT	1
35	34	2	TGGCAGAAGCCGGCTTTAATACTG	1
36	35	2	GGCAGAAGCCGGCTTTAATACTGC	1
37	36	2	GCAGAAGCCGGCTTTAATACTGCA	1
38	37	2	CAGAAGCCGGCTTTAATACTGCAT	1
39	38	2	AGAAGCCGGCTTTAATACTGCATG	1
40	39	2	GAAGCCGGCTTTAATACTGCATGT	1
41	40	2	AAGCCGGCTTTAATACTGCATGTA	1
42	41	2	AGCCGGCTTTAATACTGCATGTAT	1
43	42	2	GCCGGCTTTAATACTGCATGTATT	1
44	43	1	CCGGCTTTAATACTGCATGTATTA	1
45	44	1	CGGCTTTAATACTGCATGTATTAC	1
46	45	1	GGCTTTAATACTGCATGTATTACT	1
47	46	1	GCTTTAATACTGCATGTATTACTA	1
48	47	1	CTTTAATACTGCATGTATTACTAA	1
49	48	1	TTTAATACTGCATGTATTACTAAG	1
50	49	1	TTAATACTGCATGTATTACTAAGC	1
51	50	1	TAATACTGCATGTATTACTAAGCT	1
52	51	1	AATACTGCATGTATTACTAAGCTC	1
53	52	1	ATACTGCATGTATTACTAAGCTCT	1
54	53	1	TACTGCATGTATTACTAAGCTCTT	1
55	54	1	ACTGCATGTATTACTAAGCTCTTT	1
56	55	1	CTGCATGTATTACTAAGCTCTTTC	1
57	56	2	TGCATGTATTACTAAGCTCTTTCC	1
58	57	2	GCATGTATTACTAAGCTCTTTCCT	1
59	58	2	CATGTATTACTAAGCTCTTTCCTA	1
60	59	2	ATGTATTACTAAGCTCTTTCCTAC	1
61	60	1	TGTATTACTAAGCTCTTTCCTACG	1
62	61	1	GTATTACTAAGCTCTTTCCTACGA	1
63	62	1	TATTACTAAGCTCTTTCCTACGAG	1
64	63	1	ATTACTAAGCTCTTTCCTACGAGG	1
65	64	1	TTACTAAGCTCTTTCCTACGAGGT	1
66	65	1	TACTAAGCTCTTTCCTACGAGGTC	1
67	66	1	ACTAAGCTCTTTCCTACGAGGTCC	1
68	67	1	CTAAGCTCTTTCCTACGAGGTCCC	1
69	68	1	TAAGCTCTTTCCTACGAGGTCCCA	1
70	69	1	AAGCTCTTTCCTACGAGGTCCCAT	1
71	70	1	AGCTCTTTCCTACGAGGTCCCATA	1
72	71	1	GCTCTTTCCTACGAGGTCCCATAC	1
73	72	2	CTCTTTCCTACGAGGTCCCATACT	1
74	73	1	TCTTTCCTACGAGGTCCCATACTG	1
75	74	1	CTTTCCTACGAGGTCCCATACTGT	1
76	75	1	TTTCCTACGAGGTCCCATACTGTC	1
77	76	1	TTCCTACGAGGTCCCATACTGTCG	1
78	77	1	TCCTACGAGGTCCCATACTGTCGC	1
79	78	1	CCTACGAGGTCCCATACTGTCGCT	1
80	79	1	CTACGAGGTCCCATACTGTCGCTG	1
81	80	1	TACGAGGTCCCATACTGTCGCTGC	1
82	81	1	ACGAGGTCCCATACTGTCGCTGCC	1
83	82	1	CGAGGTCCCATACTGTCGCTGCCC	1
84	83	1	GAGGTCCCATACTGTCGCTGCCCA	1
85	84	1	AGGTCCCATACTGTCGCTGCCCAA	1
86	85	1	GGTCCCATACTGTCGCTGCCCAAG	1
87	86	1	GTCCCATACTGTCGCTGCCCAAGG	1
88	87	2	TCCCATACTGTCGCTGCCCAAGGT	1
89	88	3	CCCATACTGTCGCTGCCCAAGGTG	1
90	89	3	CCATACTGTCGCTGCCCAAGGTGG	1
91	90	3	CATACTGTCGCTGCCCAAGGTGGT	1
92	91	3	ATACTGTCGCTGCCCAAGGTGGTA	1
93	92	3	TACTGTCGCTGCCCAAGGTGGTAT	1
94	93	3	ACTGTCGCTGCCCAAGGTGGTATC	1
95	94	3	CTGTCGCTGCCCAAGGTGGTATCA	1
96	95	3	TGTCGCTGCCCAAGGTGGTATCAA	1
97	96	3	GTCGCTGCCCAAGGTGGTATCAAC	1
98	97	3	TCGCTGCCCAAGGTGGTATCAACG	1
99	98	4	CGCTGCCCAAGGTGGTATCAACGC	1
100	99	4	GCTGCCCAAGGTGGTATCAACGCT	1
101	100	3	CTGCCCAAGGTGGTATCAACGCTG	1
102	101	3	TGCCCAAGGTGGTATCAACGCTGC	1
103	102	3	GCCCAAGGTGGTATCAACGCTGCA	1
104	103	3	CCCAAGGTGGTATCAACGCTGCAC	1
105	104	3	CCAAGGTGGTATCAACGCTGCACT	1
106	105	3	CAAGGTGGTATCAACGCTGCACTC	1
107	106	3	AAGGTGGTATCAACGCTGCACTCG	1
108	107	3	AGGTGGTATCAACGCTGCACTCGG	1
109	108	3	GGTGGTATCAACGCTGCACTCGGT	1
110	109	3	GTGGTATCAACGCTGCACTCGGTA	1
111	110	3	TGGTATCAACGCTGCACTCGGTAA	1
112	111	3	GGTATCAACGCTGCACTCGGTAAT	1
113	112	3	GTATCAACGCTGCACTCGGTAATA	1
114	113	3	TATCAACGCTGCACTCGGTAATAT	1
115	114	3	ATCAACGCTGCACTCGGTAATATG	1
116	115	3	TCAACGCTGCACTCGGTAATATGA	1
117	116	3	CAACGCTGCACTCGGTAATATGAC	1
118	117	4	AACGCTGCACTCGGTAATATGACA	1
119	118	3	ACGCTGCACTCGGTAATATGACAA	1
120	119	3	CGCTGCACTCGGTAATATGACAAA	1
121	120	3	GCTGCACTCGGTAATATGACAAAA	1
122	121	3	CTGCACTCGGTAATATGACAAAAG	1
123	122	3	TGCACTCGGTAATATGACAAAAGA	1
124	123	3	GCACTCGGTAATATGACAAAAGAT	1
125	124	3	CACTCGGTAATATGACAAAAGATG	1
126	125	3	ACTCGGTAATATGACAAAAGATGA	1
127	126	3	CTCGGTAATATGACAAAAGATGAC	1
128	127	3	TCGGTAATATGACAAAAGATGACT	1
129	128	3	CGGTAATATGACAAAAGATGACTG	1
130	129	3	GGTAATATGACAAAAGATGACTGG	1
131	130	3	GTAATATGACAAAAGATGACTGGC	1
132	131	2	TAATATGACAAAAGATGACTGGCG	1
133	132	2	AATATGACAAAAGATGACTGGCGC	1
134	133	2	ATATGACAAAAGATGACTGGCGCT	1
135	134	2	TATGACAAAAGATGACTGGCGCTG	1
136	135	2	ATGACAAAAGATGACTGGCGCTGG	1
137	136	2	TGACAAAAGATGACTGGCGCTGGC	1
138	137	2	GACAAAAGATGACTGGCGCTGGCA	1
139	138	2	ACAAAAGATGACTGGCGCTGGCAT	1
140	139	3	CAAAAGATGACTGGCGCTGGCATT	1
141	140	3	AAAAGATGACTGGCGCTGGCATTT	1
142	141	3	AAAGATGACTGGCGCTGGCATTTC	1
143	142	3	AAGATGACTGGCGCTGGCATTTCT	1
144	143	3	AGATGACTGGCGCTGGCATTTCTA	1
145	144	3	GATGACTGGCGCTGGCATTTCTAT	1
146	145	3	ATGACTGGCGCTGGCATTTCTATG	1
147	146	3	TGACTGGCGCTGGCATTTCTATGA	1
148	147	3	GACTGGCGCTGGCATTTCTATGAC	1
149	148	3	ACTGGCGCTGGCATTTCTATGACA	1
150	149	3	CTGGCGCTGGCATTTCTATGACAC	1
151	150	3	TGGCGCTGGCATTTCTATGACACT	1
152	151	3	GGCGCTGGCATTTCTATGACACTG	1
153	152	3	GCGCTGGCATTTCTATGACACTGT	1
154	153	3	CGCTGGCATTTCTATGACACTGTC	1
155	154	3	GCTGGCATTTCTATGACACTGTCA	1
156	155	3	CTGGCATTTCTATGACACTGTCAA	1
157	156	3	TGGCATTTCTATGACACTGTCAAA	1
158	157	3	GGCATTTCTATGACACTGTCAAAG	1
159	158	4	GCATTTCTATGACACTGTCAAAGG	1
160	159	4	CATTTCTATGACACTGTCAAAGGA	1
161	160	4	ATTTCTATGACACTGTCAAAGGAT	1
162	161	3	TTTCTATGACACTGTCAAAGGATC	1
163	162	3	TTCTATGACACTGTCAAAGGATCA	1
164	163	3	TCTATGACACTGTCAAAGGATCAG	1
165	164	3	CTATGACACTGTCAAAGGATCAGA	1
166	165	3	TATGACACTGTCAAAGGATCAGAT	1
167	166	3	ATGACACTGTCAAAGGATCAGATT	1
168	167	3	TGACACTGTCAAAGGATCAGATTG	1
169	168	3	GACACTGTCAAAGGATCAGATTGG	1
170	169	3	ACACTGTCAAAGGATCAGATTGGT	1
171	170	3	CACTGTCAAAGGATCAGATTGGTT	1
172	171	3	ACTGTCAAAGGATCAGATTGGTTG	1
173	172	3	CTGTCAAAGGATCAGATTGGTTGG	1
174	173	3	TGTCAAAGGATCAGATTGGTTGGG	1
175	174	3	GTCAAAGGATCAGATTGGTTGGGT	1
176	175	3	TCAAAGGATCAGATTGGTTGGGTG	1
177	176	2	CAAAGGATCAGATTGGTTGGGTGA	1
178	177	2	AAAGGATCAGATTGGTTGGGTGAT	1
179	178	2	AAGGATCAGATTGGTTGGGTGATC	1
180	179	2	AGGATCAGATTGGTTGGGTGATCA	1
181	180	2	GGATCAGATTGGTTGGGTGATCAA	1
182	181	2	GATCAGATTGGTTGGGTGATCAAG	1
183	182	2	ATCAGATTGGTTGGGTGATCAAGA	1
184	183	1	TCAGATTGGTTGGGTGATCAAGAT	1
185	184	1	CAGATTGGTTGGGTGATCAAGATG	1
186	185	1	AGATTGGTTGGGTGATCAAGATGC	1
187	186	1	GATTGGTTGGGTGATCAAGATGCT	1
188	187	1	ATTGGTTGGGTGATCAAGATGCTA	1
189	188	1	TTGGTTGGGTGATCAAGATGCTAT	1
190	189	1	TGGTTGGGTGATCAAGATGCTATT	1
191	190	1	GGTTGGGTGATCAAGATGCTATTC	1
192	191	1	GTTGGGTGATCAAGATGCTATTCA	1
193	192	1	TTGGGTGATCAAGATGCTATTCAT	1
194	193	1	TGGGTGATCAAGATGCTATTCATT	1
195	194	1	GGGTGATCAAGATGCTATTCATTA	1
196	195	1	GGTGATCAAGATGCTATTCATTAC	1
197	196	1	GTGATCAAGATGCTATTCATTACA	1
198	197	1	TGATCAAGATGCTATTCATTACAT	1
199	198	1	GATCAAGATGCTATTCATTACATG	1
200	199	1	ATCAAGATGCTATTCATTACATGA	1
201	200	1	TCAAGATGCTATTCATTACATGAC	1
