Component 759
1	-1	0	TGCAATTTTGTTTATCTCCTTTTT	1
2	1	1	GCAATTTTGTTTATCTCCTTTTTC	1
3	2	1	CAATTTTGTTTATCTCCTTTTTCA	1
4	3	1	AATTTTGTTTATCTCCTTTTTCAT	1
5	4	1	ATTTTGTTTATCTCCTTTTTCATT	1
6	5	1	TTTTGTTTATCTCCTTTTTCATTG	1
7	6	1	TTTGTTTATCTCCTTTTTCATTGA	1
8	7	1	TTGTTTATCTCCTTTTTCATTGAG	1
9	8	1	TGTTTATCTCCTTTTTCATTGAGC	1
10	9	1	GTTTATCTCCTTTTTCATTGAGCG	1
11	10	1	TTTATCTCCTTTTTCATTGAGCGA	1
12	11	1	TTATCTCCTTTTTCATTGAGCGAA	1
13	12	1	TATCTCCTTTTTCATTGAGCGAAG	1
14	13	1	ATCTCCTTTTTCATTGAGCGAAGA	1
15	14	1	TCTCCTTTTTCATTGAGCGAAGAA	1
16	15	1	CTCCTTTTTCATTGAGCGAAGAAA	1
17	16	1	TCCTTTTTCATTGAGCGAAGAAAA	1
18	17	1	CCTTTTTCATTGAGCGAAGAAAAA	1
19	18	1	CTTTTTCATTGAGCGAAGAAAAAA	1
20	19	1	TTTTTCATTGAGCGAAGAAAAAAA	1
21	20	1	TTTTCATTGAGCGAAGAAAAAAAA	1
22	21	1	TTTCATTGAGCGAAGAAAAAAAAA	1
23	22	1	TTCATTGAGCGAAGAAAAAAAAAA	1
24	23	1	TCATTGAGCGAAGAAAAAAAAAAA	1
25	24	1	CATTGAGCGAAGAAAAAAAAAAAG	1
26	25	1	ATTGAGCGAAGAAAAAAAAAAAGA	1
27	26	1	TTGAGCGAAGAAAAAAAAAAAGAA	1
28	27	1	TGAGCGAAGAAAAAAAAAAAGAAA	1
29	28	1	GAGCGAAGAAAAAAAAAAAGAAAG	1
30	29	1	AGCGAAGAAAAAAAAAAAGAAAGA	1
31	30	1	GCGAAGAAAAAAAAAAAGAAAGAC	1
32	31	1	CGAAGAAAAAAAAAAAGAAAGACC	1
33	32	1	GAAGAAAAAAAAAAAGAAAGACCC	1
34	33	1	AAGAAAAAAAAAAAGAAAGACCCT	1
35	34	1	AGAAAAAAAAAAAGAAAGACCCTC	1
36	35	1	GAAAAAAAAAAAGAAAGACCCTCC	1
37	36	1	AAAAAAAAAAAGAAAGACCCTCCA	1
38	37	1	AAAAAAAAAAGAAAGACCCTCCAA	1
39	38	1	AAAAAAAAAGAAAGACCCTCCAAT	1
40	39	1	AAAAAAAAGAAAGACCCTCCAATT	1
41	40	1	AAAAAAAGAAAGACCCTCCAATTA	1
42	41	1	AAAAAAGAAAGACCCTCCAATTAT	1
43	42	1	AAAAAGAAAGACCCTCCAATTATC	1
44	43	1	AAAAGAAAGACCCTCCAATTATCA	1
45	44	1	AAAGAAAGACCCTCCAATTATCAT	1
46	45	1	AAGAAAGACCCTCCAATTATCATT	1
47	46	1	AGAAAGACCCTCCAATTATCATTT	1
48	47	1	GAAAGACCCTCCAATTATCATTTA	1
49	48	2	AAAGACCCTCCAATTATCATTTAA	1
50	49	2	AAGACCCTCCAATTATCATTTAAA	1
51	50	2	AGACCCTCCAATTATCATTTAAAA	1
52	51	2	GACCCTCCAATTATCATTTAAAAC	1
53	52	2	ACCCTCCAATTATCATTTAAAACT	1
54	53	2	CCCTCCAATTATCATTTAAAACTT	1
55	54	2	CCTCCAATTATCATTTAAAACTTA	1
56	55	2	CTCCAATTATCATTTAAAACTTAT	1
57	56	2	TCCAATTATCATTTAAAACTTATT	1
58	57	2	CCAATTATCATTTAAAACTTATTG	1
59	58	2	CAATTATCATTTAAAACTTATTGC	1
60	59	2	AATTATCATTTAAAACTTATTGCG	1
61	60	2	ATTATCATTTAAAACTTATTGCGT	1
62	61	2	TTATCATTTAAAACTTATTGCGTC	1
63	62	2	TATCATTTAAAACTTATTGCGTCT	1
64	63	2	ATCATTTAAAACTTATTGCGTCTC	1
65	64	2	TCATTTAAAACTTATTGCGTCTCG	1
66	65	2	CATTTAAAACTTATTGCGTCTCGC	1
67	66	2	ATTTAAAACTTATTGCGTCTCGCT	1
68	67	2	TTTAAAACTTATTGCGTCTCGCTC	1
69	68	2	TTAAAACTTATTGCGTCTCGCTCA	1
70	69	2	TAAAACTTATTGCGTCTCGCTCAA	1
71	70	2	AAAACTTATTGCGTCTCGCTCAAC	1
72	71	2	AAACTTATTGCGTCTCGCTCAACC	1
73	72	2	AACTTATTGCGTCTCGCTCAACCT	1
74	73	2	ACTTATTGCGTCTCGCTCAACCTT	1
75	74	2	CTTATTGCGTCTCGCTCAACCTTC	1
76	75	2	TTATTGCGTCTCGCTCAACCTTCA	1
77	76	2	TATTGCGTCTCGCTCAACCTTCAT	1
78	77	2	ATTGCGTCTCGCTCAACCTTCATT	1
79	78	2	TTGCGTCTCGCTCAACCTTCATTG	1
80	79	2	TGCGTCTCGCTCAACCTTCATTGC	1
81	80	2	GCGTCTCGCTCAACCTTCATTGCA	1
82	81	2	CGTCTCGCTCAACCTTCATTGCAA	1
83	82	2	GTCTCGCTCAACCTTCATTGCAAG	1
84	83	2	TCTCGCTCAACCTTCATTGCAAGT	1
85	84	2	CTCGCTCAACCTTCATTGCAAGTG	1
86	85	2	TCGCTCAACCTTCATTGCAAGTGG	1
87	86	2	CGCTCAACCTTCATTGCAAGTGGG	1
88	87	2	GCTCAACCTTCATTGCAAGTGGGT	1
89	88	2	CTCAACCTTCATTGCAAGTGGGTA	1
90	89	2	TCAACCTTCATTGCAAGTGGGTAG	1
91	90	2	CAACCTTCATTGCAAGTGGGTAGG	1
92	91	2	AACCTTCATTGCAAGTGGGTAGGT	1
93	92	1	ACCTTCATTGCAAGTGGGTAGGTG	1
94	93	1	CCTTCATTGCAAGTGGGTAGGTGG	1
95	94	1	CTTCATTGCAAGTGGGTAGGTGGG	1
96	95	1	TTCATTGCAAGTGGGTAGGTGGGC	1
97	96	1	TCATTGCAAGTGGGTAGGTGGGCT	1
98	97	1	CATTGCAAGTGGGTAGGTGGGCTT	1
99	98	1	ATTGCAAGTGGGTAGGTGGGCTTT	1
100	99	1	TTGCAAGTGGGTAGGTGGGCTTTG	1
101	100	1	TGCAAGTGGGTAGGTGGGCTTTGA	1
102	101	1	GCAAGTGGGTAGGTGGGCTTTGAA	1
103	102	1	CAAGTGGGTAGGTGGGCTTTGAAC	1
104	103	1	AAGTGGGTAGGTGGGCTTTGAACA	1
105	104	1	AGTGGGTAGGTGGGCTTTGAACAC	1
106	105	1	GTGGGTAGGTGGGCTTTGAACACC	1
107	106	1	TGGGTAGGTGGGCTTTGAACACCT	1
108	107	1	GGGTAGGTGGGCTTTGAACACCTT	1
109	108	1	GGTAGGTGGGCTTTGAACACCTTC	1
110	109	1	GTAGGTGGGCTTTGAACACCTTCA	1
111	110	1	TAGGTGGGCTTTGAACACCTTCAC	1
112	111	2	AGGTGGGCTTTGAACACCTTCACG	1
113	112	2	GGTGGGCTTTGAACACCTTCACGC	1
114	113	2	GTGGGCTTTGAACACCTTCACGCT	1
115	114	2	TGGGCTTTGAACACCTTCACGCTT	1
116	115	2	GGGCTTTGAACACCTTCACGCTTT	1
117	116	3	GGCTTTGAACACCTTCACGCTTTA	1
118	117	3	GCTTTGAACACCTTCACGCTTTAT	1
119	118	3	CTTTGAACACCTTCACGCTTTATT	1
120	119	3	TTTGAACACCTTCACGCTTTATTC	1
121	120	3	TTGAACACCTTCACGCTTTATTCT	1
122	121	3	TGAACACCTTCACGCTTTATTCTC	1
123	122	3	GAACACCTTCACGCTTTATTCTCT	1
124	123	3	AACACCTTCACGCTTTATTCTCTT	1
125	124	3	ACACCTTCACGCTTTATTCTCTTG	1
126	125	3	CACCTTCACGCTTTATTCTCTTGT	1
127	126	3	ACCTTCACGCTTTATTCTCTTGTT	1
128	127	3	CCTTCACGCTTTATTCTCTTGTTT	1
129	128	3	CTTCACGCTTTATTCTCTTGTTTC	1
130	129	3	TTCACGCTTTATTCTCTTGTTTCT	1
131	130	3	TCACGCTTTATTCTCTTGTTTCTG	1
132	131	3	CACGCTTTATTCTCTTGTTTCTGA	1
133	132	3	ACGCTTTATTCTCTTGTTTCTGAC	1
134	133	2	CGCTTTATTCTCTTGTTTCTGACC	1
135	134	2	GCTTTATTCTCTTGTTTCTGACCC	1
136	135	2	CTTTATTCTCTTGTTTCTGACCCT	1
137	136	2	TTTATTCTCTTGTTTCTGACCCTT	1
138	137	2	TTATTCTCTTGTTTCTGACCCTTT	1
139	138	2	TATTCTCTTGTTTCTGACCCTTTG	1
140	139	2	ATTCTCTTGTTTCTGACCCTTTGA	1
141	140	3	TTCTCTTGTTTCTGACCCTTTGAT	1
142	141	3	TCTCTTGTTTCTGACCCTTTGATG	1
143	142	3	CTCTTGTTTCTGACCCTTTGATGT	1
144	143	3	TCTTGTTTCTGACCCTTTGATGTT	1
145	144	3	CTTGTTTCTGACCCTTTGATGTTC	1
146	145	3	TTGTTTCTGACCCTTTGATGTTCC	1
147	146	3	TGTTTCTGACCCTTTGATGTTCCC	1
148	147	3	GTTTCTGACCCTTTGATGTTCCCA	1
149	148	3	TTTCTGACCCTTTGATGTTCCCAT	1
150	149	3	TTCTGACCCTTTGATGTTCCCATC	1
151	150	3	TCTGACCCTTTGATGTTCCCATCG	1
152	151	3	CTGACCCTTTGATGTTCCCATCGA	1
153	152	3	TGACCCTTTGATGTTCCCATCGAT	1
154	153	3	GACCCTTTGATGTTCCCATCGATT	1
155	154	3	ACCCTTTGATGTTCCCATCGATTT	1
156	155	2	CCCTTTGATGTTCCCATCGATTTC	1
157	156	2	CCTTTGATGTTCCCATCGATTTCC	1
158	157	2	CTTTGATGTTCCCATCGATTTCCT	1
159	158	2	TTTGATGTTCCCATCGATTTCCTT	1
160	159	2	TTGATGTTCCCATCGATTTCCTTG	1
161	160	1	TGATGTTCCCATCGATTTCCTTGG	1
162	161	1	GATGTTCCCATCGATTTCCTTGGA	1
163	162	1	ATGTTCCCATCGATTTCCTTGGAC	1
164	163	1	TGTTCCCATCGATTTCCTTGGACA	1
165	164	1	GTTCCCATCGATTTCCTTGGACAT	1
166	165	1	TTCCCATCGATTTCCTTGGACATC	1
167	166	1	TCCCATCGATTTCCTTGGACATCA	1
168	167	1	CCCATCGATTTCCTTGGACATCAT	1
169	168	1	CCATCGATTTCCTTGGACATCATT	1
170	169	1	CATCGATTTCCTTGGACATCATTC	1
171	170	1	ATCGATTTCCTTGGACATCATTCT	1
172	171	1	TCGATTTCCTTGGACATCATTCTG	1
173	172	1	CGATTTCCTTGGACATCATTCTGC	1
174	173	1	GATTTCCTTGGACATCATTCTGCC	1
175	174	1	ATTTCCTTGGACATCATTCTGCCA	1
176	175	1	TTTCCTTGGACATCATTCTGCCAA	1
177	176	1	TTCCTTGGACATCATTCTGCCAAA	1
178	177	2	TCCTTGGACATCATTCTGCCAAAT	1
179	178	2	CCTTGGACATCATTCTGCCAAATG	1
180	179	2	CTTGGACATCATTCTGCCAAATGT	1
181	180	2	TTGGACATCATTCTGCCAAATGTG	1
182	181	2	TGGACATCATTCTGCCAAATGTGT	1
183	182	2	GGACATCATTCTGCCAAATGTGTT	1
184	183	2	GACATCATTCTGCCAAATGTGTTG	1
185	184	1	ACATCATTCTGCCAAATGTGTTGC	1
186	185	1	CATCATTCTGCCAAATGTGTTGCC	1
187	186	1	ATCATTCTGCCAAATGTGTTGCCA	1
188	187	1	TCATTCTGCCAAATGTGTTGCCAT	1
189	188	1	CATTCTGCCAAATGTGTTGCCATT	1
190	189	1	ATTCTGCCAAATGTGTTGCCATTT	1
191	190	1	TTCTGCCAAATGTGTTGCCATTTC	1
192	191	1	TCTGCCAAATGTGTTGCCATTTCA	1
193	192	1	CTGCCAAATGTGTTGCCATTTCAT	1
194	193	1	TGCCAAATGTGTTGCCATTTCATC	1
195	194	1	GCCAAATGTGTTGCCATTTCATCT	1
196	195	1	CCAAATGTGTTGCCATTTCATCTT	1
197	196	1	CAAATGTGTTGCCATTTCATCTTT	1
198	197	1	AAATGTGTTGCCATTTCATCTTTT	1
199	198	1	AATGTGTTGCCATTTCATCTTTTT	1
200	199	1	ATGTGTTGCCATTTCATCTTTTTC	1
201	200	1	TGTGTTGCCATTTCATCTTTTTCT	1
202	201	1	GTGTTGCCATTTCATCTTTTTCTA	1
203	202	1	TGTTGCCATTTCATCTTTTTCTAT	1
204	203	1	GTTGCCATTTCATCTTTTTCTATT	1
205	204	1	TTGCCATTTCATCTTTTTCTATTC	1
206	205	1	TGCCATTTCATCTTTTTCTATTCT	1
207	206	1	GCCATTTCATCTTTTTCTATTCTA	1
208	207	1	CCATTTCATCTTTTTCTATTCTAT	1
209	208	1	CATTTCATCTTTTTCTATTCTATT	1
210	209	1	ATTTCATCTTTTTCTATTCTATTT	1
211	210	1	TTTCATCTTTTTCTATTCTATTTT	1
212	211	1	TTCATCTTTTTCTATTCTATTTTC	1
213	212	1	TCATCTTTTTCTATTCTATTTTCT	1
214	213	2	CATCTTTTTCTATTCTATTTTCTA	1
215	214	2	ATCTTTTTCTATTCTATTTTCTAT	1
216	215	2	TCTTTTTCTATTCTATTTTCTATT	1
217	216	2	CTTTTTCTATTCTATTTTCTATTT	1
218	217	2	TTTTTCTATTCTATTTTCTATTTT	1
219	218	2	TTTTCTATTCTATTTTCTATTTTT	1
220	219	2	TTTCTATTCTATTTTCTATTTTTT	1
221	220	2	TTCTATTCTATTTTCTATTTTTTA	1
222	221	1	TCTATTCTATTTTCTATTTTTTAA	1
223	222	1	CTATTCTATTTTCTATTTTTTAAG	1
224	223	1	TATTCTATTTTCTATTTTTTAAGC	1
225	224	1	ATTCTATTTTCTATTTTTTAAGCT	1
226	225	1	TTCTATTTTCTATTTTTTAAGCTC	1
227	226	1	TCTATTTTCTATTTTTTAAGCTCA	1
228	227	1	CTATTTTCTATTTTTTAAGCTCAA	1
229	228	1	TATTTTCTATTTTTTAAGCTCAAC	1
230	229	1	ATTTTCTATTTTTTAAGCTCAACG	1
231	230	1	TTTTCTATTTTTTAAGCTCAACGT	1
232	231	1	TTTCTATTTTTTAAGCTCAACGTC	1
233	232	2	TTCTATTTTTTAAGCTCAACGTCA	1
234	233	2	TCTATTTTTTAAGCTCAACGTCAC	1
235	234	2	CTATTTTTTAAGCTCAACGTCACT	1
236	235	2	TATTTTTTAAGCTCAACGTCACTG	1
237	236	2	ATTTTTTAAGCTCAACGTCACTGG	1
238	237	2	TTTTTTAAGCTCAACGTCACTGGC	1
239	238	2	TTTTTAAGCTCAACGTCACTGGCA	1
240	239	2	TTTTAAGCTCAACGTCACTGGCAC	1
241	240	2	TTTAAGCTCAACGTCACTGGCACT	1
242	241	2	TTAAGCTCAACGTCACTGGCACTG	1
243	242	2	TAAGCTCAACGTCACTGGCACTGA	1
244	243	2	AAGCTCAACGTCACTGGCACTGAA	1
245	244	2	AGCTCAACGTCACTGGCACTGAAC	1
246	245	2	GCTCAACGTCACTGGCACTGAACT	1
247	246	2	CTCAACGTCACTGGCACTGAACTT	1
248	247	2	TCAACGTCACTGGCACTGAACTTT	1
249	248	2	CAACGTCACTGGCACTGAACTTTA	1
250	249	2	AACGTCACTGGCACTGAACTTTAG	1
251	250	2	ACGTCACTGGCACTGAACTTTAGC	1
252	251	2	CGTCACTGGCACTGAACTTTAGCA	1
253	252	3	GTCACTGGCACTGAACTTTAGCAC	1
254	253	3	TCACTGGCACTGAACTTTAGCACA	1
255	254	3	CACTGGCACTGAACTTTAGCACAG	1
256	255	3	ACTGGCACTGAACTTTAGCACAGC	1
257	256	2	CTGGCACTGAACTTTAGCACAGCT	1
258	257	2	TGGCACTGAACTTTAGCACAGCTA	1
259	258	2	GGCACTGAACTTTAGCACAGCTAG	1
260	259	2	GCACTGAACTTTAGCACAGCTAGC	1
261	260	2	CACTGAACTTTAGCACAGCTAGCT	1
262	261	2	ACTGAACTTTAGCACAGCTAGCTC	1
263	262	2	CTGAACTTTAGCACAGCTAGCTCG	1
264	263	3	TGAACTTTAGCACAGCTAGCTCGT	1
265	264	3	GAACTTTAGCACAGCTAGCTCGTT	1
266	265	3	AACTTTAGCACAGCTAGCTCGTTT	1
267	266	3	ACTTTAGCACAGCTAGCTCGTTTT	1
268	267	3	CTTTAGCACAGCTAGCTCGTTTTT	1
269	268	3	TTTAGCACAGCTAGCTCGTTTTTG	1
270	269	3	TTAGCACAGCTAGCTCGTTTTTGA	1
271	270	3	TAGCACAGCTAGCTCGTTTTTGAC	1
272	271	3	AGCACAGCTAGCTCGTTTTTGACT	1
273	272	3	GCACAGCTAGCTCGTTTTTGACTA	1
274	273	3	CACAGCTAGCTCGTTTTTGACTAA	1
275	274	3	ACAGCTAGCTCGTTTTTGACTAAT	1
276	275	3	CAGCTAGCTCGTTTTTGACTAATC	1
277	276	2	AGCTAGCTCGTTTTTGACTAATCT	1
278	277	2	GCTAGCTCGTTTTTGACTAATCTA	1
279	278	2	CTAGCTCGTTTTTGACTAATCTAT	1
280	279	2	TAGCTCGTTTTTGACTAATCTATA	1
281	280	2	AGCTCGTTTTTGACTAATCTATAC	1
282	281	2	GCTCGTTTTTGACTAATCTATACT	1
283	282	2	CTCGTTTTTGACTAATCTATACTC	1
284	283	2	TCGTTTTTGACTAATCTATACTCA	1
285	284	2	CGTTTTTGACTAATCTATACTCAA	1
286	285	2	GTTTTTGACTAATCTATACTCAAT	1
287	286	2	TTTTTGACTAATCTATACTCAATT	1
288	287	2	TTTTGACTAATCTATACTCAATTG	1
289	288	2	TTTGACTAATCTATACTCAATTGA	1
290	289	2	TTGACTAATCTATACTCAATTGAA	1
291	290	2	TGACTAATCTATACTCAATTGAAG	1
292	291	2	GACTAATCTATACTCAATTGAAGT	1
293	292	2	ACTAATCTATACTCAATTGAAGTT	1
294	293	2	CTAATCTATACTCAATTGAAGTTC	1
295	294	2	TAATCTATACTCAATTGAAGTTCT	1
296	295	2	AATCTATACTCAATTGAAGTTCTG	1
297	296	1	ATCTATACTCAATTGAAGTTCTGC	1
298	297	1	TCTATACTCAATTGAAGTTCTGCA	1
299	298	1	CTATACTCAATTGAAGTTCTGCAT	1
300	299	1	TATACTCAATTGAAGTTCTGCATG	1
301	300	1	ATACTCAATTGAAGTTCTGCATGA	1
302	301	1	TACTCAATTGAAGTTCTGCATGAC	1
303	302	1	ACTCAATTGAAGTTCTGCATGACT	1
304	303	1	CTCAATTGAAGTTCTGCATGACTA	1
305	304	1	TCAATTGAAGTTCTGCATGACTAC	1
306	305	1	CAATTGAAGTTCTGCATGACTACC	1
307	306	1	AATTGAAGTTCTGCATGACTACCC	1
