Component 79
1	-1	0	AATTTAATAGGTGTTAAAAGTTTC	1
2	1	2	ATTTAATAGGTGTTAAAAGTTTCT	1
3	2	2	TTTAATAGGTGTTAAAAGTTTCTT	1
4	3	2	TTAATAGGTGTTAAAAGTTTCTTC	1
5	4	2	TAATAGGTGTTAAAAGTTTCTTCT	1
6	5	4	AATAGGTGTTAAAAGTTTCTTCTC	1
7	6	4	ATAGGTGTTAAAAGTTTCTTCTCT	1
8	7	4	TAGGTGTTAAAAGTTTCTTCTCTA	1
9	8	4	AGGTGTTAAAAGTTTCTTCTCTAT	1
10	9	4	GGTGTTAAAAGTTTCTTCTCTATC	1
11	10	4	GTGTTAAAAGTTTCTTCTCTATCT	1
12	11	4	TGTTAAAAGTTTCTTCTCTATCTC	1
13	12	4	GTTAAAAGTTTCTTCTCTATCTCA	1
14	13	4	TTAAAAGTTTCTTCTCTATCTCAA	1
15	14	4	TAAAAGTTTCTTCTCTATCTCAAG	1
16	15	4	AAAAGTTTCTTCTCTATCTCAAGT	1
17	16	4	AAAGTTTCTTCTCTATCTCAAGTT	1
18	17	4	AAGTTTCTTCTCTATCTCAAGTTT	1
19	18	4	AGTTTCTTCTCTATCTCAAGTTTT	1
20	19	4	GTTTCTTCTCTATCTCAAGTTTTC	1
21	20	4	TTTCTTCTCTATCTCAAGTTTTCT	1
22	21	4	TTCTTCTCTATCTCAAGTTTTCTT	1
23	22	4	TCTTCTCTATCTCAAGTTTTCTTT	1
24	23	4	CTTCTCTATCTCAAGTTTTCTTTT	1
25	24	4	TTCTCTATCTCAAGTTTTCTTTTT	1
26	25	4	TCTCTATCTCAAGTTTTCTTTTTT	1
27	26	4	CTCTATCTCAAGTTTTCTTTTTTA	1
28	27	4	TCTATCTCAAGTTTTCTTTTTTAT	1
29	28	4	CTATCTCAAGTTTTCTTTTTTATC	1
30	29	4	TATCTCAAGTTTTCTTTTTTATCT	1
31	30	4	ATCTCAAGTTTTCTTTTTTATCTT	1
32	31	4	TCTCAAGTTTTCTTTTTTATCTTT	1
33	32	4	CTCAAGTTTTCTTTTTTATCTTTT	1
34	33	5	TCAAGTTTTCTTTTTTATCTTTTA	1
35	34	5	CAAGTTTTCTTTTTTATCTTTTAA	1
36	35	5	AAGTTTTCTTTTTTATCTTTTAAA	1
37	36	6	AGTTTTCTTTTTTATCTTTTAAAC	1
38	37	6	GTTTTCTTTTTTATCTTTTAAACC	1
39	38	6	TTTTCTTTTTTATCTTTTAAACCG	1
40	39	6	TTTCTTTTTTATCTTTTAAACCGT	1
41	40	6	TTCTTTTTTATCTTTTAAACCGTT	1
42	41	6	TCTTTTTTATCTTTTAAACCGTTT	1
43	42	6	CTTTTTTATCTTTTAAACCGTTTT	1
44	43	6	TTTTTTATCTTTTAAACCGTTTTC	1
45	44	7	TTTTTATCTTTTAAACCGTTTTCG	1
46	45	5	TTTTATCTTTTAAACCGTTTTCGA	1
47	46	5	TTTATCTTTTAAACCGTTTTCGAT	1
48	47	5	TTATCTTTTAAACCGTTTTCGATC	1
49	48	3	TATCTTTTAAACCGTTTTCGATCA	1
50	49	3	ATCTTTTAAACCGTTTTCGATCAA	1
51	50	3	TCTTTTAAACCGTTTTCGATCAAA	1
52	51	4	CTTTTAAACCGTTTTCGATCAAAT	1
53	52	5	TTTTAAACCGTTTTCGATCAAATT	1
54	53	5	TTTAAACCGTTTTCGATCAAATTT	1
55	54	5	TTAAACCGTTTTCGATCAAATTTT	1
56	55	5	TAAACCGTTTTCGATCAAATTTTT	1
57	56	5	AAACCGTTTTCGATCAAATTTTTT	1
58	57	5	AACCGTTTTCGATCAAATTTTTTT	1
59	58	5	ACCGTTTTCGATCAAATTTTTTTT	1
60	59	4	CCGTTTTCGATCAAATTTTTTTTA	1
61	60	4	CGTTTTCGATCAAATTTTTTTTAT	1
62	61	7	GTTTTCGATCAAATTTTTTTTATT	1
63	62	7	TTTTCGATCAAATTTTTTTTATTC	1
64	63	7	TTTCGATCAAATTTTTTTTATTCT	1
65	64	9	TTCGATCAAATTTTTTTTATTCTA	1
66	65	9	TCGATCAAATTTTTTTTATTCTAC	1
67	66	9	CGATCAAATTTTTTTTATTCTACT	1
68	67	9	GATCAAATTTTTTTTATTCTACTT	1
69	68	9	ATCAAATTTTTTTTATTCTACTTT	1
70	69	11	TCAAATTTTTTTTATTCTACTTTT	1
71	70	11	CAAATTTTTTTTATTCTACTTTTA	1
72	71	11	AAATTTTTTTTATTCTACTTTTAC	1
73	72	11	AATTTTTTTTATTCTACTTTTACT	1
74	73	11	ATTTTTTTTATTCTACTTTTACTT	1
75	74	11	TTTTTTTTATTCTACTTTTACTTC	1
76	75	12	TTTTTTTATTCTACTTTTACTTCA	1
77	76	12	TTTTTTATTCTACTTTTACTTCAT	1
78	77	11	TTTTTATTCTACTTTTACTTCATT	1
79	78	11	TTTTATTCTACTTTTACTTCATTT	1
80	79	11	TTTATTCTACTTTTACTTCATTTT	1
81	80	10	TTATTCTACTTTTACTTCATTTTT	1
82	81	10	TATTCTACTTTTACTTCATTTTTT	1
83	82	10	ATTCTACTTTTACTTCATTTTTTA	1
84	83	10	TTCTACTTTTACTTCATTTTTTAA	1
85	84	10	TCTACTTTTACTTCATTTTTTAAC	1
86	85	10	CTACTTTTACTTCATTTTTTAACT	1
87	86	10	TACTTTTACTTCATTTTTTAACTC	1
88	87	10	ACTTTTACTTCATTTTTTAACTCA	1
89	88	9	CTTTTACTTCATTTTTTAACTCAA	1
90	89	9	TTTTACTTCATTTTTTAACTCAAT	1
91	90	9	TTTACTTCATTTTTTAACTCAATT	1
92	91	8	TTACTTCATTTTTTAACTCAATTG	1
93	92	8	TACTTCATTTTTTAACTCAATTGT	1
94	93	8	ACTTCATTTTTTAACTCAATTGTC	1
95	94	8	CTTCATTTTTTAACTCAATTGTCT	1
96	95	7	TTCATTTTTTAACTCAATTGTCTT	1
97	96	7	TCATTTTTTAACTCAATTGTCTTA	1
98	97	7	CATTTTTTAACTCAATTGTCTTAT	1
99	98	7	ATTTTTTAACTCAATTGTCTTATT	1
100	99	7	TTTTTTAACTCAATTGTCTTATTC	1
101	100	7	TTTTTAACTCAATTGTCTTATTCT	1
102	101	7	TTTTAACTCAATTGTCTTATTCTT	1
103	102	7	TTTAACTCAATTGTCTTATTCTTT	1
104	103	7	TTAACTCAATTGTCTTATTCTTTT	1
105	104	7	TAACTCAATTGTCTTATTCTTTTT	1
106	105	4	AACTCAATTGTCTTATTCTTTTTC	1
107	106	4	ACTCAATTGTCTTATTCTTTTTCA	1
108	107	2	CTCAATTGTCTTATTCTTTTTCAT	1
109	108	1	TCAATTGTCTTATTCTTTTTCATC	1
110	109	1	CAATTGTCTTATTCTTTTTCATCA	1
111	110	1	AATTGTCTTATTCTTTTTCATCAC	1
112	111	1	ATTGTCTTATTCTTTTTCATCACC	1
113	112	1	TTGTCTTATTCTTTTTCATCACCA	1
114	-1	0	GGAGTTTACATTGGTTAAAATTTT	1
115	114	1	GAGTTTACATTGGTTAAAATTTTT	1
116	115	1	AGTTTACATTGGTTAAAATTTTTT	1
117	116	1	GTTTACATTGGTTAAAATTTTTTT	1
118	117	1	TTTACATTGGTTAAAATTTTTTTT	1
119	118	5	TTACATTGGTTAAAATTTTTTTTT	1
120	119	4	TACATTGGTTAAAATTTTTTTTTT	1
121	120	3	ACATTGGTTAAAATTTTTTTTTTC	1
122	121	3	CATTGGTTAAAATTTTTTTTTTCC	1
123	122	4	ATTGGTTAAAATTTTTTTTTTCCT	1
124	123	5	TTGGTTAAAATTTTTTTTTTCCTT	1
125	124	5	TGGTTAAAATTTTTTTTTTCCTTT	1
126	125	5	GGTTAAAATTTTTTTTTTCCTTTT	1
127	126	5	GTTAAAATTTTTTTTTTCCTTTTT	1
128	127	5	TTAAAATTTTTTTTTTCCTTTTTC	1
129	128	6	TAAAATTTTTTTTTTCCTTTTTCA	1
130	129	8	AAAATTTTTTTTTTCCTTTTTCAG	1
131	130	8	AAATTTTTTTTTTCCTTTTTCAGT	1
132	131	8	AATTTTTTTTTTCCTTTTTCAGTC	1
133	132	8	ATTTTTTTTTTCCTTTTTCAGTCG	1
134	133	9	TTTTTTTTTTCCTTTTTCAGTCGC	1
135	134	12	TTTTTTTTTCCTTTTTCAGTCGCA	1
136	135	13	TTTTTTTTCCTTTTTCAGTCGCAT	1
137	136	13	TTTTTTTCCTTTTTCAGTCGCATT	1
138	137	13	TTTTTTCCTTTTTCAGTCGCATTT	1
139	138	13	TTTTTCCTTTTTCAGTCGCATTTA	1
140	139	13	TTTTCCTTTTTCAGTCGCATTTAT	1
141	140	13	TTTCCTTTTTCAGTCGCATTTATT	1
142	141	13	TTCCTTTTTCAGTCGCATTTATTT	1
143	142	13	TCCTTTTTCAGTCGCATTTATTTT	1
144	143	13	CCTTTTTCAGTCGCATTTATTTTA	1
145	144	13	CTTTTTCAGTCGCATTTATTTTAT	1
146	145	13	TTTTTCAGTCGCATTTATTTTATT	1
147	146	13	TTTTCAGTCGCATTTATTTTATTT	1
148	147	13	TTTCAGTCGCATTTATTTTATTTT	1
149	148	13	TTCAGTCGCATTTATTTTATTTTC	1
150	149	13	TCAGTCGCATTTATTTTATTTTCT	1
151	150	13	CAGTCGCATTTATTTTATTTTCTT	1
152	151	13	AGTCGCATTTATTTTATTTTCTTT	1
153	152	13	GTCGCATTTATTTTATTTTCTTTT	1
154	153	13	TCGCATTTATTTTATTTTCTTTTC	1
155	154	13	CGCATTTATTTTATTTTCTTTTCT	1
156	155	13	GCATTTATTTTATTTTCTTTTCTT	1
157	156	13	CATTTATTTTATTTTCTTTTCTTT	1
158	157	13	ATTTATTTTATTTTCTTTTCTTTT	1
159	158	13	TTTATTTTATTTTCTTTTCTTTTG	1
160	159	12	TTATTTTATTTTCTTTTCTTTTGT	1
161	160	12	TATTTTATTTTCTTTTCTTTTGTT	1
162	161	11	ATTTTATTTTCTTTTCTTTTGTTT	1
163	162	8	TTTTATTTTCTTTTCTTTTGTTTT	1
164	163	8	TTTATTTTCTTTTCTTTTGTTTTT	1
165	164	8	TTATTTTCTTTTCTTTTGTTTTTC	1
166	165	8	TATTTTCTTTTCTTTTGTTTTTCC	1
167	166	7	ATTTTCTTTTCTTTTGTTTTTCCC	1
168	167	6	TTTTCTTTTCTTTTGTTTTTCCCA	1
169	168	6	TTTCTTTTCTTTTGTTTTTCCCAA	1
170	169	7	TTCTTTTCTTTTGTTTTTCCCAAC	1
171	170	7	TCTTTTCTTTTGTTTTTCCCAACA	1
172	171	7	CTTTTCTTTTGTTTTTCCCAACAT	1
173	172	6	TTTTCTTTTGTTTTTCCCAACATA	1
174	173	4	TTTCTTTTGTTTTTCCCAACATAA	1
175	174	4	TTCTTTTGTTTTTCCCAACATAAA	1
176	175	4	TCTTTTGTTTTTCCCAACATAAAG	1
177	176	3	CTTTTGTTTTTCCCAACATAAAGG	1
178	177	2	TTTTGTTTTTCCCAACATAAAGGG	1
179	178	1	TTTGTTTTTCCCAACATAAAGGGT	1
180	179	1	TTGTTTTTCCCAACATAAAGGGTC	1
181	180	1	TGTTTTTCCCAACATAAAGGGTCA	1
182	181	1	GTTTTTCCCAACATAAAGGGTCAT	1
183	182	1	TTTTTCCCAACATAAAGGGTCATT	1
184	183	1	TTTTCCCAACATAAAGGGTCATTC	1
185	184	1	TTTCCCAACATAAAGGGTCATTCC	1
186	185	1	TTCCCAACATAAAGGGTCATTCCA	1
187	186	1	TCCCAACATAAAGGGTCATTCCAC	1
188	187	1	CCCAACATAAAGGGTCATTCCACT	1
189	188	1	CCAACATAAAGGGTCATTCCACTC	1
190	189	1	CAACATAAAGGGTCATTCCACTCT	1
191	190	1	AACATAAAGGGTCATTCCACTCTC	1
192	191	1	ACATAAAGGGTCATTCCACTCTCT	1
193	192	1	CATAAAGGGTCATTCCACTCTCTT	1
194	193	1	ATAAAGGGTCATTCCACTCTCTTC	1
195	194	1	TAAAGGGTCATTCCACTCTCTTCT	1
196	195	1	AAAGGGTCATTCCACTCTCTTCTT	1
197	196	1	AAGGGTCATTCCACTCTCTTCTTT	1
198	197	1	AGGGTCATTCCACTCTCTTCTTTC	1
199	198	1	GGGTCATTCCACTCTCTTCTTTCT	1
200	199	1	GGTCATTCCACTCTCTTCTTTCTC	1
201	200	1	GTCATTCCACTCTCTTCTTTCTCG	1
202	201	1	TCATTCCACTCTCTTCTTTCTCGC	1
203	202	1	CATTCCACTCTCTTCTTTCTCGCT	1
204	203	1	ATTCCACTCTCTTCTTTCTCGCTT	1
205	204	1	TTCCACTCTCTTCTTTCTCGCTTT	1
206	205	1	TCCACTCTCTTCTTTCTCGCTTTC	1
207	206	1	CCACTCTCTTCTTTCTCGCTTTCC	1
208	207	1	CACTCTCTTCTTTCTCGCTTTCCA	1
209	208	1	ACTCTCTTCTTTCTCGCTTTCCAC	1
210	209	1	CTCTCTTCTTTCTCGCTTTCCACC	1
211	210	1	TCTCTTCTTTCTCGCTTTCCACCC	1
212	211	1	CTCTTCTTTCTCGCTTTCCACCCT	1
213	212	1	TCTTCTTTCTCGCTTTCCACCCTC	1
