Component 80
1	-1	0	ATTCAAGCTTTAATTCACGGTTTA	1
2	1	1	TTCAAGCTTTAATTCACGGTTTAG	1
3	2	1	TCAAGCTTTAATTCACGGTTTAGG	1
4	3	1	CAAGCTTTAATTCACGGTTTAGGA	1
5	4	1	AAGCTTTAATTCACGGTTTAGGAA	1
6	5	1	AGCTTTAATTCACGGTTTAGGAAG	1
7	6	1	GCTTTAATTCACGGTTTAGGAAGA	1
8	7	1	CTTTAATTCACGGTTTAGGAAGAC	1
9	8	1	TTTAATTCACGGTTTAGGAAGACA	1
10	9	1	TTAATTCACGGTTTAGGAAGACAT	1
11	10	1	TAATTCACGGTTTAGGAAGACATT	1
12	11	1	AATTCACGGTTTAGGAAGACATTA	1
13	12	1	ATTCACGGTTTAGGAAGACATTAC	1
14	13	1	TTCACGGTTTAGGAAGACATTACT	1
15	14	1	TCACGGTTTAGGAAGACATTACTA	1
16	15	1	CACGGTTTAGGAAGACATTACTAC	1
17	16	1	ACGGTTTAGGAAGACATTACTACT	1
18	17	1	CGGTTTAGGAAGACATTACTACTC	1
19	18	1	GGTTTAGGAAGACATTACTACTCC	1
20	19	1	GTTTAGGAAGACATTACTACTCCC	1
21	20	2	TTTAGGAAGACATTACTACTCCCT	1
22	21	2	TTAGGAAGACATTACTACTCCCTT	1
23	22	2	TAGGAAGACATTACTACTCCCTTC	1
24	23	2	AGGAAGACATTACTACTCCCTTCG	1
25	24	2	GGAAGACATTACTACTCCCTTCGC	1
26	25	2	GAAGACATTACTACTCCCTTCGCA	1
27	26	2	AAGACATTACTACTCCCTTCGCAT	1
28	27	2	AGACATTACTACTCCCTTCGCATC	1
29	28	2	GACATTACTACTCCCTTCGCATCA	1
30	29	2	ACATTACTACTCCCTTCGCATCAA	1
31	30	2	CATTACTACTCCCTTCGCATCAAT	1
32	31	2	ATTACTACTCCCTTCGCATCAATT	1
33	32	2	TTACTACTCCCTTCGCATCAATTA	1
34	33	2	TACTACTCCCTTCGCATCAATTAC	1
35	34	2	ACTACTCCCTTCGCATCAATTACA	1
36	35	2	CTACTCCCTTCGCATCAATTACAA	1
37	36	2	TACTCCCTTCGCATCAATTACAAA	1
38	37	2	ACTCCCTTCGCATCAATTACAAAA	1
39	38	2	CTCCCTTCGCATCAATTACAAAAA	1
40	39	2	TCCCTTCGCATCAATTACAAAAAA	1
41	40	2	CCCTTCGCATCAATTACAAAAAAA	1
42	41	2	CCTTCGCATCAATTACAAAAAAAC	1
43	42	2	CTTCGCATCAATTACAAAAAAACT	1
44	43	2	TTCGCATCAATTACAAAAAAACTG	1
45	44	2	TCGCATCAATTACAAAAAAACTGA	1
46	45	1	CGCATCAATTACAAAAAAACTGAG	1
47	46	1	GCATCAATTACAAAAAAACTGAGC	1
48	47	1	CATCAATTACAAAAAAACTGAGCT	1
49	48	1	ATCAATTACAAAAAAACTGAGCTT	1
50	49	1	TCAATTACAAAAAAACTGAGCTTG	1
51	50	1	CAATTACAAAAAAACTGAGCTTGA	1
52	51	3	AATTACAAAAAAACTGAGCTTGAA	1
53	52	3	ATTACAAAAAAACTGAGCTTGAAG	1
54	53	3	TTACAAAAAAACTGAGCTTGAAGA	1
55	54	3	TACAAAAAAACTGAGCTTGAAGAG	1
56	55	3	ACAAAAAAACTGAGCTTGAAGAGA	1
57	56	3	CAAAAAAACTGAGCTTGAAGAGAT	1
58	57	3	AAAAAAACTGAGCTTGAAGAGATC	1
59	58	3	AAAAAACTGAGCTTGAAGAGATCA	1
60	59	3	AAAAACTGAGCTTGAAGAGATCAT	1
61	60	3	AAAACTGAGCTTGAAGAGATCATG	1
62	61	3	AAACTGAGCTTGAAGAGATCATGC	1
63	62	3	AACTGAGCTTGAAGAGATCATGCT	1
64	63	3	ACTGAGCTTGAAGAGATCATGCTT	1
65	64	2	CTGAGCTTGAAGAGATCATGCTTT	1
66	65	2	TGAGCTTGAAGAGATCATGCTTTT	1
67	66	2	GAGCTTGAAGAGATCATGCTTTTG	1
68	67	2	AGCTTGAAGAGATCATGCTTTTGA	1
69	68	2	GCTTGAAGAGATCATGCTTTTGAA	1
70	69	2	CTTGAAGAGATCATGCTTTTGAAT	1
71	70	2	TTGAAGAGATCATGCTTTTGAATT	1
72	71	2	TGAAGAGATCATGCTTTTGAATTT	1
73	72	2	GAAGAGATCATGCTTTTGAATTTA	1
74	73	2	AAGAGATCATGCTTTTGAATTTAC	1
75	74	2	AGAGATCATGCTTTTGAATTTACA	1
76	75	2	GAGATCATGCTTTTGAATTTACAC	1
77	76	2	AGATCATGCTTTTGAATTTACACA	1
78	77	2	GATCATGCTTTTGAATTTACACAA	1
79	78	2	ATCATGCTTTTGAATTTACACAAA	1
80	79	2	TCATGCTTTTGAATTTACACAAAC	1
81	80	2	CATGCTTTTGAATTTACACAAACA	1
82	81	2	ATGCTTTTGAATTTACACAAACAG	1
83	82	2	TGCTTTTGAATTTACACAAACAGC	1
84	83	2	GCTTTTGAATTTACACAAACAGCC	1
85	84	2	CTTTTGAATTTACACAAACAGCCT	1
86	85	2	TTTTGAATTTACACAAACAGCCTT	1
87	86	2	TTTGAATTTACACAAACAGCCTTG	1
88	87	2	TTGAATTTACACAAACAGCCTTGG	1
89	88	2	TGAATTTACACAAACAGCCTTGGG	1
90	89	2	GAATTTACACAAACAGCCTTGGGC	1
91	90	2	AATTTACACAAACAGCCTTGGGCA	1
92	91	2	ATTTACACAAACAGCCTTGGGCAC	1
93	92	2	TTTACACAAACAGCCTTGGGCACA	1
94	93	2	TTACACAAACAGCCTTGGGCACAT	1
95	94	2	TACACAAACAGCCTTGGGCACATG	1
96	-1	0	CTTCGTATTCAATACGTTGGTAAA	1
97	96	1	TTCGTATTCAATACGTTGGTAAAC	1
98	97	1	TCGTATTCAATACGTTGGTAAACA	1
99	98	2	CGTATTCAATACGTTGGTAAACAA	1
100	99	2	GTATTCAATACGTTGGTAAACAAG	1
101	100	2	TATTCAATACGTTGGTAAACAAGA	1
102	101	2	ATTCAATACGTTGGTAAACAAGAT	1
103	102	2	TTCAATACGTTGGTAAACAAGATC	1
104	103	2	TCAATACGTTGGTAAACAAGATCC	1
105	104	2	CAATACGTTGGTAAACAAGATCCC	1
106	105	2	AATACGTTGGTAAACAAGATCCCA	1
107	106	2	ATACGTTGGTAAACAAGATCCCAA	1
108	107	3	TACGTTGGTAAACAAGATCCCAAG	1
109	108	3	ACGTTGGTAAACAAGATCCCAAGA	1
110	109	3	CGTTGGTAAACAAGATCCCAAGAA	1
111	110	3	GTTGGTAAACAAGATCCCAAGAAG	1
112	111	3	TTGGTAAACAAGATCCCAAGAAGC	1
113	112	3	TGGTAAACAAGATCCCAAGAAGCA	1
114	113	3	GGTAAACAAGATCCCAAGAAGCAT	1
115	114	3	GTAAACAAGATCCCAAGAAGCATC	1
116	115	3	TAAACAAGATCCCAAGAAGCATCT	1
117	116	3	AAACAAGATCCCAAGAAGCATCTT	1
118	117	3	AACAAGATCCCAAGAAGCATCTTG	1
119	118	3	ACAAGATCCCAAGAAGCATCTTGA	1
120	119	3	CAAGATCCCAAGAAGCATCTTGAC	1
121	120	3	AAGATCCCAAGAAGCATCTTGACG	1
122	121	3	AGATCCCAAGAAGCATCTTGACGC	1
123	122	3	GATCCCAAGAAGCATCTTGACGCT	1
124	123	3	ATCCCAAGAAGCATCTTGACGCTG	1
125	124	3	TCCCAAGAAGCATCTTGACGCTGA	1
126	125	3	CCCAAGAAGCATCTTGACGCTGAG	1
127	126	3	CCAAGAAGCATCTTGACGCTGAGG	1
128	127	4	CAAGAAGCATCTTGACGCTGAGGT	1
129	128	4	AAGAAGCATCTTGACGCTGAGGTT	1
130	129	4	AGAAGCATCTTGACGCTGAGGTTC	1
131	130	4	GAAGCATCTTGACGCTGAGGTTCA	1
132	131	4	AAGCATCTTGACGCTGAGGTTCAG	1
133	132	4	AGCATCTTGACGCTGAGGTTCAGA	1
134	133	4	GCATCTTGACGCTGAGGTTCAGAA	1
135	134	4	CATCTTGACGCTGAGGTTCAGAAA	1
136	135	4	ATCTTGACGCTGAGGTTCAGAAAT	1
137	136	4	TCTTGACGCTGAGGTTCAGAAATG	1
138	137	4	CTTGACGCTGAGGTTCAGAAATGT	1
139	138	4	TTGACGCTGAGGTTCAGAAATGTA	1
140	139	4	TGACGCTGAGGTTCAGAAATGTAT	1
141	140	3	GACGCTGAGGTTCAGAAATGTATA	1
142	141	3	ACGCTGAGGTTCAGAAATGTATAG	1
143	142	2	CGCTGAGGTTCAGAAATGTATAGA	1
144	143	2	GCTGAGGTTCAGAAATGTATAGAC	1
145	144	2	CTGAGGTTCAGAAATGTATAGACA	1
146	145	2	TGAGGTTCAGAAATGTATAGACAA	1
147	146	2	GAGGTTCAGAAATGTATAGACAAC	1
148	147	2	AGGTTCAGAAATGTATAGACAACA	1
149	148	3	GGTTCAGAAATGTATAGACAACAA	1
150	149	3	GTTCAGAAATGTATAGACAACAAT	1
151	150	2	TTCAGAAATGTATAGACAACAATA	1
152	151	2	TCAGAAATGTATAGACAACAATAT	1
153	152	2	CAGAAATGTATAGACAACAATATT	1
154	153	2	AGAAATGTATAGACAACAATATTT	1
155	154	2	GAAATGTATAGACAACAATATTTC	1
156	155	2	AAATGTATAGACAACAATATTTCT	1
157	156	2	AATGTATAGACAACAATATTTCTT	1
158	157	2	ATGTATAGACAACAATATTTCTTC	1
159	158	2	TGTATAGACAACAATATTTCTTCC	1
160	159	2	GTATAGACAACAATATTTCTTCCA	1
161	160	2	TATAGACAACAATATTTCTTCCAT	1
162	161	2	ATAGACAACAATATTTCTTCCATG	1
163	162	2	TAGACAACAATATTTCTTCCATGT	1
164	163	2	AGACAACAATATTTCTTCCATGTT	1
165	164	2	GACAACAATATTTCTTCCATGTTA	1
166	165	2	ACAACAATATTTCTTCCATGTTAG	1
167	166	2	CAACAATATTTCTTCCATGTTAGC	1
168	167	2	AACAATATTTCTTCCATGTTAGCT	1
169	168	2	ACAATATTTCTTCCATGTTAGCTT	1
170	169	2	CAATATTTCTTCCATGTTAGCTTG	1
171	170	2	AATATTTCTTCCATGTTAGCTTGT	1
172	171	1	ATATTTCTTCCATGTTAGCTTGTA	1
173	172	1	TATTTCTTCCATGTTAGCTTGTAT	1
174	173	1	ATTTCTTCCATGTTAGCTTGTATG	1
175	174	1	TTTCTTCCATGTTAGCTTGTATGC	1
176	175	1	TTCTTCCATGTTAGCTTGTATGCT	1
177	176	1	TCTTCCATGTTAGCTTGTATGCTT	1
178	177	1	CTTCCATGTTAGCTTGTATGCTTG	1
