Component 82
1	-1	0	TGCAGATTACATTAAATAGTTTCT	1
2	1	1	GCAGATTACATTAAATAGTTTCTT	1
3	2	1	CAGATTACATTAAATAGTTTCTTA	1
4	3	1	AGATTACATTAAATAGTTTCTTAT	1
5	4	1	GATTACATTAAATAGTTTCTTATC	1
6	5	1	ATTACATTAAATAGTTTCTTATCT	1
7	6	1	TTACATTAAATAGTTTCTTATCTT	1
8	7	1	TACATTAAATAGTTTCTTATCTTT	1
9	8	1	ACATTAAATAGTTTCTTATCTTTT	1
10	9	1	CATTAAATAGTTTCTTATCTTTTC	1
11	10	1	ATTAAATAGTTTCTTATCTTTTCA	1
12	11	1	TTAAATAGTTTCTTATCTTTTCAT	1
13	12	1	TAAATAGTTTCTTATCTTTTCATT	1
14	13	1	AAATAGTTTCTTATCTTTTCATTT	1
15	14	1	AATAGTTTCTTATCTTTTCATTTG	1
16	15	1	ATAGTTTCTTATCTTTTCATTTGA	1
17	16	1	TAGTTTCTTATCTTTTCATTTGAT	1
18	17	1	AGTTTCTTATCTTTTCATTTGATA	1
19	18	1	GTTTCTTATCTTTTCATTTGATAA	1
20	19	1	TTTCTTATCTTTTCATTTGATAAA	1
21	20	2	TTCTTATCTTTTCATTTGATAAAC	1
22	21	2	TCTTATCTTTTCATTTGATAAACT	1
23	22	2	CTTATCTTTTCATTTGATAAACTA	1
24	23	3	TTATCTTTTCATTTGATAAACTAT	1
25	24	3	TATCTTTTCATTTGATAAACTATT	1
26	25	4	ATCTTTTCATTTGATAAACTATTT	1
27	26	4	TCTTTTCATTTGATAAACTATTTT	1
28	27	4	CTTTTCATTTGATAAACTATTTTT	1
29	28	4	TTTTCATTTGATAAACTATTTTTC	1
30	29	4	TTTCATTTGATAAACTATTTTTCT	1
31	30	4	TTCATTTGATAAACTATTTTTCTC	1
32	31	4	TCATTTGATAAACTATTTTTCTCA	1
33	32	4	CATTTGATAAACTATTTTTCTCAC	1
34	33	4	ATTTGATAAACTATTTTTCTCACC	1
35	34	4	TTTGATAAACTATTTTTCTCACCC	1
36	35	4	TTGATAAACTATTTTTCTCACCCG	1
37	36	4	TGATAAACTATTTTTCTCACCCGT	1
38	37	4	GATAAACTATTTTTCTCACCCGTT	1
39	38	4	ATAAACTATTTTTCTCACCCGTTT	1
40	39	4	TAAACTATTTTTCTCACCCGTTTC	1
41	40	4	AAACTATTTTTCTCACCCGTTTCT	1
42	41	4	AACTATTTTTCTCACCCGTTTCTC	1
43	42	4	ACTATTTTTCTCACCCGTTTCTCG	1
44	43	4	CTATTTTTCTCACCCGTTTCTCGC	1
45	44	4	TATTTTTCTCACCCGTTTCTCGCA	1
46	45	3	ATTTTTCTCACCCGTTTCTCGCAC	1
47	46	3	TTTTTCTCACCCGTTTCTCGCACA	1
48	47	3	TTTTCTCACCCGTTTCTCGCACAT	1
49	48	3	TTTCTCACCCGTTTCTCGCACATA	1
50	49	3	TTCTCACCCGTTTCTCGCACATAT	1
51	50	3	TCTCACCCGTTTCTCGCACATATT	1
52	51	3	CTCACCCGTTTCTCGCACATATTC	1
53	52	3	TCACCCGTTTCTCGCACATATTCT	1
54	53	3	CACCCGTTTCTCGCACATATTCTC	1
55	54	3	ACCCGTTTCTCGCACATATTCTCT	1
56	55	3	CCCGTTTCTCGCACATATTCTCTT	1
57	56	3	CCGTTTCTCGCACATATTCTCTTT	1
58	57	3	CGTTTCTCGCACATATTCTCTTTC	1
59	58	3	GTTTCTCGCACATATTCTCTTTCT	1
60	59	3	TTTCTCGCACATATTCTCTTTCTT	1
61	60	3	TTCTCGCACATATTCTCTTTCTTT	1
62	61	3	TCTCGCACATATTCTCTTTCTTTG	1
63	62	3	CTCGCACATATTCTCTTTCTTTGA	1
64	63	3	TCGCACATATTCTCTTTCTTTGAC	1
65	64	2	CGCACATATTCTCTTTCTTTGACC	1
66	65	2	GCACATATTCTCTTTCTTTGACCC	1
67	66	2	CACATATTCTCTTTCTTTGACCCA	1
68	67	1	ACATATTCTCTTTCTTTGACCCAG	1
69	68	1	CATATTCTCTTTCTTTGACCCAGA	1
70	-1	0	AGTGATAATTTATTTTCTGAGCCT	1
71	70	1	GTGATAATTTATTTTCTGAGCCTT	1
72	71	1	TGATAATTTATTTTCTGAGCCTTT	1
73	72	1	GATAATTTATTTTCTGAGCCTTTT	1
74	73	1	ATAATTTATTTTCTGAGCCTTTTA	1
75	74	1	TAATTTATTTTCTGAGCCTTTTAA	1
76	75	1	AATTTATTTTCTGAGCCTTTTAAA	1
77	76	1	ATTTATTTTCTGAGCCTTTTAAAG	1
78	77	1	TTTATTTTCTGAGCCTTTTAAAGA	1
79	78	1	TTATTTTCTGAGCCTTTTAAAGAC	1
80	79	1	TATTTTCTGAGCCTTTTAAAGACT	1
81	80	1	ATTTTCTGAGCCTTTTAAAGACTT	1
82	81	2	TTTTCTGAGCCTTTTAAAGACTTT	1
83	82	2	TTTCTGAGCCTTTTAAAGACTTTA	1
84	83	2	TTCTGAGCCTTTTAAAGACTTTAT	1
85	84	2	TCTGAGCCTTTTAAAGACTTTATA	1
86	85	2	CTGAGCCTTTTAAAGACTTTATAT	1
87	86	2	TGAGCCTTTTAAAGACTTTATATT	1
88	87	2	GAGCCTTTTAAAGACTTTATATTT	1
89	88	2	AGCCTTTTAAAGACTTTATATTTA	1
90	89	2	GCCTTTTAAAGACTTTATATTTAG	1
91	90	2	CCTTTTAAAGACTTTATATTTAGA	1
92	91	2	CTTTTAAAGACTTTATATTTAGAA	1
93	92	3	TTTTAAAGACTTTATATTTAGAAG	1
94	93	3	TTTAAAGACTTTATATTTAGAAGA	1
95	94	3	TTAAAGACTTTATATTTAGAAGAT	1
96	95	3	TAAAGACTTTATATTTAGAAGATC	1
97	96	3	AAAGACTTTATATTTAGAAGATCC	1
98	97	4	AAGACTTTATATTTAGAAGATCCT	1
99	98	4	AGACTTTATATTTAGAAGATCCTT	1
100	99	4	GACTTTATATTTAGAAGATCCTTT	1
101	100	4	ACTTTATATTTAGAAGATCCTTTT	1
102	101	4	CTTTATATTTAGAAGATCCTTTTT	1
103	102	4	TTTATATTTAGAAGATCCTTTTTA	1
104	103	4	TTATATTTAGAAGATCCTTTTTAA	1
105	104	4	TATATTTAGAAGATCCTTTTTAAA	1
106	105	4	ATATTTAGAAGATCCTTTTTAAAT	1
107	106	4	TATTTAGAAGATCCTTTTTAAATT	1
108	107	4	ATTTAGAAGATCCTTTTTAAATTT	1
109	108	4	TTTAGAAGATCCTTTTTAAATTTC	1
110	109	4	TTAGAAGATCCTTTTTAAATTTCT	1
111	110	4	TAGAAGATCCTTTTTAAATTTCTT	1
112	111	4	AGAAGATCCTTTTTAAATTTCTTT	1
113	112	4	GAAGATCCTTTTTAAATTTCTTTT	1
114	113	4	AAGATCCTTTTTAAATTTCTTTTG	1
115	114	3	AGATCCTTTTTAAATTTCTTTTGT	1
116	115	3	GATCCTTTTTAAATTTCTTTTGTT	1
117	116	3	ATCCTTTTTAAATTTCTTTTGTTT	1
118	117	3	TCCTTTTTAAATTTCTTTTGTTTT	1
119	118	4	CCTTTTTAAATTTCTTTTGTTTTT	1
120	119	4	CTTTTTAAATTTCTTTTGTTTTTC	1
121	120	4	TTTTTAAATTTCTTTTGTTTTTCT	1
122	121	4	TTTTAAATTTCTTTTGTTTTTCTT	1
123	122	4	TTTAAATTTCTTTTGTTTTTCTTC	1
124	123	4	TTAAATTTCTTTTGTTTTTCTTCG	1
125	124	4	TAAATTTCTTTTGTTTTTCTTCGG	1
126	125	3	AAATTTCTTTTGTTTTTCTTCGGC	1
127	126	3	AATTTCTTTTGTTTTTCTTCGGCC	1
128	127	3	ATTTCTTTTGTTTTTCTTCGGCCT	1
129	128	3	TTTCTTTTGTTTTTCTTCGGCCTC	1
130	129	3	TTCTTTTGTTTTTCTTCGGCCTCG	1
131	130	3	TCTTTTGTTTTTCTTCGGCCTCGT	1
132	131	3	CTTTTGTTTTTCTTCGGCCTCGTC	1
133	132	3	TTTTGTTTTTCTTCGGCCTCGTCT	1
134	133	3	TTTGTTTTTCTTCGGCCTCGTCTC	1
135	134	3	TTGTTTTTCTTCGGCCTCGTCTCA	1
136	135	3	TGTTTTTCTTCGGCCTCGTCTCAG	1
137	136	2	GTTTTTCTTCGGCCTCGTCTCAGT	1
138	137	3	TTTTTCTTCGGCCTCGTCTCAGTA	1
139	138	3	TTTTCTTCGGCCTCGTCTCAGTAT	1
140	139	3	TTTCTTCGGCCTCGTCTCAGTATA	1
141	140	3	TTCTTCGGCCTCGTCTCAGTATAA	1
142	141	2	TCTTCGGCCTCGTCTCAGTATAAT	1
143	142	2	CTTCGGCCTCGTCTCAGTATAATT	1
144	143	2	TTCGGCCTCGTCTCAGTATAATTT	1
145	144	2	TCGGCCTCGTCTCAGTATAATTTA	1
146	145	2	CGGCCTCGTCTCAGTATAATTTAA	1
147	146	2	GGCCTCGTCTCAGTATAATTTAAT	1
148	147	2	GCCTCGTCTCAGTATAATTTAATT	1
149	148	2	CCTCGTCTCAGTATAATTTAATTC	1
150	149	2	CTCGTCTCAGTATAATTTAATTCG	1
151	150	2	TCGTCTCAGTATAATTTAATTCGT	1
152	151	2	CGTCTCAGTATAATTTAATTCGTC	1
153	152	2	GTCTCAGTATAATTTAATTCGTCT	1
154	153	2	TCTCAGTATAATTTAATTCGTCTA	1
155	154	4	CTCAGTATAATTTAATTCGTCTAC	1
156	155	4	TCAGTATAATTTAATTCGTCTACG	1
157	156	4	CAGTATAATTTAATTCGTCTACGA	1
158	157	4	AGTATAATTTAATTCGTCTACGAT	1
159	158	4	GTATAATTTAATTCGTCTACGATC	1
160	159	4	TATAATTTAATTCGTCTACGATCC	1
161	160	4	ATAATTTAATTCGTCTACGATCCA	1
162	161	4	TAATTTAATTCGTCTACGATCCAT	1
163	162	3	AATTTAATTCGTCTACGATCCATT	1
164	163	3	ATTTAATTCGTCTACGATCCATTC	1
165	164	4	TTTAATTCGTCTACGATCCATTCC	1
166	165	4	TTAATTCGTCTACGATCCATTCCT	1
167	166	4	TAATTCGTCTACGATCCATTCCTT	1
168	167	4	AATTCGTCTACGATCCATTCCTTC	1
169	168	4	ATTCGTCTACGATCCATTCCTTCT	1
170	169	4	TTCGTCTACGATCCATTCCTTCTA	1
171	170	5	TCGTCTACGATCCATTCCTTCTAG	1
172	171	5	CGTCTACGATCCATTCCTTCTAGA	1
173	172	5	GTCTACGATCCATTCCTTCTAGAC	1
174	173	5	TCTACGATCCATTCCTTCTAGACG	1
175	174	5	CTACGATCCATTCCTTCTAGACGT	1
176	175	5	TACGATCCATTCCTTCTAGACGTC	1
177	176	5	ACGATCCATTCCTTCTAGACGTCT	1
178	177	5	CGATCCATTCCTTCTAGACGTCTT	1
179	178	5	GATCCATTCCTTCTAGACGTCTTT	1
180	179	5	ATCCATTCCTTCTAGACGTCTTTT	1
181	180	5	TCCATTCCTTCTAGACGTCTTTTA	1
182	181	4	CCATTCCTTCTAGACGTCTTTTAT	1
183	182	4	CATTCCTTCTAGACGTCTTTTATT	1
184	183	4	ATTCCTTCTAGACGTCTTTTATTG	1
185	184	4	TTCCTTCTAGACGTCTTTTATTGC	1
186	185	4	TCCTTCTAGACGTCTTTTATTGCT	1
187	186	4	CCTTCTAGACGTCTTTTATTGCTA	1
188	187	4	CTTCTAGACGTCTTTTATTGCTAT	1
189	188	4	TTCTAGACGTCTTTTATTGCTATC	1
190	189	4	TCTAGACGTCTTTTATTGCTATCA	1
191	190	4	CTAGACGTCTTTTATTGCTATCAA	1
192	191	4	TAGACGTCTTTTATTGCTATCAAT	1
193	192	4	AGACGTCTTTTATTGCTATCAATT	1
194	193	5	GACGTCTTTTATTGCTATCAATTC	1
195	194	5	ACGTCTTTTATTGCTATCAATTCG	1
196	195	5	CGTCTTTTATTGCTATCAATTCGG	1
197	196	5	GTCTTTTATTGCTATCAATTCGGG	1
198	197	5	TCTTTTATTGCTATCAATTCGGGC	1
199	198	3	CTTTTATTGCTATCAATTCGGGCT	1
200	199	3	TTTTATTGCTATCAATTCGGGCTT	1
201	200	3	TTTATTGCTATCAATTCGGGCTTT	1
202	201	3	TTATTGCTATCAATTCGGGCTTTT	1
203	202	3	TATTGCTATCAATTCGGGCTTTTT	1
204	203	3	ATTGCTATCAATTCGGGCTTTTTT	1
205	204	3	TTGCTATCAATTCGGGCTTTTTTG	1
206	205	3	TGCTATCAATTCGGGCTTTTTTGT	1
207	206	3	GCTATCAATTCGGGCTTTTTTGTT	1
208	207	3	CTATCAATTCGGGCTTTTTTGTTT	1
209	208	2	TATCAATTCGGGCTTTTTTGTTTC	1
210	209	2	ATCAATTCGGGCTTTTTTGTTTCA	1
211	210	2	TCAATTCGGGCTTTTTTGTTTCAT	1
212	211	2	CAATTCGGGCTTTTTTGTTTCATT	1
213	212	2	AATTCGGGCTTTTTTGTTTCATTT	1
214	213	2	ATTCGGGCTTTTTTGTTTCATTTT	1
215	214	1	TTCGGGCTTTTTTGTTTCATTTTA	1
216	215	1	TCGGGCTTTTTTGTTTCATTTTAG	1
217	216	2	CGGGCTTTTTTGTTTCATTTTAGA	1
218	217	2	GGGCTTTTTTGTTTCATTTTAGAT	1
219	218	2	GGCTTTTTTGTTTCATTTTAGATT	1
220	219	2	GCTTTTTTGTTTCATTTTAGATTT	1
221	220	2	CTTTTTTGTTTCATTTTAGATTTT	1
222	221	2	TTTTTTGTTTCATTTTAGATTTTT	1
223	222	2	TTTTTGTTTCATTTTAGATTTTTA	1
224	223	2	TTTTGTTTCATTTTAGATTTTTAT	1
225	224	2	TTTGTTTCATTTTAGATTTTTATA	1
226	225	2	TTGTTTCATTTTAGATTTTTATAT	1
227	226	2	TGTTTCATTTTAGATTTTTATATC	1
228	227	2	GTTTCATTTTAGATTTTTATATCA	1
229	228	2	TTTCATTTTAGATTTTTATATCAG	1
230	229	2	TTCATTTTAGATTTTTATATCAGT	1
231	230	2	TCATTTTAGATTTTTATATCAGTA	1
232	231	2	CATTTTAGATTTTTATATCAGTAT	1
233	232	2	ATTTTAGATTTTTATATCAGTATT	1
234	233	2	TTTTAGATTTTTATATCAGTATTC	1
235	234	2	TTTAGATTTTTATATCAGTATTCC	1
236	235	2	TTAGATTTTTATATCAGTATTCCC	1
237	236	2	TAGATTTTTATATCAGTATTCCCC	1
238	237	1	AGATTTTTATATCAGTATTCCCCT	1
239	238	1	GATTTTTATATCAGTATTCCCCTC	1
240	239	1	ATTTTTATATCAGTATTCCCCTCA	1
241	240	1	TTTTTATATCAGTATTCCCCTCAA	1
242	241	1	TTTTATATCAGTATTCCCCTCAAT	1
243	242	1	TTTATATCAGTATTCCCCTCAATA	1
244	243	1	TTATATCAGTATTCCCCTCAATAC	1
245	244	1	TATATCAGTATTCCCCTCAATACC	1
246	245	1	ATATCAGTATTCCCCTCAATACCC	1
247	246	1	TATCAGTATTCCCCTCAATACCCC	1
248	247	1	ATCAGTATTCCCCTCAATACCCCT	1
249	248	1	TCAGTATTCCCCTCAATACCCCTT	1
250	249	1	CAGTATTCCCCTCAATACCCCTTT	1
251	250	1	AGTATTCCCCTCAATACCCCTTTT	1
252	251	1	GTATTCCCCTCAATACCCCTTTTC	1
253	252	1	TATTCCCCTCAATACCCCTTTTCT	1
254	253	1	ATTCCCCTCAATACCCCTTTTCTA	1
255	254	1	TTCCCCTCAATACCCCTTTTCTAT	1
256	255	1	TCCCCTCAATACCCCTTTTCTATT	1
257	256	1	CCCCTCAATACCCCTTTTCTATTG	1
258	257	1	CCCTCAATACCCCTTTTCTATTGT	1
259	258	1	CCTCAATACCCCTTTTCTATTGTC	1
260	259	2	CTCAATACCCCTTTTCTATTGTCG	1
261	260	1	TCAATACCCCTTTTCTATTGTCGG	1
262	261	1	CAATACCCCTTTTCTATTGTCGGT	1
263	262	1	AATACCCCTTTTCTATTGTCGGTA	1
264	263	1	ATACCCCTTTTCTATTGTCGGTAA	1
265	264	1	TACCCCTTTTCTATTGTCGGTAAT	1
266	265	1	ACCCCTTTTCTATTGTCGGTAATA	1
267	266	1	CCCCTTTTCTATTGTCGGTAATAC	1
268	267	1	CCCTTTTCTATTGTCGGTAATACC	1
269	268	1	CCTTTTCTATTGTCGGTAATACCT	1
270	269	1	CTTTTCTATTGTCGGTAATACCTA	1
271	270	1	TTTTCTATTGTCGGTAATACCTAC	1
272	271	1	TTTCTATTGTCGGTAATACCTACC	1
273	272	1	TTCTATTGTCGGTAATACCTACCC	1
274	273	1	TCTATTGTCGGTAATACCTACCCC	1
275	274	1	CTATTGTCGGTAATACCTACCCCA	1
276	275	1	TATTGTCGGTAATACCTACCCCAT	1
277	276	1	ATTGTCGGTAATACCTACCCCATC	1
278	277	1	TTGTCGGTAATACCTACCCCATCT	1
279	278	1	TGTCGGTAATACCTACCCCATCTC	1
280	279	1	GTCGGTAATACCTACCCCATCTCG	1
281	280	1	TCGGTAATACCTACCCCATCTCGT	1
282	281	1	CGGTAATACCTACCCCATCTCGTT	1
283	282	1	GGTAATACCTACCCCATCTCGTTT	1
284	283	2	GTAATACCTACCCCATCTCGTTTA	1
285	284	2	TAATACCTACCCCATCTCGTTTAT	1
286	285	2	AATACCTACCCCATCTCGTTTATT	1
287	286	2	ATACCTACCCCATCTCGTTTATTC	1
288	287	2	TACCTACCCCATCTCGTTTATTCT	1
289	288	2	ACCTACCCCATCTCGTTTATTCTT	1
290	289	4	CCTACCCCATCTCGTTTATTCTTT	1
291	290	4	CTACCCCATCTCGTTTATTCTTTT	1
292	291	4	TACCCCATCTCGTTTATTCTTTTG	1
293	292	4	ACCCCATCTCGTTTATTCTTTTGA	1
294	293	4	CCCCATCTCGTTTATTCTTTTGAA	1
295	294	4	CCCATCTCGTTTATTCTTTTGAAT	1
296	295	4	CCATCTCGTTTATTCTTTTGAATA	1
297	296	4	CATCTCGTTTATTCTTTTGAATAC	1
298	297	4	ATCTCGTTTATTCTTTTGAATACA	1
299	298	4	TCTCGTTTATTCTTTTGAATACAT	1
300	299	4	CTCGTTTATTCTTTTGAATACATT	1
301	300	4	TCGTTTATTCTTTTGAATACATTT	1
302	301	4	CGTTTATTCTTTTGAATACATTTA	1
303	302	4	GTTTATTCTTTTGAATACATTTAC	1
304	303	3	TTTATTCTTTTGAATACATTTACA	1
305	304	3	TTATTCTTTTGAATACATTTACAC	1
306	305	3	TATTCTTTTGAATACATTTACACT	1
307	306	3	ATTCTTTTGAATACATTTACACTT	1
308	307	4	TTCTTTTGAATACATTTACACTTG	1
309	308	4	TCTTTTGAATACATTTACACTTGT	1
310	309	4	CTTTTGAATACATTTACACTTGTT	1
311	310	5	TTTTGAATACATTTACACTTGTTT	1
312	311	5	TTTGAATACATTTACACTTGTTTT	1
313	312	6	TTGAATACATTTACACTTGTTTTT	1
314	313	6	TGAATACATTTACACTTGTTTTTC	1
315	314	6	GAATACATTTACACTTGTTTTTCT	1
316	315	6	AATACATTTACACTTGTTTTTCTT	1
317	316	6	ATACATTTACACTTGTTTTTCTTT	1
318	317	6	TACATTTACACTTGTTTTTCTTTA	1
319	318	7	ACATTTACACTTGTTTTTCTTTAG	1
320	319	7	CATTTACACTTGTTTTTCTTTAGT	1
321	320	7	ATTTACACTTGTTTTTCTTTAGTT	1
322	321	7	TTTACACTTGTTTTTCTTTAGTTT	1
323	322	7	TTACACTTGTTTTTCTTTAGTTTT	1
324	323	7	TACACTTGTTTTTCTTTAGTTTTT	1
325	324	7	ACACTTGTTTTTCTTTAGTTTTTT	1
326	325	7	CACTTGTTTTTCTTTAGTTTTTTC	1
327	326	7	ACTTGTTTTTCTTTAGTTTTTTCG	1
328	327	6	CTTGTTTTTCTTTAGTTTTTTCGT	1
329	328	6	TTGTTTTTCTTTAGTTTTTTCGTT	1
330	329	6	TGTTTTTCTTTAGTTTTTTCGTTA	1
331	330	6	GTTTTTCTTTAGTTTTTTCGTTAT	1
332	331	6	TTTTTCTTTAGTTTTTTCGTTATC	1
333	332	6	TTTTCTTTAGTTTTTTCGTTATCT	1
334	333	4	TTTCTTTAGTTTTTTCGTTATCTA	1
335	334	4	TTCTTTAGTTTTTTCGTTATCTAT	1
336	335	4	TCTTTAGTTTTTTCGTTATCTATC	1
337	336	4	CTTTAGTTTTTTCGTTATCTATCT	1
338	337	4	TTTAGTTTTTTCGTTATCTATCTT	1
339	338	4	TTAGTTTTTTCGTTATCTATCTTT	1
340	339	4	TAGTTTTTTCGTTATCTATCTTTC	1
341	340	4	AGTTTTTTCGTTATCTATCTTTCT	1
342	341	4	GTTTTTTCGTTATCTATCTTTCTC	1
343	342	4	TTTTTTCGTTATCTATCTTTCTCA	1
344	343	4	TTTTTCGTTATCTATCTTTCTCAT	1
345	344	4	TTTTCGTTATCTATCTTTCTCATT	1
346	345	4	TTTCGTTATCTATCTTTCTCATTA	1
347	346	4	TTCGTTATCTATCTTTCTCATTAC	1
348	347	4	TCGTTATCTATCTTTCTCATTACT	1
349	348	4	CGTTATCTATCTTTCTCATTACTT	1
350	349	4	GTTATCTATCTTTCTCATTACTTT	1
351	350	4	TTATCTATCTTTCTCATTACTTTC	1
352	351	3	TATCTATCTTTCTCATTACTTTCG	1
353	352	3	ATCTATCTTTCTCATTACTTTCGT	1
354	353	3	TCTATCTTTCTCATTACTTTCGTT	1
355	354	2	CTATCTTTCTCATTACTTTCGTTA	1
356	355	2	TATCTTTCTCATTACTTTCGTTAA	1
357	356	1	ATCTTTCTCATTACTTTCGTTAAC	1
358	357	1	TCTTTCTCATTACTTTCGTTAACT	1
359	358	1	CTTTCTCATTACTTTCGTTAACTA	1
360	359	1	TTTCTCATTACTTTCGTTAACTAT	1
361	360	1	TTCTCATTACTTTCGTTAACTATG	1
362	361	2	TCTCATTACTTTCGTTAACTATGG	1
363	362	1	CTCATTACTTTCGTTAACTATGGC	1
364	363	1	TCATTACTTTCGTTAACTATGGCT	1
365	364	1	CATTACTTTCGTTAACTATGGCTG	1
366	365	1	ATTACTTTCGTTAACTATGGCTGA	1
367	366	1	TTACTTTCGTTAACTATGGCTGAT	1
368	367	1	TACTTTCGTTAACTATGGCTGATA	1
369	368	1	ACTTTCGTTAACTATGGCTGATAA	1
370	369	1	CTTTCGTTAACTATGGCTGATAAC	1
371	370	1	TTTCGTTAACTATGGCTGATAACG	1
372	371	1	TTCGTTAACTATGGCTGATAACGC	1
373	372	1	TCGTTAACTATGGCTGATAACGCT	1
374	373	1	CGTTAACTATGGCTGATAACGCTG	1
375	374	1	GTTAACTATGGCTGATAACGCTGG	1
376	375	1	TTAACTATGGCTGATAACGCTGGT	1
377	376	1	TAACTATGGCTGATAACGCTGGTG	1
378	377	1	AACTATGGCTGATAACGCTGGTGA	1
379	378	1	ACTATGGCTGATAACGCTGGTGAA	1
380	379	1	CTATGGCTGATAACGCTGGTGAAT	1
381	380	1	TATGGCTGATAACGCTGGTGAATA	1
382	381	1	ATGGCTGATAACGCTGGTGAATAC	1
383	382	1	TGGCTGATAACGCTGGTGAATACC	1
384	383	1	GGCTGATAACGCTGGTGAATACCA	1
385	384	1	GCTGATAACGCTGGTGAATACCAT	1
386	385	1	CTGATAACGCTGGTGAATACCATG	1
387	386	1	TGATAACGCTGGTGAATACCATGA	1
388	387	1	GATAACGCTGGTGAATACCATGAC	1
389	388	1	ATAACGCTGGTGAATACCATGACG	1
390	389	1	TAACGCTGGTGAATACCATGACGC	1
391	390	1	AACGCTGGTGAATACCATGACGCT	1
392	391	1	ACGCTGGTGAATACCATGACGCTG	1
393	392	1	CGCTGGTGAATACCATGACGCTGA	1
394	393	1	GCTGGTGAATACCATGACGCTGAA	1
395	394	2	CTGGTGAATACCATGACGCTGAAA	1
396	395	2	TGGTGAATACCATGACGCTGAAAA	1
397	396	2	GGTGAATACCATGACGCTGAAAAG	1
398	397	2	GTGAATACCATGACGCTGAAAAGC	1
399	398	2	TGAATACCATGACGCTGAAAAGCA	1
400	399	2	GAATACCATGACGCTGAAAAGCAT	1
401	400	2	AATACCATGACGCTGAAAAGCATG	1
402	401	2	ATACCATGACGCTGAAAAGCATGC	1
403	402	2	TACCATGACGCTGAAAAGCATGCT	1
404	403	2	ACCATGACGCTGAAAAGCATGCTC	1
405	404	2	CCATGACGCTGAAAAGCATGCTCC	1
406	405	1	CATGACGCTGAAAAGCATGCTCCC	1
407	406	1	ATGACGCTGAAAAGCATGCTCCCG	1
408	407	1	TGACGCTGAAAAGCATGCTCCCGA	1
409	408	1	GACGCTGAAAAGCATGCTCCCGAG	1
410	409	1	ACGCTGAAAAGCATGCTCCCGAGC	1
411	410	1	CGCTGAAAAGCATGCTCCCGAGCA	1
412	411	1	GCTGAAAAGCATGCTCCCGAGCAA	1
413	412	1	CTGAAAAGCATGCTCCCGAGCAAC	1
414	413	1	TGAAAAGCATGCTCCCGAGCAACA	1
415	414	1	GAAAAGCATGCTCCCGAGCAACAA	1
416	415	1	AAAAGCATGCTCCCGAGCAACAAG	1
417	416	1	AAAGCATGCTCCCGAGCAACAAGC	1
418	417	1	AAGCATGCTCCCGAGCAACAAGCT	1
419	418	1	AGCATGCTCCCGAGCAACAAGCTC	1
420	419	1	GCATGCTCCCGAGCAACAAGCTCC	1
421	420	1	CATGCTCCCGAGCAACAAGCTCCC	1
422	421	1	ATGCTCCCGAGCAACAAGCTCCCC	1
423	422	1	TGCTCCCGAGCAACAAGCTCCCCC	1
424	423	1	GCTCCCGAGCAACAAGCTCCCCCT	1
425	424	1	CTCCCGAGCAACAAGCTCCCCCTC	1
426	425	1	TCCCGAGCAACAAGCTCCCCCTCC	1
427	426	1	CCCGAGCAACAAGCTCCCCCTCCT	1
428	427	2	CCGAGCAACAAGCTCCCCCTCCTC	1
429	428	2	CGAGCAACAAGCTCCCCCTCCTCA	1
430	429	2	GAGCAACAAGCTCCCCCTCCTCAA	1
431	430	2	AGCAACAAGCTCCCCCTCCTCAAC	1
432	431	2	GCAACAAGCTCCCCCTCCTCAACA	1
433	432	2	CAACAAGCTCCCCCTCCTCAACAA	1
434	433	2	AACAAGCTCCCCCTCCTCAACAAC	1
435	434	2	ACAAGCTCCCCCTCCTCAACAACC	1
436	435	2	CAAGCTCCCCCTCCTCAACAACCC	1
437	436	2	AAGCTCCCCCTCCTCAACAACCCG	1
438	437	3	AGCTCCCCCTCCTCAACAACCCGC	1
439	438	2	GCTCCCCCTCCTCAACAACCCGCT	1
440	439	2	CTCCCCCTCCTCAACAACCCGCTC	1
441	440	2	TCCCCCTCCTCAACAACCCGCTCA	1
442	441	2	CCCCCTCCTCAACAACCCGCTCAT	1
443	442	2	CCCCTCCTCAACAACCCGCTCATG	1
444	443	2	CCCTCCTCAACAACCCGCTCATGC	1
445	444	2	CCTCCTCAACAACCCGCTCATGCA	1
446	445	2	CTCCTCAACAACCCGCTCATGCAG	1
447	446	2	TCCTCAACAACCCGCTCATGCAGC	1
448	447	2	CCTCAACAACCCGCTCATGCAGCT	1
449	448	2	CTCAACAACCCGCTCATGCAGCTG	1
450	449	2	TCAACAACCCGCTCATGCAGCTGC	1
451	450	2	CAACAACCCGCTCATGCAGCTGCT	1
452	451	2	AACAACCCGCTCATGCAGCTGCTC	1
453	452	2	ACAACCCGCTCATGCAGCTGCTCC	1
454	453	2	CAACCCGCTCATGCAGCTGCTCCC	1
455	454	2	AACCCGCTCATGCAGCTGCTCCCG	1
456	455	2	ACCCGCTCATGCAGCTGCTCCCGC	1
457	456	2	CCCGCTCATGCAGCTGCTCCCGCT	1
458	457	2	CCGCTCATGCAGCTGCTCCCGCTC	1
459	458	2	CGCTCATGCAGCTGCTCCCGCTCA	1
460	459	2	GCTCATGCAGCTGCTCCCGCTCAA	1
461	460	2	CTCATGCAGCTGCTCCCGCTCAAG	1
462	461	2	TCATGCAGCTGCTCCCGCTCAAGA	1
463	462	2	CATGCAGCTGCTCCCGCTCAAGAC	1
464	463	2	ATGCAGCTGCTCCCGCTCAAGACG	1
465	464	3	TGCAGCTGCTCCCGCTCAAGACGA	1
466	465	3	GCAGCTGCTCCCGCTCAAGACGAT	1
467	466	3	CAGCTGCTCCCGCTCAAGACGATG	1
468	467	3	AGCTGCTCCCGCTCAAGACGATGA	1
469	468	3	GCTGCTCCCGCTCAAGACGATGAG	1
470	469	3	CTGCTCCCGCTCAAGACGATGAGC	1
471	470	3	TGCTCCCGCTCAAGACGATGAGCC	1
472	471	2	GCTCCCGCTCAAGACGATGAGCCT	1
473	472	2	CTCCCGCTCAAGACGATGAGCCTG	1
474	473	2	TCCCGCTCAAGACGATGAGCCTGA	1
475	474	2	CCCGCTCAAGACGATGAGCCTGAT	1
476	475	2	CCGCTCAAGACGATGAGCCTGATG	1
477	476	2	CGCTCAAGACGATGAGCCTGATGA	1
478	477	2	GCTCAAGACGATGAGCCTGATGAT	1
479	478	2	CTCAAGACGATGAGCCTGATGATG	1
480	479	2	TCAAGACGATGAGCCTGATGATGA	1
481	480	2	CAAGACGATGAGCCTGATGATGAC	1
482	481	1	AAGACGATGAGCCTGATGATGACA	1
483	482	1	AGACGATGAGCCTGATGATGACAT	1
484	483	1	GACGATGAGCCTGATGATGACATT	1
485	484	1	ACGATGAGCCTGATGATGACATTG	1
486	485	1	CGATGAGCCTGATGATGACATTGA	1
487	486	1	GATGAGCCTGATGATGACATTGAC	1
488	487	1	ATGAGCCTGATGATGACATTGACG	1
489	488	2	TGAGCCTGATGATGACATTGACGC	1
490	489	2	GAGCCTGATGATGACATTGACGCT	1
491	490	2	AGCCTGATGATGACATTGACGCTT	1
492	491	2	GCCTGATGATGACATTGACGCTTT	1
493	492	2	CCTGATGATGACATTGACGCTTTG	1
494	493	2	CTGATGATGACATTGACGCTTTGA	1
495	494	3	TGATGATGACATTGACGCTTTGAT	1
496	495	3	GATGATGACATTGACGCTTTGATT	1
497	496	3	ATGATGACATTGACGCTTTGATTG	1
498	497	3	TGATGACATTGACGCTTTGATTGA	1
499	498	3	GATGACATTGACGCTTTGATTGAG	1
500	499	3	ATGACATTGACGCTTTGATTGAGG	1
501	500	3	TGACATTGACGCTTTGATTGAGGA	1
502	501	3	GACATTGACGCTTTGATTGAGGAA	1
503	502	3	ACATTGACGCTTTGATTGAGGAAC	1
504	503	3	CATTGACGCTTTGATTGAGGAACT	1
505	504	3	ATTGACGCTTTGATTGAGGAACTT	1
506	505	3	TTGACGCTTTGATTGAGGAACTTT	1
507	506	3	TGACGCTTTGATTGAGGAACTTTT	1
508	507	3	GACGCTTTGATTGAGGAACTTTTC	1
509	508	2	ACGCTTTGATTGAGGAACTTTTCT	1
510	509	2	CGCTTTGATTGAGGAACTTTTCTC	1
511	510	2	GCTTTGATTGAGGAACTTTTCTCT	1
512	511	2	CTTTGATTGAGGAACTTTTCTCTG	1
513	512	2	TTTGATTGAGGAACTTTTCTCTGA	1
514	513	2	TTGATTGAGGAACTTTTCTCTGAA	1
515	514	2	TGATTGAGGAACTTTTCTCTGAAG	1
516	515	2	GATTGAGGAACTTTTCTCTGAAGA	1
517	516	2	ATTGAGGAACTTTTCTCTGAAGAT	1
518	517	2	TTGAGGAACTTTTCTCTGAAGATG	1
519	518	2	TGAGGAACTTTTCTCTGAAGATGT	1
520	519	2	GAGGAACTTTTCTCTGAAGATGTT	1
521	520	2	AGGAACTTTTCTCTGAAGATGTTC	1
522	521	2	GGAACTTTTCTCTGAAGATGTTCA	1
523	522	2	GAACTTTTCTCTGAAGATGTTCAA	1
524	523	2	AACTTTTCTCTGAAGATGTTCAAG	1
525	524	2	ACTTTTCTCTGAAGATGTTCAAGA	1
526	525	2	CTTTTCTCTGAAGATGTTCAAGAA	1
527	526	2	TTTTCTCTGAAGATGTTCAAGAAG	1
528	527	2	TTTCTCTGAAGATGTTCAAGAAGA	1
529	528	2	TTCTCTGAAGATGTTCAAGAAGAA	1
530	529	2	TCTCTGAAGATGTTCAAGAAGAAC	1
531	530	2	CTCTGAAGATGTTCAAGAAGAACA	1
532	531	2	TCTGAAGATGTTCAAGAAGAACAA	1
533	532	1	CTGAAGATGTTCAAGAAGAACAAG	1
534	533	1	TGAAGATGTTCAAGAAGAACAAGA	1
535	534	1	GAAGATGTTCAAGAAGAACAAGAG	1
536	535	1	AAGATGTTCAAGAAGAACAAGAGG	1
537	536	1	AGATGTTCAAGAAGAACAAGAGGA	1
538	537	1	GATGTTCAAGAAGAACAAGAGGAC	1
