Component 86
1	-1	0	CTGTATCGAGTTGATTCCTTCCAA	1
2	1	1	TGTATCGAGTTGATTCCTTCCAAC	1
3	2	1	GTATCGAGTTGATTCCTTCCAACA	1
4	3	1	TATCGAGTTGATTCCTTCCAACAG	1
5	4	1	ATCGAGTTGATTCCTTCCAACAGC	1
6	5	1	TCGAGTTGATTCCTTCCAACAGCA	1
7	6	1	CGAGTTGATTCCTTCCAACAGCAA	1
8	7	1	GAGTTGATTCCTTCCAACAGCAAC	1
9	8	1	AGTTGATTCCTTCCAACAGCAACA	1
10	9	1	GTTGATTCCTTCCAACAGCAACAA	1
11	10	1	TTGATTCCTTCCAACAGCAACAAG	1
12	11	1	TGATTCCTTCCAACAGCAACAAGG	1
13	12	1	GATTCCTTCCAACAGCAACAAGGG	1
14	13	1	ATTCCTTCCAACAGCAACAAGGGT	1
15	14	1	TTCCTTCCAACAGCAACAAGGGTA	1
16	15	1	TCCTTCCAACAGCAACAAGGGTAC	1
17	16	1	CCTTCCAACAGCAACAAGGGTACT	1
18	17	1	CTTCCAACAGCAACAAGGGTACTG	1
19	18	1	TTCCAACAGCAACAAGGGTACTGC	1
20	19	1	TCCAACAGCAACAAGGGTACTGCT	1
21	20	1	CCAACAGCAACAAGGGTACTGCTC	1
22	21	1	CAACAGCAACAAGGGTACTGCTCT	1
23	22	1	AACAGCAACAAGGGTACTGCTCTT	1
24	23	2	ACAGCAACAAGGGTACTGCTCTTC	1
25	24	2	CAGCAACAAGGGTACTGCTCTTCA	1
26	25	2	AGCAACAAGGGTACTGCTCTTCAG	1
27	26	2	GCAACAAGGGTACTGCTCTTCAGT	1
28	27	2	CAACAAGGGTACTGCTCTTCAGTA	1
29	28	2	AACAAGGGTACTGCTCTTCAGTAC	1
30	29	2	ACAAGGGTACTGCTCTTCAGTACA	1
31	30	2	CAAGGGTACTGCTCTTCAGTACAT	1
32	31	2	AAGGGTACTGCTCTTCAGTACATC	1
33	32	2	AGGGTACTGCTCTTCAGTACATCA	1
34	33	2	GGGTACTGCTCTTCAGTACATCAC	1
35	34	3	GGTACTGCTCTTCAGTACATCACC	1
36	35	3	GTACTGCTCTTCAGTACATCACCT	1
37	36	3	TACTGCTCTTCAGTACATCACCTC	1
38	37	3	ACTGCTCTTCAGTACATCACCTCT	1
39	38	3	CTGCTCTTCAGTACATCACCTCTA	1
40	39	3	TGCTCTTCAGTACATCACCTCTAA	1
41	40	2	GCTCTTCAGTACATCACCTCTAAC	1
42	41	2	CTCTTCAGTACATCACCTCTAACA	1
43	42	2	TCTTCAGTACATCACCTCTAACAT	1
44	43	2	CTTCAGTACATCACCTCTAACATC	1
45	44	2	TTCAGTACATCACCTCTAACATCC	1
46	45	1	TCAGTACATCACCTCTAACATCCT	1
47	46	1	CAGTACATCACCTCTAACATCCTC	1
48	47	1	AGTACATCACCTCTAACATCCTCC	1
49	48	2	GTACATCACCTCTAACATCCTCCC	1
50	49	2	TACATCACCTCTAACATCCTCCCT	1
51	50	2	ACATCACCTCTAACATCCTCCCTG	1
52	51	2	CATCACCTCTAACATCCTCCCTGA	1
53	52	2	ATCACCTCTAACATCCTCCCTGAA	1
54	53	2	TCACCTCTAACATCCTCCCTGAAG	1
55	54	2	CACCTCTAACATCCTCCCTGAAGT	1
56	55	2	ACCTCTAACATCCTCCCTGAAGTT	1
57	56	2	CCTCTAACATCCTCCCTGAAGTTA	1
58	57	2	CTCTAACATCCTCCCTGAAGTTAA	1
59	58	2	TCTAACATCCTCCCTGAAGTTAAG	1
60	59	2	CTAACATCCTCCCTGAAGTTAAGA	1
61	60	2	TAACATCCTCCCTGAAGTTAAGAA	1
62	61	2	AACATCCTCCCTGAAGTTAAGAAT	1
63	62	2	ACATCCTCCCTGAAGTTAAGAATG	1
64	63	2	CATCCTCCCTGAAGTTAAGAATGA	1
65	64	2	ATCCTCCCTGAAGTTAAGAATGAA	1
66	65	3	TCCTCCCTGAAGTTAAGAATGAAA	1
67	66	3	CCTCCCTGAAGTTAAGAATGAAAA	1
68	67	2	CTCCCTGAAGTTAAGAATGAAAAT	1
69	68	2	TCCCTGAAGTTAAGAATGAAAATG	1
70	69	2	CCCTGAAGTTAAGAATGAAAATGT	1
71	70	2	CCTGAAGTTAAGAATGAAAATGTC	1
72	71	2	CTGAAGTTAAGAATGAAAATGTCA	1
73	72	2	TGAAGTTAAGAATGAAAATGTCAT	1
74	73	2	GAAGTTAAGAATGAAAATGTCATC	1
75	74	2	AAGTTAAGAATGAAAATGTCATCT	1
76	75	2	AGTTAAGAATGAAAATGTCATCTC	1
77	76	2	GTTAAGAATGAAAATGTCATCTCC	1
78	77	2	TTAAGAATGAAAATGTCATCTCCT	1
79	78	1	TAAGAATGAAAATGTCATCTCCTT	1
80	79	1	AAGAATGAAAATGTCATCTCCTTT	1
81	80	1	AGAATGAAAATGTCATCTCCTTTG	1
82	81	1	GAATGAAAATGTCATCTCCTTTGG	1
83	82	1	AATGAAAATGTCATCTCCTTTGGT	1
84	83	1	ATGAAAATGTCATCTCCTTTGGTG	1
85	84	1	TGAAAATGTCATCTCCTTTGGTGA	1
86	85	1	GAAAATGTCATCTCCTTTGGTGAT	1
87	86	1	AAAATGTCATCTCCTTTGGTGATG	1
88	87	1	AAATGTCATCTCCTTTGGTGATGG	1
89	88	1	AATGTCATCTCCTTTGGTGATGGT	1
90	89	1	ATGTCATCTCCTTTGGTGATGGTC	1
91	90	1	TGTCATCTCCTTTGGTGATGGTCA	1
92	91	1	GTCATCTCCTTTGGTGATGGTCAA	1
93	-1	0	TGTTTCTCGTGTTGGTAACGAGGA	1
94	93	1	GTTTCTCGTGTTGGTAACGAGGAA	1
95	94	1	TTTCTCGTGTTGGTAACGAGGAAG	1
96	95	1	TTCTCGTGTTGGTAACGAGGAAGG	1
97	96	1	TCTCGTGTTGGTAACGAGGAAGGT	1
98	97	1	CTCGTGTTGGTAACGAGGAAGGTG	1
99	98	1	TCGTGTTGGTAACGAGGAAGGTGC	1
100	99	1	CGTGTTGGTAACGAGGAAGGTGCT	1
101	100	1	GTGTTGGTAACGAGGAAGGTGCTG	1
102	101	1	TGTTGGTAACGAGGAAGGTGCTGT	1
103	102	1	GTTGGTAACGAGGAAGGTGCTGTA	1
104	103	1	TTGGTAACGAGGAAGGTGCTGTAG	1
105	104	1	TGGTAACGAGGAAGGTGCTGTAGG	1
106	105	1	GGTAACGAGGAAGGTGCTGTAGGT	1
107	106	1	GTAACGAGGAAGGTGCTGTAGGTG	1
108	107	1	TAACGAGGAAGGTGCTGTAGGTGA	1
109	108	1	AACGAGGAAGGTGCTGTAGGTGAG	1
110	109	1	ACGAGGAAGGTGCTGTAGGTGAGG	1
111	110	1	CGAGGAAGGTGCTGTAGGTGAGGT	1
112	111	1	GAGGAAGGTGCTGTAGGTGAGGTT	1
113	112	1	AGGAAGGTGCTGTAGGTGAGGTTC	1
114	113	1	GGAAGGTGCTGTAGGTGAGGTTCT	1
115	114	2	GAAGGTGCTGTAGGTGAGGTTCTT	1
116	115	2	AAGGTGCTGTAGGTGAGGTTCTTG	1
117	116	2	AGGTGCTGTAGGTGAGGTTCTTGA	1
118	117	2	GGTGCTGTAGGTGAGGTTCTTGAG	1
119	118	2	GTGCTGTAGGTGAGGTTCTTGAGC	1
120	119	2	TGCTGTAGGTGAGGTTCTTGAGCG	1
121	120	2	GCTGTAGGTGAGGTTCTTGAGCGT	1
122	121	2	CTGTAGGTGAGGTTCTTGAGCGTA	1
123	122	2	TGTAGGTGAGGTTCTTGAGCGTAT	1
124	123	2	GTAGGTGAGGTTCTTGAGCGTATC	1
125	124	2	TAGGTGAGGTTCTTGAGCGTATCT	1
126	125	2	AGGTGAGGTTCTTGAGCGTATCTT	1
127	126	2	GGTGAGGTTCTTGAGCGTATCTTC	1
128	127	2	GTGAGGTTCTTGAGCGTATCTTCA	1
129	128	2	TGAGGTTCTTGAGCGTATCTTCAA	1
130	129	2	GAGGTTCTTGAGCGTATCTTCAAC	1
131	130	2	AGGTTCTTGAGCGTATCTTCAACA	1
132	131	2	GGTTCTTGAGCGTATCTTCAACAT	1
133	132	2	GTTCTTGAGCGTATCTTCAACATT	1
134	133	2	TTCTTGAGCGTATCTTCAACATTC	1
135	134	2	TCTTGAGCGTATCTTCAACATTCC	1
136	135	3	CTTGAGCGTATCTTCAACATTCCC	1
137	136	4	TTGAGCGTATCTTCAACATTCCCG	1
138	137	3	TGAGCGTATCTTCAACATTCCCGA	1
139	138	3	GAGCGTATCTTCAACATTCCCGAG	1
140	139	3	AGCGTATCTTCAACATTCCCGAGG	1
141	140	3	GCGTATCTTCAACATTCCCGAGGA	1
142	141	3	CGTATCTTCAACATTCCCGAGGAC	1
143	142	3	GTATCTTCAACATTCCCGAGGACT	1
144	143	3	TATCTTCAACATTCCCGAGGACTA	1
145	144	3	ATCTTCAACATTCCCGAGGACTAC	1
146	145	3	TCTTCAACATTCCCGAGGACTACA	1
147	146	3	CTTCAACATTCCCGAGGACTACAC	1
148	147	3	TTCAACATTCCCGAGGACTACACT	1
149	148	3	TCAACATTCCCGAGGACTACACTC	1
150	149	3	CAACATTCCCGAGGACTACACTCC	1
151	150	3	AACATTCCCGAGGACTACACTCCT	1
152	151	3	ACATTCCCGAGGACTACACTCCTC	1
153	152	3	CATTCCCGAGGACTACACTCCTCC	1
154	153	3	ATTCCCGAGGACTACACTCCTCCT	1
155	154	3	TTCCCGAGGACTACACTCCTCCTC	1
156	155	3	TCCCGAGGACTACACTCCTCCTCC	1
157	156	3	CCCGAGGACTACACTCCTCCTCCC	1
158	157	3	CCGAGGACTACACTCCTCCTCCCT	1
159	158	2	CGAGGACTACACTCCTCCTCCCTA	1
160	159	2	GAGGACTACACTCCTCCTCCCTAC	1
161	160	1	AGGACTACACTCCTCCTCCCTACA	1
162	161	1	GGACTACACTCCTCCTCCCTACAC	1
163	162	1	GACTACACTCCTCCTCCCTACACT	1
164	163	1	ACTACACTCCTCCTCCCTACACTT	1
165	164	1	CTACACTCCTCCTCCCTACACTTT	1
166	165	2	TACACTCCTCCTCCCTACACTTTT	1
167	166	2	ACACTCCTCCTCCCTACACTTTTT	1
168	167	2	CACTCCTCCTCCCTACACTTTTTA	1
169	168	2	ACTCCTCCTCCCTACACTTTTTAA	1
170	169	2	CTCCTCCTCCCTACACTTTTTAAA	1
171	170	2	TCCTCCTCCCTACACTTTTTAAAT	1
172	171	2	CCTCCTCCCTACACTTTTTAAATT	1
173	172	2	CTCCTCCCTACACTTTTTAAATTT	1
174	173	2	TCCTCCCTACACTTTTTAAATTTT	1
175	174	2	CCTCCCTACACTTTTTAAATTTTT	1
176	175	2	CTCCCTACACTTTTTAAATTTTTA	1
177	176	2	TCCCTACACTTTTTAAATTTTTAC	1
178	177	2	CCCTACACTTTTTAAATTTTTACG	1
179	178	2	CCTACACTTTTTAAATTTTTACGG	1
180	179	1	CTACACTTTTTAAATTTTTACGGG	1
181	180	1	TACACTTTTTAAATTTTTACGGGA	1
182	181	1	ACACTTTTTAAATTTTTACGGGAT	1
183	182	1	CACTTTTTAAATTTTTACGGGATA	1
184	183	1	ACTTTTTAAATTTTTACGGGATAA	1
185	184	1	CTTTTTAAATTTTTACGGGATAAT	1
186	185	1	TTTTTAAATTTTTACGGGATAATT	1
187	186	1	TTTTAAATTTTTACGGGATAATTG	1
188	187	1	TTTAAATTTTTACGGGATAATTGT	1
189	188	1	TTAAATTTTTACGGGATAATTGTC	1
190	189	1	TAAATTTTTACGGGATAATTGTCT	1
191	190	1	AAATTTTTACGGGATAATTGTCTT	1
192	191	1	AATTTTTACGGGATAATTGTCTTC	1
193	192	1	ATTTTTACGGGATAATTGTCTTCT	1
194	193	1	TTTTTACGGGATAATTGTCTTCTT	1
195	194	1	TTTTACGGGATAATTGTCTTCTTT	1
196	195	1	TTTACGGGATAATTGTCTTCTTTA	1
197	196	1	TTACGGGATAATTGTCTTCTTTAC	1
198	197	1	TACGGGATAATTGTCTTCTTTACA	1
199	198	1	ACGGGATAATTGTCTTCTTTACAT	1
200	199	1	CGGGATAATTGTCTTCTTTACATG	1
201	200	1	GGGATAATTGTCTTCTTTACATGA	1
202	201	1	GGATAATTGTCTTCTTTACATGAA	1
203	202	1	GATAATTGTCTTCTTTACATGAAT	1
204	203	1	ATAATTGTCTTCTTTACATGAATT	1
205	204	1	TAATTGTCTTCTTTACATGAATTT	1
206	205	1	AATTGTCTTCTTTACATGAATTTG	1
207	206	1	ATTGTCTTCTTTACATGAATTTGC	1
208	207	1	TTGTCTTCTTTACATGAATTTGCG	1
209	208	1	TGTCTTCTTTACATGAATTTGCGT	1
