Component 93
1	-1	0	GGTAGGACTACGCGCTGAACTTAA	1
2	1	1	GTAGGACTACGCGCTGAACTTAAG	1
3	2	1	TAGGACTACGCGCTGAACTTAAGC	1
4	3	2	AGGACTACGCGCTGAACTTAAGCA	1
5	4	2	GGACTACGCGCTGAACTTAAGCAT	1
6	5	5	GACTACGCGCTGAACTTAAGCATA	1
7	6	5	ACTACGCGCTGAACTTAAGCATAT	1
8	7	6	CTACGCGCTGAACTTAAGCATATC	1
9	8	6	TACGCGCTGAACTTAAGCATATCA	1
10	9	8	ACGCGCTGAACTTAAGCATATCAA	1
11	10	8	CGCGCTGAACTTAAGCATATCAAT	1
12	11	8	GCGCTGAACTTAAGCATATCAATA	1
13	12	10	CGCTGAACTTAAGCATATCAATAA	1
14	13	14	GCTGAACTTAAGCATATCAATAAG	1
15	14	24	CTGAACTTAAGCATATCAATAAGC	1
16	15	25	TGAACTTAAGCATATCAATAAGCG	1
17	16	26	GAACTTAAGCATATCAATAAGCGC	1
18	17	26	AACTTAAGCATATCAATAAGCGCA	1
19	18	26	ACTTAAGCATATCAATAAGCGCAG	1
20	19	25	CTTAAGCATATCAATAAGCGCAGG	1
21	20	25	TTAAGCATATCAATAAGCGCAGGA	1
22	21	25	TAAGCATATCAATAAGCGCAGGAA	1
23	22	25	AAGCATATCAATAAGCGCAGGAAA	1
24	23	25	AGCATATCAATAAGCGCAGGAAAA	1
25	24	25	GCATATCAATAAGCGCAGGAAAAG	1
26	25	25	CATATCAATAAGCGCAGGAAAAGA	1
27	26	25	ATATCAATAAGCGCAGGAAAAGAA	1
28	27	25	TATCAATAAGCGCAGGAAAAGAAA	1
29	28	25	ATCAATAAGCGCAGGAAAAGAAAA	1
30	29	25	TCAATAAGCGCAGGAAAAGAAAAT	1
31	30	25	CAATAAGCGCAGGAAAAGAAAATA	1
32	31	25	AATAAGCGCAGGAAAAGAAAATAA	1
33	32	25	ATAAGCGCAGGAAAAGAAAATAAC	1
34	33	25	TAAGCGCAGGAAAAGAAAATAACC	1
35	34	25	AAGCGCAGGAAAAGAAAATAACCA	1
36	35	25	AGCGCAGGAAAAGAAAATAACCAT	1
37	36	25	GCGCAGGAAAAGAAAATAACCATG	1
38	37	25	CGCAGGAAAAGAAAATAACCATGA	1
39	38	25	GCAGGAAAAGAAAATAACCATGAT	1
40	39	25	CAGGAAAAGAAAATAACCATGATT	1
41	40	25	AGGAAAAGAAAATAACCATGATTC	1
42	41	26	GGAAAAGAAAATAACCATGATTCC	1
43	42	26	GAAAAGAAAATAACCATGATTCCC	1
44	43	26	AAAAGAAAATAACCATGATTCCCT	1
45	44	26	AAAGAAAATAACCATGATTCCCTC	1
46	45	25	AAGAAAATAACCATGATTCCCTCA	1
47	46	25	AGAAAATAACCATGATTCCCTCAG	1
48	47	24	GAAAATAACCATGATTCCCTCAGT	1
49	48	24	AAAATAACCATGATTCCCTCAGTA	1
50	49	23	AAATAACCATGATTCCCTCAGTAA	1
51	50	23	AATAACCATGATTCCCTCAGTAAC	1
52	51	22	ATAACCATGATTCCCTCAGTAACG	1
53	52	22	TAACCATGATTCCCTCAGTAACGG	1
54	53	20	AACCATGATTCCCTCAGTAACGGC	1
55	54	20	ACCATGATTCCCTCAGTAACGGCG	1
56	55	20	CCATGATTCCCTCAGTAACGGCGA	1
57	56	19	CATGATTCCCTCAGTAACGGCGAG	1
58	57	11	ATGATTCCCTCAGTAACGGCGAGT	1
59	58	4	TGATTCCCTCAGTAACGGCGAGTG	1
60	59	3	GATTCCCTCAGTAACGGCGAGTGA	1
61	60	3	ATTCCCTCAGTAACGGCGAGTGAA	1
62	61	3	TTCCCTCAGTAACGGCGAGTGAAG	1
63	62	3	TCCCTCAGTAACGGCGAGTGAAGC	1
64	63	3	CCCTCAGTAACGGCGAGTGAAGCG	1
65	64	3	CCTCAGTAACGGCGAGTGAAGCGG	1
66	65	3	CTCAGTAACGGCGAGTGAAGCGGG	1
67	66	3	TCAGTAACGGCGAGTGAAGCGGGA	1
68	67	3	CAGTAACGGCGAGTGAAGCGGGAA	1
69	68	3	AGTAACGGCGAGTGAAGCGGGAAA	1
70	69	3	GTAACGGCGAGTGAAGCGGGAAAA	1
71	70	3	TAACGGCGAGTGAAGCGGGAAAAG	1
72	71	3	AACGGCGAGTGAAGCGGGAAAAGC	1
73	72	3	ACGGCGAGTGAAGCGGGAAAAGCT	1
74	73	3	CGGCGAGTGAAGCGGGAAAAGCTC	1
75	74	4	GGCGAGTGAAGCGGGAAAAGCTCA	1
76	75	4	GCGAGTGAAGCGGGAAAAGCTCAA	1
77	76	4	CGAGTGAAGCGGGAAAAGCTCAAA	1
78	77	4	GAGTGAAGCGGGAAAAGCTCAAAT	1
79	78	4	AGTGAAGCGGGAAAAGCTCAAATT	1
80	79	4	GTGAAGCGGGAAAAGCTCAAATTT	1
81	80	4	TGAAGCGGGAAAAGCTCAAATTTG	1
82	81	4	GAAGCGGGAAAAGCTCAAATTTGA	1
83	82	4	AAGCGGGAAAAGCTCAAATTTGAA	1
84	83	4	AGCGGGAAAAGCTCAAATTTGAAA	1
85	84	4	GCGGGAAAAGCTCAAATTTGAAAT	1
86	85	4	CGGGAAAAGCTCAAATTTGAAATC	1
87	86	4	GGGAAAAGCTCAAATTTGAAATCT	1
88	87	4	GGAAAAGCTCAAATTTGAAATCTG	1
89	88	4	GAAAAGCTCAAATTTGAAATCTGG	1
90	89	4	AAAAGCTCAAATTTGAAATCTGGC	1
91	90	4	AAAGCTCAAATTTGAAATCTGGCA	1
92	91	3	AAGCTCAAATTTGAAATCTGGCAA	1
93	92	3	AGCTCAAATTTGAAATCTGGCAAC	1
94	93	1	GCTCAAATTTGAAATCTGGCAACA	1
95	94	1	CTCAAATTTGAAATCTGGCAACAT	1
96	95	1	TCAAATTTGAAATCTGGCAACATT	1
97	96	1	CAAATTTGAAATCTGGCAACATTT	1
98	97	2	AAATTTGAAATCTGGCAACATTTC	1
99	98	2	AATTTGAAATCTGGCAACATTTCT	1
100	99	2	ATTTGAAATCTGGCAACATTTCTT	1
101	100	2	TTTGAAATCTGGCAACATTTCTTT	1
102	101	2	TTGAAATCTGGCAACATTTCTTTT	1
103	102	2	TGAAATCTGGCAACATTTCTTTTG	1
104	103	2	GAAATCTGGCAACATTTCTTTTGT	1
105	104	2	AAATCTGGCAACATTTCTTTTGTT	1
106	105	2	AATCTGGCAACATTTCTTTTGTTG	1
107	106	2	ATCTGGCAACATTTCTTTTGTTGT	1
108	107	2	TCTGGCAACATTTCTTTTGTTGTC	1
109	108	2	CTGGCAACATTTCTTTTGTTGTCC	1
110	109	2	TGGCAACATTTCTTTTGTTGTCCG	1
111	110	2	GGCAACATTTCTTTTGTTGTCCGA	1
112	111	2	GCAACATTTCTTTTGTTGTCCGAG	1
113	112	2	CAACATTTCTTTTGTTGTCCGAGT	1
114	113	2	AACATTTCTTTTGTTGTCCGAGTT	1
115	114	2	ACATTTCTTTTGTTGTCCGAGTTG	1
116	115	2	CATTTCTTTTGTTGTCCGAGTTGT	1
117	116	2	ATTTCTTTTGTTGTCCGAGTTGTA	1
118	117	3	TTTCTTTTGTTGTCCGAGTTGTAA	1
119	118	2	TTCTTTTGTTGTCCGAGTTGTAAT	1
120	119	2	TCTTTTGTTGTCCGAGTTGTAATT	1
121	120	2	CTTTTGTTGTCCGAGTTGTAATTT	1
122	121	2	TTTTGTTGTCCGAGTTGTAATTTC	1
123	122	2	TTTGTTGTCCGAGTTGTAATTTCA	1
124	123	2	TTGTTGTCCGAGTTGTAATTTCAA	1
125	124	2	TGTTGTCCGAGTTGTAATTTCAAG	1
126	125	2	GTTGTCCGAGTTGTAATTTCAAGA	1
127	126	2	TTGTCCGAGTTGTAATTTCAAGAA	1
128	127	2	TGTCCGAGTTGTAATTTCAAGAAG	1
129	128	2	GTCCGAGTTGTAATTTCAAGAAGC	1
130	129	2	TCCGAGTTGTAATTTCAAGAAGCT	1
131	130	2	CCGAGTTGTAATTTCAAGAAGCTG	1
132	131	2	CGAGTTGTAATTTCAAGAAGCTGC	1
133	132	2	GAGTTGTAATTTCAAGAAGCTGCT	1
134	133	2	AGTTGTAATTTCAAGAAGCTGCTT	1
135	134	2	GTTGTAATTTCAAGAAGCTGCTTT	1
136	135	2	TTGTAATTTCAAGAAGCTGCTTTG	1
137	136	2	TGTAATTTCAAGAAGCTGCTTTGA	1
138	137	2	GTAATTTCAAGAAGCTGCTTTGAG	1
139	138	3	TAATTTCAAGAAGCTGCTTTGAGT	1
140	139	3	AATTTCAAGAAGCTGCTTTGAGTG	1
141	140	3	ATTTCAAGAAGCTGCTTTGAGTGT	1
142	141	2	TTTCAAGAAGCTGCTTTGAGTGTA	1
143	142	3	TTCAAGAAGCTGCTTTGAGTGTAG	1
144	143	3	TCAAGAAGCTGCTTTGAGTGTAGA	1
145	144	3	CAAGAAGCTGCTTTGAGTGTAGAC	1
146	145	3	AAGAAGCTGCTTTGAGTGTAGACG	1
147	146	3	AGAAGCTGCTTTGAGTGTAGACGA	1
148	147	3	GAAGCTGCTTTGAGTGTAGACGAT	1
149	148	3	AAGCTGCTTTGAGTGTAGACGATC	1
150	149	3	AGCTGCTTTGAGTGTAGACGATCG	1
151	150	3	GCTGCTTTGAGTGTAGACGATCGG	1
152	151	4	CTGCTTTGAGTGTAGACGATCGGT	1
153	152	4	TGCTTTGAGTGTAGACGATCGGTC	1
154	153	4	GCTTTGAGTGTAGACGATCGGTCT	1
155	154	4	CTTTGAGTGTAGACGATCGGTCTA	1
156	155	4	TTTGAGTGTAGACGATCGGTCTAA	1
157	156	4	TTGAGTGTAGACGATCGGTCTAAG	1
158	157	4	TGAGTGTAGACGATCGGTCTAAGT	1
159	158	4	GAGTGTAGACGATCGGTCTAAGTT	1
160	159	4	AGTGTAGACGATCGGTCTAAGTTC	1
161	160	4	GTGTAGACGATCGGTCTAAGTTCC	1
162	161	3	TGTAGACGATCGGTCTAAGTTCCT	1
163	162	3	GTAGACGATCGGTCTAAGTTCCTT	1
164	163	3	TAGACGATCGGTCTAAGTTCCTTG	1
165	164	3	AGACGATCGGTCTAAGTTCCTTGG	1
166	165	5	GACGATCGGTCTAAGTTCCTTGGA	1
167	166	5	ACGATCGGTCTAAGTTCCTTGGAA	1
168	167	5	CGATCGGTCTAAGTTCCTTGGAAC	1
169	168	6	GATCGGTCTAAGTTCCTTGGAACA	1
170	169	7	ATCGGTCTAAGTTCCTTGGAACAG	1
171	170	7	TCGGTCTAAGTTCCTTGGAACAGG	1
172	171	8	CGGTCTAAGTTCCTTGGAACAGGA	1
173	172	8	GGTCTAAGTTCCTTGGAACAGGAC	1
174	173	8	GTCTAAGTTCCTTGGAACAGGACG	1
175	174	8	TCTAAGTTCCTTGGAACAGGACGT	1
176	175	8	CTAAGTTCCTTGGAACAGGACGTC	1
177	176	8	TAAGTTCCTTGGAACAGGACGTCA	1
178	177	8	AAGTTCCTTGGAACAGGACGTCAG	1
179	178	8	AGTTCCTTGGAACAGGACGTCAGA	1
180	179	8	GTTCCTTGGAACAGGACGTCAGAG	1
181	180	9	TTCCTTGGAACAGGACGTCAGAGA	1
182	181	9	TCCTTGGAACAGGACGTCAGAGAG	1
183	182	8	CCTTGGAACAGGACGTCAGAGAGG	1
184	183	8	CTTGGAACAGGACGTCAGAGAGGG	1
185	184	9	TTGGAACAGGACGTCAGAGAGGGT	1
186	185	9	TGGAACAGGACGTCAGAGAGGGTG	1
187	186	8	GGAACAGGACGTCAGAGAGGGTGA	1
188	187	9	GAACAGGACGTCAGAGAGGGTGAG	1
189	188	9	AACAGGACGTCAGAGAGGGTGAGA	1
190	189	9	ACAGGACGTCAGAGAGGGTGAGAA	1
191	190	9	CAGGACGTCAGAGAGGGTGAGAAC	1
192	191	9	AGGACGTCAGAGAGGGTGAGAACC	1
193	192	9	GGACGTCAGAGAGGGTGAGAACCC	1
194	193	9	GACGTCAGAGAGGGTGAGAACCCC	1
195	194	9	ACGTCAGAGAGGGTGAGAACCCCG	1
196	195	8	CGTCAGAGAGGGTGAGAACCCCGT	1
197	196	8	GTCAGAGAGGGTGAGAACCCCGTC	1
198	197	8	TCAGAGAGGGTGAGAACCCCGTCT	1
199	198	9	CAGAGAGGGTGAGAACCCCGTCTT	1
200	199	9	AGAGAGGGTGAGAACCCCGTCTTT	1
201	200	9	GAGAGGGTGAGAACCCCGTCTTTG	1
202	201	9	AGAGGGTGAGAACCCCGTCTTTGG	1
203	202	8	GAGGGTGAGAACCCCGTCTTTGGT	1
204	203	8	AGGGTGAGAACCCCGTCTTTGGTC	1
205	204	8	GGGTGAGAACCCCGTCTTTGGTCG	1
206	205	8	GGTGAGAACCCCGTCTTTGGTCGA	1
207	206	8	GTGAGAACCCCGTCTTTGGTCGAT	1
208	207	8	TGAGAACCCCGTCTTTGGTCGATT	1
209	208	9	GAGAACCCCGTCTTTGGTCGATTG	1
210	209	7	AGAACCCCGTCTTTGGTCGATTGG	1
211	210	7	GAACCCCGTCTTTGGTCGATTGGA	1
212	211	7	AACCCCGTCTTTGGTCGATTGGAT	1
213	212	6	ACCCCGTCTTTGGTCGATTGGATA	1
214	213	5	CCCCGTCTTTGGTCGATTGGATAT	1
215	214	5	CCCGTCTTTGGTCGATTGGATATG	1
216	215	5	CCGTCTTTGGTCGATTGGATATGC	1
217	216	6	CGTCTTTGGTCGATTGGATATGCC	1
218	217	7	GTCTTTGGTCGATTGGATATGCCA	1
219	218	7	TCTTTGGTCGATTGGATATGCCAT	1
220	219	7	CTTTGGTCGATTGGATATGCCATA	1
221	220	7	TTTGGTCGATTGGATATGCCATAT	1
222	221	7	TTGGTCGATTGGATATGCCATATA	1
223	222	7	TGGTCGATTGGATATGCCATATAA	1
224	223	7	GGTCGATTGGATATGCCATATAAA	1
225	224	6	GTCGATTGGATATGCCATATAAAG	1
226	225	6	TCGATTGGATATGCCATATAAAGC	1
227	226	10	CGATTGGATATGCCATATAAAGCG	1
228	227	12	GATTGGATATGCCATATAAAGCGC	1
229	228	11	ATTGGATATGCCATATAAAGCGCT	1
230	229	12	TTGGATATGCCATATAAAGCGCTT	1
231	230	12	TGGATATGCCATATAAAGCGCTTT	1
232	231	11	GGATATGCCATATAAAGCGCTTTC	1
233	232	11	GATATGCCATATAAAGCGCTTTCG	1
234	233	11	ATATGCCATATAAAGCGCTTTCGA	1
235	234	11	TATGCCATATAAAGCGCTTTCGAA	1
236	235	11	ATGCCATATAAAGCGCTTTCGAAG	1
237	236	11	TGCCATATAAAGCGCTTTCGAAGA	1
238	237	11	GCCATATAAAGCGCTTTCGAAGAG	1
239	238	11	CCATATAAAGCGCTTTCGAAGAGT	1
240	239	11	CATATAAAGCGCTTTCGAAGAGTC	1
241	240	11	ATATAAAGCGCTTTCGAAGAGTCG	1
242	241	11	TATAAAGCGCTTTCGAAGAGTCGA	1
243	242	10	ATAAAGCGCTTTCGAAGAGTCGAG	1
244	243	10	TAAAGCGCTTTCGAAGAGTCGAGT	1
245	244	10	AAAGCGCTTTCGAAGAGTCGAGTT	1
246	245	11	AAGCGCTTTCGAAGAGTCGAGTTG	1
247	246	11	AGCGCTTTCGAAGAGTCGAGTTGT	1
248	247	12	GCGCTTTCGAAGAGTCGAGTTGTT	1
249	248	14	CGCTTTCGAAGAGTCGAGTTGTTT	1
250	249	14	GCTTTCGAAGAGTCGAGTTGTTTG	1
251	250	14	CTTTCGAAGAGTCGAGTTGTTTGG	1
252	251	14	TTTCGAAGAGTCGAGTTGTTTGGG	1
253	252	13	TTCGAAGAGTCGAGTTGTTTGGGA	1
254	253	13	TCGAAGAGTCGAGTTGTTTGGGAA	1
255	254	13	CGAAGAGTCGAGTTGTTTGGGAAT	1
256	255	13	GAAGAGTCGAGTTGTTTGGGAATG	1
257	256	13	AAGAGTCGAGTTGTTTGGGAATGC	1
258	257	14	AGAGTCGAGTTGTTTGGGAATGCA	1
259	258	15	GAGTCGAGTTGTTTGGGAATGCAG	1
260	259	15	AGTCGAGTTGTTTGGGAATGCAGC	1
261	260	17	GTCGAGTTGTTTGGGAATGCAGCT	1
262	261	16	TCGAGTTGTTTGGGAATGCAGCTC	1
263	262	16	CGAGTTGTTTGGGAATGCAGCTCT	1
264	263	17	GAGTTGTTTGGGAATGCAGCTCTA	1
265	264	17	AGTTGTTTGGGAATGCAGCTCTAA	1
266	265	17	GTTGTTTGGGAATGCAGCTCTAAA	1
267	266	18	TTGTTTGGGAATGCAGCTCTAAAT	1
268	267	18	TGTTTGGGAATGCAGCTCTAAATG	1
269	268	19	GTTTGGGAATGCAGCTCTAAATGG	1
270	269	18	TTTGGGAATGCAGCTCTAAATGGG	1
271	270	13	TTGGGAATGCAGCTCTAAATGGGT	1
272	271	12	TGGGAATGCAGCTCTAAATGGGTG	1
273	272	12	GGGAATGCAGCTCTAAATGGGTGG	1
274	273	12	GGAATGCAGCTCTAAATGGGTGGT	1
275	274	12	GAATGCAGCTCTAAATGGGTGGTA	1
276	275	12	AATGCAGCTCTAAATGGGTGGTAA	1
277	276	12	ATGCAGCTCTAAATGGGTGGTAAA	1
278	277	12	TGCAGCTCTAAATGGGTGGTAAAT	1
279	278	14	GCAGCTCTAAATGGGTGGTAAATT	1
280	279	15	CAGCTCTAAATGGGTGGTAAATTT	1
281	280	15	AGCTCTAAATGGGTGGTAAATTTC	1
282	281	15	GCTCTAAATGGGTGGTAAATTTCA	1
283	282	16	CTCTAAATGGGTGGTAAATTTCAT	1
284	283	16	TCTAAATGGGTGGTAAATTTCATC	1
285	284	16	CTAAATGGGTGGTAAATTTCATCT	1
286	285	18	TAAATGGGTGGTAAATTTCATCTA	1
287	286	18	AAATGGGTGGTAAATTTCATCTAA	1
288	287	19	AATGGGTGGTAAATTTCATCTAAA	1
289	288	20	ATGGGTGGTAAATTTCATCTAAAG	1
290	289	19	TGGGTGGTAAATTTCATCTAAAGC	1
291	290	19	GGGTGGTAAATTTCATCTAAAGCT	1
292	291	18	GGTGGTAAATTTCATCTAAAGCTA	1
293	292	17	GTGGTAAATTTCATCTAAAGCTAA	1
294	293	17	TGGTAAATTTCATCTAAAGCTAAA	1
295	294	17	GGTAAATTTCATCTAAAGCTAAAT	1
296	295	18	GTAAATTTCATCTAAAGCTAAATA	1
297	296	18	TAAATTTCATCTAAAGCTAAATAT	1
298	297	18	AAATTTCATCTAAAGCTAAATATT	1
299	298	18	AATTTCATCTAAAGCTAAATATTG	1
300	299	18	ATTTCATCTAAAGCTAAATATTGG	1
301	300	18	TTTCATCTAAAGCTAAATATTGGC	1
302	301	16	TTCATCTAAAGCTAAATATTGGCG	1
303	302	16	TCATCTAAAGCTAAATATTGGCGA	1
304	303	16	CATCTAAAGCTAAATATTGGCGAG	1
305	304	14	ATCTAAAGCTAAATATTGGCGAGA	1
306	305	14	TCTAAAGCTAAATATTGGCGAGAG	1
307	306	14	CTAAAGCTAAATATTGGCGAGAGA	1
308	307	13	TAAAGCTAAATATTGGCGAGAGAC	1
309	308	13	AAAGCTAAATATTGGCGAGAGACC	1
310	309	13	AAGCTAAATATTGGCGAGAGACCG	1
311	310	12	AGCTAAATATTGGCGAGAGACCGA	1
312	311	12	GCTAAATATTGGCGAGAGACCGAT	1
313	312	12	CTAAATATTGGCGAGAGACCGATA	1
314	313	13	TAAATATTGGCGAGAGACCGATAG	1
315	314	13	AAATATTGGCGAGAGACCGATAGC	1
316	315	14	AATATTGGCGAGAGACCGATAGCG	1
317	316	14	ATATTGGCGAGAGACCGATAGCGA	1
318	317	13	TATTGGCGAGAGACCGATAGCGAA	1
319	318	13	ATTGGCGAGAGACCGATAGCGAAC	1
320	319	13	TTGGCGAGAGACCGATAGCGAACA	1
321	320	13	TGGCGAGAGACCGATAGCGAACAA	1
322	321	13	GGCGAGAGACCGATAGCGAACAAG	1
323	322	10	GCGAGAGACCGATAGCGAACAAGT	1
324	323	12	CGAGAGACCGATAGCGAACAAGTA	1
325	324	13	GAGAGACCGATAGCGAACAAGTAG	1
326	325	15	AGAGACCGATAGCGAACAAGTAGA	1
327	326	14	GAGACCGATAGCGAACAAGTAGAG	1
328	327	14	AGACCGATAGCGAACAAGTAGAGT	1
329	328	16	GACCGATAGCGAACAAGTAGAGTG	1
330	329	14	ACCGATAGCGAACAAGTAGAGTGA	1
331	330	14	CCGATAGCGAACAAGTAGAGTGAT	1
332	331	18	CGATAGCGAACAAGTAGAGTGATC	1
333	332	18	GATAGCGAACAAGTAGAGTGATCG	1
334	333	21	ATAGCGAACAAGTAGAGTGATCGA	1
335	334	21	TAGCGAACAAGTAGAGTGATCGAA	1
336	335	21	AGCGAACAAGTAGAGTGATCGAAA	1
337	336	21	GCGAACAAGTAGAGTGATCGAAAG	1
338	337	21	CGAACAAGTAGAGTGATCGAAAGA	1
339	338	21	GAACAAGTAGAGTGATCGAAAGAT	1
340	339	21	AACAAGTAGAGTGATCGAAAGATG	1
341	340	22	ACAAGTAGAGTGATCGAAAGATGA	1
342	341	22	CAAGTAGAGTGATCGAAAGATGAA	1
343	342	22	AAGTAGAGTGATCGAAAGATGAAA	1
344	343	22	AGTAGAGTGATCGAAAGATGAAAA	1
345	344	22	GTAGAGTGATCGAAAGATGAAAAG	1
346	345	23	TAGAGTGATCGAAAGATGAAAAGA	1
347	346	23	AGAGTGATCGAAAGATGAAAAGAA	1
348	347	24	GAGTGATCGAAAGATGAAAAGAAC	1
349	348	24	AGTGATCGAAAGATGAAAAGAACT	1
350	349	24	GTGATCGAAAGATGAAAAGAACTT	1
351	350	24	TGATCGAAAGATGAAAAGAACTTT	1
352	351	24	GATCGAAAGATGAAAAGAACTTTG	1
353	352	24	ATCGAAAGATGAAAAGAACTTTGA	1
354	353	24	TCGAAAGATGAAAAGAACTTTGAA	1
355	354	24	CGAAAGATGAAAAGAACTTTGAAA	1
356	355	24	GAAAGATGAAAAGAACTTTGAAAA	1
357	356	23	AAAGATGAAAAGAACTTTGAAAAG	1
358	357	22	AAGATGAAAAGAACTTTGAAAAGA	1
359	358	22	AGATGAAAAGAACTTTGAAAAGAG	1
360	359	21	GATGAAAAGAACTTTGAAAAGAGA	1
361	360	21	ATGAAAAGAACTTTGAAAAGAGAG	1
362	361	21	TGAAAAGAACTTTGAAAAGAGAGT	1
363	362	21	GAAAAGAACTTTGAAAAGAGAGTT	1
364	363	21	AAAAGAACTTTGAAAAGAGAGTTA	1
365	364	21	AAAGAACTTTGAAAAGAGAGTTAA	1
366	365	21	AAGAACTTTGAAAAGAGAGTTAAA	1
367	366	21	AGAACTTTGAAAAGAGAGTTAAAT	1
368	367	19	GAACTTTGAAAAGAGAGTTAAATA	1
369	368	18	AACTTTGAAAAGAGAGTTAAATAG	1
370	369	16	ACTTTGAAAAGAGAGTTAAATAGT	1
371	370	16	CTTTGAAAAGAGAGTTAAATAGTA	1
372	371	16	TTTGAAAAGAGAGTTAAATAGTAC	1
373	372	14	TTGAAAAGAGAGTTAAATAGTACG	1
374	373	14	TGAAAAGAGAGTTAAATAGTACGT	1
375	374	14	GAAAAGAGAGTTAAATAGTACGTG	1
376	375	9	AAAAGAGAGTTAAATAGTACGTGA	1
377	376	9	AAAGAGAGTTAAATAGTACGTGAA	1
378	377	6	AAGAGAGTTAAATAGTACGTGAAA	1
379	378	6	AGAGAGTTAAATAGTACGTGAAAT	1
380	379	6	GAGAGTTAAATAGTACGTGAAATT	1
381	380	5	AGAGTTAAATAGTACGTGAAATTG	1
382	381	5	GAGTTAAATAGTACGTGAAATTGC	1
383	382	5	AGTTAAATAGTACGTGAAATTGCT	1
384	383	4	GTTAAATAGTACGTGAAATTGCTG	1
385	384	3	TTAAATAGTACGTGAAATTGCTGA	1
386	385	3	TAAATAGTACGTGAAATTGCTGAA	1
387	386	3	AAATAGTACGTGAAATTGCTGAAA	1
388	387	3	AATAGTACGTGAAATTGCTGAAAG	1
389	388	3	ATAGTACGTGAAATTGCTGAAAGG	1
390	389	2	TAGTACGTGAAATTGCTGAAAGGG	1
391	390	2	AGTACGTGAAATTGCTGAAAGGGA	1
392	391	1	GTACGTGAAATTGCTGAAAGGGAG	1
393	-1	0	GGTGAGATCAGTAGTCTCTTCGCG	1
394	393	1	GTGAGATCAGTAGTCTCTTCGCGA	1
395	394	6	TGAGATCAGTAGTCTCTTCGCGAG	1
396	395	7	GAGATCAGTAGTCTCTTCGCGAGA	1
397	396	7	AGATCAGTAGTCTCTTCGCGAGAC	1
398	397	7	GATCAGTAGTCTCTTCGCGAGACT	1
399	398	7	ATCAGTAGTCTCTTCGCGAGACTA	1
400	399	7	TCAGTAGTCTCTTCGCGAGACTAT	1
401	400	8	CAGTAGTCTCTTCGCGAGACTATG	1
402	401	8	AGTAGTCTCTTCGCGAGACTATGC	1
403	402	8	GTAGTCTCTTCGCGAGACTATGCA	1
404	403	8	TAGTCTCTTCGCGAGACTATGCAC	1
405	404	8	AGTCTCTTCGCGAGACTATGCACT	1
406	405	8	GTCTCTTCGCGAGACTATGCACTC	1
407	406	8	TCTCTTCGCGAGACTATGCACTCT	1
408	407	9	CTCTTCGCGAGACTATGCACTCTG	1
409	408	9	TCTTCGCGAGACTATGCACTCTGA	1
410	409	9	CTTCGCGAGACTATGCACTCTGAA	1
411	410	10	TTCGCGAGACTATGCACTCTGAAC	1
412	411	10	TCGCGAGACTATGCACTCTGAACC	1
413	412	10	CGCGAGACTATGCACTCTGAACCT	1
414	413	10	GCGAGACTATGCACTCTGAACCTG	1
415	414	11	CGAGACTATGCACTCTGAACCTGT	1
416	415	12	GAGACTATGCACTCTGAACCTGTG	1
417	416	12	AGACTATGCACTCTGAACCTGTGG	1
418	417	12	GACTATGCACTCTGAACCTGTGGT	1
419	418	13	ACTATGCACTCTGAACCTGTGGTA	1
420	419	13	CTATGCACTCTGAACCTGTGGTAG	1
421	420	13	TATGCACTCTGAACCTGTGGTAGG	1
422	421	13	ATGCACTCTGAACCTGTGGTAGGT	1
423	422	14	TGCACTCTGAACCTGTGGTAGGTC	1
424	423	14	GCACTCTGAACCTGTGGTAGGTCA	1
425	424	14	CACTCTGAACCTGTGGTAGGTCAG	1
426	425	14	ACTCTGAACCTGTGGTAGGTCAGC	1
427	426	14	CTCTGAACCTGTGGTAGGTCAGCA	1
428	427	14	TCTGAACCTGTGGTAGGTCAGCAT	1
429	428	14	CTGAACCTGTGGTAGGTCAGCATC	1
430	429	14	TGAACCTGTGGTAGGTCAGCATCA	1
431	430	14	GAACCTGTGGTAGGTCAGCATCAG	1
432	431	14	AACCTGTGGTAGGTCAGCATCAGT	1
433	432	14	ACCTGTGGTAGGTCAGCATCAGTT	1
434	433	14	CCTGTGGTAGGTCAGCATCAGTTT	1
435	434	13	CTGTGGTAGGTCAGCATCAGTTTT	1
436	435	13	TGTGGTAGGTCAGCATCAGTTTTC	1
437	436	13	GTGGTAGGTCAGCATCAGTTTTCG	1
438	437	12	TGGTAGGTCAGCATCAGTTTTCGG	1
439	438	7	GGTAGGTCAGCATCAGTTTTCGGG	1
440	439	6	GTAGGTCAGCATCAGTTTTCGGGG	1
441	440	6	TAGGTCAGCATCAGTTTTCGGGGG	1
442	441	6	AGGTCAGCATCAGTTTTCGGGGGC	1
443	442	5	GGTCAGCATCAGTTTTCGGGGGCG	1
444	443	5	GTCAGCATCAGTTTTCGGGGGCGG	1
445	444	4	TCAGCATCAGTTTTCGGGGGCGGA	1
446	445	4	CAGCATCAGTTTTCGGGGGCGGAA	1
447	446	4	AGCATCAGTTTTCGGGGGCGGAAA	1
448	447	4	GCATCAGTTTTCGGGGGCGGAAAA	1
449	448	4	CATCAGTTTTCGGGGGCGGAAAAA	1
450	449	4	ATCAGTTTTCGGGGGCGGAAAAAG	1
451	450	4	TCAGTTTTCGGGGGCGGAAAAAGA	1
452	451	4	CAGTTTTCGGGGGCGGAAAAAGAA	1
453	452	4	AGTTTTCGGGGGCGGAAAAAGAAT	1
454	453	4	GTTTTCGGGGGCGGAAAAAGAATA	1
455	454	3	TTTTCGGGGGCGGAAAAAGAATAA	1
456	455	3	TTTCGGGGGCGGAAAAAGAATAAG	1
457	456	3	TTCGGGGGCGGAAAAAGAATAAGG	1
458	457	3	TCGGGGGCGGAAAAAGAATAAGGG	1
459	458	2	CGGGGGCGGAAAAAGAATAAGGGA	1
460	459	2	GGGGGCGGAAAAAGAATAAGGGAA	1
461	460	2	GGGGCGGAAAAAGAATAAGGGAAG	1
462	461	2	GGGCGGAAAAAGAATAAGGGAAGG	1
463	462	1	GGCGGAAAAAGAATAAGGGAAGGT	1
464	463	1	GCGGAAAAAGAATAAGGGAAGGTG	1
465	464	1	CGGAAAAAGAATAAGGGAAGGTGG	1
466	465	1	GGAAAAAGAATAAGGGAAGGTGGC	1
