Component 96
1	-1	0	TTCAAGTGGCTTGCTCAATACGTC	1
2	1	1	TCAAGTGGCTTGCTCAATACGTCT	1
3	2	1	CAAGTGGCTTGCTCAATACGTCTA	1
4	3	1	AAGTGGCTTGCTCAATACGTCTAA	1
5	4	1	AGTGGCTTGCTCAATACGTCTAAG	1
6	5	1	GTGGCTTGCTCAATACGTCTAAGT	1
7	6	2	TGGCTTGCTCAATACGTCTAAGTT	1
8	7	2	GGCTTGCTCAATACGTCTAAGTTA	1
9	8	2	GCTTGCTCAATACGTCTAAGTTAC	1
10	9	2	CTTGCTCAATACGTCTAAGTTACC	1
11	10	2	TTGCTCAATACGTCTAAGTTACCC	1
12	11	2	TGCTCAATACGTCTAAGTTACCCC	1
13	12	2	GCTCAATACGTCTAAGTTACCCCA	1
14	13	2	CTCAATACGTCTAAGTTACCCCAT	1
15	14	3	TCAATACGTCTAAGTTACCCCATT	1
16	15	3	CAATACGTCTAAGTTACCCCATTG	1
17	16	3	AATACGTCTAAGTTACCCCATTGC	1
18	17	4	ATACGTCTAAGTTACCCCATTGCA	1
19	18	4	TACGTCTAAGTTACCCCATTGCAT	1
20	19	4	ACGTCTAAGTTACCCCATTGCATC	1
21	20	4	CGTCTAAGTTACCCCATTGCATCC	1
22	21	4	GTCTAAGTTACCCCATTGCATCCT	1
23	22	4	TCTAAGTTACCCCATTGCATCCTC	1
24	23	4	CTAAGTTACCCCATTGCATCCTCT	1
25	24	4	TAAGTTACCCCATTGCATCCTCTT	1
26	25	4	AAGTTACCCCATTGCATCCTCTTA	1
27	26	4	AGTTACCCCATTGCATCCTCTTAA	1
28	27	4	GTTACCCCATTGCATCCTCTTAAA	1
29	28	4	TTACCCCATTGCATCCTCTTAAAA	1
30	29	4	TACCCCATTGCATCCTCTTAAAAA	1
31	30	4	ACCCCATTGCATCCTCTTAAAAAC	1
32	31	4	CCCCATTGCATCCTCTTAAAAACC	1
33	32	5	CCCATTGCATCCTCTTAAAAACCT	1
34	33	5	CCATTGCATCCTCTTAAAAACCTT	1
35	34	5	CATTGCATCCTCTTAAAAACCTTT	1
36	35	5	ATTGCATCCTCTTAAAAACCTTTC	1
37	36	5	TTGCATCCTCTTAAAAACCTTTCA	1
38	37	5	TGCATCCTCTTAAAAACCTTTCAC	1
39	38	5	GCATCCTCTTAAAAACCTTTCACT	1
40	39	5	CATCCTCTTAAAAACCTTTCACTT	1
41	40	5	ATCCTCTTAAAAACCTTTCACTTT	1
42	41	5	TCCTCTTAAAAACCTTTCACTTTG	1
43	42	5	CCTCTTAAAAACCTTTCACTTTGA	1
44	43	5	CTCTTAAAAACCTTTCACTTTGAA	1
45	44	4	TCTTAAAAACCTTTCACTTTGAAT	1
46	45	3	CTTAAAAACCTTTCACTTTGAATG	1
47	46	3	TTAAAAACCTTTCACTTTGAATGA	1
48	47	3	TAAAAACCTTTCACTTTGAATGAC	1
49	48	3	AAAAACCTTTCACTTTGAATGACG	1
50	49	3	AAAACCTTTCACTTTGAATGACGC	1
51	50	2	AAACCTTTCACTTTGAATGACGCC	1
52	51	2	AACCTTTCACTTTGAATGACGCCC	1
53	52	2	ACCTTTCACTTTGAATGACGCCCG	1
54	53	2	CCTTTCACTTTGAATGACGCCCGT	1
55	54	2	CTTTCACTTTGAATGACGCCCGTT	1
56	55	2	TTTCACTTTGAATGACGCCCGTTC	1
57	56	2	TTCACTTTGAATGACGCCCGTTCC	1
58	57	2	TCACTTTGAATGACGCCCGTTCCA	1
59	58	2	CACTTTGAATGACGCCCGTTCCAA	1
60	59	2	ACTTTGAATGACGCCCGTTCCAAA	1
61	60	2	CTTTGAATGACGCCCGTTCCAAAT	1
62	61	1	TTTGAATGACGCCCGTTCCAAATT	1
63	62	1	TTGAATGACGCCCGTTCCAAATTT	1
64	63	1	TGAATGACGCCCGTTCCAAATTTC	1
65	64	1	GAATGACGCCCGTTCCAAATTTCC	1
66	65	1	AATGACGCCCGTTCCAAATTTCCC	1
67	66	1	ATGACGCCCGTTCCAAATTTCCCT	1
68	67	1	TGACGCCCGTTCCAAATTTCCCTA	1
69	68	1	GACGCCCGTTCCAAATTTCCCTAA	1
70	69	1	ACGCCCGTTCCAAATTTCCCTAAT	1
71	70	1	CGCCCGTTCCAAATTTCCCTAATT	1
72	71	1	GCCCGTTCCAAATTTCCCTAATTG	1
73	72	2	CCCGTTCCAAATTTCCCTAATTGT	1
74	73	2	CCGTTCCAAATTTCCCTAATTGTT	1
75	74	2	CGTTCCAAATTTCCCTAATTGTTT	1
76	75	2	GTTCCAAATTTCCCTAATTGTTTG	1
77	76	1	TTCCAAATTTCCCTAATTGTTTGC	1
78	77	1	TCCAAATTTCCCTAATTGTTTGCT	1
79	78	1	CCAAATTTCCCTAATTGTTTGCTC	1
80	79	1	CAAATTTCCCTAATTGTTTGCTCA	1
81	80	1	AAATTTCCCTAATTGTTTGCTCAG	1
82	81	1	AATTTCCCTAATTGTTTGCTCAGC	1
83	82	2	ATTTCCCTAATTGTTTGCTCAGCG	1
84	83	2	TTTCCCTAATTGTTTGCTCAGCGC	1
85	84	2	TTCCCTAATTGTTTGCTCAGCGCT	1
86	85	2	TCCCTAATTGTTTGCTCAGCGCTT	1
87	86	2	CCCTAATTGTTTGCTCAGCGCTTA	1
88	87	2	CCTAATTGTTTGCTCAGCGCTTAC	1
89	88	2	CTAATTGTTTGCTCAGCGCTTACA	1
90	89	2	TAATTGTTTGCTCAGCGCTTACAT	1
91	90	2	AATTGTTTGCTCAGCGCTTACATA	1
92	91	2	ATTGTTTGCTCAGCGCTTACATAG	1
93	92	2	TTGTTTGCTCAGCGCTTACATAGA	1
94	93	2	TGTTTGCTCAGCGCTTACATAGAT	1
95	94	2	GTTTGCTCAGCGCTTACATAGATT	1
96	95	2	TTTGCTCAGCGCTTACATAGATTC	1
97	96	2	TTGCTCAGCGCTTACATAGATTCG	1
98	97	2	TGCTCAGCGCTTACATAGATTCGC	1
99	98	2	GCTCAGCGCTTACATAGATTCGCC	1
100	99	2	CTCAGCGCTTACATAGATTCGCCC	1
101	100	2	TCAGCGCTTACATAGATTCGCCCA	1
102	101	2	CAGCGCTTACATAGATTCGCCCAA	1
103	102	2	AGCGCTTACATAGATTCGCCCAAT	1
104	103	2	GCGCTTACATAGATTCGCCCAATT	1
105	104	2	CGCTTACATAGATTCGCCCAATTC	1
106	105	2	GCTTACATAGATTCGCCCAATTCA	1
107	106	2	CTTACATAGATTCGCCCAATTCAG	1
108	107	2	TTACATAGATTCGCCCAATTCAGA	1
109	108	2	TACATAGATTCGCCCAATTCAGAT	1
110	109	2	ACATAGATTCGCCCAATTCAGATT	1
111	110	2	CATAGATTCGCCCAATTCAGATTT	1
112	111	2	ATAGATTCGCCCAATTCAGATTTA	1
113	112	2	TAGATTCGCCCAATTCAGATTTAC	1
114	113	2	AGATTCGCCCAATTCAGATTTACA	1
115	114	2	GATTCGCCCAATTCAGATTTACAA	1
116	115	2	ATTCGCCCAATTCAGATTTACAAA	1
117	116	1	TTCGCCCAATTCAGATTTACAAAC	1
118	117	1	TCGCCCAATTCAGATTTACAAACT	1
119	118	1	CGCCCAATTCAGATTTACAAACTT	1
120	119	1	GCCCAATTCAGATTTACAAACTTG	1
121	120	1	CCCAATTCAGATTTACAAACTTGA	1
122	121	1	CCAATTCAGATTTACAAACTTGAT	1
123	122	2	CAATTCAGATTTACAAACTTGATG	1
124	123	2	AATTCAGATTTACAAACTTGATGA	1
125	124	2	ATTCAGATTTACAAACTTGATGAC	1
126	125	2	TTCAGATTTACAAACTTGATGACA	1
127	126	1	TCAGATTTACAAACTTGATGACAA	1
128	127	1	CAGATTTACAAACTTGATGACAAG	1
129	128	1	AGATTTACAAACTTGATGACAAGT	1
130	129	1	GATTTACAAACTTGATGACAAGTC	1
131	130	1	ATTTACAAACTTGATGACAAGTCT	1
132	131	1	TTTACAAACTTGATGACAAGTCTT	1
133	132	1	TTACAAACTTGATGACAAGTCTTT	1
134	133	1	TACAAACTTGATGACAAGTCTTTT	1
135	134	1	ACAAACTTGATGACAAGTCTTTTT	1
136	135	1	CAAACTTGATGACAAGTCTTTTTT	1
137	136	1	AAACTTGATGACAAGTCTTTTTTG	1
138	137	1	AACTTGATGACAAGTCTTTTTTGT	1
139	138	1	ACTTGATGACAAGTCTTTTTTGTT	1
140	139	1	CTTGATGACAAGTCTTTTTTGTTA	1
141	140	1	TTGATGACAAGTCTTTTTTGTTAT	1
142	141	1	TGATGACAAGTCTTTTTTGTTATA	1
143	142	1	GATGACAAGTCTTTTTTGTTATAT	1
144	143	1	ATGACAAGTCTTTTTTGTTATATG	1
145	144	1	TGACAAGTCTTTTTTGTTATATGA	1
146	145	1	GACAAGTCTTTTTTGTTATATGAT	1
147	146	1	ACAAGTCTTTTTTGTTATATGATA	1
148	147	1	CAAGTCTTTTTTGTTATATGATAT	1
149	148	1	AAGTCTTTTTTGTTATATGATATT	1
150	149	1	AGTCTTTTTTGTTATATGATATTC	1
151	150	1	GTCTTTTTTGTTATATGATATTCG	1
152	151	1	TCTTTTTTGTTATATGATATTCGT	1
153	152	1	CTTTTTTGTTATATGATATTCGTG	1
154	153	1	TTTTTTGTTATATGATATTCGTGC	1
155	154	1	TTTTTGTTATATGATATTCGTGCG	1
156	155	1	TTTTGTTATATGATATTCGTGCGG	1
157	156	1	TTTGTTATATGATATTCGTGCGGT	1
158	157	1	TTGTTATATGATATTCGTGCGGTC	1
159	158	1	TGTTATATGATATTCGTGCGGTCA	1
160	159	1	GTTATATGATATTCGTGCGGTCAA	1
161	160	1	TTATATGATATTCGTGCGGTCAAT	1
162	161	1	TATATGATATTCGTGCGGTCAATT	1
163	162	1	ATATGATATTCGTGCGGTCAATTG	1
164	163	1	TATGATATTCGTGCGGTCAATTGT	1
165	164	1	ATGATATTCGTGCGGTCAATTGTT	1
166	165	1	TGATATTCGTGCGGTCAATTGTTT	1
167	-1	0	TACGGAGCATTTGTCTTTACTGAC	1
168	167	1	ACGGAGCATTTGTCTTTACTGACT	1
169	168	1	CGGAGCATTTGTCTTTACTGACTT	1
170	169	2	GGAGCATTTGTCTTTACTGACTTT	1
171	170	2	GAGCATTTGTCTTTACTGACTTTG	1
172	171	3	AGCATTTGTCTTTACTGACTTTGC	1
173	172	3	GCATTTGTCTTTACTGACTTTGCA	1
174	173	3	CATTTGTCTTTACTGACTTTGCAG	1
175	174	4	ATTTGTCTTTACTGACTTTGCAGT	1
176	175	4	TTTGTCTTTACTGACTTTGCAGTA	1
177	176	4	TTGTCTTTACTGACTTTGCAGTAT	1
178	177	4	TGTCTTTACTGACTTTGCAGTATG	1
179	178	4	GTCTTTACTGACTTTGCAGTATGC	1
180	179	4	TCTTTACTGACTTTGCAGTATGCT	1
181	180	4	CTTTACTGACTTTGCAGTATGCTC	1
182	181	4	TTTACTGACTTTGCAGTATGCTCC	1
183	182	4	TTACTGACTTTGCAGTATGCTCCT	1
184	183	4	TACTGACTTTGCAGTATGCTCCTA	1
185	184	4	ACTGACTTTGCAGTATGCTCCTAT	1
186	185	4	CTGACTTTGCAGTATGCTCCTATG	1
187	186	4	TGACTTTGCAGTATGCTCCTATGC	1
188	187	4	GACTTTGCAGTATGCTCCTATGCT	1
189	188	4	ACTTTGCAGTATGCTCCTATGCTG	1
190	189	4	CTTTGCAGTATGCTCCTATGCTGA	1
191	190	4	TTTGCAGTATGCTCCTATGCTGAT	1
192	191	4	TTGCAGTATGCTCCTATGCTGATA	1
193	192	4	TGCAGTATGCTCCTATGCTGATAA	1
194	193	4	GCAGTATGCTCCTATGCTGATAAC	1
195	194	4	CAGTATGCTCCTATGCTGATAACG	1
196	195	4	AGTATGCTCCTATGCTGATAACGT	1
197	196	4	GTATGCTCCTATGCTGATAACGTA	1
198	197	4	TATGCTCCTATGCTGATAACGTAT	1
199	198	4	ATGCTCCTATGCTGATAACGTATT	1
200	199	4	TGCTCCTATGCTGATAACGTATTG	1
201	200	4	GCTCCTATGCTGATAACGTATTGT	1
202	201	4	CTCCTATGCTGATAACGTATTGTG	1
203	202	4	TCCTATGCTGATAACGTATTGTGT	1
204	203	4	CCTATGCTGATAACGTATTGTGTA	1
205	204	4	CTATGCTGATAACGTATTGTGTAT	1
206	205	4	TATGCTGATAACGTATTGTGTATT	1
207	206	4	ATGCTGATAACGTATTGTGTATTA	1
208	207	4	TGCTGATAACGTATTGTGTATTAT	1
209	208	4	GCTGATAACGTATTGTGTATTATC	1
210	209	4	CTGATAACGTATTGTGTATTATCC	1
211	210	4	TGATAACGTATTGTGTATTATCCG	1
212	211	3	GATAACGTATTGTGTATTATCCGT	1
213	212	3	ATAACGTATTGTGTATTATCCGTT	1
214	213	2	TAACGTATTGTGTATTATCCGTTA	1
215	214	2	AACGTATTGTGTATTATCCGTTAG	1
216	215	1	ACGTATTGTGTATTATCCGTTAGC	1
217	216	1	CGTATTGTGTATTATCCGTTAGCC	1
218	217	1	GTATTGTGTATTATCCGTTAGCCC	1
