Component 97
1	-1	0	GCCAACTCAAGGAATCTGTAAGAA	1
2	1	1	CCAACTCAAGGAATCTGTAAGAAG	1
3	2	1	CAACTCAAGGAATCTGTAAGAAGG	1
4	3	1	AACTCAAGGAATCTGTAAGAAGGG	1
5	4	1	ACTCAAGGAATCTGTAAGAAGGGT	1
6	5	1	CTCAAGGAATCTGTAAGAAGGGTT	1
7	6	2	TCAAGGAATCTGTAAGAAGGGTTT	1
8	7	2	CAAGGAATCTGTAAGAAGGGTTTT	1
9	8	2	AAGGAATCTGTAAGAAGGGTTTTG	1
10	9	2	AGGAATCTGTAAGAAGGGTTTTGT	1
11	10	2	GGAATCTGTAAGAAGGGTTTTGTT	1
12	11	3	GAATCTGTAAGAAGGGTTTTGTTC	1
13	12	3	AATCTGTAAGAAGGGTTTTGTTCT	1
14	13	3	ATCTGTAAGAAGGGTTTTGTTCTC	1
15	14	3	TCTGTAAGAAGGGTTTTGTTCTCG	1
16	15	3	CTGTAAGAAGGGTTTTGTTCTCGG	1
17	16	3	TGTAAGAAGGGTTTTGTTCTCGGT	1
18	17	3	GTAAGAAGGGTTTTGTTCTCGGTG	1
19	18	3	TAAGAAGGGTTTTGTTCTCGGTGA	1
20	19	3	AAGAAGGGTTTTGTTCTCGGTGAA	1
21	20	3	AGAAGGGTTTTGTTCTCGGTGAAG	1
22	21	3	GAAGGGTTTTGTTCTCGGTGAAGA	1
23	22	3	AAGGGTTTTGTTCTCGGTGAAGAG	1
24	23	3	AGGGTTTTGTTCTCGGTGAAGAGC	1
25	24	3	GGGTTTTGTTCTCGGTGAAGAGCA	1
26	25	3	GGTTTTGTTCTCGGTGAAGAGCAC	1
27	26	3	GTTTTGTTCTCGGTGAAGAGCACT	1
28	27	3	TTTTGTTCTCGGTGAAGAGCACTA	1
29	28	3	TTTGTTCTCGGTGAAGAGCACTAG	1
30	29	3	TTGTTCTCGGTGAAGAGCACTAGC	1
31	30	3	TGTTCTCGGTGAAGAGCACTAGCT	1
32	31	3	GTTCTCGGTGAAGAGCACTAGCTC	1
33	32	3	TTCTCGGTGAAGAGCACTAGCTCT	1
34	33	3	TCTCGGTGAAGAGCACTAGCTCTC	1
35	34	3	CTCGGTGAAGAGCACTAGCTCTCC	1
36	35	3	TCGGTGAAGAGCACTAGCTCTCCA	1
37	36	3	CGGTGAAGAGCACTAGCTCTCCAG	1
38	37	3	GGTGAAGAGCACTAGCTCTCCAGT	1
39	38	3	GTGAAGAGCACTAGCTCTCCAGTT	1
40	39	3	TGAAGAGCACTAGCTCTCCAGTTT	1
41	40	3	GAAGAGCACTAGCTCTCCAGTTTA	1
42	41	3	AAGAGCACTAGCTCTCCAGTTTAC	1
43	42	3	AGAGCACTAGCTCTCCAGTTTACT	1
44	43	3	GAGCACTAGCTCTCCAGTTTACTA	1
45	44	3	AGCACTAGCTCTCCAGTTTACTAA	1
46	45	2	GCACTAGCTCTCCAGTTTACTAAG	1
47	46	2	CACTAGCTCTCCAGTTTACTAAGC	1
48	47	2	ACTAGCTCTCCAGTTTACTAAGCG	1
49	48	2	CTAGCTCTCCAGTTTACTAAGCGA	1
50	49	2	TAGCTCTCCAGTTTACTAAGCGAA	1
51	50	1	AGCTCTCCAGTTTACTAAGCGAAT	1
52	51	2	GCTCTCCAGTTTACTAAGCGAATA	1
53	52	2	CTCTCCAGTTTACTAAGCGAATAA	1
54	53	2	TCTCCAGTTTACTAAGCGAATAAA	1
55	54	2	CTCCAGTTTACTAAGCGAATAAAC	1
56	55	1	TCCAGTTTACTAAGCGAATAAACG	1
57	56	1	CCAGTTTACTAAGCGAATAAACGG	1
58	57	1	CAGTTTACTAAGCGAATAAACGGG	1
59	58	1	AGTTTACTAAGCGAATAAACGGGT	1
60	59	1	GTTTACTAAGCGAATAAACGGGTA	1
61	60	1	TTTACTAAGCGAATAAACGGGTAC	1
62	61	1	TTACTAAGCGAATAAACGGGTACA	1
63	62	1	TACTAAGCGAATAAACGGGTACAC	1
64	63	1	ACTAAGCGAATAAACGGGTACACT	1
65	64	1	CTAAGCGAATAAACGGGTACACTT	1
66	65	1	TAAGCGAATAAACGGGTACACTTT	1
67	66	1	AAGCGAATAAACGGGTACACTTTC	1
68	67	1	AGCGAATAAACGGGTACACTTTCG	1
69	68	1	GCGAATAAACGGGTACACTTTCGT	1
70	69	1	CGAATAAACGGGTACACTTTCGTT	1
71	70	1	GAATAAACGGGTACACTTTCGTTG	1
72	71	1	AATAAACGGGTACACTTTCGTTGA	1
73	72	1	ATAAACGGGTACACTTTCGTTGAA	1
74	73	1	TAAACGGGTACACTTTCGTTGAAA	1
75	74	1	AAACGGGTACACTTTCGTTGAAAT	1
76	75	1	AACGGGTACACTTTCGTTGAAATC	1
77	76	1	ACGGGTACACTTTCGTTGAAATCG	1
78	77	1	CGGGTACACTTTCGTTGAAATCGC	1
79	78	1	GGGTACACTTTCGTTGAAATCGCT	1
80	79	1	GGTACACTTTCGTTGAAATCGCTT	1
81	80	1	GTACACTTTCGTTGAAATCGCTTC	1
82	81	1	TACACTTTCGTTGAAATCGCTTCT	1
83	82	1	ACACTTTCGTTGAAATCGCTTCTT	1
84	83	1	CACTTTCGTTGAAATCGCTTCTTG	1
85	84	1	ACTTTCGTTGAAATCGCTTCTTGT	1
86	85	1	CTTTCGTTGAAATCGCTTCTTGTC	1
87	86	1	TTTCGTTGAAATCGCTTCTTGTCA	1
88	87	1	TTCGTTGAAATCGCTTCTTGTCAT	1
89	88	1	TCGTTGAAATCGCTTCTTGTCATT	1
90	89	1	CGTTGAAATCGCTTCTTGTCATTG	1
91	90	1	GTTGAAATCGCTTCTTGTCATTGA	1
92	91	1	TTGAAATCGCTTCTTGTCATTGAT	1
93	92	1	TGAAATCGCTTCTTGTCATTGATG	1
94	93	1	GAAATCGCTTCTTGTCATTGATGT	1
95	94	1	AAATCGCTTCTTGTCATTGATGTT	1
96	-1	0	CCTCCCTCAAGGTTGAAAGAAGTG	1
97	96	1	CTCCCTCAAGGTTGAAAGAAGTGA	1
98	97	1	TCCCTCAAGGTTGAAAGAAGTGAT	1
99	98	1	CCCTCAAGGTTGAAAGAAGTGATG	1
100	99	1	CCTCAAGGTTGAAAGAAGTGATGT	1
101	100	1	CTCAAGGTTGAAAGAAGTGATGTT	1
102	101	1	TCAAGGTTGAAAGAAGTGATGTTG	1
103	102	1	CAAGGTTGAAAGAAGTGATGTTGC	1
104	103	1	AAGGTTGAAAGAAGTGATGTTGCT	1
105	104	1	AGGTTGAAAGAAGTGATGTTGCTT	1
106	105	1	GGTTGAAAGAAGTGATGTTGCTTT	1
107	106	1	GTTGAAAGAAGTGATGTTGCTTTC	1
108	107	3	TTGAAAGAAGTGATGTTGCTTTCT	1
109	108	3	TGAAAGAAGTGATGTTGCTTTCTG	1
110	109	3	GAAAGAAGTGATGTTGCTTTCTGA	1
111	110	3	AAAGAAGTGATGTTGCTTTCTGAA	1
112	111	3	AAGAAGTGATGTTGCTTTCTGAAA	1
113	112	3	AGAAGTGATGTTGCTTTCTGAAAC	1
114	113	3	GAAGTGATGTTGCTTTCTGAAACG	1
115	114	3	AAGTGATGTTGCTTTCTGAAACGC	1
116	115	3	AGTGATGTTGCTTTCTGAAACGCA	1
117	116	3	GTGATGTTGCTTTCTGAAACGCAT	1
118	117	3	TGATGTTGCTTTCTGAAACGCATT	1
119	118	3	GATGTTGCTTTCTGAAACGCATTT	1
120	119	3	ATGTTGCTTTCTGAAACGCATTTC	1
121	120	3	TGTTGCTTTCTGAAACGCATTTCA	1
122	121	3	GTTGCTTTCTGAAACGCATTTCAT	1
123	122	3	TTGCTTTCTGAAACGCATTTCATT	1
124	123	3	TGCTTTCTGAAACGCATTTCATTA	1
125	124	3	GCTTTCTGAAACGCATTTCATTAA	1
126	125	3	CTTTCTGAAACGCATTTCATTAAT	1
127	126	3	TTTCTGAAACGCATTTCATTAATT	1
128	127	3	TTCTGAAACGCATTTCATTAATTT	1
129	128	3	TCTGAAACGCATTTCATTAATTTC	1
130	129	3	CTGAAACGCATTTCATTAATTTCC	1
131	130	3	TGAAACGCATTTCATTAATTTCCC	1
132	131	3	GAAACGCATTTCATTAATTTCCCT	1
133	132	3	AAACGCATTTCATTAATTTCCCTT	1
134	133	3	AACGCATTTCATTAATTTCCCTTT	1
135	134	3	ACGCATTTCATTAATTTCCCTTTT	1
136	135	3	CGCATTTCATTAATTTCCCTTTTC	1
137	136	3	GCATTTCATTAATTTCCCTTTTCT	1
138	137	3	CATTTCATTAATTTCCCTTTTCTT	1
139	138	4	ATTTCATTAATTTCCCTTTTCTTA	1
140	139	4	TTTCATTAATTTCCCTTTTCTTAG	1
141	140	3	TTCATTAATTTCCCTTTTCTTAGT	1
142	141	3	TCATTAATTTCCCTTTTCTTAGTT	1
143	142	3	CATTAATTTCCCTTTTCTTAGTTT	1
144	143	3	ATTAATTTCCCTTTTCTTAGTTTT	1
145	144	3	TTAATTTCCCTTTTCTTAGTTTTC	1
146	145	3	TAATTTCCCTTTTCTTAGTTTTCT	1
147	146	3	AATTTCCCTTTTCTTAGTTTTCTA	1
148	147	3	ATTTCCCTTTTCTTAGTTTTCTAA	1
149	148	3	TTTCCCTTTTCTTAGTTTTCTAAT	1
150	149	3	TTCCCTTTTCTTAGTTTTCTAATC	1
151	150	3	TCCCTTTTCTTAGTTTTCTAATCC	1
152	151	1	CCCTTTTCTTAGTTTTCTAATCCT	1
153	152	1	CCTTTTCTTAGTTTTCTAATCCTT	1
154	153	1	CTTTTCTTAGTTTTCTAATCCTTA	1
155	154	1	TTTTCTTAGTTTTCTAATCCTTAT	1
156	155	1	TTTCTTAGTTTTCTAATCCTTATT	1
157	156	1	TTCTTAGTTTTCTAATCCTTATTT	1
158	157	1	TCTTAGTTTTCTAATCCTTATTTT	1
159	158	1	CTTAGTTTTCTAATCCTTATTTTT	1
160	159	1	TTAGTTTTCTAATCCTTATTTTTT	1
161	160	1	TAGTTTTCTAATCCTTATTTTTTT	1
162	161	1	AGTTTTCTAATCCTTATTTTTTTT	1
163	162	1	GTTTTCTAATCCTTATTTTTTTTT	1
164	163	1	TTTTCTAATCCTTATTTTTTTTTG	1
165	164	2	TTTCTAATCCTTATTTTTTTTTGA	1
166	165	3	TTCTAATCCTTATTTTTTTTTGAT	1
167	166	2	TCTAATCCTTATTTTTTTTTGATC	1
168	167	2	CTAATCCTTATTTTTTTTTGATCT	1
169	168	2	TAATCCTTATTTTTTTTTGATCTA	1
170	169	3	AATCCTTATTTTTTTTTGATCTAT	1
171	170	3	ATCCTTATTTTTTTTTGATCTATA	1
172	171	3	TCCTTATTTTTTTTTGATCTATAT	1
173	172	3	CCTTATTTTTTTTTGATCTATATT	1
174	173	3	CTTATTTTTTTTTGATCTATATTC	1
175	174	3	TTATTTTTTTTTGATCTATATTCG	1
176	175	3	TATTTTTTTTTGATCTATATTCGG	1
177	176	3	ATTTTTTTTTGATCTATATTCGGT	1
178	177	3	TTTTTTTTTGATCTATATTCGGTT	1
179	178	3	TTTTTTTTGATCTATATTCGGTTT	1
180	179	3	TTTTTTTGATCTATATTCGGTTTG	1
181	180	3	TTTTTTGATCTATATTCGGTTTGT	1
182	181	3	TTTTTGATCTATATTCGGTTTGTT	1
183	182	3	TTTTGATCTATATTCGGTTTGTTT	1
184	183	3	TTTGATCTATATTCGGTTTGTTTA	1
185	184	3	TTGATCTATATTCGGTTTGTTTAC	1
186	185	3	TGATCTATATTCGGTTTGTTTACA	1
187	186	3	GATCTATATTCGGTTTGTTTACAT	1
188	187	3	ATCTATATTCGGTTTGTTTACATG	1
189	188	3	TCTATATTCGGTTTGTTTACATGC	1
190	189	3	CTATATTCGGTTTGTTTACATGCT	1
191	190	4	TATATTCGGTTTGTTTACATGCTC	1
192	191	4	ATATTCGGTTTGTTTACATGCTCT	1
193	192	4	TATTCGGTTTGTTTACATGCTCTG	1
194	193	4	ATTCGGTTTGTTTACATGCTCTGT	1
195	194	4	TTCGGTTTGTTTACATGCTCTGTC	1
196	195	4	TCGGTTTGTTTACATGCTCTGTCC	1
197	196	4	CGGTTTGTTTACATGCTCTGTCCG	1
198	197	4	GGTTTGTTTACATGCTCTGTCCGA	1
199	198	4	GTTTGTTTACATGCTCTGTCCGAC	1
200	199	4	TTTGTTTACATGCTCTGTCCGACT	1
201	200	4	TTGTTTACATGCTCTGTCCGACTC	1
202	201	4	TGTTTACATGCTCTGTCCGACTCA	1
203	202	4	GTTTACATGCTCTGTCCGACTCAT	1
204	203	4	TTTACATGCTCTGTCCGACTCATG	1
205	204	4	TTACATGCTCTGTCCGACTCATGG	1
206	205	4	TACATGCTCTGTCCGACTCATGGT	1
207	206	4	ACATGCTCTGTCCGACTCATGGTC	1
208	207	4	CATGCTCTGTCCGACTCATGGTCC	1
209	208	3	ATGCTCTGTCCGACTCATGGTCCC	1
210	209	2	TGCTCTGTCCGACTCATGGTCCCA	1
211	210	2	GCTCTGTCCGACTCATGGTCCCAC	1
212	211	2	CTCTGTCCGACTCATGGTCCCACT	1
213	212	2	TCTGTCCGACTCATGGTCCCACTA	1
214	213	1	CTGTCCGACTCATGGTCCCACTAC	1
215	214	1	TGTCCGACTCATGGTCCCACTACA	1
216	215	1	GTCCGACTCATGGTCCCACTACAT	1
217	216	1	TCCGACTCATGGTCCCACTACATG	1
218	217	1	CCGACTCATGGTCCCACTACATGG	1
219	218	1	CGACTCATGGTCCCACTACATGGA	1
220	219	1	GACTCATGGTCCCACTACATGGAA	1
221	220	2	ACTCATGGTCCCACTACATGGAAT	1
222	221	2	CTCATGGTCCCACTACATGGAATC	1
223	222	2	TCATGGTCCCACTACATGGAATCC	1
224	223	2	CATGGTCCCACTACATGGAATCCT	1
225	224	2	ATGGTCCCACTACATGGAATCCTC	1
226	225	2	TGGTCCCACTACATGGAATCCTCA	1
227	226	2	GGTCCCACTACATGGAATCCTCAT	1
228	227	2	GTCCCACTACATGGAATCCTCATT	1
229	228	2	TCCCACTACATGGAATCCTCATTC	1
230	229	2	CCCACTACATGGAATCCTCATTCT	1
231	230	2	CCACTACATGGAATCCTCATTCTT	1
232	231	2	CACTACATGGAATCCTCATTCTTG	1
233	232	2	ACTACATGGAATCCTCATTCTTGC	1
234	233	2	CTACATGGAATCCTCATTCTTGCA	1
235	234	1	TACATGGAATCCTCATTCTTGCAC	1
236	235	1	ACATGGAATCCTCATTCTTGCACA	1
237	236	1	CATGGAATCCTCATTCTTGCACAG	1
238	237	1	ATGGAATCCTCATTCTTGCACAGT	1
239	238	1	TGGAATCCTCATTCTTGCACAGTC	1
240	239	1	GGAATCCTCATTCTTGCACAGTCG	1
241	240	1	GAATCCTCATTCTTGCACAGTCGT	1
242	241	1	AATCCTCATTCTTGCACAGTCGTA	1
243	242	1	ATCCTCATTCTTGCACAGTCGTAG	1
244	243	1	TCCTCATTCTTGCACAGTCGTAGA	1
245	244	1	CCTCATTCTTGCACAGTCGTAGAA	1
246	245	1	CTCATTCTTGCACAGTCGTAGAAA	1
247	246	1	TCATTCTTGCACAGTCGTAGAAAA	1
248	247	1	CATTCTTGCACAGTCGTAGAAAAG	1
249	248	1	ATTCTTGCACAGTCGTAGAAAAGT	1
250	249	2	TTCTTGCACAGTCGTAGAAAAGTG	1
251	250	2	TCTTGCACAGTCGTAGAAAAGTGC	1
252	251	2	CTTGCACAGTCGTAGAAAAGTGCA	1
253	252	2	TTGCACAGTCGTAGAAAAGTGCAT	1
254	253	2	TGCACAGTCGTAGAAAAGTGCATT	1
255	254	2	GCACAGTCGTAGAAAAGTGCATTA	1
256	255	2	CACAGTCGTAGAAAAGTGCATTAC	1
257	256	2	ACAGTCGTAGAAAAGTGCATTACT	1
258	257	3	CAGTCGTAGAAAAGTGCATTACTA	1
259	258	3	AGTCGTAGAAAAGTGCATTACTAA	1
260	259	3	GTCGTAGAAAAGTGCATTACTAAT	1
261	260	3	TCGTAGAAAAGTGCATTACTAATC	1
262	261	3	CGTAGAAAAGTGCATTACTAATCT	1
263	262	3	GTAGAAAAGTGCATTACTAATCTA	1
264	263	3	TAGAAAAGTGCATTACTAATCTAC	1
265	264	2	AGAAAAGTGCATTACTAATCTACT	1
266	265	2	GAAAAGTGCATTACTAATCTACTT	1
267	266	2	AAAAGTGCATTACTAATCTACTTA	1
268	267	2	AAAGTGCATTACTAATCTACTTAT	1
269	268	3	AAGTGCATTACTAATCTACTTATA	1
270	269	3	AGTGCATTACTAATCTACTTATAA	1
271	270	3	GTGCATTACTAATCTACTTATAAC	1
272	271	3	TGCATTACTAATCTACTTATAACT	1
273	272	2	GCATTACTAATCTACTTATAACTA	1
274	273	2	CATTACTAATCTACTTATAACTAC	1
275	274	2	ATTACTAATCTACTTATAACTACT	1
276	275	2	TTACTAATCTACTTATAACTACTA	1
277	276	2	TACTAATCTACTTATAACTACTAT	1
278	277	2	ACTAATCTACTTATAACTACTATC	1
279	278	2	CTAATCTACTTATAACTACTATCC	1
280	279	2	TAATCTACTTATAACTACTATCCT	1
281	280	2	AATCTACTTATAACTACTATCCTT	1
282	281	3	ATCTACTTATAACTACTATCCTTC	1
283	282	3	TCTACTTATAACTACTATCCTTCT	1
284	283	3	CTACTTATAACTACTATCCTTCTC	1
285	284	3	TACTTATAACTACTATCCTTCTCT	1
286	285	3	ACTTATAACTACTATCCTTCTCTG	1
287	286	3	CTTATAACTACTATCCTTCTCTGT	1
288	287	3	TTATAACTACTATCCTTCTCTGTT	1
289	288	3	TATAACTACTATCCTTCTCTGTTT	1
290	289	3	ATAACTACTATCCTTCTCTGTTTT	1
291	290	3	TAACTACTATCCTTCTCTGTTTTT	1
292	291	3	AACTACTATCCTTCTCTGTTTTTT	1
293	292	3	ACTACTATCCTTCTCTGTTTTTTT	1
294	293	2	CTACTATCCTTCTCTGTTTTTTTA	1
295	294	2	TACTATCCTTCTCTGTTTTTTTAA	1
296	295	2	ACTATCCTTCTCTGTTTTTTTAAC	1
297	296	2	CTATCCTTCTCTGTTTTTTTAACG	1
298	297	3	TATCCTTCTCTGTTTTTTTAACGC	1
299	298	3	ATCCTTCTCTGTTTTTTTAACGCA	1
300	299	3	TCCTTCTCTGTTTTTTTAACGCAA	1
301	300	3	CCTTCTCTGTTTTTTTAACGCAAC	1
302	301	2	CTTCTCTGTTTTTTTAACGCAACT	1
303	302	2	TTCTCTGTTTTTTTAACGCAACTA	1
304	303	2	TCTCTGTTTTTTTAACGCAACTAC	1
305	304	2	CTCTGTTTTTTTAACGCAACTACA	1
306	305	2	TCTGTTTTTTTAACGCAACTACAT	1
307	306	2	CTGTTTTTTTAACGCAACTACATA	1
308	307	2	TGTTTTTTTAACGCAACTACATAC	1
309	308	2	GTTTTTTTAACGCAACTACATACT	1
310	309	2	TTTTTTTAACGCAACTACATACTG	1
311	310	2	TTTTTTAACGCAACTACATACTGG	1
312	311	2	TTTTTAACGCAACTACATACTGGA	1
313	312	1	TTTTAACGCAACTACATACTGGAA	1
314	313	1	TTTAACGCAACTACATACTGGAAA	1
315	314	1	TTAACGCAACTACATACTGGAAAT	1
316	315	1	TAACGCAACTACATACTGGAAATT	1
317	316	1	AACGCAACTACATACTGGAAATTG	1
318	317	1	ACGCAACTACATACTGGAAATTGT	1
319	318	1	CGCAACTACATACTGGAAATTGTT	1
320	319	1	GCAACTACATACTGGAAATTGTTT	1
321	320	1	CAACTACATACTGGAAATTGTTTT	1
322	321	1	AACTACATACTGGAAATTGTTTTT	1
323	322	1	ACTACATACTGGAAATTGTTTTTT	1
324	323	1	CTACATACTGGAAATTGTTTTTTG	1
325	324	1	TACATACTGGAAATTGTTTTTTGG	1
